<?xml version="1.0" encoding="UTF-8"?>
<testsuite xmlns:xsi="http://www.w3.org/2001/XMLSchema-instance" xsi:noNamespaceSchemaLocation="https://maven.apache.org/surefire/maven-surefire-plugin/xsd/surefire-test-report-3.0.xsd" version="3.0" name="com.cardatechnologies.utils.validators.abaroutevalidator.Test_AbaRouteValidator_03" time="58.158" tests="2497" errors="0" skipped="0" failures="0">
  <properties>
    <property name="sun.desktop" value="windows"/>
    <property name="awt.toolkit" value="sun.awt.windows.WToolkit"/>
    <property name="file.encoding.pkg" value="sun.io"/>
    <property name="java.specification.version" value="1.8"/>
    <property name="sun.cpu.isalist" value="amd64"/>
    <property name="sun.jnu.encoding" value="Cp1252"/>
    <property name="java.class.path" value="D:\Projects\GitHub\aba.route.validator\target\clover\test-classes;D:\Projects\GitHub\aba.route.validator\target\clover\classes;C:\Users\Joker\.m2\repository\org\junit\jupiter\junit-jupiter\5.8.0-M1\junit-jupiter-5.8.0-M1.jar;C:\Users\Joker\.m2\repository\org\junit\jupiter\junit-jupiter-api\5.8.0-M1\junit-jupiter-api-5.8.0-M1.jar;C:\Users\Joker\.m2\repository\org\apiguardian\apiguardian-api\1.1.1\apiguardian-api-1.1.1.jar;C:\Users\Joker\.m2\repository\org\opentest4j\opentest4j\1.2.0\opentest4j-1.2.0.jar;C:\Users\Joker\.m2\repository\org\junit\platform\junit-platform-commons\1.8.0-M1\junit-platform-commons-1.8.0-M1.jar;C:\Users\Joker\.m2\repository\org\junit\jupiter\junit-jupiter-params\5.8.0-M1\junit-jupiter-params-5.8.0-M1.jar;C:\Users\Joker\.m2\repository\org\junit\jupiter\junit-jupiter-engine\5.8.0-M1\junit-jupiter-engine-5.8.0-M1.jar;C:\Users\Joker\.m2\repository\org\junit\platform\junit-platform-engine\1.8.0-M1\junit-platform-engine-1.8.0-M1.jar;C:\Users\Joker\.m2\repository\org\jetbrains\kotlin\kotlin-stdlib-jdk8\1.4.20\kotlin-stdlib-jdk8-1.4.20.jar;C:\Users\Joker\.m2\repository\org\jetbrains\kotlin\kotlin-stdlib\1.4.20\kotlin-stdlib-1.4.20.jar;C:\Users\Joker\.m2\repository\org\jetbrains\kotlin\kotlin-stdlib-common\1.4.20\kotlin-stdlib-common-1.4.20.jar;C:\Users\Joker\.m2\repository\org\jetbrains\annotations\13.0\annotations-13.0.jar;C:\Users\Joker\.m2\repository\org\jetbrains\kotlin\kotlin-stdlib-jdk7\1.4.20\kotlin-stdlib-jdk7-1.4.20.jar;C:\Users\Joker\.m2\repository\junit\junit\4.13.2\junit-4.13.2.jar;C:\Users\Joker\.m2\repository\org\hamcrest\hamcrest-core\1.3\hamcrest-core-1.3.jar;C:\Users\Joker\.m2\repository\org\openclover\clover\4.4.1\clover-4.4.1.jar;C:\Users\Joker\AppData\Local\Temp\grover5116450426425045962.jar;"/>
    <property name="java.vm.vendor" value="Oracle Corporation"/>
    <property name="sun.arch.data.model" value="64"/>
    <property name="user.variant" value=""/>
    <property name="java.vendor.url" value="http://java.oracle.com/"/>
    <property name="user.timezone" value="America/Denver"/>
    <property name="java.vm.specification.version" value="1.8"/>
    <property name="os.name" value="Windows 10"/>
    <property name="user.country" value="US"/>
    <property name="sun.java.launcher" value="SUN_STANDARD"/>
    <property name="sun.boot.library.path" value="D:\Tools\Java\JDK\jdk1.8.0_251\jre\bin"/>
    <property name="sun.java.command" value="C:\Users\Joker\AppData\Local\Temp\surefire4127105368357577786\surefirebooter6019478796366087764.jar C:\Users\Joker\AppData\Local\Temp\surefire4127105368357577786 2021-08-07T11-59-38_447-jvmRun1 surefire6394178742040323547tmp surefire_06966175462206543835tmp"/>
    <property name="surefire.test.class.path" value="D:\Projects\GitHub\aba.route.validator\target\clover\test-classes;D:\Projects\GitHub\aba.route.validator\target\clover\classes;C:\Users\Joker\.m2\repository\org\junit\jupiter\junit-jupiter\5.8.0-M1\junit-jupiter-5.8.0-M1.jar;C:\Users\Joker\.m2\repository\org\junit\jupiter\junit-jupiter-api\5.8.0-M1\junit-jupiter-api-5.8.0-M1.jar;C:\Users\Joker\.m2\repository\org\apiguardian\apiguardian-api\1.1.1\apiguardian-api-1.1.1.jar;C:\Users\Joker\.m2\repository\org\opentest4j\opentest4j\1.2.0\opentest4j-1.2.0.jar;C:\Users\Joker\.m2\repository\org\junit\platform\junit-platform-commons\1.8.0-M1\junit-platform-commons-1.8.0-M1.jar;C:\Users\Joker\.m2\repository\org\junit\jupiter\junit-jupiter-params\5.8.0-M1\junit-jupiter-params-5.8.0-M1.jar;C:\Users\Joker\.m2\repository\org\junit\jupiter\junit-jupiter-engine\5.8.0-M1\junit-jupiter-engine-5.8.0-M1.jar;C:\Users\Joker\.m2\repository\org\junit\platform\junit-platform-engine\1.8.0-M1\junit-platform-engine-1.8.0-M1.jar;C:\Users\Joker\.m2\repository\org\jetbrains\kotlin\kotlin-stdlib-jdk8\1.4.20\kotlin-stdlib-jdk8-1.4.20.jar;C:\Users\Joker\.m2\repository\org\jetbrains\kotlin\kotlin-stdlib\1.4.20\kotlin-stdlib-1.4.20.jar;C:\Users\Joker\.m2\repository\org\jetbrains\kotlin\kotlin-stdlib-common\1.4.20\kotlin-stdlib-common-1.4.20.jar;C:\Users\Joker\.m2\repository\org\jetbrains\annotations\13.0\annotations-13.0.jar;C:\Users\Joker\.m2\repository\org\jetbrains\kotlin\kotlin-stdlib-jdk7\1.4.20\kotlin-stdlib-jdk7-1.4.20.jar;C:\Users\Joker\.m2\repository\junit\junit\4.13.2\junit-4.13.2.jar;C:\Users\Joker\.m2\repository\org\hamcrest\hamcrest-core\1.3\hamcrest-core-1.3.jar;C:\Users\Joker\.m2\repository\org\openclover\clover\4.4.1\clover-4.4.1.jar;C:\Users\Joker\AppData\Local\Temp\grover5116450426425045962.jar;"/>
    <property name="sun.cpu.endian" value="little"/>
    <property name="user.home" value="C:\Users\Joker"/>
    <property name="user.language" value="en"/>
    <property name="java.specification.vendor" value="Oracle Corporation"/>
    <property name="java.home" value="D:\Tools\Java\JDK\jdk1.8.0_251\jre"/>
    <property name="basedir" value="D:\Projects\GitHub\aba.route.validator"/>
    <property name="file.separator" value="\"/>
    <property name="line.separator" value="&#10;"/>
    <property name="java.vm.specification.vendor" value="Oracle Corporation"/>
    <property name="java.specification.name" value="Java Platform API Specification"/>
    <property name="java.awt.graphicsenv" value="sun.awt.Win32GraphicsEnvironment"/>
    <property name="surefire.real.class.path" value="C:\Users\Joker\AppData\Local\Temp\surefire4127105368357577786\surefirebooter6019478796366087764.jar"/>
    <property name="sun.boot.class.path" value="D:\Tools\Java\JDK\jdk1.8.0_251\jre\lib\resources.jar;D:\Tools\Java\JDK\jdk1.8.0_251\jre\lib\rt.jar;D:\Tools\Java\JDK\jdk1.8.0_251\jre\lib\sunrsasign.jar;D:\Tools\Java\JDK\jdk1.8.0_251\jre\lib\jsse.jar;D:\Tools\Java\JDK\jdk1.8.0_251\jre\lib\jce.jar;D:\Tools\Java\JDK\jdk1.8.0_251\jre\lib\charsets.jar;D:\Tools\Java\JDK\jdk1.8.0_251\jre\lib\jfr.jar;D:\Tools\Java\JDK\jdk1.8.0_251\jre\classes"/>
    <property name="user.script" value=""/>
    <property name="sun.management.compiler" value="HotSpot 64-Bit Tiered Compilers"/>
    <property name="java.runtime.version" value="1.8.0_251-b08"/>
    <property name="user.name" value="Joker"/>
    <property name="path.separator" value=";"/>
    <property name="os.version" value="10.0"/>
    <property name="java.endorsed.dirs" value="D:\Tools\Java\JDK\jdk1.8.0_251\jre\lib\endorsed"/>
    <property name="java.runtime.name" value="Java(TM) SE Runtime Environment"/>
    <property name="file.encoding" value="Cp1252"/>
    <property name="java.vm.name" value="Java HotSpot(TM) 64-Bit Server VM"/>
    <property name="localRepository" value="C:\Users\Joker\.m2\repository"/>
    <property name="java.vendor.url.bug" value="http://bugreport.sun.com/bugreport/"/>
    <property name="java.io.tmpdir" value="C:\Users\Joker\AppData\Local\Temp\"/>
    <property name="java.version" value="1.8.0_251"/>
    <property name="user.dir" value="D:\Projects\GitHub\aba.route.validator"/>
    <property name="os.arch" value="amd64"/>
    <property name="java.vm.specification.name" value="Java Virtual Machine Specification"/>
    <property name="java.awt.printerjob" value="sun.awt.windows.WPrinterJob"/>
    <property name="sun.os.patch.level" value=""/>
    <property name="java.library.path" value="D:\Tools\Java\JDK\jdk1.8.0_251\jre\bin;C:\WINDOWS\Sun\Java\bin;C:\WINDOWS\system32;C:\WINDOWS;D:\Tools\Java\Apache\apache-maven-3.6.3\bin;D:\Tools\Java\JDK\jdk1.8.0_251\bin;C:\Users\Joker\bin;C:\Program Files\Git\mingw64\bin;C:\Program Files\Git\usr\local\bin;C:\Program Files\Git\usr\bin;C:\Program Files\Git\usr\bin;C:\Program Files\Git\mingw64\bin;C:\Program Files\Git\usr\bin;C:\Users\Joker\bin;C:\ProgramData\Oracle\Java\javapath;C:\Program Files (x86)\Common Files\Oracle\Java\javapath;C:\Program Files (x86)\Intel\iCLS Client;C:\Program Files\Intel\iCLS Client;C:\Windows\system32;C:\Windows;C:\Windows\System32\Wbem;C:\Windows\System32\WindowsPowerShell\v1.0;C:\Program Files (x86)\NVIDIA Corporation\PhysX\Common;D:\Applications\QuickTime\QTSystem;C:\Program Files (x86)\Common Files\Acronis\VirtualFile;C:\Program Files (x86)\Common Files\Acronis\VirtualFile64;C:\Program Files (x86)\Common Files\Acronis\SnapAPI;C:\WINDOWS\system32;C:\WINDOWS;C:\WINDOWS\System32\Wbem;C:\WINDOWS\System32\WindowsPowerShell\v1.0;C:\Program Files (x86)\Intel\Intel(R) Management Engine Components\DAL;C:\Program Files\Intel\Intel(R) Management Engine Components\DAL;C:\Program Files (x86)\Intel\Intel(R) Management Engine Components\IPT;C:\Program Files\Intel\Intel(R) Management Engine Components\IPT;C:\WINDOWS\System32\OpenSSH;C:\Program Files\NVIDIA Corporation\NVIDIA NvDLISR;C:\WINDOWS\system32;C:\WINDOWS;C:\WINDOWS\System32\Wbem;C:\WINDOWS\System32\WindowsPowerShell\v1.0;C:\WINDOWS\System32\OpenSSH;C:\Program Files (x86)\Common Files\Acronis\FileProtector;C:\Program Files (x86)\Common Files\Acronis\FileProtector64;C:\Program Files\PuTTY;C:\Program Files\Docker\Docker\resources\bin;C:\ProgramData\DockerDesktop\version-bin;C:\Program Files\Git\cmd;C:\Users\Joker\AppData\Local\Microsoft\WindowsApps;D:\Tools\Java\JDK\jdk1.8.0_251\bin;D:\Tools\Java\Apache\apache-maven-3.8.1\bin;D:\Tools\Java\Apache\apache-ant-1.10.1\bin;D:\Tools\Java\gradle-4.2\bin;C:\Program Files\JetBrains\IntelliJ IDEA 2019.3\bin;C:\Program Files (x86)\DTN\IQFeed;C:\Users\Joker\AppData\Local\GitHubDesktop\bin;D:\Tools\Java\JetBrains\IntelliJ_2020_1.3\bin;C:\Users\Joker\AppData\Local\Microsoft\WindowsApps;C:\Program Files\Git\usr\bin\vendor_perl;C:\Program Files\Git\usr\bin\core_perl;."/>
    <property name="java.vm.info" value="mixed mode"/>
    <property name="java.vendor" value="Oracle Corporation"/>
    <property name="java.vm.version" value="25.251-b08"/>
    <property name="java.ext.dirs" value="D:\Tools\Java\JDK\jdk1.8.0_251\jre\lib\ext;C:\WINDOWS\Sun\Java\lib\ext"/>
    <property name="sun.io.unicode.encoding" value="UnicodeLittle"/>
    <property name="java.class.version" value="52.0"/>
  </properties>
  <testcase name="testAbaNumberCheck_4910_bad" classname="com.cardatechnologies.utils.validators.abaroutevalidator.Test_AbaRouteValidator_03" time="0.001"/>
  <testcase name="testAbaNumberCheck_4460_bad" classname="com.cardatechnologies.utils.validators.abaroutevalidator.Test_AbaRouteValidator_03" time="0.015"/>
  <testcase name="testAbaNumberCheck_4912_bad" classname="com.cardatechnologies.utils.validators.abaroutevalidator.Test_AbaRouteValidator_03" time="0.021"/>
  <testcase name="testAbaNumberCheck_4462_bad" classname="com.cardatechnologies.utils.validators.abaroutevalidator.Test_AbaRouteValidator_03" time="0.02"/>
  <testcase name="testAbaNumberCheck_4914_bad" classname="com.cardatechnologies.utils.validators.abaroutevalidator.Test_AbaRouteValidator_03" time="0.021"/>
  <testcase name="testAbaNumberCheck_3650_bad" classname="com.cardatechnologies.utils.validators.abaroutevalidator.Test_AbaRouteValidator_03" time="0.021"/>
  <testcase name="testAbaNumberCheck_4464_bad" classname="com.cardatechnologies.utils.validators.abaroutevalidator.Test_AbaRouteValidator_03" time="0.021"/>
  <testcase name="testAbaNumberCheck_4916_bad" classname="com.cardatechnologies.utils.validators.abaroutevalidator.Test_AbaRouteValidator_03" time="0.02"/>
  <testcase name="testAbaNumberCheck_3652_bad" classname="com.cardatechnologies.utils.validators.abaroutevalidator.Test_AbaRouteValidator_03" time="0.021"/>
  <testcase name="testAbaNumberCheck_4466_bad" classname="com.cardatechnologies.utils.validators.abaroutevalidator.Test_AbaRouteValidator_03" time="0.02"/>
  <testcase name="testAbaNumberCheck_4918_bad" classname="com.cardatechnologies.utils.validators.abaroutevalidator.Test_AbaRouteValidator_03" time="0.022"/>
  <testcase name="testAbaNumberCheck_2840_bad" classname="com.cardatechnologies.utils.validators.abaroutevalidator.Test_AbaRouteValidator_03" time="0.021"/>
  <testcase name="testAbaNumberCheck_3654_bad" classname="com.cardatechnologies.utils.validators.abaroutevalidator.Test_AbaRouteValidator_03" time="0.02"/>
  <testcase name="testAbaNumberCheck_4468_bad" classname="com.cardatechnologies.utils.validators.abaroutevalidator.Test_AbaRouteValidator_03" time="0.021"/>
  <testcase name="testAbaNumberCheck_2842_bad" classname="com.cardatechnologies.utils.validators.abaroutevalidator.Test_AbaRouteValidator_03" time="0.022"/>
  <testcase name="testAbaNumberCheck_3656_bad" classname="com.cardatechnologies.utils.validators.abaroutevalidator.Test_AbaRouteValidator_03" time="0.021"/>
  <testcase name="testAbaNumberCheck_2844_bad" classname="com.cardatechnologies.utils.validators.abaroutevalidator.Test_AbaRouteValidator_03" time="0.023"/>
  <testcase name="testAbaNumberCheck_3658_bad" classname="com.cardatechnologies.utils.validators.abaroutevalidator.Test_AbaRouteValidator_03" time="0.025"/>
  <testcase name="testAbaNumberCheck_2846_bad" classname="com.cardatechnologies.utils.validators.abaroutevalidator.Test_AbaRouteValidator_03" time="0.032"/>
  <testcase name="testAbaNumberCheck_2848_bad" classname="com.cardatechnologies.utils.validators.abaroutevalidator.Test_AbaRouteValidator_03" time="0.028"/>
  <testcase name="testAbaNumberCheck_2889_good" classname="com.cardatechnologies.utils.validators.abaroutevalidator.Test_AbaRouteValidator_03" time="0.025"/>
  <testcase name="testAbaNumberCheck_4920_bad" classname="com.cardatechnologies.utils.validators.abaroutevalidator.Test_AbaRouteValidator_03" time="0.028"/>
  <testcase name="testAbaNumberCheck_4470_bad" classname="com.cardatechnologies.utils.validators.abaroutevalidator.Test_AbaRouteValidator_03" time="0.031"/>
  <testcase name="testAbaNumberCheck_4922_bad" classname="com.cardatechnologies.utils.validators.abaroutevalidator.Test_AbaRouteValidator_03" time="0.028"/>
  <testcase name="testAbaNumberCheck_4472_bad" classname="com.cardatechnologies.utils.validators.abaroutevalidator.Test_AbaRouteValidator_03" time="0.031"/>
  <testcase name="testAbaNumberCheck_4924_bad" classname="com.cardatechnologies.utils.validators.abaroutevalidator.Test_AbaRouteValidator_03" time="0.029"/>
  <testcase name="testAbaNumberCheck_3660_bad" classname="com.cardatechnologies.utils.validators.abaroutevalidator.Test_AbaRouteValidator_03" time="0.022"/>
  <testcase name="testAbaNumberCheck_4474_bad" classname="com.cardatechnologies.utils.validators.abaroutevalidator.Test_AbaRouteValidator_03" time="0.022"/>
  <testcase name="testAbaNumberCheck_4926_bad" classname="com.cardatechnologies.utils.validators.abaroutevalidator.Test_AbaRouteValidator_03" time="0.021"/>
  <testcase name="testAbaNumberCheck_3662_bad" classname="com.cardatechnologies.utils.validators.abaroutevalidator.Test_AbaRouteValidator_03" time="0.023"/>
  <testcase name="testAbaNumberCheck_4476_bad" classname="com.cardatechnologies.utils.validators.abaroutevalidator.Test_AbaRouteValidator_03" time="0.021"/>
  <testcase name="testAbaNumberCheck_4928_bad" classname="com.cardatechnologies.utils.validators.abaroutevalidator.Test_AbaRouteValidator_03" time="0.022"/>
  <testcase name="testAbaNumberCheck_2850_bad" classname="com.cardatechnologies.utils.validators.abaroutevalidator.Test_AbaRouteValidator_03" time="0.022"/>
  <testcase name="testAbaNumberCheck_3664_bad" classname="com.cardatechnologies.utils.validators.abaroutevalidator.Test_AbaRouteValidator_03" time="0.028"/>
  <testcase name="testAbaNumberCheck_4478_bad" classname="com.cardatechnologies.utils.validators.abaroutevalidator.Test_AbaRouteValidator_03" time="0.028"/>
  <testcase name="testAbaNumberCheck_2852_bad" classname="com.cardatechnologies.utils.validators.abaroutevalidator.Test_AbaRouteValidator_03" time="0.029"/>
  <testcase name="testAbaNumberCheck_3666_bad" classname="com.cardatechnologies.utils.validators.abaroutevalidator.Test_AbaRouteValidator_03" time="0.035"/>
  <testcase name="testAbaNumberCheck_2854_bad" classname="com.cardatechnologies.utils.validators.abaroutevalidator.Test_AbaRouteValidator_03" time="0.026"/>
  <testcase name="testAbaNumberCheck_3668_bad" classname="com.cardatechnologies.utils.validators.abaroutevalidator.Test_AbaRouteValidator_03" time="0.027"/>
  <testcase name="testAbaNumberCheck_2856_bad" classname="com.cardatechnologies.utils.validators.abaroutevalidator.Test_AbaRouteValidator_03" time="0.025"/>
  <testcase name="testAbaNumberCheck_2858_bad" classname="com.cardatechnologies.utils.validators.abaroutevalidator.Test_AbaRouteValidator_03" time="0.021"/>
  <testcase name="testAbaNumberCheck_4930_bad" classname="com.cardatechnologies.utils.validators.abaroutevalidator.Test_AbaRouteValidator_03" time="0.021"/>
  <testcase name="testAbaNumberCheck_4480_bad" classname="com.cardatechnologies.utils.validators.abaroutevalidator.Test_AbaRouteValidator_03" time="0.021"/>
  <testcase name="testAbaNumberCheck_4932_bad" classname="com.cardatechnologies.utils.validators.abaroutevalidator.Test_AbaRouteValidator_03" time="0.021"/>
  <testcase name="testAbaNumberCheck_4482_bad" classname="com.cardatechnologies.utils.validators.abaroutevalidator.Test_AbaRouteValidator_03" time="0.021"/>
  <testcase name="testAbaNumberCheck_4934_bad" classname="com.cardatechnologies.utils.validators.abaroutevalidator.Test_AbaRouteValidator_03" time="0.021"/>
  <testcase name="testAbaNumberCheck_3670_bad" classname="com.cardatechnologies.utils.validators.abaroutevalidator.Test_AbaRouteValidator_03" time="0.02"/>
  <testcase name="testAbaNumberCheck_4484_bad" classname="com.cardatechnologies.utils.validators.abaroutevalidator.Test_AbaRouteValidator_03" time="0.021"/>
  <testcase name="testAbaNumberCheck_4936_bad" classname="com.cardatechnologies.utils.validators.abaroutevalidator.Test_AbaRouteValidator_03" time="0.021"/>
  <testcase name="testAbaNumberCheck_3672_bad" classname="com.cardatechnologies.utils.validators.abaroutevalidator.Test_AbaRouteValidator_03" time="0.021"/>
  <testcase name="testAbaNumberCheck_4486_bad" classname="com.cardatechnologies.utils.validators.abaroutevalidator.Test_AbaRouteValidator_03" time="0.02"/>
  <testcase name="testAbaNumberCheck_4938_bad" classname="com.cardatechnologies.utils.validators.abaroutevalidator.Test_AbaRouteValidator_03" time="0.021"/>
  <testcase name="testAbaNumberCheck_2860_bad" classname="com.cardatechnologies.utils.validators.abaroutevalidator.Test_AbaRouteValidator_03" time="0.02"/>
  <testcase name="testAbaNumberCheck_3674_bad" classname="com.cardatechnologies.utils.validators.abaroutevalidator.Test_AbaRouteValidator_03" time="0.021"/>
  <testcase name="testAbaNumberCheck_4488_bad" classname="com.cardatechnologies.utils.validators.abaroutevalidator.Test_AbaRouteValidator_03" time="0.021"/>
  <testcase name="testAbaNumberCheck_2862_bad" classname="com.cardatechnologies.utils.validators.abaroutevalidator.Test_AbaRouteValidator_03" time="0.021"/>
  <testcase name="testAbaNumberCheck_3676_bad" classname="com.cardatechnologies.utils.validators.abaroutevalidator.Test_AbaRouteValidator_03" time="0.021"/>
  <testcase name="testAbaNumberCheck_2864_bad" classname="com.cardatechnologies.utils.validators.abaroutevalidator.Test_AbaRouteValidator_03" time="0.02"/>
  <testcase name="testAbaNumberCheck_3678_bad" classname="com.cardatechnologies.utils.validators.abaroutevalidator.Test_AbaRouteValidator_03" time="0.021"/>
  <testcase name="testAbaNumberCheck_2866_bad" classname="com.cardatechnologies.utils.validators.abaroutevalidator.Test_AbaRouteValidator_03" time="0.021"/>
  <testcase name="testAbaNumberCheck_2868_bad" classname="com.cardatechnologies.utils.validators.abaroutevalidator.Test_AbaRouteValidator_03" time="0.02"/>
  <testcase name="testAbaNumberCheck_4940_bad" classname="com.cardatechnologies.utils.validators.abaroutevalidator.Test_AbaRouteValidator_03" time="0.029"/>
  <testcase name="testAbaNumberCheck_4490_bad" classname="com.cardatechnologies.utils.validators.abaroutevalidator.Test_AbaRouteValidator_03" time="0.021"/>
  <testcase name="testAbaNumberCheck_4942_bad" classname="com.cardatechnologies.utils.validators.abaroutevalidator.Test_AbaRouteValidator_03" time="0.032"/>
  <testcase name="testAbaNumberCheck_4492_bad" classname="com.cardatechnologies.utils.validators.abaroutevalidator.Test_AbaRouteValidator_03" time="0.022"/>
  <testcase name="testAbaNumberCheck_4944_bad" classname="com.cardatechnologies.utils.validators.abaroutevalidator.Test_AbaRouteValidator_03" time="0.02"/>
  <testcase name="testAbaNumberCheck_3680_bad" classname="com.cardatechnologies.utils.validators.abaroutevalidator.Test_AbaRouteValidator_03" time="0.021"/>
  <testcase name="testAbaNumberCheck_4494_bad" classname="com.cardatechnologies.utils.validators.abaroutevalidator.Test_AbaRouteValidator_03" time="0.021"/>
  <testcase name="testAbaNumberCheck_4946_bad" classname="com.cardatechnologies.utils.validators.abaroutevalidator.Test_AbaRouteValidator_03" time="0.02"/>
  <testcase name="testAbaNumberCheck_3682_bad" classname="com.cardatechnologies.utils.validators.abaroutevalidator.Test_AbaRouteValidator_03" time="0.021"/>
  <testcase name="testAbaNumberCheck_4496_bad" classname="com.cardatechnologies.utils.validators.abaroutevalidator.Test_AbaRouteValidator_03" time="0.02"/>
  <testcase name="testAbaNumberCheck_4201_good" classname="com.cardatechnologies.utils.validators.abaroutevalidator.Test_AbaRouteValidator_03" time="0.022"/>
  <testcase name="testAbaNumberCheck_4948_bad" classname="com.cardatechnologies.utils.validators.abaroutevalidator.Test_AbaRouteValidator_03" time="0.02"/>
  <testcase name="testAbaNumberCheck_2870_bad" classname="com.cardatechnologies.utils.validators.abaroutevalidator.Test_AbaRouteValidator_03" time="0.021"/>
  <testcase name="testAbaNumberCheck_3684_bad" classname="com.cardatechnologies.utils.validators.abaroutevalidator.Test_AbaRouteValidator_03" time="0.023"/>
  <testcase name="testAbaNumberCheck_4498_bad" classname="com.cardatechnologies.utils.validators.abaroutevalidator.Test_AbaRouteValidator_03" time="0.023"/>
  <testcase name="testAbaNumberCheck_2872_bad" classname="com.cardatechnologies.utils.validators.abaroutevalidator.Test_AbaRouteValidator_03" time="0.024"/>
  <testcase name="testAbaNumberCheck_3686_bad" classname="com.cardatechnologies.utils.validators.abaroutevalidator.Test_AbaRouteValidator_03" time="0.023"/>
  <testcase name="testAbaNumberCheck_2874_bad" classname="com.cardatechnologies.utils.validators.abaroutevalidator.Test_AbaRouteValidator_03" time="0.022"/>
  <testcase name="testAbaNumberCheck_3688_bad" classname="com.cardatechnologies.utils.validators.abaroutevalidator.Test_AbaRouteValidator_03" time="0.024"/>
  <testcase name="testAbaNumberCheck_2876_bad" classname="com.cardatechnologies.utils.validators.abaroutevalidator.Test_AbaRouteValidator_03" time="0.023"/>
  <testcase name="testAbaNumberCheck_2878_bad" classname="com.cardatechnologies.utils.validators.abaroutevalidator.Test_AbaRouteValidator_03" time="0.024"/>
  <testcase name="testAbaNumberCheck_4950_bad" classname="com.cardatechnologies.utils.validators.abaroutevalidator.Test_AbaRouteValidator_03" time="0.023"/>
  <testcase name="testAbaNumberCheck_4952_bad" classname="com.cardatechnologies.utils.validators.abaroutevalidator.Test_AbaRouteValidator_03" time="0.03"/>
  <testcase name="testAbaNumberCheck_4954_bad" classname="com.cardatechnologies.utils.validators.abaroutevalidator.Test_AbaRouteValidator_03" time="0.027"/>
  <testcase name="testAbaNumberCheck_3690_bad" classname="com.cardatechnologies.utils.validators.abaroutevalidator.Test_AbaRouteValidator_03" time="0.035"/>
  <testcase name="testAbaNumberCheck_4956_bad" classname="com.cardatechnologies.utils.validators.abaroutevalidator.Test_AbaRouteValidator_03" time="0.028"/>
  <testcase name="testAbaNumberCheck_3692_bad" classname="com.cardatechnologies.utils.validators.abaroutevalidator.Test_AbaRouteValidator_03" time="0.023"/>
  <testcase name="testAbaNumberCheck_4958_bad" classname="com.cardatechnologies.utils.validators.abaroutevalidator.Test_AbaRouteValidator_03" time="0.027"/>
  <testcase name="testAbaNumberCheck_2880_bad" classname="com.cardatechnologies.utils.validators.abaroutevalidator.Test_AbaRouteValidator_03" time="0.023"/>
  <testcase name="testAbaNumberCheck_3694_bad" classname="com.cardatechnologies.utils.validators.abaroutevalidator.Test_AbaRouteValidator_03" time="0.021"/>
  <testcase name="testAbaNumberCheck_2882_bad" classname="com.cardatechnologies.utils.validators.abaroutevalidator.Test_AbaRouteValidator_03" time="0.021"/>
  <testcase name="testAbaNumberCheck_3696_bad" classname="com.cardatechnologies.utils.validators.abaroutevalidator.Test_AbaRouteValidator_03" time="0.021"/>
  <testcase name="testAbaNumberCheck_4121_good" classname="com.cardatechnologies.utils.validators.abaroutevalidator.Test_AbaRouteValidator_03" time="0.02"/>
  <testcase name="testAbaNumberCheck_2884_bad" classname="com.cardatechnologies.utils.validators.abaroutevalidator.Test_AbaRouteValidator_03" time="0.021"/>
  <testcase name="testAbaNumberCheck_3698_bad" classname="com.cardatechnologies.utils.validators.abaroutevalidator.Test_AbaRouteValidator_03" time="0.019"/>
  <testcase name="testAbaNumberCheck_2886_bad" classname="com.cardatechnologies.utils.validators.abaroutevalidator.Test_AbaRouteValidator_03" time="0.021"/>
  <testcase name="testAbaNumberCheck_2888_bad" classname="com.cardatechnologies.utils.validators.abaroutevalidator.Test_AbaRouteValidator_03" time="0.021"/>
  <testcase name="testAbaNumberCheck_4960_bad" classname="com.cardatechnologies.utils.validators.abaroutevalidator.Test_AbaRouteValidator_03" time="0.021"/>
  <testcase name="testAbaNumberCheck_4962_bad" classname="com.cardatechnologies.utils.validators.abaroutevalidator.Test_AbaRouteValidator_03" time="0.021"/>
  <testcase name="testAbaNumberCheck_4964_bad" classname="com.cardatechnologies.utils.validators.abaroutevalidator.Test_AbaRouteValidator_03" time="0.021"/>
  <testcase name="testAbaNumberCheck_4966_bad" classname="com.cardatechnologies.utils.validators.abaroutevalidator.Test_AbaRouteValidator_03" time="0.02"/>
  <testcase name="testAbaNumberCheck_4203_good" classname="com.cardatechnologies.utils.validators.abaroutevalidator.Test_AbaRouteValidator_03" time="0.02"/>
  <testcase name="testAbaNumberCheck_4968_bad" classname="com.cardatechnologies.utils.validators.abaroutevalidator.Test_AbaRouteValidator_03" time="0.021"/>
  <testcase name="testAbaNumberCheck_2890_bad" classname="com.cardatechnologies.utils.validators.abaroutevalidator.Test_AbaRouteValidator_03" time="0.021"/>
  <testcase name="testAbaNumberCheck_2892_bad" classname="com.cardatechnologies.utils.validators.abaroutevalidator.Test_AbaRouteValidator_03" time="0.021"/>
  <testcase name="testAbaNumberCheck_2894_bad" classname="com.cardatechnologies.utils.validators.abaroutevalidator.Test_AbaRouteValidator_03" time="0.021"/>
  <testcase name="testAbaNumberCheck_2896_bad" classname="com.cardatechnologies.utils.validators.abaroutevalidator.Test_AbaRouteValidator_03" time="0.03"/>
  <testcase name="testAbaNumberCheck_4041_good" classname="com.cardatechnologies.utils.validators.abaroutevalidator.Test_AbaRouteValidator_03" time="0.02"/>
  <testcase name="testAbaNumberCheck_3101_good" classname="com.cardatechnologies.utils.validators.abaroutevalidator.Test_AbaRouteValidator_03" time="0.029"/>
  <testcase name="testAbaNumberCheck_2898_bad" classname="com.cardatechnologies.utils.validators.abaroutevalidator.Test_AbaRouteValidator_03" time="0.022"/>
  <testcase name="testAbaNumberCheck_4411_good" classname="com.cardatechnologies.utils.validators.abaroutevalidator.Test_AbaRouteValidator_03" time="0.022"/>
  <testcase name="testAbaNumberCheck_4970_bad" classname="com.cardatechnologies.utils.validators.abaroutevalidator.Test_AbaRouteValidator_03" time="0.022"/>
  <testcase name="testAbaNumberCheck_4972_bad" classname="com.cardatechnologies.utils.validators.abaroutevalidator.Test_AbaRouteValidator_03" time="0.025"/>
  <testcase name="testAbaNumberCheck_4974_bad" classname="com.cardatechnologies.utils.validators.abaroutevalidator.Test_AbaRouteValidator_03" time="0.027"/>
  <testcase name="testAbaNumberCheck_4976_bad" classname="com.cardatechnologies.utils.validators.abaroutevalidator.Test_AbaRouteValidator_03" time="0.031"/>
  <testcase name="testAbaNumberCheck_4978_bad" classname="com.cardatechnologies.utils.validators.abaroutevalidator.Test_AbaRouteValidator_03" time="0.027"/>
  <testcase name="testAbaNumberCheck_4123_good" classname="com.cardatechnologies.utils.validators.abaroutevalidator.Test_AbaRouteValidator_03" time="0.027"/>
  <testcase name="testAbaNumberCheck_3021_good" classname="com.cardatechnologies.utils.validators.abaroutevalidator.Test_AbaRouteValidator_03" time="0.025"/>
  <testcase name="testAbaNumberCheck_4980_bad" classname="com.cardatechnologies.utils.validators.abaroutevalidator.Test_AbaRouteValidator_03" time="0.023"/>
  <testcase name="testAbaNumberCheck_4982_bad" classname="com.cardatechnologies.utils.validators.abaroutevalidator.Test_AbaRouteValidator_03" time="0.026"/>
  <testcase name="testAbaNumberCheck_4331_good" classname="com.cardatechnologies.utils.validators.abaroutevalidator.Test_AbaRouteValidator_03" time="0.022"/>
  <testcase name="testAbaNumberCheck_4984_bad" classname="com.cardatechnologies.utils.validators.abaroutevalidator.Test_AbaRouteValidator_03" time="0.021"/>
  <testcase name="testAbaNumberCheck_4986_bad" classname="com.cardatechnologies.utils.validators.abaroutevalidator.Test_AbaRouteValidator_03" time="0.021"/>
  <testcase name="testAbaNumberCheck_4205_good" classname="com.cardatechnologies.utils.validators.abaroutevalidator.Test_AbaRouteValidator_03" time="0.021"/>
  <testcase name="testAbaNumberCheck_4988_bad" classname="com.cardatechnologies.utils.validators.abaroutevalidator.Test_AbaRouteValidator_03" time="0.022"/>
  <testcase name="testAbaNumberCheck_4043_good" classname="com.cardatechnologies.utils.validators.abaroutevalidator.Test_AbaRouteValidator_03" time="0.021"/>
  <testcase name="testAbaNumberCheck_3103_good" classname="com.cardatechnologies.utils.validators.abaroutevalidator.Test_AbaRouteValidator_03" time="0.02"/>
  <testcase name="testAbaNumberCheck_4701_good" classname="com.cardatechnologies.utils.validators.abaroutevalidator.Test_AbaRouteValidator_03" time="0.027"/>
  <testcase name="testAbaNumberCheck_4413_good" classname="com.cardatechnologies.utils.validators.abaroutevalidator.Test_AbaRouteValidator_03" time="0.029"/>
  <testcase name="testAbaNumberCheck_4990_bad" classname="com.cardatechnologies.utils.validators.abaroutevalidator.Test_AbaRouteValidator_03" time="0.024"/>
  <testcase name="testAbaNumberCheck_4992_bad" classname="com.cardatechnologies.utils.validators.abaroutevalidator.Test_AbaRouteValidator_03" time="0.033"/>
  <testcase name="testAbaNumberCheck_4994_bad" classname="com.cardatechnologies.utils.validators.abaroutevalidator.Test_AbaRouteValidator_03" time="0.025"/>
  <testcase name="testAbaNumberCheck_4996_bad" classname="com.cardatechnologies.utils.validators.abaroutevalidator.Test_AbaRouteValidator_03" time="0.022"/>
  <testcase name="testAbaNumberCheck_4251_good" classname="com.cardatechnologies.utils.validators.abaroutevalidator.Test_AbaRouteValidator_03" time="0.025"/>
  <testcase name="testAbaNumberCheck_3311_good" classname="com.cardatechnologies.utils.validators.abaroutevalidator.Test_AbaRouteValidator_03" time="0.023"/>
  <testcase name="testAbaNumberCheck_4125_good" classname="com.cardatechnologies.utils.validators.abaroutevalidator.Test_AbaRouteValidator_03" time="0.023"/>
  <testcase name="testAbaNumberCheck_3023_good" classname="com.cardatechnologies.utils.validators.abaroutevalidator.Test_AbaRouteValidator_03" time="0.026"/>
  <testcase name="testAbaNumberCheck_4621_good" classname="com.cardatechnologies.utils.validators.abaroutevalidator.Test_AbaRouteValidator_03" time="0.029"/>
  <testcase name="testAbaNumberCheck_4333_good" classname="com.cardatechnologies.utils.validators.abaroutevalidator.Test_AbaRouteValidator_03" time="0.023"/>
  <testcase name="testAbaNumberCheck_4207_good" classname="com.cardatechnologies.utils.validators.abaroutevalidator.Test_AbaRouteValidator_03" time="0.025"/>
  <testcase name="testAbaNumberCheck_4171_good" classname="com.cardatechnologies.utils.validators.abaroutevalidator.Test_AbaRouteValidator_03" time="0.021"/>
  <testcase name="testAbaNumberCheck_3231_good" classname="com.cardatechnologies.utils.validators.abaroutevalidator.Test_AbaRouteValidator_03" time="0.023"/>
  <testcase name="testAbaNumberCheck_4045_good" classname="com.cardatechnologies.utils.validators.abaroutevalidator.Test_AbaRouteValidator_03" time="0.022"/>
  <testcase name="testAbaNumberCheck_3105_good" classname="com.cardatechnologies.utils.validators.abaroutevalidator.Test_AbaRouteValidator_03" time="0.021"/>
  <testcase name="testAbaNumberCheck_4703_good" classname="com.cardatechnologies.utils.validators.abaroutevalidator.Test_AbaRouteValidator_03" time="0.022"/>
  <testcase name="testAbaNumberCheck_4541_good" classname="com.cardatechnologies.utils.validators.abaroutevalidator.Test_AbaRouteValidator_03" time="0.021"/>
  <testcase name="testAbaNumberCheck_3601_good" classname="com.cardatechnologies.utils.validators.abaroutevalidator.Test_AbaRouteValidator_03" time="0.02"/>
  <testcase name="testAbaNumberCheck_4415_good" classname="com.cardatechnologies.utils.validators.abaroutevalidator.Test_AbaRouteValidator_03" time="0.021"/>
  <testcase name="testAbaNumberCheck_4253_good" classname="com.cardatechnologies.utils.validators.abaroutevalidator.Test_AbaRouteValidator_03" time="0.021"/>
  <testcase name="testAbaNumberCheck_3313_good" classname="com.cardatechnologies.utils.validators.abaroutevalidator.Test_AbaRouteValidator_03" time="0.025"/>
  <testcase name="testAbaNumberCheck_4911_good" classname="com.cardatechnologies.utils.validators.abaroutevalidator.Test_AbaRouteValidator_03" time="0.026"/>
  <testcase name="testAbaNumberCheck_4127_good" classname="com.cardatechnologies.utils.validators.abaroutevalidator.Test_AbaRouteValidator_03" time="0.019"/>
  <testcase name="testAbaNumberCheck_4091_good" classname="com.cardatechnologies.utils.validators.abaroutevalidator.Test_AbaRouteValidator_03" time="0.026"/>
  <testcase name="testAbaNumberCheck_3151_good" classname="com.cardatechnologies.utils.validators.abaroutevalidator.Test_AbaRouteValidator_03" time="0.022"/>
  <testcase name="testAbaNumberCheck_3025_good" classname="com.cardatechnologies.utils.validators.abaroutevalidator.Test_AbaRouteValidator_03" time="0.021"/>
  <testcase name="testAbaNumberCheck_4623_good" classname="com.cardatechnologies.utils.validators.abaroutevalidator.Test_AbaRouteValidator_03" time="0.02"/>
  <testcase name="testAbaNumberCheck_4461_good" classname="com.cardatechnologies.utils.validators.abaroutevalidator.Test_AbaRouteValidator_03" time="0.023"/>
  <testcase name="testAbaNumberCheck_3521_good" classname="com.cardatechnologies.utils.validators.abaroutevalidator.Test_AbaRouteValidator_03" time="0.025"/>
  <testcase name="testAbaNumberCheck_4335_good" classname="com.cardatechnologies.utils.validators.abaroutevalidator.Test_AbaRouteValidator_03" time="0.024"/>
  <testcase name="testAbaNumberCheck_4209_good" classname="com.cardatechnologies.utils.validators.abaroutevalidator.Test_AbaRouteValidator_03" time="0.023"/>
  <testcase name="testAbaNumberCheck_4173_good" classname="com.cardatechnologies.utils.validators.abaroutevalidator.Test_AbaRouteValidator_03" time="0.024"/>
  <testcase name="testAbaNumberCheck_3233_good" classname="com.cardatechnologies.utils.validators.abaroutevalidator.Test_AbaRouteValidator_03" time="0.023"/>
  <testcase name="testAbaNumberCheck_4831_good" classname="com.cardatechnologies.utils.validators.abaroutevalidator.Test_AbaRouteValidator_03" time="0.025"/>
  <testcase name="testAbaNumberCheck_4047_good" classname="com.cardatechnologies.utils.validators.abaroutevalidator.Test_AbaRouteValidator_03" time="0.025"/>
  <testcase name="testAbaNumberCheck_3107_good" classname="com.cardatechnologies.utils.validators.abaroutevalidator.Test_AbaRouteValidator_03" time="0.023"/>
  <testcase name="testAbaNumberCheck_4705_good" classname="com.cardatechnologies.utils.validators.abaroutevalidator.Test_AbaRouteValidator_03" time="0.022"/>
  <testcase name="testAbaNumberCheck_3071_good" classname="com.cardatechnologies.utils.validators.abaroutevalidator.Test_AbaRouteValidator_03" time="0.024"/>
  <testcase name="testAbaNumberCheck_4543_good" classname="com.cardatechnologies.utils.validators.abaroutevalidator.Test_AbaRouteValidator_03" time="0.024"/>
  <testcase name="testAbaNumberCheck_3603_good" classname="com.cardatechnologies.utils.validators.abaroutevalidator.Test_AbaRouteValidator_03" time="0.025"/>
  <testcase name="testAbaNumberCheck_4417_good" classname="com.cardatechnologies.utils.validators.abaroutevalidator.Test_AbaRouteValidator_03" time="0.03"/>
  <testcase name="testAbaNumberCheck_4381_good" classname="com.cardatechnologies.utils.validators.abaroutevalidator.Test_AbaRouteValidator_03" time="0.031"/>
  <testcase name="testAbaNumberCheck_3441_good" classname="com.cardatechnologies.utils.validators.abaroutevalidator.Test_AbaRouteValidator_03" time="0.035"/>
  <testcase name="testAbaNumberCheck_2501_good" classname="com.cardatechnologies.utils.validators.abaroutevalidator.Test_AbaRouteValidator_03" time="0.026"/>
  <testcase name="testAbaNumberCheck_4255_good" classname="com.cardatechnologies.utils.validators.abaroutevalidator.Test_AbaRouteValidator_03" time="0.03"/>
  <testcase name="testAbaNumberCheck_3315_good" classname="com.cardatechnologies.utils.validators.abaroutevalidator.Test_AbaRouteValidator_03" time="0.023"/>
  <testcase name="testAbaNumberCheck_4913_good" classname="com.cardatechnologies.utils.validators.abaroutevalidator.Test_AbaRouteValidator_03" time="0.021"/>
  <testcase name="testAbaNumberCheck_4129_good" classname="com.cardatechnologies.utils.validators.abaroutevalidator.Test_AbaRouteValidator_03" time="0.021"/>
  <testcase name="testAbaNumberCheck_4093_good" classname="com.cardatechnologies.utils.validators.abaroutevalidator.Test_AbaRouteValidator_03" time="0.021"/>
  <testcase name="testAbaNumberCheck_3153_good" classname="com.cardatechnologies.utils.validators.abaroutevalidator.Test_AbaRouteValidator_03" time="0.021"/>
  <testcase name="testAbaNumberCheck_4751_good" classname="com.cardatechnologies.utils.validators.abaroutevalidator.Test_AbaRouteValidator_03" time="0.022"/>
  <testcase name="testAbaNumberCheck_3811_good" classname="com.cardatechnologies.utils.validators.abaroutevalidator.Test_AbaRouteValidator_03" time="0.021"/>
  <testcase name="testAbaNumberCheck_3027_good" classname="com.cardatechnologies.utils.validators.abaroutevalidator.Test_AbaRouteValidator_03" time="0.021"/>
  <testcase name="testAbaNumberCheck_4625_good" classname="com.cardatechnologies.utils.validators.abaroutevalidator.Test_AbaRouteValidator_03" time="0.021"/>
  <testcase name="testAbaNumberCheck_4463_good" classname="com.cardatechnologies.utils.validators.abaroutevalidator.Test_AbaRouteValidator_03" time="0.021"/>
  <testcase name="testAbaNumberCheck_3523_good" classname="com.cardatechnologies.utils.validators.abaroutevalidator.Test_AbaRouteValidator_03" time="0.02"/>
  <testcase name="testAbaNumberCheck_4337_good" classname="com.cardatechnologies.utils.validators.abaroutevalidator.Test_AbaRouteValidator_03" time="0.021"/>
  <testcase name="testAbaNumberCheck_3361_good" classname="com.cardatechnologies.utils.validators.abaroutevalidator.Test_AbaRouteValidator_03" time="0.021"/>
  <testcase name="testAbaNumberCheck_4175_good" classname="com.cardatechnologies.utils.validators.abaroutevalidator.Test_AbaRouteValidator_03" time="0.02"/>
  <testcase name="testAbaNumberCheck_3235_good" classname="com.cardatechnologies.utils.validators.abaroutevalidator.Test_AbaRouteValidator_03" time="0.021"/>
  <testcase name="testAbaNumberCheck_4833_good" classname="com.cardatechnologies.utils.validators.abaroutevalidator.Test_AbaRouteValidator_03" time="0.022"/>
  <testcase name="testAbaNumberCheck_4049_good" classname="com.cardatechnologies.utils.validators.abaroutevalidator.Test_AbaRouteValidator_03" time="0.021"/>
  <testcase name="testAbaNumberCheck_3109_good" classname="com.cardatechnologies.utils.validators.abaroutevalidator.Test_AbaRouteValidator_03" time="0.021"/>
  <testcase name="testAbaNumberCheck_4707_good" classname="com.cardatechnologies.utils.validators.abaroutevalidator.Test_AbaRouteValidator_03" time="0.021"/>
  <testcase name="testAbaNumberCheck_3073_good" classname="com.cardatechnologies.utils.validators.abaroutevalidator.Test_AbaRouteValidator_03" time="0.021"/>
  <testcase name="testAbaNumberCheck_4671_good" classname="com.cardatechnologies.utils.validators.abaroutevalidator.Test_AbaRouteValidator_03" time="0.022"/>
  <testcase name="testAbaNumberCheck_3731_good" classname="com.cardatechnologies.utils.validators.abaroutevalidator.Test_AbaRouteValidator_03" time="0.03"/>
  <testcase name="testAbaNumberCheck_4545_good" classname="com.cardatechnologies.utils.validators.abaroutevalidator.Test_AbaRouteValidator_03" time="0.021"/>
  <testcase name="testAbaNumberCheck_3605_good" classname="com.cardatechnologies.utils.validators.abaroutevalidator.Test_AbaRouteValidator_03" time="0.03"/>
  <testcase name="testAbaNumberCheck_4419_good" classname="com.cardatechnologies.utils.validators.abaroutevalidator.Test_AbaRouteValidator_03" time="0.023"/>
  <testcase name="testAbaNumberCheck_4383_good" classname="com.cardatechnologies.utils.validators.abaroutevalidator.Test_AbaRouteValidator_03" time="0.022"/>
  <testcase name="testAbaNumberCheck_3443_good" classname="com.cardatechnologies.utils.validators.abaroutevalidator.Test_AbaRouteValidator_03" time="0.02"/>
  <testcase name="testAbaNumberCheck_2503_good" classname="com.cardatechnologies.utils.validators.abaroutevalidator.Test_AbaRouteValidator_03" time="0.021"/>
  <testcase name="testAbaNumberCheck_4257_good" classname="com.cardatechnologies.utils.validators.abaroutevalidator.Test_AbaRouteValidator_03" time="0.02"/>
  <testcase name="testAbaNumberCheck_3317_good" classname="com.cardatechnologies.utils.validators.abaroutevalidator.Test_AbaRouteValidator_03" time="0.021"/>
  <testcase name="testAbaNumberCheck_4915_good" classname="com.cardatechnologies.utils.validators.abaroutevalidator.Test_AbaRouteValidator_03" time="0.021"/>
  <testcase name="testAbaNumberCheck_3281_good" classname="com.cardatechnologies.utils.validators.abaroutevalidator.Test_AbaRouteValidator_03" time="0.021"/>
  <testcase name="testAbaNumberCheck_4095_good" classname="com.cardatechnologies.utils.validators.abaroutevalidator.Test_AbaRouteValidator_03" time="0.02"/>
  <testcase name="testAbaNumberCheck_3155_good" classname="com.cardatechnologies.utils.validators.abaroutevalidator.Test_AbaRouteValidator_03" time="0.021"/>
  <testcase name="testAbaNumberCheck_4753_good" classname="com.cardatechnologies.utils.validators.abaroutevalidator.Test_AbaRouteValidator_03" time="0.021"/>
  <testcase name="testAbaNumberCheck_3813_good" classname="com.cardatechnologies.utils.validators.abaroutevalidator.Test_AbaRouteValidator_03" time="0.021"/>
  <testcase name="testAbaNumberCheck_3029_good" classname="com.cardatechnologies.utils.validators.abaroutevalidator.Test_AbaRouteValidator_03" time="0.021"/>
  <testcase name="testAbaNumberCheck_4627_good" classname="com.cardatechnologies.utils.validators.abaroutevalidator.Test_AbaRouteValidator_03" time="0.019"/>
  <testcase name="testAbaNumberCheck_4591_good" classname="com.cardatechnologies.utils.validators.abaroutevalidator.Test_AbaRouteValidator_03" time="0.021"/>
  <testcase name="testAbaNumberCheck_3651_good" classname="com.cardatechnologies.utils.validators.abaroutevalidator.Test_AbaRouteValidator_03" time="0.021"/>
  <testcase name="testAbaNumberCheck_2711_good" classname="com.cardatechnologies.utils.validators.abaroutevalidator.Test_AbaRouteValidator_03" time="0.02"/>
  <testcase name="testAbaNumberCheck_4465_good" classname="com.cardatechnologies.utils.validators.abaroutevalidator.Test_AbaRouteValidator_03" time="0.021"/>
  <testcase name="testAbaNumberCheck_3525_good" classname="com.cardatechnologies.utils.validators.abaroutevalidator.Test_AbaRouteValidator_03" time="0.021"/>
  <testcase name="testAbaNumberCheck_4339_good" classname="com.cardatechnologies.utils.validators.abaroutevalidator.Test_AbaRouteValidator_03" time="0.021"/>
  <testcase name="testAbaNumberCheck_3363_good" classname="com.cardatechnologies.utils.validators.abaroutevalidator.Test_AbaRouteValidator_03" time="0.02"/>
  <testcase name="testAbaNumberCheck_4961_good" classname="com.cardatechnologies.utils.validators.abaroutevalidator.Test_AbaRouteValidator_03" time="0.027"/>
  <testcase name="testAbaNumberCheck_4177_good" classname="com.cardatechnologies.utils.validators.abaroutevalidator.Test_AbaRouteValidator_03" time="0.021"/>
  <testcase name="testAbaNumberCheck_3237_good" classname="com.cardatechnologies.utils.validators.abaroutevalidator.Test_AbaRouteValidator_03" time="0.021"/>
  <testcase name="testAbaNumberCheck_4835_good" classname="com.cardatechnologies.utils.validators.abaroutevalidator.Test_AbaRouteValidator_03" time="0.031"/>
  <testcase name="testAbaNumberCheck_4709_good" classname="com.cardatechnologies.utils.validators.abaroutevalidator.Test_AbaRouteValidator_03" time="0.021"/>
  <testcase name="testAbaNumberCheck_3075_good" classname="com.cardatechnologies.utils.validators.abaroutevalidator.Test_AbaRouteValidator_03" time="0.02"/>
  <testcase name="testAbaNumberCheck_4673_good" classname="com.cardatechnologies.utils.validators.abaroutevalidator.Test_AbaRouteValidator_03" time="0.021"/>
  <testcase name="testAbaNumberCheck_3733_good" classname="com.cardatechnologies.utils.validators.abaroutevalidator.Test_AbaRouteValidator_03" time="0.02"/>
  <testcase name="testAbaNumberCheck_4547_good" classname="com.cardatechnologies.utils.validators.abaroutevalidator.Test_AbaRouteValidator_03" time="0.02"/>
  <testcase name="testAbaNumberCheck_3607_good" classname="com.cardatechnologies.utils.validators.abaroutevalidator.Test_AbaRouteValidator_03" time="0.021"/>
  <testcase name="testAbaNumberCheck_3571_good" classname="com.cardatechnologies.utils.validators.abaroutevalidator.Test_AbaRouteValidator_03" time="0.021"/>
  <testcase name="testAbaNumberCheck_2631_good" classname="com.cardatechnologies.utils.validators.abaroutevalidator.Test_AbaRouteValidator_03" time="0.021"/>
  <testcase name="testAbaNumberCheck_4385_good" classname="com.cardatechnologies.utils.validators.abaroutevalidator.Test_AbaRouteValidator_03" time="0.021"/>
  <testcase name="testAbaNumberCheck_3445_good" classname="com.cardatechnologies.utils.validators.abaroutevalidator.Test_AbaRouteValidator_03" time="0.021"/>
  <testcase name="testAbaNumberCheck_2505_good" classname="com.cardatechnologies.utils.validators.abaroutevalidator.Test_AbaRouteValidator_03" time="0.021"/>
  <testcase name="testAbaNumberCheck_4259_good" classname="com.cardatechnologies.utils.validators.abaroutevalidator.Test_AbaRouteValidator_03" time="0.02"/>
  <testcase name="testAbaNumberCheck_3319_good" classname="com.cardatechnologies.utils.validators.abaroutevalidator.Test_AbaRouteValidator_03" time="0.021"/>
  <testcase name="testAbaNumberCheck_4917_good" classname="com.cardatechnologies.utils.validators.abaroutevalidator.Test_AbaRouteValidator_03" time="0.02"/>
  <testcase name="testAbaNumberCheck_3283_good" classname="com.cardatechnologies.utils.validators.abaroutevalidator.Test_AbaRouteValidator_03" time="0.021"/>
  <testcase name="testAbaNumberCheck_4881_good" classname="com.cardatechnologies.utils.validators.abaroutevalidator.Test_AbaRouteValidator_03" time="0.021"/>
  <testcase name="testAbaNumberCheck_3941_good" classname="com.cardatechnologies.utils.validators.abaroutevalidator.Test_AbaRouteValidator_03" time="0.021"/>
  <testcase name="testAbaNumberCheck_4097_good" classname="com.cardatechnologies.utils.validators.abaroutevalidator.Test_AbaRouteValidator_03" time="0.022"/>
  <testcase name="testAbaNumberCheck_3157_good" classname="com.cardatechnologies.utils.validators.abaroutevalidator.Test_AbaRouteValidator_03" time="0.021"/>
  <testcase name="testAbaNumberCheck_4755_good" classname="com.cardatechnologies.utils.validators.abaroutevalidator.Test_AbaRouteValidator_03" time="0.021"/>
  <testcase name="testAbaNumberCheck_3815_good" classname="com.cardatechnologies.utils.validators.abaroutevalidator.Test_AbaRouteValidator_03" time="0.026"/>
  <testcase name="testAbaNumberCheck_4629_good" classname="com.cardatechnologies.utils.validators.abaroutevalidator.Test_AbaRouteValidator_03" time="0.022"/>
  <testcase name="testAbaNumberCheck_4593_good" classname="com.cardatechnologies.utils.validators.abaroutevalidator.Test_AbaRouteValidator_03" time="0.021"/>
  <testcase name="testAbaNumberCheck_3653_good" classname="com.cardatechnologies.utils.validators.abaroutevalidator.Test_AbaRouteValidator_03" time="0.029"/>
  <testcase name="testAbaNumberCheck_2713_good" classname="com.cardatechnologies.utils.validators.abaroutevalidator.Test_AbaRouteValidator_03" time="0.022"/>
  <testcase name="testAbaNumberCheck_4467_good" classname="com.cardatechnologies.utils.validators.abaroutevalidator.Test_AbaRouteValidator_03" time="0.021"/>
  <testcase name="testAbaNumberCheck_3527_good" classname="com.cardatechnologies.utils.validators.abaroutevalidator.Test_AbaRouteValidator_03" time="0.022"/>
  <testcase name="testAbaNumberCheck_3491_good" classname="com.cardatechnologies.utils.validators.abaroutevalidator.Test_AbaRouteValidator_03" time="0.022"/>
  <testcase name="testAbaNumberCheck_2551_good" classname="com.cardatechnologies.utils.validators.abaroutevalidator.Test_AbaRouteValidator_03" time="0.021"/>
  <testcase name="testAbaNumberCheck_3365_good" classname="com.cardatechnologies.utils.validators.abaroutevalidator.Test_AbaRouteValidator_03" time="0.021"/>
  <testcase name="testAbaNumberCheck_4963_good" classname="com.cardatechnologies.utils.validators.abaroutevalidator.Test_AbaRouteValidator_03" time="0.02"/>
  <testcase name="testAbaNumberCheck_4179_good" classname="com.cardatechnologies.utils.validators.abaroutevalidator.Test_AbaRouteValidator_03" time="0.021"/>
  <testcase name="testAbaNumberCheck_3239_good" classname="com.cardatechnologies.utils.validators.abaroutevalidator.Test_AbaRouteValidator_03" time="0.021"/>
  <testcase name="testAbaNumberCheck_4837_good" classname="com.cardatechnologies.utils.validators.abaroutevalidator.Test_AbaRouteValidator_03" time="0.02"/>
  <testcase name="testAbaNumberCheck_3861_good" classname="com.cardatechnologies.utils.validators.abaroutevalidator.Test_AbaRouteValidator_03" time="0.021"/>
  <testcase name="testAbaNumberCheck_2921_good" classname="com.cardatechnologies.utils.validators.abaroutevalidator.Test_AbaRouteValidator_03" time="0.021"/>
  <testcase name="testAbaNumberCheck_3077_good" classname="com.cardatechnologies.utils.validators.abaroutevalidator.Test_AbaRouteValidator_03" time="0.021"/>
  <testcase name="testAbaNumberCheck_4675_good" classname="com.cardatechnologies.utils.validators.abaroutevalidator.Test_AbaRouteValidator_03" time="0.021"/>
  <testcase name="testAbaNumberCheck_3735_good" classname="com.cardatechnologies.utils.validators.abaroutevalidator.Test_AbaRouteValidator_03" time="0.021"/>
  <testcase name="testAbaNumberCheck_4549_good" classname="com.cardatechnologies.utils.validators.abaroutevalidator.Test_AbaRouteValidator_03" time="0.02"/>
  <testcase name="testAbaNumberCheck_3609_good" classname="com.cardatechnologies.utils.validators.abaroutevalidator.Test_AbaRouteValidator_03" time="0.02"/>
  <testcase name="testAbaNumberCheck_3573_good" classname="com.cardatechnologies.utils.validators.abaroutevalidator.Test_AbaRouteValidator_03" time="0.031"/>
  <testcase name="testAbaNumberCheck_2633_good" classname="com.cardatechnologies.utils.validators.abaroutevalidator.Test_AbaRouteValidator_03" time="0.021"/>
  <testcase name="testAbaNumberCheck_4387_good" classname="com.cardatechnologies.utils.validators.abaroutevalidator.Test_AbaRouteValidator_03" time="0.02"/>
  <testcase name="testAbaNumberCheck_3447_good" classname="com.cardatechnologies.utils.validators.abaroutevalidator.Test_AbaRouteValidator_03" time="0.033"/>
  <testcase name="testAbaNumberCheck_2507_good" classname="com.cardatechnologies.utils.validators.abaroutevalidator.Test_AbaRouteValidator_03" time="0.021"/>
  <testcase name="testAbaNumberCheck_4919_good" classname="com.cardatechnologies.utils.validators.abaroutevalidator.Test_AbaRouteValidator_03" time="0.021"/>
  <testcase name="testAbaNumberCheck_3285_good" classname="com.cardatechnologies.utils.validators.abaroutevalidator.Test_AbaRouteValidator_03" time="0.03"/>
  <testcase name="testAbaNumberCheck_4883_good" classname="com.cardatechnologies.utils.validators.abaroutevalidator.Test_AbaRouteValidator_03" time="0.021"/>
  <testcase name="testAbaNumberCheck_3943_good" classname="com.cardatechnologies.utils.validators.abaroutevalidator.Test_AbaRouteValidator_03" time="0.021"/>
  <testcase name="testAbaNumberCheck_4099_good" classname="com.cardatechnologies.utils.validators.abaroutevalidator.Test_AbaRouteValidator_03" time="0.02"/>
  <testcase name="testAbaNumberCheck_3159_good" classname="com.cardatechnologies.utils.validators.abaroutevalidator.Test_AbaRouteValidator_03" time="0.02"/>
  <testcase name="testAbaNumberCheck_4757_good" classname="com.cardatechnologies.utils.validators.abaroutevalidator.Test_AbaRouteValidator_03" time="0.022"/>
  <testcase name="testAbaNumberCheck_3817_good" classname="com.cardatechnologies.utils.validators.abaroutevalidator.Test_AbaRouteValidator_03" time="0.022"/>
  <testcase name="testAbaNumberCheck_3781_good" classname="com.cardatechnologies.utils.validators.abaroutevalidator.Test_AbaRouteValidator_03" time="0.02"/>
  <testcase name="testAbaNumberCheck_2841_good" classname="com.cardatechnologies.utils.validators.abaroutevalidator.Test_AbaRouteValidator_03" time="0.021"/>
  <testcase name="testAbaNumberCheck_4595_good" classname="com.cardatechnologies.utils.validators.abaroutevalidator.Test_AbaRouteValidator_03" time="0.021"/>
  <testcase name="testAbaNumberCheck_3655_good" classname="com.cardatechnologies.utils.validators.abaroutevalidator.Test_AbaRouteValidator_03" time="0.021"/>
  <testcase name="testAbaNumberCheck_2715_good" classname="com.cardatechnologies.utils.validators.abaroutevalidator.Test_AbaRouteValidator_03" time="0.021"/>
  <testcase name="testAbaNumberCheck_4469_good" classname="com.cardatechnologies.utils.validators.abaroutevalidator.Test_AbaRouteValidator_03" time="0.02"/>
  <testcase name="testAbaNumberCheck_3529_good" classname="com.cardatechnologies.utils.validators.abaroutevalidator.Test_AbaRouteValidator_03" time="0.02"/>
  <testcase name="testAbaNumberCheck_3493_good" classname="com.cardatechnologies.utils.validators.abaroutevalidator.Test_AbaRouteValidator_03" time="0.021"/>
  <testcase name="testAbaNumberCheck_2553_good" classname="com.cardatechnologies.utils.validators.abaroutevalidator.Test_AbaRouteValidator_03" time="0.02"/>
  <testcase name="testAbaNumberCheck_3367_good" classname="com.cardatechnologies.utils.validators.abaroutevalidator.Test_AbaRouteValidator_03" time="0.02"/>
  <testcase name="testAbaNumberCheck_4965_good" classname="com.cardatechnologies.utils.validators.abaroutevalidator.Test_AbaRouteValidator_03" time="0.021"/>
  <testcase name="testAbaNumberCheck_4839_good" classname="com.cardatechnologies.utils.validators.abaroutevalidator.Test_AbaRouteValidator_03" time="0.022"/>
  <testcase name="testAbaNumberCheck_3863_good" classname="com.cardatechnologies.utils.validators.abaroutevalidator.Test_AbaRouteValidator_03" time="0.025"/>
  <testcase name="testAbaNumberCheck_2923_good" classname="com.cardatechnologies.utils.validators.abaroutevalidator.Test_AbaRouteValidator_03" time="0.025"/>
  <testcase name="testAbaNumberCheck_3079_good" classname="com.cardatechnologies.utils.validators.abaroutevalidator.Test_AbaRouteValidator_03" time="0.032"/>
  <testcase name="testAbaNumberCheck_4677_good" classname="com.cardatechnologies.utils.validators.abaroutevalidator.Test_AbaRouteValidator_03" time="0.021"/>
  <testcase name="testAbaNumberCheck_3737_good" classname="com.cardatechnologies.utils.validators.abaroutevalidator.Test_AbaRouteValidator_03" time="0.027"/>
  <testcase name="testAbaNumberCheck_2761_good" classname="com.cardatechnologies.utils.validators.abaroutevalidator.Test_AbaRouteValidator_03" time="0.025"/>
  <testcase name="testAbaNumberCheck_3575_good" classname="com.cardatechnologies.utils.validators.abaroutevalidator.Test_AbaRouteValidator_03" time="0.021"/>
  <testcase name="testAbaNumberCheck_2635_good" classname="com.cardatechnologies.utils.validators.abaroutevalidator.Test_AbaRouteValidator_03" time="0.021"/>
  <testcase name="testAbaNumberCheck_4000_bad" classname="com.cardatechnologies.utils.validators.abaroutevalidator.Test_AbaRouteValidator_03" time="0.02"/>
  <testcase name="testAbaNumberCheck_4389_good" classname="com.cardatechnologies.utils.validators.abaroutevalidator.Test_AbaRouteValidator_03" time="0.021"/>
  <testcase name="testAbaNumberCheck_3449_good" classname="com.cardatechnologies.utils.validators.abaroutevalidator.Test_AbaRouteValidator_03" time="0.021"/>
  <testcase name="testAbaNumberCheck_2509_good" classname="com.cardatechnologies.utils.validators.abaroutevalidator.Test_AbaRouteValidator_03" time="0.021"/>
  <testcase name="testAbaNumberCheck_4002_bad" classname="com.cardatechnologies.utils.validators.abaroutevalidator.Test_AbaRouteValidator_03" time="0.022"/>
  <testcase name="testAbaNumberCheck_4004_bad" classname="com.cardatechnologies.utils.validators.abaroutevalidator.Test_AbaRouteValidator_03" time="0.021"/>
  <testcase name="testAbaNumberCheck_4006_bad" classname="com.cardatechnologies.utils.validators.abaroutevalidator.Test_AbaRouteValidator_03" time="0.021"/>
  <testcase name="testAbaNumberCheck_4008_bad" classname="com.cardatechnologies.utils.validators.abaroutevalidator.Test_AbaRouteValidator_03" time="0.021"/>
  <testcase name="testAbaNumberCheck_3287_good" classname="com.cardatechnologies.utils.validators.abaroutevalidator.Test_AbaRouteValidator_03" time="0.021"/>
  <testcase name="testAbaNumberCheck_4885_good" classname="com.cardatechnologies.utils.validators.abaroutevalidator.Test_AbaRouteValidator_03" time="0.021"/>
  <testcase name="testAbaNumberCheck_3945_good" classname="com.cardatechnologies.utils.validators.abaroutevalidator.Test_AbaRouteValidator_03" time="0.021"/>
  <testcase name="testAbaNumberCheck_4759_good" classname="com.cardatechnologies.utils.validators.abaroutevalidator.Test_AbaRouteValidator_03" time="0.021"/>
  <testcase name="testAbaNumberCheck_3819_good" classname="com.cardatechnologies.utils.validators.abaroutevalidator.Test_AbaRouteValidator_03" time="0.021"/>
  <testcase name="testAbaNumberCheck_3783_good" classname="com.cardatechnologies.utils.validators.abaroutevalidator.Test_AbaRouteValidator_03" time="0.02"/>
  <testcase name="testAbaNumberCheck_2843_good" classname="com.cardatechnologies.utils.validators.abaroutevalidator.Test_AbaRouteValidator_03" time="0.026"/>
  <testcase name="testAbaNumberCheck_4597_good" classname="com.cardatechnologies.utils.validators.abaroutevalidator.Test_AbaRouteValidator_03" time="0.021"/>
  <testcase name="testAbaNumberCheck_3657_good" classname="com.cardatechnologies.utils.validators.abaroutevalidator.Test_AbaRouteValidator_03" time="0.021"/>
  <testcase name="testAbaNumberCheck_2717_good" classname="com.cardatechnologies.utils.validators.abaroutevalidator.Test_AbaRouteValidator_03" time="0.02"/>
  <testcase name="testAbaNumberCheck_2681_good" classname="com.cardatechnologies.utils.validators.abaroutevalidator.Test_AbaRouteValidator_03" time="0.028"/>
  <testcase name="testAbaNumberCheck_4010_bad" classname="com.cardatechnologies.utils.validators.abaroutevalidator.Test_AbaRouteValidator_03" time="0.021"/>
  <testcase name="testAbaNumberCheck_3495_good" classname="com.cardatechnologies.utils.validators.abaroutevalidator.Test_AbaRouteValidator_03" time="0.023"/>
  <testcase name="testAbaNumberCheck_2555_good" classname="com.cardatechnologies.utils.validators.abaroutevalidator.Test_AbaRouteValidator_03" time="0.027"/>
  <testcase name="testAbaNumberCheck_4012_bad" classname="com.cardatechnologies.utils.validators.abaroutevalidator.Test_AbaRouteValidator_03" time="0.02"/>
  <testcase name="testAbaNumberCheck_3200_bad" classname="com.cardatechnologies.utils.validators.abaroutevalidator.Test_AbaRouteValidator_03" time="0.021"/>
  <testcase name="testAbaNumberCheck_4014_bad" classname="com.cardatechnologies.utils.validators.abaroutevalidator.Test_AbaRouteValidator_03" time="0.021"/>
  <testcase name="testAbaNumberCheck_3369_good" classname="com.cardatechnologies.utils.validators.abaroutevalidator.Test_AbaRouteValidator_03" time="0.02"/>
  <testcase name="testAbaNumberCheck_3202_bad" classname="com.cardatechnologies.utils.validators.abaroutevalidator.Test_AbaRouteValidator_03" time="0.021"/>
  <testcase name="testAbaNumberCheck_4016_bad" classname="com.cardatechnologies.utils.validators.abaroutevalidator.Test_AbaRouteValidator_03" time="0.02"/>
  <testcase name="testAbaNumberCheck_4967_good" classname="com.cardatechnologies.utils.validators.abaroutevalidator.Test_AbaRouteValidator_03" time="0.021"/>
  <testcase name="testAbaNumberCheck_3204_bad" classname="com.cardatechnologies.utils.validators.abaroutevalidator.Test_AbaRouteValidator_03" time="0.021"/>
  <testcase name="testAbaNumberCheck_4018_bad" classname="com.cardatechnologies.utils.validators.abaroutevalidator.Test_AbaRouteValidator_03" time="0.021"/>
  <testcase name="testAbaNumberCheck_3206_bad" classname="com.cardatechnologies.utils.validators.abaroutevalidator.Test_AbaRouteValidator_03" time="0.021"/>
  <testcase name="testAbaNumberCheck_3991_good" classname="com.cardatechnologies.utils.validators.abaroutevalidator.Test_AbaRouteValidator_03" time="0.021"/>
  <testcase name="testAbaNumberCheck_3208_bad" classname="com.cardatechnologies.utils.validators.abaroutevalidator.Test_AbaRouteValidator_03" time="0.021"/>
  <testcase name="testAbaNumberCheck_3865_good" classname="com.cardatechnologies.utils.validators.abaroutevalidator.Test_AbaRouteValidator_03" time="0.021"/>
  <testcase name="testAbaNumberCheck_2925_good" classname="com.cardatechnologies.utils.validators.abaroutevalidator.Test_AbaRouteValidator_03" time="0.021"/>
  <testcase name="testAbaNumberCheck_4679_good" classname="com.cardatechnologies.utils.validators.abaroutevalidator.Test_AbaRouteValidator_03" time="0.021"/>
  <testcase name="testAbaNumberCheck_3739_good" classname="com.cardatechnologies.utils.validators.abaroutevalidator.Test_AbaRouteValidator_03" time="0.021"/>
  <testcase name="testAbaNumberCheck_2763_good" classname="com.cardatechnologies.utils.validators.abaroutevalidator.Test_AbaRouteValidator_03" time="0.02"/>
  <testcase name="testAbaNumberCheck_3577_good" classname="com.cardatechnologies.utils.validators.abaroutevalidator.Test_AbaRouteValidator_03" time="0.021"/>
  <testcase name="testAbaNumberCheck_2637_good" classname="com.cardatechnologies.utils.validators.abaroutevalidator.Test_AbaRouteValidator_03" time="0.02"/>
  <testcase name="testAbaNumberCheck_4020_bad" classname="com.cardatechnologies.utils.validators.abaroutevalidator.Test_AbaRouteValidator_03" time="0.021"/>
  <testcase name="testAbaNumberCheck_4022_bad" classname="com.cardatechnologies.utils.validators.abaroutevalidator.Test_AbaRouteValidator_03" time="0.033"/>
  <testcase name="testAbaNumberCheck_3210_bad" classname="com.cardatechnologies.utils.validators.abaroutevalidator.Test_AbaRouteValidator_03" time="0.021"/>
  <testcase name="testAbaNumberCheck_4024_bad" classname="com.cardatechnologies.utils.validators.abaroutevalidator.Test_AbaRouteValidator_03" time="0.02"/>
  <testcase name="testAbaNumberCheck_3212_bad" classname="com.cardatechnologies.utils.validators.abaroutevalidator.Test_AbaRouteValidator_03" time="0.031"/>
  <testcase name="testAbaNumberCheck_4026_bad" classname="com.cardatechnologies.utils.validators.abaroutevalidator.Test_AbaRouteValidator_03" time="0.025"/>
  <testcase name="testAbaNumberCheck_3214_bad" classname="com.cardatechnologies.utils.validators.abaroutevalidator.Test_AbaRouteValidator_03" time="0.021"/>
  <testcase name="testAbaNumberCheck_4028_bad" classname="com.cardatechnologies.utils.validators.abaroutevalidator.Test_AbaRouteValidator_03" time="0.021"/>
  <testcase name="testAbaNumberCheck_3289_good" classname="com.cardatechnologies.utils.validators.abaroutevalidator.Test_AbaRouteValidator_03" time="0.025"/>
  <testcase name="testAbaNumberCheck_3216_bad" classname="com.cardatechnologies.utils.validators.abaroutevalidator.Test_AbaRouteValidator_03" time="0.019"/>
  <testcase name="testAbaNumberCheck_4887_good" classname="com.cardatechnologies.utils.validators.abaroutevalidator.Test_AbaRouteValidator_03" time="0.021"/>
  <testcase name="testAbaNumberCheck_3947_good" classname="com.cardatechnologies.utils.validators.abaroutevalidator.Test_AbaRouteValidator_03" time="0.02"/>
  <testcase name="testAbaNumberCheck_3218_bad" classname="com.cardatechnologies.utils.validators.abaroutevalidator.Test_AbaRouteValidator_03" time="0.021"/>
  <testcase name="testAbaNumberCheck_2971_good" classname="com.cardatechnologies.utils.validators.abaroutevalidator.Test_AbaRouteValidator_03" time="0.021"/>
  <testcase name="testAbaNumberCheck_3785_good" classname="com.cardatechnologies.utils.validators.abaroutevalidator.Test_AbaRouteValidator_03" time="0.023"/>
  <testcase name="testAbaNumberCheck_2845_good" classname="com.cardatechnologies.utils.validators.abaroutevalidator.Test_AbaRouteValidator_03" time="0.029"/>
  <testcase name="testAbaNumberCheck_4599_good" classname="com.cardatechnologies.utils.validators.abaroutevalidator.Test_AbaRouteValidator_03" time="0.029"/>
  <testcase name="testAbaNumberCheck_3659_good" classname="com.cardatechnologies.utils.validators.abaroutevalidator.Test_AbaRouteValidator_03" time="0.026"/>
  <testcase name="testAbaNumberCheck_2719_good" classname="com.cardatechnologies.utils.validators.abaroutevalidator.Test_AbaRouteValidator_03" time="0.021"/>
  <testcase name="testAbaNumberCheck_2683_good" classname="com.cardatechnologies.utils.validators.abaroutevalidator.Test_AbaRouteValidator_03" time="0.021"/>
  <testcase name="testAbaNumberCheck_4030_bad" classname="com.cardatechnologies.utils.validators.abaroutevalidator.Test_AbaRouteValidator_03" time="0.021"/>
  <testcase name="testAbaNumberCheck_3497_good" classname="com.cardatechnologies.utils.validators.abaroutevalidator.Test_AbaRouteValidator_03" time="0.021"/>
  <testcase name="testAbaNumberCheck_2557_good" classname="com.cardatechnologies.utils.validators.abaroutevalidator.Test_AbaRouteValidator_03" time="0.021"/>
  <testcase name="testAbaNumberCheck_4032_bad" classname="com.cardatechnologies.utils.validators.abaroutevalidator.Test_AbaRouteValidator_03" time="0.02"/>
  <testcase name="testAbaNumberCheck_3220_bad" classname="com.cardatechnologies.utils.validators.abaroutevalidator.Test_AbaRouteValidator_03" time="0.03"/>
  <testcase name="testAbaNumberCheck_4034_bad" classname="com.cardatechnologies.utils.validators.abaroutevalidator.Test_AbaRouteValidator_03" time="0.02"/>
  <testcase name="testAbaNumberCheck_3222_bad" classname="com.cardatechnologies.utils.validators.abaroutevalidator.Test_AbaRouteValidator_03" time="0.024"/>
  <testcase name="testAbaNumberCheck_4036_bad" classname="com.cardatechnologies.utils.validators.abaroutevalidator.Test_AbaRouteValidator_03" time="0.024"/>
  <testcase name="testAbaNumberCheck_4969_good" classname="com.cardatechnologies.utils.validators.abaroutevalidator.Test_AbaRouteValidator_03" time="0.02"/>
  <testcase name="testAbaNumberCheck_3224_bad" classname="com.cardatechnologies.utils.validators.abaroutevalidator.Test_AbaRouteValidator_03" time="0.02"/>
  <testcase name="testAbaNumberCheck_4038_bad" classname="com.cardatechnologies.utils.validators.abaroutevalidator.Test_AbaRouteValidator_03" time="0.022"/>
  <testcase name="testAbaNumberCheck_3226_bad" classname="com.cardatechnologies.utils.validators.abaroutevalidator.Test_AbaRouteValidator_03" time="0.02"/>
  <testcase name="testAbaNumberCheck_3993_good" classname="com.cardatechnologies.utils.validators.abaroutevalidator.Test_AbaRouteValidator_03" time="0.021"/>
  <testcase name="testAbaNumberCheck_3228_bad" classname="com.cardatechnologies.utils.validators.abaroutevalidator.Test_AbaRouteValidator_03" time="0.02"/>
  <testcase name="testAbaNumberCheck_3867_good" classname="com.cardatechnologies.utils.validators.abaroutevalidator.Test_AbaRouteValidator_03" time="0.02"/>
  <testcase name="testAbaNumberCheck_2927_good" classname="com.cardatechnologies.utils.validators.abaroutevalidator.Test_AbaRouteValidator_03" time="0.022"/>
  <testcase name="testAbaNumberCheck_2891_good" classname="com.cardatechnologies.utils.validators.abaroutevalidator.Test_AbaRouteValidator_03" time="0.02"/>
  <testcase name="testAbaNumberCheck_2765_good" classname="com.cardatechnologies.utils.validators.abaroutevalidator.Test_AbaRouteValidator_03" time="0.021"/>
  <testcase name="testAbaNumberCheck_3579_good" classname="com.cardatechnologies.utils.validators.abaroutevalidator.Test_AbaRouteValidator_03" time="0.02"/>
  <testcase name="testAbaNumberCheck_2639_good" classname="com.cardatechnologies.utils.validators.abaroutevalidator.Test_AbaRouteValidator_03" time="0.021"/>
  <testcase name="testAbaNumberCheck_4040_bad" classname="com.cardatechnologies.utils.validators.abaroutevalidator.Test_AbaRouteValidator_03" time="0.02"/>
  <testcase name="testAbaNumberCheck_4042_bad" classname="com.cardatechnologies.utils.validators.abaroutevalidator.Test_AbaRouteValidator_03" time="0.021"/>
  <testcase name="testAbaNumberCheck_3230_bad" classname="com.cardatechnologies.utils.validators.abaroutevalidator.Test_AbaRouteValidator_03" time="0.02"/>
  <testcase name="testAbaNumberCheck_4044_bad" classname="com.cardatechnologies.utils.validators.abaroutevalidator.Test_AbaRouteValidator_03" time="0.021"/>
  <testcase name="testAbaNumberCheck_3232_bad" classname="com.cardatechnologies.utils.validators.abaroutevalidator.Test_AbaRouteValidator_03" time="0.021"/>
  <testcase name="testAbaNumberCheck_4046_bad" classname="com.cardatechnologies.utils.validators.abaroutevalidator.Test_AbaRouteValidator_03" time="0.021"/>
  <testcase name="testAbaNumberCheck_3234_bad" classname="com.cardatechnologies.utils.validators.abaroutevalidator.Test_AbaRouteValidator_03" time="0.02"/>
  <testcase name="testAbaNumberCheck_4048_bad" classname="com.cardatechnologies.utils.validators.abaroutevalidator.Test_AbaRouteValidator_03" time="0.021"/>
  <testcase name="testAbaNumberCheck_3236_bad" classname="com.cardatechnologies.utils.validators.abaroutevalidator.Test_AbaRouteValidator_03" time="0.029"/>
  <testcase name="testAbaNumberCheck_4889_good" classname="com.cardatechnologies.utils.validators.abaroutevalidator.Test_AbaRouteValidator_03" time="0.029"/>
  <testcase name="testAbaNumberCheck_3949_good" classname="com.cardatechnologies.utils.validators.abaroutevalidator.Test_AbaRouteValidator_03" time="0.037"/>
  <testcase name="testAbaNumberCheck_3238_bad" classname="com.cardatechnologies.utils.validators.abaroutevalidator.Test_AbaRouteValidator_03" time="0.035"/>
  <testcase name="testAbaNumberCheck_2973_good" classname="com.cardatechnologies.utils.validators.abaroutevalidator.Test_AbaRouteValidator_03" time="0.03"/>
  <testcase name="testAbaNumberCheck_3787_good" classname="com.cardatechnologies.utils.validators.abaroutevalidator.Test_AbaRouteValidator_03" time="0.03"/>
  <testcase name="testAbaNumberCheck_2847_good" classname="com.cardatechnologies.utils.validators.abaroutevalidator.Test_AbaRouteValidator_03" time="0.03"/>
  <testcase name="testAbaNumberCheck_2685_good" classname="com.cardatechnologies.utils.validators.abaroutevalidator.Test_AbaRouteValidator_03" time="0.032"/>
  <testcase name="testAbaNumberCheck_4500_bad" classname="com.cardatechnologies.utils.validators.abaroutevalidator.Test_AbaRouteValidator_03" time="0.03"/>
  <testcase name="testAbaNumberCheck_4050_bad" classname="com.cardatechnologies.utils.validators.abaroutevalidator.Test_AbaRouteValidator_03" time="0.029"/>
  <testcase name="testAbaNumberCheck_3499_good" classname="com.cardatechnologies.utils.validators.abaroutevalidator.Test_AbaRouteValidator_03" time="0.032"/>
  <testcase name="testAbaNumberCheck_2559_good" classname="com.cardatechnologies.utils.validators.abaroutevalidator.Test_AbaRouteValidator_03" time="0.027"/>
  <testcase name="testAbaNumberCheck_4502_bad" classname="com.cardatechnologies.utils.validators.abaroutevalidator.Test_AbaRouteValidator_03" time="0.025"/>
  <testcase name="testAbaNumberCheck_4052_bad" classname="com.cardatechnologies.utils.validators.abaroutevalidator.Test_AbaRouteValidator_03" time="0.022"/>
  <testcase name="testAbaNumberCheck_4504_bad" classname="com.cardatechnologies.utils.validators.abaroutevalidator.Test_AbaRouteValidator_03" time="0.03"/>
  <testcase name="testAbaNumberCheck_3240_bad" classname="com.cardatechnologies.utils.validators.abaroutevalidator.Test_AbaRouteValidator_03" time="0.03"/>
  <testcase name="testAbaNumberCheck_4054_bad" classname="com.cardatechnologies.utils.validators.abaroutevalidator.Test_AbaRouteValidator_03" time="0.025"/>
  <testcase name="testAbaNumberCheck_4506_bad" classname="com.cardatechnologies.utils.validators.abaroutevalidator.Test_AbaRouteValidator_03" time="0.023"/>
  <testcase name="testAbaNumberCheck_3242_bad" classname="com.cardatechnologies.utils.validators.abaroutevalidator.Test_AbaRouteValidator_03" time="0.031"/>
  <testcase name="testAbaNumberCheck_4056_bad" classname="com.cardatechnologies.utils.validators.abaroutevalidator.Test_AbaRouteValidator_03" time="0.021"/>
  <testcase name="testAbaNumberCheck_4508_bad" classname="com.cardatechnologies.utils.validators.abaroutevalidator.Test_AbaRouteValidator_03" time="0.021"/>
  <testcase name="testAbaNumberCheck_3244_bad" classname="com.cardatechnologies.utils.validators.abaroutevalidator.Test_AbaRouteValidator_03" time="0.027"/>
  <testcase name="testAbaNumberCheck_4058_bad" classname="com.cardatechnologies.utils.validators.abaroutevalidator.Test_AbaRouteValidator_03" time="0.027"/>
  <testcase name="testAbaNumberCheck_3246_bad" classname="com.cardatechnologies.utils.validators.abaroutevalidator.Test_AbaRouteValidator_03" time="0.02"/>
  <testcase name="testAbaNumberCheck_3995_good" classname="com.cardatechnologies.utils.validators.abaroutevalidator.Test_AbaRouteValidator_03" time="0.021"/>
  <testcase name="testAbaNumberCheck_3248_bad" classname="com.cardatechnologies.utils.validators.abaroutevalidator.Test_AbaRouteValidator_03" time="0.021"/>
  <testcase name="testAbaNumberCheck_3869_good" classname="com.cardatechnologies.utils.validators.abaroutevalidator.Test_AbaRouteValidator_03" time="0.021"/>
  <testcase name="testAbaNumberCheck_2929_good" classname="com.cardatechnologies.utils.validators.abaroutevalidator.Test_AbaRouteValidator_03" time="0.02"/>
  <testcase name="testAbaNumberCheck_2893_good" classname="com.cardatechnologies.utils.validators.abaroutevalidator.Test_AbaRouteValidator_03" time="0.02"/>
  <testcase name="testAbaNumberCheck_2767_good" classname="com.cardatechnologies.utils.validators.abaroutevalidator.Test_AbaRouteValidator_03" time="0.021"/>
  <testcase name="testAbaNumberCheck_4510_bad" classname="com.cardatechnologies.utils.validators.abaroutevalidator.Test_AbaRouteValidator_03" time="0.021"/>
  <testcase name="testAbaNumberCheck_4060_bad" classname="com.cardatechnologies.utils.validators.abaroutevalidator.Test_AbaRouteValidator_03" time="0.02"/>
  <testcase name="testAbaNumberCheck_4512_bad" classname="com.cardatechnologies.utils.validators.abaroutevalidator.Test_AbaRouteValidator_03" time="0.022"/>
  <testcase name="testAbaNumberCheck_4062_bad" classname="com.cardatechnologies.utils.validators.abaroutevalidator.Test_AbaRouteValidator_03" time="0.021"/>
  <testcase name="testAbaNumberCheck_3700_bad" classname="com.cardatechnologies.utils.validators.abaroutevalidator.Test_AbaRouteValidator_03" time="0.02"/>
  <testcase name="testAbaNumberCheck_4514_bad" classname="com.cardatechnologies.utils.validators.abaroutevalidator.Test_AbaRouteValidator_03" time="0.021"/>
  <testcase name="testAbaNumberCheck_3250_bad" classname="com.cardatechnologies.utils.validators.abaroutevalidator.Test_AbaRouteValidator_03" time="0.021"/>
  <testcase name="testAbaNumberCheck_4064_bad" classname="com.cardatechnologies.utils.validators.abaroutevalidator.Test_AbaRouteValidator_03" time="0.022"/>
  <testcase name="testAbaNumberCheck_3702_bad" classname="com.cardatechnologies.utils.validators.abaroutevalidator.Test_AbaRouteValidator_03" time="0.023"/>
  <testcase name="testAbaNumberCheck_4516_bad" classname="com.cardatechnologies.utils.validators.abaroutevalidator.Test_AbaRouteValidator_03" time="0.024"/>
  <testcase name="testAbaNumberCheck_3252_bad" classname="com.cardatechnologies.utils.validators.abaroutevalidator.Test_AbaRouteValidator_03" time="0.024"/>
  <testcase name="testAbaNumberCheck_4066_bad" classname="com.cardatechnologies.utils.validators.abaroutevalidator.Test_AbaRouteValidator_03" time="0.033"/>
  <testcase name="testAbaNumberCheck_3704_bad" classname="com.cardatechnologies.utils.validators.abaroutevalidator.Test_AbaRouteValidator_03" time="0.025"/>
  <testcase name="testAbaNumberCheck_4518_bad" classname="com.cardatechnologies.utils.validators.abaroutevalidator.Test_AbaRouteValidator_03" time="0.023"/>
  <testcase name="testAbaNumberCheck_3254_bad" classname="com.cardatechnologies.utils.validators.abaroutevalidator.Test_AbaRouteValidator_03" time="0.022"/>
  <testcase name="testAbaNumberCheck_4068_bad" classname="com.cardatechnologies.utils.validators.abaroutevalidator.Test_AbaRouteValidator_03" time="0.038"/>
  <testcase name="testAbaNumberCheck_3706_bad" classname="com.cardatechnologies.utils.validators.abaroutevalidator.Test_AbaRouteValidator_03" time="0.041"/>
  <testcase name="testAbaNumberCheck_3256_bad" classname="com.cardatechnologies.utils.validators.abaroutevalidator.Test_AbaRouteValidator_03" time="0.023"/>
  <testcase name="testAbaNumberCheck_3708_bad" classname="com.cardatechnologies.utils.validators.abaroutevalidator.Test_AbaRouteValidator_03" time="0.02"/>
  <testcase name="testAbaNumberCheck_3258_bad" classname="com.cardatechnologies.utils.validators.abaroutevalidator.Test_AbaRouteValidator_03" time="0.02"/>
  <testcase name="testAbaNumberCheck_2975_good" classname="com.cardatechnologies.utils.validators.abaroutevalidator.Test_AbaRouteValidator_03" time="0.02"/>
  <testcase name="testAbaNumberCheck_3789_good" classname="com.cardatechnologies.utils.validators.abaroutevalidator.Test_AbaRouteValidator_03" time="0.021"/>
  <testcase name="testAbaNumberCheck_2849_good" classname="com.cardatechnologies.utils.validators.abaroutevalidator.Test_AbaRouteValidator_03" time="0.021"/>
  <testcase name="testAbaNumberCheck_2687_good" classname="com.cardatechnologies.utils.validators.abaroutevalidator.Test_AbaRouteValidator_03" time="0.02"/>
  <testcase name="testAbaNumberCheck_4520_bad" classname="com.cardatechnologies.utils.validators.abaroutevalidator.Test_AbaRouteValidator_03" time="0.02"/>
  <testcase name="testAbaNumberCheck_4070_bad" classname="com.cardatechnologies.utils.validators.abaroutevalidator.Test_AbaRouteValidator_03" time="0.021"/>
  <testcase name="testAbaNumberCheck_4522_bad" classname="com.cardatechnologies.utils.validators.abaroutevalidator.Test_AbaRouteValidator_03" time="0.021"/>
  <testcase name="testAbaNumberCheck_4072_bad" classname="com.cardatechnologies.utils.validators.abaroutevalidator.Test_AbaRouteValidator_03" time="0.021"/>
  <testcase name="testAbaNumberCheck_3710_bad" classname="com.cardatechnologies.utils.validators.abaroutevalidator.Test_AbaRouteValidator_03" time="0.02"/>
  <testcase name="testAbaNumberCheck_4524_bad" classname="com.cardatechnologies.utils.validators.abaroutevalidator.Test_AbaRouteValidator_03" time="0.022"/>
  <testcase name="testAbaNumberCheck_3260_bad" classname="com.cardatechnologies.utils.validators.abaroutevalidator.Test_AbaRouteValidator_03" time="0.025"/>
  <testcase name="testAbaNumberCheck_4074_bad" classname="com.cardatechnologies.utils.validators.abaroutevalidator.Test_AbaRouteValidator_03" time="0.029"/>
  <testcase name="testAbaNumberCheck_3712_bad" classname="com.cardatechnologies.utils.validators.abaroutevalidator.Test_AbaRouteValidator_03" time="0.029"/>
  <testcase name="testAbaNumberCheck_4526_bad" classname="com.cardatechnologies.utils.validators.abaroutevalidator.Test_AbaRouteValidator_03" time="0.035"/>
  <testcase name="testAbaNumberCheck_3262_bad" classname="com.cardatechnologies.utils.validators.abaroutevalidator.Test_AbaRouteValidator_03" time="0.029"/>
  <testcase name="testAbaNumberCheck_4076_bad" classname="com.cardatechnologies.utils.validators.abaroutevalidator.Test_AbaRouteValidator_03" time="0.026"/>
  <testcase name="testAbaNumberCheck_2900_bad" classname="com.cardatechnologies.utils.validators.abaroutevalidator.Test_AbaRouteValidator_03" time="0.031"/>
  <testcase name="testAbaNumberCheck_3714_bad" classname="com.cardatechnologies.utils.validators.abaroutevalidator.Test_AbaRouteValidator_03" time="0.025"/>
  <testcase name="testAbaNumberCheck_4528_bad" classname="com.cardatechnologies.utils.validators.abaroutevalidator.Test_AbaRouteValidator_03" time="0.025"/>
  <testcase name="testAbaNumberCheck_3264_bad" classname="com.cardatechnologies.utils.validators.abaroutevalidator.Test_AbaRouteValidator_03" time="0.021"/>
  <testcase name="testAbaNumberCheck_4078_bad" classname="com.cardatechnologies.utils.validators.abaroutevalidator.Test_AbaRouteValidator_03" time="0.021"/>
  <testcase name="testAbaNumberCheck_2902_bad" classname="com.cardatechnologies.utils.validators.abaroutevalidator.Test_AbaRouteValidator_03" time="0.021"/>
  <testcase name="testAbaNumberCheck_3716_bad" classname="com.cardatechnologies.utils.validators.abaroutevalidator.Test_AbaRouteValidator_03" time="0.021"/>
  <testcase name="testAbaNumberCheck_3266_bad" classname="com.cardatechnologies.utils.validators.abaroutevalidator.Test_AbaRouteValidator_03" time="0.021"/>
  <testcase name="testAbaNumberCheck_3997_good" classname="com.cardatechnologies.utils.validators.abaroutevalidator.Test_AbaRouteValidator_03" time="0.021"/>
  <testcase name="testAbaNumberCheck_2904_bad" classname="com.cardatechnologies.utils.validators.abaroutevalidator.Test_AbaRouteValidator_03" time="0.021"/>
  <testcase name="testAbaNumberCheck_3718_bad" classname="com.cardatechnologies.utils.validators.abaroutevalidator.Test_AbaRouteValidator_03" time="0.021"/>
  <testcase name="testAbaNumberCheck_3268_bad" classname="com.cardatechnologies.utils.validators.abaroutevalidator.Test_AbaRouteValidator_03" time="0.021"/>
  <testcase name="testAbaNumberCheck_2906_bad" classname="com.cardatechnologies.utils.validators.abaroutevalidator.Test_AbaRouteValidator_03" time="0.021"/>
  <testcase name="testAbaNumberCheck_2908_bad" classname="com.cardatechnologies.utils.validators.abaroutevalidator.Test_AbaRouteValidator_03" time="0.021"/>
  <testcase name="testAbaNumberCheck_2895_good" classname="com.cardatechnologies.utils.validators.abaroutevalidator.Test_AbaRouteValidator_03" time="0.021"/>
  <testcase name="testAbaNumberCheck_2769_good" classname="com.cardatechnologies.utils.validators.abaroutevalidator.Test_AbaRouteValidator_03" time="0.02"/>
  <testcase name="testAbaNumberCheck_4530_bad" classname="com.cardatechnologies.utils.validators.abaroutevalidator.Test_AbaRouteValidator_03" time="0.021"/>
  <testcase name="testAbaNumberCheck_4080_bad" classname="com.cardatechnologies.utils.validators.abaroutevalidator.Test_AbaRouteValidator_03" time="0.021"/>
  <testcase name="testAbaNumberCheck_4532_bad" classname="com.cardatechnologies.utils.validators.abaroutevalidator.Test_AbaRouteValidator_03" time="0.021"/>
  <testcase name="testAbaNumberCheck_4082_bad" classname="com.cardatechnologies.utils.validators.abaroutevalidator.Test_AbaRouteValidator_03" time="0.021"/>
  <testcase name="testAbaNumberCheck_3720_bad" classname="com.cardatechnologies.utils.validators.abaroutevalidator.Test_AbaRouteValidator_03" time="0.027"/>
  <testcase name="testAbaNumberCheck_4534_bad" classname="com.cardatechnologies.utils.validators.abaroutevalidator.Test_AbaRouteValidator_03" time="0.02"/>
  <testcase name="testAbaNumberCheck_3270_bad" classname="com.cardatechnologies.utils.validators.abaroutevalidator.Test_AbaRouteValidator_03" time="0.022"/>
  <testcase name="testAbaNumberCheck_4084_bad" classname="com.cardatechnologies.utils.validators.abaroutevalidator.Test_AbaRouteValidator_03" time="0.022"/>
  <testcase name="testAbaNumberCheck_3722_bad" classname="com.cardatechnologies.utils.validators.abaroutevalidator.Test_AbaRouteValidator_03" time="0.033"/>
  <testcase name="testAbaNumberCheck_4536_bad" classname="com.cardatechnologies.utils.validators.abaroutevalidator.Test_AbaRouteValidator_03" time="0.021"/>
  <testcase name="testAbaNumberCheck_3272_bad" classname="com.cardatechnologies.utils.validators.abaroutevalidator.Test_AbaRouteValidator_03" time="0.021"/>
  <testcase name="testAbaNumberCheck_4086_bad" classname="com.cardatechnologies.utils.validators.abaroutevalidator.Test_AbaRouteValidator_03" time="0.021"/>
  <testcase name="testAbaNumberCheck_2910_bad" classname="com.cardatechnologies.utils.validators.abaroutevalidator.Test_AbaRouteValidator_03" time="0.02"/>
  <testcase name="testAbaNumberCheck_3724_bad" classname="com.cardatechnologies.utils.validators.abaroutevalidator.Test_AbaRouteValidator_03" time="0.027"/>
  <testcase name="testAbaNumberCheck_4538_bad" classname="com.cardatechnologies.utils.validators.abaroutevalidator.Test_AbaRouteValidator_03" time="0.031"/>
  <testcase name="testAbaNumberCheck_3274_bad" classname="com.cardatechnologies.utils.validators.abaroutevalidator.Test_AbaRouteValidator_03" time="0.025"/>
  <testcase name="testAbaNumberCheck_4088_bad" classname="com.cardatechnologies.utils.validators.abaroutevalidator.Test_AbaRouteValidator_03" time="0.023"/>
  <testcase name="testAbaNumberCheck_2912_bad" classname="com.cardatechnologies.utils.validators.abaroutevalidator.Test_AbaRouteValidator_03" time="0.023"/>
  <testcase name="testAbaNumberCheck_3726_bad" classname="com.cardatechnologies.utils.validators.abaroutevalidator.Test_AbaRouteValidator_03" time="0.029"/>
  <testcase name="testAbaNumberCheck_3276_bad" classname="com.cardatechnologies.utils.validators.abaroutevalidator.Test_AbaRouteValidator_03" time="0.03"/>
  <testcase name="testAbaNumberCheck_2914_bad" classname="com.cardatechnologies.utils.validators.abaroutevalidator.Test_AbaRouteValidator_03" time="0.022"/>
  <testcase name="testAbaNumberCheck_3728_bad" classname="com.cardatechnologies.utils.validators.abaroutevalidator.Test_AbaRouteValidator_03" time="0.022"/>
  <testcase name="testAbaNumberCheck_3278_bad" classname="com.cardatechnologies.utils.validators.abaroutevalidator.Test_AbaRouteValidator_03" time="0.026"/>
  <testcase name="testAbaNumberCheck_2916_bad" classname="com.cardatechnologies.utils.validators.abaroutevalidator.Test_AbaRouteValidator_03" time="0.029"/>
  <testcase name="testAbaNumberCheck_2977_good" classname="com.cardatechnologies.utils.validators.abaroutevalidator.Test_AbaRouteValidator_03" time="0.028"/>
  <testcase name="testAbaNumberCheck_2918_bad" classname="com.cardatechnologies.utils.validators.abaroutevalidator.Test_AbaRouteValidator_03" time="0.036"/>
  <testcase name="testAbaNumberCheck_2689_good" classname="com.cardatechnologies.utils.validators.abaroutevalidator.Test_AbaRouteValidator_03" time="0.029"/>
  <testcase name="testAbaNumberCheck_4540_bad" classname="com.cardatechnologies.utils.validators.abaroutevalidator.Test_AbaRouteValidator_03" time="0.029"/>
  <testcase name="testAbaNumberCheck_4090_bad" classname="com.cardatechnologies.utils.validators.abaroutevalidator.Test_AbaRouteValidator_03" time="0.035"/>
  <testcase name="testAbaNumberCheck_4542_bad" classname="com.cardatechnologies.utils.validators.abaroutevalidator.Test_AbaRouteValidator_03" time="0.029"/>
  <testcase name="testAbaNumberCheck_4092_bad" classname="com.cardatechnologies.utils.validators.abaroutevalidator.Test_AbaRouteValidator_03" time="0.03"/>
  <testcase name="testAbaNumberCheck_3730_bad" classname="com.cardatechnologies.utils.validators.abaroutevalidator.Test_AbaRouteValidator_03" time="0.028"/>
  <testcase name="testAbaNumberCheck_4544_bad" classname="com.cardatechnologies.utils.validators.abaroutevalidator.Test_AbaRouteValidator_03" time="0.027"/>
  <testcase name="testAbaNumberCheck_3280_bad" classname="com.cardatechnologies.utils.validators.abaroutevalidator.Test_AbaRouteValidator_03" time="0.024"/>
  <testcase name="testAbaNumberCheck_4094_bad" classname="com.cardatechnologies.utils.validators.abaroutevalidator.Test_AbaRouteValidator_03" time="0.023"/>
  <testcase name="testAbaNumberCheck_3732_bad" classname="com.cardatechnologies.utils.validators.abaroutevalidator.Test_AbaRouteValidator_03" time="0.023"/>
  <testcase name="testAbaNumberCheck_4546_bad" classname="com.cardatechnologies.utils.validators.abaroutevalidator.Test_AbaRouteValidator_03" time="0.022"/>
  <testcase name="testAbaNumberCheck_3282_bad" classname="com.cardatechnologies.utils.validators.abaroutevalidator.Test_AbaRouteValidator_03" time="0.022"/>
  <testcase name="testAbaNumberCheck_4096_bad" classname="com.cardatechnologies.utils.validators.abaroutevalidator.Test_AbaRouteValidator_03" time="0.021"/>
  <testcase name="testAbaNumberCheck_2920_bad" classname="com.cardatechnologies.utils.validators.abaroutevalidator.Test_AbaRouteValidator_03" time="0.021"/>
  <testcase name="testAbaNumberCheck_3734_bad" classname="com.cardatechnologies.utils.validators.abaroutevalidator.Test_AbaRouteValidator_03" time="0.022"/>
  <testcase name="testAbaNumberCheck_4548_bad" classname="com.cardatechnologies.utils.validators.abaroutevalidator.Test_AbaRouteValidator_03" time="0.021"/>
  <testcase name="testAbaNumberCheck_3284_bad" classname="com.cardatechnologies.utils.validators.abaroutevalidator.Test_AbaRouteValidator_03" time="0.02"/>
  <testcase name="testAbaNumberCheck_4098_bad" classname="com.cardatechnologies.utils.validators.abaroutevalidator.Test_AbaRouteValidator_03" time="0.021"/>
  <testcase name="testAbaNumberCheck_2922_bad" classname="com.cardatechnologies.utils.validators.abaroutevalidator.Test_AbaRouteValidator_03" time="0.021"/>
  <testcase name="testAbaNumberCheck_3736_bad" classname="com.cardatechnologies.utils.validators.abaroutevalidator.Test_AbaRouteValidator_03" time="0.02"/>
  <testcase name="testAbaNumberCheck_3286_bad" classname="com.cardatechnologies.utils.validators.abaroutevalidator.Test_AbaRouteValidator_03" time="0.028"/>
  <testcase name="testAbaNumberCheck_3999_good" classname="com.cardatechnologies.utils.validators.abaroutevalidator.Test_AbaRouteValidator_03" time="0.022"/>
  <testcase name="testAbaNumberCheck_2924_bad" classname="com.cardatechnologies.utils.validators.abaroutevalidator.Test_AbaRouteValidator_03" time="0.019"/>
  <testcase name="testAbaNumberCheck_3738_bad" classname="com.cardatechnologies.utils.validators.abaroutevalidator.Test_AbaRouteValidator_03" time="0.022"/>
  <testcase name="testAbaNumberCheck_3288_bad" classname="com.cardatechnologies.utils.validators.abaroutevalidator.Test_AbaRouteValidator_03" time="0.027"/>
  <testcase name="testAbaNumberCheck_2926_bad" classname="com.cardatechnologies.utils.validators.abaroutevalidator.Test_AbaRouteValidator_03" time="0.022"/>
  <testcase name="testAbaNumberCheck_2928_bad" classname="com.cardatechnologies.utils.validators.abaroutevalidator.Test_AbaRouteValidator_03" time="0.022"/>
  <testcase name="testAbaNumberCheck_2897_good" classname="com.cardatechnologies.utils.validators.abaroutevalidator.Test_AbaRouteValidator_03" time="0.02"/>
  <testcase name="testAbaNumberCheck_4550_bad" classname="com.cardatechnologies.utils.validators.abaroutevalidator.Test_AbaRouteValidator_03" time="0.021"/>
  <testcase name="testAbaNumberCheck_4552_bad" classname="com.cardatechnologies.utils.validators.abaroutevalidator.Test_AbaRouteValidator_03" time="0.021"/>
  <testcase name="testAbaNumberCheck_3740_bad" classname="com.cardatechnologies.utils.validators.abaroutevalidator.Test_AbaRouteValidator_03" time="0.021"/>
  <testcase name="testAbaNumberCheck_4554_bad" classname="com.cardatechnologies.utils.validators.abaroutevalidator.Test_AbaRouteValidator_03" time="0.02"/>
  <testcase name="testAbaNumberCheck_3290_bad" classname="com.cardatechnologies.utils.validators.abaroutevalidator.Test_AbaRouteValidator_03" time="0.025"/>
  <testcase name="testAbaNumberCheck_3742_bad" classname="com.cardatechnologies.utils.validators.abaroutevalidator.Test_AbaRouteValidator_03" time="0.028"/>
  <testcase name="testAbaNumberCheck_4556_bad" classname="com.cardatechnologies.utils.validators.abaroutevalidator.Test_AbaRouteValidator_03" time="0.029"/>
  <testcase name="testAbaNumberCheck_3292_bad" classname="com.cardatechnologies.utils.validators.abaroutevalidator.Test_AbaRouteValidator_03" time="0.028"/>
  <testcase name="testAbaNumberCheck_2930_bad" classname="com.cardatechnologies.utils.validators.abaroutevalidator.Test_AbaRouteValidator_03" time="0.026"/>
  <testcase name="testAbaNumberCheck_3744_bad" classname="com.cardatechnologies.utils.validators.abaroutevalidator.Test_AbaRouteValidator_03" time="0.023"/>
  <testcase name="testAbaNumberCheck_4558_bad" classname="com.cardatechnologies.utils.validators.abaroutevalidator.Test_AbaRouteValidator_03" time="0.022"/>
  <testcase name="testAbaNumberCheck_3294_bad" classname="com.cardatechnologies.utils.validators.abaroutevalidator.Test_AbaRouteValidator_03" time="0.023"/>
  <testcase name="testAbaNumberCheck_2932_bad" classname="com.cardatechnologies.utils.validators.abaroutevalidator.Test_AbaRouteValidator_03" time="0.021"/>
  <testcase name="testAbaNumberCheck_3746_bad" classname="com.cardatechnologies.utils.validators.abaroutevalidator.Test_AbaRouteValidator_03" time="0.023"/>
  <testcase name="testAbaNumberCheck_3296_bad" classname="com.cardatechnologies.utils.validators.abaroutevalidator.Test_AbaRouteValidator_03" time="0.026"/>
  <testcase name="testAbaNumberCheck_2934_bad" classname="com.cardatechnologies.utils.validators.abaroutevalidator.Test_AbaRouteValidator_03" time="0.032"/>
  <testcase name="testAbaNumberCheck_3748_bad" classname="com.cardatechnologies.utils.validators.abaroutevalidator.Test_AbaRouteValidator_03" time="0.027"/>
  <testcase name="testAbaNumberCheck_3298_bad" classname="com.cardatechnologies.utils.validators.abaroutevalidator.Test_AbaRouteValidator_03" time="0.032"/>
  <testcase name="testAbaNumberCheck_2936_bad" classname="com.cardatechnologies.utils.validators.abaroutevalidator.Test_AbaRouteValidator_03" time="0.028"/>
  <testcase name="testAbaNumberCheck_2979_good" classname="com.cardatechnologies.utils.validators.abaroutevalidator.Test_AbaRouteValidator_03" time="0.024"/>
  <testcase name="testAbaNumberCheck_2938_bad" classname="com.cardatechnologies.utils.validators.abaroutevalidator.Test_AbaRouteValidator_03" time="0.022"/>
  <testcase name="testAbaNumberCheck_4560_bad" classname="com.cardatechnologies.utils.validators.abaroutevalidator.Test_AbaRouteValidator_03" time="0.022"/>
  <testcase name="testAbaNumberCheck_4562_bad" classname="com.cardatechnologies.utils.validators.abaroutevalidator.Test_AbaRouteValidator_03" time="0.021"/>
  <testcase name="testAbaNumberCheck_3750_bad" classname="com.cardatechnologies.utils.validators.abaroutevalidator.Test_AbaRouteValidator_03" time="0.021"/>
  <testcase name="testAbaNumberCheck_4564_bad" classname="com.cardatechnologies.utils.validators.abaroutevalidator.Test_AbaRouteValidator_03" time="0.022"/>
  <testcase name="testAbaNumberCheck_3752_bad" classname="com.cardatechnologies.utils.validators.abaroutevalidator.Test_AbaRouteValidator_03" time="0.021"/>
  <testcase name="testAbaNumberCheck_4566_bad" classname="com.cardatechnologies.utils.validators.abaroutevalidator.Test_AbaRouteValidator_03" time="0.021"/>
  <testcase name="testAbaNumberCheck_2940_bad" classname="com.cardatechnologies.utils.validators.abaroutevalidator.Test_AbaRouteValidator_03" time="0.022"/>
  <testcase name="testAbaNumberCheck_3754_bad" classname="com.cardatechnologies.utils.validators.abaroutevalidator.Test_AbaRouteValidator_03" time="0.021"/>
  <testcase name="testAbaNumberCheck_4568_bad" classname="com.cardatechnologies.utils.validators.abaroutevalidator.Test_AbaRouteValidator_03" time="0.021"/>
  <testcase name="testAbaNumberCheck_2942_bad" classname="com.cardatechnologies.utils.validators.abaroutevalidator.Test_AbaRouteValidator_03" time="0.022"/>
  <testcase name="testAbaNumberCheck_3756_bad" classname="com.cardatechnologies.utils.validators.abaroutevalidator.Test_AbaRouteValidator_03" time="0.023"/>
  <testcase name="testAbaNumberCheck_2944_bad" classname="com.cardatechnologies.utils.validators.abaroutevalidator.Test_AbaRouteValidator_03" time="0.022"/>
  <testcase name="testAbaNumberCheck_3758_bad" classname="com.cardatechnologies.utils.validators.abaroutevalidator.Test_AbaRouteValidator_03" time="0.022"/>
  <testcase name="testAbaNumberCheck_2946_bad" classname="com.cardatechnologies.utils.validators.abaroutevalidator.Test_AbaRouteValidator_03" time="0.02"/>
  <testcase name="testAbaNumberCheck_4001_good" classname="com.cardatechnologies.utils.validators.abaroutevalidator.Test_AbaRouteValidator_03" time="0.022"/>
  <testcase name="testAbaNumberCheck_2948_bad" classname="com.cardatechnologies.utils.validators.abaroutevalidator.Test_AbaRouteValidator_03" time="0.02"/>
  <testcase name="testAbaNumberCheck_2899_good" classname="com.cardatechnologies.utils.validators.abaroutevalidator.Test_AbaRouteValidator_03" time="0.028"/>
  <testcase name="testAbaNumberCheck_4570_bad" classname="com.cardatechnologies.utils.validators.abaroutevalidator.Test_AbaRouteValidator_03" time="0.021"/>
  <testcase name="testAbaNumberCheck_4572_bad" classname="com.cardatechnologies.utils.validators.abaroutevalidator.Test_AbaRouteValidator_03" time="0.021"/>
  <testcase name="testAbaNumberCheck_3760_bad" classname="com.cardatechnologies.utils.validators.abaroutevalidator.Test_AbaRouteValidator_03" time="0.021"/>
  <testcase name="testAbaNumberCheck_4574_bad" classname="com.cardatechnologies.utils.validators.abaroutevalidator.Test_AbaRouteValidator_03" time="0.025"/>
  <testcase name="testAbaNumberCheck_3762_bad" classname="com.cardatechnologies.utils.validators.abaroutevalidator.Test_AbaRouteValidator_03" time="0.021"/>
  <testcase name="testAbaNumberCheck_4576_bad" classname="com.cardatechnologies.utils.validators.abaroutevalidator.Test_AbaRouteValidator_03" time="0.022"/>
  <testcase name="testAbaNumberCheck_2950_bad" classname="com.cardatechnologies.utils.validators.abaroutevalidator.Test_AbaRouteValidator_03" time="0.02"/>
  <testcase name="testAbaNumberCheck_3764_bad" classname="com.cardatechnologies.utils.validators.abaroutevalidator.Test_AbaRouteValidator_03" time="0.02"/>
  <testcase name="testAbaNumberCheck_4578_bad" classname="com.cardatechnologies.utils.validators.abaroutevalidator.Test_AbaRouteValidator_03" time="0.021"/>
  <testcase name="testAbaNumberCheck_2952_bad" classname="com.cardatechnologies.utils.validators.abaroutevalidator.Test_AbaRouteValidator_03" time="0.021"/>
  <testcase name="testAbaNumberCheck_3766_bad" classname="com.cardatechnologies.utils.validators.abaroutevalidator.Test_AbaRouteValidator_03" time="0.021"/>
  <testcase name="testAbaNumberCheck_2954_bad" classname="com.cardatechnologies.utils.validators.abaroutevalidator.Test_AbaRouteValidator_03" time="0.021"/>
  <testcase name="testAbaNumberCheck_3768_bad" classname="com.cardatechnologies.utils.validators.abaroutevalidator.Test_AbaRouteValidator_03" time="0.021"/>
  <testcase name="testAbaNumberCheck_2956_bad" classname="com.cardatechnologies.utils.validators.abaroutevalidator.Test_AbaRouteValidator_03" time="0.021"/>
  <testcase name="testAbaNumberCheck_2958_bad" classname="com.cardatechnologies.utils.validators.abaroutevalidator.Test_AbaRouteValidator_03" time="0.02"/>
  <testcase name="testAbaNumberCheck_4580_bad" classname="com.cardatechnologies.utils.validators.abaroutevalidator.Test_AbaRouteValidator_03" time="0.021"/>
  <testcase name="testAbaNumberCheck_4582_bad" classname="com.cardatechnologies.utils.validators.abaroutevalidator.Test_AbaRouteValidator_03" time="0.021"/>
  <testcase name="testAbaNumberCheck_3770_bad" classname="com.cardatechnologies.utils.validators.abaroutevalidator.Test_AbaRouteValidator_03" time="0.021"/>
  <testcase name="testAbaNumberCheck_4584_bad" classname="com.cardatechnologies.utils.validators.abaroutevalidator.Test_AbaRouteValidator_03" time="0.02"/>
  <testcase name="testAbaNumberCheck_3772_bad" classname="com.cardatechnologies.utils.validators.abaroutevalidator.Test_AbaRouteValidator_03" time="0.02"/>
  <testcase name="testAbaNumberCheck_4586_bad" classname="com.cardatechnologies.utils.validators.abaroutevalidator.Test_AbaRouteValidator_03" time="0.021"/>
  <testcase name="testAbaNumberCheck_2960_bad" classname="com.cardatechnologies.utils.validators.abaroutevalidator.Test_AbaRouteValidator_03" time="0.02"/>
  <testcase name="testAbaNumberCheck_3774_bad" classname="com.cardatechnologies.utils.validators.abaroutevalidator.Test_AbaRouteValidator_03" time="0.021"/>
  <testcase name="testAbaNumberCheck_4588_bad" classname="com.cardatechnologies.utils.validators.abaroutevalidator.Test_AbaRouteValidator_03" time="0.024"/>
  <testcase name="testAbaNumberCheck_2962_bad" classname="com.cardatechnologies.utils.validators.abaroutevalidator.Test_AbaRouteValidator_03" time="0.025"/>
  <testcase name="testAbaNumberCheck_3776_bad" classname="com.cardatechnologies.utils.validators.abaroutevalidator.Test_AbaRouteValidator_03" time="0.02"/>
  <testcase name="testAbaNumberCheck_2964_bad" classname="com.cardatechnologies.utils.validators.abaroutevalidator.Test_AbaRouteValidator_03" time="0.022"/>
  <testcase name="testAbaNumberCheck_3778_bad" classname="com.cardatechnologies.utils.validators.abaroutevalidator.Test_AbaRouteValidator_03" time="0.02"/>
  <testcase name="testAbaNumberCheck_2966_bad" classname="com.cardatechnologies.utils.validators.abaroutevalidator.Test_AbaRouteValidator_03" time="0.031"/>
  <testcase name="testAbaNumberCheck_4003_good" classname="com.cardatechnologies.utils.validators.abaroutevalidator.Test_AbaRouteValidator_03" time="0.021"/>
  <testcase name="testAbaNumberCheck_2968_bad" classname="com.cardatechnologies.utils.validators.abaroutevalidator.Test_AbaRouteValidator_03" time="0.021"/>
  <testcase name="testAbaNumberCheck_4590_bad" classname="com.cardatechnologies.utils.validators.abaroutevalidator.Test_AbaRouteValidator_03" time="0.02"/>
  <testcase name="testAbaNumberCheck_4592_bad" classname="com.cardatechnologies.utils.validators.abaroutevalidator.Test_AbaRouteValidator_03" time="0.021"/>
  <testcase name="testAbaNumberCheck_3780_bad" classname="com.cardatechnologies.utils.validators.abaroutevalidator.Test_AbaRouteValidator_03" time="0.021"/>
  <testcase name="testAbaNumberCheck_4594_bad" classname="com.cardatechnologies.utils.validators.abaroutevalidator.Test_AbaRouteValidator_03" time="0.02"/>
  <testcase name="testAbaNumberCheck_3782_bad" classname="com.cardatechnologies.utils.validators.abaroutevalidator.Test_AbaRouteValidator_03" time="0.022"/>
  <testcase name="testAbaNumberCheck_4596_bad" classname="com.cardatechnologies.utils.validators.abaroutevalidator.Test_AbaRouteValidator_03" time="0.02"/>
  <testcase name="testAbaNumberCheck_4211_good" classname="com.cardatechnologies.utils.validators.abaroutevalidator.Test_AbaRouteValidator_03" time="0.021"/>
  <testcase name="testAbaNumberCheck_2970_bad" classname="com.cardatechnologies.utils.validators.abaroutevalidator.Test_AbaRouteValidator_03" time="0.024"/>
  <testcase name="testAbaNumberCheck_3784_bad" classname="com.cardatechnologies.utils.validators.abaroutevalidator.Test_AbaRouteValidator_03" time="0.025"/>
  <testcase name="testAbaNumberCheck_4598_bad" classname="com.cardatechnologies.utils.validators.abaroutevalidator.Test_AbaRouteValidator_03" time="0.027"/>
  <testcase name="testAbaNumberCheck_2972_bad" classname="com.cardatechnologies.utils.validators.abaroutevalidator.Test_AbaRouteValidator_03" time="0.027"/>
  <testcase name="testAbaNumberCheck_3786_bad" classname="com.cardatechnologies.utils.validators.abaroutevalidator.Test_AbaRouteValidator_03" time="0.025"/>
  <testcase name="testAbaNumberCheck_2974_bad" classname="com.cardatechnologies.utils.validators.abaroutevalidator.Test_AbaRouteValidator_03" time="0.028"/>
  <testcase name="testAbaNumberCheck_3788_bad" classname="com.cardatechnologies.utils.validators.abaroutevalidator.Test_AbaRouteValidator_03" time="0.027"/>
  <testcase name="testAbaNumberCheck_2976_bad" classname="com.cardatechnologies.utils.validators.abaroutevalidator.Test_AbaRouteValidator_03" time="0.027"/>
  <testcase name="testAbaNumberCheck_2978_bad" classname="com.cardatechnologies.utils.validators.abaroutevalidator.Test_AbaRouteValidator_03" time="0.031"/>
  <testcase name="testAbaNumberCheck_3790_bad" classname="com.cardatechnologies.utils.validators.abaroutevalidator.Test_AbaRouteValidator_03" time="0.023"/>
  <testcase name="testAbaNumberCheck_3792_bad" classname="com.cardatechnologies.utils.validators.abaroutevalidator.Test_AbaRouteValidator_03" time="0.022"/>
  <testcase name="testAbaNumberCheck_2980_bad" classname="com.cardatechnologies.utils.validators.abaroutevalidator.Test_AbaRouteValidator_03" time="0.021"/>
  <testcase name="testAbaNumberCheck_3794_bad" classname="com.cardatechnologies.utils.validators.abaroutevalidator.Test_AbaRouteValidator_03" time="0.032"/>
  <testcase name="testAbaNumberCheck_2982_bad" classname="com.cardatechnologies.utils.validators.abaroutevalidator.Test_AbaRouteValidator_03" time="0.021"/>
  <testcase name="testAbaNumberCheck_3796_bad" classname="com.cardatechnologies.utils.validators.abaroutevalidator.Test_AbaRouteValidator_03" time="0.021"/>
  <testcase name="testAbaNumberCheck_4131_good" classname="com.cardatechnologies.utils.validators.abaroutevalidator.Test_AbaRouteValidator_03" time="0.021"/>
  <testcase name="testAbaNumberCheck_2984_bad" classname="com.cardatechnologies.utils.validators.abaroutevalidator.Test_AbaRouteValidator_03" time="0.021"/>
  <testcase name="testAbaNumberCheck_3798_bad" classname="com.cardatechnologies.utils.validators.abaroutevalidator.Test_AbaRouteValidator_03" time="0.021"/>
  <testcase name="testAbaNumberCheck_2986_bad" classname="com.cardatechnologies.utils.validators.abaroutevalidator.Test_AbaRouteValidator_03" time="0.021"/>
  <testcase name="testAbaNumberCheck_4005_good" classname="com.cardatechnologies.utils.validators.abaroutevalidator.Test_AbaRouteValidator_03" time="0.02"/>
  <testcase name="testAbaNumberCheck_2988_bad" classname="com.cardatechnologies.utils.validators.abaroutevalidator.Test_AbaRouteValidator_03" time="0.022"/>
  <testcase name="testAbaNumberCheck_4501_good" classname="com.cardatechnologies.utils.validators.abaroutevalidator.Test_AbaRouteValidator_03" time="0.02"/>
  <testcase name="testAbaNumberCheck_4213_good" classname="com.cardatechnologies.utils.validators.abaroutevalidator.Test_AbaRouteValidator_03" time="0.021"/>
  <testcase name="testAbaNumberCheck_2990_bad" classname="com.cardatechnologies.utils.validators.abaroutevalidator.Test_AbaRouteValidator_03" time="0.021"/>
  <testcase name="testAbaNumberCheck_2992_bad" classname="com.cardatechnologies.utils.validators.abaroutevalidator.Test_AbaRouteValidator_03" time="0.024"/>
  <testcase name="testAbaNumberCheck_2994_bad" classname="com.cardatechnologies.utils.validators.abaroutevalidator.Test_AbaRouteValidator_03" time="0.027"/>
  <testcase name="testAbaNumberCheck_2996_bad" classname="com.cardatechnologies.utils.validators.abaroutevalidator.Test_AbaRouteValidator_03" time="0.025"/>
  <testcase name="testAbaNumberCheck_4051_good" classname="com.cardatechnologies.utils.validators.abaroutevalidator.Test_AbaRouteValidator_03" time="0.028"/>
  <testcase name="testAbaNumberCheck_3111_good" classname="com.cardatechnologies.utils.validators.abaroutevalidator.Test_AbaRouteValidator_03" time="0.027"/>
  <testcase name="testAbaNumberCheck_2998_bad" classname="com.cardatechnologies.utils.validators.abaroutevalidator.Test_AbaRouteValidator_03" time="0.028"/>
  <testcase name="testAbaNumberCheck_4421_good" classname="com.cardatechnologies.utils.validators.abaroutevalidator.Test_AbaRouteValidator_03" time="0.038"/>
  <testcase name="testAbaNumberCheck_4133_good" classname="com.cardatechnologies.utils.validators.abaroutevalidator.Test_AbaRouteValidator_03" time="0.026"/>
  <testcase name="testAbaNumberCheck_4007_good" classname="com.cardatechnologies.utils.validators.abaroutevalidator.Test_AbaRouteValidator_03" time="0.028"/>
  <testcase name="testAbaNumberCheck_3031_good" classname="com.cardatechnologies.utils.validators.abaroutevalidator.Test_AbaRouteValidator_03" time="0.033"/>
  <testcase name="testAbaNumberCheck_4503_good" classname="com.cardatechnologies.utils.validators.abaroutevalidator.Test_AbaRouteValidator_03" time="0.024"/>
  <testcase name="testAbaNumberCheck_4341_good" classname="com.cardatechnologies.utils.validators.abaroutevalidator.Test_AbaRouteValidator_03" time="0.022"/>
  <testcase name="testAbaNumberCheck_3401_good" classname="com.cardatechnologies.utils.validators.abaroutevalidator.Test_AbaRouteValidator_03" time="0.023"/>
  <testcase name="testAbaNumberCheck_4215_good" classname="com.cardatechnologies.utils.validators.abaroutevalidator.Test_AbaRouteValidator_03" time="0.024"/>
  <testcase name="testAbaNumberCheck_4053_good" classname="com.cardatechnologies.utils.validators.abaroutevalidator.Test_AbaRouteValidator_03" time="0.023"/>
  <testcase name="testAbaNumberCheck_3113_good" classname="com.cardatechnologies.utils.validators.abaroutevalidator.Test_AbaRouteValidator_03" time="0.023"/>
  <testcase name="testAbaNumberCheck_4711_good" classname="com.cardatechnologies.utils.validators.abaroutevalidator.Test_AbaRouteValidator_03" time="0.024"/>
  <testcase name="testAbaNumberCheck_4423_good" classname="com.cardatechnologies.utils.validators.abaroutevalidator.Test_AbaRouteValidator_03" time="0.027"/>
  <testcase name="testAbaNumberCheck_4261_good" classname="com.cardatechnologies.utils.validators.abaroutevalidator.Test_AbaRouteValidator_03" time="0.031"/>
  <testcase name="testAbaNumberCheck_3321_good" classname="com.cardatechnologies.utils.validators.abaroutevalidator.Test_AbaRouteValidator_03" time="0.032"/>
  <testcase name="testAbaNumberCheck_4135_good" classname="com.cardatechnologies.utils.validators.abaroutevalidator.Test_AbaRouteValidator_03" time="0.026"/>
  <testcase name="testAbaNumberCheck_4009_good" classname="com.cardatechnologies.utils.validators.abaroutevalidator.Test_AbaRouteValidator_03" time="0.022"/>
  <testcase name="testAbaNumberCheck_3033_good" classname="com.cardatechnologies.utils.validators.abaroutevalidator.Test_AbaRouteValidator_03" time="0.022"/>
  <testcase name="testAbaNumberCheck_4631_good" classname="com.cardatechnologies.utils.validators.abaroutevalidator.Test_AbaRouteValidator_03" time="0.023"/>
  <testcase name="testAbaNumberCheck_4505_good" classname="com.cardatechnologies.utils.validators.abaroutevalidator.Test_AbaRouteValidator_03" time="0.022"/>
  <testcase name="testAbaNumberCheck_4343_good" classname="com.cardatechnologies.utils.validators.abaroutevalidator.Test_AbaRouteValidator_03" time="0.021"/>
  <testcase name="testAbaNumberCheck_3403_good" classname="com.cardatechnologies.utils.validators.abaroutevalidator.Test_AbaRouteValidator_03" time="0.028"/>
  <testcase name="testAbaNumberCheck_4217_good" classname="com.cardatechnologies.utils.validators.abaroutevalidator.Test_AbaRouteValidator_03" time="0.031"/>
  <testcase name="testAbaNumberCheck_4181_good" classname="com.cardatechnologies.utils.validators.abaroutevalidator.Test_AbaRouteValidator_03" time="0.024"/>
  <testcase name="testAbaNumberCheck_3241_good" classname="com.cardatechnologies.utils.validators.abaroutevalidator.Test_AbaRouteValidator_03" time="0.025"/>
  <testcase name="testAbaNumberCheck_4055_good" classname="com.cardatechnologies.utils.validators.abaroutevalidator.Test_AbaRouteValidator_03" time="0.028"/>
  <testcase name="testAbaNumberCheck_3115_good" classname="com.cardatechnologies.utils.validators.abaroutevalidator.Test_AbaRouteValidator_03" time="0.024"/>
  <testcase name="testAbaNumberCheck_4713_good" classname="com.cardatechnologies.utils.validators.abaroutevalidator.Test_AbaRouteValidator_03" time="0.025"/>
  <testcase name="testAbaNumberCheck_4551_good" classname="com.cardatechnologies.utils.validators.abaroutevalidator.Test_AbaRouteValidator_03" time="0.026"/>
  <testcase name="testAbaNumberCheck_3611_good" classname="com.cardatechnologies.utils.validators.abaroutevalidator.Test_AbaRouteValidator_03" time="0.025"/>
  <testcase name="testAbaNumberCheck_4425_good" classname="com.cardatechnologies.utils.validators.abaroutevalidator.Test_AbaRouteValidator_03" time="0.021"/>
  <testcase name="testAbaNumberCheck_4263_good" classname="com.cardatechnologies.utils.validators.abaroutevalidator.Test_AbaRouteValidator_03" time="0.021"/>
  <testcase name="testAbaNumberCheck_3323_good" classname="com.cardatechnologies.utils.validators.abaroutevalidator.Test_AbaRouteValidator_03" time="0.022"/>
  <testcase name="testAbaNumberCheck_4921_good" classname="com.cardatechnologies.utils.validators.abaroutevalidator.Test_AbaRouteValidator_03" time="0.02"/>
  <testcase name="testAbaNumberCheck_4137_good" classname="com.cardatechnologies.utils.validators.abaroutevalidator.Test_AbaRouteValidator_03" time="0.021"/>
  <testcase name="testAbaNumberCheck_3161_good" classname="com.cardatechnologies.utils.validators.abaroutevalidator.Test_AbaRouteValidator_03" time="0.02"/>
  <testcase name="testAbaNumberCheck_3035_good" classname="com.cardatechnologies.utils.validators.abaroutevalidator.Test_AbaRouteValidator_03" time="0.021"/>
  <testcase name="testAbaNumberCheck_4633_good" classname="com.cardatechnologies.utils.validators.abaroutevalidator.Test_AbaRouteValidator_03" time="0.021"/>
  <testcase name="testAbaNumberCheck_4507_good" classname="com.cardatechnologies.utils.validators.abaroutevalidator.Test_AbaRouteValidator_03" time="0.02"/>
  <testcase name="testAbaNumberCheck_4471_good" classname="com.cardatechnologies.utils.validators.abaroutevalidator.Test_AbaRouteValidator_03" time="0.021"/>
  <testcase name="testAbaNumberCheck_3531_good" classname="com.cardatechnologies.utils.validators.abaroutevalidator.Test_AbaRouteValidator_03" time="0.021"/>
  <testcase name="testAbaNumberCheck_4345_good" classname="com.cardatechnologies.utils.validators.abaroutevalidator.Test_AbaRouteValidator_03" time="0.02"/>
  <testcase name="testAbaNumberCheck_3405_good" classname="com.cardatechnologies.utils.validators.abaroutevalidator.Test_AbaRouteValidator_03" time="0.021"/>
  <testcase name="testAbaNumberCheck_4219_good" classname="com.cardatechnologies.utils.validators.abaroutevalidator.Test_AbaRouteValidator_03" time="0.021"/>
  <testcase name="testAbaNumberCheck_4183_good" classname="com.cardatechnologies.utils.validators.abaroutevalidator.Test_AbaRouteValidator_03" time="0.026"/>
  <testcase name="testAbaNumberCheck_3243_good" classname="com.cardatechnologies.utils.validators.abaroutevalidator.Test_AbaRouteValidator_03" time="0.026"/>
  <testcase name="testAbaNumberCheck_4841_good" classname="com.cardatechnologies.utils.validators.abaroutevalidator.Test_AbaRouteValidator_03" time="0.021"/>
  <testcase name="testAbaNumberCheck_3901_good" classname="com.cardatechnologies.utils.validators.abaroutevalidator.Test_AbaRouteValidator_03" time="0.021"/>
  <testcase name="testAbaNumberCheck_4057_good" classname="com.cardatechnologies.utils.validators.abaroutevalidator.Test_AbaRouteValidator_03" time="0.022"/>
  <testcase name="testAbaNumberCheck_3117_good" classname="com.cardatechnologies.utils.validators.abaroutevalidator.Test_AbaRouteValidator_03" time="0.033"/>
  <testcase name="testAbaNumberCheck_4715_good" classname="com.cardatechnologies.utils.validators.abaroutevalidator.Test_AbaRouteValidator_03" time="0.025"/>
  <testcase name="testAbaNumberCheck_3081_good" classname="com.cardatechnologies.utils.validators.abaroutevalidator.Test_AbaRouteValidator_03" time="0.024"/>
  <testcase name="testAbaNumberCheck_4553_good" classname="com.cardatechnologies.utils.validators.abaroutevalidator.Test_AbaRouteValidator_03" time="0.025"/>
  <testcase name="testAbaNumberCheck_3613_good" classname="com.cardatechnologies.utils.validators.abaroutevalidator.Test_AbaRouteValidator_03" time="0.024"/>
  <testcase name="testAbaNumberCheck_4427_good" classname="com.cardatechnologies.utils.validators.abaroutevalidator.Test_AbaRouteValidator_03" time="0.025"/>
  <testcase name="testAbaNumberCheck_4391_good" classname="com.cardatechnologies.utils.validators.abaroutevalidator.Test_AbaRouteValidator_03" time="0.027"/>
  <testcase name="testAbaNumberCheck_3451_good" classname="com.cardatechnologies.utils.validators.abaroutevalidator.Test_AbaRouteValidator_03" time="0.027"/>
  <testcase name="testAbaNumberCheck_2511_good" classname="com.cardatechnologies.utils.validators.abaroutevalidator.Test_AbaRouteValidator_03" time="0.027"/>
  <testcase name="testAbaNumberCheck_4265_good" classname="com.cardatechnologies.utils.validators.abaroutevalidator.Test_AbaRouteValidator_03" time="0.027"/>
  <testcase name="testAbaNumberCheck_3325_good" classname="com.cardatechnologies.utils.validators.abaroutevalidator.Test_AbaRouteValidator_03" time="0.028"/>
  <testcase name="testAbaNumberCheck_4923_good" classname="com.cardatechnologies.utils.validators.abaroutevalidator.Test_AbaRouteValidator_03" time="0.026"/>
  <testcase name="testAbaNumberCheck_4139_good" classname="com.cardatechnologies.utils.validators.abaroutevalidator.Test_AbaRouteValidator_03" time="0.023"/>
  <testcase name="testAbaNumberCheck_3163_good" classname="com.cardatechnologies.utils.validators.abaroutevalidator.Test_AbaRouteValidator_03" time="0.02"/>
  <testcase name="testAbaNumberCheck_4761_good" classname="com.cardatechnologies.utils.validators.abaroutevalidator.Test_AbaRouteValidator_03" time="0.021"/>
  <testcase name="testAbaNumberCheck_3821_good" classname="com.cardatechnologies.utils.validators.abaroutevalidator.Test_AbaRouteValidator_03" time="0.022"/>
  <testcase name="testAbaNumberCheck_3037_good" classname="com.cardatechnologies.utils.validators.abaroutevalidator.Test_AbaRouteValidator_03" time="0.023"/>
  <testcase name="testAbaNumberCheck_4635_good" classname="com.cardatechnologies.utils.validators.abaroutevalidator.Test_AbaRouteValidator_03" time="0.034"/>
  <testcase name="testAbaNumberCheck_4509_good" classname="com.cardatechnologies.utils.validators.abaroutevalidator.Test_AbaRouteValidator_03" time="0.023"/>
  <testcase name="testAbaNumberCheck_4473_good" classname="com.cardatechnologies.utils.validators.abaroutevalidator.Test_AbaRouteValidator_03" time="0.023"/>
  <testcase name="testAbaNumberCheck_3533_good" classname="com.cardatechnologies.utils.validators.abaroutevalidator.Test_AbaRouteValidator_03" time="0.031"/>
  <testcase name="testAbaNumberCheck_4347_good" classname="com.cardatechnologies.utils.validators.abaroutevalidator.Test_AbaRouteValidator_03" time="0.027"/>
  <testcase name="testAbaNumberCheck_3407_good" classname="com.cardatechnologies.utils.validators.abaroutevalidator.Test_AbaRouteValidator_03" time="0.023"/>
  <testcase name="testAbaNumberCheck_3371_good" classname="com.cardatechnologies.utils.validators.abaroutevalidator.Test_AbaRouteValidator_03" time="0.022"/>
  <testcase name="testAbaNumberCheck_4185_good" classname="com.cardatechnologies.utils.validators.abaroutevalidator.Test_AbaRouteValidator_03" time="0.023"/>
  <testcase name="testAbaNumberCheck_3245_good" classname="com.cardatechnologies.utils.validators.abaroutevalidator.Test_AbaRouteValidator_03" time="0.025"/>
  <testcase name="testAbaNumberCheck_4843_good" classname="com.cardatechnologies.utils.validators.abaroutevalidator.Test_AbaRouteValidator_03" time="0.022"/>
  <testcase name="testAbaNumberCheck_3903_good" classname="com.cardatechnologies.utils.validators.abaroutevalidator.Test_AbaRouteValidator_03" time="0.024"/>
  <testcase name="testAbaNumberCheck_4059_good" classname="com.cardatechnologies.utils.validators.abaroutevalidator.Test_AbaRouteValidator_03" time="0.023"/>
  <testcase name="testAbaNumberCheck_3119_good" classname="com.cardatechnologies.utils.validators.abaroutevalidator.Test_AbaRouteValidator_03" time="0.023"/>
  <testcase name="testAbaNumberCheck_4717_good" classname="com.cardatechnologies.utils.validators.abaroutevalidator.Test_AbaRouteValidator_03" time="0.025"/>
  <testcase name="testAbaNumberCheck_3083_good" classname="com.cardatechnologies.utils.validators.abaroutevalidator.Test_AbaRouteValidator_03" time="0.024"/>
  <testcase name="testAbaNumberCheck_4681_good" classname="com.cardatechnologies.utils.validators.abaroutevalidator.Test_AbaRouteValidator_03" time="0.021"/>
  <testcase name="testAbaNumberCheck_3741_good" classname="com.cardatechnologies.utils.validators.abaroutevalidator.Test_AbaRouteValidator_03" time="0.021"/>
  <testcase name="testAbaNumberCheck_2801_good" classname="com.cardatechnologies.utils.validators.abaroutevalidator.Test_AbaRouteValidator_03" time="0.021"/>
  <testcase name="testAbaNumberCheck_4555_good" classname="com.cardatechnologies.utils.validators.abaroutevalidator.Test_AbaRouteValidator_03" time="0.021"/>
  <testcase name="testAbaNumberCheck_3615_good" classname="com.cardatechnologies.utils.validators.abaroutevalidator.Test_AbaRouteValidator_03" time="0.021"/>
  <testcase name="testAbaNumberCheck_4429_good" classname="com.cardatechnologies.utils.validators.abaroutevalidator.Test_AbaRouteValidator_03" time="0.021"/>
  <testcase name="testAbaNumberCheck_4393_good" classname="com.cardatechnologies.utils.validators.abaroutevalidator.Test_AbaRouteValidator_03" time="0.021"/>
  <testcase name="testAbaNumberCheck_3453_good" classname="com.cardatechnologies.utils.validators.abaroutevalidator.Test_AbaRouteValidator_03" time="0.025"/>
  <testcase name="testAbaNumberCheck_2513_good" classname="com.cardatechnologies.utils.validators.abaroutevalidator.Test_AbaRouteValidator_03" time="0.021"/>
  <testcase name="testAbaNumberCheck_4267_good" classname="com.cardatechnologies.utils.validators.abaroutevalidator.Test_AbaRouteValidator_03" time="0.022"/>
  <testcase name="testAbaNumberCheck_3327_good" classname="com.cardatechnologies.utils.validators.abaroutevalidator.Test_AbaRouteValidator_03" time="0.021"/>
  <testcase name="testAbaNumberCheck_4925_good" classname="com.cardatechnologies.utils.validators.abaroutevalidator.Test_AbaRouteValidator_03" time="0.024"/>
  <testcase name="testAbaNumberCheck_3291_good" classname="com.cardatechnologies.utils.validators.abaroutevalidator.Test_AbaRouteValidator_03" time="0.023"/>
  <testcase name="testAbaNumberCheck_3165_good" classname="com.cardatechnologies.utils.validators.abaroutevalidator.Test_AbaRouteValidator_03" time="0.02"/>
  <testcase name="testAbaNumberCheck_4763_good" classname="com.cardatechnologies.utils.validators.abaroutevalidator.Test_AbaRouteValidator_03" time="0.021"/>
  <testcase name="testAbaNumberCheck_3823_good" classname="com.cardatechnologies.utils.validators.abaroutevalidator.Test_AbaRouteValidator_03" time="0.021"/>
  <testcase name="testAbaNumberCheck_3039_good" classname="com.cardatechnologies.utils.validators.abaroutevalidator.Test_AbaRouteValidator_03" time="0.021"/>
  <testcase name="testAbaNumberCheck_4637_good" classname="com.cardatechnologies.utils.validators.abaroutevalidator.Test_AbaRouteValidator_03" time="0.02"/>
  <testcase name="testAbaNumberCheck_3661_good" classname="com.cardatechnologies.utils.validators.abaroutevalidator.Test_AbaRouteValidator_03" time="0.021"/>
  <testcase name="testAbaNumberCheck_2721_good" classname="com.cardatechnologies.utils.validators.abaroutevalidator.Test_AbaRouteValidator_03" time="0.02"/>
  <testcase name="testAbaNumberCheck_4475_good" classname="com.cardatechnologies.utils.validators.abaroutevalidator.Test_AbaRouteValidator_03" time="0.021"/>
  <testcase name="testAbaNumberCheck_3535_good" classname="com.cardatechnologies.utils.validators.abaroutevalidator.Test_AbaRouteValidator_03" time="0.02"/>
  <testcase name="testAbaNumberCheck_4349_good" classname="com.cardatechnologies.utils.validators.abaroutevalidator.Test_AbaRouteValidator_03" time="0.021"/>
  <testcase name="testAbaNumberCheck_3409_good" classname="com.cardatechnologies.utils.validators.abaroutevalidator.Test_AbaRouteValidator_03" time="0.021"/>
  <testcase name="testAbaNumberCheck_3373_good" classname="com.cardatechnologies.utils.validators.abaroutevalidator.Test_AbaRouteValidator_03" time="0.026"/>
  <testcase name="testAbaNumberCheck_4971_good" classname="com.cardatechnologies.utils.validators.abaroutevalidator.Test_AbaRouteValidator_03" time="0.02"/>
  <testcase name="testAbaNumberCheck_4187_good" classname="com.cardatechnologies.utils.validators.abaroutevalidator.Test_AbaRouteValidator_03" time="0.022"/>
  <testcase name="testAbaNumberCheck_3247_good" classname="com.cardatechnologies.utils.validators.abaroutevalidator.Test_AbaRouteValidator_03" time="0.021"/>
  <testcase name="testAbaNumberCheck_4845_good" classname="com.cardatechnologies.utils.validators.abaroutevalidator.Test_AbaRouteValidator_03" time="0.021"/>
  <testcase name="testAbaNumberCheck_3905_good" classname="com.cardatechnologies.utils.validators.abaroutevalidator.Test_AbaRouteValidator_03" time="0.025"/>
  <testcase name="testAbaNumberCheck_4719_good" classname="com.cardatechnologies.utils.validators.abaroutevalidator.Test_AbaRouteValidator_03" time="0.025"/>
  <testcase name="testAbaNumberCheck_3085_good" classname="com.cardatechnologies.utils.validators.abaroutevalidator.Test_AbaRouteValidator_03" time="0.035"/>
  <testcase name="testAbaNumberCheck_4683_good" classname="com.cardatechnologies.utils.validators.abaroutevalidator.Test_AbaRouteValidator_03" time="0.024"/>
  <testcase name="testAbaNumberCheck_3743_good" classname="com.cardatechnologies.utils.validators.abaroutevalidator.Test_AbaRouteValidator_03" time="0.027"/>
  <testcase name="testAbaNumberCheck_2803_good" classname="com.cardatechnologies.utils.validators.abaroutevalidator.Test_AbaRouteValidator_03" time="0.035"/>
  <testcase name="testAbaNumberCheck_4557_good" classname="com.cardatechnologies.utils.validators.abaroutevalidator.Test_AbaRouteValidator_03" time="0.029"/>
  <testcase name="testAbaNumberCheck_3617_good" classname="com.cardatechnologies.utils.validators.abaroutevalidator.Test_AbaRouteValidator_03" time="0.028"/>
  <testcase name="testAbaNumberCheck_3581_good" classname="com.cardatechnologies.utils.validators.abaroutevalidator.Test_AbaRouteValidator_03" time="0.027"/>
  <testcase name="testAbaNumberCheck_2641_good" classname="com.cardatechnologies.utils.validators.abaroutevalidator.Test_AbaRouteValidator_03" time="0.027"/>
  <testcase name="testAbaNumberCheck_4395_good" classname="com.cardatechnologies.utils.validators.abaroutevalidator.Test_AbaRouteValidator_03" time="0.029"/>
  <testcase name="testAbaNumberCheck_3455_good" classname="com.cardatechnologies.utils.validators.abaroutevalidator.Test_AbaRouteValidator_03" time="0.027"/>
  <testcase name="testAbaNumberCheck_2515_good" classname="com.cardatechnologies.utils.validators.abaroutevalidator.Test_AbaRouteValidator_03" time="0.028"/>
  <testcase name="testAbaNumberCheck_4269_good" classname="com.cardatechnologies.utils.validators.abaroutevalidator.Test_AbaRouteValidator_03" time="0.028"/>
  <testcase name="testAbaNumberCheck_3329_good" classname="com.cardatechnologies.utils.validators.abaroutevalidator.Test_AbaRouteValidator_03" time="0.027"/>
  <testcase name="testAbaNumberCheck_4927_good" classname="com.cardatechnologies.utils.validators.abaroutevalidator.Test_AbaRouteValidator_03" time="0.023"/>
  <testcase name="testAbaNumberCheck_3293_good" classname="com.cardatechnologies.utils.validators.abaroutevalidator.Test_AbaRouteValidator_03" time="0.023"/>
  <testcase name="testAbaNumberCheck_4891_good" classname="com.cardatechnologies.utils.validators.abaroutevalidator.Test_AbaRouteValidator_03" time="0.024"/>
  <testcase name="testAbaNumberCheck_3951_good" classname="com.cardatechnologies.utils.validators.abaroutevalidator.Test_AbaRouteValidator_03" time="0.025"/>
  <testcase name="testAbaNumberCheck_3167_good" classname="com.cardatechnologies.utils.validators.abaroutevalidator.Test_AbaRouteValidator_03" time="0.024"/>
  <testcase name="testAbaNumberCheck_4765_good" classname="com.cardatechnologies.utils.validators.abaroutevalidator.Test_AbaRouteValidator_03" time="0.022"/>
  <testcase name="testAbaNumberCheck_3825_good" classname="com.cardatechnologies.utils.validators.abaroutevalidator.Test_AbaRouteValidator_03" time="0.021"/>
  <testcase name="testAbaNumberCheck_4639_good" classname="com.cardatechnologies.utils.validators.abaroutevalidator.Test_AbaRouteValidator_03" time="0.027"/>
  <testcase name="testAbaNumberCheck_3663_good" classname="com.cardatechnologies.utils.validators.abaroutevalidator.Test_AbaRouteValidator_03" time="0.022"/>
  <testcase name="testAbaNumberCheck_2723_good" classname="com.cardatechnologies.utils.validators.abaroutevalidator.Test_AbaRouteValidator_03" time="0.022"/>
  <testcase name="testAbaNumberCheck_4477_good" classname="com.cardatechnologies.utils.validators.abaroutevalidator.Test_AbaRouteValidator_03" time="0.02"/>
  <testcase name="testAbaNumberCheck_3537_good" classname="com.cardatechnologies.utils.validators.abaroutevalidator.Test_AbaRouteValidator_03" time="0.029"/>
  <testcase name="testAbaNumberCheck_2561_good" classname="com.cardatechnologies.utils.validators.abaroutevalidator.Test_AbaRouteValidator_03" time="0.024"/>
  <testcase name="testAbaNumberCheck_3375_good" classname="com.cardatechnologies.utils.validators.abaroutevalidator.Test_AbaRouteValidator_03" time="0.024"/>
  <testcase name="testAbaNumberCheck_4973_good" classname="com.cardatechnologies.utils.validators.abaroutevalidator.Test_AbaRouteValidator_03" time="0.021"/>
  <testcase name="testAbaNumberCheck_4189_good" classname="com.cardatechnologies.utils.validators.abaroutevalidator.Test_AbaRouteValidator_03" time="0.02"/>
  <testcase name="testAbaNumberCheck_3249_good" classname="com.cardatechnologies.utils.validators.abaroutevalidator.Test_AbaRouteValidator_03" time="0.021"/>
  <testcase name="testAbaNumberCheck_4847_good" classname="com.cardatechnologies.utils.validators.abaroutevalidator.Test_AbaRouteValidator_03" time="0.021"/>
  <testcase name="testAbaNumberCheck_3907_good" classname="com.cardatechnologies.utils.validators.abaroutevalidator.Test_AbaRouteValidator_03" time="0.02"/>
  <testcase name="testAbaNumberCheck_3871_good" classname="com.cardatechnologies.utils.validators.abaroutevalidator.Test_AbaRouteValidator_03" time="0.021"/>
  <testcase name="testAbaNumberCheck_2931_good" classname="com.cardatechnologies.utils.validators.abaroutevalidator.Test_AbaRouteValidator_03" time="0.021"/>
  <testcase name="testAbaNumberCheck_3087_good" classname="com.cardatechnologies.utils.validators.abaroutevalidator.Test_AbaRouteValidator_03" time="0.02"/>
  <testcase name="testAbaNumberCheck_4685_good" classname="com.cardatechnologies.utils.validators.abaroutevalidator.Test_AbaRouteValidator_03" time="0.022"/>
  <testcase name="testAbaNumberCheck_3745_good" classname="com.cardatechnologies.utils.validators.abaroutevalidator.Test_AbaRouteValidator_03" time="0.02"/>
  <testcase name="testAbaNumberCheck_2805_good" classname="com.cardatechnologies.utils.validators.abaroutevalidator.Test_AbaRouteValidator_03" time="0.02"/>
  <testcase name="testAbaNumberCheck_4559_good" classname="com.cardatechnologies.utils.validators.abaroutevalidator.Test_AbaRouteValidator_03" time="0.021"/>
  <testcase name="testAbaNumberCheck_3619_good" classname="com.cardatechnologies.utils.validators.abaroutevalidator.Test_AbaRouteValidator_03" time="0.02"/>
  <testcase name="testAbaNumberCheck_3583_good" classname="com.cardatechnologies.utils.validators.abaroutevalidator.Test_AbaRouteValidator_03" time="0.022"/>
  <testcase name="testAbaNumberCheck_2643_good" classname="com.cardatechnologies.utils.validators.abaroutevalidator.Test_AbaRouteValidator_03" time="0.021"/>
  <testcase name="testAbaNumberCheck_4397_good" classname="com.cardatechnologies.utils.validators.abaroutevalidator.Test_AbaRouteValidator_03" time="0.021"/>
  <testcase name="testAbaNumberCheck_3457_good" classname="com.cardatechnologies.utils.validators.abaroutevalidator.Test_AbaRouteValidator_03" time="0.02"/>
  <testcase name="testAbaNumberCheck_2517_good" classname="com.cardatechnologies.utils.validators.abaroutevalidator.Test_AbaRouteValidator_03" time="0.028"/>
  <testcase name="testAbaNumberCheck_4929_good" classname="com.cardatechnologies.utils.validators.abaroutevalidator.Test_AbaRouteValidator_03" time="0.021"/>
  <testcase name="testAbaNumberCheck_3295_good" classname="com.cardatechnologies.utils.validators.abaroutevalidator.Test_AbaRouteValidator_03" time="0.022"/>
  <testcase name="testAbaNumberCheck_4893_good" classname="com.cardatechnologies.utils.validators.abaroutevalidator.Test_AbaRouteValidator_03" time="0.021"/>
  <testcase name="testAbaNumberCheck_3953_good" classname="com.cardatechnologies.utils.validators.abaroutevalidator.Test_AbaRouteValidator_03" time="0.029"/>
  <testcase name="testAbaNumberCheck_3169_good" classname="com.cardatechnologies.utils.validators.abaroutevalidator.Test_AbaRouteValidator_03" time="0.031"/>
  <testcase name="testAbaNumberCheck_4767_good" classname="com.cardatechnologies.utils.validators.abaroutevalidator.Test_AbaRouteValidator_03" time="0.024"/>
  <testcase name="testAbaNumberCheck_3827_good" classname="com.cardatechnologies.utils.validators.abaroutevalidator.Test_AbaRouteValidator_03" time="0.025"/>
  <testcase name="testAbaNumberCheck_3791_good" classname="com.cardatechnologies.utils.validators.abaroutevalidator.Test_AbaRouteValidator_03" time="0.024"/>
  <testcase name="testAbaNumberCheck_2851_good" classname="com.cardatechnologies.utils.validators.abaroutevalidator.Test_AbaRouteValidator_03" time="0.025"/>
  <testcase name="testAbaNumberCheck_3665_good" classname="com.cardatechnologies.utils.validators.abaroutevalidator.Test_AbaRouteValidator_03" time="0.023"/>
  <testcase name="testAbaNumberCheck_2725_good" classname="com.cardatechnologies.utils.validators.abaroutevalidator.Test_AbaRouteValidator_03" time="0.036"/>
  <testcase name="testAbaNumberCheck_4479_good" classname="com.cardatechnologies.utils.validators.abaroutevalidator.Test_AbaRouteValidator_03" time="0.023"/>
  <testcase name="testAbaNumberCheck_3539_good" classname="com.cardatechnologies.utils.validators.abaroutevalidator.Test_AbaRouteValidator_03" time="0.023"/>
  <testcase name="testAbaNumberCheck_2563_good" classname="com.cardatechnologies.utils.validators.abaroutevalidator.Test_AbaRouteValidator_03" time="0.024"/>
  <testcase name="testAbaNumberCheck_3377_good" classname="com.cardatechnologies.utils.validators.abaroutevalidator.Test_AbaRouteValidator_03" time="0.031"/>
  <testcase name="testAbaNumberCheck_4975_good" classname="com.cardatechnologies.utils.validators.abaroutevalidator.Test_AbaRouteValidator_03" time="0.025"/>
  <testcase name="testAbaNumberCheck_4849_good" classname="com.cardatechnologies.utils.validators.abaroutevalidator.Test_AbaRouteValidator_03" time="0.023"/>
  <testcase name="testAbaNumberCheck_3909_good" classname="com.cardatechnologies.utils.validators.abaroutevalidator.Test_AbaRouteValidator_03" time="0.021"/>
  <testcase name="testAbaNumberCheck_3873_good" classname="com.cardatechnologies.utils.validators.abaroutevalidator.Test_AbaRouteValidator_03" time="0.022"/>
  <testcase name="testAbaNumberCheck_2933_good" classname="com.cardatechnologies.utils.validators.abaroutevalidator.Test_AbaRouteValidator_03" time="0.029"/>
  <testcase name="testAbaNumberCheck_3089_good" classname="com.cardatechnologies.utils.validators.abaroutevalidator.Test_AbaRouteValidator_03" time="0.026"/>
  <testcase name="testAbaNumberCheck_4687_good" classname="com.cardatechnologies.utils.validators.abaroutevalidator.Test_AbaRouteValidator_03" time="0.021"/>
  <testcase name="testAbaNumberCheck_3747_good" classname="com.cardatechnologies.utils.validators.abaroutevalidator.Test_AbaRouteValidator_03" time="0.023"/>
  <testcase name="testAbaNumberCheck_2807_good" classname="com.cardatechnologies.utils.validators.abaroutevalidator.Test_AbaRouteValidator_03" time="0.022"/>
  <testcase name="testAbaNumberCheck_2771_good" classname="com.cardatechnologies.utils.validators.abaroutevalidator.Test_AbaRouteValidator_03" time="0.03"/>
  <testcase name="testAbaNumberCheck_3585_good" classname="com.cardatechnologies.utils.validators.abaroutevalidator.Test_AbaRouteValidator_03" time="0.025"/>
  <testcase name="testAbaNumberCheck_2645_good" classname="com.cardatechnologies.utils.validators.abaroutevalidator.Test_AbaRouteValidator_03" time="0.021"/>
  <testcase name="testAbaNumberCheck_4100_bad" classname="com.cardatechnologies.utils.validators.abaroutevalidator.Test_AbaRouteValidator_03" time="0.021"/>
  <testcase name="testAbaNumberCheck_4399_good" classname="com.cardatechnologies.utils.validators.abaroutevalidator.Test_AbaRouteValidator_03" time="0.021"/>
  <testcase name="testAbaNumberCheck_3459_good" classname="com.cardatechnologies.utils.validators.abaroutevalidator.Test_AbaRouteValidator_03" time="0.021"/>
  <testcase name="testAbaNumberCheck_2519_good" classname="com.cardatechnologies.utils.validators.abaroutevalidator.Test_AbaRouteValidator_03" time="0.02"/>
  <testcase name="testAbaNumberCheck_4102_bad" classname="com.cardatechnologies.utils.validators.abaroutevalidator.Test_AbaRouteValidator_03" time="0.021"/>
  <testcase name="testAbaNumberCheck_4104_bad" classname="com.cardatechnologies.utils.validators.abaroutevalidator.Test_AbaRouteValidator_03" time="0.021"/>
  <testcase name="testAbaNumberCheck_4106_bad" classname="com.cardatechnologies.utils.validators.abaroutevalidator.Test_AbaRouteValidator_03" time="0.021"/>
  <testcase name="testAbaNumberCheck_4108_bad" classname="com.cardatechnologies.utils.validators.abaroutevalidator.Test_AbaRouteValidator_03" time="0.021"/>
  <testcase name="testAbaNumberCheck_3297_good" classname="com.cardatechnologies.utils.validators.abaroutevalidator.Test_AbaRouteValidator_03" time="0.02"/>
  <testcase name="testAbaNumberCheck_4895_good" classname="com.cardatechnologies.utils.validators.abaroutevalidator.Test_AbaRouteValidator_03" time="0.022"/>
  <testcase name="testAbaNumberCheck_3955_good" classname="com.cardatechnologies.utils.validators.abaroutevalidator.Test_AbaRouteValidator_03" time="0.021"/>
  <testcase name="testAbaNumberCheck_4769_good" classname="com.cardatechnologies.utils.validators.abaroutevalidator.Test_AbaRouteValidator_03" time="0.023"/>
  <testcase name="testAbaNumberCheck_3829_good" classname="com.cardatechnologies.utils.validators.abaroutevalidator.Test_AbaRouteValidator_03" time="0.023"/>
  <testcase name="testAbaNumberCheck_3793_good" classname="com.cardatechnologies.utils.validators.abaroutevalidator.Test_AbaRouteValidator_03" time="0.022"/>
  <testcase name="testAbaNumberCheck_2853_good" classname="com.cardatechnologies.utils.validators.abaroutevalidator.Test_AbaRouteValidator_03" time="0.023"/>
  <testcase name="testAbaNumberCheck_3667_good" classname="com.cardatechnologies.utils.validators.abaroutevalidator.Test_AbaRouteValidator_03" time="0.024"/>
  <testcase name="testAbaNumberCheck_2727_good" classname="com.cardatechnologies.utils.validators.abaroutevalidator.Test_AbaRouteValidator_03" time="0.03"/>
  <testcase name="testAbaNumberCheck_2691_good" classname="com.cardatechnologies.utils.validators.abaroutevalidator.Test_AbaRouteValidator_03" time="0.025"/>
  <testcase name="testAbaNumberCheck_4110_bad" classname="com.cardatechnologies.utils.validators.abaroutevalidator.Test_AbaRouteValidator_03" time="0.02"/>
  <testcase name="testAbaNumberCheck_2565_good" classname="com.cardatechnologies.utils.validators.abaroutevalidator.Test_AbaRouteValidator_03" time="0.021"/>
  <testcase name="testAbaNumberCheck_4112_bad" classname="com.cardatechnologies.utils.validators.abaroutevalidator.Test_AbaRouteValidator_03" time="0.021"/>
  <testcase name="testAbaNumberCheck_3300_bad" classname="com.cardatechnologies.utils.validators.abaroutevalidator.Test_AbaRouteValidator_03" time="0.032"/>
  <testcase name="testAbaNumberCheck_4114_bad" classname="com.cardatechnologies.utils.validators.abaroutevalidator.Test_AbaRouteValidator_03" time="0.024"/>
  <testcase name="testAbaNumberCheck_3379_good" classname="com.cardatechnologies.utils.validators.abaroutevalidator.Test_AbaRouteValidator_03" time="0.022"/>
  <testcase name="testAbaNumberCheck_3302_bad" classname="com.cardatechnologies.utils.validators.abaroutevalidator.Test_AbaRouteValidator_03" time="0.021"/>
  <testcase name="testAbaNumberCheck_4116_bad" classname="com.cardatechnologies.utils.validators.abaroutevalidator.Test_AbaRouteValidator_03" time="0.024"/>
  <testcase name="testAbaNumberCheck_4977_good" classname="com.cardatechnologies.utils.validators.abaroutevalidator.Test_AbaRouteValidator_03" time="0.023"/>
  <testcase name="testAbaNumberCheck_3304_bad" classname="com.cardatechnologies.utils.validators.abaroutevalidator.Test_AbaRouteValidator_03" time="0.022"/>
  <testcase name="testAbaNumberCheck_4118_bad" classname="com.cardatechnologies.utils.validators.abaroutevalidator.Test_AbaRouteValidator_03" time="0.022"/>
  <testcase name="testAbaNumberCheck_3306_bad" classname="com.cardatechnologies.utils.validators.abaroutevalidator.Test_AbaRouteValidator_03" time="0.023"/>
  <testcase name="testAbaNumberCheck_3308_bad" classname="com.cardatechnologies.utils.validators.abaroutevalidator.Test_AbaRouteValidator_03" time="0.022"/>
  <testcase name="testAbaNumberCheck_3875_good" classname="com.cardatechnologies.utils.validators.abaroutevalidator.Test_AbaRouteValidator_03" time="0.023"/>
  <testcase name="testAbaNumberCheck_2935_good" classname="com.cardatechnologies.utils.validators.abaroutevalidator.Test_AbaRouteValidator_03" time="0.021"/>
  <testcase name="testAbaNumberCheck_4689_good" classname="com.cardatechnologies.utils.validators.abaroutevalidator.Test_AbaRouteValidator_03" time="0.021"/>
  <testcase name="testAbaNumberCheck_3749_good" classname="com.cardatechnologies.utils.validators.abaroutevalidator.Test_AbaRouteValidator_03" time="0.02"/>
  <testcase name="testAbaNumberCheck_2809_good" classname="com.cardatechnologies.utils.validators.abaroutevalidator.Test_AbaRouteValidator_03" time="0.021"/>
  <testcase name="testAbaNumberCheck_2773_good" classname="com.cardatechnologies.utils.validators.abaroutevalidator.Test_AbaRouteValidator_03" time="0.022"/>
  <testcase name="testAbaNumberCheck_3587_good" classname="com.cardatechnologies.utils.validators.abaroutevalidator.Test_AbaRouteValidator_03" time="0.027"/>
  <testcase name="testAbaNumberCheck_2647_good" classname="com.cardatechnologies.utils.validators.abaroutevalidator.Test_AbaRouteValidator_03" time="0.029"/>
  <testcase name="testAbaNumberCheck_4120_bad" classname="com.cardatechnologies.utils.validators.abaroutevalidator.Test_AbaRouteValidator_03" time="0.02"/>
  <testcase name="testAbaNumberCheck_4122_bad" classname="com.cardatechnologies.utils.validators.abaroutevalidator.Test_AbaRouteValidator_03" time="0.02"/>
  <testcase name="testAbaNumberCheck_3310_bad" classname="com.cardatechnologies.utils.validators.abaroutevalidator.Test_AbaRouteValidator_03" time="0.022"/>
  <testcase name="testAbaNumberCheck_4124_bad" classname="com.cardatechnologies.utils.validators.abaroutevalidator.Test_AbaRouteValidator_03" time="0.022"/>
  <testcase name="testAbaNumberCheck_3312_bad" classname="com.cardatechnologies.utils.validators.abaroutevalidator.Test_AbaRouteValidator_03" time="0.03"/>
  <testcase name="testAbaNumberCheck_4126_bad" classname="com.cardatechnologies.utils.validators.abaroutevalidator.Test_AbaRouteValidator_03" time="0.037"/>
  <testcase name="testAbaNumberCheck_2500_bad" classname="com.cardatechnologies.utils.validators.abaroutevalidator.Test_AbaRouteValidator_03" time="0.031"/>
  <testcase name="testAbaNumberCheck_3314_bad" classname="com.cardatechnologies.utils.validators.abaroutevalidator.Test_AbaRouteValidator_03" time="0.028"/>
  <testcase name="testAbaNumberCheck_4128_bad" classname="com.cardatechnologies.utils.validators.abaroutevalidator.Test_AbaRouteValidator_03" time="0.025"/>
  <testcase name="testAbaNumberCheck_3299_good" classname="com.cardatechnologies.utils.validators.abaroutevalidator.Test_AbaRouteValidator_03" time="0.02"/>
  <testcase name="testAbaNumberCheck_2502_bad" classname="com.cardatechnologies.utils.validators.abaroutevalidator.Test_AbaRouteValidator_03" time="0.021"/>
  <testcase name="testAbaNumberCheck_3316_bad" classname="com.cardatechnologies.utils.validators.abaroutevalidator.Test_AbaRouteValidator_03" time="0.021"/>
  <testcase name="testAbaNumberCheck_4897_good" classname="com.cardatechnologies.utils.validators.abaroutevalidator.Test_AbaRouteValidator_03" time="0.021"/>
  <testcase name="testAbaNumberCheck_3957_good" classname="com.cardatechnologies.utils.validators.abaroutevalidator.Test_AbaRouteValidator_03" time="0.021"/>
  <testcase name="testAbaNumberCheck_2504_bad" classname="com.cardatechnologies.utils.validators.abaroutevalidator.Test_AbaRouteValidator_03" time="0.021"/>
  <testcase name="testAbaNumberCheck_3318_bad" classname="com.cardatechnologies.utils.validators.abaroutevalidator.Test_AbaRouteValidator_03" time="0.021"/>
  <testcase name="testAbaNumberCheck_2506_bad" classname="com.cardatechnologies.utils.validators.abaroutevalidator.Test_AbaRouteValidator_03" time="0.021"/>
  <testcase name="testAbaNumberCheck_2981_good" classname="com.cardatechnologies.utils.validators.abaroutevalidator.Test_AbaRouteValidator_03" time="0.02"/>
  <testcase name="testAbaNumberCheck_2508_bad" classname="com.cardatechnologies.utils.validators.abaroutevalidator.Test_AbaRouteValidator_03" time="0.021"/>
  <testcase name="testAbaNumberCheck_3795_good" classname="com.cardatechnologies.utils.validators.abaroutevalidator.Test_AbaRouteValidator_03" time="0.021"/>
  <testcase name="testAbaNumberCheck_2855_good" classname="com.cardatechnologies.utils.validators.abaroutevalidator.Test_AbaRouteValidator_03" time="0.021"/>
  <testcase name="testAbaNumberCheck_3669_good" classname="com.cardatechnologies.utils.validators.abaroutevalidator.Test_AbaRouteValidator_03" time="0.026"/>
  <testcase name="testAbaNumberCheck_2729_good" classname="com.cardatechnologies.utils.validators.abaroutevalidator.Test_AbaRouteValidator_03" time="0.026"/>
  <testcase name="testAbaNumberCheck_2693_good" classname="com.cardatechnologies.utils.validators.abaroutevalidator.Test_AbaRouteValidator_03" time="0.02"/>
  <testcase name="testAbaNumberCheck_4130_bad" classname="com.cardatechnologies.utils.validators.abaroutevalidator.Test_AbaRouteValidator_03" time="0.021"/>
  <testcase name="testAbaNumberCheck_2567_good" classname="com.cardatechnologies.utils.validators.abaroutevalidator.Test_AbaRouteValidator_03" time="0.021"/>
  <testcase name="testAbaNumberCheck_4132_bad" classname="com.cardatechnologies.utils.validators.abaroutevalidator.Test_AbaRouteValidator_03" time="0.021"/>
  <testcase name="testAbaNumberCheck_3320_bad" classname="com.cardatechnologies.utils.validators.abaroutevalidator.Test_AbaRouteValidator_03" time="0.02"/>
  <testcase name="testAbaNumberCheck_4134_bad" classname="com.cardatechnologies.utils.validators.abaroutevalidator.Test_AbaRouteValidator_03" time="0.033"/>
  <testcase name="testAbaNumberCheck_3322_bad" classname="com.cardatechnologies.utils.validators.abaroutevalidator.Test_AbaRouteValidator_03" time="0.026"/>
  <testcase name="testAbaNumberCheck_4136_bad" classname="com.cardatechnologies.utils.validators.abaroutevalidator.Test_AbaRouteValidator_03" time="0.027"/>
  <testcase name="testAbaNumberCheck_4979_good" classname="com.cardatechnologies.utils.validators.abaroutevalidator.Test_AbaRouteValidator_03" time="0.026"/>
  <testcase name="testAbaNumberCheck_2510_bad" classname="com.cardatechnologies.utils.validators.abaroutevalidator.Test_AbaRouteValidator_03" time="0.027"/>
  <testcase name="testAbaNumberCheck_3324_bad" classname="com.cardatechnologies.utils.validators.abaroutevalidator.Test_AbaRouteValidator_03" time="0.026"/>
  <testcase name="testAbaNumberCheck_4138_bad" classname="com.cardatechnologies.utils.validators.abaroutevalidator.Test_AbaRouteValidator_03" time="0.027"/>
  <testcase name="testAbaNumberCheck_2512_bad" classname="com.cardatechnologies.utils.validators.abaroutevalidator.Test_AbaRouteValidator_03" time="0.023"/>
  <testcase name="testAbaNumberCheck_3326_bad" classname="com.cardatechnologies.utils.validators.abaroutevalidator.Test_AbaRouteValidator_03" time="0.022"/>
  <testcase name="testAbaNumberCheck_2514_bad" classname="com.cardatechnologies.utils.validators.abaroutevalidator.Test_AbaRouteValidator_03" time="0.023"/>
  <testcase name="testAbaNumberCheck_3328_bad" classname="com.cardatechnologies.utils.validators.abaroutevalidator.Test_AbaRouteValidator_03" time="0.024"/>
  <testcase name="testAbaNumberCheck_2516_bad" classname="com.cardatechnologies.utils.validators.abaroutevalidator.Test_AbaRouteValidator_03" time="0.028"/>
  <testcase name="testAbaNumberCheck_3877_good" classname="com.cardatechnologies.utils.validators.abaroutevalidator.Test_AbaRouteValidator_03" time="0.028"/>
  <testcase name="testAbaNumberCheck_2937_good" classname="com.cardatechnologies.utils.validators.abaroutevalidator.Test_AbaRouteValidator_03" time="0.025"/>
  <testcase name="testAbaNumberCheck_2518_bad" classname="com.cardatechnologies.utils.validators.abaroutevalidator.Test_AbaRouteValidator_03" time="0.03"/>
  <testcase name="testAbaNumberCheck_2775_good" classname="com.cardatechnologies.utils.validators.abaroutevalidator.Test_AbaRouteValidator_03" time="0.031"/>
  <testcase name="testAbaNumberCheck_3589_good" classname="com.cardatechnologies.utils.validators.abaroutevalidator.Test_AbaRouteValidator_03" time="0.027"/>
  <testcase name="testAbaNumberCheck_2649_good" classname="com.cardatechnologies.utils.validators.abaroutevalidator.Test_AbaRouteValidator_03" time="0.027"/>
  <testcase name="testAbaNumberCheck_4140_bad" classname="com.cardatechnologies.utils.validators.abaroutevalidator.Test_AbaRouteValidator_03" time="0.026"/>
  <testcase name="testAbaNumberCheck_4142_bad" classname="com.cardatechnologies.utils.validators.abaroutevalidator.Test_AbaRouteValidator_03" time="0.031"/>
  <testcase name="testAbaNumberCheck_3330_bad" classname="com.cardatechnologies.utils.validators.abaroutevalidator.Test_AbaRouteValidator_03" time="0.031"/>
  <testcase name="testAbaNumberCheck_4144_bad" classname="com.cardatechnologies.utils.validators.abaroutevalidator.Test_AbaRouteValidator_03" time="0.026"/>
  <testcase name="testAbaNumberCheck_3332_bad" classname="com.cardatechnologies.utils.validators.abaroutevalidator.Test_AbaRouteValidator_03" time="0.026"/>
  <testcase name="testAbaNumberCheck_4146_bad" classname="com.cardatechnologies.utils.validators.abaroutevalidator.Test_AbaRouteValidator_03" time="0.027"/>
  <testcase name="testAbaNumberCheck_2520_bad" classname="com.cardatechnologies.utils.validators.abaroutevalidator.Test_AbaRouteValidator_03" time="0.031"/>
  <testcase name="testAbaNumberCheck_3334_bad" classname="com.cardatechnologies.utils.validators.abaroutevalidator.Test_AbaRouteValidator_03" time="0.024"/>
  <testcase name="testAbaNumberCheck_4148_bad" classname="com.cardatechnologies.utils.validators.abaroutevalidator.Test_AbaRouteValidator_03" time="0.02"/>
  <testcase name="testAbaNumberCheck_2522_bad" classname="com.cardatechnologies.utils.validators.abaroutevalidator.Test_AbaRouteValidator_03" time="0.024"/>
  <testcase name="testAbaNumberCheck_3336_bad" classname="com.cardatechnologies.utils.validators.abaroutevalidator.Test_AbaRouteValidator_03" time="0.026"/>
  <testcase name="testAbaNumberCheck_4899_good" classname="com.cardatechnologies.utils.validators.abaroutevalidator.Test_AbaRouteValidator_03" time="0.027"/>
  <testcase name="testAbaNumberCheck_3959_good" classname="com.cardatechnologies.utils.validators.abaroutevalidator.Test_AbaRouteValidator_03" time="0.027"/>
  <testcase name="testAbaNumberCheck_2524_bad" classname="com.cardatechnologies.utils.validators.abaroutevalidator.Test_AbaRouteValidator_03" time="0.021"/>
  <testcase name="testAbaNumberCheck_3338_bad" classname="com.cardatechnologies.utils.validators.abaroutevalidator.Test_AbaRouteValidator_03" time="0.022"/>
  <testcase name="testAbaNumberCheck_2526_bad" classname="com.cardatechnologies.utils.validators.abaroutevalidator.Test_AbaRouteValidator_03" time="0.02"/>
  <testcase name="testAbaNumberCheck_2983_good" classname="com.cardatechnologies.utils.validators.abaroutevalidator.Test_AbaRouteValidator_03" time="0.022"/>
  <testcase name="testAbaNumberCheck_2528_bad" classname="com.cardatechnologies.utils.validators.abaroutevalidator.Test_AbaRouteValidator_03" time="0.029"/>
  <testcase name="testAbaNumberCheck_3797_good" classname="com.cardatechnologies.utils.validators.abaroutevalidator.Test_AbaRouteValidator_03" time="0.021"/>
  <testcase name="testAbaNumberCheck_2857_good" classname="com.cardatechnologies.utils.validators.abaroutevalidator.Test_AbaRouteValidator_03" time="0.021"/>
  <testcase name="testAbaNumberCheck_2695_good" classname="com.cardatechnologies.utils.validators.abaroutevalidator.Test_AbaRouteValidator_03" time="0.021"/>
  <testcase name="testAbaNumberCheck_4600_bad" classname="com.cardatechnologies.utils.validators.abaroutevalidator.Test_AbaRouteValidator_03" time="0.02"/>
  <testcase name="testAbaNumberCheck_4150_bad" classname="com.cardatechnologies.utils.validators.abaroutevalidator.Test_AbaRouteValidator_03" time="0.021"/>
  <testcase name="testAbaNumberCheck_2569_good" classname="com.cardatechnologies.utils.validators.abaroutevalidator.Test_AbaRouteValidator_03" time="0.028"/>
  <testcase name="testAbaNumberCheck_4602_bad" classname="com.cardatechnologies.utils.validators.abaroutevalidator.Test_AbaRouteValidator_03" time="0.022"/>
  <testcase name="testAbaNumberCheck_4152_bad" classname="com.cardatechnologies.utils.validators.abaroutevalidator.Test_AbaRouteValidator_03" time="0.02"/>
  <testcase name="testAbaNumberCheck_4604_bad" classname="com.cardatechnologies.utils.validators.abaroutevalidator.Test_AbaRouteValidator_03" time="0.02"/>
  <testcase name="testAbaNumberCheck_3340_bad" classname="com.cardatechnologies.utils.validators.abaroutevalidator.Test_AbaRouteValidator_03" time="0.021"/>
  <testcase name="testAbaNumberCheck_4154_bad" classname="com.cardatechnologies.utils.validators.abaroutevalidator.Test_AbaRouteValidator_03" time="0.02"/>
  <testcase name="testAbaNumberCheck_4606_bad" classname="com.cardatechnologies.utils.validators.abaroutevalidator.Test_AbaRouteValidator_03" time="0.021"/>
  <testcase name="testAbaNumberCheck_3342_bad" classname="com.cardatechnologies.utils.validators.abaroutevalidator.Test_AbaRouteValidator_03" time="0.021"/>
  <testcase name="testAbaNumberCheck_4156_bad" classname="com.cardatechnologies.utils.validators.abaroutevalidator.Test_AbaRouteValidator_03" time="0.022"/>
  <testcase name="testAbaNumberCheck_4608_bad" classname="com.cardatechnologies.utils.validators.abaroutevalidator.Test_AbaRouteValidator_03" time="0.026"/>
  <testcase name="testAbaNumberCheck_2530_bad" classname="com.cardatechnologies.utils.validators.abaroutevalidator.Test_AbaRouteValidator_03" time="0.021"/>
  <testcase name="testAbaNumberCheck_3344_bad" classname="com.cardatechnologies.utils.validators.abaroutevalidator.Test_AbaRouteValidator_03" time="0.02"/>
  <testcase name="testAbaNumberCheck_4158_bad" classname="com.cardatechnologies.utils.validators.abaroutevalidator.Test_AbaRouteValidator_03" time="0.022"/>
  <testcase name="testAbaNumberCheck_2532_bad" classname="com.cardatechnologies.utils.validators.abaroutevalidator.Test_AbaRouteValidator_03" time="0.02"/>
  <testcase name="testAbaNumberCheck_3346_bad" classname="com.cardatechnologies.utils.validators.abaroutevalidator.Test_AbaRouteValidator_03" time="0.021"/>
  <testcase name="testAbaNumberCheck_2534_bad" classname="com.cardatechnologies.utils.validators.abaroutevalidator.Test_AbaRouteValidator_03" time="0.022"/>
  <testcase name="testAbaNumberCheck_3348_bad" classname="com.cardatechnologies.utils.validators.abaroutevalidator.Test_AbaRouteValidator_03" time="0.02"/>
  <testcase name="testAbaNumberCheck_2536_bad" classname="com.cardatechnologies.utils.validators.abaroutevalidator.Test_AbaRouteValidator_03" time="0.024"/>
  <testcase name="testAbaNumberCheck_3879_good" classname="com.cardatechnologies.utils.validators.abaroutevalidator.Test_AbaRouteValidator_03" time="0.027"/>
  <testcase name="testAbaNumberCheck_2939_good" classname="com.cardatechnologies.utils.validators.abaroutevalidator.Test_AbaRouteValidator_03" time="0.023"/>
  <testcase name="testAbaNumberCheck_2538_bad" classname="com.cardatechnologies.utils.validators.abaroutevalidator.Test_AbaRouteValidator_03" time="0.025"/>
  <testcase name="testAbaNumberCheck_2777_good" classname="com.cardatechnologies.utils.validators.abaroutevalidator.Test_AbaRouteValidator_03" time="0.023"/>
  <testcase name="testAbaNumberCheck_4610_bad" classname="com.cardatechnologies.utils.validators.abaroutevalidator.Test_AbaRouteValidator_03" time="0.024"/>
  <testcase name="testAbaNumberCheck_4160_bad" classname="com.cardatechnologies.utils.validators.abaroutevalidator.Test_AbaRouteValidator_03" time="0.029"/>
  <testcase name="testAbaNumberCheck_4612_bad" classname="com.cardatechnologies.utils.validators.abaroutevalidator.Test_AbaRouteValidator_03" time="0.024"/>
  <testcase name="testAbaNumberCheck_4162_bad" classname="com.cardatechnologies.utils.validators.abaroutevalidator.Test_AbaRouteValidator_03" time="0.025"/>
  <testcase name="testAbaNumberCheck_3800_bad" classname="com.cardatechnologies.utils.validators.abaroutevalidator.Test_AbaRouteValidator_03" time="0.024"/>
  <testcase name="testAbaNumberCheck_4614_bad" classname="com.cardatechnologies.utils.validators.abaroutevalidator.Test_AbaRouteValidator_03" time="0.026"/>
  <testcase name="testAbaNumberCheck_3350_bad" classname="com.cardatechnologies.utils.validators.abaroutevalidator.Test_AbaRouteValidator_03" time="0.025"/>
  <testcase name="testAbaNumberCheck_4164_bad" classname="com.cardatechnologies.utils.validators.abaroutevalidator.Test_AbaRouteValidator_03" time="0.03"/>
  <testcase name="testAbaNumberCheck_3802_bad" classname="com.cardatechnologies.utils.validators.abaroutevalidator.Test_AbaRouteValidator_03" time="0.025"/>
  <testcase name="testAbaNumberCheck_4616_bad" classname="com.cardatechnologies.utils.validators.abaroutevalidator.Test_AbaRouteValidator_03" time="0.024"/>
  <testcase name="testAbaNumberCheck_3352_bad" classname="com.cardatechnologies.utils.validators.abaroutevalidator.Test_AbaRouteValidator_03" time="0.024"/>
  <testcase name="testAbaNumberCheck_4166_bad" classname="com.cardatechnologies.utils.validators.abaroutevalidator.Test_AbaRouteValidator_03" time="0.024"/>
  <testcase name="testAbaNumberCheck_3804_bad" classname="com.cardatechnologies.utils.validators.abaroutevalidator.Test_AbaRouteValidator_03" time="0.025"/>
  <testcase name="testAbaNumberCheck_4618_bad" classname="com.cardatechnologies.utils.validators.abaroutevalidator.Test_AbaRouteValidator_03" time="0.025"/>
  <testcase name="testAbaNumberCheck_2540_bad" classname="com.cardatechnologies.utils.validators.abaroutevalidator.Test_AbaRouteValidator_03" time="0.025"/>
  <testcase name="testAbaNumberCheck_3354_bad" classname="com.cardatechnologies.utils.validators.abaroutevalidator.Test_AbaRouteValidator_03" time="0.025"/>
  <testcase name="testAbaNumberCheck_4168_bad" classname="com.cardatechnologies.utils.validators.abaroutevalidator.Test_AbaRouteValidator_03" time="0.028"/>
  <testcase name="testAbaNumberCheck_3806_bad" classname="com.cardatechnologies.utils.validators.abaroutevalidator.Test_AbaRouteValidator_03" time="0.023"/>
  <testcase name="testAbaNumberCheck_2542_bad" classname="com.cardatechnologies.utils.validators.abaroutevalidator.Test_AbaRouteValidator_03" time="0.022"/>
  <testcase name="testAbaNumberCheck_3356_bad" classname="com.cardatechnologies.utils.validators.abaroutevalidator.Test_AbaRouteValidator_03" time="0.021"/>
  <testcase name="testAbaNumberCheck_3808_bad" classname="com.cardatechnologies.utils.validators.abaroutevalidator.Test_AbaRouteValidator_03" time="0.022"/>
  <testcase name="testAbaNumberCheck_2544_bad" classname="com.cardatechnologies.utils.validators.abaroutevalidator.Test_AbaRouteValidator_03" time="0.02"/>
  <testcase name="testAbaNumberCheck_3358_bad" classname="com.cardatechnologies.utils.validators.abaroutevalidator.Test_AbaRouteValidator_03" time="0.02"/>
  <testcase name="testAbaNumberCheck_2546_bad" classname="com.cardatechnologies.utils.validators.abaroutevalidator.Test_AbaRouteValidator_03" time="0.03"/>
  <testcase name="testAbaNumberCheck_2985_good" classname="com.cardatechnologies.utils.validators.abaroutevalidator.Test_AbaRouteValidator_03" time="0.022"/>
  <testcase name="testAbaNumberCheck_2548_bad" classname="com.cardatechnologies.utils.validators.abaroutevalidator.Test_AbaRouteValidator_03" time="0.021"/>
  <testcase name="testAbaNumberCheck_3799_good" classname="com.cardatechnologies.utils.validators.abaroutevalidator.Test_AbaRouteValidator_03" time="0.021"/>
  <testcase name="testAbaNumberCheck_2859_good" classname="com.cardatechnologies.utils.validators.abaroutevalidator.Test_AbaRouteValidator_03" time="0.02"/>
  <testcase name="testAbaNumberCheck_2697_good" classname="com.cardatechnologies.utils.validators.abaroutevalidator.Test_AbaRouteValidator_03" time="0.021"/>
  <testcase name="testAbaNumberCheck_4620_bad" classname="com.cardatechnologies.utils.validators.abaroutevalidator.Test_AbaRouteValidator_03" time="0.021"/>
  <testcase name="testAbaNumberCheck_4170_bad" classname="com.cardatechnologies.utils.validators.abaroutevalidator.Test_AbaRouteValidator_03" time="0.02"/>
  <testcase name="testAbaNumberCheck_4622_bad" classname="com.cardatechnologies.utils.validators.abaroutevalidator.Test_AbaRouteValidator_03" time="0.022"/>
  <testcase name="testAbaNumberCheck_4172_bad" classname="com.cardatechnologies.utils.validators.abaroutevalidator.Test_AbaRouteValidator_03" time="0.034"/>
  <testcase name="testAbaNumberCheck_3810_bad" classname="com.cardatechnologies.utils.validators.abaroutevalidator.Test_AbaRouteValidator_03" time="0.026"/>
  <testcase name="testAbaNumberCheck_4624_bad" classname="com.cardatechnologies.utils.validators.abaroutevalidator.Test_AbaRouteValidator_03" time="0.026"/>
  <testcase name="testAbaNumberCheck_3360_bad" classname="com.cardatechnologies.utils.validators.abaroutevalidator.Test_AbaRouteValidator_03" time="0.024"/>
  <testcase name="testAbaNumberCheck_4174_bad" classname="com.cardatechnologies.utils.validators.abaroutevalidator.Test_AbaRouteValidator_03" time="0.026"/>
  <testcase name="testAbaNumberCheck_3812_bad" classname="com.cardatechnologies.utils.validators.abaroutevalidator.Test_AbaRouteValidator_03" time="0.024"/>
  <testcase name="testAbaNumberCheck_4626_bad" classname="com.cardatechnologies.utils.validators.abaroutevalidator.Test_AbaRouteValidator_03" time="0.03"/>
  <testcase name="testAbaNumberCheck_3362_bad" classname="com.cardatechnologies.utils.validators.abaroutevalidator.Test_AbaRouteValidator_03" time="0.028"/>
  <testcase name="testAbaNumberCheck_4176_bad" classname="com.cardatechnologies.utils.validators.abaroutevalidator.Test_AbaRouteValidator_03" time="0.026"/>
  <testcase name="testAbaNumberCheck_3814_bad" classname="com.cardatechnologies.utils.validators.abaroutevalidator.Test_AbaRouteValidator_03" time="0.026"/>
  <testcase name="testAbaNumberCheck_4628_bad" classname="com.cardatechnologies.utils.validators.abaroutevalidator.Test_AbaRouteValidator_03" time="0.024"/>
  <testcase name="testAbaNumberCheck_2550_bad" classname="com.cardatechnologies.utils.validators.abaroutevalidator.Test_AbaRouteValidator_03" time="0.026"/>
  <testcase name="testAbaNumberCheck_3364_bad" classname="com.cardatechnologies.utils.validators.abaroutevalidator.Test_AbaRouteValidator_03" time="0.032"/>
  <testcase name="testAbaNumberCheck_4178_bad" classname="com.cardatechnologies.utils.validators.abaroutevalidator.Test_AbaRouteValidator_03" time="0.031"/>
  <testcase name="testAbaNumberCheck_3816_bad" classname="com.cardatechnologies.utils.validators.abaroutevalidator.Test_AbaRouteValidator_03" time="0.027"/>
  <testcase name="testAbaNumberCheck_2552_bad" classname="com.cardatechnologies.utils.validators.abaroutevalidator.Test_AbaRouteValidator_03" time="0.022"/>
  <testcase name="testAbaNumberCheck_3366_bad" classname="com.cardatechnologies.utils.validators.abaroutevalidator.Test_AbaRouteValidator_03" time="0.022"/>
  <testcase name="testAbaNumberCheck_3818_bad" classname="com.cardatechnologies.utils.validators.abaroutevalidator.Test_AbaRouteValidator_03" time="0.022"/>
  <testcase name="testAbaNumberCheck_2554_bad" classname="com.cardatechnologies.utils.validators.abaroutevalidator.Test_AbaRouteValidator_03" time="0.021"/>
  <testcase name="testAbaNumberCheck_3368_bad" classname="com.cardatechnologies.utils.validators.abaroutevalidator.Test_AbaRouteValidator_03" time="0.021"/>
  <testcase name="testAbaNumberCheck_2556_bad" classname="com.cardatechnologies.utils.validators.abaroutevalidator.Test_AbaRouteValidator_03" time="0.022"/>
  <testcase name="testAbaNumberCheck_2558_bad" classname="com.cardatechnologies.utils.validators.abaroutevalidator.Test_AbaRouteValidator_03" time="0.027"/>
  <testcase name="testAbaNumberCheck_2779_good" classname="com.cardatechnologies.utils.validators.abaroutevalidator.Test_AbaRouteValidator_03" time="0.027"/>
  <testcase name="testAbaNumberCheck_4630_bad" classname="com.cardatechnologies.utils.validators.abaroutevalidator.Test_AbaRouteValidator_03" time="0.026"/>
  <testcase name="testAbaNumberCheck_4180_bad" classname="com.cardatechnologies.utils.validators.abaroutevalidator.Test_AbaRouteValidator_03" time="0.029"/>
  <testcase name="testAbaNumberCheck_4632_bad" classname="com.cardatechnologies.utils.validators.abaroutevalidator.Test_AbaRouteValidator_03" time="0.031"/>
  <testcase name="testAbaNumberCheck_4182_bad" classname="com.cardatechnologies.utils.validators.abaroutevalidator.Test_AbaRouteValidator_03" time="0.035"/>
  <testcase name="testAbaNumberCheck_3820_bad" classname="com.cardatechnologies.utils.validators.abaroutevalidator.Test_AbaRouteValidator_03" time="0.028"/>
  <testcase name="testAbaNumberCheck_4634_bad" classname="com.cardatechnologies.utils.validators.abaroutevalidator.Test_AbaRouteValidator_03" time="0.025"/>
  <testcase name="testAbaNumberCheck_3370_bad" classname="com.cardatechnologies.utils.validators.abaroutevalidator.Test_AbaRouteValidator_03" time="0.026"/>
  <testcase name="testAbaNumberCheck_4184_bad" classname="com.cardatechnologies.utils.validators.abaroutevalidator.Test_AbaRouteValidator_03" time="0.026"/>
  <testcase name="testAbaNumberCheck_3822_bad" classname="com.cardatechnologies.utils.validators.abaroutevalidator.Test_AbaRouteValidator_03" time="0.028"/>
  <testcase name="testAbaNumberCheck_4636_bad" classname="com.cardatechnologies.utils.validators.abaroutevalidator.Test_AbaRouteValidator_03" time="0.032"/>
  <testcase name="testAbaNumberCheck_3372_bad" classname="com.cardatechnologies.utils.validators.abaroutevalidator.Test_AbaRouteValidator_03" time="0.029"/>
  <testcase name="testAbaNumberCheck_4186_bad" classname="com.cardatechnologies.utils.validators.abaroutevalidator.Test_AbaRouteValidator_03" time="0.024"/>
  <testcase name="testAbaNumberCheck_3824_bad" classname="com.cardatechnologies.utils.validators.abaroutevalidator.Test_AbaRouteValidator_03" time="0.021"/>
  <testcase name="testAbaNumberCheck_4638_bad" classname="com.cardatechnologies.utils.validators.abaroutevalidator.Test_AbaRouteValidator_03" time="0.02"/>
  <testcase name="testAbaNumberCheck_2560_bad" classname="com.cardatechnologies.utils.validators.abaroutevalidator.Test_AbaRouteValidator_03" time="0.021"/>
  <testcase name="testAbaNumberCheck_3374_bad" classname="com.cardatechnologies.utils.validators.abaroutevalidator.Test_AbaRouteValidator_03" time="0.02"/>
  <testcase name="testAbaNumberCheck_4188_bad" classname="com.cardatechnologies.utils.validators.abaroutevalidator.Test_AbaRouteValidator_03" time="0.021"/>
  <testcase name="testAbaNumberCheck_3826_bad" classname="com.cardatechnologies.utils.validators.abaroutevalidator.Test_AbaRouteValidator_03" time="0.02"/>
  <testcase name="testAbaNumberCheck_2562_bad" classname="com.cardatechnologies.utils.validators.abaroutevalidator.Test_AbaRouteValidator_03" time="0.021"/>
  <testcase name="testAbaNumberCheck_3376_bad" classname="com.cardatechnologies.utils.validators.abaroutevalidator.Test_AbaRouteValidator_03" time="0.02"/>
  <testcase name="testAbaNumberCheck_3828_bad" classname="com.cardatechnologies.utils.validators.abaroutevalidator.Test_AbaRouteValidator_03" time="0.023"/>
  <testcase name="testAbaNumberCheck_2564_bad" classname="com.cardatechnologies.utils.validators.abaroutevalidator.Test_AbaRouteValidator_03" time="0.021"/>
  <testcase name="testAbaNumberCheck_3378_bad" classname="com.cardatechnologies.utils.validators.abaroutevalidator.Test_AbaRouteValidator_03" time="0.021"/>
  <testcase name="testAbaNumberCheck_2566_bad" classname="com.cardatechnologies.utils.validators.abaroutevalidator.Test_AbaRouteValidator_03" time="0.02"/>
  <testcase name="testAbaNumberCheck_2987_good" classname="com.cardatechnologies.utils.validators.abaroutevalidator.Test_AbaRouteValidator_03" time="0.021"/>
  <testcase name="testAbaNumberCheck_2568_bad" classname="com.cardatechnologies.utils.validators.abaroutevalidator.Test_AbaRouteValidator_03" time="0.021"/>
  <testcase name="testAbaNumberCheck_2699_good" classname="com.cardatechnologies.utils.validators.abaroutevalidator.Test_AbaRouteValidator_03" time="0.023"/>
  <testcase name="testAbaNumberCheck_4640_bad" classname="com.cardatechnologies.utils.validators.abaroutevalidator.Test_AbaRouteValidator_03" time="0.022"/>
  <testcase name="testAbaNumberCheck_4190_bad" classname="com.cardatechnologies.utils.validators.abaroutevalidator.Test_AbaRouteValidator_03" time="0.021"/>
  <testcase name="testAbaNumberCheck_4642_bad" classname="com.cardatechnologies.utils.validators.abaroutevalidator.Test_AbaRouteValidator_03" time="0.02"/>
  <testcase name="testAbaNumberCheck_4192_bad" classname="com.cardatechnologies.utils.validators.abaroutevalidator.Test_AbaRouteValidator_03" time="0.021"/>
  <testcase name="testAbaNumberCheck_3830_bad" classname="com.cardatechnologies.utils.validators.abaroutevalidator.Test_AbaRouteValidator_03" time="0.02"/>
  <testcase name="testAbaNumberCheck_4644_bad" classname="com.cardatechnologies.utils.validators.abaroutevalidator.Test_AbaRouteValidator_03" time="0.02"/>
  <testcase name="testAbaNumberCheck_3380_bad" classname="com.cardatechnologies.utils.validators.abaroutevalidator.Test_AbaRouteValidator_03" time="0.021"/>
  <testcase name="testAbaNumberCheck_4194_bad" classname="com.cardatechnologies.utils.validators.abaroutevalidator.Test_AbaRouteValidator_03" time="0.033"/>
  <testcase name="testAbaNumberCheck_3832_bad" classname="com.cardatechnologies.utils.validators.abaroutevalidator.Test_AbaRouteValidator_03" time="0.02"/>
  <testcase name="testAbaNumberCheck_4646_bad" classname="com.cardatechnologies.utils.validators.abaroutevalidator.Test_AbaRouteValidator_03" time="0.021"/>
  <testcase name="testAbaNumberCheck_3382_bad" classname="com.cardatechnologies.utils.validators.abaroutevalidator.Test_AbaRouteValidator_03" time="0.02"/>
  <testcase name="testAbaNumberCheck_4196_bad" classname="com.cardatechnologies.utils.validators.abaroutevalidator.Test_AbaRouteValidator_03" time="0.021"/>
  <testcase name="testAbaNumberCheck_3834_bad" classname="com.cardatechnologies.utils.validators.abaroutevalidator.Test_AbaRouteValidator_03" time="0.021"/>
  <testcase name="testAbaNumberCheck_4648_bad" classname="com.cardatechnologies.utils.validators.abaroutevalidator.Test_AbaRouteValidator_03" time="0.021"/>
  <testcase name="testAbaNumberCheck_2570_bad" classname="com.cardatechnologies.utils.validators.abaroutevalidator.Test_AbaRouteValidator_03" time="0.02"/>
  <testcase name="testAbaNumberCheck_3384_bad" classname="com.cardatechnologies.utils.validators.abaroutevalidator.Test_AbaRouteValidator_03" time="0.02"/>
  <testcase name="testAbaNumberCheck_4198_bad" classname="com.cardatechnologies.utils.validators.abaroutevalidator.Test_AbaRouteValidator_03" time="0.02"/>
  <testcase name="testAbaNumberCheck_3836_bad" classname="com.cardatechnologies.utils.validators.abaroutevalidator.Test_AbaRouteValidator_03" time="0.021"/>
  <testcase name="testAbaNumberCheck_2572_bad" classname="com.cardatechnologies.utils.validators.abaroutevalidator.Test_AbaRouteValidator_03" time="0.02"/>
  <testcase name="testAbaNumberCheck_3386_bad" classname="com.cardatechnologies.utils.validators.abaroutevalidator.Test_AbaRouteValidator_03" time="0.021"/>
  <testcase name="testAbaNumberCheck_3838_bad" classname="com.cardatechnologies.utils.validators.abaroutevalidator.Test_AbaRouteValidator_03" time="0.02"/>
  <testcase name="testAbaNumberCheck_2574_bad" classname="com.cardatechnologies.utils.validators.abaroutevalidator.Test_AbaRouteValidator_03" time="0.021"/>
  <testcase name="testAbaNumberCheck_3388_bad" classname="com.cardatechnologies.utils.validators.abaroutevalidator.Test_AbaRouteValidator_03" time="0.02"/>
  <testcase name="testAbaNumberCheck_2576_bad" classname="com.cardatechnologies.utils.validators.abaroutevalidator.Test_AbaRouteValidator_03" time="0.02"/>
  <testcase name="testAbaNumberCheck_2578_bad" classname="com.cardatechnologies.utils.validators.abaroutevalidator.Test_AbaRouteValidator_03" time="0.031"/>
  <testcase name="testAbaNumberCheck_4650_bad" classname="com.cardatechnologies.utils.validators.abaroutevalidator.Test_AbaRouteValidator_03" time="0.021"/>
  <testcase name="testAbaNumberCheck_4652_bad" classname="com.cardatechnologies.utils.validators.abaroutevalidator.Test_AbaRouteValidator_03" time="0.021"/>
  <testcase name="testAbaNumberCheck_3840_bad" classname="com.cardatechnologies.utils.validators.abaroutevalidator.Test_AbaRouteValidator_03" time="0.02"/>
  <testcase name="testAbaNumberCheck_4654_bad" classname="com.cardatechnologies.utils.validators.abaroutevalidator.Test_AbaRouteValidator_03" time="0.022"/>
  <testcase name="testAbaNumberCheck_3390_bad" classname="com.cardatechnologies.utils.validators.abaroutevalidator.Test_AbaRouteValidator_03" time="0.021"/>
  <testcase name="testAbaNumberCheck_3842_bad" classname="com.cardatechnologies.utils.validators.abaroutevalidator.Test_AbaRouteValidator_03" time="0.022"/>
  <testcase name="testAbaNumberCheck_4656_bad" classname="com.cardatechnologies.utils.validators.abaroutevalidator.Test_AbaRouteValidator_03" time="0.026"/>
  <testcase name="testAbaNumberCheck_3392_bad" classname="com.cardatechnologies.utils.validators.abaroutevalidator.Test_AbaRouteValidator_03" time="0.024"/>
  <testcase name="testAbaNumberCheck_3844_bad" classname="com.cardatechnologies.utils.validators.abaroutevalidator.Test_AbaRouteValidator_03" time="0.021"/>
  <testcase name="testAbaNumberCheck_4658_bad" classname="com.cardatechnologies.utils.validators.abaroutevalidator.Test_AbaRouteValidator_03" time="0.021"/>
  <testcase name="testAbaNumberCheck_2580_bad" classname="com.cardatechnologies.utils.validators.abaroutevalidator.Test_AbaRouteValidator_03" time="0.021"/>
  <testcase name="testAbaNumberCheck_3394_bad" classname="com.cardatechnologies.utils.validators.abaroutevalidator.Test_AbaRouteValidator_03" time="0.02"/>
  <testcase name="testAbaNumberCheck_3846_bad" classname="com.cardatechnologies.utils.validators.abaroutevalidator.Test_AbaRouteValidator_03" time="0.021"/>
  <testcase name="testAbaNumberCheck_2582_bad" classname="com.cardatechnologies.utils.validators.abaroutevalidator.Test_AbaRouteValidator_03" time="0.02"/>
  <testcase name="testAbaNumberCheck_3396_bad" classname="com.cardatechnologies.utils.validators.abaroutevalidator.Test_AbaRouteValidator_03" time="0.021"/>
  <testcase name="testAbaNumberCheck_3848_bad" classname="com.cardatechnologies.utils.validators.abaroutevalidator.Test_AbaRouteValidator_03" time="0.022"/>
  <testcase name="testAbaNumberCheck_2584_bad" classname="com.cardatechnologies.utils.validators.abaroutevalidator.Test_AbaRouteValidator_03" time="0.021"/>
  <testcase name="testAbaNumberCheck_3398_bad" classname="com.cardatechnologies.utils.validators.abaroutevalidator.Test_AbaRouteValidator_03" time="0.022"/>
  <testcase name="testAbaNumberCheck_2586_bad" classname="com.cardatechnologies.utils.validators.abaroutevalidator.Test_AbaRouteValidator_03" time="0.021"/>
  <testcase name="testAbaNumberCheck_2989_good" classname="com.cardatechnologies.utils.validators.abaroutevalidator.Test_AbaRouteValidator_03" time="0.021"/>
  <testcase name="testAbaNumberCheck_2588_bad" classname="com.cardatechnologies.utils.validators.abaroutevalidator.Test_AbaRouteValidator_03" time="0.022"/>
  <testcase name="testAbaNumberCheck_4660_bad" classname="com.cardatechnologies.utils.validators.abaroutevalidator.Test_AbaRouteValidator_03" time="0.021"/>
  <testcase name="testAbaNumberCheck_4662_bad" classname="com.cardatechnologies.utils.validators.abaroutevalidator.Test_AbaRouteValidator_03" time="0.021"/>
  <testcase name="testAbaNumberCheck_3850_bad" classname="com.cardatechnologies.utils.validators.abaroutevalidator.Test_AbaRouteValidator_03" time="0.029"/>
  <testcase name="testAbaNumberCheck_4664_bad" classname="com.cardatechnologies.utils.validators.abaroutevalidator.Test_AbaRouteValidator_03" time="0.021"/>
  <testcase name="testAbaNumberCheck_3852_bad" classname="com.cardatechnologies.utils.validators.abaroutevalidator.Test_AbaRouteValidator_03" time="0.021"/>
  <testcase name="testAbaNumberCheck_4666_bad" classname="com.cardatechnologies.utils.validators.abaroutevalidator.Test_AbaRouteValidator_03" time="0.02"/>
  <testcase name="testAbaNumberCheck_3854_bad" classname="com.cardatechnologies.utils.validators.abaroutevalidator.Test_AbaRouteValidator_03" time="0.022"/>
  <testcase name="testAbaNumberCheck_4668_bad" classname="com.cardatechnologies.utils.validators.abaroutevalidator.Test_AbaRouteValidator_03" time="0.021"/>
  <testcase name="testAbaNumberCheck_2590_bad" classname="com.cardatechnologies.utils.validators.abaroutevalidator.Test_AbaRouteValidator_03" time="0.02"/>
  <testcase name="testAbaNumberCheck_3856_bad" classname="com.cardatechnologies.utils.validators.abaroutevalidator.Test_AbaRouteValidator_03" time="0.021"/>
  <testcase name="testAbaNumberCheck_2592_bad" classname="com.cardatechnologies.utils.validators.abaroutevalidator.Test_AbaRouteValidator_03" time="0.034"/>
  <testcase name="testAbaNumberCheck_3858_bad" classname="com.cardatechnologies.utils.validators.abaroutevalidator.Test_AbaRouteValidator_03" time="0.02"/>
  <testcase name="testAbaNumberCheck_2594_bad" classname="com.cardatechnologies.utils.validators.abaroutevalidator.Test_AbaRouteValidator_03" time="0.02"/>
  <testcase name="testAbaNumberCheck_2596_bad" classname="com.cardatechnologies.utils.validators.abaroutevalidator.Test_AbaRouteValidator_03" time="0.021"/>
  <testcase name="testAbaNumberCheck_4011_good" classname="com.cardatechnologies.utils.validators.abaroutevalidator.Test_AbaRouteValidator_03" time="0.021"/>
  <testcase name="testAbaNumberCheck_2598_bad" classname="com.cardatechnologies.utils.validators.abaroutevalidator.Test_AbaRouteValidator_03" time="0.021"/>
  <testcase name="testAbaNumberCheck_4670_bad" classname="com.cardatechnologies.utils.validators.abaroutevalidator.Test_AbaRouteValidator_03" time="0.02"/>
  <testcase name="testAbaNumberCheck_4672_bad" classname="com.cardatechnologies.utils.validators.abaroutevalidator.Test_AbaRouteValidator_03" time="0.02"/>
  <testcase name="testAbaNumberCheck_3860_bad" classname="com.cardatechnologies.utils.validators.abaroutevalidator.Test_AbaRouteValidator_03" time="0.021"/>
  <testcase name="testAbaNumberCheck_4674_bad" classname="com.cardatechnologies.utils.validators.abaroutevalidator.Test_AbaRouteValidator_03" time="0.019"/>
  <testcase name="testAbaNumberCheck_3862_bad" classname="com.cardatechnologies.utils.validators.abaroutevalidator.Test_AbaRouteValidator_03" time="0.021"/>
  <testcase name="testAbaNumberCheck_4676_bad" classname="com.cardatechnologies.utils.validators.abaroutevalidator.Test_AbaRouteValidator_03" time="0.02"/>
  <testcase name="testAbaNumberCheck_3864_bad" classname="com.cardatechnologies.utils.validators.abaroutevalidator.Test_AbaRouteValidator_03" time="0.021"/>
  <testcase name="testAbaNumberCheck_4678_bad" classname="com.cardatechnologies.utils.validators.abaroutevalidator.Test_AbaRouteValidator_03" time="0.021"/>
  <testcase name="testAbaNumberCheck_3866_bad" classname="com.cardatechnologies.utils.validators.abaroutevalidator.Test_AbaRouteValidator_03" time="0.02"/>
  <testcase name="testAbaNumberCheck_3868_bad" classname="com.cardatechnologies.utils.validators.abaroutevalidator.Test_AbaRouteValidator_03" time="0.021"/>
  <testcase name="testAbaNumberCheck_4680_bad" classname="com.cardatechnologies.utils.validators.abaroutevalidator.Test_AbaRouteValidator_03" time="0.027"/>
  <testcase name="testAbaNumberCheck_4682_bad" classname="com.cardatechnologies.utils.validators.abaroutevalidator.Test_AbaRouteValidator_03" time="0.02"/>
  <testcase name="testAbaNumberCheck_4301_good" classname="com.cardatechnologies.utils.validators.abaroutevalidator.Test_AbaRouteValidator_03" time="0.021"/>
  <testcase name="testAbaNumberCheck_3870_bad" classname="com.cardatechnologies.utils.validators.abaroutevalidator.Test_AbaRouteValidator_03" time="0.02"/>
  <testcase name="testAbaNumberCheck_4684_bad" classname="com.cardatechnologies.utils.validators.abaroutevalidator.Test_AbaRouteValidator_03" time="0.022"/>
  <testcase name="testAbaNumberCheck_3872_bad" classname="com.cardatechnologies.utils.validators.abaroutevalidator.Test_AbaRouteValidator_03" time="0.02"/>
  <testcase name="testAbaNumberCheck_4686_bad" classname="com.cardatechnologies.utils.validators.abaroutevalidator.Test_AbaRouteValidator_03" time="0.021"/>
  <testcase name="testAbaNumberCheck_3874_bad" classname="com.cardatechnologies.utils.validators.abaroutevalidator.Test_AbaRouteValidator_03" time="0.021"/>
  <testcase name="testAbaNumberCheck_4688_bad" classname="com.cardatechnologies.utils.validators.abaroutevalidator.Test_AbaRouteValidator_03" time="0.028"/>
  <testcase name="testAbaNumberCheck_3876_bad" classname="com.cardatechnologies.utils.validators.abaroutevalidator.Test_AbaRouteValidator_03" time="0.022"/>
  <testcase name="testAbaNumberCheck_3878_bad" classname="com.cardatechnologies.utils.validators.abaroutevalidator.Test_AbaRouteValidator_03" time="0.021"/>
  <testcase name="testAbaNumberCheck_4013_good" classname="com.cardatechnologies.utils.validators.abaroutevalidator.Test_AbaRouteValidator_03" time="0.02"/>
  <testcase name="testAbaNumberCheck_4690_bad" classname="com.cardatechnologies.utils.validators.abaroutevalidator.Test_AbaRouteValidator_03" time="0.021"/>
  <testcase name="testAbaNumberCheck_4692_bad" classname="com.cardatechnologies.utils.validators.abaroutevalidator.Test_AbaRouteValidator_03" time="0.02"/>
  <testcase name="testAbaNumberCheck_3880_bad" classname="com.cardatechnologies.utils.validators.abaroutevalidator.Test_AbaRouteValidator_03" time="0.021"/>
  <testcase name="testAbaNumberCheck_4694_bad" classname="com.cardatechnologies.utils.validators.abaroutevalidator.Test_AbaRouteValidator_03" time="0.02"/>
  <testcase name="testAbaNumberCheck_3882_bad" classname="com.cardatechnologies.utils.validators.abaroutevalidator.Test_AbaRouteValidator_03" time="0.022"/>
  <testcase name="testAbaNumberCheck_4696_bad" classname="com.cardatechnologies.utils.validators.abaroutevalidator.Test_AbaRouteValidator_03" time="0.02"/>
  <testcase name="testAbaNumberCheck_4221_good" classname="com.cardatechnologies.utils.validators.abaroutevalidator.Test_AbaRouteValidator_03" time="0.02"/>
  <testcase name="testAbaNumberCheck_3884_bad" classname="com.cardatechnologies.utils.validators.abaroutevalidator.Test_AbaRouteValidator_03" time="0.021"/>
  <testcase name="testAbaNumberCheck_4698_bad" classname="com.cardatechnologies.utils.validators.abaroutevalidator.Test_AbaRouteValidator_03" time="0.02"/>
  <testcase name="testAbaNumberCheck_3886_bad" classname="com.cardatechnologies.utils.validators.abaroutevalidator.Test_AbaRouteValidator_03" time="0.021"/>
  <testcase name="testAbaNumberCheck_3888_bad" classname="com.cardatechnologies.utils.validators.abaroutevalidator.Test_AbaRouteValidator_03" time="0.021"/>
  <testcase name="testAbaNumberCheck_4303_good" classname="com.cardatechnologies.utils.validators.abaroutevalidator.Test_AbaRouteValidator_03" time="0.021"/>
  <testcase name="testAbaNumberCheck_3890_bad" classname="com.cardatechnologies.utils.validators.abaroutevalidator.Test_AbaRouteValidator_03" time="0.026"/>
  <testcase name="testAbaNumberCheck_3892_bad" classname="com.cardatechnologies.utils.validators.abaroutevalidator.Test_AbaRouteValidator_03" time="0.022"/>
  <testcase name="testAbaNumberCheck_3894_bad" classname="com.cardatechnologies.utils.validators.abaroutevalidator.Test_AbaRouteValidator_03" time="0.022"/>
  <testcase name="testAbaNumberCheck_3896_bad" classname="com.cardatechnologies.utils.validators.abaroutevalidator.Test_AbaRouteValidator_03" time="0.022"/>
  <testcase name="testAbaNumberCheck_4141_good" classname="com.cardatechnologies.utils.validators.abaroutevalidator.Test_AbaRouteValidator_03" time="0.021"/>
  <testcase name="testAbaNumberCheck_3201_good" classname="com.cardatechnologies.utils.validators.abaroutevalidator.Test_AbaRouteValidator_03" time="0.02"/>
  <testcase name="testAbaNumberCheck_3898_bad" classname="com.cardatechnologies.utils.validators.abaroutevalidator.Test_AbaRouteValidator_03" time="0.021"/>
  <testcase name="testAbaNumberCheck_4015_good" classname="com.cardatechnologies.utils.validators.abaroutevalidator.Test_AbaRouteValidator_03" time="0.02"/>
  <testcase name="testAbaNumberCheck_4511_good" classname="com.cardatechnologies.utils.validators.abaroutevalidator.Test_AbaRouteValidator_03" time="0.021"/>
  <testcase name="testAbaNumberCheck_4223_good" classname="com.cardatechnologies.utils.validators.abaroutevalidator.Test_AbaRouteValidator_03" time="0.031"/>
  <testcase name="testAbaNumberCheck_4061_good" classname="com.cardatechnologies.utils.validators.abaroutevalidator.Test_AbaRouteValidator_03" time="0.02"/>
  <testcase name="testAbaNumberCheck_3121_good" classname="com.cardatechnologies.utils.validators.abaroutevalidator.Test_AbaRouteValidator_03" time="0.021"/>
  <testcase name="testAbaNumberCheck_4431_good" classname="com.cardatechnologies.utils.validators.abaroutevalidator.Test_AbaRouteValidator_03" time="0.02"/>
  <testcase name="testAbaNumberCheck_4305_good" classname="com.cardatechnologies.utils.validators.abaroutevalidator.Test_AbaRouteValidator_03" time="0.021"/>
  <testcase name="testAbaNumberCheck_4143_good" classname="com.cardatechnologies.utils.validators.abaroutevalidator.Test_AbaRouteValidator_03" time="0.02"/>
  <testcase name="testAbaNumberCheck_3203_good" classname="com.cardatechnologies.utils.validators.abaroutevalidator.Test_AbaRouteValidator_03" time="0.02"/>
  <testcase name="testAbaNumberCheck_4801_good" classname="com.cardatechnologies.utils.validators.abaroutevalidator.Test_AbaRouteValidator_03" time="0.021"/>
  <testcase name="testAbaNumberCheck_4017_good" classname="com.cardatechnologies.utils.validators.abaroutevalidator.Test_AbaRouteValidator_03" time="0.02"/>
  <testcase name="testAbaNumberCheck_3041_good" classname="com.cardatechnologies.utils.validators.abaroutevalidator.Test_AbaRouteValidator_03" time="0.021"/>
  <testcase name="testAbaNumberCheck_4513_good" classname="com.cardatechnologies.utils.validators.abaroutevalidator.Test_AbaRouteValidator_03" time="0.021"/>
  <testcase name="testAbaNumberCheck_4351_good" classname="com.cardatechnologies.utils.validators.abaroutevalidator.Test_AbaRouteValidator_03" time="0.021"/>
  <testcase name="testAbaNumberCheck_3411_good" classname="com.cardatechnologies.utils.validators.abaroutevalidator.Test_AbaRouteValidator_03" time="0.02"/>
  <testcase name="testAbaNumberCheck_4225_good" classname="com.cardatechnologies.utils.validators.abaroutevalidator.Test_AbaRouteValidator_03" time="0.021"/>
  <testcase name="testAbaNumberCheck_4063_good" classname="com.cardatechnologies.utils.validators.abaroutevalidator.Test_AbaRouteValidator_03" time="0.02"/>
  <testcase name="testAbaNumberCheck_3123_good" classname="com.cardatechnologies.utils.validators.abaroutevalidator.Test_AbaRouteValidator_03" time="0.027"/>
  <testcase name="testAbaNumberCheck_4721_good" classname="com.cardatechnologies.utils.validators.abaroutevalidator.Test_AbaRouteValidator_03" time="0.027"/>
  <testcase name="testAbaNumberCheck_4433_good" classname="com.cardatechnologies.utils.validators.abaroutevalidator.Test_AbaRouteValidator_03" time="0.02"/>
  <testcase name="testAbaNumberCheck_4307_good" classname="com.cardatechnologies.utils.validators.abaroutevalidator.Test_AbaRouteValidator_03" time="0.021"/>
  <testcase name="testAbaNumberCheck_4271_good" classname="com.cardatechnologies.utils.validators.abaroutevalidator.Test_AbaRouteValidator_03" time="0.02"/>
  <testcase name="testAbaNumberCheck_3331_good" classname="com.cardatechnologies.utils.validators.abaroutevalidator.Test_AbaRouteValidator_03" time="0.021"/>
  <testcase name="testAbaNumberCheck_4145_good" classname="com.cardatechnologies.utils.validators.abaroutevalidator.Test_AbaRouteValidator_03" time="0.021"/>
  <testcase name="testAbaNumberCheck_3205_good" classname="com.cardatechnologies.utils.validators.abaroutevalidator.Test_AbaRouteValidator_03" time="0.02"/>
  <testcase name="testAbaNumberCheck_4803_good" classname="com.cardatechnologies.utils.validators.abaroutevalidator.Test_AbaRouteValidator_03" time="0.021"/>
  <testcase name="testAbaNumberCheck_4019_good" classname="com.cardatechnologies.utils.validators.abaroutevalidator.Test_AbaRouteValidator_03" time="0.027"/>
  <testcase name="testAbaNumberCheck_3043_good" classname="com.cardatechnologies.utils.validators.abaroutevalidator.Test_AbaRouteValidator_03" time="0.022"/>
  <testcase name="testAbaNumberCheck_4641_good" classname="com.cardatechnologies.utils.validators.abaroutevalidator.Test_AbaRouteValidator_03" time="0.021"/>
  <testcase name="testAbaNumberCheck_3701_good" classname="com.cardatechnologies.utils.validators.abaroutevalidator.Test_AbaRouteValidator_03" time="0.021"/>
  <testcase name="testAbaNumberCheck_4515_good" classname="com.cardatechnologies.utils.validators.abaroutevalidator.Test_AbaRouteValidator_03" time="0.021"/>
  <testcase name="testAbaNumberCheck_4353_good" classname="com.cardatechnologies.utils.validators.abaroutevalidator.Test_AbaRouteValidator_03" time="0.02"/>
  <testcase name="testAbaNumberCheck_3413_good" classname="com.cardatechnologies.utils.validators.abaroutevalidator.Test_AbaRouteValidator_03" time="0.021"/>
  <testcase name="testAbaNumberCheck_4227_good" classname="com.cardatechnologies.utils.validators.abaroutevalidator.Test_AbaRouteValidator_03" time="0.021"/>
  <testcase name="testAbaNumberCheck_4191_good" classname="com.cardatechnologies.utils.validators.abaroutevalidator.Test_AbaRouteValidator_03" time="0.02"/>
  <testcase name="testAbaNumberCheck_3251_good" classname="com.cardatechnologies.utils.validators.abaroutevalidator.Test_AbaRouteValidator_03" time="0.021"/>
  <testcase name="testAbaNumberCheck_4065_good" classname="com.cardatechnologies.utils.validators.abaroutevalidator.Test_AbaRouteValidator_03" time="0.02"/>
  <testcase name="testAbaNumberCheck_3125_good" classname="com.cardatechnologies.utils.validators.abaroutevalidator.Test_AbaRouteValidator_03" time="0.021"/>
  <testcase name="testAbaNumberCheck_4723_good" classname="com.cardatechnologies.utils.validators.abaroutevalidator.Test_AbaRouteValidator_03" time="0.02"/>
  <testcase name="testAbaNumberCheck_4561_good" classname="com.cardatechnologies.utils.validators.abaroutevalidator.Test_AbaRouteValidator_03" time="0.021"/>
  <testcase name="testAbaNumberCheck_3621_good" classname="com.cardatechnologies.utils.validators.abaroutevalidator.Test_AbaRouteValidator_03" time="0.02"/>
  <testcase name="testAbaNumberCheck_4435_good" classname="com.cardatechnologies.utils.validators.abaroutevalidator.Test_AbaRouteValidator_03" time="0.021"/>
  <testcase name="testAbaNumberCheck_4309_good" classname="com.cardatechnologies.utils.validators.abaroutevalidator.Test_AbaRouteValidator_03" time="0.024"/>
  <testcase name="testAbaNumberCheck_4273_good" classname="com.cardatechnologies.utils.validators.abaroutevalidator.Test_AbaRouteValidator_03" time="0.022"/>
  <testcase name="testAbaNumberCheck_3333_good" classname="com.cardatechnologies.utils.validators.abaroutevalidator.Test_AbaRouteValidator_03" time="0.021"/>
  <testcase name="testAbaNumberCheck_4931_good" classname="com.cardatechnologies.utils.validators.abaroutevalidator.Test_AbaRouteValidator_03" time="0.02"/>
  <testcase name="testAbaNumberCheck_4147_good" classname="com.cardatechnologies.utils.validators.abaroutevalidator.Test_AbaRouteValidator_03" time="0.021"/>
  <testcase name="testAbaNumberCheck_3207_good" classname="com.cardatechnologies.utils.validators.abaroutevalidator.Test_AbaRouteValidator_03" time="0.022"/>
  <testcase name="testAbaNumberCheck_4805_good" classname="com.cardatechnologies.utils.validators.abaroutevalidator.Test_AbaRouteValidator_03" time="0.021"/>
  <testcase name="testAbaNumberCheck_3171_good" classname="com.cardatechnologies.utils.validators.abaroutevalidator.Test_AbaRouteValidator_03" time="0.022"/>
  <testcase name="testAbaNumberCheck_3045_good" classname="com.cardatechnologies.utils.validators.abaroutevalidator.Test_AbaRouteValidator_03" time="0.021"/>
  <testcase name="testAbaNumberCheck_4643_good" classname="com.cardatechnologies.utils.validators.abaroutevalidator.Test_AbaRouteValidator_03" time="0.031"/>
  <testcase name="testAbaNumberCheck_3703_good" classname="com.cardatechnologies.utils.validators.abaroutevalidator.Test_AbaRouteValidator_03" time="0.021"/>
  <testcase name="testAbaNumberCheck_4517_good" classname="com.cardatechnologies.utils.validators.abaroutevalidator.Test_AbaRouteValidator_03" time="0.021"/>
  <testcase name="testAbaNumberCheck_4481_good" classname="com.cardatechnologies.utils.validators.abaroutevalidator.Test_AbaRouteValidator_03" time="0.022"/>
  <testcase name="testAbaNumberCheck_3541_good" classname="com.cardatechnologies.utils.validators.abaroutevalidator.Test_AbaRouteValidator_03" time="0.02"/>
  <testcase name="testAbaNumberCheck_2601_good" classname="com.cardatechnologies.utils.validators.abaroutevalidator.Test_AbaRouteValidator_03" time="0.021"/>
  <testcase name="testAbaNumberCheck_4355_good" classname="com.cardatechnologies.utils.validators.abaroutevalidator.Test_AbaRouteValidator_03" time="0.02"/>
  <testcase name="testAbaNumberCheck_3415_good" classname="com.cardatechnologies.utils.validators.abaroutevalidator.Test_AbaRouteValidator_03" time="0.021"/>
  <testcase name="testAbaNumberCheck_4229_good" classname="com.cardatechnologies.utils.validators.abaroutevalidator.Test_AbaRouteValidator_03" time="0.021"/>
  <testcase name="testAbaNumberCheck_4193_good" classname="com.cardatechnologies.utils.validators.abaroutevalidator.Test_AbaRouteValidator_03" time="0.021"/>
  <testcase name="testAbaNumberCheck_3253_good" classname="com.cardatechnologies.utils.validators.abaroutevalidator.Test_AbaRouteValidator_03" time="0.02"/>
  <testcase name="testAbaNumberCheck_4851_good" classname="com.cardatechnologies.utils.validators.abaroutevalidator.Test_AbaRouteValidator_03" time="0.021"/>
  <testcase name="testAbaNumberCheck_3911_good" classname="com.cardatechnologies.utils.validators.abaroutevalidator.Test_AbaRouteValidator_03" time="0.021"/>
  <testcase name="testAbaNumberCheck_4067_good" classname="com.cardatechnologies.utils.validators.abaroutevalidator.Test_AbaRouteValidator_03" time="0.021"/>
  <testcase name="testAbaNumberCheck_3127_good" classname="com.cardatechnologies.utils.validators.abaroutevalidator.Test_AbaRouteValidator_03" time="0.02"/>
  <testcase name="testAbaNumberCheck_4725_good" classname="com.cardatechnologies.utils.validators.abaroutevalidator.Test_AbaRouteValidator_03" time="0.026"/>
  <testcase name="testAbaNumberCheck_3091_good" classname="com.cardatechnologies.utils.validators.abaroutevalidator.Test_AbaRouteValidator_03" time="0.025"/>
  <testcase name="testAbaNumberCheck_4563_good" classname="com.cardatechnologies.utils.validators.abaroutevalidator.Test_AbaRouteValidator_03" time="0.02"/>
  <testcase name="testAbaNumberCheck_3623_good" classname="com.cardatechnologies.utils.validators.abaroutevalidator.Test_AbaRouteValidator_03" time="0.022"/>
  <testcase name="testAbaNumberCheck_4437_good" classname="com.cardatechnologies.utils.validators.abaroutevalidator.Test_AbaRouteValidator_03" time="0.02"/>
  <testcase name="testAbaNumberCheck_3461_good" classname="com.cardatechnologies.utils.validators.abaroutevalidator.Test_AbaRouteValidator_03" time="0.02"/>
  <testcase name="testAbaNumberCheck_2521_good" classname="com.cardatechnologies.utils.validators.abaroutevalidator.Test_AbaRouteValidator_03" time="0.02"/>
  <testcase name="testAbaNumberCheck_4275_good" classname="com.cardatechnologies.utils.validators.abaroutevalidator.Test_AbaRouteValidator_03" time="0.021"/>
  <testcase name="testAbaNumberCheck_3335_good" classname="com.cardatechnologies.utils.validators.abaroutevalidator.Test_AbaRouteValidator_03" time="0.021"/>
  <testcase name="testAbaNumberCheck_4933_good" classname="com.cardatechnologies.utils.validators.abaroutevalidator.Test_AbaRouteValidator_03" time="0.026"/>
  <testcase name="testAbaNumberCheck_4149_good" classname="com.cardatechnologies.utils.validators.abaroutevalidator.Test_AbaRouteValidator_03" time="0.025"/>
  <testcase name="testAbaNumberCheck_3209_good" classname="com.cardatechnologies.utils.validators.abaroutevalidator.Test_AbaRouteValidator_03" time="0.024"/>
  <testcase name="testAbaNumberCheck_4807_good" classname="com.cardatechnologies.utils.validators.abaroutevalidator.Test_AbaRouteValidator_03" time="0.021"/>
  <testcase name="testAbaNumberCheck_3173_good" classname="com.cardatechnologies.utils.validators.abaroutevalidator.Test_AbaRouteValidator_03" time="0.022"/>
  <testcase name="testAbaNumberCheck_4771_good" classname="com.cardatechnologies.utils.validators.abaroutevalidator.Test_AbaRouteValidator_03" time="0.021"/>
  <testcase name="testAbaNumberCheck_3831_good" classname="com.cardatechnologies.utils.validators.abaroutevalidator.Test_AbaRouteValidator_03" time="0.021"/>
  <testcase name="testAbaNumberCheck_3047_good" classname="com.cardatechnologies.utils.validators.abaroutevalidator.Test_AbaRouteValidator_03" time="0.021"/>
  <testcase name="testAbaNumberCheck_4645_good" classname="com.cardatechnologies.utils.validators.abaroutevalidator.Test_AbaRouteValidator_03" time="0.02"/>
  <testcase name="testAbaNumberCheck_3705_good" classname="com.cardatechnologies.utils.validators.abaroutevalidator.Test_AbaRouteValidator_03" time="0.021"/>
  <testcase name="testAbaNumberCheck_4519_good" classname="com.cardatechnologies.utils.validators.abaroutevalidator.Test_AbaRouteValidator_03" time="0.021"/>
  <testcase name="testAbaNumberCheck_4483_good" classname="com.cardatechnologies.utils.validators.abaroutevalidator.Test_AbaRouteValidator_03" time="0.021"/>
  <testcase name="testAbaNumberCheck_3543_good" classname="com.cardatechnologies.utils.validators.abaroutevalidator.Test_AbaRouteValidator_03" time="0.021"/>
  <testcase name="testAbaNumberCheck_2603_good" classname="com.cardatechnologies.utils.validators.abaroutevalidator.Test_AbaRouteValidator_03" time="0.02"/>
  <testcase name="testAbaNumberCheck_4357_good" classname="com.cardatechnologies.utils.validators.abaroutevalidator.Test_AbaRouteValidator_03" time="0.022"/>
  <testcase name="testAbaNumberCheck_3417_good" classname="com.cardatechnologies.utils.validators.abaroutevalidator.Test_AbaRouteValidator_03" time="0.024"/>
  <testcase name="testAbaNumberCheck_3381_good" classname="com.cardatechnologies.utils.validators.abaroutevalidator.Test_AbaRouteValidator_03" time="0.023"/>
  <testcase name="testAbaNumberCheck_4195_good" classname="com.cardatechnologies.utils.validators.abaroutevalidator.Test_AbaRouteValidator_03" time="0.02"/>
  <testcase name="testAbaNumberCheck_3255_good" classname="com.cardatechnologies.utils.validators.abaroutevalidator.Test_AbaRouteValidator_03" time="0.021"/>
  <testcase name="testAbaNumberCheck_4853_good" classname="com.cardatechnologies.utils.validators.abaroutevalidator.Test_AbaRouteValidator_03" time="0.02"/>
  <testcase name="testAbaNumberCheck_3913_good" classname="com.cardatechnologies.utils.validators.abaroutevalidator.Test_AbaRouteValidator_03" time="0.02"/>
  <testcase name="testAbaNumberCheck_4069_good" classname="com.cardatechnologies.utils.validators.abaroutevalidator.Test_AbaRouteValidator_03" time="0.021"/>
  <testcase name="testAbaNumberCheck_3129_good" classname="com.cardatechnologies.utils.validators.abaroutevalidator.Test_AbaRouteValidator_03" time="0.02"/>
  <testcase name="testAbaNumberCheck_4727_good" classname="com.cardatechnologies.utils.validators.abaroutevalidator.Test_AbaRouteValidator_03" time="0.021"/>
  <testcase name="testAbaNumberCheck_3093_good" classname="com.cardatechnologies.utils.validators.abaroutevalidator.Test_AbaRouteValidator_03" time="0.026"/>
  <testcase name="testAbaNumberCheck_4691_good" classname="com.cardatechnologies.utils.validators.abaroutevalidator.Test_AbaRouteValidator_03" time="0.024"/>
  <testcase name="testAbaNumberCheck_3751_good" classname="com.cardatechnologies.utils.validators.abaroutevalidator.Test_AbaRouteValidator_03" time="0.021"/>
  <testcase name="testAbaNumberCheck_2811_good" classname="com.cardatechnologies.utils.validators.abaroutevalidator.Test_AbaRouteValidator_03" time="0.02"/>
  <testcase name="testAbaNumberCheck_4565_good" classname="com.cardatechnologies.utils.validators.abaroutevalidator.Test_AbaRouteValidator_03" time="0.021"/>
  <testcase name="testAbaNumberCheck_3625_good" classname="com.cardatechnologies.utils.validators.abaroutevalidator.Test_AbaRouteValidator_03" time="0.021"/>
  <testcase name="testAbaNumberCheck_4439_good" classname="com.cardatechnologies.utils.validators.abaroutevalidator.Test_AbaRouteValidator_03" time="0.02"/>
  <testcase name="testAbaNumberCheck_3463_good" classname="com.cardatechnologies.utils.validators.abaroutevalidator.Test_AbaRouteValidator_03" time="0.021"/>
  <testcase name="testAbaNumberCheck_2523_good" classname="com.cardatechnologies.utils.validators.abaroutevalidator.Test_AbaRouteValidator_03" time="0.022"/>
  <testcase name="testAbaNumberCheck_4277_good" classname="com.cardatechnologies.utils.validators.abaroutevalidator.Test_AbaRouteValidator_03" time="0.02"/>
  <testcase name="testAbaNumberCheck_3337_good" classname="com.cardatechnologies.utils.validators.abaroutevalidator.Test_AbaRouteValidator_03" time="0.021"/>
  <testcase name="testAbaNumberCheck_4935_good" classname="com.cardatechnologies.utils.validators.abaroutevalidator.Test_AbaRouteValidator_03" time="0.021"/>
  <testcase name="testAbaNumberCheck_4809_good" classname="com.cardatechnologies.utils.validators.abaroutevalidator.Test_AbaRouteValidator_03" time="0.021"/>
  <testcase name="testAbaNumberCheck_3175_good" classname="com.cardatechnologies.utils.validators.abaroutevalidator.Test_AbaRouteValidator_03" time="0.022"/>
  <testcase name="testAbaNumberCheck_4773_good" classname="com.cardatechnologies.utils.validators.abaroutevalidator.Test_AbaRouteValidator_03" time="0.02"/>
  <testcase name="testAbaNumberCheck_3833_good" classname="com.cardatechnologies.utils.validators.abaroutevalidator.Test_AbaRouteValidator_03" time="0.021"/>
  <testcase name="testAbaNumberCheck_3049_good" classname="com.cardatechnologies.utils.validators.abaroutevalidator.Test_AbaRouteValidator_03" time="0.025"/>
  <testcase name="testAbaNumberCheck_4647_good" classname="com.cardatechnologies.utils.validators.abaroutevalidator.Test_AbaRouteValidator_03" time="0.025"/>
  <testcase name="testAbaNumberCheck_3707_good" classname="com.cardatechnologies.utils.validators.abaroutevalidator.Test_AbaRouteValidator_03" time="0.026"/>
  <testcase name="testAbaNumberCheck_3671_good" classname="com.cardatechnologies.utils.validators.abaroutevalidator.Test_AbaRouteValidator_03" time="0.027"/>
  <testcase name="testAbaNumberCheck_2731_good" classname="com.cardatechnologies.utils.validators.abaroutevalidator.Test_AbaRouteValidator_03" time="0.025"/>
  <testcase name="testAbaNumberCheck_4485_good" classname="com.cardatechnologies.utils.validators.abaroutevalidator.Test_AbaRouteValidator_03" time="0.027"/>
  <testcase name="testAbaNumberCheck_3545_good" classname="com.cardatechnologies.utils.validators.abaroutevalidator.Test_AbaRouteValidator_03" time="0.025"/>
  <testcase name="testAbaNumberCheck_2605_good" classname="com.cardatechnologies.utils.validators.abaroutevalidator.Test_AbaRouteValidator_03" time="0.036"/>
  <testcase name="testAbaNumberCheck_4359_good" classname="com.cardatechnologies.utils.validators.abaroutevalidator.Test_AbaRouteValidator_03" time="0.025"/>
  <testcase name="testAbaNumberCheck_3419_good" classname="com.cardatechnologies.utils.validators.abaroutevalidator.Test_AbaRouteValidator_03" time="0.025"/>
  <testcase name="testAbaNumberCheck_3383_good" classname="com.cardatechnologies.utils.validators.abaroutevalidator.Test_AbaRouteValidator_03" time="0.024"/>
  <testcase name="testAbaNumberCheck_4981_good" classname="com.cardatechnologies.utils.validators.abaroutevalidator.Test_AbaRouteValidator_03" time="0.026"/>
  <testcase name="testAbaNumberCheck_4197_good" classname="com.cardatechnologies.utils.validators.abaroutevalidator.Test_AbaRouteValidator_03" time="0.027"/>
  <testcase name="testAbaNumberCheck_3257_good" classname="com.cardatechnologies.utils.validators.abaroutevalidator.Test_AbaRouteValidator_03" time="0.026"/>
  <testcase name="testAbaNumberCheck_4855_good" classname="com.cardatechnologies.utils.validators.abaroutevalidator.Test_AbaRouteValidator_03" time="0.026"/>
  <testcase name="testAbaNumberCheck_3915_good" classname="com.cardatechnologies.utils.validators.abaroutevalidator.Test_AbaRouteValidator_03" time="0.025"/>
  <testcase name="testAbaNumberCheck_4729_good" classname="com.cardatechnologies.utils.validators.abaroutevalidator.Test_AbaRouteValidator_03" time="0.026"/>
  <testcase name="testAbaNumberCheck_3095_good" classname="com.cardatechnologies.utils.validators.abaroutevalidator.Test_AbaRouteValidator_03" time="0.028"/>
  <testcase name="testAbaNumberCheck_4693_good" classname="com.cardatechnologies.utils.validators.abaroutevalidator.Test_AbaRouteValidator_03" time="0.026"/>
  <testcase name="testAbaNumberCheck_3753_good" classname="com.cardatechnologies.utils.validators.abaroutevalidator.Test_AbaRouteValidator_03" time="0.026"/>
  <testcase name="testAbaNumberCheck_2813_good" classname="com.cardatechnologies.utils.validators.abaroutevalidator.Test_AbaRouteValidator_03" time="0.033"/>
  <testcase name="testAbaNumberCheck_4567_good" classname="com.cardatechnologies.utils.validators.abaroutevalidator.Test_AbaRouteValidator_03" time="0.026"/>
  <testcase name="testAbaNumberCheck_3627_good" classname="com.cardatechnologies.utils.validators.abaroutevalidator.Test_AbaRouteValidator_03" time="0.025"/>
  <testcase name="testAbaNumberCheck_3591_good" classname="com.cardatechnologies.utils.validators.abaroutevalidator.Test_AbaRouteValidator_03" time="0.022"/>
  <testcase name="testAbaNumberCheck_2651_good" classname="com.cardatechnologies.utils.validators.abaroutevalidator.Test_AbaRouteValidator_03" time="0.024"/>
  <testcase name="testAbaNumberCheck_3465_good" classname="com.cardatechnologies.utils.validators.abaroutevalidator.Test_AbaRouteValidator_03" time="0.021"/>
  <testcase name="testAbaNumberCheck_2525_good" classname="com.cardatechnologies.utils.validators.abaroutevalidator.Test_AbaRouteValidator_03" time="0.024"/>
  <testcase name="testAbaNumberCheck_4279_good" classname="com.cardatechnologies.utils.validators.abaroutevalidator.Test_AbaRouteValidator_03" time="0.035"/>
  <testcase name="testAbaNumberCheck_3339_good" classname="com.cardatechnologies.utils.validators.abaroutevalidator.Test_AbaRouteValidator_03" time="0.028"/>
  <testcase name="testAbaNumberCheck_4937_good" classname="com.cardatechnologies.utils.validators.abaroutevalidator.Test_AbaRouteValidator_03" time="0.024"/>
  <testcase name="testAbaNumberCheck_3961_good" classname="com.cardatechnologies.utils.validators.abaroutevalidator.Test_AbaRouteValidator_03" time="0.024"/>
  <testcase name="testAbaNumberCheck_3177_good" classname="com.cardatechnologies.utils.validators.abaroutevalidator.Test_AbaRouteValidator_03" time="0.03"/>
  <testcase name="testAbaNumberCheck_4775_good" classname="com.cardatechnologies.utils.validators.abaroutevalidator.Test_AbaRouteValidator_03" time="0.032"/>
  <testcase name="testAbaNumberCheck_3835_good" classname="com.cardatechnologies.utils.validators.abaroutevalidator.Test_AbaRouteValidator_03" time="0.034"/>
  <testcase name="testAbaNumberCheck_4649_good" classname="com.cardatechnologies.utils.validators.abaroutevalidator.Test_AbaRouteValidator_03" time="0.029"/>
  <testcase name="testAbaNumberCheck_3709_good" classname="com.cardatechnologies.utils.validators.abaroutevalidator.Test_AbaRouteValidator_03" time="0.023"/>
  <testcase name="testAbaNumberCheck_3673_good" classname="com.cardatechnologies.utils.validators.abaroutevalidator.Test_AbaRouteValidator_03" time="0.022"/>
  <testcase name="testAbaNumberCheck_2733_good" classname="com.cardatechnologies.utils.validators.abaroutevalidator.Test_AbaRouteValidator_03" time="0.02"/>
  <testcase name="testAbaNumberCheck_4487_good" classname="com.cardatechnologies.utils.validators.abaroutevalidator.Test_AbaRouteValidator_03" time="0.025"/>
  <testcase name="testAbaNumberCheck_3547_good" classname="com.cardatechnologies.utils.validators.abaroutevalidator.Test_AbaRouteValidator_03" time="0.021"/>
  <testcase name="testAbaNumberCheck_2607_good" classname="com.cardatechnologies.utils.validators.abaroutevalidator.Test_AbaRouteValidator_03" time="0.027"/>
  <testcase name="testAbaNumberCheck_2571_good" classname="com.cardatechnologies.utils.validators.abaroutevalidator.Test_AbaRouteValidator_03" time="0.021"/>
  <testcase name="testAbaNumberCheck_3385_good" classname="com.cardatechnologies.utils.validators.abaroutevalidator.Test_AbaRouteValidator_03" time="0.022"/>
  <testcase name="testAbaNumberCheck_4983_good" classname="com.cardatechnologies.utils.validators.abaroutevalidator.Test_AbaRouteValidator_03" time="0.02"/>
  <testcase name="testAbaNumberCheck_4199_good" classname="com.cardatechnologies.utils.validators.abaroutevalidator.Test_AbaRouteValidator_03" time="0.021"/>
  <testcase name="testAbaNumberCheck_3259_good" classname="com.cardatechnologies.utils.validators.abaroutevalidator.Test_AbaRouteValidator_03" time="0.02"/>
  <testcase name="testAbaNumberCheck_4857_good" classname="com.cardatechnologies.utils.validators.abaroutevalidator.Test_AbaRouteValidator_03" time="0.021"/>
  <testcase name="testAbaNumberCheck_3917_good" classname="com.cardatechnologies.utils.validators.abaroutevalidator.Test_AbaRouteValidator_03" time="0.02"/>
  <testcase name="testAbaNumberCheck_3881_good" classname="com.cardatechnologies.utils.validators.abaroutevalidator.Test_AbaRouteValidator_03" time="0.021"/>
  <testcase name="testAbaNumberCheck_2941_good" classname="com.cardatechnologies.utils.validators.abaroutevalidator.Test_AbaRouteValidator_03" time="0.028"/>
  <testcase name="testAbaNumberCheck_3097_good" classname="com.cardatechnologies.utils.validators.abaroutevalidator.Test_AbaRouteValidator_03" time="0.023"/>
  <testcase name="testAbaNumberCheck_4695_good" classname="com.cardatechnologies.utils.validators.abaroutevalidator.Test_AbaRouteValidator_03" time="0.02"/>
  <testcase name="testAbaNumberCheck_3755_good" classname="com.cardatechnologies.utils.validators.abaroutevalidator.Test_AbaRouteValidator_03" time="0.023"/>
  <testcase name="testAbaNumberCheck_2815_good" classname="com.cardatechnologies.utils.validators.abaroutevalidator.Test_AbaRouteValidator_03" time="0.027"/>
  <testcase name="testAbaNumberCheck_4569_good" classname="com.cardatechnologies.utils.validators.abaroutevalidator.Test_AbaRouteValidator_03" time="0.029"/>
  <testcase name="testAbaNumberCheck_3629_good" classname="com.cardatechnologies.utils.validators.abaroutevalidator.Test_AbaRouteValidator_03" time="0.029"/>
  <testcase name="testAbaNumberCheck_3593_good" classname="com.cardatechnologies.utils.validators.abaroutevalidator.Test_AbaRouteValidator_03" time="0.029"/>
  <testcase name="testAbaNumberCheck_2653_good" classname="com.cardatechnologies.utils.validators.abaroutevalidator.Test_AbaRouteValidator_03" time="0.027"/>
  <testcase name="testAbaNumberCheck_3467_good" classname="com.cardatechnologies.utils.validators.abaroutevalidator.Test_AbaRouteValidator_03" time="0.022"/>
  <testcase name="testAbaNumberCheck_2527_good" classname="com.cardatechnologies.utils.validators.abaroutevalidator.Test_AbaRouteValidator_03" time="0.021"/>
  <testcase name="testAbaNumberCheck_4939_good" classname="com.cardatechnologies.utils.validators.abaroutevalidator.Test_AbaRouteValidator_03" time="0.022"/>
  <testcase name="testAbaNumberCheck_3963_good" classname="com.cardatechnologies.utils.validators.abaroutevalidator.Test_AbaRouteValidator_03" time="0.021"/>
  <testcase name="testAbaNumberCheck_3179_good" classname="com.cardatechnologies.utils.validators.abaroutevalidator.Test_AbaRouteValidator_03" time="0.028"/>
  <testcase name="testAbaNumberCheck_4777_good" classname="com.cardatechnologies.utils.validators.abaroutevalidator.Test_AbaRouteValidator_03" time="0.023"/>
  <testcase name="testAbaNumberCheck_3837_good" classname="com.cardatechnologies.utils.validators.abaroutevalidator.Test_AbaRouteValidator_03" time="0.022"/>
  <testcase name="testAbaNumberCheck_2861_good" classname="com.cardatechnologies.utils.validators.abaroutevalidator.Test_AbaRouteValidator_03" time="0.022"/>
  <testcase name="testAbaNumberCheck_3675_good" classname="com.cardatechnologies.utils.validators.abaroutevalidator.Test_AbaRouteValidator_03" time="0.023"/>
  <testcase name="testAbaNumberCheck_2735_good" classname="com.cardatechnologies.utils.validators.abaroutevalidator.Test_AbaRouteValidator_03" time="0.025"/>
  <testcase name="testAbaNumberCheck_4489_good" classname="com.cardatechnologies.utils.validators.abaroutevalidator.Test_AbaRouteValidator_03" time="0.025"/>
  <testcase name="testAbaNumberCheck_3549_good" classname="com.cardatechnologies.utils.validators.abaroutevalidator.Test_AbaRouteValidator_03" time="0.024"/>
  <testcase name="testAbaNumberCheck_2609_good" classname="com.cardatechnologies.utils.validators.abaroutevalidator.Test_AbaRouteValidator_03" time="0.027"/>
  <testcase name="testAbaNumberCheck_2573_good" classname="com.cardatechnologies.utils.validators.abaroutevalidator.Test_AbaRouteValidator_03" time="0.028"/>
  <testcase name="testAbaNumberCheck_3387_good" classname="com.cardatechnologies.utils.validators.abaroutevalidator.Test_AbaRouteValidator_03" time="0.025"/>
  <testcase name="testAbaNumberCheck_4985_good" classname="com.cardatechnologies.utils.validators.abaroutevalidator.Test_AbaRouteValidator_03" time="0.029"/>
  <testcase name="testAbaNumberCheck_4859_good" classname="com.cardatechnologies.utils.validators.abaroutevalidator.Test_AbaRouteValidator_03" time="0.033"/>
  <testcase name="testAbaNumberCheck_3919_good" classname="com.cardatechnologies.utils.validators.abaroutevalidator.Test_AbaRouteValidator_03" time="0.027"/>
  <testcase name="testAbaNumberCheck_3883_good" classname="com.cardatechnologies.utils.validators.abaroutevalidator.Test_AbaRouteValidator_03" time="0.028"/>
  <testcase name="testAbaNumberCheck_2943_good" classname="com.cardatechnologies.utils.validators.abaroutevalidator.Test_AbaRouteValidator_03" time="0.028"/>
  <testcase name="testAbaNumberCheck_3099_good" classname="com.cardatechnologies.utils.validators.abaroutevalidator.Test_AbaRouteValidator_03" time="0.024"/>
  <testcase name="testAbaNumberCheck_4697_good" classname="com.cardatechnologies.utils.validators.abaroutevalidator.Test_AbaRouteValidator_03" time="0.022"/>
  <testcase name="testAbaNumberCheck_3757_good" classname="com.cardatechnologies.utils.validators.abaroutevalidator.Test_AbaRouteValidator_03" time="0.021"/>
  <testcase name="testAbaNumberCheck_2817_good" classname="com.cardatechnologies.utils.validators.abaroutevalidator.Test_AbaRouteValidator_03" time="0.021"/>
  <testcase name="testAbaNumberCheck_2781_good" classname="com.cardatechnologies.utils.validators.abaroutevalidator.Test_AbaRouteValidator_03" time="0.023"/>
  <testcase name="testAbaNumberCheck_3595_good" classname="com.cardatechnologies.utils.validators.abaroutevalidator.Test_AbaRouteValidator_03" time="0.028"/>
  <testcase name="testAbaNumberCheck_2655_good" classname="com.cardatechnologies.utils.validators.abaroutevalidator.Test_AbaRouteValidator_03" time="0.023"/>
  <testcase name="testAbaNumberCheck_4200_bad" classname="com.cardatechnologies.utils.validators.abaroutevalidator.Test_AbaRouteValidator_03" time="0.022"/>
  <testcase name="testAbaNumberCheck_3469_good" classname="com.cardatechnologies.utils.validators.abaroutevalidator.Test_AbaRouteValidator_03" time="0.021"/>
  <testcase name="testAbaNumberCheck_2529_good" classname="com.cardatechnologies.utils.validators.abaroutevalidator.Test_AbaRouteValidator_03" time="0.021"/>
  <testcase name="testAbaNumberCheck_4202_bad" classname="com.cardatechnologies.utils.validators.abaroutevalidator.Test_AbaRouteValidator_03" time="0.021"/>
  <testcase name="testAbaNumberCheck_4204_bad" classname="com.cardatechnologies.utils.validators.abaroutevalidator.Test_AbaRouteValidator_03" time="0.021"/>
  <testcase name="testAbaNumberCheck_4206_bad" classname="com.cardatechnologies.utils.validators.abaroutevalidator.Test_AbaRouteValidator_03" time="0.021"/>
  <testcase name="testAbaNumberCheck_4208_bad" classname="com.cardatechnologies.utils.validators.abaroutevalidator.Test_AbaRouteValidator_03" time="0.021"/>
  <testcase name="testAbaNumberCheck_3965_good" classname="com.cardatechnologies.utils.validators.abaroutevalidator.Test_AbaRouteValidator_03" time="0.026"/>
  <testcase name="testAbaNumberCheck_4779_good" classname="com.cardatechnologies.utils.validators.abaroutevalidator.Test_AbaRouteValidator_03" time="0.021"/>
  <testcase name="testAbaNumberCheck_3839_good" classname="com.cardatechnologies.utils.validators.abaroutevalidator.Test_AbaRouteValidator_03" time="0.021"/>
  <testcase name="testAbaNumberCheck_2863_good" classname="com.cardatechnologies.utils.validators.abaroutevalidator.Test_AbaRouteValidator_03" time="0.02"/>
  <testcase name="testAbaNumberCheck_3677_good" classname="com.cardatechnologies.utils.validators.abaroutevalidator.Test_AbaRouteValidator_03" time="0.022"/>
  <testcase name="testAbaNumberCheck_2737_good" classname="com.cardatechnologies.utils.validators.abaroutevalidator.Test_AbaRouteValidator_03" time="0.02"/>
  <testcase name="testAbaNumberCheck_4210_bad" classname="com.cardatechnologies.utils.validators.abaroutevalidator.Test_AbaRouteValidator_03" time="0.021"/>
  <testcase name="testAbaNumberCheck_2575_good" classname="com.cardatechnologies.utils.validators.abaroutevalidator.Test_AbaRouteValidator_03" time="0.021"/>
  <testcase name="testAbaNumberCheck_4212_bad" classname="com.cardatechnologies.utils.validators.abaroutevalidator.Test_AbaRouteValidator_03" time="0.02"/>
  <testcase name="testAbaNumberCheck_3400_bad" classname="com.cardatechnologies.utils.validators.abaroutevalidator.Test_AbaRouteValidator_03" time="0.021"/>
  <testcase name="testAbaNumberCheck_4214_bad" classname="com.cardatechnologies.utils.validators.abaroutevalidator.Test_AbaRouteValidator_03" time="0.02"/>
  <testcase name="testAbaNumberCheck_3389_good" classname="com.cardatechnologies.utils.validators.abaroutevalidator.Test_AbaRouteValidator_03" time="0.02"/>
  <testcase name="testAbaNumberCheck_3402_bad" classname="com.cardatechnologies.utils.validators.abaroutevalidator.Test_AbaRouteValidator_03" time="0.022"/>
  <testcase name="testAbaNumberCheck_4216_bad" classname="com.cardatechnologies.utils.validators.abaroutevalidator.Test_AbaRouteValidator_03" time="0.027"/>
  <testcase name="testAbaNumberCheck_4987_good" classname="com.cardatechnologies.utils.validators.abaroutevalidator.Test_AbaRouteValidator_03" time="0.025"/>
  <testcase name="testAbaNumberCheck_3404_bad" classname="com.cardatechnologies.utils.validators.abaroutevalidator.Test_AbaRouteValidator_03" time="0.036"/>
  <testcase name="testAbaNumberCheck_4218_bad" classname="com.cardatechnologies.utils.validators.abaroutevalidator.Test_AbaRouteValidator_03" time="0.028"/>
  <testcase name="testAbaNumberCheck_3406_bad" classname="com.cardatechnologies.utils.validators.abaroutevalidator.Test_AbaRouteValidator_03" time="0.03"/>
  <testcase name="testAbaNumberCheck_3408_bad" classname="com.cardatechnologies.utils.validators.abaroutevalidator.Test_AbaRouteValidator_03" time="0.028"/>
  <testcase name="testAbaNumberCheck_3885_good" classname="com.cardatechnologies.utils.validators.abaroutevalidator.Test_AbaRouteValidator_03" time="0.022"/>
  <testcase name="testAbaNumberCheck_2945_good" classname="com.cardatechnologies.utils.validators.abaroutevalidator.Test_AbaRouteValidator_03" time="0.026"/>
  <testcase name="testAbaNumberCheck_4699_good" classname="com.cardatechnologies.utils.validators.abaroutevalidator.Test_AbaRouteValidator_03" time="0.028"/>
  <testcase name="testAbaNumberCheck_3759_good" classname="com.cardatechnologies.utils.validators.abaroutevalidator.Test_AbaRouteValidator_03" time="0.039"/>
  <testcase name="testAbaNumberCheck_2819_good" classname="com.cardatechnologies.utils.validators.abaroutevalidator.Test_AbaRouteValidator_03" time="0.029"/>
  <testcase name="testAbaNumberCheck_2783_good" classname="com.cardatechnologies.utils.validators.abaroutevalidator.Test_AbaRouteValidator_03" time="0.028"/>
  <testcase name="testAbaNumberCheck_3597_good" classname="com.cardatechnologies.utils.validators.abaroutevalidator.Test_AbaRouteValidator_03" time="0.025"/>
  <testcase name="testAbaNumberCheck_2657_good" classname="com.cardatechnologies.utils.validators.abaroutevalidator.Test_AbaRouteValidator_03" time="0.022"/>
  <testcase name="testAbaNumberCheck_4220_bad" classname="com.cardatechnologies.utils.validators.abaroutevalidator.Test_AbaRouteValidator_03" time="0.024"/>
  <testcase name="testAbaNumberCheck_4222_bad" classname="com.cardatechnologies.utils.validators.abaroutevalidator.Test_AbaRouteValidator_03" time="0.023"/>
  <testcase name="testAbaNumberCheck_3410_bad" classname="com.cardatechnologies.utils.validators.abaroutevalidator.Test_AbaRouteValidator_03" time="0.021"/>
  <testcase name="testAbaNumberCheck_4224_bad" classname="com.cardatechnologies.utils.validators.abaroutevalidator.Test_AbaRouteValidator_03" time="0.03"/>
  <testcase name="testAbaNumberCheck_3412_bad" classname="com.cardatechnologies.utils.validators.abaroutevalidator.Test_AbaRouteValidator_03" time="0.031"/>
  <testcase name="testAbaNumberCheck_4226_bad" classname="com.cardatechnologies.utils.validators.abaroutevalidator.Test_AbaRouteValidator_03" time="0.029"/>
  <testcase name="testAbaNumberCheck_2600_bad" classname="com.cardatechnologies.utils.validators.abaroutevalidator.Test_AbaRouteValidator_03" time="0.023"/>
  <testcase name="testAbaNumberCheck_3414_bad" classname="com.cardatechnologies.utils.validators.abaroutevalidator.Test_AbaRouteValidator_03" time="0.031"/>
  <testcase name="testAbaNumberCheck_4228_bad" classname="com.cardatechnologies.utils.validators.abaroutevalidator.Test_AbaRouteValidator_03" time="0.02"/>
  <testcase name="testAbaNumberCheck_2602_bad" classname="com.cardatechnologies.utils.validators.abaroutevalidator.Test_AbaRouteValidator_03" time="0.021"/>
  <testcase name="testAbaNumberCheck_3416_bad" classname="com.cardatechnologies.utils.validators.abaroutevalidator.Test_AbaRouteValidator_03" time="0.021"/>
  <testcase name="testAbaNumberCheck_3967_good" classname="com.cardatechnologies.utils.validators.abaroutevalidator.Test_AbaRouteValidator_03" time="0.021"/>
  <testcase name="testAbaNumberCheck_2604_bad" classname="com.cardatechnologies.utils.validators.abaroutevalidator.Test_AbaRouteValidator_03" time="0.02"/>
  <testcase name="testAbaNumberCheck_3418_bad" classname="com.cardatechnologies.utils.validators.abaroutevalidator.Test_AbaRouteValidator_03" time="0.021"/>
  <testcase name="testAbaNumberCheck_2606_bad" classname="com.cardatechnologies.utils.validators.abaroutevalidator.Test_AbaRouteValidator_03" time="0.021"/>
  <testcase name="testAbaNumberCheck_2991_good" classname="com.cardatechnologies.utils.validators.abaroutevalidator.Test_AbaRouteValidator_03" time="0.02"/>
  <testcase name="testAbaNumberCheck_2608_bad" classname="com.cardatechnologies.utils.validators.abaroutevalidator.Test_AbaRouteValidator_03" time="0.024"/>
  <testcase name="testAbaNumberCheck_2865_good" classname="com.cardatechnologies.utils.validators.abaroutevalidator.Test_AbaRouteValidator_03" time="0.026"/>
  <testcase name="testAbaNumberCheck_3679_good" classname="com.cardatechnologies.utils.validators.abaroutevalidator.Test_AbaRouteValidator_03" time="0.021"/>
  <testcase name="testAbaNumberCheck_2739_good" classname="com.cardatechnologies.utils.validators.abaroutevalidator.Test_AbaRouteValidator_03" time="0.02"/>
  <testcase name="testAbaNumberCheck_4230_bad" classname="com.cardatechnologies.utils.validators.abaroutevalidator.Test_AbaRouteValidator_03" time="0.021"/>
  <testcase name="testAbaNumberCheck_2577_good" classname="com.cardatechnologies.utils.validators.abaroutevalidator.Test_AbaRouteValidator_03" time="0.022"/>
  <testcase name="testAbaNumberCheck_4232_bad" classname="com.cardatechnologies.utils.validators.abaroutevalidator.Test_AbaRouteValidator_03" time="0.02"/>
  <testcase name="testAbaNumberCheck_3420_bad" classname="com.cardatechnologies.utils.validators.abaroutevalidator.Test_AbaRouteValidator_03" time="0.021"/>
  <testcase name="testAbaNumberCheck_4234_bad" classname="com.cardatechnologies.utils.validators.abaroutevalidator.Test_AbaRouteValidator_03" time="0.021"/>
  <testcase name="testAbaNumberCheck_3422_bad" classname="com.cardatechnologies.utils.validators.abaroutevalidator.Test_AbaRouteValidator_03" time="0.021"/>
  <testcase name="testAbaNumberCheck_4236_bad" classname="com.cardatechnologies.utils.validators.abaroutevalidator.Test_AbaRouteValidator_03" time="0.021"/>
  <testcase name="testAbaNumberCheck_4989_good" classname="com.cardatechnologies.utils.validators.abaroutevalidator.Test_AbaRouteValidator_03" time="0.02"/>
  <testcase name="testAbaNumberCheck_2610_bad" classname="com.cardatechnologies.utils.validators.abaroutevalidator.Test_AbaRouteValidator_03" time="0.021"/>
  <testcase name="testAbaNumberCheck_3424_bad" classname="com.cardatechnologies.utils.validators.abaroutevalidator.Test_AbaRouteValidator_03" time="0.02"/>
  <testcase name="testAbaNumberCheck_4238_bad" classname="com.cardatechnologies.utils.validators.abaroutevalidator.Test_AbaRouteValidator_03" time="0.021"/>
  <testcase name="testAbaNumberCheck_2612_bad" classname="com.cardatechnologies.utils.validators.abaroutevalidator.Test_AbaRouteValidator_03" time="0.026"/>
  <testcase name="testAbaNumberCheck_3426_bad" classname="com.cardatechnologies.utils.validators.abaroutevalidator.Test_AbaRouteValidator_03" time="0.027"/>
  <testcase name="testAbaNumberCheck_2614_bad" classname="com.cardatechnologies.utils.validators.abaroutevalidator.Test_AbaRouteValidator_03" time="0.027"/>
  <testcase name="testAbaNumberCheck_3428_bad" classname="com.cardatechnologies.utils.validators.abaroutevalidator.Test_AbaRouteValidator_03" time="0.03"/>
  <testcase name="testAbaNumberCheck_2616_bad" classname="com.cardatechnologies.utils.validators.abaroutevalidator.Test_AbaRouteValidator_03" time="0.03"/>
  <testcase name="testAbaNumberCheck_3887_good" classname="com.cardatechnologies.utils.validators.abaroutevalidator.Test_AbaRouteValidator_03" time="0.03"/>
  <testcase name="testAbaNumberCheck_2947_good" classname="com.cardatechnologies.utils.validators.abaroutevalidator.Test_AbaRouteValidator_03" time="0.03"/>
  <testcase name="testAbaNumberCheck_2618_bad" classname="com.cardatechnologies.utils.validators.abaroutevalidator.Test_AbaRouteValidator_03" time="0.038"/>
  <testcase name="testAbaNumberCheck_2785_good" classname="com.cardatechnologies.utils.validators.abaroutevalidator.Test_AbaRouteValidator_03" time="0.03"/>
  <testcase name="testAbaNumberCheck_3599_good" classname="com.cardatechnologies.utils.validators.abaroutevalidator.Test_AbaRouteValidator_03" time="0.024"/>
  <testcase name="testAbaNumberCheck_2659_good" classname="com.cardatechnologies.utils.validators.abaroutevalidator.Test_AbaRouteValidator_03" time="0.026"/>
  <testcase name="testAbaNumberCheck_4240_bad" classname="com.cardatechnologies.utils.validators.abaroutevalidator.Test_AbaRouteValidator_03" time="0.021"/>
  <testcase name="testAbaNumberCheck_4242_bad" classname="com.cardatechnologies.utils.validators.abaroutevalidator.Test_AbaRouteValidator_03" time="0.022"/>
  <testcase name="testAbaNumberCheck_3430_bad" classname="com.cardatechnologies.utils.validators.abaroutevalidator.Test_AbaRouteValidator_03" time="0.022"/>
  <testcase name="testAbaNumberCheck_4244_bad" classname="com.cardatechnologies.utils.validators.abaroutevalidator.Test_AbaRouteValidator_03" time="0.021"/>
  <testcase name="testAbaNumberCheck_3432_bad" classname="com.cardatechnologies.utils.validators.abaroutevalidator.Test_AbaRouteValidator_03" time="0.022"/>
  <testcase name="testAbaNumberCheck_4246_bad" classname="com.cardatechnologies.utils.validators.abaroutevalidator.Test_AbaRouteValidator_03" time="0.022"/>
  <testcase name="testAbaNumberCheck_2620_bad" classname="com.cardatechnologies.utils.validators.abaroutevalidator.Test_AbaRouteValidator_03" time="0.022"/>
  <testcase name="testAbaNumberCheck_3434_bad" classname="com.cardatechnologies.utils.validators.abaroutevalidator.Test_AbaRouteValidator_03" time="0.028"/>
  <testcase name="testAbaNumberCheck_4248_bad" classname="com.cardatechnologies.utils.validators.abaroutevalidator.Test_AbaRouteValidator_03" time="0.021"/>
  <testcase name="testAbaNumberCheck_2622_bad" classname="com.cardatechnologies.utils.validators.abaroutevalidator.Test_AbaRouteValidator_03" time="0.023"/>
  <testcase name="testAbaNumberCheck_3436_bad" classname="com.cardatechnologies.utils.validators.abaroutevalidator.Test_AbaRouteValidator_03" time="0.033"/>
  <testcase name="testAbaNumberCheck_3969_good" classname="com.cardatechnologies.utils.validators.abaroutevalidator.Test_AbaRouteValidator_03" time="0.028"/>
  <testcase name="testAbaNumberCheck_2624_bad" classname="com.cardatechnologies.utils.validators.abaroutevalidator.Test_AbaRouteValidator_03" time="0.026"/>
  <testcase name="testAbaNumberCheck_3438_bad" classname="com.cardatechnologies.utils.validators.abaroutevalidator.Test_AbaRouteValidator_03" time="0.024"/>
  <testcase name="testAbaNumberCheck_2626_bad" classname="com.cardatechnologies.utils.validators.abaroutevalidator.Test_AbaRouteValidator_03" time="0.021"/>
  <testcase name="testAbaNumberCheck_2993_good" classname="com.cardatechnologies.utils.validators.abaroutevalidator.Test_AbaRouteValidator_03" time="0.02"/>
  <testcase name="testAbaNumberCheck_2628_bad" classname="com.cardatechnologies.utils.validators.abaroutevalidator.Test_AbaRouteValidator_03" time="0.021"/>
  <testcase name="testAbaNumberCheck_2867_good" classname="com.cardatechnologies.utils.validators.abaroutevalidator.Test_AbaRouteValidator_03" time="0.02"/>
  <testcase name="testAbaNumberCheck_4700_bad" classname="com.cardatechnologies.utils.validators.abaroutevalidator.Test_AbaRouteValidator_03" time="0.025"/>
  <testcase name="testAbaNumberCheck_4250_bad" classname="com.cardatechnologies.utils.validators.abaroutevalidator.Test_AbaRouteValidator_03" time="0.025"/>
  <testcase name="testAbaNumberCheck_2579_good" classname="com.cardatechnologies.utils.validators.abaroutevalidator.Test_AbaRouteValidator_03" time="0.021"/>
  <testcase name="testAbaNumberCheck_4702_bad" classname="com.cardatechnologies.utils.validators.abaroutevalidator.Test_AbaRouteValidator_03" time="0.021"/>
  <testcase name="testAbaNumberCheck_4252_bad" classname="com.cardatechnologies.utils.validators.abaroutevalidator.Test_AbaRouteValidator_03" time="0.02"/>
  <testcase name="testAbaNumberCheck_4704_bad" classname="com.cardatechnologies.utils.validators.abaroutevalidator.Test_AbaRouteValidator_03" time="0.022"/>
  <testcase name="testAbaNumberCheck_3440_bad" classname="com.cardatechnologies.utils.validators.abaroutevalidator.Test_AbaRouteValidator_03" time="0.02"/>
  <testcase name="testAbaNumberCheck_4254_bad" classname="com.cardatechnologies.utils.validators.abaroutevalidator.Test_AbaRouteValidator_03" time="0.022"/>
  <testcase name="testAbaNumberCheck_4706_bad" classname="com.cardatechnologies.utils.validators.abaroutevalidator.Test_AbaRouteValidator_03" time="0.02"/>
  <testcase name="testAbaNumberCheck_3442_bad" classname="com.cardatechnologies.utils.validators.abaroutevalidator.Test_AbaRouteValidator_03" time="0.021"/>
  <testcase name="testAbaNumberCheck_4256_bad" classname="com.cardatechnologies.utils.validators.abaroutevalidator.Test_AbaRouteValidator_03" time="0.02"/>
  <testcase name="testAbaNumberCheck_4708_bad" classname="com.cardatechnologies.utils.validators.abaroutevalidator.Test_AbaRouteValidator_03" time="0.021"/>
  <testcase name="testAbaNumberCheck_2630_bad" classname="com.cardatechnologies.utils.validators.abaroutevalidator.Test_AbaRouteValidator_03" time="0.021"/>
  <testcase name="testAbaNumberCheck_3444_bad" classname="com.cardatechnologies.utils.validators.abaroutevalidator.Test_AbaRouteValidator_03" time="0.02"/>
  <testcase name="testAbaNumberCheck_4258_bad" classname="com.cardatechnologies.utils.validators.abaroutevalidator.Test_AbaRouteValidator_03" time="0.021"/>
  <testcase name="testAbaNumberCheck_2632_bad" classname="com.cardatechnologies.utils.validators.abaroutevalidator.Test_AbaRouteValidator_03" time="0.031"/>
  <testcase name="testAbaNumberCheck_3446_bad" classname="com.cardatechnologies.utils.validators.abaroutevalidator.Test_AbaRouteValidator_03" time="0.021"/>
  <testcase name="testAbaNumberCheck_2634_bad" classname="com.cardatechnologies.utils.validators.abaroutevalidator.Test_AbaRouteValidator_03" time="0.021"/>
  <testcase name="testAbaNumberCheck_3448_bad" classname="com.cardatechnologies.utils.validators.abaroutevalidator.Test_AbaRouteValidator_03" time="0.025"/>
  <testcase name="testAbaNumberCheck_2636_bad" classname="com.cardatechnologies.utils.validators.abaroutevalidator.Test_AbaRouteValidator_03" time="0.026"/>
  <testcase name="testAbaNumberCheck_3889_good" classname="com.cardatechnologies.utils.validators.abaroutevalidator.Test_AbaRouteValidator_03" time="0.025"/>
  <testcase name="testAbaNumberCheck_2949_good" classname="com.cardatechnologies.utils.validators.abaroutevalidator.Test_AbaRouteValidator_03" time="0.027"/>
  <testcase name="testAbaNumberCheck_2638_bad" classname="com.cardatechnologies.utils.validators.abaroutevalidator.Test_AbaRouteValidator_03" time="0.028"/>
  <testcase name="testAbaNumberCheck_2787_good" classname="com.cardatechnologies.utils.validators.abaroutevalidator.Test_AbaRouteValidator_03" time="0.035"/>
  <testcase name="testAbaNumberCheck_4710_bad" classname="com.cardatechnologies.utils.validators.abaroutevalidator.Test_AbaRouteValidator_03" time="0.027"/>
  <testcase name="testAbaNumberCheck_4260_bad" classname="com.cardatechnologies.utils.validators.abaroutevalidator.Test_AbaRouteValidator_03" time="0.024"/>
  <testcase name="testAbaNumberCheck_4712_bad" classname="com.cardatechnologies.utils.validators.abaroutevalidator.Test_AbaRouteValidator_03" time="0.023"/>
  <testcase name="testAbaNumberCheck_4262_bad" classname="com.cardatechnologies.utils.validators.abaroutevalidator.Test_AbaRouteValidator_03" time="0.023"/>
  <testcase name="testAbaNumberCheck_3900_bad" classname="com.cardatechnologies.utils.validators.abaroutevalidator.Test_AbaRouteValidator_03" time="0.023"/>
  <testcase name="testAbaNumberCheck_4714_bad" classname="com.cardatechnologies.utils.validators.abaroutevalidator.Test_AbaRouteValidator_03" time="0.024"/>
  <testcase name="testAbaNumberCheck_3450_bad" classname="com.cardatechnologies.utils.validators.abaroutevalidator.Test_AbaRouteValidator_03" time="0.024"/>
  <testcase name="testAbaNumberCheck_4264_bad" classname="com.cardatechnologies.utils.validators.abaroutevalidator.Test_AbaRouteValidator_03" time="0.022"/>
  <testcase name="testAbaNumberCheck_3902_bad" classname="com.cardatechnologies.utils.validators.abaroutevalidator.Test_AbaRouteValidator_03" time="0.024"/>
  <testcase name="testAbaNumberCheck_4716_bad" classname="com.cardatechnologies.utils.validators.abaroutevalidator.Test_AbaRouteValidator_03" time="0.021"/>
  <testcase name="testAbaNumberCheck_3452_bad" classname="com.cardatechnologies.utils.validators.abaroutevalidator.Test_AbaRouteValidator_03" time="0.025"/>
  <testcase name="testAbaNumberCheck_4266_bad" classname="com.cardatechnologies.utils.validators.abaroutevalidator.Test_AbaRouteValidator_03" time="0.031"/>
  <testcase name="testAbaNumberCheck_3904_bad" classname="com.cardatechnologies.utils.validators.abaroutevalidator.Test_AbaRouteValidator_03" time="0.027"/>
  <testcase name="testAbaNumberCheck_4718_bad" classname="com.cardatechnologies.utils.validators.abaroutevalidator.Test_AbaRouteValidator_03" time="0.023"/>
  <testcase name="testAbaNumberCheck_2640_bad" classname="com.cardatechnologies.utils.validators.abaroutevalidator.Test_AbaRouteValidator_03" time="0.025"/>
  <testcase name="testAbaNumberCheck_3454_bad" classname="com.cardatechnologies.utils.validators.abaroutevalidator.Test_AbaRouteValidator_03" time="0.022"/>
  <testcase name="testAbaNumberCheck_4268_bad" classname="com.cardatechnologies.utils.validators.abaroutevalidator.Test_AbaRouteValidator_03" time="0.024"/>
  <testcase name="testAbaNumberCheck_3906_bad" classname="com.cardatechnologies.utils.validators.abaroutevalidator.Test_AbaRouteValidator_03" time="0.026"/>
  <testcase name="testAbaNumberCheck_2642_bad" classname="com.cardatechnologies.utils.validators.abaroutevalidator.Test_AbaRouteValidator_03" time="0.029"/>
  <testcase name="testAbaNumberCheck_3456_bad" classname="com.cardatechnologies.utils.validators.abaroutevalidator.Test_AbaRouteValidator_03" time="0.028"/>
  <testcase name="testAbaNumberCheck_3908_bad" classname="com.cardatechnologies.utils.validators.abaroutevalidator.Test_AbaRouteValidator_03" time="0.039"/>
  <testcase name="testAbaNumberCheck_2644_bad" classname="com.cardatechnologies.utils.validators.abaroutevalidator.Test_AbaRouteValidator_03" time="0.024"/>
  <testcase name="testAbaNumberCheck_3458_bad" classname="com.cardatechnologies.utils.validators.abaroutevalidator.Test_AbaRouteValidator_03" time="0.021"/>
  <testcase name="testAbaNumberCheck_2646_bad" classname="com.cardatechnologies.utils.validators.abaroutevalidator.Test_AbaRouteValidator_03" time="0.022"/>
  <testcase name="testAbaNumberCheck_2995_good" classname="com.cardatechnologies.utils.validators.abaroutevalidator.Test_AbaRouteValidator_03" time="0.022"/>
  <testcase name="testAbaNumberCheck_2648_bad" classname="com.cardatechnologies.utils.validators.abaroutevalidator.Test_AbaRouteValidator_03" time="0.022"/>
  <testcase name="testAbaNumberCheck_2869_good" classname="com.cardatechnologies.utils.validators.abaroutevalidator.Test_AbaRouteValidator_03" time="0.021"/>
  <testcase name="testAbaNumberCheck_4720_bad" classname="com.cardatechnologies.utils.validators.abaroutevalidator.Test_AbaRouteValidator_03" time="0.022"/>
  <testcase name="testAbaNumberCheck_4270_bad" classname="com.cardatechnologies.utils.validators.abaroutevalidator.Test_AbaRouteValidator_03" time="0.022"/>
  <testcase name="testAbaNumberCheck_4722_bad" classname="com.cardatechnologies.utils.validators.abaroutevalidator.Test_AbaRouteValidator_03" time="0.023"/>
  <testcase name="testAbaNumberCheck_4272_bad" classname="com.cardatechnologies.utils.validators.abaroutevalidator.Test_AbaRouteValidator_03" time="0.021"/>
  <testcase name="testAbaNumberCheck_3910_bad" classname="com.cardatechnologies.utils.validators.abaroutevalidator.Test_AbaRouteValidator_03" time="0.021"/>
  <testcase name="testAbaNumberCheck_4724_bad" classname="com.cardatechnologies.utils.validators.abaroutevalidator.Test_AbaRouteValidator_03" time="0.02"/>
  <testcase name="testAbaNumberCheck_3460_bad" classname="com.cardatechnologies.utils.validators.abaroutevalidator.Test_AbaRouteValidator_03" time="0.026"/>
  <testcase name="testAbaNumberCheck_4274_bad" classname="com.cardatechnologies.utils.validators.abaroutevalidator.Test_AbaRouteValidator_03" time="0.022"/>
  <testcase name="testAbaNumberCheck_3912_bad" classname="com.cardatechnologies.utils.validators.abaroutevalidator.Test_AbaRouteValidator_03" time="0.02"/>
  <testcase name="testAbaNumberCheck_4726_bad" classname="com.cardatechnologies.utils.validators.abaroutevalidator.Test_AbaRouteValidator_03" time="0.021"/>
  <testcase name="testAbaNumberCheck_3462_bad" classname="com.cardatechnologies.utils.validators.abaroutevalidator.Test_AbaRouteValidator_03" time="0.021"/>
  <testcase name="testAbaNumberCheck_4276_bad" classname="com.cardatechnologies.utils.validators.abaroutevalidator.Test_AbaRouteValidator_03" time="0.02"/>
  <testcase name="testAbaNumberCheck_3914_bad" classname="com.cardatechnologies.utils.validators.abaroutevalidator.Test_AbaRouteValidator_03" time="0.021"/>
  <testcase name="testAbaNumberCheck_4728_bad" classname="com.cardatechnologies.utils.validators.abaroutevalidator.Test_AbaRouteValidator_03" time="0.02"/>
  <testcase name="testAbaNumberCheck_2650_bad" classname="com.cardatechnologies.utils.validators.abaroutevalidator.Test_AbaRouteValidator_03" time="0.021"/>
  <testcase name="testAbaNumberCheck_3464_bad" classname="com.cardatechnologies.utils.validators.abaroutevalidator.Test_AbaRouteValidator_03" time="0.021"/>
  <testcase name="testAbaNumberCheck_4278_bad" classname="com.cardatechnologies.utils.validators.abaroutevalidator.Test_AbaRouteValidator_03" time="0.02"/>
  <testcase name="testAbaNumberCheck_3916_bad" classname="com.cardatechnologies.utils.validators.abaroutevalidator.Test_AbaRouteValidator_03" time="0.033"/>
  <testcase name="testAbaNumberCheck_2652_bad" classname="com.cardatechnologies.utils.validators.abaroutevalidator.Test_AbaRouteValidator_03" time="0.02"/>
  <testcase name="testAbaNumberCheck_3466_bad" classname="com.cardatechnologies.utils.validators.abaroutevalidator.Test_AbaRouteValidator_03" time="0.02"/>
  <testcase name="testAbaNumberCheck_3918_bad" classname="com.cardatechnologies.utils.validators.abaroutevalidator.Test_AbaRouteValidator_03" time="0.022"/>
  <testcase name="testAbaNumberCheck_2654_bad" classname="com.cardatechnologies.utils.validators.abaroutevalidator.Test_AbaRouteValidator_03" time="0.031"/>
  <testcase name="testAbaNumberCheck_3468_bad" classname="com.cardatechnologies.utils.validators.abaroutevalidator.Test_AbaRouteValidator_03" time="0.027"/>
  <testcase name="testAbaNumberCheck_2656_bad" classname="com.cardatechnologies.utils.validators.abaroutevalidator.Test_AbaRouteValidator_03" time="0.026"/>
  <testcase name="testAbaNumberCheck_2658_bad" classname="com.cardatechnologies.utils.validators.abaroutevalidator.Test_AbaRouteValidator_03" time="0.026"/>
  <testcase name="testAbaNumberCheck_2789_good" classname="com.cardatechnologies.utils.validators.abaroutevalidator.Test_AbaRouteValidator_03" time="0.026"/>
  <testcase name="testAbaNumberCheck_4730_bad" classname="com.cardatechnologies.utils.validators.abaroutevalidator.Test_AbaRouteValidator_03" time="0.026"/>
  <testcase name="testAbaNumberCheck_4280_bad" classname="com.cardatechnologies.utils.validators.abaroutevalidator.Test_AbaRouteValidator_03" time="0.026"/>
  <testcase name="testAbaNumberCheck_4732_bad" classname="com.cardatechnologies.utils.validators.abaroutevalidator.Test_AbaRouteValidator_03" time="0.031"/>
  <testcase name="testAbaNumberCheck_4282_bad" classname="com.cardatechnologies.utils.validators.abaroutevalidator.Test_AbaRouteValidator_03" time="0.026"/>
  <testcase name="testAbaNumberCheck_3920_bad" classname="com.cardatechnologies.utils.validators.abaroutevalidator.Test_AbaRouteValidator_03" time="0.026"/>
  <testcase name="testAbaNumberCheck_4734_bad" classname="com.cardatechnologies.utils.validators.abaroutevalidator.Test_AbaRouteValidator_03" time="0.025"/>
  <testcase name="testAbaNumberCheck_3470_bad" classname="com.cardatechnologies.utils.validators.abaroutevalidator.Test_AbaRouteValidator_03" time="0.025"/>
  <testcase name="testAbaNumberCheck_4284_bad" classname="com.cardatechnologies.utils.validators.abaroutevalidator.Test_AbaRouteValidator_03" time="0.025"/>
  <testcase name="testAbaNumberCheck_3922_bad" classname="com.cardatechnologies.utils.validators.abaroutevalidator.Test_AbaRouteValidator_03" time="0.026"/>
  <testcase name="testAbaNumberCheck_4736_bad" classname="com.cardatechnologies.utils.validators.abaroutevalidator.Test_AbaRouteValidator_03" time="0.025"/>
  <testcase name="testAbaNumberCheck_3472_bad" classname="com.cardatechnologies.utils.validators.abaroutevalidator.Test_AbaRouteValidator_03" time="0.025"/>
  <testcase name="testAbaNumberCheck_4286_bad" classname="com.cardatechnologies.utils.validators.abaroutevalidator.Test_AbaRouteValidator_03" time="0.03"/>
  <testcase name="testAbaNumberCheck_3924_bad" classname="com.cardatechnologies.utils.validators.abaroutevalidator.Test_AbaRouteValidator_03" time="0.027"/>
  <testcase name="testAbaNumberCheck_4738_bad" classname="com.cardatechnologies.utils.validators.abaroutevalidator.Test_AbaRouteValidator_03" time="0.023"/>
  <testcase name="testAbaNumberCheck_2660_bad" classname="com.cardatechnologies.utils.validators.abaroutevalidator.Test_AbaRouteValidator_03" time="0.02"/>
  <testcase name="testAbaNumberCheck_3474_bad" classname="com.cardatechnologies.utils.validators.abaroutevalidator.Test_AbaRouteValidator_03" time="0.021"/>
  <testcase name="testAbaNumberCheck_4288_bad" classname="com.cardatechnologies.utils.validators.abaroutevalidator.Test_AbaRouteValidator_03" time="0.021"/>
  <testcase name="testAbaNumberCheck_3926_bad" classname="com.cardatechnologies.utils.validators.abaroutevalidator.Test_AbaRouteValidator_03" time="0.021"/>
  <testcase name="testAbaNumberCheck_2662_bad" classname="com.cardatechnologies.utils.validators.abaroutevalidator.Test_AbaRouteValidator_03" time="0.02"/>
  <testcase name="testAbaNumberCheck_3476_bad" classname="com.cardatechnologies.utils.validators.abaroutevalidator.Test_AbaRouteValidator_03" time="0.022"/>
  <testcase name="testAbaNumberCheck_3928_bad" classname="com.cardatechnologies.utils.validators.abaroutevalidator.Test_AbaRouteValidator_03" time="0.021"/>
  <testcase name="testAbaNumberCheck_2664_bad" classname="com.cardatechnologies.utils.validators.abaroutevalidator.Test_AbaRouteValidator_03" time="0.021"/>
  <testcase name="testAbaNumberCheck_3478_bad" classname="com.cardatechnologies.utils.validators.abaroutevalidator.Test_AbaRouteValidator_03" time="0.02"/>
  <testcase name="testAbaNumberCheck_2666_bad" classname="com.cardatechnologies.utils.validators.abaroutevalidator.Test_AbaRouteValidator_03" time="0.02"/>
  <testcase name="testAbaNumberCheck_2997_good" classname="com.cardatechnologies.utils.validators.abaroutevalidator.Test_AbaRouteValidator_03" time="0.028"/>
  <testcase name="testAbaNumberCheck_2668_bad" classname="com.cardatechnologies.utils.validators.abaroutevalidator.Test_AbaRouteValidator_03" time="0.027"/>
  <testcase name="testAbaNumberCheck_4740_bad" classname="com.cardatechnologies.utils.validators.abaroutevalidator.Test_AbaRouteValidator_03" time="0.02"/>
  <testcase name="testAbaNumberCheck_4290_bad" classname="com.cardatechnologies.utils.validators.abaroutevalidator.Test_AbaRouteValidator_03" time="0.021"/>
  <testcase name="testAbaNumberCheck_4742_bad" classname="com.cardatechnologies.utils.validators.abaroutevalidator.Test_AbaRouteValidator_03" time="0.022"/>
  <testcase name="testAbaNumberCheck_4292_bad" classname="com.cardatechnologies.utils.validators.abaroutevalidator.Test_AbaRouteValidator_03" time="0.022"/>
  <testcase name="testAbaNumberCheck_3930_bad" classname="com.cardatechnologies.utils.validators.abaroutevalidator.Test_AbaRouteValidator_03" time="0.021"/>
  <testcase name="testAbaNumberCheck_4744_bad" classname="com.cardatechnologies.utils.validators.abaroutevalidator.Test_AbaRouteValidator_03" time="0.022"/>
  <testcase name="testAbaNumberCheck_3480_bad" classname="com.cardatechnologies.utils.validators.abaroutevalidator.Test_AbaRouteValidator_03" time="0.021"/>
  <testcase name="testAbaNumberCheck_4294_bad" classname="com.cardatechnologies.utils.validators.abaroutevalidator.Test_AbaRouteValidator_03" time="0.021"/>
  <testcase name="testAbaNumberCheck_3932_bad" classname="com.cardatechnologies.utils.validators.abaroutevalidator.Test_AbaRouteValidator_03" time="0.021"/>
  <testcase name="testAbaNumberCheck_4746_bad" classname="com.cardatechnologies.utils.validators.abaroutevalidator.Test_AbaRouteValidator_03" time="0.028"/>
  <testcase name="testAbaNumberCheck_3482_bad" classname="com.cardatechnologies.utils.validators.abaroutevalidator.Test_AbaRouteValidator_03" time="0.025"/>
  <testcase name="testAbaNumberCheck_4296_bad" classname="com.cardatechnologies.utils.validators.abaroutevalidator.Test_AbaRouteValidator_03" time="0.02"/>
  <testcase name="testAbaNumberCheck_3934_bad" classname="com.cardatechnologies.utils.validators.abaroutevalidator.Test_AbaRouteValidator_03" time="0.021"/>
  <testcase name="testAbaNumberCheck_4748_bad" classname="com.cardatechnologies.utils.validators.abaroutevalidator.Test_AbaRouteValidator_03" time="0.021"/>
  <testcase name="testAbaNumberCheck_2670_bad" classname="com.cardatechnologies.utils.validators.abaroutevalidator.Test_AbaRouteValidator_03" time="0.021"/>
  <testcase name="testAbaNumberCheck_3484_bad" classname="com.cardatechnologies.utils.validators.abaroutevalidator.Test_AbaRouteValidator_03" time="0.021"/>
  <testcase name="testAbaNumberCheck_4298_bad" classname="com.cardatechnologies.utils.validators.abaroutevalidator.Test_AbaRouteValidator_03" time="0.02"/>
  <testcase name="testAbaNumberCheck_3936_bad" classname="com.cardatechnologies.utils.validators.abaroutevalidator.Test_AbaRouteValidator_03" time="0.021"/>
  <testcase name="testAbaNumberCheck_2672_bad" classname="com.cardatechnologies.utils.validators.abaroutevalidator.Test_AbaRouteValidator_03" time="0.021"/>
  <testcase name="testAbaNumberCheck_3486_bad" classname="com.cardatechnologies.utils.validators.abaroutevalidator.Test_AbaRouteValidator_03" time="0.022"/>
  <testcase name="testAbaNumberCheck_3938_bad" classname="com.cardatechnologies.utils.validators.abaroutevalidator.Test_AbaRouteValidator_03" time="0.019"/>
  <testcase name="testAbaNumberCheck_2674_bad" classname="com.cardatechnologies.utils.validators.abaroutevalidator.Test_AbaRouteValidator_03" time="0.021"/>
  <testcase name="testAbaNumberCheck_3488_bad" classname="com.cardatechnologies.utils.validators.abaroutevalidator.Test_AbaRouteValidator_03" time="0.025"/>
  <testcase name="testAbaNumberCheck_2676_bad" classname="com.cardatechnologies.utils.validators.abaroutevalidator.Test_AbaRouteValidator_03" time="0.026"/>
  <testcase name="testAbaNumberCheck_2678_bad" classname="com.cardatechnologies.utils.validators.abaroutevalidator.Test_AbaRouteValidator_03" time="0.021"/>
  <testcase name="testAbaNumberCheck_4750_bad" classname="com.cardatechnologies.utils.validators.abaroutevalidator.Test_AbaRouteValidator_03" time="0.021"/>
  <testcase name="testAbaNumberCheck_4752_bad" classname="com.cardatechnologies.utils.validators.abaroutevalidator.Test_AbaRouteValidator_03" time="0.021"/>
  <testcase name="testAbaNumberCheck_3940_bad" classname="com.cardatechnologies.utils.validators.abaroutevalidator.Test_AbaRouteValidator_03" time="0.021"/>
  <testcase name="testAbaNumberCheck_4754_bad" classname="com.cardatechnologies.utils.validators.abaroutevalidator.Test_AbaRouteValidator_03" time="0.022"/>
  <testcase name="testAbaNumberCheck_3490_bad" classname="com.cardatechnologies.utils.validators.abaroutevalidator.Test_AbaRouteValidator_03" time="0.021"/>
  <testcase name="testAbaNumberCheck_3942_bad" classname="com.cardatechnologies.utils.validators.abaroutevalidator.Test_AbaRouteValidator_03" time="0.02"/>
  <testcase name="testAbaNumberCheck_4756_bad" classname="com.cardatechnologies.utils.validators.abaroutevalidator.Test_AbaRouteValidator_03" time="0.021"/>
  <testcase name="testAbaNumberCheck_3492_bad" classname="com.cardatechnologies.utils.validators.abaroutevalidator.Test_AbaRouteValidator_03" time="0.022"/>
  <testcase name="testAbaNumberCheck_3944_bad" classname="com.cardatechnologies.utils.validators.abaroutevalidator.Test_AbaRouteValidator_03" time="0.025"/>
  <testcase name="testAbaNumberCheck_4758_bad" classname="com.cardatechnologies.utils.validators.abaroutevalidator.Test_AbaRouteValidator_03" time="0.023"/>
  <testcase name="testAbaNumberCheck_2680_bad" classname="com.cardatechnologies.utils.validators.abaroutevalidator.Test_AbaRouteValidator_03" time="0.02"/>
  <testcase name="testAbaNumberCheck_3494_bad" classname="com.cardatechnologies.utils.validators.abaroutevalidator.Test_AbaRouteValidator_03" time="0.022"/>
  <testcase name="testAbaNumberCheck_3946_bad" classname="com.cardatechnologies.utils.validators.abaroutevalidator.Test_AbaRouteValidator_03" time="0.02"/>
  <testcase name="testAbaNumberCheck_2682_bad" classname="com.cardatechnologies.utils.validators.abaroutevalidator.Test_AbaRouteValidator_03" time="0.02"/>
  <testcase name="testAbaNumberCheck_3496_bad" classname="com.cardatechnologies.utils.validators.abaroutevalidator.Test_AbaRouteValidator_03" time="0.02"/>
  <testcase name="testAbaNumberCheck_4101_good" classname="com.cardatechnologies.utils.validators.abaroutevalidator.Test_AbaRouteValidator_03" time="0.022"/>
  <testcase name="testAbaNumberCheck_3948_bad" classname="com.cardatechnologies.utils.validators.abaroutevalidator.Test_AbaRouteValidator_03" time="0.029"/>
  <testcase name="testAbaNumberCheck_2684_bad" classname="com.cardatechnologies.utils.validators.abaroutevalidator.Test_AbaRouteValidator_03" time="0.027"/>
  <testcase name="testAbaNumberCheck_3498_bad" classname="com.cardatechnologies.utils.validators.abaroutevalidator.Test_AbaRouteValidator_03" time="0.026"/>
  <testcase name="testAbaNumberCheck_2686_bad" classname="com.cardatechnologies.utils.validators.abaroutevalidator.Test_AbaRouteValidator_03" time="0.027"/>
  <testcase name="testAbaNumberCheck_2999_good" classname="com.cardatechnologies.utils.validators.abaroutevalidator.Test_AbaRouteValidator_03" time="0.032"/>
  <testcase name="testAbaNumberCheck_2688_bad" classname="com.cardatechnologies.utils.validators.abaroutevalidator.Test_AbaRouteValidator_03" time="0.033"/>
  <testcase name="testAbaNumberCheck_4760_bad" classname="com.cardatechnologies.utils.validators.abaroutevalidator.Test_AbaRouteValidator_03" time="0.028"/>
  <testcase name="testAbaNumberCheck_4762_bad" classname="com.cardatechnologies.utils.validators.abaroutevalidator.Test_AbaRouteValidator_03" time="0.029"/>
  <testcase name="testAbaNumberCheck_3950_bad" classname="com.cardatechnologies.utils.validators.abaroutevalidator.Test_AbaRouteValidator_03" time="0.031"/>
  <testcase name="testAbaNumberCheck_4764_bad" classname="com.cardatechnologies.utils.validators.abaroutevalidator.Test_AbaRouteValidator_03" time="0.024"/>
  <testcase name="testAbaNumberCheck_3952_bad" classname="com.cardatechnologies.utils.validators.abaroutevalidator.Test_AbaRouteValidator_03" time="0.024"/>
  <testcase name="testAbaNumberCheck_4766_bad" classname="com.cardatechnologies.utils.validators.abaroutevalidator.Test_AbaRouteValidator_03" time="0.023"/>
  <testcase name="testAbaNumberCheck_3954_bad" classname="com.cardatechnologies.utils.validators.abaroutevalidator.Test_AbaRouteValidator_03" time="0.022"/>
  <testcase name="testAbaNumberCheck_4768_bad" classname="com.cardatechnologies.utils.validators.abaroutevalidator.Test_AbaRouteValidator_03" time="0.027"/>
  <testcase name="testAbaNumberCheck_2690_bad" classname="com.cardatechnologies.utils.validators.abaroutevalidator.Test_AbaRouteValidator_03" time="0.026"/>
  <testcase name="testAbaNumberCheck_3956_bad" classname="com.cardatechnologies.utils.validators.abaroutevalidator.Test_AbaRouteValidator_03" time="0.02"/>
  <testcase name="testAbaNumberCheck_2692_bad" classname="com.cardatechnologies.utils.validators.abaroutevalidator.Test_AbaRouteValidator_03" time="0.021"/>
  <testcase name="testAbaNumberCheck_3958_bad" classname="com.cardatechnologies.utils.validators.abaroutevalidator.Test_AbaRouteValidator_03" time="0.02"/>
  <testcase name="testAbaNumberCheck_2694_bad" classname="com.cardatechnologies.utils.validators.abaroutevalidator.Test_AbaRouteValidator_03" time="0.022"/>
  <testcase name="testAbaNumberCheck_2696_bad" classname="com.cardatechnologies.utils.validators.abaroutevalidator.Test_AbaRouteValidator_03" time="0.02"/>
  <testcase name="testAbaNumberCheck_4021_good" classname="com.cardatechnologies.utils.validators.abaroutevalidator.Test_AbaRouteValidator_03" time="0.021"/>
  <testcase name="testAbaNumberCheck_2698_bad" classname="com.cardatechnologies.utils.validators.abaroutevalidator.Test_AbaRouteValidator_03" time="0.021"/>
  <testcase name="testAbaNumberCheck_4770_bad" classname="com.cardatechnologies.utils.validators.abaroutevalidator.Test_AbaRouteValidator_03" time="0.02"/>
  <testcase name="testAbaNumberCheck_4772_bad" classname="com.cardatechnologies.utils.validators.abaroutevalidator.Test_AbaRouteValidator_03" time="0.021"/>
  <testcase name="testAbaNumberCheck_3960_bad" classname="com.cardatechnologies.utils.validators.abaroutevalidator.Test_AbaRouteValidator_03" time="0.02"/>
  <testcase name="testAbaNumberCheck_4774_bad" classname="com.cardatechnologies.utils.validators.abaroutevalidator.Test_AbaRouteValidator_03" time="0.021"/>
  <testcase name="testAbaNumberCheck_3962_bad" classname="com.cardatechnologies.utils.validators.abaroutevalidator.Test_AbaRouteValidator_03" time="0.021"/>
  <testcase name="testAbaNumberCheck_4776_bad" classname="com.cardatechnologies.utils.validators.abaroutevalidator.Test_AbaRouteValidator_03" time="0.028"/>
  <testcase name="testAbaNumberCheck_3964_bad" classname="com.cardatechnologies.utils.validators.abaroutevalidator.Test_AbaRouteValidator_03" time="0.021"/>
  <testcase name="testAbaNumberCheck_4778_bad" classname="com.cardatechnologies.utils.validators.abaroutevalidator.Test_AbaRouteValidator_03" time="0.021"/>
  <testcase name="testAbaNumberCheck_3966_bad" classname="com.cardatechnologies.utils.validators.abaroutevalidator.Test_AbaRouteValidator_03" time="0.021"/>
  <testcase name="testAbaNumberCheck_4103_good" classname="com.cardatechnologies.utils.validators.abaroutevalidator.Test_AbaRouteValidator_03" time="0.02"/>
  <testcase name="testAbaNumberCheck_3968_bad" classname="com.cardatechnologies.utils.validators.abaroutevalidator.Test_AbaRouteValidator_03" time="0.021"/>
  <testcase name="testAbaNumberCheck_3001_good" classname="com.cardatechnologies.utils.validators.abaroutevalidator.Test_AbaRouteValidator_03" time="0.031"/>
  <testcase name="testAbaNumberCheck_4780_bad" classname="com.cardatechnologies.utils.validators.abaroutevalidator.Test_AbaRouteValidator_03" time="0.029"/>
  <testcase name="testAbaNumberCheck_4782_bad" classname="com.cardatechnologies.utils.validators.abaroutevalidator.Test_AbaRouteValidator_03" time="0.028"/>
  <testcase name="testAbaNumberCheck_4311_good" classname="com.cardatechnologies.utils.validators.abaroutevalidator.Test_AbaRouteValidator_03" time="0.035"/>
  <testcase name="testAbaNumberCheck_3970_bad" classname="com.cardatechnologies.utils.validators.abaroutevalidator.Test_AbaRouteValidator_03" time="0.03"/>
  <testcase name="testAbaNumberCheck_4784_bad" classname="com.cardatechnologies.utils.validators.abaroutevalidator.Test_AbaRouteValidator_03" time="0.023"/>
  <testcase name="testAbaNumberCheck_3972_bad" classname="com.cardatechnologies.utils.validators.abaroutevalidator.Test_AbaRouteValidator_03" time="0.025"/>
  <testcase name="testAbaNumberCheck_4786_bad" classname="com.cardatechnologies.utils.validators.abaroutevalidator.Test_AbaRouteValidator_03" time="0.022"/>
  <testcase name="testAbaNumberCheck_3974_bad" classname="com.cardatechnologies.utils.validators.abaroutevalidator.Test_AbaRouteValidator_03" time="0.024"/>
  <testcase name="testAbaNumberCheck_4788_bad" classname="com.cardatechnologies.utils.validators.abaroutevalidator.Test_AbaRouteValidator_03" time="0.025"/>
  <testcase name="testAbaNumberCheck_3976_bad" classname="com.cardatechnologies.utils.validators.abaroutevalidator.Test_AbaRouteValidator_03" time="0.024"/>
  <testcase name="testAbaNumberCheck_3978_bad" classname="com.cardatechnologies.utils.validators.abaroutevalidator.Test_AbaRouteValidator_03" time="0.023"/>
  <testcase name="testAbaNumberCheck_4023_good" classname="com.cardatechnologies.utils.validators.abaroutevalidator.Test_AbaRouteValidator_03" time="0.024"/>
  <testcase name="testAbaNumberCheck_4790_bad" classname="com.cardatechnologies.utils.validators.abaroutevalidator.Test_AbaRouteValidator_03" time="0.022"/>
  <testcase name="testAbaNumberCheck_4792_bad" classname="com.cardatechnologies.utils.validators.abaroutevalidator.Test_AbaRouteValidator_03" time="0.029"/>
  <testcase name="testAbaNumberCheck_3980_bad" classname="com.cardatechnologies.utils.validators.abaroutevalidator.Test_AbaRouteValidator_03" time="0.033"/>
  <testcase name="testAbaNumberCheck_4794_bad" classname="com.cardatechnologies.utils.validators.abaroutevalidator.Test_AbaRouteValidator_03" time="0.03"/>
  <testcase name="testAbaNumberCheck_3982_bad" classname="com.cardatechnologies.utils.validators.abaroutevalidator.Test_AbaRouteValidator_03" time="0.024"/>
  <testcase name="testAbaNumberCheck_4796_bad" classname="com.cardatechnologies.utils.validators.abaroutevalidator.Test_AbaRouteValidator_03" time="0.024"/>
  <testcase name="testAbaNumberCheck_4231_good" classname="com.cardatechnologies.utils.validators.abaroutevalidator.Test_AbaRouteValidator_03" time="0.023"/>
  <testcase name="testAbaNumberCheck_3984_bad" classname="com.cardatechnologies.utils.validators.abaroutevalidator.Test_AbaRouteValidator_03" time="0.023"/>
  <testcase name="testAbaNumberCheck_4798_bad" classname="com.cardatechnologies.utils.validators.abaroutevalidator.Test_AbaRouteValidator_03" time="0.024"/>
  <testcase name="testAbaNumberCheck_3986_bad" classname="com.cardatechnologies.utils.validators.abaroutevalidator.Test_AbaRouteValidator_03" time="0.024"/>
  <testcase name="testAbaNumberCheck_4105_good" classname="com.cardatechnologies.utils.validators.abaroutevalidator.Test_AbaRouteValidator_03" time="0.024"/>
  <testcase name="testAbaNumberCheck_3988_bad" classname="com.cardatechnologies.utils.validators.abaroutevalidator.Test_AbaRouteValidator_03" time="0.029"/>
  <testcase name="testAbaNumberCheck_3003_good" classname="com.cardatechnologies.utils.validators.abaroutevalidator.Test_AbaRouteValidator_03" time="0.03"/>
  <testcase name="testAbaNumberCheck_4601_good" classname="com.cardatechnologies.utils.validators.abaroutevalidator.Test_AbaRouteValidator_03" time="0.026"/>
  <testcase name="testAbaNumberCheck_4313_good" classname="com.cardatechnologies.utils.validators.abaroutevalidator.Test_AbaRouteValidator_03" time="0.027"/>
  <testcase name="testAbaNumberCheck_3990_bad" classname="com.cardatechnologies.utils.validators.abaroutevalidator.Test_AbaRouteValidator_03" time="0.022"/>
  <testcase name="testAbaNumberCheck_3992_bad" classname="com.cardatechnologies.utils.validators.abaroutevalidator.Test_AbaRouteValidator_03" time="0.02"/>
  <testcase name="testAbaNumberCheck_3994_bad" classname="com.cardatechnologies.utils.validators.abaroutevalidator.Test_AbaRouteValidator_03" time="0.021"/>
  <testcase name="testAbaNumberCheck_3996_bad" classname="com.cardatechnologies.utils.validators.abaroutevalidator.Test_AbaRouteValidator_03" time="0.021"/>
  <testcase name="testAbaNumberCheck_4151_good" classname="com.cardatechnologies.utils.validators.abaroutevalidator.Test_AbaRouteValidator_03" time="0.021"/>
  <testcase name="testAbaNumberCheck_3211_good" classname="com.cardatechnologies.utils.validators.abaroutevalidator.Test_AbaRouteValidator_03" time="0.021"/>
  <testcase name="testAbaNumberCheck_3998_bad" classname="com.cardatechnologies.utils.validators.abaroutevalidator.Test_AbaRouteValidator_03" time="0.02"/>
  <testcase name="testAbaNumberCheck_4025_good" classname="com.cardatechnologies.utils.validators.abaroutevalidator.Test_AbaRouteValidator_03" time="0.02"/>
  <testcase name="testAbaNumberCheck_4521_good" classname="com.cardatechnologies.utils.validators.abaroutevalidator.Test_AbaRouteValidator_03" time="0.03"/>
  <testcase name="testAbaNumberCheck_4233_good" classname="com.cardatechnologies.utils.validators.abaroutevalidator.Test_AbaRouteValidator_03" time="0.021"/>
  <testcase name="testAbaNumberCheck_4107_good" classname="com.cardatechnologies.utils.validators.abaroutevalidator.Test_AbaRouteValidator_03" time="0.021"/>
  <testcase name="testAbaNumberCheck_4071_good" classname="com.cardatechnologies.utils.validators.abaroutevalidator.Test_AbaRouteValidator_03" time="0.021"/>
  <testcase name="testAbaNumberCheck_3131_good" classname="com.cardatechnologies.utils.validators.abaroutevalidator.Test_AbaRouteValidator_03" time="0.021"/>
  <testcase name="testAbaNumberCheck_3005_good" classname="com.cardatechnologies.utils.validators.abaroutevalidator.Test_AbaRouteValidator_03" time="0.02"/>
  <testcase name="testAbaNumberCheck_4603_good" classname="com.cardatechnologies.utils.validators.abaroutevalidator.Test_AbaRouteValidator_03" time="0.021"/>
  <testcase name="testAbaNumberCheck_4441_good" classname="com.cardatechnologies.utils.validators.abaroutevalidator.Test_AbaRouteValidator_03" time="0.02"/>
  <testcase name="testAbaNumberCheck_3501_good" classname="com.cardatechnologies.utils.validators.abaroutevalidator.Test_AbaRouteValidator_03" time="0.021"/>
  <testcase name="testAbaNumberCheck_4315_good" classname="com.cardatechnologies.utils.validators.abaroutevalidator.Test_AbaRouteValidator_03" time="0.02"/>
  <testcase name="testAbaNumberCheck_4153_good" classname="com.cardatechnologies.utils.validators.abaroutevalidator.Test_AbaRouteValidator_03" time="0.02"/>
  <testcase name="testAbaNumberCheck_3213_good" classname="com.cardatechnologies.utils.validators.abaroutevalidator.Test_AbaRouteValidator_03" time="0.02"/>
  <testcase name="testAbaNumberCheck_4811_good" classname="com.cardatechnologies.utils.validators.abaroutevalidator.Test_AbaRouteValidator_03" time="0.028"/>
  <testcase name="testAbaNumberCheck_4027_good" classname="com.cardatechnologies.utils.validators.abaroutevalidator.Test_AbaRouteValidator_03" time="0.026"/>
  <testcase name="testAbaNumberCheck_3051_good" classname="com.cardatechnologies.utils.validators.abaroutevalidator.Test_AbaRouteValidator_03" time="0.023"/>
  <testcase name="testAbaNumberCheck_4523_good" classname="com.cardatechnologies.utils.validators.abaroutevalidator.Test_AbaRouteValidator_03" time="0.024"/>
  <testcase name="testAbaNumberCheck_4361_good" classname="com.cardatechnologies.utils.validators.abaroutevalidator.Test_AbaRouteValidator_03" time="0.025"/>
  <testcase name="testAbaNumberCheck_3421_good" classname="com.cardatechnologies.utils.validators.abaroutevalidator.Test_AbaRouteValidator_03" time="0.024"/>
  <testcase name="testAbaNumberCheck_4235_good" classname="com.cardatechnologies.utils.validators.abaroutevalidator.Test_AbaRouteValidator_03" time="0.027"/>
  <testcase name="testAbaNumberCheck_4109_good" classname="com.cardatechnologies.utils.validators.abaroutevalidator.Test_AbaRouteValidator_03" time="0.027"/>
  <testcase name="testAbaNumberCheck_4073_good" classname="com.cardatechnologies.utils.validators.abaroutevalidator.Test_AbaRouteValidator_03" time="0.028"/>
  <testcase name="testAbaNumberCheck_3133_good" classname="com.cardatechnologies.utils.validators.abaroutevalidator.Test_AbaRouteValidator_03" time="0.027"/>
  <testcase name="testAbaNumberCheck_4731_good" classname="com.cardatechnologies.utils.validators.abaroutevalidator.Test_AbaRouteValidator_03" time="0.036"/>
  <testcase name="testAbaNumberCheck_3007_good" classname="com.cardatechnologies.utils.validators.abaroutevalidator.Test_AbaRouteValidator_03" time="0.025"/>
  <testcase name="testAbaNumberCheck_4605_good" classname="com.cardatechnologies.utils.validators.abaroutevalidator.Test_AbaRouteValidator_03" time="0.023"/>
  <testcase name="testAbaNumberCheck_4443_good" classname="com.cardatechnologies.utils.validators.abaroutevalidator.Test_AbaRouteValidator_03" time="0.021"/>
  <testcase name="testAbaNumberCheck_3503_good" classname="com.cardatechnologies.utils.validators.abaroutevalidator.Test_AbaRouteValidator_03" time="0.02"/>
  <testcase name="testAbaNumberCheck_4317_good" classname="com.cardatechnologies.utils.validators.abaroutevalidator.Test_AbaRouteValidator_03" time="0.021"/>
  <testcase name="testAbaNumberCheck_4281_good" classname="com.cardatechnologies.utils.validators.abaroutevalidator.Test_AbaRouteValidator_03" time="0.021"/>
  <testcase name="testAbaNumberCheck_3341_good" classname="com.cardatechnologies.utils.validators.abaroutevalidator.Test_AbaRouteValidator_03" time="0.023"/>
  <testcase name="testAbaNumberCheck_4155_good" classname="com.cardatechnologies.utils.validators.abaroutevalidator.Test_AbaRouteValidator_03" time="0.02"/>
  <testcase name="testAbaNumberCheck_3215_good" classname="com.cardatechnologies.utils.validators.abaroutevalidator.Test_AbaRouteValidator_03" time="0.02"/>
  <testcase name="testAbaNumberCheck_4813_good" classname="com.cardatechnologies.utils.validators.abaroutevalidator.Test_AbaRouteValidator_03" time="0.026"/>
  <testcase name="testAbaNumberCheck_4029_good" classname="com.cardatechnologies.utils.validators.abaroutevalidator.Test_AbaRouteValidator_03" time="0.024"/>
  <testcase name="testAbaNumberCheck_3053_good" classname="com.cardatechnologies.utils.validators.abaroutevalidator.Test_AbaRouteValidator_03" time="0.025"/>
  <testcase name="testAbaNumberCheck_4651_good" classname="com.cardatechnologies.utils.validators.abaroutevalidator.Test_AbaRouteValidator_03" time="0.024"/>
  <testcase name="testAbaNumberCheck_3711_good" classname="com.cardatechnologies.utils.validators.abaroutevalidator.Test_AbaRouteValidator_03" time="0.029"/>
  <testcase name="testAbaNumberCheck_4525_good" classname="com.cardatechnologies.utils.validators.abaroutevalidator.Test_AbaRouteValidator_03" time="0.026"/>
  <testcase name="testAbaNumberCheck_4363_good" classname="com.cardatechnologies.utils.validators.abaroutevalidator.Test_AbaRouteValidator_03" time="0.025"/>
  <testcase name="testAbaNumberCheck_3423_good" classname="com.cardatechnologies.utils.validators.abaroutevalidator.Test_AbaRouteValidator_03" time="0.025"/>
  <testcase name="testAbaNumberCheck_4237_good" classname="com.cardatechnologies.utils.validators.abaroutevalidator.Test_AbaRouteValidator_03" time="0.025"/>
  <testcase name="testAbaNumberCheck_3261_good" classname="com.cardatechnologies.utils.validators.abaroutevalidator.Test_AbaRouteValidator_03" time="0.024"/>
  <testcase name="testAbaNumberCheck_4075_good" classname="com.cardatechnologies.utils.validators.abaroutevalidator.Test_AbaRouteValidator_03" time="0.027"/>
  <testcase name="testAbaNumberCheck_3135_good" classname="com.cardatechnologies.utils.validators.abaroutevalidator.Test_AbaRouteValidator_03" time="0.024"/>
  <testcase name="testAbaNumberCheck_4733_good" classname="com.cardatechnologies.utils.validators.abaroutevalidator.Test_AbaRouteValidator_03" time="0.032"/>
  <testcase name="testAbaNumberCheck_3009_good" classname="com.cardatechnologies.utils.validators.abaroutevalidator.Test_AbaRouteValidator_03" time="0.022"/>
  <testcase name="testAbaNumberCheck_4607_good" classname="com.cardatechnologies.utils.validators.abaroutevalidator.Test_AbaRouteValidator_03" time="0.021"/>
  <testcase name="testAbaNumberCheck_4571_good" classname="com.cardatechnologies.utils.validators.abaroutevalidator.Test_AbaRouteValidator_03" time="0.021"/>
  <testcase name="testAbaNumberCheck_3631_good" classname="com.cardatechnologies.utils.validators.abaroutevalidator.Test_AbaRouteValidator_03" time="0.021"/>
  <testcase name="testAbaNumberCheck_4445_good" classname="com.cardatechnologies.utils.validators.abaroutevalidator.Test_AbaRouteValidator_03" time="0.02"/>
  <testcase name="testAbaNumberCheck_3505_good" classname="com.cardatechnologies.utils.validators.abaroutevalidator.Test_AbaRouteValidator_03" time="0.02"/>
  <testcase name="testAbaNumberCheck_4319_good" classname="com.cardatechnologies.utils.validators.abaroutevalidator.Test_AbaRouteValidator_03" time="0.021"/>
  <testcase name="testAbaNumberCheck_4283_good" classname="com.cardatechnologies.utils.validators.abaroutevalidator.Test_AbaRouteValidator_03" time="0.021"/>
  <testcase name="testAbaNumberCheck_3343_good" classname="com.cardatechnologies.utils.validators.abaroutevalidator.Test_AbaRouteValidator_03" time="0.02"/>
  <testcase name="testAbaNumberCheck_4941_good" classname="com.cardatechnologies.utils.validators.abaroutevalidator.Test_AbaRouteValidator_03" time="0.021"/>
  <testcase name="testAbaNumberCheck_4157_good" classname="com.cardatechnologies.utils.validators.abaroutevalidator.Test_AbaRouteValidator_03" time="0.021"/>
  <testcase name="testAbaNumberCheck_3217_good" classname="com.cardatechnologies.utils.validators.abaroutevalidator.Test_AbaRouteValidator_03" time="0.033"/>
  <testcase name="testAbaNumberCheck_4815_good" classname="com.cardatechnologies.utils.validators.abaroutevalidator.Test_AbaRouteValidator_03" time="0.021"/>
  <testcase name="testAbaNumberCheck_3181_good" classname="com.cardatechnologies.utils.validators.abaroutevalidator.Test_AbaRouteValidator_03" time="0.02"/>
  <testcase name="testAbaNumberCheck_3055_good" classname="com.cardatechnologies.utils.validators.abaroutevalidator.Test_AbaRouteValidator_03" time="0.022"/>
  <testcase name="testAbaNumberCheck_4653_good" classname="com.cardatechnologies.utils.validators.abaroutevalidator.Test_AbaRouteValidator_03" time="0.02"/>
  <testcase name="testAbaNumberCheck_3713_good" classname="com.cardatechnologies.utils.validators.abaroutevalidator.Test_AbaRouteValidator_03" time="0.021"/>
  <testcase name="testAbaNumberCheck_4527_good" classname="com.cardatechnologies.utils.validators.abaroutevalidator.Test_AbaRouteValidator_03" time="0.026"/>
  <testcase name="testAbaNumberCheck_4491_good" classname="com.cardatechnologies.utils.validators.abaroutevalidator.Test_AbaRouteValidator_03" time="0.028"/>
  <testcase name="testAbaNumberCheck_3551_good" classname="com.cardatechnologies.utils.validators.abaroutevalidator.Test_AbaRouteValidator_03" time="0.029"/>
  <testcase name="testAbaNumberCheck_2611_good" classname="com.cardatechnologies.utils.validators.abaroutevalidator.Test_AbaRouteValidator_03" time="0.03"/>
  <testcase name="testAbaNumberCheck_4365_good" classname="com.cardatechnologies.utils.validators.abaroutevalidator.Test_AbaRouteValidator_03" time="0.031"/>
  <testcase name="testAbaNumberCheck_3425_good" classname="com.cardatechnologies.utils.validators.abaroutevalidator.Test_AbaRouteValidator_03" time="0.026"/>
  <testcase name="testAbaNumberCheck_4239_good" classname="com.cardatechnologies.utils.validators.abaroutevalidator.Test_AbaRouteValidator_03" time="0.022"/>
  <testcase name="testAbaNumberCheck_3263_good" classname="com.cardatechnologies.utils.validators.abaroutevalidator.Test_AbaRouteValidator_03" time="0.023"/>
  <testcase name="testAbaNumberCheck_4861_good" classname="com.cardatechnologies.utils.validators.abaroutevalidator.Test_AbaRouteValidator_03" time="0.024"/>
  <testcase name="testAbaNumberCheck_3921_good" classname="com.cardatechnologies.utils.validators.abaroutevalidator.Test_AbaRouteValidator_03" time="0.025"/>
  <testcase name="testAbaNumberCheck_4077_good" classname="com.cardatechnologies.utils.validators.abaroutevalidator.Test_AbaRouteValidator_03" time="0.024"/>
  <testcase name="testAbaNumberCheck_3137_good" classname="com.cardatechnologies.utils.validators.abaroutevalidator.Test_AbaRouteValidator_03" time="0.022"/>
  <testcase name="testAbaNumberCheck_4735_good" classname="com.cardatechnologies.utils.validators.abaroutevalidator.Test_AbaRouteValidator_03" time="0.023"/>
  <testcase name="testAbaNumberCheck_4609_good" classname="com.cardatechnologies.utils.validators.abaroutevalidator.Test_AbaRouteValidator_03" time="0.023"/>
  <testcase name="testAbaNumberCheck_4573_good" classname="com.cardatechnologies.utils.validators.abaroutevalidator.Test_AbaRouteValidator_03" time="0.024"/>
  <testcase name="testAbaNumberCheck_3633_good" classname="com.cardatechnologies.utils.validators.abaroutevalidator.Test_AbaRouteValidator_03" time="0.032"/>
  <testcase name="testAbaNumberCheck_4447_good" classname="com.cardatechnologies.utils.validators.abaroutevalidator.Test_AbaRouteValidator_03" time="0.023"/>
  <testcase name="testAbaNumberCheck_3507_good" classname="com.cardatechnologies.utils.validators.abaroutevalidator.Test_AbaRouteValidator_03" time="0.023"/>
  <testcase name="testAbaNumberCheck_3471_good" classname="com.cardatechnologies.utils.validators.abaroutevalidator.Test_AbaRouteValidator_03" time="0.024"/>
  <testcase name="testAbaNumberCheck_2531_good" classname="com.cardatechnologies.utils.validators.abaroutevalidator.Test_AbaRouteValidator_03" time="0.023"/>
  <testcase name="testAbaNumberCheck_4285_good" classname="com.cardatechnologies.utils.validators.abaroutevalidator.Test_AbaRouteValidator_03" time="0.024"/>
  <testcase name="testAbaNumberCheck_3345_good" classname="com.cardatechnologies.utils.validators.abaroutevalidator.Test_AbaRouteValidator_03" time="0.024"/>
  <testcase name="testAbaNumberCheck_4943_good" classname="com.cardatechnologies.utils.validators.abaroutevalidator.Test_AbaRouteValidator_03" time="0.024"/>
  <testcase name="testAbaNumberCheck_4159_good" classname="com.cardatechnologies.utils.validators.abaroutevalidator.Test_AbaRouteValidator_03" time="0.022"/>
  <testcase name="testAbaNumberCheck_3219_good" classname="com.cardatechnologies.utils.validators.abaroutevalidator.Test_AbaRouteValidator_03" time="0.025"/>
  <testcase name="testAbaNumberCheck_4817_good" classname="com.cardatechnologies.utils.validators.abaroutevalidator.Test_AbaRouteValidator_03" time="0.024"/>
  <testcase name="testAbaNumberCheck_3183_good" classname="com.cardatechnologies.utils.validators.abaroutevalidator.Test_AbaRouteValidator_03" time="0.032"/>
  <testcase name="testAbaNumberCheck_4781_good" classname="com.cardatechnologies.utils.validators.abaroutevalidator.Test_AbaRouteValidator_03" time="0.035"/>
  <testcase name="testAbaNumberCheck_3841_good" classname="com.cardatechnologies.utils.validators.abaroutevalidator.Test_AbaRouteValidator_03" time="0.023"/>
  <testcase name="testAbaNumberCheck_2901_good" classname="com.cardatechnologies.utils.validators.abaroutevalidator.Test_AbaRouteValidator_03" time="0.025"/>
  <testcase name="testAbaNumberCheck_3057_good" classname="com.cardatechnologies.utils.validators.abaroutevalidator.Test_AbaRouteValidator_03" time="0.02"/>
  <testcase name="testAbaNumberCheck_4655_good" classname="com.cardatechnologies.utils.validators.abaroutevalidator.Test_AbaRouteValidator_03" time="0.021"/>
  <testcase name="testAbaNumberCheck_3715_good" classname="com.cardatechnologies.utils.validators.abaroutevalidator.Test_AbaRouteValidator_03" time="0.021"/>
  <testcase name="testAbaNumberCheck_4529_good" classname="com.cardatechnologies.utils.validators.abaroutevalidator.Test_AbaRouteValidator_03" time="0.022"/>
  <testcase name="testAbaNumberCheck_4493_good" classname="com.cardatechnologies.utils.validators.abaroutevalidator.Test_AbaRouteValidator_03" time="0.02"/>
  <testcase name="testAbaNumberCheck_3553_good" classname="com.cardatechnologies.utils.validators.abaroutevalidator.Test_AbaRouteValidator_03" time="0.021"/>
  <testcase name="testAbaNumberCheck_2613_good" classname="com.cardatechnologies.utils.validators.abaroutevalidator.Test_AbaRouteValidator_03" time="0.021"/>
  <testcase name="testAbaNumberCheck_4367_good" classname="com.cardatechnologies.utils.validators.abaroutevalidator.Test_AbaRouteValidator_03" time="0.032"/>
  <testcase name="testAbaNumberCheck_3427_good" classname="com.cardatechnologies.utils.validators.abaroutevalidator.Test_AbaRouteValidator_03" time="0.02"/>
  <testcase name="testAbaNumberCheck_3391_good" classname="com.cardatechnologies.utils.validators.abaroutevalidator.Test_AbaRouteValidator_03" time="0.021"/>
  <testcase name="testAbaNumberCheck_3265_good" classname="com.cardatechnologies.utils.validators.abaroutevalidator.Test_AbaRouteValidator_03" time="0.02"/>
  <testcase name="testAbaNumberCheck_4863_good" classname="com.cardatechnologies.utils.validators.abaroutevalidator.Test_AbaRouteValidator_03" time="0.02"/>
  <testcase name="testAbaNumberCheck_3923_good" classname="com.cardatechnologies.utils.validators.abaroutevalidator.Test_AbaRouteValidator_03" time="0.022"/>
  <testcase name="testAbaNumberCheck_4079_good" classname="com.cardatechnologies.utils.validators.abaroutevalidator.Test_AbaRouteValidator_03" time="0.021"/>
  <testcase name="testAbaNumberCheck_3139_good" classname="com.cardatechnologies.utils.validators.abaroutevalidator.Test_AbaRouteValidator_03" time="0.02"/>
  <testcase name="testAbaNumberCheck_4737_good" classname="com.cardatechnologies.utils.validators.abaroutevalidator.Test_AbaRouteValidator_03" time="0.025"/>
  <testcase name="testAbaNumberCheck_3761_good" classname="com.cardatechnologies.utils.validators.abaroutevalidator.Test_AbaRouteValidator_03" time="0.025"/>
  <testcase name="testAbaNumberCheck_2821_good" classname="com.cardatechnologies.utils.validators.abaroutevalidator.Test_AbaRouteValidator_03" time="0.023"/>
  <testcase name="testAbaNumberCheck_4575_good" classname="com.cardatechnologies.utils.validators.abaroutevalidator.Test_AbaRouteValidator_03" time="0.021"/>
  <testcase name="testAbaNumberCheck_3635_good" classname="com.cardatechnologies.utils.validators.abaroutevalidator.Test_AbaRouteValidator_03" time="0.035"/>
  <testcase name="testAbaNumberCheck_4449_good" classname="com.cardatechnologies.utils.validators.abaroutevalidator.Test_AbaRouteValidator_03" time="0.026"/>
  <testcase name="testAbaNumberCheck_3509_good" classname="com.cardatechnologies.utils.validators.abaroutevalidator.Test_AbaRouteValidator_03" time="0.029"/>
  <testcase name="testAbaNumberCheck_3473_good" classname="com.cardatechnologies.utils.validators.abaroutevalidator.Test_AbaRouteValidator_03" time="0.022"/>
  <testcase name="testAbaNumberCheck_2533_good" classname="com.cardatechnologies.utils.validators.abaroutevalidator.Test_AbaRouteValidator_03" time="0.021"/>
  <testcase name="testAbaNumberCheck_4287_good" classname="com.cardatechnologies.utils.validators.abaroutevalidator.Test_AbaRouteValidator_03" time="0.021"/>
  <testcase name="testAbaNumberCheck_3347_good" classname="com.cardatechnologies.utils.validators.abaroutevalidator.Test_AbaRouteValidator_03" time="0.02"/>
  <testcase name="testAbaNumberCheck_4945_good" classname="com.cardatechnologies.utils.validators.abaroutevalidator.Test_AbaRouteValidator_03" time="0.021"/>
  <testcase name="testAbaNumberCheck_4819_good" classname="com.cardatechnologies.utils.validators.abaroutevalidator.Test_AbaRouteValidator_03" time="0.02"/>
  <testcase name="testAbaNumberCheck_3185_good" classname="com.cardatechnologies.utils.validators.abaroutevalidator.Test_AbaRouteValidator_03" time="0.021"/>
  <testcase name="testAbaNumberCheck_4783_good" classname="com.cardatechnologies.utils.validators.abaroutevalidator.Test_AbaRouteValidator_03" time="0.02"/>
  <testcase name="testAbaNumberCheck_3843_good" classname="com.cardatechnologies.utils.validators.abaroutevalidator.Test_AbaRouteValidator_03" time="0.031"/>
  <testcase name="testAbaNumberCheck_2903_good" classname="com.cardatechnologies.utils.validators.abaroutevalidator.Test_AbaRouteValidator_03" time="0.02"/>
  <testcase name="testAbaNumberCheck_3059_good" classname="com.cardatechnologies.utils.validators.abaroutevalidator.Test_AbaRouteValidator_03" time="0.022"/>
  <testcase name="testAbaNumberCheck_4657_good" classname="com.cardatechnologies.utils.validators.abaroutevalidator.Test_AbaRouteValidator_03" time="0.02"/>
  <testcase name="testAbaNumberCheck_3717_good" classname="com.cardatechnologies.utils.validators.abaroutevalidator.Test_AbaRouteValidator_03" time="0.02"/>
  <testcase name="testAbaNumberCheck_3681_good" classname="com.cardatechnologies.utils.validators.abaroutevalidator.Test_AbaRouteValidator_03" time="0.023"/>
  <testcase name="testAbaNumberCheck_2741_good" classname="com.cardatechnologies.utils.validators.abaroutevalidator.Test_AbaRouteValidator_03" time="0.031"/>
  <testcase name="testAbaNumberCheck_4495_good" classname="com.cardatechnologies.utils.validators.abaroutevalidator.Test_AbaRouteValidator_03" time="0.027"/>
  <testcase name="testAbaNumberCheck_3555_good" classname="com.cardatechnologies.utils.validators.abaroutevalidator.Test_AbaRouteValidator_03" time="0.021"/>
  <testcase name="testAbaNumberCheck_2615_good" classname="com.cardatechnologies.utils.validators.abaroutevalidator.Test_AbaRouteValidator_03" time="0.022"/>
  <testcase name="testAbaNumberCheck_4369_good" classname="com.cardatechnologies.utils.validators.abaroutevalidator.Test_AbaRouteValidator_03" time="0.02"/>
  <testcase name="testAbaNumberCheck_3429_good" classname="com.cardatechnologies.utils.validators.abaroutevalidator.Test_AbaRouteValidator_03" time="0.028"/>
  <testcase name="testAbaNumberCheck_3393_good" classname="com.cardatechnologies.utils.validators.abaroutevalidator.Test_AbaRouteValidator_03" time="0.022"/>
  <testcase name="testAbaNumberCheck_4991_good" classname="com.cardatechnologies.utils.validators.abaroutevalidator.Test_AbaRouteValidator_03" time="0.028"/>
  <testcase name="testAbaNumberCheck_3267_good" classname="com.cardatechnologies.utils.validators.abaroutevalidator.Test_AbaRouteValidator_03" time="0.032"/>
  <testcase name="testAbaNumberCheck_4865_good" classname="com.cardatechnologies.utils.validators.abaroutevalidator.Test_AbaRouteValidator_03" time="0.03"/>
  <testcase name="testAbaNumberCheck_3925_good" classname="com.cardatechnologies.utils.validators.abaroutevalidator.Test_AbaRouteValidator_03" time="0.03"/>
  <testcase name="testAbaNumberCheck_4739_good" classname="com.cardatechnologies.utils.validators.abaroutevalidator.Test_AbaRouteValidator_03" time="0.029"/>
  <testcase name="testAbaNumberCheck_3763_good" classname="com.cardatechnologies.utils.validators.abaroutevalidator.Test_AbaRouteValidator_03" time="0.03"/>
  <testcase name="testAbaNumberCheck_2823_good" classname="com.cardatechnologies.utils.validators.abaroutevalidator.Test_AbaRouteValidator_03" time="0.031"/>
  <testcase name="testAbaNumberCheck_4577_good" classname="com.cardatechnologies.utils.validators.abaroutevalidator.Test_AbaRouteValidator_03" time="0.037"/>
  <testcase name="testAbaNumberCheck_3637_good" classname="com.cardatechnologies.utils.validators.abaroutevalidator.Test_AbaRouteValidator_03" time="0.021"/>
  <testcase name="testAbaNumberCheck_2661_good" classname="com.cardatechnologies.utils.validators.abaroutevalidator.Test_AbaRouteValidator_03" time="0.02"/>
  <testcase name="testAbaNumberCheck_3475_good" classname="com.cardatechnologies.utils.validators.abaroutevalidator.Test_AbaRouteValidator_03" time="0.027"/>
  <testcase name="testAbaNumberCheck_2535_good" classname="com.cardatechnologies.utils.validators.abaroutevalidator.Test_AbaRouteValidator_03" time="0.022"/>
  <testcase name="testAbaNumberCheck_3000_bad" classname="com.cardatechnologies.utils.validators.abaroutevalidator.Test_AbaRouteValidator_03" time="0.021"/>
  <testcase name="testAbaNumberCheck_4289_good" classname="com.cardatechnologies.utils.validators.abaroutevalidator.Test_AbaRouteValidator_03" time="0.021"/>
  <testcase name="testAbaNumberCheck_3349_good" classname="com.cardatechnologies.utils.validators.abaroutevalidator.Test_AbaRouteValidator_03" time="0.021"/>
  <testcase name="testAbaNumberCheck_3002_bad" classname="com.cardatechnologies.utils.validators.abaroutevalidator.Test_AbaRouteValidator_03" time="0.021"/>
  <testcase name="testAbaNumberCheck_4947_good" classname="com.cardatechnologies.utils.validators.abaroutevalidator.Test_AbaRouteValidator_03" time="0.02"/>
  <testcase name="testAbaNumberCheck_3004_bad" classname="com.cardatechnologies.utils.validators.abaroutevalidator.Test_AbaRouteValidator_03" time="0.022"/>
  <testcase name="testAbaNumberCheck_3006_bad" classname="com.cardatechnologies.utils.validators.abaroutevalidator.Test_AbaRouteValidator_03" time="0.02"/>
  <testcase name="testAbaNumberCheck_3971_good" classname="com.cardatechnologies.utils.validators.abaroutevalidator.Test_AbaRouteValidator_03" time="0.031"/>
  <testcase name="testAbaNumberCheck_3008_bad" classname="com.cardatechnologies.utils.validators.abaroutevalidator.Test_AbaRouteValidator_03" time="0.024"/>
  <testcase name="testAbaNumberCheck_3187_good" classname="com.cardatechnologies.utils.validators.abaroutevalidator.Test_AbaRouteValidator_03" time="0.026"/>
  <testcase name="testAbaNumberCheck_4785_good" classname="com.cardatechnologies.utils.validators.abaroutevalidator.Test_AbaRouteValidator_03" time="0.025"/>
  <testcase name="testAbaNumberCheck_3845_good" classname="com.cardatechnologies.utils.validators.abaroutevalidator.Test_AbaRouteValidator_03" time="0.025"/>
  <testcase name="testAbaNumberCheck_2905_good" classname="com.cardatechnologies.utils.validators.abaroutevalidator.Test_AbaRouteValidator_03" time="0.026"/>
  <testcase name="testAbaNumberCheck_4659_good" classname="com.cardatechnologies.utils.validators.abaroutevalidator.Test_AbaRouteValidator_03" time="0.026"/>
  <testcase name="testAbaNumberCheck_3719_good" classname="com.cardatechnologies.utils.validators.abaroutevalidator.Test_AbaRouteValidator_03" time="0.027"/>
  <testcase name="testAbaNumberCheck_3683_good" classname="com.cardatechnologies.utils.validators.abaroutevalidator.Test_AbaRouteValidator_03" time="0.023"/>
  <testcase name="testAbaNumberCheck_2743_good" classname="com.cardatechnologies.utils.validators.abaroutevalidator.Test_AbaRouteValidator_03" time="0.021"/>
  <testcase name="testAbaNumberCheck_4497_good" classname="com.cardatechnologies.utils.validators.abaroutevalidator.Test_AbaRouteValidator_03" time="0.028"/>
  <testcase name="testAbaNumberCheck_3557_good" classname="com.cardatechnologies.utils.validators.abaroutevalidator.Test_AbaRouteValidator_03" time="0.022"/>
  <testcase name="testAbaNumberCheck_2617_good" classname="com.cardatechnologies.utils.validators.abaroutevalidator.Test_AbaRouteValidator_03" time="0.022"/>
  <testcase name="testAbaNumberCheck_2581_good" classname="com.cardatechnologies.utils.validators.abaroutevalidator.Test_AbaRouteValidator_03" time="0.021"/>
  <testcase name="testAbaNumberCheck_3010_bad" classname="com.cardatechnologies.utils.validators.abaroutevalidator.Test_AbaRouteValidator_03" time="0.021"/>
  <testcase name="testAbaNumberCheck_3395_good" classname="com.cardatechnologies.utils.validators.abaroutevalidator.Test_AbaRouteValidator_03" time="0.023"/>
  <testcase name="testAbaNumberCheck_3012_bad" classname="com.cardatechnologies.utils.validators.abaroutevalidator.Test_AbaRouteValidator_03" time="0.022"/>
  <testcase name="testAbaNumberCheck_4993_good" classname="com.cardatechnologies.utils.validators.abaroutevalidator.Test_AbaRouteValidator_03" time="0.02"/>
  <testcase name="testAbaNumberCheck_3014_bad" classname="com.cardatechnologies.utils.validators.abaroutevalidator.Test_AbaRouteValidator_03" time="0.023"/>
  <testcase name="testAbaNumberCheck_3269_good" classname="com.cardatechnologies.utils.validators.abaroutevalidator.Test_AbaRouteValidator_03" time="0.02"/>
  <testcase name="testAbaNumberCheck_3016_bad" classname="com.cardatechnologies.utils.validators.abaroutevalidator.Test_AbaRouteValidator_03" time="0.022"/>
  <testcase name="testAbaNumberCheck_4867_good" classname="com.cardatechnologies.utils.validators.abaroutevalidator.Test_AbaRouteValidator_03" time="0.02"/>
  <testcase name="testAbaNumberCheck_3927_good" classname="com.cardatechnologies.utils.validators.abaroutevalidator.Test_AbaRouteValidator_03" time="0.03"/>
  <testcase name="testAbaNumberCheck_3018_bad" classname="com.cardatechnologies.utils.validators.abaroutevalidator.Test_AbaRouteValidator_03" time="0.021"/>
  <testcase name="testAbaNumberCheck_3891_good" classname="com.cardatechnologies.utils.validators.abaroutevalidator.Test_AbaRouteValidator_03" time="0.021"/>
  <testcase name="testAbaNumberCheck_2951_good" classname="com.cardatechnologies.utils.validators.abaroutevalidator.Test_AbaRouteValidator_03" time="0.022"/>
  <testcase name="testAbaNumberCheck_3765_good" classname="com.cardatechnologies.utils.validators.abaroutevalidator.Test_AbaRouteValidator_03" time="0.021"/>
  <testcase name="testAbaNumberCheck_2825_good" classname="com.cardatechnologies.utils.validators.abaroutevalidator.Test_AbaRouteValidator_03" time="0.022"/>
  <testcase name="testAbaNumberCheck_4579_good" classname="com.cardatechnologies.utils.validators.abaroutevalidator.Test_AbaRouteValidator_03" time="0.021"/>
  <testcase name="testAbaNumberCheck_3639_good" classname="com.cardatechnologies.utils.validators.abaroutevalidator.Test_AbaRouteValidator_03" time="0.022"/>
  <testcase name="testAbaNumberCheck_2663_good" classname="com.cardatechnologies.utils.validators.abaroutevalidator.Test_AbaRouteValidator_03" time="0.02"/>
  <testcase name="testAbaNumberCheck_3477_good" classname="com.cardatechnologies.utils.validators.abaroutevalidator.Test_AbaRouteValidator_03" time="0.022"/>
  <testcase name="testAbaNumberCheck_2537_good" classname="com.cardatechnologies.utils.validators.abaroutevalidator.Test_AbaRouteValidator_03" time="0.022"/>
  <testcase name="testAbaNumberCheck_3020_bad" classname="com.cardatechnologies.utils.validators.abaroutevalidator.Test_AbaRouteValidator_03" time="0.021"/>
  <testcase name="testAbaNumberCheck_3022_bad" classname="com.cardatechnologies.utils.validators.abaroutevalidator.Test_AbaRouteValidator_03" time="0.031"/>
  <testcase name="testAbaNumberCheck_4949_good" classname="com.cardatechnologies.utils.validators.abaroutevalidator.Test_AbaRouteValidator_03" time="0.021"/>
  <testcase name="testAbaNumberCheck_3024_bad" classname="com.cardatechnologies.utils.validators.abaroutevalidator.Test_AbaRouteValidator_03" time="0.026"/>
  <testcase name="testAbaNumberCheck_3026_bad" classname="com.cardatechnologies.utils.validators.abaroutevalidator.Test_AbaRouteValidator_03" time="0.031"/>
  <testcase name="testAbaNumberCheck_3973_good" classname="com.cardatechnologies.utils.validators.abaroutevalidator.Test_AbaRouteValidator_03" time="0.028"/>
  <testcase name="testAbaNumberCheck_3028_bad" classname="com.cardatechnologies.utils.validators.abaroutevalidator.Test_AbaRouteValidator_03" time="0.022"/>
  <testcase name="testAbaNumberCheck_3189_good" classname="com.cardatechnologies.utils.validators.abaroutevalidator.Test_AbaRouteValidator_03" time="0.021"/>
  <testcase name="testAbaNumberCheck_4787_good" classname="com.cardatechnologies.utils.validators.abaroutevalidator.Test_AbaRouteValidator_03" time="0.021"/>
  <testcase name="testAbaNumberCheck_3847_good" classname="com.cardatechnologies.utils.validators.abaroutevalidator.Test_AbaRouteValidator_03" time="0.021"/>
  <testcase name="testAbaNumberCheck_2907_good" classname="com.cardatechnologies.utils.validators.abaroutevalidator.Test_AbaRouteValidator_03" time="0.02"/>
  <testcase name="testAbaNumberCheck_2871_good" classname="com.cardatechnologies.utils.validators.abaroutevalidator.Test_AbaRouteValidator_03" time="0.021"/>
  <testcase name="testAbaNumberCheck_3685_good" classname="com.cardatechnologies.utils.validators.abaroutevalidator.Test_AbaRouteValidator_03" time="0.029"/>
  <testcase name="testAbaNumberCheck_2745_good" classname="com.cardatechnologies.utils.validators.abaroutevalidator.Test_AbaRouteValidator_03" time="0.021"/>
  <testcase name="testAbaNumberCheck_4499_good" classname="com.cardatechnologies.utils.validators.abaroutevalidator.Test_AbaRouteValidator_03" time="0.022"/>
  <testcase name="testAbaNumberCheck_3559_good" classname="com.cardatechnologies.utils.validators.abaroutevalidator.Test_AbaRouteValidator_03" time="0.021"/>
  <testcase name="testAbaNumberCheck_2619_good" classname="com.cardatechnologies.utils.validators.abaroutevalidator.Test_AbaRouteValidator_03" time="0.021"/>
  <testcase name="testAbaNumberCheck_2583_good" classname="com.cardatechnologies.utils.validators.abaroutevalidator.Test_AbaRouteValidator_03" time="0.021"/>
  <testcase name="testAbaNumberCheck_3030_bad" classname="com.cardatechnologies.utils.validators.abaroutevalidator.Test_AbaRouteValidator_03" time="0.02"/>
  <testcase name="testAbaNumberCheck_3397_good" classname="com.cardatechnologies.utils.validators.abaroutevalidator.Test_AbaRouteValidator_03" time="0.021"/>
  <testcase name="testAbaNumberCheck_3032_bad" classname="com.cardatechnologies.utils.validators.abaroutevalidator.Test_AbaRouteValidator_03" time="0.02"/>
  <testcase name="testAbaNumberCheck_4995_good" classname="com.cardatechnologies.utils.validators.abaroutevalidator.Test_AbaRouteValidator_03" time="0.02"/>
  <testcase name="testAbaNumberCheck_3034_bad" classname="com.cardatechnologies.utils.validators.abaroutevalidator.Test_AbaRouteValidator_03" time="0.021"/>
  <testcase name="testAbaNumberCheck_3036_bad" classname="com.cardatechnologies.utils.validators.abaroutevalidator.Test_AbaRouteValidator_03" time="0.021"/>
  <testcase name="testAbaNumberCheck_4869_good" classname="com.cardatechnologies.utils.validators.abaroutevalidator.Test_AbaRouteValidator_03" time="0.032"/>
  <testcase name="testAbaNumberCheck_3929_good" classname="com.cardatechnologies.utils.validators.abaroutevalidator.Test_AbaRouteValidator_03" time="0.021"/>
  <testcase name="testAbaNumberCheck_3038_bad" classname="com.cardatechnologies.utils.validators.abaroutevalidator.Test_AbaRouteValidator_03" time="0.02"/>
  <testcase name="testAbaNumberCheck_3893_good" classname="com.cardatechnologies.utils.validators.abaroutevalidator.Test_AbaRouteValidator_03" time="0.022"/>
  <testcase name="testAbaNumberCheck_2953_good" classname="com.cardatechnologies.utils.validators.abaroutevalidator.Test_AbaRouteValidator_03" time="0.02"/>
  <testcase name="testAbaNumberCheck_3767_good" classname="com.cardatechnologies.utils.validators.abaroutevalidator.Test_AbaRouteValidator_03" time="0.021"/>
  <testcase name="testAbaNumberCheck_2827_good" classname="com.cardatechnologies.utils.validators.abaroutevalidator.Test_AbaRouteValidator_03" time="0.02"/>
  <testcase name="testAbaNumberCheck_2791_good" classname="com.cardatechnologies.utils.validators.abaroutevalidator.Test_AbaRouteValidator_03" time="0.021"/>
  <testcase name="testAbaNumberCheck_2665_good" classname="com.cardatechnologies.utils.validators.abaroutevalidator.Test_AbaRouteValidator_03" time="0.022"/>
  <testcase name="testAbaNumberCheck_4300_bad" classname="com.cardatechnologies.utils.validators.abaroutevalidator.Test_AbaRouteValidator_03" time="0.02"/>
  <testcase name="testAbaNumberCheck_3479_good" classname="com.cardatechnologies.utils.validators.abaroutevalidator.Test_AbaRouteValidator_03" time="0.021"/>
  <testcase name="testAbaNumberCheck_2539_good" classname="com.cardatechnologies.utils.validators.abaroutevalidator.Test_AbaRouteValidator_03" time="0.021"/>
  <testcase name="testAbaNumberCheck_4302_bad" classname="com.cardatechnologies.utils.validators.abaroutevalidator.Test_AbaRouteValidator_03" time="0.035"/>
  <testcase name="testAbaNumberCheck_4304_bad" classname="com.cardatechnologies.utils.validators.abaroutevalidator.Test_AbaRouteValidator_03" time="0.024"/>
  <testcase name="testAbaNumberCheck_3040_bad" classname="com.cardatechnologies.utils.validators.abaroutevalidator.Test_AbaRouteValidator_03" time="0.024"/>
  <testcase name="testAbaNumberCheck_4306_bad" classname="com.cardatechnologies.utils.validators.abaroutevalidator.Test_AbaRouteValidator_03" time="0.024"/>
  <testcase name="testAbaNumberCheck_3042_bad" classname="com.cardatechnologies.utils.validators.abaroutevalidator.Test_AbaRouteValidator_03" time="0.024"/>
  <testcase name="testAbaNumberCheck_4308_bad" classname="com.cardatechnologies.utils.validators.abaroutevalidator.Test_AbaRouteValidator_03" time="0.025"/>
  <testcase name="testAbaNumberCheck_3044_bad" classname="com.cardatechnologies.utils.validators.abaroutevalidator.Test_AbaRouteValidator_03" time="0.026"/>
  <testcase name="testAbaNumberCheck_3046_bad" classname="com.cardatechnologies.utils.validators.abaroutevalidator.Test_AbaRouteValidator_03" time="0.025"/>
  <testcase name="testAbaNumberCheck_3975_good" classname="com.cardatechnologies.utils.validators.abaroutevalidator.Test_AbaRouteValidator_03" time="0.024"/>
  <testcase name="testAbaNumberCheck_3048_bad" classname="com.cardatechnologies.utils.validators.abaroutevalidator.Test_AbaRouteValidator_03" time="0.025"/>
  <testcase name="testAbaNumberCheck_4789_good" classname="com.cardatechnologies.utils.validators.abaroutevalidator.Test_AbaRouteValidator_03" time="0.03"/>
  <testcase name="testAbaNumberCheck_3849_good" classname="com.cardatechnologies.utils.validators.abaroutevalidator.Test_AbaRouteValidator_03" time="0.026"/>
  <testcase name="testAbaNumberCheck_2909_good" classname="com.cardatechnologies.utils.validators.abaroutevalidator.Test_AbaRouteValidator_03" time="0.024"/>
  <testcase name="testAbaNumberCheck_2873_good" classname="com.cardatechnologies.utils.validators.abaroutevalidator.Test_AbaRouteValidator_03" time="0.021"/>
  <testcase name="testAbaNumberCheck_3687_good" classname="com.cardatechnologies.utils.validators.abaroutevalidator.Test_AbaRouteValidator_03" time="0.028"/>
  <testcase name="testAbaNumberCheck_2747_good" classname="com.cardatechnologies.utils.validators.abaroutevalidator.Test_AbaRouteValidator_03" time="0.021"/>
  <testcase name="testAbaNumberCheck_4310_bad" classname="com.cardatechnologies.utils.validators.abaroutevalidator.Test_AbaRouteValidator_03" time="0.021"/>
  <testcase name="testAbaNumberCheck_2585_good" classname="com.cardatechnologies.utils.validators.abaroutevalidator.Test_AbaRouteValidator_03" time="0.021"/>
  <testcase name="testAbaNumberCheck_4312_bad" classname="com.cardatechnologies.utils.validators.abaroutevalidator.Test_AbaRouteValidator_03" time="0.021"/>
  <testcase name="testAbaNumberCheck_3500_bad" classname="com.cardatechnologies.utils.validators.abaroutevalidator.Test_AbaRouteValidator_03" time="0.021"/>
  <testcase name="testAbaNumberCheck_4314_bad" classname="com.cardatechnologies.utils.validators.abaroutevalidator.Test_AbaRouteValidator_03" time="0.021"/>
  <testcase name="testAbaNumberCheck_3050_bad" classname="com.cardatechnologies.utils.validators.abaroutevalidator.Test_AbaRouteValidator_03" time="0.023"/>
  <testcase name="testAbaNumberCheck_3399_good" classname="com.cardatechnologies.utils.validators.abaroutevalidator.Test_AbaRouteValidator_03" time="0.025"/>
  <testcase name="testAbaNumberCheck_3502_bad" classname="com.cardatechnologies.utils.validators.abaroutevalidator.Test_AbaRouteValidator_03" time="0.022"/>
  <testcase name="testAbaNumberCheck_4316_bad" classname="com.cardatechnologies.utils.validators.abaroutevalidator.Test_AbaRouteValidator_03" time="0.021"/>
  <testcase name="testAbaNumberCheck_3052_bad" classname="com.cardatechnologies.utils.validators.abaroutevalidator.Test_AbaRouteValidator_03" time="0.021"/>
  <testcase name="testAbaNumberCheck_3504_bad" classname="com.cardatechnologies.utils.validators.abaroutevalidator.Test_AbaRouteValidator_03" time="0.02"/>
  <testcase name="testAbaNumberCheck_4318_bad" classname="com.cardatechnologies.utils.validators.abaroutevalidator.Test_AbaRouteValidator_03" time="0.021"/>
  <testcase name="testAbaNumberCheck_3054_bad" classname="com.cardatechnologies.utils.validators.abaroutevalidator.Test_AbaRouteValidator_03" time="0.02"/>
  <testcase name="testAbaNumberCheck_3506_bad" classname="com.cardatechnologies.utils.validators.abaroutevalidator.Test_AbaRouteValidator_03" time="0.021"/>
  <testcase name="testAbaNumberCheck_3056_bad" classname="com.cardatechnologies.utils.validators.abaroutevalidator.Test_AbaRouteValidator_03" time="0.021"/>
  <testcase name="testAbaNumberCheck_3508_bad" classname="com.cardatechnologies.utils.validators.abaroutevalidator.Test_AbaRouteValidator_03" time="0.02"/>
  <testcase name="testAbaNumberCheck_3058_bad" classname="com.cardatechnologies.utils.validators.abaroutevalidator.Test_AbaRouteValidator_03" time="0.02"/>
  <testcase name="testAbaNumberCheck_3895_good" classname="com.cardatechnologies.utils.validators.abaroutevalidator.Test_AbaRouteValidator_03" time="0.022"/>
  <testcase name="testAbaNumberCheck_2955_good" classname="com.cardatechnologies.utils.validators.abaroutevalidator.Test_AbaRouteValidator_03" time="0.035"/>
  <testcase name="testAbaNumberCheck_3769_good" classname="com.cardatechnologies.utils.validators.abaroutevalidator.Test_AbaRouteValidator_03" time="0.024"/>
  <testcase name="testAbaNumberCheck_2829_good" classname="com.cardatechnologies.utils.validators.abaroutevalidator.Test_AbaRouteValidator_03" time="0.021"/>
  <testcase name="testAbaNumberCheck_2793_good" classname="com.cardatechnologies.utils.validators.abaroutevalidator.Test_AbaRouteValidator_03" time="0.022"/>
  <testcase name="testAbaNumberCheck_2667_good" classname="com.cardatechnologies.utils.validators.abaroutevalidator.Test_AbaRouteValidator_03" time="0.021"/>
  <testcase name="testAbaNumberCheck_4320_bad" classname="com.cardatechnologies.utils.validators.abaroutevalidator.Test_AbaRouteValidator_03" time="0.022"/>
  <testcase name="testAbaNumberCheck_4322_bad" classname="com.cardatechnologies.utils.validators.abaroutevalidator.Test_AbaRouteValidator_03" time="0.021"/>
  <testcase name="testAbaNumberCheck_3510_bad" classname="com.cardatechnologies.utils.validators.abaroutevalidator.Test_AbaRouteValidator_03" time="0.022"/>
  <testcase name="testAbaNumberCheck_4324_bad" classname="com.cardatechnologies.utils.validators.abaroutevalidator.Test_AbaRouteValidator_03" time="0.026"/>
  <testcase name="testAbaNumberCheck_3060_bad" classname="com.cardatechnologies.utils.validators.abaroutevalidator.Test_AbaRouteValidator_03" time="0.022"/>
  <testcase name="testAbaNumberCheck_3512_bad" classname="com.cardatechnologies.utils.validators.abaroutevalidator.Test_AbaRouteValidator_03" time="0.021"/>
  <testcase name="testAbaNumberCheck_4326_bad" classname="com.cardatechnologies.utils.validators.abaroutevalidator.Test_AbaRouteValidator_03" time="0.033"/>
  <testcase name="testAbaNumberCheck_3062_bad" classname="com.cardatechnologies.utils.validators.abaroutevalidator.Test_AbaRouteValidator_03" time="0.023"/>
  <testcase name="testAbaNumberCheck_2700_bad" classname="com.cardatechnologies.utils.validators.abaroutevalidator.Test_AbaRouteValidator_03" time="0.025"/>
  <testcase name="testAbaNumberCheck_3514_bad" classname="com.cardatechnologies.utils.validators.abaroutevalidator.Test_AbaRouteValidator_03" time="0.023"/>
  <testcase name="testAbaNumberCheck_4328_bad" classname="com.cardatechnologies.utils.validators.abaroutevalidator.Test_AbaRouteValidator_03" time="0.026"/>
  <testcase name="testAbaNumberCheck_3064_bad" classname="com.cardatechnologies.utils.validators.abaroutevalidator.Test_AbaRouteValidator_03" time="0.023"/>
  <testcase name="testAbaNumberCheck_2702_bad" classname="com.cardatechnologies.utils.validators.abaroutevalidator.Test_AbaRouteValidator_03" time="0.025"/>
  <testcase name="testAbaNumberCheck_3516_bad" classname="com.cardatechnologies.utils.validators.abaroutevalidator.Test_AbaRouteValidator_03" time="0.024"/>
  <testcase name="testAbaNumberCheck_3066_bad" classname="com.cardatechnologies.utils.validators.abaroutevalidator.Test_AbaRouteValidator_03" time="0.025"/>
  <testcase name="testAbaNumberCheck_3977_good" classname="com.cardatechnologies.utils.validators.abaroutevalidator.Test_AbaRouteValidator_03" time="0.027"/>
  <testcase name="testAbaNumberCheck_2704_bad" classname="com.cardatechnologies.utils.validators.abaroutevalidator.Test_AbaRouteValidator_03" time="0.039"/>
  <testcase name="testAbaNumberCheck_3518_bad" classname="com.cardatechnologies.utils.validators.abaroutevalidator.Test_AbaRouteValidator_03" time="0.025"/>
  <testcase name="testAbaNumberCheck_3068_bad" classname="com.cardatechnologies.utils.validators.abaroutevalidator.Test_AbaRouteValidator_03" time="0.021"/>
  <testcase name="testAbaNumberCheck_2706_bad" classname="com.cardatechnologies.utils.validators.abaroutevalidator.Test_AbaRouteValidator_03" time="0.022"/>
  <testcase name="testAbaNumberCheck_2708_bad" classname="com.cardatechnologies.utils.validators.abaroutevalidator.Test_AbaRouteValidator_03" time="0.026"/>
  <testcase name="testAbaNumberCheck_2875_good" classname="com.cardatechnologies.utils.validators.abaroutevalidator.Test_AbaRouteValidator_03" time="0.027"/>
  <testcase name="testAbaNumberCheck_3689_good" classname="com.cardatechnologies.utils.validators.abaroutevalidator.Test_AbaRouteValidator_03" time="0.028"/>
  <testcase name="testAbaNumberCheck_2749_good" classname="com.cardatechnologies.utils.validators.abaroutevalidator.Test_AbaRouteValidator_03" time="0.027"/>
  <testcase name="testAbaNumberCheck_4330_bad" classname="com.cardatechnologies.utils.validators.abaroutevalidator.Test_AbaRouteValidator_03" time="0.027"/>
  <testcase name="testAbaNumberCheck_2587_good" classname="com.cardatechnologies.utils.validators.abaroutevalidator.Test_AbaRouteValidator_03" time="0.027"/>
  <testcase name="testAbaNumberCheck_4332_bad" classname="com.cardatechnologies.utils.validators.abaroutevalidator.Test_AbaRouteValidator_03" time="0.033"/>
  <testcase name="testAbaNumberCheck_3520_bad" classname="com.cardatechnologies.utils.validators.abaroutevalidator.Test_AbaRouteValidator_03" time="0.024"/>
  <testcase name="testAbaNumberCheck_4334_bad" classname="com.cardatechnologies.utils.validators.abaroutevalidator.Test_AbaRouteValidator_03" time="0.022"/>
  <testcase name="testAbaNumberCheck_3070_bad" classname="com.cardatechnologies.utils.validators.abaroutevalidator.Test_AbaRouteValidator_03" time="0.025"/>
  <testcase name="testAbaNumberCheck_3522_bad" classname="com.cardatechnologies.utils.validators.abaroutevalidator.Test_AbaRouteValidator_03" time="0.023"/>
  <testcase name="testAbaNumberCheck_4336_bad" classname="com.cardatechnologies.utils.validators.abaroutevalidator.Test_AbaRouteValidator_03" time="0.024"/>
  <testcase name="testAbaNumberCheck_3072_bad" classname="com.cardatechnologies.utils.validators.abaroutevalidator.Test_AbaRouteValidator_03" time="0.024"/>
  <testcase name="testAbaNumberCheck_2710_bad" classname="com.cardatechnologies.utils.validators.abaroutevalidator.Test_AbaRouteValidator_03" time="0.025"/>
  <testcase name="testAbaNumberCheck_3524_bad" classname="com.cardatechnologies.utils.validators.abaroutevalidator.Test_AbaRouteValidator_03" time="0.022"/>
  <testcase name="testAbaNumberCheck_4338_bad" classname="com.cardatechnologies.utils.validators.abaroutevalidator.Test_AbaRouteValidator_03" time="0.021"/>
  <testcase name="testAbaNumberCheck_3074_bad" classname="com.cardatechnologies.utils.validators.abaroutevalidator.Test_AbaRouteValidator_03" time="0.02"/>
  <testcase name="testAbaNumberCheck_2712_bad" classname="com.cardatechnologies.utils.validators.abaroutevalidator.Test_AbaRouteValidator_03" time="0.029"/>
  <testcase name="testAbaNumberCheck_3526_bad" classname="com.cardatechnologies.utils.validators.abaroutevalidator.Test_AbaRouteValidator_03" time="0.022"/>
  <testcase name="testAbaNumberCheck_3076_bad" classname="com.cardatechnologies.utils.validators.abaroutevalidator.Test_AbaRouteValidator_03" time="0.021"/>
  <testcase name="testAbaNumberCheck_2714_bad" classname="com.cardatechnologies.utils.validators.abaroutevalidator.Test_AbaRouteValidator_03" time="0.021"/>
  <testcase name="testAbaNumberCheck_3528_bad" classname="com.cardatechnologies.utils.validators.abaroutevalidator.Test_AbaRouteValidator_03" time="0.02"/>
  <testcase name="testAbaNumberCheck_3078_bad" classname="com.cardatechnologies.utils.validators.abaroutevalidator.Test_AbaRouteValidator_03" time="0.02"/>
  <testcase name="testAbaNumberCheck_2716_bad" classname="com.cardatechnologies.utils.validators.abaroutevalidator.Test_AbaRouteValidator_03" time="0.021"/>
  <testcase name="testAbaNumberCheck_3897_good" classname="com.cardatechnologies.utils.validators.abaroutevalidator.Test_AbaRouteValidator_03" time="0.02"/>
  <testcase name="testAbaNumberCheck_2957_good" classname="com.cardatechnologies.utils.validators.abaroutevalidator.Test_AbaRouteValidator_03" time="0.021"/>
  <testcase name="testAbaNumberCheck_2718_bad" classname="com.cardatechnologies.utils.validators.abaroutevalidator.Test_AbaRouteValidator_03" time="0.022"/>
  <testcase name="testAbaNumberCheck_2795_good" classname="com.cardatechnologies.utils.validators.abaroutevalidator.Test_AbaRouteValidator_03" time="0.024"/>
  <testcase name="testAbaNumberCheck_2669_good" classname="com.cardatechnologies.utils.validators.abaroutevalidator.Test_AbaRouteValidator_03" time="0.029"/>
  <testcase name="testAbaNumberCheck_4340_bad" classname="com.cardatechnologies.utils.validators.abaroutevalidator.Test_AbaRouteValidator_03" time="0.03"/>
  <testcase name="testAbaNumberCheck_4342_bad" classname="com.cardatechnologies.utils.validators.abaroutevalidator.Test_AbaRouteValidator_03" time="0.024"/>
  <testcase name="testAbaNumberCheck_3530_bad" classname="com.cardatechnologies.utils.validators.abaroutevalidator.Test_AbaRouteValidator_03" time="0.027"/>
  <testcase name="testAbaNumberCheck_4344_bad" classname="com.cardatechnologies.utils.validators.abaroutevalidator.Test_AbaRouteValidator_03" time="0.024"/>
  <testcase name="testAbaNumberCheck_3080_bad" classname="com.cardatechnologies.utils.validators.abaroutevalidator.Test_AbaRouteValidator_03" time="0.025"/>
  <testcase name="testAbaNumberCheck_3532_bad" classname="com.cardatechnologies.utils.validators.abaroutevalidator.Test_AbaRouteValidator_03" time="0.025"/>
  <testcase name="testAbaNumberCheck_4346_bad" classname="com.cardatechnologies.utils.validators.abaroutevalidator.Test_AbaRouteValidator_03" time="0.025"/>
  <testcase name="testAbaNumberCheck_3082_bad" classname="com.cardatechnologies.utils.validators.abaroutevalidator.Test_AbaRouteValidator_03" time="0.025"/>
  <testcase name="testAbaNumberCheck_2720_bad" classname="com.cardatechnologies.utils.validators.abaroutevalidator.Test_AbaRouteValidator_03" time="0.022"/>
  <testcase name="testAbaNumberCheck_3534_bad" classname="com.cardatechnologies.utils.validators.abaroutevalidator.Test_AbaRouteValidator_03" time="0.021"/>
  <testcase name="testAbaNumberCheck_4348_bad" classname="com.cardatechnologies.utils.validators.abaroutevalidator.Test_AbaRouteValidator_03" time="0.024"/>
  <testcase name="testAbaNumberCheck_3084_bad" classname="com.cardatechnologies.utils.validators.abaroutevalidator.Test_AbaRouteValidator_03" time="0.025"/>
  <testcase name="testAbaNumberCheck_2722_bad" classname="com.cardatechnologies.utils.validators.abaroutevalidator.Test_AbaRouteValidator_03" time="0.021"/>
  <testcase name="testAbaNumberCheck_3536_bad" classname="com.cardatechnologies.utils.validators.abaroutevalidator.Test_AbaRouteValidator_03" time="0.022"/>
  <testcase name="testAbaNumberCheck_3086_bad" classname="com.cardatechnologies.utils.validators.abaroutevalidator.Test_AbaRouteValidator_03" time="0.022"/>
  <testcase name="testAbaNumberCheck_3979_good" classname="com.cardatechnologies.utils.validators.abaroutevalidator.Test_AbaRouteValidator_03" time="0.023"/>
  <testcase name="testAbaNumberCheck_2724_bad" classname="com.cardatechnologies.utils.validators.abaroutevalidator.Test_AbaRouteValidator_03" time="0.022"/>
  <testcase name="testAbaNumberCheck_3538_bad" classname="com.cardatechnologies.utils.validators.abaroutevalidator.Test_AbaRouteValidator_03" time="0.022"/>
  <testcase name="testAbaNumberCheck_3088_bad" classname="com.cardatechnologies.utils.validators.abaroutevalidator.Test_AbaRouteValidator_03" time="0.022"/>
  <testcase name="testAbaNumberCheck_2726_bad" classname="com.cardatechnologies.utils.validators.abaroutevalidator.Test_AbaRouteValidator_03" time="0.022"/>
  <testcase name="testAbaNumberCheck_2728_bad" classname="com.cardatechnologies.utils.validators.abaroutevalidator.Test_AbaRouteValidator_03" time="0.021"/>
  <testcase name="testAbaNumberCheck_2877_good" classname="com.cardatechnologies.utils.validators.abaroutevalidator.Test_AbaRouteValidator_03" time="0.022"/>
  <testcase name="testAbaNumberCheck_4800_bad" classname="com.cardatechnologies.utils.validators.abaroutevalidator.Test_AbaRouteValidator_03" time="0.029"/>
  <testcase name="testAbaNumberCheck_4350_bad" classname="com.cardatechnologies.utils.validators.abaroutevalidator.Test_AbaRouteValidator_03" time="0.029"/>
  <testcase name="testAbaNumberCheck_2589_good" classname="com.cardatechnologies.utils.validators.abaroutevalidator.Test_AbaRouteValidator_03" time="0.029"/>
  <testcase name="testAbaNumberCheck_4802_bad" classname="com.cardatechnologies.utils.validators.abaroutevalidator.Test_AbaRouteValidator_03" time="0.029"/>
  <testcase name="testAbaNumberCheck_4352_bad" classname="com.cardatechnologies.utils.validators.abaroutevalidator.Test_AbaRouteValidator_03" time="0.029"/>
  <testcase name="testAbaNumberCheck_4804_bad" classname="com.cardatechnologies.utils.validators.abaroutevalidator.Test_AbaRouteValidator_03" time="0.025"/>
  <testcase name="testAbaNumberCheck_3540_bad" classname="com.cardatechnologies.utils.validators.abaroutevalidator.Test_AbaRouteValidator_03" time="0.025"/>
  <testcase name="testAbaNumberCheck_4354_bad" classname="com.cardatechnologies.utils.validators.abaroutevalidator.Test_AbaRouteValidator_03" time="0.022"/>
  <testcase name="testAbaNumberCheck_3090_bad" classname="com.cardatechnologies.utils.validators.abaroutevalidator.Test_AbaRouteValidator_03" time="0.021"/>
  <testcase name="testAbaNumberCheck_4806_bad" classname="com.cardatechnologies.utils.validators.abaroutevalidator.Test_AbaRouteValidator_03" time="0.022"/>
  <testcase name="testAbaNumberCheck_3542_bad" classname="com.cardatechnologies.utils.validators.abaroutevalidator.Test_AbaRouteValidator_03" time="0.025"/>
  <testcase name="testAbaNumberCheck_4356_bad" classname="com.cardatechnologies.utils.validators.abaroutevalidator.Test_AbaRouteValidator_03" time="0.02"/>
  <testcase name="testAbaNumberCheck_3092_bad" classname="com.cardatechnologies.utils.validators.abaroutevalidator.Test_AbaRouteValidator_03" time="0.021"/>
  <testcase name="testAbaNumberCheck_4808_bad" classname="com.cardatechnologies.utils.validators.abaroutevalidator.Test_AbaRouteValidator_03" time="0.022"/>
  <testcase name="testAbaNumberCheck_2730_bad" classname="com.cardatechnologies.utils.validators.abaroutevalidator.Test_AbaRouteValidator_03" time="0.022"/>
  <testcase name="testAbaNumberCheck_3544_bad" classname="com.cardatechnologies.utils.validators.abaroutevalidator.Test_AbaRouteValidator_03" time="0.021"/>
  <testcase name="testAbaNumberCheck_4358_bad" classname="com.cardatechnologies.utils.validators.abaroutevalidator.Test_AbaRouteValidator_03" time="0.021"/>
  <testcase name="testAbaNumberCheck_3094_bad" classname="com.cardatechnologies.utils.validators.abaroutevalidator.Test_AbaRouteValidator_03" time="0.021"/>
  <testcase name="testAbaNumberCheck_2732_bad" classname="com.cardatechnologies.utils.validators.abaroutevalidator.Test_AbaRouteValidator_03" time="0.022"/>
  <testcase name="testAbaNumberCheck_3546_bad" classname="com.cardatechnologies.utils.validators.abaroutevalidator.Test_AbaRouteValidator_03" time="0.021"/>
  <testcase name="testAbaNumberCheck_3096_bad" classname="com.cardatechnologies.utils.validators.abaroutevalidator.Test_AbaRouteValidator_03" time="0.021"/>
  <testcase name="testAbaNumberCheck_2734_bad" classname="com.cardatechnologies.utils.validators.abaroutevalidator.Test_AbaRouteValidator_03" time="0.026"/>
  <testcase name="testAbaNumberCheck_3548_bad" classname="com.cardatechnologies.utils.validators.abaroutevalidator.Test_AbaRouteValidator_03" time="0.022"/>
  <testcase name="testAbaNumberCheck_3098_bad" classname="com.cardatechnologies.utils.validators.abaroutevalidator.Test_AbaRouteValidator_03" time="0.022"/>
  <testcase name="testAbaNumberCheck_2736_bad" classname="com.cardatechnologies.utils.validators.abaroutevalidator.Test_AbaRouteValidator_03" time="0.02"/>
  <testcase name="testAbaNumberCheck_3899_good" classname="com.cardatechnologies.utils.validators.abaroutevalidator.Test_AbaRouteValidator_03" time="0.024"/>
  <testcase name="testAbaNumberCheck_2959_good" classname="com.cardatechnologies.utils.validators.abaroutevalidator.Test_AbaRouteValidator_03" time="0.024"/>
  <testcase name="testAbaNumberCheck_2738_bad" classname="com.cardatechnologies.utils.validators.abaroutevalidator.Test_AbaRouteValidator_03" time="0.026"/>
  <testcase name="testAbaNumberCheck_2797_good" classname="com.cardatechnologies.utils.validators.abaroutevalidator.Test_AbaRouteValidator_03" time="0.025"/>
  <testcase name="testAbaNumberCheck_4810_bad" classname="com.cardatechnologies.utils.validators.abaroutevalidator.Test_AbaRouteValidator_03" time="0.026"/>
  <testcase name="testAbaNumberCheck_4360_bad" classname="com.cardatechnologies.utils.validators.abaroutevalidator.Test_AbaRouteValidator_03" time="0.021"/>
  <testcase name="testAbaNumberCheck_4812_bad" classname="com.cardatechnologies.utils.validators.abaroutevalidator.Test_AbaRouteValidator_03" time="0.021"/>
  <testcase name="testAbaNumberCheck_4362_bad" classname="com.cardatechnologies.utils.validators.abaroutevalidator.Test_AbaRouteValidator_03" time="0.022"/>
  <testcase name="testAbaNumberCheck_4814_bad" classname="com.cardatechnologies.utils.validators.abaroutevalidator.Test_AbaRouteValidator_03" time="0.031"/>
  <testcase name="testAbaNumberCheck_3550_bad" classname="com.cardatechnologies.utils.validators.abaroutevalidator.Test_AbaRouteValidator_03" time="0.024"/>
  <testcase name="testAbaNumberCheck_4364_bad" classname="com.cardatechnologies.utils.validators.abaroutevalidator.Test_AbaRouteValidator_03" time="0.026"/>
  <testcase name="testAbaNumberCheck_4816_bad" classname="com.cardatechnologies.utils.validators.abaroutevalidator.Test_AbaRouteValidator_03" time="0.024"/>
  <testcase name="testAbaNumberCheck_3552_bad" classname="com.cardatechnologies.utils.validators.abaroutevalidator.Test_AbaRouteValidator_03" time="0.025"/>
  <testcase name="testAbaNumberCheck_4366_bad" classname="com.cardatechnologies.utils.validators.abaroutevalidator.Test_AbaRouteValidator_03" time="0.024"/>
  <testcase name="testAbaNumberCheck_4818_bad" classname="com.cardatechnologies.utils.validators.abaroutevalidator.Test_AbaRouteValidator_03" time="0.024"/>
  <testcase name="testAbaNumberCheck_2740_bad" classname="com.cardatechnologies.utils.validators.abaroutevalidator.Test_AbaRouteValidator_03" time="0.026"/>
  <testcase name="testAbaNumberCheck_3554_bad" classname="com.cardatechnologies.utils.validators.abaroutevalidator.Test_AbaRouteValidator_03" time="0.024"/>
  <testcase name="testAbaNumberCheck_4368_bad" classname="com.cardatechnologies.utils.validators.abaroutevalidator.Test_AbaRouteValidator_03" time="0.025"/>
  <testcase name="testAbaNumberCheck_2742_bad" classname="com.cardatechnologies.utils.validators.abaroutevalidator.Test_AbaRouteValidator_03" time="0.032"/>
  <testcase name="testAbaNumberCheck_3556_bad" classname="com.cardatechnologies.utils.validators.abaroutevalidator.Test_AbaRouteValidator_03" time="0.024"/>
  <testcase name="testAbaNumberCheck_2744_bad" classname="com.cardatechnologies.utils.validators.abaroutevalidator.Test_AbaRouteValidator_03" time="0.022"/>
  <testcase name="testAbaNumberCheck_3558_bad" classname="com.cardatechnologies.utils.validators.abaroutevalidator.Test_AbaRouteValidator_03" time="0.021"/>
  <testcase name="testAbaNumberCheck_2746_bad" classname="com.cardatechnologies.utils.validators.abaroutevalidator.Test_AbaRouteValidator_03" time="0.021"/>
  <testcase name="testAbaNumberCheck_2748_bad" classname="com.cardatechnologies.utils.validators.abaroutevalidator.Test_AbaRouteValidator_03" time="0.023"/>
  <testcase name="testAbaNumberCheck_2879_good" classname="com.cardatechnologies.utils.validators.abaroutevalidator.Test_AbaRouteValidator_03" time="0.026"/>
  <testcase name="testAbaNumberCheck_4820_bad" classname="com.cardatechnologies.utils.validators.abaroutevalidator.Test_AbaRouteValidator_03" time="0.025"/>
  <testcase name="testAbaNumberCheck_4370_bad" classname="com.cardatechnologies.utils.validators.abaroutevalidator.Test_AbaRouteValidator_03" time="0.022"/>
  <testcase name="testAbaNumberCheck_4822_bad" classname="com.cardatechnologies.utils.validators.abaroutevalidator.Test_AbaRouteValidator_03" time="0.021"/>
  <testcase name="testAbaNumberCheck_4372_bad" classname="com.cardatechnologies.utils.validators.abaroutevalidator.Test_AbaRouteValidator_03" time="0.023"/>
  <testcase name="testAbaNumberCheck_4824_bad" classname="com.cardatechnologies.utils.validators.abaroutevalidator.Test_AbaRouteValidator_03" time="0.021"/>
  <testcase name="testAbaNumberCheck_3560_bad" classname="com.cardatechnologies.utils.validators.abaroutevalidator.Test_AbaRouteValidator_03" time="0.033"/>
  <testcase name="testAbaNumberCheck_4374_bad" classname="com.cardatechnologies.utils.validators.abaroutevalidator.Test_AbaRouteValidator_03" time="0.022"/>
  <testcase name="testAbaNumberCheck_4826_bad" classname="com.cardatechnologies.utils.validators.abaroutevalidator.Test_AbaRouteValidator_03" time="0.021"/>
  <testcase name="testAbaNumberCheck_3562_bad" classname="com.cardatechnologies.utils.validators.abaroutevalidator.Test_AbaRouteValidator_03" time="0.023"/>
  <testcase name="testAbaNumberCheck_4376_bad" classname="com.cardatechnologies.utils.validators.abaroutevalidator.Test_AbaRouteValidator_03" time="0.022"/>
  <testcase name="testAbaNumberCheck_4828_bad" classname="com.cardatechnologies.utils.validators.abaroutevalidator.Test_AbaRouteValidator_03" time="0.021"/>
  <testcase name="testAbaNumberCheck_2750_bad" classname="com.cardatechnologies.utils.validators.abaroutevalidator.Test_AbaRouteValidator_03" time="0.023"/>
  <testcase name="testAbaNumberCheck_3564_bad" classname="com.cardatechnologies.utils.validators.abaroutevalidator.Test_AbaRouteValidator_03" time="0.025"/>
  <testcase name="testAbaNumberCheck_4378_bad" classname="com.cardatechnologies.utils.validators.abaroutevalidator.Test_AbaRouteValidator_03" time="0.026"/>
  <testcase name="testAbaNumberCheck_2752_bad" classname="com.cardatechnologies.utils.validators.abaroutevalidator.Test_AbaRouteValidator_03" time="0.026"/>
  <testcase name="testAbaNumberCheck_3566_bad" classname="com.cardatechnologies.utils.validators.abaroutevalidator.Test_AbaRouteValidator_03" time="0.028"/>
  <testcase name="testAbaNumberCheck_2754_bad" classname="com.cardatechnologies.utils.validators.abaroutevalidator.Test_AbaRouteValidator_03" time="0.025"/>
  <testcase name="testAbaNumberCheck_3568_bad" classname="com.cardatechnologies.utils.validators.abaroutevalidator.Test_AbaRouteValidator_03" time="0.021"/>
  <testcase name="testAbaNumberCheck_2756_bad" classname="com.cardatechnologies.utils.validators.abaroutevalidator.Test_AbaRouteValidator_03" time="0.021"/>
  <testcase name="testAbaNumberCheck_2758_bad" classname="com.cardatechnologies.utils.validators.abaroutevalidator.Test_AbaRouteValidator_03" time="0.021"/>
  <testcase name="testAbaNumberCheck_2799_good" classname="com.cardatechnologies.utils.validators.abaroutevalidator.Test_AbaRouteValidator_03" time="0.021"/>
  <testcase name="testAbaNumberCheck_4830_bad" classname="com.cardatechnologies.utils.validators.abaroutevalidator.Test_AbaRouteValidator_03" time="0.021"/>
  <testcase name="testAbaNumberCheck_4380_bad" classname="com.cardatechnologies.utils.validators.abaroutevalidator.Test_AbaRouteValidator_03" time="0.021"/>
  <testcase name="testAbaNumberCheck_4832_bad" classname="com.cardatechnologies.utils.validators.abaroutevalidator.Test_AbaRouteValidator_03" time="0.02"/>
  <testcase name="testAbaNumberCheck_4382_bad" classname="com.cardatechnologies.utils.validators.abaroutevalidator.Test_AbaRouteValidator_03" time="0.02"/>
  <testcase name="testAbaNumberCheck_4834_bad" classname="com.cardatechnologies.utils.validators.abaroutevalidator.Test_AbaRouteValidator_03" time="0.021"/>
  <testcase name="testAbaNumberCheck_3570_bad" classname="com.cardatechnologies.utils.validators.abaroutevalidator.Test_AbaRouteValidator_03" time="0.021"/>
  <testcase name="testAbaNumberCheck_4384_bad" classname="com.cardatechnologies.utils.validators.abaroutevalidator.Test_AbaRouteValidator_03" time="0.024"/>
  <testcase name="testAbaNumberCheck_4836_bad" classname="com.cardatechnologies.utils.validators.abaroutevalidator.Test_AbaRouteValidator_03" time="0.034"/>
  <testcase name="testAbaNumberCheck_3572_bad" classname="com.cardatechnologies.utils.validators.abaroutevalidator.Test_AbaRouteValidator_03" time="0.028"/>
  <testcase name="testAbaNumberCheck_4386_bad" classname="com.cardatechnologies.utils.validators.abaroutevalidator.Test_AbaRouteValidator_03" time="0.028"/>
  <testcase name="testAbaNumberCheck_4838_bad" classname="com.cardatechnologies.utils.validators.abaroutevalidator.Test_AbaRouteValidator_03" time="0.029"/>
  <testcase name="testAbaNumberCheck_2760_bad" classname="com.cardatechnologies.utils.validators.abaroutevalidator.Test_AbaRouteValidator_03" time="0.025"/>
  <testcase name="testAbaNumberCheck_3574_bad" classname="com.cardatechnologies.utils.validators.abaroutevalidator.Test_AbaRouteValidator_03" time="0.022"/>
  <testcase name="testAbaNumberCheck_4388_bad" classname="com.cardatechnologies.utils.validators.abaroutevalidator.Test_AbaRouteValidator_03" time="0.023"/>
  <testcase name="testAbaNumberCheck_2762_bad" classname="com.cardatechnologies.utils.validators.abaroutevalidator.Test_AbaRouteValidator_03" time="0.024"/>
  <testcase name="testAbaNumberCheck_3576_bad" classname="com.cardatechnologies.utils.validators.abaroutevalidator.Test_AbaRouteValidator_03" time="0.021"/>
  <testcase name="testAbaNumberCheck_2764_bad" classname="com.cardatechnologies.utils.validators.abaroutevalidator.Test_AbaRouteValidator_03" time="0.024"/>
  <testcase name="testAbaNumberCheck_3578_bad" classname="com.cardatechnologies.utils.validators.abaroutevalidator.Test_AbaRouteValidator_03" time="0.028"/>
  <testcase name="testAbaNumberCheck_2766_bad" classname="com.cardatechnologies.utils.validators.abaroutevalidator.Test_AbaRouteValidator_03" time="0.023"/>
  <testcase name="testAbaNumberCheck_2768_bad" classname="com.cardatechnologies.utils.validators.abaroutevalidator.Test_AbaRouteValidator_03" time="0.026"/>
  <testcase name="testAbaNumberCheck_4840_bad" classname="com.cardatechnologies.utils.validators.abaroutevalidator.Test_AbaRouteValidator_03" time="0.029"/>
  <testcase name="testAbaNumberCheck_4390_bad" classname="com.cardatechnologies.utils.validators.abaroutevalidator.Test_AbaRouteValidator_03" time="0.026"/>
  <testcase name="testAbaNumberCheck_4842_bad" classname="com.cardatechnologies.utils.validators.abaroutevalidator.Test_AbaRouteValidator_03" time="0.027"/>
  <testcase name="testAbaNumberCheck_4392_bad" classname="com.cardatechnologies.utils.validators.abaroutevalidator.Test_AbaRouteValidator_03" time="0.023"/>
  <testcase name="testAbaNumberCheck_4844_bad" classname="com.cardatechnologies.utils.validators.abaroutevalidator.Test_AbaRouteValidator_03" time="0.025"/>
  <testcase name="testAbaNumberCheck_3580_bad" classname="com.cardatechnologies.utils.validators.abaroutevalidator.Test_AbaRouteValidator_03" time="0.024"/>
  <testcase name="testAbaNumberCheck_4394_bad" classname="com.cardatechnologies.utils.validators.abaroutevalidator.Test_AbaRouteValidator_03" time="0.024"/>
  <testcase name="testAbaNumberCheck_4846_bad" classname="com.cardatechnologies.utils.validators.abaroutevalidator.Test_AbaRouteValidator_03" time="0.033"/>
  <testcase name="testAbaNumberCheck_3582_bad" classname="com.cardatechnologies.utils.validators.abaroutevalidator.Test_AbaRouteValidator_03" time="0.024"/>
  <testcase name="testAbaNumberCheck_4396_bad" classname="com.cardatechnologies.utils.validators.abaroutevalidator.Test_AbaRouteValidator_03" time="0.026"/>
  <testcase name="testAbaNumberCheck_4848_bad" classname="com.cardatechnologies.utils.validators.abaroutevalidator.Test_AbaRouteValidator_03" time="0.029"/>
  <testcase name="testAbaNumberCheck_2770_bad" classname="com.cardatechnologies.utils.validators.abaroutevalidator.Test_AbaRouteValidator_03" time="0.027"/>
  <testcase name="testAbaNumberCheck_3584_bad" classname="com.cardatechnologies.utils.validators.abaroutevalidator.Test_AbaRouteValidator_03" time="0.028"/>
  <testcase name="testAbaNumberCheck_4398_bad" classname="com.cardatechnologies.utils.validators.abaroutevalidator.Test_AbaRouteValidator_03" time="0.028"/>
  <testcase name="testAbaNumberCheck_2772_bad" classname="com.cardatechnologies.utils.validators.abaroutevalidator.Test_AbaRouteValidator_03" time="0.029"/>
  <testcase name="testAbaNumberCheck_3586_bad" classname="com.cardatechnologies.utils.validators.abaroutevalidator.Test_AbaRouteValidator_03" time="0.028"/>
  <testcase name="testAbaNumberCheck_2774_bad" classname="com.cardatechnologies.utils.validators.abaroutevalidator.Test_AbaRouteValidator_03" time="0.034"/>
  <testcase name="testAbaNumberCheck_3588_bad" classname="com.cardatechnologies.utils.validators.abaroutevalidator.Test_AbaRouteValidator_03" time="0.028"/>
  <testcase name="testAbaNumberCheck_2776_bad" classname="com.cardatechnologies.utils.validators.abaroutevalidator.Test_AbaRouteValidator_03" time="0.029"/>
  <testcase name="testAbaNumberCheck_2778_bad" classname="com.cardatechnologies.utils.validators.abaroutevalidator.Test_AbaRouteValidator_03" time="0.03"/>
  <testcase name="testAbaNumberCheck_4850_bad" classname="com.cardatechnologies.utils.validators.abaroutevalidator.Test_AbaRouteValidator_03" time="0.024"/>
  <testcase name="testAbaNumberCheck_4852_bad" classname="com.cardatechnologies.utils.validators.abaroutevalidator.Test_AbaRouteValidator_03" time="0.022"/>
  <testcase name="testAbaNumberCheck_4854_bad" classname="com.cardatechnologies.utils.validators.abaroutevalidator.Test_AbaRouteValidator_03" time="0.022"/>
  <testcase name="testAbaNumberCheck_3590_bad" classname="com.cardatechnologies.utils.validators.abaroutevalidator.Test_AbaRouteValidator_03" time="0.021"/>
  <testcase name="testAbaNumberCheck_4856_bad" classname="com.cardatechnologies.utils.validators.abaroutevalidator.Test_AbaRouteValidator_03" time="0.021"/>
  <testcase name="testAbaNumberCheck_3592_bad" classname="com.cardatechnologies.utils.validators.abaroutevalidator.Test_AbaRouteValidator_03" time="0.02"/>
  <testcase name="testAbaNumberCheck_4858_bad" classname="com.cardatechnologies.utils.validators.abaroutevalidator.Test_AbaRouteValidator_03" time="0.022"/>
  <testcase name="testAbaNumberCheck_2780_bad" classname="com.cardatechnologies.utils.validators.abaroutevalidator.Test_AbaRouteValidator_03" time="0.028"/>
  <testcase name="testAbaNumberCheck_3594_bad" classname="com.cardatechnologies.utils.validators.abaroutevalidator.Test_AbaRouteValidator_03" time="0.022"/>
  <testcase name="testAbaNumberCheck_2782_bad" classname="com.cardatechnologies.utils.validators.abaroutevalidator.Test_AbaRouteValidator_03" time="0.021"/>
  <testcase name="testAbaNumberCheck_3596_bad" classname="com.cardatechnologies.utils.validators.abaroutevalidator.Test_AbaRouteValidator_03" time="0.021"/>
  <testcase name="testAbaNumberCheck_4111_good" classname="com.cardatechnologies.utils.validators.abaroutevalidator.Test_AbaRouteValidator_03" time="0.021"/>
  <testcase name="testAbaNumberCheck_2784_bad" classname="com.cardatechnologies.utils.validators.abaroutevalidator.Test_AbaRouteValidator_03" time="0.021"/>
  <testcase name="testAbaNumberCheck_3598_bad" classname="com.cardatechnologies.utils.validators.abaroutevalidator.Test_AbaRouteValidator_03" time="0.021"/>
  <testcase name="testAbaNumberCheck_2786_bad" classname="com.cardatechnologies.utils.validators.abaroutevalidator.Test_AbaRouteValidator_03" time="0.02"/>
  <testcase name="testAbaNumberCheck_2788_bad" classname="com.cardatechnologies.utils.validators.abaroutevalidator.Test_AbaRouteValidator_03" time="0.021"/>
  <testcase name="testAbaNumberCheck_4860_bad" classname="com.cardatechnologies.utils.validators.abaroutevalidator.Test_AbaRouteValidator_03" time="0.02"/>
  <testcase name="testAbaNumberCheck_4862_bad" classname="com.cardatechnologies.utils.validators.abaroutevalidator.Test_AbaRouteValidator_03" time="0.021"/>
  <testcase name="testAbaNumberCheck_4864_bad" classname="com.cardatechnologies.utils.validators.abaroutevalidator.Test_AbaRouteValidator_03" time="0.02"/>
  <testcase name="testAbaNumberCheck_4866_bad" classname="com.cardatechnologies.utils.validators.abaroutevalidator.Test_AbaRouteValidator_03" time="0.028"/>
  <testcase name="testAbaNumberCheck_4868_bad" classname="com.cardatechnologies.utils.validators.abaroutevalidator.Test_AbaRouteValidator_03" time="0.025"/>
  <testcase name="testAbaNumberCheck_2790_bad" classname="com.cardatechnologies.utils.validators.abaroutevalidator.Test_AbaRouteValidator_03" time="0.021"/>
  <testcase name="testAbaNumberCheck_2792_bad" classname="com.cardatechnologies.utils.validators.abaroutevalidator.Test_AbaRouteValidator_03" time="0.021"/>
  <testcase name="testAbaNumberCheck_2794_bad" classname="com.cardatechnologies.utils.validators.abaroutevalidator.Test_AbaRouteValidator_03" time="0.021"/>
  <testcase name="testAbaNumberCheck_2796_bad" classname="com.cardatechnologies.utils.validators.abaroutevalidator.Test_AbaRouteValidator_03" time="0.02"/>
  <testcase name="testAbaNumberCheck_4031_good" classname="com.cardatechnologies.utils.validators.abaroutevalidator.Test_AbaRouteValidator_03" time="0.021"/>
  <testcase name="testAbaNumberCheck_2798_bad" classname="com.cardatechnologies.utils.validators.abaroutevalidator.Test_AbaRouteValidator_03" time="0.021"/>
  <testcase name="testAbaNumberCheck_4401_good" classname="com.cardatechnologies.utils.validators.abaroutevalidator.Test_AbaRouteValidator_03" time="0.02"/>
  <testcase name="testAbaNumberCheck_4870_bad" classname="com.cardatechnologies.utils.validators.abaroutevalidator.Test_AbaRouteValidator_03" time="0.022"/>
  <testcase name="testAbaNumberCheck_4872_bad" classname="com.cardatechnologies.utils.validators.abaroutevalidator.Test_AbaRouteValidator_03" time="0.02"/>
  <testcase name="testAbaNumberCheck_4874_bad" classname="com.cardatechnologies.utils.validators.abaroutevalidator.Test_AbaRouteValidator_03" time="0.021"/>
  <testcase name="testAbaNumberCheck_4876_bad" classname="com.cardatechnologies.utils.validators.abaroutevalidator.Test_AbaRouteValidator_03" time="0.024"/>
  <testcase name="testAbaNumberCheck_4878_bad" classname="com.cardatechnologies.utils.validators.abaroutevalidator.Test_AbaRouteValidator_03" time="0.024"/>
  <testcase name="testAbaNumberCheck_4113_good" classname="com.cardatechnologies.utils.validators.abaroutevalidator.Test_AbaRouteValidator_03" time="0.029"/>
  <testcase name="testAbaNumberCheck_3011_good" classname="com.cardatechnologies.utils.validators.abaroutevalidator.Test_AbaRouteValidator_03" time="0.022"/>
  <testcase name="testAbaNumberCheck_4880_bad" classname="com.cardatechnologies.utils.validators.abaroutevalidator.Test_AbaRouteValidator_03" time="0.022"/>
  <testcase name="testAbaNumberCheck_4882_bad" classname="com.cardatechnologies.utils.validators.abaroutevalidator.Test_AbaRouteValidator_03" time="0.021"/>
  <testcase name="testAbaNumberCheck_4321_good" classname="com.cardatechnologies.utils.validators.abaroutevalidator.Test_AbaRouteValidator_03" time="0.021"/>
  <testcase name="testAbaNumberCheck_4884_bad" classname="com.cardatechnologies.utils.validators.abaroutevalidator.Test_AbaRouteValidator_03" time="0.02"/>
  <testcase name="testAbaNumberCheck_4886_bad" classname="com.cardatechnologies.utils.validators.abaroutevalidator.Test_AbaRouteValidator_03" time="0.021"/>
  <testcase name="testAbaNumberCheck_4888_bad" classname="com.cardatechnologies.utils.validators.abaroutevalidator.Test_AbaRouteValidator_03" time="0.021"/>
  <testcase name="testAbaNumberCheck_4033_good" classname="com.cardatechnologies.utils.validators.abaroutevalidator.Test_AbaRouteValidator_03" time="0.022"/>
  <testcase name="testAbaNumberCheck_4403_good" classname="com.cardatechnologies.utils.validators.abaroutevalidator.Test_AbaRouteValidator_03" time="0.02"/>
  <testcase name="testAbaNumberCheck_4890_bad" classname="com.cardatechnologies.utils.validators.abaroutevalidator.Test_AbaRouteValidator_03" time="0.024"/>
  <testcase name="testAbaNumberCheck_4892_bad" classname="com.cardatechnologies.utils.validators.abaroutevalidator.Test_AbaRouteValidator_03" time="0.022"/>
  <testcase name="testAbaNumberCheck_4894_bad" classname="com.cardatechnologies.utils.validators.abaroutevalidator.Test_AbaRouteValidator_03" time="0.021"/>
  <testcase name="testAbaNumberCheck_4896_bad" classname="com.cardatechnologies.utils.validators.abaroutevalidator.Test_AbaRouteValidator_03" time="0.021"/>
  <testcase name="testAbaNumberCheck_4241_good" classname="com.cardatechnologies.utils.validators.abaroutevalidator.Test_AbaRouteValidator_03" time="0.02"/>
  <testcase name="testAbaNumberCheck_3301_good" classname="com.cardatechnologies.utils.validators.abaroutevalidator.Test_AbaRouteValidator_03" time="0.026"/>
  <testcase name="testAbaNumberCheck_4898_bad" classname="com.cardatechnologies.utils.validators.abaroutevalidator.Test_AbaRouteValidator_03" time="0.027"/>
  <testcase name="testAbaNumberCheck_4115_good" classname="com.cardatechnologies.utils.validators.abaroutevalidator.Test_AbaRouteValidator_03" time="0.026"/>
  <testcase name="testAbaNumberCheck_3013_good" classname="com.cardatechnologies.utils.validators.abaroutevalidator.Test_AbaRouteValidator_03" time="0.026"/>
  <testcase name="testAbaNumberCheck_4611_good" classname="com.cardatechnologies.utils.validators.abaroutevalidator.Test_AbaRouteValidator_03" time="0.023"/>
  <testcase name="testAbaNumberCheck_4323_good" classname="com.cardatechnologies.utils.validators.abaroutevalidator.Test_AbaRouteValidator_03" time="0.022"/>
  <testcase name="testAbaNumberCheck_4161_good" classname="com.cardatechnologies.utils.validators.abaroutevalidator.Test_AbaRouteValidator_03" time="0.029"/>
  <testcase name="testAbaNumberCheck_3221_good" classname="com.cardatechnologies.utils.validators.abaroutevalidator.Test_AbaRouteValidator_03" time="0.026"/>
  <testcase name="testAbaNumberCheck_4035_good" classname="com.cardatechnologies.utils.validators.abaroutevalidator.Test_AbaRouteValidator_03" time="0.021"/>
  <testcase name="testAbaNumberCheck_4531_good" classname="com.cardatechnologies.utils.validators.abaroutevalidator.Test_AbaRouteValidator_03" time="0.021"/>
  <testcase name="testAbaNumberCheck_4405_good" classname="com.cardatechnologies.utils.validators.abaroutevalidator.Test_AbaRouteValidator_03" time="0.021"/>
  <testcase name="testAbaNumberCheck_4243_good" classname="com.cardatechnologies.utils.validators.abaroutevalidator.Test_AbaRouteValidator_03" time="0.021"/>
  <testcase name="testAbaNumberCheck_3303_good" classname="com.cardatechnologies.utils.validators.abaroutevalidator.Test_AbaRouteValidator_03" time="0.021"/>
  <testcase name="testAbaNumberCheck_4901_good" classname="com.cardatechnologies.utils.validators.abaroutevalidator.Test_AbaRouteValidator_03" time="0.021"/>
  <testcase name="testAbaNumberCheck_4117_good" classname="com.cardatechnologies.utils.validators.abaroutevalidator.Test_AbaRouteValidator_03" time="0.021"/>
  <testcase name="testAbaNumberCheck_4081_good" classname="com.cardatechnologies.utils.validators.abaroutevalidator.Test_AbaRouteValidator_03" time="0.021"/>
  <testcase name="testAbaNumberCheck_3141_good" classname="com.cardatechnologies.utils.validators.abaroutevalidator.Test_AbaRouteValidator_03" time="0.02"/>
  <testcase name="testAbaNumberCheck_3015_good" classname="com.cardatechnologies.utils.validators.abaroutevalidator.Test_AbaRouteValidator_03" time="0.021"/>
  <testcase name="testAbaNumberCheck_4613_good" classname="com.cardatechnologies.utils.validators.abaroutevalidator.Test_AbaRouteValidator_03" time="0.027"/>
  <testcase name="testAbaNumberCheck_4451_good" classname="com.cardatechnologies.utils.validators.abaroutevalidator.Test_AbaRouteValidator_03" time="0.022"/>
  <testcase name="testAbaNumberCheck_3511_good" classname="com.cardatechnologies.utils.validators.abaroutevalidator.Test_AbaRouteValidator_03" time="0.02"/>
  <testcase name="testAbaNumberCheck_4325_good" classname="com.cardatechnologies.utils.validators.abaroutevalidator.Test_AbaRouteValidator_03" time="0.02"/>
  <testcase name="testAbaNumberCheck_4163_good" classname="com.cardatechnologies.utils.validators.abaroutevalidator.Test_AbaRouteValidator_03" time="0.021"/>
  <testcase name="testAbaNumberCheck_3223_good" classname="com.cardatechnologies.utils.validators.abaroutevalidator.Test_AbaRouteValidator_03" time="0.021"/>
  <testcase name="testAbaNumberCheck_4821_good" classname="com.cardatechnologies.utils.validators.abaroutevalidator.Test_AbaRouteValidator_03" time="0.025"/>
  <testcase name="testAbaNumberCheck_4037_good" classname="com.cardatechnologies.utils.validators.abaroutevalidator.Test_AbaRouteValidator_03" time="0.025"/>
  <testcase name="testAbaNumberCheck_3061_good" classname="com.cardatechnologies.utils.validators.abaroutevalidator.Test_AbaRouteValidator_03" time="0.025"/>
  <testcase name="testAbaNumberCheck_4533_good" classname="com.cardatechnologies.utils.validators.abaroutevalidator.Test_AbaRouteValidator_03" time="0.024"/>
  <testcase name="testAbaNumberCheck_4407_good" classname="com.cardatechnologies.utils.validators.abaroutevalidator.Test_AbaRouteValidator_03" time="0.021"/>
  <testcase name="testAbaNumberCheck_4371_good" classname="com.cardatechnologies.utils.validators.abaroutevalidator.Test_AbaRouteValidator_03" time="0.02"/>
  <testcase name="testAbaNumberCheck_3431_good" classname="com.cardatechnologies.utils.validators.abaroutevalidator.Test_AbaRouteValidator_03" time="0.026"/>
  <testcase name="testAbaNumberCheck_4245_good" classname="com.cardatechnologies.utils.validators.abaroutevalidator.Test_AbaRouteValidator_03" time="0.022"/>
  <testcase name="testAbaNumberCheck_3305_good" classname="com.cardatechnologies.utils.validators.abaroutevalidator.Test_AbaRouteValidator_03" time="0.022"/>
  <testcase name="testAbaNumberCheck_4903_good" classname="com.cardatechnologies.utils.validators.abaroutevalidator.Test_AbaRouteValidator_03" time="0.02"/>
  <testcase name="testAbaNumberCheck_4119_good" classname="com.cardatechnologies.utils.validators.abaroutevalidator.Test_AbaRouteValidator_03" time="0.023"/>
  <testcase name="testAbaNumberCheck_4083_good" classname="com.cardatechnologies.utils.validators.abaroutevalidator.Test_AbaRouteValidator_03" time="0.022"/>
  <testcase name="testAbaNumberCheck_3143_good" classname="com.cardatechnologies.utils.validators.abaroutevalidator.Test_AbaRouteValidator_03" time="0.021"/>
  <testcase name="testAbaNumberCheck_4741_good" classname="com.cardatechnologies.utils.validators.abaroutevalidator.Test_AbaRouteValidator_03" time="0.022"/>
  <testcase name="testAbaNumberCheck_3801_good" classname="com.cardatechnologies.utils.validators.abaroutevalidator.Test_AbaRouteValidator_03" time="0.021"/>
  <testcase name="testAbaNumberCheck_3017_good" classname="com.cardatechnologies.utils.validators.abaroutevalidator.Test_AbaRouteValidator_03" time="0.022"/>
  <testcase name="testAbaNumberCheck_4615_good" classname="com.cardatechnologies.utils.validators.abaroutevalidator.Test_AbaRouteValidator_03" time="0.022"/>
  <testcase name="testAbaNumberCheck_4453_good" classname="com.cardatechnologies.utils.validators.abaroutevalidator.Test_AbaRouteValidator_03" time="0.027"/>
  <testcase name="testAbaNumberCheck_3513_good" classname="com.cardatechnologies.utils.validators.abaroutevalidator.Test_AbaRouteValidator_03" time="0.026"/>
  <testcase name="testAbaNumberCheck_4327_good" classname="com.cardatechnologies.utils.validators.abaroutevalidator.Test_AbaRouteValidator_03" time="0.022"/>
  <testcase name="testAbaNumberCheck_4291_good" classname="com.cardatechnologies.utils.validators.abaroutevalidator.Test_AbaRouteValidator_03" time="0.022"/>
  <testcase name="testAbaNumberCheck_3351_good" classname="com.cardatechnologies.utils.validators.abaroutevalidator.Test_AbaRouteValidator_03" time="0.022"/>
  <testcase name="testAbaNumberCheck_4165_good" classname="com.cardatechnologies.utils.validators.abaroutevalidator.Test_AbaRouteValidator_03" time="0.022"/>
  <testcase name="testAbaNumberCheck_3225_good" classname="com.cardatechnologies.utils.validators.abaroutevalidator.Test_AbaRouteValidator_03" time="0.022"/>
  <testcase name="testAbaNumberCheck_4823_good" classname="com.cardatechnologies.utils.validators.abaroutevalidator.Test_AbaRouteValidator_03" time="0.023"/>
  <testcase name="testAbaNumberCheck_4039_good" classname="com.cardatechnologies.utils.validators.abaroutevalidator.Test_AbaRouteValidator_03" time="0.021"/>
  <testcase name="testAbaNumberCheck_3063_good" classname="com.cardatechnologies.utils.validators.abaroutevalidator.Test_AbaRouteValidator_03" time="0.022"/>
  <testcase name="testAbaNumberCheck_4661_good" classname="com.cardatechnologies.utils.validators.abaroutevalidator.Test_AbaRouteValidator_03" time="0.027"/>
  <testcase name="testAbaNumberCheck_3721_good" classname="com.cardatechnologies.utils.validators.abaroutevalidator.Test_AbaRouteValidator_03" time="0.021"/>
  <testcase name="testAbaNumberCheck_4535_good" classname="com.cardatechnologies.utils.validators.abaroutevalidator.Test_AbaRouteValidator_03" time="0.031"/>
  <testcase name="testAbaNumberCheck_4409_good" classname="com.cardatechnologies.utils.validators.abaroutevalidator.Test_AbaRouteValidator_03" time="0.023"/>
  <testcase name="testAbaNumberCheck_4373_good" classname="com.cardatechnologies.utils.validators.abaroutevalidator.Test_AbaRouteValidator_03" time="0.022"/>
  <testcase name="testAbaNumberCheck_3433_good" classname="com.cardatechnologies.utils.validators.abaroutevalidator.Test_AbaRouteValidator_03" time="0.022"/>
  <testcase name="testAbaNumberCheck_4247_good" classname="com.cardatechnologies.utils.validators.abaroutevalidator.Test_AbaRouteValidator_03" time="0.022"/>
  <testcase name="testAbaNumberCheck_3307_good" classname="com.cardatechnologies.utils.validators.abaroutevalidator.Test_AbaRouteValidator_03" time="0.023"/>
  <testcase name="testAbaNumberCheck_4905_good" classname="com.cardatechnologies.utils.validators.abaroutevalidator.Test_AbaRouteValidator_03" time="0.023"/>
  <testcase name="testAbaNumberCheck_3271_good" classname="com.cardatechnologies.utils.validators.abaroutevalidator.Test_AbaRouteValidator_03" time="0.021"/>
  <testcase name="testAbaNumberCheck_4085_good" classname="com.cardatechnologies.utils.validators.abaroutevalidator.Test_AbaRouteValidator_03" time="0.021"/>
  <testcase name="testAbaNumberCheck_3145_good" classname="com.cardatechnologies.utils.validators.abaroutevalidator.Test_AbaRouteValidator_03" time="0.022"/>
  <testcase name="testAbaNumberCheck_4743_good" classname="com.cardatechnologies.utils.validators.abaroutevalidator.Test_AbaRouteValidator_03" time="0.021"/>
  <testcase name="testAbaNumberCheck_3803_good" classname="com.cardatechnologies.utils.validators.abaroutevalidator.Test_AbaRouteValidator_03" time="0.025"/>
  <testcase name="testAbaNumberCheck_3019_good" classname="com.cardatechnologies.utils.validators.abaroutevalidator.Test_AbaRouteValidator_03" time="0.023"/>
  <testcase name="testAbaNumberCheck_4617_good" classname="com.cardatechnologies.utils.validators.abaroutevalidator.Test_AbaRouteValidator_03" time="0.021"/>
  <testcase name="testAbaNumberCheck_4581_good" classname="com.cardatechnologies.utils.validators.abaroutevalidator.Test_AbaRouteValidator_03" time="0.022"/>
  <testcase name="testAbaNumberCheck_3641_good" classname="com.cardatechnologies.utils.validators.abaroutevalidator.Test_AbaRouteValidator_03" time="0.022"/>
  <testcase name="testAbaNumberCheck_2701_good" classname="com.cardatechnologies.utils.validators.abaroutevalidator.Test_AbaRouteValidator_03" time="0.02"/>
  <testcase name="testAbaNumberCheck_4455_good" classname="com.cardatechnologies.utils.validators.abaroutevalidator.Test_AbaRouteValidator_03" time="0.02"/>
  <testcase name="testAbaNumberCheck_3515_good" classname="com.cardatechnologies.utils.validators.abaroutevalidator.Test_AbaRouteValidator_03" time="0.021"/>
  <testcase name="testAbaNumberCheck_4329_good" classname="com.cardatechnologies.utils.validators.abaroutevalidator.Test_AbaRouteValidator_03" time="0.021"/>
  <testcase name="testAbaNumberCheck_4293_good" classname="com.cardatechnologies.utils.validators.abaroutevalidator.Test_AbaRouteValidator_03" time="0.021"/>
  <testcase name="testAbaNumberCheck_3353_good" classname="com.cardatechnologies.utils.validators.abaroutevalidator.Test_AbaRouteValidator_03" time="0.021"/>
  <testcase name="testAbaNumberCheck_4951_good" classname="com.cardatechnologies.utils.validators.abaroutevalidator.Test_AbaRouteValidator_03" time="0.021"/>
  <testcase name="testAbaNumberCheck_4167_good" classname="com.cardatechnologies.utils.validators.abaroutevalidator.Test_AbaRouteValidator_03" time="0.021"/>
  <testcase name="testAbaNumberCheck_3227_good" classname="com.cardatechnologies.utils.validators.abaroutevalidator.Test_AbaRouteValidator_03" time="0.03"/>
  <testcase name="testAbaNumberCheck_4825_good" classname="com.cardatechnologies.utils.validators.abaroutevalidator.Test_AbaRouteValidator_03" time="0.024"/>
  <testcase name="testAbaNumberCheck_3191_good" classname="com.cardatechnologies.utils.validators.abaroutevalidator.Test_AbaRouteValidator_03" time="0.025"/>
  <testcase name="testAbaNumberCheck_3065_good" classname="com.cardatechnologies.utils.validators.abaroutevalidator.Test_AbaRouteValidator_03" time="0.024"/>
  <testcase name="testAbaNumberCheck_4663_good" classname="com.cardatechnologies.utils.validators.abaroutevalidator.Test_AbaRouteValidator_03" time="0.023"/>
  <testcase name="testAbaNumberCheck_3723_good" classname="com.cardatechnologies.utils.validators.abaroutevalidator.Test_AbaRouteValidator_03" time="0.021"/>
  <testcase name="testAbaNumberCheck_4537_good" classname="com.cardatechnologies.utils.validators.abaroutevalidator.Test_AbaRouteValidator_03" time="0.022"/>
  <testcase name="testAbaNumberCheck_3561_good" classname="com.cardatechnologies.utils.validators.abaroutevalidator.Test_AbaRouteValidator_03" time="0.022"/>
  <testcase name="testAbaNumberCheck_2621_good" classname="com.cardatechnologies.utils.validators.abaroutevalidator.Test_AbaRouteValidator_03" time="0.022"/>
  <testcase name="testAbaNumberCheck_4375_good" classname="com.cardatechnologies.utils.validators.abaroutevalidator.Test_AbaRouteValidator_03" time="0.022"/>
  <testcase name="testAbaNumberCheck_3435_good" classname="com.cardatechnologies.utils.validators.abaroutevalidator.Test_AbaRouteValidator_03" time="0.022"/>
  <testcase name="testAbaNumberCheck_4249_good" classname="com.cardatechnologies.utils.validators.abaroutevalidator.Test_AbaRouteValidator_03" time="0.032"/>
  <testcase name="testAbaNumberCheck_3309_good" classname="com.cardatechnologies.utils.validators.abaroutevalidator.Test_AbaRouteValidator_03" time="0.022"/>
  <testcase name="testAbaNumberCheck_4907_good" classname="com.cardatechnologies.utils.validators.abaroutevalidator.Test_AbaRouteValidator_03" time="0.022"/>
  <testcase name="testAbaNumberCheck_3273_good" classname="com.cardatechnologies.utils.validators.abaroutevalidator.Test_AbaRouteValidator_03" time="0.022"/>
  <testcase name="testAbaNumberCheck_4871_good" classname="com.cardatechnologies.utils.validators.abaroutevalidator.Test_AbaRouteValidator_03" time="0.023"/>
  <testcase name="testAbaNumberCheck_3931_good" classname="com.cardatechnologies.utils.validators.abaroutevalidator.Test_AbaRouteValidator_03" time="0.022"/>
  <testcase name="testAbaNumberCheck_4087_good" classname="com.cardatechnologies.utils.validators.abaroutevalidator.Test_AbaRouteValidator_03" time="0.022"/>
  <testcase name="testAbaNumberCheck_3147_good" classname="com.cardatechnologies.utils.validators.abaroutevalidator.Test_AbaRouteValidator_03" time="0.021"/>
  <testcase name="testAbaNumberCheck_4745_good" classname="com.cardatechnologies.utils.validators.abaroutevalidator.Test_AbaRouteValidator_03" time="0.021"/>
  <testcase name="testAbaNumberCheck_3805_good" classname="com.cardatechnologies.utils.validators.abaroutevalidator.Test_AbaRouteValidator_03" time="0.023"/>
  <testcase name="testAbaNumberCheck_4619_good" classname="com.cardatechnologies.utils.validators.abaroutevalidator.Test_AbaRouteValidator_03" time="0.021"/>
  <testcase name="testAbaNumberCheck_4583_good" classname="com.cardatechnologies.utils.validators.abaroutevalidator.Test_AbaRouteValidator_03" time="0.029"/>
  <testcase name="testAbaNumberCheck_3643_good" classname="com.cardatechnologies.utils.validators.abaroutevalidator.Test_AbaRouteValidator_03" time="0.023"/>
  <testcase name="testAbaNumberCheck_2703_good" classname="com.cardatechnologies.utils.validators.abaroutevalidator.Test_AbaRouteValidator_03" time="0.022"/>
  <testcase name="testAbaNumberCheck_4457_good" classname="com.cardatechnologies.utils.validators.abaroutevalidator.Test_AbaRouteValidator_03" time="0.023"/>
  <testcase name="testAbaNumberCheck_3517_good" classname="com.cardatechnologies.utils.validators.abaroutevalidator.Test_AbaRouteValidator_03" time="0.021"/>
  <testcase name="testAbaNumberCheck_3481_good" classname="com.cardatechnologies.utils.validators.abaroutevalidator.Test_AbaRouteValidator_03" time="0.021"/>
  <testcase name="testAbaNumberCheck_2541_good" classname="com.cardatechnologies.utils.validators.abaroutevalidator.Test_AbaRouteValidator_03" time="0.021"/>
  <testcase name="testAbaNumberCheck_4295_good" classname="com.cardatechnologies.utils.validators.abaroutevalidator.Test_AbaRouteValidator_03" time="0.023"/>
  <testcase name="testAbaNumberCheck_3355_good" classname="com.cardatechnologies.utils.validators.abaroutevalidator.Test_AbaRouteValidator_03" time="0.021"/>
  <testcase name="testAbaNumberCheck_4953_good" classname="com.cardatechnologies.utils.validators.abaroutevalidator.Test_AbaRouteValidator_03" time="0.02"/>
  <testcase name="testAbaNumberCheck_4169_good" classname="com.cardatechnologies.utils.validators.abaroutevalidator.Test_AbaRouteValidator_03" time="0.022"/>
  <testcase name="testAbaNumberCheck_3229_good" classname="com.cardatechnologies.utils.validators.abaroutevalidator.Test_AbaRouteValidator_03" time="0.026"/>
  <testcase name="testAbaNumberCheck_4827_good" classname="com.cardatechnologies.utils.validators.abaroutevalidator.Test_AbaRouteValidator_03" time="0.028"/>
  <testcase name="testAbaNumberCheck_3193_good" classname="com.cardatechnologies.utils.validators.abaroutevalidator.Test_AbaRouteValidator_03" time="0.021"/>
  <testcase name="testAbaNumberCheck_4791_good" classname="com.cardatechnologies.utils.validators.abaroutevalidator.Test_AbaRouteValidator_03" time="0.021"/>
  <testcase name="testAbaNumberCheck_3851_good" classname="com.cardatechnologies.utils.validators.abaroutevalidator.Test_AbaRouteValidator_03" time="0.022"/>
  <testcase name="testAbaNumberCheck_2911_good" classname="com.cardatechnologies.utils.validators.abaroutevalidator.Test_AbaRouteValidator_03" time="0.021"/>
  <testcase name="testAbaNumberCheck_3067_good" classname="com.cardatechnologies.utils.validators.abaroutevalidator.Test_AbaRouteValidator_03" time="0.021"/>
  <testcase name="testAbaNumberCheck_4665_good" classname="com.cardatechnologies.utils.validators.abaroutevalidator.Test_AbaRouteValidator_03" time="0.021"/>
  <testcase name="testAbaNumberCheck_3725_good" classname="com.cardatechnologies.utils.validators.abaroutevalidator.Test_AbaRouteValidator_03" time="0.022"/>
  <testcase name="testAbaNumberCheck_4539_good" classname="com.cardatechnologies.utils.validators.abaroutevalidator.Test_AbaRouteValidator_03" time="0.021"/>
  <testcase name="testAbaNumberCheck_3563_good" classname="com.cardatechnologies.utils.validators.abaroutevalidator.Test_AbaRouteValidator_03" time="0.02"/>
  <testcase name="testAbaNumberCheck_2623_good" classname="com.cardatechnologies.utils.validators.abaroutevalidator.Test_AbaRouteValidator_03" time="0.021"/>
  <testcase name="testAbaNumberCheck_4377_good" classname="com.cardatechnologies.utils.validators.abaroutevalidator.Test_AbaRouteValidator_03" time="0.029"/>
  <testcase name="testAbaNumberCheck_3437_good" classname="com.cardatechnologies.utils.validators.abaroutevalidator.Test_AbaRouteValidator_03" time="0.027"/>
  <testcase name="testAbaNumberCheck_4909_good" classname="com.cardatechnologies.utils.validators.abaroutevalidator.Test_AbaRouteValidator_03" time="0.023"/>
  <testcase name="testAbaNumberCheck_3275_good" classname="com.cardatechnologies.utils.validators.abaroutevalidator.Test_AbaRouteValidator_03" time="0.021"/>
  <testcase name="testAbaNumberCheck_4873_good" classname="com.cardatechnologies.utils.validators.abaroutevalidator.Test_AbaRouteValidator_03" time="0.02"/>
  <testcase name="testAbaNumberCheck_3933_good" classname="com.cardatechnologies.utils.validators.abaroutevalidator.Test_AbaRouteValidator_03" time="0.021"/>
  <testcase name="testAbaNumberCheck_4089_good" classname="com.cardatechnologies.utils.validators.abaroutevalidator.Test_AbaRouteValidator_03" time="0.02"/>
  <testcase name="testAbaNumberCheck_3149_good" classname="com.cardatechnologies.utils.validators.abaroutevalidator.Test_AbaRouteValidator_03" time="0.02"/>
  <testcase name="testAbaNumberCheck_4747_good" classname="com.cardatechnologies.utils.validators.abaroutevalidator.Test_AbaRouteValidator_03" time="0.02"/>
  <testcase name="testAbaNumberCheck_3807_good" classname="com.cardatechnologies.utils.validators.abaroutevalidator.Test_AbaRouteValidator_03" time="0.021"/>
  <testcase name="testAbaNumberCheck_3771_good" classname="com.cardatechnologies.utils.validators.abaroutevalidator.Test_AbaRouteValidator_03" time="0.021"/>
  <testcase name="testAbaNumberCheck_2831_good" classname="com.cardatechnologies.utils.validators.abaroutevalidator.Test_AbaRouteValidator_03" time="0.021"/>
  <testcase name="testAbaNumberCheck_4585_good" classname="com.cardatechnologies.utils.validators.abaroutevalidator.Test_AbaRouteValidator_03" time="0.02"/>
  <testcase name="testAbaNumberCheck_3645_good" classname="com.cardatechnologies.utils.validators.abaroutevalidator.Test_AbaRouteValidator_03" time="0.028"/>
  <testcase name="testAbaNumberCheck_2705_good" classname="com.cardatechnologies.utils.validators.abaroutevalidator.Test_AbaRouteValidator_03" time="0.021"/>
  <testcase name="testAbaNumberCheck_4459_good" classname="com.cardatechnologies.utils.validators.abaroutevalidator.Test_AbaRouteValidator_03" time="0.021"/>
  <testcase name="testAbaNumberCheck_3519_good" classname="com.cardatechnologies.utils.validators.abaroutevalidator.Test_AbaRouteValidator_03" time="0.021"/>
  <testcase name="testAbaNumberCheck_3483_good" classname="com.cardatechnologies.utils.validators.abaroutevalidator.Test_AbaRouteValidator_03" time="0.021"/>
  <testcase name="testAbaNumberCheck_2543_good" classname="com.cardatechnologies.utils.validators.abaroutevalidator.Test_AbaRouteValidator_03" time="0.022"/>
  <testcase name="testAbaNumberCheck_4297_good" classname="com.cardatechnologies.utils.validators.abaroutevalidator.Test_AbaRouteValidator_03" time="0.02"/>
  <testcase name="testAbaNumberCheck_3357_good" classname="com.cardatechnologies.utils.validators.abaroutevalidator.Test_AbaRouteValidator_03" time="0.021"/>
  <testcase name="testAbaNumberCheck_4955_good" classname="com.cardatechnologies.utils.validators.abaroutevalidator.Test_AbaRouteValidator_03" time="0.02"/>
  <testcase name="testAbaNumberCheck_4829_good" classname="com.cardatechnologies.utils.validators.abaroutevalidator.Test_AbaRouteValidator_03" time="0.021"/>
  <testcase name="testAbaNumberCheck_3195_good" classname="com.cardatechnologies.utils.validators.abaroutevalidator.Test_AbaRouteValidator_03" time="0.021"/>
  <testcase name="testAbaNumberCheck_4793_good" classname="com.cardatechnologies.utils.validators.abaroutevalidator.Test_AbaRouteValidator_03" time="0.021"/>
  <testcase name="testAbaNumberCheck_3853_good" classname="com.cardatechnologies.utils.validators.abaroutevalidator.Test_AbaRouteValidator_03" time="0.02"/>
  <testcase name="testAbaNumberCheck_2913_good" classname="com.cardatechnologies.utils.validators.abaroutevalidator.Test_AbaRouteValidator_03" time="0.032"/>
  <testcase name="testAbaNumberCheck_3069_good" classname="com.cardatechnologies.utils.validators.abaroutevalidator.Test_AbaRouteValidator_03" time="0.027"/>
  <testcase name="testAbaNumberCheck_4667_good" classname="com.cardatechnologies.utils.validators.abaroutevalidator.Test_AbaRouteValidator_03" time="0.027"/>
  <testcase name="testAbaNumberCheck_3727_good" classname="com.cardatechnologies.utils.validators.abaroutevalidator.Test_AbaRouteValidator_03" time="0.026"/>
  <testcase name="testAbaNumberCheck_3691_good" classname="com.cardatechnologies.utils.validators.abaroutevalidator.Test_AbaRouteValidator_03" time="0.025"/>
  <testcase name="testAbaNumberCheck_2751_good" classname="com.cardatechnologies.utils.validators.abaroutevalidator.Test_AbaRouteValidator_03" time="0.021"/>
  <testcase name="testAbaNumberCheck_3565_good" classname="com.cardatechnologies.utils.validators.abaroutevalidator.Test_AbaRouteValidator_03" time="0.02"/>
  <testcase name="testAbaNumberCheck_2625_good" classname="com.cardatechnologies.utils.validators.abaroutevalidator.Test_AbaRouteValidator_03" time="0.022"/>
  <testcase name="testAbaNumberCheck_4379_good" classname="com.cardatechnologies.utils.validators.abaroutevalidator.Test_AbaRouteValidator_03" time="0.022"/>
  <testcase name="testAbaNumberCheck_3439_good" classname="com.cardatechnologies.utils.validators.abaroutevalidator.Test_AbaRouteValidator_03" time="0.022"/>
  <testcase name="testAbaNumberCheck_3277_good" classname="com.cardatechnologies.utils.validators.abaroutevalidator.Test_AbaRouteValidator_03" time="0.031"/>
  <testcase name="testAbaNumberCheck_4875_good" classname="com.cardatechnologies.utils.validators.abaroutevalidator.Test_AbaRouteValidator_03" time="0.021"/>
  <testcase name="testAbaNumberCheck_3935_good" classname="com.cardatechnologies.utils.validators.abaroutevalidator.Test_AbaRouteValidator_03" time="0.022"/>
  <testcase name="testAbaNumberCheck_4749_good" classname="com.cardatechnologies.utils.validators.abaroutevalidator.Test_AbaRouteValidator_03" time="0.021"/>
  <testcase name="testAbaNumberCheck_3809_good" classname="com.cardatechnologies.utils.validators.abaroutevalidator.Test_AbaRouteValidator_03" time="0.021"/>
  <testcase name="testAbaNumberCheck_3773_good" classname="com.cardatechnologies.utils.validators.abaroutevalidator.Test_AbaRouteValidator_03" time="0.023"/>
  <testcase name="testAbaNumberCheck_2833_good" classname="com.cardatechnologies.utils.validators.abaroutevalidator.Test_AbaRouteValidator_03" time="0.022"/>
  <testcase name="testAbaNumberCheck_4587_good" classname="com.cardatechnologies.utils.validators.abaroutevalidator.Test_AbaRouteValidator_03" time="0.023"/>
  <testcase name="testAbaNumberCheck_3647_good" classname="com.cardatechnologies.utils.validators.abaroutevalidator.Test_AbaRouteValidator_03" time="0.021"/>
  <testcase name="testAbaNumberCheck_2707_good" classname="com.cardatechnologies.utils.validators.abaroutevalidator.Test_AbaRouteValidator_03" time="0.022"/>
  <testcase name="testAbaNumberCheck_2671_good" classname="com.cardatechnologies.utils.validators.abaroutevalidator.Test_AbaRouteValidator_03" time="0.022"/>
  <testcase name="testAbaNumberCheck_3485_good" classname="com.cardatechnologies.utils.validators.abaroutevalidator.Test_AbaRouteValidator_03" time="0.02"/>
  <testcase name="testAbaNumberCheck_2545_good" classname="com.cardatechnologies.utils.validators.abaroutevalidator.Test_AbaRouteValidator_03" time="0.031"/>
  <testcase name="testAbaNumberCheck_3100_bad" classname="com.cardatechnologies.utils.validators.abaroutevalidator.Test_AbaRouteValidator_03" time="0.025"/>
  <testcase name="testAbaNumberCheck_4299_good" classname="com.cardatechnologies.utils.validators.abaroutevalidator.Test_AbaRouteValidator_03" time="0.021"/>
  <testcase name="testAbaNumberCheck_3359_good" classname="com.cardatechnologies.utils.validators.abaroutevalidator.Test_AbaRouteValidator_03" time="0.02"/>
  <testcase name="testAbaNumberCheck_3102_bad" classname="com.cardatechnologies.utils.validators.abaroutevalidator.Test_AbaRouteValidator_03" time="0.021"/>
  <testcase name="testAbaNumberCheck_4957_good" classname="com.cardatechnologies.utils.validators.abaroutevalidator.Test_AbaRouteValidator_03" time="0.021"/>
  <testcase name="testAbaNumberCheck_3104_bad" classname="com.cardatechnologies.utils.validators.abaroutevalidator.Test_AbaRouteValidator_03" time="0.02"/>
  <testcase name="testAbaNumberCheck_3106_bad" classname="com.cardatechnologies.utils.validators.abaroutevalidator.Test_AbaRouteValidator_03" time="0.021"/>
  <testcase name="testAbaNumberCheck_3981_good" classname="com.cardatechnologies.utils.validators.abaroutevalidator.Test_AbaRouteValidator_03" time="0.02"/>
  <testcase name="testAbaNumberCheck_3108_bad" classname="com.cardatechnologies.utils.validators.abaroutevalidator.Test_AbaRouteValidator_03" time="0.021"/>
  <testcase name="testAbaNumberCheck_3197_good" classname="com.cardatechnologies.utils.validators.abaroutevalidator.Test_AbaRouteValidator_03" time="0.021"/>
  <testcase name="testAbaNumberCheck_4795_good" classname="com.cardatechnologies.utils.validators.abaroutevalidator.Test_AbaRouteValidator_03" time="0.029"/>
  <testcase name="testAbaNumberCheck_3855_good" classname="com.cardatechnologies.utils.validators.abaroutevalidator.Test_AbaRouteValidator_03" time="0.02"/>
  <testcase name="testAbaNumberCheck_2915_good" classname="com.cardatechnologies.utils.validators.abaroutevalidator.Test_AbaRouteValidator_03" time="0.021"/>
  <testcase name="testAbaNumberCheck_4669_good" classname="com.cardatechnologies.utils.validators.abaroutevalidator.Test_AbaRouteValidator_03" time="0.024"/>
  <testcase name="testAbaNumberCheck_3729_good" classname="com.cardatechnologies.utils.validators.abaroutevalidator.Test_AbaRouteValidator_03" time="0.025"/>
  <testcase name="testAbaNumberCheck_3693_good" classname="com.cardatechnologies.utils.validators.abaroutevalidator.Test_AbaRouteValidator_03" time="0.027"/>
  <testcase name="testAbaNumberCheck_2753_good" classname="com.cardatechnologies.utils.validators.abaroutevalidator.Test_AbaRouteValidator_03" time="0.031"/>
  <testcase name="testAbaNumberCheck_3567_good" classname="com.cardatechnologies.utils.validators.abaroutevalidator.Test_AbaRouteValidator_03" time="0.027"/>
  <testcase name="testAbaNumberCheck_2627_good" classname="com.cardatechnologies.utils.validators.abaroutevalidator.Test_AbaRouteValidator_03" time="0.024"/>
  <testcase name="testAbaNumberCheck_2591_good" classname="com.cardatechnologies.utils.validators.abaroutevalidator.Test_AbaRouteValidator_03" time="0.022"/>
  <testcase name="testAbaNumberCheck_3110_bad" classname="com.cardatechnologies.utils.validators.abaroutevalidator.Test_AbaRouteValidator_03" time="0.022"/>
  <testcase name="testAbaNumberCheck_3112_bad" classname="com.cardatechnologies.utils.validators.abaroutevalidator.Test_AbaRouteValidator_03" time="0.022"/>
  <testcase name="testAbaNumberCheck_3114_bad" classname="com.cardatechnologies.utils.validators.abaroutevalidator.Test_AbaRouteValidator_03" time="0.04"/>
  <testcase name="testAbaNumberCheck_3279_good" classname="com.cardatechnologies.utils.validators.abaroutevalidator.Test_AbaRouteValidator_03" time="0.022"/>
  <testcase name="testAbaNumberCheck_3116_bad" classname="com.cardatechnologies.utils.validators.abaroutevalidator.Test_AbaRouteValidator_03" time="0.022"/>
  <testcase name="testAbaNumberCheck_4877_good" classname="com.cardatechnologies.utils.validators.abaroutevalidator.Test_AbaRouteValidator_03" time="0.021"/>
  <testcase name="testAbaNumberCheck_3937_good" classname="com.cardatechnologies.utils.validators.abaroutevalidator.Test_AbaRouteValidator_03" time="0.021"/>
  <testcase name="testAbaNumberCheck_3118_bad" classname="com.cardatechnologies.utils.validators.abaroutevalidator.Test_AbaRouteValidator_03" time="0.021"/>
  <testcase name="testAbaNumberCheck_2961_good" classname="com.cardatechnologies.utils.validators.abaroutevalidator.Test_AbaRouteValidator_03" time="0.021"/>
  <testcase name="testAbaNumberCheck_3775_good" classname="com.cardatechnologies.utils.validators.abaroutevalidator.Test_AbaRouteValidator_03" time="0.025"/>
  <testcase name="testAbaNumberCheck_2835_good" classname="com.cardatechnologies.utils.validators.abaroutevalidator.Test_AbaRouteValidator_03" time="0.025"/>
  <testcase name="testAbaNumberCheck_4589_good" classname="com.cardatechnologies.utils.validators.abaroutevalidator.Test_AbaRouteValidator_03" time="0.032"/>
  <testcase name="testAbaNumberCheck_3649_good" classname="com.cardatechnologies.utils.validators.abaroutevalidator.Test_AbaRouteValidator_03" time="0.024"/>
  <testcase name="testAbaNumberCheck_2709_good" classname="com.cardatechnologies.utils.validators.abaroutevalidator.Test_AbaRouteValidator_03" time="0.026"/>
  <testcase name="testAbaNumberCheck_2673_good" classname="com.cardatechnologies.utils.validators.abaroutevalidator.Test_AbaRouteValidator_03" time="0.027"/>
  <testcase name="testAbaNumberCheck_3487_good" classname="com.cardatechnologies.utils.validators.abaroutevalidator.Test_AbaRouteValidator_03" time="0.026"/>
  <testcase name="testAbaNumberCheck_2547_good" classname="com.cardatechnologies.utils.validators.abaroutevalidator.Test_AbaRouteValidator_03" time="0.025"/>
  <testcase name="testAbaNumberCheck_3120_bad" classname="com.cardatechnologies.utils.validators.abaroutevalidator.Test_AbaRouteValidator_03" time="0.022"/>
  <testcase name="testAbaNumberCheck_3122_bad" classname="com.cardatechnologies.utils.validators.abaroutevalidator.Test_AbaRouteValidator_03" time="0.022"/>
  <testcase name="testAbaNumberCheck_4959_good" classname="com.cardatechnologies.utils.validators.abaroutevalidator.Test_AbaRouteValidator_03" time="0.021"/>
  <testcase name="testAbaNumberCheck_3124_bad" classname="com.cardatechnologies.utils.validators.abaroutevalidator.Test_AbaRouteValidator_03" time="0.022"/>
  <testcase name="testAbaNumberCheck_3126_bad" classname="com.cardatechnologies.utils.validators.abaroutevalidator.Test_AbaRouteValidator_03" time="0.023"/>
  <testcase name="testAbaNumberCheck_3983_good" classname="com.cardatechnologies.utils.validators.abaroutevalidator.Test_AbaRouteValidator_03" time="0.021"/>
  <testcase name="testAbaNumberCheck_3128_bad" classname="com.cardatechnologies.utils.validators.abaroutevalidator.Test_AbaRouteValidator_03" time="0.025"/>
  <testcase name="testAbaNumberCheck_3199_good" classname="com.cardatechnologies.utils.validators.abaroutevalidator.Test_AbaRouteValidator_03" time="0.037"/>
  <testcase name="testAbaNumberCheck_4797_good" classname="com.cardatechnologies.utils.validators.abaroutevalidator.Test_AbaRouteValidator_03" time="0.024"/>
  <testcase name="testAbaNumberCheck_3857_good" classname="com.cardatechnologies.utils.validators.abaroutevalidator.Test_AbaRouteValidator_03" time="0.021"/>
  <testcase name="testAbaNumberCheck_2917_good" classname="com.cardatechnologies.utils.validators.abaroutevalidator.Test_AbaRouteValidator_03" time="0.021"/>
  <testcase name="testAbaNumberCheck_2881_good" classname="com.cardatechnologies.utils.validators.abaroutevalidator.Test_AbaRouteValidator_03" time="0.022"/>
  <testcase name="testAbaNumberCheck_3695_good" classname="com.cardatechnologies.utils.validators.abaroutevalidator.Test_AbaRouteValidator_03" time="0.02"/>
  <testcase name="testAbaNumberCheck_2755_good" classname="com.cardatechnologies.utils.validators.abaroutevalidator.Test_AbaRouteValidator_03" time="0.022"/>
  <testcase name="testAbaNumberCheck_3569_good" classname="com.cardatechnologies.utils.validators.abaroutevalidator.Test_AbaRouteValidator_03" time="0.02"/>
  <testcase name="testAbaNumberCheck_2629_good" classname="com.cardatechnologies.utils.validators.abaroutevalidator.Test_AbaRouteValidator_03" time="0.021"/>
  <testcase name="testAbaNumberCheck_2593_good" classname="com.cardatechnologies.utils.validators.abaroutevalidator.Test_AbaRouteValidator_03" time="0.026"/>
  <testcase name="testAbaNumberCheck_3130_bad" classname="com.cardatechnologies.utils.validators.abaroutevalidator.Test_AbaRouteValidator_03" time="0.022"/>
  <testcase name="testAbaNumberCheck_3132_bad" classname="com.cardatechnologies.utils.validators.abaroutevalidator.Test_AbaRouteValidator_03" time="0.021"/>
  <testcase name="testAbaNumberCheck_3134_bad" classname="com.cardatechnologies.utils.validators.abaroutevalidator.Test_AbaRouteValidator_03" time="0.021"/>
  <testcase name="testAbaNumberCheck_3136_bad" classname="com.cardatechnologies.utils.validators.abaroutevalidator.Test_AbaRouteValidator_03" time="0.021"/>
  <testcase name="testAbaNumberCheck_4879_good" classname="com.cardatechnologies.utils.validators.abaroutevalidator.Test_AbaRouteValidator_03" time="0.021"/>
  <testcase name="testAbaNumberCheck_3939_good" classname="com.cardatechnologies.utils.validators.abaroutevalidator.Test_AbaRouteValidator_03" time="0.021"/>
  <testcase name="testAbaNumberCheck_3138_bad" classname="com.cardatechnologies.utils.validators.abaroutevalidator.Test_AbaRouteValidator_03" time="0.02"/>
  <testcase name="testAbaNumberCheck_2963_good" classname="com.cardatechnologies.utils.validators.abaroutevalidator.Test_AbaRouteValidator_03" time="0.021"/>
  <testcase name="testAbaNumberCheck_3777_good" classname="com.cardatechnologies.utils.validators.abaroutevalidator.Test_AbaRouteValidator_03" time="0.02"/>
  <testcase name="testAbaNumberCheck_2837_good" classname="com.cardatechnologies.utils.validators.abaroutevalidator.Test_AbaRouteValidator_03" time="0.02"/>
  <testcase name="testAbaNumberCheck_2675_good" classname="com.cardatechnologies.utils.validators.abaroutevalidator.Test_AbaRouteValidator_03" time="0.021"/>
  <testcase name="testAbaNumberCheck_4400_bad" classname="com.cardatechnologies.utils.validators.abaroutevalidator.Test_AbaRouteValidator_03" time="0.021"/>
  <testcase name="testAbaNumberCheck_3489_good" classname="com.cardatechnologies.utils.validators.abaroutevalidator.Test_AbaRouteValidator_03" time="0.021"/>
  <testcase name="testAbaNumberCheck_2549_good" classname="com.cardatechnologies.utils.validators.abaroutevalidator.Test_AbaRouteValidator_03" time="0.021"/>
  <testcase name="testAbaNumberCheck_4402_bad" classname="com.cardatechnologies.utils.validators.abaroutevalidator.Test_AbaRouteValidator_03" time="0.031"/>
  <testcase name="testAbaNumberCheck_4404_bad" classname="com.cardatechnologies.utils.validators.abaroutevalidator.Test_AbaRouteValidator_03" time="0.021"/>
  <testcase name="testAbaNumberCheck_3140_bad" classname="com.cardatechnologies.utils.validators.abaroutevalidator.Test_AbaRouteValidator_03" time="0.022"/>
  <testcase name="testAbaNumberCheck_4406_bad" classname="com.cardatechnologies.utils.validators.abaroutevalidator.Test_AbaRouteValidator_03" time="0.021"/>
  <testcase name="testAbaNumberCheck_3142_bad" classname="com.cardatechnologies.utils.validators.abaroutevalidator.Test_AbaRouteValidator_03" time="0.021"/>
  <testcase name="testAbaNumberCheck_4408_bad" classname="com.cardatechnologies.utils.validators.abaroutevalidator.Test_AbaRouteValidator_03" time="0.023"/>
  <testcase name="testAbaNumberCheck_3144_bad" classname="com.cardatechnologies.utils.validators.abaroutevalidator.Test_AbaRouteValidator_03" time="0.026"/>
  <testcase name="testAbaNumberCheck_3146_bad" classname="com.cardatechnologies.utils.validators.abaroutevalidator.Test_AbaRouteValidator_03" time="0.025"/>
  <testcase name="testAbaNumberCheck_3985_good" classname="com.cardatechnologies.utils.validators.abaroutevalidator.Test_AbaRouteValidator_03" time="0.022"/>
  <testcase name="testAbaNumberCheck_3148_bad" classname="com.cardatechnologies.utils.validators.abaroutevalidator.Test_AbaRouteValidator_03" time="0.033"/>
  <testcase name="testAbaNumberCheck_4799_good" classname="com.cardatechnologies.utils.validators.abaroutevalidator.Test_AbaRouteValidator_03" time="0.021"/>
  <testcase name="testAbaNumberCheck_3859_good" classname="com.cardatechnologies.utils.validators.abaroutevalidator.Test_AbaRouteValidator_03" time="0.021"/>
  <testcase name="testAbaNumberCheck_2919_good" classname="com.cardatechnologies.utils.validators.abaroutevalidator.Test_AbaRouteValidator_03" time="0.02"/>
  <testcase name="testAbaNumberCheck_2883_good" classname="com.cardatechnologies.utils.validators.abaroutevalidator.Test_AbaRouteValidator_03" time="0.021"/>
  <testcase name="testAbaNumberCheck_3697_good" classname="com.cardatechnologies.utils.validators.abaroutevalidator.Test_AbaRouteValidator_03" time="0.022"/>
  <testcase name="testAbaNumberCheck_2757_good" classname="com.cardatechnologies.utils.validators.abaroutevalidator.Test_AbaRouteValidator_03" time="0.022"/>
  <testcase name="testAbaNumberCheck_4410_bad" classname="com.cardatechnologies.utils.validators.abaroutevalidator.Test_AbaRouteValidator_03" time="0.023"/>
  <testcase name="testAbaNumberCheck_2595_good" classname="com.cardatechnologies.utils.validators.abaroutevalidator.Test_AbaRouteValidator_03" time="0.022"/>
  <testcase name="testAbaNumberCheck_4412_bad" classname="com.cardatechnologies.utils.validators.abaroutevalidator.Test_AbaRouteValidator_03" time="0.022"/>
  <testcase name="testAbaNumberCheck_3600_bad" classname="com.cardatechnologies.utils.validators.abaroutevalidator.Test_AbaRouteValidator_03" time="0.023"/>
  <testcase name="testAbaNumberCheck_4414_bad" classname="com.cardatechnologies.utils.validators.abaroutevalidator.Test_AbaRouteValidator_03" time="0.023"/>
  <testcase name="testAbaNumberCheck_3150_bad" classname="com.cardatechnologies.utils.validators.abaroutevalidator.Test_AbaRouteValidator_03" time="0.02"/>
  <testcase name="testAbaNumberCheck_3602_bad" classname="com.cardatechnologies.utils.validators.abaroutevalidator.Test_AbaRouteValidator_03" time="0.02"/>
  <testcase name="testAbaNumberCheck_4416_bad" classname="com.cardatechnologies.utils.validators.abaroutevalidator.Test_AbaRouteValidator_03" time="0.032"/>
  <testcase name="testAbaNumberCheck_3152_bad" classname="com.cardatechnologies.utils.validators.abaroutevalidator.Test_AbaRouteValidator_03" time="0.022"/>
  <testcase name="testAbaNumberCheck_3604_bad" classname="com.cardatechnologies.utils.validators.abaroutevalidator.Test_AbaRouteValidator_03" time="0.023"/>
  <testcase name="testAbaNumberCheck_4418_bad" classname="com.cardatechnologies.utils.validators.abaroutevalidator.Test_AbaRouteValidator_03" time="0.022"/>
  <testcase name="testAbaNumberCheck_3154_bad" classname="com.cardatechnologies.utils.validators.abaroutevalidator.Test_AbaRouteValidator_03" time="0.022"/>
  <testcase name="testAbaNumberCheck_3606_bad" classname="com.cardatechnologies.utils.validators.abaroutevalidator.Test_AbaRouteValidator_03" time="0.022"/>
  <testcase name="testAbaNumberCheck_3156_bad" classname="com.cardatechnologies.utils.validators.abaroutevalidator.Test_AbaRouteValidator_03" time="0.023"/>
  <testcase name="testAbaNumberCheck_3608_bad" classname="com.cardatechnologies.utils.validators.abaroutevalidator.Test_AbaRouteValidator_03" time="0.022"/>
  <testcase name="testAbaNumberCheck_3158_bad" classname="com.cardatechnologies.utils.validators.abaroutevalidator.Test_AbaRouteValidator_03" time="0.022"/>
  <testcase name="testAbaNumberCheck_2965_good" classname="com.cardatechnologies.utils.validators.abaroutevalidator.Test_AbaRouteValidator_03" time="0.029"/>
  <testcase name="testAbaNumberCheck_3779_good" classname="com.cardatechnologies.utils.validators.abaroutevalidator.Test_AbaRouteValidator_03" time="0.021"/>
  <testcase name="testAbaNumberCheck_2839_good" classname="com.cardatechnologies.utils.validators.abaroutevalidator.Test_AbaRouteValidator_03" time="0.021"/>
  <testcase name="testAbaNumberCheck_2677_good" classname="com.cardatechnologies.utils.validators.abaroutevalidator.Test_AbaRouteValidator_03" time="0.021"/>
  <testcase name="testAbaNumberCheck_4420_bad" classname="com.cardatechnologies.utils.validators.abaroutevalidator.Test_AbaRouteValidator_03" time="0.021"/>
  <testcase name="testAbaNumberCheck_4422_bad" classname="com.cardatechnologies.utils.validators.abaroutevalidator.Test_AbaRouteValidator_03" time="0.021"/>
  <testcase name="testAbaNumberCheck_3610_bad" classname="com.cardatechnologies.utils.validators.abaroutevalidator.Test_AbaRouteValidator_03" time="0.022"/>
  <testcase name="testAbaNumberCheck_4424_bad" classname="com.cardatechnologies.utils.validators.abaroutevalidator.Test_AbaRouteValidator_03" time="0.021"/>
  <testcase name="testAbaNumberCheck_3160_bad" classname="com.cardatechnologies.utils.validators.abaroutevalidator.Test_AbaRouteValidator_03" time="0.021"/>
  <testcase name="testAbaNumberCheck_3612_bad" classname="com.cardatechnologies.utils.validators.abaroutevalidator.Test_AbaRouteValidator_03" time="0.021"/>
  <testcase name="testAbaNumberCheck_4426_bad" classname="com.cardatechnologies.utils.validators.abaroutevalidator.Test_AbaRouteValidator_03" time="0.02"/>
  <testcase name="testAbaNumberCheck_3162_bad" classname="com.cardatechnologies.utils.validators.abaroutevalidator.Test_AbaRouteValidator_03" time="0.021"/>
  <testcase name="testAbaNumberCheck_2800_bad" classname="com.cardatechnologies.utils.validators.abaroutevalidator.Test_AbaRouteValidator_03" time="0.022"/>
  <testcase name="testAbaNumberCheck_3614_bad" classname="com.cardatechnologies.utils.validators.abaroutevalidator.Test_AbaRouteValidator_03" time="0.022"/>
  <testcase name="testAbaNumberCheck_4428_bad" classname="com.cardatechnologies.utils.validators.abaroutevalidator.Test_AbaRouteValidator_03" time="0.025"/>
  <testcase name="testAbaNumberCheck_3164_bad" classname="com.cardatechnologies.utils.validators.abaroutevalidator.Test_AbaRouteValidator_03" time="0.022"/>
  <testcase name="testAbaNumberCheck_2802_bad" classname="com.cardatechnologies.utils.validators.abaroutevalidator.Test_AbaRouteValidator_03" time="0.021"/>
  <testcase name="testAbaNumberCheck_3616_bad" classname="com.cardatechnologies.utils.validators.abaroutevalidator.Test_AbaRouteValidator_03" time="0.021"/>
  <testcase name="testAbaNumberCheck_3166_bad" classname="com.cardatechnologies.utils.validators.abaroutevalidator.Test_AbaRouteValidator_03" time="0.022"/>
  <testcase name="testAbaNumberCheck_3987_good" classname="com.cardatechnologies.utils.validators.abaroutevalidator.Test_AbaRouteValidator_03" time="0.021"/>
  <testcase name="testAbaNumberCheck_2804_bad" classname="com.cardatechnologies.utils.validators.abaroutevalidator.Test_AbaRouteValidator_03" time="0.022"/>
  <testcase name="testAbaNumberCheck_3618_bad" classname="com.cardatechnologies.utils.validators.abaroutevalidator.Test_AbaRouteValidator_03" time="0.023"/>
  <testcase name="testAbaNumberCheck_3168_bad" classname="com.cardatechnologies.utils.validators.abaroutevalidator.Test_AbaRouteValidator_03" time="0.024"/>
  <testcase name="testAbaNumberCheck_2806_bad" classname="com.cardatechnologies.utils.validators.abaroutevalidator.Test_AbaRouteValidator_03" time="0.024"/>
  <testcase name="testAbaNumberCheck_2808_bad" classname="com.cardatechnologies.utils.validators.abaroutevalidator.Test_AbaRouteValidator_03" time="0.029"/>
  <testcase name="testAbaNumberCheck_2885_good" classname="com.cardatechnologies.utils.validators.abaroutevalidator.Test_AbaRouteValidator_03" time="0.025"/>
  <testcase name="testAbaNumberCheck_3699_good" classname="com.cardatechnologies.utils.validators.abaroutevalidator.Test_AbaRouteValidator_03" time="0.024"/>
  <testcase name="testAbaNumberCheck_2759_good" classname="com.cardatechnologies.utils.validators.abaroutevalidator.Test_AbaRouteValidator_03" time="0.025"/>
  <testcase name="testAbaNumberCheck_4430_bad" classname="com.cardatechnologies.utils.validators.abaroutevalidator.Test_AbaRouteValidator_03" time="0.024"/>
  <testcase name="testAbaNumberCheck_2597_good" classname="com.cardatechnologies.utils.validators.abaroutevalidator.Test_AbaRouteValidator_03" time="0.021"/>
  <testcase name="testAbaNumberCheck_4432_bad" classname="com.cardatechnologies.utils.validators.abaroutevalidator.Test_AbaRouteValidator_03" time="0.034"/>
  <testcase name="testAbaNumberCheck_3620_bad" classname="com.cardatechnologies.utils.validators.abaroutevalidator.Test_AbaRouteValidator_03" time="0.021"/>
  <testcase name="testAbaNumberCheck_4434_bad" classname="com.cardatechnologies.utils.validators.abaroutevalidator.Test_AbaRouteValidator_03" time="0.024"/>
  <testcase name="testAbaNumberCheck_3170_bad" classname="com.cardatechnologies.utils.validators.abaroutevalidator.Test_AbaRouteValidator_03" time="0.025"/>
  <testcase name="testAbaNumberCheck_3622_bad" classname="com.cardatechnologies.utils.validators.abaroutevalidator.Test_AbaRouteValidator_03" time="0.024"/>
  <testcase name="testAbaNumberCheck_4436_bad" classname="com.cardatechnologies.utils.validators.abaroutevalidator.Test_AbaRouteValidator_03" time="0.024"/>
  <testcase name="testAbaNumberCheck_3172_bad" classname="com.cardatechnologies.utils.validators.abaroutevalidator.Test_AbaRouteValidator_03" time="0.031"/>
  <testcase name="testAbaNumberCheck_2810_bad" classname="com.cardatechnologies.utils.validators.abaroutevalidator.Test_AbaRouteValidator_03" time="0.027"/>
  <testcase name="testAbaNumberCheck_3624_bad" classname="com.cardatechnologies.utils.validators.abaroutevalidator.Test_AbaRouteValidator_03" time="0.024"/>
  <testcase name="testAbaNumberCheck_4438_bad" classname="com.cardatechnologies.utils.validators.abaroutevalidator.Test_AbaRouteValidator_03" time="0.023"/>
  <testcase name="testAbaNumberCheck_3174_bad" classname="com.cardatechnologies.utils.validators.abaroutevalidator.Test_AbaRouteValidator_03" time="0.026"/>
  <testcase name="testAbaNumberCheck_2812_bad" classname="com.cardatechnologies.utils.validators.abaroutevalidator.Test_AbaRouteValidator_03" time="0.023"/>
  <testcase name="testAbaNumberCheck_3626_bad" classname="com.cardatechnologies.utils.validators.abaroutevalidator.Test_AbaRouteValidator_03" time="0.023"/>
  <testcase name="testAbaNumberCheck_3176_bad" classname="com.cardatechnologies.utils.validators.abaroutevalidator.Test_AbaRouteValidator_03" time="0.024"/>
  <testcase name="testAbaNumberCheck_2814_bad" classname="com.cardatechnologies.utils.validators.abaroutevalidator.Test_AbaRouteValidator_03" time="0.035"/>
  <testcase name="testAbaNumberCheck_3628_bad" classname="com.cardatechnologies.utils.validators.abaroutevalidator.Test_AbaRouteValidator_03" time="0.029"/>
  <testcase name="testAbaNumberCheck_3178_bad" classname="com.cardatechnologies.utils.validators.abaroutevalidator.Test_AbaRouteValidator_03" time="0.03"/>
  <testcase name="testAbaNumberCheck_2816_bad" classname="com.cardatechnologies.utils.validators.abaroutevalidator.Test_AbaRouteValidator_03" time="0.029"/>
  <testcase name="testAbaNumberCheck_2967_good" classname="com.cardatechnologies.utils.validators.abaroutevalidator.Test_AbaRouteValidator_03" time="0.027"/>
  <testcase name="testAbaNumberCheck_2818_bad" classname="com.cardatechnologies.utils.validators.abaroutevalidator.Test_AbaRouteValidator_03" time="0.024"/>
  <testcase name="testAbaNumberCheck_2679_good" classname="com.cardatechnologies.utils.validators.abaroutevalidator.Test_AbaRouteValidator_03" time="0.022"/>
  <testcase name="testAbaNumberCheck_4440_bad" classname="com.cardatechnologies.utils.validators.abaroutevalidator.Test_AbaRouteValidator_03" time="0.021"/>
  <testcase name="testAbaNumberCheck_4442_bad" classname="com.cardatechnologies.utils.validators.abaroutevalidator.Test_AbaRouteValidator_03" time="0.021"/>
  <testcase name="testAbaNumberCheck_3630_bad" classname="com.cardatechnologies.utils.validators.abaroutevalidator.Test_AbaRouteValidator_03" time="0.022"/>
  <testcase name="testAbaNumberCheck_4444_bad" classname="com.cardatechnologies.utils.validators.abaroutevalidator.Test_AbaRouteValidator_03" time="0.02"/>
  <testcase name="testAbaNumberCheck_3180_bad" classname="com.cardatechnologies.utils.validators.abaroutevalidator.Test_AbaRouteValidator_03" time="0.021"/>
  <testcase name="testAbaNumberCheck_3632_bad" classname="com.cardatechnologies.utils.validators.abaroutevalidator.Test_AbaRouteValidator_03" time="0.02"/>
  <testcase name="testAbaNumberCheck_4446_bad" classname="com.cardatechnologies.utils.validators.abaroutevalidator.Test_AbaRouteValidator_03" time="0.021"/>
  <testcase name="testAbaNumberCheck_3182_bad" classname="com.cardatechnologies.utils.validators.abaroutevalidator.Test_AbaRouteValidator_03" time="0.03"/>
  <testcase name="testAbaNumberCheck_2820_bad" classname="com.cardatechnologies.utils.validators.abaroutevalidator.Test_AbaRouteValidator_03" time="0.021"/>
  <testcase name="testAbaNumberCheck_3634_bad" classname="com.cardatechnologies.utils.validators.abaroutevalidator.Test_AbaRouteValidator_03" time="0.021"/>
  <testcase name="testAbaNumberCheck_4448_bad" classname="com.cardatechnologies.utils.validators.abaroutevalidator.Test_AbaRouteValidator_03" time="0.021"/>
  <testcase name="testAbaNumberCheck_3184_bad" classname="com.cardatechnologies.utils.validators.abaroutevalidator.Test_AbaRouteValidator_03" time="0.02"/>
  <testcase name="testAbaNumberCheck_2822_bad" classname="com.cardatechnologies.utils.validators.abaroutevalidator.Test_AbaRouteValidator_03" time="0.021"/>
  <testcase name="testAbaNumberCheck_3636_bad" classname="com.cardatechnologies.utils.validators.abaroutevalidator.Test_AbaRouteValidator_03" time="0.022"/>
  <testcase name="testAbaNumberCheck_3186_bad" classname="com.cardatechnologies.utils.validators.abaroutevalidator.Test_AbaRouteValidator_03" time="0.02"/>
  <testcase name="testAbaNumberCheck_3989_good" classname="com.cardatechnologies.utils.validators.abaroutevalidator.Test_AbaRouteValidator_03" time="0.021"/>
  <testcase name="testAbaNumberCheck_2824_bad" classname="com.cardatechnologies.utils.validators.abaroutevalidator.Test_AbaRouteValidator_03" time="0.028"/>
  <testcase name="testAbaNumberCheck_3638_bad" classname="com.cardatechnologies.utils.validators.abaroutevalidator.Test_AbaRouteValidator_03" time="0.021"/>
  <testcase name="testAbaNumberCheck_3188_bad" classname="com.cardatechnologies.utils.validators.abaroutevalidator.Test_AbaRouteValidator_03" time="0.02"/>
  <testcase name="testAbaNumberCheck_2826_bad" classname="com.cardatechnologies.utils.validators.abaroutevalidator.Test_AbaRouteValidator_03" time="0.02"/>
  <testcase name="testAbaNumberCheck_2828_bad" classname="com.cardatechnologies.utils.validators.abaroutevalidator.Test_AbaRouteValidator_03" time="0.021"/>
  <testcase name="testAbaNumberCheck_2887_good" classname="com.cardatechnologies.utils.validators.abaroutevalidator.Test_AbaRouteValidator_03" time="0.02"/>
  <testcase name="testAbaNumberCheck_4900_bad" classname="com.cardatechnologies.utils.validators.abaroutevalidator.Test_AbaRouteValidator_03" time="0.021"/>
  <testcase name="testAbaNumberCheck_4450_bad" classname="com.cardatechnologies.utils.validators.abaroutevalidator.Test_AbaRouteValidator_03" time="0.02"/>
  <testcase name="testAbaNumberCheck_2599_good" classname="com.cardatechnologies.utils.validators.abaroutevalidator.Test_AbaRouteValidator_03" time="0.02"/>
  <testcase name="testAbaNumberCheck_4902_bad" classname="com.cardatechnologies.utils.validators.abaroutevalidator.Test_AbaRouteValidator_03" time="0.021"/>
  <testcase name="testAbaNumberCheck_4452_bad" classname="com.cardatechnologies.utils.validators.abaroutevalidator.Test_AbaRouteValidator_03" time="0.021"/>
  <testcase name="testAbaNumberCheck_4904_bad" classname="com.cardatechnologies.utils.validators.abaroutevalidator.Test_AbaRouteValidator_03" time="0.02"/>
  <testcase name="testAbaNumberCheck_3640_bad" classname="com.cardatechnologies.utils.validators.abaroutevalidator.Test_AbaRouteValidator_03" time="0.021"/>
  <testcase name="testAbaNumberCheck_4454_bad" classname="com.cardatechnologies.utils.validators.abaroutevalidator.Test_AbaRouteValidator_03" time="0.021"/>
  <testcase name="testAbaNumberCheck_3190_bad" classname="com.cardatechnologies.utils.validators.abaroutevalidator.Test_AbaRouteValidator_03" time="0.021"/>
  <testcase name="testAbaNumberCheck_4906_bad" classname="com.cardatechnologies.utils.validators.abaroutevalidator.Test_AbaRouteValidator_03" time="0.026"/>
  <testcase name="testAbaNumberCheck_3642_bad" classname="com.cardatechnologies.utils.validators.abaroutevalidator.Test_AbaRouteValidator_03" time="0.026"/>
  <testcase name="testAbaNumberCheck_4456_bad" classname="com.cardatechnologies.utils.validators.abaroutevalidator.Test_AbaRouteValidator_03" time="0.021"/>
  <testcase name="testAbaNumberCheck_3192_bad" classname="com.cardatechnologies.utils.validators.abaroutevalidator.Test_AbaRouteValidator_03" time="0.023"/>
  <testcase name="testAbaNumberCheck_4908_bad" classname="com.cardatechnologies.utils.validators.abaroutevalidator.Test_AbaRouteValidator_03" time="0.03"/>
  <testcase name="testAbaNumberCheck_2830_bad" classname="com.cardatechnologies.utils.validators.abaroutevalidator.Test_AbaRouteValidator_03" time="0.032"/>
  <testcase name="testAbaNumberCheck_3644_bad" classname="com.cardatechnologies.utils.validators.abaroutevalidator.Test_AbaRouteValidator_03" time="0.05"/>
  <testcase name="testAbaNumberCheck_4458_bad" classname="com.cardatechnologies.utils.validators.abaroutevalidator.Test_AbaRouteValidator_03" time="0.033"/>
  <testcase name="testAbaNumberCheck_3194_bad" classname="com.cardatechnologies.utils.validators.abaroutevalidator.Test_AbaRouteValidator_03" time="0.026"/>
  <testcase name="testAbaNumberCheck_2832_bad" classname="com.cardatechnologies.utils.validators.abaroutevalidator.Test_AbaRouteValidator_03" time="0.026"/>
  <testcase name="testAbaNumberCheck_3646_bad" classname="com.cardatechnologies.utils.validators.abaroutevalidator.Test_AbaRouteValidator_03" time="0.027"/>
  <testcase name="testAbaNumberCheck_3196_bad" classname="com.cardatechnologies.utils.validators.abaroutevalidator.Test_AbaRouteValidator_03" time="0.026"/>
  <testcase name="testAbaNumberCheck_2834_bad" classname="com.cardatechnologies.utils.validators.abaroutevalidator.Test_AbaRouteValidator_03" time="0.026"/>
  <testcase name="testAbaNumberCheck_3648_bad" classname="com.cardatechnologies.utils.validators.abaroutevalidator.Test_AbaRouteValidator_03" time="0.027"/>
  <testcase name="testAbaNumberCheck_3198_bad" classname="com.cardatechnologies.utils.validators.abaroutevalidator.Test_AbaRouteValidator_03" time="0.026"/>
  <testcase name="testAbaNumberCheck_2836_bad" classname="com.cardatechnologies.utils.validators.abaroutevalidator.Test_AbaRouteValidator_03" time="0.026"/>
  <testcase name="testAbaNumberCheck_2969_good" classname="com.cardatechnologies.utils.validators.abaroutevalidator.Test_AbaRouteValidator_03" time="0.025"/>
  <testcase name="testAbaNumberCheck_2838_bad" classname="com.cardatechnologies.utils.validators.abaroutevalidator.Test_AbaRouteValidator_03" time="0.028"/>
</testsuite>