<?xml version="1.0" encoding="UTF-8"?>
<testsuite xmlns:xsi="http://www.w3.org/2001/XMLSchema-instance" xsi:noNamespaceSchemaLocation="https://maven.apache.org/surefire/maven-surefire-plugin/xsd/surefire-test-report-3.0.xsd" version="3.0" name="com.cardatechnologies.utils.validators.abaroutevalidator.Test_AbaRouteValidator_04" time="58.473" tests="2500" errors="0" skipped="0" failures="0">
  <properties>
    <property name="sun.desktop" value="windows"/>
    <property name="awt.toolkit" value="sun.awt.windows.WToolkit"/>
    <property name="file.encoding.pkg" value="sun.io"/>
    <property name="java.specification.version" value="1.8"/>
    <property name="sun.cpu.isalist" value="amd64"/>
    <property name="sun.jnu.encoding" value="Cp1252"/>
    <property name="java.class.path" value="D:\Projects\GitHub\aba.route.validator\target\clover\test-classes;D:\Projects\GitHub\aba.route.validator\target\clover\classes;C:\Users\Joker\.m2\repository\org\junit\jupiter\junit-jupiter\5.8.0-M1\junit-jupiter-5.8.0-M1.jar;C:\Users\Joker\.m2\repository\org\junit\jupiter\junit-jupiter-api\5.8.0-M1\junit-jupiter-api-5.8.0-M1.jar;C:\Users\Joker\.m2\repository\org\apiguardian\apiguardian-api\1.1.1\apiguardian-api-1.1.1.jar;C:\Users\Joker\.m2\repository\org\opentest4j\opentest4j\1.2.0\opentest4j-1.2.0.jar;C:\Users\Joker\.m2\repository\org\junit\platform\junit-platform-commons\1.8.0-M1\junit-platform-commons-1.8.0-M1.jar;C:\Users\Joker\.m2\repository\org\junit\jupiter\junit-jupiter-params\5.8.0-M1\junit-jupiter-params-5.8.0-M1.jar;C:\Users\Joker\.m2\repository\org\junit\jupiter\junit-jupiter-engine\5.8.0-M1\junit-jupiter-engine-5.8.0-M1.jar;C:\Users\Joker\.m2\repository\org\junit\platform\junit-platform-engine\1.8.0-M1\junit-platform-engine-1.8.0-M1.jar;C:\Users\Joker\.m2\repository\org\jetbrains\kotlin\kotlin-stdlib-jdk8\1.4.20\kotlin-stdlib-jdk8-1.4.20.jar;C:\Users\Joker\.m2\repository\org\jetbrains\kotlin\kotlin-stdlib\1.4.20\kotlin-stdlib-1.4.20.jar;C:\Users\Joker\.m2\repository\org\jetbrains\kotlin\kotlin-stdlib-common\1.4.20\kotlin-stdlib-common-1.4.20.jar;C:\Users\Joker\.m2\repository\org\jetbrains\annotations\13.0\annotations-13.0.jar;C:\Users\Joker\.m2\repository\org\jetbrains\kotlin\kotlin-stdlib-jdk7\1.4.20\kotlin-stdlib-jdk7-1.4.20.jar;C:\Users\Joker\.m2\repository\junit\junit\4.13.2\junit-4.13.2.jar;C:\Users\Joker\.m2\repository\org\hamcrest\hamcrest-core\1.3\hamcrest-core-1.3.jar;C:\Users\Joker\.m2\repository\org\openclover\clover\4.4.1\clover-4.4.1.jar;C:\Users\Joker\AppData\Local\Temp\grover5116450426425045962.jar;"/>
    <property name="java.vm.vendor" value="Oracle Corporation"/>
    <property name="sun.arch.data.model" value="64"/>
    <property name="user.variant" value=""/>
    <property name="java.vendor.url" value="http://java.oracle.com/"/>
    <property name="user.timezone" value="America/Denver"/>
    <property name="java.vm.specification.version" value="1.8"/>
    <property name="os.name" value="Windows 10"/>
    <property name="user.country" value="US"/>
    <property name="sun.java.launcher" value="SUN_STANDARD"/>
    <property name="sun.boot.library.path" value="D:\Tools\Java\JDK\jdk1.8.0_251\jre\bin"/>
    <property name="sun.java.command" value="C:\Users\Joker\AppData\Local\Temp\surefire4127105368357577786\surefirebooter6019478796366087764.jar C:\Users\Joker\AppData\Local\Temp\surefire4127105368357577786 2021-08-07T11-59-38_447-jvmRun1 surefire6394178742040323547tmp surefire_06966175462206543835tmp"/>
    <property name="surefire.test.class.path" value="D:\Projects\GitHub\aba.route.validator\target\clover\test-classes;D:\Projects\GitHub\aba.route.validator\target\clover\classes;C:\Users\Joker\.m2\repository\org\junit\jupiter\junit-jupiter\5.8.0-M1\junit-jupiter-5.8.0-M1.jar;C:\Users\Joker\.m2\repository\org\junit\jupiter\junit-jupiter-api\5.8.0-M1\junit-jupiter-api-5.8.0-M1.jar;C:\Users\Joker\.m2\repository\org\apiguardian\apiguardian-api\1.1.1\apiguardian-api-1.1.1.jar;C:\Users\Joker\.m2\repository\org\opentest4j\opentest4j\1.2.0\opentest4j-1.2.0.jar;C:\Users\Joker\.m2\repository\org\junit\platform\junit-platform-commons\1.8.0-M1\junit-platform-commons-1.8.0-M1.jar;C:\Users\Joker\.m2\repository\org\junit\jupiter\junit-jupiter-params\5.8.0-M1\junit-jupiter-params-5.8.0-M1.jar;C:\Users\Joker\.m2\repository\org\junit\jupiter\junit-jupiter-engine\5.8.0-M1\junit-jupiter-engine-5.8.0-M1.jar;C:\Users\Joker\.m2\repository\org\junit\platform\junit-platform-engine\1.8.0-M1\junit-platform-engine-1.8.0-M1.jar;C:\Users\Joker\.m2\repository\org\jetbrains\kotlin\kotlin-stdlib-jdk8\1.4.20\kotlin-stdlib-jdk8-1.4.20.jar;C:\Users\Joker\.m2\repository\org\jetbrains\kotlin\kotlin-stdlib\1.4.20\kotlin-stdlib-1.4.20.jar;C:\Users\Joker\.m2\repository\org\jetbrains\kotlin\kotlin-stdlib-common\1.4.20\kotlin-stdlib-common-1.4.20.jar;C:\Users\Joker\.m2\repository\org\jetbrains\annotations\13.0\annotations-13.0.jar;C:\Users\Joker\.m2\repository\org\jetbrains\kotlin\kotlin-stdlib-jdk7\1.4.20\kotlin-stdlib-jdk7-1.4.20.jar;C:\Users\Joker\.m2\repository\junit\junit\4.13.2\junit-4.13.2.jar;C:\Users\Joker\.m2\repository\org\hamcrest\hamcrest-core\1.3\hamcrest-core-1.3.jar;C:\Users\Joker\.m2\repository\org\openclover\clover\4.4.1\clover-4.4.1.jar;C:\Users\Joker\AppData\Local\Temp\grover5116450426425045962.jar;"/>
    <property name="sun.cpu.endian" value="little"/>
    <property name="user.home" value="C:\Users\Joker"/>
    <property name="user.language" value="en"/>
    <property name="java.specification.vendor" value="Oracle Corporation"/>
    <property name="java.home" value="D:\Tools\Java\JDK\jdk1.8.0_251\jre"/>
    <property name="basedir" value="D:\Projects\GitHub\aba.route.validator"/>
    <property name="file.separator" value="\"/>
    <property name="line.separator" value="&#10;"/>
    <property name="java.vm.specification.vendor" value="Oracle Corporation"/>
    <property name="java.specification.name" value="Java Platform API Specification"/>
    <property name="java.awt.graphicsenv" value="sun.awt.Win32GraphicsEnvironment"/>
    <property name="surefire.real.class.path" value="C:\Users\Joker\AppData\Local\Temp\surefire4127105368357577786\surefirebooter6019478796366087764.jar"/>
    <property name="sun.boot.class.path" value="D:\Tools\Java\JDK\jdk1.8.0_251\jre\lib\resources.jar;D:\Tools\Java\JDK\jdk1.8.0_251\jre\lib\rt.jar;D:\Tools\Java\JDK\jdk1.8.0_251\jre\lib\sunrsasign.jar;D:\Tools\Java\JDK\jdk1.8.0_251\jre\lib\jsse.jar;D:\Tools\Java\JDK\jdk1.8.0_251\jre\lib\jce.jar;D:\Tools\Java\JDK\jdk1.8.0_251\jre\lib\charsets.jar;D:\Tools\Java\JDK\jdk1.8.0_251\jre\lib\jfr.jar;D:\Tools\Java\JDK\jdk1.8.0_251\jre\classes"/>
    <property name="user.script" value=""/>
    <property name="sun.management.compiler" value="HotSpot 64-Bit Tiered Compilers"/>
    <property name="java.runtime.version" value="1.8.0_251-b08"/>
    <property name="user.name" value="Joker"/>
    <property name="path.separator" value=";"/>
    <property name="os.version" value="10.0"/>
    <property name="java.endorsed.dirs" value="D:\Tools\Java\JDK\jdk1.8.0_251\jre\lib\endorsed"/>
    <property name="java.runtime.name" value="Java(TM) SE Runtime Environment"/>
    <property name="file.encoding" value="Cp1252"/>
    <property name="java.vm.name" value="Java HotSpot(TM) 64-Bit Server VM"/>
    <property name="localRepository" value="C:\Users\Joker\.m2\repository"/>
    <property name="java.vendor.url.bug" value="http://bugreport.sun.com/bugreport/"/>
    <property name="java.io.tmpdir" value="C:\Users\Joker\AppData\Local\Temp\"/>
    <property name="java.version" value="1.8.0_251"/>
    <property name="user.dir" value="D:\Projects\GitHub\aba.route.validator"/>
    <property name="os.arch" value="amd64"/>
    <property name="java.vm.specification.name" value="Java Virtual Machine Specification"/>
    <property name="java.awt.printerjob" value="sun.awt.windows.WPrinterJob"/>
    <property name="sun.os.patch.level" value=""/>
    <property name="java.library.path" value="D:\Tools\Java\JDK\jdk1.8.0_251\jre\bin;C:\WINDOWS\Sun\Java\bin;C:\WINDOWS\system32;C:\WINDOWS;D:\Tools\Java\Apache\apache-maven-3.6.3\bin;D:\Tools\Java\JDK\jdk1.8.0_251\bin;C:\Users\Joker\bin;C:\Program Files\Git\mingw64\bin;C:\Program Files\Git\usr\local\bin;C:\Program Files\Git\usr\bin;C:\Program Files\Git\usr\bin;C:\Program Files\Git\mingw64\bin;C:\Program Files\Git\usr\bin;C:\Users\Joker\bin;C:\ProgramData\Oracle\Java\javapath;C:\Program Files (x86)\Common Files\Oracle\Java\javapath;C:\Program Files (x86)\Intel\iCLS Client;C:\Program Files\Intel\iCLS Client;C:\Windows\system32;C:\Windows;C:\Windows\System32\Wbem;C:\Windows\System32\WindowsPowerShell\v1.0;C:\Program Files (x86)\NVIDIA Corporation\PhysX\Common;D:\Applications\QuickTime\QTSystem;C:\Program Files (x86)\Common Files\Acronis\VirtualFile;C:\Program Files (x86)\Common Files\Acronis\VirtualFile64;C:\Program Files (x86)\Common Files\Acronis\SnapAPI;C:\WINDOWS\system32;C:\WINDOWS;C:\WINDOWS\System32\Wbem;C:\WINDOWS\System32\WindowsPowerShell\v1.0;C:\Program Files (x86)\Intel\Intel(R) Management Engine Components\DAL;C:\Program Files\Intel\Intel(R) Management Engine Components\DAL;C:\Program Files (x86)\Intel\Intel(R) Management Engine Components\IPT;C:\Program Files\Intel\Intel(R) Management Engine Components\IPT;C:\WINDOWS\System32\OpenSSH;C:\Program Files\NVIDIA Corporation\NVIDIA NvDLISR;C:\WINDOWS\system32;C:\WINDOWS;C:\WINDOWS\System32\Wbem;C:\WINDOWS\System32\WindowsPowerShell\v1.0;C:\WINDOWS\System32\OpenSSH;C:\Program Files (x86)\Common Files\Acronis\FileProtector;C:\Program Files (x86)\Common Files\Acronis\FileProtector64;C:\Program Files\PuTTY;C:\Program Files\Docker\Docker\resources\bin;C:\ProgramData\DockerDesktop\version-bin;C:\Program Files\Git\cmd;C:\Users\Joker\AppData\Local\Microsoft\WindowsApps;D:\Tools\Java\JDK\jdk1.8.0_251\bin;D:\Tools\Java\Apache\apache-maven-3.8.1\bin;D:\Tools\Java\Apache\apache-ant-1.10.1\bin;D:\Tools\Java\gradle-4.2\bin;C:\Program Files\JetBrains\IntelliJ IDEA 2019.3\bin;C:\Program Files (x86)\DTN\IQFeed;C:\Users\Joker\AppData\Local\GitHubDesktop\bin;D:\Tools\Java\JetBrains\IntelliJ_2020_1.3\bin;C:\Users\Joker\AppData\Local\Microsoft\WindowsApps;C:\Program Files\Git\usr\bin\vendor_perl;C:\Program Files\Git\usr\bin\core_perl;."/>
    <property name="java.vm.info" value="mixed mode"/>
    <property name="java.vendor" value="Oracle Corporation"/>
    <property name="java.vm.version" value="25.251-b08"/>
    <property name="java.ext.dirs" value="D:\Tools\Java\JDK\jdk1.8.0_251\jre\lib\ext;C:\WINDOWS\Sun\Java\lib\ext"/>
    <property name="sun.io.unicode.encoding" value="UnicodeLittle"/>
    <property name="java.class.version" value="52.0"/>
  </properties>
  <testcase name="testAbaNumberCheck_7342_bad" classname="com.cardatechnologies.utils.validators.abaroutevalidator.Test_AbaRouteValidator_04" time="0.018"/>
  <testcase name="testAbaNumberCheck_6530_bad" classname="com.cardatechnologies.utils.validators.abaroutevalidator.Test_AbaRouteValidator_04" time="0.021"/>
  <testcase name="testAbaNumberCheck_7344_bad" classname="com.cardatechnologies.utils.validators.abaroutevalidator.Test_AbaRouteValidator_04" time="0.021"/>
  <testcase name="testAbaNumberCheck_6080_bad" classname="com.cardatechnologies.utils.validators.abaroutevalidator.Test_AbaRouteValidator_04" time="0.021"/>
  <testcase name="testAbaNumberCheck_6532_bad" classname="com.cardatechnologies.utils.validators.abaroutevalidator.Test_AbaRouteValidator_04" time="0.021"/>
  <testcase name="testAbaNumberCheck_7346_bad" classname="com.cardatechnologies.utils.validators.abaroutevalidator.Test_AbaRouteValidator_04" time="0.023"/>
  <testcase name="testAbaNumberCheck_7261_good" classname="com.cardatechnologies.utils.validators.abaroutevalidator.Test_AbaRouteValidator_04" time="0.021"/>
  <testcase name="testAbaNumberCheck_6082_bad" classname="com.cardatechnologies.utils.validators.abaroutevalidator.Test_AbaRouteValidator_04" time="0.027"/>
  <testcase name="testAbaNumberCheck_6321_good" classname="com.cardatechnologies.utils.validators.abaroutevalidator.Test_AbaRouteValidator_04" time="0.026"/>
  <testcase name="testAbaNumberCheck_5720_bad" classname="com.cardatechnologies.utils.validators.abaroutevalidator.Test_AbaRouteValidator_04" time="0.021"/>
  <testcase name="testAbaNumberCheck_6534_bad" classname="com.cardatechnologies.utils.validators.abaroutevalidator.Test_AbaRouteValidator_04" time="0.021"/>
  <testcase name="testAbaNumberCheck_7348_bad" classname="com.cardatechnologies.utils.validators.abaroutevalidator.Test_AbaRouteValidator_04" time="0.021"/>
  <testcase name="testAbaNumberCheck_5270_bad" classname="com.cardatechnologies.utils.validators.abaroutevalidator.Test_AbaRouteValidator_04" time="0.02"/>
  <testcase name="testAbaNumberCheck_6084_bad" classname="com.cardatechnologies.utils.validators.abaroutevalidator.Test_AbaRouteValidator_04" time="0.021"/>
  <testcase name="testAbaNumberCheck_5722_bad" classname="com.cardatechnologies.utils.validators.abaroutevalidator.Test_AbaRouteValidator_04" time="0.021"/>
  <testcase name="testAbaNumberCheck_6536_bad" classname="com.cardatechnologies.utils.validators.abaroutevalidator.Test_AbaRouteValidator_04" time="0.021"/>
  <testcase name="testAbaNumberCheck_5272_bad" classname="com.cardatechnologies.utils.validators.abaroutevalidator.Test_AbaRouteValidator_04" time="0.021"/>
  <testcase name="testAbaNumberCheck_6086_bad" classname="com.cardatechnologies.utils.validators.abaroutevalidator.Test_AbaRouteValidator_04" time="0.021"/>
  <testcase name="testAbaNumberCheck_7135_good" classname="com.cardatechnologies.utils.validators.abaroutevalidator.Test_AbaRouteValidator_04" time="0.022"/>
  <testcase name="testAbaNumberCheck_5724_bad" classname="com.cardatechnologies.utils.validators.abaroutevalidator.Test_AbaRouteValidator_04" time="0.021"/>
  <testcase name="testAbaNumberCheck_6538_bad" classname="com.cardatechnologies.utils.validators.abaroutevalidator.Test_AbaRouteValidator_04" time="0.02"/>
  <testcase name="testAbaNumberCheck_5274_bad" classname="com.cardatechnologies.utils.validators.abaroutevalidator.Test_AbaRouteValidator_04" time="0.021"/>
  <testcase name="testAbaNumberCheck_6088_bad" classname="com.cardatechnologies.utils.validators.abaroutevalidator.Test_AbaRouteValidator_04" time="0.022"/>
  <testcase name="testAbaNumberCheck_5726_bad" classname="com.cardatechnologies.utils.validators.abaroutevalidator.Test_AbaRouteValidator_04" time="0.031"/>
  <testcase name="testAbaNumberCheck_5276_bad" classname="com.cardatechnologies.utils.validators.abaroutevalidator.Test_AbaRouteValidator_04" time="0.02"/>
  <testcase name="testAbaNumberCheck_7009_good" classname="com.cardatechnologies.utils.validators.abaroutevalidator.Test_AbaRouteValidator_04" time="0.021"/>
  <testcase name="testAbaNumberCheck_5728_bad" classname="com.cardatechnologies.utils.validators.abaroutevalidator.Test_AbaRouteValidator_04" time="0.02"/>
  <testcase name="testAbaNumberCheck_5278_bad" classname="com.cardatechnologies.utils.validators.abaroutevalidator.Test_AbaRouteValidator_04" time="0.022"/>
  <testcase name="testAbaNumberCheck_6033_good" classname="com.cardatechnologies.utils.validators.abaroutevalidator.Test_AbaRouteValidator_04" time="0.02"/>
  <testcase name="testAbaNumberCheck_7350_bad" classname="com.cardatechnologies.utils.validators.abaroutevalidator.Test_AbaRouteValidator_04" time="0.021"/>
  <testcase name="testAbaNumberCheck_7352_bad" classname="com.cardatechnologies.utils.validators.abaroutevalidator.Test_AbaRouteValidator_04" time="0.023"/>
  <testcase name="testAbaNumberCheck_7343_good" classname="com.cardatechnologies.utils.validators.abaroutevalidator.Test_AbaRouteValidator_04" time="0.029"/>
  <testcase name="testAbaNumberCheck_6403_good" classname="com.cardatechnologies.utils.validators.abaroutevalidator.Test_AbaRouteValidator_04" time="0.023"/>
  <testcase name="testAbaNumberCheck_6540_bad" classname="com.cardatechnologies.utils.validators.abaroutevalidator.Test_AbaRouteValidator_04" time="0.025"/>
  <testcase name="testAbaNumberCheck_7354_bad" classname="com.cardatechnologies.utils.validators.abaroutevalidator.Test_AbaRouteValidator_04" time="0.024"/>
  <testcase name="testAbaNumberCheck_6090_bad" classname="com.cardatechnologies.utils.validators.abaroutevalidator.Test_AbaRouteValidator_04" time="0.024"/>
  <testcase name="testAbaNumberCheck_6542_bad" classname="com.cardatechnologies.utils.validators.abaroutevalidator.Test_AbaRouteValidator_04" time="0.025"/>
  <testcase name="testAbaNumberCheck_7356_bad" classname="com.cardatechnologies.utils.validators.abaroutevalidator.Test_AbaRouteValidator_04" time="0.025"/>
  <testcase name="testAbaNumberCheck_6092_bad" classname="com.cardatechnologies.utils.validators.abaroutevalidator.Test_AbaRouteValidator_04" time="0.023"/>
  <testcase name="testAbaNumberCheck_7217_good" classname="com.cardatechnologies.utils.validators.abaroutevalidator.Test_AbaRouteValidator_04" time="0.025"/>
  <testcase name="testAbaNumberCheck_5730_bad" classname="com.cardatechnologies.utils.validators.abaroutevalidator.Test_AbaRouteValidator_04" time="0.025"/>
  <testcase name="testAbaNumberCheck_6544_bad" classname="com.cardatechnologies.utils.validators.abaroutevalidator.Test_AbaRouteValidator_04" time="0.024"/>
  <testcase name="testAbaNumberCheck_7358_bad" classname="com.cardatechnologies.utils.validators.abaroutevalidator.Test_AbaRouteValidator_04" time="0.026"/>
  <testcase name="testAbaNumberCheck_5280_bad" classname="com.cardatechnologies.utils.validators.abaroutevalidator.Test_AbaRouteValidator_04" time="0.025"/>
  <testcase name="testAbaNumberCheck_6094_bad" classname="com.cardatechnologies.utils.validators.abaroutevalidator.Test_AbaRouteValidator_04" time="0.021"/>
  <testcase name="testAbaNumberCheck_5732_bad" classname="com.cardatechnologies.utils.validators.abaroutevalidator.Test_AbaRouteValidator_04" time="0.031"/>
  <testcase name="testAbaNumberCheck_6546_bad" classname="com.cardatechnologies.utils.validators.abaroutevalidator.Test_AbaRouteValidator_04" time="0.021"/>
  <testcase name="testAbaNumberCheck_7181_good" classname="com.cardatechnologies.utils.validators.abaroutevalidator.Test_AbaRouteValidator_04" time="0.022"/>
  <testcase name="testAbaNumberCheck_5282_bad" classname="com.cardatechnologies.utils.validators.abaroutevalidator.Test_AbaRouteValidator_04" time="0.023"/>
  <testcase name="testAbaNumberCheck_6096_bad" classname="com.cardatechnologies.utils.validators.abaroutevalidator.Test_AbaRouteValidator_04" time="0.021"/>
  <testcase name="testAbaNumberCheck_6241_good" classname="com.cardatechnologies.utils.validators.abaroutevalidator.Test_AbaRouteValidator_04" time="0.022"/>
  <testcase name="testAbaNumberCheck_5301_good" classname="com.cardatechnologies.utils.validators.abaroutevalidator.Test_AbaRouteValidator_04" time="0.022"/>
  <testcase name="testAbaNumberCheck_5734_bad" classname="com.cardatechnologies.utils.validators.abaroutevalidator.Test_AbaRouteValidator_04" time="0.021"/>
  <testcase name="testAbaNumberCheck_6548_bad" classname="com.cardatechnologies.utils.validators.abaroutevalidator.Test_AbaRouteValidator_04" time="0.025"/>
  <testcase name="testAbaNumberCheck_5284_bad" classname="com.cardatechnologies.utils.validators.abaroutevalidator.Test_AbaRouteValidator_04" time="0.026"/>
  <testcase name="testAbaNumberCheck_6098_bad" classname="com.cardatechnologies.utils.validators.abaroutevalidator.Test_AbaRouteValidator_04" time="0.021"/>
  <testcase name="testAbaNumberCheck_5736_bad" classname="com.cardatechnologies.utils.validators.abaroutevalidator.Test_AbaRouteValidator_04" time="0.021"/>
  <testcase name="testAbaNumberCheck_5286_bad" classname="com.cardatechnologies.utils.validators.abaroutevalidator.Test_AbaRouteValidator_04" time="0.021"/>
  <testcase name="testAbaNumberCheck_7055_good" classname="com.cardatechnologies.utils.validators.abaroutevalidator.Test_AbaRouteValidator_04" time="0.021"/>
  <testcase name="testAbaNumberCheck_6115_good" classname="com.cardatechnologies.utils.validators.abaroutevalidator.Test_AbaRouteValidator_04" time="0.021"/>
  <testcase name="testAbaNumberCheck_5738_bad" classname="com.cardatechnologies.utils.validators.abaroutevalidator.Test_AbaRouteValidator_04" time="0.02"/>
  <testcase name="testAbaNumberCheck_5288_bad" classname="com.cardatechnologies.utils.validators.abaroutevalidator.Test_AbaRouteValidator_04" time="0.021"/>
  <testcase name="testAbaNumberCheck_5013_good" classname="com.cardatechnologies.utils.validators.abaroutevalidator.Test_AbaRouteValidator_04" time="0.02"/>
  <testcase name="testAbaNumberCheck_6611_good" classname="com.cardatechnologies.utils.validators.abaroutevalidator.Test_AbaRouteValidator_04" time="0.021"/>
  <testcase name="testAbaNumberCheck_7425_good" classname="com.cardatechnologies.utils.validators.abaroutevalidator.Test_AbaRouteValidator_04" time="0.021"/>
  <testcase name="testAbaNumberCheck_7360_bad" classname="com.cardatechnologies.utils.validators.abaroutevalidator.Test_AbaRouteValidator_04" time="0.021"/>
  <testcase name="testAbaNumberCheck_7362_bad" classname="com.cardatechnologies.utils.validators.abaroutevalidator.Test_AbaRouteValidator_04" time="0.02"/>
  <testcase name="testAbaNumberCheck_6550_bad" classname="com.cardatechnologies.utils.validators.abaroutevalidator.Test_AbaRouteValidator_04" time="0.021"/>
  <testcase name="testAbaNumberCheck_7364_bad" classname="com.cardatechnologies.utils.validators.abaroutevalidator.Test_AbaRouteValidator_04" time="0.021"/>
  <testcase name="testAbaNumberCheck_6552_bad" classname="com.cardatechnologies.utils.validators.abaroutevalidator.Test_AbaRouteValidator_04" time="0.023"/>
  <testcase name="testAbaNumberCheck_7366_bad" classname="com.cardatechnologies.utils.validators.abaroutevalidator.Test_AbaRouteValidator_04" time="0.022"/>
  <testcase name="testAbaNumberCheck_7263_good" classname="com.cardatechnologies.utils.validators.abaroutevalidator.Test_AbaRouteValidator_04" time="0.025"/>
  <testcase name="testAbaNumberCheck_6323_good" classname="com.cardatechnologies.utils.validators.abaroutevalidator.Test_AbaRouteValidator_04" time="0.027"/>
  <testcase name="testAbaNumberCheck_5740_bad" classname="com.cardatechnologies.utils.validators.abaroutevalidator.Test_AbaRouteValidator_04" time="0.027"/>
  <testcase name="testAbaNumberCheck_6554_bad" classname="com.cardatechnologies.utils.validators.abaroutevalidator.Test_AbaRouteValidator_04" time="0.027"/>
  <testcase name="testAbaNumberCheck_7368_bad" classname="com.cardatechnologies.utils.validators.abaroutevalidator.Test_AbaRouteValidator_04" time="0.027"/>
  <testcase name="testAbaNumberCheck_5290_bad" classname="com.cardatechnologies.utils.validators.abaroutevalidator.Test_AbaRouteValidator_04" time="0.034"/>
  <testcase name="testAbaNumberCheck_5742_bad" classname="com.cardatechnologies.utils.validators.abaroutevalidator.Test_AbaRouteValidator_04" time="0.028"/>
  <testcase name="testAbaNumberCheck_6556_bad" classname="com.cardatechnologies.utils.validators.abaroutevalidator.Test_AbaRouteValidator_04" time="0.028"/>
  <testcase name="testAbaNumberCheck_5292_bad" classname="com.cardatechnologies.utils.validators.abaroutevalidator.Test_AbaRouteValidator_04" time="0.026"/>
  <testcase name="testAbaNumberCheck_7137_good" classname="com.cardatechnologies.utils.validators.abaroutevalidator.Test_AbaRouteValidator_04" time="0.023"/>
  <testcase name="testAbaNumberCheck_5744_bad" classname="com.cardatechnologies.utils.validators.abaroutevalidator.Test_AbaRouteValidator_04" time="0.023"/>
  <testcase name="testAbaNumberCheck_6558_bad" classname="com.cardatechnologies.utils.validators.abaroutevalidator.Test_AbaRouteValidator_04" time="0.024"/>
  <testcase name="testAbaNumberCheck_5294_bad" classname="com.cardatechnologies.utils.validators.abaroutevalidator.Test_AbaRouteValidator_04" time="0.024"/>
  <testcase name="testAbaNumberCheck_5746_bad" classname="com.cardatechnologies.utils.validators.abaroutevalidator.Test_AbaRouteValidator_04" time="0.024"/>
  <testcase name="testAbaNumberCheck_5296_bad" classname="com.cardatechnologies.utils.validators.abaroutevalidator.Test_AbaRouteValidator_04" time="0.022"/>
  <testcase name="testAbaNumberCheck_6161_good" classname="com.cardatechnologies.utils.validators.abaroutevalidator.Test_AbaRouteValidator_04" time="0.024"/>
  <testcase name="testAbaNumberCheck_5221_good" classname="com.cardatechnologies.utils.validators.abaroutevalidator.Test_AbaRouteValidator_04" time="0.022"/>
  <testcase name="testAbaNumberCheck_5748_bad" classname="com.cardatechnologies.utils.validators.abaroutevalidator.Test_AbaRouteValidator_04" time="0.024"/>
  <testcase name="testAbaNumberCheck_5298_bad" classname="com.cardatechnologies.utils.validators.abaroutevalidator.Test_AbaRouteValidator_04" time="0.022"/>
  <testcase name="testAbaNumberCheck_6035_good" classname="com.cardatechnologies.utils.validators.abaroutevalidator.Test_AbaRouteValidator_04" time="0.033"/>
  <testcase name="testAbaNumberCheck_7471_good" classname="com.cardatechnologies.utils.validators.abaroutevalidator.Test_AbaRouteValidator_04" time="0.021"/>
  <testcase name="testAbaNumberCheck_6531_good" classname="com.cardatechnologies.utils.validators.abaroutevalidator.Test_AbaRouteValidator_04" time="0.021"/>
  <testcase name="testAbaNumberCheck_7370_bad" classname="com.cardatechnologies.utils.validators.abaroutevalidator.Test_AbaRouteValidator_04" time="0.022"/>
  <testcase name="testAbaNumberCheck_7372_bad" classname="com.cardatechnologies.utils.validators.abaroutevalidator.Test_AbaRouteValidator_04" time="0.02"/>
  <testcase name="testAbaNumberCheck_7345_good" classname="com.cardatechnologies.utils.validators.abaroutevalidator.Test_AbaRouteValidator_04" time="0.021"/>
  <testcase name="testAbaNumberCheck_6405_good" classname="com.cardatechnologies.utils.validators.abaroutevalidator.Test_AbaRouteValidator_04" time="0.021"/>
  <testcase name="testAbaNumberCheck_6560_bad" classname="com.cardatechnologies.utils.validators.abaroutevalidator.Test_AbaRouteValidator_04" time="0.024"/>
  <testcase name="testAbaNumberCheck_7374_bad" classname="com.cardatechnologies.utils.validators.abaroutevalidator.Test_AbaRouteValidator_04" time="0.029"/>
  <testcase name="testAbaNumberCheck_6562_bad" classname="com.cardatechnologies.utils.validators.abaroutevalidator.Test_AbaRouteValidator_04" time="0.03"/>
  <testcase name="testAbaNumberCheck_7376_bad" classname="com.cardatechnologies.utils.validators.abaroutevalidator.Test_AbaRouteValidator_04" time="0.026"/>
  <testcase name="testAbaNumberCheck_7219_good" classname="com.cardatechnologies.utils.validators.abaroutevalidator.Test_AbaRouteValidator_04" time="0.028"/>
  <testcase name="testAbaNumberCheck_5750_bad" classname="com.cardatechnologies.utils.validators.abaroutevalidator.Test_AbaRouteValidator_04" time="0.021"/>
  <testcase name="testAbaNumberCheck_6564_bad" classname="com.cardatechnologies.utils.validators.abaroutevalidator.Test_AbaRouteValidator_04" time="0.02"/>
  <testcase name="testAbaNumberCheck_7378_bad" classname="com.cardatechnologies.utils.validators.abaroutevalidator.Test_AbaRouteValidator_04" time="0.021"/>
  <testcase name="testAbaNumberCheck_5752_bad" classname="com.cardatechnologies.utils.validators.abaroutevalidator.Test_AbaRouteValidator_04" time="0.021"/>
  <testcase name="testAbaNumberCheck_6566_bad" classname="com.cardatechnologies.utils.validators.abaroutevalidator.Test_AbaRouteValidator_04" time="0.021"/>
  <testcase name="testAbaNumberCheck_7183_good" classname="com.cardatechnologies.utils.validators.abaroutevalidator.Test_AbaRouteValidator_04" time="0.02"/>
  <testcase name="testAbaNumberCheck_6243_good" classname="com.cardatechnologies.utils.validators.abaroutevalidator.Test_AbaRouteValidator_04" time="0.021"/>
  <testcase name="testAbaNumberCheck_5303_good" classname="com.cardatechnologies.utils.validators.abaroutevalidator.Test_AbaRouteValidator_04" time="0.021"/>
  <testcase name="testAbaNumberCheck_5754_bad" classname="com.cardatechnologies.utils.validators.abaroutevalidator.Test_AbaRouteValidator_04" time="0.022"/>
  <testcase name="testAbaNumberCheck_6568_bad" classname="com.cardatechnologies.utils.validators.abaroutevalidator.Test_AbaRouteValidator_04" time="0.028"/>
  <testcase name="testAbaNumberCheck_6901_good" classname="com.cardatechnologies.utils.validators.abaroutevalidator.Test_AbaRouteValidator_04" time="0.033"/>
  <testcase name="testAbaNumberCheck_5756_bad" classname="com.cardatechnologies.utils.validators.abaroutevalidator.Test_AbaRouteValidator_04" time="0.034"/>
  <testcase name="testAbaNumberCheck_7057_good" classname="com.cardatechnologies.utils.validators.abaroutevalidator.Test_AbaRouteValidator_04" time="0.027"/>
  <testcase name="testAbaNumberCheck_6117_good" classname="com.cardatechnologies.utils.validators.abaroutevalidator.Test_AbaRouteValidator_04" time="0.027"/>
  <testcase name="testAbaNumberCheck_5758_bad" classname="com.cardatechnologies.utils.validators.abaroutevalidator.Test_AbaRouteValidator_04" time="0.025"/>
  <testcase name="testAbaNumberCheck_6081_good" classname="com.cardatechnologies.utils.validators.abaroutevalidator.Test_AbaRouteValidator_04" time="0.026"/>
  <testcase name="testAbaNumberCheck_5141_good" classname="com.cardatechnologies.utils.validators.abaroutevalidator.Test_AbaRouteValidator_04" time="0.027"/>
  <testcase name="testAbaNumberCheck_5015_good" classname="com.cardatechnologies.utils.validators.abaroutevalidator.Test_AbaRouteValidator_04" time="0.034"/>
  <testcase name="testAbaNumberCheck_6613_good" classname="com.cardatechnologies.utils.validators.abaroutevalidator.Test_AbaRouteValidator_04" time="0.029"/>
  <testcase name="testAbaNumberCheck_7427_good" classname="com.cardatechnologies.utils.validators.abaroutevalidator.Test_AbaRouteValidator_04" time="0.025"/>
  <testcase name="testAbaNumberCheck_7380_bad" classname="com.cardatechnologies.utils.validators.abaroutevalidator.Test_AbaRouteValidator_04" time="0.024"/>
  <testcase name="testAbaNumberCheck_7391_good" classname="com.cardatechnologies.utils.validators.abaroutevalidator.Test_AbaRouteValidator_04" time="0.024"/>
  <testcase name="testAbaNumberCheck_7382_bad" classname="com.cardatechnologies.utils.validators.abaroutevalidator.Test_AbaRouteValidator_04" time="0.023"/>
  <testcase name="testAbaNumberCheck_6451_good" classname="com.cardatechnologies.utils.validators.abaroutevalidator.Test_AbaRouteValidator_04" time="0.025"/>
  <testcase name="testAbaNumberCheck_5511_good" classname="com.cardatechnologies.utils.validators.abaroutevalidator.Test_AbaRouteValidator_04" time="0.025"/>
  <testcase name="testAbaNumberCheck_6570_bad" classname="com.cardatechnologies.utils.validators.abaroutevalidator.Test_AbaRouteValidator_04" time="0.024"/>
  <testcase name="testAbaNumberCheck_7384_bad" classname="com.cardatechnologies.utils.validators.abaroutevalidator.Test_AbaRouteValidator_04" time="0.024"/>
  <testcase name="testAbaNumberCheck_6572_bad" classname="com.cardatechnologies.utils.validators.abaroutevalidator.Test_AbaRouteValidator_04" time="0.024"/>
  <testcase name="testAbaNumberCheck_7386_bad" classname="com.cardatechnologies.utils.validators.abaroutevalidator.Test_AbaRouteValidator_04" time="0.023"/>
  <testcase name="testAbaNumberCheck_7265_good" classname="com.cardatechnologies.utils.validators.abaroutevalidator.Test_AbaRouteValidator_04" time="0.024"/>
  <testcase name="testAbaNumberCheck_6325_good" classname="com.cardatechnologies.utils.validators.abaroutevalidator.Test_AbaRouteValidator_04" time="0.024"/>
  <testcase name="testAbaNumberCheck_5760_bad" classname="com.cardatechnologies.utils.validators.abaroutevalidator.Test_AbaRouteValidator_04" time="0.032"/>
  <testcase name="testAbaNumberCheck_6574_bad" classname="com.cardatechnologies.utils.validators.abaroutevalidator.Test_AbaRouteValidator_04" time="0.025"/>
  <testcase name="testAbaNumberCheck_7388_bad" classname="com.cardatechnologies.utils.validators.abaroutevalidator.Test_AbaRouteValidator_04" time="0.028"/>
  <testcase name="testAbaNumberCheck_5762_bad" classname="com.cardatechnologies.utils.validators.abaroutevalidator.Test_AbaRouteValidator_04" time="0.028"/>
  <testcase name="testAbaNumberCheck_6576_bad" classname="com.cardatechnologies.utils.validators.abaroutevalidator.Test_AbaRouteValidator_04" time="0.028"/>
  <testcase name="testAbaNumberCheck_7139_good" classname="com.cardatechnologies.utils.validators.abaroutevalidator.Test_AbaRouteValidator_04" time="0.028"/>
  <testcase name="testAbaNumberCheck_5764_bad" classname="com.cardatechnologies.utils.validators.abaroutevalidator.Test_AbaRouteValidator_04" time="0.029"/>
  <testcase name="testAbaNumberCheck_6578_bad" classname="com.cardatechnologies.utils.validators.abaroutevalidator.Test_AbaRouteValidator_04" time="0.033"/>
  <testcase name="testAbaNumberCheck_5766_bad" classname="com.cardatechnologies.utils.validators.abaroutevalidator.Test_AbaRouteValidator_04" time="0.021"/>
  <testcase name="testAbaNumberCheck_6163_good" classname="com.cardatechnologies.utils.validators.abaroutevalidator.Test_AbaRouteValidator_04" time="0.023"/>
  <testcase name="testAbaNumberCheck_5223_good" classname="com.cardatechnologies.utils.validators.abaroutevalidator.Test_AbaRouteValidator_04" time="0.026"/>
  <testcase name="testAbaNumberCheck_5768_bad" classname="com.cardatechnologies.utils.validators.abaroutevalidator.Test_AbaRouteValidator_04" time="0.03"/>
  <testcase name="testAbaNumberCheck_6821_good" classname="com.cardatechnologies.utils.validators.abaroutevalidator.Test_AbaRouteValidator_04" time="0.031"/>
  <testcase name="testAbaNumberCheck_6037_good" classname="com.cardatechnologies.utils.validators.abaroutevalidator.Test_AbaRouteValidator_04" time="0.03"/>
  <testcase name="testAbaNumberCheck_5061_good" classname="com.cardatechnologies.utils.validators.abaroutevalidator.Test_AbaRouteValidator_04" time="0.025"/>
  <testcase name="testAbaNumberCheck_7473_good" classname="com.cardatechnologies.utils.validators.abaroutevalidator.Test_AbaRouteValidator_04" time="0.022"/>
  <testcase name="testAbaNumberCheck_6533_good" classname="com.cardatechnologies.utils.validators.abaroutevalidator.Test_AbaRouteValidator_04" time="0.02"/>
  <testcase name="testAbaNumberCheck_7390_bad" classname="com.cardatechnologies.utils.validators.abaroutevalidator.Test_AbaRouteValidator_04" time="0.021"/>
  <testcase name="testAbaNumberCheck_7392_bad" classname="com.cardatechnologies.utils.validators.abaroutevalidator.Test_AbaRouteValidator_04" time="0.021"/>
  <testcase name="testAbaNumberCheck_7347_good" classname="com.cardatechnologies.utils.validators.abaroutevalidator.Test_AbaRouteValidator_04" time="0.02"/>
  <testcase name="testAbaNumberCheck_6407_good" classname="com.cardatechnologies.utils.validators.abaroutevalidator.Test_AbaRouteValidator_04" time="0.034"/>
  <testcase name="testAbaNumberCheck_6580_bad" classname="com.cardatechnologies.utils.validators.abaroutevalidator.Test_AbaRouteValidator_04" time="0.026"/>
  <testcase name="testAbaNumberCheck_7394_bad" classname="com.cardatechnologies.utils.validators.abaroutevalidator.Test_AbaRouteValidator_04" time="0.026"/>
  <testcase name="testAbaNumberCheck_6582_bad" classname="com.cardatechnologies.utils.validators.abaroutevalidator.Test_AbaRouteValidator_04" time="0.02"/>
  <testcase name="testAbaNumberCheck_7396_bad" classname="com.cardatechnologies.utils.validators.abaroutevalidator.Test_AbaRouteValidator_04" time="0.021"/>
  <testcase name="testAbaNumberCheck_6371_good" classname="com.cardatechnologies.utils.validators.abaroutevalidator.Test_AbaRouteValidator_04" time="0.021"/>
  <testcase name="testAbaNumberCheck_5431_good" classname="com.cardatechnologies.utils.validators.abaroutevalidator.Test_AbaRouteValidator_04" time="0.021"/>
  <testcase name="testAbaNumberCheck_5770_bad" classname="com.cardatechnologies.utils.validators.abaroutevalidator.Test_AbaRouteValidator_04" time="0.021"/>
  <testcase name="testAbaNumberCheck_6584_bad" classname="com.cardatechnologies.utils.validators.abaroutevalidator.Test_AbaRouteValidator_04" time="0.028"/>
  <testcase name="testAbaNumberCheck_7398_bad" classname="com.cardatechnologies.utils.validators.abaroutevalidator.Test_AbaRouteValidator_04" time="0.021"/>
  <testcase name="testAbaNumberCheck_5772_bad" classname="com.cardatechnologies.utils.validators.abaroutevalidator.Test_AbaRouteValidator_04" time="0.024"/>
  <testcase name="testAbaNumberCheck_6586_bad" classname="com.cardatechnologies.utils.validators.abaroutevalidator.Test_AbaRouteValidator_04" time="0.026"/>
  <testcase name="testAbaNumberCheck_7185_good" classname="com.cardatechnologies.utils.validators.abaroutevalidator.Test_AbaRouteValidator_04" time="0.026"/>
  <testcase name="testAbaNumberCheck_6245_good" classname="com.cardatechnologies.utils.validators.abaroutevalidator.Test_AbaRouteValidator_04" time="0.026"/>
  <testcase name="testAbaNumberCheck_5305_good" classname="com.cardatechnologies.utils.validators.abaroutevalidator.Test_AbaRouteValidator_04" time="0.025"/>
  <testcase name="testAbaNumberCheck_5774_bad" classname="com.cardatechnologies.utils.validators.abaroutevalidator.Test_AbaRouteValidator_04" time="0.026"/>
  <testcase name="testAbaNumberCheck_6588_bad" classname="com.cardatechnologies.utils.validators.abaroutevalidator.Test_AbaRouteValidator_04" time="0.026"/>
  <testcase name="testAbaNumberCheck_6903_good" classname="com.cardatechnologies.utils.validators.abaroutevalidator.Test_AbaRouteValidator_04" time="0.025"/>
  <testcase name="testAbaNumberCheck_5776_bad" classname="com.cardatechnologies.utils.validators.abaroutevalidator.Test_AbaRouteValidator_04" time="0.026"/>
  <testcase name="testAbaNumberCheck_7059_good" classname="com.cardatechnologies.utils.validators.abaroutevalidator.Test_AbaRouteValidator_04" time="0.026"/>
  <testcase name="testAbaNumberCheck_6119_good" classname="com.cardatechnologies.utils.validators.abaroutevalidator.Test_AbaRouteValidator_04" time="0.026"/>
  <testcase name="testAbaNumberCheck_5778_bad" classname="com.cardatechnologies.utils.validators.abaroutevalidator.Test_AbaRouteValidator_04" time="0.034"/>
  <testcase name="testAbaNumberCheck_6083_good" classname="com.cardatechnologies.utils.validators.abaroutevalidator.Test_AbaRouteValidator_04" time="0.026"/>
  <testcase name="testAbaNumberCheck_5143_good" classname="com.cardatechnologies.utils.validators.abaroutevalidator.Test_AbaRouteValidator_04" time="0.026"/>
  <testcase name="testAbaNumberCheck_6741_good" classname="com.cardatechnologies.utils.validators.abaroutevalidator.Test_AbaRouteValidator_04" time="0.027"/>
  <testcase name="testAbaNumberCheck_5801_good" classname="com.cardatechnologies.utils.validators.abaroutevalidator.Test_AbaRouteValidator_04" time="0.025"/>
  <testcase name="testAbaNumberCheck_5017_good" classname="com.cardatechnologies.utils.validators.abaroutevalidator.Test_AbaRouteValidator_04" time="0.025"/>
  <testcase name="testAbaNumberCheck_6615_good" classname="com.cardatechnologies.utils.validators.abaroutevalidator.Test_AbaRouteValidator_04" time="0.021"/>
  <testcase name="testAbaNumberCheck_7429_good" classname="com.cardatechnologies.utils.validators.abaroutevalidator.Test_AbaRouteValidator_04" time="0.029"/>
  <testcase name="testAbaNumberCheck_7393_good" classname="com.cardatechnologies.utils.validators.abaroutevalidator.Test_AbaRouteValidator_04" time="0.027"/>
  <testcase name="testAbaNumberCheck_6453_good" classname="com.cardatechnologies.utils.validators.abaroutevalidator.Test_AbaRouteValidator_04" time="0.025"/>
  <testcase name="testAbaNumberCheck_5513_good" classname="com.cardatechnologies.utils.validators.abaroutevalidator.Test_AbaRouteValidator_04" time="0.026"/>
  <testcase name="testAbaNumberCheck_6590_bad" classname="com.cardatechnologies.utils.validators.abaroutevalidator.Test_AbaRouteValidator_04" time="0.025"/>
  <testcase name="testAbaNumberCheck_6592_bad" classname="com.cardatechnologies.utils.validators.abaroutevalidator.Test_AbaRouteValidator_04" time="0.028"/>
  <testcase name="testAbaNumberCheck_7267_good" classname="com.cardatechnologies.utils.validators.abaroutevalidator.Test_AbaRouteValidator_04" time="0.028"/>
  <testcase name="testAbaNumberCheck_6327_good" classname="com.cardatechnologies.utils.validators.abaroutevalidator.Test_AbaRouteValidator_04" time="0.029"/>
  <testcase name="testAbaNumberCheck_5780_bad" classname="com.cardatechnologies.utils.validators.abaroutevalidator.Test_AbaRouteValidator_04" time="0.024"/>
  <testcase name="testAbaNumberCheck_6594_bad" classname="com.cardatechnologies.utils.validators.abaroutevalidator.Test_AbaRouteValidator_04" time="0.021"/>
  <testcase name="testAbaNumberCheck_5782_bad" classname="com.cardatechnologies.utils.validators.abaroutevalidator.Test_AbaRouteValidator_04" time="0.022"/>
  <testcase name="testAbaNumberCheck_6596_bad" classname="com.cardatechnologies.utils.validators.abaroutevalidator.Test_AbaRouteValidator_04" time="0.025"/>
  <testcase name="testAbaNumberCheck_6291_good" classname="com.cardatechnologies.utils.validators.abaroutevalidator.Test_AbaRouteValidator_04" time="0.028"/>
  <testcase name="testAbaNumberCheck_5351_good" classname="com.cardatechnologies.utils.validators.abaroutevalidator.Test_AbaRouteValidator_04" time="0.034"/>
  <testcase name="testAbaNumberCheck_5784_bad" classname="com.cardatechnologies.utils.validators.abaroutevalidator.Test_AbaRouteValidator_04" time="0.027"/>
  <testcase name="testAbaNumberCheck_6598_bad" classname="com.cardatechnologies.utils.validators.abaroutevalidator.Test_AbaRouteValidator_04" time="0.023"/>
  <testcase name="testAbaNumberCheck_5786_bad" classname="com.cardatechnologies.utils.validators.abaroutevalidator.Test_AbaRouteValidator_04" time="0.02"/>
  <testcase name="testAbaNumberCheck_6165_good" classname="com.cardatechnologies.utils.validators.abaroutevalidator.Test_AbaRouteValidator_04" time="0.022"/>
  <testcase name="testAbaNumberCheck_5225_good" classname="com.cardatechnologies.utils.validators.abaroutevalidator.Test_AbaRouteValidator_04" time="0.02"/>
  <testcase name="testAbaNumberCheck_5788_bad" classname="com.cardatechnologies.utils.validators.abaroutevalidator.Test_AbaRouteValidator_04" time="0.021"/>
  <testcase name="testAbaNumberCheck_6823_good" classname="com.cardatechnologies.utils.validators.abaroutevalidator.Test_AbaRouteValidator_04" time="0.02"/>
  <testcase name="testAbaNumberCheck_6039_good" classname="com.cardatechnologies.utils.validators.abaroutevalidator.Test_AbaRouteValidator_04" time="0.028"/>
  <testcase name="testAbaNumberCheck_5063_good" classname="com.cardatechnologies.utils.validators.abaroutevalidator.Test_AbaRouteValidator_04" time="0.021"/>
  <testcase name="testAbaNumberCheck_6661_good" classname="com.cardatechnologies.utils.validators.abaroutevalidator.Test_AbaRouteValidator_04" time="0.02"/>
  <testcase name="testAbaNumberCheck_5721_good" classname="com.cardatechnologies.utils.validators.abaroutevalidator.Test_AbaRouteValidator_04" time="0.021"/>
  <testcase name="testAbaNumberCheck_7475_good" classname="com.cardatechnologies.utils.validators.abaroutevalidator.Test_AbaRouteValidator_04" time="0.021"/>
  <testcase name="testAbaNumberCheck_6535_good" classname="com.cardatechnologies.utils.validators.abaroutevalidator.Test_AbaRouteValidator_04" time="0.02"/>
  <testcase name="testAbaNumberCheck_7349_good" classname="com.cardatechnologies.utils.validators.abaroutevalidator.Test_AbaRouteValidator_04" time="0.02"/>
  <testcase name="testAbaNumberCheck_6409_good" classname="com.cardatechnologies.utils.validators.abaroutevalidator.Test_AbaRouteValidator_04" time="0.021"/>
  <testcase name="testAbaNumberCheck_6373_good" classname="com.cardatechnologies.utils.validators.abaroutevalidator.Test_AbaRouteValidator_04" time="0.026"/>
  <testcase name="testAbaNumberCheck_5433_good" classname="com.cardatechnologies.utils.validators.abaroutevalidator.Test_AbaRouteValidator_04" time="0.019"/>
  <testcase name="testAbaNumberCheck_5790_bad" classname="com.cardatechnologies.utils.validators.abaroutevalidator.Test_AbaRouteValidator_04" time="0.022"/>
  <testcase name="testAbaNumberCheck_5792_bad" classname="com.cardatechnologies.utils.validators.abaroutevalidator.Test_AbaRouteValidator_04" time="0.02"/>
  <testcase name="testAbaNumberCheck_7187_good" classname="com.cardatechnologies.utils.validators.abaroutevalidator.Test_AbaRouteValidator_04" time="0.021"/>
  <testcase name="testAbaNumberCheck_6247_good" classname="com.cardatechnologies.utils.validators.abaroutevalidator.Test_AbaRouteValidator_04" time="0.026"/>
  <testcase name="testAbaNumberCheck_5307_good" classname="com.cardatechnologies.utils.validators.abaroutevalidator.Test_AbaRouteValidator_04" time="0.027"/>
  <testcase name="testAbaNumberCheck_5794_bad" classname="com.cardatechnologies.utils.validators.abaroutevalidator.Test_AbaRouteValidator_04" time="0.032"/>
  <testcase name="testAbaNumberCheck_6905_good" classname="com.cardatechnologies.utils.validators.abaroutevalidator.Test_AbaRouteValidator_04" time="0.034"/>
  <testcase name="testAbaNumberCheck_5796_bad" classname="com.cardatechnologies.utils.validators.abaroutevalidator.Test_AbaRouteValidator_04" time="0.027"/>
  <testcase name="testAbaNumberCheck_5271_good" classname="com.cardatechnologies.utils.validators.abaroutevalidator.Test_AbaRouteValidator_04" time="0.029"/>
  <testcase name="testAbaNumberCheck_5798_bad" classname="com.cardatechnologies.utils.validators.abaroutevalidator.Test_AbaRouteValidator_04" time="0.024"/>
  <testcase name="testAbaNumberCheck_6085_good" classname="com.cardatechnologies.utils.validators.abaroutevalidator.Test_AbaRouteValidator_04" time="0.023"/>
  <testcase name="testAbaNumberCheck_5145_good" classname="com.cardatechnologies.utils.validators.abaroutevalidator.Test_AbaRouteValidator_04" time="0.021"/>
  <testcase name="testAbaNumberCheck_6743_good" classname="com.cardatechnologies.utils.validators.abaroutevalidator.Test_AbaRouteValidator_04" time="0.028"/>
  <testcase name="testAbaNumberCheck_5803_good" classname="com.cardatechnologies.utils.validators.abaroutevalidator.Test_AbaRouteValidator_04" time="0.024"/>
  <testcase name="testAbaNumberCheck_5019_good" classname="com.cardatechnologies.utils.validators.abaroutevalidator.Test_AbaRouteValidator_04" time="0.023"/>
  <testcase name="testAbaNumberCheck_6617_good" classname="com.cardatechnologies.utils.validators.abaroutevalidator.Test_AbaRouteValidator_04" time="0.027"/>
  <testcase name="testAbaNumberCheck_6581_good" classname="com.cardatechnologies.utils.validators.abaroutevalidator.Test_AbaRouteValidator_04" time="0.023"/>
  <testcase name="testAbaNumberCheck_5641_good" classname="com.cardatechnologies.utils.validators.abaroutevalidator.Test_AbaRouteValidator_04" time="0.033"/>
  <testcase name="testAbaNumberCheck_7395_good" classname="com.cardatechnologies.utils.validators.abaroutevalidator.Test_AbaRouteValidator_04" time="0.025"/>
  <testcase name="testAbaNumberCheck_6455_good" classname="com.cardatechnologies.utils.validators.abaroutevalidator.Test_AbaRouteValidator_04" time="0.02"/>
  <testcase name="testAbaNumberCheck_5515_good" classname="com.cardatechnologies.utils.validators.abaroutevalidator.Test_AbaRouteValidator_04" time="0.023"/>
  <testcase name="testAbaNumberCheck_7269_good" classname="com.cardatechnologies.utils.validators.abaroutevalidator.Test_AbaRouteValidator_04" time="0.022"/>
  <testcase name="testAbaNumberCheck_6329_good" classname="com.cardatechnologies.utils.validators.abaroutevalidator.Test_AbaRouteValidator_04" time="0.02"/>
  <testcase name="testAbaNumberCheck_6293_good" classname="com.cardatechnologies.utils.validators.abaroutevalidator.Test_AbaRouteValidator_04" time="0.021"/>
  <testcase name="testAbaNumberCheck_5353_good" classname="com.cardatechnologies.utils.validators.abaroutevalidator.Test_AbaRouteValidator_04" time="0.02"/>
  <testcase name="testAbaNumberCheck_6951_good" classname="com.cardatechnologies.utils.validators.abaroutevalidator.Test_AbaRouteValidator_04" time="0.023"/>
  <testcase name="testAbaNumberCheck_6167_good" classname="com.cardatechnologies.utils.validators.abaroutevalidator.Test_AbaRouteValidator_04" time="0.027"/>
  <testcase name="testAbaNumberCheck_5227_good" classname="com.cardatechnologies.utils.validators.abaroutevalidator.Test_AbaRouteValidator_04" time="0.035"/>
  <testcase name="testAbaNumberCheck_6825_good" classname="com.cardatechnologies.utils.validators.abaroutevalidator.Test_AbaRouteValidator_04" time="0.03"/>
  <testcase name="testAbaNumberCheck_5191_good" classname="com.cardatechnologies.utils.validators.abaroutevalidator.Test_AbaRouteValidator_04" time="0.025"/>
  <testcase name="testAbaNumberCheck_5065_good" classname="com.cardatechnologies.utils.validators.abaroutevalidator.Test_AbaRouteValidator_04" time="0.022"/>
  <testcase name="testAbaNumberCheck_6663_good" classname="com.cardatechnologies.utils.validators.abaroutevalidator.Test_AbaRouteValidator_04" time="0.021"/>
  <testcase name="testAbaNumberCheck_5723_good" classname="com.cardatechnologies.utils.validators.abaroutevalidator.Test_AbaRouteValidator_04" time="0.02"/>
  <testcase name="testAbaNumberCheck_7477_good" classname="com.cardatechnologies.utils.validators.abaroutevalidator.Test_AbaRouteValidator_04" time="0.021"/>
  <testcase name="testAbaNumberCheck_6537_good" classname="com.cardatechnologies.utils.validators.abaroutevalidator.Test_AbaRouteValidator_04" time="0.028"/>
  <testcase name="testAbaNumberCheck_5561_good" classname="com.cardatechnologies.utils.validators.abaroutevalidator.Test_AbaRouteValidator_04" time="0.02"/>
  <testcase name="testAbaNumberCheck_6375_good" classname="com.cardatechnologies.utils.validators.abaroutevalidator.Test_AbaRouteValidator_04" time="0.021"/>
  <testcase name="testAbaNumberCheck_5435_good" classname="com.cardatechnologies.utils.validators.abaroutevalidator.Test_AbaRouteValidator_04" time="0.02"/>
  <testcase name="testAbaNumberCheck_7189_good" classname="com.cardatechnologies.utils.validators.abaroutevalidator.Test_AbaRouteValidator_04" time="0.021"/>
  <testcase name="testAbaNumberCheck_6249_good" classname="com.cardatechnologies.utils.validators.abaroutevalidator.Test_AbaRouteValidator_04" time="0.021"/>
  <testcase name="testAbaNumberCheck_5309_good" classname="com.cardatechnologies.utils.validators.abaroutevalidator.Test_AbaRouteValidator_04" time="0.02"/>
  <testcase name="testAbaNumberCheck_6907_good" classname="com.cardatechnologies.utils.validators.abaroutevalidator.Test_AbaRouteValidator_04" time="0.022"/>
  <testcase name="testAbaNumberCheck_5273_good" classname="com.cardatechnologies.utils.validators.abaroutevalidator.Test_AbaRouteValidator_04" time="0.02"/>
  <testcase name="testAbaNumberCheck_6871_good" classname="com.cardatechnologies.utils.validators.abaroutevalidator.Test_AbaRouteValidator_04" time="0.021"/>
  <testcase name="testAbaNumberCheck_5931_good" classname="com.cardatechnologies.utils.validators.abaroutevalidator.Test_AbaRouteValidator_04" time="0.02"/>
  <testcase name="testAbaNumberCheck_6087_good" classname="com.cardatechnologies.utils.validators.abaroutevalidator.Test_AbaRouteValidator_04" time="0.024"/>
  <testcase name="testAbaNumberCheck_5147_good" classname="com.cardatechnologies.utils.validators.abaroutevalidator.Test_AbaRouteValidator_04" time="0.025"/>
  <testcase name="testAbaNumberCheck_6745_good" classname="com.cardatechnologies.utils.validators.abaroutevalidator.Test_AbaRouteValidator_04" time="0.026"/>
  <testcase name="testAbaNumberCheck_5805_good" classname="com.cardatechnologies.utils.validators.abaroutevalidator.Test_AbaRouteValidator_04" time="0.025"/>
  <testcase name="testAbaNumberCheck_6619_good" classname="com.cardatechnologies.utils.validators.abaroutevalidator.Test_AbaRouteValidator_04" time="0.03"/>
  <testcase name="testAbaNumberCheck_6583_good" classname="com.cardatechnologies.utils.validators.abaroutevalidator.Test_AbaRouteValidator_04" time="0.028"/>
  <testcase name="testAbaNumberCheck_5643_good" classname="com.cardatechnologies.utils.validators.abaroutevalidator.Test_AbaRouteValidator_04" time="0.021"/>
  <testcase name="testAbaNumberCheck_7397_good" classname="com.cardatechnologies.utils.validators.abaroutevalidator.Test_AbaRouteValidator_04" time="0.022"/>
  <testcase name="testAbaNumberCheck_6457_good" classname="com.cardatechnologies.utils.validators.abaroutevalidator.Test_AbaRouteValidator_04" time="0.022"/>
  <testcase name="testAbaNumberCheck_5517_good" classname="com.cardatechnologies.utils.validators.abaroutevalidator.Test_AbaRouteValidator_04" time="0.025"/>
  <testcase name="testAbaNumberCheck_5481_good" classname="com.cardatechnologies.utils.validators.abaroutevalidator.Test_AbaRouteValidator_04" time="0.034"/>
  <testcase name="testAbaNumberCheck_6295_good" classname="com.cardatechnologies.utils.validators.abaroutevalidator.Test_AbaRouteValidator_04" time="0.036"/>
  <testcase name="testAbaNumberCheck_5355_good" classname="com.cardatechnologies.utils.validators.abaroutevalidator.Test_AbaRouteValidator_04" time="0.026"/>
  <testcase name="testAbaNumberCheck_6953_good" classname="com.cardatechnologies.utils.validators.abaroutevalidator.Test_AbaRouteValidator_04" time="0.026"/>
  <testcase name="testAbaNumberCheck_6169_good" classname="com.cardatechnologies.utils.validators.abaroutevalidator.Test_AbaRouteValidator_04" time="0.025"/>
  <testcase name="testAbaNumberCheck_5229_good" classname="com.cardatechnologies.utils.validators.abaroutevalidator.Test_AbaRouteValidator_04" time="0.026"/>
  <testcase name="testAbaNumberCheck_6827_good" classname="com.cardatechnologies.utils.validators.abaroutevalidator.Test_AbaRouteValidator_04" time="0.027"/>
  <testcase name="testAbaNumberCheck_5193_good" classname="com.cardatechnologies.utils.validators.abaroutevalidator.Test_AbaRouteValidator_04" time="0.025"/>
  <testcase name="testAbaNumberCheck_6791_good" classname="com.cardatechnologies.utils.validators.abaroutevalidator.Test_AbaRouteValidator_04" time="0.026"/>
  <testcase name="testAbaNumberCheck_5851_good" classname="com.cardatechnologies.utils.validators.abaroutevalidator.Test_AbaRouteValidator_04" time="0.026"/>
  <testcase name="testAbaNumberCheck_5067_good" classname="com.cardatechnologies.utils.validators.abaroutevalidator.Test_AbaRouteValidator_04" time="0.026"/>
  <testcase name="testAbaNumberCheck_6665_good" classname="com.cardatechnologies.utils.validators.abaroutevalidator.Test_AbaRouteValidator_04" time="0.025"/>
  <testcase name="testAbaNumberCheck_5725_good" classname="com.cardatechnologies.utils.validators.abaroutevalidator.Test_AbaRouteValidator_04" time="0.026"/>
  <testcase name="testAbaNumberCheck_7479_good" classname="com.cardatechnologies.utils.validators.abaroutevalidator.Test_AbaRouteValidator_04" time="0.023"/>
  <testcase name="testAbaNumberCheck_6539_good" classname="com.cardatechnologies.utils.validators.abaroutevalidator.Test_AbaRouteValidator_04" time="0.021"/>
  <testcase name="testAbaNumberCheck_5563_good" classname="com.cardatechnologies.utils.validators.abaroutevalidator.Test_AbaRouteValidator_04" time="0.028"/>
  <testcase name="testAbaNumberCheck_6377_good" classname="com.cardatechnologies.utils.validators.abaroutevalidator.Test_AbaRouteValidator_04" time="0.021"/>
  <testcase name="testAbaNumberCheck_5437_good" classname="com.cardatechnologies.utils.validators.abaroutevalidator.Test_AbaRouteValidator_04" time="0.02"/>
  <testcase name="testAbaNumberCheck_6909_good" classname="com.cardatechnologies.utils.validators.abaroutevalidator.Test_AbaRouteValidator_04" time="0.022"/>
  <testcase name="testAbaNumberCheck_5275_good" classname="com.cardatechnologies.utils.validators.abaroutevalidator.Test_AbaRouteValidator_04" time="0.021"/>
  <testcase name="testAbaNumberCheck_6873_good" classname="com.cardatechnologies.utils.validators.abaroutevalidator.Test_AbaRouteValidator_04" time="0.021"/>
  <testcase name="testAbaNumberCheck_5933_good" classname="com.cardatechnologies.utils.validators.abaroutevalidator.Test_AbaRouteValidator_04" time="0.025"/>
  <testcase name="testAbaNumberCheck_6089_good" classname="com.cardatechnologies.utils.validators.abaroutevalidator.Test_AbaRouteValidator_04" time="0.036"/>
  <testcase name="testAbaNumberCheck_5149_good" classname="com.cardatechnologies.utils.validators.abaroutevalidator.Test_AbaRouteValidator_04" time="0.024"/>
  <testcase name="testAbaNumberCheck_6747_good" classname="com.cardatechnologies.utils.validators.abaroutevalidator.Test_AbaRouteValidator_04" time="0.022"/>
  <testcase name="testAbaNumberCheck_5807_good" classname="com.cardatechnologies.utils.validators.abaroutevalidator.Test_AbaRouteValidator_04" time="0.022"/>
  <testcase name="testAbaNumberCheck_5771_good" classname="com.cardatechnologies.utils.validators.abaroutevalidator.Test_AbaRouteValidator_04" time="0.022"/>
  <testcase name="testAbaNumberCheck_6585_good" classname="com.cardatechnologies.utils.validators.abaroutevalidator.Test_AbaRouteValidator_04" time="0.024"/>
  <testcase name="testAbaNumberCheck_5645_good" classname="com.cardatechnologies.utils.validators.abaroutevalidator.Test_AbaRouteValidator_04" time="0.021"/>
  <testcase name="testAbaNumberCheck_7399_good" classname="com.cardatechnologies.utils.validators.abaroutevalidator.Test_AbaRouteValidator_04" time="0.021"/>
  <testcase name="testAbaNumberCheck_6459_good" classname="com.cardatechnologies.utils.validators.abaroutevalidator.Test_AbaRouteValidator_04" time="0.021"/>
  <testcase name="testAbaNumberCheck_5519_good" classname="com.cardatechnologies.utils.validators.abaroutevalidator.Test_AbaRouteValidator_04" time="0.02"/>
  <testcase name="testAbaNumberCheck_5483_good" classname="com.cardatechnologies.utils.validators.abaroutevalidator.Test_AbaRouteValidator_04" time="0.021"/>
  <testcase name="testAbaNumberCheck_6297_good" classname="com.cardatechnologies.utils.validators.abaroutevalidator.Test_AbaRouteValidator_04" time="0.02"/>
  <testcase name="testAbaNumberCheck_5357_good" classname="com.cardatechnologies.utils.validators.abaroutevalidator.Test_AbaRouteValidator_04" time="0.021"/>
  <testcase name="testAbaNumberCheck_6955_good" classname="com.cardatechnologies.utils.validators.abaroutevalidator.Test_AbaRouteValidator_04" time="0.021"/>
  <testcase name="testAbaNumberCheck_6829_good" classname="com.cardatechnologies.utils.validators.abaroutevalidator.Test_AbaRouteValidator_04" time="0.02"/>
  <testcase name="testAbaNumberCheck_5195_good" classname="com.cardatechnologies.utils.validators.abaroutevalidator.Test_AbaRouteValidator_04" time="0.022"/>
  <testcase name="testAbaNumberCheck_6793_good" classname="com.cardatechnologies.utils.validators.abaroutevalidator.Test_AbaRouteValidator_04" time="0.027"/>
  <testcase name="testAbaNumberCheck_5853_good" classname="com.cardatechnologies.utils.validators.abaroutevalidator.Test_AbaRouteValidator_04" time="0.024"/>
  <testcase name="testAbaNumberCheck_5069_good" classname="com.cardatechnologies.utils.validators.abaroutevalidator.Test_AbaRouteValidator_04" time="0.021"/>
  <testcase name="testAbaNumberCheck_6667_good" classname="com.cardatechnologies.utils.validators.abaroutevalidator.Test_AbaRouteValidator_04" time="0.02"/>
  <testcase name="testAbaNumberCheck_5727_good" classname="com.cardatechnologies.utils.validators.abaroutevalidator.Test_AbaRouteValidator_04" time="0.021"/>
  <testcase name="testAbaNumberCheck_5691_good" classname="com.cardatechnologies.utils.validators.abaroutevalidator.Test_AbaRouteValidator_04" time="0.02"/>
  <testcase name="testAbaNumberCheck_5565_good" classname="com.cardatechnologies.utils.validators.abaroutevalidator.Test_AbaRouteValidator_04" time="0.022"/>
  <testcase name="testAbaNumberCheck_6379_good" classname="com.cardatechnologies.utils.validators.abaroutevalidator.Test_AbaRouteValidator_04" time="0.019"/>
  <testcase name="testAbaNumberCheck_5439_good" classname="com.cardatechnologies.utils.validators.abaroutevalidator.Test_AbaRouteValidator_04" time="0.033"/>
  <testcase name="testAbaNumberCheck_5277_good" classname="com.cardatechnologies.utils.validators.abaroutevalidator.Test_AbaRouteValidator_04" time="0.021"/>
  <testcase name="testAbaNumberCheck_6875_good" classname="com.cardatechnologies.utils.validators.abaroutevalidator.Test_AbaRouteValidator_04" time="0.021"/>
  <testcase name="testAbaNumberCheck_5935_good" classname="com.cardatechnologies.utils.validators.abaroutevalidator.Test_AbaRouteValidator_04" time="0.02"/>
  <testcase name="testAbaNumberCheck_6749_good" classname="com.cardatechnologies.utils.validators.abaroutevalidator.Test_AbaRouteValidator_04" time="0.021"/>
  <testcase name="testAbaNumberCheck_5809_good" classname="com.cardatechnologies.utils.validators.abaroutevalidator.Test_AbaRouteValidator_04" time="0.02"/>
  <testcase name="testAbaNumberCheck_5773_good" classname="com.cardatechnologies.utils.validators.abaroutevalidator.Test_AbaRouteValidator_04" time="0.02"/>
  <testcase name="testAbaNumberCheck_6587_good" classname="com.cardatechnologies.utils.validators.abaroutevalidator.Test_AbaRouteValidator_04" time="0.021"/>
  <testcase name="testAbaNumberCheck_5647_good" classname="com.cardatechnologies.utils.validators.abaroutevalidator.Test_AbaRouteValidator_04" time="0.02"/>
  <testcase name="testAbaNumberCheck_5485_good" classname="com.cardatechnologies.utils.validators.abaroutevalidator.Test_AbaRouteValidator_04" time="0.021"/>
  <testcase name="testAbaNumberCheck_6299_good" classname="com.cardatechnologies.utils.validators.abaroutevalidator.Test_AbaRouteValidator_04" time="0.021"/>
  <testcase name="testAbaNumberCheck_5359_good" classname="com.cardatechnologies.utils.validators.abaroutevalidator.Test_AbaRouteValidator_04" time="0.02"/>
  <testcase name="testAbaNumberCheck_6957_good" classname="com.cardatechnologies.utils.validators.abaroutevalidator.Test_AbaRouteValidator_04" time="0.019"/>
  <testcase name="testAbaNumberCheck_5981_good" classname="com.cardatechnologies.utils.validators.abaroutevalidator.Test_AbaRouteValidator_04" time="0.022"/>
  <testcase name="testAbaNumberCheck_5197_good" classname="com.cardatechnologies.utils.validators.abaroutevalidator.Test_AbaRouteValidator_04" time="0.02"/>
  <testcase name="testAbaNumberCheck_6795_good" classname="com.cardatechnologies.utils.validators.abaroutevalidator.Test_AbaRouteValidator_04" time="0.021"/>
  <testcase name="testAbaNumberCheck_5855_good" classname="com.cardatechnologies.utils.validators.abaroutevalidator.Test_AbaRouteValidator_04" time="0.021"/>
  <testcase name="testAbaNumberCheck_6669_good" classname="com.cardatechnologies.utils.validators.abaroutevalidator.Test_AbaRouteValidator_04" time="0.031"/>
  <testcase name="testAbaNumberCheck_5729_good" classname="com.cardatechnologies.utils.validators.abaroutevalidator.Test_AbaRouteValidator_04" time="0.021"/>
  <testcase name="testAbaNumberCheck_5693_good" classname="com.cardatechnologies.utils.validators.abaroutevalidator.Test_AbaRouteValidator_04" time="0.021"/>
  <testcase name="testAbaNumberCheck_5567_good" classname="com.cardatechnologies.utils.validators.abaroutevalidator.Test_AbaRouteValidator_04" time="0.021"/>
  <testcase name="testAbaNumberCheck_5279_good" classname="com.cardatechnologies.utils.validators.abaroutevalidator.Test_AbaRouteValidator_04" time="0.02"/>
  <testcase name="testAbaNumberCheck_6877_good" classname="com.cardatechnologies.utils.validators.abaroutevalidator.Test_AbaRouteValidator_04" time="0.021"/>
  <testcase name="testAbaNumberCheck_5937_good" classname="com.cardatechnologies.utils.validators.abaroutevalidator.Test_AbaRouteValidator_04" time="0.02"/>
  <testcase name="testAbaNumberCheck_5775_good" classname="com.cardatechnologies.utils.validators.abaroutevalidator.Test_AbaRouteValidator_04" time="0.031"/>
  <testcase name="testAbaNumberCheck_6589_good" classname="com.cardatechnologies.utils.validators.abaroutevalidator.Test_AbaRouteValidator_04" time="0.025"/>
  <testcase name="testAbaNumberCheck_5649_good" classname="com.cardatechnologies.utils.validators.abaroutevalidator.Test_AbaRouteValidator_04" time="0.024"/>
  <testcase name="testAbaNumberCheck_5487_good" classname="com.cardatechnologies.utils.validators.abaroutevalidator.Test_AbaRouteValidator_04" time="0.024"/>
  <testcase name="testAbaNumberCheck_6959_good" classname="com.cardatechnologies.utils.validators.abaroutevalidator.Test_AbaRouteValidator_04" time="0.023"/>
  <testcase name="testAbaNumberCheck_5983_good" classname="com.cardatechnologies.utils.validators.abaroutevalidator.Test_AbaRouteValidator_04" time="0.023"/>
  <testcase name="testAbaNumberCheck_5199_good" classname="com.cardatechnologies.utils.validators.abaroutevalidator.Test_AbaRouteValidator_04" time="0.026"/>
  <testcase name="testAbaNumberCheck_6797_good" classname="com.cardatechnologies.utils.validators.abaroutevalidator.Test_AbaRouteValidator_04" time="0.023"/>
  <testcase name="testAbaNumberCheck_5857_good" classname="com.cardatechnologies.utils.validators.abaroutevalidator.Test_AbaRouteValidator_04" time="0.026"/>
  <testcase name="testAbaNumberCheck_5695_good" classname="com.cardatechnologies.utils.validators.abaroutevalidator.Test_AbaRouteValidator_04" time="0.024"/>
  <testcase name="testAbaNumberCheck_5569_good" classname="com.cardatechnologies.utils.validators.abaroutevalidator.Test_AbaRouteValidator_04" time="0.025"/>
  <testcase name="testAbaNumberCheck_6879_good" classname="com.cardatechnologies.utils.validators.abaroutevalidator.Test_AbaRouteValidator_04" time="0.027"/>
  <testcase name="testAbaNumberCheck_5939_good" classname="com.cardatechnologies.utils.validators.abaroutevalidator.Test_AbaRouteValidator_04" time="0.023"/>
  <testcase name="testAbaNumberCheck_5777_good" classname="com.cardatechnologies.utils.validators.abaroutevalidator.Test_AbaRouteValidator_04" time="0.021"/>
  <testcase name="testAbaNumberCheck_5489_good" classname="com.cardatechnologies.utils.validators.abaroutevalidator.Test_AbaRouteValidator_04" time="0.021"/>
  <testcase name="testAbaNumberCheck_5985_good" classname="com.cardatechnologies.utils.validators.abaroutevalidator.Test_AbaRouteValidator_04" time="0.033"/>
  <testcase name="testAbaNumberCheck_6799_good" classname="com.cardatechnologies.utils.validators.abaroutevalidator.Test_AbaRouteValidator_04" time="0.02"/>
  <testcase name="testAbaNumberCheck_5859_good" classname="com.cardatechnologies.utils.validators.abaroutevalidator.Test_AbaRouteValidator_04" time="0.021"/>
  <testcase name="testAbaNumberCheck_5697_good" classname="com.cardatechnologies.utils.validators.abaroutevalidator.Test_AbaRouteValidator_04" time="0.021"/>
  <testcase name="testAbaNumberCheck_5779_good" classname="com.cardatechnologies.utils.validators.abaroutevalidator.Test_AbaRouteValidator_04" time="0.023"/>
  <testcase name="testAbaNumberCheck_5987_good" classname="com.cardatechnologies.utils.validators.abaroutevalidator.Test_AbaRouteValidator_04" time="0.021"/>
  <testcase name="testAbaNumberCheck_5699_good" classname="com.cardatechnologies.utils.validators.abaroutevalidator.Test_AbaRouteValidator_04" time="0.02"/>
  <testcase name="testAbaNumberCheck_5989_good" classname="com.cardatechnologies.utils.validators.abaroutevalidator.Test_AbaRouteValidator_04" time="0.029"/>
  <testcase name="testAbaNumberCheck_6100_bad" classname="com.cardatechnologies.utils.validators.abaroutevalidator.Test_AbaRouteValidator_04" time="0.021"/>
  <testcase name="testAbaNumberCheck_6102_bad" classname="com.cardatechnologies.utils.validators.abaroutevalidator.Test_AbaRouteValidator_04" time="0.021"/>
  <testcase name="testAbaNumberCheck_6104_bad" classname="com.cardatechnologies.utils.validators.abaroutevalidator.Test_AbaRouteValidator_04" time="0.02"/>
  <testcase name="testAbaNumberCheck_6106_bad" classname="com.cardatechnologies.utils.validators.abaroutevalidator.Test_AbaRouteValidator_04" time="0.022"/>
  <testcase name="testAbaNumberCheck_6108_bad" classname="com.cardatechnologies.utils.validators.abaroutevalidator.Test_AbaRouteValidator_04" time="0.021"/>
  <testcase name="testAbaNumberCheck_7011_good" classname="com.cardatechnologies.utils.validators.abaroutevalidator.Test_AbaRouteValidator_04" time="0.02"/>
  <testcase name="testAbaNumberCheck_6110_bad" classname="com.cardatechnologies.utils.validators.abaroutevalidator.Test_AbaRouteValidator_04" time="0.021"/>
  <testcase name="testAbaNumberCheck_6112_bad" classname="com.cardatechnologies.utils.validators.abaroutevalidator.Test_AbaRouteValidator_04" time="0.022"/>
  <testcase name="testAbaNumberCheck_5300_bad" classname="com.cardatechnologies.utils.validators.abaroutevalidator.Test_AbaRouteValidator_04" time="0.02"/>
  <testcase name="testAbaNumberCheck_6114_bad" classname="com.cardatechnologies.utils.validators.abaroutevalidator.Test_AbaRouteValidator_04" time="0.021"/>
  <testcase name="testAbaNumberCheck_5302_bad" classname="com.cardatechnologies.utils.validators.abaroutevalidator.Test_AbaRouteValidator_04" time="0.022"/>
  <testcase name="testAbaNumberCheck_6116_bad" classname="com.cardatechnologies.utils.validators.abaroutevalidator.Test_AbaRouteValidator_04" time="0.022"/>
  <testcase name="testAbaNumberCheck_5304_bad" classname="com.cardatechnologies.utils.validators.abaroutevalidator.Test_AbaRouteValidator_04" time="0.02"/>
  <testcase name="testAbaNumberCheck_6118_bad" classname="com.cardatechnologies.utils.validators.abaroutevalidator.Test_AbaRouteValidator_04" time="0.02"/>
  <testcase name="testAbaNumberCheck_5306_bad" classname="com.cardatechnologies.utils.validators.abaroutevalidator.Test_AbaRouteValidator_04" time="0.028"/>
  <testcase name="testAbaNumberCheck_5308_bad" classname="com.cardatechnologies.utils.validators.abaroutevalidator.Test_AbaRouteValidator_04" time="0.02"/>
  <testcase name="testAbaNumberCheck_7301_good" classname="com.cardatechnologies.utils.validators.abaroutevalidator.Test_AbaRouteValidator_04" time="0.026"/>
  <testcase name="testAbaNumberCheck_6120_bad" classname="com.cardatechnologies.utils.validators.abaroutevalidator.Test_AbaRouteValidator_04" time="0.022"/>
  <testcase name="testAbaNumberCheck_6122_bad" classname="com.cardatechnologies.utils.validators.abaroutevalidator.Test_AbaRouteValidator_04" time="0.02"/>
  <testcase name="testAbaNumberCheck_5310_bad" classname="com.cardatechnologies.utils.validators.abaroutevalidator.Test_AbaRouteValidator_04" time="0.021"/>
  <testcase name="testAbaNumberCheck_6124_bad" classname="com.cardatechnologies.utils.validators.abaroutevalidator.Test_AbaRouteValidator_04" time="0.021"/>
  <testcase name="testAbaNumberCheck_5312_bad" classname="com.cardatechnologies.utils.validators.abaroutevalidator.Test_AbaRouteValidator_04" time="0.02"/>
  <testcase name="testAbaNumberCheck_6126_bad" classname="com.cardatechnologies.utils.validators.abaroutevalidator.Test_AbaRouteValidator_04" time="0.02"/>
  <testcase name="testAbaNumberCheck_5314_bad" classname="com.cardatechnologies.utils.validators.abaroutevalidator.Test_AbaRouteValidator_04" time="0.029"/>
  <testcase name="testAbaNumberCheck_6128_bad" classname="com.cardatechnologies.utils.validators.abaroutevalidator.Test_AbaRouteValidator_04" time="0.022"/>
  <testcase name="testAbaNumberCheck_5316_bad" classname="com.cardatechnologies.utils.validators.abaroutevalidator.Test_AbaRouteValidator_04" time="0.027"/>
  <testcase name="testAbaNumberCheck_7013_good" classname="com.cardatechnologies.utils.validators.abaroutevalidator.Test_AbaRouteValidator_04" time="0.037"/>
  <testcase name="testAbaNumberCheck_5318_bad" classname="com.cardatechnologies.utils.validators.abaroutevalidator.Test_AbaRouteValidator_04" time="0.027"/>
  <testcase name="testAbaNumberCheck_6130_bad" classname="com.cardatechnologies.utils.validators.abaroutevalidator.Test_AbaRouteValidator_04" time="0.025"/>
  <testcase name="testAbaNumberCheck_6132_bad" classname="com.cardatechnologies.utils.validators.abaroutevalidator.Test_AbaRouteValidator_04" time="0.029"/>
  <testcase name="testAbaNumberCheck_7221_good" classname="com.cardatechnologies.utils.validators.abaroutevalidator.Test_AbaRouteValidator_04" time="0.031"/>
  <testcase name="testAbaNumberCheck_5320_bad" classname="com.cardatechnologies.utils.validators.abaroutevalidator.Test_AbaRouteValidator_04" time="0.031"/>
  <testcase name="testAbaNumberCheck_6134_bad" classname="com.cardatechnologies.utils.validators.abaroutevalidator.Test_AbaRouteValidator_04" time="0.025"/>
  <testcase name="testAbaNumberCheck_5322_bad" classname="com.cardatechnologies.utils.validators.abaroutevalidator.Test_AbaRouteValidator_04" time="0.025"/>
  <testcase name="testAbaNumberCheck_6136_bad" classname="com.cardatechnologies.utils.validators.abaroutevalidator.Test_AbaRouteValidator_04" time="0.024"/>
  <testcase name="testAbaNumberCheck_5324_bad" classname="com.cardatechnologies.utils.validators.abaroutevalidator.Test_AbaRouteValidator_04" time="0.025"/>
  <testcase name="testAbaNumberCheck_6138_bad" classname="com.cardatechnologies.utils.validators.abaroutevalidator.Test_AbaRouteValidator_04" time="0.025"/>
  <testcase name="testAbaNumberCheck_5326_bad" classname="com.cardatechnologies.utils.validators.abaroutevalidator.Test_AbaRouteValidator_04" time="0.036"/>
  <testcase name="testAbaNumberCheck_5328_bad" classname="com.cardatechnologies.utils.validators.abaroutevalidator.Test_AbaRouteValidator_04" time="0.025"/>
  <testcase name="testAbaNumberCheck_7400_bad" classname="com.cardatechnologies.utils.validators.abaroutevalidator.Test_AbaRouteValidator_04" time="0.025"/>
  <testcase name="testAbaNumberCheck_7402_bad" classname="com.cardatechnologies.utils.validators.abaroutevalidator.Test_AbaRouteValidator_04" time="0.025"/>
  <testcase name="testAbaNumberCheck_7303_good" classname="com.cardatechnologies.utils.validators.abaroutevalidator.Test_AbaRouteValidator_04" time="0.021"/>
  <testcase name="testAbaNumberCheck_7404_bad" classname="com.cardatechnologies.utils.validators.abaroutevalidator.Test_AbaRouteValidator_04" time="0.03"/>
  <testcase name="testAbaNumberCheck_6140_bad" classname="com.cardatechnologies.utils.validators.abaroutevalidator.Test_AbaRouteValidator_04" time="0.023"/>
  <testcase name="testAbaNumberCheck_7406_bad" classname="com.cardatechnologies.utils.validators.abaroutevalidator.Test_AbaRouteValidator_04" time="0.021"/>
  <testcase name="testAbaNumberCheck_6142_bad" classname="com.cardatechnologies.utils.validators.abaroutevalidator.Test_AbaRouteValidator_04" time="0.02"/>
  <testcase name="testAbaNumberCheck_7408_bad" classname="com.cardatechnologies.utils.validators.abaroutevalidator.Test_AbaRouteValidator_04" time="0.021"/>
  <testcase name="testAbaNumberCheck_5330_bad" classname="com.cardatechnologies.utils.validators.abaroutevalidator.Test_AbaRouteValidator_04" time="0.021"/>
  <testcase name="testAbaNumberCheck_6144_bad" classname="com.cardatechnologies.utils.validators.abaroutevalidator.Test_AbaRouteValidator_04" time="0.02"/>
  <testcase name="testAbaNumberCheck_5332_bad" classname="com.cardatechnologies.utils.validators.abaroutevalidator.Test_AbaRouteValidator_04" time="0.021"/>
  <testcase name="testAbaNumberCheck_6146_bad" classname="com.cardatechnologies.utils.validators.abaroutevalidator.Test_AbaRouteValidator_04" time="0.022"/>
  <testcase name="testAbaNumberCheck_7141_good" classname="com.cardatechnologies.utils.validators.abaroutevalidator.Test_AbaRouteValidator_04" time="0.021"/>
  <testcase name="testAbaNumberCheck_6201_good" classname="com.cardatechnologies.utils.validators.abaroutevalidator.Test_AbaRouteValidator_04" time="0.021"/>
  <testcase name="testAbaNumberCheck_5334_bad" classname="com.cardatechnologies.utils.validators.abaroutevalidator.Test_AbaRouteValidator_04" time="0.021"/>
  <testcase name="testAbaNumberCheck_6148_bad" classname="com.cardatechnologies.utils.validators.abaroutevalidator.Test_AbaRouteValidator_04" time="0.021"/>
  <testcase name="testAbaNumberCheck_5336_bad" classname="com.cardatechnologies.utils.validators.abaroutevalidator.Test_AbaRouteValidator_04" time="0.02"/>
  <testcase name="testAbaNumberCheck_7015_good" classname="com.cardatechnologies.utils.validators.abaroutevalidator.Test_AbaRouteValidator_04" time="0.021"/>
  <testcase name="testAbaNumberCheck_5338_bad" classname="com.cardatechnologies.utils.validators.abaroutevalidator.Test_AbaRouteValidator_04" time="0.021"/>
  <testcase name="testAbaNumberCheck_7410_bad" classname="com.cardatechnologies.utils.validators.abaroutevalidator.Test_AbaRouteValidator_04" time="0.02"/>
  <testcase name="testAbaNumberCheck_7412_bad" classname="com.cardatechnologies.utils.validators.abaroutevalidator.Test_AbaRouteValidator_04" time="0.021"/>
  <testcase name="testAbaNumberCheck_6600_bad" classname="com.cardatechnologies.utils.validators.abaroutevalidator.Test_AbaRouteValidator_04" time="0.028"/>
  <testcase name="testAbaNumberCheck_7414_bad" classname="com.cardatechnologies.utils.validators.abaroutevalidator.Test_AbaRouteValidator_04" time="0.023"/>
  <testcase name="testAbaNumberCheck_6150_bad" classname="com.cardatechnologies.utils.validators.abaroutevalidator.Test_AbaRouteValidator_04" time="0.021"/>
  <testcase name="testAbaNumberCheck_6602_bad" classname="com.cardatechnologies.utils.validators.abaroutevalidator.Test_AbaRouteValidator_04" time="0.021"/>
  <testcase name="testAbaNumberCheck_7416_bad" classname="com.cardatechnologies.utils.validators.abaroutevalidator.Test_AbaRouteValidator_04" time="0.02"/>
  <testcase name="testAbaNumberCheck_6152_bad" classname="com.cardatechnologies.utils.validators.abaroutevalidator.Test_AbaRouteValidator_04" time="0.021"/>
  <testcase name="testAbaNumberCheck_7223_good" classname="com.cardatechnologies.utils.validators.abaroutevalidator.Test_AbaRouteValidator_04" time="0.024"/>
  <testcase name="testAbaNumberCheck_6604_bad" classname="com.cardatechnologies.utils.validators.abaroutevalidator.Test_AbaRouteValidator_04" time="0.027"/>
  <testcase name="testAbaNumberCheck_7418_bad" classname="com.cardatechnologies.utils.validators.abaroutevalidator.Test_AbaRouteValidator_04" time="0.02"/>
  <testcase name="testAbaNumberCheck_5340_bad" classname="com.cardatechnologies.utils.validators.abaroutevalidator.Test_AbaRouteValidator_04" time="0.021"/>
  <testcase name="testAbaNumberCheck_6154_bad" classname="com.cardatechnologies.utils.validators.abaroutevalidator.Test_AbaRouteValidator_04" time="0.021"/>
  <testcase name="testAbaNumberCheck_6606_bad" classname="com.cardatechnologies.utils.validators.abaroutevalidator.Test_AbaRouteValidator_04" time="0.021"/>
  <testcase name="testAbaNumberCheck_5342_bad" classname="com.cardatechnologies.utils.validators.abaroutevalidator.Test_AbaRouteValidator_04" time="0.02"/>
  <testcase name="testAbaNumberCheck_6156_bad" classname="com.cardatechnologies.utils.validators.abaroutevalidator.Test_AbaRouteValidator_04" time="0.021"/>
  <testcase name="testAbaNumberCheck_6608_bad" classname="com.cardatechnologies.utils.validators.abaroutevalidator.Test_AbaRouteValidator_04" time="0.021"/>
  <testcase name="testAbaNumberCheck_5344_bad" classname="com.cardatechnologies.utils.validators.abaroutevalidator.Test_AbaRouteValidator_04" time="0.021"/>
  <testcase name="testAbaNumberCheck_6158_bad" classname="com.cardatechnologies.utils.validators.abaroutevalidator.Test_AbaRouteValidator_04" time="0.02"/>
  <testcase name="testAbaNumberCheck_5346_bad" classname="com.cardatechnologies.utils.validators.abaroutevalidator.Test_AbaRouteValidator_04" time="0.021"/>
  <testcase name="testAbaNumberCheck_7061_good" classname="com.cardatechnologies.utils.validators.abaroutevalidator.Test_AbaRouteValidator_04" time="0.021"/>
  <testcase name="testAbaNumberCheck_6121_good" classname="com.cardatechnologies.utils.validators.abaroutevalidator.Test_AbaRouteValidator_04" time="0.02"/>
  <testcase name="testAbaNumberCheck_5348_bad" classname="com.cardatechnologies.utils.validators.abaroutevalidator.Test_AbaRouteValidator_04" time="0.021"/>
  <testcase name="testAbaNumberCheck_7431_good" classname="com.cardatechnologies.utils.validators.abaroutevalidator.Test_AbaRouteValidator_04" time="0.021"/>
  <testcase name="testAbaNumberCheck_7420_bad" classname="com.cardatechnologies.utils.validators.abaroutevalidator.Test_AbaRouteValidator_04" time="0.021"/>
  <testcase name="testAbaNumberCheck_7422_bad" classname="com.cardatechnologies.utils.validators.abaroutevalidator.Test_AbaRouteValidator_04" time="0.02"/>
  <testcase name="testAbaNumberCheck_7305_good" classname="com.cardatechnologies.utils.validators.abaroutevalidator.Test_AbaRouteValidator_04" time="0.022"/>
  <testcase name="testAbaNumberCheck_6610_bad" classname="com.cardatechnologies.utils.validators.abaroutevalidator.Test_AbaRouteValidator_04" time="0.032"/>
  <testcase name="testAbaNumberCheck_7424_bad" classname="com.cardatechnologies.utils.validators.abaroutevalidator.Test_AbaRouteValidator_04" time="0.021"/>
  <testcase name="testAbaNumberCheck_6160_bad" classname="com.cardatechnologies.utils.validators.abaroutevalidator.Test_AbaRouteValidator_04" time="0.021"/>
  <testcase name="testAbaNumberCheck_6612_bad" classname="com.cardatechnologies.utils.validators.abaroutevalidator.Test_AbaRouteValidator_04" time="0.02"/>
  <testcase name="testAbaNumberCheck_7426_bad" classname="com.cardatechnologies.utils.validators.abaroutevalidator.Test_AbaRouteValidator_04" time="0.021"/>
  <testcase name="testAbaNumberCheck_6162_bad" classname="com.cardatechnologies.utils.validators.abaroutevalidator.Test_AbaRouteValidator_04" time="0.021"/>
  <testcase name="testAbaNumberCheck_5800_bad" classname="com.cardatechnologies.utils.validators.abaroutevalidator.Test_AbaRouteValidator_04" time="0.027"/>
  <testcase name="testAbaNumberCheck_6614_bad" classname="com.cardatechnologies.utils.validators.abaroutevalidator.Test_AbaRouteValidator_04" time="0.021"/>
  <testcase name="testAbaNumberCheck_7428_bad" classname="com.cardatechnologies.utils.validators.abaroutevalidator.Test_AbaRouteValidator_04" time="0.02"/>
  <testcase name="testAbaNumberCheck_5350_bad" classname="com.cardatechnologies.utils.validators.abaroutevalidator.Test_AbaRouteValidator_04" time="0.022"/>
  <testcase name="testAbaNumberCheck_6164_bad" classname="com.cardatechnologies.utils.validators.abaroutevalidator.Test_AbaRouteValidator_04" time="0.021"/>
  <testcase name="testAbaNumberCheck_5802_bad" classname="com.cardatechnologies.utils.validators.abaroutevalidator.Test_AbaRouteValidator_04" time="0.023"/>
  <testcase name="testAbaNumberCheck_6616_bad" classname="com.cardatechnologies.utils.validators.abaroutevalidator.Test_AbaRouteValidator_04" time="0.022"/>
  <testcase name="testAbaNumberCheck_5352_bad" classname="com.cardatechnologies.utils.validators.abaroutevalidator.Test_AbaRouteValidator_04" time="0.021"/>
  <testcase name="testAbaNumberCheck_6166_bad" classname="com.cardatechnologies.utils.validators.abaroutevalidator.Test_AbaRouteValidator_04" time="0.025"/>
  <testcase name="testAbaNumberCheck_7143_good" classname="com.cardatechnologies.utils.validators.abaroutevalidator.Test_AbaRouteValidator_04" time="0.041"/>
  <testcase name="testAbaNumberCheck_6203_good" classname="com.cardatechnologies.utils.validators.abaroutevalidator.Test_AbaRouteValidator_04" time="0.028"/>
  <testcase name="testAbaNumberCheck_5804_bad" classname="com.cardatechnologies.utils.validators.abaroutevalidator.Test_AbaRouteValidator_04" time="0.024"/>
  <testcase name="testAbaNumberCheck_6618_bad" classname="com.cardatechnologies.utils.validators.abaroutevalidator.Test_AbaRouteValidator_04" time="0.023"/>
  <testcase name="testAbaNumberCheck_5354_bad" classname="com.cardatechnologies.utils.validators.abaroutevalidator.Test_AbaRouteValidator_04" time="0.021"/>
  <testcase name="testAbaNumberCheck_6168_bad" classname="com.cardatechnologies.utils.validators.abaroutevalidator.Test_AbaRouteValidator_04" time="0.022"/>
  <testcase name="testAbaNumberCheck_5806_bad" classname="com.cardatechnologies.utils.validators.abaroutevalidator.Test_AbaRouteValidator_04" time="0.02"/>
  <testcase name="testAbaNumberCheck_5356_bad" classname="com.cardatechnologies.utils.validators.abaroutevalidator.Test_AbaRouteValidator_04" time="0.027"/>
  <testcase name="testAbaNumberCheck_7017_good" classname="com.cardatechnologies.utils.validators.abaroutevalidator.Test_AbaRouteValidator_04" time="0.026"/>
  <testcase name="testAbaNumberCheck_5808_bad" classname="com.cardatechnologies.utils.validators.abaroutevalidator.Test_AbaRouteValidator_04" time="0.021"/>
  <testcase name="testAbaNumberCheck_5358_bad" classname="com.cardatechnologies.utils.validators.abaroutevalidator.Test_AbaRouteValidator_04" time="0.021"/>
  <testcase name="testAbaNumberCheck_6041_good" classname="com.cardatechnologies.utils.validators.abaroutevalidator.Test_AbaRouteValidator_04" time="0.021"/>
  <testcase name="testAbaNumberCheck_5101_good" classname="com.cardatechnologies.utils.validators.abaroutevalidator.Test_AbaRouteValidator_04" time="0.023"/>
  <testcase name="testAbaNumberCheck_7430_bad" classname="com.cardatechnologies.utils.validators.abaroutevalidator.Test_AbaRouteValidator_04" time="0.028"/>
  <testcase name="testAbaNumberCheck_7432_bad" classname="com.cardatechnologies.utils.validators.abaroutevalidator.Test_AbaRouteValidator_04" time="0.021"/>
  <testcase name="testAbaNumberCheck_7351_good" classname="com.cardatechnologies.utils.validators.abaroutevalidator.Test_AbaRouteValidator_04" time="0.021"/>
  <testcase name="testAbaNumberCheck_6411_good" classname="com.cardatechnologies.utils.validators.abaroutevalidator.Test_AbaRouteValidator_04" time="0.021"/>
  <testcase name="testAbaNumberCheck_6620_bad" classname="com.cardatechnologies.utils.validators.abaroutevalidator.Test_AbaRouteValidator_04" time="0.02"/>
  <testcase name="testAbaNumberCheck_7434_bad" classname="com.cardatechnologies.utils.validators.abaroutevalidator.Test_AbaRouteValidator_04" time="0.021"/>
  <testcase name="testAbaNumberCheck_6170_bad" classname="com.cardatechnologies.utils.validators.abaroutevalidator.Test_AbaRouteValidator_04" time="0.02"/>
  <testcase name="testAbaNumberCheck_6622_bad" classname="com.cardatechnologies.utils.validators.abaroutevalidator.Test_AbaRouteValidator_04" time="0.021"/>
  <testcase name="testAbaNumberCheck_7436_bad" classname="com.cardatechnologies.utils.validators.abaroutevalidator.Test_AbaRouteValidator_04" time="0.022"/>
  <testcase name="testAbaNumberCheck_6172_bad" classname="com.cardatechnologies.utils.validators.abaroutevalidator.Test_AbaRouteValidator_04" time="0.021"/>
  <testcase name="testAbaNumberCheck_7225_good" classname="com.cardatechnologies.utils.validators.abaroutevalidator.Test_AbaRouteValidator_04" time="0.022"/>
  <testcase name="testAbaNumberCheck_5810_bad" classname="com.cardatechnologies.utils.validators.abaroutevalidator.Test_AbaRouteValidator_04" time="0.02"/>
  <testcase name="testAbaNumberCheck_6624_bad" classname="com.cardatechnologies.utils.validators.abaroutevalidator.Test_AbaRouteValidator_04" time="0.021"/>
  <testcase name="testAbaNumberCheck_7438_bad" classname="com.cardatechnologies.utils.validators.abaroutevalidator.Test_AbaRouteValidator_04" time="0.02"/>
  <testcase name="testAbaNumberCheck_5360_bad" classname="com.cardatechnologies.utils.validators.abaroutevalidator.Test_AbaRouteValidator_04" time="0.021"/>
  <testcase name="testAbaNumberCheck_6174_bad" classname="com.cardatechnologies.utils.validators.abaroutevalidator.Test_AbaRouteValidator_04" time="0.021"/>
  <testcase name="testAbaNumberCheck_5812_bad" classname="com.cardatechnologies.utils.validators.abaroutevalidator.Test_AbaRouteValidator_04" time="0.021"/>
  <testcase name="testAbaNumberCheck_6626_bad" classname="com.cardatechnologies.utils.validators.abaroutevalidator.Test_AbaRouteValidator_04" time="0.02"/>
  <testcase name="testAbaNumberCheck_5362_bad" classname="com.cardatechnologies.utils.validators.abaroutevalidator.Test_AbaRouteValidator_04" time="0.021"/>
  <testcase name="testAbaNumberCheck_6176_bad" classname="com.cardatechnologies.utils.validators.abaroutevalidator.Test_AbaRouteValidator_04" time="0.032"/>
  <testcase name="testAbaNumberCheck_5814_bad" classname="com.cardatechnologies.utils.validators.abaroutevalidator.Test_AbaRouteValidator_04" time="0.02"/>
  <testcase name="testAbaNumberCheck_6628_bad" classname="com.cardatechnologies.utils.validators.abaroutevalidator.Test_AbaRouteValidator_04" time="0.021"/>
  <testcase name="testAbaNumberCheck_5364_bad" classname="com.cardatechnologies.utils.validators.abaroutevalidator.Test_AbaRouteValidator_04" time="0.021"/>
  <testcase name="testAbaNumberCheck_6178_bad" classname="com.cardatechnologies.utils.validators.abaroutevalidator.Test_AbaRouteValidator_04" time="0.02"/>
  <testcase name="testAbaNumberCheck_5816_bad" classname="com.cardatechnologies.utils.validators.abaroutevalidator.Test_AbaRouteValidator_04" time="0.033"/>
  <testcase name="testAbaNumberCheck_5366_bad" classname="com.cardatechnologies.utils.validators.abaroutevalidator.Test_AbaRouteValidator_04" time="0.022"/>
  <testcase name="testAbaNumberCheck_7063_good" classname="com.cardatechnologies.utils.validators.abaroutevalidator.Test_AbaRouteValidator_04" time="0.02"/>
  <testcase name="testAbaNumberCheck_6123_good" classname="com.cardatechnologies.utils.validators.abaroutevalidator.Test_AbaRouteValidator_04" time="0.024"/>
  <testcase name="testAbaNumberCheck_5818_bad" classname="com.cardatechnologies.utils.validators.abaroutevalidator.Test_AbaRouteValidator_04" time="0.025"/>
  <testcase name="testAbaNumberCheck_5368_bad" classname="com.cardatechnologies.utils.validators.abaroutevalidator.Test_AbaRouteValidator_04" time="0.026"/>
  <testcase name="testAbaNumberCheck_5021_good" classname="com.cardatechnologies.utils.validators.abaroutevalidator.Test_AbaRouteValidator_04" time="0.025"/>
  <testcase name="testAbaNumberCheck_7433_good" classname="com.cardatechnologies.utils.validators.abaroutevalidator.Test_AbaRouteValidator_04" time="0.02"/>
  <testcase name="testAbaNumberCheck_7440_bad" classname="com.cardatechnologies.utils.validators.abaroutevalidator.Test_AbaRouteValidator_04" time="0.021"/>
  <testcase name="testAbaNumberCheck_7442_bad" classname="com.cardatechnologies.utils.validators.abaroutevalidator.Test_AbaRouteValidator_04" time="0.021"/>
  <testcase name="testAbaNumberCheck_7307_good" classname="com.cardatechnologies.utils.validators.abaroutevalidator.Test_AbaRouteValidator_04" time="0.021"/>
  <testcase name="testAbaNumberCheck_6630_bad" classname="com.cardatechnologies.utils.validators.abaroutevalidator.Test_AbaRouteValidator_04" time="0.022"/>
  <testcase name="testAbaNumberCheck_7444_bad" classname="com.cardatechnologies.utils.validators.abaroutevalidator.Test_AbaRouteValidator_04" time="0.024"/>
  <testcase name="testAbaNumberCheck_6180_bad" classname="com.cardatechnologies.utils.validators.abaroutevalidator.Test_AbaRouteValidator_04" time="0.027"/>
  <testcase name="testAbaNumberCheck_6632_bad" classname="com.cardatechnologies.utils.validators.abaroutevalidator.Test_AbaRouteValidator_04" time="0.023"/>
  <testcase name="testAbaNumberCheck_7446_bad" classname="com.cardatechnologies.utils.validators.abaroutevalidator.Test_AbaRouteValidator_04" time="0.021"/>
  <testcase name="testAbaNumberCheck_7271_good" classname="com.cardatechnologies.utils.validators.abaroutevalidator.Test_AbaRouteValidator_04" time="0.021"/>
  <testcase name="testAbaNumberCheck_6182_bad" classname="com.cardatechnologies.utils.validators.abaroutevalidator.Test_AbaRouteValidator_04" time="0.023"/>
  <testcase name="testAbaNumberCheck_6331_good" classname="com.cardatechnologies.utils.validators.abaroutevalidator.Test_AbaRouteValidator_04" time="0.022"/>
  <testcase name="testAbaNumberCheck_5820_bad" classname="com.cardatechnologies.utils.validators.abaroutevalidator.Test_AbaRouteValidator_04" time="0.023"/>
  <testcase name="testAbaNumberCheck_6634_bad" classname="com.cardatechnologies.utils.validators.abaroutevalidator.Test_AbaRouteValidator_04" time="0.021"/>
  <testcase name="testAbaNumberCheck_7448_bad" classname="com.cardatechnologies.utils.validators.abaroutevalidator.Test_AbaRouteValidator_04" time="0.021"/>
  <testcase name="testAbaNumberCheck_5370_bad" classname="com.cardatechnologies.utils.validators.abaroutevalidator.Test_AbaRouteValidator_04" time="0.021"/>
  <testcase name="testAbaNumberCheck_6184_bad" classname="com.cardatechnologies.utils.validators.abaroutevalidator.Test_AbaRouteValidator_04" time="0.032"/>
  <testcase name="testAbaNumberCheck_5822_bad" classname="com.cardatechnologies.utils.validators.abaroutevalidator.Test_AbaRouteValidator_04" time="0.022"/>
  <testcase name="testAbaNumberCheck_6636_bad" classname="com.cardatechnologies.utils.validators.abaroutevalidator.Test_AbaRouteValidator_04" time="0.022"/>
  <testcase name="testAbaNumberCheck_5372_bad" classname="com.cardatechnologies.utils.validators.abaroutevalidator.Test_AbaRouteValidator_04" time="0.02"/>
  <testcase name="testAbaNumberCheck_6186_bad" classname="com.cardatechnologies.utils.validators.abaroutevalidator.Test_AbaRouteValidator_04" time="0.021"/>
  <testcase name="testAbaNumberCheck_7145_good" classname="com.cardatechnologies.utils.validators.abaroutevalidator.Test_AbaRouteValidator_04" time="0.021"/>
  <testcase name="testAbaNumberCheck_6205_good" classname="com.cardatechnologies.utils.validators.abaroutevalidator.Test_AbaRouteValidator_04" time="0.021"/>
  <testcase name="testAbaNumberCheck_5824_bad" classname="com.cardatechnologies.utils.validators.abaroutevalidator.Test_AbaRouteValidator_04" time="0.021"/>
  <testcase name="testAbaNumberCheck_6638_bad" classname="com.cardatechnologies.utils.validators.abaroutevalidator.Test_AbaRouteValidator_04" time="0.02"/>
  <testcase name="testAbaNumberCheck_5374_bad" classname="com.cardatechnologies.utils.validators.abaroutevalidator.Test_AbaRouteValidator_04" time="0.021"/>
  <testcase name="testAbaNumberCheck_6188_bad" classname="com.cardatechnologies.utils.validators.abaroutevalidator.Test_AbaRouteValidator_04" time="0.021"/>
  <testcase name="testAbaNumberCheck_5826_bad" classname="com.cardatechnologies.utils.validators.abaroutevalidator.Test_AbaRouteValidator_04" time="0.021"/>
  <testcase name="testAbaNumberCheck_5376_bad" classname="com.cardatechnologies.utils.validators.abaroutevalidator.Test_AbaRouteValidator_04" time="0.021"/>
  <testcase name="testAbaNumberCheck_7019_good" classname="com.cardatechnologies.utils.validators.abaroutevalidator.Test_AbaRouteValidator_04" time="0.022"/>
  <testcase name="testAbaNumberCheck_5828_bad" classname="com.cardatechnologies.utils.validators.abaroutevalidator.Test_AbaRouteValidator_04" time="0.021"/>
  <testcase name="testAbaNumberCheck_5378_bad" classname="com.cardatechnologies.utils.validators.abaroutevalidator.Test_AbaRouteValidator_04" time="0.02"/>
  <testcase name="testAbaNumberCheck_6043_good" classname="com.cardatechnologies.utils.validators.abaroutevalidator.Test_AbaRouteValidator_04" time="0.021"/>
  <testcase name="testAbaNumberCheck_5103_good" classname="com.cardatechnologies.utils.validators.abaroutevalidator.Test_AbaRouteValidator_04" time="0.02"/>
  <testcase name="testAbaNumberCheck_6701_good" classname="com.cardatechnologies.utils.validators.abaroutevalidator.Test_AbaRouteValidator_04" time="0.02"/>
  <testcase name="testAbaNumberCheck_7450_bad" classname="com.cardatechnologies.utils.validators.abaroutevalidator.Test_AbaRouteValidator_04" time="0.03"/>
  <testcase name="testAbaNumberCheck_7452_bad" classname="com.cardatechnologies.utils.validators.abaroutevalidator.Test_AbaRouteValidator_04" time="0.021"/>
  <testcase name="testAbaNumberCheck_7353_good" classname="com.cardatechnologies.utils.validators.abaroutevalidator.Test_AbaRouteValidator_04" time="0.02"/>
  <testcase name="testAbaNumberCheck_6413_good" classname="com.cardatechnologies.utils.validators.abaroutevalidator.Test_AbaRouteValidator_04" time="0.022"/>
  <testcase name="testAbaNumberCheck_6640_bad" classname="com.cardatechnologies.utils.validators.abaroutevalidator.Test_AbaRouteValidator_04" time="0.02"/>
  <testcase name="testAbaNumberCheck_7454_bad" classname="com.cardatechnologies.utils.validators.abaroutevalidator.Test_AbaRouteValidator_04" time="0.028"/>
  <testcase name="testAbaNumberCheck_6190_bad" classname="com.cardatechnologies.utils.validators.abaroutevalidator.Test_AbaRouteValidator_04" time="0.022"/>
  <testcase name="testAbaNumberCheck_6642_bad" classname="com.cardatechnologies.utils.validators.abaroutevalidator.Test_AbaRouteValidator_04" time="0.021"/>
  <testcase name="testAbaNumberCheck_7456_bad" classname="com.cardatechnologies.utils.validators.abaroutevalidator.Test_AbaRouteValidator_04" time="0.021"/>
  <testcase name="testAbaNumberCheck_6192_bad" classname="com.cardatechnologies.utils.validators.abaroutevalidator.Test_AbaRouteValidator_04" time="0.021"/>
  <testcase name="testAbaNumberCheck_7227_good" classname="com.cardatechnologies.utils.validators.abaroutevalidator.Test_AbaRouteValidator_04" time="0.02"/>
  <testcase name="testAbaNumberCheck_5830_bad" classname="com.cardatechnologies.utils.validators.abaroutevalidator.Test_AbaRouteValidator_04" time="0.021"/>
  <testcase name="testAbaNumberCheck_6644_bad" classname="com.cardatechnologies.utils.validators.abaroutevalidator.Test_AbaRouteValidator_04" time="0.021"/>
  <testcase name="testAbaNumberCheck_7458_bad" classname="com.cardatechnologies.utils.validators.abaroutevalidator.Test_AbaRouteValidator_04" time="0.021"/>
  <testcase name="testAbaNumberCheck_5380_bad" classname="com.cardatechnologies.utils.validators.abaroutevalidator.Test_AbaRouteValidator_04" time="0.02"/>
  <testcase name="testAbaNumberCheck_6194_bad" classname="com.cardatechnologies.utils.validators.abaroutevalidator.Test_AbaRouteValidator_04" time="0.021"/>
  <testcase name="testAbaNumberCheck_5832_bad" classname="com.cardatechnologies.utils.validators.abaroutevalidator.Test_AbaRouteValidator_04" time="0.025"/>
  <testcase name="testAbaNumberCheck_6646_bad" classname="com.cardatechnologies.utils.validators.abaroutevalidator.Test_AbaRouteValidator_04" time="0.022"/>
  <testcase name="testAbaNumberCheck_7191_good" classname="com.cardatechnologies.utils.validators.abaroutevalidator.Test_AbaRouteValidator_04" time="0.021"/>
  <testcase name="testAbaNumberCheck_5382_bad" classname="com.cardatechnologies.utils.validators.abaroutevalidator.Test_AbaRouteValidator_04" time="0.022"/>
  <testcase name="testAbaNumberCheck_6196_bad" classname="com.cardatechnologies.utils.validators.abaroutevalidator.Test_AbaRouteValidator_04" time="0.021"/>
  <testcase name="testAbaNumberCheck_6251_good" classname="com.cardatechnologies.utils.validators.abaroutevalidator.Test_AbaRouteValidator_04" time="0.021"/>
  <testcase name="testAbaNumberCheck_5311_good" classname="com.cardatechnologies.utils.validators.abaroutevalidator.Test_AbaRouteValidator_04" time="0.021"/>
  <testcase name="testAbaNumberCheck_5834_bad" classname="com.cardatechnologies.utils.validators.abaroutevalidator.Test_AbaRouteValidator_04" time="0.021"/>
  <testcase name="testAbaNumberCheck_6648_bad" classname="com.cardatechnologies.utils.validators.abaroutevalidator.Test_AbaRouteValidator_04" time="0.03"/>
  <testcase name="testAbaNumberCheck_5384_bad" classname="com.cardatechnologies.utils.validators.abaroutevalidator.Test_AbaRouteValidator_04" time="0.021"/>
  <testcase name="testAbaNumberCheck_6198_bad" classname="com.cardatechnologies.utils.validators.abaroutevalidator.Test_AbaRouteValidator_04" time="0.022"/>
  <testcase name="testAbaNumberCheck_5836_bad" classname="com.cardatechnologies.utils.validators.abaroutevalidator.Test_AbaRouteValidator_04" time="0.023"/>
  <testcase name="testAbaNumberCheck_5386_bad" classname="com.cardatechnologies.utils.validators.abaroutevalidator.Test_AbaRouteValidator_04" time="0.031"/>
  <testcase name="testAbaNumberCheck_7065_good" classname="com.cardatechnologies.utils.validators.abaroutevalidator.Test_AbaRouteValidator_04" time="0.025"/>
  <testcase name="testAbaNumberCheck_6125_good" classname="com.cardatechnologies.utils.validators.abaroutevalidator.Test_AbaRouteValidator_04" time="0.023"/>
  <testcase name="testAbaNumberCheck_5838_bad" classname="com.cardatechnologies.utils.validators.abaroutevalidator.Test_AbaRouteValidator_04" time="0.022"/>
  <testcase name="testAbaNumberCheck_5388_bad" classname="com.cardatechnologies.utils.validators.abaroutevalidator.Test_AbaRouteValidator_04" time="0.021"/>
  <testcase name="testAbaNumberCheck_5023_good" classname="com.cardatechnologies.utils.validators.abaroutevalidator.Test_AbaRouteValidator_04" time="0.021"/>
  <testcase name="testAbaNumberCheck_6621_good" classname="com.cardatechnologies.utils.validators.abaroutevalidator.Test_AbaRouteValidator_04" time="0.021"/>
  <testcase name="testAbaNumberCheck_7435_good" classname="com.cardatechnologies.utils.validators.abaroutevalidator.Test_AbaRouteValidator_04" time="0.021"/>
  <testcase name="testAbaNumberCheck_7460_bad" classname="com.cardatechnologies.utils.validators.abaroutevalidator.Test_AbaRouteValidator_04" time="0.02"/>
  <testcase name="testAbaNumberCheck_7462_bad" classname="com.cardatechnologies.utils.validators.abaroutevalidator.Test_AbaRouteValidator_04" time="0.021"/>
  <testcase name="testAbaNumberCheck_7309_good" classname="com.cardatechnologies.utils.validators.abaroutevalidator.Test_AbaRouteValidator_04" time="0.021"/>
  <testcase name="testAbaNumberCheck_6650_bad" classname="com.cardatechnologies.utils.validators.abaroutevalidator.Test_AbaRouteValidator_04" time="0.022"/>
  <testcase name="testAbaNumberCheck_7464_bad" classname="com.cardatechnologies.utils.validators.abaroutevalidator.Test_AbaRouteValidator_04" time="0.022"/>
  <testcase name="testAbaNumberCheck_6652_bad" classname="com.cardatechnologies.utils.validators.abaroutevalidator.Test_AbaRouteValidator_04" time="0.021"/>
  <testcase name="testAbaNumberCheck_7466_bad" classname="com.cardatechnologies.utils.validators.abaroutevalidator.Test_AbaRouteValidator_04" time="0.024"/>
  <testcase name="testAbaNumberCheck_7273_good" classname="com.cardatechnologies.utils.validators.abaroutevalidator.Test_AbaRouteValidator_04" time="0.024"/>
  <testcase name="testAbaNumberCheck_6333_good" classname="com.cardatechnologies.utils.validators.abaroutevalidator.Test_AbaRouteValidator_04" time="0.022"/>
  <testcase name="testAbaNumberCheck_5840_bad" classname="com.cardatechnologies.utils.validators.abaroutevalidator.Test_AbaRouteValidator_04" time="0.02"/>
  <testcase name="testAbaNumberCheck_6654_bad" classname="com.cardatechnologies.utils.validators.abaroutevalidator.Test_AbaRouteValidator_04" time="0.023"/>
  <testcase name="testAbaNumberCheck_7468_bad" classname="com.cardatechnologies.utils.validators.abaroutevalidator.Test_AbaRouteValidator_04" time="0.034"/>
  <testcase name="testAbaNumberCheck_5390_bad" classname="com.cardatechnologies.utils.validators.abaroutevalidator.Test_AbaRouteValidator_04" time="0.021"/>
  <testcase name="testAbaNumberCheck_5842_bad" classname="com.cardatechnologies.utils.validators.abaroutevalidator.Test_AbaRouteValidator_04" time="0.022"/>
  <testcase name="testAbaNumberCheck_6656_bad" classname="com.cardatechnologies.utils.validators.abaroutevalidator.Test_AbaRouteValidator_04" time="0.023"/>
  <testcase name="testAbaNumberCheck_5392_bad" classname="com.cardatechnologies.utils.validators.abaroutevalidator.Test_AbaRouteValidator_04" time="0.021"/>
  <testcase name="testAbaNumberCheck_7147_good" classname="com.cardatechnologies.utils.validators.abaroutevalidator.Test_AbaRouteValidator_04" time="0.032"/>
  <testcase name="testAbaNumberCheck_6207_good" classname="com.cardatechnologies.utils.validators.abaroutevalidator.Test_AbaRouteValidator_04" time="0.022"/>
  <testcase name="testAbaNumberCheck_5844_bad" classname="com.cardatechnologies.utils.validators.abaroutevalidator.Test_AbaRouteValidator_04" time="0.021"/>
  <testcase name="testAbaNumberCheck_6658_bad" classname="com.cardatechnologies.utils.validators.abaroutevalidator.Test_AbaRouteValidator_04" time="0.021"/>
  <testcase name="testAbaNumberCheck_5394_bad" classname="com.cardatechnologies.utils.validators.abaroutevalidator.Test_AbaRouteValidator_04" time="0.022"/>
  <testcase name="testAbaNumberCheck_5846_bad" classname="com.cardatechnologies.utils.validators.abaroutevalidator.Test_AbaRouteValidator_04" time="0.021"/>
  <testcase name="testAbaNumberCheck_5396_bad" classname="com.cardatechnologies.utils.validators.abaroutevalidator.Test_AbaRouteValidator_04" time="0.021"/>
  <testcase name="testAbaNumberCheck_6171_good" classname="com.cardatechnologies.utils.validators.abaroutevalidator.Test_AbaRouteValidator_04" time="0.026"/>
  <testcase name="testAbaNumberCheck_5231_good" classname="com.cardatechnologies.utils.validators.abaroutevalidator.Test_AbaRouteValidator_04" time="0.026"/>
  <testcase name="testAbaNumberCheck_5848_bad" classname="com.cardatechnologies.utils.validators.abaroutevalidator.Test_AbaRouteValidator_04" time="0.025"/>
  <testcase name="testAbaNumberCheck_5398_bad" classname="com.cardatechnologies.utils.validators.abaroutevalidator.Test_AbaRouteValidator_04" time="0.024"/>
  <testcase name="testAbaNumberCheck_6045_good" classname="com.cardatechnologies.utils.validators.abaroutevalidator.Test_AbaRouteValidator_04" time="0.023"/>
  <testcase name="testAbaNumberCheck_5105_good" classname="com.cardatechnologies.utils.validators.abaroutevalidator.Test_AbaRouteValidator_04" time="0.022"/>
  <testcase name="testAbaNumberCheck_6703_good" classname="com.cardatechnologies.utils.validators.abaroutevalidator.Test_AbaRouteValidator_04" time="0.023"/>
  <testcase name="testAbaNumberCheck_7481_good" classname="com.cardatechnologies.utils.validators.abaroutevalidator.Test_AbaRouteValidator_04" time="0.024"/>
  <testcase name="testAbaNumberCheck_6541_good" classname="com.cardatechnologies.utils.validators.abaroutevalidator.Test_AbaRouteValidator_04" time="0.023"/>
  <testcase name="testAbaNumberCheck_5601_good" classname="com.cardatechnologies.utils.validators.abaroutevalidator.Test_AbaRouteValidator_04" time="0.025"/>
  <testcase name="testAbaNumberCheck_7470_bad" classname="com.cardatechnologies.utils.validators.abaroutevalidator.Test_AbaRouteValidator_04" time="0.03"/>
  <testcase name="testAbaNumberCheck_7472_bad" classname="com.cardatechnologies.utils.validators.abaroutevalidator.Test_AbaRouteValidator_04" time="0.024"/>
  <testcase name="testAbaNumberCheck_7355_good" classname="com.cardatechnologies.utils.validators.abaroutevalidator.Test_AbaRouteValidator_04" time="0.021"/>
  <testcase name="testAbaNumberCheck_6415_good" classname="com.cardatechnologies.utils.validators.abaroutevalidator.Test_AbaRouteValidator_04" time="0.022"/>
  <testcase name="testAbaNumberCheck_6660_bad" classname="com.cardatechnologies.utils.validators.abaroutevalidator.Test_AbaRouteValidator_04" time="0.026"/>
  <testcase name="testAbaNumberCheck_7474_bad" classname="com.cardatechnologies.utils.validators.abaroutevalidator.Test_AbaRouteValidator_04" time="0.028"/>
  <testcase name="testAbaNumberCheck_6662_bad" classname="com.cardatechnologies.utils.validators.abaroutevalidator.Test_AbaRouteValidator_04" time="0.022"/>
  <testcase name="testAbaNumberCheck_7476_bad" classname="com.cardatechnologies.utils.validators.abaroutevalidator.Test_AbaRouteValidator_04" time="0.021"/>
  <testcase name="testAbaNumberCheck_7229_good" classname="com.cardatechnologies.utils.validators.abaroutevalidator.Test_AbaRouteValidator_04" time="0.021"/>
  <testcase name="testAbaNumberCheck_5850_bad" classname="com.cardatechnologies.utils.validators.abaroutevalidator.Test_AbaRouteValidator_04" time="0.022"/>
  <testcase name="testAbaNumberCheck_6664_bad" classname="com.cardatechnologies.utils.validators.abaroutevalidator.Test_AbaRouteValidator_04" time="0.022"/>
  <testcase name="testAbaNumberCheck_7478_bad" classname="com.cardatechnologies.utils.validators.abaroutevalidator.Test_AbaRouteValidator_04" time="0.021"/>
  <testcase name="testAbaNumberCheck_5852_bad" classname="com.cardatechnologies.utils.validators.abaroutevalidator.Test_AbaRouteValidator_04" time="0.02"/>
  <testcase name="testAbaNumberCheck_6666_bad" classname="com.cardatechnologies.utils.validators.abaroutevalidator.Test_AbaRouteValidator_04" time="0.021"/>
  <testcase name="testAbaNumberCheck_7193_good" classname="com.cardatechnologies.utils.validators.abaroutevalidator.Test_AbaRouteValidator_04" time="0.021"/>
  <testcase name="testAbaNumberCheck_6253_good" classname="com.cardatechnologies.utils.validators.abaroutevalidator.Test_AbaRouteValidator_04" time="0.022"/>
  <testcase name="testAbaNumberCheck_5313_good" classname="com.cardatechnologies.utils.validators.abaroutevalidator.Test_AbaRouteValidator_04" time="0.024"/>
  <testcase name="testAbaNumberCheck_5854_bad" classname="com.cardatechnologies.utils.validators.abaroutevalidator.Test_AbaRouteValidator_04" time="0.023"/>
  <testcase name="testAbaNumberCheck_6668_bad" classname="com.cardatechnologies.utils.validators.abaroutevalidator.Test_AbaRouteValidator_04" time="0.021"/>
  <testcase name="testAbaNumberCheck_6911_good" classname="com.cardatechnologies.utils.validators.abaroutevalidator.Test_AbaRouteValidator_04" time="0.021"/>
  <testcase name="testAbaNumberCheck_5856_bad" classname="com.cardatechnologies.utils.validators.abaroutevalidator.Test_AbaRouteValidator_04" time="0.02"/>
  <testcase name="testAbaNumberCheck_7067_good" classname="com.cardatechnologies.utils.validators.abaroutevalidator.Test_AbaRouteValidator_04" time="0.021"/>
  <testcase name="testAbaNumberCheck_6127_good" classname="com.cardatechnologies.utils.validators.abaroutevalidator.Test_AbaRouteValidator_04" time="0.021"/>
  <testcase name="testAbaNumberCheck_5858_bad" classname="com.cardatechnologies.utils.validators.abaroutevalidator.Test_AbaRouteValidator_04" time="0.021"/>
  <testcase name="testAbaNumberCheck_6091_good" classname="com.cardatechnologies.utils.validators.abaroutevalidator.Test_AbaRouteValidator_04" time="0.03"/>
  <testcase name="testAbaNumberCheck_5151_good" classname="com.cardatechnologies.utils.validators.abaroutevalidator.Test_AbaRouteValidator_04" time="0.022"/>
  <testcase name="testAbaNumberCheck_5025_good" classname="com.cardatechnologies.utils.validators.abaroutevalidator.Test_AbaRouteValidator_04" time="0.02"/>
  <testcase name="testAbaNumberCheck_6623_good" classname="com.cardatechnologies.utils.validators.abaroutevalidator.Test_AbaRouteValidator_04" time="0.022"/>
  <testcase name="testAbaNumberCheck_7437_good" classname="com.cardatechnologies.utils.validators.abaroutevalidator.Test_AbaRouteValidator_04" time="0.027"/>
  <testcase name="testAbaNumberCheck_7480_bad" classname="com.cardatechnologies.utils.validators.abaroutevalidator.Test_AbaRouteValidator_04" time="0.026"/>
  <testcase name="testAbaNumberCheck_7482_bad" classname="com.cardatechnologies.utils.validators.abaroutevalidator.Test_AbaRouteValidator_04" time="0.025"/>
  <testcase name="testAbaNumberCheck_6461_good" classname="com.cardatechnologies.utils.validators.abaroutevalidator.Test_AbaRouteValidator_04" time="0.021"/>
  <testcase name="testAbaNumberCheck_5521_good" classname="com.cardatechnologies.utils.validators.abaroutevalidator.Test_AbaRouteValidator_04" time="0.021"/>
  <testcase name="testAbaNumberCheck_6670_bad" classname="com.cardatechnologies.utils.validators.abaroutevalidator.Test_AbaRouteValidator_04" time="0.021"/>
  <testcase name="testAbaNumberCheck_7484_bad" classname="com.cardatechnologies.utils.validators.abaroutevalidator.Test_AbaRouteValidator_04" time="0.02"/>
  <testcase name="testAbaNumberCheck_6672_bad" classname="com.cardatechnologies.utils.validators.abaroutevalidator.Test_AbaRouteValidator_04" time="0.021"/>
  <testcase name="testAbaNumberCheck_7486_bad" classname="com.cardatechnologies.utils.validators.abaroutevalidator.Test_AbaRouteValidator_04" time="0.028"/>
  <testcase name="testAbaNumberCheck_7275_good" classname="com.cardatechnologies.utils.validators.abaroutevalidator.Test_AbaRouteValidator_04" time="0.02"/>
  <testcase name="testAbaNumberCheck_6335_good" classname="com.cardatechnologies.utils.validators.abaroutevalidator.Test_AbaRouteValidator_04" time="0.021"/>
  <testcase name="testAbaNumberCheck_5860_bad" classname="com.cardatechnologies.utils.validators.abaroutevalidator.Test_AbaRouteValidator_04" time="0.021"/>
  <testcase name="testAbaNumberCheck_6674_bad" classname="com.cardatechnologies.utils.validators.abaroutevalidator.Test_AbaRouteValidator_04" time="0.021"/>
  <testcase name="testAbaNumberCheck_7488_bad" classname="com.cardatechnologies.utils.validators.abaroutevalidator.Test_AbaRouteValidator_04" time="0.019"/>
  <testcase name="testAbaNumberCheck_5862_bad" classname="com.cardatechnologies.utils.validators.abaroutevalidator.Test_AbaRouteValidator_04" time="0.021"/>
  <testcase name="testAbaNumberCheck_6676_bad" classname="com.cardatechnologies.utils.validators.abaroutevalidator.Test_AbaRouteValidator_04" time="0.021"/>
  <testcase name="testAbaNumberCheck_7149_good" classname="com.cardatechnologies.utils.validators.abaroutevalidator.Test_AbaRouteValidator_04" time="0.02"/>
  <testcase name="testAbaNumberCheck_6209_good" classname="com.cardatechnologies.utils.validators.abaroutevalidator.Test_AbaRouteValidator_04" time="0.021"/>
  <testcase name="testAbaNumberCheck_5864_bad" classname="com.cardatechnologies.utils.validators.abaroutevalidator.Test_AbaRouteValidator_04" time="0.021"/>
  <testcase name="testAbaNumberCheck_6678_bad" classname="com.cardatechnologies.utils.validators.abaroutevalidator.Test_AbaRouteValidator_04" time="0.026"/>
  <testcase name="testAbaNumberCheck_5866_bad" classname="com.cardatechnologies.utils.validators.abaroutevalidator.Test_AbaRouteValidator_04" time="0.025"/>
  <testcase name="testAbaNumberCheck_6173_good" classname="com.cardatechnologies.utils.validators.abaroutevalidator.Test_AbaRouteValidator_04" time="0.021"/>
  <testcase name="testAbaNumberCheck_5233_good" classname="com.cardatechnologies.utils.validators.abaroutevalidator.Test_AbaRouteValidator_04" time="0.021"/>
  <testcase name="testAbaNumberCheck_5868_bad" classname="com.cardatechnologies.utils.validators.abaroutevalidator.Test_AbaRouteValidator_04" time="0.021"/>
  <testcase name="testAbaNumberCheck_6831_good" classname="com.cardatechnologies.utils.validators.abaroutevalidator.Test_AbaRouteValidator_04" time="0.029"/>
  <testcase name="testAbaNumberCheck_6047_good" classname="com.cardatechnologies.utils.validators.abaroutevalidator.Test_AbaRouteValidator_04" time="0.021"/>
  <testcase name="testAbaNumberCheck_5107_good" classname="com.cardatechnologies.utils.validators.abaroutevalidator.Test_AbaRouteValidator_04" time="0.026"/>
  <testcase name="testAbaNumberCheck_6705_good" classname="com.cardatechnologies.utils.validators.abaroutevalidator.Test_AbaRouteValidator_04" time="0.025"/>
  <testcase name="testAbaNumberCheck_5071_good" classname="com.cardatechnologies.utils.validators.abaroutevalidator.Test_AbaRouteValidator_04" time="0.025"/>
  <testcase name="testAbaNumberCheck_7483_good" classname="com.cardatechnologies.utils.validators.abaroutevalidator.Test_AbaRouteValidator_04" time="0.024"/>
  <testcase name="testAbaNumberCheck_6543_good" classname="com.cardatechnologies.utils.validators.abaroutevalidator.Test_AbaRouteValidator_04" time="0.026"/>
  <testcase name="testAbaNumberCheck_5603_good" classname="com.cardatechnologies.utils.validators.abaroutevalidator.Test_AbaRouteValidator_04" time="0.026"/>
  <testcase name="testAbaNumberCheck_7490_bad" classname="com.cardatechnologies.utils.validators.abaroutevalidator.Test_AbaRouteValidator_04" time="0.024"/>
  <testcase name="testAbaNumberCheck_7492_bad" classname="com.cardatechnologies.utils.validators.abaroutevalidator.Test_AbaRouteValidator_04" time="0.026"/>
  <testcase name="testAbaNumberCheck_7357_good" classname="com.cardatechnologies.utils.validators.abaroutevalidator.Test_AbaRouteValidator_04" time="0.027"/>
  <testcase name="testAbaNumberCheck_6417_good" classname="com.cardatechnologies.utils.validators.abaroutevalidator.Test_AbaRouteValidator_04" time="0.023"/>
  <testcase name="testAbaNumberCheck_6680_bad" classname="com.cardatechnologies.utils.validators.abaroutevalidator.Test_AbaRouteValidator_04" time="0.021"/>
  <testcase name="testAbaNumberCheck_7494_bad" classname="com.cardatechnologies.utils.validators.abaroutevalidator.Test_AbaRouteValidator_04" time="0.021"/>
  <testcase name="testAbaNumberCheck_6682_bad" classname="com.cardatechnologies.utils.validators.abaroutevalidator.Test_AbaRouteValidator_04" time="0.02"/>
  <testcase name="testAbaNumberCheck_7496_bad" classname="com.cardatechnologies.utils.validators.abaroutevalidator.Test_AbaRouteValidator_04" time="0.021"/>
  <testcase name="testAbaNumberCheck_6381_good" classname="com.cardatechnologies.utils.validators.abaroutevalidator.Test_AbaRouteValidator_04" time="0.021"/>
  <testcase name="testAbaNumberCheck_5441_good" classname="com.cardatechnologies.utils.validators.abaroutevalidator.Test_AbaRouteValidator_04" time="0.02"/>
  <testcase name="testAbaNumberCheck_5870_bad" classname="com.cardatechnologies.utils.validators.abaroutevalidator.Test_AbaRouteValidator_04" time="0.031"/>
  <testcase name="testAbaNumberCheck_6684_bad" classname="com.cardatechnologies.utils.validators.abaroutevalidator.Test_AbaRouteValidator_04" time="0.021"/>
  <testcase name="testAbaNumberCheck_7498_bad" classname="com.cardatechnologies.utils.validators.abaroutevalidator.Test_AbaRouteValidator_04" time="0.02"/>
  <testcase name="testAbaNumberCheck_5872_bad" classname="com.cardatechnologies.utils.validators.abaroutevalidator.Test_AbaRouteValidator_04" time="0.02"/>
  <testcase name="testAbaNumberCheck_6686_bad" classname="com.cardatechnologies.utils.validators.abaroutevalidator.Test_AbaRouteValidator_04" time="0.029"/>
  <testcase name="testAbaNumberCheck_7195_good" classname="com.cardatechnologies.utils.validators.abaroutevalidator.Test_AbaRouteValidator_04" time="0.018"/>
  <testcase name="testAbaNumberCheck_6255_good" classname="com.cardatechnologies.utils.validators.abaroutevalidator.Test_AbaRouteValidator_04" time="0.021"/>
  <testcase name="testAbaNumberCheck_5315_good" classname="com.cardatechnologies.utils.validators.abaroutevalidator.Test_AbaRouteValidator_04" time="0.021"/>
  <testcase name="testAbaNumberCheck_5874_bad" classname="com.cardatechnologies.utils.validators.abaroutevalidator.Test_AbaRouteValidator_04" time="0.021"/>
  <testcase name="testAbaNumberCheck_6688_bad" classname="com.cardatechnologies.utils.validators.abaroutevalidator.Test_AbaRouteValidator_04" time="0.021"/>
  <testcase name="testAbaNumberCheck_6913_good" classname="com.cardatechnologies.utils.validators.abaroutevalidator.Test_AbaRouteValidator_04" time="0.02"/>
  <testcase name="testAbaNumberCheck_5876_bad" classname="com.cardatechnologies.utils.validators.abaroutevalidator.Test_AbaRouteValidator_04" time="0.021"/>
  <testcase name="testAbaNumberCheck_7069_good" classname="com.cardatechnologies.utils.validators.abaroutevalidator.Test_AbaRouteValidator_04" time="0.021"/>
  <testcase name="testAbaNumberCheck_6129_good" classname="com.cardatechnologies.utils.validators.abaroutevalidator.Test_AbaRouteValidator_04" time="0.021"/>
  <testcase name="testAbaNumberCheck_5878_bad" classname="com.cardatechnologies.utils.validators.abaroutevalidator.Test_AbaRouteValidator_04" time="0.022"/>
  <testcase name="testAbaNumberCheck_6093_good" classname="com.cardatechnologies.utils.validators.abaroutevalidator.Test_AbaRouteValidator_04" time="0.025"/>
  <testcase name="testAbaNumberCheck_5153_good" classname="com.cardatechnologies.utils.validators.abaroutevalidator.Test_AbaRouteValidator_04" time="0.024"/>
  <testcase name="testAbaNumberCheck_6751_good" classname="com.cardatechnologies.utils.validators.abaroutevalidator.Test_AbaRouteValidator_04" time="0.025"/>
  <testcase name="testAbaNumberCheck_5811_good" classname="com.cardatechnologies.utils.validators.abaroutevalidator.Test_AbaRouteValidator_04" time="0.026"/>
  <testcase name="testAbaNumberCheck_5027_good" classname="com.cardatechnologies.utils.validators.abaroutevalidator.Test_AbaRouteValidator_04" time="0.025"/>
  <testcase name="testAbaNumberCheck_6625_good" classname="com.cardatechnologies.utils.validators.abaroutevalidator.Test_AbaRouteValidator_04" time="0.025"/>
  <testcase name="testAbaNumberCheck_7439_good" classname="com.cardatechnologies.utils.validators.abaroutevalidator.Test_AbaRouteValidator_04" time="0.026"/>
  <testcase name="testAbaNumberCheck_6463_good" classname="com.cardatechnologies.utils.validators.abaroutevalidator.Test_AbaRouteValidator_04" time="0.029"/>
  <testcase name="testAbaNumberCheck_5523_good" classname="com.cardatechnologies.utils.validators.abaroutevalidator.Test_AbaRouteValidator_04" time="0.031"/>
  <testcase name="testAbaNumberCheck_6690_bad" classname="com.cardatechnologies.utils.validators.abaroutevalidator.Test_AbaRouteValidator_04" time="0.026"/>
  <testcase name="testAbaNumberCheck_6692_bad" classname="com.cardatechnologies.utils.validators.abaroutevalidator.Test_AbaRouteValidator_04" time="0.026"/>
  <testcase name="testAbaNumberCheck_7277_good" classname="com.cardatechnologies.utils.validators.abaroutevalidator.Test_AbaRouteValidator_04" time="0.036"/>
  <testcase name="testAbaNumberCheck_6337_good" classname="com.cardatechnologies.utils.validators.abaroutevalidator.Test_AbaRouteValidator_04" time="0.024"/>
  <testcase name="testAbaNumberCheck_5880_bad" classname="com.cardatechnologies.utils.validators.abaroutevalidator.Test_AbaRouteValidator_04" time="0.022"/>
  <testcase name="testAbaNumberCheck_6694_bad" classname="com.cardatechnologies.utils.validators.abaroutevalidator.Test_AbaRouteValidator_04" time="0.023"/>
  <testcase name="testAbaNumberCheck_5882_bad" classname="com.cardatechnologies.utils.validators.abaroutevalidator.Test_AbaRouteValidator_04" time="0.026"/>
  <testcase name="testAbaNumberCheck_6696_bad" classname="com.cardatechnologies.utils.validators.abaroutevalidator.Test_AbaRouteValidator_04" time="0.026"/>
  <testcase name="testAbaNumberCheck_5361_good" classname="com.cardatechnologies.utils.validators.abaroutevalidator.Test_AbaRouteValidator_04" time="0.025"/>
  <testcase name="testAbaNumberCheck_5884_bad" classname="com.cardatechnologies.utils.validators.abaroutevalidator.Test_AbaRouteValidator_04" time="0.026"/>
  <testcase name="testAbaNumberCheck_6698_bad" classname="com.cardatechnologies.utils.validators.abaroutevalidator.Test_AbaRouteValidator_04" time="0.026"/>
  <testcase name="testAbaNumberCheck_5886_bad" classname="com.cardatechnologies.utils.validators.abaroutevalidator.Test_AbaRouteValidator_04" time="0.026"/>
  <testcase name="testAbaNumberCheck_6175_good" classname="com.cardatechnologies.utils.validators.abaroutevalidator.Test_AbaRouteValidator_04" time="0.025"/>
  <testcase name="testAbaNumberCheck_5235_good" classname="com.cardatechnologies.utils.validators.abaroutevalidator.Test_AbaRouteValidator_04" time="0.026"/>
  <testcase name="testAbaNumberCheck_5888_bad" classname="com.cardatechnologies.utils.validators.abaroutevalidator.Test_AbaRouteValidator_04" time="0.028"/>
  <testcase name="testAbaNumberCheck_6833_good" classname="com.cardatechnologies.utils.validators.abaroutevalidator.Test_AbaRouteValidator_04" time="0.027"/>
  <testcase name="testAbaNumberCheck_6049_good" classname="com.cardatechnologies.utils.validators.abaroutevalidator.Test_AbaRouteValidator_04" time="0.027"/>
  <testcase name="testAbaNumberCheck_5109_good" classname="com.cardatechnologies.utils.validators.abaroutevalidator.Test_AbaRouteValidator_04" time="0.027"/>
  <testcase name="testAbaNumberCheck_6707_good" classname="com.cardatechnologies.utils.validators.abaroutevalidator.Test_AbaRouteValidator_04" time="0.034"/>
  <testcase name="testAbaNumberCheck_5073_good" classname="com.cardatechnologies.utils.validators.abaroutevalidator.Test_AbaRouteValidator_04" time="0.022"/>
  <testcase name="testAbaNumberCheck_6671_good" classname="com.cardatechnologies.utils.validators.abaroutevalidator.Test_AbaRouteValidator_04" time="0.02"/>
  <testcase name="testAbaNumberCheck_5731_good" classname="com.cardatechnologies.utils.validators.abaroutevalidator.Test_AbaRouteValidator_04" time="0.022"/>
  <testcase name="testAbaNumberCheck_7485_good" classname="com.cardatechnologies.utils.validators.abaroutevalidator.Test_AbaRouteValidator_04" time="0.023"/>
  <testcase name="testAbaNumberCheck_6545_good" classname="com.cardatechnologies.utils.validators.abaroutevalidator.Test_AbaRouteValidator_04" time="0.025"/>
  <testcase name="testAbaNumberCheck_5605_good" classname="com.cardatechnologies.utils.validators.abaroutevalidator.Test_AbaRouteValidator_04" time="0.021"/>
  <testcase name="testAbaNumberCheck_7359_good" classname="com.cardatechnologies.utils.validators.abaroutevalidator.Test_AbaRouteValidator_04" time="0.021"/>
  <testcase name="testAbaNumberCheck_6419_good" classname="com.cardatechnologies.utils.validators.abaroutevalidator.Test_AbaRouteValidator_04" time="0.02"/>
  <testcase name="testAbaNumberCheck_6383_good" classname="com.cardatechnologies.utils.validators.abaroutevalidator.Test_AbaRouteValidator_04" time="0.021"/>
  <testcase name="testAbaNumberCheck_5443_good" classname="com.cardatechnologies.utils.validators.abaroutevalidator.Test_AbaRouteValidator_04" time="0.02"/>
  <testcase name="testAbaNumberCheck_5890_bad" classname="com.cardatechnologies.utils.validators.abaroutevalidator.Test_AbaRouteValidator_04" time="0.021"/>
  <testcase name="testAbaNumberCheck_5892_bad" classname="com.cardatechnologies.utils.validators.abaroutevalidator.Test_AbaRouteValidator_04" time="0.021"/>
  <testcase name="testAbaNumberCheck_7197_good" classname="com.cardatechnologies.utils.validators.abaroutevalidator.Test_AbaRouteValidator_04" time="0.019"/>
  <testcase name="testAbaNumberCheck_6257_good" classname="com.cardatechnologies.utils.validators.abaroutevalidator.Test_AbaRouteValidator_04" time="0.021"/>
  <testcase name="testAbaNumberCheck_5317_good" classname="com.cardatechnologies.utils.validators.abaroutevalidator.Test_AbaRouteValidator_04" time="0.02"/>
  <testcase name="testAbaNumberCheck_5894_bad" classname="com.cardatechnologies.utils.validators.abaroutevalidator.Test_AbaRouteValidator_04" time="0.02"/>
  <testcase name="testAbaNumberCheck_6915_good" classname="com.cardatechnologies.utils.validators.abaroutevalidator.Test_AbaRouteValidator_04" time="0.021"/>
  <testcase name="testAbaNumberCheck_5896_bad" classname="com.cardatechnologies.utils.validators.abaroutevalidator.Test_AbaRouteValidator_04" time="0.021"/>
  <testcase name="testAbaNumberCheck_5281_good" classname="com.cardatechnologies.utils.validators.abaroutevalidator.Test_AbaRouteValidator_04" time="0.02"/>
  <testcase name="testAbaNumberCheck_5898_bad" classname="com.cardatechnologies.utils.validators.abaroutevalidator.Test_AbaRouteValidator_04" time="0.02"/>
  <testcase name="testAbaNumberCheck_6095_good" classname="com.cardatechnologies.utils.validators.abaroutevalidator.Test_AbaRouteValidator_04" time="0.021"/>
  <testcase name="testAbaNumberCheck_5155_good" classname="com.cardatechnologies.utils.validators.abaroutevalidator.Test_AbaRouteValidator_04" time="0.021"/>
  <testcase name="testAbaNumberCheck_6753_good" classname="com.cardatechnologies.utils.validators.abaroutevalidator.Test_AbaRouteValidator_04" time="0.022"/>
  <testcase name="testAbaNumberCheck_5813_good" classname="com.cardatechnologies.utils.validators.abaroutevalidator.Test_AbaRouteValidator_04" time="0.039"/>
  <testcase name="testAbaNumberCheck_5029_good" classname="com.cardatechnologies.utils.validators.abaroutevalidator.Test_AbaRouteValidator_04" time="0.024"/>
  <testcase name="testAbaNumberCheck_6627_good" classname="com.cardatechnologies.utils.validators.abaroutevalidator.Test_AbaRouteValidator_04" time="0.02"/>
  <testcase name="testAbaNumberCheck_6591_good" classname="com.cardatechnologies.utils.validators.abaroutevalidator.Test_AbaRouteValidator_04" time="0.02"/>
  <testcase name="testAbaNumberCheck_5651_good" classname="com.cardatechnologies.utils.validators.abaroutevalidator.Test_AbaRouteValidator_04" time="0.027"/>
  <testcase name="testAbaNumberCheck_6465_good" classname="com.cardatechnologies.utils.validators.abaroutevalidator.Test_AbaRouteValidator_04" time="0.026"/>
  <testcase name="testAbaNumberCheck_5525_good" classname="com.cardatechnologies.utils.validators.abaroutevalidator.Test_AbaRouteValidator_04" time="0.02"/>
  <testcase name="testAbaNumberCheck_7279_good" classname="com.cardatechnologies.utils.validators.abaroutevalidator.Test_AbaRouteValidator_04" time="0.022"/>
  <testcase name="testAbaNumberCheck_6339_good" classname="com.cardatechnologies.utils.validators.abaroutevalidator.Test_AbaRouteValidator_04" time="0.02"/>
  <testcase name="testAbaNumberCheck_5363_good" classname="com.cardatechnologies.utils.validators.abaroutevalidator.Test_AbaRouteValidator_04" time="0.021"/>
  <testcase name="testAbaNumberCheck_6961_good" classname="com.cardatechnologies.utils.validators.abaroutevalidator.Test_AbaRouteValidator_04" time="0.023"/>
  <testcase name="testAbaNumberCheck_6177_good" classname="com.cardatechnologies.utils.validators.abaroutevalidator.Test_AbaRouteValidator_04" time="0.025"/>
  <testcase name="testAbaNumberCheck_5237_good" classname="com.cardatechnologies.utils.validators.abaroutevalidator.Test_AbaRouteValidator_04" time="0.022"/>
  <testcase name="testAbaNumberCheck_6835_good" classname="com.cardatechnologies.utils.validators.abaroutevalidator.Test_AbaRouteValidator_04" time="0.021"/>
  <testcase name="testAbaNumberCheck_6709_good" classname="com.cardatechnologies.utils.validators.abaroutevalidator.Test_AbaRouteValidator_04" time="0.021"/>
  <testcase name="testAbaNumberCheck_5075_good" classname="com.cardatechnologies.utils.validators.abaroutevalidator.Test_AbaRouteValidator_04" time="0.022"/>
  <testcase name="testAbaNumberCheck_6673_good" classname="com.cardatechnologies.utils.validators.abaroutevalidator.Test_AbaRouteValidator_04" time="0.022"/>
  <testcase name="testAbaNumberCheck_5733_good" classname="com.cardatechnologies.utils.validators.abaroutevalidator.Test_AbaRouteValidator_04" time="0.023"/>
  <testcase name="testAbaNumberCheck_7487_good" classname="com.cardatechnologies.utils.validators.abaroutevalidator.Test_AbaRouteValidator_04" time="0.022"/>
  <testcase name="testAbaNumberCheck_6547_good" classname="com.cardatechnologies.utils.validators.abaroutevalidator.Test_AbaRouteValidator_04" time="0.023"/>
  <testcase name="testAbaNumberCheck_5607_good" classname="com.cardatechnologies.utils.validators.abaroutevalidator.Test_AbaRouteValidator_04" time="0.022"/>
  <testcase name="testAbaNumberCheck_5571_good" classname="com.cardatechnologies.utils.validators.abaroutevalidator.Test_AbaRouteValidator_04" time="0.022"/>
  <testcase name="testAbaNumberCheck_6385_good" classname="com.cardatechnologies.utils.validators.abaroutevalidator.Test_AbaRouteValidator_04" time="0.022"/>
  <testcase name="testAbaNumberCheck_5445_good" classname="com.cardatechnologies.utils.validators.abaroutevalidator.Test_AbaRouteValidator_04" time="0.027"/>
  <testcase name="testAbaNumberCheck_7199_good" classname="com.cardatechnologies.utils.validators.abaroutevalidator.Test_AbaRouteValidator_04" time="0.025"/>
  <testcase name="testAbaNumberCheck_6259_good" classname="com.cardatechnologies.utils.validators.abaroutevalidator.Test_AbaRouteValidator_04" time="0.022"/>
  <testcase name="testAbaNumberCheck_5319_good" classname="com.cardatechnologies.utils.validators.abaroutevalidator.Test_AbaRouteValidator_04" time="0.022"/>
  <testcase name="testAbaNumberCheck_6917_good" classname="com.cardatechnologies.utils.validators.abaroutevalidator.Test_AbaRouteValidator_04" time="0.025"/>
  <testcase name="testAbaNumberCheck_5283_good" classname="com.cardatechnologies.utils.validators.abaroutevalidator.Test_AbaRouteValidator_04" time="0.025"/>
  <testcase name="testAbaNumberCheck_6881_good" classname="com.cardatechnologies.utils.validators.abaroutevalidator.Test_AbaRouteValidator_04" time="0.021"/>
  <testcase name="testAbaNumberCheck_5941_good" classname="com.cardatechnologies.utils.validators.abaroutevalidator.Test_AbaRouteValidator_04" time="0.021"/>
  <testcase name="testAbaNumberCheck_6097_good" classname="com.cardatechnologies.utils.validators.abaroutevalidator.Test_AbaRouteValidator_04" time="0.022"/>
  <testcase name="testAbaNumberCheck_5157_good" classname="com.cardatechnologies.utils.validators.abaroutevalidator.Test_AbaRouteValidator_04" time="0.021"/>
  <testcase name="testAbaNumberCheck_6755_good" classname="com.cardatechnologies.utils.validators.abaroutevalidator.Test_AbaRouteValidator_04" time="0.02"/>
  <testcase name="testAbaNumberCheck_5815_good" classname="com.cardatechnologies.utils.validators.abaroutevalidator.Test_AbaRouteValidator_04" time="0.021"/>
  <testcase name="testAbaNumberCheck_6629_good" classname="com.cardatechnologies.utils.validators.abaroutevalidator.Test_AbaRouteValidator_04" time="0.021"/>
  <testcase name="testAbaNumberCheck_6593_good" classname="com.cardatechnologies.utils.validators.abaroutevalidator.Test_AbaRouteValidator_04" time="0.02"/>
  <testcase name="testAbaNumberCheck_5653_good" classname="com.cardatechnologies.utils.validators.abaroutevalidator.Test_AbaRouteValidator_04" time="0.022"/>
  <testcase name="testAbaNumberCheck_6467_good" classname="com.cardatechnologies.utils.validators.abaroutevalidator.Test_AbaRouteValidator_04" time="0.02"/>
  <testcase name="testAbaNumberCheck_5527_good" classname="com.cardatechnologies.utils.validators.abaroutevalidator.Test_AbaRouteValidator_04" time="0.02"/>
  <testcase name="testAbaNumberCheck_5491_good" classname="com.cardatechnologies.utils.validators.abaroutevalidator.Test_AbaRouteValidator_04" time="0.022"/>
  <testcase name="testAbaNumberCheck_5365_good" classname="com.cardatechnologies.utils.validators.abaroutevalidator.Test_AbaRouteValidator_04" time="0.02"/>
  <testcase name="testAbaNumberCheck_6963_good" classname="com.cardatechnologies.utils.validators.abaroutevalidator.Test_AbaRouteValidator_04" time="0.02"/>
  <testcase name="testAbaNumberCheck_6179_good" classname="com.cardatechnologies.utils.validators.abaroutevalidator.Test_AbaRouteValidator_04" time="0.021"/>
  <testcase name="testAbaNumberCheck_5239_good" classname="com.cardatechnologies.utils.validators.abaroutevalidator.Test_AbaRouteValidator_04" time="0.02"/>
  <testcase name="testAbaNumberCheck_6837_good" classname="com.cardatechnologies.utils.validators.abaroutevalidator.Test_AbaRouteValidator_04" time="0.021"/>
  <testcase name="testAbaNumberCheck_5861_good" classname="com.cardatechnologies.utils.validators.abaroutevalidator.Test_AbaRouteValidator_04" time="0.021"/>
  <testcase name="testAbaNumberCheck_5077_good" classname="com.cardatechnologies.utils.validators.abaroutevalidator.Test_AbaRouteValidator_04" time="0.027"/>
  <testcase name="testAbaNumberCheck_6675_good" classname="com.cardatechnologies.utils.validators.abaroutevalidator.Test_AbaRouteValidator_04" time="0.023"/>
  <testcase name="testAbaNumberCheck_5735_good" classname="com.cardatechnologies.utils.validators.abaroutevalidator.Test_AbaRouteValidator_04" time="0.024"/>
  <testcase name="testAbaNumberCheck_7489_good" classname="com.cardatechnologies.utils.validators.abaroutevalidator.Test_AbaRouteValidator_04" time="0.025"/>
  <testcase name="testAbaNumberCheck_6549_good" classname="com.cardatechnologies.utils.validators.abaroutevalidator.Test_AbaRouteValidator_04" time="0.029"/>
  <testcase name="testAbaNumberCheck_5609_good" classname="com.cardatechnologies.utils.validators.abaroutevalidator.Test_AbaRouteValidator_04" time="0.029"/>
  <testcase name="testAbaNumberCheck_5573_good" classname="com.cardatechnologies.utils.validators.abaroutevalidator.Test_AbaRouteValidator_04" time="0.023"/>
  <testcase name="testAbaNumberCheck_6387_good" classname="com.cardatechnologies.utils.validators.abaroutevalidator.Test_AbaRouteValidator_04" time="0.024"/>
  <testcase name="testAbaNumberCheck_5447_good" classname="com.cardatechnologies.utils.validators.abaroutevalidator.Test_AbaRouteValidator_04" time="0.024"/>
  <testcase name="testAbaNumberCheck_6919_good" classname="com.cardatechnologies.utils.validators.abaroutevalidator.Test_AbaRouteValidator_04" time="0.023"/>
  <testcase name="testAbaNumberCheck_5285_good" classname="com.cardatechnologies.utils.validators.abaroutevalidator.Test_AbaRouteValidator_04" time="0.024"/>
  <testcase name="testAbaNumberCheck_6883_good" classname="com.cardatechnologies.utils.validators.abaroutevalidator.Test_AbaRouteValidator_04" time="0.023"/>
  <testcase name="testAbaNumberCheck_5943_good" classname="com.cardatechnologies.utils.validators.abaroutevalidator.Test_AbaRouteValidator_04" time="0.024"/>
  <testcase name="testAbaNumberCheck_6099_good" classname="com.cardatechnologies.utils.validators.abaroutevalidator.Test_AbaRouteValidator_04" time="0.025"/>
  <testcase name="testAbaNumberCheck_5159_good" classname="com.cardatechnologies.utils.validators.abaroutevalidator.Test_AbaRouteValidator_04" time="0.025"/>
  <testcase name="testAbaNumberCheck_6757_good" classname="com.cardatechnologies.utils.validators.abaroutevalidator.Test_AbaRouteValidator_04" time="0.023"/>
  <testcase name="testAbaNumberCheck_5817_good" classname="com.cardatechnologies.utils.validators.abaroutevalidator.Test_AbaRouteValidator_04" time="0.024"/>
  <testcase name="testAbaNumberCheck_5781_good" classname="com.cardatechnologies.utils.validators.abaroutevalidator.Test_AbaRouteValidator_04" time="0.025"/>
  <testcase name="testAbaNumberCheck_6595_good" classname="com.cardatechnologies.utils.validators.abaroutevalidator.Test_AbaRouteValidator_04" time="0.025"/>
  <testcase name="testAbaNumberCheck_5655_good" classname="com.cardatechnologies.utils.validators.abaroutevalidator.Test_AbaRouteValidator_04" time="0.021"/>
  <testcase name="testAbaNumberCheck_6469_good" classname="com.cardatechnologies.utils.validators.abaroutevalidator.Test_AbaRouteValidator_04" time="0.021"/>
  <testcase name="testAbaNumberCheck_5529_good" classname="com.cardatechnologies.utils.validators.abaroutevalidator.Test_AbaRouteValidator_04" time="0.022"/>
  <testcase name="testAbaNumberCheck_5493_good" classname="com.cardatechnologies.utils.validators.abaroutevalidator.Test_AbaRouteValidator_04" time="0.028"/>
  <testcase name="testAbaNumberCheck_5367_good" classname="com.cardatechnologies.utils.validators.abaroutevalidator.Test_AbaRouteValidator_04" time="0.024"/>
  <testcase name="testAbaNumberCheck_6965_good" classname="com.cardatechnologies.utils.validators.abaroutevalidator.Test_AbaRouteValidator_04" time="0.023"/>
  <testcase name="testAbaNumberCheck_6839_good" classname="com.cardatechnologies.utils.validators.abaroutevalidator.Test_AbaRouteValidator_04" time="0.024"/>
  <testcase name="testAbaNumberCheck_5863_good" classname="com.cardatechnologies.utils.validators.abaroutevalidator.Test_AbaRouteValidator_04" time="0.03"/>
  <testcase name="testAbaNumberCheck_5079_good" classname="com.cardatechnologies.utils.validators.abaroutevalidator.Test_AbaRouteValidator_04" time="0.023"/>
  <testcase name="testAbaNumberCheck_6677_good" classname="com.cardatechnologies.utils.validators.abaroutevalidator.Test_AbaRouteValidator_04" time="0.024"/>
  <testcase name="testAbaNumberCheck_5737_good" classname="com.cardatechnologies.utils.validators.abaroutevalidator.Test_AbaRouteValidator_04" time="0.02"/>
  <testcase name="testAbaNumberCheck_5575_good" classname="com.cardatechnologies.utils.validators.abaroutevalidator.Test_AbaRouteValidator_04" time="0.023"/>
  <testcase name="testAbaNumberCheck_6389_good" classname="com.cardatechnologies.utils.validators.abaroutevalidator.Test_AbaRouteValidator_04" time="0.024"/>
  <testcase name="testAbaNumberCheck_5449_good" classname="com.cardatechnologies.utils.validators.abaroutevalidator.Test_AbaRouteValidator_04" time="0.025"/>
  <testcase name="testAbaNumberCheck_5287_good" classname="com.cardatechnologies.utils.validators.abaroutevalidator.Test_AbaRouteValidator_04" time="0.032"/>
  <testcase name="testAbaNumberCheck_6885_good" classname="com.cardatechnologies.utils.validators.abaroutevalidator.Test_AbaRouteValidator_04" time="0.026"/>
  <testcase name="testAbaNumberCheck_5945_good" classname="com.cardatechnologies.utils.validators.abaroutevalidator.Test_AbaRouteValidator_04" time="0.022"/>
  <testcase name="testAbaNumberCheck_6759_good" classname="com.cardatechnologies.utils.validators.abaroutevalidator.Test_AbaRouteValidator_04" time="0.021"/>
  <testcase name="testAbaNumberCheck_5819_good" classname="com.cardatechnologies.utils.validators.abaroutevalidator.Test_AbaRouteValidator_04" time="0.02"/>
  <testcase name="testAbaNumberCheck_5783_good" classname="com.cardatechnologies.utils.validators.abaroutevalidator.Test_AbaRouteValidator_04" time="0.021"/>
  <testcase name="testAbaNumberCheck_6597_good" classname="com.cardatechnologies.utils.validators.abaroutevalidator.Test_AbaRouteValidator_04" time="0.02"/>
  <testcase name="testAbaNumberCheck_5657_good" classname="com.cardatechnologies.utils.validators.abaroutevalidator.Test_AbaRouteValidator_04" time="0.021"/>
  <testcase name="testAbaNumberCheck_5495_good" classname="com.cardatechnologies.utils.validators.abaroutevalidator.Test_AbaRouteValidator_04" time="0.02"/>
  <testcase name="testAbaNumberCheck_5369_good" classname="com.cardatechnologies.utils.validators.abaroutevalidator.Test_AbaRouteValidator_04" time="0.021"/>
  <testcase name="testAbaNumberCheck_6967_good" classname="com.cardatechnologies.utils.validators.abaroutevalidator.Test_AbaRouteValidator_04" time="0.021"/>
  <testcase name="testAbaNumberCheck_5991_good" classname="com.cardatechnologies.utils.validators.abaroutevalidator.Test_AbaRouteValidator_04" time="0.021"/>
  <testcase name="testAbaNumberCheck_5865_good" classname="com.cardatechnologies.utils.validators.abaroutevalidator.Test_AbaRouteValidator_04" time="0.03"/>
  <testcase name="testAbaNumberCheck_6679_good" classname="com.cardatechnologies.utils.validators.abaroutevalidator.Test_AbaRouteValidator_04" time="0.02"/>
  <testcase name="testAbaNumberCheck_5739_good" classname="com.cardatechnologies.utils.validators.abaroutevalidator.Test_AbaRouteValidator_04" time="0.022"/>
  <testcase name="testAbaNumberCheck_5577_good" classname="com.cardatechnologies.utils.validators.abaroutevalidator.Test_AbaRouteValidator_04" time="0.022"/>
  <testcase name="testAbaNumberCheck_5289_good" classname="com.cardatechnologies.utils.validators.abaroutevalidator.Test_AbaRouteValidator_04" time="0.033"/>
  <testcase name="testAbaNumberCheck_6887_good" classname="com.cardatechnologies.utils.validators.abaroutevalidator.Test_AbaRouteValidator_04" time="0.027"/>
  <testcase name="testAbaNumberCheck_5947_good" classname="com.cardatechnologies.utils.validators.abaroutevalidator.Test_AbaRouteValidator_04" time="0.025"/>
  <testcase name="testAbaNumberCheck_5785_good" classname="com.cardatechnologies.utils.validators.abaroutevalidator.Test_AbaRouteValidator_04" time="0.025"/>
  <testcase name="testAbaNumberCheck_6599_good" classname="com.cardatechnologies.utils.validators.abaroutevalidator.Test_AbaRouteValidator_04" time="0.026"/>
  <testcase name="testAbaNumberCheck_5659_good" classname="com.cardatechnologies.utils.validators.abaroutevalidator.Test_AbaRouteValidator_04" time="0.024"/>
  <testcase name="testAbaNumberCheck_5497_good" classname="com.cardatechnologies.utils.validators.abaroutevalidator.Test_AbaRouteValidator_04" time="0.026"/>
  <testcase name="testAbaNumberCheck_6969_good" classname="com.cardatechnologies.utils.validators.abaroutevalidator.Test_AbaRouteValidator_04" time="0.026"/>
  <testcase name="testAbaNumberCheck_5993_good" classname="com.cardatechnologies.utils.validators.abaroutevalidator.Test_AbaRouteValidator_04" time="0.025"/>
  <testcase name="testAbaNumberCheck_5867_good" classname="com.cardatechnologies.utils.validators.abaroutevalidator.Test_AbaRouteValidator_04" time="0.025"/>
  <testcase name="testAbaNumberCheck_5579_good" classname="com.cardatechnologies.utils.validators.abaroutevalidator.Test_AbaRouteValidator_04" time="0.026"/>
  <testcase name="testAbaNumberCheck_6889_good" classname="com.cardatechnologies.utils.validators.abaroutevalidator.Test_AbaRouteValidator_04" time="0.025"/>
  <testcase name="testAbaNumberCheck_5949_good" classname="com.cardatechnologies.utils.validators.abaroutevalidator.Test_AbaRouteValidator_04" time="0.022"/>
  <testcase name="testAbaNumberCheck_5787_good" classname="com.cardatechnologies.utils.validators.abaroutevalidator.Test_AbaRouteValidator_04" time="0.022"/>
  <testcase name="testAbaNumberCheck_5499_good" classname="com.cardatechnologies.utils.validators.abaroutevalidator.Test_AbaRouteValidator_04" time="0.021"/>
  <testcase name="testAbaNumberCheck_5995_good" classname="com.cardatechnologies.utils.validators.abaroutevalidator.Test_AbaRouteValidator_04" time="0.021"/>
  <testcase name="testAbaNumberCheck_5869_good" classname="com.cardatechnologies.utils.validators.abaroutevalidator.Test_AbaRouteValidator_04" time="0.021"/>
  <testcase name="testAbaNumberCheck_5789_good" classname="com.cardatechnologies.utils.validators.abaroutevalidator.Test_AbaRouteValidator_04" time="0.035"/>
  <testcase name="testAbaNumberCheck_5997_good" classname="com.cardatechnologies.utils.validators.abaroutevalidator.Test_AbaRouteValidator_04" time="0.028"/>
  <testcase name="testAbaNumberCheck_7000_bad" classname="com.cardatechnologies.utils.validators.abaroutevalidator.Test_AbaRouteValidator_04" time="0.026"/>
  <testcase name="testAbaNumberCheck_7002_bad" classname="com.cardatechnologies.utils.validators.abaroutevalidator.Test_AbaRouteValidator_04" time="0.032"/>
  <testcase name="testAbaNumberCheck_7004_bad" classname="com.cardatechnologies.utils.validators.abaroutevalidator.Test_AbaRouteValidator_04" time="0.029"/>
  <testcase name="testAbaNumberCheck_7006_bad" classname="com.cardatechnologies.utils.validators.abaroutevalidator.Test_AbaRouteValidator_04" time="0.022"/>
  <testcase name="testAbaNumberCheck_7008_bad" classname="com.cardatechnologies.utils.validators.abaroutevalidator.Test_AbaRouteValidator_04" time="0.023"/>
  <testcase name="testAbaNumberCheck_7101_good" classname="com.cardatechnologies.utils.validators.abaroutevalidator.Test_AbaRouteValidator_04" time="0.022"/>
  <testcase name="testAbaNumberCheck_5999_good" classname="com.cardatechnologies.utils.validators.abaroutevalidator.Test_AbaRouteValidator_04" time="0.023"/>
  <testcase name="testAbaNumberCheck_7010_bad" classname="com.cardatechnologies.utils.validators.abaroutevalidator.Test_AbaRouteValidator_04" time="0.025"/>
  <testcase name="testAbaNumberCheck_7012_bad" classname="com.cardatechnologies.utils.validators.abaroutevalidator.Test_AbaRouteValidator_04" time="0.032"/>
  <testcase name="testAbaNumberCheck_6200_bad" classname="com.cardatechnologies.utils.validators.abaroutevalidator.Test_AbaRouteValidator_04" time="0.031"/>
  <testcase name="testAbaNumberCheck_7014_bad" classname="com.cardatechnologies.utils.validators.abaroutevalidator.Test_AbaRouteValidator_04" time="0.032"/>
  <testcase name="testAbaNumberCheck_6202_bad" classname="com.cardatechnologies.utils.validators.abaroutevalidator.Test_AbaRouteValidator_04" time="0.026"/>
  <testcase name="testAbaNumberCheck_7016_bad" classname="com.cardatechnologies.utils.validators.abaroutevalidator.Test_AbaRouteValidator_04" time="0.021"/>
  <testcase name="testAbaNumberCheck_6204_bad" classname="com.cardatechnologies.utils.validators.abaroutevalidator.Test_AbaRouteValidator_04" time="0.022"/>
  <testcase name="testAbaNumberCheck_7018_bad" classname="com.cardatechnologies.utils.validators.abaroutevalidator.Test_AbaRouteValidator_04" time="0.023"/>
  <testcase name="testAbaNumberCheck_6206_bad" classname="com.cardatechnologies.utils.validators.abaroutevalidator.Test_AbaRouteValidator_04" time="0.026"/>
  <testcase name="testAbaNumberCheck_6208_bad" classname="com.cardatechnologies.utils.validators.abaroutevalidator.Test_AbaRouteValidator_04" time="0.023"/>
  <testcase name="testAbaNumberCheck_7021_good" classname="com.cardatechnologies.utils.validators.abaroutevalidator.Test_AbaRouteValidator_04" time="0.021"/>
  <testcase name="testAbaNumberCheck_7020_bad" classname="com.cardatechnologies.utils.validators.abaroutevalidator.Test_AbaRouteValidator_04" time="0.03"/>
  <testcase name="testAbaNumberCheck_7022_bad" classname="com.cardatechnologies.utils.validators.abaroutevalidator.Test_AbaRouteValidator_04" time="0.022"/>
  <testcase name="testAbaNumberCheck_6210_bad" classname="com.cardatechnologies.utils.validators.abaroutevalidator.Test_AbaRouteValidator_04" time="0.021"/>
  <testcase name="testAbaNumberCheck_7024_bad" classname="com.cardatechnologies.utils.validators.abaroutevalidator.Test_AbaRouteValidator_04" time="0.021"/>
  <testcase name="testAbaNumberCheck_6212_bad" classname="com.cardatechnologies.utils.validators.abaroutevalidator.Test_AbaRouteValidator_04" time="0.025"/>
  <testcase name="testAbaNumberCheck_7026_bad" classname="com.cardatechnologies.utils.validators.abaroutevalidator.Test_AbaRouteValidator_04" time="0.023"/>
  <testcase name="testAbaNumberCheck_5400_bad" classname="com.cardatechnologies.utils.validators.abaroutevalidator.Test_AbaRouteValidator_04" time="0.02"/>
  <testcase name="testAbaNumberCheck_6214_bad" classname="com.cardatechnologies.utils.validators.abaroutevalidator.Test_AbaRouteValidator_04" time="0.021"/>
  <testcase name="testAbaNumberCheck_7028_bad" classname="com.cardatechnologies.utils.validators.abaroutevalidator.Test_AbaRouteValidator_04" time="0.021"/>
  <testcase name="testAbaNumberCheck_5402_bad" classname="com.cardatechnologies.utils.validators.abaroutevalidator.Test_AbaRouteValidator_04" time="0.021"/>
  <testcase name="testAbaNumberCheck_6216_bad" classname="com.cardatechnologies.utils.validators.abaroutevalidator.Test_AbaRouteValidator_04" time="0.021"/>
  <testcase name="testAbaNumberCheck_7103_good" classname="com.cardatechnologies.utils.validators.abaroutevalidator.Test_AbaRouteValidator_04" time="0.02"/>
  <testcase name="testAbaNumberCheck_5404_bad" classname="com.cardatechnologies.utils.validators.abaroutevalidator.Test_AbaRouteValidator_04" time="0.022"/>
  <testcase name="testAbaNumberCheck_6218_bad" classname="com.cardatechnologies.utils.validators.abaroutevalidator.Test_AbaRouteValidator_04" time="0.028"/>
  <testcase name="testAbaNumberCheck_5406_bad" classname="com.cardatechnologies.utils.validators.abaroutevalidator.Test_AbaRouteValidator_04" time="0.03"/>
  <testcase name="testAbaNumberCheck_5408_bad" classname="com.cardatechnologies.utils.validators.abaroutevalidator.Test_AbaRouteValidator_04" time="0.03"/>
  <testcase name="testAbaNumberCheck_6001_good" classname="com.cardatechnologies.utils.validators.abaroutevalidator.Test_AbaRouteValidator_04" time="0.023"/>
  <testcase name="testAbaNumberCheck_7030_bad" classname="com.cardatechnologies.utils.validators.abaroutevalidator.Test_AbaRouteValidator_04" time="0.023"/>
  <testcase name="testAbaNumberCheck_7032_bad" classname="com.cardatechnologies.utils.validators.abaroutevalidator.Test_AbaRouteValidator_04" time="0.022"/>
  <testcase name="testAbaNumberCheck_7311_good" classname="com.cardatechnologies.utils.validators.abaroutevalidator.Test_AbaRouteValidator_04" time="0.023"/>
  <testcase name="testAbaNumberCheck_6220_bad" classname="com.cardatechnologies.utils.validators.abaroutevalidator.Test_AbaRouteValidator_04" time="0.022"/>
  <testcase name="testAbaNumberCheck_7034_bad" classname="com.cardatechnologies.utils.validators.abaroutevalidator.Test_AbaRouteValidator_04" time="0.023"/>
  <testcase name="testAbaNumberCheck_6222_bad" classname="com.cardatechnologies.utils.validators.abaroutevalidator.Test_AbaRouteValidator_04" time="0.024"/>
  <testcase name="testAbaNumberCheck_7036_bad" classname="com.cardatechnologies.utils.validators.abaroutevalidator.Test_AbaRouteValidator_04" time="0.031"/>
  <testcase name="testAbaNumberCheck_5410_bad" classname="com.cardatechnologies.utils.validators.abaroutevalidator.Test_AbaRouteValidator_04" time="0.022"/>
  <testcase name="testAbaNumberCheck_6224_bad" classname="com.cardatechnologies.utils.validators.abaroutevalidator.Test_AbaRouteValidator_04" time="0.022"/>
  <testcase name="testAbaNumberCheck_7038_bad" classname="com.cardatechnologies.utils.validators.abaroutevalidator.Test_AbaRouteValidator_04" time="0.023"/>
  <testcase name="testAbaNumberCheck_5412_bad" classname="com.cardatechnologies.utils.validators.abaroutevalidator.Test_AbaRouteValidator_04" time="0.029"/>
  <testcase name="testAbaNumberCheck_6226_bad" classname="com.cardatechnologies.utils.validators.abaroutevalidator.Test_AbaRouteValidator_04" time="0.022"/>
  <testcase name="testAbaNumberCheck_5414_bad" classname="com.cardatechnologies.utils.validators.abaroutevalidator.Test_AbaRouteValidator_04" time="0.023"/>
  <testcase name="testAbaNumberCheck_6228_bad" classname="com.cardatechnologies.utils.validators.abaroutevalidator.Test_AbaRouteValidator_04" time="0.022"/>
  <testcase name="testAbaNumberCheck_5416_bad" classname="com.cardatechnologies.utils.validators.abaroutevalidator.Test_AbaRouteValidator_04" time="0.021"/>
  <testcase name="testAbaNumberCheck_7023_good" classname="com.cardatechnologies.utils.validators.abaroutevalidator.Test_AbaRouteValidator_04" time="0.023"/>
  <testcase name="testAbaNumberCheck_5418_bad" classname="com.cardatechnologies.utils.validators.abaroutevalidator.Test_AbaRouteValidator_04" time="0.023"/>
  <testcase name="testAbaNumberCheck_7040_bad" classname="com.cardatechnologies.utils.validators.abaroutevalidator.Test_AbaRouteValidator_04" time="0.023"/>
  <testcase name="testAbaNumberCheck_7042_bad" classname="com.cardatechnologies.utils.validators.abaroutevalidator.Test_AbaRouteValidator_04" time="0.022"/>
  <testcase name="testAbaNumberCheck_6230_bad" classname="com.cardatechnologies.utils.validators.abaroutevalidator.Test_AbaRouteValidator_04" time="0.022"/>
  <testcase name="testAbaNumberCheck_7044_bad" classname="com.cardatechnologies.utils.validators.abaroutevalidator.Test_AbaRouteValidator_04" time="0.02"/>
  <testcase name="testAbaNumberCheck_6232_bad" classname="com.cardatechnologies.utils.validators.abaroutevalidator.Test_AbaRouteValidator_04" time="0.021"/>
  <testcase name="testAbaNumberCheck_7046_bad" classname="com.cardatechnologies.utils.validators.abaroutevalidator.Test_AbaRouteValidator_04" time="0.021"/>
  <testcase name="testAbaNumberCheck_7231_good" classname="com.cardatechnologies.utils.validators.abaroutevalidator.Test_AbaRouteValidator_04" time="0.021"/>
  <testcase name="testAbaNumberCheck_5420_bad" classname="com.cardatechnologies.utils.validators.abaroutevalidator.Test_AbaRouteValidator_04" time="0.022"/>
  <testcase name="testAbaNumberCheck_6234_bad" classname="com.cardatechnologies.utils.validators.abaroutevalidator.Test_AbaRouteValidator_04" time="0.023"/>
  <testcase name="testAbaNumberCheck_7048_bad" classname="com.cardatechnologies.utils.validators.abaroutevalidator.Test_AbaRouteValidator_04" time="0.022"/>
  <testcase name="testAbaNumberCheck_5422_bad" classname="com.cardatechnologies.utils.validators.abaroutevalidator.Test_AbaRouteValidator_04" time="0.023"/>
  <testcase name="testAbaNumberCheck_6236_bad" classname="com.cardatechnologies.utils.validators.abaroutevalidator.Test_AbaRouteValidator_04" time="0.035"/>
  <testcase name="testAbaNumberCheck_7105_good" classname="com.cardatechnologies.utils.validators.abaroutevalidator.Test_AbaRouteValidator_04" time="0.024"/>
  <testcase name="testAbaNumberCheck_5424_bad" classname="com.cardatechnologies.utils.validators.abaroutevalidator.Test_AbaRouteValidator_04" time="0.025"/>
  <testcase name="testAbaNumberCheck_6238_bad" classname="com.cardatechnologies.utils.validators.abaroutevalidator.Test_AbaRouteValidator_04" time="0.032"/>
  <testcase name="testAbaNumberCheck_5426_bad" classname="com.cardatechnologies.utils.validators.abaroutevalidator.Test_AbaRouteValidator_04" time="0.03"/>
  <testcase name="testAbaNumberCheck_5428_bad" classname="com.cardatechnologies.utils.validators.abaroutevalidator.Test_AbaRouteValidator_04" time="0.021"/>
  <testcase name="testAbaNumberCheck_6003_good" classname="com.cardatechnologies.utils.validators.abaroutevalidator.Test_AbaRouteValidator_04" time="0.021"/>
  <testcase name="testAbaNumberCheck_7500_bad" classname="com.cardatechnologies.utils.validators.abaroutevalidator.Test_AbaRouteValidator_04" time="0.021"/>
  <testcase name="testAbaNumberCheck_7050_bad" classname="com.cardatechnologies.utils.validators.abaroutevalidator.Test_AbaRouteValidator_04" time="0.021"/>
  <testcase name="testAbaNumberCheck_7052_bad" classname="com.cardatechnologies.utils.validators.abaroutevalidator.Test_AbaRouteValidator_04" time="0.019"/>
  <testcase name="testAbaNumberCheck_7313_good" classname="com.cardatechnologies.utils.validators.abaroutevalidator.Test_AbaRouteValidator_04" time="0.021"/>
  <testcase name="testAbaNumberCheck_6240_bad" classname="com.cardatechnologies.utils.validators.abaroutevalidator.Test_AbaRouteValidator_04" time="0.021"/>
  <testcase name="testAbaNumberCheck_7054_bad" classname="com.cardatechnologies.utils.validators.abaroutevalidator.Test_AbaRouteValidator_04" time="0.021"/>
  <testcase name="testAbaNumberCheck_6242_bad" classname="com.cardatechnologies.utils.validators.abaroutevalidator.Test_AbaRouteValidator_04" time="0.02"/>
  <testcase name="testAbaNumberCheck_7056_bad" classname="com.cardatechnologies.utils.validators.abaroutevalidator.Test_AbaRouteValidator_04" time="0.021"/>
  <testcase name="testAbaNumberCheck_5430_bad" classname="com.cardatechnologies.utils.validators.abaroutevalidator.Test_AbaRouteValidator_04" time="0.02"/>
  <testcase name="testAbaNumberCheck_6244_bad" classname="com.cardatechnologies.utils.validators.abaroutevalidator.Test_AbaRouteValidator_04" time="0.021"/>
  <testcase name="testAbaNumberCheck_7058_bad" classname="com.cardatechnologies.utils.validators.abaroutevalidator.Test_AbaRouteValidator_04" time="0.02"/>
  <testcase name="testAbaNumberCheck_5432_bad" classname="com.cardatechnologies.utils.validators.abaroutevalidator.Test_AbaRouteValidator_04" time="0.021"/>
  <testcase name="testAbaNumberCheck_6246_bad" classname="com.cardatechnologies.utils.validators.abaroutevalidator.Test_AbaRouteValidator_04" time="0.021"/>
  <testcase name="testAbaNumberCheck_7151_good" classname="com.cardatechnologies.utils.validators.abaroutevalidator.Test_AbaRouteValidator_04" time="0.02"/>
  <testcase name="testAbaNumberCheck_6211_good" classname="com.cardatechnologies.utils.validators.abaroutevalidator.Test_AbaRouteValidator_04" time="0.021"/>
  <testcase name="testAbaNumberCheck_5434_bad" classname="com.cardatechnologies.utils.validators.abaroutevalidator.Test_AbaRouteValidator_04" time="0.025"/>
  <testcase name="testAbaNumberCheck_6248_bad" classname="com.cardatechnologies.utils.validators.abaroutevalidator.Test_AbaRouteValidator_04" time="0.027"/>
  <testcase name="testAbaNumberCheck_5436_bad" classname="com.cardatechnologies.utils.validators.abaroutevalidator.Test_AbaRouteValidator_04" time="0.033"/>
  <testcase name="testAbaNumberCheck_7025_good" classname="com.cardatechnologies.utils.validators.abaroutevalidator.Test_AbaRouteValidator_04" time="0.026"/>
  <testcase name="testAbaNumberCheck_5438_bad" classname="com.cardatechnologies.utils.validators.abaroutevalidator.Test_AbaRouteValidator_04" time="0.025"/>
  <testcase name="testAbaNumberCheck_7060_bad" classname="com.cardatechnologies.utils.validators.abaroutevalidator.Test_AbaRouteValidator_04" time="0.029"/>
  <testcase name="testAbaNumberCheck_7062_bad" classname="com.cardatechnologies.utils.validators.abaroutevalidator.Test_AbaRouteValidator_04" time="0.025"/>
  <testcase name="testAbaNumberCheck_6700_bad" classname="com.cardatechnologies.utils.validators.abaroutevalidator.Test_AbaRouteValidator_04" time="0.022"/>
  <testcase name="testAbaNumberCheck_6250_bad" classname="com.cardatechnologies.utils.validators.abaroutevalidator.Test_AbaRouteValidator_04" time="0.023"/>
  <testcase name="testAbaNumberCheck_7064_bad" classname="com.cardatechnologies.utils.validators.abaroutevalidator.Test_AbaRouteValidator_04" time="0.022"/>
  <testcase name="testAbaNumberCheck_6702_bad" classname="com.cardatechnologies.utils.validators.abaroutevalidator.Test_AbaRouteValidator_04" time="0.021"/>
  <testcase name="testAbaNumberCheck_6252_bad" classname="com.cardatechnologies.utils.validators.abaroutevalidator.Test_AbaRouteValidator_04" time="0.02"/>
  <testcase name="testAbaNumberCheck_7066_bad" classname="com.cardatechnologies.utils.validators.abaroutevalidator.Test_AbaRouteValidator_04" time="0.021"/>
  <testcase name="testAbaNumberCheck_7233_good" classname="com.cardatechnologies.utils.validators.abaroutevalidator.Test_AbaRouteValidator_04" time="0.022"/>
  <testcase name="testAbaNumberCheck_6704_bad" classname="com.cardatechnologies.utils.validators.abaroutevalidator.Test_AbaRouteValidator_04" time="0.025"/>
  <testcase name="testAbaNumberCheck_5440_bad" classname="com.cardatechnologies.utils.validators.abaroutevalidator.Test_AbaRouteValidator_04" time="0.024"/>
  <testcase name="testAbaNumberCheck_6254_bad" classname="com.cardatechnologies.utils.validators.abaroutevalidator.Test_AbaRouteValidator_04" time="0.024"/>
  <testcase name="testAbaNumberCheck_7068_bad" classname="com.cardatechnologies.utils.validators.abaroutevalidator.Test_AbaRouteValidator_04" time="0.024"/>
  <testcase name="testAbaNumberCheck_6706_bad" classname="com.cardatechnologies.utils.validators.abaroutevalidator.Test_AbaRouteValidator_04" time="0.024"/>
  <testcase name="testAbaNumberCheck_5442_bad" classname="com.cardatechnologies.utils.validators.abaroutevalidator.Test_AbaRouteValidator_04" time="0.025"/>
  <testcase name="testAbaNumberCheck_6256_bad" classname="com.cardatechnologies.utils.validators.abaroutevalidator.Test_AbaRouteValidator_04" time="0.025"/>
  <testcase name="testAbaNumberCheck_7107_good" classname="com.cardatechnologies.utils.validators.abaroutevalidator.Test_AbaRouteValidator_04" time="0.022"/>
  <testcase name="testAbaNumberCheck_6708_bad" classname="com.cardatechnologies.utils.validators.abaroutevalidator.Test_AbaRouteValidator_04" time="0.022"/>
  <testcase name="testAbaNumberCheck_5444_bad" classname="com.cardatechnologies.utils.validators.abaroutevalidator.Test_AbaRouteValidator_04" time="0.029"/>
  <testcase name="testAbaNumberCheck_6258_bad" classname="com.cardatechnologies.utils.validators.abaroutevalidator.Test_AbaRouteValidator_04" time="0.028"/>
  <testcase name="testAbaNumberCheck_5446_bad" classname="com.cardatechnologies.utils.validators.abaroutevalidator.Test_AbaRouteValidator_04" time="0.025"/>
  <testcase name="testAbaNumberCheck_7071_good" classname="com.cardatechnologies.utils.validators.abaroutevalidator.Test_AbaRouteValidator_04" time="0.045"/>
  <testcase name="testAbaNumberCheck_6131_good" classname="com.cardatechnologies.utils.validators.abaroutevalidator.Test_AbaRouteValidator_04" time="0.025"/>
  <testcase name="testAbaNumberCheck_5448_bad" classname="com.cardatechnologies.utils.validators.abaroutevalidator.Test_AbaRouteValidator_04" time="0.026"/>
  <testcase name="testAbaNumberCheck_6005_good" classname="com.cardatechnologies.utils.validators.abaroutevalidator.Test_AbaRouteValidator_04" time="0.025"/>
  <testcase name="testAbaNumberCheck_7441_good" classname="com.cardatechnologies.utils.validators.abaroutevalidator.Test_AbaRouteValidator_04" time="0.025"/>
  <testcase name="testAbaNumberCheck_6501_good" classname="com.cardatechnologies.utils.validators.abaroutevalidator.Test_AbaRouteValidator_04" time="0.026"/>
  <testcase name="testAbaNumberCheck_7070_bad" classname="com.cardatechnologies.utils.validators.abaroutevalidator.Test_AbaRouteValidator_04" time="0.024"/>
  <testcase name="testAbaNumberCheck_7072_bad" classname="com.cardatechnologies.utils.validators.abaroutevalidator.Test_AbaRouteValidator_04" time="0.021"/>
  <testcase name="testAbaNumberCheck_7315_good" classname="com.cardatechnologies.utils.validators.abaroutevalidator.Test_AbaRouteValidator_04" time="0.021"/>
  <testcase name="testAbaNumberCheck_6710_bad" classname="com.cardatechnologies.utils.validators.abaroutevalidator.Test_AbaRouteValidator_04" time="0.02"/>
  <testcase name="testAbaNumberCheck_6260_bad" classname="com.cardatechnologies.utils.validators.abaroutevalidator.Test_AbaRouteValidator_04" time="0.021"/>
  <testcase name="testAbaNumberCheck_7074_bad" classname="com.cardatechnologies.utils.validators.abaroutevalidator.Test_AbaRouteValidator_04" time="0.021"/>
  <testcase name="testAbaNumberCheck_6712_bad" classname="com.cardatechnologies.utils.validators.abaroutevalidator.Test_AbaRouteValidator_04" time="0.02"/>
  <testcase name="testAbaNumberCheck_6262_bad" classname="com.cardatechnologies.utils.validators.abaroutevalidator.Test_AbaRouteValidator_04" time="0.021"/>
  <testcase name="testAbaNumberCheck_7076_bad" classname="com.cardatechnologies.utils.validators.abaroutevalidator.Test_AbaRouteValidator_04" time="0.022"/>
  <testcase name="testAbaNumberCheck_5900_bad" classname="com.cardatechnologies.utils.validators.abaroutevalidator.Test_AbaRouteValidator_04" time="0.02"/>
  <testcase name="testAbaNumberCheck_6714_bad" classname="com.cardatechnologies.utils.validators.abaroutevalidator.Test_AbaRouteValidator_04" time="0.021"/>
  <testcase name="testAbaNumberCheck_5450_bad" classname="com.cardatechnologies.utils.validators.abaroutevalidator.Test_AbaRouteValidator_04" time="0.021"/>
  <testcase name="testAbaNumberCheck_6264_bad" classname="com.cardatechnologies.utils.validators.abaroutevalidator.Test_AbaRouteValidator_04" time="0.02"/>
  <testcase name="testAbaNumberCheck_7078_bad" classname="com.cardatechnologies.utils.validators.abaroutevalidator.Test_AbaRouteValidator_04" time="0.024"/>
  <testcase name="testAbaNumberCheck_5902_bad" classname="com.cardatechnologies.utils.validators.abaroutevalidator.Test_AbaRouteValidator_04" time="0.024"/>
  <testcase name="testAbaNumberCheck_6716_bad" classname="com.cardatechnologies.utils.validators.abaroutevalidator.Test_AbaRouteValidator_04" time="0.022"/>
  <testcase name="testAbaNumberCheck_5452_bad" classname="com.cardatechnologies.utils.validators.abaroutevalidator.Test_AbaRouteValidator_04" time="0.02"/>
  <testcase name="testAbaNumberCheck_6266_bad" classname="com.cardatechnologies.utils.validators.abaroutevalidator.Test_AbaRouteValidator_04" time="0.029"/>
  <testcase name="testAbaNumberCheck_7153_good" classname="com.cardatechnologies.utils.validators.abaroutevalidator.Test_AbaRouteValidator_04" time="0.021"/>
  <testcase name="testAbaNumberCheck_6213_good" classname="com.cardatechnologies.utils.validators.abaroutevalidator.Test_AbaRouteValidator_04" time="0.02"/>
  <testcase name="testAbaNumberCheck_5904_bad" classname="com.cardatechnologies.utils.validators.abaroutevalidator.Test_AbaRouteValidator_04" time="0.021"/>
  <testcase name="testAbaNumberCheck_6718_bad" classname="com.cardatechnologies.utils.validators.abaroutevalidator.Test_AbaRouteValidator_04" time="0.02"/>
  <testcase name="testAbaNumberCheck_5454_bad" classname="com.cardatechnologies.utils.validators.abaroutevalidator.Test_AbaRouteValidator_04" time="0.022"/>
  <testcase name="testAbaNumberCheck_6268_bad" classname="com.cardatechnologies.utils.validators.abaroutevalidator.Test_AbaRouteValidator_04" time="0.022"/>
  <testcase name="testAbaNumberCheck_5906_bad" classname="com.cardatechnologies.utils.validators.abaroutevalidator.Test_AbaRouteValidator_04" time="0.02"/>
  <testcase name="testAbaNumberCheck_5456_bad" classname="com.cardatechnologies.utils.validators.abaroutevalidator.Test_AbaRouteValidator_04" time="0.02"/>
  <testcase name="testAbaNumberCheck_7027_good" classname="com.cardatechnologies.utils.validators.abaroutevalidator.Test_AbaRouteValidator_04" time="0.021"/>
  <testcase name="testAbaNumberCheck_5908_bad" classname="com.cardatechnologies.utils.validators.abaroutevalidator.Test_AbaRouteValidator_04" time="0.02"/>
  <testcase name="testAbaNumberCheck_5458_bad" classname="com.cardatechnologies.utils.validators.abaroutevalidator.Test_AbaRouteValidator_04" time="0.021"/>
  <testcase name="testAbaNumberCheck_6051_good" classname="com.cardatechnologies.utils.validators.abaroutevalidator.Test_AbaRouteValidator_04" time="0.02"/>
  <testcase name="testAbaNumberCheck_5111_good" classname="com.cardatechnologies.utils.validators.abaroutevalidator.Test_AbaRouteValidator_04" time="0.021"/>
  <testcase name="testAbaNumberCheck_7080_bad" classname="com.cardatechnologies.utils.validators.abaroutevalidator.Test_AbaRouteValidator_04" time="0.021"/>
  <testcase name="testAbaNumberCheck_7361_good" classname="com.cardatechnologies.utils.validators.abaroutevalidator.Test_AbaRouteValidator_04" time="0.02"/>
  <testcase name="testAbaNumberCheck_7082_bad" classname="com.cardatechnologies.utils.validators.abaroutevalidator.Test_AbaRouteValidator_04" time="0.021"/>
  <testcase name="testAbaNumberCheck_6421_good" classname="com.cardatechnologies.utils.validators.abaroutevalidator.Test_AbaRouteValidator_04" time="0.021"/>
  <testcase name="testAbaNumberCheck_6720_bad" classname="com.cardatechnologies.utils.validators.abaroutevalidator.Test_AbaRouteValidator_04" time="0.019"/>
  <testcase name="testAbaNumberCheck_6270_bad" classname="com.cardatechnologies.utils.validators.abaroutevalidator.Test_AbaRouteValidator_04" time="0.022"/>
  <testcase name="testAbaNumberCheck_7084_bad" classname="com.cardatechnologies.utils.validators.abaroutevalidator.Test_AbaRouteValidator_04" time="0.021"/>
  <testcase name="testAbaNumberCheck_6722_bad" classname="com.cardatechnologies.utils.validators.abaroutevalidator.Test_AbaRouteValidator_04" time="0.032"/>
  <testcase name="testAbaNumberCheck_6272_bad" classname="com.cardatechnologies.utils.validators.abaroutevalidator.Test_AbaRouteValidator_04" time="0.021"/>
  <testcase name="testAbaNumberCheck_7086_bad" classname="com.cardatechnologies.utils.validators.abaroutevalidator.Test_AbaRouteValidator_04" time="0.02"/>
  <testcase name="testAbaNumberCheck_7235_good" classname="com.cardatechnologies.utils.validators.abaroutevalidator.Test_AbaRouteValidator_04" time="0.028"/>
  <testcase name="testAbaNumberCheck_5910_bad" classname="com.cardatechnologies.utils.validators.abaroutevalidator.Test_AbaRouteValidator_04" time="0.021"/>
  <testcase name="testAbaNumberCheck_6724_bad" classname="com.cardatechnologies.utils.validators.abaroutevalidator.Test_AbaRouteValidator_04" time="0.021"/>
  <testcase name="testAbaNumberCheck_5460_bad" classname="com.cardatechnologies.utils.validators.abaroutevalidator.Test_AbaRouteValidator_04" time="0.02"/>
  <testcase name="testAbaNumberCheck_6274_bad" classname="com.cardatechnologies.utils.validators.abaroutevalidator.Test_AbaRouteValidator_04" time="0.021"/>
  <testcase name="testAbaNumberCheck_7088_bad" classname="com.cardatechnologies.utils.validators.abaroutevalidator.Test_AbaRouteValidator_04" time="0.021"/>
  <testcase name="testAbaNumberCheck_5912_bad" classname="com.cardatechnologies.utils.validators.abaroutevalidator.Test_AbaRouteValidator_04" time="0.022"/>
  <testcase name="testAbaNumberCheck_6726_bad" classname="com.cardatechnologies.utils.validators.abaroutevalidator.Test_AbaRouteValidator_04" time="0.025"/>
  <testcase name="testAbaNumberCheck_5462_bad" classname="com.cardatechnologies.utils.validators.abaroutevalidator.Test_AbaRouteValidator_04" time="0.026"/>
  <testcase name="testAbaNumberCheck_6276_bad" classname="com.cardatechnologies.utils.validators.abaroutevalidator.Test_AbaRouteValidator_04" time="0.022"/>
  <testcase name="testAbaNumberCheck_7109_good" classname="com.cardatechnologies.utils.validators.abaroutevalidator.Test_AbaRouteValidator_04" time="0.025"/>
  <testcase name="testAbaNumberCheck_5914_bad" classname="com.cardatechnologies.utils.validators.abaroutevalidator.Test_AbaRouteValidator_04" time="0.028"/>
  <testcase name="testAbaNumberCheck_6728_bad" classname="com.cardatechnologies.utils.validators.abaroutevalidator.Test_AbaRouteValidator_04" time="0.028"/>
  <testcase name="testAbaNumberCheck_5464_bad" classname="com.cardatechnologies.utils.validators.abaroutevalidator.Test_AbaRouteValidator_04" time="0.026"/>
  <testcase name="testAbaNumberCheck_6278_bad" classname="com.cardatechnologies.utils.validators.abaroutevalidator.Test_AbaRouteValidator_04" time="0.025"/>
  <testcase name="testAbaNumberCheck_5916_bad" classname="com.cardatechnologies.utils.validators.abaroutevalidator.Test_AbaRouteValidator_04" time="0.022"/>
  <testcase name="testAbaNumberCheck_5466_bad" classname="com.cardatechnologies.utils.validators.abaroutevalidator.Test_AbaRouteValidator_04" time="0.021"/>
  <testcase name="testAbaNumberCheck_7073_good" classname="com.cardatechnologies.utils.validators.abaroutevalidator.Test_AbaRouteValidator_04" time="0.02"/>
  <testcase name="testAbaNumberCheck_6133_good" classname="com.cardatechnologies.utils.validators.abaroutevalidator.Test_AbaRouteValidator_04" time="0.023"/>
  <testcase name="testAbaNumberCheck_5918_bad" classname="com.cardatechnologies.utils.validators.abaroutevalidator.Test_AbaRouteValidator_04" time="0.026"/>
  <testcase name="testAbaNumberCheck_5468_bad" classname="com.cardatechnologies.utils.validators.abaroutevalidator.Test_AbaRouteValidator_04" time="0.022"/>
  <testcase name="testAbaNumberCheck_6007_good" classname="com.cardatechnologies.utils.validators.abaroutevalidator.Test_AbaRouteValidator_04" time="0.021"/>
  <testcase name="testAbaNumberCheck_5031_good" classname="com.cardatechnologies.utils.validators.abaroutevalidator.Test_AbaRouteValidator_04" time="0.025"/>
  <testcase name="testAbaNumberCheck_7443_good" classname="com.cardatechnologies.utils.validators.abaroutevalidator.Test_AbaRouteValidator_04" time="0.023"/>
  <testcase name="testAbaNumberCheck_6503_good" classname="com.cardatechnologies.utils.validators.abaroutevalidator.Test_AbaRouteValidator_04" time="0.021"/>
  <testcase name="testAbaNumberCheck_7090_bad" classname="com.cardatechnologies.utils.validators.abaroutevalidator.Test_AbaRouteValidator_04" time="0.022"/>
  <testcase name="testAbaNumberCheck_7092_bad" classname="com.cardatechnologies.utils.validators.abaroutevalidator.Test_AbaRouteValidator_04" time="0.02"/>
  <testcase name="testAbaNumberCheck_7317_good" classname="com.cardatechnologies.utils.validators.abaroutevalidator.Test_AbaRouteValidator_04" time="0.021"/>
  <testcase name="testAbaNumberCheck_6730_bad" classname="com.cardatechnologies.utils.validators.abaroutevalidator.Test_AbaRouteValidator_04" time="0.02"/>
  <testcase name="testAbaNumberCheck_6280_bad" classname="com.cardatechnologies.utils.validators.abaroutevalidator.Test_AbaRouteValidator_04" time="0.021"/>
  <testcase name="testAbaNumberCheck_7094_bad" classname="com.cardatechnologies.utils.validators.abaroutevalidator.Test_AbaRouteValidator_04" time="0.021"/>
  <testcase name="testAbaNumberCheck_6732_bad" classname="com.cardatechnologies.utils.validators.abaroutevalidator.Test_AbaRouteValidator_04" time="0.023"/>
  <testcase name="testAbaNumberCheck_7281_good" classname="com.cardatechnologies.utils.validators.abaroutevalidator.Test_AbaRouteValidator_04" time="0.025"/>
  <testcase name="testAbaNumberCheck_6282_bad" classname="com.cardatechnologies.utils.validators.abaroutevalidator.Test_AbaRouteValidator_04" time="0.028"/>
  <testcase name="testAbaNumberCheck_7096_bad" classname="com.cardatechnologies.utils.validators.abaroutevalidator.Test_AbaRouteValidator_04" time="0.026"/>
  <testcase name="testAbaNumberCheck_6341_good" classname="com.cardatechnologies.utils.validators.abaroutevalidator.Test_AbaRouteValidator_04" time="0.031"/>
  <testcase name="testAbaNumberCheck_5401_good" classname="com.cardatechnologies.utils.validators.abaroutevalidator.Test_AbaRouteValidator_04" time="0.021"/>
  <testcase name="testAbaNumberCheck_5920_bad" classname="com.cardatechnologies.utils.validators.abaroutevalidator.Test_AbaRouteValidator_04" time="0.021"/>
  <testcase name="testAbaNumberCheck_6734_bad" classname="com.cardatechnologies.utils.validators.abaroutevalidator.Test_AbaRouteValidator_04" time="0.02"/>
  <testcase name="testAbaNumberCheck_5470_bad" classname="com.cardatechnologies.utils.validators.abaroutevalidator.Test_AbaRouteValidator_04" time="0.021"/>
  <testcase name="testAbaNumberCheck_6284_bad" classname="com.cardatechnologies.utils.validators.abaroutevalidator.Test_AbaRouteValidator_04" time="0.024"/>
  <testcase name="testAbaNumberCheck_7098_bad" classname="com.cardatechnologies.utils.validators.abaroutevalidator.Test_AbaRouteValidator_04" time="0.027"/>
  <testcase name="testAbaNumberCheck_5922_bad" classname="com.cardatechnologies.utils.validators.abaroutevalidator.Test_AbaRouteValidator_04" time="0.031"/>
  <testcase name="testAbaNumberCheck_6736_bad" classname="com.cardatechnologies.utils.validators.abaroutevalidator.Test_AbaRouteValidator_04" time="0.027"/>
  <testcase name="testAbaNumberCheck_5472_bad" classname="com.cardatechnologies.utils.validators.abaroutevalidator.Test_AbaRouteValidator_04" time="0.037"/>
  <testcase name="testAbaNumberCheck_6286_bad" classname="com.cardatechnologies.utils.validators.abaroutevalidator.Test_AbaRouteValidator_04" time="0.031"/>
  <testcase name="testAbaNumberCheck_7155_good" classname="com.cardatechnologies.utils.validators.abaroutevalidator.Test_AbaRouteValidator_04" time="0.027"/>
  <testcase name="testAbaNumberCheck_6215_good" classname="com.cardatechnologies.utils.validators.abaroutevalidator.Test_AbaRouteValidator_04" time="0.024"/>
  <testcase name="testAbaNumberCheck_5924_bad" classname="com.cardatechnologies.utils.validators.abaroutevalidator.Test_AbaRouteValidator_04" time="0.022"/>
  <testcase name="testAbaNumberCheck_6738_bad" classname="com.cardatechnologies.utils.validators.abaroutevalidator.Test_AbaRouteValidator_04" time="0.021"/>
  <testcase name="testAbaNumberCheck_5474_bad" classname="com.cardatechnologies.utils.validators.abaroutevalidator.Test_AbaRouteValidator_04" time="0.021"/>
  <testcase name="testAbaNumberCheck_6288_bad" classname="com.cardatechnologies.utils.validators.abaroutevalidator.Test_AbaRouteValidator_04" time="0.02"/>
  <testcase name="testAbaNumberCheck_5926_bad" classname="com.cardatechnologies.utils.validators.abaroutevalidator.Test_AbaRouteValidator_04" time="0.021"/>
  <testcase name="testAbaNumberCheck_5476_bad" classname="com.cardatechnologies.utils.validators.abaroutevalidator.Test_AbaRouteValidator_04" time="0.021"/>
  <testcase name="testAbaNumberCheck_7029_good" classname="com.cardatechnologies.utils.validators.abaroutevalidator.Test_AbaRouteValidator_04" time="0.021"/>
  <testcase name="testAbaNumberCheck_5928_bad" classname="com.cardatechnologies.utils.validators.abaroutevalidator.Test_AbaRouteValidator_04" time="0.022"/>
  <testcase name="testAbaNumberCheck_5478_bad" classname="com.cardatechnologies.utils.validators.abaroutevalidator.Test_AbaRouteValidator_04" time="0.026"/>
  <testcase name="testAbaNumberCheck_6053_good" classname="com.cardatechnologies.utils.validators.abaroutevalidator.Test_AbaRouteValidator_04" time="0.027"/>
  <testcase name="testAbaNumberCheck_5113_good" classname="com.cardatechnologies.utils.validators.abaroutevalidator.Test_AbaRouteValidator_04" time="0.026"/>
  <testcase name="testAbaNumberCheck_6711_good" classname="com.cardatechnologies.utils.validators.abaroutevalidator.Test_AbaRouteValidator_04" time="0.022"/>
  <testcase name="testAbaNumberCheck_7363_good" classname="com.cardatechnologies.utils.validators.abaroutevalidator.Test_AbaRouteValidator_04" time="0.022"/>
  <testcase name="testAbaNumberCheck_6423_good" classname="com.cardatechnologies.utils.validators.abaroutevalidator.Test_AbaRouteValidator_04" time="0.023"/>
  <testcase name="testAbaNumberCheck_6740_bad" classname="com.cardatechnologies.utils.validators.abaroutevalidator.Test_AbaRouteValidator_04" time="0.022"/>
  <testcase name="testAbaNumberCheck_6290_bad" classname="com.cardatechnologies.utils.validators.abaroutevalidator.Test_AbaRouteValidator_04" time="0.022"/>
  <testcase name="testAbaNumberCheck_6742_bad" classname="com.cardatechnologies.utils.validators.abaroutevalidator.Test_AbaRouteValidator_04" time="0.032"/>
  <testcase name="testAbaNumberCheck_6292_bad" classname="com.cardatechnologies.utils.validators.abaroutevalidator.Test_AbaRouteValidator_04" time="0.022"/>
  <testcase name="testAbaNumberCheck_7237_good" classname="com.cardatechnologies.utils.validators.abaroutevalidator.Test_AbaRouteValidator_04" time="0.022"/>
  <testcase name="testAbaNumberCheck_5930_bad" classname="com.cardatechnologies.utils.validators.abaroutevalidator.Test_AbaRouteValidator_04" time="0.026"/>
  <testcase name="testAbaNumberCheck_6744_bad" classname="com.cardatechnologies.utils.validators.abaroutevalidator.Test_AbaRouteValidator_04" time="0.021"/>
  <testcase name="testAbaNumberCheck_5480_bad" classname="com.cardatechnologies.utils.validators.abaroutevalidator.Test_AbaRouteValidator_04" time="0.02"/>
  <testcase name="testAbaNumberCheck_6294_bad" classname="com.cardatechnologies.utils.validators.abaroutevalidator.Test_AbaRouteValidator_04" time="0.022"/>
  <testcase name="testAbaNumberCheck_5932_bad" classname="com.cardatechnologies.utils.validators.abaroutevalidator.Test_AbaRouteValidator_04" time="0.021"/>
  <testcase name="testAbaNumberCheck_6746_bad" classname="com.cardatechnologies.utils.validators.abaroutevalidator.Test_AbaRouteValidator_04" time="0.02"/>
  <testcase name="testAbaNumberCheck_5482_bad" classname="com.cardatechnologies.utils.validators.abaroutevalidator.Test_AbaRouteValidator_04" time="0.021"/>
  <testcase name="testAbaNumberCheck_6296_bad" classname="com.cardatechnologies.utils.validators.abaroutevalidator.Test_AbaRouteValidator_04" time="0.021"/>
  <testcase name="testAbaNumberCheck_6261_good" classname="com.cardatechnologies.utils.validators.abaroutevalidator.Test_AbaRouteValidator_04" time="0.02"/>
  <testcase name="testAbaNumberCheck_5321_good" classname="com.cardatechnologies.utils.validators.abaroutevalidator.Test_AbaRouteValidator_04" time="0.022"/>
  <testcase name="testAbaNumberCheck_5934_bad" classname="com.cardatechnologies.utils.validators.abaroutevalidator.Test_AbaRouteValidator_04" time="0.021"/>
  <testcase name="testAbaNumberCheck_6748_bad" classname="com.cardatechnologies.utils.validators.abaroutevalidator.Test_AbaRouteValidator_04" time="0.021"/>
  <testcase name="testAbaNumberCheck_5484_bad" classname="com.cardatechnologies.utils.validators.abaroutevalidator.Test_AbaRouteValidator_04" time="0.02"/>
  <testcase name="testAbaNumberCheck_6298_bad" classname="com.cardatechnologies.utils.validators.abaroutevalidator.Test_AbaRouteValidator_04" time="0.021"/>
  <testcase name="testAbaNumberCheck_5936_bad" classname="com.cardatechnologies.utils.validators.abaroutevalidator.Test_AbaRouteValidator_04" time="0.021"/>
  <testcase name="testAbaNumberCheck_5486_bad" classname="com.cardatechnologies.utils.validators.abaroutevalidator.Test_AbaRouteValidator_04" time="0.022"/>
  <testcase name="testAbaNumberCheck_7075_good" classname="com.cardatechnologies.utils.validators.abaroutevalidator.Test_AbaRouteValidator_04" time="0.026"/>
  <testcase name="testAbaNumberCheck_6135_good" classname="com.cardatechnologies.utils.validators.abaroutevalidator.Test_AbaRouteValidator_04" time="0.02"/>
  <testcase name="testAbaNumberCheck_5938_bad" classname="com.cardatechnologies.utils.validators.abaroutevalidator.Test_AbaRouteValidator_04" time="0.021"/>
  <testcase name="testAbaNumberCheck_5488_bad" classname="com.cardatechnologies.utils.validators.abaroutevalidator.Test_AbaRouteValidator_04" time="0.021"/>
  <testcase name="testAbaNumberCheck_6009_good" classname="com.cardatechnologies.utils.validators.abaroutevalidator.Test_AbaRouteValidator_04" time="0.021"/>
  <testcase name="testAbaNumberCheck_5033_good" classname="com.cardatechnologies.utils.validators.abaroutevalidator.Test_AbaRouteValidator_04" time="0.03"/>
  <testcase name="testAbaNumberCheck_6631_good" classname="com.cardatechnologies.utils.validators.abaroutevalidator.Test_AbaRouteValidator_04" time="0.02"/>
  <testcase name="testAbaNumberCheck_7445_good" classname="com.cardatechnologies.utils.validators.abaroutevalidator.Test_AbaRouteValidator_04" time="0.02"/>
  <testcase name="testAbaNumberCheck_6505_good" classname="com.cardatechnologies.utils.validators.abaroutevalidator.Test_AbaRouteValidator_04" time="0.029"/>
  <testcase name="testAbaNumberCheck_7319_good" classname="com.cardatechnologies.utils.validators.abaroutevalidator.Test_AbaRouteValidator_04" time="0.021"/>
  <testcase name="testAbaNumberCheck_6750_bad" classname="com.cardatechnologies.utils.validators.abaroutevalidator.Test_AbaRouteValidator_04" time="0.02"/>
  <testcase name="testAbaNumberCheck_6752_bad" classname="com.cardatechnologies.utils.validators.abaroutevalidator.Test_AbaRouteValidator_04" time="0.021"/>
  <testcase name="testAbaNumberCheck_7283_good" classname="com.cardatechnologies.utils.validators.abaroutevalidator.Test_AbaRouteValidator_04" time="0.02"/>
  <testcase name="testAbaNumberCheck_6343_good" classname="com.cardatechnologies.utils.validators.abaroutevalidator.Test_AbaRouteValidator_04" time="0.021"/>
  <testcase name="testAbaNumberCheck_5403_good" classname="com.cardatechnologies.utils.validators.abaroutevalidator.Test_AbaRouteValidator_04" time="0.021"/>
  <testcase name="testAbaNumberCheck_5940_bad" classname="com.cardatechnologies.utils.validators.abaroutevalidator.Test_AbaRouteValidator_04" time="0.02"/>
  <testcase name="testAbaNumberCheck_6754_bad" classname="com.cardatechnologies.utils.validators.abaroutevalidator.Test_AbaRouteValidator_04" time="0.021"/>
  <testcase name="testAbaNumberCheck_5490_bad" classname="com.cardatechnologies.utils.validators.abaroutevalidator.Test_AbaRouteValidator_04" time="0.021"/>
  <testcase name="testAbaNumberCheck_5942_bad" classname="com.cardatechnologies.utils.validators.abaroutevalidator.Test_AbaRouteValidator_04" time="0.02"/>
  <testcase name="testAbaNumberCheck_6756_bad" classname="com.cardatechnologies.utils.validators.abaroutevalidator.Test_AbaRouteValidator_04" time="0.02"/>
  <testcase name="testAbaNumberCheck_5492_bad" classname="com.cardatechnologies.utils.validators.abaroutevalidator.Test_AbaRouteValidator_04" time="0.021"/>
  <testcase name="testAbaNumberCheck_7157_good" classname="com.cardatechnologies.utils.validators.abaroutevalidator.Test_AbaRouteValidator_04" time="0.02"/>
  <testcase name="testAbaNumberCheck_6217_good" classname="com.cardatechnologies.utils.validators.abaroutevalidator.Test_AbaRouteValidator_04" time="0.021"/>
  <testcase name="testAbaNumberCheck_5944_bad" classname="com.cardatechnologies.utils.validators.abaroutevalidator.Test_AbaRouteValidator_04" time="0.02"/>
  <testcase name="testAbaNumberCheck_6758_bad" classname="com.cardatechnologies.utils.validators.abaroutevalidator.Test_AbaRouteValidator_04" time="0.021"/>
  <testcase name="testAbaNumberCheck_5494_bad" classname="com.cardatechnologies.utils.validators.abaroutevalidator.Test_AbaRouteValidator_04" time="0.021"/>
  <testcase name="testAbaNumberCheck_5946_bad" classname="com.cardatechnologies.utils.validators.abaroutevalidator.Test_AbaRouteValidator_04" time="0.02"/>
  <testcase name="testAbaNumberCheck_5496_bad" classname="com.cardatechnologies.utils.validators.abaroutevalidator.Test_AbaRouteValidator_04" time="0.021"/>
  <testcase name="testAbaNumberCheck_6181_good" classname="com.cardatechnologies.utils.validators.abaroutevalidator.Test_AbaRouteValidator_04" time="0.021"/>
  <testcase name="testAbaNumberCheck_5241_good" classname="com.cardatechnologies.utils.validators.abaroutevalidator.Test_AbaRouteValidator_04" time="0.03"/>
  <testcase name="testAbaNumberCheck_5948_bad" classname="com.cardatechnologies.utils.validators.abaroutevalidator.Test_AbaRouteValidator_04" time="0.028"/>
  <testcase name="testAbaNumberCheck_5498_bad" classname="com.cardatechnologies.utils.validators.abaroutevalidator.Test_AbaRouteValidator_04" time="0.028"/>
  <testcase name="testAbaNumberCheck_6055_good" classname="com.cardatechnologies.utils.validators.abaroutevalidator.Test_AbaRouteValidator_04" time="0.028"/>
  <testcase name="testAbaNumberCheck_5115_good" classname="com.cardatechnologies.utils.validators.abaroutevalidator.Test_AbaRouteValidator_04" time="0.021"/>
  <testcase name="testAbaNumberCheck_6713_good" classname="com.cardatechnologies.utils.validators.abaroutevalidator.Test_AbaRouteValidator_04" time="0.021"/>
  <testcase name="testAbaNumberCheck_7491_good" classname="com.cardatechnologies.utils.validators.abaroutevalidator.Test_AbaRouteValidator_04" time="0.021"/>
  <testcase name="testAbaNumberCheck_6551_good" classname="com.cardatechnologies.utils.validators.abaroutevalidator.Test_AbaRouteValidator_04" time="0.021"/>
  <testcase name="testAbaNumberCheck_5611_good" classname="com.cardatechnologies.utils.validators.abaroutevalidator.Test_AbaRouteValidator_04" time="0.022"/>
  <testcase name="testAbaNumberCheck_7365_good" classname="com.cardatechnologies.utils.validators.abaroutevalidator.Test_AbaRouteValidator_04" time="0.02"/>
  <testcase name="testAbaNumberCheck_6425_good" classname="com.cardatechnologies.utils.validators.abaroutevalidator.Test_AbaRouteValidator_04" time="0.021"/>
  <testcase name="testAbaNumberCheck_6760_bad" classname="com.cardatechnologies.utils.validators.abaroutevalidator.Test_AbaRouteValidator_04" time="0.02"/>
  <testcase name="testAbaNumberCheck_6762_bad" classname="com.cardatechnologies.utils.validators.abaroutevalidator.Test_AbaRouteValidator_04" time="0.022"/>
  <testcase name="testAbaNumberCheck_7239_good" classname="com.cardatechnologies.utils.validators.abaroutevalidator.Test_AbaRouteValidator_04" time="0.02"/>
  <testcase name="testAbaNumberCheck_5950_bad" classname="com.cardatechnologies.utils.validators.abaroutevalidator.Test_AbaRouteValidator_04" time="0.02"/>
  <testcase name="testAbaNumberCheck_6764_bad" classname="com.cardatechnologies.utils.validators.abaroutevalidator.Test_AbaRouteValidator_04" time="0.02"/>
  <testcase name="testAbaNumberCheck_5952_bad" classname="com.cardatechnologies.utils.validators.abaroutevalidator.Test_AbaRouteValidator_04" time="0.02"/>
  <testcase name="testAbaNumberCheck_6766_bad" classname="com.cardatechnologies.utils.validators.abaroutevalidator.Test_AbaRouteValidator_04" time="0.02"/>
  <testcase name="testAbaNumberCheck_6263_good" classname="com.cardatechnologies.utils.validators.abaroutevalidator.Test_AbaRouteValidator_04" time="0.022"/>
  <testcase name="testAbaNumberCheck_5323_good" classname="com.cardatechnologies.utils.validators.abaroutevalidator.Test_AbaRouteValidator_04" time="0.021"/>
  <testcase name="testAbaNumberCheck_5954_bad" classname="com.cardatechnologies.utils.validators.abaroutevalidator.Test_AbaRouteValidator_04" time="0.02"/>
  <testcase name="testAbaNumberCheck_6768_bad" classname="com.cardatechnologies.utils.validators.abaroutevalidator.Test_AbaRouteValidator_04" time="0.021"/>
  <testcase name="testAbaNumberCheck_6921_good" classname="com.cardatechnologies.utils.validators.abaroutevalidator.Test_AbaRouteValidator_04" time="0.021"/>
  <testcase name="testAbaNumberCheck_5956_bad" classname="com.cardatechnologies.utils.validators.abaroutevalidator.Test_AbaRouteValidator_04" time="0.02"/>
  <testcase name="testAbaNumberCheck_7077_good" classname="com.cardatechnologies.utils.validators.abaroutevalidator.Test_AbaRouteValidator_04" time="0.028"/>
  <testcase name="testAbaNumberCheck_6137_good" classname="com.cardatechnologies.utils.validators.abaroutevalidator.Test_AbaRouteValidator_04" time="0.02"/>
  <testcase name="testAbaNumberCheck_5958_bad" classname="com.cardatechnologies.utils.validators.abaroutevalidator.Test_AbaRouteValidator_04" time="0.021"/>
  <testcase name="testAbaNumberCheck_5161_good" classname="com.cardatechnologies.utils.validators.abaroutevalidator.Test_AbaRouteValidator_04" time="0.027"/>
  <testcase name="testAbaNumberCheck_5035_good" classname="com.cardatechnologies.utils.validators.abaroutevalidator.Test_AbaRouteValidator_04" time="0.02"/>
  <testcase name="testAbaNumberCheck_6633_good" classname="com.cardatechnologies.utils.validators.abaroutevalidator.Test_AbaRouteValidator_04" time="0.021"/>
  <testcase name="testAbaNumberCheck_7447_good" classname="com.cardatechnologies.utils.validators.abaroutevalidator.Test_AbaRouteValidator_04" time="0.02"/>
  <testcase name="testAbaNumberCheck_6507_good" classname="com.cardatechnologies.utils.validators.abaroutevalidator.Test_AbaRouteValidator_04" time="0.022"/>
  <testcase name="testAbaNumberCheck_6471_good" classname="com.cardatechnologies.utils.validators.abaroutevalidator.Test_AbaRouteValidator_04" time="0.02"/>
  <testcase name="testAbaNumberCheck_5531_good" classname="com.cardatechnologies.utils.validators.abaroutevalidator.Test_AbaRouteValidator_04" time="0.022"/>
  <testcase name="testAbaNumberCheck_6770_bad" classname="com.cardatechnologies.utils.validators.abaroutevalidator.Test_AbaRouteValidator_04" time="0.02"/>
  <testcase name="testAbaNumberCheck_6772_bad" classname="com.cardatechnologies.utils.validators.abaroutevalidator.Test_AbaRouteValidator_04" time="0.021"/>
  <testcase name="testAbaNumberCheck_7285_good" classname="com.cardatechnologies.utils.validators.abaroutevalidator.Test_AbaRouteValidator_04" time="0.021"/>
  <testcase name="testAbaNumberCheck_6345_good" classname="com.cardatechnologies.utils.validators.abaroutevalidator.Test_AbaRouteValidator_04" time="0.021"/>
  <testcase name="testAbaNumberCheck_5405_good" classname="com.cardatechnologies.utils.validators.abaroutevalidator.Test_AbaRouteValidator_04" time="0.021"/>
  <testcase name="testAbaNumberCheck_5960_bad" classname="com.cardatechnologies.utils.validators.abaroutevalidator.Test_AbaRouteValidator_04" time="0.021"/>
  <testcase name="testAbaNumberCheck_6774_bad" classname="com.cardatechnologies.utils.validators.abaroutevalidator.Test_AbaRouteValidator_04" time="0.027"/>
  <testcase name="testAbaNumberCheck_5962_bad" classname="com.cardatechnologies.utils.validators.abaroutevalidator.Test_AbaRouteValidator_04" time="0.027"/>
  <testcase name="testAbaNumberCheck_6776_bad" classname="com.cardatechnologies.utils.validators.abaroutevalidator.Test_AbaRouteValidator_04" time="0.022"/>
  <testcase name="testAbaNumberCheck_7159_good" classname="com.cardatechnologies.utils.validators.abaroutevalidator.Test_AbaRouteValidator_04" time="0.025"/>
  <testcase name="testAbaNumberCheck_6219_good" classname="com.cardatechnologies.utils.validators.abaroutevalidator.Test_AbaRouteValidator_04" time="0.027"/>
  <testcase name="testAbaNumberCheck_5964_bad" classname="com.cardatechnologies.utils.validators.abaroutevalidator.Test_AbaRouteValidator_04" time="0.028"/>
  <testcase name="testAbaNumberCheck_6778_bad" classname="com.cardatechnologies.utils.validators.abaroutevalidator.Test_AbaRouteValidator_04" time="0.031"/>
  <testcase name="testAbaNumberCheck_5966_bad" classname="com.cardatechnologies.utils.validators.abaroutevalidator.Test_AbaRouteValidator_04" time="0.026"/>
  <testcase name="testAbaNumberCheck_6183_good" classname="com.cardatechnologies.utils.validators.abaroutevalidator.Test_AbaRouteValidator_04" time="0.021"/>
  <testcase name="testAbaNumberCheck_5243_good" classname="com.cardatechnologies.utils.validators.abaroutevalidator.Test_AbaRouteValidator_04" time="0.023"/>
  <testcase name="testAbaNumberCheck_5968_bad" classname="com.cardatechnologies.utils.validators.abaroutevalidator.Test_AbaRouteValidator_04" time="0.024"/>
  <testcase name="testAbaNumberCheck_6841_good" classname="com.cardatechnologies.utils.validators.abaroutevalidator.Test_AbaRouteValidator_04" time="0.021"/>
  <testcase name="testAbaNumberCheck_5901_good" classname="com.cardatechnologies.utils.validators.abaroutevalidator.Test_AbaRouteValidator_04" time="0.021"/>
  <testcase name="testAbaNumberCheck_6057_good" classname="com.cardatechnologies.utils.validators.abaroutevalidator.Test_AbaRouteValidator_04" time="0.021"/>
  <testcase name="testAbaNumberCheck_5117_good" classname="com.cardatechnologies.utils.validators.abaroutevalidator.Test_AbaRouteValidator_04" time="0.021"/>
  <testcase name="testAbaNumberCheck_6715_good" classname="com.cardatechnologies.utils.validators.abaroutevalidator.Test_AbaRouteValidator_04" time="0.021"/>
  <testcase name="testAbaNumberCheck_5081_good" classname="com.cardatechnologies.utils.validators.abaroutevalidator.Test_AbaRouteValidator_04" time="0.021"/>
  <testcase name="testAbaNumberCheck_7493_good" classname="com.cardatechnologies.utils.validators.abaroutevalidator.Test_AbaRouteValidator_04" time="0.021"/>
  <testcase name="testAbaNumberCheck_6553_good" classname="com.cardatechnologies.utils.validators.abaroutevalidator.Test_AbaRouteValidator_04" time="0.021"/>
  <testcase name="testAbaNumberCheck_5613_good" classname="com.cardatechnologies.utils.validators.abaroutevalidator.Test_AbaRouteValidator_04" time="0.02"/>
  <testcase name="testAbaNumberCheck_7367_good" classname="com.cardatechnologies.utils.validators.abaroutevalidator.Test_AbaRouteValidator_04" time="0.025"/>
  <testcase name="testAbaNumberCheck_6427_good" classname="com.cardatechnologies.utils.validators.abaroutevalidator.Test_AbaRouteValidator_04" time="0.024"/>
  <testcase name="testAbaNumberCheck_6780_bad" classname="com.cardatechnologies.utils.validators.abaroutevalidator.Test_AbaRouteValidator_04" time="0.021"/>
  <testcase name="testAbaNumberCheck_6782_bad" classname="com.cardatechnologies.utils.validators.abaroutevalidator.Test_AbaRouteValidator_04" time="0.021"/>
  <testcase name="testAbaNumberCheck_6391_good" classname="com.cardatechnologies.utils.validators.abaroutevalidator.Test_AbaRouteValidator_04" time="0.021"/>
  <testcase name="testAbaNumberCheck_5451_good" classname="com.cardatechnologies.utils.validators.abaroutevalidator.Test_AbaRouteValidator_04" time="0.021"/>
  <testcase name="testAbaNumberCheck_5970_bad" classname="com.cardatechnologies.utils.validators.abaroutevalidator.Test_AbaRouteValidator_04" time="0.02"/>
  <testcase name="testAbaNumberCheck_6784_bad" classname="com.cardatechnologies.utils.validators.abaroutevalidator.Test_AbaRouteValidator_04" time="0.021"/>
  <testcase name="testAbaNumberCheck_5972_bad" classname="com.cardatechnologies.utils.validators.abaroutevalidator.Test_AbaRouteValidator_04" time="0.021"/>
  <testcase name="testAbaNumberCheck_6786_bad" classname="com.cardatechnologies.utils.validators.abaroutevalidator.Test_AbaRouteValidator_04" time="0.021"/>
  <testcase name="testAbaNumberCheck_6265_good" classname="com.cardatechnologies.utils.validators.abaroutevalidator.Test_AbaRouteValidator_04" time="0.021"/>
  <testcase name="testAbaNumberCheck_5325_good" classname="com.cardatechnologies.utils.validators.abaroutevalidator.Test_AbaRouteValidator_04" time="0.034"/>
  <testcase name="testAbaNumberCheck_5974_bad" classname="com.cardatechnologies.utils.validators.abaroutevalidator.Test_AbaRouteValidator_04" time="0.019"/>
  <testcase name="testAbaNumberCheck_6788_bad" classname="com.cardatechnologies.utils.validators.abaroutevalidator.Test_AbaRouteValidator_04" time="0.029"/>
  <testcase name="testAbaNumberCheck_6923_good" classname="com.cardatechnologies.utils.validators.abaroutevalidator.Test_AbaRouteValidator_04" time="0.021"/>
  <testcase name="testAbaNumberCheck_5976_bad" classname="com.cardatechnologies.utils.validators.abaroutevalidator.Test_AbaRouteValidator_04" time="0.02"/>
  <testcase name="testAbaNumberCheck_7079_good" classname="com.cardatechnologies.utils.validators.abaroutevalidator.Test_AbaRouteValidator_04" time="0.026"/>
  <testcase name="testAbaNumberCheck_6139_good" classname="com.cardatechnologies.utils.validators.abaroutevalidator.Test_AbaRouteValidator_04" time="0.03"/>
  <testcase name="testAbaNumberCheck_5978_bad" classname="com.cardatechnologies.utils.validators.abaroutevalidator.Test_AbaRouteValidator_04" time="0.025"/>
  <testcase name="testAbaNumberCheck_5163_good" classname="com.cardatechnologies.utils.validators.abaroutevalidator.Test_AbaRouteValidator_04" time="0.022"/>
  <testcase name="testAbaNumberCheck_6761_good" classname="com.cardatechnologies.utils.validators.abaroutevalidator.Test_AbaRouteValidator_04" time="0.022"/>
  <testcase name="testAbaNumberCheck_5821_good" classname="com.cardatechnologies.utils.validators.abaroutevalidator.Test_AbaRouteValidator_04" time="0.021"/>
  <testcase name="testAbaNumberCheck_5037_good" classname="com.cardatechnologies.utils.validators.abaroutevalidator.Test_AbaRouteValidator_04" time="0.022"/>
  <testcase name="testAbaNumberCheck_6635_good" classname="com.cardatechnologies.utils.validators.abaroutevalidator.Test_AbaRouteValidator_04" time="0.022"/>
  <testcase name="testAbaNumberCheck_7449_good" classname="com.cardatechnologies.utils.validators.abaroutevalidator.Test_AbaRouteValidator_04" time="0.021"/>
  <testcase name="testAbaNumberCheck_6509_good" classname="com.cardatechnologies.utils.validators.abaroutevalidator.Test_AbaRouteValidator_04" time="0.023"/>
  <testcase name="testAbaNumberCheck_6473_good" classname="com.cardatechnologies.utils.validators.abaroutevalidator.Test_AbaRouteValidator_04" time="0.02"/>
  <testcase name="testAbaNumberCheck_5533_good" classname="com.cardatechnologies.utils.validators.abaroutevalidator.Test_AbaRouteValidator_04" time="0.022"/>
  <testcase name="testAbaNumberCheck_6790_bad" classname="com.cardatechnologies.utils.validators.abaroutevalidator.Test_AbaRouteValidator_04" time="0.022"/>
  <testcase name="testAbaNumberCheck_6792_bad" classname="com.cardatechnologies.utils.validators.abaroutevalidator.Test_AbaRouteValidator_04" time="0.022"/>
  <testcase name="testAbaNumberCheck_7287_good" classname="com.cardatechnologies.utils.validators.abaroutevalidator.Test_AbaRouteValidator_04" time="0.021"/>
  <testcase name="testAbaNumberCheck_6347_good" classname="com.cardatechnologies.utils.validators.abaroutevalidator.Test_AbaRouteValidator_04" time="0.022"/>
  <testcase name="testAbaNumberCheck_5407_good" classname="com.cardatechnologies.utils.validators.abaroutevalidator.Test_AbaRouteValidator_04" time="0.022"/>
  <testcase name="testAbaNumberCheck_5980_bad" classname="com.cardatechnologies.utils.validators.abaroutevalidator.Test_AbaRouteValidator_04" time="0.028"/>
  <testcase name="testAbaNumberCheck_6794_bad" classname="com.cardatechnologies.utils.validators.abaroutevalidator.Test_AbaRouteValidator_04" time="0.028"/>
  <testcase name="testAbaNumberCheck_5982_bad" classname="com.cardatechnologies.utils.validators.abaroutevalidator.Test_AbaRouteValidator_04" time="0.034"/>
  <testcase name="testAbaNumberCheck_6796_bad" classname="com.cardatechnologies.utils.validators.abaroutevalidator.Test_AbaRouteValidator_04" time="0.03"/>
  <testcase name="testAbaNumberCheck_5371_good" classname="com.cardatechnologies.utils.validators.abaroutevalidator.Test_AbaRouteValidator_04" time="0.027"/>
  <testcase name="testAbaNumberCheck_5984_bad" classname="com.cardatechnologies.utils.validators.abaroutevalidator.Test_AbaRouteValidator_04" time="0.027"/>
  <testcase name="testAbaNumberCheck_6798_bad" classname="com.cardatechnologies.utils.validators.abaroutevalidator.Test_AbaRouteValidator_04" time="0.029"/>
  <testcase name="testAbaNumberCheck_5986_bad" classname="com.cardatechnologies.utils.validators.abaroutevalidator.Test_AbaRouteValidator_04" time="0.026"/>
  <testcase name="testAbaNumberCheck_6185_good" classname="com.cardatechnologies.utils.validators.abaroutevalidator.Test_AbaRouteValidator_04" time="0.022"/>
  <testcase name="testAbaNumberCheck_5245_good" classname="com.cardatechnologies.utils.validators.abaroutevalidator.Test_AbaRouteValidator_04" time="0.023"/>
  <testcase name="testAbaNumberCheck_5988_bad" classname="com.cardatechnologies.utils.validators.abaroutevalidator.Test_AbaRouteValidator_04" time="0.023"/>
  <testcase name="testAbaNumberCheck_6843_good" classname="com.cardatechnologies.utils.validators.abaroutevalidator.Test_AbaRouteValidator_04" time="0.024"/>
  <testcase name="testAbaNumberCheck_5903_good" classname="com.cardatechnologies.utils.validators.abaroutevalidator.Test_AbaRouteValidator_04" time="0.023"/>
  <testcase name="testAbaNumberCheck_6059_good" classname="com.cardatechnologies.utils.validators.abaroutevalidator.Test_AbaRouteValidator_04" time="0.023"/>
  <testcase name="testAbaNumberCheck_5119_good" classname="com.cardatechnologies.utils.validators.abaroutevalidator.Test_AbaRouteValidator_04" time="0.029"/>
  <testcase name="testAbaNumberCheck_6717_good" classname="com.cardatechnologies.utils.validators.abaroutevalidator.Test_AbaRouteValidator_04" time="0.031"/>
  <testcase name="testAbaNumberCheck_5083_good" classname="com.cardatechnologies.utils.validators.abaroutevalidator.Test_AbaRouteValidator_04" time="0.025"/>
  <testcase name="testAbaNumberCheck_6681_good" classname="com.cardatechnologies.utils.validators.abaroutevalidator.Test_AbaRouteValidator_04" time="0.024"/>
  <testcase name="testAbaNumberCheck_5741_good" classname="com.cardatechnologies.utils.validators.abaroutevalidator.Test_AbaRouteValidator_04" time="0.024"/>
  <testcase name="testAbaNumberCheck_7495_good" classname="com.cardatechnologies.utils.validators.abaroutevalidator.Test_AbaRouteValidator_04" time="0.021"/>
  <testcase name="testAbaNumberCheck_6555_good" classname="com.cardatechnologies.utils.validators.abaroutevalidator.Test_AbaRouteValidator_04" time="0.021"/>
  <testcase name="testAbaNumberCheck_5615_good" classname="com.cardatechnologies.utils.validators.abaroutevalidator.Test_AbaRouteValidator_04" time="0.032"/>
  <testcase name="testAbaNumberCheck_7369_good" classname="com.cardatechnologies.utils.validators.abaroutevalidator.Test_AbaRouteValidator_04" time="0.021"/>
  <testcase name="testAbaNumberCheck_6429_good" classname="com.cardatechnologies.utils.validators.abaroutevalidator.Test_AbaRouteValidator_04" time="0.029"/>
  <testcase name="testAbaNumberCheck_6393_good" classname="com.cardatechnologies.utils.validators.abaroutevalidator.Test_AbaRouteValidator_04" time="0.02"/>
  <testcase name="testAbaNumberCheck_5453_good" classname="com.cardatechnologies.utils.validators.abaroutevalidator.Test_AbaRouteValidator_04" time="0.021"/>
  <testcase name="testAbaNumberCheck_5990_bad" classname="com.cardatechnologies.utils.validators.abaroutevalidator.Test_AbaRouteValidator_04" time="0.021"/>
  <testcase name="testAbaNumberCheck_5992_bad" classname="com.cardatechnologies.utils.validators.abaroutevalidator.Test_AbaRouteValidator_04" time="0.021"/>
  <testcase name="testAbaNumberCheck_6267_good" classname="com.cardatechnologies.utils.validators.abaroutevalidator.Test_AbaRouteValidator_04" time="0.02"/>
  <testcase name="testAbaNumberCheck_5327_good" classname="com.cardatechnologies.utils.validators.abaroutevalidator.Test_AbaRouteValidator_04" time="0.021"/>
  <testcase name="testAbaNumberCheck_5994_bad" classname="com.cardatechnologies.utils.validators.abaroutevalidator.Test_AbaRouteValidator_04" time="0.021"/>
  <testcase name="testAbaNumberCheck_6925_good" classname="com.cardatechnologies.utils.validators.abaroutevalidator.Test_AbaRouteValidator_04" time="0.021"/>
  <testcase name="testAbaNumberCheck_5996_bad" classname="com.cardatechnologies.utils.validators.abaroutevalidator.Test_AbaRouteValidator_04" time="0.021"/>
  <testcase name="testAbaNumberCheck_5291_good" classname="com.cardatechnologies.utils.validators.abaroutevalidator.Test_AbaRouteValidator_04" time="0.021"/>
  <testcase name="testAbaNumberCheck_5998_bad" classname="com.cardatechnologies.utils.validators.abaroutevalidator.Test_AbaRouteValidator_04" time="0.021"/>
  <testcase name="testAbaNumberCheck_5165_good" classname="com.cardatechnologies.utils.validators.abaroutevalidator.Test_AbaRouteValidator_04" time="0.021"/>
  <testcase name="testAbaNumberCheck_6763_good" classname="com.cardatechnologies.utils.validators.abaroutevalidator.Test_AbaRouteValidator_04" time="0.02"/>
  <testcase name="testAbaNumberCheck_5823_good" classname="com.cardatechnologies.utils.validators.abaroutevalidator.Test_AbaRouteValidator_04" time="0.022"/>
  <testcase name="testAbaNumberCheck_5039_good" classname="com.cardatechnologies.utils.validators.abaroutevalidator.Test_AbaRouteValidator_04" time="0.02"/>
  <testcase name="testAbaNumberCheck_6637_good" classname="com.cardatechnologies.utils.validators.abaroutevalidator.Test_AbaRouteValidator_04" time="0.021"/>
  <testcase name="testAbaNumberCheck_5661_good" classname="com.cardatechnologies.utils.validators.abaroutevalidator.Test_AbaRouteValidator_04" time="0.021"/>
  <testcase name="testAbaNumberCheck_6475_good" classname="com.cardatechnologies.utils.validators.abaroutevalidator.Test_AbaRouteValidator_04" time="0.025"/>
  <testcase name="testAbaNumberCheck_5535_good" classname="com.cardatechnologies.utils.validators.abaroutevalidator.Test_AbaRouteValidator_04" time="0.024"/>
  <testcase name="testAbaNumberCheck_7289_good" classname="com.cardatechnologies.utils.validators.abaroutevalidator.Test_AbaRouteValidator_04" time="0.024"/>
  <testcase name="testAbaNumberCheck_6349_good" classname="com.cardatechnologies.utils.validators.abaroutevalidator.Test_AbaRouteValidator_04" time="0.023"/>
  <testcase name="testAbaNumberCheck_5409_good" classname="com.cardatechnologies.utils.validators.abaroutevalidator.Test_AbaRouteValidator_04" time="0.034"/>
  <testcase name="testAbaNumberCheck_5373_good" classname="com.cardatechnologies.utils.validators.abaroutevalidator.Test_AbaRouteValidator_04" time="0.035"/>
  <testcase name="testAbaNumberCheck_6971_good" classname="com.cardatechnologies.utils.validators.abaroutevalidator.Test_AbaRouteValidator_04" time="0.027"/>
  <testcase name="testAbaNumberCheck_6187_good" classname="com.cardatechnologies.utils.validators.abaroutevalidator.Test_AbaRouteValidator_04" time="0.025"/>
  <testcase name="testAbaNumberCheck_5247_good" classname="com.cardatechnologies.utils.validators.abaroutevalidator.Test_AbaRouteValidator_04" time="0.028"/>
  <testcase name="testAbaNumberCheck_6845_good" classname="com.cardatechnologies.utils.validators.abaroutevalidator.Test_AbaRouteValidator_04" time="0.02"/>
  <testcase name="testAbaNumberCheck_5905_good" classname="com.cardatechnologies.utils.validators.abaroutevalidator.Test_AbaRouteValidator_04" time="0.025"/>
  <testcase name="testAbaNumberCheck_6719_good" classname="com.cardatechnologies.utils.validators.abaroutevalidator.Test_AbaRouteValidator_04" time="0.021"/>
  <testcase name="testAbaNumberCheck_5085_good" classname="com.cardatechnologies.utils.validators.abaroutevalidator.Test_AbaRouteValidator_04" time="0.021"/>
  <testcase name="testAbaNumberCheck_6683_good" classname="com.cardatechnologies.utils.validators.abaroutevalidator.Test_AbaRouteValidator_04" time="0.021"/>
  <testcase name="testAbaNumberCheck_5743_good" classname="com.cardatechnologies.utils.validators.abaroutevalidator.Test_AbaRouteValidator_04" time="0.02"/>
  <testcase name="testAbaNumberCheck_7497_good" classname="com.cardatechnologies.utils.validators.abaroutevalidator.Test_AbaRouteValidator_04" time="0.022"/>
  <testcase name="testAbaNumberCheck_6557_good" classname="com.cardatechnologies.utils.validators.abaroutevalidator.Test_AbaRouteValidator_04" time="0.02"/>
  <testcase name="testAbaNumberCheck_5617_good" classname="com.cardatechnologies.utils.validators.abaroutevalidator.Test_AbaRouteValidator_04" time="0.021"/>
  <testcase name="testAbaNumberCheck_5581_good" classname="com.cardatechnologies.utils.validators.abaroutevalidator.Test_AbaRouteValidator_04" time="0.023"/>
  <testcase name="testAbaNumberCheck_6395_good" classname="com.cardatechnologies.utils.validators.abaroutevalidator.Test_AbaRouteValidator_04" time="0.019"/>
  <testcase name="testAbaNumberCheck_5455_good" classname="com.cardatechnologies.utils.validators.abaroutevalidator.Test_AbaRouteValidator_04" time="0.022"/>
  <testcase name="testAbaNumberCheck_6269_good" classname="com.cardatechnologies.utils.validators.abaroutevalidator.Test_AbaRouteValidator_04" time="0.021"/>
  <testcase name="testAbaNumberCheck_5329_good" classname="com.cardatechnologies.utils.validators.abaroutevalidator.Test_AbaRouteValidator_04" time="0.02"/>
  <testcase name="testAbaNumberCheck_6927_good" classname="com.cardatechnologies.utils.validators.abaroutevalidator.Test_AbaRouteValidator_04" time="0.02"/>
  <testcase name="testAbaNumberCheck_5293_good" classname="com.cardatechnologies.utils.validators.abaroutevalidator.Test_AbaRouteValidator_04" time="0.021"/>
  <testcase name="testAbaNumberCheck_6891_good" classname="com.cardatechnologies.utils.validators.abaroutevalidator.Test_AbaRouteValidator_04" time="0.021"/>
  <testcase name="testAbaNumberCheck_5951_good" classname="com.cardatechnologies.utils.validators.abaroutevalidator.Test_AbaRouteValidator_04" time="0.02"/>
  <testcase name="testAbaNumberCheck_5167_good" classname="com.cardatechnologies.utils.validators.abaroutevalidator.Test_AbaRouteValidator_04" time="0.031"/>
  <testcase name="testAbaNumberCheck_6765_good" classname="com.cardatechnologies.utils.validators.abaroutevalidator.Test_AbaRouteValidator_04" time="0.026"/>
  <testcase name="testAbaNumberCheck_5825_good" classname="com.cardatechnologies.utils.validators.abaroutevalidator.Test_AbaRouteValidator_04" time="0.026"/>
  <testcase name="testAbaNumberCheck_6639_good" classname="com.cardatechnologies.utils.validators.abaroutevalidator.Test_AbaRouteValidator_04" time="0.021"/>
  <testcase name="testAbaNumberCheck_5663_good" classname="com.cardatechnologies.utils.validators.abaroutevalidator.Test_AbaRouteValidator_04" time="0.021"/>
  <testcase name="testAbaNumberCheck_6477_good" classname="com.cardatechnologies.utils.validators.abaroutevalidator.Test_AbaRouteValidator_04" time="0.02"/>
  <testcase name="testAbaNumberCheck_5537_good" classname="com.cardatechnologies.utils.validators.abaroutevalidator.Test_AbaRouteValidator_04" time="0.021"/>
  <testcase name="testAbaNumberCheck_5375_good" classname="com.cardatechnologies.utils.validators.abaroutevalidator.Test_AbaRouteValidator_04" time="0.021"/>
  <testcase name="testAbaNumberCheck_6973_good" classname="com.cardatechnologies.utils.validators.abaroutevalidator.Test_AbaRouteValidator_04" time="0.02"/>
  <testcase name="testAbaNumberCheck_6189_good" classname="com.cardatechnologies.utils.validators.abaroutevalidator.Test_AbaRouteValidator_04" time="0.022"/>
  <testcase name="testAbaNumberCheck_5249_good" classname="com.cardatechnologies.utils.validators.abaroutevalidator.Test_AbaRouteValidator_04" time="0.021"/>
  <testcase name="testAbaNumberCheck_6847_good" classname="com.cardatechnologies.utils.validators.abaroutevalidator.Test_AbaRouteValidator_04" time="0.02"/>
  <testcase name="testAbaNumberCheck_5907_good" classname="com.cardatechnologies.utils.validators.abaroutevalidator.Test_AbaRouteValidator_04" time="0.021"/>
  <testcase name="testAbaNumberCheck_5871_good" classname="com.cardatechnologies.utils.validators.abaroutevalidator.Test_AbaRouteValidator_04" time="0.025"/>
  <testcase name="testAbaNumberCheck_5087_good" classname="com.cardatechnologies.utils.validators.abaroutevalidator.Test_AbaRouteValidator_04" time="0.029"/>
  <testcase name="testAbaNumberCheck_6685_good" classname="com.cardatechnologies.utils.validators.abaroutevalidator.Test_AbaRouteValidator_04" time="0.031"/>
  <testcase name="testAbaNumberCheck_5745_good" classname="com.cardatechnologies.utils.validators.abaroutevalidator.Test_AbaRouteValidator_04" time="0.027"/>
  <testcase name="testAbaNumberCheck_7499_good" classname="com.cardatechnologies.utils.validators.abaroutevalidator.Test_AbaRouteValidator_04" time="0.023"/>
  <testcase name="testAbaNumberCheck_6559_good" classname="com.cardatechnologies.utils.validators.abaroutevalidator.Test_AbaRouteValidator_04" time="0.024"/>
  <testcase name="testAbaNumberCheck_5619_good" classname="com.cardatechnologies.utils.validators.abaroutevalidator.Test_AbaRouteValidator_04" time="0.023"/>
  <testcase name="testAbaNumberCheck_5583_good" classname="com.cardatechnologies.utils.validators.abaroutevalidator.Test_AbaRouteValidator_04" time="0.024"/>
  <testcase name="testAbaNumberCheck_6397_good" classname="com.cardatechnologies.utils.validators.abaroutevalidator.Test_AbaRouteValidator_04" time="0.023"/>
  <testcase name="testAbaNumberCheck_5457_good" classname="com.cardatechnologies.utils.validators.abaroutevalidator.Test_AbaRouteValidator_04" time="0.034"/>
  <testcase name="testAbaNumberCheck_6929_good" classname="com.cardatechnologies.utils.validators.abaroutevalidator.Test_AbaRouteValidator_04" time="0.028"/>
  <testcase name="testAbaNumberCheck_5295_good" classname="com.cardatechnologies.utils.validators.abaroutevalidator.Test_AbaRouteValidator_04" time="0.028"/>
  <testcase name="testAbaNumberCheck_6893_good" classname="com.cardatechnologies.utils.validators.abaroutevalidator.Test_AbaRouteValidator_04" time="0.025"/>
  <testcase name="testAbaNumberCheck_5953_good" classname="com.cardatechnologies.utils.validators.abaroutevalidator.Test_AbaRouteValidator_04" time="0.023"/>
  <testcase name="testAbaNumberCheck_5169_good" classname="com.cardatechnologies.utils.validators.abaroutevalidator.Test_AbaRouteValidator_04" time="0.022"/>
  <testcase name="testAbaNumberCheck_6767_good" classname="com.cardatechnologies.utils.validators.abaroutevalidator.Test_AbaRouteValidator_04" time="0.024"/>
  <testcase name="testAbaNumberCheck_5827_good" classname="com.cardatechnologies.utils.validators.abaroutevalidator.Test_AbaRouteValidator_04" time="0.023"/>
  <testcase name="testAbaNumberCheck_5791_good" classname="com.cardatechnologies.utils.validators.abaroutevalidator.Test_AbaRouteValidator_04" time="0.023"/>
  <testcase name="testAbaNumberCheck_5665_good" classname="com.cardatechnologies.utils.validators.abaroutevalidator.Test_AbaRouteValidator_04" time="0.024"/>
  <testcase name="testAbaNumberCheck_6479_good" classname="com.cardatechnologies.utils.validators.abaroutevalidator.Test_AbaRouteValidator_04" time="0.023"/>
  <testcase name="testAbaNumberCheck_5539_good" classname="com.cardatechnologies.utils.validators.abaroutevalidator.Test_AbaRouteValidator_04" time="0.025"/>
  <testcase name="testAbaNumberCheck_5377_good" classname="com.cardatechnologies.utils.validators.abaroutevalidator.Test_AbaRouteValidator_04" time="0.025"/>
  <testcase name="testAbaNumberCheck_6975_good" classname="com.cardatechnologies.utils.validators.abaroutevalidator.Test_AbaRouteValidator_04" time="0.024"/>
  <testcase name="testAbaNumberCheck_6849_good" classname="com.cardatechnologies.utils.validators.abaroutevalidator.Test_AbaRouteValidator_04" time="0.027"/>
  <testcase name="testAbaNumberCheck_5909_good" classname="com.cardatechnologies.utils.validators.abaroutevalidator.Test_AbaRouteValidator_04" time="0.022"/>
  <testcase name="testAbaNumberCheck_5873_good" classname="com.cardatechnologies.utils.validators.abaroutevalidator.Test_AbaRouteValidator_04" time="0.023"/>
  <testcase name="testAbaNumberCheck_5089_good" classname="com.cardatechnologies.utils.validators.abaroutevalidator.Test_AbaRouteValidator_04" time="0.022"/>
  <testcase name="testAbaNumberCheck_6687_good" classname="com.cardatechnologies.utils.validators.abaroutevalidator.Test_AbaRouteValidator_04" time="0.024"/>
  <testcase name="testAbaNumberCheck_5747_good" classname="com.cardatechnologies.utils.validators.abaroutevalidator.Test_AbaRouteValidator_04" time="0.026"/>
  <testcase name="testAbaNumberCheck_5585_good" classname="com.cardatechnologies.utils.validators.abaroutevalidator.Test_AbaRouteValidator_04" time="0.024"/>
  <testcase name="testAbaNumberCheck_6399_good" classname="com.cardatechnologies.utils.validators.abaroutevalidator.Test_AbaRouteValidator_04" time="0.029"/>
  <testcase name="testAbaNumberCheck_5459_good" classname="com.cardatechnologies.utils.validators.abaroutevalidator.Test_AbaRouteValidator_04" time="0.023"/>
  <testcase name="testAbaNumberCheck_5297_good" classname="com.cardatechnologies.utils.validators.abaroutevalidator.Test_AbaRouteValidator_04" time="0.033"/>
  <testcase name="testAbaNumberCheck_6895_good" classname="com.cardatechnologies.utils.validators.abaroutevalidator.Test_AbaRouteValidator_04" time="0.021"/>
  <testcase name="testAbaNumberCheck_5955_good" classname="com.cardatechnologies.utils.validators.abaroutevalidator.Test_AbaRouteValidator_04" time="0.022"/>
  <testcase name="testAbaNumberCheck_6769_good" classname="com.cardatechnologies.utils.validators.abaroutevalidator.Test_AbaRouteValidator_04" time="0.021"/>
  <testcase name="testAbaNumberCheck_5829_good" classname="com.cardatechnologies.utils.validators.abaroutevalidator.Test_AbaRouteValidator_04" time="0.021"/>
  <testcase name="testAbaNumberCheck_5793_good" classname="com.cardatechnologies.utils.validators.abaroutevalidator.Test_AbaRouteValidator_04" time="0.022"/>
  <testcase name="testAbaNumberCheck_5667_good" classname="com.cardatechnologies.utils.validators.abaroutevalidator.Test_AbaRouteValidator_04" time="0.022"/>
  <testcase name="testAbaNumberCheck_5379_good" classname="com.cardatechnologies.utils.validators.abaroutevalidator.Test_AbaRouteValidator_04" time="0.022"/>
  <testcase name="testAbaNumberCheck_6977_good" classname="com.cardatechnologies.utils.validators.abaroutevalidator.Test_AbaRouteValidator_04" time="0.022"/>
  <testcase name="testAbaNumberCheck_5875_good" classname="com.cardatechnologies.utils.validators.abaroutevalidator.Test_AbaRouteValidator_04" time="0.022"/>
  <testcase name="testAbaNumberCheck_6689_good" classname="com.cardatechnologies.utils.validators.abaroutevalidator.Test_AbaRouteValidator_04" time="0.02"/>
  <testcase name="testAbaNumberCheck_5749_good" classname="com.cardatechnologies.utils.validators.abaroutevalidator.Test_AbaRouteValidator_04" time="0.021"/>
  <testcase name="testAbaNumberCheck_5587_good" classname="com.cardatechnologies.utils.validators.abaroutevalidator.Test_AbaRouteValidator_04" time="0.022"/>
  <testcase name="testAbaNumberCheck_5299_good" classname="com.cardatechnologies.utils.validators.abaroutevalidator.Test_AbaRouteValidator_04" time="0.021"/>
  <testcase name="testAbaNumberCheck_6897_good" classname="com.cardatechnologies.utils.validators.abaroutevalidator.Test_AbaRouteValidator_04" time="0.021"/>
  <testcase name="testAbaNumberCheck_5957_good" classname="com.cardatechnologies.utils.validators.abaroutevalidator.Test_AbaRouteValidator_04" time="0.021"/>
  <testcase name="testAbaNumberCheck_5795_good" classname="com.cardatechnologies.utils.validators.abaroutevalidator.Test_AbaRouteValidator_04" time="0.02"/>
  <testcase name="testAbaNumberCheck_5669_good" classname="com.cardatechnologies.utils.validators.abaroutevalidator.Test_AbaRouteValidator_04" time="0.021"/>
  <testcase name="testAbaNumberCheck_6979_good" classname="com.cardatechnologies.utils.validators.abaroutevalidator.Test_AbaRouteValidator_04" time="0.021"/>
  <testcase name="testAbaNumberCheck_5877_good" classname="com.cardatechnologies.utils.validators.abaroutevalidator.Test_AbaRouteValidator_04" time="0.021"/>
  <testcase name="testAbaNumberCheck_5589_good" classname="com.cardatechnologies.utils.validators.abaroutevalidator.Test_AbaRouteValidator_04" time="0.021"/>
  <testcase name="testAbaNumberCheck_6899_good" classname="com.cardatechnologies.utils.validators.abaroutevalidator.Test_AbaRouteValidator_04" time="0.021"/>
  <testcase name="testAbaNumberCheck_5959_good" classname="com.cardatechnologies.utils.validators.abaroutevalidator.Test_AbaRouteValidator_04" time="0.023"/>
  <testcase name="testAbaNumberCheck_5797_good" classname="com.cardatechnologies.utils.validators.abaroutevalidator.Test_AbaRouteValidator_04" time="0.023"/>
  <testcase name="testAbaNumberCheck_5879_good" classname="com.cardatechnologies.utils.validators.abaroutevalidator.Test_AbaRouteValidator_04" time="0.029"/>
  <testcase name="testAbaNumberCheck_5002_bad" classname="com.cardatechnologies.utils.validators.abaroutevalidator.Test_AbaRouteValidator_04" time="0.024"/>
  <testcase name="testAbaNumberCheck_5004_bad" classname="com.cardatechnologies.utils.validators.abaroutevalidator.Test_AbaRouteValidator_04" time="0.026"/>
  <testcase name="testAbaNumberCheck_5006_bad" classname="com.cardatechnologies.utils.validators.abaroutevalidator.Test_AbaRouteValidator_04" time="0.024"/>
  <testcase name="testAbaNumberCheck_5008_bad" classname="com.cardatechnologies.utils.validators.abaroutevalidator.Test_AbaRouteValidator_04" time="0.024"/>
  <testcase name="testAbaNumberCheck_5799_good" classname="com.cardatechnologies.utils.validators.abaroutevalidator.Test_AbaRouteValidator_04" time="0.025"/>
  <testcase name="testAbaNumberCheck_5010_bad" classname="com.cardatechnologies.utils.validators.abaroutevalidator.Test_AbaRouteValidator_04" time="0.029"/>
  <testcase name="testAbaNumberCheck_5012_bad" classname="com.cardatechnologies.utils.validators.abaroutevalidator.Test_AbaRouteValidator_04" time="0.031"/>
  <testcase name="testAbaNumberCheck_5014_bad" classname="com.cardatechnologies.utils.validators.abaroutevalidator.Test_AbaRouteValidator_04" time="0.028"/>
  <testcase name="testAbaNumberCheck_5016_bad" classname="com.cardatechnologies.utils.validators.abaroutevalidator.Test_AbaRouteValidator_04" time="0.031"/>
  <testcase name="testAbaNumberCheck_5018_bad" classname="com.cardatechnologies.utils.validators.abaroutevalidator.Test_AbaRouteValidator_04" time="0.029"/>
  <testcase name="testAbaNumberCheck_5020_bad" classname="com.cardatechnologies.utils.validators.abaroutevalidator.Test_AbaRouteValidator_04" time="0.026"/>
  <testcase name="testAbaNumberCheck_5022_bad" classname="com.cardatechnologies.utils.validators.abaroutevalidator.Test_AbaRouteValidator_04" time="0.024"/>
  <testcase name="testAbaNumberCheck_5024_bad" classname="com.cardatechnologies.utils.validators.abaroutevalidator.Test_AbaRouteValidator_04" time="0.025"/>
  <testcase name="testAbaNumberCheck_5026_bad" classname="com.cardatechnologies.utils.validators.abaroutevalidator.Test_AbaRouteValidator_04" time="0.024"/>
  <testcase name="testAbaNumberCheck_5028_bad" classname="com.cardatechnologies.utils.validators.abaroutevalidator.Test_AbaRouteValidator_04" time="0.024"/>
  <testcase name="testAbaNumberCheck_7100_bad" classname="com.cardatechnologies.utils.validators.abaroutevalidator.Test_AbaRouteValidator_04" time="0.025"/>
  <testcase name="testAbaNumberCheck_7102_bad" classname="com.cardatechnologies.utils.validators.abaroutevalidator.Test_AbaRouteValidator_04" time="0.024"/>
  <testcase name="testAbaNumberCheck_7104_bad" classname="com.cardatechnologies.utils.validators.abaroutevalidator.Test_AbaRouteValidator_04" time="0.031"/>
  <testcase name="testAbaNumberCheck_7106_bad" classname="com.cardatechnologies.utils.validators.abaroutevalidator.Test_AbaRouteValidator_04" time="0.023"/>
  <testcase name="testAbaNumberCheck_7108_bad" classname="com.cardatechnologies.utils.validators.abaroutevalidator.Test_AbaRouteValidator_04" time="0.032"/>
  <testcase name="testAbaNumberCheck_5030_bad" classname="com.cardatechnologies.utils.validators.abaroutevalidator.Test_AbaRouteValidator_04" time="0.022"/>
  <testcase name="testAbaNumberCheck_5032_bad" classname="com.cardatechnologies.utils.validators.abaroutevalidator.Test_AbaRouteValidator_04" time="0.021"/>
  <testcase name="testAbaNumberCheck_7111_good" classname="com.cardatechnologies.utils.validators.abaroutevalidator.Test_AbaRouteValidator_04" time="0.021"/>
  <testcase name="testAbaNumberCheck_5034_bad" classname="com.cardatechnologies.utils.validators.abaroutevalidator.Test_AbaRouteValidator_04" time="0.024"/>
  <testcase name="testAbaNumberCheck_5036_bad" classname="com.cardatechnologies.utils.validators.abaroutevalidator.Test_AbaRouteValidator_04" time="0.025"/>
  <testcase name="testAbaNumberCheck_5038_bad" classname="com.cardatechnologies.utils.validators.abaroutevalidator.Test_AbaRouteValidator_04" time="0.024"/>
  <testcase name="testAbaNumberCheck_7110_bad" classname="com.cardatechnologies.utils.validators.abaroutevalidator.Test_AbaRouteValidator_04" time="0.024"/>
  <testcase name="testAbaNumberCheck_7112_bad" classname="com.cardatechnologies.utils.validators.abaroutevalidator.Test_AbaRouteValidator_04" time="0.025"/>
  <testcase name="testAbaNumberCheck_6300_bad" classname="com.cardatechnologies.utils.validators.abaroutevalidator.Test_AbaRouteValidator_04" time="0.026"/>
  <testcase name="testAbaNumberCheck_7114_bad" classname="com.cardatechnologies.utils.validators.abaroutevalidator.Test_AbaRouteValidator_04" time="0.022"/>
  <testcase name="testAbaNumberCheck_6302_bad" classname="com.cardatechnologies.utils.validators.abaroutevalidator.Test_AbaRouteValidator_04" time="0.021"/>
  <testcase name="testAbaNumberCheck_7116_bad" classname="com.cardatechnologies.utils.validators.abaroutevalidator.Test_AbaRouteValidator_04" time="0.023"/>
  <testcase name="testAbaNumberCheck_6304_bad" classname="com.cardatechnologies.utils.validators.abaroutevalidator.Test_AbaRouteValidator_04" time="0.021"/>
  <testcase name="testAbaNumberCheck_7118_bad" classname="com.cardatechnologies.utils.validators.abaroutevalidator.Test_AbaRouteValidator_04" time="0.02"/>
  <testcase name="testAbaNumberCheck_5040_bad" classname="com.cardatechnologies.utils.validators.abaroutevalidator.Test_AbaRouteValidator_04" time="0.021"/>
  <testcase name="testAbaNumberCheck_6306_bad" classname="com.cardatechnologies.utils.validators.abaroutevalidator.Test_AbaRouteValidator_04" time="0.02"/>
  <testcase name="testAbaNumberCheck_5042_bad" classname="com.cardatechnologies.utils.validators.abaroutevalidator.Test_AbaRouteValidator_04" time="0.021"/>
  <testcase name="testAbaNumberCheck_6308_bad" classname="com.cardatechnologies.utils.validators.abaroutevalidator.Test_AbaRouteValidator_04" time="0.02"/>
  <testcase name="testAbaNumberCheck_5044_bad" classname="com.cardatechnologies.utils.validators.abaroutevalidator.Test_AbaRouteValidator_04" time="0.022"/>
  <testcase name="testAbaNumberCheck_5046_bad" classname="com.cardatechnologies.utils.validators.abaroutevalidator.Test_AbaRouteValidator_04" time="0.021"/>
  <testcase name="testAbaNumberCheck_7031_good" classname="com.cardatechnologies.utils.validators.abaroutevalidator.Test_AbaRouteValidator_04" time="0.024"/>
  <testcase name="testAbaNumberCheck_5048_bad" classname="com.cardatechnologies.utils.validators.abaroutevalidator.Test_AbaRouteValidator_04" time="0.022"/>
  <testcase name="testAbaNumberCheck_7401_good" classname="com.cardatechnologies.utils.validators.abaroutevalidator.Test_AbaRouteValidator_04" time="0.032"/>
  <testcase name="testAbaNumberCheck_7120_bad" classname="com.cardatechnologies.utils.validators.abaroutevalidator.Test_AbaRouteValidator_04" time="0.024"/>
  <testcase name="testAbaNumberCheck_7122_bad" classname="com.cardatechnologies.utils.validators.abaroutevalidator.Test_AbaRouteValidator_04" time="0.023"/>
  <testcase name="testAbaNumberCheck_6310_bad" classname="com.cardatechnologies.utils.validators.abaroutevalidator.Test_AbaRouteValidator_04" time="0.025"/>
  <testcase name="testAbaNumberCheck_7124_bad" classname="com.cardatechnologies.utils.validators.abaroutevalidator.Test_AbaRouteValidator_04" time="0.024"/>
  <testcase name="testAbaNumberCheck_6312_bad" classname="com.cardatechnologies.utils.validators.abaroutevalidator.Test_AbaRouteValidator_04" time="0.023"/>
  <testcase name="testAbaNumberCheck_7126_bad" classname="com.cardatechnologies.utils.validators.abaroutevalidator.Test_AbaRouteValidator_04" time="0.025"/>
  <testcase name="testAbaNumberCheck_5500_bad" classname="com.cardatechnologies.utils.validators.abaroutevalidator.Test_AbaRouteValidator_04" time="0.025"/>
  <testcase name="testAbaNumberCheck_6314_bad" classname="com.cardatechnologies.utils.validators.abaroutevalidator.Test_AbaRouteValidator_04" time="0.026"/>
  <testcase name="testAbaNumberCheck_7128_bad" classname="com.cardatechnologies.utils.validators.abaroutevalidator.Test_AbaRouteValidator_04" time="0.024"/>
  <testcase name="testAbaNumberCheck_5050_bad" classname="com.cardatechnologies.utils.validators.abaroutevalidator.Test_AbaRouteValidator_04" time="0.024"/>
  <testcase name="testAbaNumberCheck_5502_bad" classname="com.cardatechnologies.utils.validators.abaroutevalidator.Test_AbaRouteValidator_04" time="0.024"/>
  <testcase name="testAbaNumberCheck_6316_bad" classname="com.cardatechnologies.utils.validators.abaroutevalidator.Test_AbaRouteValidator_04" time="0.025"/>
  <testcase name="testAbaNumberCheck_5052_bad" classname="com.cardatechnologies.utils.validators.abaroutevalidator.Test_AbaRouteValidator_04" time="0.025"/>
  <testcase name="testAbaNumberCheck_7113_good" classname="com.cardatechnologies.utils.validators.abaroutevalidator.Test_AbaRouteValidator_04" time="0.025"/>
  <testcase name="testAbaNumberCheck_5504_bad" classname="com.cardatechnologies.utils.validators.abaroutevalidator.Test_AbaRouteValidator_04" time="0.025"/>
  <testcase name="testAbaNumberCheck_6318_bad" classname="com.cardatechnologies.utils.validators.abaroutevalidator.Test_AbaRouteValidator_04" time="0.024"/>
  <testcase name="testAbaNumberCheck_5054_bad" classname="com.cardatechnologies.utils.validators.abaroutevalidator.Test_AbaRouteValidator_04" time="0.024"/>
  <testcase name="testAbaNumberCheck_5506_bad" classname="com.cardatechnologies.utils.validators.abaroutevalidator.Test_AbaRouteValidator_04" time="0.024"/>
  <testcase name="testAbaNumberCheck_5056_bad" classname="com.cardatechnologies.utils.validators.abaroutevalidator.Test_AbaRouteValidator_04" time="0.032"/>
  <testcase name="testAbaNumberCheck_5508_bad" classname="com.cardatechnologies.utils.validators.abaroutevalidator.Test_AbaRouteValidator_04" time="0.022"/>
  <testcase name="testAbaNumberCheck_5058_bad" classname="com.cardatechnologies.utils.validators.abaroutevalidator.Test_AbaRouteValidator_04" time="0.029"/>
  <testcase name="testAbaNumberCheck_6011_good" classname="com.cardatechnologies.utils.validators.abaroutevalidator.Test_AbaRouteValidator_04" time="0.021"/>
  <testcase name="testAbaNumberCheck_7130_bad" classname="com.cardatechnologies.utils.validators.abaroutevalidator.Test_AbaRouteValidator_04" time="0.021"/>
  <testcase name="testAbaNumberCheck_7132_bad" classname="com.cardatechnologies.utils.validators.abaroutevalidator.Test_AbaRouteValidator_04" time="0.026"/>
  <testcase name="testAbaNumberCheck_7321_good" classname="com.cardatechnologies.utils.validators.abaroutevalidator.Test_AbaRouteValidator_04" time="0.03"/>
  <testcase name="testAbaNumberCheck_6320_bad" classname="com.cardatechnologies.utils.validators.abaroutevalidator.Test_AbaRouteValidator_04" time="0.031"/>
  <testcase name="testAbaNumberCheck_7134_bad" classname="com.cardatechnologies.utils.validators.abaroutevalidator.Test_AbaRouteValidator_04" time="0.031"/>
  <testcase name="testAbaNumberCheck_6322_bad" classname="com.cardatechnologies.utils.validators.abaroutevalidator.Test_AbaRouteValidator_04" time="0.027"/>
  <testcase name="testAbaNumberCheck_7136_bad" classname="com.cardatechnologies.utils.validators.abaroutevalidator.Test_AbaRouteValidator_04" time="0.024"/>
  <testcase name="testAbaNumberCheck_5510_bad" classname="com.cardatechnologies.utils.validators.abaroutevalidator.Test_AbaRouteValidator_04" time="0.023"/>
  <testcase name="testAbaNumberCheck_6324_bad" classname="com.cardatechnologies.utils.validators.abaroutevalidator.Test_AbaRouteValidator_04" time="0.023"/>
  <testcase name="testAbaNumberCheck_7138_bad" classname="com.cardatechnologies.utils.validators.abaroutevalidator.Test_AbaRouteValidator_04" time="0.024"/>
  <testcase name="testAbaNumberCheck_5060_bad" classname="com.cardatechnologies.utils.validators.abaroutevalidator.Test_AbaRouteValidator_04" time="0.029"/>
  <testcase name="testAbaNumberCheck_5512_bad" classname="com.cardatechnologies.utils.validators.abaroutevalidator.Test_AbaRouteValidator_04" time="0.031"/>
  <testcase name="testAbaNumberCheck_6326_bad" classname="com.cardatechnologies.utils.validators.abaroutevalidator.Test_AbaRouteValidator_04" time="0.029"/>
  <testcase name="testAbaNumberCheck_5062_bad" classname="com.cardatechnologies.utils.validators.abaroutevalidator.Test_AbaRouteValidator_04" time="0.035"/>
  <testcase name="testAbaNumberCheck_5514_bad" classname="com.cardatechnologies.utils.validators.abaroutevalidator.Test_AbaRouteValidator_04" time="0.027"/>
  <testcase name="testAbaNumberCheck_6328_bad" classname="com.cardatechnologies.utils.validators.abaroutevalidator.Test_AbaRouteValidator_04" time="0.022"/>
  <testcase name="testAbaNumberCheck_5064_bad" classname="com.cardatechnologies.utils.validators.abaroutevalidator.Test_AbaRouteValidator_04" time="0.031"/>
  <testcase name="testAbaNumberCheck_5516_bad" classname="com.cardatechnologies.utils.validators.abaroutevalidator.Test_AbaRouteValidator_04" time="0.025"/>
  <testcase name="testAbaNumberCheck_5066_bad" classname="com.cardatechnologies.utils.validators.abaroutevalidator.Test_AbaRouteValidator_04" time="0.024"/>
  <testcase name="testAbaNumberCheck_7033_good" classname="com.cardatechnologies.utils.validators.abaroutevalidator.Test_AbaRouteValidator_04" time="0.02"/>
  <testcase name="testAbaNumberCheck_5518_bad" classname="com.cardatechnologies.utils.validators.abaroutevalidator.Test_AbaRouteValidator_04" time="0.02"/>
  <testcase name="testAbaNumberCheck_5068_bad" classname="com.cardatechnologies.utils.validators.abaroutevalidator.Test_AbaRouteValidator_04" time="0.022"/>
  <testcase name="testAbaNumberCheck_7403_good" classname="com.cardatechnologies.utils.validators.abaroutevalidator.Test_AbaRouteValidator_04" time="0.021"/>
  <testcase name="testAbaNumberCheck_7140_bad" classname="com.cardatechnologies.utils.validators.abaroutevalidator.Test_AbaRouteValidator_04" time="0.02"/>
  <testcase name="testAbaNumberCheck_7142_bad" classname="com.cardatechnologies.utils.validators.abaroutevalidator.Test_AbaRouteValidator_04" time="0.021"/>
  <testcase name="testAbaNumberCheck_6330_bad" classname="com.cardatechnologies.utils.validators.abaroutevalidator.Test_AbaRouteValidator_04" time="0.02"/>
  <testcase name="testAbaNumberCheck_7144_bad" classname="com.cardatechnologies.utils.validators.abaroutevalidator.Test_AbaRouteValidator_04" time="0.021"/>
  <testcase name="testAbaNumberCheck_6332_bad" classname="com.cardatechnologies.utils.validators.abaroutevalidator.Test_AbaRouteValidator_04" time="0.021"/>
  <testcase name="testAbaNumberCheck_7146_bad" classname="com.cardatechnologies.utils.validators.abaroutevalidator.Test_AbaRouteValidator_04" time="0.023"/>
  <testcase name="testAbaNumberCheck_7241_good" classname="com.cardatechnologies.utils.validators.abaroutevalidator.Test_AbaRouteValidator_04" time="0.024"/>
  <testcase name="testAbaNumberCheck_6301_good" classname="com.cardatechnologies.utils.validators.abaroutevalidator.Test_AbaRouteValidator_04" time="0.024"/>
  <testcase name="testAbaNumberCheck_5520_bad" classname="com.cardatechnologies.utils.validators.abaroutevalidator.Test_AbaRouteValidator_04" time="0.023"/>
  <testcase name="testAbaNumberCheck_6334_bad" classname="com.cardatechnologies.utils.validators.abaroutevalidator.Test_AbaRouteValidator_04" time="0.024"/>
  <testcase name="testAbaNumberCheck_7148_bad" classname="com.cardatechnologies.utils.validators.abaroutevalidator.Test_AbaRouteValidator_04" time="0.024"/>
  <testcase name="testAbaNumberCheck_5070_bad" classname="com.cardatechnologies.utils.validators.abaroutevalidator.Test_AbaRouteValidator_04" time="0.023"/>
  <testcase name="testAbaNumberCheck_5522_bad" classname="com.cardatechnologies.utils.validators.abaroutevalidator.Test_AbaRouteValidator_04" time="0.024"/>
  <testcase name="testAbaNumberCheck_6336_bad" classname="com.cardatechnologies.utils.validators.abaroutevalidator.Test_AbaRouteValidator_04" time="0.023"/>
  <testcase name="testAbaNumberCheck_5072_bad" classname="com.cardatechnologies.utils.validators.abaroutevalidator.Test_AbaRouteValidator_04" time="0.024"/>
  <testcase name="testAbaNumberCheck_7115_good" classname="com.cardatechnologies.utils.validators.abaroutevalidator.Test_AbaRouteValidator_04" time="0.023"/>
  <testcase name="testAbaNumberCheck_5524_bad" classname="com.cardatechnologies.utils.validators.abaroutevalidator.Test_AbaRouteValidator_04" time="0.036"/>
  <testcase name="testAbaNumberCheck_6338_bad" classname="com.cardatechnologies.utils.validators.abaroutevalidator.Test_AbaRouteValidator_04" time="0.031"/>
  <testcase name="testAbaNumberCheck_5074_bad" classname="com.cardatechnologies.utils.validators.abaroutevalidator.Test_AbaRouteValidator_04" time="0.024"/>
  <testcase name="testAbaNumberCheck_5526_bad" classname="com.cardatechnologies.utils.validators.abaroutevalidator.Test_AbaRouteValidator_04" time="0.022"/>
  <testcase name="testAbaNumberCheck_5076_bad" classname="com.cardatechnologies.utils.validators.abaroutevalidator.Test_AbaRouteValidator_04" time="0.025"/>
  <testcase name="testAbaNumberCheck_5528_bad" classname="com.cardatechnologies.utils.validators.abaroutevalidator.Test_AbaRouteValidator_04" time="0.023"/>
  <testcase name="testAbaNumberCheck_5078_bad" classname="com.cardatechnologies.utils.validators.abaroutevalidator.Test_AbaRouteValidator_04" time="0.025"/>
  <testcase name="testAbaNumberCheck_6013_good" classname="com.cardatechnologies.utils.validators.abaroutevalidator.Test_AbaRouteValidator_04" time="0.021"/>
  <testcase name="testAbaNumberCheck_7150_bad" classname="com.cardatechnologies.utils.validators.abaroutevalidator.Test_AbaRouteValidator_04" time="0.02"/>
  <testcase name="testAbaNumberCheck_7152_bad" classname="com.cardatechnologies.utils.validators.abaroutevalidator.Test_AbaRouteValidator_04" time="0.022"/>
  <testcase name="testAbaNumberCheck_7323_good" classname="com.cardatechnologies.utils.validators.abaroutevalidator.Test_AbaRouteValidator_04" time="0.024"/>
  <testcase name="testAbaNumberCheck_6340_bad" classname="com.cardatechnologies.utils.validators.abaroutevalidator.Test_AbaRouteValidator_04" time="0.022"/>
  <testcase name="testAbaNumberCheck_7154_bad" classname="com.cardatechnologies.utils.validators.abaroutevalidator.Test_AbaRouteValidator_04" time="0.025"/>
  <testcase name="testAbaNumberCheck_6342_bad" classname="com.cardatechnologies.utils.validators.abaroutevalidator.Test_AbaRouteValidator_04" time="0.023"/>
  <testcase name="testAbaNumberCheck_7156_bad" classname="com.cardatechnologies.utils.validators.abaroutevalidator.Test_AbaRouteValidator_04" time="0.023"/>
  <testcase name="testAbaNumberCheck_5530_bad" classname="com.cardatechnologies.utils.validators.abaroutevalidator.Test_AbaRouteValidator_04" time="0.023"/>
  <testcase name="testAbaNumberCheck_6344_bad" classname="com.cardatechnologies.utils.validators.abaroutevalidator.Test_AbaRouteValidator_04" time="0.026"/>
  <testcase name="testAbaNumberCheck_7158_bad" classname="com.cardatechnologies.utils.validators.abaroutevalidator.Test_AbaRouteValidator_04" time="0.028"/>
  <testcase name="testAbaNumberCheck_5080_bad" classname="com.cardatechnologies.utils.validators.abaroutevalidator.Test_AbaRouteValidator_04" time="0.022"/>
  <testcase name="testAbaNumberCheck_5532_bad" classname="com.cardatechnologies.utils.validators.abaroutevalidator.Test_AbaRouteValidator_04" time="0.023"/>
  <testcase name="testAbaNumberCheck_6346_bad" classname="com.cardatechnologies.utils.validators.abaroutevalidator.Test_AbaRouteValidator_04" time="0.025"/>
  <testcase name="testAbaNumberCheck_7161_good" classname="com.cardatechnologies.utils.validators.abaroutevalidator.Test_AbaRouteValidator_04" time="0.023"/>
  <testcase name="testAbaNumberCheck_5082_bad" classname="com.cardatechnologies.utils.validators.abaroutevalidator.Test_AbaRouteValidator_04" time="0.031"/>
  <testcase name="testAbaNumberCheck_6221_good" classname="com.cardatechnologies.utils.validators.abaroutevalidator.Test_AbaRouteValidator_04" time="0.032"/>
  <testcase name="testAbaNumberCheck_5534_bad" classname="com.cardatechnologies.utils.validators.abaroutevalidator.Test_AbaRouteValidator_04" time="0.024"/>
  <testcase name="testAbaNumberCheck_6348_bad" classname="com.cardatechnologies.utils.validators.abaroutevalidator.Test_AbaRouteValidator_04" time="0.025"/>
  <testcase name="testAbaNumberCheck_5084_bad" classname="com.cardatechnologies.utils.validators.abaroutevalidator.Test_AbaRouteValidator_04" time="0.023"/>
  <testcase name="testAbaNumberCheck_5536_bad" classname="com.cardatechnologies.utils.validators.abaroutevalidator.Test_AbaRouteValidator_04" time="0.022"/>
  <testcase name="testAbaNumberCheck_5086_bad" classname="com.cardatechnologies.utils.validators.abaroutevalidator.Test_AbaRouteValidator_04" time="0.021"/>
  <testcase name="testAbaNumberCheck_7035_good" classname="com.cardatechnologies.utils.validators.abaroutevalidator.Test_AbaRouteValidator_04" time="0.021"/>
  <testcase name="testAbaNumberCheck_5538_bad" classname="com.cardatechnologies.utils.validators.abaroutevalidator.Test_AbaRouteValidator_04" time="0.02"/>
  <testcase name="testAbaNumberCheck_5088_bad" classname="com.cardatechnologies.utils.validators.abaroutevalidator.Test_AbaRouteValidator_04" time="0.021"/>
  <testcase name="testAbaNumberCheck_7405_good" classname="com.cardatechnologies.utils.validators.abaroutevalidator.Test_AbaRouteValidator_04" time="0.02"/>
  <testcase name="testAbaNumberCheck_7160_bad" classname="com.cardatechnologies.utils.validators.abaroutevalidator.Test_AbaRouteValidator_04" time="0.02"/>
  <testcase name="testAbaNumberCheck_7162_bad" classname="com.cardatechnologies.utils.validators.abaroutevalidator.Test_AbaRouteValidator_04" time="0.021"/>
  <testcase name="testAbaNumberCheck_6800_bad" classname="com.cardatechnologies.utils.validators.abaroutevalidator.Test_AbaRouteValidator_04" time="0.021"/>
  <testcase name="testAbaNumberCheck_6350_bad" classname="com.cardatechnologies.utils.validators.abaroutevalidator.Test_AbaRouteValidator_04" time="0.021"/>
  <testcase name="testAbaNumberCheck_7164_bad" classname="com.cardatechnologies.utils.validators.abaroutevalidator.Test_AbaRouteValidator_04" time="0.02"/>
  <testcase name="testAbaNumberCheck_6802_bad" classname="com.cardatechnologies.utils.validators.abaroutevalidator.Test_AbaRouteValidator_04" time="0.049"/>
  <testcase name="testAbaNumberCheck_6352_bad" classname="com.cardatechnologies.utils.validators.abaroutevalidator.Test_AbaRouteValidator_04" time="0.029"/>
  <testcase name="testAbaNumberCheck_7166_bad" classname="com.cardatechnologies.utils.validators.abaroutevalidator.Test_AbaRouteValidator_04" time="0.029"/>
  <testcase name="testAbaNumberCheck_7243_good" classname="com.cardatechnologies.utils.validators.abaroutevalidator.Test_AbaRouteValidator_04" time="0.03"/>
  <testcase name="testAbaNumberCheck_6303_good" classname="com.cardatechnologies.utils.validators.abaroutevalidator.Test_AbaRouteValidator_04" time="0.033"/>
  <testcase name="testAbaNumberCheck_6804_bad" classname="com.cardatechnologies.utils.validators.abaroutevalidator.Test_AbaRouteValidator_04" time="0.038"/>
  <testcase name="testAbaNumberCheck_5540_bad" classname="com.cardatechnologies.utils.validators.abaroutevalidator.Test_AbaRouteValidator_04" time="0.03"/>
  <testcase name="testAbaNumberCheck_6354_bad" classname="com.cardatechnologies.utils.validators.abaroutevalidator.Test_AbaRouteValidator_04" time="0.03"/>
  <testcase name="testAbaNumberCheck_7168_bad" classname="com.cardatechnologies.utils.validators.abaroutevalidator.Test_AbaRouteValidator_04" time="0.028"/>
  <testcase name="testAbaNumberCheck_5090_bad" classname="com.cardatechnologies.utils.validators.abaroutevalidator.Test_AbaRouteValidator_04" time="0.024"/>
  <testcase name="testAbaNumberCheck_6806_bad" classname="com.cardatechnologies.utils.validators.abaroutevalidator.Test_AbaRouteValidator_04" time="0.021"/>
  <testcase name="testAbaNumberCheck_5542_bad" classname="com.cardatechnologies.utils.validators.abaroutevalidator.Test_AbaRouteValidator_04" time="0.023"/>
  <testcase name="testAbaNumberCheck_6356_bad" classname="com.cardatechnologies.utils.validators.abaroutevalidator.Test_AbaRouteValidator_04" time="0.025"/>
  <testcase name="testAbaNumberCheck_5092_bad" classname="com.cardatechnologies.utils.validators.abaroutevalidator.Test_AbaRouteValidator_04" time="0.025"/>
  <testcase name="testAbaNumberCheck_7117_good" classname="com.cardatechnologies.utils.validators.abaroutevalidator.Test_AbaRouteValidator_04" time="0.026"/>
  <testcase name="testAbaNumberCheck_6808_bad" classname="com.cardatechnologies.utils.validators.abaroutevalidator.Test_AbaRouteValidator_04" time="0.026"/>
  <testcase name="testAbaNumberCheck_5544_bad" classname="com.cardatechnologies.utils.validators.abaroutevalidator.Test_AbaRouteValidator_04" time="0.029"/>
  <testcase name="testAbaNumberCheck_6358_bad" classname="com.cardatechnologies.utils.validators.abaroutevalidator.Test_AbaRouteValidator_04" time="0.029"/>
  <testcase name="testAbaNumberCheck_5094_bad" classname="com.cardatechnologies.utils.validators.abaroutevalidator.Test_AbaRouteValidator_04" time="0.024"/>
  <testcase name="testAbaNumberCheck_5546_bad" classname="com.cardatechnologies.utils.validators.abaroutevalidator.Test_AbaRouteValidator_04" time="0.024"/>
  <testcase name="testAbaNumberCheck_7081_good" classname="com.cardatechnologies.utils.validators.abaroutevalidator.Test_AbaRouteValidator_04" time="0.025"/>
  <testcase name="testAbaNumberCheck_5096_bad" classname="com.cardatechnologies.utils.validators.abaroutevalidator.Test_AbaRouteValidator_04" time="0.023"/>
  <testcase name="testAbaNumberCheck_6141_good" classname="com.cardatechnologies.utils.validators.abaroutevalidator.Test_AbaRouteValidator_04" time="0.025"/>
  <testcase name="testAbaNumberCheck_5201_good" classname="com.cardatechnologies.utils.validators.abaroutevalidator.Test_AbaRouteValidator_04" time="0.025"/>
  <testcase name="testAbaNumberCheck_5548_bad" classname="com.cardatechnologies.utils.validators.abaroutevalidator.Test_AbaRouteValidator_04" time="0.038"/>
  <testcase name="testAbaNumberCheck_5098_bad" classname="com.cardatechnologies.utils.validators.abaroutevalidator.Test_AbaRouteValidator_04" time="0.036"/>
  <testcase name="testAbaNumberCheck_6015_good" classname="com.cardatechnologies.utils.validators.abaroutevalidator.Test_AbaRouteValidator_04" time="0.03"/>
  <testcase name="testAbaNumberCheck_7451_good" classname="com.cardatechnologies.utils.validators.abaroutevalidator.Test_AbaRouteValidator_04" time="0.031"/>
  <testcase name="testAbaNumberCheck_6511_good" classname="com.cardatechnologies.utils.validators.abaroutevalidator.Test_AbaRouteValidator_04" time="0.026"/>
  <testcase name="testAbaNumberCheck_7170_bad" classname="com.cardatechnologies.utils.validators.abaroutevalidator.Test_AbaRouteValidator_04" time="0.022"/>
  <testcase name="testAbaNumberCheck_7172_bad" classname="com.cardatechnologies.utils.validators.abaroutevalidator.Test_AbaRouteValidator_04" time="0.024"/>
  <testcase name="testAbaNumberCheck_7325_good" classname="com.cardatechnologies.utils.validators.abaroutevalidator.Test_AbaRouteValidator_04" time="0.03"/>
  <testcase name="testAbaNumberCheck_6810_bad" classname="com.cardatechnologies.utils.validators.abaroutevalidator.Test_AbaRouteValidator_04" time="0.029"/>
  <testcase name="testAbaNumberCheck_6360_bad" classname="com.cardatechnologies.utils.validators.abaroutevalidator.Test_AbaRouteValidator_04" time="0.026"/>
  <testcase name="testAbaNumberCheck_7174_bad" classname="com.cardatechnologies.utils.validators.abaroutevalidator.Test_AbaRouteValidator_04" time="0.021"/>
  <testcase name="testAbaNumberCheck_6812_bad" classname="com.cardatechnologies.utils.validators.abaroutevalidator.Test_AbaRouteValidator_04" time="0.021"/>
  <testcase name="testAbaNumberCheck_6362_bad" classname="com.cardatechnologies.utils.validators.abaroutevalidator.Test_AbaRouteValidator_04" time="0.02"/>
  <testcase name="testAbaNumberCheck_7176_bad" classname="com.cardatechnologies.utils.validators.abaroutevalidator.Test_AbaRouteValidator_04" time="0.026"/>
  <testcase name="testAbaNumberCheck_6814_bad" classname="com.cardatechnologies.utils.validators.abaroutevalidator.Test_AbaRouteValidator_04" time="0.021"/>
  <testcase name="testAbaNumberCheck_5550_bad" classname="com.cardatechnologies.utils.validators.abaroutevalidator.Test_AbaRouteValidator_04" time="0.02"/>
  <testcase name="testAbaNumberCheck_6364_bad" classname="com.cardatechnologies.utils.validators.abaroutevalidator.Test_AbaRouteValidator_04" time="0.021"/>
  <testcase name="testAbaNumberCheck_7178_bad" classname="com.cardatechnologies.utils.validators.abaroutevalidator.Test_AbaRouteValidator_04" time="0.02"/>
  <testcase name="testAbaNumberCheck_6816_bad" classname="com.cardatechnologies.utils.validators.abaroutevalidator.Test_AbaRouteValidator_04" time="0.02"/>
  <testcase name="testAbaNumberCheck_5552_bad" classname="com.cardatechnologies.utils.validators.abaroutevalidator.Test_AbaRouteValidator_04" time="0.02"/>
  <testcase name="testAbaNumberCheck_6366_bad" classname="com.cardatechnologies.utils.validators.abaroutevalidator.Test_AbaRouteValidator_04" time="0.021"/>
  <testcase name="testAbaNumberCheck_7163_good" classname="com.cardatechnologies.utils.validators.abaroutevalidator.Test_AbaRouteValidator_04" time="0.021"/>
  <testcase name="testAbaNumberCheck_6223_good" classname="com.cardatechnologies.utils.validators.abaroutevalidator.Test_AbaRouteValidator_04" time="0.024"/>
  <testcase name="testAbaNumberCheck_6818_bad" classname="com.cardatechnologies.utils.validators.abaroutevalidator.Test_AbaRouteValidator_04" time="0.031"/>
  <testcase name="testAbaNumberCheck_5554_bad" classname="com.cardatechnologies.utils.validators.abaroutevalidator.Test_AbaRouteValidator_04" time="0.02"/>
  <testcase name="testAbaNumberCheck_6368_bad" classname="com.cardatechnologies.utils.validators.abaroutevalidator.Test_AbaRouteValidator_04" time="0.02"/>
  <testcase name="testAbaNumberCheck_5556_bad" classname="com.cardatechnologies.utils.validators.abaroutevalidator.Test_AbaRouteValidator_04" time="0.022"/>
  <testcase name="testAbaNumberCheck_7037_good" classname="com.cardatechnologies.utils.validators.abaroutevalidator.Test_AbaRouteValidator_04" time="0.024"/>
  <testcase name="testAbaNumberCheck_5558_bad" classname="com.cardatechnologies.utils.validators.abaroutevalidator.Test_AbaRouteValidator_04" time="0.024"/>
  <testcase name="testAbaNumberCheck_6061_good" classname="com.cardatechnologies.utils.validators.abaroutevalidator.Test_AbaRouteValidator_04" time="0.026"/>
  <testcase name="testAbaNumberCheck_5121_good" classname="com.cardatechnologies.utils.validators.abaroutevalidator.Test_AbaRouteValidator_04" time="0.024"/>
  <testcase name="testAbaNumberCheck_7407_good" classname="com.cardatechnologies.utils.validators.abaroutevalidator.Test_AbaRouteValidator_04" time="0.024"/>
  <testcase name="testAbaNumberCheck_7180_bad" classname="com.cardatechnologies.utils.validators.abaroutevalidator.Test_AbaRouteValidator_04" time="0.026"/>
  <testcase name="testAbaNumberCheck_7371_good" classname="com.cardatechnologies.utils.validators.abaroutevalidator.Test_AbaRouteValidator_04" time="0.024"/>
  <testcase name="testAbaNumberCheck_7182_bad" classname="com.cardatechnologies.utils.validators.abaroutevalidator.Test_AbaRouteValidator_04" time="0.027"/>
  <testcase name="testAbaNumberCheck_6431_good" classname="com.cardatechnologies.utils.validators.abaroutevalidator.Test_AbaRouteValidator_04" time="0.025"/>
  <testcase name="testAbaNumberCheck_6820_bad" classname="com.cardatechnologies.utils.validators.abaroutevalidator.Test_AbaRouteValidator_04" time="0.024"/>
  <testcase name="testAbaNumberCheck_6370_bad" classname="com.cardatechnologies.utils.validators.abaroutevalidator.Test_AbaRouteValidator_04" time="0.025"/>
  <testcase name="testAbaNumberCheck_7184_bad" classname="com.cardatechnologies.utils.validators.abaroutevalidator.Test_AbaRouteValidator_04" time="0.026"/>
  <testcase name="testAbaNumberCheck_6822_bad" classname="com.cardatechnologies.utils.validators.abaroutevalidator.Test_AbaRouteValidator_04" time="0.024"/>
  <testcase name="testAbaNumberCheck_6372_bad" classname="com.cardatechnologies.utils.validators.abaroutevalidator.Test_AbaRouteValidator_04" time="0.024"/>
  <testcase name="testAbaNumberCheck_7186_bad" classname="com.cardatechnologies.utils.validators.abaroutevalidator.Test_AbaRouteValidator_04" time="0.026"/>
  <testcase name="testAbaNumberCheck_7245_good" classname="com.cardatechnologies.utils.validators.abaroutevalidator.Test_AbaRouteValidator_04" time="0.026"/>
  <testcase name="testAbaNumberCheck_6305_good" classname="com.cardatechnologies.utils.validators.abaroutevalidator.Test_AbaRouteValidator_04" time="0.03"/>
  <testcase name="testAbaNumberCheck_6824_bad" classname="com.cardatechnologies.utils.validators.abaroutevalidator.Test_AbaRouteValidator_04" time="0.04"/>
  <testcase name="testAbaNumberCheck_5560_bad" classname="com.cardatechnologies.utils.validators.abaroutevalidator.Test_AbaRouteValidator_04" time="0.025"/>
  <testcase name="testAbaNumberCheck_6374_bad" classname="com.cardatechnologies.utils.validators.abaroutevalidator.Test_AbaRouteValidator_04" time="0.023"/>
  <testcase name="testAbaNumberCheck_7188_bad" classname="com.cardatechnologies.utils.validators.abaroutevalidator.Test_AbaRouteValidator_04" time="0.024"/>
  <testcase name="testAbaNumberCheck_6826_bad" classname="com.cardatechnologies.utils.validators.abaroutevalidator.Test_AbaRouteValidator_04" time="0.025"/>
  <testcase name="testAbaNumberCheck_5562_bad" classname="com.cardatechnologies.utils.validators.abaroutevalidator.Test_AbaRouteValidator_04" time="0.024"/>
  <testcase name="testAbaNumberCheck_6376_bad" classname="com.cardatechnologies.utils.validators.abaroutevalidator.Test_AbaRouteValidator_04" time="0.023"/>
  <testcase name="testAbaNumberCheck_7119_good" classname="com.cardatechnologies.utils.validators.abaroutevalidator.Test_AbaRouteValidator_04" time="0.025"/>
  <testcase name="testAbaNumberCheck_6828_bad" classname="com.cardatechnologies.utils.validators.abaroutevalidator.Test_AbaRouteValidator_04" time="0.024"/>
  <testcase name="testAbaNumberCheck_5564_bad" classname="com.cardatechnologies.utils.validators.abaroutevalidator.Test_AbaRouteValidator_04" time="0.023"/>
  <testcase name="testAbaNumberCheck_6378_bad" classname="com.cardatechnologies.utils.validators.abaroutevalidator.Test_AbaRouteValidator_04" time="0.025"/>
  <testcase name="testAbaNumberCheck_5566_bad" classname="com.cardatechnologies.utils.validators.abaroutevalidator.Test_AbaRouteValidator_04" time="0.025"/>
  <testcase name="testAbaNumberCheck_7083_good" classname="com.cardatechnologies.utils.validators.abaroutevalidator.Test_AbaRouteValidator_04" time="0.023"/>
  <testcase name="testAbaNumberCheck_6143_good" classname="com.cardatechnologies.utils.validators.abaroutevalidator.Test_AbaRouteValidator_04" time="0.023"/>
  <testcase name="testAbaNumberCheck_5203_good" classname="com.cardatechnologies.utils.validators.abaroutevalidator.Test_AbaRouteValidator_04" time="0.024"/>
  <testcase name="testAbaNumberCheck_5568_bad" classname="com.cardatechnologies.utils.validators.abaroutevalidator.Test_AbaRouteValidator_04" time="0.024"/>
  <testcase name="testAbaNumberCheck_6801_good" classname="com.cardatechnologies.utils.validators.abaroutevalidator.Test_AbaRouteValidator_04" time="0.022"/>
  <testcase name="testAbaNumberCheck_6017_good" classname="com.cardatechnologies.utils.validators.abaroutevalidator.Test_AbaRouteValidator_04" time="0.021"/>
  <testcase name="testAbaNumberCheck_5041_good" classname="com.cardatechnologies.utils.validators.abaroutevalidator.Test_AbaRouteValidator_04" time="0.021"/>
  <testcase name="testAbaNumberCheck_7453_good" classname="com.cardatechnologies.utils.validators.abaroutevalidator.Test_AbaRouteValidator_04" time="0.02"/>
  <testcase name="testAbaNumberCheck_6513_good" classname="com.cardatechnologies.utils.validators.abaroutevalidator.Test_AbaRouteValidator_04" time="0.021"/>
  <testcase name="testAbaNumberCheck_7190_bad" classname="com.cardatechnologies.utils.validators.abaroutevalidator.Test_AbaRouteValidator_04" time="0.021"/>
  <testcase name="testAbaNumberCheck_7192_bad" classname="com.cardatechnologies.utils.validators.abaroutevalidator.Test_AbaRouteValidator_04" time="0.033"/>
  <testcase name="testAbaNumberCheck_7327_good" classname="com.cardatechnologies.utils.validators.abaroutevalidator.Test_AbaRouteValidator_04" time="0.022"/>
  <testcase name="testAbaNumberCheck_6830_bad" classname="com.cardatechnologies.utils.validators.abaroutevalidator.Test_AbaRouteValidator_04" time="0.021"/>
  <testcase name="testAbaNumberCheck_6380_bad" classname="com.cardatechnologies.utils.validators.abaroutevalidator.Test_AbaRouteValidator_04" time="0.021"/>
  <testcase name="testAbaNumberCheck_7194_bad" classname="com.cardatechnologies.utils.validators.abaroutevalidator.Test_AbaRouteValidator_04" time="0.02"/>
  <testcase name="testAbaNumberCheck_6832_bad" classname="com.cardatechnologies.utils.validators.abaroutevalidator.Test_AbaRouteValidator_04" time="0.021"/>
  <testcase name="testAbaNumberCheck_7291_good" classname="com.cardatechnologies.utils.validators.abaroutevalidator.Test_AbaRouteValidator_04" time="0.021"/>
  <testcase name="testAbaNumberCheck_6382_bad" classname="com.cardatechnologies.utils.validators.abaroutevalidator.Test_AbaRouteValidator_04" time="0.019"/>
  <testcase name="testAbaNumberCheck_7196_bad" classname="com.cardatechnologies.utils.validators.abaroutevalidator.Test_AbaRouteValidator_04" time="0.021"/>
  <testcase name="testAbaNumberCheck_6351_good" classname="com.cardatechnologies.utils.validators.abaroutevalidator.Test_AbaRouteValidator_04" time="0.02"/>
  <testcase name="testAbaNumberCheck_5411_good" classname="com.cardatechnologies.utils.validators.abaroutevalidator.Test_AbaRouteValidator_04" time="0.022"/>
  <testcase name="testAbaNumberCheck_6834_bad" classname="com.cardatechnologies.utils.validators.abaroutevalidator.Test_AbaRouteValidator_04" time="0.021"/>
  <testcase name="testAbaNumberCheck_5570_bad" classname="com.cardatechnologies.utils.validators.abaroutevalidator.Test_AbaRouteValidator_04" time="0.021"/>
  <testcase name="testAbaNumberCheck_6384_bad" classname="com.cardatechnologies.utils.validators.abaroutevalidator.Test_AbaRouteValidator_04" time="0.02"/>
  <testcase name="testAbaNumberCheck_7198_bad" classname="com.cardatechnologies.utils.validators.abaroutevalidator.Test_AbaRouteValidator_04" time="0.022"/>
  <testcase name="testAbaNumberCheck_6836_bad" classname="com.cardatechnologies.utils.validators.abaroutevalidator.Test_AbaRouteValidator_04" time="0.02"/>
  <testcase name="testAbaNumberCheck_5572_bad" classname="com.cardatechnologies.utils.validators.abaroutevalidator.Test_AbaRouteValidator_04" time="0.02"/>
  <testcase name="testAbaNumberCheck_6386_bad" classname="com.cardatechnologies.utils.validators.abaroutevalidator.Test_AbaRouteValidator_04" time="0.021"/>
  <testcase name="testAbaNumberCheck_7165_good" classname="com.cardatechnologies.utils.validators.abaroutevalidator.Test_AbaRouteValidator_04" time="0.022"/>
  <testcase name="testAbaNumberCheck_6225_good" classname="com.cardatechnologies.utils.validators.abaroutevalidator.Test_AbaRouteValidator_04" time="0.024"/>
  <testcase name="testAbaNumberCheck_6838_bad" classname="com.cardatechnologies.utils.validators.abaroutevalidator.Test_AbaRouteValidator_04" time="0.029"/>
  <testcase name="testAbaNumberCheck_5574_bad" classname="com.cardatechnologies.utils.validators.abaroutevalidator.Test_AbaRouteValidator_04" time="0.028"/>
  <testcase name="testAbaNumberCheck_6388_bad" classname="com.cardatechnologies.utils.validators.abaroutevalidator.Test_AbaRouteValidator_04" time="0.029"/>
  <testcase name="testAbaNumberCheck_5576_bad" classname="com.cardatechnologies.utils.validators.abaroutevalidator.Test_AbaRouteValidator_04" time="0.038"/>
  <testcase name="testAbaNumberCheck_7039_good" classname="com.cardatechnologies.utils.validators.abaroutevalidator.Test_AbaRouteValidator_04" time="0.026"/>
  <testcase name="testAbaNumberCheck_5578_bad" classname="com.cardatechnologies.utils.validators.abaroutevalidator.Test_AbaRouteValidator_04" time="0.022"/>
  <testcase name="testAbaNumberCheck_6063_good" classname="com.cardatechnologies.utils.validators.abaroutevalidator.Test_AbaRouteValidator_04" time="0.022"/>
  <testcase name="testAbaNumberCheck_5123_good" classname="com.cardatechnologies.utils.validators.abaroutevalidator.Test_AbaRouteValidator_04" time="0.022"/>
  <testcase name="testAbaNumberCheck_6721_good" classname="com.cardatechnologies.utils.validators.abaroutevalidator.Test_AbaRouteValidator_04" time="0.021"/>
  <testcase name="testAbaNumberCheck_7409_good" classname="com.cardatechnologies.utils.validators.abaroutevalidator.Test_AbaRouteValidator_04" time="0.022"/>
  <testcase name="testAbaNumberCheck_7373_good" classname="com.cardatechnologies.utils.validators.abaroutevalidator.Test_AbaRouteValidator_04" time="0.021"/>
  <testcase name="testAbaNumberCheck_6433_good" classname="com.cardatechnologies.utils.validators.abaroutevalidator.Test_AbaRouteValidator_04" time="0.021"/>
  <testcase name="testAbaNumberCheck_6840_bad" classname="com.cardatechnologies.utils.validators.abaroutevalidator.Test_AbaRouteValidator_04" time="0.021"/>
  <testcase name="testAbaNumberCheck_6390_bad" classname="com.cardatechnologies.utils.validators.abaroutevalidator.Test_AbaRouteValidator_04" time="0.022"/>
  <testcase name="testAbaNumberCheck_6842_bad" classname="com.cardatechnologies.utils.validators.abaroutevalidator.Test_AbaRouteValidator_04" time="0.027"/>
  <testcase name="testAbaNumberCheck_6392_bad" classname="com.cardatechnologies.utils.validators.abaroutevalidator.Test_AbaRouteValidator_04" time="0.023"/>
  <testcase name="testAbaNumberCheck_7247_good" classname="com.cardatechnologies.utils.validators.abaroutevalidator.Test_AbaRouteValidator_04" time="0.024"/>
  <testcase name="testAbaNumberCheck_6307_good" classname="com.cardatechnologies.utils.validators.abaroutevalidator.Test_AbaRouteValidator_04" time="0.022"/>
  <testcase name="testAbaNumberCheck_6844_bad" classname="com.cardatechnologies.utils.validators.abaroutevalidator.Test_AbaRouteValidator_04" time="0.021"/>
  <testcase name="testAbaNumberCheck_5580_bad" classname="com.cardatechnologies.utils.validators.abaroutevalidator.Test_AbaRouteValidator_04" time="0.022"/>
  <testcase name="testAbaNumberCheck_6394_bad" classname="com.cardatechnologies.utils.validators.abaroutevalidator.Test_AbaRouteValidator_04" time="0.023"/>
  <testcase name="testAbaNumberCheck_6846_bad" classname="com.cardatechnologies.utils.validators.abaroutevalidator.Test_AbaRouteValidator_04" time="0.021"/>
  <testcase name="testAbaNumberCheck_5582_bad" classname="com.cardatechnologies.utils.validators.abaroutevalidator.Test_AbaRouteValidator_04" time="0.022"/>
  <testcase name="testAbaNumberCheck_6396_bad" classname="com.cardatechnologies.utils.validators.abaroutevalidator.Test_AbaRouteValidator_04" time="0.023"/>
  <testcase name="testAbaNumberCheck_6271_good" classname="com.cardatechnologies.utils.validators.abaroutevalidator.Test_AbaRouteValidator_04" time="0.023"/>
  <testcase name="testAbaNumberCheck_5331_good" classname="com.cardatechnologies.utils.validators.abaroutevalidator.Test_AbaRouteValidator_04" time="0.022"/>
  <testcase name="testAbaNumberCheck_6848_bad" classname="com.cardatechnologies.utils.validators.abaroutevalidator.Test_AbaRouteValidator_04" time="0.042"/>
  <testcase name="testAbaNumberCheck_5584_bad" classname="com.cardatechnologies.utils.validators.abaroutevalidator.Test_AbaRouteValidator_04" time="0.023"/>
  <testcase name="testAbaNumberCheck_6398_bad" classname="com.cardatechnologies.utils.validators.abaroutevalidator.Test_AbaRouteValidator_04" time="0.021"/>
  <testcase name="testAbaNumberCheck_5586_bad" classname="com.cardatechnologies.utils.validators.abaroutevalidator.Test_AbaRouteValidator_04" time="0.021"/>
  <testcase name="testAbaNumberCheck_7085_good" classname="com.cardatechnologies.utils.validators.abaroutevalidator.Test_AbaRouteValidator_04" time="0.021"/>
  <testcase name="testAbaNumberCheck_6145_good" classname="com.cardatechnologies.utils.validators.abaroutevalidator.Test_AbaRouteValidator_04" time="0.022"/>
  <testcase name="testAbaNumberCheck_5205_good" classname="com.cardatechnologies.utils.validators.abaroutevalidator.Test_AbaRouteValidator_04" time="0.021"/>
  <testcase name="testAbaNumberCheck_5588_bad" classname="com.cardatechnologies.utils.validators.abaroutevalidator.Test_AbaRouteValidator_04" time="0.022"/>
  <testcase name="testAbaNumberCheck_6803_good" classname="com.cardatechnologies.utils.validators.abaroutevalidator.Test_AbaRouteValidator_04" time="0.021"/>
  <testcase name="testAbaNumberCheck_6019_good" classname="com.cardatechnologies.utils.validators.abaroutevalidator.Test_AbaRouteValidator_04" time="0.02"/>
  <testcase name="testAbaNumberCheck_5043_good" classname="com.cardatechnologies.utils.validators.abaroutevalidator.Test_AbaRouteValidator_04" time="0.021"/>
  <testcase name="testAbaNumberCheck_6641_good" classname="com.cardatechnologies.utils.validators.abaroutevalidator.Test_AbaRouteValidator_04" time="0.021"/>
  <testcase name="testAbaNumberCheck_5701_good" classname="com.cardatechnologies.utils.validators.abaroutevalidator.Test_AbaRouteValidator_04" time="0.02"/>
  <testcase name="testAbaNumberCheck_7455_good" classname="com.cardatechnologies.utils.validators.abaroutevalidator.Test_AbaRouteValidator_04" time="0.021"/>
  <testcase name="testAbaNumberCheck_6515_good" classname="com.cardatechnologies.utils.validators.abaroutevalidator.Test_AbaRouteValidator_04" time="0.021"/>
  <testcase name="testAbaNumberCheck_7329_good" classname="com.cardatechnologies.utils.validators.abaroutevalidator.Test_AbaRouteValidator_04" time="0.02"/>
  <testcase name="testAbaNumberCheck_6850_bad" classname="com.cardatechnologies.utils.validators.abaroutevalidator.Test_AbaRouteValidator_04" time="0.021"/>
  <testcase name="testAbaNumberCheck_6852_bad" classname="com.cardatechnologies.utils.validators.abaroutevalidator.Test_AbaRouteValidator_04" time="0.021"/>
  <testcase name="testAbaNumberCheck_7293_good" classname="com.cardatechnologies.utils.validators.abaroutevalidator.Test_AbaRouteValidator_04" time="0.022"/>
  <testcase name="testAbaNumberCheck_6353_good" classname="com.cardatechnologies.utils.validators.abaroutevalidator.Test_AbaRouteValidator_04" time="0.03"/>
  <testcase name="testAbaNumberCheck_5413_good" classname="com.cardatechnologies.utils.validators.abaroutevalidator.Test_AbaRouteValidator_04" time="0.024"/>
  <testcase name="testAbaNumberCheck_6854_bad" classname="com.cardatechnologies.utils.validators.abaroutevalidator.Test_AbaRouteValidator_04" time="0.021"/>
  <testcase name="testAbaNumberCheck_5590_bad" classname="com.cardatechnologies.utils.validators.abaroutevalidator.Test_AbaRouteValidator_04" time="0.021"/>
  <testcase name="testAbaNumberCheck_6856_bad" classname="com.cardatechnologies.utils.validators.abaroutevalidator.Test_AbaRouteValidator_04" time="0.023"/>
  <testcase name="testAbaNumberCheck_5592_bad" classname="com.cardatechnologies.utils.validators.abaroutevalidator.Test_AbaRouteValidator_04" time="0.041"/>
  <testcase name="testAbaNumberCheck_7167_good" classname="com.cardatechnologies.utils.validators.abaroutevalidator.Test_AbaRouteValidator_04" time="0.021"/>
  <testcase name="testAbaNumberCheck_6227_good" classname="com.cardatechnologies.utils.validators.abaroutevalidator.Test_AbaRouteValidator_04" time="0.021"/>
  <testcase name="testAbaNumberCheck_6858_bad" classname="com.cardatechnologies.utils.validators.abaroutevalidator.Test_AbaRouteValidator_04" time="0.021"/>
  <testcase name="testAbaNumberCheck_5594_bad" classname="com.cardatechnologies.utils.validators.abaroutevalidator.Test_AbaRouteValidator_04" time="0.021"/>
  <testcase name="testAbaNumberCheck_5596_bad" classname="com.cardatechnologies.utils.validators.abaroutevalidator.Test_AbaRouteValidator_04" time="0.02"/>
  <testcase name="testAbaNumberCheck_6191_good" classname="com.cardatechnologies.utils.validators.abaroutevalidator.Test_AbaRouteValidator_04" time="0.025"/>
  <testcase name="testAbaNumberCheck_5251_good" classname="com.cardatechnologies.utils.validators.abaroutevalidator.Test_AbaRouteValidator_04" time="0.024"/>
  <testcase name="testAbaNumberCheck_5598_bad" classname="com.cardatechnologies.utils.validators.abaroutevalidator.Test_AbaRouteValidator_04" time="0.025"/>
  <testcase name="testAbaNumberCheck_6065_good" classname="com.cardatechnologies.utils.validators.abaroutevalidator.Test_AbaRouteValidator_04" time="0.032"/>
  <testcase name="testAbaNumberCheck_5125_good" classname="com.cardatechnologies.utils.validators.abaroutevalidator.Test_AbaRouteValidator_04" time="0.025"/>
  <testcase name="testAbaNumberCheck_6723_good" classname="com.cardatechnologies.utils.validators.abaroutevalidator.Test_AbaRouteValidator_04" time="0.026"/>
  <testcase name="testAbaNumberCheck_6561_good" classname="com.cardatechnologies.utils.validators.abaroutevalidator.Test_AbaRouteValidator_04" time="0.025"/>
  <testcase name="testAbaNumberCheck_5621_good" classname="com.cardatechnologies.utils.validators.abaroutevalidator.Test_AbaRouteValidator_04" time="0.024"/>
  <testcase name="testAbaNumberCheck_7375_good" classname="com.cardatechnologies.utils.validators.abaroutevalidator.Test_AbaRouteValidator_04" time="0.026"/>
  <testcase name="testAbaNumberCheck_6435_good" classname="com.cardatechnologies.utils.validators.abaroutevalidator.Test_AbaRouteValidator_04" time="0.033"/>
  <testcase name="testAbaNumberCheck_6860_bad" classname="com.cardatechnologies.utils.validators.abaroutevalidator.Test_AbaRouteValidator_04" time="0.029"/>
  <testcase name="testAbaNumberCheck_6862_bad" classname="com.cardatechnologies.utils.validators.abaroutevalidator.Test_AbaRouteValidator_04" time="0.025"/>
  <testcase name="testAbaNumberCheck_7249_good" classname="com.cardatechnologies.utils.validators.abaroutevalidator.Test_AbaRouteValidator_04" time="0.024"/>
  <testcase name="testAbaNumberCheck_6309_good" classname="com.cardatechnologies.utils.validators.abaroutevalidator.Test_AbaRouteValidator_04" time="0.024"/>
  <testcase name="testAbaNumberCheck_6864_bad" classname="com.cardatechnologies.utils.validators.abaroutevalidator.Test_AbaRouteValidator_04" time="0.031"/>
  <testcase name="testAbaNumberCheck_6866_bad" classname="com.cardatechnologies.utils.validators.abaroutevalidator.Test_AbaRouteValidator_04" time="0.029"/>
  <testcase name="testAbaNumberCheck_6273_good" classname="com.cardatechnologies.utils.validators.abaroutevalidator.Test_AbaRouteValidator_04" time="0.025"/>
  <testcase name="testAbaNumberCheck_5333_good" classname="com.cardatechnologies.utils.validators.abaroutevalidator.Test_AbaRouteValidator_04" time="0.023"/>
  <testcase name="testAbaNumberCheck_6868_bad" classname="com.cardatechnologies.utils.validators.abaroutevalidator.Test_AbaRouteValidator_04" time="0.03"/>
  <testcase name="testAbaNumberCheck_6931_good" classname="com.cardatechnologies.utils.validators.abaroutevalidator.Test_AbaRouteValidator_04" time="0.027"/>
  <testcase name="testAbaNumberCheck_7087_good" classname="com.cardatechnologies.utils.validators.abaroutevalidator.Test_AbaRouteValidator_04" time="0.024"/>
  <testcase name="testAbaNumberCheck_6147_good" classname="com.cardatechnologies.utils.validators.abaroutevalidator.Test_AbaRouteValidator_04" time="0.021"/>
  <testcase name="testAbaNumberCheck_5207_good" classname="com.cardatechnologies.utils.validators.abaroutevalidator.Test_AbaRouteValidator_04" time="0.022"/>
  <testcase name="testAbaNumberCheck_6805_good" classname="com.cardatechnologies.utils.validators.abaroutevalidator.Test_AbaRouteValidator_04" time="0.021"/>
  <testcase name="testAbaNumberCheck_5171_good" classname="com.cardatechnologies.utils.validators.abaroutevalidator.Test_AbaRouteValidator_04" time="0.021"/>
  <testcase name="testAbaNumberCheck_5045_good" classname="com.cardatechnologies.utils.validators.abaroutevalidator.Test_AbaRouteValidator_04" time="0.022"/>
  <testcase name="testAbaNumberCheck_6643_good" classname="com.cardatechnologies.utils.validators.abaroutevalidator.Test_AbaRouteValidator_04" time="0.02"/>
  <testcase name="testAbaNumberCheck_5703_good" classname="com.cardatechnologies.utils.validators.abaroutevalidator.Test_AbaRouteValidator_04" time="0.021"/>
  <testcase name="testAbaNumberCheck_7457_good" classname="com.cardatechnologies.utils.validators.abaroutevalidator.Test_AbaRouteValidator_04" time="0.021"/>
  <testcase name="testAbaNumberCheck_6517_good" classname="com.cardatechnologies.utils.validators.abaroutevalidator.Test_AbaRouteValidator_04" time="0.02"/>
  <testcase name="testAbaNumberCheck_6481_good" classname="com.cardatechnologies.utils.validators.abaroutevalidator.Test_AbaRouteValidator_04" time="0.021"/>
  <testcase name="testAbaNumberCheck_5541_good" classname="com.cardatechnologies.utils.validators.abaroutevalidator.Test_AbaRouteValidator_04" time="0.021"/>
  <testcase name="testAbaNumberCheck_6870_bad" classname="com.cardatechnologies.utils.validators.abaroutevalidator.Test_AbaRouteValidator_04" time="0.021"/>
  <testcase name="testAbaNumberCheck_6872_bad" classname="com.cardatechnologies.utils.validators.abaroutevalidator.Test_AbaRouteValidator_04" time="0.024"/>
  <testcase name="testAbaNumberCheck_7295_good" classname="com.cardatechnologies.utils.validators.abaroutevalidator.Test_AbaRouteValidator_04" time="0.024"/>
  <testcase name="testAbaNumberCheck_6355_good" classname="com.cardatechnologies.utils.validators.abaroutevalidator.Test_AbaRouteValidator_04" time="0.024"/>
  <testcase name="testAbaNumberCheck_5415_good" classname="com.cardatechnologies.utils.validators.abaroutevalidator.Test_AbaRouteValidator_04" time="0.024"/>
  <testcase name="testAbaNumberCheck_6874_bad" classname="com.cardatechnologies.utils.validators.abaroutevalidator.Test_AbaRouteValidator_04" time="0.044"/>
  <testcase name="testAbaNumberCheck_6876_bad" classname="com.cardatechnologies.utils.validators.abaroutevalidator.Test_AbaRouteValidator_04" time="0.024"/>
  <testcase name="testAbaNumberCheck_7169_good" classname="com.cardatechnologies.utils.validators.abaroutevalidator.Test_AbaRouteValidator_04" time="0.025"/>
  <testcase name="testAbaNumberCheck_6229_good" classname="com.cardatechnologies.utils.validators.abaroutevalidator.Test_AbaRouteValidator_04" time="0.023"/>
  <testcase name="testAbaNumberCheck_6878_bad" classname="com.cardatechnologies.utils.validators.abaroutevalidator.Test_AbaRouteValidator_04" time="0.029"/>
  <testcase name="testAbaNumberCheck_6193_good" classname="com.cardatechnologies.utils.validators.abaroutevalidator.Test_AbaRouteValidator_04" time="0.031"/>
  <testcase name="testAbaNumberCheck_5253_good" classname="com.cardatechnologies.utils.validators.abaroutevalidator.Test_AbaRouteValidator_04" time="0.024"/>
  <testcase name="testAbaNumberCheck_6851_good" classname="com.cardatechnologies.utils.validators.abaroutevalidator.Test_AbaRouteValidator_04" time="0.021"/>
  <testcase name="testAbaNumberCheck_5911_good" classname="com.cardatechnologies.utils.validators.abaroutevalidator.Test_AbaRouteValidator_04" time="0.024"/>
  <testcase name="testAbaNumberCheck_6067_good" classname="com.cardatechnologies.utils.validators.abaroutevalidator.Test_AbaRouteValidator_04" time="0.032"/>
  <testcase name="testAbaNumberCheck_5127_good" classname="com.cardatechnologies.utils.validators.abaroutevalidator.Test_AbaRouteValidator_04" time="0.031"/>
  <testcase name="testAbaNumberCheck_6725_good" classname="com.cardatechnologies.utils.validators.abaroutevalidator.Test_AbaRouteValidator_04" time="0.024"/>
  <testcase name="testAbaNumberCheck_5091_good" classname="com.cardatechnologies.utils.validators.abaroutevalidator.Test_AbaRouteValidator_04" time="0.026"/>
  <testcase name="testAbaNumberCheck_6563_good" classname="com.cardatechnologies.utils.validators.abaroutevalidator.Test_AbaRouteValidator_04" time="0.022"/>
  <testcase name="testAbaNumberCheck_5623_good" classname="com.cardatechnologies.utils.validators.abaroutevalidator.Test_AbaRouteValidator_04" time="0.021"/>
  <testcase name="testAbaNumberCheck_7377_good" classname="com.cardatechnologies.utils.validators.abaroutevalidator.Test_AbaRouteValidator_04" time="0.022"/>
  <testcase name="testAbaNumberCheck_6437_good" classname="com.cardatechnologies.utils.validators.abaroutevalidator.Test_AbaRouteValidator_04" time="0.021"/>
  <testcase name="testAbaNumberCheck_6880_bad" classname="com.cardatechnologies.utils.validators.abaroutevalidator.Test_AbaRouteValidator_04" time="0.022"/>
  <testcase name="testAbaNumberCheck_6882_bad" classname="com.cardatechnologies.utils.validators.abaroutevalidator.Test_AbaRouteValidator_04" time="0.021"/>
  <testcase name="testAbaNumberCheck_5461_good" classname="com.cardatechnologies.utils.validators.abaroutevalidator.Test_AbaRouteValidator_04" time="0.022"/>
  <testcase name="testAbaNumberCheck_6884_bad" classname="com.cardatechnologies.utils.validators.abaroutevalidator.Test_AbaRouteValidator_04" time="0.021"/>
  <testcase name="testAbaNumberCheck_6886_bad" classname="com.cardatechnologies.utils.validators.abaroutevalidator.Test_AbaRouteValidator_04" time="0.04"/>
  <testcase name="testAbaNumberCheck_6275_good" classname="com.cardatechnologies.utils.validators.abaroutevalidator.Test_AbaRouteValidator_04" time="0.022"/>
  <testcase name="testAbaNumberCheck_5335_good" classname="com.cardatechnologies.utils.validators.abaroutevalidator.Test_AbaRouteValidator_04" time="0.021"/>
  <testcase name="testAbaNumberCheck_6888_bad" classname="com.cardatechnologies.utils.validators.abaroutevalidator.Test_AbaRouteValidator_04" time="0.021"/>
  <testcase name="testAbaNumberCheck_6933_good" classname="com.cardatechnologies.utils.validators.abaroutevalidator.Test_AbaRouteValidator_04" time="0.022"/>
  <testcase name="testAbaNumberCheck_7089_good" classname="com.cardatechnologies.utils.validators.abaroutevalidator.Test_AbaRouteValidator_04" time="0.021"/>
  <testcase name="testAbaNumberCheck_6149_good" classname="com.cardatechnologies.utils.validators.abaroutevalidator.Test_AbaRouteValidator_04" time="0.022"/>
  <testcase name="testAbaNumberCheck_5209_good" classname="com.cardatechnologies.utils.validators.abaroutevalidator.Test_AbaRouteValidator_04" time="0.022"/>
  <testcase name="testAbaNumberCheck_6807_good" classname="com.cardatechnologies.utils.validators.abaroutevalidator.Test_AbaRouteValidator_04" time="0.022"/>
  <testcase name="testAbaNumberCheck_5173_good" classname="com.cardatechnologies.utils.validators.abaroutevalidator.Test_AbaRouteValidator_04" time="0.027"/>
  <testcase name="testAbaNumberCheck_6771_good" classname="com.cardatechnologies.utils.validators.abaroutevalidator.Test_AbaRouteValidator_04" time="0.03"/>
  <testcase name="testAbaNumberCheck_5831_good" classname="com.cardatechnologies.utils.validators.abaroutevalidator.Test_AbaRouteValidator_04" time="0.026"/>
  <testcase name="testAbaNumberCheck_5047_good" classname="com.cardatechnologies.utils.validators.abaroutevalidator.Test_AbaRouteValidator_04" time="0.023"/>
  <testcase name="testAbaNumberCheck_6645_good" classname="com.cardatechnologies.utils.validators.abaroutevalidator.Test_AbaRouteValidator_04" time="0.021"/>
  <testcase name="testAbaNumberCheck_5705_good" classname="com.cardatechnologies.utils.validators.abaroutevalidator.Test_AbaRouteValidator_04" time="0.02"/>
  <testcase name="testAbaNumberCheck_7459_good" classname="com.cardatechnologies.utils.validators.abaroutevalidator.Test_AbaRouteValidator_04" time="0.021"/>
  <testcase name="testAbaNumberCheck_6519_good" classname="com.cardatechnologies.utils.validators.abaroutevalidator.Test_AbaRouteValidator_04" time="0.02"/>
  <testcase name="testAbaNumberCheck_6483_good" classname="com.cardatechnologies.utils.validators.abaroutevalidator.Test_AbaRouteValidator_04" time="0.021"/>
  <testcase name="testAbaNumberCheck_5543_good" classname="com.cardatechnologies.utils.validators.abaroutevalidator.Test_AbaRouteValidator_04" time="0.021"/>
  <testcase name="testAbaNumberCheck_6890_bad" classname="com.cardatechnologies.utils.validators.abaroutevalidator.Test_AbaRouteValidator_04" time="0.021"/>
  <testcase name="testAbaNumberCheck_6892_bad" classname="com.cardatechnologies.utils.validators.abaroutevalidator.Test_AbaRouteValidator_04" time="0.021"/>
  <testcase name="testAbaNumberCheck_7297_good" classname="com.cardatechnologies.utils.validators.abaroutevalidator.Test_AbaRouteValidator_04" time="0.02"/>
  <testcase name="testAbaNumberCheck_6357_good" classname="com.cardatechnologies.utils.validators.abaroutevalidator.Test_AbaRouteValidator_04" time="0.021"/>
  <testcase name="testAbaNumberCheck_5417_good" classname="com.cardatechnologies.utils.validators.abaroutevalidator.Test_AbaRouteValidator_04" time="0.036"/>
  <testcase name="testAbaNumberCheck_6894_bad" classname="com.cardatechnologies.utils.validators.abaroutevalidator.Test_AbaRouteValidator_04" time="0.023"/>
  <testcase name="testAbaNumberCheck_6896_bad" classname="com.cardatechnologies.utils.validators.abaroutevalidator.Test_AbaRouteValidator_04" time="0.021"/>
  <testcase name="testAbaNumberCheck_5381_good" classname="com.cardatechnologies.utils.validators.abaroutevalidator.Test_AbaRouteValidator_04" time="0.021"/>
  <testcase name="testAbaNumberCheck_6898_bad" classname="com.cardatechnologies.utils.validators.abaroutevalidator.Test_AbaRouteValidator_04" time="0.021"/>
  <testcase name="testAbaNumberCheck_6195_good" classname="com.cardatechnologies.utils.validators.abaroutevalidator.Test_AbaRouteValidator_04" time="0.02"/>
  <testcase name="testAbaNumberCheck_5255_good" classname="com.cardatechnologies.utils.validators.abaroutevalidator.Test_AbaRouteValidator_04" time="0.021"/>
  <testcase name="testAbaNumberCheck_6853_good" classname="com.cardatechnologies.utils.validators.abaroutevalidator.Test_AbaRouteValidator_04" time="0.02"/>
  <testcase name="testAbaNumberCheck_5913_good" classname="com.cardatechnologies.utils.validators.abaroutevalidator.Test_AbaRouteValidator_04" time="0.023"/>
  <testcase name="testAbaNumberCheck_6069_good" classname="com.cardatechnologies.utils.validators.abaroutevalidator.Test_AbaRouteValidator_04" time="0.02"/>
  <testcase name="testAbaNumberCheck_5129_good" classname="com.cardatechnologies.utils.validators.abaroutevalidator.Test_AbaRouteValidator_04" time="0.021"/>
  <testcase name="testAbaNumberCheck_6727_good" classname="com.cardatechnologies.utils.validators.abaroutevalidator.Test_AbaRouteValidator_04" time="0.021"/>
  <testcase name="testAbaNumberCheck_5093_good" classname="com.cardatechnologies.utils.validators.abaroutevalidator.Test_AbaRouteValidator_04" time="0.02"/>
  <testcase name="testAbaNumberCheck_6691_good" classname="com.cardatechnologies.utils.validators.abaroutevalidator.Test_AbaRouteValidator_04" time="0.02"/>
  <testcase name="testAbaNumberCheck_5751_good" classname="com.cardatechnologies.utils.validators.abaroutevalidator.Test_AbaRouteValidator_04" time="0.021"/>
  <testcase name="testAbaNumberCheck_6565_good" classname="com.cardatechnologies.utils.validators.abaroutevalidator.Test_AbaRouteValidator_04" time="0.021"/>
  <testcase name="testAbaNumberCheck_5625_good" classname="com.cardatechnologies.utils.validators.abaroutevalidator.Test_AbaRouteValidator_04" time="0.023"/>
  <testcase name="testAbaNumberCheck_7379_good" classname="com.cardatechnologies.utils.validators.abaroutevalidator.Test_AbaRouteValidator_04" time="0.024"/>
  <testcase name="testAbaNumberCheck_6439_good" classname="com.cardatechnologies.utils.validators.abaroutevalidator.Test_AbaRouteValidator_04" time="0.024"/>
  <testcase name="testAbaNumberCheck_5463_good" classname="com.cardatechnologies.utils.validators.abaroutevalidator.Test_AbaRouteValidator_04" time="0.024"/>
  <testcase name="testAbaNumberCheck_6277_good" classname="com.cardatechnologies.utils.validators.abaroutevalidator.Test_AbaRouteValidator_04" time="0.024"/>
  <testcase name="testAbaNumberCheck_5337_good" classname="com.cardatechnologies.utils.validators.abaroutevalidator.Test_AbaRouteValidator_04" time="0.03"/>
  <testcase name="testAbaNumberCheck_6935_good" classname="com.cardatechnologies.utils.validators.abaroutevalidator.Test_AbaRouteValidator_04" time="0.03"/>
  <testcase name="testAbaNumberCheck_6809_good" classname="com.cardatechnologies.utils.validators.abaroutevalidator.Test_AbaRouteValidator_04" time="0.047"/>
  <testcase name="testAbaNumberCheck_5175_good" classname="com.cardatechnologies.utils.validators.abaroutevalidator.Test_AbaRouteValidator_04" time="0.024"/>
  <testcase name="testAbaNumberCheck_6773_good" classname="com.cardatechnologies.utils.validators.abaroutevalidator.Test_AbaRouteValidator_04" time="0.025"/>
  <testcase name="testAbaNumberCheck_5833_good" classname="com.cardatechnologies.utils.validators.abaroutevalidator.Test_AbaRouteValidator_04" time="0.025"/>
  <testcase name="testAbaNumberCheck_5049_good" classname="com.cardatechnologies.utils.validators.abaroutevalidator.Test_AbaRouteValidator_04" time="0.024"/>
  <testcase name="testAbaNumberCheck_6647_good" classname="com.cardatechnologies.utils.validators.abaroutevalidator.Test_AbaRouteValidator_04" time="0.023"/>
  <testcase name="testAbaNumberCheck_5707_good" classname="com.cardatechnologies.utils.validators.abaroutevalidator.Test_AbaRouteValidator_04" time="0.024"/>
  <testcase name="testAbaNumberCheck_5671_good" classname="com.cardatechnologies.utils.validators.abaroutevalidator.Test_AbaRouteValidator_04" time="0.023"/>
  <testcase name="testAbaNumberCheck_6485_good" classname="com.cardatechnologies.utils.validators.abaroutevalidator.Test_AbaRouteValidator_04" time="0.024"/>
  <testcase name="testAbaNumberCheck_5545_good" classname="com.cardatechnologies.utils.validators.abaroutevalidator.Test_AbaRouteValidator_04" time="0.026"/>
  <testcase name="testAbaNumberCheck_7299_good" classname="com.cardatechnologies.utils.validators.abaroutevalidator.Test_AbaRouteValidator_04" time="0.026"/>
  <testcase name="testAbaNumberCheck_6359_good" classname="com.cardatechnologies.utils.validators.abaroutevalidator.Test_AbaRouteValidator_04" time="0.025"/>
  <testcase name="testAbaNumberCheck_5419_good" classname="com.cardatechnologies.utils.validators.abaroutevalidator.Test_AbaRouteValidator_04" time="0.028"/>
  <testcase name="testAbaNumberCheck_5383_good" classname="com.cardatechnologies.utils.validators.abaroutevalidator.Test_AbaRouteValidator_04" time="0.025"/>
  <testcase name="testAbaNumberCheck_6981_good" classname="com.cardatechnologies.utils.validators.abaroutevalidator.Test_AbaRouteValidator_04" time="0.025"/>
  <testcase name="testAbaNumberCheck_6197_good" classname="com.cardatechnologies.utils.validators.abaroutevalidator.Test_AbaRouteValidator_04" time="0.025"/>
  <testcase name="testAbaNumberCheck_5257_good" classname="com.cardatechnologies.utils.validators.abaroutevalidator.Test_AbaRouteValidator_04" time="0.026"/>
  <testcase name="testAbaNumberCheck_6855_good" classname="com.cardatechnologies.utils.validators.abaroutevalidator.Test_AbaRouteValidator_04" time="0.023"/>
  <testcase name="testAbaNumberCheck_5915_good" classname="com.cardatechnologies.utils.validators.abaroutevalidator.Test_AbaRouteValidator_04" time="0.021"/>
  <testcase name="testAbaNumberCheck_6729_good" classname="com.cardatechnologies.utils.validators.abaroutevalidator.Test_AbaRouteValidator_04" time="0.021"/>
  <testcase name="testAbaNumberCheck_5095_good" classname="com.cardatechnologies.utils.validators.abaroutevalidator.Test_AbaRouteValidator_04" time="0.02"/>
  <testcase name="testAbaNumberCheck_6693_good" classname="com.cardatechnologies.utils.validators.abaroutevalidator.Test_AbaRouteValidator_04" time="0.03"/>
  <testcase name="testAbaNumberCheck_5753_good" classname="com.cardatechnologies.utils.validators.abaroutevalidator.Test_AbaRouteValidator_04" time="0.028"/>
  <testcase name="testAbaNumberCheck_6567_good" classname="com.cardatechnologies.utils.validators.abaroutevalidator.Test_AbaRouteValidator_04" time="0.021"/>
  <testcase name="testAbaNumberCheck_5627_good" classname="com.cardatechnologies.utils.validators.abaroutevalidator.Test_AbaRouteValidator_04" time="0.021"/>
  <testcase name="testAbaNumberCheck_5591_good" classname="com.cardatechnologies.utils.validators.abaroutevalidator.Test_AbaRouteValidator_04" time="0.02"/>
  <testcase name="testAbaNumberCheck_5465_good" classname="com.cardatechnologies.utils.validators.abaroutevalidator.Test_AbaRouteValidator_04" time="0.02"/>
  <testcase name="testAbaNumberCheck_6279_good" classname="com.cardatechnologies.utils.validators.abaroutevalidator.Test_AbaRouteValidator_04" time="0.021"/>
  <testcase name="testAbaNumberCheck_5339_good" classname="com.cardatechnologies.utils.validators.abaroutevalidator.Test_AbaRouteValidator_04" time="0.021"/>
  <testcase name="testAbaNumberCheck_6937_good" classname="com.cardatechnologies.utils.validators.abaroutevalidator.Test_AbaRouteValidator_04" time="0.02"/>
  <testcase name="testAbaNumberCheck_5961_good" classname="com.cardatechnologies.utils.validators.abaroutevalidator.Test_AbaRouteValidator_04" time="0.021"/>
  <testcase name="testAbaNumberCheck_5177_good" classname="com.cardatechnologies.utils.validators.abaroutevalidator.Test_AbaRouteValidator_04" time="0.022"/>
  <testcase name="testAbaNumberCheck_6775_good" classname="com.cardatechnologies.utils.validators.abaroutevalidator.Test_AbaRouteValidator_04" time="0.02"/>
  <testcase name="testAbaNumberCheck_5835_good" classname="com.cardatechnologies.utils.validators.abaroutevalidator.Test_AbaRouteValidator_04" time="0.021"/>
  <testcase name="testAbaNumberCheck_6649_good" classname="com.cardatechnologies.utils.validators.abaroutevalidator.Test_AbaRouteValidator_04" time="0.021"/>
  <testcase name="testAbaNumberCheck_5709_good" classname="com.cardatechnologies.utils.validators.abaroutevalidator.Test_AbaRouteValidator_04" time="0.02"/>
  <testcase name="testAbaNumberCheck_5673_good" classname="com.cardatechnologies.utils.validators.abaroutevalidator.Test_AbaRouteValidator_04" time="0.021"/>
  <testcase name="testAbaNumberCheck_6487_good" classname="com.cardatechnologies.utils.validators.abaroutevalidator.Test_AbaRouteValidator_04" time="0.021"/>
  <testcase name="testAbaNumberCheck_5547_good" classname="com.cardatechnologies.utils.validators.abaroutevalidator.Test_AbaRouteValidator_04" time="0.02"/>
  <testcase name="testAbaNumberCheck_5385_good" classname="com.cardatechnologies.utils.validators.abaroutevalidator.Test_AbaRouteValidator_04" time="0.021"/>
  <testcase name="testAbaNumberCheck_6983_good" classname="com.cardatechnologies.utils.validators.abaroutevalidator.Test_AbaRouteValidator_04" time="0.02"/>
  <testcase name="testAbaNumberCheck_6199_good" classname="com.cardatechnologies.utils.validators.abaroutevalidator.Test_AbaRouteValidator_04" time="0.024"/>
  <testcase name="testAbaNumberCheck_5259_good" classname="com.cardatechnologies.utils.validators.abaroutevalidator.Test_AbaRouteValidator_04" time="0.027"/>
  <testcase name="testAbaNumberCheck_6857_good" classname="com.cardatechnologies.utils.validators.abaroutevalidator.Test_AbaRouteValidator_04" time="0.026"/>
  <testcase name="testAbaNumberCheck_5917_good" classname="com.cardatechnologies.utils.validators.abaroutevalidator.Test_AbaRouteValidator_04" time="0.024"/>
  <testcase name="testAbaNumberCheck_5881_good" classname="com.cardatechnologies.utils.validators.abaroutevalidator.Test_AbaRouteValidator_04" time="0.04"/>
  <testcase name="testAbaNumberCheck_5097_good" classname="com.cardatechnologies.utils.validators.abaroutevalidator.Test_AbaRouteValidator_04" time="0.025"/>
  <testcase name="testAbaNumberCheck_6695_good" classname="com.cardatechnologies.utils.validators.abaroutevalidator.Test_AbaRouteValidator_04" time="0.026"/>
  <testcase name="testAbaNumberCheck_5755_good" classname="com.cardatechnologies.utils.validators.abaroutevalidator.Test_AbaRouteValidator_04" time="0.024"/>
  <testcase name="testAbaNumberCheck_6569_good" classname="com.cardatechnologies.utils.validators.abaroutevalidator.Test_AbaRouteValidator_04" time="0.025"/>
  <testcase name="testAbaNumberCheck_5629_good" classname="com.cardatechnologies.utils.validators.abaroutevalidator.Test_AbaRouteValidator_04" time="0.035"/>
  <testcase name="testAbaNumberCheck_5593_good" classname="com.cardatechnologies.utils.validators.abaroutevalidator.Test_AbaRouteValidator_04" time="0.022"/>
  <testcase name="testAbaNumberCheck_5467_good" classname="com.cardatechnologies.utils.validators.abaroutevalidator.Test_AbaRouteValidator_04" time="0.021"/>
  <testcase name="testAbaNumberCheck_6939_good" classname="com.cardatechnologies.utils.validators.abaroutevalidator.Test_AbaRouteValidator_04" time="0.021"/>
  <testcase name="testAbaNumberCheck_5963_good" classname="com.cardatechnologies.utils.validators.abaroutevalidator.Test_AbaRouteValidator_04" time="0.021"/>
  <testcase name="testAbaNumberCheck_5179_good" classname="com.cardatechnologies.utils.validators.abaroutevalidator.Test_AbaRouteValidator_04" time="0.022"/>
  <testcase name="testAbaNumberCheck_6777_good" classname="com.cardatechnologies.utils.validators.abaroutevalidator.Test_AbaRouteValidator_04" time="0.021"/>
  <testcase name="testAbaNumberCheck_5837_good" classname="com.cardatechnologies.utils.validators.abaroutevalidator.Test_AbaRouteValidator_04" time="0.02"/>
  <testcase name="testAbaNumberCheck_5675_good" classname="com.cardatechnologies.utils.validators.abaroutevalidator.Test_AbaRouteValidator_04" time="0.022"/>
  <testcase name="testAbaNumberCheck_6489_good" classname="com.cardatechnologies.utils.validators.abaroutevalidator.Test_AbaRouteValidator_04" time="0.024"/>
  <testcase name="testAbaNumberCheck_5549_good" classname="com.cardatechnologies.utils.validators.abaroutevalidator.Test_AbaRouteValidator_04" time="0.027"/>
  <testcase name="testAbaNumberCheck_5387_good" classname="com.cardatechnologies.utils.validators.abaroutevalidator.Test_AbaRouteValidator_04" time="0.027"/>
  <testcase name="testAbaNumberCheck_6985_good" classname="com.cardatechnologies.utils.validators.abaroutevalidator.Test_AbaRouteValidator_04" time="0.027"/>
  <testcase name="testAbaNumberCheck_6859_good" classname="com.cardatechnologies.utils.validators.abaroutevalidator.Test_AbaRouteValidator_04" time="0.027"/>
  <testcase name="testAbaNumberCheck_5919_good" classname="com.cardatechnologies.utils.validators.abaroutevalidator.Test_AbaRouteValidator_04" time="0.027"/>
  <testcase name="testAbaNumberCheck_5883_good" classname="com.cardatechnologies.utils.validators.abaroutevalidator.Test_AbaRouteValidator_04" time="0.029"/>
  <testcase name="testAbaNumberCheck_5099_good" classname="com.cardatechnologies.utils.validators.abaroutevalidator.Test_AbaRouteValidator_04" time="0.042"/>
  <testcase name="testAbaNumberCheck_6697_good" classname="com.cardatechnologies.utils.validators.abaroutevalidator.Test_AbaRouteValidator_04" time="0.027"/>
  <testcase name="testAbaNumberCheck_5757_good" classname="com.cardatechnologies.utils.validators.abaroutevalidator.Test_AbaRouteValidator_04" time="0.022"/>
  <testcase name="testAbaNumberCheck_5595_good" classname="com.cardatechnologies.utils.validators.abaroutevalidator.Test_AbaRouteValidator_04" time="0.028"/>
  <testcase name="testAbaNumberCheck_5469_good" classname="com.cardatechnologies.utils.validators.abaroutevalidator.Test_AbaRouteValidator_04" time="0.021"/>
  <testcase name="testAbaNumberCheck_5965_good" classname="com.cardatechnologies.utils.validators.abaroutevalidator.Test_AbaRouteValidator_04" time="0.021"/>
  <testcase name="testAbaNumberCheck_6779_good" classname="com.cardatechnologies.utils.validators.abaroutevalidator.Test_AbaRouteValidator_04" time="0.021"/>
  <testcase name="testAbaNumberCheck_5839_good" classname="com.cardatechnologies.utils.validators.abaroutevalidator.Test_AbaRouteValidator_04" time="0.02"/>
  <testcase name="testAbaNumberCheck_5677_good" classname="com.cardatechnologies.utils.validators.abaroutevalidator.Test_AbaRouteValidator_04" time="0.021"/>
  <testcase name="testAbaNumberCheck_5389_good" classname="com.cardatechnologies.utils.validators.abaroutevalidator.Test_AbaRouteValidator_04" time="0.02"/>
  <testcase name="testAbaNumberCheck_6987_good" classname="com.cardatechnologies.utils.validators.abaroutevalidator.Test_AbaRouteValidator_04" time="0.021"/>
  <testcase name="testAbaNumberCheck_5885_good" classname="com.cardatechnologies.utils.validators.abaroutevalidator.Test_AbaRouteValidator_04" time="0.021"/>
  <testcase name="testAbaNumberCheck_6699_good" classname="com.cardatechnologies.utils.validators.abaroutevalidator.Test_AbaRouteValidator_04" time="0.02"/>
  <testcase name="testAbaNumberCheck_5759_good" classname="com.cardatechnologies.utils.validators.abaroutevalidator.Test_AbaRouteValidator_04" time="0.021"/>
  <testcase name="testAbaNumberCheck_5597_good" classname="com.cardatechnologies.utils.validators.abaroutevalidator.Test_AbaRouteValidator_04" time="0.021"/>
  <testcase name="testAbaNumberCheck_5967_good" classname="com.cardatechnologies.utils.validators.abaroutevalidator.Test_AbaRouteValidator_04" time="0.02"/>
  <testcase name="testAbaNumberCheck_5679_good" classname="com.cardatechnologies.utils.validators.abaroutevalidator.Test_AbaRouteValidator_04" time="0.021"/>
  <testcase name="testAbaNumberCheck_6989_good" classname="com.cardatechnologies.utils.validators.abaroutevalidator.Test_AbaRouteValidator_04" time="0.02"/>
  <testcase name="testAbaNumberCheck_5887_good" classname="com.cardatechnologies.utils.validators.abaroutevalidator.Test_AbaRouteValidator_04" time="0.022"/>
  <testcase name="testAbaNumberCheck_5599_good" classname="com.cardatechnologies.utils.validators.abaroutevalidator.Test_AbaRouteValidator_04" time="0.02"/>
  <testcase name="testAbaNumberCheck_5969_good" classname="com.cardatechnologies.utils.validators.abaroutevalidator.Test_AbaRouteValidator_04" time="0.021"/>
  <testcase name="testAbaNumberCheck_5889_good" classname="com.cardatechnologies.utils.validators.abaroutevalidator.Test_AbaRouteValidator_04" time="0.02"/>
  <testcase name="testAbaNumberCheck_5100_bad" classname="com.cardatechnologies.utils.validators.abaroutevalidator.Test_AbaRouteValidator_04" time="0.021"/>
  <testcase name="testAbaNumberCheck_5102_bad" classname="com.cardatechnologies.utils.validators.abaroutevalidator.Test_AbaRouteValidator_04" time="0.02"/>
  <testcase name="testAbaNumberCheck_5104_bad" classname="com.cardatechnologies.utils.validators.abaroutevalidator.Test_AbaRouteValidator_04" time="0.037"/>
  <testcase name="testAbaNumberCheck_5106_bad" classname="com.cardatechnologies.utils.validators.abaroutevalidator.Test_AbaRouteValidator_04" time="0.02"/>
  <testcase name="testAbaNumberCheck_5108_bad" classname="com.cardatechnologies.utils.validators.abaroutevalidator.Test_AbaRouteValidator_04" time="0.022"/>
  <testcase name="testAbaNumberCheck_5110_bad" classname="com.cardatechnologies.utils.validators.abaroutevalidator.Test_AbaRouteValidator_04" time="0.021"/>
  <testcase name="testAbaNumberCheck_5112_bad" classname="com.cardatechnologies.utils.validators.abaroutevalidator.Test_AbaRouteValidator_04" time="0.022"/>
  <testcase name="testAbaNumberCheck_5114_bad" classname="com.cardatechnologies.utils.validators.abaroutevalidator.Test_AbaRouteValidator_04" time="0.02"/>
  <testcase name="testAbaNumberCheck_5116_bad" classname="com.cardatechnologies.utils.validators.abaroutevalidator.Test_AbaRouteValidator_04" time="0.021"/>
  <testcase name="testAbaNumberCheck_5118_bad" classname="com.cardatechnologies.utils.validators.abaroutevalidator.Test_AbaRouteValidator_04" time="0.021"/>
  <testcase name="testAbaNumberCheck_7201_good" classname="com.cardatechnologies.utils.validators.abaroutevalidator.Test_AbaRouteValidator_04" time="0.02"/>
  <testcase name="testAbaNumberCheck_5120_bad" classname="com.cardatechnologies.utils.validators.abaroutevalidator.Test_AbaRouteValidator_04" time="0.022"/>
  <testcase name="testAbaNumberCheck_5122_bad" classname="com.cardatechnologies.utils.validators.abaroutevalidator.Test_AbaRouteValidator_04" time="0.025"/>
  <testcase name="testAbaNumberCheck_5124_bad" classname="com.cardatechnologies.utils.validators.abaroutevalidator.Test_AbaRouteValidator_04" time="0.026"/>
  <testcase name="testAbaNumberCheck_5126_bad" classname="com.cardatechnologies.utils.validators.abaroutevalidator.Test_AbaRouteValidator_04" time="0.025"/>
  <testcase name="testAbaNumberCheck_5128_bad" classname="com.cardatechnologies.utils.validators.abaroutevalidator.Test_AbaRouteValidator_04" time="0.027"/>
  <testcase name="testAbaNumberCheck_7200_bad" classname="com.cardatechnologies.utils.validators.abaroutevalidator.Test_AbaRouteValidator_04" time="0.022"/>
  <testcase name="testAbaNumberCheck_7202_bad" classname="com.cardatechnologies.utils.validators.abaroutevalidator.Test_AbaRouteValidator_04" time="0.022"/>
  <testcase name="testAbaNumberCheck_7204_bad" classname="com.cardatechnologies.utils.validators.abaroutevalidator.Test_AbaRouteValidator_04" time="0.02"/>
  <testcase name="testAbaNumberCheck_7206_bad" classname="com.cardatechnologies.utils.validators.abaroutevalidator.Test_AbaRouteValidator_04" time="0.024"/>
  <testcase name="testAbaNumberCheck_7208_bad" classname="com.cardatechnologies.utils.validators.abaroutevalidator.Test_AbaRouteValidator_04" time="0.027"/>
  <testcase name="testAbaNumberCheck_5130_bad" classname="com.cardatechnologies.utils.validators.abaroutevalidator.Test_AbaRouteValidator_04" time="0.024"/>
  <testcase name="testAbaNumberCheck_5132_bad" classname="com.cardatechnologies.utils.validators.abaroutevalidator.Test_AbaRouteValidator_04" time="0.027"/>
  <testcase name="testAbaNumberCheck_7121_good" classname="com.cardatechnologies.utils.validators.abaroutevalidator.Test_AbaRouteValidator_04" time="0.026"/>
  <testcase name="testAbaNumberCheck_5134_bad" classname="com.cardatechnologies.utils.validators.abaroutevalidator.Test_AbaRouteValidator_04" time="0.043"/>
  <testcase name="testAbaNumberCheck_5136_bad" classname="com.cardatechnologies.utils.validators.abaroutevalidator.Test_AbaRouteValidator_04" time="0.027"/>
  <testcase name="testAbaNumberCheck_5138_bad" classname="com.cardatechnologies.utils.validators.abaroutevalidator.Test_AbaRouteValidator_04" time="0.026"/>
  <testcase name="testAbaNumberCheck_7210_bad" classname="com.cardatechnologies.utils.validators.abaroutevalidator.Test_AbaRouteValidator_04" time="0.027"/>
  <testcase name="testAbaNumberCheck_7212_bad" classname="com.cardatechnologies.utils.validators.abaroutevalidator.Test_AbaRouteValidator_04" time="0.028"/>
  <testcase name="testAbaNumberCheck_6400_bad" classname="com.cardatechnologies.utils.validators.abaroutevalidator.Test_AbaRouteValidator_04" time="0.022"/>
  <testcase name="testAbaNumberCheck_7214_bad" classname="com.cardatechnologies.utils.validators.abaroutevalidator.Test_AbaRouteValidator_04" time="0.021"/>
  <testcase name="testAbaNumberCheck_6402_bad" classname="com.cardatechnologies.utils.validators.abaroutevalidator.Test_AbaRouteValidator_04" time="0.024"/>
  <testcase name="testAbaNumberCheck_7216_bad" classname="com.cardatechnologies.utils.validators.abaroutevalidator.Test_AbaRouteValidator_04" time="0.022"/>
  <testcase name="testAbaNumberCheck_7203_good" classname="com.cardatechnologies.utils.validators.abaroutevalidator.Test_AbaRouteValidator_04" time="0.021"/>
  <testcase name="testAbaNumberCheck_6404_bad" classname="com.cardatechnologies.utils.validators.abaroutevalidator.Test_AbaRouteValidator_04" time="0.021"/>
  <testcase name="testAbaNumberCheck_7218_bad" classname="com.cardatechnologies.utils.validators.abaroutevalidator.Test_AbaRouteValidator_04" time="0.02"/>
  <testcase name="testAbaNumberCheck_5140_bad" classname="com.cardatechnologies.utils.validators.abaroutevalidator.Test_AbaRouteValidator_04" time="0.02"/>
  <testcase name="testAbaNumberCheck_6406_bad" classname="com.cardatechnologies.utils.validators.abaroutevalidator.Test_AbaRouteValidator_04" time="0.022"/>
  <testcase name="testAbaNumberCheck_5142_bad" classname="com.cardatechnologies.utils.validators.abaroutevalidator.Test_AbaRouteValidator_04" time="0.02"/>
  <testcase name="testAbaNumberCheck_6408_bad" classname="com.cardatechnologies.utils.validators.abaroutevalidator.Test_AbaRouteValidator_04" time="0.022"/>
  <testcase name="testAbaNumberCheck_5144_bad" classname="com.cardatechnologies.utils.validators.abaroutevalidator.Test_AbaRouteValidator_04" time="0.02"/>
  <testcase name="testAbaNumberCheck_5146_bad" classname="com.cardatechnologies.utils.validators.abaroutevalidator.Test_AbaRouteValidator_04" time="0.02"/>
  <testcase name="testAbaNumberCheck_7041_good" classname="com.cardatechnologies.utils.validators.abaroutevalidator.Test_AbaRouteValidator_04" time="0.021"/>
  <testcase name="testAbaNumberCheck_6101_good" classname="com.cardatechnologies.utils.validators.abaroutevalidator.Test_AbaRouteValidator_04" time="0.021"/>
  <testcase name="testAbaNumberCheck_5148_bad" classname="com.cardatechnologies.utils.validators.abaroutevalidator.Test_AbaRouteValidator_04" time="0.024"/>
  <testcase name="testAbaNumberCheck_7411_good" classname="com.cardatechnologies.utils.validators.abaroutevalidator.Test_AbaRouteValidator_04" time="0.025"/>
  <testcase name="testAbaNumberCheck_7220_bad" classname="com.cardatechnologies.utils.validators.abaroutevalidator.Test_AbaRouteValidator_04" time="0.028"/>
  <testcase name="testAbaNumberCheck_7222_bad" classname="com.cardatechnologies.utils.validators.abaroutevalidator.Test_AbaRouteValidator_04" time="0.031"/>
  <testcase name="testAbaNumberCheck_6410_bad" classname="com.cardatechnologies.utils.validators.abaroutevalidator.Test_AbaRouteValidator_04" time="0.021"/>
  <testcase name="testAbaNumberCheck_7224_bad" classname="com.cardatechnologies.utils.validators.abaroutevalidator.Test_AbaRouteValidator_04" time="0.021"/>
  <testcase name="testAbaNumberCheck_6412_bad" classname="com.cardatechnologies.utils.validators.abaroutevalidator.Test_AbaRouteValidator_04" time="0.021"/>
  <testcase name="testAbaNumberCheck_7226_bad" classname="com.cardatechnologies.utils.validators.abaroutevalidator.Test_AbaRouteValidator_04" time="0.021"/>
  <testcase name="testAbaNumberCheck_5600_bad" classname="com.cardatechnologies.utils.validators.abaroutevalidator.Test_AbaRouteValidator_04" time="0.023"/>
  <testcase name="testAbaNumberCheck_6414_bad" classname="com.cardatechnologies.utils.validators.abaroutevalidator.Test_AbaRouteValidator_04" time="0.021"/>
  <testcase name="testAbaNumberCheck_7228_bad" classname="com.cardatechnologies.utils.validators.abaroutevalidator.Test_AbaRouteValidator_04" time="0.021"/>
  <testcase name="testAbaNumberCheck_5150_bad" classname="com.cardatechnologies.utils.validators.abaroutevalidator.Test_AbaRouteValidator_04" time="0.022"/>
  <testcase name="testAbaNumberCheck_5602_bad" classname="com.cardatechnologies.utils.validators.abaroutevalidator.Test_AbaRouteValidator_04" time="0.023"/>
  <testcase name="testAbaNumberCheck_6416_bad" classname="com.cardatechnologies.utils.validators.abaroutevalidator.Test_AbaRouteValidator_04" time="0.021"/>
  <testcase name="testAbaNumberCheck_5152_bad" classname="com.cardatechnologies.utils.validators.abaroutevalidator.Test_AbaRouteValidator_04" time="0.02"/>
  <testcase name="testAbaNumberCheck_7123_good" classname="com.cardatechnologies.utils.validators.abaroutevalidator.Test_AbaRouteValidator_04" time="0.02"/>
  <testcase name="testAbaNumberCheck_5604_bad" classname="com.cardatechnologies.utils.validators.abaroutevalidator.Test_AbaRouteValidator_04" time="0.022"/>
  <testcase name="testAbaNumberCheck_6418_bad" classname="com.cardatechnologies.utils.validators.abaroutevalidator.Test_AbaRouteValidator_04" time="0.021"/>
  <testcase name="testAbaNumberCheck_5154_bad" classname="com.cardatechnologies.utils.validators.abaroutevalidator.Test_AbaRouteValidator_04" time="0.02"/>
  <testcase name="testAbaNumberCheck_5606_bad" classname="com.cardatechnologies.utils.validators.abaroutevalidator.Test_AbaRouteValidator_04" time="0.02"/>
  <testcase name="testAbaNumberCheck_5156_bad" classname="com.cardatechnologies.utils.validators.abaroutevalidator.Test_AbaRouteValidator_04" time="0.021"/>
  <testcase name="testAbaNumberCheck_5608_bad" classname="com.cardatechnologies.utils.validators.abaroutevalidator.Test_AbaRouteValidator_04" time="0.021"/>
  <testcase name="testAbaNumberCheck_5158_bad" classname="com.cardatechnologies.utils.validators.abaroutevalidator.Test_AbaRouteValidator_04" time="0.021"/>
  <testcase name="testAbaNumberCheck_6021_good" classname="com.cardatechnologies.utils.validators.abaroutevalidator.Test_AbaRouteValidator_04" time="0.021"/>
  <testcase name="testAbaNumberCheck_7230_bad" classname="com.cardatechnologies.utils.validators.abaroutevalidator.Test_AbaRouteValidator_04" time="0.022"/>
  <testcase name="testAbaNumberCheck_7232_bad" classname="com.cardatechnologies.utils.validators.abaroutevalidator.Test_AbaRouteValidator_04" time="0.021"/>
  <testcase name="testAbaNumberCheck_7331_good" classname="com.cardatechnologies.utils.validators.abaroutevalidator.Test_AbaRouteValidator_04" time="0.021"/>
  <testcase name="testAbaNumberCheck_6420_bad" classname="com.cardatechnologies.utils.validators.abaroutevalidator.Test_AbaRouteValidator_04" time="0.037"/>
  <testcase name="testAbaNumberCheck_7234_bad" classname="com.cardatechnologies.utils.validators.abaroutevalidator.Test_AbaRouteValidator_04" time="0.021"/>
  <testcase name="testAbaNumberCheck_6422_bad" classname="com.cardatechnologies.utils.validators.abaroutevalidator.Test_AbaRouteValidator_04" time="0.02"/>
  <testcase name="testAbaNumberCheck_7236_bad" classname="com.cardatechnologies.utils.validators.abaroutevalidator.Test_AbaRouteValidator_04" time="0.021"/>
  <testcase name="testAbaNumberCheck_7205_good" classname="com.cardatechnologies.utils.validators.abaroutevalidator.Test_AbaRouteValidator_04" time="0.024"/>
  <testcase name="testAbaNumberCheck_5610_bad" classname="com.cardatechnologies.utils.validators.abaroutevalidator.Test_AbaRouteValidator_04" time="0.026"/>
  <testcase name="testAbaNumberCheck_6424_bad" classname="com.cardatechnologies.utils.validators.abaroutevalidator.Test_AbaRouteValidator_04" time="0.025"/>
  <testcase name="testAbaNumberCheck_7238_bad" classname="com.cardatechnologies.utils.validators.abaroutevalidator.Test_AbaRouteValidator_04" time="0.026"/>
  <testcase name="testAbaNumberCheck_5160_bad" classname="com.cardatechnologies.utils.validators.abaroutevalidator.Test_AbaRouteValidator_04" time="0.026"/>
  <testcase name="testAbaNumberCheck_5612_bad" classname="com.cardatechnologies.utils.validators.abaroutevalidator.Test_AbaRouteValidator_04" time="0.026"/>
  <testcase name="testAbaNumberCheck_6426_bad" classname="com.cardatechnologies.utils.validators.abaroutevalidator.Test_AbaRouteValidator_04" time="0.023"/>
  <testcase name="testAbaNumberCheck_5162_bad" classname="com.cardatechnologies.utils.validators.abaroutevalidator.Test_AbaRouteValidator_04" time="0.02"/>
  <testcase name="testAbaNumberCheck_5614_bad" classname="com.cardatechnologies.utils.validators.abaroutevalidator.Test_AbaRouteValidator_04" time="0.021"/>
  <testcase name="testAbaNumberCheck_6428_bad" classname="com.cardatechnologies.utils.validators.abaroutevalidator.Test_AbaRouteValidator_04" time="0.021"/>
  <testcase name="testAbaNumberCheck_5164_bad" classname="com.cardatechnologies.utils.validators.abaroutevalidator.Test_AbaRouteValidator_04" time="0.022"/>
  <testcase name="testAbaNumberCheck_5616_bad" classname="com.cardatechnologies.utils.validators.abaroutevalidator.Test_AbaRouteValidator_04" time="0.023"/>
  <testcase name="testAbaNumberCheck_5166_bad" classname="com.cardatechnologies.utils.validators.abaroutevalidator.Test_AbaRouteValidator_04" time="0.021"/>
  <testcase name="testAbaNumberCheck_7043_good" classname="com.cardatechnologies.utils.validators.abaroutevalidator.Test_AbaRouteValidator_04" time="0.021"/>
  <testcase name="testAbaNumberCheck_6103_good" classname="com.cardatechnologies.utils.validators.abaroutevalidator.Test_AbaRouteValidator_04" time="0.021"/>
  <testcase name="testAbaNumberCheck_5618_bad" classname="com.cardatechnologies.utils.validators.abaroutevalidator.Test_AbaRouteValidator_04" time="0.021"/>
  <testcase name="testAbaNumberCheck_5168_bad" classname="com.cardatechnologies.utils.validators.abaroutevalidator.Test_AbaRouteValidator_04" time="0.02"/>
  <testcase name="testAbaNumberCheck_5001_good" classname="com.cardatechnologies.utils.validators.abaroutevalidator.Test_AbaRouteValidator_04" time="0.021"/>
  <testcase name="testAbaNumberCheck_7413_good" classname="com.cardatechnologies.utils.validators.abaroutevalidator.Test_AbaRouteValidator_04" time="0.026"/>
  <testcase name="testAbaNumberCheck_7240_bad" classname="com.cardatechnologies.utils.validators.abaroutevalidator.Test_AbaRouteValidator_04" time="0.035"/>
  <testcase name="testAbaNumberCheck_7242_bad" classname="com.cardatechnologies.utils.validators.abaroutevalidator.Test_AbaRouteValidator_04" time="0.02"/>
  <testcase name="testAbaNumberCheck_6430_bad" classname="com.cardatechnologies.utils.validators.abaroutevalidator.Test_AbaRouteValidator_04" time="0.021"/>
  <testcase name="testAbaNumberCheck_7244_bad" classname="com.cardatechnologies.utils.validators.abaroutevalidator.Test_AbaRouteValidator_04" time="0.02"/>
  <testcase name="testAbaNumberCheck_6432_bad" classname="com.cardatechnologies.utils.validators.abaroutevalidator.Test_AbaRouteValidator_04" time="0.021"/>
  <testcase name="testAbaNumberCheck_7246_bad" classname="com.cardatechnologies.utils.validators.abaroutevalidator.Test_AbaRouteValidator_04" time="0.02"/>
  <testcase name="testAbaNumberCheck_7251_good" classname="com.cardatechnologies.utils.validators.abaroutevalidator.Test_AbaRouteValidator_04" time="0.021"/>
  <testcase name="testAbaNumberCheck_6311_good" classname="com.cardatechnologies.utils.validators.abaroutevalidator.Test_AbaRouteValidator_04" time="0.033"/>
  <testcase name="testAbaNumberCheck_5620_bad" classname="com.cardatechnologies.utils.validators.abaroutevalidator.Test_AbaRouteValidator_04" time="0.026"/>
  <testcase name="testAbaNumberCheck_6434_bad" classname="com.cardatechnologies.utils.validators.abaroutevalidator.Test_AbaRouteValidator_04" time="0.025"/>
  <testcase name="testAbaNumberCheck_7248_bad" classname="com.cardatechnologies.utils.validators.abaroutevalidator.Test_AbaRouteValidator_04" time="0.025"/>
  <testcase name="testAbaNumberCheck_5170_bad" classname="com.cardatechnologies.utils.validators.abaroutevalidator.Test_AbaRouteValidator_04" time="0.024"/>
  <testcase name="testAbaNumberCheck_5622_bad" classname="com.cardatechnologies.utils.validators.abaroutevalidator.Test_AbaRouteValidator_04" time="0.024"/>
  <testcase name="testAbaNumberCheck_6436_bad" classname="com.cardatechnologies.utils.validators.abaroutevalidator.Test_AbaRouteValidator_04" time="0.025"/>
  <testcase name="testAbaNumberCheck_5172_bad" classname="com.cardatechnologies.utils.validators.abaroutevalidator.Test_AbaRouteValidator_04" time="0.025"/>
  <testcase name="testAbaNumberCheck_7125_good" classname="com.cardatechnologies.utils.validators.abaroutevalidator.Test_AbaRouteValidator_04" time="0.026"/>
  <testcase name="testAbaNumberCheck_5624_bad" classname="com.cardatechnologies.utils.validators.abaroutevalidator.Test_AbaRouteValidator_04" time="0.025"/>
  <testcase name="testAbaNumberCheck_6438_bad" classname="com.cardatechnologies.utils.validators.abaroutevalidator.Test_AbaRouteValidator_04" time="0.022"/>
  <testcase name="testAbaNumberCheck_5174_bad" classname="com.cardatechnologies.utils.validators.abaroutevalidator.Test_AbaRouteValidator_04" time="0.021"/>
  <testcase name="testAbaNumberCheck_5626_bad" classname="com.cardatechnologies.utils.validators.abaroutevalidator.Test_AbaRouteValidator_04" time="0.023"/>
  <testcase name="testAbaNumberCheck_5176_bad" classname="com.cardatechnologies.utils.validators.abaroutevalidator.Test_AbaRouteValidator_04" time="0.026"/>
  <testcase name="testAbaNumberCheck_5628_bad" classname="com.cardatechnologies.utils.validators.abaroutevalidator.Test_AbaRouteValidator_04" time="0.039"/>
  <testcase name="testAbaNumberCheck_5178_bad" classname="com.cardatechnologies.utils.validators.abaroutevalidator.Test_AbaRouteValidator_04" time="0.026"/>
  <testcase name="testAbaNumberCheck_6023_good" classname="com.cardatechnologies.utils.validators.abaroutevalidator.Test_AbaRouteValidator_04" time="0.021"/>
  <testcase name="testAbaNumberCheck_7250_bad" classname="com.cardatechnologies.utils.validators.abaroutevalidator.Test_AbaRouteValidator_04" time="0.021"/>
  <testcase name="testAbaNumberCheck_7252_bad" classname="com.cardatechnologies.utils.validators.abaroutevalidator.Test_AbaRouteValidator_04" time="0.022"/>
  <testcase name="testAbaNumberCheck_7333_good" classname="com.cardatechnologies.utils.validators.abaroutevalidator.Test_AbaRouteValidator_04" time="0.022"/>
  <testcase name="testAbaNumberCheck_6440_bad" classname="com.cardatechnologies.utils.validators.abaroutevalidator.Test_AbaRouteValidator_04" time="0.021"/>
  <testcase name="testAbaNumberCheck_7254_bad" classname="com.cardatechnologies.utils.validators.abaroutevalidator.Test_AbaRouteValidator_04" time="0.022"/>
  <testcase name="testAbaNumberCheck_6442_bad" classname="com.cardatechnologies.utils.validators.abaroutevalidator.Test_AbaRouteValidator_04" time="0.022"/>
  <testcase name="testAbaNumberCheck_7256_bad" classname="com.cardatechnologies.utils.validators.abaroutevalidator.Test_AbaRouteValidator_04" time="0.022"/>
  <testcase name="testAbaNumberCheck_7207_good" classname="com.cardatechnologies.utils.validators.abaroutevalidator.Test_AbaRouteValidator_04" time="0.022"/>
  <testcase name="testAbaNumberCheck_5630_bad" classname="com.cardatechnologies.utils.validators.abaroutevalidator.Test_AbaRouteValidator_04" time="0.022"/>
  <testcase name="testAbaNumberCheck_6444_bad" classname="com.cardatechnologies.utils.validators.abaroutevalidator.Test_AbaRouteValidator_04" time="0.022"/>
  <testcase name="testAbaNumberCheck_7258_bad" classname="com.cardatechnologies.utils.validators.abaroutevalidator.Test_AbaRouteValidator_04" time="0.021"/>
  <testcase name="testAbaNumberCheck_5180_bad" classname="com.cardatechnologies.utils.validators.abaroutevalidator.Test_AbaRouteValidator_04" time="0.023"/>
  <testcase name="testAbaNumberCheck_5632_bad" classname="com.cardatechnologies.utils.validators.abaroutevalidator.Test_AbaRouteValidator_04" time="0.022"/>
  <testcase name="testAbaNumberCheck_6446_bad" classname="com.cardatechnologies.utils.validators.abaroutevalidator.Test_AbaRouteValidator_04" time="0.022"/>
  <testcase name="testAbaNumberCheck_7171_good" classname="com.cardatechnologies.utils.validators.abaroutevalidator.Test_AbaRouteValidator_04" time="0.023"/>
  <testcase name="testAbaNumberCheck_5182_bad" classname="com.cardatechnologies.utils.validators.abaroutevalidator.Test_AbaRouteValidator_04" time="0.023"/>
  <testcase name="testAbaNumberCheck_6231_good" classname="com.cardatechnologies.utils.validators.abaroutevalidator.Test_AbaRouteValidator_04" time="0.022"/>
  <testcase name="testAbaNumberCheck_5634_bad" classname="com.cardatechnologies.utils.validators.abaroutevalidator.Test_AbaRouteValidator_04" time="0.023"/>
  <testcase name="testAbaNumberCheck_6448_bad" classname="com.cardatechnologies.utils.validators.abaroutevalidator.Test_AbaRouteValidator_04" time="0.023"/>
  <testcase name="testAbaNumberCheck_5184_bad" classname="com.cardatechnologies.utils.validators.abaroutevalidator.Test_AbaRouteValidator_04" time="0.022"/>
  <testcase name="testAbaNumberCheck_5636_bad" classname="com.cardatechnologies.utils.validators.abaroutevalidator.Test_AbaRouteValidator_04" time="0.028"/>
  <testcase name="testAbaNumberCheck_5186_bad" classname="com.cardatechnologies.utils.validators.abaroutevalidator.Test_AbaRouteValidator_04" time="0.031"/>
  <testcase name="testAbaNumberCheck_7045_good" classname="com.cardatechnologies.utils.validators.abaroutevalidator.Test_AbaRouteValidator_04" time="0.021"/>
  <testcase name="testAbaNumberCheck_6105_good" classname="com.cardatechnologies.utils.validators.abaroutevalidator.Test_AbaRouteValidator_04" time="0.021"/>
  <testcase name="testAbaNumberCheck_5638_bad" classname="com.cardatechnologies.utils.validators.abaroutevalidator.Test_AbaRouteValidator_04" time="0.02"/>
  <testcase name="testAbaNumberCheck_5188_bad" classname="com.cardatechnologies.utils.validators.abaroutevalidator.Test_AbaRouteValidator_04" time="0.021"/>
  <testcase name="testAbaNumberCheck_5003_good" classname="com.cardatechnologies.utils.validators.abaroutevalidator.Test_AbaRouteValidator_04" time="0.021"/>
  <testcase name="testAbaNumberCheck_6601_good" classname="com.cardatechnologies.utils.validators.abaroutevalidator.Test_AbaRouteValidator_04" time="0.02"/>
  <testcase name="testAbaNumberCheck_7415_good" classname="com.cardatechnologies.utils.validators.abaroutevalidator.Test_AbaRouteValidator_04" time="0.021"/>
  <testcase name="testAbaNumberCheck_7260_bad" classname="com.cardatechnologies.utils.validators.abaroutevalidator.Test_AbaRouteValidator_04" time="0.021"/>
  <testcase name="testAbaNumberCheck_7262_bad" classname="com.cardatechnologies.utils.validators.abaroutevalidator.Test_AbaRouteValidator_04" time="0.02"/>
  <testcase name="testAbaNumberCheck_6900_bad" classname="com.cardatechnologies.utils.validators.abaroutevalidator.Test_AbaRouteValidator_04" time="0.021"/>
  <testcase name="testAbaNumberCheck_6450_bad" classname="com.cardatechnologies.utils.validators.abaroutevalidator.Test_AbaRouteValidator_04" time="0.021"/>
  <testcase name="testAbaNumberCheck_7264_bad" classname="com.cardatechnologies.utils.validators.abaroutevalidator.Test_AbaRouteValidator_04" time="0.021"/>
  <testcase name="testAbaNumberCheck_6902_bad" classname="com.cardatechnologies.utils.validators.abaroutevalidator.Test_AbaRouteValidator_04" time="0.021"/>
  <testcase name="testAbaNumberCheck_6452_bad" classname="com.cardatechnologies.utils.validators.abaroutevalidator.Test_AbaRouteValidator_04" time="0.023"/>
  <testcase name="testAbaNumberCheck_7266_bad" classname="com.cardatechnologies.utils.validators.abaroutevalidator.Test_AbaRouteValidator_04" time="0.025"/>
  <testcase name="testAbaNumberCheck_7253_good" classname="com.cardatechnologies.utils.validators.abaroutevalidator.Test_AbaRouteValidator_04" time="0.024"/>
  <testcase name="testAbaNumberCheck_6313_good" classname="com.cardatechnologies.utils.validators.abaroutevalidator.Test_AbaRouteValidator_04" time="0.027"/>
  <testcase name="testAbaNumberCheck_6904_bad" classname="com.cardatechnologies.utils.validators.abaroutevalidator.Test_AbaRouteValidator_04" time="0.024"/>
  <testcase name="testAbaNumberCheck_5640_bad" classname="com.cardatechnologies.utils.validators.abaroutevalidator.Test_AbaRouteValidator_04" time="0.025"/>
  <testcase name="testAbaNumberCheck_6454_bad" classname="com.cardatechnologies.utils.validators.abaroutevalidator.Test_AbaRouteValidator_04" time="0.026"/>
  <testcase name="testAbaNumberCheck_7268_bad" classname="com.cardatechnologies.utils.validators.abaroutevalidator.Test_AbaRouteValidator_04" time="0.03"/>
  <testcase name="testAbaNumberCheck_5190_bad" classname="com.cardatechnologies.utils.validators.abaroutevalidator.Test_AbaRouteValidator_04" time="0.038"/>
  <testcase name="testAbaNumberCheck_6906_bad" classname="com.cardatechnologies.utils.validators.abaroutevalidator.Test_AbaRouteValidator_04" time="0.024"/>
  <testcase name="testAbaNumberCheck_5642_bad" classname="com.cardatechnologies.utils.validators.abaroutevalidator.Test_AbaRouteValidator_04" time="0.026"/>
  <testcase name="testAbaNumberCheck_6456_bad" classname="com.cardatechnologies.utils.validators.abaroutevalidator.Test_AbaRouteValidator_04" time="0.025"/>
  <testcase name="testAbaNumberCheck_5192_bad" classname="com.cardatechnologies.utils.validators.abaroutevalidator.Test_AbaRouteValidator_04" time="0.024"/>
  <testcase name="testAbaNumberCheck_7127_good" classname="com.cardatechnologies.utils.validators.abaroutevalidator.Test_AbaRouteValidator_04" time="0.022"/>
  <testcase name="testAbaNumberCheck_6908_bad" classname="com.cardatechnologies.utils.validators.abaroutevalidator.Test_AbaRouteValidator_04" time="0.021"/>
  <testcase name="testAbaNumberCheck_5644_bad" classname="com.cardatechnologies.utils.validators.abaroutevalidator.Test_AbaRouteValidator_04" time="0.021"/>
  <testcase name="testAbaNumberCheck_6458_bad" classname="com.cardatechnologies.utils.validators.abaroutevalidator.Test_AbaRouteValidator_04" time="0.022"/>
  <testcase name="testAbaNumberCheck_5194_bad" classname="com.cardatechnologies.utils.validators.abaroutevalidator.Test_AbaRouteValidator_04" time="0.021"/>
  <testcase name="testAbaNumberCheck_5646_bad" classname="com.cardatechnologies.utils.validators.abaroutevalidator.Test_AbaRouteValidator_04" time="0.024"/>
  <testcase name="testAbaNumberCheck_7091_good" classname="com.cardatechnologies.utils.validators.abaroutevalidator.Test_AbaRouteValidator_04" time="0.026"/>
  <testcase name="testAbaNumberCheck_5196_bad" classname="com.cardatechnologies.utils.validators.abaroutevalidator.Test_AbaRouteValidator_04" time="0.026"/>
  <testcase name="testAbaNumberCheck_6151_good" classname="com.cardatechnologies.utils.validators.abaroutevalidator.Test_AbaRouteValidator_04" time="0.027"/>
  <testcase name="testAbaNumberCheck_5211_good" classname="com.cardatechnologies.utils.validators.abaroutevalidator.Test_AbaRouteValidator_04" time="0.026"/>
  <testcase name="testAbaNumberCheck_5648_bad" classname="com.cardatechnologies.utils.validators.abaroutevalidator.Test_AbaRouteValidator_04" time="0.025"/>
  <testcase name="testAbaNumberCheck_5198_bad" classname="com.cardatechnologies.utils.validators.abaroutevalidator.Test_AbaRouteValidator_04" time="0.021"/>
  <testcase name="testAbaNumberCheck_6025_good" classname="com.cardatechnologies.utils.validators.abaroutevalidator.Test_AbaRouteValidator_04" time="0.023"/>
  <testcase name="testAbaNumberCheck_7461_good" classname="com.cardatechnologies.utils.validators.abaroutevalidator.Test_AbaRouteValidator_04" time="0.022"/>
  <testcase name="testAbaNumberCheck_6521_good" classname="com.cardatechnologies.utils.validators.abaroutevalidator.Test_AbaRouteValidator_04" time="0.023"/>
  <testcase name="testAbaNumberCheck_7270_bad" classname="com.cardatechnologies.utils.validators.abaroutevalidator.Test_AbaRouteValidator_04" time="0.022"/>
  <testcase name="testAbaNumberCheck_7272_bad" classname="com.cardatechnologies.utils.validators.abaroutevalidator.Test_AbaRouteValidator_04" time="0.03"/>
  <testcase name="testAbaNumberCheck_7335_good" classname="com.cardatechnologies.utils.validators.abaroutevalidator.Test_AbaRouteValidator_04" time="0.033"/>
  <testcase name="testAbaNumberCheck_6910_bad" classname="com.cardatechnologies.utils.validators.abaroutevalidator.Test_AbaRouteValidator_04" time="0.023"/>
  <testcase name="testAbaNumberCheck_6460_bad" classname="com.cardatechnologies.utils.validators.abaroutevalidator.Test_AbaRouteValidator_04" time="0.023"/>
  <testcase name="testAbaNumberCheck_7274_bad" classname="com.cardatechnologies.utils.validators.abaroutevalidator.Test_AbaRouteValidator_04" time="0.023"/>
  <testcase name="testAbaNumberCheck_6912_bad" classname="com.cardatechnologies.utils.validators.abaroutevalidator.Test_AbaRouteValidator_04" time="0.021"/>
  <testcase name="testAbaNumberCheck_6462_bad" classname="com.cardatechnologies.utils.validators.abaroutevalidator.Test_AbaRouteValidator_04" time="0.021"/>
  <testcase name="testAbaNumberCheck_7276_bad" classname="com.cardatechnologies.utils.validators.abaroutevalidator.Test_AbaRouteValidator_04" time="0.02"/>
  <testcase name="testAbaNumberCheck_7209_good" classname="com.cardatechnologies.utils.validators.abaroutevalidator.Test_AbaRouteValidator_04" time="0.02"/>
  <testcase name="testAbaNumberCheck_6914_bad" classname="com.cardatechnologies.utils.validators.abaroutevalidator.Test_AbaRouteValidator_04" time="0.021"/>
  <testcase name="testAbaNumberCheck_5650_bad" classname="com.cardatechnologies.utils.validators.abaroutevalidator.Test_AbaRouteValidator_04" time="0.02"/>
  <testcase name="testAbaNumberCheck_6464_bad" classname="com.cardatechnologies.utils.validators.abaroutevalidator.Test_AbaRouteValidator_04" time="0.021"/>
  <testcase name="testAbaNumberCheck_7278_bad" classname="com.cardatechnologies.utils.validators.abaroutevalidator.Test_AbaRouteValidator_04" time="0.021"/>
  <testcase name="testAbaNumberCheck_6916_bad" classname="com.cardatechnologies.utils.validators.abaroutevalidator.Test_AbaRouteValidator_04" time="0.02"/>
  <testcase name="testAbaNumberCheck_5652_bad" classname="com.cardatechnologies.utils.validators.abaroutevalidator.Test_AbaRouteValidator_04" time="0.02"/>
  <testcase name="testAbaNumberCheck_6466_bad" classname="com.cardatechnologies.utils.validators.abaroutevalidator.Test_AbaRouteValidator_04" time="0.022"/>
  <testcase name="testAbaNumberCheck_7173_good" classname="com.cardatechnologies.utils.validators.abaroutevalidator.Test_AbaRouteValidator_04" time="0.02"/>
  <testcase name="testAbaNumberCheck_6233_good" classname="com.cardatechnologies.utils.validators.abaroutevalidator.Test_AbaRouteValidator_04" time="0.021"/>
  <testcase name="testAbaNumberCheck_6918_bad" classname="com.cardatechnologies.utils.validators.abaroutevalidator.Test_AbaRouteValidator_04" time="0.021"/>
  <testcase name="testAbaNumberCheck_5654_bad" classname="com.cardatechnologies.utils.validators.abaroutevalidator.Test_AbaRouteValidator_04" time="0.022"/>
  <testcase name="testAbaNumberCheck_6468_bad" classname="com.cardatechnologies.utils.validators.abaroutevalidator.Test_AbaRouteValidator_04" time="0.022"/>
  <testcase name="testAbaNumberCheck_5656_bad" classname="com.cardatechnologies.utils.validators.abaroutevalidator.Test_AbaRouteValidator_04" time="0.022"/>
  <testcase name="testAbaNumberCheck_7047_good" classname="com.cardatechnologies.utils.validators.abaroutevalidator.Test_AbaRouteValidator_04" time="0.022"/>
  <testcase name="testAbaNumberCheck_6107_good" classname="com.cardatechnologies.utils.validators.abaroutevalidator.Test_AbaRouteValidator_04" time="0.027"/>
  <testcase name="testAbaNumberCheck_5658_bad" classname="com.cardatechnologies.utils.validators.abaroutevalidator.Test_AbaRouteValidator_04" time="0.026"/>
  <testcase name="testAbaNumberCheck_6071_good" classname="com.cardatechnologies.utils.validators.abaroutevalidator.Test_AbaRouteValidator_04" time="0.031"/>
  <testcase name="testAbaNumberCheck_5131_good" classname="com.cardatechnologies.utils.validators.abaroutevalidator.Test_AbaRouteValidator_04" time="0.021"/>
  <testcase name="testAbaNumberCheck_5005_good" classname="com.cardatechnologies.utils.validators.abaroutevalidator.Test_AbaRouteValidator_04" time="0.023"/>
  <testcase name="testAbaNumberCheck_6603_good" classname="com.cardatechnologies.utils.validators.abaroutevalidator.Test_AbaRouteValidator_04" time="0.022"/>
  <testcase name="testAbaNumberCheck_7417_good" classname="com.cardatechnologies.utils.validators.abaroutevalidator.Test_AbaRouteValidator_04" time="0.025"/>
  <testcase name="testAbaNumberCheck_7280_bad" classname="com.cardatechnologies.utils.validators.abaroutevalidator.Test_AbaRouteValidator_04" time="0.028"/>
  <testcase name="testAbaNumberCheck_7381_good" classname="com.cardatechnologies.utils.validators.abaroutevalidator.Test_AbaRouteValidator_04" time="0.024"/>
  <testcase name="testAbaNumberCheck_7282_bad" classname="com.cardatechnologies.utils.validators.abaroutevalidator.Test_AbaRouteValidator_04" time="0.022"/>
  <testcase name="testAbaNumberCheck_6441_good" classname="com.cardatechnologies.utils.validators.abaroutevalidator.Test_AbaRouteValidator_04" time="0.021"/>
  <testcase name="testAbaNumberCheck_5501_good" classname="com.cardatechnologies.utils.validators.abaroutevalidator.Test_AbaRouteValidator_04" time="0.022"/>
  <testcase name="testAbaNumberCheck_6920_bad" classname="com.cardatechnologies.utils.validators.abaroutevalidator.Test_AbaRouteValidator_04" time="0.032"/>
  <testcase name="testAbaNumberCheck_6470_bad" classname="com.cardatechnologies.utils.validators.abaroutevalidator.Test_AbaRouteValidator_04" time="0.02"/>
  <testcase name="testAbaNumberCheck_7284_bad" classname="com.cardatechnologies.utils.validators.abaroutevalidator.Test_AbaRouteValidator_04" time="0.021"/>
  <testcase name="testAbaNumberCheck_6922_bad" classname="com.cardatechnologies.utils.validators.abaroutevalidator.Test_AbaRouteValidator_04" time="0.022"/>
  <testcase name="testAbaNumberCheck_6472_bad" classname="com.cardatechnologies.utils.validators.abaroutevalidator.Test_AbaRouteValidator_04" time="0.022"/>
  <testcase name="testAbaNumberCheck_7286_bad" classname="com.cardatechnologies.utils.validators.abaroutevalidator.Test_AbaRouteValidator_04" time="0.022"/>
  <testcase name="testAbaNumberCheck_7255_good" classname="com.cardatechnologies.utils.validators.abaroutevalidator.Test_AbaRouteValidator_04" time="0.022"/>
  <testcase name="testAbaNumberCheck_6315_good" classname="com.cardatechnologies.utils.validators.abaroutevalidator.Test_AbaRouteValidator_04" time="0.023"/>
  <testcase name="testAbaNumberCheck_6924_bad" classname="com.cardatechnologies.utils.validators.abaroutevalidator.Test_AbaRouteValidator_04" time="0.023"/>
  <testcase name="testAbaNumberCheck_5660_bad" classname="com.cardatechnologies.utils.validators.abaroutevalidator.Test_AbaRouteValidator_04" time="0.029"/>
  <testcase name="testAbaNumberCheck_6474_bad" classname="com.cardatechnologies.utils.validators.abaroutevalidator.Test_AbaRouteValidator_04" time="0.032"/>
  <testcase name="testAbaNumberCheck_7288_bad" classname="com.cardatechnologies.utils.validators.abaroutevalidator.Test_AbaRouteValidator_04" time="0.028"/>
  <testcase name="testAbaNumberCheck_6926_bad" classname="com.cardatechnologies.utils.validators.abaroutevalidator.Test_AbaRouteValidator_04" time="0.024"/>
  <testcase name="testAbaNumberCheck_5662_bad" classname="com.cardatechnologies.utils.validators.abaroutevalidator.Test_AbaRouteValidator_04" time="0.023"/>
  <testcase name="testAbaNumberCheck_6476_bad" classname="com.cardatechnologies.utils.validators.abaroutevalidator.Test_AbaRouteValidator_04" time="0.024"/>
  <testcase name="testAbaNumberCheck_7129_good" classname="com.cardatechnologies.utils.validators.abaroutevalidator.Test_AbaRouteValidator_04" time="0.023"/>
  <testcase name="testAbaNumberCheck_6928_bad" classname="com.cardatechnologies.utils.validators.abaroutevalidator.Test_AbaRouteValidator_04" time="0.021"/>
  <testcase name="testAbaNumberCheck_5664_bad" classname="com.cardatechnologies.utils.validators.abaroutevalidator.Test_AbaRouteValidator_04" time="0.02"/>
  <testcase name="testAbaNumberCheck_6478_bad" classname="com.cardatechnologies.utils.validators.abaroutevalidator.Test_AbaRouteValidator_04" time="0.024"/>
  <testcase name="testAbaNumberCheck_5666_bad" classname="com.cardatechnologies.utils.validators.abaroutevalidator.Test_AbaRouteValidator_04" time="0.025"/>
  <testcase name="testAbaNumberCheck_7093_good" classname="com.cardatechnologies.utils.validators.abaroutevalidator.Test_AbaRouteValidator_04" time="0.022"/>
  <testcase name="testAbaNumberCheck_6153_good" classname="com.cardatechnologies.utils.validators.abaroutevalidator.Test_AbaRouteValidator_04" time="0.021"/>
  <testcase name="testAbaNumberCheck_5213_good" classname="com.cardatechnologies.utils.validators.abaroutevalidator.Test_AbaRouteValidator_04" time="0.022"/>
  <testcase name="testAbaNumberCheck_5668_bad" classname="com.cardatechnologies.utils.validators.abaroutevalidator.Test_AbaRouteValidator_04" time="0.02"/>
  <testcase name="testAbaNumberCheck_6811_good" classname="com.cardatechnologies.utils.validators.abaroutevalidator.Test_AbaRouteValidator_04" time="0.021"/>
  <testcase name="testAbaNumberCheck_6027_good" classname="com.cardatechnologies.utils.validators.abaroutevalidator.Test_AbaRouteValidator_04" time="0.02"/>
  <testcase name="testAbaNumberCheck_5051_good" classname="com.cardatechnologies.utils.validators.abaroutevalidator.Test_AbaRouteValidator_04" time="0.021"/>
  <testcase name="testAbaNumberCheck_7463_good" classname="com.cardatechnologies.utils.validators.abaroutevalidator.Test_AbaRouteValidator_04" time="0.021"/>
  <testcase name="testAbaNumberCheck_6523_good" classname="com.cardatechnologies.utils.validators.abaroutevalidator.Test_AbaRouteValidator_04" time="0.021"/>
  <testcase name="testAbaNumberCheck_7290_bad" classname="com.cardatechnologies.utils.validators.abaroutevalidator.Test_AbaRouteValidator_04" time="0.021"/>
  <testcase name="testAbaNumberCheck_7292_bad" classname="com.cardatechnologies.utils.validators.abaroutevalidator.Test_AbaRouteValidator_04" time="0.02"/>
  <testcase name="testAbaNumberCheck_7337_good" classname="com.cardatechnologies.utils.validators.abaroutevalidator.Test_AbaRouteValidator_04" time="0.022"/>
  <testcase name="testAbaNumberCheck_6930_bad" classname="com.cardatechnologies.utils.validators.abaroutevalidator.Test_AbaRouteValidator_04" time="0.023"/>
  <testcase name="testAbaNumberCheck_6480_bad" classname="com.cardatechnologies.utils.validators.abaroutevalidator.Test_AbaRouteValidator_04" time="0.031"/>
  <testcase name="testAbaNumberCheck_7294_bad" classname="com.cardatechnologies.utils.validators.abaroutevalidator.Test_AbaRouteValidator_04" time="0.028"/>
  <testcase name="testAbaNumberCheck_6932_bad" classname="com.cardatechnologies.utils.validators.abaroutevalidator.Test_AbaRouteValidator_04" time="0.034"/>
  <testcase name="testAbaNumberCheck_6482_bad" classname="com.cardatechnologies.utils.validators.abaroutevalidator.Test_AbaRouteValidator_04" time="0.025"/>
  <testcase name="testAbaNumberCheck_7296_bad" classname="com.cardatechnologies.utils.validators.abaroutevalidator.Test_AbaRouteValidator_04" time="0.03"/>
  <testcase name="testAbaNumberCheck_6361_good" classname="com.cardatechnologies.utils.validators.abaroutevalidator.Test_AbaRouteValidator_04" time="0.025"/>
  <testcase name="testAbaNumberCheck_5421_good" classname="com.cardatechnologies.utils.validators.abaroutevalidator.Test_AbaRouteValidator_04" time="0.022"/>
  <testcase name="testAbaNumberCheck_6934_bad" classname="com.cardatechnologies.utils.validators.abaroutevalidator.Test_AbaRouteValidator_04" time="0.022"/>
  <testcase name="testAbaNumberCheck_5670_bad" classname="com.cardatechnologies.utils.validators.abaroutevalidator.Test_AbaRouteValidator_04" time="0.023"/>
  <testcase name="testAbaNumberCheck_6484_bad" classname="com.cardatechnologies.utils.validators.abaroutevalidator.Test_AbaRouteValidator_04" time="0.02"/>
  <testcase name="testAbaNumberCheck_7298_bad" classname="com.cardatechnologies.utils.validators.abaroutevalidator.Test_AbaRouteValidator_04" time="0.022"/>
  <testcase name="testAbaNumberCheck_6936_bad" classname="com.cardatechnologies.utils.validators.abaroutevalidator.Test_AbaRouteValidator_04" time="0.021"/>
  <testcase name="testAbaNumberCheck_5672_bad" classname="com.cardatechnologies.utils.validators.abaroutevalidator.Test_AbaRouteValidator_04" time="0.023"/>
  <testcase name="testAbaNumberCheck_6486_bad" classname="com.cardatechnologies.utils.validators.abaroutevalidator.Test_AbaRouteValidator_04" time="0.021"/>
  <testcase name="testAbaNumberCheck_7175_good" classname="com.cardatechnologies.utils.validators.abaroutevalidator.Test_AbaRouteValidator_04" time="0.021"/>
  <testcase name="testAbaNumberCheck_6235_good" classname="com.cardatechnologies.utils.validators.abaroutevalidator.Test_AbaRouteValidator_04" time="0.023"/>
  <testcase name="testAbaNumberCheck_6938_bad" classname="com.cardatechnologies.utils.validators.abaroutevalidator.Test_AbaRouteValidator_04" time="0.022"/>
  <testcase name="testAbaNumberCheck_5674_bad" classname="com.cardatechnologies.utils.validators.abaroutevalidator.Test_AbaRouteValidator_04" time="0.022"/>
  <testcase name="testAbaNumberCheck_6488_bad" classname="com.cardatechnologies.utils.validators.abaroutevalidator.Test_AbaRouteValidator_04" time="0.022"/>
  <testcase name="testAbaNumberCheck_5676_bad" classname="com.cardatechnologies.utils.validators.abaroutevalidator.Test_AbaRouteValidator_04" time="0.022"/>
  <testcase name="testAbaNumberCheck_7049_good" classname="com.cardatechnologies.utils.validators.abaroutevalidator.Test_AbaRouteValidator_04" time="0.023"/>
  <testcase name="testAbaNumberCheck_6109_good" classname="com.cardatechnologies.utils.validators.abaroutevalidator.Test_AbaRouteValidator_04" time="0.021"/>
  <testcase name="testAbaNumberCheck_5678_bad" classname="com.cardatechnologies.utils.validators.abaroutevalidator.Test_AbaRouteValidator_04" time="0.022"/>
  <testcase name="testAbaNumberCheck_6073_good" classname="com.cardatechnologies.utils.validators.abaroutevalidator.Test_AbaRouteValidator_04" time="0.034"/>
  <testcase name="testAbaNumberCheck_5133_good" classname="com.cardatechnologies.utils.validators.abaroutevalidator.Test_AbaRouteValidator_04" time="0.031"/>
  <testcase name="testAbaNumberCheck_6731_good" classname="com.cardatechnologies.utils.validators.abaroutevalidator.Test_AbaRouteValidator_04" time="0.023"/>
  <testcase name="testAbaNumberCheck_5007_good" classname="com.cardatechnologies.utils.validators.abaroutevalidator.Test_AbaRouteValidator_04" time="0.024"/>
  <testcase name="testAbaNumberCheck_6605_good" classname="com.cardatechnologies.utils.validators.abaroutevalidator.Test_AbaRouteValidator_04" time="0.024"/>
  <testcase name="testAbaNumberCheck_7419_good" classname="com.cardatechnologies.utils.validators.abaroutevalidator.Test_AbaRouteValidator_04" time="0.024"/>
  <testcase name="testAbaNumberCheck_7383_good" classname="com.cardatechnologies.utils.validators.abaroutevalidator.Test_AbaRouteValidator_04" time="0.023"/>
  <testcase name="testAbaNumberCheck_6443_good" classname="com.cardatechnologies.utils.validators.abaroutevalidator.Test_AbaRouteValidator_04" time="0.023"/>
  <testcase name="testAbaNumberCheck_5503_good" classname="com.cardatechnologies.utils.validators.abaroutevalidator.Test_AbaRouteValidator_04" time="0.026"/>
  <testcase name="testAbaNumberCheck_6940_bad" classname="com.cardatechnologies.utils.validators.abaroutevalidator.Test_AbaRouteValidator_04" time="0.024"/>
  <testcase name="testAbaNumberCheck_6490_bad" classname="com.cardatechnologies.utils.validators.abaroutevalidator.Test_AbaRouteValidator_04" time="0.024"/>
  <testcase name="testAbaNumberCheck_6942_bad" classname="com.cardatechnologies.utils.validators.abaroutevalidator.Test_AbaRouteValidator_04" time="0.024"/>
  <testcase name="testAbaNumberCheck_6492_bad" classname="com.cardatechnologies.utils.validators.abaroutevalidator.Test_AbaRouteValidator_04" time="0.021"/>
  <testcase name="testAbaNumberCheck_7257_good" classname="com.cardatechnologies.utils.validators.abaroutevalidator.Test_AbaRouteValidator_04" time="0.021"/>
  <testcase name="testAbaNumberCheck_6317_good" classname="com.cardatechnologies.utils.validators.abaroutevalidator.Test_AbaRouteValidator_04" time="0.021"/>
  <testcase name="testAbaNumberCheck_6944_bad" classname="com.cardatechnologies.utils.validators.abaroutevalidator.Test_AbaRouteValidator_04" time="0.02"/>
  <testcase name="testAbaNumberCheck_5680_bad" classname="com.cardatechnologies.utils.validators.abaroutevalidator.Test_AbaRouteValidator_04" time="0.022"/>
  <testcase name="testAbaNumberCheck_6494_bad" classname="com.cardatechnologies.utils.validators.abaroutevalidator.Test_AbaRouteValidator_04" time="0.02"/>
  <testcase name="testAbaNumberCheck_6946_bad" classname="com.cardatechnologies.utils.validators.abaroutevalidator.Test_AbaRouteValidator_04" time="0.021"/>
  <testcase name="testAbaNumberCheck_5682_bad" classname="com.cardatechnologies.utils.validators.abaroutevalidator.Test_AbaRouteValidator_04" time="0.021"/>
  <testcase name="testAbaNumberCheck_6496_bad" classname="com.cardatechnologies.utils.validators.abaroutevalidator.Test_AbaRouteValidator_04" time="0.021"/>
  <testcase name="testAbaNumberCheck_6281_good" classname="com.cardatechnologies.utils.validators.abaroutevalidator.Test_AbaRouteValidator_04" time="0.021"/>
  <testcase name="testAbaNumberCheck_5341_good" classname="com.cardatechnologies.utils.validators.abaroutevalidator.Test_AbaRouteValidator_04" time="0.026"/>
  <testcase name="testAbaNumberCheck_6948_bad" classname="com.cardatechnologies.utils.validators.abaroutevalidator.Test_AbaRouteValidator_04" time="0.023"/>
  <testcase name="testAbaNumberCheck_5684_bad" classname="com.cardatechnologies.utils.validators.abaroutevalidator.Test_AbaRouteValidator_04" time="0.028"/>
  <testcase name="testAbaNumberCheck_6498_bad" classname="com.cardatechnologies.utils.validators.abaroutevalidator.Test_AbaRouteValidator_04" time="0.022"/>
  <testcase name="testAbaNumberCheck_5686_bad" classname="com.cardatechnologies.utils.validators.abaroutevalidator.Test_AbaRouteValidator_04" time="0.022"/>
  <testcase name="testAbaNumberCheck_7095_good" classname="com.cardatechnologies.utils.validators.abaroutevalidator.Test_AbaRouteValidator_04" time="0.02"/>
  <testcase name="testAbaNumberCheck_6155_good" classname="com.cardatechnologies.utils.validators.abaroutevalidator.Test_AbaRouteValidator_04" time="0.021"/>
  <testcase name="testAbaNumberCheck_5215_good" classname="com.cardatechnologies.utils.validators.abaroutevalidator.Test_AbaRouteValidator_04" time="0.021"/>
  <testcase name="testAbaNumberCheck_5688_bad" classname="com.cardatechnologies.utils.validators.abaroutevalidator.Test_AbaRouteValidator_04" time="0.021"/>
  <testcase name="testAbaNumberCheck_6813_good" classname="com.cardatechnologies.utils.validators.abaroutevalidator.Test_AbaRouteValidator_04" time="0.021"/>
  <testcase name="testAbaNumberCheck_6029_good" classname="com.cardatechnologies.utils.validators.abaroutevalidator.Test_AbaRouteValidator_04" time="0.021"/>
  <testcase name="testAbaNumberCheck_5053_good" classname="com.cardatechnologies.utils.validators.abaroutevalidator.Test_AbaRouteValidator_04" time="0.02"/>
  <testcase name="testAbaNumberCheck_6651_good" classname="com.cardatechnologies.utils.validators.abaroutevalidator.Test_AbaRouteValidator_04" time="0.026"/>
  <testcase name="testAbaNumberCheck_5711_good" classname="com.cardatechnologies.utils.validators.abaroutevalidator.Test_AbaRouteValidator_04" time="0.025"/>
  <testcase name="testAbaNumberCheck_7465_good" classname="com.cardatechnologies.utils.validators.abaroutevalidator.Test_AbaRouteValidator_04" time="0.029"/>
  <testcase name="testAbaNumberCheck_6525_good" classname="com.cardatechnologies.utils.validators.abaroutevalidator.Test_AbaRouteValidator_04" time="0.028"/>
  <testcase name="testAbaNumberCheck_7339_good" classname="com.cardatechnologies.utils.validators.abaroutevalidator.Test_AbaRouteValidator_04" time="0.028"/>
  <testcase name="testAbaNumberCheck_6950_bad" classname="com.cardatechnologies.utils.validators.abaroutevalidator.Test_AbaRouteValidator_04" time="0.023"/>
  <testcase name="testAbaNumberCheck_6952_bad" classname="com.cardatechnologies.utils.validators.abaroutevalidator.Test_AbaRouteValidator_04" time="0.023"/>
  <testcase name="testAbaNumberCheck_6363_good" classname="com.cardatechnologies.utils.validators.abaroutevalidator.Test_AbaRouteValidator_04" time="0.024"/>
  <testcase name="testAbaNumberCheck_5423_good" classname="com.cardatechnologies.utils.validators.abaroutevalidator.Test_AbaRouteValidator_04" time="0.025"/>
  <testcase name="testAbaNumberCheck_6954_bad" classname="com.cardatechnologies.utils.validators.abaroutevalidator.Test_AbaRouteValidator_04" time="0.027"/>
  <testcase name="testAbaNumberCheck_5690_bad" classname="com.cardatechnologies.utils.validators.abaroutevalidator.Test_AbaRouteValidator_04" time="0.032"/>
  <testcase name="testAbaNumberCheck_6956_bad" classname="com.cardatechnologies.utils.validators.abaroutevalidator.Test_AbaRouteValidator_04" time="0.028"/>
  <testcase name="testAbaNumberCheck_5692_bad" classname="com.cardatechnologies.utils.validators.abaroutevalidator.Test_AbaRouteValidator_04" time="0.028"/>
  <testcase name="testAbaNumberCheck_7177_good" classname="com.cardatechnologies.utils.validators.abaroutevalidator.Test_AbaRouteValidator_04" time="0.026"/>
  <testcase name="testAbaNumberCheck_6237_good" classname="com.cardatechnologies.utils.validators.abaroutevalidator.Test_AbaRouteValidator_04" time="0.023"/>
  <testcase name="testAbaNumberCheck_6958_bad" classname="com.cardatechnologies.utils.validators.abaroutevalidator.Test_AbaRouteValidator_04" time="0.021"/>
  <testcase name="testAbaNumberCheck_5694_bad" classname="com.cardatechnologies.utils.validators.abaroutevalidator.Test_AbaRouteValidator_04" time="0.021"/>
  <testcase name="testAbaNumberCheck_5696_bad" classname="com.cardatechnologies.utils.validators.abaroutevalidator.Test_AbaRouteValidator_04" time="0.021"/>
  <testcase name="testAbaNumberCheck_5261_good" classname="com.cardatechnologies.utils.validators.abaroutevalidator.Test_AbaRouteValidator_04" time="0.02"/>
  <testcase name="testAbaNumberCheck_5698_bad" classname="com.cardatechnologies.utils.validators.abaroutevalidator.Test_AbaRouteValidator_04" time="0.02"/>
  <testcase name="testAbaNumberCheck_6075_good" classname="com.cardatechnologies.utils.validators.abaroutevalidator.Test_AbaRouteValidator_04" time="0.022"/>
  <testcase name="testAbaNumberCheck_5135_good" classname="com.cardatechnologies.utils.validators.abaroutevalidator.Test_AbaRouteValidator_04" time="0.021"/>
  <testcase name="testAbaNumberCheck_6733_good" classname="com.cardatechnologies.utils.validators.abaroutevalidator.Test_AbaRouteValidator_04" time="0.021"/>
  <testcase name="testAbaNumberCheck_5009_good" classname="com.cardatechnologies.utils.validators.abaroutevalidator.Test_AbaRouteValidator_04" time="0.021"/>
  <testcase name="testAbaNumberCheck_6607_good" classname="com.cardatechnologies.utils.validators.abaroutevalidator.Test_AbaRouteValidator_04" time="0.02"/>
  <testcase name="testAbaNumberCheck_6571_good" classname="com.cardatechnologies.utils.validators.abaroutevalidator.Test_AbaRouteValidator_04" time="0.021"/>
  <testcase name="testAbaNumberCheck_5631_good" classname="com.cardatechnologies.utils.validators.abaroutevalidator.Test_AbaRouteValidator_04" time="0.02"/>
  <testcase name="testAbaNumberCheck_7385_good" classname="com.cardatechnologies.utils.validators.abaroutevalidator.Test_AbaRouteValidator_04" time="0.028"/>
  <testcase name="testAbaNumberCheck_6445_good" classname="com.cardatechnologies.utils.validators.abaroutevalidator.Test_AbaRouteValidator_04" time="0.02"/>
  <testcase name="testAbaNumberCheck_5505_good" classname="com.cardatechnologies.utils.validators.abaroutevalidator.Test_AbaRouteValidator_04" time="0.02"/>
  <testcase name="testAbaNumberCheck_6960_bad" classname="com.cardatechnologies.utils.validators.abaroutevalidator.Test_AbaRouteValidator_04" time="0.022"/>
  <testcase name="testAbaNumberCheck_6962_bad" classname="com.cardatechnologies.utils.validators.abaroutevalidator.Test_AbaRouteValidator_04" time="0.02"/>
  <testcase name="testAbaNumberCheck_7259_good" classname="com.cardatechnologies.utils.validators.abaroutevalidator.Test_AbaRouteValidator_04" time="0.021"/>
  <testcase name="testAbaNumberCheck_6319_good" classname="com.cardatechnologies.utils.validators.abaroutevalidator.Test_AbaRouteValidator_04" time="0.026"/>
  <testcase name="testAbaNumberCheck_6964_bad" classname="com.cardatechnologies.utils.validators.abaroutevalidator.Test_AbaRouteValidator_04" time="0.027"/>
  <testcase name="testAbaNumberCheck_6966_bad" classname="com.cardatechnologies.utils.validators.abaroutevalidator.Test_AbaRouteValidator_04" time="0.027"/>
  <testcase name="testAbaNumberCheck_6283_good" classname="com.cardatechnologies.utils.validators.abaroutevalidator.Test_AbaRouteValidator_04" time="0.022"/>
  <testcase name="testAbaNumberCheck_5343_good" classname="com.cardatechnologies.utils.validators.abaroutevalidator.Test_AbaRouteValidator_04" time="0.021"/>
  <testcase name="testAbaNumberCheck_6968_bad" classname="com.cardatechnologies.utils.validators.abaroutevalidator.Test_AbaRouteValidator_04" time="0.021"/>
  <testcase name="testAbaNumberCheck_6941_good" classname="com.cardatechnologies.utils.validators.abaroutevalidator.Test_AbaRouteValidator_04" time="0.021"/>
  <testcase name="testAbaNumberCheck_7097_good" classname="com.cardatechnologies.utils.validators.abaroutevalidator.Test_AbaRouteValidator_04" time="0.02"/>
  <testcase name="testAbaNumberCheck_6157_good" classname="com.cardatechnologies.utils.validators.abaroutevalidator.Test_AbaRouteValidator_04" time="0.021"/>
  <testcase name="testAbaNumberCheck_5217_good" classname="com.cardatechnologies.utils.validators.abaroutevalidator.Test_AbaRouteValidator_04" time="0.021"/>
  <testcase name="testAbaNumberCheck_6815_good" classname="com.cardatechnologies.utils.validators.abaroutevalidator.Test_AbaRouteValidator_04" time="0.02"/>
  <testcase name="testAbaNumberCheck_5181_good" classname="com.cardatechnologies.utils.validators.abaroutevalidator.Test_AbaRouteValidator_04" time="0.02"/>
  <testcase name="testAbaNumberCheck_5055_good" classname="com.cardatechnologies.utils.validators.abaroutevalidator.Test_AbaRouteValidator_04" time="0.021"/>
  <testcase name="testAbaNumberCheck_6653_good" classname="com.cardatechnologies.utils.validators.abaroutevalidator.Test_AbaRouteValidator_04" time="0.019"/>
  <testcase name="testAbaNumberCheck_5713_good" classname="com.cardatechnologies.utils.validators.abaroutevalidator.Test_AbaRouteValidator_04" time="0.022"/>
  <testcase name="testAbaNumberCheck_7467_good" classname="com.cardatechnologies.utils.validators.abaroutevalidator.Test_AbaRouteValidator_04" time="0.02"/>
  <testcase name="testAbaNumberCheck_6527_good" classname="com.cardatechnologies.utils.validators.abaroutevalidator.Test_AbaRouteValidator_04" time="0.02"/>
  <testcase name="testAbaNumberCheck_6491_good" classname="com.cardatechnologies.utils.validators.abaroutevalidator.Test_AbaRouteValidator_04" time="0.023"/>
  <testcase name="testAbaNumberCheck_5551_good" classname="com.cardatechnologies.utils.validators.abaroutevalidator.Test_AbaRouteValidator_04" time="0.024"/>
  <testcase name="testAbaNumberCheck_6970_bad" classname="com.cardatechnologies.utils.validators.abaroutevalidator.Test_AbaRouteValidator_04" time="0.025"/>
  <testcase name="testAbaNumberCheck_6972_bad" classname="com.cardatechnologies.utils.validators.abaroutevalidator.Test_AbaRouteValidator_04" time="0.024"/>
  <testcase name="testAbaNumberCheck_6365_good" classname="com.cardatechnologies.utils.validators.abaroutevalidator.Test_AbaRouteValidator_04" time="0.024"/>
  <testcase name="testAbaNumberCheck_5425_good" classname="com.cardatechnologies.utils.validators.abaroutevalidator.Test_AbaRouteValidator_04" time="0.024"/>
  <testcase name="testAbaNumberCheck_6974_bad" classname="com.cardatechnologies.utils.validators.abaroutevalidator.Test_AbaRouteValidator_04" time="0.025"/>
  <testcase name="testAbaNumberCheck_6976_bad" classname="com.cardatechnologies.utils.validators.abaroutevalidator.Test_AbaRouteValidator_04" time="0.033"/>
  <testcase name="testAbaNumberCheck_7179_good" classname="com.cardatechnologies.utils.validators.abaroutevalidator.Test_AbaRouteValidator_04" time="0.035"/>
  <testcase name="testAbaNumberCheck_6239_good" classname="com.cardatechnologies.utils.validators.abaroutevalidator.Test_AbaRouteValidator_04" time="0.025"/>
  <testcase name="testAbaNumberCheck_6978_bad" classname="com.cardatechnologies.utils.validators.abaroutevalidator.Test_AbaRouteValidator_04" time="0.024"/>
  <testcase name="testAbaNumberCheck_5263_good" classname="com.cardatechnologies.utils.validators.abaroutevalidator.Test_AbaRouteValidator_04" time="0.026"/>
  <testcase name="testAbaNumberCheck_6861_good" classname="com.cardatechnologies.utils.validators.abaroutevalidator.Test_AbaRouteValidator_04" time="0.025"/>
  <testcase name="testAbaNumberCheck_5921_good" classname="com.cardatechnologies.utils.validators.abaroutevalidator.Test_AbaRouteValidator_04" time="0.024"/>
  <testcase name="testAbaNumberCheck_6077_good" classname="com.cardatechnologies.utils.validators.abaroutevalidator.Test_AbaRouteValidator_04" time="0.024"/>
  <testcase name="testAbaNumberCheck_5137_good" classname="com.cardatechnologies.utils.validators.abaroutevalidator.Test_AbaRouteValidator_04" time="0.026"/>
  <testcase name="testAbaNumberCheck_6735_good" classname="com.cardatechnologies.utils.validators.abaroutevalidator.Test_AbaRouteValidator_04" time="0.024"/>
  <testcase name="testAbaNumberCheck_6609_good" classname="com.cardatechnologies.utils.validators.abaroutevalidator.Test_AbaRouteValidator_04" time="0.022"/>
  <testcase name="testAbaNumberCheck_6573_good" classname="com.cardatechnologies.utils.validators.abaroutevalidator.Test_AbaRouteValidator_04" time="0.02"/>
  <testcase name="testAbaNumberCheck_5633_good" classname="com.cardatechnologies.utils.validators.abaroutevalidator.Test_AbaRouteValidator_04" time="0.022"/>
  <testcase name="testAbaNumberCheck_7387_good" classname="com.cardatechnologies.utils.validators.abaroutevalidator.Test_AbaRouteValidator_04" time="0.021"/>
  <testcase name="testAbaNumberCheck_6447_good" classname="com.cardatechnologies.utils.validators.abaroutevalidator.Test_AbaRouteValidator_04" time="0.022"/>
  <testcase name="testAbaNumberCheck_5507_good" classname="com.cardatechnologies.utils.validators.abaroutevalidator.Test_AbaRouteValidator_04" time="0.022"/>
  <testcase name="testAbaNumberCheck_6980_bad" classname="com.cardatechnologies.utils.validators.abaroutevalidator.Test_AbaRouteValidator_04" time="0.02"/>
  <testcase name="testAbaNumberCheck_6982_bad" classname="com.cardatechnologies.utils.validators.abaroutevalidator.Test_AbaRouteValidator_04" time="0.021"/>
  <testcase name="testAbaNumberCheck_5471_good" classname="com.cardatechnologies.utils.validators.abaroutevalidator.Test_AbaRouteValidator_04" time="0.021"/>
  <testcase name="testAbaNumberCheck_6984_bad" classname="com.cardatechnologies.utils.validators.abaroutevalidator.Test_AbaRouteValidator_04" time="0.021"/>
  <testcase name="testAbaNumberCheck_6986_bad" classname="com.cardatechnologies.utils.validators.abaroutevalidator.Test_AbaRouteValidator_04" time="0.021"/>
  <testcase name="testAbaNumberCheck_6285_good" classname="com.cardatechnologies.utils.validators.abaroutevalidator.Test_AbaRouteValidator_04" time="0.02"/>
  <testcase name="testAbaNumberCheck_5345_good" classname="com.cardatechnologies.utils.validators.abaroutevalidator.Test_AbaRouteValidator_04" time="0.026"/>
  <testcase name="testAbaNumberCheck_6988_bad" classname="com.cardatechnologies.utils.validators.abaroutevalidator.Test_AbaRouteValidator_04" time="0.025"/>
  <testcase name="testAbaNumberCheck_6943_good" classname="com.cardatechnologies.utils.validators.abaroutevalidator.Test_AbaRouteValidator_04" time="0.035"/>
  <testcase name="testAbaNumberCheck_7099_good" classname="com.cardatechnologies.utils.validators.abaroutevalidator.Test_AbaRouteValidator_04" time="0.024"/>
  <testcase name="testAbaNumberCheck_6159_good" classname="com.cardatechnologies.utils.validators.abaroutevalidator.Test_AbaRouteValidator_04" time="0.025"/>
  <testcase name="testAbaNumberCheck_5219_good" classname="com.cardatechnologies.utils.validators.abaroutevalidator.Test_AbaRouteValidator_04" time="0.026"/>
  <testcase name="testAbaNumberCheck_6817_good" classname="com.cardatechnologies.utils.validators.abaroutevalidator.Test_AbaRouteValidator_04" time="0.023"/>
  <testcase name="testAbaNumberCheck_5183_good" classname="com.cardatechnologies.utils.validators.abaroutevalidator.Test_AbaRouteValidator_04" time="0.026"/>
  <testcase name="testAbaNumberCheck_6781_good" classname="com.cardatechnologies.utils.validators.abaroutevalidator.Test_AbaRouteValidator_04" time="0.022"/>
  <testcase name="testAbaNumberCheck_5841_good" classname="com.cardatechnologies.utils.validators.abaroutevalidator.Test_AbaRouteValidator_04" time="0.021"/>
  <testcase name="testAbaNumberCheck_5057_good" classname="com.cardatechnologies.utils.validators.abaroutevalidator.Test_AbaRouteValidator_04" time="0.021"/>
  <testcase name="testAbaNumberCheck_6655_good" classname="com.cardatechnologies.utils.validators.abaroutevalidator.Test_AbaRouteValidator_04" time="0.021"/>
  <testcase name="testAbaNumberCheck_5715_good" classname="com.cardatechnologies.utils.validators.abaroutevalidator.Test_AbaRouteValidator_04" time="0.022"/>
  <testcase name="testAbaNumberCheck_7469_good" classname="com.cardatechnologies.utils.validators.abaroutevalidator.Test_AbaRouteValidator_04" time="0.02"/>
  <testcase name="testAbaNumberCheck_6529_good" classname="com.cardatechnologies.utils.validators.abaroutevalidator.Test_AbaRouteValidator_04" time="0.021"/>
  <testcase name="testAbaNumberCheck_6493_good" classname="com.cardatechnologies.utils.validators.abaroutevalidator.Test_AbaRouteValidator_04" time="0.021"/>
  <testcase name="testAbaNumberCheck_5553_good" classname="com.cardatechnologies.utils.validators.abaroutevalidator.Test_AbaRouteValidator_04" time="0.021"/>
  <testcase name="testAbaNumberCheck_6990_bad" classname="com.cardatechnologies.utils.validators.abaroutevalidator.Test_AbaRouteValidator_04" time="0.02"/>
  <testcase name="testAbaNumberCheck_6992_bad" classname="com.cardatechnologies.utils.validators.abaroutevalidator.Test_AbaRouteValidator_04" time="0.021"/>
  <testcase name="testAbaNumberCheck_6367_good" classname="com.cardatechnologies.utils.validators.abaroutevalidator.Test_AbaRouteValidator_04" time="0.021"/>
  <testcase name="testAbaNumberCheck_5427_good" classname="com.cardatechnologies.utils.validators.abaroutevalidator.Test_AbaRouteValidator_04" time="0.02"/>
  <testcase name="testAbaNumberCheck_6994_bad" classname="com.cardatechnologies.utils.validators.abaroutevalidator.Test_AbaRouteValidator_04" time="0.021"/>
  <testcase name="testAbaNumberCheck_6996_bad" classname="com.cardatechnologies.utils.validators.abaroutevalidator.Test_AbaRouteValidator_04" time="0.021"/>
  <testcase name="testAbaNumberCheck_5391_good" classname="com.cardatechnologies.utils.validators.abaroutevalidator.Test_AbaRouteValidator_04" time="0.024"/>
  <testcase name="testAbaNumberCheck_6998_bad" classname="com.cardatechnologies.utils.validators.abaroutevalidator.Test_AbaRouteValidator_04" time="0.022"/>
  <testcase name="testAbaNumberCheck_5265_good" classname="com.cardatechnologies.utils.validators.abaroutevalidator.Test_AbaRouteValidator_04" time="0.027"/>
  <testcase name="testAbaNumberCheck_6863_good" classname="com.cardatechnologies.utils.validators.abaroutevalidator.Test_AbaRouteValidator_04" time="0.029"/>
  <testcase name="testAbaNumberCheck_5923_good" classname="com.cardatechnologies.utils.validators.abaroutevalidator.Test_AbaRouteValidator_04" time="0.024"/>
  <testcase name="testAbaNumberCheck_6079_good" classname="com.cardatechnologies.utils.validators.abaroutevalidator.Test_AbaRouteValidator_04" time="0.025"/>
  <testcase name="testAbaNumberCheck_5139_good" classname="com.cardatechnologies.utils.validators.abaroutevalidator.Test_AbaRouteValidator_04" time="0.025"/>
  <testcase name="testAbaNumberCheck_6737_good" classname="com.cardatechnologies.utils.validators.abaroutevalidator.Test_AbaRouteValidator_04" time="0.026"/>
  <testcase name="testAbaNumberCheck_5761_good" classname="com.cardatechnologies.utils.validators.abaroutevalidator.Test_AbaRouteValidator_04" time="0.026"/>
  <testcase name="testAbaNumberCheck_6575_good" classname="com.cardatechnologies.utils.validators.abaroutevalidator.Test_AbaRouteValidator_04" time="0.024"/>
  <testcase name="testAbaNumberCheck_5635_good" classname="com.cardatechnologies.utils.validators.abaroutevalidator.Test_AbaRouteValidator_04" time="0.022"/>
  <testcase name="testAbaNumberCheck_7389_good" classname="com.cardatechnologies.utils.validators.abaroutevalidator.Test_AbaRouteValidator_04" time="0.022"/>
  <testcase name="testAbaNumberCheck_6449_good" classname="com.cardatechnologies.utils.validators.abaroutevalidator.Test_AbaRouteValidator_04" time="0.026"/>
  <testcase name="testAbaNumberCheck_5509_good" classname="com.cardatechnologies.utils.validators.abaroutevalidator.Test_AbaRouteValidator_04" time="0.027"/>
  <testcase name="testAbaNumberCheck_5473_good" classname="com.cardatechnologies.utils.validators.abaroutevalidator.Test_AbaRouteValidator_04" time="0.026"/>
  <testcase name="testAbaNumberCheck_6287_good" classname="com.cardatechnologies.utils.validators.abaroutevalidator.Test_AbaRouteValidator_04" time="0.027"/>
  <testcase name="testAbaNumberCheck_5347_good" classname="com.cardatechnologies.utils.validators.abaroutevalidator.Test_AbaRouteValidator_04" time="0.027"/>
  <testcase name="testAbaNumberCheck_6945_good" classname="com.cardatechnologies.utils.validators.abaroutevalidator.Test_AbaRouteValidator_04" time="0.026"/>
  <testcase name="testAbaNumberCheck_6819_good" classname="com.cardatechnologies.utils.validators.abaroutevalidator.Test_AbaRouteValidator_04" time="0.028"/>
  <testcase name="testAbaNumberCheck_5185_good" classname="com.cardatechnologies.utils.validators.abaroutevalidator.Test_AbaRouteValidator_04" time="0.026"/>
  <testcase name="testAbaNumberCheck_6783_good" classname="com.cardatechnologies.utils.validators.abaroutevalidator.Test_AbaRouteValidator_04" time="0.031"/>
  <testcase name="testAbaNumberCheck_5843_good" classname="com.cardatechnologies.utils.validators.abaroutevalidator.Test_AbaRouteValidator_04" time="0.029"/>
  <testcase name="testAbaNumberCheck_5059_good" classname="com.cardatechnologies.utils.validators.abaroutevalidator.Test_AbaRouteValidator_04" time="0.034"/>
  <testcase name="testAbaNumberCheck_6657_good" classname="com.cardatechnologies.utils.validators.abaroutevalidator.Test_AbaRouteValidator_04" time="0.027"/>
  <testcase name="testAbaNumberCheck_5717_good" classname="com.cardatechnologies.utils.validators.abaroutevalidator.Test_AbaRouteValidator_04" time="0.026"/>
  <testcase name="testAbaNumberCheck_5681_good" classname="com.cardatechnologies.utils.validators.abaroutevalidator.Test_AbaRouteValidator_04" time="0.027"/>
  <testcase name="testAbaNumberCheck_6495_good" classname="com.cardatechnologies.utils.validators.abaroutevalidator.Test_AbaRouteValidator_04" time="0.023"/>
  <testcase name="testAbaNumberCheck_5555_good" classname="com.cardatechnologies.utils.validators.abaroutevalidator.Test_AbaRouteValidator_04" time="0.023"/>
  <testcase name="testAbaNumberCheck_6369_good" classname="com.cardatechnologies.utils.validators.abaroutevalidator.Test_AbaRouteValidator_04" time="0.02"/>
  <testcase name="testAbaNumberCheck_5429_good" classname="com.cardatechnologies.utils.validators.abaroutevalidator.Test_AbaRouteValidator_04" time="0.022"/>
  <testcase name="testAbaNumberCheck_5393_good" classname="com.cardatechnologies.utils.validators.abaroutevalidator.Test_AbaRouteValidator_04" time="0.021"/>
  <testcase name="testAbaNumberCheck_6991_good" classname="com.cardatechnologies.utils.validators.abaroutevalidator.Test_AbaRouteValidator_04" time="0.023"/>
  <testcase name="testAbaNumberCheck_5267_good" classname="com.cardatechnologies.utils.validators.abaroutevalidator.Test_AbaRouteValidator_04" time="0.037"/>
  <testcase name="testAbaNumberCheck_6865_good" classname="com.cardatechnologies.utils.validators.abaroutevalidator.Test_AbaRouteValidator_04" time="0.025"/>
  <testcase name="testAbaNumberCheck_5925_good" classname="com.cardatechnologies.utils.validators.abaroutevalidator.Test_AbaRouteValidator_04" time="0.023"/>
  <testcase name="testAbaNumberCheck_6739_good" classname="com.cardatechnologies.utils.validators.abaroutevalidator.Test_AbaRouteValidator_04" time="0.021"/>
  <testcase name="testAbaNumberCheck_5763_good" classname="com.cardatechnologies.utils.validators.abaroutevalidator.Test_AbaRouteValidator_04" time="0.021"/>
  <testcase name="testAbaNumberCheck_6577_good" classname="com.cardatechnologies.utils.validators.abaroutevalidator.Test_AbaRouteValidator_04" time="0.021"/>
  <testcase name="testAbaNumberCheck_5637_good" classname="com.cardatechnologies.utils.validators.abaroutevalidator.Test_AbaRouteValidator_04" time="0.02"/>
  <testcase name="testAbaNumberCheck_5475_good" classname="com.cardatechnologies.utils.validators.abaroutevalidator.Test_AbaRouteValidator_04" time="0.021"/>
  <testcase name="testAbaNumberCheck_6289_good" classname="com.cardatechnologies.utils.validators.abaroutevalidator.Test_AbaRouteValidator_04" time="0.02"/>
  <testcase name="testAbaNumberCheck_5349_good" classname="com.cardatechnologies.utils.validators.abaroutevalidator.Test_AbaRouteValidator_04" time="0.021"/>
  <testcase name="testAbaNumberCheck_6947_good" classname="com.cardatechnologies.utils.validators.abaroutevalidator.Test_AbaRouteValidator_04" time="0.028"/>
  <testcase name="testAbaNumberCheck_5971_good" classname="com.cardatechnologies.utils.validators.abaroutevalidator.Test_AbaRouteValidator_04" time="0.021"/>
  <testcase name="testAbaNumberCheck_5187_good" classname="com.cardatechnologies.utils.validators.abaroutevalidator.Test_AbaRouteValidator_04" time="0.02"/>
  <testcase name="testAbaNumberCheck_6785_good" classname="com.cardatechnologies.utils.validators.abaroutevalidator.Test_AbaRouteValidator_04" time="0.025"/>
  <testcase name="testAbaNumberCheck_5845_good" classname="com.cardatechnologies.utils.validators.abaroutevalidator.Test_AbaRouteValidator_04" time="0.022"/>
  <testcase name="testAbaNumberCheck_6659_good" classname="com.cardatechnologies.utils.validators.abaroutevalidator.Test_AbaRouteValidator_04" time="0.021"/>
  <testcase name="testAbaNumberCheck_5719_good" classname="com.cardatechnologies.utils.validators.abaroutevalidator.Test_AbaRouteValidator_04" time="0.02"/>
  <testcase name="testAbaNumberCheck_5683_good" classname="com.cardatechnologies.utils.validators.abaroutevalidator.Test_AbaRouteValidator_04" time="0.021"/>
  <testcase name="testAbaNumberCheck_6497_good" classname="com.cardatechnologies.utils.validators.abaroutevalidator.Test_AbaRouteValidator_04" time="0.02"/>
  <testcase name="testAbaNumberCheck_5557_good" classname="com.cardatechnologies.utils.validators.abaroutevalidator.Test_AbaRouteValidator_04" time="0.021"/>
  <testcase name="testAbaNumberCheck_5395_good" classname="com.cardatechnologies.utils.validators.abaroutevalidator.Test_AbaRouteValidator_04" time="0.02"/>
  <testcase name="testAbaNumberCheck_6993_good" classname="com.cardatechnologies.utils.validators.abaroutevalidator.Test_AbaRouteValidator_04" time="0.02"/>
  <testcase name="testAbaNumberCheck_5269_good" classname="com.cardatechnologies.utils.validators.abaroutevalidator.Test_AbaRouteValidator_04" time="0.02"/>
  <testcase name="testAbaNumberCheck_6867_good" classname="com.cardatechnologies.utils.validators.abaroutevalidator.Test_AbaRouteValidator_04" time="0.021"/>
  <testcase name="testAbaNumberCheck_5927_good" classname="com.cardatechnologies.utils.validators.abaroutevalidator.Test_AbaRouteValidator_04" time="0.021"/>
  <testcase name="testAbaNumberCheck_5891_good" classname="com.cardatechnologies.utils.validators.abaroutevalidator.Test_AbaRouteValidator_04" time="0.024"/>
  <testcase name="testAbaNumberCheck_5765_good" classname="com.cardatechnologies.utils.validators.abaroutevalidator.Test_AbaRouteValidator_04" time="0.026"/>
  <testcase name="testAbaNumberCheck_6579_good" classname="com.cardatechnologies.utils.validators.abaroutevalidator.Test_AbaRouteValidator_04" time="0.027"/>
  <testcase name="testAbaNumberCheck_5639_good" classname="com.cardatechnologies.utils.validators.abaroutevalidator.Test_AbaRouteValidator_04" time="0.027"/>
  <testcase name="testAbaNumberCheck_5477_good" classname="com.cardatechnologies.utils.validators.abaroutevalidator.Test_AbaRouteValidator_04" time="0.027"/>
  <testcase name="testAbaNumberCheck_6949_good" classname="com.cardatechnologies.utils.validators.abaroutevalidator.Test_AbaRouteValidator_04" time="0.02"/>
  <testcase name="testAbaNumberCheck_5973_good" classname="com.cardatechnologies.utils.validators.abaroutevalidator.Test_AbaRouteValidator_04" time="0.022"/>
  <testcase name="testAbaNumberCheck_5189_good" classname="com.cardatechnologies.utils.validators.abaroutevalidator.Test_AbaRouteValidator_04" time="0.023"/>
  <testcase name="testAbaNumberCheck_6787_good" classname="com.cardatechnologies.utils.validators.abaroutevalidator.Test_AbaRouteValidator_04" time="0.031"/>
  <testcase name="testAbaNumberCheck_5847_good" classname="com.cardatechnologies.utils.validators.abaroutevalidator.Test_AbaRouteValidator_04" time="0.026"/>
  <testcase name="testAbaNumberCheck_5685_good" classname="com.cardatechnologies.utils.validators.abaroutevalidator.Test_AbaRouteValidator_04" time="0.026"/>
  <testcase name="testAbaNumberCheck_6499_good" classname="com.cardatechnologies.utils.validators.abaroutevalidator.Test_AbaRouteValidator_04" time="0.034"/>
  <testcase name="testAbaNumberCheck_5559_good" classname="com.cardatechnologies.utils.validators.abaroutevalidator.Test_AbaRouteValidator_04" time="0.022"/>
  <testcase name="testAbaNumberCheck_5397_good" classname="com.cardatechnologies.utils.validators.abaroutevalidator.Test_AbaRouteValidator_04" time="0.023"/>
  <testcase name="testAbaNumberCheck_6995_good" classname="com.cardatechnologies.utils.validators.abaroutevalidator.Test_AbaRouteValidator_04" time="0.023"/>
  <testcase name="testAbaNumberCheck_6869_good" classname="com.cardatechnologies.utils.validators.abaroutevalidator.Test_AbaRouteValidator_04" time="0.022"/>
  <testcase name="testAbaNumberCheck_5929_good" classname="com.cardatechnologies.utils.validators.abaroutevalidator.Test_AbaRouteValidator_04" time="0.027"/>
  <testcase name="testAbaNumberCheck_5893_good" classname="com.cardatechnologies.utils.validators.abaroutevalidator.Test_AbaRouteValidator_04" time="0.026"/>
  <testcase name="testAbaNumberCheck_5767_good" classname="com.cardatechnologies.utils.validators.abaroutevalidator.Test_AbaRouteValidator_04" time="0.027"/>
  <testcase name="testAbaNumberCheck_5479_good" classname="com.cardatechnologies.utils.validators.abaroutevalidator.Test_AbaRouteValidator_04" time="0.027"/>
  <testcase name="testAbaNumberCheck_5975_good" classname="com.cardatechnologies.utils.validators.abaroutevalidator.Test_AbaRouteValidator_04" time="0.025"/>
  <testcase name="testAbaNumberCheck_6789_good" classname="com.cardatechnologies.utils.validators.abaroutevalidator.Test_AbaRouteValidator_04" time="0.023"/>
  <testcase name="testAbaNumberCheck_5849_good" classname="com.cardatechnologies.utils.validators.abaroutevalidator.Test_AbaRouteValidator_04" time="0.022"/>
  <testcase name="testAbaNumberCheck_5687_good" classname="com.cardatechnologies.utils.validators.abaroutevalidator.Test_AbaRouteValidator_04" time="0.027"/>
  <testcase name="testAbaNumberCheck_5399_good" classname="com.cardatechnologies.utils.validators.abaroutevalidator.Test_AbaRouteValidator_04" time="0.025"/>
  <testcase name="testAbaNumberCheck_6997_good" classname="com.cardatechnologies.utils.validators.abaroutevalidator.Test_AbaRouteValidator_04" time="0.027"/>
  <testcase name="testAbaNumberCheck_5895_good" classname="com.cardatechnologies.utils.validators.abaroutevalidator.Test_AbaRouteValidator_04" time="0.026"/>
  <testcase name="testAbaNumberCheck_5769_good" classname="com.cardatechnologies.utils.validators.abaroutevalidator.Test_AbaRouteValidator_04" time="0.027"/>
  <testcase name="testAbaNumberCheck_5977_good" classname="com.cardatechnologies.utils.validators.abaroutevalidator.Test_AbaRouteValidator_04" time="0.031"/>
  <testcase name="testAbaNumberCheck_5689_good" classname="com.cardatechnologies.utils.validators.abaroutevalidator.Test_AbaRouteValidator_04" time="0.025"/>
  <testcase name="testAbaNumberCheck_6999_good" classname="com.cardatechnologies.utils.validators.abaroutevalidator.Test_AbaRouteValidator_04" time="0.021"/>
  <testcase name="testAbaNumberCheck_5897_good" classname="com.cardatechnologies.utils.validators.abaroutevalidator.Test_AbaRouteValidator_04" time="0.024"/>
  <testcase name="testAbaNumberCheck_5979_good" classname="com.cardatechnologies.utils.validators.abaroutevalidator.Test_AbaRouteValidator_04" time="0.025"/>
  <testcase name="testAbaNumberCheck_6000_bad" classname="com.cardatechnologies.utils.validators.abaroutevalidator.Test_AbaRouteValidator_04" time="0.02"/>
  <testcase name="testAbaNumberCheck_6002_bad" classname="com.cardatechnologies.utils.validators.abaroutevalidator.Test_AbaRouteValidator_04" time="0.021"/>
  <testcase name="testAbaNumberCheck_6004_bad" classname="com.cardatechnologies.utils.validators.abaroutevalidator.Test_AbaRouteValidator_04" time="0.021"/>
  <testcase name="testAbaNumberCheck_6006_bad" classname="com.cardatechnologies.utils.validators.abaroutevalidator.Test_AbaRouteValidator_04" time="0.021"/>
  <testcase name="testAbaNumberCheck_6008_bad" classname="com.cardatechnologies.utils.validators.abaroutevalidator.Test_AbaRouteValidator_04" time="0.02"/>
  <testcase name="testAbaNumberCheck_7001_good" classname="com.cardatechnologies.utils.validators.abaroutevalidator.Test_AbaRouteValidator_04" time="0.021"/>
  <testcase name="testAbaNumberCheck_5899_good" classname="com.cardatechnologies.utils.validators.abaroutevalidator.Test_AbaRouteValidator_04" time="0.02"/>
  <testcase name="testAbaNumberCheck_6010_bad" classname="com.cardatechnologies.utils.validators.abaroutevalidator.Test_AbaRouteValidator_04" time="0.021"/>
  <testcase name="testAbaNumberCheck_6012_bad" classname="com.cardatechnologies.utils.validators.abaroutevalidator.Test_AbaRouteValidator_04" time="0.021"/>
  <testcase name="testAbaNumberCheck_5200_bad" classname="com.cardatechnologies.utils.validators.abaroutevalidator.Test_AbaRouteValidator_04" time="0.032"/>
  <testcase name="testAbaNumberCheck_6014_bad" classname="com.cardatechnologies.utils.validators.abaroutevalidator.Test_AbaRouteValidator_04" time="0.021"/>
  <testcase name="testAbaNumberCheck_5202_bad" classname="com.cardatechnologies.utils.validators.abaroutevalidator.Test_AbaRouteValidator_04" time="0.02"/>
  <testcase name="testAbaNumberCheck_6016_bad" classname="com.cardatechnologies.utils.validators.abaroutevalidator.Test_AbaRouteValidator_04" time="0.021"/>
  <testcase name="testAbaNumberCheck_5204_bad" classname="com.cardatechnologies.utils.validators.abaroutevalidator.Test_AbaRouteValidator_04" time="0.02"/>
  <testcase name="testAbaNumberCheck_6018_bad" classname="com.cardatechnologies.utils.validators.abaroutevalidator.Test_AbaRouteValidator_04" time="0.021"/>
  <testcase name="testAbaNumberCheck_5206_bad" classname="com.cardatechnologies.utils.validators.abaroutevalidator.Test_AbaRouteValidator_04" time="0.021"/>
  <testcase name="testAbaNumberCheck_5208_bad" classname="com.cardatechnologies.utils.validators.abaroutevalidator.Test_AbaRouteValidator_04" time="0.021"/>
  <testcase name="testAbaNumberCheck_6020_bad" classname="com.cardatechnologies.utils.validators.abaroutevalidator.Test_AbaRouteValidator_04" time="0.02"/>
  <testcase name="testAbaNumberCheck_6022_bad" classname="com.cardatechnologies.utils.validators.abaroutevalidator.Test_AbaRouteValidator_04" time="0.021"/>
  <testcase name="testAbaNumberCheck_5210_bad" classname="com.cardatechnologies.utils.validators.abaroutevalidator.Test_AbaRouteValidator_04" time="0.025"/>
  <testcase name="testAbaNumberCheck_6024_bad" classname="com.cardatechnologies.utils.validators.abaroutevalidator.Test_AbaRouteValidator_04" time="0.026"/>
  <testcase name="testAbaNumberCheck_5212_bad" classname="com.cardatechnologies.utils.validators.abaroutevalidator.Test_AbaRouteValidator_04" time="0.021"/>
  <testcase name="testAbaNumberCheck_6026_bad" classname="com.cardatechnologies.utils.validators.abaroutevalidator.Test_AbaRouteValidator_04" time="0.03"/>
  <testcase name="testAbaNumberCheck_5214_bad" classname="com.cardatechnologies.utils.validators.abaroutevalidator.Test_AbaRouteValidator_04" time="0.022"/>
  <testcase name="testAbaNumberCheck_6028_bad" classname="com.cardatechnologies.utils.validators.abaroutevalidator.Test_AbaRouteValidator_04" time="0.02"/>
  <testcase name="testAbaNumberCheck_5216_bad" classname="com.cardatechnologies.utils.validators.abaroutevalidator.Test_AbaRouteValidator_04" time="0.021"/>
  <testcase name="testAbaNumberCheck_7003_good" classname="com.cardatechnologies.utils.validators.abaroutevalidator.Test_AbaRouteValidator_04" time="0.021"/>
  <testcase name="testAbaNumberCheck_5218_bad" classname="com.cardatechnologies.utils.validators.abaroutevalidator.Test_AbaRouteValidator_04" time="0.021"/>
  <testcase name="testAbaNumberCheck_6030_bad" classname="com.cardatechnologies.utils.validators.abaroutevalidator.Test_AbaRouteValidator_04" time="0.02"/>
  <testcase name="testAbaNumberCheck_6032_bad" classname="com.cardatechnologies.utils.validators.abaroutevalidator.Test_AbaRouteValidator_04" time="0.021"/>
  <testcase name="testAbaNumberCheck_7211_good" classname="com.cardatechnologies.utils.validators.abaroutevalidator.Test_AbaRouteValidator_04" time="0.021"/>
  <testcase name="testAbaNumberCheck_5220_bad" classname="com.cardatechnologies.utils.validators.abaroutevalidator.Test_AbaRouteValidator_04" time="0.019"/>
  <testcase name="testAbaNumberCheck_6034_bad" classname="com.cardatechnologies.utils.validators.abaroutevalidator.Test_AbaRouteValidator_04" time="0.023"/>
  <testcase name="testAbaNumberCheck_5222_bad" classname="com.cardatechnologies.utils.validators.abaroutevalidator.Test_AbaRouteValidator_04" time="0.023"/>
  <testcase name="testAbaNumberCheck_6036_bad" classname="com.cardatechnologies.utils.validators.abaroutevalidator.Test_AbaRouteValidator_04" time="0.023"/>
  <testcase name="testAbaNumberCheck_5224_bad" classname="com.cardatechnologies.utils.validators.abaroutevalidator.Test_AbaRouteValidator_04" time="0.025"/>
  <testcase name="testAbaNumberCheck_6038_bad" classname="com.cardatechnologies.utils.validators.abaroutevalidator.Test_AbaRouteValidator_04" time="0.022"/>
  <testcase name="testAbaNumberCheck_5226_bad" classname="com.cardatechnologies.utils.validators.abaroutevalidator.Test_AbaRouteValidator_04" time="0.023"/>
  <testcase name="testAbaNumberCheck_5228_bad" classname="com.cardatechnologies.utils.validators.abaroutevalidator.Test_AbaRouteValidator_04" time="0.024"/>
  <testcase name="testAbaNumberCheck_7300_bad" classname="com.cardatechnologies.utils.validators.abaroutevalidator.Test_AbaRouteValidator_04" time="0.021"/>
  <testcase name="testAbaNumberCheck_7302_bad" classname="com.cardatechnologies.utils.validators.abaroutevalidator.Test_AbaRouteValidator_04" time="0.023"/>
  <testcase name="testAbaNumberCheck_7304_bad" classname="com.cardatechnologies.utils.validators.abaroutevalidator.Test_AbaRouteValidator_04" time="0.023"/>
  <testcase name="testAbaNumberCheck_6040_bad" classname="com.cardatechnologies.utils.validators.abaroutevalidator.Test_AbaRouteValidator_04" time="0.022"/>
  <testcase name="testAbaNumberCheck_7306_bad" classname="com.cardatechnologies.utils.validators.abaroutevalidator.Test_AbaRouteValidator_04" time="0.032"/>
  <testcase name="testAbaNumberCheck_6042_bad" classname="com.cardatechnologies.utils.validators.abaroutevalidator.Test_AbaRouteValidator_04" time="0.023"/>
  <testcase name="testAbaNumberCheck_7308_bad" classname="com.cardatechnologies.utils.validators.abaroutevalidator.Test_AbaRouteValidator_04" time="0.032"/>
  <testcase name="testAbaNumberCheck_5230_bad" classname="com.cardatechnologies.utils.validators.abaroutevalidator.Test_AbaRouteValidator_04" time="0.023"/>
  <testcase name="testAbaNumberCheck_6044_bad" classname="com.cardatechnologies.utils.validators.abaroutevalidator.Test_AbaRouteValidator_04" time="0.022"/>
  <testcase name="testAbaNumberCheck_5232_bad" classname="com.cardatechnologies.utils.validators.abaroutevalidator.Test_AbaRouteValidator_04" time="0.022"/>
  <testcase name="testAbaNumberCheck_6046_bad" classname="com.cardatechnologies.utils.validators.abaroutevalidator.Test_AbaRouteValidator_04" time="0.021"/>
  <testcase name="testAbaNumberCheck_7131_good" classname="com.cardatechnologies.utils.validators.abaroutevalidator.Test_AbaRouteValidator_04" time="0.021"/>
  <testcase name="testAbaNumberCheck_5234_bad" classname="com.cardatechnologies.utils.validators.abaroutevalidator.Test_AbaRouteValidator_04" time="0.02"/>
  <testcase name="testAbaNumberCheck_6048_bad" classname="com.cardatechnologies.utils.validators.abaroutevalidator.Test_AbaRouteValidator_04" time="0.021"/>
  <testcase name="testAbaNumberCheck_5236_bad" classname="com.cardatechnologies.utils.validators.abaroutevalidator.Test_AbaRouteValidator_04" time="0.02"/>
  <testcase name="testAbaNumberCheck_7005_good" classname="com.cardatechnologies.utils.validators.abaroutevalidator.Test_AbaRouteValidator_04" time="0.021"/>
  <testcase name="testAbaNumberCheck_5238_bad" classname="com.cardatechnologies.utils.validators.abaroutevalidator.Test_AbaRouteValidator_04" time="0.021"/>
  <testcase name="testAbaNumberCheck_7310_bad" classname="com.cardatechnologies.utils.validators.abaroutevalidator.Test_AbaRouteValidator_04" time="0.021"/>
  <testcase name="testAbaNumberCheck_7312_bad" classname="com.cardatechnologies.utils.validators.abaroutevalidator.Test_AbaRouteValidator_04" time="0.021"/>
  <testcase name="testAbaNumberCheck_6500_bad" classname="com.cardatechnologies.utils.validators.abaroutevalidator.Test_AbaRouteValidator_04" time="0.02"/>
  <testcase name="testAbaNumberCheck_7314_bad" classname="com.cardatechnologies.utils.validators.abaroutevalidator.Test_AbaRouteValidator_04" time="0.02"/>
  <testcase name="testAbaNumberCheck_6050_bad" classname="com.cardatechnologies.utils.validators.abaroutevalidator.Test_AbaRouteValidator_04" time="0.021"/>
  <testcase name="testAbaNumberCheck_6502_bad" classname="com.cardatechnologies.utils.validators.abaroutevalidator.Test_AbaRouteValidator_04" time="0.021"/>
  <testcase name="testAbaNumberCheck_7316_bad" classname="com.cardatechnologies.utils.validators.abaroutevalidator.Test_AbaRouteValidator_04" time="0.021"/>
  <testcase name="testAbaNumberCheck_6052_bad" classname="com.cardatechnologies.utils.validators.abaroutevalidator.Test_AbaRouteValidator_04" time="0.02"/>
  <testcase name="testAbaNumberCheck_7213_good" classname="com.cardatechnologies.utils.validators.abaroutevalidator.Test_AbaRouteValidator_04" time="0.021"/>
  <testcase name="testAbaNumberCheck_6504_bad" classname="com.cardatechnologies.utils.validators.abaroutevalidator.Test_AbaRouteValidator_04" time="0.02"/>
  <testcase name="testAbaNumberCheck_7318_bad" classname="com.cardatechnologies.utils.validators.abaroutevalidator.Test_AbaRouteValidator_04" time="0.021"/>
  <testcase name="testAbaNumberCheck_5240_bad" classname="com.cardatechnologies.utils.validators.abaroutevalidator.Test_AbaRouteValidator_04" time="0.027"/>
  <testcase name="testAbaNumberCheck_6054_bad" classname="com.cardatechnologies.utils.validators.abaroutevalidator.Test_AbaRouteValidator_04" time="0.022"/>
  <testcase name="testAbaNumberCheck_6506_bad" classname="com.cardatechnologies.utils.validators.abaroutevalidator.Test_AbaRouteValidator_04" time="0.023"/>
  <testcase name="testAbaNumberCheck_5242_bad" classname="com.cardatechnologies.utils.validators.abaroutevalidator.Test_AbaRouteValidator_04" time="0.027"/>
  <testcase name="testAbaNumberCheck_6056_bad" classname="com.cardatechnologies.utils.validators.abaroutevalidator.Test_AbaRouteValidator_04" time="0.021"/>
  <testcase name="testAbaNumberCheck_6508_bad" classname="com.cardatechnologies.utils.validators.abaroutevalidator.Test_AbaRouteValidator_04" time="0.021"/>
  <testcase name="testAbaNumberCheck_5244_bad" classname="com.cardatechnologies.utils.validators.abaroutevalidator.Test_AbaRouteValidator_04" time="0.021"/>
  <testcase name="testAbaNumberCheck_6058_bad" classname="com.cardatechnologies.utils.validators.abaroutevalidator.Test_AbaRouteValidator_04" time="0.02"/>
  <testcase name="testAbaNumberCheck_5246_bad" classname="com.cardatechnologies.utils.validators.abaroutevalidator.Test_AbaRouteValidator_04" time="0.021"/>
  <testcase name="testAbaNumberCheck_7051_good" classname="com.cardatechnologies.utils.validators.abaroutevalidator.Test_AbaRouteValidator_04" time="0.021"/>
  <testcase name="testAbaNumberCheck_6111_good" classname="com.cardatechnologies.utils.validators.abaroutevalidator.Test_AbaRouteValidator_04" time="0.02"/>
  <testcase name="testAbaNumberCheck_5248_bad" classname="com.cardatechnologies.utils.validators.abaroutevalidator.Test_AbaRouteValidator_04" time="0.021"/>
  <testcase name="testAbaNumberCheck_7421_good" classname="com.cardatechnologies.utils.validators.abaroutevalidator.Test_AbaRouteValidator_04" time="0.02"/>
  <testcase name="testAbaNumberCheck_7320_bad" classname="com.cardatechnologies.utils.validators.abaroutevalidator.Test_AbaRouteValidator_04" time="0.021"/>
  <testcase name="testAbaNumberCheck_7322_bad" classname="com.cardatechnologies.utils.validators.abaroutevalidator.Test_AbaRouteValidator_04" time="0.02"/>
  <testcase name="testAbaNumberCheck_6510_bad" classname="com.cardatechnologies.utils.validators.abaroutevalidator.Test_AbaRouteValidator_04" time="0.021"/>
  <testcase name="testAbaNumberCheck_7324_bad" classname="com.cardatechnologies.utils.validators.abaroutevalidator.Test_AbaRouteValidator_04" time="0.02"/>
  <testcase name="testAbaNumberCheck_6060_bad" classname="com.cardatechnologies.utils.validators.abaroutevalidator.Test_AbaRouteValidator_04" time="0.021"/>
  <testcase name="testAbaNumberCheck_6512_bad" classname="com.cardatechnologies.utils.validators.abaroutevalidator.Test_AbaRouteValidator_04" time="0.021"/>
  <testcase name="testAbaNumberCheck_7326_bad" classname="com.cardatechnologies.utils.validators.abaroutevalidator.Test_AbaRouteValidator_04" time="0.021"/>
  <testcase name="testAbaNumberCheck_6062_bad" classname="com.cardatechnologies.utils.validators.abaroutevalidator.Test_AbaRouteValidator_04" time="0.021"/>
  <testcase name="testAbaNumberCheck_5700_bad" classname="com.cardatechnologies.utils.validators.abaroutevalidator.Test_AbaRouteValidator_04" time="0.02"/>
  <testcase name="testAbaNumberCheck_6514_bad" classname="com.cardatechnologies.utils.validators.abaroutevalidator.Test_AbaRouteValidator_04" time="0.021"/>
  <testcase name="testAbaNumberCheck_7328_bad" classname="com.cardatechnologies.utils.validators.abaroutevalidator.Test_AbaRouteValidator_04" time="0.02"/>
  <testcase name="testAbaNumberCheck_5250_bad" classname="com.cardatechnologies.utils.validators.abaroutevalidator.Test_AbaRouteValidator_04" time="0.033"/>
  <testcase name="testAbaNumberCheck_6064_bad" classname="com.cardatechnologies.utils.validators.abaroutevalidator.Test_AbaRouteValidator_04" time="0.023"/>
  <testcase name="testAbaNumberCheck_5702_bad" classname="com.cardatechnologies.utils.validators.abaroutevalidator.Test_AbaRouteValidator_04" time="0.029"/>
  <testcase name="testAbaNumberCheck_6516_bad" classname="com.cardatechnologies.utils.validators.abaroutevalidator.Test_AbaRouteValidator_04" time="0.027"/>
  <testcase name="testAbaNumberCheck_5252_bad" classname="com.cardatechnologies.utils.validators.abaroutevalidator.Test_AbaRouteValidator_04" time="0.024"/>
  <testcase name="testAbaNumberCheck_6066_bad" classname="com.cardatechnologies.utils.validators.abaroutevalidator.Test_AbaRouteValidator_04" time="0.024"/>
  <testcase name="testAbaNumberCheck_7133_good" classname="com.cardatechnologies.utils.validators.abaroutevalidator.Test_AbaRouteValidator_04" time="0.023"/>
  <testcase name="testAbaNumberCheck_5704_bad" classname="com.cardatechnologies.utils.validators.abaroutevalidator.Test_AbaRouteValidator_04" time="0.023"/>
  <testcase name="testAbaNumberCheck_6518_bad" classname="com.cardatechnologies.utils.validators.abaroutevalidator.Test_AbaRouteValidator_04" time="0.025"/>
  <testcase name="testAbaNumberCheck_5254_bad" classname="com.cardatechnologies.utils.validators.abaroutevalidator.Test_AbaRouteValidator_04" time="0.024"/>
  <testcase name="testAbaNumberCheck_6068_bad" classname="com.cardatechnologies.utils.validators.abaroutevalidator.Test_AbaRouteValidator_04" time="0.026"/>
  <testcase name="testAbaNumberCheck_5706_bad" classname="com.cardatechnologies.utils.validators.abaroutevalidator.Test_AbaRouteValidator_04" time="0.022"/>
  <testcase name="testAbaNumberCheck_5256_bad" classname="com.cardatechnologies.utils.validators.abaroutevalidator.Test_AbaRouteValidator_04" time="0.021"/>
  <testcase name="testAbaNumberCheck_7007_good" classname="com.cardatechnologies.utils.validators.abaroutevalidator.Test_AbaRouteValidator_04" time="0.021"/>
  <testcase name="testAbaNumberCheck_5708_bad" classname="com.cardatechnologies.utils.validators.abaroutevalidator.Test_AbaRouteValidator_04" time="0.02"/>
  <testcase name="testAbaNumberCheck_5258_bad" classname="com.cardatechnologies.utils.validators.abaroutevalidator.Test_AbaRouteValidator_04" time="0.021"/>
  <testcase name="testAbaNumberCheck_6031_good" classname="com.cardatechnologies.utils.validators.abaroutevalidator.Test_AbaRouteValidator_04" time="0.02"/>
  <testcase name="testAbaNumberCheck_7330_bad" classname="com.cardatechnologies.utils.validators.abaroutevalidator.Test_AbaRouteValidator_04" time="0.021"/>
  <testcase name="testAbaNumberCheck_7332_bad" classname="com.cardatechnologies.utils.validators.abaroutevalidator.Test_AbaRouteValidator_04" time="0.021"/>
  <testcase name="testAbaNumberCheck_7341_good" classname="com.cardatechnologies.utils.validators.abaroutevalidator.Test_AbaRouteValidator_04" time="0.02"/>
  <testcase name="testAbaNumberCheck_6401_good" classname="com.cardatechnologies.utils.validators.abaroutevalidator.Test_AbaRouteValidator_04" time="0.022"/>
  <testcase name="testAbaNumberCheck_6520_bad" classname="com.cardatechnologies.utils.validators.abaroutevalidator.Test_AbaRouteValidator_04" time="0.029"/>
  <testcase name="testAbaNumberCheck_7334_bad" classname="com.cardatechnologies.utils.validators.abaroutevalidator.Test_AbaRouteValidator_04" time="0.038"/>
  <testcase name="testAbaNumberCheck_6070_bad" classname="com.cardatechnologies.utils.validators.abaroutevalidator.Test_AbaRouteValidator_04" time="0.027"/>
  <testcase name="testAbaNumberCheck_6522_bad" classname="com.cardatechnologies.utils.validators.abaroutevalidator.Test_AbaRouteValidator_04" time="0.027"/>
  <testcase name="testAbaNumberCheck_7336_bad" classname="com.cardatechnologies.utils.validators.abaroutevalidator.Test_AbaRouteValidator_04" time="0.024"/>
  <testcase name="testAbaNumberCheck_6072_bad" classname="com.cardatechnologies.utils.validators.abaroutevalidator.Test_AbaRouteValidator_04" time="0.021"/>
  <testcase name="testAbaNumberCheck_7215_good" classname="com.cardatechnologies.utils.validators.abaroutevalidator.Test_AbaRouteValidator_04" time="0.025"/>
  <testcase name="testAbaNumberCheck_5710_bad" classname="com.cardatechnologies.utils.validators.abaroutevalidator.Test_AbaRouteValidator_04" time="0.025"/>
  <testcase name="testAbaNumberCheck_6524_bad" classname="com.cardatechnologies.utils.validators.abaroutevalidator.Test_AbaRouteValidator_04" time="0.025"/>
  <testcase name="testAbaNumberCheck_7338_bad" classname="com.cardatechnologies.utils.validators.abaroutevalidator.Test_AbaRouteValidator_04" time="0.022"/>
  <testcase name="testAbaNumberCheck_5260_bad" classname="com.cardatechnologies.utils.validators.abaroutevalidator.Test_AbaRouteValidator_04" time="0.025"/>
  <testcase name="testAbaNumberCheck_6074_bad" classname="com.cardatechnologies.utils.validators.abaroutevalidator.Test_AbaRouteValidator_04" time="0.024"/>
  <testcase name="testAbaNumberCheck_5712_bad" classname="com.cardatechnologies.utils.validators.abaroutevalidator.Test_AbaRouteValidator_04" time="0.02"/>
  <testcase name="testAbaNumberCheck_6526_bad" classname="com.cardatechnologies.utils.validators.abaroutevalidator.Test_AbaRouteValidator_04" time="0.021"/>
  <testcase name="testAbaNumberCheck_5262_bad" classname="com.cardatechnologies.utils.validators.abaroutevalidator.Test_AbaRouteValidator_04" time="0.021"/>
  <testcase name="testAbaNumberCheck_6076_bad" classname="com.cardatechnologies.utils.validators.abaroutevalidator.Test_AbaRouteValidator_04" time="0.021"/>
  <testcase name="testAbaNumberCheck_5714_bad" classname="com.cardatechnologies.utils.validators.abaroutevalidator.Test_AbaRouteValidator_04" time="0.021"/>
  <testcase name="testAbaNumberCheck_6528_bad" classname="com.cardatechnologies.utils.validators.abaroutevalidator.Test_AbaRouteValidator_04" time="0.022"/>
  <testcase name="testAbaNumberCheck_5264_bad" classname="com.cardatechnologies.utils.validators.abaroutevalidator.Test_AbaRouteValidator_04" time="0.021"/>
  <testcase name="testAbaNumberCheck_6078_bad" classname="com.cardatechnologies.utils.validators.abaroutevalidator.Test_AbaRouteValidator_04" time="0.021"/>
  <testcase name="testAbaNumberCheck_5716_bad" classname="com.cardatechnologies.utils.validators.abaroutevalidator.Test_AbaRouteValidator_04" time="0.02"/>
  <testcase name="testAbaNumberCheck_5266_bad" classname="com.cardatechnologies.utils.validators.abaroutevalidator.Test_AbaRouteValidator_04" time="0.021"/>
  <testcase name="testAbaNumberCheck_7053_good" classname="com.cardatechnologies.utils.validators.abaroutevalidator.Test_AbaRouteValidator_04" time="0.021"/>
  <testcase name="testAbaNumberCheck_6113_good" classname="com.cardatechnologies.utils.validators.abaroutevalidator.Test_AbaRouteValidator_04" time="0.021"/>
  <testcase name="testAbaNumberCheck_5718_bad" classname="com.cardatechnologies.utils.validators.abaroutevalidator.Test_AbaRouteValidator_04" time="0.026"/>
  <testcase name="testAbaNumberCheck_5268_bad" classname="com.cardatechnologies.utils.validators.abaroutevalidator.Test_AbaRouteValidator_04" time="0.021"/>
  <testcase name="testAbaNumberCheck_5011_good" classname="com.cardatechnologies.utils.validators.abaroutevalidator.Test_AbaRouteValidator_04" time="0.022"/>
  <testcase name="testAbaNumberCheck_7423_good" classname="com.cardatechnologies.utils.validators.abaroutevalidator.Test_AbaRouteValidator_04" time="0.032"/>
  <testcase name="testAbaNumberCheck_7340_bad" classname="com.cardatechnologies.utils.validators.abaroutevalidator.Test_AbaRouteValidator_04" time="0.027"/>
</testsuite>