<?xml version="1.0" encoding="UTF-8"?>
<testsuite name="com.cardatechnologies.utils.validators.abaroutevalidator.Test_AbaRouteValidator_10" time="0.062" tests="2450" errors="0" skipped="0" failures="0">
  <properties>
    <property name="java.runtime.name" value="Java(TM) SE Runtime Environment"/>
    <property name="sun.boot.library.path" value="D:\tools\java\jdk\jdk1.8.0_20\jre\bin"/>
    <property name="java.vm.version" value="25.20-b23"/>
    <property name="java.vm.vendor" value="Oracle Corporation"/>
    <property name="java.vendor.url" value="http://java.oracle.com/"/>
    <property name="path.separator" value=";"/>
    <property name="guice.disable.misplaced.annotation.check" value="true"/>
    <property name="java.vm.name" value="Java HotSpot(TM) 64-Bit Server VM"/>
    <property name="file.encoding.pkg" value="sun.io"/>
    <property name="user.script" value=""/>
    <property name="user.country" value="US"/>
    <property name="sun.java.launcher" value="SUN_STANDARD"/>
    <property name="sun.os.patch.level" value=""/>
    <property name="java.vm.specification.name" value="Java Virtual Machine Specification"/>
    <property name="user.dir" value="D:\projects\CardaTech\aba.route.validator"/>
    <property name="java.runtime.version" value="1.8.0_20-b26"/>
    <property name="java.awt.graphicsenv" value="sun.awt.Win32GraphicsEnvironment"/>
    <property name="java.endorsed.dirs" value="D:\tools\java\jdk\jdk1.8.0_20\jre\lib\endorsed"/>
    <property name="os.arch" value="amd64"/>
    <property name="java.io.tmpdir" value="C:\Users\Joker\AppData\Local\Temp\"/>
    <property name="line.separator" value="&#10;"/>
    <property name="java.vm.specification.vendor" value="Oracle Corporation"/>
    <property name="user.variant" value=""/>
    <property name="os.name" value="Windows 8.1"/>
    <property name="classworlds.conf" value="D:\tools\java\apache\apache-maven-3.2.3\bin\..\bin\m2.conf"/>
    <property name="maven.test.skip" value="false"/>
    <property name="sun.jnu.encoding" value="Cp1252"/>
    <property name="java.library.path" value="D:\tools\java\jdk\jdk1.8.0_20\bin;C:\Windows\Sun\Java\bin;C:\Windows\system32;C:\Windows;C:\Program Files (x86)\NVIDIA Corporation\PhysX\Common;C:\ProgramData\Oracle\Java\javapath;C:\Windows\system32;C:\Windows;C:\Windows\System32\Wbem;C:\Windows\System32\WindowsPowerShell\v1.0\;C:\Program Files (x86)\ATI Technologies\ATI.ACE\Core-Static;D:\Applications\CondusivTechnologies\Diskeeper\;C:\Program Files (x86)\Common Files\Acronis\SnapAPI\;C:\Program Files\Common Files\Autodesk Shared\;C:\Program Files (x86)\Autodesk\Backburner\;D:\Applications\DAZ3D\LuxRender;C:\Program Files (x86)\QuickTime\QTSystem\;D:\tools\nodejs\;C:\Program Files (x86)\AMD\ATI.ACE\Core-Static;C:\Program Files (x86)\NVIDIA Corporation\PhysX\Common;C:\ProgramData\Oracle\Java\javapath;C:\Windows\system32;C:\Windows;C:\Windows\System32\Wbem;C:\Windows\System32\WindowsPowerShell\v1.0\;C:\Program Files (x86)\ATI Technologies\ATI.ACE\Core-Static;D:\Applications\CondusivTechnologies\Diskeeper\;C:\Program Files (x86)\Common Files\Acronis\SnapAPI\;C:\Program Files\Common Files\Autodesk Shared\;C:\Program Files (x86)\Autodesk\Backburner\;D:\Applications\DAZ3D\LuxRender;C:\Program Files (x86)\QuickTime\QTSystem\;D:\tools\nodejs\;C:\Program Files (x86)\AMD\ATI.ACE\Core-Static;D:\projects\MongoDB\MongoDB_2.6.6\bin;D:\tools\java\apache\apache-maven-3.2.3\bin;D:\tools\java\jdk\jdk1.8.0_20\bin;C:\Users\Joker\AppData\Roaming\npm;D:\tools\nodejs;D:\Applications\SublimeText2\;C:\Program Files (x86)\Common Files\Acronis\TibMounter64;."/>
    <property name="java.specification.name" value="Java Platform API Specification"/>
    <property name="java.class.version" value="52.0"/>
    <property name="sun.management.compiler" value="HotSpot 64-Bit Tiered Compilers"/>
    <property name="os.version" value="6.3"/>
    <property name="user.home" value="C:\Users\Joker"/>
    <property name="user.timezone" value="America/Denver"/>
    <property name="java.awt.printerjob" value="sun.awt.windows.WPrinterJob"/>
    <property name="java.specification.version" value="1.8"/>
    <property name="file.encoding" value="Cp1252"/>
    <property name="user.name" value="Joker"/>
    <property name="java.class.path" value="D:\tools\java\apache\apache-maven-3.2.3\bin\..\boot\plexus-classworlds-2.5.1.jar"/>
    <property name="org.slf4j.simpleLogger.defaultLogLevel" value="debug"/>
    <property name="java.vm.specification.version" value="1.8"/>
    <property name="sun.arch.data.model" value="64"/>
    <property name="java.home" value="D:\tools\java\jdk\jdk1.8.0_20\jre"/>
    <property name="sun.java.command" value="org.codehaus.plexus.classworlds.launcher.Launcher -Dmaven.test.skip=false package test site -X"/>
    <property name="java.specification.vendor" value="Oracle Corporation"/>
    <property name="user.language" value="en"/>
    <property name="awt.toolkit" value="sun.awt.windows.WToolkit"/>
    <property name="java.vm.info" value="mixed mode"/>
    <property name="java.version" value="1.8.0_20"/>
    <property name="java.ext.dirs" value="D:\tools\java\jdk\jdk1.8.0_20\jre\lib\ext;C:\Windows\Sun\Java\lib\ext"/>
    <property name="sun.boot.class.path" value="D:\tools\java\jdk\jdk1.8.0_20\jre\lib\resources.jar;D:\tools\java\jdk\jdk1.8.0_20\jre\lib\rt.jar;D:\tools\java\jdk\jdk1.8.0_20\jre\lib\sunrsasign.jar;D:\tools\java\jdk\jdk1.8.0_20\jre\lib\jsse.jar;D:\tools\java\jdk\jdk1.8.0_20\jre\lib\jce.jar;D:\tools\java\jdk\jdk1.8.0_20\jre\lib\charsets.jar;D:\tools\java\jdk\jdk1.8.0_20\jre\lib\jfr.jar;D:\tools\java\jdk\jdk1.8.0_20\jre\classes"/>
    <property name="sun.stderr.encoding" value="cp437"/>
    <property name="java.vendor" value="Oracle Corporation"/>
    <property name="maven.home" value="D:\tools\java\apache\apache-maven-3.2.3\bin\.."/>
    <property name="file.separator" value="\"/>
    <property name="java.vendor.url.bug" value="http://bugreport.sun.com/bugreport/"/>
    <property name="sun.cpu.endian" value="little"/>
    <property name="sun.io.unicode.encoding" value="UnicodeLittle"/>
    <property name="sun.stdout.encoding" value="cp437"/>
    <property name="sun.desktop" value="windows"/>
    <property name="sun.cpu.isalist" value="amd64"/>
  </properties>
  <testcase name="testAbaNumberCheck_21273_good" classname="com.cardatechnologies.utils.validators.abaroutevalidator.Test_AbaRouteValidator_10" time="0"/>
  <testcase name="testAbaNumberCheck_20333_good" classname="com.cardatechnologies.utils.validators.abaroutevalidator.Test_AbaRouteValidator_10" time="0"/>
  <testcase name="testAbaNumberCheck_21931_good" classname="com.cardatechnologies.utils.validators.abaroutevalidator.Test_AbaRouteValidator_10" time="0"/>
  <testcase name="testAbaNumberCheck_22087_good" classname="com.cardatechnologies.utils.validators.abaroutevalidator.Test_AbaRouteValidator_10" time="0"/>
  <testcase name="testAbaNumberCheck_21147_good" classname="com.cardatechnologies.utils.validators.abaroutevalidator.Test_AbaRouteValidator_10" time="0"/>
  <testcase name="testAbaNumberCheck_20207_good" classname="com.cardatechnologies.utils.validators.abaroutevalidator.Test_AbaRouteValidator_10" time="0"/>
  <testcase name="testAbaNumberCheck_21805_good" classname="com.cardatechnologies.utils.validators.abaroutevalidator.Test_AbaRouteValidator_10" time="0"/>
  <testcase name="testAbaNumberCheck_20171_good" classname="com.cardatechnologies.utils.validators.abaroutevalidator.Test_AbaRouteValidator_10" time="0"/>
  <testcase name="testAbaNumberCheck_20045_good" classname="com.cardatechnologies.utils.validators.abaroutevalidator.Test_AbaRouteValidator_10" time="0"/>
  <testcase name="testAbaNumberCheck_21643_good" classname="com.cardatechnologies.utils.validators.abaroutevalidator.Test_AbaRouteValidator_10" time="0"/>
  <testcase name="testAbaNumberCheck_20703_good" classname="com.cardatechnologies.utils.validators.abaroutevalidator.Test_AbaRouteValidator_10" time="0"/>
  <testcase name="testAbaNumberCheck_21517_good" classname="com.cardatechnologies.utils.validators.abaroutevalidator.Test_AbaRouteValidator_10" time="0"/>
  <testcase name="testAbaNumberCheck_21481_good" classname="com.cardatechnologies.utils.validators.abaroutevalidator.Test_AbaRouteValidator_10" time="0"/>
  <testcase name="testAbaNumberCheck_20541_good" classname="com.cardatechnologies.utils.validators.abaroutevalidator.Test_AbaRouteValidator_10" time="0"/>
  <testcase name="testAbaNumberCheck_22295_good" classname="com.cardatechnologies.utils.validators.abaroutevalidator.Test_AbaRouteValidator_10" time="0"/>
  <testcase name="testAbaNumberCheck_21355_good" classname="com.cardatechnologies.utils.validators.abaroutevalidator.Test_AbaRouteValidator_10" time="0"/>
  <testcase name="testAbaNumberCheck_20415_good" classname="com.cardatechnologies.utils.validators.abaroutevalidator.Test_AbaRouteValidator_10" time="0"/>
  <testcase name="testAbaNumberCheck_22169_good" classname="com.cardatechnologies.utils.validators.abaroutevalidator.Test_AbaRouteValidator_10" time="0"/>
  <testcase name="testAbaNumberCheck_21229_good" classname="com.cardatechnologies.utils.validators.abaroutevalidator.Test_AbaRouteValidator_10" time="0"/>
  <testcase name="testAbaNumberCheck_21193_good" classname="com.cardatechnologies.utils.validators.abaroutevalidator.Test_AbaRouteValidator_10" time="0"/>
  <testcase name="testAbaNumberCheck_20253_good" classname="com.cardatechnologies.utils.validators.abaroutevalidator.Test_AbaRouteValidator_10" time="0"/>
  <testcase name="testAbaNumberCheck_21851_good" classname="com.cardatechnologies.utils.validators.abaroutevalidator.Test_AbaRouteValidator_10" time="0"/>
  <testcase name="testAbaNumberCheck_20911_good" classname="com.cardatechnologies.utils.validators.abaroutevalidator.Test_AbaRouteValidator_10" time="0"/>
  <testcase name="testAbaNumberCheck_21067_good" classname="com.cardatechnologies.utils.validators.abaroutevalidator.Test_AbaRouteValidator_10" time="0"/>
  <testcase name="testAbaNumberCheck_20127_good" classname="com.cardatechnologies.utils.validators.abaroutevalidator.Test_AbaRouteValidator_10" time="0"/>
  <testcase name="testAbaNumberCheck_21725_good" classname="com.cardatechnologies.utils.validators.abaroutevalidator.Test_AbaRouteValidator_10" time="0"/>
  <testcase name="testAbaNumberCheck_20091_good" classname="com.cardatechnologies.utils.validators.abaroutevalidator.Test_AbaRouteValidator_10" time="0"/>
  <testcase name="testAbaNumberCheck_21563_good" classname="com.cardatechnologies.utils.validators.abaroutevalidator.Test_AbaRouteValidator_10" time="0"/>
  <testcase name="testAbaNumberCheck_20623_good" classname="com.cardatechnologies.utils.validators.abaroutevalidator.Test_AbaRouteValidator_10" time="0"/>
  <testcase name="testAbaNumberCheck_22377_good" classname="com.cardatechnologies.utils.validators.abaroutevalidator.Test_AbaRouteValidator_10" time="0"/>
  <testcase name="testAbaNumberCheck_21437_good" classname="com.cardatechnologies.utils.validators.abaroutevalidator.Test_AbaRouteValidator_10" time="0"/>
  <testcase name="testAbaNumberCheck_20461_good" classname="com.cardatechnologies.utils.validators.abaroutevalidator.Test_AbaRouteValidator_10" time="0"/>
  <testcase name="testAbaNumberCheck_21275_good" classname="com.cardatechnologies.utils.validators.abaroutevalidator.Test_AbaRouteValidator_10" time="0"/>
  <testcase name="testAbaNumberCheck_20335_good" classname="com.cardatechnologies.utils.validators.abaroutevalidator.Test_AbaRouteValidator_10" time="0"/>
  <testcase name="testAbaNumberCheck_21933_good" classname="com.cardatechnologies.utils.validators.abaroutevalidator.Test_AbaRouteValidator_10" time="0"/>
  <testcase name="testAbaNumberCheck_22089_good" classname="com.cardatechnologies.utils.validators.abaroutevalidator.Test_AbaRouteValidator_10" time="0"/>
  <testcase name="testAbaNumberCheck_21149_good" classname="com.cardatechnologies.utils.validators.abaroutevalidator.Test_AbaRouteValidator_10" time="0"/>
  <testcase name="testAbaNumberCheck_20209_good" classname="com.cardatechnologies.utils.validators.abaroutevalidator.Test_AbaRouteValidator_10" time="0"/>
  <testcase name="testAbaNumberCheck_21807_good" classname="com.cardatechnologies.utils.validators.abaroutevalidator.Test_AbaRouteValidator_10" time="0"/>
  <testcase name="testAbaNumberCheck_20173_good" classname="com.cardatechnologies.utils.validators.abaroutevalidator.Test_AbaRouteValidator_10" time="0"/>
  <testcase name="testAbaNumberCheck_21771_good" classname="com.cardatechnologies.utils.validators.abaroutevalidator.Test_AbaRouteValidator_10" time="0"/>
  <testcase name="testAbaNumberCheck_20831_good" classname="com.cardatechnologies.utils.validators.abaroutevalidator.Test_AbaRouteValidator_10" time="0"/>
  <testcase name="testAbaNumberCheck_20047_good" classname="com.cardatechnologies.utils.validators.abaroutevalidator.Test_AbaRouteValidator_10" time="0"/>
  <testcase name="testAbaNumberCheck_21645_good" classname="com.cardatechnologies.utils.validators.abaroutevalidator.Test_AbaRouteValidator_10" time="0"/>
  <testcase name="testAbaNumberCheck_20705_good" classname="com.cardatechnologies.utils.validators.abaroutevalidator.Test_AbaRouteValidator_10" time="0"/>
  <testcase name="testAbaNumberCheck_21519_good" classname="com.cardatechnologies.utils.validators.abaroutevalidator.Test_AbaRouteValidator_10" time="0"/>
  <testcase name="testAbaNumberCheck_21483_good" classname="com.cardatechnologies.utils.validators.abaroutevalidator.Test_AbaRouteValidator_10" time="0"/>
  <testcase name="testAbaNumberCheck_20543_good" classname="com.cardatechnologies.utils.validators.abaroutevalidator.Test_AbaRouteValidator_10" time="0"/>
  <testcase name="testAbaNumberCheck_22297_good" classname="com.cardatechnologies.utils.validators.abaroutevalidator.Test_AbaRouteValidator_10" time="0"/>
  <testcase name="testAbaNumberCheck_21357_good" classname="com.cardatechnologies.utils.validators.abaroutevalidator.Test_AbaRouteValidator_10" time="0"/>
  <testcase name="testAbaNumberCheck_20417_good" classname="com.cardatechnologies.utils.validators.abaroutevalidator.Test_AbaRouteValidator_10" time="0"/>
  <testcase name="testAbaNumberCheck_20381_good" classname="com.cardatechnologies.utils.validators.abaroutevalidator.Test_AbaRouteValidator_10" time="0"/>
  <testcase name="testAbaNumberCheck_21195_good" classname="com.cardatechnologies.utils.validators.abaroutevalidator.Test_AbaRouteValidator_10" time="0"/>
  <testcase name="testAbaNumberCheck_20255_good" classname="com.cardatechnologies.utils.validators.abaroutevalidator.Test_AbaRouteValidator_10" time="0"/>
  <testcase name="testAbaNumberCheck_21853_good" classname="com.cardatechnologies.utils.validators.abaroutevalidator.Test_AbaRouteValidator_10" time="0"/>
  <testcase name="testAbaNumberCheck_20913_good" classname="com.cardatechnologies.utils.validators.abaroutevalidator.Test_AbaRouteValidator_10" time="0"/>
  <testcase name="testAbaNumberCheck_21069_good" classname="com.cardatechnologies.utils.validators.abaroutevalidator.Test_AbaRouteValidator_10" time="0"/>
  <testcase name="testAbaNumberCheck_20129_good" classname="com.cardatechnologies.utils.validators.abaroutevalidator.Test_AbaRouteValidator_10" time="0"/>
  <testcase name="testAbaNumberCheck_21727_good" classname="com.cardatechnologies.utils.validators.abaroutevalidator.Test_AbaRouteValidator_10" time="0"/>
  <testcase name="testAbaNumberCheck_20093_good" classname="com.cardatechnologies.utils.validators.abaroutevalidator.Test_AbaRouteValidator_10" time="0"/>
  <testcase name="testAbaNumberCheck_21691_good" classname="com.cardatechnologies.utils.validators.abaroutevalidator.Test_AbaRouteValidator_10" time="0"/>
  <testcase name="testAbaNumberCheck_20751_good" classname="com.cardatechnologies.utils.validators.abaroutevalidator.Test_AbaRouteValidator_10" time="0"/>
  <testcase name="testAbaNumberCheck_21565_good" classname="com.cardatechnologies.utils.validators.abaroutevalidator.Test_AbaRouteValidator_10" time="0"/>
  <testcase name="testAbaNumberCheck_20625_good" classname="com.cardatechnologies.utils.validators.abaroutevalidator.Test_AbaRouteValidator_10" time="0"/>
  <testcase name="testAbaNumberCheck_22379_good" classname="com.cardatechnologies.utils.validators.abaroutevalidator.Test_AbaRouteValidator_10" time="0"/>
  <testcase name="testAbaNumberCheck_21439_good" classname="com.cardatechnologies.utils.validators.abaroutevalidator.Test_AbaRouteValidator_10" time="0"/>
  <testcase name="testAbaNumberCheck_20463_good" classname="com.cardatechnologies.utils.validators.abaroutevalidator.Test_AbaRouteValidator_10" time="0"/>
  <testcase name="testAbaNumberCheck_21277_good" classname="com.cardatechnologies.utils.validators.abaroutevalidator.Test_AbaRouteValidator_10" time="0"/>
  <testcase name="testAbaNumberCheck_20337_good" classname="com.cardatechnologies.utils.validators.abaroutevalidator.Test_AbaRouteValidator_10" time="0"/>
  <testcase name="testAbaNumberCheck_21935_good" classname="com.cardatechnologies.utils.validators.abaroutevalidator.Test_AbaRouteValidator_10" time="0"/>
  <testcase name="testAbaNumberCheck_21809_good" classname="com.cardatechnologies.utils.validators.abaroutevalidator.Test_AbaRouteValidator_10" time="0"/>
  <testcase name="testAbaNumberCheck_20175_good" classname="com.cardatechnologies.utils.validators.abaroutevalidator.Test_AbaRouteValidator_10" time="0"/>
  <testcase name="testAbaNumberCheck_21773_good" classname="com.cardatechnologies.utils.validators.abaroutevalidator.Test_AbaRouteValidator_10" time="0"/>
  <testcase name="testAbaNumberCheck_20833_good" classname="com.cardatechnologies.utils.validators.abaroutevalidator.Test_AbaRouteValidator_10" time="0"/>
  <testcase name="testAbaNumberCheck_20049_good" classname="com.cardatechnologies.utils.validators.abaroutevalidator.Test_AbaRouteValidator_10" time="0"/>
  <testcase name="testAbaNumberCheck_21647_good" classname="com.cardatechnologies.utils.validators.abaroutevalidator.Test_AbaRouteValidator_10" time="0"/>
  <testcase name="testAbaNumberCheck_20707_good" classname="com.cardatechnologies.utils.validators.abaroutevalidator.Test_AbaRouteValidator_10" time="0"/>
  <testcase name="testAbaNumberCheck_20671_good" classname="com.cardatechnologies.utils.validators.abaroutevalidator.Test_AbaRouteValidator_10" time="0"/>
  <testcase name="testAbaNumberCheck_21485_good" classname="com.cardatechnologies.utils.validators.abaroutevalidator.Test_AbaRouteValidator_10" time="0"/>
  <testcase name="testAbaNumberCheck_20545_good" classname="com.cardatechnologies.utils.validators.abaroutevalidator.Test_AbaRouteValidator_10" time="0"/>
  <testcase name="testAbaNumberCheck_22299_good" classname="com.cardatechnologies.utils.validators.abaroutevalidator.Test_AbaRouteValidator_10" time="0"/>
  <testcase name="testAbaNumberCheck_21359_good" classname="com.cardatechnologies.utils.validators.abaroutevalidator.Test_AbaRouteValidator_10" time="0"/>
  <testcase name="testAbaNumberCheck_20419_good" classname="com.cardatechnologies.utils.validators.abaroutevalidator.Test_AbaRouteValidator_10" time="0"/>
  <testcase name="testAbaNumberCheck_20383_good" classname="com.cardatechnologies.utils.validators.abaroutevalidator.Test_AbaRouteValidator_10" time="0"/>
  <testcase name="testAbaNumberCheck_21981_good" classname="com.cardatechnologies.utils.validators.abaroutevalidator.Test_AbaRouteValidator_10" time="0"/>
  <testcase name="testAbaNumberCheck_21197_good" classname="com.cardatechnologies.utils.validators.abaroutevalidator.Test_AbaRouteValidator_10" time="0"/>
  <testcase name="testAbaNumberCheck_20257_good" classname="com.cardatechnologies.utils.validators.abaroutevalidator.Test_AbaRouteValidator_10" time="0"/>
  <testcase name="testAbaNumberCheck_21855_good" classname="com.cardatechnologies.utils.validators.abaroutevalidator.Test_AbaRouteValidator_10" time="0"/>
  <testcase name="testAbaNumberCheck_20915_good" classname="com.cardatechnologies.utils.validators.abaroutevalidator.Test_AbaRouteValidator_10" time="0"/>
  <testcase name="testAbaNumberCheck_21729_good" classname="com.cardatechnologies.utils.validators.abaroutevalidator.Test_AbaRouteValidator_10" time="0"/>
  <testcase name="testAbaNumberCheck_20095_good" classname="com.cardatechnologies.utils.validators.abaroutevalidator.Test_AbaRouteValidator_10" time="0"/>
  <testcase name="testAbaNumberCheck_20000_bad" classname="com.cardatechnologies.utils.validators.abaroutevalidator.Test_AbaRouteValidator_10" time="0"/>
  <testcase name="testAbaNumberCheck_21693_good" classname="com.cardatechnologies.utils.validators.abaroutevalidator.Test_AbaRouteValidator_10" time="0"/>
  <testcase name="testAbaNumberCheck_20753_good" classname="com.cardatechnologies.utils.validators.abaroutevalidator.Test_AbaRouteValidator_10" time="0"/>
  <testcase name="testAbaNumberCheck_20002_bad" classname="com.cardatechnologies.utils.validators.abaroutevalidator.Test_AbaRouteValidator_10" time="0"/>
  <testcase name="testAbaNumberCheck_20004_bad" classname="com.cardatechnologies.utils.validators.abaroutevalidator.Test_AbaRouteValidator_10" time="0"/>
  <testcase name="testAbaNumberCheck_21567_good" classname="com.cardatechnologies.utils.validators.abaroutevalidator.Test_AbaRouteValidator_10" time="0"/>
  <testcase name="testAbaNumberCheck_20627_good" classname="com.cardatechnologies.utils.validators.abaroutevalidator.Test_AbaRouteValidator_10" time="0"/>
  <testcase name="testAbaNumberCheck_20006_bad" classname="com.cardatechnologies.utils.validators.abaroutevalidator.Test_AbaRouteValidator_10" time="0"/>
  <testcase name="testAbaNumberCheck_20008_bad" classname="com.cardatechnologies.utils.validators.abaroutevalidator.Test_AbaRouteValidator_10" time="0"/>
  <testcase name="testAbaNumberCheck_20591_good" classname="com.cardatechnologies.utils.validators.abaroutevalidator.Test_AbaRouteValidator_10" time="0"/>
  <testcase name="testAbaNumberCheck_20465_good" classname="com.cardatechnologies.utils.validators.abaroutevalidator.Test_AbaRouteValidator_10" time="0"/>
  <testcase name="testAbaNumberCheck_21279_good" classname="com.cardatechnologies.utils.validators.abaroutevalidator.Test_AbaRouteValidator_10" time="0"/>
  <testcase name="testAbaNumberCheck_20339_good" classname="com.cardatechnologies.utils.validators.abaroutevalidator.Test_AbaRouteValidator_10" time="0"/>
  <testcase name="testAbaNumberCheck_21937_good" classname="com.cardatechnologies.utils.validators.abaroutevalidator.Test_AbaRouteValidator_10" time="0"/>
  <testcase name="testAbaNumberCheck_20961_good" classname="com.cardatechnologies.utils.validators.abaroutevalidator.Test_AbaRouteValidator_10" time="0"/>
  <testcase name="testAbaNumberCheck_20177_good" classname="com.cardatechnologies.utils.validators.abaroutevalidator.Test_AbaRouteValidator_10" time="0"/>
  <testcase name="testAbaNumberCheck_21775_good" classname="com.cardatechnologies.utils.validators.abaroutevalidator.Test_AbaRouteValidator_10" time="0"/>
  <testcase name="testAbaNumberCheck_20835_good" classname="com.cardatechnologies.utils.validators.abaroutevalidator.Test_AbaRouteValidator_10" time="0"/>
  <testcase name="testAbaNumberCheck_20010_bad" classname="com.cardatechnologies.utils.validators.abaroutevalidator.Test_AbaRouteValidator_10" time="0"/>
  <testcase name="testAbaNumberCheck_21649_good" classname="com.cardatechnologies.utils.validators.abaroutevalidator.Test_AbaRouteValidator_10" time="0"/>
  <testcase name="testAbaNumberCheck_20709_good" classname="com.cardatechnologies.utils.validators.abaroutevalidator.Test_AbaRouteValidator_10" time="0"/>
  <testcase name="testAbaNumberCheck_20012_bad" classname="com.cardatechnologies.utils.validators.abaroutevalidator.Test_AbaRouteValidator_10" time="0"/>
  <testcase name="testAbaNumberCheck_20014_bad" classname="com.cardatechnologies.utils.validators.abaroutevalidator.Test_AbaRouteValidator_10" time="0"/>
  <testcase name="testAbaNumberCheck_20673_good" classname="com.cardatechnologies.utils.validators.abaroutevalidator.Test_AbaRouteValidator_10" time="0"/>
  <testcase name="testAbaNumberCheck_20016_bad" classname="com.cardatechnologies.utils.validators.abaroutevalidator.Test_AbaRouteValidator_10" time="0"/>
  <testcase name="testAbaNumberCheck_20018_bad" classname="com.cardatechnologies.utils.validators.abaroutevalidator.Test_AbaRouteValidator_10" time="0"/>
  <testcase name="testAbaNumberCheck_21487_good" classname="com.cardatechnologies.utils.validators.abaroutevalidator.Test_AbaRouteValidator_10" time="0"/>
  <testcase name="testAbaNumberCheck_20547_good" classname="com.cardatechnologies.utils.validators.abaroutevalidator.Test_AbaRouteValidator_10" time="0"/>
  <testcase name="testAbaNumberCheck_20385_good" classname="com.cardatechnologies.utils.validators.abaroutevalidator.Test_AbaRouteValidator_10" time="0"/>
  <testcase name="testAbaNumberCheck_21983_good" classname="com.cardatechnologies.utils.validators.abaroutevalidator.Test_AbaRouteValidator_10" time="0"/>
  <testcase name="testAbaNumberCheck_21199_good" classname="com.cardatechnologies.utils.validators.abaroutevalidator.Test_AbaRouteValidator_10" time="0"/>
  <testcase name="testAbaNumberCheck_20259_good" classname="com.cardatechnologies.utils.validators.abaroutevalidator.Test_AbaRouteValidator_10" time="0"/>
  <testcase name="testAbaNumberCheck_21857_good" classname="com.cardatechnologies.utils.validators.abaroutevalidator.Test_AbaRouteValidator_10" time="0"/>
  <testcase name="testAbaNumberCheck_20917_good" classname="com.cardatechnologies.utils.validators.abaroutevalidator.Test_AbaRouteValidator_10" time="0"/>
  <testcase name="testAbaNumberCheck_20881_good" classname="com.cardatechnologies.utils.validators.abaroutevalidator.Test_AbaRouteValidator_10" time="0"/>
  <testcase name="testAbaNumberCheck_20097_good" classname="com.cardatechnologies.utils.validators.abaroutevalidator.Test_AbaRouteValidator_10" time="0"/>
  <testcase name="testAbaNumberCheck_20020_bad" classname="com.cardatechnologies.utils.validators.abaroutevalidator.Test_AbaRouteValidator_10" time="0"/>
  <testcase name="testAbaNumberCheck_21695_good" classname="com.cardatechnologies.utils.validators.abaroutevalidator.Test_AbaRouteValidator_10" time="0"/>
  <testcase name="testAbaNumberCheck_20755_good" classname="com.cardatechnologies.utils.validators.abaroutevalidator.Test_AbaRouteValidator_10" time="0"/>
  <testcase name="testAbaNumberCheck_20022_bad" classname="com.cardatechnologies.utils.validators.abaroutevalidator.Test_AbaRouteValidator_10" time="0"/>
  <testcase name="testAbaNumberCheck_20024_bad" classname="com.cardatechnologies.utils.validators.abaroutevalidator.Test_AbaRouteValidator_10" time="0"/>
  <testcase name="testAbaNumberCheck_21569_good" classname="com.cardatechnologies.utils.validators.abaroutevalidator.Test_AbaRouteValidator_10" time="0"/>
  <testcase name="testAbaNumberCheck_20629_good" classname="com.cardatechnologies.utils.validators.abaroutevalidator.Test_AbaRouteValidator_10" time="0"/>
  <testcase name="testAbaNumberCheck_20026_bad" classname="com.cardatechnologies.utils.validators.abaroutevalidator.Test_AbaRouteValidator_10" time="0"/>
  <testcase name="testAbaNumberCheck_20028_bad" classname="com.cardatechnologies.utils.validators.abaroutevalidator.Test_AbaRouteValidator_10" time="0"/>
  <testcase name="testAbaNumberCheck_20593_good" classname="com.cardatechnologies.utils.validators.abaroutevalidator.Test_AbaRouteValidator_10" time="0"/>
  <testcase name="testAbaNumberCheck_20467_good" classname="com.cardatechnologies.utils.validators.abaroutevalidator.Test_AbaRouteValidator_10" time="0"/>
  <testcase name="testAbaNumberCheck_21939_good" classname="com.cardatechnologies.utils.validators.abaroutevalidator.Test_AbaRouteValidator_10" time="0"/>
  <testcase name="testAbaNumberCheck_22100_bad" classname="com.cardatechnologies.utils.validators.abaroutevalidator.Test_AbaRouteValidator_10" time="0"/>
  <testcase name="testAbaNumberCheck_20963_good" classname="com.cardatechnologies.utils.validators.abaroutevalidator.Test_AbaRouteValidator_10" time="0"/>
  <testcase name="testAbaNumberCheck_22102_bad" classname="com.cardatechnologies.utils.validators.abaroutevalidator.Test_AbaRouteValidator_10" time="0"/>
  <testcase name="testAbaNumberCheck_20179_good" classname="com.cardatechnologies.utils.validators.abaroutevalidator.Test_AbaRouteValidator_10" time="0"/>
  <testcase name="testAbaNumberCheck_22104_bad" classname="com.cardatechnologies.utils.validators.abaroutevalidator.Test_AbaRouteValidator_10" time="0"/>
  <testcase name="testAbaNumberCheck_21777_good" classname="com.cardatechnologies.utils.validators.abaroutevalidator.Test_AbaRouteValidator_10" time="0"/>
  <testcase name="testAbaNumberCheck_20837_good" classname="com.cardatechnologies.utils.validators.abaroutevalidator.Test_AbaRouteValidator_10" time="0"/>
  <testcase name="testAbaNumberCheck_22106_bad" classname="com.cardatechnologies.utils.validators.abaroutevalidator.Test_AbaRouteValidator_10" time="0"/>
  <testcase name="testAbaNumberCheck_22108_bad" classname="com.cardatechnologies.utils.validators.abaroutevalidator.Test_AbaRouteValidator_10" time="0"/>
  <testcase name="testAbaNumberCheck_20030_bad" classname="com.cardatechnologies.utils.validators.abaroutevalidator.Test_AbaRouteValidator_10" time="0"/>
  <testcase name="testAbaNumberCheck_20032_bad" classname="com.cardatechnologies.utils.validators.abaroutevalidator.Test_AbaRouteValidator_10" time="0"/>
  <testcase name="testAbaNumberCheck_20034_bad" classname="com.cardatechnologies.utils.validators.abaroutevalidator.Test_AbaRouteValidator_10" time="0"/>
  <testcase name="testAbaNumberCheck_20675_good" classname="com.cardatechnologies.utils.validators.abaroutevalidator.Test_AbaRouteValidator_10" time="0"/>
  <testcase name="testAbaNumberCheck_20036_bad" classname="com.cardatechnologies.utils.validators.abaroutevalidator.Test_AbaRouteValidator_10" time="0"/>
  <testcase name="testAbaNumberCheck_20038_bad" classname="com.cardatechnologies.utils.validators.abaroutevalidator.Test_AbaRouteValidator_10" time="0"/>
  <testcase name="testAbaNumberCheck_21489_good" classname="com.cardatechnologies.utils.validators.abaroutevalidator.Test_AbaRouteValidator_10" time="0"/>
  <testcase name="testAbaNumberCheck_20549_good" classname="com.cardatechnologies.utils.validators.abaroutevalidator.Test_AbaRouteValidator_10" time="0"/>
  <testcase name="testAbaNumberCheck_20387_good" classname="com.cardatechnologies.utils.validators.abaroutevalidator.Test_AbaRouteValidator_10" time="0"/>
  <testcase name="testAbaNumberCheck_21985_good" classname="com.cardatechnologies.utils.validators.abaroutevalidator.Test_AbaRouteValidator_10" time="0"/>
  <testcase name="testAbaNumberCheck_22110_bad" classname="com.cardatechnologies.utils.validators.abaroutevalidator.Test_AbaRouteValidator_10" time="0"/>
  <testcase name="testAbaNumberCheck_21859_good" classname="com.cardatechnologies.utils.validators.abaroutevalidator.Test_AbaRouteValidator_10" time="0"/>
  <testcase name="testAbaNumberCheck_20919_good" classname="com.cardatechnologies.utils.validators.abaroutevalidator.Test_AbaRouteValidator_10" time="0"/>
  <testcase name="testAbaNumberCheck_22112_bad" classname="com.cardatechnologies.utils.validators.abaroutevalidator.Test_AbaRouteValidator_10" time="0"/>
  <testcase name="testAbaNumberCheck_21300_bad" classname="com.cardatechnologies.utils.validators.abaroutevalidator.Test_AbaRouteValidator_10" time="0"/>
  <testcase name="testAbaNumberCheck_22114_bad" classname="com.cardatechnologies.utils.validators.abaroutevalidator.Test_AbaRouteValidator_10" time="0"/>
  <testcase name="testAbaNumberCheck_20883_good" classname="com.cardatechnologies.utils.validators.abaroutevalidator.Test_AbaRouteValidator_10" time="0"/>
  <testcase name="testAbaNumberCheck_21302_bad" classname="com.cardatechnologies.utils.validators.abaroutevalidator.Test_AbaRouteValidator_10" time="0"/>
  <testcase name="testAbaNumberCheck_22116_bad" classname="com.cardatechnologies.utils.validators.abaroutevalidator.Test_AbaRouteValidator_10" time="0"/>
  <testcase name="testAbaNumberCheck_20099_good" classname="com.cardatechnologies.utils.validators.abaroutevalidator.Test_AbaRouteValidator_10" time="0"/>
  <testcase name="testAbaNumberCheck_21304_bad" classname="com.cardatechnologies.utils.validators.abaroutevalidator.Test_AbaRouteValidator_10" time="0"/>
  <testcase name="testAbaNumberCheck_22118_bad" classname="com.cardatechnologies.utils.validators.abaroutevalidator.Test_AbaRouteValidator_10" time="0"/>
  <testcase name="testAbaNumberCheck_20040_bad" classname="com.cardatechnologies.utils.validators.abaroutevalidator.Test_AbaRouteValidator_10" time="0"/>
  <testcase name="testAbaNumberCheck_21697_good" classname="com.cardatechnologies.utils.validators.abaroutevalidator.Test_AbaRouteValidator_10" time="0"/>
  <testcase name="testAbaNumberCheck_20757_good" classname="com.cardatechnologies.utils.validators.abaroutevalidator.Test_AbaRouteValidator_10" time="0"/>
  <testcase name="testAbaNumberCheck_21306_bad" classname="com.cardatechnologies.utils.validators.abaroutevalidator.Test_AbaRouteValidator_10" time="0.001"/>
  <testcase name="testAbaNumberCheck_20042_bad" classname="com.cardatechnologies.utils.validators.abaroutevalidator.Test_AbaRouteValidator_10" time="0"/>
  <testcase name="testAbaNumberCheck_21308_bad" classname="com.cardatechnologies.utils.validators.abaroutevalidator.Test_AbaRouteValidator_10" time="0"/>
  <testcase name="testAbaNumberCheck_20044_bad" classname="com.cardatechnologies.utils.validators.abaroutevalidator.Test_AbaRouteValidator_10" time="0"/>
  <testcase name="testAbaNumberCheck_20046_bad" classname="com.cardatechnologies.utils.validators.abaroutevalidator.Test_AbaRouteValidator_10" time="0"/>
  <testcase name="testAbaNumberCheck_20048_bad" classname="com.cardatechnologies.utils.validators.abaroutevalidator.Test_AbaRouteValidator_10" time="0"/>
  <testcase name="testAbaNumberCheck_20595_good" classname="com.cardatechnologies.utils.validators.abaroutevalidator.Test_AbaRouteValidator_10" time="0"/>
  <testcase name="testAbaNumberCheck_20469_good" classname="com.cardatechnologies.utils.validators.abaroutevalidator.Test_AbaRouteValidator_10" time="0"/>
  <testcase name="testAbaNumberCheck_22120_bad" classname="com.cardatechnologies.utils.validators.abaroutevalidator.Test_AbaRouteValidator_10" time="0"/>
  <testcase name="testAbaNumberCheck_20965_good" classname="com.cardatechnologies.utils.validators.abaroutevalidator.Test_AbaRouteValidator_10" time="0"/>
  <testcase name="testAbaNumberCheck_22122_bad" classname="com.cardatechnologies.utils.validators.abaroutevalidator.Test_AbaRouteValidator_10" time="0"/>
  <testcase name="testAbaNumberCheck_21310_bad" classname="com.cardatechnologies.utils.validators.abaroutevalidator.Test_AbaRouteValidator_10" time="0"/>
  <testcase name="testAbaNumberCheck_22124_bad" classname="com.cardatechnologies.utils.validators.abaroutevalidator.Test_AbaRouteValidator_10" time="0"/>
  <testcase name="testAbaNumberCheck_21779_good" classname="com.cardatechnologies.utils.validators.abaroutevalidator.Test_AbaRouteValidator_10" time="0"/>
  <testcase name="testAbaNumberCheck_20839_good" classname="com.cardatechnologies.utils.validators.abaroutevalidator.Test_AbaRouteValidator_10" time="0"/>
  <testcase name="testAbaNumberCheck_21312_bad" classname="com.cardatechnologies.utils.validators.abaroutevalidator.Test_AbaRouteValidator_10" time="0"/>
  <testcase name="testAbaNumberCheck_22126_bad" classname="com.cardatechnologies.utils.validators.abaroutevalidator.Test_AbaRouteValidator_10" time="0"/>
  <testcase name="testAbaNumberCheck_20500_bad" classname="com.cardatechnologies.utils.validators.abaroutevalidator.Test_AbaRouteValidator_10" time="0"/>
  <testcase name="testAbaNumberCheck_21314_bad" classname="com.cardatechnologies.utils.validators.abaroutevalidator.Test_AbaRouteValidator_10" time="0"/>
  <testcase name="testAbaNumberCheck_22128_bad" classname="com.cardatechnologies.utils.validators.abaroutevalidator.Test_AbaRouteValidator_10" time="0"/>
  <testcase name="testAbaNumberCheck_20050_bad" classname="com.cardatechnologies.utils.validators.abaroutevalidator.Test_AbaRouteValidator_10" time="0"/>
  <testcase name="testAbaNumberCheck_20502_bad" classname="com.cardatechnologies.utils.validators.abaroutevalidator.Test_AbaRouteValidator_10" time="0"/>
  <testcase name="testAbaNumberCheck_21316_bad" classname="com.cardatechnologies.utils.validators.abaroutevalidator.Test_AbaRouteValidator_10" time="0"/>
  <testcase name="testAbaNumberCheck_20052_bad" classname="com.cardatechnologies.utils.validators.abaroutevalidator.Test_AbaRouteValidator_10" time="0"/>
  <testcase name="testAbaNumberCheck_20504_bad" classname="com.cardatechnologies.utils.validators.abaroutevalidator.Test_AbaRouteValidator_10" time="0"/>
  <testcase name="testAbaNumberCheck_21318_bad" classname="com.cardatechnologies.utils.validators.abaroutevalidator.Test_AbaRouteValidator_10" time="0"/>
  <testcase name="testAbaNumberCheck_20054_bad" classname="com.cardatechnologies.utils.validators.abaroutevalidator.Test_AbaRouteValidator_10" time="0"/>
  <testcase name="testAbaNumberCheck_20677_good" classname="com.cardatechnologies.utils.validators.abaroutevalidator.Test_AbaRouteValidator_10" time="0"/>
  <testcase name="testAbaNumberCheck_20506_bad" classname="com.cardatechnologies.utils.validators.abaroutevalidator.Test_AbaRouteValidator_10" time="0"/>
  <testcase name="testAbaNumberCheck_20056_bad" classname="com.cardatechnologies.utils.validators.abaroutevalidator.Test_AbaRouteValidator_10" time="0"/>
  <testcase name="testAbaNumberCheck_20508_bad" classname="com.cardatechnologies.utils.validators.abaroutevalidator.Test_AbaRouteValidator_10" time="0"/>
  <testcase name="testAbaNumberCheck_20058_bad" classname="com.cardatechnologies.utils.validators.abaroutevalidator.Test_AbaRouteValidator_10" time="0"/>
  <testcase name="testAbaNumberCheck_20389_good" classname="com.cardatechnologies.utils.validators.abaroutevalidator.Test_AbaRouteValidator_10" time="0"/>
  <testcase name="testAbaNumberCheck_21987_good" classname="com.cardatechnologies.utils.validators.abaroutevalidator.Test_AbaRouteValidator_10" time="0"/>
  <testcase name="testAbaNumberCheck_22130_bad" classname="com.cardatechnologies.utils.validators.abaroutevalidator.Test_AbaRouteValidator_10" time="0"/>
  <testcase name="testAbaNumberCheck_22132_bad" classname="com.cardatechnologies.utils.validators.abaroutevalidator.Test_AbaRouteValidator_10" time="0"/>
  <testcase name="testAbaNumberCheck_21320_bad" classname="com.cardatechnologies.utils.validators.abaroutevalidator.Test_AbaRouteValidator_10" time="0"/>
  <testcase name="testAbaNumberCheck_22134_bad" classname="com.cardatechnologies.utils.validators.abaroutevalidator.Test_AbaRouteValidator_10" time="0"/>
  <testcase name="testAbaNumberCheck_20885_good" classname="com.cardatechnologies.utils.validators.abaroutevalidator.Test_AbaRouteValidator_10" time="0"/>
  <testcase name="testAbaNumberCheck_21322_bad" classname="com.cardatechnologies.utils.validators.abaroutevalidator.Test_AbaRouteValidator_10" time="0"/>
  <testcase name="testAbaNumberCheck_22136_bad" classname="com.cardatechnologies.utils.validators.abaroutevalidator.Test_AbaRouteValidator_10" time="0"/>
  <testcase name="testAbaNumberCheck_20510_bad" classname="com.cardatechnologies.utils.validators.abaroutevalidator.Test_AbaRouteValidator_10" time="0"/>
  <testcase name="testAbaNumberCheck_21324_bad" classname="com.cardatechnologies.utils.validators.abaroutevalidator.Test_AbaRouteValidator_10" time="0"/>
  <testcase name="testAbaNumberCheck_22138_bad" classname="com.cardatechnologies.utils.validators.abaroutevalidator.Test_AbaRouteValidator_10" time="0"/>
  <testcase name="testAbaNumberCheck_20060_bad" classname="com.cardatechnologies.utils.validators.abaroutevalidator.Test_AbaRouteValidator_10" time="0"/>
  <testcase name="testAbaNumberCheck_21699_good" classname="com.cardatechnologies.utils.validators.abaroutevalidator.Test_AbaRouteValidator_10" time="0"/>
  <testcase name="testAbaNumberCheck_20759_good" classname="com.cardatechnologies.utils.validators.abaroutevalidator.Test_AbaRouteValidator_10" time="0"/>
  <testcase name="testAbaNumberCheck_20512_bad" classname="com.cardatechnologies.utils.validators.abaroutevalidator.Test_AbaRouteValidator_10" time="0"/>
  <testcase name="testAbaNumberCheck_21326_bad" classname="com.cardatechnologies.utils.validators.abaroutevalidator.Test_AbaRouteValidator_10" time="0"/>
  <testcase name="testAbaNumberCheck_20062_bad" classname="com.cardatechnologies.utils.validators.abaroutevalidator.Test_AbaRouteValidator_10" time="0"/>
  <testcase name="testAbaNumberCheck_20514_bad" classname="com.cardatechnologies.utils.validators.abaroutevalidator.Test_AbaRouteValidator_10" time="0"/>
  <testcase name="testAbaNumberCheck_21328_bad" classname="com.cardatechnologies.utils.validators.abaroutevalidator.Test_AbaRouteValidator_10" time="0"/>
  <testcase name="testAbaNumberCheck_20064_bad" classname="com.cardatechnologies.utils.validators.abaroutevalidator.Test_AbaRouteValidator_10" time="0"/>
  <testcase name="testAbaNumberCheck_20516_bad" classname="com.cardatechnologies.utils.validators.abaroutevalidator.Test_AbaRouteValidator_10" time="0"/>
  <testcase name="testAbaNumberCheck_20066_bad" classname="com.cardatechnologies.utils.validators.abaroutevalidator.Test_AbaRouteValidator_10" time="0"/>
  <testcase name="testAbaNumberCheck_20518_bad" classname="com.cardatechnologies.utils.validators.abaroutevalidator.Test_AbaRouteValidator_10" time="0"/>
  <testcase name="testAbaNumberCheck_20068_bad" classname="com.cardatechnologies.utils.validators.abaroutevalidator.Test_AbaRouteValidator_10" time="0"/>
  <testcase name="testAbaNumberCheck_20597_good" classname="com.cardatechnologies.utils.validators.abaroutevalidator.Test_AbaRouteValidator_10" time="0"/>
  <testcase name="testAbaNumberCheck_22140_bad" classname="com.cardatechnologies.utils.validators.abaroutevalidator.Test_AbaRouteValidator_10" time="0"/>
  <testcase name="testAbaNumberCheck_20967_good" classname="com.cardatechnologies.utils.validators.abaroutevalidator.Test_AbaRouteValidator_10" time="0"/>
  <testcase name="testAbaNumberCheck_22142_bad" classname="com.cardatechnologies.utils.validators.abaroutevalidator.Test_AbaRouteValidator_10" time="0"/>
  <testcase name="testAbaNumberCheck_21330_bad" classname="com.cardatechnologies.utils.validators.abaroutevalidator.Test_AbaRouteValidator_10" time="0"/>
  <testcase name="testAbaNumberCheck_22144_bad" classname="com.cardatechnologies.utils.validators.abaroutevalidator.Test_AbaRouteValidator_10" time="0"/>
  <testcase name="testAbaNumberCheck_21332_bad" classname="com.cardatechnologies.utils.validators.abaroutevalidator.Test_AbaRouteValidator_10" time="0"/>
  <testcase name="testAbaNumberCheck_22146_bad" classname="com.cardatechnologies.utils.validators.abaroutevalidator.Test_AbaRouteValidator_10" time="0"/>
  <testcase name="testAbaNumberCheck_20520_bad" classname="com.cardatechnologies.utils.validators.abaroutevalidator.Test_AbaRouteValidator_10" time="0"/>
  <testcase name="testAbaNumberCheck_21334_bad" classname="com.cardatechnologies.utils.validators.abaroutevalidator.Test_AbaRouteValidator_10" time="0"/>
  <testcase name="testAbaNumberCheck_22148_bad" classname="com.cardatechnologies.utils.validators.abaroutevalidator.Test_AbaRouteValidator_10" time="0"/>
  <testcase name="testAbaNumberCheck_20070_bad" classname="com.cardatechnologies.utils.validators.abaroutevalidator.Test_AbaRouteValidator_10" time="0"/>
  <testcase name="testAbaNumberCheck_20522_bad" classname="com.cardatechnologies.utils.validators.abaroutevalidator.Test_AbaRouteValidator_10" time="0"/>
  <testcase name="testAbaNumberCheck_21336_bad" classname="com.cardatechnologies.utils.validators.abaroutevalidator.Test_AbaRouteValidator_10" time="0"/>
  <testcase name="testAbaNumberCheck_20072_bad" classname="com.cardatechnologies.utils.validators.abaroutevalidator.Test_AbaRouteValidator_10" time="0"/>
  <testcase name="testAbaNumberCheck_20524_bad" classname="com.cardatechnologies.utils.validators.abaroutevalidator.Test_AbaRouteValidator_10" time="0"/>
  <testcase name="testAbaNumberCheck_21338_bad" classname="com.cardatechnologies.utils.validators.abaroutevalidator.Test_AbaRouteValidator_10" time="0"/>
  <testcase name="testAbaNumberCheck_20074_bad" classname="com.cardatechnologies.utils.validators.abaroutevalidator.Test_AbaRouteValidator_10" time="0"/>
  <testcase name="testAbaNumberCheck_20679_good" classname="com.cardatechnologies.utils.validators.abaroutevalidator.Test_AbaRouteValidator_10" time="0"/>
  <testcase name="testAbaNumberCheck_20526_bad" classname="com.cardatechnologies.utils.validators.abaroutevalidator.Test_AbaRouteValidator_10" time="0"/>
  <testcase name="testAbaNumberCheck_20076_bad" classname="com.cardatechnologies.utils.validators.abaroutevalidator.Test_AbaRouteValidator_10" time="0"/>
  <testcase name="testAbaNumberCheck_20528_bad" classname="com.cardatechnologies.utils.validators.abaroutevalidator.Test_AbaRouteValidator_10" time="0"/>
  <testcase name="testAbaNumberCheck_20078_bad" classname="com.cardatechnologies.utils.validators.abaroutevalidator.Test_AbaRouteValidator_10" time="0"/>
  <testcase name="testAbaNumberCheck_21989_good" classname="com.cardatechnologies.utils.validators.abaroutevalidator.Test_AbaRouteValidator_10" time="0"/>
  <testcase name="testAbaNumberCheck_22150_bad" classname="com.cardatechnologies.utils.validators.abaroutevalidator.Test_AbaRouteValidator_10" time="0"/>
  <testcase name="testAbaNumberCheck_22152_bad" classname="com.cardatechnologies.utils.validators.abaroutevalidator.Test_AbaRouteValidator_10" time="0"/>
  <testcase name="testAbaNumberCheck_21340_bad" classname="com.cardatechnologies.utils.validators.abaroutevalidator.Test_AbaRouteValidator_10" time="0"/>
  <testcase name="testAbaNumberCheck_22154_bad" classname="com.cardatechnologies.utils.validators.abaroutevalidator.Test_AbaRouteValidator_10" time="0"/>
  <testcase name="testAbaNumberCheck_20887_good" classname="com.cardatechnologies.utils.validators.abaroutevalidator.Test_AbaRouteValidator_10" time="0"/>
  <testcase name="testAbaNumberCheck_21342_bad" classname="com.cardatechnologies.utils.validators.abaroutevalidator.Test_AbaRouteValidator_10" time="0"/>
  <testcase name="testAbaNumberCheck_22156_bad" classname="com.cardatechnologies.utils.validators.abaroutevalidator.Test_AbaRouteValidator_10" time="0"/>
  <testcase name="testAbaNumberCheck_20530_bad" classname="com.cardatechnologies.utils.validators.abaroutevalidator.Test_AbaRouteValidator_10" time="0"/>
  <testcase name="testAbaNumberCheck_21344_bad" classname="com.cardatechnologies.utils.validators.abaroutevalidator.Test_AbaRouteValidator_10" time="0"/>
  <testcase name="testAbaNumberCheck_22158_bad" classname="com.cardatechnologies.utils.validators.abaroutevalidator.Test_AbaRouteValidator_10" time="0"/>
  <testcase name="testAbaNumberCheck_20080_bad" classname="com.cardatechnologies.utils.validators.abaroutevalidator.Test_AbaRouteValidator_10" time="0"/>
  <testcase name="testAbaNumberCheck_20532_bad" classname="com.cardatechnologies.utils.validators.abaroutevalidator.Test_AbaRouteValidator_10" time="0"/>
  <testcase name="testAbaNumberCheck_21346_bad" classname="com.cardatechnologies.utils.validators.abaroutevalidator.Test_AbaRouteValidator_10" time="0"/>
  <testcase name="testAbaNumberCheck_20082_bad" classname="com.cardatechnologies.utils.validators.abaroutevalidator.Test_AbaRouteValidator_10" time="0"/>
  <testcase name="testAbaNumberCheck_20534_bad" classname="com.cardatechnologies.utils.validators.abaroutevalidator.Test_AbaRouteValidator_10" time="0"/>
  <testcase name="testAbaNumberCheck_21348_bad" classname="com.cardatechnologies.utils.validators.abaroutevalidator.Test_AbaRouteValidator_10" time="0"/>
  <testcase name="testAbaNumberCheck_20084_bad" classname="com.cardatechnologies.utils.validators.abaroutevalidator.Test_AbaRouteValidator_10" time="0"/>
  <testcase name="testAbaNumberCheck_20536_bad" classname="com.cardatechnologies.utils.validators.abaroutevalidator.Test_AbaRouteValidator_10" time="0"/>
  <testcase name="testAbaNumberCheck_20086_bad" classname="com.cardatechnologies.utils.validators.abaroutevalidator.Test_AbaRouteValidator_10" time="0"/>
  <testcase name="testAbaNumberCheck_20538_bad" classname="com.cardatechnologies.utils.validators.abaroutevalidator.Test_AbaRouteValidator_10" time="0"/>
  <testcase name="testAbaNumberCheck_20088_bad" classname="com.cardatechnologies.utils.validators.abaroutevalidator.Test_AbaRouteValidator_10" time="0"/>
  <testcase name="testAbaNumberCheck_20599_good" classname="com.cardatechnologies.utils.validators.abaroutevalidator.Test_AbaRouteValidator_10" time="0"/>
  <testcase name="testAbaNumberCheck_22160_bad" classname="com.cardatechnologies.utils.validators.abaroutevalidator.Test_AbaRouteValidator_10" time="0"/>
  <testcase name="testAbaNumberCheck_20969_good" classname="com.cardatechnologies.utils.validators.abaroutevalidator.Test_AbaRouteValidator_10" time="0"/>
  <testcase name="testAbaNumberCheck_22162_bad" classname="com.cardatechnologies.utils.validators.abaroutevalidator.Test_AbaRouteValidator_10" time="0"/>
  <testcase name="testAbaNumberCheck_21800_bad" classname="com.cardatechnologies.utils.validators.abaroutevalidator.Test_AbaRouteValidator_10" time="0"/>
  <testcase name="testAbaNumberCheck_21350_bad" classname="com.cardatechnologies.utils.validators.abaroutevalidator.Test_AbaRouteValidator_10" time="0"/>
  <testcase name="testAbaNumberCheck_22164_bad" classname="com.cardatechnologies.utils.validators.abaroutevalidator.Test_AbaRouteValidator_10" time="0"/>
  <testcase name="testAbaNumberCheck_21802_bad" classname="com.cardatechnologies.utils.validators.abaroutevalidator.Test_AbaRouteValidator_10" time="0"/>
  <testcase name="testAbaNumberCheck_21352_bad" classname="com.cardatechnologies.utils.validators.abaroutevalidator.Test_AbaRouteValidator_10" time="0"/>
  <testcase name="testAbaNumberCheck_22166_bad" classname="com.cardatechnologies.utils.validators.abaroutevalidator.Test_AbaRouteValidator_10" time="0"/>
  <testcase name="testAbaNumberCheck_21804_bad" classname="com.cardatechnologies.utils.validators.abaroutevalidator.Test_AbaRouteValidator_10" time="0"/>
  <testcase name="testAbaNumberCheck_20540_bad" classname="com.cardatechnologies.utils.validators.abaroutevalidator.Test_AbaRouteValidator_10" time="0"/>
  <testcase name="testAbaNumberCheck_21354_bad" classname="com.cardatechnologies.utils.validators.abaroutevalidator.Test_AbaRouteValidator_10" time="0"/>
  <testcase name="testAbaNumberCheck_22168_bad" classname="com.cardatechnologies.utils.validators.abaroutevalidator.Test_AbaRouteValidator_10" time="0"/>
  <testcase name="testAbaNumberCheck_20090_bad" classname="com.cardatechnologies.utils.validators.abaroutevalidator.Test_AbaRouteValidator_10" time="0"/>
  <testcase name="testAbaNumberCheck_21806_bad" classname="com.cardatechnologies.utils.validators.abaroutevalidator.Test_AbaRouteValidator_10" time="0"/>
  <testcase name="testAbaNumberCheck_20542_bad" classname="com.cardatechnologies.utils.validators.abaroutevalidator.Test_AbaRouteValidator_10" time="0"/>
  <testcase name="testAbaNumberCheck_21356_bad" classname="com.cardatechnologies.utils.validators.abaroutevalidator.Test_AbaRouteValidator_10" time="0"/>
  <testcase name="testAbaNumberCheck_20092_bad" classname="com.cardatechnologies.utils.validators.abaroutevalidator.Test_AbaRouteValidator_10" time="0"/>
  <testcase name="testAbaNumberCheck_21808_bad" classname="com.cardatechnologies.utils.validators.abaroutevalidator.Test_AbaRouteValidator_10" time="0"/>
  <testcase name="testAbaNumberCheck_20544_bad" classname="com.cardatechnologies.utils.validators.abaroutevalidator.Test_AbaRouteValidator_10" time="0"/>
  <testcase name="testAbaNumberCheck_21358_bad" classname="com.cardatechnologies.utils.validators.abaroutevalidator.Test_AbaRouteValidator_10" time="0"/>
  <testcase name="testAbaNumberCheck_20094_bad" classname="com.cardatechnologies.utils.validators.abaroutevalidator.Test_AbaRouteValidator_10" time="0"/>
  <testcase name="testAbaNumberCheck_20546_bad" classname="com.cardatechnologies.utils.validators.abaroutevalidator.Test_AbaRouteValidator_10" time="0"/>
  <testcase name="testAbaNumberCheck_20096_bad" classname="com.cardatechnologies.utils.validators.abaroutevalidator.Test_AbaRouteValidator_10" time="0"/>
  <testcase name="testAbaNumberCheck_20548_bad" classname="com.cardatechnologies.utils.validators.abaroutevalidator.Test_AbaRouteValidator_10" time="0"/>
  <testcase name="testAbaNumberCheck_20098_bad" classname="com.cardatechnologies.utils.validators.abaroutevalidator.Test_AbaRouteValidator_10" time="0"/>
  <testcase name="testAbaNumberCheck_22170_bad" classname="com.cardatechnologies.utils.validators.abaroutevalidator.Test_AbaRouteValidator_10" time="0"/>
  <testcase name="testAbaNumberCheck_22172_bad" classname="com.cardatechnologies.utils.validators.abaroutevalidator.Test_AbaRouteValidator_10" time="0"/>
  <testcase name="testAbaNumberCheck_21810_bad" classname="com.cardatechnologies.utils.validators.abaroutevalidator.Test_AbaRouteValidator_10" time="0"/>
  <testcase name="testAbaNumberCheck_21360_bad" classname="com.cardatechnologies.utils.validators.abaroutevalidator.Test_AbaRouteValidator_10" time="0"/>
  <testcase name="testAbaNumberCheck_22174_bad" classname="com.cardatechnologies.utils.validators.abaroutevalidator.Test_AbaRouteValidator_10" time="0"/>
  <testcase name="testAbaNumberCheck_20889_good" classname="com.cardatechnologies.utils.validators.abaroutevalidator.Test_AbaRouteValidator_10" time="0"/>
  <testcase name="testAbaNumberCheck_21812_bad" classname="com.cardatechnologies.utils.validators.abaroutevalidator.Test_AbaRouteValidator_10" time="0"/>
  <testcase name="testAbaNumberCheck_21362_bad" classname="com.cardatechnologies.utils.validators.abaroutevalidator.Test_AbaRouteValidator_10" time="0"/>
  <testcase name="testAbaNumberCheck_22176_bad" classname="com.cardatechnologies.utils.validators.abaroutevalidator.Test_AbaRouteValidator_10" time="0"/>
  <testcase name="testAbaNumberCheck_21814_bad" classname="com.cardatechnologies.utils.validators.abaroutevalidator.Test_AbaRouteValidator_10" time="0"/>
  <testcase name="testAbaNumberCheck_20550_bad" classname="com.cardatechnologies.utils.validators.abaroutevalidator.Test_AbaRouteValidator_10" time="0.001"/>
  <testcase name="testAbaNumberCheck_21364_bad" classname="com.cardatechnologies.utils.validators.abaroutevalidator.Test_AbaRouteValidator_10" time="0"/>
  <testcase name="testAbaNumberCheck_22178_bad" classname="com.cardatechnologies.utils.validators.abaroutevalidator.Test_AbaRouteValidator_10" time="0"/>
  <testcase name="testAbaNumberCheck_21816_bad" classname="com.cardatechnologies.utils.validators.abaroutevalidator.Test_AbaRouteValidator_10" time="0"/>
  <testcase name="testAbaNumberCheck_20552_bad" classname="com.cardatechnologies.utils.validators.abaroutevalidator.Test_AbaRouteValidator_10" time="0"/>
  <testcase name="testAbaNumberCheck_21366_bad" classname="com.cardatechnologies.utils.validators.abaroutevalidator.Test_AbaRouteValidator_10" time="0"/>
  <testcase name="testAbaNumberCheck_21818_bad" classname="com.cardatechnologies.utils.validators.abaroutevalidator.Test_AbaRouteValidator_10" time="0"/>
  <testcase name="testAbaNumberCheck_20554_bad" classname="com.cardatechnologies.utils.validators.abaroutevalidator.Test_AbaRouteValidator_10" time="0"/>
  <testcase name="testAbaNumberCheck_21368_bad" classname="com.cardatechnologies.utils.validators.abaroutevalidator.Test_AbaRouteValidator_10" time="0"/>
  <testcase name="testAbaNumberCheck_20556_bad" classname="com.cardatechnologies.utils.validators.abaroutevalidator.Test_AbaRouteValidator_10" time="0"/>
  <testcase name="testAbaNumberCheck_20558_bad" classname="com.cardatechnologies.utils.validators.abaroutevalidator.Test_AbaRouteValidator_10" time="0"/>
  <testcase name="testAbaNumberCheck_22180_bad" classname="com.cardatechnologies.utils.validators.abaroutevalidator.Test_AbaRouteValidator_10" time="0"/>
  <testcase name="testAbaNumberCheck_22182_bad" classname="com.cardatechnologies.utils.validators.abaroutevalidator.Test_AbaRouteValidator_10" time="0"/>
  <testcase name="testAbaNumberCheck_21820_bad" classname="com.cardatechnologies.utils.validators.abaroutevalidator.Test_AbaRouteValidator_10" time="0"/>
  <testcase name="testAbaNumberCheck_21370_bad" classname="com.cardatechnologies.utils.validators.abaroutevalidator.Test_AbaRouteValidator_10" time="0"/>
  <testcase name="testAbaNumberCheck_22184_bad" classname="com.cardatechnologies.utils.validators.abaroutevalidator.Test_AbaRouteValidator_10" time="0"/>
  <testcase name="testAbaNumberCheck_21822_bad" classname="com.cardatechnologies.utils.validators.abaroutevalidator.Test_AbaRouteValidator_10" time="0"/>
  <testcase name="testAbaNumberCheck_21372_bad" classname="com.cardatechnologies.utils.validators.abaroutevalidator.Test_AbaRouteValidator_10" time="0"/>
  <testcase name="testAbaNumberCheck_22186_bad" classname="com.cardatechnologies.utils.validators.abaroutevalidator.Test_AbaRouteValidator_10" time="0"/>
  <testcase name="testAbaNumberCheck_21824_bad" classname="com.cardatechnologies.utils.validators.abaroutevalidator.Test_AbaRouteValidator_10" time="0"/>
  <testcase name="testAbaNumberCheck_20560_bad" classname="com.cardatechnologies.utils.validators.abaroutevalidator.Test_AbaRouteValidator_10" time="0"/>
  <testcase name="testAbaNumberCheck_21374_bad" classname="com.cardatechnologies.utils.validators.abaroutevalidator.Test_AbaRouteValidator_10" time="0"/>
  <testcase name="testAbaNumberCheck_22188_bad" classname="com.cardatechnologies.utils.validators.abaroutevalidator.Test_AbaRouteValidator_10" time="0"/>
  <testcase name="testAbaNumberCheck_21826_bad" classname="com.cardatechnologies.utils.validators.abaroutevalidator.Test_AbaRouteValidator_10" time="0"/>
  <testcase name="testAbaNumberCheck_20562_bad" classname="com.cardatechnologies.utils.validators.abaroutevalidator.Test_AbaRouteValidator_10" time="0"/>
  <testcase name="testAbaNumberCheck_21376_bad" classname="com.cardatechnologies.utils.validators.abaroutevalidator.Test_AbaRouteValidator_10" time="0"/>
  <testcase name="testAbaNumberCheck_21828_bad" classname="com.cardatechnologies.utils.validators.abaroutevalidator.Test_AbaRouteValidator_10" time="0"/>
  <testcase name="testAbaNumberCheck_20564_bad" classname="com.cardatechnologies.utils.validators.abaroutevalidator.Test_AbaRouteValidator_10" time="0"/>
  <testcase name="testAbaNumberCheck_21378_bad" classname="com.cardatechnologies.utils.validators.abaroutevalidator.Test_AbaRouteValidator_10" time="0"/>
  <testcase name="testAbaNumberCheck_20566_bad" classname="com.cardatechnologies.utils.validators.abaroutevalidator.Test_AbaRouteValidator_10" time="0"/>
  <testcase name="testAbaNumberCheck_20568_bad" classname="com.cardatechnologies.utils.validators.abaroutevalidator.Test_AbaRouteValidator_10" time="0"/>
  <testcase name="testAbaNumberCheck_22190_bad" classname="com.cardatechnologies.utils.validators.abaroutevalidator.Test_AbaRouteValidator_10" time="0"/>
  <testcase name="testAbaNumberCheck_22192_bad" classname="com.cardatechnologies.utils.validators.abaroutevalidator.Test_AbaRouteValidator_10" time="0"/>
  <testcase name="testAbaNumberCheck_21830_bad" classname="com.cardatechnologies.utils.validators.abaroutevalidator.Test_AbaRouteValidator_10" time="0"/>
  <testcase name="testAbaNumberCheck_21380_bad" classname="com.cardatechnologies.utils.validators.abaroutevalidator.Test_AbaRouteValidator_10" time="0"/>
  <testcase name="testAbaNumberCheck_22194_bad" classname="com.cardatechnologies.utils.validators.abaroutevalidator.Test_AbaRouteValidator_10" time="0"/>
  <testcase name="testAbaNumberCheck_21832_bad" classname="com.cardatechnologies.utils.validators.abaroutevalidator.Test_AbaRouteValidator_10" time="0"/>
  <testcase name="testAbaNumberCheck_21382_bad" classname="com.cardatechnologies.utils.validators.abaroutevalidator.Test_AbaRouteValidator_10" time="0"/>
  <testcase name="testAbaNumberCheck_22196_bad" classname="com.cardatechnologies.utils.validators.abaroutevalidator.Test_AbaRouteValidator_10" time="0"/>
  <testcase name="testAbaNumberCheck_21834_bad" classname="com.cardatechnologies.utils.validators.abaroutevalidator.Test_AbaRouteValidator_10" time="0"/>
  <testcase name="testAbaNumberCheck_20570_bad" classname="com.cardatechnologies.utils.validators.abaroutevalidator.Test_AbaRouteValidator_10" time="0"/>
  <testcase name="testAbaNumberCheck_21384_bad" classname="com.cardatechnologies.utils.validators.abaroutevalidator.Test_AbaRouteValidator_10" time="0"/>
  <testcase name="testAbaNumberCheck_22198_bad" classname="com.cardatechnologies.utils.validators.abaroutevalidator.Test_AbaRouteValidator_10" time="0"/>
  <testcase name="testAbaNumberCheck_21836_bad" classname="com.cardatechnologies.utils.validators.abaroutevalidator.Test_AbaRouteValidator_10" time="0"/>
  <testcase name="testAbaNumberCheck_20572_bad" classname="com.cardatechnologies.utils.validators.abaroutevalidator.Test_AbaRouteValidator_10" time="0"/>
  <testcase name="testAbaNumberCheck_21386_bad" classname="com.cardatechnologies.utils.validators.abaroutevalidator.Test_AbaRouteValidator_10" time="0"/>
  <testcase name="testAbaNumberCheck_21838_bad" classname="com.cardatechnologies.utils.validators.abaroutevalidator.Test_AbaRouteValidator_10" time="0"/>
  <testcase name="testAbaNumberCheck_20574_bad" classname="com.cardatechnologies.utils.validators.abaroutevalidator.Test_AbaRouteValidator_10" time="0"/>
  <testcase name="testAbaNumberCheck_21388_bad" classname="com.cardatechnologies.utils.validators.abaroutevalidator.Test_AbaRouteValidator_10" time="0"/>
  <testcase name="testAbaNumberCheck_20576_bad" classname="com.cardatechnologies.utils.validators.abaroutevalidator.Test_AbaRouteValidator_10" time="0"/>
  <testcase name="testAbaNumberCheck_20578_bad" classname="com.cardatechnologies.utils.validators.abaroutevalidator.Test_AbaRouteValidator_10" time="0"/>
  <testcase name="testAbaNumberCheck_22201_good" classname="com.cardatechnologies.utils.validators.abaroutevalidator.Test_AbaRouteValidator_10" time="0"/>
  <testcase name="testAbaNumberCheck_21840_bad" classname="com.cardatechnologies.utils.validators.abaroutevalidator.Test_AbaRouteValidator_10" time="0"/>
  <testcase name="testAbaNumberCheck_21390_bad" classname="com.cardatechnologies.utils.validators.abaroutevalidator.Test_AbaRouteValidator_10" time="0"/>
  <testcase name="testAbaNumberCheck_21842_bad" classname="com.cardatechnologies.utils.validators.abaroutevalidator.Test_AbaRouteValidator_10" time="0"/>
  <testcase name="testAbaNumberCheck_21392_bad" classname="com.cardatechnologies.utils.validators.abaroutevalidator.Test_AbaRouteValidator_10" time="0"/>
  <testcase name="testAbaNumberCheck_21844_bad" classname="com.cardatechnologies.utils.validators.abaroutevalidator.Test_AbaRouteValidator_10" time="0"/>
  <testcase name="testAbaNumberCheck_20580_bad" classname="com.cardatechnologies.utils.validators.abaroutevalidator.Test_AbaRouteValidator_10" time="0"/>
  <testcase name="testAbaNumberCheck_21394_bad" classname="com.cardatechnologies.utils.validators.abaroutevalidator.Test_AbaRouteValidator_10" time="0"/>
  <testcase name="testAbaNumberCheck_21846_bad" classname="com.cardatechnologies.utils.validators.abaroutevalidator.Test_AbaRouteValidator_10" time="0"/>
  <testcase name="testAbaNumberCheck_20582_bad" classname="com.cardatechnologies.utils.validators.abaroutevalidator.Test_AbaRouteValidator_10" time="0"/>
  <testcase name="testAbaNumberCheck_21396_bad" classname="com.cardatechnologies.utils.validators.abaroutevalidator.Test_AbaRouteValidator_10" time="0"/>
  <testcase name="testAbaNumberCheck_21848_bad" classname="com.cardatechnologies.utils.validators.abaroutevalidator.Test_AbaRouteValidator_10" time="0"/>
  <testcase name="testAbaNumberCheck_20584_bad" classname="com.cardatechnologies.utils.validators.abaroutevalidator.Test_AbaRouteValidator_10" time="0"/>
  <testcase name="testAbaNumberCheck_21398_bad" classname="com.cardatechnologies.utils.validators.abaroutevalidator.Test_AbaRouteValidator_10" time="0"/>
  <testcase name="testAbaNumberCheck_20586_bad" classname="com.cardatechnologies.utils.validators.abaroutevalidator.Test_AbaRouteValidator_10" time="0"/>
  <testcase name="testAbaNumberCheck_20588_bad" classname="com.cardatechnologies.utils.validators.abaroutevalidator.Test_AbaRouteValidator_10" time="0"/>
  <testcase name="testAbaNumberCheck_22121_good" classname="com.cardatechnologies.utils.validators.abaroutevalidator.Test_AbaRouteValidator_10" time="0"/>
  <testcase name="testAbaNumberCheck_21850_bad" classname="com.cardatechnologies.utils.validators.abaroutevalidator.Test_AbaRouteValidator_10" time="0"/>
  <testcase name="testAbaNumberCheck_21852_bad" classname="com.cardatechnologies.utils.validators.abaroutevalidator.Test_AbaRouteValidator_10" time="0"/>
  <testcase name="testAbaNumberCheck_21854_bad" classname="com.cardatechnologies.utils.validators.abaroutevalidator.Test_AbaRouteValidator_10" time="0"/>
  <testcase name="testAbaNumberCheck_20590_bad" classname="com.cardatechnologies.utils.validators.abaroutevalidator.Test_AbaRouteValidator_10" time="0"/>
  <testcase name="testAbaNumberCheck_21856_bad" classname="com.cardatechnologies.utils.validators.abaroutevalidator.Test_AbaRouteValidator_10" time="0"/>
  <testcase name="testAbaNumberCheck_20592_bad" classname="com.cardatechnologies.utils.validators.abaroutevalidator.Test_AbaRouteValidator_10" time="0"/>
  <testcase name="testAbaNumberCheck_21858_bad" classname="com.cardatechnologies.utils.validators.abaroutevalidator.Test_AbaRouteValidator_10" time="0"/>
  <testcase name="testAbaNumberCheck_20594_bad" classname="com.cardatechnologies.utils.validators.abaroutevalidator.Test_AbaRouteValidator_10" time="0"/>
  <testcase name="testAbaNumberCheck_20596_bad" classname="com.cardatechnologies.utils.validators.abaroutevalidator.Test_AbaRouteValidator_10" time="0"/>
  <testcase name="testAbaNumberCheck_20598_bad" classname="com.cardatechnologies.utils.validators.abaroutevalidator.Test_AbaRouteValidator_10" time="0"/>
  <testcase name="testAbaNumberCheck_22203_good" classname="com.cardatechnologies.utils.validators.abaroutevalidator.Test_AbaRouteValidator_10" time="0"/>
  <testcase name="testAbaNumberCheck_22041_good" classname="com.cardatechnologies.utils.validators.abaroutevalidator.Test_AbaRouteValidator_10" time="0"/>
  <testcase name="testAbaNumberCheck_21101_good" classname="com.cardatechnologies.utils.validators.abaroutevalidator.Test_AbaRouteValidator_10" time="0"/>
  <testcase name="testAbaNumberCheck_21860_bad" classname="com.cardatechnologies.utils.validators.abaroutevalidator.Test_AbaRouteValidator_10" time="0"/>
  <testcase name="testAbaNumberCheck_21862_bad" classname="com.cardatechnologies.utils.validators.abaroutevalidator.Test_AbaRouteValidator_10" time="0"/>
  <testcase name="testAbaNumberCheck_21864_bad" classname="com.cardatechnologies.utils.validators.abaroutevalidator.Test_AbaRouteValidator_10" time="0"/>
  <testcase name="testAbaNumberCheck_21866_bad" classname="com.cardatechnologies.utils.validators.abaroutevalidator.Test_AbaRouteValidator_10" time="0"/>
  <testcase name="testAbaNumberCheck_21868_bad" classname="com.cardatechnologies.utils.validators.abaroutevalidator.Test_AbaRouteValidator_10" time="0"/>
  <testcase name="testAbaNumberCheck_22411_good" classname="com.cardatechnologies.utils.validators.abaroutevalidator.Test_AbaRouteValidator_10" time="0"/>
  <testcase name="testAbaNumberCheck_22123_good" classname="com.cardatechnologies.utils.validators.abaroutevalidator.Test_AbaRouteValidator_10" time="0"/>
  <testcase name="testAbaNumberCheck_21870_bad" classname="com.cardatechnologies.utils.validators.abaroutevalidator.Test_AbaRouteValidator_10" time="0"/>
  <testcase name="testAbaNumberCheck_21021_good" classname="com.cardatechnologies.utils.validators.abaroutevalidator.Test_AbaRouteValidator_10" time="0"/>
  <testcase name="testAbaNumberCheck_21872_bad" classname="com.cardatechnologies.utils.validators.abaroutevalidator.Test_AbaRouteValidator_10" time="0"/>
  <testcase name="testAbaNumberCheck_21874_bad" classname="com.cardatechnologies.utils.validators.abaroutevalidator.Test_AbaRouteValidator_10" time="0"/>
  <testcase name="testAbaNumberCheck_21876_bad" classname="com.cardatechnologies.utils.validators.abaroutevalidator.Test_AbaRouteValidator_10" time="0"/>
  <testcase name="testAbaNumberCheck_21878_bad" classname="com.cardatechnologies.utils.validators.abaroutevalidator.Test_AbaRouteValidator_10" time="0"/>
  <testcase name="testAbaNumberCheck_22331_good" classname="com.cardatechnologies.utils.validators.abaroutevalidator.Test_AbaRouteValidator_10" time="0"/>
  <testcase name="testAbaNumberCheck_22205_good" classname="com.cardatechnologies.utils.validators.abaroutevalidator.Test_AbaRouteValidator_10" time="0"/>
  <testcase name="testAbaNumberCheck_22043_good" classname="com.cardatechnologies.utils.validators.abaroutevalidator.Test_AbaRouteValidator_10" time="0"/>
  <testcase name="testAbaNumberCheck_21103_good" classname="com.cardatechnologies.utils.validators.abaroutevalidator.Test_AbaRouteValidator_10" time="0"/>
  <testcase name="testAbaNumberCheck_21880_bad" classname="com.cardatechnologies.utils.validators.abaroutevalidator.Test_AbaRouteValidator_10" time="0"/>
  <testcase name="testAbaNumberCheck_21882_bad" classname="com.cardatechnologies.utils.validators.abaroutevalidator.Test_AbaRouteValidator_10" time="0"/>
  <testcase name="testAbaNumberCheck_21884_bad" classname="com.cardatechnologies.utils.validators.abaroutevalidator.Test_AbaRouteValidator_10" time="0"/>
  <testcase name="testAbaNumberCheck_20001_good" classname="com.cardatechnologies.utils.validators.abaroutevalidator.Test_AbaRouteValidator_10" time="0"/>
  <testcase name="testAbaNumberCheck_21886_bad" classname="com.cardatechnologies.utils.validators.abaroutevalidator.Test_AbaRouteValidator_10" time="0"/>
  <testcase name="testAbaNumberCheck_21888_bad" classname="com.cardatechnologies.utils.validators.abaroutevalidator.Test_AbaRouteValidator_10" time="0"/>
  <testcase name="testAbaNumberCheck_22413_good" classname="com.cardatechnologies.utils.validators.abaroutevalidator.Test_AbaRouteValidator_10" time="0"/>
  <testcase name="testAbaNumberCheck_22251_good" classname="com.cardatechnologies.utils.validators.abaroutevalidator.Test_AbaRouteValidator_10" time="0"/>
  <testcase name="testAbaNumberCheck_21311_good" classname="com.cardatechnologies.utils.validators.abaroutevalidator.Test_AbaRouteValidator_10" time="0"/>
  <testcase name="testAbaNumberCheck_22125_good" classname="com.cardatechnologies.utils.validators.abaroutevalidator.Test_AbaRouteValidator_10" time="0"/>
  <testcase name="testAbaNumberCheck_21890_bad" classname="com.cardatechnologies.utils.validators.abaroutevalidator.Test_AbaRouteValidator_10" time="0"/>
  <testcase name="testAbaNumberCheck_21023_good" classname="com.cardatechnologies.utils.validators.abaroutevalidator.Test_AbaRouteValidator_10" time="0"/>
  <testcase name="testAbaNumberCheck_21892_bad" classname="com.cardatechnologies.utils.validators.abaroutevalidator.Test_AbaRouteValidator_10" time="0"/>
  <testcase name="testAbaNumberCheck_21894_bad" classname="com.cardatechnologies.utils.validators.abaroutevalidator.Test_AbaRouteValidator_10" time="0"/>
  <testcase name="testAbaNumberCheck_21896_bad" classname="com.cardatechnologies.utils.validators.abaroutevalidator.Test_AbaRouteValidator_10" time="0"/>
  <testcase name="testAbaNumberCheck_21898_bad" classname="com.cardatechnologies.utils.validators.abaroutevalidator.Test_AbaRouteValidator_10" time="0"/>
  <testcase name="testAbaNumberCheck_22333_good" classname="com.cardatechnologies.utils.validators.abaroutevalidator.Test_AbaRouteValidator_10" time="0"/>
  <testcase name="testAbaNumberCheck_22207_good" classname="com.cardatechnologies.utils.validators.abaroutevalidator.Test_AbaRouteValidator_10" time="0"/>
  <testcase name="testAbaNumberCheck_22171_good" classname="com.cardatechnologies.utils.validators.abaroutevalidator.Test_AbaRouteValidator_10" time="0"/>
  <testcase name="testAbaNumberCheck_21231_good" classname="com.cardatechnologies.utils.validators.abaroutevalidator.Test_AbaRouteValidator_10" time="0"/>
  <testcase name="testAbaNumberCheck_22045_good" classname="com.cardatechnologies.utils.validators.abaroutevalidator.Test_AbaRouteValidator_10" time="0"/>
  <testcase name="testAbaNumberCheck_21105_good" classname="com.cardatechnologies.utils.validators.abaroutevalidator.Test_AbaRouteValidator_10" time="0"/>
  <testcase name="testAbaNumberCheck_20003_good" classname="com.cardatechnologies.utils.validators.abaroutevalidator.Test_AbaRouteValidator_10" time="0"/>
  <testcase name="testAbaNumberCheck_21601_good" classname="com.cardatechnologies.utils.validators.abaroutevalidator.Test_AbaRouteValidator_10" time="0"/>
  <testcase name="testAbaNumberCheck_22415_good" classname="com.cardatechnologies.utils.validators.abaroutevalidator.Test_AbaRouteValidator_10" time="0"/>
  <testcase name="testAbaNumberCheck_22253_good" classname="com.cardatechnologies.utils.validators.abaroutevalidator.Test_AbaRouteValidator_10" time="0"/>
  <testcase name="testAbaNumberCheck_21313_good" classname="com.cardatechnologies.utils.validators.abaroutevalidator.Test_AbaRouteValidator_10" time="0"/>
  <testcase name="testAbaNumberCheck_22127_good" classname="com.cardatechnologies.utils.validators.abaroutevalidator.Test_AbaRouteValidator_10" time="0"/>
  <testcase name="testAbaNumberCheck_22091_good" classname="com.cardatechnologies.utils.validators.abaroutevalidator.Test_AbaRouteValidator_10" time="0"/>
  <testcase name="testAbaNumberCheck_21151_good" classname="com.cardatechnologies.utils.validators.abaroutevalidator.Test_AbaRouteValidator_10" time="0"/>
  <testcase name="testAbaNumberCheck_20211_good" classname="com.cardatechnologies.utils.validators.abaroutevalidator.Test_AbaRouteValidator_10" time="0"/>
  <testcase name="testAbaNumberCheck_21025_good" classname="com.cardatechnologies.utils.validators.abaroutevalidator.Test_AbaRouteValidator_10" time="0"/>
  <testcase name="testAbaNumberCheck_21521_good" classname="com.cardatechnologies.utils.validators.abaroutevalidator.Test_AbaRouteValidator_10" time="0"/>
  <testcase name="testAbaNumberCheck_22335_good" classname="com.cardatechnologies.utils.validators.abaroutevalidator.Test_AbaRouteValidator_10" time="0"/>
  <testcase name="testAbaNumberCheck_22209_good" classname="com.cardatechnologies.utils.validators.abaroutevalidator.Test_AbaRouteValidator_10" time="0"/>
  <testcase name="testAbaNumberCheck_22173_good" classname="com.cardatechnologies.utils.validators.abaroutevalidator.Test_AbaRouteValidator_10" time="0"/>
  <testcase name="testAbaNumberCheck_21233_good" classname="com.cardatechnologies.utils.validators.abaroutevalidator.Test_AbaRouteValidator_10" time="0"/>
  <testcase name="testAbaNumberCheck_22047_good" classname="com.cardatechnologies.utils.validators.abaroutevalidator.Test_AbaRouteValidator_10" time="0"/>
  <testcase name="testAbaNumberCheck_21107_good" classname="com.cardatechnologies.utils.validators.abaroutevalidator.Test_AbaRouteValidator_10" time="0"/>
  <testcase name="testAbaNumberCheck_21071_good" classname="com.cardatechnologies.utils.validators.abaroutevalidator.Test_AbaRouteValidator_10" time="0"/>
  <testcase name="testAbaNumberCheck_20131_good" classname="com.cardatechnologies.utils.validators.abaroutevalidator.Test_AbaRouteValidator_10" time="0"/>
  <testcase name="testAbaNumberCheck_20005_good" classname="com.cardatechnologies.utils.validators.abaroutevalidator.Test_AbaRouteValidator_10" time="0"/>
  <testcase name="testAbaNumberCheck_21603_good" classname="com.cardatechnologies.utils.validators.abaroutevalidator.Test_AbaRouteValidator_10" time="0"/>
  <testcase name="testAbaNumberCheck_22417_good" classname="com.cardatechnologies.utils.validators.abaroutevalidator.Test_AbaRouteValidator_10" time="0"/>
  <testcase name="testAbaNumberCheck_22381_good" classname="com.cardatechnologies.utils.validators.abaroutevalidator.Test_AbaRouteValidator_10" time="0"/>
  <testcase name="testAbaNumberCheck_21441_good" classname="com.cardatechnologies.utils.validators.abaroutevalidator.Test_AbaRouteValidator_10" time="0"/>
  <testcase name="testAbaNumberCheck_20501_good" classname="com.cardatechnologies.utils.validators.abaroutevalidator.Test_AbaRouteValidator_10" time="0"/>
  <testcase name="testAbaNumberCheck_22255_good" classname="com.cardatechnologies.utils.validators.abaroutevalidator.Test_AbaRouteValidator_10" time="0"/>
  <testcase name="testAbaNumberCheck_21315_good" classname="com.cardatechnologies.utils.validators.abaroutevalidator.Test_AbaRouteValidator_10" time="0"/>
  <testcase name="testAbaNumberCheck_22129_good" classname="com.cardatechnologies.utils.validators.abaroutevalidator.Test_AbaRouteValidator_10" time="0"/>
  <testcase name="testAbaNumberCheck_22093_good" classname="com.cardatechnologies.utils.validators.abaroutevalidator.Test_AbaRouteValidator_10" time="0"/>
  <testcase name="testAbaNumberCheck_21153_good" classname="com.cardatechnologies.utils.validators.abaroutevalidator.Test_AbaRouteValidator_10" time="0"/>
  <testcase name="testAbaNumberCheck_20213_good" classname="com.cardatechnologies.utils.validators.abaroutevalidator.Test_AbaRouteValidator_10" time="0"/>
  <testcase name="testAbaNumberCheck_21811_good" classname="com.cardatechnologies.utils.validators.abaroutevalidator.Test_AbaRouteValidator_10" time="0"/>
  <testcase name="testAbaNumberCheck_21027_good" classname="com.cardatechnologies.utils.validators.abaroutevalidator.Test_AbaRouteValidator_10" time="0"/>
  <testcase name="testAbaNumberCheck_20051_good" classname="com.cardatechnologies.utils.validators.abaroutevalidator.Test_AbaRouteValidator_10" time="0"/>
  <testcase name="testAbaNumberCheck_21523_good" classname="com.cardatechnologies.utils.validators.abaroutevalidator.Test_AbaRouteValidator_10" time="0"/>
  <testcase name="testAbaNumberCheck_22337_good" classname="com.cardatechnologies.utils.validators.abaroutevalidator.Test_AbaRouteValidator_10" time="0"/>
  <testcase name="testAbaNumberCheck_21361_good" classname="com.cardatechnologies.utils.validators.abaroutevalidator.Test_AbaRouteValidator_10" time="0"/>
  <testcase name="testAbaNumberCheck_20421_good" classname="com.cardatechnologies.utils.validators.abaroutevalidator.Test_AbaRouteValidator_10" time="0"/>
  <testcase name="testAbaNumberCheck_22175_good" classname="com.cardatechnologies.utils.validators.abaroutevalidator.Test_AbaRouteValidator_10" time="0"/>
  <testcase name="testAbaNumberCheck_21235_good" classname="com.cardatechnologies.utils.validators.abaroutevalidator.Test_AbaRouteValidator_10" time="0"/>
  <testcase name="testAbaNumberCheck_22049_good" classname="com.cardatechnologies.utils.validators.abaroutevalidator.Test_AbaRouteValidator_10" time="0"/>
  <testcase name="testAbaNumberCheck_21109_good" classname="com.cardatechnologies.utils.validators.abaroutevalidator.Test_AbaRouteValidator_10" time="0"/>
  <testcase name="testAbaNumberCheck_21073_good" classname="com.cardatechnologies.utils.validators.abaroutevalidator.Test_AbaRouteValidator_10" time="0"/>
  <testcase name="testAbaNumberCheck_20133_good" classname="com.cardatechnologies.utils.validators.abaroutevalidator.Test_AbaRouteValidator_10" time="0"/>
  <testcase name="testAbaNumberCheck_21731_good" classname="com.cardatechnologies.utils.validators.abaroutevalidator.Test_AbaRouteValidator_10" time="0"/>
  <testcase name="testAbaNumberCheck_20007_good" classname="com.cardatechnologies.utils.validators.abaroutevalidator.Test_AbaRouteValidator_10" time="0"/>
  <testcase name="testAbaNumberCheck_21605_good" classname="com.cardatechnologies.utils.validators.abaroutevalidator.Test_AbaRouteValidator_10" time="0"/>
  <testcase name="testAbaNumberCheck_22419_good" classname="com.cardatechnologies.utils.validators.abaroutevalidator.Test_AbaRouteValidator_10" time="0"/>
  <testcase name="testAbaNumberCheck_22383_good" classname="com.cardatechnologies.utils.validators.abaroutevalidator.Test_AbaRouteValidator_10" time="0"/>
  <testcase name="testAbaNumberCheck_21443_good" classname="com.cardatechnologies.utils.validators.abaroutevalidator.Test_AbaRouteValidator_10" time="0"/>
  <testcase name="testAbaNumberCheck_20503_good" classname="com.cardatechnologies.utils.validators.abaroutevalidator.Test_AbaRouteValidator_10" time="0"/>
  <testcase name="testAbaNumberCheck_22257_good" classname="com.cardatechnologies.utils.validators.abaroutevalidator.Test_AbaRouteValidator_10" time="0"/>
  <testcase name="testAbaNumberCheck_21317_good" classname="com.cardatechnologies.utils.validators.abaroutevalidator.Test_AbaRouteValidator_10" time="0"/>
  <testcase name="testAbaNumberCheck_21281_good" classname="com.cardatechnologies.utils.validators.abaroutevalidator.Test_AbaRouteValidator_10" time="0"/>
  <testcase name="testAbaNumberCheck_20341_good" classname="com.cardatechnologies.utils.validators.abaroutevalidator.Test_AbaRouteValidator_10" time="0"/>
  <testcase name="testAbaNumberCheck_22095_good" classname="com.cardatechnologies.utils.validators.abaroutevalidator.Test_AbaRouteValidator_10" time="0"/>
  <testcase name="testAbaNumberCheck_21155_good" classname="com.cardatechnologies.utils.validators.abaroutevalidator.Test_AbaRouteValidator_10" time="0"/>
  <testcase name="testAbaNumberCheck_20215_good" classname="com.cardatechnologies.utils.validators.abaroutevalidator.Test_AbaRouteValidator_10" time="0"/>
  <testcase name="testAbaNumberCheck_21813_good" classname="com.cardatechnologies.utils.validators.abaroutevalidator.Test_AbaRouteValidator_10" time="0"/>
  <testcase name="testAbaNumberCheck_21029_good" classname="com.cardatechnologies.utils.validators.abaroutevalidator.Test_AbaRouteValidator_10" time="0"/>
  <testcase name="testAbaNumberCheck_20053_good" classname="com.cardatechnologies.utils.validators.abaroutevalidator.Test_AbaRouteValidator_10" time="0"/>
  <testcase name="testAbaNumberCheck_21651_good" classname="com.cardatechnologies.utils.validators.abaroutevalidator.Test_AbaRouteValidator_10" time="0"/>
  <testcase name="testAbaNumberCheck_20711_good" classname="com.cardatechnologies.utils.validators.abaroutevalidator.Test_AbaRouteValidator_10" time="0"/>
  <testcase name="testAbaNumberCheck_21525_good" classname="com.cardatechnologies.utils.validators.abaroutevalidator.Test_AbaRouteValidator_10" time="0"/>
  <testcase name="testAbaNumberCheck_22339_good" classname="com.cardatechnologies.utils.validators.abaroutevalidator.Test_AbaRouteValidator_10" time="0"/>
  <testcase name="testAbaNumberCheck_21363_good" classname="com.cardatechnologies.utils.validators.abaroutevalidator.Test_AbaRouteValidator_10" time="0"/>
  <testcase name="testAbaNumberCheck_20423_good" classname="com.cardatechnologies.utils.validators.abaroutevalidator.Test_AbaRouteValidator_10" time="0"/>
  <testcase name="testAbaNumberCheck_22177_good" classname="com.cardatechnologies.utils.validators.abaroutevalidator.Test_AbaRouteValidator_10" time="0"/>
  <testcase name="testAbaNumberCheck_21237_good" classname="com.cardatechnologies.utils.validators.abaroutevalidator.Test_AbaRouteValidator_10" time="0"/>
  <testcase name="testAbaNumberCheck_20261_good" classname="com.cardatechnologies.utils.validators.abaroutevalidator.Test_AbaRouteValidator_10" time="0"/>
  <testcase name="testAbaNumberCheck_21075_good" classname="com.cardatechnologies.utils.validators.abaroutevalidator.Test_AbaRouteValidator_10" time="0"/>
  <testcase name="testAbaNumberCheck_20135_good" classname="com.cardatechnologies.utils.validators.abaroutevalidator.Test_AbaRouteValidator_10" time="0"/>
  <testcase name="testAbaNumberCheck_21733_good" classname="com.cardatechnologies.utils.validators.abaroutevalidator.Test_AbaRouteValidator_10" time="0"/>
  <testcase name="testAbaNumberCheck_20009_good" classname="com.cardatechnologies.utils.validators.abaroutevalidator.Test_AbaRouteValidator_10" time="0"/>
  <testcase name="testAbaNumberCheck_21607_good" classname="com.cardatechnologies.utils.validators.abaroutevalidator.Test_AbaRouteValidator_10" time="0"/>
  <testcase name="testAbaNumberCheck_21571_good" classname="com.cardatechnologies.utils.validators.abaroutevalidator.Test_AbaRouteValidator_10" time="0"/>
  <testcase name="testAbaNumberCheck_20631_good" classname="com.cardatechnologies.utils.validators.abaroutevalidator.Test_AbaRouteValidator_10" time="0"/>
  <testcase name="testAbaNumberCheck_22385_good" classname="com.cardatechnologies.utils.validators.abaroutevalidator.Test_AbaRouteValidator_10" time="0"/>
  <testcase name="testAbaNumberCheck_21445_good" classname="com.cardatechnologies.utils.validators.abaroutevalidator.Test_AbaRouteValidator_10" time="0"/>
  <testcase name="testAbaNumberCheck_20505_good" classname="com.cardatechnologies.utils.validators.abaroutevalidator.Test_AbaRouteValidator_10" time="0"/>
  <testcase name="testAbaNumberCheck_22259_good" classname="com.cardatechnologies.utils.validators.abaroutevalidator.Test_AbaRouteValidator_10" time="0"/>
  <testcase name="testAbaNumberCheck_21319_good" classname="com.cardatechnologies.utils.validators.abaroutevalidator.Test_AbaRouteValidator_10" time="0"/>
  <testcase name="testAbaNumberCheck_21283_good" classname="com.cardatechnologies.utils.validators.abaroutevalidator.Test_AbaRouteValidator_10" time="0"/>
  <testcase name="testAbaNumberCheck_20343_good" classname="com.cardatechnologies.utils.validators.abaroutevalidator.Test_AbaRouteValidator_10" time="0"/>
  <testcase name="testAbaNumberCheck_21941_good" classname="com.cardatechnologies.utils.validators.abaroutevalidator.Test_AbaRouteValidator_10" time="0"/>
  <testcase name="testAbaNumberCheck_22097_good" classname="com.cardatechnologies.utils.validators.abaroutevalidator.Test_AbaRouteValidator_10" time="0"/>
  <testcase name="testAbaNumberCheck_21157_good" classname="com.cardatechnologies.utils.validators.abaroutevalidator.Test_AbaRouteValidator_10" time="0"/>
  <testcase name="testAbaNumberCheck_20217_good" classname="com.cardatechnologies.utils.validators.abaroutevalidator.Test_AbaRouteValidator_10" time="0"/>
  <testcase name="testAbaNumberCheck_21815_good" classname="com.cardatechnologies.utils.validators.abaroutevalidator.Test_AbaRouteValidator_10" time="0"/>
  <testcase name="testAbaNumberCheck_20181_good" classname="com.cardatechnologies.utils.validators.abaroutevalidator.Test_AbaRouteValidator_10" time="0"/>
  <testcase name="testAbaNumberCheck_20055_good" classname="com.cardatechnologies.utils.validators.abaroutevalidator.Test_AbaRouteValidator_10" time="0"/>
  <testcase name="testAbaNumberCheck_21653_good" classname="com.cardatechnologies.utils.validators.abaroutevalidator.Test_AbaRouteValidator_10" time="0"/>
  <testcase name="testAbaNumberCheck_20713_good" classname="com.cardatechnologies.utils.validators.abaroutevalidator.Test_AbaRouteValidator_10" time="0"/>
  <testcase name="testAbaNumberCheck_21527_good" classname="com.cardatechnologies.utils.validators.abaroutevalidator.Test_AbaRouteValidator_10" time="0"/>
  <testcase name="testAbaNumberCheck_21491_good" classname="com.cardatechnologies.utils.validators.abaroutevalidator.Test_AbaRouteValidator_10" time="0"/>
  <testcase name="testAbaNumberCheck_20551_good" classname="com.cardatechnologies.utils.validators.abaroutevalidator.Test_AbaRouteValidator_10" time="0"/>
  <testcase name="testAbaNumberCheck_21365_good" classname="com.cardatechnologies.utils.validators.abaroutevalidator.Test_AbaRouteValidator_10" time="0"/>
  <testcase name="testAbaNumberCheck_20425_good" classname="com.cardatechnologies.utils.validators.abaroutevalidator.Test_AbaRouteValidator_10" time="0"/>
  <testcase name="testAbaNumberCheck_22179_good" classname="com.cardatechnologies.utils.validators.abaroutevalidator.Test_AbaRouteValidator_10" time="0"/>
  <testcase name="testAbaNumberCheck_21239_good" classname="com.cardatechnologies.utils.validators.abaroutevalidator.Test_AbaRouteValidator_10" time="0"/>
  <testcase name="testAbaNumberCheck_20263_good" classname="com.cardatechnologies.utils.validators.abaroutevalidator.Test_AbaRouteValidator_10" time="0"/>
  <testcase name="testAbaNumberCheck_21861_good" classname="com.cardatechnologies.utils.validators.abaroutevalidator.Test_AbaRouteValidator_10" time="0"/>
  <testcase name="testAbaNumberCheck_20921_good" classname="com.cardatechnologies.utils.validators.abaroutevalidator.Test_AbaRouteValidator_10" time="0"/>
  <testcase name="testAbaNumberCheck_21077_good" classname="com.cardatechnologies.utils.validators.abaroutevalidator.Test_AbaRouteValidator_10" time="0"/>
  <testcase name="testAbaNumberCheck_20137_good" classname="com.cardatechnologies.utils.validators.abaroutevalidator.Test_AbaRouteValidator_10" time="0"/>
  <testcase name="testAbaNumberCheck_21735_good" classname="com.cardatechnologies.utils.validators.abaroutevalidator.Test_AbaRouteValidator_10" time="0"/>
  <testcase name="testAbaNumberCheck_21609_good" classname="com.cardatechnologies.utils.validators.abaroutevalidator.Test_AbaRouteValidator_10" time="0"/>
  <testcase name="testAbaNumberCheck_21573_good" classname="com.cardatechnologies.utils.validators.abaroutevalidator.Test_AbaRouteValidator_10" time="0"/>
  <testcase name="testAbaNumberCheck_20633_good" classname="com.cardatechnologies.utils.validators.abaroutevalidator.Test_AbaRouteValidator_10" time="0"/>
  <testcase name="testAbaNumberCheck_22387_good" classname="com.cardatechnologies.utils.validators.abaroutevalidator.Test_AbaRouteValidator_10" time="0"/>
  <testcase name="testAbaNumberCheck_21447_good" classname="com.cardatechnologies.utils.validators.abaroutevalidator.Test_AbaRouteValidator_10" time="0"/>
  <testcase name="testAbaNumberCheck_20507_good" classname="com.cardatechnologies.utils.validators.abaroutevalidator.Test_AbaRouteValidator_10" time="0"/>
  <testcase name="testAbaNumberCheck_20471_good" classname="com.cardatechnologies.utils.validators.abaroutevalidator.Test_AbaRouteValidator_10" time="0"/>
  <testcase name="testAbaNumberCheck_21285_good" classname="com.cardatechnologies.utils.validators.abaroutevalidator.Test_AbaRouteValidator_10" time="0"/>
  <testcase name="testAbaNumberCheck_20345_good" classname="com.cardatechnologies.utils.validators.abaroutevalidator.Test_AbaRouteValidator_10" time="0"/>
  <testcase name="testAbaNumberCheck_21943_good" classname="com.cardatechnologies.utils.validators.abaroutevalidator.Test_AbaRouteValidator_10" time="0"/>
  <testcase name="testAbaNumberCheck_22099_good" classname="com.cardatechnologies.utils.validators.abaroutevalidator.Test_AbaRouteValidator_10" time="0"/>
  <testcase name="testAbaNumberCheck_21159_good" classname="com.cardatechnologies.utils.validators.abaroutevalidator.Test_AbaRouteValidator_10" time="0"/>
  <testcase name="testAbaNumberCheck_20219_good" classname="com.cardatechnologies.utils.validators.abaroutevalidator.Test_AbaRouteValidator_10" time="0"/>
  <testcase name="testAbaNumberCheck_21817_good" classname="com.cardatechnologies.utils.validators.abaroutevalidator.Test_AbaRouteValidator_10" time="0"/>
  <testcase name="testAbaNumberCheck_20183_good" classname="com.cardatechnologies.utils.validators.abaroutevalidator.Test_AbaRouteValidator_10" time="0"/>
  <testcase name="testAbaNumberCheck_21781_good" classname="com.cardatechnologies.utils.validators.abaroutevalidator.Test_AbaRouteValidator_10" time="0"/>
  <testcase name="testAbaNumberCheck_20841_good" classname="com.cardatechnologies.utils.validators.abaroutevalidator.Test_AbaRouteValidator_10" time="0"/>
  <testcase name="testAbaNumberCheck_20057_good" classname="com.cardatechnologies.utils.validators.abaroutevalidator.Test_AbaRouteValidator_10" time="0"/>
  <testcase name="testAbaNumberCheck_21655_good" classname="com.cardatechnologies.utils.validators.abaroutevalidator.Test_AbaRouteValidator_10" time="0"/>
  <testcase name="testAbaNumberCheck_20715_good" classname="com.cardatechnologies.utils.validators.abaroutevalidator.Test_AbaRouteValidator_10" time="0"/>
  <testcase name="testAbaNumberCheck_21529_good" classname="com.cardatechnologies.utils.validators.abaroutevalidator.Test_AbaRouteValidator_10" time="0"/>
  <testcase name="testAbaNumberCheck_21493_good" classname="com.cardatechnologies.utils.validators.abaroutevalidator.Test_AbaRouteValidator_10" time="0"/>
  <testcase name="testAbaNumberCheck_20553_good" classname="com.cardatechnologies.utils.validators.abaroutevalidator.Test_AbaRouteValidator_10" time="0"/>
  <testcase name="testAbaNumberCheck_21367_good" classname="com.cardatechnologies.utils.validators.abaroutevalidator.Test_AbaRouteValidator_10" time="0"/>
  <testcase name="testAbaNumberCheck_20427_good" classname="com.cardatechnologies.utils.validators.abaroutevalidator.Test_AbaRouteValidator_10" time="0"/>
  <testcase name="testAbaNumberCheck_20391_good" classname="com.cardatechnologies.utils.validators.abaroutevalidator.Test_AbaRouteValidator_10" time="0"/>
  <testcase name="testAbaNumberCheck_20265_good" classname="com.cardatechnologies.utils.validators.abaroutevalidator.Test_AbaRouteValidator_10" time="0"/>
  <testcase name="testAbaNumberCheck_21863_good" classname="com.cardatechnologies.utils.validators.abaroutevalidator.Test_AbaRouteValidator_10" time="0"/>
  <testcase name="testAbaNumberCheck_20923_good" classname="com.cardatechnologies.utils.validators.abaroutevalidator.Test_AbaRouteValidator_10" time="0"/>
  <testcase name="testAbaNumberCheck_21079_good" classname="com.cardatechnologies.utils.validators.abaroutevalidator.Test_AbaRouteValidator_10" time="0"/>
  <testcase name="testAbaNumberCheck_20139_good" classname="com.cardatechnologies.utils.validators.abaroutevalidator.Test_AbaRouteValidator_10" time="0"/>
  <testcase name="testAbaNumberCheck_21737_good" classname="com.cardatechnologies.utils.validators.abaroutevalidator.Test_AbaRouteValidator_10" time="0"/>
  <testcase name="testAbaNumberCheck_20761_good" classname="com.cardatechnologies.utils.validators.abaroutevalidator.Test_AbaRouteValidator_10" time="0"/>
  <testcase name="testAbaNumberCheck_21575_good" classname="com.cardatechnologies.utils.validators.abaroutevalidator.Test_AbaRouteValidator_10" time="0"/>
  <testcase name="testAbaNumberCheck_20635_good" classname="com.cardatechnologies.utils.validators.abaroutevalidator.Test_AbaRouteValidator_10" time="0"/>
  <testcase name="testAbaNumberCheck_22389_good" classname="com.cardatechnologies.utils.validators.abaroutevalidator.Test_AbaRouteValidator_10" time="0"/>
  <testcase name="testAbaNumberCheck_21449_good" classname="com.cardatechnologies.utils.validators.abaroutevalidator.Test_AbaRouteValidator_10" time="0"/>
  <testcase name="testAbaNumberCheck_20509_good" classname="com.cardatechnologies.utils.validators.abaroutevalidator.Test_AbaRouteValidator_10" time="0"/>
  <testcase name="testAbaNumberCheck_20473_good" classname="com.cardatechnologies.utils.validators.abaroutevalidator.Test_AbaRouteValidator_10" time="0"/>
  <testcase name="testAbaNumberCheck_21287_good" classname="com.cardatechnologies.utils.validators.abaroutevalidator.Test_AbaRouteValidator_10" time="0"/>
  <testcase name="testAbaNumberCheck_20347_good" classname="com.cardatechnologies.utils.validators.abaroutevalidator.Test_AbaRouteValidator_10" time="0"/>
  <testcase name="testAbaNumberCheck_21945_good" classname="com.cardatechnologies.utils.validators.abaroutevalidator.Test_AbaRouteValidator_10" time="0"/>
  <testcase name="testAbaNumberCheck_21819_good" classname="com.cardatechnologies.utils.validators.abaroutevalidator.Test_AbaRouteValidator_10" time="0"/>
  <testcase name="testAbaNumberCheck_20185_good" classname="com.cardatechnologies.utils.validators.abaroutevalidator.Test_AbaRouteValidator_10" time="0"/>
  <testcase name="testAbaNumberCheck_21783_good" classname="com.cardatechnologies.utils.validators.abaroutevalidator.Test_AbaRouteValidator_10" time="0"/>
  <testcase name="testAbaNumberCheck_20843_good" classname="com.cardatechnologies.utils.validators.abaroutevalidator.Test_AbaRouteValidator_10" time="0"/>
  <testcase name="testAbaNumberCheck_20059_good" classname="com.cardatechnologies.utils.validators.abaroutevalidator.Test_AbaRouteValidator_10" time="0"/>
  <testcase name="testAbaNumberCheck_21657_good" classname="com.cardatechnologies.utils.validators.abaroutevalidator.Test_AbaRouteValidator_10" time="0"/>
  <testcase name="testAbaNumberCheck_20717_good" classname="com.cardatechnologies.utils.validators.abaroutevalidator.Test_AbaRouteValidator_10" time="0"/>
  <testcase name="testAbaNumberCheck_20681_good" classname="com.cardatechnologies.utils.validators.abaroutevalidator.Test_AbaRouteValidator_10" time="0"/>
  <testcase name="testAbaNumberCheck_21495_good" classname="com.cardatechnologies.utils.validators.abaroutevalidator.Test_AbaRouteValidator_10" time="0"/>
  <testcase name="testAbaNumberCheck_20555_good" classname="com.cardatechnologies.utils.validators.abaroutevalidator.Test_AbaRouteValidator_10" time="0"/>
  <testcase name="testAbaNumberCheck_21369_good" classname="com.cardatechnologies.utils.validators.abaroutevalidator.Test_AbaRouteValidator_10" time="0"/>
  <testcase name="testAbaNumberCheck_20429_good" classname="com.cardatechnologies.utils.validators.abaroutevalidator.Test_AbaRouteValidator_10" time="0"/>
  <testcase name="testAbaNumberCheck_20393_good" classname="com.cardatechnologies.utils.validators.abaroutevalidator.Test_AbaRouteValidator_10" time="0"/>
  <testcase name="testAbaNumberCheck_21991_good" classname="com.cardatechnologies.utils.validators.abaroutevalidator.Test_AbaRouteValidator_10" time="0"/>
  <testcase name="testAbaNumberCheck_20267_good" classname="com.cardatechnologies.utils.validators.abaroutevalidator.Test_AbaRouteValidator_10" time="0"/>
  <testcase name="testAbaNumberCheck_21865_good" classname="com.cardatechnologies.utils.validators.abaroutevalidator.Test_AbaRouteValidator_10" time="0"/>
  <testcase name="testAbaNumberCheck_20925_good" classname="com.cardatechnologies.utils.validators.abaroutevalidator.Test_AbaRouteValidator_10" time="0"/>
  <testcase name="testAbaNumberCheck_21739_good" classname="com.cardatechnologies.utils.validators.abaroutevalidator.Test_AbaRouteValidator_10" time="0.001"/>
  <testcase name="testAbaNumberCheck_20100_bad" classname="com.cardatechnologies.utils.validators.abaroutevalidator.Test_AbaRouteValidator_10" time="0"/>
  <testcase name="testAbaNumberCheck_20763_good" classname="com.cardatechnologies.utils.validators.abaroutevalidator.Test_AbaRouteValidator_10" time="0"/>
  <testcase name="testAbaNumberCheck_20102_bad" classname="com.cardatechnologies.utils.validators.abaroutevalidator.Test_AbaRouteValidator_10" time="0"/>
  <testcase name="testAbaNumberCheck_20104_bad" classname="com.cardatechnologies.utils.validators.abaroutevalidator.Test_AbaRouteValidator_10" time="0"/>
  <testcase name="testAbaNumberCheck_21577_good" classname="com.cardatechnologies.utils.validators.abaroutevalidator.Test_AbaRouteValidator_10" time="0"/>
  <testcase name="testAbaNumberCheck_20637_good" classname="com.cardatechnologies.utils.validators.abaroutevalidator.Test_AbaRouteValidator_10" time="0"/>
  <testcase name="testAbaNumberCheck_20106_bad" classname="com.cardatechnologies.utils.validators.abaroutevalidator.Test_AbaRouteValidator_10" time="0"/>
  <testcase name="testAbaNumberCheck_20108_bad" classname="com.cardatechnologies.utils.validators.abaroutevalidator.Test_AbaRouteValidator_10" time="0"/>
  <testcase name="testAbaNumberCheck_20475_good" classname="com.cardatechnologies.utils.validators.abaroutevalidator.Test_AbaRouteValidator_10" time="0"/>
  <testcase name="testAbaNumberCheck_21289_good" classname="com.cardatechnologies.utils.validators.abaroutevalidator.Test_AbaRouteValidator_10" time="0"/>
  <testcase name="testAbaNumberCheck_20349_good" classname="com.cardatechnologies.utils.validators.abaroutevalidator.Test_AbaRouteValidator_10" time="0"/>
  <testcase name="testAbaNumberCheck_21947_good" classname="com.cardatechnologies.utils.validators.abaroutevalidator.Test_AbaRouteValidator_10" time="0"/>
  <testcase name="testAbaNumberCheck_20971_good" classname="com.cardatechnologies.utils.validators.abaroutevalidator.Test_AbaRouteValidator_10" time="0"/>
  <testcase name="testAbaNumberCheck_20187_good" classname="com.cardatechnologies.utils.validators.abaroutevalidator.Test_AbaRouteValidator_10" time="0"/>
  <testcase name="testAbaNumberCheck_21785_good" classname="com.cardatechnologies.utils.validators.abaroutevalidator.Test_AbaRouteValidator_10" time="0"/>
  <testcase name="testAbaNumberCheck_20845_good" classname="com.cardatechnologies.utils.validators.abaroutevalidator.Test_AbaRouteValidator_10" time="0"/>
  <testcase name="testAbaNumberCheck_20110_bad" classname="com.cardatechnologies.utils.validators.abaroutevalidator.Test_AbaRouteValidator_10" time="0"/>
  <testcase name="testAbaNumberCheck_21659_good" classname="com.cardatechnologies.utils.validators.abaroutevalidator.Test_AbaRouteValidator_10" time="0"/>
  <testcase name="testAbaNumberCheck_20719_good" classname="com.cardatechnologies.utils.validators.abaroutevalidator.Test_AbaRouteValidator_10" time="0"/>
  <testcase name="testAbaNumberCheck_20112_bad" classname="com.cardatechnologies.utils.validators.abaroutevalidator.Test_AbaRouteValidator_10" time="0"/>
  <testcase name="testAbaNumberCheck_20114_bad" classname="com.cardatechnologies.utils.validators.abaroutevalidator.Test_AbaRouteValidator_10" time="0"/>
  <testcase name="testAbaNumberCheck_20683_good" classname="com.cardatechnologies.utils.validators.abaroutevalidator.Test_AbaRouteValidator_10" time="0"/>
  <testcase name="testAbaNumberCheck_20116_bad" classname="com.cardatechnologies.utils.validators.abaroutevalidator.Test_AbaRouteValidator_10" time="0"/>
  <testcase name="testAbaNumberCheck_20118_bad" classname="com.cardatechnologies.utils.validators.abaroutevalidator.Test_AbaRouteValidator_10" time="0"/>
  <testcase name="testAbaNumberCheck_21497_good" classname="com.cardatechnologies.utils.validators.abaroutevalidator.Test_AbaRouteValidator_10" time="0"/>
  <testcase name="testAbaNumberCheck_20557_good" classname="com.cardatechnologies.utils.validators.abaroutevalidator.Test_AbaRouteValidator_10" time="0"/>
  <testcase name="testAbaNumberCheck_20395_good" classname="com.cardatechnologies.utils.validators.abaroutevalidator.Test_AbaRouteValidator_10" time="0"/>
  <testcase name="testAbaNumberCheck_21993_good" classname="com.cardatechnologies.utils.validators.abaroutevalidator.Test_AbaRouteValidator_10" time="0"/>
  <testcase name="testAbaNumberCheck_20269_good" classname="com.cardatechnologies.utils.validators.abaroutevalidator.Test_AbaRouteValidator_10" time="0"/>
  <testcase name="testAbaNumberCheck_21867_good" classname="com.cardatechnologies.utils.validators.abaroutevalidator.Test_AbaRouteValidator_10" time="0"/>
  <testcase name="testAbaNumberCheck_20927_good" classname="com.cardatechnologies.utils.validators.abaroutevalidator.Test_AbaRouteValidator_10" time="0"/>
  <testcase name="testAbaNumberCheck_20891_good" classname="com.cardatechnologies.utils.validators.abaroutevalidator.Test_AbaRouteValidator_10" time="0"/>
  <testcase name="testAbaNumberCheck_20120_bad" classname="com.cardatechnologies.utils.validators.abaroutevalidator.Test_AbaRouteValidator_10" time="0"/>
  <testcase name="testAbaNumberCheck_20765_good" classname="com.cardatechnologies.utils.validators.abaroutevalidator.Test_AbaRouteValidator_10" time="0"/>
  <testcase name="testAbaNumberCheck_20122_bad" classname="com.cardatechnologies.utils.validators.abaroutevalidator.Test_AbaRouteValidator_10" time="0"/>
  <testcase name="testAbaNumberCheck_20124_bad" classname="com.cardatechnologies.utils.validators.abaroutevalidator.Test_AbaRouteValidator_10" time="0"/>
  <testcase name="testAbaNumberCheck_21579_good" classname="com.cardatechnologies.utils.validators.abaroutevalidator.Test_AbaRouteValidator_10" time="0"/>
  <testcase name="testAbaNumberCheck_20639_good" classname="com.cardatechnologies.utils.validators.abaroutevalidator.Test_AbaRouteValidator_10" time="0"/>
  <testcase name="testAbaNumberCheck_20126_bad" classname="com.cardatechnologies.utils.validators.abaroutevalidator.Test_AbaRouteValidator_10" time="0"/>
  <testcase name="testAbaNumberCheck_20128_bad" classname="com.cardatechnologies.utils.validators.abaroutevalidator.Test_AbaRouteValidator_10" time="0"/>
  <testcase name="testAbaNumberCheck_20477_good" classname="com.cardatechnologies.utils.validators.abaroutevalidator.Test_AbaRouteValidator_10" time="0"/>
  <testcase name="testAbaNumberCheck_21949_good" classname="com.cardatechnologies.utils.validators.abaroutevalidator.Test_AbaRouteValidator_10" time="0"/>
  <testcase name="testAbaNumberCheck_22200_bad" classname="com.cardatechnologies.utils.validators.abaroutevalidator.Test_AbaRouteValidator_10" time="0"/>
  <testcase name="testAbaNumberCheck_20973_good" classname="com.cardatechnologies.utils.validators.abaroutevalidator.Test_AbaRouteValidator_10" time="0"/>
  <testcase name="testAbaNumberCheck_22202_bad" classname="com.cardatechnologies.utils.validators.abaroutevalidator.Test_AbaRouteValidator_10" time="0"/>
  <testcase name="testAbaNumberCheck_20189_good" classname="com.cardatechnologies.utils.validators.abaroutevalidator.Test_AbaRouteValidator_10" time="0"/>
  <testcase name="testAbaNumberCheck_22204_bad" classname="com.cardatechnologies.utils.validators.abaroutevalidator.Test_AbaRouteValidator_10" time="0"/>
  <testcase name="testAbaNumberCheck_21787_good" classname="com.cardatechnologies.utils.validators.abaroutevalidator.Test_AbaRouteValidator_10" time="0"/>
  <testcase name="testAbaNumberCheck_20847_good" classname="com.cardatechnologies.utils.validators.abaroutevalidator.Test_AbaRouteValidator_10" time="0"/>
  <testcase name="testAbaNumberCheck_22206_bad" classname="com.cardatechnologies.utils.validators.abaroutevalidator.Test_AbaRouteValidator_10" time="0"/>
  <testcase name="testAbaNumberCheck_22208_bad" classname="com.cardatechnologies.utils.validators.abaroutevalidator.Test_AbaRouteValidator_10" time="0"/>
  <testcase name="testAbaNumberCheck_20130_bad" classname="com.cardatechnologies.utils.validators.abaroutevalidator.Test_AbaRouteValidator_10" time="0"/>
  <testcase name="testAbaNumberCheck_20132_bad" classname="com.cardatechnologies.utils.validators.abaroutevalidator.Test_AbaRouteValidator_10" time="0"/>
  <testcase name="testAbaNumberCheck_20134_bad" classname="com.cardatechnologies.utils.validators.abaroutevalidator.Test_AbaRouteValidator_10" time="0"/>
  <testcase name="testAbaNumberCheck_20685_good" classname="com.cardatechnologies.utils.validators.abaroutevalidator.Test_AbaRouteValidator_10" time="0"/>
  <testcase name="testAbaNumberCheck_20136_bad" classname="com.cardatechnologies.utils.validators.abaroutevalidator.Test_AbaRouteValidator_10" time="0"/>
  <testcase name="testAbaNumberCheck_20138_bad" classname="com.cardatechnologies.utils.validators.abaroutevalidator.Test_AbaRouteValidator_10" time="0.001"/>
  <testcase name="testAbaNumberCheck_21499_good" classname="com.cardatechnologies.utils.validators.abaroutevalidator.Test_AbaRouteValidator_10" time="0"/>
  <testcase name="testAbaNumberCheck_20559_good" classname="com.cardatechnologies.utils.validators.abaroutevalidator.Test_AbaRouteValidator_10" time="0"/>
  <testcase name="testAbaNumberCheck_20397_good" classname="com.cardatechnologies.utils.validators.abaroutevalidator.Test_AbaRouteValidator_10" time="0"/>
  <testcase name="testAbaNumberCheck_21995_good" classname="com.cardatechnologies.utils.validators.abaroutevalidator.Test_AbaRouteValidator_10" time="0"/>
  <testcase name="testAbaNumberCheck_22210_bad" classname="com.cardatechnologies.utils.validators.abaroutevalidator.Test_AbaRouteValidator_10" time="0"/>
  <testcase name="testAbaNumberCheck_21869_good" classname="com.cardatechnologies.utils.validators.abaroutevalidator.Test_AbaRouteValidator_10" time="0"/>
  <testcase name="testAbaNumberCheck_20929_good" classname="com.cardatechnologies.utils.validators.abaroutevalidator.Test_AbaRouteValidator_10" time="0"/>
  <testcase name="testAbaNumberCheck_22212_bad" classname="com.cardatechnologies.utils.validators.abaroutevalidator.Test_AbaRouteValidator_10" time="0"/>
  <testcase name="testAbaNumberCheck_21400_bad" classname="com.cardatechnologies.utils.validators.abaroutevalidator.Test_AbaRouteValidator_10" time="0"/>
  <testcase name="testAbaNumberCheck_22214_bad" classname="com.cardatechnologies.utils.validators.abaroutevalidator.Test_AbaRouteValidator_10" time="0"/>
  <testcase name="testAbaNumberCheck_20893_good" classname="com.cardatechnologies.utils.validators.abaroutevalidator.Test_AbaRouteValidator_10" time="0"/>
  <testcase name="testAbaNumberCheck_21402_bad" classname="com.cardatechnologies.utils.validators.abaroutevalidator.Test_AbaRouteValidator_10" time="0"/>
  <testcase name="testAbaNumberCheck_22216_bad" classname="com.cardatechnologies.utils.validators.abaroutevalidator.Test_AbaRouteValidator_10" time="0"/>
  <testcase name="testAbaNumberCheck_21404_bad" classname="com.cardatechnologies.utils.validators.abaroutevalidator.Test_AbaRouteValidator_10" time="0"/>
  <testcase name="testAbaNumberCheck_22218_bad" classname="com.cardatechnologies.utils.validators.abaroutevalidator.Test_AbaRouteValidator_10" time="0"/>
  <testcase name="testAbaNumberCheck_20140_bad" classname="com.cardatechnologies.utils.validators.abaroutevalidator.Test_AbaRouteValidator_10" time="0"/>
  <testcase name="testAbaNumberCheck_20767_good" classname="com.cardatechnologies.utils.validators.abaroutevalidator.Test_AbaRouteValidator_10" time="0"/>
  <testcase name="testAbaNumberCheck_21406_bad" classname="com.cardatechnologies.utils.validators.abaroutevalidator.Test_AbaRouteValidator_10" time="0"/>
  <testcase name="testAbaNumberCheck_20142_bad" classname="com.cardatechnologies.utils.validators.abaroutevalidator.Test_AbaRouteValidator_10" time="0"/>
  <testcase name="testAbaNumberCheck_21408_bad" classname="com.cardatechnologies.utils.validators.abaroutevalidator.Test_AbaRouteValidator_10" time="0"/>
  <testcase name="testAbaNumberCheck_20144_bad" classname="com.cardatechnologies.utils.validators.abaroutevalidator.Test_AbaRouteValidator_10" time="0"/>
  <testcase name="testAbaNumberCheck_20146_bad" classname="com.cardatechnologies.utils.validators.abaroutevalidator.Test_AbaRouteValidator_10" time="0"/>
  <testcase name="testAbaNumberCheck_20148_bad" classname="com.cardatechnologies.utils.validators.abaroutevalidator.Test_AbaRouteValidator_10" time="0"/>
  <testcase name="testAbaNumberCheck_20479_good" classname="com.cardatechnologies.utils.validators.abaroutevalidator.Test_AbaRouteValidator_10" time="0"/>
  <testcase name="testAbaNumberCheck_22220_bad" classname="com.cardatechnologies.utils.validators.abaroutevalidator.Test_AbaRouteValidator_10" time="0"/>
  <testcase name="testAbaNumberCheck_20975_good" classname="com.cardatechnologies.utils.validators.abaroutevalidator.Test_AbaRouteValidator_10" time="0"/>
  <testcase name="testAbaNumberCheck_22222_bad" classname="com.cardatechnologies.utils.validators.abaroutevalidator.Test_AbaRouteValidator_10" time="0"/>
  <testcase name="testAbaNumberCheck_21410_bad" classname="com.cardatechnologies.utils.validators.abaroutevalidator.Test_AbaRouteValidator_10" time="0"/>
  <testcase name="testAbaNumberCheck_22224_bad" classname="com.cardatechnologies.utils.validators.abaroutevalidator.Test_AbaRouteValidator_10" time="0"/>
  <testcase name="testAbaNumberCheck_21789_good" classname="com.cardatechnologies.utils.validators.abaroutevalidator.Test_AbaRouteValidator_10" time="0"/>
  <testcase name="testAbaNumberCheck_20849_good" classname="com.cardatechnologies.utils.validators.abaroutevalidator.Test_AbaRouteValidator_10" time="0"/>
  <testcase name="testAbaNumberCheck_21412_bad" classname="com.cardatechnologies.utils.validators.abaroutevalidator.Test_AbaRouteValidator_10" time="0"/>
  <testcase name="testAbaNumberCheck_22226_bad" classname="com.cardatechnologies.utils.validators.abaroutevalidator.Test_AbaRouteValidator_10" time="0"/>
  <testcase name="testAbaNumberCheck_20600_bad" classname="com.cardatechnologies.utils.validators.abaroutevalidator.Test_AbaRouteValidator_10" time="0"/>
  <testcase name="testAbaNumberCheck_21414_bad" classname="com.cardatechnologies.utils.validators.abaroutevalidator.Test_AbaRouteValidator_10" time="0"/>
  <testcase name="testAbaNumberCheck_22228_bad" classname="com.cardatechnologies.utils.validators.abaroutevalidator.Test_AbaRouteValidator_10" time="0"/>
  <testcase name="testAbaNumberCheck_20150_bad" classname="com.cardatechnologies.utils.validators.abaroutevalidator.Test_AbaRouteValidator_10" time="0"/>
  <testcase name="testAbaNumberCheck_20602_bad" classname="com.cardatechnologies.utils.validators.abaroutevalidator.Test_AbaRouteValidator_10" time="0"/>
  <testcase name="testAbaNumberCheck_21416_bad" classname="com.cardatechnologies.utils.validators.abaroutevalidator.Test_AbaRouteValidator_10" time="0"/>
  <testcase name="testAbaNumberCheck_20152_bad" classname="com.cardatechnologies.utils.validators.abaroutevalidator.Test_AbaRouteValidator_10" time="0"/>
  <testcase name="testAbaNumberCheck_20604_bad" classname="com.cardatechnologies.utils.validators.abaroutevalidator.Test_AbaRouteValidator_10" time="0"/>
  <testcase name="testAbaNumberCheck_21418_bad" classname="com.cardatechnologies.utils.validators.abaroutevalidator.Test_AbaRouteValidator_10" time="0"/>
  <testcase name="testAbaNumberCheck_20154_bad" classname="com.cardatechnologies.utils.validators.abaroutevalidator.Test_AbaRouteValidator_10" time="0"/>
  <testcase name="testAbaNumberCheck_20687_good" classname="com.cardatechnologies.utils.validators.abaroutevalidator.Test_AbaRouteValidator_10" time="0"/>
  <testcase name="testAbaNumberCheck_20606_bad" classname="com.cardatechnologies.utils.validators.abaroutevalidator.Test_AbaRouteValidator_10" time="0"/>
  <testcase name="testAbaNumberCheck_20156_bad" classname="com.cardatechnologies.utils.validators.abaroutevalidator.Test_AbaRouteValidator_10" time="0"/>
  <testcase name="testAbaNumberCheck_20608_bad" classname="com.cardatechnologies.utils.validators.abaroutevalidator.Test_AbaRouteValidator_10" time="0"/>
  <testcase name="testAbaNumberCheck_20158_bad" classname="com.cardatechnologies.utils.validators.abaroutevalidator.Test_AbaRouteValidator_10" time="0"/>
  <testcase name="testAbaNumberCheck_20399_good" classname="com.cardatechnologies.utils.validators.abaroutevalidator.Test_AbaRouteValidator_10" time="0"/>
  <testcase name="testAbaNumberCheck_21997_good" classname="com.cardatechnologies.utils.validators.abaroutevalidator.Test_AbaRouteValidator_10" time="0"/>
  <testcase name="testAbaNumberCheck_22230_bad" classname="com.cardatechnologies.utils.validators.abaroutevalidator.Test_AbaRouteValidator_10" time="0"/>
  <testcase name="testAbaNumberCheck_22232_bad" classname="com.cardatechnologies.utils.validators.abaroutevalidator.Test_AbaRouteValidator_10" time="0"/>
  <testcase name="testAbaNumberCheck_21420_bad" classname="com.cardatechnologies.utils.validators.abaroutevalidator.Test_AbaRouteValidator_10" time="0"/>
  <testcase name="testAbaNumberCheck_22234_bad" classname="com.cardatechnologies.utils.validators.abaroutevalidator.Test_AbaRouteValidator_10" time="0"/>
  <testcase name="testAbaNumberCheck_20895_good" classname="com.cardatechnologies.utils.validators.abaroutevalidator.Test_AbaRouteValidator_10" time="0"/>
  <testcase name="testAbaNumberCheck_21422_bad" classname="com.cardatechnologies.utils.validators.abaroutevalidator.Test_AbaRouteValidator_10" time="0"/>
  <testcase name="testAbaNumberCheck_22236_bad" classname="com.cardatechnologies.utils.validators.abaroutevalidator.Test_AbaRouteValidator_10" time="0"/>
  <testcase name="testAbaNumberCheck_20610_bad" classname="com.cardatechnologies.utils.validators.abaroutevalidator.Test_AbaRouteValidator_10" time="0"/>
  <testcase name="testAbaNumberCheck_21424_bad" classname="com.cardatechnologies.utils.validators.abaroutevalidator.Test_AbaRouteValidator_10" time="0"/>
  <testcase name="testAbaNumberCheck_22238_bad" classname="com.cardatechnologies.utils.validators.abaroutevalidator.Test_AbaRouteValidator_10" time="0"/>
  <testcase name="testAbaNumberCheck_20160_bad" classname="com.cardatechnologies.utils.validators.abaroutevalidator.Test_AbaRouteValidator_10" time="0"/>
  <testcase name="testAbaNumberCheck_20769_good" classname="com.cardatechnologies.utils.validators.abaroutevalidator.Test_AbaRouteValidator_10" time="0"/>
  <testcase name="testAbaNumberCheck_20612_bad" classname="com.cardatechnologies.utils.validators.abaroutevalidator.Test_AbaRouteValidator_10" time="0"/>
  <testcase name="testAbaNumberCheck_21426_bad" classname="com.cardatechnologies.utils.validators.abaroutevalidator.Test_AbaRouteValidator_10" time="0"/>
  <testcase name="testAbaNumberCheck_20162_bad" classname="com.cardatechnologies.utils.validators.abaroutevalidator.Test_AbaRouteValidator_10" time="0"/>
  <testcase name="testAbaNumberCheck_20614_bad" classname="com.cardatechnologies.utils.validators.abaroutevalidator.Test_AbaRouteValidator_10" time="0"/>
  <testcase name="testAbaNumberCheck_21428_bad" classname="com.cardatechnologies.utils.validators.abaroutevalidator.Test_AbaRouteValidator_10" time="0"/>
  <testcase name="testAbaNumberCheck_20164_bad" classname="com.cardatechnologies.utils.validators.abaroutevalidator.Test_AbaRouteValidator_10" time="0"/>
  <testcase name="testAbaNumberCheck_20616_bad" classname="com.cardatechnologies.utils.validators.abaroutevalidator.Test_AbaRouteValidator_10" time="0"/>
  <testcase name="testAbaNumberCheck_20166_bad" classname="com.cardatechnologies.utils.validators.abaroutevalidator.Test_AbaRouteValidator_10" time="0"/>
  <testcase name="testAbaNumberCheck_20618_bad" classname="com.cardatechnologies.utils.validators.abaroutevalidator.Test_AbaRouteValidator_10" time="0"/>
  <testcase name="testAbaNumberCheck_20168_bad" classname="com.cardatechnologies.utils.validators.abaroutevalidator.Test_AbaRouteValidator_10" time="0"/>
  <testcase name="testAbaNumberCheck_22240_bad" classname="com.cardatechnologies.utils.validators.abaroutevalidator.Test_AbaRouteValidator_10" time="0"/>
  <testcase name="testAbaNumberCheck_20977_good" classname="com.cardatechnologies.utils.validators.abaroutevalidator.Test_AbaRouteValidator_10" time="0"/>
  <testcase name="testAbaNumberCheck_22242_bad" classname="com.cardatechnologies.utils.validators.abaroutevalidator.Test_AbaRouteValidator_10" time="0"/>
  <testcase name="testAbaNumberCheck_21430_bad" classname="com.cardatechnologies.utils.validators.abaroutevalidator.Test_AbaRouteValidator_10" time="0"/>
  <testcase name="testAbaNumberCheck_22244_bad" classname="com.cardatechnologies.utils.validators.abaroutevalidator.Test_AbaRouteValidator_10" time="0"/>
  <testcase name="testAbaNumberCheck_21432_bad" classname="com.cardatechnologies.utils.validators.abaroutevalidator.Test_AbaRouteValidator_10" time="0"/>
  <testcase name="testAbaNumberCheck_22246_bad" classname="com.cardatechnologies.utils.validators.abaroutevalidator.Test_AbaRouteValidator_10" time="0"/>
  <testcase name="testAbaNumberCheck_20620_bad" classname="com.cardatechnologies.utils.validators.abaroutevalidator.Test_AbaRouteValidator_10" time="0"/>
  <testcase name="testAbaNumberCheck_21434_bad" classname="com.cardatechnologies.utils.validators.abaroutevalidator.Test_AbaRouteValidator_10" time="0"/>
  <testcase name="testAbaNumberCheck_22248_bad" classname="com.cardatechnologies.utils.validators.abaroutevalidator.Test_AbaRouteValidator_10" time="0"/>
  <testcase name="testAbaNumberCheck_20170_bad" classname="com.cardatechnologies.utils.validators.abaroutevalidator.Test_AbaRouteValidator_10" time="0"/>
  <testcase name="testAbaNumberCheck_20622_bad" classname="com.cardatechnologies.utils.validators.abaroutevalidator.Test_AbaRouteValidator_10" time="0"/>
  <testcase name="testAbaNumberCheck_21436_bad" classname="com.cardatechnologies.utils.validators.abaroutevalidator.Test_AbaRouteValidator_10" time="0"/>
  <testcase name="testAbaNumberCheck_20172_bad" classname="com.cardatechnologies.utils.validators.abaroutevalidator.Test_AbaRouteValidator_10" time="0"/>
  <testcase name="testAbaNumberCheck_20624_bad" classname="com.cardatechnologies.utils.validators.abaroutevalidator.Test_AbaRouteValidator_10" time="0"/>
  <testcase name="testAbaNumberCheck_21438_bad" classname="com.cardatechnologies.utils.validators.abaroutevalidator.Test_AbaRouteValidator_10" time="0"/>
  <testcase name="testAbaNumberCheck_20174_bad" classname="com.cardatechnologies.utils.validators.abaroutevalidator.Test_AbaRouteValidator_10" time="0"/>
  <testcase name="testAbaNumberCheck_20689_good" classname="com.cardatechnologies.utils.validators.abaroutevalidator.Test_AbaRouteValidator_10" time="0"/>
  <testcase name="testAbaNumberCheck_20626_bad" classname="com.cardatechnologies.utils.validators.abaroutevalidator.Test_AbaRouteValidator_10" time="0"/>
  <testcase name="testAbaNumberCheck_20176_bad" classname="com.cardatechnologies.utils.validators.abaroutevalidator.Test_AbaRouteValidator_10" time="0"/>
  <testcase name="testAbaNumberCheck_20628_bad" classname="com.cardatechnologies.utils.validators.abaroutevalidator.Test_AbaRouteValidator_10" time="0"/>
  <testcase name="testAbaNumberCheck_20178_bad" classname="com.cardatechnologies.utils.validators.abaroutevalidator.Test_AbaRouteValidator_10" time="0"/>
  <testcase name="testAbaNumberCheck_21999_good" classname="com.cardatechnologies.utils.validators.abaroutevalidator.Test_AbaRouteValidator_10" time="0"/>
  <testcase name="testAbaNumberCheck_22250_bad" classname="com.cardatechnologies.utils.validators.abaroutevalidator.Test_AbaRouteValidator_10" time="0"/>
  <testcase name="testAbaNumberCheck_22252_bad" classname="com.cardatechnologies.utils.validators.abaroutevalidator.Test_AbaRouteValidator_10" time="0"/>
  <testcase name="testAbaNumberCheck_21440_bad" classname="com.cardatechnologies.utils.validators.abaroutevalidator.Test_AbaRouteValidator_10" time="0"/>
  <testcase name="testAbaNumberCheck_22254_bad" classname="com.cardatechnologies.utils.validators.abaroutevalidator.Test_AbaRouteValidator_10" time="0"/>
  <testcase name="testAbaNumberCheck_20897_good" classname="com.cardatechnologies.utils.validators.abaroutevalidator.Test_AbaRouteValidator_10" time="0"/>
  <testcase name="testAbaNumberCheck_21442_bad" classname="com.cardatechnologies.utils.validators.abaroutevalidator.Test_AbaRouteValidator_10" time="0"/>
  <testcase name="testAbaNumberCheck_22256_bad" classname="com.cardatechnologies.utils.validators.abaroutevalidator.Test_AbaRouteValidator_10" time="0"/>
  <testcase name="testAbaNumberCheck_20630_bad" classname="com.cardatechnologies.utils.validators.abaroutevalidator.Test_AbaRouteValidator_10" time="0"/>
  <testcase name="testAbaNumberCheck_21444_bad" classname="com.cardatechnologies.utils.validators.abaroutevalidator.Test_AbaRouteValidator_10" time="0"/>
  <testcase name="testAbaNumberCheck_22258_bad" classname="com.cardatechnologies.utils.validators.abaroutevalidator.Test_AbaRouteValidator_10" time="0"/>
  <testcase name="testAbaNumberCheck_20180_bad" classname="com.cardatechnologies.utils.validators.abaroutevalidator.Test_AbaRouteValidator_10" time="0"/>
  <testcase name="testAbaNumberCheck_20632_bad" classname="com.cardatechnologies.utils.validators.abaroutevalidator.Test_AbaRouteValidator_10" time="0"/>
  <testcase name="testAbaNumberCheck_21446_bad" classname="com.cardatechnologies.utils.validators.abaroutevalidator.Test_AbaRouteValidator_10" time="0"/>
  <testcase name="testAbaNumberCheck_20182_bad" classname="com.cardatechnologies.utils.validators.abaroutevalidator.Test_AbaRouteValidator_10" time="0"/>
  <testcase name="testAbaNumberCheck_20634_bad" classname="com.cardatechnologies.utils.validators.abaroutevalidator.Test_AbaRouteValidator_10" time="0"/>
  <testcase name="testAbaNumberCheck_21448_bad" classname="com.cardatechnologies.utils.validators.abaroutevalidator.Test_AbaRouteValidator_10" time="0"/>
  <testcase name="testAbaNumberCheck_20184_bad" classname="com.cardatechnologies.utils.validators.abaroutevalidator.Test_AbaRouteValidator_10" time="0"/>
  <testcase name="testAbaNumberCheck_20636_bad" classname="com.cardatechnologies.utils.validators.abaroutevalidator.Test_AbaRouteValidator_10" time="0"/>
  <testcase name="testAbaNumberCheck_20186_bad" classname="com.cardatechnologies.utils.validators.abaroutevalidator.Test_AbaRouteValidator_10" time="0"/>
  <testcase name="testAbaNumberCheck_20638_bad" classname="com.cardatechnologies.utils.validators.abaroutevalidator.Test_AbaRouteValidator_10" time="0"/>
  <testcase name="testAbaNumberCheck_20188_bad" classname="com.cardatechnologies.utils.validators.abaroutevalidator.Test_AbaRouteValidator_10" time="0"/>
  <testcase name="testAbaNumberCheck_22260_bad" classname="com.cardatechnologies.utils.validators.abaroutevalidator.Test_AbaRouteValidator_10" time="0"/>
  <testcase name="testAbaNumberCheck_20979_good" classname="com.cardatechnologies.utils.validators.abaroutevalidator.Test_AbaRouteValidator_10" time="0"/>
  <testcase name="testAbaNumberCheck_22262_bad" classname="com.cardatechnologies.utils.validators.abaroutevalidator.Test_AbaRouteValidator_10" time="0"/>
  <testcase name="testAbaNumberCheck_21900_bad" classname="com.cardatechnologies.utils.validators.abaroutevalidator.Test_AbaRouteValidator_10" time="0"/>
  <testcase name="testAbaNumberCheck_21450_bad" classname="com.cardatechnologies.utils.validators.abaroutevalidator.Test_AbaRouteValidator_10" time="0"/>
  <testcase name="testAbaNumberCheck_22264_bad" classname="com.cardatechnologies.utils.validators.abaroutevalidator.Test_AbaRouteValidator_10" time="0"/>
  <testcase name="testAbaNumberCheck_21902_bad" classname="com.cardatechnologies.utils.validators.abaroutevalidator.Test_AbaRouteValidator_10" time="0"/>
  <testcase name="testAbaNumberCheck_21452_bad" classname="com.cardatechnologies.utils.validators.abaroutevalidator.Test_AbaRouteValidator_10" time="0"/>
  <testcase name="testAbaNumberCheck_22266_bad" classname="com.cardatechnologies.utils.validators.abaroutevalidator.Test_AbaRouteValidator_10" time="0"/>
  <testcase name="testAbaNumberCheck_21904_bad" classname="com.cardatechnologies.utils.validators.abaroutevalidator.Test_AbaRouteValidator_10" time="0"/>
  <testcase name="testAbaNumberCheck_20640_bad" classname="com.cardatechnologies.utils.validators.abaroutevalidator.Test_AbaRouteValidator_10" time="0"/>
  <testcase name="testAbaNumberCheck_21454_bad" classname="com.cardatechnologies.utils.validators.abaroutevalidator.Test_AbaRouteValidator_10" time="0"/>
  <testcase name="testAbaNumberCheck_22268_bad" classname="com.cardatechnologies.utils.validators.abaroutevalidator.Test_AbaRouteValidator_10" time="0"/>
  <testcase name="testAbaNumberCheck_20190_bad" classname="com.cardatechnologies.utils.validators.abaroutevalidator.Test_AbaRouteValidator_10" time="0"/>
  <testcase name="testAbaNumberCheck_21906_bad" classname="com.cardatechnologies.utils.validators.abaroutevalidator.Test_AbaRouteValidator_10" time="0.001"/>
  <testcase name="testAbaNumberCheck_20642_bad" classname="com.cardatechnologies.utils.validators.abaroutevalidator.Test_AbaRouteValidator_10" time="0"/>
  <testcase name="testAbaNumberCheck_21456_bad" classname="com.cardatechnologies.utils.validators.abaroutevalidator.Test_AbaRouteValidator_10" time="0"/>
  <testcase name="testAbaNumberCheck_20192_bad" classname="com.cardatechnologies.utils.validators.abaroutevalidator.Test_AbaRouteValidator_10" time="0"/>
  <testcase name="testAbaNumberCheck_21908_bad" classname="com.cardatechnologies.utils.validators.abaroutevalidator.Test_AbaRouteValidator_10" time="0"/>
  <testcase name="testAbaNumberCheck_20644_bad" classname="com.cardatechnologies.utils.validators.abaroutevalidator.Test_AbaRouteValidator_10" time="0"/>
  <testcase name="testAbaNumberCheck_21458_bad" classname="com.cardatechnologies.utils.validators.abaroutevalidator.Test_AbaRouteValidator_10" time="0"/>
  <testcase name="testAbaNumberCheck_20194_bad" classname="com.cardatechnologies.utils.validators.abaroutevalidator.Test_AbaRouteValidator_10" time="0"/>
  <testcase name="testAbaNumberCheck_20646_bad" classname="com.cardatechnologies.utils.validators.abaroutevalidator.Test_AbaRouteValidator_10" time="0"/>
  <testcase name="testAbaNumberCheck_20196_bad" classname="com.cardatechnologies.utils.validators.abaroutevalidator.Test_AbaRouteValidator_10" time="0"/>
  <testcase name="testAbaNumberCheck_20648_bad" classname="com.cardatechnologies.utils.validators.abaroutevalidator.Test_AbaRouteValidator_10" time="0"/>
  <testcase name="testAbaNumberCheck_20198_bad" classname="com.cardatechnologies.utils.validators.abaroutevalidator.Test_AbaRouteValidator_10" time="0"/>
  <testcase name="testAbaNumberCheck_22001_good" classname="com.cardatechnologies.utils.validators.abaroutevalidator.Test_AbaRouteValidator_10" time="0"/>
  <testcase name="testAbaNumberCheck_22270_bad" classname="com.cardatechnologies.utils.validators.abaroutevalidator.Test_AbaRouteValidator_10" time="0"/>
  <testcase name="testAbaNumberCheck_22272_bad" classname="com.cardatechnologies.utils.validators.abaroutevalidator.Test_AbaRouteValidator_10" time="0"/>
  <testcase name="testAbaNumberCheck_21910_bad" classname="com.cardatechnologies.utils.validators.abaroutevalidator.Test_AbaRouteValidator_10" time="0"/>
  <testcase name="testAbaNumberCheck_21460_bad" classname="com.cardatechnologies.utils.validators.abaroutevalidator.Test_AbaRouteValidator_10" time="0"/>
  <testcase name="testAbaNumberCheck_22274_bad" classname="com.cardatechnologies.utils.validators.abaroutevalidator.Test_AbaRouteValidator_10" time="0"/>
  <testcase name="testAbaNumberCheck_20899_good" classname="com.cardatechnologies.utils.validators.abaroutevalidator.Test_AbaRouteValidator_10" time="0"/>
  <testcase name="testAbaNumberCheck_21912_bad" classname="com.cardatechnologies.utils.validators.abaroutevalidator.Test_AbaRouteValidator_10" time="0"/>
  <testcase name="testAbaNumberCheck_21462_bad" classname="com.cardatechnologies.utils.validators.abaroutevalidator.Test_AbaRouteValidator_10" time="0"/>
  <testcase name="testAbaNumberCheck_22276_bad" classname="com.cardatechnologies.utils.validators.abaroutevalidator.Test_AbaRouteValidator_10" time="0"/>
  <testcase name="testAbaNumberCheck_21914_bad" classname="com.cardatechnologies.utils.validators.abaroutevalidator.Test_AbaRouteValidator_10" time="0"/>
  <testcase name="testAbaNumberCheck_20650_bad" classname="com.cardatechnologies.utils.validators.abaroutevalidator.Test_AbaRouteValidator_10" time="0"/>
  <testcase name="testAbaNumberCheck_21464_bad" classname="com.cardatechnologies.utils.validators.abaroutevalidator.Test_AbaRouteValidator_10" time="0"/>
  <testcase name="testAbaNumberCheck_22278_bad" classname="com.cardatechnologies.utils.validators.abaroutevalidator.Test_AbaRouteValidator_10" time="0"/>
  <testcase name="testAbaNumberCheck_21916_bad" classname="com.cardatechnologies.utils.validators.abaroutevalidator.Test_AbaRouteValidator_10" time="0.001"/>
  <testcase name="testAbaNumberCheck_20652_bad" classname="com.cardatechnologies.utils.validators.abaroutevalidator.Test_AbaRouteValidator_10" time="0"/>
  <testcase name="testAbaNumberCheck_21466_bad" classname="com.cardatechnologies.utils.validators.abaroutevalidator.Test_AbaRouteValidator_10" time="0"/>
  <testcase name="testAbaNumberCheck_21918_bad" classname="com.cardatechnologies.utils.validators.abaroutevalidator.Test_AbaRouteValidator_10" time="0"/>
  <testcase name="testAbaNumberCheck_20654_bad" classname="com.cardatechnologies.utils.validators.abaroutevalidator.Test_AbaRouteValidator_10" time="0"/>
  <testcase name="testAbaNumberCheck_21468_bad" classname="com.cardatechnologies.utils.validators.abaroutevalidator.Test_AbaRouteValidator_10" time="0"/>
  <testcase name="testAbaNumberCheck_20656_bad" classname="com.cardatechnologies.utils.validators.abaroutevalidator.Test_AbaRouteValidator_10" time="0"/>
  <testcase name="testAbaNumberCheck_20658_bad" classname="com.cardatechnologies.utils.validators.abaroutevalidator.Test_AbaRouteValidator_10" time="0"/>
  <testcase name="testAbaNumberCheck_22280_bad" classname="com.cardatechnologies.utils.validators.abaroutevalidator.Test_AbaRouteValidator_10" time="0"/>
  <testcase name="testAbaNumberCheck_22282_bad" classname="com.cardatechnologies.utils.validators.abaroutevalidator.Test_AbaRouteValidator_10" time="0"/>
  <testcase name="testAbaNumberCheck_21920_bad" classname="com.cardatechnologies.utils.validators.abaroutevalidator.Test_AbaRouteValidator_10" time="0"/>
  <testcase name="testAbaNumberCheck_21470_bad" classname="com.cardatechnologies.utils.validators.abaroutevalidator.Test_AbaRouteValidator_10" time="0"/>
  <testcase name="testAbaNumberCheck_22284_bad" classname="com.cardatechnologies.utils.validators.abaroutevalidator.Test_AbaRouteValidator_10" time="0"/>
  <testcase name="testAbaNumberCheck_21922_bad" classname="com.cardatechnologies.utils.validators.abaroutevalidator.Test_AbaRouteValidator_10" time="0"/>
  <testcase name="testAbaNumberCheck_21472_bad" classname="com.cardatechnologies.utils.validators.abaroutevalidator.Test_AbaRouteValidator_10" time="0"/>
  <testcase name="testAbaNumberCheck_22286_bad" classname="com.cardatechnologies.utils.validators.abaroutevalidator.Test_AbaRouteValidator_10" time="0"/>
  <testcase name="testAbaNumberCheck_21924_bad" classname="com.cardatechnologies.utils.validators.abaroutevalidator.Test_AbaRouteValidator_10" time="0"/>
  <testcase name="testAbaNumberCheck_20660_bad" classname="com.cardatechnologies.utils.validators.abaroutevalidator.Test_AbaRouteValidator_10" time="0"/>
  <testcase name="testAbaNumberCheck_21474_bad" classname="com.cardatechnologies.utils.validators.abaroutevalidator.Test_AbaRouteValidator_10" time="0"/>
  <testcase name="testAbaNumberCheck_22288_bad" classname="com.cardatechnologies.utils.validators.abaroutevalidator.Test_AbaRouteValidator_10" time="0"/>
  <testcase name="testAbaNumberCheck_21926_bad" classname="com.cardatechnologies.utils.validators.abaroutevalidator.Test_AbaRouteValidator_10" time="0"/>
  <testcase name="testAbaNumberCheck_20662_bad" classname="com.cardatechnologies.utils.validators.abaroutevalidator.Test_AbaRouteValidator_10" time="0"/>
  <testcase name="testAbaNumberCheck_21476_bad" classname="com.cardatechnologies.utils.validators.abaroutevalidator.Test_AbaRouteValidator_10" time="0"/>
  <testcase name="testAbaNumberCheck_21928_bad" classname="com.cardatechnologies.utils.validators.abaroutevalidator.Test_AbaRouteValidator_10" time="0"/>
  <testcase name="testAbaNumberCheck_20664_bad" classname="com.cardatechnologies.utils.validators.abaroutevalidator.Test_AbaRouteValidator_10" time="0.001"/>
  <testcase name="testAbaNumberCheck_21478_bad" classname="com.cardatechnologies.utils.validators.abaroutevalidator.Test_AbaRouteValidator_10" time="0"/>
  <testcase name="testAbaNumberCheck_20666_bad" classname="com.cardatechnologies.utils.validators.abaroutevalidator.Test_AbaRouteValidator_10" time="0"/>
  <testcase name="testAbaNumberCheck_20668_bad" classname="com.cardatechnologies.utils.validators.abaroutevalidator.Test_AbaRouteValidator_10" time="0"/>
  <testcase name="testAbaNumberCheck_22003_good" classname="com.cardatechnologies.utils.validators.abaroutevalidator.Test_AbaRouteValidator_10" time="0"/>
  <testcase name="testAbaNumberCheck_22290_bad" classname="com.cardatechnologies.utils.validators.abaroutevalidator.Test_AbaRouteValidator_10" time="0"/>
  <testcase name="testAbaNumberCheck_22292_bad" classname="com.cardatechnologies.utils.validators.abaroutevalidator.Test_AbaRouteValidator_10" time="0"/>
  <testcase name="testAbaNumberCheck_21930_bad" classname="com.cardatechnologies.utils.validators.abaroutevalidator.Test_AbaRouteValidator_10" time="0"/>
  <testcase name="testAbaNumberCheck_21480_bad" classname="com.cardatechnologies.utils.validators.abaroutevalidator.Test_AbaRouteValidator_10" time="0.001"/>
  <testcase name="testAbaNumberCheck_22294_bad" classname="com.cardatechnologies.utils.validators.abaroutevalidator.Test_AbaRouteValidator_10" time="0"/>
  <testcase name="testAbaNumberCheck_21932_bad" classname="com.cardatechnologies.utils.validators.abaroutevalidator.Test_AbaRouteValidator_10" time="0"/>
  <testcase name="testAbaNumberCheck_21482_bad" classname="com.cardatechnologies.utils.validators.abaroutevalidator.Test_AbaRouteValidator_10" time="0"/>
  <testcase name="testAbaNumberCheck_22296_bad" classname="com.cardatechnologies.utils.validators.abaroutevalidator.Test_AbaRouteValidator_10" time="0"/>
  <testcase name="testAbaNumberCheck_21934_bad" classname="com.cardatechnologies.utils.validators.abaroutevalidator.Test_AbaRouteValidator_10" time="0"/>
  <testcase name="testAbaNumberCheck_20670_bad" classname="com.cardatechnologies.utils.validators.abaroutevalidator.Test_AbaRouteValidator_10" time="0"/>
  <testcase name="testAbaNumberCheck_21484_bad" classname="com.cardatechnologies.utils.validators.abaroutevalidator.Test_AbaRouteValidator_10" time="0"/>
  <testcase name="testAbaNumberCheck_22298_bad" classname="com.cardatechnologies.utils.validators.abaroutevalidator.Test_AbaRouteValidator_10" time="0"/>
  <testcase name="testAbaNumberCheck_21936_bad" classname="com.cardatechnologies.utils.validators.abaroutevalidator.Test_AbaRouteValidator_10" time="0"/>
  <testcase name="testAbaNumberCheck_20672_bad" classname="com.cardatechnologies.utils.validators.abaroutevalidator.Test_AbaRouteValidator_10" time="0"/>
  <testcase name="testAbaNumberCheck_21486_bad" classname="com.cardatechnologies.utils.validators.abaroutevalidator.Test_AbaRouteValidator_10" time="0.001"/>
  <testcase name="testAbaNumberCheck_21938_bad" classname="com.cardatechnologies.utils.validators.abaroutevalidator.Test_AbaRouteValidator_10" time="0"/>
  <testcase name="testAbaNumberCheck_20674_bad" classname="com.cardatechnologies.utils.validators.abaroutevalidator.Test_AbaRouteValidator_10" time="0"/>
  <testcase name="testAbaNumberCheck_21488_bad" classname="com.cardatechnologies.utils.validators.abaroutevalidator.Test_AbaRouteValidator_10" time="0"/>
  <testcase name="testAbaNumberCheck_20676_bad" classname="com.cardatechnologies.utils.validators.abaroutevalidator.Test_AbaRouteValidator_10" time="0"/>
  <testcase name="testAbaNumberCheck_20678_bad" classname="com.cardatechnologies.utils.validators.abaroutevalidator.Test_AbaRouteValidator_10" time="0"/>
  <testcase name="testAbaNumberCheck_22211_good" classname="com.cardatechnologies.utils.validators.abaroutevalidator.Test_AbaRouteValidator_10" time="0"/>
  <testcase name="testAbaNumberCheck_21940_bad" classname="com.cardatechnologies.utils.validators.abaroutevalidator.Test_AbaRouteValidator_10" time="0"/>
  <testcase name="testAbaNumberCheck_21490_bad" classname="com.cardatechnologies.utils.validators.abaroutevalidator.Test_AbaRouteValidator_10" time="0"/>
  <testcase name="testAbaNumberCheck_21942_bad" classname="com.cardatechnologies.utils.validators.abaroutevalidator.Test_AbaRouteValidator_10" time="0"/>
  <testcase name="testAbaNumberCheck_21492_bad" classname="com.cardatechnologies.utils.validators.abaroutevalidator.Test_AbaRouteValidator_10" time="0"/>
  <testcase name="testAbaNumberCheck_21944_bad" classname="com.cardatechnologies.utils.validators.abaroutevalidator.Test_AbaRouteValidator_10" time="0"/>
  <testcase name="testAbaNumberCheck_20680_bad" classname="com.cardatechnologies.utils.validators.abaroutevalidator.Test_AbaRouteValidator_10" time="0"/>
  <testcase name="testAbaNumberCheck_21494_bad" classname="com.cardatechnologies.utils.validators.abaroutevalidator.Test_AbaRouteValidator_10" time="0"/>
  <testcase name="testAbaNumberCheck_21946_bad" classname="com.cardatechnologies.utils.validators.abaroutevalidator.Test_AbaRouteValidator_10" time="0"/>
  <testcase name="testAbaNumberCheck_20682_bad" classname="com.cardatechnologies.utils.validators.abaroutevalidator.Test_AbaRouteValidator_10" time="0"/>
  <testcase name="testAbaNumberCheck_21496_bad" classname="com.cardatechnologies.utils.validators.abaroutevalidator.Test_AbaRouteValidator_10" time="0"/>
  <testcase name="testAbaNumberCheck_21948_bad" classname="com.cardatechnologies.utils.validators.abaroutevalidator.Test_AbaRouteValidator_10" time="0"/>
  <testcase name="testAbaNumberCheck_20684_bad" classname="com.cardatechnologies.utils.validators.abaroutevalidator.Test_AbaRouteValidator_10" time="0"/>
  <testcase name="testAbaNumberCheck_21498_bad" classname="com.cardatechnologies.utils.validators.abaroutevalidator.Test_AbaRouteValidator_10" time="0"/>
  <testcase name="testAbaNumberCheck_20686_bad" classname="com.cardatechnologies.utils.validators.abaroutevalidator.Test_AbaRouteValidator_10" time="0"/>
  <testcase name="testAbaNumberCheck_20688_bad" classname="com.cardatechnologies.utils.validators.abaroutevalidator.Test_AbaRouteValidator_10" time="0"/>
  <testcase name="testAbaNumberCheck_22131_good" classname="com.cardatechnologies.utils.validators.abaroutevalidator.Test_AbaRouteValidator_10" time="0"/>
  <testcase name="testAbaNumberCheck_22005_good" classname="com.cardatechnologies.utils.validators.abaroutevalidator.Test_AbaRouteValidator_10" time="0"/>
  <testcase name="testAbaNumberCheck_21950_bad" classname="com.cardatechnologies.utils.validators.abaroutevalidator.Test_AbaRouteValidator_10" time="0"/>
  <testcase name="testAbaNumberCheck_21952_bad" classname="com.cardatechnologies.utils.validators.abaroutevalidator.Test_AbaRouteValidator_10" time="0"/>
  <testcase name="testAbaNumberCheck_21954_bad" classname="com.cardatechnologies.utils.validators.abaroutevalidator.Test_AbaRouteValidator_10" time="0"/>
  <testcase name="testAbaNumberCheck_20690_bad" classname="com.cardatechnologies.utils.validators.abaroutevalidator.Test_AbaRouteValidator_10" time="0"/>
  <testcase name="testAbaNumberCheck_21956_bad" classname="com.cardatechnologies.utils.validators.abaroutevalidator.Test_AbaRouteValidator_10" time="0"/>
  <testcase name="testAbaNumberCheck_20692_bad" classname="com.cardatechnologies.utils.validators.abaroutevalidator.Test_AbaRouteValidator_10" time="0"/>
  <testcase name="testAbaNumberCheck_21958_bad" classname="com.cardatechnologies.utils.validators.abaroutevalidator.Test_AbaRouteValidator_10" time="0"/>
  <testcase name="testAbaNumberCheck_20694_bad" classname="com.cardatechnologies.utils.validators.abaroutevalidator.Test_AbaRouteValidator_10" time="0"/>
  <testcase name="testAbaNumberCheck_20696_bad" classname="com.cardatechnologies.utils.validators.abaroutevalidator.Test_AbaRouteValidator_10" time="0"/>
  <testcase name="testAbaNumberCheck_20698_bad" classname="com.cardatechnologies.utils.validators.abaroutevalidator.Test_AbaRouteValidator_10" time="0.001"/>
  <testcase name="testAbaNumberCheck_22213_good" classname="com.cardatechnologies.utils.validators.abaroutevalidator.Test_AbaRouteValidator_10" time="0"/>
  <testcase name="testAbaNumberCheck_22051_good" classname="com.cardatechnologies.utils.validators.abaroutevalidator.Test_AbaRouteValidator_10" time="0"/>
  <testcase name="testAbaNumberCheck_21111_good" classname="com.cardatechnologies.utils.validators.abaroutevalidator.Test_AbaRouteValidator_10" time="0"/>
  <testcase name="testAbaNumberCheck_21960_bad" classname="com.cardatechnologies.utils.validators.abaroutevalidator.Test_AbaRouteValidator_10" time="0"/>
  <testcase name="testAbaNumberCheck_21962_bad" classname="com.cardatechnologies.utils.validators.abaroutevalidator.Test_AbaRouteValidator_10" time="0"/>
  <testcase name="testAbaNumberCheck_21964_bad" classname="com.cardatechnologies.utils.validators.abaroutevalidator.Test_AbaRouteValidator_10" time="0"/>
  <testcase name="testAbaNumberCheck_21966_bad" classname="com.cardatechnologies.utils.validators.abaroutevalidator.Test_AbaRouteValidator_10" time="0"/>
  <testcase name="testAbaNumberCheck_21968_bad" classname="com.cardatechnologies.utils.validators.abaroutevalidator.Test_AbaRouteValidator_10" time="0"/>
  <testcase name="testAbaNumberCheck_22421_good" classname="com.cardatechnologies.utils.validators.abaroutevalidator.Test_AbaRouteValidator_10" time="0"/>
  <testcase name="testAbaNumberCheck_22133_good" classname="com.cardatechnologies.utils.validators.abaroutevalidator.Test_AbaRouteValidator_10" time="0"/>
  <testcase name="testAbaNumberCheck_22007_good" classname="com.cardatechnologies.utils.validators.abaroutevalidator.Test_AbaRouteValidator_10" time="0"/>
  <testcase name="testAbaNumberCheck_21970_bad" classname="com.cardatechnologies.utils.validators.abaroutevalidator.Test_AbaRouteValidator_10" time="0"/>
  <testcase name="testAbaNumberCheck_21031_good" classname="com.cardatechnologies.utils.validators.abaroutevalidator.Test_AbaRouteValidator_10" time="0"/>
  <testcase name="testAbaNumberCheck_21972_bad" classname="com.cardatechnologies.utils.validators.abaroutevalidator.Test_AbaRouteValidator_10" time="0"/>
  <testcase name="testAbaNumberCheck_21974_bad" classname="com.cardatechnologies.utils.validators.abaroutevalidator.Test_AbaRouteValidator_10" time="0"/>
  <testcase name="testAbaNumberCheck_21976_bad" classname="com.cardatechnologies.utils.validators.abaroutevalidator.Test_AbaRouteValidator_10" time="0.002"/>
  <testcase name="testAbaNumberCheck_21978_bad" classname="com.cardatechnologies.utils.validators.abaroutevalidator.Test_AbaRouteValidator_10" time="0"/>
  <testcase name="testAbaNumberCheck_22341_good" classname="com.cardatechnologies.utils.validators.abaroutevalidator.Test_AbaRouteValidator_10" time="0"/>
  <testcase name="testAbaNumberCheck_21401_good" classname="com.cardatechnologies.utils.validators.abaroutevalidator.Test_AbaRouteValidator_10" time="0"/>
  <testcase name="testAbaNumberCheck_22215_good" classname="com.cardatechnologies.utils.validators.abaroutevalidator.Test_AbaRouteValidator_10" time="0"/>
  <testcase name="testAbaNumberCheck_22053_good" classname="com.cardatechnologies.utils.validators.abaroutevalidator.Test_AbaRouteValidator_10" time="0"/>
  <testcase name="testAbaNumberCheck_21113_good" classname="com.cardatechnologies.utils.validators.abaroutevalidator.Test_AbaRouteValidator_10" time="0"/>
  <testcase name="testAbaNumberCheck_21980_bad" classname="com.cardatechnologies.utils.validators.abaroutevalidator.Test_AbaRouteValidator_10" time="0"/>
  <testcase name="testAbaNumberCheck_21982_bad" classname="com.cardatechnologies.utils.validators.abaroutevalidator.Test_AbaRouteValidator_10" time="0"/>
  <testcase name="testAbaNumberCheck_21984_bad" classname="com.cardatechnologies.utils.validators.abaroutevalidator.Test_AbaRouteValidator_10" time="0"/>
  <testcase name="testAbaNumberCheck_20011_good" classname="com.cardatechnologies.utils.validators.abaroutevalidator.Test_AbaRouteValidator_10" time="0"/>
  <testcase name="testAbaNumberCheck_21986_bad" classname="com.cardatechnologies.utils.validators.abaroutevalidator.Test_AbaRouteValidator_10" time="0"/>
  <testcase name="testAbaNumberCheck_21988_bad" classname="com.cardatechnologies.utils.validators.abaroutevalidator.Test_AbaRouteValidator_10" time="0"/>
  <testcase name="testAbaNumberCheck_22423_good" classname="com.cardatechnologies.utils.validators.abaroutevalidator.Test_AbaRouteValidator_10" time="0"/>
  <testcase name="testAbaNumberCheck_22261_good" classname="com.cardatechnologies.utils.validators.abaroutevalidator.Test_AbaRouteValidator_10" time="0"/>
  <testcase name="testAbaNumberCheck_21321_good" classname="com.cardatechnologies.utils.validators.abaroutevalidator.Test_AbaRouteValidator_10" time="0"/>
  <testcase name="testAbaNumberCheck_22135_good" classname="com.cardatechnologies.utils.validators.abaroutevalidator.Test_AbaRouteValidator_10" time="0"/>
  <testcase name="testAbaNumberCheck_22009_good" classname="com.cardatechnologies.utils.validators.abaroutevalidator.Test_AbaRouteValidator_10" time="0"/>
  <testcase name="testAbaNumberCheck_21990_bad" classname="com.cardatechnologies.utils.validators.abaroutevalidator.Test_AbaRouteValidator_10" time="0"/>
  <testcase name="testAbaNumberCheck_21033_good" classname="com.cardatechnologies.utils.validators.abaroutevalidator.Test_AbaRouteValidator_10" time="0"/>
  <testcase name="testAbaNumberCheck_21992_bad" classname="com.cardatechnologies.utils.validators.abaroutevalidator.Test_AbaRouteValidator_10" time="0"/>
  <testcase name="testAbaNumberCheck_21994_bad" classname="com.cardatechnologies.utils.validators.abaroutevalidator.Test_AbaRouteValidator_10" time="0"/>
  <testcase name="testAbaNumberCheck_21996_bad" classname="com.cardatechnologies.utils.validators.abaroutevalidator.Test_AbaRouteValidator_10" time="0"/>
  <testcase name="testAbaNumberCheck_21998_bad" classname="com.cardatechnologies.utils.validators.abaroutevalidator.Test_AbaRouteValidator_10" time="0"/>
  <testcase name="testAbaNumberCheck_22343_good" classname="com.cardatechnologies.utils.validators.abaroutevalidator.Test_AbaRouteValidator_10" time="0"/>
  <testcase name="testAbaNumberCheck_21403_good" classname="com.cardatechnologies.utils.validators.abaroutevalidator.Test_AbaRouteValidator_10" time="0"/>
  <testcase name="testAbaNumberCheck_22217_good" classname="com.cardatechnologies.utils.validators.abaroutevalidator.Test_AbaRouteValidator_10" time="0"/>
  <testcase name="testAbaNumberCheck_22181_good" classname="com.cardatechnologies.utils.validators.abaroutevalidator.Test_AbaRouteValidator_10" time="0"/>
  <testcase name="testAbaNumberCheck_21241_good" classname="com.cardatechnologies.utils.validators.abaroutevalidator.Test_AbaRouteValidator_10" time="0"/>
  <testcase name="testAbaNumberCheck_20301_good" classname="com.cardatechnologies.utils.validators.abaroutevalidator.Test_AbaRouteValidator_10" time="0"/>
  <testcase name="testAbaNumberCheck_22055_good" classname="com.cardatechnologies.utils.validators.abaroutevalidator.Test_AbaRouteValidator_10" time="0"/>
  <testcase name="testAbaNumberCheck_21115_good" classname="com.cardatechnologies.utils.validators.abaroutevalidator.Test_AbaRouteValidator_10" time="0"/>
  <testcase name="testAbaNumberCheck_20013_good" classname="com.cardatechnologies.utils.validators.abaroutevalidator.Test_AbaRouteValidator_10" time="0"/>
  <testcase name="testAbaNumberCheck_21611_good" classname="com.cardatechnologies.utils.validators.abaroutevalidator.Test_AbaRouteValidator_10" time="0"/>
  <testcase name="testAbaNumberCheck_22425_good" classname="com.cardatechnologies.utils.validators.abaroutevalidator.Test_AbaRouteValidator_10" time="0"/>
  <testcase name="testAbaNumberCheck_22263_good" classname="com.cardatechnologies.utils.validators.abaroutevalidator.Test_AbaRouteValidator_10" time="0"/>
  <testcase name="testAbaNumberCheck_21323_good" classname="com.cardatechnologies.utils.validators.abaroutevalidator.Test_AbaRouteValidator_10" time="0"/>
  <testcase name="testAbaNumberCheck_22137_good" classname="com.cardatechnologies.utils.validators.abaroutevalidator.Test_AbaRouteValidator_10" time="0.001"/>
  <testcase name="testAbaNumberCheck_21161_good" classname="com.cardatechnologies.utils.validators.abaroutevalidator.Test_AbaRouteValidator_10" time="0"/>
  <testcase name="testAbaNumberCheck_20221_good" classname="com.cardatechnologies.utils.validators.abaroutevalidator.Test_AbaRouteValidator_10" time="0"/>
  <testcase name="testAbaNumberCheck_21035_good" classname="com.cardatechnologies.utils.validators.abaroutevalidator.Test_AbaRouteValidator_10" time="0"/>
  <testcase name="testAbaNumberCheck_21531_good" classname="com.cardatechnologies.utils.validators.abaroutevalidator.Test_AbaRouteValidator_10" time="0"/>
  <testcase name="testAbaNumberCheck_22345_good" classname="com.cardatechnologies.utils.validators.abaroutevalidator.Test_AbaRouteValidator_10" time="0"/>
  <testcase name="testAbaNumberCheck_21405_good" classname="com.cardatechnologies.utils.validators.abaroutevalidator.Test_AbaRouteValidator_10" time="0"/>
  <testcase name="testAbaNumberCheck_22219_good" classname="com.cardatechnologies.utils.validators.abaroutevalidator.Test_AbaRouteValidator_10" time="0"/>
  <testcase name="testAbaNumberCheck_22183_good" classname="com.cardatechnologies.utils.validators.abaroutevalidator.Test_AbaRouteValidator_10" time="0"/>
  <testcase name="testAbaNumberCheck_21243_good" classname="com.cardatechnologies.utils.validators.abaroutevalidator.Test_AbaRouteValidator_10" time="0"/>
  <testcase name="testAbaNumberCheck_20303_good" classname="com.cardatechnologies.utils.validators.abaroutevalidator.Test_AbaRouteValidator_10" time="0"/>
  <testcase name="testAbaNumberCheck_21901_good" classname="com.cardatechnologies.utils.validators.abaroutevalidator.Test_AbaRouteValidator_10" time="0"/>
  <testcase name="testAbaNumberCheck_22057_good" classname="com.cardatechnologies.utils.validators.abaroutevalidator.Test_AbaRouteValidator_10" time="0"/>
  <testcase name="testAbaNumberCheck_21117_good" classname="com.cardatechnologies.utils.validators.abaroutevalidator.Test_AbaRouteValidator_10" time="0"/>
  <testcase name="testAbaNumberCheck_21081_good" classname="com.cardatechnologies.utils.validators.abaroutevalidator.Test_AbaRouteValidator_10" time="0"/>
  <testcase name="testAbaNumberCheck_20141_good" classname="com.cardatechnologies.utils.validators.abaroutevalidator.Test_AbaRouteValidator_10" time="0"/>
  <testcase name="testAbaNumberCheck_20015_good" classname="com.cardatechnologies.utils.validators.abaroutevalidator.Test_AbaRouteValidator_10" time="0"/>
  <testcase name="testAbaNumberCheck_21613_good" classname="com.cardatechnologies.utils.validators.abaroutevalidator.Test_AbaRouteValidator_10" time="0"/>
  <testcase name="testAbaNumberCheck_22427_good" classname="com.cardatechnologies.utils.validators.abaroutevalidator.Test_AbaRouteValidator_10" time="0"/>
  <testcase name="testAbaNumberCheck_22391_good" classname="com.cardatechnologies.utils.validators.abaroutevalidator.Test_AbaRouteValidator_10" time="0"/>
  <testcase name="testAbaNumberCheck_21451_good" classname="com.cardatechnologies.utils.validators.abaroutevalidator.Test_AbaRouteValidator_10" time="0"/>
  <testcase name="testAbaNumberCheck_20511_good" classname="com.cardatechnologies.utils.validators.abaroutevalidator.Test_AbaRouteValidator_10" time="0"/>
  <testcase name="testAbaNumberCheck_22265_good" classname="com.cardatechnologies.utils.validators.abaroutevalidator.Test_AbaRouteValidator_10" time="0"/>
  <testcase name="testAbaNumberCheck_21325_good" classname="com.cardatechnologies.utils.validators.abaroutevalidator.Test_AbaRouteValidator_10" time="0"/>
  <testcase name="testAbaNumberCheck_22139_good" classname="com.cardatechnologies.utils.validators.abaroutevalidator.Test_AbaRouteValidator_10" time="0"/>
  <testcase name="testAbaNumberCheck_21163_good" classname="com.cardatechnologies.utils.validators.abaroutevalidator.Test_AbaRouteValidator_10" time="0"/>
  <testcase name="testAbaNumberCheck_20223_good" classname="com.cardatechnologies.utils.validators.abaroutevalidator.Test_AbaRouteValidator_10" time="0"/>
  <testcase name="testAbaNumberCheck_21821_good" classname="com.cardatechnologies.utils.validators.abaroutevalidator.Test_AbaRouteValidator_10" time="0"/>
  <testcase name="testAbaNumberCheck_21037_good" classname="com.cardatechnologies.utils.validators.abaroutevalidator.Test_AbaRouteValidator_10" time="0"/>
  <testcase name="testAbaNumberCheck_20061_good" classname="com.cardatechnologies.utils.validators.abaroutevalidator.Test_AbaRouteValidator_10" time="0"/>
  <testcase name="testAbaNumberCheck_21533_good" classname="com.cardatechnologies.utils.validators.abaroutevalidator.Test_AbaRouteValidator_10" time="0"/>
  <testcase name="testAbaNumberCheck_22347_good" classname="com.cardatechnologies.utils.validators.abaroutevalidator.Test_AbaRouteValidator_10" time="0"/>
  <testcase name="testAbaNumberCheck_21407_good" classname="com.cardatechnologies.utils.validators.abaroutevalidator.Test_AbaRouteValidator_10" time="0"/>
  <testcase name="testAbaNumberCheck_21371_good" classname="com.cardatechnologies.utils.validators.abaroutevalidator.Test_AbaRouteValidator_10" time="0"/>
  <testcase name="testAbaNumberCheck_20431_good" classname="com.cardatechnologies.utils.validators.abaroutevalidator.Test_AbaRouteValidator_10" time="0"/>
  <testcase name="testAbaNumberCheck_22185_good" classname="com.cardatechnologies.utils.validators.abaroutevalidator.Test_AbaRouteValidator_10" time="0"/>
  <testcase name="testAbaNumberCheck_21245_good" classname="com.cardatechnologies.utils.validators.abaroutevalidator.Test_AbaRouteValidator_10" time="0"/>
  <testcase name="testAbaNumberCheck_20305_good" classname="com.cardatechnologies.utils.validators.abaroutevalidator.Test_AbaRouteValidator_10" time="0"/>
  <testcase name="testAbaNumberCheck_21903_good" classname="com.cardatechnologies.utils.validators.abaroutevalidator.Test_AbaRouteValidator_10" time="0"/>
  <testcase name="testAbaNumberCheck_22059_good" classname="com.cardatechnologies.utils.validators.abaroutevalidator.Test_AbaRouteValidator_10" time="0"/>
  <testcase name="testAbaNumberCheck_21119_good" classname="com.cardatechnologies.utils.validators.abaroutevalidator.Test_AbaRouteValidator_10" time="0.004"/>
  <testcase name="testAbaNumberCheck_21083_good" classname="com.cardatechnologies.utils.validators.abaroutevalidator.Test_AbaRouteValidator_10" time="0"/>
  <testcase name="testAbaNumberCheck_20143_good" classname="com.cardatechnologies.utils.validators.abaroutevalidator.Test_AbaRouteValidator_10" time="0"/>
  <testcase name="testAbaNumberCheck_21741_good" classname="com.cardatechnologies.utils.validators.abaroutevalidator.Test_AbaRouteValidator_10" time="0"/>
  <testcase name="testAbaNumberCheck_20801_good" classname="com.cardatechnologies.utils.validators.abaroutevalidator.Test_AbaRouteValidator_10" time="0"/>
  <testcase name="testAbaNumberCheck_20017_good" classname="com.cardatechnologies.utils.validators.abaroutevalidator.Test_AbaRouteValidator_10" time="0"/>
  <testcase name="testAbaNumberCheck_21615_good" classname="com.cardatechnologies.utils.validators.abaroutevalidator.Test_AbaRouteValidator_10" time="0"/>
  <testcase name="testAbaNumberCheck_22429_good" classname="com.cardatechnologies.utils.validators.abaroutevalidator.Test_AbaRouteValidator_10" time="0"/>
  <testcase name="testAbaNumberCheck_22393_good" classname="com.cardatechnologies.utils.validators.abaroutevalidator.Test_AbaRouteValidator_10" time="0"/>
  <testcase name="testAbaNumberCheck_21453_good" classname="com.cardatechnologies.utils.validators.abaroutevalidator.Test_AbaRouteValidator_10" time="0"/>
  <testcase name="testAbaNumberCheck_20513_good" classname="com.cardatechnologies.utils.validators.abaroutevalidator.Test_AbaRouteValidator_10" time="0"/>
  <testcase name="testAbaNumberCheck_22267_good" classname="com.cardatechnologies.utils.validators.abaroutevalidator.Test_AbaRouteValidator_10" time="0"/>
  <testcase name="testAbaNumberCheck_21327_good" classname="com.cardatechnologies.utils.validators.abaroutevalidator.Test_AbaRouteValidator_10" time="0"/>
  <testcase name="testAbaNumberCheck_21291_good" classname="com.cardatechnologies.utils.validators.abaroutevalidator.Test_AbaRouteValidator_10" time="0"/>
  <testcase name="testAbaNumberCheck_20351_good" classname="com.cardatechnologies.utils.validators.abaroutevalidator.Test_AbaRouteValidator_10" time="0"/>
  <testcase name="testAbaNumberCheck_21165_good" classname="com.cardatechnologies.utils.validators.abaroutevalidator.Test_AbaRouteValidator_10" time="0"/>
  <testcase name="testAbaNumberCheck_20225_good" classname="com.cardatechnologies.utils.validators.abaroutevalidator.Test_AbaRouteValidator_10" time="0"/>
  <testcase name="testAbaNumberCheck_21823_good" classname="com.cardatechnologies.utils.validators.abaroutevalidator.Test_AbaRouteValidator_10" time="0"/>
  <testcase name="testAbaNumberCheck_21039_good" classname="com.cardatechnologies.utils.validators.abaroutevalidator.Test_AbaRouteValidator_10" time="0"/>
  <testcase name="testAbaNumberCheck_20063_good" classname="com.cardatechnologies.utils.validators.abaroutevalidator.Test_AbaRouteValidator_10" time="0"/>
  <testcase name="testAbaNumberCheck_21661_good" classname="com.cardatechnologies.utils.validators.abaroutevalidator.Test_AbaRouteValidator_10" time="0"/>
  <testcase name="testAbaNumberCheck_20721_good" classname="com.cardatechnologies.utils.validators.abaroutevalidator.Test_AbaRouteValidator_10" time="0"/>
  <testcase name="testAbaNumberCheck_21535_good" classname="com.cardatechnologies.utils.validators.abaroutevalidator.Test_AbaRouteValidator_10" time="0"/>
  <testcase name="testAbaNumberCheck_22349_good" classname="com.cardatechnologies.utils.validators.abaroutevalidator.Test_AbaRouteValidator_10" time="0"/>
  <testcase name="testAbaNumberCheck_21409_good" classname="com.cardatechnologies.utils.validators.abaroutevalidator.Test_AbaRouteValidator_10" time="0"/>
  <testcase name="testAbaNumberCheck_21373_good" classname="com.cardatechnologies.utils.validators.abaroutevalidator.Test_AbaRouteValidator_10" time="0"/>
  <testcase name="testAbaNumberCheck_20433_good" classname="com.cardatechnologies.utils.validators.abaroutevalidator.Test_AbaRouteValidator_10" time="0"/>
  <testcase name="testAbaNumberCheck_22187_good" classname="com.cardatechnologies.utils.validators.abaroutevalidator.Test_AbaRouteValidator_10" time="0"/>
  <testcase name="testAbaNumberCheck_21247_good" classname="com.cardatechnologies.utils.validators.abaroutevalidator.Test_AbaRouteValidator_10" time="0"/>
  <testcase name="testAbaNumberCheck_20307_good" classname="com.cardatechnologies.utils.validators.abaroutevalidator.Test_AbaRouteValidator_10" time="0"/>
  <testcase name="testAbaNumberCheck_21905_good" classname="com.cardatechnologies.utils.validators.abaroutevalidator.Test_AbaRouteValidator_10" time="0"/>
  <testcase name="testAbaNumberCheck_20271_good" classname="com.cardatechnologies.utils.validators.abaroutevalidator.Test_AbaRouteValidator_10" time="0"/>
  <testcase name="testAbaNumberCheck_21085_good" classname="com.cardatechnologies.utils.validators.abaroutevalidator.Test_AbaRouteValidator_10" time="0"/>
  <testcase name="testAbaNumberCheck_20145_good" classname="com.cardatechnologies.utils.validators.abaroutevalidator.Test_AbaRouteValidator_10" time="0"/>
  <testcase name="testAbaNumberCheck_21743_good" classname="com.cardatechnologies.utils.validators.abaroutevalidator.Test_AbaRouteValidator_10" time="0"/>
  <testcase name="testAbaNumberCheck_20803_good" classname="com.cardatechnologies.utils.validators.abaroutevalidator.Test_AbaRouteValidator_10" time="0"/>
  <testcase name="testAbaNumberCheck_20019_good" classname="com.cardatechnologies.utils.validators.abaroutevalidator.Test_AbaRouteValidator_10" time="0"/>
  <testcase name="testAbaNumberCheck_21617_good" classname="com.cardatechnologies.utils.validators.abaroutevalidator.Test_AbaRouteValidator_10" time="0"/>
  <testcase name="testAbaNumberCheck_21581_good" classname="com.cardatechnologies.utils.validators.abaroutevalidator.Test_AbaRouteValidator_10" time="0"/>
  <testcase name="testAbaNumberCheck_20641_good" classname="com.cardatechnologies.utils.validators.abaroutevalidator.Test_AbaRouteValidator_10" time="0"/>
  <testcase name="testAbaNumberCheck_22395_good" classname="com.cardatechnologies.utils.validators.abaroutevalidator.Test_AbaRouteValidator_10" time="0"/>
  <testcase name="testAbaNumberCheck_21455_good" classname="com.cardatechnologies.utils.validators.abaroutevalidator.Test_AbaRouteValidator_10" time="0.001"/>
  <testcase name="testAbaNumberCheck_20515_good" classname="com.cardatechnologies.utils.validators.abaroutevalidator.Test_AbaRouteValidator_10" time="0"/>
  <testcase name="testAbaNumberCheck_22269_good" classname="com.cardatechnologies.utils.validators.abaroutevalidator.Test_AbaRouteValidator_10" time="0"/>
  <testcase name="testAbaNumberCheck_21329_good" classname="com.cardatechnologies.utils.validators.abaroutevalidator.Test_AbaRouteValidator_10" time="0"/>
  <testcase name="testAbaNumberCheck_21293_good" classname="com.cardatechnologies.utils.validators.abaroutevalidator.Test_AbaRouteValidator_10" time="0"/>
  <testcase name="testAbaNumberCheck_20353_good" classname="com.cardatechnologies.utils.validators.abaroutevalidator.Test_AbaRouteValidator_10" time="0"/>
  <testcase name="testAbaNumberCheck_21951_good" classname="com.cardatechnologies.utils.validators.abaroutevalidator.Test_AbaRouteValidator_10" time="0"/>
  <testcase name="testAbaNumberCheck_21167_good" classname="com.cardatechnologies.utils.validators.abaroutevalidator.Test_AbaRouteValidator_10" time="0"/>
  <testcase name="testAbaNumberCheck_20227_good" classname="com.cardatechnologies.utils.validators.abaroutevalidator.Test_AbaRouteValidator_10" time="0"/>
  <testcase name="testAbaNumberCheck_21825_good" classname="com.cardatechnologies.utils.validators.abaroutevalidator.Test_AbaRouteValidator_10" time="0"/>
  <testcase name="testAbaNumberCheck_20191_good" classname="com.cardatechnologies.utils.validators.abaroutevalidator.Test_AbaRouteValidator_10" time="0"/>
  <testcase name="testAbaNumberCheck_20065_good" classname="com.cardatechnologies.utils.validators.abaroutevalidator.Test_AbaRouteValidator_10" time="0"/>
  <testcase name="testAbaNumberCheck_21663_good" classname="com.cardatechnologies.utils.validators.abaroutevalidator.Test_AbaRouteValidator_10" time="0"/>
  <testcase name="testAbaNumberCheck_20723_good" classname="com.cardatechnologies.utils.validators.abaroutevalidator.Test_AbaRouteValidator_10" time="0"/>
  <testcase name="testAbaNumberCheck_21537_good" classname="com.cardatechnologies.utils.validators.abaroutevalidator.Test_AbaRouteValidator_10" time="0"/>
  <testcase name="testAbaNumberCheck_20561_good" classname="com.cardatechnologies.utils.validators.abaroutevalidator.Test_AbaRouteValidator_10" time="0"/>
  <testcase name="testAbaNumberCheck_21375_good" classname="com.cardatechnologies.utils.validators.abaroutevalidator.Test_AbaRouteValidator_10" time="0"/>
  <testcase name="testAbaNumberCheck_20435_good" classname="com.cardatechnologies.utils.validators.abaroutevalidator.Test_AbaRouteValidator_10" time="0"/>
  <testcase name="testAbaNumberCheck_22189_good" classname="com.cardatechnologies.utils.validators.abaroutevalidator.Test_AbaRouteValidator_10" time="0"/>
  <testcase name="testAbaNumberCheck_21249_good" classname="com.cardatechnologies.utils.validators.abaroutevalidator.Test_AbaRouteValidator_10" time="0"/>
  <testcase name="testAbaNumberCheck_20309_good" classname="com.cardatechnologies.utils.validators.abaroutevalidator.Test_AbaRouteValidator_10" time="0"/>
  <testcase name="testAbaNumberCheck_21907_good" classname="com.cardatechnologies.utils.validators.abaroutevalidator.Test_AbaRouteValidator_10" time="0"/>
  <testcase name="testAbaNumberCheck_20273_good" classname="com.cardatechnologies.utils.validators.abaroutevalidator.Test_AbaRouteValidator_10" time="0"/>
  <testcase name="testAbaNumberCheck_21871_good" classname="com.cardatechnologies.utils.validators.abaroutevalidator.Test_AbaRouteValidator_10" time="0"/>
  <testcase name="testAbaNumberCheck_20931_good" classname="com.cardatechnologies.utils.validators.abaroutevalidator.Test_AbaRouteValidator_10" time="0"/>
  <testcase name="testAbaNumberCheck_21087_good" classname="com.cardatechnologies.utils.validators.abaroutevalidator.Test_AbaRouteValidator_10" time="0"/>
  <testcase name="testAbaNumberCheck_20147_good" classname="com.cardatechnologies.utils.validators.abaroutevalidator.Test_AbaRouteValidator_10" time="0"/>
  <testcase name="testAbaNumberCheck_21745_good" classname="com.cardatechnologies.utils.validators.abaroutevalidator.Test_AbaRouteValidator_10" time="0"/>
  <testcase name="testAbaNumberCheck_20805_good" classname="com.cardatechnologies.utils.validators.abaroutevalidator.Test_AbaRouteValidator_10" time="0"/>
  <testcase name="testAbaNumberCheck_21619_good" classname="com.cardatechnologies.utils.validators.abaroutevalidator.Test_AbaRouteValidator_10" time="0"/>
  <testcase name="testAbaNumberCheck_21583_good" classname="com.cardatechnologies.utils.validators.abaroutevalidator.Test_AbaRouteValidator_10" time="0"/>
  <testcase name="testAbaNumberCheck_20643_good" classname="com.cardatechnologies.utils.validators.abaroutevalidator.Test_AbaRouteValidator_10" time="0"/>
  <testcase name="testAbaNumberCheck_22397_good" classname="com.cardatechnologies.utils.validators.abaroutevalidator.Test_AbaRouteValidator_10" time="0"/>
  <testcase name="testAbaNumberCheck_21457_good" classname="com.cardatechnologies.utils.validators.abaroutevalidator.Test_AbaRouteValidator_10" time="0"/>
  <testcase name="testAbaNumberCheck_20517_good" classname="com.cardatechnologies.utils.validators.abaroutevalidator.Test_AbaRouteValidator_10" time="0"/>
  <testcase name="testAbaNumberCheck_20481_good" classname="com.cardatechnologies.utils.validators.abaroutevalidator.Test_AbaRouteValidator_10" time="0"/>
  <testcase name="testAbaNumberCheck_21295_good" classname="com.cardatechnologies.utils.validators.abaroutevalidator.Test_AbaRouteValidator_10" time="0"/>
  <testcase name="testAbaNumberCheck_20355_good" classname="com.cardatechnologies.utils.validators.abaroutevalidator.Test_AbaRouteValidator_10" time="0"/>
  <testcase name="testAbaNumberCheck_21953_good" classname="com.cardatechnologies.utils.validators.abaroutevalidator.Test_AbaRouteValidator_10" time="0"/>
  <testcase name="testAbaNumberCheck_21169_good" classname="com.cardatechnologies.utils.validators.abaroutevalidator.Test_AbaRouteValidator_10" time="0"/>
  <testcase name="testAbaNumberCheck_20229_good" classname="com.cardatechnologies.utils.validators.abaroutevalidator.Test_AbaRouteValidator_10" time="0"/>
  <testcase name="testAbaNumberCheck_21827_good" classname="com.cardatechnologies.utils.validators.abaroutevalidator.Test_AbaRouteValidator_10" time="0"/>
  <testcase name="testAbaNumberCheck_20193_good" classname="com.cardatechnologies.utils.validators.abaroutevalidator.Test_AbaRouteValidator_10" time="0"/>
  <testcase name="testAbaNumberCheck_21791_good" classname="com.cardatechnologies.utils.validators.abaroutevalidator.Test_AbaRouteValidator_10" time="0"/>
  <testcase name="testAbaNumberCheck_20851_good" classname="com.cardatechnologies.utils.validators.abaroutevalidator.Test_AbaRouteValidator_10" time="0"/>
  <testcase name="testAbaNumberCheck_20067_good" classname="com.cardatechnologies.utils.validators.abaroutevalidator.Test_AbaRouteValidator_10" time="0"/>
  <testcase name="testAbaNumberCheck_21665_good" classname="com.cardatechnologies.utils.validators.abaroutevalidator.Test_AbaRouteValidator_10" time="0"/>
  <testcase name="testAbaNumberCheck_20725_good" classname="com.cardatechnologies.utils.validators.abaroutevalidator.Test_AbaRouteValidator_10" time="0"/>
  <testcase name="testAbaNumberCheck_21539_good" classname="com.cardatechnologies.utils.validators.abaroutevalidator.Test_AbaRouteValidator_10" time="0"/>
  <testcase name="testAbaNumberCheck_20563_good" classname="com.cardatechnologies.utils.validators.abaroutevalidator.Test_AbaRouteValidator_10" time="0"/>
  <testcase name="testAbaNumberCheck_21377_good" classname="com.cardatechnologies.utils.validators.abaroutevalidator.Test_AbaRouteValidator_10" time="0"/>
  <testcase name="testAbaNumberCheck_20437_good" classname="com.cardatechnologies.utils.validators.abaroutevalidator.Test_AbaRouteValidator_10" time="0"/>
  <testcase name="testAbaNumberCheck_21909_good" classname="com.cardatechnologies.utils.validators.abaroutevalidator.Test_AbaRouteValidator_10" time="0"/>
  <testcase name="testAbaNumberCheck_20275_good" classname="com.cardatechnologies.utils.validators.abaroutevalidator.Test_AbaRouteValidator_10" time="0"/>
  <testcase name="testAbaNumberCheck_21873_good" classname="com.cardatechnologies.utils.validators.abaroutevalidator.Test_AbaRouteValidator_10" time="0"/>
  <testcase name="testAbaNumberCheck_20933_good" classname="com.cardatechnologies.utils.validators.abaroutevalidator.Test_AbaRouteValidator_10" time="0"/>
  <testcase name="testAbaNumberCheck_21089_good" classname="com.cardatechnologies.utils.validators.abaroutevalidator.Test_AbaRouteValidator_10" time="0"/>
  <testcase name="testAbaNumberCheck_20149_good" classname="com.cardatechnologies.utils.validators.abaroutevalidator.Test_AbaRouteValidator_10" time="0"/>
  <testcase name="testAbaNumberCheck_21747_good" classname="com.cardatechnologies.utils.validators.abaroutevalidator.Test_AbaRouteValidator_10" time="0"/>
  <testcase name="testAbaNumberCheck_20807_good" classname="com.cardatechnologies.utils.validators.abaroutevalidator.Test_AbaRouteValidator_10" time="0"/>
  <testcase name="testAbaNumberCheck_20771_good" classname="com.cardatechnologies.utils.validators.abaroutevalidator.Test_AbaRouteValidator_10" time="0"/>
  <testcase name="testAbaNumberCheck_21585_good" classname="com.cardatechnologies.utils.validators.abaroutevalidator.Test_AbaRouteValidator_10" time="0.001"/>
  <testcase name="testAbaNumberCheck_20645_good" classname="com.cardatechnologies.utils.validators.abaroutevalidator.Test_AbaRouteValidator_10" time="0"/>
  <testcase name="testAbaNumberCheck_22399_good" classname="com.cardatechnologies.utils.validators.abaroutevalidator.Test_AbaRouteValidator_10" time="0"/>
  <testcase name="testAbaNumberCheck_21459_good" classname="com.cardatechnologies.utils.validators.abaroutevalidator.Test_AbaRouteValidator_10" time="0"/>
  <testcase name="testAbaNumberCheck_20519_good" classname="com.cardatechnologies.utils.validators.abaroutevalidator.Test_AbaRouteValidator_10" time="0"/>
  <testcase name="testAbaNumberCheck_20483_good" classname="com.cardatechnologies.utils.validators.abaroutevalidator.Test_AbaRouteValidator_10" time="0"/>
  <testcase name="testAbaNumberCheck_21297_good" classname="com.cardatechnologies.utils.validators.abaroutevalidator.Test_AbaRouteValidator_10" time="0"/>
  <testcase name="testAbaNumberCheck_20357_good" classname="com.cardatechnologies.utils.validators.abaroutevalidator.Test_AbaRouteValidator_10" time="0"/>
  <testcase name="testAbaNumberCheck_21955_good" classname="com.cardatechnologies.utils.validators.abaroutevalidator.Test_AbaRouteValidator_10" time="0"/>
  <testcase name="testAbaNumberCheck_21829_good" classname="com.cardatechnologies.utils.validators.abaroutevalidator.Test_AbaRouteValidator_10" time="0"/>
  <testcase name="testAbaNumberCheck_20195_good" classname="com.cardatechnologies.utils.validators.abaroutevalidator.Test_AbaRouteValidator_10" time="0"/>
  <testcase name="testAbaNumberCheck_21000_bad" classname="com.cardatechnologies.utils.validators.abaroutevalidator.Test_AbaRouteValidator_10" time="0"/>
  <testcase name="testAbaNumberCheck_21793_good" classname="com.cardatechnologies.utils.validators.abaroutevalidator.Test_AbaRouteValidator_10" time="0"/>
  <testcase name="testAbaNumberCheck_20853_good" classname="com.cardatechnologies.utils.validators.abaroutevalidator.Test_AbaRouteValidator_10" time="0"/>
  <testcase name="testAbaNumberCheck_21002_bad" classname="com.cardatechnologies.utils.validators.abaroutevalidator.Test_AbaRouteValidator_10" time="0"/>
  <testcase name="testAbaNumberCheck_20069_good" classname="com.cardatechnologies.utils.validators.abaroutevalidator.Test_AbaRouteValidator_10" time="0"/>
  <testcase name="testAbaNumberCheck_21004_bad" classname="com.cardatechnologies.utils.validators.abaroutevalidator.Test_AbaRouteValidator_10" time="0"/>
  <testcase name="testAbaNumberCheck_21667_good" classname="com.cardatechnologies.utils.validators.abaroutevalidator.Test_AbaRouteValidator_10" time="0"/>
  <testcase name="testAbaNumberCheck_20727_good" classname="com.cardatechnologies.utils.validators.abaroutevalidator.Test_AbaRouteValidator_10" time="0"/>
  <testcase name="testAbaNumberCheck_21006_bad" classname="com.cardatechnologies.utils.validators.abaroutevalidator.Test_AbaRouteValidator_10" time="0"/>
  <testcase name="testAbaNumberCheck_21008_bad" classname="com.cardatechnologies.utils.validators.abaroutevalidator.Test_AbaRouteValidator_10" time="0"/>
  <testcase name="testAbaNumberCheck_20691_good" classname="com.cardatechnologies.utils.validators.abaroutevalidator.Test_AbaRouteValidator_10" time="0"/>
  <testcase name="testAbaNumberCheck_20565_good" classname="com.cardatechnologies.utils.validators.abaroutevalidator.Test_AbaRouteValidator_10" time="0"/>
  <testcase name="testAbaNumberCheck_21379_good" classname="com.cardatechnologies.utils.validators.abaroutevalidator.Test_AbaRouteValidator_10" time="0"/>
  <testcase name="testAbaNumberCheck_20439_good" classname="com.cardatechnologies.utils.validators.abaroutevalidator.Test_AbaRouteValidator_10" time="0"/>
  <testcase name="testAbaNumberCheck_20277_good" classname="com.cardatechnologies.utils.validators.abaroutevalidator.Test_AbaRouteValidator_10" time="0"/>
  <testcase name="testAbaNumberCheck_21875_good" classname="com.cardatechnologies.utils.validators.abaroutevalidator.Test_AbaRouteValidator_10" time="0"/>
  <testcase name="testAbaNumberCheck_20935_good" classname="com.cardatechnologies.utils.validators.abaroutevalidator.Test_AbaRouteValidator_10" time="0"/>
  <testcase name="testAbaNumberCheck_21010_bad" classname="com.cardatechnologies.utils.validators.abaroutevalidator.Test_AbaRouteValidator_10" time="0.001"/>
  <testcase name="testAbaNumberCheck_21749_good" classname="com.cardatechnologies.utils.validators.abaroutevalidator.Test_AbaRouteValidator_10" time="0"/>
  <testcase name="testAbaNumberCheck_20809_good" classname="com.cardatechnologies.utils.validators.abaroutevalidator.Test_AbaRouteValidator_10" time="0"/>
  <testcase name="testAbaNumberCheck_21012_bad" classname="com.cardatechnologies.utils.validators.abaroutevalidator.Test_AbaRouteValidator_10" time="0"/>
  <testcase name="testAbaNumberCheck_20200_bad" classname="com.cardatechnologies.utils.validators.abaroutevalidator.Test_AbaRouteValidator_10" time="0"/>
  <testcase name="testAbaNumberCheck_21014_bad" classname="com.cardatechnologies.utils.validators.abaroutevalidator.Test_AbaRouteValidator_10" time="0"/>
  <testcase name="testAbaNumberCheck_20773_good" classname="com.cardatechnologies.utils.validators.abaroutevalidator.Test_AbaRouteValidator_10" time="0"/>
  <testcase name="testAbaNumberCheck_20202_bad" classname="com.cardatechnologies.utils.validators.abaroutevalidator.Test_AbaRouteValidator_10" time="0"/>
  <testcase name="testAbaNumberCheck_21016_bad" classname="com.cardatechnologies.utils.validators.abaroutevalidator.Test_AbaRouteValidator_10" time="0"/>
  <testcase name="testAbaNumberCheck_20204_bad" classname="com.cardatechnologies.utils.validators.abaroutevalidator.Test_AbaRouteValidator_10" time="0"/>
  <testcase name="testAbaNumberCheck_21018_bad" classname="com.cardatechnologies.utils.validators.abaroutevalidator.Test_AbaRouteValidator_10" time="0"/>
  <testcase name="testAbaNumberCheck_21587_good" classname="com.cardatechnologies.utils.validators.abaroutevalidator.Test_AbaRouteValidator_10" time="0"/>
  <testcase name="testAbaNumberCheck_20647_good" classname="com.cardatechnologies.utils.validators.abaroutevalidator.Test_AbaRouteValidator_10" time="0"/>
  <testcase name="testAbaNumberCheck_20206_bad" classname="com.cardatechnologies.utils.validators.abaroutevalidator.Test_AbaRouteValidator_10" time="0"/>
  <testcase name="testAbaNumberCheck_20208_bad" classname="com.cardatechnologies.utils.validators.abaroutevalidator.Test_AbaRouteValidator_10" time="0"/>
  <testcase name="testAbaNumberCheck_20485_good" classname="com.cardatechnologies.utils.validators.abaroutevalidator.Test_AbaRouteValidator_10" time="0"/>
  <testcase name="testAbaNumberCheck_21299_good" classname="com.cardatechnologies.utils.validators.abaroutevalidator.Test_AbaRouteValidator_10" time="0"/>
  <testcase name="testAbaNumberCheck_20359_good" classname="com.cardatechnologies.utils.validators.abaroutevalidator.Test_AbaRouteValidator_10" time="0"/>
  <testcase name="testAbaNumberCheck_21957_good" classname="com.cardatechnologies.utils.validators.abaroutevalidator.Test_AbaRouteValidator_10" time="0"/>
  <testcase name="testAbaNumberCheck_20981_good" classname="com.cardatechnologies.utils.validators.abaroutevalidator.Test_AbaRouteValidator_10" time="0"/>
  <testcase name="testAbaNumberCheck_20197_good" classname="com.cardatechnologies.utils.validators.abaroutevalidator.Test_AbaRouteValidator_10" time="0"/>
  <testcase name="testAbaNumberCheck_21020_bad" classname="com.cardatechnologies.utils.validators.abaroutevalidator.Test_AbaRouteValidator_10" time="0"/>
  <testcase name="testAbaNumberCheck_21795_good" classname="com.cardatechnologies.utils.validators.abaroutevalidator.Test_AbaRouteValidator_10" time="0"/>
  <testcase name="testAbaNumberCheck_20855_good" classname="com.cardatechnologies.utils.validators.abaroutevalidator.Test_AbaRouteValidator_10" time="0"/>
  <testcase name="testAbaNumberCheck_21022_bad" classname="com.cardatechnologies.utils.validators.abaroutevalidator.Test_AbaRouteValidator_10" time="0"/>
  <testcase name="testAbaNumberCheck_20210_bad" classname="com.cardatechnologies.utils.validators.abaroutevalidator.Test_AbaRouteValidator_10" time="0"/>
  <testcase name="testAbaNumberCheck_21024_bad" classname="com.cardatechnologies.utils.validators.abaroutevalidator.Test_AbaRouteValidator_10" time="0"/>
  <testcase name="testAbaNumberCheck_21669_good" classname="com.cardatechnologies.utils.validators.abaroutevalidator.Test_AbaRouteValidator_10" time="0"/>
  <testcase name="testAbaNumberCheck_20729_good" classname="com.cardatechnologies.utils.validators.abaroutevalidator.Test_AbaRouteValidator_10" time="0"/>
  <testcase name="testAbaNumberCheck_20212_bad" classname="com.cardatechnologies.utils.validators.abaroutevalidator.Test_AbaRouteValidator_10" time="0"/>
  <testcase name="testAbaNumberCheck_21026_bad" classname="com.cardatechnologies.utils.validators.abaroutevalidator.Test_AbaRouteValidator_10" time="0.001"/>
  <testcase name="testAbaNumberCheck_20214_bad" classname="com.cardatechnologies.utils.validators.abaroutevalidator.Test_AbaRouteValidator_10" time="0"/>
  <testcase name="testAbaNumberCheck_21028_bad" classname="com.cardatechnologies.utils.validators.abaroutevalidator.Test_AbaRouteValidator_10" time="0"/>
  <testcase name="testAbaNumberCheck_20693_good" classname="com.cardatechnologies.utils.validators.abaroutevalidator.Test_AbaRouteValidator_10" time="0"/>
  <testcase name="testAbaNumberCheck_20216_bad" classname="com.cardatechnologies.utils.validators.abaroutevalidator.Test_AbaRouteValidator_10" time="0"/>
  <testcase name="testAbaNumberCheck_20218_bad" classname="com.cardatechnologies.utils.validators.abaroutevalidator.Test_AbaRouteValidator_10" time="0"/>
  <testcase name="testAbaNumberCheck_20567_good" classname="com.cardatechnologies.utils.validators.abaroutevalidator.Test_AbaRouteValidator_10" time="0"/>
  <testcase name="testAbaNumberCheck_20279_good" classname="com.cardatechnologies.utils.validators.abaroutevalidator.Test_AbaRouteValidator_10" time="0"/>
  <testcase name="testAbaNumberCheck_21877_good" classname="com.cardatechnologies.utils.validators.abaroutevalidator.Test_AbaRouteValidator_10" time="0"/>
  <testcase name="testAbaNumberCheck_20937_good" classname="com.cardatechnologies.utils.validators.abaroutevalidator.Test_AbaRouteValidator_10" time="0"/>
  <testcase name="testAbaNumberCheck_21030_bad" classname="com.cardatechnologies.utils.validators.abaroutevalidator.Test_AbaRouteValidator_10" time="0"/>
  <testcase name="testAbaNumberCheck_21032_bad" classname="com.cardatechnologies.utils.validators.abaroutevalidator.Test_AbaRouteValidator_10" time="0"/>
  <testcase name="testAbaNumberCheck_20220_bad" classname="com.cardatechnologies.utils.validators.abaroutevalidator.Test_AbaRouteValidator_10" time="0"/>
  <testcase name="testAbaNumberCheck_21034_bad" classname="com.cardatechnologies.utils.validators.abaroutevalidator.Test_AbaRouteValidator_10" time="0"/>
  <testcase name="testAbaNumberCheck_20775_good" classname="com.cardatechnologies.utils.validators.abaroutevalidator.Test_AbaRouteValidator_10" time="0"/>
  <testcase name="testAbaNumberCheck_20222_bad" classname="com.cardatechnologies.utils.validators.abaroutevalidator.Test_AbaRouteValidator_10" time="0"/>
  <testcase name="testAbaNumberCheck_21036_bad" classname="com.cardatechnologies.utils.validators.abaroutevalidator.Test_AbaRouteValidator_10" time="0"/>
  <testcase name="testAbaNumberCheck_20224_bad" classname="com.cardatechnologies.utils.validators.abaroutevalidator.Test_AbaRouteValidator_10" time="0"/>
  <testcase name="testAbaNumberCheck_21038_bad" classname="com.cardatechnologies.utils.validators.abaroutevalidator.Test_AbaRouteValidator_10" time="0"/>
  <testcase name="testAbaNumberCheck_21589_good" classname="com.cardatechnologies.utils.validators.abaroutevalidator.Test_AbaRouteValidator_10" time="0"/>
  <testcase name="testAbaNumberCheck_20649_good" classname="com.cardatechnologies.utils.validators.abaroutevalidator.Test_AbaRouteValidator_10" time="0"/>
  <testcase name="testAbaNumberCheck_20226_bad" classname="com.cardatechnologies.utils.validators.abaroutevalidator.Test_AbaRouteValidator_10" time="0"/>
  <testcase name="testAbaNumberCheck_20228_bad" classname="com.cardatechnologies.utils.validators.abaroutevalidator.Test_AbaRouteValidator_10" time="0"/>
  <testcase name="testAbaNumberCheck_20487_good" classname="com.cardatechnologies.utils.validators.abaroutevalidator.Test_AbaRouteValidator_10" time="0"/>
  <testcase name="testAbaNumberCheck_21959_good" classname="com.cardatechnologies.utils.validators.abaroutevalidator.Test_AbaRouteValidator_10" time="0"/>
  <testcase name="testAbaNumberCheck_22300_bad" classname="com.cardatechnologies.utils.validators.abaroutevalidator.Test_AbaRouteValidator_10" time="0"/>
  <testcase name="testAbaNumberCheck_20983_good" classname="com.cardatechnologies.utils.validators.abaroutevalidator.Test_AbaRouteValidator_10" time="0"/>
  <testcase name="testAbaNumberCheck_22302_bad" classname="com.cardatechnologies.utils.validators.abaroutevalidator.Test_AbaRouteValidator_10" time="0"/>
  <testcase name="testAbaNumberCheck_20199_good" classname="com.cardatechnologies.utils.validators.abaroutevalidator.Test_AbaRouteValidator_10" time="0"/>
  <testcase name="testAbaNumberCheck_22304_bad" classname="com.cardatechnologies.utils.validators.abaroutevalidator.Test_AbaRouteValidator_10" time="0"/>
  <testcase name="testAbaNumberCheck_21040_bad" classname="com.cardatechnologies.utils.validators.abaroutevalidator.Test_AbaRouteValidator_10" time="0"/>
  <testcase name="testAbaNumberCheck_21797_good" classname="com.cardatechnologies.utils.validators.abaroutevalidator.Test_AbaRouteValidator_10" time="0"/>
  <testcase name="testAbaNumberCheck_20857_good" classname="com.cardatechnologies.utils.validators.abaroutevalidator.Test_AbaRouteValidator_10" time="0"/>
  <testcase name="testAbaNumberCheck_22306_bad" classname="com.cardatechnologies.utils.validators.abaroutevalidator.Test_AbaRouteValidator_10" time="0"/>
  <testcase name="testAbaNumberCheck_21042_bad" classname="com.cardatechnologies.utils.validators.abaroutevalidator.Test_AbaRouteValidator_10" time="0"/>
  <testcase name="testAbaNumberCheck_22308_bad" classname="com.cardatechnologies.utils.validators.abaroutevalidator.Test_AbaRouteValidator_10" time="0"/>
  <testcase name="testAbaNumberCheck_20230_bad" classname="com.cardatechnologies.utils.validators.abaroutevalidator.Test_AbaRouteValidator_10" time="0"/>
  <testcase name="testAbaNumberCheck_21044_bad" classname="com.cardatechnologies.utils.validators.abaroutevalidator.Test_AbaRouteValidator_10" time="0"/>
  <testcase name="testAbaNumberCheck_20232_bad" classname="com.cardatechnologies.utils.validators.abaroutevalidator.Test_AbaRouteValidator_10" time="0"/>
  <testcase name="testAbaNumberCheck_21046_bad" classname="com.cardatechnologies.utils.validators.abaroutevalidator.Test_AbaRouteValidator_10" time="0"/>
  <testcase name="testAbaNumberCheck_20234_bad" classname="com.cardatechnologies.utils.validators.abaroutevalidator.Test_AbaRouteValidator_10" time="0"/>
  <testcase name="testAbaNumberCheck_21048_bad" classname="com.cardatechnologies.utils.validators.abaroutevalidator.Test_AbaRouteValidator_10" time="0"/>
  <testcase name="testAbaNumberCheck_20695_good" classname="com.cardatechnologies.utils.validators.abaroutevalidator.Test_AbaRouteValidator_10" time="0"/>
  <testcase name="testAbaNumberCheck_20236_bad" classname="com.cardatechnologies.utils.validators.abaroutevalidator.Test_AbaRouteValidator_10" time="0"/>
  <testcase name="testAbaNumberCheck_20238_bad" classname="com.cardatechnologies.utils.validators.abaroutevalidator.Test_AbaRouteValidator_10" time="0"/>
  <testcase name="testAbaNumberCheck_20569_good" classname="com.cardatechnologies.utils.validators.abaroutevalidator.Test_AbaRouteValidator_10" time="0"/>
  <testcase name="testAbaNumberCheck_22310_bad" classname="com.cardatechnologies.utils.validators.abaroutevalidator.Test_AbaRouteValidator_10" time="0"/>
  <testcase name="testAbaNumberCheck_21879_good" classname="com.cardatechnologies.utils.validators.abaroutevalidator.Test_AbaRouteValidator_10" time="0"/>
  <testcase name="testAbaNumberCheck_20939_good" classname="com.cardatechnologies.utils.validators.abaroutevalidator.Test_AbaRouteValidator_10" time="0"/>
  <testcase name="testAbaNumberCheck_22312_bad" classname="com.cardatechnologies.utils.validators.abaroutevalidator.Test_AbaRouteValidator_10" time="0"/>
  <testcase name="testAbaNumberCheck_21500_bad" classname="com.cardatechnologies.utils.validators.abaroutevalidator.Test_AbaRouteValidator_10" time="0"/>
  <testcase name="testAbaNumberCheck_22314_bad" classname="com.cardatechnologies.utils.validators.abaroutevalidator.Test_AbaRouteValidator_10" time="0"/>
  <testcase name="testAbaNumberCheck_21050_bad" classname="com.cardatechnologies.utils.validators.abaroutevalidator.Test_AbaRouteValidator_10" time="0"/>
  <testcase name="testAbaNumberCheck_21502_bad" classname="com.cardatechnologies.utils.validators.abaroutevalidator.Test_AbaRouteValidator_10" time="0"/>
  <testcase name="testAbaNumberCheck_22316_bad" classname="com.cardatechnologies.utils.validators.abaroutevalidator.Test_AbaRouteValidator_10" time="0.001"/>
  <testcase name="testAbaNumberCheck_21052_bad" classname="com.cardatechnologies.utils.validators.abaroutevalidator.Test_AbaRouteValidator_10" time="0"/>
  <testcase name="testAbaNumberCheck_21504_bad" classname="com.cardatechnologies.utils.validators.abaroutevalidator.Test_AbaRouteValidator_10" time="0"/>
  <testcase name="testAbaNumberCheck_22318_bad" classname="com.cardatechnologies.utils.validators.abaroutevalidator.Test_AbaRouteValidator_10" time="0"/>
  <testcase name="testAbaNumberCheck_20240_bad" classname="com.cardatechnologies.utils.validators.abaroutevalidator.Test_AbaRouteValidator_10" time="0"/>
  <testcase name="testAbaNumberCheck_21054_bad" classname="com.cardatechnologies.utils.validators.abaroutevalidator.Test_AbaRouteValidator_10" time="0"/>
  <testcase name="testAbaNumberCheck_20777_good" classname="com.cardatechnologies.utils.validators.abaroutevalidator.Test_AbaRouteValidator_10" time="0"/>
  <testcase name="testAbaNumberCheck_21506_bad" classname="com.cardatechnologies.utils.validators.abaroutevalidator.Test_AbaRouteValidator_10" time="0"/>
  <testcase name="testAbaNumberCheck_20242_bad" classname="com.cardatechnologies.utils.validators.abaroutevalidator.Test_AbaRouteValidator_10" time="0"/>
  <testcase name="testAbaNumberCheck_21056_bad" classname="com.cardatechnologies.utils.validators.abaroutevalidator.Test_AbaRouteValidator_10" time="0"/>
  <testcase name="testAbaNumberCheck_21508_bad" classname="com.cardatechnologies.utils.validators.abaroutevalidator.Test_AbaRouteValidator_10" time="0"/>
  <testcase name="testAbaNumberCheck_20244_bad" classname="com.cardatechnologies.utils.validators.abaroutevalidator.Test_AbaRouteValidator_10" time="0"/>
  <testcase name="testAbaNumberCheck_21058_bad" classname="com.cardatechnologies.utils.validators.abaroutevalidator.Test_AbaRouteValidator_10" time="0"/>
  <testcase name="testAbaNumberCheck_20246_bad" classname="com.cardatechnologies.utils.validators.abaroutevalidator.Test_AbaRouteValidator_10" time="0"/>
  <testcase name="testAbaNumberCheck_20248_bad" classname="com.cardatechnologies.utils.validators.abaroutevalidator.Test_AbaRouteValidator_10" time="0"/>
  <testcase name="testAbaNumberCheck_20489_good" classname="com.cardatechnologies.utils.validators.abaroutevalidator.Test_AbaRouteValidator_10" time="0"/>
  <testcase name="testAbaNumberCheck_22320_bad" classname="com.cardatechnologies.utils.validators.abaroutevalidator.Test_AbaRouteValidator_10" time="0"/>
  <testcase name="testAbaNumberCheck_20985_good" classname="com.cardatechnologies.utils.validators.abaroutevalidator.Test_AbaRouteValidator_10" time="0"/>
  <testcase name="testAbaNumberCheck_22322_bad" classname="com.cardatechnologies.utils.validators.abaroutevalidator.Test_AbaRouteValidator_10" time="0"/>
  <testcase name="testAbaNumberCheck_21510_bad" classname="com.cardatechnologies.utils.validators.abaroutevalidator.Test_AbaRouteValidator_10" time="0.001"/>
  <testcase name="testAbaNumberCheck_22324_bad" classname="com.cardatechnologies.utils.validators.abaroutevalidator.Test_AbaRouteValidator_10" time="0"/>
  <testcase name="testAbaNumberCheck_21060_bad" classname="com.cardatechnologies.utils.validators.abaroutevalidator.Test_AbaRouteValidator_10" time="0"/>
  <testcase name="testAbaNumberCheck_21799_good" classname="com.cardatechnologies.utils.validators.abaroutevalidator.Test_AbaRouteValidator_10" time="0"/>
  <testcase name="testAbaNumberCheck_20859_good" classname="com.cardatechnologies.utils.validators.abaroutevalidator.Test_AbaRouteValidator_10" time="0"/>
  <testcase name="testAbaNumberCheck_21512_bad" classname="com.cardatechnologies.utils.validators.abaroutevalidator.Test_AbaRouteValidator_10" time="0"/>
  <testcase name="testAbaNumberCheck_22326_bad" classname="com.cardatechnologies.utils.validators.abaroutevalidator.Test_AbaRouteValidator_10" time="0"/>
  <testcase name="testAbaNumberCheck_21062_bad" classname="com.cardatechnologies.utils.validators.abaroutevalidator.Test_AbaRouteValidator_10" time="0"/>
  <testcase name="testAbaNumberCheck_20700_bad" classname="com.cardatechnologies.utils.validators.abaroutevalidator.Test_AbaRouteValidator_10" time="0"/>
  <testcase name="testAbaNumberCheck_21514_bad" classname="com.cardatechnologies.utils.validators.abaroutevalidator.Test_AbaRouteValidator_10" time="0"/>
  <testcase name="testAbaNumberCheck_22328_bad" classname="com.cardatechnologies.utils.validators.abaroutevalidator.Test_AbaRouteValidator_10" time="0"/>
  <testcase name="testAbaNumberCheck_20250_bad" classname="com.cardatechnologies.utils.validators.abaroutevalidator.Test_AbaRouteValidator_10" time="0"/>
  <testcase name="testAbaNumberCheck_21064_bad" classname="com.cardatechnologies.utils.validators.abaroutevalidator.Test_AbaRouteValidator_10" time="0"/>
  <testcase name="testAbaNumberCheck_20702_bad" classname="com.cardatechnologies.utils.validators.abaroutevalidator.Test_AbaRouteValidator_10" time="0"/>
  <testcase name="testAbaNumberCheck_21516_bad" classname="com.cardatechnologies.utils.validators.abaroutevalidator.Test_AbaRouteValidator_10" time="0"/>
  <testcase name="testAbaNumberCheck_20252_bad" classname="com.cardatechnologies.utils.validators.abaroutevalidator.Test_AbaRouteValidator_10" time="0"/>
  <testcase name="testAbaNumberCheck_21066_bad" classname="com.cardatechnologies.utils.validators.abaroutevalidator.Test_AbaRouteValidator_10" time="0"/>
  <testcase name="testAbaNumberCheck_20704_bad" classname="com.cardatechnologies.utils.validators.abaroutevalidator.Test_AbaRouteValidator_10" time="0"/>
  <testcase name="testAbaNumberCheck_21518_bad" classname="com.cardatechnologies.utils.validators.abaroutevalidator.Test_AbaRouteValidator_10" time="0"/>
  <testcase name="testAbaNumberCheck_20254_bad" classname="com.cardatechnologies.utils.validators.abaroutevalidator.Test_AbaRouteValidator_10" time="0"/>
  <testcase name="testAbaNumberCheck_21068_bad" classname="com.cardatechnologies.utils.validators.abaroutevalidator.Test_AbaRouteValidator_10" time="0"/>
  <testcase name="testAbaNumberCheck_20697_good" classname="com.cardatechnologies.utils.validators.abaroutevalidator.Test_AbaRouteValidator_10" time="0"/>
  <testcase name="testAbaNumberCheck_20706_bad" classname="com.cardatechnologies.utils.validators.abaroutevalidator.Test_AbaRouteValidator_10" time="0"/>
  <testcase name="testAbaNumberCheck_20256_bad" classname="com.cardatechnologies.utils.validators.abaroutevalidator.Test_AbaRouteValidator_10" time="0"/>
  <testcase name="testAbaNumberCheck_20708_bad" classname="com.cardatechnologies.utils.validators.abaroutevalidator.Test_AbaRouteValidator_10" time="0"/>
  <testcase name="testAbaNumberCheck_20258_bad" classname="com.cardatechnologies.utils.validators.abaroutevalidator.Test_AbaRouteValidator_10" time="0"/>
  <testcase name="testAbaNumberCheck_22330_bad" classname="com.cardatechnologies.utils.validators.abaroutevalidator.Test_AbaRouteValidator_10" time="0"/>
  <testcase name="testAbaNumberCheck_22332_bad" classname="com.cardatechnologies.utils.validators.abaroutevalidator.Test_AbaRouteValidator_10" time="0"/>
  <testcase name="testAbaNumberCheck_21520_bad" classname="com.cardatechnologies.utils.validators.abaroutevalidator.Test_AbaRouteValidator_10" time="0"/>
  <testcase name="testAbaNumberCheck_22334_bad" classname="com.cardatechnologies.utils.validators.abaroutevalidator.Test_AbaRouteValidator_10" time="0"/>
  <testcase name="testAbaNumberCheck_21070_bad" classname="com.cardatechnologies.utils.validators.abaroutevalidator.Test_AbaRouteValidator_10" time="0"/>
  <testcase name="testAbaNumberCheck_21522_bad" classname="com.cardatechnologies.utils.validators.abaroutevalidator.Test_AbaRouteValidator_10" time="0"/>
  <testcase name="testAbaNumberCheck_22336_bad" classname="com.cardatechnologies.utils.validators.abaroutevalidator.Test_AbaRouteValidator_10" time="0"/>
  <testcase name="testAbaNumberCheck_21072_bad" classname="com.cardatechnologies.utils.validators.abaroutevalidator.Test_AbaRouteValidator_10" time="0"/>
  <testcase name="testAbaNumberCheck_20710_bad" classname="com.cardatechnologies.utils.validators.abaroutevalidator.Test_AbaRouteValidator_10" time="0"/>
  <testcase name="testAbaNumberCheck_21524_bad" classname="com.cardatechnologies.utils.validators.abaroutevalidator.Test_AbaRouteValidator_10" time="0"/>
  <testcase name="testAbaNumberCheck_22338_bad" classname="com.cardatechnologies.utils.validators.abaroutevalidator.Test_AbaRouteValidator_10" time="0"/>
  <testcase name="testAbaNumberCheck_20260_bad" classname="com.cardatechnologies.utils.validators.abaroutevalidator.Test_AbaRouteValidator_10" time="0"/>
  <testcase name="testAbaNumberCheck_21074_bad" classname="com.cardatechnologies.utils.validators.abaroutevalidator.Test_AbaRouteValidator_10" time="0"/>
  <testcase name="testAbaNumberCheck_20779_good" classname="com.cardatechnologies.utils.validators.abaroutevalidator.Test_AbaRouteValidator_10" time="0"/>
  <testcase name="testAbaNumberCheck_20712_bad" classname="com.cardatechnologies.utils.validators.abaroutevalidator.Test_AbaRouteValidator_10" time="0"/>
  <testcase name="testAbaNumberCheck_21526_bad" classname="com.cardatechnologies.utils.validators.abaroutevalidator.Test_AbaRouteValidator_10" time="0"/>
  <testcase name="testAbaNumberCheck_20262_bad" classname="com.cardatechnologies.utils.validators.abaroutevalidator.Test_AbaRouteValidator_10" time="0"/>
  <testcase name="testAbaNumberCheck_21076_bad" classname="com.cardatechnologies.utils.validators.abaroutevalidator.Test_AbaRouteValidator_10" time="0"/>
  <testcase name="testAbaNumberCheck_20714_bad" classname="com.cardatechnologies.utils.validators.abaroutevalidator.Test_AbaRouteValidator_10" time="0"/>
  <testcase name="testAbaNumberCheck_21528_bad" classname="com.cardatechnologies.utils.validators.abaroutevalidator.Test_AbaRouteValidator_10" time="0"/>
  <testcase name="testAbaNumberCheck_20264_bad" classname="com.cardatechnologies.utils.validators.abaroutevalidator.Test_AbaRouteValidator_10" time="0"/>
  <testcase name="testAbaNumberCheck_21078_bad" classname="com.cardatechnologies.utils.validators.abaroutevalidator.Test_AbaRouteValidator_10" time="0"/>
  <testcase name="testAbaNumberCheck_20716_bad" classname="com.cardatechnologies.utils.validators.abaroutevalidator.Test_AbaRouteValidator_10" time="0"/>
  <testcase name="testAbaNumberCheck_20266_bad" classname="com.cardatechnologies.utils.validators.abaroutevalidator.Test_AbaRouteValidator_10" time="0.001"/>
  <testcase name="testAbaNumberCheck_20718_bad" classname="com.cardatechnologies.utils.validators.abaroutevalidator.Test_AbaRouteValidator_10" time="0"/>
  <testcase name="testAbaNumberCheck_20268_bad" classname="com.cardatechnologies.utils.validators.abaroutevalidator.Test_AbaRouteValidator_10" time="0"/>
  <testcase name="testAbaNumberCheck_22340_bad" classname="com.cardatechnologies.utils.validators.abaroutevalidator.Test_AbaRouteValidator_10" time="0"/>
  <testcase name="testAbaNumberCheck_20987_good" classname="com.cardatechnologies.utils.validators.abaroutevalidator.Test_AbaRouteValidator_10" time="0"/>
  <testcase name="testAbaNumberCheck_22342_bad" classname="com.cardatechnologies.utils.validators.abaroutevalidator.Test_AbaRouteValidator_10" time="0"/>
  <testcase name="testAbaNumberCheck_21530_bad" classname="com.cardatechnologies.utils.validators.abaroutevalidator.Test_AbaRouteValidator_10" time="0"/>
  <testcase name="testAbaNumberCheck_22344_bad" classname="com.cardatechnologies.utils.validators.abaroutevalidator.Test_AbaRouteValidator_10" time="0"/>
  <testcase name="testAbaNumberCheck_21080_bad" classname="com.cardatechnologies.utils.validators.abaroutevalidator.Test_AbaRouteValidator_10" time="0"/>
  <testcase name="testAbaNumberCheck_21532_bad" classname="com.cardatechnologies.utils.validators.abaroutevalidator.Test_AbaRouteValidator_10" time="0"/>
  <testcase name="testAbaNumberCheck_22346_bad" classname="com.cardatechnologies.utils.validators.abaroutevalidator.Test_AbaRouteValidator_10" time="0"/>
  <testcase name="testAbaNumberCheck_21082_bad" classname="com.cardatechnologies.utils.validators.abaroutevalidator.Test_AbaRouteValidator_10" time="0"/>
  <testcase name="testAbaNumberCheck_20720_bad" classname="com.cardatechnologies.utils.validators.abaroutevalidator.Test_AbaRouteValidator_10" time="0"/>
  <testcase name="testAbaNumberCheck_21534_bad" classname="com.cardatechnologies.utils.validators.abaroutevalidator.Test_AbaRouteValidator_10" time="0"/>
  <testcase name="testAbaNumberCheck_22348_bad" classname="com.cardatechnologies.utils.validators.abaroutevalidator.Test_AbaRouteValidator_10" time="0"/>
  <testcase name="testAbaNumberCheck_20270_bad" classname="com.cardatechnologies.utils.validators.abaroutevalidator.Test_AbaRouteValidator_10" time="0"/>
  <testcase name="testAbaNumberCheck_21084_bad" classname="com.cardatechnologies.utils.validators.abaroutevalidator.Test_AbaRouteValidator_10" time="0"/>
  <testcase name="testAbaNumberCheck_20722_bad" classname="com.cardatechnologies.utils.validators.abaroutevalidator.Test_AbaRouteValidator_10" time="0"/>
  <testcase name="testAbaNumberCheck_21536_bad" classname="com.cardatechnologies.utils.validators.abaroutevalidator.Test_AbaRouteValidator_10" time="0"/>
  <testcase name="testAbaNumberCheck_20272_bad" classname="com.cardatechnologies.utils.validators.abaroutevalidator.Test_AbaRouteValidator_10" time="0"/>
  <testcase name="testAbaNumberCheck_21086_bad" classname="com.cardatechnologies.utils.validators.abaroutevalidator.Test_AbaRouteValidator_10" time="0"/>
  <testcase name="testAbaNumberCheck_20724_bad" classname="com.cardatechnologies.utils.validators.abaroutevalidator.Test_AbaRouteValidator_10" time="0"/>
  <testcase name="testAbaNumberCheck_21538_bad" classname="com.cardatechnologies.utils.validators.abaroutevalidator.Test_AbaRouteValidator_10" time="0"/>
  <testcase name="testAbaNumberCheck_20274_bad" classname="com.cardatechnologies.utils.validators.abaroutevalidator.Test_AbaRouteValidator_10" time="0"/>
  <testcase name="testAbaNumberCheck_21088_bad" classname="com.cardatechnologies.utils.validators.abaroutevalidator.Test_AbaRouteValidator_10" time="0.001"/>
  <testcase name="testAbaNumberCheck_20699_good" classname="com.cardatechnologies.utils.validators.abaroutevalidator.Test_AbaRouteValidator_10" time="0"/>
  <testcase name="testAbaNumberCheck_20726_bad" classname="com.cardatechnologies.utils.validators.abaroutevalidator.Test_AbaRouteValidator_10" time="0"/>
  <testcase name="testAbaNumberCheck_20276_bad" classname="com.cardatechnologies.utils.validators.abaroutevalidator.Test_AbaRouteValidator_10" time="0"/>
  <testcase name="testAbaNumberCheck_20728_bad" classname="com.cardatechnologies.utils.validators.abaroutevalidator.Test_AbaRouteValidator_10" time="0"/>
  <testcase name="testAbaNumberCheck_20278_bad" classname="com.cardatechnologies.utils.validators.abaroutevalidator.Test_AbaRouteValidator_10" time="0"/>
  <testcase name="testAbaNumberCheck_22350_bad" classname="com.cardatechnologies.utils.validators.abaroutevalidator.Test_AbaRouteValidator_10" time="0"/>
  <testcase name="testAbaNumberCheck_22352_bad" classname="com.cardatechnologies.utils.validators.abaroutevalidator.Test_AbaRouteValidator_10" time="0"/>
  <testcase name="testAbaNumberCheck_21540_bad" classname="com.cardatechnologies.utils.validators.abaroutevalidator.Test_AbaRouteValidator_10" time="0"/>
  <testcase name="testAbaNumberCheck_22354_bad" classname="com.cardatechnologies.utils.validators.abaroutevalidator.Test_AbaRouteValidator_10" time="0"/>
  <testcase name="testAbaNumberCheck_21090_bad" classname="com.cardatechnologies.utils.validators.abaroutevalidator.Test_AbaRouteValidator_10" time="0"/>
  <testcase name="testAbaNumberCheck_21542_bad" classname="com.cardatechnologies.utils.validators.abaroutevalidator.Test_AbaRouteValidator_10" time="0"/>
  <testcase name="testAbaNumberCheck_22356_bad" classname="com.cardatechnologies.utils.validators.abaroutevalidator.Test_AbaRouteValidator_10" time="0"/>
  <testcase name="testAbaNumberCheck_21092_bad" classname="com.cardatechnologies.utils.validators.abaroutevalidator.Test_AbaRouteValidator_10" time="0"/>
  <testcase name="testAbaNumberCheck_20730_bad" classname="com.cardatechnologies.utils.validators.abaroutevalidator.Test_AbaRouteValidator_10" time="0"/>
  <testcase name="testAbaNumberCheck_21544_bad" classname="com.cardatechnologies.utils.validators.abaroutevalidator.Test_AbaRouteValidator_10" time="0"/>
  <testcase name="testAbaNumberCheck_22358_bad" classname="com.cardatechnologies.utils.validators.abaroutevalidator.Test_AbaRouteValidator_10" time="0"/>
  <testcase name="testAbaNumberCheck_20280_bad" classname="com.cardatechnologies.utils.validators.abaroutevalidator.Test_AbaRouteValidator_10" time="0"/>
  <testcase name="testAbaNumberCheck_21094_bad" classname="com.cardatechnologies.utils.validators.abaroutevalidator.Test_AbaRouteValidator_10" time="0"/>
  <testcase name="testAbaNumberCheck_20732_bad" classname="com.cardatechnologies.utils.validators.abaroutevalidator.Test_AbaRouteValidator_10" time="0"/>
  <testcase name="testAbaNumberCheck_21546_bad" classname="com.cardatechnologies.utils.validators.abaroutevalidator.Test_AbaRouteValidator_10" time="0"/>
  <testcase name="testAbaNumberCheck_20282_bad" classname="com.cardatechnologies.utils.validators.abaroutevalidator.Test_AbaRouteValidator_10" time="0"/>
  <testcase name="testAbaNumberCheck_21096_bad" classname="com.cardatechnologies.utils.validators.abaroutevalidator.Test_AbaRouteValidator_10" time="0"/>
  <testcase name="testAbaNumberCheck_20734_bad" classname="com.cardatechnologies.utils.validators.abaroutevalidator.Test_AbaRouteValidator_10" time="0.001"/>
  <testcase name="testAbaNumberCheck_21548_bad" classname="com.cardatechnologies.utils.validators.abaroutevalidator.Test_AbaRouteValidator_10" time="0"/>
  <testcase name="testAbaNumberCheck_20284_bad" classname="com.cardatechnologies.utils.validators.abaroutevalidator.Test_AbaRouteValidator_10" time="0"/>
  <testcase name="testAbaNumberCheck_21098_bad" classname="com.cardatechnologies.utils.validators.abaroutevalidator.Test_AbaRouteValidator_10" time="0"/>
  <testcase name="testAbaNumberCheck_20736_bad" classname="com.cardatechnologies.utils.validators.abaroutevalidator.Test_AbaRouteValidator_10" time="0"/>
  <testcase name="testAbaNumberCheck_20286_bad" classname="com.cardatechnologies.utils.validators.abaroutevalidator.Test_AbaRouteValidator_10" time="0"/>
  <testcase name="testAbaNumberCheck_20738_bad" classname="com.cardatechnologies.utils.validators.abaroutevalidator.Test_AbaRouteValidator_10" time="0"/>
  <testcase name="testAbaNumberCheck_20288_bad" classname="com.cardatechnologies.utils.validators.abaroutevalidator.Test_AbaRouteValidator_10" time="0"/>
  <testcase name="testAbaNumberCheck_22360_bad" classname="com.cardatechnologies.utils.validators.abaroutevalidator.Test_AbaRouteValidator_10" time="0"/>
  <testcase name="testAbaNumberCheck_20989_good" classname="com.cardatechnologies.utils.validators.abaroutevalidator.Test_AbaRouteValidator_10" time="0"/>
  <testcase name="testAbaNumberCheck_22362_bad" classname="com.cardatechnologies.utils.validators.abaroutevalidator.Test_AbaRouteValidator_10" time="0"/>
  <testcase name="testAbaNumberCheck_21550_bad" classname="com.cardatechnologies.utils.validators.abaroutevalidator.Test_AbaRouteValidator_10" time="0"/>
  <testcase name="testAbaNumberCheck_22364_bad" classname="com.cardatechnologies.utils.validators.abaroutevalidator.Test_AbaRouteValidator_10" time="0"/>
  <testcase name="testAbaNumberCheck_21552_bad" classname="com.cardatechnologies.utils.validators.abaroutevalidator.Test_AbaRouteValidator_10" time="0"/>
  <testcase name="testAbaNumberCheck_22366_bad" classname="com.cardatechnologies.utils.validators.abaroutevalidator.Test_AbaRouteValidator_10" time="0"/>
  <testcase name="testAbaNumberCheck_20740_bad" classname="com.cardatechnologies.utils.validators.abaroutevalidator.Test_AbaRouteValidator_10" time="0"/>
  <testcase name="testAbaNumberCheck_21554_bad" classname="com.cardatechnologies.utils.validators.abaroutevalidator.Test_AbaRouteValidator_10" time="0"/>
  <testcase name="testAbaNumberCheck_22368_bad" classname="com.cardatechnologies.utils.validators.abaroutevalidator.Test_AbaRouteValidator_10" time="0"/>
  <testcase name="testAbaNumberCheck_20290_bad" classname="com.cardatechnologies.utils.validators.abaroutevalidator.Test_AbaRouteValidator_10" time="0"/>
  <testcase name="testAbaNumberCheck_20742_bad" classname="com.cardatechnologies.utils.validators.abaroutevalidator.Test_AbaRouteValidator_10" time="0"/>
  <testcase name="testAbaNumberCheck_21556_bad" classname="com.cardatechnologies.utils.validators.abaroutevalidator.Test_AbaRouteValidator_10" time="0.001"/>
  <testcase name="testAbaNumberCheck_20292_bad" classname="com.cardatechnologies.utils.validators.abaroutevalidator.Test_AbaRouteValidator_10" time="0"/>
  <testcase name="testAbaNumberCheck_20744_bad" classname="com.cardatechnologies.utils.validators.abaroutevalidator.Test_AbaRouteValidator_10" time="0"/>
  <testcase name="testAbaNumberCheck_21558_bad" classname="com.cardatechnologies.utils.validators.abaroutevalidator.Test_AbaRouteValidator_10" time="0"/>
  <testcase name="testAbaNumberCheck_20294_bad" classname="com.cardatechnologies.utils.validators.abaroutevalidator.Test_AbaRouteValidator_10" time="0"/>
  <testcase name="testAbaNumberCheck_20746_bad" classname="com.cardatechnologies.utils.validators.abaroutevalidator.Test_AbaRouteValidator_10" time="0"/>
  <testcase name="testAbaNumberCheck_20296_bad" classname="com.cardatechnologies.utils.validators.abaroutevalidator.Test_AbaRouteValidator_10" time="0"/>
  <testcase name="testAbaNumberCheck_20748_bad" classname="com.cardatechnologies.utils.validators.abaroutevalidator.Test_AbaRouteValidator_10" time="0"/>
  <testcase name="testAbaNumberCheck_20298_bad" classname="com.cardatechnologies.utils.validators.abaroutevalidator.Test_AbaRouteValidator_10" time="0"/>
  <testcase name="testAbaNumberCheck_22011_good" classname="com.cardatechnologies.utils.validators.abaroutevalidator.Test_AbaRouteValidator_10" time="0"/>
  <testcase name="testAbaNumberCheck_22370_bad" classname="com.cardatechnologies.utils.validators.abaroutevalidator.Test_AbaRouteValidator_10" time="0"/>
  <testcase name="testAbaNumberCheck_22372_bad" classname="com.cardatechnologies.utils.validators.abaroutevalidator.Test_AbaRouteValidator_10" time="0"/>
  <testcase name="testAbaNumberCheck_21560_bad" classname="com.cardatechnologies.utils.validators.abaroutevalidator.Test_AbaRouteValidator_10" time="0"/>
  <testcase name="testAbaNumberCheck_22374_bad" classname="com.cardatechnologies.utils.validators.abaroutevalidator.Test_AbaRouteValidator_10" time="0"/>
  <testcase name="testAbaNumberCheck_21562_bad" classname="com.cardatechnologies.utils.validators.abaroutevalidator.Test_AbaRouteValidator_10" time="0"/>
  <testcase name="testAbaNumberCheck_22376_bad" classname="com.cardatechnologies.utils.validators.abaroutevalidator.Test_AbaRouteValidator_10" time="0"/>
  <testcase name="testAbaNumberCheck_20750_bad" classname="com.cardatechnologies.utils.validators.abaroutevalidator.Test_AbaRouteValidator_10" time="0"/>
  <testcase name="testAbaNumberCheck_21564_bad" classname="com.cardatechnologies.utils.validators.abaroutevalidator.Test_AbaRouteValidator_10" time="0"/>
  <testcase name="testAbaNumberCheck_22378_bad" classname="com.cardatechnologies.utils.validators.abaroutevalidator.Test_AbaRouteValidator_10" time="0"/>
  <testcase name="testAbaNumberCheck_20752_bad" classname="com.cardatechnologies.utils.validators.abaroutevalidator.Test_AbaRouteValidator_10" time="0"/>
  <testcase name="testAbaNumberCheck_21566_bad" classname="com.cardatechnologies.utils.validators.abaroutevalidator.Test_AbaRouteValidator_10" time="0"/>
  <testcase name="testAbaNumberCheck_20754_bad" classname="com.cardatechnologies.utils.validators.abaroutevalidator.Test_AbaRouteValidator_10" time="0.001"/>
  <testcase name="testAbaNumberCheck_21568_bad" classname="com.cardatechnologies.utils.validators.abaroutevalidator.Test_AbaRouteValidator_10" time="0"/>
  <testcase name="testAbaNumberCheck_20756_bad" classname="com.cardatechnologies.utils.validators.abaroutevalidator.Test_AbaRouteValidator_10" time="0"/>
  <testcase name="testAbaNumberCheck_20758_bad" classname="com.cardatechnologies.utils.validators.abaroutevalidator.Test_AbaRouteValidator_10" time="0"/>
  <testcase name="testAbaNumberCheck_22380_bad" classname="com.cardatechnologies.utils.validators.abaroutevalidator.Test_AbaRouteValidator_10" time="0"/>
  <testcase name="testAbaNumberCheck_22382_bad" classname="com.cardatechnologies.utils.validators.abaroutevalidator.Test_AbaRouteValidator_10" time="0"/>
  <testcase name="testAbaNumberCheck_21570_bad" classname="com.cardatechnologies.utils.validators.abaroutevalidator.Test_AbaRouteValidator_10" time="0"/>
  <testcase name="testAbaNumberCheck_22384_bad" classname="com.cardatechnologies.utils.validators.abaroutevalidator.Test_AbaRouteValidator_10" time="0"/>
  <testcase name="testAbaNumberCheck_21572_bad" classname="com.cardatechnologies.utils.validators.abaroutevalidator.Test_AbaRouteValidator_10" time="0"/>
  <testcase name="testAbaNumberCheck_22386_bad" classname="com.cardatechnologies.utils.validators.abaroutevalidator.Test_AbaRouteValidator_10" time="0"/>
  <testcase name="testAbaNumberCheck_20760_bad" classname="com.cardatechnologies.utils.validators.abaroutevalidator.Test_AbaRouteValidator_10" time="0"/>
  <testcase name="testAbaNumberCheck_21574_bad" classname="com.cardatechnologies.utils.validators.abaroutevalidator.Test_AbaRouteValidator_10" time="0"/>
  <testcase name="testAbaNumberCheck_22388_bad" classname="com.cardatechnologies.utils.validators.abaroutevalidator.Test_AbaRouteValidator_10" time="0"/>
  <testcase name="testAbaNumberCheck_20762_bad" classname="com.cardatechnologies.utils.validators.abaroutevalidator.Test_AbaRouteValidator_10" time="0"/>
  <testcase name="testAbaNumberCheck_21576_bad" classname="com.cardatechnologies.utils.validators.abaroutevalidator.Test_AbaRouteValidator_10" time="0"/>
  <testcase name="testAbaNumberCheck_20764_bad" classname="com.cardatechnologies.utils.validators.abaroutevalidator.Test_AbaRouteValidator_10" time="0"/>
  <testcase name="testAbaNumberCheck_21578_bad" classname="com.cardatechnologies.utils.validators.abaroutevalidator.Test_AbaRouteValidator_10" time="0"/>
  <testcase name="testAbaNumberCheck_20766_bad" classname="com.cardatechnologies.utils.validators.abaroutevalidator.Test_AbaRouteValidator_10" time="0"/>
  <testcase name="testAbaNumberCheck_20768_bad" classname="com.cardatechnologies.utils.validators.abaroutevalidator.Test_AbaRouteValidator_10" time="0"/>
  <testcase name="testAbaNumberCheck_22301_good" classname="com.cardatechnologies.utils.validators.abaroutevalidator.Test_AbaRouteValidator_10" time="0"/>
  <testcase name="testAbaNumberCheck_22013_good" classname="com.cardatechnologies.utils.validators.abaroutevalidator.Test_AbaRouteValidator_10" time="0"/>
  <testcase name="testAbaNumberCheck_22390_bad" classname="com.cardatechnologies.utils.validators.abaroutevalidator.Test_AbaRouteValidator_10" time="0"/>
  <testcase name="testAbaNumberCheck_22392_bad" classname="com.cardatechnologies.utils.validators.abaroutevalidator.Test_AbaRouteValidator_10" time="0"/>
  <testcase name="testAbaNumberCheck_21580_bad" classname="com.cardatechnologies.utils.validators.abaroutevalidator.Test_AbaRouteValidator_10" time="0"/>
  <testcase name="testAbaNumberCheck_22394_bad" classname="com.cardatechnologies.utils.validators.abaroutevalidator.Test_AbaRouteValidator_10" time="0"/>
  <testcase name="testAbaNumberCheck_21582_bad" classname="com.cardatechnologies.utils.validators.abaroutevalidator.Test_AbaRouteValidator_10" time="0"/>
  <testcase name="testAbaNumberCheck_22396_bad" classname="com.cardatechnologies.utils.validators.abaroutevalidator.Test_AbaRouteValidator_10" time="0"/>
  <testcase name="testAbaNumberCheck_20770_bad" classname="com.cardatechnologies.utils.validators.abaroutevalidator.Test_AbaRouteValidator_10" time="0"/>
  <testcase name="testAbaNumberCheck_21584_bad" classname="com.cardatechnologies.utils.validators.abaroutevalidator.Test_AbaRouteValidator_10" time="0"/>
  <testcase name="testAbaNumberCheck_22398_bad" classname="com.cardatechnologies.utils.validators.abaroutevalidator.Test_AbaRouteValidator_10" time="0"/>
  <testcase name="testAbaNumberCheck_20772_bad" classname="com.cardatechnologies.utils.validators.abaroutevalidator.Test_AbaRouteValidator_10" time="0"/>
  <testcase name="testAbaNumberCheck_21586_bad" classname="com.cardatechnologies.utils.validators.abaroutevalidator.Test_AbaRouteValidator_10" time="0"/>
  <testcase name="testAbaNumberCheck_20774_bad" classname="com.cardatechnologies.utils.validators.abaroutevalidator.Test_AbaRouteValidator_10" time="0"/>
  <testcase name="testAbaNumberCheck_21588_bad" classname="com.cardatechnologies.utils.validators.abaroutevalidator.Test_AbaRouteValidator_10" time="0"/>
  <testcase name="testAbaNumberCheck_20776_bad" classname="com.cardatechnologies.utils.validators.abaroutevalidator.Test_AbaRouteValidator_10" time="0"/>
  <testcase name="testAbaNumberCheck_20778_bad" classname="com.cardatechnologies.utils.validators.abaroutevalidator.Test_AbaRouteValidator_10" time="0"/>
  <testcase name="testAbaNumberCheck_22221_good" classname="com.cardatechnologies.utils.validators.abaroutevalidator.Test_AbaRouteValidator_10" time="0"/>
  <testcase name="testAbaNumberCheck_21590_bad" classname="com.cardatechnologies.utils.validators.abaroutevalidator.Test_AbaRouteValidator_10" time="0"/>
  <testcase name="testAbaNumberCheck_21592_bad" classname="com.cardatechnologies.utils.validators.abaroutevalidator.Test_AbaRouteValidator_10" time="0"/>
  <testcase name="testAbaNumberCheck_20780_bad" classname="com.cardatechnologies.utils.validators.abaroutevalidator.Test_AbaRouteValidator_10" time="0"/>
  <testcase name="testAbaNumberCheck_21594_bad" classname="com.cardatechnologies.utils.validators.abaroutevalidator.Test_AbaRouteValidator_10" time="0"/>
  <testcase name="testAbaNumberCheck_20782_bad" classname="com.cardatechnologies.utils.validators.abaroutevalidator.Test_AbaRouteValidator_10" time="0"/>
  <testcase name="testAbaNumberCheck_21596_bad" classname="com.cardatechnologies.utils.validators.abaroutevalidator.Test_AbaRouteValidator_10" time="0"/>
  <testcase name="testAbaNumberCheck_20784_bad" classname="com.cardatechnologies.utils.validators.abaroutevalidator.Test_AbaRouteValidator_10" time="0.001"/>
  <testcase name="testAbaNumberCheck_21598_bad" classname="com.cardatechnologies.utils.validators.abaroutevalidator.Test_AbaRouteValidator_10" time="0"/>
  <testcase name="testAbaNumberCheck_20786_bad" classname="com.cardatechnologies.utils.validators.abaroutevalidator.Test_AbaRouteValidator_10" time="0"/>
  <testcase name="testAbaNumberCheck_20788_bad" classname="com.cardatechnologies.utils.validators.abaroutevalidator.Test_AbaRouteValidator_10" time="0"/>
  <testcase name="testAbaNumberCheck_22303_good" classname="com.cardatechnologies.utils.validators.abaroutevalidator.Test_AbaRouteValidator_10" time="0"/>
  <testcase name="testAbaNumberCheck_22141_good" classname="com.cardatechnologies.utils.validators.abaroutevalidator.Test_AbaRouteValidator_10" time="0"/>
  <testcase name="testAbaNumberCheck_21201_good" classname="com.cardatechnologies.utils.validators.abaroutevalidator.Test_AbaRouteValidator_10" time="0"/>
  <testcase name="testAbaNumberCheck_22015_good" classname="com.cardatechnologies.utils.validators.abaroutevalidator.Test_AbaRouteValidator_10" time="0"/>
  <testcase name="testAbaNumberCheck_20790_bad" classname="com.cardatechnologies.utils.validators.abaroutevalidator.Test_AbaRouteValidator_10" time="0"/>
  <testcase name="testAbaNumberCheck_20792_bad" classname="com.cardatechnologies.utils.validators.abaroutevalidator.Test_AbaRouteValidator_10" time="0"/>
  <testcase name="testAbaNumberCheck_20794_bad" classname="com.cardatechnologies.utils.validators.abaroutevalidator.Test_AbaRouteValidator_10" time="0"/>
  <testcase name="testAbaNumberCheck_20796_bad" classname="com.cardatechnologies.utils.validators.abaroutevalidator.Test_AbaRouteValidator_10" time="0"/>
  <testcase name="testAbaNumberCheck_20798_bad" classname="com.cardatechnologies.utils.validators.abaroutevalidator.Test_AbaRouteValidator_10" time="0"/>
  <testcase name="testAbaNumberCheck_22223_good" classname="com.cardatechnologies.utils.validators.abaroutevalidator.Test_AbaRouteValidator_10" time="0"/>
  <testcase name="testAbaNumberCheck_22061_good" classname="com.cardatechnologies.utils.validators.abaroutevalidator.Test_AbaRouteValidator_10" time="0"/>
  <testcase name="testAbaNumberCheck_21121_good" classname="com.cardatechnologies.utils.validators.abaroutevalidator.Test_AbaRouteValidator_10" time="0"/>
  <testcase name="testAbaNumberCheck_22431_good" classname="com.cardatechnologies.utils.validators.abaroutevalidator.Test_AbaRouteValidator_10" time="0"/>
  <testcase name="testAbaNumberCheck_22305_good" classname="com.cardatechnologies.utils.validators.abaroutevalidator.Test_AbaRouteValidator_10" time="0"/>
  <testcase name="testAbaNumberCheck_22143_good" classname="com.cardatechnologies.utils.validators.abaroutevalidator.Test_AbaRouteValidator_10" time="0"/>
  <testcase name="testAbaNumberCheck_21203_good" classname="com.cardatechnologies.utils.validators.abaroutevalidator.Test_AbaRouteValidator_10" time="0"/>
  <testcase name="testAbaNumberCheck_22017_good" classname="com.cardatechnologies.utils.validators.abaroutevalidator.Test_AbaRouteValidator_10" time="0"/>
  <testcase name="testAbaNumberCheck_21041_good" classname="com.cardatechnologies.utils.validators.abaroutevalidator.Test_AbaRouteValidator_10" time="0"/>
  <testcase name="testAbaNumberCheck_20101_good" classname="com.cardatechnologies.utils.validators.abaroutevalidator.Test_AbaRouteValidator_10" time="0"/>
  <testcase name="testAbaNumberCheck_22351_good" classname="com.cardatechnologies.utils.validators.abaroutevalidator.Test_AbaRouteValidator_10" time="0"/>
  <testcase name="testAbaNumberCheck_21411_good" classname="com.cardatechnologies.utils.validators.abaroutevalidator.Test_AbaRouteValidator_10" time="0"/>
  <testcase name="testAbaNumberCheck_22225_good" classname="com.cardatechnologies.utils.validators.abaroutevalidator.Test_AbaRouteValidator_10" time="0"/>
  <testcase name="testAbaNumberCheck_22063_good" classname="com.cardatechnologies.utils.validators.abaroutevalidator.Test_AbaRouteValidator_10" time="0"/>
  <testcase name="testAbaNumberCheck_21123_good" classname="com.cardatechnologies.utils.validators.abaroutevalidator.Test_AbaRouteValidator_10" time="0"/>
  <testcase name="testAbaNumberCheck_20021_good" classname="com.cardatechnologies.utils.validators.abaroutevalidator.Test_AbaRouteValidator_10" time="0"/>
  <testcase name="testAbaNumberCheck_22433_good" classname="com.cardatechnologies.utils.validators.abaroutevalidator.Test_AbaRouteValidator_10" time="0"/>
  <testcase name="testAbaNumberCheck_22307_good" classname="com.cardatechnologies.utils.validators.abaroutevalidator.Test_AbaRouteValidator_10" time="0"/>
  <testcase name="testAbaNumberCheck_22271_good" classname="com.cardatechnologies.utils.validators.abaroutevalidator.Test_AbaRouteValidator_10" time="0"/>
  <testcase name="testAbaNumberCheck_21331_good" classname="com.cardatechnologies.utils.validators.abaroutevalidator.Test_AbaRouteValidator_10" time="0"/>
  <testcase name="testAbaNumberCheck_22145_good" classname="com.cardatechnologies.utils.validators.abaroutevalidator.Test_AbaRouteValidator_10" time="0"/>
  <testcase name="testAbaNumberCheck_21205_good" classname="com.cardatechnologies.utils.validators.abaroutevalidator.Test_AbaRouteValidator_10" time="0"/>
  <testcase name="testAbaNumberCheck_22019_good" classname="com.cardatechnologies.utils.validators.abaroutevalidator.Test_AbaRouteValidator_10" time="0"/>
  <testcase name="testAbaNumberCheck_21043_good" classname="com.cardatechnologies.utils.validators.abaroutevalidator.Test_AbaRouteValidator_10" time="0"/>
  <testcase name="testAbaNumberCheck_20103_good" classname="com.cardatechnologies.utils.validators.abaroutevalidator.Test_AbaRouteValidator_10" time="0"/>
  <testcase name="testAbaNumberCheck_21701_good" classname="com.cardatechnologies.utils.validators.abaroutevalidator.Test_AbaRouteValidator_10" time="0"/>
  <testcase name="testAbaNumberCheck_22353_good" classname="com.cardatechnologies.utils.validators.abaroutevalidator.Test_AbaRouteValidator_10" time="0"/>
  <testcase name="testAbaNumberCheck_21413_good" classname="com.cardatechnologies.utils.validators.abaroutevalidator.Test_AbaRouteValidator_10" time="0"/>
  <testcase name="testAbaNumberCheck_22227_good" classname="com.cardatechnologies.utils.validators.abaroutevalidator.Test_AbaRouteValidator_10" time="0"/>
  <testcase name="testAbaNumberCheck_22191_good" classname="com.cardatechnologies.utils.validators.abaroutevalidator.Test_AbaRouteValidator_10" time="0"/>
  <testcase name="testAbaNumberCheck_21251_good" classname="com.cardatechnologies.utils.validators.abaroutevalidator.Test_AbaRouteValidator_10" time="0"/>
  <testcase name="testAbaNumberCheck_20311_good" classname="com.cardatechnologies.utils.validators.abaroutevalidator.Test_AbaRouteValidator_10" time="0"/>
  <testcase name="testAbaNumberCheck_22065_good" classname="com.cardatechnologies.utils.validators.abaroutevalidator.Test_AbaRouteValidator_10" time="0"/>
  <testcase name="testAbaNumberCheck_21125_good" classname="com.cardatechnologies.utils.validators.abaroutevalidator.Test_AbaRouteValidator_10" time="0"/>
  <testcase name="testAbaNumberCheck_20023_good" classname="com.cardatechnologies.utils.validators.abaroutevalidator.Test_AbaRouteValidator_10" time="0.001"/>
  <testcase name="testAbaNumberCheck_21621_good" classname="com.cardatechnologies.utils.validators.abaroutevalidator.Test_AbaRouteValidator_10" time="0"/>
  <testcase name="testAbaNumberCheck_22435_good" classname="com.cardatechnologies.utils.validators.abaroutevalidator.Test_AbaRouteValidator_10" time="0"/>
  <testcase name="testAbaNumberCheck_22309_good" classname="com.cardatechnologies.utils.validators.abaroutevalidator.Test_AbaRouteValidator_10" time="0"/>
  <testcase name="testAbaNumberCheck_22273_good" classname="com.cardatechnologies.utils.validators.abaroutevalidator.Test_AbaRouteValidator_10" time="0"/>
  <testcase name="testAbaNumberCheck_21333_good" classname="com.cardatechnologies.utils.validators.abaroutevalidator.Test_AbaRouteValidator_10" time="0"/>
  <testcase name="testAbaNumberCheck_22147_good" classname="com.cardatechnologies.utils.validators.abaroutevalidator.Test_AbaRouteValidator_10" time="0"/>
  <testcase name="testAbaNumberCheck_21207_good" classname="com.cardatechnologies.utils.validators.abaroutevalidator.Test_AbaRouteValidator_10" time="0"/>
  <testcase name="testAbaNumberCheck_21171_good" classname="com.cardatechnologies.utils.validators.abaroutevalidator.Test_AbaRouteValidator_10" time="0"/>
  <testcase name="testAbaNumberCheck_20231_good" classname="com.cardatechnologies.utils.validators.abaroutevalidator.Test_AbaRouteValidator_10" time="0"/>
  <testcase name="testAbaNumberCheck_21045_good" classname="com.cardatechnologies.utils.validators.abaroutevalidator.Test_AbaRouteValidator_10" time="0"/>
  <testcase name="testAbaNumberCheck_20105_good" classname="com.cardatechnologies.utils.validators.abaroutevalidator.Test_AbaRouteValidator_10" time="0"/>
  <testcase name="testAbaNumberCheck_21703_good" classname="com.cardatechnologies.utils.validators.abaroutevalidator.Test_AbaRouteValidator_10" time="0"/>
  <testcase name="testAbaNumberCheck_21541_good" classname="com.cardatechnologies.utils.validators.abaroutevalidator.Test_AbaRouteValidator_10" time="0"/>
  <testcase name="testAbaNumberCheck_20601_good" classname="com.cardatechnologies.utils.validators.abaroutevalidator.Test_AbaRouteValidator_10" time="0"/>
  <testcase name="testAbaNumberCheck_22355_good" classname="com.cardatechnologies.utils.validators.abaroutevalidator.Test_AbaRouteValidator_10" time="0"/>
  <testcase name="testAbaNumberCheck_21415_good" classname="com.cardatechnologies.utils.validators.abaroutevalidator.Test_AbaRouteValidator_10" time="0"/>
  <testcase name="testAbaNumberCheck_22229_good" classname="com.cardatechnologies.utils.validators.abaroutevalidator.Test_AbaRouteValidator_10" time="0"/>
  <testcase name="testAbaNumberCheck_22193_good" classname="com.cardatechnologies.utils.validators.abaroutevalidator.Test_AbaRouteValidator_10" time="0"/>
  <testcase name="testAbaNumberCheck_21253_good" classname="com.cardatechnologies.utils.validators.abaroutevalidator.Test_AbaRouteValidator_10" time="0"/>
  <testcase name="testAbaNumberCheck_20313_good" classname="com.cardatechnologies.utils.validators.abaroutevalidator.Test_AbaRouteValidator_10" time="0"/>
  <testcase name="testAbaNumberCheck_21911_good" classname="com.cardatechnologies.utils.validators.abaroutevalidator.Test_AbaRouteValidator_10" time="0"/>
  <testcase name="testAbaNumberCheck_22067_good" classname="com.cardatechnologies.utils.validators.abaroutevalidator.Test_AbaRouteValidator_10" time="0"/>
  <testcase name="testAbaNumberCheck_21127_good" classname="com.cardatechnologies.utils.validators.abaroutevalidator.Test_AbaRouteValidator_10" time="0"/>
  <testcase name="testAbaNumberCheck_21091_good" classname="com.cardatechnologies.utils.validators.abaroutevalidator.Test_AbaRouteValidator_10" time="0.001"/>
  <testcase name="testAbaNumberCheck_20151_good" classname="com.cardatechnologies.utils.validators.abaroutevalidator.Test_AbaRouteValidator_10" time="0"/>
  <testcase name="testAbaNumberCheck_20025_good" classname="com.cardatechnologies.utils.validators.abaroutevalidator.Test_AbaRouteValidator_10" time="0"/>
  <testcase name="testAbaNumberCheck_21623_good" classname="com.cardatechnologies.utils.validators.abaroutevalidator.Test_AbaRouteValidator_10" time="0"/>
  <testcase name="testAbaNumberCheck_22437_good" classname="com.cardatechnologies.utils.validators.abaroutevalidator.Test_AbaRouteValidator_10" time="0"/>
  <testcase name="testAbaNumberCheck_21461_good" classname="com.cardatechnologies.utils.validators.abaroutevalidator.Test_AbaRouteValidator_10" time="0"/>
  <testcase name="testAbaNumberCheck_20521_good" classname="com.cardatechnologies.utils.validators.abaroutevalidator.Test_AbaRouteValidator_10" time="0"/>
  <testcase name="testAbaNumberCheck_22275_good" classname="com.cardatechnologies.utils.validators.abaroutevalidator.Test_AbaRouteValidator_10" time="0"/>
  <testcase name="testAbaNumberCheck_21335_good" classname="com.cardatechnologies.utils.validators.abaroutevalidator.Test_AbaRouteValidator_10" time="0"/>
  <testcase name="testAbaNumberCheck_22149_good" classname="com.cardatechnologies.utils.validators.abaroutevalidator.Test_AbaRouteValidator_10" time="0"/>
  <testcase name="testAbaNumberCheck_21209_good" classname="com.cardatechnologies.utils.validators.abaroutevalidator.Test_AbaRouteValidator_10" time="0"/>
  <testcase name="testAbaNumberCheck_21173_good" classname="com.cardatechnologies.utils.validators.abaroutevalidator.Test_AbaRouteValidator_10" time="0"/>
  <testcase name="testAbaNumberCheck_20233_good" classname="com.cardatechnologies.utils.validators.abaroutevalidator.Test_AbaRouteValidator_10" time="0"/>
  <testcase name="testAbaNumberCheck_21831_good" classname="com.cardatechnologies.utils.validators.abaroutevalidator.Test_AbaRouteValidator_10" time="0"/>
  <testcase name="testAbaNumberCheck_21047_good" classname="com.cardatechnologies.utils.validators.abaroutevalidator.Test_AbaRouteValidator_10" time="0"/>
  <testcase name="testAbaNumberCheck_20107_good" classname="com.cardatechnologies.utils.validators.abaroutevalidator.Test_AbaRouteValidator_10" time="0"/>
  <testcase name="testAbaNumberCheck_21705_good" classname="com.cardatechnologies.utils.validators.abaroutevalidator.Test_AbaRouteValidator_10" time="0"/>
  <testcase name="testAbaNumberCheck_20071_good" classname="com.cardatechnologies.utils.validators.abaroutevalidator.Test_AbaRouteValidator_10" time="0"/>
  <testcase name="testAbaNumberCheck_21543_good" classname="com.cardatechnologies.utils.validators.abaroutevalidator.Test_AbaRouteValidator_10" time="0"/>
  <testcase name="testAbaNumberCheck_20603_good" classname="com.cardatechnologies.utils.validators.abaroutevalidator.Test_AbaRouteValidator_10" time="0"/>
  <testcase name="testAbaNumberCheck_22357_good" classname="com.cardatechnologies.utils.validators.abaroutevalidator.Test_AbaRouteValidator_10" time="0"/>
  <testcase name="testAbaNumberCheck_21417_good" classname="com.cardatechnologies.utils.validators.abaroutevalidator.Test_AbaRouteValidator_10" time="0"/>
  <testcase name="testAbaNumberCheck_21381_good" classname="com.cardatechnologies.utils.validators.abaroutevalidator.Test_AbaRouteValidator_10" time="0"/>
  <testcase name="testAbaNumberCheck_20441_good" classname="com.cardatechnologies.utils.validators.abaroutevalidator.Test_AbaRouteValidator_10" time="0"/>
  <testcase name="testAbaNumberCheck_22195_good" classname="com.cardatechnologies.utils.validators.abaroutevalidator.Test_AbaRouteValidator_10" time="0"/>
  <testcase name="testAbaNumberCheck_21255_good" classname="com.cardatechnologies.utils.validators.abaroutevalidator.Test_AbaRouteValidator_10" time="0"/>
  <testcase name="testAbaNumberCheck_20315_good" classname="com.cardatechnologies.utils.validators.abaroutevalidator.Test_AbaRouteValidator_10" time="0"/>
  <testcase name="testAbaNumberCheck_21913_good" classname="com.cardatechnologies.utils.validators.abaroutevalidator.Test_AbaRouteValidator_10" time="0"/>
  <testcase name="testAbaNumberCheck_22069_good" classname="com.cardatechnologies.utils.validators.abaroutevalidator.Test_AbaRouteValidator_10" time="0.001"/>
  <testcase name="testAbaNumberCheck_21129_good" classname="com.cardatechnologies.utils.validators.abaroutevalidator.Test_AbaRouteValidator_10" time="0"/>
  <testcase name="testAbaNumberCheck_21093_good" classname="com.cardatechnologies.utils.validators.abaroutevalidator.Test_AbaRouteValidator_10" time="0"/>
  <testcase name="testAbaNumberCheck_20153_good" classname="com.cardatechnologies.utils.validators.abaroutevalidator.Test_AbaRouteValidator_10" time="0"/>
  <testcase name="testAbaNumberCheck_21751_good" classname="com.cardatechnologies.utils.validators.abaroutevalidator.Test_AbaRouteValidator_10" time="0"/>
  <testcase name="testAbaNumberCheck_20811_good" classname="com.cardatechnologies.utils.validators.abaroutevalidator.Test_AbaRouteValidator_10" time="0"/>
  <testcase name="testAbaNumberCheck_20027_good" classname="com.cardatechnologies.utils.validators.abaroutevalidator.Test_AbaRouteValidator_10" time="0"/>
  <testcase name="testAbaNumberCheck_21625_good" classname="com.cardatechnologies.utils.validators.abaroutevalidator.Test_AbaRouteValidator_10" time="0"/>
  <testcase name="testAbaNumberCheck_22439_good" classname="com.cardatechnologies.utils.validators.abaroutevalidator.Test_AbaRouteValidator_10" time="0"/>
  <testcase name="testAbaNumberCheck_21463_good" classname="com.cardatechnologies.utils.validators.abaroutevalidator.Test_AbaRouteValidator_10" time="0"/>
  <testcase name="testAbaNumberCheck_20523_good" classname="com.cardatechnologies.utils.validators.abaroutevalidator.Test_AbaRouteValidator_10" time="0"/>
  <testcase name="testAbaNumberCheck_22277_good" classname="com.cardatechnologies.utils.validators.abaroutevalidator.Test_AbaRouteValidator_10" time="0"/>
  <testcase name="testAbaNumberCheck_21337_good" classname="com.cardatechnologies.utils.validators.abaroutevalidator.Test_AbaRouteValidator_10" time="0"/>
  <testcase name="testAbaNumberCheck_20361_good" classname="com.cardatechnologies.utils.validators.abaroutevalidator.Test_AbaRouteValidator_10" time="0"/>
  <testcase name="testAbaNumberCheck_21175_good" classname="com.cardatechnologies.utils.validators.abaroutevalidator.Test_AbaRouteValidator_10" time="0"/>
  <testcase name="testAbaNumberCheck_20235_good" classname="com.cardatechnologies.utils.validators.abaroutevalidator.Test_AbaRouteValidator_10" time="0"/>
  <testcase name="testAbaNumberCheck_21833_good" classname="com.cardatechnologies.utils.validators.abaroutevalidator.Test_AbaRouteValidator_10" time="0"/>
  <testcase name="testAbaNumberCheck_21049_good" classname="com.cardatechnologies.utils.validators.abaroutevalidator.Test_AbaRouteValidator_10" time="0"/>
  <testcase name="testAbaNumberCheck_20109_good" classname="com.cardatechnologies.utils.validators.abaroutevalidator.Test_AbaRouteValidator_10" time="0"/>
  <testcase name="testAbaNumberCheck_21707_good" classname="com.cardatechnologies.utils.validators.abaroutevalidator.Test_AbaRouteValidator_10" time="0"/>
  <testcase name="testAbaNumberCheck_20073_good" classname="com.cardatechnologies.utils.validators.abaroutevalidator.Test_AbaRouteValidator_10" time="0"/>
  <testcase name="testAbaNumberCheck_21671_good" classname="com.cardatechnologies.utils.validators.abaroutevalidator.Test_AbaRouteValidator_10" time="0"/>
  <testcase name="testAbaNumberCheck_20731_good" classname="com.cardatechnologies.utils.validators.abaroutevalidator.Test_AbaRouteValidator_10" time="0"/>
  <testcase name="testAbaNumberCheck_21545_good" classname="com.cardatechnologies.utils.validators.abaroutevalidator.Test_AbaRouteValidator_10" time="0"/>
  <testcase name="testAbaNumberCheck_20605_good" classname="com.cardatechnologies.utils.validators.abaroutevalidator.Test_AbaRouteValidator_10" time="0"/>
  <testcase name="testAbaNumberCheck_22359_good" classname="com.cardatechnologies.utils.validators.abaroutevalidator.Test_AbaRouteValidator_10" time="0"/>
  <testcase name="testAbaNumberCheck_21419_good" classname="com.cardatechnologies.utils.validators.abaroutevalidator.Test_AbaRouteValidator_10" time="0"/>
  <testcase name="testAbaNumberCheck_21383_good" classname="com.cardatechnologies.utils.validators.abaroutevalidator.Test_AbaRouteValidator_10" time="0"/>
  <testcase name="testAbaNumberCheck_20443_good" classname="com.cardatechnologies.utils.validators.abaroutevalidator.Test_AbaRouteValidator_10" time="0"/>
  <testcase name="testAbaNumberCheck_22197_good" classname="com.cardatechnologies.utils.validators.abaroutevalidator.Test_AbaRouteValidator_10" time="0"/>
  <testcase name="testAbaNumberCheck_21257_good" classname="com.cardatechnologies.utils.validators.abaroutevalidator.Test_AbaRouteValidator_10" time="0"/>
  <testcase name="testAbaNumberCheck_20317_good" classname="com.cardatechnologies.utils.validators.abaroutevalidator.Test_AbaRouteValidator_10" time="0"/>
  <testcase name="testAbaNumberCheck_21915_good" classname="com.cardatechnologies.utils.validators.abaroutevalidator.Test_AbaRouteValidator_10" time="0"/>
  <testcase name="testAbaNumberCheck_20281_good" classname="com.cardatechnologies.utils.validators.abaroutevalidator.Test_AbaRouteValidator_10" time="0"/>
  <testcase name="testAbaNumberCheck_21095_good" classname="com.cardatechnologies.utils.validators.abaroutevalidator.Test_AbaRouteValidator_10" time="0"/>
  <testcase name="testAbaNumberCheck_20155_good" classname="com.cardatechnologies.utils.validators.abaroutevalidator.Test_AbaRouteValidator_10" time="0"/>
  <testcase name="testAbaNumberCheck_21753_good" classname="com.cardatechnologies.utils.validators.abaroutevalidator.Test_AbaRouteValidator_10" time="0"/>
  <testcase name="testAbaNumberCheck_20813_good" classname="com.cardatechnologies.utils.validators.abaroutevalidator.Test_AbaRouteValidator_10" time="0"/>
  <testcase name="testAbaNumberCheck_20029_good" classname="com.cardatechnologies.utils.validators.abaroutevalidator.Test_AbaRouteValidator_10" time="0"/>
  <testcase name="testAbaNumberCheck_21627_good" classname="com.cardatechnologies.utils.validators.abaroutevalidator.Test_AbaRouteValidator_10" time="0"/>
  <testcase name="testAbaNumberCheck_21591_good" classname="com.cardatechnologies.utils.validators.abaroutevalidator.Test_AbaRouteValidator_10" time="0"/>
  <testcase name="testAbaNumberCheck_20651_good" classname="com.cardatechnologies.utils.validators.abaroutevalidator.Test_AbaRouteValidator_10" time="0"/>
  <testcase name="testAbaNumberCheck_21465_good" classname="com.cardatechnologies.utils.validators.abaroutevalidator.Test_AbaRouteValidator_10" time="0"/>
  <testcase name="testAbaNumberCheck_20525_good" classname="com.cardatechnologies.utils.validators.abaroutevalidator.Test_AbaRouteValidator_10" time="0"/>
  <testcase name="testAbaNumberCheck_22279_good" classname="com.cardatechnologies.utils.validators.abaroutevalidator.Test_AbaRouteValidator_10" time="0"/>
  <testcase name="testAbaNumberCheck_21339_good" classname="com.cardatechnologies.utils.validators.abaroutevalidator.Test_AbaRouteValidator_10" time="0"/>
  <testcase name="testAbaNumberCheck_20363_good" classname="com.cardatechnologies.utils.validators.abaroutevalidator.Test_AbaRouteValidator_10" time="0"/>
  <testcase name="testAbaNumberCheck_21961_good" classname="com.cardatechnologies.utils.validators.abaroutevalidator.Test_AbaRouteValidator_10" time="0"/>
  <testcase name="testAbaNumberCheck_21177_good" classname="com.cardatechnologies.utils.validators.abaroutevalidator.Test_AbaRouteValidator_10" time="0"/>
  <testcase name="testAbaNumberCheck_20237_good" classname="com.cardatechnologies.utils.validators.abaroutevalidator.Test_AbaRouteValidator_10" time="0"/>
  <testcase name="testAbaNumberCheck_21835_good" classname="com.cardatechnologies.utils.validators.abaroutevalidator.Test_AbaRouteValidator_10" time="0"/>
  <testcase name="testAbaNumberCheck_21709_good" classname="com.cardatechnologies.utils.validators.abaroutevalidator.Test_AbaRouteValidator_10" time="0"/>
  <testcase name="testAbaNumberCheck_20075_good" classname="com.cardatechnologies.utils.validators.abaroutevalidator.Test_AbaRouteValidator_10" time="0"/>
  <testcase name="testAbaNumberCheck_21673_good" classname="com.cardatechnologies.utils.validators.abaroutevalidator.Test_AbaRouteValidator_10" time="0"/>
  <testcase name="testAbaNumberCheck_20733_good" classname="com.cardatechnologies.utils.validators.abaroutevalidator.Test_AbaRouteValidator_10" time="0"/>
  <testcase name="testAbaNumberCheck_21547_good" classname="com.cardatechnologies.utils.validators.abaroutevalidator.Test_AbaRouteValidator_10" time="0"/>
  <testcase name="testAbaNumberCheck_20607_good" classname="com.cardatechnologies.utils.validators.abaroutevalidator.Test_AbaRouteValidator_10" time="0"/>
  <testcase name="testAbaNumberCheck_20571_good" classname="com.cardatechnologies.utils.validators.abaroutevalidator.Test_AbaRouteValidator_10" time="0"/>
  <testcase name="testAbaNumberCheck_21385_good" classname="com.cardatechnologies.utils.validators.abaroutevalidator.Test_AbaRouteValidator_10" time="0"/>
  <testcase name="testAbaNumberCheck_20445_good" classname="com.cardatechnologies.utils.validators.abaroutevalidator.Test_AbaRouteValidator_10" time="0"/>
  <testcase name="testAbaNumberCheck_22199_good" classname="com.cardatechnologies.utils.validators.abaroutevalidator.Test_AbaRouteValidator_10" time="0.001"/>
  <testcase name="testAbaNumberCheck_21259_good" classname="com.cardatechnologies.utils.validators.abaroutevalidator.Test_AbaRouteValidator_10" time="0"/>
  <testcase name="testAbaNumberCheck_20319_good" classname="com.cardatechnologies.utils.validators.abaroutevalidator.Test_AbaRouteValidator_10" time="0"/>
  <testcase name="testAbaNumberCheck_21917_good" classname="com.cardatechnologies.utils.validators.abaroutevalidator.Test_AbaRouteValidator_10" time="0"/>
  <testcase name="testAbaNumberCheck_20283_good" classname="com.cardatechnologies.utils.validators.abaroutevalidator.Test_AbaRouteValidator_10" time="0"/>
  <testcase name="testAbaNumberCheck_21881_good" classname="com.cardatechnologies.utils.validators.abaroutevalidator.Test_AbaRouteValidator_10" time="0"/>
  <testcase name="testAbaNumberCheck_20941_good" classname="com.cardatechnologies.utils.validators.abaroutevalidator.Test_AbaRouteValidator_10" time="0"/>
  <testcase name="testAbaNumberCheck_21097_good" classname="com.cardatechnologies.utils.validators.abaroutevalidator.Test_AbaRouteValidator_10" time="0"/>
  <testcase name="testAbaNumberCheck_20157_good" classname="com.cardatechnologies.utils.validators.abaroutevalidator.Test_AbaRouteValidator_10" time="0"/>
  <testcase name="testAbaNumberCheck_21755_good" classname="com.cardatechnologies.utils.validators.abaroutevalidator.Test_AbaRouteValidator_10" time="0"/>
  <testcase name="testAbaNumberCheck_20815_good" classname="com.cardatechnologies.utils.validators.abaroutevalidator.Test_AbaRouteValidator_10" time="0"/>
  <testcase name="testAbaNumberCheck_21629_good" classname="com.cardatechnologies.utils.validators.abaroutevalidator.Test_AbaRouteValidator_10" time="0"/>
  <testcase name="testAbaNumberCheck_21593_good" classname="com.cardatechnologies.utils.validators.abaroutevalidator.Test_AbaRouteValidator_10" time="0"/>
  <testcase name="testAbaNumberCheck_20653_good" classname="com.cardatechnologies.utils.validators.abaroutevalidator.Test_AbaRouteValidator_10" time="0"/>
  <testcase name="testAbaNumberCheck_21467_good" classname="com.cardatechnologies.utils.validators.abaroutevalidator.Test_AbaRouteValidator_10" time="0"/>
  <testcase name="testAbaNumberCheck_20527_good" classname="com.cardatechnologies.utils.validators.abaroutevalidator.Test_AbaRouteValidator_10" time="0"/>
  <testcase name="testAbaNumberCheck_20491_good" classname="com.cardatechnologies.utils.validators.abaroutevalidator.Test_AbaRouteValidator_10" time="0"/>
  <testcase name="testAbaNumberCheck_20365_good" classname="com.cardatechnologies.utils.validators.abaroutevalidator.Test_AbaRouteValidator_10" time="0"/>
  <testcase name="testAbaNumberCheck_21963_good" classname="com.cardatechnologies.utils.validators.abaroutevalidator.Test_AbaRouteValidator_10" time="0"/>
  <testcase name="testAbaNumberCheck_21179_good" classname="com.cardatechnologies.utils.validators.abaroutevalidator.Test_AbaRouteValidator_10" time="0"/>
  <testcase name="testAbaNumberCheck_20239_good" classname="com.cardatechnologies.utils.validators.abaroutevalidator.Test_AbaRouteValidator_10" time="0"/>
  <testcase name="testAbaNumberCheck_21837_good" classname="com.cardatechnologies.utils.validators.abaroutevalidator.Test_AbaRouteValidator_10" time="0"/>
  <testcase name="testAbaNumberCheck_20861_good" classname="com.cardatechnologies.utils.validators.abaroutevalidator.Test_AbaRouteValidator_10" time="0"/>
  <testcase name="testAbaNumberCheck_20077_good" classname="com.cardatechnologies.utils.validators.abaroutevalidator.Test_AbaRouteValidator_10" time="0"/>
  <testcase name="testAbaNumberCheck_21675_good" classname="com.cardatechnologies.utils.validators.abaroutevalidator.Test_AbaRouteValidator_10" time="0"/>
  <testcase name="testAbaNumberCheck_20735_good" classname="com.cardatechnologies.utils.validators.abaroutevalidator.Test_AbaRouteValidator_10" time="0"/>
  <testcase name="testAbaNumberCheck_21549_good" classname="com.cardatechnologies.utils.validators.abaroutevalidator.Test_AbaRouteValidator_10" time="0"/>
  <testcase name="testAbaNumberCheck_20609_good" classname="com.cardatechnologies.utils.validators.abaroutevalidator.Test_AbaRouteValidator_10" time="0"/>
  <testcase name="testAbaNumberCheck_20573_good" classname="com.cardatechnologies.utils.validators.abaroutevalidator.Test_AbaRouteValidator_10" time="0"/>
  <testcase name="testAbaNumberCheck_21387_good" classname="com.cardatechnologies.utils.validators.abaroutevalidator.Test_AbaRouteValidator_10" time="0.001"/>
  <testcase name="testAbaNumberCheck_20447_good" classname="com.cardatechnologies.utils.validators.abaroutevalidator.Test_AbaRouteValidator_10" time="0"/>
  <testcase name="testAbaNumberCheck_21919_good" classname="com.cardatechnologies.utils.validators.abaroutevalidator.Test_AbaRouteValidator_10" time="0"/>
  <testcase name="testAbaNumberCheck_20285_good" classname="com.cardatechnologies.utils.validators.abaroutevalidator.Test_AbaRouteValidator_10" time="0"/>
  <testcase name="testAbaNumberCheck_21883_good" classname="com.cardatechnologies.utils.validators.abaroutevalidator.Test_AbaRouteValidator_10" time="0"/>
  <testcase name="testAbaNumberCheck_20943_good" classname="com.cardatechnologies.utils.validators.abaroutevalidator.Test_AbaRouteValidator_10" time="0"/>
  <testcase name="testAbaNumberCheck_21099_good" classname="com.cardatechnologies.utils.validators.abaroutevalidator.Test_AbaRouteValidator_10" time="0"/>
  <testcase name="testAbaNumberCheck_20159_good" classname="com.cardatechnologies.utils.validators.abaroutevalidator.Test_AbaRouteValidator_10" time="0"/>
  <testcase name="testAbaNumberCheck_21757_good" classname="com.cardatechnologies.utils.validators.abaroutevalidator.Test_AbaRouteValidator_10" time="0"/>
  <testcase name="testAbaNumberCheck_20817_good" classname="com.cardatechnologies.utils.validators.abaroutevalidator.Test_AbaRouteValidator_10" time="0"/>
  <testcase name="testAbaNumberCheck_20781_good" classname="com.cardatechnologies.utils.validators.abaroutevalidator.Test_AbaRouteValidator_10" time="0"/>
  <testcase name="testAbaNumberCheck_21595_good" classname="com.cardatechnologies.utils.validators.abaroutevalidator.Test_AbaRouteValidator_10" time="0"/>
  <testcase name="testAbaNumberCheck_20655_good" classname="com.cardatechnologies.utils.validators.abaroutevalidator.Test_AbaRouteValidator_10" time="0"/>
  <testcase name="testAbaNumberCheck_21469_good" classname="com.cardatechnologies.utils.validators.abaroutevalidator.Test_AbaRouteValidator_10" time="0"/>
  <testcase name="testAbaNumberCheck_20529_good" classname="com.cardatechnologies.utils.validators.abaroutevalidator.Test_AbaRouteValidator_10" time="0"/>
  <testcase name="testAbaNumberCheck_20493_good" classname="com.cardatechnologies.utils.validators.abaroutevalidator.Test_AbaRouteValidator_10" time="0"/>
  <testcase name="testAbaNumberCheck_20367_good" classname="com.cardatechnologies.utils.validators.abaroutevalidator.Test_AbaRouteValidator_10" time="0"/>
  <testcase name="testAbaNumberCheck_21965_good" classname="com.cardatechnologies.utils.validators.abaroutevalidator.Test_AbaRouteValidator_10" time="0"/>
  <testcase name="testAbaNumberCheck_21839_good" classname="com.cardatechnologies.utils.validators.abaroutevalidator.Test_AbaRouteValidator_10" time="0"/>
  <testcase name="testAbaNumberCheck_21100_bad" classname="com.cardatechnologies.utils.validators.abaroutevalidator.Test_AbaRouteValidator_10" time="0"/>
  <testcase name="testAbaNumberCheck_20863_good" classname="com.cardatechnologies.utils.validators.abaroutevalidator.Test_AbaRouteValidator_10" time="0"/>
  <testcase name="testAbaNumberCheck_21102_bad" classname="com.cardatechnologies.utils.validators.abaroutevalidator.Test_AbaRouteValidator_10" time="0"/>
  <testcase name="testAbaNumberCheck_20079_good" classname="com.cardatechnologies.utils.validators.abaroutevalidator.Test_AbaRouteValidator_10" time="0"/>
  <testcase name="testAbaNumberCheck_21104_bad" classname="com.cardatechnologies.utils.validators.abaroutevalidator.Test_AbaRouteValidator_10" time="0"/>
  <testcase name="testAbaNumberCheck_21677_good" classname="com.cardatechnologies.utils.validators.abaroutevalidator.Test_AbaRouteValidator_10" time="0"/>
  <testcase name="testAbaNumberCheck_20737_good" classname="com.cardatechnologies.utils.validators.abaroutevalidator.Test_AbaRouteValidator_10" time="0"/>
  <testcase name="testAbaNumberCheck_21106_bad" classname="com.cardatechnologies.utils.validators.abaroutevalidator.Test_AbaRouteValidator_10" time="0"/>
  <testcase name="testAbaNumberCheck_21108_bad" classname="com.cardatechnologies.utils.validators.abaroutevalidator.Test_AbaRouteValidator_10" time="0"/>
  <testcase name="testAbaNumberCheck_20575_good" classname="com.cardatechnologies.utils.validators.abaroutevalidator.Test_AbaRouteValidator_10" time="0"/>
  <testcase name="testAbaNumberCheck_21389_good" classname="com.cardatechnologies.utils.validators.abaroutevalidator.Test_AbaRouteValidator_10" time="0.001"/>
  <testcase name="testAbaNumberCheck_20449_good" classname="com.cardatechnologies.utils.validators.abaroutevalidator.Test_AbaRouteValidator_10" time="0"/>
  <testcase name="testAbaNumberCheck_20287_good" classname="com.cardatechnologies.utils.validators.abaroutevalidator.Test_AbaRouteValidator_10" time="0"/>
  <testcase name="testAbaNumberCheck_21885_good" classname="com.cardatechnologies.utils.validators.abaroutevalidator.Test_AbaRouteValidator_10" time="0"/>
  <testcase name="testAbaNumberCheck_20945_good" classname="com.cardatechnologies.utils.validators.abaroutevalidator.Test_AbaRouteValidator_10" time="0"/>
  <testcase name="testAbaNumberCheck_21110_bad" classname="com.cardatechnologies.utils.validators.abaroutevalidator.Test_AbaRouteValidator_10" time="0"/>
  <testcase name="testAbaNumberCheck_21759_good" classname="com.cardatechnologies.utils.validators.abaroutevalidator.Test_AbaRouteValidator_10" time="0"/>
  <testcase name="testAbaNumberCheck_20819_good" classname="com.cardatechnologies.utils.validators.abaroutevalidator.Test_AbaRouteValidator_10" time="0"/>
  <testcase name="testAbaNumberCheck_21112_bad" classname="com.cardatechnologies.utils.validators.abaroutevalidator.Test_AbaRouteValidator_10" time="0"/>
  <testcase name="testAbaNumberCheck_20300_bad" classname="com.cardatechnologies.utils.validators.abaroutevalidator.Test_AbaRouteValidator_10" time="0"/>
  <testcase name="testAbaNumberCheck_21114_bad" classname="com.cardatechnologies.utils.validators.abaroutevalidator.Test_AbaRouteValidator_10" time="0"/>
  <testcase name="testAbaNumberCheck_20783_good" classname="com.cardatechnologies.utils.validators.abaroutevalidator.Test_AbaRouteValidator_10" time="0"/>
  <testcase name="testAbaNumberCheck_20302_bad" classname="com.cardatechnologies.utils.validators.abaroutevalidator.Test_AbaRouteValidator_10" time="0"/>
  <testcase name="testAbaNumberCheck_21116_bad" classname="com.cardatechnologies.utils.validators.abaroutevalidator.Test_AbaRouteValidator_10" time="0"/>
  <testcase name="testAbaNumberCheck_20304_bad" classname="com.cardatechnologies.utils.validators.abaroutevalidator.Test_AbaRouteValidator_10" time="0"/>
  <testcase name="testAbaNumberCheck_21118_bad" classname="com.cardatechnologies.utils.validators.abaroutevalidator.Test_AbaRouteValidator_10" time="0"/>
  <testcase name="testAbaNumberCheck_21597_good" classname="com.cardatechnologies.utils.validators.abaroutevalidator.Test_AbaRouteValidator_10" time="0"/>
  <testcase name="testAbaNumberCheck_20657_good" classname="com.cardatechnologies.utils.validators.abaroutevalidator.Test_AbaRouteValidator_10" time="0"/>
  <testcase name="testAbaNumberCheck_20306_bad" classname="com.cardatechnologies.utils.validators.abaroutevalidator.Test_AbaRouteValidator_10" time="0"/>
  <testcase name="testAbaNumberCheck_20308_bad" classname="com.cardatechnologies.utils.validators.abaroutevalidator.Test_AbaRouteValidator_10" time="0"/>
  <testcase name="testAbaNumberCheck_20495_good" classname="com.cardatechnologies.utils.validators.abaroutevalidator.Test_AbaRouteValidator_10" time="0"/>
  <testcase name="testAbaNumberCheck_20369_good" classname="com.cardatechnologies.utils.validators.abaroutevalidator.Test_AbaRouteValidator_10" time="0"/>
  <testcase name="testAbaNumberCheck_21967_good" classname="com.cardatechnologies.utils.validators.abaroutevalidator.Test_AbaRouteValidator_10" time="0"/>
  <testcase name="testAbaNumberCheck_20991_good" classname="com.cardatechnologies.utils.validators.abaroutevalidator.Test_AbaRouteValidator_10" time="0"/>
  <testcase name="testAbaNumberCheck_21120_bad" classname="com.cardatechnologies.utils.validators.abaroutevalidator.Test_AbaRouteValidator_10" time="0"/>
  <testcase name="testAbaNumberCheck_20865_good" classname="com.cardatechnologies.utils.validators.abaroutevalidator.Test_AbaRouteValidator_10" time="0"/>
  <testcase name="testAbaNumberCheck_21122_bad" classname="com.cardatechnologies.utils.validators.abaroutevalidator.Test_AbaRouteValidator_10" time="0"/>
  <testcase name="testAbaNumberCheck_20310_bad" classname="com.cardatechnologies.utils.validators.abaroutevalidator.Test_AbaRouteValidator_10" time="0.001"/>
  <testcase name="testAbaNumberCheck_21124_bad" classname="com.cardatechnologies.utils.validators.abaroutevalidator.Test_AbaRouteValidator_10" time="0"/>
  <testcase name="testAbaNumberCheck_21679_good" classname="com.cardatechnologies.utils.validators.abaroutevalidator.Test_AbaRouteValidator_10" time="0"/>
  <testcase name="testAbaNumberCheck_20739_good" classname="com.cardatechnologies.utils.validators.abaroutevalidator.Test_AbaRouteValidator_10" time="0"/>
  <testcase name="testAbaNumberCheck_20312_bad" classname="com.cardatechnologies.utils.validators.abaroutevalidator.Test_AbaRouteValidator_10" time="0"/>
  <testcase name="testAbaNumberCheck_21126_bad" classname="com.cardatechnologies.utils.validators.abaroutevalidator.Test_AbaRouteValidator_10" time="0"/>
  <testcase name="testAbaNumberCheck_20314_bad" classname="com.cardatechnologies.utils.validators.abaroutevalidator.Test_AbaRouteValidator_10" time="0"/>
  <testcase name="testAbaNumberCheck_21128_bad" classname="com.cardatechnologies.utils.validators.abaroutevalidator.Test_AbaRouteValidator_10" time="0"/>
  <testcase name="testAbaNumberCheck_20316_bad" classname="com.cardatechnologies.utils.validators.abaroutevalidator.Test_AbaRouteValidator_10" time="0"/>
  <testcase name="testAbaNumberCheck_20318_bad" classname="com.cardatechnologies.utils.validators.abaroutevalidator.Test_AbaRouteValidator_10" time="0"/>
  <testcase name="testAbaNumberCheck_20577_good" classname="com.cardatechnologies.utils.validators.abaroutevalidator.Test_AbaRouteValidator_10" time="0"/>
  <testcase name="testAbaNumberCheck_20289_good" classname="com.cardatechnologies.utils.validators.abaroutevalidator.Test_AbaRouteValidator_10" time="0"/>
  <testcase name="testAbaNumberCheck_21887_good" classname="com.cardatechnologies.utils.validators.abaroutevalidator.Test_AbaRouteValidator_10" time="0"/>
  <testcase name="testAbaNumberCheck_20947_good" classname="com.cardatechnologies.utils.validators.abaroutevalidator.Test_AbaRouteValidator_10" time="0"/>
  <testcase name="testAbaNumberCheck_21130_bad" classname="com.cardatechnologies.utils.validators.abaroutevalidator.Test_AbaRouteValidator_10" time="0"/>
  <testcase name="testAbaNumberCheck_21132_bad" classname="com.cardatechnologies.utils.validators.abaroutevalidator.Test_AbaRouteValidator_10" time="0"/>
  <testcase name="testAbaNumberCheck_20320_bad" classname="com.cardatechnologies.utils.validators.abaroutevalidator.Test_AbaRouteValidator_10" time="0"/>
  <testcase name="testAbaNumberCheck_21134_bad" classname="com.cardatechnologies.utils.validators.abaroutevalidator.Test_AbaRouteValidator_10" time="0"/>
  <testcase name="testAbaNumberCheck_20785_good" classname="com.cardatechnologies.utils.validators.abaroutevalidator.Test_AbaRouteValidator_10" time="0"/>
  <testcase name="testAbaNumberCheck_20322_bad" classname="com.cardatechnologies.utils.validators.abaroutevalidator.Test_AbaRouteValidator_10" time="0"/>
  <testcase name="testAbaNumberCheck_21136_bad" classname="com.cardatechnologies.utils.validators.abaroutevalidator.Test_AbaRouteValidator_10" time="0"/>
  <testcase name="testAbaNumberCheck_20324_bad" classname="com.cardatechnologies.utils.validators.abaroutevalidator.Test_AbaRouteValidator_10" time="0"/>
  <testcase name="testAbaNumberCheck_21138_bad" classname="com.cardatechnologies.utils.validators.abaroutevalidator.Test_AbaRouteValidator_10" time="0"/>
  <testcase name="testAbaNumberCheck_21599_good" classname="com.cardatechnologies.utils.validators.abaroutevalidator.Test_AbaRouteValidator_10" time="0"/>
  <testcase name="testAbaNumberCheck_20659_good" classname="com.cardatechnologies.utils.validators.abaroutevalidator.Test_AbaRouteValidator_10" time="0"/>
  <testcase name="testAbaNumberCheck_20326_bad" classname="com.cardatechnologies.utils.validators.abaroutevalidator.Test_AbaRouteValidator_10" time="0"/>
  <testcase name="testAbaNumberCheck_20328_bad" classname="com.cardatechnologies.utils.validators.abaroutevalidator.Test_AbaRouteValidator_10" time="0.001"/>
  <testcase name="testAbaNumberCheck_20497_good" classname="com.cardatechnologies.utils.validators.abaroutevalidator.Test_AbaRouteValidator_10" time="0"/>
  <testcase name="testAbaNumberCheck_21969_good" classname="com.cardatechnologies.utils.validators.abaroutevalidator.Test_AbaRouteValidator_10" time="0"/>
  <testcase name="testAbaNumberCheck_22400_bad" classname="com.cardatechnologies.utils.validators.abaroutevalidator.Test_AbaRouteValidator_10" time="0"/>
  <testcase name="testAbaNumberCheck_20993_good" classname="com.cardatechnologies.utils.validators.abaroutevalidator.Test_AbaRouteValidator_10" time="0"/>
  <testcase name="testAbaNumberCheck_22402_bad" classname="com.cardatechnologies.utils.validators.abaroutevalidator.Test_AbaRouteValidator_10" time="0"/>
  <testcase name="testAbaNumberCheck_22404_bad" classname="com.cardatechnologies.utils.validators.abaroutevalidator.Test_AbaRouteValidator_10" time="0"/>
  <testcase name="testAbaNumberCheck_21140_bad" classname="com.cardatechnologies.utils.validators.abaroutevalidator.Test_AbaRouteValidator_10" time="0"/>
  <testcase name="testAbaNumberCheck_20867_good" classname="com.cardatechnologies.utils.validators.abaroutevalidator.Test_AbaRouteValidator_10" time="0"/>
  <testcase name="testAbaNumberCheck_22406_bad" classname="com.cardatechnologies.utils.validators.abaroutevalidator.Test_AbaRouteValidator_10" time="0"/>
  <testcase name="testAbaNumberCheck_21142_bad" classname="com.cardatechnologies.utils.validators.abaroutevalidator.Test_AbaRouteValidator_10" time="0"/>
  <testcase name="testAbaNumberCheck_22408_bad" classname="com.cardatechnologies.utils.validators.abaroutevalidator.Test_AbaRouteValidator_10" time="0"/>
  <testcase name="testAbaNumberCheck_20330_bad" classname="com.cardatechnologies.utils.validators.abaroutevalidator.Test_AbaRouteValidator_10" time="0"/>
  <testcase name="testAbaNumberCheck_21144_bad" classname="com.cardatechnologies.utils.validators.abaroutevalidator.Test_AbaRouteValidator_10" time="0"/>
  <testcase name="testAbaNumberCheck_20332_bad" classname="com.cardatechnologies.utils.validators.abaroutevalidator.Test_AbaRouteValidator_10" time="0"/>
  <testcase name="testAbaNumberCheck_21146_bad" classname="com.cardatechnologies.utils.validators.abaroutevalidator.Test_AbaRouteValidator_10" time="0"/>
  <testcase name="testAbaNumberCheck_20334_bad" classname="com.cardatechnologies.utils.validators.abaroutevalidator.Test_AbaRouteValidator_10" time="0"/>
  <testcase name="testAbaNumberCheck_21148_bad" classname="com.cardatechnologies.utils.validators.abaroutevalidator.Test_AbaRouteValidator_10" time="0"/>
  <testcase name="testAbaNumberCheck_20336_bad" classname="com.cardatechnologies.utils.validators.abaroutevalidator.Test_AbaRouteValidator_10" time="0"/>
  <testcase name="testAbaNumberCheck_20338_bad" classname="com.cardatechnologies.utils.validators.abaroutevalidator.Test_AbaRouteValidator_10" time="0"/>
  <testcase name="testAbaNumberCheck_20579_good" classname="com.cardatechnologies.utils.validators.abaroutevalidator.Test_AbaRouteValidator_10" time="0"/>
  <testcase name="testAbaNumberCheck_22410_bad" classname="com.cardatechnologies.utils.validators.abaroutevalidator.Test_AbaRouteValidator_10" time="0"/>
  <testcase name="testAbaNumberCheck_21889_good" classname="com.cardatechnologies.utils.validators.abaroutevalidator.Test_AbaRouteValidator_10" time="0"/>
  <testcase name="testAbaNumberCheck_20949_good" classname="com.cardatechnologies.utils.validators.abaroutevalidator.Test_AbaRouteValidator_10" time="0"/>
  <testcase name="testAbaNumberCheck_22412_bad" classname="com.cardatechnologies.utils.validators.abaroutevalidator.Test_AbaRouteValidator_10" time="0"/>
  <testcase name="testAbaNumberCheck_21600_bad" classname="com.cardatechnologies.utils.validators.abaroutevalidator.Test_AbaRouteValidator_10" time="0"/>
  <testcase name="testAbaNumberCheck_22414_bad" classname="com.cardatechnologies.utils.validators.abaroutevalidator.Test_AbaRouteValidator_10" time="0.001"/>
  <testcase name="testAbaNumberCheck_21150_bad" classname="com.cardatechnologies.utils.validators.abaroutevalidator.Test_AbaRouteValidator_10" time="0"/>
  <testcase name="testAbaNumberCheck_21602_bad" classname="com.cardatechnologies.utils.validators.abaroutevalidator.Test_AbaRouteValidator_10" time="0"/>
  <testcase name="testAbaNumberCheck_22416_bad" classname="com.cardatechnologies.utils.validators.abaroutevalidator.Test_AbaRouteValidator_10" time="0"/>
  <testcase name="testAbaNumberCheck_21152_bad" classname="com.cardatechnologies.utils.validators.abaroutevalidator.Test_AbaRouteValidator_10" time="0"/>
  <testcase name="testAbaNumberCheck_21604_bad" classname="com.cardatechnologies.utils.validators.abaroutevalidator.Test_AbaRouteValidator_10" time="0"/>
  <testcase name="testAbaNumberCheck_22418_bad" classname="com.cardatechnologies.utils.validators.abaroutevalidator.Test_AbaRouteValidator_10" time="0"/>
  <testcase name="testAbaNumberCheck_20340_bad" classname="com.cardatechnologies.utils.validators.abaroutevalidator.Test_AbaRouteValidator_10" time="0"/>
  <testcase name="testAbaNumberCheck_21154_bad" classname="com.cardatechnologies.utils.validators.abaroutevalidator.Test_AbaRouteValidator_10" time="0"/>
  <testcase name="testAbaNumberCheck_20787_good" classname="com.cardatechnologies.utils.validators.abaroutevalidator.Test_AbaRouteValidator_10" time="0"/>
  <testcase name="testAbaNumberCheck_21606_bad" classname="com.cardatechnologies.utils.validators.abaroutevalidator.Test_AbaRouteValidator_10" time="0"/>
  <testcase name="testAbaNumberCheck_20342_bad" classname="com.cardatechnologies.utils.validators.abaroutevalidator.Test_AbaRouteValidator_10" time="0"/>
  <testcase name="testAbaNumberCheck_21156_bad" classname="com.cardatechnologies.utils.validators.abaroutevalidator.Test_AbaRouteValidator_10" time="0"/>
  <testcase name="testAbaNumberCheck_21608_bad" classname="com.cardatechnologies.utils.validators.abaroutevalidator.Test_AbaRouteValidator_10" time="0"/>
  <testcase name="testAbaNumberCheck_20344_bad" classname="com.cardatechnologies.utils.validators.abaroutevalidator.Test_AbaRouteValidator_10" time="0"/>
  <testcase name="testAbaNumberCheck_21158_bad" classname="com.cardatechnologies.utils.validators.abaroutevalidator.Test_AbaRouteValidator_10" time="0"/>
  <testcase name="testAbaNumberCheck_20346_bad" classname="com.cardatechnologies.utils.validators.abaroutevalidator.Test_AbaRouteValidator_10" time="0"/>
  <testcase name="testAbaNumberCheck_20348_bad" classname="com.cardatechnologies.utils.validators.abaroutevalidator.Test_AbaRouteValidator_10" time="0"/>
  <testcase name="testAbaNumberCheck_20499_good" classname="com.cardatechnologies.utils.validators.abaroutevalidator.Test_AbaRouteValidator_10" time="0"/>
  <testcase name="testAbaNumberCheck_22420_bad" classname="com.cardatechnologies.utils.validators.abaroutevalidator.Test_AbaRouteValidator_10" time="0"/>
  <testcase name="testAbaNumberCheck_20995_good" classname="com.cardatechnologies.utils.validators.abaroutevalidator.Test_AbaRouteValidator_10" time="0"/>
  <testcase name="testAbaNumberCheck_22422_bad" classname="com.cardatechnologies.utils.validators.abaroutevalidator.Test_AbaRouteValidator_10" time="0"/>
  <testcase name="testAbaNumberCheck_21610_bad" classname="com.cardatechnologies.utils.validators.abaroutevalidator.Test_AbaRouteValidator_10" time="0"/>
  <testcase name="testAbaNumberCheck_22424_bad" classname="com.cardatechnologies.utils.validators.abaroutevalidator.Test_AbaRouteValidator_10" time="0"/>
  <testcase name="testAbaNumberCheck_21160_bad" classname="com.cardatechnologies.utils.validators.abaroutevalidator.Test_AbaRouteValidator_10" time="0"/>
  <testcase name="testAbaNumberCheck_20869_good" classname="com.cardatechnologies.utils.validators.abaroutevalidator.Test_AbaRouteValidator_10" time="0"/>
  <testcase name="testAbaNumberCheck_21612_bad" classname="com.cardatechnologies.utils.validators.abaroutevalidator.Test_AbaRouteValidator_10" time="0"/>
  <testcase name="testAbaNumberCheck_22426_bad" classname="com.cardatechnologies.utils.validators.abaroutevalidator.Test_AbaRouteValidator_10" time="0"/>
  <testcase name="testAbaNumberCheck_21162_bad" classname="com.cardatechnologies.utils.validators.abaroutevalidator.Test_AbaRouteValidator_10" time="0.001"/>
  <testcase name="testAbaNumberCheck_20800_bad" classname="com.cardatechnologies.utils.validators.abaroutevalidator.Test_AbaRouteValidator_10" time="0"/>
  <testcase name="testAbaNumberCheck_21614_bad" classname="com.cardatechnologies.utils.validators.abaroutevalidator.Test_AbaRouteValidator_10" time="0"/>
  <testcase name="testAbaNumberCheck_22428_bad" classname="com.cardatechnologies.utils.validators.abaroutevalidator.Test_AbaRouteValidator_10" time="0"/>
  <testcase name="testAbaNumberCheck_20350_bad" classname="com.cardatechnologies.utils.validators.abaroutevalidator.Test_AbaRouteValidator_10" time="0"/>
  <testcase name="testAbaNumberCheck_21164_bad" classname="com.cardatechnologies.utils.validators.abaroutevalidator.Test_AbaRouteValidator_10" time="0"/>
  <testcase name="testAbaNumberCheck_20802_bad" classname="com.cardatechnologies.utils.validators.abaroutevalidator.Test_AbaRouteValidator_10" time="0"/>
  <testcase name="testAbaNumberCheck_21616_bad" classname="com.cardatechnologies.utils.validators.abaroutevalidator.Test_AbaRouteValidator_10" time="0"/>
  <testcase name="testAbaNumberCheck_20352_bad" classname="com.cardatechnologies.utils.validators.abaroutevalidator.Test_AbaRouteValidator_10" time="0"/>
  <testcase name="testAbaNumberCheck_21166_bad" classname="com.cardatechnologies.utils.validators.abaroutevalidator.Test_AbaRouteValidator_10" time="0"/>
  <testcase name="testAbaNumberCheck_20804_bad" classname="com.cardatechnologies.utils.validators.abaroutevalidator.Test_AbaRouteValidator_10" time="0"/>
  <testcase name="testAbaNumberCheck_21618_bad" classname="com.cardatechnologies.utils.validators.abaroutevalidator.Test_AbaRouteValidator_10" time="0"/>
  <testcase name="testAbaNumberCheck_20354_bad" classname="com.cardatechnologies.utils.validators.abaroutevalidator.Test_AbaRouteValidator_10" time="0"/>
  <testcase name="testAbaNumberCheck_21168_bad" classname="com.cardatechnologies.utils.validators.abaroutevalidator.Test_AbaRouteValidator_10" time="0"/>
  <testcase name="testAbaNumberCheck_20806_bad" classname="com.cardatechnologies.utils.validators.abaroutevalidator.Test_AbaRouteValidator_10" time="0"/>
  <testcase name="testAbaNumberCheck_20356_bad" classname="com.cardatechnologies.utils.validators.abaroutevalidator.Test_AbaRouteValidator_10" time="0"/>
  <testcase name="testAbaNumberCheck_20808_bad" classname="com.cardatechnologies.utils.validators.abaroutevalidator.Test_AbaRouteValidator_10" time="0"/>
  <testcase name="testAbaNumberCheck_20358_bad" classname="com.cardatechnologies.utils.validators.abaroutevalidator.Test_AbaRouteValidator_10" time="0"/>
  <testcase name="testAbaNumberCheck_22430_bad" classname="com.cardatechnologies.utils.validators.abaroutevalidator.Test_AbaRouteValidator_10" time="0"/>
  <testcase name="testAbaNumberCheck_22432_bad" classname="com.cardatechnologies.utils.validators.abaroutevalidator.Test_AbaRouteValidator_10" time="0"/>
  <testcase name="testAbaNumberCheck_21620_bad" classname="com.cardatechnologies.utils.validators.abaroutevalidator.Test_AbaRouteValidator_10" time="0"/>
  <testcase name="testAbaNumberCheck_22434_bad" classname="com.cardatechnologies.utils.validators.abaroutevalidator.Test_AbaRouteValidator_10" time="0"/>
  <testcase name="testAbaNumberCheck_21170_bad" classname="com.cardatechnologies.utils.validators.abaroutevalidator.Test_AbaRouteValidator_10" time="0"/>
  <testcase name="testAbaNumberCheck_21622_bad" classname="com.cardatechnologies.utils.validators.abaroutevalidator.Test_AbaRouteValidator_10" time="0"/>
  <testcase name="testAbaNumberCheck_22436_bad" classname="com.cardatechnologies.utils.validators.abaroutevalidator.Test_AbaRouteValidator_10" time="0"/>
  <testcase name="testAbaNumberCheck_21172_bad" classname="com.cardatechnologies.utils.validators.abaroutevalidator.Test_AbaRouteValidator_10" time="0"/>
  <testcase name="testAbaNumberCheck_20810_bad" classname="com.cardatechnologies.utils.validators.abaroutevalidator.Test_AbaRouteValidator_10" time="0"/>
  <testcase name="testAbaNumberCheck_21624_bad" classname="com.cardatechnologies.utils.validators.abaroutevalidator.Test_AbaRouteValidator_10" time="0.001"/>
  <testcase name="testAbaNumberCheck_22438_bad" classname="com.cardatechnologies.utils.validators.abaroutevalidator.Test_AbaRouteValidator_10" time="0"/>
  <testcase name="testAbaNumberCheck_20360_bad" classname="com.cardatechnologies.utils.validators.abaroutevalidator.Test_AbaRouteValidator_10" time="0"/>
  <testcase name="testAbaNumberCheck_21174_bad" classname="com.cardatechnologies.utils.validators.abaroutevalidator.Test_AbaRouteValidator_10" time="0"/>
  <testcase name="testAbaNumberCheck_20789_good" classname="com.cardatechnologies.utils.validators.abaroutevalidator.Test_AbaRouteValidator_10" time="0"/>
  <testcase name="testAbaNumberCheck_20812_bad" classname="com.cardatechnologies.utils.validators.abaroutevalidator.Test_AbaRouteValidator_10" time="0"/>
  <testcase name="testAbaNumberCheck_21626_bad" classname="com.cardatechnologies.utils.validators.abaroutevalidator.Test_AbaRouteValidator_10" time="0"/>
  <testcase name="testAbaNumberCheck_20362_bad" classname="com.cardatechnologies.utils.validators.abaroutevalidator.Test_AbaRouteValidator_10" time="0"/>
  <testcase name="testAbaNumberCheck_21176_bad" classname="com.cardatechnologies.utils.validators.abaroutevalidator.Test_AbaRouteValidator_10" time="0"/>
  <testcase name="testAbaNumberCheck_20814_bad" classname="com.cardatechnologies.utils.validators.abaroutevalidator.Test_AbaRouteValidator_10" time="0"/>
  <testcase name="testAbaNumberCheck_21628_bad" classname="com.cardatechnologies.utils.validators.abaroutevalidator.Test_AbaRouteValidator_10" time="0"/>
  <testcase name="testAbaNumberCheck_20364_bad" classname="com.cardatechnologies.utils.validators.abaroutevalidator.Test_AbaRouteValidator_10" time="0"/>
  <testcase name="testAbaNumberCheck_21178_bad" classname="com.cardatechnologies.utils.validators.abaroutevalidator.Test_AbaRouteValidator_10" time="0"/>
  <testcase name="testAbaNumberCheck_20816_bad" classname="com.cardatechnologies.utils.validators.abaroutevalidator.Test_AbaRouteValidator_10" time="0"/>
  <testcase name="testAbaNumberCheck_20366_bad" classname="com.cardatechnologies.utils.validators.abaroutevalidator.Test_AbaRouteValidator_10" time="0"/>
  <testcase name="testAbaNumberCheck_20818_bad" classname="com.cardatechnologies.utils.validators.abaroutevalidator.Test_AbaRouteValidator_10" time="0"/>
  <testcase name="testAbaNumberCheck_20368_bad" classname="com.cardatechnologies.utils.validators.abaroutevalidator.Test_AbaRouteValidator_10" time="0"/>
  <testcase name="testAbaNumberCheck_22440_bad" classname="com.cardatechnologies.utils.validators.abaroutevalidator.Test_AbaRouteValidator_10" time="0"/>
  <testcase name="testAbaNumberCheck_20997_good" classname="com.cardatechnologies.utils.validators.abaroutevalidator.Test_AbaRouteValidator_10" time="0"/>
  <testcase name="testAbaNumberCheck_22442_bad" classname="com.cardatechnologies.utils.validators.abaroutevalidator.Test_AbaRouteValidator_10" time="0"/>
  <testcase name="testAbaNumberCheck_21630_bad" classname="com.cardatechnologies.utils.validators.abaroutevalidator.Test_AbaRouteValidator_10" time="0"/>
  <testcase name="testAbaNumberCheck_22444_bad" classname="com.cardatechnologies.utils.validators.abaroutevalidator.Test_AbaRouteValidator_10" time="0"/>
  <testcase name="testAbaNumberCheck_21180_bad" classname="com.cardatechnologies.utils.validators.abaroutevalidator.Test_AbaRouteValidator_10" time="0"/>
  <testcase name="testAbaNumberCheck_21632_bad" classname="com.cardatechnologies.utils.validators.abaroutevalidator.Test_AbaRouteValidator_10" time="0"/>
  <testcase name="testAbaNumberCheck_22446_bad" classname="com.cardatechnologies.utils.validators.abaroutevalidator.Test_AbaRouteValidator_10" time="0"/>
  <testcase name="testAbaNumberCheck_21182_bad" classname="com.cardatechnologies.utils.validators.abaroutevalidator.Test_AbaRouteValidator_10" time="0"/>
  <testcase name="testAbaNumberCheck_20820_bad" classname="com.cardatechnologies.utils.validators.abaroutevalidator.Test_AbaRouteValidator_10" time="0.001"/>
  <testcase name="testAbaNumberCheck_21634_bad" classname="com.cardatechnologies.utils.validators.abaroutevalidator.Test_AbaRouteValidator_10" time="0"/>
  <testcase name="testAbaNumberCheck_22448_bad" classname="com.cardatechnologies.utils.validators.abaroutevalidator.Test_AbaRouteValidator_10" time="0"/>
  <testcase name="testAbaNumberCheck_20370_bad" classname="com.cardatechnologies.utils.validators.abaroutevalidator.Test_AbaRouteValidator_10" time="0"/>
  <testcase name="testAbaNumberCheck_21184_bad" classname="com.cardatechnologies.utils.validators.abaroutevalidator.Test_AbaRouteValidator_10" time="0"/>
  <testcase name="testAbaNumberCheck_20822_bad" classname="com.cardatechnologies.utils.validators.abaroutevalidator.Test_AbaRouteValidator_10" time="0"/>
  <testcase name="testAbaNumberCheck_21636_bad" classname="com.cardatechnologies.utils.validators.abaroutevalidator.Test_AbaRouteValidator_10" time="0"/>
  <testcase name="testAbaNumberCheck_20372_bad" classname="com.cardatechnologies.utils.validators.abaroutevalidator.Test_AbaRouteValidator_10" time="0"/>
  <testcase name="testAbaNumberCheck_21186_bad" classname="com.cardatechnologies.utils.validators.abaroutevalidator.Test_AbaRouteValidator_10" time="0"/>
  <testcase name="testAbaNumberCheck_20824_bad" classname="com.cardatechnologies.utils.validators.abaroutevalidator.Test_AbaRouteValidator_10" time="0"/>
  <testcase name="testAbaNumberCheck_21638_bad" classname="com.cardatechnologies.utils.validators.abaroutevalidator.Test_AbaRouteValidator_10" time="0"/>
  <testcase name="testAbaNumberCheck_20374_bad" classname="com.cardatechnologies.utils.validators.abaroutevalidator.Test_AbaRouteValidator_10" time="0"/>
  <testcase name="testAbaNumberCheck_21188_bad" classname="com.cardatechnologies.utils.validators.abaroutevalidator.Test_AbaRouteValidator_10" time="0"/>
  <testcase name="testAbaNumberCheck_20826_bad" classname="com.cardatechnologies.utils.validators.abaroutevalidator.Test_AbaRouteValidator_10" time="0"/>
  <testcase name="testAbaNumberCheck_20376_bad" classname="com.cardatechnologies.utils.validators.abaroutevalidator.Test_AbaRouteValidator_10" time="0"/>
  <testcase name="testAbaNumberCheck_20828_bad" classname="com.cardatechnologies.utils.validators.abaroutevalidator.Test_AbaRouteValidator_10" time="0"/>
  <testcase name="testAbaNumberCheck_20378_bad" classname="com.cardatechnologies.utils.validators.abaroutevalidator.Test_AbaRouteValidator_10" time="0"/>
  <testcase name="testAbaNumberCheck_21640_bad" classname="com.cardatechnologies.utils.validators.abaroutevalidator.Test_AbaRouteValidator_10" time="0"/>
  <testcase name="testAbaNumberCheck_21190_bad" classname="com.cardatechnologies.utils.validators.abaroutevalidator.Test_AbaRouteValidator_10" time="0"/>
  <testcase name="testAbaNumberCheck_21642_bad" classname="com.cardatechnologies.utils.validators.abaroutevalidator.Test_AbaRouteValidator_10" time="0"/>
  <testcase name="testAbaNumberCheck_21192_bad" classname="com.cardatechnologies.utils.validators.abaroutevalidator.Test_AbaRouteValidator_10" time="0"/>
  <testcase name="testAbaNumberCheck_20830_bad" classname="com.cardatechnologies.utils.validators.abaroutevalidator.Test_AbaRouteValidator_10" time="0"/>
  <testcase name="testAbaNumberCheck_21644_bad" classname="com.cardatechnologies.utils.validators.abaroutevalidator.Test_AbaRouteValidator_10" time="0"/>
  <testcase name="testAbaNumberCheck_20380_bad" classname="com.cardatechnologies.utils.validators.abaroutevalidator.Test_AbaRouteValidator_10" time="0"/>
  <testcase name="testAbaNumberCheck_21194_bad" classname="com.cardatechnologies.utils.validators.abaroutevalidator.Test_AbaRouteValidator_10" time="0"/>
  <testcase name="testAbaNumberCheck_20832_bad" classname="com.cardatechnologies.utils.validators.abaroutevalidator.Test_AbaRouteValidator_10" time="0"/>
  <testcase name="testAbaNumberCheck_21646_bad" classname="com.cardatechnologies.utils.validators.abaroutevalidator.Test_AbaRouteValidator_10" time="0"/>
  <testcase name="testAbaNumberCheck_20382_bad" classname="com.cardatechnologies.utils.validators.abaroutevalidator.Test_AbaRouteValidator_10" time="0"/>
  <testcase name="testAbaNumberCheck_21196_bad" classname="com.cardatechnologies.utils.validators.abaroutevalidator.Test_AbaRouteValidator_10" time="0"/>
  <testcase name="testAbaNumberCheck_20834_bad" classname="com.cardatechnologies.utils.validators.abaroutevalidator.Test_AbaRouteValidator_10" time="0"/>
  <testcase name="testAbaNumberCheck_21648_bad" classname="com.cardatechnologies.utils.validators.abaroutevalidator.Test_AbaRouteValidator_10" time="0"/>
  <testcase name="testAbaNumberCheck_20384_bad" classname="com.cardatechnologies.utils.validators.abaroutevalidator.Test_AbaRouteValidator_10" time="0"/>
  <testcase name="testAbaNumberCheck_21198_bad" classname="com.cardatechnologies.utils.validators.abaroutevalidator.Test_AbaRouteValidator_10" time="0"/>
  <testcase name="testAbaNumberCheck_20836_bad" classname="com.cardatechnologies.utils.validators.abaroutevalidator.Test_AbaRouteValidator_10" time="0"/>
  <testcase name="testAbaNumberCheck_20386_bad" classname="com.cardatechnologies.utils.validators.abaroutevalidator.Test_AbaRouteValidator_10" time="0"/>
  <testcase name="testAbaNumberCheck_20838_bad" classname="com.cardatechnologies.utils.validators.abaroutevalidator.Test_AbaRouteValidator_10" time="0"/>
  <testcase name="testAbaNumberCheck_20388_bad" classname="com.cardatechnologies.utils.validators.abaroutevalidator.Test_AbaRouteValidator_10" time="0"/>
  <testcase name="testAbaNumberCheck_22101_good" classname="com.cardatechnologies.utils.validators.abaroutevalidator.Test_AbaRouteValidator_10" time="0"/>
  <testcase name="testAbaNumberCheck_20999_good" classname="com.cardatechnologies.utils.validators.abaroutevalidator.Test_AbaRouteValidator_10" time="0"/>
  <testcase name="testAbaNumberCheck_21650_bad" classname="com.cardatechnologies.utils.validators.abaroutevalidator.Test_AbaRouteValidator_10" time="0"/>
  <testcase name="testAbaNumberCheck_21652_bad" classname="com.cardatechnologies.utils.validators.abaroutevalidator.Test_AbaRouteValidator_10" time="0"/>
  <testcase name="testAbaNumberCheck_20840_bad" classname="com.cardatechnologies.utils.validators.abaroutevalidator.Test_AbaRouteValidator_10" time="0"/>
  <testcase name="testAbaNumberCheck_21654_bad" classname="com.cardatechnologies.utils.validators.abaroutevalidator.Test_AbaRouteValidator_10" time="0"/>
  <testcase name="testAbaNumberCheck_20390_bad" classname="com.cardatechnologies.utils.validators.abaroutevalidator.Test_AbaRouteValidator_10" time="0"/>
  <testcase name="testAbaNumberCheck_20842_bad" classname="com.cardatechnologies.utils.validators.abaroutevalidator.Test_AbaRouteValidator_10" time="0"/>
  <testcase name="testAbaNumberCheck_21656_bad" classname="com.cardatechnologies.utils.validators.abaroutevalidator.Test_AbaRouteValidator_10" time="0"/>
  <testcase name="testAbaNumberCheck_20392_bad" classname="com.cardatechnologies.utils.validators.abaroutevalidator.Test_AbaRouteValidator_10" time="0"/>
  <testcase name="testAbaNumberCheck_20844_bad" classname="com.cardatechnologies.utils.validators.abaroutevalidator.Test_AbaRouteValidator_10" time="0"/>
  <testcase name="testAbaNumberCheck_21658_bad" classname="com.cardatechnologies.utils.validators.abaroutevalidator.Test_AbaRouteValidator_10" time="0"/>
  <testcase name="testAbaNumberCheck_20394_bad" classname="com.cardatechnologies.utils.validators.abaroutevalidator.Test_AbaRouteValidator_10" time="0"/>
  <testcase name="testAbaNumberCheck_20846_bad" classname="com.cardatechnologies.utils.validators.abaroutevalidator.Test_AbaRouteValidator_10" time="0"/>
  <testcase name="testAbaNumberCheck_20396_bad" classname="com.cardatechnologies.utils.validators.abaroutevalidator.Test_AbaRouteValidator_10" time="0.001"/>
  <testcase name="testAbaNumberCheck_20848_bad" classname="com.cardatechnologies.utils.validators.abaroutevalidator.Test_AbaRouteValidator_10" time="0"/>
  <testcase name="testAbaNumberCheck_20398_bad" classname="com.cardatechnologies.utils.validators.abaroutevalidator.Test_AbaRouteValidator_10" time="0"/>
  <testcase name="testAbaNumberCheck_22021_good" classname="com.cardatechnologies.utils.validators.abaroutevalidator.Test_AbaRouteValidator_10" time="0"/>
  <testcase name="testAbaNumberCheck_21660_bad" classname="com.cardatechnologies.utils.validators.abaroutevalidator.Test_AbaRouteValidator_10" time="0"/>
  <testcase name="testAbaNumberCheck_21662_bad" classname="com.cardatechnologies.utils.validators.abaroutevalidator.Test_AbaRouteValidator_10" time="0"/>
  <testcase name="testAbaNumberCheck_20850_bad" classname="com.cardatechnologies.utils.validators.abaroutevalidator.Test_AbaRouteValidator_10" time="0"/>
  <testcase name="testAbaNumberCheck_21664_bad" classname="com.cardatechnologies.utils.validators.abaroutevalidator.Test_AbaRouteValidator_10" time="0"/>
  <testcase name="testAbaNumberCheck_20852_bad" classname="com.cardatechnologies.utils.validators.abaroutevalidator.Test_AbaRouteValidator_10" time="0"/>
  <testcase name="testAbaNumberCheck_21666_bad" classname="com.cardatechnologies.utils.validators.abaroutevalidator.Test_AbaRouteValidator_10" time="0"/>
  <testcase name="testAbaNumberCheck_20854_bad" classname="com.cardatechnologies.utils.validators.abaroutevalidator.Test_AbaRouteValidator_10" time="0"/>
  <testcase name="testAbaNumberCheck_21668_bad" classname="com.cardatechnologies.utils.validators.abaroutevalidator.Test_AbaRouteValidator_10" time="0"/>
  <testcase name="testAbaNumberCheck_20856_bad" classname="com.cardatechnologies.utils.validators.abaroutevalidator.Test_AbaRouteValidator_10" time="0"/>
  <testcase name="testAbaNumberCheck_20858_bad" classname="com.cardatechnologies.utils.validators.abaroutevalidator.Test_AbaRouteValidator_10" time="0"/>
  <testcase name="testAbaNumberCheck_22103_good" classname="com.cardatechnologies.utils.validators.abaroutevalidator.Test_AbaRouteValidator_10" time="0"/>
  <testcase name="testAbaNumberCheck_21670_bad" classname="com.cardatechnologies.utils.validators.abaroutevalidator.Test_AbaRouteValidator_10" time="0"/>
  <testcase name="testAbaNumberCheck_21001_good" classname="com.cardatechnologies.utils.validators.abaroutevalidator.Test_AbaRouteValidator_10" time="0"/>
  <testcase name="testAbaNumberCheck_21672_bad" classname="com.cardatechnologies.utils.validators.abaroutevalidator.Test_AbaRouteValidator_10" time="0"/>
  <testcase name="testAbaNumberCheck_20860_bad" classname="com.cardatechnologies.utils.validators.abaroutevalidator.Test_AbaRouteValidator_10" time="0"/>
  <testcase name="testAbaNumberCheck_21674_bad" classname="com.cardatechnologies.utils.validators.abaroutevalidator.Test_AbaRouteValidator_10" time="0"/>
  <testcase name="testAbaNumberCheck_20862_bad" classname="com.cardatechnologies.utils.validators.abaroutevalidator.Test_AbaRouteValidator_10" time="0.001"/>
  <testcase name="testAbaNumberCheck_21676_bad" classname="com.cardatechnologies.utils.validators.abaroutevalidator.Test_AbaRouteValidator_10" time="0"/>
  <testcase name="testAbaNumberCheck_20864_bad" classname="com.cardatechnologies.utils.validators.abaroutevalidator.Test_AbaRouteValidator_10" time="0"/>
  <testcase name="testAbaNumberCheck_21678_bad" classname="com.cardatechnologies.utils.validators.abaroutevalidator.Test_AbaRouteValidator_10" time="0"/>
  <testcase name="testAbaNumberCheck_20866_bad" classname="com.cardatechnologies.utils.validators.abaroutevalidator.Test_AbaRouteValidator_10" time="0"/>
  <testcase name="testAbaNumberCheck_20868_bad" classname="com.cardatechnologies.utils.validators.abaroutevalidator.Test_AbaRouteValidator_10" time="0"/>
  <testcase name="testAbaNumberCheck_22311_good" classname="com.cardatechnologies.utils.validators.abaroutevalidator.Test_AbaRouteValidator_10" time="0"/>
  <testcase name="testAbaNumberCheck_22023_good" classname="com.cardatechnologies.utils.validators.abaroutevalidator.Test_AbaRouteValidator_10" time="0"/>
  <testcase name="testAbaNumberCheck_21680_bad" classname="com.cardatechnologies.utils.validators.abaroutevalidator.Test_AbaRouteValidator_10" time="0"/>
  <testcase name="testAbaNumberCheck_21682_bad" classname="com.cardatechnologies.utils.validators.abaroutevalidator.Test_AbaRouteValidator_10" time="0"/>
  <testcase name="testAbaNumberCheck_20870_bad" classname="com.cardatechnologies.utils.validators.abaroutevalidator.Test_AbaRouteValidator_10" time="0"/>
  <testcase name="testAbaNumberCheck_21684_bad" classname="com.cardatechnologies.utils.validators.abaroutevalidator.Test_AbaRouteValidator_10" time="0"/>
  <testcase name="testAbaNumberCheck_20872_bad" classname="com.cardatechnologies.utils.validators.abaroutevalidator.Test_AbaRouteValidator_10" time="0"/>
  <testcase name="testAbaNumberCheck_21686_bad" classname="com.cardatechnologies.utils.validators.abaroutevalidator.Test_AbaRouteValidator_10" time="0"/>
  <testcase name="testAbaNumberCheck_20874_bad" classname="com.cardatechnologies.utils.validators.abaroutevalidator.Test_AbaRouteValidator_10" time="0"/>
  <testcase name="testAbaNumberCheck_21688_bad" classname="com.cardatechnologies.utils.validators.abaroutevalidator.Test_AbaRouteValidator_10" time="0"/>
  <testcase name="testAbaNumberCheck_20876_bad" classname="com.cardatechnologies.utils.validators.abaroutevalidator.Test_AbaRouteValidator_10" time="0"/>
  <testcase name="testAbaNumberCheck_20878_bad" classname="com.cardatechnologies.utils.validators.abaroutevalidator.Test_AbaRouteValidator_10" time="0"/>
  <testcase name="testAbaNumberCheck_22231_good" classname="com.cardatechnologies.utils.validators.abaroutevalidator.Test_AbaRouteValidator_10" time="0"/>
  <testcase name="testAbaNumberCheck_22105_good" classname="com.cardatechnologies.utils.validators.abaroutevalidator.Test_AbaRouteValidator_10" time="0"/>
  <testcase name="testAbaNumberCheck_21690_bad" classname="com.cardatechnologies.utils.validators.abaroutevalidator.Test_AbaRouteValidator_10" time="0"/>
  <testcase name="testAbaNumberCheck_21003_good" classname="com.cardatechnologies.utils.validators.abaroutevalidator.Test_AbaRouteValidator_10" time="0"/>
  <testcase name="testAbaNumberCheck_21692_bad" classname="com.cardatechnologies.utils.validators.abaroutevalidator.Test_AbaRouteValidator_10" time="0.001"/>
  <testcase name="testAbaNumberCheck_20880_bad" classname="com.cardatechnologies.utils.validators.abaroutevalidator.Test_AbaRouteValidator_10" time="0"/>
  <testcase name="testAbaNumberCheck_21694_bad" classname="com.cardatechnologies.utils.validators.abaroutevalidator.Test_AbaRouteValidator_10" time="0"/>
  <testcase name="testAbaNumberCheck_20882_bad" classname="com.cardatechnologies.utils.validators.abaroutevalidator.Test_AbaRouteValidator_10" time="0"/>
  <testcase name="testAbaNumberCheck_21696_bad" classname="com.cardatechnologies.utils.validators.abaroutevalidator.Test_AbaRouteValidator_10" time="0"/>
  <testcase name="testAbaNumberCheck_20884_bad" classname="com.cardatechnologies.utils.validators.abaroutevalidator.Test_AbaRouteValidator_10" time="0"/>
  <testcase name="testAbaNumberCheck_21698_bad" classname="com.cardatechnologies.utils.validators.abaroutevalidator.Test_AbaRouteValidator_10" time="0"/>
  <testcase name="testAbaNumberCheck_20886_bad" classname="com.cardatechnologies.utils.validators.abaroutevalidator.Test_AbaRouteValidator_10" time="0"/>
  <testcase name="testAbaNumberCheck_20888_bad" classname="com.cardatechnologies.utils.validators.abaroutevalidator.Test_AbaRouteValidator_10" time="0"/>
  <testcase name="testAbaNumberCheck_22313_good" classname="com.cardatechnologies.utils.validators.abaroutevalidator.Test_AbaRouteValidator_10" time="0"/>
  <testcase name="testAbaNumberCheck_22151_good" classname="com.cardatechnologies.utils.validators.abaroutevalidator.Test_AbaRouteValidator_10" time="0"/>
  <testcase name="testAbaNumberCheck_21211_good" classname="com.cardatechnologies.utils.validators.abaroutevalidator.Test_AbaRouteValidator_10" time="0"/>
  <testcase name="testAbaNumberCheck_22025_good" classname="com.cardatechnologies.utils.validators.abaroutevalidator.Test_AbaRouteValidator_10" time="0"/>
  <testcase name="testAbaNumberCheck_20890_bad" classname="com.cardatechnologies.utils.validators.abaroutevalidator.Test_AbaRouteValidator_10" time="0"/>
  <testcase name="testAbaNumberCheck_20892_bad" classname="com.cardatechnologies.utils.validators.abaroutevalidator.Test_AbaRouteValidator_10" time="0"/>
  <testcase name="testAbaNumberCheck_20894_bad" classname="com.cardatechnologies.utils.validators.abaroutevalidator.Test_AbaRouteValidator_10" time="0"/>
  <testcase name="testAbaNumberCheck_20896_bad" classname="com.cardatechnologies.utils.validators.abaroutevalidator.Test_AbaRouteValidator_10" time="0"/>
  <testcase name="testAbaNumberCheck_20898_bad" classname="com.cardatechnologies.utils.validators.abaroutevalidator.Test_AbaRouteValidator_10" time="0"/>
  <testcase name="testAbaNumberCheck_22233_good" classname="com.cardatechnologies.utils.validators.abaroutevalidator.Test_AbaRouteValidator_10" time="0"/>
  <testcase name="testAbaNumberCheck_22107_good" classname="com.cardatechnologies.utils.validators.abaroutevalidator.Test_AbaRouteValidator_10" time="0"/>
  <testcase name="testAbaNumberCheck_22071_good" classname="com.cardatechnologies.utils.validators.abaroutevalidator.Test_AbaRouteValidator_10" time="0"/>
  <testcase name="testAbaNumberCheck_21131_good" classname="com.cardatechnologies.utils.validators.abaroutevalidator.Test_AbaRouteValidator_10" time="0"/>
  <testcase name="testAbaNumberCheck_21005_good" classname="com.cardatechnologies.utils.validators.abaroutevalidator.Test_AbaRouteValidator_10" time="0.001"/>
  <testcase name="testAbaNumberCheck_22441_good" classname="com.cardatechnologies.utils.validators.abaroutevalidator.Test_AbaRouteValidator_10" time="0"/>
  <testcase name="testAbaNumberCheck_21501_good" classname="com.cardatechnologies.utils.validators.abaroutevalidator.Test_AbaRouteValidator_10" time="0"/>
  <testcase name="testAbaNumberCheck_22315_good" classname="com.cardatechnologies.utils.validators.abaroutevalidator.Test_AbaRouteValidator_10" time="0"/>
  <testcase name="testAbaNumberCheck_22153_good" classname="com.cardatechnologies.utils.validators.abaroutevalidator.Test_AbaRouteValidator_10" time="0"/>
  <testcase name="testAbaNumberCheck_21213_good" classname="com.cardatechnologies.utils.validators.abaroutevalidator.Test_AbaRouteValidator_10" time="0"/>
  <testcase name="testAbaNumberCheck_22027_good" classname="com.cardatechnologies.utils.validators.abaroutevalidator.Test_AbaRouteValidator_10" time="0"/>
  <testcase name="testAbaNumberCheck_21051_good" classname="com.cardatechnologies.utils.validators.abaroutevalidator.Test_AbaRouteValidator_10" time="0"/>
  <testcase name="testAbaNumberCheck_20111_good" classname="com.cardatechnologies.utils.validators.abaroutevalidator.Test_AbaRouteValidator_10" time="0"/>
  <testcase name="testAbaNumberCheck_22361_good" classname="com.cardatechnologies.utils.validators.abaroutevalidator.Test_AbaRouteValidator_10" time="0"/>
  <testcase name="testAbaNumberCheck_21421_good" classname="com.cardatechnologies.utils.validators.abaroutevalidator.Test_AbaRouteValidator_10" time="0"/>
  <testcase name="testAbaNumberCheck_22235_good" classname="com.cardatechnologies.utils.validators.abaroutevalidator.Test_AbaRouteValidator_10" time="0"/>
  <testcase name="testAbaNumberCheck_22109_good" classname="com.cardatechnologies.utils.validators.abaroutevalidator.Test_AbaRouteValidator_10" time="0"/>
  <testcase name="testAbaNumberCheck_22073_good" classname="com.cardatechnologies.utils.validators.abaroutevalidator.Test_AbaRouteValidator_10" time="0"/>
  <testcase name="testAbaNumberCheck_21133_good" classname="com.cardatechnologies.utils.validators.abaroutevalidator.Test_AbaRouteValidator_10" time="0"/>
  <testcase name="testAbaNumberCheck_21007_good" classname="com.cardatechnologies.utils.validators.abaroutevalidator.Test_AbaRouteValidator_10" time="0"/>
  <testcase name="testAbaNumberCheck_20031_good" classname="com.cardatechnologies.utils.validators.abaroutevalidator.Test_AbaRouteValidator_10" time="0"/>
  <testcase name="testAbaNumberCheck_22443_good" classname="com.cardatechnologies.utils.validators.abaroutevalidator.Test_AbaRouteValidator_10" time="0"/>
  <testcase name="testAbaNumberCheck_21503_good" classname="com.cardatechnologies.utils.validators.abaroutevalidator.Test_AbaRouteValidator_10" time="0"/>
  <testcase name="testAbaNumberCheck_22317_good" classname="com.cardatechnologies.utils.validators.abaroutevalidator.Test_AbaRouteValidator_10" time="0"/>
  <testcase name="testAbaNumberCheck_22281_good" classname="com.cardatechnologies.utils.validators.abaroutevalidator.Test_AbaRouteValidator_10" time="0"/>
  <testcase name="testAbaNumberCheck_21341_good" classname="com.cardatechnologies.utils.validators.abaroutevalidator.Test_AbaRouteValidator_10" time="0"/>
  <testcase name="testAbaNumberCheck_20401_good" classname="com.cardatechnologies.utils.validators.abaroutevalidator.Test_AbaRouteValidator_10" time="0"/>
  <testcase name="testAbaNumberCheck_22155_good" classname="com.cardatechnologies.utils.validators.abaroutevalidator.Test_AbaRouteValidator_10" time="0"/>
  <testcase name="testAbaNumberCheck_21215_good" classname="com.cardatechnologies.utils.validators.abaroutevalidator.Test_AbaRouteValidator_10" time="0"/>
  <testcase name="testAbaNumberCheck_22029_good" classname="com.cardatechnologies.utils.validators.abaroutevalidator.Test_AbaRouteValidator_10" time="0.001"/>
  <testcase name="testAbaNumberCheck_21053_good" classname="com.cardatechnologies.utils.validators.abaroutevalidator.Test_AbaRouteValidator_10" time="0"/>
  <testcase name="testAbaNumberCheck_20113_good" classname="com.cardatechnologies.utils.validators.abaroutevalidator.Test_AbaRouteValidator_10" time="0"/>
  <testcase name="testAbaNumberCheck_21711_good" classname="com.cardatechnologies.utils.validators.abaroutevalidator.Test_AbaRouteValidator_10" time="0"/>
  <testcase name="testAbaNumberCheck_22363_good" classname="com.cardatechnologies.utils.validators.abaroutevalidator.Test_AbaRouteValidator_10" time="0"/>
  <testcase name="testAbaNumberCheck_21423_good" classname="com.cardatechnologies.utils.validators.abaroutevalidator.Test_AbaRouteValidator_10" time="0"/>
  <testcase name="testAbaNumberCheck_22237_good" classname="com.cardatechnologies.utils.validators.abaroutevalidator.Test_AbaRouteValidator_10" time="0"/>
  <testcase name="testAbaNumberCheck_21261_good" classname="com.cardatechnologies.utils.validators.abaroutevalidator.Test_AbaRouteValidator_10" time="0"/>
  <testcase name="testAbaNumberCheck_20321_good" classname="com.cardatechnologies.utils.validators.abaroutevalidator.Test_AbaRouteValidator_10" time="0"/>
  <testcase name="testAbaNumberCheck_22075_good" classname="com.cardatechnologies.utils.validators.abaroutevalidator.Test_AbaRouteValidator_10" time="0"/>
  <testcase name="testAbaNumberCheck_21135_good" classname="com.cardatechnologies.utils.validators.abaroutevalidator.Test_AbaRouteValidator_10" time="0"/>
  <testcase name="testAbaNumberCheck_21009_good" classname="com.cardatechnologies.utils.validators.abaroutevalidator.Test_AbaRouteValidator_10" time="0"/>
  <testcase name="testAbaNumberCheck_20033_good" classname="com.cardatechnologies.utils.validators.abaroutevalidator.Test_AbaRouteValidator_10" time="0"/>
  <testcase name="testAbaNumberCheck_21631_good" classname="com.cardatechnologies.utils.validators.abaroutevalidator.Test_AbaRouteValidator_10" time="0"/>
  <testcase name="testAbaNumberCheck_22445_good" classname="com.cardatechnologies.utils.validators.abaroutevalidator.Test_AbaRouteValidator_10" time="0"/>
  <testcase name="testAbaNumberCheck_21505_good" classname="com.cardatechnologies.utils.validators.abaroutevalidator.Test_AbaRouteValidator_10" time="0"/>
  <testcase name="testAbaNumberCheck_22319_good" classname="com.cardatechnologies.utils.validators.abaroutevalidator.Test_AbaRouteValidator_10" time="0"/>
  <testcase name="testAbaNumberCheck_22283_good" classname="com.cardatechnologies.utils.validators.abaroutevalidator.Test_AbaRouteValidator_10" time="0"/>
  <testcase name="testAbaNumberCheck_21343_good" classname="com.cardatechnologies.utils.validators.abaroutevalidator.Test_AbaRouteValidator_10" time="0"/>
  <testcase name="testAbaNumberCheck_20403_good" classname="com.cardatechnologies.utils.validators.abaroutevalidator.Test_AbaRouteValidator_10" time="0"/>
  <testcase name="testAbaNumberCheck_22157_good" classname="com.cardatechnologies.utils.validators.abaroutevalidator.Test_AbaRouteValidator_10" time="0"/>
  <testcase name="testAbaNumberCheck_21217_good" classname="com.cardatechnologies.utils.validators.abaroutevalidator.Test_AbaRouteValidator_10" time="0"/>
  <testcase name="testAbaNumberCheck_21181_good" classname="com.cardatechnologies.utils.validators.abaroutevalidator.Test_AbaRouteValidator_10" time="0"/>
  <testcase name="testAbaNumberCheck_20241_good" classname="com.cardatechnologies.utils.validators.abaroutevalidator.Test_AbaRouteValidator_10" time="0"/>
  <testcase name="testAbaNumberCheck_21055_good" classname="com.cardatechnologies.utils.validators.abaroutevalidator.Test_AbaRouteValidator_10" time="0.001"/>
  <testcase name="testAbaNumberCheck_20115_good" classname="com.cardatechnologies.utils.validators.abaroutevalidator.Test_AbaRouteValidator_10" time="0"/>
  <testcase name="testAbaNumberCheck_21713_good" classname="com.cardatechnologies.utils.validators.abaroutevalidator.Test_AbaRouteValidator_10" time="0"/>
  <testcase name="testAbaNumberCheck_21551_good" classname="com.cardatechnologies.utils.validators.abaroutevalidator.Test_AbaRouteValidator_10" time="0"/>
  <testcase name="testAbaNumberCheck_20611_good" classname="com.cardatechnologies.utils.validators.abaroutevalidator.Test_AbaRouteValidator_10" time="0"/>
  <testcase name="testAbaNumberCheck_22365_good" classname="com.cardatechnologies.utils.validators.abaroutevalidator.Test_AbaRouteValidator_10" time="0"/>
  <testcase name="testAbaNumberCheck_21425_good" classname="com.cardatechnologies.utils.validators.abaroutevalidator.Test_AbaRouteValidator_10" time="0"/>
  <testcase name="testAbaNumberCheck_22239_good" classname="com.cardatechnologies.utils.validators.abaroutevalidator.Test_AbaRouteValidator_10" time="0"/>
  <testcase name="testAbaNumberCheck_21263_good" classname="com.cardatechnologies.utils.validators.abaroutevalidator.Test_AbaRouteValidator_10" time="0"/>
  <testcase name="testAbaNumberCheck_20323_good" classname="com.cardatechnologies.utils.validators.abaroutevalidator.Test_AbaRouteValidator_10" time="0"/>
  <testcase name="testAbaNumberCheck_21921_good" classname="com.cardatechnologies.utils.validators.abaroutevalidator.Test_AbaRouteValidator_10" time="0"/>
  <testcase name="testAbaNumberCheck_22077_good" classname="com.cardatechnologies.utils.validators.abaroutevalidator.Test_AbaRouteValidator_10" time="0"/>
  <testcase name="testAbaNumberCheck_21137_good" classname="com.cardatechnologies.utils.validators.abaroutevalidator.Test_AbaRouteValidator_10" time="0"/>
  <testcase name="testAbaNumberCheck_20161_good" classname="com.cardatechnologies.utils.validators.abaroutevalidator.Test_AbaRouteValidator_10" time="0"/>
  <testcase name="testAbaNumberCheck_20035_good" classname="com.cardatechnologies.utils.validators.abaroutevalidator.Test_AbaRouteValidator_10" time="0"/>
  <testcase name="testAbaNumberCheck_21633_good" classname="com.cardatechnologies.utils.validators.abaroutevalidator.Test_AbaRouteValidator_10" time="0"/>
  <testcase name="testAbaNumberCheck_22447_good" classname="com.cardatechnologies.utils.validators.abaroutevalidator.Test_AbaRouteValidator_10" time="0"/>
  <testcase name="testAbaNumberCheck_21507_good" classname="com.cardatechnologies.utils.validators.abaroutevalidator.Test_AbaRouteValidator_10" time="0"/>
  <testcase name="testAbaNumberCheck_21471_good" classname="com.cardatechnologies.utils.validators.abaroutevalidator.Test_AbaRouteValidator_10" time="0"/>
  <testcase name="testAbaNumberCheck_20531_good" classname="com.cardatechnologies.utils.validators.abaroutevalidator.Test_AbaRouteValidator_10" time="0"/>
  <testcase name="testAbaNumberCheck_22285_good" classname="com.cardatechnologies.utils.validators.abaroutevalidator.Test_AbaRouteValidator_10" time="0"/>
  <testcase name="testAbaNumberCheck_21345_good" classname="com.cardatechnologies.utils.validators.abaroutevalidator.Test_AbaRouteValidator_10" time="0"/>
  <testcase name="testAbaNumberCheck_20405_good" classname="com.cardatechnologies.utils.validators.abaroutevalidator.Test_AbaRouteValidator_10" time="0"/>
  <testcase name="testAbaNumberCheck_22159_good" classname="com.cardatechnologies.utils.validators.abaroutevalidator.Test_AbaRouteValidator_10" time="0"/>
  <testcase name="testAbaNumberCheck_21219_good" classname="com.cardatechnologies.utils.validators.abaroutevalidator.Test_AbaRouteValidator_10" time="0.001"/>
  <testcase name="testAbaNumberCheck_21183_good" classname="com.cardatechnologies.utils.validators.abaroutevalidator.Test_AbaRouteValidator_10" time="0"/>
  <testcase name="testAbaNumberCheck_20243_good" classname="com.cardatechnologies.utils.validators.abaroutevalidator.Test_AbaRouteValidator_10" time="0"/>
  <testcase name="testAbaNumberCheck_21841_good" classname="com.cardatechnologies.utils.validators.abaroutevalidator.Test_AbaRouteValidator_10" time="0"/>
  <testcase name="testAbaNumberCheck_20901_good" classname="com.cardatechnologies.utils.validators.abaroutevalidator.Test_AbaRouteValidator_10" time="0"/>
  <testcase name="testAbaNumberCheck_21057_good" classname="com.cardatechnologies.utils.validators.abaroutevalidator.Test_AbaRouteValidator_10" time="0"/>
  <testcase name="testAbaNumberCheck_20117_good" classname="com.cardatechnologies.utils.validators.abaroutevalidator.Test_AbaRouteValidator_10" time="0"/>
  <testcase name="testAbaNumberCheck_21715_good" classname="com.cardatechnologies.utils.validators.abaroutevalidator.Test_AbaRouteValidator_10" time="0"/>
  <testcase name="testAbaNumberCheck_20081_good" classname="com.cardatechnologies.utils.validators.abaroutevalidator.Test_AbaRouteValidator_10" time="0"/>
  <testcase name="testAbaNumberCheck_21553_good" classname="com.cardatechnologies.utils.validators.abaroutevalidator.Test_AbaRouteValidator_10" time="0"/>
  <testcase name="testAbaNumberCheck_20613_good" classname="com.cardatechnologies.utils.validators.abaroutevalidator.Test_AbaRouteValidator_10" time="0"/>
  <testcase name="testAbaNumberCheck_22367_good" classname="com.cardatechnologies.utils.validators.abaroutevalidator.Test_AbaRouteValidator_10" time="0"/>
  <testcase name="testAbaNumberCheck_21427_good" classname="com.cardatechnologies.utils.validators.abaroutevalidator.Test_AbaRouteValidator_10" time="0"/>
  <testcase name="testAbaNumberCheck_21391_good" classname="com.cardatechnologies.utils.validators.abaroutevalidator.Test_AbaRouteValidator_10" time="0"/>
  <testcase name="testAbaNumberCheck_20451_good" classname="com.cardatechnologies.utils.validators.abaroutevalidator.Test_AbaRouteValidator_10" time="0"/>
  <testcase name="testAbaNumberCheck_21265_good" classname="com.cardatechnologies.utils.validators.abaroutevalidator.Test_AbaRouteValidator_10" time="0"/>
  <testcase name="testAbaNumberCheck_20325_good" classname="com.cardatechnologies.utils.validators.abaroutevalidator.Test_AbaRouteValidator_10" time="0"/>
  <testcase name="testAbaNumberCheck_21923_good" classname="com.cardatechnologies.utils.validators.abaroutevalidator.Test_AbaRouteValidator_10" time="0"/>
  <testcase name="testAbaNumberCheck_22079_good" classname="com.cardatechnologies.utils.validators.abaroutevalidator.Test_AbaRouteValidator_10" time="0"/>
  <testcase name="testAbaNumberCheck_21139_good" classname="com.cardatechnologies.utils.validators.abaroutevalidator.Test_AbaRouteValidator_10" time="0"/>
  <testcase name="testAbaNumberCheck_20163_good" classname="com.cardatechnologies.utils.validators.abaroutevalidator.Test_AbaRouteValidator_10" time="0"/>
  <testcase name="testAbaNumberCheck_21761_good" classname="com.cardatechnologies.utils.validators.abaroutevalidator.Test_AbaRouteValidator_10" time="0"/>
  <testcase name="testAbaNumberCheck_20821_good" classname="com.cardatechnologies.utils.validators.abaroutevalidator.Test_AbaRouteValidator_10" time="0"/>
  <testcase name="testAbaNumberCheck_20037_good" classname="com.cardatechnologies.utils.validators.abaroutevalidator.Test_AbaRouteValidator_10" time="0"/>
  <testcase name="testAbaNumberCheck_21635_good" classname="com.cardatechnologies.utils.validators.abaroutevalidator.Test_AbaRouteValidator_10" time="0.001"/>
  <testcase name="testAbaNumberCheck_22449_good" classname="com.cardatechnologies.utils.validators.abaroutevalidator.Test_AbaRouteValidator_10" time="0"/>
  <testcase name="testAbaNumberCheck_21509_good" classname="com.cardatechnologies.utils.validators.abaroutevalidator.Test_AbaRouteValidator_10" time="0"/>
  <testcase name="testAbaNumberCheck_21473_good" classname="com.cardatechnologies.utils.validators.abaroutevalidator.Test_AbaRouteValidator_10" time="0"/>
  <testcase name="testAbaNumberCheck_20533_good" classname="com.cardatechnologies.utils.validators.abaroutevalidator.Test_AbaRouteValidator_10" time="0"/>
  <testcase name="testAbaNumberCheck_22287_good" classname="com.cardatechnologies.utils.validators.abaroutevalidator.Test_AbaRouteValidator_10" time="0"/>
  <testcase name="testAbaNumberCheck_21347_good" classname="com.cardatechnologies.utils.validators.abaroutevalidator.Test_AbaRouteValidator_10" time="0"/>
  <testcase name="testAbaNumberCheck_20407_good" classname="com.cardatechnologies.utils.validators.abaroutevalidator.Test_AbaRouteValidator_10" time="0"/>
  <testcase name="testAbaNumberCheck_20371_good" classname="com.cardatechnologies.utils.validators.abaroutevalidator.Test_AbaRouteValidator_10" time="0"/>
  <testcase name="testAbaNumberCheck_21185_good" classname="com.cardatechnologies.utils.validators.abaroutevalidator.Test_AbaRouteValidator_10" time="0"/>
  <testcase name="testAbaNumberCheck_20245_good" classname="com.cardatechnologies.utils.validators.abaroutevalidator.Test_AbaRouteValidator_10" time="0"/>
  <testcase name="testAbaNumberCheck_21843_good" classname="com.cardatechnologies.utils.validators.abaroutevalidator.Test_AbaRouteValidator_10" time="0"/>
  <testcase name="testAbaNumberCheck_20903_good" classname="com.cardatechnologies.utils.validators.abaroutevalidator.Test_AbaRouteValidator_10" time="0"/>
  <testcase name="testAbaNumberCheck_21059_good" classname="com.cardatechnologies.utils.validators.abaroutevalidator.Test_AbaRouteValidator_10" time="0"/>
  <testcase name="testAbaNumberCheck_20119_good" classname="com.cardatechnologies.utils.validators.abaroutevalidator.Test_AbaRouteValidator_10" time="0"/>
  <testcase name="testAbaNumberCheck_21717_good" classname="com.cardatechnologies.utils.validators.abaroutevalidator.Test_AbaRouteValidator_10" time="0"/>
  <testcase name="testAbaNumberCheck_20083_good" classname="com.cardatechnologies.utils.validators.abaroutevalidator.Test_AbaRouteValidator_10" time="0"/>
  <testcase name="testAbaNumberCheck_21681_good" classname="com.cardatechnologies.utils.validators.abaroutevalidator.Test_AbaRouteValidator_10" time="0"/>
  <testcase name="testAbaNumberCheck_20741_good" classname="com.cardatechnologies.utils.validators.abaroutevalidator.Test_AbaRouteValidator_10" time="0"/>
  <testcase name="testAbaNumberCheck_21555_good" classname="com.cardatechnologies.utils.validators.abaroutevalidator.Test_AbaRouteValidator_10" time="0"/>
  <testcase name="testAbaNumberCheck_20615_good" classname="com.cardatechnologies.utils.validators.abaroutevalidator.Test_AbaRouteValidator_10" time="0"/>
  <testcase name="testAbaNumberCheck_22369_good" classname="com.cardatechnologies.utils.validators.abaroutevalidator.Test_AbaRouteValidator_10" time="0"/>
  <testcase name="testAbaNumberCheck_21429_good" classname="com.cardatechnologies.utils.validators.abaroutevalidator.Test_AbaRouteValidator_10" time="0"/>
  <testcase name="testAbaNumberCheck_21393_good" classname="com.cardatechnologies.utils.validators.abaroutevalidator.Test_AbaRouteValidator_10" time="0"/>
  <testcase name="testAbaNumberCheck_20453_good" classname="com.cardatechnologies.utils.validators.abaroutevalidator.Test_AbaRouteValidator_10" time="0"/>
  <testcase name="testAbaNumberCheck_21267_good" classname="com.cardatechnologies.utils.validators.abaroutevalidator.Test_AbaRouteValidator_10" time="0"/>
  <testcase name="testAbaNumberCheck_20327_good" classname="com.cardatechnologies.utils.validators.abaroutevalidator.Test_AbaRouteValidator_10" time="0.001"/>
  <testcase name="testAbaNumberCheck_21925_good" classname="com.cardatechnologies.utils.validators.abaroutevalidator.Test_AbaRouteValidator_10" time="0"/>
  <testcase name="testAbaNumberCheck_20291_good" classname="com.cardatechnologies.utils.validators.abaroutevalidator.Test_AbaRouteValidator_10" time="0"/>
  <testcase name="testAbaNumberCheck_20165_good" classname="com.cardatechnologies.utils.validators.abaroutevalidator.Test_AbaRouteValidator_10" time="0"/>
  <testcase name="testAbaNumberCheck_21763_good" classname="com.cardatechnologies.utils.validators.abaroutevalidator.Test_AbaRouteValidator_10" time="0"/>
  <testcase name="testAbaNumberCheck_20823_good" classname="com.cardatechnologies.utils.validators.abaroutevalidator.Test_AbaRouteValidator_10" time="0"/>
  <testcase name="testAbaNumberCheck_20039_good" classname="com.cardatechnologies.utils.validators.abaroutevalidator.Test_AbaRouteValidator_10" time="0"/>
  <testcase name="testAbaNumberCheck_21637_good" classname="com.cardatechnologies.utils.validators.abaroutevalidator.Test_AbaRouteValidator_10" time="0"/>
  <testcase name="testAbaNumberCheck_20661_good" classname="com.cardatechnologies.utils.validators.abaroutevalidator.Test_AbaRouteValidator_10" time="0"/>
  <testcase name="testAbaNumberCheck_21475_good" classname="com.cardatechnologies.utils.validators.abaroutevalidator.Test_AbaRouteValidator_10" time="0"/>
  <testcase name="testAbaNumberCheck_20535_good" classname="com.cardatechnologies.utils.validators.abaroutevalidator.Test_AbaRouteValidator_10" time="0"/>
  <testcase name="testAbaNumberCheck_22289_good" classname="com.cardatechnologies.utils.validators.abaroutevalidator.Test_AbaRouteValidator_10" time="0"/>
  <testcase name="testAbaNumberCheck_21349_good" classname="com.cardatechnologies.utils.validators.abaroutevalidator.Test_AbaRouteValidator_10" time="0"/>
  <testcase name="testAbaNumberCheck_20409_good" classname="com.cardatechnologies.utils.validators.abaroutevalidator.Test_AbaRouteValidator_10" time="0"/>
  <testcase name="testAbaNumberCheck_20373_good" classname="com.cardatechnologies.utils.validators.abaroutevalidator.Test_AbaRouteValidator_10" time="0"/>
  <testcase name="testAbaNumberCheck_21971_good" classname="com.cardatechnologies.utils.validators.abaroutevalidator.Test_AbaRouteValidator_10" time="0"/>
  <testcase name="testAbaNumberCheck_21187_good" classname="com.cardatechnologies.utils.validators.abaroutevalidator.Test_AbaRouteValidator_10" time="0"/>
  <testcase name="testAbaNumberCheck_20247_good" classname="com.cardatechnologies.utils.validators.abaroutevalidator.Test_AbaRouteValidator_10" time="0"/>
  <testcase name="testAbaNumberCheck_21845_good" classname="com.cardatechnologies.utils.validators.abaroutevalidator.Test_AbaRouteValidator_10" time="0"/>
  <testcase name="testAbaNumberCheck_20905_good" classname="com.cardatechnologies.utils.validators.abaroutevalidator.Test_AbaRouteValidator_10" time="0"/>
  <testcase name="testAbaNumberCheck_21719_good" classname="com.cardatechnologies.utils.validators.abaroutevalidator.Test_AbaRouteValidator_10" time="0"/>
  <testcase name="testAbaNumberCheck_20085_good" classname="com.cardatechnologies.utils.validators.abaroutevalidator.Test_AbaRouteValidator_10" time="0"/>
  <testcase name="testAbaNumberCheck_21683_good" classname="com.cardatechnologies.utils.validators.abaroutevalidator.Test_AbaRouteValidator_10" time="0"/>
  <testcase name="testAbaNumberCheck_20743_good" classname="com.cardatechnologies.utils.validators.abaroutevalidator.Test_AbaRouteValidator_10" time="0"/>
  <testcase name="testAbaNumberCheck_21557_good" classname="com.cardatechnologies.utils.validators.abaroutevalidator.Test_AbaRouteValidator_10" time="0"/>
  <testcase name="testAbaNumberCheck_20617_good" classname="com.cardatechnologies.utils.validators.abaroutevalidator.Test_AbaRouteValidator_10" time="0.001"/>
  <testcase name="testAbaNumberCheck_20581_good" classname="com.cardatechnologies.utils.validators.abaroutevalidator.Test_AbaRouteValidator_10" time="0"/>
  <testcase name="testAbaNumberCheck_21395_good" classname="com.cardatechnologies.utils.validators.abaroutevalidator.Test_AbaRouteValidator_10" time="0"/>
  <testcase name="testAbaNumberCheck_20455_good" classname="com.cardatechnologies.utils.validators.abaroutevalidator.Test_AbaRouteValidator_10" time="0"/>
  <testcase name="testAbaNumberCheck_21269_good" classname="com.cardatechnologies.utils.validators.abaroutevalidator.Test_AbaRouteValidator_10" time="0"/>
  <testcase name="testAbaNumberCheck_20329_good" classname="com.cardatechnologies.utils.validators.abaroutevalidator.Test_AbaRouteValidator_10" time="0"/>
  <testcase name="testAbaNumberCheck_21927_good" classname="com.cardatechnologies.utils.validators.abaroutevalidator.Test_AbaRouteValidator_10" time="0"/>
  <testcase name="testAbaNumberCheck_20293_good" classname="com.cardatechnologies.utils.validators.abaroutevalidator.Test_AbaRouteValidator_10" time="0"/>
  <testcase name="testAbaNumberCheck_21891_good" classname="com.cardatechnologies.utils.validators.abaroutevalidator.Test_AbaRouteValidator_10" time="0"/>
  <testcase name="testAbaNumberCheck_20951_good" classname="com.cardatechnologies.utils.validators.abaroutevalidator.Test_AbaRouteValidator_10" time="0"/>
  <testcase name="testAbaNumberCheck_20167_good" classname="com.cardatechnologies.utils.validators.abaroutevalidator.Test_AbaRouteValidator_10" time="0"/>
  <testcase name="testAbaNumberCheck_21765_good" classname="com.cardatechnologies.utils.validators.abaroutevalidator.Test_AbaRouteValidator_10" time="0"/>
  <testcase name="testAbaNumberCheck_20825_good" classname="com.cardatechnologies.utils.validators.abaroutevalidator.Test_AbaRouteValidator_10" time="0"/>
  <testcase name="testAbaNumberCheck_21639_good" classname="com.cardatechnologies.utils.validators.abaroutevalidator.Test_AbaRouteValidator_10" time="0"/>
  <testcase name="testAbaNumberCheck_20663_good" classname="com.cardatechnologies.utils.validators.abaroutevalidator.Test_AbaRouteValidator_10" time="0"/>
  <testcase name="testAbaNumberCheck_21477_good" classname="com.cardatechnologies.utils.validators.abaroutevalidator.Test_AbaRouteValidator_10" time="0"/>
  <testcase name="testAbaNumberCheck_20537_good" classname="com.cardatechnologies.utils.validators.abaroutevalidator.Test_AbaRouteValidator_10" time="0"/>
  <testcase name="testAbaNumberCheck_20375_good" classname="com.cardatechnologies.utils.validators.abaroutevalidator.Test_AbaRouteValidator_10" time="0"/>
  <testcase name="testAbaNumberCheck_21973_good" classname="com.cardatechnologies.utils.validators.abaroutevalidator.Test_AbaRouteValidator_10" time="0"/>
  <testcase name="testAbaNumberCheck_21189_good" classname="com.cardatechnologies.utils.validators.abaroutevalidator.Test_AbaRouteValidator_10" time="0"/>
  <testcase name="testAbaNumberCheck_20249_good" classname="com.cardatechnologies.utils.validators.abaroutevalidator.Test_AbaRouteValidator_10" time="0"/>
  <testcase name="testAbaNumberCheck_21847_good" classname="com.cardatechnologies.utils.validators.abaroutevalidator.Test_AbaRouteValidator_10" time="0"/>
  <testcase name="testAbaNumberCheck_20907_good" classname="com.cardatechnologies.utils.validators.abaroutevalidator.Test_AbaRouteValidator_10" time="0"/>
  <testcase name="testAbaNumberCheck_20871_good" classname="com.cardatechnologies.utils.validators.abaroutevalidator.Test_AbaRouteValidator_10" time="0"/>
  <testcase name="testAbaNumberCheck_20087_good" classname="com.cardatechnologies.utils.validators.abaroutevalidator.Test_AbaRouteValidator_10" time="0"/>
  <testcase name="testAbaNumberCheck_21685_good" classname="com.cardatechnologies.utils.validators.abaroutevalidator.Test_AbaRouteValidator_10" time="0"/>
  <testcase name="testAbaNumberCheck_20745_good" classname="com.cardatechnologies.utils.validators.abaroutevalidator.Test_AbaRouteValidator_10" time="0.001"/>
  <testcase name="testAbaNumberCheck_21559_good" classname="com.cardatechnologies.utils.validators.abaroutevalidator.Test_AbaRouteValidator_10" time="0"/>
  <testcase name="testAbaNumberCheck_20619_good" classname="com.cardatechnologies.utils.validators.abaroutevalidator.Test_AbaRouteValidator_10" time="0"/>
  <testcase name="testAbaNumberCheck_20583_good" classname="com.cardatechnologies.utils.validators.abaroutevalidator.Test_AbaRouteValidator_10" time="0"/>
  <testcase name="testAbaNumberCheck_21397_good" classname="com.cardatechnologies.utils.validators.abaroutevalidator.Test_AbaRouteValidator_10" time="0"/>
  <testcase name="testAbaNumberCheck_20457_good" classname="com.cardatechnologies.utils.validators.abaroutevalidator.Test_AbaRouteValidator_10" time="0"/>
  <testcase name="testAbaNumberCheck_21929_good" classname="com.cardatechnologies.utils.validators.abaroutevalidator.Test_AbaRouteValidator_10" time="0"/>
  <testcase name="testAbaNumberCheck_20295_good" classname="com.cardatechnologies.utils.validators.abaroutevalidator.Test_AbaRouteValidator_10" time="0"/>
  <testcase name="testAbaNumberCheck_22000_bad" classname="com.cardatechnologies.utils.validators.abaroutevalidator.Test_AbaRouteValidator_10" time="0"/>
  <testcase name="testAbaNumberCheck_21893_good" classname="com.cardatechnologies.utils.validators.abaroutevalidator.Test_AbaRouteValidator_10" time="0"/>
  <testcase name="testAbaNumberCheck_20953_good" classname="com.cardatechnologies.utils.validators.abaroutevalidator.Test_AbaRouteValidator_10" time="0"/>
  <testcase name="testAbaNumberCheck_22002_bad" classname="com.cardatechnologies.utils.validators.abaroutevalidator.Test_AbaRouteValidator_10" time="0"/>
  <testcase name="testAbaNumberCheck_20169_good" classname="com.cardatechnologies.utils.validators.abaroutevalidator.Test_AbaRouteValidator_10" time="0"/>
  <testcase name="testAbaNumberCheck_22004_bad" classname="com.cardatechnologies.utils.validators.abaroutevalidator.Test_AbaRouteValidator_10" time="0"/>
  <testcase name="testAbaNumberCheck_21767_good" classname="com.cardatechnologies.utils.validators.abaroutevalidator.Test_AbaRouteValidator_10" time="0"/>
  <testcase name="testAbaNumberCheck_20827_good" classname="com.cardatechnologies.utils.validators.abaroutevalidator.Test_AbaRouteValidator_10" time="0"/>
  <testcase name="testAbaNumberCheck_22006_bad" classname="com.cardatechnologies.utils.validators.abaroutevalidator.Test_AbaRouteValidator_10" time="0"/>
  <testcase name="testAbaNumberCheck_22008_bad" classname="com.cardatechnologies.utils.validators.abaroutevalidator.Test_AbaRouteValidator_10" time="0"/>
  <testcase name="testAbaNumberCheck_20791_good" classname="com.cardatechnologies.utils.validators.abaroutevalidator.Test_AbaRouteValidator_10" time="0"/>
  <testcase name="testAbaNumberCheck_20665_good" classname="com.cardatechnologies.utils.validators.abaroutevalidator.Test_AbaRouteValidator_10" time="0"/>
  <testcase name="testAbaNumberCheck_21479_good" classname="com.cardatechnologies.utils.validators.abaroutevalidator.Test_AbaRouteValidator_10" time="0"/>
  <testcase name="testAbaNumberCheck_20539_good" classname="com.cardatechnologies.utils.validators.abaroutevalidator.Test_AbaRouteValidator_10" time="0"/>
  <testcase name="testAbaNumberCheck_20377_good" classname="com.cardatechnologies.utils.validators.abaroutevalidator.Test_AbaRouteValidator_10" time="0"/>
  <testcase name="testAbaNumberCheck_21975_good" classname="com.cardatechnologies.utils.validators.abaroutevalidator.Test_AbaRouteValidator_10" time="0"/>
  <testcase name="testAbaNumberCheck_22010_bad" classname="com.cardatechnologies.utils.validators.abaroutevalidator.Test_AbaRouteValidator_10" time="0.001"/>
  <testcase name="testAbaNumberCheck_21849_good" classname="com.cardatechnologies.utils.validators.abaroutevalidator.Test_AbaRouteValidator_10" time="0"/>
  <testcase name="testAbaNumberCheck_20909_good" classname="com.cardatechnologies.utils.validators.abaroutevalidator.Test_AbaRouteValidator_10" time="0"/>
  <testcase name="testAbaNumberCheck_22012_bad" classname="com.cardatechnologies.utils.validators.abaroutevalidator.Test_AbaRouteValidator_10" time="0"/>
  <testcase name="testAbaNumberCheck_21200_bad" classname="com.cardatechnologies.utils.validators.abaroutevalidator.Test_AbaRouteValidator_10" time="0"/>
  <testcase name="testAbaNumberCheck_22014_bad" classname="com.cardatechnologies.utils.validators.abaroutevalidator.Test_AbaRouteValidator_10" time="0"/>
  <testcase name="testAbaNumberCheck_20873_good" classname="com.cardatechnologies.utils.validators.abaroutevalidator.Test_AbaRouteValidator_10" time="0"/>
  <testcase name="testAbaNumberCheck_21202_bad" classname="com.cardatechnologies.utils.validators.abaroutevalidator.Test_AbaRouteValidator_10" time="0"/>
  <testcase name="testAbaNumberCheck_22016_bad" classname="com.cardatechnologies.utils.validators.abaroutevalidator.Test_AbaRouteValidator_10" time="0"/>
  <testcase name="testAbaNumberCheck_20089_good" classname="com.cardatechnologies.utils.validators.abaroutevalidator.Test_AbaRouteValidator_10" time="0"/>
  <testcase name="testAbaNumberCheck_21204_bad" classname="com.cardatechnologies.utils.validators.abaroutevalidator.Test_AbaRouteValidator_10" time="0"/>
  <testcase name="testAbaNumberCheck_22018_bad" classname="com.cardatechnologies.utils.validators.abaroutevalidator.Test_AbaRouteValidator_10" time="0"/>
  <testcase name="testAbaNumberCheck_21687_good" classname="com.cardatechnologies.utils.validators.abaroutevalidator.Test_AbaRouteValidator_10" time="0"/>
  <testcase name="testAbaNumberCheck_20747_good" classname="com.cardatechnologies.utils.validators.abaroutevalidator.Test_AbaRouteValidator_10" time="0"/>
  <testcase name="testAbaNumberCheck_21206_bad" classname="com.cardatechnologies.utils.validators.abaroutevalidator.Test_AbaRouteValidator_10" time="0"/>
  <testcase name="testAbaNumberCheck_21208_bad" classname="com.cardatechnologies.utils.validators.abaroutevalidator.Test_AbaRouteValidator_10" time="0"/>
  <testcase name="testAbaNumberCheck_20585_good" classname="com.cardatechnologies.utils.validators.abaroutevalidator.Test_AbaRouteValidator_10" time="0"/>
  <testcase name="testAbaNumberCheck_21399_good" classname="com.cardatechnologies.utils.validators.abaroutevalidator.Test_AbaRouteValidator_10" time="0"/>
  <testcase name="testAbaNumberCheck_20459_good" classname="com.cardatechnologies.utils.validators.abaroutevalidator.Test_AbaRouteValidator_10" time="0"/>
  <testcase name="testAbaNumberCheck_20297_good" classname="com.cardatechnologies.utils.validators.abaroutevalidator.Test_AbaRouteValidator_10" time="0"/>
  <testcase name="testAbaNumberCheck_22020_bad" classname="com.cardatechnologies.utils.validators.abaroutevalidator.Test_AbaRouteValidator_10" time="0"/>
  <testcase name="testAbaNumberCheck_21895_good" classname="com.cardatechnologies.utils.validators.abaroutevalidator.Test_AbaRouteValidator_10" time="0"/>
  <testcase name="testAbaNumberCheck_20955_good" classname="com.cardatechnologies.utils.validators.abaroutevalidator.Test_AbaRouteValidator_10" time="0"/>
  <testcase name="testAbaNumberCheck_22022_bad" classname="com.cardatechnologies.utils.validators.abaroutevalidator.Test_AbaRouteValidator_10" time="0"/>
  <testcase name="testAbaNumberCheck_21210_bad" classname="com.cardatechnologies.utils.validators.abaroutevalidator.Test_AbaRouteValidator_10" time="0"/>
  <testcase name="testAbaNumberCheck_22024_bad" classname="com.cardatechnologies.utils.validators.abaroutevalidator.Test_AbaRouteValidator_10" time="0"/>
  <testcase name="testAbaNumberCheck_21769_good" classname="com.cardatechnologies.utils.validators.abaroutevalidator.Test_AbaRouteValidator_10" time="0"/>
  <testcase name="testAbaNumberCheck_20829_good" classname="com.cardatechnologies.utils.validators.abaroutevalidator.Test_AbaRouteValidator_10" time="0"/>
  <testcase name="testAbaNumberCheck_21212_bad" classname="com.cardatechnologies.utils.validators.abaroutevalidator.Test_AbaRouteValidator_10" time="0"/>
  <testcase name="testAbaNumberCheck_22026_bad" classname="com.cardatechnologies.utils.validators.abaroutevalidator.Test_AbaRouteValidator_10" time="0"/>
  <testcase name="testAbaNumberCheck_20400_bad" classname="com.cardatechnologies.utils.validators.abaroutevalidator.Test_AbaRouteValidator_10" time="0"/>
  <testcase name="testAbaNumberCheck_21214_bad" classname="com.cardatechnologies.utils.validators.abaroutevalidator.Test_AbaRouteValidator_10" time="0"/>
  <testcase name="testAbaNumberCheck_22028_bad" classname="com.cardatechnologies.utils.validators.abaroutevalidator.Test_AbaRouteValidator_10" time="0"/>
  <testcase name="testAbaNumberCheck_20793_good" classname="com.cardatechnologies.utils.validators.abaroutevalidator.Test_AbaRouteValidator_10" time="0"/>
  <testcase name="testAbaNumberCheck_20402_bad" classname="com.cardatechnologies.utils.validators.abaroutevalidator.Test_AbaRouteValidator_10" time="0"/>
  <testcase name="testAbaNumberCheck_21216_bad" classname="com.cardatechnologies.utils.validators.abaroutevalidator.Test_AbaRouteValidator_10" time="0"/>
  <testcase name="testAbaNumberCheck_20404_bad" classname="com.cardatechnologies.utils.validators.abaroutevalidator.Test_AbaRouteValidator_10" time="0"/>
  <testcase name="testAbaNumberCheck_21218_bad" classname="com.cardatechnologies.utils.validators.abaroutevalidator.Test_AbaRouteValidator_10" time="0"/>
  <testcase name="testAbaNumberCheck_20667_good" classname="com.cardatechnologies.utils.validators.abaroutevalidator.Test_AbaRouteValidator_10" time="0"/>
  <testcase name="testAbaNumberCheck_20406_bad" classname="com.cardatechnologies.utils.validators.abaroutevalidator.Test_AbaRouteValidator_10" time="0"/>
  <testcase name="testAbaNumberCheck_20408_bad" classname="com.cardatechnologies.utils.validators.abaroutevalidator.Test_AbaRouteValidator_10" time="0"/>
  <testcase name="testAbaNumberCheck_20379_good" classname="com.cardatechnologies.utils.validators.abaroutevalidator.Test_AbaRouteValidator_10" time="0"/>
  <testcase name="testAbaNumberCheck_21977_good" classname="com.cardatechnologies.utils.validators.abaroutevalidator.Test_AbaRouteValidator_10" time="0"/>
  <testcase name="testAbaNumberCheck_22030_bad" classname="com.cardatechnologies.utils.validators.abaroutevalidator.Test_AbaRouteValidator_10" time="0"/>
  <testcase name="testAbaNumberCheck_22032_bad" classname="com.cardatechnologies.utils.validators.abaroutevalidator.Test_AbaRouteValidator_10" time="0"/>
  <testcase name="testAbaNumberCheck_21220_bad" classname="com.cardatechnologies.utils.validators.abaroutevalidator.Test_AbaRouteValidator_10" time="0.001"/>
  <testcase name="testAbaNumberCheck_22034_bad" classname="com.cardatechnologies.utils.validators.abaroutevalidator.Test_AbaRouteValidator_10" time="0"/>
  <testcase name="testAbaNumberCheck_20875_good" classname="com.cardatechnologies.utils.validators.abaroutevalidator.Test_AbaRouteValidator_10" time="0"/>
  <testcase name="testAbaNumberCheck_21222_bad" classname="com.cardatechnologies.utils.validators.abaroutevalidator.Test_AbaRouteValidator_10" time="0"/>
  <testcase name="testAbaNumberCheck_22036_bad" classname="com.cardatechnologies.utils.validators.abaroutevalidator.Test_AbaRouteValidator_10" time="0"/>
  <testcase name="testAbaNumberCheck_20410_bad" classname="com.cardatechnologies.utils.validators.abaroutevalidator.Test_AbaRouteValidator_10" time="0"/>
  <testcase name="testAbaNumberCheck_21224_bad" classname="com.cardatechnologies.utils.validators.abaroutevalidator.Test_AbaRouteValidator_10" time="0"/>
  <testcase name="testAbaNumberCheck_22038_bad" classname="com.cardatechnologies.utils.validators.abaroutevalidator.Test_AbaRouteValidator_10" time="0"/>
  <testcase name="testAbaNumberCheck_21689_good" classname="com.cardatechnologies.utils.validators.abaroutevalidator.Test_AbaRouteValidator_10" time="0"/>
  <testcase name="testAbaNumberCheck_20749_good" classname="com.cardatechnologies.utils.validators.abaroutevalidator.Test_AbaRouteValidator_10" time="0"/>
  <testcase name="testAbaNumberCheck_20412_bad" classname="com.cardatechnologies.utils.validators.abaroutevalidator.Test_AbaRouteValidator_10" time="0"/>
  <testcase name="testAbaNumberCheck_21226_bad" classname="com.cardatechnologies.utils.validators.abaroutevalidator.Test_AbaRouteValidator_10" time="0"/>
  <testcase name="testAbaNumberCheck_20414_bad" classname="com.cardatechnologies.utils.validators.abaroutevalidator.Test_AbaRouteValidator_10" time="0"/>
  <testcase name="testAbaNumberCheck_21228_bad" classname="com.cardatechnologies.utils.validators.abaroutevalidator.Test_AbaRouteValidator_10" time="0"/>
  <testcase name="testAbaNumberCheck_20416_bad" classname="com.cardatechnologies.utils.validators.abaroutevalidator.Test_AbaRouteValidator_10" time="0"/>
  <testcase name="testAbaNumberCheck_20418_bad" classname="com.cardatechnologies.utils.validators.abaroutevalidator.Test_AbaRouteValidator_10" time="0"/>
  <testcase name="testAbaNumberCheck_20587_good" classname="com.cardatechnologies.utils.validators.abaroutevalidator.Test_AbaRouteValidator_10" time="0"/>
  <testcase name="testAbaNumberCheck_20299_good" classname="com.cardatechnologies.utils.validators.abaroutevalidator.Test_AbaRouteValidator_10" time="0"/>
  <testcase name="testAbaNumberCheck_22040_bad" classname="com.cardatechnologies.utils.validators.abaroutevalidator.Test_AbaRouteValidator_10" time="0"/>
  <testcase name="testAbaNumberCheck_21897_good" classname="com.cardatechnologies.utils.validators.abaroutevalidator.Test_AbaRouteValidator_10" time="0"/>
  <testcase name="testAbaNumberCheck_20957_good" classname="com.cardatechnologies.utils.validators.abaroutevalidator.Test_AbaRouteValidator_10" time="0"/>
  <testcase name="testAbaNumberCheck_22042_bad" classname="com.cardatechnologies.utils.validators.abaroutevalidator.Test_AbaRouteValidator_10" time="0"/>
  <testcase name="testAbaNumberCheck_21230_bad" classname="com.cardatechnologies.utils.validators.abaroutevalidator.Test_AbaRouteValidator_10" time="0"/>
  <testcase name="testAbaNumberCheck_22044_bad" classname="com.cardatechnologies.utils.validators.abaroutevalidator.Test_AbaRouteValidator_10" time="0"/>
  <testcase name="testAbaNumberCheck_21232_bad" classname="com.cardatechnologies.utils.validators.abaroutevalidator.Test_AbaRouteValidator_10" time="0"/>
  <testcase name="testAbaNumberCheck_22046_bad" classname="com.cardatechnologies.utils.validators.abaroutevalidator.Test_AbaRouteValidator_10" time="0"/>
  <testcase name="testAbaNumberCheck_20420_bad" classname="com.cardatechnologies.utils.validators.abaroutevalidator.Test_AbaRouteValidator_10" time="0"/>
  <testcase name="testAbaNumberCheck_21234_bad" classname="com.cardatechnologies.utils.validators.abaroutevalidator.Test_AbaRouteValidator_10" time="0"/>
  <testcase name="testAbaNumberCheck_22048_bad" classname="com.cardatechnologies.utils.validators.abaroutevalidator.Test_AbaRouteValidator_10" time="0"/>
  <testcase name="testAbaNumberCheck_20795_good" classname="com.cardatechnologies.utils.validators.abaroutevalidator.Test_AbaRouteValidator_10" time="0"/>
  <testcase name="testAbaNumberCheck_20422_bad" classname="com.cardatechnologies.utils.validators.abaroutevalidator.Test_AbaRouteValidator_10" time="0"/>
  <testcase name="testAbaNumberCheck_21236_bad" classname="com.cardatechnologies.utils.validators.abaroutevalidator.Test_AbaRouteValidator_10" time="0"/>
  <testcase name="testAbaNumberCheck_20424_bad" classname="com.cardatechnologies.utils.validators.abaroutevalidator.Test_AbaRouteValidator_10" time="0"/>
  <testcase name="testAbaNumberCheck_21238_bad" classname="com.cardatechnologies.utils.validators.abaroutevalidator.Test_AbaRouteValidator_10" time="0"/>
  <testcase name="testAbaNumberCheck_20669_good" classname="com.cardatechnologies.utils.validators.abaroutevalidator.Test_AbaRouteValidator_10" time="0"/>
  <testcase name="testAbaNumberCheck_20426_bad" classname="com.cardatechnologies.utils.validators.abaroutevalidator.Test_AbaRouteValidator_10" time="0"/>
  <testcase name="testAbaNumberCheck_20428_bad" classname="com.cardatechnologies.utils.validators.abaroutevalidator.Test_AbaRouteValidator_10" time="0"/>
  <testcase name="testAbaNumberCheck_21979_good" classname="com.cardatechnologies.utils.validators.abaroutevalidator.Test_AbaRouteValidator_10" time="0"/>
  <testcase name="testAbaNumberCheck_22050_bad" classname="com.cardatechnologies.utils.validators.abaroutevalidator.Test_AbaRouteValidator_10" time="0"/>
  <testcase name="testAbaNumberCheck_22052_bad" classname="com.cardatechnologies.utils.validators.abaroutevalidator.Test_AbaRouteValidator_10" time="0"/>
  <testcase name="testAbaNumberCheck_21240_bad" classname="com.cardatechnologies.utils.validators.abaroutevalidator.Test_AbaRouteValidator_10" time="0"/>
  <testcase name="testAbaNumberCheck_22054_bad" classname="com.cardatechnologies.utils.validators.abaroutevalidator.Test_AbaRouteValidator_10" time="0"/>
  <testcase name="testAbaNumberCheck_20877_good" classname="com.cardatechnologies.utils.validators.abaroutevalidator.Test_AbaRouteValidator_10" time="0"/>
  <testcase name="testAbaNumberCheck_21242_bad" classname="com.cardatechnologies.utils.validators.abaroutevalidator.Test_AbaRouteValidator_10" time="0"/>
  <testcase name="testAbaNumberCheck_22056_bad" classname="com.cardatechnologies.utils.validators.abaroutevalidator.Test_AbaRouteValidator_10" time="0"/>
  <testcase name="testAbaNumberCheck_20430_bad" classname="com.cardatechnologies.utils.validators.abaroutevalidator.Test_AbaRouteValidator_10" time="0"/>
  <testcase name="testAbaNumberCheck_21244_bad" classname="com.cardatechnologies.utils.validators.abaroutevalidator.Test_AbaRouteValidator_10" time="0"/>
  <testcase name="testAbaNumberCheck_22058_bad" classname="com.cardatechnologies.utils.validators.abaroutevalidator.Test_AbaRouteValidator_10" time="0"/>
  <testcase name="testAbaNumberCheck_20432_bad" classname="com.cardatechnologies.utils.validators.abaroutevalidator.Test_AbaRouteValidator_10" time="0.001"/>
  <testcase name="testAbaNumberCheck_21246_bad" classname="com.cardatechnologies.utils.validators.abaroutevalidator.Test_AbaRouteValidator_10" time="0"/>
  <testcase name="testAbaNumberCheck_20434_bad" classname="com.cardatechnologies.utils.validators.abaroutevalidator.Test_AbaRouteValidator_10" time="0"/>
  <testcase name="testAbaNumberCheck_21248_bad" classname="com.cardatechnologies.utils.validators.abaroutevalidator.Test_AbaRouteValidator_10" time="0"/>
  <testcase name="testAbaNumberCheck_20436_bad" classname="com.cardatechnologies.utils.validators.abaroutevalidator.Test_AbaRouteValidator_10" time="0"/>
  <testcase name="testAbaNumberCheck_20438_bad" classname="com.cardatechnologies.utils.validators.abaroutevalidator.Test_AbaRouteValidator_10" time="0"/>
  <testcase name="testAbaNumberCheck_20589_good" classname="com.cardatechnologies.utils.validators.abaroutevalidator.Test_AbaRouteValidator_10" time="0"/>
  <testcase name="testAbaNumberCheck_22060_bad" classname="com.cardatechnologies.utils.validators.abaroutevalidator.Test_AbaRouteValidator_10" time="0"/>
  <testcase name="testAbaNumberCheck_21899_good" classname="com.cardatechnologies.utils.validators.abaroutevalidator.Test_AbaRouteValidator_10" time="0"/>
  <testcase name="testAbaNumberCheck_20959_good" classname="com.cardatechnologies.utils.validators.abaroutevalidator.Test_AbaRouteValidator_10" time="0"/>
  <testcase name="testAbaNumberCheck_22062_bad" classname="com.cardatechnologies.utils.validators.abaroutevalidator.Test_AbaRouteValidator_10" time="0"/>
  <testcase name="testAbaNumberCheck_21700_bad" classname="com.cardatechnologies.utils.validators.abaroutevalidator.Test_AbaRouteValidator_10" time="0"/>
  <testcase name="testAbaNumberCheck_21250_bad" classname="com.cardatechnologies.utils.validators.abaroutevalidator.Test_AbaRouteValidator_10" time="0"/>
  <testcase name="testAbaNumberCheck_22064_bad" classname="com.cardatechnologies.utils.validators.abaroutevalidator.Test_AbaRouteValidator_10" time="0"/>
  <testcase name="testAbaNumberCheck_21702_bad" classname="com.cardatechnologies.utils.validators.abaroutevalidator.Test_AbaRouteValidator_10" time="0"/>
  <testcase name="testAbaNumberCheck_21252_bad" classname="com.cardatechnologies.utils.validators.abaroutevalidator.Test_AbaRouteValidator_10" time="0"/>
  <testcase name="testAbaNumberCheck_22066_bad" classname="com.cardatechnologies.utils.validators.abaroutevalidator.Test_AbaRouteValidator_10" time="0"/>
  <testcase name="testAbaNumberCheck_21704_bad" classname="com.cardatechnologies.utils.validators.abaroutevalidator.Test_AbaRouteValidator_10" time="0"/>
  <testcase name="testAbaNumberCheck_20440_bad" classname="com.cardatechnologies.utils.validators.abaroutevalidator.Test_AbaRouteValidator_10" time="0"/>
  <testcase name="testAbaNumberCheck_21254_bad" classname="com.cardatechnologies.utils.validators.abaroutevalidator.Test_AbaRouteValidator_10" time="0"/>
  <testcase name="testAbaNumberCheck_22068_bad" classname="com.cardatechnologies.utils.validators.abaroutevalidator.Test_AbaRouteValidator_10" time="0"/>
  <testcase name="testAbaNumberCheck_20797_good" classname="com.cardatechnologies.utils.validators.abaroutevalidator.Test_AbaRouteValidator_10" time="0"/>
  <testcase name="testAbaNumberCheck_21706_bad" classname="com.cardatechnologies.utils.validators.abaroutevalidator.Test_AbaRouteValidator_10" time="0"/>
  <testcase name="testAbaNumberCheck_20442_bad" classname="com.cardatechnologies.utils.validators.abaroutevalidator.Test_AbaRouteValidator_10" time="0"/>
  <testcase name="testAbaNumberCheck_21256_bad" classname="com.cardatechnologies.utils.validators.abaroutevalidator.Test_AbaRouteValidator_10" time="0"/>
  <testcase name="testAbaNumberCheck_21708_bad" classname="com.cardatechnologies.utils.validators.abaroutevalidator.Test_AbaRouteValidator_10" time="0"/>
  <testcase name="testAbaNumberCheck_20444_bad" classname="com.cardatechnologies.utils.validators.abaroutevalidator.Test_AbaRouteValidator_10" time="0"/>
  <testcase name="testAbaNumberCheck_21258_bad" classname="com.cardatechnologies.utils.validators.abaroutevalidator.Test_AbaRouteValidator_10" time="0"/>
  <testcase name="testAbaNumberCheck_20446_bad" classname="com.cardatechnologies.utils.validators.abaroutevalidator.Test_AbaRouteValidator_10" time="0"/>
  <testcase name="testAbaNumberCheck_20448_bad" classname="com.cardatechnologies.utils.validators.abaroutevalidator.Test_AbaRouteValidator_10" time="0"/>
  <testcase name="testAbaNumberCheck_22070_bad" classname="com.cardatechnologies.utils.validators.abaroutevalidator.Test_AbaRouteValidator_10" time="0"/>
  <testcase name="testAbaNumberCheck_22072_bad" classname="com.cardatechnologies.utils.validators.abaroutevalidator.Test_AbaRouteValidator_10" time="0"/>
  <testcase name="testAbaNumberCheck_21710_bad" classname="com.cardatechnologies.utils.validators.abaroutevalidator.Test_AbaRouteValidator_10" time="0"/>
  <testcase name="testAbaNumberCheck_21260_bad" classname="com.cardatechnologies.utils.validators.abaroutevalidator.Test_AbaRouteValidator_10" time="0"/>
  <testcase name="testAbaNumberCheck_22074_bad" classname="com.cardatechnologies.utils.validators.abaroutevalidator.Test_AbaRouteValidator_10" time="0"/>
  <testcase name="testAbaNumberCheck_20879_good" classname="com.cardatechnologies.utils.validators.abaroutevalidator.Test_AbaRouteValidator_10" time="0"/>
  <testcase name="testAbaNumberCheck_21712_bad" classname="com.cardatechnologies.utils.validators.abaroutevalidator.Test_AbaRouteValidator_10" time="0"/>
  <testcase name="testAbaNumberCheck_21262_bad" classname="com.cardatechnologies.utils.validators.abaroutevalidator.Test_AbaRouteValidator_10" time="0"/>
  <testcase name="testAbaNumberCheck_22076_bad" classname="com.cardatechnologies.utils.validators.abaroutevalidator.Test_AbaRouteValidator_10" time="0"/>
  <testcase name="testAbaNumberCheck_20900_bad" classname="com.cardatechnologies.utils.validators.abaroutevalidator.Test_AbaRouteValidator_10" time="0"/>
  <testcase name="testAbaNumberCheck_21714_bad" classname="com.cardatechnologies.utils.validators.abaroutevalidator.Test_AbaRouteValidator_10" time="0"/>
  <testcase name="testAbaNumberCheck_20450_bad" classname="com.cardatechnologies.utils.validators.abaroutevalidator.Test_AbaRouteValidator_10" time="0"/>
  <testcase name="testAbaNumberCheck_21264_bad" classname="com.cardatechnologies.utils.validators.abaroutevalidator.Test_AbaRouteValidator_10" time="0"/>
  <testcase name="testAbaNumberCheck_22078_bad" classname="com.cardatechnologies.utils.validators.abaroutevalidator.Test_AbaRouteValidator_10" time="0.001"/>
  <testcase name="testAbaNumberCheck_20902_bad" classname="com.cardatechnologies.utils.validators.abaroutevalidator.Test_AbaRouteValidator_10" time="0"/>
  <testcase name="testAbaNumberCheck_21716_bad" classname="com.cardatechnologies.utils.validators.abaroutevalidator.Test_AbaRouteValidator_10" time="0"/>
  <testcase name="testAbaNumberCheck_20452_bad" classname="com.cardatechnologies.utils.validators.abaroutevalidator.Test_AbaRouteValidator_10" time="0"/>
  <testcase name="testAbaNumberCheck_21266_bad" classname="com.cardatechnologies.utils.validators.abaroutevalidator.Test_AbaRouteValidator_10" time="0"/>
  <testcase name="testAbaNumberCheck_20904_bad" classname="com.cardatechnologies.utils.validators.abaroutevalidator.Test_AbaRouteValidator_10" time="0"/>
  <testcase name="testAbaNumberCheck_21718_bad" classname="com.cardatechnologies.utils.validators.abaroutevalidator.Test_AbaRouteValidator_10" time="0"/>
  <testcase name="testAbaNumberCheck_20454_bad" classname="com.cardatechnologies.utils.validators.abaroutevalidator.Test_AbaRouteValidator_10" time="0"/>
  <testcase name="testAbaNumberCheck_21268_bad" classname="com.cardatechnologies.utils.validators.abaroutevalidator.Test_AbaRouteValidator_10" time="0"/>
  <testcase name="testAbaNumberCheck_20906_bad" classname="com.cardatechnologies.utils.validators.abaroutevalidator.Test_AbaRouteValidator_10" time="0"/>
  <testcase name="testAbaNumberCheck_20456_bad" classname="com.cardatechnologies.utils.validators.abaroutevalidator.Test_AbaRouteValidator_10" time="0"/>
  <testcase name="testAbaNumberCheck_20908_bad" classname="com.cardatechnologies.utils.validators.abaroutevalidator.Test_AbaRouteValidator_10" time="0"/>
  <testcase name="testAbaNumberCheck_20458_bad" classname="com.cardatechnologies.utils.validators.abaroutevalidator.Test_AbaRouteValidator_10" time="0"/>
  <testcase name="testAbaNumberCheck_22080_bad" classname="com.cardatechnologies.utils.validators.abaroutevalidator.Test_AbaRouteValidator_10" time="0"/>
  <testcase name="testAbaNumberCheck_22082_bad" classname="com.cardatechnologies.utils.validators.abaroutevalidator.Test_AbaRouteValidator_10" time="0"/>
  <testcase name="testAbaNumberCheck_21720_bad" classname="com.cardatechnologies.utils.validators.abaroutevalidator.Test_AbaRouteValidator_10" time="0"/>
  <testcase name="testAbaNumberCheck_21270_bad" classname="com.cardatechnologies.utils.validators.abaroutevalidator.Test_AbaRouteValidator_10" time="0"/>
  <testcase name="testAbaNumberCheck_22084_bad" classname="com.cardatechnologies.utils.validators.abaroutevalidator.Test_AbaRouteValidator_10" time="0.001"/>
  <testcase name="testAbaNumberCheck_21722_bad" classname="com.cardatechnologies.utils.validators.abaroutevalidator.Test_AbaRouteValidator_10" time="0"/>
  <testcase name="testAbaNumberCheck_21272_bad" classname="com.cardatechnologies.utils.validators.abaroutevalidator.Test_AbaRouteValidator_10" time="0"/>
  <testcase name="testAbaNumberCheck_22086_bad" classname="com.cardatechnologies.utils.validators.abaroutevalidator.Test_AbaRouteValidator_10" time="0"/>
  <testcase name="testAbaNumberCheck_20910_bad" classname="com.cardatechnologies.utils.validators.abaroutevalidator.Test_AbaRouteValidator_10" time="0"/>
  <testcase name="testAbaNumberCheck_21724_bad" classname="com.cardatechnologies.utils.validators.abaroutevalidator.Test_AbaRouteValidator_10" time="0"/>
  <testcase name="testAbaNumberCheck_20460_bad" classname="com.cardatechnologies.utils.validators.abaroutevalidator.Test_AbaRouteValidator_10" time="0"/>
  <testcase name="testAbaNumberCheck_21274_bad" classname="com.cardatechnologies.utils.validators.abaroutevalidator.Test_AbaRouteValidator_10" time="0"/>
  <testcase name="testAbaNumberCheck_22088_bad" classname="com.cardatechnologies.utils.validators.abaroutevalidator.Test_AbaRouteValidator_10" time="0"/>
  <testcase name="testAbaNumberCheck_20799_good" classname="com.cardatechnologies.utils.validators.abaroutevalidator.Test_AbaRouteValidator_10" time="0"/>
  <testcase name="testAbaNumberCheck_20912_bad" classname="com.cardatechnologies.utils.validators.abaroutevalidator.Test_AbaRouteValidator_10" time="0"/>
  <testcase name="testAbaNumberCheck_21726_bad" classname="com.cardatechnologies.utils.validators.abaroutevalidator.Test_AbaRouteValidator_10" time="0"/>
  <testcase name="testAbaNumberCheck_20462_bad" classname="com.cardatechnologies.utils.validators.abaroutevalidator.Test_AbaRouteValidator_10" time="0"/>
  <testcase name="testAbaNumberCheck_21276_bad" classname="com.cardatechnologies.utils.validators.abaroutevalidator.Test_AbaRouteValidator_10" time="0"/>
  <testcase name="testAbaNumberCheck_20914_bad" classname="com.cardatechnologies.utils.validators.abaroutevalidator.Test_AbaRouteValidator_10" time="0"/>
  <testcase name="testAbaNumberCheck_21728_bad" classname="com.cardatechnologies.utils.validators.abaroutevalidator.Test_AbaRouteValidator_10" time="0"/>
  <testcase name="testAbaNumberCheck_20464_bad" classname="com.cardatechnologies.utils.validators.abaroutevalidator.Test_AbaRouteValidator_10" time="0"/>
  <testcase name="testAbaNumberCheck_21278_bad" classname="com.cardatechnologies.utils.validators.abaroutevalidator.Test_AbaRouteValidator_10" time="0"/>
  <testcase name="testAbaNumberCheck_20916_bad" classname="com.cardatechnologies.utils.validators.abaroutevalidator.Test_AbaRouteValidator_10" time="0"/>
  <testcase name="testAbaNumberCheck_20466_bad" classname="com.cardatechnologies.utils.validators.abaroutevalidator.Test_AbaRouteValidator_10" time="0"/>
  <testcase name="testAbaNumberCheck_20918_bad" classname="com.cardatechnologies.utils.validators.abaroutevalidator.Test_AbaRouteValidator_10" time="0"/>
  <testcase name="testAbaNumberCheck_20468_bad" classname="com.cardatechnologies.utils.validators.abaroutevalidator.Test_AbaRouteValidator_10" time="0"/>
  <testcase name="testAbaNumberCheck_22090_bad" classname="com.cardatechnologies.utils.validators.abaroutevalidator.Test_AbaRouteValidator_10" time="0"/>
  <testcase name="testAbaNumberCheck_22092_bad" classname="com.cardatechnologies.utils.validators.abaroutevalidator.Test_AbaRouteValidator_10" time="0.001"/>
  <testcase name="testAbaNumberCheck_21730_bad" classname="com.cardatechnologies.utils.validators.abaroutevalidator.Test_AbaRouteValidator_10" time="0"/>
  <testcase name="testAbaNumberCheck_21280_bad" classname="com.cardatechnologies.utils.validators.abaroutevalidator.Test_AbaRouteValidator_10" time="0"/>
  <testcase name="testAbaNumberCheck_22094_bad" classname="com.cardatechnologies.utils.validators.abaroutevalidator.Test_AbaRouteValidator_10" time="0"/>
  <testcase name="testAbaNumberCheck_21732_bad" classname="com.cardatechnologies.utils.validators.abaroutevalidator.Test_AbaRouteValidator_10" time="0"/>
  <testcase name="testAbaNumberCheck_21282_bad" classname="com.cardatechnologies.utils.validators.abaroutevalidator.Test_AbaRouteValidator_10" time="0"/>
  <testcase name="testAbaNumberCheck_22096_bad" classname="com.cardatechnologies.utils.validators.abaroutevalidator.Test_AbaRouteValidator_10" time="0"/>
  <testcase name="testAbaNumberCheck_20920_bad" classname="com.cardatechnologies.utils.validators.abaroutevalidator.Test_AbaRouteValidator_10" time="0"/>
  <testcase name="testAbaNumberCheck_21734_bad" classname="com.cardatechnologies.utils.validators.abaroutevalidator.Test_AbaRouteValidator_10" time="0"/>
  <testcase name="testAbaNumberCheck_20470_bad" classname="com.cardatechnologies.utils.validators.abaroutevalidator.Test_AbaRouteValidator_10" time="0"/>
  <testcase name="testAbaNumberCheck_21284_bad" classname="com.cardatechnologies.utils.validators.abaroutevalidator.Test_AbaRouteValidator_10" time="0"/>
  <testcase name="testAbaNumberCheck_22098_bad" classname="com.cardatechnologies.utils.validators.abaroutevalidator.Test_AbaRouteValidator_10" time="0"/>
  <testcase name="testAbaNumberCheck_20922_bad" classname="com.cardatechnologies.utils.validators.abaroutevalidator.Test_AbaRouteValidator_10" time="0"/>
  <testcase name="testAbaNumberCheck_21736_bad" classname="com.cardatechnologies.utils.validators.abaroutevalidator.Test_AbaRouteValidator_10" time="0"/>
  <testcase name="testAbaNumberCheck_20472_bad" classname="com.cardatechnologies.utils.validators.abaroutevalidator.Test_AbaRouteValidator_10" time="0"/>
  <testcase name="testAbaNumberCheck_21286_bad" classname="com.cardatechnologies.utils.validators.abaroutevalidator.Test_AbaRouteValidator_10" time="0"/>
  <testcase name="testAbaNumberCheck_20924_bad" classname="com.cardatechnologies.utils.validators.abaroutevalidator.Test_AbaRouteValidator_10" time="0"/>
  <testcase name="testAbaNumberCheck_21738_bad" classname="com.cardatechnologies.utils.validators.abaroutevalidator.Test_AbaRouteValidator_10" time="0"/>
  <testcase name="testAbaNumberCheck_20474_bad" classname="com.cardatechnologies.utils.validators.abaroutevalidator.Test_AbaRouteValidator_10" time="0"/>
  <testcase name="testAbaNumberCheck_21288_bad" classname="com.cardatechnologies.utils.validators.abaroutevalidator.Test_AbaRouteValidator_10" time="0"/>
  <testcase name="testAbaNumberCheck_20926_bad" classname="com.cardatechnologies.utils.validators.abaroutevalidator.Test_AbaRouteValidator_10" time="0"/>
  <testcase name="testAbaNumberCheck_20476_bad" classname="com.cardatechnologies.utils.validators.abaroutevalidator.Test_AbaRouteValidator_10" time="0"/>
  <testcase name="testAbaNumberCheck_20928_bad" classname="com.cardatechnologies.utils.validators.abaroutevalidator.Test_AbaRouteValidator_10" time="0"/>
  <testcase name="testAbaNumberCheck_20478_bad" classname="com.cardatechnologies.utils.validators.abaroutevalidator.Test_AbaRouteValidator_10" time="0"/>
  <testcase name="testAbaNumberCheck_21740_bad" classname="com.cardatechnologies.utils.validators.abaroutevalidator.Test_AbaRouteValidator_10" time="0"/>
  <testcase name="testAbaNumberCheck_21290_bad" classname="com.cardatechnologies.utils.validators.abaroutevalidator.Test_AbaRouteValidator_10" time="0.001"/>
  <testcase name="testAbaNumberCheck_21742_bad" classname="com.cardatechnologies.utils.validators.abaroutevalidator.Test_AbaRouteValidator_10" time="0"/>
  <testcase name="testAbaNumberCheck_21292_bad" classname="com.cardatechnologies.utils.validators.abaroutevalidator.Test_AbaRouteValidator_10" time="0"/>
  <testcase name="testAbaNumberCheck_20930_bad" classname="com.cardatechnologies.utils.validators.abaroutevalidator.Test_AbaRouteValidator_10" time="0"/>
  <testcase name="testAbaNumberCheck_21744_bad" classname="com.cardatechnologies.utils.validators.abaroutevalidator.Test_AbaRouteValidator_10" time="0"/>
  <testcase name="testAbaNumberCheck_20480_bad" classname="com.cardatechnologies.utils.validators.abaroutevalidator.Test_AbaRouteValidator_10" time="0"/>
  <testcase name="testAbaNumberCheck_21294_bad" classname="com.cardatechnologies.utils.validators.abaroutevalidator.Test_AbaRouteValidator_10" time="0"/>
  <testcase name="testAbaNumberCheck_20932_bad" classname="com.cardatechnologies.utils.validators.abaroutevalidator.Test_AbaRouteValidator_10" time="0"/>
  <testcase name="testAbaNumberCheck_21746_bad" classname="com.cardatechnologies.utils.validators.abaroutevalidator.Test_AbaRouteValidator_10" time="0"/>
  <testcase name="testAbaNumberCheck_20482_bad" classname="com.cardatechnologies.utils.validators.abaroutevalidator.Test_AbaRouteValidator_10" time="0"/>
  <testcase name="testAbaNumberCheck_21296_bad" classname="com.cardatechnologies.utils.validators.abaroutevalidator.Test_AbaRouteValidator_10" time="0"/>
  <testcase name="testAbaNumberCheck_20934_bad" classname="com.cardatechnologies.utils.validators.abaroutevalidator.Test_AbaRouteValidator_10" time="0"/>
  <testcase name="testAbaNumberCheck_21748_bad" classname="com.cardatechnologies.utils.validators.abaroutevalidator.Test_AbaRouteValidator_10" time="0"/>
  <testcase name="testAbaNumberCheck_20484_bad" classname="com.cardatechnologies.utils.validators.abaroutevalidator.Test_AbaRouteValidator_10" time="0"/>
  <testcase name="testAbaNumberCheck_21298_bad" classname="com.cardatechnologies.utils.validators.abaroutevalidator.Test_AbaRouteValidator_10" time="0"/>
  <testcase name="testAbaNumberCheck_20936_bad" classname="com.cardatechnologies.utils.validators.abaroutevalidator.Test_AbaRouteValidator_10" time="0"/>
  <testcase name="testAbaNumberCheck_20486_bad" classname="com.cardatechnologies.utils.validators.abaroutevalidator.Test_AbaRouteValidator_10" time="0"/>
  <testcase name="testAbaNumberCheck_20938_bad" classname="com.cardatechnologies.utils.validators.abaroutevalidator.Test_AbaRouteValidator_10" time="0"/>
  <testcase name="testAbaNumberCheck_20488_bad" classname="com.cardatechnologies.utils.validators.abaroutevalidator.Test_AbaRouteValidator_10" time="0"/>
  <testcase name="testAbaNumberCheck_22111_good" classname="com.cardatechnologies.utils.validators.abaroutevalidator.Test_AbaRouteValidator_10" time="0"/>
  <testcase name="testAbaNumberCheck_21750_bad" classname="com.cardatechnologies.utils.validators.abaroutevalidator.Test_AbaRouteValidator_10" time="0.001"/>
  <testcase name="testAbaNumberCheck_21752_bad" classname="com.cardatechnologies.utils.validators.abaroutevalidator.Test_AbaRouteValidator_10" time="0"/>
  <testcase name="testAbaNumberCheck_20940_bad" classname="com.cardatechnologies.utils.validators.abaroutevalidator.Test_AbaRouteValidator_10" time="0"/>
  <testcase name="testAbaNumberCheck_21754_bad" classname="com.cardatechnologies.utils.validators.abaroutevalidator.Test_AbaRouteValidator_10" time="0"/>
  <testcase name="testAbaNumberCheck_20490_bad" classname="com.cardatechnologies.utils.validators.abaroutevalidator.Test_AbaRouteValidator_10" time="0"/>
  <testcase name="testAbaNumberCheck_20942_bad" classname="com.cardatechnologies.utils.validators.abaroutevalidator.Test_AbaRouteValidator_10" time="0"/>
  <testcase name="testAbaNumberCheck_21756_bad" classname="com.cardatechnologies.utils.validators.abaroutevalidator.Test_AbaRouteValidator_10" time="0"/>
  <testcase name="testAbaNumberCheck_20492_bad" classname="com.cardatechnologies.utils.validators.abaroutevalidator.Test_AbaRouteValidator_10" time="0"/>
  <testcase name="testAbaNumberCheck_20944_bad" classname="com.cardatechnologies.utils.validators.abaroutevalidator.Test_AbaRouteValidator_10" time="0"/>
  <testcase name="testAbaNumberCheck_21758_bad" classname="com.cardatechnologies.utils.validators.abaroutevalidator.Test_AbaRouteValidator_10" time="0"/>
  <testcase name="testAbaNumberCheck_20494_bad" classname="com.cardatechnologies.utils.validators.abaroutevalidator.Test_AbaRouteValidator_10" time="0"/>
  <testcase name="testAbaNumberCheck_20946_bad" classname="com.cardatechnologies.utils.validators.abaroutevalidator.Test_AbaRouteValidator_10" time="0"/>
  <testcase name="testAbaNumberCheck_20496_bad" classname="com.cardatechnologies.utils.validators.abaroutevalidator.Test_AbaRouteValidator_10" time="0"/>
  <testcase name="testAbaNumberCheck_20948_bad" classname="com.cardatechnologies.utils.validators.abaroutevalidator.Test_AbaRouteValidator_10" time="0"/>
  <testcase name="testAbaNumberCheck_20498_bad" classname="com.cardatechnologies.utils.validators.abaroutevalidator.Test_AbaRouteValidator_10" time="0"/>
  <testcase name="testAbaNumberCheck_22031_good" classname="com.cardatechnologies.utils.validators.abaroutevalidator.Test_AbaRouteValidator_10" time="0"/>
  <testcase name="testAbaNumberCheck_21760_bad" classname="com.cardatechnologies.utils.validators.abaroutevalidator.Test_AbaRouteValidator_10" time="0"/>
  <testcase name="testAbaNumberCheck_21762_bad" classname="com.cardatechnologies.utils.validators.abaroutevalidator.Test_AbaRouteValidator_10" time="0"/>
  <testcase name="testAbaNumberCheck_20950_bad" classname="com.cardatechnologies.utils.validators.abaroutevalidator.Test_AbaRouteValidator_10" time="0"/>
  <testcase name="testAbaNumberCheck_21764_bad" classname="com.cardatechnologies.utils.validators.abaroutevalidator.Test_AbaRouteValidator_10" time="0"/>
  <testcase name="testAbaNumberCheck_20952_bad" classname="com.cardatechnologies.utils.validators.abaroutevalidator.Test_AbaRouteValidator_10" time="0"/>
  <testcase name="testAbaNumberCheck_21766_bad" classname="com.cardatechnologies.utils.validators.abaroutevalidator.Test_AbaRouteValidator_10" time="0"/>
  <testcase name="testAbaNumberCheck_20954_bad" classname="com.cardatechnologies.utils.validators.abaroutevalidator.Test_AbaRouteValidator_10" time="0"/>
  <testcase name="testAbaNumberCheck_21768_bad" classname="com.cardatechnologies.utils.validators.abaroutevalidator.Test_AbaRouteValidator_10" time="0"/>
  <testcase name="testAbaNumberCheck_20956_bad" classname="com.cardatechnologies.utils.validators.abaroutevalidator.Test_AbaRouteValidator_10" time="0"/>
  <testcase name="testAbaNumberCheck_22401_good" classname="com.cardatechnologies.utils.validators.abaroutevalidator.Test_AbaRouteValidator_10" time="0"/>
  <testcase name="testAbaNumberCheck_20958_bad" classname="com.cardatechnologies.utils.validators.abaroutevalidator.Test_AbaRouteValidator_10" time="0"/>
  <testcase name="testAbaNumberCheck_22113_good" classname="com.cardatechnologies.utils.validators.abaroutevalidator.Test_AbaRouteValidator_10" time="0"/>
  <testcase name="testAbaNumberCheck_21770_bad" classname="com.cardatechnologies.utils.validators.abaroutevalidator.Test_AbaRouteValidator_10" time="0"/>
  <testcase name="testAbaNumberCheck_21011_good" classname="com.cardatechnologies.utils.validators.abaroutevalidator.Test_AbaRouteValidator_10" time="0"/>
  <testcase name="testAbaNumberCheck_21772_bad" classname="com.cardatechnologies.utils.validators.abaroutevalidator.Test_AbaRouteValidator_10" time="0"/>
  <testcase name="testAbaNumberCheck_20960_bad" classname="com.cardatechnologies.utils.validators.abaroutevalidator.Test_AbaRouteValidator_10" time="0"/>
  <testcase name="testAbaNumberCheck_21774_bad" classname="com.cardatechnologies.utils.validators.abaroutevalidator.Test_AbaRouteValidator_10" time="0"/>
  <testcase name="testAbaNumberCheck_20962_bad" classname="com.cardatechnologies.utils.validators.abaroutevalidator.Test_AbaRouteValidator_10" time="0"/>
  <testcase name="testAbaNumberCheck_21776_bad" classname="com.cardatechnologies.utils.validators.abaroutevalidator.Test_AbaRouteValidator_10" time="0"/>
  <testcase name="testAbaNumberCheck_20964_bad" classname="com.cardatechnologies.utils.validators.abaroutevalidator.Test_AbaRouteValidator_10" time="0"/>
  <testcase name="testAbaNumberCheck_21778_bad" classname="com.cardatechnologies.utils.validators.abaroutevalidator.Test_AbaRouteValidator_10" time="0"/>
  <testcase name="testAbaNumberCheck_20966_bad" classname="com.cardatechnologies.utils.validators.abaroutevalidator.Test_AbaRouteValidator_10" time="0"/>
  <testcase name="testAbaNumberCheck_20968_bad" classname="com.cardatechnologies.utils.validators.abaroutevalidator.Test_AbaRouteValidator_10" time="0"/>
  <testcase name="testAbaNumberCheck_22321_good" classname="com.cardatechnologies.utils.validators.abaroutevalidator.Test_AbaRouteValidator_10" time="0"/>
  <testcase name="testAbaNumberCheck_22033_good" classname="com.cardatechnologies.utils.validators.abaroutevalidator.Test_AbaRouteValidator_10" time="0"/>
  <testcase name="testAbaNumberCheck_21780_bad" classname="com.cardatechnologies.utils.validators.abaroutevalidator.Test_AbaRouteValidator_10" time="0"/>
  <testcase name="testAbaNumberCheck_21782_bad" classname="com.cardatechnologies.utils.validators.abaroutevalidator.Test_AbaRouteValidator_10" time="0"/>
  <testcase name="testAbaNumberCheck_20970_bad" classname="com.cardatechnologies.utils.validators.abaroutevalidator.Test_AbaRouteValidator_10" time="0"/>
  <testcase name="testAbaNumberCheck_21784_bad" classname="com.cardatechnologies.utils.validators.abaroutevalidator.Test_AbaRouteValidator_10" time="0"/>
  <testcase name="testAbaNumberCheck_20972_bad" classname="com.cardatechnologies.utils.validators.abaroutevalidator.Test_AbaRouteValidator_10" time="0"/>
  <testcase name="testAbaNumberCheck_21786_bad" classname="com.cardatechnologies.utils.validators.abaroutevalidator.Test_AbaRouteValidator_10" time="0"/>
  <testcase name="testAbaNumberCheck_20974_bad" classname="com.cardatechnologies.utils.validators.abaroutevalidator.Test_AbaRouteValidator_10" time="0"/>
  <testcase name="testAbaNumberCheck_21788_bad" classname="com.cardatechnologies.utils.validators.abaroutevalidator.Test_AbaRouteValidator_10" time="0.001"/>
  <testcase name="testAbaNumberCheck_20976_bad" classname="com.cardatechnologies.utils.validators.abaroutevalidator.Test_AbaRouteValidator_10" time="0"/>
  <testcase name="testAbaNumberCheck_22403_good" classname="com.cardatechnologies.utils.validators.abaroutevalidator.Test_AbaRouteValidator_10" time="0"/>
  <testcase name="testAbaNumberCheck_20978_bad" classname="com.cardatechnologies.utils.validators.abaroutevalidator.Test_AbaRouteValidator_10" time="0"/>
  <testcase name="testAbaNumberCheck_22241_good" classname="com.cardatechnologies.utils.validators.abaroutevalidator.Test_AbaRouteValidator_10" time="0"/>
  <testcase name="testAbaNumberCheck_21301_good" classname="com.cardatechnologies.utils.validators.abaroutevalidator.Test_AbaRouteValidator_10" time="0"/>
  <testcase name="testAbaNumberCheck_22115_good" classname="com.cardatechnologies.utils.validators.abaroutevalidator.Test_AbaRouteValidator_10" time="0"/>
  <testcase name="testAbaNumberCheck_21790_bad" classname="com.cardatechnologies.utils.validators.abaroutevalidator.Test_AbaRouteValidator_10" time="0"/>
  <testcase name="testAbaNumberCheck_21013_good" classname="com.cardatechnologies.utils.validators.abaroutevalidator.Test_AbaRouteValidator_10" time="0"/>
  <testcase name="testAbaNumberCheck_21792_bad" classname="com.cardatechnologies.utils.validators.abaroutevalidator.Test_AbaRouteValidator_10" time="0"/>
  <testcase name="testAbaNumberCheck_20980_bad" classname="com.cardatechnologies.utils.validators.abaroutevalidator.Test_AbaRouteValidator_10" time="0"/>
  <testcase name="testAbaNumberCheck_21794_bad" classname="com.cardatechnologies.utils.validators.abaroutevalidator.Test_AbaRouteValidator_10" time="0"/>
  <testcase name="testAbaNumberCheck_20982_bad" classname="com.cardatechnologies.utils.validators.abaroutevalidator.Test_AbaRouteValidator_10" time="0"/>
  <testcase name="testAbaNumberCheck_21796_bad" classname="com.cardatechnologies.utils.validators.abaroutevalidator.Test_AbaRouteValidator_10" time="0"/>
  <testcase name="testAbaNumberCheck_20984_bad" classname="com.cardatechnologies.utils.validators.abaroutevalidator.Test_AbaRouteValidator_10" time="0"/>
  <testcase name="testAbaNumberCheck_21798_bad" classname="com.cardatechnologies.utils.validators.abaroutevalidator.Test_AbaRouteValidator_10" time="0"/>
  <testcase name="testAbaNumberCheck_20986_bad" classname="com.cardatechnologies.utils.validators.abaroutevalidator.Test_AbaRouteValidator_10" time="0"/>
  <testcase name="testAbaNumberCheck_20988_bad" classname="com.cardatechnologies.utils.validators.abaroutevalidator.Test_AbaRouteValidator_10" time="0"/>
  <testcase name="testAbaNumberCheck_22323_good" classname="com.cardatechnologies.utils.validators.abaroutevalidator.Test_AbaRouteValidator_10" time="0"/>
  <testcase name="testAbaNumberCheck_22161_good" classname="com.cardatechnologies.utils.validators.abaroutevalidator.Test_AbaRouteValidator_10" time="0"/>
  <testcase name="testAbaNumberCheck_21221_good" classname="com.cardatechnologies.utils.validators.abaroutevalidator.Test_AbaRouteValidator_10" time="0"/>
  <testcase name="testAbaNumberCheck_22035_good" classname="com.cardatechnologies.utils.validators.abaroutevalidator.Test_AbaRouteValidator_10" time="0"/>
  <testcase name="testAbaNumberCheck_20990_bad" classname="com.cardatechnologies.utils.validators.abaroutevalidator.Test_AbaRouteValidator_10" time="0"/>
  <testcase name="testAbaNumberCheck_20992_bad" classname="com.cardatechnologies.utils.validators.abaroutevalidator.Test_AbaRouteValidator_10" time="0"/>
  <testcase name="testAbaNumberCheck_20994_bad" classname="com.cardatechnologies.utils.validators.abaroutevalidator.Test_AbaRouteValidator_10" time="0.001"/>
  <testcase name="testAbaNumberCheck_20996_bad" classname="com.cardatechnologies.utils.validators.abaroutevalidator.Test_AbaRouteValidator_10" time="0"/>
  <testcase name="testAbaNumberCheck_22405_good" classname="com.cardatechnologies.utils.validators.abaroutevalidator.Test_AbaRouteValidator_10" time="0"/>
  <testcase name="testAbaNumberCheck_20998_bad" classname="com.cardatechnologies.utils.validators.abaroutevalidator.Test_AbaRouteValidator_10" time="0"/>
  <testcase name="testAbaNumberCheck_22243_good" classname="com.cardatechnologies.utils.validators.abaroutevalidator.Test_AbaRouteValidator_10" time="0"/>
  <testcase name="testAbaNumberCheck_21303_good" classname="com.cardatechnologies.utils.validators.abaroutevalidator.Test_AbaRouteValidator_10" time="0"/>
  <testcase name="testAbaNumberCheck_22117_good" classname="com.cardatechnologies.utils.validators.abaroutevalidator.Test_AbaRouteValidator_10" time="0"/>
  <testcase name="testAbaNumberCheck_22081_good" classname="com.cardatechnologies.utils.validators.abaroutevalidator.Test_AbaRouteValidator_10" time="0"/>
  <testcase name="testAbaNumberCheck_21141_good" classname="com.cardatechnologies.utils.validators.abaroutevalidator.Test_AbaRouteValidator_10" time="0"/>
  <testcase name="testAbaNumberCheck_20201_good" classname="com.cardatechnologies.utils.validators.abaroutevalidator.Test_AbaRouteValidator_10" time="0"/>
  <testcase name="testAbaNumberCheck_21015_good" classname="com.cardatechnologies.utils.validators.abaroutevalidator.Test_AbaRouteValidator_10" time="0"/>
  <testcase name="testAbaNumberCheck_21511_good" classname="com.cardatechnologies.utils.validators.abaroutevalidator.Test_AbaRouteValidator_10" time="0"/>
  <testcase name="testAbaNumberCheck_22325_good" classname="com.cardatechnologies.utils.validators.abaroutevalidator.Test_AbaRouteValidator_10" time="0"/>
  <testcase name="testAbaNumberCheck_22163_good" classname="com.cardatechnologies.utils.validators.abaroutevalidator.Test_AbaRouteValidator_10" time="0"/>
  <testcase name="testAbaNumberCheck_21223_good" classname="com.cardatechnologies.utils.validators.abaroutevalidator.Test_AbaRouteValidator_10" time="0"/>
  <testcase name="testAbaNumberCheck_22037_good" classname="com.cardatechnologies.utils.validators.abaroutevalidator.Test_AbaRouteValidator_10" time="0"/>
  <testcase name="testAbaNumberCheck_21061_good" classname="com.cardatechnologies.utils.validators.abaroutevalidator.Test_AbaRouteValidator_10" time="0"/>
  <testcase name="testAbaNumberCheck_20121_good" classname="com.cardatechnologies.utils.validators.abaroutevalidator.Test_AbaRouteValidator_10" time="0"/>
  <testcase name="testAbaNumberCheck_22407_good" classname="com.cardatechnologies.utils.validators.abaroutevalidator.Test_AbaRouteValidator_10" time="0"/>
  <testcase name="testAbaNumberCheck_22371_good" classname="com.cardatechnologies.utils.validators.abaroutevalidator.Test_AbaRouteValidator_10" time="0"/>
  <testcase name="testAbaNumberCheck_21431_good" classname="com.cardatechnologies.utils.validators.abaroutevalidator.Test_AbaRouteValidator_10" time="0"/>
  <testcase name="testAbaNumberCheck_22245_good" classname="com.cardatechnologies.utils.validators.abaroutevalidator.Test_AbaRouteValidator_10" time="0"/>
  <testcase name="testAbaNumberCheck_21305_good" classname="com.cardatechnologies.utils.validators.abaroutevalidator.Test_AbaRouteValidator_10" time="0"/>
  <testcase name="testAbaNumberCheck_22119_good" classname="com.cardatechnologies.utils.validators.abaroutevalidator.Test_AbaRouteValidator_10" time="0"/>
  <testcase name="testAbaNumberCheck_22083_good" classname="com.cardatechnologies.utils.validators.abaroutevalidator.Test_AbaRouteValidator_10" time="0"/>
  <testcase name="testAbaNumberCheck_21143_good" classname="com.cardatechnologies.utils.validators.abaroutevalidator.Test_AbaRouteValidator_10" time="0"/>
  <testcase name="testAbaNumberCheck_20203_good" classname="com.cardatechnologies.utils.validators.abaroutevalidator.Test_AbaRouteValidator_10" time="0"/>
  <testcase name="testAbaNumberCheck_21801_good" classname="com.cardatechnologies.utils.validators.abaroutevalidator.Test_AbaRouteValidator_10" time="0"/>
  <testcase name="testAbaNumberCheck_21017_good" classname="com.cardatechnologies.utils.validators.abaroutevalidator.Test_AbaRouteValidator_10" time="0"/>
  <testcase name="testAbaNumberCheck_20041_good" classname="com.cardatechnologies.utils.validators.abaroutevalidator.Test_AbaRouteValidator_10" time="0"/>
  <testcase name="testAbaNumberCheck_21513_good" classname="com.cardatechnologies.utils.validators.abaroutevalidator.Test_AbaRouteValidator_10" time="0"/>
  <testcase name="testAbaNumberCheck_22327_good" classname="com.cardatechnologies.utils.validators.abaroutevalidator.Test_AbaRouteValidator_10" time="0"/>
  <testcase name="testAbaNumberCheck_22291_good" classname="com.cardatechnologies.utils.validators.abaroutevalidator.Test_AbaRouteValidator_10" time="0"/>
  <testcase name="testAbaNumberCheck_21351_good" classname="com.cardatechnologies.utils.validators.abaroutevalidator.Test_AbaRouteValidator_10" time="0"/>
  <testcase name="testAbaNumberCheck_20411_good" classname="com.cardatechnologies.utils.validators.abaroutevalidator.Test_AbaRouteValidator_10" time="0"/>
  <testcase name="testAbaNumberCheck_22165_good" classname="com.cardatechnologies.utils.validators.abaroutevalidator.Test_AbaRouteValidator_10" time="0"/>
  <testcase name="testAbaNumberCheck_21225_good" classname="com.cardatechnologies.utils.validators.abaroutevalidator.Test_AbaRouteValidator_10" time="0"/>
  <testcase name="testAbaNumberCheck_22039_good" classname="com.cardatechnologies.utils.validators.abaroutevalidator.Test_AbaRouteValidator_10" time="0"/>
  <testcase name="testAbaNumberCheck_21063_good" classname="com.cardatechnologies.utils.validators.abaroutevalidator.Test_AbaRouteValidator_10" time="0"/>
  <testcase name="testAbaNumberCheck_20123_good" classname="com.cardatechnologies.utils.validators.abaroutevalidator.Test_AbaRouteValidator_10" time="0"/>
  <testcase name="testAbaNumberCheck_21721_good" classname="com.cardatechnologies.utils.validators.abaroutevalidator.Test_AbaRouteValidator_10" time="0"/>
  <testcase name="testAbaNumberCheck_22409_good" classname="com.cardatechnologies.utils.validators.abaroutevalidator.Test_AbaRouteValidator_10" time="0"/>
  <testcase name="testAbaNumberCheck_22373_good" classname="com.cardatechnologies.utils.validators.abaroutevalidator.Test_AbaRouteValidator_10" time="0"/>
  <testcase name="testAbaNumberCheck_21433_good" classname="com.cardatechnologies.utils.validators.abaroutevalidator.Test_AbaRouteValidator_10" time="0"/>
  <testcase name="testAbaNumberCheck_22247_good" classname="com.cardatechnologies.utils.validators.abaroutevalidator.Test_AbaRouteValidator_10" time="0"/>
  <testcase name="testAbaNumberCheck_21307_good" classname="com.cardatechnologies.utils.validators.abaroutevalidator.Test_AbaRouteValidator_10" time="0"/>
  <testcase name="testAbaNumberCheck_21271_good" classname="com.cardatechnologies.utils.validators.abaroutevalidator.Test_AbaRouteValidator_10" time="0"/>
  <testcase name="testAbaNumberCheck_20331_good" classname="com.cardatechnologies.utils.validators.abaroutevalidator.Test_AbaRouteValidator_10" time="0"/>
  <testcase name="testAbaNumberCheck_22085_good" classname="com.cardatechnologies.utils.validators.abaroutevalidator.Test_AbaRouteValidator_10" time="0"/>
  <testcase name="testAbaNumberCheck_21145_good" classname="com.cardatechnologies.utils.validators.abaroutevalidator.Test_AbaRouteValidator_10" time="0"/>
  <testcase name="testAbaNumberCheck_20205_good" classname="com.cardatechnologies.utils.validators.abaroutevalidator.Test_AbaRouteValidator_10" time="0"/>
  <testcase name="testAbaNumberCheck_21803_good" classname="com.cardatechnologies.utils.validators.abaroutevalidator.Test_AbaRouteValidator_10" time="0"/>
  <testcase name="testAbaNumberCheck_21019_good" classname="com.cardatechnologies.utils.validators.abaroutevalidator.Test_AbaRouteValidator_10" time="0"/>
  <testcase name="testAbaNumberCheck_20043_good" classname="com.cardatechnologies.utils.validators.abaroutevalidator.Test_AbaRouteValidator_10" time="0"/>
  <testcase name="testAbaNumberCheck_21641_good" classname="com.cardatechnologies.utils.validators.abaroutevalidator.Test_AbaRouteValidator_10" time="0"/>
  <testcase name="testAbaNumberCheck_20701_good" classname="com.cardatechnologies.utils.validators.abaroutevalidator.Test_AbaRouteValidator_10" time="0"/>
  <testcase name="testAbaNumberCheck_21515_good" classname="com.cardatechnologies.utils.validators.abaroutevalidator.Test_AbaRouteValidator_10" time="0"/>
  <testcase name="testAbaNumberCheck_22329_good" classname="com.cardatechnologies.utils.validators.abaroutevalidator.Test_AbaRouteValidator_10" time="0"/>
  <testcase name="testAbaNumberCheck_22293_good" classname="com.cardatechnologies.utils.validators.abaroutevalidator.Test_AbaRouteValidator_10" time="0"/>
  <testcase name="testAbaNumberCheck_21353_good" classname="com.cardatechnologies.utils.validators.abaroutevalidator.Test_AbaRouteValidator_10" time="0"/>
  <testcase name="testAbaNumberCheck_20413_good" classname="com.cardatechnologies.utils.validators.abaroutevalidator.Test_AbaRouteValidator_10" time="0"/>
  <testcase name="testAbaNumberCheck_22167_good" classname="com.cardatechnologies.utils.validators.abaroutevalidator.Test_AbaRouteValidator_10" time="0"/>
  <testcase name="testAbaNumberCheck_21227_good" classname="com.cardatechnologies.utils.validators.abaroutevalidator.Test_AbaRouteValidator_10" time="0"/>
  <testcase name="testAbaNumberCheck_21191_good" classname="com.cardatechnologies.utils.validators.abaroutevalidator.Test_AbaRouteValidator_10" time="0"/>
  <testcase name="testAbaNumberCheck_20251_good" classname="com.cardatechnologies.utils.validators.abaroutevalidator.Test_AbaRouteValidator_10" time="0"/>
  <testcase name="testAbaNumberCheck_21065_good" classname="com.cardatechnologies.utils.validators.abaroutevalidator.Test_AbaRouteValidator_10" time="0"/>
  <testcase name="testAbaNumberCheck_20125_good" classname="com.cardatechnologies.utils.validators.abaroutevalidator.Test_AbaRouteValidator_10" time="0"/>
  <testcase name="testAbaNumberCheck_21723_good" classname="com.cardatechnologies.utils.validators.abaroutevalidator.Test_AbaRouteValidator_10" time="0"/>
  <testcase name="testAbaNumberCheck_21561_good" classname="com.cardatechnologies.utils.validators.abaroutevalidator.Test_AbaRouteValidator_10" time="0"/>
  <testcase name="testAbaNumberCheck_20621_good" classname="com.cardatechnologies.utils.validators.abaroutevalidator.Test_AbaRouteValidator_10" time="0"/>
  <testcase name="testAbaNumberCheck_22375_good" classname="com.cardatechnologies.utils.validators.abaroutevalidator.Test_AbaRouteValidator_10" time="0"/>
  <testcase name="testAbaNumberCheck_21435_good" classname="com.cardatechnologies.utils.validators.abaroutevalidator.Test_AbaRouteValidator_10" time="0"/>
  <testcase name="testAbaNumberCheck_22249_good" classname="com.cardatechnologies.utils.validators.abaroutevalidator.Test_AbaRouteValidator_10" time="0"/>
  <testcase name="testAbaNumberCheck_21309_good" classname="com.cardatechnologies.utils.validators.abaroutevalidator.Test_AbaRouteValidator_10" time="0"/>
</testsuite>