<?xml version="1.0" encoding="UTF-8"?>
<testsuite name="com.cardatechnologies.utils.validators.abaroutevalidator.Test_AbaRouteValidator_02" time="0.171" tests="2499" errors="0" skipped="0" failures="0">
  <properties>
    <property name="java.runtime.name" value="Java(TM) SE Runtime Environment"/>
    <property name="sun.boot.library.path" value="D:\tools\java\jdk\jdk1.8.0_20\jre\bin"/>
    <property name="java.vm.version" value="25.20-b23"/>
    <property name="java.vm.vendor" value="Oracle Corporation"/>
    <property name="java.vendor.url" value="http://java.oracle.com/"/>
    <property name="path.separator" value=";"/>
    <property name="guice.disable.misplaced.annotation.check" value="true"/>
    <property name="java.vm.name" value="Java HotSpot(TM) 64-Bit Server VM"/>
    <property name="file.encoding.pkg" value="sun.io"/>
    <property name="user.script" value=""/>
    <property name="user.country" value="US"/>
    <property name="sun.java.launcher" value="SUN_STANDARD"/>
    <property name="sun.os.patch.level" value=""/>
    <property name="java.vm.specification.name" value="Java Virtual Machine Specification"/>
    <property name="user.dir" value="D:\projects\CardaTech\aba.route.validator"/>
    <property name="java.runtime.version" value="1.8.0_20-b26"/>
    <property name="java.awt.graphicsenv" value="sun.awt.Win32GraphicsEnvironment"/>
    <property name="java.endorsed.dirs" value="D:\tools\java\jdk\jdk1.8.0_20\jre\lib\endorsed"/>
    <property name="os.arch" value="amd64"/>
    <property name="java.io.tmpdir" value="C:\Users\Joker\AppData\Local\Temp\"/>
    <property name="line.separator" value="&#10;"/>
    <property name="java.vm.specification.vendor" value="Oracle Corporation"/>
    <property name="user.variant" value=""/>
    <property name="os.name" value="Windows 8.1"/>
    <property name="classworlds.conf" value="D:\tools\java\apache\apache-maven-3.2.3\bin\..\bin\m2.conf"/>
    <property name="maven.test.skip" value="false"/>
    <property name="sun.jnu.encoding" value="Cp1252"/>
    <property name="java.library.path" value="D:\tools\java\jdk\jdk1.8.0_20\bin;C:\Windows\Sun\Java\bin;C:\Windows\system32;C:\Windows;C:\Program Files (x86)\NVIDIA Corporation\PhysX\Common;C:\ProgramData\Oracle\Java\javapath;C:\Windows\system32;C:\Windows;C:\Windows\System32\Wbem;C:\Windows\System32\WindowsPowerShell\v1.0\;C:\Program Files (x86)\ATI Technologies\ATI.ACE\Core-Static;D:\Applications\CondusivTechnologies\Diskeeper\;C:\Program Files (x86)\Common Files\Acronis\SnapAPI\;C:\Program Files\Common Files\Autodesk Shared\;C:\Program Files (x86)\Autodesk\Backburner\;D:\Applications\DAZ3D\LuxRender;C:\Program Files (x86)\QuickTime\QTSystem\;D:\tools\nodejs\;C:\Program Files (x86)\AMD\ATI.ACE\Core-Static;C:\Program Files (x86)\NVIDIA Corporation\PhysX\Common;C:\ProgramData\Oracle\Java\javapath;C:\Windows\system32;C:\Windows;C:\Windows\System32\Wbem;C:\Windows\System32\WindowsPowerShell\v1.0\;C:\Program Files (x86)\ATI Technologies\ATI.ACE\Core-Static;D:\Applications\CondusivTechnologies\Diskeeper\;C:\Program Files (x86)\Common Files\Acronis\SnapAPI\;C:\Program Files\Common Files\Autodesk Shared\;C:\Program Files (x86)\Autodesk\Backburner\;D:\Applications\DAZ3D\LuxRender;C:\Program Files (x86)\QuickTime\QTSystem\;D:\tools\nodejs\;C:\Program Files (x86)\AMD\ATI.ACE\Core-Static;D:\projects\MongoDB\MongoDB_2.6.6\bin;D:\tools\java\apache\apache-maven-3.2.3\bin;D:\tools\java\jdk\jdk1.8.0_20\bin;C:\Users\Joker\AppData\Roaming\npm;D:\tools\nodejs;D:\Applications\SublimeText2\;C:\Program Files (x86)\Common Files\Acronis\TibMounter64;."/>
    <property name="java.specification.name" value="Java Platform API Specification"/>
    <property name="java.class.version" value="52.0"/>
    <property name="sun.management.compiler" value="HotSpot 64-Bit Tiered Compilers"/>
    <property name="os.version" value="6.3"/>
    <property name="user.home" value="C:\Users\Joker"/>
    <property name="user.timezone" value="America/Denver"/>
    <property name="java.awt.printerjob" value="sun.awt.windows.WPrinterJob"/>
    <property name="java.specification.version" value="1.8"/>
    <property name="file.encoding" value="Cp1252"/>
    <property name="user.name" value="Joker"/>
    <property name="java.class.path" value="D:\tools\java\apache\apache-maven-3.2.3\bin\..\boot\plexus-classworlds-2.5.1.jar"/>
    <property name="org.slf4j.simpleLogger.defaultLogLevel" value="debug"/>
    <property name="java.vm.specification.version" value="1.8"/>
    <property name="sun.arch.data.model" value="64"/>
    <property name="java.home" value="D:\tools\java\jdk\jdk1.8.0_20\jre"/>
    <property name="sun.java.command" value="org.codehaus.plexus.classworlds.launcher.Launcher -Dmaven.test.skip=false package test site -X"/>
    <property name="java.specification.vendor" value="Oracle Corporation"/>
    <property name="user.language" value="en"/>
    <property name="awt.toolkit" value="sun.awt.windows.WToolkit"/>
    <property name="java.vm.info" value="mixed mode"/>
    <property name="java.version" value="1.8.0_20"/>
    <property name="java.ext.dirs" value="D:\tools\java\jdk\jdk1.8.0_20\jre\lib\ext;C:\Windows\Sun\Java\lib\ext"/>
    <property name="sun.boot.class.path" value="D:\tools\java\jdk\jdk1.8.0_20\jre\lib\resources.jar;D:\tools\java\jdk\jdk1.8.0_20\jre\lib\rt.jar;D:\tools\java\jdk\jdk1.8.0_20\jre\lib\sunrsasign.jar;D:\tools\java\jdk\jdk1.8.0_20\jre\lib\jsse.jar;D:\tools\java\jdk\jdk1.8.0_20\jre\lib\jce.jar;D:\tools\java\jdk\jdk1.8.0_20\jre\lib\charsets.jar;D:\tools\java\jdk\jdk1.8.0_20\jre\lib\jfr.jar;D:\tools\java\jdk\jdk1.8.0_20\jre\classes"/>
    <property name="sun.stderr.encoding" value="cp437"/>
    <property name="java.vendor" value="Oracle Corporation"/>
    <property name="maven.home" value="D:\tools\java\apache\apache-maven-3.2.3\bin\.."/>
    <property name="file.separator" value="\"/>
    <property name="java.vendor.url.bug" value="http://bugreport.sun.com/bugreport/"/>
    <property name="sun.cpu.endian" value="little"/>
    <property name="sun.io.unicode.encoding" value="UnicodeLittle"/>
    <property name="sun.stdout.encoding" value="cp437"/>
    <property name="sun.desktop" value="windows"/>
    <property name="sun.cpu.isalist" value="amd64"/>
  </properties>
  <testcase name="testAbaNumberCheck_1867_good" classname="com.cardatechnologies.utils.validators.abaroutevalidator.Test_AbaRouteValidator_02" time="0"/>
  <testcase name="testAbaNumberCheck_237_good" classname="com.cardatechnologies.utils.validators.abaroutevalidator.Test_AbaRouteValidator_02" time="0.001"/>
  <testcase name="testAbaNumberCheck_733_good" classname="com.cardatechnologies.utils.validators.abaroutevalidator.Test_AbaRouteValidator_02" time="0"/>
  <testcase name="testAbaNumberCheck_1579_good" classname="com.cardatechnologies.utils.validators.abaroutevalidator.Test_AbaRouteValidator_02" time="0"/>
  <testcase name="testAbaNumberCheck_2390_bad" classname="com.cardatechnologies.utils.validators.abaroutevalidator.Test_AbaRouteValidator_02" time="0"/>
  <testcase name="testAbaNumberCheck_607_good" classname="com.cardatechnologies.utils.validators.abaroutevalidator.Test_AbaRouteValidator_02" time="0"/>
  <testcase name="testAbaNumberCheck_2392_bad" classname="com.cardatechnologies.utils.validators.abaroutevalidator.Test_AbaRouteValidator_02" time="0"/>
  <testcase name="testAbaNumberCheck_571_good" classname="com.cardatechnologies.utils.validators.abaroutevalidator.Test_AbaRouteValidator_02" time="0"/>
  <testcase name="testAbaNumberCheck_1580_bad" classname="com.cardatechnologies.utils.validators.abaroutevalidator.Test_AbaRouteValidator_02" time="0"/>
  <testcase name="testAbaNumberCheck_2394_bad" classname="com.cardatechnologies.utils.validators.abaroutevalidator.Test_AbaRouteValidator_02" time="0"/>
  <testcase name="testAbaNumberCheck_1582_bad" classname="com.cardatechnologies.utils.validators.abaroutevalidator.Test_AbaRouteValidator_02" time="0"/>
  <testcase name="testAbaNumberCheck_2396_bad" classname="com.cardatechnologies.utils.validators.abaroutevalidator.Test_AbaRouteValidator_02" time="0"/>
  <testcase name="testAbaNumberCheck_1584_bad" classname="com.cardatechnologies.utils.validators.abaroutevalidator.Test_AbaRouteValidator_02" time="0"/>
  <testcase name="testAbaNumberCheck_445_good" classname="com.cardatechnologies.utils.validators.abaroutevalidator.Test_AbaRouteValidator_02" time="0"/>
  <testcase name="testAbaNumberCheck_2398_bad" classname="com.cardatechnologies.utils.validators.abaroutevalidator.Test_AbaRouteValidator_02" time="0"/>
  <testcase name="testAbaNumberCheck_1586_bad" classname="com.cardatechnologies.utils.validators.abaroutevalidator.Test_AbaRouteValidator_02" time="0"/>
  <testcase name="testAbaNumberCheck_1949_good" classname="com.cardatechnologies.utils.validators.abaroutevalidator.Test_AbaRouteValidator_02" time="0"/>
  <testcase name="testAbaNumberCheck_1588_bad" classname="com.cardatechnologies.utils.validators.abaroutevalidator.Test_AbaRouteValidator_02" time="0"/>
  <testcase name="testAbaNumberCheck_319_good" classname="com.cardatechnologies.utils.validators.abaroutevalidator.Test_AbaRouteValidator_02" time="0"/>
  <testcase name="testAbaNumberCheck_283_good" classname="com.cardatechnologies.utils.validators.abaroutevalidator.Test_AbaRouteValidator_02" time="0"/>
  <testcase name="testAbaNumberCheck_941_good" classname="com.cardatechnologies.utils.validators.abaroutevalidator.Test_AbaRouteValidator_02" time="0"/>
  <testcase name="testAbaNumberCheck_1787_good" classname="com.cardatechnologies.utils.validators.abaroutevalidator.Test_AbaRouteValidator_02" time="0"/>
  <testcase name="testAbaNumberCheck_157_good" classname="com.cardatechnologies.utils.validators.abaroutevalidator.Test_AbaRouteValidator_02" time="0"/>
  <testcase name="testAbaNumberCheck_815_good" classname="com.cardatechnologies.utils.validators.abaroutevalidator.Test_AbaRouteValidator_02" time="0"/>
  <testcase name="testAbaNumberCheck_653_good" classname="com.cardatechnologies.utils.validators.abaroutevalidator.Test_AbaRouteValidator_02" time="0"/>
  <testcase name="testAbaNumberCheck_1499_good" classname="com.cardatechnologies.utils.validators.abaroutevalidator.Test_AbaRouteValidator_02" time="0"/>
  <testcase name="testAbaNumberCheck_1590_bad" classname="com.cardatechnologies.utils.validators.abaroutevalidator.Test_AbaRouteValidator_02" time="0"/>
  <testcase name="testAbaNumberCheck_527_good" classname="com.cardatechnologies.utils.validators.abaroutevalidator.Test_AbaRouteValidator_02" time="0"/>
  <testcase name="testAbaNumberCheck_1592_bad" classname="com.cardatechnologies.utils.validators.abaroutevalidator.Test_AbaRouteValidator_02" time="0"/>
  <testcase name="testAbaNumberCheck_491_good" classname="com.cardatechnologies.utils.validators.abaroutevalidator.Test_AbaRouteValidator_02" time="0"/>
  <testcase name="testAbaNumberCheck_1594_bad" classname="com.cardatechnologies.utils.validators.abaroutevalidator.Test_AbaRouteValidator_02" time="0"/>
  <testcase name="testAbaNumberCheck_1596_bad" classname="com.cardatechnologies.utils.validators.abaroutevalidator.Test_AbaRouteValidator_02" time="0"/>
  <testcase name="testAbaNumberCheck_1995_good" classname="com.cardatechnologies.utils.validators.abaroutevalidator.Test_AbaRouteValidator_02" time="0"/>
  <testcase name="testAbaNumberCheck_365_good" classname="com.cardatechnologies.utils.validators.abaroutevalidator.Test_AbaRouteValidator_02" time="0"/>
  <testcase name="testAbaNumberCheck_1598_bad" classname="com.cardatechnologies.utils.validators.abaroutevalidator.Test_AbaRouteValidator_02" time="0"/>
  <testcase name="testAbaNumberCheck_1869_good" classname="com.cardatechnologies.utils.validators.abaroutevalidator.Test_AbaRouteValidator_02" time="0"/>
  <testcase name="testAbaNumberCheck_239_good" classname="com.cardatechnologies.utils.validators.abaroutevalidator.Test_AbaRouteValidator_02" time="0"/>
  <testcase name="testAbaNumberCheck_861_good" classname="com.cardatechnologies.utils.validators.abaroutevalidator.Test_AbaRouteValidator_02" time="0.001"/>
  <testcase name="testAbaNumberCheck_735_good" classname="com.cardatechnologies.utils.validators.abaroutevalidator.Test_AbaRouteValidator_02" time="0"/>
  <testcase name="testAbaNumberCheck_609_good" classname="com.cardatechnologies.utils.validators.abaroutevalidator.Test_AbaRouteValidator_02" time="0"/>
  <testcase name="testAbaNumberCheck_573_good" classname="com.cardatechnologies.utils.validators.abaroutevalidator.Test_AbaRouteValidator_02" time="0"/>
  <testcase name="testAbaNumberCheck_447_good" classname="com.cardatechnologies.utils.validators.abaroutevalidator.Test_AbaRouteValidator_02" time="0"/>
  <testcase name="testAbaNumberCheck_285_good" classname="com.cardatechnologies.utils.validators.abaroutevalidator.Test_AbaRouteValidator_02" time="0"/>
  <testcase name="testAbaNumberCheck_943_good" classname="com.cardatechnologies.utils.validators.abaroutevalidator.Test_AbaRouteValidator_02" time="0"/>
  <testcase name="testAbaNumberCheck_1789_good" classname="com.cardatechnologies.utils.validators.abaroutevalidator.Test_AbaRouteValidator_02" time="0"/>
  <testcase name="testAbaNumberCheck_159_good" classname="com.cardatechnologies.utils.validators.abaroutevalidator.Test_AbaRouteValidator_02" time="0"/>
  <testcase name="testAbaNumberCheck_817_good" classname="com.cardatechnologies.utils.validators.abaroutevalidator.Test_AbaRouteValidator_02" time="0"/>
  <testcase name="testAbaNumberCheck_781_good" classname="com.cardatechnologies.utils.validators.abaroutevalidator.Test_AbaRouteValidator_02" time="0"/>
  <testcase name="testAbaNumberCheck_655_good" classname="com.cardatechnologies.utils.validators.abaroutevalidator.Test_AbaRouteValidator_02" time="0"/>
  <testcase name="testAbaNumberCheck_529_good" classname="com.cardatechnologies.utils.validators.abaroutevalidator.Test_AbaRouteValidator_02" time="0.001"/>
  <testcase name="testAbaNumberCheck_493_good" classname="com.cardatechnologies.utils.validators.abaroutevalidator.Test_AbaRouteValidator_02" time="0"/>
  <testcase name="testAbaNumberCheck_1997_good" classname="com.cardatechnologies.utils.validators.abaroutevalidator.Test_AbaRouteValidator_02" time="0"/>
  <testcase name="testAbaNumberCheck_367_good" classname="com.cardatechnologies.utils.validators.abaroutevalidator.Test_AbaRouteValidator_02" time="0"/>
  <testcase name="testAbaNumberCheck_863_good" classname="com.cardatechnologies.utils.validators.abaroutevalidator.Test_AbaRouteValidator_02" time="0"/>
  <testcase name="testAbaNumberCheck_737_good" classname="com.cardatechnologies.utils.validators.abaroutevalidator.Test_AbaRouteValidator_02" time="0"/>
  <testcase name="testAbaNumberCheck_100_bad" classname="com.cardatechnologies.utils.validators.abaroutevalidator.Test_AbaRouteValidator_02" time="0"/>
  <testcase name="testAbaNumberCheck_102_bad" classname="com.cardatechnologies.utils.validators.abaroutevalidator.Test_AbaRouteValidator_02" time="0"/>
  <testcase name="testAbaNumberCheck_104_bad" classname="com.cardatechnologies.utils.validators.abaroutevalidator.Test_AbaRouteValidator_02" time="0"/>
  <testcase name="testAbaNumberCheck_106_bad" classname="com.cardatechnologies.utils.validators.abaroutevalidator.Test_AbaRouteValidator_02" time="0"/>
  <testcase name="testAbaNumberCheck_575_good" classname="com.cardatechnologies.utils.validators.abaroutevalidator.Test_AbaRouteValidator_02" time="0"/>
  <testcase name="testAbaNumberCheck_108_bad" classname="com.cardatechnologies.utils.validators.abaroutevalidator.Test_AbaRouteValidator_02" time="0"/>
  <testcase name="testAbaNumberCheck_449_good" classname="com.cardatechnologies.utils.validators.abaroutevalidator.Test_AbaRouteValidator_02" time="0"/>
  <testcase name="testAbaNumberCheck_10_bad" classname="com.cardatechnologies.utils.validators.abaroutevalidator.Test_AbaRouteValidator_02" time="0"/>
  <testcase name="testAbaNumberCheck_12_bad" classname="com.cardatechnologies.utils.validators.abaroutevalidator.Test_AbaRouteValidator_02" time="0"/>
  <testcase name="testAbaNumberCheck_287_good" classname="com.cardatechnologies.utils.validators.abaroutevalidator.Test_AbaRouteValidator_02" time="0"/>
  <testcase name="testAbaNumberCheck_14_bad" classname="com.cardatechnologies.utils.validators.abaroutevalidator.Test_AbaRouteValidator_02" time="0"/>
  <testcase name="testAbaNumberCheck_945_good" classname="com.cardatechnologies.utils.validators.abaroutevalidator.Test_AbaRouteValidator_02" time="0"/>
  <testcase name="testAbaNumberCheck_16_bad" classname="com.cardatechnologies.utils.validators.abaroutevalidator.Test_AbaRouteValidator_02" time="0"/>
  <testcase name="testAbaNumberCheck_18_bad" classname="com.cardatechnologies.utils.validators.abaroutevalidator.Test_AbaRouteValidator_02" time="0"/>
  <testcase name="testAbaNumberCheck_819_good" classname="com.cardatechnologies.utils.validators.abaroutevalidator.Test_AbaRouteValidator_02" time="0"/>
  <testcase name="testAbaNumberCheck_783_good" classname="com.cardatechnologies.utils.validators.abaroutevalidator.Test_AbaRouteValidator_02" time="0"/>
  <testcase name="testAbaNumberCheck_110_bad" classname="com.cardatechnologies.utils.validators.abaroutevalidator.Test_AbaRouteValidator_02" time="0"/>
  <testcase name="testAbaNumberCheck_112_bad" classname="com.cardatechnologies.utils.validators.abaroutevalidator.Test_AbaRouteValidator_02" time="0"/>
  <testcase name="testAbaNumberCheck_657_good" classname="com.cardatechnologies.utils.validators.abaroutevalidator.Test_AbaRouteValidator_02" time="0"/>
  <testcase name="testAbaNumberCheck_114_bad" classname="com.cardatechnologies.utils.validators.abaroutevalidator.Test_AbaRouteValidator_02" time="0"/>
  <testcase name="testAbaNumberCheck_116_bad" classname="com.cardatechnologies.utils.validators.abaroutevalidator.Test_AbaRouteValidator_02" time="0"/>
  <testcase name="testAbaNumberCheck_118_bad" classname="com.cardatechnologies.utils.validators.abaroutevalidator.Test_AbaRouteValidator_02" time="0"/>
  <testcase name="testAbaNumberCheck_495_good" classname="com.cardatechnologies.utils.validators.abaroutevalidator.Test_AbaRouteValidator_02" time="0"/>
  <testcase name="testAbaNumberCheck_1999_good" classname="com.cardatechnologies.utils.validators.abaroutevalidator.Test_AbaRouteValidator_02" time="0"/>
  <testcase name="testAbaNumberCheck_369_good" classname="com.cardatechnologies.utils.validators.abaroutevalidator.Test_AbaRouteValidator_02" time="0"/>
  <testcase name="testAbaNumberCheck_20_bad" classname="com.cardatechnologies.utils.validators.abaroutevalidator.Test_AbaRouteValidator_02" time="0"/>
  <testcase name="testAbaNumberCheck_22_bad" classname="com.cardatechnologies.utils.validators.abaroutevalidator.Test_AbaRouteValidator_02" time="0"/>
  <testcase name="testAbaNumberCheck_24_bad" classname="com.cardatechnologies.utils.validators.abaroutevalidator.Test_AbaRouteValidator_02" time="0"/>
  <testcase name="testAbaNumberCheck_991_good" classname="com.cardatechnologies.utils.validators.abaroutevalidator.Test_AbaRouteValidator_02" time="0.001"/>
  <testcase name="testAbaNumberCheck_26_bad" classname="com.cardatechnologies.utils.validators.abaroutevalidator.Test_AbaRouteValidator_02" time="0"/>
  <testcase name="testAbaNumberCheck_28_bad" classname="com.cardatechnologies.utils.validators.abaroutevalidator.Test_AbaRouteValidator_02" time="0.001"/>
  <testcase name="testAbaNumberCheck_865_good" classname="com.cardatechnologies.utils.validators.abaroutevalidator.Test_AbaRouteValidator_02" time="0"/>
  <testcase name="testAbaNumberCheck_739_good" classname="com.cardatechnologies.utils.validators.abaroutevalidator.Test_AbaRouteValidator_02" time="0"/>
  <testcase name="testAbaNumberCheck_120_bad" classname="com.cardatechnologies.utils.validators.abaroutevalidator.Test_AbaRouteValidator_02" time="0"/>
  <testcase name="testAbaNumberCheck_122_bad" classname="com.cardatechnologies.utils.validators.abaroutevalidator.Test_AbaRouteValidator_02" time="0"/>
  <testcase name="testAbaNumberCheck_1_good" classname="com.cardatechnologies.utils.validators.abaroutevalidator.Test_AbaRouteValidator_02" time="0"/>
  <testcase name="testAbaNumberCheck_124_bad" classname="com.cardatechnologies.utils.validators.abaroutevalidator.Test_AbaRouteValidator_02" time="0"/>
  <testcase name="testAbaNumberCheck_126_bad" classname="com.cardatechnologies.utils.validators.abaroutevalidator.Test_AbaRouteValidator_02" time="0"/>
  <testcase name="testAbaNumberCheck_577_good" classname="com.cardatechnologies.utils.validators.abaroutevalidator.Test_AbaRouteValidator_02" time="0"/>
  <testcase name="testAbaNumberCheck_128_bad" classname="com.cardatechnologies.utils.validators.abaroutevalidator.Test_AbaRouteValidator_02" time="0"/>
  <testcase name="testAbaNumberCheck_11_good" classname="com.cardatechnologies.utils.validators.abaroutevalidator.Test_AbaRouteValidator_02" time="0"/>
  <testcase name="testAbaNumberCheck_30_bad" classname="com.cardatechnologies.utils.validators.abaroutevalidator.Test_AbaRouteValidator_02" time="0"/>
  <testcase name="testAbaNumberCheck_32_bad" classname="com.cardatechnologies.utils.validators.abaroutevalidator.Test_AbaRouteValidator_02" time="0.001"/>
  <testcase name="testAbaNumberCheck_289_good" classname="com.cardatechnologies.utils.validators.abaroutevalidator.Test_AbaRouteValidator_02" time="0"/>
  <testcase name="testAbaNumberCheck_34_bad" classname="com.cardatechnologies.utils.validators.abaroutevalidator.Test_AbaRouteValidator_02" time="0"/>
  <testcase name="testAbaNumberCheck_947_good" classname="com.cardatechnologies.utils.validators.abaroutevalidator.Test_AbaRouteValidator_02" time="0"/>
  <testcase name="testAbaNumberCheck_36_bad" classname="com.cardatechnologies.utils.validators.abaroutevalidator.Test_AbaRouteValidator_02" time="0"/>
  <testcase name="testAbaNumberCheck_38_bad" classname="com.cardatechnologies.utils.validators.abaroutevalidator.Test_AbaRouteValidator_02" time="0"/>
  <testcase name="testAbaNumberCheck_785_good" classname="com.cardatechnologies.utils.validators.abaroutevalidator.Test_AbaRouteValidator_02" time="0"/>
  <testcase name="testAbaNumberCheck_130_bad" classname="com.cardatechnologies.utils.validators.abaroutevalidator.Test_AbaRouteValidator_02" time="0"/>
  <testcase name="testAbaNumberCheck_132_bad" classname="com.cardatechnologies.utils.validators.abaroutevalidator.Test_AbaRouteValidator_02" time="0"/>
  <testcase name="testAbaNumberCheck_659_good" classname="com.cardatechnologies.utils.validators.abaroutevalidator.Test_AbaRouteValidator_02" time="0"/>
  <testcase name="testAbaNumberCheck_134_bad" classname="com.cardatechnologies.utils.validators.abaroutevalidator.Test_AbaRouteValidator_02" time="0"/>
  <testcase name="testAbaNumberCheck_136_bad" classname="com.cardatechnologies.utils.validators.abaroutevalidator.Test_AbaRouteValidator_02" time="0"/>
  <testcase name="testAbaNumberCheck_138_bad" classname="com.cardatechnologies.utils.validators.abaroutevalidator.Test_AbaRouteValidator_02" time="0"/>
  <testcase name="testAbaNumberCheck_497_good" classname="com.cardatechnologies.utils.validators.abaroutevalidator.Test_AbaRouteValidator_02" time="0"/>
  <testcase name="testAbaNumberCheck_40_bad" classname="com.cardatechnologies.utils.validators.abaroutevalidator.Test_AbaRouteValidator_02" time="0"/>
  <testcase name="testAbaNumberCheck_2001_good" classname="com.cardatechnologies.utils.validators.abaroutevalidator.Test_AbaRouteValidator_02" time="0"/>
  <testcase name="testAbaNumberCheck_42_bad" classname="com.cardatechnologies.utils.validators.abaroutevalidator.Test_AbaRouteValidator_02" time="0"/>
  <testcase name="testAbaNumberCheck_44_bad" classname="com.cardatechnologies.utils.validators.abaroutevalidator.Test_AbaRouteValidator_02" time="0"/>
  <testcase name="testAbaNumberCheck_993_good" classname="com.cardatechnologies.utils.validators.abaroutevalidator.Test_AbaRouteValidator_02" time="0"/>
  <testcase name="testAbaNumberCheck_46_bad" classname="com.cardatechnologies.utils.validators.abaroutevalidator.Test_AbaRouteValidator_02" time="0"/>
  <testcase name="testAbaNumberCheck_48_bad" classname="com.cardatechnologies.utils.validators.abaroutevalidator.Test_AbaRouteValidator_02" time="0"/>
  <testcase name="testAbaNumberCheck_867_good" classname="com.cardatechnologies.utils.validators.abaroutevalidator.Test_AbaRouteValidator_02" time="0"/>
  <testcase name="testAbaNumberCheck_140_bad" classname="com.cardatechnologies.utils.validators.abaroutevalidator.Test_AbaRouteValidator_02" time="0"/>
  <testcase name="testAbaNumberCheck_142_bad" classname="com.cardatechnologies.utils.validators.abaroutevalidator.Test_AbaRouteValidator_02" time="0"/>
  <testcase name="testAbaNumberCheck_3_good" classname="com.cardatechnologies.utils.validators.abaroutevalidator.Test_AbaRouteValidator_02" time="0"/>
  <testcase name="testAbaNumberCheck_144_bad" classname="com.cardatechnologies.utils.validators.abaroutevalidator.Test_AbaRouteValidator_02" time="0"/>
  <testcase name="testAbaNumberCheck_146_bad" classname="com.cardatechnologies.utils.validators.abaroutevalidator.Test_AbaRouteValidator_02" time="0"/>
  <testcase name="testAbaNumberCheck_579_good" classname="com.cardatechnologies.utils.validators.abaroutevalidator.Test_AbaRouteValidator_02" time="0"/>
  <testcase name="testAbaNumberCheck_148_bad" classname="com.cardatechnologies.utils.validators.abaroutevalidator.Test_AbaRouteValidator_02" time="0"/>
  <testcase name="testAbaNumberCheck_13_good" classname="com.cardatechnologies.utils.validators.abaroutevalidator.Test_AbaRouteValidator_02" time="0"/>
  <testcase name="testAbaNumberCheck_50_bad" classname="com.cardatechnologies.utils.validators.abaroutevalidator.Test_AbaRouteValidator_02" time="0"/>
  <testcase name="testAbaNumberCheck_52_bad" classname="com.cardatechnologies.utils.validators.abaroutevalidator.Test_AbaRouteValidator_02" time="0"/>
  <testcase name="testAbaNumberCheck_54_bad" classname="com.cardatechnologies.utils.validators.abaroutevalidator.Test_AbaRouteValidator_02" time="0"/>
  <testcase name="testAbaNumberCheck_949_good" classname="com.cardatechnologies.utils.validators.abaroutevalidator.Test_AbaRouteValidator_02" time="0"/>
  <testcase name="testAbaNumberCheck_56_bad" classname="com.cardatechnologies.utils.validators.abaroutevalidator.Test_AbaRouteValidator_02" time="0"/>
  <testcase name="testAbaNumberCheck_58_bad" classname="com.cardatechnologies.utils.validators.abaroutevalidator.Test_AbaRouteValidator_02" time="0"/>
  <testcase name="testAbaNumberCheck_787_good" classname="com.cardatechnologies.utils.validators.abaroutevalidator.Test_AbaRouteValidator_02" time="0"/>
  <testcase name="testAbaNumberCheck_600_bad" classname="com.cardatechnologies.utils.validators.abaroutevalidator.Test_AbaRouteValidator_02" time="0"/>
  <testcase name="testAbaNumberCheck_150_bad" classname="com.cardatechnologies.utils.validators.abaroutevalidator.Test_AbaRouteValidator_02" time="0"/>
  <testcase name="testAbaNumberCheck_602_bad" classname="com.cardatechnologies.utils.validators.abaroutevalidator.Test_AbaRouteValidator_02" time="0"/>
  <testcase name="testAbaNumberCheck_152_bad" classname="com.cardatechnologies.utils.validators.abaroutevalidator.Test_AbaRouteValidator_02" time="0"/>
  <testcase name="testAbaNumberCheck_604_bad" classname="com.cardatechnologies.utils.validators.abaroutevalidator.Test_AbaRouteValidator_02" time="0"/>
  <testcase name="testAbaNumberCheck_154_bad" classname="com.cardatechnologies.utils.validators.abaroutevalidator.Test_AbaRouteValidator_02" time="0"/>
  <testcase name="testAbaNumberCheck_606_bad" classname="com.cardatechnologies.utils.validators.abaroutevalidator.Test_AbaRouteValidator_02" time="0"/>
  <testcase name="testAbaNumberCheck_156_bad" classname="com.cardatechnologies.utils.validators.abaroutevalidator.Test_AbaRouteValidator_02" time="0"/>
  <testcase name="testAbaNumberCheck_608_bad" classname="com.cardatechnologies.utils.validators.abaroutevalidator.Test_AbaRouteValidator_02" time="0"/>
  <testcase name="testAbaNumberCheck_158_bad" classname="com.cardatechnologies.utils.validators.abaroutevalidator.Test_AbaRouteValidator_02" time="0"/>
  <testcase name="testAbaNumberCheck_499_good" classname="com.cardatechnologies.utils.validators.abaroutevalidator.Test_AbaRouteValidator_02" time="0"/>
  <testcase name="testAbaNumberCheck_60_bad" classname="com.cardatechnologies.utils.validators.abaroutevalidator.Test_AbaRouteValidator_02" time="0"/>
  <testcase name="testAbaNumberCheck_2003_good" classname="com.cardatechnologies.utils.validators.abaroutevalidator.Test_AbaRouteValidator_02" time="0"/>
  <testcase name="testAbaNumberCheck_62_bad" classname="com.cardatechnologies.utils.validators.abaroutevalidator.Test_AbaRouteValidator_02" time="0"/>
  <testcase name="testAbaNumberCheck_64_bad" classname="com.cardatechnologies.utils.validators.abaroutevalidator.Test_AbaRouteValidator_02" time="0"/>
  <testcase name="testAbaNumberCheck_995_good" classname="com.cardatechnologies.utils.validators.abaroutevalidator.Test_AbaRouteValidator_02" time="0"/>
  <testcase name="testAbaNumberCheck_66_bad" classname="com.cardatechnologies.utils.validators.abaroutevalidator.Test_AbaRouteValidator_02" time="0"/>
  <testcase name="testAbaNumberCheck_68_bad" classname="com.cardatechnologies.utils.validators.abaroutevalidator.Test_AbaRouteValidator_02" time="0"/>
  <testcase name="testAbaNumberCheck_869_good" classname="com.cardatechnologies.utils.validators.abaroutevalidator.Test_AbaRouteValidator_02" time="0"/>
  <testcase name="testAbaNumberCheck_610_bad" classname="com.cardatechnologies.utils.validators.abaroutevalidator.Test_AbaRouteValidator_02" time="0"/>
  <testcase name="testAbaNumberCheck_160_bad" classname="com.cardatechnologies.utils.validators.abaroutevalidator.Test_AbaRouteValidator_02" time="0"/>
  <testcase name="testAbaNumberCheck_612_bad" classname="com.cardatechnologies.utils.validators.abaroutevalidator.Test_AbaRouteValidator_02" time="0"/>
  <testcase name="testAbaNumberCheck_162_bad" classname="com.cardatechnologies.utils.validators.abaroutevalidator.Test_AbaRouteValidator_02" time="0"/>
  <testcase name="testAbaNumberCheck_5_good" classname="com.cardatechnologies.utils.validators.abaroutevalidator.Test_AbaRouteValidator_02" time="0"/>
  <testcase name="testAbaNumberCheck_614_bad" classname="com.cardatechnologies.utils.validators.abaroutevalidator.Test_AbaRouteValidator_02" time="0"/>
  <testcase name="testAbaNumberCheck_164_bad" classname="com.cardatechnologies.utils.validators.abaroutevalidator.Test_AbaRouteValidator_02" time="0"/>
  <testcase name="testAbaNumberCheck_616_bad" classname="com.cardatechnologies.utils.validators.abaroutevalidator.Test_AbaRouteValidator_02" time="0"/>
  <testcase name="testAbaNumberCheck_166_bad" classname="com.cardatechnologies.utils.validators.abaroutevalidator.Test_AbaRouteValidator_02" time="0"/>
  <testcase name="testAbaNumberCheck_618_bad" classname="com.cardatechnologies.utils.validators.abaroutevalidator.Test_AbaRouteValidator_02" time="0"/>
  <testcase name="testAbaNumberCheck_168_bad" classname="com.cardatechnologies.utils.validators.abaroutevalidator.Test_AbaRouteValidator_02" time="0"/>
  <testcase name="testAbaNumberCheck_2211_good" classname="com.cardatechnologies.utils.validators.abaroutevalidator.Test_AbaRouteValidator_02" time="0"/>
  <testcase name="testAbaNumberCheck_15_good" classname="com.cardatechnologies.utils.validators.abaroutevalidator.Test_AbaRouteValidator_02" time="0"/>
  <testcase name="testAbaNumberCheck_70_bad" classname="com.cardatechnologies.utils.validators.abaroutevalidator.Test_AbaRouteValidator_02" time="0"/>
  <testcase name="testAbaNumberCheck_72_bad" classname="com.cardatechnologies.utils.validators.abaroutevalidator.Test_AbaRouteValidator_02" time="0"/>
  <testcase name="testAbaNumberCheck_74_bad" classname="com.cardatechnologies.utils.validators.abaroutevalidator.Test_AbaRouteValidator_02" time="0"/>
  <testcase name="testAbaNumberCheck_76_bad" classname="com.cardatechnologies.utils.validators.abaroutevalidator.Test_AbaRouteValidator_02" time="0"/>
  <testcase name="testAbaNumberCheck_78_bad" classname="com.cardatechnologies.utils.validators.abaroutevalidator.Test_AbaRouteValidator_02" time="0"/>
  <testcase name="testAbaNumberCheck_789_good" classname="com.cardatechnologies.utils.validators.abaroutevalidator.Test_AbaRouteValidator_02" time="0"/>
  <testcase name="testAbaNumberCheck_620_bad" classname="com.cardatechnologies.utils.validators.abaroutevalidator.Test_AbaRouteValidator_02" time="0"/>
  <testcase name="testAbaNumberCheck_170_bad" classname="com.cardatechnologies.utils.validators.abaroutevalidator.Test_AbaRouteValidator_02" time="0"/>
  <testcase name="testAbaNumberCheck_622_bad" classname="com.cardatechnologies.utils.validators.abaroutevalidator.Test_AbaRouteValidator_02" time="0"/>
  <testcase name="testAbaNumberCheck_172_bad" classname="com.cardatechnologies.utils.validators.abaroutevalidator.Test_AbaRouteValidator_02" time="0"/>
  <testcase name="testAbaNumberCheck_624_bad" classname="com.cardatechnologies.utils.validators.abaroutevalidator.Test_AbaRouteValidator_02" time="0"/>
  <testcase name="testAbaNumberCheck_174_bad" classname="com.cardatechnologies.utils.validators.abaroutevalidator.Test_AbaRouteValidator_02" time="0"/>
  <testcase name="testAbaNumberCheck_626_bad" classname="com.cardatechnologies.utils.validators.abaroutevalidator.Test_AbaRouteValidator_02" time="0"/>
  <testcase name="testAbaNumberCheck_176_bad" classname="com.cardatechnologies.utils.validators.abaroutevalidator.Test_AbaRouteValidator_02" time="0"/>
  <testcase name="testAbaNumberCheck_628_bad" classname="com.cardatechnologies.utils.validators.abaroutevalidator.Test_AbaRouteValidator_02" time="0"/>
  <testcase name="testAbaNumberCheck_178_bad" classname="com.cardatechnologies.utils.validators.abaroutevalidator.Test_AbaRouteValidator_02" time="0"/>
  <testcase name="testAbaNumberCheck_2131_good" classname="com.cardatechnologies.utils.validators.abaroutevalidator.Test_AbaRouteValidator_02" time="0"/>
  <testcase name="testAbaNumberCheck_61_good" classname="com.cardatechnologies.utils.validators.abaroutevalidator.Test_AbaRouteValidator_02" time="0.016"/>
  <testcase name="testAbaNumberCheck_80_bad" classname="com.cardatechnologies.utils.validators.abaroutevalidator.Test_AbaRouteValidator_02" time="0"/>
  <testcase name="testAbaNumberCheck_2005_good" classname="com.cardatechnologies.utils.validators.abaroutevalidator.Test_AbaRouteValidator_02" time="0"/>
  <testcase name="testAbaNumberCheck_82_bad" classname="com.cardatechnologies.utils.validators.abaroutevalidator.Test_AbaRouteValidator_02" time="0"/>
  <testcase name="testAbaNumberCheck_84_bad" classname="com.cardatechnologies.utils.validators.abaroutevalidator.Test_AbaRouteValidator_02" time="0.01"/>
  <testcase name="testAbaNumberCheck_997_good" classname="com.cardatechnologies.utils.validators.abaroutevalidator.Test_AbaRouteValidator_02" time="0"/>
  <testcase name="testAbaNumberCheck_86_bad" classname="com.cardatechnologies.utils.validators.abaroutevalidator.Test_AbaRouteValidator_02" time="0"/>
  <testcase name="testAbaNumberCheck_88_bad" classname="com.cardatechnologies.utils.validators.abaroutevalidator.Test_AbaRouteValidator_02" time="0"/>
  <testcase name="testAbaNumberCheck_630_bad" classname="com.cardatechnologies.utils.validators.abaroutevalidator.Test_AbaRouteValidator_02" time="0"/>
  <testcase name="testAbaNumberCheck_180_bad" classname="com.cardatechnologies.utils.validators.abaroutevalidator.Test_AbaRouteValidator_02" time="0"/>
  <testcase name="testAbaNumberCheck_632_bad" classname="com.cardatechnologies.utils.validators.abaroutevalidator.Test_AbaRouteValidator_02" time="0"/>
  <testcase name="testAbaNumberCheck_182_bad" classname="com.cardatechnologies.utils.validators.abaroutevalidator.Test_AbaRouteValidator_02" time="0.001"/>
  <testcase name="testAbaNumberCheck_7_good" classname="com.cardatechnologies.utils.validators.abaroutevalidator.Test_AbaRouteValidator_02" time="0"/>
  <testcase name="testAbaNumberCheck_634_bad" classname="com.cardatechnologies.utils.validators.abaroutevalidator.Test_AbaRouteValidator_02" time="0"/>
  <testcase name="testAbaNumberCheck_184_bad" classname="com.cardatechnologies.utils.validators.abaroutevalidator.Test_AbaRouteValidator_02" time="0"/>
  <testcase name="testAbaNumberCheck_636_bad" classname="com.cardatechnologies.utils.validators.abaroutevalidator.Test_AbaRouteValidator_02" time="0"/>
  <testcase name="testAbaNumberCheck_186_bad" classname="com.cardatechnologies.utils.validators.abaroutevalidator.Test_AbaRouteValidator_02" time="0"/>
  <testcase name="testAbaNumberCheck_638_bad" classname="com.cardatechnologies.utils.validators.abaroutevalidator.Test_AbaRouteValidator_02" time="0"/>
  <testcase name="testAbaNumberCheck_188_bad" classname="com.cardatechnologies.utils.validators.abaroutevalidator.Test_AbaRouteValidator_02" time="0"/>
  <testcase name="testAbaNumberCheck_2213_good" classname="com.cardatechnologies.utils.validators.abaroutevalidator.Test_AbaRouteValidator_02" time="0"/>
  <testcase name="testAbaNumberCheck_17_good" classname="com.cardatechnologies.utils.validators.abaroutevalidator.Test_AbaRouteValidator_02" time="0"/>
  <testcase name="testAbaNumberCheck_90_bad" classname="com.cardatechnologies.utils.validators.abaroutevalidator.Test_AbaRouteValidator_02" time="0"/>
  <testcase name="testAbaNumberCheck_2051_good" classname="com.cardatechnologies.utils.validators.abaroutevalidator.Test_AbaRouteValidator_02" time="0"/>
  <testcase name="testAbaNumberCheck_1111_good" classname="com.cardatechnologies.utils.validators.abaroutevalidator.Test_AbaRouteValidator_02" time="0"/>
  <testcase name="testAbaNumberCheck_92_bad" classname="com.cardatechnologies.utils.validators.abaroutevalidator.Test_AbaRouteValidator_02" time="0"/>
  <testcase name="testAbaNumberCheck_94_bad" classname="com.cardatechnologies.utils.validators.abaroutevalidator.Test_AbaRouteValidator_02" time="0"/>
  <testcase name="testAbaNumberCheck_96_bad" classname="com.cardatechnologies.utils.validators.abaroutevalidator.Test_AbaRouteValidator_02" time="0"/>
  <testcase name="testAbaNumberCheck_98_bad" classname="com.cardatechnologies.utils.validators.abaroutevalidator.Test_AbaRouteValidator_02" time="0"/>
  <testcase name="testAbaNumberCheck_640_bad" classname="com.cardatechnologies.utils.validators.abaroutevalidator.Test_AbaRouteValidator_02" time="0"/>
  <testcase name="testAbaNumberCheck_190_bad" classname="com.cardatechnologies.utils.validators.abaroutevalidator.Test_AbaRouteValidator_02" time="0"/>
  <testcase name="testAbaNumberCheck_2421_good" classname="com.cardatechnologies.utils.validators.abaroutevalidator.Test_AbaRouteValidator_02" time="0"/>
  <testcase name="testAbaNumberCheck_642_bad" classname="com.cardatechnologies.utils.validators.abaroutevalidator.Test_AbaRouteValidator_02" time="0.001"/>
  <testcase name="testAbaNumberCheck_192_bad" classname="com.cardatechnologies.utils.validators.abaroutevalidator.Test_AbaRouteValidator_02" time="0"/>
  <testcase name="testAbaNumberCheck_644_bad" classname="com.cardatechnologies.utils.validators.abaroutevalidator.Test_AbaRouteValidator_02" time="0"/>
  <testcase name="testAbaNumberCheck_194_bad" classname="com.cardatechnologies.utils.validators.abaroutevalidator.Test_AbaRouteValidator_02" time="0"/>
  <testcase name="testAbaNumberCheck_646_bad" classname="com.cardatechnologies.utils.validators.abaroutevalidator.Test_AbaRouteValidator_02" time="0"/>
  <testcase name="testAbaNumberCheck_196_bad" classname="com.cardatechnologies.utils.validators.abaroutevalidator.Test_AbaRouteValidator_02" time="0"/>
  <testcase name="testAbaNumberCheck_648_bad" classname="com.cardatechnologies.utils.validators.abaroutevalidator.Test_AbaRouteValidator_02" time="0"/>
  <testcase name="testAbaNumberCheck_198_bad" classname="com.cardatechnologies.utils.validators.abaroutevalidator.Test_AbaRouteValidator_02" time="0"/>
  <testcase name="testAbaNumberCheck_2133_good" classname="com.cardatechnologies.utils.validators.abaroutevalidator.Test_AbaRouteValidator_02" time="0"/>
  <testcase name="testAbaNumberCheck_63_good" classname="com.cardatechnologies.utils.validators.abaroutevalidator.Test_AbaRouteValidator_02" time="0"/>
  <testcase name="testAbaNumberCheck_2007_good" classname="com.cardatechnologies.utils.validators.abaroutevalidator.Test_AbaRouteValidator_02" time="0"/>
  <testcase name="testAbaNumberCheck_999_good" classname="com.cardatechnologies.utils.validators.abaroutevalidator.Test_AbaRouteValidator_02" time="0"/>
  <testcase name="testAbaNumberCheck_1031_good" classname="com.cardatechnologies.utils.validators.abaroutevalidator.Test_AbaRouteValidator_02" time="0"/>
  <testcase name="testAbaNumberCheck_650_bad" classname="com.cardatechnologies.utils.validators.abaroutevalidator.Test_AbaRouteValidator_02" time="0"/>
  <testcase name="testAbaNumberCheck_652_bad" classname="com.cardatechnologies.utils.validators.abaroutevalidator.Test_AbaRouteValidator_02" time="0.007"/>
  <testcase name="testAbaNumberCheck_9_good" classname="com.cardatechnologies.utils.validators.abaroutevalidator.Test_AbaRouteValidator_02" time="0"/>
  <testcase name="testAbaNumberCheck_654_bad" classname="com.cardatechnologies.utils.validators.abaroutevalidator.Test_AbaRouteValidator_02" time="0"/>
  <testcase name="testAbaNumberCheck_2341_good" classname="com.cardatechnologies.utils.validators.abaroutevalidator.Test_AbaRouteValidator_02" time="0"/>
  <testcase name="testAbaNumberCheck_1401_good" classname="com.cardatechnologies.utils.validators.abaroutevalidator.Test_AbaRouteValidator_02" time="0"/>
  <testcase name="testAbaNumberCheck_656_bad" classname="com.cardatechnologies.utils.validators.abaroutevalidator.Test_AbaRouteValidator_02" time="0"/>
  <testcase name="testAbaNumberCheck_658_bad" classname="com.cardatechnologies.utils.validators.abaroutevalidator.Test_AbaRouteValidator_02" time="0"/>
  <testcase name="testAbaNumberCheck_2215_good" classname="com.cardatechnologies.utils.validators.abaroutevalidator.Test_AbaRouteValidator_02" time="0"/>
  <testcase name="testAbaNumberCheck_19_good" classname="com.cardatechnologies.utils.validators.abaroutevalidator.Test_AbaRouteValidator_02" time="0.001"/>
  <testcase name="testAbaNumberCheck_2053_good" classname="com.cardatechnologies.utils.validators.abaroutevalidator.Test_AbaRouteValidator_02" time="0"/>
  <testcase name="testAbaNumberCheck_1113_good" classname="com.cardatechnologies.utils.validators.abaroutevalidator.Test_AbaRouteValidator_02" time="0"/>
  <testcase name="testAbaNumberCheck_660_bad" classname="com.cardatechnologies.utils.validators.abaroutevalidator.Test_AbaRouteValidator_02" time="0"/>
  <testcase name="testAbaNumberCheck_2423_good" classname="com.cardatechnologies.utils.validators.abaroutevalidator.Test_AbaRouteValidator_02" time="0"/>
  <testcase name="testAbaNumberCheck_662_bad" classname="com.cardatechnologies.utils.validators.abaroutevalidator.Test_AbaRouteValidator_02" time="0"/>
  <testcase name="testAbaNumberCheck_664_bad" classname="com.cardatechnologies.utils.validators.abaroutevalidator.Test_AbaRouteValidator_02" time="0"/>
  <testcase name="testAbaNumberCheck_666_bad" classname="com.cardatechnologies.utils.validators.abaroutevalidator.Test_AbaRouteValidator_02" time="0"/>
  <testcase name="testAbaNumberCheck_668_bad" classname="com.cardatechnologies.utils.validators.abaroutevalidator.Test_AbaRouteValidator_02" time="0"/>
  <testcase name="testAbaNumberCheck_2261_good" classname="com.cardatechnologies.utils.validators.abaroutevalidator.Test_AbaRouteValidator_02" time="0"/>
  <testcase name="testAbaNumberCheck_1321_good" classname="com.cardatechnologies.utils.validators.abaroutevalidator.Test_AbaRouteValidator_02" time="0"/>
  <testcase name="testAbaNumberCheck_2135_good" classname="com.cardatechnologies.utils.validators.abaroutevalidator.Test_AbaRouteValidator_02" time="0"/>
  <testcase name="testAbaNumberCheck_65_good" classname="com.cardatechnologies.utils.validators.abaroutevalidator.Test_AbaRouteValidator_02" time="0"/>
  <testcase name="testAbaNumberCheck_2009_good" classname="com.cardatechnologies.utils.validators.abaroutevalidator.Test_AbaRouteValidator_02" time="0"/>
  <testcase name="testAbaNumberCheck_1033_good" classname="com.cardatechnologies.utils.validators.abaroutevalidator.Test_AbaRouteValidator_02" time="0"/>
  <testcase name="testAbaNumberCheck_670_bad" classname="com.cardatechnologies.utils.validators.abaroutevalidator.Test_AbaRouteValidator_02" time="0"/>
  <testcase name="testAbaNumberCheck_672_bad" classname="com.cardatechnologies.utils.validators.abaroutevalidator.Test_AbaRouteValidator_02" time="0"/>
  <testcase name="testAbaNumberCheck_674_bad" classname="com.cardatechnologies.utils.validators.abaroutevalidator.Test_AbaRouteValidator_02" time="0"/>
  <testcase name="testAbaNumberCheck_2343_good" classname="com.cardatechnologies.utils.validators.abaroutevalidator.Test_AbaRouteValidator_02" time="0"/>
  <testcase name="testAbaNumberCheck_1403_good" classname="com.cardatechnologies.utils.validators.abaroutevalidator.Test_AbaRouteValidator_02" time="0"/>
  <testcase name="testAbaNumberCheck_676_bad" classname="com.cardatechnologies.utils.validators.abaroutevalidator.Test_AbaRouteValidator_02" time="0"/>
  <testcase name="testAbaNumberCheck_678_bad" classname="com.cardatechnologies.utils.validators.abaroutevalidator.Test_AbaRouteValidator_02" time="0"/>
  <testcase name="testAbaNumberCheck_2217_good" classname="com.cardatechnologies.utils.validators.abaroutevalidator.Test_AbaRouteValidator_02" time="0"/>
  <testcase name="testAbaNumberCheck_2181_good" classname="com.cardatechnologies.utils.validators.abaroutevalidator.Test_AbaRouteValidator_02" time="0"/>
  <testcase name="testAbaNumberCheck_1241_good" classname="com.cardatechnologies.utils.validators.abaroutevalidator.Test_AbaRouteValidator_02" time="0"/>
  <testcase name="testAbaNumberCheck_2055_good" classname="com.cardatechnologies.utils.validators.abaroutevalidator.Test_AbaRouteValidator_02" time="0"/>
  <testcase name="testAbaNumberCheck_1115_good" classname="com.cardatechnologies.utils.validators.abaroutevalidator.Test_AbaRouteValidator_02" time="0"/>
  <testcase name="testAbaNumberCheck_1611_good" classname="com.cardatechnologies.utils.validators.abaroutevalidator.Test_AbaRouteValidator_02" time="0"/>
  <testcase name="testAbaNumberCheck_680_bad" classname="com.cardatechnologies.utils.validators.abaroutevalidator.Test_AbaRouteValidator_02" time="0"/>
  <testcase name="testAbaNumberCheck_2425_good" classname="com.cardatechnologies.utils.validators.abaroutevalidator.Test_AbaRouteValidator_02" time="0"/>
  <testcase name="testAbaNumberCheck_682_bad" classname="com.cardatechnologies.utils.validators.abaroutevalidator.Test_AbaRouteValidator_02" time="0"/>
  <testcase name="testAbaNumberCheck_684_bad" classname="com.cardatechnologies.utils.validators.abaroutevalidator.Test_AbaRouteValidator_02" time="0"/>
  <testcase name="testAbaNumberCheck_686_bad" classname="com.cardatechnologies.utils.validators.abaroutevalidator.Test_AbaRouteValidator_02" time="0"/>
  <testcase name="testAbaNumberCheck_688_bad" classname="com.cardatechnologies.utils.validators.abaroutevalidator.Test_AbaRouteValidator_02" time="0"/>
  <testcase name="testAbaNumberCheck_2263_good" classname="com.cardatechnologies.utils.validators.abaroutevalidator.Test_AbaRouteValidator_02" time="0"/>
  <testcase name="testAbaNumberCheck_1323_good" classname="com.cardatechnologies.utils.validators.abaroutevalidator.Test_AbaRouteValidator_02" time="0"/>
  <testcase name="testAbaNumberCheck_2137_good" classname="com.cardatechnologies.utils.validators.abaroutevalidator.Test_AbaRouteValidator_02" time="0"/>
  <testcase name="testAbaNumberCheck_67_good" classname="com.cardatechnologies.utils.validators.abaroutevalidator.Test_AbaRouteValidator_02" time="0"/>
  <testcase name="testAbaNumberCheck_1161_good" classname="com.cardatechnologies.utils.validators.abaroutevalidator.Test_AbaRouteValidator_02" time="0"/>
  <testcase name="testAbaNumberCheck_1035_good" classname="com.cardatechnologies.utils.validators.abaroutevalidator.Test_AbaRouteValidator_02" time="0"/>
  <testcase name="testAbaNumberCheck_690_bad" classname="com.cardatechnologies.utils.validators.abaroutevalidator.Test_AbaRouteValidator_02" time="0"/>
  <testcase name="testAbaNumberCheck_2471_good" classname="com.cardatechnologies.utils.validators.abaroutevalidator.Test_AbaRouteValidator_02" time="0"/>
  <testcase name="testAbaNumberCheck_1531_good" classname="com.cardatechnologies.utils.validators.abaroutevalidator.Test_AbaRouteValidator_02" time="0"/>
  <testcase name="testAbaNumberCheck_692_bad" classname="com.cardatechnologies.utils.validators.abaroutevalidator.Test_AbaRouteValidator_02" time="0"/>
  <testcase name="testAbaNumberCheck_694_bad" classname="com.cardatechnologies.utils.validators.abaroutevalidator.Test_AbaRouteValidator_02" time="0"/>
  <testcase name="testAbaNumberCheck_2345_good" classname="com.cardatechnologies.utils.validators.abaroutevalidator.Test_AbaRouteValidator_02" time="0"/>
  <testcase name="testAbaNumberCheck_1405_good" classname="com.cardatechnologies.utils.validators.abaroutevalidator.Test_AbaRouteValidator_02" time="0"/>
  <testcase name="testAbaNumberCheck_696_bad" classname="com.cardatechnologies.utils.validators.abaroutevalidator.Test_AbaRouteValidator_02" time="0"/>
  <testcase name="testAbaNumberCheck_698_bad" classname="com.cardatechnologies.utils.validators.abaroutevalidator.Test_AbaRouteValidator_02" time="0"/>
  <testcase name="testAbaNumberCheck_1100_bad" classname="com.cardatechnologies.utils.validators.abaroutevalidator.Test_AbaRouteValidator_02" time="0"/>
  <testcase name="testAbaNumberCheck_2219_good" classname="com.cardatechnologies.utils.validators.abaroutevalidator.Test_AbaRouteValidator_02" time="0"/>
  <testcase name="testAbaNumberCheck_1102_bad" classname="com.cardatechnologies.utils.validators.abaroutevalidator.Test_AbaRouteValidator_02" time="0"/>
  <testcase name="testAbaNumberCheck_1104_bad" classname="com.cardatechnologies.utils.validators.abaroutevalidator.Test_AbaRouteValidator_02" time="0"/>
  <testcase name="testAbaNumberCheck_2183_good" classname="com.cardatechnologies.utils.validators.abaroutevalidator.Test_AbaRouteValidator_02" time="0"/>
  <testcase name="testAbaNumberCheck_1243_good" classname="com.cardatechnologies.utils.validators.abaroutevalidator.Test_AbaRouteValidator_02" time="0"/>
  <testcase name="testAbaNumberCheck_1106_bad" classname="com.cardatechnologies.utils.validators.abaroutevalidator.Test_AbaRouteValidator_02" time="0"/>
  <testcase name="testAbaNumberCheck_1901_good" classname="com.cardatechnologies.utils.validators.abaroutevalidator.Test_AbaRouteValidator_02" time="0"/>
  <testcase name="testAbaNumberCheck_1108_bad" classname="com.cardatechnologies.utils.validators.abaroutevalidator.Test_AbaRouteValidator_02" time="0"/>
  <testcase name="testAbaNumberCheck_2057_good" classname="com.cardatechnologies.utils.validators.abaroutevalidator.Test_AbaRouteValidator_02" time="0"/>
  <testcase name="testAbaNumberCheck_1117_good" classname="com.cardatechnologies.utils.validators.abaroutevalidator.Test_AbaRouteValidator_02" time="0"/>
  <testcase name="testAbaNumberCheck_1081_good" classname="com.cardatechnologies.utils.validators.abaroutevalidator.Test_AbaRouteValidator_02" time="0"/>
  <testcase name="testAbaNumberCheck_1613_good" classname="com.cardatechnologies.utils.validators.abaroutevalidator.Test_AbaRouteValidator_02" time="0"/>
  <testcase name="testAbaNumberCheck_2427_good" classname="com.cardatechnologies.utils.validators.abaroutevalidator.Test_AbaRouteValidator_02" time="0"/>
  <testcase name="testAbaNumberCheck_2391_good" classname="com.cardatechnologies.utils.validators.abaroutevalidator.Test_AbaRouteValidator_02" time="0"/>
  <testcase name="testAbaNumberCheck_1451_good" classname="com.cardatechnologies.utils.validators.abaroutevalidator.Test_AbaRouteValidator_02" time="0"/>
  <testcase name="testAbaNumberCheck_1110_bad" classname="com.cardatechnologies.utils.validators.abaroutevalidator.Test_AbaRouteValidator_02" time="0"/>
  <testcase name="testAbaNumberCheck_2265_good" classname="com.cardatechnologies.utils.validators.abaroutevalidator.Test_AbaRouteValidator_02" time="0"/>
  <testcase name="testAbaNumberCheck_1325_good" classname="com.cardatechnologies.utils.validators.abaroutevalidator.Test_AbaRouteValidator_02" time="0"/>
  <testcase name="testAbaNumberCheck_1112_bad" classname="com.cardatechnologies.utils.validators.abaroutevalidator.Test_AbaRouteValidator_02" time="0"/>
  <testcase name="testAbaNumberCheck_1114_bad" classname="com.cardatechnologies.utils.validators.abaroutevalidator.Test_AbaRouteValidator_02" time="0"/>
  <testcase name="testAbaNumberCheck_2139_good" classname="com.cardatechnologies.utils.validators.abaroutevalidator.Test_AbaRouteValidator_02" time="0"/>
  <testcase name="testAbaNumberCheck_1116_bad" classname="com.cardatechnologies.utils.validators.abaroutevalidator.Test_AbaRouteValidator_02" time="0"/>
  <testcase name="testAbaNumberCheck_69_good" classname="com.cardatechnologies.utils.validators.abaroutevalidator.Test_AbaRouteValidator_02" time="0"/>
  <testcase name="testAbaNumberCheck_1118_bad" classname="com.cardatechnologies.utils.validators.abaroutevalidator.Test_AbaRouteValidator_02" time="0"/>
  <testcase name="testAbaNumberCheck_1163_good" classname="com.cardatechnologies.utils.validators.abaroutevalidator.Test_AbaRouteValidator_02" time="0"/>
  <testcase name="testAbaNumberCheck_1821_good" classname="com.cardatechnologies.utils.validators.abaroutevalidator.Test_AbaRouteValidator_02" time="0"/>
  <testcase name="testAbaNumberCheck_1037_good" classname="com.cardatechnologies.utils.validators.abaroutevalidator.Test_AbaRouteValidator_02" time="0"/>
  <testcase name="testAbaNumberCheck_2473_good" classname="com.cardatechnologies.utils.validators.abaroutevalidator.Test_AbaRouteValidator_02" time="0"/>
  <testcase name="testAbaNumberCheck_1533_good" classname="com.cardatechnologies.utils.validators.abaroutevalidator.Test_AbaRouteValidator_02" time="0"/>
  <testcase name="testAbaNumberCheck_2347_good" classname="com.cardatechnologies.utils.validators.abaroutevalidator.Test_AbaRouteValidator_02" time="0"/>
  <testcase name="testAbaNumberCheck_1407_good" classname="com.cardatechnologies.utils.validators.abaroutevalidator.Test_AbaRouteValidator_02" time="0"/>
  <testcase name="testAbaNumberCheck_1120_bad" classname="com.cardatechnologies.utils.validators.abaroutevalidator.Test_AbaRouteValidator_02" time="0.001"/>
  <testcase name="testAbaNumberCheck_1371_good" classname="com.cardatechnologies.utils.validators.abaroutevalidator.Test_AbaRouteValidator_02" time="0"/>
  <testcase name="testAbaNumberCheck_1122_bad" classname="com.cardatechnologies.utils.validators.abaroutevalidator.Test_AbaRouteValidator_02" time="0"/>
  <testcase name="testAbaNumberCheck_1124_bad" classname="com.cardatechnologies.utils.validators.abaroutevalidator.Test_AbaRouteValidator_02" time="0"/>
  <testcase name="testAbaNumberCheck_2185_good" classname="com.cardatechnologies.utils.validators.abaroutevalidator.Test_AbaRouteValidator_02" time="0"/>
  <testcase name="testAbaNumberCheck_1245_good" classname="com.cardatechnologies.utils.validators.abaroutevalidator.Test_AbaRouteValidator_02" time="0"/>
  <testcase name="testAbaNumberCheck_1126_bad" classname="com.cardatechnologies.utils.validators.abaroutevalidator.Test_AbaRouteValidator_02" time="0"/>
  <testcase name="testAbaNumberCheck_1903_good" classname="com.cardatechnologies.utils.validators.abaroutevalidator.Test_AbaRouteValidator_02" time="0"/>
  <testcase name="testAbaNumberCheck_1128_bad" classname="com.cardatechnologies.utils.validators.abaroutevalidator.Test_AbaRouteValidator_02" time="0"/>
  <testcase name="testAbaNumberCheck_2059_good" classname="com.cardatechnologies.utils.validators.abaroutevalidator.Test_AbaRouteValidator_02" time="0"/>
  <testcase name="testAbaNumberCheck_1119_good" classname="com.cardatechnologies.utils.validators.abaroutevalidator.Test_AbaRouteValidator_02" time="0"/>
  <testcase name="testAbaNumberCheck_1083_good" classname="com.cardatechnologies.utils.validators.abaroutevalidator.Test_AbaRouteValidator_02" time="0"/>
  <testcase name="testAbaNumberCheck_1741_good" classname="com.cardatechnologies.utils.validators.abaroutevalidator.Test_AbaRouteValidator_02" time="0"/>
  <testcase name="testAbaNumberCheck_111_good" classname="com.cardatechnologies.utils.validators.abaroutevalidator.Test_AbaRouteValidator_02" time="0"/>
  <testcase name="testAbaNumberCheck_1615_good" classname="com.cardatechnologies.utils.validators.abaroutevalidator.Test_AbaRouteValidator_02" time="0"/>
  <testcase name="testAbaNumberCheck_2429_good" classname="com.cardatechnologies.utils.validators.abaroutevalidator.Test_AbaRouteValidator_02" time="0"/>
  <testcase name="testAbaNumberCheck_2393_good" classname="com.cardatechnologies.utils.validators.abaroutevalidator.Test_AbaRouteValidator_02" time="0"/>
  <testcase name="testAbaNumberCheck_1453_good" classname="com.cardatechnologies.utils.validators.abaroutevalidator.Test_AbaRouteValidator_02" time="0"/>
  <testcase name="testAbaNumberCheck_1130_bad" classname="com.cardatechnologies.utils.validators.abaroutevalidator.Test_AbaRouteValidator_02" time="0"/>
  <testcase name="testAbaNumberCheck_2267_good" classname="com.cardatechnologies.utils.validators.abaroutevalidator.Test_AbaRouteValidator_02" time="0"/>
  <testcase name="testAbaNumberCheck_1327_good" classname="com.cardatechnologies.utils.validators.abaroutevalidator.Test_AbaRouteValidator_02" time="0"/>
  <testcase name="testAbaNumberCheck_1132_bad" classname="com.cardatechnologies.utils.validators.abaroutevalidator.Test_AbaRouteValidator_02" time="0"/>
  <testcase name="testAbaNumberCheck_1134_bad" classname="com.cardatechnologies.utils.validators.abaroutevalidator.Test_AbaRouteValidator_02" time="0"/>
  <testcase name="testAbaNumberCheck_1291_good" classname="com.cardatechnologies.utils.validators.abaroutevalidator.Test_AbaRouteValidator_02" time="0"/>
  <testcase name="testAbaNumberCheck_1136_bad" classname="com.cardatechnologies.utils.validators.abaroutevalidator.Test_AbaRouteValidator_02" time="0"/>
  <testcase name="testAbaNumberCheck_1138_bad" classname="com.cardatechnologies.utils.validators.abaroutevalidator.Test_AbaRouteValidator_02" time="0"/>
  <testcase name="testAbaNumberCheck_1165_good" classname="com.cardatechnologies.utils.validators.abaroutevalidator.Test_AbaRouteValidator_02" time="0"/>
  <testcase name="testAbaNumberCheck_1823_good" classname="com.cardatechnologies.utils.validators.abaroutevalidator.Test_AbaRouteValidator_02" time="0"/>
  <testcase name="testAbaNumberCheck_1039_good" classname="com.cardatechnologies.utils.validators.abaroutevalidator.Test_AbaRouteValidator_02" time="0"/>
  <testcase name="testAbaNumberCheck_1661_good" classname="com.cardatechnologies.utils.validators.abaroutevalidator.Test_AbaRouteValidator_02" time="0"/>
  <testcase name="testAbaNumberCheck_2475_good" classname="com.cardatechnologies.utils.validators.abaroutevalidator.Test_AbaRouteValidator_02" time="0.001"/>
  <testcase name="testAbaNumberCheck_1535_good" classname="com.cardatechnologies.utils.validators.abaroutevalidator.Test_AbaRouteValidator_02" time="0"/>
  <testcase name="testAbaNumberCheck_2400_bad" classname="com.cardatechnologies.utils.validators.abaroutevalidator.Test_AbaRouteValidator_02" time="0"/>
  <testcase name="testAbaNumberCheck_2349_good" classname="com.cardatechnologies.utils.validators.abaroutevalidator.Test_AbaRouteValidator_02" time="0"/>
  <testcase name="testAbaNumberCheck_1409_good" classname="com.cardatechnologies.utils.validators.abaroutevalidator.Test_AbaRouteValidator_02" time="0"/>
  <testcase name="testAbaNumberCheck_2402_bad" classname="com.cardatechnologies.utils.validators.abaroutevalidator.Test_AbaRouteValidator_02" time="0"/>
  <testcase name="testAbaNumberCheck_2404_bad" classname="com.cardatechnologies.utils.validators.abaroutevalidator.Test_AbaRouteValidator_02" time="0"/>
  <testcase name="testAbaNumberCheck_1140_bad" classname="com.cardatechnologies.utils.validators.abaroutevalidator.Test_AbaRouteValidator_02" time="0"/>
  <testcase name="testAbaNumberCheck_1373_good" classname="com.cardatechnologies.utils.validators.abaroutevalidator.Test_AbaRouteValidator_02" time="0"/>
  <testcase name="testAbaNumberCheck_2406_bad" classname="com.cardatechnologies.utils.validators.abaroutevalidator.Test_AbaRouteValidator_02" time="0"/>
  <testcase name="testAbaNumberCheck_1142_bad" classname="com.cardatechnologies.utils.validators.abaroutevalidator.Test_AbaRouteValidator_02" time="0"/>
  <testcase name="testAbaNumberCheck_2408_bad" classname="com.cardatechnologies.utils.validators.abaroutevalidator.Test_AbaRouteValidator_02" time="0"/>
  <testcase name="testAbaNumberCheck_1144_bad" classname="com.cardatechnologies.utils.validators.abaroutevalidator.Test_AbaRouteValidator_02" time="0"/>
  <testcase name="testAbaNumberCheck_401_good" classname="com.cardatechnologies.utils.validators.abaroutevalidator.Test_AbaRouteValidator_02" time="0"/>
  <testcase name="testAbaNumberCheck_2187_good" classname="com.cardatechnologies.utils.validators.abaroutevalidator.Test_AbaRouteValidator_02" time="0"/>
  <testcase name="testAbaNumberCheck_1247_good" classname="com.cardatechnologies.utils.validators.abaroutevalidator.Test_AbaRouteValidator_02" time="0"/>
  <testcase name="testAbaNumberCheck_1146_bad" classname="com.cardatechnologies.utils.validators.abaroutevalidator.Test_AbaRouteValidator_02" time="0"/>
  <testcase name="testAbaNumberCheck_1905_good" classname="com.cardatechnologies.utils.validators.abaroutevalidator.Test_AbaRouteValidator_02" time="0"/>
  <testcase name="testAbaNumberCheck_1148_bad" classname="com.cardatechnologies.utils.validators.abaroutevalidator.Test_AbaRouteValidator_02" time="0"/>
  <testcase name="testAbaNumberCheck_1085_good" classname="com.cardatechnologies.utils.validators.abaroutevalidator.Test_AbaRouteValidator_02" time="0"/>
  <testcase name="testAbaNumberCheck_1743_good" classname="com.cardatechnologies.utils.validators.abaroutevalidator.Test_AbaRouteValidator_02" time="0"/>
  <testcase name="testAbaNumberCheck_113_good" classname="com.cardatechnologies.utils.validators.abaroutevalidator.Test_AbaRouteValidator_02" time="0"/>
  <testcase name="testAbaNumberCheck_1617_good" classname="com.cardatechnologies.utils.validators.abaroutevalidator.Test_AbaRouteValidator_02" time="0"/>
  <testcase name="testAbaNumberCheck_1581_good" classname="com.cardatechnologies.utils.validators.abaroutevalidator.Test_AbaRouteValidator_02" time="0"/>
  <testcase name="testAbaNumberCheck_2410_bad" classname="com.cardatechnologies.utils.validators.abaroutevalidator.Test_AbaRouteValidator_02" time="0"/>
  <testcase name="testAbaNumberCheck_2395_good" classname="com.cardatechnologies.utils.validators.abaroutevalidator.Test_AbaRouteValidator_02" time="0"/>
  <testcase name="testAbaNumberCheck_1455_good" classname="com.cardatechnologies.utils.validators.abaroutevalidator.Test_AbaRouteValidator_02" time="0"/>
  <testcase name="testAbaNumberCheck_2412_bad" classname="com.cardatechnologies.utils.validators.abaroutevalidator.Test_AbaRouteValidator_02" time="0"/>
  <testcase name="testAbaNumberCheck_1600_bad" classname="com.cardatechnologies.utils.validators.abaroutevalidator.Test_AbaRouteValidator_02" time="0"/>
  <testcase name="testAbaNumberCheck_2414_bad" classname="com.cardatechnologies.utils.validators.abaroutevalidator.Test_AbaRouteValidator_02" time="0"/>
  <testcase name="testAbaNumberCheck_1150_bad" classname="com.cardatechnologies.utils.validators.abaroutevalidator.Test_AbaRouteValidator_02" time="0"/>
  <testcase name="testAbaNumberCheck_2269_good" classname="com.cardatechnologies.utils.validators.abaroutevalidator.Test_AbaRouteValidator_02" time="0"/>
  <testcase name="testAbaNumberCheck_1329_good" classname="com.cardatechnologies.utils.validators.abaroutevalidator.Test_AbaRouteValidator_02" time="0"/>
  <testcase name="testAbaNumberCheck_1602_bad" classname="com.cardatechnologies.utils.validators.abaroutevalidator.Test_AbaRouteValidator_02" time="0"/>
  <testcase name="testAbaNumberCheck_2416_bad" classname="com.cardatechnologies.utils.validators.abaroutevalidator.Test_AbaRouteValidator_02" time="0"/>
  <testcase name="testAbaNumberCheck_1152_bad" classname="com.cardatechnologies.utils.validators.abaroutevalidator.Test_AbaRouteValidator_02" time="0"/>
  <testcase name="testAbaNumberCheck_1604_bad" classname="com.cardatechnologies.utils.validators.abaroutevalidator.Test_AbaRouteValidator_02" time="0"/>
  <testcase name="testAbaNumberCheck_2418_bad" classname="com.cardatechnologies.utils.validators.abaroutevalidator.Test_AbaRouteValidator_02" time="0"/>
  <testcase name="testAbaNumberCheck_1154_bad" classname="com.cardatechnologies.utils.validators.abaroutevalidator.Test_AbaRouteValidator_02" time="0"/>
  <testcase name="testAbaNumberCheck_1293_good" classname="com.cardatechnologies.utils.validators.abaroutevalidator.Test_AbaRouteValidator_02" time="0"/>
  <testcase name="testAbaNumberCheck_1606_bad" classname="com.cardatechnologies.utils.validators.abaroutevalidator.Test_AbaRouteValidator_02" time="0"/>
  <testcase name="testAbaNumberCheck_1156_bad" classname="com.cardatechnologies.utils.validators.abaroutevalidator.Test_AbaRouteValidator_02" time="0"/>
  <testcase name="testAbaNumberCheck_1951_good" classname="com.cardatechnologies.utils.validators.abaroutevalidator.Test_AbaRouteValidator_02" time="0"/>
  <testcase name="testAbaNumberCheck_1608_bad" classname="com.cardatechnologies.utils.validators.abaroutevalidator.Test_AbaRouteValidator_02" time="0.003"/>
  <testcase name="testAbaNumberCheck_321_good" classname="com.cardatechnologies.utils.validators.abaroutevalidator.Test_AbaRouteValidator_02" time="0"/>
  <testcase name="testAbaNumberCheck_1158_bad" classname="com.cardatechnologies.utils.validators.abaroutevalidator.Test_AbaRouteValidator_02" time="0"/>
  <testcase name="testAbaNumberCheck_1167_good" classname="com.cardatechnologies.utils.validators.abaroutevalidator.Test_AbaRouteValidator_02" time="0"/>
  <testcase name="testAbaNumberCheck_1825_good" classname="com.cardatechnologies.utils.validators.abaroutevalidator.Test_AbaRouteValidator_02" time="0"/>
  <testcase name="testAbaNumberCheck_1663_good" classname="com.cardatechnologies.utils.validators.abaroutevalidator.Test_AbaRouteValidator_02" time="0"/>
  <testcase name="testAbaNumberCheck_2477_good" classname="com.cardatechnologies.utils.validators.abaroutevalidator.Test_AbaRouteValidator_02" time="0"/>
  <testcase name="testAbaNumberCheck_1537_good" classname="com.cardatechnologies.utils.validators.abaroutevalidator.Test_AbaRouteValidator_02" time="0"/>
  <testcase name="testAbaNumberCheck_2420_bad" classname="com.cardatechnologies.utils.validators.abaroutevalidator.Test_AbaRouteValidator_02" time="0"/>
  <testcase name="testAbaNumberCheck_2422_bad" classname="com.cardatechnologies.utils.validators.abaroutevalidator.Test_AbaRouteValidator_02" time="0"/>
  <testcase name="testAbaNumberCheck_1610_bad" classname="com.cardatechnologies.utils.validators.abaroutevalidator.Test_AbaRouteValidator_02" time="0"/>
  <testcase name="testAbaNumberCheck_2424_bad" classname="com.cardatechnologies.utils.validators.abaroutevalidator.Test_AbaRouteValidator_02" time="0"/>
  <testcase name="testAbaNumberCheck_1160_bad" classname="com.cardatechnologies.utils.validators.abaroutevalidator.Test_AbaRouteValidator_02" time="0"/>
  <testcase name="testAbaNumberCheck_1375_good" classname="com.cardatechnologies.utils.validators.abaroutevalidator.Test_AbaRouteValidator_02" time="0"/>
  <testcase name="testAbaNumberCheck_1612_bad" classname="com.cardatechnologies.utils.validators.abaroutevalidator.Test_AbaRouteValidator_02" time="0"/>
  <testcase name="testAbaNumberCheck_2426_bad" classname="com.cardatechnologies.utils.validators.abaroutevalidator.Test_AbaRouteValidator_02" time="0"/>
  <testcase name="testAbaNumberCheck_1162_bad" classname="com.cardatechnologies.utils.validators.abaroutevalidator.Test_AbaRouteValidator_02" time="0"/>
  <testcase name="testAbaNumberCheck_1614_bad" classname="com.cardatechnologies.utils.validators.abaroutevalidator.Test_AbaRouteValidator_02" time="0"/>
  <testcase name="testAbaNumberCheck_2428_bad" classname="com.cardatechnologies.utils.validators.abaroutevalidator.Test_AbaRouteValidator_02" time="0"/>
  <testcase name="testAbaNumberCheck_1164_bad" classname="com.cardatechnologies.utils.validators.abaroutevalidator.Test_AbaRouteValidator_02" time="0"/>
  <testcase name="testAbaNumberCheck_403_good" classname="com.cardatechnologies.utils.validators.abaroutevalidator.Test_AbaRouteValidator_02" time="0"/>
  <testcase name="testAbaNumberCheck_2189_good" classname="com.cardatechnologies.utils.validators.abaroutevalidator.Test_AbaRouteValidator_02" time="0"/>
  <testcase name="testAbaNumberCheck_1249_good" classname="com.cardatechnologies.utils.validators.abaroutevalidator.Test_AbaRouteValidator_02" time="0"/>
  <testcase name="testAbaNumberCheck_1616_bad" classname="com.cardatechnologies.utils.validators.abaroutevalidator.Test_AbaRouteValidator_02" time="0"/>
  <testcase name="testAbaNumberCheck_1166_bad" classname="com.cardatechnologies.utils.validators.abaroutevalidator.Test_AbaRouteValidator_02" time="0"/>
  <testcase name="testAbaNumberCheck_1618_bad" classname="com.cardatechnologies.utils.validators.abaroutevalidator.Test_AbaRouteValidator_02" time="0"/>
  <testcase name="testAbaNumberCheck_1907_good" classname="com.cardatechnologies.utils.validators.abaroutevalidator.Test_AbaRouteValidator_02" time="0"/>
  <testcase name="testAbaNumberCheck_1168_bad" classname="com.cardatechnologies.utils.validators.abaroutevalidator.Test_AbaRouteValidator_02" time="0"/>
  <testcase name="testAbaNumberCheck_1871_good" classname="com.cardatechnologies.utils.validators.abaroutevalidator.Test_AbaRouteValidator_02" time="0"/>
  <testcase name="testAbaNumberCheck_241_good" classname="com.cardatechnologies.utils.validators.abaroutevalidator.Test_AbaRouteValidator_02" time="0"/>
  <testcase name="testAbaNumberCheck_1087_good" classname="com.cardatechnologies.utils.validators.abaroutevalidator.Test_AbaRouteValidator_02" time="0"/>
  <testcase name="testAbaNumberCheck_1745_good" classname="com.cardatechnologies.utils.validators.abaroutevalidator.Test_AbaRouteValidator_02" time="0"/>
  <testcase name="testAbaNumberCheck_115_good" classname="com.cardatechnologies.utils.validators.abaroutevalidator.Test_AbaRouteValidator_02" time="0"/>
  <testcase name="testAbaNumberCheck_1619_good" classname="com.cardatechnologies.utils.validators.abaroutevalidator.Test_AbaRouteValidator_02" time="0"/>
  <testcase name="testAbaNumberCheck_1583_good" classname="com.cardatechnologies.utils.validators.abaroutevalidator.Test_AbaRouteValidator_02" time="0"/>
  <testcase name="testAbaNumberCheck_2430_bad" classname="com.cardatechnologies.utils.validators.abaroutevalidator.Test_AbaRouteValidator_02" time="0"/>
  <testcase name="testAbaNumberCheck_611_good" classname="com.cardatechnologies.utils.validators.abaroutevalidator.Test_AbaRouteValidator_02" time="0"/>
  <testcase name="testAbaNumberCheck_2397_good" classname="com.cardatechnologies.utils.validators.abaroutevalidator.Test_AbaRouteValidator_02" time="0"/>
  <testcase name="testAbaNumberCheck_1457_good" classname="com.cardatechnologies.utils.validators.abaroutevalidator.Test_AbaRouteValidator_02" time="0"/>
  <testcase name="testAbaNumberCheck_2432_bad" classname="com.cardatechnologies.utils.validators.abaroutevalidator.Test_AbaRouteValidator_02" time="0"/>
  <testcase name="testAbaNumberCheck_1620_bad" classname="com.cardatechnologies.utils.validators.abaroutevalidator.Test_AbaRouteValidator_02" time="0"/>
  <testcase name="testAbaNumberCheck_2434_bad" classname="com.cardatechnologies.utils.validators.abaroutevalidator.Test_AbaRouteValidator_02" time="0"/>
  <testcase name="testAbaNumberCheck_1170_bad" classname="com.cardatechnologies.utils.validators.abaroutevalidator.Test_AbaRouteValidator_02" time="0"/>
  <testcase name="testAbaNumberCheck_1622_bad" classname="com.cardatechnologies.utils.validators.abaroutevalidator.Test_AbaRouteValidator_02" time="0"/>
  <testcase name="testAbaNumberCheck_2436_bad" classname="com.cardatechnologies.utils.validators.abaroutevalidator.Test_AbaRouteValidator_02" time="0"/>
  <testcase name="testAbaNumberCheck_1172_bad" classname="com.cardatechnologies.utils.validators.abaroutevalidator.Test_AbaRouteValidator_02" time="0"/>
  <testcase name="testAbaNumberCheck_1624_bad" classname="com.cardatechnologies.utils.validators.abaroutevalidator.Test_AbaRouteValidator_02" time="0"/>
  <testcase name="testAbaNumberCheck_2438_bad" classname="com.cardatechnologies.utils.validators.abaroutevalidator.Test_AbaRouteValidator_02" time="0"/>
  <testcase name="testAbaNumberCheck_1174_bad" classname="com.cardatechnologies.utils.validators.abaroutevalidator.Test_AbaRouteValidator_02" time="0"/>
  <testcase name="testAbaNumberCheck_1295_good" classname="com.cardatechnologies.utils.validators.abaroutevalidator.Test_AbaRouteValidator_02" time="0"/>
  <testcase name="testAbaNumberCheck_1626_bad" classname="com.cardatechnologies.utils.validators.abaroutevalidator.Test_AbaRouteValidator_02" time="0"/>
  <testcase name="testAbaNumberCheck_1176_bad" classname="com.cardatechnologies.utils.validators.abaroutevalidator.Test_AbaRouteValidator_02" time="0"/>
  <testcase name="testAbaNumberCheck_1953_good" classname="com.cardatechnologies.utils.validators.abaroutevalidator.Test_AbaRouteValidator_02" time="0"/>
  <testcase name="testAbaNumberCheck_1628_bad" classname="com.cardatechnologies.utils.validators.abaroutevalidator.Test_AbaRouteValidator_02" time="0"/>
  <testcase name="testAbaNumberCheck_323_good" classname="com.cardatechnologies.utils.validators.abaroutevalidator.Test_AbaRouteValidator_02" time="0.009"/>
  <testcase name="testAbaNumberCheck_1178_bad" classname="com.cardatechnologies.utils.validators.abaroutevalidator.Test_AbaRouteValidator_02" time="0.001"/>
  <testcase name="testAbaNumberCheck_1169_good" classname="com.cardatechnologies.utils.validators.abaroutevalidator.Test_AbaRouteValidator_02" time="0"/>
  <testcase name="testAbaNumberCheck_1827_good" classname="com.cardatechnologies.utils.validators.abaroutevalidator.Test_AbaRouteValidator_02" time="0"/>
  <testcase name="testAbaNumberCheck_1791_good" classname="com.cardatechnologies.utils.validators.abaroutevalidator.Test_AbaRouteValidator_02" time="0"/>
  <testcase name="testAbaNumberCheck_161_good" classname="com.cardatechnologies.utils.validators.abaroutevalidator.Test_AbaRouteValidator_02" time="0"/>
  <testcase name="testAbaNumberCheck_1665_good" classname="com.cardatechnologies.utils.validators.abaroutevalidator.Test_AbaRouteValidator_02" time="0"/>
  <testcase name="testAbaNumberCheck_2479_good" classname="com.cardatechnologies.utils.validators.abaroutevalidator.Test_AbaRouteValidator_02" time="0"/>
  <testcase name="testAbaNumberCheck_1539_good" classname="com.cardatechnologies.utils.validators.abaroutevalidator.Test_AbaRouteValidator_02" time="0"/>
  <testcase name="testAbaNumberCheck_2440_bad" classname="com.cardatechnologies.utils.validators.abaroutevalidator.Test_AbaRouteValidator_02" time="0"/>
  <testcase name="testAbaNumberCheck_2442_bad" classname="com.cardatechnologies.utils.validators.abaroutevalidator.Test_AbaRouteValidator_02" time="0"/>
  <testcase name="testAbaNumberCheck_1630_bad" classname="com.cardatechnologies.utils.validators.abaroutevalidator.Test_AbaRouteValidator_02" time="0"/>
  <testcase name="testAbaNumberCheck_2444_bad" classname="com.cardatechnologies.utils.validators.abaroutevalidator.Test_AbaRouteValidator_02" time="0"/>
  <testcase name="testAbaNumberCheck_531_good" classname="com.cardatechnologies.utils.validators.abaroutevalidator.Test_AbaRouteValidator_02" time="0"/>
  <testcase name="testAbaNumberCheck_1180_bad" classname="com.cardatechnologies.utils.validators.abaroutevalidator.Test_AbaRouteValidator_02" time="0"/>
  <testcase name="testAbaNumberCheck_1377_good" classname="com.cardatechnologies.utils.validators.abaroutevalidator.Test_AbaRouteValidator_02" time="0"/>
  <testcase name="testAbaNumberCheck_1632_bad" classname="com.cardatechnologies.utils.validators.abaroutevalidator.Test_AbaRouteValidator_02" time="0"/>
  <testcase name="testAbaNumberCheck_2446_bad" classname="com.cardatechnologies.utils.validators.abaroutevalidator.Test_AbaRouteValidator_02" time="0"/>
  <testcase name="testAbaNumberCheck_1182_bad" classname="com.cardatechnologies.utils.validators.abaroutevalidator.Test_AbaRouteValidator_02" time="0"/>
  <testcase name="testAbaNumberCheck_1634_bad" classname="com.cardatechnologies.utils.validators.abaroutevalidator.Test_AbaRouteValidator_02" time="0"/>
  <testcase name="testAbaNumberCheck_2448_bad" classname="com.cardatechnologies.utils.validators.abaroutevalidator.Test_AbaRouteValidator_02" time="0"/>
  <testcase name="testAbaNumberCheck_1184_bad" classname="com.cardatechnologies.utils.validators.abaroutevalidator.Test_AbaRouteValidator_02" time="0"/>
  <testcase name="testAbaNumberCheck_405_good" classname="com.cardatechnologies.utils.validators.abaroutevalidator.Test_AbaRouteValidator_02" time="0"/>
  <testcase name="testAbaNumberCheck_1636_bad" classname="com.cardatechnologies.utils.validators.abaroutevalidator.Test_AbaRouteValidator_02" time="0"/>
  <testcase name="testAbaNumberCheck_1186_bad" classname="com.cardatechnologies.utils.validators.abaroutevalidator.Test_AbaRouteValidator_02" time="0"/>
  <testcase name="testAbaNumberCheck_1638_bad" classname="com.cardatechnologies.utils.validators.abaroutevalidator.Test_AbaRouteValidator_02" time="0"/>
  <testcase name="testAbaNumberCheck_1909_good" classname="com.cardatechnologies.utils.validators.abaroutevalidator.Test_AbaRouteValidator_02" time="0"/>
  <testcase name="testAbaNumberCheck_1188_bad" classname="com.cardatechnologies.utils.validators.abaroutevalidator.Test_AbaRouteValidator_02" time="0"/>
  <testcase name="testAbaNumberCheck_1873_good" classname="com.cardatechnologies.utils.validators.abaroutevalidator.Test_AbaRouteValidator_02" time="0.001"/>
  <testcase name="testAbaNumberCheck_243_good" classname="com.cardatechnologies.utils.validators.abaroutevalidator.Test_AbaRouteValidator_02" time="0"/>
  <testcase name="testAbaNumberCheck_1089_good" classname="com.cardatechnologies.utils.validators.abaroutevalidator.Test_AbaRouteValidator_02" time="0"/>
  <testcase name="testAbaNumberCheck_901_good" classname="com.cardatechnologies.utils.validators.abaroutevalidator.Test_AbaRouteValidator_02" time="0"/>
  <testcase name="testAbaNumberCheck_1747_good" classname="com.cardatechnologies.utils.validators.abaroutevalidator.Test_AbaRouteValidator_02" time="0"/>
  <testcase name="testAbaNumberCheck_117_good" classname="com.cardatechnologies.utils.validators.abaroutevalidator.Test_AbaRouteValidator_02" time="0"/>
  <testcase name="testAbaNumberCheck_1585_good" classname="com.cardatechnologies.utils.validators.abaroutevalidator.Test_AbaRouteValidator_02" time="0"/>
  <testcase name="testAbaNumberCheck_2450_bad" classname="com.cardatechnologies.utils.validators.abaroutevalidator.Test_AbaRouteValidator_02" time="0"/>
  <testcase name="testAbaNumberCheck_613_good" classname="com.cardatechnologies.utils.validators.abaroutevalidator.Test_AbaRouteValidator_02" time="0"/>
  <testcase name="testAbaNumberCheck_2399_good" classname="com.cardatechnologies.utils.validators.abaroutevalidator.Test_AbaRouteValidator_02" time="0"/>
  <testcase name="testAbaNumberCheck_1459_good" classname="com.cardatechnologies.utils.validators.abaroutevalidator.Test_AbaRouteValidator_02" time="0"/>
  <testcase name="testAbaNumberCheck_2452_bad" classname="com.cardatechnologies.utils.validators.abaroutevalidator.Test_AbaRouteValidator_02" time="0"/>
  <testcase name="testAbaNumberCheck_1640_bad" classname="com.cardatechnologies.utils.validators.abaroutevalidator.Test_AbaRouteValidator_02" time="0"/>
  <testcase name="testAbaNumberCheck_2454_bad" classname="com.cardatechnologies.utils.validators.abaroutevalidator.Test_AbaRouteValidator_02" time="0"/>
  <testcase name="testAbaNumberCheck_1190_bad" classname="com.cardatechnologies.utils.validators.abaroutevalidator.Test_AbaRouteValidator_02" time="0"/>
  <testcase name="testAbaNumberCheck_1642_bad" classname="com.cardatechnologies.utils.validators.abaroutevalidator.Test_AbaRouteValidator_02" time="0"/>
  <testcase name="testAbaNumberCheck_2456_bad" classname="com.cardatechnologies.utils.validators.abaroutevalidator.Test_AbaRouteValidator_02" time="0"/>
  <testcase name="testAbaNumberCheck_1192_bad" classname="com.cardatechnologies.utils.validators.abaroutevalidator.Test_AbaRouteValidator_02" time="0"/>
  <testcase name="testAbaNumberCheck_1644_bad" classname="com.cardatechnologies.utils.validators.abaroutevalidator.Test_AbaRouteValidator_02" time="0"/>
  <testcase name="testAbaNumberCheck_451_good" classname="com.cardatechnologies.utils.validators.abaroutevalidator.Test_AbaRouteValidator_02" time="0"/>
  <testcase name="testAbaNumberCheck_2458_bad" classname="com.cardatechnologies.utils.validators.abaroutevalidator.Test_AbaRouteValidator_02" time="0"/>
  <testcase name="testAbaNumberCheck_1194_bad" classname="com.cardatechnologies.utils.validators.abaroutevalidator.Test_AbaRouteValidator_02" time="0"/>
  <testcase name="testAbaNumberCheck_1297_good" classname="com.cardatechnologies.utils.validators.abaroutevalidator.Test_AbaRouteValidator_02" time="0"/>
  <testcase name="testAbaNumberCheck_1646_bad" classname="com.cardatechnologies.utils.validators.abaroutevalidator.Test_AbaRouteValidator_02" time="0"/>
  <testcase name="testAbaNumberCheck_1196_bad" classname="com.cardatechnologies.utils.validators.abaroutevalidator.Test_AbaRouteValidator_02" time="0"/>
  <testcase name="testAbaNumberCheck_1955_good" classname="com.cardatechnologies.utils.validators.abaroutevalidator.Test_AbaRouteValidator_02" time="0"/>
  <testcase name="testAbaNumberCheck_1648_bad" classname="com.cardatechnologies.utils.validators.abaroutevalidator.Test_AbaRouteValidator_02" time="0"/>
  <testcase name="testAbaNumberCheck_325_good" classname="com.cardatechnologies.utils.validators.abaroutevalidator.Test_AbaRouteValidator_02" time="0"/>
  <testcase name="testAbaNumberCheck_1198_bad" classname="com.cardatechnologies.utils.validators.abaroutevalidator.Test_AbaRouteValidator_02" time="0"/>
  <testcase name="testAbaNumberCheck_1829_good" classname="com.cardatechnologies.utils.validators.abaroutevalidator.Test_AbaRouteValidator_02" time="0"/>
  <testcase name="testAbaNumberCheck_1793_good" classname="com.cardatechnologies.utils.validators.abaroutevalidator.Test_AbaRouteValidator_02" time="0"/>
  <testcase name="testAbaNumberCheck_163_good" classname="com.cardatechnologies.utils.validators.abaroutevalidator.Test_AbaRouteValidator_02" time="0"/>
  <testcase name="testAbaNumberCheck_821_good" classname="com.cardatechnologies.utils.validators.abaroutevalidator.Test_AbaRouteValidator_02" time="0"/>
  <testcase name="testAbaNumberCheck_1667_good" classname="com.cardatechnologies.utils.validators.abaroutevalidator.Test_AbaRouteValidator_02" time="0"/>
  <testcase name="testAbaNumberCheck_2460_bad" classname="com.cardatechnologies.utils.validators.abaroutevalidator.Test_AbaRouteValidator_02" time="0"/>
  <testcase name="testAbaNumberCheck_2462_bad" classname="com.cardatechnologies.utils.validators.abaroutevalidator.Test_AbaRouteValidator_02" time="0"/>
  <testcase name="testAbaNumberCheck_1650_bad" classname="com.cardatechnologies.utils.validators.abaroutevalidator.Test_AbaRouteValidator_02" time="0"/>
  <testcase name="testAbaNumberCheck_2464_bad" classname="com.cardatechnologies.utils.validators.abaroutevalidator.Test_AbaRouteValidator_02" time="0"/>
  <testcase name="testAbaNumberCheck_533_good" classname="com.cardatechnologies.utils.validators.abaroutevalidator.Test_AbaRouteValidator_02" time="0"/>
  <testcase name="testAbaNumberCheck_1379_good" classname="com.cardatechnologies.utils.validators.abaroutevalidator.Test_AbaRouteValidator_02" time="0"/>
  <testcase name="testAbaNumberCheck_1652_bad" classname="com.cardatechnologies.utils.validators.abaroutevalidator.Test_AbaRouteValidator_02" time="0"/>
  <testcase name="testAbaNumberCheck_2466_bad" classname="com.cardatechnologies.utils.validators.abaroutevalidator.Test_AbaRouteValidator_02" time="0"/>
  <testcase name="testAbaNumberCheck_1654_bad" classname="com.cardatechnologies.utils.validators.abaroutevalidator.Test_AbaRouteValidator_02" time="0"/>
  <testcase name="testAbaNumberCheck_2468_bad" classname="com.cardatechnologies.utils.validators.abaroutevalidator.Test_AbaRouteValidator_02" time="0"/>
  <testcase name="testAbaNumberCheck_407_good" classname="com.cardatechnologies.utils.validators.abaroutevalidator.Test_AbaRouteValidator_02" time="0"/>
  <testcase name="testAbaNumberCheck_1656_bad" classname="com.cardatechnologies.utils.validators.abaroutevalidator.Test_AbaRouteValidator_02" time="0"/>
  <testcase name="testAbaNumberCheck_371_good" classname="com.cardatechnologies.utils.validators.abaroutevalidator.Test_AbaRouteValidator_02" time="0"/>
  <testcase name="testAbaNumberCheck_1658_bad" classname="com.cardatechnologies.utils.validators.abaroutevalidator.Test_AbaRouteValidator_02" time="0"/>
  <testcase name="testAbaNumberCheck_1875_good" classname="com.cardatechnologies.utils.validators.abaroutevalidator.Test_AbaRouteValidator_02" time="0"/>
  <testcase name="testAbaNumberCheck_245_good" classname="com.cardatechnologies.utils.validators.abaroutevalidator.Test_AbaRouteValidator_02" time="0"/>
  <testcase name="testAbaNumberCheck_903_good" classname="com.cardatechnologies.utils.validators.abaroutevalidator.Test_AbaRouteValidator_02" time="0"/>
  <testcase name="testAbaNumberCheck_1749_good" classname="com.cardatechnologies.utils.validators.abaroutevalidator.Test_AbaRouteValidator_02" time="0"/>
  <testcase name="testAbaNumberCheck_119_good" classname="com.cardatechnologies.utils.validators.abaroutevalidator.Test_AbaRouteValidator_02" time="0"/>
  <testcase name="testAbaNumberCheck_741_good" classname="com.cardatechnologies.utils.validators.abaroutevalidator.Test_AbaRouteValidator_02" time="0"/>
  <testcase name="testAbaNumberCheck_1587_good" classname="com.cardatechnologies.utils.validators.abaroutevalidator.Test_AbaRouteValidator_02" time="0"/>
  <testcase name="testAbaNumberCheck_2470_bad" classname="com.cardatechnologies.utils.validators.abaroutevalidator.Test_AbaRouteValidator_02" time="0"/>
  <testcase name="testAbaNumberCheck_615_good" classname="com.cardatechnologies.utils.validators.abaroutevalidator.Test_AbaRouteValidator_02" time="0"/>
  <testcase name="testAbaNumberCheck_2472_bad" classname="com.cardatechnologies.utils.validators.abaroutevalidator.Test_AbaRouteValidator_02" time="0"/>
  <testcase name="testAbaNumberCheck_1660_bad" classname="com.cardatechnologies.utils.validators.abaroutevalidator.Test_AbaRouteValidator_02" time="0"/>
  <testcase name="testAbaNumberCheck_2474_bad" classname="com.cardatechnologies.utils.validators.abaroutevalidator.Test_AbaRouteValidator_02" time="0"/>
  <testcase name="testAbaNumberCheck_1662_bad" classname="com.cardatechnologies.utils.validators.abaroutevalidator.Test_AbaRouteValidator_02" time="0"/>
  <testcase name="testAbaNumberCheck_2476_bad" classname="com.cardatechnologies.utils.validators.abaroutevalidator.Test_AbaRouteValidator_02" time="0"/>
  <testcase name="testAbaNumberCheck_1664_bad" classname="com.cardatechnologies.utils.validators.abaroutevalidator.Test_AbaRouteValidator_02" time="0"/>
  <testcase name="testAbaNumberCheck_453_good" classname="com.cardatechnologies.utils.validators.abaroutevalidator.Test_AbaRouteValidator_02" time="0"/>
  <testcase name="testAbaNumberCheck_2478_bad" classname="com.cardatechnologies.utils.validators.abaroutevalidator.Test_AbaRouteValidator_02" time="0"/>
  <testcase name="testAbaNumberCheck_1299_good" classname="com.cardatechnologies.utils.validators.abaroutevalidator.Test_AbaRouteValidator_02" time="0"/>
  <testcase name="testAbaNumberCheck_1666_bad" classname="com.cardatechnologies.utils.validators.abaroutevalidator.Test_AbaRouteValidator_02" time="0"/>
  <testcase name="testAbaNumberCheck_1957_good" classname="com.cardatechnologies.utils.validators.abaroutevalidator.Test_AbaRouteValidator_02" time="0"/>
  <testcase name="testAbaNumberCheck_1668_bad" classname="com.cardatechnologies.utils.validators.abaroutevalidator.Test_AbaRouteValidator_02" time="0"/>
  <testcase name="testAbaNumberCheck_327_good" classname="com.cardatechnologies.utils.validators.abaroutevalidator.Test_AbaRouteValidator_02" time="0"/>
  <testcase name="testAbaNumberCheck_291_good" classname="com.cardatechnologies.utils.validators.abaroutevalidator.Test_AbaRouteValidator_02" time="0"/>
  <testcase name="testAbaNumberCheck_1795_good" classname="com.cardatechnologies.utils.validators.abaroutevalidator.Test_AbaRouteValidator_02" time="0"/>
  <testcase name="testAbaNumberCheck_165_good" classname="com.cardatechnologies.utils.validators.abaroutevalidator.Test_AbaRouteValidator_02" time="0"/>
  <testcase name="testAbaNumberCheck_823_good" classname="com.cardatechnologies.utils.validators.abaroutevalidator.Test_AbaRouteValidator_02" time="0"/>
  <testcase name="testAbaNumberCheck_1669_good" classname="com.cardatechnologies.utils.validators.abaroutevalidator.Test_AbaRouteValidator_02" time="0"/>
  <testcase name="testAbaNumberCheck_661_good" classname="com.cardatechnologies.utils.validators.abaroutevalidator.Test_AbaRouteValidator_02" time="0"/>
  <testcase name="testAbaNumberCheck_2480_bad" classname="com.cardatechnologies.utils.validators.abaroutevalidator.Test_AbaRouteValidator_02" time="0"/>
  <testcase name="testAbaNumberCheck_2482_bad" classname="com.cardatechnologies.utils.validators.abaroutevalidator.Test_AbaRouteValidator_02" time="0"/>
  <testcase name="testAbaNumberCheck_1670_bad" classname="com.cardatechnologies.utils.validators.abaroutevalidator.Test_AbaRouteValidator_02" time="0"/>
  <testcase name="testAbaNumberCheck_2484_bad" classname="com.cardatechnologies.utils.validators.abaroutevalidator.Test_AbaRouteValidator_02" time="0"/>
  <testcase name="testAbaNumberCheck_535_good" classname="com.cardatechnologies.utils.validators.abaroutevalidator.Test_AbaRouteValidator_02" time="0"/>
  <testcase name="testAbaNumberCheck_1672_bad" classname="com.cardatechnologies.utils.validators.abaroutevalidator.Test_AbaRouteValidator_02" time="0"/>
  <testcase name="testAbaNumberCheck_2486_bad" classname="com.cardatechnologies.utils.validators.abaroutevalidator.Test_AbaRouteValidator_02" time="0"/>
  <testcase name="testAbaNumberCheck_1674_bad" classname="com.cardatechnologies.utils.validators.abaroutevalidator.Test_AbaRouteValidator_02" time="0"/>
  <testcase name="testAbaNumberCheck_2488_bad" classname="com.cardatechnologies.utils.validators.abaroutevalidator.Test_AbaRouteValidator_02" time="0"/>
  <testcase name="testAbaNumberCheck_409_good" classname="com.cardatechnologies.utils.validators.abaroutevalidator.Test_AbaRouteValidator_02" time="0"/>
  <testcase name="testAbaNumberCheck_1676_bad" classname="com.cardatechnologies.utils.validators.abaroutevalidator.Test_AbaRouteValidator_02" time="0"/>
  <testcase name="testAbaNumberCheck_373_good" classname="com.cardatechnologies.utils.validators.abaroutevalidator.Test_AbaRouteValidator_02" time="0"/>
  <testcase name="testAbaNumberCheck_1678_bad" classname="com.cardatechnologies.utils.validators.abaroutevalidator.Test_AbaRouteValidator_02" time="0"/>
  <testcase name="testAbaNumberCheck_1877_good" classname="com.cardatechnologies.utils.validators.abaroutevalidator.Test_AbaRouteValidator_02" time="0"/>
  <testcase name="testAbaNumberCheck_247_good" classname="com.cardatechnologies.utils.validators.abaroutevalidator.Test_AbaRouteValidator_02" time="0"/>
  <testcase name="testAbaNumberCheck_905_good" classname="com.cardatechnologies.utils.validators.abaroutevalidator.Test_AbaRouteValidator_02" time="0"/>
  <testcase name="testAbaNumberCheck_743_good" classname="com.cardatechnologies.utils.validators.abaroutevalidator.Test_AbaRouteValidator_02" time="0"/>
  <testcase name="testAbaNumberCheck_1589_good" classname="com.cardatechnologies.utils.validators.abaroutevalidator.Test_AbaRouteValidator_02" time="0"/>
  <testcase name="testAbaNumberCheck_2490_bad" classname="com.cardatechnologies.utils.validators.abaroutevalidator.Test_AbaRouteValidator_02" time="0"/>
  <testcase name="testAbaNumberCheck_617_good" classname="com.cardatechnologies.utils.validators.abaroutevalidator.Test_AbaRouteValidator_02" time="0"/>
  <testcase name="testAbaNumberCheck_2492_bad" classname="com.cardatechnologies.utils.validators.abaroutevalidator.Test_AbaRouteValidator_02" time="0"/>
  <testcase name="testAbaNumberCheck_581_good" classname="com.cardatechnologies.utils.validators.abaroutevalidator.Test_AbaRouteValidator_02" time="0"/>
  <testcase name="testAbaNumberCheck_1680_bad" classname="com.cardatechnologies.utils.validators.abaroutevalidator.Test_AbaRouteValidator_02" time="0"/>
  <testcase name="testAbaNumberCheck_2494_bad" classname="com.cardatechnologies.utils.validators.abaroutevalidator.Test_AbaRouteValidator_02" time="0"/>
  <testcase name="testAbaNumberCheck_1682_bad" classname="com.cardatechnologies.utils.validators.abaroutevalidator.Test_AbaRouteValidator_02" time="0"/>
  <testcase name="testAbaNumberCheck_2496_bad" classname="com.cardatechnologies.utils.validators.abaroutevalidator.Test_AbaRouteValidator_02" time="0"/>
  <testcase name="testAbaNumberCheck_1684_bad" classname="com.cardatechnologies.utils.validators.abaroutevalidator.Test_AbaRouteValidator_02" time="0"/>
  <testcase name="testAbaNumberCheck_455_good" classname="com.cardatechnologies.utils.validators.abaroutevalidator.Test_AbaRouteValidator_02" time="0"/>
  <testcase name="testAbaNumberCheck_2498_bad" classname="com.cardatechnologies.utils.validators.abaroutevalidator.Test_AbaRouteValidator_02" time="0"/>
  <testcase name="testAbaNumberCheck_1686_bad" classname="com.cardatechnologies.utils.validators.abaroutevalidator.Test_AbaRouteValidator_02" time="0"/>
  <testcase name="testAbaNumberCheck_1959_good" classname="com.cardatechnologies.utils.validators.abaroutevalidator.Test_AbaRouteValidator_02" time="0"/>
  <testcase name="testAbaNumberCheck_1688_bad" classname="com.cardatechnologies.utils.validators.abaroutevalidator.Test_AbaRouteValidator_02" time="0"/>
  <testcase name="testAbaNumberCheck_329_good" classname="com.cardatechnologies.utils.validators.abaroutevalidator.Test_AbaRouteValidator_02" time="0"/>
  <testcase name="testAbaNumberCheck_293_good" classname="com.cardatechnologies.utils.validators.abaroutevalidator.Test_AbaRouteValidator_02" time="0"/>
  <testcase name="testAbaNumberCheck_951_good" classname="com.cardatechnologies.utils.validators.abaroutevalidator.Test_AbaRouteValidator_02" time="0"/>
  <testcase name="testAbaNumberCheck_1797_good" classname="com.cardatechnologies.utils.validators.abaroutevalidator.Test_AbaRouteValidator_02" time="0"/>
  <testcase name="testAbaNumberCheck_167_good" classname="com.cardatechnologies.utils.validators.abaroutevalidator.Test_AbaRouteValidator_02" time="0"/>
  <testcase name="testAbaNumberCheck_825_good" classname="com.cardatechnologies.utils.validators.abaroutevalidator.Test_AbaRouteValidator_02" time="0"/>
  <testcase name="testAbaNumberCheck_663_good" classname="com.cardatechnologies.utils.validators.abaroutevalidator.Test_AbaRouteValidator_02" time="0"/>
  <testcase name="testAbaNumberCheck_1690_bad" classname="com.cardatechnologies.utils.validators.abaroutevalidator.Test_AbaRouteValidator_02" time="0"/>
  <testcase name="testAbaNumberCheck_537_good" classname="com.cardatechnologies.utils.validators.abaroutevalidator.Test_AbaRouteValidator_02" time="0"/>
  <testcase name="testAbaNumberCheck_1692_bad" classname="com.cardatechnologies.utils.validators.abaroutevalidator.Test_AbaRouteValidator_02" time="0"/>
  <testcase name="testAbaNumberCheck_1694_bad" classname="com.cardatechnologies.utils.validators.abaroutevalidator.Test_AbaRouteValidator_02" time="0"/>
  <testcase name="testAbaNumberCheck_1696_bad" classname="com.cardatechnologies.utils.validators.abaroutevalidator.Test_AbaRouteValidator_02" time="0"/>
  <testcase name="testAbaNumberCheck_375_good" classname="com.cardatechnologies.utils.validators.abaroutevalidator.Test_AbaRouteValidator_02" time="0"/>
  <testcase name="testAbaNumberCheck_1698_bad" classname="com.cardatechnologies.utils.validators.abaroutevalidator.Test_AbaRouteValidator_02" time="0"/>
  <testcase name="testAbaNumberCheck_1879_good" classname="com.cardatechnologies.utils.validators.abaroutevalidator.Test_AbaRouteValidator_02" time="0"/>
  <testcase name="testAbaNumberCheck_249_good" classname="com.cardatechnologies.utils.validators.abaroutevalidator.Test_AbaRouteValidator_02" time="0"/>
  <testcase name="testAbaNumberCheck_907_good" classname="com.cardatechnologies.utils.validators.abaroutevalidator.Test_AbaRouteValidator_02" time="0"/>
  <testcase name="testAbaNumberCheck_871_good" classname="com.cardatechnologies.utils.validators.abaroutevalidator.Test_AbaRouteValidator_02" time="0"/>
  <testcase name="testAbaNumberCheck_745_good" classname="com.cardatechnologies.utils.validators.abaroutevalidator.Test_AbaRouteValidator_02" time="0"/>
  <testcase name="testAbaNumberCheck_619_good" classname="com.cardatechnologies.utils.validators.abaroutevalidator.Test_AbaRouteValidator_02" time="0"/>
  <testcase name="testAbaNumberCheck_583_good" classname="com.cardatechnologies.utils.validators.abaroutevalidator.Test_AbaRouteValidator_02" time="0"/>
  <testcase name="testAbaNumberCheck_457_good" classname="com.cardatechnologies.utils.validators.abaroutevalidator.Test_AbaRouteValidator_02" time="0"/>
  <testcase name="testAbaNumberCheck_295_good" classname="com.cardatechnologies.utils.validators.abaroutevalidator.Test_AbaRouteValidator_02" time="0"/>
  <testcase name="testAbaNumberCheck_953_good" classname="com.cardatechnologies.utils.validators.abaroutevalidator.Test_AbaRouteValidator_02" time="0"/>
  <testcase name="testAbaNumberCheck_1799_good" classname="com.cardatechnologies.utils.validators.abaroutevalidator.Test_AbaRouteValidator_02" time="0"/>
  <testcase name="testAbaNumberCheck_169_good" classname="com.cardatechnologies.utils.validators.abaroutevalidator.Test_AbaRouteValidator_02" time="0"/>
  <testcase name="testAbaNumberCheck_827_good" classname="com.cardatechnologies.utils.validators.abaroutevalidator.Test_AbaRouteValidator_02" time="0"/>
  <testcase name="testAbaNumberCheck_791_good" classname="com.cardatechnologies.utils.validators.abaroutevalidator.Test_AbaRouteValidator_02" time="0"/>
  <testcase name="testAbaNumberCheck_665_good" classname="com.cardatechnologies.utils.validators.abaroutevalidator.Test_AbaRouteValidator_02" time="0"/>
  <testcase name="testAbaNumberCheck_539_good" classname="com.cardatechnologies.utils.validators.abaroutevalidator.Test_AbaRouteValidator_02" time="0"/>
  <testcase name="testAbaNumberCheck_377_good" classname="com.cardatechnologies.utils.validators.abaroutevalidator.Test_AbaRouteValidator_02" time="0"/>
  <testcase name="testAbaNumberCheck_909_good" classname="com.cardatechnologies.utils.validators.abaroutevalidator.Test_AbaRouteValidator_02" time="0"/>
  <testcase name="testAbaNumberCheck_873_good" classname="com.cardatechnologies.utils.validators.abaroutevalidator.Test_AbaRouteValidator_02" time="0"/>
  <testcase name="testAbaNumberCheck_747_good" classname="com.cardatechnologies.utils.validators.abaroutevalidator.Test_AbaRouteValidator_02" time="0"/>
  <testcase name="testAbaNumberCheck_200_bad" classname="com.cardatechnologies.utils.validators.abaroutevalidator.Test_AbaRouteValidator_02" time="0"/>
  <testcase name="testAbaNumberCheck_202_bad" classname="com.cardatechnologies.utils.validators.abaroutevalidator.Test_AbaRouteValidator_02" time="0"/>
  <testcase name="testAbaNumberCheck_204_bad" classname="com.cardatechnologies.utils.validators.abaroutevalidator.Test_AbaRouteValidator_02" time="0"/>
  <testcase name="testAbaNumberCheck_206_bad" classname="com.cardatechnologies.utils.validators.abaroutevalidator.Test_AbaRouteValidator_02" time="0"/>
  <testcase name="testAbaNumberCheck_585_good" classname="com.cardatechnologies.utils.validators.abaroutevalidator.Test_AbaRouteValidator_02" time="0"/>
  <testcase name="testAbaNumberCheck_208_bad" classname="com.cardatechnologies.utils.validators.abaroutevalidator.Test_AbaRouteValidator_02" time="0"/>
  <testcase name="testAbaNumberCheck_459_good" classname="com.cardatechnologies.utils.validators.abaroutevalidator.Test_AbaRouteValidator_02" time="0"/>
  <testcase name="testAbaNumberCheck_297_good" classname="com.cardatechnologies.utils.validators.abaroutevalidator.Test_AbaRouteValidator_02" time="0"/>
  <testcase name="testAbaNumberCheck_955_good" classname="com.cardatechnologies.utils.validators.abaroutevalidator.Test_AbaRouteValidator_02" time="0"/>
  <testcase name="testAbaNumberCheck_829_good" classname="com.cardatechnologies.utils.validators.abaroutevalidator.Test_AbaRouteValidator_02" time="0"/>
  <testcase name="testAbaNumberCheck_793_good" classname="com.cardatechnologies.utils.validators.abaroutevalidator.Test_AbaRouteValidator_02" time="0"/>
  <testcase name="testAbaNumberCheck_210_bad" classname="com.cardatechnologies.utils.validators.abaroutevalidator.Test_AbaRouteValidator_02" time="0"/>
  <testcase name="testAbaNumberCheck_212_bad" classname="com.cardatechnologies.utils.validators.abaroutevalidator.Test_AbaRouteValidator_02" time="0"/>
  <testcase name="testAbaNumberCheck_667_good" classname="com.cardatechnologies.utils.validators.abaroutevalidator.Test_AbaRouteValidator_02" time="0"/>
  <testcase name="testAbaNumberCheck_214_bad" classname="com.cardatechnologies.utils.validators.abaroutevalidator.Test_AbaRouteValidator_02" time="0"/>
  <testcase name="testAbaNumberCheck_216_bad" classname="com.cardatechnologies.utils.validators.abaroutevalidator.Test_AbaRouteValidator_02" time="0"/>
  <testcase name="testAbaNumberCheck_218_bad" classname="com.cardatechnologies.utils.validators.abaroutevalidator.Test_AbaRouteValidator_02" time="0"/>
  <testcase name="testAbaNumberCheck_379_good" classname="com.cardatechnologies.utils.validators.abaroutevalidator.Test_AbaRouteValidator_02" time="0"/>
  <testcase name="testAbaNumberCheck_875_good" classname="com.cardatechnologies.utils.validators.abaroutevalidator.Test_AbaRouteValidator_02" time="0"/>
  <testcase name="testAbaNumberCheck_749_good" classname="com.cardatechnologies.utils.validators.abaroutevalidator.Test_AbaRouteValidator_02" time="0"/>
  <testcase name="testAbaNumberCheck_220_bad" classname="com.cardatechnologies.utils.validators.abaroutevalidator.Test_AbaRouteValidator_02" time="0"/>
  <testcase name="testAbaNumberCheck_222_bad" classname="com.cardatechnologies.utils.validators.abaroutevalidator.Test_AbaRouteValidator_02" time="0"/>
  <testcase name="testAbaNumberCheck_224_bad" classname="com.cardatechnologies.utils.validators.abaroutevalidator.Test_AbaRouteValidator_02" time="0"/>
  <testcase name="testAbaNumberCheck_226_bad" classname="com.cardatechnologies.utils.validators.abaroutevalidator.Test_AbaRouteValidator_02" time="0"/>
  <testcase name="testAbaNumberCheck_587_good" classname="com.cardatechnologies.utils.validators.abaroutevalidator.Test_AbaRouteValidator_02" time="0"/>
  <testcase name="testAbaNumberCheck_228_bad" classname="com.cardatechnologies.utils.validators.abaroutevalidator.Test_AbaRouteValidator_02" time="0"/>
  <testcase name="testAbaNumberCheck_21_good" classname="com.cardatechnologies.utils.validators.abaroutevalidator.Test_AbaRouteValidator_02" time="0"/>
  <testcase name="testAbaNumberCheck_299_good" classname="com.cardatechnologies.utils.validators.abaroutevalidator.Test_AbaRouteValidator_02" time="0"/>
  <testcase name="testAbaNumberCheck_957_good" classname="com.cardatechnologies.utils.validators.abaroutevalidator.Test_AbaRouteValidator_02" time="0"/>
  <testcase name="testAbaNumberCheck_795_good" classname="com.cardatechnologies.utils.validators.abaroutevalidator.Test_AbaRouteValidator_02" time="0"/>
  <testcase name="testAbaNumberCheck_230_bad" classname="com.cardatechnologies.utils.validators.abaroutevalidator.Test_AbaRouteValidator_02" time="0"/>
  <testcase name="testAbaNumberCheck_232_bad" classname="com.cardatechnologies.utils.validators.abaroutevalidator.Test_AbaRouteValidator_02" time="0"/>
  <testcase name="testAbaNumberCheck_669_good" classname="com.cardatechnologies.utils.validators.abaroutevalidator.Test_AbaRouteValidator_02" time="0"/>
  <testcase name="testAbaNumberCheck_234_bad" classname="com.cardatechnologies.utils.validators.abaroutevalidator.Test_AbaRouteValidator_02" time="0"/>
  <testcase name="testAbaNumberCheck_236_bad" classname="com.cardatechnologies.utils.validators.abaroutevalidator.Test_AbaRouteValidator_02" time="0"/>
  <testcase name="testAbaNumberCheck_238_bad" classname="com.cardatechnologies.utils.validators.abaroutevalidator.Test_AbaRouteValidator_02" time="0"/>
  <testcase name="testAbaNumberCheck_2011_good" classname="com.cardatechnologies.utils.validators.abaroutevalidator.Test_AbaRouteValidator_02" time="0"/>
  <testcase name="testAbaNumberCheck_877_good" classname="com.cardatechnologies.utils.validators.abaroutevalidator.Test_AbaRouteValidator_02" time="0"/>
  <testcase name="testAbaNumberCheck_240_bad" classname="com.cardatechnologies.utils.validators.abaroutevalidator.Test_AbaRouteValidator_02" time="0"/>
  <testcase name="testAbaNumberCheck_242_bad" classname="com.cardatechnologies.utils.validators.abaroutevalidator.Test_AbaRouteValidator_02" time="0"/>
  <testcase name="testAbaNumberCheck_244_bad" classname="com.cardatechnologies.utils.validators.abaroutevalidator.Test_AbaRouteValidator_02" time="0"/>
  <testcase name="testAbaNumberCheck_246_bad" classname="com.cardatechnologies.utils.validators.abaroutevalidator.Test_AbaRouteValidator_02" time="0"/>
  <testcase name="testAbaNumberCheck_589_good" classname="com.cardatechnologies.utils.validators.abaroutevalidator.Test_AbaRouteValidator_02" time="0"/>
  <testcase name="testAbaNumberCheck_248_bad" classname="com.cardatechnologies.utils.validators.abaroutevalidator.Test_AbaRouteValidator_02" time="0"/>
  <testcase name="testAbaNumberCheck_23_good" classname="com.cardatechnologies.utils.validators.abaroutevalidator.Test_AbaRouteValidator_02" time="0"/>
  <testcase name="testAbaNumberCheck_959_good" classname="com.cardatechnologies.utils.validators.abaroutevalidator.Test_AbaRouteValidator_02" time="0"/>
  <testcase name="testAbaNumberCheck_797_good" classname="com.cardatechnologies.utils.validators.abaroutevalidator.Test_AbaRouteValidator_02" time="0"/>
  <testcase name="testAbaNumberCheck_700_bad" classname="com.cardatechnologies.utils.validators.abaroutevalidator.Test_AbaRouteValidator_02" time="0"/>
  <testcase name="testAbaNumberCheck_250_bad" classname="com.cardatechnologies.utils.validators.abaroutevalidator.Test_AbaRouteValidator_02" time="0"/>
  <testcase name="testAbaNumberCheck_702_bad" classname="com.cardatechnologies.utils.validators.abaroutevalidator.Test_AbaRouteValidator_02" time="0"/>
  <testcase name="testAbaNumberCheck_252_bad" classname="com.cardatechnologies.utils.validators.abaroutevalidator.Test_AbaRouteValidator_02" time="0"/>
  <testcase name="testAbaNumberCheck_704_bad" classname="com.cardatechnologies.utils.validators.abaroutevalidator.Test_AbaRouteValidator_02" time="0.001"/>
  <testcase name="testAbaNumberCheck_254_bad" classname="com.cardatechnologies.utils.validators.abaroutevalidator.Test_AbaRouteValidator_02" time="0"/>
  <testcase name="testAbaNumberCheck_2301_good" classname="com.cardatechnologies.utils.validators.abaroutevalidator.Test_AbaRouteValidator_02" time="0"/>
  <testcase name="testAbaNumberCheck_706_bad" classname="com.cardatechnologies.utils.validators.abaroutevalidator.Test_AbaRouteValidator_02" time="0"/>
  <testcase name="testAbaNumberCheck_256_bad" classname="com.cardatechnologies.utils.validators.abaroutevalidator.Test_AbaRouteValidator_02" time="0"/>
  <testcase name="testAbaNumberCheck_708_bad" classname="com.cardatechnologies.utils.validators.abaroutevalidator.Test_AbaRouteValidator_02" time="0"/>
  <testcase name="testAbaNumberCheck_258_bad" classname="com.cardatechnologies.utils.validators.abaroutevalidator.Test_AbaRouteValidator_02" time="0"/>
  <testcase name="testAbaNumberCheck_2013_good" classname="com.cardatechnologies.utils.validators.abaroutevalidator.Test_AbaRouteValidator_02" time="0"/>
  <testcase name="testAbaNumberCheck_879_good" classname="com.cardatechnologies.utils.validators.abaroutevalidator.Test_AbaRouteValidator_02" time="0"/>
  <testcase name="testAbaNumberCheck_710_bad" classname="com.cardatechnologies.utils.validators.abaroutevalidator.Test_AbaRouteValidator_02" time="0"/>
  <testcase name="testAbaNumberCheck_260_bad" classname="com.cardatechnologies.utils.validators.abaroutevalidator.Test_AbaRouteValidator_02" time="0"/>
  <testcase name="testAbaNumberCheck_712_bad" classname="com.cardatechnologies.utils.validators.abaroutevalidator.Test_AbaRouteValidator_02" time="0"/>
  <testcase name="testAbaNumberCheck_262_bad" classname="com.cardatechnologies.utils.validators.abaroutevalidator.Test_AbaRouteValidator_02" time="0"/>
  <testcase name="testAbaNumberCheck_714_bad" classname="com.cardatechnologies.utils.validators.abaroutevalidator.Test_AbaRouteValidator_02" time="0"/>
  <testcase name="testAbaNumberCheck_264_bad" classname="com.cardatechnologies.utils.validators.abaroutevalidator.Test_AbaRouteValidator_02" time="0"/>
  <testcase name="testAbaNumberCheck_716_bad" classname="com.cardatechnologies.utils.validators.abaroutevalidator.Test_AbaRouteValidator_02" time="0"/>
  <testcase name="testAbaNumberCheck_266_bad" classname="com.cardatechnologies.utils.validators.abaroutevalidator.Test_AbaRouteValidator_02" time="0"/>
  <testcase name="testAbaNumberCheck_718_bad" classname="com.cardatechnologies.utils.validators.abaroutevalidator.Test_AbaRouteValidator_02" time="0"/>
  <testcase name="testAbaNumberCheck_268_bad" classname="com.cardatechnologies.utils.validators.abaroutevalidator.Test_AbaRouteValidator_02" time="0"/>
  <testcase name="testAbaNumberCheck_2221_good" classname="com.cardatechnologies.utils.validators.abaroutevalidator.Test_AbaRouteValidator_02" time="0"/>
  <testcase name="testAbaNumberCheck_25_good" classname="com.cardatechnologies.utils.validators.abaroutevalidator.Test_AbaRouteValidator_02" time="0"/>
  <testcase name="testAbaNumberCheck_799_good" classname="com.cardatechnologies.utils.validators.abaroutevalidator.Test_AbaRouteValidator_02" time="0"/>
  <testcase name="testAbaNumberCheck_720_bad" classname="com.cardatechnologies.utils.validators.abaroutevalidator.Test_AbaRouteValidator_02" time="0"/>
  <testcase name="testAbaNumberCheck_270_bad" classname="com.cardatechnologies.utils.validators.abaroutevalidator.Test_AbaRouteValidator_02" time="0"/>
  <testcase name="testAbaNumberCheck_722_bad" classname="com.cardatechnologies.utils.validators.abaroutevalidator.Test_AbaRouteValidator_02" time="0"/>
  <testcase name="testAbaNumberCheck_272_bad" classname="com.cardatechnologies.utils.validators.abaroutevalidator.Test_AbaRouteValidator_02" time="0"/>
  <testcase name="testAbaNumberCheck_724_bad" classname="com.cardatechnologies.utils.validators.abaroutevalidator.Test_AbaRouteValidator_02" time="0"/>
  <testcase name="testAbaNumberCheck_274_bad" classname="com.cardatechnologies.utils.validators.abaroutevalidator.Test_AbaRouteValidator_02" time="0"/>
  <testcase name="testAbaNumberCheck_2303_good" classname="com.cardatechnologies.utils.validators.abaroutevalidator.Test_AbaRouteValidator_02" time="0"/>
  <testcase name="testAbaNumberCheck_726_bad" classname="com.cardatechnologies.utils.validators.abaroutevalidator.Test_AbaRouteValidator_02" time="0"/>
  <testcase name="testAbaNumberCheck_276_bad" classname="com.cardatechnologies.utils.validators.abaroutevalidator.Test_AbaRouteValidator_02" time="0"/>
  <testcase name="testAbaNumberCheck_728_bad" classname="com.cardatechnologies.utils.validators.abaroutevalidator.Test_AbaRouteValidator_02" time="0"/>
  <testcase name="testAbaNumberCheck_278_bad" classname="com.cardatechnologies.utils.validators.abaroutevalidator.Test_AbaRouteValidator_02" time="0"/>
  <testcase name="testAbaNumberCheck_2141_good" classname="com.cardatechnologies.utils.validators.abaroutevalidator.Test_AbaRouteValidator_02" time="0"/>
  <testcase name="testAbaNumberCheck_1201_good" classname="com.cardatechnologies.utils.validators.abaroutevalidator.Test_AbaRouteValidator_02" time="0"/>
  <testcase name="testAbaNumberCheck_71_good" classname="com.cardatechnologies.utils.validators.abaroutevalidator.Test_AbaRouteValidator_02" time="0"/>
  <testcase name="testAbaNumberCheck_2015_good" classname="com.cardatechnologies.utils.validators.abaroutevalidator.Test_AbaRouteValidator_02" time="0"/>
  <testcase name="testAbaNumberCheck_730_bad" classname="com.cardatechnologies.utils.validators.abaroutevalidator.Test_AbaRouteValidator_02" time="0"/>
  <testcase name="testAbaNumberCheck_280_bad" classname="com.cardatechnologies.utils.validators.abaroutevalidator.Test_AbaRouteValidator_02" time="0"/>
  <testcase name="testAbaNumberCheck_732_bad" classname="com.cardatechnologies.utils.validators.abaroutevalidator.Test_AbaRouteValidator_02" time="0"/>
  <testcase name="testAbaNumberCheck_282_bad" classname="com.cardatechnologies.utils.validators.abaroutevalidator.Test_AbaRouteValidator_02" time="0"/>
  <testcase name="testAbaNumberCheck_734_bad" classname="com.cardatechnologies.utils.validators.abaroutevalidator.Test_AbaRouteValidator_02" time="0"/>
  <testcase name="testAbaNumberCheck_284_bad" classname="com.cardatechnologies.utils.validators.abaroutevalidator.Test_AbaRouteValidator_02" time="0"/>
  <testcase name="testAbaNumberCheck_736_bad" classname="com.cardatechnologies.utils.validators.abaroutevalidator.Test_AbaRouteValidator_02" time="0"/>
  <testcase name="testAbaNumberCheck_286_bad" classname="com.cardatechnologies.utils.validators.abaroutevalidator.Test_AbaRouteValidator_02" time="0.001"/>
  <testcase name="testAbaNumberCheck_738_bad" classname="com.cardatechnologies.utils.validators.abaroutevalidator.Test_AbaRouteValidator_02" time="0"/>
  <testcase name="testAbaNumberCheck_288_bad" classname="com.cardatechnologies.utils.validators.abaroutevalidator.Test_AbaRouteValidator_02" time="0"/>
  <testcase name="testAbaNumberCheck_2223_good" classname="com.cardatechnologies.utils.validators.abaroutevalidator.Test_AbaRouteValidator_02" time="0"/>
  <testcase name="testAbaNumberCheck_27_good" classname="com.cardatechnologies.utils.validators.abaroutevalidator.Test_AbaRouteValidator_02" time="0"/>
  <testcase name="testAbaNumberCheck_2061_good" classname="com.cardatechnologies.utils.validators.abaroutevalidator.Test_AbaRouteValidator_02" time="0"/>
  <testcase name="testAbaNumberCheck_1121_good" classname="com.cardatechnologies.utils.validators.abaroutevalidator.Test_AbaRouteValidator_02" time="0"/>
  <testcase name="testAbaNumberCheck_740_bad" classname="com.cardatechnologies.utils.validators.abaroutevalidator.Test_AbaRouteValidator_02" time="0"/>
  <testcase name="testAbaNumberCheck_290_bad" classname="com.cardatechnologies.utils.validators.abaroutevalidator.Test_AbaRouteValidator_02" time="0"/>
  <testcase name="testAbaNumberCheck_2431_good" classname="com.cardatechnologies.utils.validators.abaroutevalidator.Test_AbaRouteValidator_02" time="0"/>
  <testcase name="testAbaNumberCheck_742_bad" classname="com.cardatechnologies.utils.validators.abaroutevalidator.Test_AbaRouteValidator_02" time="0"/>
  <testcase name="testAbaNumberCheck_292_bad" classname="com.cardatechnologies.utils.validators.abaroutevalidator.Test_AbaRouteValidator_02" time="0.001"/>
  <testcase name="testAbaNumberCheck_744_bad" classname="com.cardatechnologies.utils.validators.abaroutevalidator.Test_AbaRouteValidator_02" time="0"/>
  <testcase name="testAbaNumberCheck_294_bad" classname="com.cardatechnologies.utils.validators.abaroutevalidator.Test_AbaRouteValidator_02" time="0"/>
  <testcase name="testAbaNumberCheck_2305_good" classname="com.cardatechnologies.utils.validators.abaroutevalidator.Test_AbaRouteValidator_02" time="0"/>
  <testcase name="testAbaNumberCheck_746_bad" classname="com.cardatechnologies.utils.validators.abaroutevalidator.Test_AbaRouteValidator_02" time="0"/>
  <testcase name="testAbaNumberCheck_296_bad" classname="com.cardatechnologies.utils.validators.abaroutevalidator.Test_AbaRouteValidator_02" time="0"/>
  <testcase name="testAbaNumberCheck_748_bad" classname="com.cardatechnologies.utils.validators.abaroutevalidator.Test_AbaRouteValidator_02" time="0"/>
  <testcase name="testAbaNumberCheck_298_bad" classname="com.cardatechnologies.utils.validators.abaroutevalidator.Test_AbaRouteValidator_02" time="0"/>
  <testcase name="testAbaNumberCheck_2143_good" classname="com.cardatechnologies.utils.validators.abaroutevalidator.Test_AbaRouteValidator_02" time="0"/>
  <testcase name="testAbaNumberCheck_1203_good" classname="com.cardatechnologies.utils.validators.abaroutevalidator.Test_AbaRouteValidator_02" time="0"/>
  <testcase name="testAbaNumberCheck_73_good" classname="com.cardatechnologies.utils.validators.abaroutevalidator.Test_AbaRouteValidator_02" time="0"/>
  <testcase name="testAbaNumberCheck_2017_good" classname="com.cardatechnologies.utils.validators.abaroutevalidator.Test_AbaRouteValidator_02" time="0"/>
  <testcase name="testAbaNumberCheck_1041_good" classname="com.cardatechnologies.utils.validators.abaroutevalidator.Test_AbaRouteValidator_02" time="0"/>
  <testcase name="testAbaNumberCheck_750_bad" classname="com.cardatechnologies.utils.validators.abaroutevalidator.Test_AbaRouteValidator_02" time="0"/>
  <testcase name="testAbaNumberCheck_752_bad" classname="com.cardatechnologies.utils.validators.abaroutevalidator.Test_AbaRouteValidator_02" time="0"/>
  <testcase name="testAbaNumberCheck_754_bad" classname="com.cardatechnologies.utils.validators.abaroutevalidator.Test_AbaRouteValidator_02" time="0.001"/>
  <testcase name="testAbaNumberCheck_2351_good" classname="com.cardatechnologies.utils.validators.abaroutevalidator.Test_AbaRouteValidator_02" time="0"/>
  <testcase name="testAbaNumberCheck_1411_good" classname="com.cardatechnologies.utils.validators.abaroutevalidator.Test_AbaRouteValidator_02" time="0"/>
  <testcase name="testAbaNumberCheck_756_bad" classname="com.cardatechnologies.utils.validators.abaroutevalidator.Test_AbaRouteValidator_02" time="0"/>
  <testcase name="testAbaNumberCheck_758_bad" classname="com.cardatechnologies.utils.validators.abaroutevalidator.Test_AbaRouteValidator_02" time="0"/>
  <testcase name="testAbaNumberCheck_2225_good" classname="com.cardatechnologies.utils.validators.abaroutevalidator.Test_AbaRouteValidator_02" time="0"/>
  <testcase name="testAbaNumberCheck_29_good" classname="com.cardatechnologies.utils.validators.abaroutevalidator.Test_AbaRouteValidator_02" time="0"/>
  <testcase name="testAbaNumberCheck_2063_good" classname="com.cardatechnologies.utils.validators.abaroutevalidator.Test_AbaRouteValidator_02" time="0"/>
  <testcase name="testAbaNumberCheck_1123_good" classname="com.cardatechnologies.utils.validators.abaroutevalidator.Test_AbaRouteValidator_02" time="0"/>
  <testcase name="testAbaNumberCheck_760_bad" classname="com.cardatechnologies.utils.validators.abaroutevalidator.Test_AbaRouteValidator_02" time="0"/>
  <testcase name="testAbaNumberCheck_2433_good" classname="com.cardatechnologies.utils.validators.abaroutevalidator.Test_AbaRouteValidator_02" time="0"/>
  <testcase name="testAbaNumberCheck_762_bad" classname="com.cardatechnologies.utils.validators.abaroutevalidator.Test_AbaRouteValidator_02" time="0"/>
  <testcase name="testAbaNumberCheck_764_bad" classname="com.cardatechnologies.utils.validators.abaroutevalidator.Test_AbaRouteValidator_02" time="0"/>
  <testcase name="testAbaNumberCheck_2307_good" classname="com.cardatechnologies.utils.validators.abaroutevalidator.Test_AbaRouteValidator_02" time="0.001"/>
  <testcase name="testAbaNumberCheck_766_bad" classname="com.cardatechnologies.utils.validators.abaroutevalidator.Test_AbaRouteValidator_02" time="0"/>
  <testcase name="testAbaNumberCheck_768_bad" classname="com.cardatechnologies.utils.validators.abaroutevalidator.Test_AbaRouteValidator_02" time="0"/>
  <testcase name="testAbaNumberCheck_2271_good" classname="com.cardatechnologies.utils.validators.abaroutevalidator.Test_AbaRouteValidator_02" time="0"/>
  <testcase name="testAbaNumberCheck_1331_good" classname="com.cardatechnologies.utils.validators.abaroutevalidator.Test_AbaRouteValidator_02" time="0"/>
  <testcase name="testAbaNumberCheck_2145_good" classname="com.cardatechnologies.utils.validators.abaroutevalidator.Test_AbaRouteValidator_02" time="0"/>
  <testcase name="testAbaNumberCheck_1205_good" classname="com.cardatechnologies.utils.validators.abaroutevalidator.Test_AbaRouteValidator_02" time="0"/>
  <testcase name="testAbaNumberCheck_75_good" classname="com.cardatechnologies.utils.validators.abaroutevalidator.Test_AbaRouteValidator_02" time="0"/>
  <testcase name="testAbaNumberCheck_2019_good" classname="com.cardatechnologies.utils.validators.abaroutevalidator.Test_AbaRouteValidator_02" time="0"/>
  <testcase name="testAbaNumberCheck_1043_good" classname="com.cardatechnologies.utils.validators.abaroutevalidator.Test_AbaRouteValidator_02" time="0"/>
  <testcase name="testAbaNumberCheck_1701_good" classname="com.cardatechnologies.utils.validators.abaroutevalidator.Test_AbaRouteValidator_02" time="0"/>
  <testcase name="testAbaNumberCheck_770_bad" classname="com.cardatechnologies.utils.validators.abaroutevalidator.Test_AbaRouteValidator_02" time="0"/>
  <testcase name="testAbaNumberCheck_772_bad" classname="com.cardatechnologies.utils.validators.abaroutevalidator.Test_AbaRouteValidator_02" time="0"/>
  <testcase name="testAbaNumberCheck_774_bad" classname="com.cardatechnologies.utils.validators.abaroutevalidator.Test_AbaRouteValidator_02" time="0"/>
  <testcase name="testAbaNumberCheck_2353_good" classname="com.cardatechnologies.utils.validators.abaroutevalidator.Test_AbaRouteValidator_02" time="0"/>
  <testcase name="testAbaNumberCheck_1413_good" classname="com.cardatechnologies.utils.validators.abaroutevalidator.Test_AbaRouteValidator_02" time="0"/>
  <testcase name="testAbaNumberCheck_776_bad" classname="com.cardatechnologies.utils.validators.abaroutevalidator.Test_AbaRouteValidator_02" time="0"/>
  <testcase name="testAbaNumberCheck_778_bad" classname="com.cardatechnologies.utils.validators.abaroutevalidator.Test_AbaRouteValidator_02" time="0"/>
  <testcase name="testAbaNumberCheck_2227_good" classname="com.cardatechnologies.utils.validators.abaroutevalidator.Test_AbaRouteValidator_02" time="0"/>
  <testcase name="testAbaNumberCheck_2191_good" classname="com.cardatechnologies.utils.validators.abaroutevalidator.Test_AbaRouteValidator_02" time="0"/>
  <testcase name="testAbaNumberCheck_1251_good" classname="com.cardatechnologies.utils.validators.abaroutevalidator.Test_AbaRouteValidator_02" time="0"/>
  <testcase name="testAbaNumberCheck_2065_good" classname="com.cardatechnologies.utils.validators.abaroutevalidator.Test_AbaRouteValidator_02" time="0"/>
  <testcase name="testAbaNumberCheck_1125_good" classname="com.cardatechnologies.utils.validators.abaroutevalidator.Test_AbaRouteValidator_02" time="0"/>
  <testcase name="testAbaNumberCheck_1621_good" classname="com.cardatechnologies.utils.validators.abaroutevalidator.Test_AbaRouteValidator_02" time="0"/>
  <testcase name="testAbaNumberCheck_780_bad" classname="com.cardatechnologies.utils.validators.abaroutevalidator.Test_AbaRouteValidator_02" time="0"/>
  <testcase name="testAbaNumberCheck_2435_good" classname="com.cardatechnologies.utils.validators.abaroutevalidator.Test_AbaRouteValidator_02" time="0"/>
  <testcase name="testAbaNumberCheck_782_bad" classname="com.cardatechnologies.utils.validators.abaroutevalidator.Test_AbaRouteValidator_02" time="0"/>
  <testcase name="testAbaNumberCheck_784_bad" classname="com.cardatechnologies.utils.validators.abaroutevalidator.Test_AbaRouteValidator_02" time="0"/>
  <testcase name="testAbaNumberCheck_2000_bad" classname="com.cardatechnologies.utils.validators.abaroutevalidator.Test_AbaRouteValidator_02" time="0"/>
  <testcase name="testAbaNumberCheck_2309_good" classname="com.cardatechnologies.utils.validators.abaroutevalidator.Test_AbaRouteValidator_02" time="0"/>
  <testcase name="testAbaNumberCheck_786_bad" classname="com.cardatechnologies.utils.validators.abaroutevalidator.Test_AbaRouteValidator_02" time="0"/>
  <testcase name="testAbaNumberCheck_2002_bad" classname="com.cardatechnologies.utils.validators.abaroutevalidator.Test_AbaRouteValidator_02" time="0"/>
  <testcase name="testAbaNumberCheck_788_bad" classname="com.cardatechnologies.utils.validators.abaroutevalidator.Test_AbaRouteValidator_02" time="0"/>
  <testcase name="testAbaNumberCheck_2004_bad" classname="com.cardatechnologies.utils.validators.abaroutevalidator.Test_AbaRouteValidator_02" time="0"/>
  <testcase name="testAbaNumberCheck_2273_good" classname="com.cardatechnologies.utils.validators.abaroutevalidator.Test_AbaRouteValidator_02" time="0"/>
  <testcase name="testAbaNumberCheck_1333_good" classname="com.cardatechnologies.utils.validators.abaroutevalidator.Test_AbaRouteValidator_02" time="0.007"/>
  <testcase name="testAbaNumberCheck_2006_bad" classname="com.cardatechnologies.utils.validators.abaroutevalidator.Test_AbaRouteValidator_02" time="0"/>
  <testcase name="testAbaNumberCheck_2008_bad" classname="com.cardatechnologies.utils.validators.abaroutevalidator.Test_AbaRouteValidator_02" time="0"/>
  <testcase name="testAbaNumberCheck_2147_good" classname="com.cardatechnologies.utils.validators.abaroutevalidator.Test_AbaRouteValidator_02" time="0"/>
  <testcase name="testAbaNumberCheck_1207_good" classname="com.cardatechnologies.utils.validators.abaroutevalidator.Test_AbaRouteValidator_02" time="0"/>
  <testcase name="testAbaNumberCheck_77_good" classname="com.cardatechnologies.utils.validators.abaroutevalidator.Test_AbaRouteValidator_02" time="0"/>
  <testcase name="testAbaNumberCheck_1171_good" classname="com.cardatechnologies.utils.validators.abaroutevalidator.Test_AbaRouteValidator_02" time="0"/>
  <testcase name="testAbaNumberCheck_1045_good" classname="com.cardatechnologies.utils.validators.abaroutevalidator.Test_AbaRouteValidator_02" time="0"/>
  <testcase name="testAbaNumberCheck_1703_good" classname="com.cardatechnologies.utils.validators.abaroutevalidator.Test_AbaRouteValidator_02" time="0"/>
  <testcase name="testAbaNumberCheck_790_bad" classname="com.cardatechnologies.utils.validators.abaroutevalidator.Test_AbaRouteValidator_02" time="0"/>
  <testcase name="testAbaNumberCheck_2481_good" classname="com.cardatechnologies.utils.validators.abaroutevalidator.Test_AbaRouteValidator_02" time="0"/>
  <testcase name="testAbaNumberCheck_1541_good" classname="com.cardatechnologies.utils.validators.abaroutevalidator.Test_AbaRouteValidator_02" time="0"/>
  <testcase name="testAbaNumberCheck_792_bad" classname="com.cardatechnologies.utils.validators.abaroutevalidator.Test_AbaRouteValidator_02" time="0"/>
  <testcase name="testAbaNumberCheck_794_bad" classname="com.cardatechnologies.utils.validators.abaroutevalidator.Test_AbaRouteValidator_02" time="0"/>
  <testcase name="testAbaNumberCheck_2010_bad" classname="com.cardatechnologies.utils.validators.abaroutevalidator.Test_AbaRouteValidator_02" time="0"/>
  <testcase name="testAbaNumberCheck_2355_good" classname="com.cardatechnologies.utils.validators.abaroutevalidator.Test_AbaRouteValidator_02" time="0"/>
  <testcase name="testAbaNumberCheck_1415_good" classname="com.cardatechnologies.utils.validators.abaroutevalidator.Test_AbaRouteValidator_02" time="0"/>
  <testcase name="testAbaNumberCheck_796_bad" classname="com.cardatechnologies.utils.validators.abaroutevalidator.Test_AbaRouteValidator_02" time="0"/>
  <testcase name="testAbaNumberCheck_2012_bad" classname="com.cardatechnologies.utils.validators.abaroutevalidator.Test_AbaRouteValidator_02" time="0"/>
  <testcase name="testAbaNumberCheck_798_bad" classname="com.cardatechnologies.utils.validators.abaroutevalidator.Test_AbaRouteValidator_02" time="0"/>
  <testcase name="testAbaNumberCheck_1200_bad" classname="com.cardatechnologies.utils.validators.abaroutevalidator.Test_AbaRouteValidator_02" time="0"/>
  <testcase name="testAbaNumberCheck_2014_bad" classname="com.cardatechnologies.utils.validators.abaroutevalidator.Test_AbaRouteValidator_02" time="0"/>
  <testcase name="testAbaNumberCheck_2229_good" classname="com.cardatechnologies.utils.validators.abaroutevalidator.Test_AbaRouteValidator_02" time="0"/>
  <testcase name="testAbaNumberCheck_1202_bad" classname="com.cardatechnologies.utils.validators.abaroutevalidator.Test_AbaRouteValidator_02" time="0"/>
  <testcase name="testAbaNumberCheck_2016_bad" classname="com.cardatechnologies.utils.validators.abaroutevalidator.Test_AbaRouteValidator_02" time="0"/>
  <testcase name="testAbaNumberCheck_1204_bad" classname="com.cardatechnologies.utils.validators.abaroutevalidator.Test_AbaRouteValidator_02" time="0"/>
  <testcase name="testAbaNumberCheck_2018_bad" classname="com.cardatechnologies.utils.validators.abaroutevalidator.Test_AbaRouteValidator_02" time="0"/>
  <testcase name="testAbaNumberCheck_2193_good" classname="com.cardatechnologies.utils.validators.abaroutevalidator.Test_AbaRouteValidator_02" time="0"/>
  <testcase name="testAbaNumberCheck_1253_good" classname="com.cardatechnologies.utils.validators.abaroutevalidator.Test_AbaRouteValidator_02" time="0"/>
  <testcase name="testAbaNumberCheck_1206_bad" classname="com.cardatechnologies.utils.validators.abaroutevalidator.Test_AbaRouteValidator_02" time="0"/>
  <testcase name="testAbaNumberCheck_1911_good" classname="com.cardatechnologies.utils.validators.abaroutevalidator.Test_AbaRouteValidator_02" time="0"/>
  <testcase name="testAbaNumberCheck_1208_bad" classname="com.cardatechnologies.utils.validators.abaroutevalidator.Test_AbaRouteValidator_02" time="0"/>
  <testcase name="testAbaNumberCheck_2067_good" classname="com.cardatechnologies.utils.validators.abaroutevalidator.Test_AbaRouteValidator_02" time="0"/>
  <testcase name="testAbaNumberCheck_1127_good" classname="com.cardatechnologies.utils.validators.abaroutevalidator.Test_AbaRouteValidator_02" time="0"/>
  <testcase name="testAbaNumberCheck_1091_good" classname="com.cardatechnologies.utils.validators.abaroutevalidator.Test_AbaRouteValidator_02" time="0.001"/>
  <testcase name="testAbaNumberCheck_1623_good" classname="com.cardatechnologies.utils.validators.abaroutevalidator.Test_AbaRouteValidator_02" time="0"/>
  <testcase name="testAbaNumberCheck_2437_good" classname="com.cardatechnologies.utils.validators.abaroutevalidator.Test_AbaRouteValidator_02" time="0"/>
  <testcase name="testAbaNumberCheck_2020_bad" classname="com.cardatechnologies.utils.validators.abaroutevalidator.Test_AbaRouteValidator_02" time="0"/>
  <testcase name="testAbaNumberCheck_1461_good" classname="com.cardatechnologies.utils.validators.abaroutevalidator.Test_AbaRouteValidator_02" time="0"/>
  <testcase name="testAbaNumberCheck_2022_bad" classname="com.cardatechnologies.utils.validators.abaroutevalidator.Test_AbaRouteValidator_02" time="0"/>
  <testcase name="testAbaNumberCheck_1210_bad" classname="com.cardatechnologies.utils.validators.abaroutevalidator.Test_AbaRouteValidator_02" time="0"/>
  <testcase name="testAbaNumberCheck_2024_bad" classname="com.cardatechnologies.utils.validators.abaroutevalidator.Test_AbaRouteValidator_02" time="0"/>
  <testcase name="testAbaNumberCheck_2275_good" classname="com.cardatechnologies.utils.validators.abaroutevalidator.Test_AbaRouteValidator_02" time="0"/>
  <testcase name="testAbaNumberCheck_1335_good" classname="com.cardatechnologies.utils.validators.abaroutevalidator.Test_AbaRouteValidator_02" time="0"/>
  <testcase name="testAbaNumberCheck_1212_bad" classname="com.cardatechnologies.utils.validators.abaroutevalidator.Test_AbaRouteValidator_02" time="0"/>
  <testcase name="testAbaNumberCheck_2026_bad" classname="com.cardatechnologies.utils.validators.abaroutevalidator.Test_AbaRouteValidator_02" time="0"/>
  <testcase name="testAbaNumberCheck_1214_bad" classname="com.cardatechnologies.utils.validators.abaroutevalidator.Test_AbaRouteValidator_02" time="0"/>
  <testcase name="testAbaNumberCheck_2028_bad" classname="com.cardatechnologies.utils.validators.abaroutevalidator.Test_AbaRouteValidator_02" time="0.001"/>
  <testcase name="testAbaNumberCheck_2149_good" classname="com.cardatechnologies.utils.validators.abaroutevalidator.Test_AbaRouteValidator_02" time="0"/>
  <testcase name="testAbaNumberCheck_1209_good" classname="com.cardatechnologies.utils.validators.abaroutevalidator.Test_AbaRouteValidator_02" time="0"/>
  <testcase name="testAbaNumberCheck_1216_bad" classname="com.cardatechnologies.utils.validators.abaroutevalidator.Test_AbaRouteValidator_02" time="0"/>
  <testcase name="testAbaNumberCheck_79_good" classname="com.cardatechnologies.utils.validators.abaroutevalidator.Test_AbaRouteValidator_02" time="0"/>
  <testcase name="testAbaNumberCheck_1218_bad" classname="com.cardatechnologies.utils.validators.abaroutevalidator.Test_AbaRouteValidator_02" time="0"/>
  <testcase name="testAbaNumberCheck_1173_good" classname="com.cardatechnologies.utils.validators.abaroutevalidator.Test_AbaRouteValidator_02" time="0"/>
  <testcase name="testAbaNumberCheck_1831_good" classname="com.cardatechnologies.utils.validators.abaroutevalidator.Test_AbaRouteValidator_02" time="0"/>
  <testcase name="testAbaNumberCheck_201_good" classname="com.cardatechnologies.utils.validators.abaroutevalidator.Test_AbaRouteValidator_02" time="0"/>
  <testcase name="testAbaNumberCheck_1047_good" classname="com.cardatechnologies.utils.validators.abaroutevalidator.Test_AbaRouteValidator_02" time="0"/>
  <testcase name="testAbaNumberCheck_1705_good" classname="com.cardatechnologies.utils.validators.abaroutevalidator.Test_AbaRouteValidator_02" time="0"/>
  <testcase name="testAbaNumberCheck_2483_good" classname="com.cardatechnologies.utils.validators.abaroutevalidator.Test_AbaRouteValidator_02" time="0"/>
  <testcase name="testAbaNumberCheck_1543_good" classname="com.cardatechnologies.utils.validators.abaroutevalidator.Test_AbaRouteValidator_02" time="0.001"/>
  <testcase name="testAbaNumberCheck_2030_bad" classname="com.cardatechnologies.utils.validators.abaroutevalidator.Test_AbaRouteValidator_02" time="0"/>
  <testcase name="testAbaNumberCheck_2357_good" classname="com.cardatechnologies.utils.validators.abaroutevalidator.Test_AbaRouteValidator_02" time="0"/>
  <testcase name="testAbaNumberCheck_1417_good" classname="com.cardatechnologies.utils.validators.abaroutevalidator.Test_AbaRouteValidator_02" time="0"/>
  <testcase name="testAbaNumberCheck_2032_bad" classname="com.cardatechnologies.utils.validators.abaroutevalidator.Test_AbaRouteValidator_02" time="0"/>
  <testcase name="testAbaNumberCheck_1220_bad" classname="com.cardatechnologies.utils.validators.abaroutevalidator.Test_AbaRouteValidator_02" time="0"/>
  <testcase name="testAbaNumberCheck_2034_bad" classname="com.cardatechnologies.utils.validators.abaroutevalidator.Test_AbaRouteValidator_02" time="0"/>
  <testcase name="testAbaNumberCheck_1381_good" classname="com.cardatechnologies.utils.validators.abaroutevalidator.Test_AbaRouteValidator_02" time="0"/>
  <testcase name="testAbaNumberCheck_1222_bad" classname="com.cardatechnologies.utils.validators.abaroutevalidator.Test_AbaRouteValidator_02" time="0"/>
  <testcase name="testAbaNumberCheck_2036_bad" classname="com.cardatechnologies.utils.validators.abaroutevalidator.Test_AbaRouteValidator_02" time="0"/>
  <testcase name="testAbaNumberCheck_1224_bad" classname="com.cardatechnologies.utils.validators.abaroutevalidator.Test_AbaRouteValidator_02" time="0"/>
  <testcase name="testAbaNumberCheck_2038_bad" classname="com.cardatechnologies.utils.validators.abaroutevalidator.Test_AbaRouteValidator_02" time="0"/>
  <testcase name="testAbaNumberCheck_2195_good" classname="com.cardatechnologies.utils.validators.abaroutevalidator.Test_AbaRouteValidator_02" time="0"/>
  <testcase name="testAbaNumberCheck_1255_good" classname="com.cardatechnologies.utils.validators.abaroutevalidator.Test_AbaRouteValidator_02" time="0"/>
  <testcase name="testAbaNumberCheck_1226_bad" classname="com.cardatechnologies.utils.validators.abaroutevalidator.Test_AbaRouteValidator_02" time="0"/>
  <testcase name="testAbaNumberCheck_1913_good" classname="com.cardatechnologies.utils.validators.abaroutevalidator.Test_AbaRouteValidator_02" time="0"/>
  <testcase name="testAbaNumberCheck_1228_bad" classname="com.cardatechnologies.utils.validators.abaroutevalidator.Test_AbaRouteValidator_02" time="0"/>
  <testcase name="testAbaNumberCheck_2069_good" classname="com.cardatechnologies.utils.validators.abaroutevalidator.Test_AbaRouteValidator_02" time="0"/>
  <testcase name="testAbaNumberCheck_1129_good" classname="com.cardatechnologies.utils.validators.abaroutevalidator.Test_AbaRouteValidator_02" time="0"/>
  <testcase name="testAbaNumberCheck_1093_good" classname="com.cardatechnologies.utils.validators.abaroutevalidator.Test_AbaRouteValidator_02" time="0"/>
  <testcase name="testAbaNumberCheck_1751_good" classname="com.cardatechnologies.utils.validators.abaroutevalidator.Test_AbaRouteValidator_02" time="0"/>
  <testcase name="testAbaNumberCheck_121_good" classname="com.cardatechnologies.utils.validators.abaroutevalidator.Test_AbaRouteValidator_02" time="0"/>
  <testcase name="testAbaNumberCheck_1625_good" classname="com.cardatechnologies.utils.validators.abaroutevalidator.Test_AbaRouteValidator_02" time="0"/>
  <testcase name="testAbaNumberCheck_2439_good" classname="com.cardatechnologies.utils.validators.abaroutevalidator.Test_AbaRouteValidator_02" time="0"/>
  <testcase name="testAbaNumberCheck_2040_bad" classname="com.cardatechnologies.utils.validators.abaroutevalidator.Test_AbaRouteValidator_02" time="0"/>
  <testcase name="testAbaNumberCheck_1463_good" classname="com.cardatechnologies.utils.validators.abaroutevalidator.Test_AbaRouteValidator_02" time="0"/>
  <testcase name="testAbaNumberCheck_2042_bad" classname="com.cardatechnologies.utils.validators.abaroutevalidator.Test_AbaRouteValidator_02" time="0"/>
  <testcase name="testAbaNumberCheck_1230_bad" classname="com.cardatechnologies.utils.validators.abaroutevalidator.Test_AbaRouteValidator_02" time="0"/>
  <testcase name="testAbaNumberCheck_2044_bad" classname="com.cardatechnologies.utils.validators.abaroutevalidator.Test_AbaRouteValidator_02" time="0"/>
  <testcase name="testAbaNumberCheck_2277_good" classname="com.cardatechnologies.utils.validators.abaroutevalidator.Test_AbaRouteValidator_02" time="0"/>
  <testcase name="testAbaNumberCheck_1337_good" classname="com.cardatechnologies.utils.validators.abaroutevalidator.Test_AbaRouteValidator_02" time="0"/>
  <testcase name="testAbaNumberCheck_1232_bad" classname="com.cardatechnologies.utils.validators.abaroutevalidator.Test_AbaRouteValidator_02" time="0"/>
  <testcase name="testAbaNumberCheck_2046_bad" classname="com.cardatechnologies.utils.validators.abaroutevalidator.Test_AbaRouteValidator_02" time="0"/>
  <testcase name="testAbaNumberCheck_1234_bad" classname="com.cardatechnologies.utils.validators.abaroutevalidator.Test_AbaRouteValidator_02" time="0"/>
  <testcase name="testAbaNumberCheck_2048_bad" classname="com.cardatechnologies.utils.validators.abaroutevalidator.Test_AbaRouteValidator_02" time="0"/>
  <testcase name="testAbaNumberCheck_1236_bad" classname="com.cardatechnologies.utils.validators.abaroutevalidator.Test_AbaRouteValidator_02" time="0"/>
  <testcase name="testAbaNumberCheck_1238_bad" classname="com.cardatechnologies.utils.validators.abaroutevalidator.Test_AbaRouteValidator_02" time="0"/>
  <testcase name="testAbaNumberCheck_1175_good" classname="com.cardatechnologies.utils.validators.abaroutevalidator.Test_AbaRouteValidator_02" time="0"/>
  <testcase name="testAbaNumberCheck_1833_good" classname="com.cardatechnologies.utils.validators.abaroutevalidator.Test_AbaRouteValidator_02" time="0"/>
  <testcase name="testAbaNumberCheck_203_good" classname="com.cardatechnologies.utils.validators.abaroutevalidator.Test_AbaRouteValidator_02" time="0.001"/>
  <testcase name="testAbaNumberCheck_1049_good" classname="com.cardatechnologies.utils.validators.abaroutevalidator.Test_AbaRouteValidator_02" time="0"/>
  <testcase name="testAbaNumberCheck_1707_good" classname="com.cardatechnologies.utils.validators.abaroutevalidator.Test_AbaRouteValidator_02" time="0"/>
  <testcase name="testAbaNumberCheck_1671_good" classname="com.cardatechnologies.utils.validators.abaroutevalidator.Test_AbaRouteValidator_02" time="0"/>
  <testcase name="testAbaNumberCheck_2485_good" classname="com.cardatechnologies.utils.validators.abaroutevalidator.Test_AbaRouteValidator_02" time="0"/>
  <testcase name="testAbaNumberCheck_1545_good" classname="com.cardatechnologies.utils.validators.abaroutevalidator.Test_AbaRouteValidator_02" time="0"/>
  <testcase name="testAbaNumberCheck_2050_bad" classname="com.cardatechnologies.utils.validators.abaroutevalidator.Test_AbaRouteValidator_02" time="0"/>
  <testcase name="testAbaNumberCheck_2359_good" classname="com.cardatechnologies.utils.validators.abaroutevalidator.Test_AbaRouteValidator_02" time="0"/>
  <testcase name="testAbaNumberCheck_1419_good" classname="com.cardatechnologies.utils.validators.abaroutevalidator.Test_AbaRouteValidator_02" time="0"/>
  <testcase name="testAbaNumberCheck_2052_bad" classname="com.cardatechnologies.utils.validators.abaroutevalidator.Test_AbaRouteValidator_02" time="0"/>
  <testcase name="testAbaNumberCheck_1240_bad" classname="com.cardatechnologies.utils.validators.abaroutevalidator.Test_AbaRouteValidator_02" time="0"/>
  <testcase name="testAbaNumberCheck_2054_bad" classname="com.cardatechnologies.utils.validators.abaroutevalidator.Test_AbaRouteValidator_02" time="0"/>
  <testcase name="testAbaNumberCheck_1383_good" classname="com.cardatechnologies.utils.validators.abaroutevalidator.Test_AbaRouteValidator_02" time="0"/>
  <testcase name="testAbaNumberCheck_1242_bad" classname="com.cardatechnologies.utils.validators.abaroutevalidator.Test_AbaRouteValidator_02" time="0"/>
  <testcase name="testAbaNumberCheck_2056_bad" classname="com.cardatechnologies.utils.validators.abaroutevalidator.Test_AbaRouteValidator_02" time="0"/>
  <testcase name="testAbaNumberCheck_1244_bad" classname="com.cardatechnologies.utils.validators.abaroutevalidator.Test_AbaRouteValidator_02" time="0"/>
  <testcase name="testAbaNumberCheck_411_good" classname="com.cardatechnologies.utils.validators.abaroutevalidator.Test_AbaRouteValidator_02" time="0"/>
  <testcase name="testAbaNumberCheck_2058_bad" classname="com.cardatechnologies.utils.validators.abaroutevalidator.Test_AbaRouteValidator_02" time="0"/>
  <testcase name="testAbaNumberCheck_2197_good" classname="com.cardatechnologies.utils.validators.abaroutevalidator.Test_AbaRouteValidator_02" time="0"/>
  <testcase name="testAbaNumberCheck_1257_good" classname="com.cardatechnologies.utils.validators.abaroutevalidator.Test_AbaRouteValidator_02" time="0"/>
  <testcase name="testAbaNumberCheck_1246_bad" classname="com.cardatechnologies.utils.validators.abaroutevalidator.Test_AbaRouteValidator_02" time="0"/>
  <testcase name="testAbaNumberCheck_1915_good" classname="com.cardatechnologies.utils.validators.abaroutevalidator.Test_AbaRouteValidator_02" time="0"/>
  <testcase name="testAbaNumberCheck_1248_bad" classname="com.cardatechnologies.utils.validators.abaroutevalidator.Test_AbaRouteValidator_02" time="0"/>
  <testcase name="testAbaNumberCheck_1095_good" classname="com.cardatechnologies.utils.validators.abaroutevalidator.Test_AbaRouteValidator_02" time="0"/>
  <testcase name="testAbaNumberCheck_1753_good" classname="com.cardatechnologies.utils.validators.abaroutevalidator.Test_AbaRouteValidator_02" time="0"/>
  <testcase name="testAbaNumberCheck_123_good" classname="com.cardatechnologies.utils.validators.abaroutevalidator.Test_AbaRouteValidator_02" time="0"/>
  <testcase name="testAbaNumberCheck_1627_good" classname="com.cardatechnologies.utils.validators.abaroutevalidator.Test_AbaRouteValidator_02" time="0"/>
  <testcase name="testAbaNumberCheck_1591_good" classname="com.cardatechnologies.utils.validators.abaroutevalidator.Test_AbaRouteValidator_02" time="0"/>
  <testcase name="testAbaNumberCheck_2060_bad" classname="com.cardatechnologies.utils.validators.abaroutevalidator.Test_AbaRouteValidator_02" time="0"/>
  <testcase name="testAbaNumberCheck_1465_good" classname="com.cardatechnologies.utils.validators.abaroutevalidator.Test_AbaRouteValidator_02" time="0"/>
  <testcase name="testAbaNumberCheck_2062_bad" classname="com.cardatechnologies.utils.validators.abaroutevalidator.Test_AbaRouteValidator_02" time="0.001"/>
  <testcase name="testAbaNumberCheck_1700_bad" classname="com.cardatechnologies.utils.validators.abaroutevalidator.Test_AbaRouteValidator_02" time="0"/>
  <testcase name="testAbaNumberCheck_1250_bad" classname="com.cardatechnologies.utils.validators.abaroutevalidator.Test_AbaRouteValidator_02" time="0"/>
  <testcase name="testAbaNumberCheck_2064_bad" classname="com.cardatechnologies.utils.validators.abaroutevalidator.Test_AbaRouteValidator_02" time="0"/>
  <testcase name="testAbaNumberCheck_2279_good" classname="com.cardatechnologies.utils.validators.abaroutevalidator.Test_AbaRouteValidator_02" time="0"/>
  <testcase name="testAbaNumberCheck_1339_good" classname="com.cardatechnologies.utils.validators.abaroutevalidator.Test_AbaRouteValidator_02" time="0"/>
  <testcase name="testAbaNumberCheck_1702_bad" classname="com.cardatechnologies.utils.validators.abaroutevalidator.Test_AbaRouteValidator_02" time="0"/>
  <testcase name="testAbaNumberCheck_1252_bad" classname="com.cardatechnologies.utils.validators.abaroutevalidator.Test_AbaRouteValidator_02" time="0"/>
  <testcase name="testAbaNumberCheck_2066_bad" classname="com.cardatechnologies.utils.validators.abaroutevalidator.Test_AbaRouteValidator_02" time="0"/>
  <testcase name="testAbaNumberCheck_1704_bad" classname="com.cardatechnologies.utils.validators.abaroutevalidator.Test_AbaRouteValidator_02" time="0"/>
  <testcase name="testAbaNumberCheck_1254_bad" classname="com.cardatechnologies.utils.validators.abaroutevalidator.Test_AbaRouteValidator_02" time="0"/>
  <testcase name="testAbaNumberCheck_2068_bad" classname="com.cardatechnologies.utils.validators.abaroutevalidator.Test_AbaRouteValidator_02" time="0"/>
  <testcase name="testAbaNumberCheck_1706_bad" classname="com.cardatechnologies.utils.validators.abaroutevalidator.Test_AbaRouteValidator_02" time="0"/>
  <testcase name="testAbaNumberCheck_1256_bad" classname="com.cardatechnologies.utils.validators.abaroutevalidator.Test_AbaRouteValidator_02" time="0"/>
  <testcase name="testAbaNumberCheck_1961_good" classname="com.cardatechnologies.utils.validators.abaroutevalidator.Test_AbaRouteValidator_02" time="0"/>
  <testcase name="testAbaNumberCheck_1708_bad" classname="com.cardatechnologies.utils.validators.abaroutevalidator.Test_AbaRouteValidator_02" time="0"/>
  <testcase name="testAbaNumberCheck_331_good" classname="com.cardatechnologies.utils.validators.abaroutevalidator.Test_AbaRouteValidator_02" time="0"/>
  <testcase name="testAbaNumberCheck_1258_bad" classname="com.cardatechnologies.utils.validators.abaroutevalidator.Test_AbaRouteValidator_02" time="0"/>
  <testcase name="testAbaNumberCheck_1177_good" classname="com.cardatechnologies.utils.validators.abaroutevalidator.Test_AbaRouteValidator_02" time="0"/>
  <testcase name="testAbaNumberCheck_1835_good" classname="com.cardatechnologies.utils.validators.abaroutevalidator.Test_AbaRouteValidator_02" time="0"/>
  <testcase name="testAbaNumberCheck_205_good" classname="com.cardatechnologies.utils.validators.abaroutevalidator.Test_AbaRouteValidator_02" time="0"/>
  <testcase name="testAbaNumberCheck_1709_good" classname="com.cardatechnologies.utils.validators.abaroutevalidator.Test_AbaRouteValidator_02" time="0"/>
  <testcase name="testAbaNumberCheck_1673_good" classname="com.cardatechnologies.utils.validators.abaroutevalidator.Test_AbaRouteValidator_02" time="0"/>
  <testcase name="testAbaNumberCheck_701_good" classname="com.cardatechnologies.utils.validators.abaroutevalidator.Test_AbaRouteValidator_02" time="0"/>
  <testcase name="testAbaNumberCheck_2487_good" classname="com.cardatechnologies.utils.validators.abaroutevalidator.Test_AbaRouteValidator_02" time="0"/>
  <testcase name="testAbaNumberCheck_1547_good" classname="com.cardatechnologies.utils.validators.abaroutevalidator.Test_AbaRouteValidator_02" time="0"/>
  <testcase name="testAbaNumberCheck_2070_bad" classname="com.cardatechnologies.utils.validators.abaroutevalidator.Test_AbaRouteValidator_02" time="0"/>
  <testcase name="testAbaNumberCheck_2072_bad" classname="com.cardatechnologies.utils.validators.abaroutevalidator.Test_AbaRouteValidator_02" time="0"/>
  <testcase name="testAbaNumberCheck_1710_bad" classname="com.cardatechnologies.utils.validators.abaroutevalidator.Test_AbaRouteValidator_02" time="0"/>
  <testcase name="testAbaNumberCheck_1260_bad" classname="com.cardatechnologies.utils.validators.abaroutevalidator.Test_AbaRouteValidator_02" time="0"/>
  <testcase name="testAbaNumberCheck_2074_bad" classname="com.cardatechnologies.utils.validators.abaroutevalidator.Test_AbaRouteValidator_02" time="0"/>
  <testcase name="testAbaNumberCheck_1385_good" classname="com.cardatechnologies.utils.validators.abaroutevalidator.Test_AbaRouteValidator_02" time="0"/>
  <testcase name="testAbaNumberCheck_1712_bad" classname="com.cardatechnologies.utils.validators.abaroutevalidator.Test_AbaRouteValidator_02" time="0"/>
  <testcase name="testAbaNumberCheck_1262_bad" classname="com.cardatechnologies.utils.validators.abaroutevalidator.Test_AbaRouteValidator_02" time="0"/>
  <testcase name="testAbaNumberCheck_2076_bad" classname="com.cardatechnologies.utils.validators.abaroutevalidator.Test_AbaRouteValidator_02" time="0"/>
  <testcase name="testAbaNumberCheck_1714_bad" classname="com.cardatechnologies.utils.validators.abaroutevalidator.Test_AbaRouteValidator_02" time="0"/>
  <testcase name="testAbaNumberCheck_1264_bad" classname="com.cardatechnologies.utils.validators.abaroutevalidator.Test_AbaRouteValidator_02" time="0"/>
  <testcase name="testAbaNumberCheck_413_good" classname="com.cardatechnologies.utils.validators.abaroutevalidator.Test_AbaRouteValidator_02" time="0"/>
  <testcase name="testAbaNumberCheck_2078_bad" classname="com.cardatechnologies.utils.validators.abaroutevalidator.Test_AbaRouteValidator_02" time="0"/>
  <testcase name="testAbaNumberCheck_2199_good" classname="com.cardatechnologies.utils.validators.abaroutevalidator.Test_AbaRouteValidator_02" time="0"/>
  <testcase name="testAbaNumberCheck_1259_good" classname="com.cardatechnologies.utils.validators.abaroutevalidator.Test_AbaRouteValidator_02" time="0"/>
  <testcase name="testAbaNumberCheck_1716_bad" classname="com.cardatechnologies.utils.validators.abaroutevalidator.Test_AbaRouteValidator_02" time="0"/>
  <testcase name="testAbaNumberCheck_1266_bad" classname="com.cardatechnologies.utils.validators.abaroutevalidator.Test_AbaRouteValidator_02" time="0"/>
  <testcase name="testAbaNumberCheck_1718_bad" classname="com.cardatechnologies.utils.validators.abaroutevalidator.Test_AbaRouteValidator_02" time="0"/>
  <testcase name="testAbaNumberCheck_1917_good" classname="com.cardatechnologies.utils.validators.abaroutevalidator.Test_AbaRouteValidator_02" time="0"/>
  <testcase name="testAbaNumberCheck_1268_bad" classname="com.cardatechnologies.utils.validators.abaroutevalidator.Test_AbaRouteValidator_02" time="0"/>
  <testcase name="testAbaNumberCheck_1881_good" classname="com.cardatechnologies.utils.validators.abaroutevalidator.Test_AbaRouteValidator_02" time="0"/>
  <testcase name="testAbaNumberCheck_251_good" classname="com.cardatechnologies.utils.validators.abaroutevalidator.Test_AbaRouteValidator_02" time="0"/>
  <testcase name="testAbaNumberCheck_1097_good" classname="com.cardatechnologies.utils.validators.abaroutevalidator.Test_AbaRouteValidator_02" time="0"/>
  <testcase name="testAbaNumberCheck_1755_good" classname="com.cardatechnologies.utils.validators.abaroutevalidator.Test_AbaRouteValidator_02" time="0"/>
  <testcase name="testAbaNumberCheck_125_good" classname="com.cardatechnologies.utils.validators.abaroutevalidator.Test_AbaRouteValidator_02" time="0"/>
  <testcase name="testAbaNumberCheck_1629_good" classname="com.cardatechnologies.utils.validators.abaroutevalidator.Test_AbaRouteValidator_02" time="0.001"/>
  <testcase name="testAbaNumberCheck_1593_good" classname="com.cardatechnologies.utils.validators.abaroutevalidator.Test_AbaRouteValidator_02" time="0"/>
  <testcase name="testAbaNumberCheck_621_good" classname="com.cardatechnologies.utils.validators.abaroutevalidator.Test_AbaRouteValidator_02" time="0"/>
  <testcase name="testAbaNumberCheck_2080_bad" classname="com.cardatechnologies.utils.validators.abaroutevalidator.Test_AbaRouteValidator_02" time="0"/>
  <testcase name="testAbaNumberCheck_1467_good" classname="com.cardatechnologies.utils.validators.abaroutevalidator.Test_AbaRouteValidator_02" time="0"/>
  <testcase name="testAbaNumberCheck_2082_bad" classname="com.cardatechnologies.utils.validators.abaroutevalidator.Test_AbaRouteValidator_02" time="0"/>
  <testcase name="testAbaNumberCheck_1720_bad" classname="com.cardatechnologies.utils.validators.abaroutevalidator.Test_AbaRouteValidator_02" time="0"/>
  <testcase name="testAbaNumberCheck_1270_bad" classname="com.cardatechnologies.utils.validators.abaroutevalidator.Test_AbaRouteValidator_02" time="0"/>
  <testcase name="testAbaNumberCheck_2084_bad" classname="com.cardatechnologies.utils.validators.abaroutevalidator.Test_AbaRouteValidator_02" time="0"/>
  <testcase name="testAbaNumberCheck_1722_bad" classname="com.cardatechnologies.utils.validators.abaroutevalidator.Test_AbaRouteValidator_02" time="0"/>
  <testcase name="testAbaNumberCheck_1272_bad" classname="com.cardatechnologies.utils.validators.abaroutevalidator.Test_AbaRouteValidator_02" time="0"/>
  <testcase name="testAbaNumberCheck_2086_bad" classname="com.cardatechnologies.utils.validators.abaroutevalidator.Test_AbaRouteValidator_02" time="0"/>
  <testcase name="testAbaNumberCheck_1724_bad" classname="com.cardatechnologies.utils.validators.abaroutevalidator.Test_AbaRouteValidator_02" time="0"/>
  <testcase name="testAbaNumberCheck_1274_bad" classname="com.cardatechnologies.utils.validators.abaroutevalidator.Test_AbaRouteValidator_02" time="0"/>
  <testcase name="testAbaNumberCheck_2088_bad" classname="com.cardatechnologies.utils.validators.abaroutevalidator.Test_AbaRouteValidator_02" time="0"/>
  <testcase name="testAbaNumberCheck_1726_bad" classname="com.cardatechnologies.utils.validators.abaroutevalidator.Test_AbaRouteValidator_02" time="0.001"/>
  <testcase name="testAbaNumberCheck_1276_bad" classname="com.cardatechnologies.utils.validators.abaroutevalidator.Test_AbaRouteValidator_02" time="0"/>
  <testcase name="testAbaNumberCheck_1963_good" classname="com.cardatechnologies.utils.validators.abaroutevalidator.Test_AbaRouteValidator_02" time="0"/>
  <testcase name="testAbaNumberCheck_1728_bad" classname="com.cardatechnologies.utils.validators.abaroutevalidator.Test_AbaRouteValidator_02" time="0"/>
  <testcase name="testAbaNumberCheck_333_good" classname="com.cardatechnologies.utils.validators.abaroutevalidator.Test_AbaRouteValidator_02" time="0"/>
  <testcase name="testAbaNumberCheck_1278_bad" classname="com.cardatechnologies.utils.validators.abaroutevalidator.Test_AbaRouteValidator_02" time="0"/>
  <testcase name="testAbaNumberCheck_1179_good" classname="com.cardatechnologies.utils.validators.abaroutevalidator.Test_AbaRouteValidator_02" time="0"/>
  <testcase name="testAbaNumberCheck_1837_good" classname="com.cardatechnologies.utils.validators.abaroutevalidator.Test_AbaRouteValidator_02" time="0"/>
  <testcase name="testAbaNumberCheck_207_good" classname="com.cardatechnologies.utils.validators.abaroutevalidator.Test_AbaRouteValidator_02" time="0"/>
  <testcase name="testAbaNumberCheck_171_good" classname="com.cardatechnologies.utils.validators.abaroutevalidator.Test_AbaRouteValidator_02" time="0.001"/>
  <testcase name="testAbaNumberCheck_1675_good" classname="com.cardatechnologies.utils.validators.abaroutevalidator.Test_AbaRouteValidator_02" time="0"/>
  <testcase name="testAbaNumberCheck_703_good" classname="com.cardatechnologies.utils.validators.abaroutevalidator.Test_AbaRouteValidator_02" time="0"/>
  <testcase name="testAbaNumberCheck_2489_good" classname="com.cardatechnologies.utils.validators.abaroutevalidator.Test_AbaRouteValidator_02" time="0"/>
  <testcase name="testAbaNumberCheck_1549_good" classname="com.cardatechnologies.utils.validators.abaroutevalidator.Test_AbaRouteValidator_02" time="0"/>
  <testcase name="testAbaNumberCheck_2090_bad" classname="com.cardatechnologies.utils.validators.abaroutevalidator.Test_AbaRouteValidator_02" time="0"/>
  <testcase name="testAbaNumberCheck_2092_bad" classname="com.cardatechnologies.utils.validators.abaroutevalidator.Test_AbaRouteValidator_02" time="0"/>
  <testcase name="testAbaNumberCheck_1730_bad" classname="com.cardatechnologies.utils.validators.abaroutevalidator.Test_AbaRouteValidator_02" time="0"/>
  <testcase name="testAbaNumberCheck_541_good" classname="com.cardatechnologies.utils.validators.abaroutevalidator.Test_AbaRouteValidator_02" time="0"/>
  <testcase name="testAbaNumberCheck_1280_bad" classname="com.cardatechnologies.utils.validators.abaroutevalidator.Test_AbaRouteValidator_02" time="0"/>
  <testcase name="testAbaNumberCheck_2094_bad" classname="com.cardatechnologies.utils.validators.abaroutevalidator.Test_AbaRouteValidator_02" time="0"/>
  <testcase name="testAbaNumberCheck_1387_good" classname="com.cardatechnologies.utils.validators.abaroutevalidator.Test_AbaRouteValidator_02" time="0"/>
  <testcase name="testAbaNumberCheck_1732_bad" classname="com.cardatechnologies.utils.validators.abaroutevalidator.Test_AbaRouteValidator_02" time="0"/>
  <testcase name="testAbaNumberCheck_1282_bad" classname="com.cardatechnologies.utils.validators.abaroutevalidator.Test_AbaRouteValidator_02" time="0"/>
  <testcase name="testAbaNumberCheck_2096_bad" classname="com.cardatechnologies.utils.validators.abaroutevalidator.Test_AbaRouteValidator_02" time="0.001"/>
  <testcase name="testAbaNumberCheck_1734_bad" classname="com.cardatechnologies.utils.validators.abaroutevalidator.Test_AbaRouteValidator_02" time="0"/>
  <testcase name="testAbaNumberCheck_1284_bad" classname="com.cardatechnologies.utils.validators.abaroutevalidator.Test_AbaRouteValidator_02" time="0"/>
  <testcase name="testAbaNumberCheck_415_good" classname="com.cardatechnologies.utils.validators.abaroutevalidator.Test_AbaRouteValidator_02" time="0"/>
  <testcase name="testAbaNumberCheck_2098_bad" classname="com.cardatechnologies.utils.validators.abaroutevalidator.Test_AbaRouteValidator_02" time="0"/>
  <testcase name="testAbaNumberCheck_1736_bad" classname="com.cardatechnologies.utils.validators.abaroutevalidator.Test_AbaRouteValidator_02" time="0"/>
  <testcase name="testAbaNumberCheck_1286_bad" classname="com.cardatechnologies.utils.validators.abaroutevalidator.Test_AbaRouteValidator_02" time="0"/>
  <testcase name="testAbaNumberCheck_1738_bad" classname="com.cardatechnologies.utils.validators.abaroutevalidator.Test_AbaRouteValidator_02" time="0"/>
  <testcase name="testAbaNumberCheck_1919_good" classname="com.cardatechnologies.utils.validators.abaroutevalidator.Test_AbaRouteValidator_02" time="0.001"/>
  <testcase name="testAbaNumberCheck_1288_bad" classname="com.cardatechnologies.utils.validators.abaroutevalidator.Test_AbaRouteValidator_02" time="0"/>
  <testcase name="testAbaNumberCheck_1883_good" classname="com.cardatechnologies.utils.validators.abaroutevalidator.Test_AbaRouteValidator_02" time="0"/>
  <testcase name="testAbaNumberCheck_253_good" classname="com.cardatechnologies.utils.validators.abaroutevalidator.Test_AbaRouteValidator_02" time="0"/>
  <testcase name="testAbaNumberCheck_1099_good" classname="com.cardatechnologies.utils.validators.abaroutevalidator.Test_AbaRouteValidator_02" time="0"/>
  <testcase name="testAbaNumberCheck_911_good" classname="com.cardatechnologies.utils.validators.abaroutevalidator.Test_AbaRouteValidator_02" time="0"/>
  <testcase name="testAbaNumberCheck_1757_good" classname="com.cardatechnologies.utils.validators.abaroutevalidator.Test_AbaRouteValidator_02" time="0"/>
  <testcase name="testAbaNumberCheck_127_good" classname="com.cardatechnologies.utils.validators.abaroutevalidator.Test_AbaRouteValidator_02" time="0"/>
  <testcase name="testAbaNumberCheck_1595_good" classname="com.cardatechnologies.utils.validators.abaroutevalidator.Test_AbaRouteValidator_02" time="0"/>
  <testcase name="testAbaNumberCheck_623_good" classname="com.cardatechnologies.utils.validators.abaroutevalidator.Test_AbaRouteValidator_02" time="0"/>
  <testcase name="testAbaNumberCheck_1469_good" classname="com.cardatechnologies.utils.validators.abaroutevalidator.Test_AbaRouteValidator_02" time="0"/>
  <testcase name="testAbaNumberCheck_1740_bad" classname="com.cardatechnologies.utils.validators.abaroutevalidator.Test_AbaRouteValidator_02" time="0"/>
  <testcase name="testAbaNumberCheck_1290_bad" classname="com.cardatechnologies.utils.validators.abaroutevalidator.Test_AbaRouteValidator_02" time="0"/>
  <testcase name="testAbaNumberCheck_1742_bad" classname="com.cardatechnologies.utils.validators.abaroutevalidator.Test_AbaRouteValidator_02" time="0"/>
  <testcase name="testAbaNumberCheck_1292_bad" classname="com.cardatechnologies.utils.validators.abaroutevalidator.Test_AbaRouteValidator_02" time="0"/>
  <testcase name="testAbaNumberCheck_1744_bad" classname="com.cardatechnologies.utils.validators.abaroutevalidator.Test_AbaRouteValidator_02" time="0.001"/>
  <testcase name="testAbaNumberCheck_461_good" classname="com.cardatechnologies.utils.validators.abaroutevalidator.Test_AbaRouteValidator_02" time="0"/>
  <testcase name="testAbaNumberCheck_1294_bad" classname="com.cardatechnologies.utils.validators.abaroutevalidator.Test_AbaRouteValidator_02" time="0"/>
  <testcase name="testAbaNumberCheck_1746_bad" classname="com.cardatechnologies.utils.validators.abaroutevalidator.Test_AbaRouteValidator_02" time="0"/>
  <testcase name="testAbaNumberCheck_1296_bad" classname="com.cardatechnologies.utils.validators.abaroutevalidator.Test_AbaRouteValidator_02" time="0"/>
  <testcase name="testAbaNumberCheck_1965_good" classname="com.cardatechnologies.utils.validators.abaroutevalidator.Test_AbaRouteValidator_02" time="0.006"/>
  <testcase name="testAbaNumberCheck_1748_bad" classname="com.cardatechnologies.utils.validators.abaroutevalidator.Test_AbaRouteValidator_02" time="0"/>
  <testcase name="testAbaNumberCheck_335_good" classname="com.cardatechnologies.utils.validators.abaroutevalidator.Test_AbaRouteValidator_02" time="0"/>
  <testcase name="testAbaNumberCheck_1298_bad" classname="com.cardatechnologies.utils.validators.abaroutevalidator.Test_AbaRouteValidator_02" time="0.001"/>
  <testcase name="testAbaNumberCheck_1839_good" classname="com.cardatechnologies.utils.validators.abaroutevalidator.Test_AbaRouteValidator_02" time="0"/>
  <testcase name="testAbaNumberCheck_209_good" classname="com.cardatechnologies.utils.validators.abaroutevalidator.Test_AbaRouteValidator_02" time="0"/>
  <testcase name="testAbaNumberCheck_173_good" classname="com.cardatechnologies.utils.validators.abaroutevalidator.Test_AbaRouteValidator_02" time="0"/>
  <testcase name="testAbaNumberCheck_831_good" classname="com.cardatechnologies.utils.validators.abaroutevalidator.Test_AbaRouteValidator_02" time="0"/>
  <testcase name="testAbaNumberCheck_1677_good" classname="com.cardatechnologies.utils.validators.abaroutevalidator.Test_AbaRouteValidator_02" time="0"/>
  <testcase name="testAbaNumberCheck_705_good" classname="com.cardatechnologies.utils.validators.abaroutevalidator.Test_AbaRouteValidator_02" time="0"/>
  <testcase name="testAbaNumberCheck_1750_bad" classname="com.cardatechnologies.utils.validators.abaroutevalidator.Test_AbaRouteValidator_02" time="0"/>
  <testcase name="testAbaNumberCheck_543_good" classname="com.cardatechnologies.utils.validators.abaroutevalidator.Test_AbaRouteValidator_02" time="0"/>
  <testcase name="testAbaNumberCheck_1389_good" classname="com.cardatechnologies.utils.validators.abaroutevalidator.Test_AbaRouteValidator_02" time="0"/>
  <testcase name="testAbaNumberCheck_1752_bad" classname="com.cardatechnologies.utils.validators.abaroutevalidator.Test_AbaRouteValidator_02" time="0.001"/>
  <testcase name="testAbaNumberCheck_1754_bad" classname="com.cardatechnologies.utils.validators.abaroutevalidator.Test_AbaRouteValidator_02" time="0"/>
  <testcase name="testAbaNumberCheck_417_good" classname="com.cardatechnologies.utils.validators.abaroutevalidator.Test_AbaRouteValidator_02" time="0"/>
  <testcase name="testAbaNumberCheck_1756_bad" classname="com.cardatechnologies.utils.validators.abaroutevalidator.Test_AbaRouteValidator_02" time="0"/>
  <testcase name="testAbaNumberCheck_381_good" classname="com.cardatechnologies.utils.validators.abaroutevalidator.Test_AbaRouteValidator_02" time="0"/>
  <testcase name="testAbaNumberCheck_1758_bad" classname="com.cardatechnologies.utils.validators.abaroutevalidator.Test_AbaRouteValidator_02" time="0"/>
  <testcase name="testAbaNumberCheck_1885_good" classname="com.cardatechnologies.utils.validators.abaroutevalidator.Test_AbaRouteValidator_02" time="0"/>
  <testcase name="testAbaNumberCheck_255_good" classname="com.cardatechnologies.utils.validators.abaroutevalidator.Test_AbaRouteValidator_02" time="0"/>
  <testcase name="testAbaNumberCheck_913_good" classname="com.cardatechnologies.utils.validators.abaroutevalidator.Test_AbaRouteValidator_02" time="0"/>
  <testcase name="testAbaNumberCheck_1759_good" classname="com.cardatechnologies.utils.validators.abaroutevalidator.Test_AbaRouteValidator_02" time="0"/>
  <testcase name="testAbaNumberCheck_129_good" classname="com.cardatechnologies.utils.validators.abaroutevalidator.Test_AbaRouteValidator_02" time="0.001"/>
  <testcase name="testAbaNumberCheck_751_good" classname="com.cardatechnologies.utils.validators.abaroutevalidator.Test_AbaRouteValidator_02" time="0"/>
  <testcase name="testAbaNumberCheck_1597_good" classname="com.cardatechnologies.utils.validators.abaroutevalidator.Test_AbaRouteValidator_02" time="0"/>
  <testcase name="testAbaNumberCheck_625_good" classname="com.cardatechnologies.utils.validators.abaroutevalidator.Test_AbaRouteValidator_02" time="0"/>
  <testcase name="testAbaNumberCheck_1760_bad" classname="com.cardatechnologies.utils.validators.abaroutevalidator.Test_AbaRouteValidator_02" time="0"/>
  <testcase name="testAbaNumberCheck_1762_bad" classname="com.cardatechnologies.utils.validators.abaroutevalidator.Test_AbaRouteValidator_02" time="0"/>
  <testcase name="testAbaNumberCheck_1764_bad" classname="com.cardatechnologies.utils.validators.abaroutevalidator.Test_AbaRouteValidator_02" time="0"/>
  <testcase name="testAbaNumberCheck_463_good" classname="com.cardatechnologies.utils.validators.abaroutevalidator.Test_AbaRouteValidator_02" time="0"/>
  <testcase name="testAbaNumberCheck_1766_bad" classname="com.cardatechnologies.utils.validators.abaroutevalidator.Test_AbaRouteValidator_02" time="0"/>
  <testcase name="testAbaNumberCheck_1967_good" classname="com.cardatechnologies.utils.validators.abaroutevalidator.Test_AbaRouteValidator_02" time="0"/>
  <testcase name="testAbaNumberCheck_1768_bad" classname="com.cardatechnologies.utils.validators.abaroutevalidator.Test_AbaRouteValidator_02" time="0"/>
  <testcase name="testAbaNumberCheck_337_good" classname="com.cardatechnologies.utils.validators.abaroutevalidator.Test_AbaRouteValidator_02" time="0"/>
  <testcase name="testAbaNumberCheck_175_good" classname="com.cardatechnologies.utils.validators.abaroutevalidator.Test_AbaRouteValidator_02" time="0"/>
  <testcase name="testAbaNumberCheck_833_good" classname="com.cardatechnologies.utils.validators.abaroutevalidator.Test_AbaRouteValidator_02" time="0"/>
  <testcase name="testAbaNumberCheck_1679_good" classname="com.cardatechnologies.utils.validators.abaroutevalidator.Test_AbaRouteValidator_02" time="0"/>
  <testcase name="testAbaNumberCheck_707_good" classname="com.cardatechnologies.utils.validators.abaroutevalidator.Test_AbaRouteValidator_02" time="0.001"/>
  <testcase name="testAbaNumberCheck_671_good" classname="com.cardatechnologies.utils.validators.abaroutevalidator.Test_AbaRouteValidator_02" time="0"/>
  <testcase name="testAbaNumberCheck_1770_bad" classname="com.cardatechnologies.utils.validators.abaroutevalidator.Test_AbaRouteValidator_02" time="0"/>
  <testcase name="testAbaNumberCheck_545_good" classname="com.cardatechnologies.utils.validators.abaroutevalidator.Test_AbaRouteValidator_02" time="0"/>
  <testcase name="testAbaNumberCheck_1772_bad" classname="com.cardatechnologies.utils.validators.abaroutevalidator.Test_AbaRouteValidator_02" time="0"/>
  <testcase name="testAbaNumberCheck_1774_bad" classname="com.cardatechnologies.utils.validators.abaroutevalidator.Test_AbaRouteValidator_02" time="0"/>
  <testcase name="testAbaNumberCheck_419_good" classname="com.cardatechnologies.utils.validators.abaroutevalidator.Test_AbaRouteValidator_02" time="0"/>
  <testcase name="testAbaNumberCheck_1776_bad" classname="com.cardatechnologies.utils.validators.abaroutevalidator.Test_AbaRouteValidator_02" time="0"/>
  <testcase name="testAbaNumberCheck_383_good" classname="com.cardatechnologies.utils.validators.abaroutevalidator.Test_AbaRouteValidator_02" time="0"/>
  <testcase name="testAbaNumberCheck_1778_bad" classname="com.cardatechnologies.utils.validators.abaroutevalidator.Test_AbaRouteValidator_02" time="0"/>
  <testcase name="testAbaNumberCheck_1887_good" classname="com.cardatechnologies.utils.validators.abaroutevalidator.Test_AbaRouteValidator_02" time="0"/>
  <testcase name="testAbaNumberCheck_257_good" classname="com.cardatechnologies.utils.validators.abaroutevalidator.Test_AbaRouteValidator_02" time="0"/>
  <testcase name="testAbaNumberCheck_915_good" classname="com.cardatechnologies.utils.validators.abaroutevalidator.Test_AbaRouteValidator_02" time="0"/>
  <testcase name="testAbaNumberCheck_753_good" classname="com.cardatechnologies.utils.validators.abaroutevalidator.Test_AbaRouteValidator_02" time="0"/>
  <testcase name="testAbaNumberCheck_1599_good" classname="com.cardatechnologies.utils.validators.abaroutevalidator.Test_AbaRouteValidator_02" time="0"/>
  <testcase name="testAbaNumberCheck_627_good" classname="com.cardatechnologies.utils.validators.abaroutevalidator.Test_AbaRouteValidator_02" time="0"/>
  <testcase name="testAbaNumberCheck_591_good" classname="com.cardatechnologies.utils.validators.abaroutevalidator.Test_AbaRouteValidator_02" time="0"/>
  <testcase name="testAbaNumberCheck_1780_bad" classname="com.cardatechnologies.utils.validators.abaroutevalidator.Test_AbaRouteValidator_02" time="0"/>
  <testcase name="testAbaNumberCheck_1782_bad" classname="com.cardatechnologies.utils.validators.abaroutevalidator.Test_AbaRouteValidator_02" time="0"/>
  <testcase name="testAbaNumberCheck_1784_bad" classname="com.cardatechnologies.utils.validators.abaroutevalidator.Test_AbaRouteValidator_02" time="0"/>
  <testcase name="testAbaNumberCheck_465_good" classname="com.cardatechnologies.utils.validators.abaroutevalidator.Test_AbaRouteValidator_02" time="0"/>
  <testcase name="testAbaNumberCheck_1786_bad" classname="com.cardatechnologies.utils.validators.abaroutevalidator.Test_AbaRouteValidator_02" time="0"/>
  <testcase name="testAbaNumberCheck_1969_good" classname="com.cardatechnologies.utils.validators.abaroutevalidator.Test_AbaRouteValidator_02" time="0"/>
  <testcase name="testAbaNumberCheck_1788_bad" classname="com.cardatechnologies.utils.validators.abaroutevalidator.Test_AbaRouteValidator_02" time="0.001"/>
  <testcase name="testAbaNumberCheck_339_good" classname="com.cardatechnologies.utils.validators.abaroutevalidator.Test_AbaRouteValidator_02" time="0"/>
  <testcase name="testAbaNumberCheck_961_good" classname="com.cardatechnologies.utils.validators.abaroutevalidator.Test_AbaRouteValidator_02" time="0"/>
  <testcase name="testAbaNumberCheck_177_good" classname="com.cardatechnologies.utils.validators.abaroutevalidator.Test_AbaRouteValidator_02" time="0"/>
  <testcase name="testAbaNumberCheck_835_good" classname="com.cardatechnologies.utils.validators.abaroutevalidator.Test_AbaRouteValidator_02" time="0"/>
  <testcase name="testAbaNumberCheck_709_good" classname="com.cardatechnologies.utils.validators.abaroutevalidator.Test_AbaRouteValidator_02" time="0"/>
  <testcase name="testAbaNumberCheck_673_good" classname="com.cardatechnologies.utils.validators.abaroutevalidator.Test_AbaRouteValidator_02" time="0"/>
  <testcase name="testAbaNumberCheck_1790_bad" classname="com.cardatechnologies.utils.validators.abaroutevalidator.Test_AbaRouteValidator_02" time="0"/>
  <testcase name="testAbaNumberCheck_547_good" classname="com.cardatechnologies.utils.validators.abaroutevalidator.Test_AbaRouteValidator_02" time="0"/>
  <testcase name="testAbaNumberCheck_1792_bad" classname="com.cardatechnologies.utils.validators.abaroutevalidator.Test_AbaRouteValidator_02" time="0"/>
  <testcase name="testAbaNumberCheck_1794_bad" classname="com.cardatechnologies.utils.validators.abaroutevalidator.Test_AbaRouteValidator_02" time="0"/>
  <testcase name="testAbaNumberCheck_1796_bad" classname="com.cardatechnologies.utils.validators.abaroutevalidator.Test_AbaRouteValidator_02" time="0"/>
  <testcase name="testAbaNumberCheck_385_good" classname="com.cardatechnologies.utils.validators.abaroutevalidator.Test_AbaRouteValidator_02" time="0"/>
  <testcase name="testAbaNumberCheck_1798_bad" classname="com.cardatechnologies.utils.validators.abaroutevalidator.Test_AbaRouteValidator_02" time="0"/>
  <testcase name="testAbaNumberCheck_1889_good" classname="com.cardatechnologies.utils.validators.abaroutevalidator.Test_AbaRouteValidator_02" time="0"/>
  <testcase name="testAbaNumberCheck_259_good" classname="com.cardatechnologies.utils.validators.abaroutevalidator.Test_AbaRouteValidator_02" time="0"/>
  <testcase name="testAbaNumberCheck_917_good" classname="com.cardatechnologies.utils.validators.abaroutevalidator.Test_AbaRouteValidator_02" time="0"/>
  <testcase name="testAbaNumberCheck_881_good" classname="com.cardatechnologies.utils.validators.abaroutevalidator.Test_AbaRouteValidator_02" time="0"/>
  <testcase name="testAbaNumberCheck_755_good" classname="com.cardatechnologies.utils.validators.abaroutevalidator.Test_AbaRouteValidator_02" time="0"/>
  <testcase name="testAbaNumberCheck_629_good" classname="com.cardatechnologies.utils.validators.abaroutevalidator.Test_AbaRouteValidator_02" time="0"/>
  <testcase name="testAbaNumberCheck_593_good" classname="com.cardatechnologies.utils.validators.abaroutevalidator.Test_AbaRouteValidator_02" time="0"/>
  <testcase name="testAbaNumberCheck_467_good" classname="com.cardatechnologies.utils.validators.abaroutevalidator.Test_AbaRouteValidator_02" time="0"/>
  <testcase name="testAbaNumberCheck_963_good" classname="com.cardatechnologies.utils.validators.abaroutevalidator.Test_AbaRouteValidator_02" time="0"/>
  <testcase name="testAbaNumberCheck_179_good" classname="com.cardatechnologies.utils.validators.abaroutevalidator.Test_AbaRouteValidator_02" time="0"/>
  <testcase name="testAbaNumberCheck_837_good" classname="com.cardatechnologies.utils.validators.abaroutevalidator.Test_AbaRouteValidator_02" time="0"/>
  <testcase name="testAbaNumberCheck_675_good" classname="com.cardatechnologies.utils.validators.abaroutevalidator.Test_AbaRouteValidator_02" time="0"/>
  <testcase name="testAbaNumberCheck_549_good" classname="com.cardatechnologies.utils.validators.abaroutevalidator.Test_AbaRouteValidator_02" time="0"/>
  <testcase name="testAbaNumberCheck_387_good" classname="com.cardatechnologies.utils.validators.abaroutevalidator.Test_AbaRouteValidator_02" time="0"/>
  <testcase name="testAbaNumberCheck_919_good" classname="com.cardatechnologies.utils.validators.abaroutevalidator.Test_AbaRouteValidator_02" time="0"/>
  <testcase name="testAbaNumberCheck_883_good" classname="com.cardatechnologies.utils.validators.abaroutevalidator.Test_AbaRouteValidator_02" time="0.001"/>
  <testcase name="testAbaNumberCheck_757_good" classname="com.cardatechnologies.utils.validators.abaroutevalidator.Test_AbaRouteValidator_02" time="0"/>
  <testcase name="testAbaNumberCheck_300_bad" classname="com.cardatechnologies.utils.validators.abaroutevalidator.Test_AbaRouteValidator_02" time="0"/>
  <testcase name="testAbaNumberCheck_302_bad" classname="com.cardatechnologies.utils.validators.abaroutevalidator.Test_AbaRouteValidator_02" time="0"/>
  <testcase name="testAbaNumberCheck_304_bad" classname="com.cardatechnologies.utils.validators.abaroutevalidator.Test_AbaRouteValidator_02" time="0"/>
  <testcase name="testAbaNumberCheck_306_bad" classname="com.cardatechnologies.utils.validators.abaroutevalidator.Test_AbaRouteValidator_02" time="0"/>
  <testcase name="testAbaNumberCheck_595_good" classname="com.cardatechnologies.utils.validators.abaroutevalidator.Test_AbaRouteValidator_02" time="0"/>
  <testcase name="testAbaNumberCheck_308_bad" classname="com.cardatechnologies.utils.validators.abaroutevalidator.Test_AbaRouteValidator_02" time="0.001"/>
  <testcase name="testAbaNumberCheck_469_good" classname="com.cardatechnologies.utils.validators.abaroutevalidator.Test_AbaRouteValidator_02" time="0"/>
  <testcase name="testAbaNumberCheck_965_good" classname="com.cardatechnologies.utils.validators.abaroutevalidator.Test_AbaRouteValidator_02" time="0"/>
  <testcase name="testAbaNumberCheck_839_good" classname="com.cardatechnologies.utils.validators.abaroutevalidator.Test_AbaRouteValidator_02" time="0"/>
  <testcase name="testAbaNumberCheck_310_bad" classname="com.cardatechnologies.utils.validators.abaroutevalidator.Test_AbaRouteValidator_02" time="0"/>
  <testcase name="testAbaNumberCheck_312_bad" classname="com.cardatechnologies.utils.validators.abaroutevalidator.Test_AbaRouteValidator_02" time="0"/>
  <testcase name="testAbaNumberCheck_677_good" classname="com.cardatechnologies.utils.validators.abaroutevalidator.Test_AbaRouteValidator_02" time="0"/>
  <testcase name="testAbaNumberCheck_314_bad" classname="com.cardatechnologies.utils.validators.abaroutevalidator.Test_AbaRouteValidator_02" time="0"/>
  <testcase name="testAbaNumberCheck_316_bad" classname="com.cardatechnologies.utils.validators.abaroutevalidator.Test_AbaRouteValidator_02" time="0"/>
  <testcase name="testAbaNumberCheck_318_bad" classname="com.cardatechnologies.utils.validators.abaroutevalidator.Test_AbaRouteValidator_02" time="0"/>
  <testcase name="testAbaNumberCheck_389_good" classname="com.cardatechnologies.utils.validators.abaroutevalidator.Test_AbaRouteValidator_02" time="0.001"/>
  <testcase name="testAbaNumberCheck_885_good" classname="com.cardatechnologies.utils.validators.abaroutevalidator.Test_AbaRouteValidator_02" time="0"/>
  <testcase name="testAbaNumberCheck_759_good" classname="com.cardatechnologies.utils.validators.abaroutevalidator.Test_AbaRouteValidator_02" time="0"/>
  <testcase name="testAbaNumberCheck_320_bad" classname="com.cardatechnologies.utils.validators.abaroutevalidator.Test_AbaRouteValidator_02" time="0"/>
  <testcase name="testAbaNumberCheck_322_bad" classname="com.cardatechnologies.utils.validators.abaroutevalidator.Test_AbaRouteValidator_02" time="0"/>
  <testcase name="testAbaNumberCheck_324_bad" classname="com.cardatechnologies.utils.validators.abaroutevalidator.Test_AbaRouteValidator_02" time="0"/>
  <testcase name="testAbaNumberCheck_326_bad" classname="com.cardatechnologies.utils.validators.abaroutevalidator.Test_AbaRouteValidator_02" time="0"/>
  <testcase name="testAbaNumberCheck_597_good" classname="com.cardatechnologies.utils.validators.abaroutevalidator.Test_AbaRouteValidator_02" time="0"/>
  <testcase name="testAbaNumberCheck_328_bad" classname="com.cardatechnologies.utils.validators.abaroutevalidator.Test_AbaRouteValidator_02" time="0"/>
  <testcase name="testAbaNumberCheck_2101_good" classname="com.cardatechnologies.utils.validators.abaroutevalidator.Test_AbaRouteValidator_02" time="0"/>
  <testcase name="testAbaNumberCheck_31_good" classname="com.cardatechnologies.utils.validators.abaroutevalidator.Test_AbaRouteValidator_02" time="0"/>
  <testcase name="testAbaNumberCheck_967_good" classname="com.cardatechnologies.utils.validators.abaroutevalidator.Test_AbaRouteValidator_02" time="0.001"/>
  <testcase name="testAbaNumberCheck_330_bad" classname="com.cardatechnologies.utils.validators.abaroutevalidator.Test_AbaRouteValidator_02" time="0"/>
  <testcase name="testAbaNumberCheck_332_bad" classname="com.cardatechnologies.utils.validators.abaroutevalidator.Test_AbaRouteValidator_02" time="0"/>
  <testcase name="testAbaNumberCheck_679_good" classname="com.cardatechnologies.utils.validators.abaroutevalidator.Test_AbaRouteValidator_02" time="0"/>
  <testcase name="testAbaNumberCheck_334_bad" classname="com.cardatechnologies.utils.validators.abaroutevalidator.Test_AbaRouteValidator_02" time="0"/>
  <testcase name="testAbaNumberCheck_336_bad" classname="com.cardatechnologies.utils.validators.abaroutevalidator.Test_AbaRouteValidator_02" time="0"/>
  <testcase name="testAbaNumberCheck_338_bad" classname="com.cardatechnologies.utils.validators.abaroutevalidator.Test_AbaRouteValidator_02" time="0"/>
  <testcase name="testAbaNumberCheck_2021_good" classname="com.cardatechnologies.utils.validators.abaroutevalidator.Test_AbaRouteValidator_02" time="0"/>
  <testcase name="testAbaNumberCheck_887_good" classname="com.cardatechnologies.utils.validators.abaroutevalidator.Test_AbaRouteValidator_02" time="0"/>
  <testcase name="testAbaNumberCheck_340_bad" classname="com.cardatechnologies.utils.validators.abaroutevalidator.Test_AbaRouteValidator_02" time="0"/>
  <testcase name="testAbaNumberCheck_342_bad" classname="com.cardatechnologies.utils.validators.abaroutevalidator.Test_AbaRouteValidator_02" time="0"/>
  <testcase name="testAbaNumberCheck_344_bad" classname="com.cardatechnologies.utils.validators.abaroutevalidator.Test_AbaRouteValidator_02" time="0"/>
  <testcase name="testAbaNumberCheck_346_bad" classname="com.cardatechnologies.utils.validators.abaroutevalidator.Test_AbaRouteValidator_02" time="0"/>
  <testcase name="testAbaNumberCheck_599_good" classname="com.cardatechnologies.utils.validators.abaroutevalidator.Test_AbaRouteValidator_02" time="0"/>
  <testcase name="testAbaNumberCheck_348_bad" classname="com.cardatechnologies.utils.validators.abaroutevalidator.Test_AbaRouteValidator_02" time="0.001"/>
  <testcase name="testAbaNumberCheck_2103_good" classname="com.cardatechnologies.utils.validators.abaroutevalidator.Test_AbaRouteValidator_02" time="0"/>
  <testcase name="testAbaNumberCheck_33_good" classname="com.cardatechnologies.utils.validators.abaroutevalidator.Test_AbaRouteValidator_02" time="0"/>
  <testcase name="testAbaNumberCheck_969_good" classname="com.cardatechnologies.utils.validators.abaroutevalidator.Test_AbaRouteValidator_02" time="0"/>
  <testcase name="testAbaNumberCheck_1001_good" classname="com.cardatechnologies.utils.validators.abaroutevalidator.Test_AbaRouteValidator_02" time="0"/>
  <testcase name="testAbaNumberCheck_800_bad" classname="com.cardatechnologies.utils.validators.abaroutevalidator.Test_AbaRouteValidator_02" time="0"/>
  <testcase name="testAbaNumberCheck_350_bad" classname="com.cardatechnologies.utils.validators.abaroutevalidator.Test_AbaRouteValidator_02" time="0"/>
  <testcase name="testAbaNumberCheck_802_bad" classname="com.cardatechnologies.utils.validators.abaroutevalidator.Test_AbaRouteValidator_02" time="0"/>
  <testcase name="testAbaNumberCheck_352_bad" classname="com.cardatechnologies.utils.validators.abaroutevalidator.Test_AbaRouteValidator_02" time="0"/>
  <testcase name="testAbaNumberCheck_804_bad" classname="com.cardatechnologies.utils.validators.abaroutevalidator.Test_AbaRouteValidator_02" time="0.001"/>
  <testcase name="testAbaNumberCheck_354_bad" classname="com.cardatechnologies.utils.validators.abaroutevalidator.Test_AbaRouteValidator_02" time="0"/>
  <testcase name="testAbaNumberCheck_2311_good" classname="com.cardatechnologies.utils.validators.abaroutevalidator.Test_AbaRouteValidator_02" time="0"/>
  <testcase name="testAbaNumberCheck_806_bad" classname="com.cardatechnologies.utils.validators.abaroutevalidator.Test_AbaRouteValidator_02" time="0"/>
  <testcase name="testAbaNumberCheck_356_bad" classname="com.cardatechnologies.utils.validators.abaroutevalidator.Test_AbaRouteValidator_02" time="0"/>
  <testcase name="testAbaNumberCheck_808_bad" classname="com.cardatechnologies.utils.validators.abaroutevalidator.Test_AbaRouteValidator_02" time="0"/>
  <testcase name="testAbaNumberCheck_358_bad" classname="com.cardatechnologies.utils.validators.abaroutevalidator.Test_AbaRouteValidator_02" time="0"/>
  <testcase name="testAbaNumberCheck_2023_good" classname="com.cardatechnologies.utils.validators.abaroutevalidator.Test_AbaRouteValidator_02" time="0"/>
  <testcase name="testAbaNumberCheck_889_good" classname="com.cardatechnologies.utils.validators.abaroutevalidator.Test_AbaRouteValidator_02" time="0"/>
  <testcase name="testAbaNumberCheck_810_bad" classname="com.cardatechnologies.utils.validators.abaroutevalidator.Test_AbaRouteValidator_02" time="0"/>
  <testcase name="testAbaNumberCheck_360_bad" classname="com.cardatechnologies.utils.validators.abaroutevalidator.Test_AbaRouteValidator_02" time="0.001"/>
  <testcase name="testAbaNumberCheck_812_bad" classname="com.cardatechnologies.utils.validators.abaroutevalidator.Test_AbaRouteValidator_02" time="0"/>
  <testcase name="testAbaNumberCheck_362_bad" classname="com.cardatechnologies.utils.validators.abaroutevalidator.Test_AbaRouteValidator_02" time="0"/>
  <testcase name="testAbaNumberCheck_814_bad" classname="com.cardatechnologies.utils.validators.abaroutevalidator.Test_AbaRouteValidator_02" time="0"/>
  <testcase name="testAbaNumberCheck_364_bad" classname="com.cardatechnologies.utils.validators.abaroutevalidator.Test_AbaRouteValidator_02" time="0"/>
  <testcase name="testAbaNumberCheck_816_bad" classname="com.cardatechnologies.utils.validators.abaroutevalidator.Test_AbaRouteValidator_02" time="0"/>
  <testcase name="testAbaNumberCheck_366_bad" classname="com.cardatechnologies.utils.validators.abaroutevalidator.Test_AbaRouteValidator_02" time="0"/>
  <testcase name="testAbaNumberCheck_818_bad" classname="com.cardatechnologies.utils.validators.abaroutevalidator.Test_AbaRouteValidator_02" time="0"/>
  <testcase name="testAbaNumberCheck_368_bad" classname="com.cardatechnologies.utils.validators.abaroutevalidator.Test_AbaRouteValidator_02" time="0"/>
  <testcase name="testAbaNumberCheck_2231_good" classname="com.cardatechnologies.utils.validators.abaroutevalidator.Test_AbaRouteValidator_02" time="0"/>
  <testcase name="testAbaNumberCheck_2105_good" classname="com.cardatechnologies.utils.validators.abaroutevalidator.Test_AbaRouteValidator_02" time="0"/>
  <testcase name="testAbaNumberCheck_35_good" classname="com.cardatechnologies.utils.validators.abaroutevalidator.Test_AbaRouteValidator_02" time="0"/>
  <testcase name="testAbaNumberCheck_1003_good" classname="com.cardatechnologies.utils.validators.abaroutevalidator.Test_AbaRouteValidator_02" time="0"/>
  <testcase name="testAbaNumberCheck_820_bad" classname="com.cardatechnologies.utils.validators.abaroutevalidator.Test_AbaRouteValidator_02" time="0"/>
  <testcase name="testAbaNumberCheck_370_bad" classname="com.cardatechnologies.utils.validators.abaroutevalidator.Test_AbaRouteValidator_02" time="0"/>
  <testcase name="testAbaNumberCheck_822_bad" classname="com.cardatechnologies.utils.validators.abaroutevalidator.Test_AbaRouteValidator_02" time="0"/>
  <testcase name="testAbaNumberCheck_372_bad" classname="com.cardatechnologies.utils.validators.abaroutevalidator.Test_AbaRouteValidator_02" time="0"/>
  <testcase name="testAbaNumberCheck_824_bad" classname="com.cardatechnologies.utils.validators.abaroutevalidator.Test_AbaRouteValidator_02" time="0.001"/>
  <testcase name="testAbaNumberCheck_374_bad" classname="com.cardatechnologies.utils.validators.abaroutevalidator.Test_AbaRouteValidator_02" time="0"/>
  <testcase name="testAbaNumberCheck_2313_good" classname="com.cardatechnologies.utils.validators.abaroutevalidator.Test_AbaRouteValidator_02" time="0"/>
  <testcase name="testAbaNumberCheck_826_bad" classname="com.cardatechnologies.utils.validators.abaroutevalidator.Test_AbaRouteValidator_02" time="0"/>
  <testcase name="testAbaNumberCheck_376_bad" classname="com.cardatechnologies.utils.validators.abaroutevalidator.Test_AbaRouteValidator_02" time="0"/>
  <testcase name="testAbaNumberCheck_828_bad" classname="com.cardatechnologies.utils.validators.abaroutevalidator.Test_AbaRouteValidator_02" time="0"/>
  <testcase name="testAbaNumberCheck_378_bad" classname="com.cardatechnologies.utils.validators.abaroutevalidator.Test_AbaRouteValidator_02" time="0"/>
  <testcase name="testAbaNumberCheck_2151_good" classname="com.cardatechnologies.utils.validators.abaroutevalidator.Test_AbaRouteValidator_02" time="0"/>
  <testcase name="testAbaNumberCheck_1211_good" classname="com.cardatechnologies.utils.validators.abaroutevalidator.Test_AbaRouteValidator_02" time="0"/>
  <testcase name="testAbaNumberCheck_81_good" classname="com.cardatechnologies.utils.validators.abaroutevalidator.Test_AbaRouteValidator_02" time="0"/>
  <testcase name="testAbaNumberCheck_2025_good" classname="com.cardatechnologies.utils.validators.abaroutevalidator.Test_AbaRouteValidator_02" time="0.001"/>
  <testcase name="testAbaNumberCheck_830_bad" classname="com.cardatechnologies.utils.validators.abaroutevalidator.Test_AbaRouteValidator_02" time="0"/>
  <testcase name="testAbaNumberCheck_380_bad" classname="com.cardatechnologies.utils.validators.abaroutevalidator.Test_AbaRouteValidator_02" time="0"/>
  <testcase name="testAbaNumberCheck_832_bad" classname="com.cardatechnologies.utils.validators.abaroutevalidator.Test_AbaRouteValidator_02" time="0"/>
  <testcase name="testAbaNumberCheck_382_bad" classname="com.cardatechnologies.utils.validators.abaroutevalidator.Test_AbaRouteValidator_02" time="0"/>
  <testcase name="testAbaNumberCheck_834_bad" classname="com.cardatechnologies.utils.validators.abaroutevalidator.Test_AbaRouteValidator_02" time="0"/>
  <testcase name="testAbaNumberCheck_384_bad" classname="com.cardatechnologies.utils.validators.abaroutevalidator.Test_AbaRouteValidator_02" time="0.001"/>
  <testcase name="testAbaNumberCheck_836_bad" classname="com.cardatechnologies.utils.validators.abaroutevalidator.Test_AbaRouteValidator_02" time="0"/>
  <testcase name="testAbaNumberCheck_386_bad" classname="com.cardatechnologies.utils.validators.abaroutevalidator.Test_AbaRouteValidator_02" time="0"/>
  <testcase name="testAbaNumberCheck_838_bad" classname="com.cardatechnologies.utils.validators.abaroutevalidator.Test_AbaRouteValidator_02" time="0"/>
  <testcase name="testAbaNumberCheck_388_bad" classname="com.cardatechnologies.utils.validators.abaroutevalidator.Test_AbaRouteValidator_02" time="0"/>
  <testcase name="testAbaNumberCheck_2233_good" classname="com.cardatechnologies.utils.validators.abaroutevalidator.Test_AbaRouteValidator_02" time="0"/>
  <testcase name="testAbaNumberCheck_2107_good" classname="com.cardatechnologies.utils.validators.abaroutevalidator.Test_AbaRouteValidator_02" time="0"/>
  <testcase name="testAbaNumberCheck_37_good" classname="com.cardatechnologies.utils.validators.abaroutevalidator.Test_AbaRouteValidator_02" time="0"/>
  <testcase name="testAbaNumberCheck_2071_good" classname="com.cardatechnologies.utils.validators.abaroutevalidator.Test_AbaRouteValidator_02" time="0"/>
  <testcase name="testAbaNumberCheck_1131_good" classname="com.cardatechnologies.utils.validators.abaroutevalidator.Test_AbaRouteValidator_02" time="0"/>
  <testcase name="testAbaNumberCheck_1005_good" classname="com.cardatechnologies.utils.validators.abaroutevalidator.Test_AbaRouteValidator_02" time="0"/>
  <testcase name="testAbaNumberCheck_840_bad" classname="com.cardatechnologies.utils.validators.abaroutevalidator.Test_AbaRouteValidator_02" time="0"/>
  <testcase name="testAbaNumberCheck_390_bad" classname="com.cardatechnologies.utils.validators.abaroutevalidator.Test_AbaRouteValidator_02" time="0"/>
  <testcase name="testAbaNumberCheck_2441_good" classname="com.cardatechnologies.utils.validators.abaroutevalidator.Test_AbaRouteValidator_02" time="0"/>
  <testcase name="testAbaNumberCheck_1501_good" classname="com.cardatechnologies.utils.validators.abaroutevalidator.Test_AbaRouteValidator_02" time="0"/>
  <testcase name="testAbaNumberCheck_842_bad" classname="com.cardatechnologies.utils.validators.abaroutevalidator.Test_AbaRouteValidator_02" time="0"/>
  <testcase name="testAbaNumberCheck_392_bad" classname="com.cardatechnologies.utils.validators.abaroutevalidator.Test_AbaRouteValidator_02" time="0"/>
  <testcase name="testAbaNumberCheck_844_bad" classname="com.cardatechnologies.utils.validators.abaroutevalidator.Test_AbaRouteValidator_02" time="0"/>
  <testcase name="testAbaNumberCheck_394_bad" classname="com.cardatechnologies.utils.validators.abaroutevalidator.Test_AbaRouteValidator_02" time="0"/>
  <testcase name="testAbaNumberCheck_2315_good" classname="com.cardatechnologies.utils.validators.abaroutevalidator.Test_AbaRouteValidator_02" time="0"/>
  <testcase name="testAbaNumberCheck_846_bad" classname="com.cardatechnologies.utils.validators.abaroutevalidator.Test_AbaRouteValidator_02" time="0"/>
  <testcase name="testAbaNumberCheck_396_bad" classname="com.cardatechnologies.utils.validators.abaroutevalidator.Test_AbaRouteValidator_02" time="0"/>
  <testcase name="testAbaNumberCheck_848_bad" classname="com.cardatechnologies.utils.validators.abaroutevalidator.Test_AbaRouteValidator_02" time="0"/>
  <testcase name="testAbaNumberCheck_398_bad" classname="com.cardatechnologies.utils.validators.abaroutevalidator.Test_AbaRouteValidator_02" time="0"/>
  <testcase name="testAbaNumberCheck_2153_good" classname="com.cardatechnologies.utils.validators.abaroutevalidator.Test_AbaRouteValidator_02" time="0"/>
  <testcase name="testAbaNumberCheck_1213_good" classname="com.cardatechnologies.utils.validators.abaroutevalidator.Test_AbaRouteValidator_02" time="0"/>
  <testcase name="testAbaNumberCheck_83_good" classname="com.cardatechnologies.utils.validators.abaroutevalidator.Test_AbaRouteValidator_02" time="0.001"/>
  <testcase name="testAbaNumberCheck_2027_good" classname="com.cardatechnologies.utils.validators.abaroutevalidator.Test_AbaRouteValidator_02" time="0"/>
  <testcase name="testAbaNumberCheck_1051_good" classname="com.cardatechnologies.utils.validators.abaroutevalidator.Test_AbaRouteValidator_02" time="0"/>
  <testcase name="testAbaNumberCheck_850_bad" classname="com.cardatechnologies.utils.validators.abaroutevalidator.Test_AbaRouteValidator_02" time="0"/>
  <testcase name="testAbaNumberCheck_852_bad" classname="com.cardatechnologies.utils.validators.abaroutevalidator.Test_AbaRouteValidator_02" time="0"/>
  <testcase name="testAbaNumberCheck_854_bad" classname="com.cardatechnologies.utils.validators.abaroutevalidator.Test_AbaRouteValidator_02" time="0"/>
  <testcase name="testAbaNumberCheck_2361_good" classname="com.cardatechnologies.utils.validators.abaroutevalidator.Test_AbaRouteValidator_02" time="0"/>
  <testcase name="testAbaNumberCheck_1421_good" classname="com.cardatechnologies.utils.validators.abaroutevalidator.Test_AbaRouteValidator_02" time="0"/>
  <testcase name="testAbaNumberCheck_856_bad" classname="com.cardatechnologies.utils.validators.abaroutevalidator.Test_AbaRouteValidator_02" time="0"/>
  <testcase name="testAbaNumberCheck_858_bad" classname="com.cardatechnologies.utils.validators.abaroutevalidator.Test_AbaRouteValidator_02" time="0"/>
  <testcase name="testAbaNumberCheck_2235_good" classname="com.cardatechnologies.utils.validators.abaroutevalidator.Test_AbaRouteValidator_02" time="0"/>
  <testcase name="testAbaNumberCheck_2109_good" classname="com.cardatechnologies.utils.validators.abaroutevalidator.Test_AbaRouteValidator_02" time="0"/>
  <testcase name="testAbaNumberCheck_39_good" classname="com.cardatechnologies.utils.validators.abaroutevalidator.Test_AbaRouteValidator_02" time="0"/>
  <testcase name="testAbaNumberCheck_2073_good" classname="com.cardatechnologies.utils.validators.abaroutevalidator.Test_AbaRouteValidator_02" time="0"/>
  <testcase name="testAbaNumberCheck_1133_good" classname="com.cardatechnologies.utils.validators.abaroutevalidator.Test_AbaRouteValidator_02" time="0"/>
  <testcase name="testAbaNumberCheck_1007_good" classname="com.cardatechnologies.utils.validators.abaroutevalidator.Test_AbaRouteValidator_02" time="0.001"/>
  <testcase name="testAbaNumberCheck_860_bad" classname="com.cardatechnologies.utils.validators.abaroutevalidator.Test_AbaRouteValidator_02" time="0"/>
  <testcase name="testAbaNumberCheck_2443_good" classname="com.cardatechnologies.utils.validators.abaroutevalidator.Test_AbaRouteValidator_02" time="0"/>
  <testcase name="testAbaNumberCheck_1503_good" classname="com.cardatechnologies.utils.validators.abaroutevalidator.Test_AbaRouteValidator_02" time="0"/>
  <testcase name="testAbaNumberCheck_862_bad" classname="com.cardatechnologies.utils.validators.abaroutevalidator.Test_AbaRouteValidator_02" time="0"/>
  <testcase name="testAbaNumberCheck_864_bad" classname="com.cardatechnologies.utils.validators.abaroutevalidator.Test_AbaRouteValidator_02" time="0"/>
  <testcase name="testAbaNumberCheck_2317_good" classname="com.cardatechnologies.utils.validators.abaroutevalidator.Test_AbaRouteValidator_02" time="0"/>
  <testcase name="testAbaNumberCheck_866_bad" classname="com.cardatechnologies.utils.validators.abaroutevalidator.Test_AbaRouteValidator_02" time="0"/>
  <testcase name="testAbaNumberCheck_868_bad" classname="com.cardatechnologies.utils.validators.abaroutevalidator.Test_AbaRouteValidator_02" time="0"/>
  <testcase name="testAbaNumberCheck_2281_good" classname="com.cardatechnologies.utils.validators.abaroutevalidator.Test_AbaRouteValidator_02" time="0"/>
  <testcase name="testAbaNumberCheck_1341_good" classname="com.cardatechnologies.utils.validators.abaroutevalidator.Test_AbaRouteValidator_02" time="0"/>
  <testcase name="testAbaNumberCheck_2155_good" classname="com.cardatechnologies.utils.validators.abaroutevalidator.Test_AbaRouteValidator_02" time="0"/>
  <testcase name="testAbaNumberCheck_1215_good" classname="com.cardatechnologies.utils.validators.abaroutevalidator.Test_AbaRouteValidator_02" time="0"/>
  <testcase name="testAbaNumberCheck_85_good" classname="com.cardatechnologies.utils.validators.abaroutevalidator.Test_AbaRouteValidator_02" time="0"/>
  <testcase name="testAbaNumberCheck_2029_good" classname="com.cardatechnologies.utils.validators.abaroutevalidator.Test_AbaRouteValidator_02" time="0"/>
  <testcase name="testAbaNumberCheck_1053_good" classname="com.cardatechnologies.utils.validators.abaroutevalidator.Test_AbaRouteValidator_02" time="0"/>
  <testcase name="testAbaNumberCheck_1711_good" classname="com.cardatechnologies.utils.validators.abaroutevalidator.Test_AbaRouteValidator_02" time="0"/>
  <testcase name="testAbaNumberCheck_870_bad" classname="com.cardatechnologies.utils.validators.abaroutevalidator.Test_AbaRouteValidator_02" time="0"/>
  <testcase name="testAbaNumberCheck_872_bad" classname="com.cardatechnologies.utils.validators.abaroutevalidator.Test_AbaRouteValidator_02" time="0"/>
  <testcase name="testAbaNumberCheck_874_bad" classname="com.cardatechnologies.utils.validators.abaroutevalidator.Test_AbaRouteValidator_02" time="0"/>
  <testcase name="testAbaNumberCheck_2363_good" classname="com.cardatechnologies.utils.validators.abaroutevalidator.Test_AbaRouteValidator_02" time="0"/>
  <testcase name="testAbaNumberCheck_1423_good" classname="com.cardatechnologies.utils.validators.abaroutevalidator.Test_AbaRouteValidator_02" time="0"/>
  <testcase name="testAbaNumberCheck_876_bad" classname="com.cardatechnologies.utils.validators.abaroutevalidator.Test_AbaRouteValidator_02" time="0"/>
  <testcase name="testAbaNumberCheck_878_bad" classname="com.cardatechnologies.utils.validators.abaroutevalidator.Test_AbaRouteValidator_02" time="0"/>
  <testcase name="testAbaNumberCheck_2237_good" classname="com.cardatechnologies.utils.validators.abaroutevalidator.Test_AbaRouteValidator_02" time="0"/>
  <testcase name="testAbaNumberCheck_1261_good" classname="com.cardatechnologies.utils.validators.abaroutevalidator.Test_AbaRouteValidator_02" time="0"/>
  <testcase name="testAbaNumberCheck_2075_good" classname="com.cardatechnologies.utils.validators.abaroutevalidator.Test_AbaRouteValidator_02" time="0.001"/>
  <testcase name="testAbaNumberCheck_1135_good" classname="com.cardatechnologies.utils.validators.abaroutevalidator.Test_AbaRouteValidator_02" time="0"/>
  <testcase name="testAbaNumberCheck_1009_good" classname="com.cardatechnologies.utils.validators.abaroutevalidator.Test_AbaRouteValidator_02" time="0"/>
  <testcase name="testAbaNumberCheck_1631_good" classname="com.cardatechnologies.utils.validators.abaroutevalidator.Test_AbaRouteValidator_02" time="0"/>
  <testcase name="testAbaNumberCheck_880_bad" classname="com.cardatechnologies.utils.validators.abaroutevalidator.Test_AbaRouteValidator_02" time="0"/>
  <testcase name="testAbaNumberCheck_2445_good" classname="com.cardatechnologies.utils.validators.abaroutevalidator.Test_AbaRouteValidator_02" time="0"/>
  <testcase name="testAbaNumberCheck_1505_good" classname="com.cardatechnologies.utils.validators.abaroutevalidator.Test_AbaRouteValidator_02" time="0"/>
  <testcase name="testAbaNumberCheck_882_bad" classname="com.cardatechnologies.utils.validators.abaroutevalidator.Test_AbaRouteValidator_02" time="0"/>
  <testcase name="testAbaNumberCheck_884_bad" classname="com.cardatechnologies.utils.validators.abaroutevalidator.Test_AbaRouteValidator_02" time="0"/>
  <testcase name="testAbaNumberCheck_2100_bad" classname="com.cardatechnologies.utils.validators.abaroutevalidator.Test_AbaRouteValidator_02" time="0"/>
  <testcase name="testAbaNumberCheck_2319_good" classname="com.cardatechnologies.utils.validators.abaroutevalidator.Test_AbaRouteValidator_02" time="0"/>
  <testcase name="testAbaNumberCheck_886_bad" classname="com.cardatechnologies.utils.validators.abaroutevalidator.Test_AbaRouteValidator_02" time="0"/>
  <testcase name="testAbaNumberCheck_2102_bad" classname="com.cardatechnologies.utils.validators.abaroutevalidator.Test_AbaRouteValidator_02" time="0"/>
  <testcase name="testAbaNumberCheck_888_bad" classname="com.cardatechnologies.utils.validators.abaroutevalidator.Test_AbaRouteValidator_02" time="0"/>
  <testcase name="testAbaNumberCheck_2104_bad" classname="com.cardatechnologies.utils.validators.abaroutevalidator.Test_AbaRouteValidator_02" time="0"/>
  <testcase name="testAbaNumberCheck_2283_good" classname="com.cardatechnologies.utils.validators.abaroutevalidator.Test_AbaRouteValidator_02" time="0"/>
  <testcase name="testAbaNumberCheck_1343_good" classname="com.cardatechnologies.utils.validators.abaroutevalidator.Test_AbaRouteValidator_02" time="0"/>
  <testcase name="testAbaNumberCheck_2106_bad" classname="com.cardatechnologies.utils.validators.abaroutevalidator.Test_AbaRouteValidator_02" time="0"/>
  <testcase name="testAbaNumberCheck_2108_bad" classname="com.cardatechnologies.utils.validators.abaroutevalidator.Test_AbaRouteValidator_02" time="0"/>
  <testcase name="testAbaNumberCheck_2157_good" classname="com.cardatechnologies.utils.validators.abaroutevalidator.Test_AbaRouteValidator_02" time="0"/>
  <testcase name="testAbaNumberCheck_1217_good" classname="com.cardatechnologies.utils.validators.abaroutevalidator.Test_AbaRouteValidator_02" time="0"/>
  <testcase name="testAbaNumberCheck_87_good" classname="com.cardatechnologies.utils.validators.abaroutevalidator.Test_AbaRouteValidator_02" time="0"/>
  <testcase name="testAbaNumberCheck_1181_good" classname="com.cardatechnologies.utils.validators.abaroutevalidator.Test_AbaRouteValidator_02" time="0"/>
  <testcase name="testAbaNumberCheck_1055_good" classname="com.cardatechnologies.utils.validators.abaroutevalidator.Test_AbaRouteValidator_02" time="0"/>
  <testcase name="testAbaNumberCheck_1713_good" classname="com.cardatechnologies.utils.validators.abaroutevalidator.Test_AbaRouteValidator_02" time="0"/>
  <testcase name="testAbaNumberCheck_890_bad" classname="com.cardatechnologies.utils.validators.abaroutevalidator.Test_AbaRouteValidator_02" time="0"/>
  <testcase name="testAbaNumberCheck_2491_good" classname="com.cardatechnologies.utils.validators.abaroutevalidator.Test_AbaRouteValidator_02" time="0"/>
  <testcase name="testAbaNumberCheck_1551_good" classname="com.cardatechnologies.utils.validators.abaroutevalidator.Test_AbaRouteValidator_02" time="0"/>
  <testcase name="testAbaNumberCheck_892_bad" classname="com.cardatechnologies.utils.validators.abaroutevalidator.Test_AbaRouteValidator_02" time="0"/>
  <testcase name="testAbaNumberCheck_894_bad" classname="com.cardatechnologies.utils.validators.abaroutevalidator.Test_AbaRouteValidator_02" time="0"/>
  <testcase name="testAbaNumberCheck_2110_bad" classname="com.cardatechnologies.utils.validators.abaroutevalidator.Test_AbaRouteValidator_02" time="0"/>
  <testcase name="testAbaNumberCheck_2365_good" classname="com.cardatechnologies.utils.validators.abaroutevalidator.Test_AbaRouteValidator_02" time="0"/>
  <testcase name="testAbaNumberCheck_1425_good" classname="com.cardatechnologies.utils.validators.abaroutevalidator.Test_AbaRouteValidator_02" time="0"/>
  <testcase name="testAbaNumberCheck_896_bad" classname="com.cardatechnologies.utils.validators.abaroutevalidator.Test_AbaRouteValidator_02" time="0"/>
  <testcase name="testAbaNumberCheck_2112_bad" classname="com.cardatechnologies.utils.validators.abaroutevalidator.Test_AbaRouteValidator_02" time="0"/>
  <testcase name="testAbaNumberCheck_898_bad" classname="com.cardatechnologies.utils.validators.abaroutevalidator.Test_AbaRouteValidator_02" time="0"/>
  <testcase name="testAbaNumberCheck_1300_bad" classname="com.cardatechnologies.utils.validators.abaroutevalidator.Test_AbaRouteValidator_02" time="0"/>
  <testcase name="testAbaNumberCheck_2114_bad" classname="com.cardatechnologies.utils.validators.abaroutevalidator.Test_AbaRouteValidator_02" time="0"/>
  <testcase name="testAbaNumberCheck_2239_good" classname="com.cardatechnologies.utils.validators.abaroutevalidator.Test_AbaRouteValidator_02" time="0"/>
  <testcase name="testAbaNumberCheck_1302_bad" classname="com.cardatechnologies.utils.validators.abaroutevalidator.Test_AbaRouteValidator_02" time="0"/>
  <testcase name="testAbaNumberCheck_2116_bad" classname="com.cardatechnologies.utils.validators.abaroutevalidator.Test_AbaRouteValidator_02" time="0"/>
  <testcase name="testAbaNumberCheck_1304_bad" classname="com.cardatechnologies.utils.validators.abaroutevalidator.Test_AbaRouteValidator_02" time="0"/>
  <testcase name="testAbaNumberCheck_2118_bad" classname="com.cardatechnologies.utils.validators.abaroutevalidator.Test_AbaRouteValidator_02" time="0"/>
  <testcase name="testAbaNumberCheck_1263_good" classname="com.cardatechnologies.utils.validators.abaroutevalidator.Test_AbaRouteValidator_02" time="0"/>
  <testcase name="testAbaNumberCheck_1306_bad" classname="com.cardatechnologies.utils.validators.abaroutevalidator.Test_AbaRouteValidator_02" time="0"/>
  <testcase name="testAbaNumberCheck_1921_good" classname="com.cardatechnologies.utils.validators.abaroutevalidator.Test_AbaRouteValidator_02" time="0"/>
  <testcase name="testAbaNumberCheck_1308_bad" classname="com.cardatechnologies.utils.validators.abaroutevalidator.Test_AbaRouteValidator_02" time="0"/>
  <testcase name="testAbaNumberCheck_2077_good" classname="com.cardatechnologies.utils.validators.abaroutevalidator.Test_AbaRouteValidator_02" time="0"/>
  <testcase name="testAbaNumberCheck_1137_good" classname="com.cardatechnologies.utils.validators.abaroutevalidator.Test_AbaRouteValidator_02" time="0"/>
  <testcase name="testAbaNumberCheck_1633_good" classname="com.cardatechnologies.utils.validators.abaroutevalidator.Test_AbaRouteValidator_02" time="0.001"/>
  <testcase name="testAbaNumberCheck_2447_good" classname="com.cardatechnologies.utils.validators.abaroutevalidator.Test_AbaRouteValidator_02" time="0"/>
  <testcase name="testAbaNumberCheck_1507_good" classname="com.cardatechnologies.utils.validators.abaroutevalidator.Test_AbaRouteValidator_02" time="0"/>
  <testcase name="testAbaNumberCheck_2120_bad" classname="com.cardatechnologies.utils.validators.abaroutevalidator.Test_AbaRouteValidator_02" time="0"/>
  <testcase name="testAbaNumberCheck_1471_good" classname="com.cardatechnologies.utils.validators.abaroutevalidator.Test_AbaRouteValidator_02" time="0"/>
  <testcase name="testAbaNumberCheck_2122_bad" classname="com.cardatechnologies.utils.validators.abaroutevalidator.Test_AbaRouteValidator_02" time="0"/>
  <testcase name="testAbaNumberCheck_1310_bad" classname="com.cardatechnologies.utils.validators.abaroutevalidator.Test_AbaRouteValidator_02" time="0"/>
  <testcase name="testAbaNumberCheck_2124_bad" classname="com.cardatechnologies.utils.validators.abaroutevalidator.Test_AbaRouteValidator_02" time="0"/>
  <testcase name="testAbaNumberCheck_2285_good" classname="com.cardatechnologies.utils.validators.abaroutevalidator.Test_AbaRouteValidator_02" time="0"/>
  <testcase name="testAbaNumberCheck_1345_good" classname="com.cardatechnologies.utils.validators.abaroutevalidator.Test_AbaRouteValidator_02" time="0"/>
  <testcase name="testAbaNumberCheck_1312_bad" classname="com.cardatechnologies.utils.validators.abaroutevalidator.Test_AbaRouteValidator_02" time="0"/>
  <testcase name="testAbaNumberCheck_2126_bad" classname="com.cardatechnologies.utils.validators.abaroutevalidator.Test_AbaRouteValidator_02" time="0"/>
  <testcase name="testAbaNumberCheck_1314_bad" classname="com.cardatechnologies.utils.validators.abaroutevalidator.Test_AbaRouteValidator_02" time="0"/>
  <testcase name="testAbaNumberCheck_2128_bad" classname="com.cardatechnologies.utils.validators.abaroutevalidator.Test_AbaRouteValidator_02" time="0"/>
  <testcase name="testAbaNumberCheck_2159_good" classname="com.cardatechnologies.utils.validators.abaroutevalidator.Test_AbaRouteValidator_02" time="0"/>
  <testcase name="testAbaNumberCheck_1219_good" classname="com.cardatechnologies.utils.validators.abaroutevalidator.Test_AbaRouteValidator_02" time="0"/>
  <testcase name="testAbaNumberCheck_1316_bad" classname="com.cardatechnologies.utils.validators.abaroutevalidator.Test_AbaRouteValidator_02" time="0"/>
  <testcase name="testAbaNumberCheck_89_good" classname="com.cardatechnologies.utils.validators.abaroutevalidator.Test_AbaRouteValidator_02" time="0"/>
  <testcase name="testAbaNumberCheck_1318_bad" classname="com.cardatechnologies.utils.validators.abaroutevalidator.Test_AbaRouteValidator_02" time="0"/>
  <testcase name="testAbaNumberCheck_1183_good" classname="com.cardatechnologies.utils.validators.abaroutevalidator.Test_AbaRouteValidator_02" time="0"/>
  <testcase name="testAbaNumberCheck_1841_good" classname="com.cardatechnologies.utils.validators.abaroutevalidator.Test_AbaRouteValidator_02" time="0"/>
  <testcase name="testAbaNumberCheck_211_good" classname="com.cardatechnologies.utils.validators.abaroutevalidator.Test_AbaRouteValidator_02" time="0"/>
  <testcase name="testAbaNumberCheck_1057_good" classname="com.cardatechnologies.utils.validators.abaroutevalidator.Test_AbaRouteValidator_02" time="0"/>
  <testcase name="testAbaNumberCheck_1715_good" classname="com.cardatechnologies.utils.validators.abaroutevalidator.Test_AbaRouteValidator_02" time="0"/>
  <testcase name="testAbaNumberCheck_2493_good" classname="com.cardatechnologies.utils.validators.abaroutevalidator.Test_AbaRouteValidator_02" time="0"/>
  <testcase name="testAbaNumberCheck_1553_good" classname="com.cardatechnologies.utils.validators.abaroutevalidator.Test_AbaRouteValidator_02" time="0"/>
  <testcase name="testAbaNumberCheck_2130_bad" classname="com.cardatechnologies.utils.validators.abaroutevalidator.Test_AbaRouteValidator_02" time="0"/>
  <testcase name="testAbaNumberCheck_2367_good" classname="com.cardatechnologies.utils.validators.abaroutevalidator.Test_AbaRouteValidator_02" time="0.001"/>
  <testcase name="testAbaNumberCheck_1427_good" classname="com.cardatechnologies.utils.validators.abaroutevalidator.Test_AbaRouteValidator_02" time="0"/>
  <testcase name="testAbaNumberCheck_2132_bad" classname="com.cardatechnologies.utils.validators.abaroutevalidator.Test_AbaRouteValidator_02" time="0"/>
  <testcase name="testAbaNumberCheck_1320_bad" classname="com.cardatechnologies.utils.validators.abaroutevalidator.Test_AbaRouteValidator_02" time="0"/>
  <testcase name="testAbaNumberCheck_2134_bad" classname="com.cardatechnologies.utils.validators.abaroutevalidator.Test_AbaRouteValidator_02" time="0"/>
  <testcase name="testAbaNumberCheck_1391_good" classname="com.cardatechnologies.utils.validators.abaroutevalidator.Test_AbaRouteValidator_02" time="0"/>
  <testcase name="testAbaNumberCheck_1322_bad" classname="com.cardatechnologies.utils.validators.abaroutevalidator.Test_AbaRouteValidator_02" time="0"/>
  <testcase name="testAbaNumberCheck_2136_bad" classname="com.cardatechnologies.utils.validators.abaroutevalidator.Test_AbaRouteValidator_02" time="0"/>
  <testcase name="testAbaNumberCheck_1324_bad" classname="com.cardatechnologies.utils.validators.abaroutevalidator.Test_AbaRouteValidator_02" time="0"/>
  <testcase name="testAbaNumberCheck_2138_bad" classname="com.cardatechnologies.utils.validators.abaroutevalidator.Test_AbaRouteValidator_02" time="0"/>
  <testcase name="testAbaNumberCheck_1265_good" classname="com.cardatechnologies.utils.validators.abaroutevalidator.Test_AbaRouteValidator_02" time="0"/>
  <testcase name="testAbaNumberCheck_1326_bad" classname="com.cardatechnologies.utils.validators.abaroutevalidator.Test_AbaRouteValidator_02" time="0"/>
  <testcase name="testAbaNumberCheck_1923_good" classname="com.cardatechnologies.utils.validators.abaroutevalidator.Test_AbaRouteValidator_02" time="0"/>
  <testcase name="testAbaNumberCheck_1328_bad" classname="com.cardatechnologies.utils.validators.abaroutevalidator.Test_AbaRouteValidator_02" time="0"/>
  <testcase name="testAbaNumberCheck_2079_good" classname="com.cardatechnologies.utils.validators.abaroutevalidator.Test_AbaRouteValidator_02" time="0"/>
  <testcase name="testAbaNumberCheck_1139_good" classname="com.cardatechnologies.utils.validators.abaroutevalidator.Test_AbaRouteValidator_02" time="0"/>
  <testcase name="testAbaNumberCheck_1761_good" classname="com.cardatechnologies.utils.validators.abaroutevalidator.Test_AbaRouteValidator_02" time="0"/>
  <testcase name="testAbaNumberCheck_131_good" classname="com.cardatechnologies.utils.validators.abaroutevalidator.Test_AbaRouteValidator_02" time="0"/>
  <testcase name="testAbaNumberCheck_1635_good" classname="com.cardatechnologies.utils.validators.abaroutevalidator.Test_AbaRouteValidator_02" time="0"/>
  <testcase name="testAbaNumberCheck_2449_good" classname="com.cardatechnologies.utils.validators.abaroutevalidator.Test_AbaRouteValidator_02" time="0.001"/>
  <testcase name="testAbaNumberCheck_1509_good" classname="com.cardatechnologies.utils.validators.abaroutevalidator.Test_AbaRouteValidator_02" time="0"/>
  <testcase name="testAbaNumberCheck_2140_bad" classname="com.cardatechnologies.utils.validators.abaroutevalidator.Test_AbaRouteValidator_02" time="0"/>
  <testcase name="testAbaNumberCheck_1473_good" classname="com.cardatechnologies.utils.validators.abaroutevalidator.Test_AbaRouteValidator_02" time="0"/>
  <testcase name="testAbaNumberCheck_2142_bad" classname="com.cardatechnologies.utils.validators.abaroutevalidator.Test_AbaRouteValidator_02" time="0"/>
  <testcase name="testAbaNumberCheck_1330_bad" classname="com.cardatechnologies.utils.validators.abaroutevalidator.Test_AbaRouteValidator_02" time="0"/>
  <testcase name="testAbaNumberCheck_2144_bad" classname="com.cardatechnologies.utils.validators.abaroutevalidator.Test_AbaRouteValidator_02" time="0"/>
  <testcase name="testAbaNumberCheck_501_good" classname="com.cardatechnologies.utils.validators.abaroutevalidator.Test_AbaRouteValidator_02" time="0"/>
  <testcase name="testAbaNumberCheck_2287_good" classname="com.cardatechnologies.utils.validators.abaroutevalidator.Test_AbaRouteValidator_02" time="0"/>
  <testcase name="testAbaNumberCheck_1347_good" classname="com.cardatechnologies.utils.validators.abaroutevalidator.Test_AbaRouteValidator_02" time="0"/>
  <testcase name="testAbaNumberCheck_1332_bad" classname="com.cardatechnologies.utils.validators.abaroutevalidator.Test_AbaRouteValidator_02" time="0"/>
  <testcase name="testAbaNumberCheck_2146_bad" classname="com.cardatechnologies.utils.validators.abaroutevalidator.Test_AbaRouteValidator_02" time="0"/>
  <testcase name="testAbaNumberCheck_1334_bad" classname="com.cardatechnologies.utils.validators.abaroutevalidator.Test_AbaRouteValidator_02" time="0"/>
  <testcase name="testAbaNumberCheck_2148_bad" classname="com.cardatechnologies.utils.validators.abaroutevalidator.Test_AbaRouteValidator_02" time="0"/>
  <testcase name="testAbaNumberCheck_1336_bad" classname="com.cardatechnologies.utils.validators.abaroutevalidator.Test_AbaRouteValidator_02" time="0"/>
  <testcase name="testAbaNumberCheck_1338_bad" classname="com.cardatechnologies.utils.validators.abaroutevalidator.Test_AbaRouteValidator_02" time="0.001"/>
  <testcase name="testAbaNumberCheck_1185_good" classname="com.cardatechnologies.utils.validators.abaroutevalidator.Test_AbaRouteValidator_02" time="0"/>
  <testcase name="testAbaNumberCheck_1843_good" classname="com.cardatechnologies.utils.validators.abaroutevalidator.Test_AbaRouteValidator_02" time="0"/>
  <testcase name="testAbaNumberCheck_213_good" classname="com.cardatechnologies.utils.validators.abaroutevalidator.Test_AbaRouteValidator_02" time="0"/>
  <testcase name="testAbaNumberCheck_1059_good" classname="com.cardatechnologies.utils.validators.abaroutevalidator.Test_AbaRouteValidator_02" time="0"/>
  <testcase name="testAbaNumberCheck_1717_good" classname="com.cardatechnologies.utils.validators.abaroutevalidator.Test_AbaRouteValidator_02" time="0"/>
  <testcase name="testAbaNumberCheck_1681_good" classname="com.cardatechnologies.utils.validators.abaroutevalidator.Test_AbaRouteValidator_02" time="0"/>
  <testcase name="testAbaNumberCheck_2495_good" classname="com.cardatechnologies.utils.validators.abaroutevalidator.Test_AbaRouteValidator_02" time="0"/>
  <testcase name="testAbaNumberCheck_1555_good" classname="com.cardatechnologies.utils.validators.abaroutevalidator.Test_AbaRouteValidator_02" time="0"/>
  <testcase name="testAbaNumberCheck_2150_bad" classname="com.cardatechnologies.utils.validators.abaroutevalidator.Test_AbaRouteValidator_02" time="0"/>
  <testcase name="testAbaNumberCheck_2369_good" classname="com.cardatechnologies.utils.validators.abaroutevalidator.Test_AbaRouteValidator_02" time="0"/>
  <testcase name="testAbaNumberCheck_1429_good" classname="com.cardatechnologies.utils.validators.abaroutevalidator.Test_AbaRouteValidator_02" time="0"/>
  <testcase name="testAbaNumberCheck_2152_bad" classname="com.cardatechnologies.utils.validators.abaroutevalidator.Test_AbaRouteValidator_02" time="0"/>
  <testcase name="testAbaNumberCheck_1340_bad" classname="com.cardatechnologies.utils.validators.abaroutevalidator.Test_AbaRouteValidator_02" time="0"/>
  <testcase name="testAbaNumberCheck_2154_bad" classname="com.cardatechnologies.utils.validators.abaroutevalidator.Test_AbaRouteValidator_02" time="0"/>
  <testcase name="testAbaNumberCheck_1393_good" classname="com.cardatechnologies.utils.validators.abaroutevalidator.Test_AbaRouteValidator_02" time="0"/>
  <testcase name="testAbaNumberCheck_1342_bad" classname="com.cardatechnologies.utils.validators.abaroutevalidator.Test_AbaRouteValidator_02" time="0.001"/>
  <testcase name="testAbaNumberCheck_2156_bad" classname="com.cardatechnologies.utils.validators.abaroutevalidator.Test_AbaRouteValidator_02" time="0"/>
  <testcase name="testAbaNumberCheck_1344_bad" classname="com.cardatechnologies.utils.validators.abaroutevalidator.Test_AbaRouteValidator_02" time="0"/>
  <testcase name="testAbaNumberCheck_421_good" classname="com.cardatechnologies.utils.validators.abaroutevalidator.Test_AbaRouteValidator_02" time="0"/>
  <testcase name="testAbaNumberCheck_2158_bad" classname="com.cardatechnologies.utils.validators.abaroutevalidator.Test_AbaRouteValidator_02" time="0"/>
  <testcase name="testAbaNumberCheck_1267_good" classname="com.cardatechnologies.utils.validators.abaroutevalidator.Test_AbaRouteValidator_02" time="0"/>
  <testcase name="testAbaNumberCheck_1346_bad" classname="com.cardatechnologies.utils.validators.abaroutevalidator.Test_AbaRouteValidator_02" time="0"/>
  <testcase name="testAbaNumberCheck_1925_good" classname="com.cardatechnologies.utils.validators.abaroutevalidator.Test_AbaRouteValidator_02" time="0"/>
  <testcase name="testAbaNumberCheck_1348_bad" classname="com.cardatechnologies.utils.validators.abaroutevalidator.Test_AbaRouteValidator_02" time="0"/>
  <testcase name="testAbaNumberCheck_1763_good" classname="com.cardatechnologies.utils.validators.abaroutevalidator.Test_AbaRouteValidator_02" time="0"/>
  <testcase name="testAbaNumberCheck_133_good" classname="com.cardatechnologies.utils.validators.abaroutevalidator.Test_AbaRouteValidator_02" time="0"/>
  <testcase name="testAbaNumberCheck_1637_good" classname="com.cardatechnologies.utils.validators.abaroutevalidator.Test_AbaRouteValidator_02" time="0"/>
  <testcase name="testAbaNumberCheck_2160_bad" classname="com.cardatechnologies.utils.validators.abaroutevalidator.Test_AbaRouteValidator_02" time="0"/>
  <testcase name="testAbaNumberCheck_1475_good" classname="com.cardatechnologies.utils.validators.abaroutevalidator.Test_AbaRouteValidator_02" time="0"/>
  <testcase name="testAbaNumberCheck_2162_bad" classname="com.cardatechnologies.utils.validators.abaroutevalidator.Test_AbaRouteValidator_02" time="0"/>
  <testcase name="testAbaNumberCheck_1800_bad" classname="com.cardatechnologies.utils.validators.abaroutevalidator.Test_AbaRouteValidator_02" time="0"/>
  <testcase name="testAbaNumberCheck_1350_bad" classname="com.cardatechnologies.utils.validators.abaroutevalidator.Test_AbaRouteValidator_02" time="0.001"/>
  <testcase name="testAbaNumberCheck_2164_bad" classname="com.cardatechnologies.utils.validators.abaroutevalidator.Test_AbaRouteValidator_02" time="0"/>
  <testcase name="testAbaNumberCheck_503_good" classname="com.cardatechnologies.utils.validators.abaroutevalidator.Test_AbaRouteValidator_02" time="0"/>
  <testcase name="testAbaNumberCheck_2289_good" classname="com.cardatechnologies.utils.validators.abaroutevalidator.Test_AbaRouteValidator_02" time="0"/>
  <testcase name="testAbaNumberCheck_1349_good" classname="com.cardatechnologies.utils.validators.abaroutevalidator.Test_AbaRouteValidator_02" time="0"/>
  <testcase name="testAbaNumberCheck_1802_bad" classname="com.cardatechnologies.utils.validators.abaroutevalidator.Test_AbaRouteValidator_02" time="0"/>
  <testcase name="testAbaNumberCheck_1352_bad" classname="com.cardatechnologies.utils.validators.abaroutevalidator.Test_AbaRouteValidator_02" time="0"/>
  <testcase name="testAbaNumberCheck_2166_bad" classname="com.cardatechnologies.utils.validators.abaroutevalidator.Test_AbaRouteValidator_02" time="0"/>
  <testcase name="testAbaNumberCheck_1804_bad" classname="com.cardatechnologies.utils.validators.abaroutevalidator.Test_AbaRouteValidator_02" time="0"/>
  <testcase name="testAbaNumberCheck_1354_bad" classname="com.cardatechnologies.utils.validators.abaroutevalidator.Test_AbaRouteValidator_02" time="0"/>
  <testcase name="testAbaNumberCheck_2168_bad" classname="com.cardatechnologies.utils.validators.abaroutevalidator.Test_AbaRouteValidator_02" time="0"/>
  <testcase name="testAbaNumberCheck_1806_bad" classname="com.cardatechnologies.utils.validators.abaroutevalidator.Test_AbaRouteValidator_02" time="0"/>
  <testcase name="testAbaNumberCheck_1356_bad" classname="com.cardatechnologies.utils.validators.abaroutevalidator.Test_AbaRouteValidator_02" time="0"/>
  <testcase name="testAbaNumberCheck_1971_good" classname="com.cardatechnologies.utils.validators.abaroutevalidator.Test_AbaRouteValidator_02" time="0"/>
  <testcase name="testAbaNumberCheck_1808_bad" classname="com.cardatechnologies.utils.validators.abaroutevalidator.Test_AbaRouteValidator_02" time="0"/>
  <testcase name="testAbaNumberCheck_341_good" classname="com.cardatechnologies.utils.validators.abaroutevalidator.Test_AbaRouteValidator_02" time="0"/>
  <testcase name="testAbaNumberCheck_1358_bad" classname="com.cardatechnologies.utils.validators.abaroutevalidator.Test_AbaRouteValidator_02" time="0"/>
  <testcase name="testAbaNumberCheck_1187_good" classname="com.cardatechnologies.utils.validators.abaroutevalidator.Test_AbaRouteValidator_02" time="0"/>
  <testcase name="testAbaNumberCheck_1845_good" classname="com.cardatechnologies.utils.validators.abaroutevalidator.Test_AbaRouteValidator_02" time="0"/>
  <testcase name="testAbaNumberCheck_215_good" classname="com.cardatechnologies.utils.validators.abaroutevalidator.Test_AbaRouteValidator_02" time="0"/>
  <testcase name="testAbaNumberCheck_1719_good" classname="com.cardatechnologies.utils.validators.abaroutevalidator.Test_AbaRouteValidator_02" time="0"/>
  <testcase name="testAbaNumberCheck_1683_good" classname="com.cardatechnologies.utils.validators.abaroutevalidator.Test_AbaRouteValidator_02" time="0"/>
  <testcase name="testAbaNumberCheck_711_good" classname="com.cardatechnologies.utils.validators.abaroutevalidator.Test_AbaRouteValidator_02" time="0"/>
  <testcase name="testAbaNumberCheck_2497_good" classname="com.cardatechnologies.utils.validators.abaroutevalidator.Test_AbaRouteValidator_02" time="0"/>
  <testcase name="testAbaNumberCheck_1557_good" classname="com.cardatechnologies.utils.validators.abaroutevalidator.Test_AbaRouteValidator_02" time="0"/>
  <testcase name="testAbaNumberCheck_2170_bad" classname="com.cardatechnologies.utils.validators.abaroutevalidator.Test_AbaRouteValidator_02" time="0"/>
  <testcase name="testAbaNumberCheck_2172_bad" classname="com.cardatechnologies.utils.validators.abaroutevalidator.Test_AbaRouteValidator_02" time="0"/>
  <testcase name="testAbaNumberCheck_1810_bad" classname="com.cardatechnologies.utils.validators.abaroutevalidator.Test_AbaRouteValidator_02" time="0"/>
  <testcase name="testAbaNumberCheck_1360_bad" classname="com.cardatechnologies.utils.validators.abaroutevalidator.Test_AbaRouteValidator_02" time="0"/>
  <testcase name="testAbaNumberCheck_2174_bad" classname="com.cardatechnologies.utils.validators.abaroutevalidator.Test_AbaRouteValidator_02" time="0"/>
  <testcase name="testAbaNumberCheck_1395_good" classname="com.cardatechnologies.utils.validators.abaroutevalidator.Test_AbaRouteValidator_02" time="0.001"/>
  <testcase name="testAbaNumberCheck_1812_bad" classname="com.cardatechnologies.utils.validators.abaroutevalidator.Test_AbaRouteValidator_02" time="0"/>
  <testcase name="testAbaNumberCheck_1362_bad" classname="com.cardatechnologies.utils.validators.abaroutevalidator.Test_AbaRouteValidator_02" time="0"/>
  <testcase name="testAbaNumberCheck_2176_bad" classname="com.cardatechnologies.utils.validators.abaroutevalidator.Test_AbaRouteValidator_02" time="0"/>
  <testcase name="testAbaNumberCheck_1814_bad" classname="com.cardatechnologies.utils.validators.abaroutevalidator.Test_AbaRouteValidator_02" time="0"/>
  <testcase name="testAbaNumberCheck_1364_bad" classname="com.cardatechnologies.utils.validators.abaroutevalidator.Test_AbaRouteValidator_02" time="0"/>
  <testcase name="testAbaNumberCheck_423_good" classname="com.cardatechnologies.utils.validators.abaroutevalidator.Test_AbaRouteValidator_02" time="0"/>
  <testcase name="testAbaNumberCheck_2178_bad" classname="com.cardatechnologies.utils.validators.abaroutevalidator.Test_AbaRouteValidator_02" time="0"/>
  <testcase name="testAbaNumberCheck_1269_good" classname="com.cardatechnologies.utils.validators.abaroutevalidator.Test_AbaRouteValidator_02" time="0"/>
  <testcase name="testAbaNumberCheck_1816_bad" classname="com.cardatechnologies.utils.validators.abaroutevalidator.Test_AbaRouteValidator_02" time="0"/>
  <testcase name="testAbaNumberCheck_1366_bad" classname="com.cardatechnologies.utils.validators.abaroutevalidator.Test_AbaRouteValidator_02" time="0"/>
  <testcase name="testAbaNumberCheck_1818_bad" classname="com.cardatechnologies.utils.validators.abaroutevalidator.Test_AbaRouteValidator_02" time="0"/>
  <testcase name="testAbaNumberCheck_1927_good" classname="com.cardatechnologies.utils.validators.abaroutevalidator.Test_AbaRouteValidator_02" time="0"/>
  <testcase name="testAbaNumberCheck_1368_bad" classname="com.cardatechnologies.utils.validators.abaroutevalidator.Test_AbaRouteValidator_02" time="0.001"/>
  <testcase name="testAbaNumberCheck_1891_good" classname="com.cardatechnologies.utils.validators.abaroutevalidator.Test_AbaRouteValidator_02" time="0"/>
  <testcase name="testAbaNumberCheck_261_good" classname="com.cardatechnologies.utils.validators.abaroutevalidator.Test_AbaRouteValidator_02" time="0"/>
  <testcase name="testAbaNumberCheck_1765_good" classname="com.cardatechnologies.utils.validators.abaroutevalidator.Test_AbaRouteValidator_02" time="0"/>
  <testcase name="testAbaNumberCheck_135_good" classname="com.cardatechnologies.utils.validators.abaroutevalidator.Test_AbaRouteValidator_02" time="0"/>
  <testcase name="testAbaNumberCheck_1639_good" classname="com.cardatechnologies.utils.validators.abaroutevalidator.Test_AbaRouteValidator_02" time="0"/>
  <testcase name="testAbaNumberCheck_631_good" classname="com.cardatechnologies.utils.validators.abaroutevalidator.Test_AbaRouteValidator_02" time="0"/>
  <testcase name="testAbaNumberCheck_2180_bad" classname="com.cardatechnologies.utils.validators.abaroutevalidator.Test_AbaRouteValidator_02" time="0"/>
  <testcase name="testAbaNumberCheck_1477_good" classname="com.cardatechnologies.utils.validators.abaroutevalidator.Test_AbaRouteValidator_02" time="0"/>
  <testcase name="testAbaNumberCheck_2182_bad" classname="com.cardatechnologies.utils.validators.abaroutevalidator.Test_AbaRouteValidator_02" time="0"/>
  <testcase name="testAbaNumberCheck_1820_bad" classname="com.cardatechnologies.utils.validators.abaroutevalidator.Test_AbaRouteValidator_02" time="0"/>
  <testcase name="testAbaNumberCheck_1370_bad" classname="com.cardatechnologies.utils.validators.abaroutevalidator.Test_AbaRouteValidator_02" time="0"/>
  <testcase name="testAbaNumberCheck_2184_bad" classname="com.cardatechnologies.utils.validators.abaroutevalidator.Test_AbaRouteValidator_02" time="0"/>
  <testcase name="testAbaNumberCheck_505_good" classname="com.cardatechnologies.utils.validators.abaroutevalidator.Test_AbaRouteValidator_02" time="0"/>
  <testcase name="testAbaNumberCheck_1822_bad" classname="com.cardatechnologies.utils.validators.abaroutevalidator.Test_AbaRouteValidator_02" time="0"/>
  <testcase name="testAbaNumberCheck_1372_bad" classname="com.cardatechnologies.utils.validators.abaroutevalidator.Test_AbaRouteValidator_02" time="0"/>
  <testcase name="testAbaNumberCheck_2186_bad" classname="com.cardatechnologies.utils.validators.abaroutevalidator.Test_AbaRouteValidator_02" time="0"/>
  <testcase name="testAbaNumberCheck_1824_bad" classname="com.cardatechnologies.utils.validators.abaroutevalidator.Test_AbaRouteValidator_02" time="0"/>
  <testcase name="testAbaNumberCheck_1374_bad" classname="com.cardatechnologies.utils.validators.abaroutevalidator.Test_AbaRouteValidator_02" time="0"/>
  <testcase name="testAbaNumberCheck_2188_bad" classname="com.cardatechnologies.utils.validators.abaroutevalidator.Test_AbaRouteValidator_02" time="0"/>
  <testcase name="testAbaNumberCheck_1826_bad" classname="com.cardatechnologies.utils.validators.abaroutevalidator.Test_AbaRouteValidator_02" time="0"/>
  <testcase name="testAbaNumberCheck_1376_bad" classname="com.cardatechnologies.utils.validators.abaroutevalidator.Test_AbaRouteValidator_02" time="0"/>
  <testcase name="testAbaNumberCheck_1973_good" classname="com.cardatechnologies.utils.validators.abaroutevalidator.Test_AbaRouteValidator_02" time="0"/>
  <testcase name="testAbaNumberCheck_1828_bad" classname="com.cardatechnologies.utils.validators.abaroutevalidator.Test_AbaRouteValidator_02" time="0"/>
  <testcase name="testAbaNumberCheck_343_good" classname="com.cardatechnologies.utils.validators.abaroutevalidator.Test_AbaRouteValidator_02" time="0"/>
  <testcase name="testAbaNumberCheck_1378_bad" classname="com.cardatechnologies.utils.validators.abaroutevalidator.Test_AbaRouteValidator_02" time="0"/>
  <testcase name="testAbaNumberCheck_1189_good" classname="com.cardatechnologies.utils.validators.abaroutevalidator.Test_AbaRouteValidator_02" time="0"/>
  <testcase name="testAbaNumberCheck_1847_good" classname="com.cardatechnologies.utils.validators.abaroutevalidator.Test_AbaRouteValidator_02" time="0"/>
  <testcase name="testAbaNumberCheck_217_good" classname="com.cardatechnologies.utils.validators.abaroutevalidator.Test_AbaRouteValidator_02" time="0"/>
  <testcase name="testAbaNumberCheck_181_good" classname="com.cardatechnologies.utils.validators.abaroutevalidator.Test_AbaRouteValidator_02" time="0"/>
  <testcase name="testAbaNumberCheck_1685_good" classname="com.cardatechnologies.utils.validators.abaroutevalidator.Test_AbaRouteValidator_02" time="0"/>
  <testcase name="testAbaNumberCheck_713_good" classname="com.cardatechnologies.utils.validators.abaroutevalidator.Test_AbaRouteValidator_02" time="0"/>
  <testcase name="testAbaNumberCheck_2499_good" classname="com.cardatechnologies.utils.validators.abaroutevalidator.Test_AbaRouteValidator_02" time="0"/>
  <testcase name="testAbaNumberCheck_1559_good" classname="com.cardatechnologies.utils.validators.abaroutevalidator.Test_AbaRouteValidator_02" time="0"/>
  <testcase name="testAbaNumberCheck_2190_bad" classname="com.cardatechnologies.utils.validators.abaroutevalidator.Test_AbaRouteValidator_02" time="0"/>
  <testcase name="testAbaNumberCheck_2192_bad" classname="com.cardatechnologies.utils.validators.abaroutevalidator.Test_AbaRouteValidator_02" time="0"/>
  <testcase name="testAbaNumberCheck_1830_bad" classname="com.cardatechnologies.utils.validators.abaroutevalidator.Test_AbaRouteValidator_02" time="0"/>
  <testcase name="testAbaNumberCheck_551_good" classname="com.cardatechnologies.utils.validators.abaroutevalidator.Test_AbaRouteValidator_02" time="0"/>
  <testcase name="testAbaNumberCheck_1380_bad" classname="com.cardatechnologies.utils.validators.abaroutevalidator.Test_AbaRouteValidator_02" time="0"/>
  <testcase name="testAbaNumberCheck_2194_bad" classname="com.cardatechnologies.utils.validators.abaroutevalidator.Test_AbaRouteValidator_02" time="0"/>
  <testcase name="testAbaNumberCheck_1397_good" classname="com.cardatechnologies.utils.validators.abaroutevalidator.Test_AbaRouteValidator_02" time="0"/>
  <testcase name="testAbaNumberCheck_1832_bad" classname="com.cardatechnologies.utils.validators.abaroutevalidator.Test_AbaRouteValidator_02" time="0"/>
  <testcase name="testAbaNumberCheck_1382_bad" classname="com.cardatechnologies.utils.validators.abaroutevalidator.Test_AbaRouteValidator_02" time="0"/>
  <testcase name="testAbaNumberCheck_2196_bad" classname="com.cardatechnologies.utils.validators.abaroutevalidator.Test_AbaRouteValidator_02" time="0"/>
  <testcase name="testAbaNumberCheck_1834_bad" classname="com.cardatechnologies.utils.validators.abaroutevalidator.Test_AbaRouteValidator_02" time="0.001"/>
  <testcase name="testAbaNumberCheck_1384_bad" classname="com.cardatechnologies.utils.validators.abaroutevalidator.Test_AbaRouteValidator_02" time="0"/>
  <testcase name="testAbaNumberCheck_425_good" classname="com.cardatechnologies.utils.validators.abaroutevalidator.Test_AbaRouteValidator_02" time="0"/>
  <testcase name="testAbaNumberCheck_2198_bad" classname="com.cardatechnologies.utils.validators.abaroutevalidator.Test_AbaRouteValidator_02" time="0"/>
  <testcase name="testAbaNumberCheck_1836_bad" classname="com.cardatechnologies.utils.validators.abaroutevalidator.Test_AbaRouteValidator_02" time="0"/>
  <testcase name="testAbaNumberCheck_1386_bad" classname="com.cardatechnologies.utils.validators.abaroutevalidator.Test_AbaRouteValidator_02" time="0"/>
  <testcase name="testAbaNumberCheck_1838_bad" classname="com.cardatechnologies.utils.validators.abaroutevalidator.Test_AbaRouteValidator_02" time="0"/>
  <testcase name="testAbaNumberCheck_1929_good" classname="com.cardatechnologies.utils.validators.abaroutevalidator.Test_AbaRouteValidator_02" time="0"/>
  <testcase name="testAbaNumberCheck_1388_bad" classname="com.cardatechnologies.utils.validators.abaroutevalidator.Test_AbaRouteValidator_02" time="0"/>
  <testcase name="testAbaNumberCheck_1893_good" classname="com.cardatechnologies.utils.validators.abaroutevalidator.Test_AbaRouteValidator_02" time="0"/>
  <testcase name="testAbaNumberCheck_263_good" classname="com.cardatechnologies.utils.validators.abaroutevalidator.Test_AbaRouteValidator_02" time="0"/>
  <testcase name="testAbaNumberCheck_921_good" classname="com.cardatechnologies.utils.validators.abaroutevalidator.Test_AbaRouteValidator_02" time="0"/>
  <testcase name="testAbaNumberCheck_1767_good" classname="com.cardatechnologies.utils.validators.abaroutevalidator.Test_AbaRouteValidator_02" time="0"/>
  <testcase name="testAbaNumberCheck_137_good" classname="com.cardatechnologies.utils.validators.abaroutevalidator.Test_AbaRouteValidator_02" time="0"/>
  <testcase name="testAbaNumberCheck_633_good" classname="com.cardatechnologies.utils.validators.abaroutevalidator.Test_AbaRouteValidator_02" time="0"/>
  <testcase name="testAbaNumberCheck_1479_good" classname="com.cardatechnologies.utils.validators.abaroutevalidator.Test_AbaRouteValidator_02" time="0"/>
  <testcase name="testAbaNumberCheck_1840_bad" classname="com.cardatechnologies.utils.validators.abaroutevalidator.Test_AbaRouteValidator_02" time="0.001"/>
  <testcase name="testAbaNumberCheck_1390_bad" classname="com.cardatechnologies.utils.validators.abaroutevalidator.Test_AbaRouteValidator_02" time="0"/>
  <testcase name="testAbaNumberCheck_507_good" classname="com.cardatechnologies.utils.validators.abaroutevalidator.Test_AbaRouteValidator_02" time="0"/>
  <testcase name="testAbaNumberCheck_1842_bad" classname="com.cardatechnologies.utils.validators.abaroutevalidator.Test_AbaRouteValidator_02" time="0"/>
  <testcase name="testAbaNumberCheck_1392_bad" classname="com.cardatechnologies.utils.validators.abaroutevalidator.Test_AbaRouteValidator_02" time="0"/>
  <testcase name="testAbaNumberCheck_1844_bad" classname="com.cardatechnologies.utils.validators.abaroutevalidator.Test_AbaRouteValidator_02" time="0"/>
  <testcase name="testAbaNumberCheck_471_good" classname="com.cardatechnologies.utils.validators.abaroutevalidator.Test_AbaRouteValidator_02" time="0"/>
  <testcase name="testAbaNumberCheck_1394_bad" classname="com.cardatechnologies.utils.validators.abaroutevalidator.Test_AbaRouteValidator_02" time="0"/>
  <testcase name="testAbaNumberCheck_1846_bad" classname="com.cardatechnologies.utils.validators.abaroutevalidator.Test_AbaRouteValidator_02" time="0"/>
  <testcase name="testAbaNumberCheck_1396_bad" classname="com.cardatechnologies.utils.validators.abaroutevalidator.Test_AbaRouteValidator_02" time="0"/>
  <testcase name="testAbaNumberCheck_1975_good" classname="com.cardatechnologies.utils.validators.abaroutevalidator.Test_AbaRouteValidator_02" time="0"/>
  <testcase name="testAbaNumberCheck_1848_bad" classname="com.cardatechnologies.utils.validators.abaroutevalidator.Test_AbaRouteValidator_02" time="0"/>
  <testcase name="testAbaNumberCheck_345_good" classname="com.cardatechnologies.utils.validators.abaroutevalidator.Test_AbaRouteValidator_02" time="0"/>
  <testcase name="testAbaNumberCheck_1398_bad" classname="com.cardatechnologies.utils.validators.abaroutevalidator.Test_AbaRouteValidator_02" time="0"/>
  <testcase name="testAbaNumberCheck_1849_good" classname="com.cardatechnologies.utils.validators.abaroutevalidator.Test_AbaRouteValidator_02" time="0"/>
  <testcase name="testAbaNumberCheck_219_good" classname="com.cardatechnologies.utils.validators.abaroutevalidator.Test_AbaRouteValidator_02" time="0"/>
  <testcase name="testAbaNumberCheck_183_good" classname="com.cardatechnologies.utils.validators.abaroutevalidator.Test_AbaRouteValidator_02" time="0"/>
  <testcase name="testAbaNumberCheck_841_good" classname="com.cardatechnologies.utils.validators.abaroutevalidator.Test_AbaRouteValidator_02" time="0"/>
  <testcase name="testAbaNumberCheck_1687_good" classname="com.cardatechnologies.utils.validators.abaroutevalidator.Test_AbaRouteValidator_02" time="0"/>
  <testcase name="testAbaNumberCheck_715_good" classname="com.cardatechnologies.utils.validators.abaroutevalidator.Test_AbaRouteValidator_02" time="0"/>
  <testcase name="testAbaNumberCheck_1850_bad" classname="com.cardatechnologies.utils.validators.abaroutevalidator.Test_AbaRouteValidator_02" time="0"/>
  <testcase name="testAbaNumberCheck_553_good" classname="com.cardatechnologies.utils.validators.abaroutevalidator.Test_AbaRouteValidator_02" time="0"/>
  <testcase name="testAbaNumberCheck_1399_good" classname="com.cardatechnologies.utils.validators.abaroutevalidator.Test_AbaRouteValidator_02" time="0"/>
  <testcase name="testAbaNumberCheck_1852_bad" classname="com.cardatechnologies.utils.validators.abaroutevalidator.Test_AbaRouteValidator_02" time="0"/>
  <testcase name="testAbaNumberCheck_1854_bad" classname="com.cardatechnologies.utils.validators.abaroutevalidator.Test_AbaRouteValidator_02" time="0"/>
  <testcase name="testAbaNumberCheck_427_good" classname="com.cardatechnologies.utils.validators.abaroutevalidator.Test_AbaRouteValidator_02" time="0"/>
  <testcase name="testAbaNumberCheck_1856_bad" classname="com.cardatechnologies.utils.validators.abaroutevalidator.Test_AbaRouteValidator_02" time="0"/>
  <testcase name="testAbaNumberCheck_391_good" classname="com.cardatechnologies.utils.validators.abaroutevalidator.Test_AbaRouteValidator_02" time="0"/>
  <testcase name="testAbaNumberCheck_1858_bad" classname="com.cardatechnologies.utils.validators.abaroutevalidator.Test_AbaRouteValidator_02" time="0"/>
  <testcase name="testAbaNumberCheck_1895_good" classname="com.cardatechnologies.utils.validators.abaroutevalidator.Test_AbaRouteValidator_02" time="0"/>
  <testcase name="testAbaNumberCheck_265_good" classname="com.cardatechnologies.utils.validators.abaroutevalidator.Test_AbaRouteValidator_02" time="0"/>
  <testcase name="testAbaNumberCheck_923_good" classname="com.cardatechnologies.utils.validators.abaroutevalidator.Test_AbaRouteValidator_02" time="0"/>
  <testcase name="testAbaNumberCheck_1769_good" classname="com.cardatechnologies.utils.validators.abaroutevalidator.Test_AbaRouteValidator_02" time="0.001"/>
  <testcase name="testAbaNumberCheck_139_good" classname="com.cardatechnologies.utils.validators.abaroutevalidator.Test_AbaRouteValidator_02" time="0"/>
  <testcase name="testAbaNumberCheck_761_good" classname="com.cardatechnologies.utils.validators.abaroutevalidator.Test_AbaRouteValidator_02" time="0"/>
  <testcase name="testAbaNumberCheck_635_good" classname="com.cardatechnologies.utils.validators.abaroutevalidator.Test_AbaRouteValidator_02" time="0"/>
  <testcase name="testAbaNumberCheck_1860_bad" classname="com.cardatechnologies.utils.validators.abaroutevalidator.Test_AbaRouteValidator_02" time="0"/>
  <testcase name="testAbaNumberCheck_509_good" classname="com.cardatechnologies.utils.validators.abaroutevalidator.Test_AbaRouteValidator_02" time="0"/>
  <testcase name="testAbaNumberCheck_1862_bad" classname="com.cardatechnologies.utils.validators.abaroutevalidator.Test_AbaRouteValidator_02" time="0"/>
  <testcase name="testAbaNumberCheck_1864_bad" classname="com.cardatechnologies.utils.validators.abaroutevalidator.Test_AbaRouteValidator_02" time="0"/>
  <testcase name="testAbaNumberCheck_473_good" classname="com.cardatechnologies.utils.validators.abaroutevalidator.Test_AbaRouteValidator_02" time="0"/>
  <testcase name="testAbaNumberCheck_1866_bad" classname="com.cardatechnologies.utils.validators.abaroutevalidator.Test_AbaRouteValidator_02" time="0"/>
  <testcase name="testAbaNumberCheck_1977_good" classname="com.cardatechnologies.utils.validators.abaroutevalidator.Test_AbaRouteValidator_02" time="0"/>
  <testcase name="testAbaNumberCheck_1868_bad" classname="com.cardatechnologies.utils.validators.abaroutevalidator.Test_AbaRouteValidator_02" time="0"/>
  <testcase name="testAbaNumberCheck_347_good" classname="com.cardatechnologies.utils.validators.abaroutevalidator.Test_AbaRouteValidator_02" time="0"/>
  <testcase name="testAbaNumberCheck_185_good" classname="com.cardatechnologies.utils.validators.abaroutevalidator.Test_AbaRouteValidator_02" time="0"/>
  <testcase name="testAbaNumberCheck_843_good" classname="com.cardatechnologies.utils.validators.abaroutevalidator.Test_AbaRouteValidator_02" time="0"/>
  <testcase name="testAbaNumberCheck_1689_good" classname="com.cardatechnologies.utils.validators.abaroutevalidator.Test_AbaRouteValidator_02" time="0.001"/>
  <testcase name="testAbaNumberCheck_717_good" classname="com.cardatechnologies.utils.validators.abaroutevalidator.Test_AbaRouteValidator_02" time="0"/>
  <testcase name="testAbaNumberCheck_681_good" classname="com.cardatechnologies.utils.validators.abaroutevalidator.Test_AbaRouteValidator_02" time="0"/>
  <testcase name="testAbaNumberCheck_1870_bad" classname="com.cardatechnologies.utils.validators.abaroutevalidator.Test_AbaRouteValidator_02" time="0"/>
  <testcase name="testAbaNumberCheck_555_good" classname="com.cardatechnologies.utils.validators.abaroutevalidator.Test_AbaRouteValidator_02" time="0"/>
  <testcase name="testAbaNumberCheck_1872_bad" classname="com.cardatechnologies.utils.validators.abaroutevalidator.Test_AbaRouteValidator_02" time="0"/>
  <testcase name="testAbaNumberCheck_1874_bad" classname="com.cardatechnologies.utils.validators.abaroutevalidator.Test_AbaRouteValidator_02" time="0"/>
  <testcase name="testAbaNumberCheck_429_good" classname="com.cardatechnologies.utils.validators.abaroutevalidator.Test_AbaRouteValidator_02" time="0"/>
  <testcase name="testAbaNumberCheck_1876_bad" classname="com.cardatechnologies.utils.validators.abaroutevalidator.Test_AbaRouteValidator_02" time="0"/>
  <testcase name="testAbaNumberCheck_393_good" classname="com.cardatechnologies.utils.validators.abaroutevalidator.Test_AbaRouteValidator_02" time="0"/>
  <testcase name="testAbaNumberCheck_1878_bad" classname="com.cardatechnologies.utils.validators.abaroutevalidator.Test_AbaRouteValidator_02" time="0"/>
  <testcase name="testAbaNumberCheck_1897_good" classname="com.cardatechnologies.utils.validators.abaroutevalidator.Test_AbaRouteValidator_02" time="0"/>
  <testcase name="testAbaNumberCheck_267_good" classname="com.cardatechnologies.utils.validators.abaroutevalidator.Test_AbaRouteValidator_02" time="0"/>
  <testcase name="testAbaNumberCheck_925_good" classname="com.cardatechnologies.utils.validators.abaroutevalidator.Test_AbaRouteValidator_02" time="0"/>
  <testcase name="testAbaNumberCheck_763_good" classname="com.cardatechnologies.utils.validators.abaroutevalidator.Test_AbaRouteValidator_02" time="0"/>
  <testcase name="testAbaNumberCheck_637_good" classname="com.cardatechnologies.utils.validators.abaroutevalidator.Test_AbaRouteValidator_02" time="0"/>
  <testcase name="testAbaNumberCheck_1880_bad" classname="com.cardatechnologies.utils.validators.abaroutevalidator.Test_AbaRouteValidator_02" time="0"/>
  <testcase name="testAbaNumberCheck_1882_bad" classname="com.cardatechnologies.utils.validators.abaroutevalidator.Test_AbaRouteValidator_02" time="0"/>
  <testcase name="testAbaNumberCheck_1884_bad" classname="com.cardatechnologies.utils.validators.abaroutevalidator.Test_AbaRouteValidator_02" time="0"/>
  <testcase name="testAbaNumberCheck_475_good" classname="com.cardatechnologies.utils.validators.abaroutevalidator.Test_AbaRouteValidator_02" time="0"/>
  <testcase name="testAbaNumberCheck_1886_bad" classname="com.cardatechnologies.utils.validators.abaroutevalidator.Test_AbaRouteValidator_02" time="0"/>
  <testcase name="testAbaNumberCheck_1979_good" classname="com.cardatechnologies.utils.validators.abaroutevalidator.Test_AbaRouteValidator_02" time="0"/>
  <testcase name="testAbaNumberCheck_1888_bad" classname="com.cardatechnologies.utils.validators.abaroutevalidator.Test_AbaRouteValidator_02" time="0"/>
  <testcase name="testAbaNumberCheck_349_good" classname="com.cardatechnologies.utils.validators.abaroutevalidator.Test_AbaRouteValidator_02" time="0"/>
  <testcase name="testAbaNumberCheck_971_good" classname="com.cardatechnologies.utils.validators.abaroutevalidator.Test_AbaRouteValidator_02" time="0"/>
  <testcase name="testAbaNumberCheck_187_good" classname="com.cardatechnologies.utils.validators.abaroutevalidator.Test_AbaRouteValidator_02" time="0"/>
  <testcase name="testAbaNumberCheck_845_good" classname="com.cardatechnologies.utils.validators.abaroutevalidator.Test_AbaRouteValidator_02" time="0"/>
  <testcase name="testAbaNumberCheck_719_good" classname="com.cardatechnologies.utils.validators.abaroutevalidator.Test_AbaRouteValidator_02" time="0"/>
  <testcase name="testAbaNumberCheck_683_good" classname="com.cardatechnologies.utils.validators.abaroutevalidator.Test_AbaRouteValidator_02" time="0.001"/>
  <testcase name="testAbaNumberCheck_1890_bad" classname="com.cardatechnologies.utils.validators.abaroutevalidator.Test_AbaRouteValidator_02" time="0"/>
  <testcase name="testAbaNumberCheck_557_good" classname="com.cardatechnologies.utils.validators.abaroutevalidator.Test_AbaRouteValidator_02" time="0"/>
  <testcase name="testAbaNumberCheck_1892_bad" classname="com.cardatechnologies.utils.validators.abaroutevalidator.Test_AbaRouteValidator_02" time="0"/>
  <testcase name="testAbaNumberCheck_1894_bad" classname="com.cardatechnologies.utils.validators.abaroutevalidator.Test_AbaRouteValidator_02" time="0"/>
  <testcase name="testAbaNumberCheck_1896_bad" classname="com.cardatechnologies.utils.validators.abaroutevalidator.Test_AbaRouteValidator_02" time="0"/>
  <testcase name="testAbaNumberCheck_395_good" classname="com.cardatechnologies.utils.validators.abaroutevalidator.Test_AbaRouteValidator_02" time="0"/>
  <testcase name="testAbaNumberCheck_1898_bad" classname="com.cardatechnologies.utils.validators.abaroutevalidator.Test_AbaRouteValidator_02" time="0"/>
  <testcase name="testAbaNumberCheck_1899_good" classname="com.cardatechnologies.utils.validators.abaroutevalidator.Test_AbaRouteValidator_02" time="0"/>
  <testcase name="testAbaNumberCheck_269_good" classname="com.cardatechnologies.utils.validators.abaroutevalidator.Test_AbaRouteValidator_02" time="0"/>
  <testcase name="testAbaNumberCheck_927_good" classname="com.cardatechnologies.utils.validators.abaroutevalidator.Test_AbaRouteValidator_02" time="0"/>
  <testcase name="testAbaNumberCheck_891_good" classname="com.cardatechnologies.utils.validators.abaroutevalidator.Test_AbaRouteValidator_02" time="0"/>
  <testcase name="testAbaNumberCheck_765_good" classname="com.cardatechnologies.utils.validators.abaroutevalidator.Test_AbaRouteValidator_02" time="0"/>
  <testcase name="testAbaNumberCheck_639_good" classname="com.cardatechnologies.utils.validators.abaroutevalidator.Test_AbaRouteValidator_02" time="0"/>
  <testcase name="testAbaNumberCheck_477_good" classname="com.cardatechnologies.utils.validators.abaroutevalidator.Test_AbaRouteValidator_02" time="0"/>
  <testcase name="testAbaNumberCheck_973_good" classname="com.cardatechnologies.utils.validators.abaroutevalidator.Test_AbaRouteValidator_02" time="0"/>
  <testcase name="testAbaNumberCheck_189_good" classname="com.cardatechnologies.utils.validators.abaroutevalidator.Test_AbaRouteValidator_02" time="0.001"/>
  <testcase name="testAbaNumberCheck_847_good" classname="com.cardatechnologies.utils.validators.abaroutevalidator.Test_AbaRouteValidator_02" time="0"/>
  <testcase name="testAbaNumberCheck_685_good" classname="com.cardatechnologies.utils.validators.abaroutevalidator.Test_AbaRouteValidator_02" time="0"/>
  <testcase name="testAbaNumberCheck_559_good" classname="com.cardatechnologies.utils.validators.abaroutevalidator.Test_AbaRouteValidator_02" time="0"/>
  <testcase name="testAbaNumberCheck_397_good" classname="com.cardatechnologies.utils.validators.abaroutevalidator.Test_AbaRouteValidator_02" time="0"/>
  <testcase name="testAbaNumberCheck_929_good" classname="com.cardatechnologies.utils.validators.abaroutevalidator.Test_AbaRouteValidator_02" time="0"/>
  <testcase name="testAbaNumberCheck_893_good" classname="com.cardatechnologies.utils.validators.abaroutevalidator.Test_AbaRouteValidator_02" time="0"/>
  <testcase name="testAbaNumberCheck_767_good" classname="com.cardatechnologies.utils.validators.abaroutevalidator.Test_AbaRouteValidator_02" time="0"/>
  <testcase name="testAbaNumberCheck_400_bad" classname="com.cardatechnologies.utils.validators.abaroutevalidator.Test_AbaRouteValidator_02" time="0"/>
  <testcase name="testAbaNumberCheck_402_bad" classname="com.cardatechnologies.utils.validators.abaroutevalidator.Test_AbaRouteValidator_02" time="0"/>
  <testcase name="testAbaNumberCheck_404_bad" classname="com.cardatechnologies.utils.validators.abaroutevalidator.Test_AbaRouteValidator_02" time="0"/>
  <testcase name="testAbaNumberCheck_406_bad" classname="com.cardatechnologies.utils.validators.abaroutevalidator.Test_AbaRouteValidator_02" time="0"/>
  <testcase name="testAbaNumberCheck_408_bad" classname="com.cardatechnologies.utils.validators.abaroutevalidator.Test_AbaRouteValidator_02" time="0"/>
  <testcase name="testAbaNumberCheck_479_good" classname="com.cardatechnologies.utils.validators.abaroutevalidator.Test_AbaRouteValidator_02" time="0"/>
  <testcase name="testAbaNumberCheck_975_good" classname="com.cardatechnologies.utils.validators.abaroutevalidator.Test_AbaRouteValidator_02" time="0"/>
  <testcase name="testAbaNumberCheck_849_good" classname="com.cardatechnologies.utils.validators.abaroutevalidator.Test_AbaRouteValidator_02" time="0"/>
  <testcase name="testAbaNumberCheck_410_bad" classname="com.cardatechnologies.utils.validators.abaroutevalidator.Test_AbaRouteValidator_02" time="0.001"/>
  <testcase name="testAbaNumberCheck_412_bad" classname="com.cardatechnologies.utils.validators.abaroutevalidator.Test_AbaRouteValidator_02" time="0"/>
  <testcase name="testAbaNumberCheck_687_good" classname="com.cardatechnologies.utils.validators.abaroutevalidator.Test_AbaRouteValidator_02" time="0"/>
  <testcase name="testAbaNumberCheck_414_bad" classname="com.cardatechnologies.utils.validators.abaroutevalidator.Test_AbaRouteValidator_02" time="0"/>
  <testcase name="testAbaNumberCheck_416_bad" classname="com.cardatechnologies.utils.validators.abaroutevalidator.Test_AbaRouteValidator_02" time="0"/>
  <testcase name="testAbaNumberCheck_418_bad" classname="com.cardatechnologies.utils.validators.abaroutevalidator.Test_AbaRouteValidator_02" time="0"/>
  <testcase name="testAbaNumberCheck_399_good" classname="com.cardatechnologies.utils.validators.abaroutevalidator.Test_AbaRouteValidator_02" time="0"/>
  <testcase name="testAbaNumberCheck_895_good" classname="com.cardatechnologies.utils.validators.abaroutevalidator.Test_AbaRouteValidator_02" time="0"/>
  <testcase name="testAbaNumberCheck_769_good" classname="com.cardatechnologies.utils.validators.abaroutevalidator.Test_AbaRouteValidator_02" time="0"/>
  <testcase name="testAbaNumberCheck_420_bad" classname="com.cardatechnologies.utils.validators.abaroutevalidator.Test_AbaRouteValidator_02" time="0"/>
  <testcase name="testAbaNumberCheck_422_bad" classname="com.cardatechnologies.utils.validators.abaroutevalidator.Test_AbaRouteValidator_02" time="0"/>
  <testcase name="testAbaNumberCheck_424_bad" classname="com.cardatechnologies.utils.validators.abaroutevalidator.Test_AbaRouteValidator_02" time="0"/>
  <testcase name="testAbaNumberCheck_426_bad" classname="com.cardatechnologies.utils.validators.abaroutevalidator.Test_AbaRouteValidator_02" time="0"/>
  <testcase name="testAbaNumberCheck_428_bad" classname="com.cardatechnologies.utils.validators.abaroutevalidator.Test_AbaRouteValidator_02" time="0"/>
  <testcase name="testAbaNumberCheck_2111_good" classname="com.cardatechnologies.utils.validators.abaroutevalidator.Test_AbaRouteValidator_02" time="0"/>
  <testcase name="testAbaNumberCheck_41_good" classname="com.cardatechnologies.utils.validators.abaroutevalidator.Test_AbaRouteValidator_02" time="0"/>
  <testcase name="testAbaNumberCheck_977_good" classname="com.cardatechnologies.utils.validators.abaroutevalidator.Test_AbaRouteValidator_02" time="0.001"/>
  <testcase name="testAbaNumberCheck_430_bad" classname="com.cardatechnologies.utils.validators.abaroutevalidator.Test_AbaRouteValidator_02" time="0"/>
  <testcase name="testAbaNumberCheck_432_bad" classname="com.cardatechnologies.utils.validators.abaroutevalidator.Test_AbaRouteValidator_02" time="0"/>
  <testcase name="testAbaNumberCheck_689_good" classname="com.cardatechnologies.utils.validators.abaroutevalidator.Test_AbaRouteValidator_02" time="0"/>
  <testcase name="testAbaNumberCheck_434_bad" classname="com.cardatechnologies.utils.validators.abaroutevalidator.Test_AbaRouteValidator_02" time="0"/>
  <testcase name="testAbaNumberCheck_436_bad" classname="com.cardatechnologies.utils.validators.abaroutevalidator.Test_AbaRouteValidator_02" time="0"/>
  <testcase name="testAbaNumberCheck_438_bad" classname="com.cardatechnologies.utils.validators.abaroutevalidator.Test_AbaRouteValidator_02" time="0"/>
  <testcase name="testAbaNumberCheck_2031_good" classname="com.cardatechnologies.utils.validators.abaroutevalidator.Test_AbaRouteValidator_02" time="0"/>
  <testcase name="testAbaNumberCheck_897_good" classname="com.cardatechnologies.utils.validators.abaroutevalidator.Test_AbaRouteValidator_02" time="0"/>
  <testcase name="testAbaNumberCheck_440_bad" classname="com.cardatechnologies.utils.validators.abaroutevalidator.Test_AbaRouteValidator_02" time="0"/>
  <testcase name="testAbaNumberCheck_2401_good" classname="com.cardatechnologies.utils.validators.abaroutevalidator.Test_AbaRouteValidator_02" time="0"/>
  <testcase name="testAbaNumberCheck_442_bad" classname="com.cardatechnologies.utils.validators.abaroutevalidator.Test_AbaRouteValidator_02" time="0"/>
  <testcase name="testAbaNumberCheck_444_bad" classname="com.cardatechnologies.utils.validators.abaroutevalidator.Test_AbaRouteValidator_02" time="0"/>
  <testcase name="testAbaNumberCheck_446_bad" classname="com.cardatechnologies.utils.validators.abaroutevalidator.Test_AbaRouteValidator_02" time="0"/>
  <testcase name="testAbaNumberCheck_448_bad" classname="com.cardatechnologies.utils.validators.abaroutevalidator.Test_AbaRouteValidator_02" time="0"/>
  <testcase name="testAbaNumberCheck_2_bad" classname="com.cardatechnologies.utils.validators.abaroutevalidator.Test_AbaRouteValidator_02" time="0.001"/>
  <testcase name="testAbaNumberCheck_2113_good" classname="com.cardatechnologies.utils.validators.abaroutevalidator.Test_AbaRouteValidator_02" time="0"/>
  <testcase name="testAbaNumberCheck_4_bad" classname="com.cardatechnologies.utils.validators.abaroutevalidator.Test_AbaRouteValidator_02" time="0"/>
  <testcase name="testAbaNumberCheck_6_bad" classname="com.cardatechnologies.utils.validators.abaroutevalidator.Test_AbaRouteValidator_02" time="0"/>
  <testcase name="testAbaNumberCheck_43_good" classname="com.cardatechnologies.utils.validators.abaroutevalidator.Test_AbaRouteValidator_02" time="0"/>
  <testcase name="testAbaNumberCheck_8_bad" classname="com.cardatechnologies.utils.validators.abaroutevalidator.Test_AbaRouteValidator_02" time="0"/>
  <testcase name="testAbaNumberCheck_979_good" classname="com.cardatechnologies.utils.validators.abaroutevalidator.Test_AbaRouteValidator_02" time="0"/>
  <testcase name="testAbaNumberCheck_1011_good" classname="com.cardatechnologies.utils.validators.abaroutevalidator.Test_AbaRouteValidator_02" time="0"/>
  <testcase name="testAbaNumberCheck_900_bad" classname="com.cardatechnologies.utils.validators.abaroutevalidator.Test_AbaRouteValidator_02" time="0"/>
  <testcase name="testAbaNumberCheck_450_bad" classname="com.cardatechnologies.utils.validators.abaroutevalidator.Test_AbaRouteValidator_02" time="0"/>
  <testcase name="testAbaNumberCheck_902_bad" classname="com.cardatechnologies.utils.validators.abaroutevalidator.Test_AbaRouteValidator_02" time="0"/>
  <testcase name="testAbaNumberCheck_452_bad" classname="com.cardatechnologies.utils.validators.abaroutevalidator.Test_AbaRouteValidator_02" time="0"/>
  <testcase name="testAbaNumberCheck_904_bad" classname="com.cardatechnologies.utils.validators.abaroutevalidator.Test_AbaRouteValidator_02" time="0"/>
  <testcase name="testAbaNumberCheck_454_bad" classname="com.cardatechnologies.utils.validators.abaroutevalidator.Test_AbaRouteValidator_02" time="0"/>
  <testcase name="testAbaNumberCheck_2321_good" classname="com.cardatechnologies.utils.validators.abaroutevalidator.Test_AbaRouteValidator_02" time="0"/>
  <testcase name="testAbaNumberCheck_906_bad" classname="com.cardatechnologies.utils.validators.abaroutevalidator.Test_AbaRouteValidator_02" time="0.001"/>
  <testcase name="testAbaNumberCheck_456_bad" classname="com.cardatechnologies.utils.validators.abaroutevalidator.Test_AbaRouteValidator_02" time="0"/>
  <testcase name="testAbaNumberCheck_908_bad" classname="com.cardatechnologies.utils.validators.abaroutevalidator.Test_AbaRouteValidator_02" time="0"/>
  <testcase name="testAbaNumberCheck_458_bad" classname="com.cardatechnologies.utils.validators.abaroutevalidator.Test_AbaRouteValidator_02" time="0"/>
  <testcase name="testAbaNumberCheck_2033_good" classname="com.cardatechnologies.utils.validators.abaroutevalidator.Test_AbaRouteValidator_02" time="0"/>
  <testcase name="testAbaNumberCheck_899_good" classname="com.cardatechnologies.utils.validators.abaroutevalidator.Test_AbaRouteValidator_02" time="0"/>
  <testcase name="testAbaNumberCheck_910_bad" classname="com.cardatechnologies.utils.validators.abaroutevalidator.Test_AbaRouteValidator_02" time="0"/>
  <testcase name="testAbaNumberCheck_460_bad" classname="com.cardatechnologies.utils.validators.abaroutevalidator.Test_AbaRouteValidator_02" time="0"/>
  <testcase name="testAbaNumberCheck_912_bad" classname="com.cardatechnologies.utils.validators.abaroutevalidator.Test_AbaRouteValidator_02" time="0"/>
  <testcase name="testAbaNumberCheck_2403_good" classname="com.cardatechnologies.utils.validators.abaroutevalidator.Test_AbaRouteValidator_02" time="0"/>
  <testcase name="testAbaNumberCheck_462_bad" classname="com.cardatechnologies.utils.validators.abaroutevalidator.Test_AbaRouteValidator_02" time="0"/>
  <testcase name="testAbaNumberCheck_914_bad" classname="com.cardatechnologies.utils.validators.abaroutevalidator.Test_AbaRouteValidator_02" time="0"/>
  <testcase name="testAbaNumberCheck_464_bad" classname="com.cardatechnologies.utils.validators.abaroutevalidator.Test_AbaRouteValidator_02" time="0"/>
  <testcase name="testAbaNumberCheck_916_bad" classname="com.cardatechnologies.utils.validators.abaroutevalidator.Test_AbaRouteValidator_02" time="0"/>
  <testcase name="testAbaNumberCheck_466_bad" classname="com.cardatechnologies.utils.validators.abaroutevalidator.Test_AbaRouteValidator_02" time="0"/>
  <testcase name="testAbaNumberCheck_918_bad" classname="com.cardatechnologies.utils.validators.abaroutevalidator.Test_AbaRouteValidator_02" time="0.001"/>
  <testcase name="testAbaNumberCheck_468_bad" classname="com.cardatechnologies.utils.validators.abaroutevalidator.Test_AbaRouteValidator_02" time="0"/>
  <testcase name="testAbaNumberCheck_2241_good" classname="com.cardatechnologies.utils.validators.abaroutevalidator.Test_AbaRouteValidator_02" time="0"/>
  <testcase name="testAbaNumberCheck_1301_good" classname="com.cardatechnologies.utils.validators.abaroutevalidator.Test_AbaRouteValidator_02" time="0"/>
  <testcase name="testAbaNumberCheck_2115_good" classname="com.cardatechnologies.utils.validators.abaroutevalidator.Test_AbaRouteValidator_02" time="0"/>
  <testcase name="testAbaNumberCheck_45_good" classname="com.cardatechnologies.utils.validators.abaroutevalidator.Test_AbaRouteValidator_02" time="0"/>
  <testcase name="testAbaNumberCheck_1013_good" classname="com.cardatechnologies.utils.validators.abaroutevalidator.Test_AbaRouteValidator_02" time="0"/>
  <testcase name="testAbaNumberCheck_920_bad" classname="com.cardatechnologies.utils.validators.abaroutevalidator.Test_AbaRouteValidator_02" time="0"/>
  <testcase name="testAbaNumberCheck_470_bad" classname="com.cardatechnologies.utils.validators.abaroutevalidator.Test_AbaRouteValidator_02" time="0"/>
  <testcase name="testAbaNumberCheck_922_bad" classname="com.cardatechnologies.utils.validators.abaroutevalidator.Test_AbaRouteValidator_02" time="0"/>
  <testcase name="testAbaNumberCheck_472_bad" classname="com.cardatechnologies.utils.validators.abaroutevalidator.Test_AbaRouteValidator_02" time="0"/>
  <testcase name="testAbaNumberCheck_924_bad" classname="com.cardatechnologies.utils.validators.abaroutevalidator.Test_AbaRouteValidator_02" time="0"/>
  <testcase name="testAbaNumberCheck_474_bad" classname="com.cardatechnologies.utils.validators.abaroutevalidator.Test_AbaRouteValidator_02" time="0"/>
  <testcase name="testAbaNumberCheck_2323_good" classname="com.cardatechnologies.utils.validators.abaroutevalidator.Test_AbaRouteValidator_02" time="0"/>
  <testcase name="testAbaNumberCheck_926_bad" classname="com.cardatechnologies.utils.validators.abaroutevalidator.Test_AbaRouteValidator_02" time="0"/>
  <testcase name="testAbaNumberCheck_476_bad" classname="com.cardatechnologies.utils.validators.abaroutevalidator.Test_AbaRouteValidator_02" time="0.001"/>
  <testcase name="testAbaNumberCheck_928_bad" classname="com.cardatechnologies.utils.validators.abaroutevalidator.Test_AbaRouteValidator_02" time="0"/>
  <testcase name="testAbaNumberCheck_478_bad" classname="com.cardatechnologies.utils.validators.abaroutevalidator.Test_AbaRouteValidator_02" time="0"/>
  <testcase name="testAbaNumberCheck_2161_good" classname="com.cardatechnologies.utils.validators.abaroutevalidator.Test_AbaRouteValidator_02" time="0"/>
  <testcase name="testAbaNumberCheck_1221_good" classname="com.cardatechnologies.utils.validators.abaroutevalidator.Test_AbaRouteValidator_02" time="0"/>
  <testcase name="testAbaNumberCheck_91_good" classname="com.cardatechnologies.utils.validators.abaroutevalidator.Test_AbaRouteValidator_02" time="0"/>
  <testcase name="testAbaNumberCheck_2035_good" classname="com.cardatechnologies.utils.validators.abaroutevalidator.Test_AbaRouteValidator_02" time="0"/>
  <testcase name="testAbaNumberCheck_930_bad" classname="com.cardatechnologies.utils.validators.abaroutevalidator.Test_AbaRouteValidator_02" time="0"/>
  <testcase name="testAbaNumberCheck_480_bad" classname="com.cardatechnologies.utils.validators.abaroutevalidator.Test_AbaRouteValidator_02" time="0"/>
  <testcase name="testAbaNumberCheck_932_bad" classname="com.cardatechnologies.utils.validators.abaroutevalidator.Test_AbaRouteValidator_02" time="0"/>
  <testcase name="testAbaNumberCheck_2405_good" classname="com.cardatechnologies.utils.validators.abaroutevalidator.Test_AbaRouteValidator_02" time="0"/>
  <testcase name="testAbaNumberCheck_482_bad" classname="com.cardatechnologies.utils.validators.abaroutevalidator.Test_AbaRouteValidator_02" time="0"/>
  <testcase name="testAbaNumberCheck_934_bad" classname="com.cardatechnologies.utils.validators.abaroutevalidator.Test_AbaRouteValidator_02" time="0"/>
  <testcase name="testAbaNumberCheck_484_bad" classname="com.cardatechnologies.utils.validators.abaroutevalidator.Test_AbaRouteValidator_02" time="0"/>
  <testcase name="testAbaNumberCheck_936_bad" classname="com.cardatechnologies.utils.validators.abaroutevalidator.Test_AbaRouteValidator_02" time="0"/>
  <testcase name="testAbaNumberCheck_486_bad" classname="com.cardatechnologies.utils.validators.abaroutevalidator.Test_AbaRouteValidator_02" time="0.001"/>
  <testcase name="testAbaNumberCheck_938_bad" classname="com.cardatechnologies.utils.validators.abaroutevalidator.Test_AbaRouteValidator_02" time="0"/>
  <testcase name="testAbaNumberCheck_488_bad" classname="com.cardatechnologies.utils.validators.abaroutevalidator.Test_AbaRouteValidator_02" time="0"/>
  <testcase name="testAbaNumberCheck_2243_good" classname="com.cardatechnologies.utils.validators.abaroutevalidator.Test_AbaRouteValidator_02" time="0"/>
  <testcase name="testAbaNumberCheck_1303_good" classname="com.cardatechnologies.utils.validators.abaroutevalidator.Test_AbaRouteValidator_02" time="0"/>
  <testcase name="testAbaNumberCheck_2117_good" classname="com.cardatechnologies.utils.validators.abaroutevalidator.Test_AbaRouteValidator_02" time="0"/>
  <testcase name="testAbaNumberCheck_47_good" classname="com.cardatechnologies.utils.validators.abaroutevalidator.Test_AbaRouteValidator_02" time="0"/>
  <testcase name="testAbaNumberCheck_2081_good" classname="com.cardatechnologies.utils.validators.abaroutevalidator.Test_AbaRouteValidator_02" time="0"/>
  <testcase name="testAbaNumberCheck_1141_good" classname="com.cardatechnologies.utils.validators.abaroutevalidator.Test_AbaRouteValidator_02" time="0"/>
  <testcase name="testAbaNumberCheck_1015_good" classname="com.cardatechnologies.utils.validators.abaroutevalidator.Test_AbaRouteValidator_02" time="0"/>
  <testcase name="testAbaNumberCheck_940_bad" classname="com.cardatechnologies.utils.validators.abaroutevalidator.Test_AbaRouteValidator_02" time="0"/>
  <testcase name="testAbaNumberCheck_490_bad" classname="com.cardatechnologies.utils.validators.abaroutevalidator.Test_AbaRouteValidator_02" time="0"/>
  <testcase name="testAbaNumberCheck_2451_good" classname="com.cardatechnologies.utils.validators.abaroutevalidator.Test_AbaRouteValidator_02" time="0"/>
  <testcase name="testAbaNumberCheck_1511_good" classname="com.cardatechnologies.utils.validators.abaroutevalidator.Test_AbaRouteValidator_02" time="0"/>
  <testcase name="testAbaNumberCheck_942_bad" classname="com.cardatechnologies.utils.validators.abaroutevalidator.Test_AbaRouteValidator_02" time="0.001"/>
  <testcase name="testAbaNumberCheck_492_bad" classname="com.cardatechnologies.utils.validators.abaroutevalidator.Test_AbaRouteValidator_02" time="0"/>
  <testcase name="testAbaNumberCheck_944_bad" classname="com.cardatechnologies.utils.validators.abaroutevalidator.Test_AbaRouteValidator_02" time="0"/>
  <testcase name="testAbaNumberCheck_494_bad" classname="com.cardatechnologies.utils.validators.abaroutevalidator.Test_AbaRouteValidator_02" time="0"/>
  <testcase name="testAbaNumberCheck_2325_good" classname="com.cardatechnologies.utils.validators.abaroutevalidator.Test_AbaRouteValidator_02" time="0"/>
  <testcase name="testAbaNumberCheck_946_bad" classname="com.cardatechnologies.utils.validators.abaroutevalidator.Test_AbaRouteValidator_02" time="0"/>
  <testcase name="testAbaNumberCheck_496_bad" classname="com.cardatechnologies.utils.validators.abaroutevalidator.Test_AbaRouteValidator_02" time="0"/>
  <testcase name="testAbaNumberCheck_948_bad" classname="com.cardatechnologies.utils.validators.abaroutevalidator.Test_AbaRouteValidator_02" time="0"/>
  <testcase name="testAbaNumberCheck_498_bad" classname="com.cardatechnologies.utils.validators.abaroutevalidator.Test_AbaRouteValidator_02" time="0"/>
  <testcase name="testAbaNumberCheck_2163_good" classname="com.cardatechnologies.utils.validators.abaroutevalidator.Test_AbaRouteValidator_02" time="0"/>
  <testcase name="testAbaNumberCheck_1223_good" classname="com.cardatechnologies.utils.validators.abaroutevalidator.Test_AbaRouteValidator_02" time="0"/>
  <testcase name="testAbaNumberCheck_93_good" classname="com.cardatechnologies.utils.validators.abaroutevalidator.Test_AbaRouteValidator_02" time="0"/>
  <testcase name="testAbaNumberCheck_2037_good" classname="com.cardatechnologies.utils.validators.abaroutevalidator.Test_AbaRouteValidator_02" time="0"/>
  <testcase name="testAbaNumberCheck_1061_good" classname="com.cardatechnologies.utils.validators.abaroutevalidator.Test_AbaRouteValidator_02" time="0"/>
  <testcase name="testAbaNumberCheck_950_bad" classname="com.cardatechnologies.utils.validators.abaroutevalidator.Test_AbaRouteValidator_02" time="0"/>
  <testcase name="testAbaNumberCheck_952_bad" classname="com.cardatechnologies.utils.validators.abaroutevalidator.Test_AbaRouteValidator_02" time="0.001"/>
  <testcase name="testAbaNumberCheck_2407_good" classname="com.cardatechnologies.utils.validators.abaroutevalidator.Test_AbaRouteValidator_02" time="0"/>
  <testcase name="testAbaNumberCheck_954_bad" classname="com.cardatechnologies.utils.validators.abaroutevalidator.Test_AbaRouteValidator_02" time="0"/>
  <testcase name="testAbaNumberCheck_2371_good" classname="com.cardatechnologies.utils.validators.abaroutevalidator.Test_AbaRouteValidator_02" time="0"/>
  <testcase name="testAbaNumberCheck_1431_good" classname="com.cardatechnologies.utils.validators.abaroutevalidator.Test_AbaRouteValidator_02" time="0"/>
  <testcase name="testAbaNumberCheck_956_bad" classname="com.cardatechnologies.utils.validators.abaroutevalidator.Test_AbaRouteValidator_02" time="0"/>
  <testcase name="testAbaNumberCheck_958_bad" classname="com.cardatechnologies.utils.validators.abaroutevalidator.Test_AbaRouteValidator_02" time="0"/>
  <testcase name="testAbaNumberCheck_2245_good" classname="com.cardatechnologies.utils.validators.abaroutevalidator.Test_AbaRouteValidator_02" time="0"/>
  <testcase name="testAbaNumberCheck_1305_good" classname="com.cardatechnologies.utils.validators.abaroutevalidator.Test_AbaRouteValidator_02" time="0"/>
  <testcase name="testAbaNumberCheck_2119_good" classname="com.cardatechnologies.utils.validators.abaroutevalidator.Test_AbaRouteValidator_02" time="0"/>
  <testcase name="testAbaNumberCheck_49_good" classname="com.cardatechnologies.utils.validators.abaroutevalidator.Test_AbaRouteValidator_02" time="0"/>
  <testcase name="testAbaNumberCheck_2083_good" classname="com.cardatechnologies.utils.validators.abaroutevalidator.Test_AbaRouteValidator_02" time="0"/>
  <testcase name="testAbaNumberCheck_1143_good" classname="com.cardatechnologies.utils.validators.abaroutevalidator.Test_AbaRouteValidator_02" time="0"/>
  <testcase name="testAbaNumberCheck_1801_good" classname="com.cardatechnologies.utils.validators.abaroutevalidator.Test_AbaRouteValidator_02" time="0"/>
  <testcase name="testAbaNumberCheck_1017_good" classname="com.cardatechnologies.utils.validators.abaroutevalidator.Test_AbaRouteValidator_02" time="0"/>
  <testcase name="testAbaNumberCheck_960_bad" classname="com.cardatechnologies.utils.validators.abaroutevalidator.Test_AbaRouteValidator_02" time="0.001"/>
  <testcase name="testAbaNumberCheck_2453_good" classname="com.cardatechnologies.utils.validators.abaroutevalidator.Test_AbaRouteValidator_02" time="0"/>
  <testcase name="testAbaNumberCheck_1513_good" classname="com.cardatechnologies.utils.validators.abaroutevalidator.Test_AbaRouteValidator_02" time="0"/>
  <testcase name="testAbaNumberCheck_962_bad" classname="com.cardatechnologies.utils.validators.abaroutevalidator.Test_AbaRouteValidator_02" time="0"/>
  <testcase name="testAbaNumberCheck_964_bad" classname="com.cardatechnologies.utils.validators.abaroutevalidator.Test_AbaRouteValidator_02" time="0"/>
  <testcase name="testAbaNumberCheck_2327_good" classname="com.cardatechnologies.utils.validators.abaroutevalidator.Test_AbaRouteValidator_02" time="0"/>
  <testcase name="testAbaNumberCheck_966_bad" classname="com.cardatechnologies.utils.validators.abaroutevalidator.Test_AbaRouteValidator_02" time="0"/>
  <testcase name="testAbaNumberCheck_968_bad" classname="com.cardatechnologies.utils.validators.abaroutevalidator.Test_AbaRouteValidator_02" time="0"/>
  <testcase name="testAbaNumberCheck_2291_good" classname="com.cardatechnologies.utils.validators.abaroutevalidator.Test_AbaRouteValidator_02" time="0"/>
  <testcase name="testAbaNumberCheck_1351_good" classname="com.cardatechnologies.utils.validators.abaroutevalidator.Test_AbaRouteValidator_02" time="0"/>
  <testcase name="testAbaNumberCheck_2165_good" classname="com.cardatechnologies.utils.validators.abaroutevalidator.Test_AbaRouteValidator_02" time="0"/>
  <testcase name="testAbaNumberCheck_1225_good" classname="com.cardatechnologies.utils.validators.abaroutevalidator.Test_AbaRouteValidator_02" time="0"/>
  <testcase name="testAbaNumberCheck_95_good" classname="com.cardatechnologies.utils.validators.abaroutevalidator.Test_AbaRouteValidator_02" time="0"/>
  <testcase name="testAbaNumberCheck_2039_good" classname="com.cardatechnologies.utils.validators.abaroutevalidator.Test_AbaRouteValidator_02" time="0"/>
  <testcase name="testAbaNumberCheck_1063_good" classname="com.cardatechnologies.utils.validators.abaroutevalidator.Test_AbaRouteValidator_02" time="0.001"/>
  <testcase name="testAbaNumberCheck_1721_good" classname="com.cardatechnologies.utils.validators.abaroutevalidator.Test_AbaRouteValidator_02" time="0"/>
  <testcase name="testAbaNumberCheck_970_bad" classname="com.cardatechnologies.utils.validators.abaroutevalidator.Test_AbaRouteValidator_02" time="0"/>
  <testcase name="testAbaNumberCheck_972_bad" classname="com.cardatechnologies.utils.validators.abaroutevalidator.Test_AbaRouteValidator_02" time="0"/>
  <testcase name="testAbaNumberCheck_2409_good" classname="com.cardatechnologies.utils.validators.abaroutevalidator.Test_AbaRouteValidator_02" time="0"/>
  <testcase name="testAbaNumberCheck_974_bad" classname="com.cardatechnologies.utils.validators.abaroutevalidator.Test_AbaRouteValidator_02" time="0"/>
  <testcase name="testAbaNumberCheck_2373_good" classname="com.cardatechnologies.utils.validators.abaroutevalidator.Test_AbaRouteValidator_02" time="0"/>
  <testcase name="testAbaNumberCheck_1433_good" classname="com.cardatechnologies.utils.validators.abaroutevalidator.Test_AbaRouteValidator_02" time="0"/>
  <testcase name="testAbaNumberCheck_976_bad" classname="com.cardatechnologies.utils.validators.abaroutevalidator.Test_AbaRouteValidator_02" time="0"/>
  <testcase name="testAbaNumberCheck_978_bad" classname="com.cardatechnologies.utils.validators.abaroutevalidator.Test_AbaRouteValidator_02" time="0.001"/>
  <testcase name="testAbaNumberCheck_2247_good" classname="com.cardatechnologies.utils.validators.abaroutevalidator.Test_AbaRouteValidator_02" time="0"/>
  <testcase name="testAbaNumberCheck_1307_good" classname="com.cardatechnologies.utils.validators.abaroutevalidator.Test_AbaRouteValidator_02" time="0"/>
  <testcase name="testAbaNumberCheck_1271_good" classname="com.cardatechnologies.utils.validators.abaroutevalidator.Test_AbaRouteValidator_02" time="0"/>
  <testcase name="testAbaNumberCheck_2085_good" classname="com.cardatechnologies.utils.validators.abaroutevalidator.Test_AbaRouteValidator_02" time="0"/>
  <testcase name="testAbaNumberCheck_1145_good" classname="com.cardatechnologies.utils.validators.abaroutevalidator.Test_AbaRouteValidator_02" time="0"/>
  <testcase name="testAbaNumberCheck_1803_good" classname="com.cardatechnologies.utils.validators.abaroutevalidator.Test_AbaRouteValidator_02" time="0"/>
  <testcase name="testAbaNumberCheck_1019_good" classname="com.cardatechnologies.utils.validators.abaroutevalidator.Test_AbaRouteValidator_02" time="0"/>
  <testcase name="testAbaNumberCheck_1641_good" classname="com.cardatechnologies.utils.validators.abaroutevalidator.Test_AbaRouteValidator_02" time="0"/>
  <testcase name="testAbaNumberCheck_980_bad" classname="com.cardatechnologies.utils.validators.abaroutevalidator.Test_AbaRouteValidator_02" time="0.001"/>
  <testcase name="testAbaNumberCheck_2455_good" classname="com.cardatechnologies.utils.validators.abaroutevalidator.Test_AbaRouteValidator_02" time="0"/>
  <testcase name="testAbaNumberCheck_1515_good" classname="com.cardatechnologies.utils.validators.abaroutevalidator.Test_AbaRouteValidator_02" time="0"/>
  <testcase name="testAbaNumberCheck_982_bad" classname="com.cardatechnologies.utils.validators.abaroutevalidator.Test_AbaRouteValidator_02" time="0"/>
  <testcase name="testAbaNumberCheck_984_bad" classname="com.cardatechnologies.utils.validators.abaroutevalidator.Test_AbaRouteValidator_02" time="0"/>
  <testcase name="testAbaNumberCheck_2200_bad" classname="com.cardatechnologies.utils.validators.abaroutevalidator.Test_AbaRouteValidator_02" time="0"/>
  <testcase name="testAbaNumberCheck_2329_good" classname="com.cardatechnologies.utils.validators.abaroutevalidator.Test_AbaRouteValidator_02" time="0"/>
  <testcase name="testAbaNumberCheck_986_bad" classname="com.cardatechnologies.utils.validators.abaroutevalidator.Test_AbaRouteValidator_02" time="0"/>
  <testcase name="testAbaNumberCheck_2202_bad" classname="com.cardatechnologies.utils.validators.abaroutevalidator.Test_AbaRouteValidator_02" time="0"/>
  <testcase name="testAbaNumberCheck_988_bad" classname="com.cardatechnologies.utils.validators.abaroutevalidator.Test_AbaRouteValidator_02" time="0"/>
  <testcase name="testAbaNumberCheck_2204_bad" classname="com.cardatechnologies.utils.validators.abaroutevalidator.Test_AbaRouteValidator_02" time="0"/>
  <testcase name="testAbaNumberCheck_2293_good" classname="com.cardatechnologies.utils.validators.abaroutevalidator.Test_AbaRouteValidator_02" time="0"/>
  <testcase name="testAbaNumberCheck_1353_good" classname="com.cardatechnologies.utils.validators.abaroutevalidator.Test_AbaRouteValidator_02" time="0"/>
  <testcase name="testAbaNumberCheck_2206_bad" classname="com.cardatechnologies.utils.validators.abaroutevalidator.Test_AbaRouteValidator_02" time="0"/>
  <testcase name="testAbaNumberCheck_2208_bad" classname="com.cardatechnologies.utils.validators.abaroutevalidator.Test_AbaRouteValidator_02" time="0"/>
  <testcase name="testAbaNumberCheck_2167_good" classname="com.cardatechnologies.utils.validators.abaroutevalidator.Test_AbaRouteValidator_02" time="0.001"/>
  <testcase name="testAbaNumberCheck_1227_good" classname="com.cardatechnologies.utils.validators.abaroutevalidator.Test_AbaRouteValidator_02" time="0"/>
  <testcase name="testAbaNumberCheck_97_good" classname="com.cardatechnologies.utils.validators.abaroutevalidator.Test_AbaRouteValidator_02" time="0"/>
  <testcase name="testAbaNumberCheck_1191_good" classname="com.cardatechnologies.utils.validators.abaroutevalidator.Test_AbaRouteValidator_02" time="0"/>
  <testcase name="testAbaNumberCheck_1065_good" classname="com.cardatechnologies.utils.validators.abaroutevalidator.Test_AbaRouteValidator_02" time="0"/>
  <testcase name="testAbaNumberCheck_1723_good" classname="com.cardatechnologies.utils.validators.abaroutevalidator.Test_AbaRouteValidator_02" time="0"/>
  <testcase name="testAbaNumberCheck_990_bad" classname="com.cardatechnologies.utils.validators.abaroutevalidator.Test_AbaRouteValidator_02" time="0"/>
  <testcase name="testAbaNumberCheck_1561_good" classname="com.cardatechnologies.utils.validators.abaroutevalidator.Test_AbaRouteValidator_02" time="0"/>
  <testcase name="testAbaNumberCheck_992_bad" classname="com.cardatechnologies.utils.validators.abaroutevalidator.Test_AbaRouteValidator_02" time="0"/>
  <testcase name="testAbaNumberCheck_994_bad" classname="com.cardatechnologies.utils.validators.abaroutevalidator.Test_AbaRouteValidator_02" time="0"/>
  <testcase name="testAbaNumberCheck_2210_bad" classname="com.cardatechnologies.utils.validators.abaroutevalidator.Test_AbaRouteValidator_02" time="0"/>
  <testcase name="testAbaNumberCheck_2375_good" classname="com.cardatechnologies.utils.validators.abaroutevalidator.Test_AbaRouteValidator_02" time="0"/>
  <testcase name="testAbaNumberCheck_1435_good" classname="com.cardatechnologies.utils.validators.abaroutevalidator.Test_AbaRouteValidator_02" time="0"/>
  <testcase name="testAbaNumberCheck_996_bad" classname="com.cardatechnologies.utils.validators.abaroutevalidator.Test_AbaRouteValidator_02" time="0"/>
  <testcase name="testAbaNumberCheck_2212_bad" classname="com.cardatechnologies.utils.validators.abaroutevalidator.Test_AbaRouteValidator_02" time="0"/>
  <testcase name="testAbaNumberCheck_998_bad" classname="com.cardatechnologies.utils.validators.abaroutevalidator.Test_AbaRouteValidator_02" time="0"/>
  <testcase name="testAbaNumberCheck_1400_bad" classname="com.cardatechnologies.utils.validators.abaroutevalidator.Test_AbaRouteValidator_02" time="0"/>
  <testcase name="testAbaNumberCheck_2214_bad" classname="com.cardatechnologies.utils.validators.abaroutevalidator.Test_AbaRouteValidator_02" time="0.001"/>
  <testcase name="testAbaNumberCheck_2249_good" classname="com.cardatechnologies.utils.validators.abaroutevalidator.Test_AbaRouteValidator_02" time="0"/>
  <testcase name="testAbaNumberCheck_1309_good" classname="com.cardatechnologies.utils.validators.abaroutevalidator.Test_AbaRouteValidator_02" time="0"/>
  <testcase name="testAbaNumberCheck_1402_bad" classname="com.cardatechnologies.utils.validators.abaroutevalidator.Test_AbaRouteValidator_02" time="0"/>
  <testcase name="testAbaNumberCheck_2216_bad" classname="com.cardatechnologies.utils.validators.abaroutevalidator.Test_AbaRouteValidator_02" time="0"/>
  <testcase name="testAbaNumberCheck_1404_bad" classname="com.cardatechnologies.utils.validators.abaroutevalidator.Test_AbaRouteValidator_02" time="0"/>
  <testcase name="testAbaNumberCheck_2218_bad" classname="com.cardatechnologies.utils.validators.abaroutevalidator.Test_AbaRouteValidator_02" time="0"/>
  <testcase name="testAbaNumberCheck_1273_good" classname="com.cardatechnologies.utils.validators.abaroutevalidator.Test_AbaRouteValidator_02" time="0"/>
  <testcase name="testAbaNumberCheck_1406_bad" classname="com.cardatechnologies.utils.validators.abaroutevalidator.Test_AbaRouteValidator_02" time="0"/>
  <testcase name="testAbaNumberCheck_1931_good" classname="com.cardatechnologies.utils.validators.abaroutevalidator.Test_AbaRouteValidator_02" time="0"/>
  <testcase name="testAbaNumberCheck_1408_bad" classname="com.cardatechnologies.utils.validators.abaroutevalidator.Test_AbaRouteValidator_02" time="0"/>
  <testcase name="testAbaNumberCheck_301_good" classname="com.cardatechnologies.utils.validators.abaroutevalidator.Test_AbaRouteValidator_02" time="0"/>
  <testcase name="testAbaNumberCheck_2087_good" classname="com.cardatechnologies.utils.validators.abaroutevalidator.Test_AbaRouteValidator_02" time="0"/>
  <testcase name="testAbaNumberCheck_1147_good" classname="com.cardatechnologies.utils.validators.abaroutevalidator.Test_AbaRouteValidator_02" time="0"/>
  <testcase name="testAbaNumberCheck_1805_good" classname="com.cardatechnologies.utils.validators.abaroutevalidator.Test_AbaRouteValidator_02" time="0"/>
  <testcase name="testAbaNumberCheck_1643_good" classname="com.cardatechnologies.utils.validators.abaroutevalidator.Test_AbaRouteValidator_02" time="0"/>
  <testcase name="testAbaNumberCheck_2457_good" classname="com.cardatechnologies.utils.validators.abaroutevalidator.Test_AbaRouteValidator_02" time="0"/>
  <testcase name="testAbaNumberCheck_1517_good" classname="com.cardatechnologies.utils.validators.abaroutevalidator.Test_AbaRouteValidator_02" time="0"/>
  <testcase name="testAbaNumberCheck_2220_bad" classname="com.cardatechnologies.utils.validators.abaroutevalidator.Test_AbaRouteValidator_02" time="0"/>
  <testcase name="testAbaNumberCheck_1481_good" classname="com.cardatechnologies.utils.validators.abaroutevalidator.Test_AbaRouteValidator_02" time="0"/>
  <testcase name="testAbaNumberCheck_2222_bad" classname="com.cardatechnologies.utils.validators.abaroutevalidator.Test_AbaRouteValidator_02" time="0"/>
  <testcase name="testAbaNumberCheck_1410_bad" classname="com.cardatechnologies.utils.validators.abaroutevalidator.Test_AbaRouteValidator_02" time="0"/>
  <testcase name="testAbaNumberCheck_2224_bad" classname="com.cardatechnologies.utils.validators.abaroutevalidator.Test_AbaRouteValidator_02" time="0"/>
  <testcase name="testAbaNumberCheck_2295_good" classname="com.cardatechnologies.utils.validators.abaroutevalidator.Test_AbaRouteValidator_02" time="0"/>
  <testcase name="testAbaNumberCheck_1355_good" classname="com.cardatechnologies.utils.validators.abaroutevalidator.Test_AbaRouteValidator_02" time="0"/>
  <testcase name="testAbaNumberCheck_1412_bad" classname="com.cardatechnologies.utils.validators.abaroutevalidator.Test_AbaRouteValidator_02" time="0"/>
  <testcase name="testAbaNumberCheck_2226_bad" classname="com.cardatechnologies.utils.validators.abaroutevalidator.Test_AbaRouteValidator_02" time="0"/>
  <testcase name="testAbaNumberCheck_1414_bad" classname="com.cardatechnologies.utils.validators.abaroutevalidator.Test_AbaRouteValidator_02" time="0"/>
  <testcase name="testAbaNumberCheck_2228_bad" classname="com.cardatechnologies.utils.validators.abaroutevalidator.Test_AbaRouteValidator_02" time="0"/>
  <testcase name="testAbaNumberCheck_2169_good" classname="com.cardatechnologies.utils.validators.abaroutevalidator.Test_AbaRouteValidator_02" time="0"/>
  <testcase name="testAbaNumberCheck_1229_good" classname="com.cardatechnologies.utils.validators.abaroutevalidator.Test_AbaRouteValidator_02" time="0"/>
  <testcase name="testAbaNumberCheck_1416_bad" classname="com.cardatechnologies.utils.validators.abaroutevalidator.Test_AbaRouteValidator_02" time="0.001"/>
  <testcase name="testAbaNumberCheck_99_good" classname="com.cardatechnologies.utils.validators.abaroutevalidator.Test_AbaRouteValidator_02" time="0"/>
  <testcase name="testAbaNumberCheck_1418_bad" classname="com.cardatechnologies.utils.validators.abaroutevalidator.Test_AbaRouteValidator_02" time="0"/>
  <testcase name="testAbaNumberCheck_1193_good" classname="com.cardatechnologies.utils.validators.abaroutevalidator.Test_AbaRouteValidator_02" time="0"/>
  <testcase name="testAbaNumberCheck_1851_good" classname="com.cardatechnologies.utils.validators.abaroutevalidator.Test_AbaRouteValidator_02" time="0"/>
  <testcase name="testAbaNumberCheck_221_good" classname="com.cardatechnologies.utils.validators.abaroutevalidator.Test_AbaRouteValidator_02" time="0"/>
  <testcase name="testAbaNumberCheck_1067_good" classname="com.cardatechnologies.utils.validators.abaroutevalidator.Test_AbaRouteValidator_02" time="0"/>
  <testcase name="testAbaNumberCheck_1725_good" classname="com.cardatechnologies.utils.validators.abaroutevalidator.Test_AbaRouteValidator_02" time="0"/>
  <testcase name="testAbaNumberCheck_1563_good" classname="com.cardatechnologies.utils.validators.abaroutevalidator.Test_AbaRouteValidator_02" time="0"/>
  <testcase name="testAbaNumberCheck_2230_bad" classname="com.cardatechnologies.utils.validators.abaroutevalidator.Test_AbaRouteValidator_02" time="0"/>
  <testcase name="testAbaNumberCheck_2377_good" classname="com.cardatechnologies.utils.validators.abaroutevalidator.Test_AbaRouteValidator_02" time="0"/>
  <testcase name="testAbaNumberCheck_1437_good" classname="com.cardatechnologies.utils.validators.abaroutevalidator.Test_AbaRouteValidator_02" time="0.001"/>
  <testcase name="testAbaNumberCheck_2232_bad" classname="com.cardatechnologies.utils.validators.abaroutevalidator.Test_AbaRouteValidator_02" time="0"/>
  <testcase name="testAbaNumberCheck_1420_bad" classname="com.cardatechnologies.utils.validators.abaroutevalidator.Test_AbaRouteValidator_02" time="0"/>
  <testcase name="testAbaNumberCheck_2234_bad" classname="com.cardatechnologies.utils.validators.abaroutevalidator.Test_AbaRouteValidator_02" time="0"/>
  <testcase name="testAbaNumberCheck_1422_bad" classname="com.cardatechnologies.utils.validators.abaroutevalidator.Test_AbaRouteValidator_02" time="0"/>
  <testcase name="testAbaNumberCheck_2236_bad" classname="com.cardatechnologies.utils.validators.abaroutevalidator.Test_AbaRouteValidator_02" time="0"/>
  <testcase name="testAbaNumberCheck_1424_bad" classname="com.cardatechnologies.utils.validators.abaroutevalidator.Test_AbaRouteValidator_02" time="0"/>
  <testcase name="testAbaNumberCheck_2238_bad" classname="com.cardatechnologies.utils.validators.abaroutevalidator.Test_AbaRouteValidator_02" time="0"/>
  <testcase name="testAbaNumberCheck_1275_good" classname="com.cardatechnologies.utils.validators.abaroutevalidator.Test_AbaRouteValidator_02" time="0.001"/>
  <testcase name="testAbaNumberCheck_1426_bad" classname="com.cardatechnologies.utils.validators.abaroutevalidator.Test_AbaRouteValidator_02" time="0"/>
  <testcase name="testAbaNumberCheck_1933_good" classname="com.cardatechnologies.utils.validators.abaroutevalidator.Test_AbaRouteValidator_02" time="0"/>
  <testcase name="testAbaNumberCheck_1428_bad" classname="com.cardatechnologies.utils.validators.abaroutevalidator.Test_AbaRouteValidator_02" time="0"/>
  <testcase name="testAbaNumberCheck_303_good" classname="com.cardatechnologies.utils.validators.abaroutevalidator.Test_AbaRouteValidator_02" time="0"/>
  <testcase name="testAbaNumberCheck_2089_good" classname="com.cardatechnologies.utils.validators.abaroutevalidator.Test_AbaRouteValidator_02" time="0"/>
  <testcase name="testAbaNumberCheck_1149_good" classname="com.cardatechnologies.utils.validators.abaroutevalidator.Test_AbaRouteValidator_02" time="0"/>
  <testcase name="testAbaNumberCheck_1807_good" classname="com.cardatechnologies.utils.validators.abaroutevalidator.Test_AbaRouteValidator_02" time="0"/>
  <testcase name="testAbaNumberCheck_1771_good" classname="com.cardatechnologies.utils.validators.abaroutevalidator.Test_AbaRouteValidator_02" time="0"/>
  <testcase name="testAbaNumberCheck_141_good" classname="com.cardatechnologies.utils.validators.abaroutevalidator.Test_AbaRouteValidator_02" time="0"/>
  <testcase name="testAbaNumberCheck_1645_good" classname="com.cardatechnologies.utils.validators.abaroutevalidator.Test_AbaRouteValidator_02" time="0"/>
  <testcase name="testAbaNumberCheck_2459_good" classname="com.cardatechnologies.utils.validators.abaroutevalidator.Test_AbaRouteValidator_02" time="0"/>
  <testcase name="testAbaNumberCheck_1519_good" classname="com.cardatechnologies.utils.validators.abaroutevalidator.Test_AbaRouteValidator_02" time="0"/>
  <testcase name="testAbaNumberCheck_2240_bad" classname="com.cardatechnologies.utils.validators.abaroutevalidator.Test_AbaRouteValidator_02" time="0"/>
  <testcase name="testAbaNumberCheck_1483_good" classname="com.cardatechnologies.utils.validators.abaroutevalidator.Test_AbaRouteValidator_02" time="0"/>
  <testcase name="testAbaNumberCheck_2242_bad" classname="com.cardatechnologies.utils.validators.abaroutevalidator.Test_AbaRouteValidator_02" time="0"/>
  <testcase name="testAbaNumberCheck_1430_bad" classname="com.cardatechnologies.utils.validators.abaroutevalidator.Test_AbaRouteValidator_02" time="0"/>
  <testcase name="testAbaNumberCheck_2244_bad" classname="com.cardatechnologies.utils.validators.abaroutevalidator.Test_AbaRouteValidator_02" time="0"/>
  <testcase name="testAbaNumberCheck_511_good" classname="com.cardatechnologies.utils.validators.abaroutevalidator.Test_AbaRouteValidator_02" time="0"/>
  <testcase name="testAbaNumberCheck_2297_good" classname="com.cardatechnologies.utils.validators.abaroutevalidator.Test_AbaRouteValidator_02" time="0"/>
  <testcase name="testAbaNumberCheck_1357_good" classname="com.cardatechnologies.utils.validators.abaroutevalidator.Test_AbaRouteValidator_02" time="0"/>
  <testcase name="testAbaNumberCheck_1432_bad" classname="com.cardatechnologies.utils.validators.abaroutevalidator.Test_AbaRouteValidator_02" time="0.001"/>
  <testcase name="testAbaNumberCheck_2246_bad" classname="com.cardatechnologies.utils.validators.abaroutevalidator.Test_AbaRouteValidator_02" time="0"/>
  <testcase name="testAbaNumberCheck_1434_bad" classname="com.cardatechnologies.utils.validators.abaroutevalidator.Test_AbaRouteValidator_02" time="0"/>
  <testcase name="testAbaNumberCheck_2248_bad" classname="com.cardatechnologies.utils.validators.abaroutevalidator.Test_AbaRouteValidator_02" time="0"/>
  <testcase name="testAbaNumberCheck_1436_bad" classname="com.cardatechnologies.utils.validators.abaroutevalidator.Test_AbaRouteValidator_02" time="0"/>
  <testcase name="testAbaNumberCheck_1438_bad" classname="com.cardatechnologies.utils.validators.abaroutevalidator.Test_AbaRouteValidator_02" time="0"/>
  <testcase name="testAbaNumberCheck_1195_good" classname="com.cardatechnologies.utils.validators.abaroutevalidator.Test_AbaRouteValidator_02" time="0"/>
  <testcase name="testAbaNumberCheck_1853_good" classname="com.cardatechnologies.utils.validators.abaroutevalidator.Test_AbaRouteValidator_02" time="0"/>
  <testcase name="testAbaNumberCheck_223_good" classname="com.cardatechnologies.utils.validators.abaroutevalidator.Test_AbaRouteValidator_02" time="0"/>
  <testcase name="testAbaNumberCheck_1069_good" classname="com.cardatechnologies.utils.validators.abaroutevalidator.Test_AbaRouteValidator_02" time="0"/>
  <testcase name="testAbaNumberCheck_1727_good" classname="com.cardatechnologies.utils.validators.abaroutevalidator.Test_AbaRouteValidator_02" time="0.001"/>
  <testcase name="testAbaNumberCheck_1691_good" classname="com.cardatechnologies.utils.validators.abaroutevalidator.Test_AbaRouteValidator_02" time="0"/>
  <testcase name="testAbaNumberCheck_1565_good" classname="com.cardatechnologies.utils.validators.abaroutevalidator.Test_AbaRouteValidator_02" time="0"/>
  <testcase name="testAbaNumberCheck_2250_bad" classname="com.cardatechnologies.utils.validators.abaroutevalidator.Test_AbaRouteValidator_02" time="0"/>
  <testcase name="testAbaNumberCheck_2379_good" classname="com.cardatechnologies.utils.validators.abaroutevalidator.Test_AbaRouteValidator_02" time="0"/>
  <testcase name="testAbaNumberCheck_1439_good" classname="com.cardatechnologies.utils.validators.abaroutevalidator.Test_AbaRouteValidator_02" time="0"/>
  <testcase name="testAbaNumberCheck_2252_bad" classname="com.cardatechnologies.utils.validators.abaroutevalidator.Test_AbaRouteValidator_02" time="0"/>
  <testcase name="testAbaNumberCheck_1440_bad" classname="com.cardatechnologies.utils.validators.abaroutevalidator.Test_AbaRouteValidator_02" time="0"/>
  <testcase name="testAbaNumberCheck_2254_bad" classname="com.cardatechnologies.utils.validators.abaroutevalidator.Test_AbaRouteValidator_02" time="0"/>
  <testcase name="testAbaNumberCheck_1442_bad" classname="com.cardatechnologies.utils.validators.abaroutevalidator.Test_AbaRouteValidator_02" time="0.001"/>
  <testcase name="testAbaNumberCheck_2256_bad" classname="com.cardatechnologies.utils.validators.abaroutevalidator.Test_AbaRouteValidator_02" time="0"/>
  <testcase name="testAbaNumberCheck_1444_bad" classname="com.cardatechnologies.utils.validators.abaroutevalidator.Test_AbaRouteValidator_02" time="0"/>
  <testcase name="testAbaNumberCheck_431_good" classname="com.cardatechnologies.utils.validators.abaroutevalidator.Test_AbaRouteValidator_02" time="0"/>
  <testcase name="testAbaNumberCheck_2258_bad" classname="com.cardatechnologies.utils.validators.abaroutevalidator.Test_AbaRouteValidator_02" time="0"/>
  <testcase name="testAbaNumberCheck_1277_good" classname="com.cardatechnologies.utils.validators.abaroutevalidator.Test_AbaRouteValidator_02" time="0"/>
  <testcase name="testAbaNumberCheck_1446_bad" classname="com.cardatechnologies.utils.validators.abaroutevalidator.Test_AbaRouteValidator_02" time="0"/>
  <testcase name="testAbaNumberCheck_1935_good" classname="com.cardatechnologies.utils.validators.abaroutevalidator.Test_AbaRouteValidator_02" time="0"/>
  <testcase name="testAbaNumberCheck_1448_bad" classname="com.cardatechnologies.utils.validators.abaroutevalidator.Test_AbaRouteValidator_02" time="0"/>
  <testcase name="testAbaNumberCheck_305_good" classname="com.cardatechnologies.utils.validators.abaroutevalidator.Test_AbaRouteValidator_02" time="0.001"/>
  <testcase name="testAbaNumberCheck_1809_good" classname="com.cardatechnologies.utils.validators.abaroutevalidator.Test_AbaRouteValidator_02" time="0"/>
  <testcase name="testAbaNumberCheck_1773_good" classname="com.cardatechnologies.utils.validators.abaroutevalidator.Test_AbaRouteValidator_02" time="0"/>
  <testcase name="testAbaNumberCheck_143_good" classname="com.cardatechnologies.utils.validators.abaroutevalidator.Test_AbaRouteValidator_02" time="0"/>
  <testcase name="testAbaNumberCheck_801_good" classname="com.cardatechnologies.utils.validators.abaroutevalidator.Test_AbaRouteValidator_02" time="0"/>
  <testcase name="testAbaNumberCheck_1647_good" classname="com.cardatechnologies.utils.validators.abaroutevalidator.Test_AbaRouteValidator_02" time="0"/>
  <testcase name="testAbaNumberCheck_2260_bad" classname="com.cardatechnologies.utils.validators.abaroutevalidator.Test_AbaRouteValidator_02" time="0"/>
  <testcase name="testAbaNumberCheck_1485_good" classname="com.cardatechnologies.utils.validators.abaroutevalidator.Test_AbaRouteValidator_02" time="0"/>
  <testcase name="testAbaNumberCheck_2262_bad" classname="com.cardatechnologies.utils.validators.abaroutevalidator.Test_AbaRouteValidator_02" time="0"/>
  <testcase name="testAbaNumberCheck_1900_bad" classname="com.cardatechnologies.utils.validators.abaroutevalidator.Test_AbaRouteValidator_02" time="0"/>
  <testcase name="testAbaNumberCheck_1450_bad" classname="com.cardatechnologies.utils.validators.abaroutevalidator.Test_AbaRouteValidator_02" time="0"/>
  <testcase name="testAbaNumberCheck_2264_bad" classname="com.cardatechnologies.utils.validators.abaroutevalidator.Test_AbaRouteValidator_02" time="0"/>
  <testcase name="testAbaNumberCheck_513_good" classname="com.cardatechnologies.utils.validators.abaroutevalidator.Test_AbaRouteValidator_02" time="0"/>
  <testcase name="testAbaNumberCheck_2299_good" classname="com.cardatechnologies.utils.validators.abaroutevalidator.Test_AbaRouteValidator_02" time="0"/>
  <testcase name="testAbaNumberCheck_1359_good" classname="com.cardatechnologies.utils.validators.abaroutevalidator.Test_AbaRouteValidator_02" time="0"/>
  <testcase name="testAbaNumberCheck_1902_bad" classname="com.cardatechnologies.utils.validators.abaroutevalidator.Test_AbaRouteValidator_02" time="0"/>
  <testcase name="testAbaNumberCheck_1452_bad" classname="com.cardatechnologies.utils.validators.abaroutevalidator.Test_AbaRouteValidator_02" time="0"/>
  <testcase name="testAbaNumberCheck_2266_bad" classname="com.cardatechnologies.utils.validators.abaroutevalidator.Test_AbaRouteValidator_02" time="0"/>
  <testcase name="testAbaNumberCheck_1904_bad" classname="com.cardatechnologies.utils.validators.abaroutevalidator.Test_AbaRouteValidator_02" time="0"/>
  <testcase name="testAbaNumberCheck_1454_bad" classname="com.cardatechnologies.utils.validators.abaroutevalidator.Test_AbaRouteValidator_02" time="0.001"/>
  <testcase name="testAbaNumberCheck_2268_bad" classname="com.cardatechnologies.utils.validators.abaroutevalidator.Test_AbaRouteValidator_02" time="0"/>
  <testcase name="testAbaNumberCheck_1906_bad" classname="com.cardatechnologies.utils.validators.abaroutevalidator.Test_AbaRouteValidator_02" time="0"/>
  <testcase name="testAbaNumberCheck_1456_bad" classname="com.cardatechnologies.utils.validators.abaroutevalidator.Test_AbaRouteValidator_02" time="0"/>
  <testcase name="testAbaNumberCheck_1981_good" classname="com.cardatechnologies.utils.validators.abaroutevalidator.Test_AbaRouteValidator_02" time="0"/>
  <testcase name="testAbaNumberCheck_1908_bad" classname="com.cardatechnologies.utils.validators.abaroutevalidator.Test_AbaRouteValidator_02" time="0"/>
  <testcase name="testAbaNumberCheck_351_good" classname="com.cardatechnologies.utils.validators.abaroutevalidator.Test_AbaRouteValidator_02" time="0"/>
  <testcase name="testAbaNumberCheck_1458_bad" classname="com.cardatechnologies.utils.validators.abaroutevalidator.Test_AbaRouteValidator_02" time="0"/>
  <testcase name="testAbaNumberCheck_1197_good" classname="com.cardatechnologies.utils.validators.abaroutevalidator.Test_AbaRouteValidator_02" time="0"/>
  <testcase name="testAbaNumberCheck_1855_good" classname="com.cardatechnologies.utils.validators.abaroutevalidator.Test_AbaRouteValidator_02" time="0"/>
  <testcase name="testAbaNumberCheck_225_good" classname="com.cardatechnologies.utils.validators.abaroutevalidator.Test_AbaRouteValidator_02" time="0"/>
  <testcase name="testAbaNumberCheck_1729_good" classname="com.cardatechnologies.utils.validators.abaroutevalidator.Test_AbaRouteValidator_02" time="0"/>
  <testcase name="testAbaNumberCheck_1693_good" classname="com.cardatechnologies.utils.validators.abaroutevalidator.Test_AbaRouteValidator_02" time="0"/>
  <testcase name="testAbaNumberCheck_721_good" classname="com.cardatechnologies.utils.validators.abaroutevalidator.Test_AbaRouteValidator_02" time="0"/>
  <testcase name="testAbaNumberCheck_1567_good" classname="com.cardatechnologies.utils.validators.abaroutevalidator.Test_AbaRouteValidator_02" time="0"/>
  <testcase name="testAbaNumberCheck_2270_bad" classname="com.cardatechnologies.utils.validators.abaroutevalidator.Test_AbaRouteValidator_02" time="0"/>
  <testcase name="testAbaNumberCheck_2272_bad" classname="com.cardatechnologies.utils.validators.abaroutevalidator.Test_AbaRouteValidator_02" time="0"/>
  <testcase name="testAbaNumberCheck_1910_bad" classname="com.cardatechnologies.utils.validators.abaroutevalidator.Test_AbaRouteValidator_02" time="0"/>
  <testcase name="testAbaNumberCheck_1460_bad" classname="com.cardatechnologies.utils.validators.abaroutevalidator.Test_AbaRouteValidator_02" time="0.001"/>
  <testcase name="testAbaNumberCheck_2274_bad" classname="com.cardatechnologies.utils.validators.abaroutevalidator.Test_AbaRouteValidator_02" time="0"/>
  <testcase name="testAbaNumberCheck_1912_bad" classname="com.cardatechnologies.utils.validators.abaroutevalidator.Test_AbaRouteValidator_02" time="0"/>
  <testcase name="testAbaNumberCheck_1462_bad" classname="com.cardatechnologies.utils.validators.abaroutevalidator.Test_AbaRouteValidator_02" time="0"/>
  <testcase name="testAbaNumberCheck_2276_bad" classname="com.cardatechnologies.utils.validators.abaroutevalidator.Test_AbaRouteValidator_02" time="0"/>
  <testcase name="testAbaNumberCheck_1914_bad" classname="com.cardatechnologies.utils.validators.abaroutevalidator.Test_AbaRouteValidator_02" time="0"/>
  <testcase name="testAbaNumberCheck_1464_bad" classname="com.cardatechnologies.utils.validators.abaroutevalidator.Test_AbaRouteValidator_02" time="0"/>
  <testcase name="testAbaNumberCheck_433_good" classname="com.cardatechnologies.utils.validators.abaroutevalidator.Test_AbaRouteValidator_02" time="0"/>
  <testcase name="testAbaNumberCheck_2278_bad" classname="com.cardatechnologies.utils.validators.abaroutevalidator.Test_AbaRouteValidator_02" time="0"/>
  <testcase name="testAbaNumberCheck_1279_good" classname="com.cardatechnologies.utils.validators.abaroutevalidator.Test_AbaRouteValidator_02" time="0"/>
  <testcase name="testAbaNumberCheck_1916_bad" classname="com.cardatechnologies.utils.validators.abaroutevalidator.Test_AbaRouteValidator_02" time="0"/>
  <testcase name="testAbaNumberCheck_1466_bad" classname="com.cardatechnologies.utils.validators.abaroutevalidator.Test_AbaRouteValidator_02" time="0"/>
  <testcase name="testAbaNumberCheck_1918_bad" classname="com.cardatechnologies.utils.validators.abaroutevalidator.Test_AbaRouteValidator_02" time="0"/>
  <testcase name="testAbaNumberCheck_1937_good" classname="com.cardatechnologies.utils.validators.abaroutevalidator.Test_AbaRouteValidator_02" time="0"/>
  <testcase name="testAbaNumberCheck_1468_bad" classname="com.cardatechnologies.utils.validators.abaroutevalidator.Test_AbaRouteValidator_02" time="0"/>
  <testcase name="testAbaNumberCheck_307_good" classname="com.cardatechnologies.utils.validators.abaroutevalidator.Test_AbaRouteValidator_02" time="0"/>
  <testcase name="testAbaNumberCheck_271_good" classname="com.cardatechnologies.utils.validators.abaroutevalidator.Test_AbaRouteValidator_02" time="0.001"/>
  <testcase name="testAbaNumberCheck_1775_good" classname="com.cardatechnologies.utils.validators.abaroutevalidator.Test_AbaRouteValidator_02" time="0"/>
  <testcase name="testAbaNumberCheck_145_good" classname="com.cardatechnologies.utils.validators.abaroutevalidator.Test_AbaRouteValidator_02" time="0"/>
  <testcase name="testAbaNumberCheck_803_good" classname="com.cardatechnologies.utils.validators.abaroutevalidator.Test_AbaRouteValidator_02" time="0"/>
  <testcase name="testAbaNumberCheck_1649_good" classname="com.cardatechnologies.utils.validators.abaroutevalidator.Test_AbaRouteValidator_02" time="0"/>
  <testcase name="testAbaNumberCheck_641_good" classname="com.cardatechnologies.utils.validators.abaroutevalidator.Test_AbaRouteValidator_02" time="0"/>
  <testcase name="testAbaNumberCheck_2280_bad" classname="com.cardatechnologies.utils.validators.abaroutevalidator.Test_AbaRouteValidator_02" time="0"/>
  <testcase name="testAbaNumberCheck_1487_good" classname="com.cardatechnologies.utils.validators.abaroutevalidator.Test_AbaRouteValidator_02" time="0"/>
  <testcase name="testAbaNumberCheck_2282_bad" classname="com.cardatechnologies.utils.validators.abaroutevalidator.Test_AbaRouteValidator_02" time="0"/>
  <testcase name="testAbaNumberCheck_1920_bad" classname="com.cardatechnologies.utils.validators.abaroutevalidator.Test_AbaRouteValidator_02" time="0"/>
  <testcase name="testAbaNumberCheck_1470_bad" classname="com.cardatechnologies.utils.validators.abaroutevalidator.Test_AbaRouteValidator_02" time="0"/>
  <testcase name="testAbaNumberCheck_2284_bad" classname="com.cardatechnologies.utils.validators.abaroutevalidator.Test_AbaRouteValidator_02" time="0"/>
  <testcase name="testAbaNumberCheck_515_good" classname="com.cardatechnologies.utils.validators.abaroutevalidator.Test_AbaRouteValidator_02" time="0"/>
  <testcase name="testAbaNumberCheck_1922_bad" classname="com.cardatechnologies.utils.validators.abaroutevalidator.Test_AbaRouteValidator_02" time="0"/>
  <testcase name="testAbaNumberCheck_1472_bad" classname="com.cardatechnologies.utils.validators.abaroutevalidator.Test_AbaRouteValidator_02" time="0"/>
  <testcase name="testAbaNumberCheck_2286_bad" classname="com.cardatechnologies.utils.validators.abaroutevalidator.Test_AbaRouteValidator_02" time="0"/>
  <testcase name="testAbaNumberCheck_1924_bad" classname="com.cardatechnologies.utils.validators.abaroutevalidator.Test_AbaRouteValidator_02" time="0"/>
  <testcase name="testAbaNumberCheck_1474_bad" classname="com.cardatechnologies.utils.validators.abaroutevalidator.Test_AbaRouteValidator_02" time="0"/>
  <testcase name="testAbaNumberCheck_2288_bad" classname="com.cardatechnologies.utils.validators.abaroutevalidator.Test_AbaRouteValidator_02" time="0"/>
  <testcase name="testAbaNumberCheck_1926_bad" classname="com.cardatechnologies.utils.validators.abaroutevalidator.Test_AbaRouteValidator_02" time="0"/>
  <testcase name="testAbaNumberCheck_1476_bad" classname="com.cardatechnologies.utils.validators.abaroutevalidator.Test_AbaRouteValidator_02" time="0"/>
  <testcase name="testAbaNumberCheck_1983_good" classname="com.cardatechnologies.utils.validators.abaroutevalidator.Test_AbaRouteValidator_02" time="0"/>
  <testcase name="testAbaNumberCheck_1928_bad" classname="com.cardatechnologies.utils.validators.abaroutevalidator.Test_AbaRouteValidator_02" time="0"/>
  <testcase name="testAbaNumberCheck_353_good" classname="com.cardatechnologies.utils.validators.abaroutevalidator.Test_AbaRouteValidator_02" time="0"/>
  <testcase name="testAbaNumberCheck_1478_bad" classname="com.cardatechnologies.utils.validators.abaroutevalidator.Test_AbaRouteValidator_02" time="0"/>
  <testcase name="testAbaNumberCheck_1199_good" classname="com.cardatechnologies.utils.validators.abaroutevalidator.Test_AbaRouteValidator_02" time="0"/>
  <testcase name="testAbaNumberCheck_1857_good" classname="com.cardatechnologies.utils.validators.abaroutevalidator.Test_AbaRouteValidator_02" time="0"/>
  <testcase name="testAbaNumberCheck_227_good" classname="com.cardatechnologies.utils.validators.abaroutevalidator.Test_AbaRouteValidator_02" time="0"/>
  <testcase name="testAbaNumberCheck_191_good" classname="com.cardatechnologies.utils.validators.abaroutevalidator.Test_AbaRouteValidator_02" time="0"/>
  <testcase name="testAbaNumberCheck_1695_good" classname="com.cardatechnologies.utils.validators.abaroutevalidator.Test_AbaRouteValidator_02" time="0"/>
  <testcase name="testAbaNumberCheck_723_good" classname="com.cardatechnologies.utils.validators.abaroutevalidator.Test_AbaRouteValidator_02" time="0"/>
  <testcase name="testAbaNumberCheck_1569_good" classname="com.cardatechnologies.utils.validators.abaroutevalidator.Test_AbaRouteValidator_02" time="0"/>
  <testcase name="testAbaNumberCheck_2290_bad" classname="com.cardatechnologies.utils.validators.abaroutevalidator.Test_AbaRouteValidator_02" time="0.001"/>
  <testcase name="testAbaNumberCheck_2292_bad" classname="com.cardatechnologies.utils.validators.abaroutevalidator.Test_AbaRouteValidator_02" time="0"/>
  <testcase name="testAbaNumberCheck_1930_bad" classname="com.cardatechnologies.utils.validators.abaroutevalidator.Test_AbaRouteValidator_02" time="0"/>
  <testcase name="testAbaNumberCheck_561_good" classname="com.cardatechnologies.utils.validators.abaroutevalidator.Test_AbaRouteValidator_02" time="0"/>
  <testcase name="testAbaNumberCheck_1480_bad" classname="com.cardatechnologies.utils.validators.abaroutevalidator.Test_AbaRouteValidator_02" time="0"/>
  <testcase name="testAbaNumberCheck_2294_bad" classname="com.cardatechnologies.utils.validators.abaroutevalidator.Test_AbaRouteValidator_02" time="0"/>
  <testcase name="testAbaNumberCheck_1932_bad" classname="com.cardatechnologies.utils.validators.abaroutevalidator.Test_AbaRouteValidator_02" time="0"/>
  <testcase name="testAbaNumberCheck_1482_bad" classname="com.cardatechnologies.utils.validators.abaroutevalidator.Test_AbaRouteValidator_02" time="0"/>
  <testcase name="testAbaNumberCheck_2296_bad" classname="com.cardatechnologies.utils.validators.abaroutevalidator.Test_AbaRouteValidator_02" time="0"/>
  <testcase name="testAbaNumberCheck_1934_bad" classname="com.cardatechnologies.utils.validators.abaroutevalidator.Test_AbaRouteValidator_02" time="0"/>
  <testcase name="testAbaNumberCheck_1484_bad" classname="com.cardatechnologies.utils.validators.abaroutevalidator.Test_AbaRouteValidator_02" time="0"/>
  <testcase name="testAbaNumberCheck_435_good" classname="com.cardatechnologies.utils.validators.abaroutevalidator.Test_AbaRouteValidator_02" time="0"/>
  <testcase name="testAbaNumberCheck_2298_bad" classname="com.cardatechnologies.utils.validators.abaroutevalidator.Test_AbaRouteValidator_02" time="0"/>
  <testcase name="testAbaNumberCheck_1936_bad" classname="com.cardatechnologies.utils.validators.abaroutevalidator.Test_AbaRouteValidator_02" time="0"/>
  <testcase name="testAbaNumberCheck_1486_bad" classname="com.cardatechnologies.utils.validators.abaroutevalidator.Test_AbaRouteValidator_02" time="0"/>
  <testcase name="testAbaNumberCheck_1938_bad" classname="com.cardatechnologies.utils.validators.abaroutevalidator.Test_AbaRouteValidator_02" time="0"/>
  <testcase name="testAbaNumberCheck_1939_good" classname="com.cardatechnologies.utils.validators.abaroutevalidator.Test_AbaRouteValidator_02" time="0"/>
  <testcase name="testAbaNumberCheck_1488_bad" classname="com.cardatechnologies.utils.validators.abaroutevalidator.Test_AbaRouteValidator_02" time="0"/>
  <testcase name="testAbaNumberCheck_309_good" classname="com.cardatechnologies.utils.validators.abaroutevalidator.Test_AbaRouteValidator_02" time="0"/>
  <testcase name="testAbaNumberCheck_273_good" classname="com.cardatechnologies.utils.validators.abaroutevalidator.Test_AbaRouteValidator_02" time="0"/>
  <testcase name="testAbaNumberCheck_931_good" classname="com.cardatechnologies.utils.validators.abaroutevalidator.Test_AbaRouteValidator_02" time="0"/>
  <testcase name="testAbaNumberCheck_1777_good" classname="com.cardatechnologies.utils.validators.abaroutevalidator.Test_AbaRouteValidator_02" time="0"/>
  <testcase name="testAbaNumberCheck_147_good" classname="com.cardatechnologies.utils.validators.abaroutevalidator.Test_AbaRouteValidator_02" time="0"/>
  <testcase name="testAbaNumberCheck_805_good" classname="com.cardatechnologies.utils.validators.abaroutevalidator.Test_AbaRouteValidator_02" time="0"/>
  <testcase name="testAbaNumberCheck_643_good" classname="com.cardatechnologies.utils.validators.abaroutevalidator.Test_AbaRouteValidator_02" time="0"/>
  <testcase name="testAbaNumberCheck_1489_good" classname="com.cardatechnologies.utils.validators.abaroutevalidator.Test_AbaRouteValidator_02" time="0"/>
  <testcase name="testAbaNumberCheck_1940_bad" classname="com.cardatechnologies.utils.validators.abaroutevalidator.Test_AbaRouteValidator_02" time="0"/>
  <testcase name="testAbaNumberCheck_1490_bad" classname="com.cardatechnologies.utils.validators.abaroutevalidator.Test_AbaRouteValidator_02" time="0"/>
  <testcase name="testAbaNumberCheck_517_good" classname="com.cardatechnologies.utils.validators.abaroutevalidator.Test_AbaRouteValidator_02" time="0"/>
  <testcase name="testAbaNumberCheck_1942_bad" classname="com.cardatechnologies.utils.validators.abaroutevalidator.Test_AbaRouteValidator_02" time="0"/>
  <testcase name="testAbaNumberCheck_1492_bad" classname="com.cardatechnologies.utils.validators.abaroutevalidator.Test_AbaRouteValidator_02" time="0"/>
  <testcase name="testAbaNumberCheck_1944_bad" classname="com.cardatechnologies.utils.validators.abaroutevalidator.Test_AbaRouteValidator_02" time="0.001"/>
  <testcase name="testAbaNumberCheck_481_good" classname="com.cardatechnologies.utils.validators.abaroutevalidator.Test_AbaRouteValidator_02" time="0"/>
  <testcase name="testAbaNumberCheck_1494_bad" classname="com.cardatechnologies.utils.validators.abaroutevalidator.Test_AbaRouteValidator_02" time="0"/>
  <testcase name="testAbaNumberCheck_1946_bad" classname="com.cardatechnologies.utils.validators.abaroutevalidator.Test_AbaRouteValidator_02" time="0"/>
  <testcase name="testAbaNumberCheck_1496_bad" classname="com.cardatechnologies.utils.validators.abaroutevalidator.Test_AbaRouteValidator_02" time="0"/>
  <testcase name="testAbaNumberCheck_1985_good" classname="com.cardatechnologies.utils.validators.abaroutevalidator.Test_AbaRouteValidator_02" time="0"/>
  <testcase name="testAbaNumberCheck_1948_bad" classname="com.cardatechnologies.utils.validators.abaroutevalidator.Test_AbaRouteValidator_02" time="0"/>
  <testcase name="testAbaNumberCheck_355_good" classname="com.cardatechnologies.utils.validators.abaroutevalidator.Test_AbaRouteValidator_02" time="0"/>
  <testcase name="testAbaNumberCheck_1498_bad" classname="com.cardatechnologies.utils.validators.abaroutevalidator.Test_AbaRouteValidator_02" time="0"/>
  <testcase name="testAbaNumberCheck_1859_good" classname="com.cardatechnologies.utils.validators.abaroutevalidator.Test_AbaRouteValidator_02" time="0"/>
  <testcase name="testAbaNumberCheck_229_good" classname="com.cardatechnologies.utils.validators.abaroutevalidator.Test_AbaRouteValidator_02" time="0"/>
  <testcase name="testAbaNumberCheck_193_good" classname="com.cardatechnologies.utils.validators.abaroutevalidator.Test_AbaRouteValidator_02" time="0"/>
  <testcase name="testAbaNumberCheck_851_good" classname="com.cardatechnologies.utils.validators.abaroutevalidator.Test_AbaRouteValidator_02" time="0"/>
  <testcase name="testAbaNumberCheck_1697_good" classname="com.cardatechnologies.utils.validators.abaroutevalidator.Test_AbaRouteValidator_02" time="0"/>
  <testcase name="testAbaNumberCheck_725_good" classname="com.cardatechnologies.utils.validators.abaroutevalidator.Test_AbaRouteValidator_02" time="0"/>
  <testcase name="testAbaNumberCheck_1950_bad" classname="com.cardatechnologies.utils.validators.abaroutevalidator.Test_AbaRouteValidator_02" time="0"/>
  <testcase name="testAbaNumberCheck_563_good" classname="com.cardatechnologies.utils.validators.abaroutevalidator.Test_AbaRouteValidator_02" time="0"/>
  <testcase name="testAbaNumberCheck_1952_bad" classname="com.cardatechnologies.utils.validators.abaroutevalidator.Test_AbaRouteValidator_02" time="0"/>
  <testcase name="testAbaNumberCheck_1954_bad" classname="com.cardatechnologies.utils.validators.abaroutevalidator.Test_AbaRouteValidator_02" time="0"/>
  <testcase name="testAbaNumberCheck_437_good" classname="com.cardatechnologies.utils.validators.abaroutevalidator.Test_AbaRouteValidator_02" time="0"/>
  <testcase name="testAbaNumberCheck_1956_bad" classname="com.cardatechnologies.utils.validators.abaroutevalidator.Test_AbaRouteValidator_02" time="0"/>
  <testcase name="testAbaNumberCheck_1958_bad" classname="com.cardatechnologies.utils.validators.abaroutevalidator.Test_AbaRouteValidator_02" time="0"/>
  <testcase name="testAbaNumberCheck_275_good" classname="com.cardatechnologies.utils.validators.abaroutevalidator.Test_AbaRouteValidator_02" time="0"/>
  <testcase name="testAbaNumberCheck_933_good" classname="com.cardatechnologies.utils.validators.abaroutevalidator.Test_AbaRouteValidator_02" time="0"/>
  <testcase name="testAbaNumberCheck_1779_good" classname="com.cardatechnologies.utils.validators.abaroutevalidator.Test_AbaRouteValidator_02" time="0"/>
  <testcase name="testAbaNumberCheck_149_good" classname="com.cardatechnologies.utils.validators.abaroutevalidator.Test_AbaRouteValidator_02" time="0"/>
  <testcase name="testAbaNumberCheck_807_good" classname="com.cardatechnologies.utils.validators.abaroutevalidator.Test_AbaRouteValidator_02" time="0"/>
  <testcase name="testAbaNumberCheck_771_good" classname="com.cardatechnologies.utils.validators.abaroutevalidator.Test_AbaRouteValidator_02" time="0"/>
  <testcase name="testAbaNumberCheck_645_good" classname="com.cardatechnologies.utils.validators.abaroutevalidator.Test_AbaRouteValidator_02" time="0"/>
  <testcase name="testAbaNumberCheck_1960_bad" classname="com.cardatechnologies.utils.validators.abaroutevalidator.Test_AbaRouteValidator_02" time="0"/>
  <testcase name="testAbaNumberCheck_519_good" classname="com.cardatechnologies.utils.validators.abaroutevalidator.Test_AbaRouteValidator_02" time="0"/>
  <testcase name="testAbaNumberCheck_1962_bad" classname="com.cardatechnologies.utils.validators.abaroutevalidator.Test_AbaRouteValidator_02" time="0"/>
  <testcase name="testAbaNumberCheck_1964_bad" classname="com.cardatechnologies.utils.validators.abaroutevalidator.Test_AbaRouteValidator_02" time="0"/>
  <testcase name="testAbaNumberCheck_483_good" classname="com.cardatechnologies.utils.validators.abaroutevalidator.Test_AbaRouteValidator_02" time="0.001"/>
  <testcase name="testAbaNumberCheck_1966_bad" classname="com.cardatechnologies.utils.validators.abaroutevalidator.Test_AbaRouteValidator_02" time="0"/>
  <testcase name="testAbaNumberCheck_1987_good" classname="com.cardatechnologies.utils.validators.abaroutevalidator.Test_AbaRouteValidator_02" time="0"/>
  <testcase name="testAbaNumberCheck_1968_bad" classname="com.cardatechnologies.utils.validators.abaroutevalidator.Test_AbaRouteValidator_02" time="0"/>
  <testcase name="testAbaNumberCheck_357_good" classname="com.cardatechnologies.utils.validators.abaroutevalidator.Test_AbaRouteValidator_02" time="0"/>
  <testcase name="testAbaNumberCheck_195_good" classname="com.cardatechnologies.utils.validators.abaroutevalidator.Test_AbaRouteValidator_02" time="0"/>
  <testcase name="testAbaNumberCheck_853_good" classname="com.cardatechnologies.utils.validators.abaroutevalidator.Test_AbaRouteValidator_02" time="0"/>
  <testcase name="testAbaNumberCheck_1699_good" classname="com.cardatechnologies.utils.validators.abaroutevalidator.Test_AbaRouteValidator_02" time="0"/>
  <testcase name="testAbaNumberCheck_727_good" classname="com.cardatechnologies.utils.validators.abaroutevalidator.Test_AbaRouteValidator_02" time="0"/>
  <testcase name="testAbaNumberCheck_691_good" classname="com.cardatechnologies.utils.validators.abaroutevalidator.Test_AbaRouteValidator_02" time="0.001"/>
  <testcase name="testAbaNumberCheck_1970_bad" classname="com.cardatechnologies.utils.validators.abaroutevalidator.Test_AbaRouteValidator_02" time="0"/>
  <testcase name="testAbaNumberCheck_565_good" classname="com.cardatechnologies.utils.validators.abaroutevalidator.Test_AbaRouteValidator_02" time="0"/>
  <testcase name="testAbaNumberCheck_1972_bad" classname="com.cardatechnologies.utils.validators.abaroutevalidator.Test_AbaRouteValidator_02" time="0"/>
  <testcase name="testAbaNumberCheck_1974_bad" classname="com.cardatechnologies.utils.validators.abaroutevalidator.Test_AbaRouteValidator_02" time="0"/>
  <testcase name="testAbaNumberCheck_439_good" classname="com.cardatechnologies.utils.validators.abaroutevalidator.Test_AbaRouteValidator_02" time="0"/>
  <testcase name="testAbaNumberCheck_1976_bad" classname="com.cardatechnologies.utils.validators.abaroutevalidator.Test_AbaRouteValidator_02" time="0"/>
  <testcase name="testAbaNumberCheck_1978_bad" classname="com.cardatechnologies.utils.validators.abaroutevalidator.Test_AbaRouteValidator_02" time="0"/>
  <testcase name="testAbaNumberCheck_277_good" classname="com.cardatechnologies.utils.validators.abaroutevalidator.Test_AbaRouteValidator_02" time="0"/>
  <testcase name="testAbaNumberCheck_935_good" classname="com.cardatechnologies.utils.validators.abaroutevalidator.Test_AbaRouteValidator_02" time="0"/>
  <testcase name="testAbaNumberCheck_809_good" classname="com.cardatechnologies.utils.validators.abaroutevalidator.Test_AbaRouteValidator_02" time="0"/>
  <testcase name="testAbaNumberCheck_773_good" classname="com.cardatechnologies.utils.validators.abaroutevalidator.Test_AbaRouteValidator_02" time="0"/>
  <testcase name="testAbaNumberCheck_647_good" classname="com.cardatechnologies.utils.validators.abaroutevalidator.Test_AbaRouteValidator_02" time="0"/>
  <testcase name="testAbaNumberCheck_1980_bad" classname="com.cardatechnologies.utils.validators.abaroutevalidator.Test_AbaRouteValidator_02" time="0"/>
  <testcase name="testAbaNumberCheck_1982_bad" classname="com.cardatechnologies.utils.validators.abaroutevalidator.Test_AbaRouteValidator_02" time="0"/>
  <testcase name="testAbaNumberCheck_1984_bad" classname="com.cardatechnologies.utils.validators.abaroutevalidator.Test_AbaRouteValidator_02" time="0"/>
  <testcase name="testAbaNumberCheck_485_good" classname="com.cardatechnologies.utils.validators.abaroutevalidator.Test_AbaRouteValidator_02" time="0"/>
  <testcase name="testAbaNumberCheck_1986_bad" classname="com.cardatechnologies.utils.validators.abaroutevalidator.Test_AbaRouteValidator_02" time="0"/>
  <testcase name="testAbaNumberCheck_1989_good" classname="com.cardatechnologies.utils.validators.abaroutevalidator.Test_AbaRouteValidator_02" time="0"/>
  <testcase name="testAbaNumberCheck_1988_bad" classname="com.cardatechnologies.utils.validators.abaroutevalidator.Test_AbaRouteValidator_02" time="0"/>
  <testcase name="testAbaNumberCheck_359_good" classname="com.cardatechnologies.utils.validators.abaroutevalidator.Test_AbaRouteValidator_02" time="0"/>
  <testcase name="testAbaNumberCheck_981_good" classname="com.cardatechnologies.utils.validators.abaroutevalidator.Test_AbaRouteValidator_02" time="0"/>
  <testcase name="testAbaNumberCheck_197_good" classname="com.cardatechnologies.utils.validators.abaroutevalidator.Test_AbaRouteValidator_02" time="0"/>
  <testcase name="testAbaNumberCheck_855_good" classname="com.cardatechnologies.utils.validators.abaroutevalidator.Test_AbaRouteValidator_02" time="0"/>
  <testcase name="testAbaNumberCheck_729_good" classname="com.cardatechnologies.utils.validators.abaroutevalidator.Test_AbaRouteValidator_02" time="0"/>
  <testcase name="testAbaNumberCheck_693_good" classname="com.cardatechnologies.utils.validators.abaroutevalidator.Test_AbaRouteValidator_02" time="0"/>
  <testcase name="testAbaNumberCheck_1990_bad" classname="com.cardatechnologies.utils.validators.abaroutevalidator.Test_AbaRouteValidator_02" time="0"/>
  <testcase name="testAbaNumberCheck_567_good" classname="com.cardatechnologies.utils.validators.abaroutevalidator.Test_AbaRouteValidator_02" time="0"/>
  <testcase name="testAbaNumberCheck_1992_bad" classname="com.cardatechnologies.utils.validators.abaroutevalidator.Test_AbaRouteValidator_02" time="0"/>
  <testcase name="testAbaNumberCheck_1994_bad" classname="com.cardatechnologies.utils.validators.abaroutevalidator.Test_AbaRouteValidator_02" time="0"/>
  <testcase name="testAbaNumberCheck_1996_bad" classname="com.cardatechnologies.utils.validators.abaroutevalidator.Test_AbaRouteValidator_02" time="0"/>
  <testcase name="testAbaNumberCheck_1998_bad" classname="com.cardatechnologies.utils.validators.abaroutevalidator.Test_AbaRouteValidator_02" time="0"/>
  <testcase name="testAbaNumberCheck_279_good" classname="com.cardatechnologies.utils.validators.abaroutevalidator.Test_AbaRouteValidator_02" time="0"/>
  <testcase name="testAbaNumberCheck_937_good" classname="com.cardatechnologies.utils.validators.abaroutevalidator.Test_AbaRouteValidator_02" time="0"/>
  <testcase name="testAbaNumberCheck_775_good" classname="com.cardatechnologies.utils.validators.abaroutevalidator.Test_AbaRouteValidator_02" time="0.001"/>
  <testcase name="testAbaNumberCheck_649_good" classname="com.cardatechnologies.utils.validators.abaroutevalidator.Test_AbaRouteValidator_02" time="0"/>
  <testcase name="testAbaNumberCheck_487_good" classname="com.cardatechnologies.utils.validators.abaroutevalidator.Test_AbaRouteValidator_02" time="0"/>
  <testcase name="testAbaNumberCheck_983_good" classname="com.cardatechnologies.utils.validators.abaroutevalidator.Test_AbaRouteValidator_02" time="0"/>
  <testcase name="testAbaNumberCheck_199_good" classname="com.cardatechnologies.utils.validators.abaroutevalidator.Test_AbaRouteValidator_02" time="0"/>
  <testcase name="testAbaNumberCheck_857_good" classname="com.cardatechnologies.utils.validators.abaroutevalidator.Test_AbaRouteValidator_02" time="0"/>
  <testcase name="testAbaNumberCheck_695_good" classname="com.cardatechnologies.utils.validators.abaroutevalidator.Test_AbaRouteValidator_02" time="0"/>
  <testcase name="testAbaNumberCheck_569_good" classname="com.cardatechnologies.utils.validators.abaroutevalidator.Test_AbaRouteValidator_02" time="0"/>
  <testcase name="testAbaNumberCheck_939_good" classname="com.cardatechnologies.utils.validators.abaroutevalidator.Test_AbaRouteValidator_02" time="0"/>
  <testcase name="testAbaNumberCheck_777_good" classname="com.cardatechnologies.utils.validators.abaroutevalidator.Test_AbaRouteValidator_02" time="0"/>
  <testcase name="testAbaNumberCheck_500_bad" classname="com.cardatechnologies.utils.validators.abaroutevalidator.Test_AbaRouteValidator_02" time="0"/>
  <testcase name="testAbaNumberCheck_502_bad" classname="com.cardatechnologies.utils.validators.abaroutevalidator.Test_AbaRouteValidator_02" time="0"/>
  <testcase name="testAbaNumberCheck_504_bad" classname="com.cardatechnologies.utils.validators.abaroutevalidator.Test_AbaRouteValidator_02" time="0.001"/>
  <testcase name="testAbaNumberCheck_506_bad" classname="com.cardatechnologies.utils.validators.abaroutevalidator.Test_AbaRouteValidator_02" time="0"/>
  <testcase name="testAbaNumberCheck_508_bad" classname="com.cardatechnologies.utils.validators.abaroutevalidator.Test_AbaRouteValidator_02" time="0"/>
  <testcase name="testAbaNumberCheck_489_good" classname="com.cardatechnologies.utils.validators.abaroutevalidator.Test_AbaRouteValidator_02" time="0"/>
  <testcase name="testAbaNumberCheck_985_good" classname="com.cardatechnologies.utils.validators.abaroutevalidator.Test_AbaRouteValidator_02" time="0"/>
  <testcase name="testAbaNumberCheck_859_good" classname="com.cardatechnologies.utils.validators.abaroutevalidator.Test_AbaRouteValidator_02" time="0"/>
  <testcase name="testAbaNumberCheck_510_bad" classname="com.cardatechnologies.utils.validators.abaroutevalidator.Test_AbaRouteValidator_02" time="0"/>
  <testcase name="testAbaNumberCheck_512_bad" classname="com.cardatechnologies.utils.validators.abaroutevalidator.Test_AbaRouteValidator_02" time="0"/>
  <testcase name="testAbaNumberCheck_697_good" classname="com.cardatechnologies.utils.validators.abaroutevalidator.Test_AbaRouteValidator_02" time="0"/>
  <testcase name="testAbaNumberCheck_514_bad" classname="com.cardatechnologies.utils.validators.abaroutevalidator.Test_AbaRouteValidator_02" time="0"/>
  <testcase name="testAbaNumberCheck_516_bad" classname="com.cardatechnologies.utils.validators.abaroutevalidator.Test_AbaRouteValidator_02" time="0.001"/>
  <testcase name="testAbaNumberCheck_518_bad" classname="com.cardatechnologies.utils.validators.abaroutevalidator.Test_AbaRouteValidator_02" time="0"/>
  <testcase name="testAbaNumberCheck_2201_good" classname="com.cardatechnologies.utils.validators.abaroutevalidator.Test_AbaRouteValidator_02" time="0"/>
  <testcase name="testAbaNumberCheck_779_good" classname="com.cardatechnologies.utils.validators.abaroutevalidator.Test_AbaRouteValidator_02" time="0"/>
  <testcase name="testAbaNumberCheck_520_bad" classname="com.cardatechnologies.utils.validators.abaroutevalidator.Test_AbaRouteValidator_02" time="0"/>
  <testcase name="testAbaNumberCheck_522_bad" classname="com.cardatechnologies.utils.validators.abaroutevalidator.Test_AbaRouteValidator_02" time="0"/>
  <testcase name="testAbaNumberCheck_524_bad" classname="com.cardatechnologies.utils.validators.abaroutevalidator.Test_AbaRouteValidator_02" time="0"/>
  <testcase name="testAbaNumberCheck_526_bad" classname="com.cardatechnologies.utils.validators.abaroutevalidator.Test_AbaRouteValidator_02" time="0"/>
  <testcase name="testAbaNumberCheck_528_bad" classname="com.cardatechnologies.utils.validators.abaroutevalidator.Test_AbaRouteValidator_02" time="0"/>
  <testcase name="testAbaNumberCheck_2121_good" classname="com.cardatechnologies.utils.validators.abaroutevalidator.Test_AbaRouteValidator_02" time="0"/>
  <testcase name="testAbaNumberCheck_51_good" classname="com.cardatechnologies.utils.validators.abaroutevalidator.Test_AbaRouteValidator_02" time="0"/>
  <testcase name="testAbaNumberCheck_987_good" classname="com.cardatechnologies.utils.validators.abaroutevalidator.Test_AbaRouteValidator_02" time="0"/>
  <testcase name="testAbaNumberCheck_530_bad" classname="com.cardatechnologies.utils.validators.abaroutevalidator.Test_AbaRouteValidator_02" time="0"/>
  <testcase name="testAbaNumberCheck_532_bad" classname="com.cardatechnologies.utils.validators.abaroutevalidator.Test_AbaRouteValidator_02" time="0"/>
  <testcase name="testAbaNumberCheck_699_good" classname="com.cardatechnologies.utils.validators.abaroutevalidator.Test_AbaRouteValidator_02" time="0"/>
  <testcase name="testAbaNumberCheck_534_bad" classname="com.cardatechnologies.utils.validators.abaroutevalidator.Test_AbaRouteValidator_02" time="0"/>
  <testcase name="testAbaNumberCheck_536_bad" classname="com.cardatechnologies.utils.validators.abaroutevalidator.Test_AbaRouteValidator_02" time="0"/>
  <testcase name="testAbaNumberCheck_538_bad" classname="com.cardatechnologies.utils.validators.abaroutevalidator.Test_AbaRouteValidator_02" time="0"/>
  <testcase name="testAbaNumberCheck_2203_good" classname="com.cardatechnologies.utils.validators.abaroutevalidator.Test_AbaRouteValidator_02" time="0"/>
  <testcase name="testAbaNumberCheck_2041_good" classname="com.cardatechnologies.utils.validators.abaroutevalidator.Test_AbaRouteValidator_02" time="0"/>
  <testcase name="testAbaNumberCheck_1101_good" classname="com.cardatechnologies.utils.validators.abaroutevalidator.Test_AbaRouteValidator_02" time="0"/>
  <testcase name="testAbaNumberCheck_540_bad" classname="com.cardatechnologies.utils.validators.abaroutevalidator.Test_AbaRouteValidator_02" time="0"/>
  <testcase name="testAbaNumberCheck_2411_good" classname="com.cardatechnologies.utils.validators.abaroutevalidator.Test_AbaRouteValidator_02" time="0"/>
  <testcase name="testAbaNumberCheck_542_bad" classname="com.cardatechnologies.utils.validators.abaroutevalidator.Test_AbaRouteValidator_02" time="0"/>
  <testcase name="testAbaNumberCheck_544_bad" classname="com.cardatechnologies.utils.validators.abaroutevalidator.Test_AbaRouteValidator_02" time="0"/>
  <testcase name="testAbaNumberCheck_546_bad" classname="com.cardatechnologies.utils.validators.abaroutevalidator.Test_AbaRouteValidator_02" time="0"/>
  <testcase name="testAbaNumberCheck_548_bad" classname="com.cardatechnologies.utils.validators.abaroutevalidator.Test_AbaRouteValidator_02" time="0"/>
  <testcase name="testAbaNumberCheck_2123_good" classname="com.cardatechnologies.utils.validators.abaroutevalidator.Test_AbaRouteValidator_02" time="0"/>
  <testcase name="testAbaNumberCheck_53_good" classname="com.cardatechnologies.utils.validators.abaroutevalidator.Test_AbaRouteValidator_02" time="0"/>
  <testcase name="testAbaNumberCheck_989_good" classname="com.cardatechnologies.utils.validators.abaroutevalidator.Test_AbaRouteValidator_02" time="0"/>
  <testcase name="testAbaNumberCheck_1021_good" classname="com.cardatechnologies.utils.validators.abaroutevalidator.Test_AbaRouteValidator_02" time="0"/>
  <testcase name="testAbaNumberCheck_550_bad" classname="com.cardatechnologies.utils.validators.abaroutevalidator.Test_AbaRouteValidator_02" time="0"/>
  <testcase name="testAbaNumberCheck_552_bad" classname="com.cardatechnologies.utils.validators.abaroutevalidator.Test_AbaRouteValidator_02" time="0"/>
  <testcase name="testAbaNumberCheck_554_bad" classname="com.cardatechnologies.utils.validators.abaroutevalidator.Test_AbaRouteValidator_02" time="0"/>
  <testcase name="testAbaNumberCheck_2331_good" classname="com.cardatechnologies.utils.validators.abaroutevalidator.Test_AbaRouteValidator_02" time="0.001"/>
  <testcase name="testAbaNumberCheck_556_bad" classname="com.cardatechnologies.utils.validators.abaroutevalidator.Test_AbaRouteValidator_02" time="0"/>
  <testcase name="testAbaNumberCheck_558_bad" classname="com.cardatechnologies.utils.validators.abaroutevalidator.Test_AbaRouteValidator_02" time="0"/>
  <testcase name="testAbaNumberCheck_2205_good" classname="com.cardatechnologies.utils.validators.abaroutevalidator.Test_AbaRouteValidator_02" time="0"/>
  <testcase name="testAbaNumberCheck_2043_good" classname="com.cardatechnologies.utils.validators.abaroutevalidator.Test_AbaRouteValidator_02" time="0"/>
  <testcase name="testAbaNumberCheck_1103_good" classname="com.cardatechnologies.utils.validators.abaroutevalidator.Test_AbaRouteValidator_02" time="0"/>
  <testcase name="testAbaNumberCheck_560_bad" classname="com.cardatechnologies.utils.validators.abaroutevalidator.Test_AbaRouteValidator_02" time="0"/>
  <testcase name="testAbaNumberCheck_2413_good" classname="com.cardatechnologies.utils.validators.abaroutevalidator.Test_AbaRouteValidator_02" time="0"/>
  <testcase name="testAbaNumberCheck_562_bad" classname="com.cardatechnologies.utils.validators.abaroutevalidator.Test_AbaRouteValidator_02" time="0"/>
  <testcase name="testAbaNumberCheck_564_bad" classname="com.cardatechnologies.utils.validators.abaroutevalidator.Test_AbaRouteValidator_02" time="0"/>
  <testcase name="testAbaNumberCheck_566_bad" classname="com.cardatechnologies.utils.validators.abaroutevalidator.Test_AbaRouteValidator_02" time="0"/>
  <testcase name="testAbaNumberCheck_568_bad" classname="com.cardatechnologies.utils.validators.abaroutevalidator.Test_AbaRouteValidator_02" time="0"/>
  <testcase name="testAbaNumberCheck_2251_good" classname="com.cardatechnologies.utils.validators.abaroutevalidator.Test_AbaRouteValidator_02" time="0"/>
  <testcase name="testAbaNumberCheck_1311_good" classname="com.cardatechnologies.utils.validators.abaroutevalidator.Test_AbaRouteValidator_02" time="0"/>
  <testcase name="testAbaNumberCheck_2125_good" classname="com.cardatechnologies.utils.validators.abaroutevalidator.Test_AbaRouteValidator_02" time="0"/>
  <testcase name="testAbaNumberCheck_55_good" classname="com.cardatechnologies.utils.validators.abaroutevalidator.Test_AbaRouteValidator_02" time="0"/>
  <testcase name="testAbaNumberCheck_1023_good" classname="com.cardatechnologies.utils.validators.abaroutevalidator.Test_AbaRouteValidator_02" time="0"/>
  <testcase name="testAbaNumberCheck_570_bad" classname="com.cardatechnologies.utils.validators.abaroutevalidator.Test_AbaRouteValidator_02" time="0"/>
  <testcase name="testAbaNumberCheck_572_bad" classname="com.cardatechnologies.utils.validators.abaroutevalidator.Test_AbaRouteValidator_02" time="0"/>
  <testcase name="testAbaNumberCheck_574_bad" classname="com.cardatechnologies.utils.validators.abaroutevalidator.Test_AbaRouteValidator_02" time="0"/>
  <testcase name="testAbaNumberCheck_2333_good" classname="com.cardatechnologies.utils.validators.abaroutevalidator.Test_AbaRouteValidator_02" time="0"/>
  <testcase name="testAbaNumberCheck_576_bad" classname="com.cardatechnologies.utils.validators.abaroutevalidator.Test_AbaRouteValidator_02" time="0"/>
  <testcase name="testAbaNumberCheck_578_bad" classname="com.cardatechnologies.utils.validators.abaroutevalidator.Test_AbaRouteValidator_02" time="0"/>
  <testcase name="testAbaNumberCheck_2207_good" classname="com.cardatechnologies.utils.validators.abaroutevalidator.Test_AbaRouteValidator_02" time="0"/>
  <testcase name="testAbaNumberCheck_2171_good" classname="com.cardatechnologies.utils.validators.abaroutevalidator.Test_AbaRouteValidator_02" time="0"/>
  <testcase name="testAbaNumberCheck_1231_good" classname="com.cardatechnologies.utils.validators.abaroutevalidator.Test_AbaRouteValidator_02" time="0"/>
  <testcase name="testAbaNumberCheck_2045_good" classname="com.cardatechnologies.utils.validators.abaroutevalidator.Test_AbaRouteValidator_02" time="0"/>
  <testcase name="testAbaNumberCheck_1105_good" classname="com.cardatechnologies.utils.validators.abaroutevalidator.Test_AbaRouteValidator_02" time="0"/>
  <testcase name="testAbaNumberCheck_1601_good" classname="com.cardatechnologies.utils.validators.abaroutevalidator.Test_AbaRouteValidator_02" time="0"/>
  <testcase name="testAbaNumberCheck_580_bad" classname="com.cardatechnologies.utils.validators.abaroutevalidator.Test_AbaRouteValidator_02" time="0"/>
  <testcase name="testAbaNumberCheck_2415_good" classname="com.cardatechnologies.utils.validators.abaroutevalidator.Test_AbaRouteValidator_02" time="0"/>
  <testcase name="testAbaNumberCheck_582_bad" classname="com.cardatechnologies.utils.validators.abaroutevalidator.Test_AbaRouteValidator_02" time="0"/>
  <testcase name="testAbaNumberCheck_584_bad" classname="com.cardatechnologies.utils.validators.abaroutevalidator.Test_AbaRouteValidator_02" time="0"/>
  <testcase name="testAbaNumberCheck_586_bad" classname="com.cardatechnologies.utils.validators.abaroutevalidator.Test_AbaRouteValidator_02" time="0"/>
  <testcase name="testAbaNumberCheck_588_bad" classname="com.cardatechnologies.utils.validators.abaroutevalidator.Test_AbaRouteValidator_02" time="0"/>
  <testcase name="testAbaNumberCheck_2253_good" classname="com.cardatechnologies.utils.validators.abaroutevalidator.Test_AbaRouteValidator_02" time="0"/>
  <testcase name="testAbaNumberCheck_1313_good" classname="com.cardatechnologies.utils.validators.abaroutevalidator.Test_AbaRouteValidator_02" time="0"/>
  <testcase name="testAbaNumberCheck_2127_good" classname="com.cardatechnologies.utils.validators.abaroutevalidator.Test_AbaRouteValidator_02" time="0"/>
  <testcase name="testAbaNumberCheck_57_good" classname="com.cardatechnologies.utils.validators.abaroutevalidator.Test_AbaRouteValidator_02" time="0"/>
  <testcase name="testAbaNumberCheck_2091_good" classname="com.cardatechnologies.utils.validators.abaroutevalidator.Test_AbaRouteValidator_02" time="0.001"/>
  <testcase name="testAbaNumberCheck_1151_good" classname="com.cardatechnologies.utils.validators.abaroutevalidator.Test_AbaRouteValidator_02" time="0"/>
  <testcase name="testAbaNumberCheck_1025_good" classname="com.cardatechnologies.utils.validators.abaroutevalidator.Test_AbaRouteValidator_02" time="0"/>
  <testcase name="testAbaNumberCheck_590_bad" classname="com.cardatechnologies.utils.validators.abaroutevalidator.Test_AbaRouteValidator_02" time="0"/>
  <testcase name="testAbaNumberCheck_2461_good" classname="com.cardatechnologies.utils.validators.abaroutevalidator.Test_AbaRouteValidator_02" time="0"/>
  <testcase name="testAbaNumberCheck_1521_good" classname="com.cardatechnologies.utils.validators.abaroutevalidator.Test_AbaRouteValidator_02" time="0.001"/>
  <testcase name="testAbaNumberCheck_592_bad" classname="com.cardatechnologies.utils.validators.abaroutevalidator.Test_AbaRouteValidator_02" time="0"/>
  <testcase name="testAbaNumberCheck_594_bad" classname="com.cardatechnologies.utils.validators.abaroutevalidator.Test_AbaRouteValidator_02" time="0"/>
  <testcase name="testAbaNumberCheck_2335_good" classname="com.cardatechnologies.utils.validators.abaroutevalidator.Test_AbaRouteValidator_02" time="0"/>
  <testcase name="testAbaNumberCheck_596_bad" classname="com.cardatechnologies.utils.validators.abaroutevalidator.Test_AbaRouteValidator_02" time="0"/>
  <testcase name="testAbaNumberCheck_598_bad" classname="com.cardatechnologies.utils.validators.abaroutevalidator.Test_AbaRouteValidator_02" time="0.001"/>
  <testcase name="testAbaNumberCheck_1000_bad" classname="com.cardatechnologies.utils.validators.abaroutevalidator.Test_AbaRouteValidator_02" time="0"/>
  <testcase name="testAbaNumberCheck_2209_good" classname="com.cardatechnologies.utils.validators.abaroutevalidator.Test_AbaRouteValidator_02" time="0"/>
  <testcase name="testAbaNumberCheck_1002_bad" classname="com.cardatechnologies.utils.validators.abaroutevalidator.Test_AbaRouteValidator_02" time="0"/>
  <testcase name="testAbaNumberCheck_1004_bad" classname="com.cardatechnologies.utils.validators.abaroutevalidator.Test_AbaRouteValidator_02" time="0"/>
  <testcase name="testAbaNumberCheck_2173_good" classname="com.cardatechnologies.utils.validators.abaroutevalidator.Test_AbaRouteValidator_02" time="0"/>
  <testcase name="testAbaNumberCheck_1233_good" classname="com.cardatechnologies.utils.validators.abaroutevalidator.Test_AbaRouteValidator_02" time="0.001"/>
  <testcase name="testAbaNumberCheck_1006_bad" classname="com.cardatechnologies.utils.validators.abaroutevalidator.Test_AbaRouteValidator_02" time="0"/>
  <testcase name="testAbaNumberCheck_1008_bad" classname="com.cardatechnologies.utils.validators.abaroutevalidator.Test_AbaRouteValidator_02" time="0"/>
  <testcase name="testAbaNumberCheck_2047_good" classname="com.cardatechnologies.utils.validators.abaroutevalidator.Test_AbaRouteValidator_02" time="0"/>
  <testcase name="testAbaNumberCheck_1107_good" classname="com.cardatechnologies.utils.validators.abaroutevalidator.Test_AbaRouteValidator_02" time="0"/>
  <testcase name="testAbaNumberCheck_1071_good" classname="com.cardatechnologies.utils.validators.abaroutevalidator.Test_AbaRouteValidator_02" time="0"/>
  <testcase name="testAbaNumberCheck_1603_good" classname="com.cardatechnologies.utils.validators.abaroutevalidator.Test_AbaRouteValidator_02" time="0"/>
  <testcase name="testAbaNumberCheck_2417_good" classname="com.cardatechnologies.utils.validators.abaroutevalidator.Test_AbaRouteValidator_02" time="0"/>
  <testcase name="testAbaNumberCheck_2381_good" classname="com.cardatechnologies.utils.validators.abaroutevalidator.Test_AbaRouteValidator_02" time="0"/>
  <testcase name="testAbaNumberCheck_1441_good" classname="com.cardatechnologies.utils.validators.abaroutevalidator.Test_AbaRouteValidator_02" time="0"/>
  <testcase name="testAbaNumberCheck_1010_bad" classname="com.cardatechnologies.utils.validators.abaroutevalidator.Test_AbaRouteValidator_02" time="0.001"/>
  <testcase name="testAbaNumberCheck_2255_good" classname="com.cardatechnologies.utils.validators.abaroutevalidator.Test_AbaRouteValidator_02" time="0"/>
  <testcase name="testAbaNumberCheck_1315_good" classname="com.cardatechnologies.utils.validators.abaroutevalidator.Test_AbaRouteValidator_02" time="0"/>
  <testcase name="testAbaNumberCheck_1012_bad" classname="com.cardatechnologies.utils.validators.abaroutevalidator.Test_AbaRouteValidator_02" time="0"/>
  <testcase name="testAbaNumberCheck_1014_bad" classname="com.cardatechnologies.utils.validators.abaroutevalidator.Test_AbaRouteValidator_02" time="0"/>
  <testcase name="testAbaNumberCheck_2129_good" classname="com.cardatechnologies.utils.validators.abaroutevalidator.Test_AbaRouteValidator_02" time="0"/>
  <testcase name="testAbaNumberCheck_1016_bad" classname="com.cardatechnologies.utils.validators.abaroutevalidator.Test_AbaRouteValidator_02" time="0"/>
  <testcase name="testAbaNumberCheck_59_good" classname="com.cardatechnologies.utils.validators.abaroutevalidator.Test_AbaRouteValidator_02" time="0"/>
  <testcase name="testAbaNumberCheck_1018_bad" classname="com.cardatechnologies.utils.validators.abaroutevalidator.Test_AbaRouteValidator_02" time="0"/>
  <testcase name="testAbaNumberCheck_2093_good" classname="com.cardatechnologies.utils.validators.abaroutevalidator.Test_AbaRouteValidator_02" time="0"/>
  <testcase name="testAbaNumberCheck_1153_good" classname="com.cardatechnologies.utils.validators.abaroutevalidator.Test_AbaRouteValidator_02" time="0"/>
  <testcase name="testAbaNumberCheck_1811_good" classname="com.cardatechnologies.utils.validators.abaroutevalidator.Test_AbaRouteValidator_02" time="0"/>
  <testcase name="testAbaNumberCheck_1027_good" classname="com.cardatechnologies.utils.validators.abaroutevalidator.Test_AbaRouteValidator_02" time="0"/>
  <testcase name="testAbaNumberCheck_2463_good" classname="com.cardatechnologies.utils.validators.abaroutevalidator.Test_AbaRouteValidator_02" time="0"/>
  <testcase name="testAbaNumberCheck_1523_good" classname="com.cardatechnologies.utils.validators.abaroutevalidator.Test_AbaRouteValidator_02" time="0"/>
  <testcase name="testAbaNumberCheck_2337_good" classname="com.cardatechnologies.utils.validators.abaroutevalidator.Test_AbaRouteValidator_02" time="0"/>
  <testcase name="testAbaNumberCheck_1020_bad" classname="com.cardatechnologies.utils.validators.abaroutevalidator.Test_AbaRouteValidator_02" time="0"/>
  <testcase name="testAbaNumberCheck_1361_good" classname="com.cardatechnologies.utils.validators.abaroutevalidator.Test_AbaRouteValidator_02" time="0"/>
  <testcase name="testAbaNumberCheck_1022_bad" classname="com.cardatechnologies.utils.validators.abaroutevalidator.Test_AbaRouteValidator_02" time="0"/>
  <testcase name="testAbaNumberCheck_1024_bad" classname="com.cardatechnologies.utils.validators.abaroutevalidator.Test_AbaRouteValidator_02" time="0"/>
  <testcase name="testAbaNumberCheck_2175_good" classname="com.cardatechnologies.utils.validators.abaroutevalidator.Test_AbaRouteValidator_02" time="0"/>
  <testcase name="testAbaNumberCheck_1235_good" classname="com.cardatechnologies.utils.validators.abaroutevalidator.Test_AbaRouteValidator_02" time="0"/>
  <testcase name="testAbaNumberCheck_1026_bad" classname="com.cardatechnologies.utils.validators.abaroutevalidator.Test_AbaRouteValidator_02" time="0"/>
  <testcase name="testAbaNumberCheck_1028_bad" classname="com.cardatechnologies.utils.validators.abaroutevalidator.Test_AbaRouteValidator_02" time="0"/>
  <testcase name="testAbaNumberCheck_2049_good" classname="com.cardatechnologies.utils.validators.abaroutevalidator.Test_AbaRouteValidator_02" time="0"/>
  <testcase name="testAbaNumberCheck_1109_good" classname="com.cardatechnologies.utils.validators.abaroutevalidator.Test_AbaRouteValidator_02" time="0"/>
  <testcase name="testAbaNumberCheck_1073_good" classname="com.cardatechnologies.utils.validators.abaroutevalidator.Test_AbaRouteValidator_02" time="0"/>
  <testcase name="testAbaNumberCheck_1731_good" classname="com.cardatechnologies.utils.validators.abaroutevalidator.Test_AbaRouteValidator_02" time="0"/>
  <testcase name="testAbaNumberCheck_101_good" classname="com.cardatechnologies.utils.validators.abaroutevalidator.Test_AbaRouteValidator_02" time="0"/>
  <testcase name="testAbaNumberCheck_1605_good" classname="com.cardatechnologies.utils.validators.abaroutevalidator.Test_AbaRouteValidator_02" time="0"/>
  <testcase name="testAbaNumberCheck_2419_good" classname="com.cardatechnologies.utils.validators.abaroutevalidator.Test_AbaRouteValidator_02" time="0"/>
  <testcase name="testAbaNumberCheck_2383_good" classname="com.cardatechnologies.utils.validators.abaroutevalidator.Test_AbaRouteValidator_02" time="0"/>
  <testcase name="testAbaNumberCheck_1443_good" classname="com.cardatechnologies.utils.validators.abaroutevalidator.Test_AbaRouteValidator_02" time="0.001"/>
  <testcase name="testAbaNumberCheck_1030_bad" classname="com.cardatechnologies.utils.validators.abaroutevalidator.Test_AbaRouteValidator_02" time="0"/>
  <testcase name="testAbaNumberCheck_2257_good" classname="com.cardatechnologies.utils.validators.abaroutevalidator.Test_AbaRouteValidator_02" time="0"/>
  <testcase name="testAbaNumberCheck_1317_good" classname="com.cardatechnologies.utils.validators.abaroutevalidator.Test_AbaRouteValidator_02" time="0"/>
  <testcase name="testAbaNumberCheck_1032_bad" classname="com.cardatechnologies.utils.validators.abaroutevalidator.Test_AbaRouteValidator_02" time="0"/>
  <testcase name="testAbaNumberCheck_1034_bad" classname="com.cardatechnologies.utils.validators.abaroutevalidator.Test_AbaRouteValidator_02" time="0"/>
  <testcase name="testAbaNumberCheck_1281_good" classname="com.cardatechnologies.utils.validators.abaroutevalidator.Test_AbaRouteValidator_02" time="0"/>
  <testcase name="testAbaNumberCheck_1036_bad" classname="com.cardatechnologies.utils.validators.abaroutevalidator.Test_AbaRouteValidator_02" time="0"/>
  <testcase name="testAbaNumberCheck_1038_bad" classname="com.cardatechnologies.utils.validators.abaroutevalidator.Test_AbaRouteValidator_02" time="0"/>
  <testcase name="testAbaNumberCheck_2095_good" classname="com.cardatechnologies.utils.validators.abaroutevalidator.Test_AbaRouteValidator_02" time="0"/>
  <testcase name="testAbaNumberCheck_1155_good" classname="com.cardatechnologies.utils.validators.abaroutevalidator.Test_AbaRouteValidator_02" time="0"/>
  <testcase name="testAbaNumberCheck_1813_good" classname="com.cardatechnologies.utils.validators.abaroutevalidator.Test_AbaRouteValidator_02" time="0"/>
  <testcase name="testAbaNumberCheck_1029_good" classname="com.cardatechnologies.utils.validators.abaroutevalidator.Test_AbaRouteValidator_02" time="0"/>
  <testcase name="testAbaNumberCheck_1651_good" classname="com.cardatechnologies.utils.validators.abaroutevalidator.Test_AbaRouteValidator_02" time="0"/>
  <testcase name="testAbaNumberCheck_2465_good" classname="com.cardatechnologies.utils.validators.abaroutevalidator.Test_AbaRouteValidator_02" time="0"/>
  <testcase name="testAbaNumberCheck_1525_good" classname="com.cardatechnologies.utils.validators.abaroutevalidator.Test_AbaRouteValidator_02" time="0"/>
  <testcase name="testAbaNumberCheck_2300_bad" classname="com.cardatechnologies.utils.validators.abaroutevalidator.Test_AbaRouteValidator_02" time="0"/>
  <testcase name="testAbaNumberCheck_2339_good" classname="com.cardatechnologies.utils.validators.abaroutevalidator.Test_AbaRouteValidator_02" time="0"/>
  <testcase name="testAbaNumberCheck_2302_bad" classname="com.cardatechnologies.utils.validators.abaroutevalidator.Test_AbaRouteValidator_02" time="0"/>
  <testcase name="testAbaNumberCheck_2304_bad" classname="com.cardatechnologies.utils.validators.abaroutevalidator.Test_AbaRouteValidator_02" time="0"/>
  <testcase name="testAbaNumberCheck_1040_bad" classname="com.cardatechnologies.utils.validators.abaroutevalidator.Test_AbaRouteValidator_02" time="0"/>
  <testcase name="testAbaNumberCheck_1363_good" classname="com.cardatechnologies.utils.validators.abaroutevalidator.Test_AbaRouteValidator_02" time="0.001"/>
  <testcase name="testAbaNumberCheck_2306_bad" classname="com.cardatechnologies.utils.validators.abaroutevalidator.Test_AbaRouteValidator_02" time="0"/>
  <testcase name="testAbaNumberCheck_1042_bad" classname="com.cardatechnologies.utils.validators.abaroutevalidator.Test_AbaRouteValidator_02" time="0"/>
  <testcase name="testAbaNumberCheck_2308_bad" classname="com.cardatechnologies.utils.validators.abaroutevalidator.Test_AbaRouteValidator_02" time="0"/>
  <testcase name="testAbaNumberCheck_1044_bad" classname="com.cardatechnologies.utils.validators.abaroutevalidator.Test_AbaRouteValidator_02" time="0"/>
  <testcase name="testAbaNumberCheck_2177_good" classname="com.cardatechnologies.utils.validators.abaroutevalidator.Test_AbaRouteValidator_02" time="0"/>
  <testcase name="testAbaNumberCheck_1237_good" classname="com.cardatechnologies.utils.validators.abaroutevalidator.Test_AbaRouteValidator_02" time="0"/>
  <testcase name="testAbaNumberCheck_1046_bad" classname="com.cardatechnologies.utils.validators.abaroutevalidator.Test_AbaRouteValidator_02" time="0"/>
  <testcase name="testAbaNumberCheck_1048_bad" classname="com.cardatechnologies.utils.validators.abaroutevalidator.Test_AbaRouteValidator_02" time="0"/>
  <testcase name="testAbaNumberCheck_1075_good" classname="com.cardatechnologies.utils.validators.abaroutevalidator.Test_AbaRouteValidator_02" time="0"/>
  <testcase name="testAbaNumberCheck_1733_good" classname="com.cardatechnologies.utils.validators.abaroutevalidator.Test_AbaRouteValidator_02" time="0"/>
  <testcase name="testAbaNumberCheck_103_good" classname="com.cardatechnologies.utils.validators.abaroutevalidator.Test_AbaRouteValidator_02" time="0"/>
  <testcase name="testAbaNumberCheck_1607_good" classname="com.cardatechnologies.utils.validators.abaroutevalidator.Test_AbaRouteValidator_02" time="0"/>
  <testcase name="testAbaNumberCheck_1571_good" classname="com.cardatechnologies.utils.validators.abaroutevalidator.Test_AbaRouteValidator_02" time="0"/>
  <testcase name="testAbaNumberCheck_2310_bad" classname="com.cardatechnologies.utils.validators.abaroutevalidator.Test_AbaRouteValidator_02" time="0"/>
  <testcase name="testAbaNumberCheck_2385_good" classname="com.cardatechnologies.utils.validators.abaroutevalidator.Test_AbaRouteValidator_02" time="0"/>
  <testcase name="testAbaNumberCheck_1445_good" classname="com.cardatechnologies.utils.validators.abaroutevalidator.Test_AbaRouteValidator_02" time="0"/>
  <testcase name="testAbaNumberCheck_2312_bad" classname="com.cardatechnologies.utils.validators.abaroutevalidator.Test_AbaRouteValidator_02" time="0"/>
  <testcase name="testAbaNumberCheck_1500_bad" classname="com.cardatechnologies.utils.validators.abaroutevalidator.Test_AbaRouteValidator_02" time="0"/>
  <testcase name="testAbaNumberCheck_2314_bad" classname="com.cardatechnologies.utils.validators.abaroutevalidator.Test_AbaRouteValidator_02" time="0"/>
  <testcase name="testAbaNumberCheck_1050_bad" classname="com.cardatechnologies.utils.validators.abaroutevalidator.Test_AbaRouteValidator_02" time="0"/>
  <testcase name="testAbaNumberCheck_2259_good" classname="com.cardatechnologies.utils.validators.abaroutevalidator.Test_AbaRouteValidator_02" time="0"/>
  <testcase name="testAbaNumberCheck_1319_good" classname="com.cardatechnologies.utils.validators.abaroutevalidator.Test_AbaRouteValidator_02" time="0.001"/>
  <testcase name="testAbaNumberCheck_1502_bad" classname="com.cardatechnologies.utils.validators.abaroutevalidator.Test_AbaRouteValidator_02" time="0"/>
  <testcase name="testAbaNumberCheck_2316_bad" classname="com.cardatechnologies.utils.validators.abaroutevalidator.Test_AbaRouteValidator_02" time="0"/>
  <testcase name="testAbaNumberCheck_1052_bad" classname="com.cardatechnologies.utils.validators.abaroutevalidator.Test_AbaRouteValidator_02" time="0"/>
  <testcase name="testAbaNumberCheck_1504_bad" classname="com.cardatechnologies.utils.validators.abaroutevalidator.Test_AbaRouteValidator_02" time="0"/>
  <testcase name="testAbaNumberCheck_2318_bad" classname="com.cardatechnologies.utils.validators.abaroutevalidator.Test_AbaRouteValidator_02" time="0"/>
  <testcase name="testAbaNumberCheck_1054_bad" classname="com.cardatechnologies.utils.validators.abaroutevalidator.Test_AbaRouteValidator_02" time="0"/>
  <testcase name="testAbaNumberCheck_1283_good" classname="com.cardatechnologies.utils.validators.abaroutevalidator.Test_AbaRouteValidator_02" time="0"/>
  <testcase name="testAbaNumberCheck_1506_bad" classname="com.cardatechnologies.utils.validators.abaroutevalidator.Test_AbaRouteValidator_02" time="0"/>
  <testcase name="testAbaNumberCheck_1056_bad" classname="com.cardatechnologies.utils.validators.abaroutevalidator.Test_AbaRouteValidator_02" time="0"/>
  <testcase name="testAbaNumberCheck_1941_good" classname="com.cardatechnologies.utils.validators.abaroutevalidator.Test_AbaRouteValidator_02" time="0.001"/>
  <testcase name="testAbaNumberCheck_1508_bad" classname="com.cardatechnologies.utils.validators.abaroutevalidator.Test_AbaRouteValidator_02" time="0"/>
  <testcase name="testAbaNumberCheck_311_good" classname="com.cardatechnologies.utils.validators.abaroutevalidator.Test_AbaRouteValidator_02" time="0"/>
  <testcase name="testAbaNumberCheck_1058_bad" classname="com.cardatechnologies.utils.validators.abaroutevalidator.Test_AbaRouteValidator_02" time="0"/>
  <testcase name="testAbaNumberCheck_2097_good" classname="com.cardatechnologies.utils.validators.abaroutevalidator.Test_AbaRouteValidator_02" time="0"/>
  <testcase name="testAbaNumberCheck_1157_good" classname="com.cardatechnologies.utils.validators.abaroutevalidator.Test_AbaRouteValidator_02" time="0"/>
  <testcase name="testAbaNumberCheck_1815_good" classname="com.cardatechnologies.utils.validators.abaroutevalidator.Test_AbaRouteValidator_02" time="0"/>
  <testcase name="testAbaNumberCheck_1653_good" classname="com.cardatechnologies.utils.validators.abaroutevalidator.Test_AbaRouteValidator_02" time="0"/>
  <testcase name="testAbaNumberCheck_2467_good" classname="com.cardatechnologies.utils.validators.abaroutevalidator.Test_AbaRouteValidator_02" time="0"/>
  <testcase name="testAbaNumberCheck_1527_good" classname="com.cardatechnologies.utils.validators.abaroutevalidator.Test_AbaRouteValidator_02" time="0"/>
  <testcase name="testAbaNumberCheck_2320_bad" classname="com.cardatechnologies.utils.validators.abaroutevalidator.Test_AbaRouteValidator_02" time="0.001"/>
  <testcase name="testAbaNumberCheck_1491_good" classname="com.cardatechnologies.utils.validators.abaroutevalidator.Test_AbaRouteValidator_02" time="0"/>
  <testcase name="testAbaNumberCheck_2322_bad" classname="com.cardatechnologies.utils.validators.abaroutevalidator.Test_AbaRouteValidator_02" time="0"/>
  <testcase name="testAbaNumberCheck_1510_bad" classname="com.cardatechnologies.utils.validators.abaroutevalidator.Test_AbaRouteValidator_02" time="0"/>
  <testcase name="testAbaNumberCheck_2324_bad" classname="com.cardatechnologies.utils.validators.abaroutevalidator.Test_AbaRouteValidator_02" time="0"/>
  <testcase name="testAbaNumberCheck_1060_bad" classname="com.cardatechnologies.utils.validators.abaroutevalidator.Test_AbaRouteValidator_02" time="0"/>
  <testcase name="testAbaNumberCheck_1365_good" classname="com.cardatechnologies.utils.validators.abaroutevalidator.Test_AbaRouteValidator_02" time="0"/>
  <testcase name="testAbaNumberCheck_1512_bad" classname="com.cardatechnologies.utils.validators.abaroutevalidator.Test_AbaRouteValidator_02" time="0"/>
  <testcase name="testAbaNumberCheck_2326_bad" classname="com.cardatechnologies.utils.validators.abaroutevalidator.Test_AbaRouteValidator_02" time="0"/>
  <testcase name="testAbaNumberCheck_1062_bad" classname="com.cardatechnologies.utils.validators.abaroutevalidator.Test_AbaRouteValidator_02" time="0.001"/>
  <testcase name="testAbaNumberCheck_1514_bad" classname="com.cardatechnologies.utils.validators.abaroutevalidator.Test_AbaRouteValidator_02" time="0"/>
  <testcase name="testAbaNumberCheck_2328_bad" classname="com.cardatechnologies.utils.validators.abaroutevalidator.Test_AbaRouteValidator_02" time="0"/>
  <testcase name="testAbaNumberCheck_1064_bad" classname="com.cardatechnologies.utils.validators.abaroutevalidator.Test_AbaRouteValidator_02" time="0"/>
  <testcase name="testAbaNumberCheck_2179_good" classname="com.cardatechnologies.utils.validators.abaroutevalidator.Test_AbaRouteValidator_02" time="0"/>
  <testcase name="testAbaNumberCheck_1239_good" classname="com.cardatechnologies.utils.validators.abaroutevalidator.Test_AbaRouteValidator_02" time="0"/>
  <testcase name="testAbaNumberCheck_1516_bad" classname="com.cardatechnologies.utils.validators.abaroutevalidator.Test_AbaRouteValidator_02" time="0"/>
  <testcase name="testAbaNumberCheck_1066_bad" classname="com.cardatechnologies.utils.validators.abaroutevalidator.Test_AbaRouteValidator_02" time="0"/>
  <testcase name="testAbaNumberCheck_1518_bad" classname="com.cardatechnologies.utils.validators.abaroutevalidator.Test_AbaRouteValidator_02" time="0"/>
  <testcase name="testAbaNumberCheck_1068_bad" classname="com.cardatechnologies.utils.validators.abaroutevalidator.Test_AbaRouteValidator_02" time="0"/>
  <testcase name="testAbaNumberCheck_1861_good" classname="com.cardatechnologies.utils.validators.abaroutevalidator.Test_AbaRouteValidator_02" time="0"/>
  <testcase name="testAbaNumberCheck_231_good" classname="com.cardatechnologies.utils.validators.abaroutevalidator.Test_AbaRouteValidator_02" time="0.001"/>
  <testcase name="testAbaNumberCheck_1077_good" classname="com.cardatechnologies.utils.validators.abaroutevalidator.Test_AbaRouteValidator_02" time="0"/>
  <testcase name="testAbaNumberCheck_1735_good" classname="com.cardatechnologies.utils.validators.abaroutevalidator.Test_AbaRouteValidator_02" time="0"/>
  <testcase name="testAbaNumberCheck_105_good" classname="com.cardatechnologies.utils.validators.abaroutevalidator.Test_AbaRouteValidator_02" time="0"/>
  <testcase name="testAbaNumberCheck_1609_good" classname="com.cardatechnologies.utils.validators.abaroutevalidator.Test_AbaRouteValidator_02" time="0"/>
  <testcase name="testAbaNumberCheck_1573_good" classname="com.cardatechnologies.utils.validators.abaroutevalidator.Test_AbaRouteValidator_02" time="0"/>
  <testcase name="testAbaNumberCheck_2330_bad" classname="com.cardatechnologies.utils.validators.abaroutevalidator.Test_AbaRouteValidator_02" time="0"/>
  <testcase name="testAbaNumberCheck_601_good" classname="com.cardatechnologies.utils.validators.abaroutevalidator.Test_AbaRouteValidator_02" time="0"/>
  <testcase name="testAbaNumberCheck_2387_good" classname="com.cardatechnologies.utils.validators.abaroutevalidator.Test_AbaRouteValidator_02" time="0"/>
  <testcase name="testAbaNumberCheck_1447_good" classname="com.cardatechnologies.utils.validators.abaroutevalidator.Test_AbaRouteValidator_02" time="0"/>
  <testcase name="testAbaNumberCheck_2332_bad" classname="com.cardatechnologies.utils.validators.abaroutevalidator.Test_AbaRouteValidator_02" time="0.001"/>
  <testcase name="testAbaNumberCheck_1520_bad" classname="com.cardatechnologies.utils.validators.abaroutevalidator.Test_AbaRouteValidator_02" time="0"/>
  <testcase name="testAbaNumberCheck_2334_bad" classname="com.cardatechnologies.utils.validators.abaroutevalidator.Test_AbaRouteValidator_02" time="0"/>
  <testcase name="testAbaNumberCheck_1070_bad" classname="com.cardatechnologies.utils.validators.abaroutevalidator.Test_AbaRouteValidator_02" time="0"/>
  <testcase name="testAbaNumberCheck_1522_bad" classname="com.cardatechnologies.utils.validators.abaroutevalidator.Test_AbaRouteValidator_02" time="0"/>
  <testcase name="testAbaNumberCheck_2336_bad" classname="com.cardatechnologies.utils.validators.abaroutevalidator.Test_AbaRouteValidator_02" time="0"/>
  <testcase name="testAbaNumberCheck_1072_bad" classname="com.cardatechnologies.utils.validators.abaroutevalidator.Test_AbaRouteValidator_02" time="0"/>
  <testcase name="testAbaNumberCheck_1524_bad" classname="com.cardatechnologies.utils.validators.abaroutevalidator.Test_AbaRouteValidator_02" time="0"/>
  <testcase name="testAbaNumberCheck_2338_bad" classname="com.cardatechnologies.utils.validators.abaroutevalidator.Test_AbaRouteValidator_02" time="0"/>
  <testcase name="testAbaNumberCheck_1074_bad" classname="com.cardatechnologies.utils.validators.abaroutevalidator.Test_AbaRouteValidator_02" time="0"/>
  <testcase name="testAbaNumberCheck_1285_good" classname="com.cardatechnologies.utils.validators.abaroutevalidator.Test_AbaRouteValidator_02" time="0"/>
  <testcase name="testAbaNumberCheck_1526_bad" classname="com.cardatechnologies.utils.validators.abaroutevalidator.Test_AbaRouteValidator_02" time="0"/>
  <testcase name="testAbaNumberCheck_1076_bad" classname="com.cardatechnologies.utils.validators.abaroutevalidator.Test_AbaRouteValidator_02" time="0"/>
  <testcase name="testAbaNumberCheck_1943_good" classname="com.cardatechnologies.utils.validators.abaroutevalidator.Test_AbaRouteValidator_02" time="0"/>
  <testcase name="testAbaNumberCheck_1528_bad" classname="com.cardatechnologies.utils.validators.abaroutevalidator.Test_AbaRouteValidator_02" time="0"/>
  <testcase name="testAbaNumberCheck_313_good" classname="com.cardatechnologies.utils.validators.abaroutevalidator.Test_AbaRouteValidator_02" time="0"/>
  <testcase name="testAbaNumberCheck_1078_bad" classname="com.cardatechnologies.utils.validators.abaroutevalidator.Test_AbaRouteValidator_02" time="0"/>
  <testcase name="testAbaNumberCheck_2099_good" classname="com.cardatechnologies.utils.validators.abaroutevalidator.Test_AbaRouteValidator_02" time="0"/>
  <testcase name="testAbaNumberCheck_1159_good" classname="com.cardatechnologies.utils.validators.abaroutevalidator.Test_AbaRouteValidator_02" time="0"/>
  <testcase name="testAbaNumberCheck_1817_good" classname="com.cardatechnologies.utils.validators.abaroutevalidator.Test_AbaRouteValidator_02" time="0"/>
  <testcase name="testAbaNumberCheck_1781_good" classname="com.cardatechnologies.utils.validators.abaroutevalidator.Test_AbaRouteValidator_02" time="0"/>
  <testcase name="testAbaNumberCheck_151_good" classname="com.cardatechnologies.utils.validators.abaroutevalidator.Test_AbaRouteValidator_02" time="0"/>
  <testcase name="testAbaNumberCheck_1655_good" classname="com.cardatechnologies.utils.validators.abaroutevalidator.Test_AbaRouteValidator_02" time="0"/>
  <testcase name="testAbaNumberCheck_2469_good" classname="com.cardatechnologies.utils.validators.abaroutevalidator.Test_AbaRouteValidator_02" time="0"/>
  <testcase name="testAbaNumberCheck_1529_good" classname="com.cardatechnologies.utils.validators.abaroutevalidator.Test_AbaRouteValidator_02" time="0"/>
  <testcase name="testAbaNumberCheck_2340_bad" classname="com.cardatechnologies.utils.validators.abaroutevalidator.Test_AbaRouteValidator_02" time="0"/>
  <testcase name="testAbaNumberCheck_1493_good" classname="com.cardatechnologies.utils.validators.abaroutevalidator.Test_AbaRouteValidator_02" time="0"/>
  <testcase name="testAbaNumberCheck_2342_bad" classname="com.cardatechnologies.utils.validators.abaroutevalidator.Test_AbaRouteValidator_02" time="0"/>
  <testcase name="testAbaNumberCheck_1530_bad" classname="com.cardatechnologies.utils.validators.abaroutevalidator.Test_AbaRouteValidator_02" time="0"/>
  <testcase name="testAbaNumberCheck_2344_bad" classname="com.cardatechnologies.utils.validators.abaroutevalidator.Test_AbaRouteValidator_02" time="0"/>
  <testcase name="testAbaNumberCheck_521_good" classname="com.cardatechnologies.utils.validators.abaroutevalidator.Test_AbaRouteValidator_02" time="0"/>
  <testcase name="testAbaNumberCheck_1080_bad" classname="com.cardatechnologies.utils.validators.abaroutevalidator.Test_AbaRouteValidator_02" time="0"/>
  <testcase name="testAbaNumberCheck_1367_good" classname="com.cardatechnologies.utils.validators.abaroutevalidator.Test_AbaRouteValidator_02" time="0"/>
  <testcase name="testAbaNumberCheck_1532_bad" classname="com.cardatechnologies.utils.validators.abaroutevalidator.Test_AbaRouteValidator_02" time="0.001"/>
  <testcase name="testAbaNumberCheck_2346_bad" classname="com.cardatechnologies.utils.validators.abaroutevalidator.Test_AbaRouteValidator_02" time="0"/>
  <testcase name="testAbaNumberCheck_1082_bad" classname="com.cardatechnologies.utils.validators.abaroutevalidator.Test_AbaRouteValidator_02" time="0"/>
  <testcase name="testAbaNumberCheck_1534_bad" classname="com.cardatechnologies.utils.validators.abaroutevalidator.Test_AbaRouteValidator_02" time="0"/>
  <testcase name="testAbaNumberCheck_2348_bad" classname="com.cardatechnologies.utils.validators.abaroutevalidator.Test_AbaRouteValidator_02" time="0"/>
  <testcase name="testAbaNumberCheck_1084_bad" classname="com.cardatechnologies.utils.validators.abaroutevalidator.Test_AbaRouteValidator_02" time="0"/>
  <testcase name="testAbaNumberCheck_1536_bad" classname="com.cardatechnologies.utils.validators.abaroutevalidator.Test_AbaRouteValidator_02" time="0"/>
  <testcase name="testAbaNumberCheck_1086_bad" classname="com.cardatechnologies.utils.validators.abaroutevalidator.Test_AbaRouteValidator_02" time="0"/>
  <testcase name="testAbaNumberCheck_1538_bad" classname="com.cardatechnologies.utils.validators.abaroutevalidator.Test_AbaRouteValidator_02" time="0"/>
  <testcase name="testAbaNumberCheck_1088_bad" classname="com.cardatechnologies.utils.validators.abaroutevalidator.Test_AbaRouteValidator_02" time="0"/>
  <testcase name="testAbaNumberCheck_1863_good" classname="com.cardatechnologies.utils.validators.abaroutevalidator.Test_AbaRouteValidator_02" time="0"/>
  <testcase name="testAbaNumberCheck_233_good" classname="com.cardatechnologies.utils.validators.abaroutevalidator.Test_AbaRouteValidator_02" time="0"/>
  <testcase name="testAbaNumberCheck_1079_good" classname="com.cardatechnologies.utils.validators.abaroutevalidator.Test_AbaRouteValidator_02" time="0"/>
  <testcase name="testAbaNumberCheck_1737_good" classname="com.cardatechnologies.utils.validators.abaroutevalidator.Test_AbaRouteValidator_02" time="0"/>
  <testcase name="testAbaNumberCheck_107_good" classname="com.cardatechnologies.utils.validators.abaroutevalidator.Test_AbaRouteValidator_02" time="0"/>
  <testcase name="testAbaNumberCheck_1575_good" classname="com.cardatechnologies.utils.validators.abaroutevalidator.Test_AbaRouteValidator_02" time="0"/>
  <testcase name="testAbaNumberCheck_2350_bad" classname="com.cardatechnologies.utils.validators.abaroutevalidator.Test_AbaRouteValidator_02" time="0"/>
  <testcase name="testAbaNumberCheck_603_good" classname="com.cardatechnologies.utils.validators.abaroutevalidator.Test_AbaRouteValidator_02" time="0"/>
  <testcase name="testAbaNumberCheck_2389_good" classname="com.cardatechnologies.utils.validators.abaroutevalidator.Test_AbaRouteValidator_02" time="0"/>
  <testcase name="testAbaNumberCheck_1449_good" classname="com.cardatechnologies.utils.validators.abaroutevalidator.Test_AbaRouteValidator_02" time="0"/>
  <testcase name="testAbaNumberCheck_2352_bad" classname="com.cardatechnologies.utils.validators.abaroutevalidator.Test_AbaRouteValidator_02" time="0"/>
  <testcase name="testAbaNumberCheck_1540_bad" classname="com.cardatechnologies.utils.validators.abaroutevalidator.Test_AbaRouteValidator_02" time="0.001"/>
  <testcase name="testAbaNumberCheck_2354_bad" classname="com.cardatechnologies.utils.validators.abaroutevalidator.Test_AbaRouteValidator_02" time="0"/>
  <testcase name="testAbaNumberCheck_1090_bad" classname="com.cardatechnologies.utils.validators.abaroutevalidator.Test_AbaRouteValidator_02" time="0"/>
  <testcase name="testAbaNumberCheck_1542_bad" classname="com.cardatechnologies.utils.validators.abaroutevalidator.Test_AbaRouteValidator_02" time="0"/>
  <testcase name="testAbaNumberCheck_2356_bad" classname="com.cardatechnologies.utils.validators.abaroutevalidator.Test_AbaRouteValidator_02" time="0"/>
  <testcase name="testAbaNumberCheck_1092_bad" classname="com.cardatechnologies.utils.validators.abaroutevalidator.Test_AbaRouteValidator_02" time="0"/>
  <testcase name="testAbaNumberCheck_1544_bad" classname="com.cardatechnologies.utils.validators.abaroutevalidator.Test_AbaRouteValidator_02" time="0"/>
  <testcase name="testAbaNumberCheck_441_good" classname="com.cardatechnologies.utils.validators.abaroutevalidator.Test_AbaRouteValidator_02" time="0"/>
  <testcase name="testAbaNumberCheck_2358_bad" classname="com.cardatechnologies.utils.validators.abaroutevalidator.Test_AbaRouteValidator_02" time="0"/>
  <testcase name="testAbaNumberCheck_1094_bad" classname="com.cardatechnologies.utils.validators.abaroutevalidator.Test_AbaRouteValidator_02" time="0"/>
  <testcase name="testAbaNumberCheck_1287_good" classname="com.cardatechnologies.utils.validators.abaroutevalidator.Test_AbaRouteValidator_02" time="0"/>
  <testcase name="testAbaNumberCheck_1546_bad" classname="com.cardatechnologies.utils.validators.abaroutevalidator.Test_AbaRouteValidator_02" time="0.001"/>
  <testcase name="testAbaNumberCheck_1096_bad" classname="com.cardatechnologies.utils.validators.abaroutevalidator.Test_AbaRouteValidator_02" time="0"/>
  <testcase name="testAbaNumberCheck_1945_good" classname="com.cardatechnologies.utils.validators.abaroutevalidator.Test_AbaRouteValidator_02" time="0"/>
  <testcase name="testAbaNumberCheck_1548_bad" classname="com.cardatechnologies.utils.validators.abaroutevalidator.Test_AbaRouteValidator_02" time="0"/>
  <testcase name="testAbaNumberCheck_315_good" classname="com.cardatechnologies.utils.validators.abaroutevalidator.Test_AbaRouteValidator_02" time="0"/>
  <testcase name="testAbaNumberCheck_1098_bad" classname="com.cardatechnologies.utils.validators.abaroutevalidator.Test_AbaRouteValidator_02" time="0"/>
  <testcase name="testAbaNumberCheck_1819_good" classname="com.cardatechnologies.utils.validators.abaroutevalidator.Test_AbaRouteValidator_02" time="0"/>
  <testcase name="testAbaNumberCheck_1783_good" classname="com.cardatechnologies.utils.validators.abaroutevalidator.Test_AbaRouteValidator_02" time="0"/>
  <testcase name="testAbaNumberCheck_153_good" classname="com.cardatechnologies.utils.validators.abaroutevalidator.Test_AbaRouteValidator_02" time="0"/>
  <testcase name="testAbaNumberCheck_811_good" classname="com.cardatechnologies.utils.validators.abaroutevalidator.Test_AbaRouteValidator_02" time="0"/>
  <testcase name="testAbaNumberCheck_1657_good" classname="com.cardatechnologies.utils.validators.abaroutevalidator.Test_AbaRouteValidator_02" time="0"/>
  <testcase name="testAbaNumberCheck_2360_bad" classname="com.cardatechnologies.utils.validators.abaroutevalidator.Test_AbaRouteValidator_02" time="0"/>
  <testcase name="testAbaNumberCheck_1495_good" classname="com.cardatechnologies.utils.validators.abaroutevalidator.Test_AbaRouteValidator_02" time="0"/>
  <testcase name="testAbaNumberCheck_2362_bad" classname="com.cardatechnologies.utils.validators.abaroutevalidator.Test_AbaRouteValidator_02" time="0"/>
  <testcase name="testAbaNumberCheck_1550_bad" classname="com.cardatechnologies.utils.validators.abaroutevalidator.Test_AbaRouteValidator_02" time="0"/>
  <testcase name="testAbaNumberCheck_2364_bad" classname="com.cardatechnologies.utils.validators.abaroutevalidator.Test_AbaRouteValidator_02" time="0"/>
  <testcase name="testAbaNumberCheck_523_good" classname="com.cardatechnologies.utils.validators.abaroutevalidator.Test_AbaRouteValidator_02" time="0"/>
  <testcase name="testAbaNumberCheck_1369_good" classname="com.cardatechnologies.utils.validators.abaroutevalidator.Test_AbaRouteValidator_02" time="0"/>
  <testcase name="testAbaNumberCheck_1552_bad" classname="com.cardatechnologies.utils.validators.abaroutevalidator.Test_AbaRouteValidator_02" time="0"/>
  <testcase name="testAbaNumberCheck_2366_bad" classname="com.cardatechnologies.utils.validators.abaroutevalidator.Test_AbaRouteValidator_02" time="0"/>
  <testcase name="testAbaNumberCheck_1554_bad" classname="com.cardatechnologies.utils.validators.abaroutevalidator.Test_AbaRouteValidator_02" time="0"/>
  <testcase name="testAbaNumberCheck_2368_bad" classname="com.cardatechnologies.utils.validators.abaroutevalidator.Test_AbaRouteValidator_02" time="0"/>
  <testcase name="testAbaNumberCheck_1556_bad" classname="com.cardatechnologies.utils.validators.abaroutevalidator.Test_AbaRouteValidator_02" time="0"/>
  <testcase name="testAbaNumberCheck_1991_good" classname="com.cardatechnologies.utils.validators.abaroutevalidator.Test_AbaRouteValidator_02" time="0"/>
  <testcase name="testAbaNumberCheck_361_good" classname="com.cardatechnologies.utils.validators.abaroutevalidator.Test_AbaRouteValidator_02" time="0"/>
  <testcase name="testAbaNumberCheck_1558_bad" classname="com.cardatechnologies.utils.validators.abaroutevalidator.Test_AbaRouteValidator_02" time="0"/>
  <testcase name="testAbaNumberCheck_1865_good" classname="com.cardatechnologies.utils.validators.abaroutevalidator.Test_AbaRouteValidator_02" time="0"/>
  <testcase name="testAbaNumberCheck_235_good" classname="com.cardatechnologies.utils.validators.abaroutevalidator.Test_AbaRouteValidator_02" time="0"/>
  <testcase name="testAbaNumberCheck_1739_good" classname="com.cardatechnologies.utils.validators.abaroutevalidator.Test_AbaRouteValidator_02" time="0"/>
  <testcase name="testAbaNumberCheck_109_good" classname="com.cardatechnologies.utils.validators.abaroutevalidator.Test_AbaRouteValidator_02" time="0"/>
  <testcase name="testAbaNumberCheck_731_good" classname="com.cardatechnologies.utils.validators.abaroutevalidator.Test_AbaRouteValidator_02" time="0"/>
  <testcase name="testAbaNumberCheck_1577_good" classname="com.cardatechnologies.utils.validators.abaroutevalidator.Test_AbaRouteValidator_02" time="0"/>
  <testcase name="testAbaNumberCheck_2370_bad" classname="com.cardatechnologies.utils.validators.abaroutevalidator.Test_AbaRouteValidator_02" time="0.001"/>
  <testcase name="testAbaNumberCheck_605_good" classname="com.cardatechnologies.utils.validators.abaroutevalidator.Test_AbaRouteValidator_02" time="0"/>
  <testcase name="testAbaNumberCheck_2372_bad" classname="com.cardatechnologies.utils.validators.abaroutevalidator.Test_AbaRouteValidator_02" time="0"/>
  <testcase name="testAbaNumberCheck_1560_bad" classname="com.cardatechnologies.utils.validators.abaroutevalidator.Test_AbaRouteValidator_02" time="0"/>
  <testcase name="testAbaNumberCheck_2374_bad" classname="com.cardatechnologies.utils.validators.abaroutevalidator.Test_AbaRouteValidator_02" time="0"/>
  <testcase name="testAbaNumberCheck_1562_bad" classname="com.cardatechnologies.utils.validators.abaroutevalidator.Test_AbaRouteValidator_02" time="0"/>
  <testcase name="testAbaNumberCheck_2376_bad" classname="com.cardatechnologies.utils.validators.abaroutevalidator.Test_AbaRouteValidator_02" time="0"/>
  <testcase name="testAbaNumberCheck_1564_bad" classname="com.cardatechnologies.utils.validators.abaroutevalidator.Test_AbaRouteValidator_02" time="0"/>
  <testcase name="testAbaNumberCheck_443_good" classname="com.cardatechnologies.utils.validators.abaroutevalidator.Test_AbaRouteValidator_02" time="0"/>
  <testcase name="testAbaNumberCheck_2378_bad" classname="com.cardatechnologies.utils.validators.abaroutevalidator.Test_AbaRouteValidator_02" time="0"/>
  <testcase name="testAbaNumberCheck_1289_good" classname="com.cardatechnologies.utils.validators.abaroutevalidator.Test_AbaRouteValidator_02" time="0"/>
  <testcase name="testAbaNumberCheck_1566_bad" classname="com.cardatechnologies.utils.validators.abaroutevalidator.Test_AbaRouteValidator_02" time="0.001"/>
  <testcase name="testAbaNumberCheck_1947_good" classname="com.cardatechnologies.utils.validators.abaroutevalidator.Test_AbaRouteValidator_02" time="0"/>
  <testcase name="testAbaNumberCheck_1568_bad" classname="com.cardatechnologies.utils.validators.abaroutevalidator.Test_AbaRouteValidator_02" time="0"/>
  <testcase name="testAbaNumberCheck_317_good" classname="com.cardatechnologies.utils.validators.abaroutevalidator.Test_AbaRouteValidator_02" time="0"/>
  <testcase name="testAbaNumberCheck_281_good" classname="com.cardatechnologies.utils.validators.abaroutevalidator.Test_AbaRouteValidator_02" time="0"/>
  <testcase name="testAbaNumberCheck_1785_good" classname="com.cardatechnologies.utils.validators.abaroutevalidator.Test_AbaRouteValidator_02" time="0"/>
  <testcase name="testAbaNumberCheck_155_good" classname="com.cardatechnologies.utils.validators.abaroutevalidator.Test_AbaRouteValidator_02" time="0"/>
  <testcase name="testAbaNumberCheck_813_good" classname="com.cardatechnologies.utils.validators.abaroutevalidator.Test_AbaRouteValidator_02" time="0"/>
  <testcase name="testAbaNumberCheck_1659_good" classname="com.cardatechnologies.utils.validators.abaroutevalidator.Test_AbaRouteValidator_02" time="0"/>
  <testcase name="testAbaNumberCheck_651_good" classname="com.cardatechnologies.utils.validators.abaroutevalidator.Test_AbaRouteValidator_02" time="0"/>
  <testcase name="testAbaNumberCheck_2380_bad" classname="com.cardatechnologies.utils.validators.abaroutevalidator.Test_AbaRouteValidator_02" time="0"/>
  <testcase name="testAbaNumberCheck_1497_good" classname="com.cardatechnologies.utils.validators.abaroutevalidator.Test_AbaRouteValidator_02" time="0.001"/>
  <testcase name="testAbaNumberCheck_2382_bad" classname="com.cardatechnologies.utils.validators.abaroutevalidator.Test_AbaRouteValidator_02" time="0"/>
  <testcase name="testAbaNumberCheck_1570_bad" classname="com.cardatechnologies.utils.validators.abaroutevalidator.Test_AbaRouteValidator_02" time="0"/>
  <testcase name="testAbaNumberCheck_2384_bad" classname="com.cardatechnologies.utils.validators.abaroutevalidator.Test_AbaRouteValidator_02" time="0"/>
  <testcase name="testAbaNumberCheck_525_good" classname="com.cardatechnologies.utils.validators.abaroutevalidator.Test_AbaRouteValidator_02" time="0"/>
  <testcase name="testAbaNumberCheck_1572_bad" classname="com.cardatechnologies.utils.validators.abaroutevalidator.Test_AbaRouteValidator_02" time="0"/>
  <testcase name="testAbaNumberCheck_2386_bad" classname="com.cardatechnologies.utils.validators.abaroutevalidator.Test_AbaRouteValidator_02" time="0"/>
  <testcase name="testAbaNumberCheck_1574_bad" classname="com.cardatechnologies.utils.validators.abaroutevalidator.Test_AbaRouteValidator_02" time="0"/>
  <testcase name="testAbaNumberCheck_2388_bad" classname="com.cardatechnologies.utils.validators.abaroutevalidator.Test_AbaRouteValidator_02" time="0"/>
  <testcase name="testAbaNumberCheck_1576_bad" classname="com.cardatechnologies.utils.validators.abaroutevalidator.Test_AbaRouteValidator_02" time="0"/>
  <testcase name="testAbaNumberCheck_1993_good" classname="com.cardatechnologies.utils.validators.abaroutevalidator.Test_AbaRouteValidator_02" time="0"/>
  <testcase name="testAbaNumberCheck_363_good" classname="com.cardatechnologies.utils.validators.abaroutevalidator.Test_AbaRouteValidator_02" time="0"/>
  <testcase name="testAbaNumberCheck_1578_bad" classname="com.cardatechnologies.utils.validators.abaroutevalidator.Test_AbaRouteValidator_02" time="0"/>
</testsuite>