<?xml version="1.0" encoding="UTF-8"?>
<testsuite name="com.cardatechnologies.utils.validators.abaroutevalidator.Test_AbaRouteValidator_11" time="0.049" tests="2550" errors="0" skipped="0" failures="0">
  <properties>
    <property name="java.runtime.name" value="Java(TM) SE Runtime Environment"/>
    <property name="sun.boot.library.path" value="D:\tools\java\jdk\jdk1.8.0_20\jre\bin"/>
    <property name="java.vm.version" value="25.20-b23"/>
    <property name="java.vm.vendor" value="Oracle Corporation"/>
    <property name="java.vendor.url" value="http://java.oracle.com/"/>
    <property name="path.separator" value=";"/>
    <property name="guice.disable.misplaced.annotation.check" value="true"/>
    <property name="java.vm.name" value="Java HotSpot(TM) 64-Bit Server VM"/>
    <property name="file.encoding.pkg" value="sun.io"/>
    <property name="user.script" value=""/>
    <property name="user.country" value="US"/>
    <property name="sun.java.launcher" value="SUN_STANDARD"/>
    <property name="sun.os.patch.level" value=""/>
    <property name="java.vm.specification.name" value="Java Virtual Machine Specification"/>
    <property name="user.dir" value="D:\projects\CardaTech\aba.route.validator"/>
    <property name="java.runtime.version" value="1.8.0_20-b26"/>
    <property name="java.awt.graphicsenv" value="sun.awt.Win32GraphicsEnvironment"/>
    <property name="java.endorsed.dirs" value="D:\tools\java\jdk\jdk1.8.0_20\jre\lib\endorsed"/>
    <property name="os.arch" value="amd64"/>
    <property name="java.io.tmpdir" value="C:\Users\Joker\AppData\Local\Temp\"/>
    <property name="line.separator" value="&#10;"/>
    <property name="java.vm.specification.vendor" value="Oracle Corporation"/>
    <property name="user.variant" value=""/>
    <property name="os.name" value="Windows 8.1"/>
    <property name="classworlds.conf" value="D:\tools\java\apache\apache-maven-3.2.3\bin\..\bin\m2.conf"/>
    <property name="maven.test.skip" value="false"/>
    <property name="sun.jnu.encoding" value="Cp1252"/>
    <property name="java.library.path" value="D:\tools\java\jdk\jdk1.8.0_20\bin;C:\Windows\Sun\Java\bin;C:\Windows\system32;C:\Windows;C:\Program Files (x86)\NVIDIA Corporation\PhysX\Common;C:\ProgramData\Oracle\Java\javapath;C:\Windows\system32;C:\Windows;C:\Windows\System32\Wbem;C:\Windows\System32\WindowsPowerShell\v1.0\;C:\Program Files (x86)\ATI Technologies\ATI.ACE\Core-Static;D:\Applications\CondusivTechnologies\Diskeeper\;C:\Program Files (x86)\Common Files\Acronis\SnapAPI\;C:\Program Files\Common Files\Autodesk Shared\;C:\Program Files (x86)\Autodesk\Backburner\;D:\Applications\DAZ3D\LuxRender;C:\Program Files (x86)\QuickTime\QTSystem\;D:\tools\nodejs\;C:\Program Files (x86)\AMD\ATI.ACE\Core-Static;C:\Program Files (x86)\NVIDIA Corporation\PhysX\Common;C:\ProgramData\Oracle\Java\javapath;C:\Windows\system32;C:\Windows;C:\Windows\System32\Wbem;C:\Windows\System32\WindowsPowerShell\v1.0\;C:\Program Files (x86)\ATI Technologies\ATI.ACE\Core-Static;D:\Applications\CondusivTechnologies\Diskeeper\;C:\Program Files (x86)\Common Files\Acronis\SnapAPI\;C:\Program Files\Common Files\Autodesk Shared\;C:\Program Files (x86)\Autodesk\Backburner\;D:\Applications\DAZ3D\LuxRender;C:\Program Files (x86)\QuickTime\QTSystem\;D:\tools\nodejs\;C:\Program Files (x86)\AMD\ATI.ACE\Core-Static;D:\projects\MongoDB\MongoDB_2.6.6\bin;D:\tools\java\apache\apache-maven-3.2.3\bin;D:\tools\java\jdk\jdk1.8.0_20\bin;C:\Users\Joker\AppData\Roaming\npm;D:\tools\nodejs;D:\Applications\SublimeText2\;C:\Program Files (x86)\Common Files\Acronis\TibMounter64;."/>
    <property name="java.specification.name" value="Java Platform API Specification"/>
    <property name="java.class.version" value="52.0"/>
    <property name="sun.management.compiler" value="HotSpot 64-Bit Tiered Compilers"/>
    <property name="os.version" value="6.3"/>
    <property name="user.home" value="C:\Users\Joker"/>
    <property name="user.timezone" value="America/Denver"/>
    <property name="java.awt.printerjob" value="sun.awt.windows.WPrinterJob"/>
    <property name="java.specification.version" value="1.8"/>
    <property name="file.encoding" value="Cp1252"/>
    <property name="user.name" value="Joker"/>
    <property name="java.class.path" value="D:\tools\java\apache\apache-maven-3.2.3\bin\..\boot\plexus-classworlds-2.5.1.jar"/>
    <property name="org.slf4j.simpleLogger.defaultLogLevel" value="debug"/>
    <property name="java.vm.specification.version" value="1.8"/>
    <property name="sun.arch.data.model" value="64"/>
    <property name="java.home" value="D:\tools\java\jdk\jdk1.8.0_20\jre"/>
    <property name="sun.java.command" value="org.codehaus.plexus.classworlds.launcher.Launcher -Dmaven.test.skip=false package test site -X"/>
    <property name="java.specification.vendor" value="Oracle Corporation"/>
    <property name="user.language" value="en"/>
    <property name="awt.toolkit" value="sun.awt.windows.WToolkit"/>
    <property name="java.vm.info" value="mixed mode"/>
    <property name="java.version" value="1.8.0_20"/>
    <property name="java.ext.dirs" value="D:\tools\java\jdk\jdk1.8.0_20\jre\lib\ext;C:\Windows\Sun\Java\lib\ext"/>
    <property name="sun.boot.class.path" value="D:\tools\java\jdk\jdk1.8.0_20\jre\lib\resources.jar;D:\tools\java\jdk\jdk1.8.0_20\jre\lib\rt.jar;D:\tools\java\jdk\jdk1.8.0_20\jre\lib\sunrsasign.jar;D:\tools\java\jdk\jdk1.8.0_20\jre\lib\jsse.jar;D:\tools\java\jdk\jdk1.8.0_20\jre\lib\jce.jar;D:\tools\java\jdk\jdk1.8.0_20\jre\lib\charsets.jar;D:\tools\java\jdk\jdk1.8.0_20\jre\lib\jfr.jar;D:\tools\java\jdk\jdk1.8.0_20\jre\classes"/>
    <property name="sun.stderr.encoding" value="cp437"/>
    <property name="java.vendor" value="Oracle Corporation"/>
    <property name="maven.home" value="D:\tools\java\apache\apache-maven-3.2.3\bin\.."/>
    <property name="file.separator" value="\"/>
    <property name="java.vendor.url.bug" value="http://bugreport.sun.com/bugreport/"/>
    <property name="sun.cpu.endian" value="little"/>
    <property name="sun.io.unicode.encoding" value="UnicodeLittle"/>
    <property name="sun.stdout.encoding" value="cp437"/>
    <property name="sun.desktop" value="windows"/>
    <property name="sun.cpu.isalist" value="amd64"/>
  </properties>
  <testcase name="testAbaNumberCheck_24787_good" classname="com.cardatechnologies.utils.validators.abaroutevalidator.Test_AbaRouteValidator_11" time="0"/>
  <testcase name="testAbaNumberCheck_23847_good" classname="com.cardatechnologies.utils.validators.abaroutevalidator.Test_AbaRouteValidator_11" time="0"/>
  <testcase name="testAbaNumberCheck_22907_good" classname="com.cardatechnologies.utils.validators.abaroutevalidator.Test_AbaRouteValidator_11" time="0"/>
  <testcase name="testAbaNumberCheck_22871_good" classname="com.cardatechnologies.utils.validators.abaroutevalidator.Test_AbaRouteValidator_11" time="0"/>
  <testcase name="testAbaNumberCheck_23685_good" classname="com.cardatechnologies.utils.validators.abaroutevalidator.Test_AbaRouteValidator_11" time="0"/>
  <testcase name="testAbaNumberCheck_22745_good" classname="com.cardatechnologies.utils.validators.abaroutevalidator.Test_AbaRouteValidator_11" time="0"/>
  <testcase name="testAbaNumberCheck_24499_good" classname="com.cardatechnologies.utils.validators.abaroutevalidator.Test_AbaRouteValidator_11" time="0"/>
  <testcase name="testAbaNumberCheck_23559_good" classname="com.cardatechnologies.utils.validators.abaroutevalidator.Test_AbaRouteValidator_11" time="0"/>
  <testcase name="testAbaNumberCheck_22619_good" classname="com.cardatechnologies.utils.validators.abaroutevalidator.Test_AbaRouteValidator_11" time="0"/>
  <testcase name="testAbaNumberCheck_22583_good" classname="com.cardatechnologies.utils.validators.abaroutevalidator.Test_AbaRouteValidator_11" time="0"/>
  <testcase name="testAbaNumberCheck_23397_good" classname="com.cardatechnologies.utils.validators.abaroutevalidator.Test_AbaRouteValidator_11" time="0.001"/>
  <testcase name="testAbaNumberCheck_22457_good" classname="com.cardatechnologies.utils.validators.abaroutevalidator.Test_AbaRouteValidator_11" time="0"/>
  <testcase name="testAbaNumberCheck_24995_good" classname="com.cardatechnologies.utils.validators.abaroutevalidator.Test_AbaRouteValidator_11" time="0"/>
  <testcase name="testAbaNumberCheck_24869_good" classname="com.cardatechnologies.utils.validators.abaroutevalidator.Test_AbaRouteValidator_11" time="0"/>
  <testcase name="testAbaNumberCheck_23929_good" classname="com.cardatechnologies.utils.validators.abaroutevalidator.Test_AbaRouteValidator_11" time="0"/>
  <testcase name="testAbaNumberCheck_23893_good" classname="com.cardatechnologies.utils.validators.abaroutevalidator.Test_AbaRouteValidator_11" time="0"/>
  <testcase name="testAbaNumberCheck_22953_good" classname="com.cardatechnologies.utils.validators.abaroutevalidator.Test_AbaRouteValidator_11" time="0"/>
  <testcase name="testAbaNumberCheck_23767_good" classname="com.cardatechnologies.utils.validators.abaroutevalidator.Test_AbaRouteValidator_11" time="0"/>
  <testcase name="testAbaNumberCheck_22827_good" classname="com.cardatechnologies.utils.validators.abaroutevalidator.Test_AbaRouteValidator_11" time="0"/>
  <testcase name="testAbaNumberCheck_22791_good" classname="com.cardatechnologies.utils.validators.abaroutevalidator.Test_AbaRouteValidator_11" time="0"/>
  <testcase name="testAbaNumberCheck_22665_good" classname="com.cardatechnologies.utils.validators.abaroutevalidator.Test_AbaRouteValidator_11" time="0"/>
  <testcase name="testAbaNumberCheck_23479_good" classname="com.cardatechnologies.utils.validators.abaroutevalidator.Test_AbaRouteValidator_11" time="0"/>
  <testcase name="testAbaNumberCheck_22539_good" classname="com.cardatechnologies.utils.validators.abaroutevalidator.Test_AbaRouteValidator_11" time="0"/>
  <testcase name="testAbaNumberCheck_23975_good" classname="com.cardatechnologies.utils.validators.abaroutevalidator.Test_AbaRouteValidator_11" time="0"/>
  <testcase name="testAbaNumberCheck_24789_good" classname="com.cardatechnologies.utils.validators.abaroutevalidator.Test_AbaRouteValidator_11" time="0"/>
  <testcase name="testAbaNumberCheck_23849_good" classname="com.cardatechnologies.utils.validators.abaroutevalidator.Test_AbaRouteValidator_11" time="0"/>
  <testcase name="testAbaNumberCheck_22909_good" classname="com.cardatechnologies.utils.validators.abaroutevalidator.Test_AbaRouteValidator_11" time="0"/>
  <testcase name="testAbaNumberCheck_22873_good" classname="com.cardatechnologies.utils.validators.abaroutevalidator.Test_AbaRouteValidator_11" time="0"/>
  <testcase name="testAbaNumberCheck_23687_good" classname="com.cardatechnologies.utils.validators.abaroutevalidator.Test_AbaRouteValidator_11" time="0"/>
  <testcase name="testAbaNumberCheck_22747_good" classname="com.cardatechnologies.utils.validators.abaroutevalidator.Test_AbaRouteValidator_11" time="0"/>
  <testcase name="testAbaNumberCheck_22585_good" classname="com.cardatechnologies.utils.validators.abaroutevalidator.Test_AbaRouteValidator_11" time="0"/>
  <testcase name="testAbaNumberCheck_23399_good" classname="com.cardatechnologies.utils.validators.abaroutevalidator.Test_AbaRouteValidator_11" time="0"/>
  <testcase name="testAbaNumberCheck_22459_good" classname="com.cardatechnologies.utils.validators.abaroutevalidator.Test_AbaRouteValidator_11" time="0"/>
  <testcase name="testAbaNumberCheck_24997_good" classname="com.cardatechnologies.utils.validators.abaroutevalidator.Test_AbaRouteValidator_11" time="0"/>
  <testcase name="testAbaNumberCheck_23895_good" classname="com.cardatechnologies.utils.validators.abaroutevalidator.Test_AbaRouteValidator_11" time="0"/>
  <testcase name="testAbaNumberCheck_22955_good" classname="com.cardatechnologies.utils.validators.abaroutevalidator.Test_AbaRouteValidator_11" time="0"/>
  <testcase name="testAbaNumberCheck_23769_good" classname="com.cardatechnologies.utils.validators.abaroutevalidator.Test_AbaRouteValidator_11" time="0"/>
  <testcase name="testAbaNumberCheck_22829_good" classname="com.cardatechnologies.utils.validators.abaroutevalidator.Test_AbaRouteValidator_11" time="0"/>
  <testcase name="testAbaNumberCheck_22793_good" classname="com.cardatechnologies.utils.validators.abaroutevalidator.Test_AbaRouteValidator_11" time="0"/>
  <testcase name="testAbaNumberCheck_22667_good" classname="com.cardatechnologies.utils.validators.abaroutevalidator.Test_AbaRouteValidator_11" time="0"/>
  <testcase name="testAbaNumberCheck_23977_good" classname="com.cardatechnologies.utils.validators.abaroutevalidator.Test_AbaRouteValidator_11" time="0"/>
  <testcase name="testAbaNumberCheck_22875_good" classname="com.cardatechnologies.utils.validators.abaroutevalidator.Test_AbaRouteValidator_11" time="0"/>
  <testcase name="testAbaNumberCheck_23689_good" classname="com.cardatechnologies.utils.validators.abaroutevalidator.Test_AbaRouteValidator_11" time="0"/>
  <testcase name="testAbaNumberCheck_22749_good" classname="com.cardatechnologies.utils.validators.abaroutevalidator.Test_AbaRouteValidator_11" time="0"/>
  <testcase name="testAbaNumberCheck_22587_good" classname="com.cardatechnologies.utils.validators.abaroutevalidator.Test_AbaRouteValidator_11" time="0"/>
  <testcase name="testAbaNumberCheck_24999_good" classname="com.cardatechnologies.utils.validators.abaroutevalidator.Test_AbaRouteValidator_11" time="0"/>
  <testcase name="testAbaNumberCheck_23897_good" classname="com.cardatechnologies.utils.validators.abaroutevalidator.Test_AbaRouteValidator_11" time="0"/>
  <testcase name="testAbaNumberCheck_22957_good" classname="com.cardatechnologies.utils.validators.abaroutevalidator.Test_AbaRouteValidator_11" time="0"/>
  <testcase name="testAbaNumberCheck_22795_good" classname="com.cardatechnologies.utils.validators.abaroutevalidator.Test_AbaRouteValidator_11" time="0"/>
  <testcase name="testAbaNumberCheck_22669_good" classname="com.cardatechnologies.utils.validators.abaroutevalidator.Test_AbaRouteValidator_11" time="0"/>
  <testcase name="testAbaNumberCheck_23979_good" classname="com.cardatechnologies.utils.validators.abaroutevalidator.Test_AbaRouteValidator_11" time="0"/>
  <testcase name="testAbaNumberCheck_22877_good" classname="com.cardatechnologies.utils.validators.abaroutevalidator.Test_AbaRouteValidator_11" time="0"/>
  <testcase name="testAbaNumberCheck_22589_good" classname="com.cardatechnologies.utils.validators.abaroutevalidator.Test_AbaRouteValidator_11" time="0"/>
  <testcase name="testAbaNumberCheck_23899_good" classname="com.cardatechnologies.utils.validators.abaroutevalidator.Test_AbaRouteValidator_11" time="0"/>
  <testcase name="testAbaNumberCheck_22959_good" classname="com.cardatechnologies.utils.validators.abaroutevalidator.Test_AbaRouteValidator_11" time="0"/>
  <testcase name="testAbaNumberCheck_22797_good" classname="com.cardatechnologies.utils.validators.abaroutevalidator.Test_AbaRouteValidator_11" time="0"/>
  <testcase name="testAbaNumberCheck_22879_good" classname="com.cardatechnologies.utils.validators.abaroutevalidator.Test_AbaRouteValidator_11" time="0"/>
  <testcase name="testAbaNumberCheck_22799_good" classname="com.cardatechnologies.utils.validators.abaroutevalidator.Test_AbaRouteValidator_11" time="0"/>
  <testcase name="testAbaNumberCheck_24200_bad" classname="com.cardatechnologies.utils.validators.abaroutevalidator.Test_AbaRouteValidator_11" time="0"/>
  <testcase name="testAbaNumberCheck_24202_bad" classname="com.cardatechnologies.utils.validators.abaroutevalidator.Test_AbaRouteValidator_11" time="0"/>
  <testcase name="testAbaNumberCheck_24204_bad" classname="com.cardatechnologies.utils.validators.abaroutevalidator.Test_AbaRouteValidator_11" time="0"/>
  <testcase name="testAbaNumberCheck_24206_bad" classname="com.cardatechnologies.utils.validators.abaroutevalidator.Test_AbaRouteValidator_11" time="0"/>
  <testcase name="testAbaNumberCheck_24208_bad" classname="com.cardatechnologies.utils.validators.abaroutevalidator.Test_AbaRouteValidator_11" time="0"/>
  <testcase name="testAbaNumberCheck_24111_good" classname="com.cardatechnologies.utils.validators.abaroutevalidator.Test_AbaRouteValidator_11" time="0"/>
  <testcase name="testAbaNumberCheck_24210_bad" classname="com.cardatechnologies.utils.validators.abaroutevalidator.Test_AbaRouteValidator_11" time="0"/>
  <testcase name="testAbaNumberCheck_24212_bad" classname="com.cardatechnologies.utils.validators.abaroutevalidator.Test_AbaRouteValidator_11" time="0"/>
  <testcase name="testAbaNumberCheck_23400_bad" classname="com.cardatechnologies.utils.validators.abaroutevalidator.Test_AbaRouteValidator_11" time="0"/>
  <testcase name="testAbaNumberCheck_24214_bad" classname="com.cardatechnologies.utils.validators.abaroutevalidator.Test_AbaRouteValidator_11" time="0"/>
  <testcase name="testAbaNumberCheck_23402_bad" classname="com.cardatechnologies.utils.validators.abaroutevalidator.Test_AbaRouteValidator_11" time="0"/>
  <testcase name="testAbaNumberCheck_24216_bad" classname="com.cardatechnologies.utils.validators.abaroutevalidator.Test_AbaRouteValidator_11" time="0"/>
  <testcase name="testAbaNumberCheck_23404_bad" classname="com.cardatechnologies.utils.validators.abaroutevalidator.Test_AbaRouteValidator_11" time="0"/>
  <testcase name="testAbaNumberCheck_24218_bad" classname="com.cardatechnologies.utils.validators.abaroutevalidator.Test_AbaRouteValidator_11" time="0"/>
  <testcase name="testAbaNumberCheck_23406_bad" classname="com.cardatechnologies.utils.validators.abaroutevalidator.Test_AbaRouteValidator_11" time="0"/>
  <testcase name="testAbaNumberCheck_23408_bad" classname="com.cardatechnologies.utils.validators.abaroutevalidator.Test_AbaRouteValidator_11" time="0"/>
  <testcase name="testAbaNumberCheck_24031_good" classname="com.cardatechnologies.utils.validators.abaroutevalidator.Test_AbaRouteValidator_11" time="0"/>
  <testcase name="testAbaNumberCheck_24220_bad" classname="com.cardatechnologies.utils.validators.abaroutevalidator.Test_AbaRouteValidator_11" time="0"/>
  <testcase name="testAbaNumberCheck_24222_bad" classname="com.cardatechnologies.utils.validators.abaroutevalidator.Test_AbaRouteValidator_11" time="0"/>
  <testcase name="testAbaNumberCheck_23410_bad" classname="com.cardatechnologies.utils.validators.abaroutevalidator.Test_AbaRouteValidator_11" time="0"/>
  <testcase name="testAbaNumberCheck_24224_bad" classname="com.cardatechnologies.utils.validators.abaroutevalidator.Test_AbaRouteValidator_11" time="0"/>
  <testcase name="testAbaNumberCheck_23412_bad" classname="com.cardatechnologies.utils.validators.abaroutevalidator.Test_AbaRouteValidator_11" time="0"/>
  <testcase name="testAbaNumberCheck_24226_bad" classname="com.cardatechnologies.utils.validators.abaroutevalidator.Test_AbaRouteValidator_11" time="0"/>
  <testcase name="testAbaNumberCheck_22600_bad" classname="com.cardatechnologies.utils.validators.abaroutevalidator.Test_AbaRouteValidator_11" time="0"/>
  <testcase name="testAbaNumberCheck_23414_bad" classname="com.cardatechnologies.utils.validators.abaroutevalidator.Test_AbaRouteValidator_11" time="0"/>
  <testcase name="testAbaNumberCheck_24228_bad" classname="com.cardatechnologies.utils.validators.abaroutevalidator.Test_AbaRouteValidator_11" time="0"/>
  <testcase name="testAbaNumberCheck_22602_bad" classname="com.cardatechnologies.utils.validators.abaroutevalidator.Test_AbaRouteValidator_11" time="0"/>
  <testcase name="testAbaNumberCheck_23416_bad" classname="com.cardatechnologies.utils.validators.abaroutevalidator.Test_AbaRouteValidator_11" time="0"/>
  <testcase name="testAbaNumberCheck_22604_bad" classname="com.cardatechnologies.utils.validators.abaroutevalidator.Test_AbaRouteValidator_11" time="0"/>
  <testcase name="testAbaNumberCheck_23418_bad" classname="com.cardatechnologies.utils.validators.abaroutevalidator.Test_AbaRouteValidator_11" time="0"/>
  <testcase name="testAbaNumberCheck_22606_bad" classname="com.cardatechnologies.utils.validators.abaroutevalidator.Test_AbaRouteValidator_11" time="0"/>
  <testcase name="testAbaNumberCheck_24401_good" classname="com.cardatechnologies.utils.validators.abaroutevalidator.Test_AbaRouteValidator_11" time="0"/>
  <testcase name="testAbaNumberCheck_22608_bad" classname="com.cardatechnologies.utils.validators.abaroutevalidator.Test_AbaRouteValidator_11" time="0"/>
  <testcase name="testAbaNumberCheck_24113_good" classname="com.cardatechnologies.utils.validators.abaroutevalidator.Test_AbaRouteValidator_11" time="0"/>
  <testcase name="testAbaNumberCheck_24230_bad" classname="com.cardatechnologies.utils.validators.abaroutevalidator.Test_AbaRouteValidator_11" time="0"/>
  <testcase name="testAbaNumberCheck_24232_bad" classname="com.cardatechnologies.utils.validators.abaroutevalidator.Test_AbaRouteValidator_11" time="0"/>
  <testcase name="testAbaNumberCheck_23420_bad" classname="com.cardatechnologies.utils.validators.abaroutevalidator.Test_AbaRouteValidator_11" time="0"/>
  <testcase name="testAbaNumberCheck_24234_bad" classname="com.cardatechnologies.utils.validators.abaroutevalidator.Test_AbaRouteValidator_11" time="0"/>
  <testcase name="testAbaNumberCheck_23011_good" classname="com.cardatechnologies.utils.validators.abaroutevalidator.Test_AbaRouteValidator_11" time="0"/>
  <testcase name="testAbaNumberCheck_23422_bad" classname="com.cardatechnologies.utils.validators.abaroutevalidator.Test_AbaRouteValidator_11" time="0"/>
  <testcase name="testAbaNumberCheck_24236_bad" classname="com.cardatechnologies.utils.validators.abaroutevalidator.Test_AbaRouteValidator_11" time="0"/>
  <testcase name="testAbaNumberCheck_22610_bad" classname="com.cardatechnologies.utils.validators.abaroutevalidator.Test_AbaRouteValidator_11" time="0"/>
  <testcase name="testAbaNumberCheck_23424_bad" classname="com.cardatechnologies.utils.validators.abaroutevalidator.Test_AbaRouteValidator_11" time="0"/>
  <testcase name="testAbaNumberCheck_24238_bad" classname="com.cardatechnologies.utils.validators.abaroutevalidator.Test_AbaRouteValidator_11" time="0"/>
  <testcase name="testAbaNumberCheck_22612_bad" classname="com.cardatechnologies.utils.validators.abaroutevalidator.Test_AbaRouteValidator_11" time="0"/>
  <testcase name="testAbaNumberCheck_23426_bad" classname="com.cardatechnologies.utils.validators.abaroutevalidator.Test_AbaRouteValidator_11" time="0"/>
  <testcase name="testAbaNumberCheck_22614_bad" classname="com.cardatechnologies.utils.validators.abaroutevalidator.Test_AbaRouteValidator_11" time="0"/>
  <testcase name="testAbaNumberCheck_23428_bad" classname="com.cardatechnologies.utils.validators.abaroutevalidator.Test_AbaRouteValidator_11" time="0"/>
  <testcase name="testAbaNumberCheck_22616_bad" classname="com.cardatechnologies.utils.validators.abaroutevalidator.Test_AbaRouteValidator_11" time="0"/>
  <testcase name="testAbaNumberCheck_22618_bad" classname="com.cardatechnologies.utils.validators.abaroutevalidator.Test_AbaRouteValidator_11" time="0"/>
  <testcase name="testAbaNumberCheck_24321_good" classname="com.cardatechnologies.utils.validators.abaroutevalidator.Test_AbaRouteValidator_11" time="0"/>
  <testcase name="testAbaNumberCheck_24033_good" classname="com.cardatechnologies.utils.validators.abaroutevalidator.Test_AbaRouteValidator_11" time="0"/>
  <testcase name="testAbaNumberCheck_24240_bad" classname="com.cardatechnologies.utils.validators.abaroutevalidator.Test_AbaRouteValidator_11" time="0"/>
  <testcase name="testAbaNumberCheck_24242_bad" classname="com.cardatechnologies.utils.validators.abaroutevalidator.Test_AbaRouteValidator_11" time="0"/>
  <testcase name="testAbaNumberCheck_23430_bad" classname="com.cardatechnologies.utils.validators.abaroutevalidator.Test_AbaRouteValidator_11" time="0"/>
  <testcase name="testAbaNumberCheck_24244_bad" classname="com.cardatechnologies.utils.validators.abaroutevalidator.Test_AbaRouteValidator_11" time="0"/>
  <testcase name="testAbaNumberCheck_23432_bad" classname="com.cardatechnologies.utils.validators.abaroutevalidator.Test_AbaRouteValidator_11" time="0"/>
  <testcase name="testAbaNumberCheck_24246_bad" classname="com.cardatechnologies.utils.validators.abaroutevalidator.Test_AbaRouteValidator_11" time="0"/>
  <testcase name="testAbaNumberCheck_22620_bad" classname="com.cardatechnologies.utils.validators.abaroutevalidator.Test_AbaRouteValidator_11" time="0"/>
  <testcase name="testAbaNumberCheck_23434_bad" classname="com.cardatechnologies.utils.validators.abaroutevalidator.Test_AbaRouteValidator_11" time="0"/>
  <testcase name="testAbaNumberCheck_24248_bad" classname="com.cardatechnologies.utils.validators.abaroutevalidator.Test_AbaRouteValidator_11" time="0"/>
  <testcase name="testAbaNumberCheck_22622_bad" classname="com.cardatechnologies.utils.validators.abaroutevalidator.Test_AbaRouteValidator_11" time="0"/>
  <testcase name="testAbaNumberCheck_23436_bad" classname="com.cardatechnologies.utils.validators.abaroutevalidator.Test_AbaRouteValidator_11" time="0"/>
  <testcase name="testAbaNumberCheck_22624_bad" classname="com.cardatechnologies.utils.validators.abaroutevalidator.Test_AbaRouteValidator_11" time="0"/>
  <testcase name="testAbaNumberCheck_23438_bad" classname="com.cardatechnologies.utils.validators.abaroutevalidator.Test_AbaRouteValidator_11" time="0"/>
  <testcase name="testAbaNumberCheck_22626_bad" classname="com.cardatechnologies.utils.validators.abaroutevalidator.Test_AbaRouteValidator_11" time="0"/>
  <testcase name="testAbaNumberCheck_24403_good" classname="com.cardatechnologies.utils.validators.abaroutevalidator.Test_AbaRouteValidator_11" time="0"/>
  <testcase name="testAbaNumberCheck_22628_bad" classname="com.cardatechnologies.utils.validators.abaroutevalidator.Test_AbaRouteValidator_11" time="0"/>
  <testcase name="testAbaNumberCheck_24241_good" classname="com.cardatechnologies.utils.validators.abaroutevalidator.Test_AbaRouteValidator_11" time="0"/>
  <testcase name="testAbaNumberCheck_23301_good" classname="com.cardatechnologies.utils.validators.abaroutevalidator.Test_AbaRouteValidator_11" time="0"/>
  <testcase name="testAbaNumberCheck_24115_good" classname="com.cardatechnologies.utils.validators.abaroutevalidator.Test_AbaRouteValidator_11" time="0"/>
  <testcase name="testAbaNumberCheck_24700_bad" classname="com.cardatechnologies.utils.validators.abaroutevalidator.Test_AbaRouteValidator_11" time="0"/>
  <testcase name="testAbaNumberCheck_24250_bad" classname="com.cardatechnologies.utils.validators.abaroutevalidator.Test_AbaRouteValidator_11" time="0"/>
  <testcase name="testAbaNumberCheck_24702_bad" classname="com.cardatechnologies.utils.validators.abaroutevalidator.Test_AbaRouteValidator_11" time="0"/>
  <testcase name="testAbaNumberCheck_24252_bad" classname="com.cardatechnologies.utils.validators.abaroutevalidator.Test_AbaRouteValidator_11" time="0"/>
  <testcase name="testAbaNumberCheck_24704_bad" classname="com.cardatechnologies.utils.validators.abaroutevalidator.Test_AbaRouteValidator_11" time="0"/>
  <testcase name="testAbaNumberCheck_23440_bad" classname="com.cardatechnologies.utils.validators.abaroutevalidator.Test_AbaRouteValidator_11" time="0"/>
  <testcase name="testAbaNumberCheck_24254_bad" classname="com.cardatechnologies.utils.validators.abaroutevalidator.Test_AbaRouteValidator_11" time="0"/>
  <testcase name="testAbaNumberCheck_23013_good" classname="com.cardatechnologies.utils.validators.abaroutevalidator.Test_AbaRouteValidator_11" time="0"/>
  <testcase name="testAbaNumberCheck_24706_bad" classname="com.cardatechnologies.utils.validators.abaroutevalidator.Test_AbaRouteValidator_11" time="0"/>
  <testcase name="testAbaNumberCheck_23442_bad" classname="com.cardatechnologies.utils.validators.abaroutevalidator.Test_AbaRouteValidator_11" time="0"/>
  <testcase name="testAbaNumberCheck_24256_bad" classname="com.cardatechnologies.utils.validators.abaroutevalidator.Test_AbaRouteValidator_11" time="0"/>
  <testcase name="testAbaNumberCheck_24611_good" classname="com.cardatechnologies.utils.validators.abaroutevalidator.Test_AbaRouteValidator_11" time="0"/>
  <testcase name="testAbaNumberCheck_24708_bad" classname="com.cardatechnologies.utils.validators.abaroutevalidator.Test_AbaRouteValidator_11" time="0"/>
  <testcase name="testAbaNumberCheck_22630_bad" classname="com.cardatechnologies.utils.validators.abaroutevalidator.Test_AbaRouteValidator_11" time="0"/>
  <testcase name="testAbaNumberCheck_23444_bad" classname="com.cardatechnologies.utils.validators.abaroutevalidator.Test_AbaRouteValidator_11" time="0"/>
  <testcase name="testAbaNumberCheck_24258_bad" classname="com.cardatechnologies.utils.validators.abaroutevalidator.Test_AbaRouteValidator_11" time="0"/>
  <testcase name="testAbaNumberCheck_22632_bad" classname="com.cardatechnologies.utils.validators.abaroutevalidator.Test_AbaRouteValidator_11" time="0"/>
  <testcase name="testAbaNumberCheck_23446_bad" classname="com.cardatechnologies.utils.validators.abaroutevalidator.Test_AbaRouteValidator_11" time="0"/>
  <testcase name="testAbaNumberCheck_22634_bad" classname="com.cardatechnologies.utils.validators.abaroutevalidator.Test_AbaRouteValidator_11" time="0"/>
  <testcase name="testAbaNumberCheck_23448_bad" classname="com.cardatechnologies.utils.validators.abaroutevalidator.Test_AbaRouteValidator_11" time="0"/>
  <testcase name="testAbaNumberCheck_22636_bad" classname="com.cardatechnologies.utils.validators.abaroutevalidator.Test_AbaRouteValidator_11" time="0"/>
  <testcase name="testAbaNumberCheck_22638_bad" classname="com.cardatechnologies.utils.validators.abaroutevalidator.Test_AbaRouteValidator_11" time="0"/>
  <testcase name="testAbaNumberCheck_24323_good" classname="com.cardatechnologies.utils.validators.abaroutevalidator.Test_AbaRouteValidator_11" time="0"/>
  <testcase name="testAbaNumberCheck_24161_good" classname="com.cardatechnologies.utils.validators.abaroutevalidator.Test_AbaRouteValidator_11" time="0"/>
  <testcase name="testAbaNumberCheck_23221_good" classname="com.cardatechnologies.utils.validators.abaroutevalidator.Test_AbaRouteValidator_11" time="0"/>
  <testcase name="testAbaNumberCheck_24710_bad" classname="com.cardatechnologies.utils.validators.abaroutevalidator.Test_AbaRouteValidator_11" time="0"/>
  <testcase name="testAbaNumberCheck_24035_good" classname="com.cardatechnologies.utils.validators.abaroutevalidator.Test_AbaRouteValidator_11" time="0"/>
  <testcase name="testAbaNumberCheck_24260_bad" classname="com.cardatechnologies.utils.validators.abaroutevalidator.Test_AbaRouteValidator_11" time="0"/>
  <testcase name="testAbaNumberCheck_24712_bad" classname="com.cardatechnologies.utils.validators.abaroutevalidator.Test_AbaRouteValidator_11" time="0"/>
  <testcase name="testAbaNumberCheck_24262_bad" classname="com.cardatechnologies.utils.validators.abaroutevalidator.Test_AbaRouteValidator_11" time="0"/>
  <testcase name="testAbaNumberCheck_23900_bad" classname="com.cardatechnologies.utils.validators.abaroutevalidator.Test_AbaRouteValidator_11" time="0"/>
  <testcase name="testAbaNumberCheck_24714_bad" classname="com.cardatechnologies.utils.validators.abaroutevalidator.Test_AbaRouteValidator_11" time="0"/>
  <testcase name="testAbaNumberCheck_23450_bad" classname="com.cardatechnologies.utils.validators.abaroutevalidator.Test_AbaRouteValidator_11" time="0"/>
  <testcase name="testAbaNumberCheck_24264_bad" classname="com.cardatechnologies.utils.validators.abaroutevalidator.Test_AbaRouteValidator_11" time="0"/>
  <testcase name="testAbaNumberCheck_23902_bad" classname="com.cardatechnologies.utils.validators.abaroutevalidator.Test_AbaRouteValidator_11" time="0"/>
  <testcase name="testAbaNumberCheck_24716_bad" classname="com.cardatechnologies.utils.validators.abaroutevalidator.Test_AbaRouteValidator_11" time="0"/>
  <testcase name="testAbaNumberCheck_23452_bad" classname="com.cardatechnologies.utils.validators.abaroutevalidator.Test_AbaRouteValidator_11" time="0"/>
  <testcase name="testAbaNumberCheck_24266_bad" classname="com.cardatechnologies.utils.validators.abaroutevalidator.Test_AbaRouteValidator_11" time="0"/>
  <testcase name="testAbaNumberCheck_23904_bad" classname="com.cardatechnologies.utils.validators.abaroutevalidator.Test_AbaRouteValidator_11" time="0"/>
  <testcase name="testAbaNumberCheck_24718_bad" classname="com.cardatechnologies.utils.validators.abaroutevalidator.Test_AbaRouteValidator_11" time="0"/>
  <testcase name="testAbaNumberCheck_22640_bad" classname="com.cardatechnologies.utils.validators.abaroutevalidator.Test_AbaRouteValidator_11" time="0"/>
  <testcase name="testAbaNumberCheck_23454_bad" classname="com.cardatechnologies.utils.validators.abaroutevalidator.Test_AbaRouteValidator_11" time="0"/>
  <testcase name="testAbaNumberCheck_24268_bad" classname="com.cardatechnologies.utils.validators.abaroutevalidator.Test_AbaRouteValidator_11" time="0"/>
  <testcase name="testAbaNumberCheck_23906_bad" classname="com.cardatechnologies.utils.validators.abaroutevalidator.Test_AbaRouteValidator_11" time="0"/>
  <testcase name="testAbaNumberCheck_22642_bad" classname="com.cardatechnologies.utils.validators.abaroutevalidator.Test_AbaRouteValidator_11" time="0"/>
  <testcase name="testAbaNumberCheck_23456_bad" classname="com.cardatechnologies.utils.validators.abaroutevalidator.Test_AbaRouteValidator_11" time="0"/>
  <testcase name="testAbaNumberCheck_24531_good" classname="com.cardatechnologies.utils.validators.abaroutevalidator.Test_AbaRouteValidator_11" time="0"/>
  <testcase name="testAbaNumberCheck_23908_bad" classname="com.cardatechnologies.utils.validators.abaroutevalidator.Test_AbaRouteValidator_11" time="0"/>
  <testcase name="testAbaNumberCheck_22644_bad" classname="com.cardatechnologies.utils.validators.abaroutevalidator.Test_AbaRouteValidator_11" time="0"/>
  <testcase name="testAbaNumberCheck_23458_bad" classname="com.cardatechnologies.utils.validators.abaroutevalidator.Test_AbaRouteValidator_11" time="0"/>
  <testcase name="testAbaNumberCheck_22646_bad" classname="com.cardatechnologies.utils.validators.abaroutevalidator.Test_AbaRouteValidator_11" time="0"/>
  <testcase name="testAbaNumberCheck_24405_good" classname="com.cardatechnologies.utils.validators.abaroutevalidator.Test_AbaRouteValidator_11" time="0"/>
  <testcase name="testAbaNumberCheck_22648_bad" classname="com.cardatechnologies.utils.validators.abaroutevalidator.Test_AbaRouteValidator_11" time="0"/>
  <testcase name="testAbaNumberCheck_24243_good" classname="com.cardatechnologies.utils.validators.abaroutevalidator.Test_AbaRouteValidator_11" time="0"/>
  <testcase name="testAbaNumberCheck_23303_good" classname="com.cardatechnologies.utils.validators.abaroutevalidator.Test_AbaRouteValidator_11" time="0"/>
  <testcase name="testAbaNumberCheck_24901_good" classname="com.cardatechnologies.utils.validators.abaroutevalidator.Test_AbaRouteValidator_11" time="0"/>
  <testcase name="testAbaNumberCheck_24117_good" classname="com.cardatechnologies.utils.validators.abaroutevalidator.Test_AbaRouteValidator_11" time="0"/>
  <testcase name="testAbaNumberCheck_24081_good" classname="com.cardatechnologies.utils.validators.abaroutevalidator.Test_AbaRouteValidator_11" time="0"/>
  <testcase name="testAbaNumberCheck_24720_bad" classname="com.cardatechnologies.utils.validators.abaroutevalidator.Test_AbaRouteValidator_11" time="0"/>
  <testcase name="testAbaNumberCheck_23141_good" classname="com.cardatechnologies.utils.validators.abaroutevalidator.Test_AbaRouteValidator_11" time="0"/>
  <testcase name="testAbaNumberCheck_24270_bad" classname="com.cardatechnologies.utils.validators.abaroutevalidator.Test_AbaRouteValidator_11" time="0"/>
  <testcase name="testAbaNumberCheck_24722_bad" classname="com.cardatechnologies.utils.validators.abaroutevalidator.Test_AbaRouteValidator_11" time="0"/>
  <testcase name="testAbaNumberCheck_24272_bad" classname="com.cardatechnologies.utils.validators.abaroutevalidator.Test_AbaRouteValidator_11" time="0"/>
  <testcase name="testAbaNumberCheck_23910_bad" classname="com.cardatechnologies.utils.validators.abaroutevalidator.Test_AbaRouteValidator_11" time="0"/>
  <testcase name="testAbaNumberCheck_24724_bad" classname="com.cardatechnologies.utils.validators.abaroutevalidator.Test_AbaRouteValidator_11" time="0"/>
  <testcase name="testAbaNumberCheck_23460_bad" classname="com.cardatechnologies.utils.validators.abaroutevalidator.Test_AbaRouteValidator_11" time="0"/>
  <testcase name="testAbaNumberCheck_24274_bad" classname="com.cardatechnologies.utils.validators.abaroutevalidator.Test_AbaRouteValidator_11" time="0"/>
  <testcase name="testAbaNumberCheck_23015_good" classname="com.cardatechnologies.utils.validators.abaroutevalidator.Test_AbaRouteValidator_11" time="0"/>
  <testcase name="testAbaNumberCheck_23912_bad" classname="com.cardatechnologies.utils.validators.abaroutevalidator.Test_AbaRouteValidator_11" time="0"/>
  <testcase name="testAbaNumberCheck_24726_bad" classname="com.cardatechnologies.utils.validators.abaroutevalidator.Test_AbaRouteValidator_11" time="0"/>
  <testcase name="testAbaNumberCheck_23462_bad" classname="com.cardatechnologies.utils.validators.abaroutevalidator.Test_AbaRouteValidator_11" time="0"/>
  <testcase name="testAbaNumberCheck_24276_bad" classname="com.cardatechnologies.utils.validators.abaroutevalidator.Test_AbaRouteValidator_11" time="0"/>
  <testcase name="testAbaNumberCheck_24613_good" classname="com.cardatechnologies.utils.validators.abaroutevalidator.Test_AbaRouteValidator_11" time="0"/>
  <testcase name="testAbaNumberCheck_23914_bad" classname="com.cardatechnologies.utils.validators.abaroutevalidator.Test_AbaRouteValidator_11" time="0"/>
  <testcase name="testAbaNumberCheck_24728_bad" classname="com.cardatechnologies.utils.validators.abaroutevalidator.Test_AbaRouteValidator_11" time="0"/>
  <testcase name="testAbaNumberCheck_22650_bad" classname="com.cardatechnologies.utils.validators.abaroutevalidator.Test_AbaRouteValidator_11" time="0"/>
  <testcase name="testAbaNumberCheck_23464_bad" classname="com.cardatechnologies.utils.validators.abaroutevalidator.Test_AbaRouteValidator_11" time="0"/>
  <testcase name="testAbaNumberCheck_24278_bad" classname="com.cardatechnologies.utils.validators.abaroutevalidator.Test_AbaRouteValidator_11" time="0"/>
  <testcase name="testAbaNumberCheck_23916_bad" classname="com.cardatechnologies.utils.validators.abaroutevalidator.Test_AbaRouteValidator_11" time="0"/>
  <testcase name="testAbaNumberCheck_22652_bad" classname="com.cardatechnologies.utils.validators.abaroutevalidator.Test_AbaRouteValidator_11" time="0"/>
  <testcase name="testAbaNumberCheck_23466_bad" classname="com.cardatechnologies.utils.validators.abaroutevalidator.Test_AbaRouteValidator_11" time="0"/>
  <testcase name="testAbaNumberCheck_23918_bad" classname="com.cardatechnologies.utils.validators.abaroutevalidator.Test_AbaRouteValidator_11" time="0"/>
  <testcase name="testAbaNumberCheck_22654_bad" classname="com.cardatechnologies.utils.validators.abaroutevalidator.Test_AbaRouteValidator_11" time="0"/>
  <testcase name="testAbaNumberCheck_23468_bad" classname="com.cardatechnologies.utils.validators.abaroutevalidator.Test_AbaRouteValidator_11" time="0"/>
  <testcase name="testAbaNumberCheck_22656_bad" classname="com.cardatechnologies.utils.validators.abaroutevalidator.Test_AbaRouteValidator_11" time="0"/>
  <testcase name="testAbaNumberCheck_24451_good" classname="com.cardatechnologies.utils.validators.abaroutevalidator.Test_AbaRouteValidator_11" time="0"/>
  <testcase name="testAbaNumberCheck_23511_good" classname="com.cardatechnologies.utils.validators.abaroutevalidator.Test_AbaRouteValidator_11" time="0"/>
  <testcase name="testAbaNumberCheck_22658_bad" classname="com.cardatechnologies.utils.validators.abaroutevalidator.Test_AbaRouteValidator_11" time="0"/>
  <testcase name="testAbaNumberCheck_24325_good" classname="com.cardatechnologies.utils.validators.abaroutevalidator.Test_AbaRouteValidator_11" time="0"/>
  <testcase name="testAbaNumberCheck_24163_good" classname="com.cardatechnologies.utils.validators.abaroutevalidator.Test_AbaRouteValidator_11" time="0"/>
  <testcase name="testAbaNumberCheck_23223_good" classname="com.cardatechnologies.utils.validators.abaroutevalidator.Test_AbaRouteValidator_11" time="0"/>
  <testcase name="testAbaNumberCheck_24821_good" classname="com.cardatechnologies.utils.validators.abaroutevalidator.Test_AbaRouteValidator_11" time="0"/>
  <testcase name="testAbaNumberCheck_24730_bad" classname="com.cardatechnologies.utils.validators.abaroutevalidator.Test_AbaRouteValidator_11" time="0"/>
  <testcase name="testAbaNumberCheck_24037_good" classname="com.cardatechnologies.utils.validators.abaroutevalidator.Test_AbaRouteValidator_11" time="0"/>
  <testcase name="testAbaNumberCheck_24280_bad" classname="com.cardatechnologies.utils.validators.abaroutevalidator.Test_AbaRouteValidator_11" time="0"/>
  <testcase name="testAbaNumberCheck_24732_bad" classname="com.cardatechnologies.utils.validators.abaroutevalidator.Test_AbaRouteValidator_11" time="0"/>
  <testcase name="testAbaNumberCheck_24282_bad" classname="com.cardatechnologies.utils.validators.abaroutevalidator.Test_AbaRouteValidator_11" time="0.001"/>
  <testcase name="testAbaNumberCheck_23920_bad" classname="com.cardatechnologies.utils.validators.abaroutevalidator.Test_AbaRouteValidator_11" time="0"/>
  <testcase name="testAbaNumberCheck_24734_bad" classname="com.cardatechnologies.utils.validators.abaroutevalidator.Test_AbaRouteValidator_11" time="0"/>
  <testcase name="testAbaNumberCheck_23061_good" classname="com.cardatechnologies.utils.validators.abaroutevalidator.Test_AbaRouteValidator_11" time="0"/>
  <testcase name="testAbaNumberCheck_23470_bad" classname="com.cardatechnologies.utils.validators.abaroutevalidator.Test_AbaRouteValidator_11" time="0"/>
  <testcase name="testAbaNumberCheck_24284_bad" classname="com.cardatechnologies.utils.validators.abaroutevalidator.Test_AbaRouteValidator_11" time="0"/>
  <testcase name="testAbaNumberCheck_23922_bad" classname="com.cardatechnologies.utils.validators.abaroutevalidator.Test_AbaRouteValidator_11" time="0"/>
  <testcase name="testAbaNumberCheck_24736_bad" classname="com.cardatechnologies.utils.validators.abaroutevalidator.Test_AbaRouteValidator_11" time="0"/>
  <testcase name="testAbaNumberCheck_23472_bad" classname="com.cardatechnologies.utils.validators.abaroutevalidator.Test_AbaRouteValidator_11" time="0"/>
  <testcase name="testAbaNumberCheck_24286_bad" classname="com.cardatechnologies.utils.validators.abaroutevalidator.Test_AbaRouteValidator_11" time="0"/>
  <testcase name="testAbaNumberCheck_23924_bad" classname="com.cardatechnologies.utils.validators.abaroutevalidator.Test_AbaRouteValidator_11" time="0"/>
  <testcase name="testAbaNumberCheck_24738_bad" classname="com.cardatechnologies.utils.validators.abaroutevalidator.Test_AbaRouteValidator_11" time="0"/>
  <testcase name="testAbaNumberCheck_22660_bad" classname="com.cardatechnologies.utils.validators.abaroutevalidator.Test_AbaRouteValidator_11" time="0"/>
  <testcase name="testAbaNumberCheck_23474_bad" classname="com.cardatechnologies.utils.validators.abaroutevalidator.Test_AbaRouteValidator_11" time="0"/>
  <testcase name="testAbaNumberCheck_24288_bad" classname="com.cardatechnologies.utils.validators.abaroutevalidator.Test_AbaRouteValidator_11" time="0"/>
  <testcase name="testAbaNumberCheck_23926_bad" classname="com.cardatechnologies.utils.validators.abaroutevalidator.Test_AbaRouteValidator_11" time="0"/>
  <testcase name="testAbaNumberCheck_22662_bad" classname="com.cardatechnologies.utils.validators.abaroutevalidator.Test_AbaRouteValidator_11" time="0"/>
  <testcase name="testAbaNumberCheck_23476_bad" classname="com.cardatechnologies.utils.validators.abaroutevalidator.Test_AbaRouteValidator_11" time="0"/>
  <testcase name="testAbaNumberCheck_24533_good" classname="com.cardatechnologies.utils.validators.abaroutevalidator.Test_AbaRouteValidator_11" time="0"/>
  <testcase name="testAbaNumberCheck_23928_bad" classname="com.cardatechnologies.utils.validators.abaroutevalidator.Test_AbaRouteValidator_11" time="0"/>
  <testcase name="testAbaNumberCheck_22664_bad" classname="com.cardatechnologies.utils.validators.abaroutevalidator.Test_AbaRouteValidator_11" time="0"/>
  <testcase name="testAbaNumberCheck_23478_bad" classname="com.cardatechnologies.utils.validators.abaroutevalidator.Test_AbaRouteValidator_11" time="0"/>
  <testcase name="testAbaNumberCheck_22666_bad" classname="com.cardatechnologies.utils.validators.abaroutevalidator.Test_AbaRouteValidator_11" time="0"/>
  <testcase name="testAbaNumberCheck_24407_good" classname="com.cardatechnologies.utils.validators.abaroutevalidator.Test_AbaRouteValidator_11" time="0"/>
  <testcase name="testAbaNumberCheck_22668_bad" classname="com.cardatechnologies.utils.validators.abaroutevalidator.Test_AbaRouteValidator_11" time="0"/>
  <testcase name="testAbaNumberCheck_24371_good" classname="com.cardatechnologies.utils.validators.abaroutevalidator.Test_AbaRouteValidator_11" time="0"/>
  <testcase name="testAbaNumberCheck_23431_good" classname="com.cardatechnologies.utils.validators.abaroutevalidator.Test_AbaRouteValidator_11" time="0"/>
  <testcase name="testAbaNumberCheck_24245_good" classname="com.cardatechnologies.utils.validators.abaroutevalidator.Test_AbaRouteValidator_11" time="0"/>
  <testcase name="testAbaNumberCheck_23305_good" classname="com.cardatechnologies.utils.validators.abaroutevalidator.Test_AbaRouteValidator_11" time="0"/>
  <testcase name="testAbaNumberCheck_24903_good" classname="com.cardatechnologies.utils.validators.abaroutevalidator.Test_AbaRouteValidator_11" time="0"/>
  <testcase name="testAbaNumberCheck_24119_good" classname="com.cardatechnologies.utils.validators.abaroutevalidator.Test_AbaRouteValidator_11" time="0"/>
  <testcase name="testAbaNumberCheck_24083_good" classname="com.cardatechnologies.utils.validators.abaroutevalidator.Test_AbaRouteValidator_11" time="0"/>
  <testcase name="testAbaNumberCheck_24740_bad" classname="com.cardatechnologies.utils.validators.abaroutevalidator.Test_AbaRouteValidator_11" time="0"/>
  <testcase name="testAbaNumberCheck_23143_good" classname="com.cardatechnologies.utils.validators.abaroutevalidator.Test_AbaRouteValidator_11" time="0"/>
  <testcase name="testAbaNumberCheck_24290_bad" classname="com.cardatechnologies.utils.validators.abaroutevalidator.Test_AbaRouteValidator_11" time="0"/>
  <testcase name="testAbaNumberCheck_24742_bad" classname="com.cardatechnologies.utils.validators.abaroutevalidator.Test_AbaRouteValidator_11" time="0"/>
  <testcase name="testAbaNumberCheck_24741_good" classname="com.cardatechnologies.utils.validators.abaroutevalidator.Test_AbaRouteValidator_11" time="0"/>
  <testcase name="testAbaNumberCheck_24292_bad" classname="com.cardatechnologies.utils.validators.abaroutevalidator.Test_AbaRouteValidator_11" time="0"/>
  <testcase name="testAbaNumberCheck_23801_good" classname="com.cardatechnologies.utils.validators.abaroutevalidator.Test_AbaRouteValidator_11" time="0"/>
  <testcase name="testAbaNumberCheck_23930_bad" classname="com.cardatechnologies.utils.validators.abaroutevalidator.Test_AbaRouteValidator_11" time="0"/>
  <testcase name="testAbaNumberCheck_24744_bad" classname="com.cardatechnologies.utils.validators.abaroutevalidator.Test_AbaRouteValidator_11" time="0"/>
  <testcase name="testAbaNumberCheck_23480_bad" classname="com.cardatechnologies.utils.validators.abaroutevalidator.Test_AbaRouteValidator_11" time="0"/>
  <testcase name="testAbaNumberCheck_24294_bad" classname="com.cardatechnologies.utils.validators.abaroutevalidator.Test_AbaRouteValidator_11" time="0"/>
  <testcase name="testAbaNumberCheck_23017_good" classname="com.cardatechnologies.utils.validators.abaroutevalidator.Test_AbaRouteValidator_11" time="0"/>
  <testcase name="testAbaNumberCheck_23932_bad" classname="com.cardatechnologies.utils.validators.abaroutevalidator.Test_AbaRouteValidator_11" time="0"/>
  <testcase name="testAbaNumberCheck_24746_bad" classname="com.cardatechnologies.utils.validators.abaroutevalidator.Test_AbaRouteValidator_11" time="0"/>
  <testcase name="testAbaNumberCheck_23482_bad" classname="com.cardatechnologies.utils.validators.abaroutevalidator.Test_AbaRouteValidator_11" time="0"/>
  <testcase name="testAbaNumberCheck_24296_bad" classname="com.cardatechnologies.utils.validators.abaroutevalidator.Test_AbaRouteValidator_11" time="0"/>
  <testcase name="testAbaNumberCheck_24615_good" classname="com.cardatechnologies.utils.validators.abaroutevalidator.Test_AbaRouteValidator_11" time="0"/>
  <testcase name="testAbaNumberCheck_23934_bad" classname="com.cardatechnologies.utils.validators.abaroutevalidator.Test_AbaRouteValidator_11" time="0"/>
  <testcase name="testAbaNumberCheck_24748_bad" classname="com.cardatechnologies.utils.validators.abaroutevalidator.Test_AbaRouteValidator_11" time="0"/>
  <testcase name="testAbaNumberCheck_22670_bad" classname="com.cardatechnologies.utils.validators.abaroutevalidator.Test_AbaRouteValidator_11" time="0"/>
  <testcase name="testAbaNumberCheck_23484_bad" classname="com.cardatechnologies.utils.validators.abaroutevalidator.Test_AbaRouteValidator_11" time="0"/>
  <testcase name="testAbaNumberCheck_24298_bad" classname="com.cardatechnologies.utils.validators.abaroutevalidator.Test_AbaRouteValidator_11" time="0"/>
  <testcase name="testAbaNumberCheck_23936_bad" classname="com.cardatechnologies.utils.validators.abaroutevalidator.Test_AbaRouteValidator_11" time="0"/>
  <testcase name="testAbaNumberCheck_22672_bad" classname="com.cardatechnologies.utils.validators.abaroutevalidator.Test_AbaRouteValidator_11" time="0"/>
  <testcase name="testAbaNumberCheck_23486_bad" classname="com.cardatechnologies.utils.validators.abaroutevalidator.Test_AbaRouteValidator_11" time="0"/>
  <testcase name="testAbaNumberCheck_23938_bad" classname="com.cardatechnologies.utils.validators.abaroutevalidator.Test_AbaRouteValidator_11" time="0"/>
  <testcase name="testAbaNumberCheck_22674_bad" classname="com.cardatechnologies.utils.validators.abaroutevalidator.Test_AbaRouteValidator_11" time="0"/>
  <testcase name="testAbaNumberCheck_23488_bad" classname="com.cardatechnologies.utils.validators.abaroutevalidator.Test_AbaRouteValidator_11" time="0"/>
  <testcase name="testAbaNumberCheck_22676_bad" classname="com.cardatechnologies.utils.validators.abaroutevalidator.Test_AbaRouteValidator_11" time="0"/>
  <testcase name="testAbaNumberCheck_24453_good" classname="com.cardatechnologies.utils.validators.abaroutevalidator.Test_AbaRouteValidator_11" time="0"/>
  <testcase name="testAbaNumberCheck_23513_good" classname="com.cardatechnologies.utils.validators.abaroutevalidator.Test_AbaRouteValidator_11" time="0"/>
  <testcase name="testAbaNumberCheck_22678_bad" classname="com.cardatechnologies.utils.validators.abaroutevalidator.Test_AbaRouteValidator_11" time="0"/>
  <testcase name="testAbaNumberCheck_24327_good" classname="com.cardatechnologies.utils.validators.abaroutevalidator.Test_AbaRouteValidator_11" time="0"/>
  <testcase name="testAbaNumberCheck_24291_good" classname="com.cardatechnologies.utils.validators.abaroutevalidator.Test_AbaRouteValidator_11" time="0"/>
  <testcase name="testAbaNumberCheck_23351_good" classname="com.cardatechnologies.utils.validators.abaroutevalidator.Test_AbaRouteValidator_11" time="0"/>
  <testcase name="testAbaNumberCheck_24165_good" classname="com.cardatechnologies.utils.validators.abaroutevalidator.Test_AbaRouteValidator_11" time="0"/>
  <testcase name="testAbaNumberCheck_23225_good" classname="com.cardatechnologies.utils.validators.abaroutevalidator.Test_AbaRouteValidator_11" time="0"/>
  <testcase name="testAbaNumberCheck_24823_good" classname="com.cardatechnologies.utils.validators.abaroutevalidator.Test_AbaRouteValidator_11" time="0"/>
  <testcase name="testAbaNumberCheck_24750_bad" classname="com.cardatechnologies.utils.validators.abaroutevalidator.Test_AbaRouteValidator_11" time="0"/>
  <testcase name="testAbaNumberCheck_24039_good" classname="com.cardatechnologies.utils.validators.abaroutevalidator.Test_AbaRouteValidator_11" time="0"/>
  <testcase name="testAbaNumberCheck_24752_bad" classname="com.cardatechnologies.utils.validators.abaroutevalidator.Test_AbaRouteValidator_11" time="0"/>
  <testcase name="testAbaNumberCheck_23940_bad" classname="com.cardatechnologies.utils.validators.abaroutevalidator.Test_AbaRouteValidator_11" time="0"/>
  <testcase name="testAbaNumberCheck_24754_bad" classname="com.cardatechnologies.utils.validators.abaroutevalidator.Test_AbaRouteValidator_11" time="0"/>
  <testcase name="testAbaNumberCheck_23063_good" classname="com.cardatechnologies.utils.validators.abaroutevalidator.Test_AbaRouteValidator_11" time="0"/>
  <testcase name="testAbaNumberCheck_23490_bad" classname="com.cardatechnologies.utils.validators.abaroutevalidator.Test_AbaRouteValidator_11" time="0"/>
  <testcase name="testAbaNumberCheck_23942_bad" classname="com.cardatechnologies.utils.validators.abaroutevalidator.Test_AbaRouteValidator_11" time="0"/>
  <testcase name="testAbaNumberCheck_24756_bad" classname="com.cardatechnologies.utils.validators.abaroutevalidator.Test_AbaRouteValidator_11" time="0"/>
  <testcase name="testAbaNumberCheck_24661_good" classname="com.cardatechnologies.utils.validators.abaroutevalidator.Test_AbaRouteValidator_11" time="0"/>
  <testcase name="testAbaNumberCheck_23492_bad" classname="com.cardatechnologies.utils.validators.abaroutevalidator.Test_AbaRouteValidator_11" time="0"/>
  <testcase name="testAbaNumberCheck_23721_good" classname="com.cardatechnologies.utils.validators.abaroutevalidator.Test_AbaRouteValidator_11" time="0"/>
  <testcase name="testAbaNumberCheck_23944_bad" classname="com.cardatechnologies.utils.validators.abaroutevalidator.Test_AbaRouteValidator_11" time="0"/>
  <testcase name="testAbaNumberCheck_24758_bad" classname="com.cardatechnologies.utils.validators.abaroutevalidator.Test_AbaRouteValidator_11" time="0"/>
  <testcase name="testAbaNumberCheck_22680_bad" classname="com.cardatechnologies.utils.validators.abaroutevalidator.Test_AbaRouteValidator_11" time="0"/>
  <testcase name="testAbaNumberCheck_23494_bad" classname="com.cardatechnologies.utils.validators.abaroutevalidator.Test_AbaRouteValidator_11" time="0"/>
  <testcase name="testAbaNumberCheck_23946_bad" classname="com.cardatechnologies.utils.validators.abaroutevalidator.Test_AbaRouteValidator_11" time="0"/>
  <testcase name="testAbaNumberCheck_22682_bad" classname="com.cardatechnologies.utils.validators.abaroutevalidator.Test_AbaRouteValidator_11" time="0"/>
  <testcase name="testAbaNumberCheck_23496_bad" classname="com.cardatechnologies.utils.validators.abaroutevalidator.Test_AbaRouteValidator_11" time="0"/>
  <testcase name="testAbaNumberCheck_24535_good" classname="com.cardatechnologies.utils.validators.abaroutevalidator.Test_AbaRouteValidator_11" time="0"/>
  <testcase name="testAbaNumberCheck_23948_bad" classname="com.cardatechnologies.utils.validators.abaroutevalidator.Test_AbaRouteValidator_11" time="0"/>
  <testcase name="testAbaNumberCheck_22684_bad" classname="com.cardatechnologies.utils.validators.abaroutevalidator.Test_AbaRouteValidator_11" time="0"/>
  <testcase name="testAbaNumberCheck_23498_bad" classname="com.cardatechnologies.utils.validators.abaroutevalidator.Test_AbaRouteValidator_11" time="0"/>
  <testcase name="testAbaNumberCheck_22686_bad" classname="com.cardatechnologies.utils.validators.abaroutevalidator.Test_AbaRouteValidator_11" time="0"/>
  <testcase name="testAbaNumberCheck_24409_good" classname="com.cardatechnologies.utils.validators.abaroutevalidator.Test_AbaRouteValidator_11" time="0"/>
  <testcase name="testAbaNumberCheck_22688_bad" classname="com.cardatechnologies.utils.validators.abaroutevalidator.Test_AbaRouteValidator_11" time="0"/>
  <testcase name="testAbaNumberCheck_24373_good" classname="com.cardatechnologies.utils.validators.abaroutevalidator.Test_AbaRouteValidator_11" time="0"/>
  <testcase name="testAbaNumberCheck_23433_good" classname="com.cardatechnologies.utils.validators.abaroutevalidator.Test_AbaRouteValidator_11" time="0"/>
  <testcase name="testAbaNumberCheck_24247_good" classname="com.cardatechnologies.utils.validators.abaroutevalidator.Test_AbaRouteValidator_11" time="0"/>
  <testcase name="testAbaNumberCheck_23307_good" classname="com.cardatechnologies.utils.validators.abaroutevalidator.Test_AbaRouteValidator_11" time="0"/>
  <testcase name="testAbaNumberCheck_24905_good" classname="com.cardatechnologies.utils.validators.abaroutevalidator.Test_AbaRouteValidator_11" time="0"/>
  <testcase name="testAbaNumberCheck_23271_good" classname="com.cardatechnologies.utils.validators.abaroutevalidator.Test_AbaRouteValidator_11" time="0"/>
  <testcase name="testAbaNumberCheck_24085_good" classname="com.cardatechnologies.utils.validators.abaroutevalidator.Test_AbaRouteValidator_11" time="0"/>
  <testcase name="testAbaNumberCheck_24760_bad" classname="com.cardatechnologies.utils.validators.abaroutevalidator.Test_AbaRouteValidator_11" time="0"/>
  <testcase name="testAbaNumberCheck_23145_good" classname="com.cardatechnologies.utils.validators.abaroutevalidator.Test_AbaRouteValidator_11" time="0"/>
  <testcase name="testAbaNumberCheck_24762_bad" classname="com.cardatechnologies.utils.validators.abaroutevalidator.Test_AbaRouteValidator_11" time="0"/>
  <testcase name="testAbaNumberCheck_24743_good" classname="com.cardatechnologies.utils.validators.abaroutevalidator.Test_AbaRouteValidator_11" time="0"/>
  <testcase name="testAbaNumberCheck_23803_good" classname="com.cardatechnologies.utils.validators.abaroutevalidator.Test_AbaRouteValidator_11" time="0"/>
  <testcase name="testAbaNumberCheck_23950_bad" classname="com.cardatechnologies.utils.validators.abaroutevalidator.Test_AbaRouteValidator_11" time="0"/>
  <testcase name="testAbaNumberCheck_24764_bad" classname="com.cardatechnologies.utils.validators.abaroutevalidator.Test_AbaRouteValidator_11" time="0"/>
  <testcase name="testAbaNumberCheck_23019_good" classname="com.cardatechnologies.utils.validators.abaroutevalidator.Test_AbaRouteValidator_11" time="0"/>
  <testcase name="testAbaNumberCheck_23952_bad" classname="com.cardatechnologies.utils.validators.abaroutevalidator.Test_AbaRouteValidator_11" time="0"/>
  <testcase name="testAbaNumberCheck_24766_bad" classname="com.cardatechnologies.utils.validators.abaroutevalidator.Test_AbaRouteValidator_11" time="0"/>
  <testcase name="testAbaNumberCheck_24617_good" classname="com.cardatechnologies.utils.validators.abaroutevalidator.Test_AbaRouteValidator_11" time="0"/>
  <testcase name="testAbaNumberCheck_23954_bad" classname="com.cardatechnologies.utils.validators.abaroutevalidator.Test_AbaRouteValidator_11" time="0"/>
  <testcase name="testAbaNumberCheck_24768_bad" classname="com.cardatechnologies.utils.validators.abaroutevalidator.Test_AbaRouteValidator_11" time="0"/>
  <testcase name="testAbaNumberCheck_22690_bad" classname="com.cardatechnologies.utils.validators.abaroutevalidator.Test_AbaRouteValidator_11" time="0"/>
  <testcase name="testAbaNumberCheck_23956_bad" classname="com.cardatechnologies.utils.validators.abaroutevalidator.Test_AbaRouteValidator_11" time="0"/>
  <testcase name="testAbaNumberCheck_24581_good" classname="com.cardatechnologies.utils.validators.abaroutevalidator.Test_AbaRouteValidator_11" time="0"/>
  <testcase name="testAbaNumberCheck_22692_bad" classname="com.cardatechnologies.utils.validators.abaroutevalidator.Test_AbaRouteValidator_11" time="0"/>
  <testcase name="testAbaNumberCheck_23641_good" classname="com.cardatechnologies.utils.validators.abaroutevalidator.Test_AbaRouteValidator_11" time="0"/>
  <testcase name="testAbaNumberCheck_22701_good" classname="com.cardatechnologies.utils.validators.abaroutevalidator.Test_AbaRouteValidator_11" time="0"/>
  <testcase name="testAbaNumberCheck_23958_bad" classname="com.cardatechnologies.utils.validators.abaroutevalidator.Test_AbaRouteValidator_11" time="0"/>
  <testcase name="testAbaNumberCheck_22694_bad" classname="com.cardatechnologies.utils.validators.abaroutevalidator.Test_AbaRouteValidator_11" time="0"/>
  <testcase name="testAbaNumberCheck_22696_bad" classname="com.cardatechnologies.utils.validators.abaroutevalidator.Test_AbaRouteValidator_11" time="0"/>
  <testcase name="testAbaNumberCheck_24455_good" classname="com.cardatechnologies.utils.validators.abaroutevalidator.Test_AbaRouteValidator_11" time="0"/>
  <testcase name="testAbaNumberCheck_23515_good" classname="com.cardatechnologies.utils.validators.abaroutevalidator.Test_AbaRouteValidator_11" time="0"/>
  <testcase name="testAbaNumberCheck_22698_bad" classname="com.cardatechnologies.utils.validators.abaroutevalidator.Test_AbaRouteValidator_11" time="0"/>
  <testcase name="testAbaNumberCheck_24329_good" classname="com.cardatechnologies.utils.validators.abaroutevalidator.Test_AbaRouteValidator_11" time="0"/>
  <testcase name="testAbaNumberCheck_24293_good" classname="com.cardatechnologies.utils.validators.abaroutevalidator.Test_AbaRouteValidator_11" time="0"/>
  <testcase name="testAbaNumberCheck_23353_good" classname="com.cardatechnologies.utils.validators.abaroutevalidator.Test_AbaRouteValidator_11" time="0"/>
  <testcase name="testAbaNumberCheck_24951_good" classname="com.cardatechnologies.utils.validators.abaroutevalidator.Test_AbaRouteValidator_11" time="0"/>
  <testcase name="testAbaNumberCheck_24167_good" classname="com.cardatechnologies.utils.validators.abaroutevalidator.Test_AbaRouteValidator_11" time="0"/>
  <testcase name="testAbaNumberCheck_23227_good" classname="com.cardatechnologies.utils.validators.abaroutevalidator.Test_AbaRouteValidator_11" time="0"/>
  <testcase name="testAbaNumberCheck_24825_good" classname="com.cardatechnologies.utils.validators.abaroutevalidator.Test_AbaRouteValidator_11" time="0"/>
  <testcase name="testAbaNumberCheck_23191_good" classname="com.cardatechnologies.utils.validators.abaroutevalidator.Test_AbaRouteValidator_11" time="0"/>
  <testcase name="testAbaNumberCheck_24770_bad" classname="com.cardatechnologies.utils.validators.abaroutevalidator.Test_AbaRouteValidator_11" time="0"/>
  <testcase name="testAbaNumberCheck_24772_bad" classname="com.cardatechnologies.utils.validators.abaroutevalidator.Test_AbaRouteValidator_11" time="0"/>
  <testcase name="testAbaNumberCheck_23960_bad" classname="com.cardatechnologies.utils.validators.abaroutevalidator.Test_AbaRouteValidator_11" time="0"/>
  <testcase name="testAbaNumberCheck_24774_bad" classname="com.cardatechnologies.utils.validators.abaroutevalidator.Test_AbaRouteValidator_11" time="0"/>
  <testcase name="testAbaNumberCheck_23065_good" classname="com.cardatechnologies.utils.validators.abaroutevalidator.Test_AbaRouteValidator_11" time="0"/>
  <testcase name="testAbaNumberCheck_23962_bad" classname="com.cardatechnologies.utils.validators.abaroutevalidator.Test_AbaRouteValidator_11" time="0"/>
  <testcase name="testAbaNumberCheck_24776_bad" classname="com.cardatechnologies.utils.validators.abaroutevalidator.Test_AbaRouteValidator_11" time="0"/>
  <testcase name="testAbaNumberCheck_24663_good" classname="com.cardatechnologies.utils.validators.abaroutevalidator.Test_AbaRouteValidator_11" time="0"/>
  <testcase name="testAbaNumberCheck_23723_good" classname="com.cardatechnologies.utils.validators.abaroutevalidator.Test_AbaRouteValidator_11" time="0"/>
  <testcase name="testAbaNumberCheck_23964_bad" classname="com.cardatechnologies.utils.validators.abaroutevalidator.Test_AbaRouteValidator_11" time="0"/>
  <testcase name="testAbaNumberCheck_24778_bad" classname="com.cardatechnologies.utils.validators.abaroutevalidator.Test_AbaRouteValidator_11" time="0"/>
  <testcase name="testAbaNumberCheck_23966_bad" classname="com.cardatechnologies.utils.validators.abaroutevalidator.Test_AbaRouteValidator_11" time="0"/>
  <testcase name="testAbaNumberCheck_24537_good" classname="com.cardatechnologies.utils.validators.abaroutevalidator.Test_AbaRouteValidator_11" time="0"/>
  <testcase name="testAbaNumberCheck_23968_bad" classname="com.cardatechnologies.utils.validators.abaroutevalidator.Test_AbaRouteValidator_11" time="0"/>
  <testcase name="testAbaNumberCheck_23561_good" classname="com.cardatechnologies.utils.validators.abaroutevalidator.Test_AbaRouteValidator_11" time="0"/>
  <testcase name="testAbaNumberCheck_22621_good" classname="com.cardatechnologies.utils.validators.abaroutevalidator.Test_AbaRouteValidator_11" time="0"/>
  <testcase name="testAbaNumberCheck_24375_good" classname="com.cardatechnologies.utils.validators.abaroutevalidator.Test_AbaRouteValidator_11" time="0"/>
  <testcase name="testAbaNumberCheck_23435_good" classname="com.cardatechnologies.utils.validators.abaroutevalidator.Test_AbaRouteValidator_11" time="0"/>
  <testcase name="testAbaNumberCheck_24249_good" classname="com.cardatechnologies.utils.validators.abaroutevalidator.Test_AbaRouteValidator_11" time="0"/>
  <testcase name="testAbaNumberCheck_23309_good" classname="com.cardatechnologies.utils.validators.abaroutevalidator.Test_AbaRouteValidator_11" time="0"/>
  <testcase name="testAbaNumberCheck_24907_good" classname="com.cardatechnologies.utils.validators.abaroutevalidator.Test_AbaRouteValidator_11" time="0"/>
  <testcase name="testAbaNumberCheck_23273_good" classname="com.cardatechnologies.utils.validators.abaroutevalidator.Test_AbaRouteValidator_11" time="0"/>
  <testcase name="testAbaNumberCheck_24871_good" classname="com.cardatechnologies.utils.validators.abaroutevalidator.Test_AbaRouteValidator_11" time="0"/>
  <testcase name="testAbaNumberCheck_23931_good" classname="com.cardatechnologies.utils.validators.abaroutevalidator.Test_AbaRouteValidator_11" time="0"/>
  <testcase name="testAbaNumberCheck_24087_good" classname="com.cardatechnologies.utils.validators.abaroutevalidator.Test_AbaRouteValidator_11" time="0"/>
  <testcase name="testAbaNumberCheck_24780_bad" classname="com.cardatechnologies.utils.validators.abaroutevalidator.Test_AbaRouteValidator_11" time="0"/>
  <testcase name="testAbaNumberCheck_23147_good" classname="com.cardatechnologies.utils.validators.abaroutevalidator.Test_AbaRouteValidator_11" time="0"/>
  <testcase name="testAbaNumberCheck_24782_bad" classname="com.cardatechnologies.utils.validators.abaroutevalidator.Test_AbaRouteValidator_11" time="0"/>
  <testcase name="testAbaNumberCheck_24745_good" classname="com.cardatechnologies.utils.validators.abaroutevalidator.Test_AbaRouteValidator_11" time="0"/>
  <testcase name="testAbaNumberCheck_23805_good" classname="com.cardatechnologies.utils.validators.abaroutevalidator.Test_AbaRouteValidator_11" time="0"/>
  <testcase name="testAbaNumberCheck_23970_bad" classname="com.cardatechnologies.utils.validators.abaroutevalidator.Test_AbaRouteValidator_11" time="0"/>
  <testcase name="testAbaNumberCheck_24784_bad" classname="com.cardatechnologies.utils.validators.abaroutevalidator.Test_AbaRouteValidator_11" time="0"/>
  <testcase name="testAbaNumberCheck_23972_bad" classname="com.cardatechnologies.utils.validators.abaroutevalidator.Test_AbaRouteValidator_11" time="0"/>
  <testcase name="testAbaNumberCheck_24786_bad" classname="com.cardatechnologies.utils.validators.abaroutevalidator.Test_AbaRouteValidator_11" time="0"/>
  <testcase name="testAbaNumberCheck_24619_good" classname="com.cardatechnologies.utils.validators.abaroutevalidator.Test_AbaRouteValidator_11" time="0"/>
  <testcase name="testAbaNumberCheck_23974_bad" classname="com.cardatechnologies.utils.validators.abaroutevalidator.Test_AbaRouteValidator_11" time="0"/>
  <testcase name="testAbaNumberCheck_24788_bad" classname="com.cardatechnologies.utils.validators.abaroutevalidator.Test_AbaRouteValidator_11" time="0"/>
  <testcase name="testAbaNumberCheck_23976_bad" classname="com.cardatechnologies.utils.validators.abaroutevalidator.Test_AbaRouteValidator_11" time="0"/>
  <testcase name="testAbaNumberCheck_24583_good" classname="com.cardatechnologies.utils.validators.abaroutevalidator.Test_AbaRouteValidator_11" time="0"/>
  <testcase name="testAbaNumberCheck_23643_good" classname="com.cardatechnologies.utils.validators.abaroutevalidator.Test_AbaRouteValidator_11" time="0"/>
  <testcase name="testAbaNumberCheck_22703_good" classname="com.cardatechnologies.utils.validators.abaroutevalidator.Test_AbaRouteValidator_11" time="0"/>
  <testcase name="testAbaNumberCheck_23978_bad" classname="com.cardatechnologies.utils.validators.abaroutevalidator.Test_AbaRouteValidator_11" time="0"/>
  <testcase name="testAbaNumberCheck_24457_good" classname="com.cardatechnologies.utils.validators.abaroutevalidator.Test_AbaRouteValidator_11" time="0"/>
  <testcase name="testAbaNumberCheck_23517_good" classname="com.cardatechnologies.utils.validators.abaroutevalidator.Test_AbaRouteValidator_11" time="0"/>
  <testcase name="testAbaNumberCheck_23481_good" classname="com.cardatechnologies.utils.validators.abaroutevalidator.Test_AbaRouteValidator_11" time="0"/>
  <testcase name="testAbaNumberCheck_22541_good" classname="com.cardatechnologies.utils.validators.abaroutevalidator.Test_AbaRouteValidator_11" time="0"/>
  <testcase name="testAbaNumberCheck_24295_good" classname="com.cardatechnologies.utils.validators.abaroutevalidator.Test_AbaRouteValidator_11" time="0"/>
  <testcase name="testAbaNumberCheck_23355_good" classname="com.cardatechnologies.utils.validators.abaroutevalidator.Test_AbaRouteValidator_11" time="0"/>
  <testcase name="testAbaNumberCheck_24953_good" classname="com.cardatechnologies.utils.validators.abaroutevalidator.Test_AbaRouteValidator_11" time="0"/>
  <testcase name="testAbaNumberCheck_24169_good" classname="com.cardatechnologies.utils.validators.abaroutevalidator.Test_AbaRouteValidator_11" time="0"/>
  <testcase name="testAbaNumberCheck_23229_good" classname="com.cardatechnologies.utils.validators.abaroutevalidator.Test_AbaRouteValidator_11" time="0"/>
  <testcase name="testAbaNumberCheck_24827_good" classname="com.cardatechnologies.utils.validators.abaroutevalidator.Test_AbaRouteValidator_11" time="0"/>
  <testcase name="testAbaNumberCheck_23193_good" classname="com.cardatechnologies.utils.validators.abaroutevalidator.Test_AbaRouteValidator_11" time="0"/>
  <testcase name="testAbaNumberCheck_24790_bad" classname="com.cardatechnologies.utils.validators.abaroutevalidator.Test_AbaRouteValidator_11" time="0"/>
  <testcase name="testAbaNumberCheck_24791_good" classname="com.cardatechnologies.utils.validators.abaroutevalidator.Test_AbaRouteValidator_11" time="0"/>
  <testcase name="testAbaNumberCheck_24792_bad" classname="com.cardatechnologies.utils.validators.abaroutevalidator.Test_AbaRouteValidator_11" time="0"/>
  <testcase name="testAbaNumberCheck_23851_good" classname="com.cardatechnologies.utils.validators.abaroutevalidator.Test_AbaRouteValidator_11" time="0"/>
  <testcase name="testAbaNumberCheck_22911_good" classname="com.cardatechnologies.utils.validators.abaroutevalidator.Test_AbaRouteValidator_11" time="0"/>
  <testcase name="testAbaNumberCheck_23980_bad" classname="com.cardatechnologies.utils.validators.abaroutevalidator.Test_AbaRouteValidator_11" time="0"/>
  <testcase name="testAbaNumberCheck_24794_bad" classname="com.cardatechnologies.utils.validators.abaroutevalidator.Test_AbaRouteValidator_11" time="0"/>
  <testcase name="testAbaNumberCheck_23067_good" classname="com.cardatechnologies.utils.validators.abaroutevalidator.Test_AbaRouteValidator_11" time="0"/>
  <testcase name="testAbaNumberCheck_23982_bad" classname="com.cardatechnologies.utils.validators.abaroutevalidator.Test_AbaRouteValidator_11" time="0"/>
  <testcase name="testAbaNumberCheck_24796_bad" classname="com.cardatechnologies.utils.validators.abaroutevalidator.Test_AbaRouteValidator_11" time="0"/>
  <testcase name="testAbaNumberCheck_24665_good" classname="com.cardatechnologies.utils.validators.abaroutevalidator.Test_AbaRouteValidator_11" time="0"/>
  <testcase name="testAbaNumberCheck_23725_good" classname="com.cardatechnologies.utils.validators.abaroutevalidator.Test_AbaRouteValidator_11" time="0"/>
  <testcase name="testAbaNumberCheck_23984_bad" classname="com.cardatechnologies.utils.validators.abaroutevalidator.Test_AbaRouteValidator_11" time="0"/>
  <testcase name="testAbaNumberCheck_24798_bad" classname="com.cardatechnologies.utils.validators.abaroutevalidator.Test_AbaRouteValidator_11" time="0"/>
  <testcase name="testAbaNumberCheck_23986_bad" classname="com.cardatechnologies.utils.validators.abaroutevalidator.Test_AbaRouteValidator_11" time="0"/>
  <testcase name="testAbaNumberCheck_24539_good" classname="com.cardatechnologies.utils.validators.abaroutevalidator.Test_AbaRouteValidator_11" time="0"/>
  <testcase name="testAbaNumberCheck_23988_bad" classname="com.cardatechnologies.utils.validators.abaroutevalidator.Test_AbaRouteValidator_11" time="0"/>
  <testcase name="testAbaNumberCheck_23563_good" classname="com.cardatechnologies.utils.validators.abaroutevalidator.Test_AbaRouteValidator_11" time="0"/>
  <testcase name="testAbaNumberCheck_22623_good" classname="com.cardatechnologies.utils.validators.abaroutevalidator.Test_AbaRouteValidator_11" time="0"/>
  <testcase name="testAbaNumberCheck_24377_good" classname="com.cardatechnologies.utils.validators.abaroutevalidator.Test_AbaRouteValidator_11" time="0"/>
  <testcase name="testAbaNumberCheck_23437_good" classname="com.cardatechnologies.utils.validators.abaroutevalidator.Test_AbaRouteValidator_11" time="0"/>
  <testcase name="testAbaNumberCheck_22461_good" classname="com.cardatechnologies.utils.validators.abaroutevalidator.Test_AbaRouteValidator_11" time="0"/>
  <testcase name="testAbaNumberCheck_24909_good" classname="com.cardatechnologies.utils.validators.abaroutevalidator.Test_AbaRouteValidator_11" time="0"/>
  <testcase name="testAbaNumberCheck_23275_good" classname="com.cardatechnologies.utils.validators.abaroutevalidator.Test_AbaRouteValidator_11" time="0"/>
  <testcase name="testAbaNumberCheck_24873_good" classname="com.cardatechnologies.utils.validators.abaroutevalidator.Test_AbaRouteValidator_11" time="0"/>
  <testcase name="testAbaNumberCheck_23933_good" classname="com.cardatechnologies.utils.validators.abaroutevalidator.Test_AbaRouteValidator_11" time="0"/>
  <testcase name="testAbaNumberCheck_24089_good" classname="com.cardatechnologies.utils.validators.abaroutevalidator.Test_AbaRouteValidator_11" time="0"/>
  <testcase name="testAbaNumberCheck_23149_good" classname="com.cardatechnologies.utils.validators.abaroutevalidator.Test_AbaRouteValidator_11" time="0"/>
  <testcase name="testAbaNumberCheck_24747_good" classname="com.cardatechnologies.utils.validators.abaroutevalidator.Test_AbaRouteValidator_11" time="0"/>
  <testcase name="testAbaNumberCheck_23807_good" classname="com.cardatechnologies.utils.validators.abaroutevalidator.Test_AbaRouteValidator_11" time="0"/>
  <testcase name="testAbaNumberCheck_23990_bad" classname="com.cardatechnologies.utils.validators.abaroutevalidator.Test_AbaRouteValidator_11" time="0"/>
  <testcase name="testAbaNumberCheck_23992_bad" classname="com.cardatechnologies.utils.validators.abaroutevalidator.Test_AbaRouteValidator_11" time="0"/>
  <testcase name="testAbaNumberCheck_23771_good" classname="com.cardatechnologies.utils.validators.abaroutevalidator.Test_AbaRouteValidator_11" time="0"/>
  <testcase name="testAbaNumberCheck_22831_good" classname="com.cardatechnologies.utils.validators.abaroutevalidator.Test_AbaRouteValidator_11" time="0"/>
  <testcase name="testAbaNumberCheck_23994_bad" classname="com.cardatechnologies.utils.validators.abaroutevalidator.Test_AbaRouteValidator_11" time="0"/>
  <testcase name="testAbaNumberCheck_23996_bad" classname="com.cardatechnologies.utils.validators.abaroutevalidator.Test_AbaRouteValidator_11" time="0"/>
  <testcase name="testAbaNumberCheck_24585_good" classname="com.cardatechnologies.utils.validators.abaroutevalidator.Test_AbaRouteValidator_11" time="0"/>
  <testcase name="testAbaNumberCheck_23645_good" classname="com.cardatechnologies.utils.validators.abaroutevalidator.Test_AbaRouteValidator_11" time="0"/>
  <testcase name="testAbaNumberCheck_22705_good" classname="com.cardatechnologies.utils.validators.abaroutevalidator.Test_AbaRouteValidator_11" time="0"/>
  <testcase name="testAbaNumberCheck_23998_bad" classname="com.cardatechnologies.utils.validators.abaroutevalidator.Test_AbaRouteValidator_11" time="0"/>
  <testcase name="testAbaNumberCheck_24459_good" classname="com.cardatechnologies.utils.validators.abaroutevalidator.Test_AbaRouteValidator_11" time="0"/>
  <testcase name="testAbaNumberCheck_23519_good" classname="com.cardatechnologies.utils.validators.abaroutevalidator.Test_AbaRouteValidator_11" time="0"/>
  <testcase name="testAbaNumberCheck_23483_good" classname="com.cardatechnologies.utils.validators.abaroutevalidator.Test_AbaRouteValidator_11" time="0"/>
  <testcase name="testAbaNumberCheck_22543_good" classname="com.cardatechnologies.utils.validators.abaroutevalidator.Test_AbaRouteValidator_11" time="0.001"/>
  <testcase name="testAbaNumberCheck_24297_good" classname="com.cardatechnologies.utils.validators.abaroutevalidator.Test_AbaRouteValidator_11" time="0"/>
  <testcase name="testAbaNumberCheck_23357_good" classname="com.cardatechnologies.utils.validators.abaroutevalidator.Test_AbaRouteValidator_11" time="0"/>
  <testcase name="testAbaNumberCheck_24955_good" classname="com.cardatechnologies.utils.validators.abaroutevalidator.Test_AbaRouteValidator_11" time="0"/>
  <testcase name="testAbaNumberCheck_24829_good" classname="com.cardatechnologies.utils.validators.abaroutevalidator.Test_AbaRouteValidator_11" time="0"/>
  <testcase name="testAbaNumberCheck_23195_good" classname="com.cardatechnologies.utils.validators.abaroutevalidator.Test_AbaRouteValidator_11" time="0"/>
  <testcase name="testAbaNumberCheck_24793_good" classname="com.cardatechnologies.utils.validators.abaroutevalidator.Test_AbaRouteValidator_11" time="0"/>
  <testcase name="testAbaNumberCheck_23853_good" classname="com.cardatechnologies.utils.validators.abaroutevalidator.Test_AbaRouteValidator_11" time="0"/>
  <testcase name="testAbaNumberCheck_22913_good" classname="com.cardatechnologies.utils.validators.abaroutevalidator.Test_AbaRouteValidator_11" time="0"/>
  <testcase name="testAbaNumberCheck_23069_good" classname="com.cardatechnologies.utils.validators.abaroutevalidator.Test_AbaRouteValidator_11" time="0"/>
  <testcase name="testAbaNumberCheck_24667_good" classname="com.cardatechnologies.utils.validators.abaroutevalidator.Test_AbaRouteValidator_11" time="0"/>
  <testcase name="testAbaNumberCheck_23727_good" classname="com.cardatechnologies.utils.validators.abaroutevalidator.Test_AbaRouteValidator_11" time="0"/>
  <testcase name="testAbaNumberCheck_23691_good" classname="com.cardatechnologies.utils.validators.abaroutevalidator.Test_AbaRouteValidator_11" time="0"/>
  <testcase name="testAbaNumberCheck_22751_good" classname="com.cardatechnologies.utils.validators.abaroutevalidator.Test_AbaRouteValidator_11" time="0"/>
  <testcase name="testAbaNumberCheck_23565_good" classname="com.cardatechnologies.utils.validators.abaroutevalidator.Test_AbaRouteValidator_11" time="0"/>
  <testcase name="testAbaNumberCheck_22625_good" classname="com.cardatechnologies.utils.validators.abaroutevalidator.Test_AbaRouteValidator_11" time="0"/>
  <testcase name="testAbaNumberCheck_24379_good" classname="com.cardatechnologies.utils.validators.abaroutevalidator.Test_AbaRouteValidator_11" time="0"/>
  <testcase name="testAbaNumberCheck_23439_good" classname="com.cardatechnologies.utils.validators.abaroutevalidator.Test_AbaRouteValidator_11" time="0"/>
  <testcase name="testAbaNumberCheck_22463_good" classname="com.cardatechnologies.utils.validators.abaroutevalidator.Test_AbaRouteValidator_11" time="0"/>
  <testcase name="testAbaNumberCheck_23277_good" classname="com.cardatechnologies.utils.validators.abaroutevalidator.Test_AbaRouteValidator_11" time="0"/>
  <testcase name="testAbaNumberCheck_24875_good" classname="com.cardatechnologies.utils.validators.abaroutevalidator.Test_AbaRouteValidator_11" time="0"/>
  <testcase name="testAbaNumberCheck_23935_good" classname="com.cardatechnologies.utils.validators.abaroutevalidator.Test_AbaRouteValidator_11" time="0"/>
  <testcase name="testAbaNumberCheck_24749_good" classname="com.cardatechnologies.utils.validators.abaroutevalidator.Test_AbaRouteValidator_11" time="0"/>
  <testcase name="testAbaNumberCheck_23809_good" classname="com.cardatechnologies.utils.validators.abaroutevalidator.Test_AbaRouteValidator_11" time="0"/>
  <testcase name="testAbaNumberCheck_23773_good" classname="com.cardatechnologies.utils.validators.abaroutevalidator.Test_AbaRouteValidator_11" time="0"/>
  <testcase name="testAbaNumberCheck_22833_good" classname="com.cardatechnologies.utils.validators.abaroutevalidator.Test_AbaRouteValidator_11" time="0"/>
  <testcase name="testAbaNumberCheck_24587_good" classname="com.cardatechnologies.utils.validators.abaroutevalidator.Test_AbaRouteValidator_11" time="0"/>
  <testcase name="testAbaNumberCheck_23647_good" classname="com.cardatechnologies.utils.validators.abaroutevalidator.Test_AbaRouteValidator_11" time="0"/>
  <testcase name="testAbaNumberCheck_22707_good" classname="com.cardatechnologies.utils.validators.abaroutevalidator.Test_AbaRouteValidator_11" time="0"/>
  <testcase name="testAbaNumberCheck_22671_good" classname="com.cardatechnologies.utils.validators.abaroutevalidator.Test_AbaRouteValidator_11" time="0"/>
  <testcase name="testAbaNumberCheck_23485_good" classname="com.cardatechnologies.utils.validators.abaroutevalidator.Test_AbaRouteValidator_11" time="0"/>
  <testcase name="testAbaNumberCheck_22545_good" classname="com.cardatechnologies.utils.validators.abaroutevalidator.Test_AbaRouteValidator_11" time="0"/>
  <testcase name="testAbaNumberCheck_24299_good" classname="com.cardatechnologies.utils.validators.abaroutevalidator.Test_AbaRouteValidator_11" time="0"/>
  <testcase name="testAbaNumberCheck_23359_good" classname="com.cardatechnologies.utils.validators.abaroutevalidator.Test_AbaRouteValidator_11" time="0"/>
  <testcase name="testAbaNumberCheck_24957_good" classname="com.cardatechnologies.utils.validators.abaroutevalidator.Test_AbaRouteValidator_11" time="0"/>
  <testcase name="testAbaNumberCheck_23981_good" classname="com.cardatechnologies.utils.validators.abaroutevalidator.Test_AbaRouteValidator_11" time="0"/>
  <testcase name="testAbaNumberCheck_23197_good" classname="com.cardatechnologies.utils.validators.abaroutevalidator.Test_AbaRouteValidator_11" time="0"/>
  <testcase name="testAbaNumberCheck_24795_good" classname="com.cardatechnologies.utils.validators.abaroutevalidator.Test_AbaRouteValidator_11" time="0"/>
  <testcase name="testAbaNumberCheck_23855_good" classname="com.cardatechnologies.utils.validators.abaroutevalidator.Test_AbaRouteValidator_11" time="0"/>
  <testcase name="testAbaNumberCheck_22915_good" classname="com.cardatechnologies.utils.validators.abaroutevalidator.Test_AbaRouteValidator_11" time="0"/>
  <testcase name="testAbaNumberCheck_24669_good" classname="com.cardatechnologies.utils.validators.abaroutevalidator.Test_AbaRouteValidator_11" time="0"/>
  <testcase name="testAbaNumberCheck_23729_good" classname="com.cardatechnologies.utils.validators.abaroutevalidator.Test_AbaRouteValidator_11" time="0"/>
  <testcase name="testAbaNumberCheck_23693_good" classname="com.cardatechnologies.utils.validators.abaroutevalidator.Test_AbaRouteValidator_11" time="0"/>
  <testcase name="testAbaNumberCheck_22753_good" classname="com.cardatechnologies.utils.validators.abaroutevalidator.Test_AbaRouteValidator_11" time="0"/>
  <testcase name="testAbaNumberCheck_23567_good" classname="com.cardatechnologies.utils.validators.abaroutevalidator.Test_AbaRouteValidator_11" time="0"/>
  <testcase name="testAbaNumberCheck_22627_good" classname="com.cardatechnologies.utils.validators.abaroutevalidator.Test_AbaRouteValidator_11" time="0"/>
  <testcase name="testAbaNumberCheck_22591_good" classname="com.cardatechnologies.utils.validators.abaroutevalidator.Test_AbaRouteValidator_11" time="0"/>
  <testcase name="testAbaNumberCheck_22465_good" classname="com.cardatechnologies.utils.validators.abaroutevalidator.Test_AbaRouteValidator_11" time="0"/>
  <testcase name="testAbaNumberCheck_23279_good" classname="com.cardatechnologies.utils.validators.abaroutevalidator.Test_AbaRouteValidator_11" time="0"/>
  <testcase name="testAbaNumberCheck_24877_good" classname="com.cardatechnologies.utils.validators.abaroutevalidator.Test_AbaRouteValidator_11" time="0"/>
  <testcase name="testAbaNumberCheck_23937_good" classname="com.cardatechnologies.utils.validators.abaroutevalidator.Test_AbaRouteValidator_11" time="0"/>
  <testcase name="testAbaNumberCheck_22961_good" classname="com.cardatechnologies.utils.validators.abaroutevalidator.Test_AbaRouteValidator_11" time="0"/>
  <testcase name="testAbaNumberCheck_23775_good" classname="com.cardatechnologies.utils.validators.abaroutevalidator.Test_AbaRouteValidator_11" time="0"/>
  <testcase name="testAbaNumberCheck_22835_good" classname="com.cardatechnologies.utils.validators.abaroutevalidator.Test_AbaRouteValidator_11" time="0"/>
  <testcase name="testAbaNumberCheck_24589_good" classname="com.cardatechnologies.utils.validators.abaroutevalidator.Test_AbaRouteValidator_11" time="0"/>
  <testcase name="testAbaNumberCheck_23649_good" classname="com.cardatechnologies.utils.validators.abaroutevalidator.Test_AbaRouteValidator_11" time="0"/>
  <testcase name="testAbaNumberCheck_22709_good" classname="com.cardatechnologies.utils.validators.abaroutevalidator.Test_AbaRouteValidator_11" time="0"/>
  <testcase name="testAbaNumberCheck_22673_good" classname="com.cardatechnologies.utils.validators.abaroutevalidator.Test_AbaRouteValidator_11" time="0"/>
  <testcase name="testAbaNumberCheck_23487_good" classname="com.cardatechnologies.utils.validators.abaroutevalidator.Test_AbaRouteValidator_11" time="0"/>
  <testcase name="testAbaNumberCheck_22547_good" classname="com.cardatechnologies.utils.validators.abaroutevalidator.Test_AbaRouteValidator_11" time="0"/>
  <testcase name="testAbaNumberCheck_24959_good" classname="com.cardatechnologies.utils.validators.abaroutevalidator.Test_AbaRouteValidator_11" time="0"/>
  <testcase name="testAbaNumberCheck_23983_good" classname="com.cardatechnologies.utils.validators.abaroutevalidator.Test_AbaRouteValidator_11" time="0"/>
  <testcase name="testAbaNumberCheck_23199_good" classname="com.cardatechnologies.utils.validators.abaroutevalidator.Test_AbaRouteValidator_11" time="0"/>
  <testcase name="testAbaNumberCheck_24797_good" classname="com.cardatechnologies.utils.validators.abaroutevalidator.Test_AbaRouteValidator_11" time="0"/>
  <testcase name="testAbaNumberCheck_23857_good" classname="com.cardatechnologies.utils.validators.abaroutevalidator.Test_AbaRouteValidator_11" time="0"/>
  <testcase name="testAbaNumberCheck_22917_good" classname="com.cardatechnologies.utils.validators.abaroutevalidator.Test_AbaRouteValidator_11" time="0"/>
  <testcase name="testAbaNumberCheck_22881_good" classname="com.cardatechnologies.utils.validators.abaroutevalidator.Test_AbaRouteValidator_11" time="0"/>
  <testcase name="testAbaNumberCheck_23695_good" classname="com.cardatechnologies.utils.validators.abaroutevalidator.Test_AbaRouteValidator_11" time="0"/>
  <testcase name="testAbaNumberCheck_22755_good" classname="com.cardatechnologies.utils.validators.abaroutevalidator.Test_AbaRouteValidator_11" time="0"/>
  <testcase name="testAbaNumberCheck_23569_good" classname="com.cardatechnologies.utils.validators.abaroutevalidator.Test_AbaRouteValidator_11" time="0"/>
  <testcase name="testAbaNumberCheck_22629_good" classname="com.cardatechnologies.utils.validators.abaroutevalidator.Test_AbaRouteValidator_11" time="0"/>
  <testcase name="testAbaNumberCheck_22593_good" classname="com.cardatechnologies.utils.validators.abaroutevalidator.Test_AbaRouteValidator_11" time="0"/>
  <testcase name="testAbaNumberCheck_22467_good" classname="com.cardatechnologies.utils.validators.abaroutevalidator.Test_AbaRouteValidator_11" time="0"/>
  <testcase name="testAbaNumberCheck_24879_good" classname="com.cardatechnologies.utils.validators.abaroutevalidator.Test_AbaRouteValidator_11" time="0"/>
  <testcase name="testAbaNumberCheck_23939_good" classname="com.cardatechnologies.utils.validators.abaroutevalidator.Test_AbaRouteValidator_11" time="0"/>
  <testcase name="testAbaNumberCheck_22963_good" classname="com.cardatechnologies.utils.validators.abaroutevalidator.Test_AbaRouteValidator_11" time="0"/>
  <testcase name="testAbaNumberCheck_23777_good" classname="com.cardatechnologies.utils.validators.abaroutevalidator.Test_AbaRouteValidator_11" time="0"/>
  <testcase name="testAbaNumberCheck_22837_good" classname="com.cardatechnologies.utils.validators.abaroutevalidator.Test_AbaRouteValidator_11" time="0"/>
  <testcase name="testAbaNumberCheck_22675_good" classname="com.cardatechnologies.utils.validators.abaroutevalidator.Test_AbaRouteValidator_11" time="0"/>
  <testcase name="testAbaNumberCheck_23489_good" classname="com.cardatechnologies.utils.validators.abaroutevalidator.Test_AbaRouteValidator_11" time="0"/>
  <testcase name="testAbaNumberCheck_22549_good" classname="com.cardatechnologies.utils.validators.abaroutevalidator.Test_AbaRouteValidator_11" time="0"/>
  <testcase name="testAbaNumberCheck_23985_good" classname="com.cardatechnologies.utils.validators.abaroutevalidator.Test_AbaRouteValidator_11" time="0"/>
  <testcase name="testAbaNumberCheck_24799_good" classname="com.cardatechnologies.utils.validators.abaroutevalidator.Test_AbaRouteValidator_11" time="0"/>
  <testcase name="testAbaNumberCheck_23859_good" classname="com.cardatechnologies.utils.validators.abaroutevalidator.Test_AbaRouteValidator_11" time="0"/>
  <testcase name="testAbaNumberCheck_22919_good" classname="com.cardatechnologies.utils.validators.abaroutevalidator.Test_AbaRouteValidator_11" time="0"/>
  <testcase name="testAbaNumberCheck_22883_good" classname="com.cardatechnologies.utils.validators.abaroutevalidator.Test_AbaRouteValidator_11" time="0"/>
  <testcase name="testAbaNumberCheck_23697_good" classname="com.cardatechnologies.utils.validators.abaroutevalidator.Test_AbaRouteValidator_11" time="0"/>
  <testcase name="testAbaNumberCheck_22757_good" classname="com.cardatechnologies.utils.validators.abaroutevalidator.Test_AbaRouteValidator_11" time="0"/>
  <testcase name="testAbaNumberCheck_22595_good" classname="com.cardatechnologies.utils.validators.abaroutevalidator.Test_AbaRouteValidator_11" time="0"/>
  <testcase name="testAbaNumberCheck_22469_good" classname="com.cardatechnologies.utils.validators.abaroutevalidator.Test_AbaRouteValidator_11" time="0"/>
  <testcase name="testAbaNumberCheck_22965_good" classname="com.cardatechnologies.utils.validators.abaroutevalidator.Test_AbaRouteValidator_11" time="0"/>
  <testcase name="testAbaNumberCheck_23779_good" classname="com.cardatechnologies.utils.validators.abaroutevalidator.Test_AbaRouteValidator_11" time="0"/>
  <testcase name="testAbaNumberCheck_22839_good" classname="com.cardatechnologies.utils.validators.abaroutevalidator.Test_AbaRouteValidator_11" time="0"/>
  <testcase name="testAbaNumberCheck_22677_good" classname="com.cardatechnologies.utils.validators.abaroutevalidator.Test_AbaRouteValidator_11" time="0"/>
  <testcase name="testAbaNumberCheck_23987_good" classname="com.cardatechnologies.utils.validators.abaroutevalidator.Test_AbaRouteValidator_11" time="0"/>
  <testcase name="testAbaNumberCheck_22885_good" classname="com.cardatechnologies.utils.validators.abaroutevalidator.Test_AbaRouteValidator_11" time="0"/>
  <testcase name="testAbaNumberCheck_23699_good" classname="com.cardatechnologies.utils.validators.abaroutevalidator.Test_AbaRouteValidator_11" time="0"/>
  <testcase name="testAbaNumberCheck_22759_good" classname="com.cardatechnologies.utils.validators.abaroutevalidator.Test_AbaRouteValidator_11" time="0"/>
  <testcase name="testAbaNumberCheck_22597_good" classname="com.cardatechnologies.utils.validators.abaroutevalidator.Test_AbaRouteValidator_11" time="0"/>
  <testcase name="testAbaNumberCheck_22967_good" classname="com.cardatechnologies.utils.validators.abaroutevalidator.Test_AbaRouteValidator_11" time="0"/>
  <testcase name="testAbaNumberCheck_22679_good" classname="com.cardatechnologies.utils.validators.abaroutevalidator.Test_AbaRouteValidator_11" time="0"/>
  <testcase name="testAbaNumberCheck_23989_good" classname="com.cardatechnologies.utils.validators.abaroutevalidator.Test_AbaRouteValidator_11" time="0"/>
  <testcase name="testAbaNumberCheck_22887_good" classname="com.cardatechnologies.utils.validators.abaroutevalidator.Test_AbaRouteValidator_11" time="0"/>
  <testcase name="testAbaNumberCheck_22599_good" classname="com.cardatechnologies.utils.validators.abaroutevalidator.Test_AbaRouteValidator_11" time="0"/>
  <testcase name="testAbaNumberCheck_22969_good" classname="com.cardatechnologies.utils.validators.abaroutevalidator.Test_AbaRouteValidator_11" time="0"/>
  <testcase name="testAbaNumberCheck_23000_bad" classname="com.cardatechnologies.utils.validators.abaroutevalidator.Test_AbaRouteValidator_11" time="0"/>
  <testcase name="testAbaNumberCheck_23002_bad" classname="com.cardatechnologies.utils.validators.abaroutevalidator.Test_AbaRouteValidator_11" time="0"/>
  <testcase name="testAbaNumberCheck_23004_bad" classname="com.cardatechnologies.utils.validators.abaroutevalidator.Test_AbaRouteValidator_11" time="0"/>
  <testcase name="testAbaNumberCheck_23006_bad" classname="com.cardatechnologies.utils.validators.abaroutevalidator.Test_AbaRouteValidator_11" time="0"/>
  <testcase name="testAbaNumberCheck_23008_bad" classname="com.cardatechnologies.utils.validators.abaroutevalidator.Test_AbaRouteValidator_11" time="0"/>
  <testcase name="testAbaNumberCheck_23010_bad" classname="com.cardatechnologies.utils.validators.abaroutevalidator.Test_AbaRouteValidator_11" time="0"/>
  <testcase name="testAbaNumberCheck_22889_good" classname="com.cardatechnologies.utils.validators.abaroutevalidator.Test_AbaRouteValidator_11" time="0"/>
  <testcase name="testAbaNumberCheck_23012_bad" classname="com.cardatechnologies.utils.validators.abaroutevalidator.Test_AbaRouteValidator_11" time="0"/>
  <testcase name="testAbaNumberCheck_23014_bad" classname="com.cardatechnologies.utils.validators.abaroutevalidator.Test_AbaRouteValidator_11" time="0"/>
  <testcase name="testAbaNumberCheck_23016_bad" classname="com.cardatechnologies.utils.validators.abaroutevalidator.Test_AbaRouteValidator_11" time="0"/>
  <testcase name="testAbaNumberCheck_23018_bad" classname="com.cardatechnologies.utils.validators.abaroutevalidator.Test_AbaRouteValidator_11" time="0"/>
  <testcase name="testAbaNumberCheck_23020_bad" classname="com.cardatechnologies.utils.validators.abaroutevalidator.Test_AbaRouteValidator_11" time="0"/>
  <testcase name="testAbaNumberCheck_23022_bad" classname="com.cardatechnologies.utils.validators.abaroutevalidator.Test_AbaRouteValidator_11" time="0"/>
  <testcase name="testAbaNumberCheck_23024_bad" classname="com.cardatechnologies.utils.validators.abaroutevalidator.Test_AbaRouteValidator_11" time="0"/>
  <testcase name="testAbaNumberCheck_23026_bad" classname="com.cardatechnologies.utils.validators.abaroutevalidator.Test_AbaRouteValidator_11" time="0"/>
  <testcase name="testAbaNumberCheck_23028_bad" classname="com.cardatechnologies.utils.validators.abaroutevalidator.Test_AbaRouteValidator_11" time="0"/>
  <testcase name="testAbaNumberCheck_23030_bad" classname="com.cardatechnologies.utils.validators.abaroutevalidator.Test_AbaRouteValidator_11" time="0"/>
  <testcase name="testAbaNumberCheck_23032_bad" classname="com.cardatechnologies.utils.validators.abaroutevalidator.Test_AbaRouteValidator_11" time="0"/>
  <testcase name="testAbaNumberCheck_23034_bad" classname="com.cardatechnologies.utils.validators.abaroutevalidator.Test_AbaRouteValidator_11" time="0"/>
  <testcase name="testAbaNumberCheck_23036_bad" classname="com.cardatechnologies.utils.validators.abaroutevalidator.Test_AbaRouteValidator_11" time="0"/>
  <testcase name="testAbaNumberCheck_23038_bad" classname="com.cardatechnologies.utils.validators.abaroutevalidator.Test_AbaRouteValidator_11" time="0"/>
  <testcase name="testAbaNumberCheck_24201_good" classname="com.cardatechnologies.utils.validators.abaroutevalidator.Test_AbaRouteValidator_11" time="0"/>
  <testcase name="testAbaNumberCheck_24300_bad" classname="com.cardatechnologies.utils.validators.abaroutevalidator.Test_AbaRouteValidator_11" time="0"/>
  <testcase name="testAbaNumberCheck_24302_bad" classname="com.cardatechnologies.utils.validators.abaroutevalidator.Test_AbaRouteValidator_11" time="0"/>
  <testcase name="testAbaNumberCheck_24304_bad" classname="com.cardatechnologies.utils.validators.abaroutevalidator.Test_AbaRouteValidator_11" time="0"/>
  <testcase name="testAbaNumberCheck_23040_bad" classname="com.cardatechnologies.utils.validators.abaroutevalidator.Test_AbaRouteValidator_11" time="0"/>
  <testcase name="testAbaNumberCheck_24306_bad" classname="com.cardatechnologies.utils.validators.abaroutevalidator.Test_AbaRouteValidator_11" time="0"/>
  <testcase name="testAbaNumberCheck_23042_bad" classname="com.cardatechnologies.utils.validators.abaroutevalidator.Test_AbaRouteValidator_11" time="0"/>
  <testcase name="testAbaNumberCheck_24308_bad" classname="com.cardatechnologies.utils.validators.abaroutevalidator.Test_AbaRouteValidator_11" time="0"/>
  <testcase name="testAbaNumberCheck_23044_bad" classname="com.cardatechnologies.utils.validators.abaroutevalidator.Test_AbaRouteValidator_11" time="0"/>
  <testcase name="testAbaNumberCheck_23046_bad" classname="com.cardatechnologies.utils.validators.abaroutevalidator.Test_AbaRouteValidator_11" time="0"/>
  <testcase name="testAbaNumberCheck_23048_bad" classname="com.cardatechnologies.utils.validators.abaroutevalidator.Test_AbaRouteValidator_11" time="0"/>
  <testcase name="testAbaNumberCheck_24121_good" classname="com.cardatechnologies.utils.validators.abaroutevalidator.Test_AbaRouteValidator_11" time="0"/>
  <testcase name="testAbaNumberCheck_24310_bad" classname="com.cardatechnologies.utils.validators.abaroutevalidator.Test_AbaRouteValidator_11" time="0"/>
  <testcase name="testAbaNumberCheck_24312_bad" classname="com.cardatechnologies.utils.validators.abaroutevalidator.Test_AbaRouteValidator_11" time="0"/>
  <testcase name="testAbaNumberCheck_23500_bad" classname="com.cardatechnologies.utils.validators.abaroutevalidator.Test_AbaRouteValidator_11" time="0"/>
  <testcase name="testAbaNumberCheck_24314_bad" classname="com.cardatechnologies.utils.validators.abaroutevalidator.Test_AbaRouteValidator_11" time="0"/>
  <testcase name="testAbaNumberCheck_23050_bad" classname="com.cardatechnologies.utils.validators.abaroutevalidator.Test_AbaRouteValidator_11" time="0"/>
  <testcase name="testAbaNumberCheck_23502_bad" classname="com.cardatechnologies.utils.validators.abaroutevalidator.Test_AbaRouteValidator_11" time="0"/>
  <testcase name="testAbaNumberCheck_24316_bad" classname="com.cardatechnologies.utils.validators.abaroutevalidator.Test_AbaRouteValidator_11" time="0"/>
  <testcase name="testAbaNumberCheck_23052_bad" classname="com.cardatechnologies.utils.validators.abaroutevalidator.Test_AbaRouteValidator_11" time="0"/>
  <testcase name="testAbaNumberCheck_23504_bad" classname="com.cardatechnologies.utils.validators.abaroutevalidator.Test_AbaRouteValidator_11" time="0"/>
  <testcase name="testAbaNumberCheck_24318_bad" classname="com.cardatechnologies.utils.validators.abaroutevalidator.Test_AbaRouteValidator_11" time="0"/>
  <testcase name="testAbaNumberCheck_23054_bad" classname="com.cardatechnologies.utils.validators.abaroutevalidator.Test_AbaRouteValidator_11" time="0"/>
  <testcase name="testAbaNumberCheck_23506_bad" classname="com.cardatechnologies.utils.validators.abaroutevalidator.Test_AbaRouteValidator_11" time="0"/>
  <testcase name="testAbaNumberCheck_23056_bad" classname="com.cardatechnologies.utils.validators.abaroutevalidator.Test_AbaRouteValidator_11" time="0"/>
  <testcase name="testAbaNumberCheck_23508_bad" classname="com.cardatechnologies.utils.validators.abaroutevalidator.Test_AbaRouteValidator_11" time="0"/>
  <testcase name="testAbaNumberCheck_23058_bad" classname="com.cardatechnologies.utils.validators.abaroutevalidator.Test_AbaRouteValidator_11" time="0"/>
  <testcase name="testAbaNumberCheck_24203_good" classname="com.cardatechnologies.utils.validators.abaroutevalidator.Test_AbaRouteValidator_11" time="0"/>
  <testcase name="testAbaNumberCheck_24041_good" classname="com.cardatechnologies.utils.validators.abaroutevalidator.Test_AbaRouteValidator_11" time="0"/>
  <testcase name="testAbaNumberCheck_24320_bad" classname="com.cardatechnologies.utils.validators.abaroutevalidator.Test_AbaRouteValidator_11" time="0"/>
  <testcase name="testAbaNumberCheck_23101_good" classname="com.cardatechnologies.utils.validators.abaroutevalidator.Test_AbaRouteValidator_11" time="0"/>
  <testcase name="testAbaNumberCheck_24322_bad" classname="com.cardatechnologies.utils.validators.abaroutevalidator.Test_AbaRouteValidator_11" time="0"/>
  <testcase name="testAbaNumberCheck_23510_bad" classname="com.cardatechnologies.utils.validators.abaroutevalidator.Test_AbaRouteValidator_11" time="0"/>
  <testcase name="testAbaNumberCheck_24324_bad" classname="com.cardatechnologies.utils.validators.abaroutevalidator.Test_AbaRouteValidator_11" time="0"/>
  <testcase name="testAbaNumberCheck_23060_bad" classname="com.cardatechnologies.utils.validators.abaroutevalidator.Test_AbaRouteValidator_11" time="0"/>
  <testcase name="testAbaNumberCheck_23512_bad" classname="com.cardatechnologies.utils.validators.abaroutevalidator.Test_AbaRouteValidator_11" time="0"/>
  <testcase name="testAbaNumberCheck_24326_bad" classname="com.cardatechnologies.utils.validators.abaroutevalidator.Test_AbaRouteValidator_11" time="0"/>
  <testcase name="testAbaNumberCheck_23062_bad" classname="com.cardatechnologies.utils.validators.abaroutevalidator.Test_AbaRouteValidator_11" time="0"/>
  <testcase name="testAbaNumberCheck_22700_bad" classname="com.cardatechnologies.utils.validators.abaroutevalidator.Test_AbaRouteValidator_11" time="0"/>
  <testcase name="testAbaNumberCheck_23514_bad" classname="com.cardatechnologies.utils.validators.abaroutevalidator.Test_AbaRouteValidator_11" time="0"/>
  <testcase name="testAbaNumberCheck_24328_bad" classname="com.cardatechnologies.utils.validators.abaroutevalidator.Test_AbaRouteValidator_11" time="0"/>
  <testcase name="testAbaNumberCheck_23064_bad" classname="com.cardatechnologies.utils.validators.abaroutevalidator.Test_AbaRouteValidator_11" time="0"/>
  <testcase name="testAbaNumberCheck_22702_bad" classname="com.cardatechnologies.utils.validators.abaroutevalidator.Test_AbaRouteValidator_11" time="0"/>
  <testcase name="testAbaNumberCheck_23516_bad" classname="com.cardatechnologies.utils.validators.abaroutevalidator.Test_AbaRouteValidator_11" time="0"/>
  <testcase name="testAbaNumberCheck_23066_bad" classname="com.cardatechnologies.utils.validators.abaroutevalidator.Test_AbaRouteValidator_11" time="0"/>
  <testcase name="testAbaNumberCheck_22704_bad" classname="com.cardatechnologies.utils.validators.abaroutevalidator.Test_AbaRouteValidator_11" time="0"/>
  <testcase name="testAbaNumberCheck_23518_bad" classname="com.cardatechnologies.utils.validators.abaroutevalidator.Test_AbaRouteValidator_11" time="0"/>
  <testcase name="testAbaNumberCheck_23068_bad" classname="com.cardatechnologies.utils.validators.abaroutevalidator.Test_AbaRouteValidator_11" time="0"/>
  <testcase name="testAbaNumberCheck_22706_bad" classname="com.cardatechnologies.utils.validators.abaroutevalidator.Test_AbaRouteValidator_11" time="0"/>
  <testcase name="testAbaNumberCheck_24411_good" classname="com.cardatechnologies.utils.validators.abaroutevalidator.Test_AbaRouteValidator_11" time="0"/>
  <testcase name="testAbaNumberCheck_22708_bad" classname="com.cardatechnologies.utils.validators.abaroutevalidator.Test_AbaRouteValidator_11" time="0"/>
  <testcase name="testAbaNumberCheck_24123_good" classname="com.cardatechnologies.utils.validators.abaroutevalidator.Test_AbaRouteValidator_11" time="0"/>
  <testcase name="testAbaNumberCheck_24330_bad" classname="com.cardatechnologies.utils.validators.abaroutevalidator.Test_AbaRouteValidator_11" time="0"/>
  <testcase name="testAbaNumberCheck_24332_bad" classname="com.cardatechnologies.utils.validators.abaroutevalidator.Test_AbaRouteValidator_11" time="0"/>
  <testcase name="testAbaNumberCheck_23520_bad" classname="com.cardatechnologies.utils.validators.abaroutevalidator.Test_AbaRouteValidator_11" time="0"/>
  <testcase name="testAbaNumberCheck_24334_bad" classname="com.cardatechnologies.utils.validators.abaroutevalidator.Test_AbaRouteValidator_11" time="0"/>
  <testcase name="testAbaNumberCheck_23021_good" classname="com.cardatechnologies.utils.validators.abaroutevalidator.Test_AbaRouteValidator_11" time="0"/>
  <testcase name="testAbaNumberCheck_23070_bad" classname="com.cardatechnologies.utils.validators.abaroutevalidator.Test_AbaRouteValidator_11" time="0"/>
  <testcase name="testAbaNumberCheck_23522_bad" classname="com.cardatechnologies.utils.validators.abaroutevalidator.Test_AbaRouteValidator_11" time="0"/>
  <testcase name="testAbaNumberCheck_24336_bad" classname="com.cardatechnologies.utils.validators.abaroutevalidator.Test_AbaRouteValidator_11" time="0"/>
  <testcase name="testAbaNumberCheck_23072_bad" classname="com.cardatechnologies.utils.validators.abaroutevalidator.Test_AbaRouteValidator_11" time="0"/>
  <testcase name="testAbaNumberCheck_22710_bad" classname="com.cardatechnologies.utils.validators.abaroutevalidator.Test_AbaRouteValidator_11" time="0"/>
  <testcase name="testAbaNumberCheck_23524_bad" classname="com.cardatechnologies.utils.validators.abaroutevalidator.Test_AbaRouteValidator_11" time="0"/>
  <testcase name="testAbaNumberCheck_24338_bad" classname="com.cardatechnologies.utils.validators.abaroutevalidator.Test_AbaRouteValidator_11" time="0"/>
  <testcase name="testAbaNumberCheck_23074_bad" classname="com.cardatechnologies.utils.validators.abaroutevalidator.Test_AbaRouteValidator_11" time="0"/>
  <testcase name="testAbaNumberCheck_22712_bad" classname="com.cardatechnologies.utils.validators.abaroutevalidator.Test_AbaRouteValidator_11" time="0"/>
  <testcase name="testAbaNumberCheck_23526_bad" classname="com.cardatechnologies.utils.validators.abaroutevalidator.Test_AbaRouteValidator_11" time="0"/>
  <testcase name="testAbaNumberCheck_23076_bad" classname="com.cardatechnologies.utils.validators.abaroutevalidator.Test_AbaRouteValidator_11" time="0"/>
  <testcase name="testAbaNumberCheck_22714_bad" classname="com.cardatechnologies.utils.validators.abaroutevalidator.Test_AbaRouteValidator_11" time="0"/>
  <testcase name="testAbaNumberCheck_23528_bad" classname="com.cardatechnologies.utils.validators.abaroutevalidator.Test_AbaRouteValidator_11" time="0"/>
  <testcase name="testAbaNumberCheck_23078_bad" classname="com.cardatechnologies.utils.validators.abaroutevalidator.Test_AbaRouteValidator_11" time="0"/>
  <testcase name="testAbaNumberCheck_22716_bad" classname="com.cardatechnologies.utils.validators.abaroutevalidator.Test_AbaRouteValidator_11" time="0"/>
  <testcase name="testAbaNumberCheck_22718_bad" classname="com.cardatechnologies.utils.validators.abaroutevalidator.Test_AbaRouteValidator_11" time="0"/>
  <testcase name="testAbaNumberCheck_24331_good" classname="com.cardatechnologies.utils.validators.abaroutevalidator.Test_AbaRouteValidator_11" time="0"/>
  <testcase name="testAbaNumberCheck_24205_good" classname="com.cardatechnologies.utils.validators.abaroutevalidator.Test_AbaRouteValidator_11" time="0"/>
  <testcase name="testAbaNumberCheck_24043_good" classname="com.cardatechnologies.utils.validators.abaroutevalidator.Test_AbaRouteValidator_11" time="0"/>
  <testcase name="testAbaNumberCheck_24340_bad" classname="com.cardatechnologies.utils.validators.abaroutevalidator.Test_AbaRouteValidator_11" time="0"/>
  <testcase name="testAbaNumberCheck_23103_good" classname="com.cardatechnologies.utils.validators.abaroutevalidator.Test_AbaRouteValidator_11" time="0"/>
  <testcase name="testAbaNumberCheck_24342_bad" classname="com.cardatechnologies.utils.validators.abaroutevalidator.Test_AbaRouteValidator_11" time="0"/>
  <testcase name="testAbaNumberCheck_24701_good" classname="com.cardatechnologies.utils.validators.abaroutevalidator.Test_AbaRouteValidator_11" time="0"/>
  <testcase name="testAbaNumberCheck_23530_bad" classname="com.cardatechnologies.utils.validators.abaroutevalidator.Test_AbaRouteValidator_11" time="0"/>
  <testcase name="testAbaNumberCheck_24344_bad" classname="com.cardatechnologies.utils.validators.abaroutevalidator.Test_AbaRouteValidator_11" time="0"/>
  <testcase name="testAbaNumberCheck_23080_bad" classname="com.cardatechnologies.utils.validators.abaroutevalidator.Test_AbaRouteValidator_11" time="0"/>
  <testcase name="testAbaNumberCheck_23532_bad" classname="com.cardatechnologies.utils.validators.abaroutevalidator.Test_AbaRouteValidator_11" time="0"/>
  <testcase name="testAbaNumberCheck_24346_bad" classname="com.cardatechnologies.utils.validators.abaroutevalidator.Test_AbaRouteValidator_11" time="0"/>
  <testcase name="testAbaNumberCheck_23082_bad" classname="com.cardatechnologies.utils.validators.abaroutevalidator.Test_AbaRouteValidator_11" time="0"/>
  <testcase name="testAbaNumberCheck_22720_bad" classname="com.cardatechnologies.utils.validators.abaroutevalidator.Test_AbaRouteValidator_11" time="0"/>
  <testcase name="testAbaNumberCheck_23534_bad" classname="com.cardatechnologies.utils.validators.abaroutevalidator.Test_AbaRouteValidator_11" time="0"/>
  <testcase name="testAbaNumberCheck_24348_bad" classname="com.cardatechnologies.utils.validators.abaroutevalidator.Test_AbaRouteValidator_11" time="0"/>
  <testcase name="testAbaNumberCheck_23084_bad" classname="com.cardatechnologies.utils.validators.abaroutevalidator.Test_AbaRouteValidator_11" time="0"/>
  <testcase name="testAbaNumberCheck_22722_bad" classname="com.cardatechnologies.utils.validators.abaroutevalidator.Test_AbaRouteValidator_11" time="0"/>
  <testcase name="testAbaNumberCheck_23536_bad" classname="com.cardatechnologies.utils.validators.abaroutevalidator.Test_AbaRouteValidator_11" time="0"/>
  <testcase name="testAbaNumberCheck_23086_bad" classname="com.cardatechnologies.utils.validators.abaroutevalidator.Test_AbaRouteValidator_11" time="0"/>
  <testcase name="testAbaNumberCheck_22724_bad" classname="com.cardatechnologies.utils.validators.abaroutevalidator.Test_AbaRouteValidator_11" time="0"/>
  <testcase name="testAbaNumberCheck_23538_bad" classname="com.cardatechnologies.utils.validators.abaroutevalidator.Test_AbaRouteValidator_11" time="0"/>
  <testcase name="testAbaNumberCheck_23088_bad" classname="com.cardatechnologies.utils.validators.abaroutevalidator.Test_AbaRouteValidator_11" time="0"/>
  <testcase name="testAbaNumberCheck_22726_bad" classname="com.cardatechnologies.utils.validators.abaroutevalidator.Test_AbaRouteValidator_11" time="0"/>
  <testcase name="testAbaNumberCheck_24413_good" classname="com.cardatechnologies.utils.validators.abaroutevalidator.Test_AbaRouteValidator_11" time="0"/>
  <testcase name="testAbaNumberCheck_22728_bad" classname="com.cardatechnologies.utils.validators.abaroutevalidator.Test_AbaRouteValidator_11" time="0"/>
  <testcase name="testAbaNumberCheck_24251_good" classname="com.cardatechnologies.utils.validators.abaroutevalidator.Test_AbaRouteValidator_11" time="0"/>
  <testcase name="testAbaNumberCheck_23311_good" classname="com.cardatechnologies.utils.validators.abaroutevalidator.Test_AbaRouteValidator_11" time="0"/>
  <testcase name="testAbaNumberCheck_24125_good" classname="com.cardatechnologies.utils.validators.abaroutevalidator.Test_AbaRouteValidator_11" time="0"/>
  <testcase name="testAbaNumberCheck_24800_bad" classname="com.cardatechnologies.utils.validators.abaroutevalidator.Test_AbaRouteValidator_11" time="0"/>
  <testcase name="testAbaNumberCheck_24350_bad" classname="com.cardatechnologies.utils.validators.abaroutevalidator.Test_AbaRouteValidator_11" time="0"/>
  <testcase name="testAbaNumberCheck_24802_bad" classname="com.cardatechnologies.utils.validators.abaroutevalidator.Test_AbaRouteValidator_11" time="0"/>
  <testcase name="testAbaNumberCheck_24352_bad" classname="com.cardatechnologies.utils.validators.abaroutevalidator.Test_AbaRouteValidator_11" time="0"/>
  <testcase name="testAbaNumberCheck_24804_bad" classname="com.cardatechnologies.utils.validators.abaroutevalidator.Test_AbaRouteValidator_11" time="0"/>
  <testcase name="testAbaNumberCheck_23540_bad" classname="com.cardatechnologies.utils.validators.abaroutevalidator.Test_AbaRouteValidator_11" time="0"/>
  <testcase name="testAbaNumberCheck_24354_bad" classname="com.cardatechnologies.utils.validators.abaroutevalidator.Test_AbaRouteValidator_11" time="0"/>
  <testcase name="testAbaNumberCheck_23023_good" classname="com.cardatechnologies.utils.validators.abaroutevalidator.Test_AbaRouteValidator_11" time="0"/>
  <testcase name="testAbaNumberCheck_23090_bad" classname="com.cardatechnologies.utils.validators.abaroutevalidator.Test_AbaRouteValidator_11" time="0"/>
  <testcase name="testAbaNumberCheck_24806_bad" classname="com.cardatechnologies.utils.validators.abaroutevalidator.Test_AbaRouteValidator_11" time="0"/>
  <testcase name="testAbaNumberCheck_23542_bad" classname="com.cardatechnologies.utils.validators.abaroutevalidator.Test_AbaRouteValidator_11" time="0"/>
  <testcase name="testAbaNumberCheck_24356_bad" classname="com.cardatechnologies.utils.validators.abaroutevalidator.Test_AbaRouteValidator_11" time="0"/>
  <testcase name="testAbaNumberCheck_24621_good" classname="com.cardatechnologies.utils.validators.abaroutevalidator.Test_AbaRouteValidator_11" time="0"/>
  <testcase name="testAbaNumberCheck_23092_bad" classname="com.cardatechnologies.utils.validators.abaroutevalidator.Test_AbaRouteValidator_11" time="0"/>
  <testcase name="testAbaNumberCheck_24808_bad" classname="com.cardatechnologies.utils.validators.abaroutevalidator.Test_AbaRouteValidator_11" time="0"/>
  <testcase name="testAbaNumberCheck_22730_bad" classname="com.cardatechnologies.utils.validators.abaroutevalidator.Test_AbaRouteValidator_11" time="0"/>
  <testcase name="testAbaNumberCheck_23544_bad" classname="com.cardatechnologies.utils.validators.abaroutevalidator.Test_AbaRouteValidator_11" time="0"/>
  <testcase name="testAbaNumberCheck_24358_bad" classname="com.cardatechnologies.utils.validators.abaroutevalidator.Test_AbaRouteValidator_11" time="0"/>
  <testcase name="testAbaNumberCheck_23094_bad" classname="com.cardatechnologies.utils.validators.abaroutevalidator.Test_AbaRouteValidator_11" time="0"/>
  <testcase name="testAbaNumberCheck_22732_bad" classname="com.cardatechnologies.utils.validators.abaroutevalidator.Test_AbaRouteValidator_11" time="0"/>
  <testcase name="testAbaNumberCheck_23546_bad" classname="com.cardatechnologies.utils.validators.abaroutevalidator.Test_AbaRouteValidator_11" time="0"/>
  <testcase name="testAbaNumberCheck_23096_bad" classname="com.cardatechnologies.utils.validators.abaroutevalidator.Test_AbaRouteValidator_11" time="0"/>
  <testcase name="testAbaNumberCheck_22734_bad" classname="com.cardatechnologies.utils.validators.abaroutevalidator.Test_AbaRouteValidator_11" time="0"/>
  <testcase name="testAbaNumberCheck_23548_bad" classname="com.cardatechnologies.utils.validators.abaroutevalidator.Test_AbaRouteValidator_11" time="0"/>
  <testcase name="testAbaNumberCheck_23098_bad" classname="com.cardatechnologies.utils.validators.abaroutevalidator.Test_AbaRouteValidator_11" time="0"/>
  <testcase name="testAbaNumberCheck_22736_bad" classname="com.cardatechnologies.utils.validators.abaroutevalidator.Test_AbaRouteValidator_11" time="0"/>
  <testcase name="testAbaNumberCheck_22738_bad" classname="com.cardatechnologies.utils.validators.abaroutevalidator.Test_AbaRouteValidator_11" time="0"/>
  <testcase name="testAbaNumberCheck_24333_good" classname="com.cardatechnologies.utils.validators.abaroutevalidator.Test_AbaRouteValidator_11" time="0"/>
  <testcase name="testAbaNumberCheck_24207_good" classname="com.cardatechnologies.utils.validators.abaroutevalidator.Test_AbaRouteValidator_11" time="0"/>
  <testcase name="testAbaNumberCheck_24171_good" classname="com.cardatechnologies.utils.validators.abaroutevalidator.Test_AbaRouteValidator_11" time="0"/>
  <testcase name="testAbaNumberCheck_23231_good" classname="com.cardatechnologies.utils.validators.abaroutevalidator.Test_AbaRouteValidator_11" time="0"/>
  <testcase name="testAbaNumberCheck_24810_bad" classname="com.cardatechnologies.utils.validators.abaroutevalidator.Test_AbaRouteValidator_11" time="0"/>
  <testcase name="testAbaNumberCheck_24045_good" classname="com.cardatechnologies.utils.validators.abaroutevalidator.Test_AbaRouteValidator_11" time="0"/>
  <testcase name="testAbaNumberCheck_24360_bad" classname="com.cardatechnologies.utils.validators.abaroutevalidator.Test_AbaRouteValidator_11" time="0"/>
  <testcase name="testAbaNumberCheck_23105_good" classname="com.cardatechnologies.utils.validators.abaroutevalidator.Test_AbaRouteValidator_11" time="0"/>
  <testcase name="testAbaNumberCheck_24812_bad" classname="com.cardatechnologies.utils.validators.abaroutevalidator.Test_AbaRouteValidator_11" time="0"/>
  <testcase name="testAbaNumberCheck_24362_bad" classname="com.cardatechnologies.utils.validators.abaroutevalidator.Test_AbaRouteValidator_11" time="0"/>
  <testcase name="testAbaNumberCheck_24703_good" classname="com.cardatechnologies.utils.validators.abaroutevalidator.Test_AbaRouteValidator_11" time="0"/>
  <testcase name="testAbaNumberCheck_24814_bad" classname="com.cardatechnologies.utils.validators.abaroutevalidator.Test_AbaRouteValidator_11" time="0"/>
  <testcase name="testAbaNumberCheck_23550_bad" classname="com.cardatechnologies.utils.validators.abaroutevalidator.Test_AbaRouteValidator_11" time="0"/>
  <testcase name="testAbaNumberCheck_24364_bad" classname="com.cardatechnologies.utils.validators.abaroutevalidator.Test_AbaRouteValidator_11" time="0"/>
  <testcase name="testAbaNumberCheck_24816_bad" classname="com.cardatechnologies.utils.validators.abaroutevalidator.Test_AbaRouteValidator_11" time="0"/>
  <testcase name="testAbaNumberCheck_23552_bad" classname="com.cardatechnologies.utils.validators.abaroutevalidator.Test_AbaRouteValidator_11" time="0"/>
  <testcase name="testAbaNumberCheck_24366_bad" classname="com.cardatechnologies.utils.validators.abaroutevalidator.Test_AbaRouteValidator_11" time="0"/>
  <testcase name="testAbaNumberCheck_24818_bad" classname="com.cardatechnologies.utils.validators.abaroutevalidator.Test_AbaRouteValidator_11" time="0"/>
  <testcase name="testAbaNumberCheck_22740_bad" classname="com.cardatechnologies.utils.validators.abaroutevalidator.Test_AbaRouteValidator_11" time="0"/>
  <testcase name="testAbaNumberCheck_23554_bad" classname="com.cardatechnologies.utils.validators.abaroutevalidator.Test_AbaRouteValidator_11" time="0"/>
  <testcase name="testAbaNumberCheck_24368_bad" classname="com.cardatechnologies.utils.validators.abaroutevalidator.Test_AbaRouteValidator_11" time="0"/>
  <testcase name="testAbaNumberCheck_22742_bad" classname="com.cardatechnologies.utils.validators.abaroutevalidator.Test_AbaRouteValidator_11" time="0"/>
  <testcase name="testAbaNumberCheck_23556_bad" classname="com.cardatechnologies.utils.validators.abaroutevalidator.Test_AbaRouteValidator_11" time="0"/>
  <testcase name="testAbaNumberCheck_24541_good" classname="com.cardatechnologies.utils.validators.abaroutevalidator.Test_AbaRouteValidator_11" time="0"/>
  <testcase name="testAbaNumberCheck_23601_good" classname="com.cardatechnologies.utils.validators.abaroutevalidator.Test_AbaRouteValidator_11" time="0"/>
  <testcase name="testAbaNumberCheck_22744_bad" classname="com.cardatechnologies.utils.validators.abaroutevalidator.Test_AbaRouteValidator_11" time="0"/>
  <testcase name="testAbaNumberCheck_23558_bad" classname="com.cardatechnologies.utils.validators.abaroutevalidator.Test_AbaRouteValidator_11" time="0"/>
  <testcase name="testAbaNumberCheck_22746_bad" classname="com.cardatechnologies.utils.validators.abaroutevalidator.Test_AbaRouteValidator_11" time="0"/>
  <testcase name="testAbaNumberCheck_24415_good" classname="com.cardatechnologies.utils.validators.abaroutevalidator.Test_AbaRouteValidator_11" time="0"/>
  <testcase name="testAbaNumberCheck_22748_bad" classname="com.cardatechnologies.utils.validators.abaroutevalidator.Test_AbaRouteValidator_11" time="0"/>
  <testcase name="testAbaNumberCheck_24253_good" classname="com.cardatechnologies.utils.validators.abaroutevalidator.Test_AbaRouteValidator_11" time="0"/>
  <testcase name="testAbaNumberCheck_23313_good" classname="com.cardatechnologies.utils.validators.abaroutevalidator.Test_AbaRouteValidator_11" time="0"/>
  <testcase name="testAbaNumberCheck_24911_good" classname="com.cardatechnologies.utils.validators.abaroutevalidator.Test_AbaRouteValidator_11" time="0"/>
  <testcase name="testAbaNumberCheck_24127_good" classname="com.cardatechnologies.utils.validators.abaroutevalidator.Test_AbaRouteValidator_11" time="0"/>
  <testcase name="testAbaNumberCheck_24091_good" classname="com.cardatechnologies.utils.validators.abaroutevalidator.Test_AbaRouteValidator_11" time="0"/>
  <testcase name="testAbaNumberCheck_24820_bad" classname="com.cardatechnologies.utils.validators.abaroutevalidator.Test_AbaRouteValidator_11" time="0"/>
  <testcase name="testAbaNumberCheck_23151_good" classname="com.cardatechnologies.utils.validators.abaroutevalidator.Test_AbaRouteValidator_11" time="0"/>
  <testcase name="testAbaNumberCheck_24370_bad" classname="com.cardatechnologies.utils.validators.abaroutevalidator.Test_AbaRouteValidator_11" time="0"/>
  <testcase name="testAbaNumberCheck_24822_bad" classname="com.cardatechnologies.utils.validators.abaroutevalidator.Test_AbaRouteValidator_11" time="0"/>
  <testcase name="testAbaNumberCheck_24372_bad" classname="com.cardatechnologies.utils.validators.abaroutevalidator.Test_AbaRouteValidator_11" time="0"/>
  <testcase name="testAbaNumberCheck_24824_bad" classname="com.cardatechnologies.utils.validators.abaroutevalidator.Test_AbaRouteValidator_11" time="0"/>
  <testcase name="testAbaNumberCheck_23560_bad" classname="com.cardatechnologies.utils.validators.abaroutevalidator.Test_AbaRouteValidator_11" time="0"/>
  <testcase name="testAbaNumberCheck_24374_bad" classname="com.cardatechnologies.utils.validators.abaroutevalidator.Test_AbaRouteValidator_11" time="0"/>
  <testcase name="testAbaNumberCheck_23025_good" classname="com.cardatechnologies.utils.validators.abaroutevalidator.Test_AbaRouteValidator_11" time="0"/>
  <testcase name="testAbaNumberCheck_24826_bad" classname="com.cardatechnologies.utils.validators.abaroutevalidator.Test_AbaRouteValidator_11" time="0"/>
  <testcase name="testAbaNumberCheck_23562_bad" classname="com.cardatechnologies.utils.validators.abaroutevalidator.Test_AbaRouteValidator_11" time="0"/>
  <testcase name="testAbaNumberCheck_24376_bad" classname="com.cardatechnologies.utils.validators.abaroutevalidator.Test_AbaRouteValidator_11" time="0"/>
  <testcase name="testAbaNumberCheck_24623_good" classname="com.cardatechnologies.utils.validators.abaroutevalidator.Test_AbaRouteValidator_11" time="0"/>
  <testcase name="testAbaNumberCheck_24828_bad" classname="com.cardatechnologies.utils.validators.abaroutevalidator.Test_AbaRouteValidator_11" time="0"/>
  <testcase name="testAbaNumberCheck_22750_bad" classname="com.cardatechnologies.utils.validators.abaroutevalidator.Test_AbaRouteValidator_11" time="0"/>
  <testcase name="testAbaNumberCheck_23564_bad" classname="com.cardatechnologies.utils.validators.abaroutevalidator.Test_AbaRouteValidator_11" time="0"/>
  <testcase name="testAbaNumberCheck_24378_bad" classname="com.cardatechnologies.utils.validators.abaroutevalidator.Test_AbaRouteValidator_11" time="0"/>
  <testcase name="testAbaNumberCheck_22752_bad" classname="com.cardatechnologies.utils.validators.abaroutevalidator.Test_AbaRouteValidator_11" time="0"/>
  <testcase name="testAbaNumberCheck_23566_bad" classname="com.cardatechnologies.utils.validators.abaroutevalidator.Test_AbaRouteValidator_11" time="0"/>
  <testcase name="testAbaNumberCheck_22754_bad" classname="com.cardatechnologies.utils.validators.abaroutevalidator.Test_AbaRouteValidator_11" time="0"/>
  <testcase name="testAbaNumberCheck_23568_bad" classname="com.cardatechnologies.utils.validators.abaroutevalidator.Test_AbaRouteValidator_11" time="0"/>
  <testcase name="testAbaNumberCheck_22756_bad" classname="com.cardatechnologies.utils.validators.abaroutevalidator.Test_AbaRouteValidator_11" time="0"/>
  <testcase name="testAbaNumberCheck_24461_good" classname="com.cardatechnologies.utils.validators.abaroutevalidator.Test_AbaRouteValidator_11" time="0"/>
  <testcase name="testAbaNumberCheck_23521_good" classname="com.cardatechnologies.utils.validators.abaroutevalidator.Test_AbaRouteValidator_11" time="0"/>
  <testcase name="testAbaNumberCheck_22758_bad" classname="com.cardatechnologies.utils.validators.abaroutevalidator.Test_AbaRouteValidator_11" time="0"/>
  <testcase name="testAbaNumberCheck_24335_good" classname="com.cardatechnologies.utils.validators.abaroutevalidator.Test_AbaRouteValidator_11" time="0"/>
  <testcase name="testAbaNumberCheck_24209_good" classname="com.cardatechnologies.utils.validators.abaroutevalidator.Test_AbaRouteValidator_11" time="0"/>
  <testcase name="testAbaNumberCheck_24173_good" classname="com.cardatechnologies.utils.validators.abaroutevalidator.Test_AbaRouteValidator_11" time="0"/>
  <testcase name="testAbaNumberCheck_23233_good" classname="com.cardatechnologies.utils.validators.abaroutevalidator.Test_AbaRouteValidator_11" time="0"/>
  <testcase name="testAbaNumberCheck_24831_good" classname="com.cardatechnologies.utils.validators.abaroutevalidator.Test_AbaRouteValidator_11" time="0"/>
  <testcase name="testAbaNumberCheck_24830_bad" classname="com.cardatechnologies.utils.validators.abaroutevalidator.Test_AbaRouteValidator_11" time="0"/>
  <testcase name="testAbaNumberCheck_24047_good" classname="com.cardatechnologies.utils.validators.abaroutevalidator.Test_AbaRouteValidator_11" time="0"/>
  <testcase name="testAbaNumberCheck_24380_bad" classname="com.cardatechnologies.utils.validators.abaroutevalidator.Test_AbaRouteValidator_11" time="0"/>
  <testcase name="testAbaNumberCheck_23107_good" classname="com.cardatechnologies.utils.validators.abaroutevalidator.Test_AbaRouteValidator_11" time="0"/>
  <testcase name="testAbaNumberCheck_24832_bad" classname="com.cardatechnologies.utils.validators.abaroutevalidator.Test_AbaRouteValidator_11" time="0"/>
  <testcase name="testAbaNumberCheck_24382_bad" classname="com.cardatechnologies.utils.validators.abaroutevalidator.Test_AbaRouteValidator_11" time="0"/>
  <testcase name="testAbaNumberCheck_24705_good" classname="com.cardatechnologies.utils.validators.abaroutevalidator.Test_AbaRouteValidator_11" time="0"/>
  <testcase name="testAbaNumberCheck_24834_bad" classname="com.cardatechnologies.utils.validators.abaroutevalidator.Test_AbaRouteValidator_11" time="0"/>
  <testcase name="testAbaNumberCheck_23071_good" classname="com.cardatechnologies.utils.validators.abaroutevalidator.Test_AbaRouteValidator_11" time="0"/>
  <testcase name="testAbaNumberCheck_23570_bad" classname="com.cardatechnologies.utils.validators.abaroutevalidator.Test_AbaRouteValidator_11" time="0"/>
  <testcase name="testAbaNumberCheck_24384_bad" classname="com.cardatechnologies.utils.validators.abaroutevalidator.Test_AbaRouteValidator_11" time="0"/>
  <testcase name="testAbaNumberCheck_24836_bad" classname="com.cardatechnologies.utils.validators.abaroutevalidator.Test_AbaRouteValidator_11" time="0"/>
  <testcase name="testAbaNumberCheck_23572_bad" classname="com.cardatechnologies.utils.validators.abaroutevalidator.Test_AbaRouteValidator_11" time="0"/>
  <testcase name="testAbaNumberCheck_24386_bad" classname="com.cardatechnologies.utils.validators.abaroutevalidator.Test_AbaRouteValidator_11" time="0"/>
  <testcase name="testAbaNumberCheck_24838_bad" classname="com.cardatechnologies.utils.validators.abaroutevalidator.Test_AbaRouteValidator_11" time="0"/>
  <testcase name="testAbaNumberCheck_22760_bad" classname="com.cardatechnologies.utils.validators.abaroutevalidator.Test_AbaRouteValidator_11" time="0"/>
  <testcase name="testAbaNumberCheck_23574_bad" classname="com.cardatechnologies.utils.validators.abaroutevalidator.Test_AbaRouteValidator_11" time="0"/>
  <testcase name="testAbaNumberCheck_24388_bad" classname="com.cardatechnologies.utils.validators.abaroutevalidator.Test_AbaRouteValidator_11" time="0"/>
  <testcase name="testAbaNumberCheck_22762_bad" classname="com.cardatechnologies.utils.validators.abaroutevalidator.Test_AbaRouteValidator_11" time="0"/>
  <testcase name="testAbaNumberCheck_23576_bad" classname="com.cardatechnologies.utils.validators.abaroutevalidator.Test_AbaRouteValidator_11" time="0"/>
  <testcase name="testAbaNumberCheck_24543_good" classname="com.cardatechnologies.utils.validators.abaroutevalidator.Test_AbaRouteValidator_11" time="0"/>
  <testcase name="testAbaNumberCheck_23603_good" classname="com.cardatechnologies.utils.validators.abaroutevalidator.Test_AbaRouteValidator_11" time="0"/>
  <testcase name="testAbaNumberCheck_22764_bad" classname="com.cardatechnologies.utils.validators.abaroutevalidator.Test_AbaRouteValidator_11" time="0"/>
  <testcase name="testAbaNumberCheck_23578_bad" classname="com.cardatechnologies.utils.validators.abaroutevalidator.Test_AbaRouteValidator_11" time="0"/>
  <testcase name="testAbaNumberCheck_22766_bad" classname="com.cardatechnologies.utils.validators.abaroutevalidator.Test_AbaRouteValidator_11" time="0"/>
  <testcase name="testAbaNumberCheck_24417_good" classname="com.cardatechnologies.utils.validators.abaroutevalidator.Test_AbaRouteValidator_11" time="0"/>
  <testcase name="testAbaNumberCheck_22768_bad" classname="com.cardatechnologies.utils.validators.abaroutevalidator.Test_AbaRouteValidator_11" time="0"/>
  <testcase name="testAbaNumberCheck_24381_good" classname="com.cardatechnologies.utils.validators.abaroutevalidator.Test_AbaRouteValidator_11" time="0"/>
  <testcase name="testAbaNumberCheck_23441_good" classname="com.cardatechnologies.utils.validators.abaroutevalidator.Test_AbaRouteValidator_11" time="0"/>
  <testcase name="testAbaNumberCheck_22501_good" classname="com.cardatechnologies.utils.validators.abaroutevalidator.Test_AbaRouteValidator_11" time="0"/>
  <testcase name="testAbaNumberCheck_24255_good" classname="com.cardatechnologies.utils.validators.abaroutevalidator.Test_AbaRouteValidator_11" time="0"/>
  <testcase name="testAbaNumberCheck_23315_good" classname="com.cardatechnologies.utils.validators.abaroutevalidator.Test_AbaRouteValidator_11" time="0"/>
  <testcase name="testAbaNumberCheck_24913_good" classname="com.cardatechnologies.utils.validators.abaroutevalidator.Test_AbaRouteValidator_11" time="0"/>
  <testcase name="testAbaNumberCheck_24129_good" classname="com.cardatechnologies.utils.validators.abaroutevalidator.Test_AbaRouteValidator_11" time="0"/>
  <testcase name="testAbaNumberCheck_24093_good" classname="com.cardatechnologies.utils.validators.abaroutevalidator.Test_AbaRouteValidator_11" time="0"/>
  <testcase name="testAbaNumberCheck_24840_bad" classname="com.cardatechnologies.utils.validators.abaroutevalidator.Test_AbaRouteValidator_11" time="0"/>
  <testcase name="testAbaNumberCheck_23153_good" classname="com.cardatechnologies.utils.validators.abaroutevalidator.Test_AbaRouteValidator_11" time="0"/>
  <testcase name="testAbaNumberCheck_24390_bad" classname="com.cardatechnologies.utils.validators.abaroutevalidator.Test_AbaRouteValidator_11" time="0"/>
  <testcase name="testAbaNumberCheck_24842_bad" classname="com.cardatechnologies.utils.validators.abaroutevalidator.Test_AbaRouteValidator_11" time="0"/>
  <testcase name="testAbaNumberCheck_24751_good" classname="com.cardatechnologies.utils.validators.abaroutevalidator.Test_AbaRouteValidator_11" time="0"/>
  <testcase name="testAbaNumberCheck_24392_bad" classname="com.cardatechnologies.utils.validators.abaroutevalidator.Test_AbaRouteValidator_11" time="0"/>
  <testcase name="testAbaNumberCheck_23811_good" classname="com.cardatechnologies.utils.validators.abaroutevalidator.Test_AbaRouteValidator_11" time="0"/>
  <testcase name="testAbaNumberCheck_24844_bad" classname="com.cardatechnologies.utils.validators.abaroutevalidator.Test_AbaRouteValidator_11" time="0"/>
  <testcase name="testAbaNumberCheck_23580_bad" classname="com.cardatechnologies.utils.validators.abaroutevalidator.Test_AbaRouteValidator_11" time="0"/>
  <testcase name="testAbaNumberCheck_24394_bad" classname="com.cardatechnologies.utils.validators.abaroutevalidator.Test_AbaRouteValidator_11" time="0"/>
  <testcase name="testAbaNumberCheck_23027_good" classname="com.cardatechnologies.utils.validators.abaroutevalidator.Test_AbaRouteValidator_11" time="0"/>
  <testcase name="testAbaNumberCheck_24846_bad" classname="com.cardatechnologies.utils.validators.abaroutevalidator.Test_AbaRouteValidator_11" time="0"/>
  <testcase name="testAbaNumberCheck_23582_bad" classname="com.cardatechnologies.utils.validators.abaroutevalidator.Test_AbaRouteValidator_11" time="0"/>
  <testcase name="testAbaNumberCheck_24396_bad" classname="com.cardatechnologies.utils.validators.abaroutevalidator.Test_AbaRouteValidator_11" time="0"/>
  <testcase name="testAbaNumberCheck_24625_good" classname="com.cardatechnologies.utils.validators.abaroutevalidator.Test_AbaRouteValidator_11" time="0"/>
  <testcase name="testAbaNumberCheck_24848_bad" classname="com.cardatechnologies.utils.validators.abaroutevalidator.Test_AbaRouteValidator_11" time="0"/>
  <testcase name="testAbaNumberCheck_22770_bad" classname="com.cardatechnologies.utils.validators.abaroutevalidator.Test_AbaRouteValidator_11" time="0"/>
  <testcase name="testAbaNumberCheck_23584_bad" classname="com.cardatechnologies.utils.validators.abaroutevalidator.Test_AbaRouteValidator_11" time="0"/>
  <testcase name="testAbaNumberCheck_24398_bad" classname="com.cardatechnologies.utils.validators.abaroutevalidator.Test_AbaRouteValidator_11" time="0"/>
  <testcase name="testAbaNumberCheck_22772_bad" classname="com.cardatechnologies.utils.validators.abaroutevalidator.Test_AbaRouteValidator_11" time="0"/>
  <testcase name="testAbaNumberCheck_23586_bad" classname="com.cardatechnologies.utils.validators.abaroutevalidator.Test_AbaRouteValidator_11" time="0"/>
  <testcase name="testAbaNumberCheck_22774_bad" classname="com.cardatechnologies.utils.validators.abaroutevalidator.Test_AbaRouteValidator_11" time="0.001"/>
  <testcase name="testAbaNumberCheck_23588_bad" classname="com.cardatechnologies.utils.validators.abaroutevalidator.Test_AbaRouteValidator_11" time="0"/>
  <testcase name="testAbaNumberCheck_22776_bad" classname="com.cardatechnologies.utils.validators.abaroutevalidator.Test_AbaRouteValidator_11" time="0"/>
  <testcase name="testAbaNumberCheck_24463_good" classname="com.cardatechnologies.utils.validators.abaroutevalidator.Test_AbaRouteValidator_11" time="0"/>
  <testcase name="testAbaNumberCheck_23523_good" classname="com.cardatechnologies.utils.validators.abaroutevalidator.Test_AbaRouteValidator_11" time="0"/>
  <testcase name="testAbaNumberCheck_22778_bad" classname="com.cardatechnologies.utils.validators.abaroutevalidator.Test_AbaRouteValidator_11" time="0"/>
  <testcase name="testAbaNumberCheck_24337_good" classname="com.cardatechnologies.utils.validators.abaroutevalidator.Test_AbaRouteValidator_11" time="0"/>
  <testcase name="testAbaNumberCheck_23361_good" classname="com.cardatechnologies.utils.validators.abaroutevalidator.Test_AbaRouteValidator_11" time="0"/>
  <testcase name="testAbaNumberCheck_24175_good" classname="com.cardatechnologies.utils.validators.abaroutevalidator.Test_AbaRouteValidator_11" time="0"/>
  <testcase name="testAbaNumberCheck_23235_good" classname="com.cardatechnologies.utils.validators.abaroutevalidator.Test_AbaRouteValidator_11" time="0"/>
  <testcase name="testAbaNumberCheck_24833_good" classname="com.cardatechnologies.utils.validators.abaroutevalidator.Test_AbaRouteValidator_11" time="0"/>
  <testcase name="testAbaNumberCheck_24850_bad" classname="com.cardatechnologies.utils.validators.abaroutevalidator.Test_AbaRouteValidator_11" time="0"/>
  <testcase name="testAbaNumberCheck_24049_good" classname="com.cardatechnologies.utils.validators.abaroutevalidator.Test_AbaRouteValidator_11" time="0"/>
  <testcase name="testAbaNumberCheck_23109_good" classname="com.cardatechnologies.utils.validators.abaroutevalidator.Test_AbaRouteValidator_11" time="0"/>
  <testcase name="testAbaNumberCheck_24852_bad" classname="com.cardatechnologies.utils.validators.abaroutevalidator.Test_AbaRouteValidator_11" time="0"/>
  <testcase name="testAbaNumberCheck_24707_good" classname="com.cardatechnologies.utils.validators.abaroutevalidator.Test_AbaRouteValidator_11" time="0"/>
  <testcase name="testAbaNumberCheck_24854_bad" classname="com.cardatechnologies.utils.validators.abaroutevalidator.Test_AbaRouteValidator_11" time="0"/>
  <testcase name="testAbaNumberCheck_23073_good" classname="com.cardatechnologies.utils.validators.abaroutevalidator.Test_AbaRouteValidator_11" time="0"/>
  <testcase name="testAbaNumberCheck_23590_bad" classname="com.cardatechnologies.utils.validators.abaroutevalidator.Test_AbaRouteValidator_11" time="0"/>
  <testcase name="testAbaNumberCheck_24856_bad" classname="com.cardatechnologies.utils.validators.abaroutevalidator.Test_AbaRouteValidator_11" time="0"/>
  <testcase name="testAbaNumberCheck_24671_good" classname="com.cardatechnologies.utils.validators.abaroutevalidator.Test_AbaRouteValidator_11" time="0"/>
  <testcase name="testAbaNumberCheck_23592_bad" classname="com.cardatechnologies.utils.validators.abaroutevalidator.Test_AbaRouteValidator_11" time="0"/>
  <testcase name="testAbaNumberCheck_23731_good" classname="com.cardatechnologies.utils.validators.abaroutevalidator.Test_AbaRouteValidator_11" time="0"/>
  <testcase name="testAbaNumberCheck_24858_bad" classname="com.cardatechnologies.utils.validators.abaroutevalidator.Test_AbaRouteValidator_11" time="0"/>
  <testcase name="testAbaNumberCheck_22780_bad" classname="com.cardatechnologies.utils.validators.abaroutevalidator.Test_AbaRouteValidator_11" time="0"/>
  <testcase name="testAbaNumberCheck_23594_bad" classname="com.cardatechnologies.utils.validators.abaroutevalidator.Test_AbaRouteValidator_11" time="0"/>
  <testcase name="testAbaNumberCheck_22782_bad" classname="com.cardatechnologies.utils.validators.abaroutevalidator.Test_AbaRouteValidator_11" time="0"/>
  <testcase name="testAbaNumberCheck_23596_bad" classname="com.cardatechnologies.utils.validators.abaroutevalidator.Test_AbaRouteValidator_11" time="0"/>
  <testcase name="testAbaNumberCheck_24545_good" classname="com.cardatechnologies.utils.validators.abaroutevalidator.Test_AbaRouteValidator_11" time="0"/>
  <testcase name="testAbaNumberCheck_23605_good" classname="com.cardatechnologies.utils.validators.abaroutevalidator.Test_AbaRouteValidator_11" time="0"/>
  <testcase name="testAbaNumberCheck_22784_bad" classname="com.cardatechnologies.utils.validators.abaroutevalidator.Test_AbaRouteValidator_11" time="0"/>
  <testcase name="testAbaNumberCheck_23598_bad" classname="com.cardatechnologies.utils.validators.abaroutevalidator.Test_AbaRouteValidator_11" time="0"/>
  <testcase name="testAbaNumberCheck_22786_bad" classname="com.cardatechnologies.utils.validators.abaroutevalidator.Test_AbaRouteValidator_11" time="0"/>
  <testcase name="testAbaNumberCheck_24419_good" classname="com.cardatechnologies.utils.validators.abaroutevalidator.Test_AbaRouteValidator_11" time="0"/>
  <testcase name="testAbaNumberCheck_22788_bad" classname="com.cardatechnologies.utils.validators.abaroutevalidator.Test_AbaRouteValidator_11" time="0"/>
  <testcase name="testAbaNumberCheck_24383_good" classname="com.cardatechnologies.utils.validators.abaroutevalidator.Test_AbaRouteValidator_11" time="0"/>
  <testcase name="testAbaNumberCheck_23443_good" classname="com.cardatechnologies.utils.validators.abaroutevalidator.Test_AbaRouteValidator_11" time="0"/>
  <testcase name="testAbaNumberCheck_22503_good" classname="com.cardatechnologies.utils.validators.abaroutevalidator.Test_AbaRouteValidator_11" time="0"/>
  <testcase name="testAbaNumberCheck_24257_good" classname="com.cardatechnologies.utils.validators.abaroutevalidator.Test_AbaRouteValidator_11" time="0"/>
  <testcase name="testAbaNumberCheck_23317_good" classname="com.cardatechnologies.utils.validators.abaroutevalidator.Test_AbaRouteValidator_11" time="0"/>
  <testcase name="testAbaNumberCheck_24915_good" classname="com.cardatechnologies.utils.validators.abaroutevalidator.Test_AbaRouteValidator_11" time="0"/>
  <testcase name="testAbaNumberCheck_23281_good" classname="com.cardatechnologies.utils.validators.abaroutevalidator.Test_AbaRouteValidator_11" time="0"/>
  <testcase name="testAbaNumberCheck_24095_good" classname="com.cardatechnologies.utils.validators.abaroutevalidator.Test_AbaRouteValidator_11" time="0"/>
  <testcase name="testAbaNumberCheck_24860_bad" classname="com.cardatechnologies.utils.validators.abaroutevalidator.Test_AbaRouteValidator_11" time="0"/>
  <testcase name="testAbaNumberCheck_23155_good" classname="com.cardatechnologies.utils.validators.abaroutevalidator.Test_AbaRouteValidator_11" time="0"/>
  <testcase name="testAbaNumberCheck_24862_bad" classname="com.cardatechnologies.utils.validators.abaroutevalidator.Test_AbaRouteValidator_11" time="0"/>
  <testcase name="testAbaNumberCheck_24753_good" classname="com.cardatechnologies.utils.validators.abaroutevalidator.Test_AbaRouteValidator_11" time="0"/>
  <testcase name="testAbaNumberCheck_23813_good" classname="com.cardatechnologies.utils.validators.abaroutevalidator.Test_AbaRouteValidator_11" time="0"/>
  <testcase name="testAbaNumberCheck_24864_bad" classname="com.cardatechnologies.utils.validators.abaroutevalidator.Test_AbaRouteValidator_11" time="0"/>
  <testcase name="testAbaNumberCheck_23029_good" classname="com.cardatechnologies.utils.validators.abaroutevalidator.Test_AbaRouteValidator_11" time="0"/>
  <testcase name="testAbaNumberCheck_24866_bad" classname="com.cardatechnologies.utils.validators.abaroutevalidator.Test_AbaRouteValidator_11" time="0"/>
  <testcase name="testAbaNumberCheck_24627_good" classname="com.cardatechnologies.utils.validators.abaroutevalidator.Test_AbaRouteValidator_11" time="0"/>
  <testcase name="testAbaNumberCheck_24868_bad" classname="com.cardatechnologies.utils.validators.abaroutevalidator.Test_AbaRouteValidator_11" time="0"/>
  <testcase name="testAbaNumberCheck_22790_bad" classname="com.cardatechnologies.utils.validators.abaroutevalidator.Test_AbaRouteValidator_11" time="0"/>
  <testcase name="testAbaNumberCheck_24591_good" classname="com.cardatechnologies.utils.validators.abaroutevalidator.Test_AbaRouteValidator_11" time="0"/>
  <testcase name="testAbaNumberCheck_22792_bad" classname="com.cardatechnologies.utils.validators.abaroutevalidator.Test_AbaRouteValidator_11" time="0"/>
  <testcase name="testAbaNumberCheck_23651_good" classname="com.cardatechnologies.utils.validators.abaroutevalidator.Test_AbaRouteValidator_11" time="0"/>
  <testcase name="testAbaNumberCheck_22711_good" classname="com.cardatechnologies.utils.validators.abaroutevalidator.Test_AbaRouteValidator_11" time="0"/>
  <testcase name="testAbaNumberCheck_22794_bad" classname="com.cardatechnologies.utils.validators.abaroutevalidator.Test_AbaRouteValidator_11" time="0"/>
  <testcase name="testAbaNumberCheck_22796_bad" classname="com.cardatechnologies.utils.validators.abaroutevalidator.Test_AbaRouteValidator_11" time="0"/>
  <testcase name="testAbaNumberCheck_24465_good" classname="com.cardatechnologies.utils.validators.abaroutevalidator.Test_AbaRouteValidator_11" time="0"/>
  <testcase name="testAbaNumberCheck_23525_good" classname="com.cardatechnologies.utils.validators.abaroutevalidator.Test_AbaRouteValidator_11" time="0"/>
  <testcase name="testAbaNumberCheck_22798_bad" classname="com.cardatechnologies.utils.validators.abaroutevalidator.Test_AbaRouteValidator_11" time="0"/>
  <testcase name="testAbaNumberCheck_24339_good" classname="com.cardatechnologies.utils.validators.abaroutevalidator.Test_AbaRouteValidator_11" time="0"/>
  <testcase name="testAbaNumberCheck_23363_good" classname="com.cardatechnologies.utils.validators.abaroutevalidator.Test_AbaRouteValidator_11" time="0"/>
  <testcase name="testAbaNumberCheck_24961_good" classname="com.cardatechnologies.utils.validators.abaroutevalidator.Test_AbaRouteValidator_11" time="0"/>
  <testcase name="testAbaNumberCheck_24177_good" classname="com.cardatechnologies.utils.validators.abaroutevalidator.Test_AbaRouteValidator_11" time="0"/>
  <testcase name="testAbaNumberCheck_23237_good" classname="com.cardatechnologies.utils.validators.abaroutevalidator.Test_AbaRouteValidator_11" time="0"/>
  <testcase name="testAbaNumberCheck_24835_good" classname="com.cardatechnologies.utils.validators.abaroutevalidator.Test_AbaRouteValidator_11" time="0"/>
  <testcase name="testAbaNumberCheck_24870_bad" classname="com.cardatechnologies.utils.validators.abaroutevalidator.Test_AbaRouteValidator_11" time="0"/>
  <testcase name="testAbaNumberCheck_24872_bad" classname="com.cardatechnologies.utils.validators.abaroutevalidator.Test_AbaRouteValidator_11" time="0"/>
  <testcase name="testAbaNumberCheck_24709_good" classname="com.cardatechnologies.utils.validators.abaroutevalidator.Test_AbaRouteValidator_11" time="0"/>
  <testcase name="testAbaNumberCheck_24874_bad" classname="com.cardatechnologies.utils.validators.abaroutevalidator.Test_AbaRouteValidator_11" time="0"/>
  <testcase name="testAbaNumberCheck_23075_good" classname="com.cardatechnologies.utils.validators.abaroutevalidator.Test_AbaRouteValidator_11" time="0"/>
  <testcase name="testAbaNumberCheck_24876_bad" classname="com.cardatechnologies.utils.validators.abaroutevalidator.Test_AbaRouteValidator_11" time="0"/>
  <testcase name="testAbaNumberCheck_24673_good" classname="com.cardatechnologies.utils.validators.abaroutevalidator.Test_AbaRouteValidator_11" time="0"/>
  <testcase name="testAbaNumberCheck_23733_good" classname="com.cardatechnologies.utils.validators.abaroutevalidator.Test_AbaRouteValidator_11" time="0"/>
  <testcase name="testAbaNumberCheck_24878_bad" classname="com.cardatechnologies.utils.validators.abaroutevalidator.Test_AbaRouteValidator_11" time="0"/>
  <testcase name="testAbaNumberCheck_24547_good" classname="com.cardatechnologies.utils.validators.abaroutevalidator.Test_AbaRouteValidator_11" time="0"/>
  <testcase name="testAbaNumberCheck_23607_good" classname="com.cardatechnologies.utils.validators.abaroutevalidator.Test_AbaRouteValidator_11" time="0"/>
  <testcase name="testAbaNumberCheck_23571_good" classname="com.cardatechnologies.utils.validators.abaroutevalidator.Test_AbaRouteValidator_11" time="0"/>
  <testcase name="testAbaNumberCheck_22631_good" classname="com.cardatechnologies.utils.validators.abaroutevalidator.Test_AbaRouteValidator_11" time="0"/>
  <testcase name="testAbaNumberCheck_24385_good" classname="com.cardatechnologies.utils.validators.abaroutevalidator.Test_AbaRouteValidator_11" time="0"/>
  <testcase name="testAbaNumberCheck_23445_good" classname="com.cardatechnologies.utils.validators.abaroutevalidator.Test_AbaRouteValidator_11" time="0"/>
  <testcase name="testAbaNumberCheck_22505_good" classname="com.cardatechnologies.utils.validators.abaroutevalidator.Test_AbaRouteValidator_11" time="0"/>
  <testcase name="testAbaNumberCheck_24259_good" classname="com.cardatechnologies.utils.validators.abaroutevalidator.Test_AbaRouteValidator_11" time="0"/>
  <testcase name="testAbaNumberCheck_23319_good" classname="com.cardatechnologies.utils.validators.abaroutevalidator.Test_AbaRouteValidator_11" time="0"/>
  <testcase name="testAbaNumberCheck_24917_good" classname="com.cardatechnologies.utils.validators.abaroutevalidator.Test_AbaRouteValidator_11" time="0"/>
  <testcase name="testAbaNumberCheck_23283_good" classname="com.cardatechnologies.utils.validators.abaroutevalidator.Test_AbaRouteValidator_11" time="0"/>
  <testcase name="testAbaNumberCheck_24881_good" classname="com.cardatechnologies.utils.validators.abaroutevalidator.Test_AbaRouteValidator_11" time="0"/>
  <testcase name="testAbaNumberCheck_23941_good" classname="com.cardatechnologies.utils.validators.abaroutevalidator.Test_AbaRouteValidator_11" time="0"/>
  <testcase name="testAbaNumberCheck_24097_good" classname="com.cardatechnologies.utils.validators.abaroutevalidator.Test_AbaRouteValidator_11" time="0"/>
  <testcase name="testAbaNumberCheck_24880_bad" classname="com.cardatechnologies.utils.validators.abaroutevalidator.Test_AbaRouteValidator_11" time="0"/>
  <testcase name="testAbaNumberCheck_23157_good" classname="com.cardatechnologies.utils.validators.abaroutevalidator.Test_AbaRouteValidator_11" time="0"/>
  <testcase name="testAbaNumberCheck_24882_bad" classname="com.cardatechnologies.utils.validators.abaroutevalidator.Test_AbaRouteValidator_11" time="0"/>
  <testcase name="testAbaNumberCheck_24755_good" classname="com.cardatechnologies.utils.validators.abaroutevalidator.Test_AbaRouteValidator_11" time="0"/>
  <testcase name="testAbaNumberCheck_23815_good" classname="com.cardatechnologies.utils.validators.abaroutevalidator.Test_AbaRouteValidator_11" time="0"/>
  <testcase name="testAbaNumberCheck_24884_bad" classname="com.cardatechnologies.utils.validators.abaroutevalidator.Test_AbaRouteValidator_11" time="0"/>
  <testcase name="testAbaNumberCheck_24886_bad" classname="com.cardatechnologies.utils.validators.abaroutevalidator.Test_AbaRouteValidator_11" time="0"/>
  <testcase name="testAbaNumberCheck_24629_good" classname="com.cardatechnologies.utils.validators.abaroutevalidator.Test_AbaRouteValidator_11" time="0"/>
  <testcase name="testAbaNumberCheck_24888_bad" classname="com.cardatechnologies.utils.validators.abaroutevalidator.Test_AbaRouteValidator_11" time="0"/>
  <testcase name="testAbaNumberCheck_24593_good" classname="com.cardatechnologies.utils.validators.abaroutevalidator.Test_AbaRouteValidator_11" time="0"/>
  <testcase name="testAbaNumberCheck_23653_good" classname="com.cardatechnologies.utils.validators.abaroutevalidator.Test_AbaRouteValidator_11" time="0"/>
  <testcase name="testAbaNumberCheck_22713_good" classname="com.cardatechnologies.utils.validators.abaroutevalidator.Test_AbaRouteValidator_11" time="0"/>
  <testcase name="testAbaNumberCheck_24467_good" classname="com.cardatechnologies.utils.validators.abaroutevalidator.Test_AbaRouteValidator_11" time="0"/>
  <testcase name="testAbaNumberCheck_23527_good" classname="com.cardatechnologies.utils.validators.abaroutevalidator.Test_AbaRouteValidator_11" time="0"/>
  <testcase name="testAbaNumberCheck_23491_good" classname="com.cardatechnologies.utils.validators.abaroutevalidator.Test_AbaRouteValidator_11" time="0"/>
  <testcase name="testAbaNumberCheck_22551_good" classname="com.cardatechnologies.utils.validators.abaroutevalidator.Test_AbaRouteValidator_11" time="0"/>
  <testcase name="testAbaNumberCheck_23365_good" classname="com.cardatechnologies.utils.validators.abaroutevalidator.Test_AbaRouteValidator_11" time="0"/>
  <testcase name="testAbaNumberCheck_24963_good" classname="com.cardatechnologies.utils.validators.abaroutevalidator.Test_AbaRouteValidator_11" time="0"/>
  <testcase name="testAbaNumberCheck_24179_good" classname="com.cardatechnologies.utils.validators.abaroutevalidator.Test_AbaRouteValidator_11" time="0"/>
  <testcase name="testAbaNumberCheck_23239_good" classname="com.cardatechnologies.utils.validators.abaroutevalidator.Test_AbaRouteValidator_11" time="0"/>
  <testcase name="testAbaNumberCheck_24837_good" classname="com.cardatechnologies.utils.validators.abaroutevalidator.Test_AbaRouteValidator_11" time="0"/>
  <testcase name="testAbaNumberCheck_24890_bad" classname="com.cardatechnologies.utils.validators.abaroutevalidator.Test_AbaRouteValidator_11" time="0"/>
  <testcase name="testAbaNumberCheck_24892_bad" classname="com.cardatechnologies.utils.validators.abaroutevalidator.Test_AbaRouteValidator_11" time="0.004"/>
  <testcase name="testAbaNumberCheck_23861_good" classname="com.cardatechnologies.utils.validators.abaroutevalidator.Test_AbaRouteValidator_11" time="0"/>
  <testcase name="testAbaNumberCheck_22921_good" classname="com.cardatechnologies.utils.validators.abaroutevalidator.Test_AbaRouteValidator_11" time="0"/>
  <testcase name="testAbaNumberCheck_24894_bad" classname="com.cardatechnologies.utils.validators.abaroutevalidator.Test_AbaRouteValidator_11" time="0"/>
  <testcase name="testAbaNumberCheck_23077_good" classname="com.cardatechnologies.utils.validators.abaroutevalidator.Test_AbaRouteValidator_11" time="0"/>
  <testcase name="testAbaNumberCheck_24896_bad" classname="com.cardatechnologies.utils.validators.abaroutevalidator.Test_AbaRouteValidator_11" time="0"/>
  <testcase name="testAbaNumberCheck_24675_good" classname="com.cardatechnologies.utils.validators.abaroutevalidator.Test_AbaRouteValidator_11" time="0"/>
  <testcase name="testAbaNumberCheck_23735_good" classname="com.cardatechnologies.utils.validators.abaroutevalidator.Test_AbaRouteValidator_11" time="0"/>
  <testcase name="testAbaNumberCheck_24898_bad" classname="com.cardatechnologies.utils.validators.abaroutevalidator.Test_AbaRouteValidator_11" time="0"/>
  <testcase name="testAbaNumberCheck_24549_good" classname="com.cardatechnologies.utils.validators.abaroutevalidator.Test_AbaRouteValidator_11" time="0"/>
  <testcase name="testAbaNumberCheck_23609_good" classname="com.cardatechnologies.utils.validators.abaroutevalidator.Test_AbaRouteValidator_11" time="0.001"/>
  <testcase name="testAbaNumberCheck_23573_good" classname="com.cardatechnologies.utils.validators.abaroutevalidator.Test_AbaRouteValidator_11" time="0"/>
  <testcase name="testAbaNumberCheck_22633_good" classname="com.cardatechnologies.utils.validators.abaroutevalidator.Test_AbaRouteValidator_11" time="0"/>
  <testcase name="testAbaNumberCheck_24387_good" classname="com.cardatechnologies.utils.validators.abaroutevalidator.Test_AbaRouteValidator_11" time="0"/>
  <testcase name="testAbaNumberCheck_23447_good" classname="com.cardatechnologies.utils.validators.abaroutevalidator.Test_AbaRouteValidator_11" time="0"/>
  <testcase name="testAbaNumberCheck_22507_good" classname="com.cardatechnologies.utils.validators.abaroutevalidator.Test_AbaRouteValidator_11" time="0"/>
  <testcase name="testAbaNumberCheck_22471_good" classname="com.cardatechnologies.utils.validators.abaroutevalidator.Test_AbaRouteValidator_11" time="0"/>
  <testcase name="testAbaNumberCheck_24919_good" classname="com.cardatechnologies.utils.validators.abaroutevalidator.Test_AbaRouteValidator_11" time="0"/>
  <testcase name="testAbaNumberCheck_23285_good" classname="com.cardatechnologies.utils.validators.abaroutevalidator.Test_AbaRouteValidator_11" time="0"/>
  <testcase name="testAbaNumberCheck_24883_good" classname="com.cardatechnologies.utils.validators.abaroutevalidator.Test_AbaRouteValidator_11" time="0"/>
  <testcase name="testAbaNumberCheck_23943_good" classname="com.cardatechnologies.utils.validators.abaroutevalidator.Test_AbaRouteValidator_11" time="0"/>
  <testcase name="testAbaNumberCheck_24099_good" classname="com.cardatechnologies.utils.validators.abaroutevalidator.Test_AbaRouteValidator_11" time="0"/>
  <testcase name="testAbaNumberCheck_23159_good" classname="com.cardatechnologies.utils.validators.abaroutevalidator.Test_AbaRouteValidator_11" time="0"/>
  <testcase name="testAbaNumberCheck_24757_good" classname="com.cardatechnologies.utils.validators.abaroutevalidator.Test_AbaRouteValidator_11" time="0"/>
  <testcase name="testAbaNumberCheck_23817_good" classname="com.cardatechnologies.utils.validators.abaroutevalidator.Test_AbaRouteValidator_11" time="0"/>
  <testcase name="testAbaNumberCheck_23781_good" classname="com.cardatechnologies.utils.validators.abaroutevalidator.Test_AbaRouteValidator_11" time="0"/>
  <testcase name="testAbaNumberCheck_22841_good" classname="com.cardatechnologies.utils.validators.abaroutevalidator.Test_AbaRouteValidator_11" time="0"/>
  <testcase name="testAbaNumberCheck_24595_good" classname="com.cardatechnologies.utils.validators.abaroutevalidator.Test_AbaRouteValidator_11" time="0"/>
  <testcase name="testAbaNumberCheck_23655_good" classname="com.cardatechnologies.utils.validators.abaroutevalidator.Test_AbaRouteValidator_11" time="0"/>
  <testcase name="testAbaNumberCheck_22715_good" classname="com.cardatechnologies.utils.validators.abaroutevalidator.Test_AbaRouteValidator_11" time="0"/>
  <testcase name="testAbaNumberCheck_24469_good" classname="com.cardatechnologies.utils.validators.abaroutevalidator.Test_AbaRouteValidator_11" time="0"/>
  <testcase name="testAbaNumberCheck_23529_good" classname="com.cardatechnologies.utils.validators.abaroutevalidator.Test_AbaRouteValidator_11" time="0"/>
  <testcase name="testAbaNumberCheck_23493_good" classname="com.cardatechnologies.utils.validators.abaroutevalidator.Test_AbaRouteValidator_11" time="0"/>
  <testcase name="testAbaNumberCheck_22553_good" classname="com.cardatechnologies.utils.validators.abaroutevalidator.Test_AbaRouteValidator_11" time="0"/>
  <testcase name="testAbaNumberCheck_23367_good" classname="com.cardatechnologies.utils.validators.abaroutevalidator.Test_AbaRouteValidator_11" time="0"/>
  <testcase name="testAbaNumberCheck_24965_good" classname="com.cardatechnologies.utils.validators.abaroutevalidator.Test_AbaRouteValidator_11" time="0"/>
  <testcase name="testAbaNumberCheck_24839_good" classname="com.cardatechnologies.utils.validators.abaroutevalidator.Test_AbaRouteValidator_11" time="0"/>
  <testcase name="testAbaNumberCheck_23863_good" classname="com.cardatechnologies.utils.validators.abaroutevalidator.Test_AbaRouteValidator_11" time="0"/>
  <testcase name="testAbaNumberCheck_22923_good" classname="com.cardatechnologies.utils.validators.abaroutevalidator.Test_AbaRouteValidator_11" time="0.001"/>
  <testcase name="testAbaNumberCheck_23079_good" classname="com.cardatechnologies.utils.validators.abaroutevalidator.Test_AbaRouteValidator_11" time="0"/>
  <testcase name="testAbaNumberCheck_24677_good" classname="com.cardatechnologies.utils.validators.abaroutevalidator.Test_AbaRouteValidator_11" time="0"/>
  <testcase name="testAbaNumberCheck_23737_good" classname="com.cardatechnologies.utils.validators.abaroutevalidator.Test_AbaRouteValidator_11" time="0"/>
  <testcase name="testAbaNumberCheck_22761_good" classname="com.cardatechnologies.utils.validators.abaroutevalidator.Test_AbaRouteValidator_11" time="0"/>
  <testcase name="testAbaNumberCheck_23575_good" classname="com.cardatechnologies.utils.validators.abaroutevalidator.Test_AbaRouteValidator_11" time="0"/>
  <testcase name="testAbaNumberCheck_22635_good" classname="com.cardatechnologies.utils.validators.abaroutevalidator.Test_AbaRouteValidator_11" time="0"/>
  <testcase name="testAbaNumberCheck_24389_good" classname="com.cardatechnologies.utils.validators.abaroutevalidator.Test_AbaRouteValidator_11" time="0"/>
  <testcase name="testAbaNumberCheck_23449_good" classname="com.cardatechnologies.utils.validators.abaroutevalidator.Test_AbaRouteValidator_11" time="0"/>
  <testcase name="testAbaNumberCheck_22509_good" classname="com.cardatechnologies.utils.validators.abaroutevalidator.Test_AbaRouteValidator_11" time="0"/>
  <testcase name="testAbaNumberCheck_22473_good" classname="com.cardatechnologies.utils.validators.abaroutevalidator.Test_AbaRouteValidator_11" time="0"/>
  <testcase name="testAbaNumberCheck_23287_good" classname="com.cardatechnologies.utils.validators.abaroutevalidator.Test_AbaRouteValidator_11" time="0"/>
  <testcase name="testAbaNumberCheck_24885_good" classname="com.cardatechnologies.utils.validators.abaroutevalidator.Test_AbaRouteValidator_11" time="0"/>
  <testcase name="testAbaNumberCheck_23945_good" classname="com.cardatechnologies.utils.validators.abaroutevalidator.Test_AbaRouteValidator_11" time="0"/>
  <testcase name="testAbaNumberCheck_24759_good" classname="com.cardatechnologies.utils.validators.abaroutevalidator.Test_AbaRouteValidator_11" time="0"/>
  <testcase name="testAbaNumberCheck_23819_good" classname="com.cardatechnologies.utils.validators.abaroutevalidator.Test_AbaRouteValidator_11" time="0"/>
  <testcase name="testAbaNumberCheck_23783_good" classname="com.cardatechnologies.utils.validators.abaroutevalidator.Test_AbaRouteValidator_11" time="0"/>
  <testcase name="testAbaNumberCheck_22843_good" classname="com.cardatechnologies.utils.validators.abaroutevalidator.Test_AbaRouteValidator_11" time="0"/>
  <testcase name="testAbaNumberCheck_24597_good" classname="com.cardatechnologies.utils.validators.abaroutevalidator.Test_AbaRouteValidator_11" time="0"/>
  <testcase name="testAbaNumberCheck_23657_good" classname="com.cardatechnologies.utils.validators.abaroutevalidator.Test_AbaRouteValidator_11" time="0"/>
  <testcase name="testAbaNumberCheck_22717_good" classname="com.cardatechnologies.utils.validators.abaroutevalidator.Test_AbaRouteValidator_11" time="0"/>
  <testcase name="testAbaNumberCheck_22681_good" classname="com.cardatechnologies.utils.validators.abaroutevalidator.Test_AbaRouteValidator_11" time="0"/>
  <testcase name="testAbaNumberCheck_23495_good" classname="com.cardatechnologies.utils.validators.abaroutevalidator.Test_AbaRouteValidator_11" time="0"/>
  <testcase name="testAbaNumberCheck_22555_good" classname="com.cardatechnologies.utils.validators.abaroutevalidator.Test_AbaRouteValidator_11" time="0"/>
  <testcase name="testAbaNumberCheck_23369_good" classname="com.cardatechnologies.utils.validators.abaroutevalidator.Test_AbaRouteValidator_11" time="0"/>
  <testcase name="testAbaNumberCheck_24967_good" classname="com.cardatechnologies.utils.validators.abaroutevalidator.Test_AbaRouteValidator_11" time="0"/>
  <testcase name="testAbaNumberCheck_23991_good" classname="com.cardatechnologies.utils.validators.abaroutevalidator.Test_AbaRouteValidator_11" time="0"/>
  <testcase name="testAbaNumberCheck_23865_good" classname="com.cardatechnologies.utils.validators.abaroutevalidator.Test_AbaRouteValidator_11" time="0"/>
  <testcase name="testAbaNumberCheck_22925_good" classname="com.cardatechnologies.utils.validators.abaroutevalidator.Test_AbaRouteValidator_11" time="0"/>
  <testcase name="testAbaNumberCheck_24679_good" classname="com.cardatechnologies.utils.validators.abaroutevalidator.Test_AbaRouteValidator_11" time="0"/>
  <testcase name="testAbaNumberCheck_23739_good" classname="com.cardatechnologies.utils.validators.abaroutevalidator.Test_AbaRouteValidator_11" time="0"/>
  <testcase name="testAbaNumberCheck_22763_good" classname="com.cardatechnologies.utils.validators.abaroutevalidator.Test_AbaRouteValidator_11" time="0"/>
  <testcase name="testAbaNumberCheck_23577_good" classname="com.cardatechnologies.utils.validators.abaroutevalidator.Test_AbaRouteValidator_11" time="0.001"/>
  <testcase name="testAbaNumberCheck_22637_good" classname="com.cardatechnologies.utils.validators.abaroutevalidator.Test_AbaRouteValidator_11" time="0"/>
  <testcase name="testAbaNumberCheck_22475_good" classname="com.cardatechnologies.utils.validators.abaroutevalidator.Test_AbaRouteValidator_11" time="0"/>
  <testcase name="testAbaNumberCheck_23289_good" classname="com.cardatechnologies.utils.validators.abaroutevalidator.Test_AbaRouteValidator_11" time="0"/>
  <testcase name="testAbaNumberCheck_24887_good" classname="com.cardatechnologies.utils.validators.abaroutevalidator.Test_AbaRouteValidator_11" time="0"/>
  <testcase name="testAbaNumberCheck_23947_good" classname="com.cardatechnologies.utils.validators.abaroutevalidator.Test_AbaRouteValidator_11" time="0"/>
  <testcase name="testAbaNumberCheck_22971_good" classname="com.cardatechnologies.utils.validators.abaroutevalidator.Test_AbaRouteValidator_11" time="0"/>
  <testcase name="testAbaNumberCheck_23785_good" classname="com.cardatechnologies.utils.validators.abaroutevalidator.Test_AbaRouteValidator_11" time="0"/>
  <testcase name="testAbaNumberCheck_22845_good" classname="com.cardatechnologies.utils.validators.abaroutevalidator.Test_AbaRouteValidator_11" time="0"/>
  <testcase name="testAbaNumberCheck_24599_good" classname="com.cardatechnologies.utils.validators.abaroutevalidator.Test_AbaRouteValidator_11" time="0"/>
  <testcase name="testAbaNumberCheck_23659_good" classname="com.cardatechnologies.utils.validators.abaroutevalidator.Test_AbaRouteValidator_11" time="0"/>
  <testcase name="testAbaNumberCheck_22719_good" classname="com.cardatechnologies.utils.validators.abaroutevalidator.Test_AbaRouteValidator_11" time="0"/>
  <testcase name="testAbaNumberCheck_22683_good" classname="com.cardatechnologies.utils.validators.abaroutevalidator.Test_AbaRouteValidator_11" time="0"/>
  <testcase name="testAbaNumberCheck_23497_good" classname="com.cardatechnologies.utils.validators.abaroutevalidator.Test_AbaRouteValidator_11" time="0"/>
  <testcase name="testAbaNumberCheck_22557_good" classname="com.cardatechnologies.utils.validators.abaroutevalidator.Test_AbaRouteValidator_11" time="0"/>
  <testcase name="testAbaNumberCheck_24969_good" classname="com.cardatechnologies.utils.validators.abaroutevalidator.Test_AbaRouteValidator_11" time="0"/>
  <testcase name="testAbaNumberCheck_23993_good" classname="com.cardatechnologies.utils.validators.abaroutevalidator.Test_AbaRouteValidator_11" time="0"/>
  <testcase name="testAbaNumberCheck_23867_good" classname="com.cardatechnologies.utils.validators.abaroutevalidator.Test_AbaRouteValidator_11" time="0"/>
  <testcase name="testAbaNumberCheck_22927_good" classname="com.cardatechnologies.utils.validators.abaroutevalidator.Test_AbaRouteValidator_11" time="0"/>
  <testcase name="testAbaNumberCheck_22891_good" classname="com.cardatechnologies.utils.validators.abaroutevalidator.Test_AbaRouteValidator_11" time="0"/>
  <testcase name="testAbaNumberCheck_22765_good" classname="com.cardatechnologies.utils.validators.abaroutevalidator.Test_AbaRouteValidator_11" time="0"/>
  <testcase name="testAbaNumberCheck_23579_good" classname="com.cardatechnologies.utils.validators.abaroutevalidator.Test_AbaRouteValidator_11" time="0"/>
  <testcase name="testAbaNumberCheck_22639_good" classname="com.cardatechnologies.utils.validators.abaroutevalidator.Test_AbaRouteValidator_11" time="0"/>
  <testcase name="testAbaNumberCheck_22477_good" classname="com.cardatechnologies.utils.validators.abaroutevalidator.Test_AbaRouteValidator_11" time="0"/>
  <testcase name="testAbaNumberCheck_24889_good" classname="com.cardatechnologies.utils.validators.abaroutevalidator.Test_AbaRouteValidator_11" time="0"/>
  <testcase name="testAbaNumberCheck_23949_good" classname="com.cardatechnologies.utils.validators.abaroutevalidator.Test_AbaRouteValidator_11" time="0"/>
  <testcase name="testAbaNumberCheck_22973_good" classname="com.cardatechnologies.utils.validators.abaroutevalidator.Test_AbaRouteValidator_11" time="0"/>
  <testcase name="testAbaNumberCheck_23787_good" classname="com.cardatechnologies.utils.validators.abaroutevalidator.Test_AbaRouteValidator_11" time="0"/>
  <testcase name="testAbaNumberCheck_22847_good" classname="com.cardatechnologies.utils.validators.abaroutevalidator.Test_AbaRouteValidator_11" time="0"/>
  <testcase name="testAbaNumberCheck_22685_good" classname="com.cardatechnologies.utils.validators.abaroutevalidator.Test_AbaRouteValidator_11" time="0"/>
  <testcase name="testAbaNumberCheck_23499_good" classname="com.cardatechnologies.utils.validators.abaroutevalidator.Test_AbaRouteValidator_11" time="0"/>
  <testcase name="testAbaNumberCheck_22559_good" classname="com.cardatechnologies.utils.validators.abaroutevalidator.Test_AbaRouteValidator_11" time="0"/>
  <testcase name="testAbaNumberCheck_23995_good" classname="com.cardatechnologies.utils.validators.abaroutevalidator.Test_AbaRouteValidator_11" time="0"/>
  <testcase name="testAbaNumberCheck_23869_good" classname="com.cardatechnologies.utils.validators.abaroutevalidator.Test_AbaRouteValidator_11" time="0"/>
  <testcase name="testAbaNumberCheck_22929_good" classname="com.cardatechnologies.utils.validators.abaroutevalidator.Test_AbaRouteValidator_11" time="0"/>
  <testcase name="testAbaNumberCheck_22893_good" classname="com.cardatechnologies.utils.validators.abaroutevalidator.Test_AbaRouteValidator_11" time="0"/>
  <testcase name="testAbaNumberCheck_22767_good" classname="com.cardatechnologies.utils.validators.abaroutevalidator.Test_AbaRouteValidator_11" time="0"/>
  <testcase name="testAbaNumberCheck_22479_good" classname="com.cardatechnologies.utils.validators.abaroutevalidator.Test_AbaRouteValidator_11" time="0"/>
  <testcase name="testAbaNumberCheck_22975_good" classname="com.cardatechnologies.utils.validators.abaroutevalidator.Test_AbaRouteValidator_11" time="0"/>
  <testcase name="testAbaNumberCheck_23789_good" classname="com.cardatechnologies.utils.validators.abaroutevalidator.Test_AbaRouteValidator_11" time="0"/>
  <testcase name="testAbaNumberCheck_22849_good" classname="com.cardatechnologies.utils.validators.abaroutevalidator.Test_AbaRouteValidator_11" time="0"/>
  <testcase name="testAbaNumberCheck_22687_good" classname="com.cardatechnologies.utils.validators.abaroutevalidator.Test_AbaRouteValidator_11" time="0"/>
  <testcase name="testAbaNumberCheck_23997_good" classname="com.cardatechnologies.utils.validators.abaroutevalidator.Test_AbaRouteValidator_11" time="0"/>
  <testcase name="testAbaNumberCheck_22895_good" classname="com.cardatechnologies.utils.validators.abaroutevalidator.Test_AbaRouteValidator_11" time="0"/>
  <testcase name="testAbaNumberCheck_22769_good" classname="com.cardatechnologies.utils.validators.abaroutevalidator.Test_AbaRouteValidator_11" time="0"/>
  <testcase name="testAbaNumberCheck_22977_good" classname="com.cardatechnologies.utils.validators.abaroutevalidator.Test_AbaRouteValidator_11" time="0"/>
  <testcase name="testAbaNumberCheck_22689_good" classname="com.cardatechnologies.utils.validators.abaroutevalidator.Test_AbaRouteValidator_11" time="0"/>
  <testcase name="testAbaNumberCheck_23999_good" classname="com.cardatechnologies.utils.validators.abaroutevalidator.Test_AbaRouteValidator_11" time="0"/>
  <testcase name="testAbaNumberCheck_22897_good" classname="com.cardatechnologies.utils.validators.abaroutevalidator.Test_AbaRouteValidator_11" time="0"/>
  <testcase name="testAbaNumberCheck_22979_good" classname="com.cardatechnologies.utils.validators.abaroutevalidator.Test_AbaRouteValidator_11" time="0"/>
  <testcase name="testAbaNumberCheck_23100_bad" classname="com.cardatechnologies.utils.validators.abaroutevalidator.Test_AbaRouteValidator_11" time="0"/>
  <testcase name="testAbaNumberCheck_23102_bad" classname="com.cardatechnologies.utils.validators.abaroutevalidator.Test_AbaRouteValidator_11" time="0"/>
  <testcase name="testAbaNumberCheck_23104_bad" classname="com.cardatechnologies.utils.validators.abaroutevalidator.Test_AbaRouteValidator_11" time="0"/>
  <testcase name="testAbaNumberCheck_23106_bad" classname="com.cardatechnologies.utils.validators.abaroutevalidator.Test_AbaRouteValidator_11" time="0"/>
  <testcase name="testAbaNumberCheck_23108_bad" classname="com.cardatechnologies.utils.validators.abaroutevalidator.Test_AbaRouteValidator_11" time="0"/>
  <testcase name="testAbaNumberCheck_24001_good" classname="com.cardatechnologies.utils.validators.abaroutevalidator.Test_AbaRouteValidator_11" time="0"/>
  <testcase name="testAbaNumberCheck_23110_bad" classname="com.cardatechnologies.utils.validators.abaroutevalidator.Test_AbaRouteValidator_11" time="0"/>
  <testcase name="testAbaNumberCheck_22899_good" classname="com.cardatechnologies.utils.validators.abaroutevalidator.Test_AbaRouteValidator_11" time="0"/>
  <testcase name="testAbaNumberCheck_23112_bad" classname="com.cardatechnologies.utils.validators.abaroutevalidator.Test_AbaRouteValidator_11" time="0.001"/>
  <testcase name="testAbaNumberCheck_23114_bad" classname="com.cardatechnologies.utils.validators.abaroutevalidator.Test_AbaRouteValidator_11" time="0"/>
  <testcase name="testAbaNumberCheck_23116_bad" classname="com.cardatechnologies.utils.validators.abaroutevalidator.Test_AbaRouteValidator_11" time="0"/>
  <testcase name="testAbaNumberCheck_23118_bad" classname="com.cardatechnologies.utils.validators.abaroutevalidator.Test_AbaRouteValidator_11" time="0"/>
  <testcase name="testAbaNumberCheck_23120_bad" classname="com.cardatechnologies.utils.validators.abaroutevalidator.Test_AbaRouteValidator_11" time="0"/>
  <testcase name="testAbaNumberCheck_23122_bad" classname="com.cardatechnologies.utils.validators.abaroutevalidator.Test_AbaRouteValidator_11" time="0"/>
  <testcase name="testAbaNumberCheck_23124_bad" classname="com.cardatechnologies.utils.validators.abaroutevalidator.Test_AbaRouteValidator_11" time="0"/>
  <testcase name="testAbaNumberCheck_23126_bad" classname="com.cardatechnologies.utils.validators.abaroutevalidator.Test_AbaRouteValidator_11" time="0"/>
  <testcase name="testAbaNumberCheck_23128_bad" classname="com.cardatechnologies.utils.validators.abaroutevalidator.Test_AbaRouteValidator_11" time="0"/>
  <testcase name="testAbaNumberCheck_24003_good" classname="com.cardatechnologies.utils.validators.abaroutevalidator.Test_AbaRouteValidator_11" time="0"/>
  <testcase name="testAbaNumberCheck_23130_bad" classname="com.cardatechnologies.utils.validators.abaroutevalidator.Test_AbaRouteValidator_11" time="0"/>
  <testcase name="testAbaNumberCheck_23132_bad" classname="com.cardatechnologies.utils.validators.abaroutevalidator.Test_AbaRouteValidator_11" time="0"/>
  <testcase name="testAbaNumberCheck_23134_bad" classname="com.cardatechnologies.utils.validators.abaroutevalidator.Test_AbaRouteValidator_11" time="0"/>
  <testcase name="testAbaNumberCheck_23136_bad" classname="com.cardatechnologies.utils.validators.abaroutevalidator.Test_AbaRouteValidator_11" time="0"/>
  <testcase name="testAbaNumberCheck_23138_bad" classname="com.cardatechnologies.utils.validators.abaroutevalidator.Test_AbaRouteValidator_11" time="0"/>
  <testcase name="testAbaNumberCheck_24211_good" classname="com.cardatechnologies.utils.validators.abaroutevalidator.Test_AbaRouteValidator_11" time="0"/>
  <testcase name="testAbaNumberCheck_24400_bad" classname="com.cardatechnologies.utils.validators.abaroutevalidator.Test_AbaRouteValidator_11" time="0"/>
  <testcase name="testAbaNumberCheck_24402_bad" classname="com.cardatechnologies.utils.validators.abaroutevalidator.Test_AbaRouteValidator_11" time="0"/>
  <testcase name="testAbaNumberCheck_24404_bad" classname="com.cardatechnologies.utils.validators.abaroutevalidator.Test_AbaRouteValidator_11" time="0"/>
  <testcase name="testAbaNumberCheck_23140_bad" classname="com.cardatechnologies.utils.validators.abaroutevalidator.Test_AbaRouteValidator_11" time="0"/>
  <testcase name="testAbaNumberCheck_24406_bad" classname="com.cardatechnologies.utils.validators.abaroutevalidator.Test_AbaRouteValidator_11" time="0"/>
  <testcase name="testAbaNumberCheck_23142_bad" classname="com.cardatechnologies.utils.validators.abaroutevalidator.Test_AbaRouteValidator_11" time="0"/>
  <testcase name="testAbaNumberCheck_24408_bad" classname="com.cardatechnologies.utils.validators.abaroutevalidator.Test_AbaRouteValidator_11" time="0"/>
  <testcase name="testAbaNumberCheck_23144_bad" classname="com.cardatechnologies.utils.validators.abaroutevalidator.Test_AbaRouteValidator_11" time="0"/>
  <testcase name="testAbaNumberCheck_23146_bad" classname="com.cardatechnologies.utils.validators.abaroutevalidator.Test_AbaRouteValidator_11" time="0"/>
  <testcase name="testAbaNumberCheck_23148_bad" classname="com.cardatechnologies.utils.validators.abaroutevalidator.Test_AbaRouteValidator_11" time="0"/>
  <testcase name="testAbaNumberCheck_24131_good" classname="com.cardatechnologies.utils.validators.abaroutevalidator.Test_AbaRouteValidator_11" time="0"/>
  <testcase name="testAbaNumberCheck_24410_bad" classname="com.cardatechnologies.utils.validators.abaroutevalidator.Test_AbaRouteValidator_11" time="0"/>
  <testcase name="testAbaNumberCheck_24005_good" classname="com.cardatechnologies.utils.validators.abaroutevalidator.Test_AbaRouteValidator_11" time="0"/>
  <testcase name="testAbaNumberCheck_24412_bad" classname="com.cardatechnologies.utils.validators.abaroutevalidator.Test_AbaRouteValidator_11" time="0"/>
  <testcase name="testAbaNumberCheck_23600_bad" classname="com.cardatechnologies.utils.validators.abaroutevalidator.Test_AbaRouteValidator_11" time="0"/>
  <testcase name="testAbaNumberCheck_24414_bad" classname="com.cardatechnologies.utils.validators.abaroutevalidator.Test_AbaRouteValidator_11" time="0"/>
  <testcase name="testAbaNumberCheck_23150_bad" classname="com.cardatechnologies.utils.validators.abaroutevalidator.Test_AbaRouteValidator_11" time="0"/>
  <testcase name="testAbaNumberCheck_23602_bad" classname="com.cardatechnologies.utils.validators.abaroutevalidator.Test_AbaRouteValidator_11" time="0"/>
  <testcase name="testAbaNumberCheck_24416_bad" classname="com.cardatechnologies.utils.validators.abaroutevalidator.Test_AbaRouteValidator_11" time="0"/>
  <testcase name="testAbaNumberCheck_23152_bad" classname="com.cardatechnologies.utils.validators.abaroutevalidator.Test_AbaRouteValidator_11" time="0"/>
  <testcase name="testAbaNumberCheck_23604_bad" classname="com.cardatechnologies.utils.validators.abaroutevalidator.Test_AbaRouteValidator_11" time="0"/>
  <testcase name="testAbaNumberCheck_24418_bad" classname="com.cardatechnologies.utils.validators.abaroutevalidator.Test_AbaRouteValidator_11" time="0"/>
  <testcase name="testAbaNumberCheck_23154_bad" classname="com.cardatechnologies.utils.validators.abaroutevalidator.Test_AbaRouteValidator_11" time="0"/>
  <testcase name="testAbaNumberCheck_23606_bad" classname="com.cardatechnologies.utils.validators.abaroutevalidator.Test_AbaRouteValidator_11" time="0"/>
  <testcase name="testAbaNumberCheck_23156_bad" classname="com.cardatechnologies.utils.validators.abaroutevalidator.Test_AbaRouteValidator_11" time="0"/>
  <testcase name="testAbaNumberCheck_24501_good" classname="com.cardatechnologies.utils.validators.abaroutevalidator.Test_AbaRouteValidator_11" time="0"/>
  <testcase name="testAbaNumberCheck_23608_bad" classname="com.cardatechnologies.utils.validators.abaroutevalidator.Test_AbaRouteValidator_11" time="0"/>
  <testcase name="testAbaNumberCheck_23158_bad" classname="com.cardatechnologies.utils.validators.abaroutevalidator.Test_AbaRouteValidator_11" time="0"/>
  <testcase name="testAbaNumberCheck_24213_good" classname="com.cardatechnologies.utils.validators.abaroutevalidator.Test_AbaRouteValidator_11" time="0"/>
  <testcase name="testAbaNumberCheck_24051_good" classname="com.cardatechnologies.utils.validators.abaroutevalidator.Test_AbaRouteValidator_11" time="0"/>
  <testcase name="testAbaNumberCheck_24420_bad" classname="com.cardatechnologies.utils.validators.abaroutevalidator.Test_AbaRouteValidator_11" time="0.001"/>
  <testcase name="testAbaNumberCheck_23111_good" classname="com.cardatechnologies.utils.validators.abaroutevalidator.Test_AbaRouteValidator_11" time="0"/>
  <testcase name="testAbaNumberCheck_24422_bad" classname="com.cardatechnologies.utils.validators.abaroutevalidator.Test_AbaRouteValidator_11" time="0"/>
  <testcase name="testAbaNumberCheck_23610_bad" classname="com.cardatechnologies.utils.validators.abaroutevalidator.Test_AbaRouteValidator_11" time="0"/>
  <testcase name="testAbaNumberCheck_24424_bad" classname="com.cardatechnologies.utils.validators.abaroutevalidator.Test_AbaRouteValidator_11" time="0"/>
  <testcase name="testAbaNumberCheck_23160_bad" classname="com.cardatechnologies.utils.validators.abaroutevalidator.Test_AbaRouteValidator_11" time="0"/>
  <testcase name="testAbaNumberCheck_23612_bad" classname="com.cardatechnologies.utils.validators.abaroutevalidator.Test_AbaRouteValidator_11" time="0"/>
  <testcase name="testAbaNumberCheck_24426_bad" classname="com.cardatechnologies.utils.validators.abaroutevalidator.Test_AbaRouteValidator_11" time="0"/>
  <testcase name="testAbaNumberCheck_23162_bad" classname="com.cardatechnologies.utils.validators.abaroutevalidator.Test_AbaRouteValidator_11" time="0"/>
  <testcase name="testAbaNumberCheck_22800_bad" classname="com.cardatechnologies.utils.validators.abaroutevalidator.Test_AbaRouteValidator_11" time="0"/>
  <testcase name="testAbaNumberCheck_23614_bad" classname="com.cardatechnologies.utils.validators.abaroutevalidator.Test_AbaRouteValidator_11" time="0"/>
  <testcase name="testAbaNumberCheck_24428_bad" classname="com.cardatechnologies.utils.validators.abaroutevalidator.Test_AbaRouteValidator_11" time="0"/>
  <testcase name="testAbaNumberCheck_23164_bad" classname="com.cardatechnologies.utils.validators.abaroutevalidator.Test_AbaRouteValidator_11" time="0"/>
  <testcase name="testAbaNumberCheck_22802_bad" classname="com.cardatechnologies.utils.validators.abaroutevalidator.Test_AbaRouteValidator_11" time="0"/>
  <testcase name="testAbaNumberCheck_23616_bad" classname="com.cardatechnologies.utils.validators.abaroutevalidator.Test_AbaRouteValidator_11" time="0"/>
  <testcase name="testAbaNumberCheck_23166_bad" classname="com.cardatechnologies.utils.validators.abaroutevalidator.Test_AbaRouteValidator_11" time="0"/>
  <testcase name="testAbaNumberCheck_22804_bad" classname="com.cardatechnologies.utils.validators.abaroutevalidator.Test_AbaRouteValidator_11" time="0"/>
  <testcase name="testAbaNumberCheck_23618_bad" classname="com.cardatechnologies.utils.validators.abaroutevalidator.Test_AbaRouteValidator_11" time="0"/>
  <testcase name="testAbaNumberCheck_23168_bad" classname="com.cardatechnologies.utils.validators.abaroutevalidator.Test_AbaRouteValidator_11" time="0"/>
  <testcase name="testAbaNumberCheck_22806_bad" classname="com.cardatechnologies.utils.validators.abaroutevalidator.Test_AbaRouteValidator_11" time="0"/>
  <testcase name="testAbaNumberCheck_24421_good" classname="com.cardatechnologies.utils.validators.abaroutevalidator.Test_AbaRouteValidator_11" time="0"/>
  <testcase name="testAbaNumberCheck_22808_bad" classname="com.cardatechnologies.utils.validators.abaroutevalidator.Test_AbaRouteValidator_11" time="0"/>
  <testcase name="testAbaNumberCheck_24133_good" classname="com.cardatechnologies.utils.validators.abaroutevalidator.Test_AbaRouteValidator_11" time="0"/>
  <testcase name="testAbaNumberCheck_24430_bad" classname="com.cardatechnologies.utils.validators.abaroutevalidator.Test_AbaRouteValidator_11" time="0"/>
  <testcase name="testAbaNumberCheck_24007_good" classname="com.cardatechnologies.utils.validators.abaroutevalidator.Test_AbaRouteValidator_11" time="0"/>
  <testcase name="testAbaNumberCheck_24432_bad" classname="com.cardatechnologies.utils.validators.abaroutevalidator.Test_AbaRouteValidator_11" time="0"/>
  <testcase name="testAbaNumberCheck_23620_bad" classname="com.cardatechnologies.utils.validators.abaroutevalidator.Test_AbaRouteValidator_11" time="0"/>
  <testcase name="testAbaNumberCheck_24434_bad" classname="com.cardatechnologies.utils.validators.abaroutevalidator.Test_AbaRouteValidator_11" time="0"/>
  <testcase name="testAbaNumberCheck_23031_good" classname="com.cardatechnologies.utils.validators.abaroutevalidator.Test_AbaRouteValidator_11" time="0"/>
  <testcase name="testAbaNumberCheck_23170_bad" classname="com.cardatechnologies.utils.validators.abaroutevalidator.Test_AbaRouteValidator_11" time="0"/>
  <testcase name="testAbaNumberCheck_23622_bad" classname="com.cardatechnologies.utils.validators.abaroutevalidator.Test_AbaRouteValidator_11" time="0"/>
  <testcase name="testAbaNumberCheck_24436_bad" classname="com.cardatechnologies.utils.validators.abaroutevalidator.Test_AbaRouteValidator_11" time="0"/>
  <testcase name="testAbaNumberCheck_23172_bad" classname="com.cardatechnologies.utils.validators.abaroutevalidator.Test_AbaRouteValidator_11" time="0"/>
  <testcase name="testAbaNumberCheck_22810_bad" classname="com.cardatechnologies.utils.validators.abaroutevalidator.Test_AbaRouteValidator_11" time="0"/>
  <testcase name="testAbaNumberCheck_23624_bad" classname="com.cardatechnologies.utils.validators.abaroutevalidator.Test_AbaRouteValidator_11" time="0"/>
  <testcase name="testAbaNumberCheck_24438_bad" classname="com.cardatechnologies.utils.validators.abaroutevalidator.Test_AbaRouteValidator_11" time="0"/>
  <testcase name="testAbaNumberCheck_23174_bad" classname="com.cardatechnologies.utils.validators.abaroutevalidator.Test_AbaRouteValidator_11" time="0"/>
  <testcase name="testAbaNumberCheck_22812_bad" classname="com.cardatechnologies.utils.validators.abaroutevalidator.Test_AbaRouteValidator_11" time="0"/>
  <testcase name="testAbaNumberCheck_23626_bad" classname="com.cardatechnologies.utils.validators.abaroutevalidator.Test_AbaRouteValidator_11" time="0"/>
  <testcase name="testAbaNumberCheck_23176_bad" classname="com.cardatechnologies.utils.validators.abaroutevalidator.Test_AbaRouteValidator_11" time="0"/>
  <testcase name="testAbaNumberCheck_24503_good" classname="com.cardatechnologies.utils.validators.abaroutevalidator.Test_AbaRouteValidator_11" time="0"/>
  <testcase name="testAbaNumberCheck_22814_bad" classname="com.cardatechnologies.utils.validators.abaroutevalidator.Test_AbaRouteValidator_11" time="0"/>
  <testcase name="testAbaNumberCheck_23628_bad" classname="com.cardatechnologies.utils.validators.abaroutevalidator.Test_AbaRouteValidator_11" time="0"/>
  <testcase name="testAbaNumberCheck_23178_bad" classname="com.cardatechnologies.utils.validators.abaroutevalidator.Test_AbaRouteValidator_11" time="0"/>
  <testcase name="testAbaNumberCheck_22816_bad" classname="com.cardatechnologies.utils.validators.abaroutevalidator.Test_AbaRouteValidator_11" time="0"/>
  <testcase name="testAbaNumberCheck_22818_bad" classname="com.cardatechnologies.utils.validators.abaroutevalidator.Test_AbaRouteValidator_11" time="0"/>
  <testcase name="testAbaNumberCheck_24341_good" classname="com.cardatechnologies.utils.validators.abaroutevalidator.Test_AbaRouteValidator_11" time="0"/>
  <testcase name="testAbaNumberCheck_23401_good" classname="com.cardatechnologies.utils.validators.abaroutevalidator.Test_AbaRouteValidator_11" time="0"/>
  <testcase name="testAbaNumberCheck_24215_good" classname="com.cardatechnologies.utils.validators.abaroutevalidator.Test_AbaRouteValidator_11" time="0"/>
  <testcase name="testAbaNumberCheck_24053_good" classname="com.cardatechnologies.utils.validators.abaroutevalidator.Test_AbaRouteValidator_11" time="0"/>
  <testcase name="testAbaNumberCheck_24440_bad" classname="com.cardatechnologies.utils.validators.abaroutevalidator.Test_AbaRouteValidator_11" time="0"/>
  <testcase name="testAbaNumberCheck_23113_good" classname="com.cardatechnologies.utils.validators.abaroutevalidator.Test_AbaRouteValidator_11" time="0"/>
  <testcase name="testAbaNumberCheck_24442_bad" classname="com.cardatechnologies.utils.validators.abaroutevalidator.Test_AbaRouteValidator_11" time="0"/>
  <testcase name="testAbaNumberCheck_24711_good" classname="com.cardatechnologies.utils.validators.abaroutevalidator.Test_AbaRouteValidator_11" time="0"/>
  <testcase name="testAbaNumberCheck_23630_bad" classname="com.cardatechnologies.utils.validators.abaroutevalidator.Test_AbaRouteValidator_11" time="0"/>
  <testcase name="testAbaNumberCheck_24444_bad" classname="com.cardatechnologies.utils.validators.abaroutevalidator.Test_AbaRouteValidator_11" time="0"/>
  <testcase name="testAbaNumberCheck_23180_bad" classname="com.cardatechnologies.utils.validators.abaroutevalidator.Test_AbaRouteValidator_11" time="0"/>
  <testcase name="testAbaNumberCheck_23632_bad" classname="com.cardatechnologies.utils.validators.abaroutevalidator.Test_AbaRouteValidator_11" time="0"/>
  <testcase name="testAbaNumberCheck_24446_bad" classname="com.cardatechnologies.utils.validators.abaroutevalidator.Test_AbaRouteValidator_11" time="0"/>
  <testcase name="testAbaNumberCheck_23182_bad" classname="com.cardatechnologies.utils.validators.abaroutevalidator.Test_AbaRouteValidator_11" time="0"/>
  <testcase name="testAbaNumberCheck_22820_bad" classname="com.cardatechnologies.utils.validators.abaroutevalidator.Test_AbaRouteValidator_11" time="0"/>
  <testcase name="testAbaNumberCheck_23634_bad" classname="com.cardatechnologies.utils.validators.abaroutevalidator.Test_AbaRouteValidator_11" time="0"/>
  <testcase name="testAbaNumberCheck_24448_bad" classname="com.cardatechnologies.utils.validators.abaroutevalidator.Test_AbaRouteValidator_11" time="0"/>
  <testcase name="testAbaNumberCheck_23184_bad" classname="com.cardatechnologies.utils.validators.abaroutevalidator.Test_AbaRouteValidator_11" time="0"/>
  <testcase name="testAbaNumberCheck_22822_bad" classname="com.cardatechnologies.utils.validators.abaroutevalidator.Test_AbaRouteValidator_11" time="0"/>
  <testcase name="testAbaNumberCheck_23636_bad" classname="com.cardatechnologies.utils.validators.abaroutevalidator.Test_AbaRouteValidator_11" time="0"/>
  <testcase name="testAbaNumberCheck_23186_bad" classname="com.cardatechnologies.utils.validators.abaroutevalidator.Test_AbaRouteValidator_11" time="0"/>
  <testcase name="testAbaNumberCheck_22824_bad" classname="com.cardatechnologies.utils.validators.abaroutevalidator.Test_AbaRouteValidator_11" time="0"/>
  <testcase name="testAbaNumberCheck_23638_bad" classname="com.cardatechnologies.utils.validators.abaroutevalidator.Test_AbaRouteValidator_11" time="0"/>
  <testcase name="testAbaNumberCheck_23188_bad" classname="com.cardatechnologies.utils.validators.abaroutevalidator.Test_AbaRouteValidator_11" time="0"/>
  <testcase name="testAbaNumberCheck_22826_bad" classname="com.cardatechnologies.utils.validators.abaroutevalidator.Test_AbaRouteValidator_11" time="0"/>
  <testcase name="testAbaNumberCheck_24423_good" classname="com.cardatechnologies.utils.validators.abaroutevalidator.Test_AbaRouteValidator_11" time="0"/>
  <testcase name="testAbaNumberCheck_22828_bad" classname="com.cardatechnologies.utils.validators.abaroutevalidator.Test_AbaRouteValidator_11" time="0"/>
  <testcase name="testAbaNumberCheck_24261_good" classname="com.cardatechnologies.utils.validators.abaroutevalidator.Test_AbaRouteValidator_11" time="0"/>
  <testcase name="testAbaNumberCheck_23321_good" classname="com.cardatechnologies.utils.validators.abaroutevalidator.Test_AbaRouteValidator_11" time="0"/>
  <testcase name="testAbaNumberCheck_24135_good" classname="com.cardatechnologies.utils.validators.abaroutevalidator.Test_AbaRouteValidator_11" time="0"/>
  <testcase name="testAbaNumberCheck_24900_bad" classname="com.cardatechnologies.utils.validators.abaroutevalidator.Test_AbaRouteValidator_11" time="0.001"/>
  <testcase name="testAbaNumberCheck_24450_bad" classname="com.cardatechnologies.utils.validators.abaroutevalidator.Test_AbaRouteValidator_11" time="0"/>
  <testcase name="testAbaNumberCheck_24009_good" classname="com.cardatechnologies.utils.validators.abaroutevalidator.Test_AbaRouteValidator_11" time="0"/>
  <testcase name="testAbaNumberCheck_24902_bad" classname="com.cardatechnologies.utils.validators.abaroutevalidator.Test_AbaRouteValidator_11" time="0"/>
  <testcase name="testAbaNumberCheck_24452_bad" classname="com.cardatechnologies.utils.validators.abaroutevalidator.Test_AbaRouteValidator_11" time="0"/>
  <testcase name="testAbaNumberCheck_24904_bad" classname="com.cardatechnologies.utils.validators.abaroutevalidator.Test_AbaRouteValidator_11" time="0"/>
  <testcase name="testAbaNumberCheck_23640_bad" classname="com.cardatechnologies.utils.validators.abaroutevalidator.Test_AbaRouteValidator_11" time="0"/>
  <testcase name="testAbaNumberCheck_24454_bad" classname="com.cardatechnologies.utils.validators.abaroutevalidator.Test_AbaRouteValidator_11" time="0"/>
  <testcase name="testAbaNumberCheck_23033_good" classname="com.cardatechnologies.utils.validators.abaroutevalidator.Test_AbaRouteValidator_11" time="0"/>
  <testcase name="testAbaNumberCheck_23190_bad" classname="com.cardatechnologies.utils.validators.abaroutevalidator.Test_AbaRouteValidator_11" time="0"/>
  <testcase name="testAbaNumberCheck_24906_bad" classname="com.cardatechnologies.utils.validators.abaroutevalidator.Test_AbaRouteValidator_11" time="0"/>
  <testcase name="testAbaNumberCheck_23642_bad" classname="com.cardatechnologies.utils.validators.abaroutevalidator.Test_AbaRouteValidator_11" time="0"/>
  <testcase name="testAbaNumberCheck_24456_bad" classname="com.cardatechnologies.utils.validators.abaroutevalidator.Test_AbaRouteValidator_11" time="0"/>
  <testcase name="testAbaNumberCheck_24631_good" classname="com.cardatechnologies.utils.validators.abaroutevalidator.Test_AbaRouteValidator_11" time="0"/>
  <testcase name="testAbaNumberCheck_23192_bad" classname="com.cardatechnologies.utils.validators.abaroutevalidator.Test_AbaRouteValidator_11" time="0"/>
  <testcase name="testAbaNumberCheck_24908_bad" classname="com.cardatechnologies.utils.validators.abaroutevalidator.Test_AbaRouteValidator_11" time="0"/>
  <testcase name="testAbaNumberCheck_22830_bad" classname="com.cardatechnologies.utils.validators.abaroutevalidator.Test_AbaRouteValidator_11" time="0"/>
  <testcase name="testAbaNumberCheck_23644_bad" classname="com.cardatechnologies.utils.validators.abaroutevalidator.Test_AbaRouteValidator_11" time="0"/>
  <testcase name="testAbaNumberCheck_24458_bad" classname="com.cardatechnologies.utils.validators.abaroutevalidator.Test_AbaRouteValidator_11" time="0"/>
  <testcase name="testAbaNumberCheck_23194_bad" classname="com.cardatechnologies.utils.validators.abaroutevalidator.Test_AbaRouteValidator_11" time="0"/>
  <testcase name="testAbaNumberCheck_22832_bad" classname="com.cardatechnologies.utils.validators.abaroutevalidator.Test_AbaRouteValidator_11" time="0"/>
  <testcase name="testAbaNumberCheck_23646_bad" classname="com.cardatechnologies.utils.validators.abaroutevalidator.Test_AbaRouteValidator_11" time="0"/>
  <testcase name="testAbaNumberCheck_23196_bad" classname="com.cardatechnologies.utils.validators.abaroutevalidator.Test_AbaRouteValidator_11" time="0"/>
  <testcase name="testAbaNumberCheck_24505_good" classname="com.cardatechnologies.utils.validators.abaroutevalidator.Test_AbaRouteValidator_11" time="0"/>
  <testcase name="testAbaNumberCheck_22834_bad" classname="com.cardatechnologies.utils.validators.abaroutevalidator.Test_AbaRouteValidator_11" time="0"/>
  <testcase name="testAbaNumberCheck_23648_bad" classname="com.cardatechnologies.utils.validators.abaroutevalidator.Test_AbaRouteValidator_11" time="0"/>
  <testcase name="testAbaNumberCheck_23198_bad" classname="com.cardatechnologies.utils.validators.abaroutevalidator.Test_AbaRouteValidator_11" time="0"/>
  <testcase name="testAbaNumberCheck_22836_bad" classname="com.cardatechnologies.utils.validators.abaroutevalidator.Test_AbaRouteValidator_11" time="0"/>
  <testcase name="testAbaNumberCheck_22838_bad" classname="com.cardatechnologies.utils.validators.abaroutevalidator.Test_AbaRouteValidator_11" time="0"/>
  <testcase name="testAbaNumberCheck_24343_good" classname="com.cardatechnologies.utils.validators.abaroutevalidator.Test_AbaRouteValidator_11" time="0"/>
  <testcase name="testAbaNumberCheck_23403_good" classname="com.cardatechnologies.utils.validators.abaroutevalidator.Test_AbaRouteValidator_11" time="0"/>
  <testcase name="testAbaNumberCheck_24217_good" classname="com.cardatechnologies.utils.validators.abaroutevalidator.Test_AbaRouteValidator_11" time="0"/>
  <testcase name="testAbaNumberCheck_24181_good" classname="com.cardatechnologies.utils.validators.abaroutevalidator.Test_AbaRouteValidator_11" time="0"/>
  <testcase name="testAbaNumberCheck_23241_good" classname="com.cardatechnologies.utils.validators.abaroutevalidator.Test_AbaRouteValidator_11" time="0"/>
  <testcase name="testAbaNumberCheck_24910_bad" classname="com.cardatechnologies.utils.validators.abaroutevalidator.Test_AbaRouteValidator_11" time="0"/>
  <testcase name="testAbaNumberCheck_24055_good" classname="com.cardatechnologies.utils.validators.abaroutevalidator.Test_AbaRouteValidator_11" time="0"/>
  <testcase name="testAbaNumberCheck_24460_bad" classname="com.cardatechnologies.utils.validators.abaroutevalidator.Test_AbaRouteValidator_11" time="0"/>
  <testcase name="testAbaNumberCheck_23115_good" classname="com.cardatechnologies.utils.validators.abaroutevalidator.Test_AbaRouteValidator_11" time="0"/>
  <testcase name="testAbaNumberCheck_24912_bad" classname="com.cardatechnologies.utils.validators.abaroutevalidator.Test_AbaRouteValidator_11" time="0"/>
  <testcase name="testAbaNumberCheck_24462_bad" classname="com.cardatechnologies.utils.validators.abaroutevalidator.Test_AbaRouteValidator_11" time="0"/>
  <testcase name="testAbaNumberCheck_24713_good" classname="com.cardatechnologies.utils.validators.abaroutevalidator.Test_AbaRouteValidator_11" time="0"/>
  <testcase name="testAbaNumberCheck_24914_bad" classname="com.cardatechnologies.utils.validators.abaroutevalidator.Test_AbaRouteValidator_11" time="0"/>
  <testcase name="testAbaNumberCheck_23650_bad" classname="com.cardatechnologies.utils.validators.abaroutevalidator.Test_AbaRouteValidator_11" time="0"/>
  <testcase name="testAbaNumberCheck_24464_bad" classname="com.cardatechnologies.utils.validators.abaroutevalidator.Test_AbaRouteValidator_11" time="0"/>
  <testcase name="testAbaNumberCheck_24916_bad" classname="com.cardatechnologies.utils.validators.abaroutevalidator.Test_AbaRouteValidator_11" time="0"/>
  <testcase name="testAbaNumberCheck_23652_bad" classname="com.cardatechnologies.utils.validators.abaroutevalidator.Test_AbaRouteValidator_11" time="0"/>
  <testcase name="testAbaNumberCheck_24466_bad" classname="com.cardatechnologies.utils.validators.abaroutevalidator.Test_AbaRouteValidator_11" time="0"/>
  <testcase name="testAbaNumberCheck_24918_bad" classname="com.cardatechnologies.utils.validators.abaroutevalidator.Test_AbaRouteValidator_11" time="0"/>
  <testcase name="testAbaNumberCheck_22840_bad" classname="com.cardatechnologies.utils.validators.abaroutevalidator.Test_AbaRouteValidator_11" time="0"/>
  <testcase name="testAbaNumberCheck_23654_bad" classname="com.cardatechnologies.utils.validators.abaroutevalidator.Test_AbaRouteValidator_11" time="0"/>
  <testcase name="testAbaNumberCheck_24468_bad" classname="com.cardatechnologies.utils.validators.abaroutevalidator.Test_AbaRouteValidator_11" time="0"/>
  <testcase name="testAbaNumberCheck_22842_bad" classname="com.cardatechnologies.utils.validators.abaroutevalidator.Test_AbaRouteValidator_11" time="0"/>
  <testcase name="testAbaNumberCheck_23656_bad" classname="com.cardatechnologies.utils.validators.abaroutevalidator.Test_AbaRouteValidator_11" time="0"/>
  <testcase name="testAbaNumberCheck_24551_good" classname="com.cardatechnologies.utils.validators.abaroutevalidator.Test_AbaRouteValidator_11" time="0"/>
  <testcase name="testAbaNumberCheck_23611_good" classname="com.cardatechnologies.utils.validators.abaroutevalidator.Test_AbaRouteValidator_11" time="0"/>
  <testcase name="testAbaNumberCheck_22844_bad" classname="com.cardatechnologies.utils.validators.abaroutevalidator.Test_AbaRouteValidator_11" time="0"/>
  <testcase name="testAbaNumberCheck_23658_bad" classname="com.cardatechnologies.utils.validators.abaroutevalidator.Test_AbaRouteValidator_11" time="0"/>
  <testcase name="testAbaNumberCheck_22846_bad" classname="com.cardatechnologies.utils.validators.abaroutevalidator.Test_AbaRouteValidator_11" time="0"/>
  <testcase name="testAbaNumberCheck_24425_good" classname="com.cardatechnologies.utils.validators.abaroutevalidator.Test_AbaRouteValidator_11" time="0"/>
  <testcase name="testAbaNumberCheck_22848_bad" classname="com.cardatechnologies.utils.validators.abaroutevalidator.Test_AbaRouteValidator_11" time="0"/>
  <testcase name="testAbaNumberCheck_24263_good" classname="com.cardatechnologies.utils.validators.abaroutevalidator.Test_AbaRouteValidator_11" time="0"/>
  <testcase name="testAbaNumberCheck_23323_good" classname="com.cardatechnologies.utils.validators.abaroutevalidator.Test_AbaRouteValidator_11" time="0"/>
  <testcase name="testAbaNumberCheck_24921_good" classname="com.cardatechnologies.utils.validators.abaroutevalidator.Test_AbaRouteValidator_11" time="0"/>
  <testcase name="testAbaNumberCheck_24137_good" classname="com.cardatechnologies.utils.validators.abaroutevalidator.Test_AbaRouteValidator_11" time="0"/>
  <testcase name="testAbaNumberCheck_24920_bad" classname="com.cardatechnologies.utils.validators.abaroutevalidator.Test_AbaRouteValidator_11" time="0"/>
  <testcase name="testAbaNumberCheck_23161_good" classname="com.cardatechnologies.utils.validators.abaroutevalidator.Test_AbaRouteValidator_11" time="0"/>
  <testcase name="testAbaNumberCheck_24470_bad" classname="com.cardatechnologies.utils.validators.abaroutevalidator.Test_AbaRouteValidator_11" time="0"/>
  <testcase name="testAbaNumberCheck_24922_bad" classname="com.cardatechnologies.utils.validators.abaroutevalidator.Test_AbaRouteValidator_11" time="0"/>
  <testcase name="testAbaNumberCheck_24472_bad" classname="com.cardatechnologies.utils.validators.abaroutevalidator.Test_AbaRouteValidator_11" time="0"/>
  <testcase name="testAbaNumberCheck_24924_bad" classname="com.cardatechnologies.utils.validators.abaroutevalidator.Test_AbaRouteValidator_11" time="0"/>
  <testcase name="testAbaNumberCheck_23660_bad" classname="com.cardatechnologies.utils.validators.abaroutevalidator.Test_AbaRouteValidator_11" time="0"/>
  <testcase name="testAbaNumberCheck_24474_bad" classname="com.cardatechnologies.utils.validators.abaroutevalidator.Test_AbaRouteValidator_11" time="0"/>
  <testcase name="testAbaNumberCheck_23035_good" classname="com.cardatechnologies.utils.validators.abaroutevalidator.Test_AbaRouteValidator_11" time="0"/>
  <testcase name="testAbaNumberCheck_24926_bad" classname="com.cardatechnologies.utils.validators.abaroutevalidator.Test_AbaRouteValidator_11" time="0"/>
  <testcase name="testAbaNumberCheck_23662_bad" classname="com.cardatechnologies.utils.validators.abaroutevalidator.Test_AbaRouteValidator_11" time="0.001"/>
  <testcase name="testAbaNumberCheck_24476_bad" classname="com.cardatechnologies.utils.validators.abaroutevalidator.Test_AbaRouteValidator_11" time="0"/>
  <testcase name="testAbaNumberCheck_24633_good" classname="com.cardatechnologies.utils.validators.abaroutevalidator.Test_AbaRouteValidator_11" time="0"/>
  <testcase name="testAbaNumberCheck_24928_bad" classname="com.cardatechnologies.utils.validators.abaroutevalidator.Test_AbaRouteValidator_11" time="0"/>
  <testcase name="testAbaNumberCheck_22850_bad" classname="com.cardatechnologies.utils.validators.abaroutevalidator.Test_AbaRouteValidator_11" time="0"/>
  <testcase name="testAbaNumberCheck_23664_bad" classname="com.cardatechnologies.utils.validators.abaroutevalidator.Test_AbaRouteValidator_11" time="0"/>
  <testcase name="testAbaNumberCheck_24478_bad" classname="com.cardatechnologies.utils.validators.abaroutevalidator.Test_AbaRouteValidator_11" time="0"/>
  <testcase name="testAbaNumberCheck_22852_bad" classname="com.cardatechnologies.utils.validators.abaroutevalidator.Test_AbaRouteValidator_11" time="0"/>
  <testcase name="testAbaNumberCheck_23666_bad" classname="com.cardatechnologies.utils.validators.abaroutevalidator.Test_AbaRouteValidator_11" time="0"/>
  <testcase name="testAbaNumberCheck_24507_good" classname="com.cardatechnologies.utils.validators.abaroutevalidator.Test_AbaRouteValidator_11" time="0"/>
  <testcase name="testAbaNumberCheck_22854_bad" classname="com.cardatechnologies.utils.validators.abaroutevalidator.Test_AbaRouteValidator_11" time="0"/>
  <testcase name="testAbaNumberCheck_23668_bad" classname="com.cardatechnologies.utils.validators.abaroutevalidator.Test_AbaRouteValidator_11" time="0"/>
  <testcase name="testAbaNumberCheck_22856_bad" classname="com.cardatechnologies.utils.validators.abaroutevalidator.Test_AbaRouteValidator_11" time="0"/>
  <testcase name="testAbaNumberCheck_24471_good" classname="com.cardatechnologies.utils.validators.abaroutevalidator.Test_AbaRouteValidator_11" time="0"/>
  <testcase name="testAbaNumberCheck_23531_good" classname="com.cardatechnologies.utils.validators.abaroutevalidator.Test_AbaRouteValidator_11" time="0"/>
  <testcase name="testAbaNumberCheck_22858_bad" classname="com.cardatechnologies.utils.validators.abaroutevalidator.Test_AbaRouteValidator_11" time="0"/>
  <testcase name="testAbaNumberCheck_24345_good" classname="com.cardatechnologies.utils.validators.abaroutevalidator.Test_AbaRouteValidator_11" time="0"/>
  <testcase name="testAbaNumberCheck_23405_good" classname="com.cardatechnologies.utils.validators.abaroutevalidator.Test_AbaRouteValidator_11" time="0"/>
  <testcase name="testAbaNumberCheck_24219_good" classname="com.cardatechnologies.utils.validators.abaroutevalidator.Test_AbaRouteValidator_11" time="0"/>
  <testcase name="testAbaNumberCheck_24183_good" classname="com.cardatechnologies.utils.validators.abaroutevalidator.Test_AbaRouteValidator_11" time="0"/>
  <testcase name="testAbaNumberCheck_23243_good" classname="com.cardatechnologies.utils.validators.abaroutevalidator.Test_AbaRouteValidator_11" time="0"/>
  <testcase name="testAbaNumberCheck_24841_good" classname="com.cardatechnologies.utils.validators.abaroutevalidator.Test_AbaRouteValidator_11" time="0"/>
  <testcase name="testAbaNumberCheck_23901_good" classname="com.cardatechnologies.utils.validators.abaroutevalidator.Test_AbaRouteValidator_11" time="0"/>
  <testcase name="testAbaNumberCheck_24930_bad" classname="com.cardatechnologies.utils.validators.abaroutevalidator.Test_AbaRouteValidator_11" time="0"/>
  <testcase name="testAbaNumberCheck_24057_good" classname="com.cardatechnologies.utils.validators.abaroutevalidator.Test_AbaRouteValidator_11" time="0"/>
  <testcase name="testAbaNumberCheck_24480_bad" classname="com.cardatechnologies.utils.validators.abaroutevalidator.Test_AbaRouteValidator_11" time="0"/>
  <testcase name="testAbaNumberCheck_23117_good" classname="com.cardatechnologies.utils.validators.abaroutevalidator.Test_AbaRouteValidator_11" time="0"/>
  <testcase name="testAbaNumberCheck_24932_bad" classname="com.cardatechnologies.utils.validators.abaroutevalidator.Test_AbaRouteValidator_11" time="0"/>
  <testcase name="testAbaNumberCheck_24482_bad" classname="com.cardatechnologies.utils.validators.abaroutevalidator.Test_AbaRouteValidator_11" time="0.001"/>
  <testcase name="testAbaNumberCheck_24715_good" classname="com.cardatechnologies.utils.validators.abaroutevalidator.Test_AbaRouteValidator_11" time="0"/>
  <testcase name="testAbaNumberCheck_24934_bad" classname="com.cardatechnologies.utils.validators.abaroutevalidator.Test_AbaRouteValidator_11" time="0"/>
  <testcase name="testAbaNumberCheck_23081_good" classname="com.cardatechnologies.utils.validators.abaroutevalidator.Test_AbaRouteValidator_11" time="0"/>
  <testcase name="testAbaNumberCheck_23670_bad" classname="com.cardatechnologies.utils.validators.abaroutevalidator.Test_AbaRouteValidator_11" time="0"/>
  <testcase name="testAbaNumberCheck_24484_bad" classname="com.cardatechnologies.utils.validators.abaroutevalidator.Test_AbaRouteValidator_11" time="0"/>
  <testcase name="testAbaNumberCheck_24936_bad" classname="com.cardatechnologies.utils.validators.abaroutevalidator.Test_AbaRouteValidator_11" time="0"/>
  <testcase name="testAbaNumberCheck_23672_bad" classname="com.cardatechnologies.utils.validators.abaroutevalidator.Test_AbaRouteValidator_11" time="0"/>
  <testcase name="testAbaNumberCheck_24486_bad" classname="com.cardatechnologies.utils.validators.abaroutevalidator.Test_AbaRouteValidator_11" time="0"/>
  <testcase name="testAbaNumberCheck_24938_bad" classname="com.cardatechnologies.utils.validators.abaroutevalidator.Test_AbaRouteValidator_11" time="0"/>
  <testcase name="testAbaNumberCheck_22860_bad" classname="com.cardatechnologies.utils.validators.abaroutevalidator.Test_AbaRouteValidator_11" time="0"/>
  <testcase name="testAbaNumberCheck_23674_bad" classname="com.cardatechnologies.utils.validators.abaroutevalidator.Test_AbaRouteValidator_11" time="0"/>
  <testcase name="testAbaNumberCheck_24488_bad" classname="com.cardatechnologies.utils.validators.abaroutevalidator.Test_AbaRouteValidator_11" time="0"/>
  <testcase name="testAbaNumberCheck_22862_bad" classname="com.cardatechnologies.utils.validators.abaroutevalidator.Test_AbaRouteValidator_11" time="0"/>
  <testcase name="testAbaNumberCheck_23676_bad" classname="com.cardatechnologies.utils.validators.abaroutevalidator.Test_AbaRouteValidator_11" time="0"/>
  <testcase name="testAbaNumberCheck_24553_good" classname="com.cardatechnologies.utils.validators.abaroutevalidator.Test_AbaRouteValidator_11" time="0"/>
  <testcase name="testAbaNumberCheck_23613_good" classname="com.cardatechnologies.utils.validators.abaroutevalidator.Test_AbaRouteValidator_11" time="0"/>
  <testcase name="testAbaNumberCheck_22864_bad" classname="com.cardatechnologies.utils.validators.abaroutevalidator.Test_AbaRouteValidator_11" time="0"/>
  <testcase name="testAbaNumberCheck_23678_bad" classname="com.cardatechnologies.utils.validators.abaroutevalidator.Test_AbaRouteValidator_11" time="0"/>
  <testcase name="testAbaNumberCheck_22866_bad" classname="com.cardatechnologies.utils.validators.abaroutevalidator.Test_AbaRouteValidator_11" time="0"/>
  <testcase name="testAbaNumberCheck_24427_good" classname="com.cardatechnologies.utils.validators.abaroutevalidator.Test_AbaRouteValidator_11" time="0"/>
  <testcase name="testAbaNumberCheck_22868_bad" classname="com.cardatechnologies.utils.validators.abaroutevalidator.Test_AbaRouteValidator_11" time="0"/>
  <testcase name="testAbaNumberCheck_24391_good" classname="com.cardatechnologies.utils.validators.abaroutevalidator.Test_AbaRouteValidator_11" time="0"/>
  <testcase name="testAbaNumberCheck_23451_good" classname="com.cardatechnologies.utils.validators.abaroutevalidator.Test_AbaRouteValidator_11" time="0"/>
  <testcase name="testAbaNumberCheck_22511_good" classname="com.cardatechnologies.utils.validators.abaroutevalidator.Test_AbaRouteValidator_11" time="0"/>
  <testcase name="testAbaNumberCheck_24265_good" classname="com.cardatechnologies.utils.validators.abaroutevalidator.Test_AbaRouteValidator_11" time="0"/>
  <testcase name="testAbaNumberCheck_23325_good" classname="com.cardatechnologies.utils.validators.abaroutevalidator.Test_AbaRouteValidator_11" time="0"/>
  <testcase name="testAbaNumberCheck_24923_good" classname="com.cardatechnologies.utils.validators.abaroutevalidator.Test_AbaRouteValidator_11" time="0"/>
  <testcase name="testAbaNumberCheck_24139_good" classname="com.cardatechnologies.utils.validators.abaroutevalidator.Test_AbaRouteValidator_11" time="0"/>
  <testcase name="testAbaNumberCheck_24940_bad" classname="com.cardatechnologies.utils.validators.abaroutevalidator.Test_AbaRouteValidator_11" time="0"/>
  <testcase name="testAbaNumberCheck_23163_good" classname="com.cardatechnologies.utils.validators.abaroutevalidator.Test_AbaRouteValidator_11" time="0"/>
  <testcase name="testAbaNumberCheck_24490_bad" classname="com.cardatechnologies.utils.validators.abaroutevalidator.Test_AbaRouteValidator_11" time="0"/>
  <testcase name="testAbaNumberCheck_24942_bad" classname="com.cardatechnologies.utils.validators.abaroutevalidator.Test_AbaRouteValidator_11" time="0"/>
  <testcase name="testAbaNumberCheck_24761_good" classname="com.cardatechnologies.utils.validators.abaroutevalidator.Test_AbaRouteValidator_11" time="0"/>
  <testcase name="testAbaNumberCheck_24492_bad" classname="com.cardatechnologies.utils.validators.abaroutevalidator.Test_AbaRouteValidator_11" time="0"/>
  <testcase name="testAbaNumberCheck_23821_good" classname="com.cardatechnologies.utils.validators.abaroutevalidator.Test_AbaRouteValidator_11" time="0"/>
  <testcase name="testAbaNumberCheck_24944_bad" classname="com.cardatechnologies.utils.validators.abaroutevalidator.Test_AbaRouteValidator_11" time="0"/>
  <testcase name="testAbaNumberCheck_23680_bad" classname="com.cardatechnologies.utils.validators.abaroutevalidator.Test_AbaRouteValidator_11" time="0"/>
  <testcase name="testAbaNumberCheck_24494_bad" classname="com.cardatechnologies.utils.validators.abaroutevalidator.Test_AbaRouteValidator_11" time="0"/>
  <testcase name="testAbaNumberCheck_23037_good" classname="com.cardatechnologies.utils.validators.abaroutevalidator.Test_AbaRouteValidator_11" time="0"/>
  <testcase name="testAbaNumberCheck_24946_bad" classname="com.cardatechnologies.utils.validators.abaroutevalidator.Test_AbaRouteValidator_11" time="0"/>
  <testcase name="testAbaNumberCheck_23682_bad" classname="com.cardatechnologies.utils.validators.abaroutevalidator.Test_AbaRouteValidator_11" time="0"/>
  <testcase name="testAbaNumberCheck_24496_bad" classname="com.cardatechnologies.utils.validators.abaroutevalidator.Test_AbaRouteValidator_11" time="0"/>
  <testcase name="testAbaNumberCheck_24635_good" classname="com.cardatechnologies.utils.validators.abaroutevalidator.Test_AbaRouteValidator_11" time="0"/>
  <testcase name="testAbaNumberCheck_24948_bad" classname="com.cardatechnologies.utils.validators.abaroutevalidator.Test_AbaRouteValidator_11" time="0"/>
  <testcase name="testAbaNumberCheck_22870_bad" classname="com.cardatechnologies.utils.validators.abaroutevalidator.Test_AbaRouteValidator_11" time="0"/>
  <testcase name="testAbaNumberCheck_23684_bad" classname="com.cardatechnologies.utils.validators.abaroutevalidator.Test_AbaRouteValidator_11" time="0"/>
  <testcase name="testAbaNumberCheck_24498_bad" classname="com.cardatechnologies.utils.validators.abaroutevalidator.Test_AbaRouteValidator_11" time="0"/>
  <testcase name="testAbaNumberCheck_22872_bad" classname="com.cardatechnologies.utils.validators.abaroutevalidator.Test_AbaRouteValidator_11" time="0"/>
  <testcase name="testAbaNumberCheck_23686_bad" classname="com.cardatechnologies.utils.validators.abaroutevalidator.Test_AbaRouteValidator_11" time="0"/>
  <testcase name="testAbaNumberCheck_24509_good" classname="com.cardatechnologies.utils.validators.abaroutevalidator.Test_AbaRouteValidator_11" time="0"/>
  <testcase name="testAbaNumberCheck_22874_bad" classname="com.cardatechnologies.utils.validators.abaroutevalidator.Test_AbaRouteValidator_11" time="0"/>
  <testcase name="testAbaNumberCheck_23688_bad" classname="com.cardatechnologies.utils.validators.abaroutevalidator.Test_AbaRouteValidator_11" time="0"/>
  <testcase name="testAbaNumberCheck_22876_bad" classname="com.cardatechnologies.utils.validators.abaroutevalidator.Test_AbaRouteValidator_11" time="0"/>
  <testcase name="testAbaNumberCheck_24473_good" classname="com.cardatechnologies.utils.validators.abaroutevalidator.Test_AbaRouteValidator_11" time="0"/>
  <testcase name="testAbaNumberCheck_23533_good" classname="com.cardatechnologies.utils.validators.abaroutevalidator.Test_AbaRouteValidator_11" time="0"/>
  <testcase name="testAbaNumberCheck_22878_bad" classname="com.cardatechnologies.utils.validators.abaroutevalidator.Test_AbaRouteValidator_11" time="0.001"/>
  <testcase name="testAbaNumberCheck_24347_good" classname="com.cardatechnologies.utils.validators.abaroutevalidator.Test_AbaRouteValidator_11" time="0"/>
  <testcase name="testAbaNumberCheck_23407_good" classname="com.cardatechnologies.utils.validators.abaroutevalidator.Test_AbaRouteValidator_11" time="0"/>
  <testcase name="testAbaNumberCheck_23371_good" classname="com.cardatechnologies.utils.validators.abaroutevalidator.Test_AbaRouteValidator_11" time="0"/>
  <testcase name="testAbaNumberCheck_24185_good" classname="com.cardatechnologies.utils.validators.abaroutevalidator.Test_AbaRouteValidator_11" time="0"/>
  <testcase name="testAbaNumberCheck_23245_good" classname="com.cardatechnologies.utils.validators.abaroutevalidator.Test_AbaRouteValidator_11" time="0"/>
  <testcase name="testAbaNumberCheck_24843_good" classname="com.cardatechnologies.utils.validators.abaroutevalidator.Test_AbaRouteValidator_11" time="0"/>
  <testcase name="testAbaNumberCheck_23903_good" classname="com.cardatechnologies.utils.validators.abaroutevalidator.Test_AbaRouteValidator_11" time="0"/>
  <testcase name="testAbaNumberCheck_24950_bad" classname="com.cardatechnologies.utils.validators.abaroutevalidator.Test_AbaRouteValidator_11" time="0"/>
  <testcase name="testAbaNumberCheck_24059_good" classname="com.cardatechnologies.utils.validators.abaroutevalidator.Test_AbaRouteValidator_11" time="0"/>
  <testcase name="testAbaNumberCheck_23119_good" classname="com.cardatechnologies.utils.validators.abaroutevalidator.Test_AbaRouteValidator_11" time="0"/>
  <testcase name="testAbaNumberCheck_24952_bad" classname="com.cardatechnologies.utils.validators.abaroutevalidator.Test_AbaRouteValidator_11" time="0"/>
  <testcase name="testAbaNumberCheck_24717_good" classname="com.cardatechnologies.utils.validators.abaroutevalidator.Test_AbaRouteValidator_11" time="0"/>
  <testcase name="testAbaNumberCheck_24954_bad" classname="com.cardatechnologies.utils.validators.abaroutevalidator.Test_AbaRouteValidator_11" time="0"/>
  <testcase name="testAbaNumberCheck_23083_good" classname="com.cardatechnologies.utils.validators.abaroutevalidator.Test_AbaRouteValidator_11" time="0"/>
  <testcase name="testAbaNumberCheck_23690_bad" classname="com.cardatechnologies.utils.validators.abaroutevalidator.Test_AbaRouteValidator_11" time="0"/>
  <testcase name="testAbaNumberCheck_24956_bad" classname="com.cardatechnologies.utils.validators.abaroutevalidator.Test_AbaRouteValidator_11" time="0"/>
  <testcase name="testAbaNumberCheck_24681_good" classname="com.cardatechnologies.utils.validators.abaroutevalidator.Test_AbaRouteValidator_11" time="0"/>
  <testcase name="testAbaNumberCheck_23692_bad" classname="com.cardatechnologies.utils.validators.abaroutevalidator.Test_AbaRouteValidator_11" time="0"/>
  <testcase name="testAbaNumberCheck_23741_good" classname="com.cardatechnologies.utils.validators.abaroutevalidator.Test_AbaRouteValidator_11" time="0"/>
  <testcase name="testAbaNumberCheck_22801_good" classname="com.cardatechnologies.utils.validators.abaroutevalidator.Test_AbaRouteValidator_11" time="0"/>
  <testcase name="testAbaNumberCheck_24958_bad" classname="com.cardatechnologies.utils.validators.abaroutevalidator.Test_AbaRouteValidator_11" time="0"/>
  <testcase name="testAbaNumberCheck_22880_bad" classname="com.cardatechnologies.utils.validators.abaroutevalidator.Test_AbaRouteValidator_11" time="0"/>
  <testcase name="testAbaNumberCheck_23694_bad" classname="com.cardatechnologies.utils.validators.abaroutevalidator.Test_AbaRouteValidator_11" time="0"/>
  <testcase name="testAbaNumberCheck_22882_bad" classname="com.cardatechnologies.utils.validators.abaroutevalidator.Test_AbaRouteValidator_11" time="0"/>
  <testcase name="testAbaNumberCheck_23696_bad" classname="com.cardatechnologies.utils.validators.abaroutevalidator.Test_AbaRouteValidator_11" time="0"/>
  <testcase name="testAbaNumberCheck_24555_good" classname="com.cardatechnologies.utils.validators.abaroutevalidator.Test_AbaRouteValidator_11" time="0"/>
  <testcase name="testAbaNumberCheck_23615_good" classname="com.cardatechnologies.utils.validators.abaroutevalidator.Test_AbaRouteValidator_11" time="0"/>
  <testcase name="testAbaNumberCheck_22884_bad" classname="com.cardatechnologies.utils.validators.abaroutevalidator.Test_AbaRouteValidator_11" time="0"/>
  <testcase name="testAbaNumberCheck_23698_bad" classname="com.cardatechnologies.utils.validators.abaroutevalidator.Test_AbaRouteValidator_11" time="0"/>
  <testcase name="testAbaNumberCheck_22886_bad" classname="com.cardatechnologies.utils.validators.abaroutevalidator.Test_AbaRouteValidator_11" time="0"/>
  <testcase name="testAbaNumberCheck_24429_good" classname="com.cardatechnologies.utils.validators.abaroutevalidator.Test_AbaRouteValidator_11" time="0"/>
  <testcase name="testAbaNumberCheck_22888_bad" classname="com.cardatechnologies.utils.validators.abaroutevalidator.Test_AbaRouteValidator_11" time="0"/>
  <testcase name="testAbaNumberCheck_24393_good" classname="com.cardatechnologies.utils.validators.abaroutevalidator.Test_AbaRouteValidator_11" time="0"/>
  <testcase name="testAbaNumberCheck_23453_good" classname="com.cardatechnologies.utils.validators.abaroutevalidator.Test_AbaRouteValidator_11" time="0"/>
  <testcase name="testAbaNumberCheck_22513_good" classname="com.cardatechnologies.utils.validators.abaroutevalidator.Test_AbaRouteValidator_11" time="0"/>
  <testcase name="testAbaNumberCheck_24267_good" classname="com.cardatechnologies.utils.validators.abaroutevalidator.Test_AbaRouteValidator_11" time="0"/>
  <testcase name="testAbaNumberCheck_23327_good" classname="com.cardatechnologies.utils.validators.abaroutevalidator.Test_AbaRouteValidator_11" time="0"/>
  <testcase name="testAbaNumberCheck_24925_good" classname="com.cardatechnologies.utils.validators.abaroutevalidator.Test_AbaRouteValidator_11" time="0"/>
  <testcase name="testAbaNumberCheck_23291_good" classname="com.cardatechnologies.utils.validators.abaroutevalidator.Test_AbaRouteValidator_11" time="0"/>
  <testcase name="testAbaNumberCheck_24960_bad" classname="com.cardatechnologies.utils.validators.abaroutevalidator.Test_AbaRouteValidator_11" time="0"/>
  <testcase name="testAbaNumberCheck_23165_good" classname="com.cardatechnologies.utils.validators.abaroutevalidator.Test_AbaRouteValidator_11" time="0"/>
  <testcase name="testAbaNumberCheck_24962_bad" classname="com.cardatechnologies.utils.validators.abaroutevalidator.Test_AbaRouteValidator_11" time="0"/>
  <testcase name="testAbaNumberCheck_24763_good" classname="com.cardatechnologies.utils.validators.abaroutevalidator.Test_AbaRouteValidator_11" time="0"/>
  <testcase name="testAbaNumberCheck_23823_good" classname="com.cardatechnologies.utils.validators.abaroutevalidator.Test_AbaRouteValidator_11" time="0"/>
  <testcase name="testAbaNumberCheck_24964_bad" classname="com.cardatechnologies.utils.validators.abaroutevalidator.Test_AbaRouteValidator_11" time="0"/>
  <testcase name="testAbaNumberCheck_23039_good" classname="com.cardatechnologies.utils.validators.abaroutevalidator.Test_AbaRouteValidator_11" time="0"/>
  <testcase name="testAbaNumberCheck_24966_bad" classname="com.cardatechnologies.utils.validators.abaroutevalidator.Test_AbaRouteValidator_11" time="0"/>
  <testcase name="testAbaNumberCheck_24637_good" classname="com.cardatechnologies.utils.validators.abaroutevalidator.Test_AbaRouteValidator_11" time="0"/>
  <testcase name="testAbaNumberCheck_24968_bad" classname="com.cardatechnologies.utils.validators.abaroutevalidator.Test_AbaRouteValidator_11" time="0"/>
  <testcase name="testAbaNumberCheck_22890_bad" classname="com.cardatechnologies.utils.validators.abaroutevalidator.Test_AbaRouteValidator_11" time="0"/>
  <testcase name="testAbaNumberCheck_22892_bad" classname="com.cardatechnologies.utils.validators.abaroutevalidator.Test_AbaRouteValidator_11" time="0"/>
  <testcase name="testAbaNumberCheck_23661_good" classname="com.cardatechnologies.utils.validators.abaroutevalidator.Test_AbaRouteValidator_11" time="0"/>
  <testcase name="testAbaNumberCheck_22721_good" classname="com.cardatechnologies.utils.validators.abaroutevalidator.Test_AbaRouteValidator_11" time="0"/>
  <testcase name="testAbaNumberCheck_22894_bad" classname="com.cardatechnologies.utils.validators.abaroutevalidator.Test_AbaRouteValidator_11" time="0"/>
  <testcase name="testAbaNumberCheck_22896_bad" classname="com.cardatechnologies.utils.validators.abaroutevalidator.Test_AbaRouteValidator_11" time="0.001"/>
  <testcase name="testAbaNumberCheck_24475_good" classname="com.cardatechnologies.utils.validators.abaroutevalidator.Test_AbaRouteValidator_11" time="0"/>
  <testcase name="testAbaNumberCheck_23535_good" classname="com.cardatechnologies.utils.validators.abaroutevalidator.Test_AbaRouteValidator_11" time="0"/>
  <testcase name="testAbaNumberCheck_22898_bad" classname="com.cardatechnologies.utils.validators.abaroutevalidator.Test_AbaRouteValidator_11" time="0"/>
  <testcase name="testAbaNumberCheck_24349_good" classname="com.cardatechnologies.utils.validators.abaroutevalidator.Test_AbaRouteValidator_11" time="0"/>
  <testcase name="testAbaNumberCheck_23409_good" classname="com.cardatechnologies.utils.validators.abaroutevalidator.Test_AbaRouteValidator_11" time="0"/>
  <testcase name="testAbaNumberCheck_23373_good" classname="com.cardatechnologies.utils.validators.abaroutevalidator.Test_AbaRouteValidator_11" time="0"/>
  <testcase name="testAbaNumberCheck_24971_good" classname="com.cardatechnologies.utils.validators.abaroutevalidator.Test_AbaRouteValidator_11" time="0"/>
  <testcase name="testAbaNumberCheck_24187_good" classname="com.cardatechnologies.utils.validators.abaroutevalidator.Test_AbaRouteValidator_11" time="0"/>
  <testcase name="testAbaNumberCheck_23247_good" classname="com.cardatechnologies.utils.validators.abaroutevalidator.Test_AbaRouteValidator_11" time="0"/>
  <testcase name="testAbaNumberCheck_24845_good" classname="com.cardatechnologies.utils.validators.abaroutevalidator.Test_AbaRouteValidator_11" time="0"/>
  <testcase name="testAbaNumberCheck_23905_good" classname="com.cardatechnologies.utils.validators.abaroutevalidator.Test_AbaRouteValidator_11" time="0"/>
  <testcase name="testAbaNumberCheck_24970_bad" classname="com.cardatechnologies.utils.validators.abaroutevalidator.Test_AbaRouteValidator_11" time="0"/>
  <testcase name="testAbaNumberCheck_24972_bad" classname="com.cardatechnologies.utils.validators.abaroutevalidator.Test_AbaRouteValidator_11" time="0"/>
  <testcase name="testAbaNumberCheck_24719_good" classname="com.cardatechnologies.utils.validators.abaroutevalidator.Test_AbaRouteValidator_11" time="0"/>
  <testcase name="testAbaNumberCheck_24974_bad" classname="com.cardatechnologies.utils.validators.abaroutevalidator.Test_AbaRouteValidator_11" time="0"/>
  <testcase name="testAbaNumberCheck_23085_good" classname="com.cardatechnologies.utils.validators.abaroutevalidator.Test_AbaRouteValidator_11" time="0"/>
  <testcase name="testAbaNumberCheck_24976_bad" classname="com.cardatechnologies.utils.validators.abaroutevalidator.Test_AbaRouteValidator_11" time="0"/>
  <testcase name="testAbaNumberCheck_24683_good" classname="com.cardatechnologies.utils.validators.abaroutevalidator.Test_AbaRouteValidator_11" time="0"/>
  <testcase name="testAbaNumberCheck_23743_good" classname="com.cardatechnologies.utils.validators.abaroutevalidator.Test_AbaRouteValidator_11" time="0"/>
  <testcase name="testAbaNumberCheck_22803_good" classname="com.cardatechnologies.utils.validators.abaroutevalidator.Test_AbaRouteValidator_11" time="0"/>
  <testcase name="testAbaNumberCheck_24978_bad" classname="com.cardatechnologies.utils.validators.abaroutevalidator.Test_AbaRouteValidator_11" time="0"/>
  <testcase name="testAbaNumberCheck_24557_good" classname="com.cardatechnologies.utils.validators.abaroutevalidator.Test_AbaRouteValidator_11" time="0"/>
  <testcase name="testAbaNumberCheck_23617_good" classname="com.cardatechnologies.utils.validators.abaroutevalidator.Test_AbaRouteValidator_11" time="0"/>
  <testcase name="testAbaNumberCheck_23581_good" classname="com.cardatechnologies.utils.validators.abaroutevalidator.Test_AbaRouteValidator_11" time="0"/>
  <testcase name="testAbaNumberCheck_22641_good" classname="com.cardatechnologies.utils.validators.abaroutevalidator.Test_AbaRouteValidator_11" time="0"/>
  <testcase name="testAbaNumberCheck_24395_good" classname="com.cardatechnologies.utils.validators.abaroutevalidator.Test_AbaRouteValidator_11" time="0"/>
  <testcase name="testAbaNumberCheck_23455_good" classname="com.cardatechnologies.utils.validators.abaroutevalidator.Test_AbaRouteValidator_11" time="0"/>
  <testcase name="testAbaNumberCheck_22515_good" classname="com.cardatechnologies.utils.validators.abaroutevalidator.Test_AbaRouteValidator_11" time="0"/>
  <testcase name="testAbaNumberCheck_24269_good" classname="com.cardatechnologies.utils.validators.abaroutevalidator.Test_AbaRouteValidator_11" time="0.001"/>
  <testcase name="testAbaNumberCheck_23329_good" classname="com.cardatechnologies.utils.validators.abaroutevalidator.Test_AbaRouteValidator_11" time="0"/>
  <testcase name="testAbaNumberCheck_24927_good" classname="com.cardatechnologies.utils.validators.abaroutevalidator.Test_AbaRouteValidator_11" time="0"/>
  <testcase name="testAbaNumberCheck_23293_good" classname="com.cardatechnologies.utils.validators.abaroutevalidator.Test_AbaRouteValidator_11" time="0"/>
  <testcase name="testAbaNumberCheck_24891_good" classname="com.cardatechnologies.utils.validators.abaroutevalidator.Test_AbaRouteValidator_11" time="0"/>
  <testcase name="testAbaNumberCheck_23951_good" classname="com.cardatechnologies.utils.validators.abaroutevalidator.Test_AbaRouteValidator_11" time="0"/>
  <testcase name="testAbaNumberCheck_24980_bad" classname="com.cardatechnologies.utils.validators.abaroutevalidator.Test_AbaRouteValidator_11" time="0"/>
  <testcase name="testAbaNumberCheck_23167_good" classname="com.cardatechnologies.utils.validators.abaroutevalidator.Test_AbaRouteValidator_11" time="0"/>
  <testcase name="testAbaNumberCheck_24982_bad" classname="com.cardatechnologies.utils.validators.abaroutevalidator.Test_AbaRouteValidator_11" time="0"/>
  <testcase name="testAbaNumberCheck_24765_good" classname="com.cardatechnologies.utils.validators.abaroutevalidator.Test_AbaRouteValidator_11" time="0"/>
  <testcase name="testAbaNumberCheck_23825_good" classname="com.cardatechnologies.utils.validators.abaroutevalidator.Test_AbaRouteValidator_11" time="0"/>
  <testcase name="testAbaNumberCheck_24984_bad" classname="com.cardatechnologies.utils.validators.abaroutevalidator.Test_AbaRouteValidator_11" time="0"/>
  <testcase name="testAbaNumberCheck_24986_bad" classname="com.cardatechnologies.utils.validators.abaroutevalidator.Test_AbaRouteValidator_11" time="0"/>
  <testcase name="testAbaNumberCheck_24639_good" classname="com.cardatechnologies.utils.validators.abaroutevalidator.Test_AbaRouteValidator_11" time="0"/>
  <testcase name="testAbaNumberCheck_24988_bad" classname="com.cardatechnologies.utils.validators.abaroutevalidator.Test_AbaRouteValidator_11" time="0"/>
  <testcase name="testAbaNumberCheck_23663_good" classname="com.cardatechnologies.utils.validators.abaroutevalidator.Test_AbaRouteValidator_11" time="0"/>
  <testcase name="testAbaNumberCheck_22723_good" classname="com.cardatechnologies.utils.validators.abaroutevalidator.Test_AbaRouteValidator_11" time="0"/>
  <testcase name="testAbaNumberCheck_24477_good" classname="com.cardatechnologies.utils.validators.abaroutevalidator.Test_AbaRouteValidator_11" time="0"/>
  <testcase name="testAbaNumberCheck_23537_good" classname="com.cardatechnologies.utils.validators.abaroutevalidator.Test_AbaRouteValidator_11" time="0"/>
  <testcase name="testAbaNumberCheck_22561_good" classname="com.cardatechnologies.utils.validators.abaroutevalidator.Test_AbaRouteValidator_11" time="0"/>
  <testcase name="testAbaNumberCheck_23375_good" classname="com.cardatechnologies.utils.validators.abaroutevalidator.Test_AbaRouteValidator_11" time="0"/>
  <testcase name="testAbaNumberCheck_24973_good" classname="com.cardatechnologies.utils.validators.abaroutevalidator.Test_AbaRouteValidator_11" time="0"/>
  <testcase name="testAbaNumberCheck_24189_good" classname="com.cardatechnologies.utils.validators.abaroutevalidator.Test_AbaRouteValidator_11" time="0"/>
  <testcase name="testAbaNumberCheck_23249_good" classname="com.cardatechnologies.utils.validators.abaroutevalidator.Test_AbaRouteValidator_11" time="0"/>
  <testcase name="testAbaNumberCheck_24847_good" classname="com.cardatechnologies.utils.validators.abaroutevalidator.Test_AbaRouteValidator_11" time="0"/>
  <testcase name="testAbaNumberCheck_23907_good" classname="com.cardatechnologies.utils.validators.abaroutevalidator.Test_AbaRouteValidator_11" time="0"/>
  <testcase name="testAbaNumberCheck_24990_bad" classname="com.cardatechnologies.utils.validators.abaroutevalidator.Test_AbaRouteValidator_11" time="0"/>
  <testcase name="testAbaNumberCheck_24992_bad" classname="com.cardatechnologies.utils.validators.abaroutevalidator.Test_AbaRouteValidator_11" time="0"/>
  <testcase name="testAbaNumberCheck_23871_good" classname="com.cardatechnologies.utils.validators.abaroutevalidator.Test_AbaRouteValidator_11" time="0.001"/>
  <testcase name="testAbaNumberCheck_22931_good" classname="com.cardatechnologies.utils.validators.abaroutevalidator.Test_AbaRouteValidator_11" time="0"/>
  <testcase name="testAbaNumberCheck_24994_bad" classname="com.cardatechnologies.utils.validators.abaroutevalidator.Test_AbaRouteValidator_11" time="0"/>
  <testcase name="testAbaNumberCheck_23087_good" classname="com.cardatechnologies.utils.validators.abaroutevalidator.Test_AbaRouteValidator_11" time="0"/>
  <testcase name="testAbaNumberCheck_24996_bad" classname="com.cardatechnologies.utils.validators.abaroutevalidator.Test_AbaRouteValidator_11" time="0"/>
  <testcase name="testAbaNumberCheck_24685_good" classname="com.cardatechnologies.utils.validators.abaroutevalidator.Test_AbaRouteValidator_11" time="0"/>
  <testcase name="testAbaNumberCheck_23745_good" classname="com.cardatechnologies.utils.validators.abaroutevalidator.Test_AbaRouteValidator_11" time="0"/>
  <testcase name="testAbaNumberCheck_22805_good" classname="com.cardatechnologies.utils.validators.abaroutevalidator.Test_AbaRouteValidator_11" time="0"/>
  <testcase name="testAbaNumberCheck_24998_bad" classname="com.cardatechnologies.utils.validators.abaroutevalidator.Test_AbaRouteValidator_11" time="0"/>
  <testcase name="testAbaNumberCheck_24559_good" classname="com.cardatechnologies.utils.validators.abaroutevalidator.Test_AbaRouteValidator_11" time="0"/>
  <testcase name="testAbaNumberCheck_23619_good" classname="com.cardatechnologies.utils.validators.abaroutevalidator.Test_AbaRouteValidator_11" time="0"/>
  <testcase name="testAbaNumberCheck_23583_good" classname="com.cardatechnologies.utils.validators.abaroutevalidator.Test_AbaRouteValidator_11" time="0"/>
  <testcase name="testAbaNumberCheck_22643_good" classname="com.cardatechnologies.utils.validators.abaroutevalidator.Test_AbaRouteValidator_11" time="0"/>
  <testcase name="testAbaNumberCheck_24397_good" classname="com.cardatechnologies.utils.validators.abaroutevalidator.Test_AbaRouteValidator_11" time="0"/>
  <testcase name="testAbaNumberCheck_23457_good" classname="com.cardatechnologies.utils.validators.abaroutevalidator.Test_AbaRouteValidator_11" time="0"/>
  <testcase name="testAbaNumberCheck_22517_good" classname="com.cardatechnologies.utils.validators.abaroutevalidator.Test_AbaRouteValidator_11" time="0"/>
  <testcase name="testAbaNumberCheck_22481_good" classname="com.cardatechnologies.utils.validators.abaroutevalidator.Test_AbaRouteValidator_11" time="0"/>
  <testcase name="testAbaNumberCheck_24929_good" classname="com.cardatechnologies.utils.validators.abaroutevalidator.Test_AbaRouteValidator_11" time="0"/>
  <testcase name="testAbaNumberCheck_23295_good" classname="com.cardatechnologies.utils.validators.abaroutevalidator.Test_AbaRouteValidator_11" time="0"/>
  <testcase name="testAbaNumberCheck_24893_good" classname="com.cardatechnologies.utils.validators.abaroutevalidator.Test_AbaRouteValidator_11" time="0"/>
  <testcase name="testAbaNumberCheck_23953_good" classname="com.cardatechnologies.utils.validators.abaroutevalidator.Test_AbaRouteValidator_11" time="0"/>
  <testcase name="testAbaNumberCheck_23169_good" classname="com.cardatechnologies.utils.validators.abaroutevalidator.Test_AbaRouteValidator_11" time="0"/>
  <testcase name="testAbaNumberCheck_24767_good" classname="com.cardatechnologies.utils.validators.abaroutevalidator.Test_AbaRouteValidator_11" time="0"/>
  <testcase name="testAbaNumberCheck_23827_good" classname="com.cardatechnologies.utils.validators.abaroutevalidator.Test_AbaRouteValidator_11" time="0"/>
  <testcase name="testAbaNumberCheck_23791_good" classname="com.cardatechnologies.utils.validators.abaroutevalidator.Test_AbaRouteValidator_11" time="0"/>
  <testcase name="testAbaNumberCheck_22851_good" classname="com.cardatechnologies.utils.validators.abaroutevalidator.Test_AbaRouteValidator_11" time="0"/>
  <testcase name="testAbaNumberCheck_23665_good" classname="com.cardatechnologies.utils.validators.abaroutevalidator.Test_AbaRouteValidator_11" time="0"/>
  <testcase name="testAbaNumberCheck_22725_good" classname="com.cardatechnologies.utils.validators.abaroutevalidator.Test_AbaRouteValidator_11" time="0"/>
  <testcase name="testAbaNumberCheck_24479_good" classname="com.cardatechnologies.utils.validators.abaroutevalidator.Test_AbaRouteValidator_11" time="0"/>
  <testcase name="testAbaNumberCheck_23539_good" classname="com.cardatechnologies.utils.validators.abaroutevalidator.Test_AbaRouteValidator_11" time="0"/>
  <testcase name="testAbaNumberCheck_22563_good" classname="com.cardatechnologies.utils.validators.abaroutevalidator.Test_AbaRouteValidator_11" time="0"/>
  <testcase name="testAbaNumberCheck_23377_good" classname="com.cardatechnologies.utils.validators.abaroutevalidator.Test_AbaRouteValidator_11" time="0"/>
  <testcase name="testAbaNumberCheck_24975_good" classname="com.cardatechnologies.utils.validators.abaroutevalidator.Test_AbaRouteValidator_11" time="0"/>
  <testcase name="testAbaNumberCheck_24849_good" classname="com.cardatechnologies.utils.validators.abaroutevalidator.Test_AbaRouteValidator_11" time="0"/>
  <testcase name="testAbaNumberCheck_23909_good" classname="com.cardatechnologies.utils.validators.abaroutevalidator.Test_AbaRouteValidator_11" time="0"/>
  <testcase name="testAbaNumberCheck_23873_good" classname="com.cardatechnologies.utils.validators.abaroutevalidator.Test_AbaRouteValidator_11" time="0"/>
  <testcase name="testAbaNumberCheck_22933_good" classname="com.cardatechnologies.utils.validators.abaroutevalidator.Test_AbaRouteValidator_11" time="0"/>
  <testcase name="testAbaNumberCheck_23089_good" classname="com.cardatechnologies.utils.validators.abaroutevalidator.Test_AbaRouteValidator_11" time="0"/>
  <testcase name="testAbaNumberCheck_24687_good" classname="com.cardatechnologies.utils.validators.abaroutevalidator.Test_AbaRouteValidator_11" time="0"/>
  <testcase name="testAbaNumberCheck_23747_good" classname="com.cardatechnologies.utils.validators.abaroutevalidator.Test_AbaRouteValidator_11" time="0"/>
  <testcase name="testAbaNumberCheck_22807_good" classname="com.cardatechnologies.utils.validators.abaroutevalidator.Test_AbaRouteValidator_11" time="0"/>
  <testcase name="testAbaNumberCheck_22771_good" classname="com.cardatechnologies.utils.validators.abaroutevalidator.Test_AbaRouteValidator_11" time="0"/>
  <testcase name="testAbaNumberCheck_23585_good" classname="com.cardatechnologies.utils.validators.abaroutevalidator.Test_AbaRouteValidator_11" time="0"/>
  <testcase name="testAbaNumberCheck_22645_good" classname="com.cardatechnologies.utils.validators.abaroutevalidator.Test_AbaRouteValidator_11" time="0"/>
  <testcase name="testAbaNumberCheck_24399_good" classname="com.cardatechnologies.utils.validators.abaroutevalidator.Test_AbaRouteValidator_11" time="0"/>
  <testcase name="testAbaNumberCheck_23459_good" classname="com.cardatechnologies.utils.validators.abaroutevalidator.Test_AbaRouteValidator_11" time="0"/>
  <testcase name="testAbaNumberCheck_22519_good" classname="com.cardatechnologies.utils.validators.abaroutevalidator.Test_AbaRouteValidator_11" time="0"/>
  <testcase name="testAbaNumberCheck_22483_good" classname="com.cardatechnologies.utils.validators.abaroutevalidator.Test_AbaRouteValidator_11" time="0"/>
  <testcase name="testAbaNumberCheck_23297_good" classname="com.cardatechnologies.utils.validators.abaroutevalidator.Test_AbaRouteValidator_11" time="0"/>
  <testcase name="testAbaNumberCheck_24895_good" classname="com.cardatechnologies.utils.validators.abaroutevalidator.Test_AbaRouteValidator_11" time="0"/>
  <testcase name="testAbaNumberCheck_23955_good" classname="com.cardatechnologies.utils.validators.abaroutevalidator.Test_AbaRouteValidator_11" time="0"/>
  <testcase name="testAbaNumberCheck_24769_good" classname="com.cardatechnologies.utils.validators.abaroutevalidator.Test_AbaRouteValidator_11" time="0"/>
  <testcase name="testAbaNumberCheck_23829_good" classname="com.cardatechnologies.utils.validators.abaroutevalidator.Test_AbaRouteValidator_11" time="0"/>
  <testcase name="testAbaNumberCheck_23793_good" classname="com.cardatechnologies.utils.validators.abaroutevalidator.Test_AbaRouteValidator_11" time="0"/>
  <testcase name="testAbaNumberCheck_22853_good" classname="com.cardatechnologies.utils.validators.abaroutevalidator.Test_AbaRouteValidator_11" time="0"/>
  <testcase name="testAbaNumberCheck_23667_good" classname="com.cardatechnologies.utils.validators.abaroutevalidator.Test_AbaRouteValidator_11" time="0"/>
  <testcase name="testAbaNumberCheck_22727_good" classname="com.cardatechnologies.utils.validators.abaroutevalidator.Test_AbaRouteValidator_11" time="0"/>
  <testcase name="testAbaNumberCheck_22691_good" classname="com.cardatechnologies.utils.validators.abaroutevalidator.Test_AbaRouteValidator_11" time="0"/>
  <testcase name="testAbaNumberCheck_22565_good" classname="com.cardatechnologies.utils.validators.abaroutevalidator.Test_AbaRouteValidator_11" time="0"/>
  <testcase name="testAbaNumberCheck_23379_good" classname="com.cardatechnologies.utils.validators.abaroutevalidator.Test_AbaRouteValidator_11" time="0"/>
  <testcase name="testAbaNumberCheck_24977_good" classname="com.cardatechnologies.utils.validators.abaroutevalidator.Test_AbaRouteValidator_11" time="0"/>
  <testcase name="testAbaNumberCheck_23875_good" classname="com.cardatechnologies.utils.validators.abaroutevalidator.Test_AbaRouteValidator_11" time="0.001"/>
  <testcase name="testAbaNumberCheck_22935_good" classname="com.cardatechnologies.utils.validators.abaroutevalidator.Test_AbaRouteValidator_11" time="0"/>
  <testcase name="testAbaNumberCheck_24689_good" classname="com.cardatechnologies.utils.validators.abaroutevalidator.Test_AbaRouteValidator_11" time="0"/>
  <testcase name="testAbaNumberCheck_23749_good" classname="com.cardatechnologies.utils.validators.abaroutevalidator.Test_AbaRouteValidator_11" time="0"/>
  <testcase name="testAbaNumberCheck_22809_good" classname="com.cardatechnologies.utils.validators.abaroutevalidator.Test_AbaRouteValidator_11" time="0"/>
  <testcase name="testAbaNumberCheck_22773_good" classname="com.cardatechnologies.utils.validators.abaroutevalidator.Test_AbaRouteValidator_11" time="0"/>
  <testcase name="testAbaNumberCheck_23587_good" classname="com.cardatechnologies.utils.validators.abaroutevalidator.Test_AbaRouteValidator_11" time="0"/>
  <testcase name="testAbaNumberCheck_22647_good" classname="com.cardatechnologies.utils.validators.abaroutevalidator.Test_AbaRouteValidator_11" time="0"/>
  <testcase name="testAbaNumberCheck_22485_good" classname="com.cardatechnologies.utils.validators.abaroutevalidator.Test_AbaRouteValidator_11" time="0"/>
  <testcase name="testAbaNumberCheck_23299_good" classname="com.cardatechnologies.utils.validators.abaroutevalidator.Test_AbaRouteValidator_11" time="0"/>
  <testcase name="testAbaNumberCheck_24897_good" classname="com.cardatechnologies.utils.validators.abaroutevalidator.Test_AbaRouteValidator_11" time="0"/>
  <testcase name="testAbaNumberCheck_23957_good" classname="com.cardatechnologies.utils.validators.abaroutevalidator.Test_AbaRouteValidator_11" time="0"/>
  <testcase name="testAbaNumberCheck_22981_good" classname="com.cardatechnologies.utils.validators.abaroutevalidator.Test_AbaRouteValidator_11" time="0"/>
  <testcase name="testAbaNumberCheck_23795_good" classname="com.cardatechnologies.utils.validators.abaroutevalidator.Test_AbaRouteValidator_11" time="0"/>
  <testcase name="testAbaNumberCheck_22855_good" classname="com.cardatechnologies.utils.validators.abaroutevalidator.Test_AbaRouteValidator_11" time="0"/>
  <testcase name="testAbaNumberCheck_23669_good" classname="com.cardatechnologies.utils.validators.abaroutevalidator.Test_AbaRouteValidator_11" time="0"/>
  <testcase name="testAbaNumberCheck_22729_good" classname="com.cardatechnologies.utils.validators.abaroutevalidator.Test_AbaRouteValidator_11" time="0"/>
  <testcase name="testAbaNumberCheck_22693_good" classname="com.cardatechnologies.utils.validators.abaroutevalidator.Test_AbaRouteValidator_11" time="0"/>
  <testcase name="testAbaNumberCheck_22567_good" classname="com.cardatechnologies.utils.validators.abaroutevalidator.Test_AbaRouteValidator_11" time="0"/>
  <testcase name="testAbaNumberCheck_24979_good" classname="com.cardatechnologies.utils.validators.abaroutevalidator.Test_AbaRouteValidator_11" time="0"/>
  <testcase name="testAbaNumberCheck_23877_good" classname="com.cardatechnologies.utils.validators.abaroutevalidator.Test_AbaRouteValidator_11" time="0"/>
  <testcase name="testAbaNumberCheck_22937_good" classname="com.cardatechnologies.utils.validators.abaroutevalidator.Test_AbaRouteValidator_11" time="0"/>
  <testcase name="testAbaNumberCheck_22775_good" classname="com.cardatechnologies.utils.validators.abaroutevalidator.Test_AbaRouteValidator_11" time="0"/>
  <testcase name="testAbaNumberCheck_23589_good" classname="com.cardatechnologies.utils.validators.abaroutevalidator.Test_AbaRouteValidator_11" time="0"/>
  <testcase name="testAbaNumberCheck_22649_good" classname="com.cardatechnologies.utils.validators.abaroutevalidator.Test_AbaRouteValidator_11" time="0"/>
  <testcase name="testAbaNumberCheck_22487_good" classname="com.cardatechnologies.utils.validators.abaroutevalidator.Test_AbaRouteValidator_11" time="0"/>
  <testcase name="testAbaNumberCheck_24899_good" classname="com.cardatechnologies.utils.validators.abaroutevalidator.Test_AbaRouteValidator_11" time="0"/>
  <testcase name="testAbaNumberCheck_23959_good" classname="com.cardatechnologies.utils.validators.abaroutevalidator.Test_AbaRouteValidator_11" time="0"/>
  <testcase name="testAbaNumberCheck_22983_good" classname="com.cardatechnologies.utils.validators.abaroutevalidator.Test_AbaRouteValidator_11" time="0"/>
  <testcase name="testAbaNumberCheck_23797_good" classname="com.cardatechnologies.utils.validators.abaroutevalidator.Test_AbaRouteValidator_11" time="0"/>
  <testcase name="testAbaNumberCheck_22857_good" classname="com.cardatechnologies.utils.validators.abaroutevalidator.Test_AbaRouteValidator_11" time="0"/>
  <testcase name="testAbaNumberCheck_22695_good" classname="com.cardatechnologies.utils.validators.abaroutevalidator.Test_AbaRouteValidator_11" time="0"/>
  <testcase name="testAbaNumberCheck_22569_good" classname="com.cardatechnologies.utils.validators.abaroutevalidator.Test_AbaRouteValidator_11" time="0"/>
  <testcase name="testAbaNumberCheck_23879_good" classname="com.cardatechnologies.utils.validators.abaroutevalidator.Test_AbaRouteValidator_11" time="0"/>
  <testcase name="testAbaNumberCheck_22939_good" classname="com.cardatechnologies.utils.validators.abaroutevalidator.Test_AbaRouteValidator_11" time="0"/>
  <testcase name="testAbaNumberCheck_22777_good" classname="com.cardatechnologies.utils.validators.abaroutevalidator.Test_AbaRouteValidator_11" time="0"/>
  <testcase name="testAbaNumberCheck_22489_good" classname="com.cardatechnologies.utils.validators.abaroutevalidator.Test_AbaRouteValidator_11" time="0"/>
  <testcase name="testAbaNumberCheck_22985_good" classname="com.cardatechnologies.utils.validators.abaroutevalidator.Test_AbaRouteValidator_11" time="0"/>
  <testcase name="testAbaNumberCheck_23799_good" classname="com.cardatechnologies.utils.validators.abaroutevalidator.Test_AbaRouteValidator_11" time="0"/>
  <testcase name="testAbaNumberCheck_22859_good" classname="com.cardatechnologies.utils.validators.abaroutevalidator.Test_AbaRouteValidator_11" time="0"/>
  <testcase name="testAbaNumberCheck_22697_good" classname="com.cardatechnologies.utils.validators.abaroutevalidator.Test_AbaRouteValidator_11" time="0"/>
  <testcase name="testAbaNumberCheck_22779_good" classname="com.cardatechnologies.utils.validators.abaroutevalidator.Test_AbaRouteValidator_11" time="0"/>
  <testcase name="testAbaNumberCheck_22987_good" classname="com.cardatechnologies.utils.validators.abaroutevalidator.Test_AbaRouteValidator_11" time="0"/>
  <testcase name="testAbaNumberCheck_22699_good" classname="com.cardatechnologies.utils.validators.abaroutevalidator.Test_AbaRouteValidator_11" time="0"/>
  <testcase name="testAbaNumberCheck_24000_bad" classname="com.cardatechnologies.utils.validators.abaroutevalidator.Test_AbaRouteValidator_11" time="0"/>
  <testcase name="testAbaNumberCheck_24002_bad" classname="com.cardatechnologies.utils.validators.abaroutevalidator.Test_AbaRouteValidator_11" time="0"/>
  <testcase name="testAbaNumberCheck_24004_bad" classname="com.cardatechnologies.utils.validators.abaroutevalidator.Test_AbaRouteValidator_11" time="0"/>
  <testcase name="testAbaNumberCheck_24006_bad" classname="com.cardatechnologies.utils.validators.abaroutevalidator.Test_AbaRouteValidator_11" time="0"/>
  <testcase name="testAbaNumberCheck_24008_bad" classname="com.cardatechnologies.utils.validators.abaroutevalidator.Test_AbaRouteValidator_11" time="0"/>
  <testcase name="testAbaNumberCheck_24010_bad" classname="com.cardatechnologies.utils.validators.abaroutevalidator.Test_AbaRouteValidator_11" time="0"/>
  <testcase name="testAbaNumberCheck_22989_good" classname="com.cardatechnologies.utils.validators.abaroutevalidator.Test_AbaRouteValidator_11" time="0"/>
  <testcase name="testAbaNumberCheck_24012_bad" classname="com.cardatechnologies.utils.validators.abaroutevalidator.Test_AbaRouteValidator_11" time="0"/>
  <testcase name="testAbaNumberCheck_23200_bad" classname="com.cardatechnologies.utils.validators.abaroutevalidator.Test_AbaRouteValidator_11" time="0"/>
  <testcase name="testAbaNumberCheck_24014_bad" classname="com.cardatechnologies.utils.validators.abaroutevalidator.Test_AbaRouteValidator_11" time="0"/>
  <testcase name="testAbaNumberCheck_23202_bad" classname="com.cardatechnologies.utils.validators.abaroutevalidator.Test_AbaRouteValidator_11" time="0"/>
  <testcase name="testAbaNumberCheck_24016_bad" classname="com.cardatechnologies.utils.validators.abaroutevalidator.Test_AbaRouteValidator_11" time="0"/>
  <testcase name="testAbaNumberCheck_23204_bad" classname="com.cardatechnologies.utils.validators.abaroutevalidator.Test_AbaRouteValidator_11" time="0"/>
  <testcase name="testAbaNumberCheck_24018_bad" classname="com.cardatechnologies.utils.validators.abaroutevalidator.Test_AbaRouteValidator_11" time="0"/>
  <testcase name="testAbaNumberCheck_23206_bad" classname="com.cardatechnologies.utils.validators.abaroutevalidator.Test_AbaRouteValidator_11" time="0.001"/>
  <testcase name="testAbaNumberCheck_23208_bad" classname="com.cardatechnologies.utils.validators.abaroutevalidator.Test_AbaRouteValidator_11" time="0"/>
  <testcase name="testAbaNumberCheck_24011_good" classname="com.cardatechnologies.utils.validators.abaroutevalidator.Test_AbaRouteValidator_11" time="0"/>
  <testcase name="testAbaNumberCheck_24020_bad" classname="com.cardatechnologies.utils.validators.abaroutevalidator.Test_AbaRouteValidator_11" time="0"/>
  <testcase name="testAbaNumberCheck_24022_bad" classname="com.cardatechnologies.utils.validators.abaroutevalidator.Test_AbaRouteValidator_11" time="0"/>
  <testcase name="testAbaNumberCheck_23210_bad" classname="com.cardatechnologies.utils.validators.abaroutevalidator.Test_AbaRouteValidator_11" time="0"/>
  <testcase name="testAbaNumberCheck_24024_bad" classname="com.cardatechnologies.utils.validators.abaroutevalidator.Test_AbaRouteValidator_11" time="0"/>
  <testcase name="testAbaNumberCheck_23212_bad" classname="com.cardatechnologies.utils.validators.abaroutevalidator.Test_AbaRouteValidator_11" time="0"/>
  <testcase name="testAbaNumberCheck_24026_bad" classname="com.cardatechnologies.utils.validators.abaroutevalidator.Test_AbaRouteValidator_11" time="0"/>
  <testcase name="testAbaNumberCheck_23214_bad" classname="com.cardatechnologies.utils.validators.abaroutevalidator.Test_AbaRouteValidator_11" time="0"/>
  <testcase name="testAbaNumberCheck_24028_bad" classname="com.cardatechnologies.utils.validators.abaroutevalidator.Test_AbaRouteValidator_11" time="0"/>
  <testcase name="testAbaNumberCheck_23216_bad" classname="com.cardatechnologies.utils.validators.abaroutevalidator.Test_AbaRouteValidator_11" time="0"/>
  <testcase name="testAbaNumberCheck_23218_bad" classname="com.cardatechnologies.utils.validators.abaroutevalidator.Test_AbaRouteValidator_11" time="0"/>
  <testcase name="testAbaNumberCheck_24030_bad" classname="com.cardatechnologies.utils.validators.abaroutevalidator.Test_AbaRouteValidator_11" time="0"/>
  <testcase name="testAbaNumberCheck_24032_bad" classname="com.cardatechnologies.utils.validators.abaroutevalidator.Test_AbaRouteValidator_11" time="0"/>
  <testcase name="testAbaNumberCheck_23220_bad" classname="com.cardatechnologies.utils.validators.abaroutevalidator.Test_AbaRouteValidator_11" time="0"/>
  <testcase name="testAbaNumberCheck_24034_bad" classname="com.cardatechnologies.utils.validators.abaroutevalidator.Test_AbaRouteValidator_11" time="0"/>
  <testcase name="testAbaNumberCheck_23222_bad" classname="com.cardatechnologies.utils.validators.abaroutevalidator.Test_AbaRouteValidator_11" time="0"/>
  <testcase name="testAbaNumberCheck_24036_bad" classname="com.cardatechnologies.utils.validators.abaroutevalidator.Test_AbaRouteValidator_11" time="0"/>
  <testcase name="testAbaNumberCheck_23224_bad" classname="com.cardatechnologies.utils.validators.abaroutevalidator.Test_AbaRouteValidator_11" time="0"/>
  <testcase name="testAbaNumberCheck_24038_bad" classname="com.cardatechnologies.utils.validators.abaroutevalidator.Test_AbaRouteValidator_11" time="0"/>
  <testcase name="testAbaNumberCheck_23226_bad" classname="com.cardatechnologies.utils.validators.abaroutevalidator.Test_AbaRouteValidator_11" time="0"/>
  <testcase name="testAbaNumberCheck_23228_bad" classname="com.cardatechnologies.utils.validators.abaroutevalidator.Test_AbaRouteValidator_11" time="0"/>
  <testcase name="testAbaNumberCheck_24301_good" classname="com.cardatechnologies.utils.validators.abaroutevalidator.Test_AbaRouteValidator_11" time="0"/>
  <testcase name="testAbaNumberCheck_24013_good" classname="com.cardatechnologies.utils.validators.abaroutevalidator.Test_AbaRouteValidator_11" time="0"/>
  <testcase name="testAbaNumberCheck_24040_bad" classname="com.cardatechnologies.utils.validators.abaroutevalidator.Test_AbaRouteValidator_11" time="0"/>
  <testcase name="testAbaNumberCheck_24042_bad" classname="com.cardatechnologies.utils.validators.abaroutevalidator.Test_AbaRouteValidator_11" time="0"/>
  <testcase name="testAbaNumberCheck_23230_bad" classname="com.cardatechnologies.utils.validators.abaroutevalidator.Test_AbaRouteValidator_11" time="0"/>
  <testcase name="testAbaNumberCheck_24044_bad" classname="com.cardatechnologies.utils.validators.abaroutevalidator.Test_AbaRouteValidator_11" time="0"/>
  <testcase name="testAbaNumberCheck_23232_bad" classname="com.cardatechnologies.utils.validators.abaroutevalidator.Test_AbaRouteValidator_11" time="0"/>
  <testcase name="testAbaNumberCheck_24046_bad" classname="com.cardatechnologies.utils.validators.abaroutevalidator.Test_AbaRouteValidator_11" time="0"/>
  <testcase name="testAbaNumberCheck_23234_bad" classname="com.cardatechnologies.utils.validators.abaroutevalidator.Test_AbaRouteValidator_11" time="0"/>
  <testcase name="testAbaNumberCheck_24048_bad" classname="com.cardatechnologies.utils.validators.abaroutevalidator.Test_AbaRouteValidator_11" time="0"/>
  <testcase name="testAbaNumberCheck_23236_bad" classname="com.cardatechnologies.utils.validators.abaroutevalidator.Test_AbaRouteValidator_11" time="0"/>
  <testcase name="testAbaNumberCheck_23238_bad" classname="com.cardatechnologies.utils.validators.abaroutevalidator.Test_AbaRouteValidator_11" time="0"/>
  <testcase name="testAbaNumberCheck_24221_good" classname="com.cardatechnologies.utils.validators.abaroutevalidator.Test_AbaRouteValidator_11" time="0"/>
  <testcase name="testAbaNumberCheck_24500_bad" classname="com.cardatechnologies.utils.validators.abaroutevalidator.Test_AbaRouteValidator_11" time="0"/>
  <testcase name="testAbaNumberCheck_24050_bad" classname="com.cardatechnologies.utils.validators.abaroutevalidator.Test_AbaRouteValidator_11" time="0"/>
  <testcase name="testAbaNumberCheck_24502_bad" classname="com.cardatechnologies.utils.validators.abaroutevalidator.Test_AbaRouteValidator_11" time="0"/>
  <testcase name="testAbaNumberCheck_24052_bad" classname="com.cardatechnologies.utils.validators.abaroutevalidator.Test_AbaRouteValidator_11" time="0"/>
  <testcase name="testAbaNumberCheck_24504_bad" classname="com.cardatechnologies.utils.validators.abaroutevalidator.Test_AbaRouteValidator_11" time="0"/>
  <testcase name="testAbaNumberCheck_23240_bad" classname="com.cardatechnologies.utils.validators.abaroutevalidator.Test_AbaRouteValidator_11" time="0"/>
  <testcase name="testAbaNumberCheck_24054_bad" classname="com.cardatechnologies.utils.validators.abaroutevalidator.Test_AbaRouteValidator_11" time="0"/>
  <testcase name="testAbaNumberCheck_24506_bad" classname="com.cardatechnologies.utils.validators.abaroutevalidator.Test_AbaRouteValidator_11" time="0"/>
  <testcase name="testAbaNumberCheck_23242_bad" classname="com.cardatechnologies.utils.validators.abaroutevalidator.Test_AbaRouteValidator_11" time="0"/>
  <testcase name="testAbaNumberCheck_24056_bad" classname="com.cardatechnologies.utils.validators.abaroutevalidator.Test_AbaRouteValidator_11" time="0"/>
  <testcase name="testAbaNumberCheck_24508_bad" classname="com.cardatechnologies.utils.validators.abaroutevalidator.Test_AbaRouteValidator_11" time="0"/>
  <testcase name="testAbaNumberCheck_23244_bad" classname="com.cardatechnologies.utils.validators.abaroutevalidator.Test_AbaRouteValidator_11" time="0"/>
  <testcase name="testAbaNumberCheck_24058_bad" classname="com.cardatechnologies.utils.validators.abaroutevalidator.Test_AbaRouteValidator_11" time="0"/>
  <testcase name="testAbaNumberCheck_23246_bad" classname="com.cardatechnologies.utils.validators.abaroutevalidator.Test_AbaRouteValidator_11" time="0"/>
  <testcase name="testAbaNumberCheck_23248_bad" classname="com.cardatechnologies.utils.validators.abaroutevalidator.Test_AbaRouteValidator_11" time="0"/>
  <testcase name="testAbaNumberCheck_24303_good" classname="com.cardatechnologies.utils.validators.abaroutevalidator.Test_AbaRouteValidator_11" time="0"/>
  <testcase name="testAbaNumberCheck_24141_good" classname="com.cardatechnologies.utils.validators.abaroutevalidator.Test_AbaRouteValidator_11" time="0"/>
  <testcase name="testAbaNumberCheck_23201_good" classname="com.cardatechnologies.utils.validators.abaroutevalidator.Test_AbaRouteValidator_11" time="0"/>
  <testcase name="testAbaNumberCheck_24510_bad" classname="com.cardatechnologies.utils.validators.abaroutevalidator.Test_AbaRouteValidator_11" time="0"/>
  <testcase name="testAbaNumberCheck_24015_good" classname="com.cardatechnologies.utils.validators.abaroutevalidator.Test_AbaRouteValidator_11" time="0"/>
  <testcase name="testAbaNumberCheck_24060_bad" classname="com.cardatechnologies.utils.validators.abaroutevalidator.Test_AbaRouteValidator_11" time="0"/>
  <testcase name="testAbaNumberCheck_24512_bad" classname="com.cardatechnologies.utils.validators.abaroutevalidator.Test_AbaRouteValidator_11" time="0"/>
  <testcase name="testAbaNumberCheck_24062_bad" classname="com.cardatechnologies.utils.validators.abaroutevalidator.Test_AbaRouteValidator_11" time="0"/>
  <testcase name="testAbaNumberCheck_23700_bad" classname="com.cardatechnologies.utils.validators.abaroutevalidator.Test_AbaRouteValidator_11" time="0"/>
  <testcase name="testAbaNumberCheck_24514_bad" classname="com.cardatechnologies.utils.validators.abaroutevalidator.Test_AbaRouteValidator_11" time="0"/>
  <testcase name="testAbaNumberCheck_23250_bad" classname="com.cardatechnologies.utils.validators.abaroutevalidator.Test_AbaRouteValidator_11" time="0"/>
  <testcase name="testAbaNumberCheck_24064_bad" classname="com.cardatechnologies.utils.validators.abaroutevalidator.Test_AbaRouteValidator_11" time="0"/>
  <testcase name="testAbaNumberCheck_23702_bad" classname="com.cardatechnologies.utils.validators.abaroutevalidator.Test_AbaRouteValidator_11" time="0"/>
  <testcase name="testAbaNumberCheck_24516_bad" classname="com.cardatechnologies.utils.validators.abaroutevalidator.Test_AbaRouteValidator_11" time="0"/>
  <testcase name="testAbaNumberCheck_23252_bad" classname="com.cardatechnologies.utils.validators.abaroutevalidator.Test_AbaRouteValidator_11" time="0"/>
  <testcase name="testAbaNumberCheck_24066_bad" classname="com.cardatechnologies.utils.validators.abaroutevalidator.Test_AbaRouteValidator_11" time="0"/>
  <testcase name="testAbaNumberCheck_23704_bad" classname="com.cardatechnologies.utils.validators.abaroutevalidator.Test_AbaRouteValidator_11" time="0"/>
  <testcase name="testAbaNumberCheck_24518_bad" classname="com.cardatechnologies.utils.validators.abaroutevalidator.Test_AbaRouteValidator_11" time="0"/>
  <testcase name="testAbaNumberCheck_23254_bad" classname="com.cardatechnologies.utils.validators.abaroutevalidator.Test_AbaRouteValidator_11" time="0"/>
  <testcase name="testAbaNumberCheck_24068_bad" classname="com.cardatechnologies.utils.validators.abaroutevalidator.Test_AbaRouteValidator_11" time="0"/>
  <testcase name="testAbaNumberCheck_23706_bad" classname="com.cardatechnologies.utils.validators.abaroutevalidator.Test_AbaRouteValidator_11" time="0"/>
  <testcase name="testAbaNumberCheck_23256_bad" classname="com.cardatechnologies.utils.validators.abaroutevalidator.Test_AbaRouteValidator_11" time="0"/>
  <testcase name="testAbaNumberCheck_24511_good" classname="com.cardatechnologies.utils.validators.abaroutevalidator.Test_AbaRouteValidator_11" time="0"/>
  <testcase name="testAbaNumberCheck_23708_bad" classname="com.cardatechnologies.utils.validators.abaroutevalidator.Test_AbaRouteValidator_11" time="0"/>
  <testcase name="testAbaNumberCheck_23258_bad" classname="com.cardatechnologies.utils.validators.abaroutevalidator.Test_AbaRouteValidator_11" time="0.001"/>
  <testcase name="testAbaNumberCheck_24223_good" classname="com.cardatechnologies.utils.validators.abaroutevalidator.Test_AbaRouteValidator_11" time="0"/>
  <testcase name="testAbaNumberCheck_24061_good" classname="com.cardatechnologies.utils.validators.abaroutevalidator.Test_AbaRouteValidator_11" time="0"/>
  <testcase name="testAbaNumberCheck_24520_bad" classname="com.cardatechnologies.utils.validators.abaroutevalidator.Test_AbaRouteValidator_11" time="0"/>
  <testcase name="testAbaNumberCheck_23121_good" classname="com.cardatechnologies.utils.validators.abaroutevalidator.Test_AbaRouteValidator_11" time="0"/>
  <testcase name="testAbaNumberCheck_24070_bad" classname="com.cardatechnologies.utils.validators.abaroutevalidator.Test_AbaRouteValidator_11" time="0"/>
  <testcase name="testAbaNumberCheck_24522_bad" classname="com.cardatechnologies.utils.validators.abaroutevalidator.Test_AbaRouteValidator_11" time="0"/>
  <testcase name="testAbaNumberCheck_24072_bad" classname="com.cardatechnologies.utils.validators.abaroutevalidator.Test_AbaRouteValidator_11" time="0"/>
  <testcase name="testAbaNumberCheck_23710_bad" classname="com.cardatechnologies.utils.validators.abaroutevalidator.Test_AbaRouteValidator_11" time="0"/>
  <testcase name="testAbaNumberCheck_24524_bad" classname="com.cardatechnologies.utils.validators.abaroutevalidator.Test_AbaRouteValidator_11" time="0"/>
  <testcase name="testAbaNumberCheck_23260_bad" classname="com.cardatechnologies.utils.validators.abaroutevalidator.Test_AbaRouteValidator_11" time="0"/>
  <testcase name="testAbaNumberCheck_24074_bad" classname="com.cardatechnologies.utils.validators.abaroutevalidator.Test_AbaRouteValidator_11" time="0"/>
  <testcase name="testAbaNumberCheck_23712_bad" classname="com.cardatechnologies.utils.validators.abaroutevalidator.Test_AbaRouteValidator_11" time="0"/>
  <testcase name="testAbaNumberCheck_24526_bad" classname="com.cardatechnologies.utils.validators.abaroutevalidator.Test_AbaRouteValidator_11" time="0"/>
  <testcase name="testAbaNumberCheck_23262_bad" classname="com.cardatechnologies.utils.validators.abaroutevalidator.Test_AbaRouteValidator_11" time="0"/>
  <testcase name="testAbaNumberCheck_24076_bad" classname="com.cardatechnologies.utils.validators.abaroutevalidator.Test_AbaRouteValidator_11" time="0"/>
  <testcase name="testAbaNumberCheck_22900_bad" classname="com.cardatechnologies.utils.validators.abaroutevalidator.Test_AbaRouteValidator_11" time="0"/>
  <testcase name="testAbaNumberCheck_23714_bad" classname="com.cardatechnologies.utils.validators.abaroutevalidator.Test_AbaRouteValidator_11" time="0"/>
  <testcase name="testAbaNumberCheck_24528_bad" classname="com.cardatechnologies.utils.validators.abaroutevalidator.Test_AbaRouteValidator_11" time="0"/>
  <testcase name="testAbaNumberCheck_22450_bad" classname="com.cardatechnologies.utils.validators.abaroutevalidator.Test_AbaRouteValidator_11" time="0"/>
  <testcase name="testAbaNumberCheck_23264_bad" classname="com.cardatechnologies.utils.validators.abaroutevalidator.Test_AbaRouteValidator_11" time="0"/>
  <testcase name="testAbaNumberCheck_24078_bad" classname="com.cardatechnologies.utils.validators.abaroutevalidator.Test_AbaRouteValidator_11" time="0"/>
  <testcase name="testAbaNumberCheck_22902_bad" classname="com.cardatechnologies.utils.validators.abaroutevalidator.Test_AbaRouteValidator_11" time="0"/>
  <testcase name="testAbaNumberCheck_23716_bad" classname="com.cardatechnologies.utils.validators.abaroutevalidator.Test_AbaRouteValidator_11" time="0"/>
  <testcase name="testAbaNumberCheck_22452_bad" classname="com.cardatechnologies.utils.validators.abaroutevalidator.Test_AbaRouteValidator_11" time="0"/>
  <testcase name="testAbaNumberCheck_23266_bad" classname="com.cardatechnologies.utils.validators.abaroutevalidator.Test_AbaRouteValidator_11" time="0"/>
  <testcase name="testAbaNumberCheck_22904_bad" classname="com.cardatechnologies.utils.validators.abaroutevalidator.Test_AbaRouteValidator_11" time="0"/>
  <testcase name="testAbaNumberCheck_23718_bad" classname="com.cardatechnologies.utils.validators.abaroutevalidator.Test_AbaRouteValidator_11" time="0"/>
  <testcase name="testAbaNumberCheck_22454_bad" classname="com.cardatechnologies.utils.validators.abaroutevalidator.Test_AbaRouteValidator_11" time="0"/>
  <testcase name="testAbaNumberCheck_23268_bad" classname="com.cardatechnologies.utils.validators.abaroutevalidator.Test_AbaRouteValidator_11" time="0"/>
  <testcase name="testAbaNumberCheck_22906_bad" classname="com.cardatechnologies.utils.validators.abaroutevalidator.Test_AbaRouteValidator_11" time="0"/>
  <testcase name="testAbaNumberCheck_22456_bad" classname="com.cardatechnologies.utils.validators.abaroutevalidator.Test_AbaRouteValidator_11" time="0"/>
  <testcase name="testAbaNumberCheck_24431_good" classname="com.cardatechnologies.utils.validators.abaroutevalidator.Test_AbaRouteValidator_11" time="0"/>
  <testcase name="testAbaNumberCheck_22908_bad" classname="com.cardatechnologies.utils.validators.abaroutevalidator.Test_AbaRouteValidator_11" time="0"/>
  <testcase name="testAbaNumberCheck_22458_bad" classname="com.cardatechnologies.utils.validators.abaroutevalidator.Test_AbaRouteValidator_11" time="0"/>
  <testcase name="testAbaNumberCheck_24305_good" classname="com.cardatechnologies.utils.validators.abaroutevalidator.Test_AbaRouteValidator_11" time="0"/>
  <testcase name="testAbaNumberCheck_24143_good" classname="com.cardatechnologies.utils.validators.abaroutevalidator.Test_AbaRouteValidator_11" time="0"/>
  <testcase name="testAbaNumberCheck_23203_good" classname="com.cardatechnologies.utils.validators.abaroutevalidator.Test_AbaRouteValidator_11" time="0"/>
  <testcase name="testAbaNumberCheck_24801_good" classname="com.cardatechnologies.utils.validators.abaroutevalidator.Test_AbaRouteValidator_11" time="0"/>
  <testcase name="testAbaNumberCheck_24530_bad" classname="com.cardatechnologies.utils.validators.abaroutevalidator.Test_AbaRouteValidator_11" time="0"/>
  <testcase name="testAbaNumberCheck_24017_good" classname="com.cardatechnologies.utils.validators.abaroutevalidator.Test_AbaRouteValidator_11" time="0"/>
  <testcase name="testAbaNumberCheck_24080_bad" classname="com.cardatechnologies.utils.validators.abaroutevalidator.Test_AbaRouteValidator_11" time="0"/>
  <testcase name="testAbaNumberCheck_24532_bad" classname="com.cardatechnologies.utils.validators.abaroutevalidator.Test_AbaRouteValidator_11" time="0"/>
  <testcase name="testAbaNumberCheck_24082_bad" classname="com.cardatechnologies.utils.validators.abaroutevalidator.Test_AbaRouteValidator_11" time="0.001"/>
  <testcase name="testAbaNumberCheck_23720_bad" classname="com.cardatechnologies.utils.validators.abaroutevalidator.Test_AbaRouteValidator_11" time="0"/>
  <testcase name="testAbaNumberCheck_24534_bad" classname="com.cardatechnologies.utils.validators.abaroutevalidator.Test_AbaRouteValidator_11" time="0"/>
  <testcase name="testAbaNumberCheck_23041_good" classname="com.cardatechnologies.utils.validators.abaroutevalidator.Test_AbaRouteValidator_11" time="0"/>
  <testcase name="testAbaNumberCheck_23270_bad" classname="com.cardatechnologies.utils.validators.abaroutevalidator.Test_AbaRouteValidator_11" time="0"/>
  <testcase name="testAbaNumberCheck_24084_bad" classname="com.cardatechnologies.utils.validators.abaroutevalidator.Test_AbaRouteValidator_11" time="0"/>
  <testcase name="testAbaNumberCheck_23722_bad" classname="com.cardatechnologies.utils.validators.abaroutevalidator.Test_AbaRouteValidator_11" time="0"/>
  <testcase name="testAbaNumberCheck_24536_bad" classname="com.cardatechnologies.utils.validators.abaroutevalidator.Test_AbaRouteValidator_11" time="0"/>
  <testcase name="testAbaNumberCheck_23272_bad" classname="com.cardatechnologies.utils.validators.abaroutevalidator.Test_AbaRouteValidator_11" time="0"/>
  <testcase name="testAbaNumberCheck_24086_bad" classname="com.cardatechnologies.utils.validators.abaroutevalidator.Test_AbaRouteValidator_11" time="0"/>
  <testcase name="testAbaNumberCheck_22910_bad" classname="com.cardatechnologies.utils.validators.abaroutevalidator.Test_AbaRouteValidator_11" time="0"/>
  <testcase name="testAbaNumberCheck_23724_bad" classname="com.cardatechnologies.utils.validators.abaroutevalidator.Test_AbaRouteValidator_11" time="0"/>
  <testcase name="testAbaNumberCheck_24538_bad" classname="com.cardatechnologies.utils.validators.abaroutevalidator.Test_AbaRouteValidator_11" time="0"/>
  <testcase name="testAbaNumberCheck_22460_bad" classname="com.cardatechnologies.utils.validators.abaroutevalidator.Test_AbaRouteValidator_11" time="0"/>
  <testcase name="testAbaNumberCheck_23274_bad" classname="com.cardatechnologies.utils.validators.abaroutevalidator.Test_AbaRouteValidator_11" time="0"/>
  <testcase name="testAbaNumberCheck_24088_bad" classname="com.cardatechnologies.utils.validators.abaroutevalidator.Test_AbaRouteValidator_11" time="0"/>
  <testcase name="testAbaNumberCheck_22912_bad" classname="com.cardatechnologies.utils.validators.abaroutevalidator.Test_AbaRouteValidator_11" time="0"/>
  <testcase name="testAbaNumberCheck_23726_bad" classname="com.cardatechnologies.utils.validators.abaroutevalidator.Test_AbaRouteValidator_11" time="0"/>
  <testcase name="testAbaNumberCheck_22462_bad" classname="com.cardatechnologies.utils.validators.abaroutevalidator.Test_AbaRouteValidator_11" time="0"/>
  <testcase name="testAbaNumberCheck_23276_bad" classname="com.cardatechnologies.utils.validators.abaroutevalidator.Test_AbaRouteValidator_11" time="0"/>
  <testcase name="testAbaNumberCheck_24513_good" classname="com.cardatechnologies.utils.validators.abaroutevalidator.Test_AbaRouteValidator_11" time="0"/>
  <testcase name="testAbaNumberCheck_22914_bad" classname="com.cardatechnologies.utils.validators.abaroutevalidator.Test_AbaRouteValidator_11" time="0"/>
  <testcase name="testAbaNumberCheck_23728_bad" classname="com.cardatechnologies.utils.validators.abaroutevalidator.Test_AbaRouteValidator_11" time="0"/>
  <testcase name="testAbaNumberCheck_22464_bad" classname="com.cardatechnologies.utils.validators.abaroutevalidator.Test_AbaRouteValidator_11" time="0"/>
  <testcase name="testAbaNumberCheck_23278_bad" classname="com.cardatechnologies.utils.validators.abaroutevalidator.Test_AbaRouteValidator_11" time="0"/>
  <testcase name="testAbaNumberCheck_22916_bad" classname="com.cardatechnologies.utils.validators.abaroutevalidator.Test_AbaRouteValidator_11" time="0"/>
  <testcase name="testAbaNumberCheck_22466_bad" classname="com.cardatechnologies.utils.validators.abaroutevalidator.Test_AbaRouteValidator_11" time="0"/>
  <testcase name="testAbaNumberCheck_22918_bad" classname="com.cardatechnologies.utils.validators.abaroutevalidator.Test_AbaRouteValidator_11" time="0"/>
  <testcase name="testAbaNumberCheck_22468_bad" classname="com.cardatechnologies.utils.validators.abaroutevalidator.Test_AbaRouteValidator_11" time="0"/>
  <testcase name="testAbaNumberCheck_24351_good" classname="com.cardatechnologies.utils.validators.abaroutevalidator.Test_AbaRouteValidator_11" time="0"/>
  <testcase name="testAbaNumberCheck_23411_good" classname="com.cardatechnologies.utils.validators.abaroutevalidator.Test_AbaRouteValidator_11" time="0"/>
  <testcase name="testAbaNumberCheck_24225_good" classname="com.cardatechnologies.utils.validators.abaroutevalidator.Test_AbaRouteValidator_11" time="0"/>
  <testcase name="testAbaNumberCheck_24063_good" classname="com.cardatechnologies.utils.validators.abaroutevalidator.Test_AbaRouteValidator_11" time="0"/>
  <testcase name="testAbaNumberCheck_24540_bad" classname="com.cardatechnologies.utils.validators.abaroutevalidator.Test_AbaRouteValidator_11" time="0"/>
  <testcase name="testAbaNumberCheck_23123_good" classname="com.cardatechnologies.utils.validators.abaroutevalidator.Test_AbaRouteValidator_11" time="0"/>
  <testcase name="testAbaNumberCheck_24090_bad" classname="com.cardatechnologies.utils.validators.abaroutevalidator.Test_AbaRouteValidator_11" time="0"/>
  <testcase name="testAbaNumberCheck_24542_bad" classname="com.cardatechnologies.utils.validators.abaroutevalidator.Test_AbaRouteValidator_11" time="0"/>
  <testcase name="testAbaNumberCheck_24721_good" classname="com.cardatechnologies.utils.validators.abaroutevalidator.Test_AbaRouteValidator_11" time="0"/>
  <testcase name="testAbaNumberCheck_24092_bad" classname="com.cardatechnologies.utils.validators.abaroutevalidator.Test_AbaRouteValidator_11" time="0"/>
  <testcase name="testAbaNumberCheck_23730_bad" classname="com.cardatechnologies.utils.validators.abaroutevalidator.Test_AbaRouteValidator_11" time="0"/>
  <testcase name="testAbaNumberCheck_24544_bad" classname="com.cardatechnologies.utils.validators.abaroutevalidator.Test_AbaRouteValidator_11" time="0"/>
  <testcase name="testAbaNumberCheck_23280_bad" classname="com.cardatechnologies.utils.validators.abaroutevalidator.Test_AbaRouteValidator_11" time="0"/>
  <testcase name="testAbaNumberCheck_24094_bad" classname="com.cardatechnologies.utils.validators.abaroutevalidator.Test_AbaRouteValidator_11" time="0"/>
  <testcase name="testAbaNumberCheck_23732_bad" classname="com.cardatechnologies.utils.validators.abaroutevalidator.Test_AbaRouteValidator_11" time="0"/>
  <testcase name="testAbaNumberCheck_24546_bad" classname="com.cardatechnologies.utils.validators.abaroutevalidator.Test_AbaRouteValidator_11" time="0"/>
  <testcase name="testAbaNumberCheck_23282_bad" classname="com.cardatechnologies.utils.validators.abaroutevalidator.Test_AbaRouteValidator_11" time="0"/>
  <testcase name="testAbaNumberCheck_24096_bad" classname="com.cardatechnologies.utils.validators.abaroutevalidator.Test_AbaRouteValidator_11" time="0"/>
  <testcase name="testAbaNumberCheck_22920_bad" classname="com.cardatechnologies.utils.validators.abaroutevalidator.Test_AbaRouteValidator_11" time="0"/>
  <testcase name="testAbaNumberCheck_23734_bad" classname="com.cardatechnologies.utils.validators.abaroutevalidator.Test_AbaRouteValidator_11" time="0"/>
  <testcase name="testAbaNumberCheck_24548_bad" classname="com.cardatechnologies.utils.validators.abaroutevalidator.Test_AbaRouteValidator_11" time="0"/>
  <testcase name="testAbaNumberCheck_22470_bad" classname="com.cardatechnologies.utils.validators.abaroutevalidator.Test_AbaRouteValidator_11" time="0"/>
  <testcase name="testAbaNumberCheck_23284_bad" classname="com.cardatechnologies.utils.validators.abaroutevalidator.Test_AbaRouteValidator_11" time="0"/>
  <testcase name="testAbaNumberCheck_24098_bad" classname="com.cardatechnologies.utils.validators.abaroutevalidator.Test_AbaRouteValidator_11" time="0"/>
  <testcase name="testAbaNumberCheck_22922_bad" classname="com.cardatechnologies.utils.validators.abaroutevalidator.Test_AbaRouteValidator_11" time="0"/>
  <testcase name="testAbaNumberCheck_23736_bad" classname="com.cardatechnologies.utils.validators.abaroutevalidator.Test_AbaRouteValidator_11" time="0"/>
  <testcase name="testAbaNumberCheck_22472_bad" classname="com.cardatechnologies.utils.validators.abaroutevalidator.Test_AbaRouteValidator_11" time="0"/>
  <testcase name="testAbaNumberCheck_23286_bad" classname="com.cardatechnologies.utils.validators.abaroutevalidator.Test_AbaRouteValidator_11" time="0"/>
  <testcase name="testAbaNumberCheck_22924_bad" classname="com.cardatechnologies.utils.validators.abaroutevalidator.Test_AbaRouteValidator_11" time="0"/>
  <testcase name="testAbaNumberCheck_23738_bad" classname="com.cardatechnologies.utils.validators.abaroutevalidator.Test_AbaRouteValidator_11" time="0"/>
  <testcase name="testAbaNumberCheck_22474_bad" classname="com.cardatechnologies.utils.validators.abaroutevalidator.Test_AbaRouteValidator_11" time="0"/>
  <testcase name="testAbaNumberCheck_23288_bad" classname="com.cardatechnologies.utils.validators.abaroutevalidator.Test_AbaRouteValidator_11" time="0"/>
  <testcase name="testAbaNumberCheck_22926_bad" classname="com.cardatechnologies.utils.validators.abaroutevalidator.Test_AbaRouteValidator_11" time="0"/>
  <testcase name="testAbaNumberCheck_22476_bad" classname="com.cardatechnologies.utils.validators.abaroutevalidator.Test_AbaRouteValidator_11" time="0"/>
  <testcase name="testAbaNumberCheck_24433_good" classname="com.cardatechnologies.utils.validators.abaroutevalidator.Test_AbaRouteValidator_11" time="0"/>
  <testcase name="testAbaNumberCheck_22928_bad" classname="com.cardatechnologies.utils.validators.abaroutevalidator.Test_AbaRouteValidator_11" time="0"/>
  <testcase name="testAbaNumberCheck_22478_bad" classname="com.cardatechnologies.utils.validators.abaroutevalidator.Test_AbaRouteValidator_11" time="0"/>
  <testcase name="testAbaNumberCheck_24307_good" classname="com.cardatechnologies.utils.validators.abaroutevalidator.Test_AbaRouteValidator_11" time="0"/>
  <testcase name="testAbaNumberCheck_24271_good" classname="com.cardatechnologies.utils.validators.abaroutevalidator.Test_AbaRouteValidator_11" time="0"/>
  <testcase name="testAbaNumberCheck_23331_good" classname="com.cardatechnologies.utils.validators.abaroutevalidator.Test_AbaRouteValidator_11" time="0.001"/>
  <testcase name="testAbaNumberCheck_24145_good" classname="com.cardatechnologies.utils.validators.abaroutevalidator.Test_AbaRouteValidator_11" time="0"/>
  <testcase name="testAbaNumberCheck_23205_good" classname="com.cardatechnologies.utils.validators.abaroutevalidator.Test_AbaRouteValidator_11" time="0"/>
  <testcase name="testAbaNumberCheck_24803_good" classname="com.cardatechnologies.utils.validators.abaroutevalidator.Test_AbaRouteValidator_11" time="0"/>
  <testcase name="testAbaNumberCheck_24550_bad" classname="com.cardatechnologies.utils.validators.abaroutevalidator.Test_AbaRouteValidator_11" time="0"/>
  <testcase name="testAbaNumberCheck_24019_good" classname="com.cardatechnologies.utils.validators.abaroutevalidator.Test_AbaRouteValidator_11" time="0"/>
  <testcase name="testAbaNumberCheck_24552_bad" classname="com.cardatechnologies.utils.validators.abaroutevalidator.Test_AbaRouteValidator_11" time="0"/>
  <testcase name="testAbaNumberCheck_23740_bad" classname="com.cardatechnologies.utils.validators.abaroutevalidator.Test_AbaRouteValidator_11" time="0"/>
  <testcase name="testAbaNumberCheck_24554_bad" classname="com.cardatechnologies.utils.validators.abaroutevalidator.Test_AbaRouteValidator_11" time="0"/>
  <testcase name="testAbaNumberCheck_23043_good" classname="com.cardatechnologies.utils.validators.abaroutevalidator.Test_AbaRouteValidator_11" time="0"/>
  <testcase name="testAbaNumberCheck_23290_bad" classname="com.cardatechnologies.utils.validators.abaroutevalidator.Test_AbaRouteValidator_11" time="0"/>
  <testcase name="testAbaNumberCheck_23742_bad" classname="com.cardatechnologies.utils.validators.abaroutevalidator.Test_AbaRouteValidator_11" time="0"/>
  <testcase name="testAbaNumberCheck_24556_bad" classname="com.cardatechnologies.utils.validators.abaroutevalidator.Test_AbaRouteValidator_11" time="0"/>
  <testcase name="testAbaNumberCheck_24641_good" classname="com.cardatechnologies.utils.validators.abaroutevalidator.Test_AbaRouteValidator_11" time="0"/>
  <testcase name="testAbaNumberCheck_23292_bad" classname="com.cardatechnologies.utils.validators.abaroutevalidator.Test_AbaRouteValidator_11" time="0"/>
  <testcase name="testAbaNumberCheck_23701_good" classname="com.cardatechnologies.utils.validators.abaroutevalidator.Test_AbaRouteValidator_11" time="0"/>
  <testcase name="testAbaNumberCheck_22930_bad" classname="com.cardatechnologies.utils.validators.abaroutevalidator.Test_AbaRouteValidator_11" time="0"/>
  <testcase name="testAbaNumberCheck_23744_bad" classname="com.cardatechnologies.utils.validators.abaroutevalidator.Test_AbaRouteValidator_11" time="0"/>
  <testcase name="testAbaNumberCheck_24558_bad" classname="com.cardatechnologies.utils.validators.abaroutevalidator.Test_AbaRouteValidator_11" time="0"/>
  <testcase name="testAbaNumberCheck_22480_bad" classname="com.cardatechnologies.utils.validators.abaroutevalidator.Test_AbaRouteValidator_11" time="0"/>
  <testcase name="testAbaNumberCheck_23294_bad" classname="com.cardatechnologies.utils.validators.abaroutevalidator.Test_AbaRouteValidator_11" time="0"/>
  <testcase name="testAbaNumberCheck_22932_bad" classname="com.cardatechnologies.utils.validators.abaroutevalidator.Test_AbaRouteValidator_11" time="0"/>
  <testcase name="testAbaNumberCheck_23746_bad" classname="com.cardatechnologies.utils.validators.abaroutevalidator.Test_AbaRouteValidator_11" time="0"/>
  <testcase name="testAbaNumberCheck_22482_bad" classname="com.cardatechnologies.utils.validators.abaroutevalidator.Test_AbaRouteValidator_11" time="0"/>
  <testcase name="testAbaNumberCheck_23296_bad" classname="com.cardatechnologies.utils.validators.abaroutevalidator.Test_AbaRouteValidator_11" time="0"/>
  <testcase name="testAbaNumberCheck_24515_good" classname="com.cardatechnologies.utils.validators.abaroutevalidator.Test_AbaRouteValidator_11" time="0"/>
  <testcase name="testAbaNumberCheck_22934_bad" classname="com.cardatechnologies.utils.validators.abaroutevalidator.Test_AbaRouteValidator_11" time="0"/>
  <testcase name="testAbaNumberCheck_23748_bad" classname="com.cardatechnologies.utils.validators.abaroutevalidator.Test_AbaRouteValidator_11" time="0"/>
  <testcase name="testAbaNumberCheck_22484_bad" classname="com.cardatechnologies.utils.validators.abaroutevalidator.Test_AbaRouteValidator_11" time="0"/>
  <testcase name="testAbaNumberCheck_23298_bad" classname="com.cardatechnologies.utils.validators.abaroutevalidator.Test_AbaRouteValidator_11" time="0"/>
  <testcase name="testAbaNumberCheck_22936_bad" classname="com.cardatechnologies.utils.validators.abaroutevalidator.Test_AbaRouteValidator_11" time="0"/>
  <testcase name="testAbaNumberCheck_22486_bad" classname="com.cardatechnologies.utils.validators.abaroutevalidator.Test_AbaRouteValidator_11" time="0"/>
  <testcase name="testAbaNumberCheck_22938_bad" classname="com.cardatechnologies.utils.validators.abaroutevalidator.Test_AbaRouteValidator_11" time="0"/>
  <testcase name="testAbaNumberCheck_22488_bad" classname="com.cardatechnologies.utils.validators.abaroutevalidator.Test_AbaRouteValidator_11" time="0"/>
  <testcase name="testAbaNumberCheck_24353_good" classname="com.cardatechnologies.utils.validators.abaroutevalidator.Test_AbaRouteValidator_11" time="0"/>
  <testcase name="testAbaNumberCheck_23413_good" classname="com.cardatechnologies.utils.validators.abaroutevalidator.Test_AbaRouteValidator_11" time="0"/>
  <testcase name="testAbaNumberCheck_24227_good" classname="com.cardatechnologies.utils.validators.abaroutevalidator.Test_AbaRouteValidator_11" time="0"/>
  <testcase name="testAbaNumberCheck_24191_good" classname="com.cardatechnologies.utils.validators.abaroutevalidator.Test_AbaRouteValidator_11" time="0"/>
  <testcase name="testAbaNumberCheck_23251_good" classname="com.cardatechnologies.utils.validators.abaroutevalidator.Test_AbaRouteValidator_11" time="0"/>
  <testcase name="testAbaNumberCheck_24065_good" classname="com.cardatechnologies.utils.validators.abaroutevalidator.Test_AbaRouteValidator_11" time="0"/>
  <testcase name="testAbaNumberCheck_24560_bad" classname="com.cardatechnologies.utils.validators.abaroutevalidator.Test_AbaRouteValidator_11" time="0"/>
  <testcase name="testAbaNumberCheck_23125_good" classname="com.cardatechnologies.utils.validators.abaroutevalidator.Test_AbaRouteValidator_11" time="0"/>
  <testcase name="testAbaNumberCheck_24562_bad" classname="com.cardatechnologies.utils.validators.abaroutevalidator.Test_AbaRouteValidator_11" time="0"/>
  <testcase name="testAbaNumberCheck_24723_good" classname="com.cardatechnologies.utils.validators.abaroutevalidator.Test_AbaRouteValidator_11" time="0"/>
  <testcase name="testAbaNumberCheck_23750_bad" classname="com.cardatechnologies.utils.validators.abaroutevalidator.Test_AbaRouteValidator_11" time="0"/>
  <testcase name="testAbaNumberCheck_24564_bad" classname="com.cardatechnologies.utils.validators.abaroutevalidator.Test_AbaRouteValidator_11" time="0"/>
  <testcase name="testAbaNumberCheck_23752_bad" classname="com.cardatechnologies.utils.validators.abaroutevalidator.Test_AbaRouteValidator_11" time="0"/>
  <testcase name="testAbaNumberCheck_24566_bad" classname="com.cardatechnologies.utils.validators.abaroutevalidator.Test_AbaRouteValidator_11" time="0"/>
  <testcase name="testAbaNumberCheck_22940_bad" classname="com.cardatechnologies.utils.validators.abaroutevalidator.Test_AbaRouteValidator_11" time="0"/>
  <testcase name="testAbaNumberCheck_23754_bad" classname="com.cardatechnologies.utils.validators.abaroutevalidator.Test_AbaRouteValidator_11" time="0"/>
  <testcase name="testAbaNumberCheck_24568_bad" classname="com.cardatechnologies.utils.validators.abaroutevalidator.Test_AbaRouteValidator_11" time="0"/>
  <testcase name="testAbaNumberCheck_22490_bad" classname="com.cardatechnologies.utils.validators.abaroutevalidator.Test_AbaRouteValidator_11" time="0"/>
  <testcase name="testAbaNumberCheck_22942_bad" classname="com.cardatechnologies.utils.validators.abaroutevalidator.Test_AbaRouteValidator_11" time="0"/>
  <testcase name="testAbaNumberCheck_23756_bad" classname="com.cardatechnologies.utils.validators.abaroutevalidator.Test_AbaRouteValidator_11" time="0"/>
  <testcase name="testAbaNumberCheck_24561_good" classname="com.cardatechnologies.utils.validators.abaroutevalidator.Test_AbaRouteValidator_11" time="0"/>
  <testcase name="testAbaNumberCheck_22492_bad" classname="com.cardatechnologies.utils.validators.abaroutevalidator.Test_AbaRouteValidator_11" time="0"/>
  <testcase name="testAbaNumberCheck_23621_good" classname="com.cardatechnologies.utils.validators.abaroutevalidator.Test_AbaRouteValidator_11" time="0"/>
  <testcase name="testAbaNumberCheck_22944_bad" classname="com.cardatechnologies.utils.validators.abaroutevalidator.Test_AbaRouteValidator_11" time="0"/>
  <testcase name="testAbaNumberCheck_23758_bad" classname="com.cardatechnologies.utils.validators.abaroutevalidator.Test_AbaRouteValidator_11" time="0"/>
  <testcase name="testAbaNumberCheck_22494_bad" classname="com.cardatechnologies.utils.validators.abaroutevalidator.Test_AbaRouteValidator_11" time="0"/>
  <testcase name="testAbaNumberCheck_22946_bad" classname="com.cardatechnologies.utils.validators.abaroutevalidator.Test_AbaRouteValidator_11" time="0"/>
  <testcase name="testAbaNumberCheck_22496_bad" classname="com.cardatechnologies.utils.validators.abaroutevalidator.Test_AbaRouteValidator_11" time="0"/>
  <testcase name="testAbaNumberCheck_24435_good" classname="com.cardatechnologies.utils.validators.abaroutevalidator.Test_AbaRouteValidator_11" time="0"/>
  <testcase name="testAbaNumberCheck_22948_bad" classname="com.cardatechnologies.utils.validators.abaroutevalidator.Test_AbaRouteValidator_11" time="0"/>
  <testcase name="testAbaNumberCheck_22498_bad" classname="com.cardatechnologies.utils.validators.abaroutevalidator.Test_AbaRouteValidator_11" time="0"/>
  <testcase name="testAbaNumberCheck_24309_good" classname="com.cardatechnologies.utils.validators.abaroutevalidator.Test_AbaRouteValidator_11" time="0"/>
  <testcase name="testAbaNumberCheck_24273_good" classname="com.cardatechnologies.utils.validators.abaroutevalidator.Test_AbaRouteValidator_11" time="0"/>
  <testcase name="testAbaNumberCheck_23333_good" classname="com.cardatechnologies.utils.validators.abaroutevalidator.Test_AbaRouteValidator_11" time="0"/>
  <testcase name="testAbaNumberCheck_24931_good" classname="com.cardatechnologies.utils.validators.abaroutevalidator.Test_AbaRouteValidator_11" time="0"/>
  <testcase name="testAbaNumberCheck_24147_good" classname="com.cardatechnologies.utils.validators.abaroutevalidator.Test_AbaRouteValidator_11" time="0"/>
  <testcase name="testAbaNumberCheck_23207_good" classname="com.cardatechnologies.utils.validators.abaroutevalidator.Test_AbaRouteValidator_11" time="0"/>
  <testcase name="testAbaNumberCheck_24805_good" classname="com.cardatechnologies.utils.validators.abaroutevalidator.Test_AbaRouteValidator_11" time="0"/>
  <testcase name="testAbaNumberCheck_23171_good" classname="com.cardatechnologies.utils.validators.abaroutevalidator.Test_AbaRouteValidator_11" time="0"/>
  <testcase name="testAbaNumberCheck_24570_bad" classname="com.cardatechnologies.utils.validators.abaroutevalidator.Test_AbaRouteValidator_11" time="0"/>
  <testcase name="testAbaNumberCheck_24572_bad" classname="com.cardatechnologies.utils.validators.abaroutevalidator.Test_AbaRouteValidator_11" time="0"/>
  <testcase name="testAbaNumberCheck_23760_bad" classname="com.cardatechnologies.utils.validators.abaroutevalidator.Test_AbaRouteValidator_11" time="0"/>
  <testcase name="testAbaNumberCheck_24574_bad" classname="com.cardatechnologies.utils.validators.abaroutevalidator.Test_AbaRouteValidator_11" time="0"/>
  <testcase name="testAbaNumberCheck_23045_good" classname="com.cardatechnologies.utils.validators.abaroutevalidator.Test_AbaRouteValidator_11" time="0"/>
  <testcase name="testAbaNumberCheck_23762_bad" classname="com.cardatechnologies.utils.validators.abaroutevalidator.Test_AbaRouteValidator_11" time="0"/>
  <testcase name="testAbaNumberCheck_24576_bad" classname="com.cardatechnologies.utils.validators.abaroutevalidator.Test_AbaRouteValidator_11" time="0"/>
  <testcase name="testAbaNumberCheck_24643_good" classname="com.cardatechnologies.utils.validators.abaroutevalidator.Test_AbaRouteValidator_11" time="0"/>
  <testcase name="testAbaNumberCheck_23703_good" classname="com.cardatechnologies.utils.validators.abaroutevalidator.Test_AbaRouteValidator_11" time="0"/>
  <testcase name="testAbaNumberCheck_22950_bad" classname="com.cardatechnologies.utils.validators.abaroutevalidator.Test_AbaRouteValidator_11" time="0"/>
  <testcase name="testAbaNumberCheck_23764_bad" classname="com.cardatechnologies.utils.validators.abaroutevalidator.Test_AbaRouteValidator_11" time="0"/>
  <testcase name="testAbaNumberCheck_24578_bad" classname="com.cardatechnologies.utils.validators.abaroutevalidator.Test_AbaRouteValidator_11" time="0.001"/>
  <testcase name="testAbaNumberCheck_22952_bad" classname="com.cardatechnologies.utils.validators.abaroutevalidator.Test_AbaRouteValidator_11" time="0"/>
  <testcase name="testAbaNumberCheck_23766_bad" classname="com.cardatechnologies.utils.validators.abaroutevalidator.Test_AbaRouteValidator_11" time="0"/>
  <testcase name="testAbaNumberCheck_24517_good" classname="com.cardatechnologies.utils.validators.abaroutevalidator.Test_AbaRouteValidator_11" time="0"/>
  <testcase name="testAbaNumberCheck_22954_bad" classname="com.cardatechnologies.utils.validators.abaroutevalidator.Test_AbaRouteValidator_11" time="0"/>
  <testcase name="testAbaNumberCheck_23768_bad" classname="com.cardatechnologies.utils.validators.abaroutevalidator.Test_AbaRouteValidator_11" time="0"/>
  <testcase name="testAbaNumberCheck_22956_bad" classname="com.cardatechnologies.utils.validators.abaroutevalidator.Test_AbaRouteValidator_11" time="0"/>
  <testcase name="testAbaNumberCheck_24481_good" classname="com.cardatechnologies.utils.validators.abaroutevalidator.Test_AbaRouteValidator_11" time="0"/>
  <testcase name="testAbaNumberCheck_23541_good" classname="com.cardatechnologies.utils.validators.abaroutevalidator.Test_AbaRouteValidator_11" time="0"/>
  <testcase name="testAbaNumberCheck_22601_good" classname="com.cardatechnologies.utils.validators.abaroutevalidator.Test_AbaRouteValidator_11" time="0"/>
  <testcase name="testAbaNumberCheck_22958_bad" classname="com.cardatechnologies.utils.validators.abaroutevalidator.Test_AbaRouteValidator_11" time="0"/>
  <testcase name="testAbaNumberCheck_24355_good" classname="com.cardatechnologies.utils.validators.abaroutevalidator.Test_AbaRouteValidator_11" time="0"/>
  <testcase name="testAbaNumberCheck_23415_good" classname="com.cardatechnologies.utils.validators.abaroutevalidator.Test_AbaRouteValidator_11" time="0"/>
  <testcase name="testAbaNumberCheck_24229_good" classname="com.cardatechnologies.utils.validators.abaroutevalidator.Test_AbaRouteValidator_11" time="0"/>
  <testcase name="testAbaNumberCheck_24193_good" classname="com.cardatechnologies.utils.validators.abaroutevalidator.Test_AbaRouteValidator_11" time="0"/>
  <testcase name="testAbaNumberCheck_23253_good" classname="com.cardatechnologies.utils.validators.abaroutevalidator.Test_AbaRouteValidator_11" time="0"/>
  <testcase name="testAbaNumberCheck_24851_good" classname="com.cardatechnologies.utils.validators.abaroutevalidator.Test_AbaRouteValidator_11" time="0"/>
  <testcase name="testAbaNumberCheck_23911_good" classname="com.cardatechnologies.utils.validators.abaroutevalidator.Test_AbaRouteValidator_11" time="0"/>
  <testcase name="testAbaNumberCheck_24067_good" classname="com.cardatechnologies.utils.validators.abaroutevalidator.Test_AbaRouteValidator_11" time="0"/>
  <testcase name="testAbaNumberCheck_24580_bad" classname="com.cardatechnologies.utils.validators.abaroutevalidator.Test_AbaRouteValidator_11" time="0"/>
  <testcase name="testAbaNumberCheck_23127_good" classname="com.cardatechnologies.utils.validators.abaroutevalidator.Test_AbaRouteValidator_11" time="0"/>
  <testcase name="testAbaNumberCheck_24582_bad" classname="com.cardatechnologies.utils.validators.abaroutevalidator.Test_AbaRouteValidator_11" time="0"/>
  <testcase name="testAbaNumberCheck_24725_good" classname="com.cardatechnologies.utils.validators.abaroutevalidator.Test_AbaRouteValidator_11" time="0"/>
  <testcase name="testAbaNumberCheck_23091_good" classname="com.cardatechnologies.utils.validators.abaroutevalidator.Test_AbaRouteValidator_11" time="0"/>
  <testcase name="testAbaNumberCheck_23770_bad" classname="com.cardatechnologies.utils.validators.abaroutevalidator.Test_AbaRouteValidator_11" time="0"/>
  <testcase name="testAbaNumberCheck_24584_bad" classname="com.cardatechnologies.utils.validators.abaroutevalidator.Test_AbaRouteValidator_11" time="0"/>
  <testcase name="testAbaNumberCheck_23772_bad" classname="com.cardatechnologies.utils.validators.abaroutevalidator.Test_AbaRouteValidator_11" time="0"/>
  <testcase name="testAbaNumberCheck_24586_bad" classname="com.cardatechnologies.utils.validators.abaroutevalidator.Test_AbaRouteValidator_11" time="0"/>
  <testcase name="testAbaNumberCheck_22960_bad" classname="com.cardatechnologies.utils.validators.abaroutevalidator.Test_AbaRouteValidator_11" time="0"/>
  <testcase name="testAbaNumberCheck_23774_bad" classname="com.cardatechnologies.utils.validators.abaroutevalidator.Test_AbaRouteValidator_11" time="0"/>
  <testcase name="testAbaNumberCheck_24588_bad" classname="com.cardatechnologies.utils.validators.abaroutevalidator.Test_AbaRouteValidator_11" time="0"/>
  <testcase name="testAbaNumberCheck_22962_bad" classname="com.cardatechnologies.utils.validators.abaroutevalidator.Test_AbaRouteValidator_11" time="0"/>
  <testcase name="testAbaNumberCheck_23776_bad" classname="com.cardatechnologies.utils.validators.abaroutevalidator.Test_AbaRouteValidator_11" time="0"/>
  <testcase name="testAbaNumberCheck_24563_good" classname="com.cardatechnologies.utils.validators.abaroutevalidator.Test_AbaRouteValidator_11" time="0"/>
  <testcase name="testAbaNumberCheck_23623_good" classname="com.cardatechnologies.utils.validators.abaroutevalidator.Test_AbaRouteValidator_11" time="0"/>
  <testcase name="testAbaNumberCheck_22964_bad" classname="com.cardatechnologies.utils.validators.abaroutevalidator.Test_AbaRouteValidator_11" time="0"/>
  <testcase name="testAbaNumberCheck_23778_bad" classname="com.cardatechnologies.utils.validators.abaroutevalidator.Test_AbaRouteValidator_11" time="0"/>
  <testcase name="testAbaNumberCheck_22966_bad" classname="com.cardatechnologies.utils.validators.abaroutevalidator.Test_AbaRouteValidator_11" time="0"/>
  <testcase name="testAbaNumberCheck_24437_good" classname="com.cardatechnologies.utils.validators.abaroutevalidator.Test_AbaRouteValidator_11" time="0"/>
  <testcase name="testAbaNumberCheck_22968_bad" classname="com.cardatechnologies.utils.validators.abaroutevalidator.Test_AbaRouteValidator_11" time="0"/>
  <testcase name="testAbaNumberCheck_23461_good" classname="com.cardatechnologies.utils.validators.abaroutevalidator.Test_AbaRouteValidator_11" time="0"/>
  <testcase name="testAbaNumberCheck_22521_good" classname="com.cardatechnologies.utils.validators.abaroutevalidator.Test_AbaRouteValidator_11" time="0"/>
  <testcase name="testAbaNumberCheck_24275_good" classname="com.cardatechnologies.utils.validators.abaroutevalidator.Test_AbaRouteValidator_11" time="0"/>
  <testcase name="testAbaNumberCheck_23335_good" classname="com.cardatechnologies.utils.validators.abaroutevalidator.Test_AbaRouteValidator_11" time="0"/>
  <testcase name="testAbaNumberCheck_24933_good" classname="com.cardatechnologies.utils.validators.abaroutevalidator.Test_AbaRouteValidator_11" time="0"/>
  <testcase name="testAbaNumberCheck_24149_good" classname="com.cardatechnologies.utils.validators.abaroutevalidator.Test_AbaRouteValidator_11" time="0"/>
  <testcase name="testAbaNumberCheck_23209_good" classname="com.cardatechnologies.utils.validators.abaroutevalidator.Test_AbaRouteValidator_11" time="0"/>
  <testcase name="testAbaNumberCheck_24807_good" classname="com.cardatechnologies.utils.validators.abaroutevalidator.Test_AbaRouteValidator_11" time="0"/>
  <testcase name="testAbaNumberCheck_23173_good" classname="com.cardatechnologies.utils.validators.abaroutevalidator.Test_AbaRouteValidator_11" time="0"/>
  <testcase name="testAbaNumberCheck_24590_bad" classname="com.cardatechnologies.utils.validators.abaroutevalidator.Test_AbaRouteValidator_11" time="0"/>
  <testcase name="testAbaNumberCheck_24771_good" classname="com.cardatechnologies.utils.validators.abaroutevalidator.Test_AbaRouteValidator_11" time="0"/>
  <testcase name="testAbaNumberCheck_24592_bad" classname="com.cardatechnologies.utils.validators.abaroutevalidator.Test_AbaRouteValidator_11" time="0"/>
  <testcase name="testAbaNumberCheck_23831_good" classname="com.cardatechnologies.utils.validators.abaroutevalidator.Test_AbaRouteValidator_11" time="0"/>
  <testcase name="testAbaNumberCheck_23780_bad" classname="com.cardatechnologies.utils.validators.abaroutevalidator.Test_AbaRouteValidator_11" time="0"/>
  <testcase name="testAbaNumberCheck_24594_bad" classname="com.cardatechnologies.utils.validators.abaroutevalidator.Test_AbaRouteValidator_11" time="0"/>
  <testcase name="testAbaNumberCheck_23047_good" classname="com.cardatechnologies.utils.validators.abaroutevalidator.Test_AbaRouteValidator_11" time="0"/>
  <testcase name="testAbaNumberCheck_23782_bad" classname="com.cardatechnologies.utils.validators.abaroutevalidator.Test_AbaRouteValidator_11" time="0"/>
  <testcase name="testAbaNumberCheck_24596_bad" classname="com.cardatechnologies.utils.validators.abaroutevalidator.Test_AbaRouteValidator_11" time="0"/>
  <testcase name="testAbaNumberCheck_24645_good" classname="com.cardatechnologies.utils.validators.abaroutevalidator.Test_AbaRouteValidator_11" time="0"/>
  <testcase name="testAbaNumberCheck_23705_good" classname="com.cardatechnologies.utils.validators.abaroutevalidator.Test_AbaRouteValidator_11" time="0"/>
  <testcase name="testAbaNumberCheck_22970_bad" classname="com.cardatechnologies.utils.validators.abaroutevalidator.Test_AbaRouteValidator_11" time="0"/>
  <testcase name="testAbaNumberCheck_23784_bad" classname="com.cardatechnologies.utils.validators.abaroutevalidator.Test_AbaRouteValidator_11" time="0"/>
  <testcase name="testAbaNumberCheck_24598_bad" classname="com.cardatechnologies.utils.validators.abaroutevalidator.Test_AbaRouteValidator_11" time="0"/>
  <testcase name="testAbaNumberCheck_22972_bad" classname="com.cardatechnologies.utils.validators.abaroutevalidator.Test_AbaRouteValidator_11" time="0"/>
  <testcase name="testAbaNumberCheck_23786_bad" classname="com.cardatechnologies.utils.validators.abaroutevalidator.Test_AbaRouteValidator_11" time="0"/>
  <testcase name="testAbaNumberCheck_24519_good" classname="com.cardatechnologies.utils.validators.abaroutevalidator.Test_AbaRouteValidator_11" time="0"/>
  <testcase name="testAbaNumberCheck_22974_bad" classname="com.cardatechnologies.utils.validators.abaroutevalidator.Test_AbaRouteValidator_11" time="0"/>
  <testcase name="testAbaNumberCheck_23788_bad" classname="com.cardatechnologies.utils.validators.abaroutevalidator.Test_AbaRouteValidator_11" time="0"/>
  <testcase name="testAbaNumberCheck_22976_bad" classname="com.cardatechnologies.utils.validators.abaroutevalidator.Test_AbaRouteValidator_11" time="0"/>
  <testcase name="testAbaNumberCheck_24483_good" classname="com.cardatechnologies.utils.validators.abaroutevalidator.Test_AbaRouteValidator_11" time="0"/>
  <testcase name="testAbaNumberCheck_23543_good" classname="com.cardatechnologies.utils.validators.abaroutevalidator.Test_AbaRouteValidator_11" time="0"/>
  <testcase name="testAbaNumberCheck_22603_good" classname="com.cardatechnologies.utils.validators.abaroutevalidator.Test_AbaRouteValidator_11" time="0"/>
  <testcase name="testAbaNumberCheck_22978_bad" classname="com.cardatechnologies.utils.validators.abaroutevalidator.Test_AbaRouteValidator_11" time="0"/>
  <testcase name="testAbaNumberCheck_24357_good" classname="com.cardatechnologies.utils.validators.abaroutevalidator.Test_AbaRouteValidator_11" time="0"/>
  <testcase name="testAbaNumberCheck_23417_good" classname="com.cardatechnologies.utils.validators.abaroutevalidator.Test_AbaRouteValidator_11" time="0"/>
  <testcase name="testAbaNumberCheck_23381_good" classname="com.cardatechnologies.utils.validators.abaroutevalidator.Test_AbaRouteValidator_11" time="0"/>
  <testcase name="testAbaNumberCheck_24195_good" classname="com.cardatechnologies.utils.validators.abaroutevalidator.Test_AbaRouteValidator_11" time="0"/>
  <testcase name="testAbaNumberCheck_23255_good" classname="com.cardatechnologies.utils.validators.abaroutevalidator.Test_AbaRouteValidator_11" time="0"/>
  <testcase name="testAbaNumberCheck_24853_good" classname="com.cardatechnologies.utils.validators.abaroutevalidator.Test_AbaRouteValidator_11" time="0"/>
  <testcase name="testAbaNumberCheck_23913_good" classname="com.cardatechnologies.utils.validators.abaroutevalidator.Test_AbaRouteValidator_11" time="0"/>
  <testcase name="testAbaNumberCheck_24069_good" classname="com.cardatechnologies.utils.validators.abaroutevalidator.Test_AbaRouteValidator_11" time="0"/>
  <testcase name="testAbaNumberCheck_23129_good" classname="com.cardatechnologies.utils.validators.abaroutevalidator.Test_AbaRouteValidator_11" time="0"/>
  <testcase name="testAbaNumberCheck_24727_good" classname="com.cardatechnologies.utils.validators.abaroutevalidator.Test_AbaRouteValidator_11" time="0"/>
  <testcase name="testAbaNumberCheck_23093_good" classname="com.cardatechnologies.utils.validators.abaroutevalidator.Test_AbaRouteValidator_11" time="0"/>
  <testcase name="testAbaNumberCheck_23790_bad" classname="com.cardatechnologies.utils.validators.abaroutevalidator.Test_AbaRouteValidator_11" time="0"/>
  <testcase name="testAbaNumberCheck_24691_good" classname="com.cardatechnologies.utils.validators.abaroutevalidator.Test_AbaRouteValidator_11" time="0"/>
  <testcase name="testAbaNumberCheck_23792_bad" classname="com.cardatechnologies.utils.validators.abaroutevalidator.Test_AbaRouteValidator_11" time="0"/>
  <testcase name="testAbaNumberCheck_23751_good" classname="com.cardatechnologies.utils.validators.abaroutevalidator.Test_AbaRouteValidator_11" time="0"/>
  <testcase name="testAbaNumberCheck_22811_good" classname="com.cardatechnologies.utils.validators.abaroutevalidator.Test_AbaRouteValidator_11" time="0"/>
  <testcase name="testAbaNumberCheck_22980_bad" classname="com.cardatechnologies.utils.validators.abaroutevalidator.Test_AbaRouteValidator_11" time="0"/>
  <testcase name="testAbaNumberCheck_23794_bad" classname="com.cardatechnologies.utils.validators.abaroutevalidator.Test_AbaRouteValidator_11" time="0"/>
  <testcase name="testAbaNumberCheck_22982_bad" classname="com.cardatechnologies.utils.validators.abaroutevalidator.Test_AbaRouteValidator_11" time="0"/>
  <testcase name="testAbaNumberCheck_23796_bad" classname="com.cardatechnologies.utils.validators.abaroutevalidator.Test_AbaRouteValidator_11" time="0"/>
  <testcase name="testAbaNumberCheck_24565_good" classname="com.cardatechnologies.utils.validators.abaroutevalidator.Test_AbaRouteValidator_11" time="0"/>
  <testcase name="testAbaNumberCheck_23625_good" classname="com.cardatechnologies.utils.validators.abaroutevalidator.Test_AbaRouteValidator_11" time="0"/>
  <testcase name="testAbaNumberCheck_22984_bad" classname="com.cardatechnologies.utils.validators.abaroutevalidator.Test_AbaRouteValidator_11" time="0"/>
  <testcase name="testAbaNumberCheck_23798_bad" classname="com.cardatechnologies.utils.validators.abaroutevalidator.Test_AbaRouteValidator_11" time="0"/>
  <testcase name="testAbaNumberCheck_22986_bad" classname="com.cardatechnologies.utils.validators.abaroutevalidator.Test_AbaRouteValidator_11" time="0"/>
  <testcase name="testAbaNumberCheck_24439_good" classname="com.cardatechnologies.utils.validators.abaroutevalidator.Test_AbaRouteValidator_11" time="0"/>
  <testcase name="testAbaNumberCheck_22988_bad" classname="com.cardatechnologies.utils.validators.abaroutevalidator.Test_AbaRouteValidator_11" time="0"/>
  <testcase name="testAbaNumberCheck_23463_good" classname="com.cardatechnologies.utils.validators.abaroutevalidator.Test_AbaRouteValidator_11" time="0"/>
  <testcase name="testAbaNumberCheck_22523_good" classname="com.cardatechnologies.utils.validators.abaroutevalidator.Test_AbaRouteValidator_11" time="0"/>
  <testcase name="testAbaNumberCheck_24277_good" classname="com.cardatechnologies.utils.validators.abaroutevalidator.Test_AbaRouteValidator_11" time="0"/>
  <testcase name="testAbaNumberCheck_23337_good" classname="com.cardatechnologies.utils.validators.abaroutevalidator.Test_AbaRouteValidator_11" time="0"/>
  <testcase name="testAbaNumberCheck_24935_good" classname="com.cardatechnologies.utils.validators.abaroutevalidator.Test_AbaRouteValidator_11" time="0"/>
  <testcase name="testAbaNumberCheck_24809_good" classname="com.cardatechnologies.utils.validators.abaroutevalidator.Test_AbaRouteValidator_11" time="0"/>
  <testcase name="testAbaNumberCheck_23175_good" classname="com.cardatechnologies.utils.validators.abaroutevalidator.Test_AbaRouteValidator_11" time="0"/>
  <testcase name="testAbaNumberCheck_24773_good" classname="com.cardatechnologies.utils.validators.abaroutevalidator.Test_AbaRouteValidator_11" time="0"/>
  <testcase name="testAbaNumberCheck_23833_good" classname="com.cardatechnologies.utils.validators.abaroutevalidator.Test_AbaRouteValidator_11" time="0"/>
  <testcase name="testAbaNumberCheck_23049_good" classname="com.cardatechnologies.utils.validators.abaroutevalidator.Test_AbaRouteValidator_11" time="0"/>
  <testcase name="testAbaNumberCheck_24647_good" classname="com.cardatechnologies.utils.validators.abaroutevalidator.Test_AbaRouteValidator_11" time="0.001"/>
  <testcase name="testAbaNumberCheck_23707_good" classname="com.cardatechnologies.utils.validators.abaroutevalidator.Test_AbaRouteValidator_11" time="0"/>
  <testcase name="testAbaNumberCheck_22990_bad" classname="com.cardatechnologies.utils.validators.abaroutevalidator.Test_AbaRouteValidator_11" time="0"/>
  <testcase name="testAbaNumberCheck_22992_bad" classname="com.cardatechnologies.utils.validators.abaroutevalidator.Test_AbaRouteValidator_11" time="0"/>
  <testcase name="testAbaNumberCheck_23671_good" classname="com.cardatechnologies.utils.validators.abaroutevalidator.Test_AbaRouteValidator_11" time="0"/>
  <testcase name="testAbaNumberCheck_22731_good" classname="com.cardatechnologies.utils.validators.abaroutevalidator.Test_AbaRouteValidator_11" time="0"/>
  <testcase name="testAbaNumberCheck_22994_bad" classname="com.cardatechnologies.utils.validators.abaroutevalidator.Test_AbaRouteValidator_11" time="0"/>
  <testcase name="testAbaNumberCheck_22996_bad" classname="com.cardatechnologies.utils.validators.abaroutevalidator.Test_AbaRouteValidator_11" time="0"/>
  <testcase name="testAbaNumberCheck_24485_good" classname="com.cardatechnologies.utils.validators.abaroutevalidator.Test_AbaRouteValidator_11" time="0"/>
  <testcase name="testAbaNumberCheck_23545_good" classname="com.cardatechnologies.utils.validators.abaroutevalidator.Test_AbaRouteValidator_11" time="0"/>
  <testcase name="testAbaNumberCheck_22605_good" classname="com.cardatechnologies.utils.validators.abaroutevalidator.Test_AbaRouteValidator_11" time="0"/>
  <testcase name="testAbaNumberCheck_22998_bad" classname="com.cardatechnologies.utils.validators.abaroutevalidator.Test_AbaRouteValidator_11" time="0"/>
  <testcase name="testAbaNumberCheck_24359_good" classname="com.cardatechnologies.utils.validators.abaroutevalidator.Test_AbaRouteValidator_11" time="0"/>
  <testcase name="testAbaNumberCheck_23419_good" classname="com.cardatechnologies.utils.validators.abaroutevalidator.Test_AbaRouteValidator_11" time="0"/>
  <testcase name="testAbaNumberCheck_23383_good" classname="com.cardatechnologies.utils.validators.abaroutevalidator.Test_AbaRouteValidator_11" time="0"/>
  <testcase name="testAbaNumberCheck_24981_good" classname="com.cardatechnologies.utils.validators.abaroutevalidator.Test_AbaRouteValidator_11" time="0"/>
  <testcase name="testAbaNumberCheck_24197_good" classname="com.cardatechnologies.utils.validators.abaroutevalidator.Test_AbaRouteValidator_11" time="0"/>
  <testcase name="testAbaNumberCheck_23257_good" classname="com.cardatechnologies.utils.validators.abaroutevalidator.Test_AbaRouteValidator_11" time="0"/>
  <testcase name="testAbaNumberCheck_24855_good" classname="com.cardatechnologies.utils.validators.abaroutevalidator.Test_AbaRouteValidator_11" time="0"/>
  <testcase name="testAbaNumberCheck_23915_good" classname="com.cardatechnologies.utils.validators.abaroutevalidator.Test_AbaRouteValidator_11" time="0"/>
  <testcase name="testAbaNumberCheck_24729_good" classname="com.cardatechnologies.utils.validators.abaroutevalidator.Test_AbaRouteValidator_11" time="0"/>
  <testcase name="testAbaNumberCheck_23095_good" classname="com.cardatechnologies.utils.validators.abaroutevalidator.Test_AbaRouteValidator_11" time="0"/>
  <testcase name="testAbaNumberCheck_24693_good" classname="com.cardatechnologies.utils.validators.abaroutevalidator.Test_AbaRouteValidator_11" time="0"/>
  <testcase name="testAbaNumberCheck_23753_good" classname="com.cardatechnologies.utils.validators.abaroutevalidator.Test_AbaRouteValidator_11" time="0"/>
  <testcase name="testAbaNumberCheck_22813_good" classname="com.cardatechnologies.utils.validators.abaroutevalidator.Test_AbaRouteValidator_11" time="0"/>
  <testcase name="testAbaNumberCheck_24567_good" classname="com.cardatechnologies.utils.validators.abaroutevalidator.Test_AbaRouteValidator_11" time="0"/>
  <testcase name="testAbaNumberCheck_23627_good" classname="com.cardatechnologies.utils.validators.abaroutevalidator.Test_AbaRouteValidator_11" time="0"/>
  <testcase name="testAbaNumberCheck_23591_good" classname="com.cardatechnologies.utils.validators.abaroutevalidator.Test_AbaRouteValidator_11" time="0"/>
  <testcase name="testAbaNumberCheck_22651_good" classname="com.cardatechnologies.utils.validators.abaroutevalidator.Test_AbaRouteValidator_11" time="0"/>
  <testcase name="testAbaNumberCheck_23465_good" classname="com.cardatechnologies.utils.validators.abaroutevalidator.Test_AbaRouteValidator_11" time="0.001"/>
  <testcase name="testAbaNumberCheck_22525_good" classname="com.cardatechnologies.utils.validators.abaroutevalidator.Test_AbaRouteValidator_11" time="0"/>
  <testcase name="testAbaNumberCheck_24279_good" classname="com.cardatechnologies.utils.validators.abaroutevalidator.Test_AbaRouteValidator_11" time="0"/>
  <testcase name="testAbaNumberCheck_23339_good" classname="com.cardatechnologies.utils.validators.abaroutevalidator.Test_AbaRouteValidator_11" time="0"/>
  <testcase name="testAbaNumberCheck_24937_good" classname="com.cardatechnologies.utils.validators.abaroutevalidator.Test_AbaRouteValidator_11" time="0"/>
  <testcase name="testAbaNumberCheck_23961_good" classname="com.cardatechnologies.utils.validators.abaroutevalidator.Test_AbaRouteValidator_11" time="0"/>
  <testcase name="testAbaNumberCheck_23177_good" classname="com.cardatechnologies.utils.validators.abaroutevalidator.Test_AbaRouteValidator_11" time="0"/>
  <testcase name="testAbaNumberCheck_24775_good" classname="com.cardatechnologies.utils.validators.abaroutevalidator.Test_AbaRouteValidator_11" time="0"/>
  <testcase name="testAbaNumberCheck_23835_good" classname="com.cardatechnologies.utils.validators.abaroutevalidator.Test_AbaRouteValidator_11" time="0"/>
  <testcase name="testAbaNumberCheck_24649_good" classname="com.cardatechnologies.utils.validators.abaroutevalidator.Test_AbaRouteValidator_11" time="0"/>
  <testcase name="testAbaNumberCheck_23709_good" classname="com.cardatechnologies.utils.validators.abaroutevalidator.Test_AbaRouteValidator_11" time="0"/>
  <testcase name="testAbaNumberCheck_23673_good" classname="com.cardatechnologies.utils.validators.abaroutevalidator.Test_AbaRouteValidator_11" time="0"/>
  <testcase name="testAbaNumberCheck_22733_good" classname="com.cardatechnologies.utils.validators.abaroutevalidator.Test_AbaRouteValidator_11" time="0"/>
  <testcase name="testAbaNumberCheck_24487_good" classname="com.cardatechnologies.utils.validators.abaroutevalidator.Test_AbaRouteValidator_11" time="0"/>
  <testcase name="testAbaNumberCheck_23547_good" classname="com.cardatechnologies.utils.validators.abaroutevalidator.Test_AbaRouteValidator_11" time="0"/>
  <testcase name="testAbaNumberCheck_22607_good" classname="com.cardatechnologies.utils.validators.abaroutevalidator.Test_AbaRouteValidator_11" time="0"/>
  <testcase name="testAbaNumberCheck_22571_good" classname="com.cardatechnologies.utils.validators.abaroutevalidator.Test_AbaRouteValidator_11" time="0"/>
  <testcase name="testAbaNumberCheck_23385_good" classname="com.cardatechnologies.utils.validators.abaroutevalidator.Test_AbaRouteValidator_11" time="0"/>
  <testcase name="testAbaNumberCheck_24983_good" classname="com.cardatechnologies.utils.validators.abaroutevalidator.Test_AbaRouteValidator_11" time="0"/>
  <testcase name="testAbaNumberCheck_24199_good" classname="com.cardatechnologies.utils.validators.abaroutevalidator.Test_AbaRouteValidator_11" time="0"/>
  <testcase name="testAbaNumberCheck_23259_good" classname="com.cardatechnologies.utils.validators.abaroutevalidator.Test_AbaRouteValidator_11" time="0"/>
  <testcase name="testAbaNumberCheck_24857_good" classname="com.cardatechnologies.utils.validators.abaroutevalidator.Test_AbaRouteValidator_11" time="0"/>
  <testcase name="testAbaNumberCheck_23917_good" classname="com.cardatechnologies.utils.validators.abaroutevalidator.Test_AbaRouteValidator_11" time="0"/>
  <testcase name="testAbaNumberCheck_23881_good" classname="com.cardatechnologies.utils.validators.abaroutevalidator.Test_AbaRouteValidator_11" time="0"/>
  <testcase name="testAbaNumberCheck_22941_good" classname="com.cardatechnologies.utils.validators.abaroutevalidator.Test_AbaRouteValidator_11" time="0"/>
  <testcase name="testAbaNumberCheck_23097_good" classname="com.cardatechnologies.utils.validators.abaroutevalidator.Test_AbaRouteValidator_11" time="0"/>
  <testcase name="testAbaNumberCheck_24695_good" classname="com.cardatechnologies.utils.validators.abaroutevalidator.Test_AbaRouteValidator_11" time="0"/>
  <testcase name="testAbaNumberCheck_23755_good" classname="com.cardatechnologies.utils.validators.abaroutevalidator.Test_AbaRouteValidator_11" time="0"/>
  <testcase name="testAbaNumberCheck_22815_good" classname="com.cardatechnologies.utils.validators.abaroutevalidator.Test_AbaRouteValidator_11" time="0"/>
  <testcase name="testAbaNumberCheck_24569_good" classname="com.cardatechnologies.utils.validators.abaroutevalidator.Test_AbaRouteValidator_11" time="0.001"/>
  <testcase name="testAbaNumberCheck_23629_good" classname="com.cardatechnologies.utils.validators.abaroutevalidator.Test_AbaRouteValidator_11" time="0"/>
  <testcase name="testAbaNumberCheck_23593_good" classname="com.cardatechnologies.utils.validators.abaroutevalidator.Test_AbaRouteValidator_11" time="0"/>
  <testcase name="testAbaNumberCheck_22653_good" classname="com.cardatechnologies.utils.validators.abaroutevalidator.Test_AbaRouteValidator_11" time="0"/>
  <testcase name="testAbaNumberCheck_23467_good" classname="com.cardatechnologies.utils.validators.abaroutevalidator.Test_AbaRouteValidator_11" time="0"/>
  <testcase name="testAbaNumberCheck_22527_good" classname="com.cardatechnologies.utils.validators.abaroutevalidator.Test_AbaRouteValidator_11" time="0"/>
  <testcase name="testAbaNumberCheck_22491_good" classname="com.cardatechnologies.utils.validators.abaroutevalidator.Test_AbaRouteValidator_11" time="0"/>
  <testcase name="testAbaNumberCheck_24939_good" classname="com.cardatechnologies.utils.validators.abaroutevalidator.Test_AbaRouteValidator_11" time="0"/>
  <testcase name="testAbaNumberCheck_23963_good" classname="com.cardatechnologies.utils.validators.abaroutevalidator.Test_AbaRouteValidator_11" time="0"/>
  <testcase name="testAbaNumberCheck_23179_good" classname="com.cardatechnologies.utils.validators.abaroutevalidator.Test_AbaRouteValidator_11" time="0"/>
  <testcase name="testAbaNumberCheck_24777_good" classname="com.cardatechnologies.utils.validators.abaroutevalidator.Test_AbaRouteValidator_11" time="0"/>
  <testcase name="testAbaNumberCheck_23837_good" classname="com.cardatechnologies.utils.validators.abaroutevalidator.Test_AbaRouteValidator_11" time="0"/>
  <testcase name="testAbaNumberCheck_22861_good" classname="com.cardatechnologies.utils.validators.abaroutevalidator.Test_AbaRouteValidator_11" time="0"/>
  <testcase name="testAbaNumberCheck_23675_good" classname="com.cardatechnologies.utils.validators.abaroutevalidator.Test_AbaRouteValidator_11" time="0"/>
  <testcase name="testAbaNumberCheck_22735_good" classname="com.cardatechnologies.utils.validators.abaroutevalidator.Test_AbaRouteValidator_11" time="0"/>
  <testcase name="testAbaNumberCheck_24489_good" classname="com.cardatechnologies.utils.validators.abaroutevalidator.Test_AbaRouteValidator_11" time="0"/>
  <testcase name="testAbaNumberCheck_23549_good" classname="com.cardatechnologies.utils.validators.abaroutevalidator.Test_AbaRouteValidator_11" time="0"/>
  <testcase name="testAbaNumberCheck_22609_good" classname="com.cardatechnologies.utils.validators.abaroutevalidator.Test_AbaRouteValidator_11" time="0"/>
  <testcase name="testAbaNumberCheck_22573_good" classname="com.cardatechnologies.utils.validators.abaroutevalidator.Test_AbaRouteValidator_11" time="0"/>
  <testcase name="testAbaNumberCheck_23387_good" classname="com.cardatechnologies.utils.validators.abaroutevalidator.Test_AbaRouteValidator_11" time="0"/>
  <testcase name="testAbaNumberCheck_24985_good" classname="com.cardatechnologies.utils.validators.abaroutevalidator.Test_AbaRouteValidator_11" time="0"/>
  <testcase name="testAbaNumberCheck_24859_good" classname="com.cardatechnologies.utils.validators.abaroutevalidator.Test_AbaRouteValidator_11" time="0"/>
  <testcase name="testAbaNumberCheck_23919_good" classname="com.cardatechnologies.utils.validators.abaroutevalidator.Test_AbaRouteValidator_11" time="0"/>
  <testcase name="testAbaNumberCheck_23883_good" classname="com.cardatechnologies.utils.validators.abaroutevalidator.Test_AbaRouteValidator_11" time="0"/>
  <testcase name="testAbaNumberCheck_22943_good" classname="com.cardatechnologies.utils.validators.abaroutevalidator.Test_AbaRouteValidator_11" time="0"/>
  <testcase name="testAbaNumberCheck_23099_good" classname="com.cardatechnologies.utils.validators.abaroutevalidator.Test_AbaRouteValidator_11" time="0"/>
  <testcase name="testAbaNumberCheck_24697_good" classname="com.cardatechnologies.utils.validators.abaroutevalidator.Test_AbaRouteValidator_11" time="0"/>
  <testcase name="testAbaNumberCheck_23757_good" classname="com.cardatechnologies.utils.validators.abaroutevalidator.Test_AbaRouteValidator_11" time="0"/>
  <testcase name="testAbaNumberCheck_22817_good" classname="com.cardatechnologies.utils.validators.abaroutevalidator.Test_AbaRouteValidator_11" time="0"/>
  <testcase name="testAbaNumberCheck_22781_good" classname="com.cardatechnologies.utils.validators.abaroutevalidator.Test_AbaRouteValidator_11" time="0"/>
  <testcase name="testAbaNumberCheck_23595_good" classname="com.cardatechnologies.utils.validators.abaroutevalidator.Test_AbaRouteValidator_11" time="0"/>
  <testcase name="testAbaNumberCheck_22655_good" classname="com.cardatechnologies.utils.validators.abaroutevalidator.Test_AbaRouteValidator_11" time="0.001"/>
  <testcase name="testAbaNumberCheck_23469_good" classname="com.cardatechnologies.utils.validators.abaroutevalidator.Test_AbaRouteValidator_11" time="0"/>
  <testcase name="testAbaNumberCheck_22529_good" classname="com.cardatechnologies.utils.validators.abaroutevalidator.Test_AbaRouteValidator_11" time="0"/>
  <testcase name="testAbaNumberCheck_22493_good" classname="com.cardatechnologies.utils.validators.abaroutevalidator.Test_AbaRouteValidator_11" time="0"/>
  <testcase name="testAbaNumberCheck_23965_good" classname="com.cardatechnologies.utils.validators.abaroutevalidator.Test_AbaRouteValidator_11" time="0"/>
  <testcase name="testAbaNumberCheck_24779_good" classname="com.cardatechnologies.utils.validators.abaroutevalidator.Test_AbaRouteValidator_11" time="0"/>
  <testcase name="testAbaNumberCheck_23839_good" classname="com.cardatechnologies.utils.validators.abaroutevalidator.Test_AbaRouteValidator_11" time="0"/>
  <testcase name="testAbaNumberCheck_22863_good" classname="com.cardatechnologies.utils.validators.abaroutevalidator.Test_AbaRouteValidator_11" time="0"/>
  <testcase name="testAbaNumberCheck_23677_good" classname="com.cardatechnologies.utils.validators.abaroutevalidator.Test_AbaRouteValidator_11" time="0"/>
  <testcase name="testAbaNumberCheck_22737_good" classname="com.cardatechnologies.utils.validators.abaroutevalidator.Test_AbaRouteValidator_11" time="0"/>
  <testcase name="testAbaNumberCheck_22575_good" classname="com.cardatechnologies.utils.validators.abaroutevalidator.Test_AbaRouteValidator_11" time="0"/>
  <testcase name="testAbaNumberCheck_23389_good" classname="com.cardatechnologies.utils.validators.abaroutevalidator.Test_AbaRouteValidator_11" time="0"/>
  <testcase name="testAbaNumberCheck_24987_good" classname="com.cardatechnologies.utils.validators.abaroutevalidator.Test_AbaRouteValidator_11" time="0"/>
  <testcase name="testAbaNumberCheck_23885_good" classname="com.cardatechnologies.utils.validators.abaroutevalidator.Test_AbaRouteValidator_11" time="0"/>
  <testcase name="testAbaNumberCheck_22945_good" classname="com.cardatechnologies.utils.validators.abaroutevalidator.Test_AbaRouteValidator_11" time="0"/>
  <testcase name="testAbaNumberCheck_24699_good" classname="com.cardatechnologies.utils.validators.abaroutevalidator.Test_AbaRouteValidator_11" time="0"/>
  <testcase name="testAbaNumberCheck_23759_good" classname="com.cardatechnologies.utils.validators.abaroutevalidator.Test_AbaRouteValidator_11" time="0"/>
  <testcase name="testAbaNumberCheck_22819_good" classname="com.cardatechnologies.utils.validators.abaroutevalidator.Test_AbaRouteValidator_11" time="0"/>
  <testcase name="testAbaNumberCheck_22783_good" classname="com.cardatechnologies.utils.validators.abaroutevalidator.Test_AbaRouteValidator_11" time="0"/>
  <testcase name="testAbaNumberCheck_23597_good" classname="com.cardatechnologies.utils.validators.abaroutevalidator.Test_AbaRouteValidator_11" time="0"/>
  <testcase name="testAbaNumberCheck_22657_good" classname="com.cardatechnologies.utils.validators.abaroutevalidator.Test_AbaRouteValidator_11" time="0"/>
  <testcase name="testAbaNumberCheck_22495_good" classname="com.cardatechnologies.utils.validators.abaroutevalidator.Test_AbaRouteValidator_11" time="0"/>
  <testcase name="testAbaNumberCheck_23967_good" classname="com.cardatechnologies.utils.validators.abaroutevalidator.Test_AbaRouteValidator_11" time="0"/>
  <testcase name="testAbaNumberCheck_22991_good" classname="com.cardatechnologies.utils.validators.abaroutevalidator.Test_AbaRouteValidator_11" time="0"/>
  <testcase name="testAbaNumberCheck_22865_good" classname="com.cardatechnologies.utils.validators.abaroutevalidator.Test_AbaRouteValidator_11" time="0"/>
  <testcase name="testAbaNumberCheck_23679_good" classname="com.cardatechnologies.utils.validators.abaroutevalidator.Test_AbaRouteValidator_11" time="0"/>
  <testcase name="testAbaNumberCheck_22739_good" classname="com.cardatechnologies.utils.validators.abaroutevalidator.Test_AbaRouteValidator_11" time="0"/>
  <testcase name="testAbaNumberCheck_22577_good" classname="com.cardatechnologies.utils.validators.abaroutevalidator.Test_AbaRouteValidator_11" time="0.001"/>
  <testcase name="testAbaNumberCheck_24989_good" classname="com.cardatechnologies.utils.validators.abaroutevalidator.Test_AbaRouteValidator_11" time="0"/>
  <testcase name="testAbaNumberCheck_23887_good" classname="com.cardatechnologies.utils.validators.abaroutevalidator.Test_AbaRouteValidator_11" time="0"/>
  <testcase name="testAbaNumberCheck_22947_good" classname="com.cardatechnologies.utils.validators.abaroutevalidator.Test_AbaRouteValidator_11" time="0"/>
  <testcase name="testAbaNumberCheck_22785_good" classname="com.cardatechnologies.utils.validators.abaroutevalidator.Test_AbaRouteValidator_11" time="0"/>
  <testcase name="testAbaNumberCheck_23599_good" classname="com.cardatechnologies.utils.validators.abaroutevalidator.Test_AbaRouteValidator_11" time="0"/>
  <testcase name="testAbaNumberCheck_22659_good" classname="com.cardatechnologies.utils.validators.abaroutevalidator.Test_AbaRouteValidator_11" time="0"/>
  <testcase name="testAbaNumberCheck_22497_good" classname="com.cardatechnologies.utils.validators.abaroutevalidator.Test_AbaRouteValidator_11" time="0"/>
  <testcase name="testAbaNumberCheck_23969_good" classname="com.cardatechnologies.utils.validators.abaroutevalidator.Test_AbaRouteValidator_11" time="0"/>
  <testcase name="testAbaNumberCheck_22993_good" classname="com.cardatechnologies.utils.validators.abaroutevalidator.Test_AbaRouteValidator_11" time="0"/>
  <testcase name="testAbaNumberCheck_22867_good" classname="com.cardatechnologies.utils.validators.abaroutevalidator.Test_AbaRouteValidator_11" time="0"/>
  <testcase name="testAbaNumberCheck_22579_good" classname="com.cardatechnologies.utils.validators.abaroutevalidator.Test_AbaRouteValidator_11" time="0"/>
  <testcase name="testAbaNumberCheck_23889_good" classname="com.cardatechnologies.utils.validators.abaroutevalidator.Test_AbaRouteValidator_11" time="0"/>
  <testcase name="testAbaNumberCheck_22949_good" classname="com.cardatechnologies.utils.validators.abaroutevalidator.Test_AbaRouteValidator_11" time="0"/>
  <testcase name="testAbaNumberCheck_22787_good" classname="com.cardatechnologies.utils.validators.abaroutevalidator.Test_AbaRouteValidator_11" time="0"/>
  <testcase name="testAbaNumberCheck_22499_good" classname="com.cardatechnologies.utils.validators.abaroutevalidator.Test_AbaRouteValidator_11" time="0"/>
  <testcase name="testAbaNumberCheck_22995_good" classname="com.cardatechnologies.utils.validators.abaroutevalidator.Test_AbaRouteValidator_11" time="0"/>
  <testcase name="testAbaNumberCheck_22869_good" classname="com.cardatechnologies.utils.validators.abaroutevalidator.Test_AbaRouteValidator_11" time="0"/>
  <testcase name="testAbaNumberCheck_22789_good" classname="com.cardatechnologies.utils.validators.abaroutevalidator.Test_AbaRouteValidator_11" time="0"/>
  <testcase name="testAbaNumberCheck_22997_good" classname="com.cardatechnologies.utils.validators.abaroutevalidator.Test_AbaRouteValidator_11" time="0"/>
  <testcase name="testAbaNumberCheck_24100_bad" classname="com.cardatechnologies.utils.validators.abaroutevalidator.Test_AbaRouteValidator_11" time="0"/>
  <testcase name="testAbaNumberCheck_24102_bad" classname="com.cardatechnologies.utils.validators.abaroutevalidator.Test_AbaRouteValidator_11" time="0"/>
  <testcase name="testAbaNumberCheck_24104_bad" classname="com.cardatechnologies.utils.validators.abaroutevalidator.Test_AbaRouteValidator_11" time="0"/>
  <testcase name="testAbaNumberCheck_24106_bad" classname="com.cardatechnologies.utils.validators.abaroutevalidator.Test_AbaRouteValidator_11" time="0"/>
  <testcase name="testAbaNumberCheck_24108_bad" classname="com.cardatechnologies.utils.validators.abaroutevalidator.Test_AbaRouteValidator_11" time="0"/>
  <testcase name="testAbaNumberCheck_24101_good" classname="com.cardatechnologies.utils.validators.abaroutevalidator.Test_AbaRouteValidator_11" time="0"/>
  <testcase name="testAbaNumberCheck_24110_bad" classname="com.cardatechnologies.utils.validators.abaroutevalidator.Test_AbaRouteValidator_11" time="0"/>
  <testcase name="testAbaNumberCheck_22999_good" classname="com.cardatechnologies.utils.validators.abaroutevalidator.Test_AbaRouteValidator_11" time="0"/>
  <testcase name="testAbaNumberCheck_24112_bad" classname="com.cardatechnologies.utils.validators.abaroutevalidator.Test_AbaRouteValidator_11" time="0.001"/>
  <testcase name="testAbaNumberCheck_23300_bad" classname="com.cardatechnologies.utils.validators.abaroutevalidator.Test_AbaRouteValidator_11" time="0"/>
  <testcase name="testAbaNumberCheck_24114_bad" classname="com.cardatechnologies.utils.validators.abaroutevalidator.Test_AbaRouteValidator_11" time="0"/>
  <testcase name="testAbaNumberCheck_23302_bad" classname="com.cardatechnologies.utils.validators.abaroutevalidator.Test_AbaRouteValidator_11" time="0"/>
  <testcase name="testAbaNumberCheck_24116_bad" classname="com.cardatechnologies.utils.validators.abaroutevalidator.Test_AbaRouteValidator_11" time="0"/>
  <testcase name="testAbaNumberCheck_23304_bad" classname="com.cardatechnologies.utils.validators.abaroutevalidator.Test_AbaRouteValidator_11" time="0"/>
  <testcase name="testAbaNumberCheck_24118_bad" classname="com.cardatechnologies.utils.validators.abaroutevalidator.Test_AbaRouteValidator_11" time="0"/>
  <testcase name="testAbaNumberCheck_23306_bad" classname="com.cardatechnologies.utils.validators.abaroutevalidator.Test_AbaRouteValidator_11" time="0"/>
  <testcase name="testAbaNumberCheck_23308_bad" classname="com.cardatechnologies.utils.validators.abaroutevalidator.Test_AbaRouteValidator_11" time="0"/>
  <testcase name="testAbaNumberCheck_24021_good" classname="com.cardatechnologies.utils.validators.abaroutevalidator.Test_AbaRouteValidator_11" time="0"/>
  <testcase name="testAbaNumberCheck_24120_bad" classname="com.cardatechnologies.utils.validators.abaroutevalidator.Test_AbaRouteValidator_11" time="0"/>
  <testcase name="testAbaNumberCheck_24122_bad" classname="com.cardatechnologies.utils.validators.abaroutevalidator.Test_AbaRouteValidator_11" time="0"/>
  <testcase name="testAbaNumberCheck_23310_bad" classname="com.cardatechnologies.utils.validators.abaroutevalidator.Test_AbaRouteValidator_11" time="0"/>
  <testcase name="testAbaNumberCheck_24124_bad" classname="com.cardatechnologies.utils.validators.abaroutevalidator.Test_AbaRouteValidator_11" time="0"/>
  <testcase name="testAbaNumberCheck_23312_bad" classname="com.cardatechnologies.utils.validators.abaroutevalidator.Test_AbaRouteValidator_11" time="0"/>
  <testcase name="testAbaNumberCheck_24126_bad" classname="com.cardatechnologies.utils.validators.abaroutevalidator.Test_AbaRouteValidator_11" time="0"/>
  <testcase name="testAbaNumberCheck_22500_bad" classname="com.cardatechnologies.utils.validators.abaroutevalidator.Test_AbaRouteValidator_11" time="0"/>
  <testcase name="testAbaNumberCheck_23314_bad" classname="com.cardatechnologies.utils.validators.abaroutevalidator.Test_AbaRouteValidator_11" time="0"/>
  <testcase name="testAbaNumberCheck_24128_bad" classname="com.cardatechnologies.utils.validators.abaroutevalidator.Test_AbaRouteValidator_11" time="0"/>
  <testcase name="testAbaNumberCheck_22502_bad" classname="com.cardatechnologies.utils.validators.abaroutevalidator.Test_AbaRouteValidator_11" time="0"/>
  <testcase name="testAbaNumberCheck_23316_bad" classname="com.cardatechnologies.utils.validators.abaroutevalidator.Test_AbaRouteValidator_11" time="0"/>
  <testcase name="testAbaNumberCheck_22504_bad" classname="com.cardatechnologies.utils.validators.abaroutevalidator.Test_AbaRouteValidator_11" time="0"/>
  <testcase name="testAbaNumberCheck_23318_bad" classname="com.cardatechnologies.utils.validators.abaroutevalidator.Test_AbaRouteValidator_11" time="0"/>
  <testcase name="testAbaNumberCheck_22506_bad" classname="com.cardatechnologies.utils.validators.abaroutevalidator.Test_AbaRouteValidator_11" time="0"/>
  <testcase name="testAbaNumberCheck_22508_bad" classname="com.cardatechnologies.utils.validators.abaroutevalidator.Test_AbaRouteValidator_11" time="0"/>
  <testcase name="testAbaNumberCheck_24103_good" classname="com.cardatechnologies.utils.validators.abaroutevalidator.Test_AbaRouteValidator_11" time="0"/>
  <testcase name="testAbaNumberCheck_24130_bad" classname="com.cardatechnologies.utils.validators.abaroutevalidator.Test_AbaRouteValidator_11" time="0.001"/>
  <testcase name="testAbaNumberCheck_24132_bad" classname="com.cardatechnologies.utils.validators.abaroutevalidator.Test_AbaRouteValidator_11" time="0"/>
  <testcase name="testAbaNumberCheck_23320_bad" classname="com.cardatechnologies.utils.validators.abaroutevalidator.Test_AbaRouteValidator_11" time="0"/>
  <testcase name="testAbaNumberCheck_24134_bad" classname="com.cardatechnologies.utils.validators.abaroutevalidator.Test_AbaRouteValidator_11" time="0"/>
  <testcase name="testAbaNumberCheck_23001_good" classname="com.cardatechnologies.utils.validators.abaroutevalidator.Test_AbaRouteValidator_11" time="0"/>
  <testcase name="testAbaNumberCheck_23322_bad" classname="com.cardatechnologies.utils.validators.abaroutevalidator.Test_AbaRouteValidator_11" time="0"/>
  <testcase name="testAbaNumberCheck_24136_bad" classname="com.cardatechnologies.utils.validators.abaroutevalidator.Test_AbaRouteValidator_11" time="0"/>
  <testcase name="testAbaNumberCheck_22510_bad" classname="com.cardatechnologies.utils.validators.abaroutevalidator.Test_AbaRouteValidator_11" time="0"/>
  <testcase name="testAbaNumberCheck_23324_bad" classname="com.cardatechnologies.utils.validators.abaroutevalidator.Test_AbaRouteValidator_11" time="0"/>
  <testcase name="testAbaNumberCheck_24138_bad" classname="com.cardatechnologies.utils.validators.abaroutevalidator.Test_AbaRouteValidator_11" time="0"/>
  <testcase name="testAbaNumberCheck_22512_bad" classname="com.cardatechnologies.utils.validators.abaroutevalidator.Test_AbaRouteValidator_11" time="0"/>
  <testcase name="testAbaNumberCheck_23326_bad" classname="com.cardatechnologies.utils.validators.abaroutevalidator.Test_AbaRouteValidator_11" time="0"/>
  <testcase name="testAbaNumberCheck_22514_bad" classname="com.cardatechnologies.utils.validators.abaroutevalidator.Test_AbaRouteValidator_11" time="0"/>
  <testcase name="testAbaNumberCheck_23328_bad" classname="com.cardatechnologies.utils.validators.abaroutevalidator.Test_AbaRouteValidator_11" time="0"/>
  <testcase name="testAbaNumberCheck_22516_bad" classname="com.cardatechnologies.utils.validators.abaroutevalidator.Test_AbaRouteValidator_11" time="0"/>
  <testcase name="testAbaNumberCheck_22518_bad" classname="com.cardatechnologies.utils.validators.abaroutevalidator.Test_AbaRouteValidator_11" time="0"/>
  <testcase name="testAbaNumberCheck_24311_good" classname="com.cardatechnologies.utils.validators.abaroutevalidator.Test_AbaRouteValidator_11" time="0"/>
  <testcase name="testAbaNumberCheck_24023_good" classname="com.cardatechnologies.utils.validators.abaroutevalidator.Test_AbaRouteValidator_11" time="0"/>
  <testcase name="testAbaNumberCheck_24140_bad" classname="com.cardatechnologies.utils.validators.abaroutevalidator.Test_AbaRouteValidator_11" time="0"/>
  <testcase name="testAbaNumberCheck_24142_bad" classname="com.cardatechnologies.utils.validators.abaroutevalidator.Test_AbaRouteValidator_11" time="0"/>
  <testcase name="testAbaNumberCheck_23330_bad" classname="com.cardatechnologies.utils.validators.abaroutevalidator.Test_AbaRouteValidator_11" time="0"/>
  <testcase name="testAbaNumberCheck_24144_bad" classname="com.cardatechnologies.utils.validators.abaroutevalidator.Test_AbaRouteValidator_11" time="0"/>
  <testcase name="testAbaNumberCheck_23332_bad" classname="com.cardatechnologies.utils.validators.abaroutevalidator.Test_AbaRouteValidator_11" time="0"/>
  <testcase name="testAbaNumberCheck_24146_bad" classname="com.cardatechnologies.utils.validators.abaroutevalidator.Test_AbaRouteValidator_11" time="0"/>
  <testcase name="testAbaNumberCheck_22520_bad" classname="com.cardatechnologies.utils.validators.abaroutevalidator.Test_AbaRouteValidator_11" time="0"/>
  <testcase name="testAbaNumberCheck_23334_bad" classname="com.cardatechnologies.utils.validators.abaroutevalidator.Test_AbaRouteValidator_11" time="0"/>
  <testcase name="testAbaNumberCheck_24148_bad" classname="com.cardatechnologies.utils.validators.abaroutevalidator.Test_AbaRouteValidator_11" time="0"/>
  <testcase name="testAbaNumberCheck_22522_bad" classname="com.cardatechnologies.utils.validators.abaroutevalidator.Test_AbaRouteValidator_11" time="0"/>
  <testcase name="testAbaNumberCheck_23336_bad" classname="com.cardatechnologies.utils.validators.abaroutevalidator.Test_AbaRouteValidator_11" time="0.001"/>
  <testcase name="testAbaNumberCheck_22524_bad" classname="com.cardatechnologies.utils.validators.abaroutevalidator.Test_AbaRouteValidator_11" time="0"/>
  <testcase name="testAbaNumberCheck_23338_bad" classname="com.cardatechnologies.utils.validators.abaroutevalidator.Test_AbaRouteValidator_11" time="0"/>
  <testcase name="testAbaNumberCheck_22526_bad" classname="com.cardatechnologies.utils.validators.abaroutevalidator.Test_AbaRouteValidator_11" time="0"/>
  <testcase name="testAbaNumberCheck_22528_bad" classname="com.cardatechnologies.utils.validators.abaroutevalidator.Test_AbaRouteValidator_11" time="0"/>
  <testcase name="testAbaNumberCheck_24231_good" classname="com.cardatechnologies.utils.validators.abaroutevalidator.Test_AbaRouteValidator_11" time="0"/>
  <testcase name="testAbaNumberCheck_24105_good" classname="com.cardatechnologies.utils.validators.abaroutevalidator.Test_AbaRouteValidator_11" time="0"/>
  <testcase name="testAbaNumberCheck_24600_bad" classname="com.cardatechnologies.utils.validators.abaroutevalidator.Test_AbaRouteValidator_11" time="0"/>
  <testcase name="testAbaNumberCheck_24150_bad" classname="com.cardatechnologies.utils.validators.abaroutevalidator.Test_AbaRouteValidator_11" time="0"/>
  <testcase name="testAbaNumberCheck_24602_bad" classname="com.cardatechnologies.utils.validators.abaroutevalidator.Test_AbaRouteValidator_11" time="0"/>
  <testcase name="testAbaNumberCheck_24152_bad" classname="com.cardatechnologies.utils.validators.abaroutevalidator.Test_AbaRouteValidator_11" time="0"/>
  <testcase name="testAbaNumberCheck_24604_bad" classname="com.cardatechnologies.utils.validators.abaroutevalidator.Test_AbaRouteValidator_11" time="0"/>
  <testcase name="testAbaNumberCheck_23340_bad" classname="com.cardatechnologies.utils.validators.abaroutevalidator.Test_AbaRouteValidator_11" time="0"/>
  <testcase name="testAbaNumberCheck_24154_bad" classname="com.cardatechnologies.utils.validators.abaroutevalidator.Test_AbaRouteValidator_11" time="0"/>
  <testcase name="testAbaNumberCheck_23003_good" classname="com.cardatechnologies.utils.validators.abaroutevalidator.Test_AbaRouteValidator_11" time="0"/>
  <testcase name="testAbaNumberCheck_24606_bad" classname="com.cardatechnologies.utils.validators.abaroutevalidator.Test_AbaRouteValidator_11" time="0"/>
  <testcase name="testAbaNumberCheck_23342_bad" classname="com.cardatechnologies.utils.validators.abaroutevalidator.Test_AbaRouteValidator_11" time="0"/>
  <testcase name="testAbaNumberCheck_24156_bad" classname="com.cardatechnologies.utils.validators.abaroutevalidator.Test_AbaRouteValidator_11" time="0"/>
  <testcase name="testAbaNumberCheck_24601_good" classname="com.cardatechnologies.utils.validators.abaroutevalidator.Test_AbaRouteValidator_11" time="0"/>
  <testcase name="testAbaNumberCheck_24608_bad" classname="com.cardatechnologies.utils.validators.abaroutevalidator.Test_AbaRouteValidator_11" time="0"/>
  <testcase name="testAbaNumberCheck_22530_bad" classname="com.cardatechnologies.utils.validators.abaroutevalidator.Test_AbaRouteValidator_11" time="0"/>
  <testcase name="testAbaNumberCheck_23344_bad" classname="com.cardatechnologies.utils.validators.abaroutevalidator.Test_AbaRouteValidator_11" time="0.001"/>
  <testcase name="testAbaNumberCheck_24158_bad" classname="com.cardatechnologies.utils.validators.abaroutevalidator.Test_AbaRouteValidator_11" time="0"/>
  <testcase name="testAbaNumberCheck_22532_bad" classname="com.cardatechnologies.utils.validators.abaroutevalidator.Test_AbaRouteValidator_11" time="0"/>
  <testcase name="testAbaNumberCheck_23346_bad" classname="com.cardatechnologies.utils.validators.abaroutevalidator.Test_AbaRouteValidator_11" time="0"/>
  <testcase name="testAbaNumberCheck_22534_bad" classname="com.cardatechnologies.utils.validators.abaroutevalidator.Test_AbaRouteValidator_11" time="0"/>
  <testcase name="testAbaNumberCheck_23348_bad" classname="com.cardatechnologies.utils.validators.abaroutevalidator.Test_AbaRouteValidator_11" time="0"/>
  <testcase name="testAbaNumberCheck_22536_bad" classname="com.cardatechnologies.utils.validators.abaroutevalidator.Test_AbaRouteValidator_11" time="0"/>
  <testcase name="testAbaNumberCheck_22538_bad" classname="com.cardatechnologies.utils.validators.abaroutevalidator.Test_AbaRouteValidator_11" time="0"/>
  <testcase name="testAbaNumberCheck_24313_good" classname="com.cardatechnologies.utils.validators.abaroutevalidator.Test_AbaRouteValidator_11" time="0"/>
  <testcase name="testAbaNumberCheck_24151_good" classname="com.cardatechnologies.utils.validators.abaroutevalidator.Test_AbaRouteValidator_11" time="0"/>
  <testcase name="testAbaNumberCheck_23211_good" classname="com.cardatechnologies.utils.validators.abaroutevalidator.Test_AbaRouteValidator_11" time="0"/>
  <testcase name="testAbaNumberCheck_24610_bad" classname="com.cardatechnologies.utils.validators.abaroutevalidator.Test_AbaRouteValidator_11" time="0"/>
  <testcase name="testAbaNumberCheck_24025_good" classname="com.cardatechnologies.utils.validators.abaroutevalidator.Test_AbaRouteValidator_11" time="0"/>
  <testcase name="testAbaNumberCheck_24160_bad" classname="com.cardatechnologies.utils.validators.abaroutevalidator.Test_AbaRouteValidator_11" time="0"/>
  <testcase name="testAbaNumberCheck_24612_bad" classname="com.cardatechnologies.utils.validators.abaroutevalidator.Test_AbaRouteValidator_11" time="0"/>
  <testcase name="testAbaNumberCheck_24162_bad" classname="com.cardatechnologies.utils.validators.abaroutevalidator.Test_AbaRouteValidator_11" time="0"/>
  <testcase name="testAbaNumberCheck_23800_bad" classname="com.cardatechnologies.utils.validators.abaroutevalidator.Test_AbaRouteValidator_11" time="0"/>
  <testcase name="testAbaNumberCheck_24614_bad" classname="com.cardatechnologies.utils.validators.abaroutevalidator.Test_AbaRouteValidator_11" time="0"/>
  <testcase name="testAbaNumberCheck_23350_bad" classname="com.cardatechnologies.utils.validators.abaroutevalidator.Test_AbaRouteValidator_11" time="0"/>
  <testcase name="testAbaNumberCheck_24164_bad" classname="com.cardatechnologies.utils.validators.abaroutevalidator.Test_AbaRouteValidator_11" time="0"/>
  <testcase name="testAbaNumberCheck_23802_bad" classname="com.cardatechnologies.utils.validators.abaroutevalidator.Test_AbaRouteValidator_11" time="0"/>
  <testcase name="testAbaNumberCheck_24616_bad" classname="com.cardatechnologies.utils.validators.abaroutevalidator.Test_AbaRouteValidator_11" time="0.001"/>
  <testcase name="testAbaNumberCheck_23352_bad" classname="com.cardatechnologies.utils.validators.abaroutevalidator.Test_AbaRouteValidator_11" time="0"/>
  <testcase name="testAbaNumberCheck_24166_bad" classname="com.cardatechnologies.utils.validators.abaroutevalidator.Test_AbaRouteValidator_11" time="0"/>
  <testcase name="testAbaNumberCheck_23804_bad" classname="com.cardatechnologies.utils.validators.abaroutevalidator.Test_AbaRouteValidator_11" time="0"/>
  <testcase name="testAbaNumberCheck_24618_bad" classname="com.cardatechnologies.utils.validators.abaroutevalidator.Test_AbaRouteValidator_11" time="0"/>
  <testcase name="testAbaNumberCheck_22540_bad" classname="com.cardatechnologies.utils.validators.abaroutevalidator.Test_AbaRouteValidator_11" time="0"/>
  <testcase name="testAbaNumberCheck_23354_bad" classname="com.cardatechnologies.utils.validators.abaroutevalidator.Test_AbaRouteValidator_11" time="0"/>
  <testcase name="testAbaNumberCheck_24168_bad" classname="com.cardatechnologies.utils.validators.abaroutevalidator.Test_AbaRouteValidator_11" time="0"/>
  <testcase name="testAbaNumberCheck_23806_bad" classname="com.cardatechnologies.utils.validators.abaroutevalidator.Test_AbaRouteValidator_11" time="0"/>
  <testcase name="testAbaNumberCheck_22542_bad" classname="com.cardatechnologies.utils.validators.abaroutevalidator.Test_AbaRouteValidator_11" time="0"/>
  <testcase name="testAbaNumberCheck_23356_bad" classname="com.cardatechnologies.utils.validators.abaroutevalidator.Test_AbaRouteValidator_11" time="0"/>
  <testcase name="testAbaNumberCheck_24521_good" classname="com.cardatechnologies.utils.validators.abaroutevalidator.Test_AbaRouteValidator_11" time="0"/>
  <testcase name="testAbaNumberCheck_23808_bad" classname="com.cardatechnologies.utils.validators.abaroutevalidator.Test_AbaRouteValidator_11" time="0"/>
  <testcase name="testAbaNumberCheck_22544_bad" classname="com.cardatechnologies.utils.validators.abaroutevalidator.Test_AbaRouteValidator_11" time="0"/>
  <testcase name="testAbaNumberCheck_23358_bad" classname="com.cardatechnologies.utils.validators.abaroutevalidator.Test_AbaRouteValidator_11" time="0"/>
  <testcase name="testAbaNumberCheck_22546_bad" classname="com.cardatechnologies.utils.validators.abaroutevalidator.Test_AbaRouteValidator_11" time="0"/>
  <testcase name="testAbaNumberCheck_22548_bad" classname="com.cardatechnologies.utils.validators.abaroutevalidator.Test_AbaRouteValidator_11" time="0"/>
  <testcase name="testAbaNumberCheck_24233_good" classname="com.cardatechnologies.utils.validators.abaroutevalidator.Test_AbaRouteValidator_11" time="0"/>
  <testcase name="testAbaNumberCheck_24107_good" classname="com.cardatechnologies.utils.validators.abaroutevalidator.Test_AbaRouteValidator_11" time="0"/>
  <testcase name="testAbaNumberCheck_24071_good" classname="com.cardatechnologies.utils.validators.abaroutevalidator.Test_AbaRouteValidator_11" time="0"/>
  <testcase name="testAbaNumberCheck_24620_bad" classname="com.cardatechnologies.utils.validators.abaroutevalidator.Test_AbaRouteValidator_11" time="0.001"/>
  <testcase name="testAbaNumberCheck_23131_good" classname="com.cardatechnologies.utils.validators.abaroutevalidator.Test_AbaRouteValidator_11" time="0"/>
  <testcase name="testAbaNumberCheck_24170_bad" classname="com.cardatechnologies.utils.validators.abaroutevalidator.Test_AbaRouteValidator_11" time="0"/>
  <testcase name="testAbaNumberCheck_24622_bad" classname="com.cardatechnologies.utils.validators.abaroutevalidator.Test_AbaRouteValidator_11" time="0"/>
  <testcase name="testAbaNumberCheck_24172_bad" classname="com.cardatechnologies.utils.validators.abaroutevalidator.Test_AbaRouteValidator_11" time="0"/>
  <testcase name="testAbaNumberCheck_23810_bad" classname="com.cardatechnologies.utils.validators.abaroutevalidator.Test_AbaRouteValidator_11" time="0"/>
  <testcase name="testAbaNumberCheck_24624_bad" classname="com.cardatechnologies.utils.validators.abaroutevalidator.Test_AbaRouteValidator_11" time="0"/>
  <testcase name="testAbaNumberCheck_23360_bad" classname="com.cardatechnologies.utils.validators.abaroutevalidator.Test_AbaRouteValidator_11" time="0"/>
  <testcase name="testAbaNumberCheck_24174_bad" classname="com.cardatechnologies.utils.validators.abaroutevalidator.Test_AbaRouteValidator_11" time="0"/>
  <testcase name="testAbaNumberCheck_23005_good" classname="com.cardatechnologies.utils.validators.abaroutevalidator.Test_AbaRouteValidator_11" time="0"/>
  <testcase name="testAbaNumberCheck_23812_bad" classname="com.cardatechnologies.utils.validators.abaroutevalidator.Test_AbaRouteValidator_11" time="0"/>
  <testcase name="testAbaNumberCheck_24626_bad" classname="com.cardatechnologies.utils.validators.abaroutevalidator.Test_AbaRouteValidator_11" time="0"/>
  <testcase name="testAbaNumberCheck_23362_bad" classname="com.cardatechnologies.utils.validators.abaroutevalidator.Test_AbaRouteValidator_11" time="0"/>
  <testcase name="testAbaNumberCheck_24176_bad" classname="com.cardatechnologies.utils.validators.abaroutevalidator.Test_AbaRouteValidator_11" time="0"/>
  <testcase name="testAbaNumberCheck_24603_good" classname="com.cardatechnologies.utils.validators.abaroutevalidator.Test_AbaRouteValidator_11" time="0"/>
  <testcase name="testAbaNumberCheck_23814_bad" classname="com.cardatechnologies.utils.validators.abaroutevalidator.Test_AbaRouteValidator_11" time="0"/>
  <testcase name="testAbaNumberCheck_24628_bad" classname="com.cardatechnologies.utils.validators.abaroutevalidator.Test_AbaRouteValidator_11" time="0"/>
  <testcase name="testAbaNumberCheck_22550_bad" classname="com.cardatechnologies.utils.validators.abaroutevalidator.Test_AbaRouteValidator_11" time="0"/>
  <testcase name="testAbaNumberCheck_23364_bad" classname="com.cardatechnologies.utils.validators.abaroutevalidator.Test_AbaRouteValidator_11" time="0"/>
  <testcase name="testAbaNumberCheck_24178_bad" classname="com.cardatechnologies.utils.validators.abaroutevalidator.Test_AbaRouteValidator_11" time="0"/>
  <testcase name="testAbaNumberCheck_23816_bad" classname="com.cardatechnologies.utils.validators.abaroutevalidator.Test_AbaRouteValidator_11" time="0"/>
  <testcase name="testAbaNumberCheck_22552_bad" classname="com.cardatechnologies.utils.validators.abaroutevalidator.Test_AbaRouteValidator_11" time="0"/>
  <testcase name="testAbaNumberCheck_23366_bad" classname="com.cardatechnologies.utils.validators.abaroutevalidator.Test_AbaRouteValidator_11" time="0"/>
  <testcase name="testAbaNumberCheck_23818_bad" classname="com.cardatechnologies.utils.validators.abaroutevalidator.Test_AbaRouteValidator_11" time="0"/>
  <testcase name="testAbaNumberCheck_22554_bad" classname="com.cardatechnologies.utils.validators.abaroutevalidator.Test_AbaRouteValidator_11" time="0"/>
  <testcase name="testAbaNumberCheck_23368_bad" classname="com.cardatechnologies.utils.validators.abaroutevalidator.Test_AbaRouteValidator_11" time="0"/>
  <testcase name="testAbaNumberCheck_22556_bad" classname="com.cardatechnologies.utils.validators.abaroutevalidator.Test_AbaRouteValidator_11" time="0.001"/>
  <testcase name="testAbaNumberCheck_24441_good" classname="com.cardatechnologies.utils.validators.abaroutevalidator.Test_AbaRouteValidator_11" time="0"/>
  <testcase name="testAbaNumberCheck_23501_good" classname="com.cardatechnologies.utils.validators.abaroutevalidator.Test_AbaRouteValidator_11" time="0"/>
  <testcase name="testAbaNumberCheck_22558_bad" classname="com.cardatechnologies.utils.validators.abaroutevalidator.Test_AbaRouteValidator_11" time="0"/>
  <testcase name="testAbaNumberCheck_24315_good" classname="com.cardatechnologies.utils.validators.abaroutevalidator.Test_AbaRouteValidator_11" time="0"/>
  <testcase name="testAbaNumberCheck_24153_good" classname="com.cardatechnologies.utils.validators.abaroutevalidator.Test_AbaRouteValidator_11" time="0"/>
  <testcase name="testAbaNumberCheck_23213_good" classname="com.cardatechnologies.utils.validators.abaroutevalidator.Test_AbaRouteValidator_11" time="0"/>
  <testcase name="testAbaNumberCheck_24811_good" classname="com.cardatechnologies.utils.validators.abaroutevalidator.Test_AbaRouteValidator_11" time="0"/>
  <testcase name="testAbaNumberCheck_24630_bad" classname="com.cardatechnologies.utils.validators.abaroutevalidator.Test_AbaRouteValidator_11" time="0"/>
  <testcase name="testAbaNumberCheck_24027_good" classname="com.cardatechnologies.utils.validators.abaroutevalidator.Test_AbaRouteValidator_11" time="0"/>
  <testcase name="testAbaNumberCheck_24180_bad" classname="com.cardatechnologies.utils.validators.abaroutevalidator.Test_AbaRouteValidator_11" time="0"/>
  <testcase name="testAbaNumberCheck_24632_bad" classname="com.cardatechnologies.utils.validators.abaroutevalidator.Test_AbaRouteValidator_11" time="0"/>
  <testcase name="testAbaNumberCheck_24182_bad" classname="com.cardatechnologies.utils.validators.abaroutevalidator.Test_AbaRouteValidator_11" time="0"/>
  <testcase name="testAbaNumberCheck_23820_bad" classname="com.cardatechnologies.utils.validators.abaroutevalidator.Test_AbaRouteValidator_11" time="0"/>
  <testcase name="testAbaNumberCheck_24634_bad" classname="com.cardatechnologies.utils.validators.abaroutevalidator.Test_AbaRouteValidator_11" time="0"/>
  <testcase name="testAbaNumberCheck_23051_good" classname="com.cardatechnologies.utils.validators.abaroutevalidator.Test_AbaRouteValidator_11" time="0"/>
  <testcase name="testAbaNumberCheck_23370_bad" classname="com.cardatechnologies.utils.validators.abaroutevalidator.Test_AbaRouteValidator_11" time="0"/>
  <testcase name="testAbaNumberCheck_24184_bad" classname="com.cardatechnologies.utils.validators.abaroutevalidator.Test_AbaRouteValidator_11" time="0"/>
  <testcase name="testAbaNumberCheck_23822_bad" classname="com.cardatechnologies.utils.validators.abaroutevalidator.Test_AbaRouteValidator_11" time="0"/>
  <testcase name="testAbaNumberCheck_24636_bad" classname="com.cardatechnologies.utils.validators.abaroutevalidator.Test_AbaRouteValidator_11" time="0"/>
  <testcase name="testAbaNumberCheck_23372_bad" classname="com.cardatechnologies.utils.validators.abaroutevalidator.Test_AbaRouteValidator_11" time="0"/>
  <testcase name="testAbaNumberCheck_24186_bad" classname="com.cardatechnologies.utils.validators.abaroutevalidator.Test_AbaRouteValidator_11" time="0"/>
  <testcase name="testAbaNumberCheck_23824_bad" classname="com.cardatechnologies.utils.validators.abaroutevalidator.Test_AbaRouteValidator_11" time="0"/>
  <testcase name="testAbaNumberCheck_24638_bad" classname="com.cardatechnologies.utils.validators.abaroutevalidator.Test_AbaRouteValidator_11" time="0"/>
  <testcase name="testAbaNumberCheck_22560_bad" classname="com.cardatechnologies.utils.validators.abaroutevalidator.Test_AbaRouteValidator_11" time="0.001"/>
  <testcase name="testAbaNumberCheck_23374_bad" classname="com.cardatechnologies.utils.validators.abaroutevalidator.Test_AbaRouteValidator_11" time="0"/>
  <testcase name="testAbaNumberCheck_24188_bad" classname="com.cardatechnologies.utils.validators.abaroutevalidator.Test_AbaRouteValidator_11" time="0"/>
  <testcase name="testAbaNumberCheck_23826_bad" classname="com.cardatechnologies.utils.validators.abaroutevalidator.Test_AbaRouteValidator_11" time="0"/>
  <testcase name="testAbaNumberCheck_22562_bad" classname="com.cardatechnologies.utils.validators.abaroutevalidator.Test_AbaRouteValidator_11" time="0"/>
  <testcase name="testAbaNumberCheck_23376_bad" classname="com.cardatechnologies.utils.validators.abaroutevalidator.Test_AbaRouteValidator_11" time="0"/>
  <testcase name="testAbaNumberCheck_24523_good" classname="com.cardatechnologies.utils.validators.abaroutevalidator.Test_AbaRouteValidator_11" time="0"/>
  <testcase name="testAbaNumberCheck_23828_bad" classname="com.cardatechnologies.utils.validators.abaroutevalidator.Test_AbaRouteValidator_11" time="0"/>
  <testcase name="testAbaNumberCheck_22564_bad" classname="com.cardatechnologies.utils.validators.abaroutevalidator.Test_AbaRouteValidator_11" time="0"/>
  <testcase name="testAbaNumberCheck_23378_bad" classname="com.cardatechnologies.utils.validators.abaroutevalidator.Test_AbaRouteValidator_11" time="0"/>
  <testcase name="testAbaNumberCheck_22566_bad" classname="com.cardatechnologies.utils.validators.abaroutevalidator.Test_AbaRouteValidator_11" time="0"/>
  <testcase name="testAbaNumberCheck_22568_bad" classname="com.cardatechnologies.utils.validators.abaroutevalidator.Test_AbaRouteValidator_11" time="0"/>
  <testcase name="testAbaNumberCheck_24361_good" classname="com.cardatechnologies.utils.validators.abaroutevalidator.Test_AbaRouteValidator_11" time="0"/>
  <testcase name="testAbaNumberCheck_23421_good" classname="com.cardatechnologies.utils.validators.abaroutevalidator.Test_AbaRouteValidator_11" time="0"/>
  <testcase name="testAbaNumberCheck_24235_good" classname="com.cardatechnologies.utils.validators.abaroutevalidator.Test_AbaRouteValidator_11" time="0"/>
  <testcase name="testAbaNumberCheck_24109_good" classname="com.cardatechnologies.utils.validators.abaroutevalidator.Test_AbaRouteValidator_11" time="0"/>
  <testcase name="testAbaNumberCheck_24073_good" classname="com.cardatechnologies.utils.validators.abaroutevalidator.Test_AbaRouteValidator_11" time="0"/>
  <testcase name="testAbaNumberCheck_24640_bad" classname="com.cardatechnologies.utils.validators.abaroutevalidator.Test_AbaRouteValidator_11" time="0"/>
  <testcase name="testAbaNumberCheck_23133_good" classname="com.cardatechnologies.utils.validators.abaroutevalidator.Test_AbaRouteValidator_11" time="0"/>
  <testcase name="testAbaNumberCheck_24190_bad" classname="com.cardatechnologies.utils.validators.abaroutevalidator.Test_AbaRouteValidator_11" time="0"/>
  <testcase name="testAbaNumberCheck_24642_bad" classname="com.cardatechnologies.utils.validators.abaroutevalidator.Test_AbaRouteValidator_11" time="0"/>
  <testcase name="testAbaNumberCheck_24731_good" classname="com.cardatechnologies.utils.validators.abaroutevalidator.Test_AbaRouteValidator_11" time="0"/>
  <testcase name="testAbaNumberCheck_24192_bad" classname="com.cardatechnologies.utils.validators.abaroutevalidator.Test_AbaRouteValidator_11" time="0"/>
  <testcase name="testAbaNumberCheck_23830_bad" classname="com.cardatechnologies.utils.validators.abaroutevalidator.Test_AbaRouteValidator_11" time="0"/>
  <testcase name="testAbaNumberCheck_24644_bad" classname="com.cardatechnologies.utils.validators.abaroutevalidator.Test_AbaRouteValidator_11" time="0"/>
  <testcase name="testAbaNumberCheck_23380_bad" classname="com.cardatechnologies.utils.validators.abaroutevalidator.Test_AbaRouteValidator_11" time="0"/>
  <testcase name="testAbaNumberCheck_24194_bad" classname="com.cardatechnologies.utils.validators.abaroutevalidator.Test_AbaRouteValidator_11" time="0"/>
  <testcase name="testAbaNumberCheck_23007_good" classname="com.cardatechnologies.utils.validators.abaroutevalidator.Test_AbaRouteValidator_11" time="0"/>
  <testcase name="testAbaNumberCheck_23832_bad" classname="com.cardatechnologies.utils.validators.abaroutevalidator.Test_AbaRouteValidator_11" time="0.001"/>
  <testcase name="testAbaNumberCheck_24646_bad" classname="com.cardatechnologies.utils.validators.abaroutevalidator.Test_AbaRouteValidator_11" time="0"/>
  <testcase name="testAbaNumberCheck_23382_bad" classname="com.cardatechnologies.utils.validators.abaroutevalidator.Test_AbaRouteValidator_11" time="0"/>
  <testcase name="testAbaNumberCheck_24196_bad" classname="com.cardatechnologies.utils.validators.abaroutevalidator.Test_AbaRouteValidator_11" time="0"/>
  <testcase name="testAbaNumberCheck_24605_good" classname="com.cardatechnologies.utils.validators.abaroutevalidator.Test_AbaRouteValidator_11" time="0"/>
  <testcase name="testAbaNumberCheck_23834_bad" classname="com.cardatechnologies.utils.validators.abaroutevalidator.Test_AbaRouteValidator_11" time="0"/>
  <testcase name="testAbaNumberCheck_24648_bad" classname="com.cardatechnologies.utils.validators.abaroutevalidator.Test_AbaRouteValidator_11" time="0"/>
  <testcase name="testAbaNumberCheck_22570_bad" classname="com.cardatechnologies.utils.validators.abaroutevalidator.Test_AbaRouteValidator_11" time="0"/>
  <testcase name="testAbaNumberCheck_23384_bad" classname="com.cardatechnologies.utils.validators.abaroutevalidator.Test_AbaRouteValidator_11" time="0"/>
  <testcase name="testAbaNumberCheck_24198_bad" classname="com.cardatechnologies.utils.validators.abaroutevalidator.Test_AbaRouteValidator_11" time="0"/>
  <testcase name="testAbaNumberCheck_23836_bad" classname="com.cardatechnologies.utils.validators.abaroutevalidator.Test_AbaRouteValidator_11" time="0"/>
  <testcase name="testAbaNumberCheck_22572_bad" classname="com.cardatechnologies.utils.validators.abaroutevalidator.Test_AbaRouteValidator_11" time="0"/>
  <testcase name="testAbaNumberCheck_23386_bad" classname="com.cardatechnologies.utils.validators.abaroutevalidator.Test_AbaRouteValidator_11" time="0"/>
  <testcase name="testAbaNumberCheck_23838_bad" classname="com.cardatechnologies.utils.validators.abaroutevalidator.Test_AbaRouteValidator_11" time="0"/>
  <testcase name="testAbaNumberCheck_22574_bad" classname="com.cardatechnologies.utils.validators.abaroutevalidator.Test_AbaRouteValidator_11" time="0"/>
  <testcase name="testAbaNumberCheck_23388_bad" classname="com.cardatechnologies.utils.validators.abaroutevalidator.Test_AbaRouteValidator_11" time="0"/>
  <testcase name="testAbaNumberCheck_22576_bad" classname="com.cardatechnologies.utils.validators.abaroutevalidator.Test_AbaRouteValidator_11" time="0"/>
  <testcase name="testAbaNumberCheck_24443_good" classname="com.cardatechnologies.utils.validators.abaroutevalidator.Test_AbaRouteValidator_11" time="0"/>
  <testcase name="testAbaNumberCheck_23503_good" classname="com.cardatechnologies.utils.validators.abaroutevalidator.Test_AbaRouteValidator_11" time="0"/>
  <testcase name="testAbaNumberCheck_22578_bad" classname="com.cardatechnologies.utils.validators.abaroutevalidator.Test_AbaRouteValidator_11" time="0"/>
  <testcase name="testAbaNumberCheck_24317_good" classname="com.cardatechnologies.utils.validators.abaroutevalidator.Test_AbaRouteValidator_11" time="0.001"/>
  <testcase name="testAbaNumberCheck_24281_good" classname="com.cardatechnologies.utils.validators.abaroutevalidator.Test_AbaRouteValidator_11" time="0"/>
  <testcase name="testAbaNumberCheck_23341_good" classname="com.cardatechnologies.utils.validators.abaroutevalidator.Test_AbaRouteValidator_11" time="0"/>
  <testcase name="testAbaNumberCheck_24155_good" classname="com.cardatechnologies.utils.validators.abaroutevalidator.Test_AbaRouteValidator_11" time="0"/>
  <testcase name="testAbaNumberCheck_23215_good" classname="com.cardatechnologies.utils.validators.abaroutevalidator.Test_AbaRouteValidator_11" time="0"/>
  <testcase name="testAbaNumberCheck_24813_good" classname="com.cardatechnologies.utils.validators.abaroutevalidator.Test_AbaRouteValidator_11" time="0"/>
  <testcase name="testAbaNumberCheck_24650_bad" classname="com.cardatechnologies.utils.validators.abaroutevalidator.Test_AbaRouteValidator_11" time="0"/>
  <testcase name="testAbaNumberCheck_24029_good" classname="com.cardatechnologies.utils.validators.abaroutevalidator.Test_AbaRouteValidator_11" time="0"/>
  <testcase name="testAbaNumberCheck_24652_bad" classname="com.cardatechnologies.utils.validators.abaroutevalidator.Test_AbaRouteValidator_11" time="0"/>
  <testcase name="testAbaNumberCheck_23840_bad" classname="com.cardatechnologies.utils.validators.abaroutevalidator.Test_AbaRouteValidator_11" time="0"/>
  <testcase name="testAbaNumberCheck_24654_bad" classname="com.cardatechnologies.utils.validators.abaroutevalidator.Test_AbaRouteValidator_11" time="0"/>
  <testcase name="testAbaNumberCheck_23053_good" classname="com.cardatechnologies.utils.validators.abaroutevalidator.Test_AbaRouteValidator_11" time="0"/>
  <testcase name="testAbaNumberCheck_23390_bad" classname="com.cardatechnologies.utils.validators.abaroutevalidator.Test_AbaRouteValidator_11" time="0"/>
  <testcase name="testAbaNumberCheck_23842_bad" classname="com.cardatechnologies.utils.validators.abaroutevalidator.Test_AbaRouteValidator_11" time="0"/>
  <testcase name="testAbaNumberCheck_24656_bad" classname="com.cardatechnologies.utils.validators.abaroutevalidator.Test_AbaRouteValidator_11" time="0"/>
  <testcase name="testAbaNumberCheck_24651_good" classname="com.cardatechnologies.utils.validators.abaroutevalidator.Test_AbaRouteValidator_11" time="0"/>
  <testcase name="testAbaNumberCheck_23392_bad" classname="com.cardatechnologies.utils.validators.abaroutevalidator.Test_AbaRouteValidator_11" time="0"/>
  <testcase name="testAbaNumberCheck_23711_good" classname="com.cardatechnologies.utils.validators.abaroutevalidator.Test_AbaRouteValidator_11" time="0"/>
  <testcase name="testAbaNumberCheck_23844_bad" classname="com.cardatechnologies.utils.validators.abaroutevalidator.Test_AbaRouteValidator_11" time="0"/>
  <testcase name="testAbaNumberCheck_24658_bad" classname="com.cardatechnologies.utils.validators.abaroutevalidator.Test_AbaRouteValidator_11" time="0"/>
  <testcase name="testAbaNumberCheck_22580_bad" classname="com.cardatechnologies.utils.validators.abaroutevalidator.Test_AbaRouteValidator_11" time="0"/>
  <testcase name="testAbaNumberCheck_23394_bad" classname="com.cardatechnologies.utils.validators.abaroutevalidator.Test_AbaRouteValidator_11" time="0"/>
  <testcase name="testAbaNumberCheck_23846_bad" classname="com.cardatechnologies.utils.validators.abaroutevalidator.Test_AbaRouteValidator_11" time="0.001"/>
  <testcase name="testAbaNumberCheck_22582_bad" classname="com.cardatechnologies.utils.validators.abaroutevalidator.Test_AbaRouteValidator_11" time="0"/>
  <testcase name="testAbaNumberCheck_23396_bad" classname="com.cardatechnologies.utils.validators.abaroutevalidator.Test_AbaRouteValidator_11" time="0"/>
  <testcase name="testAbaNumberCheck_24525_good" classname="com.cardatechnologies.utils.validators.abaroutevalidator.Test_AbaRouteValidator_11" time="0"/>
  <testcase name="testAbaNumberCheck_23848_bad" classname="com.cardatechnologies.utils.validators.abaroutevalidator.Test_AbaRouteValidator_11" time="0"/>
  <testcase name="testAbaNumberCheck_22584_bad" classname="com.cardatechnologies.utils.validators.abaroutevalidator.Test_AbaRouteValidator_11" time="0"/>
  <testcase name="testAbaNumberCheck_23398_bad" classname="com.cardatechnologies.utils.validators.abaroutevalidator.Test_AbaRouteValidator_11" time="0"/>
  <testcase name="testAbaNumberCheck_22586_bad" classname="com.cardatechnologies.utils.validators.abaroutevalidator.Test_AbaRouteValidator_11" time="0"/>
  <testcase name="testAbaNumberCheck_22588_bad" classname="com.cardatechnologies.utils.validators.abaroutevalidator.Test_AbaRouteValidator_11" time="0"/>
  <testcase name="testAbaNumberCheck_24363_good" classname="com.cardatechnologies.utils.validators.abaroutevalidator.Test_AbaRouteValidator_11" time="0"/>
  <testcase name="testAbaNumberCheck_23423_good" classname="com.cardatechnologies.utils.validators.abaroutevalidator.Test_AbaRouteValidator_11" time="0"/>
  <testcase name="testAbaNumberCheck_24237_good" classname="com.cardatechnologies.utils.validators.abaroutevalidator.Test_AbaRouteValidator_11" time="0"/>
  <testcase name="testAbaNumberCheck_23261_good" classname="com.cardatechnologies.utils.validators.abaroutevalidator.Test_AbaRouteValidator_11" time="0"/>
  <testcase name="testAbaNumberCheck_24075_good" classname="com.cardatechnologies.utils.validators.abaroutevalidator.Test_AbaRouteValidator_11" time="0"/>
  <testcase name="testAbaNumberCheck_24660_bad" classname="com.cardatechnologies.utils.validators.abaroutevalidator.Test_AbaRouteValidator_11" time="0"/>
  <testcase name="testAbaNumberCheck_23135_good" classname="com.cardatechnologies.utils.validators.abaroutevalidator.Test_AbaRouteValidator_11" time="0"/>
  <testcase name="testAbaNumberCheck_24662_bad" classname="com.cardatechnologies.utils.validators.abaroutevalidator.Test_AbaRouteValidator_11" time="0"/>
  <testcase name="testAbaNumberCheck_24733_good" classname="com.cardatechnologies.utils.validators.abaroutevalidator.Test_AbaRouteValidator_11" time="0"/>
  <testcase name="testAbaNumberCheck_23850_bad" classname="com.cardatechnologies.utils.validators.abaroutevalidator.Test_AbaRouteValidator_11" time="0"/>
  <testcase name="testAbaNumberCheck_24664_bad" classname="com.cardatechnologies.utils.validators.abaroutevalidator.Test_AbaRouteValidator_11" time="0"/>
  <testcase name="testAbaNumberCheck_23009_good" classname="com.cardatechnologies.utils.validators.abaroutevalidator.Test_AbaRouteValidator_11" time="0"/>
  <testcase name="testAbaNumberCheck_23852_bad" classname="com.cardatechnologies.utils.validators.abaroutevalidator.Test_AbaRouteValidator_11" time="0"/>
  <testcase name="testAbaNumberCheck_24666_bad" classname="com.cardatechnologies.utils.validators.abaroutevalidator.Test_AbaRouteValidator_11" time="0.001"/>
  <testcase name="testAbaNumberCheck_24607_good" classname="com.cardatechnologies.utils.validators.abaroutevalidator.Test_AbaRouteValidator_11" time="0"/>
  <testcase name="testAbaNumberCheck_23854_bad" classname="com.cardatechnologies.utils.validators.abaroutevalidator.Test_AbaRouteValidator_11" time="0"/>
  <testcase name="testAbaNumberCheck_24668_bad" classname="com.cardatechnologies.utils.validators.abaroutevalidator.Test_AbaRouteValidator_11" time="0"/>
  <testcase name="testAbaNumberCheck_22590_bad" classname="com.cardatechnologies.utils.validators.abaroutevalidator.Test_AbaRouteValidator_11" time="0"/>
  <testcase name="testAbaNumberCheck_23856_bad" classname="com.cardatechnologies.utils.validators.abaroutevalidator.Test_AbaRouteValidator_11" time="0"/>
  <testcase name="testAbaNumberCheck_24571_good" classname="com.cardatechnologies.utils.validators.abaroutevalidator.Test_AbaRouteValidator_11" time="0"/>
  <testcase name="testAbaNumberCheck_22592_bad" classname="com.cardatechnologies.utils.validators.abaroutevalidator.Test_AbaRouteValidator_11" time="0"/>
  <testcase name="testAbaNumberCheck_23631_good" classname="com.cardatechnologies.utils.validators.abaroutevalidator.Test_AbaRouteValidator_11" time="0"/>
  <testcase name="testAbaNumberCheck_23858_bad" classname="com.cardatechnologies.utils.validators.abaroutevalidator.Test_AbaRouteValidator_11" time="0"/>
  <testcase name="testAbaNumberCheck_22594_bad" classname="com.cardatechnologies.utils.validators.abaroutevalidator.Test_AbaRouteValidator_11" time="0"/>
  <testcase name="testAbaNumberCheck_22596_bad" classname="com.cardatechnologies.utils.validators.abaroutevalidator.Test_AbaRouteValidator_11" time="0"/>
  <testcase name="testAbaNumberCheck_24445_good" classname="com.cardatechnologies.utils.validators.abaroutevalidator.Test_AbaRouteValidator_11" time="0"/>
  <testcase name="testAbaNumberCheck_23505_good" classname="com.cardatechnologies.utils.validators.abaroutevalidator.Test_AbaRouteValidator_11" time="0"/>
  <testcase name="testAbaNumberCheck_22598_bad" classname="com.cardatechnologies.utils.validators.abaroutevalidator.Test_AbaRouteValidator_11" time="0"/>
  <testcase name="testAbaNumberCheck_24319_good" classname="com.cardatechnologies.utils.validators.abaroutevalidator.Test_AbaRouteValidator_11" time="0"/>
  <testcase name="testAbaNumberCheck_24283_good" classname="com.cardatechnologies.utils.validators.abaroutevalidator.Test_AbaRouteValidator_11" time="0"/>
  <testcase name="testAbaNumberCheck_23343_good" classname="com.cardatechnologies.utils.validators.abaroutevalidator.Test_AbaRouteValidator_11" time="0"/>
  <testcase name="testAbaNumberCheck_24941_good" classname="com.cardatechnologies.utils.validators.abaroutevalidator.Test_AbaRouteValidator_11" time="0"/>
  <testcase name="testAbaNumberCheck_24157_good" classname="com.cardatechnologies.utils.validators.abaroutevalidator.Test_AbaRouteValidator_11" time="0"/>
  <testcase name="testAbaNumberCheck_23217_good" classname="com.cardatechnologies.utils.validators.abaroutevalidator.Test_AbaRouteValidator_11" time="0"/>
  <testcase name="testAbaNumberCheck_24815_good" classname="com.cardatechnologies.utils.validators.abaroutevalidator.Test_AbaRouteValidator_11" time="0"/>
  <testcase name="testAbaNumberCheck_23181_good" classname="com.cardatechnologies.utils.validators.abaroutevalidator.Test_AbaRouteValidator_11" time="0.001"/>
  <testcase name="testAbaNumberCheck_24670_bad" classname="com.cardatechnologies.utils.validators.abaroutevalidator.Test_AbaRouteValidator_11" time="0"/>
  <testcase name="testAbaNumberCheck_24672_bad" classname="com.cardatechnologies.utils.validators.abaroutevalidator.Test_AbaRouteValidator_11" time="0"/>
  <testcase name="testAbaNumberCheck_23860_bad" classname="com.cardatechnologies.utils.validators.abaroutevalidator.Test_AbaRouteValidator_11" time="0"/>
  <testcase name="testAbaNumberCheck_24674_bad" classname="com.cardatechnologies.utils.validators.abaroutevalidator.Test_AbaRouteValidator_11" time="0"/>
  <testcase name="testAbaNumberCheck_23055_good" classname="com.cardatechnologies.utils.validators.abaroutevalidator.Test_AbaRouteValidator_11" time="0"/>
  <testcase name="testAbaNumberCheck_23862_bad" classname="com.cardatechnologies.utils.validators.abaroutevalidator.Test_AbaRouteValidator_11" time="0"/>
  <testcase name="testAbaNumberCheck_24676_bad" classname="com.cardatechnologies.utils.validators.abaroutevalidator.Test_AbaRouteValidator_11" time="0"/>
  <testcase name="testAbaNumberCheck_24653_good" classname="com.cardatechnologies.utils.validators.abaroutevalidator.Test_AbaRouteValidator_11" time="0"/>
  <testcase name="testAbaNumberCheck_23713_good" classname="com.cardatechnologies.utils.validators.abaroutevalidator.Test_AbaRouteValidator_11" time="0"/>
  <testcase name="testAbaNumberCheck_23864_bad" classname="com.cardatechnologies.utils.validators.abaroutevalidator.Test_AbaRouteValidator_11" time="0"/>
  <testcase name="testAbaNumberCheck_24678_bad" classname="com.cardatechnologies.utils.validators.abaroutevalidator.Test_AbaRouteValidator_11" time="0"/>
  <testcase name="testAbaNumberCheck_23866_bad" classname="com.cardatechnologies.utils.validators.abaroutevalidator.Test_AbaRouteValidator_11" time="0"/>
  <testcase name="testAbaNumberCheck_24527_good" classname="com.cardatechnologies.utils.validators.abaroutevalidator.Test_AbaRouteValidator_11" time="0"/>
  <testcase name="testAbaNumberCheck_23868_bad" classname="com.cardatechnologies.utils.validators.abaroutevalidator.Test_AbaRouteValidator_11" time="0"/>
  <testcase name="testAbaNumberCheck_24491_good" classname="com.cardatechnologies.utils.validators.abaroutevalidator.Test_AbaRouteValidator_11" time="0"/>
  <testcase name="testAbaNumberCheck_23551_good" classname="com.cardatechnologies.utils.validators.abaroutevalidator.Test_AbaRouteValidator_11" time="0"/>
  <testcase name="testAbaNumberCheck_22611_good" classname="com.cardatechnologies.utils.validators.abaroutevalidator.Test_AbaRouteValidator_11" time="0"/>
  <testcase name="testAbaNumberCheck_24365_good" classname="com.cardatechnologies.utils.validators.abaroutevalidator.Test_AbaRouteValidator_11" time="0"/>
  <testcase name="testAbaNumberCheck_23425_good" classname="com.cardatechnologies.utils.validators.abaroutevalidator.Test_AbaRouteValidator_11" time="0"/>
  <testcase name="testAbaNumberCheck_24239_good" classname="com.cardatechnologies.utils.validators.abaroutevalidator.Test_AbaRouteValidator_11" time="0"/>
  <testcase name="testAbaNumberCheck_23263_good" classname="com.cardatechnologies.utils.validators.abaroutevalidator.Test_AbaRouteValidator_11" time="0"/>
  <testcase name="testAbaNumberCheck_24861_good" classname="com.cardatechnologies.utils.validators.abaroutevalidator.Test_AbaRouteValidator_11" time="0"/>
  <testcase name="testAbaNumberCheck_23921_good" classname="com.cardatechnologies.utils.validators.abaroutevalidator.Test_AbaRouteValidator_11" time="0.001"/>
  <testcase name="testAbaNumberCheck_24077_good" classname="com.cardatechnologies.utils.validators.abaroutevalidator.Test_AbaRouteValidator_11" time="0"/>
  <testcase name="testAbaNumberCheck_24680_bad" classname="com.cardatechnologies.utils.validators.abaroutevalidator.Test_AbaRouteValidator_11" time="0"/>
  <testcase name="testAbaNumberCheck_23137_good" classname="com.cardatechnologies.utils.validators.abaroutevalidator.Test_AbaRouteValidator_11" time="0"/>
  <testcase name="testAbaNumberCheck_24682_bad" classname="com.cardatechnologies.utils.validators.abaroutevalidator.Test_AbaRouteValidator_11" time="0"/>
  <testcase name="testAbaNumberCheck_24735_good" classname="com.cardatechnologies.utils.validators.abaroutevalidator.Test_AbaRouteValidator_11" time="0"/>
  <testcase name="testAbaNumberCheck_23870_bad" classname="com.cardatechnologies.utils.validators.abaroutevalidator.Test_AbaRouteValidator_11" time="0"/>
  <testcase name="testAbaNumberCheck_24684_bad" classname="com.cardatechnologies.utils.validators.abaroutevalidator.Test_AbaRouteValidator_11" time="0"/>
  <testcase name="testAbaNumberCheck_23872_bad" classname="com.cardatechnologies.utils.validators.abaroutevalidator.Test_AbaRouteValidator_11" time="0"/>
  <testcase name="testAbaNumberCheck_24686_bad" classname="com.cardatechnologies.utils.validators.abaroutevalidator.Test_AbaRouteValidator_11" time="0"/>
  <testcase name="testAbaNumberCheck_24609_good" classname="com.cardatechnologies.utils.validators.abaroutevalidator.Test_AbaRouteValidator_11" time="0"/>
  <testcase name="testAbaNumberCheck_23874_bad" classname="com.cardatechnologies.utils.validators.abaroutevalidator.Test_AbaRouteValidator_11" time="0"/>
  <testcase name="testAbaNumberCheck_24688_bad" classname="com.cardatechnologies.utils.validators.abaroutevalidator.Test_AbaRouteValidator_11" time="0"/>
  <testcase name="testAbaNumberCheck_23876_bad" classname="com.cardatechnologies.utils.validators.abaroutevalidator.Test_AbaRouteValidator_11" time="0"/>
  <testcase name="testAbaNumberCheck_24573_good" classname="com.cardatechnologies.utils.validators.abaroutevalidator.Test_AbaRouteValidator_11" time="0"/>
  <testcase name="testAbaNumberCheck_23633_good" classname="com.cardatechnologies.utils.validators.abaroutevalidator.Test_AbaRouteValidator_11" time="0"/>
  <testcase name="testAbaNumberCheck_23878_bad" classname="com.cardatechnologies.utils.validators.abaroutevalidator.Test_AbaRouteValidator_11" time="0"/>
  <testcase name="testAbaNumberCheck_24447_good" classname="com.cardatechnologies.utils.validators.abaroutevalidator.Test_AbaRouteValidator_11" time="0"/>
  <testcase name="testAbaNumberCheck_23507_good" classname="com.cardatechnologies.utils.validators.abaroutevalidator.Test_AbaRouteValidator_11" time="0"/>
  <testcase name="testAbaNumberCheck_23471_good" classname="com.cardatechnologies.utils.validators.abaroutevalidator.Test_AbaRouteValidator_11" time="0"/>
  <testcase name="testAbaNumberCheck_22531_good" classname="com.cardatechnologies.utils.validators.abaroutevalidator.Test_AbaRouteValidator_11" time="0"/>
  <testcase name="testAbaNumberCheck_24285_good" classname="com.cardatechnologies.utils.validators.abaroutevalidator.Test_AbaRouteValidator_11" time="0"/>
  <testcase name="testAbaNumberCheck_23345_good" classname="com.cardatechnologies.utils.validators.abaroutevalidator.Test_AbaRouteValidator_11" time="0"/>
  <testcase name="testAbaNumberCheck_24943_good" classname="com.cardatechnologies.utils.validators.abaroutevalidator.Test_AbaRouteValidator_11" time="0.001"/>
  <testcase name="testAbaNumberCheck_24159_good" classname="com.cardatechnologies.utils.validators.abaroutevalidator.Test_AbaRouteValidator_11" time="0"/>
  <testcase name="testAbaNumberCheck_23219_good" classname="com.cardatechnologies.utils.validators.abaroutevalidator.Test_AbaRouteValidator_11" time="0"/>
  <testcase name="testAbaNumberCheck_24817_good" classname="com.cardatechnologies.utils.validators.abaroutevalidator.Test_AbaRouteValidator_11" time="0"/>
  <testcase name="testAbaNumberCheck_23183_good" classname="com.cardatechnologies.utils.validators.abaroutevalidator.Test_AbaRouteValidator_11" time="0"/>
  <testcase name="testAbaNumberCheck_24690_bad" classname="com.cardatechnologies.utils.validators.abaroutevalidator.Test_AbaRouteValidator_11" time="0"/>
  <testcase name="testAbaNumberCheck_24781_good" classname="com.cardatechnologies.utils.validators.abaroutevalidator.Test_AbaRouteValidator_11" time="0"/>
  <testcase name="testAbaNumberCheck_24692_bad" classname="com.cardatechnologies.utils.validators.abaroutevalidator.Test_AbaRouteValidator_11" time="0"/>
  <testcase name="testAbaNumberCheck_23841_good" classname="com.cardatechnologies.utils.validators.abaroutevalidator.Test_AbaRouteValidator_11" time="0"/>
  <testcase name="testAbaNumberCheck_22901_good" classname="com.cardatechnologies.utils.validators.abaroutevalidator.Test_AbaRouteValidator_11" time="0"/>
  <testcase name="testAbaNumberCheck_23880_bad" classname="com.cardatechnologies.utils.validators.abaroutevalidator.Test_AbaRouteValidator_11" time="0"/>
  <testcase name="testAbaNumberCheck_24694_bad" classname="com.cardatechnologies.utils.validators.abaroutevalidator.Test_AbaRouteValidator_11" time="0"/>
  <testcase name="testAbaNumberCheck_23057_good" classname="com.cardatechnologies.utils.validators.abaroutevalidator.Test_AbaRouteValidator_11" time="0"/>
  <testcase name="testAbaNumberCheck_23882_bad" classname="com.cardatechnologies.utils.validators.abaroutevalidator.Test_AbaRouteValidator_11" time="0"/>
  <testcase name="testAbaNumberCheck_24696_bad" classname="com.cardatechnologies.utils.validators.abaroutevalidator.Test_AbaRouteValidator_11" time="0"/>
  <testcase name="testAbaNumberCheck_24655_good" classname="com.cardatechnologies.utils.validators.abaroutevalidator.Test_AbaRouteValidator_11" time="0"/>
  <testcase name="testAbaNumberCheck_23715_good" classname="com.cardatechnologies.utils.validators.abaroutevalidator.Test_AbaRouteValidator_11" time="0"/>
  <testcase name="testAbaNumberCheck_23884_bad" classname="com.cardatechnologies.utils.validators.abaroutevalidator.Test_AbaRouteValidator_11" time="0"/>
  <testcase name="testAbaNumberCheck_24698_bad" classname="com.cardatechnologies.utils.validators.abaroutevalidator.Test_AbaRouteValidator_11" time="0"/>
  <testcase name="testAbaNumberCheck_23886_bad" classname="com.cardatechnologies.utils.validators.abaroutevalidator.Test_AbaRouteValidator_11" time="0"/>
  <testcase name="testAbaNumberCheck_24529_good" classname="com.cardatechnologies.utils.validators.abaroutevalidator.Test_AbaRouteValidator_11" time="0"/>
  <testcase name="testAbaNumberCheck_23888_bad" classname="com.cardatechnologies.utils.validators.abaroutevalidator.Test_AbaRouteValidator_11" time="0"/>
  <testcase name="testAbaNumberCheck_24493_good" classname="com.cardatechnologies.utils.validators.abaroutevalidator.Test_AbaRouteValidator_11" time="0"/>
  <testcase name="testAbaNumberCheck_23553_good" classname="com.cardatechnologies.utils.validators.abaroutevalidator.Test_AbaRouteValidator_11" time="0"/>
  <testcase name="testAbaNumberCheck_22613_good" classname="com.cardatechnologies.utils.validators.abaroutevalidator.Test_AbaRouteValidator_11" time="0"/>
  <testcase name="testAbaNumberCheck_24367_good" classname="com.cardatechnologies.utils.validators.abaroutevalidator.Test_AbaRouteValidator_11" time="0"/>
  <testcase name="testAbaNumberCheck_23427_good" classname="com.cardatechnologies.utils.validators.abaroutevalidator.Test_AbaRouteValidator_11" time="0"/>
  <testcase name="testAbaNumberCheck_23391_good" classname="com.cardatechnologies.utils.validators.abaroutevalidator.Test_AbaRouteValidator_11" time="0"/>
  <testcase name="testAbaNumberCheck_22451_good" classname="com.cardatechnologies.utils.validators.abaroutevalidator.Test_AbaRouteValidator_11" time="0"/>
  <testcase name="testAbaNumberCheck_23265_good" classname="com.cardatechnologies.utils.validators.abaroutevalidator.Test_AbaRouteValidator_11" time="0"/>
  <testcase name="testAbaNumberCheck_24863_good" classname="com.cardatechnologies.utils.validators.abaroutevalidator.Test_AbaRouteValidator_11" time="0"/>
  <testcase name="testAbaNumberCheck_23923_good" classname="com.cardatechnologies.utils.validators.abaroutevalidator.Test_AbaRouteValidator_11" time="0"/>
  <testcase name="testAbaNumberCheck_24079_good" classname="com.cardatechnologies.utils.validators.abaroutevalidator.Test_AbaRouteValidator_11" time="0"/>
  <testcase name="testAbaNumberCheck_23139_good" classname="com.cardatechnologies.utils.validators.abaroutevalidator.Test_AbaRouteValidator_11" time="0"/>
  <testcase name="testAbaNumberCheck_24737_good" classname="com.cardatechnologies.utils.validators.abaroutevalidator.Test_AbaRouteValidator_11" time="0"/>
  <testcase name="testAbaNumberCheck_23890_bad" classname="com.cardatechnologies.utils.validators.abaroutevalidator.Test_AbaRouteValidator_11" time="0"/>
  <testcase name="testAbaNumberCheck_23892_bad" classname="com.cardatechnologies.utils.validators.abaroutevalidator.Test_AbaRouteValidator_11" time="0"/>
  <testcase name="testAbaNumberCheck_23761_good" classname="com.cardatechnologies.utils.validators.abaroutevalidator.Test_AbaRouteValidator_11" time="0"/>
  <testcase name="testAbaNumberCheck_22821_good" classname="com.cardatechnologies.utils.validators.abaroutevalidator.Test_AbaRouteValidator_11" time="0"/>
  <testcase name="testAbaNumberCheck_23894_bad" classname="com.cardatechnologies.utils.validators.abaroutevalidator.Test_AbaRouteValidator_11" time="0"/>
  <testcase name="testAbaNumberCheck_23896_bad" classname="com.cardatechnologies.utils.validators.abaroutevalidator.Test_AbaRouteValidator_11" time="0"/>
  <testcase name="testAbaNumberCheck_24575_good" classname="com.cardatechnologies.utils.validators.abaroutevalidator.Test_AbaRouteValidator_11" time="0"/>
  <testcase name="testAbaNumberCheck_23635_good" classname="com.cardatechnologies.utils.validators.abaroutevalidator.Test_AbaRouteValidator_11" time="0"/>
  <testcase name="testAbaNumberCheck_23898_bad" classname="com.cardatechnologies.utils.validators.abaroutevalidator.Test_AbaRouteValidator_11" time="0"/>
  <testcase name="testAbaNumberCheck_24449_good" classname="com.cardatechnologies.utils.validators.abaroutevalidator.Test_AbaRouteValidator_11" time="0"/>
  <testcase name="testAbaNumberCheck_23509_good" classname="com.cardatechnologies.utils.validators.abaroutevalidator.Test_AbaRouteValidator_11" time="0.001"/>
  <testcase name="testAbaNumberCheck_23473_good" classname="com.cardatechnologies.utils.validators.abaroutevalidator.Test_AbaRouteValidator_11" time="0"/>
  <testcase name="testAbaNumberCheck_22533_good" classname="com.cardatechnologies.utils.validators.abaroutevalidator.Test_AbaRouteValidator_11" time="0"/>
  <testcase name="testAbaNumberCheck_24287_good" classname="com.cardatechnologies.utils.validators.abaroutevalidator.Test_AbaRouteValidator_11" time="0"/>
  <testcase name="testAbaNumberCheck_23347_good" classname="com.cardatechnologies.utils.validators.abaroutevalidator.Test_AbaRouteValidator_11" time="0"/>
  <testcase name="testAbaNumberCheck_24945_good" classname="com.cardatechnologies.utils.validators.abaroutevalidator.Test_AbaRouteValidator_11" time="0"/>
  <testcase name="testAbaNumberCheck_24819_good" classname="com.cardatechnologies.utils.validators.abaroutevalidator.Test_AbaRouteValidator_11" time="0"/>
  <testcase name="testAbaNumberCheck_23185_good" classname="com.cardatechnologies.utils.validators.abaroutevalidator.Test_AbaRouteValidator_11" time="0"/>
  <testcase name="testAbaNumberCheck_24783_good" classname="com.cardatechnologies.utils.validators.abaroutevalidator.Test_AbaRouteValidator_11" time="0"/>
  <testcase name="testAbaNumberCheck_23843_good" classname="com.cardatechnologies.utils.validators.abaroutevalidator.Test_AbaRouteValidator_11" time="0"/>
  <testcase name="testAbaNumberCheck_22903_good" classname="com.cardatechnologies.utils.validators.abaroutevalidator.Test_AbaRouteValidator_11" time="0"/>
  <testcase name="testAbaNumberCheck_23059_good" classname="com.cardatechnologies.utils.validators.abaroutevalidator.Test_AbaRouteValidator_11" time="0"/>
  <testcase name="testAbaNumberCheck_24657_good" classname="com.cardatechnologies.utils.validators.abaroutevalidator.Test_AbaRouteValidator_11" time="0"/>
  <testcase name="testAbaNumberCheck_23717_good" classname="com.cardatechnologies.utils.validators.abaroutevalidator.Test_AbaRouteValidator_11" time="0"/>
  <testcase name="testAbaNumberCheck_23681_good" classname="com.cardatechnologies.utils.validators.abaroutevalidator.Test_AbaRouteValidator_11" time="0"/>
  <testcase name="testAbaNumberCheck_22741_good" classname="com.cardatechnologies.utils.validators.abaroutevalidator.Test_AbaRouteValidator_11" time="0"/>
  <testcase name="testAbaNumberCheck_24495_good" classname="com.cardatechnologies.utils.validators.abaroutevalidator.Test_AbaRouteValidator_11" time="0"/>
  <testcase name="testAbaNumberCheck_23555_good" classname="com.cardatechnologies.utils.validators.abaroutevalidator.Test_AbaRouteValidator_11" time="0"/>
  <testcase name="testAbaNumberCheck_22615_good" classname="com.cardatechnologies.utils.validators.abaroutevalidator.Test_AbaRouteValidator_11" time="0"/>
  <testcase name="testAbaNumberCheck_24369_good" classname="com.cardatechnologies.utils.validators.abaroutevalidator.Test_AbaRouteValidator_11" time="0"/>
  <testcase name="testAbaNumberCheck_23429_good" classname="com.cardatechnologies.utils.validators.abaroutevalidator.Test_AbaRouteValidator_11" time="0"/>
  <testcase name="testAbaNumberCheck_23393_good" classname="com.cardatechnologies.utils.validators.abaroutevalidator.Test_AbaRouteValidator_11" time="0"/>
  <testcase name="testAbaNumberCheck_22453_good" classname="com.cardatechnologies.utils.validators.abaroutevalidator.Test_AbaRouteValidator_11" time="0"/>
  <testcase name="testAbaNumberCheck_24991_good" classname="com.cardatechnologies.utils.validators.abaroutevalidator.Test_AbaRouteValidator_11" time="0"/>
  <testcase name="testAbaNumberCheck_23267_good" classname="com.cardatechnologies.utils.validators.abaroutevalidator.Test_AbaRouteValidator_11" time="0"/>
  <testcase name="testAbaNumberCheck_24865_good" classname="com.cardatechnologies.utils.validators.abaroutevalidator.Test_AbaRouteValidator_11" time="0.001"/>
  <testcase name="testAbaNumberCheck_23925_good" classname="com.cardatechnologies.utils.validators.abaroutevalidator.Test_AbaRouteValidator_11" time="0"/>
  <testcase name="testAbaNumberCheck_24739_good" classname="com.cardatechnologies.utils.validators.abaroutevalidator.Test_AbaRouteValidator_11" time="0"/>
  <testcase name="testAbaNumberCheck_23763_good" classname="com.cardatechnologies.utils.validators.abaroutevalidator.Test_AbaRouteValidator_11" time="0"/>
  <testcase name="testAbaNumberCheck_22823_good" classname="com.cardatechnologies.utils.validators.abaroutevalidator.Test_AbaRouteValidator_11" time="0"/>
  <testcase name="testAbaNumberCheck_24577_good" classname="com.cardatechnologies.utils.validators.abaroutevalidator.Test_AbaRouteValidator_11" time="0"/>
  <testcase name="testAbaNumberCheck_23637_good" classname="com.cardatechnologies.utils.validators.abaroutevalidator.Test_AbaRouteValidator_11" time="0"/>
  <testcase name="testAbaNumberCheck_22661_good" classname="com.cardatechnologies.utils.validators.abaroutevalidator.Test_AbaRouteValidator_11" time="0"/>
  <testcase name="testAbaNumberCheck_23475_good" classname="com.cardatechnologies.utils.validators.abaroutevalidator.Test_AbaRouteValidator_11" time="0"/>
  <testcase name="testAbaNumberCheck_22535_good" classname="com.cardatechnologies.utils.validators.abaroutevalidator.Test_AbaRouteValidator_11" time="0"/>
  <testcase name="testAbaNumberCheck_24289_good" classname="com.cardatechnologies.utils.validators.abaroutevalidator.Test_AbaRouteValidator_11" time="0"/>
  <testcase name="testAbaNumberCheck_23349_good" classname="com.cardatechnologies.utils.validators.abaroutevalidator.Test_AbaRouteValidator_11" time="0"/>
  <testcase name="testAbaNumberCheck_24947_good" classname="com.cardatechnologies.utils.validators.abaroutevalidator.Test_AbaRouteValidator_11" time="0"/>
  <testcase name="testAbaNumberCheck_23971_good" classname="com.cardatechnologies.utils.validators.abaroutevalidator.Test_AbaRouteValidator_11" time="0"/>
  <testcase name="testAbaNumberCheck_23187_good" classname="com.cardatechnologies.utils.validators.abaroutevalidator.Test_AbaRouteValidator_11" time="0"/>
  <testcase name="testAbaNumberCheck_24785_good" classname="com.cardatechnologies.utils.validators.abaroutevalidator.Test_AbaRouteValidator_11" time="0"/>
  <testcase name="testAbaNumberCheck_23845_good" classname="com.cardatechnologies.utils.validators.abaroutevalidator.Test_AbaRouteValidator_11" time="0"/>
  <testcase name="testAbaNumberCheck_22905_good" classname="com.cardatechnologies.utils.validators.abaroutevalidator.Test_AbaRouteValidator_11" time="0"/>
  <testcase name="testAbaNumberCheck_24659_good" classname="com.cardatechnologies.utils.validators.abaroutevalidator.Test_AbaRouteValidator_11" time="0"/>
  <testcase name="testAbaNumberCheck_23719_good" classname="com.cardatechnologies.utils.validators.abaroutevalidator.Test_AbaRouteValidator_11" time="0"/>
  <testcase name="testAbaNumberCheck_23683_good" classname="com.cardatechnologies.utils.validators.abaroutevalidator.Test_AbaRouteValidator_11" time="0"/>
  <testcase name="testAbaNumberCheck_22743_good" classname="com.cardatechnologies.utils.validators.abaroutevalidator.Test_AbaRouteValidator_11" time="0"/>
  <testcase name="testAbaNumberCheck_24497_good" classname="com.cardatechnologies.utils.validators.abaroutevalidator.Test_AbaRouteValidator_11" time="0"/>
  <testcase name="testAbaNumberCheck_23557_good" classname="com.cardatechnologies.utils.validators.abaroutevalidator.Test_AbaRouteValidator_11" time="0"/>
  <testcase name="testAbaNumberCheck_22617_good" classname="com.cardatechnologies.utils.validators.abaroutevalidator.Test_AbaRouteValidator_11" time="0.001"/>
  <testcase name="testAbaNumberCheck_22581_good" classname="com.cardatechnologies.utils.validators.abaroutevalidator.Test_AbaRouteValidator_11" time="0"/>
  <testcase name="testAbaNumberCheck_23395_good" classname="com.cardatechnologies.utils.validators.abaroutevalidator.Test_AbaRouteValidator_11" time="0"/>
  <testcase name="testAbaNumberCheck_22455_good" classname="com.cardatechnologies.utils.validators.abaroutevalidator.Test_AbaRouteValidator_11" time="0"/>
  <testcase name="testAbaNumberCheck_24993_good" classname="com.cardatechnologies.utils.validators.abaroutevalidator.Test_AbaRouteValidator_11" time="0"/>
  <testcase name="testAbaNumberCheck_23269_good" classname="com.cardatechnologies.utils.validators.abaroutevalidator.Test_AbaRouteValidator_11" time="0"/>
  <testcase name="testAbaNumberCheck_24867_good" classname="com.cardatechnologies.utils.validators.abaroutevalidator.Test_AbaRouteValidator_11" time="0"/>
  <testcase name="testAbaNumberCheck_23927_good" classname="com.cardatechnologies.utils.validators.abaroutevalidator.Test_AbaRouteValidator_11" time="0"/>
  <testcase name="testAbaNumberCheck_23891_good" classname="com.cardatechnologies.utils.validators.abaroutevalidator.Test_AbaRouteValidator_11" time="0"/>
  <testcase name="testAbaNumberCheck_22951_good" classname="com.cardatechnologies.utils.validators.abaroutevalidator.Test_AbaRouteValidator_11" time="0"/>
  <testcase name="testAbaNumberCheck_23765_good" classname="com.cardatechnologies.utils.validators.abaroutevalidator.Test_AbaRouteValidator_11" time="0"/>
  <testcase name="testAbaNumberCheck_22825_good" classname="com.cardatechnologies.utils.validators.abaroutevalidator.Test_AbaRouteValidator_11" time="0"/>
  <testcase name="testAbaNumberCheck_24579_good" classname="com.cardatechnologies.utils.validators.abaroutevalidator.Test_AbaRouteValidator_11" time="0"/>
  <testcase name="testAbaNumberCheck_23639_good" classname="com.cardatechnologies.utils.validators.abaroutevalidator.Test_AbaRouteValidator_11" time="0"/>
  <testcase name="testAbaNumberCheck_22663_good" classname="com.cardatechnologies.utils.validators.abaroutevalidator.Test_AbaRouteValidator_11" time="0"/>
  <testcase name="testAbaNumberCheck_23477_good" classname="com.cardatechnologies.utils.validators.abaroutevalidator.Test_AbaRouteValidator_11" time="0"/>
  <testcase name="testAbaNumberCheck_22537_good" classname="com.cardatechnologies.utils.validators.abaroutevalidator.Test_AbaRouteValidator_11" time="0"/>
  <testcase name="testAbaNumberCheck_24949_good" classname="com.cardatechnologies.utils.validators.abaroutevalidator.Test_AbaRouteValidator_11" time="0"/>
  <testcase name="testAbaNumberCheck_23973_good" classname="com.cardatechnologies.utils.validators.abaroutevalidator.Test_AbaRouteValidator_11" time="0"/>
  <testcase name="testAbaNumberCheck_23189_good" classname="com.cardatechnologies.utils.validators.abaroutevalidator.Test_AbaRouteValidator_11" time="0"/>
</testsuite>