<?xml version="1.0" encoding="UTF-8"?>
<testsuite name="com.cardatechnologies.utils.validators.abaroutevalidator.Test_AbaRouteValidator_05" time="0.079" tests="2499" errors="0" skipped="0" failures="0">
  <properties>
    <property name="java.runtime.name" value="Java(TM) SE Runtime Environment"/>
    <property name="sun.boot.library.path" value="D:\tools\java\jdk\jdk1.8.0_20\jre\bin"/>
    <property name="java.vm.version" value="25.20-b23"/>
    <property name="java.vm.vendor" value="Oracle Corporation"/>
    <property name="java.vendor.url" value="http://java.oracle.com/"/>
    <property name="path.separator" value=";"/>
    <property name="guice.disable.misplaced.annotation.check" value="true"/>
    <property name="java.vm.name" value="Java HotSpot(TM) 64-Bit Server VM"/>
    <property name="file.encoding.pkg" value="sun.io"/>
    <property name="user.script" value=""/>
    <property name="user.country" value="US"/>
    <property name="sun.java.launcher" value="SUN_STANDARD"/>
    <property name="sun.os.patch.level" value=""/>
    <property name="java.vm.specification.name" value="Java Virtual Machine Specification"/>
    <property name="user.dir" value="D:\projects\CardaTech\aba.route.validator"/>
    <property name="java.runtime.version" value="1.8.0_20-b26"/>
    <property name="java.awt.graphicsenv" value="sun.awt.Win32GraphicsEnvironment"/>
    <property name="java.endorsed.dirs" value="D:\tools\java\jdk\jdk1.8.0_20\jre\lib\endorsed"/>
    <property name="os.arch" value="amd64"/>
    <property name="java.io.tmpdir" value="C:\Users\Joker\AppData\Local\Temp\"/>
    <property name="line.separator" value="&#10;"/>
    <property name="java.vm.specification.vendor" value="Oracle Corporation"/>
    <property name="user.variant" value=""/>
    <property name="os.name" value="Windows 8.1"/>
    <property name="classworlds.conf" value="D:\tools\java\apache\apache-maven-3.2.3\bin\..\bin\m2.conf"/>
    <property name="maven.test.skip" value="false"/>
    <property name="sun.jnu.encoding" value="Cp1252"/>
    <property name="java.library.path" value="D:\tools\java\jdk\jdk1.8.0_20\bin;C:\Windows\Sun\Java\bin;C:\Windows\system32;C:\Windows;C:\Program Files (x86)\NVIDIA Corporation\PhysX\Common;C:\ProgramData\Oracle\Java\javapath;C:\Windows\system32;C:\Windows;C:\Windows\System32\Wbem;C:\Windows\System32\WindowsPowerShell\v1.0\;C:\Program Files (x86)\ATI Technologies\ATI.ACE\Core-Static;D:\Applications\CondusivTechnologies\Diskeeper\;C:\Program Files (x86)\Common Files\Acronis\SnapAPI\;C:\Program Files\Common Files\Autodesk Shared\;C:\Program Files (x86)\Autodesk\Backburner\;D:\Applications\DAZ3D\LuxRender;C:\Program Files (x86)\QuickTime\QTSystem\;D:\tools\nodejs\;C:\Program Files (x86)\AMD\ATI.ACE\Core-Static;C:\Program Files (x86)\NVIDIA Corporation\PhysX\Common;C:\ProgramData\Oracle\Java\javapath;C:\Windows\system32;C:\Windows;C:\Windows\System32\Wbem;C:\Windows\System32\WindowsPowerShell\v1.0\;C:\Program Files (x86)\ATI Technologies\ATI.ACE\Core-Static;D:\Applications\CondusivTechnologies\Diskeeper\;C:\Program Files (x86)\Common Files\Acronis\SnapAPI\;C:\Program Files\Common Files\Autodesk Shared\;C:\Program Files (x86)\Autodesk\Backburner\;D:\Applications\DAZ3D\LuxRender;C:\Program Files (x86)\QuickTime\QTSystem\;D:\tools\nodejs\;C:\Program Files (x86)\AMD\ATI.ACE\Core-Static;D:\projects\MongoDB\MongoDB_2.6.6\bin;D:\tools\java\apache\apache-maven-3.2.3\bin;D:\tools\java\jdk\jdk1.8.0_20\bin;C:\Users\Joker\AppData\Roaming\npm;D:\tools\nodejs;D:\Applications\SublimeText2\;C:\Program Files (x86)\Common Files\Acronis\TibMounter64;."/>
    <property name="java.specification.name" value="Java Platform API Specification"/>
    <property name="java.class.version" value="52.0"/>
    <property name="sun.management.compiler" value="HotSpot 64-Bit Tiered Compilers"/>
    <property name="os.version" value="6.3"/>
    <property name="user.home" value="C:\Users\Joker"/>
    <property name="user.timezone" value="America/Denver"/>
    <property name="java.awt.printerjob" value="sun.awt.windows.WPrinterJob"/>
    <property name="java.specification.version" value="1.8"/>
    <property name="file.encoding" value="Cp1252"/>
    <property name="user.name" value="Joker"/>
    <property name="java.class.path" value="D:\tools\java\apache\apache-maven-3.2.3\bin\..\boot\plexus-classworlds-2.5.1.jar"/>
    <property name="org.slf4j.simpleLogger.defaultLogLevel" value="debug"/>
    <property name="java.vm.specification.version" value="1.8"/>
    <property name="sun.arch.data.model" value="64"/>
    <property name="java.home" value="D:\tools\java\jdk\jdk1.8.0_20\jre"/>
    <property name="sun.java.command" value="org.codehaus.plexus.classworlds.launcher.Launcher -Dmaven.test.skip=false package test site -X"/>
    <property name="java.specification.vendor" value="Oracle Corporation"/>
    <property name="user.language" value="en"/>
    <property name="awt.toolkit" value="sun.awt.windows.WToolkit"/>
    <property name="java.vm.info" value="mixed mode"/>
    <property name="java.version" value="1.8.0_20"/>
    <property name="java.ext.dirs" value="D:\tools\java\jdk\jdk1.8.0_20\jre\lib\ext;C:\Windows\Sun\Java\lib\ext"/>
    <property name="sun.boot.class.path" value="D:\tools\java\jdk\jdk1.8.0_20\jre\lib\resources.jar;D:\tools\java\jdk\jdk1.8.0_20\jre\lib\rt.jar;D:\tools\java\jdk\jdk1.8.0_20\jre\lib\sunrsasign.jar;D:\tools\java\jdk\jdk1.8.0_20\jre\lib\jsse.jar;D:\tools\java\jdk\jdk1.8.0_20\jre\lib\jce.jar;D:\tools\java\jdk\jdk1.8.0_20\jre\lib\charsets.jar;D:\tools\java\jdk\jdk1.8.0_20\jre\lib\jfr.jar;D:\tools\java\jdk\jdk1.8.0_20\jre\classes"/>
    <property name="sun.stderr.encoding" value="cp437"/>
    <property name="java.vendor" value="Oracle Corporation"/>
    <property name="maven.home" value="D:\tools\java\apache\apache-maven-3.2.3\bin\.."/>
    <property name="file.separator" value="\"/>
    <property name="java.vendor.url.bug" value="http://bugreport.sun.com/bugreport/"/>
    <property name="sun.cpu.endian" value="little"/>
    <property name="sun.io.unicode.encoding" value="UnicodeLittle"/>
    <property name="sun.stdout.encoding" value="cp437"/>
    <property name="sun.desktop" value="windows"/>
    <property name="sun.cpu.isalist" value="amd64"/>
  </properties>
  <testcase name="testAbaNumberCheck_8156_bad" classname="com.cardatechnologies.utils.validators.abaroutevalidator.Test_AbaRouteValidator_05" time="0"/>
  <testcase name="testAbaNumberCheck_9177_good" classname="com.cardatechnologies.utils.validators.abaroutevalidator.Test_AbaRouteValidator_05" time="0"/>
  <testcase name="testAbaNumberCheck_8237_good" classname="com.cardatechnologies.utils.validators.abaroutevalidator.Test_AbaRouteValidator_05" time="0"/>
  <testcase name="testAbaNumberCheck_8608_bad" classname="com.cardatechnologies.utils.validators.abaroutevalidator.Test_AbaRouteValidator_05" time="0"/>
  <testcase name="testAbaNumberCheck_8158_bad" classname="com.cardatechnologies.utils.validators.abaroutevalidator.Test_AbaRouteValidator_05" time="0"/>
  <testcase name="testAbaNumberCheck_9835_good" classname="com.cardatechnologies.utils.validators.abaroutevalidator.Test_AbaRouteValidator_05" time="0"/>
  <testcase name="testAbaNumberCheck_9709_good" classname="com.cardatechnologies.utils.validators.abaroutevalidator.Test_AbaRouteValidator_05" time="0"/>
  <testcase name="testAbaNumberCheck_8075_good" classname="com.cardatechnologies.utils.validators.abaroutevalidator.Test_AbaRouteValidator_05" time="0"/>
  <testcase name="testAbaNumberCheck_9673_good" classname="com.cardatechnologies.utils.validators.abaroutevalidator.Test_AbaRouteValidator_05" time="0"/>
  <testcase name="testAbaNumberCheck_8733_good" classname="com.cardatechnologies.utils.validators.abaroutevalidator.Test_AbaRouteValidator_05" time="0"/>
  <testcase name="testAbaNumberCheck_9547_good" classname="com.cardatechnologies.utils.validators.abaroutevalidator.Test_AbaRouteValidator_05" time="0"/>
  <testcase name="testAbaNumberCheck_8607_good" classname="com.cardatechnologies.utils.validators.abaroutevalidator.Test_AbaRouteValidator_05" time="0"/>
  <testcase name="testAbaNumberCheck_8571_good" classname="com.cardatechnologies.utils.validators.abaroutevalidator.Test_AbaRouteValidator_05" time="0"/>
  <testcase name="testAbaNumberCheck_7631_good" classname="com.cardatechnologies.utils.validators.abaroutevalidator.Test_AbaRouteValidator_05" time="0"/>
  <testcase name="testAbaNumberCheck_9420_bad" classname="com.cardatechnologies.utils.validators.abaroutevalidator.Test_AbaRouteValidator_05" time="0"/>
  <testcase name="testAbaNumberCheck_9422_bad" classname="com.cardatechnologies.utils.validators.abaroutevalidator.Test_AbaRouteValidator_05" time="0"/>
  <testcase name="testAbaNumberCheck_9385_good" classname="com.cardatechnologies.utils.validators.abaroutevalidator.Test_AbaRouteValidator_05" time="0"/>
  <testcase name="testAbaNumberCheck_8445_good" classname="com.cardatechnologies.utils.validators.abaroutevalidator.Test_AbaRouteValidator_05" time="0"/>
  <testcase name="testAbaNumberCheck_7505_good" classname="com.cardatechnologies.utils.validators.abaroutevalidator.Test_AbaRouteValidator_05" time="0"/>
  <testcase name="testAbaNumberCheck_8610_bad" classname="com.cardatechnologies.utils.validators.abaroutevalidator.Test_AbaRouteValidator_05" time="0"/>
  <testcase name="testAbaNumberCheck_9424_bad" classname="com.cardatechnologies.utils.validators.abaroutevalidator.Test_AbaRouteValidator_05" time="0"/>
  <testcase name="testAbaNumberCheck_8160_bad" classname="com.cardatechnologies.utils.validators.abaroutevalidator.Test_AbaRouteValidator_05" time="0"/>
  <testcase name="testAbaNumberCheck_8612_bad" classname="com.cardatechnologies.utils.validators.abaroutevalidator.Test_AbaRouteValidator_05" time="0"/>
  <testcase name="testAbaNumberCheck_9426_bad" classname="com.cardatechnologies.utils.validators.abaroutevalidator.Test_AbaRouteValidator_05" time="0"/>
  <testcase name="testAbaNumberCheck_8162_bad" classname="com.cardatechnologies.utils.validators.abaroutevalidator.Test_AbaRouteValidator_05" time="0"/>
  <testcase name="testAbaNumberCheck_9259_good" classname="com.cardatechnologies.utils.validators.abaroutevalidator.Test_AbaRouteValidator_05" time="0"/>
  <testcase name="testAbaNumberCheck_8319_good" classname="com.cardatechnologies.utils.validators.abaroutevalidator.Test_AbaRouteValidator_05" time="0"/>
  <testcase name="testAbaNumberCheck_7800_bad" classname="com.cardatechnologies.utils.validators.abaroutevalidator.Test_AbaRouteValidator_05" time="0"/>
  <testcase name="testAbaNumberCheck_8614_bad" classname="com.cardatechnologies.utils.validators.abaroutevalidator.Test_AbaRouteValidator_05" time="0"/>
  <testcase name="testAbaNumberCheck_9428_bad" classname="com.cardatechnologies.utils.validators.abaroutevalidator.Test_AbaRouteValidator_05" time="0"/>
  <testcase name="testAbaNumberCheck_8164_bad" classname="com.cardatechnologies.utils.validators.abaroutevalidator.Test_AbaRouteValidator_05" time="0"/>
  <testcase name="testAbaNumberCheck_7802_bad" classname="com.cardatechnologies.utils.validators.abaroutevalidator.Test_AbaRouteValidator_05" time="0.001"/>
  <testcase name="testAbaNumberCheck_9917_good" classname="com.cardatechnologies.utils.validators.abaroutevalidator.Test_AbaRouteValidator_05" time="0"/>
  <testcase name="testAbaNumberCheck_8616_bad" classname="com.cardatechnologies.utils.validators.abaroutevalidator.Test_AbaRouteValidator_05" time="0"/>
  <testcase name="testAbaNumberCheck_8166_bad" classname="com.cardatechnologies.utils.validators.abaroutevalidator.Test_AbaRouteValidator_05" time="0"/>
  <testcase name="testAbaNumberCheck_8283_good" classname="com.cardatechnologies.utils.validators.abaroutevalidator.Test_AbaRouteValidator_05" time="0"/>
  <testcase name="testAbaNumberCheck_7804_bad" classname="com.cardatechnologies.utils.validators.abaroutevalidator.Test_AbaRouteValidator_05" time="0"/>
  <testcase name="testAbaNumberCheck_8618_bad" classname="com.cardatechnologies.utils.validators.abaroutevalidator.Test_AbaRouteValidator_05" time="0"/>
  <testcase name="testAbaNumberCheck_8168_bad" classname="com.cardatechnologies.utils.validators.abaroutevalidator.Test_AbaRouteValidator_05" time="0"/>
  <testcase name="testAbaNumberCheck_9881_good" classname="com.cardatechnologies.utils.validators.abaroutevalidator.Test_AbaRouteValidator_05" time="0"/>
  <testcase name="testAbaNumberCheck_8941_good" classname="com.cardatechnologies.utils.validators.abaroutevalidator.Test_AbaRouteValidator_05" time="0"/>
  <testcase name="testAbaNumberCheck_7806_bad" classname="com.cardatechnologies.utils.validators.abaroutevalidator.Test_AbaRouteValidator_05" time="0"/>
  <testcase name="testAbaNumberCheck_9097_good" classname="com.cardatechnologies.utils.validators.abaroutevalidator.Test_AbaRouteValidator_05" time="0"/>
  <testcase name="testAbaNumberCheck_8157_good" classname="com.cardatechnologies.utils.validators.abaroutevalidator.Test_AbaRouteValidator_05" time="0"/>
  <testcase name="testAbaNumberCheck_7808_bad" classname="com.cardatechnologies.utils.validators.abaroutevalidator.Test_AbaRouteValidator_05" time="0"/>
  <testcase name="testAbaNumberCheck_9755_good" classname="com.cardatechnologies.utils.validators.abaroutevalidator.Test_AbaRouteValidator_05" time="0"/>
  <testcase name="testAbaNumberCheck_8815_good" classname="com.cardatechnologies.utils.validators.abaroutevalidator.Test_AbaRouteValidator_05" time="0"/>
  <testcase name="testAbaNumberCheck_9629_good" classname="com.cardatechnologies.utils.validators.abaroutevalidator.Test_AbaRouteValidator_05" time="0"/>
  <testcase name="testAbaNumberCheck_9593_good" classname="com.cardatechnologies.utils.validators.abaroutevalidator.Test_AbaRouteValidator_05" time="0"/>
  <testcase name="testAbaNumberCheck_8653_good" classname="com.cardatechnologies.utils.validators.abaroutevalidator.Test_AbaRouteValidator_05" time="0"/>
  <testcase name="testAbaNumberCheck_7713_good" classname="com.cardatechnologies.utils.validators.abaroutevalidator.Test_AbaRouteValidator_05" time="0"/>
  <testcase name="testAbaNumberCheck_9467_good" classname="com.cardatechnologies.utils.validators.abaroutevalidator.Test_AbaRouteValidator_05" time="0"/>
  <testcase name="testAbaNumberCheck_8527_good" classname="com.cardatechnologies.utils.validators.abaroutevalidator.Test_AbaRouteValidator_05" time="0"/>
  <testcase name="testAbaNumberCheck_9430_bad" classname="com.cardatechnologies.utils.validators.abaroutevalidator.Test_AbaRouteValidator_05" time="0"/>
  <testcase name="testAbaNumberCheck_9432_bad" classname="com.cardatechnologies.utils.validators.abaroutevalidator.Test_AbaRouteValidator_05" time="0"/>
  <testcase name="testAbaNumberCheck_8491_good" classname="com.cardatechnologies.utils.validators.abaroutevalidator.Test_AbaRouteValidator_05" time="0"/>
  <testcase name="testAbaNumberCheck_7551_good" classname="com.cardatechnologies.utils.validators.abaroutevalidator.Test_AbaRouteValidator_05" time="0"/>
  <testcase name="testAbaNumberCheck_8620_bad" classname="com.cardatechnologies.utils.validators.abaroutevalidator.Test_AbaRouteValidator_05" time="0"/>
  <testcase name="testAbaNumberCheck_9434_bad" classname="com.cardatechnologies.utils.validators.abaroutevalidator.Test_AbaRouteValidator_05" time="0"/>
  <testcase name="testAbaNumberCheck_8170_bad" classname="com.cardatechnologies.utils.validators.abaroutevalidator.Test_AbaRouteValidator_05" time="0"/>
  <testcase name="testAbaNumberCheck_8622_bad" classname="com.cardatechnologies.utils.validators.abaroutevalidator.Test_AbaRouteValidator_05" time="0"/>
  <testcase name="testAbaNumberCheck_9436_bad" classname="com.cardatechnologies.utils.validators.abaroutevalidator.Test_AbaRouteValidator_05" time="0"/>
  <testcase name="testAbaNumberCheck_8172_bad" classname="com.cardatechnologies.utils.validators.abaroutevalidator.Test_AbaRouteValidator_05" time="0"/>
  <testcase name="testAbaNumberCheck_8365_good" classname="com.cardatechnologies.utils.validators.abaroutevalidator.Test_AbaRouteValidator_05" time="0"/>
  <testcase name="testAbaNumberCheck_7810_bad" classname="com.cardatechnologies.utils.validators.abaroutevalidator.Test_AbaRouteValidator_05" time="0"/>
  <testcase name="testAbaNumberCheck_8624_bad" classname="com.cardatechnologies.utils.validators.abaroutevalidator.Test_AbaRouteValidator_05" time="0"/>
  <testcase name="testAbaNumberCheck_9438_bad" classname="com.cardatechnologies.utils.validators.abaroutevalidator.Test_AbaRouteValidator_05" time="0"/>
  <testcase name="testAbaNumberCheck_8174_bad" classname="com.cardatechnologies.utils.validators.abaroutevalidator.Test_AbaRouteValidator_05" time="0"/>
  <testcase name="testAbaNumberCheck_9963_good" classname="com.cardatechnologies.utils.validators.abaroutevalidator.Test_AbaRouteValidator_05" time="0"/>
  <testcase name="testAbaNumberCheck_7812_bad" classname="com.cardatechnologies.utils.validators.abaroutevalidator.Test_AbaRouteValidator_05" time="0"/>
  <testcase name="testAbaNumberCheck_8626_bad" classname="com.cardatechnologies.utils.validators.abaroutevalidator.Test_AbaRouteValidator_05" time="0"/>
  <testcase name="testAbaNumberCheck_8176_bad" classname="com.cardatechnologies.utils.validators.abaroutevalidator.Test_AbaRouteValidator_05" time="0"/>
  <testcase name="testAbaNumberCheck_9179_good" classname="com.cardatechnologies.utils.validators.abaroutevalidator.Test_AbaRouteValidator_05" time="0"/>
  <testcase name="testAbaNumberCheck_8239_good" classname="com.cardatechnologies.utils.validators.abaroutevalidator.Test_AbaRouteValidator_05" time="0"/>
  <testcase name="testAbaNumberCheck_7814_bad" classname="com.cardatechnologies.utils.validators.abaroutevalidator.Test_AbaRouteValidator_05" time="0"/>
  <testcase name="testAbaNumberCheck_8628_bad" classname="com.cardatechnologies.utils.validators.abaroutevalidator.Test_AbaRouteValidator_05" time="0"/>
  <testcase name="testAbaNumberCheck_8178_bad" classname="com.cardatechnologies.utils.validators.abaroutevalidator.Test_AbaRouteValidator_05" time="0"/>
  <testcase name="testAbaNumberCheck_9837_good" classname="com.cardatechnologies.utils.validators.abaroutevalidator.Test_AbaRouteValidator_05" time="0"/>
  <testcase name="testAbaNumberCheck_7816_bad" classname="com.cardatechnologies.utils.validators.abaroutevalidator.Test_AbaRouteValidator_05" time="0"/>
  <testcase name="testAbaNumberCheck_7818_bad" classname="com.cardatechnologies.utils.validators.abaroutevalidator.Test_AbaRouteValidator_05" time="0"/>
  <testcase name="testAbaNumberCheck_8861_good" classname="com.cardatechnologies.utils.validators.abaroutevalidator.Test_AbaRouteValidator_05" time="0"/>
  <testcase name="testAbaNumberCheck_7921_good" classname="com.cardatechnologies.utils.validators.abaroutevalidator.Test_AbaRouteValidator_05" time="0"/>
  <testcase name="testAbaNumberCheck_8077_good" classname="com.cardatechnologies.utils.validators.abaroutevalidator.Test_AbaRouteValidator_05" time="0"/>
  <testcase name="testAbaNumberCheck_9675_good" classname="com.cardatechnologies.utils.validators.abaroutevalidator.Test_AbaRouteValidator_05" time="0"/>
  <testcase name="testAbaNumberCheck_8735_good" classname="com.cardatechnologies.utils.validators.abaroutevalidator.Test_AbaRouteValidator_05" time="0"/>
  <testcase name="testAbaNumberCheck_9549_good" classname="com.cardatechnologies.utils.validators.abaroutevalidator.Test_AbaRouteValidator_05" time="0"/>
  <testcase name="testAbaNumberCheck_8609_good" classname="com.cardatechnologies.utils.validators.abaroutevalidator.Test_AbaRouteValidator_05" time="0"/>
  <testcase name="testAbaNumberCheck_8573_good" classname="com.cardatechnologies.utils.validators.abaroutevalidator.Test_AbaRouteValidator_05" time="0"/>
  <testcase name="testAbaNumberCheck_7633_good" classname="com.cardatechnologies.utils.validators.abaroutevalidator.Test_AbaRouteValidator_05" time="0"/>
  <testcase name="testAbaNumberCheck_9440_bad" classname="com.cardatechnologies.utils.validators.abaroutevalidator.Test_AbaRouteValidator_05" time="0"/>
  <testcase name="testAbaNumberCheck_9442_bad" classname="com.cardatechnologies.utils.validators.abaroutevalidator.Test_AbaRouteValidator_05" time="0"/>
  <testcase name="testAbaNumberCheck_9387_good" classname="com.cardatechnologies.utils.validators.abaroutevalidator.Test_AbaRouteValidator_05" time="0"/>
  <testcase name="testAbaNumberCheck_8447_good" classname="com.cardatechnologies.utils.validators.abaroutevalidator.Test_AbaRouteValidator_05" time="0"/>
  <testcase name="testAbaNumberCheck_7507_good" classname="com.cardatechnologies.utils.validators.abaroutevalidator.Test_AbaRouteValidator_05" time="0"/>
  <testcase name="testAbaNumberCheck_8630_bad" classname="com.cardatechnologies.utils.validators.abaroutevalidator.Test_AbaRouteValidator_05" time="0"/>
  <testcase name="testAbaNumberCheck_9444_bad" classname="com.cardatechnologies.utils.validators.abaroutevalidator.Test_AbaRouteValidator_05" time="0"/>
  <testcase name="testAbaNumberCheck_8180_bad" classname="com.cardatechnologies.utils.validators.abaroutevalidator.Test_AbaRouteValidator_05" time="0"/>
  <testcase name="testAbaNumberCheck_8632_bad" classname="com.cardatechnologies.utils.validators.abaroutevalidator.Test_AbaRouteValidator_05" time="0"/>
  <testcase name="testAbaNumberCheck_9446_bad" classname="com.cardatechnologies.utils.validators.abaroutevalidator.Test_AbaRouteValidator_05" time="0"/>
  <testcase name="testAbaNumberCheck_8182_bad" classname="com.cardatechnologies.utils.validators.abaroutevalidator.Test_AbaRouteValidator_05" time="0"/>
  <testcase name="testAbaNumberCheck_7820_bad" classname="com.cardatechnologies.utils.validators.abaroutevalidator.Test_AbaRouteValidator_05" time="0"/>
  <testcase name="testAbaNumberCheck_8634_bad" classname="com.cardatechnologies.utils.validators.abaroutevalidator.Test_AbaRouteValidator_05" time="0"/>
  <testcase name="testAbaNumberCheck_9448_bad" classname="com.cardatechnologies.utils.validators.abaroutevalidator.Test_AbaRouteValidator_05" time="0"/>
  <testcase name="testAbaNumberCheck_8184_bad" classname="com.cardatechnologies.utils.validators.abaroutevalidator.Test_AbaRouteValidator_05" time="0"/>
  <testcase name="testAbaNumberCheck_7822_bad" classname="com.cardatechnologies.utils.validators.abaroutevalidator.Test_AbaRouteValidator_05" time="0"/>
  <testcase name="testAbaNumberCheck_9919_good" classname="com.cardatechnologies.utils.validators.abaroutevalidator.Test_AbaRouteValidator_05" time="0"/>
  <testcase name="testAbaNumberCheck_8636_bad" classname="com.cardatechnologies.utils.validators.abaroutevalidator.Test_AbaRouteValidator_05" time="0"/>
  <testcase name="testAbaNumberCheck_8186_bad" classname="com.cardatechnologies.utils.validators.abaroutevalidator.Test_AbaRouteValidator_05" time="0"/>
  <testcase name="testAbaNumberCheck_8285_good" classname="com.cardatechnologies.utils.validators.abaroutevalidator.Test_AbaRouteValidator_05" time="0"/>
  <testcase name="testAbaNumberCheck_7824_bad" classname="com.cardatechnologies.utils.validators.abaroutevalidator.Test_AbaRouteValidator_05" time="0"/>
  <testcase name="testAbaNumberCheck_8638_bad" classname="com.cardatechnologies.utils.validators.abaroutevalidator.Test_AbaRouteValidator_05" time="0"/>
  <testcase name="testAbaNumberCheck_8188_bad" classname="com.cardatechnologies.utils.validators.abaroutevalidator.Test_AbaRouteValidator_05" time="0.001"/>
  <testcase name="testAbaNumberCheck_9883_good" classname="com.cardatechnologies.utils.validators.abaroutevalidator.Test_AbaRouteValidator_05" time="0"/>
  <testcase name="testAbaNumberCheck_8943_good" classname="com.cardatechnologies.utils.validators.abaroutevalidator.Test_AbaRouteValidator_05" time="0"/>
  <testcase name="testAbaNumberCheck_7826_bad" classname="com.cardatechnologies.utils.validators.abaroutevalidator.Test_AbaRouteValidator_05" time="0"/>
  <testcase name="testAbaNumberCheck_9099_good" classname="com.cardatechnologies.utils.validators.abaroutevalidator.Test_AbaRouteValidator_05" time="0"/>
  <testcase name="testAbaNumberCheck_8159_good" classname="com.cardatechnologies.utils.validators.abaroutevalidator.Test_AbaRouteValidator_05" time="0"/>
  <testcase name="testAbaNumberCheck_7828_bad" classname="com.cardatechnologies.utils.validators.abaroutevalidator.Test_AbaRouteValidator_05" time="0"/>
  <testcase name="testAbaNumberCheck_9757_good" classname="com.cardatechnologies.utils.validators.abaroutevalidator.Test_AbaRouteValidator_05" time="0"/>
  <testcase name="testAbaNumberCheck_8817_good" classname="com.cardatechnologies.utils.validators.abaroutevalidator.Test_AbaRouteValidator_05" time="0"/>
  <testcase name="testAbaNumberCheck_8781_good" classname="com.cardatechnologies.utils.validators.abaroutevalidator.Test_AbaRouteValidator_05" time="0"/>
  <testcase name="testAbaNumberCheck_7841_good" classname="com.cardatechnologies.utils.validators.abaroutevalidator.Test_AbaRouteValidator_05" time="0"/>
  <testcase name="testAbaNumberCheck_9595_good" classname="com.cardatechnologies.utils.validators.abaroutevalidator.Test_AbaRouteValidator_05" time="0"/>
  <testcase name="testAbaNumberCheck_8655_good" classname="com.cardatechnologies.utils.validators.abaroutevalidator.Test_AbaRouteValidator_05" time="0"/>
  <testcase name="testAbaNumberCheck_7715_good" classname="com.cardatechnologies.utils.validators.abaroutevalidator.Test_AbaRouteValidator_05" time="0"/>
  <testcase name="testAbaNumberCheck_9469_good" classname="com.cardatechnologies.utils.validators.abaroutevalidator.Test_AbaRouteValidator_05" time="0"/>
  <testcase name="testAbaNumberCheck_8529_good" classname="com.cardatechnologies.utils.validators.abaroutevalidator.Test_AbaRouteValidator_05" time="0"/>
  <testcase name="testAbaNumberCheck_9900_bad" classname="com.cardatechnologies.utils.validators.abaroutevalidator.Test_AbaRouteValidator_05" time="0"/>
  <testcase name="testAbaNumberCheck_9450_bad" classname="com.cardatechnologies.utils.validators.abaroutevalidator.Test_AbaRouteValidator_05" time="0"/>
  <testcase name="testAbaNumberCheck_9902_bad" classname="com.cardatechnologies.utils.validators.abaroutevalidator.Test_AbaRouteValidator_05" time="0"/>
  <testcase name="testAbaNumberCheck_9452_bad" classname="com.cardatechnologies.utils.validators.abaroutevalidator.Test_AbaRouteValidator_05" time="0"/>
  <testcase name="testAbaNumberCheck_8493_good" classname="com.cardatechnologies.utils.validators.abaroutevalidator.Test_AbaRouteValidator_05" time="0"/>
  <testcase name="testAbaNumberCheck_7553_good" classname="com.cardatechnologies.utils.validators.abaroutevalidator.Test_AbaRouteValidator_05" time="0"/>
  <testcase name="testAbaNumberCheck_9904_bad" classname="com.cardatechnologies.utils.validators.abaroutevalidator.Test_AbaRouteValidator_05" time="0"/>
  <testcase name="testAbaNumberCheck_8640_bad" classname="com.cardatechnologies.utils.validators.abaroutevalidator.Test_AbaRouteValidator_05" time="0"/>
  <testcase name="testAbaNumberCheck_9454_bad" classname="com.cardatechnologies.utils.validators.abaroutevalidator.Test_AbaRouteValidator_05" time="0"/>
  <testcase name="testAbaNumberCheck_8190_bad" classname="com.cardatechnologies.utils.validators.abaroutevalidator.Test_AbaRouteValidator_05" time="0"/>
  <testcase name="testAbaNumberCheck_9906_bad" classname="com.cardatechnologies.utils.validators.abaroutevalidator.Test_AbaRouteValidator_05" time="0"/>
  <testcase name="testAbaNumberCheck_8642_bad" classname="com.cardatechnologies.utils.validators.abaroutevalidator.Test_AbaRouteValidator_05" time="0"/>
  <testcase name="testAbaNumberCheck_9456_bad" classname="com.cardatechnologies.utils.validators.abaroutevalidator.Test_AbaRouteValidator_05" time="0"/>
  <testcase name="testAbaNumberCheck_8192_bad" classname="com.cardatechnologies.utils.validators.abaroutevalidator.Test_AbaRouteValidator_05" time="0"/>
  <testcase name="testAbaNumberCheck_8367_good" classname="com.cardatechnologies.utils.validators.abaroutevalidator.Test_AbaRouteValidator_05" time="0"/>
  <testcase name="testAbaNumberCheck_9908_bad" classname="com.cardatechnologies.utils.validators.abaroutevalidator.Test_AbaRouteValidator_05" time="0"/>
  <testcase name="testAbaNumberCheck_7830_bad" classname="com.cardatechnologies.utils.validators.abaroutevalidator.Test_AbaRouteValidator_05" time="0"/>
  <testcase name="testAbaNumberCheck_8644_bad" classname="com.cardatechnologies.utils.validators.abaroutevalidator.Test_AbaRouteValidator_05" time="0"/>
  <testcase name="testAbaNumberCheck_9458_bad" classname="com.cardatechnologies.utils.validators.abaroutevalidator.Test_AbaRouteValidator_05" time="0.001"/>
  <testcase name="testAbaNumberCheck_8194_bad" classname="com.cardatechnologies.utils.validators.abaroutevalidator.Test_AbaRouteValidator_05" time="0"/>
  <testcase name="testAbaNumberCheck_9965_good" classname="com.cardatechnologies.utils.validators.abaroutevalidator.Test_AbaRouteValidator_05" time="0"/>
  <testcase name="testAbaNumberCheck_7832_bad" classname="com.cardatechnologies.utils.validators.abaroutevalidator.Test_AbaRouteValidator_05" time="0"/>
  <testcase name="testAbaNumberCheck_8646_bad" classname="com.cardatechnologies.utils.validators.abaroutevalidator.Test_AbaRouteValidator_05" time="0"/>
  <testcase name="testAbaNumberCheck_8196_bad" classname="com.cardatechnologies.utils.validators.abaroutevalidator.Test_AbaRouteValidator_05" time="0"/>
  <testcase name="testAbaNumberCheck_7834_bad" classname="com.cardatechnologies.utils.validators.abaroutevalidator.Test_AbaRouteValidator_05" time="0"/>
  <testcase name="testAbaNumberCheck_8648_bad" classname="com.cardatechnologies.utils.validators.abaroutevalidator.Test_AbaRouteValidator_05" time="0"/>
  <testcase name="testAbaNumberCheck_8198_bad" classname="com.cardatechnologies.utils.validators.abaroutevalidator.Test_AbaRouteValidator_05" time="0"/>
  <testcase name="testAbaNumberCheck_9839_good" classname="com.cardatechnologies.utils.validators.abaroutevalidator.Test_AbaRouteValidator_05" time="0"/>
  <testcase name="testAbaNumberCheck_7836_bad" classname="com.cardatechnologies.utils.validators.abaroutevalidator.Test_AbaRouteValidator_05" time="0"/>
  <testcase name="testAbaNumberCheck_7838_bad" classname="com.cardatechnologies.utils.validators.abaroutevalidator.Test_AbaRouteValidator_05" time="0"/>
  <testcase name="testAbaNumberCheck_8863_good" classname="com.cardatechnologies.utils.validators.abaroutevalidator.Test_AbaRouteValidator_05" time="0"/>
  <testcase name="testAbaNumberCheck_7923_good" classname="com.cardatechnologies.utils.validators.abaroutevalidator.Test_AbaRouteValidator_05" time="0"/>
  <testcase name="testAbaNumberCheck_8079_good" classname="com.cardatechnologies.utils.validators.abaroutevalidator.Test_AbaRouteValidator_05" time="0"/>
  <testcase name="testAbaNumberCheck_9677_good" classname="com.cardatechnologies.utils.validators.abaroutevalidator.Test_AbaRouteValidator_05" time="0"/>
  <testcase name="testAbaNumberCheck_8737_good" classname="com.cardatechnologies.utils.validators.abaroutevalidator.Test_AbaRouteValidator_05" time="0"/>
  <testcase name="testAbaNumberCheck_7761_good" classname="com.cardatechnologies.utils.validators.abaroutevalidator.Test_AbaRouteValidator_05" time="0"/>
  <testcase name="testAbaNumberCheck_8575_good" classname="com.cardatechnologies.utils.validators.abaroutevalidator.Test_AbaRouteValidator_05" time="0"/>
  <testcase name="testAbaNumberCheck_7635_good" classname="com.cardatechnologies.utils.validators.abaroutevalidator.Test_AbaRouteValidator_05" time="0"/>
  <testcase name="testAbaNumberCheck_9910_bad" classname="com.cardatechnologies.utils.validators.abaroutevalidator.Test_AbaRouteValidator_05" time="0"/>
  <testcase name="testAbaNumberCheck_9460_bad" classname="com.cardatechnologies.utils.validators.abaroutevalidator.Test_AbaRouteValidator_05" time="0.001"/>
  <testcase name="testAbaNumberCheck_9912_bad" classname="com.cardatechnologies.utils.validators.abaroutevalidator.Test_AbaRouteValidator_05" time="0"/>
  <testcase name="testAbaNumberCheck_9462_bad" classname="com.cardatechnologies.utils.validators.abaroutevalidator.Test_AbaRouteValidator_05" time="0"/>
  <testcase name="testAbaNumberCheck_9389_good" classname="com.cardatechnologies.utils.validators.abaroutevalidator.Test_AbaRouteValidator_05" time="0"/>
  <testcase name="testAbaNumberCheck_8449_good" classname="com.cardatechnologies.utils.validators.abaroutevalidator.Test_AbaRouteValidator_05" time="0"/>
  <testcase name="testAbaNumberCheck_7509_good" classname="com.cardatechnologies.utils.validators.abaroutevalidator.Test_AbaRouteValidator_05" time="0"/>
  <testcase name="testAbaNumberCheck_9914_bad" classname="com.cardatechnologies.utils.validators.abaroutevalidator.Test_AbaRouteValidator_05" time="0"/>
  <testcase name="testAbaNumberCheck_8650_bad" classname="com.cardatechnologies.utils.validators.abaroutevalidator.Test_AbaRouteValidator_05" time="0"/>
  <testcase name="testAbaNumberCheck_9464_bad" classname="com.cardatechnologies.utils.validators.abaroutevalidator.Test_AbaRouteValidator_05" time="0"/>
  <testcase name="testAbaNumberCheck_9916_bad" classname="com.cardatechnologies.utils.validators.abaroutevalidator.Test_AbaRouteValidator_05" time="0"/>
  <testcase name="testAbaNumberCheck_8652_bad" classname="com.cardatechnologies.utils.validators.abaroutevalidator.Test_AbaRouteValidator_05" time="0"/>
  <testcase name="testAbaNumberCheck_9466_bad" classname="com.cardatechnologies.utils.validators.abaroutevalidator.Test_AbaRouteValidator_05" time="0"/>
  <testcase name="testAbaNumberCheck_9918_bad" classname="com.cardatechnologies.utils.validators.abaroutevalidator.Test_AbaRouteValidator_05" time="0"/>
  <testcase name="testAbaNumberCheck_7840_bad" classname="com.cardatechnologies.utils.validators.abaroutevalidator.Test_AbaRouteValidator_05" time="0"/>
  <testcase name="testAbaNumberCheck_8654_bad" classname="com.cardatechnologies.utils.validators.abaroutevalidator.Test_AbaRouteValidator_05" time="0"/>
  <testcase name="testAbaNumberCheck_9468_bad" classname="com.cardatechnologies.utils.validators.abaroutevalidator.Test_AbaRouteValidator_05" time="0"/>
  <testcase name="testAbaNumberCheck_7842_bad" classname="com.cardatechnologies.utils.validators.abaroutevalidator.Test_AbaRouteValidator_05" time="0"/>
  <testcase name="testAbaNumberCheck_8656_bad" classname="com.cardatechnologies.utils.validators.abaroutevalidator.Test_AbaRouteValidator_05" time="0"/>
  <testcase name="testAbaNumberCheck_8287_good" classname="com.cardatechnologies.utils.validators.abaroutevalidator.Test_AbaRouteValidator_05" time="0"/>
  <testcase name="testAbaNumberCheck_7844_bad" classname="com.cardatechnologies.utils.validators.abaroutevalidator.Test_AbaRouteValidator_05" time="0"/>
  <testcase name="testAbaNumberCheck_8658_bad" classname="com.cardatechnologies.utils.validators.abaroutevalidator.Test_AbaRouteValidator_05" time="0"/>
  <testcase name="testAbaNumberCheck_9885_good" classname="com.cardatechnologies.utils.validators.abaroutevalidator.Test_AbaRouteValidator_05" time="0"/>
  <testcase name="testAbaNumberCheck_8945_good" classname="com.cardatechnologies.utils.validators.abaroutevalidator.Test_AbaRouteValidator_05" time="0"/>
  <testcase name="testAbaNumberCheck_7846_bad" classname="com.cardatechnologies.utils.validators.abaroutevalidator.Test_AbaRouteValidator_05" time="0"/>
  <testcase name="testAbaNumberCheck_7848_bad" classname="com.cardatechnologies.utils.validators.abaroutevalidator.Test_AbaRouteValidator_05" time="0"/>
  <testcase name="testAbaNumberCheck_9759_good" classname="com.cardatechnologies.utils.validators.abaroutevalidator.Test_AbaRouteValidator_05" time="0"/>
  <testcase name="testAbaNumberCheck_8819_good" classname="com.cardatechnologies.utils.validators.abaroutevalidator.Test_AbaRouteValidator_05" time="0"/>
  <testcase name="testAbaNumberCheck_8783_good" classname="com.cardatechnologies.utils.validators.abaroutevalidator.Test_AbaRouteValidator_05" time="0"/>
  <testcase name="testAbaNumberCheck_7843_good" classname="com.cardatechnologies.utils.validators.abaroutevalidator.Test_AbaRouteValidator_05" time="0"/>
  <testcase name="testAbaNumberCheck_9597_good" classname="com.cardatechnologies.utils.validators.abaroutevalidator.Test_AbaRouteValidator_05" time="0"/>
  <testcase name="testAbaNumberCheck_8657_good" classname="com.cardatechnologies.utils.validators.abaroutevalidator.Test_AbaRouteValidator_05" time="0"/>
  <testcase name="testAbaNumberCheck_7717_good" classname="com.cardatechnologies.utils.validators.abaroutevalidator.Test_AbaRouteValidator_05" time="0"/>
  <testcase name="testAbaNumberCheck_7681_good" classname="com.cardatechnologies.utils.validators.abaroutevalidator.Test_AbaRouteValidator_05" time="0"/>
  <testcase name="testAbaNumberCheck_9920_bad" classname="com.cardatechnologies.utils.validators.abaroutevalidator.Test_AbaRouteValidator_05" time="0"/>
  <testcase name="testAbaNumberCheck_9470_bad" classname="com.cardatechnologies.utils.validators.abaroutevalidator.Test_AbaRouteValidator_05" time="0"/>
  <testcase name="testAbaNumberCheck_9922_bad" classname="com.cardatechnologies.utils.validators.abaroutevalidator.Test_AbaRouteValidator_05" time="0.001"/>
  <testcase name="testAbaNumberCheck_9472_bad" classname="com.cardatechnologies.utils.validators.abaroutevalidator.Test_AbaRouteValidator_05" time="0"/>
  <testcase name="testAbaNumberCheck_8495_good" classname="com.cardatechnologies.utils.validators.abaroutevalidator.Test_AbaRouteValidator_05" time="0"/>
  <testcase name="testAbaNumberCheck_7555_good" classname="com.cardatechnologies.utils.validators.abaroutevalidator.Test_AbaRouteValidator_05" time="0"/>
  <testcase name="testAbaNumberCheck_9924_bad" classname="com.cardatechnologies.utils.validators.abaroutevalidator.Test_AbaRouteValidator_05" time="0"/>
  <testcase name="testAbaNumberCheck_8660_bad" classname="com.cardatechnologies.utils.validators.abaroutevalidator.Test_AbaRouteValidator_05" time="0"/>
  <testcase name="testAbaNumberCheck_9474_bad" classname="com.cardatechnologies.utils.validators.abaroutevalidator.Test_AbaRouteValidator_05" time="0"/>
  <testcase name="testAbaNumberCheck_9926_bad" classname="com.cardatechnologies.utils.validators.abaroutevalidator.Test_AbaRouteValidator_05" time="0"/>
  <testcase name="testAbaNumberCheck_8662_bad" classname="com.cardatechnologies.utils.validators.abaroutevalidator.Test_AbaRouteValidator_05" time="0"/>
  <testcase name="testAbaNumberCheck_9476_bad" classname="com.cardatechnologies.utils.validators.abaroutevalidator.Test_AbaRouteValidator_05" time="0"/>
  <testcase name="testAbaNumberCheck_8369_good" classname="com.cardatechnologies.utils.validators.abaroutevalidator.Test_AbaRouteValidator_05" time="0"/>
  <testcase name="testAbaNumberCheck_9928_bad" classname="com.cardatechnologies.utils.validators.abaroutevalidator.Test_AbaRouteValidator_05" time="0"/>
  <testcase name="testAbaNumberCheck_7850_bad" classname="com.cardatechnologies.utils.validators.abaroutevalidator.Test_AbaRouteValidator_05" time="0"/>
  <testcase name="testAbaNumberCheck_8664_bad" classname="com.cardatechnologies.utils.validators.abaroutevalidator.Test_AbaRouteValidator_05" time="0"/>
  <testcase name="testAbaNumberCheck_9478_bad" classname="com.cardatechnologies.utils.validators.abaroutevalidator.Test_AbaRouteValidator_05" time="0"/>
  <testcase name="testAbaNumberCheck_9967_good" classname="com.cardatechnologies.utils.validators.abaroutevalidator.Test_AbaRouteValidator_05" time="0"/>
  <testcase name="testAbaNumberCheck_7852_bad" classname="com.cardatechnologies.utils.validators.abaroutevalidator.Test_AbaRouteValidator_05" time="0"/>
  <testcase name="testAbaNumberCheck_8666_bad" classname="com.cardatechnologies.utils.validators.abaroutevalidator.Test_AbaRouteValidator_05" time="0"/>
  <testcase name="testAbaNumberCheck_7854_bad" classname="com.cardatechnologies.utils.validators.abaroutevalidator.Test_AbaRouteValidator_05" time="0.001"/>
  <testcase name="testAbaNumberCheck_8668_bad" classname="com.cardatechnologies.utils.validators.abaroutevalidator.Test_AbaRouteValidator_05" time="0"/>
  <testcase name="testAbaNumberCheck_8991_good" classname="com.cardatechnologies.utils.validators.abaroutevalidator.Test_AbaRouteValidator_05" time="0"/>
  <testcase name="testAbaNumberCheck_7856_bad" classname="com.cardatechnologies.utils.validators.abaroutevalidator.Test_AbaRouteValidator_05" time="0"/>
  <testcase name="testAbaNumberCheck_7858_bad" classname="com.cardatechnologies.utils.validators.abaroutevalidator.Test_AbaRouteValidator_05" time="0"/>
  <testcase name="testAbaNumberCheck_8865_good" classname="com.cardatechnologies.utils.validators.abaroutevalidator.Test_AbaRouteValidator_05" time="0"/>
  <testcase name="testAbaNumberCheck_7925_good" classname="com.cardatechnologies.utils.validators.abaroutevalidator.Test_AbaRouteValidator_05" time="0"/>
  <testcase name="testAbaNumberCheck_9679_good" classname="com.cardatechnologies.utils.validators.abaroutevalidator.Test_AbaRouteValidator_05" time="0"/>
  <testcase name="testAbaNumberCheck_8739_good" classname="com.cardatechnologies.utils.validators.abaroutevalidator.Test_AbaRouteValidator_05" time="0"/>
  <testcase name="testAbaNumberCheck_7763_good" classname="com.cardatechnologies.utils.validators.abaroutevalidator.Test_AbaRouteValidator_05" time="0"/>
  <testcase name="testAbaNumberCheck_8577_good" classname="com.cardatechnologies.utils.validators.abaroutevalidator.Test_AbaRouteValidator_05" time="0"/>
  <testcase name="testAbaNumberCheck_7637_good" classname="com.cardatechnologies.utils.validators.abaroutevalidator.Test_AbaRouteValidator_05" time="0"/>
  <testcase name="testAbaNumberCheck_9930_bad" classname="com.cardatechnologies.utils.validators.abaroutevalidator.Test_AbaRouteValidator_05" time="0"/>
  <testcase name="testAbaNumberCheck_9480_bad" classname="com.cardatechnologies.utils.validators.abaroutevalidator.Test_AbaRouteValidator_05" time="0"/>
  <testcase name="testAbaNumberCheck_9932_bad" classname="com.cardatechnologies.utils.validators.abaroutevalidator.Test_AbaRouteValidator_05" time="0"/>
  <testcase name="testAbaNumberCheck_9482_bad" classname="com.cardatechnologies.utils.validators.abaroutevalidator.Test_AbaRouteValidator_05" time="0"/>
  <testcase name="testAbaNumberCheck_9934_bad" classname="com.cardatechnologies.utils.validators.abaroutevalidator.Test_AbaRouteValidator_05" time="0"/>
  <testcase name="testAbaNumberCheck_8670_bad" classname="com.cardatechnologies.utils.validators.abaroutevalidator.Test_AbaRouteValidator_05" time="0"/>
  <testcase name="testAbaNumberCheck_9484_bad" classname="com.cardatechnologies.utils.validators.abaroutevalidator.Test_AbaRouteValidator_05" time="0"/>
  <testcase name="testAbaNumberCheck_9936_bad" classname="com.cardatechnologies.utils.validators.abaroutevalidator.Test_AbaRouteValidator_05" time="0"/>
  <testcase name="testAbaNumberCheck_8672_bad" classname="com.cardatechnologies.utils.validators.abaroutevalidator.Test_AbaRouteValidator_05" time="0.001"/>
  <testcase name="testAbaNumberCheck_9486_bad" classname="com.cardatechnologies.utils.validators.abaroutevalidator.Test_AbaRouteValidator_05" time="0"/>
  <testcase name="testAbaNumberCheck_9938_bad" classname="com.cardatechnologies.utils.validators.abaroutevalidator.Test_AbaRouteValidator_05" time="0"/>
  <testcase name="testAbaNumberCheck_7860_bad" classname="com.cardatechnologies.utils.validators.abaroutevalidator.Test_AbaRouteValidator_05" time="0"/>
  <testcase name="testAbaNumberCheck_8674_bad" classname="com.cardatechnologies.utils.validators.abaroutevalidator.Test_AbaRouteValidator_05" time="0"/>
  <testcase name="testAbaNumberCheck_9488_bad" classname="com.cardatechnologies.utils.validators.abaroutevalidator.Test_AbaRouteValidator_05" time="0"/>
  <testcase name="testAbaNumberCheck_7862_bad" classname="com.cardatechnologies.utils.validators.abaroutevalidator.Test_AbaRouteValidator_05" time="0"/>
  <testcase name="testAbaNumberCheck_8676_bad" classname="com.cardatechnologies.utils.validators.abaroutevalidator.Test_AbaRouteValidator_05" time="0"/>
  <testcase name="testAbaNumberCheck_8289_good" classname="com.cardatechnologies.utils.validators.abaroutevalidator.Test_AbaRouteValidator_05" time="0"/>
  <testcase name="testAbaNumberCheck_7864_bad" classname="com.cardatechnologies.utils.validators.abaroutevalidator.Test_AbaRouteValidator_05" time="0"/>
  <testcase name="testAbaNumberCheck_8678_bad" classname="com.cardatechnologies.utils.validators.abaroutevalidator.Test_AbaRouteValidator_05" time="0"/>
  <testcase name="testAbaNumberCheck_9887_good" classname="com.cardatechnologies.utils.validators.abaroutevalidator.Test_AbaRouteValidator_05" time="0"/>
  <testcase name="testAbaNumberCheck_8947_good" classname="com.cardatechnologies.utils.validators.abaroutevalidator.Test_AbaRouteValidator_05" time="0"/>
  <testcase name="testAbaNumberCheck_7866_bad" classname="com.cardatechnologies.utils.validators.abaroutevalidator.Test_AbaRouteValidator_05" time="0"/>
  <testcase name="testAbaNumberCheck_7868_bad" classname="com.cardatechnologies.utils.validators.abaroutevalidator.Test_AbaRouteValidator_05" time="0"/>
  <testcase name="testAbaNumberCheck_7971_good" classname="com.cardatechnologies.utils.validators.abaroutevalidator.Test_AbaRouteValidator_05" time="0"/>
  <testcase name="testAbaNumberCheck_8785_good" classname="com.cardatechnologies.utils.validators.abaroutevalidator.Test_AbaRouteValidator_05" time="0.001"/>
  <testcase name="testAbaNumberCheck_7845_good" classname="com.cardatechnologies.utils.validators.abaroutevalidator.Test_AbaRouteValidator_05" time="0"/>
  <testcase name="testAbaNumberCheck_9599_good" classname="com.cardatechnologies.utils.validators.abaroutevalidator.Test_AbaRouteValidator_05" time="0"/>
  <testcase name="testAbaNumberCheck_8659_good" classname="com.cardatechnologies.utils.validators.abaroutevalidator.Test_AbaRouteValidator_05" time="0"/>
  <testcase name="testAbaNumberCheck_7719_good" classname="com.cardatechnologies.utils.validators.abaroutevalidator.Test_AbaRouteValidator_05" time="0"/>
  <testcase name="testAbaNumberCheck_7683_good" classname="com.cardatechnologies.utils.validators.abaroutevalidator.Test_AbaRouteValidator_05" time="0"/>
  <testcase name="testAbaNumberCheck_9940_bad" classname="com.cardatechnologies.utils.validators.abaroutevalidator.Test_AbaRouteValidator_05" time="0"/>
  <testcase name="testAbaNumberCheck_9490_bad" classname="com.cardatechnologies.utils.validators.abaroutevalidator.Test_AbaRouteValidator_05" time="0"/>
  <testcase name="testAbaNumberCheck_9942_bad" classname="com.cardatechnologies.utils.validators.abaroutevalidator.Test_AbaRouteValidator_05" time="0"/>
  <testcase name="testAbaNumberCheck_9492_bad" classname="com.cardatechnologies.utils.validators.abaroutevalidator.Test_AbaRouteValidator_05" time="0.001"/>
  <testcase name="testAbaNumberCheck_8497_good" classname="com.cardatechnologies.utils.validators.abaroutevalidator.Test_AbaRouteValidator_05" time="0.001"/>
  <testcase name="testAbaNumberCheck_7557_good" classname="com.cardatechnologies.utils.validators.abaroutevalidator.Test_AbaRouteValidator_05" time="0"/>
  <testcase name="testAbaNumberCheck_9944_bad" classname="com.cardatechnologies.utils.validators.abaroutevalidator.Test_AbaRouteValidator_05" time="0"/>
  <testcase name="testAbaNumberCheck_8680_bad" classname="com.cardatechnologies.utils.validators.abaroutevalidator.Test_AbaRouteValidator_05" time="0"/>
  <testcase name="testAbaNumberCheck_9494_bad" classname="com.cardatechnologies.utils.validators.abaroutevalidator.Test_AbaRouteValidator_05" time="0"/>
  <testcase name="testAbaNumberCheck_9946_bad" classname="com.cardatechnologies.utils.validators.abaroutevalidator.Test_AbaRouteValidator_05" time="0"/>
  <testcase name="testAbaNumberCheck_8682_bad" classname="com.cardatechnologies.utils.validators.abaroutevalidator.Test_AbaRouteValidator_05" time="0"/>
  <testcase name="testAbaNumberCheck_9496_bad" classname="com.cardatechnologies.utils.validators.abaroutevalidator.Test_AbaRouteValidator_05" time="0"/>
  <testcase name="testAbaNumberCheck_9948_bad" classname="com.cardatechnologies.utils.validators.abaroutevalidator.Test_AbaRouteValidator_05" time="0"/>
  <testcase name="testAbaNumberCheck_7870_bad" classname="com.cardatechnologies.utils.validators.abaroutevalidator.Test_AbaRouteValidator_05" time="0"/>
  <testcase name="testAbaNumberCheck_8684_bad" classname="com.cardatechnologies.utils.validators.abaroutevalidator.Test_AbaRouteValidator_05" time="0"/>
  <testcase name="testAbaNumberCheck_9498_bad" classname="com.cardatechnologies.utils.validators.abaroutevalidator.Test_AbaRouteValidator_05" time="0"/>
  <testcase name="testAbaNumberCheck_9969_good" classname="com.cardatechnologies.utils.validators.abaroutevalidator.Test_AbaRouteValidator_05" time="0"/>
  <testcase name="testAbaNumberCheck_7872_bad" classname="com.cardatechnologies.utils.validators.abaroutevalidator.Test_AbaRouteValidator_05" time="0"/>
  <testcase name="testAbaNumberCheck_8686_bad" classname="com.cardatechnologies.utils.validators.abaroutevalidator.Test_AbaRouteValidator_05" time="0"/>
  <testcase name="testAbaNumberCheck_7874_bad" classname="com.cardatechnologies.utils.validators.abaroutevalidator.Test_AbaRouteValidator_05" time="0"/>
  <testcase name="testAbaNumberCheck_8688_bad" classname="com.cardatechnologies.utils.validators.abaroutevalidator.Test_AbaRouteValidator_05" time="0"/>
  <testcase name="testAbaNumberCheck_8993_good" classname="com.cardatechnologies.utils.validators.abaroutevalidator.Test_AbaRouteValidator_05" time="0"/>
  <testcase name="testAbaNumberCheck_7876_bad" classname="com.cardatechnologies.utils.validators.abaroutevalidator.Test_AbaRouteValidator_05" time="0"/>
  <testcase name="testAbaNumberCheck_7878_bad" classname="com.cardatechnologies.utils.validators.abaroutevalidator.Test_AbaRouteValidator_05" time="0"/>
  <testcase name="testAbaNumberCheck_8867_good" classname="com.cardatechnologies.utils.validators.abaroutevalidator.Test_AbaRouteValidator_05" time="0"/>
  <testcase name="testAbaNumberCheck_7927_good" classname="com.cardatechnologies.utils.validators.abaroutevalidator.Test_AbaRouteValidator_05" time="0"/>
  <testcase name="testAbaNumberCheck_7891_good" classname="com.cardatechnologies.utils.validators.abaroutevalidator.Test_AbaRouteValidator_05" time="0"/>
  <testcase name="testAbaNumberCheck_7765_good" classname="com.cardatechnologies.utils.validators.abaroutevalidator.Test_AbaRouteValidator_05" time="0"/>
  <testcase name="testAbaNumberCheck_8579_good" classname="com.cardatechnologies.utils.validators.abaroutevalidator.Test_AbaRouteValidator_05" time="0"/>
  <testcase name="testAbaNumberCheck_7639_good" classname="com.cardatechnologies.utils.validators.abaroutevalidator.Test_AbaRouteValidator_05" time="0"/>
  <testcase name="testAbaNumberCheck_9950_bad" classname="com.cardatechnologies.utils.validators.abaroutevalidator.Test_AbaRouteValidator_05" time="0"/>
  <testcase name="testAbaNumberCheck_9952_bad" classname="com.cardatechnologies.utils.validators.abaroutevalidator.Test_AbaRouteValidator_05" time="0"/>
  <testcase name="testAbaNumberCheck_9954_bad" classname="com.cardatechnologies.utils.validators.abaroutevalidator.Test_AbaRouteValidator_05" time="0"/>
  <testcase name="testAbaNumberCheck_8690_bad" classname="com.cardatechnologies.utils.validators.abaroutevalidator.Test_AbaRouteValidator_05" time="0"/>
  <testcase name="testAbaNumberCheck_9956_bad" classname="com.cardatechnologies.utils.validators.abaroutevalidator.Test_AbaRouteValidator_05" time="0"/>
  <testcase name="testAbaNumberCheck_8692_bad" classname="com.cardatechnologies.utils.validators.abaroutevalidator.Test_AbaRouteValidator_05" time="0"/>
  <testcase name="testAbaNumberCheck_9958_bad" classname="com.cardatechnologies.utils.validators.abaroutevalidator.Test_AbaRouteValidator_05" time="0.001"/>
  <testcase name="testAbaNumberCheck_7880_bad" classname="com.cardatechnologies.utils.validators.abaroutevalidator.Test_AbaRouteValidator_05" time="0"/>
  <testcase name="testAbaNumberCheck_8694_bad" classname="com.cardatechnologies.utils.validators.abaroutevalidator.Test_AbaRouteValidator_05" time="0"/>
  <testcase name="testAbaNumberCheck_7882_bad" classname="com.cardatechnologies.utils.validators.abaroutevalidator.Test_AbaRouteValidator_05" time="0"/>
  <testcase name="testAbaNumberCheck_8696_bad" classname="com.cardatechnologies.utils.validators.abaroutevalidator.Test_AbaRouteValidator_05" time="0.001"/>
  <testcase name="testAbaNumberCheck_7884_bad" classname="com.cardatechnologies.utils.validators.abaroutevalidator.Test_AbaRouteValidator_05" time="0"/>
  <testcase name="testAbaNumberCheck_8698_bad" classname="com.cardatechnologies.utils.validators.abaroutevalidator.Test_AbaRouteValidator_05" time="0"/>
  <testcase name="testAbaNumberCheck_9889_good" classname="com.cardatechnologies.utils.validators.abaroutevalidator.Test_AbaRouteValidator_05" time="0"/>
  <testcase name="testAbaNumberCheck_8949_good" classname="com.cardatechnologies.utils.validators.abaroutevalidator.Test_AbaRouteValidator_05" time="0"/>
  <testcase name="testAbaNumberCheck_7886_bad" classname="com.cardatechnologies.utils.validators.abaroutevalidator.Test_AbaRouteValidator_05" time="0"/>
  <testcase name="testAbaNumberCheck_7888_bad" classname="com.cardatechnologies.utils.validators.abaroutevalidator.Test_AbaRouteValidator_05" time="0"/>
  <testcase name="testAbaNumberCheck_7973_good" classname="com.cardatechnologies.utils.validators.abaroutevalidator.Test_AbaRouteValidator_05" time="0"/>
  <testcase name="testAbaNumberCheck_8787_good" classname="com.cardatechnologies.utils.validators.abaroutevalidator.Test_AbaRouteValidator_05" time="0"/>
  <testcase name="testAbaNumberCheck_7847_good" classname="com.cardatechnologies.utils.validators.abaroutevalidator.Test_AbaRouteValidator_05" time="0"/>
  <testcase name="testAbaNumberCheck_7685_good" classname="com.cardatechnologies.utils.validators.abaroutevalidator.Test_AbaRouteValidator_05" time="0"/>
  <testcase name="testAbaNumberCheck_9960_bad" classname="com.cardatechnologies.utils.validators.abaroutevalidator.Test_AbaRouteValidator_05" time="0"/>
  <testcase name="testAbaNumberCheck_9962_bad" classname="com.cardatechnologies.utils.validators.abaroutevalidator.Test_AbaRouteValidator_05" time="0"/>
  <testcase name="testAbaNumberCheck_8499_good" classname="com.cardatechnologies.utils.validators.abaroutevalidator.Test_AbaRouteValidator_05" time="0"/>
  <testcase name="testAbaNumberCheck_7559_good" classname="com.cardatechnologies.utils.validators.abaroutevalidator.Test_AbaRouteValidator_05" time="0"/>
  <testcase name="testAbaNumberCheck_9964_bad" classname="com.cardatechnologies.utils.validators.abaroutevalidator.Test_AbaRouteValidator_05" time="0"/>
  <testcase name="testAbaNumberCheck_9966_bad" classname="com.cardatechnologies.utils.validators.abaroutevalidator.Test_AbaRouteValidator_05" time="0"/>
  <testcase name="testAbaNumberCheck_9968_bad" classname="com.cardatechnologies.utils.validators.abaroutevalidator.Test_AbaRouteValidator_05" time="0.001"/>
  <testcase name="testAbaNumberCheck_7890_bad" classname="com.cardatechnologies.utils.validators.abaroutevalidator.Test_AbaRouteValidator_05" time="0"/>
  <testcase name="testAbaNumberCheck_7892_bad" classname="com.cardatechnologies.utils.validators.abaroutevalidator.Test_AbaRouteValidator_05" time="0"/>
  <testcase name="testAbaNumberCheck_7894_bad" classname="com.cardatechnologies.utils.validators.abaroutevalidator.Test_AbaRouteValidator_05" time="0"/>
  <testcase name="testAbaNumberCheck_8995_good" classname="com.cardatechnologies.utils.validators.abaroutevalidator.Test_AbaRouteValidator_05" time="0"/>
  <testcase name="testAbaNumberCheck_7896_bad" classname="com.cardatechnologies.utils.validators.abaroutevalidator.Test_AbaRouteValidator_05" time="0"/>
  <testcase name="testAbaNumberCheck_7898_bad" classname="com.cardatechnologies.utils.validators.abaroutevalidator.Test_AbaRouteValidator_05" time="0.001"/>
  <testcase name="testAbaNumberCheck_8869_good" classname="com.cardatechnologies.utils.validators.abaroutevalidator.Test_AbaRouteValidator_05" time="0"/>
  <testcase name="testAbaNumberCheck_7929_good" classname="com.cardatechnologies.utils.validators.abaroutevalidator.Test_AbaRouteValidator_05" time="0"/>
  <testcase name="testAbaNumberCheck_7893_good" classname="com.cardatechnologies.utils.validators.abaroutevalidator.Test_AbaRouteValidator_05" time="0"/>
  <testcase name="testAbaNumberCheck_7767_good" classname="com.cardatechnologies.utils.validators.abaroutevalidator.Test_AbaRouteValidator_05" time="0.001"/>
  <testcase name="testAbaNumberCheck_9970_bad" classname="com.cardatechnologies.utils.validators.abaroutevalidator.Test_AbaRouteValidator_05" time="0"/>
  <testcase name="testAbaNumberCheck_9972_bad" classname="com.cardatechnologies.utils.validators.abaroutevalidator.Test_AbaRouteValidator_05" time="0"/>
  <testcase name="testAbaNumberCheck_9974_bad" classname="com.cardatechnologies.utils.validators.abaroutevalidator.Test_AbaRouteValidator_05" time="0.001"/>
  <testcase name="testAbaNumberCheck_9976_bad" classname="com.cardatechnologies.utils.validators.abaroutevalidator.Test_AbaRouteValidator_05" time="0"/>
  <testcase name="testAbaNumberCheck_9978_bad" classname="com.cardatechnologies.utils.validators.abaroutevalidator.Test_AbaRouteValidator_05" time="0"/>
  <testcase name="testAbaNumberCheck_7975_good" classname="com.cardatechnologies.utils.validators.abaroutevalidator.Test_AbaRouteValidator_05" time="0"/>
  <testcase name="testAbaNumberCheck_8789_good" classname="com.cardatechnologies.utils.validators.abaroutevalidator.Test_AbaRouteValidator_05" time="0"/>
  <testcase name="testAbaNumberCheck_7849_good" classname="com.cardatechnologies.utils.validators.abaroutevalidator.Test_AbaRouteValidator_05" time="0"/>
  <testcase name="testAbaNumberCheck_7687_good" classname="com.cardatechnologies.utils.validators.abaroutevalidator.Test_AbaRouteValidator_05" time="0"/>
  <testcase name="testAbaNumberCheck_9980_bad" classname="com.cardatechnologies.utils.validators.abaroutevalidator.Test_AbaRouteValidator_05" time="0"/>
  <testcase name="testAbaNumberCheck_9982_bad" classname="com.cardatechnologies.utils.validators.abaroutevalidator.Test_AbaRouteValidator_05" time="0"/>
  <testcase name="testAbaNumberCheck_9984_bad" classname="com.cardatechnologies.utils.validators.abaroutevalidator.Test_AbaRouteValidator_05" time="0"/>
  <testcase name="testAbaNumberCheck_9986_bad" classname="com.cardatechnologies.utils.validators.abaroutevalidator.Test_AbaRouteValidator_05" time="0"/>
  <testcase name="testAbaNumberCheck_9988_bad" classname="com.cardatechnologies.utils.validators.abaroutevalidator.Test_AbaRouteValidator_05" time="0"/>
  <testcase name="testAbaNumberCheck_8997_good" classname="com.cardatechnologies.utils.validators.abaroutevalidator.Test_AbaRouteValidator_05" time="0"/>
  <testcase name="testAbaNumberCheck_7895_good" classname="com.cardatechnologies.utils.validators.abaroutevalidator.Test_AbaRouteValidator_05" time="0"/>
  <testcase name="testAbaNumberCheck_7769_good" classname="com.cardatechnologies.utils.validators.abaroutevalidator.Test_AbaRouteValidator_05" time="0"/>
  <testcase name="testAbaNumberCheck_9990_bad" classname="com.cardatechnologies.utils.validators.abaroutevalidator.Test_AbaRouteValidator_05" time="0"/>
  <testcase name="testAbaNumberCheck_9992_bad" classname="com.cardatechnologies.utils.validators.abaroutevalidator.Test_AbaRouteValidator_05" time="0"/>
  <testcase name="testAbaNumberCheck_9994_bad" classname="com.cardatechnologies.utils.validators.abaroutevalidator.Test_AbaRouteValidator_05" time="0"/>
  <testcase name="testAbaNumberCheck_9996_bad" classname="com.cardatechnologies.utils.validators.abaroutevalidator.Test_AbaRouteValidator_05" time="0"/>
  <testcase name="testAbaNumberCheck_9998_bad" classname="com.cardatechnologies.utils.validators.abaroutevalidator.Test_AbaRouteValidator_05" time="0"/>
  <testcase name="testAbaNumberCheck_7977_good" classname="com.cardatechnologies.utils.validators.abaroutevalidator.Test_AbaRouteValidator_05" time="0"/>
  <testcase name="testAbaNumberCheck_7689_good" classname="com.cardatechnologies.utils.validators.abaroutevalidator.Test_AbaRouteValidator_05" time="0"/>
  <testcase name="testAbaNumberCheck_8999_good" classname="com.cardatechnologies.utils.validators.abaroutevalidator.Test_AbaRouteValidator_05" time="0"/>
  <testcase name="testAbaNumberCheck_7897_good" classname="com.cardatechnologies.utils.validators.abaroutevalidator.Test_AbaRouteValidator_05" time="0"/>
  <testcase name="testAbaNumberCheck_7979_good" classname="com.cardatechnologies.utils.validators.abaroutevalidator.Test_AbaRouteValidator_05" time="0"/>
  <testcase name="testAbaNumberCheck_9001_good" classname="com.cardatechnologies.utils.validators.abaroutevalidator.Test_AbaRouteValidator_05" time="0.001"/>
  <testcase name="testAbaNumberCheck_7899_good" classname="com.cardatechnologies.utils.validators.abaroutevalidator.Test_AbaRouteValidator_05" time="0"/>
  <testcase name="testAbaNumberCheck_9003_good" classname="com.cardatechnologies.utils.validators.abaroutevalidator.Test_AbaRouteValidator_05" time="0"/>
  <testcase name="testAbaNumberCheck_9211_good" classname="com.cardatechnologies.utils.validators.abaroutevalidator.Test_AbaRouteValidator_05" time="0"/>
  <testcase name="testAbaNumberCheck_9131_good" classname="com.cardatechnologies.utils.validators.abaroutevalidator.Test_AbaRouteValidator_05" time="0"/>
  <testcase name="testAbaNumberCheck_9005_good" classname="com.cardatechnologies.utils.validators.abaroutevalidator.Test_AbaRouteValidator_05" time="0"/>
  <testcase name="testAbaNumberCheck_9501_good" classname="com.cardatechnologies.utils.validators.abaroutevalidator.Test_AbaRouteValidator_05" time="0"/>
  <testcase name="testAbaNumberCheck_9213_good" classname="com.cardatechnologies.utils.validators.abaroutevalidator.Test_AbaRouteValidator_05" time="0"/>
  <testcase name="testAbaNumberCheck_9051_good" classname="com.cardatechnologies.utils.validators.abaroutevalidator.Test_AbaRouteValidator_05" time="0"/>
  <testcase name="testAbaNumberCheck_8111_good" classname="com.cardatechnologies.utils.validators.abaroutevalidator.Test_AbaRouteValidator_05" time="0"/>
  <testcase name="testAbaNumberCheck_9421_good" classname="com.cardatechnologies.utils.validators.abaroutevalidator.Test_AbaRouteValidator_05" time="0"/>
  <testcase name="testAbaNumberCheck_9133_good" classname="com.cardatechnologies.utils.validators.abaroutevalidator.Test_AbaRouteValidator_05" time="0"/>
  <testcase name="testAbaNumberCheck_9007_good" classname="com.cardatechnologies.utils.validators.abaroutevalidator.Test_AbaRouteValidator_05" time="0"/>
  <testcase name="testAbaNumberCheck_8031_good" classname="com.cardatechnologies.utils.validators.abaroutevalidator.Test_AbaRouteValidator_05" time="0"/>
  <testcase name="testAbaNumberCheck_9503_good" classname="com.cardatechnologies.utils.validators.abaroutevalidator.Test_AbaRouteValidator_05" time="0"/>
  <testcase name="testAbaNumberCheck_9341_good" classname="com.cardatechnologies.utils.validators.abaroutevalidator.Test_AbaRouteValidator_05" time="0"/>
  <testcase name="testAbaNumberCheck_8401_good" classname="com.cardatechnologies.utils.validators.abaroutevalidator.Test_AbaRouteValidator_05" time="0"/>
  <testcase name="testAbaNumberCheck_9215_good" classname="com.cardatechnologies.utils.validators.abaroutevalidator.Test_AbaRouteValidator_05" time="0.001"/>
  <testcase name="testAbaNumberCheck_9053_good" classname="com.cardatechnologies.utils.validators.abaroutevalidator.Test_AbaRouteValidator_05" time="0"/>
  <testcase name="testAbaNumberCheck_8113_good" classname="com.cardatechnologies.utils.validators.abaroutevalidator.Test_AbaRouteValidator_05" time="0"/>
  <testcase name="testAbaNumberCheck_9711_good" classname="com.cardatechnologies.utils.validators.abaroutevalidator.Test_AbaRouteValidator_05" time="0"/>
  <testcase name="testAbaNumberCheck_9423_good" classname="com.cardatechnologies.utils.validators.abaroutevalidator.Test_AbaRouteValidator_05" time="0"/>
  <testcase name="testAbaNumberCheck_9261_good" classname="com.cardatechnologies.utils.validators.abaroutevalidator.Test_AbaRouteValidator_05" time="0"/>
  <testcase name="testAbaNumberCheck_8321_good" classname="com.cardatechnologies.utils.validators.abaroutevalidator.Test_AbaRouteValidator_05" time="0"/>
  <testcase name="testAbaNumberCheck_9135_good" classname="com.cardatechnologies.utils.validators.abaroutevalidator.Test_AbaRouteValidator_05" time="0"/>
  <testcase name="testAbaNumberCheck_9009_good" classname="com.cardatechnologies.utils.validators.abaroutevalidator.Test_AbaRouteValidator_05" time="0"/>
  <testcase name="testAbaNumberCheck_8033_good" classname="com.cardatechnologies.utils.validators.abaroutevalidator.Test_AbaRouteValidator_05" time="0"/>
  <testcase name="testAbaNumberCheck_9631_good" classname="com.cardatechnologies.utils.validators.abaroutevalidator.Test_AbaRouteValidator_05" time="0.001"/>
  <testcase name="testAbaNumberCheck_9505_good" classname="com.cardatechnologies.utils.validators.abaroutevalidator.Test_AbaRouteValidator_05" time="0"/>
  <testcase name="testAbaNumberCheck_9000_bad" classname="com.cardatechnologies.utils.validators.abaroutevalidator.Test_AbaRouteValidator_05" time="0"/>
  <testcase name="testAbaNumberCheck_9002_bad" classname="com.cardatechnologies.utils.validators.abaroutevalidator.Test_AbaRouteValidator_05" time="0"/>
  <testcase name="testAbaNumberCheck_9343_good" classname="com.cardatechnologies.utils.validators.abaroutevalidator.Test_AbaRouteValidator_05" time="0"/>
  <testcase name="testAbaNumberCheck_8403_good" classname="com.cardatechnologies.utils.validators.abaroutevalidator.Test_AbaRouteValidator_05" time="0"/>
  <testcase name="testAbaNumberCheck_9004_bad" classname="com.cardatechnologies.utils.validators.abaroutevalidator.Test_AbaRouteValidator_05" time="0"/>
  <testcase name="testAbaNumberCheck_9006_bad" classname="com.cardatechnologies.utils.validators.abaroutevalidator.Test_AbaRouteValidator_05" time="0"/>
  <testcase name="testAbaNumberCheck_9217_good" classname="com.cardatechnologies.utils.validators.abaroutevalidator.Test_AbaRouteValidator_05" time="0"/>
  <testcase name="testAbaNumberCheck_9008_bad" classname="com.cardatechnologies.utils.validators.abaroutevalidator.Test_AbaRouteValidator_05" time="0"/>
  <testcase name="testAbaNumberCheck_9181_good" classname="com.cardatechnologies.utils.validators.abaroutevalidator.Test_AbaRouteValidator_05" time="0"/>
  <testcase name="testAbaNumberCheck_8241_good" classname="com.cardatechnologies.utils.validators.abaroutevalidator.Test_AbaRouteValidator_05" time="0"/>
  <testcase name="testAbaNumberCheck_9055_good" classname="com.cardatechnologies.utils.validators.abaroutevalidator.Test_AbaRouteValidator_05" time="0.001"/>
  <testcase name="testAbaNumberCheck_8115_good" classname="com.cardatechnologies.utils.validators.abaroutevalidator.Test_AbaRouteValidator_05" time="0"/>
  <testcase name="testAbaNumberCheck_9713_good" classname="com.cardatechnologies.utils.validators.abaroutevalidator.Test_AbaRouteValidator_05" time="0"/>
  <testcase name="testAbaNumberCheck_9551_good" classname="com.cardatechnologies.utils.validators.abaroutevalidator.Test_AbaRouteValidator_05" time="0"/>
  <testcase name="testAbaNumberCheck_8611_good" classname="com.cardatechnologies.utils.validators.abaroutevalidator.Test_AbaRouteValidator_05" time="0"/>
  <testcase name="testAbaNumberCheck_9425_good" classname="com.cardatechnologies.utils.validators.abaroutevalidator.Test_AbaRouteValidator_05" time="0"/>
  <testcase name="testAbaNumberCheck_9010_bad" classname="com.cardatechnologies.utils.validators.abaroutevalidator.Test_AbaRouteValidator_05" time="0"/>
  <testcase name="testAbaNumberCheck_9012_bad" classname="com.cardatechnologies.utils.validators.abaroutevalidator.Test_AbaRouteValidator_05" time="0"/>
  <testcase name="testAbaNumberCheck_8200_bad" classname="com.cardatechnologies.utils.validators.abaroutevalidator.Test_AbaRouteValidator_05" time="0"/>
  <testcase name="testAbaNumberCheck_9014_bad" classname="com.cardatechnologies.utils.validators.abaroutevalidator.Test_AbaRouteValidator_05" time="0"/>
  <testcase name="testAbaNumberCheck_8202_bad" classname="com.cardatechnologies.utils.validators.abaroutevalidator.Test_AbaRouteValidator_05" time="0"/>
  <testcase name="testAbaNumberCheck_9016_bad" classname="com.cardatechnologies.utils.validators.abaroutevalidator.Test_AbaRouteValidator_05" time="0"/>
  <testcase name="testAbaNumberCheck_9263_good" classname="com.cardatechnologies.utils.validators.abaroutevalidator.Test_AbaRouteValidator_05" time="0"/>
  <testcase name="testAbaNumberCheck_8323_good" classname="com.cardatechnologies.utils.validators.abaroutevalidator.Test_AbaRouteValidator_05" time="0"/>
  <testcase name="testAbaNumberCheck_8204_bad" classname="com.cardatechnologies.utils.validators.abaroutevalidator.Test_AbaRouteValidator_05" time="0"/>
  <testcase name="testAbaNumberCheck_9018_bad" classname="com.cardatechnologies.utils.validators.abaroutevalidator.Test_AbaRouteValidator_05" time="0"/>
  <testcase name="testAbaNumberCheck_9921_good" classname="com.cardatechnologies.utils.validators.abaroutevalidator.Test_AbaRouteValidator_05" time="0"/>
  <testcase name="testAbaNumberCheck_8206_bad" classname="com.cardatechnologies.utils.validators.abaroutevalidator.Test_AbaRouteValidator_05" time="0"/>
  <testcase name="testAbaNumberCheck_9137_good" classname="com.cardatechnologies.utils.validators.abaroutevalidator.Test_AbaRouteValidator_05" time="0"/>
  <testcase name="testAbaNumberCheck_8208_bad" classname="com.cardatechnologies.utils.validators.abaroutevalidator.Test_AbaRouteValidator_05" time="0"/>
  <testcase name="testAbaNumberCheck_8161_good" classname="com.cardatechnologies.utils.validators.abaroutevalidator.Test_AbaRouteValidator_05" time="0"/>
  <testcase name="testAbaNumberCheck_8035_good" classname="com.cardatechnologies.utils.validators.abaroutevalidator.Test_AbaRouteValidator_05" time="0"/>
  <testcase name="testAbaNumberCheck_9633_good" classname="com.cardatechnologies.utils.validators.abaroutevalidator.Test_AbaRouteValidator_05" time="0"/>
  <testcase name="testAbaNumberCheck_9507_good" classname="com.cardatechnologies.utils.validators.abaroutevalidator.Test_AbaRouteValidator_05" time="0"/>
  <testcase name="testAbaNumberCheck_9471_good" classname="com.cardatechnologies.utils.validators.abaroutevalidator.Test_AbaRouteValidator_05" time="0"/>
  <testcase name="testAbaNumberCheck_8531_good" classname="com.cardatechnologies.utils.validators.abaroutevalidator.Test_AbaRouteValidator_05" time="0"/>
  <testcase name="testAbaNumberCheck_9020_bad" classname="com.cardatechnologies.utils.validators.abaroutevalidator.Test_AbaRouteValidator_05" time="0"/>
  <testcase name="testAbaNumberCheck_9022_bad" classname="com.cardatechnologies.utils.validators.abaroutevalidator.Test_AbaRouteValidator_05" time="0"/>
  <testcase name="testAbaNumberCheck_9345_good" classname="com.cardatechnologies.utils.validators.abaroutevalidator.Test_AbaRouteValidator_05" time="0"/>
  <testcase name="testAbaNumberCheck_8405_good" classname="com.cardatechnologies.utils.validators.abaroutevalidator.Test_AbaRouteValidator_05" time="0"/>
  <testcase name="testAbaNumberCheck_8210_bad" classname="com.cardatechnologies.utils.validators.abaroutevalidator.Test_AbaRouteValidator_05" time="0"/>
  <testcase name="testAbaNumberCheck_9024_bad" classname="com.cardatechnologies.utils.validators.abaroutevalidator.Test_AbaRouteValidator_05" time="0"/>
  <testcase name="testAbaNumberCheck_8212_bad" classname="com.cardatechnologies.utils.validators.abaroutevalidator.Test_AbaRouteValidator_05" time="0"/>
  <testcase name="testAbaNumberCheck_9026_bad" classname="com.cardatechnologies.utils.validators.abaroutevalidator.Test_AbaRouteValidator_05" time="0"/>
  <testcase name="testAbaNumberCheck_9219_good" classname="com.cardatechnologies.utils.validators.abaroutevalidator.Test_AbaRouteValidator_05" time="0"/>
  <testcase name="testAbaNumberCheck_8214_bad" classname="com.cardatechnologies.utils.validators.abaroutevalidator.Test_AbaRouteValidator_05" time="0"/>
  <testcase name="testAbaNumberCheck_9028_bad" classname="com.cardatechnologies.utils.validators.abaroutevalidator.Test_AbaRouteValidator_05" time="0"/>
  <testcase name="testAbaNumberCheck_8216_bad" classname="com.cardatechnologies.utils.validators.abaroutevalidator.Test_AbaRouteValidator_05" time="0"/>
  <testcase name="testAbaNumberCheck_9183_good" classname="com.cardatechnologies.utils.validators.abaroutevalidator.Test_AbaRouteValidator_05" time="0"/>
  <testcase name="testAbaNumberCheck_8243_good" classname="com.cardatechnologies.utils.validators.abaroutevalidator.Test_AbaRouteValidator_05" time="0"/>
  <testcase name="testAbaNumberCheck_8218_bad" classname="com.cardatechnologies.utils.validators.abaroutevalidator.Test_AbaRouteValidator_05" time="0"/>
  <testcase name="testAbaNumberCheck_9841_good" classname="com.cardatechnologies.utils.validators.abaroutevalidator.Test_AbaRouteValidator_05" time="0"/>
  <testcase name="testAbaNumberCheck_8901_good" classname="com.cardatechnologies.utils.validators.abaroutevalidator.Test_AbaRouteValidator_05" time="0"/>
  <testcase name="testAbaNumberCheck_9057_good" classname="com.cardatechnologies.utils.validators.abaroutevalidator.Test_AbaRouteValidator_05" time="0"/>
  <testcase name="testAbaNumberCheck_8117_good" classname="com.cardatechnologies.utils.validators.abaroutevalidator.Test_AbaRouteValidator_05" time="0"/>
  <testcase name="testAbaNumberCheck_9715_good" classname="com.cardatechnologies.utils.validators.abaroutevalidator.Test_AbaRouteValidator_05" time="0"/>
  <testcase name="testAbaNumberCheck_8081_good" classname="com.cardatechnologies.utils.validators.abaroutevalidator.Test_AbaRouteValidator_05" time="0"/>
  <testcase name="testAbaNumberCheck_9553_good" classname="com.cardatechnologies.utils.validators.abaroutevalidator.Test_AbaRouteValidator_05" time="0"/>
  <testcase name="testAbaNumberCheck_8613_good" classname="com.cardatechnologies.utils.validators.abaroutevalidator.Test_AbaRouteValidator_05" time="0"/>
  <testcase name="testAbaNumberCheck_9427_good" classname="com.cardatechnologies.utils.validators.abaroutevalidator.Test_AbaRouteValidator_05" time="0"/>
  <testcase name="testAbaNumberCheck_9030_bad" classname="com.cardatechnologies.utils.validators.abaroutevalidator.Test_AbaRouteValidator_05" time="0"/>
  <testcase name="testAbaNumberCheck_9391_good" classname="com.cardatechnologies.utils.validators.abaroutevalidator.Test_AbaRouteValidator_05" time="0"/>
  <testcase name="testAbaNumberCheck_9032_bad" classname="com.cardatechnologies.utils.validators.abaroutevalidator.Test_AbaRouteValidator_05" time="0"/>
  <testcase name="testAbaNumberCheck_8451_good" classname="com.cardatechnologies.utils.validators.abaroutevalidator.Test_AbaRouteValidator_05" time="0"/>
  <testcase name="testAbaNumberCheck_7511_good" classname="com.cardatechnologies.utils.validators.abaroutevalidator.Test_AbaRouteValidator_05" time="0"/>
  <testcase name="testAbaNumberCheck_8220_bad" classname="com.cardatechnologies.utils.validators.abaroutevalidator.Test_AbaRouteValidator_05" time="0"/>
  <testcase name="testAbaNumberCheck_9034_bad" classname="com.cardatechnologies.utils.validators.abaroutevalidator.Test_AbaRouteValidator_05" time="0"/>
  <testcase name="testAbaNumberCheck_8222_bad" classname="com.cardatechnologies.utils.validators.abaroutevalidator.Test_AbaRouteValidator_05" time="0"/>
  <testcase name="testAbaNumberCheck_9036_bad" classname="com.cardatechnologies.utils.validators.abaroutevalidator.Test_AbaRouteValidator_05" time="0"/>
  <testcase name="testAbaNumberCheck_9265_good" classname="com.cardatechnologies.utils.validators.abaroutevalidator.Test_AbaRouteValidator_05" time="0"/>
  <testcase name="testAbaNumberCheck_8325_good" classname="com.cardatechnologies.utils.validators.abaroutevalidator.Test_AbaRouteValidator_05" time="0"/>
  <testcase name="testAbaNumberCheck_8224_bad" classname="com.cardatechnologies.utils.validators.abaroutevalidator.Test_AbaRouteValidator_05" time="0"/>
  <testcase name="testAbaNumberCheck_9038_bad" classname="com.cardatechnologies.utils.validators.abaroutevalidator.Test_AbaRouteValidator_05" time="0"/>
  <testcase name="testAbaNumberCheck_9923_good" classname="com.cardatechnologies.utils.validators.abaroutevalidator.Test_AbaRouteValidator_05" time="0"/>
  <testcase name="testAbaNumberCheck_8226_bad" classname="com.cardatechnologies.utils.validators.abaroutevalidator.Test_AbaRouteValidator_05" time="0"/>
  <testcase name="testAbaNumberCheck_9139_good" classname="com.cardatechnologies.utils.validators.abaroutevalidator.Test_AbaRouteValidator_05" time="0"/>
  <testcase name="testAbaNumberCheck_8228_bad" classname="com.cardatechnologies.utils.validators.abaroutevalidator.Test_AbaRouteValidator_05" time="0"/>
  <testcase name="testAbaNumberCheck_8163_good" classname="com.cardatechnologies.utils.validators.abaroutevalidator.Test_AbaRouteValidator_05" time="0"/>
  <testcase name="testAbaNumberCheck_9761_good" classname="com.cardatechnologies.utils.validators.abaroutevalidator.Test_AbaRouteValidator_05" time="0"/>
  <testcase name="testAbaNumberCheck_8821_good" classname="com.cardatechnologies.utils.validators.abaroutevalidator.Test_AbaRouteValidator_05" time="0"/>
  <testcase name="testAbaNumberCheck_8037_good" classname="com.cardatechnologies.utils.validators.abaroutevalidator.Test_AbaRouteValidator_05" time="0"/>
  <testcase name="testAbaNumberCheck_9635_good" classname="com.cardatechnologies.utils.validators.abaroutevalidator.Test_AbaRouteValidator_05" time="0"/>
  <testcase name="testAbaNumberCheck_9509_good" classname="com.cardatechnologies.utils.validators.abaroutevalidator.Test_AbaRouteValidator_05" time="0"/>
  <testcase name="testAbaNumberCheck_9473_good" classname="com.cardatechnologies.utils.validators.abaroutevalidator.Test_AbaRouteValidator_05" time="0"/>
  <testcase name="testAbaNumberCheck_8533_good" classname="com.cardatechnologies.utils.validators.abaroutevalidator.Test_AbaRouteValidator_05" time="0"/>
  <testcase name="testAbaNumberCheck_9040_bad" classname="com.cardatechnologies.utils.validators.abaroutevalidator.Test_AbaRouteValidator_05" time="0"/>
  <testcase name="testAbaNumberCheck_9042_bad" classname="com.cardatechnologies.utils.validators.abaroutevalidator.Test_AbaRouteValidator_05" time="0"/>
  <testcase name="testAbaNumberCheck_9347_good" classname="com.cardatechnologies.utils.validators.abaroutevalidator.Test_AbaRouteValidator_05" time="0"/>
  <testcase name="testAbaNumberCheck_8407_good" classname="com.cardatechnologies.utils.validators.abaroutevalidator.Test_AbaRouteValidator_05" time="0"/>
  <testcase name="testAbaNumberCheck_8230_bad" classname="com.cardatechnologies.utils.validators.abaroutevalidator.Test_AbaRouteValidator_05" time="0"/>
  <testcase name="testAbaNumberCheck_9044_bad" classname="com.cardatechnologies.utils.validators.abaroutevalidator.Test_AbaRouteValidator_05" time="0"/>
  <testcase name="testAbaNumberCheck_8232_bad" classname="com.cardatechnologies.utils.validators.abaroutevalidator.Test_AbaRouteValidator_05" time="0"/>
  <testcase name="testAbaNumberCheck_9046_bad" classname="com.cardatechnologies.utils.validators.abaroutevalidator.Test_AbaRouteValidator_05" time="0"/>
  <testcase name="testAbaNumberCheck_8371_good" classname="com.cardatechnologies.utils.validators.abaroutevalidator.Test_AbaRouteValidator_05" time="0"/>
  <testcase name="testAbaNumberCheck_8234_bad" classname="com.cardatechnologies.utils.validators.abaroutevalidator.Test_AbaRouteValidator_05" time="0"/>
  <testcase name="testAbaNumberCheck_9048_bad" classname="com.cardatechnologies.utils.validators.abaroutevalidator.Test_AbaRouteValidator_05" time="0"/>
  <testcase name="testAbaNumberCheck_8236_bad" classname="com.cardatechnologies.utils.validators.abaroutevalidator.Test_AbaRouteValidator_05" time="0"/>
  <testcase name="testAbaNumberCheck_9185_good" classname="com.cardatechnologies.utils.validators.abaroutevalidator.Test_AbaRouteValidator_05" time="0"/>
  <testcase name="testAbaNumberCheck_8245_good" classname="com.cardatechnologies.utils.validators.abaroutevalidator.Test_AbaRouteValidator_05" time="0"/>
  <testcase name="testAbaNumberCheck_8238_bad" classname="com.cardatechnologies.utils.validators.abaroutevalidator.Test_AbaRouteValidator_05" time="0"/>
  <testcase name="testAbaNumberCheck_9843_good" classname="com.cardatechnologies.utils.validators.abaroutevalidator.Test_AbaRouteValidator_05" time="0"/>
  <testcase name="testAbaNumberCheck_8903_good" classname="com.cardatechnologies.utils.validators.abaroutevalidator.Test_AbaRouteValidator_05" time="0"/>
  <testcase name="testAbaNumberCheck_9059_good" classname="com.cardatechnologies.utils.validators.abaroutevalidator.Test_AbaRouteValidator_05" time="0"/>
  <testcase name="testAbaNumberCheck_8119_good" classname="com.cardatechnologies.utils.validators.abaroutevalidator.Test_AbaRouteValidator_05" time="0"/>
  <testcase name="testAbaNumberCheck_9717_good" classname="com.cardatechnologies.utils.validators.abaroutevalidator.Test_AbaRouteValidator_05" time="0"/>
  <testcase name="testAbaNumberCheck_8083_good" classname="com.cardatechnologies.utils.validators.abaroutevalidator.Test_AbaRouteValidator_05" time="0"/>
  <testcase name="testAbaNumberCheck_9681_good" classname="com.cardatechnologies.utils.validators.abaroutevalidator.Test_AbaRouteValidator_05" time="0"/>
  <testcase name="testAbaNumberCheck_8741_good" classname="com.cardatechnologies.utils.validators.abaroutevalidator.Test_AbaRouteValidator_05" time="0"/>
  <testcase name="testAbaNumberCheck_7801_good" classname="com.cardatechnologies.utils.validators.abaroutevalidator.Test_AbaRouteValidator_05" time="0"/>
  <testcase name="testAbaNumberCheck_9555_good" classname="com.cardatechnologies.utils.validators.abaroutevalidator.Test_AbaRouteValidator_05" time="0"/>
  <testcase name="testAbaNumberCheck_8615_good" classname="com.cardatechnologies.utils.validators.abaroutevalidator.Test_AbaRouteValidator_05" time="0"/>
  <testcase name="testAbaNumberCheck_9429_good" classname="com.cardatechnologies.utils.validators.abaroutevalidator.Test_AbaRouteValidator_05" time="0"/>
  <testcase name="testAbaNumberCheck_9500_bad" classname="com.cardatechnologies.utils.validators.abaroutevalidator.Test_AbaRouteValidator_05" time="0"/>
  <testcase name="testAbaNumberCheck_9050_bad" classname="com.cardatechnologies.utils.validators.abaroutevalidator.Test_AbaRouteValidator_05" time="0"/>
  <testcase name="testAbaNumberCheck_9502_bad" classname="com.cardatechnologies.utils.validators.abaroutevalidator.Test_AbaRouteValidator_05" time="0"/>
  <testcase name="testAbaNumberCheck_9393_good" classname="com.cardatechnologies.utils.validators.abaroutevalidator.Test_AbaRouteValidator_05" time="0"/>
  <testcase name="testAbaNumberCheck_9052_bad" classname="com.cardatechnologies.utils.validators.abaroutevalidator.Test_AbaRouteValidator_05" time="0"/>
  <testcase name="testAbaNumberCheck_8453_good" classname="com.cardatechnologies.utils.validators.abaroutevalidator.Test_AbaRouteValidator_05" time="0"/>
  <testcase name="testAbaNumberCheck_7513_good" classname="com.cardatechnologies.utils.validators.abaroutevalidator.Test_AbaRouteValidator_05" time="0"/>
  <testcase name="testAbaNumberCheck_9504_bad" classname="com.cardatechnologies.utils.validators.abaroutevalidator.Test_AbaRouteValidator_05" time="0"/>
  <testcase name="testAbaNumberCheck_8240_bad" classname="com.cardatechnologies.utils.validators.abaroutevalidator.Test_AbaRouteValidator_05" time="0"/>
  <testcase name="testAbaNumberCheck_9054_bad" classname="com.cardatechnologies.utils.validators.abaroutevalidator.Test_AbaRouteValidator_05" time="0.001"/>
  <testcase name="testAbaNumberCheck_9506_bad" classname="com.cardatechnologies.utils.validators.abaroutevalidator.Test_AbaRouteValidator_05" time="0"/>
  <testcase name="testAbaNumberCheck_8242_bad" classname="com.cardatechnologies.utils.validators.abaroutevalidator.Test_AbaRouteValidator_05" time="0"/>
  <testcase name="testAbaNumberCheck_9056_bad" classname="com.cardatechnologies.utils.validators.abaroutevalidator.Test_AbaRouteValidator_05" time="0"/>
  <testcase name="testAbaNumberCheck_9267_good" classname="com.cardatechnologies.utils.validators.abaroutevalidator.Test_AbaRouteValidator_05" time="0"/>
  <testcase name="testAbaNumberCheck_8327_good" classname="com.cardatechnologies.utils.validators.abaroutevalidator.Test_AbaRouteValidator_05" time="0"/>
  <testcase name="testAbaNumberCheck_9508_bad" classname="com.cardatechnologies.utils.validators.abaroutevalidator.Test_AbaRouteValidator_05" time="0"/>
  <testcase name="testAbaNumberCheck_8244_bad" classname="com.cardatechnologies.utils.validators.abaroutevalidator.Test_AbaRouteValidator_05" time="0"/>
  <testcase name="testAbaNumberCheck_9058_bad" classname="com.cardatechnologies.utils.validators.abaroutevalidator.Test_AbaRouteValidator_05" time="0"/>
  <testcase name="testAbaNumberCheck_9925_good" classname="com.cardatechnologies.utils.validators.abaroutevalidator.Test_AbaRouteValidator_05" time="0"/>
  <testcase name="testAbaNumberCheck_8246_bad" classname="com.cardatechnologies.utils.validators.abaroutevalidator.Test_AbaRouteValidator_05" time="0"/>
  <testcase name="testAbaNumberCheck_8291_good" classname="com.cardatechnologies.utils.validators.abaroutevalidator.Test_AbaRouteValidator_05" time="0"/>
  <testcase name="testAbaNumberCheck_8248_bad" classname="com.cardatechnologies.utils.validators.abaroutevalidator.Test_AbaRouteValidator_05" time="0"/>
  <testcase name="testAbaNumberCheck_8165_good" classname="com.cardatechnologies.utils.validators.abaroutevalidator.Test_AbaRouteValidator_05" time="0"/>
  <testcase name="testAbaNumberCheck_9763_good" classname="com.cardatechnologies.utils.validators.abaroutevalidator.Test_AbaRouteValidator_05" time="0"/>
  <testcase name="testAbaNumberCheck_8823_good" classname="com.cardatechnologies.utils.validators.abaroutevalidator.Test_AbaRouteValidator_05" time="0"/>
  <testcase name="testAbaNumberCheck_8039_good" classname="com.cardatechnologies.utils.validators.abaroutevalidator.Test_AbaRouteValidator_05" time="0"/>
  <testcase name="testAbaNumberCheck_9637_good" classname="com.cardatechnologies.utils.validators.abaroutevalidator.Test_AbaRouteValidator_05" time="0"/>
  <testcase name="testAbaNumberCheck_8661_good" classname="com.cardatechnologies.utils.validators.abaroutevalidator.Test_AbaRouteValidator_05" time="0"/>
  <testcase name="testAbaNumberCheck_7721_good" classname="com.cardatechnologies.utils.validators.abaroutevalidator.Test_AbaRouteValidator_05" time="0"/>
  <testcase name="testAbaNumberCheck_9475_good" classname="com.cardatechnologies.utils.validators.abaroutevalidator.Test_AbaRouteValidator_05" time="0"/>
  <testcase name="testAbaNumberCheck_8535_good" classname="com.cardatechnologies.utils.validators.abaroutevalidator.Test_AbaRouteValidator_05" time="0"/>
  <testcase name="testAbaNumberCheck_9510_bad" classname="com.cardatechnologies.utils.validators.abaroutevalidator.Test_AbaRouteValidator_05" time="0"/>
  <testcase name="testAbaNumberCheck_9060_bad" classname="com.cardatechnologies.utils.validators.abaroutevalidator.Test_AbaRouteValidator_05" time="0"/>
  <testcase name="testAbaNumberCheck_9512_bad" classname="com.cardatechnologies.utils.validators.abaroutevalidator.Test_AbaRouteValidator_05" time="0"/>
  <testcase name="testAbaNumberCheck_9062_bad" classname="com.cardatechnologies.utils.validators.abaroutevalidator.Test_AbaRouteValidator_05" time="0"/>
  <testcase name="testAbaNumberCheck_9349_good" classname="com.cardatechnologies.utils.validators.abaroutevalidator.Test_AbaRouteValidator_05" time="0"/>
  <testcase name="testAbaNumberCheck_8409_good" classname="com.cardatechnologies.utils.validators.abaroutevalidator.Test_AbaRouteValidator_05" time="0"/>
  <testcase name="testAbaNumberCheck_8700_bad" classname="com.cardatechnologies.utils.validators.abaroutevalidator.Test_AbaRouteValidator_05" time="0"/>
  <testcase name="testAbaNumberCheck_9514_bad" classname="com.cardatechnologies.utils.validators.abaroutevalidator.Test_AbaRouteValidator_05" time="0"/>
  <testcase name="testAbaNumberCheck_8250_bad" classname="com.cardatechnologies.utils.validators.abaroutevalidator.Test_AbaRouteValidator_05" time="0"/>
  <testcase name="testAbaNumberCheck_9064_bad" classname="com.cardatechnologies.utils.validators.abaroutevalidator.Test_AbaRouteValidator_05" time="0"/>
  <testcase name="testAbaNumberCheck_8702_bad" classname="com.cardatechnologies.utils.validators.abaroutevalidator.Test_AbaRouteValidator_05" time="0"/>
  <testcase name="testAbaNumberCheck_9516_bad" classname="com.cardatechnologies.utils.validators.abaroutevalidator.Test_AbaRouteValidator_05" time="0"/>
  <testcase name="testAbaNumberCheck_8252_bad" classname="com.cardatechnologies.utils.validators.abaroutevalidator.Test_AbaRouteValidator_05" time="0"/>
  <testcase name="testAbaNumberCheck_9066_bad" classname="com.cardatechnologies.utils.validators.abaroutevalidator.Test_AbaRouteValidator_05" time="0"/>
  <testcase name="testAbaNumberCheck_8373_good" classname="com.cardatechnologies.utils.validators.abaroutevalidator.Test_AbaRouteValidator_05" time="0"/>
  <testcase name="testAbaNumberCheck_8704_bad" classname="com.cardatechnologies.utils.validators.abaroutevalidator.Test_AbaRouteValidator_05" time="0"/>
  <testcase name="testAbaNumberCheck_9518_bad" classname="com.cardatechnologies.utils.validators.abaroutevalidator.Test_AbaRouteValidator_05" time="0"/>
  <testcase name="testAbaNumberCheck_8254_bad" classname="com.cardatechnologies.utils.validators.abaroutevalidator.Test_AbaRouteValidator_05" time="0"/>
  <testcase name="testAbaNumberCheck_9068_bad" classname="com.cardatechnologies.utils.validators.abaroutevalidator.Test_AbaRouteValidator_05" time="0"/>
  <testcase name="testAbaNumberCheck_9971_good" classname="com.cardatechnologies.utils.validators.abaroutevalidator.Test_AbaRouteValidator_05" time="0"/>
  <testcase name="testAbaNumberCheck_8706_bad" classname="com.cardatechnologies.utils.validators.abaroutevalidator.Test_AbaRouteValidator_05" time="0"/>
  <testcase name="testAbaNumberCheck_8256_bad" classname="com.cardatechnologies.utils.validators.abaroutevalidator.Test_AbaRouteValidator_05" time="0"/>
  <testcase name="testAbaNumberCheck_9187_good" classname="com.cardatechnologies.utils.validators.abaroutevalidator.Test_AbaRouteValidator_05" time="0"/>
  <testcase name="testAbaNumberCheck_8247_good" classname="com.cardatechnologies.utils.validators.abaroutevalidator.Test_AbaRouteValidator_05" time="0"/>
  <testcase name="testAbaNumberCheck_8708_bad" classname="com.cardatechnologies.utils.validators.abaroutevalidator.Test_AbaRouteValidator_05" time="0"/>
  <testcase name="testAbaNumberCheck_8258_bad" classname="com.cardatechnologies.utils.validators.abaroutevalidator.Test_AbaRouteValidator_05" time="0"/>
  <testcase name="testAbaNumberCheck_9845_good" classname="com.cardatechnologies.utils.validators.abaroutevalidator.Test_AbaRouteValidator_05" time="0"/>
  <testcase name="testAbaNumberCheck_8905_good" classname="com.cardatechnologies.utils.validators.abaroutevalidator.Test_AbaRouteValidator_05" time="0"/>
  <testcase name="testAbaNumberCheck_9719_good" classname="com.cardatechnologies.utils.validators.abaroutevalidator.Test_AbaRouteValidator_05" time="0"/>
  <testcase name="testAbaNumberCheck_8085_good" classname="com.cardatechnologies.utils.validators.abaroutevalidator.Test_AbaRouteValidator_05" time="0"/>
  <testcase name="testAbaNumberCheck_9683_good" classname="com.cardatechnologies.utils.validators.abaroutevalidator.Test_AbaRouteValidator_05" time="0"/>
  <testcase name="testAbaNumberCheck_8743_good" classname="com.cardatechnologies.utils.validators.abaroutevalidator.Test_AbaRouteValidator_05" time="0"/>
  <testcase name="testAbaNumberCheck_7803_good" classname="com.cardatechnologies.utils.validators.abaroutevalidator.Test_AbaRouteValidator_05" time="0"/>
  <testcase name="testAbaNumberCheck_9557_good" classname="com.cardatechnologies.utils.validators.abaroutevalidator.Test_AbaRouteValidator_05" time="0"/>
  <testcase name="testAbaNumberCheck_8617_good" classname="com.cardatechnologies.utils.validators.abaroutevalidator.Test_AbaRouteValidator_05" time="0"/>
  <testcase name="testAbaNumberCheck_8581_good" classname="com.cardatechnologies.utils.validators.abaroutevalidator.Test_AbaRouteValidator_05" time="0"/>
  <testcase name="testAbaNumberCheck_7641_good" classname="com.cardatechnologies.utils.validators.abaroutevalidator.Test_AbaRouteValidator_05" time="0"/>
  <testcase name="testAbaNumberCheck_9520_bad" classname="com.cardatechnologies.utils.validators.abaroutevalidator.Test_AbaRouteValidator_05" time="0"/>
  <testcase name="testAbaNumberCheck_9070_bad" classname="com.cardatechnologies.utils.validators.abaroutevalidator.Test_AbaRouteValidator_05" time="0"/>
  <testcase name="testAbaNumberCheck_9522_bad" classname="com.cardatechnologies.utils.validators.abaroutevalidator.Test_AbaRouteValidator_05" time="0"/>
  <testcase name="testAbaNumberCheck_9395_good" classname="com.cardatechnologies.utils.validators.abaroutevalidator.Test_AbaRouteValidator_05" time="0"/>
  <testcase name="testAbaNumberCheck_9072_bad" classname="com.cardatechnologies.utils.validators.abaroutevalidator.Test_AbaRouteValidator_05" time="0"/>
  <testcase name="testAbaNumberCheck_8455_good" classname="com.cardatechnologies.utils.validators.abaroutevalidator.Test_AbaRouteValidator_05" time="0"/>
  <testcase name="testAbaNumberCheck_7515_good" classname="com.cardatechnologies.utils.validators.abaroutevalidator.Test_AbaRouteValidator_05" time="0"/>
  <testcase name="testAbaNumberCheck_8710_bad" classname="com.cardatechnologies.utils.validators.abaroutevalidator.Test_AbaRouteValidator_05" time="0"/>
  <testcase name="testAbaNumberCheck_9524_bad" classname="com.cardatechnologies.utils.validators.abaroutevalidator.Test_AbaRouteValidator_05" time="0"/>
  <testcase name="testAbaNumberCheck_8260_bad" classname="com.cardatechnologies.utils.validators.abaroutevalidator.Test_AbaRouteValidator_05" time="0"/>
  <testcase name="testAbaNumberCheck_9074_bad" classname="com.cardatechnologies.utils.validators.abaroutevalidator.Test_AbaRouteValidator_05" time="0"/>
  <testcase name="testAbaNumberCheck_8712_bad" classname="com.cardatechnologies.utils.validators.abaroutevalidator.Test_AbaRouteValidator_05" time="0"/>
  <testcase name="testAbaNumberCheck_9526_bad" classname="com.cardatechnologies.utils.validators.abaroutevalidator.Test_AbaRouteValidator_05" time="0"/>
  <testcase name="testAbaNumberCheck_8262_bad" classname="com.cardatechnologies.utils.validators.abaroutevalidator.Test_AbaRouteValidator_05" time="0"/>
  <testcase name="testAbaNumberCheck_9076_bad" classname="com.cardatechnologies.utils.validators.abaroutevalidator.Test_AbaRouteValidator_05" time="0"/>
  <testcase name="testAbaNumberCheck_9269_good" classname="com.cardatechnologies.utils.validators.abaroutevalidator.Test_AbaRouteValidator_05" time="0"/>
  <testcase name="testAbaNumberCheck_8329_good" classname="com.cardatechnologies.utils.validators.abaroutevalidator.Test_AbaRouteValidator_05" time="0"/>
  <testcase name="testAbaNumberCheck_7900_bad" classname="com.cardatechnologies.utils.validators.abaroutevalidator.Test_AbaRouteValidator_05" time="0"/>
  <testcase name="testAbaNumberCheck_8714_bad" classname="com.cardatechnologies.utils.validators.abaroutevalidator.Test_AbaRouteValidator_05" time="0"/>
  <testcase name="testAbaNumberCheck_9528_bad" classname="com.cardatechnologies.utils.validators.abaroutevalidator.Test_AbaRouteValidator_05" time="0"/>
  <testcase name="testAbaNumberCheck_8264_bad" classname="com.cardatechnologies.utils.validators.abaroutevalidator.Test_AbaRouteValidator_05" time="0"/>
  <testcase name="testAbaNumberCheck_9078_bad" classname="com.cardatechnologies.utils.validators.abaroutevalidator.Test_AbaRouteValidator_05" time="0"/>
  <testcase name="testAbaNumberCheck_7902_bad" classname="com.cardatechnologies.utils.validators.abaroutevalidator.Test_AbaRouteValidator_05" time="0"/>
  <testcase name="testAbaNumberCheck_9927_good" classname="com.cardatechnologies.utils.validators.abaroutevalidator.Test_AbaRouteValidator_05" time="0"/>
  <testcase name="testAbaNumberCheck_8716_bad" classname="com.cardatechnologies.utils.validators.abaroutevalidator.Test_AbaRouteValidator_05" time="0"/>
  <testcase name="testAbaNumberCheck_8266_bad" classname="com.cardatechnologies.utils.validators.abaroutevalidator.Test_AbaRouteValidator_05" time="0"/>
  <testcase name="testAbaNumberCheck_8293_good" classname="com.cardatechnologies.utils.validators.abaroutevalidator.Test_AbaRouteValidator_05" time="0"/>
  <testcase name="testAbaNumberCheck_7904_bad" classname="com.cardatechnologies.utils.validators.abaroutevalidator.Test_AbaRouteValidator_05" time="0"/>
  <testcase name="testAbaNumberCheck_8718_bad" classname="com.cardatechnologies.utils.validators.abaroutevalidator.Test_AbaRouteValidator_05" time="0"/>
  <testcase name="testAbaNumberCheck_8268_bad" classname="com.cardatechnologies.utils.validators.abaroutevalidator.Test_AbaRouteValidator_05" time="0"/>
  <testcase name="testAbaNumberCheck_9891_good" classname="com.cardatechnologies.utils.validators.abaroutevalidator.Test_AbaRouteValidator_05" time="0"/>
  <testcase name="testAbaNumberCheck_8951_good" classname="com.cardatechnologies.utils.validators.abaroutevalidator.Test_AbaRouteValidator_05" time="0"/>
  <testcase name="testAbaNumberCheck_7906_bad" classname="com.cardatechnologies.utils.validators.abaroutevalidator.Test_AbaRouteValidator_05" time="0"/>
  <testcase name="testAbaNumberCheck_8167_good" classname="com.cardatechnologies.utils.validators.abaroutevalidator.Test_AbaRouteValidator_05" time="0"/>
  <testcase name="testAbaNumberCheck_7908_bad" classname="com.cardatechnologies.utils.validators.abaroutevalidator.Test_AbaRouteValidator_05" time="0"/>
  <testcase name="testAbaNumberCheck_9765_good" classname="com.cardatechnologies.utils.validators.abaroutevalidator.Test_AbaRouteValidator_05" time="0"/>
  <testcase name="testAbaNumberCheck_8825_good" classname="com.cardatechnologies.utils.validators.abaroutevalidator.Test_AbaRouteValidator_05" time="0"/>
  <testcase name="testAbaNumberCheck_9639_good" classname="com.cardatechnologies.utils.validators.abaroutevalidator.Test_AbaRouteValidator_05" time="0"/>
  <testcase name="testAbaNumberCheck_8663_good" classname="com.cardatechnologies.utils.validators.abaroutevalidator.Test_AbaRouteValidator_05" time="0"/>
  <testcase name="testAbaNumberCheck_7723_good" classname="com.cardatechnologies.utils.validators.abaroutevalidator.Test_AbaRouteValidator_05" time="0"/>
  <testcase name="testAbaNumberCheck_9477_good" classname="com.cardatechnologies.utils.validators.abaroutevalidator.Test_AbaRouteValidator_05" time="0"/>
  <testcase name="testAbaNumberCheck_8537_good" classname="com.cardatechnologies.utils.validators.abaroutevalidator.Test_AbaRouteValidator_05" time="0"/>
  <testcase name="testAbaNumberCheck_9530_bad" classname="com.cardatechnologies.utils.validators.abaroutevalidator.Test_AbaRouteValidator_05" time="0"/>
  <testcase name="testAbaNumberCheck_9080_bad" classname="com.cardatechnologies.utils.validators.abaroutevalidator.Test_AbaRouteValidator_05" time="0"/>
  <testcase name="testAbaNumberCheck_9532_bad" classname="com.cardatechnologies.utils.validators.abaroutevalidator.Test_AbaRouteValidator_05" time="0"/>
  <testcase name="testAbaNumberCheck_7561_good" classname="com.cardatechnologies.utils.validators.abaroutevalidator.Test_AbaRouteValidator_05" time="0"/>
  <testcase name="testAbaNumberCheck_9082_bad" classname="com.cardatechnologies.utils.validators.abaroutevalidator.Test_AbaRouteValidator_05" time="0"/>
  <testcase name="testAbaNumberCheck_8720_bad" classname="com.cardatechnologies.utils.validators.abaroutevalidator.Test_AbaRouteValidator_05" time="0"/>
  <testcase name="testAbaNumberCheck_9534_bad" classname="com.cardatechnologies.utils.validators.abaroutevalidator.Test_AbaRouteValidator_05" time="0"/>
  <testcase name="testAbaNumberCheck_8270_bad" classname="com.cardatechnologies.utils.validators.abaroutevalidator.Test_AbaRouteValidator_05" time="0"/>
  <testcase name="testAbaNumberCheck_9084_bad" classname="com.cardatechnologies.utils.validators.abaroutevalidator.Test_AbaRouteValidator_05" time="0"/>
  <testcase name="testAbaNumberCheck_8722_bad" classname="com.cardatechnologies.utils.validators.abaroutevalidator.Test_AbaRouteValidator_05" time="0"/>
  <testcase name="testAbaNumberCheck_9536_bad" classname="com.cardatechnologies.utils.validators.abaroutevalidator.Test_AbaRouteValidator_05" time="0"/>
  <testcase name="testAbaNumberCheck_8272_bad" classname="com.cardatechnologies.utils.validators.abaroutevalidator.Test_AbaRouteValidator_05" time="0"/>
  <testcase name="testAbaNumberCheck_9086_bad" classname="com.cardatechnologies.utils.validators.abaroutevalidator.Test_AbaRouteValidator_05" time="0"/>
  <testcase name="testAbaNumberCheck_8375_good" classname="com.cardatechnologies.utils.validators.abaroutevalidator.Test_AbaRouteValidator_05" time="0"/>
  <testcase name="testAbaNumberCheck_7910_bad" classname="com.cardatechnologies.utils.validators.abaroutevalidator.Test_AbaRouteValidator_05" time="0"/>
  <testcase name="testAbaNumberCheck_8724_bad" classname="com.cardatechnologies.utils.validators.abaroutevalidator.Test_AbaRouteValidator_05" time="0"/>
  <testcase name="testAbaNumberCheck_9538_bad" classname="com.cardatechnologies.utils.validators.abaroutevalidator.Test_AbaRouteValidator_05" time="0"/>
  <testcase name="testAbaNumberCheck_8274_bad" classname="com.cardatechnologies.utils.validators.abaroutevalidator.Test_AbaRouteValidator_05" time="0"/>
  <testcase name="testAbaNumberCheck_9088_bad" classname="com.cardatechnologies.utils.validators.abaroutevalidator.Test_AbaRouteValidator_05" time="0"/>
  <testcase name="testAbaNumberCheck_9973_good" classname="com.cardatechnologies.utils.validators.abaroutevalidator.Test_AbaRouteValidator_05" time="0"/>
  <testcase name="testAbaNumberCheck_7912_bad" classname="com.cardatechnologies.utils.validators.abaroutevalidator.Test_AbaRouteValidator_05" time="0"/>
  <testcase name="testAbaNumberCheck_8726_bad" classname="com.cardatechnologies.utils.validators.abaroutevalidator.Test_AbaRouteValidator_05" time="0"/>
  <testcase name="testAbaNumberCheck_8276_bad" classname="com.cardatechnologies.utils.validators.abaroutevalidator.Test_AbaRouteValidator_05" time="0"/>
  <testcase name="testAbaNumberCheck_9189_good" classname="com.cardatechnologies.utils.validators.abaroutevalidator.Test_AbaRouteValidator_05" time="0"/>
  <testcase name="testAbaNumberCheck_8249_good" classname="com.cardatechnologies.utils.validators.abaroutevalidator.Test_AbaRouteValidator_05" time="0"/>
  <testcase name="testAbaNumberCheck_7914_bad" classname="com.cardatechnologies.utils.validators.abaroutevalidator.Test_AbaRouteValidator_05" time="0"/>
  <testcase name="testAbaNumberCheck_8728_bad" classname="com.cardatechnologies.utils.validators.abaroutevalidator.Test_AbaRouteValidator_05" time="0"/>
  <testcase name="testAbaNumberCheck_8278_bad" classname="com.cardatechnologies.utils.validators.abaroutevalidator.Test_AbaRouteValidator_05" time="0"/>
  <testcase name="testAbaNumberCheck_9847_good" classname="com.cardatechnologies.utils.validators.abaroutevalidator.Test_AbaRouteValidator_05" time="0"/>
  <testcase name="testAbaNumberCheck_7916_bad" classname="com.cardatechnologies.utils.validators.abaroutevalidator.Test_AbaRouteValidator_05" time="0"/>
  <testcase name="testAbaNumberCheck_8907_good" classname="com.cardatechnologies.utils.validators.abaroutevalidator.Test_AbaRouteValidator_05" time="0"/>
  <testcase name="testAbaNumberCheck_7918_bad" classname="com.cardatechnologies.utils.validators.abaroutevalidator.Test_AbaRouteValidator_05" time="0"/>
  <testcase name="testAbaNumberCheck_8871_good" classname="com.cardatechnologies.utils.validators.abaroutevalidator.Test_AbaRouteValidator_05" time="0"/>
  <testcase name="testAbaNumberCheck_7931_good" classname="com.cardatechnologies.utils.validators.abaroutevalidator.Test_AbaRouteValidator_05" time="0"/>
  <testcase name="testAbaNumberCheck_8087_good" classname="com.cardatechnologies.utils.validators.abaroutevalidator.Test_AbaRouteValidator_05" time="0"/>
  <testcase name="testAbaNumberCheck_9685_good" classname="com.cardatechnologies.utils.validators.abaroutevalidator.Test_AbaRouteValidator_05" time="0"/>
  <testcase name="testAbaNumberCheck_8745_good" classname="com.cardatechnologies.utils.validators.abaroutevalidator.Test_AbaRouteValidator_05" time="0"/>
  <testcase name="testAbaNumberCheck_7805_good" classname="com.cardatechnologies.utils.validators.abaroutevalidator.Test_AbaRouteValidator_05" time="0"/>
  <testcase name="testAbaNumberCheck_9559_good" classname="com.cardatechnologies.utils.validators.abaroutevalidator.Test_AbaRouteValidator_05" time="0"/>
  <testcase name="testAbaNumberCheck_8619_good" classname="com.cardatechnologies.utils.validators.abaroutevalidator.Test_AbaRouteValidator_05" time="0"/>
  <testcase name="testAbaNumberCheck_8583_good" classname="com.cardatechnologies.utils.validators.abaroutevalidator.Test_AbaRouteValidator_05" time="0"/>
  <testcase name="testAbaNumberCheck_7643_good" classname="com.cardatechnologies.utils.validators.abaroutevalidator.Test_AbaRouteValidator_05" time="0"/>
  <testcase name="testAbaNumberCheck_9540_bad" classname="com.cardatechnologies.utils.validators.abaroutevalidator.Test_AbaRouteValidator_05" time="0"/>
  <testcase name="testAbaNumberCheck_9090_bad" classname="com.cardatechnologies.utils.validators.abaroutevalidator.Test_AbaRouteValidator_05" time="0"/>
  <testcase name="testAbaNumberCheck_9542_bad" classname="com.cardatechnologies.utils.validators.abaroutevalidator.Test_AbaRouteValidator_05" time="0"/>
  <testcase name="testAbaNumberCheck_9397_good" classname="com.cardatechnologies.utils.validators.abaroutevalidator.Test_AbaRouteValidator_05" time="0"/>
  <testcase name="testAbaNumberCheck_9092_bad" classname="com.cardatechnologies.utils.validators.abaroutevalidator.Test_AbaRouteValidator_05" time="0"/>
  <testcase name="testAbaNumberCheck_8457_good" classname="com.cardatechnologies.utils.validators.abaroutevalidator.Test_AbaRouteValidator_05" time="0"/>
  <testcase name="testAbaNumberCheck_7517_good" classname="com.cardatechnologies.utils.validators.abaroutevalidator.Test_AbaRouteValidator_05" time="0"/>
  <testcase name="testAbaNumberCheck_8730_bad" classname="com.cardatechnologies.utils.validators.abaroutevalidator.Test_AbaRouteValidator_05" time="0"/>
  <testcase name="testAbaNumberCheck_9544_bad" classname="com.cardatechnologies.utils.validators.abaroutevalidator.Test_AbaRouteValidator_05" time="0"/>
  <testcase name="testAbaNumberCheck_8280_bad" classname="com.cardatechnologies.utils.validators.abaroutevalidator.Test_AbaRouteValidator_05" time="0"/>
  <testcase name="testAbaNumberCheck_9094_bad" classname="com.cardatechnologies.utils.validators.abaroutevalidator.Test_AbaRouteValidator_05" time="0"/>
  <testcase name="testAbaNumberCheck_8732_bad" classname="com.cardatechnologies.utils.validators.abaroutevalidator.Test_AbaRouteValidator_05" time="0"/>
  <testcase name="testAbaNumberCheck_9546_bad" classname="com.cardatechnologies.utils.validators.abaroutevalidator.Test_AbaRouteValidator_05" time="0"/>
  <testcase name="testAbaNumberCheck_8282_bad" classname="com.cardatechnologies.utils.validators.abaroutevalidator.Test_AbaRouteValidator_05" time="0"/>
  <testcase name="testAbaNumberCheck_9096_bad" classname="com.cardatechnologies.utils.validators.abaroutevalidator.Test_AbaRouteValidator_05" time="0"/>
  <testcase name="testAbaNumberCheck_7920_bad" classname="com.cardatechnologies.utils.validators.abaroutevalidator.Test_AbaRouteValidator_05" time="0.001"/>
  <testcase name="testAbaNumberCheck_8734_bad" classname="com.cardatechnologies.utils.validators.abaroutevalidator.Test_AbaRouteValidator_05" time="0"/>
  <testcase name="testAbaNumberCheck_9548_bad" classname="com.cardatechnologies.utils.validators.abaroutevalidator.Test_AbaRouteValidator_05" time="0"/>
  <testcase name="testAbaNumberCheck_8284_bad" classname="com.cardatechnologies.utils.validators.abaroutevalidator.Test_AbaRouteValidator_05" time="0"/>
  <testcase name="testAbaNumberCheck_9098_bad" classname="com.cardatechnologies.utils.validators.abaroutevalidator.Test_AbaRouteValidator_05" time="0"/>
  <testcase name="testAbaNumberCheck_7922_bad" classname="com.cardatechnologies.utils.validators.abaroutevalidator.Test_AbaRouteValidator_05" time="0"/>
  <testcase name="testAbaNumberCheck_9929_good" classname="com.cardatechnologies.utils.validators.abaroutevalidator.Test_AbaRouteValidator_05" time="0"/>
  <testcase name="testAbaNumberCheck_8736_bad" classname="com.cardatechnologies.utils.validators.abaroutevalidator.Test_AbaRouteValidator_05" time="0"/>
  <testcase name="testAbaNumberCheck_8286_bad" classname="com.cardatechnologies.utils.validators.abaroutevalidator.Test_AbaRouteValidator_05" time="0"/>
  <testcase name="testAbaNumberCheck_8295_good" classname="com.cardatechnologies.utils.validators.abaroutevalidator.Test_AbaRouteValidator_05" time="0"/>
  <testcase name="testAbaNumberCheck_7924_bad" classname="com.cardatechnologies.utils.validators.abaroutevalidator.Test_AbaRouteValidator_05" time="0"/>
  <testcase name="testAbaNumberCheck_8738_bad" classname="com.cardatechnologies.utils.validators.abaroutevalidator.Test_AbaRouteValidator_05" time="0"/>
  <testcase name="testAbaNumberCheck_8288_bad" classname="com.cardatechnologies.utils.validators.abaroutevalidator.Test_AbaRouteValidator_05" time="0"/>
  <testcase name="testAbaNumberCheck_9893_good" classname="com.cardatechnologies.utils.validators.abaroutevalidator.Test_AbaRouteValidator_05" time="0"/>
  <testcase name="testAbaNumberCheck_8953_good" classname="com.cardatechnologies.utils.validators.abaroutevalidator.Test_AbaRouteValidator_05" time="0"/>
  <testcase name="testAbaNumberCheck_7926_bad" classname="com.cardatechnologies.utils.validators.abaroutevalidator.Test_AbaRouteValidator_05" time="0"/>
  <testcase name="testAbaNumberCheck_8169_good" classname="com.cardatechnologies.utils.validators.abaroutevalidator.Test_AbaRouteValidator_05" time="0"/>
  <testcase name="testAbaNumberCheck_7928_bad" classname="com.cardatechnologies.utils.validators.abaroutevalidator.Test_AbaRouteValidator_05" time="0"/>
  <testcase name="testAbaNumberCheck_9767_good" classname="com.cardatechnologies.utils.validators.abaroutevalidator.Test_AbaRouteValidator_05" time="0"/>
  <testcase name="testAbaNumberCheck_8827_good" classname="com.cardatechnologies.utils.validators.abaroutevalidator.Test_AbaRouteValidator_05" time="0"/>
  <testcase name="testAbaNumberCheck_8791_good" classname="com.cardatechnologies.utils.validators.abaroutevalidator.Test_AbaRouteValidator_05" time="0"/>
  <testcase name="testAbaNumberCheck_7851_good" classname="com.cardatechnologies.utils.validators.abaroutevalidator.Test_AbaRouteValidator_05" time="0"/>
  <testcase name="testAbaNumberCheck_8665_good" classname="com.cardatechnologies.utils.validators.abaroutevalidator.Test_AbaRouteValidator_05" time="0"/>
  <testcase name="testAbaNumberCheck_7725_good" classname="com.cardatechnologies.utils.validators.abaroutevalidator.Test_AbaRouteValidator_05" time="0"/>
  <testcase name="testAbaNumberCheck_9479_good" classname="com.cardatechnologies.utils.validators.abaroutevalidator.Test_AbaRouteValidator_05" time="0"/>
  <testcase name="testAbaNumberCheck_8539_good" classname="com.cardatechnologies.utils.validators.abaroutevalidator.Test_AbaRouteValidator_05" time="0"/>
  <testcase name="testAbaNumberCheck_9550_bad" classname="com.cardatechnologies.utils.validators.abaroutevalidator.Test_AbaRouteValidator_05" time="0"/>
  <testcase name="testAbaNumberCheck_9552_bad" classname="com.cardatechnologies.utils.validators.abaroutevalidator.Test_AbaRouteValidator_05" time="0"/>
  <testcase name="testAbaNumberCheck_7563_good" classname="com.cardatechnologies.utils.validators.abaroutevalidator.Test_AbaRouteValidator_05" time="0"/>
  <testcase name="testAbaNumberCheck_8740_bad" classname="com.cardatechnologies.utils.validators.abaroutevalidator.Test_AbaRouteValidator_05" time="0"/>
  <testcase name="testAbaNumberCheck_9554_bad" classname="com.cardatechnologies.utils.validators.abaroutevalidator.Test_AbaRouteValidator_05" time="0"/>
  <testcase name="testAbaNumberCheck_8290_bad" classname="com.cardatechnologies.utils.validators.abaroutevalidator.Test_AbaRouteValidator_05" time="0"/>
  <testcase name="testAbaNumberCheck_8742_bad" classname="com.cardatechnologies.utils.validators.abaroutevalidator.Test_AbaRouteValidator_05" time="0"/>
  <testcase name="testAbaNumberCheck_9556_bad" classname="com.cardatechnologies.utils.validators.abaroutevalidator.Test_AbaRouteValidator_05" time="0"/>
  <testcase name="testAbaNumberCheck_8292_bad" classname="com.cardatechnologies.utils.validators.abaroutevalidator.Test_AbaRouteValidator_05" time="0"/>
  <testcase name="testAbaNumberCheck_8377_good" classname="com.cardatechnologies.utils.validators.abaroutevalidator.Test_AbaRouteValidator_05" time="0"/>
  <testcase name="testAbaNumberCheck_7930_bad" classname="com.cardatechnologies.utils.validators.abaroutevalidator.Test_AbaRouteValidator_05" time="0"/>
  <testcase name="testAbaNumberCheck_8744_bad" classname="com.cardatechnologies.utils.validators.abaroutevalidator.Test_AbaRouteValidator_05" time="0"/>
  <testcase name="testAbaNumberCheck_9558_bad" classname="com.cardatechnologies.utils.validators.abaroutevalidator.Test_AbaRouteValidator_05" time="0"/>
  <testcase name="testAbaNumberCheck_8294_bad" classname="com.cardatechnologies.utils.validators.abaroutevalidator.Test_AbaRouteValidator_05" time="0"/>
  <testcase name="testAbaNumberCheck_9975_good" classname="com.cardatechnologies.utils.validators.abaroutevalidator.Test_AbaRouteValidator_05" time="0"/>
  <testcase name="testAbaNumberCheck_7932_bad" classname="com.cardatechnologies.utils.validators.abaroutevalidator.Test_AbaRouteValidator_05" time="0"/>
  <testcase name="testAbaNumberCheck_8746_bad" classname="com.cardatechnologies.utils.validators.abaroutevalidator.Test_AbaRouteValidator_05" time="0"/>
  <testcase name="testAbaNumberCheck_8296_bad" classname="com.cardatechnologies.utils.validators.abaroutevalidator.Test_AbaRouteValidator_05" time="0"/>
  <testcase name="testAbaNumberCheck_7934_bad" classname="com.cardatechnologies.utils.validators.abaroutevalidator.Test_AbaRouteValidator_05" time="0"/>
  <testcase name="testAbaNumberCheck_8748_bad" classname="com.cardatechnologies.utils.validators.abaroutevalidator.Test_AbaRouteValidator_05" time="0"/>
  <testcase name="testAbaNumberCheck_8298_bad" classname="com.cardatechnologies.utils.validators.abaroutevalidator.Test_AbaRouteValidator_05" time="0"/>
  <testcase name="testAbaNumberCheck_9849_good" classname="com.cardatechnologies.utils.validators.abaroutevalidator.Test_AbaRouteValidator_05" time="0"/>
  <testcase name="testAbaNumberCheck_7936_bad" classname="com.cardatechnologies.utils.validators.abaroutevalidator.Test_AbaRouteValidator_05" time="0"/>
  <testcase name="testAbaNumberCheck_8909_good" classname="com.cardatechnologies.utils.validators.abaroutevalidator.Test_AbaRouteValidator_05" time="0"/>
  <testcase name="testAbaNumberCheck_7938_bad" classname="com.cardatechnologies.utils.validators.abaroutevalidator.Test_AbaRouteValidator_05" time="0"/>
  <testcase name="testAbaNumberCheck_8873_good" classname="com.cardatechnologies.utils.validators.abaroutevalidator.Test_AbaRouteValidator_05" time="0"/>
  <testcase name="testAbaNumberCheck_7933_good" classname="com.cardatechnologies.utils.validators.abaroutevalidator.Test_AbaRouteValidator_05" time="0"/>
  <testcase name="testAbaNumberCheck_8089_good" classname="com.cardatechnologies.utils.validators.abaroutevalidator.Test_AbaRouteValidator_05" time="0"/>
  <testcase name="testAbaNumberCheck_9687_good" classname="com.cardatechnologies.utils.validators.abaroutevalidator.Test_AbaRouteValidator_05" time="0"/>
  <testcase name="testAbaNumberCheck_8747_good" classname="com.cardatechnologies.utils.validators.abaroutevalidator.Test_AbaRouteValidator_05" time="0"/>
  <testcase name="testAbaNumberCheck_7807_good" classname="com.cardatechnologies.utils.validators.abaroutevalidator.Test_AbaRouteValidator_05" time="0"/>
  <testcase name="testAbaNumberCheck_7771_good" classname="com.cardatechnologies.utils.validators.abaroutevalidator.Test_AbaRouteValidator_05" time="0"/>
  <testcase name="testAbaNumberCheck_8585_good" classname="com.cardatechnologies.utils.validators.abaroutevalidator.Test_AbaRouteValidator_05" time="0"/>
  <testcase name="testAbaNumberCheck_7645_good" classname="com.cardatechnologies.utils.validators.abaroutevalidator.Test_AbaRouteValidator_05" time="0"/>
  <testcase name="testAbaNumberCheck_9560_bad" classname="com.cardatechnologies.utils.validators.abaroutevalidator.Test_AbaRouteValidator_05" time="0"/>
  <testcase name="testAbaNumberCheck_9562_bad" classname="com.cardatechnologies.utils.validators.abaroutevalidator.Test_AbaRouteValidator_05" time="0"/>
  <testcase name="testAbaNumberCheck_9399_good" classname="com.cardatechnologies.utils.validators.abaroutevalidator.Test_AbaRouteValidator_05" time="0"/>
  <testcase name="testAbaNumberCheck_8459_good" classname="com.cardatechnologies.utils.validators.abaroutevalidator.Test_AbaRouteValidator_05" time="0"/>
  <testcase name="testAbaNumberCheck_7519_good" classname="com.cardatechnologies.utils.validators.abaroutevalidator.Test_AbaRouteValidator_05" time="0"/>
  <testcase name="testAbaNumberCheck_8750_bad" classname="com.cardatechnologies.utils.validators.abaroutevalidator.Test_AbaRouteValidator_05" time="0"/>
  <testcase name="testAbaNumberCheck_9564_bad" classname="com.cardatechnologies.utils.validators.abaroutevalidator.Test_AbaRouteValidator_05" time="0"/>
  <testcase name="testAbaNumberCheck_8752_bad" classname="com.cardatechnologies.utils.validators.abaroutevalidator.Test_AbaRouteValidator_05" time="0"/>
  <testcase name="testAbaNumberCheck_9566_bad" classname="com.cardatechnologies.utils.validators.abaroutevalidator.Test_AbaRouteValidator_05" time="0"/>
  <testcase name="testAbaNumberCheck_7940_bad" classname="com.cardatechnologies.utils.validators.abaroutevalidator.Test_AbaRouteValidator_05" time="0"/>
  <testcase name="testAbaNumberCheck_8754_bad" classname="com.cardatechnologies.utils.validators.abaroutevalidator.Test_AbaRouteValidator_05" time="0"/>
  <testcase name="testAbaNumberCheck_9568_bad" classname="com.cardatechnologies.utils.validators.abaroutevalidator.Test_AbaRouteValidator_05" time="0"/>
  <testcase name="testAbaNumberCheck_7942_bad" classname="com.cardatechnologies.utils.validators.abaroutevalidator.Test_AbaRouteValidator_05" time="0"/>
  <testcase name="testAbaNumberCheck_8756_bad" classname="com.cardatechnologies.utils.validators.abaroutevalidator.Test_AbaRouteValidator_05" time="0"/>
  <testcase name="testAbaNumberCheck_8297_good" classname="com.cardatechnologies.utils.validators.abaroutevalidator.Test_AbaRouteValidator_05" time="0"/>
  <testcase name="testAbaNumberCheck_7944_bad" classname="com.cardatechnologies.utils.validators.abaroutevalidator.Test_AbaRouteValidator_05" time="0"/>
  <testcase name="testAbaNumberCheck_8758_bad" classname="com.cardatechnologies.utils.validators.abaroutevalidator.Test_AbaRouteValidator_05" time="0"/>
  <testcase name="testAbaNumberCheck_9895_good" classname="com.cardatechnologies.utils.validators.abaroutevalidator.Test_AbaRouteValidator_05" time="0"/>
  <testcase name="testAbaNumberCheck_8955_good" classname="com.cardatechnologies.utils.validators.abaroutevalidator.Test_AbaRouteValidator_05" time="0"/>
  <testcase name="testAbaNumberCheck_7946_bad" classname="com.cardatechnologies.utils.validators.abaroutevalidator.Test_AbaRouteValidator_05" time="0"/>
  <testcase name="testAbaNumberCheck_7948_bad" classname="com.cardatechnologies.utils.validators.abaroutevalidator.Test_AbaRouteValidator_05" time="0"/>
  <testcase name="testAbaNumberCheck_9769_good" classname="com.cardatechnologies.utils.validators.abaroutevalidator.Test_AbaRouteValidator_05" time="0"/>
  <testcase name="testAbaNumberCheck_8829_good" classname="com.cardatechnologies.utils.validators.abaroutevalidator.Test_AbaRouteValidator_05" time="0"/>
  <testcase name="testAbaNumberCheck_8793_good" classname="com.cardatechnologies.utils.validators.abaroutevalidator.Test_AbaRouteValidator_05" time="0"/>
  <testcase name="testAbaNumberCheck_7853_good" classname="com.cardatechnologies.utils.validators.abaroutevalidator.Test_AbaRouteValidator_05" time="0"/>
  <testcase name="testAbaNumberCheck_8667_good" classname="com.cardatechnologies.utils.validators.abaroutevalidator.Test_AbaRouteValidator_05" time="0"/>
  <testcase name="testAbaNumberCheck_7727_good" classname="com.cardatechnologies.utils.validators.abaroutevalidator.Test_AbaRouteValidator_05" time="0"/>
  <testcase name="testAbaNumberCheck_7691_good" classname="com.cardatechnologies.utils.validators.abaroutevalidator.Test_AbaRouteValidator_05" time="0"/>
  <testcase name="testAbaNumberCheck_9570_bad" classname="com.cardatechnologies.utils.validators.abaroutevalidator.Test_AbaRouteValidator_05" time="0"/>
  <testcase name="testAbaNumberCheck_9572_bad" classname="com.cardatechnologies.utils.validators.abaroutevalidator.Test_AbaRouteValidator_05" time="0"/>
  <testcase name="testAbaNumberCheck_7565_good" classname="com.cardatechnologies.utils.validators.abaroutevalidator.Test_AbaRouteValidator_05" time="0"/>
  <testcase name="testAbaNumberCheck_8760_bad" classname="com.cardatechnologies.utils.validators.abaroutevalidator.Test_AbaRouteValidator_05" time="0"/>
  <testcase name="testAbaNumberCheck_9574_bad" classname="com.cardatechnologies.utils.validators.abaroutevalidator.Test_AbaRouteValidator_05" time="0"/>
  <testcase name="testAbaNumberCheck_8762_bad" classname="com.cardatechnologies.utils.validators.abaroutevalidator.Test_AbaRouteValidator_05" time="0"/>
  <testcase name="testAbaNumberCheck_9576_bad" classname="com.cardatechnologies.utils.validators.abaroutevalidator.Test_AbaRouteValidator_05" time="0"/>
  <testcase name="testAbaNumberCheck_8379_good" classname="com.cardatechnologies.utils.validators.abaroutevalidator.Test_AbaRouteValidator_05" time="0"/>
  <testcase name="testAbaNumberCheck_7950_bad" classname="com.cardatechnologies.utils.validators.abaroutevalidator.Test_AbaRouteValidator_05" time="0"/>
  <testcase name="testAbaNumberCheck_8764_bad" classname="com.cardatechnologies.utils.validators.abaroutevalidator.Test_AbaRouteValidator_05" time="0"/>
  <testcase name="testAbaNumberCheck_9578_bad" classname="com.cardatechnologies.utils.validators.abaroutevalidator.Test_AbaRouteValidator_05" time="0"/>
  <testcase name="testAbaNumberCheck_9977_good" classname="com.cardatechnologies.utils.validators.abaroutevalidator.Test_AbaRouteValidator_05" time="0"/>
  <testcase name="testAbaNumberCheck_7952_bad" classname="com.cardatechnologies.utils.validators.abaroutevalidator.Test_AbaRouteValidator_05" time="0"/>
  <testcase name="testAbaNumberCheck_8766_bad" classname="com.cardatechnologies.utils.validators.abaroutevalidator.Test_AbaRouteValidator_05" time="0"/>
  <testcase name="testAbaNumberCheck_7954_bad" classname="com.cardatechnologies.utils.validators.abaroutevalidator.Test_AbaRouteValidator_05" time="0"/>
  <testcase name="testAbaNumberCheck_8768_bad" classname="com.cardatechnologies.utils.validators.abaroutevalidator.Test_AbaRouteValidator_05" time="0"/>
  <testcase name="testAbaNumberCheck_7956_bad" classname="com.cardatechnologies.utils.validators.abaroutevalidator.Test_AbaRouteValidator_05" time="0"/>
  <testcase name="testAbaNumberCheck_7958_bad" classname="com.cardatechnologies.utils.validators.abaroutevalidator.Test_AbaRouteValidator_05" time="0"/>
  <testcase name="testAbaNumberCheck_8875_good" classname="com.cardatechnologies.utils.validators.abaroutevalidator.Test_AbaRouteValidator_05" time="0"/>
  <testcase name="testAbaNumberCheck_7935_good" classname="com.cardatechnologies.utils.validators.abaroutevalidator.Test_AbaRouteValidator_05" time="0"/>
  <testcase name="testAbaNumberCheck_9689_good" classname="com.cardatechnologies.utils.validators.abaroutevalidator.Test_AbaRouteValidator_05" time="0"/>
  <testcase name="testAbaNumberCheck_8749_good" classname="com.cardatechnologies.utils.validators.abaroutevalidator.Test_AbaRouteValidator_05" time="0"/>
  <testcase name="testAbaNumberCheck_7809_good" classname="com.cardatechnologies.utils.validators.abaroutevalidator.Test_AbaRouteValidator_05" time="0"/>
  <testcase name="testAbaNumberCheck_7773_good" classname="com.cardatechnologies.utils.validators.abaroutevalidator.Test_AbaRouteValidator_05" time="0"/>
  <testcase name="testAbaNumberCheck_8587_good" classname="com.cardatechnologies.utils.validators.abaroutevalidator.Test_AbaRouteValidator_05" time="0"/>
  <testcase name="testAbaNumberCheck_7647_good" classname="com.cardatechnologies.utils.validators.abaroutevalidator.Test_AbaRouteValidator_05" time="0"/>
  <testcase name="testAbaNumberCheck_9580_bad" classname="com.cardatechnologies.utils.validators.abaroutevalidator.Test_AbaRouteValidator_05" time="0"/>
  <testcase name="testAbaNumberCheck_9582_bad" classname="com.cardatechnologies.utils.validators.abaroutevalidator.Test_AbaRouteValidator_05" time="0"/>
  <testcase name="testAbaNumberCheck_8770_bad" classname="com.cardatechnologies.utils.validators.abaroutevalidator.Test_AbaRouteValidator_05" time="0"/>
  <testcase name="testAbaNumberCheck_9584_bad" classname="com.cardatechnologies.utils.validators.abaroutevalidator.Test_AbaRouteValidator_05" time="0"/>
  <testcase name="testAbaNumberCheck_8772_bad" classname="com.cardatechnologies.utils.validators.abaroutevalidator.Test_AbaRouteValidator_05" time="0"/>
  <testcase name="testAbaNumberCheck_9586_bad" classname="com.cardatechnologies.utils.validators.abaroutevalidator.Test_AbaRouteValidator_05" time="0"/>
  <testcase name="testAbaNumberCheck_7960_bad" classname="com.cardatechnologies.utils.validators.abaroutevalidator.Test_AbaRouteValidator_05" time="0"/>
  <testcase name="testAbaNumberCheck_8774_bad" classname="com.cardatechnologies.utils.validators.abaroutevalidator.Test_AbaRouteValidator_05" time="0"/>
  <testcase name="testAbaNumberCheck_9588_bad" classname="com.cardatechnologies.utils.validators.abaroutevalidator.Test_AbaRouteValidator_05" time="0"/>
  <testcase name="testAbaNumberCheck_7962_bad" classname="com.cardatechnologies.utils.validators.abaroutevalidator.Test_AbaRouteValidator_05" time="0"/>
  <testcase name="testAbaNumberCheck_8776_bad" classname="com.cardatechnologies.utils.validators.abaroutevalidator.Test_AbaRouteValidator_05" time="0"/>
  <testcase name="testAbaNumberCheck_8299_good" classname="com.cardatechnologies.utils.validators.abaroutevalidator.Test_AbaRouteValidator_05" time="0"/>
  <testcase name="testAbaNumberCheck_7964_bad" classname="com.cardatechnologies.utils.validators.abaroutevalidator.Test_AbaRouteValidator_05" time="0"/>
  <testcase name="testAbaNumberCheck_8778_bad" classname="com.cardatechnologies.utils.validators.abaroutevalidator.Test_AbaRouteValidator_05" time="0"/>
  <testcase name="testAbaNumberCheck_9897_good" classname="com.cardatechnologies.utils.validators.abaroutevalidator.Test_AbaRouteValidator_05" time="0"/>
  <testcase name="testAbaNumberCheck_8957_good" classname="com.cardatechnologies.utils.validators.abaroutevalidator.Test_AbaRouteValidator_05" time="0"/>
  <testcase name="testAbaNumberCheck_7966_bad" classname="com.cardatechnologies.utils.validators.abaroutevalidator.Test_AbaRouteValidator_05" time="0"/>
  <testcase name="testAbaNumberCheck_7968_bad" classname="com.cardatechnologies.utils.validators.abaroutevalidator.Test_AbaRouteValidator_05" time="0"/>
  <testcase name="testAbaNumberCheck_7981_good" classname="com.cardatechnologies.utils.validators.abaroutevalidator.Test_AbaRouteValidator_05" time="0"/>
  <testcase name="testAbaNumberCheck_8795_good" classname="com.cardatechnologies.utils.validators.abaroutevalidator.Test_AbaRouteValidator_05" time="0"/>
  <testcase name="testAbaNumberCheck_7855_good" classname="com.cardatechnologies.utils.validators.abaroutevalidator.Test_AbaRouteValidator_05" time="0"/>
  <testcase name="testAbaNumberCheck_8669_good" classname="com.cardatechnologies.utils.validators.abaroutevalidator.Test_AbaRouteValidator_05" time="0"/>
  <testcase name="testAbaNumberCheck_7729_good" classname="com.cardatechnologies.utils.validators.abaroutevalidator.Test_AbaRouteValidator_05" time="0"/>
  <testcase name="testAbaNumberCheck_7693_good" classname="com.cardatechnologies.utils.validators.abaroutevalidator.Test_AbaRouteValidator_05" time="0"/>
  <testcase name="testAbaNumberCheck_9590_bad" classname="com.cardatechnologies.utils.validators.abaroutevalidator.Test_AbaRouteValidator_05" time="0"/>
  <testcase name="testAbaNumberCheck_9592_bad" classname="com.cardatechnologies.utils.validators.abaroutevalidator.Test_AbaRouteValidator_05" time="0"/>
  <testcase name="testAbaNumberCheck_7567_good" classname="com.cardatechnologies.utils.validators.abaroutevalidator.Test_AbaRouteValidator_05" time="0"/>
  <testcase name="testAbaNumberCheck_8780_bad" classname="com.cardatechnologies.utils.validators.abaroutevalidator.Test_AbaRouteValidator_05" time="0"/>
  <testcase name="testAbaNumberCheck_9594_bad" classname="com.cardatechnologies.utils.validators.abaroutevalidator.Test_AbaRouteValidator_05" time="0"/>
  <testcase name="testAbaNumberCheck_8782_bad" classname="com.cardatechnologies.utils.validators.abaroutevalidator.Test_AbaRouteValidator_05" time="0"/>
  <testcase name="testAbaNumberCheck_9596_bad" classname="com.cardatechnologies.utils.validators.abaroutevalidator.Test_AbaRouteValidator_05" time="0"/>
  <testcase name="testAbaNumberCheck_7970_bad" classname="com.cardatechnologies.utils.validators.abaroutevalidator.Test_AbaRouteValidator_05" time="0"/>
  <testcase name="testAbaNumberCheck_8784_bad" classname="com.cardatechnologies.utils.validators.abaroutevalidator.Test_AbaRouteValidator_05" time="0"/>
  <testcase name="testAbaNumberCheck_9598_bad" classname="com.cardatechnologies.utils.validators.abaroutevalidator.Test_AbaRouteValidator_05" time="0"/>
  <testcase name="testAbaNumberCheck_9979_good" classname="com.cardatechnologies.utils.validators.abaroutevalidator.Test_AbaRouteValidator_05" time="0"/>
  <testcase name="testAbaNumberCheck_7972_bad" classname="com.cardatechnologies.utils.validators.abaroutevalidator.Test_AbaRouteValidator_05" time="0"/>
  <testcase name="testAbaNumberCheck_8786_bad" classname="com.cardatechnologies.utils.validators.abaroutevalidator.Test_AbaRouteValidator_05" time="0"/>
  <testcase name="testAbaNumberCheck_7974_bad" classname="com.cardatechnologies.utils.validators.abaroutevalidator.Test_AbaRouteValidator_05" time="0"/>
  <testcase name="testAbaNumberCheck_8788_bad" classname="com.cardatechnologies.utils.validators.abaroutevalidator.Test_AbaRouteValidator_05" time="0.001"/>
  <testcase name="testAbaNumberCheck_7976_bad" classname="com.cardatechnologies.utils.validators.abaroutevalidator.Test_AbaRouteValidator_05" time="0"/>
  <testcase name="testAbaNumberCheck_7978_bad" classname="com.cardatechnologies.utils.validators.abaroutevalidator.Test_AbaRouteValidator_05" time="0"/>
  <testcase name="testAbaNumberCheck_8877_good" classname="com.cardatechnologies.utils.validators.abaroutevalidator.Test_AbaRouteValidator_05" time="0"/>
  <testcase name="testAbaNumberCheck_7937_good" classname="com.cardatechnologies.utils.validators.abaroutevalidator.Test_AbaRouteValidator_05" time="0"/>
  <testcase name="testAbaNumberCheck_7775_good" classname="com.cardatechnologies.utils.validators.abaroutevalidator.Test_AbaRouteValidator_05" time="0"/>
  <testcase name="testAbaNumberCheck_8589_good" classname="com.cardatechnologies.utils.validators.abaroutevalidator.Test_AbaRouteValidator_05" time="0"/>
  <testcase name="testAbaNumberCheck_7649_good" classname="com.cardatechnologies.utils.validators.abaroutevalidator.Test_AbaRouteValidator_05" time="0"/>
  <testcase name="testAbaNumberCheck_8790_bad" classname="com.cardatechnologies.utils.validators.abaroutevalidator.Test_AbaRouteValidator_05" time="0"/>
  <testcase name="testAbaNumberCheck_8792_bad" classname="com.cardatechnologies.utils.validators.abaroutevalidator.Test_AbaRouteValidator_05" time="0"/>
  <testcase name="testAbaNumberCheck_7980_bad" classname="com.cardatechnologies.utils.validators.abaroutevalidator.Test_AbaRouteValidator_05" time="0"/>
  <testcase name="testAbaNumberCheck_8794_bad" classname="com.cardatechnologies.utils.validators.abaroutevalidator.Test_AbaRouteValidator_05" time="0"/>
  <testcase name="testAbaNumberCheck_7982_bad" classname="com.cardatechnologies.utils.validators.abaroutevalidator.Test_AbaRouteValidator_05" time="0"/>
  <testcase name="testAbaNumberCheck_8796_bad" classname="com.cardatechnologies.utils.validators.abaroutevalidator.Test_AbaRouteValidator_05" time="0"/>
  <testcase name="testAbaNumberCheck_7984_bad" classname="com.cardatechnologies.utils.validators.abaroutevalidator.Test_AbaRouteValidator_05" time="0"/>
  <testcase name="testAbaNumberCheck_8798_bad" classname="com.cardatechnologies.utils.validators.abaroutevalidator.Test_AbaRouteValidator_05" time="0"/>
  <testcase name="testAbaNumberCheck_9899_good" classname="com.cardatechnologies.utils.validators.abaroutevalidator.Test_AbaRouteValidator_05" time="0"/>
  <testcase name="testAbaNumberCheck_8959_good" classname="com.cardatechnologies.utils.validators.abaroutevalidator.Test_AbaRouteValidator_05" time="0"/>
  <testcase name="testAbaNumberCheck_7986_bad" classname="com.cardatechnologies.utils.validators.abaroutevalidator.Test_AbaRouteValidator_05" time="0"/>
  <testcase name="testAbaNumberCheck_7988_bad" classname="com.cardatechnologies.utils.validators.abaroutevalidator.Test_AbaRouteValidator_05" time="0"/>
  <testcase name="testAbaNumberCheck_7983_good" classname="com.cardatechnologies.utils.validators.abaroutevalidator.Test_AbaRouteValidator_05" time="0"/>
  <testcase name="testAbaNumberCheck_8797_good" classname="com.cardatechnologies.utils.validators.abaroutevalidator.Test_AbaRouteValidator_05" time="0"/>
  <testcase name="testAbaNumberCheck_7857_good" classname="com.cardatechnologies.utils.validators.abaroutevalidator.Test_AbaRouteValidator_05" time="0"/>
  <testcase name="testAbaNumberCheck_7695_good" classname="com.cardatechnologies.utils.validators.abaroutevalidator.Test_AbaRouteValidator_05" time="0"/>
  <testcase name="testAbaNumberCheck_7569_good" classname="com.cardatechnologies.utils.validators.abaroutevalidator.Test_AbaRouteValidator_05" time="0"/>
  <testcase name="testAbaNumberCheck_7990_bad" classname="com.cardatechnologies.utils.validators.abaroutevalidator.Test_AbaRouteValidator_05" time="0"/>
  <testcase name="testAbaNumberCheck_7992_bad" classname="com.cardatechnologies.utils.validators.abaroutevalidator.Test_AbaRouteValidator_05" time="0"/>
  <testcase name="testAbaNumberCheck_7994_bad" classname="com.cardatechnologies.utils.validators.abaroutevalidator.Test_AbaRouteValidator_05" time="0"/>
  <testcase name="testAbaNumberCheck_7996_bad" classname="com.cardatechnologies.utils.validators.abaroutevalidator.Test_AbaRouteValidator_05" time="0"/>
  <testcase name="testAbaNumberCheck_7998_bad" classname="com.cardatechnologies.utils.validators.abaroutevalidator.Test_AbaRouteValidator_05" time="0"/>
  <testcase name="testAbaNumberCheck_8879_good" classname="com.cardatechnologies.utils.validators.abaroutevalidator.Test_AbaRouteValidator_05" time="0"/>
  <testcase name="testAbaNumberCheck_7939_good" classname="com.cardatechnologies.utils.validators.abaroutevalidator.Test_AbaRouteValidator_05" time="0"/>
  <testcase name="testAbaNumberCheck_7777_good" classname="com.cardatechnologies.utils.validators.abaroutevalidator.Test_AbaRouteValidator_05" time="0"/>
  <testcase name="testAbaNumberCheck_7985_good" classname="com.cardatechnologies.utils.validators.abaroutevalidator.Test_AbaRouteValidator_05" time="0.001"/>
  <testcase name="testAbaNumberCheck_8799_good" classname="com.cardatechnologies.utils.validators.abaroutevalidator.Test_AbaRouteValidator_05" time="0"/>
  <testcase name="testAbaNumberCheck_7859_good" classname="com.cardatechnologies.utils.validators.abaroutevalidator.Test_AbaRouteValidator_05" time="0"/>
  <testcase name="testAbaNumberCheck_7697_good" classname="com.cardatechnologies.utils.validators.abaroutevalidator.Test_AbaRouteValidator_05" time="0"/>
  <testcase name="testAbaNumberCheck_7779_good" classname="com.cardatechnologies.utils.validators.abaroutevalidator.Test_AbaRouteValidator_05" time="0"/>
  <testcase name="testAbaNumberCheck_7987_good" classname="com.cardatechnologies.utils.validators.abaroutevalidator.Test_AbaRouteValidator_05" time="0"/>
  <testcase name="testAbaNumberCheck_7699_good" classname="com.cardatechnologies.utils.validators.abaroutevalidator.Test_AbaRouteValidator_05" time="0"/>
  <testcase name="testAbaNumberCheck_7989_good" classname="com.cardatechnologies.utils.validators.abaroutevalidator.Test_AbaRouteValidator_05" time="0"/>
  <testcase name="testAbaNumberCheck_9011_good" classname="com.cardatechnologies.utils.validators.abaroutevalidator.Test_AbaRouteValidator_05" time="0"/>
  <testcase name="testAbaNumberCheck_9301_good" classname="com.cardatechnologies.utils.validators.abaroutevalidator.Test_AbaRouteValidator_05" time="0"/>
  <testcase name="testAbaNumberCheck_9013_good" classname="com.cardatechnologies.utils.validators.abaroutevalidator.Test_AbaRouteValidator_05" time="0"/>
  <testcase name="testAbaNumberCheck_9221_good" classname="com.cardatechnologies.utils.validators.abaroutevalidator.Test_AbaRouteValidator_05" time="0"/>
  <testcase name="testAbaNumberCheck_9303_good" classname="com.cardatechnologies.utils.validators.abaroutevalidator.Test_AbaRouteValidator_05" time="0"/>
  <testcase name="testAbaNumberCheck_9141_good" classname="com.cardatechnologies.utils.validators.abaroutevalidator.Test_AbaRouteValidator_05" time="0"/>
  <testcase name="testAbaNumberCheck_8201_good" classname="com.cardatechnologies.utils.validators.abaroutevalidator.Test_AbaRouteValidator_05" time="0"/>
  <testcase name="testAbaNumberCheck_9015_good" classname="com.cardatechnologies.utils.validators.abaroutevalidator.Test_AbaRouteValidator_05" time="0"/>
  <testcase name="testAbaNumberCheck_9511_good" classname="com.cardatechnologies.utils.validators.abaroutevalidator.Test_AbaRouteValidator_05" time="0"/>
  <testcase name="testAbaNumberCheck_9223_good" classname="com.cardatechnologies.utils.validators.abaroutevalidator.Test_AbaRouteValidator_05" time="0"/>
  <testcase name="testAbaNumberCheck_9061_good" classname="com.cardatechnologies.utils.validators.abaroutevalidator.Test_AbaRouteValidator_05" time="0"/>
  <testcase name="testAbaNumberCheck_8121_good" classname="com.cardatechnologies.utils.validators.abaroutevalidator.Test_AbaRouteValidator_05" time="0"/>
  <testcase name="testAbaNumberCheck_9431_good" classname="com.cardatechnologies.utils.validators.abaroutevalidator.Test_AbaRouteValidator_05" time="0"/>
  <testcase name="testAbaNumberCheck_9305_good" classname="com.cardatechnologies.utils.validators.abaroutevalidator.Test_AbaRouteValidator_05" time="0"/>
  <testcase name="testAbaNumberCheck_9143_good" classname="com.cardatechnologies.utils.validators.abaroutevalidator.Test_AbaRouteValidator_05" time="0"/>
  <testcase name="testAbaNumberCheck_8203_good" classname="com.cardatechnologies.utils.validators.abaroutevalidator.Test_AbaRouteValidator_05" time="0"/>
  <testcase name="testAbaNumberCheck_9801_good" classname="com.cardatechnologies.utils.validators.abaroutevalidator.Test_AbaRouteValidator_05" time="0"/>
  <testcase name="testAbaNumberCheck_9017_good" classname="com.cardatechnologies.utils.validators.abaroutevalidator.Test_AbaRouteValidator_05" time="0"/>
  <testcase name="testAbaNumberCheck_8041_good" classname="com.cardatechnologies.utils.validators.abaroutevalidator.Test_AbaRouteValidator_05" time="0"/>
  <testcase name="testAbaNumberCheck_9513_good" classname="com.cardatechnologies.utils.validators.abaroutevalidator.Test_AbaRouteValidator_05" time="0"/>
  <testcase name="testAbaNumberCheck_9351_good" classname="com.cardatechnologies.utils.validators.abaroutevalidator.Test_AbaRouteValidator_05" time="0"/>
  <testcase name="testAbaNumberCheck_8411_good" classname="com.cardatechnologies.utils.validators.abaroutevalidator.Test_AbaRouteValidator_05" time="0"/>
  <testcase name="testAbaNumberCheck_9225_good" classname="com.cardatechnologies.utils.validators.abaroutevalidator.Test_AbaRouteValidator_05" time="0"/>
  <testcase name="testAbaNumberCheck_9063_good" classname="com.cardatechnologies.utils.validators.abaroutevalidator.Test_AbaRouteValidator_05" time="0"/>
  <testcase name="testAbaNumberCheck_8123_good" classname="com.cardatechnologies.utils.validators.abaroutevalidator.Test_AbaRouteValidator_05" time="0"/>
  <testcase name="testAbaNumberCheck_9721_good" classname="com.cardatechnologies.utils.validators.abaroutevalidator.Test_AbaRouteValidator_05" time="0"/>
  <testcase name="testAbaNumberCheck_9433_good" classname="com.cardatechnologies.utils.validators.abaroutevalidator.Test_AbaRouteValidator_05" time="0"/>
  <testcase name="testAbaNumberCheck_9307_good" classname="com.cardatechnologies.utils.validators.abaroutevalidator.Test_AbaRouteValidator_05" time="0.001"/>
  <testcase name="testAbaNumberCheck_9271_good" classname="com.cardatechnologies.utils.validators.abaroutevalidator.Test_AbaRouteValidator_05" time="0"/>
  <testcase name="testAbaNumberCheck_8331_good" classname="com.cardatechnologies.utils.validators.abaroutevalidator.Test_AbaRouteValidator_05" time="0"/>
  <testcase name="testAbaNumberCheck_9145_good" classname="com.cardatechnologies.utils.validators.abaroutevalidator.Test_AbaRouteValidator_05" time="0"/>
  <testcase name="testAbaNumberCheck_8205_good" classname="com.cardatechnologies.utils.validators.abaroutevalidator.Test_AbaRouteValidator_05" time="0"/>
  <testcase name="testAbaNumberCheck_9803_good" classname="com.cardatechnologies.utils.validators.abaroutevalidator.Test_AbaRouteValidator_05" time="0"/>
  <testcase name="testAbaNumberCheck_9019_good" classname="com.cardatechnologies.utils.validators.abaroutevalidator.Test_AbaRouteValidator_05" time="0"/>
  <testcase name="testAbaNumberCheck_8043_good" classname="com.cardatechnologies.utils.validators.abaroutevalidator.Test_AbaRouteValidator_05" time="0"/>
  <testcase name="testAbaNumberCheck_9641_good" classname="com.cardatechnologies.utils.validators.abaroutevalidator.Test_AbaRouteValidator_05" time="0"/>
  <testcase name="testAbaNumberCheck_8701_good" classname="com.cardatechnologies.utils.validators.abaroutevalidator.Test_AbaRouteValidator_05" time="0"/>
  <testcase name="testAbaNumberCheck_9515_good" classname="com.cardatechnologies.utils.validators.abaroutevalidator.Test_AbaRouteValidator_05" time="0"/>
  <testcase name="testAbaNumberCheck_9100_bad" classname="com.cardatechnologies.utils.validators.abaroutevalidator.Test_AbaRouteValidator_05" time="0"/>
  <testcase name="testAbaNumberCheck_9102_bad" classname="com.cardatechnologies.utils.validators.abaroutevalidator.Test_AbaRouteValidator_05" time="0"/>
  <testcase name="testAbaNumberCheck_9353_good" classname="com.cardatechnologies.utils.validators.abaroutevalidator.Test_AbaRouteValidator_05" time="0"/>
  <testcase name="testAbaNumberCheck_8413_good" classname="com.cardatechnologies.utils.validators.abaroutevalidator.Test_AbaRouteValidator_05" time="0"/>
  <testcase name="testAbaNumberCheck_9104_bad" classname="com.cardatechnologies.utils.validators.abaroutevalidator.Test_AbaRouteValidator_05" time="0"/>
  <testcase name="testAbaNumberCheck_9106_bad" classname="com.cardatechnologies.utils.validators.abaroutevalidator.Test_AbaRouteValidator_05" time="0"/>
  <testcase name="testAbaNumberCheck_9227_good" classname="com.cardatechnologies.utils.validators.abaroutevalidator.Test_AbaRouteValidator_05" time="0"/>
  <testcase name="testAbaNumberCheck_9108_bad" classname="com.cardatechnologies.utils.validators.abaroutevalidator.Test_AbaRouteValidator_05" time="0"/>
  <testcase name="testAbaNumberCheck_9191_good" classname="com.cardatechnologies.utils.validators.abaroutevalidator.Test_AbaRouteValidator_05" time="0"/>
  <testcase name="testAbaNumberCheck_8251_good" classname="com.cardatechnologies.utils.validators.abaroutevalidator.Test_AbaRouteValidator_05" time="0"/>
  <testcase name="testAbaNumberCheck_9065_good" classname="com.cardatechnologies.utils.validators.abaroutevalidator.Test_AbaRouteValidator_05" time="0.001"/>
  <testcase name="testAbaNumberCheck_8125_good" classname="com.cardatechnologies.utils.validators.abaroutevalidator.Test_AbaRouteValidator_05" time="0"/>
  <testcase name="testAbaNumberCheck_9723_good" classname="com.cardatechnologies.utils.validators.abaroutevalidator.Test_AbaRouteValidator_05" time="0"/>
  <testcase name="testAbaNumberCheck_9561_good" classname="com.cardatechnologies.utils.validators.abaroutevalidator.Test_AbaRouteValidator_05" time="0"/>
  <testcase name="testAbaNumberCheck_8621_good" classname="com.cardatechnologies.utils.validators.abaroutevalidator.Test_AbaRouteValidator_05" time="0"/>
  <testcase name="testAbaNumberCheck_9435_good" classname="com.cardatechnologies.utils.validators.abaroutevalidator.Test_AbaRouteValidator_05" time="0"/>
  <testcase name="testAbaNumberCheck_9110_bad" classname="com.cardatechnologies.utils.validators.abaroutevalidator.Test_AbaRouteValidator_05" time="0"/>
  <testcase name="testAbaNumberCheck_9112_bad" classname="com.cardatechnologies.utils.validators.abaroutevalidator.Test_AbaRouteValidator_05" time="0"/>
  <testcase name="testAbaNumberCheck_9309_good" classname="com.cardatechnologies.utils.validators.abaroutevalidator.Test_AbaRouteValidator_05" time="0"/>
  <testcase name="testAbaNumberCheck_8300_bad" classname="com.cardatechnologies.utils.validators.abaroutevalidator.Test_AbaRouteValidator_05" time="0"/>
  <testcase name="testAbaNumberCheck_9114_bad" classname="com.cardatechnologies.utils.validators.abaroutevalidator.Test_AbaRouteValidator_05" time="0"/>
  <testcase name="testAbaNumberCheck_8302_bad" classname="com.cardatechnologies.utils.validators.abaroutevalidator.Test_AbaRouteValidator_05" time="0"/>
  <testcase name="testAbaNumberCheck_9116_bad" classname="com.cardatechnologies.utils.validators.abaroutevalidator.Test_AbaRouteValidator_05" time="0"/>
  <testcase name="testAbaNumberCheck_9273_good" classname="com.cardatechnologies.utils.validators.abaroutevalidator.Test_AbaRouteValidator_05" time="0"/>
  <testcase name="testAbaNumberCheck_8333_good" classname="com.cardatechnologies.utils.validators.abaroutevalidator.Test_AbaRouteValidator_05" time="0"/>
  <testcase name="testAbaNumberCheck_8304_bad" classname="com.cardatechnologies.utils.validators.abaroutevalidator.Test_AbaRouteValidator_05" time="0"/>
  <testcase name="testAbaNumberCheck_9118_bad" classname="com.cardatechnologies.utils.validators.abaroutevalidator.Test_AbaRouteValidator_05" time="0"/>
  <testcase name="testAbaNumberCheck_9931_good" classname="com.cardatechnologies.utils.validators.abaroutevalidator.Test_AbaRouteValidator_05" time="0"/>
  <testcase name="testAbaNumberCheck_8306_bad" classname="com.cardatechnologies.utils.validators.abaroutevalidator.Test_AbaRouteValidator_05" time="0"/>
  <testcase name="testAbaNumberCheck_9147_good" classname="com.cardatechnologies.utils.validators.abaroutevalidator.Test_AbaRouteValidator_05" time="0"/>
  <testcase name="testAbaNumberCheck_8207_good" classname="com.cardatechnologies.utils.validators.abaroutevalidator.Test_AbaRouteValidator_05" time="0"/>
  <testcase name="testAbaNumberCheck_8308_bad" classname="com.cardatechnologies.utils.validators.abaroutevalidator.Test_AbaRouteValidator_05" time="0.001"/>
  <testcase name="testAbaNumberCheck_9805_good" classname="com.cardatechnologies.utils.validators.abaroutevalidator.Test_AbaRouteValidator_05" time="0"/>
  <testcase name="testAbaNumberCheck_8171_good" classname="com.cardatechnologies.utils.validators.abaroutevalidator.Test_AbaRouteValidator_05" time="0"/>
  <testcase name="testAbaNumberCheck_8045_good" classname="com.cardatechnologies.utils.validators.abaroutevalidator.Test_AbaRouteValidator_05" time="0"/>
  <testcase name="testAbaNumberCheck_9643_good" classname="com.cardatechnologies.utils.validators.abaroutevalidator.Test_AbaRouteValidator_05" time="0"/>
  <testcase name="testAbaNumberCheck_8703_good" classname="com.cardatechnologies.utils.validators.abaroutevalidator.Test_AbaRouteValidator_05" time="0"/>
  <testcase name="testAbaNumberCheck_9517_good" classname="com.cardatechnologies.utils.validators.abaroutevalidator.Test_AbaRouteValidator_05" time="0"/>
  <testcase name="testAbaNumberCheck_9481_good" classname="com.cardatechnologies.utils.validators.abaroutevalidator.Test_AbaRouteValidator_05" time="0"/>
  <testcase name="testAbaNumberCheck_8541_good" classname="com.cardatechnologies.utils.validators.abaroutevalidator.Test_AbaRouteValidator_05" time="0.001"/>
  <testcase name="testAbaNumberCheck_7601_good" classname="com.cardatechnologies.utils.validators.abaroutevalidator.Test_AbaRouteValidator_05" time="0"/>
  <testcase name="testAbaNumberCheck_9120_bad" classname="com.cardatechnologies.utils.validators.abaroutevalidator.Test_AbaRouteValidator_05" time="0"/>
  <testcase name="testAbaNumberCheck_9122_bad" classname="com.cardatechnologies.utils.validators.abaroutevalidator.Test_AbaRouteValidator_05" time="0"/>
  <testcase name="testAbaNumberCheck_9355_good" classname="com.cardatechnologies.utils.validators.abaroutevalidator.Test_AbaRouteValidator_05" time="0"/>
  <testcase name="testAbaNumberCheck_8415_good" classname="com.cardatechnologies.utils.validators.abaroutevalidator.Test_AbaRouteValidator_05" time="0"/>
  <testcase name="testAbaNumberCheck_8310_bad" classname="com.cardatechnologies.utils.validators.abaroutevalidator.Test_AbaRouteValidator_05" time="0"/>
  <testcase name="testAbaNumberCheck_9124_bad" classname="com.cardatechnologies.utils.validators.abaroutevalidator.Test_AbaRouteValidator_05" time="0"/>
  <testcase name="testAbaNumberCheck_8312_bad" classname="com.cardatechnologies.utils.validators.abaroutevalidator.Test_AbaRouteValidator_05" time="0"/>
  <testcase name="testAbaNumberCheck_9126_bad" classname="com.cardatechnologies.utils.validators.abaroutevalidator.Test_AbaRouteValidator_05" time="0"/>
  <testcase name="testAbaNumberCheck_9229_good" classname="com.cardatechnologies.utils.validators.abaroutevalidator.Test_AbaRouteValidator_05" time="0"/>
  <testcase name="testAbaNumberCheck_8314_bad" classname="com.cardatechnologies.utils.validators.abaroutevalidator.Test_AbaRouteValidator_05" time="0"/>
  <testcase name="testAbaNumberCheck_9128_bad" classname="com.cardatechnologies.utils.validators.abaroutevalidator.Test_AbaRouteValidator_05" time="0"/>
  <testcase name="testAbaNumberCheck_7502_bad" classname="com.cardatechnologies.utils.validators.abaroutevalidator.Test_AbaRouteValidator_05" time="0"/>
  <testcase name="testAbaNumberCheck_8316_bad" classname="com.cardatechnologies.utils.validators.abaroutevalidator.Test_AbaRouteValidator_05" time="0"/>
  <testcase name="testAbaNumberCheck_9193_good" classname="com.cardatechnologies.utils.validators.abaroutevalidator.Test_AbaRouteValidator_05" time="0"/>
  <testcase name="testAbaNumberCheck_8253_good" classname="com.cardatechnologies.utils.validators.abaroutevalidator.Test_AbaRouteValidator_05" time="0"/>
  <testcase name="testAbaNumberCheck_7504_bad" classname="com.cardatechnologies.utils.validators.abaroutevalidator.Test_AbaRouteValidator_05" time="0"/>
  <testcase name="testAbaNumberCheck_8318_bad" classname="com.cardatechnologies.utils.validators.abaroutevalidator.Test_AbaRouteValidator_05" time="0"/>
  <testcase name="testAbaNumberCheck_9851_good" classname="com.cardatechnologies.utils.validators.abaroutevalidator.Test_AbaRouteValidator_05" time="0"/>
  <testcase name="testAbaNumberCheck_8911_good" classname="com.cardatechnologies.utils.validators.abaroutevalidator.Test_AbaRouteValidator_05" time="0"/>
  <testcase name="testAbaNumberCheck_7506_bad" classname="com.cardatechnologies.utils.validators.abaroutevalidator.Test_AbaRouteValidator_05" time="0"/>
  <testcase name="testAbaNumberCheck_9067_good" classname="com.cardatechnologies.utils.validators.abaroutevalidator.Test_AbaRouteValidator_05" time="0"/>
  <testcase name="testAbaNumberCheck_8127_good" classname="com.cardatechnologies.utils.validators.abaroutevalidator.Test_AbaRouteValidator_05" time="0"/>
  <testcase name="testAbaNumberCheck_7508_bad" classname="com.cardatechnologies.utils.validators.abaroutevalidator.Test_AbaRouteValidator_05" time="0"/>
  <testcase name="testAbaNumberCheck_9725_good" classname="com.cardatechnologies.utils.validators.abaroutevalidator.Test_AbaRouteValidator_05" time="0"/>
  <testcase name="testAbaNumberCheck_8091_good" classname="com.cardatechnologies.utils.validators.abaroutevalidator.Test_AbaRouteValidator_05" time="0"/>
  <testcase name="testAbaNumberCheck_9563_good" classname="com.cardatechnologies.utils.validators.abaroutevalidator.Test_AbaRouteValidator_05" time="0"/>
  <testcase name="testAbaNumberCheck_8623_good" classname="com.cardatechnologies.utils.validators.abaroutevalidator.Test_AbaRouteValidator_05" time="0"/>
  <testcase name="testAbaNumberCheck_9437_good" classname="com.cardatechnologies.utils.validators.abaroutevalidator.Test_AbaRouteValidator_05" time="0"/>
  <testcase name="testAbaNumberCheck_9130_bad" classname="com.cardatechnologies.utils.validators.abaroutevalidator.Test_AbaRouteValidator_05" time="0"/>
  <testcase name="testAbaNumberCheck_9132_bad" classname="com.cardatechnologies.utils.validators.abaroutevalidator.Test_AbaRouteValidator_05" time="0"/>
  <testcase name="testAbaNumberCheck_8461_good" classname="com.cardatechnologies.utils.validators.abaroutevalidator.Test_AbaRouteValidator_05" time="0"/>
  <testcase name="testAbaNumberCheck_7521_good" classname="com.cardatechnologies.utils.validators.abaroutevalidator.Test_AbaRouteValidator_05" time="0"/>
  <testcase name="testAbaNumberCheck_8320_bad" classname="com.cardatechnologies.utils.validators.abaroutevalidator.Test_AbaRouteValidator_05" time="0"/>
  <testcase name="testAbaNumberCheck_9134_bad" classname="com.cardatechnologies.utils.validators.abaroutevalidator.Test_AbaRouteValidator_05" time="0"/>
  <testcase name="testAbaNumberCheck_8322_bad" classname="com.cardatechnologies.utils.validators.abaroutevalidator.Test_AbaRouteValidator_05" time="0"/>
  <testcase name="testAbaNumberCheck_9136_bad" classname="com.cardatechnologies.utils.validators.abaroutevalidator.Test_AbaRouteValidator_05" time="0"/>
  <testcase name="testAbaNumberCheck_9275_good" classname="com.cardatechnologies.utils.validators.abaroutevalidator.Test_AbaRouteValidator_05" time="0"/>
  <testcase name="testAbaNumberCheck_8335_good" classname="com.cardatechnologies.utils.validators.abaroutevalidator.Test_AbaRouteValidator_05" time="0"/>
  <testcase name="testAbaNumberCheck_7510_bad" classname="com.cardatechnologies.utils.validators.abaroutevalidator.Test_AbaRouteValidator_05" time="0"/>
  <testcase name="testAbaNumberCheck_8324_bad" classname="com.cardatechnologies.utils.validators.abaroutevalidator.Test_AbaRouteValidator_05" time="0"/>
  <testcase name="testAbaNumberCheck_9138_bad" classname="com.cardatechnologies.utils.validators.abaroutevalidator.Test_AbaRouteValidator_05" time="0"/>
  <testcase name="testAbaNumberCheck_9933_good" classname="com.cardatechnologies.utils.validators.abaroutevalidator.Test_AbaRouteValidator_05" time="0"/>
  <testcase name="testAbaNumberCheck_7512_bad" classname="com.cardatechnologies.utils.validators.abaroutevalidator.Test_AbaRouteValidator_05" time="0"/>
  <testcase name="testAbaNumberCheck_8326_bad" classname="com.cardatechnologies.utils.validators.abaroutevalidator.Test_AbaRouteValidator_05" time="0"/>
  <testcase name="testAbaNumberCheck_9149_good" classname="com.cardatechnologies.utils.validators.abaroutevalidator.Test_AbaRouteValidator_05" time="0"/>
  <testcase name="testAbaNumberCheck_8209_good" classname="com.cardatechnologies.utils.validators.abaroutevalidator.Test_AbaRouteValidator_05" time="0"/>
  <testcase name="testAbaNumberCheck_7514_bad" classname="com.cardatechnologies.utils.validators.abaroutevalidator.Test_AbaRouteValidator_05" time="0"/>
  <testcase name="testAbaNumberCheck_8328_bad" classname="com.cardatechnologies.utils.validators.abaroutevalidator.Test_AbaRouteValidator_05" time="0"/>
  <testcase name="testAbaNumberCheck_9807_good" classname="com.cardatechnologies.utils.validators.abaroutevalidator.Test_AbaRouteValidator_05" time="0"/>
  <testcase name="testAbaNumberCheck_7516_bad" classname="com.cardatechnologies.utils.validators.abaroutevalidator.Test_AbaRouteValidator_05" time="0"/>
  <testcase name="testAbaNumberCheck_8173_good" classname="com.cardatechnologies.utils.validators.abaroutevalidator.Test_AbaRouteValidator_05" time="0"/>
  <testcase name="testAbaNumberCheck_7518_bad" classname="com.cardatechnologies.utils.validators.abaroutevalidator.Test_AbaRouteValidator_05" time="0"/>
  <testcase name="testAbaNumberCheck_9771_good" classname="com.cardatechnologies.utils.validators.abaroutevalidator.Test_AbaRouteValidator_05" time="0"/>
  <testcase name="testAbaNumberCheck_8831_good" classname="com.cardatechnologies.utils.validators.abaroutevalidator.Test_AbaRouteValidator_05" time="0"/>
  <testcase name="testAbaNumberCheck_8047_good" classname="com.cardatechnologies.utils.validators.abaroutevalidator.Test_AbaRouteValidator_05" time="0"/>
  <testcase name="testAbaNumberCheck_9645_good" classname="com.cardatechnologies.utils.validators.abaroutevalidator.Test_AbaRouteValidator_05" time="0"/>
  <testcase name="testAbaNumberCheck_8705_good" classname="com.cardatechnologies.utils.validators.abaroutevalidator.Test_AbaRouteValidator_05" time="0"/>
  <testcase name="testAbaNumberCheck_9519_good" classname="com.cardatechnologies.utils.validators.abaroutevalidator.Test_AbaRouteValidator_05" time="0"/>
  <testcase name="testAbaNumberCheck_9483_good" classname="com.cardatechnologies.utils.validators.abaroutevalidator.Test_AbaRouteValidator_05" time="0"/>
  <testcase name="testAbaNumberCheck_8543_good" classname="com.cardatechnologies.utils.validators.abaroutevalidator.Test_AbaRouteValidator_05" time="0"/>
  <testcase name="testAbaNumberCheck_7603_good" classname="com.cardatechnologies.utils.validators.abaroutevalidator.Test_AbaRouteValidator_05" time="0"/>
  <testcase name="testAbaNumberCheck_9140_bad" classname="com.cardatechnologies.utils.validators.abaroutevalidator.Test_AbaRouteValidator_05" time="0"/>
  <testcase name="testAbaNumberCheck_9142_bad" classname="com.cardatechnologies.utils.validators.abaroutevalidator.Test_AbaRouteValidator_05" time="0.004"/>
  <testcase name="testAbaNumberCheck_9357_good" classname="com.cardatechnologies.utils.validators.abaroutevalidator.Test_AbaRouteValidator_05" time="0.002"/>
  <testcase name="testAbaNumberCheck_8417_good" classname="com.cardatechnologies.utils.validators.abaroutevalidator.Test_AbaRouteValidator_05" time="0"/>
  <testcase name="testAbaNumberCheck_8330_bad" classname="com.cardatechnologies.utils.validators.abaroutevalidator.Test_AbaRouteValidator_05" time="0"/>
  <testcase name="testAbaNumberCheck_9144_bad" classname="com.cardatechnologies.utils.validators.abaroutevalidator.Test_AbaRouteValidator_05" time="0"/>
  <testcase name="testAbaNumberCheck_8332_bad" classname="com.cardatechnologies.utils.validators.abaroutevalidator.Test_AbaRouteValidator_05" time="0"/>
  <testcase name="testAbaNumberCheck_9146_bad" classname="com.cardatechnologies.utils.validators.abaroutevalidator.Test_AbaRouteValidator_05" time="0"/>
  <testcase name="testAbaNumberCheck_8381_good" classname="com.cardatechnologies.utils.validators.abaroutevalidator.Test_AbaRouteValidator_05" time="0"/>
  <testcase name="testAbaNumberCheck_7520_bad" classname="com.cardatechnologies.utils.validators.abaroutevalidator.Test_AbaRouteValidator_05" time="0"/>
  <testcase name="testAbaNumberCheck_8334_bad" classname="com.cardatechnologies.utils.validators.abaroutevalidator.Test_AbaRouteValidator_05" time="0"/>
  <testcase name="testAbaNumberCheck_9148_bad" classname="com.cardatechnologies.utils.validators.abaroutevalidator.Test_AbaRouteValidator_05" time="0"/>
  <testcase name="testAbaNumberCheck_7522_bad" classname="com.cardatechnologies.utils.validators.abaroutevalidator.Test_AbaRouteValidator_05" time="0.001"/>
  <testcase name="testAbaNumberCheck_8336_bad" classname="com.cardatechnologies.utils.validators.abaroutevalidator.Test_AbaRouteValidator_05" time="0"/>
  <testcase name="testAbaNumberCheck_9195_good" classname="com.cardatechnologies.utils.validators.abaroutevalidator.Test_AbaRouteValidator_05" time="0"/>
  <testcase name="testAbaNumberCheck_8255_good" classname="com.cardatechnologies.utils.validators.abaroutevalidator.Test_AbaRouteValidator_05" time="0"/>
  <testcase name="testAbaNumberCheck_7524_bad" classname="com.cardatechnologies.utils.validators.abaroutevalidator.Test_AbaRouteValidator_05" time="0"/>
  <testcase name="testAbaNumberCheck_8338_bad" classname="com.cardatechnologies.utils.validators.abaroutevalidator.Test_AbaRouteValidator_05" time="0"/>
  <testcase name="testAbaNumberCheck_9853_good" classname="com.cardatechnologies.utils.validators.abaroutevalidator.Test_AbaRouteValidator_05" time="0"/>
  <testcase name="testAbaNumberCheck_8913_good" classname="com.cardatechnologies.utils.validators.abaroutevalidator.Test_AbaRouteValidator_05" time="0"/>
  <testcase name="testAbaNumberCheck_7526_bad" classname="com.cardatechnologies.utils.validators.abaroutevalidator.Test_AbaRouteValidator_05" time="0"/>
  <testcase name="testAbaNumberCheck_9069_good" classname="com.cardatechnologies.utils.validators.abaroutevalidator.Test_AbaRouteValidator_05" time="0"/>
  <testcase name="testAbaNumberCheck_8129_good" classname="com.cardatechnologies.utils.validators.abaroutevalidator.Test_AbaRouteValidator_05" time="0"/>
  <testcase name="testAbaNumberCheck_7528_bad" classname="com.cardatechnologies.utils.validators.abaroutevalidator.Test_AbaRouteValidator_05" time="0"/>
  <testcase name="testAbaNumberCheck_9727_good" classname="com.cardatechnologies.utils.validators.abaroutevalidator.Test_AbaRouteValidator_05" time="0"/>
  <testcase name="testAbaNumberCheck_8093_good" classname="com.cardatechnologies.utils.validators.abaroutevalidator.Test_AbaRouteValidator_05" time="0"/>
  <testcase name="testAbaNumberCheck_9691_good" classname="com.cardatechnologies.utils.validators.abaroutevalidator.Test_AbaRouteValidator_05" time="0"/>
  <testcase name="testAbaNumberCheck_8751_good" classname="com.cardatechnologies.utils.validators.abaroutevalidator.Test_AbaRouteValidator_05" time="0"/>
  <testcase name="testAbaNumberCheck_7811_good" classname="com.cardatechnologies.utils.validators.abaroutevalidator.Test_AbaRouteValidator_05" time="0"/>
  <testcase name="testAbaNumberCheck_9565_good" classname="com.cardatechnologies.utils.validators.abaroutevalidator.Test_AbaRouteValidator_05" time="0"/>
  <testcase name="testAbaNumberCheck_8625_good" classname="com.cardatechnologies.utils.validators.abaroutevalidator.Test_AbaRouteValidator_05" time="0"/>
  <testcase name="testAbaNumberCheck_9439_good" classname="com.cardatechnologies.utils.validators.abaroutevalidator.Test_AbaRouteValidator_05" time="0"/>
  <testcase name="testAbaNumberCheck_9600_bad" classname="com.cardatechnologies.utils.validators.abaroutevalidator.Test_AbaRouteValidator_05" time="0"/>
  <testcase name="testAbaNumberCheck_9150_bad" classname="com.cardatechnologies.utils.validators.abaroutevalidator.Test_AbaRouteValidator_05" time="0"/>
  <testcase name="testAbaNumberCheck_9602_bad" classname="com.cardatechnologies.utils.validators.abaroutevalidator.Test_AbaRouteValidator_05" time="0"/>
  <testcase name="testAbaNumberCheck_9152_bad" classname="com.cardatechnologies.utils.validators.abaroutevalidator.Test_AbaRouteValidator_05" time="0"/>
  <testcase name="testAbaNumberCheck_8463_good" classname="com.cardatechnologies.utils.validators.abaroutevalidator.Test_AbaRouteValidator_05" time="0"/>
  <testcase name="testAbaNumberCheck_7523_good" classname="com.cardatechnologies.utils.validators.abaroutevalidator.Test_AbaRouteValidator_05" time="0"/>
  <testcase name="testAbaNumberCheck_9604_bad" classname="com.cardatechnologies.utils.validators.abaroutevalidator.Test_AbaRouteValidator_05" time="0"/>
  <testcase name="testAbaNumberCheck_8340_bad" classname="com.cardatechnologies.utils.validators.abaroutevalidator.Test_AbaRouteValidator_05" time="0"/>
  <testcase name="testAbaNumberCheck_9154_bad" classname="com.cardatechnologies.utils.validators.abaroutevalidator.Test_AbaRouteValidator_05" time="0"/>
  <testcase name="testAbaNumberCheck_9606_bad" classname="com.cardatechnologies.utils.validators.abaroutevalidator.Test_AbaRouteValidator_05" time="0"/>
  <testcase name="testAbaNumberCheck_8342_bad" classname="com.cardatechnologies.utils.validators.abaroutevalidator.Test_AbaRouteValidator_05" time="0"/>
  <testcase name="testAbaNumberCheck_9156_bad" classname="com.cardatechnologies.utils.validators.abaroutevalidator.Test_AbaRouteValidator_05" time="0"/>
  <testcase name="testAbaNumberCheck_9277_good" classname="com.cardatechnologies.utils.validators.abaroutevalidator.Test_AbaRouteValidator_05" time="0.001"/>
  <testcase name="testAbaNumberCheck_8337_good" classname="com.cardatechnologies.utils.validators.abaroutevalidator.Test_AbaRouteValidator_05" time="0"/>
  <testcase name="testAbaNumberCheck_9608_bad" classname="com.cardatechnologies.utils.validators.abaroutevalidator.Test_AbaRouteValidator_05" time="0"/>
  <testcase name="testAbaNumberCheck_7530_bad" classname="com.cardatechnologies.utils.validators.abaroutevalidator.Test_AbaRouteValidator_05" time="0"/>
  <testcase name="testAbaNumberCheck_8344_bad" classname="com.cardatechnologies.utils.validators.abaroutevalidator.Test_AbaRouteValidator_05" time="0"/>
  <testcase name="testAbaNumberCheck_9158_bad" classname="com.cardatechnologies.utils.validators.abaroutevalidator.Test_AbaRouteValidator_05" time="0"/>
  <testcase name="testAbaNumberCheck_9935_good" classname="com.cardatechnologies.utils.validators.abaroutevalidator.Test_AbaRouteValidator_05" time="0"/>
  <testcase name="testAbaNumberCheck_7532_bad" classname="com.cardatechnologies.utils.validators.abaroutevalidator.Test_AbaRouteValidator_05" time="0"/>
  <testcase name="testAbaNumberCheck_8346_bad" classname="com.cardatechnologies.utils.validators.abaroutevalidator.Test_AbaRouteValidator_05" time="0"/>
  <testcase name="testAbaNumberCheck_7534_bad" classname="com.cardatechnologies.utils.validators.abaroutevalidator.Test_AbaRouteValidator_05" time="0"/>
  <testcase name="testAbaNumberCheck_8348_bad" classname="com.cardatechnologies.utils.validators.abaroutevalidator.Test_AbaRouteValidator_05" time="0"/>
  <testcase name="testAbaNumberCheck_9809_good" classname="com.cardatechnologies.utils.validators.abaroutevalidator.Test_AbaRouteValidator_05" time="0"/>
  <testcase name="testAbaNumberCheck_7536_bad" classname="com.cardatechnologies.utils.validators.abaroutevalidator.Test_AbaRouteValidator_05" time="0"/>
  <testcase name="testAbaNumberCheck_8175_good" classname="com.cardatechnologies.utils.validators.abaroutevalidator.Test_AbaRouteValidator_05" time="0"/>
  <testcase name="testAbaNumberCheck_7538_bad" classname="com.cardatechnologies.utils.validators.abaroutevalidator.Test_AbaRouteValidator_05" time="0"/>
  <testcase name="testAbaNumberCheck_9773_good" classname="com.cardatechnologies.utils.validators.abaroutevalidator.Test_AbaRouteValidator_05" time="0"/>
  <testcase name="testAbaNumberCheck_8833_good" classname="com.cardatechnologies.utils.validators.abaroutevalidator.Test_AbaRouteValidator_05" time="0"/>
  <testcase name="testAbaNumberCheck_8049_good" classname="com.cardatechnologies.utils.validators.abaroutevalidator.Test_AbaRouteValidator_05" time="0"/>
  <testcase name="testAbaNumberCheck_9647_good" classname="com.cardatechnologies.utils.validators.abaroutevalidator.Test_AbaRouteValidator_05" time="0"/>
  <testcase name="testAbaNumberCheck_8707_good" classname="com.cardatechnologies.utils.validators.abaroutevalidator.Test_AbaRouteValidator_05" time="0"/>
  <testcase name="testAbaNumberCheck_8671_good" classname="com.cardatechnologies.utils.validators.abaroutevalidator.Test_AbaRouteValidator_05" time="0"/>
  <testcase name="testAbaNumberCheck_7731_good" classname="com.cardatechnologies.utils.validators.abaroutevalidator.Test_AbaRouteValidator_05" time="0"/>
  <testcase name="testAbaNumberCheck_9485_good" classname="com.cardatechnologies.utils.validators.abaroutevalidator.Test_AbaRouteValidator_05" time="0"/>
  <testcase name="testAbaNumberCheck_8545_good" classname="com.cardatechnologies.utils.validators.abaroutevalidator.Test_AbaRouteValidator_05" time="0"/>
  <testcase name="testAbaNumberCheck_7605_good" classname="com.cardatechnologies.utils.validators.abaroutevalidator.Test_AbaRouteValidator_05" time="0"/>
  <testcase name="testAbaNumberCheck_9610_bad" classname="com.cardatechnologies.utils.validators.abaroutevalidator.Test_AbaRouteValidator_05" time="0"/>
  <testcase name="testAbaNumberCheck_9160_bad" classname="com.cardatechnologies.utils.validators.abaroutevalidator.Test_AbaRouteValidator_05" time="0"/>
  <testcase name="testAbaNumberCheck_9612_bad" classname="com.cardatechnologies.utils.validators.abaroutevalidator.Test_AbaRouteValidator_05" time="0"/>
  <testcase name="testAbaNumberCheck_9162_bad" classname="com.cardatechnologies.utils.validators.abaroutevalidator.Test_AbaRouteValidator_05" time="0"/>
  <testcase name="testAbaNumberCheck_9359_good" classname="com.cardatechnologies.utils.validators.abaroutevalidator.Test_AbaRouteValidator_05" time="0"/>
  <testcase name="testAbaNumberCheck_8419_good" classname="com.cardatechnologies.utils.validators.abaroutevalidator.Test_AbaRouteValidator_05" time="0"/>
  <testcase name="testAbaNumberCheck_8800_bad" classname="com.cardatechnologies.utils.validators.abaroutevalidator.Test_AbaRouteValidator_05" time="0"/>
  <testcase name="testAbaNumberCheck_9614_bad" classname="com.cardatechnologies.utils.validators.abaroutevalidator.Test_AbaRouteValidator_05" time="0"/>
  <testcase name="testAbaNumberCheck_8350_bad" classname="com.cardatechnologies.utils.validators.abaroutevalidator.Test_AbaRouteValidator_05" time="0"/>
  <testcase name="testAbaNumberCheck_9164_bad" classname="com.cardatechnologies.utils.validators.abaroutevalidator.Test_AbaRouteValidator_05" time="0"/>
  <testcase name="testAbaNumberCheck_8802_bad" classname="com.cardatechnologies.utils.validators.abaroutevalidator.Test_AbaRouteValidator_05" time="0"/>
  <testcase name="testAbaNumberCheck_9616_bad" classname="com.cardatechnologies.utils.validators.abaroutevalidator.Test_AbaRouteValidator_05" time="0"/>
  <testcase name="testAbaNumberCheck_8352_bad" classname="com.cardatechnologies.utils.validators.abaroutevalidator.Test_AbaRouteValidator_05" time="0"/>
  <testcase name="testAbaNumberCheck_9166_bad" classname="com.cardatechnologies.utils.validators.abaroutevalidator.Test_AbaRouteValidator_05" time="0"/>
  <testcase name="testAbaNumberCheck_8383_good" classname="com.cardatechnologies.utils.validators.abaroutevalidator.Test_AbaRouteValidator_05" time="0"/>
  <testcase name="testAbaNumberCheck_8804_bad" classname="com.cardatechnologies.utils.validators.abaroutevalidator.Test_AbaRouteValidator_05" time="0"/>
  <testcase name="testAbaNumberCheck_9618_bad" classname="com.cardatechnologies.utils.validators.abaroutevalidator.Test_AbaRouteValidator_05" time="0"/>
  <testcase name="testAbaNumberCheck_7540_bad" classname="com.cardatechnologies.utils.validators.abaroutevalidator.Test_AbaRouteValidator_05" time="0.001"/>
  <testcase name="testAbaNumberCheck_8354_bad" classname="com.cardatechnologies.utils.validators.abaroutevalidator.Test_AbaRouteValidator_05" time="0"/>
  <testcase name="testAbaNumberCheck_9168_bad" classname="com.cardatechnologies.utils.validators.abaroutevalidator.Test_AbaRouteValidator_05" time="0"/>
  <testcase name="testAbaNumberCheck_9981_good" classname="com.cardatechnologies.utils.validators.abaroutevalidator.Test_AbaRouteValidator_05" time="0"/>
  <testcase name="testAbaNumberCheck_8806_bad" classname="com.cardatechnologies.utils.validators.abaroutevalidator.Test_AbaRouteValidator_05" time="0"/>
  <testcase name="testAbaNumberCheck_7542_bad" classname="com.cardatechnologies.utils.validators.abaroutevalidator.Test_AbaRouteValidator_05" time="0"/>
  <testcase name="testAbaNumberCheck_8356_bad" classname="com.cardatechnologies.utils.validators.abaroutevalidator.Test_AbaRouteValidator_05" time="0"/>
  <testcase name="testAbaNumberCheck_9197_good" classname="com.cardatechnologies.utils.validators.abaroutevalidator.Test_AbaRouteValidator_05" time="0"/>
  <testcase name="testAbaNumberCheck_8257_good" classname="com.cardatechnologies.utils.validators.abaroutevalidator.Test_AbaRouteValidator_05" time="0"/>
  <testcase name="testAbaNumberCheck_8808_bad" classname="com.cardatechnologies.utils.validators.abaroutevalidator.Test_AbaRouteValidator_05" time="0"/>
  <testcase name="testAbaNumberCheck_7544_bad" classname="com.cardatechnologies.utils.validators.abaroutevalidator.Test_AbaRouteValidator_05" time="0"/>
  <testcase name="testAbaNumberCheck_8358_bad" classname="com.cardatechnologies.utils.validators.abaroutevalidator.Test_AbaRouteValidator_05" time="0"/>
  <testcase name="testAbaNumberCheck_9855_good" classname="com.cardatechnologies.utils.validators.abaroutevalidator.Test_AbaRouteValidator_05" time="0"/>
  <testcase name="testAbaNumberCheck_8915_good" classname="com.cardatechnologies.utils.validators.abaroutevalidator.Test_AbaRouteValidator_05" time="0"/>
  <testcase name="testAbaNumberCheck_7546_bad" classname="com.cardatechnologies.utils.validators.abaroutevalidator.Test_AbaRouteValidator_05" time="0"/>
  <testcase name="testAbaNumberCheck_7548_bad" classname="com.cardatechnologies.utils.validators.abaroutevalidator.Test_AbaRouteValidator_05" time="0"/>
  <testcase name="testAbaNumberCheck_9729_good" classname="com.cardatechnologies.utils.validators.abaroutevalidator.Test_AbaRouteValidator_05" time="0"/>
  <testcase name="testAbaNumberCheck_8095_good" classname="com.cardatechnologies.utils.validators.abaroutevalidator.Test_AbaRouteValidator_05" time="0"/>
  <testcase name="testAbaNumberCheck_9693_good" classname="com.cardatechnologies.utils.validators.abaroutevalidator.Test_AbaRouteValidator_05" time="0"/>
  <testcase name="testAbaNumberCheck_8753_good" classname="com.cardatechnologies.utils.validators.abaroutevalidator.Test_AbaRouteValidator_05" time="0"/>
  <testcase name="testAbaNumberCheck_7813_good" classname="com.cardatechnologies.utils.validators.abaroutevalidator.Test_AbaRouteValidator_05" time="0"/>
  <testcase name="testAbaNumberCheck_9567_good" classname="com.cardatechnologies.utils.validators.abaroutevalidator.Test_AbaRouteValidator_05" time="0.001"/>
  <testcase name="testAbaNumberCheck_8627_good" classname="com.cardatechnologies.utils.validators.abaroutevalidator.Test_AbaRouteValidator_05" time="0"/>
  <testcase name="testAbaNumberCheck_8591_good" classname="com.cardatechnologies.utils.validators.abaroutevalidator.Test_AbaRouteValidator_05" time="0"/>
  <testcase name="testAbaNumberCheck_7651_good" classname="com.cardatechnologies.utils.validators.abaroutevalidator.Test_AbaRouteValidator_05" time="0"/>
  <testcase name="testAbaNumberCheck_9620_bad" classname="com.cardatechnologies.utils.validators.abaroutevalidator.Test_AbaRouteValidator_05" time="0"/>
  <testcase name="testAbaNumberCheck_9170_bad" classname="com.cardatechnologies.utils.validators.abaroutevalidator.Test_AbaRouteValidator_05" time="0"/>
  <testcase name="testAbaNumberCheck_9622_bad" classname="com.cardatechnologies.utils.validators.abaroutevalidator.Test_AbaRouteValidator_05" time="0"/>
  <testcase name="testAbaNumberCheck_9172_bad" classname="com.cardatechnologies.utils.validators.abaroutevalidator.Test_AbaRouteValidator_05" time="0"/>
  <testcase name="testAbaNumberCheck_8465_good" classname="com.cardatechnologies.utils.validators.abaroutevalidator.Test_AbaRouteValidator_05" time="0"/>
  <testcase name="testAbaNumberCheck_7525_good" classname="com.cardatechnologies.utils.validators.abaroutevalidator.Test_AbaRouteValidator_05" time="0"/>
  <testcase name="testAbaNumberCheck_8810_bad" classname="com.cardatechnologies.utils.validators.abaroutevalidator.Test_AbaRouteValidator_05" time="0"/>
  <testcase name="testAbaNumberCheck_9624_bad" classname="com.cardatechnologies.utils.validators.abaroutevalidator.Test_AbaRouteValidator_05" time="0"/>
  <testcase name="testAbaNumberCheck_8360_bad" classname="com.cardatechnologies.utils.validators.abaroutevalidator.Test_AbaRouteValidator_05" time="0"/>
  <testcase name="testAbaNumberCheck_9174_bad" classname="com.cardatechnologies.utils.validators.abaroutevalidator.Test_AbaRouteValidator_05" time="0"/>
  <testcase name="testAbaNumberCheck_8812_bad" classname="com.cardatechnologies.utils.validators.abaroutevalidator.Test_AbaRouteValidator_05" time="0"/>
  <testcase name="testAbaNumberCheck_9626_bad" classname="com.cardatechnologies.utils.validators.abaroutevalidator.Test_AbaRouteValidator_05" time="0"/>
  <testcase name="testAbaNumberCheck_8362_bad" classname="com.cardatechnologies.utils.validators.abaroutevalidator.Test_AbaRouteValidator_05" time="0"/>
  <testcase name="testAbaNumberCheck_9176_bad" classname="com.cardatechnologies.utils.validators.abaroutevalidator.Test_AbaRouteValidator_05" time="0"/>
  <testcase name="testAbaNumberCheck_9279_good" classname="com.cardatechnologies.utils.validators.abaroutevalidator.Test_AbaRouteValidator_05" time="0"/>
  <testcase name="testAbaNumberCheck_8339_good" classname="com.cardatechnologies.utils.validators.abaroutevalidator.Test_AbaRouteValidator_05" time="0"/>
  <testcase name="testAbaNumberCheck_8814_bad" classname="com.cardatechnologies.utils.validators.abaroutevalidator.Test_AbaRouteValidator_05" time="0"/>
  <testcase name="testAbaNumberCheck_9628_bad" classname="com.cardatechnologies.utils.validators.abaroutevalidator.Test_AbaRouteValidator_05" time="0"/>
  <testcase name="testAbaNumberCheck_7550_bad" classname="com.cardatechnologies.utils.validators.abaroutevalidator.Test_AbaRouteValidator_05" time="0"/>
  <testcase name="testAbaNumberCheck_8364_bad" classname="com.cardatechnologies.utils.validators.abaroutevalidator.Test_AbaRouteValidator_05" time="0"/>
  <testcase name="testAbaNumberCheck_9178_bad" classname="com.cardatechnologies.utils.validators.abaroutevalidator.Test_AbaRouteValidator_05" time="0.001"/>
  <testcase name="testAbaNumberCheck_9937_good" classname="com.cardatechnologies.utils.validators.abaroutevalidator.Test_AbaRouteValidator_05" time="0"/>
  <testcase name="testAbaNumberCheck_8816_bad" classname="com.cardatechnologies.utils.validators.abaroutevalidator.Test_AbaRouteValidator_05" time="0"/>
  <testcase name="testAbaNumberCheck_7552_bad" classname="com.cardatechnologies.utils.validators.abaroutevalidator.Test_AbaRouteValidator_05" time="0"/>
  <testcase name="testAbaNumberCheck_8366_bad" classname="com.cardatechnologies.utils.validators.abaroutevalidator.Test_AbaRouteValidator_05" time="0"/>
  <testcase name="testAbaNumberCheck_8818_bad" classname="com.cardatechnologies.utils.validators.abaroutevalidator.Test_AbaRouteValidator_05" time="0"/>
  <testcase name="testAbaNumberCheck_7554_bad" classname="com.cardatechnologies.utils.validators.abaroutevalidator.Test_AbaRouteValidator_05" time="0"/>
  <testcase name="testAbaNumberCheck_8368_bad" classname="com.cardatechnologies.utils.validators.abaroutevalidator.Test_AbaRouteValidator_05" time="0"/>
  <testcase name="testAbaNumberCheck_8961_good" classname="com.cardatechnologies.utils.validators.abaroutevalidator.Test_AbaRouteValidator_05" time="0"/>
  <testcase name="testAbaNumberCheck_7556_bad" classname="com.cardatechnologies.utils.validators.abaroutevalidator.Test_AbaRouteValidator_05" time="0"/>
  <testcase name="testAbaNumberCheck_8177_good" classname="com.cardatechnologies.utils.validators.abaroutevalidator.Test_AbaRouteValidator_05" time="0"/>
  <testcase name="testAbaNumberCheck_7558_bad" classname="com.cardatechnologies.utils.validators.abaroutevalidator.Test_AbaRouteValidator_05" time="0"/>
  <testcase name="testAbaNumberCheck_9775_good" classname="com.cardatechnologies.utils.validators.abaroutevalidator.Test_AbaRouteValidator_05" time="0"/>
  <testcase name="testAbaNumberCheck_8835_good" classname="com.cardatechnologies.utils.validators.abaroutevalidator.Test_AbaRouteValidator_05" time="0"/>
  <testcase name="testAbaNumberCheck_9649_good" classname="com.cardatechnologies.utils.validators.abaroutevalidator.Test_AbaRouteValidator_05" time="0"/>
  <testcase name="testAbaNumberCheck_8709_good" classname="com.cardatechnologies.utils.validators.abaroutevalidator.Test_AbaRouteValidator_05" time="0"/>
  <testcase name="testAbaNumberCheck_8673_good" classname="com.cardatechnologies.utils.validators.abaroutevalidator.Test_AbaRouteValidator_05" time="0"/>
  <testcase name="testAbaNumberCheck_7733_good" classname="com.cardatechnologies.utils.validators.abaroutevalidator.Test_AbaRouteValidator_05" time="0"/>
  <testcase name="testAbaNumberCheck_9487_good" classname="com.cardatechnologies.utils.validators.abaroutevalidator.Test_AbaRouteValidator_05" time="0"/>
  <testcase name="testAbaNumberCheck_8547_good" classname="com.cardatechnologies.utils.validators.abaroutevalidator.Test_AbaRouteValidator_05" time="0"/>
  <testcase name="testAbaNumberCheck_7607_good" classname="com.cardatechnologies.utils.validators.abaroutevalidator.Test_AbaRouteValidator_05" time="0"/>
  <testcase name="testAbaNumberCheck_9630_bad" classname="com.cardatechnologies.utils.validators.abaroutevalidator.Test_AbaRouteValidator_05" time="0"/>
  <testcase name="testAbaNumberCheck_9180_bad" classname="com.cardatechnologies.utils.validators.abaroutevalidator.Test_AbaRouteValidator_05" time="0"/>
  <testcase name="testAbaNumberCheck_9632_bad" classname="com.cardatechnologies.utils.validators.abaroutevalidator.Test_AbaRouteValidator_05" time="0.001"/>
  <testcase name="testAbaNumberCheck_7571_good" classname="com.cardatechnologies.utils.validators.abaroutevalidator.Test_AbaRouteValidator_05" time="0"/>
  <testcase name="testAbaNumberCheck_9182_bad" classname="com.cardatechnologies.utils.validators.abaroutevalidator.Test_AbaRouteValidator_05" time="0"/>
  <testcase name="testAbaNumberCheck_8820_bad" classname="com.cardatechnologies.utils.validators.abaroutevalidator.Test_AbaRouteValidator_05" time="0"/>
  <testcase name="testAbaNumberCheck_9634_bad" classname="com.cardatechnologies.utils.validators.abaroutevalidator.Test_AbaRouteValidator_05" time="0"/>
  <testcase name="testAbaNumberCheck_8370_bad" classname="com.cardatechnologies.utils.validators.abaroutevalidator.Test_AbaRouteValidator_05" time="0"/>
  <testcase name="testAbaNumberCheck_9184_bad" classname="com.cardatechnologies.utils.validators.abaroutevalidator.Test_AbaRouteValidator_05" time="0"/>
  <testcase name="testAbaNumberCheck_8822_bad" classname="com.cardatechnologies.utils.validators.abaroutevalidator.Test_AbaRouteValidator_05" time="0"/>
  <testcase name="testAbaNumberCheck_9636_bad" classname="com.cardatechnologies.utils.validators.abaroutevalidator.Test_AbaRouteValidator_05" time="0"/>
  <testcase name="testAbaNumberCheck_8372_bad" classname="com.cardatechnologies.utils.validators.abaroutevalidator.Test_AbaRouteValidator_05" time="0"/>
  <testcase name="testAbaNumberCheck_9186_bad" classname="com.cardatechnologies.utils.validators.abaroutevalidator.Test_AbaRouteValidator_05" time="0"/>
  <testcase name="testAbaNumberCheck_8385_good" classname="com.cardatechnologies.utils.validators.abaroutevalidator.Test_AbaRouteValidator_05" time="0"/>
  <testcase name="testAbaNumberCheck_8824_bad" classname="com.cardatechnologies.utils.validators.abaroutevalidator.Test_AbaRouteValidator_05" time="0"/>
  <testcase name="testAbaNumberCheck_9638_bad" classname="com.cardatechnologies.utils.validators.abaroutevalidator.Test_AbaRouteValidator_05" time="0"/>
  <testcase name="testAbaNumberCheck_7560_bad" classname="com.cardatechnologies.utils.validators.abaroutevalidator.Test_AbaRouteValidator_05" time="0"/>
  <testcase name="testAbaNumberCheck_8374_bad" classname="com.cardatechnologies.utils.validators.abaroutevalidator.Test_AbaRouteValidator_05" time="0"/>
  <testcase name="testAbaNumberCheck_9188_bad" classname="com.cardatechnologies.utils.validators.abaroutevalidator.Test_AbaRouteValidator_05" time="0"/>
  <testcase name="testAbaNumberCheck_9983_good" classname="com.cardatechnologies.utils.validators.abaroutevalidator.Test_AbaRouteValidator_05" time="0"/>
  <testcase name="testAbaNumberCheck_8826_bad" classname="com.cardatechnologies.utils.validators.abaroutevalidator.Test_AbaRouteValidator_05" time="0"/>
  <testcase name="testAbaNumberCheck_7562_bad" classname="com.cardatechnologies.utils.validators.abaroutevalidator.Test_AbaRouteValidator_05" time="0"/>
  <testcase name="testAbaNumberCheck_8376_bad" classname="com.cardatechnologies.utils.validators.abaroutevalidator.Test_AbaRouteValidator_05" time="0"/>
  <testcase name="testAbaNumberCheck_9199_good" classname="com.cardatechnologies.utils.validators.abaroutevalidator.Test_AbaRouteValidator_05" time="0"/>
  <testcase name="testAbaNumberCheck_8259_good" classname="com.cardatechnologies.utils.validators.abaroutevalidator.Test_AbaRouteValidator_05" time="0.001"/>
  <testcase name="testAbaNumberCheck_8828_bad" classname="com.cardatechnologies.utils.validators.abaroutevalidator.Test_AbaRouteValidator_05" time="0"/>
  <testcase name="testAbaNumberCheck_7564_bad" classname="com.cardatechnologies.utils.validators.abaroutevalidator.Test_AbaRouteValidator_05" time="0"/>
  <testcase name="testAbaNumberCheck_8378_bad" classname="com.cardatechnologies.utils.validators.abaroutevalidator.Test_AbaRouteValidator_05" time="0"/>
  <testcase name="testAbaNumberCheck_9857_good" classname="com.cardatechnologies.utils.validators.abaroutevalidator.Test_AbaRouteValidator_05" time="0"/>
  <testcase name="testAbaNumberCheck_8917_good" classname="com.cardatechnologies.utils.validators.abaroutevalidator.Test_AbaRouteValidator_05" time="0"/>
  <testcase name="testAbaNumberCheck_7566_bad" classname="com.cardatechnologies.utils.validators.abaroutevalidator.Test_AbaRouteValidator_05" time="0"/>
  <testcase name="testAbaNumberCheck_7568_bad" classname="com.cardatechnologies.utils.validators.abaroutevalidator.Test_AbaRouteValidator_05" time="0"/>
  <testcase name="testAbaNumberCheck_8881_good" classname="com.cardatechnologies.utils.validators.abaroutevalidator.Test_AbaRouteValidator_05" time="0"/>
  <testcase name="testAbaNumberCheck_7941_good" classname="com.cardatechnologies.utils.validators.abaroutevalidator.Test_AbaRouteValidator_05" time="0"/>
  <testcase name="testAbaNumberCheck_8097_good" classname="com.cardatechnologies.utils.validators.abaroutevalidator.Test_AbaRouteValidator_05" time="0"/>
  <testcase name="testAbaNumberCheck_9695_good" classname="com.cardatechnologies.utils.validators.abaroutevalidator.Test_AbaRouteValidator_05" time="0"/>
  <testcase name="testAbaNumberCheck_8755_good" classname="com.cardatechnologies.utils.validators.abaroutevalidator.Test_AbaRouteValidator_05" time="0"/>
  <testcase name="testAbaNumberCheck_7815_good" classname="com.cardatechnologies.utils.validators.abaroutevalidator.Test_AbaRouteValidator_05" time="0"/>
  <testcase name="testAbaNumberCheck_9569_good" classname="com.cardatechnologies.utils.validators.abaroutevalidator.Test_AbaRouteValidator_05" time="0"/>
  <testcase name="testAbaNumberCheck_8629_good" classname="com.cardatechnologies.utils.validators.abaroutevalidator.Test_AbaRouteValidator_05" time="0"/>
  <testcase name="testAbaNumberCheck_8593_good" classname="com.cardatechnologies.utils.validators.abaroutevalidator.Test_AbaRouteValidator_05" time="0"/>
  <testcase name="testAbaNumberCheck_7653_good" classname="com.cardatechnologies.utils.validators.abaroutevalidator.Test_AbaRouteValidator_05" time="0"/>
  <testcase name="testAbaNumberCheck_9640_bad" classname="com.cardatechnologies.utils.validators.abaroutevalidator.Test_AbaRouteValidator_05" time="0"/>
  <testcase name="testAbaNumberCheck_9190_bad" classname="com.cardatechnologies.utils.validators.abaroutevalidator.Test_AbaRouteValidator_05" time="0"/>
  <testcase name="testAbaNumberCheck_9642_bad" classname="com.cardatechnologies.utils.validators.abaroutevalidator.Test_AbaRouteValidator_05" time="0"/>
  <testcase name="testAbaNumberCheck_9192_bad" classname="com.cardatechnologies.utils.validators.abaroutevalidator.Test_AbaRouteValidator_05" time="0"/>
  <testcase name="testAbaNumberCheck_8467_good" classname="com.cardatechnologies.utils.validators.abaroutevalidator.Test_AbaRouteValidator_05" time="0"/>
  <testcase name="testAbaNumberCheck_7527_good" classname="com.cardatechnologies.utils.validators.abaroutevalidator.Test_AbaRouteValidator_05" time="0.001"/>
  <testcase name="testAbaNumberCheck_8830_bad" classname="com.cardatechnologies.utils.validators.abaroutevalidator.Test_AbaRouteValidator_05" time="0"/>
  <testcase name="testAbaNumberCheck_9644_bad" classname="com.cardatechnologies.utils.validators.abaroutevalidator.Test_AbaRouteValidator_05" time="0"/>
  <testcase name="testAbaNumberCheck_8380_bad" classname="com.cardatechnologies.utils.validators.abaroutevalidator.Test_AbaRouteValidator_05" time="0"/>
  <testcase name="testAbaNumberCheck_9194_bad" classname="com.cardatechnologies.utils.validators.abaroutevalidator.Test_AbaRouteValidator_05" time="0"/>
  <testcase name="testAbaNumberCheck_8832_bad" classname="com.cardatechnologies.utils.validators.abaroutevalidator.Test_AbaRouteValidator_05" time="0"/>
  <testcase name="testAbaNumberCheck_9646_bad" classname="com.cardatechnologies.utils.validators.abaroutevalidator.Test_AbaRouteValidator_05" time="0"/>
  <testcase name="testAbaNumberCheck_8382_bad" classname="com.cardatechnologies.utils.validators.abaroutevalidator.Test_AbaRouteValidator_05" time="0"/>
  <testcase name="testAbaNumberCheck_9196_bad" classname="com.cardatechnologies.utils.validators.abaroutevalidator.Test_AbaRouteValidator_05" time="0"/>
  <testcase name="testAbaNumberCheck_8834_bad" classname="com.cardatechnologies.utils.validators.abaroutevalidator.Test_AbaRouteValidator_05" time="0"/>
  <testcase name="testAbaNumberCheck_9648_bad" classname="com.cardatechnologies.utils.validators.abaroutevalidator.Test_AbaRouteValidator_05" time="0"/>
  <testcase name="testAbaNumberCheck_7570_bad" classname="com.cardatechnologies.utils.validators.abaroutevalidator.Test_AbaRouteValidator_05" time="0"/>
  <testcase name="testAbaNumberCheck_8384_bad" classname="com.cardatechnologies.utils.validators.abaroutevalidator.Test_AbaRouteValidator_05" time="0"/>
  <testcase name="testAbaNumberCheck_9198_bad" classname="com.cardatechnologies.utils.validators.abaroutevalidator.Test_AbaRouteValidator_05" time="0"/>
  <testcase name="testAbaNumberCheck_9939_good" classname="com.cardatechnologies.utils.validators.abaroutevalidator.Test_AbaRouteValidator_05" time="0"/>
  <testcase name="testAbaNumberCheck_8836_bad" classname="com.cardatechnologies.utils.validators.abaroutevalidator.Test_AbaRouteValidator_05" time="0"/>
  <testcase name="testAbaNumberCheck_7572_bad" classname="com.cardatechnologies.utils.validators.abaroutevalidator.Test_AbaRouteValidator_05" time="0"/>
  <testcase name="testAbaNumberCheck_8386_bad" classname="com.cardatechnologies.utils.validators.abaroutevalidator.Test_AbaRouteValidator_05" time="0"/>
  <testcase name="testAbaNumberCheck_8838_bad" classname="com.cardatechnologies.utils.validators.abaroutevalidator.Test_AbaRouteValidator_05" time="0.001"/>
  <testcase name="testAbaNumberCheck_7574_bad" classname="com.cardatechnologies.utils.validators.abaroutevalidator.Test_AbaRouteValidator_05" time="0"/>
  <testcase name="testAbaNumberCheck_8388_bad" classname="com.cardatechnologies.utils.validators.abaroutevalidator.Test_AbaRouteValidator_05" time="0"/>
  <testcase name="testAbaNumberCheck_8963_good" classname="com.cardatechnologies.utils.validators.abaroutevalidator.Test_AbaRouteValidator_05" time="0"/>
  <testcase name="testAbaNumberCheck_7576_bad" classname="com.cardatechnologies.utils.validators.abaroutevalidator.Test_AbaRouteValidator_05" time="0"/>
  <testcase name="testAbaNumberCheck_8179_good" classname="com.cardatechnologies.utils.validators.abaroutevalidator.Test_AbaRouteValidator_05" time="0"/>
  <testcase name="testAbaNumberCheck_7578_bad" classname="com.cardatechnologies.utils.validators.abaroutevalidator.Test_AbaRouteValidator_05" time="0"/>
  <testcase name="testAbaNumberCheck_9777_good" classname="com.cardatechnologies.utils.validators.abaroutevalidator.Test_AbaRouteValidator_05" time="0"/>
  <testcase name="testAbaNumberCheck_8837_good" classname="com.cardatechnologies.utils.validators.abaroutevalidator.Test_AbaRouteValidator_05" time="0"/>
  <testcase name="testAbaNumberCheck_7861_good" classname="com.cardatechnologies.utils.validators.abaroutevalidator.Test_AbaRouteValidator_05" time="0"/>
  <testcase name="testAbaNumberCheck_8675_good" classname="com.cardatechnologies.utils.validators.abaroutevalidator.Test_AbaRouteValidator_05" time="0"/>
  <testcase name="testAbaNumberCheck_7735_good" classname="com.cardatechnologies.utils.validators.abaroutevalidator.Test_AbaRouteValidator_05" time="0"/>
  <testcase name="testAbaNumberCheck_9489_good" classname="com.cardatechnologies.utils.validators.abaroutevalidator.Test_AbaRouteValidator_05" time="0"/>
  <testcase name="testAbaNumberCheck_8549_good" classname="com.cardatechnologies.utils.validators.abaroutevalidator.Test_AbaRouteValidator_05" time="0"/>
  <testcase name="testAbaNumberCheck_7609_good" classname="com.cardatechnologies.utils.validators.abaroutevalidator.Test_AbaRouteValidator_05" time="0"/>
  <testcase name="testAbaNumberCheck_9650_bad" classname="com.cardatechnologies.utils.validators.abaroutevalidator.Test_AbaRouteValidator_05" time="0"/>
  <testcase name="testAbaNumberCheck_9652_bad" classname="com.cardatechnologies.utils.validators.abaroutevalidator.Test_AbaRouteValidator_05" time="0"/>
  <testcase name="testAbaNumberCheck_7573_good" classname="com.cardatechnologies.utils.validators.abaroutevalidator.Test_AbaRouteValidator_05" time="0"/>
  <testcase name="testAbaNumberCheck_8840_bad" classname="com.cardatechnologies.utils.validators.abaroutevalidator.Test_AbaRouteValidator_05" time="0"/>
  <testcase name="testAbaNumberCheck_9654_bad" classname="com.cardatechnologies.utils.validators.abaroutevalidator.Test_AbaRouteValidator_05" time="0"/>
  <testcase name="testAbaNumberCheck_8390_bad" classname="com.cardatechnologies.utils.validators.abaroutevalidator.Test_AbaRouteValidator_05" time="0"/>
  <testcase name="testAbaNumberCheck_8842_bad" classname="com.cardatechnologies.utils.validators.abaroutevalidator.Test_AbaRouteValidator_05" time="0"/>
  <testcase name="testAbaNumberCheck_9656_bad" classname="com.cardatechnologies.utils.validators.abaroutevalidator.Test_AbaRouteValidator_05" time="0"/>
  <testcase name="testAbaNumberCheck_8392_bad" classname="com.cardatechnologies.utils.validators.abaroutevalidator.Test_AbaRouteValidator_05" time="0"/>
  <testcase name="testAbaNumberCheck_8387_good" classname="com.cardatechnologies.utils.validators.abaroutevalidator.Test_AbaRouteValidator_05" time="0"/>
  <testcase name="testAbaNumberCheck_8844_bad" classname="com.cardatechnologies.utils.validators.abaroutevalidator.Test_AbaRouteValidator_05" time="0"/>
  <testcase name="testAbaNumberCheck_9658_bad" classname="com.cardatechnologies.utils.validators.abaroutevalidator.Test_AbaRouteValidator_05" time="0"/>
  <testcase name="testAbaNumberCheck_7580_bad" classname="com.cardatechnologies.utils.validators.abaroutevalidator.Test_AbaRouteValidator_05" time="0"/>
  <testcase name="testAbaNumberCheck_8394_bad" classname="com.cardatechnologies.utils.validators.abaroutevalidator.Test_AbaRouteValidator_05" time="0"/>
  <testcase name="testAbaNumberCheck_9985_good" classname="com.cardatechnologies.utils.validators.abaroutevalidator.Test_AbaRouteValidator_05" time="0"/>
  <testcase name="testAbaNumberCheck_8846_bad" classname="com.cardatechnologies.utils.validators.abaroutevalidator.Test_AbaRouteValidator_05" time="0"/>
  <testcase name="testAbaNumberCheck_7582_bad" classname="com.cardatechnologies.utils.validators.abaroutevalidator.Test_AbaRouteValidator_05" time="0"/>
  <testcase name="testAbaNumberCheck_8396_bad" classname="com.cardatechnologies.utils.validators.abaroutevalidator.Test_AbaRouteValidator_05" time="0"/>
  <testcase name="testAbaNumberCheck_8848_bad" classname="com.cardatechnologies.utils.validators.abaroutevalidator.Test_AbaRouteValidator_05" time="0"/>
  <testcase name="testAbaNumberCheck_7584_bad" classname="com.cardatechnologies.utils.validators.abaroutevalidator.Test_AbaRouteValidator_05" time="0"/>
  <testcase name="testAbaNumberCheck_8398_bad" classname="com.cardatechnologies.utils.validators.abaroutevalidator.Test_AbaRouteValidator_05" time="0"/>
  <testcase name="testAbaNumberCheck_9859_good" classname="com.cardatechnologies.utils.validators.abaroutevalidator.Test_AbaRouteValidator_05" time="0"/>
  <testcase name="testAbaNumberCheck_8919_good" classname="com.cardatechnologies.utils.validators.abaroutevalidator.Test_AbaRouteValidator_05" time="0"/>
  <testcase name="testAbaNumberCheck_7586_bad" classname="com.cardatechnologies.utils.validators.abaroutevalidator.Test_AbaRouteValidator_05" time="0"/>
  <testcase name="testAbaNumberCheck_7588_bad" classname="com.cardatechnologies.utils.validators.abaroutevalidator.Test_AbaRouteValidator_05" time="0"/>
  <testcase name="testAbaNumberCheck_8883_good" classname="com.cardatechnologies.utils.validators.abaroutevalidator.Test_AbaRouteValidator_05" time="0"/>
  <testcase name="testAbaNumberCheck_7943_good" classname="com.cardatechnologies.utils.validators.abaroutevalidator.Test_AbaRouteValidator_05" time="0"/>
  <testcase name="testAbaNumberCheck_8099_good" classname="com.cardatechnologies.utils.validators.abaroutevalidator.Test_AbaRouteValidator_05" time="0"/>
  <testcase name="testAbaNumberCheck_9697_good" classname="com.cardatechnologies.utils.validators.abaroutevalidator.Test_AbaRouteValidator_05" time="0"/>
  <testcase name="testAbaNumberCheck_8757_good" classname="com.cardatechnologies.utils.validators.abaroutevalidator.Test_AbaRouteValidator_05" time="0"/>
  <testcase name="testAbaNumberCheck_7817_good" classname="com.cardatechnologies.utils.validators.abaroutevalidator.Test_AbaRouteValidator_05" time="0"/>
  <testcase name="testAbaNumberCheck_7781_good" classname="com.cardatechnologies.utils.validators.abaroutevalidator.Test_AbaRouteValidator_05" time="0"/>
  <testcase name="testAbaNumberCheck_8595_good" classname="com.cardatechnologies.utils.validators.abaroutevalidator.Test_AbaRouteValidator_05" time="0.001"/>
  <testcase name="testAbaNumberCheck_7655_good" classname="com.cardatechnologies.utils.validators.abaroutevalidator.Test_AbaRouteValidator_05" time="0"/>
  <testcase name="testAbaNumberCheck_9660_bad" classname="com.cardatechnologies.utils.validators.abaroutevalidator.Test_AbaRouteValidator_05" time="0"/>
  <testcase name="testAbaNumberCheck_9662_bad" classname="com.cardatechnologies.utils.validators.abaroutevalidator.Test_AbaRouteValidator_05" time="0"/>
  <testcase name="testAbaNumberCheck_8469_good" classname="com.cardatechnologies.utils.validators.abaroutevalidator.Test_AbaRouteValidator_05" time="0"/>
  <testcase name="testAbaNumberCheck_7529_good" classname="com.cardatechnologies.utils.validators.abaroutevalidator.Test_AbaRouteValidator_05" time="0"/>
  <testcase name="testAbaNumberCheck_8850_bad" classname="com.cardatechnologies.utils.validators.abaroutevalidator.Test_AbaRouteValidator_05" time="0"/>
  <testcase name="testAbaNumberCheck_9664_bad" classname="com.cardatechnologies.utils.validators.abaroutevalidator.Test_AbaRouteValidator_05" time="0"/>
  <testcase name="testAbaNumberCheck_8852_bad" classname="com.cardatechnologies.utils.validators.abaroutevalidator.Test_AbaRouteValidator_05" time="0"/>
  <testcase name="testAbaNumberCheck_9666_bad" classname="com.cardatechnologies.utils.validators.abaroutevalidator.Test_AbaRouteValidator_05" time="0"/>
  <testcase name="testAbaNumberCheck_8854_bad" classname="com.cardatechnologies.utils.validators.abaroutevalidator.Test_AbaRouteValidator_05" time="0"/>
  <testcase name="testAbaNumberCheck_9668_bad" classname="com.cardatechnologies.utils.validators.abaroutevalidator.Test_AbaRouteValidator_05" time="0"/>
  <testcase name="testAbaNumberCheck_7590_bad" classname="com.cardatechnologies.utils.validators.abaroutevalidator.Test_AbaRouteValidator_05" time="0"/>
  <testcase name="testAbaNumberCheck_8856_bad" classname="com.cardatechnologies.utils.validators.abaroutevalidator.Test_AbaRouteValidator_05" time="0"/>
  <testcase name="testAbaNumberCheck_7592_bad" classname="com.cardatechnologies.utils.validators.abaroutevalidator.Test_AbaRouteValidator_05" time="0"/>
  <testcase name="testAbaNumberCheck_8858_bad" classname="com.cardatechnologies.utils.validators.abaroutevalidator.Test_AbaRouteValidator_05" time="0"/>
  <testcase name="testAbaNumberCheck_7594_bad" classname="com.cardatechnologies.utils.validators.abaroutevalidator.Test_AbaRouteValidator_05" time="0"/>
  <testcase name="testAbaNumberCheck_8965_good" classname="com.cardatechnologies.utils.validators.abaroutevalidator.Test_AbaRouteValidator_05" time="0"/>
  <testcase name="testAbaNumberCheck_7596_bad" classname="com.cardatechnologies.utils.validators.abaroutevalidator.Test_AbaRouteValidator_05" time="0"/>
  <testcase name="testAbaNumberCheck_7598_bad" classname="com.cardatechnologies.utils.validators.abaroutevalidator.Test_AbaRouteValidator_05" time="0"/>
  <testcase name="testAbaNumberCheck_9779_good" classname="com.cardatechnologies.utils.validators.abaroutevalidator.Test_AbaRouteValidator_05" time="0"/>
  <testcase name="testAbaNumberCheck_8839_good" classname="com.cardatechnologies.utils.validators.abaroutevalidator.Test_AbaRouteValidator_05" time="0"/>
  <testcase name="testAbaNumberCheck_7863_good" classname="com.cardatechnologies.utils.validators.abaroutevalidator.Test_AbaRouteValidator_05" time="0"/>
  <testcase name="testAbaNumberCheck_8677_good" classname="com.cardatechnologies.utils.validators.abaroutevalidator.Test_AbaRouteValidator_05" time="0"/>
  <testcase name="testAbaNumberCheck_7737_good" classname="com.cardatechnologies.utils.validators.abaroutevalidator.Test_AbaRouteValidator_05" time="0"/>
  <testcase name="testAbaNumberCheck_9670_bad" classname="com.cardatechnologies.utils.validators.abaroutevalidator.Test_AbaRouteValidator_05" time="0"/>
  <testcase name="testAbaNumberCheck_9672_bad" classname="com.cardatechnologies.utils.validators.abaroutevalidator.Test_AbaRouteValidator_05" time="0"/>
  <testcase name="testAbaNumberCheck_7575_good" classname="com.cardatechnologies.utils.validators.abaroutevalidator.Test_AbaRouteValidator_05" time="0"/>
  <testcase name="testAbaNumberCheck_8860_bad" classname="com.cardatechnologies.utils.validators.abaroutevalidator.Test_AbaRouteValidator_05" time="0"/>
  <testcase name="testAbaNumberCheck_9674_bad" classname="com.cardatechnologies.utils.validators.abaroutevalidator.Test_AbaRouteValidator_05" time="0"/>
  <testcase name="testAbaNumberCheck_8862_bad" classname="com.cardatechnologies.utils.validators.abaroutevalidator.Test_AbaRouteValidator_05" time="0"/>
  <testcase name="testAbaNumberCheck_9676_bad" classname="com.cardatechnologies.utils.validators.abaroutevalidator.Test_AbaRouteValidator_05" time="0"/>
  <testcase name="testAbaNumberCheck_8389_good" classname="com.cardatechnologies.utils.validators.abaroutevalidator.Test_AbaRouteValidator_05" time="0"/>
  <testcase name="testAbaNumberCheck_8864_bad" classname="com.cardatechnologies.utils.validators.abaroutevalidator.Test_AbaRouteValidator_05" time="0"/>
  <testcase name="testAbaNumberCheck_9678_bad" classname="com.cardatechnologies.utils.validators.abaroutevalidator.Test_AbaRouteValidator_05" time="0"/>
  <testcase name="testAbaNumberCheck_9987_good" classname="com.cardatechnologies.utils.validators.abaroutevalidator.Test_AbaRouteValidator_05" time="0"/>
  <testcase name="testAbaNumberCheck_8866_bad" classname="com.cardatechnologies.utils.validators.abaroutevalidator.Test_AbaRouteValidator_05" time="0"/>
  <testcase name="testAbaNumberCheck_8868_bad" classname="com.cardatechnologies.utils.validators.abaroutevalidator.Test_AbaRouteValidator_05" time="0"/>
  <testcase name="testAbaNumberCheck_8885_good" classname="com.cardatechnologies.utils.validators.abaroutevalidator.Test_AbaRouteValidator_05" time="0"/>
  <testcase name="testAbaNumberCheck_7945_good" classname="com.cardatechnologies.utils.validators.abaroutevalidator.Test_AbaRouteValidator_05" time="0"/>
  <testcase name="testAbaNumberCheck_9699_good" classname="com.cardatechnologies.utils.validators.abaroutevalidator.Test_AbaRouteValidator_05" time="0"/>
  <testcase name="testAbaNumberCheck_8759_good" classname="com.cardatechnologies.utils.validators.abaroutevalidator.Test_AbaRouteValidator_05" time="0"/>
  <testcase name="testAbaNumberCheck_7819_good" classname="com.cardatechnologies.utils.validators.abaroutevalidator.Test_AbaRouteValidator_05" time="0"/>
  <testcase name="testAbaNumberCheck_7783_good" classname="com.cardatechnologies.utils.validators.abaroutevalidator.Test_AbaRouteValidator_05" time="0"/>
  <testcase name="testAbaNumberCheck_8597_good" classname="com.cardatechnologies.utils.validators.abaroutevalidator.Test_AbaRouteValidator_05" time="0"/>
  <testcase name="testAbaNumberCheck_7657_good" classname="com.cardatechnologies.utils.validators.abaroutevalidator.Test_AbaRouteValidator_05" time="0"/>
  <testcase name="testAbaNumberCheck_9680_bad" classname="com.cardatechnologies.utils.validators.abaroutevalidator.Test_AbaRouteValidator_05" time="0"/>
  <testcase name="testAbaNumberCheck_9682_bad" classname="com.cardatechnologies.utils.validators.abaroutevalidator.Test_AbaRouteValidator_05" time="0"/>
  <testcase name="testAbaNumberCheck_8870_bad" classname="com.cardatechnologies.utils.validators.abaroutevalidator.Test_AbaRouteValidator_05" time="0"/>
  <testcase name="testAbaNumberCheck_9684_bad" classname="com.cardatechnologies.utils.validators.abaroutevalidator.Test_AbaRouteValidator_05" time="0"/>
  <testcase name="testAbaNumberCheck_8872_bad" classname="com.cardatechnologies.utils.validators.abaroutevalidator.Test_AbaRouteValidator_05" time="0"/>
  <testcase name="testAbaNumberCheck_9686_bad" classname="com.cardatechnologies.utils.validators.abaroutevalidator.Test_AbaRouteValidator_05" time="0"/>
  <testcase name="testAbaNumberCheck_8874_bad" classname="com.cardatechnologies.utils.validators.abaroutevalidator.Test_AbaRouteValidator_05" time="0"/>
  <testcase name="testAbaNumberCheck_9688_bad" classname="com.cardatechnologies.utils.validators.abaroutevalidator.Test_AbaRouteValidator_05" time="0"/>
  <testcase name="testAbaNumberCheck_8876_bad" classname="com.cardatechnologies.utils.validators.abaroutevalidator.Test_AbaRouteValidator_05" time="0"/>
  <testcase name="testAbaNumberCheck_8878_bad" classname="com.cardatechnologies.utils.validators.abaroutevalidator.Test_AbaRouteValidator_05" time="0"/>
  <testcase name="testAbaNumberCheck_8967_good" classname="com.cardatechnologies.utils.validators.abaroutevalidator.Test_AbaRouteValidator_05" time="0"/>
  <testcase name="testAbaNumberCheck_7991_good" classname="com.cardatechnologies.utils.validators.abaroutevalidator.Test_AbaRouteValidator_05" time="0"/>
  <testcase name="testAbaNumberCheck_7865_good" classname="com.cardatechnologies.utils.validators.abaroutevalidator.Test_AbaRouteValidator_05" time="0"/>
  <testcase name="testAbaNumberCheck_8679_good" classname="com.cardatechnologies.utils.validators.abaroutevalidator.Test_AbaRouteValidator_05" time="0"/>
  <testcase name="testAbaNumberCheck_7739_good" classname="com.cardatechnologies.utils.validators.abaroutevalidator.Test_AbaRouteValidator_05" time="0"/>
  <testcase name="testAbaNumberCheck_9690_bad" classname="com.cardatechnologies.utils.validators.abaroutevalidator.Test_AbaRouteValidator_05" time="0"/>
  <testcase name="testAbaNumberCheck_9692_bad" classname="com.cardatechnologies.utils.validators.abaroutevalidator.Test_AbaRouteValidator_05" time="0"/>
  <testcase name="testAbaNumberCheck_7577_good" classname="com.cardatechnologies.utils.validators.abaroutevalidator.Test_AbaRouteValidator_05" time="0"/>
  <testcase name="testAbaNumberCheck_8880_bad" classname="com.cardatechnologies.utils.validators.abaroutevalidator.Test_AbaRouteValidator_05" time="0"/>
  <testcase name="testAbaNumberCheck_9694_bad" classname="com.cardatechnologies.utils.validators.abaroutevalidator.Test_AbaRouteValidator_05" time="0"/>
  <testcase name="testAbaNumberCheck_8882_bad" classname="com.cardatechnologies.utils.validators.abaroutevalidator.Test_AbaRouteValidator_05" time="0"/>
  <testcase name="testAbaNumberCheck_9696_bad" classname="com.cardatechnologies.utils.validators.abaroutevalidator.Test_AbaRouteValidator_05" time="0"/>
  <testcase name="testAbaNumberCheck_8884_bad" classname="com.cardatechnologies.utils.validators.abaroutevalidator.Test_AbaRouteValidator_05" time="0"/>
  <testcase name="testAbaNumberCheck_9698_bad" classname="com.cardatechnologies.utils.validators.abaroutevalidator.Test_AbaRouteValidator_05" time="0"/>
  <testcase name="testAbaNumberCheck_9989_good" classname="com.cardatechnologies.utils.validators.abaroutevalidator.Test_AbaRouteValidator_05" time="0"/>
  <testcase name="testAbaNumberCheck_8886_bad" classname="com.cardatechnologies.utils.validators.abaroutevalidator.Test_AbaRouteValidator_05" time="0"/>
  <testcase name="testAbaNumberCheck_8888_bad" classname="com.cardatechnologies.utils.validators.abaroutevalidator.Test_AbaRouteValidator_05" time="0"/>
  <testcase name="testAbaNumberCheck_8887_good" classname="com.cardatechnologies.utils.validators.abaroutevalidator.Test_AbaRouteValidator_05" time="0"/>
  <testcase name="testAbaNumberCheck_7947_good" classname="com.cardatechnologies.utils.validators.abaroutevalidator.Test_AbaRouteValidator_05" time="0"/>
  <testcase name="testAbaNumberCheck_7785_good" classname="com.cardatechnologies.utils.validators.abaroutevalidator.Test_AbaRouteValidator_05" time="0"/>
  <testcase name="testAbaNumberCheck_8599_good" classname="com.cardatechnologies.utils.validators.abaroutevalidator.Test_AbaRouteValidator_05" time="0"/>
  <testcase name="testAbaNumberCheck_7659_good" classname="com.cardatechnologies.utils.validators.abaroutevalidator.Test_AbaRouteValidator_05" time="0"/>
  <testcase name="testAbaNumberCheck_8890_bad" classname="com.cardatechnologies.utils.validators.abaroutevalidator.Test_AbaRouteValidator_05" time="0"/>
  <testcase name="testAbaNumberCheck_8892_bad" classname="com.cardatechnologies.utils.validators.abaroutevalidator.Test_AbaRouteValidator_05" time="0"/>
  <testcase name="testAbaNumberCheck_8894_bad" classname="com.cardatechnologies.utils.validators.abaroutevalidator.Test_AbaRouteValidator_05" time="0"/>
  <testcase name="testAbaNumberCheck_8896_bad" classname="com.cardatechnologies.utils.validators.abaroutevalidator.Test_AbaRouteValidator_05" time="0"/>
  <testcase name="testAbaNumberCheck_8898_bad" classname="com.cardatechnologies.utils.validators.abaroutevalidator.Test_AbaRouteValidator_05" time="0"/>
  <testcase name="testAbaNumberCheck_8969_good" classname="com.cardatechnologies.utils.validators.abaroutevalidator.Test_AbaRouteValidator_05" time="0"/>
  <testcase name="testAbaNumberCheck_7993_good" classname="com.cardatechnologies.utils.validators.abaroutevalidator.Test_AbaRouteValidator_05" time="0"/>
  <testcase name="testAbaNumberCheck_7867_good" classname="com.cardatechnologies.utils.validators.abaroutevalidator.Test_AbaRouteValidator_05" time="0"/>
  <testcase name="testAbaNumberCheck_7579_good" classname="com.cardatechnologies.utils.validators.abaroutevalidator.Test_AbaRouteValidator_05" time="0"/>
  <testcase name="testAbaNumberCheck_8889_good" classname="com.cardatechnologies.utils.validators.abaroutevalidator.Test_AbaRouteValidator_05" time="0"/>
  <testcase name="testAbaNumberCheck_7949_good" classname="com.cardatechnologies.utils.validators.abaroutevalidator.Test_AbaRouteValidator_05" time="0"/>
  <testcase name="testAbaNumberCheck_7787_good" classname="com.cardatechnologies.utils.validators.abaroutevalidator.Test_AbaRouteValidator_05" time="0"/>
  <testcase name="testAbaNumberCheck_7995_good" classname="com.cardatechnologies.utils.validators.abaroutevalidator.Test_AbaRouteValidator_05" time="0"/>
  <testcase name="testAbaNumberCheck_7869_good" classname="com.cardatechnologies.utils.validators.abaroutevalidator.Test_AbaRouteValidator_05" time="0"/>
  <testcase name="testAbaNumberCheck_7789_good" classname="com.cardatechnologies.utils.validators.abaroutevalidator.Test_AbaRouteValidator_05" time="0"/>
  <testcase name="testAbaNumberCheck_7997_good" classname="com.cardatechnologies.utils.validators.abaroutevalidator.Test_AbaRouteValidator_05" time="0"/>
  <testcase name="testAbaNumberCheck_9101_good" classname="com.cardatechnologies.utils.validators.abaroutevalidator.Test_AbaRouteValidator_05" time="0"/>
  <testcase name="testAbaNumberCheck_7999_good" classname="com.cardatechnologies.utils.validators.abaroutevalidator.Test_AbaRouteValidator_05" time="0"/>
  <testcase name="testAbaNumberCheck_9021_good" classname="com.cardatechnologies.utils.validators.abaroutevalidator.Test_AbaRouteValidator_05" time="0"/>
  <testcase name="testAbaNumberCheck_9103_good" classname="com.cardatechnologies.utils.validators.abaroutevalidator.Test_AbaRouteValidator_05" time="0"/>
  <testcase name="testAbaNumberCheck_8001_good" classname="com.cardatechnologies.utils.validators.abaroutevalidator.Test_AbaRouteValidator_05" time="0"/>
  <testcase name="testAbaNumberCheck_9311_good" classname="com.cardatechnologies.utils.validators.abaroutevalidator.Test_AbaRouteValidator_05" time="0"/>
  <testcase name="testAbaNumberCheck_9023_good" classname="com.cardatechnologies.utils.validators.abaroutevalidator.Test_AbaRouteValidator_05" time="0"/>
  <testcase name="testAbaNumberCheck_9231_good" classname="com.cardatechnologies.utils.validators.abaroutevalidator.Test_AbaRouteValidator_05" time="0"/>
  <testcase name="testAbaNumberCheck_9105_good" classname="com.cardatechnologies.utils.validators.abaroutevalidator.Test_AbaRouteValidator_05" time="0"/>
  <testcase name="testAbaNumberCheck_8003_good" classname="com.cardatechnologies.utils.validators.abaroutevalidator.Test_AbaRouteValidator_05" time="0"/>
  <testcase name="testAbaNumberCheck_9601_good" classname="com.cardatechnologies.utils.validators.abaroutevalidator.Test_AbaRouteValidator_05" time="0"/>
  <testcase name="testAbaNumberCheck_9313_good" classname="com.cardatechnologies.utils.validators.abaroutevalidator.Test_AbaRouteValidator_05" time="0"/>
  <testcase name="testAbaNumberCheck_9151_good" classname="com.cardatechnologies.utils.validators.abaroutevalidator.Test_AbaRouteValidator_05" time="0"/>
  <testcase name="testAbaNumberCheck_8211_good" classname="com.cardatechnologies.utils.validators.abaroutevalidator.Test_AbaRouteValidator_05" time="0"/>
  <testcase name="testAbaNumberCheck_9025_good" classname="com.cardatechnologies.utils.validators.abaroutevalidator.Test_AbaRouteValidator_05" time="0"/>
  <testcase name="testAbaNumberCheck_9521_good" classname="com.cardatechnologies.utils.validators.abaroutevalidator.Test_AbaRouteValidator_05" time="0"/>
  <testcase name="testAbaNumberCheck_9233_good" classname="com.cardatechnologies.utils.validators.abaroutevalidator.Test_AbaRouteValidator_05" time="0"/>
  <testcase name="testAbaNumberCheck_9107_good" classname="com.cardatechnologies.utils.validators.abaroutevalidator.Test_AbaRouteValidator_05" time="0"/>
  <testcase name="testAbaNumberCheck_9071_good" classname="com.cardatechnologies.utils.validators.abaroutevalidator.Test_AbaRouteValidator_05" time="0"/>
  <testcase name="testAbaNumberCheck_8131_good" classname="com.cardatechnologies.utils.validators.abaroutevalidator.Test_AbaRouteValidator_05" time="0"/>
  <testcase name="testAbaNumberCheck_8005_good" classname="com.cardatechnologies.utils.validators.abaroutevalidator.Test_AbaRouteValidator_05" time="0"/>
  <testcase name="testAbaNumberCheck_9603_good" classname="com.cardatechnologies.utils.validators.abaroutevalidator.Test_AbaRouteValidator_05" time="0"/>
  <testcase name="testAbaNumberCheck_9441_good" classname="com.cardatechnologies.utils.validators.abaroutevalidator.Test_AbaRouteValidator_05" time="0"/>
  <testcase name="testAbaNumberCheck_8501_good" classname="com.cardatechnologies.utils.validators.abaroutevalidator.Test_AbaRouteValidator_05" time="0"/>
  <testcase name="testAbaNumberCheck_9315_good" classname="com.cardatechnologies.utils.validators.abaroutevalidator.Test_AbaRouteValidator_05" time="0"/>
  <testcase name="testAbaNumberCheck_9153_good" classname="com.cardatechnologies.utils.validators.abaroutevalidator.Test_AbaRouteValidator_05" time="0"/>
  <testcase name="testAbaNumberCheck_8213_good" classname="com.cardatechnologies.utils.validators.abaroutevalidator.Test_AbaRouteValidator_05" time="0"/>
  <testcase name="testAbaNumberCheck_9811_good" classname="com.cardatechnologies.utils.validators.abaroutevalidator.Test_AbaRouteValidator_05" time="0"/>
  <testcase name="testAbaNumberCheck_9027_good" classname="com.cardatechnologies.utils.validators.abaroutevalidator.Test_AbaRouteValidator_05" time="0"/>
  <testcase name="testAbaNumberCheck_8051_good" classname="com.cardatechnologies.utils.validators.abaroutevalidator.Test_AbaRouteValidator_05" time="0"/>
  <testcase name="testAbaNumberCheck_9523_good" classname="com.cardatechnologies.utils.validators.abaroutevalidator.Test_AbaRouteValidator_05" time="0"/>
  <testcase name="testAbaNumberCheck_9361_good" classname="com.cardatechnologies.utils.validators.abaroutevalidator.Test_AbaRouteValidator_05" time="0"/>
  <testcase name="testAbaNumberCheck_8421_good" classname="com.cardatechnologies.utils.validators.abaroutevalidator.Test_AbaRouteValidator_05" time="0"/>
  <testcase name="testAbaNumberCheck_9235_good" classname="com.cardatechnologies.utils.validators.abaroutevalidator.Test_AbaRouteValidator_05" time="0"/>
  <testcase name="testAbaNumberCheck_9109_good" classname="com.cardatechnologies.utils.validators.abaroutevalidator.Test_AbaRouteValidator_05" time="0"/>
  <testcase name="testAbaNumberCheck_9073_good" classname="com.cardatechnologies.utils.validators.abaroutevalidator.Test_AbaRouteValidator_05" time="0"/>
  <testcase name="testAbaNumberCheck_8133_good" classname="com.cardatechnologies.utils.validators.abaroutevalidator.Test_AbaRouteValidator_05" time="0"/>
  <testcase name="testAbaNumberCheck_9731_good" classname="com.cardatechnologies.utils.validators.abaroutevalidator.Test_AbaRouteValidator_05" time="0"/>
  <testcase name="testAbaNumberCheck_8007_good" classname="com.cardatechnologies.utils.validators.abaroutevalidator.Test_AbaRouteValidator_05" time="0"/>
  <testcase name="testAbaNumberCheck_9605_good" classname="com.cardatechnologies.utils.validators.abaroutevalidator.Test_AbaRouteValidator_05" time="0"/>
  <testcase name="testAbaNumberCheck_9443_good" classname="com.cardatechnologies.utils.validators.abaroutevalidator.Test_AbaRouteValidator_05" time="0"/>
  <testcase name="testAbaNumberCheck_8503_good" classname="com.cardatechnologies.utils.validators.abaroutevalidator.Test_AbaRouteValidator_05" time="0"/>
  <testcase name="testAbaNumberCheck_9317_good" classname="com.cardatechnologies.utils.validators.abaroutevalidator.Test_AbaRouteValidator_05" time="0"/>
  <testcase name="testAbaNumberCheck_9281_good" classname="com.cardatechnologies.utils.validators.abaroutevalidator.Test_AbaRouteValidator_05" time="0"/>
  <testcase name="testAbaNumberCheck_8341_good" classname="com.cardatechnologies.utils.validators.abaroutevalidator.Test_AbaRouteValidator_05" time="0"/>
  <testcase name="testAbaNumberCheck_9155_good" classname="com.cardatechnologies.utils.validators.abaroutevalidator.Test_AbaRouteValidator_05" time="0"/>
  <testcase name="testAbaNumberCheck_8215_good" classname="com.cardatechnologies.utils.validators.abaroutevalidator.Test_AbaRouteValidator_05" time="0"/>
  <testcase name="testAbaNumberCheck_9813_good" classname="com.cardatechnologies.utils.validators.abaroutevalidator.Test_AbaRouteValidator_05" time="0"/>
  <testcase name="testAbaNumberCheck_9029_good" classname="com.cardatechnologies.utils.validators.abaroutevalidator.Test_AbaRouteValidator_05" time="0"/>
  <testcase name="testAbaNumberCheck_8053_good" classname="com.cardatechnologies.utils.validators.abaroutevalidator.Test_AbaRouteValidator_05" time="0"/>
  <testcase name="testAbaNumberCheck_9651_good" classname="com.cardatechnologies.utils.validators.abaroutevalidator.Test_AbaRouteValidator_05" time="0"/>
  <testcase name="testAbaNumberCheck_8711_good" classname="com.cardatechnologies.utils.validators.abaroutevalidator.Test_AbaRouteValidator_05" time="0"/>
  <testcase name="testAbaNumberCheck_9525_good" classname="com.cardatechnologies.utils.validators.abaroutevalidator.Test_AbaRouteValidator_05" time="0"/>
  <testcase name="testAbaNumberCheck_9200_bad" classname="com.cardatechnologies.utils.validators.abaroutevalidator.Test_AbaRouteValidator_05" time="0"/>
  <testcase name="testAbaNumberCheck_9202_bad" classname="com.cardatechnologies.utils.validators.abaroutevalidator.Test_AbaRouteValidator_05" time="0"/>
  <testcase name="testAbaNumberCheck_9363_good" classname="com.cardatechnologies.utils.validators.abaroutevalidator.Test_AbaRouteValidator_05" time="0"/>
  <testcase name="testAbaNumberCheck_8423_good" classname="com.cardatechnologies.utils.validators.abaroutevalidator.Test_AbaRouteValidator_05" time="0.002"/>
  <testcase name="testAbaNumberCheck_9204_bad" classname="com.cardatechnologies.utils.validators.abaroutevalidator.Test_AbaRouteValidator_05" time="0"/>
  <testcase name="testAbaNumberCheck_9206_bad" classname="com.cardatechnologies.utils.validators.abaroutevalidator.Test_AbaRouteValidator_05" time="0"/>
  <testcase name="testAbaNumberCheck_9237_good" classname="com.cardatechnologies.utils.validators.abaroutevalidator.Test_AbaRouteValidator_05" time="0"/>
  <testcase name="testAbaNumberCheck_9208_bad" classname="com.cardatechnologies.utils.validators.abaroutevalidator.Test_AbaRouteValidator_05" time="0"/>
  <testcase name="testAbaNumberCheck_8261_good" classname="com.cardatechnologies.utils.validators.abaroutevalidator.Test_AbaRouteValidator_05" time="0"/>
  <testcase name="testAbaNumberCheck_9075_good" classname="com.cardatechnologies.utils.validators.abaroutevalidator.Test_AbaRouteValidator_05" time="0"/>
  <testcase name="testAbaNumberCheck_8135_good" classname="com.cardatechnologies.utils.validators.abaroutevalidator.Test_AbaRouteValidator_05" time="0"/>
  <testcase name="testAbaNumberCheck_9733_good" classname="com.cardatechnologies.utils.validators.abaroutevalidator.Test_AbaRouteValidator_05" time="0"/>
  <testcase name="testAbaNumberCheck_8009_good" classname="com.cardatechnologies.utils.validators.abaroutevalidator.Test_AbaRouteValidator_05" time="0"/>
  <testcase name="testAbaNumberCheck_9607_good" classname="com.cardatechnologies.utils.validators.abaroutevalidator.Test_AbaRouteValidator_05" time="0"/>
  <testcase name="testAbaNumberCheck_9571_good" classname="com.cardatechnologies.utils.validators.abaroutevalidator.Test_AbaRouteValidator_05" time="0.001"/>
  <testcase name="testAbaNumberCheck_8631_good" classname="com.cardatechnologies.utils.validators.abaroutevalidator.Test_AbaRouteValidator_05" time="0"/>
  <testcase name="testAbaNumberCheck_9445_good" classname="com.cardatechnologies.utils.validators.abaroutevalidator.Test_AbaRouteValidator_05" time="0"/>
  <testcase name="testAbaNumberCheck_8505_good" classname="com.cardatechnologies.utils.validators.abaroutevalidator.Test_AbaRouteValidator_05" time="0"/>
  <testcase name="testAbaNumberCheck_9210_bad" classname="com.cardatechnologies.utils.validators.abaroutevalidator.Test_AbaRouteValidator_05" time="0"/>
  <testcase name="testAbaNumberCheck_9212_bad" classname="com.cardatechnologies.utils.validators.abaroutevalidator.Test_AbaRouteValidator_05" time="0"/>
  <testcase name="testAbaNumberCheck_9319_good" classname="com.cardatechnologies.utils.validators.abaroutevalidator.Test_AbaRouteValidator_05" time="0"/>
  <testcase name="testAbaNumberCheck_8400_bad" classname="com.cardatechnologies.utils.validators.abaroutevalidator.Test_AbaRouteValidator_05" time="0"/>
  <testcase name="testAbaNumberCheck_9214_bad" classname="com.cardatechnologies.utils.validators.abaroutevalidator.Test_AbaRouteValidator_05" time="0.001"/>
  <testcase name="testAbaNumberCheck_8402_bad" classname="com.cardatechnologies.utils.validators.abaroutevalidator.Test_AbaRouteValidator_05" time="0.001"/>
  <testcase name="testAbaNumberCheck_9216_bad" classname="com.cardatechnologies.utils.validators.abaroutevalidator.Test_AbaRouteValidator_05" time="0"/>
  <testcase name="testAbaNumberCheck_9283_good" classname="com.cardatechnologies.utils.validators.abaroutevalidator.Test_AbaRouteValidator_05" time="0"/>
  <testcase name="testAbaNumberCheck_8343_good" classname="com.cardatechnologies.utils.validators.abaroutevalidator.Test_AbaRouteValidator_05" time="0"/>
  <testcase name="testAbaNumberCheck_8404_bad" classname="com.cardatechnologies.utils.validators.abaroutevalidator.Test_AbaRouteValidator_05" time="0"/>
  <testcase name="testAbaNumberCheck_9218_bad" classname="com.cardatechnologies.utils.validators.abaroutevalidator.Test_AbaRouteValidator_05" time="0"/>
  <testcase name="testAbaNumberCheck_9941_good" classname="com.cardatechnologies.utils.validators.abaroutevalidator.Test_AbaRouteValidator_05" time="0"/>
  <testcase name="testAbaNumberCheck_8406_bad" classname="com.cardatechnologies.utils.validators.abaroutevalidator.Test_AbaRouteValidator_05" time="0"/>
  <testcase name="testAbaNumberCheck_9157_good" classname="com.cardatechnologies.utils.validators.abaroutevalidator.Test_AbaRouteValidator_05" time="0"/>
  <testcase name="testAbaNumberCheck_8217_good" classname="com.cardatechnologies.utils.validators.abaroutevalidator.Test_AbaRouteValidator_05" time="0"/>
  <testcase name="testAbaNumberCheck_8408_bad" classname="com.cardatechnologies.utils.validators.abaroutevalidator.Test_AbaRouteValidator_05" time="0"/>
  <testcase name="testAbaNumberCheck_9815_good" classname="com.cardatechnologies.utils.validators.abaroutevalidator.Test_AbaRouteValidator_05" time="0"/>
  <testcase name="testAbaNumberCheck_8181_good" classname="com.cardatechnologies.utils.validators.abaroutevalidator.Test_AbaRouteValidator_05" time="0"/>
  <testcase name="testAbaNumberCheck_8055_good" classname="com.cardatechnologies.utils.validators.abaroutevalidator.Test_AbaRouteValidator_05" time="0"/>
  <testcase name="testAbaNumberCheck_9653_good" classname="com.cardatechnologies.utils.validators.abaroutevalidator.Test_AbaRouteValidator_05" time="0"/>
  <testcase name="testAbaNumberCheck_8713_good" classname="com.cardatechnologies.utils.validators.abaroutevalidator.Test_AbaRouteValidator_05" time="0"/>
  <testcase name="testAbaNumberCheck_9527_good" classname="com.cardatechnologies.utils.validators.abaroutevalidator.Test_AbaRouteValidator_05" time="0"/>
  <testcase name="testAbaNumberCheck_9491_good" classname="com.cardatechnologies.utils.validators.abaroutevalidator.Test_AbaRouteValidator_05" time="0"/>
  <testcase name="testAbaNumberCheck_8551_good" classname="com.cardatechnologies.utils.validators.abaroutevalidator.Test_AbaRouteValidator_05" time="0"/>
  <testcase name="testAbaNumberCheck_7611_good" classname="com.cardatechnologies.utils.validators.abaroutevalidator.Test_AbaRouteValidator_05" time="0"/>
  <testcase name="testAbaNumberCheck_9220_bad" classname="com.cardatechnologies.utils.validators.abaroutevalidator.Test_AbaRouteValidator_05" time="0"/>
  <testcase name="testAbaNumberCheck_9222_bad" classname="com.cardatechnologies.utils.validators.abaroutevalidator.Test_AbaRouteValidator_05" time="0"/>
  <testcase name="testAbaNumberCheck_9365_good" classname="com.cardatechnologies.utils.validators.abaroutevalidator.Test_AbaRouteValidator_05" time="0"/>
  <testcase name="testAbaNumberCheck_8425_good" classname="com.cardatechnologies.utils.validators.abaroutevalidator.Test_AbaRouteValidator_05" time="0"/>
  <testcase name="testAbaNumberCheck_8410_bad" classname="com.cardatechnologies.utils.validators.abaroutevalidator.Test_AbaRouteValidator_05" time="0"/>
  <testcase name="testAbaNumberCheck_9224_bad" classname="com.cardatechnologies.utils.validators.abaroutevalidator.Test_AbaRouteValidator_05" time="0"/>
  <testcase name="testAbaNumberCheck_8412_bad" classname="com.cardatechnologies.utils.validators.abaroutevalidator.Test_AbaRouteValidator_05" time="0"/>
  <testcase name="testAbaNumberCheck_9226_bad" classname="com.cardatechnologies.utils.validators.abaroutevalidator.Test_AbaRouteValidator_05" time="0"/>
  <testcase name="testAbaNumberCheck_9239_good" classname="com.cardatechnologies.utils.validators.abaroutevalidator.Test_AbaRouteValidator_05" time="0"/>
  <testcase name="testAbaNumberCheck_7600_bad" classname="com.cardatechnologies.utils.validators.abaroutevalidator.Test_AbaRouteValidator_05" time="0"/>
  <testcase name="testAbaNumberCheck_8414_bad" classname="com.cardatechnologies.utils.validators.abaroutevalidator.Test_AbaRouteValidator_05" time="0"/>
  <testcase name="testAbaNumberCheck_9228_bad" classname="com.cardatechnologies.utils.validators.abaroutevalidator.Test_AbaRouteValidator_05" time="0"/>
  <testcase name="testAbaNumberCheck_7602_bad" classname="com.cardatechnologies.utils.validators.abaroutevalidator.Test_AbaRouteValidator_05" time="0"/>
  <testcase name="testAbaNumberCheck_8416_bad" classname="com.cardatechnologies.utils.validators.abaroutevalidator.Test_AbaRouteValidator_05" time="0"/>
  <testcase name="testAbaNumberCheck_8263_good" classname="com.cardatechnologies.utils.validators.abaroutevalidator.Test_AbaRouteValidator_05" time="0"/>
  <testcase name="testAbaNumberCheck_7604_bad" classname="com.cardatechnologies.utils.validators.abaroutevalidator.Test_AbaRouteValidator_05" time="0"/>
  <testcase name="testAbaNumberCheck_8418_bad" classname="com.cardatechnologies.utils.validators.abaroutevalidator.Test_AbaRouteValidator_05" time="0"/>
  <testcase name="testAbaNumberCheck_9861_good" classname="com.cardatechnologies.utils.validators.abaroutevalidator.Test_AbaRouteValidator_05" time="0"/>
  <testcase name="testAbaNumberCheck_8921_good" classname="com.cardatechnologies.utils.validators.abaroutevalidator.Test_AbaRouteValidator_05" time="0"/>
  <testcase name="testAbaNumberCheck_7606_bad" classname="com.cardatechnologies.utils.validators.abaroutevalidator.Test_AbaRouteValidator_05" time="0"/>
  <testcase name="testAbaNumberCheck_9077_good" classname="com.cardatechnologies.utils.validators.abaroutevalidator.Test_AbaRouteValidator_05" time="0"/>
  <testcase name="testAbaNumberCheck_8137_good" classname="com.cardatechnologies.utils.validators.abaroutevalidator.Test_AbaRouteValidator_05" time="0"/>
  <testcase name="testAbaNumberCheck_7608_bad" classname="com.cardatechnologies.utils.validators.abaroutevalidator.Test_AbaRouteValidator_05" time="0"/>
  <testcase name="testAbaNumberCheck_9735_good" classname="com.cardatechnologies.utils.validators.abaroutevalidator.Test_AbaRouteValidator_05" time="0"/>
  <testcase name="testAbaNumberCheck_9609_good" classname="com.cardatechnologies.utils.validators.abaroutevalidator.Test_AbaRouteValidator_05" time="0"/>
  <testcase name="testAbaNumberCheck_9573_good" classname="com.cardatechnologies.utils.validators.abaroutevalidator.Test_AbaRouteValidator_05" time="0"/>
  <testcase name="testAbaNumberCheck_8633_good" classname="com.cardatechnologies.utils.validators.abaroutevalidator.Test_AbaRouteValidator_05" time="0"/>
  <testcase name="testAbaNumberCheck_9447_good" classname="com.cardatechnologies.utils.validators.abaroutevalidator.Test_AbaRouteValidator_05" time="0"/>
  <testcase name="testAbaNumberCheck_8507_good" classname="com.cardatechnologies.utils.validators.abaroutevalidator.Test_AbaRouteValidator_05" time="0"/>
  <testcase name="testAbaNumberCheck_9230_bad" classname="com.cardatechnologies.utils.validators.abaroutevalidator.Test_AbaRouteValidator_05" time="0"/>
  <testcase name="testAbaNumberCheck_9232_bad" classname="com.cardatechnologies.utils.validators.abaroutevalidator.Test_AbaRouteValidator_05" time="0"/>
  <testcase name="testAbaNumberCheck_8471_good" classname="com.cardatechnologies.utils.validators.abaroutevalidator.Test_AbaRouteValidator_05" time="0"/>
  <testcase name="testAbaNumberCheck_7531_good" classname="com.cardatechnologies.utils.validators.abaroutevalidator.Test_AbaRouteValidator_05" time="0"/>
  <testcase name="testAbaNumberCheck_8420_bad" classname="com.cardatechnologies.utils.validators.abaroutevalidator.Test_AbaRouteValidator_05" time="0"/>
  <testcase name="testAbaNumberCheck_9234_bad" classname="com.cardatechnologies.utils.validators.abaroutevalidator.Test_AbaRouteValidator_05" time="0"/>
  <testcase name="testAbaNumberCheck_8422_bad" classname="com.cardatechnologies.utils.validators.abaroutevalidator.Test_AbaRouteValidator_05" time="0"/>
  <testcase name="testAbaNumberCheck_9236_bad" classname="com.cardatechnologies.utils.validators.abaroutevalidator.Test_AbaRouteValidator_05" time="0"/>
  <testcase name="testAbaNumberCheck_9285_good" classname="com.cardatechnologies.utils.validators.abaroutevalidator.Test_AbaRouteValidator_05" time="0"/>
  <testcase name="testAbaNumberCheck_8345_good" classname="com.cardatechnologies.utils.validators.abaroutevalidator.Test_AbaRouteValidator_05" time="0"/>
  <testcase name="testAbaNumberCheck_7610_bad" classname="com.cardatechnologies.utils.validators.abaroutevalidator.Test_AbaRouteValidator_05" time="0"/>
  <testcase name="testAbaNumberCheck_8424_bad" classname="com.cardatechnologies.utils.validators.abaroutevalidator.Test_AbaRouteValidator_05" time="0"/>
  <testcase name="testAbaNumberCheck_9238_bad" classname="com.cardatechnologies.utils.validators.abaroutevalidator.Test_AbaRouteValidator_05" time="0"/>
  <testcase name="testAbaNumberCheck_9943_good" classname="com.cardatechnologies.utils.validators.abaroutevalidator.Test_AbaRouteValidator_05" time="0"/>
  <testcase name="testAbaNumberCheck_7612_bad" classname="com.cardatechnologies.utils.validators.abaroutevalidator.Test_AbaRouteValidator_05" time="0"/>
  <testcase name="testAbaNumberCheck_8426_bad" classname="com.cardatechnologies.utils.validators.abaroutevalidator.Test_AbaRouteValidator_05" time="0"/>
  <testcase name="testAbaNumberCheck_9159_good" classname="com.cardatechnologies.utils.validators.abaroutevalidator.Test_AbaRouteValidator_05" time="0"/>
  <testcase name="testAbaNumberCheck_8219_good" classname="com.cardatechnologies.utils.validators.abaroutevalidator.Test_AbaRouteValidator_05" time="0"/>
  <testcase name="testAbaNumberCheck_7614_bad" classname="com.cardatechnologies.utils.validators.abaroutevalidator.Test_AbaRouteValidator_05" time="0"/>
  <testcase name="testAbaNumberCheck_8428_bad" classname="com.cardatechnologies.utils.validators.abaroutevalidator.Test_AbaRouteValidator_05" time="0"/>
  <testcase name="testAbaNumberCheck_9817_good" classname="com.cardatechnologies.utils.validators.abaroutevalidator.Test_AbaRouteValidator_05" time="0"/>
  <testcase name="testAbaNumberCheck_7616_bad" classname="com.cardatechnologies.utils.validators.abaroutevalidator.Test_AbaRouteValidator_05" time="0"/>
  <testcase name="testAbaNumberCheck_8183_good" classname="com.cardatechnologies.utils.validators.abaroutevalidator.Test_AbaRouteValidator_05" time="0"/>
  <testcase name="testAbaNumberCheck_7618_bad" classname="com.cardatechnologies.utils.validators.abaroutevalidator.Test_AbaRouteValidator_05" time="0"/>
  <testcase name="testAbaNumberCheck_9781_good" classname="com.cardatechnologies.utils.validators.abaroutevalidator.Test_AbaRouteValidator_05" time="0"/>
  <testcase name="testAbaNumberCheck_8841_good" classname="com.cardatechnologies.utils.validators.abaroutevalidator.Test_AbaRouteValidator_05" time="0"/>
  <testcase name="testAbaNumberCheck_7901_good" classname="com.cardatechnologies.utils.validators.abaroutevalidator.Test_AbaRouteValidator_05" time="0"/>
  <testcase name="testAbaNumberCheck_8057_good" classname="com.cardatechnologies.utils.validators.abaroutevalidator.Test_AbaRouteValidator_05" time="0"/>
  <testcase name="testAbaNumberCheck_9655_good" classname="com.cardatechnologies.utils.validators.abaroutevalidator.Test_AbaRouteValidator_05" time="0"/>
  <testcase name="testAbaNumberCheck_8715_good" classname="com.cardatechnologies.utils.validators.abaroutevalidator.Test_AbaRouteValidator_05" time="0"/>
  <testcase name="testAbaNumberCheck_9529_good" classname="com.cardatechnologies.utils.validators.abaroutevalidator.Test_AbaRouteValidator_05" time="0"/>
  <testcase name="testAbaNumberCheck_9493_good" classname="com.cardatechnologies.utils.validators.abaroutevalidator.Test_AbaRouteValidator_05" time="0"/>
  <testcase name="testAbaNumberCheck_8553_good" classname="com.cardatechnologies.utils.validators.abaroutevalidator.Test_AbaRouteValidator_05" time="0"/>
  <testcase name="testAbaNumberCheck_7613_good" classname="com.cardatechnologies.utils.validators.abaroutevalidator.Test_AbaRouteValidator_05" time="0"/>
  <testcase name="testAbaNumberCheck_9240_bad" classname="com.cardatechnologies.utils.validators.abaroutevalidator.Test_AbaRouteValidator_05" time="0"/>
  <testcase name="testAbaNumberCheck_9242_bad" classname="com.cardatechnologies.utils.validators.abaroutevalidator.Test_AbaRouteValidator_05" time="0"/>
  <testcase name="testAbaNumberCheck_9367_good" classname="com.cardatechnologies.utils.validators.abaroutevalidator.Test_AbaRouteValidator_05" time="0"/>
  <testcase name="testAbaNumberCheck_8427_good" classname="com.cardatechnologies.utils.validators.abaroutevalidator.Test_AbaRouteValidator_05" time="0"/>
  <testcase name="testAbaNumberCheck_8430_bad" classname="com.cardatechnologies.utils.validators.abaroutevalidator.Test_AbaRouteValidator_05" time="0"/>
  <testcase name="testAbaNumberCheck_9244_bad" classname="com.cardatechnologies.utils.validators.abaroutevalidator.Test_AbaRouteValidator_05" time="0"/>
  <testcase name="testAbaNumberCheck_8432_bad" classname="com.cardatechnologies.utils.validators.abaroutevalidator.Test_AbaRouteValidator_05" time="0"/>
  <testcase name="testAbaNumberCheck_9246_bad" classname="com.cardatechnologies.utils.validators.abaroutevalidator.Test_AbaRouteValidator_05" time="0"/>
  <testcase name="testAbaNumberCheck_8391_good" classname="com.cardatechnologies.utils.validators.abaroutevalidator.Test_AbaRouteValidator_05" time="0"/>
  <testcase name="testAbaNumberCheck_7620_bad" classname="com.cardatechnologies.utils.validators.abaroutevalidator.Test_AbaRouteValidator_05" time="0"/>
  <testcase name="testAbaNumberCheck_8434_bad" classname="com.cardatechnologies.utils.validators.abaroutevalidator.Test_AbaRouteValidator_05" time="0"/>
  <testcase name="testAbaNumberCheck_9248_bad" classname="com.cardatechnologies.utils.validators.abaroutevalidator.Test_AbaRouteValidator_05" time="0"/>
  <testcase name="testAbaNumberCheck_7622_bad" classname="com.cardatechnologies.utils.validators.abaroutevalidator.Test_AbaRouteValidator_05" time="0"/>
  <testcase name="testAbaNumberCheck_8436_bad" classname="com.cardatechnologies.utils.validators.abaroutevalidator.Test_AbaRouteValidator_05" time="0"/>
  <testcase name="testAbaNumberCheck_8265_good" classname="com.cardatechnologies.utils.validators.abaroutevalidator.Test_AbaRouteValidator_05" time="0"/>
  <testcase name="testAbaNumberCheck_7624_bad" classname="com.cardatechnologies.utils.validators.abaroutevalidator.Test_AbaRouteValidator_05" time="0"/>
  <testcase name="testAbaNumberCheck_8438_bad" classname="com.cardatechnologies.utils.validators.abaroutevalidator.Test_AbaRouteValidator_05" time="0"/>
  <testcase name="testAbaNumberCheck_9863_good" classname="com.cardatechnologies.utils.validators.abaroutevalidator.Test_AbaRouteValidator_05" time="0"/>
  <testcase name="testAbaNumberCheck_8923_good" classname="com.cardatechnologies.utils.validators.abaroutevalidator.Test_AbaRouteValidator_05" time="0"/>
  <testcase name="testAbaNumberCheck_7626_bad" classname="com.cardatechnologies.utils.validators.abaroutevalidator.Test_AbaRouteValidator_05" time="0"/>
  <testcase name="testAbaNumberCheck_9079_good" classname="com.cardatechnologies.utils.validators.abaroutevalidator.Test_AbaRouteValidator_05" time="0"/>
  <testcase name="testAbaNumberCheck_8139_good" classname="com.cardatechnologies.utils.validators.abaroutevalidator.Test_AbaRouteValidator_05" time="0"/>
  <testcase name="testAbaNumberCheck_7628_bad" classname="com.cardatechnologies.utils.validators.abaroutevalidator.Test_AbaRouteValidator_05" time="0"/>
  <testcase name="testAbaNumberCheck_9737_good" classname="com.cardatechnologies.utils.validators.abaroutevalidator.Test_AbaRouteValidator_05" time="0"/>
  <testcase name="testAbaNumberCheck_8761_good" classname="com.cardatechnologies.utils.validators.abaroutevalidator.Test_AbaRouteValidator_05" time="0"/>
  <testcase name="testAbaNumberCheck_7821_good" classname="com.cardatechnologies.utils.validators.abaroutevalidator.Test_AbaRouteValidator_05" time="0"/>
  <testcase name="testAbaNumberCheck_9575_good" classname="com.cardatechnologies.utils.validators.abaroutevalidator.Test_AbaRouteValidator_05" time="0"/>
  <testcase name="testAbaNumberCheck_8635_good" classname="com.cardatechnologies.utils.validators.abaroutevalidator.Test_AbaRouteValidator_05" time="0"/>
  <testcase name="testAbaNumberCheck_9449_good" classname="com.cardatechnologies.utils.validators.abaroutevalidator.Test_AbaRouteValidator_05" time="0"/>
  <testcase name="testAbaNumberCheck_8509_good" classname="com.cardatechnologies.utils.validators.abaroutevalidator.Test_AbaRouteValidator_05" time="0"/>
  <testcase name="testAbaNumberCheck_9700_bad" classname="com.cardatechnologies.utils.validators.abaroutevalidator.Test_AbaRouteValidator_05" time="0"/>
  <testcase name="testAbaNumberCheck_9250_bad" classname="com.cardatechnologies.utils.validators.abaroutevalidator.Test_AbaRouteValidator_05" time="0"/>
  <testcase name="testAbaNumberCheck_9702_bad" classname="com.cardatechnologies.utils.validators.abaroutevalidator.Test_AbaRouteValidator_05" time="0"/>
  <testcase name="testAbaNumberCheck_9252_bad" classname="com.cardatechnologies.utils.validators.abaroutevalidator.Test_AbaRouteValidator_05" time="0"/>
  <testcase name="testAbaNumberCheck_8473_good" classname="com.cardatechnologies.utils.validators.abaroutevalidator.Test_AbaRouteValidator_05" time="0"/>
  <testcase name="testAbaNumberCheck_7533_good" classname="com.cardatechnologies.utils.validators.abaroutevalidator.Test_AbaRouteValidator_05" time="0"/>
  <testcase name="testAbaNumberCheck_9704_bad" classname="com.cardatechnologies.utils.validators.abaroutevalidator.Test_AbaRouteValidator_05" time="0"/>
  <testcase name="testAbaNumberCheck_8440_bad" classname="com.cardatechnologies.utils.validators.abaroutevalidator.Test_AbaRouteValidator_05" time="0"/>
  <testcase name="testAbaNumberCheck_9254_bad" classname="com.cardatechnologies.utils.validators.abaroutevalidator.Test_AbaRouteValidator_05" time="0"/>
  <testcase name="testAbaNumberCheck_9706_bad" classname="com.cardatechnologies.utils.validators.abaroutevalidator.Test_AbaRouteValidator_05" time="0"/>
  <testcase name="testAbaNumberCheck_8442_bad" classname="com.cardatechnologies.utils.validators.abaroutevalidator.Test_AbaRouteValidator_05" time="0"/>
  <testcase name="testAbaNumberCheck_9256_bad" classname="com.cardatechnologies.utils.validators.abaroutevalidator.Test_AbaRouteValidator_05" time="0"/>
  <testcase name="testAbaNumberCheck_9287_good" classname="com.cardatechnologies.utils.validators.abaroutevalidator.Test_AbaRouteValidator_05" time="0"/>
  <testcase name="testAbaNumberCheck_8347_good" classname="com.cardatechnologies.utils.validators.abaroutevalidator.Test_AbaRouteValidator_05" time="0"/>
  <testcase name="testAbaNumberCheck_9708_bad" classname="com.cardatechnologies.utils.validators.abaroutevalidator.Test_AbaRouteValidator_05" time="0"/>
  <testcase name="testAbaNumberCheck_7630_bad" classname="com.cardatechnologies.utils.validators.abaroutevalidator.Test_AbaRouteValidator_05" time="0"/>
  <testcase name="testAbaNumberCheck_8444_bad" classname="com.cardatechnologies.utils.validators.abaroutevalidator.Test_AbaRouteValidator_05" time="0"/>
  <testcase name="testAbaNumberCheck_9258_bad" classname="com.cardatechnologies.utils.validators.abaroutevalidator.Test_AbaRouteValidator_05" time="0"/>
  <testcase name="testAbaNumberCheck_9945_good" classname="com.cardatechnologies.utils.validators.abaroutevalidator.Test_AbaRouteValidator_05" time="0"/>
  <testcase name="testAbaNumberCheck_7632_bad" classname="com.cardatechnologies.utils.validators.abaroutevalidator.Test_AbaRouteValidator_05" time="0"/>
  <testcase name="testAbaNumberCheck_8446_bad" classname="com.cardatechnologies.utils.validators.abaroutevalidator.Test_AbaRouteValidator_05" time="0"/>
  <testcase name="testAbaNumberCheck_7634_bad" classname="com.cardatechnologies.utils.validators.abaroutevalidator.Test_AbaRouteValidator_05" time="0"/>
  <testcase name="testAbaNumberCheck_8448_bad" classname="com.cardatechnologies.utils.validators.abaroutevalidator.Test_AbaRouteValidator_05" time="0"/>
  <testcase name="testAbaNumberCheck_9819_good" classname="com.cardatechnologies.utils.validators.abaroutevalidator.Test_AbaRouteValidator_05" time="0"/>
  <testcase name="testAbaNumberCheck_7636_bad" classname="com.cardatechnologies.utils.validators.abaroutevalidator.Test_AbaRouteValidator_05" time="0"/>
  <testcase name="testAbaNumberCheck_8185_good" classname="com.cardatechnologies.utils.validators.abaroutevalidator.Test_AbaRouteValidator_05" time="0"/>
  <testcase name="testAbaNumberCheck_7638_bad" classname="com.cardatechnologies.utils.validators.abaroutevalidator.Test_AbaRouteValidator_05" time="0"/>
  <testcase name="testAbaNumberCheck_9783_good" classname="com.cardatechnologies.utils.validators.abaroutevalidator.Test_AbaRouteValidator_05" time="0"/>
  <testcase name="testAbaNumberCheck_8843_good" classname="com.cardatechnologies.utils.validators.abaroutevalidator.Test_AbaRouteValidator_05" time="0"/>
  <testcase name="testAbaNumberCheck_7903_good" classname="com.cardatechnologies.utils.validators.abaroutevalidator.Test_AbaRouteValidator_05" time="0"/>
  <testcase name="testAbaNumberCheck_8059_good" classname="com.cardatechnologies.utils.validators.abaroutevalidator.Test_AbaRouteValidator_05" time="0"/>
  <testcase name="testAbaNumberCheck_9657_good" classname="com.cardatechnologies.utils.validators.abaroutevalidator.Test_AbaRouteValidator_05" time="0"/>
  <testcase name="testAbaNumberCheck_8717_good" classname="com.cardatechnologies.utils.validators.abaroutevalidator.Test_AbaRouteValidator_05" time="0"/>
  <testcase name="testAbaNumberCheck_8681_good" classname="com.cardatechnologies.utils.validators.abaroutevalidator.Test_AbaRouteValidator_05" time="0"/>
  <testcase name="testAbaNumberCheck_7741_good" classname="com.cardatechnologies.utils.validators.abaroutevalidator.Test_AbaRouteValidator_05" time="0"/>
  <testcase name="testAbaNumberCheck_9495_good" classname="com.cardatechnologies.utils.validators.abaroutevalidator.Test_AbaRouteValidator_05" time="0"/>
  <testcase name="testAbaNumberCheck_8555_good" classname="com.cardatechnologies.utils.validators.abaroutevalidator.Test_AbaRouteValidator_05" time="0"/>
  <testcase name="testAbaNumberCheck_7615_good" classname="com.cardatechnologies.utils.validators.abaroutevalidator.Test_AbaRouteValidator_05" time="0"/>
  <testcase name="testAbaNumberCheck_9710_bad" classname="com.cardatechnologies.utils.validators.abaroutevalidator.Test_AbaRouteValidator_05" time="0"/>
  <testcase name="testAbaNumberCheck_9260_bad" classname="com.cardatechnologies.utils.validators.abaroutevalidator.Test_AbaRouteValidator_05" time="0"/>
  <testcase name="testAbaNumberCheck_9712_bad" classname="com.cardatechnologies.utils.validators.abaroutevalidator.Test_AbaRouteValidator_05" time="0"/>
  <testcase name="testAbaNumberCheck_9262_bad" classname="com.cardatechnologies.utils.validators.abaroutevalidator.Test_AbaRouteValidator_05" time="0"/>
  <testcase name="testAbaNumberCheck_9369_good" classname="com.cardatechnologies.utils.validators.abaroutevalidator.Test_AbaRouteValidator_05" time="0"/>
  <testcase name="testAbaNumberCheck_8429_good" classname="com.cardatechnologies.utils.validators.abaroutevalidator.Test_AbaRouteValidator_05" time="0"/>
  <testcase name="testAbaNumberCheck_8900_bad" classname="com.cardatechnologies.utils.validators.abaroutevalidator.Test_AbaRouteValidator_05" time="0"/>
  <testcase name="testAbaNumberCheck_9714_bad" classname="com.cardatechnologies.utils.validators.abaroutevalidator.Test_AbaRouteValidator_05" time="0"/>
  <testcase name="testAbaNumberCheck_8450_bad" classname="com.cardatechnologies.utils.validators.abaroutevalidator.Test_AbaRouteValidator_05" time="0"/>
  <testcase name="testAbaNumberCheck_9264_bad" classname="com.cardatechnologies.utils.validators.abaroutevalidator.Test_AbaRouteValidator_05" time="0"/>
  <testcase name="testAbaNumberCheck_8902_bad" classname="com.cardatechnologies.utils.validators.abaroutevalidator.Test_AbaRouteValidator_05" time="0"/>
  <testcase name="testAbaNumberCheck_9716_bad" classname="com.cardatechnologies.utils.validators.abaroutevalidator.Test_AbaRouteValidator_05" time="0"/>
  <testcase name="testAbaNumberCheck_8452_bad" classname="com.cardatechnologies.utils.validators.abaroutevalidator.Test_AbaRouteValidator_05" time="0"/>
  <testcase name="testAbaNumberCheck_9266_bad" classname="com.cardatechnologies.utils.validators.abaroutevalidator.Test_AbaRouteValidator_05" time="0"/>
  <testcase name="testAbaNumberCheck_8393_good" classname="com.cardatechnologies.utils.validators.abaroutevalidator.Test_AbaRouteValidator_05" time="0"/>
  <testcase name="testAbaNumberCheck_8904_bad" classname="com.cardatechnologies.utils.validators.abaroutevalidator.Test_AbaRouteValidator_05" time="0"/>
  <testcase name="testAbaNumberCheck_9718_bad" classname="com.cardatechnologies.utils.validators.abaroutevalidator.Test_AbaRouteValidator_05" time="0"/>
  <testcase name="testAbaNumberCheck_7640_bad" classname="com.cardatechnologies.utils.validators.abaroutevalidator.Test_AbaRouteValidator_05" time="0"/>
  <testcase name="testAbaNumberCheck_8454_bad" classname="com.cardatechnologies.utils.validators.abaroutevalidator.Test_AbaRouteValidator_05" time="0"/>
  <testcase name="testAbaNumberCheck_9268_bad" classname="com.cardatechnologies.utils.validators.abaroutevalidator.Test_AbaRouteValidator_05" time="0"/>
  <testcase name="testAbaNumberCheck_9991_good" classname="com.cardatechnologies.utils.validators.abaroutevalidator.Test_AbaRouteValidator_05" time="0"/>
  <testcase name="testAbaNumberCheck_8906_bad" classname="com.cardatechnologies.utils.validators.abaroutevalidator.Test_AbaRouteValidator_05" time="0"/>
  <testcase name="testAbaNumberCheck_7642_bad" classname="com.cardatechnologies.utils.validators.abaroutevalidator.Test_AbaRouteValidator_05" time="0"/>
  <testcase name="testAbaNumberCheck_8456_bad" classname="com.cardatechnologies.utils.validators.abaroutevalidator.Test_AbaRouteValidator_05" time="0"/>
  <testcase name="testAbaNumberCheck_8267_good" classname="com.cardatechnologies.utils.validators.abaroutevalidator.Test_AbaRouteValidator_05" time="0"/>
  <testcase name="testAbaNumberCheck_8908_bad" classname="com.cardatechnologies.utils.validators.abaroutevalidator.Test_AbaRouteValidator_05" time="0"/>
  <testcase name="testAbaNumberCheck_7644_bad" classname="com.cardatechnologies.utils.validators.abaroutevalidator.Test_AbaRouteValidator_05" time="0"/>
  <testcase name="testAbaNumberCheck_8458_bad" classname="com.cardatechnologies.utils.validators.abaroutevalidator.Test_AbaRouteValidator_05" time="0"/>
  <testcase name="testAbaNumberCheck_9865_good" classname="com.cardatechnologies.utils.validators.abaroutevalidator.Test_AbaRouteValidator_05" time="0"/>
  <testcase name="testAbaNumberCheck_8925_good" classname="com.cardatechnologies.utils.validators.abaroutevalidator.Test_AbaRouteValidator_05" time="0"/>
  <testcase name="testAbaNumberCheck_7646_bad" classname="com.cardatechnologies.utils.validators.abaroutevalidator.Test_AbaRouteValidator_05" time="0"/>
  <testcase name="testAbaNumberCheck_7648_bad" classname="com.cardatechnologies.utils.validators.abaroutevalidator.Test_AbaRouteValidator_05" time="0"/>
  <testcase name="testAbaNumberCheck_9739_good" classname="com.cardatechnologies.utils.validators.abaroutevalidator.Test_AbaRouteValidator_05" time="0"/>
  <testcase name="testAbaNumberCheck_8763_good" classname="com.cardatechnologies.utils.validators.abaroutevalidator.Test_AbaRouteValidator_05" time="0"/>
  <testcase name="testAbaNumberCheck_7823_good" classname="com.cardatechnologies.utils.validators.abaroutevalidator.Test_AbaRouteValidator_05" time="0"/>
  <testcase name="testAbaNumberCheck_9577_good" classname="com.cardatechnologies.utils.validators.abaroutevalidator.Test_AbaRouteValidator_05" time="0"/>
  <testcase name="testAbaNumberCheck_8637_good" classname="com.cardatechnologies.utils.validators.abaroutevalidator.Test_AbaRouteValidator_05" time="0"/>
  <testcase name="testAbaNumberCheck_7661_good" classname="com.cardatechnologies.utils.validators.abaroutevalidator.Test_AbaRouteValidator_05" time="0"/>
  <testcase name="testAbaNumberCheck_9720_bad" classname="com.cardatechnologies.utils.validators.abaroutevalidator.Test_AbaRouteValidator_05" time="0"/>
  <testcase name="testAbaNumberCheck_9270_bad" classname="com.cardatechnologies.utils.validators.abaroutevalidator.Test_AbaRouteValidator_05" time="0"/>
  <testcase name="testAbaNumberCheck_9722_bad" classname="com.cardatechnologies.utils.validators.abaroutevalidator.Test_AbaRouteValidator_05" time="0"/>
  <testcase name="testAbaNumberCheck_9272_bad" classname="com.cardatechnologies.utils.validators.abaroutevalidator.Test_AbaRouteValidator_05" time="0"/>
  <testcase name="testAbaNumberCheck_8475_good" classname="com.cardatechnologies.utils.validators.abaroutevalidator.Test_AbaRouteValidator_05" time="0"/>
  <testcase name="testAbaNumberCheck_7535_good" classname="com.cardatechnologies.utils.validators.abaroutevalidator.Test_AbaRouteValidator_05" time="0"/>
  <testcase name="testAbaNumberCheck_8910_bad" classname="com.cardatechnologies.utils.validators.abaroutevalidator.Test_AbaRouteValidator_05" time="0"/>
  <testcase name="testAbaNumberCheck_9724_bad" classname="com.cardatechnologies.utils.validators.abaroutevalidator.Test_AbaRouteValidator_05" time="0"/>
  <testcase name="testAbaNumberCheck_8460_bad" classname="com.cardatechnologies.utils.validators.abaroutevalidator.Test_AbaRouteValidator_05" time="0"/>
  <testcase name="testAbaNumberCheck_9274_bad" classname="com.cardatechnologies.utils.validators.abaroutevalidator.Test_AbaRouteValidator_05" time="0"/>
  <testcase name="testAbaNumberCheck_8912_bad" classname="com.cardatechnologies.utils.validators.abaroutevalidator.Test_AbaRouteValidator_05" time="0"/>
  <testcase name="testAbaNumberCheck_9726_bad" classname="com.cardatechnologies.utils.validators.abaroutevalidator.Test_AbaRouteValidator_05" time="0"/>
  <testcase name="testAbaNumberCheck_8462_bad" classname="com.cardatechnologies.utils.validators.abaroutevalidator.Test_AbaRouteValidator_05" time="0"/>
  <testcase name="testAbaNumberCheck_9276_bad" classname="com.cardatechnologies.utils.validators.abaroutevalidator.Test_AbaRouteValidator_05" time="0"/>
  <testcase name="testAbaNumberCheck_9289_good" classname="com.cardatechnologies.utils.validators.abaroutevalidator.Test_AbaRouteValidator_05" time="0"/>
  <testcase name="testAbaNumberCheck_8349_good" classname="com.cardatechnologies.utils.validators.abaroutevalidator.Test_AbaRouteValidator_05" time="0"/>
  <testcase name="testAbaNumberCheck_8914_bad" classname="com.cardatechnologies.utils.validators.abaroutevalidator.Test_AbaRouteValidator_05" time="0"/>
  <testcase name="testAbaNumberCheck_9728_bad" classname="com.cardatechnologies.utils.validators.abaroutevalidator.Test_AbaRouteValidator_05" time="0"/>
  <testcase name="testAbaNumberCheck_7650_bad" classname="com.cardatechnologies.utils.validators.abaroutevalidator.Test_AbaRouteValidator_05" time="0"/>
  <testcase name="testAbaNumberCheck_8464_bad" classname="com.cardatechnologies.utils.validators.abaroutevalidator.Test_AbaRouteValidator_05" time="0"/>
  <testcase name="testAbaNumberCheck_9278_bad" classname="com.cardatechnologies.utils.validators.abaroutevalidator.Test_AbaRouteValidator_05" time="0"/>
  <testcase name="testAbaNumberCheck_9947_good" classname="com.cardatechnologies.utils.validators.abaroutevalidator.Test_AbaRouteValidator_05" time="0"/>
  <testcase name="testAbaNumberCheck_8916_bad" classname="com.cardatechnologies.utils.validators.abaroutevalidator.Test_AbaRouteValidator_05" time="0"/>
  <testcase name="testAbaNumberCheck_7652_bad" classname="com.cardatechnologies.utils.validators.abaroutevalidator.Test_AbaRouteValidator_05" time="0"/>
  <testcase name="testAbaNumberCheck_8466_bad" classname="com.cardatechnologies.utils.validators.abaroutevalidator.Test_AbaRouteValidator_05" time="0"/>
  <testcase name="testAbaNumberCheck_8918_bad" classname="com.cardatechnologies.utils.validators.abaroutevalidator.Test_AbaRouteValidator_05" time="0"/>
  <testcase name="testAbaNumberCheck_7654_bad" classname="com.cardatechnologies.utils.validators.abaroutevalidator.Test_AbaRouteValidator_05" time="0"/>
  <testcase name="testAbaNumberCheck_8468_bad" classname="com.cardatechnologies.utils.validators.abaroutevalidator.Test_AbaRouteValidator_05" time="0"/>
  <testcase name="testAbaNumberCheck_8971_good" classname="com.cardatechnologies.utils.validators.abaroutevalidator.Test_AbaRouteValidator_05" time="0"/>
  <testcase name="testAbaNumberCheck_7656_bad" classname="com.cardatechnologies.utils.validators.abaroutevalidator.Test_AbaRouteValidator_05" time="0"/>
  <testcase name="testAbaNumberCheck_8187_good" classname="com.cardatechnologies.utils.validators.abaroutevalidator.Test_AbaRouteValidator_05" time="0"/>
  <testcase name="testAbaNumberCheck_7658_bad" classname="com.cardatechnologies.utils.validators.abaroutevalidator.Test_AbaRouteValidator_05" time="0"/>
  <testcase name="testAbaNumberCheck_9785_good" classname="com.cardatechnologies.utils.validators.abaroutevalidator.Test_AbaRouteValidator_05" time="0"/>
  <testcase name="testAbaNumberCheck_8845_good" classname="com.cardatechnologies.utils.validators.abaroutevalidator.Test_AbaRouteValidator_05" time="0"/>
  <testcase name="testAbaNumberCheck_7905_good" classname="com.cardatechnologies.utils.validators.abaroutevalidator.Test_AbaRouteValidator_05" time="0"/>
  <testcase name="testAbaNumberCheck_9659_good" classname="com.cardatechnologies.utils.validators.abaroutevalidator.Test_AbaRouteValidator_05" time="0.001"/>
  <testcase name="testAbaNumberCheck_8719_good" classname="com.cardatechnologies.utils.validators.abaroutevalidator.Test_AbaRouteValidator_05" time="0"/>
  <testcase name="testAbaNumberCheck_8683_good" classname="com.cardatechnologies.utils.validators.abaroutevalidator.Test_AbaRouteValidator_05" time="0"/>
  <testcase name="testAbaNumberCheck_7743_good" classname="com.cardatechnologies.utils.validators.abaroutevalidator.Test_AbaRouteValidator_05" time="0"/>
  <testcase name="testAbaNumberCheck_9497_good" classname="com.cardatechnologies.utils.validators.abaroutevalidator.Test_AbaRouteValidator_05" time="0"/>
  <testcase name="testAbaNumberCheck_8557_good" classname="com.cardatechnologies.utils.validators.abaroutevalidator.Test_AbaRouteValidator_05" time="0"/>
  <testcase name="testAbaNumberCheck_7617_good" classname="com.cardatechnologies.utils.validators.abaroutevalidator.Test_AbaRouteValidator_05" time="0"/>
  <testcase name="testAbaNumberCheck_9730_bad" classname="com.cardatechnologies.utils.validators.abaroutevalidator.Test_AbaRouteValidator_05" time="0"/>
  <testcase name="testAbaNumberCheck_9280_bad" classname="com.cardatechnologies.utils.validators.abaroutevalidator.Test_AbaRouteValidator_05" time="0"/>
  <testcase name="testAbaNumberCheck_9732_bad" classname="com.cardatechnologies.utils.validators.abaroutevalidator.Test_AbaRouteValidator_05" time="0"/>
  <testcase name="testAbaNumberCheck_7581_good" classname="com.cardatechnologies.utils.validators.abaroutevalidator.Test_AbaRouteValidator_05" time="0"/>
  <testcase name="testAbaNumberCheck_9282_bad" classname="com.cardatechnologies.utils.validators.abaroutevalidator.Test_AbaRouteValidator_05" time="0"/>
  <testcase name="testAbaNumberCheck_8920_bad" classname="com.cardatechnologies.utils.validators.abaroutevalidator.Test_AbaRouteValidator_05" time="0"/>
  <testcase name="testAbaNumberCheck_9734_bad" classname="com.cardatechnologies.utils.validators.abaroutevalidator.Test_AbaRouteValidator_05" time="0"/>
  <testcase name="testAbaNumberCheck_8470_bad" classname="com.cardatechnologies.utils.validators.abaroutevalidator.Test_AbaRouteValidator_05" time="0"/>
  <testcase name="testAbaNumberCheck_9284_bad" classname="com.cardatechnologies.utils.validators.abaroutevalidator.Test_AbaRouteValidator_05" time="0"/>
  <testcase name="testAbaNumberCheck_8922_bad" classname="com.cardatechnologies.utils.validators.abaroutevalidator.Test_AbaRouteValidator_05" time="0"/>
  <testcase name="testAbaNumberCheck_9736_bad" classname="com.cardatechnologies.utils.validators.abaroutevalidator.Test_AbaRouteValidator_05" time="0"/>
  <testcase name="testAbaNumberCheck_8472_bad" classname="com.cardatechnologies.utils.validators.abaroutevalidator.Test_AbaRouteValidator_05" time="0"/>
  <testcase name="testAbaNumberCheck_9286_bad" classname="com.cardatechnologies.utils.validators.abaroutevalidator.Test_AbaRouteValidator_05" time="0"/>
  <testcase name="testAbaNumberCheck_8395_good" classname="com.cardatechnologies.utils.validators.abaroutevalidator.Test_AbaRouteValidator_05" time="0"/>
  <testcase name="testAbaNumberCheck_8924_bad" classname="com.cardatechnologies.utils.validators.abaroutevalidator.Test_AbaRouteValidator_05" time="0"/>
  <testcase name="testAbaNumberCheck_9738_bad" classname="com.cardatechnologies.utils.validators.abaroutevalidator.Test_AbaRouteValidator_05" time="0"/>
  <testcase name="testAbaNumberCheck_7660_bad" classname="com.cardatechnologies.utils.validators.abaroutevalidator.Test_AbaRouteValidator_05" time="0"/>
  <testcase name="testAbaNumberCheck_8474_bad" classname="com.cardatechnologies.utils.validators.abaroutevalidator.Test_AbaRouteValidator_05" time="0"/>
  <testcase name="testAbaNumberCheck_9288_bad" classname="com.cardatechnologies.utils.validators.abaroutevalidator.Test_AbaRouteValidator_05" time="0"/>
  <testcase name="testAbaNumberCheck_9993_good" classname="com.cardatechnologies.utils.validators.abaroutevalidator.Test_AbaRouteValidator_05" time="0"/>
  <testcase name="testAbaNumberCheck_8926_bad" classname="com.cardatechnologies.utils.validators.abaroutevalidator.Test_AbaRouteValidator_05" time="0"/>
  <testcase name="testAbaNumberCheck_7662_bad" classname="com.cardatechnologies.utils.validators.abaroutevalidator.Test_AbaRouteValidator_05" time="0"/>
  <testcase name="testAbaNumberCheck_8476_bad" classname="com.cardatechnologies.utils.validators.abaroutevalidator.Test_AbaRouteValidator_05" time="0"/>
  <testcase name="testAbaNumberCheck_8269_good" classname="com.cardatechnologies.utils.validators.abaroutevalidator.Test_AbaRouteValidator_05" time="0"/>
  <testcase name="testAbaNumberCheck_8928_bad" classname="com.cardatechnologies.utils.validators.abaroutevalidator.Test_AbaRouteValidator_05" time="0"/>
  <testcase name="testAbaNumberCheck_7664_bad" classname="com.cardatechnologies.utils.validators.abaroutevalidator.Test_AbaRouteValidator_05" time="0"/>
  <testcase name="testAbaNumberCheck_8478_bad" classname="com.cardatechnologies.utils.validators.abaroutevalidator.Test_AbaRouteValidator_05" time="0"/>
  <testcase name="testAbaNumberCheck_9867_good" classname="com.cardatechnologies.utils.validators.abaroutevalidator.Test_AbaRouteValidator_05" time="0"/>
  <testcase name="testAbaNumberCheck_8927_good" classname="com.cardatechnologies.utils.validators.abaroutevalidator.Test_AbaRouteValidator_05" time="0"/>
  <testcase name="testAbaNumberCheck_7666_bad" classname="com.cardatechnologies.utils.validators.abaroutevalidator.Test_AbaRouteValidator_05" time="0"/>
  <testcase name="testAbaNumberCheck_7668_bad" classname="com.cardatechnologies.utils.validators.abaroutevalidator.Test_AbaRouteValidator_05" time="0"/>
  <testcase name="testAbaNumberCheck_8891_good" classname="com.cardatechnologies.utils.validators.abaroutevalidator.Test_AbaRouteValidator_05" time="0"/>
  <testcase name="testAbaNumberCheck_7951_good" classname="com.cardatechnologies.utils.validators.abaroutevalidator.Test_AbaRouteValidator_05" time="0"/>
  <testcase name="testAbaNumberCheck_8765_good" classname="com.cardatechnologies.utils.validators.abaroutevalidator.Test_AbaRouteValidator_05" time="0"/>
  <testcase name="testAbaNumberCheck_7825_good" classname="com.cardatechnologies.utils.validators.abaroutevalidator.Test_AbaRouteValidator_05" time="0"/>
  <testcase name="testAbaNumberCheck_9579_good" classname="com.cardatechnologies.utils.validators.abaroutevalidator.Test_AbaRouteValidator_05" time="0"/>
  <testcase name="testAbaNumberCheck_8639_good" classname="com.cardatechnologies.utils.validators.abaroutevalidator.Test_AbaRouteValidator_05" time="0"/>
  <testcase name="testAbaNumberCheck_7663_good" classname="com.cardatechnologies.utils.validators.abaroutevalidator.Test_AbaRouteValidator_05" time="0"/>
  <testcase name="testAbaNumberCheck_9740_bad" classname="com.cardatechnologies.utils.validators.abaroutevalidator.Test_AbaRouteValidator_05" time="0"/>
  <testcase name="testAbaNumberCheck_9290_bad" classname="com.cardatechnologies.utils.validators.abaroutevalidator.Test_AbaRouteValidator_05" time="0"/>
  <testcase name="testAbaNumberCheck_9742_bad" classname="com.cardatechnologies.utils.validators.abaroutevalidator.Test_AbaRouteValidator_05" time="0"/>
  <testcase name="testAbaNumberCheck_9292_bad" classname="com.cardatechnologies.utils.validators.abaroutevalidator.Test_AbaRouteValidator_05" time="0"/>
  <testcase name="testAbaNumberCheck_8477_good" classname="com.cardatechnologies.utils.validators.abaroutevalidator.Test_AbaRouteValidator_05" time="0"/>
  <testcase name="testAbaNumberCheck_7537_good" classname="com.cardatechnologies.utils.validators.abaroutevalidator.Test_AbaRouteValidator_05" time="0"/>
  <testcase name="testAbaNumberCheck_8930_bad" classname="com.cardatechnologies.utils.validators.abaroutevalidator.Test_AbaRouteValidator_05" time="0"/>
  <testcase name="testAbaNumberCheck_9744_bad" classname="com.cardatechnologies.utils.validators.abaroutevalidator.Test_AbaRouteValidator_05" time="0"/>
  <testcase name="testAbaNumberCheck_8480_bad" classname="com.cardatechnologies.utils.validators.abaroutevalidator.Test_AbaRouteValidator_05" time="0"/>
  <testcase name="testAbaNumberCheck_9294_bad" classname="com.cardatechnologies.utils.validators.abaroutevalidator.Test_AbaRouteValidator_05" time="0"/>
  <testcase name="testAbaNumberCheck_8932_bad" classname="com.cardatechnologies.utils.validators.abaroutevalidator.Test_AbaRouteValidator_05" time="0"/>
  <testcase name="testAbaNumberCheck_9746_bad" classname="com.cardatechnologies.utils.validators.abaroutevalidator.Test_AbaRouteValidator_05" time="0"/>
  <testcase name="testAbaNumberCheck_8482_bad" classname="com.cardatechnologies.utils.validators.abaroutevalidator.Test_AbaRouteValidator_05" time="0"/>
  <testcase name="testAbaNumberCheck_9296_bad" classname="com.cardatechnologies.utils.validators.abaroutevalidator.Test_AbaRouteValidator_05" time="0"/>
  <testcase name="testAbaNumberCheck_8934_bad" classname="com.cardatechnologies.utils.validators.abaroutevalidator.Test_AbaRouteValidator_05" time="0"/>
  <testcase name="testAbaNumberCheck_9748_bad" classname="com.cardatechnologies.utils.validators.abaroutevalidator.Test_AbaRouteValidator_05" time="0"/>
  <testcase name="testAbaNumberCheck_7670_bad" classname="com.cardatechnologies.utils.validators.abaroutevalidator.Test_AbaRouteValidator_05" time="0.001"/>
  <testcase name="testAbaNumberCheck_8484_bad" classname="com.cardatechnologies.utils.validators.abaroutevalidator.Test_AbaRouteValidator_05" time="0"/>
  <testcase name="testAbaNumberCheck_9298_bad" classname="com.cardatechnologies.utils.validators.abaroutevalidator.Test_AbaRouteValidator_05" time="0"/>
  <testcase name="testAbaNumberCheck_9949_good" classname="com.cardatechnologies.utils.validators.abaroutevalidator.Test_AbaRouteValidator_05" time="0"/>
  <testcase name="testAbaNumberCheck_8936_bad" classname="com.cardatechnologies.utils.validators.abaroutevalidator.Test_AbaRouteValidator_05" time="0"/>
  <testcase name="testAbaNumberCheck_7672_bad" classname="com.cardatechnologies.utils.validators.abaroutevalidator.Test_AbaRouteValidator_05" time="0"/>
  <testcase name="testAbaNumberCheck_8486_bad" classname="com.cardatechnologies.utils.validators.abaroutevalidator.Test_AbaRouteValidator_05" time="0"/>
  <testcase name="testAbaNumberCheck_8938_bad" classname="com.cardatechnologies.utils.validators.abaroutevalidator.Test_AbaRouteValidator_05" time="0"/>
  <testcase name="testAbaNumberCheck_7674_bad" classname="com.cardatechnologies.utils.validators.abaroutevalidator.Test_AbaRouteValidator_05" time="0"/>
  <testcase name="testAbaNumberCheck_8488_bad" classname="com.cardatechnologies.utils.validators.abaroutevalidator.Test_AbaRouteValidator_05" time="0"/>
  <testcase name="testAbaNumberCheck_8973_good" classname="com.cardatechnologies.utils.validators.abaroutevalidator.Test_AbaRouteValidator_05" time="0"/>
  <testcase name="testAbaNumberCheck_7676_bad" classname="com.cardatechnologies.utils.validators.abaroutevalidator.Test_AbaRouteValidator_05" time="0"/>
  <testcase name="testAbaNumberCheck_8189_good" classname="com.cardatechnologies.utils.validators.abaroutevalidator.Test_AbaRouteValidator_05" time="0"/>
  <testcase name="testAbaNumberCheck_7678_bad" classname="com.cardatechnologies.utils.validators.abaroutevalidator.Test_AbaRouteValidator_05" time="0"/>
  <testcase name="testAbaNumberCheck_9787_good" classname="com.cardatechnologies.utils.validators.abaroutevalidator.Test_AbaRouteValidator_05" time="0"/>
  <testcase name="testAbaNumberCheck_8847_good" classname="com.cardatechnologies.utils.validators.abaroutevalidator.Test_AbaRouteValidator_05" time="0"/>
  <testcase name="testAbaNumberCheck_7907_good" classname="com.cardatechnologies.utils.validators.abaroutevalidator.Test_AbaRouteValidator_05" time="0"/>
  <testcase name="testAbaNumberCheck_7871_good" classname="com.cardatechnologies.utils.validators.abaroutevalidator.Test_AbaRouteValidator_05" time="0"/>
  <testcase name="testAbaNumberCheck_8685_good" classname="com.cardatechnologies.utils.validators.abaroutevalidator.Test_AbaRouteValidator_05" time="0"/>
  <testcase name="testAbaNumberCheck_7745_good" classname="com.cardatechnologies.utils.validators.abaroutevalidator.Test_AbaRouteValidator_05" time="0"/>
  <testcase name="testAbaNumberCheck_9499_good" classname="com.cardatechnologies.utils.validators.abaroutevalidator.Test_AbaRouteValidator_05" time="0"/>
  <testcase name="testAbaNumberCheck_8559_good" classname="com.cardatechnologies.utils.validators.abaroutevalidator.Test_AbaRouteValidator_05" time="0"/>
  <testcase name="testAbaNumberCheck_7619_good" classname="com.cardatechnologies.utils.validators.abaroutevalidator.Test_AbaRouteValidator_05" time="0"/>
  <testcase name="testAbaNumberCheck_9750_bad" classname="com.cardatechnologies.utils.validators.abaroutevalidator.Test_AbaRouteValidator_05" time="0"/>
  <testcase name="testAbaNumberCheck_9752_bad" classname="com.cardatechnologies.utils.validators.abaroutevalidator.Test_AbaRouteValidator_05" time="0"/>
  <testcase name="testAbaNumberCheck_7583_good" classname="com.cardatechnologies.utils.validators.abaroutevalidator.Test_AbaRouteValidator_05" time="0"/>
  <testcase name="testAbaNumberCheck_8940_bad" classname="com.cardatechnologies.utils.validators.abaroutevalidator.Test_AbaRouteValidator_05" time="0"/>
  <testcase name="testAbaNumberCheck_9754_bad" classname="com.cardatechnologies.utils.validators.abaroutevalidator.Test_AbaRouteValidator_05" time="0"/>
  <testcase name="testAbaNumberCheck_8490_bad" classname="com.cardatechnologies.utils.validators.abaroutevalidator.Test_AbaRouteValidator_05" time="0"/>
  <testcase name="testAbaNumberCheck_8942_bad" classname="com.cardatechnologies.utils.validators.abaroutevalidator.Test_AbaRouteValidator_05" time="0"/>
  <testcase name="testAbaNumberCheck_9756_bad" classname="com.cardatechnologies.utils.validators.abaroutevalidator.Test_AbaRouteValidator_05" time="0"/>
  <testcase name="testAbaNumberCheck_8492_bad" classname="com.cardatechnologies.utils.validators.abaroutevalidator.Test_AbaRouteValidator_05" time="0"/>
  <testcase name="testAbaNumberCheck_8397_good" classname="com.cardatechnologies.utils.validators.abaroutevalidator.Test_AbaRouteValidator_05" time="0"/>
  <testcase name="testAbaNumberCheck_8944_bad" classname="com.cardatechnologies.utils.validators.abaroutevalidator.Test_AbaRouteValidator_05" time="0"/>
  <testcase name="testAbaNumberCheck_9758_bad" classname="com.cardatechnologies.utils.validators.abaroutevalidator.Test_AbaRouteValidator_05" time="0"/>
  <testcase name="testAbaNumberCheck_7680_bad" classname="com.cardatechnologies.utils.validators.abaroutevalidator.Test_AbaRouteValidator_05" time="0"/>
  <testcase name="testAbaNumberCheck_8494_bad" classname="com.cardatechnologies.utils.validators.abaroutevalidator.Test_AbaRouteValidator_05" time="0"/>
  <testcase name="testAbaNumberCheck_9995_good" classname="com.cardatechnologies.utils.validators.abaroutevalidator.Test_AbaRouteValidator_05" time="0"/>
  <testcase name="testAbaNumberCheck_8946_bad" classname="com.cardatechnologies.utils.validators.abaroutevalidator.Test_AbaRouteValidator_05" time="0.001"/>
  <testcase name="testAbaNumberCheck_7682_bad" classname="com.cardatechnologies.utils.validators.abaroutevalidator.Test_AbaRouteValidator_05" time="0"/>
  <testcase name="testAbaNumberCheck_8496_bad" classname="com.cardatechnologies.utils.validators.abaroutevalidator.Test_AbaRouteValidator_05" time="0"/>
  <testcase name="testAbaNumberCheck_8948_bad" classname="com.cardatechnologies.utils.validators.abaroutevalidator.Test_AbaRouteValidator_05" time="0"/>
  <testcase name="testAbaNumberCheck_7684_bad" classname="com.cardatechnologies.utils.validators.abaroutevalidator.Test_AbaRouteValidator_05" time="0"/>
  <testcase name="testAbaNumberCheck_8498_bad" classname="com.cardatechnologies.utils.validators.abaroutevalidator.Test_AbaRouteValidator_05" time="0"/>
  <testcase name="testAbaNumberCheck_9869_good" classname="com.cardatechnologies.utils.validators.abaroutevalidator.Test_AbaRouteValidator_05" time="0"/>
  <testcase name="testAbaNumberCheck_8929_good" classname="com.cardatechnologies.utils.validators.abaroutevalidator.Test_AbaRouteValidator_05" time="0"/>
  <testcase name="testAbaNumberCheck_7686_bad" classname="com.cardatechnologies.utils.validators.abaroutevalidator.Test_AbaRouteValidator_05" time="0"/>
  <testcase name="testAbaNumberCheck_7688_bad" classname="com.cardatechnologies.utils.validators.abaroutevalidator.Test_AbaRouteValidator_05" time="0"/>
  <testcase name="testAbaNumberCheck_8893_good" classname="com.cardatechnologies.utils.validators.abaroutevalidator.Test_AbaRouteValidator_05" time="0"/>
  <testcase name="testAbaNumberCheck_7953_good" classname="com.cardatechnologies.utils.validators.abaroutevalidator.Test_AbaRouteValidator_05" time="0"/>
  <testcase name="testAbaNumberCheck_8767_good" classname="com.cardatechnologies.utils.validators.abaroutevalidator.Test_AbaRouteValidator_05" time="0"/>
  <testcase name="testAbaNumberCheck_7827_good" classname="com.cardatechnologies.utils.validators.abaroutevalidator.Test_AbaRouteValidator_05" time="0"/>
  <testcase name="testAbaNumberCheck_7791_good" classname="com.cardatechnologies.utils.validators.abaroutevalidator.Test_AbaRouteValidator_05" time="0"/>
  <testcase name="testAbaNumberCheck_7665_good" classname="com.cardatechnologies.utils.validators.abaroutevalidator.Test_AbaRouteValidator_05" time="0"/>
  <testcase name="testAbaNumberCheck_9760_bad" classname="com.cardatechnologies.utils.validators.abaroutevalidator.Test_AbaRouteValidator_05" time="0"/>
  <testcase name="testAbaNumberCheck_9762_bad" classname="com.cardatechnologies.utils.validators.abaroutevalidator.Test_AbaRouteValidator_05" time="0"/>
  <testcase name="testAbaNumberCheck_8479_good" classname="com.cardatechnologies.utils.validators.abaroutevalidator.Test_AbaRouteValidator_05" time="0"/>
  <testcase name="testAbaNumberCheck_7539_good" classname="com.cardatechnologies.utils.validators.abaroutevalidator.Test_AbaRouteValidator_05" time="0"/>
  <testcase name="testAbaNumberCheck_8950_bad" classname="com.cardatechnologies.utils.validators.abaroutevalidator.Test_AbaRouteValidator_05" time="0"/>
  <testcase name="testAbaNumberCheck_9764_bad" classname="com.cardatechnologies.utils.validators.abaroutevalidator.Test_AbaRouteValidator_05" time="0"/>
  <testcase name="testAbaNumberCheck_8952_bad" classname="com.cardatechnologies.utils.validators.abaroutevalidator.Test_AbaRouteValidator_05" time="0"/>
  <testcase name="testAbaNumberCheck_9766_bad" classname="com.cardatechnologies.utils.validators.abaroutevalidator.Test_AbaRouteValidator_05" time="0.001"/>
  <testcase name="testAbaNumberCheck_8954_bad" classname="com.cardatechnologies.utils.validators.abaroutevalidator.Test_AbaRouteValidator_05" time="0"/>
  <testcase name="testAbaNumberCheck_9768_bad" classname="com.cardatechnologies.utils.validators.abaroutevalidator.Test_AbaRouteValidator_05" time="0"/>
  <testcase name="testAbaNumberCheck_7690_bad" classname="com.cardatechnologies.utils.validators.abaroutevalidator.Test_AbaRouteValidator_05" time="0"/>
  <testcase name="testAbaNumberCheck_8956_bad" classname="com.cardatechnologies.utils.validators.abaroutevalidator.Test_AbaRouteValidator_05" time="0"/>
  <testcase name="testAbaNumberCheck_7692_bad" classname="com.cardatechnologies.utils.validators.abaroutevalidator.Test_AbaRouteValidator_05" time="0"/>
  <testcase name="testAbaNumberCheck_8958_bad" classname="com.cardatechnologies.utils.validators.abaroutevalidator.Test_AbaRouteValidator_05" time="0"/>
  <testcase name="testAbaNumberCheck_7694_bad" classname="com.cardatechnologies.utils.validators.abaroutevalidator.Test_AbaRouteValidator_05" time="0"/>
  <testcase name="testAbaNumberCheck_8975_good" classname="com.cardatechnologies.utils.validators.abaroutevalidator.Test_AbaRouteValidator_05" time="0"/>
  <testcase name="testAbaNumberCheck_7696_bad" classname="com.cardatechnologies.utils.validators.abaroutevalidator.Test_AbaRouteValidator_05" time="0"/>
  <testcase name="testAbaNumberCheck_7698_bad" classname="com.cardatechnologies.utils.validators.abaroutevalidator.Test_AbaRouteValidator_05" time="0"/>
  <testcase name="testAbaNumberCheck_9789_good" classname="com.cardatechnologies.utils.validators.abaroutevalidator.Test_AbaRouteValidator_05" time="0"/>
  <testcase name="testAbaNumberCheck_8849_good" classname="com.cardatechnologies.utils.validators.abaroutevalidator.Test_AbaRouteValidator_05" time="0"/>
  <testcase name="testAbaNumberCheck_7909_good" classname="com.cardatechnologies.utils.validators.abaroutevalidator.Test_AbaRouteValidator_05" time="0"/>
  <testcase name="testAbaNumberCheck_7873_good" classname="com.cardatechnologies.utils.validators.abaroutevalidator.Test_AbaRouteValidator_05" time="0"/>
  <testcase name="testAbaNumberCheck_8687_good" classname="com.cardatechnologies.utils.validators.abaroutevalidator.Test_AbaRouteValidator_05" time="0.001"/>
  <testcase name="testAbaNumberCheck_7747_good" classname="com.cardatechnologies.utils.validators.abaroutevalidator.Test_AbaRouteValidator_05" time="0"/>
  <testcase name="testAbaNumberCheck_9770_bad" classname="com.cardatechnologies.utils.validators.abaroutevalidator.Test_AbaRouteValidator_05" time="0"/>
  <testcase name="testAbaNumberCheck_9772_bad" classname="com.cardatechnologies.utils.validators.abaroutevalidator.Test_AbaRouteValidator_05" time="0"/>
  <testcase name="testAbaNumberCheck_7585_good" classname="com.cardatechnologies.utils.validators.abaroutevalidator.Test_AbaRouteValidator_05" time="0"/>
  <testcase name="testAbaNumberCheck_8960_bad" classname="com.cardatechnologies.utils.validators.abaroutevalidator.Test_AbaRouteValidator_05" time="0"/>
  <testcase name="testAbaNumberCheck_9774_bad" classname="com.cardatechnologies.utils.validators.abaroutevalidator.Test_AbaRouteValidator_05" time="0"/>
  <testcase name="testAbaNumberCheck_8962_bad" classname="com.cardatechnologies.utils.validators.abaroutevalidator.Test_AbaRouteValidator_05" time="0"/>
  <testcase name="testAbaNumberCheck_9776_bad" classname="com.cardatechnologies.utils.validators.abaroutevalidator.Test_AbaRouteValidator_05" time="0"/>
  <testcase name="testAbaNumberCheck_8399_good" classname="com.cardatechnologies.utils.validators.abaroutevalidator.Test_AbaRouteValidator_05" time="0"/>
  <testcase name="testAbaNumberCheck_8964_bad" classname="com.cardatechnologies.utils.validators.abaroutevalidator.Test_AbaRouteValidator_05" time="0"/>
  <testcase name="testAbaNumberCheck_9778_bad" classname="com.cardatechnologies.utils.validators.abaroutevalidator.Test_AbaRouteValidator_05" time="0"/>
  <testcase name="testAbaNumberCheck_9997_good" classname="com.cardatechnologies.utils.validators.abaroutevalidator.Test_AbaRouteValidator_05" time="0"/>
  <testcase name="testAbaNumberCheck_8966_bad" classname="com.cardatechnologies.utils.validators.abaroutevalidator.Test_AbaRouteValidator_05" time="0"/>
  <testcase name="testAbaNumberCheck_8968_bad" classname="com.cardatechnologies.utils.validators.abaroutevalidator.Test_AbaRouteValidator_05" time="0"/>
  <testcase name="testAbaNumberCheck_8895_good" classname="com.cardatechnologies.utils.validators.abaroutevalidator.Test_AbaRouteValidator_05" time="0"/>
  <testcase name="testAbaNumberCheck_7955_good" classname="com.cardatechnologies.utils.validators.abaroutevalidator.Test_AbaRouteValidator_05" time="0"/>
  <testcase name="testAbaNumberCheck_8769_good" classname="com.cardatechnologies.utils.validators.abaroutevalidator.Test_AbaRouteValidator_05" time="0"/>
  <testcase name="testAbaNumberCheck_7829_good" classname="com.cardatechnologies.utils.validators.abaroutevalidator.Test_AbaRouteValidator_05" time="0"/>
  <testcase name="testAbaNumberCheck_7793_good" classname="com.cardatechnologies.utils.validators.abaroutevalidator.Test_AbaRouteValidator_05" time="0"/>
  <testcase name="testAbaNumberCheck_7667_good" classname="com.cardatechnologies.utils.validators.abaroutevalidator.Test_AbaRouteValidator_05" time="0"/>
  <testcase name="testAbaNumberCheck_9780_bad" classname="com.cardatechnologies.utils.validators.abaroutevalidator.Test_AbaRouteValidator_05" time="0"/>
  <testcase name="testAbaNumberCheck_9782_bad" classname="com.cardatechnologies.utils.validators.abaroutevalidator.Test_AbaRouteValidator_05" time="0"/>
  <testcase name="testAbaNumberCheck_8970_bad" classname="com.cardatechnologies.utils.validators.abaroutevalidator.Test_AbaRouteValidator_05" time="0"/>
  <testcase name="testAbaNumberCheck_9784_bad" classname="com.cardatechnologies.utils.validators.abaroutevalidator.Test_AbaRouteValidator_05" time="0"/>
  <testcase name="testAbaNumberCheck_8972_bad" classname="com.cardatechnologies.utils.validators.abaroutevalidator.Test_AbaRouteValidator_05" time="0"/>
  <testcase name="testAbaNumberCheck_9786_bad" classname="com.cardatechnologies.utils.validators.abaroutevalidator.Test_AbaRouteValidator_05" time="0"/>
  <testcase name="testAbaNumberCheck_8974_bad" classname="com.cardatechnologies.utils.validators.abaroutevalidator.Test_AbaRouteValidator_05" time="0"/>
  <testcase name="testAbaNumberCheck_9788_bad" classname="com.cardatechnologies.utils.validators.abaroutevalidator.Test_AbaRouteValidator_05" time="0"/>
  <testcase name="testAbaNumberCheck_8976_bad" classname="com.cardatechnologies.utils.validators.abaroutevalidator.Test_AbaRouteValidator_05" time="0"/>
  <testcase name="testAbaNumberCheck_8978_bad" classname="com.cardatechnologies.utils.validators.abaroutevalidator.Test_AbaRouteValidator_05" time="0"/>
  <testcase name="testAbaNumberCheck_8977_good" classname="com.cardatechnologies.utils.validators.abaroutevalidator.Test_AbaRouteValidator_05" time="0"/>
  <testcase name="testAbaNumberCheck_7875_good" classname="com.cardatechnologies.utils.validators.abaroutevalidator.Test_AbaRouteValidator_05" time="0"/>
  <testcase name="testAbaNumberCheck_8689_good" classname="com.cardatechnologies.utils.validators.abaroutevalidator.Test_AbaRouteValidator_05" time="0"/>
  <testcase name="testAbaNumberCheck_7749_good" classname="com.cardatechnologies.utils.validators.abaroutevalidator.Test_AbaRouteValidator_05" time="0"/>
  <testcase name="testAbaNumberCheck_9790_bad" classname="com.cardatechnologies.utils.validators.abaroutevalidator.Test_AbaRouteValidator_05" time="0"/>
  <testcase name="testAbaNumberCheck_9792_bad" classname="com.cardatechnologies.utils.validators.abaroutevalidator.Test_AbaRouteValidator_05" time="0"/>
  <testcase name="testAbaNumberCheck_7587_good" classname="com.cardatechnologies.utils.validators.abaroutevalidator.Test_AbaRouteValidator_05" time="0"/>
  <testcase name="testAbaNumberCheck_8980_bad" classname="com.cardatechnologies.utils.validators.abaroutevalidator.Test_AbaRouteValidator_05" time="0"/>
  <testcase name="testAbaNumberCheck_9794_bad" classname="com.cardatechnologies.utils.validators.abaroutevalidator.Test_AbaRouteValidator_05" time="0"/>
  <testcase name="testAbaNumberCheck_8982_bad" classname="com.cardatechnologies.utils.validators.abaroutevalidator.Test_AbaRouteValidator_05" time="0"/>
  <testcase name="testAbaNumberCheck_9796_bad" classname="com.cardatechnologies.utils.validators.abaroutevalidator.Test_AbaRouteValidator_05" time="0"/>
  <testcase name="testAbaNumberCheck_8984_bad" classname="com.cardatechnologies.utils.validators.abaroutevalidator.Test_AbaRouteValidator_05" time="0"/>
  <testcase name="testAbaNumberCheck_9798_bad" classname="com.cardatechnologies.utils.validators.abaroutevalidator.Test_AbaRouteValidator_05" time="0.001"/>
  <testcase name="testAbaNumberCheck_9999_good" classname="com.cardatechnologies.utils.validators.abaroutevalidator.Test_AbaRouteValidator_05" time="0"/>
  <testcase name="testAbaNumberCheck_8986_bad" classname="com.cardatechnologies.utils.validators.abaroutevalidator.Test_AbaRouteValidator_05" time="0"/>
  <testcase name="testAbaNumberCheck_8988_bad" classname="com.cardatechnologies.utils.validators.abaroutevalidator.Test_AbaRouteValidator_05" time="0"/>
  <testcase name="testAbaNumberCheck_8897_good" classname="com.cardatechnologies.utils.validators.abaroutevalidator.Test_AbaRouteValidator_05" time="0"/>
  <testcase name="testAbaNumberCheck_7957_good" classname="com.cardatechnologies.utils.validators.abaroutevalidator.Test_AbaRouteValidator_05" time="0"/>
  <testcase name="testAbaNumberCheck_7795_good" classname="com.cardatechnologies.utils.validators.abaroutevalidator.Test_AbaRouteValidator_05" time="0"/>
  <testcase name="testAbaNumberCheck_7669_good" classname="com.cardatechnologies.utils.validators.abaroutevalidator.Test_AbaRouteValidator_05" time="0"/>
  <testcase name="testAbaNumberCheck_8990_bad" classname="com.cardatechnologies.utils.validators.abaroutevalidator.Test_AbaRouteValidator_05" time="0"/>
  <testcase name="testAbaNumberCheck_8992_bad" classname="com.cardatechnologies.utils.validators.abaroutevalidator.Test_AbaRouteValidator_05" time="0"/>
  <testcase name="testAbaNumberCheck_8994_bad" classname="com.cardatechnologies.utils.validators.abaroutevalidator.Test_AbaRouteValidator_05" time="0"/>
  <testcase name="testAbaNumberCheck_8996_bad" classname="com.cardatechnologies.utils.validators.abaroutevalidator.Test_AbaRouteValidator_05" time="0"/>
  <testcase name="testAbaNumberCheck_8998_bad" classname="com.cardatechnologies.utils.validators.abaroutevalidator.Test_AbaRouteValidator_05" time="0"/>
  <testcase name="testAbaNumberCheck_8979_good" classname="com.cardatechnologies.utils.validators.abaroutevalidator.Test_AbaRouteValidator_05" time="0"/>
  <testcase name="testAbaNumberCheck_7877_good" classname="com.cardatechnologies.utils.validators.abaroutevalidator.Test_AbaRouteValidator_05" time="0"/>
  <testcase name="testAbaNumberCheck_7589_good" classname="com.cardatechnologies.utils.validators.abaroutevalidator.Test_AbaRouteValidator_05" time="0"/>
  <testcase name="testAbaNumberCheck_8899_good" classname="com.cardatechnologies.utils.validators.abaroutevalidator.Test_AbaRouteValidator_05" time="0"/>
  <testcase name="testAbaNumberCheck_7959_good" classname="com.cardatechnologies.utils.validators.abaroutevalidator.Test_AbaRouteValidator_05" time="0"/>
  <testcase name="testAbaNumberCheck_7797_good" classname="com.cardatechnologies.utils.validators.abaroutevalidator.Test_AbaRouteValidator_05" time="0"/>
  <testcase name="testAbaNumberCheck_7879_good" classname="com.cardatechnologies.utils.validators.abaroutevalidator.Test_AbaRouteValidator_05" time="0"/>
  <testcase name="testAbaNumberCheck_7799_good" classname="com.cardatechnologies.utils.validators.abaroutevalidator.Test_AbaRouteValidator_05" time="0"/>
  <testcase name="testAbaNumberCheck_9111_good" classname="com.cardatechnologies.utils.validators.abaroutevalidator.Test_AbaRouteValidator_05" time="0"/>
  <testcase name="testAbaNumberCheck_9031_good" classname="com.cardatechnologies.utils.validators.abaroutevalidator.Test_AbaRouteValidator_05" time="0"/>
  <testcase name="testAbaNumberCheck_9401_good" classname="com.cardatechnologies.utils.validators.abaroutevalidator.Test_AbaRouteValidator_05" time="0"/>
  <testcase name="testAbaNumberCheck_9113_good" classname="com.cardatechnologies.utils.validators.abaroutevalidator.Test_AbaRouteValidator_05" time="0"/>
  <testcase name="testAbaNumberCheck_8011_good" classname="com.cardatechnologies.utils.validators.abaroutevalidator.Test_AbaRouteValidator_05" time="0"/>
  <testcase name="testAbaNumberCheck_9321_good" classname="com.cardatechnologies.utils.validators.abaroutevalidator.Test_AbaRouteValidator_05" time="0"/>
  <testcase name="testAbaNumberCheck_9033_good" classname="com.cardatechnologies.utils.validators.abaroutevalidator.Test_AbaRouteValidator_05" time="0"/>
  <testcase name="testAbaNumberCheck_9403_good" classname="com.cardatechnologies.utils.validators.abaroutevalidator.Test_AbaRouteValidator_05" time="0"/>
  <testcase name="testAbaNumberCheck_9241_good" classname="com.cardatechnologies.utils.validators.abaroutevalidator.Test_AbaRouteValidator_05" time="0"/>
  <testcase name="testAbaNumberCheck_8301_good" classname="com.cardatechnologies.utils.validators.abaroutevalidator.Test_AbaRouteValidator_05" time="0"/>
  <testcase name="testAbaNumberCheck_9115_good" classname="com.cardatechnologies.utils.validators.abaroutevalidator.Test_AbaRouteValidator_05" time="0"/>
  <testcase name="testAbaNumberCheck_8013_good" classname="com.cardatechnologies.utils.validators.abaroutevalidator.Test_AbaRouteValidator_05" time="0"/>
  <testcase name="testAbaNumberCheck_9611_good" classname="com.cardatechnologies.utils.validators.abaroutevalidator.Test_AbaRouteValidator_05" time="0"/>
  <testcase name="testAbaNumberCheck_9323_good" classname="com.cardatechnologies.utils.validators.abaroutevalidator.Test_AbaRouteValidator_05" time="0"/>
  <testcase name="testAbaNumberCheck_9161_good" classname="com.cardatechnologies.utils.validators.abaroutevalidator.Test_AbaRouteValidator_05" time="0"/>
  <testcase name="testAbaNumberCheck_8221_good" classname="com.cardatechnologies.utils.validators.abaroutevalidator.Test_AbaRouteValidator_05" time="0"/>
  <testcase name="testAbaNumberCheck_9035_good" classname="com.cardatechnologies.utils.validators.abaroutevalidator.Test_AbaRouteValidator_05" time="0"/>
  <testcase name="testAbaNumberCheck_9531_good" classname="com.cardatechnologies.utils.validators.abaroutevalidator.Test_AbaRouteValidator_05" time="0"/>
  <testcase name="testAbaNumberCheck_9405_good" classname="com.cardatechnologies.utils.validators.abaroutevalidator.Test_AbaRouteValidator_05" time="0"/>
  <testcase name="testAbaNumberCheck_8000_bad" classname="com.cardatechnologies.utils.validators.abaroutevalidator.Test_AbaRouteValidator_05" time="0"/>
  <testcase name="testAbaNumberCheck_8002_bad" classname="com.cardatechnologies.utils.validators.abaroutevalidator.Test_AbaRouteValidator_05" time="0"/>
  <testcase name="testAbaNumberCheck_9243_good" classname="com.cardatechnologies.utils.validators.abaroutevalidator.Test_AbaRouteValidator_05" time="0.001"/>
  <testcase name="testAbaNumberCheck_8303_good" classname="com.cardatechnologies.utils.validators.abaroutevalidator.Test_AbaRouteValidator_05" time="0"/>
  <testcase name="testAbaNumberCheck_8004_bad" classname="com.cardatechnologies.utils.validators.abaroutevalidator.Test_AbaRouteValidator_05" time="0"/>
  <testcase name="testAbaNumberCheck_9901_good" classname="com.cardatechnologies.utils.validators.abaroutevalidator.Test_AbaRouteValidator_05" time="0"/>
  <testcase name="testAbaNumberCheck_8006_bad" classname="com.cardatechnologies.utils.validators.abaroutevalidator.Test_AbaRouteValidator_05" time="0"/>
  <testcase name="testAbaNumberCheck_9117_good" classname="com.cardatechnologies.utils.validators.abaroutevalidator.Test_AbaRouteValidator_05" time="0"/>
  <testcase name="testAbaNumberCheck_8008_bad" classname="com.cardatechnologies.utils.validators.abaroutevalidator.Test_AbaRouteValidator_05" time="0"/>
  <testcase name="testAbaNumberCheck_9081_good" classname="com.cardatechnologies.utils.validators.abaroutevalidator.Test_AbaRouteValidator_05" time="0"/>
  <testcase name="testAbaNumberCheck_8141_good" classname="com.cardatechnologies.utils.validators.abaroutevalidator.Test_AbaRouteValidator_05" time="0"/>
  <testcase name="testAbaNumberCheck_8015_good" classname="com.cardatechnologies.utils.validators.abaroutevalidator.Test_AbaRouteValidator_05" time="0"/>
  <testcase name="testAbaNumberCheck_9613_good" classname="com.cardatechnologies.utils.validators.abaroutevalidator.Test_AbaRouteValidator_05" time="0"/>
  <testcase name="testAbaNumberCheck_9451_good" classname="com.cardatechnologies.utils.validators.abaroutevalidator.Test_AbaRouteValidator_05" time="0"/>
  <testcase name="testAbaNumberCheck_8511_good" classname="com.cardatechnologies.utils.validators.abaroutevalidator.Test_AbaRouteValidator_05" time="0"/>
  <testcase name="testAbaNumberCheck_9325_good" classname="com.cardatechnologies.utils.validators.abaroutevalidator.Test_AbaRouteValidator_05" time="0"/>
  <testcase name="testAbaNumberCheck_8010_bad" classname="com.cardatechnologies.utils.validators.abaroutevalidator.Test_AbaRouteValidator_05" time="0"/>
  <testcase name="testAbaNumberCheck_8012_bad" classname="com.cardatechnologies.utils.validators.abaroutevalidator.Test_AbaRouteValidator_05" time="0"/>
  <testcase name="testAbaNumberCheck_8014_bad" classname="com.cardatechnologies.utils.validators.abaroutevalidator.Test_AbaRouteValidator_05" time="0"/>
  <testcase name="testAbaNumberCheck_8016_bad" classname="com.cardatechnologies.utils.validators.abaroutevalidator.Test_AbaRouteValidator_05" time="0"/>
  <testcase name="testAbaNumberCheck_9163_good" classname="com.cardatechnologies.utils.validators.abaroutevalidator.Test_AbaRouteValidator_05" time="0"/>
  <testcase name="testAbaNumberCheck_8223_good" classname="com.cardatechnologies.utils.validators.abaroutevalidator.Test_AbaRouteValidator_05" time="0"/>
  <testcase name="testAbaNumberCheck_8018_bad" classname="com.cardatechnologies.utils.validators.abaroutevalidator.Test_AbaRouteValidator_05" time="0"/>
  <testcase name="testAbaNumberCheck_9821_good" classname="com.cardatechnologies.utils.validators.abaroutevalidator.Test_AbaRouteValidator_05" time="0"/>
  <testcase name="testAbaNumberCheck_9037_good" classname="com.cardatechnologies.utils.validators.abaroutevalidator.Test_AbaRouteValidator_05" time="0"/>
  <testcase name="testAbaNumberCheck_8061_good" classname="com.cardatechnologies.utils.validators.abaroutevalidator.Test_AbaRouteValidator_05" time="0"/>
  <testcase name="testAbaNumberCheck_9533_good" classname="com.cardatechnologies.utils.validators.abaroutevalidator.Test_AbaRouteValidator_05" time="0.001"/>
  <testcase name="testAbaNumberCheck_9407_good" classname="com.cardatechnologies.utils.validators.abaroutevalidator.Test_AbaRouteValidator_05" time="0"/>
  <testcase name="testAbaNumberCheck_9371_good" classname="com.cardatechnologies.utils.validators.abaroutevalidator.Test_AbaRouteValidator_05" time="0"/>
  <testcase name="testAbaNumberCheck_8431_good" classname="com.cardatechnologies.utils.validators.abaroutevalidator.Test_AbaRouteValidator_05" time="0"/>
  <testcase name="testAbaNumberCheck_8020_bad" classname="com.cardatechnologies.utils.validators.abaroutevalidator.Test_AbaRouteValidator_05" time="0"/>
  <testcase name="testAbaNumberCheck_8022_bad" classname="com.cardatechnologies.utils.validators.abaroutevalidator.Test_AbaRouteValidator_05" time="0"/>
  <testcase name="testAbaNumberCheck_9245_good" classname="com.cardatechnologies.utils.validators.abaroutevalidator.Test_AbaRouteValidator_05" time="0"/>
  <testcase name="testAbaNumberCheck_8305_good" classname="com.cardatechnologies.utils.validators.abaroutevalidator.Test_AbaRouteValidator_05" time="0"/>
  <testcase name="testAbaNumberCheck_8024_bad" classname="com.cardatechnologies.utils.validators.abaroutevalidator.Test_AbaRouteValidator_05" time="0"/>
  <testcase name="testAbaNumberCheck_9903_good" classname="com.cardatechnologies.utils.validators.abaroutevalidator.Test_AbaRouteValidator_05" time="0"/>
  <testcase name="testAbaNumberCheck_8026_bad" classname="com.cardatechnologies.utils.validators.abaroutevalidator.Test_AbaRouteValidator_05" time="0"/>
  <testcase name="testAbaNumberCheck_9119_good" classname="com.cardatechnologies.utils.validators.abaroutevalidator.Test_AbaRouteValidator_05" time="0"/>
  <testcase name="testAbaNumberCheck_8028_bad" classname="com.cardatechnologies.utils.validators.abaroutevalidator.Test_AbaRouteValidator_05" time="0"/>
  <testcase name="testAbaNumberCheck_9083_good" classname="com.cardatechnologies.utils.validators.abaroutevalidator.Test_AbaRouteValidator_05" time="0"/>
  <testcase name="testAbaNumberCheck_8143_good" classname="com.cardatechnologies.utils.validators.abaroutevalidator.Test_AbaRouteValidator_05" time="0"/>
  <testcase name="testAbaNumberCheck_9741_good" classname="com.cardatechnologies.utils.validators.abaroutevalidator.Test_AbaRouteValidator_05" time="0"/>
  <testcase name="testAbaNumberCheck_8801_good" classname="com.cardatechnologies.utils.validators.abaroutevalidator.Test_AbaRouteValidator_05" time="0"/>
  <testcase name="testAbaNumberCheck_8017_good" classname="com.cardatechnologies.utils.validators.abaroutevalidator.Test_AbaRouteValidator_05" time="0"/>
  <testcase name="testAbaNumberCheck_9615_good" classname="com.cardatechnologies.utils.validators.abaroutevalidator.Test_AbaRouteValidator_05" time="0"/>
  <testcase name="testAbaNumberCheck_9453_good" classname="com.cardatechnologies.utils.validators.abaroutevalidator.Test_AbaRouteValidator_05" time="0"/>
  <testcase name="testAbaNumberCheck_8513_good" classname="com.cardatechnologies.utils.validators.abaroutevalidator.Test_AbaRouteValidator_05" time="0"/>
  <testcase name="testAbaNumberCheck_9327_good" classname="com.cardatechnologies.utils.validators.abaroutevalidator.Test_AbaRouteValidator_05" time="0"/>
  <testcase name="testAbaNumberCheck_8030_bad" classname="com.cardatechnologies.utils.validators.abaroutevalidator.Test_AbaRouteValidator_05" time="0"/>
  <testcase name="testAbaNumberCheck_9291_good" classname="com.cardatechnologies.utils.validators.abaroutevalidator.Test_AbaRouteValidator_05" time="0"/>
  <testcase name="testAbaNumberCheck_8032_bad" classname="com.cardatechnologies.utils.validators.abaroutevalidator.Test_AbaRouteValidator_05" time="0"/>
  <testcase name="testAbaNumberCheck_8351_good" classname="com.cardatechnologies.utils.validators.abaroutevalidator.Test_AbaRouteValidator_05" time="0"/>
  <testcase name="testAbaNumberCheck_8034_bad" classname="com.cardatechnologies.utils.validators.abaroutevalidator.Test_AbaRouteValidator_05" time="0"/>
  <testcase name="testAbaNumberCheck_8036_bad" classname="com.cardatechnologies.utils.validators.abaroutevalidator.Test_AbaRouteValidator_05" time="0"/>
  <testcase name="testAbaNumberCheck_9165_good" classname="com.cardatechnologies.utils.validators.abaroutevalidator.Test_AbaRouteValidator_05" time="0"/>
  <testcase name="testAbaNumberCheck_8225_good" classname="com.cardatechnologies.utils.validators.abaroutevalidator.Test_AbaRouteValidator_05" time="0"/>
  <testcase name="testAbaNumberCheck_8038_bad" classname="com.cardatechnologies.utils.validators.abaroutevalidator.Test_AbaRouteValidator_05" time="0"/>
  <testcase name="testAbaNumberCheck_9823_good" classname="com.cardatechnologies.utils.validators.abaroutevalidator.Test_AbaRouteValidator_05" time="0"/>
  <testcase name="testAbaNumberCheck_9039_good" classname="com.cardatechnologies.utils.validators.abaroutevalidator.Test_AbaRouteValidator_05" time="0"/>
  <testcase name="testAbaNumberCheck_8063_good" classname="com.cardatechnologies.utils.validators.abaroutevalidator.Test_AbaRouteValidator_05" time="0"/>
  <testcase name="testAbaNumberCheck_9661_good" classname="com.cardatechnologies.utils.validators.abaroutevalidator.Test_AbaRouteValidator_05" time="0"/>
  <testcase name="testAbaNumberCheck_8721_good" classname="com.cardatechnologies.utils.validators.abaroutevalidator.Test_AbaRouteValidator_05" time="0"/>
  <testcase name="testAbaNumberCheck_9535_good" classname="com.cardatechnologies.utils.validators.abaroutevalidator.Test_AbaRouteValidator_05" time="0"/>
  <testcase name="testAbaNumberCheck_9409_good" classname="com.cardatechnologies.utils.validators.abaroutevalidator.Test_AbaRouteValidator_05" time="0"/>
  <testcase name="testAbaNumberCheck_9300_bad" classname="com.cardatechnologies.utils.validators.abaroutevalidator.Test_AbaRouteValidator_05" time="0"/>
  <testcase name="testAbaNumberCheck_9302_bad" classname="com.cardatechnologies.utils.validators.abaroutevalidator.Test_AbaRouteValidator_05" time="0"/>
  <testcase name="testAbaNumberCheck_9373_good" classname="com.cardatechnologies.utils.validators.abaroutevalidator.Test_AbaRouteValidator_05" time="0"/>
  <testcase name="testAbaNumberCheck_8433_good" classname="com.cardatechnologies.utils.validators.abaroutevalidator.Test_AbaRouteValidator_05" time="0.001"/>
  <testcase name="testAbaNumberCheck_9304_bad" classname="com.cardatechnologies.utils.validators.abaroutevalidator.Test_AbaRouteValidator_05" time="0"/>
  <testcase name="testAbaNumberCheck_8040_bad" classname="com.cardatechnologies.utils.validators.abaroutevalidator.Test_AbaRouteValidator_05" time="0"/>
  <testcase name="testAbaNumberCheck_9306_bad" classname="com.cardatechnologies.utils.validators.abaroutevalidator.Test_AbaRouteValidator_05" time="0"/>
  <testcase name="testAbaNumberCheck_8042_bad" classname="com.cardatechnologies.utils.validators.abaroutevalidator.Test_AbaRouteValidator_05" time="0"/>
  <testcase name="testAbaNumberCheck_9247_good" classname="com.cardatechnologies.utils.validators.abaroutevalidator.Test_AbaRouteValidator_05" time="0"/>
  <testcase name="testAbaNumberCheck_8307_good" classname="com.cardatechnologies.utils.validators.abaroutevalidator.Test_AbaRouteValidator_05" time="0"/>
  <testcase name="testAbaNumberCheck_9308_bad" classname="com.cardatechnologies.utils.validators.abaroutevalidator.Test_AbaRouteValidator_05" time="0"/>
  <testcase name="testAbaNumberCheck_8044_bad" classname="com.cardatechnologies.utils.validators.abaroutevalidator.Test_AbaRouteValidator_05" time="0"/>
  <testcase name="testAbaNumberCheck_9905_good" classname="com.cardatechnologies.utils.validators.abaroutevalidator.Test_AbaRouteValidator_05" time="0"/>
  <testcase name="testAbaNumberCheck_8046_bad" classname="com.cardatechnologies.utils.validators.abaroutevalidator.Test_AbaRouteValidator_05" time="0"/>
  <testcase name="testAbaNumberCheck_8271_good" classname="com.cardatechnologies.utils.validators.abaroutevalidator.Test_AbaRouteValidator_05" time="0"/>
  <testcase name="testAbaNumberCheck_8048_bad" classname="com.cardatechnologies.utils.validators.abaroutevalidator.Test_AbaRouteValidator_05" time="0"/>
  <testcase name="testAbaNumberCheck_9085_good" classname="com.cardatechnologies.utils.validators.abaroutevalidator.Test_AbaRouteValidator_05" time="0.001"/>
  <testcase name="testAbaNumberCheck_8145_good" classname="com.cardatechnologies.utils.validators.abaroutevalidator.Test_AbaRouteValidator_05" time="0"/>
  <testcase name="testAbaNumberCheck_9743_good" classname="com.cardatechnologies.utils.validators.abaroutevalidator.Test_AbaRouteValidator_05" time="0"/>
  <testcase name="testAbaNumberCheck_8803_good" classname="com.cardatechnologies.utils.validators.abaroutevalidator.Test_AbaRouteValidator_05" time="0"/>
  <testcase name="testAbaNumberCheck_8019_good" classname="com.cardatechnologies.utils.validators.abaroutevalidator.Test_AbaRouteValidator_05" time="0"/>
  <testcase name="testAbaNumberCheck_9617_good" classname="com.cardatechnologies.utils.validators.abaroutevalidator.Test_AbaRouteValidator_05" time="0"/>
  <testcase name="testAbaNumberCheck_9581_good" classname="com.cardatechnologies.utils.validators.abaroutevalidator.Test_AbaRouteValidator_05" time="0"/>
  <testcase name="testAbaNumberCheck_8641_good" classname="com.cardatechnologies.utils.validators.abaroutevalidator.Test_AbaRouteValidator_05" time="0"/>
  <testcase name="testAbaNumberCheck_7701_good" classname="com.cardatechnologies.utils.validators.abaroutevalidator.Test_AbaRouteValidator_05" time="0"/>
  <testcase name="testAbaNumberCheck_9455_good" classname="com.cardatechnologies.utils.validators.abaroutevalidator.Test_AbaRouteValidator_05" time="0"/>
  <testcase name="testAbaNumberCheck_8515_good" classname="com.cardatechnologies.utils.validators.abaroutevalidator.Test_AbaRouteValidator_05" time="0"/>
  <testcase name="testAbaNumberCheck_9310_bad" classname="com.cardatechnologies.utils.validators.abaroutevalidator.Test_AbaRouteValidator_05" time="0"/>
  <testcase name="testAbaNumberCheck_9312_bad" classname="com.cardatechnologies.utils.validators.abaroutevalidator.Test_AbaRouteValidator_05" time="0.001"/>
  <testcase name="testAbaNumberCheck_9329_good" classname="com.cardatechnologies.utils.validators.abaroutevalidator.Test_AbaRouteValidator_05" time="0"/>
  <testcase name="testAbaNumberCheck_8500_bad" classname="com.cardatechnologies.utils.validators.abaroutevalidator.Test_AbaRouteValidator_05" time="0"/>
  <testcase name="testAbaNumberCheck_9314_bad" classname="com.cardatechnologies.utils.validators.abaroutevalidator.Test_AbaRouteValidator_05" time="0"/>
  <testcase name="testAbaNumberCheck_8050_bad" classname="com.cardatechnologies.utils.validators.abaroutevalidator.Test_AbaRouteValidator_05" time="0"/>
  <testcase name="testAbaNumberCheck_8502_bad" classname="com.cardatechnologies.utils.validators.abaroutevalidator.Test_AbaRouteValidator_05" time="0"/>
  <testcase name="testAbaNumberCheck_9316_bad" classname="com.cardatechnologies.utils.validators.abaroutevalidator.Test_AbaRouteValidator_05" time="0"/>
  <testcase name="testAbaNumberCheck_9293_good" classname="com.cardatechnologies.utils.validators.abaroutevalidator.Test_AbaRouteValidator_05" time="0"/>
  <testcase name="testAbaNumberCheck_8052_bad" classname="com.cardatechnologies.utils.validators.abaroutevalidator.Test_AbaRouteValidator_05" time="0"/>
  <testcase name="testAbaNumberCheck_8353_good" classname="com.cardatechnologies.utils.validators.abaroutevalidator.Test_AbaRouteValidator_05" time="0.001"/>
  <testcase name="testAbaNumberCheck_8504_bad" classname="com.cardatechnologies.utils.validators.abaroutevalidator.Test_AbaRouteValidator_05" time="0"/>
  <testcase name="testAbaNumberCheck_9318_bad" classname="com.cardatechnologies.utils.validators.abaroutevalidator.Test_AbaRouteValidator_05" time="0"/>
  <testcase name="testAbaNumberCheck_8054_bad" classname="com.cardatechnologies.utils.validators.abaroutevalidator.Test_AbaRouteValidator_05" time="0"/>
  <testcase name="testAbaNumberCheck_9951_good" classname="com.cardatechnologies.utils.validators.abaroutevalidator.Test_AbaRouteValidator_05" time="0"/>
  <testcase name="testAbaNumberCheck_8506_bad" classname="com.cardatechnologies.utils.validators.abaroutevalidator.Test_AbaRouteValidator_05" time="0"/>
  <testcase name="testAbaNumberCheck_8056_bad" classname="com.cardatechnologies.utils.validators.abaroutevalidator.Test_AbaRouteValidator_05" time="0"/>
  <testcase name="testAbaNumberCheck_9167_good" classname="com.cardatechnologies.utils.validators.abaroutevalidator.Test_AbaRouteValidator_05" time="0"/>
  <testcase name="testAbaNumberCheck_8227_good" classname="com.cardatechnologies.utils.validators.abaroutevalidator.Test_AbaRouteValidator_05" time="0"/>
  <testcase name="testAbaNumberCheck_8508_bad" classname="com.cardatechnologies.utils.validators.abaroutevalidator.Test_AbaRouteValidator_05" time="0"/>
  <testcase name="testAbaNumberCheck_8058_bad" classname="com.cardatechnologies.utils.validators.abaroutevalidator.Test_AbaRouteValidator_05" time="0"/>
  <testcase name="testAbaNumberCheck_9825_good" classname="com.cardatechnologies.utils.validators.abaroutevalidator.Test_AbaRouteValidator_05" time="0"/>
  <testcase name="testAbaNumberCheck_8191_good" classname="com.cardatechnologies.utils.validators.abaroutevalidator.Test_AbaRouteValidator_05" time="0"/>
  <testcase name="testAbaNumberCheck_8065_good" classname="com.cardatechnologies.utils.validators.abaroutevalidator.Test_AbaRouteValidator_05" time="0"/>
  <testcase name="testAbaNumberCheck_9663_good" classname="com.cardatechnologies.utils.validators.abaroutevalidator.Test_AbaRouteValidator_05" time="0"/>
  <testcase name="testAbaNumberCheck_8723_good" classname="com.cardatechnologies.utils.validators.abaroutevalidator.Test_AbaRouteValidator_05" time="0"/>
  <testcase name="testAbaNumberCheck_9537_good" classname="com.cardatechnologies.utils.validators.abaroutevalidator.Test_AbaRouteValidator_05" time="0"/>
  <testcase name="testAbaNumberCheck_8561_good" classname="com.cardatechnologies.utils.validators.abaroutevalidator.Test_AbaRouteValidator_05" time="0"/>
  <testcase name="testAbaNumberCheck_7621_good" classname="com.cardatechnologies.utils.validators.abaroutevalidator.Test_AbaRouteValidator_05" time="0"/>
  <testcase name="testAbaNumberCheck_9320_bad" classname="com.cardatechnologies.utils.validators.abaroutevalidator.Test_AbaRouteValidator_05" time="0"/>
  <testcase name="testAbaNumberCheck_9322_bad" classname="com.cardatechnologies.utils.validators.abaroutevalidator.Test_AbaRouteValidator_05" time="0"/>
  <testcase name="testAbaNumberCheck_9375_good" classname="com.cardatechnologies.utils.validators.abaroutevalidator.Test_AbaRouteValidator_05" time="0"/>
  <testcase name="testAbaNumberCheck_8435_good" classname="com.cardatechnologies.utils.validators.abaroutevalidator.Test_AbaRouteValidator_05" time="0"/>
  <testcase name="testAbaNumberCheck_8510_bad" classname="com.cardatechnologies.utils.validators.abaroutevalidator.Test_AbaRouteValidator_05" time="0"/>
  <testcase name="testAbaNumberCheck_9324_bad" classname="com.cardatechnologies.utils.validators.abaroutevalidator.Test_AbaRouteValidator_05" time="0"/>
  <testcase name="testAbaNumberCheck_8060_bad" classname="com.cardatechnologies.utils.validators.abaroutevalidator.Test_AbaRouteValidator_05" time="0"/>
  <testcase name="testAbaNumberCheck_8512_bad" classname="com.cardatechnologies.utils.validators.abaroutevalidator.Test_AbaRouteValidator_05" time="0"/>
  <testcase name="testAbaNumberCheck_9326_bad" classname="com.cardatechnologies.utils.validators.abaroutevalidator.Test_AbaRouteValidator_05" time="0"/>
  <testcase name="testAbaNumberCheck_8062_bad" classname="com.cardatechnologies.utils.validators.abaroutevalidator.Test_AbaRouteValidator_05" time="0"/>
  <testcase name="testAbaNumberCheck_9249_good" classname="com.cardatechnologies.utils.validators.abaroutevalidator.Test_AbaRouteValidator_05" time="0"/>
  <testcase name="testAbaNumberCheck_8309_good" classname="com.cardatechnologies.utils.validators.abaroutevalidator.Test_AbaRouteValidator_05" time="0"/>
  <testcase name="testAbaNumberCheck_7700_bad" classname="com.cardatechnologies.utils.validators.abaroutevalidator.Test_AbaRouteValidator_05" time="0"/>
  <testcase name="testAbaNumberCheck_8514_bad" classname="com.cardatechnologies.utils.validators.abaroutevalidator.Test_AbaRouteValidator_05" time="0"/>
  <testcase name="testAbaNumberCheck_9328_bad" classname="com.cardatechnologies.utils.validators.abaroutevalidator.Test_AbaRouteValidator_05" time="0"/>
  <testcase name="testAbaNumberCheck_8064_bad" classname="com.cardatechnologies.utils.validators.abaroutevalidator.Test_AbaRouteValidator_05" time="0"/>
  <testcase name="testAbaNumberCheck_7702_bad" classname="com.cardatechnologies.utils.validators.abaroutevalidator.Test_AbaRouteValidator_05" time="0"/>
  <testcase name="testAbaNumberCheck_9907_good" classname="com.cardatechnologies.utils.validators.abaroutevalidator.Test_AbaRouteValidator_05" time="0"/>
  <testcase name="testAbaNumberCheck_8516_bad" classname="com.cardatechnologies.utils.validators.abaroutevalidator.Test_AbaRouteValidator_05" time="0"/>
  <testcase name="testAbaNumberCheck_8066_bad" classname="com.cardatechnologies.utils.validators.abaroutevalidator.Test_AbaRouteValidator_05" time="0"/>
  <testcase name="testAbaNumberCheck_8273_good" classname="com.cardatechnologies.utils.validators.abaroutevalidator.Test_AbaRouteValidator_05" time="0"/>
  <testcase name="testAbaNumberCheck_7704_bad" classname="com.cardatechnologies.utils.validators.abaroutevalidator.Test_AbaRouteValidator_05" time="0"/>
  <testcase name="testAbaNumberCheck_8518_bad" classname="com.cardatechnologies.utils.validators.abaroutevalidator.Test_AbaRouteValidator_05" time="0"/>
  <testcase name="testAbaNumberCheck_8068_bad" classname="com.cardatechnologies.utils.validators.abaroutevalidator.Test_AbaRouteValidator_05" time="0"/>
  <testcase name="testAbaNumberCheck_9871_good" classname="com.cardatechnologies.utils.validators.abaroutevalidator.Test_AbaRouteValidator_05" time="0"/>
  <testcase name="testAbaNumberCheck_8931_good" classname="com.cardatechnologies.utils.validators.abaroutevalidator.Test_AbaRouteValidator_05" time="0"/>
  <testcase name="testAbaNumberCheck_7706_bad" classname="com.cardatechnologies.utils.validators.abaroutevalidator.Test_AbaRouteValidator_05" time="0"/>
  <testcase name="testAbaNumberCheck_9087_good" classname="com.cardatechnologies.utils.validators.abaroutevalidator.Test_AbaRouteValidator_05" time="0"/>
  <testcase name="testAbaNumberCheck_8147_good" classname="com.cardatechnologies.utils.validators.abaroutevalidator.Test_AbaRouteValidator_05" time="0"/>
  <testcase name="testAbaNumberCheck_7708_bad" classname="com.cardatechnologies.utils.validators.abaroutevalidator.Test_AbaRouteValidator_05" time="0"/>
  <testcase name="testAbaNumberCheck_9745_good" classname="com.cardatechnologies.utils.validators.abaroutevalidator.Test_AbaRouteValidator_05" time="0"/>
  <testcase name="testAbaNumberCheck_8805_good" classname="com.cardatechnologies.utils.validators.abaroutevalidator.Test_AbaRouteValidator_05" time="0.001"/>
  <testcase name="testAbaNumberCheck_9619_good" classname="com.cardatechnologies.utils.validators.abaroutevalidator.Test_AbaRouteValidator_05" time="0"/>
  <testcase name="testAbaNumberCheck_9583_good" classname="com.cardatechnologies.utils.validators.abaroutevalidator.Test_AbaRouteValidator_05" time="0"/>
  <testcase name="testAbaNumberCheck_8643_good" classname="com.cardatechnologies.utils.validators.abaroutevalidator.Test_AbaRouteValidator_05" time="0"/>
  <testcase name="testAbaNumberCheck_7703_good" classname="com.cardatechnologies.utils.validators.abaroutevalidator.Test_AbaRouteValidator_05" time="0"/>
  <testcase name="testAbaNumberCheck_9457_good" classname="com.cardatechnologies.utils.validators.abaroutevalidator.Test_AbaRouteValidator_05" time="0"/>
  <testcase name="testAbaNumberCheck_8517_good" classname="com.cardatechnologies.utils.validators.abaroutevalidator.Test_AbaRouteValidator_05" time="0"/>
  <testcase name="testAbaNumberCheck_9330_bad" classname="com.cardatechnologies.utils.validators.abaroutevalidator.Test_AbaRouteValidator_05" time="0"/>
  <testcase name="testAbaNumberCheck_9332_bad" classname="com.cardatechnologies.utils.validators.abaroutevalidator.Test_AbaRouteValidator_05" time="0"/>
  <testcase name="testAbaNumberCheck_8481_good" classname="com.cardatechnologies.utils.validators.abaroutevalidator.Test_AbaRouteValidator_05" time="0"/>
  <testcase name="testAbaNumberCheck_7541_good" classname="com.cardatechnologies.utils.validators.abaroutevalidator.Test_AbaRouteValidator_05" time="0"/>
  <testcase name="testAbaNumberCheck_8520_bad" classname="com.cardatechnologies.utils.validators.abaroutevalidator.Test_AbaRouteValidator_05" time="0"/>
  <testcase name="testAbaNumberCheck_9334_bad" classname="com.cardatechnologies.utils.validators.abaroutevalidator.Test_AbaRouteValidator_05" time="0"/>
  <testcase name="testAbaNumberCheck_8070_bad" classname="com.cardatechnologies.utils.validators.abaroutevalidator.Test_AbaRouteValidator_05" time="0"/>
  <testcase name="testAbaNumberCheck_8522_bad" classname="com.cardatechnologies.utils.validators.abaroutevalidator.Test_AbaRouteValidator_05" time="0"/>
  <testcase name="testAbaNumberCheck_9336_bad" classname="com.cardatechnologies.utils.validators.abaroutevalidator.Test_AbaRouteValidator_05" time="0"/>
  <testcase name="testAbaNumberCheck_9295_good" classname="com.cardatechnologies.utils.validators.abaroutevalidator.Test_AbaRouteValidator_05" time="0"/>
  <testcase name="testAbaNumberCheck_8072_bad" classname="com.cardatechnologies.utils.validators.abaroutevalidator.Test_AbaRouteValidator_05" time="0"/>
  <testcase name="testAbaNumberCheck_8355_good" classname="com.cardatechnologies.utils.validators.abaroutevalidator.Test_AbaRouteValidator_05" time="0"/>
  <testcase name="testAbaNumberCheck_7710_bad" classname="com.cardatechnologies.utils.validators.abaroutevalidator.Test_AbaRouteValidator_05" time="0"/>
  <testcase name="testAbaNumberCheck_8524_bad" classname="com.cardatechnologies.utils.validators.abaroutevalidator.Test_AbaRouteValidator_05" time="0"/>
  <testcase name="testAbaNumberCheck_9338_bad" classname="com.cardatechnologies.utils.validators.abaroutevalidator.Test_AbaRouteValidator_05" time="0"/>
  <testcase name="testAbaNumberCheck_8074_bad" classname="com.cardatechnologies.utils.validators.abaroutevalidator.Test_AbaRouteValidator_05" time="0"/>
  <testcase name="testAbaNumberCheck_9953_good" classname="com.cardatechnologies.utils.validators.abaroutevalidator.Test_AbaRouteValidator_05" time="0.001"/>
  <testcase name="testAbaNumberCheck_7712_bad" classname="com.cardatechnologies.utils.validators.abaroutevalidator.Test_AbaRouteValidator_05" time="0"/>
  <testcase name="testAbaNumberCheck_8526_bad" classname="com.cardatechnologies.utils.validators.abaroutevalidator.Test_AbaRouteValidator_05" time="0"/>
  <testcase name="testAbaNumberCheck_8076_bad" classname="com.cardatechnologies.utils.validators.abaroutevalidator.Test_AbaRouteValidator_05" time="0"/>
  <testcase name="testAbaNumberCheck_9169_good" classname="com.cardatechnologies.utils.validators.abaroutevalidator.Test_AbaRouteValidator_05" time="0"/>
  <testcase name="testAbaNumberCheck_8229_good" classname="com.cardatechnologies.utils.validators.abaroutevalidator.Test_AbaRouteValidator_05" time="0"/>
  <testcase name="testAbaNumberCheck_7714_bad" classname="com.cardatechnologies.utils.validators.abaroutevalidator.Test_AbaRouteValidator_05" time="0"/>
  <testcase name="testAbaNumberCheck_8528_bad" classname="com.cardatechnologies.utils.validators.abaroutevalidator.Test_AbaRouteValidator_05" time="0"/>
  <testcase name="testAbaNumberCheck_8078_bad" classname="com.cardatechnologies.utils.validators.abaroutevalidator.Test_AbaRouteValidator_05" time="0"/>
  <testcase name="testAbaNumberCheck_9827_good" classname="com.cardatechnologies.utils.validators.abaroutevalidator.Test_AbaRouteValidator_05" time="0"/>
  <testcase name="testAbaNumberCheck_7716_bad" classname="com.cardatechnologies.utils.validators.abaroutevalidator.Test_AbaRouteValidator_05" time="0"/>
  <testcase name="testAbaNumberCheck_8193_good" classname="com.cardatechnologies.utils.validators.abaroutevalidator.Test_AbaRouteValidator_05" time="0"/>
  <testcase name="testAbaNumberCheck_7718_bad" classname="com.cardatechnologies.utils.validators.abaroutevalidator.Test_AbaRouteValidator_05" time="0"/>
  <testcase name="testAbaNumberCheck_9791_good" classname="com.cardatechnologies.utils.validators.abaroutevalidator.Test_AbaRouteValidator_05" time="0"/>
  <testcase name="testAbaNumberCheck_8851_good" classname="com.cardatechnologies.utils.validators.abaroutevalidator.Test_AbaRouteValidator_05" time="0"/>
  <testcase name="testAbaNumberCheck_7911_good" classname="com.cardatechnologies.utils.validators.abaroutevalidator.Test_AbaRouteValidator_05" time="0"/>
  <testcase name="testAbaNumberCheck_8067_good" classname="com.cardatechnologies.utils.validators.abaroutevalidator.Test_AbaRouteValidator_05" time="0"/>
  <testcase name="testAbaNumberCheck_9665_good" classname="com.cardatechnologies.utils.validators.abaroutevalidator.Test_AbaRouteValidator_05" time="0"/>
  <testcase name="testAbaNumberCheck_8725_good" classname="com.cardatechnologies.utils.validators.abaroutevalidator.Test_AbaRouteValidator_05" time="0"/>
  <testcase name="testAbaNumberCheck_9539_good" classname="com.cardatechnologies.utils.validators.abaroutevalidator.Test_AbaRouteValidator_05" time="0"/>
  <testcase name="testAbaNumberCheck_8563_good" classname="com.cardatechnologies.utils.validators.abaroutevalidator.Test_AbaRouteValidator_05" time="0"/>
  <testcase name="testAbaNumberCheck_7623_good" classname="com.cardatechnologies.utils.validators.abaroutevalidator.Test_AbaRouteValidator_05" time="0"/>
  <testcase name="testAbaNumberCheck_9340_bad" classname="com.cardatechnologies.utils.validators.abaroutevalidator.Test_AbaRouteValidator_05" time="0"/>
  <testcase name="testAbaNumberCheck_9342_bad" classname="com.cardatechnologies.utils.validators.abaroutevalidator.Test_AbaRouteValidator_05" time="0"/>
  <testcase name="testAbaNumberCheck_9377_good" classname="com.cardatechnologies.utils.validators.abaroutevalidator.Test_AbaRouteValidator_05" time="0"/>
  <testcase name="testAbaNumberCheck_8437_good" classname="com.cardatechnologies.utils.validators.abaroutevalidator.Test_AbaRouteValidator_05" time="0"/>
  <testcase name="testAbaNumberCheck_8530_bad" classname="com.cardatechnologies.utils.validators.abaroutevalidator.Test_AbaRouteValidator_05" time="0"/>
  <testcase name="testAbaNumberCheck_9344_bad" classname="com.cardatechnologies.utils.validators.abaroutevalidator.Test_AbaRouteValidator_05" time="0"/>
  <testcase name="testAbaNumberCheck_8080_bad" classname="com.cardatechnologies.utils.validators.abaroutevalidator.Test_AbaRouteValidator_05" time="0"/>
  <testcase name="testAbaNumberCheck_8532_bad" classname="com.cardatechnologies.utils.validators.abaroutevalidator.Test_AbaRouteValidator_05" time="0"/>
  <testcase name="testAbaNumberCheck_9346_bad" classname="com.cardatechnologies.utils.validators.abaroutevalidator.Test_AbaRouteValidator_05" time="0"/>
  <testcase name="testAbaNumberCheck_8082_bad" classname="com.cardatechnologies.utils.validators.abaroutevalidator.Test_AbaRouteValidator_05" time="0"/>
  <testcase name="testAbaNumberCheck_7720_bad" classname="com.cardatechnologies.utils.validators.abaroutevalidator.Test_AbaRouteValidator_05" time="0"/>
  <testcase name="testAbaNumberCheck_8534_bad" classname="com.cardatechnologies.utils.validators.abaroutevalidator.Test_AbaRouteValidator_05" time="0"/>
  <testcase name="testAbaNumberCheck_9348_bad" classname="com.cardatechnologies.utils.validators.abaroutevalidator.Test_AbaRouteValidator_05" time="0"/>
  <testcase name="testAbaNumberCheck_8084_bad" classname="com.cardatechnologies.utils.validators.abaroutevalidator.Test_AbaRouteValidator_05" time="0"/>
  <testcase name="testAbaNumberCheck_7722_bad" classname="com.cardatechnologies.utils.validators.abaroutevalidator.Test_AbaRouteValidator_05" time="0"/>
  <testcase name="testAbaNumberCheck_9909_good" classname="com.cardatechnologies.utils.validators.abaroutevalidator.Test_AbaRouteValidator_05" time="0"/>
  <testcase name="testAbaNumberCheck_8536_bad" classname="com.cardatechnologies.utils.validators.abaroutevalidator.Test_AbaRouteValidator_05" time="0"/>
  <testcase name="testAbaNumberCheck_8086_bad" classname="com.cardatechnologies.utils.validators.abaroutevalidator.Test_AbaRouteValidator_05" time="0"/>
  <testcase name="testAbaNumberCheck_8275_good" classname="com.cardatechnologies.utils.validators.abaroutevalidator.Test_AbaRouteValidator_05" time="0"/>
  <testcase name="testAbaNumberCheck_7724_bad" classname="com.cardatechnologies.utils.validators.abaroutevalidator.Test_AbaRouteValidator_05" time="0"/>
  <testcase name="testAbaNumberCheck_8538_bad" classname="com.cardatechnologies.utils.validators.abaroutevalidator.Test_AbaRouteValidator_05" time="0.001"/>
  <testcase name="testAbaNumberCheck_8088_bad" classname="com.cardatechnologies.utils.validators.abaroutevalidator.Test_AbaRouteValidator_05" time="0"/>
  <testcase name="testAbaNumberCheck_9873_good" classname="com.cardatechnologies.utils.validators.abaroutevalidator.Test_AbaRouteValidator_05" time="0"/>
  <testcase name="testAbaNumberCheck_8933_good" classname="com.cardatechnologies.utils.validators.abaroutevalidator.Test_AbaRouteValidator_05" time="0"/>
  <testcase name="testAbaNumberCheck_7726_bad" classname="com.cardatechnologies.utils.validators.abaroutevalidator.Test_AbaRouteValidator_05" time="0"/>
  <testcase name="testAbaNumberCheck_9089_good" classname="com.cardatechnologies.utils.validators.abaroutevalidator.Test_AbaRouteValidator_05" time="0"/>
  <testcase name="testAbaNumberCheck_8149_good" classname="com.cardatechnologies.utils.validators.abaroutevalidator.Test_AbaRouteValidator_05" time="0"/>
  <testcase name="testAbaNumberCheck_7728_bad" classname="com.cardatechnologies.utils.validators.abaroutevalidator.Test_AbaRouteValidator_05" time="0"/>
  <testcase name="testAbaNumberCheck_9747_good" classname="com.cardatechnologies.utils.validators.abaroutevalidator.Test_AbaRouteValidator_05" time="0"/>
  <testcase name="testAbaNumberCheck_8807_good" classname="com.cardatechnologies.utils.validators.abaroutevalidator.Test_AbaRouteValidator_05" time="0"/>
  <testcase name="testAbaNumberCheck_8771_good" classname="com.cardatechnologies.utils.validators.abaroutevalidator.Test_AbaRouteValidator_05" time="0"/>
  <testcase name="testAbaNumberCheck_7831_good" classname="com.cardatechnologies.utils.validators.abaroutevalidator.Test_AbaRouteValidator_05" time="0"/>
  <testcase name="testAbaNumberCheck_9585_good" classname="com.cardatechnologies.utils.validators.abaroutevalidator.Test_AbaRouteValidator_05" time="0"/>
  <testcase name="testAbaNumberCheck_8645_good" classname="com.cardatechnologies.utils.validators.abaroutevalidator.Test_AbaRouteValidator_05" time="0"/>
  <testcase name="testAbaNumberCheck_7705_good" classname="com.cardatechnologies.utils.validators.abaroutevalidator.Test_AbaRouteValidator_05" time="0"/>
  <testcase name="testAbaNumberCheck_9459_good" classname="com.cardatechnologies.utils.validators.abaroutevalidator.Test_AbaRouteValidator_05" time="0"/>
  <testcase name="testAbaNumberCheck_8519_good" classname="com.cardatechnologies.utils.validators.abaroutevalidator.Test_AbaRouteValidator_05" time="0"/>
  <testcase name="testAbaNumberCheck_9800_bad" classname="com.cardatechnologies.utils.validators.abaroutevalidator.Test_AbaRouteValidator_05" time="0"/>
  <testcase name="testAbaNumberCheck_9350_bad" classname="com.cardatechnologies.utils.validators.abaroutevalidator.Test_AbaRouteValidator_05" time="0"/>
  <testcase name="testAbaNumberCheck_9802_bad" classname="com.cardatechnologies.utils.validators.abaroutevalidator.Test_AbaRouteValidator_05" time="0"/>
  <testcase name="testAbaNumberCheck_9352_bad" classname="com.cardatechnologies.utils.validators.abaroutevalidator.Test_AbaRouteValidator_05" time="0.001"/>
  <testcase name="testAbaNumberCheck_8483_good" classname="com.cardatechnologies.utils.validators.abaroutevalidator.Test_AbaRouteValidator_05" time="0"/>
  <testcase name="testAbaNumberCheck_7543_good" classname="com.cardatechnologies.utils.validators.abaroutevalidator.Test_AbaRouteValidator_05" time="0"/>
  <testcase name="testAbaNumberCheck_9804_bad" classname="com.cardatechnologies.utils.validators.abaroutevalidator.Test_AbaRouteValidator_05" time="0"/>
  <testcase name="testAbaNumberCheck_8540_bad" classname="com.cardatechnologies.utils.validators.abaroutevalidator.Test_AbaRouteValidator_05" time="0"/>
  <testcase name="testAbaNumberCheck_9354_bad" classname="com.cardatechnologies.utils.validators.abaroutevalidator.Test_AbaRouteValidator_05" time="0"/>
  <testcase name="testAbaNumberCheck_8090_bad" classname="com.cardatechnologies.utils.validators.abaroutevalidator.Test_AbaRouteValidator_05" time="0"/>
  <testcase name="testAbaNumberCheck_9806_bad" classname="com.cardatechnologies.utils.validators.abaroutevalidator.Test_AbaRouteValidator_05" time="0"/>
  <testcase name="testAbaNumberCheck_8542_bad" classname="com.cardatechnologies.utils.validators.abaroutevalidator.Test_AbaRouteValidator_05" time="0"/>
  <testcase name="testAbaNumberCheck_9356_bad" classname="com.cardatechnologies.utils.validators.abaroutevalidator.Test_AbaRouteValidator_05" time="0"/>
  <testcase name="testAbaNumberCheck_9297_good" classname="com.cardatechnologies.utils.validators.abaroutevalidator.Test_AbaRouteValidator_05" time="0"/>
  <testcase name="testAbaNumberCheck_8092_bad" classname="com.cardatechnologies.utils.validators.abaroutevalidator.Test_AbaRouteValidator_05" time="0"/>
  <testcase name="testAbaNumberCheck_8357_good" classname="com.cardatechnologies.utils.validators.abaroutevalidator.Test_AbaRouteValidator_05" time="0"/>
  <testcase name="testAbaNumberCheck_9808_bad" classname="com.cardatechnologies.utils.validators.abaroutevalidator.Test_AbaRouteValidator_05" time="0"/>
  <testcase name="testAbaNumberCheck_7730_bad" classname="com.cardatechnologies.utils.validators.abaroutevalidator.Test_AbaRouteValidator_05" time="0"/>
  <testcase name="testAbaNumberCheck_8544_bad" classname="com.cardatechnologies.utils.validators.abaroutevalidator.Test_AbaRouteValidator_05" time="0"/>
  <testcase name="testAbaNumberCheck_9358_bad" classname="com.cardatechnologies.utils.validators.abaroutevalidator.Test_AbaRouteValidator_05" time="0"/>
  <testcase name="testAbaNumberCheck_8094_bad" classname="com.cardatechnologies.utils.validators.abaroutevalidator.Test_AbaRouteValidator_05" time="0"/>
  <testcase name="testAbaNumberCheck_9955_good" classname="com.cardatechnologies.utils.validators.abaroutevalidator.Test_AbaRouteValidator_05" time="0"/>
  <testcase name="testAbaNumberCheck_7732_bad" classname="com.cardatechnologies.utils.validators.abaroutevalidator.Test_AbaRouteValidator_05" time="0"/>
  <testcase name="testAbaNumberCheck_8546_bad" classname="com.cardatechnologies.utils.validators.abaroutevalidator.Test_AbaRouteValidator_05" time="0"/>
  <testcase name="testAbaNumberCheck_8096_bad" classname="com.cardatechnologies.utils.validators.abaroutevalidator.Test_AbaRouteValidator_05" time="0"/>
  <testcase name="testAbaNumberCheck_7734_bad" classname="com.cardatechnologies.utils.validators.abaroutevalidator.Test_AbaRouteValidator_05" time="0.001"/>
  <testcase name="testAbaNumberCheck_8548_bad" classname="com.cardatechnologies.utils.validators.abaroutevalidator.Test_AbaRouteValidator_05" time="0"/>
  <testcase name="testAbaNumberCheck_8098_bad" classname="com.cardatechnologies.utils.validators.abaroutevalidator.Test_AbaRouteValidator_05" time="0"/>
  <testcase name="testAbaNumberCheck_9829_good" classname="com.cardatechnologies.utils.validators.abaroutevalidator.Test_AbaRouteValidator_05" time="0"/>
  <testcase name="testAbaNumberCheck_7736_bad" classname="com.cardatechnologies.utils.validators.abaroutevalidator.Test_AbaRouteValidator_05" time="0"/>
  <testcase name="testAbaNumberCheck_8195_good" classname="com.cardatechnologies.utils.validators.abaroutevalidator.Test_AbaRouteValidator_05" time="0"/>
  <testcase name="testAbaNumberCheck_7738_bad" classname="com.cardatechnologies.utils.validators.abaroutevalidator.Test_AbaRouteValidator_05" time="0"/>
  <testcase name="testAbaNumberCheck_9793_good" classname="com.cardatechnologies.utils.validators.abaroutevalidator.Test_AbaRouteValidator_05" time="0"/>
  <testcase name="testAbaNumberCheck_8853_good" classname="com.cardatechnologies.utils.validators.abaroutevalidator.Test_AbaRouteValidator_05" time="0"/>
  <testcase name="testAbaNumberCheck_7913_good" classname="com.cardatechnologies.utils.validators.abaroutevalidator.Test_AbaRouteValidator_05" time="0"/>
  <testcase name="testAbaNumberCheck_8069_good" classname="com.cardatechnologies.utils.validators.abaroutevalidator.Test_AbaRouteValidator_05" time="0"/>
  <testcase name="testAbaNumberCheck_9667_good" classname="com.cardatechnologies.utils.validators.abaroutevalidator.Test_AbaRouteValidator_05" time="0"/>
  <testcase name="testAbaNumberCheck_8727_good" classname="com.cardatechnologies.utils.validators.abaroutevalidator.Test_AbaRouteValidator_05" time="0"/>
  <testcase name="testAbaNumberCheck_8691_good" classname="com.cardatechnologies.utils.validators.abaroutevalidator.Test_AbaRouteValidator_05" time="0"/>
  <testcase name="testAbaNumberCheck_7751_good" classname="com.cardatechnologies.utils.validators.abaroutevalidator.Test_AbaRouteValidator_05" time="0"/>
  <testcase name="testAbaNumberCheck_8565_good" classname="com.cardatechnologies.utils.validators.abaroutevalidator.Test_AbaRouteValidator_05" time="0"/>
  <testcase name="testAbaNumberCheck_7625_good" classname="com.cardatechnologies.utils.validators.abaroutevalidator.Test_AbaRouteValidator_05" time="0"/>
  <testcase name="testAbaNumberCheck_9810_bad" classname="com.cardatechnologies.utils.validators.abaroutevalidator.Test_AbaRouteValidator_05" time="0"/>
  <testcase name="testAbaNumberCheck_9360_bad" classname="com.cardatechnologies.utils.validators.abaroutevalidator.Test_AbaRouteValidator_05" time="0"/>
  <testcase name="testAbaNumberCheck_9812_bad" classname="com.cardatechnologies.utils.validators.abaroutevalidator.Test_AbaRouteValidator_05" time="0"/>
  <testcase name="testAbaNumberCheck_9362_bad" classname="com.cardatechnologies.utils.validators.abaroutevalidator.Test_AbaRouteValidator_05" time="0"/>
  <testcase name="testAbaNumberCheck_9379_good" classname="com.cardatechnologies.utils.validators.abaroutevalidator.Test_AbaRouteValidator_05" time="0"/>
  <testcase name="testAbaNumberCheck_8439_good" classname="com.cardatechnologies.utils.validators.abaroutevalidator.Test_AbaRouteValidator_05" time="0.001"/>
  <testcase name="testAbaNumberCheck_9814_bad" classname="com.cardatechnologies.utils.validators.abaroutevalidator.Test_AbaRouteValidator_05" time="0"/>
  <testcase name="testAbaNumberCheck_8550_bad" classname="com.cardatechnologies.utils.validators.abaroutevalidator.Test_AbaRouteValidator_05" time="0"/>
  <testcase name="testAbaNumberCheck_9364_bad" classname="com.cardatechnologies.utils.validators.abaroutevalidator.Test_AbaRouteValidator_05" time="0"/>
  <testcase name="testAbaNumberCheck_9816_bad" classname="com.cardatechnologies.utils.validators.abaroutevalidator.Test_AbaRouteValidator_05" time="0"/>
  <testcase name="testAbaNumberCheck_8552_bad" classname="com.cardatechnologies.utils.validators.abaroutevalidator.Test_AbaRouteValidator_05" time="0"/>
  <testcase name="testAbaNumberCheck_9366_bad" classname="com.cardatechnologies.utils.validators.abaroutevalidator.Test_AbaRouteValidator_05" time="0"/>
  <testcase name="testAbaNumberCheck_9818_bad" classname="com.cardatechnologies.utils.validators.abaroutevalidator.Test_AbaRouteValidator_05" time="0"/>
  <testcase name="testAbaNumberCheck_7740_bad" classname="com.cardatechnologies.utils.validators.abaroutevalidator.Test_AbaRouteValidator_05" time="0"/>
  <testcase name="testAbaNumberCheck_8554_bad" classname="com.cardatechnologies.utils.validators.abaroutevalidator.Test_AbaRouteValidator_05" time="0"/>
  <testcase name="testAbaNumberCheck_9368_bad" classname="com.cardatechnologies.utils.validators.abaroutevalidator.Test_AbaRouteValidator_05" time="0"/>
  <testcase name="testAbaNumberCheck_7742_bad" classname="com.cardatechnologies.utils.validators.abaroutevalidator.Test_AbaRouteValidator_05" time="0"/>
  <testcase name="testAbaNumberCheck_8556_bad" classname="com.cardatechnologies.utils.validators.abaroutevalidator.Test_AbaRouteValidator_05" time="0.001"/>
  <testcase name="testAbaNumberCheck_8277_good" classname="com.cardatechnologies.utils.validators.abaroutevalidator.Test_AbaRouteValidator_05" time="0"/>
  <testcase name="testAbaNumberCheck_7744_bad" classname="com.cardatechnologies.utils.validators.abaroutevalidator.Test_AbaRouteValidator_05" time="0"/>
  <testcase name="testAbaNumberCheck_8558_bad" classname="com.cardatechnologies.utils.validators.abaroutevalidator.Test_AbaRouteValidator_05" time="0"/>
  <testcase name="testAbaNumberCheck_9875_good" classname="com.cardatechnologies.utils.validators.abaroutevalidator.Test_AbaRouteValidator_05" time="0"/>
  <testcase name="testAbaNumberCheck_8935_good" classname="com.cardatechnologies.utils.validators.abaroutevalidator.Test_AbaRouteValidator_05" time="0"/>
  <testcase name="testAbaNumberCheck_7746_bad" classname="com.cardatechnologies.utils.validators.abaroutevalidator.Test_AbaRouteValidator_05" time="0"/>
  <testcase name="testAbaNumberCheck_7748_bad" classname="com.cardatechnologies.utils.validators.abaroutevalidator.Test_AbaRouteValidator_05" time="0"/>
  <testcase name="testAbaNumberCheck_9749_good" classname="com.cardatechnologies.utils.validators.abaroutevalidator.Test_AbaRouteValidator_05" time="0"/>
  <testcase name="testAbaNumberCheck_8809_good" classname="com.cardatechnologies.utils.validators.abaroutevalidator.Test_AbaRouteValidator_05" time="0"/>
  <testcase name="testAbaNumberCheck_8773_good" classname="com.cardatechnologies.utils.validators.abaroutevalidator.Test_AbaRouteValidator_05" time="0"/>
  <testcase name="testAbaNumberCheck_7833_good" classname="com.cardatechnologies.utils.validators.abaroutevalidator.Test_AbaRouteValidator_05" time="0"/>
  <testcase name="testAbaNumberCheck_9587_good" classname="com.cardatechnologies.utils.validators.abaroutevalidator.Test_AbaRouteValidator_05" time="0"/>
  <testcase name="testAbaNumberCheck_8647_good" classname="com.cardatechnologies.utils.validators.abaroutevalidator.Test_AbaRouteValidator_05" time="0"/>
  <testcase name="testAbaNumberCheck_7707_good" classname="com.cardatechnologies.utils.validators.abaroutevalidator.Test_AbaRouteValidator_05" time="0"/>
  <testcase name="testAbaNumberCheck_7671_good" classname="com.cardatechnologies.utils.validators.abaroutevalidator.Test_AbaRouteValidator_05" time="0"/>
  <testcase name="testAbaNumberCheck_9820_bad" classname="com.cardatechnologies.utils.validators.abaroutevalidator.Test_AbaRouteValidator_05" time="0"/>
  <testcase name="testAbaNumberCheck_9370_bad" classname="com.cardatechnologies.utils.validators.abaroutevalidator.Test_AbaRouteValidator_05" time="0"/>
  <testcase name="testAbaNumberCheck_9822_bad" classname="com.cardatechnologies.utils.validators.abaroutevalidator.Test_AbaRouteValidator_05" time="0"/>
  <testcase name="testAbaNumberCheck_9372_bad" classname="com.cardatechnologies.utils.validators.abaroutevalidator.Test_AbaRouteValidator_05" time="0"/>
  <testcase name="testAbaNumberCheck_8485_good" classname="com.cardatechnologies.utils.validators.abaroutevalidator.Test_AbaRouteValidator_05" time="0"/>
  <testcase name="testAbaNumberCheck_7545_good" classname="com.cardatechnologies.utils.validators.abaroutevalidator.Test_AbaRouteValidator_05" time="0"/>
  <testcase name="testAbaNumberCheck_9824_bad" classname="com.cardatechnologies.utils.validators.abaroutevalidator.Test_AbaRouteValidator_05" time="0"/>
  <testcase name="testAbaNumberCheck_8560_bad" classname="com.cardatechnologies.utils.validators.abaroutevalidator.Test_AbaRouteValidator_05" time="0"/>
  <testcase name="testAbaNumberCheck_9374_bad" classname="com.cardatechnologies.utils.validators.abaroutevalidator.Test_AbaRouteValidator_05" time="0"/>
  <testcase name="testAbaNumberCheck_9826_bad" classname="com.cardatechnologies.utils.validators.abaroutevalidator.Test_AbaRouteValidator_05" time="0.001"/>
  <testcase name="testAbaNumberCheck_8562_bad" classname="com.cardatechnologies.utils.validators.abaroutevalidator.Test_AbaRouteValidator_05" time="0"/>
  <testcase name="testAbaNumberCheck_9376_bad" classname="com.cardatechnologies.utils.validators.abaroutevalidator.Test_AbaRouteValidator_05" time="0"/>
  <testcase name="testAbaNumberCheck_9299_good" classname="com.cardatechnologies.utils.validators.abaroutevalidator.Test_AbaRouteValidator_05" time="0"/>
  <testcase name="testAbaNumberCheck_8359_good" classname="com.cardatechnologies.utils.validators.abaroutevalidator.Test_AbaRouteValidator_05" time="0"/>
  <testcase name="testAbaNumberCheck_9828_bad" classname="com.cardatechnologies.utils.validators.abaroutevalidator.Test_AbaRouteValidator_05" time="0"/>
  <testcase name="testAbaNumberCheck_7750_bad" classname="com.cardatechnologies.utils.validators.abaroutevalidator.Test_AbaRouteValidator_05" time="0"/>
  <testcase name="testAbaNumberCheck_8564_bad" classname="com.cardatechnologies.utils.validators.abaroutevalidator.Test_AbaRouteValidator_05" time="0"/>
  <testcase name="testAbaNumberCheck_9378_bad" classname="com.cardatechnologies.utils.validators.abaroutevalidator.Test_AbaRouteValidator_05" time="0"/>
  <testcase name="testAbaNumberCheck_9957_good" classname="com.cardatechnologies.utils.validators.abaroutevalidator.Test_AbaRouteValidator_05" time="0"/>
  <testcase name="testAbaNumberCheck_7752_bad" classname="com.cardatechnologies.utils.validators.abaroutevalidator.Test_AbaRouteValidator_05" time="0"/>
  <testcase name="testAbaNumberCheck_8566_bad" classname="com.cardatechnologies.utils.validators.abaroutevalidator.Test_AbaRouteValidator_05" time="0"/>
  <testcase name="testAbaNumberCheck_7754_bad" classname="com.cardatechnologies.utils.validators.abaroutevalidator.Test_AbaRouteValidator_05" time="0"/>
  <testcase name="testAbaNumberCheck_8568_bad" classname="com.cardatechnologies.utils.validators.abaroutevalidator.Test_AbaRouteValidator_05" time="0"/>
  <testcase name="testAbaNumberCheck_8981_good" classname="com.cardatechnologies.utils.validators.abaroutevalidator.Test_AbaRouteValidator_05" time="0"/>
  <testcase name="testAbaNumberCheck_7756_bad" classname="com.cardatechnologies.utils.validators.abaroutevalidator.Test_AbaRouteValidator_05" time="0"/>
  <testcase name="testAbaNumberCheck_8197_good" classname="com.cardatechnologies.utils.validators.abaroutevalidator.Test_AbaRouteValidator_05" time="0"/>
  <testcase name="testAbaNumberCheck_7758_bad" classname="com.cardatechnologies.utils.validators.abaroutevalidator.Test_AbaRouteValidator_05" time="0"/>
  <testcase name="testAbaNumberCheck_9795_good" classname="com.cardatechnologies.utils.validators.abaroutevalidator.Test_AbaRouteValidator_05" time="0"/>
  <testcase name="testAbaNumberCheck_8855_good" classname="com.cardatechnologies.utils.validators.abaroutevalidator.Test_AbaRouteValidator_05" time="0"/>
  <testcase name="testAbaNumberCheck_7915_good" classname="com.cardatechnologies.utils.validators.abaroutevalidator.Test_AbaRouteValidator_05" time="0"/>
  <testcase name="testAbaNumberCheck_9669_good" classname="com.cardatechnologies.utils.validators.abaroutevalidator.Test_AbaRouteValidator_05" time="0"/>
  <testcase name="testAbaNumberCheck_8729_good" classname="com.cardatechnologies.utils.validators.abaroutevalidator.Test_AbaRouteValidator_05" time="0"/>
  <testcase name="testAbaNumberCheck_8693_good" classname="com.cardatechnologies.utils.validators.abaroutevalidator.Test_AbaRouteValidator_05" time="0"/>
  <testcase name="testAbaNumberCheck_7753_good" classname="com.cardatechnologies.utils.validators.abaroutevalidator.Test_AbaRouteValidator_05" time="0"/>
  <testcase name="testAbaNumberCheck_8567_good" classname="com.cardatechnologies.utils.validators.abaroutevalidator.Test_AbaRouteValidator_05" time="0"/>
  <testcase name="testAbaNumberCheck_7627_good" classname="com.cardatechnologies.utils.validators.abaroutevalidator.Test_AbaRouteValidator_05" time="0"/>
  <testcase name="testAbaNumberCheck_9830_bad" classname="com.cardatechnologies.utils.validators.abaroutevalidator.Test_AbaRouteValidator_05" time="0"/>
  <testcase name="testAbaNumberCheck_9380_bad" classname="com.cardatechnologies.utils.validators.abaroutevalidator.Test_AbaRouteValidator_05" time="0"/>
  <testcase name="testAbaNumberCheck_9832_bad" classname="com.cardatechnologies.utils.validators.abaroutevalidator.Test_AbaRouteValidator_05" time="0"/>
  <testcase name="testAbaNumberCheck_7591_good" classname="com.cardatechnologies.utils.validators.abaroutevalidator.Test_AbaRouteValidator_05" time="0"/>
  <testcase name="testAbaNumberCheck_9382_bad" classname="com.cardatechnologies.utils.validators.abaroutevalidator.Test_AbaRouteValidator_05" time="0"/>
  <testcase name="testAbaNumberCheck_9834_bad" classname="com.cardatechnologies.utils.validators.abaroutevalidator.Test_AbaRouteValidator_05" time="0"/>
  <testcase name="testAbaNumberCheck_8570_bad" classname="com.cardatechnologies.utils.validators.abaroutevalidator.Test_AbaRouteValidator_05" time="0"/>
  <testcase name="testAbaNumberCheck_9384_bad" classname="com.cardatechnologies.utils.validators.abaroutevalidator.Test_AbaRouteValidator_05" time="0"/>
  <testcase name="testAbaNumberCheck_9836_bad" classname="com.cardatechnologies.utils.validators.abaroutevalidator.Test_AbaRouteValidator_05" time="0"/>
  <testcase name="testAbaNumberCheck_8572_bad" classname="com.cardatechnologies.utils.validators.abaroutevalidator.Test_AbaRouteValidator_05" time="0"/>
  <testcase name="testAbaNumberCheck_9386_bad" classname="com.cardatechnologies.utils.validators.abaroutevalidator.Test_AbaRouteValidator_05" time="0"/>
  <testcase name="testAbaNumberCheck_9838_bad" classname="com.cardatechnologies.utils.validators.abaroutevalidator.Test_AbaRouteValidator_05" time="0.001"/>
  <testcase name="testAbaNumberCheck_7760_bad" classname="com.cardatechnologies.utils.validators.abaroutevalidator.Test_AbaRouteValidator_05" time="0"/>
  <testcase name="testAbaNumberCheck_8574_bad" classname="com.cardatechnologies.utils.validators.abaroutevalidator.Test_AbaRouteValidator_05" time="0"/>
  <testcase name="testAbaNumberCheck_9388_bad" classname="com.cardatechnologies.utils.validators.abaroutevalidator.Test_AbaRouteValidator_05" time="0"/>
  <testcase name="testAbaNumberCheck_7762_bad" classname="com.cardatechnologies.utils.validators.abaroutevalidator.Test_AbaRouteValidator_05" time="0"/>
  <testcase name="testAbaNumberCheck_8576_bad" classname="com.cardatechnologies.utils.validators.abaroutevalidator.Test_AbaRouteValidator_05" time="0"/>
  <testcase name="testAbaNumberCheck_8279_good" classname="com.cardatechnologies.utils.validators.abaroutevalidator.Test_AbaRouteValidator_05" time="0"/>
  <testcase name="testAbaNumberCheck_7764_bad" classname="com.cardatechnologies.utils.validators.abaroutevalidator.Test_AbaRouteValidator_05" time="0"/>
  <testcase name="testAbaNumberCheck_8578_bad" classname="com.cardatechnologies.utils.validators.abaroutevalidator.Test_AbaRouteValidator_05" time="0"/>
  <testcase name="testAbaNumberCheck_9877_good" classname="com.cardatechnologies.utils.validators.abaroutevalidator.Test_AbaRouteValidator_05" time="0"/>
  <testcase name="testAbaNumberCheck_8937_good" classname="com.cardatechnologies.utils.validators.abaroutevalidator.Test_AbaRouteValidator_05" time="0"/>
  <testcase name="testAbaNumberCheck_7766_bad" classname="com.cardatechnologies.utils.validators.abaroutevalidator.Test_AbaRouteValidator_05" time="0"/>
  <testcase name="testAbaNumberCheck_7768_bad" classname="com.cardatechnologies.utils.validators.abaroutevalidator.Test_AbaRouteValidator_05" time="0"/>
  <testcase name="testAbaNumberCheck_7961_good" classname="com.cardatechnologies.utils.validators.abaroutevalidator.Test_AbaRouteValidator_05" time="0"/>
  <testcase name="testAbaNumberCheck_8775_good" classname="com.cardatechnologies.utils.validators.abaroutevalidator.Test_AbaRouteValidator_05" time="0.001"/>
  <testcase name="testAbaNumberCheck_7835_good" classname="com.cardatechnologies.utils.validators.abaroutevalidator.Test_AbaRouteValidator_05" time="0"/>
  <testcase name="testAbaNumberCheck_9589_good" classname="com.cardatechnologies.utils.validators.abaroutevalidator.Test_AbaRouteValidator_05" time="0"/>
  <testcase name="testAbaNumberCheck_8649_good" classname="com.cardatechnologies.utils.validators.abaroutevalidator.Test_AbaRouteValidator_05" time="0"/>
  <testcase name="testAbaNumberCheck_7709_good" classname="com.cardatechnologies.utils.validators.abaroutevalidator.Test_AbaRouteValidator_05" time="0"/>
  <testcase name="testAbaNumberCheck_7673_good" classname="com.cardatechnologies.utils.validators.abaroutevalidator.Test_AbaRouteValidator_05" time="0"/>
  <testcase name="testAbaNumberCheck_9840_bad" classname="com.cardatechnologies.utils.validators.abaroutevalidator.Test_AbaRouteValidator_05" time="0"/>
  <testcase name="testAbaNumberCheck_9390_bad" classname="com.cardatechnologies.utils.validators.abaroutevalidator.Test_AbaRouteValidator_05" time="0"/>
  <testcase name="testAbaNumberCheck_9842_bad" classname="com.cardatechnologies.utils.validators.abaroutevalidator.Test_AbaRouteValidator_05" time="0"/>
  <testcase name="testAbaNumberCheck_9392_bad" classname="com.cardatechnologies.utils.validators.abaroutevalidator.Test_AbaRouteValidator_05" time="0"/>
  <testcase name="testAbaNumberCheck_8487_good" classname="com.cardatechnologies.utils.validators.abaroutevalidator.Test_AbaRouteValidator_05" time="0"/>
  <testcase name="testAbaNumberCheck_7547_good" classname="com.cardatechnologies.utils.validators.abaroutevalidator.Test_AbaRouteValidator_05" time="0"/>
  <testcase name="testAbaNumberCheck_9844_bad" classname="com.cardatechnologies.utils.validators.abaroutevalidator.Test_AbaRouteValidator_05" time="0"/>
  <testcase name="testAbaNumberCheck_8580_bad" classname="com.cardatechnologies.utils.validators.abaroutevalidator.Test_AbaRouteValidator_05" time="0"/>
  <testcase name="testAbaNumberCheck_9394_bad" classname="com.cardatechnologies.utils.validators.abaroutevalidator.Test_AbaRouteValidator_05" time="0"/>
  <testcase name="testAbaNumberCheck_9846_bad" classname="com.cardatechnologies.utils.validators.abaroutevalidator.Test_AbaRouteValidator_05" time="0"/>
  <testcase name="testAbaNumberCheck_8582_bad" classname="com.cardatechnologies.utils.validators.abaroutevalidator.Test_AbaRouteValidator_05" time="0"/>
  <testcase name="testAbaNumberCheck_9396_bad" classname="com.cardatechnologies.utils.validators.abaroutevalidator.Test_AbaRouteValidator_05" time="0"/>
  <testcase name="testAbaNumberCheck_9848_bad" classname="com.cardatechnologies.utils.validators.abaroutevalidator.Test_AbaRouteValidator_05" time="0"/>
  <testcase name="testAbaNumberCheck_7770_bad" classname="com.cardatechnologies.utils.validators.abaroutevalidator.Test_AbaRouteValidator_05" time="0"/>
  <testcase name="testAbaNumberCheck_8584_bad" classname="com.cardatechnologies.utils.validators.abaroutevalidator.Test_AbaRouteValidator_05" time="0"/>
  <testcase name="testAbaNumberCheck_9398_bad" classname="com.cardatechnologies.utils.validators.abaroutevalidator.Test_AbaRouteValidator_05" time="0"/>
  <testcase name="testAbaNumberCheck_9959_good" classname="com.cardatechnologies.utils.validators.abaroutevalidator.Test_AbaRouteValidator_05" time="0"/>
  <testcase name="testAbaNumberCheck_7772_bad" classname="com.cardatechnologies.utils.validators.abaroutevalidator.Test_AbaRouteValidator_05" time="0"/>
  <testcase name="testAbaNumberCheck_8586_bad" classname="com.cardatechnologies.utils.validators.abaroutevalidator.Test_AbaRouteValidator_05" time="0"/>
  <testcase name="testAbaNumberCheck_7774_bad" classname="com.cardatechnologies.utils.validators.abaroutevalidator.Test_AbaRouteValidator_05" time="0"/>
  <testcase name="testAbaNumberCheck_8588_bad" classname="com.cardatechnologies.utils.validators.abaroutevalidator.Test_AbaRouteValidator_05" time="0"/>
  <testcase name="testAbaNumberCheck_8983_good" classname="com.cardatechnologies.utils.validators.abaroutevalidator.Test_AbaRouteValidator_05" time="0"/>
  <testcase name="testAbaNumberCheck_7776_bad" classname="com.cardatechnologies.utils.validators.abaroutevalidator.Test_AbaRouteValidator_05" time="0"/>
  <testcase name="testAbaNumberCheck_8199_good" classname="com.cardatechnologies.utils.validators.abaroutevalidator.Test_AbaRouteValidator_05" time="0.001"/>
  <testcase name="testAbaNumberCheck_7778_bad" classname="com.cardatechnologies.utils.validators.abaroutevalidator.Test_AbaRouteValidator_05" time="0"/>
  <testcase name="testAbaNumberCheck_9797_good" classname="com.cardatechnologies.utils.validators.abaroutevalidator.Test_AbaRouteValidator_05" time="0"/>
  <testcase name="testAbaNumberCheck_8857_good" classname="com.cardatechnologies.utils.validators.abaroutevalidator.Test_AbaRouteValidator_05" time="0"/>
  <testcase name="testAbaNumberCheck_7917_good" classname="com.cardatechnologies.utils.validators.abaroutevalidator.Test_AbaRouteValidator_05" time="0"/>
  <testcase name="testAbaNumberCheck_7881_good" classname="com.cardatechnologies.utils.validators.abaroutevalidator.Test_AbaRouteValidator_05" time="0"/>
  <testcase name="testAbaNumberCheck_8695_good" classname="com.cardatechnologies.utils.validators.abaroutevalidator.Test_AbaRouteValidator_05" time="0"/>
  <testcase name="testAbaNumberCheck_7755_good" classname="com.cardatechnologies.utils.validators.abaroutevalidator.Test_AbaRouteValidator_05" time="0"/>
  <testcase name="testAbaNumberCheck_8569_good" classname="com.cardatechnologies.utils.validators.abaroutevalidator.Test_AbaRouteValidator_05" time="0"/>
  <testcase name="testAbaNumberCheck_7629_good" classname="com.cardatechnologies.utils.validators.abaroutevalidator.Test_AbaRouteValidator_05" time="0"/>
  <testcase name="testAbaNumberCheck_9850_bad" classname="com.cardatechnologies.utils.validators.abaroutevalidator.Test_AbaRouteValidator_05" time="0"/>
  <testcase name="testAbaNumberCheck_9852_bad" classname="com.cardatechnologies.utils.validators.abaroutevalidator.Test_AbaRouteValidator_05" time="0"/>
  <testcase name="testAbaNumberCheck_7593_good" classname="com.cardatechnologies.utils.validators.abaroutevalidator.Test_AbaRouteValidator_05" time="0"/>
  <testcase name="testAbaNumberCheck_9854_bad" classname="com.cardatechnologies.utils.validators.abaroutevalidator.Test_AbaRouteValidator_05" time="0"/>
  <testcase name="testAbaNumberCheck_8590_bad" classname="com.cardatechnologies.utils.validators.abaroutevalidator.Test_AbaRouteValidator_05" time="0"/>
  <testcase name="testAbaNumberCheck_9856_bad" classname="com.cardatechnologies.utils.validators.abaroutevalidator.Test_AbaRouteValidator_05" time="0"/>
  <testcase name="testAbaNumberCheck_8592_bad" classname="com.cardatechnologies.utils.validators.abaroutevalidator.Test_AbaRouteValidator_05" time="0"/>
  <testcase name="testAbaNumberCheck_9858_bad" classname="com.cardatechnologies.utils.validators.abaroutevalidator.Test_AbaRouteValidator_05" time="0"/>
  <testcase name="testAbaNumberCheck_7780_bad" classname="com.cardatechnologies.utils.validators.abaroutevalidator.Test_AbaRouteValidator_05" time="0"/>
  <testcase name="testAbaNumberCheck_8594_bad" classname="com.cardatechnologies.utils.validators.abaroutevalidator.Test_AbaRouteValidator_05" time="0"/>
  <testcase name="testAbaNumberCheck_7782_bad" classname="com.cardatechnologies.utils.validators.abaroutevalidator.Test_AbaRouteValidator_05" time="0"/>
  <testcase name="testAbaNumberCheck_8596_bad" classname="com.cardatechnologies.utils.validators.abaroutevalidator.Test_AbaRouteValidator_05" time="0"/>
  <testcase name="testAbaNumberCheck_7784_bad" classname="com.cardatechnologies.utils.validators.abaroutevalidator.Test_AbaRouteValidator_05" time="0"/>
  <testcase name="testAbaNumberCheck_8598_bad" classname="com.cardatechnologies.utils.validators.abaroutevalidator.Test_AbaRouteValidator_05" time="0"/>
  <testcase name="testAbaNumberCheck_9879_good" classname="com.cardatechnologies.utils.validators.abaroutevalidator.Test_AbaRouteValidator_05" time="0"/>
  <testcase name="testAbaNumberCheck_8939_good" classname="com.cardatechnologies.utils.validators.abaroutevalidator.Test_AbaRouteValidator_05" time="0"/>
  <testcase name="testAbaNumberCheck_7786_bad" classname="com.cardatechnologies.utils.validators.abaroutevalidator.Test_AbaRouteValidator_05" time="0"/>
  <testcase name="testAbaNumberCheck_7788_bad" classname="com.cardatechnologies.utils.validators.abaroutevalidator.Test_AbaRouteValidator_05" time="0"/>
  <testcase name="testAbaNumberCheck_7963_good" classname="com.cardatechnologies.utils.validators.abaroutevalidator.Test_AbaRouteValidator_05" time="0"/>
  <testcase name="testAbaNumberCheck_8777_good" classname="com.cardatechnologies.utils.validators.abaroutevalidator.Test_AbaRouteValidator_05" time="0"/>
  <testcase name="testAbaNumberCheck_7837_good" classname="com.cardatechnologies.utils.validators.abaroutevalidator.Test_AbaRouteValidator_05" time="0"/>
  <testcase name="testAbaNumberCheck_7675_good" classname="com.cardatechnologies.utils.validators.abaroutevalidator.Test_AbaRouteValidator_05" time="0"/>
  <testcase name="testAbaNumberCheck_9860_bad" classname="com.cardatechnologies.utils.validators.abaroutevalidator.Test_AbaRouteValidator_05" time="0"/>
  <testcase name="testAbaNumberCheck_9862_bad" classname="com.cardatechnologies.utils.validators.abaroutevalidator.Test_AbaRouteValidator_05" time="0"/>
  <testcase name="testAbaNumberCheck_8489_good" classname="com.cardatechnologies.utils.validators.abaroutevalidator.Test_AbaRouteValidator_05" time="0"/>
  <testcase name="testAbaNumberCheck_7549_good" classname="com.cardatechnologies.utils.validators.abaroutevalidator.Test_AbaRouteValidator_05" time="0"/>
  <testcase name="testAbaNumberCheck_9864_bad" classname="com.cardatechnologies.utils.validators.abaroutevalidator.Test_AbaRouteValidator_05" time="0"/>
  <testcase name="testAbaNumberCheck_9866_bad" classname="com.cardatechnologies.utils.validators.abaroutevalidator.Test_AbaRouteValidator_05" time="0"/>
  <testcase name="testAbaNumberCheck_9868_bad" classname="com.cardatechnologies.utils.validators.abaroutevalidator.Test_AbaRouteValidator_05" time="0"/>
  <testcase name="testAbaNumberCheck_7790_bad" classname="com.cardatechnologies.utils.validators.abaroutevalidator.Test_AbaRouteValidator_05" time="0"/>
  <testcase name="testAbaNumberCheck_7792_bad" classname="com.cardatechnologies.utils.validators.abaroutevalidator.Test_AbaRouteValidator_05" time="0.001"/>
  <testcase name="testAbaNumberCheck_7794_bad" classname="com.cardatechnologies.utils.validators.abaroutevalidator.Test_AbaRouteValidator_05" time="0"/>
  <testcase name="testAbaNumberCheck_8985_good" classname="com.cardatechnologies.utils.validators.abaroutevalidator.Test_AbaRouteValidator_05" time="0"/>
  <testcase name="testAbaNumberCheck_7796_bad" classname="com.cardatechnologies.utils.validators.abaroutevalidator.Test_AbaRouteValidator_05" time="0"/>
  <testcase name="testAbaNumberCheck_7798_bad" classname="com.cardatechnologies.utils.validators.abaroutevalidator.Test_AbaRouteValidator_05" time="0"/>
  <testcase name="testAbaNumberCheck_9799_good" classname="com.cardatechnologies.utils.validators.abaroutevalidator.Test_AbaRouteValidator_05" time="0"/>
  <testcase name="testAbaNumberCheck_8859_good" classname="com.cardatechnologies.utils.validators.abaroutevalidator.Test_AbaRouteValidator_05" time="0"/>
  <testcase name="testAbaNumberCheck_7919_good" classname="com.cardatechnologies.utils.validators.abaroutevalidator.Test_AbaRouteValidator_05" time="0"/>
  <testcase name="testAbaNumberCheck_7883_good" classname="com.cardatechnologies.utils.validators.abaroutevalidator.Test_AbaRouteValidator_05" time="0"/>
  <testcase name="testAbaNumberCheck_8697_good" classname="com.cardatechnologies.utils.validators.abaroutevalidator.Test_AbaRouteValidator_05" time="0"/>
  <testcase name="testAbaNumberCheck_7757_good" classname="com.cardatechnologies.utils.validators.abaroutevalidator.Test_AbaRouteValidator_05" time="0"/>
  <testcase name="testAbaNumberCheck_9870_bad" classname="com.cardatechnologies.utils.validators.abaroutevalidator.Test_AbaRouteValidator_05" time="0"/>
  <testcase name="testAbaNumberCheck_9872_bad" classname="com.cardatechnologies.utils.validators.abaroutevalidator.Test_AbaRouteValidator_05" time="0"/>
  <testcase name="testAbaNumberCheck_7595_good" classname="com.cardatechnologies.utils.validators.abaroutevalidator.Test_AbaRouteValidator_05" time="0"/>
  <testcase name="testAbaNumberCheck_9874_bad" classname="com.cardatechnologies.utils.validators.abaroutevalidator.Test_AbaRouteValidator_05" time="0"/>
  <testcase name="testAbaNumberCheck_9876_bad" classname="com.cardatechnologies.utils.validators.abaroutevalidator.Test_AbaRouteValidator_05" time="0"/>
  <testcase name="testAbaNumberCheck_9878_bad" classname="com.cardatechnologies.utils.validators.abaroutevalidator.Test_AbaRouteValidator_05" time="0"/>
  <testcase name="testAbaNumberCheck_7965_good" classname="com.cardatechnologies.utils.validators.abaroutevalidator.Test_AbaRouteValidator_05" time="0.001"/>
  <testcase name="testAbaNumberCheck_8779_good" classname="com.cardatechnologies.utils.validators.abaroutevalidator.Test_AbaRouteValidator_05" time="0"/>
  <testcase name="testAbaNumberCheck_7839_good" classname="com.cardatechnologies.utils.validators.abaroutevalidator.Test_AbaRouteValidator_05" time="0"/>
  <testcase name="testAbaNumberCheck_7677_good" classname="com.cardatechnologies.utils.validators.abaroutevalidator.Test_AbaRouteValidator_05" time="0"/>
  <testcase name="testAbaNumberCheck_9880_bad" classname="com.cardatechnologies.utils.validators.abaroutevalidator.Test_AbaRouteValidator_05" time="0"/>
  <testcase name="testAbaNumberCheck_9882_bad" classname="com.cardatechnologies.utils.validators.abaroutevalidator.Test_AbaRouteValidator_05" time="0"/>
  <testcase name="testAbaNumberCheck_9884_bad" classname="com.cardatechnologies.utils.validators.abaroutevalidator.Test_AbaRouteValidator_05" time="0"/>
  <testcase name="testAbaNumberCheck_9886_bad" classname="com.cardatechnologies.utils.validators.abaroutevalidator.Test_AbaRouteValidator_05" time="0"/>
  <testcase name="testAbaNumberCheck_9888_bad" classname="com.cardatechnologies.utils.validators.abaroutevalidator.Test_AbaRouteValidator_05" time="0"/>
  <testcase name="testAbaNumberCheck_8987_good" classname="com.cardatechnologies.utils.validators.abaroutevalidator.Test_AbaRouteValidator_05" time="0"/>
  <testcase name="testAbaNumberCheck_7885_good" classname="com.cardatechnologies.utils.validators.abaroutevalidator.Test_AbaRouteValidator_05" time="0"/>
  <testcase name="testAbaNumberCheck_8699_good" classname="com.cardatechnologies.utils.validators.abaroutevalidator.Test_AbaRouteValidator_05" time="0"/>
  <testcase name="testAbaNumberCheck_7759_good" classname="com.cardatechnologies.utils.validators.abaroutevalidator.Test_AbaRouteValidator_05" time="0"/>
  <testcase name="testAbaNumberCheck_9890_bad" classname="com.cardatechnologies.utils.validators.abaroutevalidator.Test_AbaRouteValidator_05" time="0"/>
  <testcase name="testAbaNumberCheck_9892_bad" classname="com.cardatechnologies.utils.validators.abaroutevalidator.Test_AbaRouteValidator_05" time="0"/>
  <testcase name="testAbaNumberCheck_7597_good" classname="com.cardatechnologies.utils.validators.abaroutevalidator.Test_AbaRouteValidator_05" time="0"/>
  <testcase name="testAbaNumberCheck_9894_bad" classname="com.cardatechnologies.utils.validators.abaroutevalidator.Test_AbaRouteValidator_05" time="0"/>
  <testcase name="testAbaNumberCheck_9896_bad" classname="com.cardatechnologies.utils.validators.abaroutevalidator.Test_AbaRouteValidator_05" time="0"/>
  <testcase name="testAbaNumberCheck_9898_bad" classname="com.cardatechnologies.utils.validators.abaroutevalidator.Test_AbaRouteValidator_05" time="0"/>
  <testcase name="testAbaNumberCheck_7967_good" classname="com.cardatechnologies.utils.validators.abaroutevalidator.Test_AbaRouteValidator_05" time="0"/>
  <testcase name="testAbaNumberCheck_7679_good" classname="com.cardatechnologies.utils.validators.abaroutevalidator.Test_AbaRouteValidator_05" time="0"/>
  <testcase name="testAbaNumberCheck_8989_good" classname="com.cardatechnologies.utils.validators.abaroutevalidator.Test_AbaRouteValidator_05" time="0"/>
  <testcase name="testAbaNumberCheck_7887_good" classname="com.cardatechnologies.utils.validators.abaroutevalidator.Test_AbaRouteValidator_05" time="0"/>
  <testcase name="testAbaNumberCheck_7599_good" classname="com.cardatechnologies.utils.validators.abaroutevalidator.Test_AbaRouteValidator_05" time="0"/>
  <testcase name="testAbaNumberCheck_7969_good" classname="com.cardatechnologies.utils.validators.abaroutevalidator.Test_AbaRouteValidator_05" time="0"/>
  <testcase name="testAbaNumberCheck_7889_good" classname="com.cardatechnologies.utils.validators.abaroutevalidator.Test_AbaRouteValidator_05" time="0"/>
  <testcase name="testAbaNumberCheck_9201_good" classname="com.cardatechnologies.utils.validators.abaroutevalidator.Test_AbaRouteValidator_05" time="0"/>
  <testcase name="testAbaNumberCheck_9121_good" classname="com.cardatechnologies.utils.validators.abaroutevalidator.Test_AbaRouteValidator_05" time="0"/>
  <testcase name="testAbaNumberCheck_9203_good" classname="com.cardatechnologies.utils.validators.abaroutevalidator.Test_AbaRouteValidator_05" time="0"/>
  <testcase name="testAbaNumberCheck_9041_good" classname="com.cardatechnologies.utils.validators.abaroutevalidator.Test_AbaRouteValidator_05" time="0"/>
  <testcase name="testAbaNumberCheck_8101_good" classname="com.cardatechnologies.utils.validators.abaroutevalidator.Test_AbaRouteValidator_05" time="0"/>
  <testcase name="testAbaNumberCheck_9411_good" classname="com.cardatechnologies.utils.validators.abaroutevalidator.Test_AbaRouteValidator_05" time="0"/>
  <testcase name="testAbaNumberCheck_9123_good" classname="com.cardatechnologies.utils.validators.abaroutevalidator.Test_AbaRouteValidator_05" time="0"/>
  <testcase name="testAbaNumberCheck_8021_good" classname="com.cardatechnologies.utils.validators.abaroutevalidator.Test_AbaRouteValidator_05" time="0"/>
  <testcase name="testAbaNumberCheck_9331_good" classname="com.cardatechnologies.utils.validators.abaroutevalidator.Test_AbaRouteValidator_05" time="0"/>
  <testcase name="testAbaNumberCheck_9205_good" classname="com.cardatechnologies.utils.validators.abaroutevalidator.Test_AbaRouteValidator_05" time="0"/>
  <testcase name="testAbaNumberCheck_9043_good" classname="com.cardatechnologies.utils.validators.abaroutevalidator.Test_AbaRouteValidator_05" time="0"/>
  <testcase name="testAbaNumberCheck_8103_good" classname="com.cardatechnologies.utils.validators.abaroutevalidator.Test_AbaRouteValidator_05" time="0"/>
  <testcase name="testAbaNumberCheck_9701_good" classname="com.cardatechnologies.utils.validators.abaroutevalidator.Test_AbaRouteValidator_05" time="0"/>
  <testcase name="testAbaNumberCheck_9413_good" classname="com.cardatechnologies.utils.validators.abaroutevalidator.Test_AbaRouteValidator_05" time="0"/>
  <testcase name="testAbaNumberCheck_9251_good" classname="com.cardatechnologies.utils.validators.abaroutevalidator.Test_AbaRouteValidator_05" time="0"/>
  <testcase name="testAbaNumberCheck_8311_good" classname="com.cardatechnologies.utils.validators.abaroutevalidator.Test_AbaRouteValidator_05" time="0"/>
  <testcase name="testAbaNumberCheck_9125_good" classname="com.cardatechnologies.utils.validators.abaroutevalidator.Test_AbaRouteValidator_05" time="0"/>
  <testcase name="testAbaNumberCheck_8023_good" classname="com.cardatechnologies.utils.validators.abaroutevalidator.Test_AbaRouteValidator_05" time="0"/>
  <testcase name="testAbaNumberCheck_9621_good" classname="com.cardatechnologies.utils.validators.abaroutevalidator.Test_AbaRouteValidator_05" time="0"/>
  <testcase name="testAbaNumberCheck_9333_good" classname="com.cardatechnologies.utils.validators.abaroutevalidator.Test_AbaRouteValidator_05" time="0"/>
  <testcase name="testAbaNumberCheck_9207_good" classname="com.cardatechnologies.utils.validators.abaroutevalidator.Test_AbaRouteValidator_05" time="0"/>
  <testcase name="testAbaNumberCheck_9171_good" classname="com.cardatechnologies.utils.validators.abaroutevalidator.Test_AbaRouteValidator_05" time="0"/>
  <testcase name="testAbaNumberCheck_8231_good" classname="com.cardatechnologies.utils.validators.abaroutevalidator.Test_AbaRouteValidator_05" time="0"/>
  <testcase name="testAbaNumberCheck_9045_good" classname="com.cardatechnologies.utils.validators.abaroutevalidator.Test_AbaRouteValidator_05" time="0"/>
  <testcase name="testAbaNumberCheck_8105_good" classname="com.cardatechnologies.utils.validators.abaroutevalidator.Test_AbaRouteValidator_05" time="0"/>
  <testcase name="testAbaNumberCheck_9703_good" classname="com.cardatechnologies.utils.validators.abaroutevalidator.Test_AbaRouteValidator_05" time="0"/>
  <testcase name="testAbaNumberCheck_9541_good" classname="com.cardatechnologies.utils.validators.abaroutevalidator.Test_AbaRouteValidator_05" time="0"/>
  <testcase name="testAbaNumberCheck_8601_good" classname="com.cardatechnologies.utils.validators.abaroutevalidator.Test_AbaRouteValidator_05" time="0"/>
  <testcase name="testAbaNumberCheck_9415_good" classname="com.cardatechnologies.utils.validators.abaroutevalidator.Test_AbaRouteValidator_05" time="0"/>
  <testcase name="testAbaNumberCheck_8100_bad" classname="com.cardatechnologies.utils.validators.abaroutevalidator.Test_AbaRouteValidator_05" time="0"/>
  <testcase name="testAbaNumberCheck_8102_bad" classname="com.cardatechnologies.utils.validators.abaroutevalidator.Test_AbaRouteValidator_05" time="0"/>
  <testcase name="testAbaNumberCheck_9253_good" classname="com.cardatechnologies.utils.validators.abaroutevalidator.Test_AbaRouteValidator_05" time="0.001"/>
  <testcase name="testAbaNumberCheck_8313_good" classname="com.cardatechnologies.utils.validators.abaroutevalidator.Test_AbaRouteValidator_05" time="0"/>
  <testcase name="testAbaNumberCheck_8104_bad" classname="com.cardatechnologies.utils.validators.abaroutevalidator.Test_AbaRouteValidator_05" time="0"/>
  <testcase name="testAbaNumberCheck_9911_good" classname="com.cardatechnologies.utils.validators.abaroutevalidator.Test_AbaRouteValidator_05" time="0"/>
  <testcase name="testAbaNumberCheck_8106_bad" classname="com.cardatechnologies.utils.validators.abaroutevalidator.Test_AbaRouteValidator_05" time="0"/>
  <testcase name="testAbaNumberCheck_9127_good" classname="com.cardatechnologies.utils.validators.abaroutevalidator.Test_AbaRouteValidator_05" time="0"/>
  <testcase name="testAbaNumberCheck_8108_bad" classname="com.cardatechnologies.utils.validators.abaroutevalidator.Test_AbaRouteValidator_05" time="0"/>
  <testcase name="testAbaNumberCheck_9091_good" classname="com.cardatechnologies.utils.validators.abaroutevalidator.Test_AbaRouteValidator_05" time="0"/>
  <testcase name="testAbaNumberCheck_8151_good" classname="com.cardatechnologies.utils.validators.abaroutevalidator.Test_AbaRouteValidator_05" time="0"/>
  <testcase name="testAbaNumberCheck_8025_good" classname="com.cardatechnologies.utils.validators.abaroutevalidator.Test_AbaRouteValidator_05" time="0"/>
  <testcase name="testAbaNumberCheck_9623_good" classname="com.cardatechnologies.utils.validators.abaroutevalidator.Test_AbaRouteValidator_05" time="0"/>
  <testcase name="testAbaNumberCheck_9461_good" classname="com.cardatechnologies.utils.validators.abaroutevalidator.Test_AbaRouteValidator_05" time="0"/>
  <testcase name="testAbaNumberCheck_8521_good" classname="com.cardatechnologies.utils.validators.abaroutevalidator.Test_AbaRouteValidator_05" time="0"/>
  <testcase name="testAbaNumberCheck_9335_good" classname="com.cardatechnologies.utils.validators.abaroutevalidator.Test_AbaRouteValidator_05" time="0"/>
  <testcase name="testAbaNumberCheck_8110_bad" classname="com.cardatechnologies.utils.validators.abaroutevalidator.Test_AbaRouteValidator_05" time="0"/>
  <testcase name="testAbaNumberCheck_8112_bad" classname="com.cardatechnologies.utils.validators.abaroutevalidator.Test_AbaRouteValidator_05" time="0"/>
  <testcase name="testAbaNumberCheck_9209_good" classname="com.cardatechnologies.utils.validators.abaroutevalidator.Test_AbaRouteValidator_05" time="0"/>
  <testcase name="testAbaNumberCheck_8114_bad" classname="com.cardatechnologies.utils.validators.abaroutevalidator.Test_AbaRouteValidator_05" time="0"/>
  <testcase name="testAbaNumberCheck_8116_bad" classname="com.cardatechnologies.utils.validators.abaroutevalidator.Test_AbaRouteValidator_05" time="0"/>
  <testcase name="testAbaNumberCheck_9173_good" classname="com.cardatechnologies.utils.validators.abaroutevalidator.Test_AbaRouteValidator_05" time="0"/>
  <testcase name="testAbaNumberCheck_8233_good" classname="com.cardatechnologies.utils.validators.abaroutevalidator.Test_AbaRouteValidator_05" time="0"/>
  <testcase name="testAbaNumberCheck_8118_bad" classname="com.cardatechnologies.utils.validators.abaroutevalidator.Test_AbaRouteValidator_05" time="0"/>
  <testcase name="testAbaNumberCheck_9831_good" classname="com.cardatechnologies.utils.validators.abaroutevalidator.Test_AbaRouteValidator_05" time="0"/>
  <testcase name="testAbaNumberCheck_9047_good" classname="com.cardatechnologies.utils.validators.abaroutevalidator.Test_AbaRouteValidator_05" time="0"/>
  <testcase name="testAbaNumberCheck_8107_good" classname="com.cardatechnologies.utils.validators.abaroutevalidator.Test_AbaRouteValidator_05" time="0"/>
  <testcase name="testAbaNumberCheck_9705_good" classname="com.cardatechnologies.utils.validators.abaroutevalidator.Test_AbaRouteValidator_05" time="0"/>
  <testcase name="testAbaNumberCheck_8071_good" classname="com.cardatechnologies.utils.validators.abaroutevalidator.Test_AbaRouteValidator_05" time="0"/>
  <testcase name="testAbaNumberCheck_9543_good" classname="com.cardatechnologies.utils.validators.abaroutevalidator.Test_AbaRouteValidator_05" time="0"/>
  <testcase name="testAbaNumberCheck_8603_good" classname="com.cardatechnologies.utils.validators.abaroutevalidator.Test_AbaRouteValidator_05" time="0"/>
  <testcase name="testAbaNumberCheck_9417_good" classname="com.cardatechnologies.utils.validators.abaroutevalidator.Test_AbaRouteValidator_05" time="0"/>
  <testcase name="testAbaNumberCheck_9381_good" classname="com.cardatechnologies.utils.validators.abaroutevalidator.Test_AbaRouteValidator_05" time="0"/>
  <testcase name="testAbaNumberCheck_8441_good" classname="com.cardatechnologies.utils.validators.abaroutevalidator.Test_AbaRouteValidator_05" time="0"/>
  <testcase name="testAbaNumberCheck_7501_good" classname="com.cardatechnologies.utils.validators.abaroutevalidator.Test_AbaRouteValidator_05" time="0.002"/>
  <testcase name="testAbaNumberCheck_8120_bad" classname="com.cardatechnologies.utils.validators.abaroutevalidator.Test_AbaRouteValidator_05" time="0"/>
  <testcase name="testAbaNumberCheck_8122_bad" classname="com.cardatechnologies.utils.validators.abaroutevalidator.Test_AbaRouteValidator_05" time="0"/>
  <testcase name="testAbaNumberCheck_9255_good" classname="com.cardatechnologies.utils.validators.abaroutevalidator.Test_AbaRouteValidator_05" time="0"/>
  <testcase name="testAbaNumberCheck_8315_good" classname="com.cardatechnologies.utils.validators.abaroutevalidator.Test_AbaRouteValidator_05" time="0"/>
  <testcase name="testAbaNumberCheck_8124_bad" classname="com.cardatechnologies.utils.validators.abaroutevalidator.Test_AbaRouteValidator_05" time="0"/>
  <testcase name="testAbaNumberCheck_9913_good" classname="com.cardatechnologies.utils.validators.abaroutevalidator.Test_AbaRouteValidator_05" time="0"/>
  <testcase name="testAbaNumberCheck_8126_bad" classname="com.cardatechnologies.utils.validators.abaroutevalidator.Test_AbaRouteValidator_05" time="0"/>
  <testcase name="testAbaNumberCheck_9129_good" classname="com.cardatechnologies.utils.validators.abaroutevalidator.Test_AbaRouteValidator_05" time="0"/>
  <testcase name="testAbaNumberCheck_8128_bad" classname="com.cardatechnologies.utils.validators.abaroutevalidator.Test_AbaRouteValidator_05" time="0"/>
  <testcase name="testAbaNumberCheck_9093_good" classname="com.cardatechnologies.utils.validators.abaroutevalidator.Test_AbaRouteValidator_05" time="0"/>
  <testcase name="testAbaNumberCheck_8153_good" classname="com.cardatechnologies.utils.validators.abaroutevalidator.Test_AbaRouteValidator_05" time="0"/>
  <testcase name="testAbaNumberCheck_9751_good" classname="com.cardatechnologies.utils.validators.abaroutevalidator.Test_AbaRouteValidator_05" time="0"/>
  <testcase name="testAbaNumberCheck_8811_good" classname="com.cardatechnologies.utils.validators.abaroutevalidator.Test_AbaRouteValidator_05" time="0"/>
  <testcase name="testAbaNumberCheck_8027_good" classname="com.cardatechnologies.utils.validators.abaroutevalidator.Test_AbaRouteValidator_05" time="0"/>
  <testcase name="testAbaNumberCheck_9625_good" classname="com.cardatechnologies.utils.validators.abaroutevalidator.Test_AbaRouteValidator_05" time="0"/>
  <testcase name="testAbaNumberCheck_9463_good" classname="com.cardatechnologies.utils.validators.abaroutevalidator.Test_AbaRouteValidator_05" time="0"/>
  <testcase name="testAbaNumberCheck_8523_good" classname="com.cardatechnologies.utils.validators.abaroutevalidator.Test_AbaRouteValidator_05" time="0"/>
  <testcase name="testAbaNumberCheck_9337_good" classname="com.cardatechnologies.utils.validators.abaroutevalidator.Test_AbaRouteValidator_05" time="0"/>
  <testcase name="testAbaNumberCheck_8130_bad" classname="com.cardatechnologies.utils.validators.abaroutevalidator.Test_AbaRouteValidator_05" time="0"/>
  <testcase name="testAbaNumberCheck_8132_bad" classname="com.cardatechnologies.utils.validators.abaroutevalidator.Test_AbaRouteValidator_05" time="0"/>
  <testcase name="testAbaNumberCheck_8361_good" classname="com.cardatechnologies.utils.validators.abaroutevalidator.Test_AbaRouteValidator_05" time="0"/>
  <testcase name="testAbaNumberCheck_8134_bad" classname="com.cardatechnologies.utils.validators.abaroutevalidator.Test_AbaRouteValidator_05" time="0"/>
  <testcase name="testAbaNumberCheck_8136_bad" classname="com.cardatechnologies.utils.validators.abaroutevalidator.Test_AbaRouteValidator_05" time="0"/>
  <testcase name="testAbaNumberCheck_9175_good" classname="com.cardatechnologies.utils.validators.abaroutevalidator.Test_AbaRouteValidator_05" time="0"/>
  <testcase name="testAbaNumberCheck_8235_good" classname="com.cardatechnologies.utils.validators.abaroutevalidator.Test_AbaRouteValidator_05" time="0"/>
  <testcase name="testAbaNumberCheck_8138_bad" classname="com.cardatechnologies.utils.validators.abaroutevalidator.Test_AbaRouteValidator_05" time="0"/>
  <testcase name="testAbaNumberCheck_9833_good" classname="com.cardatechnologies.utils.validators.abaroutevalidator.Test_AbaRouteValidator_05" time="0"/>
  <testcase name="testAbaNumberCheck_9049_good" classname="com.cardatechnologies.utils.validators.abaroutevalidator.Test_AbaRouteValidator_05" time="0"/>
  <testcase name="testAbaNumberCheck_8109_good" classname="com.cardatechnologies.utils.validators.abaroutevalidator.Test_AbaRouteValidator_05" time="0"/>
  <testcase name="testAbaNumberCheck_9707_good" classname="com.cardatechnologies.utils.validators.abaroutevalidator.Test_AbaRouteValidator_05" time="0"/>
  <testcase name="testAbaNumberCheck_8073_good" classname="com.cardatechnologies.utils.validators.abaroutevalidator.Test_AbaRouteValidator_05" time="0"/>
  <testcase name="testAbaNumberCheck_9671_good" classname="com.cardatechnologies.utils.validators.abaroutevalidator.Test_AbaRouteValidator_05" time="0"/>
  <testcase name="testAbaNumberCheck_8731_good" classname="com.cardatechnologies.utils.validators.abaroutevalidator.Test_AbaRouteValidator_05" time="0"/>
  <testcase name="testAbaNumberCheck_9545_good" classname="com.cardatechnologies.utils.validators.abaroutevalidator.Test_AbaRouteValidator_05" time="0"/>
  <testcase name="testAbaNumberCheck_8605_good" classname="com.cardatechnologies.utils.validators.abaroutevalidator.Test_AbaRouteValidator_05" time="0"/>
  <testcase name="testAbaNumberCheck_9419_good" classname="com.cardatechnologies.utils.validators.abaroutevalidator.Test_AbaRouteValidator_05" time="0"/>
  <testcase name="testAbaNumberCheck_9400_bad" classname="com.cardatechnologies.utils.validators.abaroutevalidator.Test_AbaRouteValidator_05" time="0"/>
  <testcase name="testAbaNumberCheck_9402_bad" classname="com.cardatechnologies.utils.validators.abaroutevalidator.Test_AbaRouteValidator_05" time="0"/>
  <testcase name="testAbaNumberCheck_9383_good" classname="com.cardatechnologies.utils.validators.abaroutevalidator.Test_AbaRouteValidator_05" time="0"/>
  <testcase name="testAbaNumberCheck_8443_good" classname="com.cardatechnologies.utils.validators.abaroutevalidator.Test_AbaRouteValidator_05" time="0"/>
  <testcase name="testAbaNumberCheck_7503_good" classname="com.cardatechnologies.utils.validators.abaroutevalidator.Test_AbaRouteValidator_05" time="0"/>
  <testcase name="testAbaNumberCheck_9404_bad" classname="com.cardatechnologies.utils.validators.abaroutevalidator.Test_AbaRouteValidator_05" time="0"/>
  <testcase name="testAbaNumberCheck_8140_bad" classname="com.cardatechnologies.utils.validators.abaroutevalidator.Test_AbaRouteValidator_05" time="0"/>
  <testcase name="testAbaNumberCheck_9406_bad" classname="com.cardatechnologies.utils.validators.abaroutevalidator.Test_AbaRouteValidator_05" time="0"/>
  <testcase name="testAbaNumberCheck_8142_bad" classname="com.cardatechnologies.utils.validators.abaroutevalidator.Test_AbaRouteValidator_05" time="0"/>
  <testcase name="testAbaNumberCheck_9257_good" classname="com.cardatechnologies.utils.validators.abaroutevalidator.Test_AbaRouteValidator_05" time="0"/>
  <testcase name="testAbaNumberCheck_8317_good" classname="com.cardatechnologies.utils.validators.abaroutevalidator.Test_AbaRouteValidator_05" time="0"/>
  <testcase name="testAbaNumberCheck_9408_bad" classname="com.cardatechnologies.utils.validators.abaroutevalidator.Test_AbaRouteValidator_05" time="0"/>
  <testcase name="testAbaNumberCheck_8144_bad" classname="com.cardatechnologies.utils.validators.abaroutevalidator.Test_AbaRouteValidator_05" time="0"/>
  <testcase name="testAbaNumberCheck_9915_good" classname="com.cardatechnologies.utils.validators.abaroutevalidator.Test_AbaRouteValidator_05" time="0.001"/>
  <testcase name="testAbaNumberCheck_8146_bad" classname="com.cardatechnologies.utils.validators.abaroutevalidator.Test_AbaRouteValidator_05" time="0"/>
  <testcase name="testAbaNumberCheck_8281_good" classname="com.cardatechnologies.utils.validators.abaroutevalidator.Test_AbaRouteValidator_05" time="0"/>
  <testcase name="testAbaNumberCheck_8148_bad" classname="com.cardatechnologies.utils.validators.abaroutevalidator.Test_AbaRouteValidator_05" time="0"/>
  <testcase name="testAbaNumberCheck_9095_good" classname="com.cardatechnologies.utils.validators.abaroutevalidator.Test_AbaRouteValidator_05" time="0"/>
  <testcase name="testAbaNumberCheck_8155_good" classname="com.cardatechnologies.utils.validators.abaroutevalidator.Test_AbaRouteValidator_05" time="0"/>
  <testcase name="testAbaNumberCheck_9753_good" classname="com.cardatechnologies.utils.validators.abaroutevalidator.Test_AbaRouteValidator_05" time="0"/>
  <testcase name="testAbaNumberCheck_8813_good" classname="com.cardatechnologies.utils.validators.abaroutevalidator.Test_AbaRouteValidator_05" time="0"/>
  <testcase name="testAbaNumberCheck_8029_good" classname="com.cardatechnologies.utils.validators.abaroutevalidator.Test_AbaRouteValidator_05" time="0"/>
  <testcase name="testAbaNumberCheck_9627_good" classname="com.cardatechnologies.utils.validators.abaroutevalidator.Test_AbaRouteValidator_05" time="0"/>
  <testcase name="testAbaNumberCheck_9591_good" classname="com.cardatechnologies.utils.validators.abaroutevalidator.Test_AbaRouteValidator_05" time="0"/>
  <testcase name="testAbaNumberCheck_8651_good" classname="com.cardatechnologies.utils.validators.abaroutevalidator.Test_AbaRouteValidator_05" time="0"/>
  <testcase name="testAbaNumberCheck_7711_good" classname="com.cardatechnologies.utils.validators.abaroutevalidator.Test_AbaRouteValidator_05" time="0"/>
  <testcase name="testAbaNumberCheck_9465_good" classname="com.cardatechnologies.utils.validators.abaroutevalidator.Test_AbaRouteValidator_05" time="0"/>
  <testcase name="testAbaNumberCheck_8525_good" classname="com.cardatechnologies.utils.validators.abaroutevalidator.Test_AbaRouteValidator_05" time="0"/>
  <testcase name="testAbaNumberCheck_9410_bad" classname="com.cardatechnologies.utils.validators.abaroutevalidator.Test_AbaRouteValidator_05" time="0"/>
  <testcase name="testAbaNumberCheck_9412_bad" classname="com.cardatechnologies.utils.validators.abaroutevalidator.Test_AbaRouteValidator_05" time="0"/>
  <testcase name="testAbaNumberCheck_9339_good" classname="com.cardatechnologies.utils.validators.abaroutevalidator.Test_AbaRouteValidator_05" time="0"/>
  <testcase name="testAbaNumberCheck_8600_bad" classname="com.cardatechnologies.utils.validators.abaroutevalidator.Test_AbaRouteValidator_05" time="0"/>
  <testcase name="testAbaNumberCheck_9414_bad" classname="com.cardatechnologies.utils.validators.abaroutevalidator.Test_AbaRouteValidator_05" time="0"/>
  <testcase name="testAbaNumberCheck_8150_bad" classname="com.cardatechnologies.utils.validators.abaroutevalidator.Test_AbaRouteValidator_05" time="0"/>
  <testcase name="testAbaNumberCheck_8602_bad" classname="com.cardatechnologies.utils.validators.abaroutevalidator.Test_AbaRouteValidator_05" time="0"/>
  <testcase name="testAbaNumberCheck_9416_bad" classname="com.cardatechnologies.utils.validators.abaroutevalidator.Test_AbaRouteValidator_05" time="0"/>
  <testcase name="testAbaNumberCheck_8152_bad" classname="com.cardatechnologies.utils.validators.abaroutevalidator.Test_AbaRouteValidator_05" time="0"/>
  <testcase name="testAbaNumberCheck_8363_good" classname="com.cardatechnologies.utils.validators.abaroutevalidator.Test_AbaRouteValidator_05" time="0"/>
  <testcase name="testAbaNumberCheck_8604_bad" classname="com.cardatechnologies.utils.validators.abaroutevalidator.Test_AbaRouteValidator_05" time="0"/>
  <testcase name="testAbaNumberCheck_9418_bad" classname="com.cardatechnologies.utils.validators.abaroutevalidator.Test_AbaRouteValidator_05" time="0"/>
  <testcase name="testAbaNumberCheck_8154_bad" classname="com.cardatechnologies.utils.validators.abaroutevalidator.Test_AbaRouteValidator_05" time="0"/>
  <testcase name="testAbaNumberCheck_9961_good" classname="com.cardatechnologies.utils.validators.abaroutevalidator.Test_AbaRouteValidator_05" time="0.001"/>
  <testcase name="testAbaNumberCheck_8606_bad" classname="com.cardatechnologies.utils.validators.abaroutevalidator.Test_AbaRouteValidator_05" time="0"/>
</testsuite>