<?xml version="1.0" encoding="UTF-8"?>
<testsuite name="com.cardatechnologies.utils.validators.abaroutevalidator.Test_AbaRouteValidator_15" time="0.065" tests="2500" errors="0" skipped="0" failures="0">
  <properties>
    <property name="java.runtime.name" value="Java(TM) SE Runtime Environment"/>
    <property name="sun.boot.library.path" value="D:\tools\java\jdk\jdk1.8.0_20\jre\bin"/>
    <property name="java.vm.version" value="25.20-b23"/>
    <property name="java.vm.vendor" value="Oracle Corporation"/>
    <property name="java.vendor.url" value="http://java.oracle.com/"/>
    <property name="path.separator" value=";"/>
    <property name="guice.disable.misplaced.annotation.check" value="true"/>
    <property name="java.vm.name" value="Java HotSpot(TM) 64-Bit Server VM"/>
    <property name="file.encoding.pkg" value="sun.io"/>
    <property name="user.script" value=""/>
    <property name="user.country" value="US"/>
    <property name="sun.java.launcher" value="SUN_STANDARD"/>
    <property name="sun.os.patch.level" value=""/>
    <property name="java.vm.specification.name" value="Java Virtual Machine Specification"/>
    <property name="user.dir" value="D:\projects\CardaTech\aba.route.validator"/>
    <property name="java.runtime.version" value="1.8.0_20-b26"/>
    <property name="java.awt.graphicsenv" value="sun.awt.Win32GraphicsEnvironment"/>
    <property name="java.endorsed.dirs" value="D:\tools\java\jdk\jdk1.8.0_20\jre\lib\endorsed"/>
    <property name="os.arch" value="amd64"/>
    <property name="java.io.tmpdir" value="C:\Users\Joker\AppData\Local\Temp\"/>
    <property name="line.separator" value="&#10;"/>
    <property name="java.vm.specification.vendor" value="Oracle Corporation"/>
    <property name="user.variant" value=""/>
    <property name="os.name" value="Windows 8.1"/>
    <property name="classworlds.conf" value="D:\tools\java\apache\apache-maven-3.2.3\bin\..\bin\m2.conf"/>
    <property name="maven.test.skip" value="false"/>
    <property name="sun.jnu.encoding" value="Cp1252"/>
    <property name="java.library.path" value="D:\tools\java\jdk\jdk1.8.0_20\bin;C:\Windows\Sun\Java\bin;C:\Windows\system32;C:\Windows;C:\Program Files (x86)\NVIDIA Corporation\PhysX\Common;C:\ProgramData\Oracle\Java\javapath;C:\Windows\system32;C:\Windows;C:\Windows\System32\Wbem;C:\Windows\System32\WindowsPowerShell\v1.0\;C:\Program Files (x86)\ATI Technologies\ATI.ACE\Core-Static;D:\Applications\CondusivTechnologies\Diskeeper\;C:\Program Files (x86)\Common Files\Acronis\SnapAPI\;C:\Program Files\Common Files\Autodesk Shared\;C:\Program Files (x86)\Autodesk\Backburner\;D:\Applications\DAZ3D\LuxRender;C:\Program Files (x86)\QuickTime\QTSystem\;D:\tools\nodejs\;C:\Program Files (x86)\AMD\ATI.ACE\Core-Static;C:\Program Files (x86)\NVIDIA Corporation\PhysX\Common;C:\ProgramData\Oracle\Java\javapath;C:\Windows\system32;C:\Windows;C:\Windows\System32\Wbem;C:\Windows\System32\WindowsPowerShell\v1.0\;C:\Program Files (x86)\ATI Technologies\ATI.ACE\Core-Static;D:\Applications\CondusivTechnologies\Diskeeper\;C:\Program Files (x86)\Common Files\Acronis\SnapAPI\;C:\Program Files\Common Files\Autodesk Shared\;C:\Program Files (x86)\Autodesk\Backburner\;D:\Applications\DAZ3D\LuxRender;C:\Program Files (x86)\QuickTime\QTSystem\;D:\tools\nodejs\;C:\Program Files (x86)\AMD\ATI.ACE\Core-Static;D:\projects\MongoDB\MongoDB_2.6.6\bin;D:\tools\java\apache\apache-maven-3.2.3\bin;D:\tools\java\jdk\jdk1.8.0_20\bin;C:\Users\Joker\AppData\Roaming\npm;D:\tools\nodejs;D:\Applications\SublimeText2\;C:\Program Files (x86)\Common Files\Acronis\TibMounter64;."/>
    <property name="java.specification.name" value="Java Platform API Specification"/>
    <property name="java.class.version" value="52.0"/>
    <property name="sun.management.compiler" value="HotSpot 64-Bit Tiered Compilers"/>
    <property name="os.version" value="6.3"/>
    <property name="user.home" value="C:\Users\Joker"/>
    <property name="user.timezone" value="America/Denver"/>
    <property name="java.awt.printerjob" value="sun.awt.windows.WPrinterJob"/>
    <property name="java.specification.version" value="1.8"/>
    <property name="file.encoding" value="Cp1252"/>
    <property name="user.name" value="Joker"/>
    <property name="java.class.path" value="D:\tools\java\apache\apache-maven-3.2.3\bin\..\boot\plexus-classworlds-2.5.1.jar"/>
    <property name="org.slf4j.simpleLogger.defaultLogLevel" value="debug"/>
    <property name="java.vm.specification.version" value="1.8"/>
    <property name="sun.arch.data.model" value="64"/>
    <property name="java.home" value="D:\tools\java\jdk\jdk1.8.0_20\jre"/>
    <property name="sun.java.command" value="org.codehaus.plexus.classworlds.launcher.Launcher -Dmaven.test.skip=false package test site -X"/>
    <property name="java.specification.vendor" value="Oracle Corporation"/>
    <property name="user.language" value="en"/>
    <property name="awt.toolkit" value="sun.awt.windows.WToolkit"/>
    <property name="java.vm.info" value="mixed mode"/>
    <property name="java.version" value="1.8.0_20"/>
    <property name="java.ext.dirs" value="D:\tools\java\jdk\jdk1.8.0_20\jre\lib\ext;C:\Windows\Sun\Java\lib\ext"/>
    <property name="sun.boot.class.path" value="D:\tools\java\jdk\jdk1.8.0_20\jre\lib\resources.jar;D:\tools\java\jdk\jdk1.8.0_20\jre\lib\rt.jar;D:\tools\java\jdk\jdk1.8.0_20\jre\lib\sunrsasign.jar;D:\tools\java\jdk\jdk1.8.0_20\jre\lib\jsse.jar;D:\tools\java\jdk\jdk1.8.0_20\jre\lib\jce.jar;D:\tools\java\jdk\jdk1.8.0_20\jre\lib\charsets.jar;D:\tools\java\jdk\jdk1.8.0_20\jre\lib\jfr.jar;D:\tools\java\jdk\jdk1.8.0_20\jre\classes"/>
    <property name="sun.stderr.encoding" value="cp437"/>
    <property name="java.vendor" value="Oracle Corporation"/>
    <property name="maven.home" value="D:\tools\java\apache\apache-maven-3.2.3\bin\.."/>
    <property name="file.separator" value="\"/>
    <property name="java.vendor.url.bug" value="http://bugreport.sun.com/bugreport/"/>
    <property name="sun.cpu.endian" value="little"/>
    <property name="sun.io.unicode.encoding" value="UnicodeLittle"/>
    <property name="sun.stdout.encoding" value="cp437"/>
    <property name="sun.desktop" value="windows"/>
    <property name="sun.cpu.isalist" value="amd64"/>
  </properties>
  <testcase name="testAbaNumberCheck_33899_good" classname="com.cardatechnologies.utils.validators.abaroutevalidator.Test_AbaRouteValidator_15" time="0"/>
  <testcase name="testAbaNumberCheck_32959_good" classname="com.cardatechnologies.utils.validators.abaroutevalidator.Test_AbaRouteValidator_15" time="0"/>
  <testcase name="testAbaNumberCheck_32797_good" classname="com.cardatechnologies.utils.validators.abaroutevalidator.Test_AbaRouteValidator_15" time="0"/>
  <testcase name="testAbaNumberCheck_32879_good" classname="com.cardatechnologies.utils.validators.abaroutevalidator.Test_AbaRouteValidator_15" time="0"/>
  <testcase name="testAbaNumberCheck_32799_good" classname="com.cardatechnologies.utils.validators.abaroutevalidator.Test_AbaRouteValidator_15" time="0"/>
  <testcase name="testAbaNumberCheck_34111_good" classname="com.cardatechnologies.utils.validators.abaroutevalidator.Test_AbaRouteValidator_15" time="0"/>
  <testcase name="testAbaNumberCheck_33100_bad" classname="com.cardatechnologies.utils.validators.abaroutevalidator.Test_AbaRouteValidator_15" time="0"/>
  <testcase name="testAbaNumberCheck_33102_bad" classname="com.cardatechnologies.utils.validators.abaroutevalidator.Test_AbaRouteValidator_15" time="0"/>
  <testcase name="testAbaNumberCheck_34031_good" classname="com.cardatechnologies.utils.validators.abaroutevalidator.Test_AbaRouteValidator_15" time="0"/>
  <testcase name="testAbaNumberCheck_33104_bad" classname="com.cardatechnologies.utils.validators.abaroutevalidator.Test_AbaRouteValidator_15" time="0"/>
  <testcase name="testAbaNumberCheck_33106_bad" classname="com.cardatechnologies.utils.validators.abaroutevalidator.Test_AbaRouteValidator_15" time="0"/>
  <testcase name="testAbaNumberCheck_33108_bad" classname="com.cardatechnologies.utils.validators.abaroutevalidator.Test_AbaRouteValidator_15" time="0"/>
  <testcase name="testAbaNumberCheck_34401_good" classname="com.cardatechnologies.utils.validators.abaroutevalidator.Test_AbaRouteValidator_15" time="0"/>
  <testcase name="testAbaNumberCheck_34113_good" classname="com.cardatechnologies.utils.validators.abaroutevalidator.Test_AbaRouteValidator_15" time="0.001"/>
  <testcase name="testAbaNumberCheck_33110_bad" classname="com.cardatechnologies.utils.validators.abaroutevalidator.Test_AbaRouteValidator_15" time="0"/>
  <testcase name="testAbaNumberCheck_33112_bad" classname="com.cardatechnologies.utils.validators.abaroutevalidator.Test_AbaRouteValidator_15" time="0"/>
  <testcase name="testAbaNumberCheck_33114_bad" classname="com.cardatechnologies.utils.validators.abaroutevalidator.Test_AbaRouteValidator_15" time="0"/>
  <testcase name="testAbaNumberCheck_33116_bad" classname="com.cardatechnologies.utils.validators.abaroutevalidator.Test_AbaRouteValidator_15" time="0"/>
  <testcase name="testAbaNumberCheck_33011_good" classname="com.cardatechnologies.utils.validators.abaroutevalidator.Test_AbaRouteValidator_15" time="0"/>
  <testcase name="testAbaNumberCheck_33118_bad" classname="com.cardatechnologies.utils.validators.abaroutevalidator.Test_AbaRouteValidator_15" time="0"/>
  <testcase name="testAbaNumberCheck_34321_good" classname="com.cardatechnologies.utils.validators.abaroutevalidator.Test_AbaRouteValidator_15" time="0"/>
  <testcase name="testAbaNumberCheck_33120_bad" classname="com.cardatechnologies.utils.validators.abaroutevalidator.Test_AbaRouteValidator_15" time="0"/>
  <testcase name="testAbaNumberCheck_33122_bad" classname="com.cardatechnologies.utils.validators.abaroutevalidator.Test_AbaRouteValidator_15" time="0"/>
  <testcase name="testAbaNumberCheck_34033_good" classname="com.cardatechnologies.utils.validators.abaroutevalidator.Test_AbaRouteValidator_15" time="0"/>
  <testcase name="testAbaNumberCheck_33124_bad" classname="com.cardatechnologies.utils.validators.abaroutevalidator.Test_AbaRouteValidator_15" time="0"/>
  <testcase name="testAbaNumberCheck_33126_bad" classname="com.cardatechnologies.utils.validators.abaroutevalidator.Test_AbaRouteValidator_15" time="0"/>
  <testcase name="testAbaNumberCheck_33128_bad" classname="com.cardatechnologies.utils.validators.abaroutevalidator.Test_AbaRouteValidator_15" time="0"/>
  <testcase name="testAbaNumberCheck_34403_good" classname="com.cardatechnologies.utils.validators.abaroutevalidator.Test_AbaRouteValidator_15" time="0"/>
  <testcase name="testAbaNumberCheck_34241_good" classname="com.cardatechnologies.utils.validators.abaroutevalidator.Test_AbaRouteValidator_15" time="0"/>
  <testcase name="testAbaNumberCheck_33301_good" classname="com.cardatechnologies.utils.validators.abaroutevalidator.Test_AbaRouteValidator_15" time="0"/>
  <testcase name="testAbaNumberCheck_34115_good" classname="com.cardatechnologies.utils.validators.abaroutevalidator.Test_AbaRouteValidator_15" time="0"/>
  <testcase name="testAbaNumberCheck_33130_bad" classname="com.cardatechnologies.utils.validators.abaroutevalidator.Test_AbaRouteValidator_15" time="0"/>
  <testcase name="testAbaNumberCheck_33132_bad" classname="com.cardatechnologies.utils.validators.abaroutevalidator.Test_AbaRouteValidator_15" time="0"/>
  <testcase name="testAbaNumberCheck_33134_bad" classname="com.cardatechnologies.utils.validators.abaroutevalidator.Test_AbaRouteValidator_15" time="0"/>
  <testcase name="testAbaNumberCheck_33136_bad" classname="com.cardatechnologies.utils.validators.abaroutevalidator.Test_AbaRouteValidator_15" time="0"/>
  <testcase name="testAbaNumberCheck_33013_good" classname="com.cardatechnologies.utils.validators.abaroutevalidator.Test_AbaRouteValidator_15" time="0"/>
  <testcase name="testAbaNumberCheck_33138_bad" classname="com.cardatechnologies.utils.validators.abaroutevalidator.Test_AbaRouteValidator_15" time="0"/>
  <testcase name="testAbaNumberCheck_34611_good" classname="com.cardatechnologies.utils.validators.abaroutevalidator.Test_AbaRouteValidator_15" time="0"/>
  <testcase name="testAbaNumberCheck_34323_good" classname="com.cardatechnologies.utils.validators.abaroutevalidator.Test_AbaRouteValidator_15" time="0"/>
  <testcase name="testAbaNumberCheck_34400_bad" classname="com.cardatechnologies.utils.validators.abaroutevalidator.Test_AbaRouteValidator_15" time="0"/>
  <testcase name="testAbaNumberCheck_34402_bad" classname="com.cardatechnologies.utils.validators.abaroutevalidator.Test_AbaRouteValidator_15" time="0"/>
  <testcase name="testAbaNumberCheck_34161_good" classname="com.cardatechnologies.utils.validators.abaroutevalidator.Test_AbaRouteValidator_15" time="0"/>
  <testcase name="testAbaNumberCheck_34404_bad" classname="com.cardatechnologies.utils.validators.abaroutevalidator.Test_AbaRouteValidator_15" time="0"/>
  <testcase name="testAbaNumberCheck_33221_good" classname="com.cardatechnologies.utils.validators.abaroutevalidator.Test_AbaRouteValidator_15" time="0"/>
  <testcase name="testAbaNumberCheck_33140_bad" classname="com.cardatechnologies.utils.validators.abaroutevalidator.Test_AbaRouteValidator_15" time="0"/>
  <testcase name="testAbaNumberCheck_34406_bad" classname="com.cardatechnologies.utils.validators.abaroutevalidator.Test_AbaRouteValidator_15" time="0"/>
  <testcase name="testAbaNumberCheck_33142_bad" classname="com.cardatechnologies.utils.validators.abaroutevalidator.Test_AbaRouteValidator_15" time="0"/>
  <testcase name="testAbaNumberCheck_34408_bad" classname="com.cardatechnologies.utils.validators.abaroutevalidator.Test_AbaRouteValidator_15" time="0"/>
  <testcase name="testAbaNumberCheck_34035_good" classname="com.cardatechnologies.utils.validators.abaroutevalidator.Test_AbaRouteValidator_15" time="0"/>
  <testcase name="testAbaNumberCheck_33144_bad" classname="com.cardatechnologies.utils.validators.abaroutevalidator.Test_AbaRouteValidator_15" time="0"/>
  <testcase name="testAbaNumberCheck_33146_bad" classname="com.cardatechnologies.utils.validators.abaroutevalidator.Test_AbaRouteValidator_15" time="0"/>
  <testcase name="testAbaNumberCheck_33148_bad" classname="com.cardatechnologies.utils.validators.abaroutevalidator.Test_AbaRouteValidator_15" time="0"/>
  <testcase name="testAbaNumberCheck_34531_good" classname="com.cardatechnologies.utils.validators.abaroutevalidator.Test_AbaRouteValidator_15" time="0"/>
  <testcase name="testAbaNumberCheck_34405_good" classname="com.cardatechnologies.utils.validators.abaroutevalidator.Test_AbaRouteValidator_15" time="0"/>
  <testcase name="testAbaNumberCheck_34243_good" classname="com.cardatechnologies.utils.validators.abaroutevalidator.Test_AbaRouteValidator_15" time="0"/>
  <testcase name="testAbaNumberCheck_34410_bad" classname="com.cardatechnologies.utils.validators.abaroutevalidator.Test_AbaRouteValidator_15" time="0"/>
  <testcase name="testAbaNumberCheck_33303_good" classname="com.cardatechnologies.utils.validators.abaroutevalidator.Test_AbaRouteValidator_15" time="0"/>
  <testcase name="testAbaNumberCheck_34412_bad" classname="com.cardatechnologies.utils.validators.abaroutevalidator.Test_AbaRouteValidator_15" time="0"/>
  <testcase name="testAbaNumberCheck_34901_good" classname="com.cardatechnologies.utils.validators.abaroutevalidator.Test_AbaRouteValidator_15" time="0"/>
  <testcase name="testAbaNumberCheck_33600_bad" classname="com.cardatechnologies.utils.validators.abaroutevalidator.Test_AbaRouteValidator_15" time="0"/>
  <testcase name="testAbaNumberCheck_34414_bad" classname="com.cardatechnologies.utils.validators.abaroutevalidator.Test_AbaRouteValidator_15" time="0"/>
  <testcase name="testAbaNumberCheck_34117_good" classname="com.cardatechnologies.utils.validators.abaroutevalidator.Test_AbaRouteValidator_15" time="0"/>
  <testcase name="testAbaNumberCheck_33150_bad" classname="com.cardatechnologies.utils.validators.abaroutevalidator.Test_AbaRouteValidator_15" time="0"/>
  <testcase name="testAbaNumberCheck_33602_bad" classname="com.cardatechnologies.utils.validators.abaroutevalidator.Test_AbaRouteValidator_15" time="0"/>
  <testcase name="testAbaNumberCheck_34416_bad" classname="com.cardatechnologies.utils.validators.abaroutevalidator.Test_AbaRouteValidator_15" time="0"/>
  <testcase name="testAbaNumberCheck_33152_bad" classname="com.cardatechnologies.utils.validators.abaroutevalidator.Test_AbaRouteValidator_15" time="0"/>
  <testcase name="testAbaNumberCheck_34081_good" classname="com.cardatechnologies.utils.validators.abaroutevalidator.Test_AbaRouteValidator_15" time="0"/>
  <testcase name="testAbaNumberCheck_33604_bad" classname="com.cardatechnologies.utils.validators.abaroutevalidator.Test_AbaRouteValidator_15" time="0"/>
  <testcase name="testAbaNumberCheck_33141_good" classname="com.cardatechnologies.utils.validators.abaroutevalidator.Test_AbaRouteValidator_15" time="0"/>
  <testcase name="testAbaNumberCheck_34418_bad" classname="com.cardatechnologies.utils.validators.abaroutevalidator.Test_AbaRouteValidator_15" time="0"/>
  <testcase name="testAbaNumberCheck_33154_bad" classname="com.cardatechnologies.utils.validators.abaroutevalidator.Test_AbaRouteValidator_15" time="0"/>
  <testcase name="testAbaNumberCheck_33606_bad" classname="com.cardatechnologies.utils.validators.abaroutevalidator.Test_AbaRouteValidator_15" time="0"/>
  <testcase name="testAbaNumberCheck_33156_bad" classname="com.cardatechnologies.utils.validators.abaroutevalidator.Test_AbaRouteValidator_15" time="0"/>
  <testcase name="testAbaNumberCheck_33608_bad" classname="com.cardatechnologies.utils.validators.abaroutevalidator.Test_AbaRouteValidator_15" time="0"/>
  <testcase name="testAbaNumberCheck_33015_good" classname="com.cardatechnologies.utils.validators.abaroutevalidator.Test_AbaRouteValidator_15" time="0"/>
  <testcase name="testAbaNumberCheck_33158_bad" classname="com.cardatechnologies.utils.validators.abaroutevalidator.Test_AbaRouteValidator_15" time="0"/>
  <testcase name="testAbaNumberCheck_34613_good" classname="com.cardatechnologies.utils.validators.abaroutevalidator.Test_AbaRouteValidator_15" time="0"/>
  <testcase name="testAbaNumberCheck_34451_good" classname="com.cardatechnologies.utils.validators.abaroutevalidator.Test_AbaRouteValidator_15" time="0"/>
  <testcase name="testAbaNumberCheck_33511_good" classname="com.cardatechnologies.utils.validators.abaroutevalidator.Test_AbaRouteValidator_15" time="0"/>
  <testcase name="testAbaNumberCheck_34325_good" classname="com.cardatechnologies.utils.validators.abaroutevalidator.Test_AbaRouteValidator_15" time="0"/>
  <testcase name="testAbaNumberCheck_34420_bad" classname="com.cardatechnologies.utils.validators.abaroutevalidator.Test_AbaRouteValidator_15" time="0"/>
  <testcase name="testAbaNumberCheck_34422_bad" classname="com.cardatechnologies.utils.validators.abaroutevalidator.Test_AbaRouteValidator_15" time="0"/>
  <testcase name="testAbaNumberCheck_34163_good" classname="com.cardatechnologies.utils.validators.abaroutevalidator.Test_AbaRouteValidator_15" time="0"/>
  <testcase name="testAbaNumberCheck_33610_bad" classname="com.cardatechnologies.utils.validators.abaroutevalidator.Test_AbaRouteValidator_15" time="0"/>
  <testcase name="testAbaNumberCheck_34424_bad" classname="com.cardatechnologies.utils.validators.abaroutevalidator.Test_AbaRouteValidator_15" time="0"/>
  <testcase name="testAbaNumberCheck_33223_good" classname="com.cardatechnologies.utils.validators.abaroutevalidator.Test_AbaRouteValidator_15" time="0"/>
  <testcase name="testAbaNumberCheck_33160_bad" classname="com.cardatechnologies.utils.validators.abaroutevalidator.Test_AbaRouteValidator_15" time="0"/>
  <testcase name="testAbaNumberCheck_33612_bad" classname="com.cardatechnologies.utils.validators.abaroutevalidator.Test_AbaRouteValidator_15" time="0"/>
  <testcase name="testAbaNumberCheck_34426_bad" classname="com.cardatechnologies.utils.validators.abaroutevalidator.Test_AbaRouteValidator_15" time="0"/>
  <testcase name="testAbaNumberCheck_34821_good" classname="com.cardatechnologies.utils.validators.abaroutevalidator.Test_AbaRouteValidator_15" time="0"/>
  <testcase name="testAbaNumberCheck_33162_bad" classname="com.cardatechnologies.utils.validators.abaroutevalidator.Test_AbaRouteValidator_15" time="0"/>
  <testcase name="testAbaNumberCheck_32800_bad" classname="com.cardatechnologies.utils.validators.abaroutevalidator.Test_AbaRouteValidator_15" time="0"/>
  <testcase name="testAbaNumberCheck_33614_bad" classname="com.cardatechnologies.utils.validators.abaroutevalidator.Test_AbaRouteValidator_15" time="0"/>
  <testcase name="testAbaNumberCheck_34428_bad" classname="com.cardatechnologies.utils.validators.abaroutevalidator.Test_AbaRouteValidator_15" time="0"/>
  <testcase name="testAbaNumberCheck_34037_good" classname="com.cardatechnologies.utils.validators.abaroutevalidator.Test_AbaRouteValidator_15" time="0"/>
  <testcase name="testAbaNumberCheck_33164_bad" classname="com.cardatechnologies.utils.validators.abaroutevalidator.Test_AbaRouteValidator_15" time="0"/>
  <testcase name="testAbaNumberCheck_32802_bad" classname="com.cardatechnologies.utils.validators.abaroutevalidator.Test_AbaRouteValidator_15" time="0"/>
  <testcase name="testAbaNumberCheck_33616_bad" classname="com.cardatechnologies.utils.validators.abaroutevalidator.Test_AbaRouteValidator_15" time="0"/>
  <testcase name="testAbaNumberCheck_33166_bad" classname="com.cardatechnologies.utils.validators.abaroutevalidator.Test_AbaRouteValidator_15" time="0"/>
  <testcase name="testAbaNumberCheck_32804_bad" classname="com.cardatechnologies.utils.validators.abaroutevalidator.Test_AbaRouteValidator_15" time="0"/>
  <testcase name="testAbaNumberCheck_33061_good" classname="com.cardatechnologies.utils.validators.abaroutevalidator.Test_AbaRouteValidator_15" time="0"/>
  <testcase name="testAbaNumberCheck_33618_bad" classname="com.cardatechnologies.utils.validators.abaroutevalidator.Test_AbaRouteValidator_15" time="0"/>
  <testcase name="testAbaNumberCheck_33168_bad" classname="com.cardatechnologies.utils.validators.abaroutevalidator.Test_AbaRouteValidator_15" time="0"/>
  <testcase name="testAbaNumberCheck_32806_bad" classname="com.cardatechnologies.utils.validators.abaroutevalidator.Test_AbaRouteValidator_15" time="0"/>
  <testcase name="testAbaNumberCheck_32808_bad" classname="com.cardatechnologies.utils.validators.abaroutevalidator.Test_AbaRouteValidator_15" time="0"/>
  <testcase name="testAbaNumberCheck_34533_good" classname="com.cardatechnologies.utils.validators.abaroutevalidator.Test_AbaRouteValidator_15" time="0"/>
  <testcase name="testAbaNumberCheck_34407_good" classname="com.cardatechnologies.utils.validators.abaroutevalidator.Test_AbaRouteValidator_15" time="0"/>
  <testcase name="testAbaNumberCheck_34371_good" classname="com.cardatechnologies.utils.validators.abaroutevalidator.Test_AbaRouteValidator_15" time="0"/>
  <testcase name="testAbaNumberCheck_33431_good" classname="com.cardatechnologies.utils.validators.abaroutevalidator.Test_AbaRouteValidator_15" time="0"/>
  <testcase name="testAbaNumberCheck_34245_good" classname="com.cardatechnologies.utils.validators.abaroutevalidator.Test_AbaRouteValidator_15" time="0"/>
  <testcase name="testAbaNumberCheck_34430_bad" classname="com.cardatechnologies.utils.validators.abaroutevalidator.Test_AbaRouteValidator_15" time="0"/>
  <testcase name="testAbaNumberCheck_33305_good" classname="com.cardatechnologies.utils.validators.abaroutevalidator.Test_AbaRouteValidator_15" time="0"/>
  <testcase name="testAbaNumberCheck_34432_bad" classname="com.cardatechnologies.utils.validators.abaroutevalidator.Test_AbaRouteValidator_15" time="0"/>
  <testcase name="testAbaNumberCheck_34903_good" classname="com.cardatechnologies.utils.validators.abaroutevalidator.Test_AbaRouteValidator_15" time="0"/>
  <testcase name="testAbaNumberCheck_33620_bad" classname="com.cardatechnologies.utils.validators.abaroutevalidator.Test_AbaRouteValidator_15" time="0"/>
  <testcase name="testAbaNumberCheck_34434_bad" classname="com.cardatechnologies.utils.validators.abaroutevalidator.Test_AbaRouteValidator_15" time="0"/>
  <testcase name="testAbaNumberCheck_34119_good" classname="com.cardatechnologies.utils.validators.abaroutevalidator.Test_AbaRouteValidator_15" time="0"/>
  <testcase name="testAbaNumberCheck_33170_bad" classname="com.cardatechnologies.utils.validators.abaroutevalidator.Test_AbaRouteValidator_15" time="0"/>
  <testcase name="testAbaNumberCheck_33622_bad" classname="com.cardatechnologies.utils.validators.abaroutevalidator.Test_AbaRouteValidator_15" time="0"/>
  <testcase name="testAbaNumberCheck_34436_bad" classname="com.cardatechnologies.utils.validators.abaroutevalidator.Test_AbaRouteValidator_15" time="0"/>
  <testcase name="testAbaNumberCheck_33172_bad" classname="com.cardatechnologies.utils.validators.abaroutevalidator.Test_AbaRouteValidator_15" time="0"/>
  <testcase name="testAbaNumberCheck_34083_good" classname="com.cardatechnologies.utils.validators.abaroutevalidator.Test_AbaRouteValidator_15" time="0"/>
  <testcase name="testAbaNumberCheck_32810_bad" classname="com.cardatechnologies.utils.validators.abaroutevalidator.Test_AbaRouteValidator_15" time="0"/>
  <testcase name="testAbaNumberCheck_33624_bad" classname="com.cardatechnologies.utils.validators.abaroutevalidator.Test_AbaRouteValidator_15" time="0"/>
  <testcase name="testAbaNumberCheck_33143_good" classname="com.cardatechnologies.utils.validators.abaroutevalidator.Test_AbaRouteValidator_15" time="0"/>
  <testcase name="testAbaNumberCheck_34438_bad" classname="com.cardatechnologies.utils.validators.abaroutevalidator.Test_AbaRouteValidator_15" time="0"/>
  <testcase name="testAbaNumberCheck_33174_bad" classname="com.cardatechnologies.utils.validators.abaroutevalidator.Test_AbaRouteValidator_15" time="0"/>
  <testcase name="testAbaNumberCheck_32812_bad" classname="com.cardatechnologies.utils.validators.abaroutevalidator.Test_AbaRouteValidator_15" time="0.001"/>
  <testcase name="testAbaNumberCheck_33626_bad" classname="com.cardatechnologies.utils.validators.abaroutevalidator.Test_AbaRouteValidator_15" time="0"/>
  <testcase name="testAbaNumberCheck_34741_good" classname="com.cardatechnologies.utils.validators.abaroutevalidator.Test_AbaRouteValidator_15" time="0"/>
  <testcase name="testAbaNumberCheck_33176_bad" classname="com.cardatechnologies.utils.validators.abaroutevalidator.Test_AbaRouteValidator_15" time="0"/>
  <testcase name="testAbaNumberCheck_33801_good" classname="com.cardatechnologies.utils.validators.abaroutevalidator.Test_AbaRouteValidator_15" time="0"/>
  <testcase name="testAbaNumberCheck_32814_bad" classname="com.cardatechnologies.utils.validators.abaroutevalidator.Test_AbaRouteValidator_15" time="0"/>
  <testcase name="testAbaNumberCheck_33628_bad" classname="com.cardatechnologies.utils.validators.abaroutevalidator.Test_AbaRouteValidator_15" time="0"/>
  <testcase name="testAbaNumberCheck_33017_good" classname="com.cardatechnologies.utils.validators.abaroutevalidator.Test_AbaRouteValidator_15" time="0"/>
  <testcase name="testAbaNumberCheck_33178_bad" classname="com.cardatechnologies.utils.validators.abaroutevalidator.Test_AbaRouteValidator_15" time="0"/>
  <testcase name="testAbaNumberCheck_32816_bad" classname="com.cardatechnologies.utils.validators.abaroutevalidator.Test_AbaRouteValidator_15" time="0"/>
  <testcase name="testAbaNumberCheck_34615_good" classname="com.cardatechnologies.utils.validators.abaroutevalidator.Test_AbaRouteValidator_15" time="0"/>
  <testcase name="testAbaNumberCheck_32818_bad" classname="com.cardatechnologies.utils.validators.abaroutevalidator.Test_AbaRouteValidator_15" time="0"/>
  <testcase name="testAbaNumberCheck_34453_good" classname="com.cardatechnologies.utils.validators.abaroutevalidator.Test_AbaRouteValidator_15" time="0"/>
  <testcase name="testAbaNumberCheck_33513_good" classname="com.cardatechnologies.utils.validators.abaroutevalidator.Test_AbaRouteValidator_15" time="0"/>
  <testcase name="testAbaNumberCheck_34327_good" classname="com.cardatechnologies.utils.validators.abaroutevalidator.Test_AbaRouteValidator_15" time="0"/>
  <testcase name="testAbaNumberCheck_34291_good" classname="com.cardatechnologies.utils.validators.abaroutevalidator.Test_AbaRouteValidator_15" time="0"/>
  <testcase name="testAbaNumberCheck_33351_good" classname="com.cardatechnologies.utils.validators.abaroutevalidator.Test_AbaRouteValidator_15" time="0"/>
  <testcase name="testAbaNumberCheck_34440_bad" classname="com.cardatechnologies.utils.validators.abaroutevalidator.Test_AbaRouteValidator_15" time="0"/>
  <testcase name="testAbaNumberCheck_34442_bad" classname="com.cardatechnologies.utils.validators.abaroutevalidator.Test_AbaRouteValidator_15" time="0"/>
  <testcase name="testAbaNumberCheck_34165_good" classname="com.cardatechnologies.utils.validators.abaroutevalidator.Test_AbaRouteValidator_15" time="0"/>
  <testcase name="testAbaNumberCheck_33630_bad" classname="com.cardatechnologies.utils.validators.abaroutevalidator.Test_AbaRouteValidator_15" time="0"/>
  <testcase name="testAbaNumberCheck_34444_bad" classname="com.cardatechnologies.utils.validators.abaroutevalidator.Test_AbaRouteValidator_15" time="0"/>
  <testcase name="testAbaNumberCheck_33225_good" classname="com.cardatechnologies.utils.validators.abaroutevalidator.Test_AbaRouteValidator_15" time="0"/>
  <testcase name="testAbaNumberCheck_33180_bad" classname="com.cardatechnologies.utils.validators.abaroutevalidator.Test_AbaRouteValidator_15" time="0"/>
  <testcase name="testAbaNumberCheck_33632_bad" classname="com.cardatechnologies.utils.validators.abaroutevalidator.Test_AbaRouteValidator_15" time="0"/>
  <testcase name="testAbaNumberCheck_34446_bad" classname="com.cardatechnologies.utils.validators.abaroutevalidator.Test_AbaRouteValidator_15" time="0"/>
  <testcase name="testAbaNumberCheck_34823_good" classname="com.cardatechnologies.utils.validators.abaroutevalidator.Test_AbaRouteValidator_15" time="0"/>
  <testcase name="testAbaNumberCheck_33182_bad" classname="com.cardatechnologies.utils.validators.abaroutevalidator.Test_AbaRouteValidator_15" time="0"/>
  <testcase name="testAbaNumberCheck_32820_bad" classname="com.cardatechnologies.utils.validators.abaroutevalidator.Test_AbaRouteValidator_15" time="0"/>
  <testcase name="testAbaNumberCheck_33634_bad" classname="com.cardatechnologies.utils.validators.abaroutevalidator.Test_AbaRouteValidator_15" time="0"/>
  <testcase name="testAbaNumberCheck_34448_bad" classname="com.cardatechnologies.utils.validators.abaroutevalidator.Test_AbaRouteValidator_15" time="0"/>
  <testcase name="testAbaNumberCheck_34039_good" classname="com.cardatechnologies.utils.validators.abaroutevalidator.Test_AbaRouteValidator_15" time="0"/>
  <testcase name="testAbaNumberCheck_33184_bad" classname="com.cardatechnologies.utils.validators.abaroutevalidator.Test_AbaRouteValidator_15" time="0"/>
  <testcase name="testAbaNumberCheck_32822_bad" classname="com.cardatechnologies.utils.validators.abaroutevalidator.Test_AbaRouteValidator_15" time="0"/>
  <testcase name="testAbaNumberCheck_33636_bad" classname="com.cardatechnologies.utils.validators.abaroutevalidator.Test_AbaRouteValidator_15" time="0"/>
  <testcase name="testAbaNumberCheck_33186_bad" classname="com.cardatechnologies.utils.validators.abaroutevalidator.Test_AbaRouteValidator_15" time="0"/>
  <testcase name="testAbaNumberCheck_32824_bad" classname="com.cardatechnologies.utils.validators.abaroutevalidator.Test_AbaRouteValidator_15" time="0"/>
  <testcase name="testAbaNumberCheck_33063_good" classname="com.cardatechnologies.utils.validators.abaroutevalidator.Test_AbaRouteValidator_15" time="0"/>
  <testcase name="testAbaNumberCheck_33638_bad" classname="com.cardatechnologies.utils.validators.abaroutevalidator.Test_AbaRouteValidator_15" time="0"/>
  <testcase name="testAbaNumberCheck_33188_bad" classname="com.cardatechnologies.utils.validators.abaroutevalidator.Test_AbaRouteValidator_15" time="0"/>
  <testcase name="testAbaNumberCheck_32826_bad" classname="com.cardatechnologies.utils.validators.abaroutevalidator.Test_AbaRouteValidator_15" time="0"/>
  <testcase name="testAbaNumberCheck_34661_good" classname="com.cardatechnologies.utils.validators.abaroutevalidator.Test_AbaRouteValidator_15" time="0"/>
  <testcase name="testAbaNumberCheck_33721_good" classname="com.cardatechnologies.utils.validators.abaroutevalidator.Test_AbaRouteValidator_15" time="0"/>
  <testcase name="testAbaNumberCheck_32828_bad" classname="com.cardatechnologies.utils.validators.abaroutevalidator.Test_AbaRouteValidator_15" time="0"/>
  <testcase name="testAbaNumberCheck_34535_good" classname="com.cardatechnologies.utils.validators.abaroutevalidator.Test_AbaRouteValidator_15" time="0"/>
  <testcase name="testAbaNumberCheck_34409_good" classname="com.cardatechnologies.utils.validators.abaroutevalidator.Test_AbaRouteValidator_15" time="0"/>
  <testcase name="testAbaNumberCheck_34373_good" classname="com.cardatechnologies.utils.validators.abaroutevalidator.Test_AbaRouteValidator_15" time="0"/>
  <testcase name="testAbaNumberCheck_33433_good" classname="com.cardatechnologies.utils.validators.abaroutevalidator.Test_AbaRouteValidator_15" time="0"/>
  <testcase name="testAbaNumberCheck_34900_bad" classname="com.cardatechnologies.utils.validators.abaroutevalidator.Test_AbaRouteValidator_15" time="0"/>
  <testcase name="testAbaNumberCheck_34247_good" classname="com.cardatechnologies.utils.validators.abaroutevalidator.Test_AbaRouteValidator_15" time="0"/>
  <testcase name="testAbaNumberCheck_34450_bad" classname="com.cardatechnologies.utils.validators.abaroutevalidator.Test_AbaRouteValidator_15" time="0"/>
  <testcase name="testAbaNumberCheck_33307_good" classname="com.cardatechnologies.utils.validators.abaroutevalidator.Test_AbaRouteValidator_15" time="0"/>
  <testcase name="testAbaNumberCheck_34902_bad" classname="com.cardatechnologies.utils.validators.abaroutevalidator.Test_AbaRouteValidator_15" time="0"/>
  <testcase name="testAbaNumberCheck_34452_bad" classname="com.cardatechnologies.utils.validators.abaroutevalidator.Test_AbaRouteValidator_15" time="0"/>
  <testcase name="testAbaNumberCheck_34905_good" classname="com.cardatechnologies.utils.validators.abaroutevalidator.Test_AbaRouteValidator_15" time="0"/>
  <testcase name="testAbaNumberCheck_34904_bad" classname="com.cardatechnologies.utils.validators.abaroutevalidator.Test_AbaRouteValidator_15" time="0"/>
  <testcase name="testAbaNumberCheck_33271_good" classname="com.cardatechnologies.utils.validators.abaroutevalidator.Test_AbaRouteValidator_15" time="0"/>
  <testcase name="testAbaNumberCheck_33640_bad" classname="com.cardatechnologies.utils.validators.abaroutevalidator.Test_AbaRouteValidator_15" time="0"/>
  <testcase name="testAbaNumberCheck_34454_bad" classname="com.cardatechnologies.utils.validators.abaroutevalidator.Test_AbaRouteValidator_15" time="0"/>
  <testcase name="testAbaNumberCheck_33190_bad" classname="com.cardatechnologies.utils.validators.abaroutevalidator.Test_AbaRouteValidator_15" time="0"/>
  <testcase name="testAbaNumberCheck_34906_bad" classname="com.cardatechnologies.utils.validators.abaroutevalidator.Test_AbaRouteValidator_15" time="0"/>
  <testcase name="testAbaNumberCheck_33642_bad" classname="com.cardatechnologies.utils.validators.abaroutevalidator.Test_AbaRouteValidator_15" time="0"/>
  <testcase name="testAbaNumberCheck_34456_bad" classname="com.cardatechnologies.utils.validators.abaroutevalidator.Test_AbaRouteValidator_15" time="0"/>
  <testcase name="testAbaNumberCheck_33192_bad" classname="com.cardatechnologies.utils.validators.abaroutevalidator.Test_AbaRouteValidator_15" time="0"/>
  <testcase name="testAbaNumberCheck_34908_bad" classname="com.cardatechnologies.utils.validators.abaroutevalidator.Test_AbaRouteValidator_15" time="0"/>
  <testcase name="testAbaNumberCheck_34085_good" classname="com.cardatechnologies.utils.validators.abaroutevalidator.Test_AbaRouteValidator_15" time="0"/>
  <testcase name="testAbaNumberCheck_32830_bad" classname="com.cardatechnologies.utils.validators.abaroutevalidator.Test_AbaRouteValidator_15" time="0"/>
  <testcase name="testAbaNumberCheck_33644_bad" classname="com.cardatechnologies.utils.validators.abaroutevalidator.Test_AbaRouteValidator_15" time="0"/>
  <testcase name="testAbaNumberCheck_33145_good" classname="com.cardatechnologies.utils.validators.abaroutevalidator.Test_AbaRouteValidator_15" time="0"/>
  <testcase name="testAbaNumberCheck_34458_bad" classname="com.cardatechnologies.utils.validators.abaroutevalidator.Test_AbaRouteValidator_15" time="0"/>
  <testcase name="testAbaNumberCheck_33194_bad" classname="com.cardatechnologies.utils.validators.abaroutevalidator.Test_AbaRouteValidator_15" time="0"/>
  <testcase name="testAbaNumberCheck_32832_bad" classname="com.cardatechnologies.utils.validators.abaroutevalidator.Test_AbaRouteValidator_15" time="0"/>
  <testcase name="testAbaNumberCheck_33646_bad" classname="com.cardatechnologies.utils.validators.abaroutevalidator.Test_AbaRouteValidator_15" time="0"/>
  <testcase name="testAbaNumberCheck_34743_good" classname="com.cardatechnologies.utils.validators.abaroutevalidator.Test_AbaRouteValidator_15" time="0"/>
  <testcase name="testAbaNumberCheck_33196_bad" classname="com.cardatechnologies.utils.validators.abaroutevalidator.Test_AbaRouteValidator_15" time="0"/>
  <testcase name="testAbaNumberCheck_33803_good" classname="com.cardatechnologies.utils.validators.abaroutevalidator.Test_AbaRouteValidator_15" time="0"/>
  <testcase name="testAbaNumberCheck_32834_bad" classname="com.cardatechnologies.utils.validators.abaroutevalidator.Test_AbaRouteValidator_15" time="0"/>
  <testcase name="testAbaNumberCheck_33648_bad" classname="com.cardatechnologies.utils.validators.abaroutevalidator.Test_AbaRouteValidator_15" time="0"/>
  <testcase name="testAbaNumberCheck_33019_good" classname="com.cardatechnologies.utils.validators.abaroutevalidator.Test_AbaRouteValidator_15" time="0"/>
  <testcase name="testAbaNumberCheck_33198_bad" classname="com.cardatechnologies.utils.validators.abaroutevalidator.Test_AbaRouteValidator_15" time="0"/>
  <testcase name="testAbaNumberCheck_32836_bad" classname="com.cardatechnologies.utils.validators.abaroutevalidator.Test_AbaRouteValidator_15" time="0"/>
  <testcase name="testAbaNumberCheck_34617_good" classname="com.cardatechnologies.utils.validators.abaroutevalidator.Test_AbaRouteValidator_15" time="0"/>
  <testcase name="testAbaNumberCheck_32838_bad" classname="com.cardatechnologies.utils.validators.abaroutevalidator.Test_AbaRouteValidator_15" time="0"/>
  <testcase name="testAbaNumberCheck_34581_good" classname="com.cardatechnologies.utils.validators.abaroutevalidator.Test_AbaRouteValidator_15" time="0"/>
  <testcase name="testAbaNumberCheck_33641_good" classname="com.cardatechnologies.utils.validators.abaroutevalidator.Test_AbaRouteValidator_15" time="0"/>
  <testcase name="testAbaNumberCheck_32701_good" classname="com.cardatechnologies.utils.validators.abaroutevalidator.Test_AbaRouteValidator_15" time="0"/>
  <testcase name="testAbaNumberCheck_34455_good" classname="com.cardatechnologies.utils.validators.abaroutevalidator.Test_AbaRouteValidator_15" time="0"/>
  <testcase name="testAbaNumberCheck_33515_good" classname="com.cardatechnologies.utils.validators.abaroutevalidator.Test_AbaRouteValidator_15" time="0"/>
  <testcase name="testAbaNumberCheck_34329_good" classname="com.cardatechnologies.utils.validators.abaroutevalidator.Test_AbaRouteValidator_15" time="0"/>
  <testcase name="testAbaNumberCheck_34293_good" classname="com.cardatechnologies.utils.validators.abaroutevalidator.Test_AbaRouteValidator_15" time="0"/>
  <testcase name="testAbaNumberCheck_34910_bad" classname="com.cardatechnologies.utils.validators.abaroutevalidator.Test_AbaRouteValidator_15" time="0"/>
  <testcase name="testAbaNumberCheck_33353_good" classname="com.cardatechnologies.utils.validators.abaroutevalidator.Test_AbaRouteValidator_15" time="0"/>
  <testcase name="testAbaNumberCheck_34460_bad" classname="com.cardatechnologies.utils.validators.abaroutevalidator.Test_AbaRouteValidator_15" time="0"/>
  <testcase name="testAbaNumberCheck_34912_bad" classname="com.cardatechnologies.utils.validators.abaroutevalidator.Test_AbaRouteValidator_15" time="0"/>
  <testcase name="testAbaNumberCheck_34951_good" classname="com.cardatechnologies.utils.validators.abaroutevalidator.Test_AbaRouteValidator_15" time="0"/>
  <testcase name="testAbaNumberCheck_34462_bad" classname="com.cardatechnologies.utils.validators.abaroutevalidator.Test_AbaRouteValidator_15" time="0"/>
  <testcase name="testAbaNumberCheck_34914_bad" classname="com.cardatechnologies.utils.validators.abaroutevalidator.Test_AbaRouteValidator_15" time="0"/>
  <testcase name="testAbaNumberCheck_34167_good" classname="com.cardatechnologies.utils.validators.abaroutevalidator.Test_AbaRouteValidator_15" time="0"/>
  <testcase name="testAbaNumberCheck_33650_bad" classname="com.cardatechnologies.utils.validators.abaroutevalidator.Test_AbaRouteValidator_15" time="0"/>
  <testcase name="testAbaNumberCheck_34464_bad" classname="com.cardatechnologies.utils.validators.abaroutevalidator.Test_AbaRouteValidator_15" time="0"/>
  <testcase name="testAbaNumberCheck_33227_good" classname="com.cardatechnologies.utils.validators.abaroutevalidator.Test_AbaRouteValidator_15" time="0"/>
  <testcase name="testAbaNumberCheck_34916_bad" classname="com.cardatechnologies.utils.validators.abaroutevalidator.Test_AbaRouteValidator_15" time="0"/>
  <testcase name="testAbaNumberCheck_33652_bad" classname="com.cardatechnologies.utils.validators.abaroutevalidator.Test_AbaRouteValidator_15" time="0"/>
  <testcase name="testAbaNumberCheck_34466_bad" classname="com.cardatechnologies.utils.validators.abaroutevalidator.Test_AbaRouteValidator_15" time="0"/>
  <testcase name="testAbaNumberCheck_34825_good" classname="com.cardatechnologies.utils.validators.abaroutevalidator.Test_AbaRouteValidator_15" time="0"/>
  <testcase name="testAbaNumberCheck_33191_good" classname="com.cardatechnologies.utils.validators.abaroutevalidator.Test_AbaRouteValidator_15" time="0"/>
  <testcase name="testAbaNumberCheck_34918_bad" classname="com.cardatechnologies.utils.validators.abaroutevalidator.Test_AbaRouteValidator_15" time="0"/>
  <testcase name="testAbaNumberCheck_32840_bad" classname="com.cardatechnologies.utils.validators.abaroutevalidator.Test_AbaRouteValidator_15" time="0"/>
  <testcase name="testAbaNumberCheck_33654_bad" classname="com.cardatechnologies.utils.validators.abaroutevalidator.Test_AbaRouteValidator_15" time="0"/>
  <testcase name="testAbaNumberCheck_34468_bad" classname="com.cardatechnologies.utils.validators.abaroutevalidator.Test_AbaRouteValidator_15" time="0"/>
  <testcase name="testAbaNumberCheck_32842_bad" classname="com.cardatechnologies.utils.validators.abaroutevalidator.Test_AbaRouteValidator_15" time="0"/>
  <testcase name="testAbaNumberCheck_33656_bad" classname="com.cardatechnologies.utils.validators.abaroutevalidator.Test_AbaRouteValidator_15" time="0"/>
  <testcase name="testAbaNumberCheck_32844_bad" classname="com.cardatechnologies.utils.validators.abaroutevalidator.Test_AbaRouteValidator_15" time="0"/>
  <testcase name="testAbaNumberCheck_33065_good" classname="com.cardatechnologies.utils.validators.abaroutevalidator.Test_AbaRouteValidator_15" time="0"/>
  <testcase name="testAbaNumberCheck_33658_bad" classname="com.cardatechnologies.utils.validators.abaroutevalidator.Test_AbaRouteValidator_15" time="0"/>
  <testcase name="testAbaNumberCheck_32846_bad" classname="com.cardatechnologies.utils.validators.abaroutevalidator.Test_AbaRouteValidator_15" time="0"/>
  <testcase name="testAbaNumberCheck_34663_good" classname="com.cardatechnologies.utils.validators.abaroutevalidator.Test_AbaRouteValidator_15" time="0"/>
  <testcase name="testAbaNumberCheck_33723_good" classname="com.cardatechnologies.utils.validators.abaroutevalidator.Test_AbaRouteValidator_15" time="0"/>
  <testcase name="testAbaNumberCheck_32848_bad" classname="com.cardatechnologies.utils.validators.abaroutevalidator.Test_AbaRouteValidator_15" time="0"/>
  <testcase name="testAbaNumberCheck_34537_good" classname="com.cardatechnologies.utils.validators.abaroutevalidator.Test_AbaRouteValidator_15" time="0"/>
  <testcase name="testAbaNumberCheck_33561_good" classname="com.cardatechnologies.utils.validators.abaroutevalidator.Test_AbaRouteValidator_15" time="0"/>
  <testcase name="testAbaNumberCheck_32621_good" classname="com.cardatechnologies.utils.validators.abaroutevalidator.Test_AbaRouteValidator_15" time="0"/>
  <testcase name="testAbaNumberCheck_34375_good" classname="com.cardatechnologies.utils.validators.abaroutevalidator.Test_AbaRouteValidator_15" time="0"/>
  <testcase name="testAbaNumberCheck_33435_good" classname="com.cardatechnologies.utils.validators.abaroutevalidator.Test_AbaRouteValidator_15" time="0"/>
  <testcase name="testAbaNumberCheck_34920_bad" classname="com.cardatechnologies.utils.validators.abaroutevalidator.Test_AbaRouteValidator_15" time="0"/>
  <testcase name="testAbaNumberCheck_34249_good" classname="com.cardatechnologies.utils.validators.abaroutevalidator.Test_AbaRouteValidator_15" time="0"/>
  <testcase name="testAbaNumberCheck_34470_bad" classname="com.cardatechnologies.utils.validators.abaroutevalidator.Test_AbaRouteValidator_15" time="0"/>
  <testcase name="testAbaNumberCheck_33309_good" classname="com.cardatechnologies.utils.validators.abaroutevalidator.Test_AbaRouteValidator_15" time="0"/>
  <testcase name="testAbaNumberCheck_34922_bad" classname="com.cardatechnologies.utils.validators.abaroutevalidator.Test_AbaRouteValidator_15" time="0"/>
  <testcase name="testAbaNumberCheck_34472_bad" classname="com.cardatechnologies.utils.validators.abaroutevalidator.Test_AbaRouteValidator_15" time="0"/>
  <testcase name="testAbaNumberCheck_34907_good" classname="com.cardatechnologies.utils.validators.abaroutevalidator.Test_AbaRouteValidator_15" time="0"/>
  <testcase name="testAbaNumberCheck_34924_bad" classname="com.cardatechnologies.utils.validators.abaroutevalidator.Test_AbaRouteValidator_15" time="0"/>
  <testcase name="testAbaNumberCheck_33273_good" classname="com.cardatechnologies.utils.validators.abaroutevalidator.Test_AbaRouteValidator_15" time="0"/>
  <testcase name="testAbaNumberCheck_33660_bad" classname="com.cardatechnologies.utils.validators.abaroutevalidator.Test_AbaRouteValidator_15" time="0"/>
  <testcase name="testAbaNumberCheck_34474_bad" classname="com.cardatechnologies.utils.validators.abaroutevalidator.Test_AbaRouteValidator_15" time="0"/>
  <testcase name="testAbaNumberCheck_34926_bad" classname="com.cardatechnologies.utils.validators.abaroutevalidator.Test_AbaRouteValidator_15" time="0"/>
  <testcase name="testAbaNumberCheck_34871_good" classname="com.cardatechnologies.utils.validators.abaroutevalidator.Test_AbaRouteValidator_15" time="0"/>
  <testcase name="testAbaNumberCheck_33662_bad" classname="com.cardatechnologies.utils.validators.abaroutevalidator.Test_AbaRouteValidator_15" time="0"/>
  <testcase name="testAbaNumberCheck_34476_bad" classname="com.cardatechnologies.utils.validators.abaroutevalidator.Test_AbaRouteValidator_15" time="0"/>
  <testcase name="testAbaNumberCheck_33931_good" classname="com.cardatechnologies.utils.validators.abaroutevalidator.Test_AbaRouteValidator_15" time="0"/>
  <testcase name="testAbaNumberCheck_34928_bad" classname="com.cardatechnologies.utils.validators.abaroutevalidator.Test_AbaRouteValidator_15" time="0"/>
  <testcase name="testAbaNumberCheck_34087_good" classname="com.cardatechnologies.utils.validators.abaroutevalidator.Test_AbaRouteValidator_15" time="0"/>
  <testcase name="testAbaNumberCheck_32850_bad" classname="com.cardatechnologies.utils.validators.abaroutevalidator.Test_AbaRouteValidator_15" time="0"/>
  <testcase name="testAbaNumberCheck_33664_bad" classname="com.cardatechnologies.utils.validators.abaroutevalidator.Test_AbaRouteValidator_15" time="0"/>
  <testcase name="testAbaNumberCheck_33147_good" classname="com.cardatechnologies.utils.validators.abaroutevalidator.Test_AbaRouteValidator_15" time="0"/>
  <testcase name="testAbaNumberCheck_34478_bad" classname="com.cardatechnologies.utils.validators.abaroutevalidator.Test_AbaRouteValidator_15" time="0"/>
  <testcase name="testAbaNumberCheck_32852_bad" classname="com.cardatechnologies.utils.validators.abaroutevalidator.Test_AbaRouteValidator_15" time="0"/>
  <testcase name="testAbaNumberCheck_33666_bad" classname="com.cardatechnologies.utils.validators.abaroutevalidator.Test_AbaRouteValidator_15" time="0"/>
  <testcase name="testAbaNumberCheck_34745_good" classname="com.cardatechnologies.utils.validators.abaroutevalidator.Test_AbaRouteValidator_15" time="0"/>
  <testcase name="testAbaNumberCheck_33805_good" classname="com.cardatechnologies.utils.validators.abaroutevalidator.Test_AbaRouteValidator_15" time="0"/>
  <testcase name="testAbaNumberCheck_32854_bad" classname="com.cardatechnologies.utils.validators.abaroutevalidator.Test_AbaRouteValidator_15" time="0"/>
  <testcase name="testAbaNumberCheck_33668_bad" classname="com.cardatechnologies.utils.validators.abaroutevalidator.Test_AbaRouteValidator_15" time="0"/>
  <testcase name="testAbaNumberCheck_32856_bad" classname="com.cardatechnologies.utils.validators.abaroutevalidator.Test_AbaRouteValidator_15" time="0"/>
  <testcase name="testAbaNumberCheck_34619_good" classname="com.cardatechnologies.utils.validators.abaroutevalidator.Test_AbaRouteValidator_15" time="0"/>
  <testcase name="testAbaNumberCheck_32858_bad" classname="com.cardatechnologies.utils.validators.abaroutevalidator.Test_AbaRouteValidator_15" time="0"/>
  <testcase name="testAbaNumberCheck_34583_good" classname="com.cardatechnologies.utils.validators.abaroutevalidator.Test_AbaRouteValidator_15" time="0"/>
  <testcase name="testAbaNumberCheck_33643_good" classname="com.cardatechnologies.utils.validators.abaroutevalidator.Test_AbaRouteValidator_15" time="0"/>
  <testcase name="testAbaNumberCheck_32703_good" classname="com.cardatechnologies.utils.validators.abaroutevalidator.Test_AbaRouteValidator_15" time="0"/>
  <testcase name="testAbaNumberCheck_34457_good" classname="com.cardatechnologies.utils.validators.abaroutevalidator.Test_AbaRouteValidator_15" time="0"/>
  <testcase name="testAbaNumberCheck_33517_good" classname="com.cardatechnologies.utils.validators.abaroutevalidator.Test_AbaRouteValidator_15" time="0"/>
  <testcase name="testAbaNumberCheck_33481_good" classname="com.cardatechnologies.utils.validators.abaroutevalidator.Test_AbaRouteValidator_15" time="0"/>
  <testcase name="testAbaNumberCheck_32541_good" classname="com.cardatechnologies.utils.validators.abaroutevalidator.Test_AbaRouteValidator_15" time="0"/>
  <testcase name="testAbaNumberCheck_34295_good" classname="com.cardatechnologies.utils.validators.abaroutevalidator.Test_AbaRouteValidator_15" time="0"/>
  <testcase name="testAbaNumberCheck_34930_bad" classname="com.cardatechnologies.utils.validators.abaroutevalidator.Test_AbaRouteValidator_15" time="0"/>
  <testcase name="testAbaNumberCheck_33355_good" classname="com.cardatechnologies.utils.validators.abaroutevalidator.Test_AbaRouteValidator_15" time="0"/>
  <testcase name="testAbaNumberCheck_34480_bad" classname="com.cardatechnologies.utils.validators.abaroutevalidator.Test_AbaRouteValidator_15" time="0"/>
  <testcase name="testAbaNumberCheck_34932_bad" classname="com.cardatechnologies.utils.validators.abaroutevalidator.Test_AbaRouteValidator_15" time="0"/>
  <testcase name="testAbaNumberCheck_34953_good" classname="com.cardatechnologies.utils.validators.abaroutevalidator.Test_AbaRouteValidator_15" time="0"/>
  <testcase name="testAbaNumberCheck_34482_bad" classname="com.cardatechnologies.utils.validators.abaroutevalidator.Test_AbaRouteValidator_15" time="0"/>
  <testcase name="testAbaNumberCheck_34934_bad" classname="com.cardatechnologies.utils.validators.abaroutevalidator.Test_AbaRouteValidator_15" time="0"/>
  <testcase name="testAbaNumberCheck_34169_good" classname="com.cardatechnologies.utils.validators.abaroutevalidator.Test_AbaRouteValidator_15" time="0"/>
  <testcase name="testAbaNumberCheck_33670_bad" classname="com.cardatechnologies.utils.validators.abaroutevalidator.Test_AbaRouteValidator_15" time="0"/>
  <testcase name="testAbaNumberCheck_34484_bad" classname="com.cardatechnologies.utils.validators.abaroutevalidator.Test_AbaRouteValidator_15" time="0"/>
  <testcase name="testAbaNumberCheck_33229_good" classname="com.cardatechnologies.utils.validators.abaroutevalidator.Test_AbaRouteValidator_15" time="0"/>
  <testcase name="testAbaNumberCheck_34936_bad" classname="com.cardatechnologies.utils.validators.abaroutevalidator.Test_AbaRouteValidator_15" time="0"/>
  <testcase name="testAbaNumberCheck_33672_bad" classname="com.cardatechnologies.utils.validators.abaroutevalidator.Test_AbaRouteValidator_15" time="0"/>
  <testcase name="testAbaNumberCheck_34486_bad" classname="com.cardatechnologies.utils.validators.abaroutevalidator.Test_AbaRouteValidator_15" time="0"/>
  <testcase name="testAbaNumberCheck_34827_good" classname="com.cardatechnologies.utils.validators.abaroutevalidator.Test_AbaRouteValidator_15" time="0"/>
  <testcase name="testAbaNumberCheck_33193_good" classname="com.cardatechnologies.utils.validators.abaroutevalidator.Test_AbaRouteValidator_15" time="0"/>
  <testcase name="testAbaNumberCheck_34938_bad" classname="com.cardatechnologies.utils.validators.abaroutevalidator.Test_AbaRouteValidator_15" time="0"/>
  <testcase name="testAbaNumberCheck_32860_bad" classname="com.cardatechnologies.utils.validators.abaroutevalidator.Test_AbaRouteValidator_15" time="0"/>
  <testcase name="testAbaNumberCheck_33674_bad" classname="com.cardatechnologies.utils.validators.abaroutevalidator.Test_AbaRouteValidator_15" time="0"/>
  <testcase name="testAbaNumberCheck_34488_bad" classname="com.cardatechnologies.utils.validators.abaroutevalidator.Test_AbaRouteValidator_15" time="0"/>
  <testcase name="testAbaNumberCheck_34791_good" classname="com.cardatechnologies.utils.validators.abaroutevalidator.Test_AbaRouteValidator_15" time="0"/>
  <testcase name="testAbaNumberCheck_32862_bad" classname="com.cardatechnologies.utils.validators.abaroutevalidator.Test_AbaRouteValidator_15" time="0"/>
  <testcase name="testAbaNumberCheck_33676_bad" classname="com.cardatechnologies.utils.validators.abaroutevalidator.Test_AbaRouteValidator_15" time="0"/>
  <testcase name="testAbaNumberCheck_33851_good" classname="com.cardatechnologies.utils.validators.abaroutevalidator.Test_AbaRouteValidator_15" time="0"/>
  <testcase name="testAbaNumberCheck_32911_good" classname="com.cardatechnologies.utils.validators.abaroutevalidator.Test_AbaRouteValidator_15" time="0"/>
  <testcase name="testAbaNumberCheck_32864_bad" classname="com.cardatechnologies.utils.validators.abaroutevalidator.Test_AbaRouteValidator_15" time="0"/>
  <testcase name="testAbaNumberCheck_33067_good" classname="com.cardatechnologies.utils.validators.abaroutevalidator.Test_AbaRouteValidator_15" time="0"/>
  <testcase name="testAbaNumberCheck_33678_bad" classname="com.cardatechnologies.utils.validators.abaroutevalidator.Test_AbaRouteValidator_15" time="0"/>
  <testcase name="testAbaNumberCheck_32866_bad" classname="com.cardatechnologies.utils.validators.abaroutevalidator.Test_AbaRouteValidator_15" time="0"/>
  <testcase name="testAbaNumberCheck_34665_good" classname="com.cardatechnologies.utils.validators.abaroutevalidator.Test_AbaRouteValidator_15" time="0"/>
  <testcase name="testAbaNumberCheck_33725_good" classname="com.cardatechnologies.utils.validators.abaroutevalidator.Test_AbaRouteValidator_15" time="0"/>
  <testcase name="testAbaNumberCheck_32868_bad" classname="com.cardatechnologies.utils.validators.abaroutevalidator.Test_AbaRouteValidator_15" time="0"/>
  <testcase name="testAbaNumberCheck_34539_good" classname="com.cardatechnologies.utils.validators.abaroutevalidator.Test_AbaRouteValidator_15" time="0"/>
  <testcase name="testAbaNumberCheck_33563_good" classname="com.cardatechnologies.utils.validators.abaroutevalidator.Test_AbaRouteValidator_15" time="0"/>
  <testcase name="testAbaNumberCheck_32623_good" classname="com.cardatechnologies.utils.validators.abaroutevalidator.Test_AbaRouteValidator_15" time="0"/>
  <testcase name="testAbaNumberCheck_34377_good" classname="com.cardatechnologies.utils.validators.abaroutevalidator.Test_AbaRouteValidator_15" time="0"/>
  <testcase name="testAbaNumberCheck_33437_good" classname="com.cardatechnologies.utils.validators.abaroutevalidator.Test_AbaRouteValidator_15" time="0"/>
  <testcase name="testAbaNumberCheck_34940_bad" classname="com.cardatechnologies.utils.validators.abaroutevalidator.Test_AbaRouteValidator_15" time="0"/>
  <testcase name="testAbaNumberCheck_34490_bad" classname="com.cardatechnologies.utils.validators.abaroutevalidator.Test_AbaRouteValidator_15" time="0"/>
  <testcase name="testAbaNumberCheck_34942_bad" classname="com.cardatechnologies.utils.validators.abaroutevalidator.Test_AbaRouteValidator_15" time="0"/>
  <testcase name="testAbaNumberCheck_34492_bad" classname="com.cardatechnologies.utils.validators.abaroutevalidator.Test_AbaRouteValidator_15" time="0"/>
  <testcase name="testAbaNumberCheck_34909_good" classname="com.cardatechnologies.utils.validators.abaroutevalidator.Test_AbaRouteValidator_15" time="0"/>
  <testcase name="testAbaNumberCheck_34944_bad" classname="com.cardatechnologies.utils.validators.abaroutevalidator.Test_AbaRouteValidator_15" time="0"/>
  <testcase name="testAbaNumberCheck_33275_good" classname="com.cardatechnologies.utils.validators.abaroutevalidator.Test_AbaRouteValidator_15" time="0"/>
  <testcase name="testAbaNumberCheck_33680_bad" classname="com.cardatechnologies.utils.validators.abaroutevalidator.Test_AbaRouteValidator_15" time="0"/>
  <testcase name="testAbaNumberCheck_34494_bad" classname="com.cardatechnologies.utils.validators.abaroutevalidator.Test_AbaRouteValidator_15" time="0"/>
  <testcase name="testAbaNumberCheck_34946_bad" classname="com.cardatechnologies.utils.validators.abaroutevalidator.Test_AbaRouteValidator_15" time="0"/>
  <testcase name="testAbaNumberCheck_34873_good" classname="com.cardatechnologies.utils.validators.abaroutevalidator.Test_AbaRouteValidator_15" time="0"/>
  <testcase name="testAbaNumberCheck_33682_bad" classname="com.cardatechnologies.utils.validators.abaroutevalidator.Test_AbaRouteValidator_15" time="0"/>
  <testcase name="testAbaNumberCheck_34496_bad" classname="com.cardatechnologies.utils.validators.abaroutevalidator.Test_AbaRouteValidator_15" time="0"/>
  <testcase name="testAbaNumberCheck_33933_good" classname="com.cardatechnologies.utils.validators.abaroutevalidator.Test_AbaRouteValidator_15" time="0"/>
  <testcase name="testAbaNumberCheck_34948_bad" classname="com.cardatechnologies.utils.validators.abaroutevalidator.Test_AbaRouteValidator_15" time="0"/>
  <testcase name="testAbaNumberCheck_34089_good" classname="com.cardatechnologies.utils.validators.abaroutevalidator.Test_AbaRouteValidator_15" time="0"/>
  <testcase name="testAbaNumberCheck_32870_bad" classname="com.cardatechnologies.utils.validators.abaroutevalidator.Test_AbaRouteValidator_15" time="0"/>
  <testcase name="testAbaNumberCheck_33684_bad" classname="com.cardatechnologies.utils.validators.abaroutevalidator.Test_AbaRouteValidator_15" time="0"/>
  <testcase name="testAbaNumberCheck_33149_good" classname="com.cardatechnologies.utils.validators.abaroutevalidator.Test_AbaRouteValidator_15" time="0"/>
  <testcase name="testAbaNumberCheck_34498_bad" classname="com.cardatechnologies.utils.validators.abaroutevalidator.Test_AbaRouteValidator_15" time="0"/>
  <testcase name="testAbaNumberCheck_32872_bad" classname="com.cardatechnologies.utils.validators.abaroutevalidator.Test_AbaRouteValidator_15" time="0"/>
  <testcase name="testAbaNumberCheck_33686_bad" classname="com.cardatechnologies.utils.validators.abaroutevalidator.Test_AbaRouteValidator_15" time="0"/>
  <testcase name="testAbaNumberCheck_34747_good" classname="com.cardatechnologies.utils.validators.abaroutevalidator.Test_AbaRouteValidator_15" time="0"/>
  <testcase name="testAbaNumberCheck_33807_good" classname="com.cardatechnologies.utils.validators.abaroutevalidator.Test_AbaRouteValidator_15" time="0"/>
  <testcase name="testAbaNumberCheck_32874_bad" classname="com.cardatechnologies.utils.validators.abaroutevalidator.Test_AbaRouteValidator_15" time="0"/>
  <testcase name="testAbaNumberCheck_33688_bad" classname="com.cardatechnologies.utils.validators.abaroutevalidator.Test_AbaRouteValidator_15" time="0"/>
  <testcase name="testAbaNumberCheck_32876_bad" classname="com.cardatechnologies.utils.validators.abaroutevalidator.Test_AbaRouteValidator_15" time="0"/>
  <testcase name="testAbaNumberCheck_33771_good" classname="com.cardatechnologies.utils.validators.abaroutevalidator.Test_AbaRouteValidator_15" time="0"/>
  <testcase name="testAbaNumberCheck_32831_good" classname="com.cardatechnologies.utils.validators.abaroutevalidator.Test_AbaRouteValidator_15" time="0"/>
  <testcase name="testAbaNumberCheck_32878_bad" classname="com.cardatechnologies.utils.validators.abaroutevalidator.Test_AbaRouteValidator_15" time="0"/>
  <testcase name="testAbaNumberCheck_34585_good" classname="com.cardatechnologies.utils.validators.abaroutevalidator.Test_AbaRouteValidator_15" time="0"/>
  <testcase name="testAbaNumberCheck_33645_good" classname="com.cardatechnologies.utils.validators.abaroutevalidator.Test_AbaRouteValidator_15" time="0"/>
  <testcase name="testAbaNumberCheck_32705_good" classname="com.cardatechnologies.utils.validators.abaroutevalidator.Test_AbaRouteValidator_15" time="0"/>
  <testcase name="testAbaNumberCheck_34459_good" classname="com.cardatechnologies.utils.validators.abaroutevalidator.Test_AbaRouteValidator_15" time="0"/>
  <testcase name="testAbaNumberCheck_33519_good" classname="com.cardatechnologies.utils.validators.abaroutevalidator.Test_AbaRouteValidator_15" time="0"/>
  <testcase name="testAbaNumberCheck_33483_good" classname="com.cardatechnologies.utils.validators.abaroutevalidator.Test_AbaRouteValidator_15" time="0"/>
  <testcase name="testAbaNumberCheck_32543_good" classname="com.cardatechnologies.utils.validators.abaroutevalidator.Test_AbaRouteValidator_15" time="0"/>
  <testcase name="testAbaNumberCheck_34297_good" classname="com.cardatechnologies.utils.validators.abaroutevalidator.Test_AbaRouteValidator_15" time="0"/>
  <testcase name="testAbaNumberCheck_34950_bad" classname="com.cardatechnologies.utils.validators.abaroutevalidator.Test_AbaRouteValidator_15" time="0"/>
  <testcase name="testAbaNumberCheck_33357_good" classname="com.cardatechnologies.utils.validators.abaroutevalidator.Test_AbaRouteValidator_15" time="0"/>
  <testcase name="testAbaNumberCheck_34952_bad" classname="com.cardatechnologies.utils.validators.abaroutevalidator.Test_AbaRouteValidator_15" time="0"/>
  <testcase name="testAbaNumberCheck_34955_good" classname="com.cardatechnologies.utils.validators.abaroutevalidator.Test_AbaRouteValidator_15" time="0"/>
  <testcase name="testAbaNumberCheck_34954_bad" classname="com.cardatechnologies.utils.validators.abaroutevalidator.Test_AbaRouteValidator_15" time="0"/>
  <testcase name="testAbaNumberCheck_33690_bad" classname="com.cardatechnologies.utils.validators.abaroutevalidator.Test_AbaRouteValidator_15" time="0"/>
  <testcase name="testAbaNumberCheck_34956_bad" classname="com.cardatechnologies.utils.validators.abaroutevalidator.Test_AbaRouteValidator_15" time="0"/>
  <testcase name="testAbaNumberCheck_33692_bad" classname="com.cardatechnologies.utils.validators.abaroutevalidator.Test_AbaRouteValidator_15" time="0"/>
  <testcase name="testAbaNumberCheck_34829_good" classname="com.cardatechnologies.utils.validators.abaroutevalidator.Test_AbaRouteValidator_15" time="0"/>
  <testcase name="testAbaNumberCheck_33195_good" classname="com.cardatechnologies.utils.validators.abaroutevalidator.Test_AbaRouteValidator_15" time="0"/>
  <testcase name="testAbaNumberCheck_34958_bad" classname="com.cardatechnologies.utils.validators.abaroutevalidator.Test_AbaRouteValidator_15" time="0"/>
  <testcase name="testAbaNumberCheck_32880_bad" classname="com.cardatechnologies.utils.validators.abaroutevalidator.Test_AbaRouteValidator_15" time="0"/>
  <testcase name="testAbaNumberCheck_33694_bad" classname="com.cardatechnologies.utils.validators.abaroutevalidator.Test_AbaRouteValidator_15" time="0"/>
  <testcase name="testAbaNumberCheck_34793_good" classname="com.cardatechnologies.utils.validators.abaroutevalidator.Test_AbaRouteValidator_15" time="0"/>
  <testcase name="testAbaNumberCheck_32882_bad" classname="com.cardatechnologies.utils.validators.abaroutevalidator.Test_AbaRouteValidator_15" time="0"/>
  <testcase name="testAbaNumberCheck_33696_bad" classname="com.cardatechnologies.utils.validators.abaroutevalidator.Test_AbaRouteValidator_15" time="0"/>
  <testcase name="testAbaNumberCheck_33853_good" classname="com.cardatechnologies.utils.validators.abaroutevalidator.Test_AbaRouteValidator_15" time="0"/>
  <testcase name="testAbaNumberCheck_32913_good" classname="com.cardatechnologies.utils.validators.abaroutevalidator.Test_AbaRouteValidator_15" time="0"/>
  <testcase name="testAbaNumberCheck_32884_bad" classname="com.cardatechnologies.utils.validators.abaroutevalidator.Test_AbaRouteValidator_15" time="0"/>
  <testcase name="testAbaNumberCheck_33069_good" classname="com.cardatechnologies.utils.validators.abaroutevalidator.Test_AbaRouteValidator_15" time="0"/>
  <testcase name="testAbaNumberCheck_33698_bad" classname="com.cardatechnologies.utils.validators.abaroutevalidator.Test_AbaRouteValidator_15" time="0"/>
  <testcase name="testAbaNumberCheck_32886_bad" classname="com.cardatechnologies.utils.validators.abaroutevalidator.Test_AbaRouteValidator_15" time="0"/>
  <testcase name="testAbaNumberCheck_34667_good" classname="com.cardatechnologies.utils.validators.abaroutevalidator.Test_AbaRouteValidator_15" time="0"/>
  <testcase name="testAbaNumberCheck_33727_good" classname="com.cardatechnologies.utils.validators.abaroutevalidator.Test_AbaRouteValidator_15" time="0"/>
  <testcase name="testAbaNumberCheck_32888_bad" classname="com.cardatechnologies.utils.validators.abaroutevalidator.Test_AbaRouteValidator_15" time="0"/>
  <testcase name="testAbaNumberCheck_33691_good" classname="com.cardatechnologies.utils.validators.abaroutevalidator.Test_AbaRouteValidator_15" time="0"/>
  <testcase name="testAbaNumberCheck_32751_good" classname="com.cardatechnologies.utils.validators.abaroutevalidator.Test_AbaRouteValidator_15" time="0"/>
  <testcase name="testAbaNumberCheck_33565_good" classname="com.cardatechnologies.utils.validators.abaroutevalidator.Test_AbaRouteValidator_15" time="0"/>
  <testcase name="testAbaNumberCheck_32625_good" classname="com.cardatechnologies.utils.validators.abaroutevalidator.Test_AbaRouteValidator_15" time="0"/>
  <testcase name="testAbaNumberCheck_34379_good" classname="com.cardatechnologies.utils.validators.abaroutevalidator.Test_AbaRouteValidator_15" time="0"/>
  <testcase name="testAbaNumberCheck_33439_good" classname="com.cardatechnologies.utils.validators.abaroutevalidator.Test_AbaRouteValidator_15" time="0"/>
  <testcase name="testAbaNumberCheck_34960_bad" classname="com.cardatechnologies.utils.validators.abaroutevalidator.Test_AbaRouteValidator_15" time="0"/>
  <testcase name="testAbaNumberCheck_34962_bad" classname="com.cardatechnologies.utils.validators.abaroutevalidator.Test_AbaRouteValidator_15" time="0"/>
  <testcase name="testAbaNumberCheck_34964_bad" classname="com.cardatechnologies.utils.validators.abaroutevalidator.Test_AbaRouteValidator_15" time="0"/>
  <testcase name="testAbaNumberCheck_33277_good" classname="com.cardatechnologies.utils.validators.abaroutevalidator.Test_AbaRouteValidator_15" time="0"/>
  <testcase name="testAbaNumberCheck_34966_bad" classname="com.cardatechnologies.utils.validators.abaroutevalidator.Test_AbaRouteValidator_15" time="0"/>
  <testcase name="testAbaNumberCheck_34875_good" classname="com.cardatechnologies.utils.validators.abaroutevalidator.Test_AbaRouteValidator_15" time="0"/>
  <testcase name="testAbaNumberCheck_33935_good" classname="com.cardatechnologies.utils.validators.abaroutevalidator.Test_AbaRouteValidator_15" time="0"/>
  <testcase name="testAbaNumberCheck_34968_bad" classname="com.cardatechnologies.utils.validators.abaroutevalidator.Test_AbaRouteValidator_15" time="0"/>
  <testcase name="testAbaNumberCheck_32890_bad" classname="com.cardatechnologies.utils.validators.abaroutevalidator.Test_AbaRouteValidator_15" time="0"/>
  <testcase name="testAbaNumberCheck_32892_bad" classname="com.cardatechnologies.utils.validators.abaroutevalidator.Test_AbaRouteValidator_15" time="0"/>
  <testcase name="testAbaNumberCheck_34749_good" classname="com.cardatechnologies.utils.validators.abaroutevalidator.Test_AbaRouteValidator_15" time="0"/>
  <testcase name="testAbaNumberCheck_33809_good" classname="com.cardatechnologies.utils.validators.abaroutevalidator.Test_AbaRouteValidator_15" time="0"/>
  <testcase name="testAbaNumberCheck_32894_bad" classname="com.cardatechnologies.utils.validators.abaroutevalidator.Test_AbaRouteValidator_15" time="0"/>
  <testcase name="testAbaNumberCheck_32896_bad" classname="com.cardatechnologies.utils.validators.abaroutevalidator.Test_AbaRouteValidator_15" time="0"/>
  <testcase name="testAbaNumberCheck_33773_good" classname="com.cardatechnologies.utils.validators.abaroutevalidator.Test_AbaRouteValidator_15" time="0"/>
  <testcase name="testAbaNumberCheck_32833_good" classname="com.cardatechnologies.utils.validators.abaroutevalidator.Test_AbaRouteValidator_15" time="0"/>
  <testcase name="testAbaNumberCheck_32898_bad" classname="com.cardatechnologies.utils.validators.abaroutevalidator.Test_AbaRouteValidator_15" time="0"/>
  <testcase name="testAbaNumberCheck_34587_good" classname="com.cardatechnologies.utils.validators.abaroutevalidator.Test_AbaRouteValidator_15" time="0"/>
  <testcase name="testAbaNumberCheck_33647_good" classname="com.cardatechnologies.utils.validators.abaroutevalidator.Test_AbaRouteValidator_15" time="0"/>
  <testcase name="testAbaNumberCheck_32707_good" classname="com.cardatechnologies.utils.validators.abaroutevalidator.Test_AbaRouteValidator_15" time="0"/>
  <testcase name="testAbaNumberCheck_32671_good" classname="com.cardatechnologies.utils.validators.abaroutevalidator.Test_AbaRouteValidator_15" time="0"/>
  <testcase name="testAbaNumberCheck_33485_good" classname="com.cardatechnologies.utils.validators.abaroutevalidator.Test_AbaRouteValidator_15" time="0"/>
  <testcase name="testAbaNumberCheck_32545_good" classname="com.cardatechnologies.utils.validators.abaroutevalidator.Test_AbaRouteValidator_15" time="0"/>
  <testcase name="testAbaNumberCheck_34299_good" classname="com.cardatechnologies.utils.validators.abaroutevalidator.Test_AbaRouteValidator_15" time="0"/>
  <testcase name="testAbaNumberCheck_34970_bad" classname="com.cardatechnologies.utils.validators.abaroutevalidator.Test_AbaRouteValidator_15" time="0"/>
  <testcase name="testAbaNumberCheck_33359_good" classname="com.cardatechnologies.utils.validators.abaroutevalidator.Test_AbaRouteValidator_15" time="0"/>
  <testcase name="testAbaNumberCheck_34972_bad" classname="com.cardatechnologies.utils.validators.abaroutevalidator.Test_AbaRouteValidator_15" time="0"/>
  <testcase name="testAbaNumberCheck_34957_good" classname="com.cardatechnologies.utils.validators.abaroutevalidator.Test_AbaRouteValidator_15" time="0"/>
  <testcase name="testAbaNumberCheck_34974_bad" classname="com.cardatechnologies.utils.validators.abaroutevalidator.Test_AbaRouteValidator_15" time="0"/>
  <testcase name="testAbaNumberCheck_34976_bad" classname="com.cardatechnologies.utils.validators.abaroutevalidator.Test_AbaRouteValidator_15" time="0"/>
  <testcase name="testAbaNumberCheck_33981_good" classname="com.cardatechnologies.utils.validators.abaroutevalidator.Test_AbaRouteValidator_15" time="0"/>
  <testcase name="testAbaNumberCheck_33197_good" classname="com.cardatechnologies.utils.validators.abaroutevalidator.Test_AbaRouteValidator_15" time="0"/>
  <testcase name="testAbaNumberCheck_34978_bad" classname="com.cardatechnologies.utils.validators.abaroutevalidator.Test_AbaRouteValidator_15" time="0"/>
  <testcase name="testAbaNumberCheck_34795_good" classname="com.cardatechnologies.utils.validators.abaroutevalidator.Test_AbaRouteValidator_15" time="0"/>
  <testcase name="testAbaNumberCheck_33855_good" classname="com.cardatechnologies.utils.validators.abaroutevalidator.Test_AbaRouteValidator_15" time="0"/>
  <testcase name="testAbaNumberCheck_32915_good" classname="com.cardatechnologies.utils.validators.abaroutevalidator.Test_AbaRouteValidator_15" time="0"/>
  <testcase name="testAbaNumberCheck_34669_good" classname="com.cardatechnologies.utils.validators.abaroutevalidator.Test_AbaRouteValidator_15" time="0"/>
  <testcase name="testAbaNumberCheck_33729_good" classname="com.cardatechnologies.utils.validators.abaroutevalidator.Test_AbaRouteValidator_15" time="0"/>
  <testcase name="testAbaNumberCheck_33693_good" classname="com.cardatechnologies.utils.validators.abaroutevalidator.Test_AbaRouteValidator_15" time="0"/>
  <testcase name="testAbaNumberCheck_32753_good" classname="com.cardatechnologies.utils.validators.abaroutevalidator.Test_AbaRouteValidator_15" time="0"/>
  <testcase name="testAbaNumberCheck_33567_good" classname="com.cardatechnologies.utils.validators.abaroutevalidator.Test_AbaRouteValidator_15" time="0"/>
  <testcase name="testAbaNumberCheck_32627_good" classname="com.cardatechnologies.utils.validators.abaroutevalidator.Test_AbaRouteValidator_15" time="0"/>
  <testcase name="testAbaNumberCheck_32591_good" classname="com.cardatechnologies.utils.validators.abaroutevalidator.Test_AbaRouteValidator_15" time="0"/>
  <testcase name="testAbaNumberCheck_34980_bad" classname="com.cardatechnologies.utils.validators.abaroutevalidator.Test_AbaRouteValidator_15" time="0"/>
  <testcase name="testAbaNumberCheck_34982_bad" classname="com.cardatechnologies.utils.validators.abaroutevalidator.Test_AbaRouteValidator_15" time="0"/>
  <testcase name="testAbaNumberCheck_34984_bad" classname="com.cardatechnologies.utils.validators.abaroutevalidator.Test_AbaRouteValidator_15" time="0"/>
  <testcase name="testAbaNumberCheck_33279_good" classname="com.cardatechnologies.utils.validators.abaroutevalidator.Test_AbaRouteValidator_15" time="0"/>
  <testcase name="testAbaNumberCheck_34986_bad" classname="com.cardatechnologies.utils.validators.abaroutevalidator.Test_AbaRouteValidator_15" time="0"/>
  <testcase name="testAbaNumberCheck_34877_good" classname="com.cardatechnologies.utils.validators.abaroutevalidator.Test_AbaRouteValidator_15" time="0"/>
  <testcase name="testAbaNumberCheck_33937_good" classname="com.cardatechnologies.utils.validators.abaroutevalidator.Test_AbaRouteValidator_15" time="0"/>
  <testcase name="testAbaNumberCheck_34988_bad" classname="com.cardatechnologies.utils.validators.abaroutevalidator.Test_AbaRouteValidator_15" time="0"/>
  <testcase name="testAbaNumberCheck_32961_good" classname="com.cardatechnologies.utils.validators.abaroutevalidator.Test_AbaRouteValidator_15" time="0"/>
  <testcase name="testAbaNumberCheck_33775_good" classname="com.cardatechnologies.utils.validators.abaroutevalidator.Test_AbaRouteValidator_15" time="0"/>
  <testcase name="testAbaNumberCheck_32835_good" classname="com.cardatechnologies.utils.validators.abaroutevalidator.Test_AbaRouteValidator_15" time="0"/>
  <testcase name="testAbaNumberCheck_34589_good" classname="com.cardatechnologies.utils.validators.abaroutevalidator.Test_AbaRouteValidator_15" time="0"/>
  <testcase name="testAbaNumberCheck_33649_good" classname="com.cardatechnologies.utils.validators.abaroutevalidator.Test_AbaRouteValidator_15" time="0"/>
  <testcase name="testAbaNumberCheck_32709_good" classname="com.cardatechnologies.utils.validators.abaroutevalidator.Test_AbaRouteValidator_15" time="0"/>
  <testcase name="testAbaNumberCheck_32673_good" classname="com.cardatechnologies.utils.validators.abaroutevalidator.Test_AbaRouteValidator_15" time="0"/>
  <testcase name="testAbaNumberCheck_33487_good" classname="com.cardatechnologies.utils.validators.abaroutevalidator.Test_AbaRouteValidator_15" time="0"/>
  <testcase name="testAbaNumberCheck_32547_good" classname="com.cardatechnologies.utils.validators.abaroutevalidator.Test_AbaRouteValidator_15" time="0"/>
  <testcase name="testAbaNumberCheck_34990_bad" classname="com.cardatechnologies.utils.validators.abaroutevalidator.Test_AbaRouteValidator_15" time="0"/>
  <testcase name="testAbaNumberCheck_34992_bad" classname="com.cardatechnologies.utils.validators.abaroutevalidator.Test_AbaRouteValidator_15" time="0"/>
  <testcase name="testAbaNumberCheck_34959_good" classname="com.cardatechnologies.utils.validators.abaroutevalidator.Test_AbaRouteValidator_15" time="0"/>
  <testcase name="testAbaNumberCheck_34994_bad" classname="com.cardatechnologies.utils.validators.abaroutevalidator.Test_AbaRouteValidator_15" time="0"/>
  <testcase name="testAbaNumberCheck_34996_bad" classname="com.cardatechnologies.utils.validators.abaroutevalidator.Test_AbaRouteValidator_15" time="0"/>
  <testcase name="testAbaNumberCheck_33983_good" classname="com.cardatechnologies.utils.validators.abaroutevalidator.Test_AbaRouteValidator_15" time="0"/>
  <testcase name="testAbaNumberCheck_33199_good" classname="com.cardatechnologies.utils.validators.abaroutevalidator.Test_AbaRouteValidator_15" time="0"/>
  <testcase name="testAbaNumberCheck_34998_bad" classname="com.cardatechnologies.utils.validators.abaroutevalidator.Test_AbaRouteValidator_15" time="0"/>
  <testcase name="testAbaNumberCheck_34797_good" classname="com.cardatechnologies.utils.validators.abaroutevalidator.Test_AbaRouteValidator_15" time="0"/>
  <testcase name="testAbaNumberCheck_33857_good" classname="com.cardatechnologies.utils.validators.abaroutevalidator.Test_AbaRouteValidator_15" time="0"/>
  <testcase name="testAbaNumberCheck_32917_good" classname="com.cardatechnologies.utils.validators.abaroutevalidator.Test_AbaRouteValidator_15" time="0"/>
  <testcase name="testAbaNumberCheck_32881_good" classname="com.cardatechnologies.utils.validators.abaroutevalidator.Test_AbaRouteValidator_15" time="0"/>
  <testcase name="testAbaNumberCheck_33695_good" classname="com.cardatechnologies.utils.validators.abaroutevalidator.Test_AbaRouteValidator_15" time="0"/>
  <testcase name="testAbaNumberCheck_32755_good" classname="com.cardatechnologies.utils.validators.abaroutevalidator.Test_AbaRouteValidator_15" time="0"/>
  <testcase name="testAbaNumberCheck_33569_good" classname="com.cardatechnologies.utils.validators.abaroutevalidator.Test_AbaRouteValidator_15" time="0"/>
  <testcase name="testAbaNumberCheck_32629_good" classname="com.cardatechnologies.utils.validators.abaroutevalidator.Test_AbaRouteValidator_15" time="0"/>
  <testcase name="testAbaNumberCheck_32593_good" classname="com.cardatechnologies.utils.validators.abaroutevalidator.Test_AbaRouteValidator_15" time="0"/>
  <testcase name="testAbaNumberCheck_34879_good" classname="com.cardatechnologies.utils.validators.abaroutevalidator.Test_AbaRouteValidator_15" time="0"/>
  <testcase name="testAbaNumberCheck_33939_good" classname="com.cardatechnologies.utils.validators.abaroutevalidator.Test_AbaRouteValidator_15" time="0"/>
  <testcase name="testAbaNumberCheck_32963_good" classname="com.cardatechnologies.utils.validators.abaroutevalidator.Test_AbaRouteValidator_15" time="0"/>
  <testcase name="testAbaNumberCheck_33777_good" classname="com.cardatechnologies.utils.validators.abaroutevalidator.Test_AbaRouteValidator_15" time="0"/>
  <testcase name="testAbaNumberCheck_32837_good" classname="com.cardatechnologies.utils.validators.abaroutevalidator.Test_AbaRouteValidator_15" time="0"/>
  <testcase name="testAbaNumberCheck_32675_good" classname="com.cardatechnologies.utils.validators.abaroutevalidator.Test_AbaRouteValidator_15" time="0"/>
  <testcase name="testAbaNumberCheck_33489_good" classname="com.cardatechnologies.utils.validators.abaroutevalidator.Test_AbaRouteValidator_15" time="0"/>
  <testcase name="testAbaNumberCheck_32549_good" classname="com.cardatechnologies.utils.validators.abaroutevalidator.Test_AbaRouteValidator_15" time="0"/>
  <testcase name="testAbaNumberCheck_33985_good" classname="com.cardatechnologies.utils.validators.abaroutevalidator.Test_AbaRouteValidator_15" time="0"/>
  <testcase name="testAbaNumberCheck_34799_good" classname="com.cardatechnologies.utils.validators.abaroutevalidator.Test_AbaRouteValidator_15" time="0"/>
  <testcase name="testAbaNumberCheck_33859_good" classname="com.cardatechnologies.utils.validators.abaroutevalidator.Test_AbaRouteValidator_15" time="0"/>
  <testcase name="testAbaNumberCheck_32919_good" classname="com.cardatechnologies.utils.validators.abaroutevalidator.Test_AbaRouteValidator_15" time="0"/>
  <testcase name="testAbaNumberCheck_32883_good" classname="com.cardatechnologies.utils.validators.abaroutevalidator.Test_AbaRouteValidator_15" time="0"/>
  <testcase name="testAbaNumberCheck_33697_good" classname="com.cardatechnologies.utils.validators.abaroutevalidator.Test_AbaRouteValidator_15" time="0"/>
  <testcase name="testAbaNumberCheck_32757_good" classname="com.cardatechnologies.utils.validators.abaroutevalidator.Test_AbaRouteValidator_15" time="0"/>
  <testcase name="testAbaNumberCheck_32595_good" classname="com.cardatechnologies.utils.validators.abaroutevalidator.Test_AbaRouteValidator_15" time="0"/>
  <testcase name="testAbaNumberCheck_32965_good" classname="com.cardatechnologies.utils.validators.abaroutevalidator.Test_AbaRouteValidator_15" time="0"/>
  <testcase name="testAbaNumberCheck_33779_good" classname="com.cardatechnologies.utils.validators.abaroutevalidator.Test_AbaRouteValidator_15" time="0"/>
  <testcase name="testAbaNumberCheck_32839_good" classname="com.cardatechnologies.utils.validators.abaroutevalidator.Test_AbaRouteValidator_15" time="0"/>
  <testcase name="testAbaNumberCheck_32677_good" classname="com.cardatechnologies.utils.validators.abaroutevalidator.Test_AbaRouteValidator_15" time="0"/>
  <testcase name="testAbaNumberCheck_33987_good" classname="com.cardatechnologies.utils.validators.abaroutevalidator.Test_AbaRouteValidator_15" time="0"/>
  <testcase name="testAbaNumberCheck_32885_good" classname="com.cardatechnologies.utils.validators.abaroutevalidator.Test_AbaRouteValidator_15" time="0"/>
  <testcase name="testAbaNumberCheck_33699_good" classname="com.cardatechnologies.utils.validators.abaroutevalidator.Test_AbaRouteValidator_15" time="0"/>
  <testcase name="testAbaNumberCheck_32759_good" classname="com.cardatechnologies.utils.validators.abaroutevalidator.Test_AbaRouteValidator_15" time="0"/>
  <testcase name="testAbaNumberCheck_32597_good" classname="com.cardatechnologies.utils.validators.abaroutevalidator.Test_AbaRouteValidator_15" time="0"/>
  <testcase name="testAbaNumberCheck_32967_good" classname="com.cardatechnologies.utils.validators.abaroutevalidator.Test_AbaRouteValidator_15" time="0"/>
  <testcase name="testAbaNumberCheck_32679_good" classname="com.cardatechnologies.utils.validators.abaroutevalidator.Test_AbaRouteValidator_15" time="0"/>
  <testcase name="testAbaNumberCheck_33989_good" classname="com.cardatechnologies.utils.validators.abaroutevalidator.Test_AbaRouteValidator_15" time="0"/>
  <testcase name="testAbaNumberCheck_32887_good" classname="com.cardatechnologies.utils.validators.abaroutevalidator.Test_AbaRouteValidator_15" time="0"/>
  <testcase name="testAbaNumberCheck_32599_good" classname="com.cardatechnologies.utils.validators.abaroutevalidator.Test_AbaRouteValidator_15" time="0"/>
  <testcase name="testAbaNumberCheck_32969_good" classname="com.cardatechnologies.utils.validators.abaroutevalidator.Test_AbaRouteValidator_15" time="0"/>
  <testcase name="testAbaNumberCheck_32889_good" classname="com.cardatechnologies.utils.validators.abaroutevalidator.Test_AbaRouteValidator_15" time="0"/>
  <testcase name="testAbaNumberCheck_34201_good" classname="com.cardatechnologies.utils.validators.abaroutevalidator.Test_AbaRouteValidator_15" time="0"/>
  <testcase name="testAbaNumberCheck_34000_bad" classname="com.cardatechnologies.utils.validators.abaroutevalidator.Test_AbaRouteValidator_15" time="0"/>
  <testcase name="testAbaNumberCheck_34002_bad" classname="com.cardatechnologies.utils.validators.abaroutevalidator.Test_AbaRouteValidator_15" time="0"/>
  <testcase name="testAbaNumberCheck_34121_good" classname="com.cardatechnologies.utils.validators.abaroutevalidator.Test_AbaRouteValidator_15" time="0"/>
  <testcase name="testAbaNumberCheck_34004_bad" classname="com.cardatechnologies.utils.validators.abaroutevalidator.Test_AbaRouteValidator_15" time="0"/>
  <testcase name="testAbaNumberCheck_34006_bad" classname="com.cardatechnologies.utils.validators.abaroutevalidator.Test_AbaRouteValidator_15" time="0"/>
  <testcase name="testAbaNumberCheck_34008_bad" classname="com.cardatechnologies.utils.validators.abaroutevalidator.Test_AbaRouteValidator_15" time="0"/>
  <testcase name="testAbaNumberCheck_34203_good" classname="com.cardatechnologies.utils.validators.abaroutevalidator.Test_AbaRouteValidator_15" time="0"/>
  <testcase name="testAbaNumberCheck_34010_bad" classname="com.cardatechnologies.utils.validators.abaroutevalidator.Test_AbaRouteValidator_15" time="0"/>
  <testcase name="testAbaNumberCheck_34012_bad" classname="com.cardatechnologies.utils.validators.abaroutevalidator.Test_AbaRouteValidator_15" time="0"/>
  <testcase name="testAbaNumberCheck_33200_bad" classname="com.cardatechnologies.utils.validators.abaroutevalidator.Test_AbaRouteValidator_15" time="0"/>
  <testcase name="testAbaNumberCheck_34014_bad" classname="com.cardatechnologies.utils.validators.abaroutevalidator.Test_AbaRouteValidator_15" time="0"/>
  <testcase name="testAbaNumberCheck_33202_bad" classname="com.cardatechnologies.utils.validators.abaroutevalidator.Test_AbaRouteValidator_15" time="0"/>
  <testcase name="testAbaNumberCheck_34016_bad" classname="com.cardatechnologies.utils.validators.abaroutevalidator.Test_AbaRouteValidator_15" time="0"/>
  <testcase name="testAbaNumberCheck_34041_good" classname="com.cardatechnologies.utils.validators.abaroutevalidator.Test_AbaRouteValidator_15" time="0"/>
  <testcase name="testAbaNumberCheck_33204_bad" classname="com.cardatechnologies.utils.validators.abaroutevalidator.Test_AbaRouteValidator_15" time="0"/>
  <testcase name="testAbaNumberCheck_33101_good" classname="com.cardatechnologies.utils.validators.abaroutevalidator.Test_AbaRouteValidator_15" time="0"/>
  <testcase name="testAbaNumberCheck_34018_bad" classname="com.cardatechnologies.utils.validators.abaroutevalidator.Test_AbaRouteValidator_15" time="0"/>
  <testcase name="testAbaNumberCheck_33206_bad" classname="com.cardatechnologies.utils.validators.abaroutevalidator.Test_AbaRouteValidator_15" time="0"/>
  <testcase name="testAbaNumberCheck_33208_bad" classname="com.cardatechnologies.utils.validators.abaroutevalidator.Test_AbaRouteValidator_15" time="0"/>
  <testcase name="testAbaNumberCheck_34411_good" classname="com.cardatechnologies.utils.validators.abaroutevalidator.Test_AbaRouteValidator_15" time="0"/>
  <testcase name="testAbaNumberCheck_34020_bad" classname="com.cardatechnologies.utils.validators.abaroutevalidator.Test_AbaRouteValidator_15" time="0"/>
  <testcase name="testAbaNumberCheck_34022_bad" classname="com.cardatechnologies.utils.validators.abaroutevalidator.Test_AbaRouteValidator_15" time="0"/>
  <testcase name="testAbaNumberCheck_34123_good" classname="com.cardatechnologies.utils.validators.abaroutevalidator.Test_AbaRouteValidator_15" time="0"/>
  <testcase name="testAbaNumberCheck_33210_bad" classname="com.cardatechnologies.utils.validators.abaroutevalidator.Test_AbaRouteValidator_15" time="0"/>
  <testcase name="testAbaNumberCheck_34024_bad" classname="com.cardatechnologies.utils.validators.abaroutevalidator.Test_AbaRouteValidator_15" time="0.001"/>
  <testcase name="testAbaNumberCheck_33212_bad" classname="com.cardatechnologies.utils.validators.abaroutevalidator.Test_AbaRouteValidator_15" time="0"/>
  <testcase name="testAbaNumberCheck_34026_bad" classname="com.cardatechnologies.utils.validators.abaroutevalidator.Test_AbaRouteValidator_15" time="0"/>
  <testcase name="testAbaNumberCheck_33214_bad" classname="com.cardatechnologies.utils.validators.abaroutevalidator.Test_AbaRouteValidator_15" time="0"/>
  <testcase name="testAbaNumberCheck_34028_bad" classname="com.cardatechnologies.utils.validators.abaroutevalidator.Test_AbaRouteValidator_15" time="0"/>
  <testcase name="testAbaNumberCheck_33216_bad" classname="com.cardatechnologies.utils.validators.abaroutevalidator.Test_AbaRouteValidator_15" time="0"/>
  <testcase name="testAbaNumberCheck_33021_good" classname="com.cardatechnologies.utils.validators.abaroutevalidator.Test_AbaRouteValidator_15" time="0"/>
  <testcase name="testAbaNumberCheck_33218_bad" classname="com.cardatechnologies.utils.validators.abaroutevalidator.Test_AbaRouteValidator_15" time="0"/>
  <testcase name="testAbaNumberCheck_34331_good" classname="com.cardatechnologies.utils.validators.abaroutevalidator.Test_AbaRouteValidator_15" time="0"/>
  <testcase name="testAbaNumberCheck_34205_good" classname="com.cardatechnologies.utils.validators.abaroutevalidator.Test_AbaRouteValidator_15" time="0"/>
  <testcase name="testAbaNumberCheck_34030_bad" classname="com.cardatechnologies.utils.validators.abaroutevalidator.Test_AbaRouteValidator_15" time="0"/>
  <testcase name="testAbaNumberCheck_34032_bad" classname="com.cardatechnologies.utils.validators.abaroutevalidator.Test_AbaRouteValidator_15" time="0"/>
  <testcase name="testAbaNumberCheck_33220_bad" classname="com.cardatechnologies.utils.validators.abaroutevalidator.Test_AbaRouteValidator_15" time="0"/>
  <testcase name="testAbaNumberCheck_34034_bad" classname="com.cardatechnologies.utils.validators.abaroutevalidator.Test_AbaRouteValidator_15" time="0"/>
  <testcase name="testAbaNumberCheck_33222_bad" classname="com.cardatechnologies.utils.validators.abaroutevalidator.Test_AbaRouteValidator_15" time="0"/>
  <testcase name="testAbaNumberCheck_34036_bad" classname="com.cardatechnologies.utils.validators.abaroutevalidator.Test_AbaRouteValidator_15" time="0"/>
  <testcase name="testAbaNumberCheck_34043_good" classname="com.cardatechnologies.utils.validators.abaroutevalidator.Test_AbaRouteValidator_15" time="0"/>
  <testcase name="testAbaNumberCheck_33224_bad" classname="com.cardatechnologies.utils.validators.abaroutevalidator.Test_AbaRouteValidator_15" time="0"/>
  <testcase name="testAbaNumberCheck_33103_good" classname="com.cardatechnologies.utils.validators.abaroutevalidator.Test_AbaRouteValidator_15" time="0"/>
  <testcase name="testAbaNumberCheck_34038_bad" classname="com.cardatechnologies.utils.validators.abaroutevalidator.Test_AbaRouteValidator_15" time="0"/>
  <testcase name="testAbaNumberCheck_33226_bad" classname="com.cardatechnologies.utils.validators.abaroutevalidator.Test_AbaRouteValidator_15" time="0"/>
  <testcase name="testAbaNumberCheck_34701_good" classname="com.cardatechnologies.utils.validators.abaroutevalidator.Test_AbaRouteValidator_15" time="0"/>
  <testcase name="testAbaNumberCheck_33228_bad" classname="com.cardatechnologies.utils.validators.abaroutevalidator.Test_AbaRouteValidator_15" time="0"/>
  <testcase name="testAbaNumberCheck_34413_good" classname="com.cardatechnologies.utils.validators.abaroutevalidator.Test_AbaRouteValidator_15" time="0"/>
  <testcase name="testAbaNumberCheck_34251_good" classname="com.cardatechnologies.utils.validators.abaroutevalidator.Test_AbaRouteValidator_15" time="0"/>
  <testcase name="testAbaNumberCheck_33311_good" classname="com.cardatechnologies.utils.validators.abaroutevalidator.Test_AbaRouteValidator_15" time="0"/>
  <testcase name="testAbaNumberCheck_34040_bad" classname="com.cardatechnologies.utils.validators.abaroutevalidator.Test_AbaRouteValidator_15" time="0"/>
  <testcase name="testAbaNumberCheck_34042_bad" classname="com.cardatechnologies.utils.validators.abaroutevalidator.Test_AbaRouteValidator_15" time="0"/>
  <testcase name="testAbaNumberCheck_34125_good" classname="com.cardatechnologies.utils.validators.abaroutevalidator.Test_AbaRouteValidator_15" time="0"/>
  <testcase name="testAbaNumberCheck_33230_bad" classname="com.cardatechnologies.utils.validators.abaroutevalidator.Test_AbaRouteValidator_15" time="0"/>
  <testcase name="testAbaNumberCheck_34044_bad" classname="com.cardatechnologies.utils.validators.abaroutevalidator.Test_AbaRouteValidator_15" time="0"/>
  <testcase name="testAbaNumberCheck_33232_bad" classname="com.cardatechnologies.utils.validators.abaroutevalidator.Test_AbaRouteValidator_15" time="0"/>
  <testcase name="testAbaNumberCheck_34046_bad" classname="com.cardatechnologies.utils.validators.abaroutevalidator.Test_AbaRouteValidator_15" time="0"/>
  <testcase name="testAbaNumberCheck_33234_bad" classname="com.cardatechnologies.utils.validators.abaroutevalidator.Test_AbaRouteValidator_15" time="0"/>
  <testcase name="testAbaNumberCheck_34048_bad" classname="com.cardatechnologies.utils.validators.abaroutevalidator.Test_AbaRouteValidator_15" time="0"/>
  <testcase name="testAbaNumberCheck_33236_bad" classname="com.cardatechnologies.utils.validators.abaroutevalidator.Test_AbaRouteValidator_15" time="0"/>
  <testcase name="testAbaNumberCheck_33023_good" classname="com.cardatechnologies.utils.validators.abaroutevalidator.Test_AbaRouteValidator_15" time="0"/>
  <testcase name="testAbaNumberCheck_33238_bad" classname="com.cardatechnologies.utils.validators.abaroutevalidator.Test_AbaRouteValidator_15" time="0"/>
  <testcase name="testAbaNumberCheck_34621_good" classname="com.cardatechnologies.utils.validators.abaroutevalidator.Test_AbaRouteValidator_15" time="0"/>
  <testcase name="testAbaNumberCheck_34333_good" classname="com.cardatechnologies.utils.validators.abaroutevalidator.Test_AbaRouteValidator_15" time="0"/>
  <testcase name="testAbaNumberCheck_34500_bad" classname="com.cardatechnologies.utils.validators.abaroutevalidator.Test_AbaRouteValidator_15" time="0"/>
  <testcase name="testAbaNumberCheck_34207_good" classname="com.cardatechnologies.utils.validators.abaroutevalidator.Test_AbaRouteValidator_15" time="0"/>
  <testcase name="testAbaNumberCheck_34050_bad" classname="com.cardatechnologies.utils.validators.abaroutevalidator.Test_AbaRouteValidator_15" time="0"/>
  <testcase name="testAbaNumberCheck_34502_bad" classname="com.cardatechnologies.utils.validators.abaroutevalidator.Test_AbaRouteValidator_15" time="0"/>
  <testcase name="testAbaNumberCheck_34052_bad" classname="com.cardatechnologies.utils.validators.abaroutevalidator.Test_AbaRouteValidator_15" time="0"/>
  <testcase name="testAbaNumberCheck_34171_good" classname="com.cardatechnologies.utils.validators.abaroutevalidator.Test_AbaRouteValidator_15" time="0"/>
  <testcase name="testAbaNumberCheck_34504_bad" classname="com.cardatechnologies.utils.validators.abaroutevalidator.Test_AbaRouteValidator_15" time="0"/>
  <testcase name="testAbaNumberCheck_33231_good" classname="com.cardatechnologies.utils.validators.abaroutevalidator.Test_AbaRouteValidator_15" time="0"/>
  <testcase name="testAbaNumberCheck_33240_bad" classname="com.cardatechnologies.utils.validators.abaroutevalidator.Test_AbaRouteValidator_15" time="0"/>
  <testcase name="testAbaNumberCheck_34054_bad" classname="com.cardatechnologies.utils.validators.abaroutevalidator.Test_AbaRouteValidator_15" time="0"/>
  <testcase name="testAbaNumberCheck_34506_bad" classname="com.cardatechnologies.utils.validators.abaroutevalidator.Test_AbaRouteValidator_15" time="0"/>
  <testcase name="testAbaNumberCheck_33242_bad" classname="com.cardatechnologies.utils.validators.abaroutevalidator.Test_AbaRouteValidator_15" time="0"/>
  <testcase name="testAbaNumberCheck_34056_bad" classname="com.cardatechnologies.utils.validators.abaroutevalidator.Test_AbaRouteValidator_15" time="0"/>
  <testcase name="testAbaNumberCheck_34508_bad" classname="com.cardatechnologies.utils.validators.abaroutevalidator.Test_AbaRouteValidator_15" time="0"/>
  <testcase name="testAbaNumberCheck_34045_good" classname="com.cardatechnologies.utils.validators.abaroutevalidator.Test_AbaRouteValidator_15" time="0"/>
  <testcase name="testAbaNumberCheck_33244_bad" classname="com.cardatechnologies.utils.validators.abaroutevalidator.Test_AbaRouteValidator_15" time="0"/>
  <testcase name="testAbaNumberCheck_33105_good" classname="com.cardatechnologies.utils.validators.abaroutevalidator.Test_AbaRouteValidator_15" time="0"/>
  <testcase name="testAbaNumberCheck_34058_bad" classname="com.cardatechnologies.utils.validators.abaroutevalidator.Test_AbaRouteValidator_15" time="0"/>
  <testcase name="testAbaNumberCheck_33246_bad" classname="com.cardatechnologies.utils.validators.abaroutevalidator.Test_AbaRouteValidator_15" time="0"/>
  <testcase name="testAbaNumberCheck_34703_good" classname="com.cardatechnologies.utils.validators.abaroutevalidator.Test_AbaRouteValidator_15" time="0"/>
  <testcase name="testAbaNumberCheck_33248_bad" classname="com.cardatechnologies.utils.validators.abaroutevalidator.Test_AbaRouteValidator_15" time="0"/>
  <testcase name="testAbaNumberCheck_34541_good" classname="com.cardatechnologies.utils.validators.abaroutevalidator.Test_AbaRouteValidator_15" time="0"/>
  <testcase name="testAbaNumberCheck_33601_good" classname="com.cardatechnologies.utils.validators.abaroutevalidator.Test_AbaRouteValidator_15" time="0"/>
  <testcase name="testAbaNumberCheck_34415_good" classname="com.cardatechnologies.utils.validators.abaroutevalidator.Test_AbaRouteValidator_15" time="0"/>
  <testcase name="testAbaNumberCheck_34253_good" classname="com.cardatechnologies.utils.validators.abaroutevalidator.Test_AbaRouteValidator_15" time="0"/>
  <testcase name="testAbaNumberCheck_34510_bad" classname="com.cardatechnologies.utils.validators.abaroutevalidator.Test_AbaRouteValidator_15" time="0"/>
  <testcase name="testAbaNumberCheck_33313_good" classname="com.cardatechnologies.utils.validators.abaroutevalidator.Test_AbaRouteValidator_15" time="0"/>
  <testcase name="testAbaNumberCheck_34060_bad" classname="com.cardatechnologies.utils.validators.abaroutevalidator.Test_AbaRouteValidator_15" time="0"/>
  <testcase name="testAbaNumberCheck_34512_bad" classname="com.cardatechnologies.utils.validators.abaroutevalidator.Test_AbaRouteValidator_15" time="0"/>
  <testcase name="testAbaNumberCheck_34911_good" classname="com.cardatechnologies.utils.validators.abaroutevalidator.Test_AbaRouteValidator_15" time="0"/>
  <testcase name="testAbaNumberCheck_34062_bad" classname="com.cardatechnologies.utils.validators.abaroutevalidator.Test_AbaRouteValidator_15" time="0"/>
  <testcase name="testAbaNumberCheck_33700_bad" classname="com.cardatechnologies.utils.validators.abaroutevalidator.Test_AbaRouteValidator_15" time="0"/>
  <testcase name="testAbaNumberCheck_34514_bad" classname="com.cardatechnologies.utils.validators.abaroutevalidator.Test_AbaRouteValidator_15" time="0"/>
  <testcase name="testAbaNumberCheck_34127_good" classname="com.cardatechnologies.utils.validators.abaroutevalidator.Test_AbaRouteValidator_15" time="0"/>
  <testcase name="testAbaNumberCheck_33250_bad" classname="com.cardatechnologies.utils.validators.abaroutevalidator.Test_AbaRouteValidator_15" time="0"/>
  <testcase name="testAbaNumberCheck_34064_bad" classname="com.cardatechnologies.utils.validators.abaroutevalidator.Test_AbaRouteValidator_15" time="0"/>
  <testcase name="testAbaNumberCheck_33702_bad" classname="com.cardatechnologies.utils.validators.abaroutevalidator.Test_AbaRouteValidator_15" time="0"/>
  <testcase name="testAbaNumberCheck_34516_bad" classname="com.cardatechnologies.utils.validators.abaroutevalidator.Test_AbaRouteValidator_15" time="0"/>
  <testcase name="testAbaNumberCheck_33252_bad" classname="com.cardatechnologies.utils.validators.abaroutevalidator.Test_AbaRouteValidator_15" time="0"/>
  <testcase name="testAbaNumberCheck_34066_bad" classname="com.cardatechnologies.utils.validators.abaroutevalidator.Test_AbaRouteValidator_15" time="0.001"/>
  <testcase name="testAbaNumberCheck_34091_good" classname="com.cardatechnologies.utils.validators.abaroutevalidator.Test_AbaRouteValidator_15" time="0"/>
  <testcase name="testAbaNumberCheck_33704_bad" classname="com.cardatechnologies.utils.validators.abaroutevalidator.Test_AbaRouteValidator_15" time="0"/>
  <testcase name="testAbaNumberCheck_33151_good" classname="com.cardatechnologies.utils.validators.abaroutevalidator.Test_AbaRouteValidator_15" time="0"/>
  <testcase name="testAbaNumberCheck_34518_bad" classname="com.cardatechnologies.utils.validators.abaroutevalidator.Test_AbaRouteValidator_15" time="0"/>
  <testcase name="testAbaNumberCheck_33254_bad" classname="com.cardatechnologies.utils.validators.abaroutevalidator.Test_AbaRouteValidator_15" time="0"/>
  <testcase name="testAbaNumberCheck_34068_bad" classname="com.cardatechnologies.utils.validators.abaroutevalidator.Test_AbaRouteValidator_15" time="0"/>
  <testcase name="testAbaNumberCheck_33706_bad" classname="com.cardatechnologies.utils.validators.abaroutevalidator.Test_AbaRouteValidator_15" time="0"/>
  <testcase name="testAbaNumberCheck_33256_bad" classname="com.cardatechnologies.utils.validators.abaroutevalidator.Test_AbaRouteValidator_15" time="0"/>
  <testcase name="testAbaNumberCheck_33708_bad" classname="com.cardatechnologies.utils.validators.abaroutevalidator.Test_AbaRouteValidator_15" time="0"/>
  <testcase name="testAbaNumberCheck_33025_good" classname="com.cardatechnologies.utils.validators.abaroutevalidator.Test_AbaRouteValidator_15" time="0"/>
  <testcase name="testAbaNumberCheck_33258_bad" classname="com.cardatechnologies.utils.validators.abaroutevalidator.Test_AbaRouteValidator_15" time="0"/>
  <testcase name="testAbaNumberCheck_34623_good" classname="com.cardatechnologies.utils.validators.abaroutevalidator.Test_AbaRouteValidator_15" time="0"/>
  <testcase name="testAbaNumberCheck_34461_good" classname="com.cardatechnologies.utils.validators.abaroutevalidator.Test_AbaRouteValidator_15" time="0"/>
  <testcase name="testAbaNumberCheck_33521_good" classname="com.cardatechnologies.utils.validators.abaroutevalidator.Test_AbaRouteValidator_15" time="0"/>
  <testcase name="testAbaNumberCheck_34335_good" classname="com.cardatechnologies.utils.validators.abaroutevalidator.Test_AbaRouteValidator_15" time="0"/>
  <testcase name="testAbaNumberCheck_34520_bad" classname="com.cardatechnologies.utils.validators.abaroutevalidator.Test_AbaRouteValidator_15" time="0"/>
  <testcase name="testAbaNumberCheck_34209_good" classname="com.cardatechnologies.utils.validators.abaroutevalidator.Test_AbaRouteValidator_15" time="0"/>
  <testcase name="testAbaNumberCheck_34070_bad" classname="com.cardatechnologies.utils.validators.abaroutevalidator.Test_AbaRouteValidator_15" time="0"/>
  <testcase name="testAbaNumberCheck_34522_bad" classname="com.cardatechnologies.utils.validators.abaroutevalidator.Test_AbaRouteValidator_15" time="0"/>
  <testcase name="testAbaNumberCheck_34072_bad" classname="com.cardatechnologies.utils.validators.abaroutevalidator.Test_AbaRouteValidator_15" time="0.001"/>
  <testcase name="testAbaNumberCheck_34173_good" classname="com.cardatechnologies.utils.validators.abaroutevalidator.Test_AbaRouteValidator_15" time="0"/>
  <testcase name="testAbaNumberCheck_33710_bad" classname="com.cardatechnologies.utils.validators.abaroutevalidator.Test_AbaRouteValidator_15" time="0"/>
  <testcase name="testAbaNumberCheck_34524_bad" classname="com.cardatechnologies.utils.validators.abaroutevalidator.Test_AbaRouteValidator_15" time="0"/>
  <testcase name="testAbaNumberCheck_33233_good" classname="com.cardatechnologies.utils.validators.abaroutevalidator.Test_AbaRouteValidator_15" time="0"/>
  <testcase name="testAbaNumberCheck_33260_bad" classname="com.cardatechnologies.utils.validators.abaroutevalidator.Test_AbaRouteValidator_15" time="0"/>
  <testcase name="testAbaNumberCheck_34074_bad" classname="com.cardatechnologies.utils.validators.abaroutevalidator.Test_AbaRouteValidator_15" time="0"/>
  <testcase name="testAbaNumberCheck_33712_bad" classname="com.cardatechnologies.utils.validators.abaroutevalidator.Test_AbaRouteValidator_15" time="0"/>
  <testcase name="testAbaNumberCheck_34526_bad" classname="com.cardatechnologies.utils.validators.abaroutevalidator.Test_AbaRouteValidator_15" time="0"/>
  <testcase name="testAbaNumberCheck_34831_good" classname="com.cardatechnologies.utils.validators.abaroutevalidator.Test_AbaRouteValidator_15" time="0"/>
  <testcase name="testAbaNumberCheck_33262_bad" classname="com.cardatechnologies.utils.validators.abaroutevalidator.Test_AbaRouteValidator_15" time="0"/>
  <testcase name="testAbaNumberCheck_34076_bad" classname="com.cardatechnologies.utils.validators.abaroutevalidator.Test_AbaRouteValidator_15" time="0"/>
  <testcase name="testAbaNumberCheck_32900_bad" classname="com.cardatechnologies.utils.validators.abaroutevalidator.Test_AbaRouteValidator_15" time="0"/>
  <testcase name="testAbaNumberCheck_33714_bad" classname="com.cardatechnologies.utils.validators.abaroutevalidator.Test_AbaRouteValidator_15" time="0"/>
  <testcase name="testAbaNumberCheck_34528_bad" classname="com.cardatechnologies.utils.validators.abaroutevalidator.Test_AbaRouteValidator_15" time="0"/>
  <testcase name="testAbaNumberCheck_34047_good" classname="com.cardatechnologies.utils.validators.abaroutevalidator.Test_AbaRouteValidator_15" time="0"/>
  <testcase name="testAbaNumberCheck_33264_bad" classname="com.cardatechnologies.utils.validators.abaroutevalidator.Test_AbaRouteValidator_15" time="0"/>
  <testcase name="testAbaNumberCheck_33107_good" classname="com.cardatechnologies.utils.validators.abaroutevalidator.Test_AbaRouteValidator_15" time="0"/>
  <testcase name="testAbaNumberCheck_34078_bad" classname="com.cardatechnologies.utils.validators.abaroutevalidator.Test_AbaRouteValidator_15" time="0"/>
  <testcase name="testAbaNumberCheck_32902_bad" classname="com.cardatechnologies.utils.validators.abaroutevalidator.Test_AbaRouteValidator_15" time="0"/>
  <testcase name="testAbaNumberCheck_33716_bad" classname="com.cardatechnologies.utils.validators.abaroutevalidator.Test_AbaRouteValidator_15" time="0"/>
  <testcase name="testAbaNumberCheck_33266_bad" classname="com.cardatechnologies.utils.validators.abaroutevalidator.Test_AbaRouteValidator_15" time="0.001"/>
  <testcase name="testAbaNumberCheck_34705_good" classname="com.cardatechnologies.utils.validators.abaroutevalidator.Test_AbaRouteValidator_15" time="0"/>
  <testcase name="testAbaNumberCheck_32904_bad" classname="com.cardatechnologies.utils.validators.abaroutevalidator.Test_AbaRouteValidator_15" time="0"/>
  <testcase name="testAbaNumberCheck_33071_good" classname="com.cardatechnologies.utils.validators.abaroutevalidator.Test_AbaRouteValidator_15" time="0"/>
  <testcase name="testAbaNumberCheck_33718_bad" classname="com.cardatechnologies.utils.validators.abaroutevalidator.Test_AbaRouteValidator_15" time="0"/>
  <testcase name="testAbaNumberCheck_33268_bad" classname="com.cardatechnologies.utils.validators.abaroutevalidator.Test_AbaRouteValidator_15" time="0"/>
  <testcase name="testAbaNumberCheck_32906_bad" classname="com.cardatechnologies.utils.validators.abaroutevalidator.Test_AbaRouteValidator_15" time="0"/>
  <testcase name="testAbaNumberCheck_32908_bad" classname="com.cardatechnologies.utils.validators.abaroutevalidator.Test_AbaRouteValidator_15" time="0"/>
  <testcase name="testAbaNumberCheck_34543_good" classname="com.cardatechnologies.utils.validators.abaroutevalidator.Test_AbaRouteValidator_15" time="0"/>
  <testcase name="testAbaNumberCheck_33603_good" classname="com.cardatechnologies.utils.validators.abaroutevalidator.Test_AbaRouteValidator_15" time="0"/>
  <testcase name="testAbaNumberCheck_34417_good" classname="com.cardatechnologies.utils.validators.abaroutevalidator.Test_AbaRouteValidator_15" time="0"/>
  <testcase name="testAbaNumberCheck_34381_good" classname="com.cardatechnologies.utils.validators.abaroutevalidator.Test_AbaRouteValidator_15" time="0"/>
  <testcase name="testAbaNumberCheck_33441_good" classname="com.cardatechnologies.utils.validators.abaroutevalidator.Test_AbaRouteValidator_15" time="0"/>
  <testcase name="testAbaNumberCheck_32501_good" classname="com.cardatechnologies.utils.validators.abaroutevalidator.Test_AbaRouteValidator_15" time="0"/>
  <testcase name="testAbaNumberCheck_34255_good" classname="com.cardatechnologies.utils.validators.abaroutevalidator.Test_AbaRouteValidator_15" time="0"/>
  <testcase name="testAbaNumberCheck_34530_bad" classname="com.cardatechnologies.utils.validators.abaroutevalidator.Test_AbaRouteValidator_15" time="0"/>
  <testcase name="testAbaNumberCheck_33315_good" classname="com.cardatechnologies.utils.validators.abaroutevalidator.Test_AbaRouteValidator_15" time="0"/>
  <testcase name="testAbaNumberCheck_34080_bad" classname="com.cardatechnologies.utils.validators.abaroutevalidator.Test_AbaRouteValidator_15" time="0"/>
  <testcase name="testAbaNumberCheck_34532_bad" classname="com.cardatechnologies.utils.validators.abaroutevalidator.Test_AbaRouteValidator_15" time="0"/>
  <testcase name="testAbaNumberCheck_34913_good" classname="com.cardatechnologies.utils.validators.abaroutevalidator.Test_AbaRouteValidator_15" time="0"/>
  <testcase name="testAbaNumberCheck_34082_bad" classname="com.cardatechnologies.utils.validators.abaroutevalidator.Test_AbaRouteValidator_15" time="0"/>
  <testcase name="testAbaNumberCheck_33720_bad" classname="com.cardatechnologies.utils.validators.abaroutevalidator.Test_AbaRouteValidator_15" time="0"/>
  <testcase name="testAbaNumberCheck_34534_bad" classname="com.cardatechnologies.utils.validators.abaroutevalidator.Test_AbaRouteValidator_15" time="0"/>
  <testcase name="testAbaNumberCheck_34129_good" classname="com.cardatechnologies.utils.validators.abaroutevalidator.Test_AbaRouteValidator_15" time="0"/>
  <testcase name="testAbaNumberCheck_33270_bad" classname="com.cardatechnologies.utils.validators.abaroutevalidator.Test_AbaRouteValidator_15" time="0"/>
  <testcase name="testAbaNumberCheck_34084_bad" classname="com.cardatechnologies.utils.validators.abaroutevalidator.Test_AbaRouteValidator_15" time="0"/>
  <testcase name="testAbaNumberCheck_33722_bad" classname="com.cardatechnologies.utils.validators.abaroutevalidator.Test_AbaRouteValidator_15" time="0"/>
  <testcase name="testAbaNumberCheck_34536_bad" classname="com.cardatechnologies.utils.validators.abaroutevalidator.Test_AbaRouteValidator_15" time="0"/>
  <testcase name="testAbaNumberCheck_33272_bad" classname="com.cardatechnologies.utils.validators.abaroutevalidator.Test_AbaRouteValidator_15" time="0"/>
  <testcase name="testAbaNumberCheck_34086_bad" classname="com.cardatechnologies.utils.validators.abaroutevalidator.Test_AbaRouteValidator_15" time="0"/>
  <testcase name="testAbaNumberCheck_34093_good" classname="com.cardatechnologies.utils.validators.abaroutevalidator.Test_AbaRouteValidator_15" time="0"/>
  <testcase name="testAbaNumberCheck_32910_bad" classname="com.cardatechnologies.utils.validators.abaroutevalidator.Test_AbaRouteValidator_15" time="0"/>
  <testcase name="testAbaNumberCheck_33724_bad" classname="com.cardatechnologies.utils.validators.abaroutevalidator.Test_AbaRouteValidator_15" time="0"/>
  <testcase name="testAbaNumberCheck_33153_good" classname="com.cardatechnologies.utils.validators.abaroutevalidator.Test_AbaRouteValidator_15" time="0"/>
  <testcase name="testAbaNumberCheck_34538_bad" classname="com.cardatechnologies.utils.validators.abaroutevalidator.Test_AbaRouteValidator_15" time="0"/>
  <testcase name="testAbaNumberCheck_33274_bad" classname="com.cardatechnologies.utils.validators.abaroutevalidator.Test_AbaRouteValidator_15" time="0"/>
  <testcase name="testAbaNumberCheck_34088_bad" classname="com.cardatechnologies.utils.validators.abaroutevalidator.Test_AbaRouteValidator_15" time="0"/>
  <testcase name="testAbaNumberCheck_32912_bad" classname="com.cardatechnologies.utils.validators.abaroutevalidator.Test_AbaRouteValidator_15" time="0.001"/>
  <testcase name="testAbaNumberCheck_33726_bad" classname="com.cardatechnologies.utils.validators.abaroutevalidator.Test_AbaRouteValidator_15" time="0"/>
  <testcase name="testAbaNumberCheck_34751_good" classname="com.cardatechnologies.utils.validators.abaroutevalidator.Test_AbaRouteValidator_15" time="0"/>
  <testcase name="testAbaNumberCheck_33276_bad" classname="com.cardatechnologies.utils.validators.abaroutevalidator.Test_AbaRouteValidator_15" time="0"/>
  <testcase name="testAbaNumberCheck_33811_good" classname="com.cardatechnologies.utils.validators.abaroutevalidator.Test_AbaRouteValidator_15" time="0"/>
  <testcase name="testAbaNumberCheck_32914_bad" classname="com.cardatechnologies.utils.validators.abaroutevalidator.Test_AbaRouteValidator_15" time="0"/>
  <testcase name="testAbaNumberCheck_33728_bad" classname="com.cardatechnologies.utils.validators.abaroutevalidator.Test_AbaRouteValidator_15" time="0"/>
  <testcase name="testAbaNumberCheck_33027_good" classname="com.cardatechnologies.utils.validators.abaroutevalidator.Test_AbaRouteValidator_15" time="0"/>
  <testcase name="testAbaNumberCheck_33278_bad" classname="com.cardatechnologies.utils.validators.abaroutevalidator.Test_AbaRouteValidator_15" time="0"/>
  <testcase name="testAbaNumberCheck_32916_bad" classname="com.cardatechnologies.utils.validators.abaroutevalidator.Test_AbaRouteValidator_15" time="0"/>
  <testcase name="testAbaNumberCheck_34625_good" classname="com.cardatechnologies.utils.validators.abaroutevalidator.Test_AbaRouteValidator_15" time="0"/>
  <testcase name="testAbaNumberCheck_32918_bad" classname="com.cardatechnologies.utils.validators.abaroutevalidator.Test_AbaRouteValidator_15" time="0"/>
  <testcase name="testAbaNumberCheck_34463_good" classname="com.cardatechnologies.utils.validators.abaroutevalidator.Test_AbaRouteValidator_15" time="0"/>
  <testcase name="testAbaNumberCheck_33523_good" classname="com.cardatechnologies.utils.validators.abaroutevalidator.Test_AbaRouteValidator_15" time="0"/>
  <testcase name="testAbaNumberCheck_34337_good" classname="com.cardatechnologies.utils.validators.abaroutevalidator.Test_AbaRouteValidator_15" time="0"/>
  <testcase name="testAbaNumberCheck_33361_good" classname="com.cardatechnologies.utils.validators.abaroutevalidator.Test_AbaRouteValidator_15" time="0"/>
  <testcase name="testAbaNumberCheck_34540_bad" classname="com.cardatechnologies.utils.validators.abaroutevalidator.Test_AbaRouteValidator_15" time="0"/>
  <testcase name="testAbaNumberCheck_34090_bad" classname="com.cardatechnologies.utils.validators.abaroutevalidator.Test_AbaRouteValidator_15" time="0"/>
  <testcase name="testAbaNumberCheck_34542_bad" classname="com.cardatechnologies.utils.validators.abaroutevalidator.Test_AbaRouteValidator_15" time="0"/>
  <testcase name="testAbaNumberCheck_34092_bad" classname="com.cardatechnologies.utils.validators.abaroutevalidator.Test_AbaRouteValidator_15" time="0"/>
  <testcase name="testAbaNumberCheck_34175_good" classname="com.cardatechnologies.utils.validators.abaroutevalidator.Test_AbaRouteValidator_15" time="0"/>
  <testcase name="testAbaNumberCheck_33730_bad" classname="com.cardatechnologies.utils.validators.abaroutevalidator.Test_AbaRouteValidator_15" time="0"/>
  <testcase name="testAbaNumberCheck_34544_bad" classname="com.cardatechnologies.utils.validators.abaroutevalidator.Test_AbaRouteValidator_15" time="0"/>
  <testcase name="testAbaNumberCheck_33235_good" classname="com.cardatechnologies.utils.validators.abaroutevalidator.Test_AbaRouteValidator_15" time="0.001"/>
  <testcase name="testAbaNumberCheck_33280_bad" classname="com.cardatechnologies.utils.validators.abaroutevalidator.Test_AbaRouteValidator_15" time="0"/>
  <testcase name="testAbaNumberCheck_34094_bad" classname="com.cardatechnologies.utils.validators.abaroutevalidator.Test_AbaRouteValidator_15" time="0"/>
  <testcase name="testAbaNumberCheck_33732_bad" classname="com.cardatechnologies.utils.validators.abaroutevalidator.Test_AbaRouteValidator_15" time="0"/>
  <testcase name="testAbaNumberCheck_34546_bad" classname="com.cardatechnologies.utils.validators.abaroutevalidator.Test_AbaRouteValidator_15" time="0"/>
  <testcase name="testAbaNumberCheck_34833_good" classname="com.cardatechnologies.utils.validators.abaroutevalidator.Test_AbaRouteValidator_15" time="0"/>
  <testcase name="testAbaNumberCheck_33282_bad" classname="com.cardatechnologies.utils.validators.abaroutevalidator.Test_AbaRouteValidator_15" time="0"/>
  <testcase name="testAbaNumberCheck_34096_bad" classname="com.cardatechnologies.utils.validators.abaroutevalidator.Test_AbaRouteValidator_15" time="0"/>
  <testcase name="testAbaNumberCheck_32920_bad" classname="com.cardatechnologies.utils.validators.abaroutevalidator.Test_AbaRouteValidator_15" time="0"/>
  <testcase name="testAbaNumberCheck_33734_bad" classname="com.cardatechnologies.utils.validators.abaroutevalidator.Test_AbaRouteValidator_15" time="0"/>
  <testcase name="testAbaNumberCheck_34548_bad" classname="com.cardatechnologies.utils.validators.abaroutevalidator.Test_AbaRouteValidator_15" time="0"/>
  <testcase name="testAbaNumberCheck_34049_good" classname="com.cardatechnologies.utils.validators.abaroutevalidator.Test_AbaRouteValidator_15" time="0"/>
  <testcase name="testAbaNumberCheck_33284_bad" classname="com.cardatechnologies.utils.validators.abaroutevalidator.Test_AbaRouteValidator_15" time="0"/>
  <testcase name="testAbaNumberCheck_33109_good" classname="com.cardatechnologies.utils.validators.abaroutevalidator.Test_AbaRouteValidator_15" time="0"/>
  <testcase name="testAbaNumberCheck_34098_bad" classname="com.cardatechnologies.utils.validators.abaroutevalidator.Test_AbaRouteValidator_15" time="0"/>
  <testcase name="testAbaNumberCheck_32922_bad" classname="com.cardatechnologies.utils.validators.abaroutevalidator.Test_AbaRouteValidator_15" time="0"/>
  <testcase name="testAbaNumberCheck_33736_bad" classname="com.cardatechnologies.utils.validators.abaroutevalidator.Test_AbaRouteValidator_15" time="0"/>
  <testcase name="testAbaNumberCheck_33286_bad" classname="com.cardatechnologies.utils.validators.abaroutevalidator.Test_AbaRouteValidator_15" time="0"/>
  <testcase name="testAbaNumberCheck_34707_good" classname="com.cardatechnologies.utils.validators.abaroutevalidator.Test_AbaRouteValidator_15" time="0"/>
  <testcase name="testAbaNumberCheck_32924_bad" classname="com.cardatechnologies.utils.validators.abaroutevalidator.Test_AbaRouteValidator_15" time="0"/>
  <testcase name="testAbaNumberCheck_33073_good" classname="com.cardatechnologies.utils.validators.abaroutevalidator.Test_AbaRouteValidator_15" time="0"/>
  <testcase name="testAbaNumberCheck_33738_bad" classname="com.cardatechnologies.utils.validators.abaroutevalidator.Test_AbaRouteValidator_15" time="0"/>
  <testcase name="testAbaNumberCheck_33288_bad" classname="com.cardatechnologies.utils.validators.abaroutevalidator.Test_AbaRouteValidator_15" time="0.001"/>
  <testcase name="testAbaNumberCheck_32926_bad" classname="com.cardatechnologies.utils.validators.abaroutevalidator.Test_AbaRouteValidator_15" time="0"/>
  <testcase name="testAbaNumberCheck_34671_good" classname="com.cardatechnologies.utils.validators.abaroutevalidator.Test_AbaRouteValidator_15" time="0"/>
  <testcase name="testAbaNumberCheck_33731_good" classname="com.cardatechnologies.utils.validators.abaroutevalidator.Test_AbaRouteValidator_15" time="0"/>
  <testcase name="testAbaNumberCheck_32928_bad" classname="com.cardatechnologies.utils.validators.abaroutevalidator.Test_AbaRouteValidator_15" time="0"/>
  <testcase name="testAbaNumberCheck_34545_good" classname="com.cardatechnologies.utils.validators.abaroutevalidator.Test_AbaRouteValidator_15" time="0"/>
  <testcase name="testAbaNumberCheck_33605_good" classname="com.cardatechnologies.utils.validators.abaroutevalidator.Test_AbaRouteValidator_15" time="0"/>
  <testcase name="testAbaNumberCheck_34419_good" classname="com.cardatechnologies.utils.validators.abaroutevalidator.Test_AbaRouteValidator_15" time="0"/>
  <testcase name="testAbaNumberCheck_34383_good" classname="com.cardatechnologies.utils.validators.abaroutevalidator.Test_AbaRouteValidator_15" time="0"/>
  <testcase name="testAbaNumberCheck_33443_good" classname="com.cardatechnologies.utils.validators.abaroutevalidator.Test_AbaRouteValidator_15" time="0"/>
  <testcase name="testAbaNumberCheck_32503_good" classname="com.cardatechnologies.utils.validators.abaroutevalidator.Test_AbaRouteValidator_15" time="0"/>
  <testcase name="testAbaNumberCheck_34257_good" classname="com.cardatechnologies.utils.validators.abaroutevalidator.Test_AbaRouteValidator_15" time="0"/>
  <testcase name="testAbaNumberCheck_34550_bad" classname="com.cardatechnologies.utils.validators.abaroutevalidator.Test_AbaRouteValidator_15" time="0"/>
  <testcase name="testAbaNumberCheck_33317_good" classname="com.cardatechnologies.utils.validators.abaroutevalidator.Test_AbaRouteValidator_15" time="0"/>
  <testcase name="testAbaNumberCheck_34552_bad" classname="com.cardatechnologies.utils.validators.abaroutevalidator.Test_AbaRouteValidator_15" time="0"/>
  <testcase name="testAbaNumberCheck_34915_good" classname="com.cardatechnologies.utils.validators.abaroutevalidator.Test_AbaRouteValidator_15" time="0"/>
  <testcase name="testAbaNumberCheck_33281_good" classname="com.cardatechnologies.utils.validators.abaroutevalidator.Test_AbaRouteValidator_15" time="0"/>
  <testcase name="testAbaNumberCheck_33740_bad" classname="com.cardatechnologies.utils.validators.abaroutevalidator.Test_AbaRouteValidator_15" time="0"/>
  <testcase name="testAbaNumberCheck_34554_bad" classname="com.cardatechnologies.utils.validators.abaroutevalidator.Test_AbaRouteValidator_15" time="0"/>
  <testcase name="testAbaNumberCheck_33290_bad" classname="com.cardatechnologies.utils.validators.abaroutevalidator.Test_AbaRouteValidator_15" time="0"/>
  <testcase name="testAbaNumberCheck_33742_bad" classname="com.cardatechnologies.utils.validators.abaroutevalidator.Test_AbaRouteValidator_15" time="0"/>
  <testcase name="testAbaNumberCheck_34556_bad" classname="com.cardatechnologies.utils.validators.abaroutevalidator.Test_AbaRouteValidator_15" time="0.001"/>
  <testcase name="testAbaNumberCheck_33292_bad" classname="com.cardatechnologies.utils.validators.abaroutevalidator.Test_AbaRouteValidator_15" time="0"/>
  <testcase name="testAbaNumberCheck_34095_good" classname="com.cardatechnologies.utils.validators.abaroutevalidator.Test_AbaRouteValidator_15" time="0"/>
  <testcase name="testAbaNumberCheck_32930_bad" classname="com.cardatechnologies.utils.validators.abaroutevalidator.Test_AbaRouteValidator_15" time="0"/>
  <testcase name="testAbaNumberCheck_33744_bad" classname="com.cardatechnologies.utils.validators.abaroutevalidator.Test_AbaRouteValidator_15" time="0"/>
  <testcase name="testAbaNumberCheck_33155_good" classname="com.cardatechnologies.utils.validators.abaroutevalidator.Test_AbaRouteValidator_15" time="0"/>
  <testcase name="testAbaNumberCheck_34558_bad" classname="com.cardatechnologies.utils.validators.abaroutevalidator.Test_AbaRouteValidator_15" time="0"/>
  <testcase name="testAbaNumberCheck_33294_bad" classname="com.cardatechnologies.utils.validators.abaroutevalidator.Test_AbaRouteValidator_15" time="0"/>
  <testcase name="testAbaNumberCheck_32932_bad" classname="com.cardatechnologies.utils.validators.abaroutevalidator.Test_AbaRouteValidator_15" time="0"/>
  <testcase name="testAbaNumberCheck_33746_bad" classname="com.cardatechnologies.utils.validators.abaroutevalidator.Test_AbaRouteValidator_15" time="0"/>
  <testcase name="testAbaNumberCheck_34753_good" classname="com.cardatechnologies.utils.validators.abaroutevalidator.Test_AbaRouteValidator_15" time="0"/>
  <testcase name="testAbaNumberCheck_33296_bad" classname="com.cardatechnologies.utils.validators.abaroutevalidator.Test_AbaRouteValidator_15" time="0"/>
  <testcase name="testAbaNumberCheck_33813_good" classname="com.cardatechnologies.utils.validators.abaroutevalidator.Test_AbaRouteValidator_15" time="0"/>
  <testcase name="testAbaNumberCheck_32934_bad" classname="com.cardatechnologies.utils.validators.abaroutevalidator.Test_AbaRouteValidator_15" time="0"/>
  <testcase name="testAbaNumberCheck_33748_bad" classname="com.cardatechnologies.utils.validators.abaroutevalidator.Test_AbaRouteValidator_15" time="0"/>
  <testcase name="testAbaNumberCheck_33029_good" classname="com.cardatechnologies.utils.validators.abaroutevalidator.Test_AbaRouteValidator_15" time="0"/>
  <testcase name="testAbaNumberCheck_33298_bad" classname="com.cardatechnologies.utils.validators.abaroutevalidator.Test_AbaRouteValidator_15" time="0"/>
  <testcase name="testAbaNumberCheck_32936_bad" classname="com.cardatechnologies.utils.validators.abaroutevalidator.Test_AbaRouteValidator_15" time="0"/>
  <testcase name="testAbaNumberCheck_34627_good" classname="com.cardatechnologies.utils.validators.abaroutevalidator.Test_AbaRouteValidator_15" time="0"/>
  <testcase name="testAbaNumberCheck_32938_bad" classname="com.cardatechnologies.utils.validators.abaroutevalidator.Test_AbaRouteValidator_15" time="0"/>
  <testcase name="testAbaNumberCheck_34591_good" classname="com.cardatechnologies.utils.validators.abaroutevalidator.Test_AbaRouteValidator_15" time="0.001"/>
  <testcase name="testAbaNumberCheck_33651_good" classname="com.cardatechnologies.utils.validators.abaroutevalidator.Test_AbaRouteValidator_15" time="0"/>
  <testcase name="testAbaNumberCheck_32711_good" classname="com.cardatechnologies.utils.validators.abaroutevalidator.Test_AbaRouteValidator_15" time="0"/>
  <testcase name="testAbaNumberCheck_34465_good" classname="com.cardatechnologies.utils.validators.abaroutevalidator.Test_AbaRouteValidator_15" time="0"/>
  <testcase name="testAbaNumberCheck_33525_good" classname="com.cardatechnologies.utils.validators.abaroutevalidator.Test_AbaRouteValidator_15" time="0"/>
  <testcase name="testAbaNumberCheck_34339_good" classname="com.cardatechnologies.utils.validators.abaroutevalidator.Test_AbaRouteValidator_15" time="0"/>
  <testcase name="testAbaNumberCheck_33363_good" classname="com.cardatechnologies.utils.validators.abaroutevalidator.Test_AbaRouteValidator_15" time="0"/>
  <testcase name="testAbaNumberCheck_34560_bad" classname="com.cardatechnologies.utils.validators.abaroutevalidator.Test_AbaRouteValidator_15" time="0"/>
  <testcase name="testAbaNumberCheck_34961_good" classname="com.cardatechnologies.utils.validators.abaroutevalidator.Test_AbaRouteValidator_15" time="0"/>
  <testcase name="testAbaNumberCheck_34562_bad" classname="com.cardatechnologies.utils.validators.abaroutevalidator.Test_AbaRouteValidator_15" time="0"/>
  <testcase name="testAbaNumberCheck_34177_good" classname="com.cardatechnologies.utils.validators.abaroutevalidator.Test_AbaRouteValidator_15" time="0"/>
  <testcase name="testAbaNumberCheck_33750_bad" classname="com.cardatechnologies.utils.validators.abaroutevalidator.Test_AbaRouteValidator_15" time="0"/>
  <testcase name="testAbaNumberCheck_34564_bad" classname="com.cardatechnologies.utils.validators.abaroutevalidator.Test_AbaRouteValidator_15" time="0"/>
  <testcase name="testAbaNumberCheck_33237_good" classname="com.cardatechnologies.utils.validators.abaroutevalidator.Test_AbaRouteValidator_15" time="0"/>
  <testcase name="testAbaNumberCheck_33752_bad" classname="com.cardatechnologies.utils.validators.abaroutevalidator.Test_AbaRouteValidator_15" time="0"/>
  <testcase name="testAbaNumberCheck_34566_bad" classname="com.cardatechnologies.utils.validators.abaroutevalidator.Test_AbaRouteValidator_15" time="0"/>
  <testcase name="testAbaNumberCheck_34835_good" classname="com.cardatechnologies.utils.validators.abaroutevalidator.Test_AbaRouteValidator_15" time="0"/>
  <testcase name="testAbaNumberCheck_32940_bad" classname="com.cardatechnologies.utils.validators.abaroutevalidator.Test_AbaRouteValidator_15" time="0"/>
  <testcase name="testAbaNumberCheck_33754_bad" classname="com.cardatechnologies.utils.validators.abaroutevalidator.Test_AbaRouteValidator_15" time="0"/>
  <testcase name="testAbaNumberCheck_34568_bad" classname="com.cardatechnologies.utils.validators.abaroutevalidator.Test_AbaRouteValidator_15" time="0"/>
  <testcase name="testAbaNumberCheck_32942_bad" classname="com.cardatechnologies.utils.validators.abaroutevalidator.Test_AbaRouteValidator_15" time="0"/>
  <testcase name="testAbaNumberCheck_33756_bad" classname="com.cardatechnologies.utils.validators.abaroutevalidator.Test_AbaRouteValidator_15" time="0.001"/>
  <testcase name="testAbaNumberCheck_34709_good" classname="com.cardatechnologies.utils.validators.abaroutevalidator.Test_AbaRouteValidator_15" time="0"/>
  <testcase name="testAbaNumberCheck_32944_bad" classname="com.cardatechnologies.utils.validators.abaroutevalidator.Test_AbaRouteValidator_15" time="0"/>
  <testcase name="testAbaNumberCheck_33075_good" classname="com.cardatechnologies.utils.validators.abaroutevalidator.Test_AbaRouteValidator_15" time="0"/>
  <testcase name="testAbaNumberCheck_33758_bad" classname="com.cardatechnologies.utils.validators.abaroutevalidator.Test_AbaRouteValidator_15" time="0"/>
  <testcase name="testAbaNumberCheck_32946_bad" classname="com.cardatechnologies.utils.validators.abaroutevalidator.Test_AbaRouteValidator_15" time="0"/>
  <testcase name="testAbaNumberCheck_34673_good" classname="com.cardatechnologies.utils.validators.abaroutevalidator.Test_AbaRouteValidator_15" time="0"/>
  <testcase name="testAbaNumberCheck_33733_good" classname="com.cardatechnologies.utils.validators.abaroutevalidator.Test_AbaRouteValidator_15" time="0"/>
  <testcase name="testAbaNumberCheck_32948_bad" classname="com.cardatechnologies.utils.validators.abaroutevalidator.Test_AbaRouteValidator_15" time="0"/>
  <testcase name="testAbaNumberCheck_34547_good" classname="com.cardatechnologies.utils.validators.abaroutevalidator.Test_AbaRouteValidator_15" time="0"/>
  <testcase name="testAbaNumberCheck_33607_good" classname="com.cardatechnologies.utils.validators.abaroutevalidator.Test_AbaRouteValidator_15" time="0"/>
  <testcase name="testAbaNumberCheck_33571_good" classname="com.cardatechnologies.utils.validators.abaroutevalidator.Test_AbaRouteValidator_15" time="0"/>
  <testcase name="testAbaNumberCheck_32631_good" classname="com.cardatechnologies.utils.validators.abaroutevalidator.Test_AbaRouteValidator_15" time="0"/>
  <testcase name="testAbaNumberCheck_34385_good" classname="com.cardatechnologies.utils.validators.abaroutevalidator.Test_AbaRouteValidator_15" time="0"/>
  <testcase name="testAbaNumberCheck_33445_good" classname="com.cardatechnologies.utils.validators.abaroutevalidator.Test_AbaRouteValidator_15" time="0"/>
  <testcase name="testAbaNumberCheck_32505_good" classname="com.cardatechnologies.utils.validators.abaroutevalidator.Test_AbaRouteValidator_15" time="0"/>
  <testcase name="testAbaNumberCheck_34259_good" classname="com.cardatechnologies.utils.validators.abaroutevalidator.Test_AbaRouteValidator_15" time="0"/>
  <testcase name="testAbaNumberCheck_34570_bad" classname="com.cardatechnologies.utils.validators.abaroutevalidator.Test_AbaRouteValidator_15" time="0"/>
  <testcase name="testAbaNumberCheck_33319_good" classname="com.cardatechnologies.utils.validators.abaroutevalidator.Test_AbaRouteValidator_15" time="0"/>
  <testcase name="testAbaNumberCheck_34572_bad" classname="com.cardatechnologies.utils.validators.abaroutevalidator.Test_AbaRouteValidator_15" time="0"/>
  <testcase name="testAbaNumberCheck_34917_good" classname="com.cardatechnologies.utils.validators.abaroutevalidator.Test_AbaRouteValidator_15" time="0"/>
  <testcase name="testAbaNumberCheck_33283_good" classname="com.cardatechnologies.utils.validators.abaroutevalidator.Test_AbaRouteValidator_15" time="0.001"/>
  <testcase name="testAbaNumberCheck_33760_bad" classname="com.cardatechnologies.utils.validators.abaroutevalidator.Test_AbaRouteValidator_15" time="0"/>
  <testcase name="testAbaNumberCheck_34574_bad" classname="com.cardatechnologies.utils.validators.abaroutevalidator.Test_AbaRouteValidator_15" time="0"/>
  <testcase name="testAbaNumberCheck_34881_good" classname="com.cardatechnologies.utils.validators.abaroutevalidator.Test_AbaRouteValidator_15" time="0"/>
  <testcase name="testAbaNumberCheck_33762_bad" classname="com.cardatechnologies.utils.validators.abaroutevalidator.Test_AbaRouteValidator_15" time="0"/>
  <testcase name="testAbaNumberCheck_34576_bad" classname="com.cardatechnologies.utils.validators.abaroutevalidator.Test_AbaRouteValidator_15" time="0"/>
  <testcase name="testAbaNumberCheck_33941_good" classname="com.cardatechnologies.utils.validators.abaroutevalidator.Test_AbaRouteValidator_15" time="0"/>
  <testcase name="testAbaNumberCheck_34097_good" classname="com.cardatechnologies.utils.validators.abaroutevalidator.Test_AbaRouteValidator_15" time="0"/>
  <testcase name="testAbaNumberCheck_32950_bad" classname="com.cardatechnologies.utils.validators.abaroutevalidator.Test_AbaRouteValidator_15" time="0"/>
  <testcase name="testAbaNumberCheck_33764_bad" classname="com.cardatechnologies.utils.validators.abaroutevalidator.Test_AbaRouteValidator_15" time="0"/>
  <testcase name="testAbaNumberCheck_33157_good" classname="com.cardatechnologies.utils.validators.abaroutevalidator.Test_AbaRouteValidator_15" time="0"/>
  <testcase name="testAbaNumberCheck_34578_bad" classname="com.cardatechnologies.utils.validators.abaroutevalidator.Test_AbaRouteValidator_15" time="0"/>
  <testcase name="testAbaNumberCheck_32952_bad" classname="com.cardatechnologies.utils.validators.abaroutevalidator.Test_AbaRouteValidator_15" time="0"/>
  <testcase name="testAbaNumberCheck_33766_bad" classname="com.cardatechnologies.utils.validators.abaroutevalidator.Test_AbaRouteValidator_15" time="0"/>
  <testcase name="testAbaNumberCheck_34755_good" classname="com.cardatechnologies.utils.validators.abaroutevalidator.Test_AbaRouteValidator_15" time="0"/>
  <testcase name="testAbaNumberCheck_33815_good" classname="com.cardatechnologies.utils.validators.abaroutevalidator.Test_AbaRouteValidator_15" time="0"/>
  <testcase name="testAbaNumberCheck_32954_bad" classname="com.cardatechnologies.utils.validators.abaroutevalidator.Test_AbaRouteValidator_15" time="0"/>
  <testcase name="testAbaNumberCheck_33768_bad" classname="com.cardatechnologies.utils.validators.abaroutevalidator.Test_AbaRouteValidator_15" time="0"/>
  <testcase name="testAbaNumberCheck_32956_bad" classname="com.cardatechnologies.utils.validators.abaroutevalidator.Test_AbaRouteValidator_15" time="0"/>
  <testcase name="testAbaNumberCheck_34629_good" classname="com.cardatechnologies.utils.validators.abaroutevalidator.Test_AbaRouteValidator_15" time="0"/>
  <testcase name="testAbaNumberCheck_32958_bad" classname="com.cardatechnologies.utils.validators.abaroutevalidator.Test_AbaRouteValidator_15" time="0"/>
  <testcase name="testAbaNumberCheck_34593_good" classname="com.cardatechnologies.utils.validators.abaroutevalidator.Test_AbaRouteValidator_15" time="0"/>
  <testcase name="testAbaNumberCheck_33653_good" classname="com.cardatechnologies.utils.validators.abaroutevalidator.Test_AbaRouteValidator_15" time="0"/>
  <testcase name="testAbaNumberCheck_32713_good" classname="com.cardatechnologies.utils.validators.abaroutevalidator.Test_AbaRouteValidator_15" time="0"/>
  <testcase name="testAbaNumberCheck_34467_good" classname="com.cardatechnologies.utils.validators.abaroutevalidator.Test_AbaRouteValidator_15" time="0"/>
  <testcase name="testAbaNumberCheck_33527_good" classname="com.cardatechnologies.utils.validators.abaroutevalidator.Test_AbaRouteValidator_15" time="0"/>
  <testcase name="testAbaNumberCheck_33491_good" classname="com.cardatechnologies.utils.validators.abaroutevalidator.Test_AbaRouteValidator_15" time="0"/>
  <testcase name="testAbaNumberCheck_32551_good" classname="com.cardatechnologies.utils.validators.abaroutevalidator.Test_AbaRouteValidator_15" time="0"/>
  <testcase name="testAbaNumberCheck_33365_good" classname="com.cardatechnologies.utils.validators.abaroutevalidator.Test_AbaRouteValidator_15" time="0"/>
  <testcase name="testAbaNumberCheck_34580_bad" classname="com.cardatechnologies.utils.validators.abaroutevalidator.Test_AbaRouteValidator_15" time="0"/>
  <testcase name="testAbaNumberCheck_34963_good" classname="com.cardatechnologies.utils.validators.abaroutevalidator.Test_AbaRouteValidator_15" time="0"/>
  <testcase name="testAbaNumberCheck_34582_bad" classname="com.cardatechnologies.utils.validators.abaroutevalidator.Test_AbaRouteValidator_15" time="0"/>
  <testcase name="testAbaNumberCheck_34179_good" classname="com.cardatechnologies.utils.validators.abaroutevalidator.Test_AbaRouteValidator_15" time="0"/>
  <testcase name="testAbaNumberCheck_33770_bad" classname="com.cardatechnologies.utils.validators.abaroutevalidator.Test_AbaRouteValidator_15" time="0"/>
  <testcase name="testAbaNumberCheck_34584_bad" classname="com.cardatechnologies.utils.validators.abaroutevalidator.Test_AbaRouteValidator_15" time="0"/>
  <testcase name="testAbaNumberCheck_33239_good" classname="com.cardatechnologies.utils.validators.abaroutevalidator.Test_AbaRouteValidator_15" time="0"/>
  <testcase name="testAbaNumberCheck_33772_bad" classname="com.cardatechnologies.utils.validators.abaroutevalidator.Test_AbaRouteValidator_15" time="0"/>
  <testcase name="testAbaNumberCheck_34586_bad" classname="com.cardatechnologies.utils.validators.abaroutevalidator.Test_AbaRouteValidator_15" time="0"/>
  <testcase name="testAbaNumberCheck_34837_good" classname="com.cardatechnologies.utils.validators.abaroutevalidator.Test_AbaRouteValidator_15" time="0"/>
  <testcase name="testAbaNumberCheck_32960_bad" classname="com.cardatechnologies.utils.validators.abaroutevalidator.Test_AbaRouteValidator_15" time="0"/>
  <testcase name="testAbaNumberCheck_33774_bad" classname="com.cardatechnologies.utils.validators.abaroutevalidator.Test_AbaRouteValidator_15" time="0"/>
  <testcase name="testAbaNumberCheck_34588_bad" classname="com.cardatechnologies.utils.validators.abaroutevalidator.Test_AbaRouteValidator_15" time="0"/>
  <testcase name="testAbaNumberCheck_32962_bad" classname="com.cardatechnologies.utils.validators.abaroutevalidator.Test_AbaRouteValidator_15" time="0.001"/>
  <testcase name="testAbaNumberCheck_33776_bad" classname="com.cardatechnologies.utils.validators.abaroutevalidator.Test_AbaRouteValidator_15" time="0"/>
  <testcase name="testAbaNumberCheck_33861_good" classname="com.cardatechnologies.utils.validators.abaroutevalidator.Test_AbaRouteValidator_15" time="0"/>
  <testcase name="testAbaNumberCheck_32921_good" classname="com.cardatechnologies.utils.validators.abaroutevalidator.Test_AbaRouteValidator_15" time="0"/>
  <testcase name="testAbaNumberCheck_32964_bad" classname="com.cardatechnologies.utils.validators.abaroutevalidator.Test_AbaRouteValidator_15" time="0"/>
  <testcase name="testAbaNumberCheck_33077_good" classname="com.cardatechnologies.utils.validators.abaroutevalidator.Test_AbaRouteValidator_15" time="0"/>
  <testcase name="testAbaNumberCheck_33778_bad" classname="com.cardatechnologies.utils.validators.abaroutevalidator.Test_AbaRouteValidator_15" time="0"/>
  <testcase name="testAbaNumberCheck_32966_bad" classname="com.cardatechnologies.utils.validators.abaroutevalidator.Test_AbaRouteValidator_15" time="0"/>
  <testcase name="testAbaNumberCheck_34675_good" classname="com.cardatechnologies.utils.validators.abaroutevalidator.Test_AbaRouteValidator_15" time="0"/>
  <testcase name="testAbaNumberCheck_33735_good" classname="com.cardatechnologies.utils.validators.abaroutevalidator.Test_AbaRouteValidator_15" time="0"/>
  <testcase name="testAbaNumberCheck_32968_bad" classname="com.cardatechnologies.utils.validators.abaroutevalidator.Test_AbaRouteValidator_15" time="0"/>
  <testcase name="testAbaNumberCheck_34549_good" classname="com.cardatechnologies.utils.validators.abaroutevalidator.Test_AbaRouteValidator_15" time="0"/>
  <testcase name="testAbaNumberCheck_33609_good" classname="com.cardatechnologies.utils.validators.abaroutevalidator.Test_AbaRouteValidator_15" time="0"/>
  <testcase name="testAbaNumberCheck_33573_good" classname="com.cardatechnologies.utils.validators.abaroutevalidator.Test_AbaRouteValidator_15" time="0"/>
  <testcase name="testAbaNumberCheck_32633_good" classname="com.cardatechnologies.utils.validators.abaroutevalidator.Test_AbaRouteValidator_15" time="0"/>
  <testcase name="testAbaNumberCheck_34387_good" classname="com.cardatechnologies.utils.validators.abaroutevalidator.Test_AbaRouteValidator_15" time="0"/>
  <testcase name="testAbaNumberCheck_33447_good" classname="com.cardatechnologies.utils.validators.abaroutevalidator.Test_AbaRouteValidator_15" time="0"/>
  <testcase name="testAbaNumberCheck_32507_good" classname="com.cardatechnologies.utils.validators.abaroutevalidator.Test_AbaRouteValidator_15" time="0"/>
  <testcase name="testAbaNumberCheck_34590_bad" classname="com.cardatechnologies.utils.validators.abaroutevalidator.Test_AbaRouteValidator_15" time="0"/>
  <testcase name="testAbaNumberCheck_34592_bad" classname="com.cardatechnologies.utils.validators.abaroutevalidator.Test_AbaRouteValidator_15" time="0"/>
  <testcase name="testAbaNumberCheck_34919_good" classname="com.cardatechnologies.utils.validators.abaroutevalidator.Test_AbaRouteValidator_15" time="0"/>
  <testcase name="testAbaNumberCheck_33285_good" classname="com.cardatechnologies.utils.validators.abaroutevalidator.Test_AbaRouteValidator_15" time="0"/>
  <testcase name="testAbaNumberCheck_33780_bad" classname="com.cardatechnologies.utils.validators.abaroutevalidator.Test_AbaRouteValidator_15" time="0"/>
  <testcase name="testAbaNumberCheck_34594_bad" classname="com.cardatechnologies.utils.validators.abaroutevalidator.Test_AbaRouteValidator_15" time="0"/>
  <testcase name="testAbaNumberCheck_34883_good" classname="com.cardatechnologies.utils.validators.abaroutevalidator.Test_AbaRouteValidator_15" time="0"/>
  <testcase name="testAbaNumberCheck_33782_bad" classname="com.cardatechnologies.utils.validators.abaroutevalidator.Test_AbaRouteValidator_15" time="0"/>
  <testcase name="testAbaNumberCheck_34596_bad" classname="com.cardatechnologies.utils.validators.abaroutevalidator.Test_AbaRouteValidator_15" time="0"/>
  <testcase name="testAbaNumberCheck_33943_good" classname="com.cardatechnologies.utils.validators.abaroutevalidator.Test_AbaRouteValidator_15" time="0"/>
  <testcase name="testAbaNumberCheck_34099_good" classname="com.cardatechnologies.utils.validators.abaroutevalidator.Test_AbaRouteValidator_15" time="0"/>
  <testcase name="testAbaNumberCheck_32970_bad" classname="com.cardatechnologies.utils.validators.abaroutevalidator.Test_AbaRouteValidator_15" time="0"/>
  <testcase name="testAbaNumberCheck_33784_bad" classname="com.cardatechnologies.utils.validators.abaroutevalidator.Test_AbaRouteValidator_15" time="0"/>
  <testcase name="testAbaNumberCheck_33159_good" classname="com.cardatechnologies.utils.validators.abaroutevalidator.Test_AbaRouteValidator_15" time="0"/>
  <testcase name="testAbaNumberCheck_34598_bad" classname="com.cardatechnologies.utils.validators.abaroutevalidator.Test_AbaRouteValidator_15" time="0"/>
  <testcase name="testAbaNumberCheck_32972_bad" classname="com.cardatechnologies.utils.validators.abaroutevalidator.Test_AbaRouteValidator_15" time="0"/>
  <testcase name="testAbaNumberCheck_33786_bad" classname="com.cardatechnologies.utils.validators.abaroutevalidator.Test_AbaRouteValidator_15" time="0"/>
  <testcase name="testAbaNumberCheck_34757_good" classname="com.cardatechnologies.utils.validators.abaroutevalidator.Test_AbaRouteValidator_15" time="0"/>
  <testcase name="testAbaNumberCheck_33817_good" classname="com.cardatechnologies.utils.validators.abaroutevalidator.Test_AbaRouteValidator_15" time="0"/>
  <testcase name="testAbaNumberCheck_32974_bad" classname="com.cardatechnologies.utils.validators.abaroutevalidator.Test_AbaRouteValidator_15" time="0"/>
  <testcase name="testAbaNumberCheck_33788_bad" classname="com.cardatechnologies.utils.validators.abaroutevalidator.Test_AbaRouteValidator_15" time="0"/>
  <testcase name="testAbaNumberCheck_32976_bad" classname="com.cardatechnologies.utils.validators.abaroutevalidator.Test_AbaRouteValidator_15" time="0"/>
  <testcase name="testAbaNumberCheck_33781_good" classname="com.cardatechnologies.utils.validators.abaroutevalidator.Test_AbaRouteValidator_15" time="0"/>
  <testcase name="testAbaNumberCheck_32841_good" classname="com.cardatechnologies.utils.validators.abaroutevalidator.Test_AbaRouteValidator_15" time="0"/>
  <testcase name="testAbaNumberCheck_32978_bad" classname="com.cardatechnologies.utils.validators.abaroutevalidator.Test_AbaRouteValidator_15" time="0"/>
  <testcase name="testAbaNumberCheck_34595_good" classname="com.cardatechnologies.utils.validators.abaroutevalidator.Test_AbaRouteValidator_15" time="0"/>
  <testcase name="testAbaNumberCheck_33655_good" classname="com.cardatechnologies.utils.validators.abaroutevalidator.Test_AbaRouteValidator_15" time="0"/>
  <testcase name="testAbaNumberCheck_32715_good" classname="com.cardatechnologies.utils.validators.abaroutevalidator.Test_AbaRouteValidator_15" time="0"/>
  <testcase name="testAbaNumberCheck_34469_good" classname="com.cardatechnologies.utils.validators.abaroutevalidator.Test_AbaRouteValidator_15" time="0"/>
  <testcase name="testAbaNumberCheck_33529_good" classname="com.cardatechnologies.utils.validators.abaroutevalidator.Test_AbaRouteValidator_15" time="0"/>
  <testcase name="testAbaNumberCheck_33493_good" classname="com.cardatechnologies.utils.validators.abaroutevalidator.Test_AbaRouteValidator_15" time="0"/>
  <testcase name="testAbaNumberCheck_32553_good" classname="com.cardatechnologies.utils.validators.abaroutevalidator.Test_AbaRouteValidator_15" time="0"/>
  <testcase name="testAbaNumberCheck_33367_good" classname="com.cardatechnologies.utils.validators.abaroutevalidator.Test_AbaRouteValidator_15" time="0"/>
  <testcase name="testAbaNumberCheck_34965_good" classname="com.cardatechnologies.utils.validators.abaroutevalidator.Test_AbaRouteValidator_15" time="0"/>
  <testcase name="testAbaNumberCheck_33790_bad" classname="com.cardatechnologies.utils.validators.abaroutevalidator.Test_AbaRouteValidator_15" time="0"/>
  <testcase name="testAbaNumberCheck_33792_bad" classname="com.cardatechnologies.utils.validators.abaroutevalidator.Test_AbaRouteValidator_15" time="0"/>
  <testcase name="testAbaNumberCheck_34839_good" classname="com.cardatechnologies.utils.validators.abaroutevalidator.Test_AbaRouteValidator_15" time="0"/>
  <testcase name="testAbaNumberCheck_32980_bad" classname="com.cardatechnologies.utils.validators.abaroutevalidator.Test_AbaRouteValidator_15" time="0"/>
  <testcase name="testAbaNumberCheck_33794_bad" classname="com.cardatechnologies.utils.validators.abaroutevalidator.Test_AbaRouteValidator_15" time="0"/>
  <testcase name="testAbaNumberCheck_32982_bad" classname="com.cardatechnologies.utils.validators.abaroutevalidator.Test_AbaRouteValidator_15" time="0"/>
  <testcase name="testAbaNumberCheck_33796_bad" classname="com.cardatechnologies.utils.validators.abaroutevalidator.Test_AbaRouteValidator_15" time="0"/>
  <testcase name="testAbaNumberCheck_33863_good" classname="com.cardatechnologies.utils.validators.abaroutevalidator.Test_AbaRouteValidator_15" time="0"/>
  <testcase name="testAbaNumberCheck_32923_good" classname="com.cardatechnologies.utils.validators.abaroutevalidator.Test_AbaRouteValidator_15" time="0"/>
  <testcase name="testAbaNumberCheck_32984_bad" classname="com.cardatechnologies.utils.validators.abaroutevalidator.Test_AbaRouteValidator_15" time="0"/>
  <testcase name="testAbaNumberCheck_33079_good" classname="com.cardatechnologies.utils.validators.abaroutevalidator.Test_AbaRouteValidator_15" time="0"/>
  <testcase name="testAbaNumberCheck_33798_bad" classname="com.cardatechnologies.utils.validators.abaroutevalidator.Test_AbaRouteValidator_15" time="0"/>
  <testcase name="testAbaNumberCheck_32986_bad" classname="com.cardatechnologies.utils.validators.abaroutevalidator.Test_AbaRouteValidator_15" time="0"/>
  <testcase name="testAbaNumberCheck_34677_good" classname="com.cardatechnologies.utils.validators.abaroutevalidator.Test_AbaRouteValidator_15" time="0"/>
  <testcase name="testAbaNumberCheck_33737_good" classname="com.cardatechnologies.utils.validators.abaroutevalidator.Test_AbaRouteValidator_15" time="0"/>
  <testcase name="testAbaNumberCheck_32988_bad" classname="com.cardatechnologies.utils.validators.abaroutevalidator.Test_AbaRouteValidator_15" time="0"/>
  <testcase name="testAbaNumberCheck_32761_good" classname="com.cardatechnologies.utils.validators.abaroutevalidator.Test_AbaRouteValidator_15" time="0"/>
  <testcase name="testAbaNumberCheck_33575_good" classname="com.cardatechnologies.utils.validators.abaroutevalidator.Test_AbaRouteValidator_15" time="0"/>
  <testcase name="testAbaNumberCheck_32635_good" classname="com.cardatechnologies.utils.validators.abaroutevalidator.Test_AbaRouteValidator_15" time="0"/>
  <testcase name="testAbaNumberCheck_34389_good" classname="com.cardatechnologies.utils.validators.abaroutevalidator.Test_AbaRouteValidator_15" time="0"/>
  <testcase name="testAbaNumberCheck_33449_good" classname="com.cardatechnologies.utils.validators.abaroutevalidator.Test_AbaRouteValidator_15" time="0"/>
  <testcase name="testAbaNumberCheck_32509_good" classname="com.cardatechnologies.utils.validators.abaroutevalidator.Test_AbaRouteValidator_15" time="0"/>
  <testcase name="testAbaNumberCheck_33287_good" classname="com.cardatechnologies.utils.validators.abaroutevalidator.Test_AbaRouteValidator_15" time="0"/>
  <testcase name="testAbaNumberCheck_34885_good" classname="com.cardatechnologies.utils.validators.abaroutevalidator.Test_AbaRouteValidator_15" time="0"/>
  <testcase name="testAbaNumberCheck_33945_good" classname="com.cardatechnologies.utils.validators.abaroutevalidator.Test_AbaRouteValidator_15" time="0"/>
  <testcase name="testAbaNumberCheck_32990_bad" classname="com.cardatechnologies.utils.validators.abaroutevalidator.Test_AbaRouteValidator_15" time="0"/>
  <testcase name="testAbaNumberCheck_32992_bad" classname="com.cardatechnologies.utils.validators.abaroutevalidator.Test_AbaRouteValidator_15" time="0"/>
  <testcase name="testAbaNumberCheck_34759_good" classname="com.cardatechnologies.utils.validators.abaroutevalidator.Test_AbaRouteValidator_15" time="0"/>
  <testcase name="testAbaNumberCheck_33819_good" classname="com.cardatechnologies.utils.validators.abaroutevalidator.Test_AbaRouteValidator_15" time="0"/>
  <testcase name="testAbaNumberCheck_32994_bad" classname="com.cardatechnologies.utils.validators.abaroutevalidator.Test_AbaRouteValidator_15" time="0"/>
  <testcase name="testAbaNumberCheck_32996_bad" classname="com.cardatechnologies.utils.validators.abaroutevalidator.Test_AbaRouteValidator_15" time="0"/>
  <testcase name="testAbaNumberCheck_33783_good" classname="com.cardatechnologies.utils.validators.abaroutevalidator.Test_AbaRouteValidator_15" time="0"/>
  <testcase name="testAbaNumberCheck_32843_good" classname="com.cardatechnologies.utils.validators.abaroutevalidator.Test_AbaRouteValidator_15" time="0"/>
  <testcase name="testAbaNumberCheck_32998_bad" classname="com.cardatechnologies.utils.validators.abaroutevalidator.Test_AbaRouteValidator_15" time="0.001"/>
  <testcase name="testAbaNumberCheck_34597_good" classname="com.cardatechnologies.utils.validators.abaroutevalidator.Test_AbaRouteValidator_15" time="0"/>
  <testcase name="testAbaNumberCheck_33657_good" classname="com.cardatechnologies.utils.validators.abaroutevalidator.Test_AbaRouteValidator_15" time="0"/>
  <testcase name="testAbaNumberCheck_32717_good" classname="com.cardatechnologies.utils.validators.abaroutevalidator.Test_AbaRouteValidator_15" time="0"/>
  <testcase name="testAbaNumberCheck_32681_good" classname="com.cardatechnologies.utils.validators.abaroutevalidator.Test_AbaRouteValidator_15" time="0"/>
  <testcase name="testAbaNumberCheck_33495_good" classname="com.cardatechnologies.utils.validators.abaroutevalidator.Test_AbaRouteValidator_15" time="0"/>
  <testcase name="testAbaNumberCheck_32555_good" classname="com.cardatechnologies.utils.validators.abaroutevalidator.Test_AbaRouteValidator_15" time="0"/>
  <testcase name="testAbaNumberCheck_33369_good" classname="com.cardatechnologies.utils.validators.abaroutevalidator.Test_AbaRouteValidator_15" time="0"/>
  <testcase name="testAbaNumberCheck_34967_good" classname="com.cardatechnologies.utils.validators.abaroutevalidator.Test_AbaRouteValidator_15" time="0"/>
  <testcase name="testAbaNumberCheck_33991_good" classname="com.cardatechnologies.utils.validators.abaroutevalidator.Test_AbaRouteValidator_15" time="0"/>
  <testcase name="testAbaNumberCheck_33865_good" classname="com.cardatechnologies.utils.validators.abaroutevalidator.Test_AbaRouteValidator_15" time="0"/>
  <testcase name="testAbaNumberCheck_32925_good" classname="com.cardatechnologies.utils.validators.abaroutevalidator.Test_AbaRouteValidator_15" time="0"/>
  <testcase name="testAbaNumberCheck_34679_good" classname="com.cardatechnologies.utils.validators.abaroutevalidator.Test_AbaRouteValidator_15" time="0"/>
  <testcase name="testAbaNumberCheck_33739_good" classname="com.cardatechnologies.utils.validators.abaroutevalidator.Test_AbaRouteValidator_15" time="0"/>
  <testcase name="testAbaNumberCheck_32763_good" classname="com.cardatechnologies.utils.validators.abaroutevalidator.Test_AbaRouteValidator_15" time="0"/>
  <testcase name="testAbaNumberCheck_33577_good" classname="com.cardatechnologies.utils.validators.abaroutevalidator.Test_AbaRouteValidator_15" time="0"/>
  <testcase name="testAbaNumberCheck_32637_good" classname="com.cardatechnologies.utils.validators.abaroutevalidator.Test_AbaRouteValidator_15" time="0"/>
  <testcase name="testAbaNumberCheck_33289_good" classname="com.cardatechnologies.utils.validators.abaroutevalidator.Test_AbaRouteValidator_15" time="0"/>
  <testcase name="testAbaNumberCheck_34887_good" classname="com.cardatechnologies.utils.validators.abaroutevalidator.Test_AbaRouteValidator_15" time="0"/>
  <testcase name="testAbaNumberCheck_33947_good" classname="com.cardatechnologies.utils.validators.abaroutevalidator.Test_AbaRouteValidator_15" time="0"/>
  <testcase name="testAbaNumberCheck_32971_good" classname="com.cardatechnologies.utils.validators.abaroutevalidator.Test_AbaRouteValidator_15" time="0"/>
  <testcase name="testAbaNumberCheck_33785_good" classname="com.cardatechnologies.utils.validators.abaroutevalidator.Test_AbaRouteValidator_15" time="0"/>
  <testcase name="testAbaNumberCheck_32845_good" classname="com.cardatechnologies.utils.validators.abaroutevalidator.Test_AbaRouteValidator_15" time="0"/>
  <testcase name="testAbaNumberCheck_34599_good" classname="com.cardatechnologies.utils.validators.abaroutevalidator.Test_AbaRouteValidator_15" time="0"/>
  <testcase name="testAbaNumberCheck_33659_good" classname="com.cardatechnologies.utils.validators.abaroutevalidator.Test_AbaRouteValidator_15" time="0"/>
  <testcase name="testAbaNumberCheck_32719_good" classname="com.cardatechnologies.utils.validators.abaroutevalidator.Test_AbaRouteValidator_15" time="0"/>
  <testcase name="testAbaNumberCheck_32683_good" classname="com.cardatechnologies.utils.validators.abaroutevalidator.Test_AbaRouteValidator_15" time="0"/>
  <testcase name="testAbaNumberCheck_33497_good" classname="com.cardatechnologies.utils.validators.abaroutevalidator.Test_AbaRouteValidator_15" time="0"/>
  <testcase name="testAbaNumberCheck_32557_good" classname="com.cardatechnologies.utils.validators.abaroutevalidator.Test_AbaRouteValidator_15" time="0"/>
  <testcase name="testAbaNumberCheck_34969_good" classname="com.cardatechnologies.utils.validators.abaroutevalidator.Test_AbaRouteValidator_15" time="0"/>
  <testcase name="testAbaNumberCheck_33993_good" classname="com.cardatechnologies.utils.validators.abaroutevalidator.Test_AbaRouteValidator_15" time="0"/>
  <testcase name="testAbaNumberCheck_33867_good" classname="com.cardatechnologies.utils.validators.abaroutevalidator.Test_AbaRouteValidator_15" time="0"/>
  <testcase name="testAbaNumberCheck_32927_good" classname="com.cardatechnologies.utils.validators.abaroutevalidator.Test_AbaRouteValidator_15" time="0"/>
  <testcase name="testAbaNumberCheck_32891_good" classname="com.cardatechnologies.utils.validators.abaroutevalidator.Test_AbaRouteValidator_15" time="0"/>
  <testcase name="testAbaNumberCheck_32765_good" classname="com.cardatechnologies.utils.validators.abaroutevalidator.Test_AbaRouteValidator_15" time="0"/>
  <testcase name="testAbaNumberCheck_33579_good" classname="com.cardatechnologies.utils.validators.abaroutevalidator.Test_AbaRouteValidator_15" time="0"/>
  <testcase name="testAbaNumberCheck_32639_good" classname="com.cardatechnologies.utils.validators.abaroutevalidator.Test_AbaRouteValidator_15" time="0"/>
  <testcase name="testAbaNumberCheck_34889_good" classname="com.cardatechnologies.utils.validators.abaroutevalidator.Test_AbaRouteValidator_15" time="0"/>
  <testcase name="testAbaNumberCheck_33949_good" classname="com.cardatechnologies.utils.validators.abaroutevalidator.Test_AbaRouteValidator_15" time="0"/>
  <testcase name="testAbaNumberCheck_32973_good" classname="com.cardatechnologies.utils.validators.abaroutevalidator.Test_AbaRouteValidator_15" time="0"/>
  <testcase name="testAbaNumberCheck_33787_good" classname="com.cardatechnologies.utils.validators.abaroutevalidator.Test_AbaRouteValidator_15" time="0"/>
  <testcase name="testAbaNumberCheck_32847_good" classname="com.cardatechnologies.utils.validators.abaroutevalidator.Test_AbaRouteValidator_15" time="0"/>
  <testcase name="testAbaNumberCheck_32685_good" classname="com.cardatechnologies.utils.validators.abaroutevalidator.Test_AbaRouteValidator_15" time="0"/>
  <testcase name="testAbaNumberCheck_33499_good" classname="com.cardatechnologies.utils.validators.abaroutevalidator.Test_AbaRouteValidator_15" time="0"/>
  <testcase name="testAbaNumberCheck_32559_good" classname="com.cardatechnologies.utils.validators.abaroutevalidator.Test_AbaRouteValidator_15" time="0.005"/>
  <testcase name="testAbaNumberCheck_33995_good" classname="com.cardatechnologies.utils.validators.abaroutevalidator.Test_AbaRouteValidator_15" time="0"/>
  <testcase name="testAbaNumberCheck_33869_good" classname="com.cardatechnologies.utils.validators.abaroutevalidator.Test_AbaRouteValidator_15" time="0"/>
  <testcase name="testAbaNumberCheck_32929_good" classname="com.cardatechnologies.utils.validators.abaroutevalidator.Test_AbaRouteValidator_15" time="0"/>
  <testcase name="testAbaNumberCheck_32893_good" classname="com.cardatechnologies.utils.validators.abaroutevalidator.Test_AbaRouteValidator_15" time="0"/>
  <testcase name="testAbaNumberCheck_32767_good" classname="com.cardatechnologies.utils.validators.abaroutevalidator.Test_AbaRouteValidator_15" time="0"/>
  <testcase name="testAbaNumberCheck_32975_good" classname="com.cardatechnologies.utils.validators.abaroutevalidator.Test_AbaRouteValidator_15" time="0"/>
  <testcase name="testAbaNumberCheck_33789_good" classname="com.cardatechnologies.utils.validators.abaroutevalidator.Test_AbaRouteValidator_15" time="0"/>
  <testcase name="testAbaNumberCheck_32849_good" classname="com.cardatechnologies.utils.validators.abaroutevalidator.Test_AbaRouteValidator_15" time="0"/>
  <testcase name="testAbaNumberCheck_32687_good" classname="com.cardatechnologies.utils.validators.abaroutevalidator.Test_AbaRouteValidator_15" time="0"/>
  <testcase name="testAbaNumberCheck_33997_good" classname="com.cardatechnologies.utils.validators.abaroutevalidator.Test_AbaRouteValidator_15" time="0"/>
  <testcase name="testAbaNumberCheck_32895_good" classname="com.cardatechnologies.utils.validators.abaroutevalidator.Test_AbaRouteValidator_15" time="0"/>
  <testcase name="testAbaNumberCheck_32769_good" classname="com.cardatechnologies.utils.validators.abaroutevalidator.Test_AbaRouteValidator_15" time="0"/>
  <testcase name="testAbaNumberCheck_32977_good" classname="com.cardatechnologies.utils.validators.abaroutevalidator.Test_AbaRouteValidator_15" time="0"/>
  <testcase name="testAbaNumberCheck_32689_good" classname="com.cardatechnologies.utils.validators.abaroutevalidator.Test_AbaRouteValidator_15" time="0"/>
  <testcase name="testAbaNumberCheck_33999_good" classname="com.cardatechnologies.utils.validators.abaroutevalidator.Test_AbaRouteValidator_15" time="0"/>
  <testcase name="testAbaNumberCheck_32897_good" classname="com.cardatechnologies.utils.validators.abaroutevalidator.Test_AbaRouteValidator_15" time="0"/>
  <testcase name="testAbaNumberCheck_32979_good" classname="com.cardatechnologies.utils.validators.abaroutevalidator.Test_AbaRouteValidator_15" time="0"/>
  <testcase name="testAbaNumberCheck_34001_good" classname="com.cardatechnologies.utils.validators.abaroutevalidator.Test_AbaRouteValidator_15" time="0"/>
  <testcase name="testAbaNumberCheck_32899_good" classname="com.cardatechnologies.utils.validators.abaroutevalidator.Test_AbaRouteValidator_15" time="0"/>
  <testcase name="testAbaNumberCheck_34003_good" classname="com.cardatechnologies.utils.validators.abaroutevalidator.Test_AbaRouteValidator_15" time="0"/>
  <testcase name="testAbaNumberCheck_34211_good" classname="com.cardatechnologies.utils.validators.abaroutevalidator.Test_AbaRouteValidator_15" time="0"/>
  <testcase name="testAbaNumberCheck_34100_bad" classname="com.cardatechnologies.utils.validators.abaroutevalidator.Test_AbaRouteValidator_15" time="0"/>
  <testcase name="testAbaNumberCheck_34102_bad" classname="com.cardatechnologies.utils.validators.abaroutevalidator.Test_AbaRouteValidator_15" time="0.001"/>
  <testcase name="testAbaNumberCheck_34131_good" classname="com.cardatechnologies.utils.validators.abaroutevalidator.Test_AbaRouteValidator_15" time="0"/>
  <testcase name="testAbaNumberCheck_34104_bad" classname="com.cardatechnologies.utils.validators.abaroutevalidator.Test_AbaRouteValidator_15" time="0"/>
  <testcase name="testAbaNumberCheck_34106_bad" classname="com.cardatechnologies.utils.validators.abaroutevalidator.Test_AbaRouteValidator_15" time="0"/>
  <testcase name="testAbaNumberCheck_34108_bad" classname="com.cardatechnologies.utils.validators.abaroutevalidator.Test_AbaRouteValidator_15" time="0"/>
  <testcase name="testAbaNumberCheck_34005_good" classname="com.cardatechnologies.utils.validators.abaroutevalidator.Test_AbaRouteValidator_15" time="0"/>
  <testcase name="testAbaNumberCheck_34501_good" classname="com.cardatechnologies.utils.validators.abaroutevalidator.Test_AbaRouteValidator_15" time="0"/>
  <testcase name="testAbaNumberCheck_34213_good" classname="com.cardatechnologies.utils.validators.abaroutevalidator.Test_AbaRouteValidator_15" time="0"/>
  <testcase name="testAbaNumberCheck_34110_bad" classname="com.cardatechnologies.utils.validators.abaroutevalidator.Test_AbaRouteValidator_15" time="0"/>
  <testcase name="testAbaNumberCheck_34112_bad" classname="com.cardatechnologies.utils.validators.abaroutevalidator.Test_AbaRouteValidator_15" time="0"/>
  <testcase name="testAbaNumberCheck_33300_bad" classname="com.cardatechnologies.utils.validators.abaroutevalidator.Test_AbaRouteValidator_15" time="0"/>
  <testcase name="testAbaNumberCheck_34114_bad" classname="com.cardatechnologies.utils.validators.abaroutevalidator.Test_AbaRouteValidator_15" time="0"/>
  <testcase name="testAbaNumberCheck_33302_bad" classname="com.cardatechnologies.utils.validators.abaroutevalidator.Test_AbaRouteValidator_15" time="0"/>
  <testcase name="testAbaNumberCheck_34116_bad" classname="com.cardatechnologies.utils.validators.abaroutevalidator.Test_AbaRouteValidator_15" time="0"/>
  <testcase name="testAbaNumberCheck_34051_good" classname="com.cardatechnologies.utils.validators.abaroutevalidator.Test_AbaRouteValidator_15" time="0"/>
  <testcase name="testAbaNumberCheck_33304_bad" classname="com.cardatechnologies.utils.validators.abaroutevalidator.Test_AbaRouteValidator_15" time="0"/>
  <testcase name="testAbaNumberCheck_33111_good" classname="com.cardatechnologies.utils.validators.abaroutevalidator.Test_AbaRouteValidator_15" time="0"/>
  <testcase name="testAbaNumberCheck_34118_bad" classname="com.cardatechnologies.utils.validators.abaroutevalidator.Test_AbaRouteValidator_15" time="0"/>
  <testcase name="testAbaNumberCheck_33306_bad" classname="com.cardatechnologies.utils.validators.abaroutevalidator.Test_AbaRouteValidator_15" time="0"/>
  <testcase name="testAbaNumberCheck_33308_bad" classname="com.cardatechnologies.utils.validators.abaroutevalidator.Test_AbaRouteValidator_15" time="0"/>
  <testcase name="testAbaNumberCheck_34421_good" classname="com.cardatechnologies.utils.validators.abaroutevalidator.Test_AbaRouteValidator_15" time="0"/>
  <testcase name="testAbaNumberCheck_34120_bad" classname="com.cardatechnologies.utils.validators.abaroutevalidator.Test_AbaRouteValidator_15" time="0"/>
  <testcase name="testAbaNumberCheck_34122_bad" classname="com.cardatechnologies.utils.validators.abaroutevalidator.Test_AbaRouteValidator_15" time="0"/>
  <testcase name="testAbaNumberCheck_34133_good" classname="com.cardatechnologies.utils.validators.abaroutevalidator.Test_AbaRouteValidator_15" time="0"/>
  <testcase name="testAbaNumberCheck_33310_bad" classname="com.cardatechnologies.utils.validators.abaroutevalidator.Test_AbaRouteValidator_15" time="0"/>
  <testcase name="testAbaNumberCheck_34124_bad" classname="com.cardatechnologies.utils.validators.abaroutevalidator.Test_AbaRouteValidator_15" time="0"/>
  <testcase name="testAbaNumberCheck_33312_bad" classname="com.cardatechnologies.utils.validators.abaroutevalidator.Test_AbaRouteValidator_15" time="0"/>
  <testcase name="testAbaNumberCheck_34126_bad" classname="com.cardatechnologies.utils.validators.abaroutevalidator.Test_AbaRouteValidator_15" time="0.001"/>
  <testcase name="testAbaNumberCheck_32500_bad" classname="com.cardatechnologies.utils.validators.abaroutevalidator.Test_AbaRouteValidator_15" time="0"/>
  <testcase name="testAbaNumberCheck_33314_bad" classname="com.cardatechnologies.utils.validators.abaroutevalidator.Test_AbaRouteValidator_15" time="0"/>
  <testcase name="testAbaNumberCheck_34128_bad" classname="com.cardatechnologies.utils.validators.abaroutevalidator.Test_AbaRouteValidator_15" time="0"/>
  <testcase name="testAbaNumberCheck_34007_good" classname="com.cardatechnologies.utils.validators.abaroutevalidator.Test_AbaRouteValidator_15" time="0"/>
  <testcase name="testAbaNumberCheck_32502_bad" classname="com.cardatechnologies.utils.validators.abaroutevalidator.Test_AbaRouteValidator_15" time="0"/>
  <testcase name="testAbaNumberCheck_33316_bad" classname="com.cardatechnologies.utils.validators.abaroutevalidator.Test_AbaRouteValidator_15" time="0"/>
  <testcase name="testAbaNumberCheck_32504_bad" classname="com.cardatechnologies.utils.validators.abaroutevalidator.Test_AbaRouteValidator_15" time="0"/>
  <testcase name="testAbaNumberCheck_33031_good" classname="com.cardatechnologies.utils.validators.abaroutevalidator.Test_AbaRouteValidator_15" time="0"/>
  <testcase name="testAbaNumberCheck_33318_bad" classname="com.cardatechnologies.utils.validators.abaroutevalidator.Test_AbaRouteValidator_15" time="0"/>
  <testcase name="testAbaNumberCheck_32506_bad" classname="com.cardatechnologies.utils.validators.abaroutevalidator.Test_AbaRouteValidator_15" time="0"/>
  <testcase name="testAbaNumberCheck_32508_bad" classname="com.cardatechnologies.utils.validators.abaroutevalidator.Test_AbaRouteValidator_15" time="0"/>
  <testcase name="testAbaNumberCheck_34503_good" classname="com.cardatechnologies.utils.validators.abaroutevalidator.Test_AbaRouteValidator_15" time="0"/>
  <testcase name="testAbaNumberCheck_34341_good" classname="com.cardatechnologies.utils.validators.abaroutevalidator.Test_AbaRouteValidator_15" time="0"/>
  <testcase name="testAbaNumberCheck_33401_good" classname="com.cardatechnologies.utils.validators.abaroutevalidator.Test_AbaRouteValidator_15" time="0"/>
  <testcase name="testAbaNumberCheck_34215_good" classname="com.cardatechnologies.utils.validators.abaroutevalidator.Test_AbaRouteValidator_15" time="0"/>
  <testcase name="testAbaNumberCheck_34130_bad" classname="com.cardatechnologies.utils.validators.abaroutevalidator.Test_AbaRouteValidator_15" time="0"/>
  <testcase name="testAbaNumberCheck_34132_bad" classname="com.cardatechnologies.utils.validators.abaroutevalidator.Test_AbaRouteValidator_15" time="0"/>
  <testcase name="testAbaNumberCheck_33320_bad" classname="com.cardatechnologies.utils.validators.abaroutevalidator.Test_AbaRouteValidator_15" time="0"/>
  <testcase name="testAbaNumberCheck_34134_bad" classname="com.cardatechnologies.utils.validators.abaroutevalidator.Test_AbaRouteValidator_15" time="0"/>
  <testcase name="testAbaNumberCheck_33322_bad" classname="com.cardatechnologies.utils.validators.abaroutevalidator.Test_AbaRouteValidator_15" time="0"/>
  <testcase name="testAbaNumberCheck_34136_bad" classname="com.cardatechnologies.utils.validators.abaroutevalidator.Test_AbaRouteValidator_15" time="0"/>
  <testcase name="testAbaNumberCheck_34053_good" classname="com.cardatechnologies.utils.validators.abaroutevalidator.Test_AbaRouteValidator_15" time="0"/>
  <testcase name="testAbaNumberCheck_32510_bad" classname="com.cardatechnologies.utils.validators.abaroutevalidator.Test_AbaRouteValidator_15" time="0"/>
  <testcase name="testAbaNumberCheck_33324_bad" classname="com.cardatechnologies.utils.validators.abaroutevalidator.Test_AbaRouteValidator_15" time="0"/>
  <testcase name="testAbaNumberCheck_33113_good" classname="com.cardatechnologies.utils.validators.abaroutevalidator.Test_AbaRouteValidator_15" time="0"/>
  <testcase name="testAbaNumberCheck_34138_bad" classname="com.cardatechnologies.utils.validators.abaroutevalidator.Test_AbaRouteValidator_15" time="0"/>
  <testcase name="testAbaNumberCheck_32512_bad" classname="com.cardatechnologies.utils.validators.abaroutevalidator.Test_AbaRouteValidator_15" time="0"/>
  <testcase name="testAbaNumberCheck_33326_bad" classname="com.cardatechnologies.utils.validators.abaroutevalidator.Test_AbaRouteValidator_15" time="0.001"/>
  <testcase name="testAbaNumberCheck_34711_good" classname="com.cardatechnologies.utils.validators.abaroutevalidator.Test_AbaRouteValidator_15" time="0"/>
  <testcase name="testAbaNumberCheck_32514_bad" classname="com.cardatechnologies.utils.validators.abaroutevalidator.Test_AbaRouteValidator_15" time="0"/>
  <testcase name="testAbaNumberCheck_33328_bad" classname="com.cardatechnologies.utils.validators.abaroutevalidator.Test_AbaRouteValidator_15" time="0"/>
  <testcase name="testAbaNumberCheck_32516_bad" classname="com.cardatechnologies.utils.validators.abaroutevalidator.Test_AbaRouteValidator_15" time="0"/>
  <testcase name="testAbaNumberCheck_32518_bad" classname="com.cardatechnologies.utils.validators.abaroutevalidator.Test_AbaRouteValidator_15" time="0"/>
  <testcase name="testAbaNumberCheck_34423_good" classname="com.cardatechnologies.utils.validators.abaroutevalidator.Test_AbaRouteValidator_15" time="0"/>
  <testcase name="testAbaNumberCheck_34261_good" classname="com.cardatechnologies.utils.validators.abaroutevalidator.Test_AbaRouteValidator_15" time="0"/>
  <testcase name="testAbaNumberCheck_33321_good" classname="com.cardatechnologies.utils.validators.abaroutevalidator.Test_AbaRouteValidator_15" time="0"/>
  <testcase name="testAbaNumberCheck_34140_bad" classname="com.cardatechnologies.utils.validators.abaroutevalidator.Test_AbaRouteValidator_15" time="0"/>
  <testcase name="testAbaNumberCheck_34142_bad" classname="com.cardatechnologies.utils.validators.abaroutevalidator.Test_AbaRouteValidator_15" time="0"/>
  <testcase name="testAbaNumberCheck_34135_good" classname="com.cardatechnologies.utils.validators.abaroutevalidator.Test_AbaRouteValidator_15" time="0"/>
  <testcase name="testAbaNumberCheck_33330_bad" classname="com.cardatechnologies.utils.validators.abaroutevalidator.Test_AbaRouteValidator_15" time="0"/>
  <testcase name="testAbaNumberCheck_34144_bad" classname="com.cardatechnologies.utils.validators.abaroutevalidator.Test_AbaRouteValidator_15" time="0"/>
  <testcase name="testAbaNumberCheck_33332_bad" classname="com.cardatechnologies.utils.validators.abaroutevalidator.Test_AbaRouteValidator_15" time="0"/>
  <testcase name="testAbaNumberCheck_34146_bad" classname="com.cardatechnologies.utils.validators.abaroutevalidator.Test_AbaRouteValidator_15" time="0"/>
  <testcase name="testAbaNumberCheck_32520_bad" classname="com.cardatechnologies.utils.validators.abaroutevalidator.Test_AbaRouteValidator_15" time="0"/>
  <testcase name="testAbaNumberCheck_33334_bad" classname="com.cardatechnologies.utils.validators.abaroutevalidator.Test_AbaRouteValidator_15" time="0"/>
  <testcase name="testAbaNumberCheck_34148_bad" classname="com.cardatechnologies.utils.validators.abaroutevalidator.Test_AbaRouteValidator_15" time="0"/>
  <testcase name="testAbaNumberCheck_34009_good" classname="com.cardatechnologies.utils.validators.abaroutevalidator.Test_AbaRouteValidator_15" time="0"/>
  <testcase name="testAbaNumberCheck_32522_bad" classname="com.cardatechnologies.utils.validators.abaroutevalidator.Test_AbaRouteValidator_15" time="0"/>
  <testcase name="testAbaNumberCheck_33336_bad" classname="com.cardatechnologies.utils.validators.abaroutevalidator.Test_AbaRouteValidator_15" time="0"/>
  <testcase name="testAbaNumberCheck_32524_bad" classname="com.cardatechnologies.utils.validators.abaroutevalidator.Test_AbaRouteValidator_15" time="0"/>
  <testcase name="testAbaNumberCheck_33033_good" classname="com.cardatechnologies.utils.validators.abaroutevalidator.Test_AbaRouteValidator_15" time="0"/>
  <testcase name="testAbaNumberCheck_33338_bad" classname="com.cardatechnologies.utils.validators.abaroutevalidator.Test_AbaRouteValidator_15" time="0"/>
  <testcase name="testAbaNumberCheck_32526_bad" classname="com.cardatechnologies.utils.validators.abaroutevalidator.Test_AbaRouteValidator_15" time="0"/>
  <testcase name="testAbaNumberCheck_34631_good" classname="com.cardatechnologies.utils.validators.abaroutevalidator.Test_AbaRouteValidator_15" time="0"/>
  <testcase name="testAbaNumberCheck_32528_bad" classname="com.cardatechnologies.utils.validators.abaroutevalidator.Test_AbaRouteValidator_15" time="0"/>
  <testcase name="testAbaNumberCheck_34505_good" classname="com.cardatechnologies.utils.validators.abaroutevalidator.Test_AbaRouteValidator_15" time="0"/>
  <testcase name="testAbaNumberCheck_34343_good" classname="com.cardatechnologies.utils.validators.abaroutevalidator.Test_AbaRouteValidator_15" time="0"/>
  <testcase name="testAbaNumberCheck_33403_good" classname="com.cardatechnologies.utils.validators.abaroutevalidator.Test_AbaRouteValidator_15" time="0"/>
  <testcase name="testAbaNumberCheck_34600_bad" classname="com.cardatechnologies.utils.validators.abaroutevalidator.Test_AbaRouteValidator_15" time="0"/>
  <testcase name="testAbaNumberCheck_34217_good" classname="com.cardatechnologies.utils.validators.abaroutevalidator.Test_AbaRouteValidator_15" time="0"/>
  <testcase name="testAbaNumberCheck_34150_bad" classname="com.cardatechnologies.utils.validators.abaroutevalidator.Test_AbaRouteValidator_15" time="0"/>
  <testcase name="testAbaNumberCheck_34602_bad" classname="com.cardatechnologies.utils.validators.abaroutevalidator.Test_AbaRouteValidator_15" time="0"/>
  <testcase name="testAbaNumberCheck_34152_bad" classname="com.cardatechnologies.utils.validators.abaroutevalidator.Test_AbaRouteValidator_15" time="0"/>
  <testcase name="testAbaNumberCheck_34181_good" classname="com.cardatechnologies.utils.validators.abaroutevalidator.Test_AbaRouteValidator_15" time="0"/>
  <testcase name="testAbaNumberCheck_34604_bad" classname="com.cardatechnologies.utils.validators.abaroutevalidator.Test_AbaRouteValidator_15" time="0"/>
  <testcase name="testAbaNumberCheck_33241_good" classname="com.cardatechnologies.utils.validators.abaroutevalidator.Test_AbaRouteValidator_15" time="0"/>
  <testcase name="testAbaNumberCheck_33340_bad" classname="com.cardatechnologies.utils.validators.abaroutevalidator.Test_AbaRouteValidator_15" time="0"/>
  <testcase name="testAbaNumberCheck_34154_bad" classname="com.cardatechnologies.utils.validators.abaroutevalidator.Test_AbaRouteValidator_15" time="0"/>
  <testcase name="testAbaNumberCheck_34606_bad" classname="com.cardatechnologies.utils.validators.abaroutevalidator.Test_AbaRouteValidator_15" time="0"/>
  <testcase name="testAbaNumberCheck_33342_bad" classname="com.cardatechnologies.utils.validators.abaroutevalidator.Test_AbaRouteValidator_15" time="0"/>
  <testcase name="testAbaNumberCheck_34156_bad" classname="com.cardatechnologies.utils.validators.abaroutevalidator.Test_AbaRouteValidator_15" time="0"/>
  <testcase name="testAbaNumberCheck_34608_bad" classname="com.cardatechnologies.utils.validators.abaroutevalidator.Test_AbaRouteValidator_15" time="0"/>
  <testcase name="testAbaNumberCheck_34055_good" classname="com.cardatechnologies.utils.validators.abaroutevalidator.Test_AbaRouteValidator_15" time="0"/>
  <testcase name="testAbaNumberCheck_32530_bad" classname="com.cardatechnologies.utils.validators.abaroutevalidator.Test_AbaRouteValidator_15" time="0"/>
  <testcase name="testAbaNumberCheck_33344_bad" classname="com.cardatechnologies.utils.validators.abaroutevalidator.Test_AbaRouteValidator_15" time="0"/>
  <testcase name="testAbaNumberCheck_33115_good" classname="com.cardatechnologies.utils.validators.abaroutevalidator.Test_AbaRouteValidator_15" time="0"/>
  <testcase name="testAbaNumberCheck_34158_bad" classname="com.cardatechnologies.utils.validators.abaroutevalidator.Test_AbaRouteValidator_15" time="0"/>
  <testcase name="testAbaNumberCheck_32532_bad" classname="com.cardatechnologies.utils.validators.abaroutevalidator.Test_AbaRouteValidator_15" time="0"/>
  <testcase name="testAbaNumberCheck_33346_bad" classname="com.cardatechnologies.utils.validators.abaroutevalidator.Test_AbaRouteValidator_15" time="0"/>
  <testcase name="testAbaNumberCheck_34713_good" classname="com.cardatechnologies.utils.validators.abaroutevalidator.Test_AbaRouteValidator_15" time="0"/>
  <testcase name="testAbaNumberCheck_32534_bad" classname="com.cardatechnologies.utils.validators.abaroutevalidator.Test_AbaRouteValidator_15" time="0"/>
  <testcase name="testAbaNumberCheck_33348_bad" classname="com.cardatechnologies.utils.validators.abaroutevalidator.Test_AbaRouteValidator_15" time="0"/>
  <testcase name="testAbaNumberCheck_32536_bad" classname="com.cardatechnologies.utils.validators.abaroutevalidator.Test_AbaRouteValidator_15" time="0.001"/>
  <testcase name="testAbaNumberCheck_32538_bad" classname="com.cardatechnologies.utils.validators.abaroutevalidator.Test_AbaRouteValidator_15" time="0"/>
  <testcase name="testAbaNumberCheck_34551_good" classname="com.cardatechnologies.utils.validators.abaroutevalidator.Test_AbaRouteValidator_15" time="0"/>
  <testcase name="testAbaNumberCheck_33611_good" classname="com.cardatechnologies.utils.validators.abaroutevalidator.Test_AbaRouteValidator_15" time="0"/>
  <testcase name="testAbaNumberCheck_34425_good" classname="com.cardatechnologies.utils.validators.abaroutevalidator.Test_AbaRouteValidator_15" time="0"/>
  <testcase name="testAbaNumberCheck_34263_good" classname="com.cardatechnologies.utils.validators.abaroutevalidator.Test_AbaRouteValidator_15" time="0"/>
  <testcase name="testAbaNumberCheck_34610_bad" classname="com.cardatechnologies.utils.validators.abaroutevalidator.Test_AbaRouteValidator_15" time="0"/>
  <testcase name="testAbaNumberCheck_33323_good" classname="com.cardatechnologies.utils.validators.abaroutevalidator.Test_AbaRouteValidator_15" time="0"/>
  <testcase name="testAbaNumberCheck_34160_bad" classname="com.cardatechnologies.utils.validators.abaroutevalidator.Test_AbaRouteValidator_15" time="0"/>
  <testcase name="testAbaNumberCheck_34612_bad" classname="com.cardatechnologies.utils.validators.abaroutevalidator.Test_AbaRouteValidator_15" time="0"/>
  <testcase name="testAbaNumberCheck_34921_good" classname="com.cardatechnologies.utils.validators.abaroutevalidator.Test_AbaRouteValidator_15" time="0"/>
  <testcase name="testAbaNumberCheck_34162_bad" classname="com.cardatechnologies.utils.validators.abaroutevalidator.Test_AbaRouteValidator_15" time="0"/>
  <testcase name="testAbaNumberCheck_33800_bad" classname="com.cardatechnologies.utils.validators.abaroutevalidator.Test_AbaRouteValidator_15" time="0"/>
  <testcase name="testAbaNumberCheck_34614_bad" classname="com.cardatechnologies.utils.validators.abaroutevalidator.Test_AbaRouteValidator_15" time="0"/>
  <testcase name="testAbaNumberCheck_34137_good" classname="com.cardatechnologies.utils.validators.abaroutevalidator.Test_AbaRouteValidator_15" time="0"/>
  <testcase name="testAbaNumberCheck_33350_bad" classname="com.cardatechnologies.utils.validators.abaroutevalidator.Test_AbaRouteValidator_15" time="0"/>
  <testcase name="testAbaNumberCheck_34164_bad" classname="com.cardatechnologies.utils.validators.abaroutevalidator.Test_AbaRouteValidator_15" time="0"/>
  <testcase name="testAbaNumberCheck_33802_bad" classname="com.cardatechnologies.utils.validators.abaroutevalidator.Test_AbaRouteValidator_15" time="0"/>
  <testcase name="testAbaNumberCheck_34616_bad" classname="com.cardatechnologies.utils.validators.abaroutevalidator.Test_AbaRouteValidator_15" time="0"/>
  <testcase name="testAbaNumberCheck_33352_bad" classname="com.cardatechnologies.utils.validators.abaroutevalidator.Test_AbaRouteValidator_15" time="0"/>
  <testcase name="testAbaNumberCheck_34166_bad" classname="com.cardatechnologies.utils.validators.abaroutevalidator.Test_AbaRouteValidator_15" time="0"/>
  <testcase name="testAbaNumberCheck_33804_bad" classname="com.cardatechnologies.utils.validators.abaroutevalidator.Test_AbaRouteValidator_15" time="0"/>
  <testcase name="testAbaNumberCheck_33161_good" classname="com.cardatechnologies.utils.validators.abaroutevalidator.Test_AbaRouteValidator_15" time="0"/>
  <testcase name="testAbaNumberCheck_34618_bad" classname="com.cardatechnologies.utils.validators.abaroutevalidator.Test_AbaRouteValidator_15" time="0"/>
  <testcase name="testAbaNumberCheck_32540_bad" classname="com.cardatechnologies.utils.validators.abaroutevalidator.Test_AbaRouteValidator_15" time="0"/>
  <testcase name="testAbaNumberCheck_33354_bad" classname="com.cardatechnologies.utils.validators.abaroutevalidator.Test_AbaRouteValidator_15" time="0"/>
  <testcase name="testAbaNumberCheck_34168_bad" classname="com.cardatechnologies.utils.validators.abaroutevalidator.Test_AbaRouteValidator_15" time="0"/>
  <testcase name="testAbaNumberCheck_33806_bad" classname="com.cardatechnologies.utils.validators.abaroutevalidator.Test_AbaRouteValidator_15" time="0.001"/>
  <testcase name="testAbaNumberCheck_32542_bad" classname="com.cardatechnologies.utils.validators.abaroutevalidator.Test_AbaRouteValidator_15" time="0"/>
  <testcase name="testAbaNumberCheck_33356_bad" classname="com.cardatechnologies.utils.validators.abaroutevalidator.Test_AbaRouteValidator_15" time="0"/>
  <testcase name="testAbaNumberCheck_33808_bad" classname="com.cardatechnologies.utils.validators.abaroutevalidator.Test_AbaRouteValidator_15" time="0"/>
  <testcase name="testAbaNumberCheck_32544_bad" classname="com.cardatechnologies.utils.validators.abaroutevalidator.Test_AbaRouteValidator_15" time="0"/>
  <testcase name="testAbaNumberCheck_33035_good" classname="com.cardatechnologies.utils.validators.abaroutevalidator.Test_AbaRouteValidator_15" time="0"/>
  <testcase name="testAbaNumberCheck_33358_bad" classname="com.cardatechnologies.utils.validators.abaroutevalidator.Test_AbaRouteValidator_15" time="0"/>
  <testcase name="testAbaNumberCheck_32546_bad" classname="com.cardatechnologies.utils.validators.abaroutevalidator.Test_AbaRouteValidator_15" time="0"/>
  <testcase name="testAbaNumberCheck_34633_good" classname="com.cardatechnologies.utils.validators.abaroutevalidator.Test_AbaRouteValidator_15" time="0"/>
  <testcase name="testAbaNumberCheck_32548_bad" classname="com.cardatechnologies.utils.validators.abaroutevalidator.Test_AbaRouteValidator_15" time="0"/>
  <testcase name="testAbaNumberCheck_34507_good" classname="com.cardatechnologies.utils.validators.abaroutevalidator.Test_AbaRouteValidator_15" time="0"/>
  <testcase name="testAbaNumberCheck_34471_good" classname="com.cardatechnologies.utils.validators.abaroutevalidator.Test_AbaRouteValidator_15" time="0"/>
  <testcase name="testAbaNumberCheck_33531_good" classname="com.cardatechnologies.utils.validators.abaroutevalidator.Test_AbaRouteValidator_15" time="0"/>
  <testcase name="testAbaNumberCheck_34345_good" classname="com.cardatechnologies.utils.validators.abaroutevalidator.Test_AbaRouteValidator_15" time="0"/>
  <testcase name="testAbaNumberCheck_33405_good" classname="com.cardatechnologies.utils.validators.abaroutevalidator.Test_AbaRouteValidator_15" time="0"/>
  <testcase name="testAbaNumberCheck_34620_bad" classname="com.cardatechnologies.utils.validators.abaroutevalidator.Test_AbaRouteValidator_15" time="0"/>
  <testcase name="testAbaNumberCheck_34219_good" classname="com.cardatechnologies.utils.validators.abaroutevalidator.Test_AbaRouteValidator_15" time="0"/>
  <testcase name="testAbaNumberCheck_34170_bad" classname="com.cardatechnologies.utils.validators.abaroutevalidator.Test_AbaRouteValidator_15" time="0"/>
  <testcase name="testAbaNumberCheck_34622_bad" classname="com.cardatechnologies.utils.validators.abaroutevalidator.Test_AbaRouteValidator_15" time="0"/>
  <testcase name="testAbaNumberCheck_34172_bad" classname="com.cardatechnologies.utils.validators.abaroutevalidator.Test_AbaRouteValidator_15" time="0"/>
  <testcase name="testAbaNumberCheck_34183_good" classname="com.cardatechnologies.utils.validators.abaroutevalidator.Test_AbaRouteValidator_15" time="0"/>
  <testcase name="testAbaNumberCheck_33810_bad" classname="com.cardatechnologies.utils.validators.abaroutevalidator.Test_AbaRouteValidator_15" time="0"/>
  <testcase name="testAbaNumberCheck_34624_bad" classname="com.cardatechnologies.utils.validators.abaroutevalidator.Test_AbaRouteValidator_15" time="0"/>
  <testcase name="testAbaNumberCheck_33243_good" classname="com.cardatechnologies.utils.validators.abaroutevalidator.Test_AbaRouteValidator_15" time="0"/>
  <testcase name="testAbaNumberCheck_33360_bad" classname="com.cardatechnologies.utils.validators.abaroutevalidator.Test_AbaRouteValidator_15" time="0"/>
  <testcase name="testAbaNumberCheck_34174_bad" classname="com.cardatechnologies.utils.validators.abaroutevalidator.Test_AbaRouteValidator_15" time="0"/>
  <testcase name="testAbaNumberCheck_33812_bad" classname="com.cardatechnologies.utils.validators.abaroutevalidator.Test_AbaRouteValidator_15" time="0.001"/>
  <testcase name="testAbaNumberCheck_34626_bad" classname="com.cardatechnologies.utils.validators.abaroutevalidator.Test_AbaRouteValidator_15" time="0"/>
  <testcase name="testAbaNumberCheck_34841_good" classname="com.cardatechnologies.utils.validators.abaroutevalidator.Test_AbaRouteValidator_15" time="0"/>
  <testcase name="testAbaNumberCheck_33362_bad" classname="com.cardatechnologies.utils.validators.abaroutevalidator.Test_AbaRouteValidator_15" time="0"/>
  <testcase name="testAbaNumberCheck_34176_bad" classname="com.cardatechnologies.utils.validators.abaroutevalidator.Test_AbaRouteValidator_15" time="0"/>
  <testcase name="testAbaNumberCheck_33901_good" classname="com.cardatechnologies.utils.validators.abaroutevalidator.Test_AbaRouteValidator_15" time="0"/>
  <testcase name="testAbaNumberCheck_33814_bad" classname="com.cardatechnologies.utils.validators.abaroutevalidator.Test_AbaRouteValidator_15" time="0"/>
  <testcase name="testAbaNumberCheck_34628_bad" classname="com.cardatechnologies.utils.validators.abaroutevalidator.Test_AbaRouteValidator_15" time="0"/>
  <testcase name="testAbaNumberCheck_34057_good" classname="com.cardatechnologies.utils.validators.abaroutevalidator.Test_AbaRouteValidator_15" time="0"/>
  <testcase name="testAbaNumberCheck_32550_bad" classname="com.cardatechnologies.utils.validators.abaroutevalidator.Test_AbaRouteValidator_15" time="0"/>
  <testcase name="testAbaNumberCheck_33364_bad" classname="com.cardatechnologies.utils.validators.abaroutevalidator.Test_AbaRouteValidator_15" time="0"/>
  <testcase name="testAbaNumberCheck_33117_good" classname="com.cardatechnologies.utils.validators.abaroutevalidator.Test_AbaRouteValidator_15" time="0"/>
  <testcase name="testAbaNumberCheck_34178_bad" classname="com.cardatechnologies.utils.validators.abaroutevalidator.Test_AbaRouteValidator_15" time="0"/>
  <testcase name="testAbaNumberCheck_33816_bad" classname="com.cardatechnologies.utils.validators.abaroutevalidator.Test_AbaRouteValidator_15" time="0"/>
  <testcase name="testAbaNumberCheck_32552_bad" classname="com.cardatechnologies.utils.validators.abaroutevalidator.Test_AbaRouteValidator_15" time="0"/>
  <testcase name="testAbaNumberCheck_33366_bad" classname="com.cardatechnologies.utils.validators.abaroutevalidator.Test_AbaRouteValidator_15" time="0"/>
  <testcase name="testAbaNumberCheck_34715_good" classname="com.cardatechnologies.utils.validators.abaroutevalidator.Test_AbaRouteValidator_15" time="0"/>
  <testcase name="testAbaNumberCheck_33081_good" classname="com.cardatechnologies.utils.validators.abaroutevalidator.Test_AbaRouteValidator_15" time="0"/>
  <testcase name="testAbaNumberCheck_33818_bad" classname="com.cardatechnologies.utils.validators.abaroutevalidator.Test_AbaRouteValidator_15" time="0"/>
  <testcase name="testAbaNumberCheck_32554_bad" classname="com.cardatechnologies.utils.validators.abaroutevalidator.Test_AbaRouteValidator_15" time="0"/>
  <testcase name="testAbaNumberCheck_33368_bad" classname="com.cardatechnologies.utils.validators.abaroutevalidator.Test_AbaRouteValidator_15" time="0"/>
  <testcase name="testAbaNumberCheck_32556_bad" classname="com.cardatechnologies.utils.validators.abaroutevalidator.Test_AbaRouteValidator_15" time="0.001"/>
  <testcase name="testAbaNumberCheck_32558_bad" classname="com.cardatechnologies.utils.validators.abaroutevalidator.Test_AbaRouteValidator_15" time="0"/>
  <testcase name="testAbaNumberCheck_34553_good" classname="com.cardatechnologies.utils.validators.abaroutevalidator.Test_AbaRouteValidator_15" time="0"/>
  <testcase name="testAbaNumberCheck_33613_good" classname="com.cardatechnologies.utils.validators.abaroutevalidator.Test_AbaRouteValidator_15" time="0"/>
  <testcase name="testAbaNumberCheck_34427_good" classname="com.cardatechnologies.utils.validators.abaroutevalidator.Test_AbaRouteValidator_15" time="0"/>
  <testcase name="testAbaNumberCheck_34391_good" classname="com.cardatechnologies.utils.validators.abaroutevalidator.Test_AbaRouteValidator_15" time="0"/>
  <testcase name="testAbaNumberCheck_33451_good" classname="com.cardatechnologies.utils.validators.abaroutevalidator.Test_AbaRouteValidator_15" time="0"/>
  <testcase name="testAbaNumberCheck_32511_good" classname="com.cardatechnologies.utils.validators.abaroutevalidator.Test_AbaRouteValidator_15" time="0"/>
  <testcase name="testAbaNumberCheck_34265_good" classname="com.cardatechnologies.utils.validators.abaroutevalidator.Test_AbaRouteValidator_15" time="0"/>
  <testcase name="testAbaNumberCheck_34630_bad" classname="com.cardatechnologies.utils.validators.abaroutevalidator.Test_AbaRouteValidator_15" time="0"/>
  <testcase name="testAbaNumberCheck_33325_good" classname="com.cardatechnologies.utils.validators.abaroutevalidator.Test_AbaRouteValidator_15" time="0"/>
  <testcase name="testAbaNumberCheck_34180_bad" classname="com.cardatechnologies.utils.validators.abaroutevalidator.Test_AbaRouteValidator_15" time="0"/>
  <testcase name="testAbaNumberCheck_34632_bad" classname="com.cardatechnologies.utils.validators.abaroutevalidator.Test_AbaRouteValidator_15" time="0"/>
  <testcase name="testAbaNumberCheck_34923_good" classname="com.cardatechnologies.utils.validators.abaroutevalidator.Test_AbaRouteValidator_15" time="0"/>
  <testcase name="testAbaNumberCheck_34182_bad" classname="com.cardatechnologies.utils.validators.abaroutevalidator.Test_AbaRouteValidator_15" time="0.001"/>
  <testcase name="testAbaNumberCheck_33820_bad" classname="com.cardatechnologies.utils.validators.abaroutevalidator.Test_AbaRouteValidator_15" time="0"/>
  <testcase name="testAbaNumberCheck_34634_bad" classname="com.cardatechnologies.utils.validators.abaroutevalidator.Test_AbaRouteValidator_15" time="0"/>
  <testcase name="testAbaNumberCheck_34139_good" classname="com.cardatechnologies.utils.validators.abaroutevalidator.Test_AbaRouteValidator_15" time="0"/>
  <testcase name="testAbaNumberCheck_33370_bad" classname="com.cardatechnologies.utils.validators.abaroutevalidator.Test_AbaRouteValidator_15" time="0"/>
  <testcase name="testAbaNumberCheck_34184_bad" classname="com.cardatechnologies.utils.validators.abaroutevalidator.Test_AbaRouteValidator_15" time="0"/>
  <testcase name="testAbaNumberCheck_33822_bad" classname="com.cardatechnologies.utils.validators.abaroutevalidator.Test_AbaRouteValidator_15" time="0"/>
  <testcase name="testAbaNumberCheck_34636_bad" classname="com.cardatechnologies.utils.validators.abaroutevalidator.Test_AbaRouteValidator_15" time="0"/>
  <testcase name="testAbaNumberCheck_33372_bad" classname="com.cardatechnologies.utils.validators.abaroutevalidator.Test_AbaRouteValidator_15" time="0"/>
  <testcase name="testAbaNumberCheck_34186_bad" classname="com.cardatechnologies.utils.validators.abaroutevalidator.Test_AbaRouteValidator_15" time="0"/>
  <testcase name="testAbaNumberCheck_33824_bad" classname="com.cardatechnologies.utils.validators.abaroutevalidator.Test_AbaRouteValidator_15" time="0"/>
  <testcase name="testAbaNumberCheck_33163_good" classname="com.cardatechnologies.utils.validators.abaroutevalidator.Test_AbaRouteValidator_15" time="0"/>
  <testcase name="testAbaNumberCheck_34638_bad" classname="com.cardatechnologies.utils.validators.abaroutevalidator.Test_AbaRouteValidator_15" time="0"/>
  <testcase name="testAbaNumberCheck_32560_bad" classname="com.cardatechnologies.utils.validators.abaroutevalidator.Test_AbaRouteValidator_15" time="0"/>
  <testcase name="testAbaNumberCheck_33374_bad" classname="com.cardatechnologies.utils.validators.abaroutevalidator.Test_AbaRouteValidator_15" time="0"/>
  <testcase name="testAbaNumberCheck_34188_bad" classname="com.cardatechnologies.utils.validators.abaroutevalidator.Test_AbaRouteValidator_15" time="0"/>
  <testcase name="testAbaNumberCheck_33826_bad" classname="com.cardatechnologies.utils.validators.abaroutevalidator.Test_AbaRouteValidator_15" time="0"/>
  <testcase name="testAbaNumberCheck_34761_good" classname="com.cardatechnologies.utils.validators.abaroutevalidator.Test_AbaRouteValidator_15" time="0"/>
  <testcase name="testAbaNumberCheck_32562_bad" classname="com.cardatechnologies.utils.validators.abaroutevalidator.Test_AbaRouteValidator_15" time="0"/>
  <testcase name="testAbaNumberCheck_33376_bad" classname="com.cardatechnologies.utils.validators.abaroutevalidator.Test_AbaRouteValidator_15" time="0"/>
  <testcase name="testAbaNumberCheck_33821_good" classname="com.cardatechnologies.utils.validators.abaroutevalidator.Test_AbaRouteValidator_15" time="0"/>
  <testcase name="testAbaNumberCheck_33828_bad" classname="com.cardatechnologies.utils.validators.abaroutevalidator.Test_AbaRouteValidator_15" time="0"/>
  <testcase name="testAbaNumberCheck_32564_bad" classname="com.cardatechnologies.utils.validators.abaroutevalidator.Test_AbaRouteValidator_15" time="0"/>
  <testcase name="testAbaNumberCheck_33037_good" classname="com.cardatechnologies.utils.validators.abaroutevalidator.Test_AbaRouteValidator_15" time="0"/>
  <testcase name="testAbaNumberCheck_33378_bad" classname="com.cardatechnologies.utils.validators.abaroutevalidator.Test_AbaRouteValidator_15" time="0"/>
  <testcase name="testAbaNumberCheck_32566_bad" classname="com.cardatechnologies.utils.validators.abaroutevalidator.Test_AbaRouteValidator_15" time="0"/>
  <testcase name="testAbaNumberCheck_34635_good" classname="com.cardatechnologies.utils.validators.abaroutevalidator.Test_AbaRouteValidator_15" time="0"/>
  <testcase name="testAbaNumberCheck_32568_bad" classname="com.cardatechnologies.utils.validators.abaroutevalidator.Test_AbaRouteValidator_15" time="0"/>
  <testcase name="testAbaNumberCheck_34509_good" classname="com.cardatechnologies.utils.validators.abaroutevalidator.Test_AbaRouteValidator_15" time="0"/>
  <testcase name="testAbaNumberCheck_34473_good" classname="com.cardatechnologies.utils.validators.abaroutevalidator.Test_AbaRouteValidator_15" time="0"/>
  <testcase name="testAbaNumberCheck_33533_good" classname="com.cardatechnologies.utils.validators.abaroutevalidator.Test_AbaRouteValidator_15" time="0"/>
  <testcase name="testAbaNumberCheck_34347_good" classname="com.cardatechnologies.utils.validators.abaroutevalidator.Test_AbaRouteValidator_15" time="0"/>
  <testcase name="testAbaNumberCheck_33407_good" classname="com.cardatechnologies.utils.validators.abaroutevalidator.Test_AbaRouteValidator_15" time="0"/>
  <testcase name="testAbaNumberCheck_33371_good" classname="com.cardatechnologies.utils.validators.abaroutevalidator.Test_AbaRouteValidator_15" time="0"/>
  <testcase name="testAbaNumberCheck_34640_bad" classname="com.cardatechnologies.utils.validators.abaroutevalidator.Test_AbaRouteValidator_15" time="0"/>
  <testcase name="testAbaNumberCheck_34190_bad" classname="com.cardatechnologies.utils.validators.abaroutevalidator.Test_AbaRouteValidator_15" time="0"/>
  <testcase name="testAbaNumberCheck_34642_bad" classname="com.cardatechnologies.utils.validators.abaroutevalidator.Test_AbaRouteValidator_15" time="0"/>
  <testcase name="testAbaNumberCheck_34192_bad" classname="com.cardatechnologies.utils.validators.abaroutevalidator.Test_AbaRouteValidator_15" time="0"/>
  <testcase name="testAbaNumberCheck_34185_good" classname="com.cardatechnologies.utils.validators.abaroutevalidator.Test_AbaRouteValidator_15" time="0"/>
  <testcase name="testAbaNumberCheck_33830_bad" classname="com.cardatechnologies.utils.validators.abaroutevalidator.Test_AbaRouteValidator_15" time="0"/>
  <testcase name="testAbaNumberCheck_34644_bad" classname="com.cardatechnologies.utils.validators.abaroutevalidator.Test_AbaRouteValidator_15" time="0"/>
  <testcase name="testAbaNumberCheck_33245_good" classname="com.cardatechnologies.utils.validators.abaroutevalidator.Test_AbaRouteValidator_15" time="0"/>
  <testcase name="testAbaNumberCheck_33380_bad" classname="com.cardatechnologies.utils.validators.abaroutevalidator.Test_AbaRouteValidator_15" time="0"/>
  <testcase name="testAbaNumberCheck_34194_bad" classname="com.cardatechnologies.utils.validators.abaroutevalidator.Test_AbaRouteValidator_15" time="0"/>
  <testcase name="testAbaNumberCheck_33832_bad" classname="com.cardatechnologies.utils.validators.abaroutevalidator.Test_AbaRouteValidator_15" time="0"/>
  <testcase name="testAbaNumberCheck_34646_bad" classname="com.cardatechnologies.utils.validators.abaroutevalidator.Test_AbaRouteValidator_15" time="0"/>
  <testcase name="testAbaNumberCheck_34843_good" classname="com.cardatechnologies.utils.validators.abaroutevalidator.Test_AbaRouteValidator_15" time="0"/>
  <testcase name="testAbaNumberCheck_33382_bad" classname="com.cardatechnologies.utils.validators.abaroutevalidator.Test_AbaRouteValidator_15" time="0"/>
  <testcase name="testAbaNumberCheck_34196_bad" classname="com.cardatechnologies.utils.validators.abaroutevalidator.Test_AbaRouteValidator_15" time="0"/>
  <testcase name="testAbaNumberCheck_33903_good" classname="com.cardatechnologies.utils.validators.abaroutevalidator.Test_AbaRouteValidator_15" time="0"/>
  <testcase name="testAbaNumberCheck_33834_bad" classname="com.cardatechnologies.utils.validators.abaroutevalidator.Test_AbaRouteValidator_15" time="0"/>
  <testcase name="testAbaNumberCheck_34648_bad" classname="com.cardatechnologies.utils.validators.abaroutevalidator.Test_AbaRouteValidator_15" time="0"/>
  <testcase name="testAbaNumberCheck_34059_good" classname="com.cardatechnologies.utils.validators.abaroutevalidator.Test_AbaRouteValidator_15" time="0"/>
  <testcase name="testAbaNumberCheck_32570_bad" classname="com.cardatechnologies.utils.validators.abaroutevalidator.Test_AbaRouteValidator_15" time="0"/>
  <testcase name="testAbaNumberCheck_33384_bad" classname="com.cardatechnologies.utils.validators.abaroutevalidator.Test_AbaRouteValidator_15" time="0"/>
  <testcase name="testAbaNumberCheck_33119_good" classname="com.cardatechnologies.utils.validators.abaroutevalidator.Test_AbaRouteValidator_15" time="0"/>
  <testcase name="testAbaNumberCheck_34198_bad" classname="com.cardatechnologies.utils.validators.abaroutevalidator.Test_AbaRouteValidator_15" time="0"/>
  <testcase name="testAbaNumberCheck_33836_bad" classname="com.cardatechnologies.utils.validators.abaroutevalidator.Test_AbaRouteValidator_15" time="0.001"/>
  <testcase name="testAbaNumberCheck_32572_bad" classname="com.cardatechnologies.utils.validators.abaroutevalidator.Test_AbaRouteValidator_15" time="0"/>
  <testcase name="testAbaNumberCheck_33386_bad" classname="com.cardatechnologies.utils.validators.abaroutevalidator.Test_AbaRouteValidator_15" time="0"/>
  <testcase name="testAbaNumberCheck_34717_good" classname="com.cardatechnologies.utils.validators.abaroutevalidator.Test_AbaRouteValidator_15" time="0"/>
  <testcase name="testAbaNumberCheck_33083_good" classname="com.cardatechnologies.utils.validators.abaroutevalidator.Test_AbaRouteValidator_15" time="0"/>
  <testcase name="testAbaNumberCheck_33838_bad" classname="com.cardatechnologies.utils.validators.abaroutevalidator.Test_AbaRouteValidator_15" time="0"/>
  <testcase name="testAbaNumberCheck_32574_bad" classname="com.cardatechnologies.utils.validators.abaroutevalidator.Test_AbaRouteValidator_15" time="0"/>
  <testcase name="testAbaNumberCheck_33388_bad" classname="com.cardatechnologies.utils.validators.abaroutevalidator.Test_AbaRouteValidator_15" time="0"/>
  <testcase name="testAbaNumberCheck_34681_good" classname="com.cardatechnologies.utils.validators.abaroutevalidator.Test_AbaRouteValidator_15" time="0"/>
  <testcase name="testAbaNumberCheck_32576_bad" classname="com.cardatechnologies.utils.validators.abaroutevalidator.Test_AbaRouteValidator_15" time="0"/>
  <testcase name="testAbaNumberCheck_33741_good" classname="com.cardatechnologies.utils.validators.abaroutevalidator.Test_AbaRouteValidator_15" time="0"/>
  <testcase name="testAbaNumberCheck_32801_good" classname="com.cardatechnologies.utils.validators.abaroutevalidator.Test_AbaRouteValidator_15" time="0"/>
  <testcase name="testAbaNumberCheck_32578_bad" classname="com.cardatechnologies.utils.validators.abaroutevalidator.Test_AbaRouteValidator_15" time="0"/>
  <testcase name="testAbaNumberCheck_34555_good" classname="com.cardatechnologies.utils.validators.abaroutevalidator.Test_AbaRouteValidator_15" time="0"/>
  <testcase name="testAbaNumberCheck_33615_good" classname="com.cardatechnologies.utils.validators.abaroutevalidator.Test_AbaRouteValidator_15" time="0"/>
  <testcase name="testAbaNumberCheck_34429_good" classname="com.cardatechnologies.utils.validators.abaroutevalidator.Test_AbaRouteValidator_15" time="0"/>
  <testcase name="testAbaNumberCheck_34393_good" classname="com.cardatechnologies.utils.validators.abaroutevalidator.Test_AbaRouteValidator_15" time="0"/>
  <testcase name="testAbaNumberCheck_33453_good" classname="com.cardatechnologies.utils.validators.abaroutevalidator.Test_AbaRouteValidator_15" time="0"/>
  <testcase name="testAbaNumberCheck_32513_good" classname="com.cardatechnologies.utils.validators.abaroutevalidator.Test_AbaRouteValidator_15" time="0"/>
  <testcase name="testAbaNumberCheck_34267_good" classname="com.cardatechnologies.utils.validators.abaroutevalidator.Test_AbaRouteValidator_15" time="0"/>
  <testcase name="testAbaNumberCheck_34650_bad" classname="com.cardatechnologies.utils.validators.abaroutevalidator.Test_AbaRouteValidator_15" time="0"/>
  <testcase name="testAbaNumberCheck_33327_good" classname="com.cardatechnologies.utils.validators.abaroutevalidator.Test_AbaRouteValidator_15" time="0"/>
  <testcase name="testAbaNumberCheck_34652_bad" classname="com.cardatechnologies.utils.validators.abaroutevalidator.Test_AbaRouteValidator_15" time="0"/>
  <testcase name="testAbaNumberCheck_34925_good" classname="com.cardatechnologies.utils.validators.abaroutevalidator.Test_AbaRouteValidator_15" time="0"/>
  <testcase name="testAbaNumberCheck_33291_good" classname="com.cardatechnologies.utils.validators.abaroutevalidator.Test_AbaRouteValidator_15" time="0"/>
  <testcase name="testAbaNumberCheck_33840_bad" classname="com.cardatechnologies.utils.validators.abaroutevalidator.Test_AbaRouteValidator_15" time="0"/>
  <testcase name="testAbaNumberCheck_34654_bad" classname="com.cardatechnologies.utils.validators.abaroutevalidator.Test_AbaRouteValidator_15" time="0"/>
  <testcase name="testAbaNumberCheck_33390_bad" classname="com.cardatechnologies.utils.validators.abaroutevalidator.Test_AbaRouteValidator_15" time="0"/>
  <testcase name="testAbaNumberCheck_33842_bad" classname="com.cardatechnologies.utils.validators.abaroutevalidator.Test_AbaRouteValidator_15" time="0"/>
  <testcase name="testAbaNumberCheck_34656_bad" classname="com.cardatechnologies.utils.validators.abaroutevalidator.Test_AbaRouteValidator_15" time="0"/>
  <testcase name="testAbaNumberCheck_33392_bad" classname="com.cardatechnologies.utils.validators.abaroutevalidator.Test_AbaRouteValidator_15" time="0"/>
  <testcase name="testAbaNumberCheck_33844_bad" classname="com.cardatechnologies.utils.validators.abaroutevalidator.Test_AbaRouteValidator_15" time="0"/>
  <testcase name="testAbaNumberCheck_33165_good" classname="com.cardatechnologies.utils.validators.abaroutevalidator.Test_AbaRouteValidator_15" time="0"/>
  <testcase name="testAbaNumberCheck_34658_bad" classname="com.cardatechnologies.utils.validators.abaroutevalidator.Test_AbaRouteValidator_15" time="0"/>
  <testcase name="testAbaNumberCheck_32580_bad" classname="com.cardatechnologies.utils.validators.abaroutevalidator.Test_AbaRouteValidator_15" time="0"/>
  <testcase name="testAbaNumberCheck_33394_bad" classname="com.cardatechnologies.utils.validators.abaroutevalidator.Test_AbaRouteValidator_15" time="0"/>
  <testcase name="testAbaNumberCheck_33846_bad" classname="com.cardatechnologies.utils.validators.abaroutevalidator.Test_AbaRouteValidator_15" time="0"/>
  <testcase name="testAbaNumberCheck_34763_good" classname="com.cardatechnologies.utils.validators.abaroutevalidator.Test_AbaRouteValidator_15" time="0"/>
  <testcase name="testAbaNumberCheck_32582_bad" classname="com.cardatechnologies.utils.validators.abaroutevalidator.Test_AbaRouteValidator_15" time="0"/>
  <testcase name="testAbaNumberCheck_33396_bad" classname="com.cardatechnologies.utils.validators.abaroutevalidator.Test_AbaRouteValidator_15" time="0"/>
  <testcase name="testAbaNumberCheck_33823_good" classname="com.cardatechnologies.utils.validators.abaroutevalidator.Test_AbaRouteValidator_15" time="0"/>
  <testcase name="testAbaNumberCheck_33848_bad" classname="com.cardatechnologies.utils.validators.abaroutevalidator.Test_AbaRouteValidator_15" time="0.001"/>
  <testcase name="testAbaNumberCheck_32584_bad" classname="com.cardatechnologies.utils.validators.abaroutevalidator.Test_AbaRouteValidator_15" time="0"/>
  <testcase name="testAbaNumberCheck_33039_good" classname="com.cardatechnologies.utils.validators.abaroutevalidator.Test_AbaRouteValidator_15" time="0"/>
  <testcase name="testAbaNumberCheck_33398_bad" classname="com.cardatechnologies.utils.validators.abaroutevalidator.Test_AbaRouteValidator_15" time="0"/>
  <testcase name="testAbaNumberCheck_32586_bad" classname="com.cardatechnologies.utils.validators.abaroutevalidator.Test_AbaRouteValidator_15" time="0"/>
  <testcase name="testAbaNumberCheck_34637_good" classname="com.cardatechnologies.utils.validators.abaroutevalidator.Test_AbaRouteValidator_15" time="0"/>
  <testcase name="testAbaNumberCheck_32588_bad" classname="com.cardatechnologies.utils.validators.abaroutevalidator.Test_AbaRouteValidator_15" time="0"/>
  <testcase name="testAbaNumberCheck_33661_good" classname="com.cardatechnologies.utils.validators.abaroutevalidator.Test_AbaRouteValidator_15" time="0"/>
  <testcase name="testAbaNumberCheck_32721_good" classname="com.cardatechnologies.utils.validators.abaroutevalidator.Test_AbaRouteValidator_15" time="0"/>
  <testcase name="testAbaNumberCheck_34475_good" classname="com.cardatechnologies.utils.validators.abaroutevalidator.Test_AbaRouteValidator_15" time="0"/>
  <testcase name="testAbaNumberCheck_33535_good" classname="com.cardatechnologies.utils.validators.abaroutevalidator.Test_AbaRouteValidator_15" time="0"/>
  <testcase name="testAbaNumberCheck_34349_good" classname="com.cardatechnologies.utils.validators.abaroutevalidator.Test_AbaRouteValidator_15" time="0"/>
  <testcase name="testAbaNumberCheck_33409_good" classname="com.cardatechnologies.utils.validators.abaroutevalidator.Test_AbaRouteValidator_15" time="0"/>
  <testcase name="testAbaNumberCheck_33373_good" classname="com.cardatechnologies.utils.validators.abaroutevalidator.Test_AbaRouteValidator_15" time="0"/>
  <testcase name="testAbaNumberCheck_34660_bad" classname="com.cardatechnologies.utils.validators.abaroutevalidator.Test_AbaRouteValidator_15" time="0"/>
  <testcase name="testAbaNumberCheck_34971_good" classname="com.cardatechnologies.utils.validators.abaroutevalidator.Test_AbaRouteValidator_15" time="0"/>
  <testcase name="testAbaNumberCheck_34662_bad" classname="com.cardatechnologies.utils.validators.abaroutevalidator.Test_AbaRouteValidator_15" time="0"/>
  <testcase name="testAbaNumberCheck_34187_good" classname="com.cardatechnologies.utils.validators.abaroutevalidator.Test_AbaRouteValidator_15" time="0"/>
  <testcase name="testAbaNumberCheck_33850_bad" classname="com.cardatechnologies.utils.validators.abaroutevalidator.Test_AbaRouteValidator_15" time="0"/>
  <testcase name="testAbaNumberCheck_34664_bad" classname="com.cardatechnologies.utils.validators.abaroutevalidator.Test_AbaRouteValidator_15" time="0"/>
  <testcase name="testAbaNumberCheck_33247_good" classname="com.cardatechnologies.utils.validators.abaroutevalidator.Test_AbaRouteValidator_15" time="0"/>
  <testcase name="testAbaNumberCheck_33852_bad" classname="com.cardatechnologies.utils.validators.abaroutevalidator.Test_AbaRouteValidator_15" time="0"/>
  <testcase name="testAbaNumberCheck_34666_bad" classname="com.cardatechnologies.utils.validators.abaroutevalidator.Test_AbaRouteValidator_15" time="0"/>
  <testcase name="testAbaNumberCheck_34845_good" classname="com.cardatechnologies.utils.validators.abaroutevalidator.Test_AbaRouteValidator_15" time="0"/>
  <testcase name="testAbaNumberCheck_33905_good" classname="com.cardatechnologies.utils.validators.abaroutevalidator.Test_AbaRouteValidator_15" time="0"/>
  <testcase name="testAbaNumberCheck_33854_bad" classname="com.cardatechnologies.utils.validators.abaroutevalidator.Test_AbaRouteValidator_15" time="0"/>
  <testcase name="testAbaNumberCheck_34668_bad" classname="com.cardatechnologies.utils.validators.abaroutevalidator.Test_AbaRouteValidator_15" time="0"/>
  <testcase name="testAbaNumberCheck_32590_bad" classname="com.cardatechnologies.utils.validators.abaroutevalidator.Test_AbaRouteValidator_15" time="0"/>
  <testcase name="testAbaNumberCheck_33856_bad" classname="com.cardatechnologies.utils.validators.abaroutevalidator.Test_AbaRouteValidator_15" time="0"/>
  <testcase name="testAbaNumberCheck_32592_bad" classname="com.cardatechnologies.utils.validators.abaroutevalidator.Test_AbaRouteValidator_15" time="0.001"/>
  <testcase name="testAbaNumberCheck_34719_good" classname="com.cardatechnologies.utils.validators.abaroutevalidator.Test_AbaRouteValidator_15" time="0"/>
  <testcase name="testAbaNumberCheck_33085_good" classname="com.cardatechnologies.utils.validators.abaroutevalidator.Test_AbaRouteValidator_15" time="0"/>
  <testcase name="testAbaNumberCheck_33858_bad" classname="com.cardatechnologies.utils.validators.abaroutevalidator.Test_AbaRouteValidator_15" time="0"/>
  <testcase name="testAbaNumberCheck_32594_bad" classname="com.cardatechnologies.utils.validators.abaroutevalidator.Test_AbaRouteValidator_15" time="0"/>
  <testcase name="testAbaNumberCheck_34683_good" classname="com.cardatechnologies.utils.validators.abaroutevalidator.Test_AbaRouteValidator_15" time="0"/>
  <testcase name="testAbaNumberCheck_32596_bad" classname="com.cardatechnologies.utils.validators.abaroutevalidator.Test_AbaRouteValidator_15" time="0"/>
  <testcase name="testAbaNumberCheck_33743_good" classname="com.cardatechnologies.utils.validators.abaroutevalidator.Test_AbaRouteValidator_15" time="0"/>
  <testcase name="testAbaNumberCheck_32803_good" classname="com.cardatechnologies.utils.validators.abaroutevalidator.Test_AbaRouteValidator_15" time="0"/>
  <testcase name="testAbaNumberCheck_32598_bad" classname="com.cardatechnologies.utils.validators.abaroutevalidator.Test_AbaRouteValidator_15" time="0"/>
  <testcase name="testAbaNumberCheck_34557_good" classname="com.cardatechnologies.utils.validators.abaroutevalidator.Test_AbaRouteValidator_15" time="0"/>
  <testcase name="testAbaNumberCheck_33617_good" classname="com.cardatechnologies.utils.validators.abaroutevalidator.Test_AbaRouteValidator_15" time="0"/>
  <testcase name="testAbaNumberCheck_33581_good" classname="com.cardatechnologies.utils.validators.abaroutevalidator.Test_AbaRouteValidator_15" time="0"/>
  <testcase name="testAbaNumberCheck_32641_good" classname="com.cardatechnologies.utils.validators.abaroutevalidator.Test_AbaRouteValidator_15" time="0"/>
  <testcase name="testAbaNumberCheck_34395_good" classname="com.cardatechnologies.utils.validators.abaroutevalidator.Test_AbaRouteValidator_15" time="0"/>
  <testcase name="testAbaNumberCheck_33455_good" classname="com.cardatechnologies.utils.validators.abaroutevalidator.Test_AbaRouteValidator_15" time="0"/>
  <testcase name="testAbaNumberCheck_32515_good" classname="com.cardatechnologies.utils.validators.abaroutevalidator.Test_AbaRouteValidator_15" time="0"/>
  <testcase name="testAbaNumberCheck_34269_good" classname="com.cardatechnologies.utils.validators.abaroutevalidator.Test_AbaRouteValidator_15" time="0"/>
  <testcase name="testAbaNumberCheck_34670_bad" classname="com.cardatechnologies.utils.validators.abaroutevalidator.Test_AbaRouteValidator_15" time="0"/>
  <testcase name="testAbaNumberCheck_33329_good" classname="com.cardatechnologies.utils.validators.abaroutevalidator.Test_AbaRouteValidator_15" time="0"/>
  <testcase name="testAbaNumberCheck_34672_bad" classname="com.cardatechnologies.utils.validators.abaroutevalidator.Test_AbaRouteValidator_15" time="0"/>
  <testcase name="testAbaNumberCheck_34927_good" classname="com.cardatechnologies.utils.validators.abaroutevalidator.Test_AbaRouteValidator_15" time="0"/>
  <testcase name="testAbaNumberCheck_33293_good" classname="com.cardatechnologies.utils.validators.abaroutevalidator.Test_AbaRouteValidator_15" time="0"/>
  <testcase name="testAbaNumberCheck_33860_bad" classname="com.cardatechnologies.utils.validators.abaroutevalidator.Test_AbaRouteValidator_15" time="0"/>
  <testcase name="testAbaNumberCheck_34674_bad" classname="com.cardatechnologies.utils.validators.abaroutevalidator.Test_AbaRouteValidator_15" time="0"/>
  <testcase name="testAbaNumberCheck_34891_good" classname="com.cardatechnologies.utils.validators.abaroutevalidator.Test_AbaRouteValidator_15" time="0"/>
  <testcase name="testAbaNumberCheck_33862_bad" classname="com.cardatechnologies.utils.validators.abaroutevalidator.Test_AbaRouteValidator_15" time="0"/>
  <testcase name="testAbaNumberCheck_34676_bad" classname="com.cardatechnologies.utils.validators.abaroutevalidator.Test_AbaRouteValidator_15" time="0"/>
  <testcase name="testAbaNumberCheck_33951_good" classname="com.cardatechnologies.utils.validators.abaroutevalidator.Test_AbaRouteValidator_15" time="0"/>
  <testcase name="testAbaNumberCheck_33864_bad" classname="com.cardatechnologies.utils.validators.abaroutevalidator.Test_AbaRouteValidator_15" time="0.001"/>
  <testcase name="testAbaNumberCheck_33167_good" classname="com.cardatechnologies.utils.validators.abaroutevalidator.Test_AbaRouteValidator_15" time="0"/>
  <testcase name="testAbaNumberCheck_34678_bad" classname="com.cardatechnologies.utils.validators.abaroutevalidator.Test_AbaRouteValidator_15" time="0"/>
  <testcase name="testAbaNumberCheck_33866_bad" classname="com.cardatechnologies.utils.validators.abaroutevalidator.Test_AbaRouteValidator_15" time="0"/>
  <testcase name="testAbaNumberCheck_34765_good" classname="com.cardatechnologies.utils.validators.abaroutevalidator.Test_AbaRouteValidator_15" time="0"/>
  <testcase name="testAbaNumberCheck_33825_good" classname="com.cardatechnologies.utils.validators.abaroutevalidator.Test_AbaRouteValidator_15" time="0"/>
  <testcase name="testAbaNumberCheck_33868_bad" classname="com.cardatechnologies.utils.validators.abaroutevalidator.Test_AbaRouteValidator_15" time="0"/>
  <testcase name="testAbaNumberCheck_34639_good" classname="com.cardatechnologies.utils.validators.abaroutevalidator.Test_AbaRouteValidator_15" time="0"/>
  <testcase name="testAbaNumberCheck_33663_good" classname="com.cardatechnologies.utils.validators.abaroutevalidator.Test_AbaRouteValidator_15" time="0"/>
  <testcase name="testAbaNumberCheck_32723_good" classname="com.cardatechnologies.utils.validators.abaroutevalidator.Test_AbaRouteValidator_15" time="0"/>
  <testcase name="testAbaNumberCheck_34477_good" classname="com.cardatechnologies.utils.validators.abaroutevalidator.Test_AbaRouteValidator_15" time="0"/>
  <testcase name="testAbaNumberCheck_33537_good" classname="com.cardatechnologies.utils.validators.abaroutevalidator.Test_AbaRouteValidator_15" time="0"/>
  <testcase name="testAbaNumberCheck_32561_good" classname="com.cardatechnologies.utils.validators.abaroutevalidator.Test_AbaRouteValidator_15" time="0"/>
  <testcase name="testAbaNumberCheck_33375_good" classname="com.cardatechnologies.utils.validators.abaroutevalidator.Test_AbaRouteValidator_15" time="0"/>
  <testcase name="testAbaNumberCheck_34680_bad" classname="com.cardatechnologies.utils.validators.abaroutevalidator.Test_AbaRouteValidator_15" time="0"/>
  <testcase name="testAbaNumberCheck_34973_good" classname="com.cardatechnologies.utils.validators.abaroutevalidator.Test_AbaRouteValidator_15" time="0"/>
  <testcase name="testAbaNumberCheck_34682_bad" classname="com.cardatechnologies.utils.validators.abaroutevalidator.Test_AbaRouteValidator_15" time="0"/>
  <testcase name="testAbaNumberCheck_34189_good" classname="com.cardatechnologies.utils.validators.abaroutevalidator.Test_AbaRouteValidator_15" time="0"/>
  <testcase name="testAbaNumberCheck_33870_bad" classname="com.cardatechnologies.utils.validators.abaroutevalidator.Test_AbaRouteValidator_15" time="0"/>
  <testcase name="testAbaNumberCheck_34684_bad" classname="com.cardatechnologies.utils.validators.abaroutevalidator.Test_AbaRouteValidator_15" time="0"/>
  <testcase name="testAbaNumberCheck_33249_good" classname="com.cardatechnologies.utils.validators.abaroutevalidator.Test_AbaRouteValidator_15" time="0"/>
  <testcase name="testAbaNumberCheck_33872_bad" classname="com.cardatechnologies.utils.validators.abaroutevalidator.Test_AbaRouteValidator_15" time="0"/>
  <testcase name="testAbaNumberCheck_34686_bad" classname="com.cardatechnologies.utils.validators.abaroutevalidator.Test_AbaRouteValidator_15" time="0"/>
  <testcase name="testAbaNumberCheck_34847_good" classname="com.cardatechnologies.utils.validators.abaroutevalidator.Test_AbaRouteValidator_15" time="0"/>
  <testcase name="testAbaNumberCheck_33907_good" classname="com.cardatechnologies.utils.validators.abaroutevalidator.Test_AbaRouteValidator_15" time="0"/>
  <testcase name="testAbaNumberCheck_33874_bad" classname="com.cardatechnologies.utils.validators.abaroutevalidator.Test_AbaRouteValidator_15" time="0"/>
  <testcase name="testAbaNumberCheck_34688_bad" classname="com.cardatechnologies.utils.validators.abaroutevalidator.Test_AbaRouteValidator_15" time="0"/>
  <testcase name="testAbaNumberCheck_33876_bad" classname="com.cardatechnologies.utils.validators.abaroutevalidator.Test_AbaRouteValidator_15" time="0"/>
  <testcase name="testAbaNumberCheck_33871_good" classname="com.cardatechnologies.utils.validators.abaroutevalidator.Test_AbaRouteValidator_15" time="0"/>
  <testcase name="testAbaNumberCheck_32931_good" classname="com.cardatechnologies.utils.validators.abaroutevalidator.Test_AbaRouteValidator_15" time="0"/>
  <testcase name="testAbaNumberCheck_33087_good" classname="com.cardatechnologies.utils.validators.abaroutevalidator.Test_AbaRouteValidator_15" time="0"/>
  <testcase name="testAbaNumberCheck_33878_bad" classname="com.cardatechnologies.utils.validators.abaroutevalidator.Test_AbaRouteValidator_15" time="0"/>
  <testcase name="testAbaNumberCheck_34685_good" classname="com.cardatechnologies.utils.validators.abaroutevalidator.Test_AbaRouteValidator_15" time="0"/>
  <testcase name="testAbaNumberCheck_33745_good" classname="com.cardatechnologies.utils.validators.abaroutevalidator.Test_AbaRouteValidator_15" time="0"/>
  <testcase name="testAbaNumberCheck_32805_good" classname="com.cardatechnologies.utils.validators.abaroutevalidator.Test_AbaRouteValidator_15" time="0"/>
  <testcase name="testAbaNumberCheck_34559_good" classname="com.cardatechnologies.utils.validators.abaroutevalidator.Test_AbaRouteValidator_15" time="0"/>
  <testcase name="testAbaNumberCheck_33619_good" classname="com.cardatechnologies.utils.validators.abaroutevalidator.Test_AbaRouteValidator_15" time="0"/>
  <testcase name="testAbaNumberCheck_33583_good" classname="com.cardatechnologies.utils.validators.abaroutevalidator.Test_AbaRouteValidator_15" time="0"/>
  <testcase name="testAbaNumberCheck_32643_good" classname="com.cardatechnologies.utils.validators.abaroutevalidator.Test_AbaRouteValidator_15" time="0"/>
  <testcase name="testAbaNumberCheck_34397_good" classname="com.cardatechnologies.utils.validators.abaroutevalidator.Test_AbaRouteValidator_15" time="0"/>
  <testcase name="testAbaNumberCheck_33457_good" classname="com.cardatechnologies.utils.validators.abaroutevalidator.Test_AbaRouteValidator_15" time="0"/>
  <testcase name="testAbaNumberCheck_32517_good" classname="com.cardatechnologies.utils.validators.abaroutevalidator.Test_AbaRouteValidator_15" time="0"/>
  <testcase name="testAbaNumberCheck_34690_bad" classname="com.cardatechnologies.utils.validators.abaroutevalidator.Test_AbaRouteValidator_15" time="0"/>
  <testcase name="testAbaNumberCheck_34692_bad" classname="com.cardatechnologies.utils.validators.abaroutevalidator.Test_AbaRouteValidator_15" time="0"/>
  <testcase name="testAbaNumberCheck_34929_good" classname="com.cardatechnologies.utils.validators.abaroutevalidator.Test_AbaRouteValidator_15" time="0"/>
  <testcase name="testAbaNumberCheck_33295_good" classname="com.cardatechnologies.utils.validators.abaroutevalidator.Test_AbaRouteValidator_15" time="0"/>
  <testcase name="testAbaNumberCheck_33880_bad" classname="com.cardatechnologies.utils.validators.abaroutevalidator.Test_AbaRouteValidator_15" time="0"/>
  <testcase name="testAbaNumberCheck_34694_bad" classname="com.cardatechnologies.utils.validators.abaroutevalidator.Test_AbaRouteValidator_15" time="0"/>
  <testcase name="testAbaNumberCheck_34893_good" classname="com.cardatechnologies.utils.validators.abaroutevalidator.Test_AbaRouteValidator_15" time="0"/>
  <testcase name="testAbaNumberCheck_33882_bad" classname="com.cardatechnologies.utils.validators.abaroutevalidator.Test_AbaRouteValidator_15" time="0"/>
  <testcase name="testAbaNumberCheck_34696_bad" classname="com.cardatechnologies.utils.validators.abaroutevalidator.Test_AbaRouteValidator_15" time="0"/>
  <testcase name="testAbaNumberCheck_33953_good" classname="com.cardatechnologies.utils.validators.abaroutevalidator.Test_AbaRouteValidator_15" time="0"/>
  <testcase name="testAbaNumberCheck_33884_bad" classname="com.cardatechnologies.utils.validators.abaroutevalidator.Test_AbaRouteValidator_15" time="0"/>
  <testcase name="testAbaNumberCheck_33169_good" classname="com.cardatechnologies.utils.validators.abaroutevalidator.Test_AbaRouteValidator_15" time="0"/>
  <testcase name="testAbaNumberCheck_34698_bad" classname="com.cardatechnologies.utils.validators.abaroutevalidator.Test_AbaRouteValidator_15" time="0"/>
  <testcase name="testAbaNumberCheck_33886_bad" classname="com.cardatechnologies.utils.validators.abaroutevalidator.Test_AbaRouteValidator_15" time="0.001"/>
  <testcase name="testAbaNumberCheck_34767_good" classname="com.cardatechnologies.utils.validators.abaroutevalidator.Test_AbaRouteValidator_15" time="0"/>
  <testcase name="testAbaNumberCheck_33827_good" classname="com.cardatechnologies.utils.validators.abaroutevalidator.Test_AbaRouteValidator_15" time="0"/>
  <testcase name="testAbaNumberCheck_33888_bad" classname="com.cardatechnologies.utils.validators.abaroutevalidator.Test_AbaRouteValidator_15" time="0"/>
  <testcase name="testAbaNumberCheck_33791_good" classname="com.cardatechnologies.utils.validators.abaroutevalidator.Test_AbaRouteValidator_15" time="0"/>
  <testcase name="testAbaNumberCheck_32851_good" classname="com.cardatechnologies.utils.validators.abaroutevalidator.Test_AbaRouteValidator_15" time="0"/>
  <testcase name="testAbaNumberCheck_33665_good" classname="com.cardatechnologies.utils.validators.abaroutevalidator.Test_AbaRouteValidator_15" time="0"/>
  <testcase name="testAbaNumberCheck_32725_good" classname="com.cardatechnologies.utils.validators.abaroutevalidator.Test_AbaRouteValidator_15" time="0"/>
  <testcase name="testAbaNumberCheck_34479_good" classname="com.cardatechnologies.utils.validators.abaroutevalidator.Test_AbaRouteValidator_15" time="0"/>
  <testcase name="testAbaNumberCheck_33539_good" classname="com.cardatechnologies.utils.validators.abaroutevalidator.Test_AbaRouteValidator_15" time="0"/>
  <testcase name="testAbaNumberCheck_32563_good" classname="com.cardatechnologies.utils.validators.abaroutevalidator.Test_AbaRouteValidator_15" time="0"/>
  <testcase name="testAbaNumberCheck_33377_good" classname="com.cardatechnologies.utils.validators.abaroutevalidator.Test_AbaRouteValidator_15" time="0"/>
  <testcase name="testAbaNumberCheck_34975_good" classname="com.cardatechnologies.utils.validators.abaroutevalidator.Test_AbaRouteValidator_15" time="0"/>
  <testcase name="testAbaNumberCheck_33890_bad" classname="com.cardatechnologies.utils.validators.abaroutevalidator.Test_AbaRouteValidator_15" time="0"/>
  <testcase name="testAbaNumberCheck_33892_bad" classname="com.cardatechnologies.utils.validators.abaroutevalidator.Test_AbaRouteValidator_15" time="0"/>
  <testcase name="testAbaNumberCheck_34849_good" classname="com.cardatechnologies.utils.validators.abaroutevalidator.Test_AbaRouteValidator_15" time="0"/>
  <testcase name="testAbaNumberCheck_33909_good" classname="com.cardatechnologies.utils.validators.abaroutevalidator.Test_AbaRouteValidator_15" time="0"/>
  <testcase name="testAbaNumberCheck_33894_bad" classname="com.cardatechnologies.utils.validators.abaroutevalidator.Test_AbaRouteValidator_15" time="0"/>
  <testcase name="testAbaNumberCheck_33896_bad" classname="com.cardatechnologies.utils.validators.abaroutevalidator.Test_AbaRouteValidator_15" time="0"/>
  <testcase name="testAbaNumberCheck_33873_good" classname="com.cardatechnologies.utils.validators.abaroutevalidator.Test_AbaRouteValidator_15" time="0"/>
  <testcase name="testAbaNumberCheck_32933_good" classname="com.cardatechnologies.utils.validators.abaroutevalidator.Test_AbaRouteValidator_15" time="0"/>
  <testcase name="testAbaNumberCheck_33089_good" classname="com.cardatechnologies.utils.validators.abaroutevalidator.Test_AbaRouteValidator_15" time="0"/>
  <testcase name="testAbaNumberCheck_33898_bad" classname="com.cardatechnologies.utils.validators.abaroutevalidator.Test_AbaRouteValidator_15" time="0"/>
  <testcase name="testAbaNumberCheck_34687_good" classname="com.cardatechnologies.utils.validators.abaroutevalidator.Test_AbaRouteValidator_15" time="0"/>
  <testcase name="testAbaNumberCheck_33747_good" classname="com.cardatechnologies.utils.validators.abaroutevalidator.Test_AbaRouteValidator_15" time="0"/>
  <testcase name="testAbaNumberCheck_32807_good" classname="com.cardatechnologies.utils.validators.abaroutevalidator.Test_AbaRouteValidator_15" time="0"/>
  <testcase name="testAbaNumberCheck_32771_good" classname="com.cardatechnologies.utils.validators.abaroutevalidator.Test_AbaRouteValidator_15" time="0"/>
  <testcase name="testAbaNumberCheck_33585_good" classname="com.cardatechnologies.utils.validators.abaroutevalidator.Test_AbaRouteValidator_15" time="0"/>
  <testcase name="testAbaNumberCheck_32645_good" classname="com.cardatechnologies.utils.validators.abaroutevalidator.Test_AbaRouteValidator_15" time="0"/>
  <testcase name="testAbaNumberCheck_34399_good" classname="com.cardatechnologies.utils.validators.abaroutevalidator.Test_AbaRouteValidator_15" time="0"/>
  <testcase name="testAbaNumberCheck_33459_good" classname="com.cardatechnologies.utils.validators.abaroutevalidator.Test_AbaRouteValidator_15" time="0.001"/>
  <testcase name="testAbaNumberCheck_32519_good" classname="com.cardatechnologies.utils.validators.abaroutevalidator.Test_AbaRouteValidator_15" time="0"/>
  <testcase name="testAbaNumberCheck_33297_good" classname="com.cardatechnologies.utils.validators.abaroutevalidator.Test_AbaRouteValidator_15" time="0"/>
  <testcase name="testAbaNumberCheck_34895_good" classname="com.cardatechnologies.utils.validators.abaroutevalidator.Test_AbaRouteValidator_15" time="0"/>
  <testcase name="testAbaNumberCheck_33955_good" classname="com.cardatechnologies.utils.validators.abaroutevalidator.Test_AbaRouteValidator_15" time="0"/>
  <testcase name="testAbaNumberCheck_34769_good" classname="com.cardatechnologies.utils.validators.abaroutevalidator.Test_AbaRouteValidator_15" time="0"/>
  <testcase name="testAbaNumberCheck_33829_good" classname="com.cardatechnologies.utils.validators.abaroutevalidator.Test_AbaRouteValidator_15" time="0"/>
  <testcase name="testAbaNumberCheck_33793_good" classname="com.cardatechnologies.utils.validators.abaroutevalidator.Test_AbaRouteValidator_15" time="0"/>
  <testcase name="testAbaNumberCheck_32853_good" classname="com.cardatechnologies.utils.validators.abaroutevalidator.Test_AbaRouteValidator_15" time="0"/>
  <testcase name="testAbaNumberCheck_33667_good" classname="com.cardatechnologies.utils.validators.abaroutevalidator.Test_AbaRouteValidator_15" time="0"/>
  <testcase name="testAbaNumberCheck_32727_good" classname="com.cardatechnologies.utils.validators.abaroutevalidator.Test_AbaRouteValidator_15" time="0"/>
  <testcase name="testAbaNumberCheck_32691_good" classname="com.cardatechnologies.utils.validators.abaroutevalidator.Test_AbaRouteValidator_15" time="0"/>
  <testcase name="testAbaNumberCheck_32565_good" classname="com.cardatechnologies.utils.validators.abaroutevalidator.Test_AbaRouteValidator_15" time="0"/>
  <testcase name="testAbaNumberCheck_33379_good" classname="com.cardatechnologies.utils.validators.abaroutevalidator.Test_AbaRouteValidator_15" time="0"/>
  <testcase name="testAbaNumberCheck_34977_good" classname="com.cardatechnologies.utils.validators.abaroutevalidator.Test_AbaRouteValidator_15" time="0"/>
  <testcase name="testAbaNumberCheck_33875_good" classname="com.cardatechnologies.utils.validators.abaroutevalidator.Test_AbaRouteValidator_15" time="0"/>
  <testcase name="testAbaNumberCheck_32935_good" classname="com.cardatechnologies.utils.validators.abaroutevalidator.Test_AbaRouteValidator_15" time="0"/>
  <testcase name="testAbaNumberCheck_34689_good" classname="com.cardatechnologies.utils.validators.abaroutevalidator.Test_AbaRouteValidator_15" time="0"/>
  <testcase name="testAbaNumberCheck_33749_good" classname="com.cardatechnologies.utils.validators.abaroutevalidator.Test_AbaRouteValidator_15" time="0"/>
  <testcase name="testAbaNumberCheck_32809_good" classname="com.cardatechnologies.utils.validators.abaroutevalidator.Test_AbaRouteValidator_15" time="0"/>
  <testcase name="testAbaNumberCheck_32773_good" classname="com.cardatechnologies.utils.validators.abaroutevalidator.Test_AbaRouteValidator_15" time="0"/>
  <testcase name="testAbaNumberCheck_33587_good" classname="com.cardatechnologies.utils.validators.abaroutevalidator.Test_AbaRouteValidator_15" time="0"/>
  <testcase name="testAbaNumberCheck_32647_good" classname="com.cardatechnologies.utils.validators.abaroutevalidator.Test_AbaRouteValidator_15" time="0"/>
  <testcase name="testAbaNumberCheck_33299_good" classname="com.cardatechnologies.utils.validators.abaroutevalidator.Test_AbaRouteValidator_15" time="0"/>
  <testcase name="testAbaNumberCheck_34897_good" classname="com.cardatechnologies.utils.validators.abaroutevalidator.Test_AbaRouteValidator_15" time="0"/>
  <testcase name="testAbaNumberCheck_33957_good" classname="com.cardatechnologies.utils.validators.abaroutevalidator.Test_AbaRouteValidator_15" time="0"/>
  <testcase name="testAbaNumberCheck_32981_good" classname="com.cardatechnologies.utils.validators.abaroutevalidator.Test_AbaRouteValidator_15" time="0"/>
  <testcase name="testAbaNumberCheck_33795_good" classname="com.cardatechnologies.utils.validators.abaroutevalidator.Test_AbaRouteValidator_15" time="0"/>
  <testcase name="testAbaNumberCheck_32855_good" classname="com.cardatechnologies.utils.validators.abaroutevalidator.Test_AbaRouteValidator_15" time="0"/>
  <testcase name="testAbaNumberCheck_33669_good" classname="com.cardatechnologies.utils.validators.abaroutevalidator.Test_AbaRouteValidator_15" time="0"/>
  <testcase name="testAbaNumberCheck_32729_good" classname="com.cardatechnologies.utils.validators.abaroutevalidator.Test_AbaRouteValidator_15" time="0"/>
  <testcase name="testAbaNumberCheck_32693_good" classname="com.cardatechnologies.utils.validators.abaroutevalidator.Test_AbaRouteValidator_15" time="0"/>
  <testcase name="testAbaNumberCheck_32567_good" classname="com.cardatechnologies.utils.validators.abaroutevalidator.Test_AbaRouteValidator_15" time="0"/>
  <testcase name="testAbaNumberCheck_34979_good" classname="com.cardatechnologies.utils.validators.abaroutevalidator.Test_AbaRouteValidator_15" time="0.001"/>
  <testcase name="testAbaNumberCheck_33877_good" classname="com.cardatechnologies.utils.validators.abaroutevalidator.Test_AbaRouteValidator_15" time="0"/>
  <testcase name="testAbaNumberCheck_32937_good" classname="com.cardatechnologies.utils.validators.abaroutevalidator.Test_AbaRouteValidator_15" time="0"/>
  <testcase name="testAbaNumberCheck_32775_good" classname="com.cardatechnologies.utils.validators.abaroutevalidator.Test_AbaRouteValidator_15" time="0"/>
  <testcase name="testAbaNumberCheck_33589_good" classname="com.cardatechnologies.utils.validators.abaroutevalidator.Test_AbaRouteValidator_15" time="0"/>
  <testcase name="testAbaNumberCheck_32649_good" classname="com.cardatechnologies.utils.validators.abaroutevalidator.Test_AbaRouteValidator_15" time="0"/>
  <testcase name="testAbaNumberCheck_34899_good" classname="com.cardatechnologies.utils.validators.abaroutevalidator.Test_AbaRouteValidator_15" time="0"/>
  <testcase name="testAbaNumberCheck_33959_good" classname="com.cardatechnologies.utils.validators.abaroutevalidator.Test_AbaRouteValidator_15" time="0"/>
  <testcase name="testAbaNumberCheck_32983_good" classname="com.cardatechnologies.utils.validators.abaroutevalidator.Test_AbaRouteValidator_15" time="0"/>
  <testcase name="testAbaNumberCheck_33797_good" classname="com.cardatechnologies.utils.validators.abaroutevalidator.Test_AbaRouteValidator_15" time="0"/>
  <testcase name="testAbaNumberCheck_32857_good" classname="com.cardatechnologies.utils.validators.abaroutevalidator.Test_AbaRouteValidator_15" time="0"/>
  <testcase name="testAbaNumberCheck_32695_good" classname="com.cardatechnologies.utils.validators.abaroutevalidator.Test_AbaRouteValidator_15" time="0"/>
  <testcase name="testAbaNumberCheck_32569_good" classname="com.cardatechnologies.utils.validators.abaroutevalidator.Test_AbaRouteValidator_15" time="0"/>
  <testcase name="testAbaNumberCheck_33879_good" classname="com.cardatechnologies.utils.validators.abaroutevalidator.Test_AbaRouteValidator_15" time="0"/>
  <testcase name="testAbaNumberCheck_32939_good" classname="com.cardatechnologies.utils.validators.abaroutevalidator.Test_AbaRouteValidator_15" time="0"/>
  <testcase name="testAbaNumberCheck_32777_good" classname="com.cardatechnologies.utils.validators.abaroutevalidator.Test_AbaRouteValidator_15" time="0"/>
  <testcase name="testAbaNumberCheck_32985_good" classname="com.cardatechnologies.utils.validators.abaroutevalidator.Test_AbaRouteValidator_15" time="0"/>
  <testcase name="testAbaNumberCheck_33799_good" classname="com.cardatechnologies.utils.validators.abaroutevalidator.Test_AbaRouteValidator_15" time="0"/>
  <testcase name="testAbaNumberCheck_32859_good" classname="com.cardatechnologies.utils.validators.abaroutevalidator.Test_AbaRouteValidator_15" time="0"/>
  <testcase name="testAbaNumberCheck_32697_good" classname="com.cardatechnologies.utils.validators.abaroutevalidator.Test_AbaRouteValidator_15" time="0"/>
  <testcase name="testAbaNumberCheck_32779_good" classname="com.cardatechnologies.utils.validators.abaroutevalidator.Test_AbaRouteValidator_15" time="0"/>
  <testcase name="testAbaNumberCheck_32987_good" classname="com.cardatechnologies.utils.validators.abaroutevalidator.Test_AbaRouteValidator_15" time="0"/>
  <testcase name="testAbaNumberCheck_32699_good" classname="com.cardatechnologies.utils.validators.abaroutevalidator.Test_AbaRouteValidator_15" time="0"/>
  <testcase name="testAbaNumberCheck_32989_good" classname="com.cardatechnologies.utils.validators.abaroutevalidator.Test_AbaRouteValidator_15" time="0"/>
  <testcase name="testAbaNumberCheck_34011_good" classname="com.cardatechnologies.utils.validators.abaroutevalidator.Test_AbaRouteValidator_15" time="0"/>
  <testcase name="testAbaNumberCheck_34301_good" classname="com.cardatechnologies.utils.validators.abaroutevalidator.Test_AbaRouteValidator_15" time="0"/>
  <testcase name="testAbaNumberCheck_34013_good" classname="com.cardatechnologies.utils.validators.abaroutevalidator.Test_AbaRouteValidator_15" time="0"/>
  <testcase name="testAbaNumberCheck_34221_good" classname="com.cardatechnologies.utils.validators.abaroutevalidator.Test_AbaRouteValidator_15" time="0"/>
  <testcase name="testAbaNumberCheck_34303_good" classname="com.cardatechnologies.utils.validators.abaroutevalidator.Test_AbaRouteValidator_15" time="0"/>
  <testcase name="testAbaNumberCheck_34200_bad" classname="com.cardatechnologies.utils.validators.abaroutevalidator.Test_AbaRouteValidator_15" time="0"/>
  <testcase name="testAbaNumberCheck_34202_bad" classname="com.cardatechnologies.utils.validators.abaroutevalidator.Test_AbaRouteValidator_15" time="0"/>
  <testcase name="testAbaNumberCheck_34141_good" classname="com.cardatechnologies.utils.validators.abaroutevalidator.Test_AbaRouteValidator_15" time="0.001"/>
  <testcase name="testAbaNumberCheck_34204_bad" classname="com.cardatechnologies.utils.validators.abaroutevalidator.Test_AbaRouteValidator_15" time="0"/>
  <testcase name="testAbaNumberCheck_33201_good" classname="com.cardatechnologies.utils.validators.abaroutevalidator.Test_AbaRouteValidator_15" time="0"/>
  <testcase name="testAbaNumberCheck_34206_bad" classname="com.cardatechnologies.utils.validators.abaroutevalidator.Test_AbaRouteValidator_15" time="0"/>
  <testcase name="testAbaNumberCheck_34208_bad" classname="com.cardatechnologies.utils.validators.abaroutevalidator.Test_AbaRouteValidator_15" time="0"/>
  <testcase name="testAbaNumberCheck_34015_good" classname="com.cardatechnologies.utils.validators.abaroutevalidator.Test_AbaRouteValidator_15" time="0"/>
  <testcase name="testAbaNumberCheck_34511_good" classname="com.cardatechnologies.utils.validators.abaroutevalidator.Test_AbaRouteValidator_15" time="0"/>
  <testcase name="testAbaNumberCheck_34223_good" classname="com.cardatechnologies.utils.validators.abaroutevalidator.Test_AbaRouteValidator_15" time="0"/>
  <testcase name="testAbaNumberCheck_34210_bad" classname="com.cardatechnologies.utils.validators.abaroutevalidator.Test_AbaRouteValidator_15" time="0"/>
  <testcase name="testAbaNumberCheck_34212_bad" classname="com.cardatechnologies.utils.validators.abaroutevalidator.Test_AbaRouteValidator_15" time="0"/>
  <testcase name="testAbaNumberCheck_33400_bad" classname="com.cardatechnologies.utils.validators.abaroutevalidator.Test_AbaRouteValidator_15" time="0"/>
  <testcase name="testAbaNumberCheck_34214_bad" classname="com.cardatechnologies.utils.validators.abaroutevalidator.Test_AbaRouteValidator_15" time="0"/>
  <testcase name="testAbaNumberCheck_33402_bad" classname="com.cardatechnologies.utils.validators.abaroutevalidator.Test_AbaRouteValidator_15" time="0"/>
  <testcase name="testAbaNumberCheck_34216_bad" classname="com.cardatechnologies.utils.validators.abaroutevalidator.Test_AbaRouteValidator_15" time="0"/>
  <testcase name="testAbaNumberCheck_34061_good" classname="com.cardatechnologies.utils.validators.abaroutevalidator.Test_AbaRouteValidator_15" time="0"/>
  <testcase name="testAbaNumberCheck_33404_bad" classname="com.cardatechnologies.utils.validators.abaroutevalidator.Test_AbaRouteValidator_15" time="0"/>
  <testcase name="testAbaNumberCheck_33121_good" classname="com.cardatechnologies.utils.validators.abaroutevalidator.Test_AbaRouteValidator_15" time="0"/>
  <testcase name="testAbaNumberCheck_34218_bad" classname="com.cardatechnologies.utils.validators.abaroutevalidator.Test_AbaRouteValidator_15" time="0"/>
  <testcase name="testAbaNumberCheck_33406_bad" classname="com.cardatechnologies.utils.validators.abaroutevalidator.Test_AbaRouteValidator_15" time="0"/>
  <testcase name="testAbaNumberCheck_33408_bad" classname="com.cardatechnologies.utils.validators.abaroutevalidator.Test_AbaRouteValidator_15" time="0"/>
  <testcase name="testAbaNumberCheck_34431_good" classname="com.cardatechnologies.utils.validators.abaroutevalidator.Test_AbaRouteValidator_15" time="0"/>
  <testcase name="testAbaNumberCheck_34305_good" classname="com.cardatechnologies.utils.validators.abaroutevalidator.Test_AbaRouteValidator_15" time="0"/>
  <testcase name="testAbaNumberCheck_34220_bad" classname="com.cardatechnologies.utils.validators.abaroutevalidator.Test_AbaRouteValidator_15" time="0"/>
  <testcase name="testAbaNumberCheck_34222_bad" classname="com.cardatechnologies.utils.validators.abaroutevalidator.Test_AbaRouteValidator_15" time="0"/>
  <testcase name="testAbaNumberCheck_34143_good" classname="com.cardatechnologies.utils.validators.abaroutevalidator.Test_AbaRouteValidator_15" time="0"/>
  <testcase name="testAbaNumberCheck_33410_bad" classname="com.cardatechnologies.utils.validators.abaroutevalidator.Test_AbaRouteValidator_15" time="0"/>
  <testcase name="testAbaNumberCheck_34224_bad" classname="com.cardatechnologies.utils.validators.abaroutevalidator.Test_AbaRouteValidator_15" time="0"/>
  <testcase name="testAbaNumberCheck_33203_good" classname="com.cardatechnologies.utils.validators.abaroutevalidator.Test_AbaRouteValidator_15" time="0.001"/>
  <testcase name="testAbaNumberCheck_33412_bad" classname="com.cardatechnologies.utils.validators.abaroutevalidator.Test_AbaRouteValidator_15" time="0"/>
  <testcase name="testAbaNumberCheck_34226_bad" classname="com.cardatechnologies.utils.validators.abaroutevalidator.Test_AbaRouteValidator_15" time="0"/>
  <testcase name="testAbaNumberCheck_34801_good" classname="com.cardatechnologies.utils.validators.abaroutevalidator.Test_AbaRouteValidator_15" time="0"/>
  <testcase name="testAbaNumberCheck_32600_bad" classname="com.cardatechnologies.utils.validators.abaroutevalidator.Test_AbaRouteValidator_15" time="0"/>
  <testcase name="testAbaNumberCheck_33414_bad" classname="com.cardatechnologies.utils.validators.abaroutevalidator.Test_AbaRouteValidator_15" time="0"/>
  <testcase name="testAbaNumberCheck_34228_bad" classname="com.cardatechnologies.utils.validators.abaroutevalidator.Test_AbaRouteValidator_15" time="0"/>
  <testcase name="testAbaNumberCheck_34017_good" classname="com.cardatechnologies.utils.validators.abaroutevalidator.Test_AbaRouteValidator_15" time="0"/>
  <testcase name="testAbaNumberCheck_32602_bad" classname="com.cardatechnologies.utils.validators.abaroutevalidator.Test_AbaRouteValidator_15" time="0"/>
  <testcase name="testAbaNumberCheck_33416_bad" classname="com.cardatechnologies.utils.validators.abaroutevalidator.Test_AbaRouteValidator_15" time="0"/>
  <testcase name="testAbaNumberCheck_32604_bad" classname="com.cardatechnologies.utils.validators.abaroutevalidator.Test_AbaRouteValidator_15" time="0"/>
  <testcase name="testAbaNumberCheck_33041_good" classname="com.cardatechnologies.utils.validators.abaroutevalidator.Test_AbaRouteValidator_15" time="0"/>
  <testcase name="testAbaNumberCheck_33418_bad" classname="com.cardatechnologies.utils.validators.abaroutevalidator.Test_AbaRouteValidator_15" time="0"/>
  <testcase name="testAbaNumberCheck_32606_bad" classname="com.cardatechnologies.utils.validators.abaroutevalidator.Test_AbaRouteValidator_15" time="0"/>
  <testcase name="testAbaNumberCheck_32608_bad" classname="com.cardatechnologies.utils.validators.abaroutevalidator.Test_AbaRouteValidator_15" time="0"/>
  <testcase name="testAbaNumberCheck_34513_good" classname="com.cardatechnologies.utils.validators.abaroutevalidator.Test_AbaRouteValidator_15" time="0"/>
  <testcase name="testAbaNumberCheck_34351_good" classname="com.cardatechnologies.utils.validators.abaroutevalidator.Test_AbaRouteValidator_15" time="0"/>
  <testcase name="testAbaNumberCheck_33411_good" classname="com.cardatechnologies.utils.validators.abaroutevalidator.Test_AbaRouteValidator_15" time="0"/>
  <testcase name="testAbaNumberCheck_34225_good" classname="com.cardatechnologies.utils.validators.abaroutevalidator.Test_AbaRouteValidator_15" time="0"/>
  <testcase name="testAbaNumberCheck_34230_bad" classname="com.cardatechnologies.utils.validators.abaroutevalidator.Test_AbaRouteValidator_15" time="0"/>
  <testcase name="testAbaNumberCheck_34232_bad" classname="com.cardatechnologies.utils.validators.abaroutevalidator.Test_AbaRouteValidator_15" time="0"/>
  <testcase name="testAbaNumberCheck_33420_bad" classname="com.cardatechnologies.utils.validators.abaroutevalidator.Test_AbaRouteValidator_15" time="0"/>
  <testcase name="testAbaNumberCheck_34234_bad" classname="com.cardatechnologies.utils.validators.abaroutevalidator.Test_AbaRouteValidator_15" time="0"/>
  <testcase name="testAbaNumberCheck_33422_bad" classname="com.cardatechnologies.utils.validators.abaroutevalidator.Test_AbaRouteValidator_15" time="0"/>
  <testcase name="testAbaNumberCheck_34236_bad" classname="com.cardatechnologies.utils.validators.abaroutevalidator.Test_AbaRouteValidator_15" time="0"/>
  <testcase name="testAbaNumberCheck_34063_good" classname="com.cardatechnologies.utils.validators.abaroutevalidator.Test_AbaRouteValidator_15" time="0"/>
  <testcase name="testAbaNumberCheck_32610_bad" classname="com.cardatechnologies.utils.validators.abaroutevalidator.Test_AbaRouteValidator_15" time="0"/>
  <testcase name="testAbaNumberCheck_33424_bad" classname="com.cardatechnologies.utils.validators.abaroutevalidator.Test_AbaRouteValidator_15" time="0.001"/>
  <testcase name="testAbaNumberCheck_33123_good" classname="com.cardatechnologies.utils.validators.abaroutevalidator.Test_AbaRouteValidator_15" time="0"/>
  <testcase name="testAbaNumberCheck_34238_bad" classname="com.cardatechnologies.utils.validators.abaroutevalidator.Test_AbaRouteValidator_15" time="0"/>
  <testcase name="testAbaNumberCheck_32612_bad" classname="com.cardatechnologies.utils.validators.abaroutevalidator.Test_AbaRouteValidator_15" time="0"/>
  <testcase name="testAbaNumberCheck_33426_bad" classname="com.cardatechnologies.utils.validators.abaroutevalidator.Test_AbaRouteValidator_15" time="0"/>
  <testcase name="testAbaNumberCheck_34721_good" classname="com.cardatechnologies.utils.validators.abaroutevalidator.Test_AbaRouteValidator_15" time="0"/>
  <testcase name="testAbaNumberCheck_32614_bad" classname="com.cardatechnologies.utils.validators.abaroutevalidator.Test_AbaRouteValidator_15" time="0"/>
  <testcase name="testAbaNumberCheck_33428_bad" classname="com.cardatechnologies.utils.validators.abaroutevalidator.Test_AbaRouteValidator_15" time="0"/>
  <testcase name="testAbaNumberCheck_32616_bad" classname="com.cardatechnologies.utils.validators.abaroutevalidator.Test_AbaRouteValidator_15" time="0"/>
  <testcase name="testAbaNumberCheck_32618_bad" classname="com.cardatechnologies.utils.validators.abaroutevalidator.Test_AbaRouteValidator_15" time="0"/>
  <testcase name="testAbaNumberCheck_34433_good" classname="com.cardatechnologies.utils.validators.abaroutevalidator.Test_AbaRouteValidator_15" time="0"/>
  <testcase name="testAbaNumberCheck_34307_good" classname="com.cardatechnologies.utils.validators.abaroutevalidator.Test_AbaRouteValidator_15" time="0"/>
  <testcase name="testAbaNumberCheck_34271_good" classname="com.cardatechnologies.utils.validators.abaroutevalidator.Test_AbaRouteValidator_15" time="0"/>
  <testcase name="testAbaNumberCheck_33331_good" classname="com.cardatechnologies.utils.validators.abaroutevalidator.Test_AbaRouteValidator_15" time="0"/>
  <testcase name="testAbaNumberCheck_34240_bad" classname="com.cardatechnologies.utils.validators.abaroutevalidator.Test_AbaRouteValidator_15" time="0"/>
  <testcase name="testAbaNumberCheck_34242_bad" classname="com.cardatechnologies.utils.validators.abaroutevalidator.Test_AbaRouteValidator_15" time="0"/>
  <testcase name="testAbaNumberCheck_34145_good" classname="com.cardatechnologies.utils.validators.abaroutevalidator.Test_AbaRouteValidator_15" time="0"/>
  <testcase name="testAbaNumberCheck_33430_bad" classname="com.cardatechnologies.utils.validators.abaroutevalidator.Test_AbaRouteValidator_15" time="0"/>
  <testcase name="testAbaNumberCheck_34244_bad" classname="com.cardatechnologies.utils.validators.abaroutevalidator.Test_AbaRouteValidator_15" time="0"/>
  <testcase name="testAbaNumberCheck_33205_good" classname="com.cardatechnologies.utils.validators.abaroutevalidator.Test_AbaRouteValidator_15" time="0"/>
  <testcase name="testAbaNumberCheck_33432_bad" classname="com.cardatechnologies.utils.validators.abaroutevalidator.Test_AbaRouteValidator_15" time="0"/>
  <testcase name="testAbaNumberCheck_34246_bad" classname="com.cardatechnologies.utils.validators.abaroutevalidator.Test_AbaRouteValidator_15" time="0"/>
  <testcase name="testAbaNumberCheck_34803_good" classname="com.cardatechnologies.utils.validators.abaroutevalidator.Test_AbaRouteValidator_15" time="0"/>
  <testcase name="testAbaNumberCheck_32620_bad" classname="com.cardatechnologies.utils.validators.abaroutevalidator.Test_AbaRouteValidator_15" time="0"/>
  <testcase name="testAbaNumberCheck_33434_bad" classname="com.cardatechnologies.utils.validators.abaroutevalidator.Test_AbaRouteValidator_15" time="0"/>
  <testcase name="testAbaNumberCheck_34248_bad" classname="com.cardatechnologies.utils.validators.abaroutevalidator.Test_AbaRouteValidator_15" time="0"/>
  <testcase name="testAbaNumberCheck_34019_good" classname="com.cardatechnologies.utils.validators.abaroutevalidator.Test_AbaRouteValidator_15" time="0"/>
  <testcase name="testAbaNumberCheck_32622_bad" classname="com.cardatechnologies.utils.validators.abaroutevalidator.Test_AbaRouteValidator_15" time="0"/>
  <testcase name="testAbaNumberCheck_33436_bad" classname="com.cardatechnologies.utils.validators.abaroutevalidator.Test_AbaRouteValidator_15" time="0.001"/>
  <testcase name="testAbaNumberCheck_32624_bad" classname="com.cardatechnologies.utils.validators.abaroutevalidator.Test_AbaRouteValidator_15" time="0"/>
  <testcase name="testAbaNumberCheck_33043_good" classname="com.cardatechnologies.utils.validators.abaroutevalidator.Test_AbaRouteValidator_15" time="0"/>
  <testcase name="testAbaNumberCheck_33438_bad" classname="com.cardatechnologies.utils.validators.abaroutevalidator.Test_AbaRouteValidator_15" time="0"/>
  <testcase name="testAbaNumberCheck_32626_bad" classname="com.cardatechnologies.utils.validators.abaroutevalidator.Test_AbaRouteValidator_15" time="0"/>
  <testcase name="testAbaNumberCheck_34641_good" classname="com.cardatechnologies.utils.validators.abaroutevalidator.Test_AbaRouteValidator_15" time="0"/>
  <testcase name="testAbaNumberCheck_33701_good" classname="com.cardatechnologies.utils.validators.abaroutevalidator.Test_AbaRouteValidator_15" time="0"/>
  <testcase name="testAbaNumberCheck_32628_bad" classname="com.cardatechnologies.utils.validators.abaroutevalidator.Test_AbaRouteValidator_15" time="0"/>
  <testcase name="testAbaNumberCheck_34515_good" classname="com.cardatechnologies.utils.validators.abaroutevalidator.Test_AbaRouteValidator_15" time="0"/>
  <testcase name="testAbaNumberCheck_34353_good" classname="com.cardatechnologies.utils.validators.abaroutevalidator.Test_AbaRouteValidator_15" time="0"/>
  <testcase name="testAbaNumberCheck_33413_good" classname="com.cardatechnologies.utils.validators.abaroutevalidator.Test_AbaRouteValidator_15" time="0"/>
  <testcase name="testAbaNumberCheck_34700_bad" classname="com.cardatechnologies.utils.validators.abaroutevalidator.Test_AbaRouteValidator_15" time="0"/>
  <testcase name="testAbaNumberCheck_34227_good" classname="com.cardatechnologies.utils.validators.abaroutevalidator.Test_AbaRouteValidator_15" time="0"/>
  <testcase name="testAbaNumberCheck_34250_bad" classname="com.cardatechnologies.utils.validators.abaroutevalidator.Test_AbaRouteValidator_15" time="0"/>
  <testcase name="testAbaNumberCheck_34702_bad" classname="com.cardatechnologies.utils.validators.abaroutevalidator.Test_AbaRouteValidator_15" time="0"/>
  <testcase name="testAbaNumberCheck_34252_bad" classname="com.cardatechnologies.utils.validators.abaroutevalidator.Test_AbaRouteValidator_15" time="0"/>
  <testcase name="testAbaNumberCheck_34191_good" classname="com.cardatechnologies.utils.validators.abaroutevalidator.Test_AbaRouteValidator_15" time="0"/>
  <testcase name="testAbaNumberCheck_34704_bad" classname="com.cardatechnologies.utils.validators.abaroutevalidator.Test_AbaRouteValidator_15" time="0"/>
  <testcase name="testAbaNumberCheck_33251_good" classname="com.cardatechnologies.utils.validators.abaroutevalidator.Test_AbaRouteValidator_15" time="0"/>
  <testcase name="testAbaNumberCheck_33440_bad" classname="com.cardatechnologies.utils.validators.abaroutevalidator.Test_AbaRouteValidator_15" time="0"/>
  <testcase name="testAbaNumberCheck_34254_bad" classname="com.cardatechnologies.utils.validators.abaroutevalidator.Test_AbaRouteValidator_15" time="0"/>
  <testcase name="testAbaNumberCheck_34706_bad" classname="com.cardatechnologies.utils.validators.abaroutevalidator.Test_AbaRouteValidator_15" time="0"/>
  <testcase name="testAbaNumberCheck_33442_bad" classname="com.cardatechnologies.utils.validators.abaroutevalidator.Test_AbaRouteValidator_15" time="0"/>
  <testcase name="testAbaNumberCheck_34256_bad" classname="com.cardatechnologies.utils.validators.abaroutevalidator.Test_AbaRouteValidator_15" time="0"/>
  <testcase name="testAbaNumberCheck_34708_bad" classname="com.cardatechnologies.utils.validators.abaroutevalidator.Test_AbaRouteValidator_15" time="0"/>
  <testcase name="testAbaNumberCheck_34065_good" classname="com.cardatechnologies.utils.validators.abaroutevalidator.Test_AbaRouteValidator_15" time="0"/>
  <testcase name="testAbaNumberCheck_32630_bad" classname="com.cardatechnologies.utils.validators.abaroutevalidator.Test_AbaRouteValidator_15" time="0"/>
  <testcase name="testAbaNumberCheck_33444_bad" classname="com.cardatechnologies.utils.validators.abaroutevalidator.Test_AbaRouteValidator_15" time="0"/>
  <testcase name="testAbaNumberCheck_33125_good" classname="com.cardatechnologies.utils.validators.abaroutevalidator.Test_AbaRouteValidator_15" time="0"/>
  <testcase name="testAbaNumberCheck_34258_bad" classname="com.cardatechnologies.utils.validators.abaroutevalidator.Test_AbaRouteValidator_15" time="0"/>
  <testcase name="testAbaNumberCheck_32632_bad" classname="com.cardatechnologies.utils.validators.abaroutevalidator.Test_AbaRouteValidator_15" time="0.001"/>
  <testcase name="testAbaNumberCheck_33446_bad" classname="com.cardatechnologies.utils.validators.abaroutevalidator.Test_AbaRouteValidator_15" time="0"/>
  <testcase name="testAbaNumberCheck_34723_good" classname="com.cardatechnologies.utils.validators.abaroutevalidator.Test_AbaRouteValidator_15" time="0"/>
  <testcase name="testAbaNumberCheck_32634_bad" classname="com.cardatechnologies.utils.validators.abaroutevalidator.Test_AbaRouteValidator_15" time="0"/>
  <testcase name="testAbaNumberCheck_33448_bad" classname="com.cardatechnologies.utils.validators.abaroutevalidator.Test_AbaRouteValidator_15" time="0"/>
  <testcase name="testAbaNumberCheck_32636_bad" classname="com.cardatechnologies.utils.validators.abaroutevalidator.Test_AbaRouteValidator_15" time="0"/>
  <testcase name="testAbaNumberCheck_32638_bad" classname="com.cardatechnologies.utils.validators.abaroutevalidator.Test_AbaRouteValidator_15" time="0"/>
  <testcase name="testAbaNumberCheck_34561_good" classname="com.cardatechnologies.utils.validators.abaroutevalidator.Test_AbaRouteValidator_15" time="0"/>
  <testcase name="testAbaNumberCheck_33621_good" classname="com.cardatechnologies.utils.validators.abaroutevalidator.Test_AbaRouteValidator_15" time="0"/>
  <testcase name="testAbaNumberCheck_34435_good" classname="com.cardatechnologies.utils.validators.abaroutevalidator.Test_AbaRouteValidator_15" time="0"/>
  <testcase name="testAbaNumberCheck_34309_good" classname="com.cardatechnologies.utils.validators.abaroutevalidator.Test_AbaRouteValidator_15" time="0"/>
  <testcase name="testAbaNumberCheck_34273_good" classname="com.cardatechnologies.utils.validators.abaroutevalidator.Test_AbaRouteValidator_15" time="0"/>
  <testcase name="testAbaNumberCheck_34710_bad" classname="com.cardatechnologies.utils.validators.abaroutevalidator.Test_AbaRouteValidator_15" time="0"/>
  <testcase name="testAbaNumberCheck_33333_good" classname="com.cardatechnologies.utils.validators.abaroutevalidator.Test_AbaRouteValidator_15" time="0"/>
  <testcase name="testAbaNumberCheck_34260_bad" classname="com.cardatechnologies.utils.validators.abaroutevalidator.Test_AbaRouteValidator_15" time="0"/>
  <testcase name="testAbaNumberCheck_34712_bad" classname="com.cardatechnologies.utils.validators.abaroutevalidator.Test_AbaRouteValidator_15" time="0"/>
  <testcase name="testAbaNumberCheck_34931_good" classname="com.cardatechnologies.utils.validators.abaroutevalidator.Test_AbaRouteValidator_15" time="0"/>
  <testcase name="testAbaNumberCheck_34262_bad" classname="com.cardatechnologies.utils.validators.abaroutevalidator.Test_AbaRouteValidator_15" time="0"/>
  <testcase name="testAbaNumberCheck_33900_bad" classname="com.cardatechnologies.utils.validators.abaroutevalidator.Test_AbaRouteValidator_15" time="0"/>
  <testcase name="testAbaNumberCheck_34714_bad" classname="com.cardatechnologies.utils.validators.abaroutevalidator.Test_AbaRouteValidator_15" time="0"/>
  <testcase name="testAbaNumberCheck_34147_good" classname="com.cardatechnologies.utils.validators.abaroutevalidator.Test_AbaRouteValidator_15" time="0"/>
  <testcase name="testAbaNumberCheck_33450_bad" classname="com.cardatechnologies.utils.validators.abaroutevalidator.Test_AbaRouteValidator_15" time="0"/>
  <testcase name="testAbaNumberCheck_34264_bad" classname="com.cardatechnologies.utils.validators.abaroutevalidator.Test_AbaRouteValidator_15" time="0"/>
  <testcase name="testAbaNumberCheck_33207_good" classname="com.cardatechnologies.utils.validators.abaroutevalidator.Test_AbaRouteValidator_15" time="0"/>
  <testcase name="testAbaNumberCheck_33902_bad" classname="com.cardatechnologies.utils.validators.abaroutevalidator.Test_AbaRouteValidator_15" time="0"/>
  <testcase name="testAbaNumberCheck_34716_bad" classname="com.cardatechnologies.utils.validators.abaroutevalidator.Test_AbaRouteValidator_15" time="0"/>
  <testcase name="testAbaNumberCheck_33452_bad" classname="com.cardatechnologies.utils.validators.abaroutevalidator.Test_AbaRouteValidator_15" time="0"/>
  <testcase name="testAbaNumberCheck_34266_bad" classname="com.cardatechnologies.utils.validators.abaroutevalidator.Test_AbaRouteValidator_15" time="0"/>
  <testcase name="testAbaNumberCheck_34805_good" classname="com.cardatechnologies.utils.validators.abaroutevalidator.Test_AbaRouteValidator_15" time="0"/>
  <testcase name="testAbaNumberCheck_33904_bad" classname="com.cardatechnologies.utils.validators.abaroutevalidator.Test_AbaRouteValidator_15" time="0"/>
  <testcase name="testAbaNumberCheck_33171_good" classname="com.cardatechnologies.utils.validators.abaroutevalidator.Test_AbaRouteValidator_15" time="0"/>
  <testcase name="testAbaNumberCheck_34718_bad" classname="com.cardatechnologies.utils.validators.abaroutevalidator.Test_AbaRouteValidator_15" time="0"/>
  <testcase name="testAbaNumberCheck_32640_bad" classname="com.cardatechnologies.utils.validators.abaroutevalidator.Test_AbaRouteValidator_15" time="0"/>
  <testcase name="testAbaNumberCheck_33454_bad" classname="com.cardatechnologies.utils.validators.abaroutevalidator.Test_AbaRouteValidator_15" time="0"/>
  <testcase name="testAbaNumberCheck_34268_bad" classname="com.cardatechnologies.utils.validators.abaroutevalidator.Test_AbaRouteValidator_15" time="0"/>
  <testcase name="testAbaNumberCheck_33906_bad" classname="com.cardatechnologies.utils.validators.abaroutevalidator.Test_AbaRouteValidator_15" time="0"/>
  <testcase name="testAbaNumberCheck_32642_bad" classname="com.cardatechnologies.utils.validators.abaroutevalidator.Test_AbaRouteValidator_15" time="0"/>
  <testcase name="testAbaNumberCheck_33456_bad" classname="com.cardatechnologies.utils.validators.abaroutevalidator.Test_AbaRouteValidator_15" time="0"/>
  <testcase name="testAbaNumberCheck_33908_bad" classname="com.cardatechnologies.utils.validators.abaroutevalidator.Test_AbaRouteValidator_15" time="0"/>
  <testcase name="testAbaNumberCheck_32644_bad" classname="com.cardatechnologies.utils.validators.abaroutevalidator.Test_AbaRouteValidator_15" time="0"/>
  <testcase name="testAbaNumberCheck_33045_good" classname="com.cardatechnologies.utils.validators.abaroutevalidator.Test_AbaRouteValidator_15" time="0"/>
  <testcase name="testAbaNumberCheck_33458_bad" classname="com.cardatechnologies.utils.validators.abaroutevalidator.Test_AbaRouteValidator_15" time="0"/>
  <testcase name="testAbaNumberCheck_32646_bad" classname="com.cardatechnologies.utils.validators.abaroutevalidator.Test_AbaRouteValidator_15" time="0"/>
  <testcase name="testAbaNumberCheck_34643_good" classname="com.cardatechnologies.utils.validators.abaroutevalidator.Test_AbaRouteValidator_15" time="0"/>
  <testcase name="testAbaNumberCheck_33703_good" classname="com.cardatechnologies.utils.validators.abaroutevalidator.Test_AbaRouteValidator_15" time="0"/>
  <testcase name="testAbaNumberCheck_32648_bad" classname="com.cardatechnologies.utils.validators.abaroutevalidator.Test_AbaRouteValidator_15" time="0"/>
  <testcase name="testAbaNumberCheck_34517_good" classname="com.cardatechnologies.utils.validators.abaroutevalidator.Test_AbaRouteValidator_15" time="0"/>
  <testcase name="testAbaNumberCheck_34481_good" classname="com.cardatechnologies.utils.validators.abaroutevalidator.Test_AbaRouteValidator_15" time="0"/>
  <testcase name="testAbaNumberCheck_33541_good" classname="com.cardatechnologies.utils.validators.abaroutevalidator.Test_AbaRouteValidator_15" time="0"/>
  <testcase name="testAbaNumberCheck_32601_good" classname="com.cardatechnologies.utils.validators.abaroutevalidator.Test_AbaRouteValidator_15" time="0"/>
  <testcase name="testAbaNumberCheck_34355_good" classname="com.cardatechnologies.utils.validators.abaroutevalidator.Test_AbaRouteValidator_15" time="0"/>
  <testcase name="testAbaNumberCheck_33415_good" classname="com.cardatechnologies.utils.validators.abaroutevalidator.Test_AbaRouteValidator_15" time="0"/>
  <testcase name="testAbaNumberCheck_34720_bad" classname="com.cardatechnologies.utils.validators.abaroutevalidator.Test_AbaRouteValidator_15" time="0"/>
  <testcase name="testAbaNumberCheck_34229_good" classname="com.cardatechnologies.utils.validators.abaroutevalidator.Test_AbaRouteValidator_15" time="0"/>
  <testcase name="testAbaNumberCheck_34270_bad" classname="com.cardatechnologies.utils.validators.abaroutevalidator.Test_AbaRouteValidator_15" time="0.001"/>
  <testcase name="testAbaNumberCheck_34722_bad" classname="com.cardatechnologies.utils.validators.abaroutevalidator.Test_AbaRouteValidator_15" time="0"/>
  <testcase name="testAbaNumberCheck_34272_bad" classname="com.cardatechnologies.utils.validators.abaroutevalidator.Test_AbaRouteValidator_15" time="0"/>
  <testcase name="testAbaNumberCheck_34193_good" classname="com.cardatechnologies.utils.validators.abaroutevalidator.Test_AbaRouteValidator_15" time="0"/>
  <testcase name="testAbaNumberCheck_33910_bad" classname="com.cardatechnologies.utils.validators.abaroutevalidator.Test_AbaRouteValidator_15" time="0"/>
  <testcase name="testAbaNumberCheck_34724_bad" classname="com.cardatechnologies.utils.validators.abaroutevalidator.Test_AbaRouteValidator_15" time="0"/>
  <testcase name="testAbaNumberCheck_33253_good" classname="com.cardatechnologies.utils.validators.abaroutevalidator.Test_AbaRouteValidator_15" time="0"/>
  <testcase name="testAbaNumberCheck_33460_bad" classname="com.cardatechnologies.utils.validators.abaroutevalidator.Test_AbaRouteValidator_15" time="0"/>
  <testcase name="testAbaNumberCheck_34274_bad" classname="com.cardatechnologies.utils.validators.abaroutevalidator.Test_AbaRouteValidator_15" time="0"/>
  <testcase name="testAbaNumberCheck_33912_bad" classname="com.cardatechnologies.utils.validators.abaroutevalidator.Test_AbaRouteValidator_15" time="0"/>
  <testcase name="testAbaNumberCheck_34726_bad" classname="com.cardatechnologies.utils.validators.abaroutevalidator.Test_AbaRouteValidator_15" time="0"/>
  <testcase name="testAbaNumberCheck_34851_good" classname="com.cardatechnologies.utils.validators.abaroutevalidator.Test_AbaRouteValidator_15" time="0"/>
  <testcase name="testAbaNumberCheck_33462_bad" classname="com.cardatechnologies.utils.validators.abaroutevalidator.Test_AbaRouteValidator_15" time="0"/>
  <testcase name="testAbaNumberCheck_34276_bad" classname="com.cardatechnologies.utils.validators.abaroutevalidator.Test_AbaRouteValidator_15" time="0"/>
  <testcase name="testAbaNumberCheck_33911_good" classname="com.cardatechnologies.utils.validators.abaroutevalidator.Test_AbaRouteValidator_15" time="0"/>
  <testcase name="testAbaNumberCheck_33914_bad" classname="com.cardatechnologies.utils.validators.abaroutevalidator.Test_AbaRouteValidator_15" time="0"/>
  <testcase name="testAbaNumberCheck_34728_bad" classname="com.cardatechnologies.utils.validators.abaroutevalidator.Test_AbaRouteValidator_15" time="0"/>
  <testcase name="testAbaNumberCheck_34067_good" classname="com.cardatechnologies.utils.validators.abaroutevalidator.Test_AbaRouteValidator_15" time="0"/>
  <testcase name="testAbaNumberCheck_32650_bad" classname="com.cardatechnologies.utils.validators.abaroutevalidator.Test_AbaRouteValidator_15" time="0"/>
  <testcase name="testAbaNumberCheck_33464_bad" classname="com.cardatechnologies.utils.validators.abaroutevalidator.Test_AbaRouteValidator_15" time="0"/>
  <testcase name="testAbaNumberCheck_33127_good" classname="com.cardatechnologies.utils.validators.abaroutevalidator.Test_AbaRouteValidator_15" time="0"/>
  <testcase name="testAbaNumberCheck_34278_bad" classname="com.cardatechnologies.utils.validators.abaroutevalidator.Test_AbaRouteValidator_15" time="0"/>
  <testcase name="testAbaNumberCheck_33916_bad" classname="com.cardatechnologies.utils.validators.abaroutevalidator.Test_AbaRouteValidator_15" time="0"/>
  <testcase name="testAbaNumberCheck_32652_bad" classname="com.cardatechnologies.utils.validators.abaroutevalidator.Test_AbaRouteValidator_15" time="0"/>
  <testcase name="testAbaNumberCheck_33466_bad" classname="com.cardatechnologies.utils.validators.abaroutevalidator.Test_AbaRouteValidator_15" time="0"/>
  <testcase name="testAbaNumberCheck_34725_good" classname="com.cardatechnologies.utils.validators.abaroutevalidator.Test_AbaRouteValidator_15" time="0"/>
  <testcase name="testAbaNumberCheck_33091_good" classname="com.cardatechnologies.utils.validators.abaroutevalidator.Test_AbaRouteValidator_15" time="0"/>
  <testcase name="testAbaNumberCheck_33918_bad" classname="com.cardatechnologies.utils.validators.abaroutevalidator.Test_AbaRouteValidator_15" time="0"/>
  <testcase name="testAbaNumberCheck_32654_bad" classname="com.cardatechnologies.utils.validators.abaroutevalidator.Test_AbaRouteValidator_15" time="0"/>
  <testcase name="testAbaNumberCheck_33468_bad" classname="com.cardatechnologies.utils.validators.abaroutevalidator.Test_AbaRouteValidator_15" time="0"/>
  <testcase name="testAbaNumberCheck_32656_bad" classname="com.cardatechnologies.utils.validators.abaroutevalidator.Test_AbaRouteValidator_15" time="0"/>
  <testcase name="testAbaNumberCheck_32658_bad" classname="com.cardatechnologies.utils.validators.abaroutevalidator.Test_AbaRouteValidator_15" time="0"/>
  <testcase name="testAbaNumberCheck_34563_good" classname="com.cardatechnologies.utils.validators.abaroutevalidator.Test_AbaRouteValidator_15" time="0"/>
  <testcase name="testAbaNumberCheck_33623_good" classname="com.cardatechnologies.utils.validators.abaroutevalidator.Test_AbaRouteValidator_15" time="0"/>
  <testcase name="testAbaNumberCheck_34437_good" classname="com.cardatechnologies.utils.validators.abaroutevalidator.Test_AbaRouteValidator_15" time="0"/>
  <testcase name="testAbaNumberCheck_33461_good" classname="com.cardatechnologies.utils.validators.abaroutevalidator.Test_AbaRouteValidator_15" time="0"/>
  <testcase name="testAbaNumberCheck_32521_good" classname="com.cardatechnologies.utils.validators.abaroutevalidator.Test_AbaRouteValidator_15" time="0"/>
  <testcase name="testAbaNumberCheck_34275_good" classname="com.cardatechnologies.utils.validators.abaroutevalidator.Test_AbaRouteValidator_15" time="0"/>
  <testcase name="testAbaNumberCheck_34730_bad" classname="com.cardatechnologies.utils.validators.abaroutevalidator.Test_AbaRouteValidator_15" time="0"/>
  <testcase name="testAbaNumberCheck_33335_good" classname="com.cardatechnologies.utils.validators.abaroutevalidator.Test_AbaRouteValidator_15" time="0"/>
  <testcase name="testAbaNumberCheck_34280_bad" classname="com.cardatechnologies.utils.validators.abaroutevalidator.Test_AbaRouteValidator_15" time="0"/>
  <testcase name="testAbaNumberCheck_34732_bad" classname="com.cardatechnologies.utils.validators.abaroutevalidator.Test_AbaRouteValidator_15" time="0"/>
  <testcase name="testAbaNumberCheck_34933_good" classname="com.cardatechnologies.utils.validators.abaroutevalidator.Test_AbaRouteValidator_15" time="0"/>
  <testcase name="testAbaNumberCheck_34282_bad" classname="com.cardatechnologies.utils.validators.abaroutevalidator.Test_AbaRouteValidator_15" time="0"/>
  <testcase name="testAbaNumberCheck_33920_bad" classname="com.cardatechnologies.utils.validators.abaroutevalidator.Test_AbaRouteValidator_15" time="0"/>
  <testcase name="testAbaNumberCheck_34734_bad" classname="com.cardatechnologies.utils.validators.abaroutevalidator.Test_AbaRouteValidator_15" time="0"/>
  <testcase name="testAbaNumberCheck_34149_good" classname="com.cardatechnologies.utils.validators.abaroutevalidator.Test_AbaRouteValidator_15" time="0"/>
  <testcase name="testAbaNumberCheck_33470_bad" classname="com.cardatechnologies.utils.validators.abaroutevalidator.Test_AbaRouteValidator_15" time="0"/>
  <testcase name="testAbaNumberCheck_34284_bad" classname="com.cardatechnologies.utils.validators.abaroutevalidator.Test_AbaRouteValidator_15" time="0"/>
  <testcase name="testAbaNumberCheck_33209_good" classname="com.cardatechnologies.utils.validators.abaroutevalidator.Test_AbaRouteValidator_15" time="0"/>
  <testcase name="testAbaNumberCheck_33922_bad" classname="com.cardatechnologies.utils.validators.abaroutevalidator.Test_AbaRouteValidator_15" time="0"/>
  <testcase name="testAbaNumberCheck_34736_bad" classname="com.cardatechnologies.utils.validators.abaroutevalidator.Test_AbaRouteValidator_15" time="0"/>
  <testcase name="testAbaNumberCheck_33472_bad" classname="com.cardatechnologies.utils.validators.abaroutevalidator.Test_AbaRouteValidator_15" time="0"/>
  <testcase name="testAbaNumberCheck_34286_bad" classname="com.cardatechnologies.utils.validators.abaroutevalidator.Test_AbaRouteValidator_15" time="0"/>
  <testcase name="testAbaNumberCheck_34807_good" classname="com.cardatechnologies.utils.validators.abaroutevalidator.Test_AbaRouteValidator_15" time="0"/>
  <testcase name="testAbaNumberCheck_33924_bad" classname="com.cardatechnologies.utils.validators.abaroutevalidator.Test_AbaRouteValidator_15" time="0"/>
  <testcase name="testAbaNumberCheck_33173_good" classname="com.cardatechnologies.utils.validators.abaroutevalidator.Test_AbaRouteValidator_15" time="0"/>
  <testcase name="testAbaNumberCheck_34738_bad" classname="com.cardatechnologies.utils.validators.abaroutevalidator.Test_AbaRouteValidator_15" time="0.001"/>
  <testcase name="testAbaNumberCheck_32660_bad" classname="com.cardatechnologies.utils.validators.abaroutevalidator.Test_AbaRouteValidator_15" time="0"/>
  <testcase name="testAbaNumberCheck_33474_bad" classname="com.cardatechnologies.utils.validators.abaroutevalidator.Test_AbaRouteValidator_15" time="0"/>
  <testcase name="testAbaNumberCheck_34288_bad" classname="com.cardatechnologies.utils.validators.abaroutevalidator.Test_AbaRouteValidator_15" time="0"/>
  <testcase name="testAbaNumberCheck_33926_bad" classname="com.cardatechnologies.utils.validators.abaroutevalidator.Test_AbaRouteValidator_15" time="0"/>
  <testcase name="testAbaNumberCheck_34771_good" classname="com.cardatechnologies.utils.validators.abaroutevalidator.Test_AbaRouteValidator_15" time="0"/>
  <testcase name="testAbaNumberCheck_32662_bad" classname="com.cardatechnologies.utils.validators.abaroutevalidator.Test_AbaRouteValidator_15" time="0"/>
  <testcase name="testAbaNumberCheck_33476_bad" classname="com.cardatechnologies.utils.validators.abaroutevalidator.Test_AbaRouteValidator_15" time="0"/>
  <testcase name="testAbaNumberCheck_33831_good" classname="com.cardatechnologies.utils.validators.abaroutevalidator.Test_AbaRouteValidator_15" time="0"/>
  <testcase name="testAbaNumberCheck_33928_bad" classname="com.cardatechnologies.utils.validators.abaroutevalidator.Test_AbaRouteValidator_15" time="0"/>
  <testcase name="testAbaNumberCheck_32664_bad" classname="com.cardatechnologies.utils.validators.abaroutevalidator.Test_AbaRouteValidator_15" time="0"/>
  <testcase name="testAbaNumberCheck_33047_good" classname="com.cardatechnologies.utils.validators.abaroutevalidator.Test_AbaRouteValidator_15" time="0"/>
  <testcase name="testAbaNumberCheck_33478_bad" classname="com.cardatechnologies.utils.validators.abaroutevalidator.Test_AbaRouteValidator_15" time="0"/>
  <testcase name="testAbaNumberCheck_32666_bad" classname="com.cardatechnologies.utils.validators.abaroutevalidator.Test_AbaRouteValidator_15" time="0"/>
  <testcase name="testAbaNumberCheck_34645_good" classname="com.cardatechnologies.utils.validators.abaroutevalidator.Test_AbaRouteValidator_15" time="0"/>
  <testcase name="testAbaNumberCheck_33705_good" classname="com.cardatechnologies.utils.validators.abaroutevalidator.Test_AbaRouteValidator_15" time="0"/>
  <testcase name="testAbaNumberCheck_32668_bad" classname="com.cardatechnologies.utils.validators.abaroutevalidator.Test_AbaRouteValidator_15" time="0"/>
  <testcase name="testAbaNumberCheck_34519_good" classname="com.cardatechnologies.utils.validators.abaroutevalidator.Test_AbaRouteValidator_15" time="0"/>
  <testcase name="testAbaNumberCheck_34483_good" classname="com.cardatechnologies.utils.validators.abaroutevalidator.Test_AbaRouteValidator_15" time="0"/>
  <testcase name="testAbaNumberCheck_33543_good" classname="com.cardatechnologies.utils.validators.abaroutevalidator.Test_AbaRouteValidator_15" time="0"/>
  <testcase name="testAbaNumberCheck_32603_good" classname="com.cardatechnologies.utils.validators.abaroutevalidator.Test_AbaRouteValidator_15" time="0"/>
  <testcase name="testAbaNumberCheck_34357_good" classname="com.cardatechnologies.utils.validators.abaroutevalidator.Test_AbaRouteValidator_15" time="0"/>
  <testcase name="testAbaNumberCheck_33417_good" classname="com.cardatechnologies.utils.validators.abaroutevalidator.Test_AbaRouteValidator_15" time="0"/>
  <testcase name="testAbaNumberCheck_33381_good" classname="com.cardatechnologies.utils.validators.abaroutevalidator.Test_AbaRouteValidator_15" time="0"/>
  <testcase name="testAbaNumberCheck_34740_bad" classname="com.cardatechnologies.utils.validators.abaroutevalidator.Test_AbaRouteValidator_15" time="0"/>
  <testcase name="testAbaNumberCheck_34290_bad" classname="com.cardatechnologies.utils.validators.abaroutevalidator.Test_AbaRouteValidator_15" time="0"/>
  <testcase name="testAbaNumberCheck_34742_bad" classname="com.cardatechnologies.utils.validators.abaroutevalidator.Test_AbaRouteValidator_15" time="0"/>
  <testcase name="testAbaNumberCheck_34292_bad" classname="com.cardatechnologies.utils.validators.abaroutevalidator.Test_AbaRouteValidator_15" time="0"/>
  <testcase name="testAbaNumberCheck_34195_good" classname="com.cardatechnologies.utils.validators.abaroutevalidator.Test_AbaRouteValidator_15" time="0"/>
  <testcase name="testAbaNumberCheck_33930_bad" classname="com.cardatechnologies.utils.validators.abaroutevalidator.Test_AbaRouteValidator_15" time="0"/>
  <testcase name="testAbaNumberCheck_34744_bad" classname="com.cardatechnologies.utils.validators.abaroutevalidator.Test_AbaRouteValidator_15" time="0.001"/>
  <testcase name="testAbaNumberCheck_33255_good" classname="com.cardatechnologies.utils.validators.abaroutevalidator.Test_AbaRouteValidator_15" time="0"/>
  <testcase name="testAbaNumberCheck_33480_bad" classname="com.cardatechnologies.utils.validators.abaroutevalidator.Test_AbaRouteValidator_15" time="0"/>
  <testcase name="testAbaNumberCheck_34294_bad" classname="com.cardatechnologies.utils.validators.abaroutevalidator.Test_AbaRouteValidator_15" time="0"/>
  <testcase name="testAbaNumberCheck_33932_bad" classname="com.cardatechnologies.utils.validators.abaroutevalidator.Test_AbaRouteValidator_15" time="0"/>
  <testcase name="testAbaNumberCheck_34746_bad" classname="com.cardatechnologies.utils.validators.abaroutevalidator.Test_AbaRouteValidator_15" time="0"/>
  <testcase name="testAbaNumberCheck_34853_good" classname="com.cardatechnologies.utils.validators.abaroutevalidator.Test_AbaRouteValidator_15" time="0"/>
  <testcase name="testAbaNumberCheck_33482_bad" classname="com.cardatechnologies.utils.validators.abaroutevalidator.Test_AbaRouteValidator_15" time="0"/>
  <testcase name="testAbaNumberCheck_34296_bad" classname="com.cardatechnologies.utils.validators.abaroutevalidator.Test_AbaRouteValidator_15" time="0"/>
  <testcase name="testAbaNumberCheck_33913_good" classname="com.cardatechnologies.utils.validators.abaroutevalidator.Test_AbaRouteValidator_15" time="0"/>
  <testcase name="testAbaNumberCheck_33934_bad" classname="com.cardatechnologies.utils.validators.abaroutevalidator.Test_AbaRouteValidator_15" time="0"/>
  <testcase name="testAbaNumberCheck_34748_bad" classname="com.cardatechnologies.utils.validators.abaroutevalidator.Test_AbaRouteValidator_15" time="0"/>
  <testcase name="testAbaNumberCheck_34069_good" classname="com.cardatechnologies.utils.validators.abaroutevalidator.Test_AbaRouteValidator_15" time="0"/>
  <testcase name="testAbaNumberCheck_32670_bad" classname="com.cardatechnologies.utils.validators.abaroutevalidator.Test_AbaRouteValidator_15" time="0"/>
  <testcase name="testAbaNumberCheck_33484_bad" classname="com.cardatechnologies.utils.validators.abaroutevalidator.Test_AbaRouteValidator_15" time="0"/>
  <testcase name="testAbaNumberCheck_33129_good" classname="com.cardatechnologies.utils.validators.abaroutevalidator.Test_AbaRouteValidator_15" time="0"/>
  <testcase name="testAbaNumberCheck_34298_bad" classname="com.cardatechnologies.utils.validators.abaroutevalidator.Test_AbaRouteValidator_15" time="0"/>
  <testcase name="testAbaNumberCheck_33936_bad" classname="com.cardatechnologies.utils.validators.abaroutevalidator.Test_AbaRouteValidator_15" time="0"/>
  <testcase name="testAbaNumberCheck_32672_bad" classname="com.cardatechnologies.utils.validators.abaroutevalidator.Test_AbaRouteValidator_15" time="0"/>
  <testcase name="testAbaNumberCheck_33486_bad" classname="com.cardatechnologies.utils.validators.abaroutevalidator.Test_AbaRouteValidator_15" time="0"/>
  <testcase name="testAbaNumberCheck_34727_good" classname="com.cardatechnologies.utils.validators.abaroutevalidator.Test_AbaRouteValidator_15" time="0"/>
  <testcase name="testAbaNumberCheck_33093_good" classname="com.cardatechnologies.utils.validators.abaroutevalidator.Test_AbaRouteValidator_15" time="0"/>
  <testcase name="testAbaNumberCheck_33938_bad" classname="com.cardatechnologies.utils.validators.abaroutevalidator.Test_AbaRouteValidator_15" time="0"/>
  <testcase name="testAbaNumberCheck_32674_bad" classname="com.cardatechnologies.utils.validators.abaroutevalidator.Test_AbaRouteValidator_15" time="0"/>
  <testcase name="testAbaNumberCheck_33488_bad" classname="com.cardatechnologies.utils.validators.abaroutevalidator.Test_AbaRouteValidator_15" time="0"/>
  <testcase name="testAbaNumberCheck_34691_good" classname="com.cardatechnologies.utils.validators.abaroutevalidator.Test_AbaRouteValidator_15" time="0"/>
  <testcase name="testAbaNumberCheck_32676_bad" classname="com.cardatechnologies.utils.validators.abaroutevalidator.Test_AbaRouteValidator_15" time="0"/>
  <testcase name="testAbaNumberCheck_33751_good" classname="com.cardatechnologies.utils.validators.abaroutevalidator.Test_AbaRouteValidator_15" time="0"/>
  <testcase name="testAbaNumberCheck_32811_good" classname="com.cardatechnologies.utils.validators.abaroutevalidator.Test_AbaRouteValidator_15" time="0.001"/>
  <testcase name="testAbaNumberCheck_32678_bad" classname="com.cardatechnologies.utils.validators.abaroutevalidator.Test_AbaRouteValidator_15" time="0"/>
  <testcase name="testAbaNumberCheck_34565_good" classname="com.cardatechnologies.utils.validators.abaroutevalidator.Test_AbaRouteValidator_15" time="0"/>
  <testcase name="testAbaNumberCheck_33625_good" classname="com.cardatechnologies.utils.validators.abaroutevalidator.Test_AbaRouteValidator_15" time="0"/>
  <testcase name="testAbaNumberCheck_34439_good" classname="com.cardatechnologies.utils.validators.abaroutevalidator.Test_AbaRouteValidator_15" time="0"/>
  <testcase name="testAbaNumberCheck_33463_good" classname="com.cardatechnologies.utils.validators.abaroutevalidator.Test_AbaRouteValidator_15" time="0"/>
  <testcase name="testAbaNumberCheck_32523_good" classname="com.cardatechnologies.utils.validators.abaroutevalidator.Test_AbaRouteValidator_15" time="0"/>
  <testcase name="testAbaNumberCheck_34277_good" classname="com.cardatechnologies.utils.validators.abaroutevalidator.Test_AbaRouteValidator_15" time="0"/>
  <testcase name="testAbaNumberCheck_34750_bad" classname="com.cardatechnologies.utils.validators.abaroutevalidator.Test_AbaRouteValidator_15" time="0"/>
  <testcase name="testAbaNumberCheck_33337_good" classname="com.cardatechnologies.utils.validators.abaroutevalidator.Test_AbaRouteValidator_15" time="0"/>
  <testcase name="testAbaNumberCheck_34752_bad" classname="com.cardatechnologies.utils.validators.abaroutevalidator.Test_AbaRouteValidator_15" time="0"/>
  <testcase name="testAbaNumberCheck_34935_good" classname="com.cardatechnologies.utils.validators.abaroutevalidator.Test_AbaRouteValidator_15" time="0"/>
  <testcase name="testAbaNumberCheck_33940_bad" classname="com.cardatechnologies.utils.validators.abaroutevalidator.Test_AbaRouteValidator_15" time="0"/>
  <testcase name="testAbaNumberCheck_34754_bad" classname="com.cardatechnologies.utils.validators.abaroutevalidator.Test_AbaRouteValidator_15" time="0"/>
  <testcase name="testAbaNumberCheck_33490_bad" classname="com.cardatechnologies.utils.validators.abaroutevalidator.Test_AbaRouteValidator_15" time="0"/>
  <testcase name="testAbaNumberCheck_33942_bad" classname="com.cardatechnologies.utils.validators.abaroutevalidator.Test_AbaRouteValidator_15" time="0"/>
  <testcase name="testAbaNumberCheck_34756_bad" classname="com.cardatechnologies.utils.validators.abaroutevalidator.Test_AbaRouteValidator_15" time="0"/>
  <testcase name="testAbaNumberCheck_33492_bad" classname="com.cardatechnologies.utils.validators.abaroutevalidator.Test_AbaRouteValidator_15" time="0"/>
  <testcase name="testAbaNumberCheck_34809_good" classname="com.cardatechnologies.utils.validators.abaroutevalidator.Test_AbaRouteValidator_15" time="0"/>
  <testcase name="testAbaNumberCheck_33944_bad" classname="com.cardatechnologies.utils.validators.abaroutevalidator.Test_AbaRouteValidator_15" time="0"/>
  <testcase name="testAbaNumberCheck_33175_good" classname="com.cardatechnologies.utils.validators.abaroutevalidator.Test_AbaRouteValidator_15" time="0"/>
  <testcase name="testAbaNumberCheck_34758_bad" classname="com.cardatechnologies.utils.validators.abaroutevalidator.Test_AbaRouteValidator_15" time="0"/>
  <testcase name="testAbaNumberCheck_32680_bad" classname="com.cardatechnologies.utils.validators.abaroutevalidator.Test_AbaRouteValidator_15" time="0"/>
  <testcase name="testAbaNumberCheck_33494_bad" classname="com.cardatechnologies.utils.validators.abaroutevalidator.Test_AbaRouteValidator_15" time="0"/>
  <testcase name="testAbaNumberCheck_33946_bad" classname="com.cardatechnologies.utils.validators.abaroutevalidator.Test_AbaRouteValidator_15" time="0"/>
  <testcase name="testAbaNumberCheck_34773_good" classname="com.cardatechnologies.utils.validators.abaroutevalidator.Test_AbaRouteValidator_15" time="0"/>
  <testcase name="testAbaNumberCheck_32682_bad" classname="com.cardatechnologies.utils.validators.abaroutevalidator.Test_AbaRouteValidator_15" time="0"/>
  <testcase name="testAbaNumberCheck_33496_bad" classname="com.cardatechnologies.utils.validators.abaroutevalidator.Test_AbaRouteValidator_15" time="0.001"/>
  <testcase name="testAbaNumberCheck_33833_good" classname="com.cardatechnologies.utils.validators.abaroutevalidator.Test_AbaRouteValidator_15" time="0"/>
  <testcase name="testAbaNumberCheck_33948_bad" classname="com.cardatechnologies.utils.validators.abaroutevalidator.Test_AbaRouteValidator_15" time="0"/>
  <testcase name="testAbaNumberCheck_32684_bad" classname="com.cardatechnologies.utils.validators.abaroutevalidator.Test_AbaRouteValidator_15" time="0"/>
  <testcase name="testAbaNumberCheck_33049_good" classname="com.cardatechnologies.utils.validators.abaroutevalidator.Test_AbaRouteValidator_15" time="0"/>
  <testcase name="testAbaNumberCheck_33498_bad" classname="com.cardatechnologies.utils.validators.abaroutevalidator.Test_AbaRouteValidator_15" time="0"/>
  <testcase name="testAbaNumberCheck_32686_bad" classname="com.cardatechnologies.utils.validators.abaroutevalidator.Test_AbaRouteValidator_15" time="0"/>
  <testcase name="testAbaNumberCheck_34647_good" classname="com.cardatechnologies.utils.validators.abaroutevalidator.Test_AbaRouteValidator_15" time="0"/>
  <testcase name="testAbaNumberCheck_33707_good" classname="com.cardatechnologies.utils.validators.abaroutevalidator.Test_AbaRouteValidator_15" time="0"/>
  <testcase name="testAbaNumberCheck_32688_bad" classname="com.cardatechnologies.utils.validators.abaroutevalidator.Test_AbaRouteValidator_15" time="0"/>
  <testcase name="testAbaNumberCheck_33671_good" classname="com.cardatechnologies.utils.validators.abaroutevalidator.Test_AbaRouteValidator_15" time="0"/>
  <testcase name="testAbaNumberCheck_32731_good" classname="com.cardatechnologies.utils.validators.abaroutevalidator.Test_AbaRouteValidator_15" time="0"/>
  <testcase name="testAbaNumberCheck_34485_good" classname="com.cardatechnologies.utils.validators.abaroutevalidator.Test_AbaRouteValidator_15" time="0"/>
  <testcase name="testAbaNumberCheck_33545_good" classname="com.cardatechnologies.utils.validators.abaroutevalidator.Test_AbaRouteValidator_15" time="0"/>
  <testcase name="testAbaNumberCheck_32605_good" classname="com.cardatechnologies.utils.validators.abaroutevalidator.Test_AbaRouteValidator_15" time="0"/>
  <testcase name="testAbaNumberCheck_34359_good" classname="com.cardatechnologies.utils.validators.abaroutevalidator.Test_AbaRouteValidator_15" time="0"/>
  <testcase name="testAbaNumberCheck_33419_good" classname="com.cardatechnologies.utils.validators.abaroutevalidator.Test_AbaRouteValidator_15" time="0"/>
  <testcase name="testAbaNumberCheck_33383_good" classname="com.cardatechnologies.utils.validators.abaroutevalidator.Test_AbaRouteValidator_15" time="0"/>
  <testcase name="testAbaNumberCheck_34760_bad" classname="com.cardatechnologies.utils.validators.abaroutevalidator.Test_AbaRouteValidator_15" time="0"/>
  <testcase name="testAbaNumberCheck_34981_good" classname="com.cardatechnologies.utils.validators.abaroutevalidator.Test_AbaRouteValidator_15" time="0"/>
  <testcase name="testAbaNumberCheck_34762_bad" classname="com.cardatechnologies.utils.validators.abaroutevalidator.Test_AbaRouteValidator_15" time="0"/>
  <testcase name="testAbaNumberCheck_34197_good" classname="com.cardatechnologies.utils.validators.abaroutevalidator.Test_AbaRouteValidator_15" time="0"/>
  <testcase name="testAbaNumberCheck_33950_bad" classname="com.cardatechnologies.utils.validators.abaroutevalidator.Test_AbaRouteValidator_15" time="0"/>
  <testcase name="testAbaNumberCheck_34764_bad" classname="com.cardatechnologies.utils.validators.abaroutevalidator.Test_AbaRouteValidator_15" time="0"/>
  <testcase name="testAbaNumberCheck_33257_good" classname="com.cardatechnologies.utils.validators.abaroutevalidator.Test_AbaRouteValidator_15" time="0"/>
  <testcase name="testAbaNumberCheck_33952_bad" classname="com.cardatechnologies.utils.validators.abaroutevalidator.Test_AbaRouteValidator_15" time="0"/>
  <testcase name="testAbaNumberCheck_34766_bad" classname="com.cardatechnologies.utils.validators.abaroutevalidator.Test_AbaRouteValidator_15" time="0"/>
  <testcase name="testAbaNumberCheck_34855_good" classname="com.cardatechnologies.utils.validators.abaroutevalidator.Test_AbaRouteValidator_15" time="0.001"/>
  <testcase name="testAbaNumberCheck_33915_good" classname="com.cardatechnologies.utils.validators.abaroutevalidator.Test_AbaRouteValidator_15" time="0"/>
  <testcase name="testAbaNumberCheck_33954_bad" classname="com.cardatechnologies.utils.validators.abaroutevalidator.Test_AbaRouteValidator_15" time="0"/>
  <testcase name="testAbaNumberCheck_34768_bad" classname="com.cardatechnologies.utils.validators.abaroutevalidator.Test_AbaRouteValidator_15" time="0"/>
  <testcase name="testAbaNumberCheck_32690_bad" classname="com.cardatechnologies.utils.validators.abaroutevalidator.Test_AbaRouteValidator_15" time="0"/>
  <testcase name="testAbaNumberCheck_33956_bad" classname="com.cardatechnologies.utils.validators.abaroutevalidator.Test_AbaRouteValidator_15" time="0"/>
  <testcase name="testAbaNumberCheck_32692_bad" classname="com.cardatechnologies.utils.validators.abaroutevalidator.Test_AbaRouteValidator_15" time="0"/>
  <testcase name="testAbaNumberCheck_34729_good" classname="com.cardatechnologies.utils.validators.abaroutevalidator.Test_AbaRouteValidator_15" time="0"/>
  <testcase name="testAbaNumberCheck_33095_good" classname="com.cardatechnologies.utils.validators.abaroutevalidator.Test_AbaRouteValidator_15" time="0"/>
  <testcase name="testAbaNumberCheck_33958_bad" classname="com.cardatechnologies.utils.validators.abaroutevalidator.Test_AbaRouteValidator_15" time="0"/>
  <testcase name="testAbaNumberCheck_32694_bad" classname="com.cardatechnologies.utils.validators.abaroutevalidator.Test_AbaRouteValidator_15" time="0"/>
  <testcase name="testAbaNumberCheck_34693_good" classname="com.cardatechnologies.utils.validators.abaroutevalidator.Test_AbaRouteValidator_15" time="0"/>
  <testcase name="testAbaNumberCheck_32696_bad" classname="com.cardatechnologies.utils.validators.abaroutevalidator.Test_AbaRouteValidator_15" time="0"/>
  <testcase name="testAbaNumberCheck_33753_good" classname="com.cardatechnologies.utils.validators.abaroutevalidator.Test_AbaRouteValidator_15" time="0"/>
  <testcase name="testAbaNumberCheck_32813_good" classname="com.cardatechnologies.utils.validators.abaroutevalidator.Test_AbaRouteValidator_15" time="0"/>
  <testcase name="testAbaNumberCheck_32698_bad" classname="com.cardatechnologies.utils.validators.abaroutevalidator.Test_AbaRouteValidator_15" time="0"/>
  <testcase name="testAbaNumberCheck_34567_good" classname="com.cardatechnologies.utils.validators.abaroutevalidator.Test_AbaRouteValidator_15" time="0"/>
  <testcase name="testAbaNumberCheck_33627_good" classname="com.cardatechnologies.utils.validators.abaroutevalidator.Test_AbaRouteValidator_15" time="0"/>
  <testcase name="testAbaNumberCheck_33591_good" classname="com.cardatechnologies.utils.validators.abaroutevalidator.Test_AbaRouteValidator_15" time="0"/>
  <testcase name="testAbaNumberCheck_32651_good" classname="com.cardatechnologies.utils.validators.abaroutevalidator.Test_AbaRouteValidator_15" time="0"/>
  <testcase name="testAbaNumberCheck_33465_good" classname="com.cardatechnologies.utils.validators.abaroutevalidator.Test_AbaRouteValidator_15" time="0"/>
  <testcase name="testAbaNumberCheck_32525_good" classname="com.cardatechnologies.utils.validators.abaroutevalidator.Test_AbaRouteValidator_15" time="0"/>
  <testcase name="testAbaNumberCheck_34279_good" classname="com.cardatechnologies.utils.validators.abaroutevalidator.Test_AbaRouteValidator_15" time="0"/>
  <testcase name="testAbaNumberCheck_34770_bad" classname="com.cardatechnologies.utils.validators.abaroutevalidator.Test_AbaRouteValidator_15" time="0"/>
  <testcase name="testAbaNumberCheck_33339_good" classname="com.cardatechnologies.utils.validators.abaroutevalidator.Test_AbaRouteValidator_15" time="0"/>
  <testcase name="testAbaNumberCheck_34772_bad" classname="com.cardatechnologies.utils.validators.abaroutevalidator.Test_AbaRouteValidator_15" time="0"/>
  <testcase name="testAbaNumberCheck_34937_good" classname="com.cardatechnologies.utils.validators.abaroutevalidator.Test_AbaRouteValidator_15" time="0"/>
  <testcase name="testAbaNumberCheck_33960_bad" classname="com.cardatechnologies.utils.validators.abaroutevalidator.Test_AbaRouteValidator_15" time="0"/>
  <testcase name="testAbaNumberCheck_34774_bad" classname="com.cardatechnologies.utils.validators.abaroutevalidator.Test_AbaRouteValidator_15" time="0"/>
  <testcase name="testAbaNumberCheck_33962_bad" classname="com.cardatechnologies.utils.validators.abaroutevalidator.Test_AbaRouteValidator_15" time="0"/>
  <testcase name="testAbaNumberCheck_34776_bad" classname="com.cardatechnologies.utils.validators.abaroutevalidator.Test_AbaRouteValidator_15" time="0"/>
  <testcase name="testAbaNumberCheck_33961_good" classname="com.cardatechnologies.utils.validators.abaroutevalidator.Test_AbaRouteValidator_15" time="0"/>
  <testcase name="testAbaNumberCheck_33964_bad" classname="com.cardatechnologies.utils.validators.abaroutevalidator.Test_AbaRouteValidator_15" time="0"/>
  <testcase name="testAbaNumberCheck_33177_good" classname="com.cardatechnologies.utils.validators.abaroutevalidator.Test_AbaRouteValidator_15" time="0"/>
  <testcase name="testAbaNumberCheck_34778_bad" classname="com.cardatechnologies.utils.validators.abaroutevalidator.Test_AbaRouteValidator_15" time="0"/>
  <testcase name="testAbaNumberCheck_33966_bad" classname="com.cardatechnologies.utils.validators.abaroutevalidator.Test_AbaRouteValidator_15" time="0"/>
  <testcase name="testAbaNumberCheck_34775_good" classname="com.cardatechnologies.utils.validators.abaroutevalidator.Test_AbaRouteValidator_15" time="0"/>
  <testcase name="testAbaNumberCheck_33835_good" classname="com.cardatechnologies.utils.validators.abaroutevalidator.Test_AbaRouteValidator_15" time="0"/>
  <testcase name="testAbaNumberCheck_33968_bad" classname="com.cardatechnologies.utils.validators.abaroutevalidator.Test_AbaRouteValidator_15" time="0"/>
  <testcase name="testAbaNumberCheck_34649_good" classname="com.cardatechnologies.utils.validators.abaroutevalidator.Test_AbaRouteValidator_15" time="0"/>
  <testcase name="testAbaNumberCheck_33709_good" classname="com.cardatechnologies.utils.validators.abaroutevalidator.Test_AbaRouteValidator_15" time="0"/>
  <testcase name="testAbaNumberCheck_33673_good" classname="com.cardatechnologies.utils.validators.abaroutevalidator.Test_AbaRouteValidator_15" time="0"/>
  <testcase name="testAbaNumberCheck_32733_good" classname="com.cardatechnologies.utils.validators.abaroutevalidator.Test_AbaRouteValidator_15" time="0"/>
  <testcase name="testAbaNumberCheck_34487_good" classname="com.cardatechnologies.utils.validators.abaroutevalidator.Test_AbaRouteValidator_15" time="0"/>
  <testcase name="testAbaNumberCheck_33547_good" classname="com.cardatechnologies.utils.validators.abaroutevalidator.Test_AbaRouteValidator_15" time="0"/>
  <testcase name="testAbaNumberCheck_32607_good" classname="com.cardatechnologies.utils.validators.abaroutevalidator.Test_AbaRouteValidator_15" time="0"/>
  <testcase name="testAbaNumberCheck_32571_good" classname="com.cardatechnologies.utils.validators.abaroutevalidator.Test_AbaRouteValidator_15" time="0"/>
  <testcase name="testAbaNumberCheck_33385_good" classname="com.cardatechnologies.utils.validators.abaroutevalidator.Test_AbaRouteValidator_15" time="0"/>
  <testcase name="testAbaNumberCheck_34780_bad" classname="com.cardatechnologies.utils.validators.abaroutevalidator.Test_AbaRouteValidator_15" time="0"/>
  <testcase name="testAbaNumberCheck_34983_good" classname="com.cardatechnologies.utils.validators.abaroutevalidator.Test_AbaRouteValidator_15" time="0"/>
  <testcase name="testAbaNumberCheck_34782_bad" classname="com.cardatechnologies.utils.validators.abaroutevalidator.Test_AbaRouteValidator_15" time="0"/>
  <testcase name="testAbaNumberCheck_34199_good" classname="com.cardatechnologies.utils.validators.abaroutevalidator.Test_AbaRouteValidator_15" time="0"/>
  <testcase name="testAbaNumberCheck_33970_bad" classname="com.cardatechnologies.utils.validators.abaroutevalidator.Test_AbaRouteValidator_15" time="0"/>
  <testcase name="testAbaNumberCheck_34784_bad" classname="com.cardatechnologies.utils.validators.abaroutevalidator.Test_AbaRouteValidator_15" time="0"/>
  <testcase name="testAbaNumberCheck_33259_good" classname="com.cardatechnologies.utils.validators.abaroutevalidator.Test_AbaRouteValidator_15" time="0"/>
  <testcase name="testAbaNumberCheck_33972_bad" classname="com.cardatechnologies.utils.validators.abaroutevalidator.Test_AbaRouteValidator_15" time="0"/>
  <testcase name="testAbaNumberCheck_34786_bad" classname="com.cardatechnologies.utils.validators.abaroutevalidator.Test_AbaRouteValidator_15" time="0"/>
  <testcase name="testAbaNumberCheck_34857_good" classname="com.cardatechnologies.utils.validators.abaroutevalidator.Test_AbaRouteValidator_15" time="0"/>
  <testcase name="testAbaNumberCheck_33917_good" classname="com.cardatechnologies.utils.validators.abaroutevalidator.Test_AbaRouteValidator_15" time="0"/>
  <testcase name="testAbaNumberCheck_33974_bad" classname="com.cardatechnologies.utils.validators.abaroutevalidator.Test_AbaRouteValidator_15" time="0"/>
  <testcase name="testAbaNumberCheck_34788_bad" classname="com.cardatechnologies.utils.validators.abaroutevalidator.Test_AbaRouteValidator_15" time="0.001"/>
  <testcase name="testAbaNumberCheck_33976_bad" classname="com.cardatechnologies.utils.validators.abaroutevalidator.Test_AbaRouteValidator_15" time="0"/>
  <testcase name="testAbaNumberCheck_33881_good" classname="com.cardatechnologies.utils.validators.abaroutevalidator.Test_AbaRouteValidator_15" time="0"/>
  <testcase name="testAbaNumberCheck_32941_good" classname="com.cardatechnologies.utils.validators.abaroutevalidator.Test_AbaRouteValidator_15" time="0"/>
  <testcase name="testAbaNumberCheck_33097_good" classname="com.cardatechnologies.utils.validators.abaroutevalidator.Test_AbaRouteValidator_15" time="0"/>
  <testcase name="testAbaNumberCheck_33978_bad" classname="com.cardatechnologies.utils.validators.abaroutevalidator.Test_AbaRouteValidator_15" time="0"/>
  <testcase name="testAbaNumberCheck_34695_good" classname="com.cardatechnologies.utils.validators.abaroutevalidator.Test_AbaRouteValidator_15" time="0"/>
  <testcase name="testAbaNumberCheck_33755_good" classname="com.cardatechnologies.utils.validators.abaroutevalidator.Test_AbaRouteValidator_15" time="0"/>
  <testcase name="testAbaNumberCheck_32815_good" classname="com.cardatechnologies.utils.validators.abaroutevalidator.Test_AbaRouteValidator_15" time="0"/>
  <testcase name="testAbaNumberCheck_34569_good" classname="com.cardatechnologies.utils.validators.abaroutevalidator.Test_AbaRouteValidator_15" time="0"/>
  <testcase name="testAbaNumberCheck_33629_good" classname="com.cardatechnologies.utils.validators.abaroutevalidator.Test_AbaRouteValidator_15" time="0"/>
  <testcase name="testAbaNumberCheck_33593_good" classname="com.cardatechnologies.utils.validators.abaroutevalidator.Test_AbaRouteValidator_15" time="0"/>
  <testcase name="testAbaNumberCheck_32653_good" classname="com.cardatechnologies.utils.validators.abaroutevalidator.Test_AbaRouteValidator_15" time="0"/>
  <testcase name="testAbaNumberCheck_33467_good" classname="com.cardatechnologies.utils.validators.abaroutevalidator.Test_AbaRouteValidator_15" time="0"/>
  <testcase name="testAbaNumberCheck_32527_good" classname="com.cardatechnologies.utils.validators.abaroutevalidator.Test_AbaRouteValidator_15" time="0"/>
  <testcase name="testAbaNumberCheck_34790_bad" classname="com.cardatechnologies.utils.validators.abaroutevalidator.Test_AbaRouteValidator_15" time="0"/>
  <testcase name="testAbaNumberCheck_34792_bad" classname="com.cardatechnologies.utils.validators.abaroutevalidator.Test_AbaRouteValidator_15" time="0"/>
  <testcase name="testAbaNumberCheck_34939_good" classname="com.cardatechnologies.utils.validators.abaroutevalidator.Test_AbaRouteValidator_15" time="0"/>
  <testcase name="testAbaNumberCheck_33980_bad" classname="com.cardatechnologies.utils.validators.abaroutevalidator.Test_AbaRouteValidator_15" time="0"/>
  <testcase name="testAbaNumberCheck_34794_bad" classname="com.cardatechnologies.utils.validators.abaroutevalidator.Test_AbaRouteValidator_15" time="0"/>
  <testcase name="testAbaNumberCheck_33982_bad" classname="com.cardatechnologies.utils.validators.abaroutevalidator.Test_AbaRouteValidator_15" time="0"/>
  <testcase name="testAbaNumberCheck_34796_bad" classname="com.cardatechnologies.utils.validators.abaroutevalidator.Test_AbaRouteValidator_15" time="0"/>
  <testcase name="testAbaNumberCheck_33963_good" classname="com.cardatechnologies.utils.validators.abaroutevalidator.Test_AbaRouteValidator_15" time="0"/>
  <testcase name="testAbaNumberCheck_33984_bad" classname="com.cardatechnologies.utils.validators.abaroutevalidator.Test_AbaRouteValidator_15" time="0"/>
  <testcase name="testAbaNumberCheck_33179_good" classname="com.cardatechnologies.utils.validators.abaroutevalidator.Test_AbaRouteValidator_15" time="0"/>
  <testcase name="testAbaNumberCheck_34798_bad" classname="com.cardatechnologies.utils.validators.abaroutevalidator.Test_AbaRouteValidator_15" time="0"/>
  <testcase name="testAbaNumberCheck_33986_bad" classname="com.cardatechnologies.utils.validators.abaroutevalidator.Test_AbaRouteValidator_15" time="0"/>
  <testcase name="testAbaNumberCheck_34777_good" classname="com.cardatechnologies.utils.validators.abaroutevalidator.Test_AbaRouteValidator_15" time="0"/>
  <testcase name="testAbaNumberCheck_33837_good" classname="com.cardatechnologies.utils.validators.abaroutevalidator.Test_AbaRouteValidator_15" time="0"/>
  <testcase name="testAbaNumberCheck_33988_bad" classname="com.cardatechnologies.utils.validators.abaroutevalidator.Test_AbaRouteValidator_15" time="0"/>
  <testcase name="testAbaNumberCheck_32861_good" classname="com.cardatechnologies.utils.validators.abaroutevalidator.Test_AbaRouteValidator_15" time="0.001"/>
  <testcase name="testAbaNumberCheck_33675_good" classname="com.cardatechnologies.utils.validators.abaroutevalidator.Test_AbaRouteValidator_15" time="0"/>
  <testcase name="testAbaNumberCheck_32735_good" classname="com.cardatechnologies.utils.validators.abaroutevalidator.Test_AbaRouteValidator_15" time="0"/>
  <testcase name="testAbaNumberCheck_34489_good" classname="com.cardatechnologies.utils.validators.abaroutevalidator.Test_AbaRouteValidator_15" time="0"/>
  <testcase name="testAbaNumberCheck_33549_good" classname="com.cardatechnologies.utils.validators.abaroutevalidator.Test_AbaRouteValidator_15" time="0"/>
  <testcase name="testAbaNumberCheck_32609_good" classname="com.cardatechnologies.utils.validators.abaroutevalidator.Test_AbaRouteValidator_15" time="0"/>
  <testcase name="testAbaNumberCheck_32573_good" classname="com.cardatechnologies.utils.validators.abaroutevalidator.Test_AbaRouteValidator_15" time="0"/>
  <testcase name="testAbaNumberCheck_33387_good" classname="com.cardatechnologies.utils.validators.abaroutevalidator.Test_AbaRouteValidator_15" time="0"/>
  <testcase name="testAbaNumberCheck_34985_good" classname="com.cardatechnologies.utils.validators.abaroutevalidator.Test_AbaRouteValidator_15" time="0"/>
  <testcase name="testAbaNumberCheck_33990_bad" classname="com.cardatechnologies.utils.validators.abaroutevalidator.Test_AbaRouteValidator_15" time="0"/>
  <testcase name="testAbaNumberCheck_33992_bad" classname="com.cardatechnologies.utils.validators.abaroutevalidator.Test_AbaRouteValidator_15" time="0"/>
  <testcase name="testAbaNumberCheck_34859_good" classname="com.cardatechnologies.utils.validators.abaroutevalidator.Test_AbaRouteValidator_15" time="0"/>
  <testcase name="testAbaNumberCheck_33919_good" classname="com.cardatechnologies.utils.validators.abaroutevalidator.Test_AbaRouteValidator_15" time="0"/>
  <testcase name="testAbaNumberCheck_33994_bad" classname="com.cardatechnologies.utils.validators.abaroutevalidator.Test_AbaRouteValidator_15" time="0"/>
  <testcase name="testAbaNumberCheck_33996_bad" classname="com.cardatechnologies.utils.validators.abaroutevalidator.Test_AbaRouteValidator_15" time="0"/>
  <testcase name="testAbaNumberCheck_33883_good" classname="com.cardatechnologies.utils.validators.abaroutevalidator.Test_AbaRouteValidator_15" time="0"/>
  <testcase name="testAbaNumberCheck_32943_good" classname="com.cardatechnologies.utils.validators.abaroutevalidator.Test_AbaRouteValidator_15" time="0"/>
  <testcase name="testAbaNumberCheck_33099_good" classname="com.cardatechnologies.utils.validators.abaroutevalidator.Test_AbaRouteValidator_15" time="0"/>
  <testcase name="testAbaNumberCheck_33998_bad" classname="com.cardatechnologies.utils.validators.abaroutevalidator.Test_AbaRouteValidator_15" time="0"/>
  <testcase name="testAbaNumberCheck_34697_good" classname="com.cardatechnologies.utils.validators.abaroutevalidator.Test_AbaRouteValidator_15" time="0"/>
  <testcase name="testAbaNumberCheck_33757_good" classname="com.cardatechnologies.utils.validators.abaroutevalidator.Test_AbaRouteValidator_15" time="0"/>
  <testcase name="testAbaNumberCheck_32817_good" classname="com.cardatechnologies.utils.validators.abaroutevalidator.Test_AbaRouteValidator_15" time="0"/>
  <testcase name="testAbaNumberCheck_32781_good" classname="com.cardatechnologies.utils.validators.abaroutevalidator.Test_AbaRouteValidator_15" time="0"/>
  <testcase name="testAbaNumberCheck_33595_good" classname="com.cardatechnologies.utils.validators.abaroutevalidator.Test_AbaRouteValidator_15" time="0"/>
  <testcase name="testAbaNumberCheck_32655_good" classname="com.cardatechnologies.utils.validators.abaroutevalidator.Test_AbaRouteValidator_15" time="0"/>
  <testcase name="testAbaNumberCheck_33469_good" classname="com.cardatechnologies.utils.validators.abaroutevalidator.Test_AbaRouteValidator_15" time="0"/>
  <testcase name="testAbaNumberCheck_32529_good" classname="com.cardatechnologies.utils.validators.abaroutevalidator.Test_AbaRouteValidator_15" time="0"/>
  <testcase name="testAbaNumberCheck_33965_good" classname="com.cardatechnologies.utils.validators.abaroutevalidator.Test_AbaRouteValidator_15" time="0"/>
  <testcase name="testAbaNumberCheck_34779_good" classname="com.cardatechnologies.utils.validators.abaroutevalidator.Test_AbaRouteValidator_15" time="0.001"/>
  <testcase name="testAbaNumberCheck_33839_good" classname="com.cardatechnologies.utils.validators.abaroutevalidator.Test_AbaRouteValidator_15" time="0"/>
  <testcase name="testAbaNumberCheck_32863_good" classname="com.cardatechnologies.utils.validators.abaroutevalidator.Test_AbaRouteValidator_15" time="0"/>
  <testcase name="testAbaNumberCheck_33677_good" classname="com.cardatechnologies.utils.validators.abaroutevalidator.Test_AbaRouteValidator_15" time="0"/>
  <testcase name="testAbaNumberCheck_32737_good" classname="com.cardatechnologies.utils.validators.abaroutevalidator.Test_AbaRouteValidator_15" time="0"/>
  <testcase name="testAbaNumberCheck_32575_good" classname="com.cardatechnologies.utils.validators.abaroutevalidator.Test_AbaRouteValidator_15" time="0"/>
  <testcase name="testAbaNumberCheck_33389_good" classname="com.cardatechnologies.utils.validators.abaroutevalidator.Test_AbaRouteValidator_15" time="0"/>
  <testcase name="testAbaNumberCheck_34987_good" classname="com.cardatechnologies.utils.validators.abaroutevalidator.Test_AbaRouteValidator_15" time="0"/>
  <testcase name="testAbaNumberCheck_33885_good" classname="com.cardatechnologies.utils.validators.abaroutevalidator.Test_AbaRouteValidator_15" time="0"/>
  <testcase name="testAbaNumberCheck_32945_good" classname="com.cardatechnologies.utils.validators.abaroutevalidator.Test_AbaRouteValidator_15" time="0"/>
  <testcase name="testAbaNumberCheck_34699_good" classname="com.cardatechnologies.utils.validators.abaroutevalidator.Test_AbaRouteValidator_15" time="0"/>
  <testcase name="testAbaNumberCheck_33759_good" classname="com.cardatechnologies.utils.validators.abaroutevalidator.Test_AbaRouteValidator_15" time="0"/>
  <testcase name="testAbaNumberCheck_32819_good" classname="com.cardatechnologies.utils.validators.abaroutevalidator.Test_AbaRouteValidator_15" time="0"/>
  <testcase name="testAbaNumberCheck_32783_good" classname="com.cardatechnologies.utils.validators.abaroutevalidator.Test_AbaRouteValidator_15" time="0"/>
  <testcase name="testAbaNumberCheck_33597_good" classname="com.cardatechnologies.utils.validators.abaroutevalidator.Test_AbaRouteValidator_15" time="0"/>
  <testcase name="testAbaNumberCheck_32657_good" classname="com.cardatechnologies.utils.validators.abaroutevalidator.Test_AbaRouteValidator_15" time="0"/>
  <testcase name="testAbaNumberCheck_33967_good" classname="com.cardatechnologies.utils.validators.abaroutevalidator.Test_AbaRouteValidator_15" time="0"/>
  <testcase name="testAbaNumberCheck_32991_good" classname="com.cardatechnologies.utils.validators.abaroutevalidator.Test_AbaRouteValidator_15" time="0"/>
  <testcase name="testAbaNumberCheck_32865_good" classname="com.cardatechnologies.utils.validators.abaroutevalidator.Test_AbaRouteValidator_15" time="0"/>
  <testcase name="testAbaNumberCheck_33679_good" classname="com.cardatechnologies.utils.validators.abaroutevalidator.Test_AbaRouteValidator_15" time="0"/>
  <testcase name="testAbaNumberCheck_32739_good" classname="com.cardatechnologies.utils.validators.abaroutevalidator.Test_AbaRouteValidator_15" time="0"/>
  <testcase name="testAbaNumberCheck_32577_good" classname="com.cardatechnologies.utils.validators.abaroutevalidator.Test_AbaRouteValidator_15" time="0"/>
  <testcase name="testAbaNumberCheck_34989_good" classname="com.cardatechnologies.utils.validators.abaroutevalidator.Test_AbaRouteValidator_15" time="0"/>
  <testcase name="testAbaNumberCheck_33887_good" classname="com.cardatechnologies.utils.validators.abaroutevalidator.Test_AbaRouteValidator_15" time="0"/>
  <testcase name="testAbaNumberCheck_32947_good" classname="com.cardatechnologies.utils.validators.abaroutevalidator.Test_AbaRouteValidator_15" time="0"/>
  <testcase name="testAbaNumberCheck_32785_good" classname="com.cardatechnologies.utils.validators.abaroutevalidator.Test_AbaRouteValidator_15" time="0"/>
  <testcase name="testAbaNumberCheck_33599_good" classname="com.cardatechnologies.utils.validators.abaroutevalidator.Test_AbaRouteValidator_15" time="0"/>
  <testcase name="testAbaNumberCheck_32659_good" classname="com.cardatechnologies.utils.validators.abaroutevalidator.Test_AbaRouteValidator_15" time="0"/>
  <testcase name="testAbaNumberCheck_33969_good" classname="com.cardatechnologies.utils.validators.abaroutevalidator.Test_AbaRouteValidator_15" time="0"/>
  <testcase name="testAbaNumberCheck_32993_good" classname="com.cardatechnologies.utils.validators.abaroutevalidator.Test_AbaRouteValidator_15" time="0"/>
  <testcase name="testAbaNumberCheck_32867_good" classname="com.cardatechnologies.utils.validators.abaroutevalidator.Test_AbaRouteValidator_15" time="0.001"/>
  <testcase name="testAbaNumberCheck_32579_good" classname="com.cardatechnologies.utils.validators.abaroutevalidator.Test_AbaRouteValidator_15" time="0"/>
  <testcase name="testAbaNumberCheck_33889_good" classname="com.cardatechnologies.utils.validators.abaroutevalidator.Test_AbaRouteValidator_15" time="0"/>
  <testcase name="testAbaNumberCheck_32949_good" classname="com.cardatechnologies.utils.validators.abaroutevalidator.Test_AbaRouteValidator_15" time="0"/>
  <testcase name="testAbaNumberCheck_32787_good" classname="com.cardatechnologies.utils.validators.abaroutevalidator.Test_AbaRouteValidator_15" time="0"/>
  <testcase name="testAbaNumberCheck_32995_good" classname="com.cardatechnologies.utils.validators.abaroutevalidator.Test_AbaRouteValidator_15" time="0"/>
  <testcase name="testAbaNumberCheck_32869_good" classname="com.cardatechnologies.utils.validators.abaroutevalidator.Test_AbaRouteValidator_15" time="0"/>
  <testcase name="testAbaNumberCheck_32789_good" classname="com.cardatechnologies.utils.validators.abaroutevalidator.Test_AbaRouteValidator_15" time="0"/>
  <testcase name="testAbaNumberCheck_32997_good" classname="com.cardatechnologies.utils.validators.abaroutevalidator.Test_AbaRouteValidator_15" time="0"/>
  <testcase name="testAbaNumberCheck_34101_good" classname="com.cardatechnologies.utils.validators.abaroutevalidator.Test_AbaRouteValidator_15" time="0"/>
  <testcase name="testAbaNumberCheck_32999_good" classname="com.cardatechnologies.utils.validators.abaroutevalidator.Test_AbaRouteValidator_15" time="0"/>
  <testcase name="testAbaNumberCheck_33000_bad" classname="com.cardatechnologies.utils.validators.abaroutevalidator.Test_AbaRouteValidator_15" time="0"/>
  <testcase name="testAbaNumberCheck_33002_bad" classname="com.cardatechnologies.utils.validators.abaroutevalidator.Test_AbaRouteValidator_15" time="0"/>
  <testcase name="testAbaNumberCheck_34021_good" classname="com.cardatechnologies.utils.validators.abaroutevalidator.Test_AbaRouteValidator_15" time="0"/>
  <testcase name="testAbaNumberCheck_33004_bad" classname="com.cardatechnologies.utils.validators.abaroutevalidator.Test_AbaRouteValidator_15" time="0"/>
  <testcase name="testAbaNumberCheck_33006_bad" classname="com.cardatechnologies.utils.validators.abaroutevalidator.Test_AbaRouteValidator_15" time="0"/>
  <testcase name="testAbaNumberCheck_33008_bad" classname="com.cardatechnologies.utils.validators.abaroutevalidator.Test_AbaRouteValidator_15" time="0"/>
  <testcase name="testAbaNumberCheck_34103_good" classname="com.cardatechnologies.utils.validators.abaroutevalidator.Test_AbaRouteValidator_15" time="0"/>
  <testcase name="testAbaNumberCheck_33010_bad" classname="com.cardatechnologies.utils.validators.abaroutevalidator.Test_AbaRouteValidator_15" time="0"/>
  <testcase name="testAbaNumberCheck_33012_bad" classname="com.cardatechnologies.utils.validators.abaroutevalidator.Test_AbaRouteValidator_15" time="0"/>
  <testcase name="testAbaNumberCheck_33014_bad" classname="com.cardatechnologies.utils.validators.abaroutevalidator.Test_AbaRouteValidator_15" time="0"/>
  <testcase name="testAbaNumberCheck_33016_bad" classname="com.cardatechnologies.utils.validators.abaroutevalidator.Test_AbaRouteValidator_15" time="0"/>
  <testcase name="testAbaNumberCheck_33001_good" classname="com.cardatechnologies.utils.validators.abaroutevalidator.Test_AbaRouteValidator_15" time="0"/>
  <testcase name="testAbaNumberCheck_33018_bad" classname="com.cardatechnologies.utils.validators.abaroutevalidator.Test_AbaRouteValidator_15" time="0"/>
  <testcase name="testAbaNumberCheck_34311_good" classname="com.cardatechnologies.utils.validators.abaroutevalidator.Test_AbaRouteValidator_15" time="0"/>
  <testcase name="testAbaNumberCheck_33020_bad" classname="com.cardatechnologies.utils.validators.abaroutevalidator.Test_AbaRouteValidator_15" time="0"/>
  <testcase name="testAbaNumberCheck_33022_bad" classname="com.cardatechnologies.utils.validators.abaroutevalidator.Test_AbaRouteValidator_15" time="0"/>
  <testcase name="testAbaNumberCheck_34023_good" classname="com.cardatechnologies.utils.validators.abaroutevalidator.Test_AbaRouteValidator_15" time="0"/>
  <testcase name="testAbaNumberCheck_33024_bad" classname="com.cardatechnologies.utils.validators.abaroutevalidator.Test_AbaRouteValidator_15" time="0"/>
  <testcase name="testAbaNumberCheck_33026_bad" classname="com.cardatechnologies.utils.validators.abaroutevalidator.Test_AbaRouteValidator_15" time="0.001"/>
  <testcase name="testAbaNumberCheck_33028_bad" classname="com.cardatechnologies.utils.validators.abaroutevalidator.Test_AbaRouteValidator_15" time="0"/>
  <testcase name="testAbaNumberCheck_34231_good" classname="com.cardatechnologies.utils.validators.abaroutevalidator.Test_AbaRouteValidator_15" time="0"/>
  <testcase name="testAbaNumberCheck_34105_good" classname="com.cardatechnologies.utils.validators.abaroutevalidator.Test_AbaRouteValidator_15" time="0"/>
  <testcase name="testAbaNumberCheck_33030_bad" classname="com.cardatechnologies.utils.validators.abaroutevalidator.Test_AbaRouteValidator_15" time="0"/>
  <testcase name="testAbaNumberCheck_33032_bad" classname="com.cardatechnologies.utils.validators.abaroutevalidator.Test_AbaRouteValidator_15" time="0"/>
  <testcase name="testAbaNumberCheck_33034_bad" classname="com.cardatechnologies.utils.validators.abaroutevalidator.Test_AbaRouteValidator_15" time="0"/>
  <testcase name="testAbaNumberCheck_33036_bad" classname="com.cardatechnologies.utils.validators.abaroutevalidator.Test_AbaRouteValidator_15" time="0"/>
  <testcase name="testAbaNumberCheck_33003_good" classname="com.cardatechnologies.utils.validators.abaroutevalidator.Test_AbaRouteValidator_15" time="0"/>
  <testcase name="testAbaNumberCheck_33038_bad" classname="com.cardatechnologies.utils.validators.abaroutevalidator.Test_AbaRouteValidator_15" time="0"/>
  <testcase name="testAbaNumberCheck_34601_good" classname="com.cardatechnologies.utils.validators.abaroutevalidator.Test_AbaRouteValidator_15" time="0"/>
  <testcase name="testAbaNumberCheck_34313_good" classname="com.cardatechnologies.utils.validators.abaroutevalidator.Test_AbaRouteValidator_15" time="0"/>
  <testcase name="testAbaNumberCheck_34300_bad" classname="com.cardatechnologies.utils.validators.abaroutevalidator.Test_AbaRouteValidator_15" time="0"/>
  <testcase name="testAbaNumberCheck_34302_bad" classname="com.cardatechnologies.utils.validators.abaroutevalidator.Test_AbaRouteValidator_15" time="0"/>
  <testcase name="testAbaNumberCheck_34151_good" classname="com.cardatechnologies.utils.validators.abaroutevalidator.Test_AbaRouteValidator_15" time="0"/>
  <testcase name="testAbaNumberCheck_34304_bad" classname="com.cardatechnologies.utils.validators.abaroutevalidator.Test_AbaRouteValidator_15" time="0"/>
  <testcase name="testAbaNumberCheck_33211_good" classname="com.cardatechnologies.utils.validators.abaroutevalidator.Test_AbaRouteValidator_15" time="0"/>
  <testcase name="testAbaNumberCheck_33040_bad" classname="com.cardatechnologies.utils.validators.abaroutevalidator.Test_AbaRouteValidator_15" time="0"/>
  <testcase name="testAbaNumberCheck_34306_bad" classname="com.cardatechnologies.utils.validators.abaroutevalidator.Test_AbaRouteValidator_15" time="0"/>
  <testcase name="testAbaNumberCheck_33042_bad" classname="com.cardatechnologies.utils.validators.abaroutevalidator.Test_AbaRouteValidator_15" time="0"/>
  <testcase name="testAbaNumberCheck_34308_bad" classname="com.cardatechnologies.utils.validators.abaroutevalidator.Test_AbaRouteValidator_15" time="0"/>
  <testcase name="testAbaNumberCheck_34025_good" classname="com.cardatechnologies.utils.validators.abaroutevalidator.Test_AbaRouteValidator_15" time="0"/>
  <testcase name="testAbaNumberCheck_33044_bad" classname="com.cardatechnologies.utils.validators.abaroutevalidator.Test_AbaRouteValidator_15" time="0"/>
  <testcase name="testAbaNumberCheck_33046_bad" classname="com.cardatechnologies.utils.validators.abaroutevalidator.Test_AbaRouteValidator_15" time="0"/>
  <testcase name="testAbaNumberCheck_33048_bad" classname="com.cardatechnologies.utils.validators.abaroutevalidator.Test_AbaRouteValidator_15" time="0"/>
  <testcase name="testAbaNumberCheck_34521_good" classname="com.cardatechnologies.utils.validators.abaroutevalidator.Test_AbaRouteValidator_15" time="0"/>
  <testcase name="testAbaNumberCheck_34233_good" classname="com.cardatechnologies.utils.validators.abaroutevalidator.Test_AbaRouteValidator_15" time="0"/>
  <testcase name="testAbaNumberCheck_34310_bad" classname="com.cardatechnologies.utils.validators.abaroutevalidator.Test_AbaRouteValidator_15" time="0"/>
  <testcase name="testAbaNumberCheck_34312_bad" classname="com.cardatechnologies.utils.validators.abaroutevalidator.Test_AbaRouteValidator_15" time="0"/>
  <testcase name="testAbaNumberCheck_33500_bad" classname="com.cardatechnologies.utils.validators.abaroutevalidator.Test_AbaRouteValidator_15" time="0"/>
  <testcase name="testAbaNumberCheck_34314_bad" classname="com.cardatechnologies.utils.validators.abaroutevalidator.Test_AbaRouteValidator_15" time="0.001"/>
  <testcase name="testAbaNumberCheck_34107_good" classname="com.cardatechnologies.utils.validators.abaroutevalidator.Test_AbaRouteValidator_15" time="0"/>
  <testcase name="testAbaNumberCheck_33050_bad" classname="com.cardatechnologies.utils.validators.abaroutevalidator.Test_AbaRouteValidator_15" time="0"/>
  <testcase name="testAbaNumberCheck_33502_bad" classname="com.cardatechnologies.utils.validators.abaroutevalidator.Test_AbaRouteValidator_15" time="0"/>
  <testcase name="testAbaNumberCheck_34316_bad" classname="com.cardatechnologies.utils.validators.abaroutevalidator.Test_AbaRouteValidator_15" time="0"/>
  <testcase name="testAbaNumberCheck_33052_bad" classname="com.cardatechnologies.utils.validators.abaroutevalidator.Test_AbaRouteValidator_15" time="0"/>
  <testcase name="testAbaNumberCheck_34071_good" classname="com.cardatechnologies.utils.validators.abaroutevalidator.Test_AbaRouteValidator_15" time="0"/>
  <testcase name="testAbaNumberCheck_33504_bad" classname="com.cardatechnologies.utils.validators.abaroutevalidator.Test_AbaRouteValidator_15" time="0"/>
  <testcase name="testAbaNumberCheck_33131_good" classname="com.cardatechnologies.utils.validators.abaroutevalidator.Test_AbaRouteValidator_15" time="0"/>
  <testcase name="testAbaNumberCheck_34318_bad" classname="com.cardatechnologies.utils.validators.abaroutevalidator.Test_AbaRouteValidator_15" time="0"/>
  <testcase name="testAbaNumberCheck_33054_bad" classname="com.cardatechnologies.utils.validators.abaroutevalidator.Test_AbaRouteValidator_15" time="0"/>
  <testcase name="testAbaNumberCheck_33506_bad" classname="com.cardatechnologies.utils.validators.abaroutevalidator.Test_AbaRouteValidator_15" time="0"/>
  <testcase name="testAbaNumberCheck_33056_bad" classname="com.cardatechnologies.utils.validators.abaroutevalidator.Test_AbaRouteValidator_15" time="0"/>
  <testcase name="testAbaNumberCheck_33508_bad" classname="com.cardatechnologies.utils.validators.abaroutevalidator.Test_AbaRouteValidator_15" time="0"/>
  <testcase name="testAbaNumberCheck_33005_good" classname="com.cardatechnologies.utils.validators.abaroutevalidator.Test_AbaRouteValidator_15" time="0"/>
  <testcase name="testAbaNumberCheck_33058_bad" classname="com.cardatechnologies.utils.validators.abaroutevalidator.Test_AbaRouteValidator_15" time="0"/>
  <testcase name="testAbaNumberCheck_34603_good" classname="com.cardatechnologies.utils.validators.abaroutevalidator.Test_AbaRouteValidator_15" time="0"/>
  <testcase name="testAbaNumberCheck_34441_good" classname="com.cardatechnologies.utils.validators.abaroutevalidator.Test_AbaRouteValidator_15" time="0"/>
  <testcase name="testAbaNumberCheck_33501_good" classname="com.cardatechnologies.utils.validators.abaroutevalidator.Test_AbaRouteValidator_15" time="0"/>
  <testcase name="testAbaNumberCheck_34315_good" classname="com.cardatechnologies.utils.validators.abaroutevalidator.Test_AbaRouteValidator_15" time="0"/>
  <testcase name="testAbaNumberCheck_34320_bad" classname="com.cardatechnologies.utils.validators.abaroutevalidator.Test_AbaRouteValidator_15" time="0"/>
  <testcase name="testAbaNumberCheck_34322_bad" classname="com.cardatechnologies.utils.validators.abaroutevalidator.Test_AbaRouteValidator_15" time="0"/>
  <testcase name="testAbaNumberCheck_34153_good" classname="com.cardatechnologies.utils.validators.abaroutevalidator.Test_AbaRouteValidator_15" time="0"/>
  <testcase name="testAbaNumberCheck_33510_bad" classname="com.cardatechnologies.utils.validators.abaroutevalidator.Test_AbaRouteValidator_15" time="0"/>
  <testcase name="testAbaNumberCheck_34324_bad" classname="com.cardatechnologies.utils.validators.abaroutevalidator.Test_AbaRouteValidator_15" time="0"/>
  <testcase name="testAbaNumberCheck_33213_good" classname="com.cardatechnologies.utils.validators.abaroutevalidator.Test_AbaRouteValidator_15" time="0"/>
  <testcase name="testAbaNumberCheck_33060_bad" classname="com.cardatechnologies.utils.validators.abaroutevalidator.Test_AbaRouteValidator_15" time="0"/>
  <testcase name="testAbaNumberCheck_33512_bad" classname="com.cardatechnologies.utils.validators.abaroutevalidator.Test_AbaRouteValidator_15" time="0"/>
  <testcase name="testAbaNumberCheck_34326_bad" classname="com.cardatechnologies.utils.validators.abaroutevalidator.Test_AbaRouteValidator_15" time="0.001"/>
  <testcase name="testAbaNumberCheck_34811_good" classname="com.cardatechnologies.utils.validators.abaroutevalidator.Test_AbaRouteValidator_15" time="0"/>
  <testcase name="testAbaNumberCheck_33062_bad" classname="com.cardatechnologies.utils.validators.abaroutevalidator.Test_AbaRouteValidator_15" time="0"/>
  <testcase name="testAbaNumberCheck_32700_bad" classname="com.cardatechnologies.utils.validators.abaroutevalidator.Test_AbaRouteValidator_15" time="0"/>
  <testcase name="testAbaNumberCheck_33514_bad" classname="com.cardatechnologies.utils.validators.abaroutevalidator.Test_AbaRouteValidator_15" time="0"/>
  <testcase name="testAbaNumberCheck_34328_bad" classname="com.cardatechnologies.utils.validators.abaroutevalidator.Test_AbaRouteValidator_15" time="0"/>
  <testcase name="testAbaNumberCheck_34027_good" classname="com.cardatechnologies.utils.validators.abaroutevalidator.Test_AbaRouteValidator_15" time="0"/>
  <testcase name="testAbaNumberCheck_33064_bad" classname="com.cardatechnologies.utils.validators.abaroutevalidator.Test_AbaRouteValidator_15" time="0"/>
  <testcase name="testAbaNumberCheck_32702_bad" classname="com.cardatechnologies.utils.validators.abaroutevalidator.Test_AbaRouteValidator_15" time="0"/>
  <testcase name="testAbaNumberCheck_33516_bad" classname="com.cardatechnologies.utils.validators.abaroutevalidator.Test_AbaRouteValidator_15" time="0"/>
  <testcase name="testAbaNumberCheck_33066_bad" classname="com.cardatechnologies.utils.validators.abaroutevalidator.Test_AbaRouteValidator_15" time="0"/>
  <testcase name="testAbaNumberCheck_32704_bad" classname="com.cardatechnologies.utils.validators.abaroutevalidator.Test_AbaRouteValidator_15" time="0"/>
  <testcase name="testAbaNumberCheck_33051_good" classname="com.cardatechnologies.utils.validators.abaroutevalidator.Test_AbaRouteValidator_15" time="0"/>
  <testcase name="testAbaNumberCheck_33518_bad" classname="com.cardatechnologies.utils.validators.abaroutevalidator.Test_AbaRouteValidator_15" time="0"/>
  <testcase name="testAbaNumberCheck_33068_bad" classname="com.cardatechnologies.utils.validators.abaroutevalidator.Test_AbaRouteValidator_15" time="0"/>
  <testcase name="testAbaNumberCheck_32706_bad" classname="com.cardatechnologies.utils.validators.abaroutevalidator.Test_AbaRouteValidator_15" time="0"/>
  <testcase name="testAbaNumberCheck_32708_bad" classname="com.cardatechnologies.utils.validators.abaroutevalidator.Test_AbaRouteValidator_15" time="0"/>
  <testcase name="testAbaNumberCheck_34523_good" classname="com.cardatechnologies.utils.validators.abaroutevalidator.Test_AbaRouteValidator_15" time="0"/>
  <testcase name="testAbaNumberCheck_34361_good" classname="com.cardatechnologies.utils.validators.abaroutevalidator.Test_AbaRouteValidator_15" time="0"/>
  <testcase name="testAbaNumberCheck_33421_good" classname="com.cardatechnologies.utils.validators.abaroutevalidator.Test_AbaRouteValidator_15" time="0"/>
  <testcase name="testAbaNumberCheck_34235_good" classname="com.cardatechnologies.utils.validators.abaroutevalidator.Test_AbaRouteValidator_15" time="0"/>
  <testcase name="testAbaNumberCheck_34330_bad" classname="com.cardatechnologies.utils.validators.abaroutevalidator.Test_AbaRouteValidator_15" time="0"/>
  <testcase name="testAbaNumberCheck_34332_bad" classname="com.cardatechnologies.utils.validators.abaroutevalidator.Test_AbaRouteValidator_15" time="0"/>
  <testcase name="testAbaNumberCheck_33520_bad" classname="com.cardatechnologies.utils.validators.abaroutevalidator.Test_AbaRouteValidator_15" time="0"/>
  <testcase name="testAbaNumberCheck_34334_bad" classname="com.cardatechnologies.utils.validators.abaroutevalidator.Test_AbaRouteValidator_15" time="0"/>
  <testcase name="testAbaNumberCheck_34109_good" classname="com.cardatechnologies.utils.validators.abaroutevalidator.Test_AbaRouteValidator_15" time="0"/>
  <testcase name="testAbaNumberCheck_33070_bad" classname="com.cardatechnologies.utils.validators.abaroutevalidator.Test_AbaRouteValidator_15" time="0"/>
  <testcase name="testAbaNumberCheck_33522_bad" classname="com.cardatechnologies.utils.validators.abaroutevalidator.Test_AbaRouteValidator_15" time="0.001"/>
  <testcase name="testAbaNumberCheck_34336_bad" classname="com.cardatechnologies.utils.validators.abaroutevalidator.Test_AbaRouteValidator_15" time="0"/>
  <testcase name="testAbaNumberCheck_33072_bad" classname="com.cardatechnologies.utils.validators.abaroutevalidator.Test_AbaRouteValidator_15" time="0"/>
  <testcase name="testAbaNumberCheck_34073_good" classname="com.cardatechnologies.utils.validators.abaroutevalidator.Test_AbaRouteValidator_15" time="0"/>
  <testcase name="testAbaNumberCheck_32710_bad" classname="com.cardatechnologies.utils.validators.abaroutevalidator.Test_AbaRouteValidator_15" time="0"/>
  <testcase name="testAbaNumberCheck_33524_bad" classname="com.cardatechnologies.utils.validators.abaroutevalidator.Test_AbaRouteValidator_15" time="0"/>
  <testcase name="testAbaNumberCheck_33133_good" classname="com.cardatechnologies.utils.validators.abaroutevalidator.Test_AbaRouteValidator_15" time="0"/>
  <testcase name="testAbaNumberCheck_34338_bad" classname="com.cardatechnologies.utils.validators.abaroutevalidator.Test_AbaRouteValidator_15" time="0"/>
  <testcase name="testAbaNumberCheck_33074_bad" classname="com.cardatechnologies.utils.validators.abaroutevalidator.Test_AbaRouteValidator_15" time="0"/>
  <testcase name="testAbaNumberCheck_32712_bad" classname="com.cardatechnologies.utils.validators.abaroutevalidator.Test_AbaRouteValidator_15" time="0"/>
  <testcase name="testAbaNumberCheck_33526_bad" classname="com.cardatechnologies.utils.validators.abaroutevalidator.Test_AbaRouteValidator_15" time="0"/>
  <testcase name="testAbaNumberCheck_34731_good" classname="com.cardatechnologies.utils.validators.abaroutevalidator.Test_AbaRouteValidator_15" time="0"/>
  <testcase name="testAbaNumberCheck_33076_bad" classname="com.cardatechnologies.utils.validators.abaroutevalidator.Test_AbaRouteValidator_15" time="0"/>
  <testcase name="testAbaNumberCheck_32714_bad" classname="com.cardatechnologies.utils.validators.abaroutevalidator.Test_AbaRouteValidator_15" time="0"/>
  <testcase name="testAbaNumberCheck_33528_bad" classname="com.cardatechnologies.utils.validators.abaroutevalidator.Test_AbaRouteValidator_15" time="0"/>
  <testcase name="testAbaNumberCheck_33007_good" classname="com.cardatechnologies.utils.validators.abaroutevalidator.Test_AbaRouteValidator_15" time="0"/>
  <testcase name="testAbaNumberCheck_33078_bad" classname="com.cardatechnologies.utils.validators.abaroutevalidator.Test_AbaRouteValidator_15" time="0"/>
  <testcase name="testAbaNumberCheck_32716_bad" classname="com.cardatechnologies.utils.validators.abaroutevalidator.Test_AbaRouteValidator_15" time="0"/>
  <testcase name="testAbaNumberCheck_34605_good" classname="com.cardatechnologies.utils.validators.abaroutevalidator.Test_AbaRouteValidator_15" time="0"/>
  <testcase name="testAbaNumberCheck_32718_bad" classname="com.cardatechnologies.utils.validators.abaroutevalidator.Test_AbaRouteValidator_15" time="0"/>
  <testcase name="testAbaNumberCheck_34443_good" classname="com.cardatechnologies.utils.validators.abaroutevalidator.Test_AbaRouteValidator_15" time="0"/>
  <testcase name="testAbaNumberCheck_33503_good" classname="com.cardatechnologies.utils.validators.abaroutevalidator.Test_AbaRouteValidator_15" time="0"/>
  <testcase name="testAbaNumberCheck_34317_good" classname="com.cardatechnologies.utils.validators.abaroutevalidator.Test_AbaRouteValidator_15" time="0"/>
  <testcase name="testAbaNumberCheck_34281_good" classname="com.cardatechnologies.utils.validators.abaroutevalidator.Test_AbaRouteValidator_15" time="0"/>
  <testcase name="testAbaNumberCheck_33341_good" classname="com.cardatechnologies.utils.validators.abaroutevalidator.Test_AbaRouteValidator_15" time="0"/>
  <testcase name="testAbaNumberCheck_34340_bad" classname="com.cardatechnologies.utils.validators.abaroutevalidator.Test_AbaRouteValidator_15" time="0"/>
  <testcase name="testAbaNumberCheck_34342_bad" classname="com.cardatechnologies.utils.validators.abaroutevalidator.Test_AbaRouteValidator_15" time="0"/>
  <testcase name="testAbaNumberCheck_34155_good" classname="com.cardatechnologies.utils.validators.abaroutevalidator.Test_AbaRouteValidator_15" time="0"/>
  <testcase name="testAbaNumberCheck_33530_bad" classname="com.cardatechnologies.utils.validators.abaroutevalidator.Test_AbaRouteValidator_15" time="0.001"/>
  <testcase name="testAbaNumberCheck_34344_bad" classname="com.cardatechnologies.utils.validators.abaroutevalidator.Test_AbaRouteValidator_15" time="0"/>
  <testcase name="testAbaNumberCheck_33215_good" classname="com.cardatechnologies.utils.validators.abaroutevalidator.Test_AbaRouteValidator_15" time="0"/>
  <testcase name="testAbaNumberCheck_33080_bad" classname="com.cardatechnologies.utils.validators.abaroutevalidator.Test_AbaRouteValidator_15" time="0"/>
  <testcase name="testAbaNumberCheck_33532_bad" classname="com.cardatechnologies.utils.validators.abaroutevalidator.Test_AbaRouteValidator_15" time="0"/>
  <testcase name="testAbaNumberCheck_34346_bad" classname="com.cardatechnologies.utils.validators.abaroutevalidator.Test_AbaRouteValidator_15" time="0"/>
  <testcase name="testAbaNumberCheck_34813_good" classname="com.cardatechnologies.utils.validators.abaroutevalidator.Test_AbaRouteValidator_15" time="0"/>
  <testcase name="testAbaNumberCheck_33082_bad" classname="com.cardatechnologies.utils.validators.abaroutevalidator.Test_AbaRouteValidator_15" time="0"/>
  <testcase name="testAbaNumberCheck_32720_bad" classname="com.cardatechnologies.utils.validators.abaroutevalidator.Test_AbaRouteValidator_15" time="0"/>
  <testcase name="testAbaNumberCheck_33534_bad" classname="com.cardatechnologies.utils.validators.abaroutevalidator.Test_AbaRouteValidator_15" time="0"/>
  <testcase name="testAbaNumberCheck_34348_bad" classname="com.cardatechnologies.utils.validators.abaroutevalidator.Test_AbaRouteValidator_15" time="0"/>
  <testcase name="testAbaNumberCheck_34029_good" classname="com.cardatechnologies.utils.validators.abaroutevalidator.Test_AbaRouteValidator_15" time="0"/>
  <testcase name="testAbaNumberCheck_33084_bad" classname="com.cardatechnologies.utils.validators.abaroutevalidator.Test_AbaRouteValidator_15" time="0"/>
  <testcase name="testAbaNumberCheck_32722_bad" classname="com.cardatechnologies.utils.validators.abaroutevalidator.Test_AbaRouteValidator_15" time="0"/>
  <testcase name="testAbaNumberCheck_33536_bad" classname="com.cardatechnologies.utils.validators.abaroutevalidator.Test_AbaRouteValidator_15" time="0"/>
  <testcase name="testAbaNumberCheck_33086_bad" classname="com.cardatechnologies.utils.validators.abaroutevalidator.Test_AbaRouteValidator_15" time="0"/>
  <testcase name="testAbaNumberCheck_32724_bad" classname="com.cardatechnologies.utils.validators.abaroutevalidator.Test_AbaRouteValidator_15" time="0"/>
  <testcase name="testAbaNumberCheck_33053_good" classname="com.cardatechnologies.utils.validators.abaroutevalidator.Test_AbaRouteValidator_15" time="0"/>
  <testcase name="testAbaNumberCheck_33538_bad" classname="com.cardatechnologies.utils.validators.abaroutevalidator.Test_AbaRouteValidator_15" time="0"/>
  <testcase name="testAbaNumberCheck_33088_bad" classname="com.cardatechnologies.utils.validators.abaroutevalidator.Test_AbaRouteValidator_15" time="0"/>
  <testcase name="testAbaNumberCheck_32726_bad" classname="com.cardatechnologies.utils.validators.abaroutevalidator.Test_AbaRouteValidator_15" time="0"/>
  <testcase name="testAbaNumberCheck_34651_good" classname="com.cardatechnologies.utils.validators.abaroutevalidator.Test_AbaRouteValidator_15" time="0"/>
  <testcase name="testAbaNumberCheck_33711_good" classname="com.cardatechnologies.utils.validators.abaroutevalidator.Test_AbaRouteValidator_15" time="0"/>
  <testcase name="testAbaNumberCheck_32728_bad" classname="com.cardatechnologies.utils.validators.abaroutevalidator.Test_AbaRouteValidator_15" time="0"/>
  <testcase name="testAbaNumberCheck_34525_good" classname="com.cardatechnologies.utils.validators.abaroutevalidator.Test_AbaRouteValidator_15" time="0"/>
  <testcase name="testAbaNumberCheck_34363_good" classname="com.cardatechnologies.utils.validators.abaroutevalidator.Test_AbaRouteValidator_15" time="0"/>
  <testcase name="testAbaNumberCheck_33423_good" classname="com.cardatechnologies.utils.validators.abaroutevalidator.Test_AbaRouteValidator_15" time="0"/>
  <testcase name="testAbaNumberCheck_34800_bad" classname="com.cardatechnologies.utils.validators.abaroutevalidator.Test_AbaRouteValidator_15" time="0.001"/>
  <testcase name="testAbaNumberCheck_34237_good" classname="com.cardatechnologies.utils.validators.abaroutevalidator.Test_AbaRouteValidator_15" time="0"/>
  <testcase name="testAbaNumberCheck_34350_bad" classname="com.cardatechnologies.utils.validators.abaroutevalidator.Test_AbaRouteValidator_15" time="0"/>
  <testcase name="testAbaNumberCheck_34802_bad" classname="com.cardatechnologies.utils.validators.abaroutevalidator.Test_AbaRouteValidator_15" time="0"/>
  <testcase name="testAbaNumberCheck_34352_bad" classname="com.cardatechnologies.utils.validators.abaroutevalidator.Test_AbaRouteValidator_15" time="0"/>
  <testcase name="testAbaNumberCheck_34804_bad" classname="com.cardatechnologies.utils.validators.abaroutevalidator.Test_AbaRouteValidator_15" time="0"/>
  <testcase name="testAbaNumberCheck_33261_good" classname="com.cardatechnologies.utils.validators.abaroutevalidator.Test_AbaRouteValidator_15" time="0"/>
  <testcase name="testAbaNumberCheck_33540_bad" classname="com.cardatechnologies.utils.validators.abaroutevalidator.Test_AbaRouteValidator_15" time="0"/>
  <testcase name="testAbaNumberCheck_34354_bad" classname="com.cardatechnologies.utils.validators.abaroutevalidator.Test_AbaRouteValidator_15" time="0"/>
  <testcase name="testAbaNumberCheck_33090_bad" classname="com.cardatechnologies.utils.validators.abaroutevalidator.Test_AbaRouteValidator_15" time="0"/>
  <testcase name="testAbaNumberCheck_34806_bad" classname="com.cardatechnologies.utils.validators.abaroutevalidator.Test_AbaRouteValidator_15" time="0"/>
  <testcase name="testAbaNumberCheck_33542_bad" classname="com.cardatechnologies.utils.validators.abaroutevalidator.Test_AbaRouteValidator_15" time="0"/>
  <testcase name="testAbaNumberCheck_34356_bad" classname="com.cardatechnologies.utils.validators.abaroutevalidator.Test_AbaRouteValidator_15" time="0"/>
  <testcase name="testAbaNumberCheck_33092_bad" classname="com.cardatechnologies.utils.validators.abaroutevalidator.Test_AbaRouteValidator_15" time="0"/>
  <testcase name="testAbaNumberCheck_34808_bad" classname="com.cardatechnologies.utils.validators.abaroutevalidator.Test_AbaRouteValidator_15" time="0"/>
  <testcase name="testAbaNumberCheck_34075_good" classname="com.cardatechnologies.utils.validators.abaroutevalidator.Test_AbaRouteValidator_15" time="0"/>
  <testcase name="testAbaNumberCheck_32730_bad" classname="com.cardatechnologies.utils.validators.abaroutevalidator.Test_AbaRouteValidator_15" time="0"/>
  <testcase name="testAbaNumberCheck_33544_bad" classname="com.cardatechnologies.utils.validators.abaroutevalidator.Test_AbaRouteValidator_15" time="0"/>
  <testcase name="testAbaNumberCheck_33135_good" classname="com.cardatechnologies.utils.validators.abaroutevalidator.Test_AbaRouteValidator_15" time="0"/>
  <testcase name="testAbaNumberCheck_34358_bad" classname="com.cardatechnologies.utils.validators.abaroutevalidator.Test_AbaRouteValidator_15" time="0"/>
  <testcase name="testAbaNumberCheck_33094_bad" classname="com.cardatechnologies.utils.validators.abaroutevalidator.Test_AbaRouteValidator_15" time="0"/>
  <testcase name="testAbaNumberCheck_32732_bad" classname="com.cardatechnologies.utils.validators.abaroutevalidator.Test_AbaRouteValidator_15" time="0"/>
  <testcase name="testAbaNumberCheck_33546_bad" classname="com.cardatechnologies.utils.validators.abaroutevalidator.Test_AbaRouteValidator_15" time="0"/>
  <testcase name="testAbaNumberCheck_34733_good" classname="com.cardatechnologies.utils.validators.abaroutevalidator.Test_AbaRouteValidator_15" time="0"/>
  <testcase name="testAbaNumberCheck_33096_bad" classname="com.cardatechnologies.utils.validators.abaroutevalidator.Test_AbaRouteValidator_15" time="0"/>
  <testcase name="testAbaNumberCheck_32734_bad" classname="com.cardatechnologies.utils.validators.abaroutevalidator.Test_AbaRouteValidator_15" time="0"/>
  <testcase name="testAbaNumberCheck_33548_bad" classname="com.cardatechnologies.utils.validators.abaroutevalidator.Test_AbaRouteValidator_15" time="0"/>
  <testcase name="testAbaNumberCheck_33009_good" classname="com.cardatechnologies.utils.validators.abaroutevalidator.Test_AbaRouteValidator_15" time="0"/>
  <testcase name="testAbaNumberCheck_33098_bad" classname="com.cardatechnologies.utils.validators.abaroutevalidator.Test_AbaRouteValidator_15" time="0"/>
  <testcase name="testAbaNumberCheck_32736_bad" classname="com.cardatechnologies.utils.validators.abaroutevalidator.Test_AbaRouteValidator_15" time="0"/>
  <testcase name="testAbaNumberCheck_34607_good" classname="com.cardatechnologies.utils.validators.abaroutevalidator.Test_AbaRouteValidator_15" time="0.001"/>
  <testcase name="testAbaNumberCheck_32738_bad" classname="com.cardatechnologies.utils.validators.abaroutevalidator.Test_AbaRouteValidator_15" time="0"/>
  <testcase name="testAbaNumberCheck_34571_good" classname="com.cardatechnologies.utils.validators.abaroutevalidator.Test_AbaRouteValidator_15" time="0"/>
  <testcase name="testAbaNumberCheck_33631_good" classname="com.cardatechnologies.utils.validators.abaroutevalidator.Test_AbaRouteValidator_15" time="0"/>
  <testcase name="testAbaNumberCheck_34445_good" classname="com.cardatechnologies.utils.validators.abaroutevalidator.Test_AbaRouteValidator_15" time="0"/>
  <testcase name="testAbaNumberCheck_33505_good" classname="com.cardatechnologies.utils.validators.abaroutevalidator.Test_AbaRouteValidator_15" time="0"/>
  <testcase name="testAbaNumberCheck_34319_good" classname="com.cardatechnologies.utils.validators.abaroutevalidator.Test_AbaRouteValidator_15" time="0"/>
  <testcase name="testAbaNumberCheck_34283_good" classname="com.cardatechnologies.utils.validators.abaroutevalidator.Test_AbaRouteValidator_15" time="0"/>
  <testcase name="testAbaNumberCheck_34810_bad" classname="com.cardatechnologies.utils.validators.abaroutevalidator.Test_AbaRouteValidator_15" time="0"/>
  <testcase name="testAbaNumberCheck_33343_good" classname="com.cardatechnologies.utils.validators.abaroutevalidator.Test_AbaRouteValidator_15" time="0"/>
  <testcase name="testAbaNumberCheck_34360_bad" classname="com.cardatechnologies.utils.validators.abaroutevalidator.Test_AbaRouteValidator_15" time="0"/>
  <testcase name="testAbaNumberCheck_34812_bad" classname="com.cardatechnologies.utils.validators.abaroutevalidator.Test_AbaRouteValidator_15" time="0"/>
  <testcase name="testAbaNumberCheck_34941_good" classname="com.cardatechnologies.utils.validators.abaroutevalidator.Test_AbaRouteValidator_15" time="0"/>
  <testcase name="testAbaNumberCheck_34362_bad" classname="com.cardatechnologies.utils.validators.abaroutevalidator.Test_AbaRouteValidator_15" time="0"/>
  <testcase name="testAbaNumberCheck_34814_bad" classname="com.cardatechnologies.utils.validators.abaroutevalidator.Test_AbaRouteValidator_15" time="0"/>
  <testcase name="testAbaNumberCheck_34157_good" classname="com.cardatechnologies.utils.validators.abaroutevalidator.Test_AbaRouteValidator_15" time="0"/>
  <testcase name="testAbaNumberCheck_33550_bad" classname="com.cardatechnologies.utils.validators.abaroutevalidator.Test_AbaRouteValidator_15" time="0"/>
  <testcase name="testAbaNumberCheck_34364_bad" classname="com.cardatechnologies.utils.validators.abaroutevalidator.Test_AbaRouteValidator_15" time="0"/>
  <testcase name="testAbaNumberCheck_33217_good" classname="com.cardatechnologies.utils.validators.abaroutevalidator.Test_AbaRouteValidator_15" time="0"/>
  <testcase name="testAbaNumberCheck_34816_bad" classname="com.cardatechnologies.utils.validators.abaroutevalidator.Test_AbaRouteValidator_15" time="0"/>
  <testcase name="testAbaNumberCheck_33552_bad" classname="com.cardatechnologies.utils.validators.abaroutevalidator.Test_AbaRouteValidator_15" time="0"/>
  <testcase name="testAbaNumberCheck_34366_bad" classname="com.cardatechnologies.utils.validators.abaroutevalidator.Test_AbaRouteValidator_15" time="0"/>
  <testcase name="testAbaNumberCheck_34815_good" classname="com.cardatechnologies.utils.validators.abaroutevalidator.Test_AbaRouteValidator_15" time="0"/>
  <testcase name="testAbaNumberCheck_33181_good" classname="com.cardatechnologies.utils.validators.abaroutevalidator.Test_AbaRouteValidator_15" time="0"/>
  <testcase name="testAbaNumberCheck_34818_bad" classname="com.cardatechnologies.utils.validators.abaroutevalidator.Test_AbaRouteValidator_15" time="0"/>
  <testcase name="testAbaNumberCheck_32740_bad" classname="com.cardatechnologies.utils.validators.abaroutevalidator.Test_AbaRouteValidator_15" time="0"/>
  <testcase name="testAbaNumberCheck_33554_bad" classname="com.cardatechnologies.utils.validators.abaroutevalidator.Test_AbaRouteValidator_15" time="0"/>
  <testcase name="testAbaNumberCheck_34368_bad" classname="com.cardatechnologies.utils.validators.abaroutevalidator.Test_AbaRouteValidator_15" time="0"/>
  <testcase name="testAbaNumberCheck_32742_bad" classname="com.cardatechnologies.utils.validators.abaroutevalidator.Test_AbaRouteValidator_15" time="0"/>
  <testcase name="testAbaNumberCheck_33556_bad" classname="com.cardatechnologies.utils.validators.abaroutevalidator.Test_AbaRouteValidator_15" time="0.001"/>
  <testcase name="testAbaNumberCheck_32744_bad" classname="com.cardatechnologies.utils.validators.abaroutevalidator.Test_AbaRouteValidator_15" time="0"/>
  <testcase name="testAbaNumberCheck_33055_good" classname="com.cardatechnologies.utils.validators.abaroutevalidator.Test_AbaRouteValidator_15" time="0"/>
  <testcase name="testAbaNumberCheck_33558_bad" classname="com.cardatechnologies.utils.validators.abaroutevalidator.Test_AbaRouteValidator_15" time="0"/>
  <testcase name="testAbaNumberCheck_32746_bad" classname="com.cardatechnologies.utils.validators.abaroutevalidator.Test_AbaRouteValidator_15" time="0"/>
  <testcase name="testAbaNumberCheck_34653_good" classname="com.cardatechnologies.utils.validators.abaroutevalidator.Test_AbaRouteValidator_15" time="0"/>
  <testcase name="testAbaNumberCheck_33713_good" classname="com.cardatechnologies.utils.validators.abaroutevalidator.Test_AbaRouteValidator_15" time="0"/>
  <testcase name="testAbaNumberCheck_32748_bad" classname="com.cardatechnologies.utils.validators.abaroutevalidator.Test_AbaRouteValidator_15" time="0"/>
  <testcase name="testAbaNumberCheck_34527_good" classname="com.cardatechnologies.utils.validators.abaroutevalidator.Test_AbaRouteValidator_15" time="0"/>
  <testcase name="testAbaNumberCheck_34491_good" classname="com.cardatechnologies.utils.validators.abaroutevalidator.Test_AbaRouteValidator_15" time="0"/>
  <testcase name="testAbaNumberCheck_33551_good" classname="com.cardatechnologies.utils.validators.abaroutevalidator.Test_AbaRouteValidator_15" time="0"/>
  <testcase name="testAbaNumberCheck_32611_good" classname="com.cardatechnologies.utils.validators.abaroutevalidator.Test_AbaRouteValidator_15" time="0"/>
  <testcase name="testAbaNumberCheck_34365_good" classname="com.cardatechnologies.utils.validators.abaroutevalidator.Test_AbaRouteValidator_15" time="0"/>
  <testcase name="testAbaNumberCheck_33425_good" classname="com.cardatechnologies.utils.validators.abaroutevalidator.Test_AbaRouteValidator_15" time="0"/>
  <testcase name="testAbaNumberCheck_34820_bad" classname="com.cardatechnologies.utils.validators.abaroutevalidator.Test_AbaRouteValidator_15" time="0"/>
  <testcase name="testAbaNumberCheck_34239_good" classname="com.cardatechnologies.utils.validators.abaroutevalidator.Test_AbaRouteValidator_15" time="0"/>
  <testcase name="testAbaNumberCheck_34370_bad" classname="com.cardatechnologies.utils.validators.abaroutevalidator.Test_AbaRouteValidator_15" time="0"/>
  <testcase name="testAbaNumberCheck_34822_bad" classname="com.cardatechnologies.utils.validators.abaroutevalidator.Test_AbaRouteValidator_15" time="0"/>
  <testcase name="testAbaNumberCheck_34372_bad" classname="com.cardatechnologies.utils.validators.abaroutevalidator.Test_AbaRouteValidator_15" time="0"/>
  <testcase name="testAbaNumberCheck_34824_bad" classname="com.cardatechnologies.utils.validators.abaroutevalidator.Test_AbaRouteValidator_15" time="0"/>
  <testcase name="testAbaNumberCheck_33263_good" classname="com.cardatechnologies.utils.validators.abaroutevalidator.Test_AbaRouteValidator_15" time="0"/>
  <testcase name="testAbaNumberCheck_33560_bad" classname="com.cardatechnologies.utils.validators.abaroutevalidator.Test_AbaRouteValidator_15" time="0"/>
  <testcase name="testAbaNumberCheck_34374_bad" classname="com.cardatechnologies.utils.validators.abaroutevalidator.Test_AbaRouteValidator_15" time="0"/>
  <testcase name="testAbaNumberCheck_34826_bad" classname="com.cardatechnologies.utils.validators.abaroutevalidator.Test_AbaRouteValidator_15" time="0"/>
  <testcase name="testAbaNumberCheck_34861_good" classname="com.cardatechnologies.utils.validators.abaroutevalidator.Test_AbaRouteValidator_15" time="0"/>
  <testcase name="testAbaNumberCheck_33562_bad" classname="com.cardatechnologies.utils.validators.abaroutevalidator.Test_AbaRouteValidator_15" time="0"/>
  <testcase name="testAbaNumberCheck_34376_bad" classname="com.cardatechnologies.utils.validators.abaroutevalidator.Test_AbaRouteValidator_15" time="0"/>
  <testcase name="testAbaNumberCheck_33921_good" classname="com.cardatechnologies.utils.validators.abaroutevalidator.Test_AbaRouteValidator_15" time="0"/>
  <testcase name="testAbaNumberCheck_34828_bad" classname="com.cardatechnologies.utils.validators.abaroutevalidator.Test_AbaRouteValidator_15" time="0"/>
  <testcase name="testAbaNumberCheck_34077_good" classname="com.cardatechnologies.utils.validators.abaroutevalidator.Test_AbaRouteValidator_15" time="0"/>
  <testcase name="testAbaNumberCheck_32750_bad" classname="com.cardatechnologies.utils.validators.abaroutevalidator.Test_AbaRouteValidator_15" time="0"/>
  <testcase name="testAbaNumberCheck_33564_bad" classname="com.cardatechnologies.utils.validators.abaroutevalidator.Test_AbaRouteValidator_15" time="0"/>
  <testcase name="testAbaNumberCheck_33137_good" classname="com.cardatechnologies.utils.validators.abaroutevalidator.Test_AbaRouteValidator_15" time="0"/>
  <testcase name="testAbaNumberCheck_34378_bad" classname="com.cardatechnologies.utils.validators.abaroutevalidator.Test_AbaRouteValidator_15" time="0"/>
  <testcase name="testAbaNumberCheck_32752_bad" classname="com.cardatechnologies.utils.validators.abaroutevalidator.Test_AbaRouteValidator_15" time="0"/>
  <testcase name="testAbaNumberCheck_33566_bad" classname="com.cardatechnologies.utils.validators.abaroutevalidator.Test_AbaRouteValidator_15" time="0"/>
  <testcase name="testAbaNumberCheck_34735_good" classname="com.cardatechnologies.utils.validators.abaroutevalidator.Test_AbaRouteValidator_15" time="0"/>
  <testcase name="testAbaNumberCheck_32754_bad" classname="com.cardatechnologies.utils.validators.abaroutevalidator.Test_AbaRouteValidator_15" time="0"/>
  <testcase name="testAbaNumberCheck_33568_bad" classname="com.cardatechnologies.utils.validators.abaroutevalidator.Test_AbaRouteValidator_15" time="0"/>
  <testcase name="testAbaNumberCheck_32756_bad" classname="com.cardatechnologies.utils.validators.abaroutevalidator.Test_AbaRouteValidator_15" time="0"/>
  <testcase name="testAbaNumberCheck_34609_good" classname="com.cardatechnologies.utils.validators.abaroutevalidator.Test_AbaRouteValidator_15" time="0"/>
  <testcase name="testAbaNumberCheck_32758_bad" classname="com.cardatechnologies.utils.validators.abaroutevalidator.Test_AbaRouteValidator_15" time="0"/>
  <testcase name="testAbaNumberCheck_34573_good" classname="com.cardatechnologies.utils.validators.abaroutevalidator.Test_AbaRouteValidator_15" time="0"/>
  <testcase name="testAbaNumberCheck_33633_good" classname="com.cardatechnologies.utils.validators.abaroutevalidator.Test_AbaRouteValidator_15" time="0"/>
  <testcase name="testAbaNumberCheck_34447_good" classname="com.cardatechnologies.utils.validators.abaroutevalidator.Test_AbaRouteValidator_15" time="0"/>
  <testcase name="testAbaNumberCheck_33507_good" classname="com.cardatechnologies.utils.validators.abaroutevalidator.Test_AbaRouteValidator_15" time="0"/>
  <testcase name="testAbaNumberCheck_33471_good" classname="com.cardatechnologies.utils.validators.abaroutevalidator.Test_AbaRouteValidator_15" time="0"/>
  <testcase name="testAbaNumberCheck_32531_good" classname="com.cardatechnologies.utils.validators.abaroutevalidator.Test_AbaRouteValidator_15" time="0"/>
  <testcase name="testAbaNumberCheck_34285_good" classname="com.cardatechnologies.utils.validators.abaroutevalidator.Test_AbaRouteValidator_15" time="0"/>
  <testcase name="testAbaNumberCheck_34830_bad" classname="com.cardatechnologies.utils.validators.abaroutevalidator.Test_AbaRouteValidator_15" time="0"/>
  <testcase name="testAbaNumberCheck_33345_good" classname="com.cardatechnologies.utils.validators.abaroutevalidator.Test_AbaRouteValidator_15" time="0"/>
  <testcase name="testAbaNumberCheck_34380_bad" classname="com.cardatechnologies.utils.validators.abaroutevalidator.Test_AbaRouteValidator_15" time="0"/>
  <testcase name="testAbaNumberCheck_34832_bad" classname="com.cardatechnologies.utils.validators.abaroutevalidator.Test_AbaRouteValidator_15" time="0"/>
  <testcase name="testAbaNumberCheck_34943_good" classname="com.cardatechnologies.utils.validators.abaroutevalidator.Test_AbaRouteValidator_15" time="0"/>
  <testcase name="testAbaNumberCheck_34382_bad" classname="com.cardatechnologies.utils.validators.abaroutevalidator.Test_AbaRouteValidator_15" time="0"/>
  <testcase name="testAbaNumberCheck_34834_bad" classname="com.cardatechnologies.utils.validators.abaroutevalidator.Test_AbaRouteValidator_15" time="0.001"/>
  <testcase name="testAbaNumberCheck_34159_good" classname="com.cardatechnologies.utils.validators.abaroutevalidator.Test_AbaRouteValidator_15" time="0"/>
  <testcase name="testAbaNumberCheck_33570_bad" classname="com.cardatechnologies.utils.validators.abaroutevalidator.Test_AbaRouteValidator_15" time="0"/>
  <testcase name="testAbaNumberCheck_34384_bad" classname="com.cardatechnologies.utils.validators.abaroutevalidator.Test_AbaRouteValidator_15" time="0"/>
  <testcase name="testAbaNumberCheck_33219_good" classname="com.cardatechnologies.utils.validators.abaroutevalidator.Test_AbaRouteValidator_15" time="0"/>
  <testcase name="testAbaNumberCheck_34836_bad" classname="com.cardatechnologies.utils.validators.abaroutevalidator.Test_AbaRouteValidator_15" time="0"/>
  <testcase name="testAbaNumberCheck_33572_bad" classname="com.cardatechnologies.utils.validators.abaroutevalidator.Test_AbaRouteValidator_15" time="0"/>
  <testcase name="testAbaNumberCheck_34386_bad" classname="com.cardatechnologies.utils.validators.abaroutevalidator.Test_AbaRouteValidator_15" time="0"/>
  <testcase name="testAbaNumberCheck_34817_good" classname="com.cardatechnologies.utils.validators.abaroutevalidator.Test_AbaRouteValidator_15" time="0"/>
  <testcase name="testAbaNumberCheck_33183_good" classname="com.cardatechnologies.utils.validators.abaroutevalidator.Test_AbaRouteValidator_15" time="0"/>
  <testcase name="testAbaNumberCheck_34838_bad" classname="com.cardatechnologies.utils.validators.abaroutevalidator.Test_AbaRouteValidator_15" time="0"/>
  <testcase name="testAbaNumberCheck_32760_bad" classname="com.cardatechnologies.utils.validators.abaroutevalidator.Test_AbaRouteValidator_15" time="0"/>
  <testcase name="testAbaNumberCheck_33574_bad" classname="com.cardatechnologies.utils.validators.abaroutevalidator.Test_AbaRouteValidator_15" time="0"/>
  <testcase name="testAbaNumberCheck_34388_bad" classname="com.cardatechnologies.utils.validators.abaroutevalidator.Test_AbaRouteValidator_15" time="0"/>
  <testcase name="testAbaNumberCheck_34781_good" classname="com.cardatechnologies.utils.validators.abaroutevalidator.Test_AbaRouteValidator_15" time="0"/>
  <testcase name="testAbaNumberCheck_32762_bad" classname="com.cardatechnologies.utils.validators.abaroutevalidator.Test_AbaRouteValidator_15" time="0"/>
  <testcase name="testAbaNumberCheck_33576_bad" classname="com.cardatechnologies.utils.validators.abaroutevalidator.Test_AbaRouteValidator_15" time="0"/>
  <testcase name="testAbaNumberCheck_33841_good" classname="com.cardatechnologies.utils.validators.abaroutevalidator.Test_AbaRouteValidator_15" time="0"/>
  <testcase name="testAbaNumberCheck_32901_good" classname="com.cardatechnologies.utils.validators.abaroutevalidator.Test_AbaRouteValidator_15" time="0"/>
  <testcase name="testAbaNumberCheck_32764_bad" classname="com.cardatechnologies.utils.validators.abaroutevalidator.Test_AbaRouteValidator_15" time="0"/>
  <testcase name="testAbaNumberCheck_33057_good" classname="com.cardatechnologies.utils.validators.abaroutevalidator.Test_AbaRouteValidator_15" time="0"/>
  <testcase name="testAbaNumberCheck_33578_bad" classname="com.cardatechnologies.utils.validators.abaroutevalidator.Test_AbaRouteValidator_15" time="0"/>
  <testcase name="testAbaNumberCheck_32766_bad" classname="com.cardatechnologies.utils.validators.abaroutevalidator.Test_AbaRouteValidator_15" time="0"/>
  <testcase name="testAbaNumberCheck_34655_good" classname="com.cardatechnologies.utils.validators.abaroutevalidator.Test_AbaRouteValidator_15" time="0"/>
  <testcase name="testAbaNumberCheck_33715_good" classname="com.cardatechnologies.utils.validators.abaroutevalidator.Test_AbaRouteValidator_15" time="0"/>
  <testcase name="testAbaNumberCheck_32768_bad" classname="com.cardatechnologies.utils.validators.abaroutevalidator.Test_AbaRouteValidator_15" time="0"/>
  <testcase name="testAbaNumberCheck_34529_good" classname="com.cardatechnologies.utils.validators.abaroutevalidator.Test_AbaRouteValidator_15" time="0"/>
  <testcase name="testAbaNumberCheck_34493_good" classname="com.cardatechnologies.utils.validators.abaroutevalidator.Test_AbaRouteValidator_15" time="0"/>
  <testcase name="testAbaNumberCheck_33553_good" classname="com.cardatechnologies.utils.validators.abaroutevalidator.Test_AbaRouteValidator_15" time="0"/>
  <testcase name="testAbaNumberCheck_32613_good" classname="com.cardatechnologies.utils.validators.abaroutevalidator.Test_AbaRouteValidator_15" time="0.001"/>
  <testcase name="testAbaNumberCheck_34367_good" classname="com.cardatechnologies.utils.validators.abaroutevalidator.Test_AbaRouteValidator_15" time="0"/>
  <testcase name="testAbaNumberCheck_33427_good" classname="com.cardatechnologies.utils.validators.abaroutevalidator.Test_AbaRouteValidator_15" time="0"/>
  <testcase name="testAbaNumberCheck_33391_good" classname="com.cardatechnologies.utils.validators.abaroutevalidator.Test_AbaRouteValidator_15" time="0"/>
  <testcase name="testAbaNumberCheck_34840_bad" classname="com.cardatechnologies.utils.validators.abaroutevalidator.Test_AbaRouteValidator_15" time="0"/>
  <testcase name="testAbaNumberCheck_34390_bad" classname="com.cardatechnologies.utils.validators.abaroutevalidator.Test_AbaRouteValidator_15" time="0"/>
  <testcase name="testAbaNumberCheck_34842_bad" classname="com.cardatechnologies.utils.validators.abaroutevalidator.Test_AbaRouteValidator_15" time="0"/>
  <testcase name="testAbaNumberCheck_34392_bad" classname="com.cardatechnologies.utils.validators.abaroutevalidator.Test_AbaRouteValidator_15" time="0"/>
  <testcase name="testAbaNumberCheck_34844_bad" classname="com.cardatechnologies.utils.validators.abaroutevalidator.Test_AbaRouteValidator_15" time="0"/>
  <testcase name="testAbaNumberCheck_33265_good" classname="com.cardatechnologies.utils.validators.abaroutevalidator.Test_AbaRouteValidator_15" time="0"/>
  <testcase name="testAbaNumberCheck_33580_bad" classname="com.cardatechnologies.utils.validators.abaroutevalidator.Test_AbaRouteValidator_15" time="0"/>
  <testcase name="testAbaNumberCheck_34394_bad" classname="com.cardatechnologies.utils.validators.abaroutevalidator.Test_AbaRouteValidator_15" time="0"/>
  <testcase name="testAbaNumberCheck_34846_bad" classname="com.cardatechnologies.utils.validators.abaroutevalidator.Test_AbaRouteValidator_15" time="0"/>
  <testcase name="testAbaNumberCheck_34863_good" classname="com.cardatechnologies.utils.validators.abaroutevalidator.Test_AbaRouteValidator_15" time="0"/>
  <testcase name="testAbaNumberCheck_33582_bad" classname="com.cardatechnologies.utils.validators.abaroutevalidator.Test_AbaRouteValidator_15" time="0"/>
  <testcase name="testAbaNumberCheck_34396_bad" classname="com.cardatechnologies.utils.validators.abaroutevalidator.Test_AbaRouteValidator_15" time="0"/>
  <testcase name="testAbaNumberCheck_33923_good" classname="com.cardatechnologies.utils.validators.abaroutevalidator.Test_AbaRouteValidator_15" time="0"/>
  <testcase name="testAbaNumberCheck_34848_bad" classname="com.cardatechnologies.utils.validators.abaroutevalidator.Test_AbaRouteValidator_15" time="0"/>
  <testcase name="testAbaNumberCheck_34079_good" classname="com.cardatechnologies.utils.validators.abaroutevalidator.Test_AbaRouteValidator_15" time="0"/>
  <testcase name="testAbaNumberCheck_32770_bad" classname="com.cardatechnologies.utils.validators.abaroutevalidator.Test_AbaRouteValidator_15" time="0"/>
  <testcase name="testAbaNumberCheck_33584_bad" classname="com.cardatechnologies.utils.validators.abaroutevalidator.Test_AbaRouteValidator_15" time="0"/>
  <testcase name="testAbaNumberCheck_33139_good" classname="com.cardatechnologies.utils.validators.abaroutevalidator.Test_AbaRouteValidator_15" time="0"/>
  <testcase name="testAbaNumberCheck_34398_bad" classname="com.cardatechnologies.utils.validators.abaroutevalidator.Test_AbaRouteValidator_15" time="0"/>
  <testcase name="testAbaNumberCheck_32772_bad" classname="com.cardatechnologies.utils.validators.abaroutevalidator.Test_AbaRouteValidator_15" time="0"/>
  <testcase name="testAbaNumberCheck_33586_bad" classname="com.cardatechnologies.utils.validators.abaroutevalidator.Test_AbaRouteValidator_15" time="0"/>
  <testcase name="testAbaNumberCheck_34737_good" classname="com.cardatechnologies.utils.validators.abaroutevalidator.Test_AbaRouteValidator_15" time="0"/>
  <testcase name="testAbaNumberCheck_32774_bad" classname="com.cardatechnologies.utils.validators.abaroutevalidator.Test_AbaRouteValidator_15" time="0"/>
  <testcase name="testAbaNumberCheck_33588_bad" classname="com.cardatechnologies.utils.validators.abaroutevalidator.Test_AbaRouteValidator_15" time="0"/>
  <testcase name="testAbaNumberCheck_32776_bad" classname="com.cardatechnologies.utils.validators.abaroutevalidator.Test_AbaRouteValidator_15" time="0"/>
  <testcase name="testAbaNumberCheck_33761_good" classname="com.cardatechnologies.utils.validators.abaroutevalidator.Test_AbaRouteValidator_15" time="0"/>
  <testcase name="testAbaNumberCheck_32821_good" classname="com.cardatechnologies.utils.validators.abaroutevalidator.Test_AbaRouteValidator_15" time="0"/>
  <testcase name="testAbaNumberCheck_32778_bad" classname="com.cardatechnologies.utils.validators.abaroutevalidator.Test_AbaRouteValidator_15" time="0"/>
  <testcase name="testAbaNumberCheck_34575_good" classname="com.cardatechnologies.utils.validators.abaroutevalidator.Test_AbaRouteValidator_15" time="0"/>
  <testcase name="testAbaNumberCheck_33635_good" classname="com.cardatechnologies.utils.validators.abaroutevalidator.Test_AbaRouteValidator_15" time="0"/>
  <testcase name="testAbaNumberCheck_34449_good" classname="com.cardatechnologies.utils.validators.abaroutevalidator.Test_AbaRouteValidator_15" time="0"/>
  <testcase name="testAbaNumberCheck_33509_good" classname="com.cardatechnologies.utils.validators.abaroutevalidator.Test_AbaRouteValidator_15" time="0"/>
  <testcase name="testAbaNumberCheck_33473_good" classname="com.cardatechnologies.utils.validators.abaroutevalidator.Test_AbaRouteValidator_15" time="0"/>
  <testcase name="testAbaNumberCheck_32533_good" classname="com.cardatechnologies.utils.validators.abaroutevalidator.Test_AbaRouteValidator_15" time="0"/>
  <testcase name="testAbaNumberCheck_34287_good" classname="com.cardatechnologies.utils.validators.abaroutevalidator.Test_AbaRouteValidator_15" time="0"/>
  <testcase name="testAbaNumberCheck_34850_bad" classname="com.cardatechnologies.utils.validators.abaroutevalidator.Test_AbaRouteValidator_15" time="0"/>
  <testcase name="testAbaNumberCheck_33347_good" classname="com.cardatechnologies.utils.validators.abaroutevalidator.Test_AbaRouteValidator_15" time="0"/>
  <testcase name="testAbaNumberCheck_34852_bad" classname="com.cardatechnologies.utils.validators.abaroutevalidator.Test_AbaRouteValidator_15" time="0"/>
  <testcase name="testAbaNumberCheck_34945_good" classname="com.cardatechnologies.utils.validators.abaroutevalidator.Test_AbaRouteValidator_15" time="0"/>
  <testcase name="testAbaNumberCheck_34854_bad" classname="com.cardatechnologies.utils.validators.abaroutevalidator.Test_AbaRouteValidator_15" time="0"/>
  <testcase name="testAbaNumberCheck_33590_bad" classname="com.cardatechnologies.utils.validators.abaroutevalidator.Test_AbaRouteValidator_15" time="0"/>
  <testcase name="testAbaNumberCheck_34856_bad" classname="com.cardatechnologies.utils.validators.abaroutevalidator.Test_AbaRouteValidator_15" time="0"/>
  <testcase name="testAbaNumberCheck_33592_bad" classname="com.cardatechnologies.utils.validators.abaroutevalidator.Test_AbaRouteValidator_15" time="0"/>
  <testcase name="testAbaNumberCheck_34819_good" classname="com.cardatechnologies.utils.validators.abaroutevalidator.Test_AbaRouteValidator_15" time="0"/>
  <testcase name="testAbaNumberCheck_33185_good" classname="com.cardatechnologies.utils.validators.abaroutevalidator.Test_AbaRouteValidator_15" time="0"/>
  <testcase name="testAbaNumberCheck_34858_bad" classname="com.cardatechnologies.utils.validators.abaroutevalidator.Test_AbaRouteValidator_15" time="0"/>
  <testcase name="testAbaNumberCheck_32780_bad" classname="com.cardatechnologies.utils.validators.abaroutevalidator.Test_AbaRouteValidator_15" time="0"/>
  <testcase name="testAbaNumberCheck_33594_bad" classname="com.cardatechnologies.utils.validators.abaroutevalidator.Test_AbaRouteValidator_15" time="0"/>
  <testcase name="testAbaNumberCheck_34783_good" classname="com.cardatechnologies.utils.validators.abaroutevalidator.Test_AbaRouteValidator_15" time="0"/>
  <testcase name="testAbaNumberCheck_32782_bad" classname="com.cardatechnologies.utils.validators.abaroutevalidator.Test_AbaRouteValidator_15" time="0"/>
  <testcase name="testAbaNumberCheck_33596_bad" classname="com.cardatechnologies.utils.validators.abaroutevalidator.Test_AbaRouteValidator_15" time="0"/>
  <testcase name="testAbaNumberCheck_33843_good" classname="com.cardatechnologies.utils.validators.abaroutevalidator.Test_AbaRouteValidator_15" time="0"/>
  <testcase name="testAbaNumberCheck_32903_good" classname="com.cardatechnologies.utils.validators.abaroutevalidator.Test_AbaRouteValidator_15" time="0"/>
  <testcase name="testAbaNumberCheck_32784_bad" classname="com.cardatechnologies.utils.validators.abaroutevalidator.Test_AbaRouteValidator_15" time="0"/>
  <testcase name="testAbaNumberCheck_33059_good" classname="com.cardatechnologies.utils.validators.abaroutevalidator.Test_AbaRouteValidator_15" time="0"/>
  <testcase name="testAbaNumberCheck_33598_bad" classname="com.cardatechnologies.utils.validators.abaroutevalidator.Test_AbaRouteValidator_15" time="0.001"/>
  <testcase name="testAbaNumberCheck_32786_bad" classname="com.cardatechnologies.utils.validators.abaroutevalidator.Test_AbaRouteValidator_15" time="0"/>
  <testcase name="testAbaNumberCheck_34657_good" classname="com.cardatechnologies.utils.validators.abaroutevalidator.Test_AbaRouteValidator_15" time="0"/>
  <testcase name="testAbaNumberCheck_33717_good" classname="com.cardatechnologies.utils.validators.abaroutevalidator.Test_AbaRouteValidator_15" time="0"/>
  <testcase name="testAbaNumberCheck_32788_bad" classname="com.cardatechnologies.utils.validators.abaroutevalidator.Test_AbaRouteValidator_15" time="0"/>
  <testcase name="testAbaNumberCheck_33681_good" classname="com.cardatechnologies.utils.validators.abaroutevalidator.Test_AbaRouteValidator_15" time="0"/>
  <testcase name="testAbaNumberCheck_32741_good" classname="com.cardatechnologies.utils.validators.abaroutevalidator.Test_AbaRouteValidator_15" time="0"/>
  <testcase name="testAbaNumberCheck_34495_good" classname="com.cardatechnologies.utils.validators.abaroutevalidator.Test_AbaRouteValidator_15" time="0"/>
  <testcase name="testAbaNumberCheck_33555_good" classname="com.cardatechnologies.utils.validators.abaroutevalidator.Test_AbaRouteValidator_15" time="0"/>
  <testcase name="testAbaNumberCheck_32615_good" classname="com.cardatechnologies.utils.validators.abaroutevalidator.Test_AbaRouteValidator_15" time="0"/>
  <testcase name="testAbaNumberCheck_34369_good" classname="com.cardatechnologies.utils.validators.abaroutevalidator.Test_AbaRouteValidator_15" time="0"/>
  <testcase name="testAbaNumberCheck_33429_good" classname="com.cardatechnologies.utils.validators.abaroutevalidator.Test_AbaRouteValidator_15" time="0"/>
  <testcase name="testAbaNumberCheck_33393_good" classname="com.cardatechnologies.utils.validators.abaroutevalidator.Test_AbaRouteValidator_15" time="0"/>
  <testcase name="testAbaNumberCheck_34860_bad" classname="com.cardatechnologies.utils.validators.abaroutevalidator.Test_AbaRouteValidator_15" time="0"/>
  <testcase name="testAbaNumberCheck_34991_good" classname="com.cardatechnologies.utils.validators.abaroutevalidator.Test_AbaRouteValidator_15" time="0"/>
  <testcase name="testAbaNumberCheck_34862_bad" classname="com.cardatechnologies.utils.validators.abaroutevalidator.Test_AbaRouteValidator_15" time="0"/>
  <testcase name="testAbaNumberCheck_34864_bad" classname="com.cardatechnologies.utils.validators.abaroutevalidator.Test_AbaRouteValidator_15" time="0"/>
  <testcase name="testAbaNumberCheck_33267_good" classname="com.cardatechnologies.utils.validators.abaroutevalidator.Test_AbaRouteValidator_15" time="0"/>
  <testcase name="testAbaNumberCheck_34866_bad" classname="com.cardatechnologies.utils.validators.abaroutevalidator.Test_AbaRouteValidator_15" time="0"/>
  <testcase name="testAbaNumberCheck_34865_good" classname="com.cardatechnologies.utils.validators.abaroutevalidator.Test_AbaRouteValidator_15" time="0"/>
  <testcase name="testAbaNumberCheck_33925_good" classname="com.cardatechnologies.utils.validators.abaroutevalidator.Test_AbaRouteValidator_15" time="0"/>
  <testcase name="testAbaNumberCheck_34868_bad" classname="com.cardatechnologies.utils.validators.abaroutevalidator.Test_AbaRouteValidator_15" time="0"/>
  <testcase name="testAbaNumberCheck_32790_bad" classname="com.cardatechnologies.utils.validators.abaroutevalidator.Test_AbaRouteValidator_15" time="0"/>
  <testcase name="testAbaNumberCheck_32792_bad" classname="com.cardatechnologies.utils.validators.abaroutevalidator.Test_AbaRouteValidator_15" time="0"/>
  <testcase name="testAbaNumberCheck_34739_good" classname="com.cardatechnologies.utils.validators.abaroutevalidator.Test_AbaRouteValidator_15" time="0"/>
  <testcase name="testAbaNumberCheck_32794_bad" classname="com.cardatechnologies.utils.validators.abaroutevalidator.Test_AbaRouteValidator_15" time="0"/>
  <testcase name="testAbaNumberCheck_32796_bad" classname="com.cardatechnologies.utils.validators.abaroutevalidator.Test_AbaRouteValidator_15" time="0"/>
  <testcase name="testAbaNumberCheck_33763_good" classname="com.cardatechnologies.utils.validators.abaroutevalidator.Test_AbaRouteValidator_15" time="0"/>
  <testcase name="testAbaNumberCheck_32823_good" classname="com.cardatechnologies.utils.validators.abaroutevalidator.Test_AbaRouteValidator_15" time="0.001"/>
  <testcase name="testAbaNumberCheck_32798_bad" classname="com.cardatechnologies.utils.validators.abaroutevalidator.Test_AbaRouteValidator_15" time="0"/>
  <testcase name="testAbaNumberCheck_34577_good" classname="com.cardatechnologies.utils.validators.abaroutevalidator.Test_AbaRouteValidator_15" time="0"/>
  <testcase name="testAbaNumberCheck_33637_good" classname="com.cardatechnologies.utils.validators.abaroutevalidator.Test_AbaRouteValidator_15" time="0"/>
  <testcase name="testAbaNumberCheck_32661_good" classname="com.cardatechnologies.utils.validators.abaroutevalidator.Test_AbaRouteValidator_15" time="0"/>
  <testcase name="testAbaNumberCheck_33475_good" classname="com.cardatechnologies.utils.validators.abaroutevalidator.Test_AbaRouteValidator_15" time="0"/>
  <testcase name="testAbaNumberCheck_32535_good" classname="com.cardatechnologies.utils.validators.abaroutevalidator.Test_AbaRouteValidator_15" time="0"/>
  <testcase name="testAbaNumberCheck_34289_good" classname="com.cardatechnologies.utils.validators.abaroutevalidator.Test_AbaRouteValidator_15" time="0"/>
  <testcase name="testAbaNumberCheck_34870_bad" classname="com.cardatechnologies.utils.validators.abaroutevalidator.Test_AbaRouteValidator_15" time="0"/>
  <testcase name="testAbaNumberCheck_33349_good" classname="com.cardatechnologies.utils.validators.abaroutevalidator.Test_AbaRouteValidator_15" time="0"/>
  <testcase name="testAbaNumberCheck_34872_bad" classname="com.cardatechnologies.utils.validators.abaroutevalidator.Test_AbaRouteValidator_15" time="0"/>
  <testcase name="testAbaNumberCheck_34947_good" classname="com.cardatechnologies.utils.validators.abaroutevalidator.Test_AbaRouteValidator_15" time="0"/>
  <testcase name="testAbaNumberCheck_34874_bad" classname="com.cardatechnologies.utils.validators.abaroutevalidator.Test_AbaRouteValidator_15" time="0"/>
  <testcase name="testAbaNumberCheck_34876_bad" classname="com.cardatechnologies.utils.validators.abaroutevalidator.Test_AbaRouteValidator_15" time="0"/>
  <testcase name="testAbaNumberCheck_33971_good" classname="com.cardatechnologies.utils.validators.abaroutevalidator.Test_AbaRouteValidator_15" time="0"/>
  <testcase name="testAbaNumberCheck_33187_good" classname="com.cardatechnologies.utils.validators.abaroutevalidator.Test_AbaRouteValidator_15" time="0"/>
  <testcase name="testAbaNumberCheck_34878_bad" classname="com.cardatechnologies.utils.validators.abaroutevalidator.Test_AbaRouteValidator_15" time="0"/>
  <testcase name="testAbaNumberCheck_34785_good" classname="com.cardatechnologies.utils.validators.abaroutevalidator.Test_AbaRouteValidator_15" time="0"/>
  <testcase name="testAbaNumberCheck_33845_good" classname="com.cardatechnologies.utils.validators.abaroutevalidator.Test_AbaRouteValidator_15" time="0"/>
  <testcase name="testAbaNumberCheck_32905_good" classname="com.cardatechnologies.utils.validators.abaroutevalidator.Test_AbaRouteValidator_15" time="0"/>
  <testcase name="testAbaNumberCheck_34659_good" classname="com.cardatechnologies.utils.validators.abaroutevalidator.Test_AbaRouteValidator_15" time="0"/>
  <testcase name="testAbaNumberCheck_33719_good" classname="com.cardatechnologies.utils.validators.abaroutevalidator.Test_AbaRouteValidator_15" time="0"/>
  <testcase name="testAbaNumberCheck_33683_good" classname="com.cardatechnologies.utils.validators.abaroutevalidator.Test_AbaRouteValidator_15" time="0"/>
  <testcase name="testAbaNumberCheck_32743_good" classname="com.cardatechnologies.utils.validators.abaroutevalidator.Test_AbaRouteValidator_15" time="0"/>
  <testcase name="testAbaNumberCheck_34497_good" classname="com.cardatechnologies.utils.validators.abaroutevalidator.Test_AbaRouteValidator_15" time="0"/>
  <testcase name="testAbaNumberCheck_33557_good" classname="com.cardatechnologies.utils.validators.abaroutevalidator.Test_AbaRouteValidator_15" time="0"/>
  <testcase name="testAbaNumberCheck_32617_good" classname="com.cardatechnologies.utils.validators.abaroutevalidator.Test_AbaRouteValidator_15" time="0"/>
  <testcase name="testAbaNumberCheck_32581_good" classname="com.cardatechnologies.utils.validators.abaroutevalidator.Test_AbaRouteValidator_15" time="0"/>
  <testcase name="testAbaNumberCheck_33395_good" classname="com.cardatechnologies.utils.validators.abaroutevalidator.Test_AbaRouteValidator_15" time="0"/>
  <testcase name="testAbaNumberCheck_34880_bad" classname="com.cardatechnologies.utils.validators.abaroutevalidator.Test_AbaRouteValidator_15" time="0.001"/>
  <testcase name="testAbaNumberCheck_34993_good" classname="com.cardatechnologies.utils.validators.abaroutevalidator.Test_AbaRouteValidator_15" time="0"/>
  <testcase name="testAbaNumberCheck_34882_bad" classname="com.cardatechnologies.utils.validators.abaroutevalidator.Test_AbaRouteValidator_15" time="0"/>
  <testcase name="testAbaNumberCheck_34884_bad" classname="com.cardatechnologies.utils.validators.abaroutevalidator.Test_AbaRouteValidator_15" time="0"/>
  <testcase name="testAbaNumberCheck_33269_good" classname="com.cardatechnologies.utils.validators.abaroutevalidator.Test_AbaRouteValidator_15" time="0"/>
  <testcase name="testAbaNumberCheck_34886_bad" classname="com.cardatechnologies.utils.validators.abaroutevalidator.Test_AbaRouteValidator_15" time="0"/>
  <testcase name="testAbaNumberCheck_34867_good" classname="com.cardatechnologies.utils.validators.abaroutevalidator.Test_AbaRouteValidator_15" time="0"/>
  <testcase name="testAbaNumberCheck_33927_good" classname="com.cardatechnologies.utils.validators.abaroutevalidator.Test_AbaRouteValidator_15" time="0"/>
  <testcase name="testAbaNumberCheck_34888_bad" classname="com.cardatechnologies.utils.validators.abaroutevalidator.Test_AbaRouteValidator_15" time="0"/>
  <testcase name="testAbaNumberCheck_33891_good" classname="com.cardatechnologies.utils.validators.abaroutevalidator.Test_AbaRouteValidator_15" time="0"/>
  <testcase name="testAbaNumberCheck_32951_good" classname="com.cardatechnologies.utils.validators.abaroutevalidator.Test_AbaRouteValidator_15" time="0"/>
  <testcase name="testAbaNumberCheck_33765_good" classname="com.cardatechnologies.utils.validators.abaroutevalidator.Test_AbaRouteValidator_15" time="0"/>
  <testcase name="testAbaNumberCheck_32825_good" classname="com.cardatechnologies.utils.validators.abaroutevalidator.Test_AbaRouteValidator_15" time="0"/>
  <testcase name="testAbaNumberCheck_34579_good" classname="com.cardatechnologies.utils.validators.abaroutevalidator.Test_AbaRouteValidator_15" time="0"/>
  <testcase name="testAbaNumberCheck_33639_good" classname="com.cardatechnologies.utils.validators.abaroutevalidator.Test_AbaRouteValidator_15" time="0"/>
  <testcase name="testAbaNumberCheck_32663_good" classname="com.cardatechnologies.utils.validators.abaroutevalidator.Test_AbaRouteValidator_15" time="0"/>
  <testcase name="testAbaNumberCheck_33477_good" classname="com.cardatechnologies.utils.validators.abaroutevalidator.Test_AbaRouteValidator_15" time="0"/>
  <testcase name="testAbaNumberCheck_32537_good" classname="com.cardatechnologies.utils.validators.abaroutevalidator.Test_AbaRouteValidator_15" time="0"/>
  <testcase name="testAbaNumberCheck_34890_bad" classname="com.cardatechnologies.utils.validators.abaroutevalidator.Test_AbaRouteValidator_15" time="0"/>
  <testcase name="testAbaNumberCheck_34892_bad" classname="com.cardatechnologies.utils.validators.abaroutevalidator.Test_AbaRouteValidator_15" time="0"/>
  <testcase name="testAbaNumberCheck_34949_good" classname="com.cardatechnologies.utils.validators.abaroutevalidator.Test_AbaRouteValidator_15" time="0"/>
  <testcase name="testAbaNumberCheck_34894_bad" classname="com.cardatechnologies.utils.validators.abaroutevalidator.Test_AbaRouteValidator_15" time="0"/>
  <testcase name="testAbaNumberCheck_34896_bad" classname="com.cardatechnologies.utils.validators.abaroutevalidator.Test_AbaRouteValidator_15" time="0"/>
  <testcase name="testAbaNumberCheck_33973_good" classname="com.cardatechnologies.utils.validators.abaroutevalidator.Test_AbaRouteValidator_15" time="0"/>
  <testcase name="testAbaNumberCheck_33189_good" classname="com.cardatechnologies.utils.validators.abaroutevalidator.Test_AbaRouteValidator_15" time="0"/>
  <testcase name="testAbaNumberCheck_34898_bad" classname="com.cardatechnologies.utils.validators.abaroutevalidator.Test_AbaRouteValidator_15" time="0"/>
  <testcase name="testAbaNumberCheck_34787_good" classname="com.cardatechnologies.utils.validators.abaroutevalidator.Test_AbaRouteValidator_15" time="0"/>
  <testcase name="testAbaNumberCheck_33847_good" classname="com.cardatechnologies.utils.validators.abaroutevalidator.Test_AbaRouteValidator_15" time="0"/>
  <testcase name="testAbaNumberCheck_32907_good" classname="com.cardatechnologies.utils.validators.abaroutevalidator.Test_AbaRouteValidator_15" time="0"/>
  <testcase name="testAbaNumberCheck_32871_good" classname="com.cardatechnologies.utils.validators.abaroutevalidator.Test_AbaRouteValidator_15" time="0.001"/>
  <testcase name="testAbaNumberCheck_33685_good" classname="com.cardatechnologies.utils.validators.abaroutevalidator.Test_AbaRouteValidator_15" time="0"/>
  <testcase name="testAbaNumberCheck_32745_good" classname="com.cardatechnologies.utils.validators.abaroutevalidator.Test_AbaRouteValidator_15" time="0"/>
  <testcase name="testAbaNumberCheck_34499_good" classname="com.cardatechnologies.utils.validators.abaroutevalidator.Test_AbaRouteValidator_15" time="0"/>
  <testcase name="testAbaNumberCheck_33559_good" classname="com.cardatechnologies.utils.validators.abaroutevalidator.Test_AbaRouteValidator_15" time="0"/>
  <testcase name="testAbaNumberCheck_32619_good" classname="com.cardatechnologies.utils.validators.abaroutevalidator.Test_AbaRouteValidator_15" time="0"/>
  <testcase name="testAbaNumberCheck_32583_good" classname="com.cardatechnologies.utils.validators.abaroutevalidator.Test_AbaRouteValidator_15" time="0"/>
  <testcase name="testAbaNumberCheck_33397_good" classname="com.cardatechnologies.utils.validators.abaroutevalidator.Test_AbaRouteValidator_15" time="0"/>
  <testcase name="testAbaNumberCheck_34995_good" classname="com.cardatechnologies.utils.validators.abaroutevalidator.Test_AbaRouteValidator_15" time="0"/>
  <testcase name="testAbaNumberCheck_34869_good" classname="com.cardatechnologies.utils.validators.abaroutevalidator.Test_AbaRouteValidator_15" time="0"/>
  <testcase name="testAbaNumberCheck_33929_good" classname="com.cardatechnologies.utils.validators.abaroutevalidator.Test_AbaRouteValidator_15" time="0"/>
  <testcase name="testAbaNumberCheck_33893_good" classname="com.cardatechnologies.utils.validators.abaroutevalidator.Test_AbaRouteValidator_15" time="0"/>
  <testcase name="testAbaNumberCheck_32953_good" classname="com.cardatechnologies.utils.validators.abaroutevalidator.Test_AbaRouteValidator_15" time="0"/>
  <testcase name="testAbaNumberCheck_33767_good" classname="com.cardatechnologies.utils.validators.abaroutevalidator.Test_AbaRouteValidator_15" time="0"/>
  <testcase name="testAbaNumberCheck_32827_good" classname="com.cardatechnologies.utils.validators.abaroutevalidator.Test_AbaRouteValidator_15" time="0"/>
  <testcase name="testAbaNumberCheck_32791_good" classname="com.cardatechnologies.utils.validators.abaroutevalidator.Test_AbaRouteValidator_15" time="0"/>
  <testcase name="testAbaNumberCheck_32665_good" classname="com.cardatechnologies.utils.validators.abaroutevalidator.Test_AbaRouteValidator_15" time="0"/>
  <testcase name="testAbaNumberCheck_33479_good" classname="com.cardatechnologies.utils.validators.abaroutevalidator.Test_AbaRouteValidator_15" time="0"/>
  <testcase name="testAbaNumberCheck_32539_good" classname="com.cardatechnologies.utils.validators.abaroutevalidator.Test_AbaRouteValidator_15" time="0"/>
  <testcase name="testAbaNumberCheck_33975_good" classname="com.cardatechnologies.utils.validators.abaroutevalidator.Test_AbaRouteValidator_15" time="0"/>
  <testcase name="testAbaNumberCheck_34789_good" classname="com.cardatechnologies.utils.validators.abaroutevalidator.Test_AbaRouteValidator_15" time="0"/>
  <testcase name="testAbaNumberCheck_33849_good" classname="com.cardatechnologies.utils.validators.abaroutevalidator.Test_AbaRouteValidator_15" time="0"/>
  <testcase name="testAbaNumberCheck_32909_good" classname="com.cardatechnologies.utils.validators.abaroutevalidator.Test_AbaRouteValidator_15" time="0"/>
  <testcase name="testAbaNumberCheck_32873_good" classname="com.cardatechnologies.utils.validators.abaroutevalidator.Test_AbaRouteValidator_15" time="0"/>
  <testcase name="testAbaNumberCheck_33687_good" classname="com.cardatechnologies.utils.validators.abaroutevalidator.Test_AbaRouteValidator_15" time="0"/>
  <testcase name="testAbaNumberCheck_32747_good" classname="com.cardatechnologies.utils.validators.abaroutevalidator.Test_AbaRouteValidator_15" time="0"/>
  <testcase name="testAbaNumberCheck_32585_good" classname="com.cardatechnologies.utils.validators.abaroutevalidator.Test_AbaRouteValidator_15" time="0"/>
  <testcase name="testAbaNumberCheck_33399_good" classname="com.cardatechnologies.utils.validators.abaroutevalidator.Test_AbaRouteValidator_15" time="0"/>
  <testcase name="testAbaNumberCheck_34997_good" classname="com.cardatechnologies.utils.validators.abaroutevalidator.Test_AbaRouteValidator_15" time="0"/>
  <testcase name="testAbaNumberCheck_33895_good" classname="com.cardatechnologies.utils.validators.abaroutevalidator.Test_AbaRouteValidator_15" time="0"/>
  <testcase name="testAbaNumberCheck_32955_good" classname="com.cardatechnologies.utils.validators.abaroutevalidator.Test_AbaRouteValidator_15" time="0"/>
  <testcase name="testAbaNumberCheck_33769_good" classname="com.cardatechnologies.utils.validators.abaroutevalidator.Test_AbaRouteValidator_15" time="0"/>
  <testcase name="testAbaNumberCheck_32829_good" classname="com.cardatechnologies.utils.validators.abaroutevalidator.Test_AbaRouteValidator_15" time="0.001"/>
  <testcase name="testAbaNumberCheck_32793_good" classname="com.cardatechnologies.utils.validators.abaroutevalidator.Test_AbaRouteValidator_15" time="0"/>
  <testcase name="testAbaNumberCheck_32667_good" classname="com.cardatechnologies.utils.validators.abaroutevalidator.Test_AbaRouteValidator_15" time="0"/>
  <testcase name="testAbaNumberCheck_33977_good" classname="com.cardatechnologies.utils.validators.abaroutevalidator.Test_AbaRouteValidator_15" time="0"/>
  <testcase name="testAbaNumberCheck_32875_good" classname="com.cardatechnologies.utils.validators.abaroutevalidator.Test_AbaRouteValidator_15" time="0"/>
  <testcase name="testAbaNumberCheck_33689_good" classname="com.cardatechnologies.utils.validators.abaroutevalidator.Test_AbaRouteValidator_15" time="0"/>
  <testcase name="testAbaNumberCheck_32749_good" classname="com.cardatechnologies.utils.validators.abaroutevalidator.Test_AbaRouteValidator_15" time="0"/>
  <testcase name="testAbaNumberCheck_32587_good" classname="com.cardatechnologies.utils.validators.abaroutevalidator.Test_AbaRouteValidator_15" time="0"/>
  <testcase name="testAbaNumberCheck_34999_good" classname="com.cardatechnologies.utils.validators.abaroutevalidator.Test_AbaRouteValidator_15" time="0"/>
  <testcase name="testAbaNumberCheck_33897_good" classname="com.cardatechnologies.utils.validators.abaroutevalidator.Test_AbaRouteValidator_15" time="0"/>
  <testcase name="testAbaNumberCheck_32957_good" classname="com.cardatechnologies.utils.validators.abaroutevalidator.Test_AbaRouteValidator_15" time="0"/>
  <testcase name="testAbaNumberCheck_32795_good" classname="com.cardatechnologies.utils.validators.abaroutevalidator.Test_AbaRouteValidator_15" time="0"/>
  <testcase name="testAbaNumberCheck_32669_good" classname="com.cardatechnologies.utils.validators.abaroutevalidator.Test_AbaRouteValidator_15" time="0"/>
  <testcase name="testAbaNumberCheck_33979_good" classname="com.cardatechnologies.utils.validators.abaroutevalidator.Test_AbaRouteValidator_15" time="0"/>
  <testcase name="testAbaNumberCheck_32877_good" classname="com.cardatechnologies.utils.validators.abaroutevalidator.Test_AbaRouteValidator_15" time="0"/>
  <testcase name="testAbaNumberCheck_32589_good" classname="com.cardatechnologies.utils.validators.abaroutevalidator.Test_AbaRouteValidator_15" time="0"/>
</testsuite>