<?xml version="1.0" encoding="UTF-8"?>
<testsuite name="com.cardatechnologies.utils.validators.abaroutevalidator.Test_AbaRouteValidator_08" time="0.062" tests="2550" errors="0" skipped="0" failures="0">
  <properties>
    <property name="java.runtime.name" value="Java(TM) SE Runtime Environment"/>
    <property name="sun.boot.library.path" value="D:\tools\java\jdk\jdk1.8.0_20\jre\bin"/>
    <property name="java.vm.version" value="25.20-b23"/>
    <property name="java.vm.vendor" value="Oracle Corporation"/>
    <property name="java.vendor.url" value="http://java.oracle.com/"/>
    <property name="path.separator" value=";"/>
    <property name="guice.disable.misplaced.annotation.check" value="true"/>
    <property name="java.vm.name" value="Java HotSpot(TM) 64-Bit Server VM"/>
    <property name="file.encoding.pkg" value="sun.io"/>
    <property name="user.script" value=""/>
    <property name="user.country" value="US"/>
    <property name="sun.java.launcher" value="SUN_STANDARD"/>
    <property name="sun.os.patch.level" value=""/>
    <property name="java.vm.specification.name" value="Java Virtual Machine Specification"/>
    <property name="user.dir" value="D:\projects\CardaTech\aba.route.validator"/>
    <property name="java.runtime.version" value="1.8.0_20-b26"/>
    <property name="java.awt.graphicsenv" value="sun.awt.Win32GraphicsEnvironment"/>
    <property name="java.endorsed.dirs" value="D:\tools\java\jdk\jdk1.8.0_20\jre\lib\endorsed"/>
    <property name="os.arch" value="amd64"/>
    <property name="java.io.tmpdir" value="C:\Users\Joker\AppData\Local\Temp\"/>
    <property name="line.separator" value="&#10;"/>
    <property name="java.vm.specification.vendor" value="Oracle Corporation"/>
    <property name="user.variant" value=""/>
    <property name="os.name" value="Windows 8.1"/>
    <property name="classworlds.conf" value="D:\tools\java\apache\apache-maven-3.2.3\bin\..\bin\m2.conf"/>
    <property name="maven.test.skip" value="false"/>
    <property name="sun.jnu.encoding" value="Cp1252"/>
    <property name="java.library.path" value="D:\tools\java\jdk\jdk1.8.0_20\bin;C:\Windows\Sun\Java\bin;C:\Windows\system32;C:\Windows;C:\Program Files (x86)\NVIDIA Corporation\PhysX\Common;C:\ProgramData\Oracle\Java\javapath;C:\Windows\system32;C:\Windows;C:\Windows\System32\Wbem;C:\Windows\System32\WindowsPowerShell\v1.0\;C:\Program Files (x86)\ATI Technologies\ATI.ACE\Core-Static;D:\Applications\CondusivTechnologies\Diskeeper\;C:\Program Files (x86)\Common Files\Acronis\SnapAPI\;C:\Program Files\Common Files\Autodesk Shared\;C:\Program Files (x86)\Autodesk\Backburner\;D:\Applications\DAZ3D\LuxRender;C:\Program Files (x86)\QuickTime\QTSystem\;D:\tools\nodejs\;C:\Program Files (x86)\AMD\ATI.ACE\Core-Static;C:\Program Files (x86)\NVIDIA Corporation\PhysX\Common;C:\ProgramData\Oracle\Java\javapath;C:\Windows\system32;C:\Windows;C:\Windows\System32\Wbem;C:\Windows\System32\WindowsPowerShell\v1.0\;C:\Program Files (x86)\ATI Technologies\ATI.ACE\Core-Static;D:\Applications\CondusivTechnologies\Diskeeper\;C:\Program Files (x86)\Common Files\Acronis\SnapAPI\;C:\Program Files\Common Files\Autodesk Shared\;C:\Program Files (x86)\Autodesk\Backburner\;D:\Applications\DAZ3D\LuxRender;C:\Program Files (x86)\QuickTime\QTSystem\;D:\tools\nodejs\;C:\Program Files (x86)\AMD\ATI.ACE\Core-Static;D:\projects\MongoDB\MongoDB_2.6.6\bin;D:\tools\java\apache\apache-maven-3.2.3\bin;D:\tools\java\jdk\jdk1.8.0_20\bin;C:\Users\Joker\AppData\Roaming\npm;D:\tools\nodejs;D:\Applications\SublimeText2\;C:\Program Files (x86)\Common Files\Acronis\TibMounter64;."/>
    <property name="java.specification.name" value="Java Platform API Specification"/>
    <property name="java.class.version" value="52.0"/>
    <property name="sun.management.compiler" value="HotSpot 64-Bit Tiered Compilers"/>
    <property name="os.version" value="6.3"/>
    <property name="user.home" value="C:\Users\Joker"/>
    <property name="user.timezone" value="America/Denver"/>
    <property name="java.awt.printerjob" value="sun.awt.windows.WPrinterJob"/>
    <property name="java.specification.version" value="1.8"/>
    <property name="file.encoding" value="Cp1252"/>
    <property name="user.name" value="Joker"/>
    <property name="java.class.path" value="D:\tools\java\apache\apache-maven-3.2.3\bin\..\boot\plexus-classworlds-2.5.1.jar"/>
    <property name="org.slf4j.simpleLogger.defaultLogLevel" value="debug"/>
    <property name="java.vm.specification.version" value="1.8"/>
    <property name="sun.arch.data.model" value="64"/>
    <property name="java.home" value="D:\tools\java\jdk\jdk1.8.0_20\jre"/>
    <property name="sun.java.command" value="org.codehaus.plexus.classworlds.launcher.Launcher -Dmaven.test.skip=false package test site -X"/>
    <property name="java.specification.vendor" value="Oracle Corporation"/>
    <property name="user.language" value="en"/>
    <property name="awt.toolkit" value="sun.awt.windows.WToolkit"/>
    <property name="java.vm.info" value="mixed mode"/>
    <property name="java.version" value="1.8.0_20"/>
    <property name="java.ext.dirs" value="D:\tools\java\jdk\jdk1.8.0_20\jre\lib\ext;C:\Windows\Sun\Java\lib\ext"/>
    <property name="sun.boot.class.path" value="D:\tools\java\jdk\jdk1.8.0_20\jre\lib\resources.jar;D:\tools\java\jdk\jdk1.8.0_20\jre\lib\rt.jar;D:\tools\java\jdk\jdk1.8.0_20\jre\lib\sunrsasign.jar;D:\tools\java\jdk\jdk1.8.0_20\jre\lib\jsse.jar;D:\tools\java\jdk\jdk1.8.0_20\jre\lib\jce.jar;D:\tools\java\jdk\jdk1.8.0_20\jre\lib\charsets.jar;D:\tools\java\jdk\jdk1.8.0_20\jre\lib\jfr.jar;D:\tools\java\jdk\jdk1.8.0_20\jre\classes"/>
    <property name="sun.stderr.encoding" value="cp437"/>
    <property name="java.vendor" value="Oracle Corporation"/>
    <property name="maven.home" value="D:\tools\java\apache\apache-maven-3.2.3\bin\.."/>
    <property name="file.separator" value="\"/>
    <property name="java.vendor.url.bug" value="http://bugreport.sun.com/bugreport/"/>
    <property name="sun.cpu.endian" value="little"/>
    <property name="sun.io.unicode.encoding" value="UnicodeLittle"/>
    <property name="sun.stdout.encoding" value="cp437"/>
    <property name="sun.desktop" value="windows"/>
    <property name="sun.cpu.isalist" value="amd64"/>
  </properties>
  <testcase name="testAbaNumberCheck_16489_good" classname="com.cardatechnologies.utils.validators.abaroutevalidator.Test_AbaRouteValidator_08" time="0"/>
  <testcase name="testAbaNumberCheck_15549_good" classname="com.cardatechnologies.utils.validators.abaroutevalidator.Test_AbaRouteValidator_08" time="0"/>
  <testcase name="testAbaNumberCheck_15387_good" classname="com.cardatechnologies.utils.validators.abaroutevalidator.Test_AbaRouteValidator_08" time="0"/>
  <testcase name="testAbaNumberCheck_16985_good" classname="com.cardatechnologies.utils.validators.abaroutevalidator.Test_AbaRouteValidator_08" time="0"/>
  <testcase name="testAbaNumberCheck_16859_good" classname="com.cardatechnologies.utils.validators.abaroutevalidator.Test_AbaRouteValidator_08" time="0"/>
  <testcase name="testAbaNumberCheck_15919_good" classname="com.cardatechnologies.utils.validators.abaroutevalidator.Test_AbaRouteValidator_08" time="0"/>
  <testcase name="testAbaNumberCheck_15883_good" classname="com.cardatechnologies.utils.validators.abaroutevalidator.Test_AbaRouteValidator_08" time="0"/>
  <testcase name="testAbaNumberCheck_15099_good" classname="com.cardatechnologies.utils.validators.abaroutevalidator.Test_AbaRouteValidator_08" time="0"/>
  <testcase name="testAbaNumberCheck_16697_good" classname="com.cardatechnologies.utils.validators.abaroutevalidator.Test_AbaRouteValidator_08" time="0"/>
  <testcase name="testAbaNumberCheck_15757_good" classname="com.cardatechnologies.utils.validators.abaroutevalidator.Test_AbaRouteValidator_08" time="0"/>
  <testcase name="testAbaNumberCheck_15595_good" classname="com.cardatechnologies.utils.validators.abaroutevalidator.Test_AbaRouteValidator_08" time="0"/>
  <testcase name="testAbaNumberCheck_15469_good" classname="com.cardatechnologies.utils.validators.abaroutevalidator.Test_AbaRouteValidator_08" time="0"/>
  <testcase name="testAbaNumberCheck_15965_good" classname="com.cardatechnologies.utils.validators.abaroutevalidator.Test_AbaRouteValidator_08" time="0"/>
  <testcase name="testAbaNumberCheck_16779_good" classname="com.cardatechnologies.utils.validators.abaroutevalidator.Test_AbaRouteValidator_08" time="0"/>
  <testcase name="testAbaNumberCheck_15839_good" classname="com.cardatechnologies.utils.validators.abaroutevalidator.Test_AbaRouteValidator_08" time="0"/>
  <testcase name="testAbaNumberCheck_15677_good" classname="com.cardatechnologies.utils.validators.abaroutevalidator.Test_AbaRouteValidator_08" time="0"/>
  <testcase name="testAbaNumberCheck_15389_good" classname="com.cardatechnologies.utils.validators.abaroutevalidator.Test_AbaRouteValidator_08" time="0"/>
  <testcase name="testAbaNumberCheck_16987_good" classname="com.cardatechnologies.utils.validators.abaroutevalidator.Test_AbaRouteValidator_08" time="0"/>
  <testcase name="testAbaNumberCheck_15885_good" classname="com.cardatechnologies.utils.validators.abaroutevalidator.Test_AbaRouteValidator_08" time="0"/>
  <testcase name="testAbaNumberCheck_16699_good" classname="com.cardatechnologies.utils.validators.abaroutevalidator.Test_AbaRouteValidator_08" time="0"/>
  <testcase name="testAbaNumberCheck_15759_good" classname="com.cardatechnologies.utils.validators.abaroutevalidator.Test_AbaRouteValidator_08" time="0"/>
  <testcase name="testAbaNumberCheck_15597_good" classname="com.cardatechnologies.utils.validators.abaroutevalidator.Test_AbaRouteValidator_08" time="0"/>
  <testcase name="testAbaNumberCheck_15967_good" classname="com.cardatechnologies.utils.validators.abaroutevalidator.Test_AbaRouteValidator_08" time="0"/>
  <testcase name="testAbaNumberCheck_15679_good" classname="com.cardatechnologies.utils.validators.abaroutevalidator.Test_AbaRouteValidator_08" time="0"/>
  <testcase name="testAbaNumberCheck_16989_good" classname="com.cardatechnologies.utils.validators.abaroutevalidator.Test_AbaRouteValidator_08" time="0"/>
  <testcase name="testAbaNumberCheck_15887_good" classname="com.cardatechnologies.utils.validators.abaroutevalidator.Test_AbaRouteValidator_08" time="0"/>
  <testcase name="testAbaNumberCheck_15599_good" classname="com.cardatechnologies.utils.validators.abaroutevalidator.Test_AbaRouteValidator_08" time="0"/>
  <testcase name="testAbaNumberCheck_15969_good" classname="com.cardatechnologies.utils.validators.abaroutevalidator.Test_AbaRouteValidator_08" time="0"/>
  <testcase name="testAbaNumberCheck_15889_good" classname="com.cardatechnologies.utils.validators.abaroutevalidator.Test_AbaRouteValidator_08" time="0"/>
  <testcase name="testAbaNumberCheck_17201_good" classname="com.cardatechnologies.utils.validators.abaroutevalidator.Test_AbaRouteValidator_08" time="0"/>
  <testcase name="testAbaNumberCheck_17121_good" classname="com.cardatechnologies.utils.validators.abaroutevalidator.Test_AbaRouteValidator_08" time="0"/>
  <testcase name="testAbaNumberCheck_17203_good" classname="com.cardatechnologies.utils.validators.abaroutevalidator.Test_AbaRouteValidator_08" time="0"/>
  <testcase name="testAbaNumberCheck_17041_good" classname="com.cardatechnologies.utils.validators.abaroutevalidator.Test_AbaRouteValidator_08" time="0"/>
  <testcase name="testAbaNumberCheck_16101_good" classname="com.cardatechnologies.utils.validators.abaroutevalidator.Test_AbaRouteValidator_08" time="0"/>
  <testcase name="testAbaNumberCheck_17411_good" classname="com.cardatechnologies.utils.validators.abaroutevalidator.Test_AbaRouteValidator_08" time="0"/>
  <testcase name="testAbaNumberCheck_17123_good" classname="com.cardatechnologies.utils.validators.abaroutevalidator.Test_AbaRouteValidator_08" time="0"/>
  <testcase name="testAbaNumberCheck_16021_good" classname="com.cardatechnologies.utils.validators.abaroutevalidator.Test_AbaRouteValidator_08" time="0"/>
  <testcase name="testAbaNumberCheck_17331_good" classname="com.cardatechnologies.utils.validators.abaroutevalidator.Test_AbaRouteValidator_08" time="0"/>
  <testcase name="testAbaNumberCheck_17205_good" classname="com.cardatechnologies.utils.validators.abaroutevalidator.Test_AbaRouteValidator_08" time="0"/>
  <testcase name="testAbaNumberCheck_17043_good" classname="com.cardatechnologies.utils.validators.abaroutevalidator.Test_AbaRouteValidator_08" time="0"/>
  <testcase name="testAbaNumberCheck_16103_good" classname="com.cardatechnologies.utils.validators.abaroutevalidator.Test_AbaRouteValidator_08" time="0"/>
  <testcase name="testAbaNumberCheck_15001_good" classname="com.cardatechnologies.utils.validators.abaroutevalidator.Test_AbaRouteValidator_08" time="0"/>
  <testcase name="testAbaNumberCheck_17413_good" classname="com.cardatechnologies.utils.validators.abaroutevalidator.Test_AbaRouteValidator_08" time="0"/>
  <testcase name="testAbaNumberCheck_17251_good" classname="com.cardatechnologies.utils.validators.abaroutevalidator.Test_AbaRouteValidator_08" time="0"/>
  <testcase name="testAbaNumberCheck_16311_good" classname="com.cardatechnologies.utils.validators.abaroutevalidator.Test_AbaRouteValidator_08" time="0"/>
  <testcase name="testAbaNumberCheck_17125_good" classname="com.cardatechnologies.utils.validators.abaroutevalidator.Test_AbaRouteValidator_08" time="0"/>
  <testcase name="testAbaNumberCheck_16023_good" classname="com.cardatechnologies.utils.validators.abaroutevalidator.Test_AbaRouteValidator_08" time="0"/>
  <testcase name="testAbaNumberCheck_16100_bad" classname="com.cardatechnologies.utils.validators.abaroutevalidator.Test_AbaRouteValidator_08" time="0"/>
  <testcase name="testAbaNumberCheck_16102_bad" classname="com.cardatechnologies.utils.validators.abaroutevalidator.Test_AbaRouteValidator_08" time="0"/>
  <testcase name="testAbaNumberCheck_16104_bad" classname="com.cardatechnologies.utils.validators.abaroutevalidator.Test_AbaRouteValidator_08" time="0"/>
  <testcase name="testAbaNumberCheck_16106_bad" classname="com.cardatechnologies.utils.validators.abaroutevalidator.Test_AbaRouteValidator_08" time="0"/>
  <testcase name="testAbaNumberCheck_17333_good" classname="com.cardatechnologies.utils.validators.abaroutevalidator.Test_AbaRouteValidator_08" time="0"/>
  <testcase name="testAbaNumberCheck_16108_bad" classname="com.cardatechnologies.utils.validators.abaroutevalidator.Test_AbaRouteValidator_08" time="0"/>
  <testcase name="testAbaNumberCheck_17207_good" classname="com.cardatechnologies.utils.validators.abaroutevalidator.Test_AbaRouteValidator_08" time="0"/>
  <testcase name="testAbaNumberCheck_17171_good" classname="com.cardatechnologies.utils.validators.abaroutevalidator.Test_AbaRouteValidator_08" time="0"/>
  <testcase name="testAbaNumberCheck_16231_good" classname="com.cardatechnologies.utils.validators.abaroutevalidator.Test_AbaRouteValidator_08" time="0"/>
  <testcase name="testAbaNumberCheck_17045_good" classname="com.cardatechnologies.utils.validators.abaroutevalidator.Test_AbaRouteValidator_08" time="0"/>
  <testcase name="testAbaNumberCheck_16105_good" classname="com.cardatechnologies.utils.validators.abaroutevalidator.Test_AbaRouteValidator_08" time="0"/>
  <testcase name="testAbaNumberCheck_15003_good" classname="com.cardatechnologies.utils.validators.abaroutevalidator.Test_AbaRouteValidator_08" time="0"/>
  <testcase name="testAbaNumberCheck_17541_good" classname="com.cardatechnologies.utils.validators.abaroutevalidator.Test_AbaRouteValidator_08" time="0"/>
  <testcase name="testAbaNumberCheck_16601_good" classname="com.cardatechnologies.utils.validators.abaroutevalidator.Test_AbaRouteValidator_08" time="0"/>
  <testcase name="testAbaNumberCheck_16110_bad" classname="com.cardatechnologies.utils.validators.abaroutevalidator.Test_AbaRouteValidator_08" time="0"/>
  <testcase name="testAbaNumberCheck_16112_bad" classname="com.cardatechnologies.utils.validators.abaroutevalidator.Test_AbaRouteValidator_08" time="0"/>
  <testcase name="testAbaNumberCheck_17415_good" classname="com.cardatechnologies.utils.validators.abaroutevalidator.Test_AbaRouteValidator_08" time="0"/>
  <testcase name="testAbaNumberCheck_15300_bad" classname="com.cardatechnologies.utils.validators.abaroutevalidator.Test_AbaRouteValidator_08" time="0"/>
  <testcase name="testAbaNumberCheck_16114_bad" classname="com.cardatechnologies.utils.validators.abaroutevalidator.Test_AbaRouteValidator_08" time="0"/>
  <testcase name="testAbaNumberCheck_15302_bad" classname="com.cardatechnologies.utils.validators.abaroutevalidator.Test_AbaRouteValidator_08" time="0"/>
  <testcase name="testAbaNumberCheck_16116_bad" classname="com.cardatechnologies.utils.validators.abaroutevalidator.Test_AbaRouteValidator_08" time="0"/>
  <testcase name="testAbaNumberCheck_15304_bad" classname="com.cardatechnologies.utils.validators.abaroutevalidator.Test_AbaRouteValidator_08" time="0"/>
  <testcase name="testAbaNumberCheck_16118_bad" classname="com.cardatechnologies.utils.validators.abaroutevalidator.Test_AbaRouteValidator_08" time="0"/>
  <testcase name="testAbaNumberCheck_15306_bad" classname="com.cardatechnologies.utils.validators.abaroutevalidator.Test_AbaRouteValidator_08" time="0"/>
  <testcase name="testAbaNumberCheck_17253_good" classname="com.cardatechnologies.utils.validators.abaroutevalidator.Test_AbaRouteValidator_08" time="0"/>
  <testcase name="testAbaNumberCheck_16313_good" classname="com.cardatechnologies.utils.validators.abaroutevalidator.Test_AbaRouteValidator_08" time="0"/>
  <testcase name="testAbaNumberCheck_15308_bad" classname="com.cardatechnologies.utils.validators.abaroutevalidator.Test_AbaRouteValidator_08" time="0"/>
  <testcase name="testAbaNumberCheck_17127_good" classname="com.cardatechnologies.utils.validators.abaroutevalidator.Test_AbaRouteValidator_08" time="0"/>
  <testcase name="testAbaNumberCheck_17091_good" classname="com.cardatechnologies.utils.validators.abaroutevalidator.Test_AbaRouteValidator_08" time="0"/>
  <testcase name="testAbaNumberCheck_16151_good" classname="com.cardatechnologies.utils.validators.abaroutevalidator.Test_AbaRouteValidator_08" time="0"/>
  <testcase name="testAbaNumberCheck_15211_good" classname="com.cardatechnologies.utils.validators.abaroutevalidator.Test_AbaRouteValidator_08" time="0"/>
  <testcase name="testAbaNumberCheck_16025_good" classname="com.cardatechnologies.utils.validators.abaroutevalidator.Test_AbaRouteValidator_08" time="0"/>
  <testcase name="testAbaNumberCheck_16120_bad" classname="com.cardatechnologies.utils.validators.abaroutevalidator.Test_AbaRouteValidator_08" time="0"/>
  <testcase name="testAbaNumberCheck_16122_bad" classname="com.cardatechnologies.utils.validators.abaroutevalidator.Test_AbaRouteValidator_08" time="0"/>
  <testcase name="testAbaNumberCheck_17461_good" classname="com.cardatechnologies.utils.validators.abaroutevalidator.Test_AbaRouteValidator_08" time="0"/>
  <testcase name="testAbaNumberCheck_16521_good" classname="com.cardatechnologies.utils.validators.abaroutevalidator.Test_AbaRouteValidator_08" time="0"/>
  <testcase name="testAbaNumberCheck_15310_bad" classname="com.cardatechnologies.utils.validators.abaroutevalidator.Test_AbaRouteValidator_08" time="0"/>
  <testcase name="testAbaNumberCheck_16124_bad" classname="com.cardatechnologies.utils.validators.abaroutevalidator.Test_AbaRouteValidator_08" time="0"/>
  <testcase name="testAbaNumberCheck_15312_bad" classname="com.cardatechnologies.utils.validators.abaroutevalidator.Test_AbaRouteValidator_08" time="0"/>
  <testcase name="testAbaNumberCheck_16126_bad" classname="com.cardatechnologies.utils.validators.abaroutevalidator.Test_AbaRouteValidator_08" time="0"/>
  <testcase name="testAbaNumberCheck_17335_good" classname="com.cardatechnologies.utils.validators.abaroutevalidator.Test_AbaRouteValidator_08" time="0"/>
  <testcase name="testAbaNumberCheck_15314_bad" classname="com.cardatechnologies.utils.validators.abaroutevalidator.Test_AbaRouteValidator_08" time="0"/>
  <testcase name="testAbaNumberCheck_16128_bad" classname="com.cardatechnologies.utils.validators.abaroutevalidator.Test_AbaRouteValidator_08" time="0"/>
  <testcase name="testAbaNumberCheck_15316_bad" classname="com.cardatechnologies.utils.validators.abaroutevalidator.Test_AbaRouteValidator_08" time="0"/>
  <testcase name="testAbaNumberCheck_17209_good" classname="com.cardatechnologies.utils.validators.abaroutevalidator.Test_AbaRouteValidator_08" time="0"/>
  <testcase name="testAbaNumberCheck_15318_bad" classname="com.cardatechnologies.utils.validators.abaroutevalidator.Test_AbaRouteValidator_08" time="0"/>
  <testcase name="testAbaNumberCheck_17173_good" classname="com.cardatechnologies.utils.validators.abaroutevalidator.Test_AbaRouteValidator_08" time="0"/>
  <testcase name="testAbaNumberCheck_16233_good" classname="com.cardatechnologies.utils.validators.abaroutevalidator.Test_AbaRouteValidator_08" time="0"/>
  <testcase name="testAbaNumberCheck_17047_good" classname="com.cardatechnologies.utils.validators.abaroutevalidator.Test_AbaRouteValidator_08" time="0"/>
  <testcase name="testAbaNumberCheck_16107_good" classname="com.cardatechnologies.utils.validators.abaroutevalidator.Test_AbaRouteValidator_08" time="0"/>
  <testcase name="testAbaNumberCheck_16071_good" classname="com.cardatechnologies.utils.validators.abaroutevalidator.Test_AbaRouteValidator_08" time="0"/>
  <testcase name="testAbaNumberCheck_15131_good" classname="com.cardatechnologies.utils.validators.abaroutevalidator.Test_AbaRouteValidator_08" time="0"/>
  <testcase name="testAbaNumberCheck_15005_good" classname="com.cardatechnologies.utils.validators.abaroutevalidator.Test_AbaRouteValidator_08" time="0"/>
  <testcase name="testAbaNumberCheck_17543_good" classname="com.cardatechnologies.utils.validators.abaroutevalidator.Test_AbaRouteValidator_08" time="0"/>
  <testcase name="testAbaNumberCheck_16603_good" classname="com.cardatechnologies.utils.validators.abaroutevalidator.Test_AbaRouteValidator_08" time="0"/>
  <testcase name="testAbaNumberCheck_16130_bad" classname="com.cardatechnologies.utils.validators.abaroutevalidator.Test_AbaRouteValidator_08" time="0"/>
  <testcase name="testAbaNumberCheck_16132_bad" classname="com.cardatechnologies.utils.validators.abaroutevalidator.Test_AbaRouteValidator_08" time="0"/>
  <testcase name="testAbaNumberCheck_17417_good" classname="com.cardatechnologies.utils.validators.abaroutevalidator.Test_AbaRouteValidator_08" time="0"/>
  <testcase name="testAbaNumberCheck_15320_bad" classname="com.cardatechnologies.utils.validators.abaroutevalidator.Test_AbaRouteValidator_08" time="0"/>
  <testcase name="testAbaNumberCheck_16134_bad" classname="com.cardatechnologies.utils.validators.abaroutevalidator.Test_AbaRouteValidator_08" time="0"/>
  <testcase name="testAbaNumberCheck_15322_bad" classname="com.cardatechnologies.utils.validators.abaroutevalidator.Test_AbaRouteValidator_08" time="0"/>
  <testcase name="testAbaNumberCheck_16136_bad" classname="com.cardatechnologies.utils.validators.abaroutevalidator.Test_AbaRouteValidator_08" time="0"/>
  <testcase name="testAbaNumberCheck_17381_good" classname="com.cardatechnologies.utils.validators.abaroutevalidator.Test_AbaRouteValidator_08" time="0"/>
  <testcase name="testAbaNumberCheck_16441_good" classname="com.cardatechnologies.utils.validators.abaroutevalidator.Test_AbaRouteValidator_08" time="0"/>
  <testcase name="testAbaNumberCheck_15501_good" classname="com.cardatechnologies.utils.validators.abaroutevalidator.Test_AbaRouteValidator_08" time="0"/>
  <testcase name="testAbaNumberCheck_15324_bad" classname="com.cardatechnologies.utils.validators.abaroutevalidator.Test_AbaRouteValidator_08" time="0"/>
  <testcase name="testAbaNumberCheck_16138_bad" classname="com.cardatechnologies.utils.validators.abaroutevalidator.Test_AbaRouteValidator_08" time="0"/>
  <testcase name="testAbaNumberCheck_15326_bad" classname="com.cardatechnologies.utils.validators.abaroutevalidator.Test_AbaRouteValidator_08" time="0"/>
  <testcase name="testAbaNumberCheck_17255_good" classname="com.cardatechnologies.utils.validators.abaroutevalidator.Test_AbaRouteValidator_08" time="0"/>
  <testcase name="testAbaNumberCheck_16315_good" classname="com.cardatechnologies.utils.validators.abaroutevalidator.Test_AbaRouteValidator_08" time="0"/>
  <testcase name="testAbaNumberCheck_15328_bad" classname="com.cardatechnologies.utils.validators.abaroutevalidator.Test_AbaRouteValidator_08" time="0"/>
  <testcase name="testAbaNumberCheck_17129_good" classname="com.cardatechnologies.utils.validators.abaroutevalidator.Test_AbaRouteValidator_08" time="0"/>
  <testcase name="testAbaNumberCheck_17093_good" classname="com.cardatechnologies.utils.validators.abaroutevalidator.Test_AbaRouteValidator_08" time="0"/>
  <testcase name="testAbaNumberCheck_16153_good" classname="com.cardatechnologies.utils.validators.abaroutevalidator.Test_AbaRouteValidator_08" time="0"/>
  <testcase name="testAbaNumberCheck_15213_good" classname="com.cardatechnologies.utils.validators.abaroutevalidator.Test_AbaRouteValidator_08" time="0"/>
  <testcase name="testAbaNumberCheck_16811_good" classname="com.cardatechnologies.utils.validators.abaroutevalidator.Test_AbaRouteValidator_08" time="0"/>
  <testcase name="testAbaNumberCheck_16027_good" classname="com.cardatechnologies.utils.validators.abaroutevalidator.Test_AbaRouteValidator_08" time="0"/>
  <testcase name="testAbaNumberCheck_17400_bad" classname="com.cardatechnologies.utils.validators.abaroutevalidator.Test_AbaRouteValidator_08" time="0"/>
  <testcase name="testAbaNumberCheck_15051_good" classname="com.cardatechnologies.utils.validators.abaroutevalidator.Test_AbaRouteValidator_08" time="0"/>
  <testcase name="testAbaNumberCheck_17402_bad" classname="com.cardatechnologies.utils.validators.abaroutevalidator.Test_AbaRouteValidator_08" time="0"/>
  <testcase name="testAbaNumberCheck_17404_bad" classname="com.cardatechnologies.utils.validators.abaroutevalidator.Test_AbaRouteValidator_08" time="0"/>
  <testcase name="testAbaNumberCheck_16140_bad" classname="com.cardatechnologies.utils.validators.abaroutevalidator.Test_AbaRouteValidator_08" time="0"/>
  <testcase name="testAbaNumberCheck_17406_bad" classname="com.cardatechnologies.utils.validators.abaroutevalidator.Test_AbaRouteValidator_08" time="0"/>
  <testcase name="testAbaNumberCheck_16142_bad" classname="com.cardatechnologies.utils.validators.abaroutevalidator.Test_AbaRouteValidator_08" time="0"/>
  <testcase name="testAbaNumberCheck_17463_good" classname="com.cardatechnologies.utils.validators.abaroutevalidator.Test_AbaRouteValidator_08" time="0"/>
  <testcase name="testAbaNumberCheck_16523_good" classname="com.cardatechnologies.utils.validators.abaroutevalidator.Test_AbaRouteValidator_08" time="0"/>
  <testcase name="testAbaNumberCheck_17408_bad" classname="com.cardatechnologies.utils.validators.abaroutevalidator.Test_AbaRouteValidator_08" time="0"/>
  <testcase name="testAbaNumberCheck_15330_bad" classname="com.cardatechnologies.utils.validators.abaroutevalidator.Test_AbaRouteValidator_08" time="0"/>
  <testcase name="testAbaNumberCheck_16144_bad" classname="com.cardatechnologies.utils.validators.abaroutevalidator.Test_AbaRouteValidator_08" time="0"/>
  <testcase name="testAbaNumberCheck_15332_bad" classname="com.cardatechnologies.utils.validators.abaroutevalidator.Test_AbaRouteValidator_08" time="0"/>
  <testcase name="testAbaNumberCheck_16146_bad" classname="com.cardatechnologies.utils.validators.abaroutevalidator.Test_AbaRouteValidator_08" time="0"/>
  <testcase name="testAbaNumberCheck_17337_good" classname="com.cardatechnologies.utils.validators.abaroutevalidator.Test_AbaRouteValidator_08" time="0"/>
  <testcase name="testAbaNumberCheck_15334_bad" classname="com.cardatechnologies.utils.validators.abaroutevalidator.Test_AbaRouteValidator_08" time="0"/>
  <testcase name="testAbaNumberCheck_16148_bad" classname="com.cardatechnologies.utils.validators.abaroutevalidator.Test_AbaRouteValidator_08" time="0"/>
  <testcase name="testAbaNumberCheck_15336_bad" classname="com.cardatechnologies.utils.validators.abaroutevalidator.Test_AbaRouteValidator_08" time="0"/>
  <testcase name="testAbaNumberCheck_16361_good" classname="com.cardatechnologies.utils.validators.abaroutevalidator.Test_AbaRouteValidator_08" time="0"/>
  <testcase name="testAbaNumberCheck_15421_good" classname="com.cardatechnologies.utils.validators.abaroutevalidator.Test_AbaRouteValidator_08" time="0"/>
  <testcase name="testAbaNumberCheck_15338_bad" classname="com.cardatechnologies.utils.validators.abaroutevalidator.Test_AbaRouteValidator_08" time="0"/>
  <testcase name="testAbaNumberCheck_17175_good" classname="com.cardatechnologies.utils.validators.abaroutevalidator.Test_AbaRouteValidator_08" time="0"/>
  <testcase name="testAbaNumberCheck_16235_good" classname="com.cardatechnologies.utils.validators.abaroutevalidator.Test_AbaRouteValidator_08" time="0"/>
  <testcase name="testAbaNumberCheck_17049_good" classname="com.cardatechnologies.utils.validators.abaroutevalidator.Test_AbaRouteValidator_08" time="0"/>
  <testcase name="testAbaNumberCheck_16109_good" classname="com.cardatechnologies.utils.validators.abaroutevalidator.Test_AbaRouteValidator_08" time="0"/>
  <testcase name="testAbaNumberCheck_16073_good" classname="com.cardatechnologies.utils.validators.abaroutevalidator.Test_AbaRouteValidator_08" time="0"/>
  <testcase name="testAbaNumberCheck_15133_good" classname="com.cardatechnologies.utils.validators.abaroutevalidator.Test_AbaRouteValidator_08" time="0"/>
  <testcase name="testAbaNumberCheck_16731_good" classname="com.cardatechnologies.utils.validators.abaroutevalidator.Test_AbaRouteValidator_08" time="0"/>
  <testcase name="testAbaNumberCheck_17410_bad" classname="com.cardatechnologies.utils.validators.abaroutevalidator.Test_AbaRouteValidator_08" time="0"/>
  <testcase name="testAbaNumberCheck_15007_good" classname="com.cardatechnologies.utils.validators.abaroutevalidator.Test_AbaRouteValidator_08" time="0"/>
  <testcase name="testAbaNumberCheck_17412_bad" classname="com.cardatechnologies.utils.validators.abaroutevalidator.Test_AbaRouteValidator_08" time="0"/>
  <testcase name="testAbaNumberCheck_17545_good" classname="com.cardatechnologies.utils.validators.abaroutevalidator.Test_AbaRouteValidator_08" time="0"/>
  <testcase name="testAbaNumberCheck_16605_good" classname="com.cardatechnologies.utils.validators.abaroutevalidator.Test_AbaRouteValidator_08" time="0"/>
  <testcase name="testAbaNumberCheck_16600_bad" classname="com.cardatechnologies.utils.validators.abaroutevalidator.Test_AbaRouteValidator_08" time="0"/>
  <testcase name="testAbaNumberCheck_17414_bad" classname="com.cardatechnologies.utils.validators.abaroutevalidator.Test_AbaRouteValidator_08" time="0"/>
  <testcase name="testAbaNumberCheck_16150_bad" classname="com.cardatechnologies.utils.validators.abaroutevalidator.Test_AbaRouteValidator_08" time="0"/>
  <testcase name="testAbaNumberCheck_16602_bad" classname="com.cardatechnologies.utils.validators.abaroutevalidator.Test_AbaRouteValidator_08" time="0"/>
  <testcase name="testAbaNumberCheck_17416_bad" classname="com.cardatechnologies.utils.validators.abaroutevalidator.Test_AbaRouteValidator_08" time="0"/>
  <testcase name="testAbaNumberCheck_16152_bad" classname="com.cardatechnologies.utils.validators.abaroutevalidator.Test_AbaRouteValidator_08" time="0"/>
  <testcase name="testAbaNumberCheck_17419_good" classname="com.cardatechnologies.utils.validators.abaroutevalidator.Test_AbaRouteValidator_08" time="0"/>
  <testcase name="testAbaNumberCheck_16604_bad" classname="com.cardatechnologies.utils.validators.abaroutevalidator.Test_AbaRouteValidator_08" time="0"/>
  <testcase name="testAbaNumberCheck_17418_bad" classname="com.cardatechnologies.utils.validators.abaroutevalidator.Test_AbaRouteValidator_08" time="0"/>
  <testcase name="testAbaNumberCheck_15340_bad" classname="com.cardatechnologies.utils.validators.abaroutevalidator.Test_AbaRouteValidator_08" time="0"/>
  <testcase name="testAbaNumberCheck_16154_bad" classname="com.cardatechnologies.utils.validators.abaroutevalidator.Test_AbaRouteValidator_08" time="0"/>
  <testcase name="testAbaNumberCheck_16606_bad" classname="com.cardatechnologies.utils.validators.abaroutevalidator.Test_AbaRouteValidator_08" time="0"/>
  <testcase name="testAbaNumberCheck_15342_bad" classname="com.cardatechnologies.utils.validators.abaroutevalidator.Test_AbaRouteValidator_08" time="0"/>
  <testcase name="testAbaNumberCheck_16156_bad" classname="com.cardatechnologies.utils.validators.abaroutevalidator.Test_AbaRouteValidator_08" time="0"/>
  <testcase name="testAbaNumberCheck_17383_good" classname="com.cardatechnologies.utils.validators.abaroutevalidator.Test_AbaRouteValidator_08" time="0"/>
  <testcase name="testAbaNumberCheck_16443_good" classname="com.cardatechnologies.utils.validators.abaroutevalidator.Test_AbaRouteValidator_08" time="0"/>
  <testcase name="testAbaNumberCheck_15503_good" classname="com.cardatechnologies.utils.validators.abaroutevalidator.Test_AbaRouteValidator_08" time="0"/>
  <testcase name="testAbaNumberCheck_16608_bad" classname="com.cardatechnologies.utils.validators.abaroutevalidator.Test_AbaRouteValidator_08" time="0"/>
  <testcase name="testAbaNumberCheck_15344_bad" classname="com.cardatechnologies.utils.validators.abaroutevalidator.Test_AbaRouteValidator_08" time="0"/>
  <testcase name="testAbaNumberCheck_16158_bad" classname="com.cardatechnologies.utils.validators.abaroutevalidator.Test_AbaRouteValidator_08" time="0"/>
  <testcase name="testAbaNumberCheck_15346_bad" classname="com.cardatechnologies.utils.validators.abaroutevalidator.Test_AbaRouteValidator_08" time="0"/>
  <testcase name="testAbaNumberCheck_17257_good" classname="com.cardatechnologies.utils.validators.abaroutevalidator.Test_AbaRouteValidator_08" time="0"/>
  <testcase name="testAbaNumberCheck_16317_good" classname="com.cardatechnologies.utils.validators.abaroutevalidator.Test_AbaRouteValidator_08" time="0"/>
  <testcase name="testAbaNumberCheck_15348_bad" classname="com.cardatechnologies.utils.validators.abaroutevalidator.Test_AbaRouteValidator_08" time="0"/>
  <testcase name="testAbaNumberCheck_16281_good" classname="com.cardatechnologies.utils.validators.abaroutevalidator.Test_AbaRouteValidator_08" time="0"/>
  <testcase name="testAbaNumberCheck_15341_good" classname="com.cardatechnologies.utils.validators.abaroutevalidator.Test_AbaRouteValidator_08" time="0"/>
  <testcase name="testAbaNumberCheck_17095_good" classname="com.cardatechnologies.utils.validators.abaroutevalidator.Test_AbaRouteValidator_08" time="0"/>
  <testcase name="testAbaNumberCheck_16155_good" classname="com.cardatechnologies.utils.validators.abaroutevalidator.Test_AbaRouteValidator_08" time="0"/>
  <testcase name="testAbaNumberCheck_15215_good" classname="com.cardatechnologies.utils.validators.abaroutevalidator.Test_AbaRouteValidator_08" time="0"/>
  <testcase name="testAbaNumberCheck_16813_good" classname="com.cardatechnologies.utils.validators.abaroutevalidator.Test_AbaRouteValidator_08" time="0"/>
  <testcase name="testAbaNumberCheck_16029_good" classname="com.cardatechnologies.utils.validators.abaroutevalidator.Test_AbaRouteValidator_08" time="0"/>
  <testcase name="testAbaNumberCheck_17420_bad" classname="com.cardatechnologies.utils.validators.abaroutevalidator.Test_AbaRouteValidator_08" time="0"/>
  <testcase name="testAbaNumberCheck_15053_good" classname="com.cardatechnologies.utils.validators.abaroutevalidator.Test_AbaRouteValidator_08" time="0"/>
  <testcase name="testAbaNumberCheck_17422_bad" classname="com.cardatechnologies.utils.validators.abaroutevalidator.Test_AbaRouteValidator_08" time="0"/>
  <testcase name="testAbaNumberCheck_16651_good" classname="com.cardatechnologies.utils.validators.abaroutevalidator.Test_AbaRouteValidator_08" time="0"/>
  <testcase name="testAbaNumberCheck_15711_good" classname="com.cardatechnologies.utils.validators.abaroutevalidator.Test_AbaRouteValidator_08" time="0"/>
  <testcase name="testAbaNumberCheck_16610_bad" classname="com.cardatechnologies.utils.validators.abaroutevalidator.Test_AbaRouteValidator_08" time="0"/>
  <testcase name="testAbaNumberCheck_17424_bad" classname="com.cardatechnologies.utils.validators.abaroutevalidator.Test_AbaRouteValidator_08" time="0"/>
  <testcase name="testAbaNumberCheck_16160_bad" classname="com.cardatechnologies.utils.validators.abaroutevalidator.Test_AbaRouteValidator_08" time="0"/>
  <testcase name="testAbaNumberCheck_16612_bad" classname="com.cardatechnologies.utils.validators.abaroutevalidator.Test_AbaRouteValidator_08" time="0"/>
  <testcase name="testAbaNumberCheck_17426_bad" classname="com.cardatechnologies.utils.validators.abaroutevalidator.Test_AbaRouteValidator_08" time="0"/>
  <testcase name="testAbaNumberCheck_16162_bad" classname="com.cardatechnologies.utils.validators.abaroutevalidator.Test_AbaRouteValidator_08" time="0"/>
  <testcase name="testAbaNumberCheck_17465_good" classname="com.cardatechnologies.utils.validators.abaroutevalidator.Test_AbaRouteValidator_08" time="0"/>
  <testcase name="testAbaNumberCheck_16525_good" classname="com.cardatechnologies.utils.validators.abaroutevalidator.Test_AbaRouteValidator_08" time="0"/>
  <testcase name="testAbaNumberCheck_15800_bad" classname="com.cardatechnologies.utils.validators.abaroutevalidator.Test_AbaRouteValidator_08" time="0"/>
  <testcase name="testAbaNumberCheck_16614_bad" classname="com.cardatechnologies.utils.validators.abaroutevalidator.Test_AbaRouteValidator_08" time="0"/>
  <testcase name="testAbaNumberCheck_17428_bad" classname="com.cardatechnologies.utils.validators.abaroutevalidator.Test_AbaRouteValidator_08" time="0"/>
  <testcase name="testAbaNumberCheck_15350_bad" classname="com.cardatechnologies.utils.validators.abaroutevalidator.Test_AbaRouteValidator_08" time="0"/>
  <testcase name="testAbaNumberCheck_16164_bad" classname="com.cardatechnologies.utils.validators.abaroutevalidator.Test_AbaRouteValidator_08" time="0"/>
  <testcase name="testAbaNumberCheck_15802_bad" classname="com.cardatechnologies.utils.validators.abaroutevalidator.Test_AbaRouteValidator_08" time="0"/>
  <testcase name="testAbaNumberCheck_16616_bad" classname="com.cardatechnologies.utils.validators.abaroutevalidator.Test_AbaRouteValidator_08" time="0.001"/>
  <testcase name="testAbaNumberCheck_15352_bad" classname="com.cardatechnologies.utils.validators.abaroutevalidator.Test_AbaRouteValidator_08" time="0"/>
  <testcase name="testAbaNumberCheck_16166_bad" classname="com.cardatechnologies.utils.validators.abaroutevalidator.Test_AbaRouteValidator_08" time="0"/>
  <testcase name="testAbaNumberCheck_17339_good" classname="com.cardatechnologies.utils.validators.abaroutevalidator.Test_AbaRouteValidator_08" time="0"/>
  <testcase name="testAbaNumberCheck_15804_bad" classname="com.cardatechnologies.utils.validators.abaroutevalidator.Test_AbaRouteValidator_08" time="0"/>
  <testcase name="testAbaNumberCheck_16618_bad" classname="com.cardatechnologies.utils.validators.abaroutevalidator.Test_AbaRouteValidator_08" time="0"/>
  <testcase name="testAbaNumberCheck_15354_bad" classname="com.cardatechnologies.utils.validators.abaroutevalidator.Test_AbaRouteValidator_08" time="0"/>
  <testcase name="testAbaNumberCheck_16168_bad" classname="com.cardatechnologies.utils.validators.abaroutevalidator.Test_AbaRouteValidator_08" time="0"/>
  <testcase name="testAbaNumberCheck_15806_bad" classname="com.cardatechnologies.utils.validators.abaroutevalidator.Test_AbaRouteValidator_08" time="0"/>
  <testcase name="testAbaNumberCheck_15356_bad" classname="com.cardatechnologies.utils.validators.abaroutevalidator.Test_AbaRouteValidator_08" time="0"/>
  <testcase name="testAbaNumberCheck_16363_good" classname="com.cardatechnologies.utils.validators.abaroutevalidator.Test_AbaRouteValidator_08" time="0"/>
  <testcase name="testAbaNumberCheck_15423_good" classname="com.cardatechnologies.utils.validators.abaroutevalidator.Test_AbaRouteValidator_08" time="0"/>
  <testcase name="testAbaNumberCheck_15808_bad" classname="com.cardatechnologies.utils.validators.abaroutevalidator.Test_AbaRouteValidator_08" time="0"/>
  <testcase name="testAbaNumberCheck_15358_bad" classname="com.cardatechnologies.utils.validators.abaroutevalidator.Test_AbaRouteValidator_08" time="0"/>
  <testcase name="testAbaNumberCheck_17177_good" classname="com.cardatechnologies.utils.validators.abaroutevalidator.Test_AbaRouteValidator_08" time="0"/>
  <testcase name="testAbaNumberCheck_16237_good" classname="com.cardatechnologies.utils.validators.abaroutevalidator.Test_AbaRouteValidator_08" time="0"/>
  <testcase name="testAbaNumberCheck_15261_good" classname="com.cardatechnologies.utils.validators.abaroutevalidator.Test_AbaRouteValidator_08" time="0"/>
  <testcase name="testAbaNumberCheck_16075_good" classname="com.cardatechnologies.utils.validators.abaroutevalidator.Test_AbaRouteValidator_08" time="0"/>
  <testcase name="testAbaNumberCheck_15135_good" classname="com.cardatechnologies.utils.validators.abaroutevalidator.Test_AbaRouteValidator_08" time="0"/>
  <testcase name="testAbaNumberCheck_16733_good" classname="com.cardatechnologies.utils.validators.abaroutevalidator.Test_AbaRouteValidator_08" time="0"/>
  <testcase name="testAbaNumberCheck_17430_bad" classname="com.cardatechnologies.utils.validators.abaroutevalidator.Test_AbaRouteValidator_08" time="0"/>
  <testcase name="testAbaNumberCheck_15009_good" classname="com.cardatechnologies.utils.validators.abaroutevalidator.Test_AbaRouteValidator_08" time="0"/>
  <testcase name="testAbaNumberCheck_17432_bad" classname="com.cardatechnologies.utils.validators.abaroutevalidator.Test_AbaRouteValidator_08" time="0"/>
  <testcase name="testAbaNumberCheck_17547_good" classname="com.cardatechnologies.utils.validators.abaroutevalidator.Test_AbaRouteValidator_08" time="0"/>
  <testcase name="testAbaNumberCheck_16607_good" classname="com.cardatechnologies.utils.validators.abaroutevalidator.Test_AbaRouteValidator_08" time="0"/>
  <testcase name="testAbaNumberCheck_16620_bad" classname="com.cardatechnologies.utils.validators.abaroutevalidator.Test_AbaRouteValidator_08" time="0"/>
  <testcase name="testAbaNumberCheck_17434_bad" classname="com.cardatechnologies.utils.validators.abaroutevalidator.Test_AbaRouteValidator_08" time="0"/>
  <testcase name="testAbaNumberCheck_16170_bad" classname="com.cardatechnologies.utils.validators.abaroutevalidator.Test_AbaRouteValidator_08" time="0"/>
  <testcase name="testAbaNumberCheck_16622_bad" classname="com.cardatechnologies.utils.validators.abaroutevalidator.Test_AbaRouteValidator_08" time="0"/>
  <testcase name="testAbaNumberCheck_17436_bad" classname="com.cardatechnologies.utils.validators.abaroutevalidator.Test_AbaRouteValidator_08" time="0"/>
  <testcase name="testAbaNumberCheck_16172_bad" classname="com.cardatechnologies.utils.validators.abaroutevalidator.Test_AbaRouteValidator_08" time="0"/>
  <testcase name="testAbaNumberCheck_16571_good" classname="com.cardatechnologies.utils.validators.abaroutevalidator.Test_AbaRouteValidator_08" time="0"/>
  <testcase name="testAbaNumberCheck_15631_good" classname="com.cardatechnologies.utils.validators.abaroutevalidator.Test_AbaRouteValidator_08" time="0"/>
  <testcase name="testAbaNumberCheck_15810_bad" classname="com.cardatechnologies.utils.validators.abaroutevalidator.Test_AbaRouteValidator_08" time="0"/>
  <testcase name="testAbaNumberCheck_16624_bad" classname="com.cardatechnologies.utils.validators.abaroutevalidator.Test_AbaRouteValidator_08" time="0"/>
  <testcase name="testAbaNumberCheck_17438_bad" classname="com.cardatechnologies.utils.validators.abaroutevalidator.Test_AbaRouteValidator_08" time="0"/>
  <testcase name="testAbaNumberCheck_15360_bad" classname="com.cardatechnologies.utils.validators.abaroutevalidator.Test_AbaRouteValidator_08" time="0"/>
  <testcase name="testAbaNumberCheck_16174_bad" classname="com.cardatechnologies.utils.validators.abaroutevalidator.Test_AbaRouteValidator_08" time="0"/>
  <testcase name="testAbaNumberCheck_15812_bad" classname="com.cardatechnologies.utils.validators.abaroutevalidator.Test_AbaRouteValidator_08" time="0"/>
  <testcase name="testAbaNumberCheck_16626_bad" classname="com.cardatechnologies.utils.validators.abaroutevalidator.Test_AbaRouteValidator_08" time="0"/>
  <testcase name="testAbaNumberCheck_15362_bad" classname="com.cardatechnologies.utils.validators.abaroutevalidator.Test_AbaRouteValidator_08" time="0"/>
  <testcase name="testAbaNumberCheck_16176_bad" classname="com.cardatechnologies.utils.validators.abaroutevalidator.Test_AbaRouteValidator_08" time="0"/>
  <testcase name="testAbaNumberCheck_17385_good" classname="com.cardatechnologies.utils.validators.abaroutevalidator.Test_AbaRouteValidator_08" time="0"/>
  <testcase name="testAbaNumberCheck_16445_good" classname="com.cardatechnologies.utils.validators.abaroutevalidator.Test_AbaRouteValidator_08" time="0"/>
  <testcase name="testAbaNumberCheck_15505_good" classname="com.cardatechnologies.utils.validators.abaroutevalidator.Test_AbaRouteValidator_08" time="0"/>
  <testcase name="testAbaNumberCheck_15814_bad" classname="com.cardatechnologies.utils.validators.abaroutevalidator.Test_AbaRouteValidator_08" time="0"/>
  <testcase name="testAbaNumberCheck_16628_bad" classname="com.cardatechnologies.utils.validators.abaroutevalidator.Test_AbaRouteValidator_08" time="0"/>
  <testcase name="testAbaNumberCheck_15364_bad" classname="com.cardatechnologies.utils.validators.abaroutevalidator.Test_AbaRouteValidator_08" time="0"/>
  <testcase name="testAbaNumberCheck_16178_bad" classname="com.cardatechnologies.utils.validators.abaroutevalidator.Test_AbaRouteValidator_08" time="0"/>
  <testcase name="testAbaNumberCheck_15816_bad" classname="com.cardatechnologies.utils.validators.abaroutevalidator.Test_AbaRouteValidator_08" time="0"/>
  <testcase name="testAbaNumberCheck_15366_bad" classname="com.cardatechnologies.utils.validators.abaroutevalidator.Test_AbaRouteValidator_08" time="0"/>
  <testcase name="testAbaNumberCheck_17259_good" classname="com.cardatechnologies.utils.validators.abaroutevalidator.Test_AbaRouteValidator_08" time="0"/>
  <testcase name="testAbaNumberCheck_16319_good" classname="com.cardatechnologies.utils.validators.abaroutevalidator.Test_AbaRouteValidator_08" time="0"/>
  <testcase name="testAbaNumberCheck_15818_bad" classname="com.cardatechnologies.utils.validators.abaroutevalidator.Test_AbaRouteValidator_08" time="0"/>
  <testcase name="testAbaNumberCheck_15368_bad" classname="com.cardatechnologies.utils.validators.abaroutevalidator.Test_AbaRouteValidator_08" time="0"/>
  <testcase name="testAbaNumberCheck_16283_good" classname="com.cardatechnologies.utils.validators.abaroutevalidator.Test_AbaRouteValidator_08" time="0"/>
  <testcase name="testAbaNumberCheck_15343_good" classname="com.cardatechnologies.utils.validators.abaroutevalidator.Test_AbaRouteValidator_08" time="0"/>
  <testcase name="testAbaNumberCheck_16941_good" classname="com.cardatechnologies.utils.validators.abaroutevalidator.Test_AbaRouteValidator_08" time="0"/>
  <testcase name="testAbaNumberCheck_17097_good" classname="com.cardatechnologies.utils.validators.abaroutevalidator.Test_AbaRouteValidator_08" time="0"/>
  <testcase name="testAbaNumberCheck_16157_good" classname="com.cardatechnologies.utils.validators.abaroutevalidator.Test_AbaRouteValidator_08" time="0"/>
  <testcase name="testAbaNumberCheck_15217_good" classname="com.cardatechnologies.utils.validators.abaroutevalidator.Test_AbaRouteValidator_08" time="0"/>
  <testcase name="testAbaNumberCheck_16815_good" classname="com.cardatechnologies.utils.validators.abaroutevalidator.Test_AbaRouteValidator_08" time="0"/>
  <testcase name="testAbaNumberCheck_15181_good" classname="com.cardatechnologies.utils.validators.abaroutevalidator.Test_AbaRouteValidator_08" time="0"/>
  <testcase name="testAbaNumberCheck_17440_bad" classname="com.cardatechnologies.utils.validators.abaroutevalidator.Test_AbaRouteValidator_08" time="0"/>
  <testcase name="testAbaNumberCheck_15055_good" classname="com.cardatechnologies.utils.validators.abaroutevalidator.Test_AbaRouteValidator_08" time="0"/>
  <testcase name="testAbaNumberCheck_17442_bad" classname="com.cardatechnologies.utils.validators.abaroutevalidator.Test_AbaRouteValidator_08" time="0"/>
  <testcase name="testAbaNumberCheck_16653_good" classname="com.cardatechnologies.utils.validators.abaroutevalidator.Test_AbaRouteValidator_08" time="0"/>
  <testcase name="testAbaNumberCheck_15713_good" classname="com.cardatechnologies.utils.validators.abaroutevalidator.Test_AbaRouteValidator_08" time="0"/>
  <testcase name="testAbaNumberCheck_16630_bad" classname="com.cardatechnologies.utils.validators.abaroutevalidator.Test_AbaRouteValidator_08" time="0"/>
  <testcase name="testAbaNumberCheck_17444_bad" classname="com.cardatechnologies.utils.validators.abaroutevalidator.Test_AbaRouteValidator_08" time="0"/>
  <testcase name="testAbaNumberCheck_16180_bad" classname="com.cardatechnologies.utils.validators.abaroutevalidator.Test_AbaRouteValidator_08" time="0"/>
  <testcase name="testAbaNumberCheck_16632_bad" classname="com.cardatechnologies.utils.validators.abaroutevalidator.Test_AbaRouteValidator_08" time="0"/>
  <testcase name="testAbaNumberCheck_17446_bad" classname="com.cardatechnologies.utils.validators.abaroutevalidator.Test_AbaRouteValidator_08" time="0"/>
  <testcase name="testAbaNumberCheck_16182_bad" classname="com.cardatechnologies.utils.validators.abaroutevalidator.Test_AbaRouteValidator_08" time="0"/>
  <testcase name="testAbaNumberCheck_17467_good" classname="com.cardatechnologies.utils.validators.abaroutevalidator.Test_AbaRouteValidator_08" time="0"/>
  <testcase name="testAbaNumberCheck_16527_good" classname="com.cardatechnologies.utils.validators.abaroutevalidator.Test_AbaRouteValidator_08" time="0"/>
  <testcase name="testAbaNumberCheck_15820_bad" classname="com.cardatechnologies.utils.validators.abaroutevalidator.Test_AbaRouteValidator_08" time="0"/>
  <testcase name="testAbaNumberCheck_16634_bad" classname="com.cardatechnologies.utils.validators.abaroutevalidator.Test_AbaRouteValidator_08" time="0"/>
  <testcase name="testAbaNumberCheck_17448_bad" classname="com.cardatechnologies.utils.validators.abaroutevalidator.Test_AbaRouteValidator_08" time="0"/>
  <testcase name="testAbaNumberCheck_15370_bad" classname="com.cardatechnologies.utils.validators.abaroutevalidator.Test_AbaRouteValidator_08" time="0"/>
  <testcase name="testAbaNumberCheck_16184_bad" classname="com.cardatechnologies.utils.validators.abaroutevalidator.Test_AbaRouteValidator_08" time="0"/>
  <testcase name="testAbaNumberCheck_15822_bad" classname="com.cardatechnologies.utils.validators.abaroutevalidator.Test_AbaRouteValidator_08" time="0"/>
  <testcase name="testAbaNumberCheck_16636_bad" classname="com.cardatechnologies.utils.validators.abaroutevalidator.Test_AbaRouteValidator_08" time="0"/>
  <testcase name="testAbaNumberCheck_15372_bad" classname="com.cardatechnologies.utils.validators.abaroutevalidator.Test_AbaRouteValidator_08" time="0"/>
  <testcase name="testAbaNumberCheck_16491_good" classname="com.cardatechnologies.utils.validators.abaroutevalidator.Test_AbaRouteValidator_08" time="0"/>
  <testcase name="testAbaNumberCheck_16186_bad" classname="com.cardatechnologies.utils.validators.abaroutevalidator.Test_AbaRouteValidator_08" time="0"/>
  <testcase name="testAbaNumberCheck_15551_good" classname="com.cardatechnologies.utils.validators.abaroutevalidator.Test_AbaRouteValidator_08" time="0"/>
  <testcase name="testAbaNumberCheck_15824_bad" classname="com.cardatechnologies.utils.validators.abaroutevalidator.Test_AbaRouteValidator_08" time="0"/>
  <testcase name="testAbaNumberCheck_16638_bad" classname="com.cardatechnologies.utils.validators.abaroutevalidator.Test_AbaRouteValidator_08" time="0"/>
  <testcase name="testAbaNumberCheck_15374_bad" classname="com.cardatechnologies.utils.validators.abaroutevalidator.Test_AbaRouteValidator_08" time="0"/>
  <testcase name="testAbaNumberCheck_16188_bad" classname="com.cardatechnologies.utils.validators.abaroutevalidator.Test_AbaRouteValidator_08" time="0"/>
  <testcase name="testAbaNumberCheck_15826_bad" classname="com.cardatechnologies.utils.validators.abaroutevalidator.Test_AbaRouteValidator_08" time="0"/>
  <testcase name="testAbaNumberCheck_15376_bad" classname="com.cardatechnologies.utils.validators.abaroutevalidator.Test_AbaRouteValidator_08" time="0"/>
  <testcase name="testAbaNumberCheck_16365_good" classname="com.cardatechnologies.utils.validators.abaroutevalidator.Test_AbaRouteValidator_08" time="0"/>
  <testcase name="testAbaNumberCheck_15425_good" classname="com.cardatechnologies.utils.validators.abaroutevalidator.Test_AbaRouteValidator_08" time="0"/>
  <testcase name="testAbaNumberCheck_15828_bad" classname="com.cardatechnologies.utils.validators.abaroutevalidator.Test_AbaRouteValidator_08" time="0"/>
  <testcase name="testAbaNumberCheck_15378_bad" classname="com.cardatechnologies.utils.validators.abaroutevalidator.Test_AbaRouteValidator_08" time="0"/>
  <testcase name="testAbaNumberCheck_17179_good" classname="com.cardatechnologies.utils.validators.abaroutevalidator.Test_AbaRouteValidator_08" time="0"/>
  <testcase name="testAbaNumberCheck_16239_good" classname="com.cardatechnologies.utils.validators.abaroutevalidator.Test_AbaRouteValidator_08" time="0"/>
  <testcase name="testAbaNumberCheck_15263_good" classname="com.cardatechnologies.utils.validators.abaroutevalidator.Test_AbaRouteValidator_08" time="0"/>
  <testcase name="testAbaNumberCheck_16861_good" classname="com.cardatechnologies.utils.validators.abaroutevalidator.Test_AbaRouteValidator_08" time="0"/>
  <testcase name="testAbaNumberCheck_15921_good" classname="com.cardatechnologies.utils.validators.abaroutevalidator.Test_AbaRouteValidator_08" time="0"/>
  <testcase name="testAbaNumberCheck_16077_good" classname="com.cardatechnologies.utils.validators.abaroutevalidator.Test_AbaRouteValidator_08" time="0"/>
  <testcase name="testAbaNumberCheck_15137_good" classname="com.cardatechnologies.utils.validators.abaroutevalidator.Test_AbaRouteValidator_08" time="0"/>
  <testcase name="testAbaNumberCheck_16735_good" classname="com.cardatechnologies.utils.validators.abaroutevalidator.Test_AbaRouteValidator_08" time="0"/>
  <testcase name="testAbaNumberCheck_17450_bad" classname="com.cardatechnologies.utils.validators.abaroutevalidator.Test_AbaRouteValidator_08" time="0"/>
  <testcase name="testAbaNumberCheck_17452_bad" classname="com.cardatechnologies.utils.validators.abaroutevalidator.Test_AbaRouteValidator_08" time="0"/>
  <testcase name="testAbaNumberCheck_17549_good" classname="com.cardatechnologies.utils.validators.abaroutevalidator.Test_AbaRouteValidator_08" time="0"/>
  <testcase name="testAbaNumberCheck_16609_good" classname="com.cardatechnologies.utils.validators.abaroutevalidator.Test_AbaRouteValidator_08" time="0"/>
  <testcase name="testAbaNumberCheck_16640_bad" classname="com.cardatechnologies.utils.validators.abaroutevalidator.Test_AbaRouteValidator_08" time="0"/>
  <testcase name="testAbaNumberCheck_17454_bad" classname="com.cardatechnologies.utils.validators.abaroutevalidator.Test_AbaRouteValidator_08" time="0"/>
  <testcase name="testAbaNumberCheck_16190_bad" classname="com.cardatechnologies.utils.validators.abaroutevalidator.Test_AbaRouteValidator_08" time="0"/>
  <testcase name="testAbaNumberCheck_16642_bad" classname="com.cardatechnologies.utils.validators.abaroutevalidator.Test_AbaRouteValidator_08" time="0"/>
  <testcase name="testAbaNumberCheck_17456_bad" classname="com.cardatechnologies.utils.validators.abaroutevalidator.Test_AbaRouteValidator_08" time="0"/>
  <testcase name="testAbaNumberCheck_16192_bad" classname="com.cardatechnologies.utils.validators.abaroutevalidator.Test_AbaRouteValidator_08" time="0"/>
  <testcase name="testAbaNumberCheck_16573_good" classname="com.cardatechnologies.utils.validators.abaroutevalidator.Test_AbaRouteValidator_08" time="0"/>
  <testcase name="testAbaNumberCheck_15633_good" classname="com.cardatechnologies.utils.validators.abaroutevalidator.Test_AbaRouteValidator_08" time="0"/>
  <testcase name="testAbaNumberCheck_15830_bad" classname="com.cardatechnologies.utils.validators.abaroutevalidator.Test_AbaRouteValidator_08" time="0"/>
  <testcase name="testAbaNumberCheck_16644_bad" classname="com.cardatechnologies.utils.validators.abaroutevalidator.Test_AbaRouteValidator_08" time="0"/>
  <testcase name="testAbaNumberCheck_17458_bad" classname="com.cardatechnologies.utils.validators.abaroutevalidator.Test_AbaRouteValidator_08" time="0"/>
  <testcase name="testAbaNumberCheck_15380_bad" classname="com.cardatechnologies.utils.validators.abaroutevalidator.Test_AbaRouteValidator_08" time="0"/>
  <testcase name="testAbaNumberCheck_16194_bad" classname="com.cardatechnologies.utils.validators.abaroutevalidator.Test_AbaRouteValidator_08" time="0"/>
  <testcase name="testAbaNumberCheck_15832_bad" classname="com.cardatechnologies.utils.validators.abaroutevalidator.Test_AbaRouteValidator_08" time="0"/>
  <testcase name="testAbaNumberCheck_16646_bad" classname="com.cardatechnologies.utils.validators.abaroutevalidator.Test_AbaRouteValidator_08" time="0"/>
  <testcase name="testAbaNumberCheck_15382_bad" classname="com.cardatechnologies.utils.validators.abaroutevalidator.Test_AbaRouteValidator_08" time="0"/>
  <testcase name="testAbaNumberCheck_16196_bad" classname="com.cardatechnologies.utils.validators.abaroutevalidator.Test_AbaRouteValidator_08" time="0"/>
  <testcase name="testAbaNumberCheck_17387_good" classname="com.cardatechnologies.utils.validators.abaroutevalidator.Test_AbaRouteValidator_08" time="0"/>
  <testcase name="testAbaNumberCheck_16447_good" classname="com.cardatechnologies.utils.validators.abaroutevalidator.Test_AbaRouteValidator_08" time="0"/>
  <testcase name="testAbaNumberCheck_15507_good" classname="com.cardatechnologies.utils.validators.abaroutevalidator.Test_AbaRouteValidator_08" time="0"/>
  <testcase name="testAbaNumberCheck_15834_bad" classname="com.cardatechnologies.utils.validators.abaroutevalidator.Test_AbaRouteValidator_08" time="0"/>
  <testcase name="testAbaNumberCheck_16648_bad" classname="com.cardatechnologies.utils.validators.abaroutevalidator.Test_AbaRouteValidator_08" time="0"/>
  <testcase name="testAbaNumberCheck_15384_bad" classname="com.cardatechnologies.utils.validators.abaroutevalidator.Test_AbaRouteValidator_08" time="0"/>
  <testcase name="testAbaNumberCheck_16198_bad" classname="com.cardatechnologies.utils.validators.abaroutevalidator.Test_AbaRouteValidator_08" time="0"/>
  <testcase name="testAbaNumberCheck_15836_bad" classname="com.cardatechnologies.utils.validators.abaroutevalidator.Test_AbaRouteValidator_08" time="0"/>
  <testcase name="testAbaNumberCheck_15386_bad" classname="com.cardatechnologies.utils.validators.abaroutevalidator.Test_AbaRouteValidator_08" time="0"/>
  <testcase name="testAbaNumberCheck_15471_good" classname="com.cardatechnologies.utils.validators.abaroutevalidator.Test_AbaRouteValidator_08" time="0"/>
  <testcase name="testAbaNumberCheck_15838_bad" classname="com.cardatechnologies.utils.validators.abaroutevalidator.Test_AbaRouteValidator_08" time="0"/>
  <testcase name="testAbaNumberCheck_15388_bad" classname="com.cardatechnologies.utils.validators.abaroutevalidator.Test_AbaRouteValidator_08" time="0"/>
  <testcase name="testAbaNumberCheck_16285_good" classname="com.cardatechnologies.utils.validators.abaroutevalidator.Test_AbaRouteValidator_08" time="0"/>
  <testcase name="testAbaNumberCheck_15345_good" classname="com.cardatechnologies.utils.validators.abaroutevalidator.Test_AbaRouteValidator_08" time="0"/>
  <testcase name="testAbaNumberCheck_16943_good" classname="com.cardatechnologies.utils.validators.abaroutevalidator.Test_AbaRouteValidator_08" time="0"/>
  <testcase name="testAbaNumberCheck_17099_good" classname="com.cardatechnologies.utils.validators.abaroutevalidator.Test_AbaRouteValidator_08" time="0"/>
  <testcase name="testAbaNumberCheck_16159_good" classname="com.cardatechnologies.utils.validators.abaroutevalidator.Test_AbaRouteValidator_08" time="0"/>
  <testcase name="testAbaNumberCheck_15219_good" classname="com.cardatechnologies.utils.validators.abaroutevalidator.Test_AbaRouteValidator_08" time="0"/>
  <testcase name="testAbaNumberCheck_16817_good" classname="com.cardatechnologies.utils.validators.abaroutevalidator.Test_AbaRouteValidator_08" time="0"/>
  <testcase name="testAbaNumberCheck_15183_good" classname="com.cardatechnologies.utils.validators.abaroutevalidator.Test_AbaRouteValidator_08" time="0"/>
  <testcase name="testAbaNumberCheck_16781_good" classname="com.cardatechnologies.utils.validators.abaroutevalidator.Test_AbaRouteValidator_08" time="0"/>
  <testcase name="testAbaNumberCheck_15841_good" classname="com.cardatechnologies.utils.validators.abaroutevalidator.Test_AbaRouteValidator_08" time="0"/>
  <testcase name="testAbaNumberCheck_17460_bad" classname="com.cardatechnologies.utils.validators.abaroutevalidator.Test_AbaRouteValidator_08" time="0"/>
  <testcase name="testAbaNumberCheck_15057_good" classname="com.cardatechnologies.utils.validators.abaroutevalidator.Test_AbaRouteValidator_08" time="0"/>
  <testcase name="testAbaNumberCheck_17462_bad" classname="com.cardatechnologies.utils.validators.abaroutevalidator.Test_AbaRouteValidator_08" time="0"/>
  <testcase name="testAbaNumberCheck_16655_good" classname="com.cardatechnologies.utils.validators.abaroutevalidator.Test_AbaRouteValidator_08" time="0"/>
  <testcase name="testAbaNumberCheck_15715_good" classname="com.cardatechnologies.utils.validators.abaroutevalidator.Test_AbaRouteValidator_08" time="0"/>
  <testcase name="testAbaNumberCheck_16650_bad" classname="com.cardatechnologies.utils.validators.abaroutevalidator.Test_AbaRouteValidator_08" time="0"/>
  <testcase name="testAbaNumberCheck_17464_bad" classname="com.cardatechnologies.utils.validators.abaroutevalidator.Test_AbaRouteValidator_08" time="0"/>
  <testcase name="testAbaNumberCheck_16652_bad" classname="com.cardatechnologies.utils.validators.abaroutevalidator.Test_AbaRouteValidator_08" time="0"/>
  <testcase name="testAbaNumberCheck_17466_bad" classname="com.cardatechnologies.utils.validators.abaroutevalidator.Test_AbaRouteValidator_08" time="0"/>
  <testcase name="testAbaNumberCheck_17469_good" classname="com.cardatechnologies.utils.validators.abaroutevalidator.Test_AbaRouteValidator_08" time="0"/>
  <testcase name="testAbaNumberCheck_16529_good" classname="com.cardatechnologies.utils.validators.abaroutevalidator.Test_AbaRouteValidator_08" time="0"/>
  <testcase name="testAbaNumberCheck_15840_bad" classname="com.cardatechnologies.utils.validators.abaroutevalidator.Test_AbaRouteValidator_08" time="0"/>
  <testcase name="testAbaNumberCheck_16654_bad" classname="com.cardatechnologies.utils.validators.abaroutevalidator.Test_AbaRouteValidator_08" time="0"/>
  <testcase name="testAbaNumberCheck_17468_bad" classname="com.cardatechnologies.utils.validators.abaroutevalidator.Test_AbaRouteValidator_08" time="0"/>
  <testcase name="testAbaNumberCheck_15390_bad" classname="com.cardatechnologies.utils.validators.abaroutevalidator.Test_AbaRouteValidator_08" time="0"/>
  <testcase name="testAbaNumberCheck_15842_bad" classname="com.cardatechnologies.utils.validators.abaroutevalidator.Test_AbaRouteValidator_08" time="0"/>
  <testcase name="testAbaNumberCheck_16656_bad" classname="com.cardatechnologies.utils.validators.abaroutevalidator.Test_AbaRouteValidator_08" time="0"/>
  <testcase name="testAbaNumberCheck_15392_bad" classname="com.cardatechnologies.utils.validators.abaroutevalidator.Test_AbaRouteValidator_08" time="0"/>
  <testcase name="testAbaNumberCheck_16493_good" classname="com.cardatechnologies.utils.validators.abaroutevalidator.Test_AbaRouteValidator_08" time="0"/>
  <testcase name="testAbaNumberCheck_15553_good" classname="com.cardatechnologies.utils.validators.abaroutevalidator.Test_AbaRouteValidator_08" time="0"/>
  <testcase name="testAbaNumberCheck_15844_bad" classname="com.cardatechnologies.utils.validators.abaroutevalidator.Test_AbaRouteValidator_08" time="0"/>
  <testcase name="testAbaNumberCheck_16658_bad" classname="com.cardatechnologies.utils.validators.abaroutevalidator.Test_AbaRouteValidator_08" time="0"/>
  <testcase name="testAbaNumberCheck_15394_bad" classname="com.cardatechnologies.utils.validators.abaroutevalidator.Test_AbaRouteValidator_08" time="0"/>
  <testcase name="testAbaNumberCheck_15846_bad" classname="com.cardatechnologies.utils.validators.abaroutevalidator.Test_AbaRouteValidator_08" time="0"/>
  <testcase name="testAbaNumberCheck_15396_bad" classname="com.cardatechnologies.utils.validators.abaroutevalidator.Test_AbaRouteValidator_08" time="0"/>
  <testcase name="testAbaNumberCheck_16367_good" classname="com.cardatechnologies.utils.validators.abaroutevalidator.Test_AbaRouteValidator_08" time="0"/>
  <testcase name="testAbaNumberCheck_15427_good" classname="com.cardatechnologies.utils.validators.abaroutevalidator.Test_AbaRouteValidator_08" time="0"/>
  <testcase name="testAbaNumberCheck_15848_bad" classname="com.cardatechnologies.utils.validators.abaroutevalidator.Test_AbaRouteValidator_08" time="0"/>
  <testcase name="testAbaNumberCheck_15398_bad" classname="com.cardatechnologies.utils.validators.abaroutevalidator.Test_AbaRouteValidator_08" time="0"/>
  <testcase name="testAbaNumberCheck_15391_good" classname="com.cardatechnologies.utils.validators.abaroutevalidator.Test_AbaRouteValidator_08" time="0"/>
  <testcase name="testAbaNumberCheck_15265_good" classname="com.cardatechnologies.utils.validators.abaroutevalidator.Test_AbaRouteValidator_08" time="0"/>
  <testcase name="testAbaNumberCheck_16863_good" classname="com.cardatechnologies.utils.validators.abaroutevalidator.Test_AbaRouteValidator_08" time="0"/>
  <testcase name="testAbaNumberCheck_15923_good" classname="com.cardatechnologies.utils.validators.abaroutevalidator.Test_AbaRouteValidator_08" time="0"/>
  <testcase name="testAbaNumberCheck_16079_good" classname="com.cardatechnologies.utils.validators.abaroutevalidator.Test_AbaRouteValidator_08" time="0"/>
  <testcase name="testAbaNumberCheck_15139_good" classname="com.cardatechnologies.utils.validators.abaroutevalidator.Test_AbaRouteValidator_08" time="0"/>
  <testcase name="testAbaNumberCheck_16737_good" classname="com.cardatechnologies.utils.validators.abaroutevalidator.Test_AbaRouteValidator_08" time="0"/>
  <testcase name="testAbaNumberCheck_17470_bad" classname="com.cardatechnologies.utils.validators.abaroutevalidator.Test_AbaRouteValidator_08" time="0"/>
  <testcase name="testAbaNumberCheck_17472_bad" classname="com.cardatechnologies.utils.validators.abaroutevalidator.Test_AbaRouteValidator_08" time="0"/>
  <testcase name="testAbaNumberCheck_15761_good" classname="com.cardatechnologies.utils.validators.abaroutevalidator.Test_AbaRouteValidator_08" time="0"/>
  <testcase name="testAbaNumberCheck_16660_bad" classname="com.cardatechnologies.utils.validators.abaroutevalidator.Test_AbaRouteValidator_08" time="0"/>
  <testcase name="testAbaNumberCheck_17474_bad" classname="com.cardatechnologies.utils.validators.abaroutevalidator.Test_AbaRouteValidator_08" time="0"/>
  <testcase name="testAbaNumberCheck_16662_bad" classname="com.cardatechnologies.utils.validators.abaroutevalidator.Test_AbaRouteValidator_08" time="0"/>
  <testcase name="testAbaNumberCheck_17476_bad" classname="com.cardatechnologies.utils.validators.abaroutevalidator.Test_AbaRouteValidator_08" time="0"/>
  <testcase name="testAbaNumberCheck_16575_good" classname="com.cardatechnologies.utils.validators.abaroutevalidator.Test_AbaRouteValidator_08" time="0"/>
  <testcase name="testAbaNumberCheck_15635_good" classname="com.cardatechnologies.utils.validators.abaroutevalidator.Test_AbaRouteValidator_08" time="0"/>
  <testcase name="testAbaNumberCheck_15850_bad" classname="com.cardatechnologies.utils.validators.abaroutevalidator.Test_AbaRouteValidator_08" time="0"/>
  <testcase name="testAbaNumberCheck_16664_bad" classname="com.cardatechnologies.utils.validators.abaroutevalidator.Test_AbaRouteValidator_08" time="0"/>
  <testcase name="testAbaNumberCheck_17478_bad" classname="com.cardatechnologies.utils.validators.abaroutevalidator.Test_AbaRouteValidator_08" time="0"/>
  <testcase name="testAbaNumberCheck_15852_bad" classname="com.cardatechnologies.utils.validators.abaroutevalidator.Test_AbaRouteValidator_08" time="0"/>
  <testcase name="testAbaNumberCheck_16666_bad" classname="com.cardatechnologies.utils.validators.abaroutevalidator.Test_AbaRouteValidator_08" time="0"/>
  <testcase name="testAbaNumberCheck_17389_good" classname="com.cardatechnologies.utils.validators.abaroutevalidator.Test_AbaRouteValidator_08" time="0.001"/>
  <testcase name="testAbaNumberCheck_16449_good" classname="com.cardatechnologies.utils.validators.abaroutevalidator.Test_AbaRouteValidator_08" time="0"/>
  <testcase name="testAbaNumberCheck_15509_good" classname="com.cardatechnologies.utils.validators.abaroutevalidator.Test_AbaRouteValidator_08" time="0"/>
  <testcase name="testAbaNumberCheck_15854_bad" classname="com.cardatechnologies.utils.validators.abaroutevalidator.Test_AbaRouteValidator_08" time="0"/>
  <testcase name="testAbaNumberCheck_16668_bad" classname="com.cardatechnologies.utils.validators.abaroutevalidator.Test_AbaRouteValidator_08" time="0"/>
  <testcase name="testAbaNumberCheck_15856_bad" classname="com.cardatechnologies.utils.validators.abaroutevalidator.Test_AbaRouteValidator_08" time="0"/>
  <testcase name="testAbaNumberCheck_15473_good" classname="com.cardatechnologies.utils.validators.abaroutevalidator.Test_AbaRouteValidator_08" time="0"/>
  <testcase name="testAbaNumberCheck_15858_bad" classname="com.cardatechnologies.utils.validators.abaroutevalidator.Test_AbaRouteValidator_08" time="0"/>
  <testcase name="testAbaNumberCheck_16287_good" classname="com.cardatechnologies.utils.validators.abaroutevalidator.Test_AbaRouteValidator_08" time="0"/>
  <testcase name="testAbaNumberCheck_15347_good" classname="com.cardatechnologies.utils.validators.abaroutevalidator.Test_AbaRouteValidator_08" time="0"/>
  <testcase name="testAbaNumberCheck_16945_good" classname="com.cardatechnologies.utils.validators.abaroutevalidator.Test_AbaRouteValidator_08" time="0"/>
  <testcase name="testAbaNumberCheck_16819_good" classname="com.cardatechnologies.utils.validators.abaroutevalidator.Test_AbaRouteValidator_08" time="0"/>
  <testcase name="testAbaNumberCheck_15185_good" classname="com.cardatechnologies.utils.validators.abaroutevalidator.Test_AbaRouteValidator_08" time="0"/>
  <testcase name="testAbaNumberCheck_16783_good" classname="com.cardatechnologies.utils.validators.abaroutevalidator.Test_AbaRouteValidator_08" time="0"/>
  <testcase name="testAbaNumberCheck_15843_good" classname="com.cardatechnologies.utils.validators.abaroutevalidator.Test_AbaRouteValidator_08" time="0"/>
  <testcase name="testAbaNumberCheck_17480_bad" classname="com.cardatechnologies.utils.validators.abaroutevalidator.Test_AbaRouteValidator_08" time="0"/>
  <testcase name="testAbaNumberCheck_15059_good" classname="com.cardatechnologies.utils.validators.abaroutevalidator.Test_AbaRouteValidator_08" time="0"/>
  <testcase name="testAbaNumberCheck_17482_bad" classname="com.cardatechnologies.utils.validators.abaroutevalidator.Test_AbaRouteValidator_08" time="0"/>
  <testcase name="testAbaNumberCheck_16657_good" classname="com.cardatechnologies.utils.validators.abaroutevalidator.Test_AbaRouteValidator_08" time="0"/>
  <testcase name="testAbaNumberCheck_15717_good" classname="com.cardatechnologies.utils.validators.abaroutevalidator.Test_AbaRouteValidator_08" time="0"/>
  <testcase name="testAbaNumberCheck_16670_bad" classname="com.cardatechnologies.utils.validators.abaroutevalidator.Test_AbaRouteValidator_08" time="0"/>
  <testcase name="testAbaNumberCheck_17484_bad" classname="com.cardatechnologies.utils.validators.abaroutevalidator.Test_AbaRouteValidator_08" time="0"/>
  <testcase name="testAbaNumberCheck_16672_bad" classname="com.cardatechnologies.utils.validators.abaroutevalidator.Test_AbaRouteValidator_08" time="0"/>
  <testcase name="testAbaNumberCheck_17486_bad" classname="com.cardatechnologies.utils.validators.abaroutevalidator.Test_AbaRouteValidator_08" time="0"/>
  <testcase name="testAbaNumberCheck_15681_good" classname="com.cardatechnologies.utils.validators.abaroutevalidator.Test_AbaRouteValidator_08" time="0"/>
  <testcase name="testAbaNumberCheck_15860_bad" classname="com.cardatechnologies.utils.validators.abaroutevalidator.Test_AbaRouteValidator_08" time="0"/>
  <testcase name="testAbaNumberCheck_16674_bad" classname="com.cardatechnologies.utils.validators.abaroutevalidator.Test_AbaRouteValidator_08" time="0"/>
  <testcase name="testAbaNumberCheck_17488_bad" classname="com.cardatechnologies.utils.validators.abaroutevalidator.Test_AbaRouteValidator_08" time="0"/>
  <testcase name="testAbaNumberCheck_15862_bad" classname="com.cardatechnologies.utils.validators.abaroutevalidator.Test_AbaRouteValidator_08" time="0"/>
  <testcase name="testAbaNumberCheck_16676_bad" classname="com.cardatechnologies.utils.validators.abaroutevalidator.Test_AbaRouteValidator_08" time="0"/>
  <testcase name="testAbaNumberCheck_16495_good" classname="com.cardatechnologies.utils.validators.abaroutevalidator.Test_AbaRouteValidator_08" time="0"/>
  <testcase name="testAbaNumberCheck_15555_good" classname="com.cardatechnologies.utils.validators.abaroutevalidator.Test_AbaRouteValidator_08" time="0"/>
  <testcase name="testAbaNumberCheck_15864_bad" classname="com.cardatechnologies.utils.validators.abaroutevalidator.Test_AbaRouteValidator_08" time="0"/>
  <testcase name="testAbaNumberCheck_16678_bad" classname="com.cardatechnologies.utils.validators.abaroutevalidator.Test_AbaRouteValidator_08" time="0"/>
  <testcase name="testAbaNumberCheck_15866_bad" classname="com.cardatechnologies.utils.validators.abaroutevalidator.Test_AbaRouteValidator_08" time="0"/>
  <testcase name="testAbaNumberCheck_16369_good" classname="com.cardatechnologies.utils.validators.abaroutevalidator.Test_AbaRouteValidator_08" time="0"/>
  <testcase name="testAbaNumberCheck_15429_good" classname="com.cardatechnologies.utils.validators.abaroutevalidator.Test_AbaRouteValidator_08" time="0"/>
  <testcase name="testAbaNumberCheck_15868_bad" classname="com.cardatechnologies.utils.validators.abaroutevalidator.Test_AbaRouteValidator_08" time="0"/>
  <testcase name="testAbaNumberCheck_15393_good" classname="com.cardatechnologies.utils.validators.abaroutevalidator.Test_AbaRouteValidator_08" time="0"/>
  <testcase name="testAbaNumberCheck_16991_good" classname="com.cardatechnologies.utils.validators.abaroutevalidator.Test_AbaRouteValidator_08" time="0"/>
  <testcase name="testAbaNumberCheck_15267_good" classname="com.cardatechnologies.utils.validators.abaroutevalidator.Test_AbaRouteValidator_08" time="0"/>
  <testcase name="testAbaNumberCheck_16865_good" classname="com.cardatechnologies.utils.validators.abaroutevalidator.Test_AbaRouteValidator_08" time="0"/>
  <testcase name="testAbaNumberCheck_15925_good" classname="com.cardatechnologies.utils.validators.abaroutevalidator.Test_AbaRouteValidator_08" time="0"/>
  <testcase name="testAbaNumberCheck_16739_good" classname="com.cardatechnologies.utils.validators.abaroutevalidator.Test_AbaRouteValidator_08" time="0"/>
  <testcase name="testAbaNumberCheck_17490_bad" classname="com.cardatechnologies.utils.validators.abaroutevalidator.Test_AbaRouteValidator_08" time="0"/>
  <testcase name="testAbaNumberCheck_17492_bad" classname="com.cardatechnologies.utils.validators.abaroutevalidator.Test_AbaRouteValidator_08" time="0"/>
  <testcase name="testAbaNumberCheck_15763_good" classname="com.cardatechnologies.utils.validators.abaroutevalidator.Test_AbaRouteValidator_08" time="0"/>
  <testcase name="testAbaNumberCheck_16680_bad" classname="com.cardatechnologies.utils.validators.abaroutevalidator.Test_AbaRouteValidator_08" time="0"/>
  <testcase name="testAbaNumberCheck_17494_bad" classname="com.cardatechnologies.utils.validators.abaroutevalidator.Test_AbaRouteValidator_08" time="0"/>
  <testcase name="testAbaNumberCheck_16682_bad" classname="com.cardatechnologies.utils.validators.abaroutevalidator.Test_AbaRouteValidator_08" time="0"/>
  <testcase name="testAbaNumberCheck_17496_bad" classname="com.cardatechnologies.utils.validators.abaroutevalidator.Test_AbaRouteValidator_08" time="0"/>
  <testcase name="testAbaNumberCheck_16577_good" classname="com.cardatechnologies.utils.validators.abaroutevalidator.Test_AbaRouteValidator_08" time="0"/>
  <testcase name="testAbaNumberCheck_15637_good" classname="com.cardatechnologies.utils.validators.abaroutevalidator.Test_AbaRouteValidator_08" time="0"/>
  <testcase name="testAbaNumberCheck_15870_bad" classname="com.cardatechnologies.utils.validators.abaroutevalidator.Test_AbaRouteValidator_08" time="0"/>
  <testcase name="testAbaNumberCheck_16684_bad" classname="com.cardatechnologies.utils.validators.abaroutevalidator.Test_AbaRouteValidator_08" time="0"/>
  <testcase name="testAbaNumberCheck_17498_bad" classname="com.cardatechnologies.utils.validators.abaroutevalidator.Test_AbaRouteValidator_08" time="0"/>
  <testcase name="testAbaNumberCheck_15872_bad" classname="com.cardatechnologies.utils.validators.abaroutevalidator.Test_AbaRouteValidator_08" time="0"/>
  <testcase name="testAbaNumberCheck_16686_bad" classname="com.cardatechnologies.utils.validators.abaroutevalidator.Test_AbaRouteValidator_08" time="0"/>
  <testcase name="testAbaNumberCheck_15874_bad" classname="com.cardatechnologies.utils.validators.abaroutevalidator.Test_AbaRouteValidator_08" time="0"/>
  <testcase name="testAbaNumberCheck_16688_bad" classname="com.cardatechnologies.utils.validators.abaroutevalidator.Test_AbaRouteValidator_08" time="0"/>
  <testcase name="testAbaNumberCheck_15876_bad" classname="com.cardatechnologies.utils.validators.abaroutevalidator.Test_AbaRouteValidator_08" time="0"/>
  <testcase name="testAbaNumberCheck_15475_good" classname="com.cardatechnologies.utils.validators.abaroutevalidator.Test_AbaRouteValidator_08" time="0"/>
  <testcase name="testAbaNumberCheck_15878_bad" classname="com.cardatechnologies.utils.validators.abaroutevalidator.Test_AbaRouteValidator_08" time="0"/>
  <testcase name="testAbaNumberCheck_16289_good" classname="com.cardatechnologies.utils.validators.abaroutevalidator.Test_AbaRouteValidator_08" time="0"/>
  <testcase name="testAbaNumberCheck_15349_good" classname="com.cardatechnologies.utils.validators.abaroutevalidator.Test_AbaRouteValidator_08" time="0"/>
  <testcase name="testAbaNumberCheck_16947_good" classname="com.cardatechnologies.utils.validators.abaroutevalidator.Test_AbaRouteValidator_08" time="0"/>
  <testcase name="testAbaNumberCheck_15971_good" classname="com.cardatechnologies.utils.validators.abaroutevalidator.Test_AbaRouteValidator_08" time="0"/>
  <testcase name="testAbaNumberCheck_15187_good" classname="com.cardatechnologies.utils.validators.abaroutevalidator.Test_AbaRouteValidator_08" time="0"/>
  <testcase name="testAbaNumberCheck_16785_good" classname="com.cardatechnologies.utils.validators.abaroutevalidator.Test_AbaRouteValidator_08" time="0"/>
  <testcase name="testAbaNumberCheck_15845_good" classname="com.cardatechnologies.utils.validators.abaroutevalidator.Test_AbaRouteValidator_08" time="0"/>
  <testcase name="testAbaNumberCheck_16659_good" classname="com.cardatechnologies.utils.validators.abaroutevalidator.Test_AbaRouteValidator_08" time="0"/>
  <testcase name="testAbaNumberCheck_15719_good" classname="com.cardatechnologies.utils.validators.abaroutevalidator.Test_AbaRouteValidator_08" time="0"/>
  <testcase name="testAbaNumberCheck_16690_bad" classname="com.cardatechnologies.utils.validators.abaroutevalidator.Test_AbaRouteValidator_08" time="0.001"/>
  <testcase name="testAbaNumberCheck_16692_bad" classname="com.cardatechnologies.utils.validators.abaroutevalidator.Test_AbaRouteValidator_08" time="0"/>
  <testcase name="testAbaNumberCheck_15683_good" classname="com.cardatechnologies.utils.validators.abaroutevalidator.Test_AbaRouteValidator_08" time="0"/>
  <testcase name="testAbaNumberCheck_15880_bad" classname="com.cardatechnologies.utils.validators.abaroutevalidator.Test_AbaRouteValidator_08" time="0"/>
  <testcase name="testAbaNumberCheck_16694_bad" classname="com.cardatechnologies.utils.validators.abaroutevalidator.Test_AbaRouteValidator_08" time="0"/>
  <testcase name="testAbaNumberCheck_15882_bad" classname="com.cardatechnologies.utils.validators.abaroutevalidator.Test_AbaRouteValidator_08" time="0"/>
  <testcase name="testAbaNumberCheck_16696_bad" classname="com.cardatechnologies.utils.validators.abaroutevalidator.Test_AbaRouteValidator_08" time="0"/>
  <testcase name="testAbaNumberCheck_16497_good" classname="com.cardatechnologies.utils.validators.abaroutevalidator.Test_AbaRouteValidator_08" time="0"/>
  <testcase name="testAbaNumberCheck_15557_good" classname="com.cardatechnologies.utils.validators.abaroutevalidator.Test_AbaRouteValidator_08" time="0"/>
  <testcase name="testAbaNumberCheck_15884_bad" classname="com.cardatechnologies.utils.validators.abaroutevalidator.Test_AbaRouteValidator_08" time="0"/>
  <testcase name="testAbaNumberCheck_16698_bad" classname="com.cardatechnologies.utils.validators.abaroutevalidator.Test_AbaRouteValidator_08" time="0"/>
  <testcase name="testAbaNumberCheck_15886_bad" classname="com.cardatechnologies.utils.validators.abaroutevalidator.Test_AbaRouteValidator_08" time="0"/>
  <testcase name="testAbaNumberCheck_15888_bad" classname="com.cardatechnologies.utils.validators.abaroutevalidator.Test_AbaRouteValidator_08" time="0"/>
  <testcase name="testAbaNumberCheck_15395_good" classname="com.cardatechnologies.utils.validators.abaroutevalidator.Test_AbaRouteValidator_08" time="0"/>
  <testcase name="testAbaNumberCheck_16993_good" classname="com.cardatechnologies.utils.validators.abaroutevalidator.Test_AbaRouteValidator_08" time="0"/>
  <testcase name="testAbaNumberCheck_15269_good" classname="com.cardatechnologies.utils.validators.abaroutevalidator.Test_AbaRouteValidator_08" time="0"/>
  <testcase name="testAbaNumberCheck_16867_good" classname="com.cardatechnologies.utils.validators.abaroutevalidator.Test_AbaRouteValidator_08" time="0"/>
  <testcase name="testAbaNumberCheck_15927_good" classname="com.cardatechnologies.utils.validators.abaroutevalidator.Test_AbaRouteValidator_08" time="0"/>
  <testcase name="testAbaNumberCheck_15891_good" classname="com.cardatechnologies.utils.validators.abaroutevalidator.Test_AbaRouteValidator_08" time="0"/>
  <testcase name="testAbaNumberCheck_15765_good" classname="com.cardatechnologies.utils.validators.abaroutevalidator.Test_AbaRouteValidator_08" time="0"/>
  <testcase name="testAbaNumberCheck_16579_good" classname="com.cardatechnologies.utils.validators.abaroutevalidator.Test_AbaRouteValidator_08" time="0"/>
  <testcase name="testAbaNumberCheck_15639_good" classname="com.cardatechnologies.utils.validators.abaroutevalidator.Test_AbaRouteValidator_08" time="0"/>
  <testcase name="testAbaNumberCheck_15890_bad" classname="com.cardatechnologies.utils.validators.abaroutevalidator.Test_AbaRouteValidator_08" time="0"/>
  <testcase name="testAbaNumberCheck_15892_bad" classname="com.cardatechnologies.utils.validators.abaroutevalidator.Test_AbaRouteValidator_08" time="0"/>
  <testcase name="testAbaNumberCheck_15894_bad" classname="com.cardatechnologies.utils.validators.abaroutevalidator.Test_AbaRouteValidator_08" time="0"/>
  <testcase name="testAbaNumberCheck_15896_bad" classname="com.cardatechnologies.utils.validators.abaroutevalidator.Test_AbaRouteValidator_08" time="0"/>
  <testcase name="testAbaNumberCheck_15477_good" classname="com.cardatechnologies.utils.validators.abaroutevalidator.Test_AbaRouteValidator_08" time="0"/>
  <testcase name="testAbaNumberCheck_15898_bad" classname="com.cardatechnologies.utils.validators.abaroutevalidator.Test_AbaRouteValidator_08" time="0"/>
  <testcase name="testAbaNumberCheck_16949_good" classname="com.cardatechnologies.utils.validators.abaroutevalidator.Test_AbaRouteValidator_08" time="0"/>
  <testcase name="testAbaNumberCheck_15973_good" classname="com.cardatechnologies.utils.validators.abaroutevalidator.Test_AbaRouteValidator_08" time="0"/>
  <testcase name="testAbaNumberCheck_15189_good" classname="com.cardatechnologies.utils.validators.abaroutevalidator.Test_AbaRouteValidator_08" time="0"/>
  <testcase name="testAbaNumberCheck_16787_good" classname="com.cardatechnologies.utils.validators.abaroutevalidator.Test_AbaRouteValidator_08" time="0"/>
  <testcase name="testAbaNumberCheck_15847_good" classname="com.cardatechnologies.utils.validators.abaroutevalidator.Test_AbaRouteValidator_08" time="0"/>
  <testcase name="testAbaNumberCheck_15685_good" classname="com.cardatechnologies.utils.validators.abaroutevalidator.Test_AbaRouteValidator_08" time="0"/>
  <testcase name="testAbaNumberCheck_16499_good" classname="com.cardatechnologies.utils.validators.abaroutevalidator.Test_AbaRouteValidator_08" time="0"/>
  <testcase name="testAbaNumberCheck_15559_good" classname="com.cardatechnologies.utils.validators.abaroutevalidator.Test_AbaRouteValidator_08" time="0"/>
  <testcase name="testAbaNumberCheck_15397_good" classname="com.cardatechnologies.utils.validators.abaroutevalidator.Test_AbaRouteValidator_08" time="0"/>
  <testcase name="testAbaNumberCheck_16995_good" classname="com.cardatechnologies.utils.validators.abaroutevalidator.Test_AbaRouteValidator_08" time="0"/>
  <testcase name="testAbaNumberCheck_16869_good" classname="com.cardatechnologies.utils.validators.abaroutevalidator.Test_AbaRouteValidator_08" time="0"/>
  <testcase name="testAbaNumberCheck_15929_good" classname="com.cardatechnologies.utils.validators.abaroutevalidator.Test_AbaRouteValidator_08" time="0"/>
  <testcase name="testAbaNumberCheck_15893_good" classname="com.cardatechnologies.utils.validators.abaroutevalidator.Test_AbaRouteValidator_08" time="0"/>
  <testcase name="testAbaNumberCheck_15767_good" classname="com.cardatechnologies.utils.validators.abaroutevalidator.Test_AbaRouteValidator_08" time="0"/>
  <testcase name="testAbaNumberCheck_15479_good" classname="com.cardatechnologies.utils.validators.abaroutevalidator.Test_AbaRouteValidator_08" time="0"/>
  <testcase name="testAbaNumberCheck_15975_good" classname="com.cardatechnologies.utils.validators.abaroutevalidator.Test_AbaRouteValidator_08" time="0"/>
  <testcase name="testAbaNumberCheck_16789_good" classname="com.cardatechnologies.utils.validators.abaroutevalidator.Test_AbaRouteValidator_08" time="0"/>
  <testcase name="testAbaNumberCheck_15849_good" classname="com.cardatechnologies.utils.validators.abaroutevalidator.Test_AbaRouteValidator_08" time="0"/>
  <testcase name="testAbaNumberCheck_15687_good" classname="com.cardatechnologies.utils.validators.abaroutevalidator.Test_AbaRouteValidator_08" time="0"/>
  <testcase name="testAbaNumberCheck_15399_good" classname="com.cardatechnologies.utils.validators.abaroutevalidator.Test_AbaRouteValidator_08" time="0"/>
  <testcase name="testAbaNumberCheck_16997_good" classname="com.cardatechnologies.utils.validators.abaroutevalidator.Test_AbaRouteValidator_08" time="0"/>
  <testcase name="testAbaNumberCheck_15895_good" classname="com.cardatechnologies.utils.validators.abaroutevalidator.Test_AbaRouteValidator_08" time="0"/>
  <testcase name="testAbaNumberCheck_15769_good" classname="com.cardatechnologies.utils.validators.abaroutevalidator.Test_AbaRouteValidator_08" time="0"/>
  <testcase name="testAbaNumberCheck_15977_good" classname="com.cardatechnologies.utils.validators.abaroutevalidator.Test_AbaRouteValidator_08" time="0"/>
  <testcase name="testAbaNumberCheck_15689_good" classname="com.cardatechnologies.utils.validators.abaroutevalidator.Test_AbaRouteValidator_08" time="0"/>
  <testcase name="testAbaNumberCheck_16999_good" classname="com.cardatechnologies.utils.validators.abaroutevalidator.Test_AbaRouteValidator_08" time="0"/>
  <testcase name="testAbaNumberCheck_15897_good" classname="com.cardatechnologies.utils.validators.abaroutevalidator.Test_AbaRouteValidator_08" time="0"/>
  <testcase name="testAbaNumberCheck_15979_good" classname="com.cardatechnologies.utils.validators.abaroutevalidator.Test_AbaRouteValidator_08" time="0"/>
  <testcase name="testAbaNumberCheck_17001_good" classname="com.cardatechnologies.utils.validators.abaroutevalidator.Test_AbaRouteValidator_08" time="0"/>
  <testcase name="testAbaNumberCheck_15899_good" classname="com.cardatechnologies.utils.validators.abaroutevalidator.Test_AbaRouteValidator_08" time="0"/>
  <testcase name="testAbaNumberCheck_17003_good" classname="com.cardatechnologies.utils.validators.abaroutevalidator.Test_AbaRouteValidator_08" time="0"/>
  <testcase name="testAbaNumberCheck_17211_good" classname="com.cardatechnologies.utils.validators.abaroutevalidator.Test_AbaRouteValidator_08" time="0"/>
  <testcase name="testAbaNumberCheck_17131_good" classname="com.cardatechnologies.utils.validators.abaroutevalidator.Test_AbaRouteValidator_08" time="0"/>
  <testcase name="testAbaNumberCheck_17005_good" classname="com.cardatechnologies.utils.validators.abaroutevalidator.Test_AbaRouteValidator_08" time="0"/>
  <testcase name="testAbaNumberCheck_17501_good" classname="com.cardatechnologies.utils.validators.abaroutevalidator.Test_AbaRouteValidator_08" time="0"/>
  <testcase name="testAbaNumberCheck_17213_good" classname="com.cardatechnologies.utils.validators.abaroutevalidator.Test_AbaRouteValidator_08" time="0"/>
  <testcase name="testAbaNumberCheck_17051_good" classname="com.cardatechnologies.utils.validators.abaroutevalidator.Test_AbaRouteValidator_08" time="0"/>
  <testcase name="testAbaNumberCheck_16111_good" classname="com.cardatechnologies.utils.validators.abaroutevalidator.Test_AbaRouteValidator_08" time="0"/>
  <testcase name="testAbaNumberCheck_17421_good" classname="com.cardatechnologies.utils.validators.abaroutevalidator.Test_AbaRouteValidator_08" time="0"/>
  <testcase name="testAbaNumberCheck_17133_good" classname="com.cardatechnologies.utils.validators.abaroutevalidator.Test_AbaRouteValidator_08" time="0"/>
  <testcase name="testAbaNumberCheck_17007_good" classname="com.cardatechnologies.utils.validators.abaroutevalidator.Test_AbaRouteValidator_08" time="0"/>
  <testcase name="testAbaNumberCheck_16031_good" classname="com.cardatechnologies.utils.validators.abaroutevalidator.Test_AbaRouteValidator_08" time="0"/>
  <testcase name="testAbaNumberCheck_17503_good" classname="com.cardatechnologies.utils.validators.abaroutevalidator.Test_AbaRouteValidator_08" time="0"/>
  <testcase name="testAbaNumberCheck_17341_good" classname="com.cardatechnologies.utils.validators.abaroutevalidator.Test_AbaRouteValidator_08" time="0"/>
  <testcase name="testAbaNumberCheck_16401_good" classname="com.cardatechnologies.utils.validators.abaroutevalidator.Test_AbaRouteValidator_08" time="0"/>
  <testcase name="testAbaNumberCheck_17215_good" classname="com.cardatechnologies.utils.validators.abaroutevalidator.Test_AbaRouteValidator_08" time="0"/>
  <testcase name="testAbaNumberCheck_17053_good" classname="com.cardatechnologies.utils.validators.abaroutevalidator.Test_AbaRouteValidator_08" time="0"/>
  <testcase name="testAbaNumberCheck_16113_good" classname="com.cardatechnologies.utils.validators.abaroutevalidator.Test_AbaRouteValidator_08" time="0"/>
  <testcase name="testAbaNumberCheck_17000_bad" classname="com.cardatechnologies.utils.validators.abaroutevalidator.Test_AbaRouteValidator_08" time="0"/>
  <testcase name="testAbaNumberCheck_15011_good" classname="com.cardatechnologies.utils.validators.abaroutevalidator.Test_AbaRouteValidator_08" time="0"/>
  <testcase name="testAbaNumberCheck_17002_bad" classname="com.cardatechnologies.utils.validators.abaroutevalidator.Test_AbaRouteValidator_08" time="0"/>
  <testcase name="testAbaNumberCheck_17004_bad" classname="com.cardatechnologies.utils.validators.abaroutevalidator.Test_AbaRouteValidator_08" time="0"/>
  <testcase name="testAbaNumberCheck_17006_bad" classname="com.cardatechnologies.utils.validators.abaroutevalidator.Test_AbaRouteValidator_08" time="0"/>
  <testcase name="testAbaNumberCheck_17423_good" classname="com.cardatechnologies.utils.validators.abaroutevalidator.Test_AbaRouteValidator_08" time="0"/>
  <testcase name="testAbaNumberCheck_17008_bad" classname="com.cardatechnologies.utils.validators.abaroutevalidator.Test_AbaRouteValidator_08" time="0"/>
  <testcase name="testAbaNumberCheck_17261_good" classname="com.cardatechnologies.utils.validators.abaroutevalidator.Test_AbaRouteValidator_08" time="0"/>
  <testcase name="testAbaNumberCheck_16321_good" classname="com.cardatechnologies.utils.validators.abaroutevalidator.Test_AbaRouteValidator_08" time="0"/>
  <testcase name="testAbaNumberCheck_17135_good" classname="com.cardatechnologies.utils.validators.abaroutevalidator.Test_AbaRouteValidator_08" time="0"/>
  <testcase name="testAbaNumberCheck_17009_good" classname="com.cardatechnologies.utils.validators.abaroutevalidator.Test_AbaRouteValidator_08" time="0"/>
  <testcase name="testAbaNumberCheck_16033_good" classname="com.cardatechnologies.utils.validators.abaroutevalidator.Test_AbaRouteValidator_08" time="0"/>
  <testcase name="testAbaNumberCheck_17010_bad" classname="com.cardatechnologies.utils.validators.abaroutevalidator.Test_AbaRouteValidator_08" time="0"/>
  <testcase name="testAbaNumberCheck_17012_bad" classname="com.cardatechnologies.utils.validators.abaroutevalidator.Test_AbaRouteValidator_08" time="0"/>
  <testcase name="testAbaNumberCheck_17505_good" classname="com.cardatechnologies.utils.validators.abaroutevalidator.Test_AbaRouteValidator_08" time="0"/>
  <testcase name="testAbaNumberCheck_16200_bad" classname="com.cardatechnologies.utils.validators.abaroutevalidator.Test_AbaRouteValidator_08" time="0"/>
  <testcase name="testAbaNumberCheck_17014_bad" classname="com.cardatechnologies.utils.validators.abaroutevalidator.Test_AbaRouteValidator_08" time="0"/>
  <testcase name="testAbaNumberCheck_16202_bad" classname="com.cardatechnologies.utils.validators.abaroutevalidator.Test_AbaRouteValidator_08" time="0"/>
  <testcase name="testAbaNumberCheck_17016_bad" classname="com.cardatechnologies.utils.validators.abaroutevalidator.Test_AbaRouteValidator_08" time="0"/>
  <testcase name="testAbaNumberCheck_16204_bad" classname="com.cardatechnologies.utils.validators.abaroutevalidator.Test_AbaRouteValidator_08" time="0"/>
  <testcase name="testAbaNumberCheck_17018_bad" classname="com.cardatechnologies.utils.validators.abaroutevalidator.Test_AbaRouteValidator_08" time="0"/>
  <testcase name="testAbaNumberCheck_16206_bad" classname="com.cardatechnologies.utils.validators.abaroutevalidator.Test_AbaRouteValidator_08" time="0"/>
  <testcase name="testAbaNumberCheck_17343_good" classname="com.cardatechnologies.utils.validators.abaroutevalidator.Test_AbaRouteValidator_08" time="0"/>
  <testcase name="testAbaNumberCheck_16403_good" classname="com.cardatechnologies.utils.validators.abaroutevalidator.Test_AbaRouteValidator_08" time="0"/>
  <testcase name="testAbaNumberCheck_16208_bad" classname="com.cardatechnologies.utils.validators.abaroutevalidator.Test_AbaRouteValidator_08" time="0"/>
  <testcase name="testAbaNumberCheck_17217_good" classname="com.cardatechnologies.utils.validators.abaroutevalidator.Test_AbaRouteValidator_08" time="0"/>
  <testcase name="testAbaNumberCheck_17181_good" classname="com.cardatechnologies.utils.validators.abaroutevalidator.Test_AbaRouteValidator_08" time="0"/>
  <testcase name="testAbaNumberCheck_16241_good" classname="com.cardatechnologies.utils.validators.abaroutevalidator.Test_AbaRouteValidator_08" time="0"/>
  <testcase name="testAbaNumberCheck_15301_good" classname="com.cardatechnologies.utils.validators.abaroutevalidator.Test_AbaRouteValidator_08" time="0"/>
  <testcase name="testAbaNumberCheck_17055_good" classname="com.cardatechnologies.utils.validators.abaroutevalidator.Test_AbaRouteValidator_08" time="0"/>
  <testcase name="testAbaNumberCheck_16115_good" classname="com.cardatechnologies.utils.validators.abaroutevalidator.Test_AbaRouteValidator_08" time="0"/>
  <testcase name="testAbaNumberCheck_17020_bad" classname="com.cardatechnologies.utils.validators.abaroutevalidator.Test_AbaRouteValidator_08" time="0"/>
  <testcase name="testAbaNumberCheck_15013_good" classname="com.cardatechnologies.utils.validators.abaroutevalidator.Test_AbaRouteValidator_08" time="0"/>
  <testcase name="testAbaNumberCheck_17022_bad" classname="com.cardatechnologies.utils.validators.abaroutevalidator.Test_AbaRouteValidator_08" time="0"/>
  <testcase name="testAbaNumberCheck_16611_good" classname="com.cardatechnologies.utils.validators.abaroutevalidator.Test_AbaRouteValidator_08" time="0"/>
  <testcase name="testAbaNumberCheck_16210_bad" classname="com.cardatechnologies.utils.validators.abaroutevalidator.Test_AbaRouteValidator_08" time="0"/>
  <testcase name="testAbaNumberCheck_17024_bad" classname="com.cardatechnologies.utils.validators.abaroutevalidator.Test_AbaRouteValidator_08" time="0"/>
  <testcase name="testAbaNumberCheck_16212_bad" classname="com.cardatechnologies.utils.validators.abaroutevalidator.Test_AbaRouteValidator_08" time="0"/>
  <testcase name="testAbaNumberCheck_17026_bad" classname="com.cardatechnologies.utils.validators.abaroutevalidator.Test_AbaRouteValidator_08" time="0"/>
  <testcase name="testAbaNumberCheck_17425_good" classname="com.cardatechnologies.utils.validators.abaroutevalidator.Test_AbaRouteValidator_08" time="0"/>
  <testcase name="testAbaNumberCheck_15400_bad" classname="com.cardatechnologies.utils.validators.abaroutevalidator.Test_AbaRouteValidator_08" time="0"/>
  <testcase name="testAbaNumberCheck_16214_bad" classname="com.cardatechnologies.utils.validators.abaroutevalidator.Test_AbaRouteValidator_08" time="0"/>
  <testcase name="testAbaNumberCheck_17028_bad" classname="com.cardatechnologies.utils.validators.abaroutevalidator.Test_AbaRouteValidator_08" time="0"/>
  <testcase name="testAbaNumberCheck_15402_bad" classname="com.cardatechnologies.utils.validators.abaroutevalidator.Test_AbaRouteValidator_08" time="0"/>
  <testcase name="testAbaNumberCheck_16216_bad" classname="com.cardatechnologies.utils.validators.abaroutevalidator.Test_AbaRouteValidator_08" time="0"/>
  <testcase name="testAbaNumberCheck_15404_bad" classname="com.cardatechnologies.utils.validators.abaroutevalidator.Test_AbaRouteValidator_08" time="0"/>
  <testcase name="testAbaNumberCheck_16218_bad" classname="com.cardatechnologies.utils.validators.abaroutevalidator.Test_AbaRouteValidator_08" time="0"/>
  <testcase name="testAbaNumberCheck_15406_bad" classname="com.cardatechnologies.utils.validators.abaroutevalidator.Test_AbaRouteValidator_08" time="0"/>
  <testcase name="testAbaNumberCheck_17263_good" classname="com.cardatechnologies.utils.validators.abaroutevalidator.Test_AbaRouteValidator_08" time="0"/>
  <testcase name="testAbaNumberCheck_16323_good" classname="com.cardatechnologies.utils.validators.abaroutevalidator.Test_AbaRouteValidator_08" time="0"/>
  <testcase name="testAbaNumberCheck_15408_bad" classname="com.cardatechnologies.utils.validators.abaroutevalidator.Test_AbaRouteValidator_08" time="0"/>
  <testcase name="testAbaNumberCheck_17137_good" classname="com.cardatechnologies.utils.validators.abaroutevalidator.Test_AbaRouteValidator_08" time="0"/>
  <testcase name="testAbaNumberCheck_16161_good" classname="com.cardatechnologies.utils.validators.abaroutevalidator.Test_AbaRouteValidator_08" time="0"/>
  <testcase name="testAbaNumberCheck_15221_good" classname="com.cardatechnologies.utils.validators.abaroutevalidator.Test_AbaRouteValidator_08" time="0"/>
  <testcase name="testAbaNumberCheck_16035_good" classname="com.cardatechnologies.utils.validators.abaroutevalidator.Test_AbaRouteValidator_08" time="0"/>
  <testcase name="testAbaNumberCheck_17030_bad" classname="com.cardatechnologies.utils.validators.abaroutevalidator.Test_AbaRouteValidator_08" time="0"/>
  <testcase name="testAbaNumberCheck_17032_bad" classname="com.cardatechnologies.utils.validators.abaroutevalidator.Test_AbaRouteValidator_08" time="0"/>
  <testcase name="testAbaNumberCheck_17507_good" classname="com.cardatechnologies.utils.validators.abaroutevalidator.Test_AbaRouteValidator_08" time="0"/>
  <testcase name="testAbaNumberCheck_16220_bad" classname="com.cardatechnologies.utils.validators.abaroutevalidator.Test_AbaRouteValidator_08" time="0"/>
  <testcase name="testAbaNumberCheck_17034_bad" classname="com.cardatechnologies.utils.validators.abaroutevalidator.Test_AbaRouteValidator_08" time="0"/>
  <testcase name="testAbaNumberCheck_16222_bad" classname="com.cardatechnologies.utils.validators.abaroutevalidator.Test_AbaRouteValidator_08" time="0"/>
  <testcase name="testAbaNumberCheck_17036_bad" classname="com.cardatechnologies.utils.validators.abaroutevalidator.Test_AbaRouteValidator_08" time="0"/>
  <testcase name="testAbaNumberCheck_17471_good" classname="com.cardatechnologies.utils.validators.abaroutevalidator.Test_AbaRouteValidator_08" time="0"/>
  <testcase name="testAbaNumberCheck_16531_good" classname="com.cardatechnologies.utils.validators.abaroutevalidator.Test_AbaRouteValidator_08" time="0"/>
  <testcase name="testAbaNumberCheck_15410_bad" classname="com.cardatechnologies.utils.validators.abaroutevalidator.Test_AbaRouteValidator_08" time="0"/>
  <testcase name="testAbaNumberCheck_16224_bad" classname="com.cardatechnologies.utils.validators.abaroutevalidator.Test_AbaRouteValidator_08" time="0"/>
  <testcase name="testAbaNumberCheck_17038_bad" classname="com.cardatechnologies.utils.validators.abaroutevalidator.Test_AbaRouteValidator_08" time="0"/>
  <testcase name="testAbaNumberCheck_15412_bad" classname="com.cardatechnologies.utils.validators.abaroutevalidator.Test_AbaRouteValidator_08" time="0"/>
  <testcase name="testAbaNumberCheck_16226_bad" classname="com.cardatechnologies.utils.validators.abaroutevalidator.Test_AbaRouteValidator_08" time="0"/>
  <testcase name="testAbaNumberCheck_17345_good" classname="com.cardatechnologies.utils.validators.abaroutevalidator.Test_AbaRouteValidator_08" time="0"/>
  <testcase name="testAbaNumberCheck_16405_good" classname="com.cardatechnologies.utils.validators.abaroutevalidator.Test_AbaRouteValidator_08" time="0"/>
  <testcase name="testAbaNumberCheck_15414_bad" classname="com.cardatechnologies.utils.validators.abaroutevalidator.Test_AbaRouteValidator_08" time="0"/>
  <testcase name="testAbaNumberCheck_16228_bad" classname="com.cardatechnologies.utils.validators.abaroutevalidator.Test_AbaRouteValidator_08" time="0"/>
  <testcase name="testAbaNumberCheck_15416_bad" classname="com.cardatechnologies.utils.validators.abaroutevalidator.Test_AbaRouteValidator_08" time="0"/>
  <testcase name="testAbaNumberCheck_17219_good" classname="com.cardatechnologies.utils.validators.abaroutevalidator.Test_AbaRouteValidator_08" time="0"/>
  <testcase name="testAbaNumberCheck_15418_bad" classname="com.cardatechnologies.utils.validators.abaroutevalidator.Test_AbaRouteValidator_08" time="0"/>
  <testcase name="testAbaNumberCheck_17183_good" classname="com.cardatechnologies.utils.validators.abaroutevalidator.Test_AbaRouteValidator_08" time="0"/>
  <testcase name="testAbaNumberCheck_16243_good" classname="com.cardatechnologies.utils.validators.abaroutevalidator.Test_AbaRouteValidator_08" time="0"/>
  <testcase name="testAbaNumberCheck_15303_good" classname="com.cardatechnologies.utils.validators.abaroutevalidator.Test_AbaRouteValidator_08" time="0"/>
  <testcase name="testAbaNumberCheck_16901_good" classname="com.cardatechnologies.utils.validators.abaroutevalidator.Test_AbaRouteValidator_08" time="0"/>
  <testcase name="testAbaNumberCheck_17057_good" classname="com.cardatechnologies.utils.validators.abaroutevalidator.Test_AbaRouteValidator_08" time="0"/>
  <testcase name="testAbaNumberCheck_16117_good" classname="com.cardatechnologies.utils.validators.abaroutevalidator.Test_AbaRouteValidator_08" time="0"/>
  <testcase name="testAbaNumberCheck_16081_good" classname="com.cardatechnologies.utils.validators.abaroutevalidator.Test_AbaRouteValidator_08" time="0"/>
  <testcase name="testAbaNumberCheck_15141_good" classname="com.cardatechnologies.utils.validators.abaroutevalidator.Test_AbaRouteValidator_08" time="0"/>
  <testcase name="testAbaNumberCheck_17040_bad" classname="com.cardatechnologies.utils.validators.abaroutevalidator.Test_AbaRouteValidator_08" time="0"/>
  <testcase name="testAbaNumberCheck_15015_good" classname="com.cardatechnologies.utils.validators.abaroutevalidator.Test_AbaRouteValidator_08" time="0"/>
  <testcase name="testAbaNumberCheck_17042_bad" classname="com.cardatechnologies.utils.validators.abaroutevalidator.Test_AbaRouteValidator_08" time="0"/>
  <testcase name="testAbaNumberCheck_16613_good" classname="com.cardatechnologies.utils.validators.abaroutevalidator.Test_AbaRouteValidator_08" time="0"/>
  <testcase name="testAbaNumberCheck_16230_bad" classname="com.cardatechnologies.utils.validators.abaroutevalidator.Test_AbaRouteValidator_08" time="0"/>
  <testcase name="testAbaNumberCheck_17044_bad" classname="com.cardatechnologies.utils.validators.abaroutevalidator.Test_AbaRouteValidator_08" time="0"/>
  <testcase name="testAbaNumberCheck_16232_bad" classname="com.cardatechnologies.utils.validators.abaroutevalidator.Test_AbaRouteValidator_08" time="0"/>
  <testcase name="testAbaNumberCheck_17046_bad" classname="com.cardatechnologies.utils.validators.abaroutevalidator.Test_AbaRouteValidator_08" time="0"/>
  <testcase name="testAbaNumberCheck_17427_good" classname="com.cardatechnologies.utils.validators.abaroutevalidator.Test_AbaRouteValidator_08" time="0"/>
  <testcase name="testAbaNumberCheck_15420_bad" classname="com.cardatechnologies.utils.validators.abaroutevalidator.Test_AbaRouteValidator_08" time="0"/>
  <testcase name="testAbaNumberCheck_16234_bad" classname="com.cardatechnologies.utils.validators.abaroutevalidator.Test_AbaRouteValidator_08" time="0"/>
  <testcase name="testAbaNumberCheck_17048_bad" classname="com.cardatechnologies.utils.validators.abaroutevalidator.Test_AbaRouteValidator_08" time="0"/>
  <testcase name="testAbaNumberCheck_15422_bad" classname="com.cardatechnologies.utils.validators.abaroutevalidator.Test_AbaRouteValidator_08" time="0"/>
  <testcase name="testAbaNumberCheck_16236_bad" classname="com.cardatechnologies.utils.validators.abaroutevalidator.Test_AbaRouteValidator_08" time="0"/>
  <testcase name="testAbaNumberCheck_17391_good" classname="com.cardatechnologies.utils.validators.abaroutevalidator.Test_AbaRouteValidator_08" time="0"/>
  <testcase name="testAbaNumberCheck_16451_good" classname="com.cardatechnologies.utils.validators.abaroutevalidator.Test_AbaRouteValidator_08" time="0"/>
  <testcase name="testAbaNumberCheck_15511_good" classname="com.cardatechnologies.utils.validators.abaroutevalidator.Test_AbaRouteValidator_08" time="0"/>
  <testcase name="testAbaNumberCheck_15424_bad" classname="com.cardatechnologies.utils.validators.abaroutevalidator.Test_AbaRouteValidator_08" time="0"/>
  <testcase name="testAbaNumberCheck_16238_bad" classname="com.cardatechnologies.utils.validators.abaroutevalidator.Test_AbaRouteValidator_08" time="0"/>
  <testcase name="testAbaNumberCheck_15426_bad" classname="com.cardatechnologies.utils.validators.abaroutevalidator.Test_AbaRouteValidator_08" time="0"/>
  <testcase name="testAbaNumberCheck_17265_good" classname="com.cardatechnologies.utils.validators.abaroutevalidator.Test_AbaRouteValidator_08" time="0"/>
  <testcase name="testAbaNumberCheck_16325_good" classname="com.cardatechnologies.utils.validators.abaroutevalidator.Test_AbaRouteValidator_08" time="0"/>
  <testcase name="testAbaNumberCheck_15428_bad" classname="com.cardatechnologies.utils.validators.abaroutevalidator.Test_AbaRouteValidator_08" time="0"/>
  <testcase name="testAbaNumberCheck_17139_good" classname="com.cardatechnologies.utils.validators.abaroutevalidator.Test_AbaRouteValidator_08" time="0"/>
  <testcase name="testAbaNumberCheck_16163_good" classname="com.cardatechnologies.utils.validators.abaroutevalidator.Test_AbaRouteValidator_08" time="0"/>
  <testcase name="testAbaNumberCheck_15223_good" classname="com.cardatechnologies.utils.validators.abaroutevalidator.Test_AbaRouteValidator_08" time="0"/>
  <testcase name="testAbaNumberCheck_16821_good" classname="com.cardatechnologies.utils.validators.abaroutevalidator.Test_AbaRouteValidator_08" time="0"/>
  <testcase name="testAbaNumberCheck_16037_good" classname="com.cardatechnologies.utils.validators.abaroutevalidator.Test_AbaRouteValidator_08" time="0"/>
  <testcase name="testAbaNumberCheck_17500_bad" classname="com.cardatechnologies.utils.validators.abaroutevalidator.Test_AbaRouteValidator_08" time="0"/>
  <testcase name="testAbaNumberCheck_15061_good" classname="com.cardatechnologies.utils.validators.abaroutevalidator.Test_AbaRouteValidator_08" time="0"/>
  <testcase name="testAbaNumberCheck_17050_bad" classname="com.cardatechnologies.utils.validators.abaroutevalidator.Test_AbaRouteValidator_08" time="0"/>
  <testcase name="testAbaNumberCheck_17502_bad" classname="com.cardatechnologies.utils.validators.abaroutevalidator.Test_AbaRouteValidator_08" time="0"/>
  <testcase name="testAbaNumberCheck_17052_bad" classname="com.cardatechnologies.utils.validators.abaroutevalidator.Test_AbaRouteValidator_08" time="0"/>
  <testcase name="testAbaNumberCheck_17509_good" classname="com.cardatechnologies.utils.validators.abaroutevalidator.Test_AbaRouteValidator_08" time="0"/>
  <testcase name="testAbaNumberCheck_17504_bad" classname="com.cardatechnologies.utils.validators.abaroutevalidator.Test_AbaRouteValidator_08" time="0"/>
  <testcase name="testAbaNumberCheck_16240_bad" classname="com.cardatechnologies.utils.validators.abaroutevalidator.Test_AbaRouteValidator_08" time="0"/>
  <testcase name="testAbaNumberCheck_17054_bad" classname="com.cardatechnologies.utils.validators.abaroutevalidator.Test_AbaRouteValidator_08" time="0"/>
  <testcase name="testAbaNumberCheck_17506_bad" classname="com.cardatechnologies.utils.validators.abaroutevalidator.Test_AbaRouteValidator_08" time="0"/>
  <testcase name="testAbaNumberCheck_16242_bad" classname="com.cardatechnologies.utils.validators.abaroutevalidator.Test_AbaRouteValidator_08" time="0"/>
  <testcase name="testAbaNumberCheck_17056_bad" classname="com.cardatechnologies.utils.validators.abaroutevalidator.Test_AbaRouteValidator_08" time="0"/>
  <testcase name="testAbaNumberCheck_17473_good" classname="com.cardatechnologies.utils.validators.abaroutevalidator.Test_AbaRouteValidator_08" time="0"/>
  <testcase name="testAbaNumberCheck_16533_good" classname="com.cardatechnologies.utils.validators.abaroutevalidator.Test_AbaRouteValidator_08" time="0"/>
  <testcase name="testAbaNumberCheck_17508_bad" classname="com.cardatechnologies.utils.validators.abaroutevalidator.Test_AbaRouteValidator_08" time="0"/>
  <testcase name="testAbaNumberCheck_15430_bad" classname="com.cardatechnologies.utils.validators.abaroutevalidator.Test_AbaRouteValidator_08" time="0"/>
  <testcase name="testAbaNumberCheck_16244_bad" classname="com.cardatechnologies.utils.validators.abaroutevalidator.Test_AbaRouteValidator_08" time="0"/>
  <testcase name="testAbaNumberCheck_17058_bad" classname="com.cardatechnologies.utils.validators.abaroutevalidator.Test_AbaRouteValidator_08" time="0"/>
  <testcase name="testAbaNumberCheck_15432_bad" classname="com.cardatechnologies.utils.validators.abaroutevalidator.Test_AbaRouteValidator_08" time="0"/>
  <testcase name="testAbaNumberCheck_16246_bad" classname="com.cardatechnologies.utils.validators.abaroutevalidator.Test_AbaRouteValidator_08" time="0"/>
  <testcase name="testAbaNumberCheck_17347_good" classname="com.cardatechnologies.utils.validators.abaroutevalidator.Test_AbaRouteValidator_08" time="0"/>
  <testcase name="testAbaNumberCheck_16407_good" classname="com.cardatechnologies.utils.validators.abaroutevalidator.Test_AbaRouteValidator_08" time="0"/>
  <testcase name="testAbaNumberCheck_15434_bad" classname="com.cardatechnologies.utils.validators.abaroutevalidator.Test_AbaRouteValidator_08" time="0"/>
  <testcase name="testAbaNumberCheck_16248_bad" classname="com.cardatechnologies.utils.validators.abaroutevalidator.Test_AbaRouteValidator_08" time="0"/>
  <testcase name="testAbaNumberCheck_15436_bad" classname="com.cardatechnologies.utils.validators.abaroutevalidator.Test_AbaRouteValidator_08" time="0"/>
  <testcase name="testAbaNumberCheck_16371_good" classname="com.cardatechnologies.utils.validators.abaroutevalidator.Test_AbaRouteValidator_08" time="0"/>
  <testcase name="testAbaNumberCheck_15431_good" classname="com.cardatechnologies.utils.validators.abaroutevalidator.Test_AbaRouteValidator_08" time="0"/>
  <testcase name="testAbaNumberCheck_15438_bad" classname="com.cardatechnologies.utils.validators.abaroutevalidator.Test_AbaRouteValidator_08" time="0"/>
  <testcase name="testAbaNumberCheck_17185_good" classname="com.cardatechnologies.utils.validators.abaroutevalidator.Test_AbaRouteValidator_08" time="0"/>
  <testcase name="testAbaNumberCheck_16245_good" classname="com.cardatechnologies.utils.validators.abaroutevalidator.Test_AbaRouteValidator_08" time="0"/>
  <testcase name="testAbaNumberCheck_15305_good" classname="com.cardatechnologies.utils.validators.abaroutevalidator.Test_AbaRouteValidator_08" time="0"/>
  <testcase name="testAbaNumberCheck_16903_good" classname="com.cardatechnologies.utils.validators.abaroutevalidator.Test_AbaRouteValidator_08" time="0"/>
  <testcase name="testAbaNumberCheck_17059_good" classname="com.cardatechnologies.utils.validators.abaroutevalidator.Test_AbaRouteValidator_08" time="0"/>
  <testcase name="testAbaNumberCheck_16119_good" classname="com.cardatechnologies.utils.validators.abaroutevalidator.Test_AbaRouteValidator_08" time="0"/>
  <testcase name="testAbaNumberCheck_16083_good" classname="com.cardatechnologies.utils.validators.abaroutevalidator.Test_AbaRouteValidator_08" time="0"/>
  <testcase name="testAbaNumberCheck_15143_good" classname="com.cardatechnologies.utils.validators.abaroutevalidator.Test_AbaRouteValidator_08" time="0"/>
  <testcase name="testAbaNumberCheck_16741_good" classname="com.cardatechnologies.utils.validators.abaroutevalidator.Test_AbaRouteValidator_08" time="0"/>
  <testcase name="testAbaNumberCheck_15801_good" classname="com.cardatechnologies.utils.validators.abaroutevalidator.Test_AbaRouteValidator_08" time="0"/>
  <testcase name="testAbaNumberCheck_17510_bad" classname="com.cardatechnologies.utils.validators.abaroutevalidator.Test_AbaRouteValidator_08" time="0"/>
  <testcase name="testAbaNumberCheck_17060_bad" classname="com.cardatechnologies.utils.validators.abaroutevalidator.Test_AbaRouteValidator_08" time="0"/>
  <testcase name="testAbaNumberCheck_15017_good" classname="com.cardatechnologies.utils.validators.abaroutevalidator.Test_AbaRouteValidator_08" time="0"/>
  <testcase name="testAbaNumberCheck_17512_bad" classname="com.cardatechnologies.utils.validators.abaroutevalidator.Test_AbaRouteValidator_08" time="0"/>
  <testcase name="testAbaNumberCheck_17062_bad" classname="com.cardatechnologies.utils.validators.abaroutevalidator.Test_AbaRouteValidator_08" time="0"/>
  <testcase name="testAbaNumberCheck_16615_good" classname="com.cardatechnologies.utils.validators.abaroutevalidator.Test_AbaRouteValidator_08" time="0"/>
  <testcase name="testAbaNumberCheck_16700_bad" classname="com.cardatechnologies.utils.validators.abaroutevalidator.Test_AbaRouteValidator_08" time="0"/>
  <testcase name="testAbaNumberCheck_17514_bad" classname="com.cardatechnologies.utils.validators.abaroutevalidator.Test_AbaRouteValidator_08" time="0"/>
  <testcase name="testAbaNumberCheck_16250_bad" classname="com.cardatechnologies.utils.validators.abaroutevalidator.Test_AbaRouteValidator_08" time="0"/>
  <testcase name="testAbaNumberCheck_17064_bad" classname="com.cardatechnologies.utils.validators.abaroutevalidator.Test_AbaRouteValidator_08" time="0"/>
  <testcase name="testAbaNumberCheck_16702_bad" classname="com.cardatechnologies.utils.validators.abaroutevalidator.Test_AbaRouteValidator_08" time="0"/>
  <testcase name="testAbaNumberCheck_17516_bad" classname="com.cardatechnologies.utils.validators.abaroutevalidator.Test_AbaRouteValidator_08" time="0"/>
  <testcase name="testAbaNumberCheck_16252_bad" classname="com.cardatechnologies.utils.validators.abaroutevalidator.Test_AbaRouteValidator_08" time="0"/>
  <testcase name="testAbaNumberCheck_17066_bad" classname="com.cardatechnologies.utils.validators.abaroutevalidator.Test_AbaRouteValidator_08" time="0"/>
  <testcase name="testAbaNumberCheck_17429_good" classname="com.cardatechnologies.utils.validators.abaroutevalidator.Test_AbaRouteValidator_08" time="0"/>
  <testcase name="testAbaNumberCheck_16704_bad" classname="com.cardatechnologies.utils.validators.abaroutevalidator.Test_AbaRouteValidator_08" time="0"/>
  <testcase name="testAbaNumberCheck_17518_bad" classname="com.cardatechnologies.utils.validators.abaroutevalidator.Test_AbaRouteValidator_08" time="0"/>
  <testcase name="testAbaNumberCheck_15440_bad" classname="com.cardatechnologies.utils.validators.abaroutevalidator.Test_AbaRouteValidator_08" time="0"/>
  <testcase name="testAbaNumberCheck_16254_bad" classname="com.cardatechnologies.utils.validators.abaroutevalidator.Test_AbaRouteValidator_08" time="0"/>
  <testcase name="testAbaNumberCheck_17068_bad" classname="com.cardatechnologies.utils.validators.abaroutevalidator.Test_AbaRouteValidator_08" time="0"/>
  <testcase name="testAbaNumberCheck_16706_bad" classname="com.cardatechnologies.utils.validators.abaroutevalidator.Test_AbaRouteValidator_08" time="0"/>
  <testcase name="testAbaNumberCheck_15442_bad" classname="com.cardatechnologies.utils.validators.abaroutevalidator.Test_AbaRouteValidator_08" time="0"/>
  <testcase name="testAbaNumberCheck_16256_bad" classname="com.cardatechnologies.utils.validators.abaroutevalidator.Test_AbaRouteValidator_08" time="0"/>
  <testcase name="testAbaNumberCheck_17393_good" classname="com.cardatechnologies.utils.validators.abaroutevalidator.Test_AbaRouteValidator_08" time="0"/>
  <testcase name="testAbaNumberCheck_16453_good" classname="com.cardatechnologies.utils.validators.abaroutevalidator.Test_AbaRouteValidator_08" time="0"/>
  <testcase name="testAbaNumberCheck_15513_good" classname="com.cardatechnologies.utils.validators.abaroutevalidator.Test_AbaRouteValidator_08" time="0"/>
  <testcase name="testAbaNumberCheck_16708_bad" classname="com.cardatechnologies.utils.validators.abaroutevalidator.Test_AbaRouteValidator_08" time="0"/>
  <testcase name="testAbaNumberCheck_15444_bad" classname="com.cardatechnologies.utils.validators.abaroutevalidator.Test_AbaRouteValidator_08" time="0"/>
  <testcase name="testAbaNumberCheck_16258_bad" classname="com.cardatechnologies.utils.validators.abaroutevalidator.Test_AbaRouteValidator_08" time="0"/>
  <testcase name="testAbaNumberCheck_15446_bad" classname="com.cardatechnologies.utils.validators.abaroutevalidator.Test_AbaRouteValidator_08" time="0"/>
  <testcase name="testAbaNumberCheck_17267_good" classname="com.cardatechnologies.utils.validators.abaroutevalidator.Test_AbaRouteValidator_08" time="0"/>
  <testcase name="testAbaNumberCheck_16327_good" classname="com.cardatechnologies.utils.validators.abaroutevalidator.Test_AbaRouteValidator_08" time="0"/>
  <testcase name="testAbaNumberCheck_15448_bad" classname="com.cardatechnologies.utils.validators.abaroutevalidator.Test_AbaRouteValidator_08" time="0"/>
  <testcase name="testAbaNumberCheck_16291_good" classname="com.cardatechnologies.utils.validators.abaroutevalidator.Test_AbaRouteValidator_08" time="0"/>
  <testcase name="testAbaNumberCheck_15351_good" classname="com.cardatechnologies.utils.validators.abaroutevalidator.Test_AbaRouteValidator_08" time="0"/>
  <testcase name="testAbaNumberCheck_16165_good" classname="com.cardatechnologies.utils.validators.abaroutevalidator.Test_AbaRouteValidator_08" time="0"/>
  <testcase name="testAbaNumberCheck_15225_good" classname="com.cardatechnologies.utils.validators.abaroutevalidator.Test_AbaRouteValidator_08" time="0"/>
  <testcase name="testAbaNumberCheck_16823_good" classname="com.cardatechnologies.utils.validators.abaroutevalidator.Test_AbaRouteValidator_08" time="0"/>
  <testcase name="testAbaNumberCheck_16039_good" classname="com.cardatechnologies.utils.validators.abaroutevalidator.Test_AbaRouteValidator_08" time="0"/>
  <testcase name="testAbaNumberCheck_17520_bad" classname="com.cardatechnologies.utils.validators.abaroutevalidator.Test_AbaRouteValidator_08" time="0"/>
  <testcase name="testAbaNumberCheck_15063_good" classname="com.cardatechnologies.utils.validators.abaroutevalidator.Test_AbaRouteValidator_08" time="0"/>
  <testcase name="testAbaNumberCheck_17070_bad" classname="com.cardatechnologies.utils.validators.abaroutevalidator.Test_AbaRouteValidator_08" time="0"/>
  <testcase name="testAbaNumberCheck_17522_bad" classname="com.cardatechnologies.utils.validators.abaroutevalidator.Test_AbaRouteValidator_08" time="0"/>
  <testcase name="testAbaNumberCheck_17072_bad" classname="com.cardatechnologies.utils.validators.abaroutevalidator.Test_AbaRouteValidator_08" time="0"/>
  <testcase name="testAbaNumberCheck_16661_good" classname="com.cardatechnologies.utils.validators.abaroutevalidator.Test_AbaRouteValidator_08" time="0"/>
  <testcase name="testAbaNumberCheck_15721_good" classname="com.cardatechnologies.utils.validators.abaroutevalidator.Test_AbaRouteValidator_08" time="0"/>
  <testcase name="testAbaNumberCheck_16710_bad" classname="com.cardatechnologies.utils.validators.abaroutevalidator.Test_AbaRouteValidator_08" time="0"/>
  <testcase name="testAbaNumberCheck_17524_bad" classname="com.cardatechnologies.utils.validators.abaroutevalidator.Test_AbaRouteValidator_08" time="0"/>
  <testcase name="testAbaNumberCheck_16260_bad" classname="com.cardatechnologies.utils.validators.abaroutevalidator.Test_AbaRouteValidator_08" time="0"/>
  <testcase name="testAbaNumberCheck_17074_bad" classname="com.cardatechnologies.utils.validators.abaroutevalidator.Test_AbaRouteValidator_08" time="0"/>
  <testcase name="testAbaNumberCheck_16712_bad" classname="com.cardatechnologies.utils.validators.abaroutevalidator.Test_AbaRouteValidator_08" time="0"/>
  <testcase name="testAbaNumberCheck_17526_bad" classname="com.cardatechnologies.utils.validators.abaroutevalidator.Test_AbaRouteValidator_08" time="0"/>
  <testcase name="testAbaNumberCheck_16262_bad" classname="com.cardatechnologies.utils.validators.abaroutevalidator.Test_AbaRouteValidator_08" time="0"/>
  <testcase name="testAbaNumberCheck_17076_bad" classname="com.cardatechnologies.utils.validators.abaroutevalidator.Test_AbaRouteValidator_08" time="0"/>
  <testcase name="testAbaNumberCheck_17475_good" classname="com.cardatechnologies.utils.validators.abaroutevalidator.Test_AbaRouteValidator_08" time="0"/>
  <testcase name="testAbaNumberCheck_16535_good" classname="com.cardatechnologies.utils.validators.abaroutevalidator.Test_AbaRouteValidator_08" time="0"/>
  <testcase name="testAbaNumberCheck_15900_bad" classname="com.cardatechnologies.utils.validators.abaroutevalidator.Test_AbaRouteValidator_08" time="0.001"/>
  <testcase name="testAbaNumberCheck_16714_bad" classname="com.cardatechnologies.utils.validators.abaroutevalidator.Test_AbaRouteValidator_08" time="0"/>
  <testcase name="testAbaNumberCheck_17528_bad" classname="com.cardatechnologies.utils.validators.abaroutevalidator.Test_AbaRouteValidator_08" time="0"/>
  <testcase name="testAbaNumberCheck_15450_bad" classname="com.cardatechnologies.utils.validators.abaroutevalidator.Test_AbaRouteValidator_08" time="0"/>
  <testcase name="testAbaNumberCheck_16264_bad" classname="com.cardatechnologies.utils.validators.abaroutevalidator.Test_AbaRouteValidator_08" time="0"/>
  <testcase name="testAbaNumberCheck_17078_bad" classname="com.cardatechnologies.utils.validators.abaroutevalidator.Test_AbaRouteValidator_08" time="0"/>
  <testcase name="testAbaNumberCheck_15902_bad" classname="com.cardatechnologies.utils.validators.abaroutevalidator.Test_AbaRouteValidator_08" time="0"/>
  <testcase name="testAbaNumberCheck_16716_bad" classname="com.cardatechnologies.utils.validators.abaroutevalidator.Test_AbaRouteValidator_08" time="0"/>
  <testcase name="testAbaNumberCheck_15452_bad" classname="com.cardatechnologies.utils.validators.abaroutevalidator.Test_AbaRouteValidator_08" time="0"/>
  <testcase name="testAbaNumberCheck_16266_bad" classname="com.cardatechnologies.utils.validators.abaroutevalidator.Test_AbaRouteValidator_08" time="0"/>
  <testcase name="testAbaNumberCheck_17349_good" classname="com.cardatechnologies.utils.validators.abaroutevalidator.Test_AbaRouteValidator_08" time="0"/>
  <testcase name="testAbaNumberCheck_15904_bad" classname="com.cardatechnologies.utils.validators.abaroutevalidator.Test_AbaRouteValidator_08" time="0"/>
  <testcase name="testAbaNumberCheck_16409_good" classname="com.cardatechnologies.utils.validators.abaroutevalidator.Test_AbaRouteValidator_08" time="0"/>
  <testcase name="testAbaNumberCheck_16718_bad" classname="com.cardatechnologies.utils.validators.abaroutevalidator.Test_AbaRouteValidator_08" time="0"/>
  <testcase name="testAbaNumberCheck_15454_bad" classname="com.cardatechnologies.utils.validators.abaroutevalidator.Test_AbaRouteValidator_08" time="0"/>
  <testcase name="testAbaNumberCheck_16268_bad" classname="com.cardatechnologies.utils.validators.abaroutevalidator.Test_AbaRouteValidator_08" time="0"/>
  <testcase name="testAbaNumberCheck_15906_bad" classname="com.cardatechnologies.utils.validators.abaroutevalidator.Test_AbaRouteValidator_08" time="0"/>
  <testcase name="testAbaNumberCheck_15456_bad" classname="com.cardatechnologies.utils.validators.abaroutevalidator.Test_AbaRouteValidator_08" time="0"/>
  <testcase name="testAbaNumberCheck_16373_good" classname="com.cardatechnologies.utils.validators.abaroutevalidator.Test_AbaRouteValidator_08" time="0"/>
  <testcase name="testAbaNumberCheck_15433_good" classname="com.cardatechnologies.utils.validators.abaroutevalidator.Test_AbaRouteValidator_08" time="0"/>
  <testcase name="testAbaNumberCheck_15908_bad" classname="com.cardatechnologies.utils.validators.abaroutevalidator.Test_AbaRouteValidator_08" time="0"/>
  <testcase name="testAbaNumberCheck_15458_bad" classname="com.cardatechnologies.utils.validators.abaroutevalidator.Test_AbaRouteValidator_08" time="0"/>
  <testcase name="testAbaNumberCheck_17187_good" classname="com.cardatechnologies.utils.validators.abaroutevalidator.Test_AbaRouteValidator_08" time="0"/>
  <testcase name="testAbaNumberCheck_16247_good" classname="com.cardatechnologies.utils.validators.abaroutevalidator.Test_AbaRouteValidator_08" time="0"/>
  <testcase name="testAbaNumberCheck_15307_good" classname="com.cardatechnologies.utils.validators.abaroutevalidator.Test_AbaRouteValidator_08" time="0"/>
  <testcase name="testAbaNumberCheck_16905_good" classname="com.cardatechnologies.utils.validators.abaroutevalidator.Test_AbaRouteValidator_08" time="0"/>
  <testcase name="testAbaNumberCheck_15271_good" classname="com.cardatechnologies.utils.validators.abaroutevalidator.Test_AbaRouteValidator_08" time="0"/>
  <testcase name="testAbaNumberCheck_16085_good" classname="com.cardatechnologies.utils.validators.abaroutevalidator.Test_AbaRouteValidator_08" time="0"/>
  <testcase name="testAbaNumberCheck_15145_good" classname="com.cardatechnologies.utils.validators.abaroutevalidator.Test_AbaRouteValidator_08" time="0"/>
  <testcase name="testAbaNumberCheck_16743_good" classname="com.cardatechnologies.utils.validators.abaroutevalidator.Test_AbaRouteValidator_08" time="0"/>
  <testcase name="testAbaNumberCheck_15803_good" classname="com.cardatechnologies.utils.validators.abaroutevalidator.Test_AbaRouteValidator_08" time="0"/>
  <testcase name="testAbaNumberCheck_17530_bad" classname="com.cardatechnologies.utils.validators.abaroutevalidator.Test_AbaRouteValidator_08" time="0"/>
  <testcase name="testAbaNumberCheck_17080_bad" classname="com.cardatechnologies.utils.validators.abaroutevalidator.Test_AbaRouteValidator_08" time="0"/>
  <testcase name="testAbaNumberCheck_15019_good" classname="com.cardatechnologies.utils.validators.abaroutevalidator.Test_AbaRouteValidator_08" time="0"/>
  <testcase name="testAbaNumberCheck_17532_bad" classname="com.cardatechnologies.utils.validators.abaroutevalidator.Test_AbaRouteValidator_08" time="0"/>
  <testcase name="testAbaNumberCheck_17082_bad" classname="com.cardatechnologies.utils.validators.abaroutevalidator.Test_AbaRouteValidator_08" time="0"/>
  <testcase name="testAbaNumberCheck_16617_good" classname="com.cardatechnologies.utils.validators.abaroutevalidator.Test_AbaRouteValidator_08" time="0"/>
  <testcase name="testAbaNumberCheck_16720_bad" classname="com.cardatechnologies.utils.validators.abaroutevalidator.Test_AbaRouteValidator_08" time="0"/>
  <testcase name="testAbaNumberCheck_17534_bad" classname="com.cardatechnologies.utils.validators.abaroutevalidator.Test_AbaRouteValidator_08" time="0"/>
  <testcase name="testAbaNumberCheck_16270_bad" classname="com.cardatechnologies.utils.validators.abaroutevalidator.Test_AbaRouteValidator_08" time="0"/>
  <testcase name="testAbaNumberCheck_17084_bad" classname="com.cardatechnologies.utils.validators.abaroutevalidator.Test_AbaRouteValidator_08" time="0"/>
  <testcase name="testAbaNumberCheck_16722_bad" classname="com.cardatechnologies.utils.validators.abaroutevalidator.Test_AbaRouteValidator_08" time="0"/>
  <testcase name="testAbaNumberCheck_17536_bad" classname="com.cardatechnologies.utils.validators.abaroutevalidator.Test_AbaRouteValidator_08" time="0"/>
  <testcase name="testAbaNumberCheck_16272_bad" classname="com.cardatechnologies.utils.validators.abaroutevalidator.Test_AbaRouteValidator_08" time="0"/>
  <testcase name="testAbaNumberCheck_16581_good" classname="com.cardatechnologies.utils.validators.abaroutevalidator.Test_AbaRouteValidator_08" time="0"/>
  <testcase name="testAbaNumberCheck_17086_bad" classname="com.cardatechnologies.utils.validators.abaroutevalidator.Test_AbaRouteValidator_08" time="0"/>
  <testcase name="testAbaNumberCheck_15641_good" classname="com.cardatechnologies.utils.validators.abaroutevalidator.Test_AbaRouteValidator_08" time="0"/>
  <testcase name="testAbaNumberCheck_15910_bad" classname="com.cardatechnologies.utils.validators.abaroutevalidator.Test_AbaRouteValidator_08" time="0"/>
  <testcase name="testAbaNumberCheck_16724_bad" classname="com.cardatechnologies.utils.validators.abaroutevalidator.Test_AbaRouteValidator_08" time="0"/>
  <testcase name="testAbaNumberCheck_17538_bad" classname="com.cardatechnologies.utils.validators.abaroutevalidator.Test_AbaRouteValidator_08" time="0"/>
  <testcase name="testAbaNumberCheck_15460_bad" classname="com.cardatechnologies.utils.validators.abaroutevalidator.Test_AbaRouteValidator_08" time="0"/>
  <testcase name="testAbaNumberCheck_16274_bad" classname="com.cardatechnologies.utils.validators.abaroutevalidator.Test_AbaRouteValidator_08" time="0"/>
  <testcase name="testAbaNumberCheck_17088_bad" classname="com.cardatechnologies.utils.validators.abaroutevalidator.Test_AbaRouteValidator_08" time="0"/>
  <testcase name="testAbaNumberCheck_15912_bad" classname="com.cardatechnologies.utils.validators.abaroutevalidator.Test_AbaRouteValidator_08" time="0"/>
  <testcase name="testAbaNumberCheck_16726_bad" classname="com.cardatechnologies.utils.validators.abaroutevalidator.Test_AbaRouteValidator_08" time="0"/>
  <testcase name="testAbaNumberCheck_15462_bad" classname="com.cardatechnologies.utils.validators.abaroutevalidator.Test_AbaRouteValidator_08" time="0.001"/>
  <testcase name="testAbaNumberCheck_16276_bad" classname="com.cardatechnologies.utils.validators.abaroutevalidator.Test_AbaRouteValidator_08" time="0"/>
  <testcase name="testAbaNumberCheck_17395_good" classname="com.cardatechnologies.utils.validators.abaroutevalidator.Test_AbaRouteValidator_08" time="0"/>
  <testcase name="testAbaNumberCheck_16455_good" classname="com.cardatechnologies.utils.validators.abaroutevalidator.Test_AbaRouteValidator_08" time="0"/>
  <testcase name="testAbaNumberCheck_15515_good" classname="com.cardatechnologies.utils.validators.abaroutevalidator.Test_AbaRouteValidator_08" time="0"/>
  <testcase name="testAbaNumberCheck_15914_bad" classname="com.cardatechnologies.utils.validators.abaroutevalidator.Test_AbaRouteValidator_08" time="0"/>
  <testcase name="testAbaNumberCheck_16728_bad" classname="com.cardatechnologies.utils.validators.abaroutevalidator.Test_AbaRouteValidator_08" time="0"/>
  <testcase name="testAbaNumberCheck_15464_bad" classname="com.cardatechnologies.utils.validators.abaroutevalidator.Test_AbaRouteValidator_08" time="0"/>
  <testcase name="testAbaNumberCheck_16278_bad" classname="com.cardatechnologies.utils.validators.abaroutevalidator.Test_AbaRouteValidator_08" time="0"/>
  <testcase name="testAbaNumberCheck_15916_bad" classname="com.cardatechnologies.utils.validators.abaroutevalidator.Test_AbaRouteValidator_08" time="0"/>
  <testcase name="testAbaNumberCheck_15466_bad" classname="com.cardatechnologies.utils.validators.abaroutevalidator.Test_AbaRouteValidator_08" time="0"/>
  <testcase name="testAbaNumberCheck_17269_good" classname="com.cardatechnologies.utils.validators.abaroutevalidator.Test_AbaRouteValidator_08" time="0"/>
  <testcase name="testAbaNumberCheck_16329_good" classname="com.cardatechnologies.utils.validators.abaroutevalidator.Test_AbaRouteValidator_08" time="0"/>
  <testcase name="testAbaNumberCheck_15918_bad" classname="com.cardatechnologies.utils.validators.abaroutevalidator.Test_AbaRouteValidator_08" time="0"/>
  <testcase name="testAbaNumberCheck_15468_bad" classname="com.cardatechnologies.utils.validators.abaroutevalidator.Test_AbaRouteValidator_08" time="0"/>
  <testcase name="testAbaNumberCheck_16293_good" classname="com.cardatechnologies.utils.validators.abaroutevalidator.Test_AbaRouteValidator_08" time="0"/>
  <testcase name="testAbaNumberCheck_15353_good" classname="com.cardatechnologies.utils.validators.abaroutevalidator.Test_AbaRouteValidator_08" time="0"/>
  <testcase name="testAbaNumberCheck_16951_good" classname="com.cardatechnologies.utils.validators.abaroutevalidator.Test_AbaRouteValidator_08" time="0"/>
  <testcase name="testAbaNumberCheck_16167_good" classname="com.cardatechnologies.utils.validators.abaroutevalidator.Test_AbaRouteValidator_08" time="0"/>
  <testcase name="testAbaNumberCheck_15227_good" classname="com.cardatechnologies.utils.validators.abaroutevalidator.Test_AbaRouteValidator_08" time="0"/>
  <testcase name="testAbaNumberCheck_16825_good" classname="com.cardatechnologies.utils.validators.abaroutevalidator.Test_AbaRouteValidator_08" time="0"/>
  <testcase name="testAbaNumberCheck_15191_good" classname="com.cardatechnologies.utils.validators.abaroutevalidator.Test_AbaRouteValidator_08" time="0"/>
  <testcase name="testAbaNumberCheck_17540_bad" classname="com.cardatechnologies.utils.validators.abaroutevalidator.Test_AbaRouteValidator_08" time="0"/>
  <testcase name="testAbaNumberCheck_15065_good" classname="com.cardatechnologies.utils.validators.abaroutevalidator.Test_AbaRouteValidator_08" time="0"/>
  <testcase name="testAbaNumberCheck_17090_bad" classname="com.cardatechnologies.utils.validators.abaroutevalidator.Test_AbaRouteValidator_08" time="0"/>
  <testcase name="testAbaNumberCheck_17542_bad" classname="com.cardatechnologies.utils.validators.abaroutevalidator.Test_AbaRouteValidator_08" time="0.001"/>
  <testcase name="testAbaNumberCheck_17092_bad" classname="com.cardatechnologies.utils.validators.abaroutevalidator.Test_AbaRouteValidator_08" time="0"/>
  <testcase name="testAbaNumberCheck_16663_good" classname="com.cardatechnologies.utils.validators.abaroutevalidator.Test_AbaRouteValidator_08" time="0"/>
  <testcase name="testAbaNumberCheck_15723_good" classname="com.cardatechnologies.utils.validators.abaroutevalidator.Test_AbaRouteValidator_08" time="0"/>
  <testcase name="testAbaNumberCheck_16730_bad" classname="com.cardatechnologies.utils.validators.abaroutevalidator.Test_AbaRouteValidator_08" time="0"/>
  <testcase name="testAbaNumberCheck_17544_bad" classname="com.cardatechnologies.utils.validators.abaroutevalidator.Test_AbaRouteValidator_08" time="0"/>
  <testcase name="testAbaNumberCheck_16280_bad" classname="com.cardatechnologies.utils.validators.abaroutevalidator.Test_AbaRouteValidator_08" time="0"/>
  <testcase name="testAbaNumberCheck_17094_bad" classname="com.cardatechnologies.utils.validators.abaroutevalidator.Test_AbaRouteValidator_08" time="0"/>
  <testcase name="testAbaNumberCheck_16732_bad" classname="com.cardatechnologies.utils.validators.abaroutevalidator.Test_AbaRouteValidator_08" time="0"/>
  <testcase name="testAbaNumberCheck_17546_bad" classname="com.cardatechnologies.utils.validators.abaroutevalidator.Test_AbaRouteValidator_08" time="0"/>
  <testcase name="testAbaNumberCheck_16282_bad" classname="com.cardatechnologies.utils.validators.abaroutevalidator.Test_AbaRouteValidator_08" time="0"/>
  <testcase name="testAbaNumberCheck_17096_bad" classname="com.cardatechnologies.utils.validators.abaroutevalidator.Test_AbaRouteValidator_08" time="0"/>
  <testcase name="testAbaNumberCheck_17477_good" classname="com.cardatechnologies.utils.validators.abaroutevalidator.Test_AbaRouteValidator_08" time="0"/>
  <testcase name="testAbaNumberCheck_16537_good" classname="com.cardatechnologies.utils.validators.abaroutevalidator.Test_AbaRouteValidator_08" time="0"/>
  <testcase name="testAbaNumberCheck_15920_bad" classname="com.cardatechnologies.utils.validators.abaroutevalidator.Test_AbaRouteValidator_08" time="0"/>
  <testcase name="testAbaNumberCheck_16734_bad" classname="com.cardatechnologies.utils.validators.abaroutevalidator.Test_AbaRouteValidator_08" time="0"/>
  <testcase name="testAbaNumberCheck_17548_bad" classname="com.cardatechnologies.utils.validators.abaroutevalidator.Test_AbaRouteValidator_08" time="0"/>
  <testcase name="testAbaNumberCheck_15470_bad" classname="com.cardatechnologies.utils.validators.abaroutevalidator.Test_AbaRouteValidator_08" time="0"/>
  <testcase name="testAbaNumberCheck_16284_bad" classname="com.cardatechnologies.utils.validators.abaroutevalidator.Test_AbaRouteValidator_08" time="0.001"/>
  <testcase name="testAbaNumberCheck_17098_bad" classname="com.cardatechnologies.utils.validators.abaroutevalidator.Test_AbaRouteValidator_08" time="0"/>
  <testcase name="testAbaNumberCheck_15922_bad" classname="com.cardatechnologies.utils.validators.abaroutevalidator.Test_AbaRouteValidator_08" time="0"/>
  <testcase name="testAbaNumberCheck_16736_bad" classname="com.cardatechnologies.utils.validators.abaroutevalidator.Test_AbaRouteValidator_08" time="0"/>
  <testcase name="testAbaNumberCheck_15472_bad" classname="com.cardatechnologies.utils.validators.abaroutevalidator.Test_AbaRouteValidator_08" time="0"/>
  <testcase name="testAbaNumberCheck_16286_bad" classname="com.cardatechnologies.utils.validators.abaroutevalidator.Test_AbaRouteValidator_08" time="0"/>
  <testcase name="testAbaNumberCheck_15561_good" classname="com.cardatechnologies.utils.validators.abaroutevalidator.Test_AbaRouteValidator_08" time="0"/>
  <testcase name="testAbaNumberCheck_15924_bad" classname="com.cardatechnologies.utils.validators.abaroutevalidator.Test_AbaRouteValidator_08" time="0"/>
  <testcase name="testAbaNumberCheck_16738_bad" classname="com.cardatechnologies.utils.validators.abaroutevalidator.Test_AbaRouteValidator_08" time="0"/>
  <testcase name="testAbaNumberCheck_15474_bad" classname="com.cardatechnologies.utils.validators.abaroutevalidator.Test_AbaRouteValidator_08" time="0"/>
  <testcase name="testAbaNumberCheck_16288_bad" classname="com.cardatechnologies.utils.validators.abaroutevalidator.Test_AbaRouteValidator_08" time="0"/>
  <testcase name="testAbaNumberCheck_15926_bad" classname="com.cardatechnologies.utils.validators.abaroutevalidator.Test_AbaRouteValidator_08" time="0"/>
  <testcase name="testAbaNumberCheck_15476_bad" classname="com.cardatechnologies.utils.validators.abaroutevalidator.Test_AbaRouteValidator_08" time="0"/>
  <testcase name="testAbaNumberCheck_16375_good" classname="com.cardatechnologies.utils.validators.abaroutevalidator.Test_AbaRouteValidator_08" time="0"/>
  <testcase name="testAbaNumberCheck_15435_good" classname="com.cardatechnologies.utils.validators.abaroutevalidator.Test_AbaRouteValidator_08" time="0"/>
  <testcase name="testAbaNumberCheck_15928_bad" classname="com.cardatechnologies.utils.validators.abaroutevalidator.Test_AbaRouteValidator_08" time="0"/>
  <testcase name="testAbaNumberCheck_15478_bad" classname="com.cardatechnologies.utils.validators.abaroutevalidator.Test_AbaRouteValidator_08" time="0"/>
  <testcase name="testAbaNumberCheck_17189_good" classname="com.cardatechnologies.utils.validators.abaroutevalidator.Test_AbaRouteValidator_08" time="0"/>
  <testcase name="testAbaNumberCheck_16249_good" classname="com.cardatechnologies.utils.validators.abaroutevalidator.Test_AbaRouteValidator_08" time="0"/>
  <testcase name="testAbaNumberCheck_15309_good" classname="com.cardatechnologies.utils.validators.abaroutevalidator.Test_AbaRouteValidator_08" time="0"/>
  <testcase name="testAbaNumberCheck_16907_good" classname="com.cardatechnologies.utils.validators.abaroutevalidator.Test_AbaRouteValidator_08" time="0.001"/>
  <testcase name="testAbaNumberCheck_15273_good" classname="com.cardatechnologies.utils.validators.abaroutevalidator.Test_AbaRouteValidator_08" time="0"/>
  <testcase name="testAbaNumberCheck_16871_good" classname="com.cardatechnologies.utils.validators.abaroutevalidator.Test_AbaRouteValidator_08" time="0"/>
  <testcase name="testAbaNumberCheck_15931_good" classname="com.cardatechnologies.utils.validators.abaroutevalidator.Test_AbaRouteValidator_08" time="0"/>
  <testcase name="testAbaNumberCheck_16087_good" classname="com.cardatechnologies.utils.validators.abaroutevalidator.Test_AbaRouteValidator_08" time="0"/>
  <testcase name="testAbaNumberCheck_15147_good" classname="com.cardatechnologies.utils.validators.abaroutevalidator.Test_AbaRouteValidator_08" time="0"/>
  <testcase name="testAbaNumberCheck_16745_good" classname="com.cardatechnologies.utils.validators.abaroutevalidator.Test_AbaRouteValidator_08" time="0"/>
  <testcase name="testAbaNumberCheck_15805_good" classname="com.cardatechnologies.utils.validators.abaroutevalidator.Test_AbaRouteValidator_08" time="0"/>
  <testcase name="testAbaNumberCheck_16619_good" classname="com.cardatechnologies.utils.validators.abaroutevalidator.Test_AbaRouteValidator_08" time="0"/>
  <testcase name="testAbaNumberCheck_16740_bad" classname="com.cardatechnologies.utils.validators.abaroutevalidator.Test_AbaRouteValidator_08" time="0"/>
  <testcase name="testAbaNumberCheck_16290_bad" classname="com.cardatechnologies.utils.validators.abaroutevalidator.Test_AbaRouteValidator_08" time="0"/>
  <testcase name="testAbaNumberCheck_16742_bad" classname="com.cardatechnologies.utils.validators.abaroutevalidator.Test_AbaRouteValidator_08" time="0"/>
  <testcase name="testAbaNumberCheck_16292_bad" classname="com.cardatechnologies.utils.validators.abaroutevalidator.Test_AbaRouteValidator_08" time="0"/>
  <testcase name="testAbaNumberCheck_16583_good" classname="com.cardatechnologies.utils.validators.abaroutevalidator.Test_AbaRouteValidator_08" time="0"/>
  <testcase name="testAbaNumberCheck_15643_good" classname="com.cardatechnologies.utils.validators.abaroutevalidator.Test_AbaRouteValidator_08" time="0"/>
  <testcase name="testAbaNumberCheck_15930_bad" classname="com.cardatechnologies.utils.validators.abaroutevalidator.Test_AbaRouteValidator_08" time="0"/>
  <testcase name="testAbaNumberCheck_16744_bad" classname="com.cardatechnologies.utils.validators.abaroutevalidator.Test_AbaRouteValidator_08" time="0"/>
  <testcase name="testAbaNumberCheck_15480_bad" classname="com.cardatechnologies.utils.validators.abaroutevalidator.Test_AbaRouteValidator_08" time="0"/>
  <testcase name="testAbaNumberCheck_16294_bad" classname="com.cardatechnologies.utils.validators.abaroutevalidator.Test_AbaRouteValidator_08" time="0"/>
  <testcase name="testAbaNumberCheck_15932_bad" classname="com.cardatechnologies.utils.validators.abaroutevalidator.Test_AbaRouteValidator_08" time="0"/>
  <testcase name="testAbaNumberCheck_16746_bad" classname="com.cardatechnologies.utils.validators.abaroutevalidator.Test_AbaRouteValidator_08" time="0"/>
  <testcase name="testAbaNumberCheck_15482_bad" classname="com.cardatechnologies.utils.validators.abaroutevalidator.Test_AbaRouteValidator_08" time="0"/>
  <testcase name="testAbaNumberCheck_16296_bad" classname="com.cardatechnologies.utils.validators.abaroutevalidator.Test_AbaRouteValidator_08" time="0.001"/>
  <testcase name="testAbaNumberCheck_17397_good" classname="com.cardatechnologies.utils.validators.abaroutevalidator.Test_AbaRouteValidator_08" time="0"/>
  <testcase name="testAbaNumberCheck_16457_good" classname="com.cardatechnologies.utils.validators.abaroutevalidator.Test_AbaRouteValidator_08" time="0"/>
  <testcase name="testAbaNumberCheck_15517_good" classname="com.cardatechnologies.utils.validators.abaroutevalidator.Test_AbaRouteValidator_08" time="0"/>
  <testcase name="testAbaNumberCheck_15934_bad" classname="com.cardatechnologies.utils.validators.abaroutevalidator.Test_AbaRouteValidator_08" time="0"/>
  <testcase name="testAbaNumberCheck_16748_bad" classname="com.cardatechnologies.utils.validators.abaroutevalidator.Test_AbaRouteValidator_08" time="0"/>
  <testcase name="testAbaNumberCheck_15484_bad" classname="com.cardatechnologies.utils.validators.abaroutevalidator.Test_AbaRouteValidator_08" time="0"/>
  <testcase name="testAbaNumberCheck_16298_bad" classname="com.cardatechnologies.utils.validators.abaroutevalidator.Test_AbaRouteValidator_08" time="0"/>
  <testcase name="testAbaNumberCheck_15936_bad" classname="com.cardatechnologies.utils.validators.abaroutevalidator.Test_AbaRouteValidator_08" time="0"/>
  <testcase name="testAbaNumberCheck_15486_bad" classname="com.cardatechnologies.utils.validators.abaroutevalidator.Test_AbaRouteValidator_08" time="0"/>
  <testcase name="testAbaNumberCheck_15481_good" classname="com.cardatechnologies.utils.validators.abaroutevalidator.Test_AbaRouteValidator_08" time="0"/>
  <testcase name="testAbaNumberCheck_15938_bad" classname="com.cardatechnologies.utils.validators.abaroutevalidator.Test_AbaRouteValidator_08" time="0"/>
  <testcase name="testAbaNumberCheck_15488_bad" classname="com.cardatechnologies.utils.validators.abaroutevalidator.Test_AbaRouteValidator_08" time="0"/>
  <testcase name="testAbaNumberCheck_16295_good" classname="com.cardatechnologies.utils.validators.abaroutevalidator.Test_AbaRouteValidator_08" time="0"/>
  <testcase name="testAbaNumberCheck_15355_good" classname="com.cardatechnologies.utils.validators.abaroutevalidator.Test_AbaRouteValidator_08" time="0"/>
  <testcase name="testAbaNumberCheck_16953_good" classname="com.cardatechnologies.utils.validators.abaroutevalidator.Test_AbaRouteValidator_08" time="0"/>
  <testcase name="testAbaNumberCheck_16169_good" classname="com.cardatechnologies.utils.validators.abaroutevalidator.Test_AbaRouteValidator_08" time="0"/>
  <testcase name="testAbaNumberCheck_15229_good" classname="com.cardatechnologies.utils.validators.abaroutevalidator.Test_AbaRouteValidator_08" time="0"/>
  <testcase name="testAbaNumberCheck_16827_good" classname="com.cardatechnologies.utils.validators.abaroutevalidator.Test_AbaRouteValidator_08" time="0"/>
  <testcase name="testAbaNumberCheck_15193_good" classname="com.cardatechnologies.utils.validators.abaroutevalidator.Test_AbaRouteValidator_08" time="0"/>
  <testcase name="testAbaNumberCheck_16791_good" classname="com.cardatechnologies.utils.validators.abaroutevalidator.Test_AbaRouteValidator_08" time="0"/>
  <testcase name="testAbaNumberCheck_15851_good" classname="com.cardatechnologies.utils.validators.abaroutevalidator.Test_AbaRouteValidator_08" time="0"/>
  <testcase name="testAbaNumberCheck_15067_good" classname="com.cardatechnologies.utils.validators.abaroutevalidator.Test_AbaRouteValidator_08" time="0"/>
  <testcase name="testAbaNumberCheck_16665_good" classname="com.cardatechnologies.utils.validators.abaroutevalidator.Test_AbaRouteValidator_08" time="0.001"/>
  <testcase name="testAbaNumberCheck_15725_good" classname="com.cardatechnologies.utils.validators.abaroutevalidator.Test_AbaRouteValidator_08" time="0"/>
  <testcase name="testAbaNumberCheck_16750_bad" classname="com.cardatechnologies.utils.validators.abaroutevalidator.Test_AbaRouteValidator_08" time="0"/>
  <testcase name="testAbaNumberCheck_16752_bad" classname="com.cardatechnologies.utils.validators.abaroutevalidator.Test_AbaRouteValidator_08" time="0"/>
  <testcase name="testAbaNumberCheck_17479_good" classname="com.cardatechnologies.utils.validators.abaroutevalidator.Test_AbaRouteValidator_08" time="0"/>
  <testcase name="testAbaNumberCheck_16539_good" classname="com.cardatechnologies.utils.validators.abaroutevalidator.Test_AbaRouteValidator_08" time="0"/>
  <testcase name="testAbaNumberCheck_15940_bad" classname="com.cardatechnologies.utils.validators.abaroutevalidator.Test_AbaRouteValidator_08" time="0"/>
  <testcase name="testAbaNumberCheck_16754_bad" classname="com.cardatechnologies.utils.validators.abaroutevalidator.Test_AbaRouteValidator_08" time="0"/>
  <testcase name="testAbaNumberCheck_15490_bad" classname="com.cardatechnologies.utils.validators.abaroutevalidator.Test_AbaRouteValidator_08" time="0"/>
  <testcase name="testAbaNumberCheck_15942_bad" classname="com.cardatechnologies.utils.validators.abaroutevalidator.Test_AbaRouteValidator_08" time="0"/>
  <testcase name="testAbaNumberCheck_16756_bad" classname="com.cardatechnologies.utils.validators.abaroutevalidator.Test_AbaRouteValidator_08" time="0"/>
  <testcase name="testAbaNumberCheck_15492_bad" classname="com.cardatechnologies.utils.validators.abaroutevalidator.Test_AbaRouteValidator_08" time="0"/>
  <testcase name="testAbaNumberCheck_15563_good" classname="com.cardatechnologies.utils.validators.abaroutevalidator.Test_AbaRouteValidator_08" time="0"/>
  <testcase name="testAbaNumberCheck_15944_bad" classname="com.cardatechnologies.utils.validators.abaroutevalidator.Test_AbaRouteValidator_08" time="0"/>
  <testcase name="testAbaNumberCheck_16758_bad" classname="com.cardatechnologies.utils.validators.abaroutevalidator.Test_AbaRouteValidator_08" time="0"/>
  <testcase name="testAbaNumberCheck_15494_bad" classname="com.cardatechnologies.utils.validators.abaroutevalidator.Test_AbaRouteValidator_08" time="0"/>
  <testcase name="testAbaNumberCheck_15946_bad" classname="com.cardatechnologies.utils.validators.abaroutevalidator.Test_AbaRouteValidator_08" time="0"/>
  <testcase name="testAbaNumberCheck_15496_bad" classname="com.cardatechnologies.utils.validators.abaroutevalidator.Test_AbaRouteValidator_08" time="0"/>
  <testcase name="testAbaNumberCheck_16377_good" classname="com.cardatechnologies.utils.validators.abaroutevalidator.Test_AbaRouteValidator_08" time="0"/>
  <testcase name="testAbaNumberCheck_15437_good" classname="com.cardatechnologies.utils.validators.abaroutevalidator.Test_AbaRouteValidator_08" time="0.001"/>
  <testcase name="testAbaNumberCheck_15948_bad" classname="com.cardatechnologies.utils.validators.abaroutevalidator.Test_AbaRouteValidator_08" time="0"/>
  <testcase name="testAbaNumberCheck_15498_bad" classname="com.cardatechnologies.utils.validators.abaroutevalidator.Test_AbaRouteValidator_08" time="0"/>
  <testcase name="testAbaNumberCheck_16909_good" classname="com.cardatechnologies.utils.validators.abaroutevalidator.Test_AbaRouteValidator_08" time="0"/>
  <testcase name="testAbaNumberCheck_15275_good" classname="com.cardatechnologies.utils.validators.abaroutevalidator.Test_AbaRouteValidator_08" time="0"/>
  <testcase name="testAbaNumberCheck_16873_good" classname="com.cardatechnologies.utils.validators.abaroutevalidator.Test_AbaRouteValidator_08" time="0.004"/>
  <testcase name="testAbaNumberCheck_15933_good" classname="com.cardatechnologies.utils.validators.abaroutevalidator.Test_AbaRouteValidator_08" time="0"/>
  <testcase name="testAbaNumberCheck_16089_good" classname="com.cardatechnologies.utils.validators.abaroutevalidator.Test_AbaRouteValidator_08" time="0"/>
  <testcase name="testAbaNumberCheck_15149_good" classname="com.cardatechnologies.utils.validators.abaroutevalidator.Test_AbaRouteValidator_08" time="0"/>
  <testcase name="testAbaNumberCheck_16747_good" classname="com.cardatechnologies.utils.validators.abaroutevalidator.Test_AbaRouteValidator_08" time="0"/>
  <testcase name="testAbaNumberCheck_15807_good" classname="com.cardatechnologies.utils.validators.abaroutevalidator.Test_AbaRouteValidator_08" time="0"/>
  <testcase name="testAbaNumberCheck_15771_good" classname="com.cardatechnologies.utils.validators.abaroutevalidator.Test_AbaRouteValidator_08" time="0"/>
  <testcase name="testAbaNumberCheck_16760_bad" classname="com.cardatechnologies.utils.validators.abaroutevalidator.Test_AbaRouteValidator_08" time="0"/>
  <testcase name="testAbaNumberCheck_16762_bad" classname="com.cardatechnologies.utils.validators.abaroutevalidator.Test_AbaRouteValidator_08" time="0"/>
  <testcase name="testAbaNumberCheck_16585_good" classname="com.cardatechnologies.utils.validators.abaroutevalidator.Test_AbaRouteValidator_08" time="0"/>
  <testcase name="testAbaNumberCheck_15645_good" classname="com.cardatechnologies.utils.validators.abaroutevalidator.Test_AbaRouteValidator_08" time="0"/>
  <testcase name="testAbaNumberCheck_15950_bad" classname="com.cardatechnologies.utils.validators.abaroutevalidator.Test_AbaRouteValidator_08" time="0"/>
  <testcase name="testAbaNumberCheck_16764_bad" classname="com.cardatechnologies.utils.validators.abaroutevalidator.Test_AbaRouteValidator_08" time="0"/>
  <testcase name="testAbaNumberCheck_15952_bad" classname="com.cardatechnologies.utils.validators.abaroutevalidator.Test_AbaRouteValidator_08" time="0"/>
  <testcase name="testAbaNumberCheck_16766_bad" classname="com.cardatechnologies.utils.validators.abaroutevalidator.Test_AbaRouteValidator_08" time="0"/>
  <testcase name="testAbaNumberCheck_17399_good" classname="com.cardatechnologies.utils.validators.abaroutevalidator.Test_AbaRouteValidator_08" time="0"/>
  <testcase name="testAbaNumberCheck_16459_good" classname="com.cardatechnologies.utils.validators.abaroutevalidator.Test_AbaRouteValidator_08" time="0"/>
  <testcase name="testAbaNumberCheck_15519_good" classname="com.cardatechnologies.utils.validators.abaroutevalidator.Test_AbaRouteValidator_08" time="0"/>
  <testcase name="testAbaNumberCheck_15954_bad" classname="com.cardatechnologies.utils.validators.abaroutevalidator.Test_AbaRouteValidator_08" time="0"/>
  <testcase name="testAbaNumberCheck_16768_bad" classname="com.cardatechnologies.utils.validators.abaroutevalidator.Test_AbaRouteValidator_08" time="0"/>
  <testcase name="testAbaNumberCheck_15956_bad" classname="com.cardatechnologies.utils.validators.abaroutevalidator.Test_AbaRouteValidator_08" time="0"/>
  <testcase name="testAbaNumberCheck_15483_good" classname="com.cardatechnologies.utils.validators.abaroutevalidator.Test_AbaRouteValidator_08" time="0"/>
  <testcase name="testAbaNumberCheck_15958_bad" classname="com.cardatechnologies.utils.validators.abaroutevalidator.Test_AbaRouteValidator_08" time="0"/>
  <testcase name="testAbaNumberCheck_16297_good" classname="com.cardatechnologies.utils.validators.abaroutevalidator.Test_AbaRouteValidator_08" time="0"/>
  <testcase name="testAbaNumberCheck_15357_good" classname="com.cardatechnologies.utils.validators.abaroutevalidator.Test_AbaRouteValidator_08" time="0"/>
  <testcase name="testAbaNumberCheck_16955_good" classname="com.cardatechnologies.utils.validators.abaroutevalidator.Test_AbaRouteValidator_08" time="0"/>
  <testcase name="testAbaNumberCheck_16829_good" classname="com.cardatechnologies.utils.validators.abaroutevalidator.Test_AbaRouteValidator_08" time="0"/>
  <testcase name="testAbaNumberCheck_15195_good" classname="com.cardatechnologies.utils.validators.abaroutevalidator.Test_AbaRouteValidator_08" time="0"/>
  <testcase name="testAbaNumberCheck_16793_good" classname="com.cardatechnologies.utils.validators.abaroutevalidator.Test_AbaRouteValidator_08" time="0"/>
  <testcase name="testAbaNumberCheck_15853_good" classname="com.cardatechnologies.utils.validators.abaroutevalidator.Test_AbaRouteValidator_08" time="0"/>
  <testcase name="testAbaNumberCheck_15069_good" classname="com.cardatechnologies.utils.validators.abaroutevalidator.Test_AbaRouteValidator_08" time="0"/>
  <testcase name="testAbaNumberCheck_16667_good" classname="com.cardatechnologies.utils.validators.abaroutevalidator.Test_AbaRouteValidator_08" time="0"/>
  <testcase name="testAbaNumberCheck_15727_good" classname="com.cardatechnologies.utils.validators.abaroutevalidator.Test_AbaRouteValidator_08" time="0"/>
  <testcase name="testAbaNumberCheck_16770_bad" classname="com.cardatechnologies.utils.validators.abaroutevalidator.Test_AbaRouteValidator_08" time="0"/>
  <testcase name="testAbaNumberCheck_16772_bad" classname="com.cardatechnologies.utils.validators.abaroutevalidator.Test_AbaRouteValidator_08" time="0"/>
  <testcase name="testAbaNumberCheck_15691_good" classname="com.cardatechnologies.utils.validators.abaroutevalidator.Test_AbaRouteValidator_08" time="0"/>
  <testcase name="testAbaNumberCheck_15960_bad" classname="com.cardatechnologies.utils.validators.abaroutevalidator.Test_AbaRouteValidator_08" time="0"/>
  <testcase name="testAbaNumberCheck_16774_bad" classname="com.cardatechnologies.utils.validators.abaroutevalidator.Test_AbaRouteValidator_08" time="0"/>
  <testcase name="testAbaNumberCheck_15962_bad" classname="com.cardatechnologies.utils.validators.abaroutevalidator.Test_AbaRouteValidator_08" time="0"/>
  <testcase name="testAbaNumberCheck_16776_bad" classname="com.cardatechnologies.utils.validators.abaroutevalidator.Test_AbaRouteValidator_08" time="0"/>
  <testcase name="testAbaNumberCheck_15565_good" classname="com.cardatechnologies.utils.validators.abaroutevalidator.Test_AbaRouteValidator_08" time="0"/>
  <testcase name="testAbaNumberCheck_15964_bad" classname="com.cardatechnologies.utils.validators.abaroutevalidator.Test_AbaRouteValidator_08" time="0"/>
  <testcase name="testAbaNumberCheck_16778_bad" classname="com.cardatechnologies.utils.validators.abaroutevalidator.Test_AbaRouteValidator_08" time="0"/>
  <testcase name="testAbaNumberCheck_15966_bad" classname="com.cardatechnologies.utils.validators.abaroutevalidator.Test_AbaRouteValidator_08" time="0"/>
  <testcase name="testAbaNumberCheck_16379_good" classname="com.cardatechnologies.utils.validators.abaroutevalidator.Test_AbaRouteValidator_08" time="0"/>
  <testcase name="testAbaNumberCheck_15439_good" classname="com.cardatechnologies.utils.validators.abaroutevalidator.Test_AbaRouteValidator_08" time="0"/>
  <testcase name="testAbaNumberCheck_15968_bad" classname="com.cardatechnologies.utils.validators.abaroutevalidator.Test_AbaRouteValidator_08" time="0"/>
  <testcase name="testAbaNumberCheck_15277_good" classname="com.cardatechnologies.utils.validators.abaroutevalidator.Test_AbaRouteValidator_08" time="0"/>
  <testcase name="testAbaNumberCheck_16875_good" classname="com.cardatechnologies.utils.validators.abaroutevalidator.Test_AbaRouteValidator_08" time="0"/>
  <testcase name="testAbaNumberCheck_15935_good" classname="com.cardatechnologies.utils.validators.abaroutevalidator.Test_AbaRouteValidator_08" time="0"/>
  <testcase name="testAbaNumberCheck_16749_good" classname="com.cardatechnologies.utils.validators.abaroutevalidator.Test_AbaRouteValidator_08" time="0"/>
  <testcase name="testAbaNumberCheck_15809_good" classname="com.cardatechnologies.utils.validators.abaroutevalidator.Test_AbaRouteValidator_08" time="0"/>
  <testcase name="testAbaNumberCheck_15773_good" classname="com.cardatechnologies.utils.validators.abaroutevalidator.Test_AbaRouteValidator_08" time="0"/>
  <testcase name="testAbaNumberCheck_16780_bad" classname="com.cardatechnologies.utils.validators.abaroutevalidator.Test_AbaRouteValidator_08" time="0"/>
  <testcase name="testAbaNumberCheck_16782_bad" classname="com.cardatechnologies.utils.validators.abaroutevalidator.Test_AbaRouteValidator_08" time="0"/>
  <testcase name="testAbaNumberCheck_16587_good" classname="com.cardatechnologies.utils.validators.abaroutevalidator.Test_AbaRouteValidator_08" time="0"/>
  <testcase name="testAbaNumberCheck_15647_good" classname="com.cardatechnologies.utils.validators.abaroutevalidator.Test_AbaRouteValidator_08" time="0"/>
  <testcase name="testAbaNumberCheck_15970_bad" classname="com.cardatechnologies.utils.validators.abaroutevalidator.Test_AbaRouteValidator_08" time="0"/>
  <testcase name="testAbaNumberCheck_16784_bad" classname="com.cardatechnologies.utils.validators.abaroutevalidator.Test_AbaRouteValidator_08" time="0"/>
  <testcase name="testAbaNumberCheck_15972_bad" classname="com.cardatechnologies.utils.validators.abaroutevalidator.Test_AbaRouteValidator_08" time="0"/>
  <testcase name="testAbaNumberCheck_16786_bad" classname="com.cardatechnologies.utils.validators.abaroutevalidator.Test_AbaRouteValidator_08" time="0"/>
  <testcase name="testAbaNumberCheck_15974_bad" classname="com.cardatechnologies.utils.validators.abaroutevalidator.Test_AbaRouteValidator_08" time="0"/>
  <testcase name="testAbaNumberCheck_16788_bad" classname="com.cardatechnologies.utils.validators.abaroutevalidator.Test_AbaRouteValidator_08" time="0"/>
  <testcase name="testAbaNumberCheck_15976_bad" classname="com.cardatechnologies.utils.validators.abaroutevalidator.Test_AbaRouteValidator_08" time="0"/>
  <testcase name="testAbaNumberCheck_15485_good" classname="com.cardatechnologies.utils.validators.abaroutevalidator.Test_AbaRouteValidator_08" time="0"/>
  <testcase name="testAbaNumberCheck_15978_bad" classname="com.cardatechnologies.utils.validators.abaroutevalidator.Test_AbaRouteValidator_08" time="0"/>
  <testcase name="testAbaNumberCheck_16299_good" classname="com.cardatechnologies.utils.validators.abaroutevalidator.Test_AbaRouteValidator_08" time="0"/>
  <testcase name="testAbaNumberCheck_15359_good" classname="com.cardatechnologies.utils.validators.abaroutevalidator.Test_AbaRouteValidator_08" time="0"/>
  <testcase name="testAbaNumberCheck_16957_good" classname="com.cardatechnologies.utils.validators.abaroutevalidator.Test_AbaRouteValidator_08" time="0"/>
  <testcase name="testAbaNumberCheck_15981_good" classname="com.cardatechnologies.utils.validators.abaroutevalidator.Test_AbaRouteValidator_08" time="0"/>
  <testcase name="testAbaNumberCheck_15197_good" classname="com.cardatechnologies.utils.validators.abaroutevalidator.Test_AbaRouteValidator_08" time="0"/>
  <testcase name="testAbaNumberCheck_16795_good" classname="com.cardatechnologies.utils.validators.abaroutevalidator.Test_AbaRouteValidator_08" time="0"/>
  <testcase name="testAbaNumberCheck_15855_good" classname="com.cardatechnologies.utils.validators.abaroutevalidator.Test_AbaRouteValidator_08" time="0"/>
  <testcase name="testAbaNumberCheck_16669_good" classname="com.cardatechnologies.utils.validators.abaroutevalidator.Test_AbaRouteValidator_08" time="0"/>
  <testcase name="testAbaNumberCheck_15729_good" classname="com.cardatechnologies.utils.validators.abaroutevalidator.Test_AbaRouteValidator_08" time="0"/>
  <testcase name="testAbaNumberCheck_16790_bad" classname="com.cardatechnologies.utils.validators.abaroutevalidator.Test_AbaRouteValidator_08" time="0"/>
  <testcase name="testAbaNumberCheck_16792_bad" classname="com.cardatechnologies.utils.validators.abaroutevalidator.Test_AbaRouteValidator_08" time="0"/>
  <testcase name="testAbaNumberCheck_15693_good" classname="com.cardatechnologies.utils.validators.abaroutevalidator.Test_AbaRouteValidator_08" time="0"/>
  <testcase name="testAbaNumberCheck_15980_bad" classname="com.cardatechnologies.utils.validators.abaroutevalidator.Test_AbaRouteValidator_08" time="0"/>
  <testcase name="testAbaNumberCheck_16794_bad" classname="com.cardatechnologies.utils.validators.abaroutevalidator.Test_AbaRouteValidator_08" time="0"/>
  <testcase name="testAbaNumberCheck_15982_bad" classname="com.cardatechnologies.utils.validators.abaroutevalidator.Test_AbaRouteValidator_08" time="0"/>
  <testcase name="testAbaNumberCheck_16796_bad" classname="com.cardatechnologies.utils.validators.abaroutevalidator.Test_AbaRouteValidator_08" time="0"/>
  <testcase name="testAbaNumberCheck_15567_good" classname="com.cardatechnologies.utils.validators.abaroutevalidator.Test_AbaRouteValidator_08" time="0"/>
  <testcase name="testAbaNumberCheck_15984_bad" classname="com.cardatechnologies.utils.validators.abaroutevalidator.Test_AbaRouteValidator_08" time="0"/>
  <testcase name="testAbaNumberCheck_16798_bad" classname="com.cardatechnologies.utils.validators.abaroutevalidator.Test_AbaRouteValidator_08" time="0"/>
  <testcase name="testAbaNumberCheck_15986_bad" classname="com.cardatechnologies.utils.validators.abaroutevalidator.Test_AbaRouteValidator_08" time="0"/>
  <testcase name="testAbaNumberCheck_15988_bad" classname="com.cardatechnologies.utils.validators.abaroutevalidator.Test_AbaRouteValidator_08" time="0"/>
  <testcase name="testAbaNumberCheck_15279_good" classname="com.cardatechnologies.utils.validators.abaroutevalidator.Test_AbaRouteValidator_08" time="0"/>
  <testcase name="testAbaNumberCheck_16877_good" classname="com.cardatechnologies.utils.validators.abaroutevalidator.Test_AbaRouteValidator_08" time="0.001"/>
  <testcase name="testAbaNumberCheck_15937_good" classname="com.cardatechnologies.utils.validators.abaroutevalidator.Test_AbaRouteValidator_08" time="0"/>
  <testcase name="testAbaNumberCheck_15775_good" classname="com.cardatechnologies.utils.validators.abaroutevalidator.Test_AbaRouteValidator_08" time="0"/>
  <testcase name="testAbaNumberCheck_16589_good" classname="com.cardatechnologies.utils.validators.abaroutevalidator.Test_AbaRouteValidator_08" time="0"/>
  <testcase name="testAbaNumberCheck_15649_good" classname="com.cardatechnologies.utils.validators.abaroutevalidator.Test_AbaRouteValidator_08" time="0"/>
  <testcase name="testAbaNumberCheck_15990_bad" classname="com.cardatechnologies.utils.validators.abaroutevalidator.Test_AbaRouteValidator_08" time="0"/>
  <testcase name="testAbaNumberCheck_15992_bad" classname="com.cardatechnologies.utils.validators.abaroutevalidator.Test_AbaRouteValidator_08" time="0"/>
  <testcase name="testAbaNumberCheck_15994_bad" classname="com.cardatechnologies.utils.validators.abaroutevalidator.Test_AbaRouteValidator_08" time="0"/>
  <testcase name="testAbaNumberCheck_15996_bad" classname="com.cardatechnologies.utils.validators.abaroutevalidator.Test_AbaRouteValidator_08" time="0"/>
  <testcase name="testAbaNumberCheck_15487_good" classname="com.cardatechnologies.utils.validators.abaroutevalidator.Test_AbaRouteValidator_08" time="0"/>
  <testcase name="testAbaNumberCheck_15998_bad" classname="com.cardatechnologies.utils.validators.abaroutevalidator.Test_AbaRouteValidator_08" time="0"/>
  <testcase name="testAbaNumberCheck_16959_good" classname="com.cardatechnologies.utils.validators.abaroutevalidator.Test_AbaRouteValidator_08" time="0"/>
  <testcase name="testAbaNumberCheck_15983_good" classname="com.cardatechnologies.utils.validators.abaroutevalidator.Test_AbaRouteValidator_08" time="0"/>
  <testcase name="testAbaNumberCheck_15199_good" classname="com.cardatechnologies.utils.validators.abaroutevalidator.Test_AbaRouteValidator_08" time="0"/>
  <testcase name="testAbaNumberCheck_16797_good" classname="com.cardatechnologies.utils.validators.abaroutevalidator.Test_AbaRouteValidator_08" time="0"/>
  <testcase name="testAbaNumberCheck_15857_good" classname="com.cardatechnologies.utils.validators.abaroutevalidator.Test_AbaRouteValidator_08" time="0"/>
  <testcase name="testAbaNumberCheck_15695_good" classname="com.cardatechnologies.utils.validators.abaroutevalidator.Test_AbaRouteValidator_08" time="0"/>
  <testcase name="testAbaNumberCheck_15569_good" classname="com.cardatechnologies.utils.validators.abaroutevalidator.Test_AbaRouteValidator_08" time="0"/>
  <testcase name="testAbaNumberCheck_16879_good" classname="com.cardatechnologies.utils.validators.abaroutevalidator.Test_AbaRouteValidator_08" time="0"/>
  <testcase name="testAbaNumberCheck_15939_good" classname="com.cardatechnologies.utils.validators.abaroutevalidator.Test_AbaRouteValidator_08" time="0"/>
  <testcase name="testAbaNumberCheck_15777_good" classname="com.cardatechnologies.utils.validators.abaroutevalidator.Test_AbaRouteValidator_08" time="0"/>
  <testcase name="testAbaNumberCheck_15489_good" classname="com.cardatechnologies.utils.validators.abaroutevalidator.Test_AbaRouteValidator_08" time="0"/>
  <testcase name="testAbaNumberCheck_15985_good" classname="com.cardatechnologies.utils.validators.abaroutevalidator.Test_AbaRouteValidator_08" time="0"/>
  <testcase name="testAbaNumberCheck_16799_good" classname="com.cardatechnologies.utils.validators.abaroutevalidator.Test_AbaRouteValidator_08" time="0"/>
  <testcase name="testAbaNumberCheck_15859_good" classname="com.cardatechnologies.utils.validators.abaroutevalidator.Test_AbaRouteValidator_08" time="0"/>
  <testcase name="testAbaNumberCheck_15697_good" classname="com.cardatechnologies.utils.validators.abaroutevalidator.Test_AbaRouteValidator_08" time="0"/>
  <testcase name="testAbaNumberCheck_15779_good" classname="com.cardatechnologies.utils.validators.abaroutevalidator.Test_AbaRouteValidator_08" time="0"/>
  <testcase name="testAbaNumberCheck_15987_good" classname="com.cardatechnologies.utils.validators.abaroutevalidator.Test_AbaRouteValidator_08" time="0.001"/>
  <testcase name="testAbaNumberCheck_15699_good" classname="com.cardatechnologies.utils.validators.abaroutevalidator.Test_AbaRouteValidator_08" time="0"/>
  <testcase name="testAbaNumberCheck_15989_good" classname="com.cardatechnologies.utils.validators.abaroutevalidator.Test_AbaRouteValidator_08" time="0"/>
  <testcase name="testAbaNumberCheck_17011_good" classname="com.cardatechnologies.utils.validators.abaroutevalidator.Test_AbaRouteValidator_08" time="0"/>
  <testcase name="testAbaNumberCheck_17301_good" classname="com.cardatechnologies.utils.validators.abaroutevalidator.Test_AbaRouteValidator_08" time="0"/>
  <testcase name="testAbaNumberCheck_17013_good" classname="com.cardatechnologies.utils.validators.abaroutevalidator.Test_AbaRouteValidator_08" time="0"/>
  <testcase name="testAbaNumberCheck_17221_good" classname="com.cardatechnologies.utils.validators.abaroutevalidator.Test_AbaRouteValidator_08" time="0"/>
  <testcase name="testAbaNumberCheck_17303_good" classname="com.cardatechnologies.utils.validators.abaroutevalidator.Test_AbaRouteValidator_08" time="0"/>
  <testcase name="testAbaNumberCheck_17141_good" classname="com.cardatechnologies.utils.validators.abaroutevalidator.Test_AbaRouteValidator_08" time="0"/>
  <testcase name="testAbaNumberCheck_16201_good" classname="com.cardatechnologies.utils.validators.abaroutevalidator.Test_AbaRouteValidator_08" time="0"/>
  <testcase name="testAbaNumberCheck_17015_good" classname="com.cardatechnologies.utils.validators.abaroutevalidator.Test_AbaRouteValidator_08" time="0"/>
  <testcase name="testAbaNumberCheck_17511_good" classname="com.cardatechnologies.utils.validators.abaroutevalidator.Test_AbaRouteValidator_08" time="0"/>
  <testcase name="testAbaNumberCheck_15000_bad" classname="com.cardatechnologies.utils.validators.abaroutevalidator.Test_AbaRouteValidator_08" time="0"/>
  <testcase name="testAbaNumberCheck_15002_bad" classname="com.cardatechnologies.utils.validators.abaroutevalidator.Test_AbaRouteValidator_08" time="0"/>
  <testcase name="testAbaNumberCheck_15004_bad" classname="com.cardatechnologies.utils.validators.abaroutevalidator.Test_AbaRouteValidator_08" time="0"/>
  <testcase name="testAbaNumberCheck_15006_bad" classname="com.cardatechnologies.utils.validators.abaroutevalidator.Test_AbaRouteValidator_08" time="0"/>
  <testcase name="testAbaNumberCheck_17223_good" classname="com.cardatechnologies.utils.validators.abaroutevalidator.Test_AbaRouteValidator_08" time="0"/>
  <testcase name="testAbaNumberCheck_15008_bad" classname="com.cardatechnologies.utils.validators.abaroutevalidator.Test_AbaRouteValidator_08" time="0"/>
  <testcase name="testAbaNumberCheck_17061_good" classname="com.cardatechnologies.utils.validators.abaroutevalidator.Test_AbaRouteValidator_08" time="0"/>
  <testcase name="testAbaNumberCheck_16121_good" classname="com.cardatechnologies.utils.validators.abaroutevalidator.Test_AbaRouteValidator_08" time="0"/>
  <testcase name="testAbaNumberCheck_17431_good" classname="com.cardatechnologies.utils.validators.abaroutevalidator.Test_AbaRouteValidator_08" time="0"/>
  <testcase name="testAbaNumberCheck_15010_bad" classname="com.cardatechnologies.utils.validators.abaroutevalidator.Test_AbaRouteValidator_08" time="0"/>
  <testcase name="testAbaNumberCheck_15012_bad" classname="com.cardatechnologies.utils.validators.abaroutevalidator.Test_AbaRouteValidator_08" time="0"/>
  <testcase name="testAbaNumberCheck_17305_good" classname="com.cardatechnologies.utils.validators.abaroutevalidator.Test_AbaRouteValidator_08" time="0"/>
  <testcase name="testAbaNumberCheck_15014_bad" classname="com.cardatechnologies.utils.validators.abaroutevalidator.Test_AbaRouteValidator_08" time="0"/>
  <testcase name="testAbaNumberCheck_15016_bad" classname="com.cardatechnologies.utils.validators.abaroutevalidator.Test_AbaRouteValidator_08" time="0"/>
  <testcase name="testAbaNumberCheck_15018_bad" classname="com.cardatechnologies.utils.validators.abaroutevalidator.Test_AbaRouteValidator_08" time="0.001"/>
  <testcase name="testAbaNumberCheck_17143_good" classname="com.cardatechnologies.utils.validators.abaroutevalidator.Test_AbaRouteValidator_08" time="0"/>
  <testcase name="testAbaNumberCheck_16203_good" classname="com.cardatechnologies.utils.validators.abaroutevalidator.Test_AbaRouteValidator_08" time="0"/>
  <testcase name="testAbaNumberCheck_17017_good" classname="com.cardatechnologies.utils.validators.abaroutevalidator.Test_AbaRouteValidator_08" time="0"/>
  <testcase name="testAbaNumberCheck_16041_good" classname="com.cardatechnologies.utils.validators.abaroutevalidator.Test_AbaRouteValidator_08" time="0"/>
  <testcase name="testAbaNumberCheck_15101_good" classname="com.cardatechnologies.utils.validators.abaroutevalidator.Test_AbaRouteValidator_08" time="0"/>
  <testcase name="testAbaNumberCheck_17513_good" classname="com.cardatechnologies.utils.validators.abaroutevalidator.Test_AbaRouteValidator_08" time="0"/>
  <testcase name="testAbaNumberCheck_15020_bad" classname="com.cardatechnologies.utils.validators.abaroutevalidator.Test_AbaRouteValidator_08" time="0"/>
  <testcase name="testAbaNumberCheck_15022_bad" classname="com.cardatechnologies.utils.validators.abaroutevalidator.Test_AbaRouteValidator_08" time="0"/>
  <testcase name="testAbaNumberCheck_17351_good" classname="com.cardatechnologies.utils.validators.abaroutevalidator.Test_AbaRouteValidator_08" time="0"/>
  <testcase name="testAbaNumberCheck_16411_good" classname="com.cardatechnologies.utils.validators.abaroutevalidator.Test_AbaRouteValidator_08" time="0"/>
  <testcase name="testAbaNumberCheck_15024_bad" classname="com.cardatechnologies.utils.validators.abaroutevalidator.Test_AbaRouteValidator_08" time="0"/>
  <testcase name="testAbaNumberCheck_15026_bad" classname="com.cardatechnologies.utils.validators.abaroutevalidator.Test_AbaRouteValidator_08" time="0"/>
  <testcase name="testAbaNumberCheck_17225_good" classname="com.cardatechnologies.utils.validators.abaroutevalidator.Test_AbaRouteValidator_08" time="0"/>
  <testcase name="testAbaNumberCheck_15028_bad" classname="com.cardatechnologies.utils.validators.abaroutevalidator.Test_AbaRouteValidator_08" time="0"/>
  <testcase name="testAbaNumberCheck_17063_good" classname="com.cardatechnologies.utils.validators.abaroutevalidator.Test_AbaRouteValidator_08" time="0"/>
  <testcase name="testAbaNumberCheck_16123_good" classname="com.cardatechnologies.utils.validators.abaroutevalidator.Test_AbaRouteValidator_08" time="0"/>
  <testcase name="testAbaNumberCheck_17100_bad" classname="com.cardatechnologies.utils.validators.abaroutevalidator.Test_AbaRouteValidator_08" time="0"/>
  <testcase name="testAbaNumberCheck_15021_good" classname="com.cardatechnologies.utils.validators.abaroutevalidator.Test_AbaRouteValidator_08" time="0"/>
  <testcase name="testAbaNumberCheck_17102_bad" classname="com.cardatechnologies.utils.validators.abaroutevalidator.Test_AbaRouteValidator_08" time="0"/>
  <testcase name="testAbaNumberCheck_17104_bad" classname="com.cardatechnologies.utils.validators.abaroutevalidator.Test_AbaRouteValidator_08" time="0"/>
  <testcase name="testAbaNumberCheck_17106_bad" classname="com.cardatechnologies.utils.validators.abaroutevalidator.Test_AbaRouteValidator_08" time="0"/>
  <testcase name="testAbaNumberCheck_17433_good" classname="com.cardatechnologies.utils.validators.abaroutevalidator.Test_AbaRouteValidator_08" time="0"/>
  <testcase name="testAbaNumberCheck_17108_bad" classname="com.cardatechnologies.utils.validators.abaroutevalidator.Test_AbaRouteValidator_08" time="0"/>
  <testcase name="testAbaNumberCheck_15030_bad" classname="com.cardatechnologies.utils.validators.abaroutevalidator.Test_AbaRouteValidator_08" time="0"/>
  <testcase name="testAbaNumberCheck_15032_bad" classname="com.cardatechnologies.utils.validators.abaroutevalidator.Test_AbaRouteValidator_08" time="0"/>
  <testcase name="testAbaNumberCheck_17307_good" classname="com.cardatechnologies.utils.validators.abaroutevalidator.Test_AbaRouteValidator_08" time="0"/>
  <testcase name="testAbaNumberCheck_15034_bad" classname="com.cardatechnologies.utils.validators.abaroutevalidator.Test_AbaRouteValidator_08" time="0"/>
  <testcase name="testAbaNumberCheck_15036_bad" classname="com.cardatechnologies.utils.validators.abaroutevalidator.Test_AbaRouteValidator_08" time="0"/>
  <testcase name="testAbaNumberCheck_17271_good" classname="com.cardatechnologies.utils.validators.abaroutevalidator.Test_AbaRouteValidator_08" time="0"/>
  <testcase name="testAbaNumberCheck_16331_good" classname="com.cardatechnologies.utils.validators.abaroutevalidator.Test_AbaRouteValidator_08" time="0"/>
  <testcase name="testAbaNumberCheck_15038_bad" classname="com.cardatechnologies.utils.validators.abaroutevalidator.Test_AbaRouteValidator_08" time="0"/>
  <testcase name="testAbaNumberCheck_17145_good" classname="com.cardatechnologies.utils.validators.abaroutevalidator.Test_AbaRouteValidator_08" time="0"/>
  <testcase name="testAbaNumberCheck_16205_good" classname="com.cardatechnologies.utils.validators.abaroutevalidator.Test_AbaRouteValidator_08" time="0"/>
  <testcase name="testAbaNumberCheck_17019_good" classname="com.cardatechnologies.utils.validators.abaroutevalidator.Test_AbaRouteValidator_08" time="0"/>
  <testcase name="testAbaNumberCheck_16043_good" classname="com.cardatechnologies.utils.validators.abaroutevalidator.Test_AbaRouteValidator_08" time="0"/>
  <testcase name="testAbaNumberCheck_15103_good" classname="com.cardatechnologies.utils.validators.abaroutevalidator.Test_AbaRouteValidator_08" time="0"/>
  <testcase name="testAbaNumberCheck_16701_good" classname="com.cardatechnologies.utils.validators.abaroutevalidator.Test_AbaRouteValidator_08" time="0"/>
  <testcase name="testAbaNumberCheck_17110_bad" classname="com.cardatechnologies.utils.validators.abaroutevalidator.Test_AbaRouteValidator_08" time="0"/>
  <testcase name="testAbaNumberCheck_17112_bad" classname="com.cardatechnologies.utils.validators.abaroutevalidator.Test_AbaRouteValidator_08" time="0"/>
  <testcase name="testAbaNumberCheck_17515_good" classname="com.cardatechnologies.utils.validators.abaroutevalidator.Test_AbaRouteValidator_08" time="0"/>
  <testcase name="testAbaNumberCheck_16300_bad" classname="com.cardatechnologies.utils.validators.abaroutevalidator.Test_AbaRouteValidator_08" time="0"/>
  <testcase name="testAbaNumberCheck_17114_bad" classname="com.cardatechnologies.utils.validators.abaroutevalidator.Test_AbaRouteValidator_08" time="0"/>
  <testcase name="testAbaNumberCheck_16302_bad" classname="com.cardatechnologies.utils.validators.abaroutevalidator.Test_AbaRouteValidator_08" time="0"/>
  <testcase name="testAbaNumberCheck_17116_bad" classname="com.cardatechnologies.utils.validators.abaroutevalidator.Test_AbaRouteValidator_08" time="0"/>
  <testcase name="testAbaNumberCheck_16304_bad" classname="com.cardatechnologies.utils.validators.abaroutevalidator.Test_AbaRouteValidator_08" time="0"/>
  <testcase name="testAbaNumberCheck_17118_bad" classname="com.cardatechnologies.utils.validators.abaroutevalidator.Test_AbaRouteValidator_08" time="0"/>
  <testcase name="testAbaNumberCheck_15040_bad" classname="com.cardatechnologies.utils.validators.abaroutevalidator.Test_AbaRouteValidator_08" time="0"/>
  <testcase name="testAbaNumberCheck_16306_bad" classname="com.cardatechnologies.utils.validators.abaroutevalidator.Test_AbaRouteValidator_08" time="0.001"/>
  <testcase name="testAbaNumberCheck_15042_bad" classname="com.cardatechnologies.utils.validators.abaroutevalidator.Test_AbaRouteValidator_08" time="0"/>
  <testcase name="testAbaNumberCheck_17353_good" classname="com.cardatechnologies.utils.validators.abaroutevalidator.Test_AbaRouteValidator_08" time="0"/>
  <testcase name="testAbaNumberCheck_16413_good" classname="com.cardatechnologies.utils.validators.abaroutevalidator.Test_AbaRouteValidator_08" time="0"/>
  <testcase name="testAbaNumberCheck_16308_bad" classname="com.cardatechnologies.utils.validators.abaroutevalidator.Test_AbaRouteValidator_08" time="0"/>
  <testcase name="testAbaNumberCheck_15044_bad" classname="com.cardatechnologies.utils.validators.abaroutevalidator.Test_AbaRouteValidator_08" time="0"/>
  <testcase name="testAbaNumberCheck_15046_bad" classname="com.cardatechnologies.utils.validators.abaroutevalidator.Test_AbaRouteValidator_08" time="0"/>
  <testcase name="testAbaNumberCheck_17227_good" classname="com.cardatechnologies.utils.validators.abaroutevalidator.Test_AbaRouteValidator_08" time="0"/>
  <testcase name="testAbaNumberCheck_15048_bad" classname="com.cardatechnologies.utils.validators.abaroutevalidator.Test_AbaRouteValidator_08" time="0"/>
  <testcase name="testAbaNumberCheck_17191_good" classname="com.cardatechnologies.utils.validators.abaroutevalidator.Test_AbaRouteValidator_08" time="0"/>
  <testcase name="testAbaNumberCheck_16251_good" classname="com.cardatechnologies.utils.validators.abaroutevalidator.Test_AbaRouteValidator_08" time="0"/>
  <testcase name="testAbaNumberCheck_15311_good" classname="com.cardatechnologies.utils.validators.abaroutevalidator.Test_AbaRouteValidator_08" time="0"/>
  <testcase name="testAbaNumberCheck_17065_good" classname="com.cardatechnologies.utils.validators.abaroutevalidator.Test_AbaRouteValidator_08" time="0"/>
  <testcase name="testAbaNumberCheck_16125_good" classname="com.cardatechnologies.utils.validators.abaroutevalidator.Test_AbaRouteValidator_08" time="0"/>
  <testcase name="testAbaNumberCheck_17120_bad" classname="com.cardatechnologies.utils.validators.abaroutevalidator.Test_AbaRouteValidator_08" time="0"/>
  <testcase name="testAbaNumberCheck_15023_good" classname="com.cardatechnologies.utils.validators.abaroutevalidator.Test_AbaRouteValidator_08" time="0"/>
  <testcase name="testAbaNumberCheck_17122_bad" classname="com.cardatechnologies.utils.validators.abaroutevalidator.Test_AbaRouteValidator_08" time="0"/>
  <testcase name="testAbaNumberCheck_16621_good" classname="com.cardatechnologies.utils.validators.abaroutevalidator.Test_AbaRouteValidator_08" time="0"/>
  <testcase name="testAbaNumberCheck_16310_bad" classname="com.cardatechnologies.utils.validators.abaroutevalidator.Test_AbaRouteValidator_08" time="0"/>
  <testcase name="testAbaNumberCheck_17124_bad" classname="com.cardatechnologies.utils.validators.abaroutevalidator.Test_AbaRouteValidator_08" time="0"/>
  <testcase name="testAbaNumberCheck_16312_bad" classname="com.cardatechnologies.utils.validators.abaroutevalidator.Test_AbaRouteValidator_08" time="0"/>
  <testcase name="testAbaNumberCheck_17126_bad" classname="com.cardatechnologies.utils.validators.abaroutevalidator.Test_AbaRouteValidator_08" time="0"/>
  <testcase name="testAbaNumberCheck_17435_good" classname="com.cardatechnologies.utils.validators.abaroutevalidator.Test_AbaRouteValidator_08" time="0"/>
  <testcase name="testAbaNumberCheck_15500_bad" classname="com.cardatechnologies.utils.validators.abaroutevalidator.Test_AbaRouteValidator_08" time="0.001"/>
  <testcase name="testAbaNumberCheck_16314_bad" classname="com.cardatechnologies.utils.validators.abaroutevalidator.Test_AbaRouteValidator_08" time="0"/>
  <testcase name="testAbaNumberCheck_17128_bad" classname="com.cardatechnologies.utils.validators.abaroutevalidator.Test_AbaRouteValidator_08" time="0"/>
  <testcase name="testAbaNumberCheck_15050_bad" classname="com.cardatechnologies.utils.validators.abaroutevalidator.Test_AbaRouteValidator_08" time="0"/>
  <testcase name="testAbaNumberCheck_15502_bad" classname="com.cardatechnologies.utils.validators.abaroutevalidator.Test_AbaRouteValidator_08" time="0"/>
  <testcase name="testAbaNumberCheck_16316_bad" classname="com.cardatechnologies.utils.validators.abaroutevalidator.Test_AbaRouteValidator_08" time="0"/>
  <testcase name="testAbaNumberCheck_15052_bad" classname="com.cardatechnologies.utils.validators.abaroutevalidator.Test_AbaRouteValidator_08" time="0"/>
  <testcase name="testAbaNumberCheck_17309_good" classname="com.cardatechnologies.utils.validators.abaroutevalidator.Test_AbaRouteValidator_08" time="0"/>
  <testcase name="testAbaNumberCheck_15504_bad" classname="com.cardatechnologies.utils.validators.abaroutevalidator.Test_AbaRouteValidator_08" time="0"/>
  <testcase name="testAbaNumberCheck_16318_bad" classname="com.cardatechnologies.utils.validators.abaroutevalidator.Test_AbaRouteValidator_08" time="0"/>
  <testcase name="testAbaNumberCheck_15054_bad" classname="com.cardatechnologies.utils.validators.abaroutevalidator.Test_AbaRouteValidator_08" time="0"/>
  <testcase name="testAbaNumberCheck_15506_bad" classname="com.cardatechnologies.utils.validators.abaroutevalidator.Test_AbaRouteValidator_08" time="0"/>
  <testcase name="testAbaNumberCheck_15056_bad" classname="com.cardatechnologies.utils.validators.abaroutevalidator.Test_AbaRouteValidator_08" time="0"/>
  <testcase name="testAbaNumberCheck_17273_good" classname="com.cardatechnologies.utils.validators.abaroutevalidator.Test_AbaRouteValidator_08" time="0"/>
  <testcase name="testAbaNumberCheck_16333_good" classname="com.cardatechnologies.utils.validators.abaroutevalidator.Test_AbaRouteValidator_08" time="0"/>
  <testcase name="testAbaNumberCheck_15508_bad" classname="com.cardatechnologies.utils.validators.abaroutevalidator.Test_AbaRouteValidator_08" time="0"/>
  <testcase name="testAbaNumberCheck_15058_bad" classname="com.cardatechnologies.utils.validators.abaroutevalidator.Test_AbaRouteValidator_08" time="0"/>
  <testcase name="testAbaNumberCheck_17147_good" classname="com.cardatechnologies.utils.validators.abaroutevalidator.Test_AbaRouteValidator_08" time="0"/>
  <testcase name="testAbaNumberCheck_16207_good" classname="com.cardatechnologies.utils.validators.abaroutevalidator.Test_AbaRouteValidator_08" time="0"/>
  <testcase name="testAbaNumberCheck_16171_good" classname="com.cardatechnologies.utils.validators.abaroutevalidator.Test_AbaRouteValidator_08" time="0"/>
  <testcase name="testAbaNumberCheck_15231_good" classname="com.cardatechnologies.utils.validators.abaroutevalidator.Test_AbaRouteValidator_08" time="0"/>
  <testcase name="testAbaNumberCheck_16045_good" classname="com.cardatechnologies.utils.validators.abaroutevalidator.Test_AbaRouteValidator_08" time="0"/>
  <testcase name="testAbaNumberCheck_15105_good" classname="com.cardatechnologies.utils.validators.abaroutevalidator.Test_AbaRouteValidator_08" time="0"/>
  <testcase name="testAbaNumberCheck_16703_good" classname="com.cardatechnologies.utils.validators.abaroutevalidator.Test_AbaRouteValidator_08" time="0.001"/>
  <testcase name="testAbaNumberCheck_17130_bad" classname="com.cardatechnologies.utils.validators.abaroutevalidator.Test_AbaRouteValidator_08" time="0"/>
  <testcase name="testAbaNumberCheck_17132_bad" classname="com.cardatechnologies.utils.validators.abaroutevalidator.Test_AbaRouteValidator_08" time="0"/>
  <testcase name="testAbaNumberCheck_17517_good" classname="com.cardatechnologies.utils.validators.abaroutevalidator.Test_AbaRouteValidator_08" time="0"/>
  <testcase name="testAbaNumberCheck_16320_bad" classname="com.cardatechnologies.utils.validators.abaroutevalidator.Test_AbaRouteValidator_08" time="0"/>
  <testcase name="testAbaNumberCheck_17134_bad" classname="com.cardatechnologies.utils.validators.abaroutevalidator.Test_AbaRouteValidator_08" time="0"/>
  <testcase name="testAbaNumberCheck_16322_bad" classname="com.cardatechnologies.utils.validators.abaroutevalidator.Test_AbaRouteValidator_08" time="0"/>
  <testcase name="testAbaNumberCheck_17136_bad" classname="com.cardatechnologies.utils.validators.abaroutevalidator.Test_AbaRouteValidator_08" time="0"/>
  <testcase name="testAbaNumberCheck_17481_good" classname="com.cardatechnologies.utils.validators.abaroutevalidator.Test_AbaRouteValidator_08" time="0"/>
  <testcase name="testAbaNumberCheck_16541_good" classname="com.cardatechnologies.utils.validators.abaroutevalidator.Test_AbaRouteValidator_08" time="0"/>
  <testcase name="testAbaNumberCheck_15601_good" classname="com.cardatechnologies.utils.validators.abaroutevalidator.Test_AbaRouteValidator_08" time="0"/>
  <testcase name="testAbaNumberCheck_15510_bad" classname="com.cardatechnologies.utils.validators.abaroutevalidator.Test_AbaRouteValidator_08" time="0"/>
  <testcase name="testAbaNumberCheck_16324_bad" classname="com.cardatechnologies.utils.validators.abaroutevalidator.Test_AbaRouteValidator_08" time="0"/>
  <testcase name="testAbaNumberCheck_17138_bad" classname="com.cardatechnologies.utils.validators.abaroutevalidator.Test_AbaRouteValidator_08" time="0"/>
  <testcase name="testAbaNumberCheck_15060_bad" classname="com.cardatechnologies.utils.validators.abaroutevalidator.Test_AbaRouteValidator_08" time="0"/>
  <testcase name="testAbaNumberCheck_15512_bad" classname="com.cardatechnologies.utils.validators.abaroutevalidator.Test_AbaRouteValidator_08" time="0"/>
  <testcase name="testAbaNumberCheck_16326_bad" classname="com.cardatechnologies.utils.validators.abaroutevalidator.Test_AbaRouteValidator_08" time="0"/>
  <testcase name="testAbaNumberCheck_15062_bad" classname="com.cardatechnologies.utils.validators.abaroutevalidator.Test_AbaRouteValidator_08" time="0"/>
  <testcase name="testAbaNumberCheck_17355_good" classname="com.cardatechnologies.utils.validators.abaroutevalidator.Test_AbaRouteValidator_08" time="0"/>
  <testcase name="testAbaNumberCheck_16415_good" classname="com.cardatechnologies.utils.validators.abaroutevalidator.Test_AbaRouteValidator_08" time="0"/>
  <testcase name="testAbaNumberCheck_15514_bad" classname="com.cardatechnologies.utils.validators.abaroutevalidator.Test_AbaRouteValidator_08" time="0"/>
  <testcase name="testAbaNumberCheck_16328_bad" classname="com.cardatechnologies.utils.validators.abaroutevalidator.Test_AbaRouteValidator_08" time="0.001"/>
  <testcase name="testAbaNumberCheck_15064_bad" classname="com.cardatechnologies.utils.validators.abaroutevalidator.Test_AbaRouteValidator_08" time="0"/>
  <testcase name="testAbaNumberCheck_15516_bad" classname="com.cardatechnologies.utils.validators.abaroutevalidator.Test_AbaRouteValidator_08" time="0"/>
  <testcase name="testAbaNumberCheck_15066_bad" classname="com.cardatechnologies.utils.validators.abaroutevalidator.Test_AbaRouteValidator_08" time="0"/>
  <testcase name="testAbaNumberCheck_17229_good" classname="com.cardatechnologies.utils.validators.abaroutevalidator.Test_AbaRouteValidator_08" time="0"/>
  <testcase name="testAbaNumberCheck_15518_bad" classname="com.cardatechnologies.utils.validators.abaroutevalidator.Test_AbaRouteValidator_08" time="0"/>
  <testcase name="testAbaNumberCheck_15068_bad" classname="com.cardatechnologies.utils.validators.abaroutevalidator.Test_AbaRouteValidator_08" time="0"/>
  <testcase name="testAbaNumberCheck_17193_good" classname="com.cardatechnologies.utils.validators.abaroutevalidator.Test_AbaRouteValidator_08" time="0"/>
  <testcase name="testAbaNumberCheck_16253_good" classname="com.cardatechnologies.utils.validators.abaroutevalidator.Test_AbaRouteValidator_08" time="0"/>
  <testcase name="testAbaNumberCheck_15313_good" classname="com.cardatechnologies.utils.validators.abaroutevalidator.Test_AbaRouteValidator_08" time="0"/>
  <testcase name="testAbaNumberCheck_16911_good" classname="com.cardatechnologies.utils.validators.abaroutevalidator.Test_AbaRouteValidator_08" time="0"/>
  <testcase name="testAbaNumberCheck_17067_good" classname="com.cardatechnologies.utils.validators.abaroutevalidator.Test_AbaRouteValidator_08" time="0"/>
  <testcase name="testAbaNumberCheck_16127_good" classname="com.cardatechnologies.utils.validators.abaroutevalidator.Test_AbaRouteValidator_08" time="0"/>
  <testcase name="testAbaNumberCheck_16091_good" classname="com.cardatechnologies.utils.validators.abaroutevalidator.Test_AbaRouteValidator_08" time="0"/>
  <testcase name="testAbaNumberCheck_15151_good" classname="com.cardatechnologies.utils.validators.abaroutevalidator.Test_AbaRouteValidator_08" time="0"/>
  <testcase name="testAbaNumberCheck_17140_bad" classname="com.cardatechnologies.utils.validators.abaroutevalidator.Test_AbaRouteValidator_08" time="0"/>
  <testcase name="testAbaNumberCheck_15025_good" classname="com.cardatechnologies.utils.validators.abaroutevalidator.Test_AbaRouteValidator_08" time="0"/>
  <testcase name="testAbaNumberCheck_17142_bad" classname="com.cardatechnologies.utils.validators.abaroutevalidator.Test_AbaRouteValidator_08" time="0"/>
  <testcase name="testAbaNumberCheck_16623_good" classname="com.cardatechnologies.utils.validators.abaroutevalidator.Test_AbaRouteValidator_08" time="0"/>
  <testcase name="testAbaNumberCheck_16330_bad" classname="com.cardatechnologies.utils.validators.abaroutevalidator.Test_AbaRouteValidator_08" time="0"/>
  <testcase name="testAbaNumberCheck_17144_bad" classname="com.cardatechnologies.utils.validators.abaroutevalidator.Test_AbaRouteValidator_08" time="0"/>
  <testcase name="testAbaNumberCheck_16332_bad" classname="com.cardatechnologies.utils.validators.abaroutevalidator.Test_AbaRouteValidator_08" time="0"/>
  <testcase name="testAbaNumberCheck_17146_bad" classname="com.cardatechnologies.utils.validators.abaroutevalidator.Test_AbaRouteValidator_08" time="0.001"/>
  <testcase name="testAbaNumberCheck_17437_good" classname="com.cardatechnologies.utils.validators.abaroutevalidator.Test_AbaRouteValidator_08" time="0"/>
  <testcase name="testAbaNumberCheck_15520_bad" classname="com.cardatechnologies.utils.validators.abaroutevalidator.Test_AbaRouteValidator_08" time="0"/>
  <testcase name="testAbaNumberCheck_16334_bad" classname="com.cardatechnologies.utils.validators.abaroutevalidator.Test_AbaRouteValidator_08" time="0"/>
  <testcase name="testAbaNumberCheck_17148_bad" classname="com.cardatechnologies.utils.validators.abaroutevalidator.Test_AbaRouteValidator_08" time="0"/>
  <testcase name="testAbaNumberCheck_15070_bad" classname="com.cardatechnologies.utils.validators.abaroutevalidator.Test_AbaRouteValidator_08" time="0"/>
  <testcase name="testAbaNumberCheck_15522_bad" classname="com.cardatechnologies.utils.validators.abaroutevalidator.Test_AbaRouteValidator_08" time="0"/>
  <testcase name="testAbaNumberCheck_16336_bad" classname="com.cardatechnologies.utils.validators.abaroutevalidator.Test_AbaRouteValidator_08" time="0"/>
  <testcase name="testAbaNumberCheck_15072_bad" classname="com.cardatechnologies.utils.validators.abaroutevalidator.Test_AbaRouteValidator_08" time="0"/>
  <testcase name="testAbaNumberCheck_16461_good" classname="com.cardatechnologies.utils.validators.abaroutevalidator.Test_AbaRouteValidator_08" time="0"/>
  <testcase name="testAbaNumberCheck_15521_good" classname="com.cardatechnologies.utils.validators.abaroutevalidator.Test_AbaRouteValidator_08" time="0"/>
  <testcase name="testAbaNumberCheck_15524_bad" classname="com.cardatechnologies.utils.validators.abaroutevalidator.Test_AbaRouteValidator_08" time="0"/>
  <testcase name="testAbaNumberCheck_16338_bad" classname="com.cardatechnologies.utils.validators.abaroutevalidator.Test_AbaRouteValidator_08" time="0"/>
  <testcase name="testAbaNumberCheck_15074_bad" classname="com.cardatechnologies.utils.validators.abaroutevalidator.Test_AbaRouteValidator_08" time="0"/>
  <testcase name="testAbaNumberCheck_15526_bad" classname="com.cardatechnologies.utils.validators.abaroutevalidator.Test_AbaRouteValidator_08" time="0"/>
  <testcase name="testAbaNumberCheck_15076_bad" classname="com.cardatechnologies.utils.validators.abaroutevalidator.Test_AbaRouteValidator_08" time="0"/>
  <testcase name="testAbaNumberCheck_17275_good" classname="com.cardatechnologies.utils.validators.abaroutevalidator.Test_AbaRouteValidator_08" time="0"/>
  <testcase name="testAbaNumberCheck_16335_good" classname="com.cardatechnologies.utils.validators.abaroutevalidator.Test_AbaRouteValidator_08" time="0"/>
  <testcase name="testAbaNumberCheck_15528_bad" classname="com.cardatechnologies.utils.validators.abaroutevalidator.Test_AbaRouteValidator_08" time="0"/>
  <testcase name="testAbaNumberCheck_15078_bad" classname="com.cardatechnologies.utils.validators.abaroutevalidator.Test_AbaRouteValidator_08" time="0"/>
  <testcase name="testAbaNumberCheck_17149_good" classname="com.cardatechnologies.utils.validators.abaroutevalidator.Test_AbaRouteValidator_08" time="0"/>
  <testcase name="testAbaNumberCheck_16209_good" classname="com.cardatechnologies.utils.validators.abaroutevalidator.Test_AbaRouteValidator_08" time="0.001"/>
  <testcase name="testAbaNumberCheck_16173_good" classname="com.cardatechnologies.utils.validators.abaroutevalidator.Test_AbaRouteValidator_08" time="0"/>
  <testcase name="testAbaNumberCheck_15233_good" classname="com.cardatechnologies.utils.validators.abaroutevalidator.Test_AbaRouteValidator_08" time="0"/>
  <testcase name="testAbaNumberCheck_16831_good" classname="com.cardatechnologies.utils.validators.abaroutevalidator.Test_AbaRouteValidator_08" time="0"/>
  <testcase name="testAbaNumberCheck_16047_good" classname="com.cardatechnologies.utils.validators.abaroutevalidator.Test_AbaRouteValidator_08" time="0"/>
  <testcase name="testAbaNumberCheck_15107_good" classname="com.cardatechnologies.utils.validators.abaroutevalidator.Test_AbaRouteValidator_08" time="0"/>
  <testcase name="testAbaNumberCheck_16705_good" classname="com.cardatechnologies.utils.validators.abaroutevalidator.Test_AbaRouteValidator_08" time="0"/>
  <testcase name="testAbaNumberCheck_15071_good" classname="com.cardatechnologies.utils.validators.abaroutevalidator.Test_AbaRouteValidator_08" time="0"/>
  <testcase name="testAbaNumberCheck_17150_bad" classname="com.cardatechnologies.utils.validators.abaroutevalidator.Test_AbaRouteValidator_08" time="0"/>
  <testcase name="testAbaNumberCheck_17152_bad" classname="com.cardatechnologies.utils.validators.abaroutevalidator.Test_AbaRouteValidator_08" time="0"/>
  <testcase name="testAbaNumberCheck_17519_good" classname="com.cardatechnologies.utils.validators.abaroutevalidator.Test_AbaRouteValidator_08" time="0"/>
  <testcase name="testAbaNumberCheck_16340_bad" classname="com.cardatechnologies.utils.validators.abaroutevalidator.Test_AbaRouteValidator_08" time="0"/>
  <testcase name="testAbaNumberCheck_17154_bad" classname="com.cardatechnologies.utils.validators.abaroutevalidator.Test_AbaRouteValidator_08" time="0"/>
  <testcase name="testAbaNumberCheck_16342_bad" classname="com.cardatechnologies.utils.validators.abaroutevalidator.Test_AbaRouteValidator_08" time="0"/>
  <testcase name="testAbaNumberCheck_17156_bad" classname="com.cardatechnologies.utils.validators.abaroutevalidator.Test_AbaRouteValidator_08" time="0"/>
  <testcase name="testAbaNumberCheck_17483_good" classname="com.cardatechnologies.utils.validators.abaroutevalidator.Test_AbaRouteValidator_08" time="0"/>
  <testcase name="testAbaNumberCheck_16543_good" classname="com.cardatechnologies.utils.validators.abaroutevalidator.Test_AbaRouteValidator_08" time="0"/>
  <testcase name="testAbaNumberCheck_15603_good" classname="com.cardatechnologies.utils.validators.abaroutevalidator.Test_AbaRouteValidator_08" time="0"/>
  <testcase name="testAbaNumberCheck_15530_bad" classname="com.cardatechnologies.utils.validators.abaroutevalidator.Test_AbaRouteValidator_08" time="0"/>
  <testcase name="testAbaNumberCheck_16344_bad" classname="com.cardatechnologies.utils.validators.abaroutevalidator.Test_AbaRouteValidator_08" time="0"/>
  <testcase name="testAbaNumberCheck_17158_bad" classname="com.cardatechnologies.utils.validators.abaroutevalidator.Test_AbaRouteValidator_08" time="0"/>
  <testcase name="testAbaNumberCheck_15080_bad" classname="com.cardatechnologies.utils.validators.abaroutevalidator.Test_AbaRouteValidator_08" time="0"/>
  <testcase name="testAbaNumberCheck_15532_bad" classname="com.cardatechnologies.utils.validators.abaroutevalidator.Test_AbaRouteValidator_08" time="0.001"/>
  <testcase name="testAbaNumberCheck_16346_bad" classname="com.cardatechnologies.utils.validators.abaroutevalidator.Test_AbaRouteValidator_08" time="0"/>
  <testcase name="testAbaNumberCheck_15082_bad" classname="com.cardatechnologies.utils.validators.abaroutevalidator.Test_AbaRouteValidator_08" time="0"/>
  <testcase name="testAbaNumberCheck_17357_good" classname="com.cardatechnologies.utils.validators.abaroutevalidator.Test_AbaRouteValidator_08" time="0"/>
  <testcase name="testAbaNumberCheck_16417_good" classname="com.cardatechnologies.utils.validators.abaroutevalidator.Test_AbaRouteValidator_08" time="0"/>
  <testcase name="testAbaNumberCheck_15534_bad" classname="com.cardatechnologies.utils.validators.abaroutevalidator.Test_AbaRouteValidator_08" time="0"/>
  <testcase name="testAbaNumberCheck_16348_bad" classname="com.cardatechnologies.utils.validators.abaroutevalidator.Test_AbaRouteValidator_08" time="0"/>
  <testcase name="testAbaNumberCheck_15084_bad" classname="com.cardatechnologies.utils.validators.abaroutevalidator.Test_AbaRouteValidator_08" time="0"/>
  <testcase name="testAbaNumberCheck_15536_bad" classname="com.cardatechnologies.utils.validators.abaroutevalidator.Test_AbaRouteValidator_08" time="0"/>
  <testcase name="testAbaNumberCheck_16381_good" classname="com.cardatechnologies.utils.validators.abaroutevalidator.Test_AbaRouteValidator_08" time="0"/>
  <testcase name="testAbaNumberCheck_15086_bad" classname="com.cardatechnologies.utils.validators.abaroutevalidator.Test_AbaRouteValidator_08" time="0"/>
  <testcase name="testAbaNumberCheck_15441_good" classname="com.cardatechnologies.utils.validators.abaroutevalidator.Test_AbaRouteValidator_08" time="0"/>
  <testcase name="testAbaNumberCheck_15538_bad" classname="com.cardatechnologies.utils.validators.abaroutevalidator.Test_AbaRouteValidator_08" time="0"/>
  <testcase name="testAbaNumberCheck_15088_bad" classname="com.cardatechnologies.utils.validators.abaroutevalidator.Test_AbaRouteValidator_08" time="0"/>
  <testcase name="testAbaNumberCheck_17195_good" classname="com.cardatechnologies.utils.validators.abaroutevalidator.Test_AbaRouteValidator_08" time="0"/>
  <testcase name="testAbaNumberCheck_16255_good" classname="com.cardatechnologies.utils.validators.abaroutevalidator.Test_AbaRouteValidator_08" time="0"/>
  <testcase name="testAbaNumberCheck_15315_good" classname="com.cardatechnologies.utils.validators.abaroutevalidator.Test_AbaRouteValidator_08" time="0"/>
  <testcase name="testAbaNumberCheck_16913_good" classname="com.cardatechnologies.utils.validators.abaroutevalidator.Test_AbaRouteValidator_08" time="0"/>
  <testcase name="testAbaNumberCheck_17069_good" classname="com.cardatechnologies.utils.validators.abaroutevalidator.Test_AbaRouteValidator_08" time="0"/>
  <testcase name="testAbaNumberCheck_16129_good" classname="com.cardatechnologies.utils.validators.abaroutevalidator.Test_AbaRouteValidator_08" time="0.001"/>
  <testcase name="testAbaNumberCheck_16093_good" classname="com.cardatechnologies.utils.validators.abaroutevalidator.Test_AbaRouteValidator_08" time="0"/>
  <testcase name="testAbaNumberCheck_15153_good" classname="com.cardatechnologies.utils.validators.abaroutevalidator.Test_AbaRouteValidator_08" time="0"/>
  <testcase name="testAbaNumberCheck_16751_good" classname="com.cardatechnologies.utils.validators.abaroutevalidator.Test_AbaRouteValidator_08" time="0"/>
  <testcase name="testAbaNumberCheck_15811_good" classname="com.cardatechnologies.utils.validators.abaroutevalidator.Test_AbaRouteValidator_08" time="0"/>
  <testcase name="testAbaNumberCheck_17160_bad" classname="com.cardatechnologies.utils.validators.abaroutevalidator.Test_AbaRouteValidator_08" time="0"/>
  <testcase name="testAbaNumberCheck_15027_good" classname="com.cardatechnologies.utils.validators.abaroutevalidator.Test_AbaRouteValidator_08" time="0"/>
  <testcase name="testAbaNumberCheck_17162_bad" classname="com.cardatechnologies.utils.validators.abaroutevalidator.Test_AbaRouteValidator_08" time="0"/>
  <testcase name="testAbaNumberCheck_16625_good" classname="com.cardatechnologies.utils.validators.abaroutevalidator.Test_AbaRouteValidator_08" time="0"/>
  <testcase name="testAbaNumberCheck_16800_bad" classname="com.cardatechnologies.utils.validators.abaroutevalidator.Test_AbaRouteValidator_08" time="0"/>
  <testcase name="testAbaNumberCheck_16350_bad" classname="com.cardatechnologies.utils.validators.abaroutevalidator.Test_AbaRouteValidator_08" time="0"/>
  <testcase name="testAbaNumberCheck_17164_bad" classname="com.cardatechnologies.utils.validators.abaroutevalidator.Test_AbaRouteValidator_08" time="0"/>
  <testcase name="testAbaNumberCheck_16802_bad" classname="com.cardatechnologies.utils.validators.abaroutevalidator.Test_AbaRouteValidator_08" time="0"/>
  <testcase name="testAbaNumberCheck_16352_bad" classname="com.cardatechnologies.utils.validators.abaroutevalidator.Test_AbaRouteValidator_08" time="0"/>
  <testcase name="testAbaNumberCheck_17166_bad" classname="com.cardatechnologies.utils.validators.abaroutevalidator.Test_AbaRouteValidator_08" time="0"/>
  <testcase name="testAbaNumberCheck_17439_good" classname="com.cardatechnologies.utils.validators.abaroutevalidator.Test_AbaRouteValidator_08" time="0"/>
  <testcase name="testAbaNumberCheck_16804_bad" classname="com.cardatechnologies.utils.validators.abaroutevalidator.Test_AbaRouteValidator_08" time="0"/>
  <testcase name="testAbaNumberCheck_15540_bad" classname="com.cardatechnologies.utils.validators.abaroutevalidator.Test_AbaRouteValidator_08" time="0"/>
  <testcase name="testAbaNumberCheck_16354_bad" classname="com.cardatechnologies.utils.validators.abaroutevalidator.Test_AbaRouteValidator_08" time="0"/>
  <testcase name="testAbaNumberCheck_17168_bad" classname="com.cardatechnologies.utils.validators.abaroutevalidator.Test_AbaRouteValidator_08" time="0"/>
  <testcase name="testAbaNumberCheck_15090_bad" classname="com.cardatechnologies.utils.validators.abaroutevalidator.Test_AbaRouteValidator_08" time="0"/>
  <testcase name="testAbaNumberCheck_16806_bad" classname="com.cardatechnologies.utils.validators.abaroutevalidator.Test_AbaRouteValidator_08" time="0"/>
  <testcase name="testAbaNumberCheck_15542_bad" classname="com.cardatechnologies.utils.validators.abaroutevalidator.Test_AbaRouteValidator_08" time="0.001"/>
  <testcase name="testAbaNumberCheck_16356_bad" classname="com.cardatechnologies.utils.validators.abaroutevalidator.Test_AbaRouteValidator_08" time="0"/>
  <testcase name="testAbaNumberCheck_15092_bad" classname="com.cardatechnologies.utils.validators.abaroutevalidator.Test_AbaRouteValidator_08" time="0"/>
  <testcase name="testAbaNumberCheck_16463_good" classname="com.cardatechnologies.utils.validators.abaroutevalidator.Test_AbaRouteValidator_08" time="0"/>
  <testcase name="testAbaNumberCheck_15523_good" classname="com.cardatechnologies.utils.validators.abaroutevalidator.Test_AbaRouteValidator_08" time="0"/>
  <testcase name="testAbaNumberCheck_16808_bad" classname="com.cardatechnologies.utils.validators.abaroutevalidator.Test_AbaRouteValidator_08" time="0"/>
  <testcase name="testAbaNumberCheck_15544_bad" classname="com.cardatechnologies.utils.validators.abaroutevalidator.Test_AbaRouteValidator_08" time="0"/>
  <testcase name="testAbaNumberCheck_16358_bad" classname="com.cardatechnologies.utils.validators.abaroutevalidator.Test_AbaRouteValidator_08" time="0"/>
  <testcase name="testAbaNumberCheck_15094_bad" classname="com.cardatechnologies.utils.validators.abaroutevalidator.Test_AbaRouteValidator_08" time="0"/>
  <testcase name="testAbaNumberCheck_15546_bad" classname="com.cardatechnologies.utils.validators.abaroutevalidator.Test_AbaRouteValidator_08" time="0"/>
  <testcase name="testAbaNumberCheck_15096_bad" classname="com.cardatechnologies.utils.validators.abaroutevalidator.Test_AbaRouteValidator_08" time="0"/>
  <testcase name="testAbaNumberCheck_17277_good" classname="com.cardatechnologies.utils.validators.abaroutevalidator.Test_AbaRouteValidator_08" time="0"/>
  <testcase name="testAbaNumberCheck_16337_good" classname="com.cardatechnologies.utils.validators.abaroutevalidator.Test_AbaRouteValidator_08" time="0"/>
  <testcase name="testAbaNumberCheck_15548_bad" classname="com.cardatechnologies.utils.validators.abaroutevalidator.Test_AbaRouteValidator_08" time="0"/>
  <testcase name="testAbaNumberCheck_15098_bad" classname="com.cardatechnologies.utils.validators.abaroutevalidator.Test_AbaRouteValidator_08" time="0"/>
  <testcase name="testAbaNumberCheck_15361_good" classname="com.cardatechnologies.utils.validators.abaroutevalidator.Test_AbaRouteValidator_08" time="0.001"/>
  <testcase name="testAbaNumberCheck_16175_good" classname="com.cardatechnologies.utils.validators.abaroutevalidator.Test_AbaRouteValidator_08" time="0"/>
  <testcase name="testAbaNumberCheck_15235_good" classname="com.cardatechnologies.utils.validators.abaroutevalidator.Test_AbaRouteValidator_08" time="0"/>
  <testcase name="testAbaNumberCheck_16833_good" classname="com.cardatechnologies.utils.validators.abaroutevalidator.Test_AbaRouteValidator_08" time="0"/>
  <testcase name="testAbaNumberCheck_16049_good" classname="com.cardatechnologies.utils.validators.abaroutevalidator.Test_AbaRouteValidator_08" time="0"/>
  <testcase name="testAbaNumberCheck_15109_good" classname="com.cardatechnologies.utils.validators.abaroutevalidator.Test_AbaRouteValidator_08" time="0"/>
  <testcase name="testAbaNumberCheck_16707_good" classname="com.cardatechnologies.utils.validators.abaroutevalidator.Test_AbaRouteValidator_08" time="0"/>
  <testcase name="testAbaNumberCheck_15073_good" classname="com.cardatechnologies.utils.validators.abaroutevalidator.Test_AbaRouteValidator_08" time="0"/>
  <testcase name="testAbaNumberCheck_17170_bad" classname="com.cardatechnologies.utils.validators.abaroutevalidator.Test_AbaRouteValidator_08" time="0"/>
  <testcase name="testAbaNumberCheck_17172_bad" classname="com.cardatechnologies.utils.validators.abaroutevalidator.Test_AbaRouteValidator_08" time="0"/>
  <testcase name="testAbaNumberCheck_16671_good" classname="com.cardatechnologies.utils.validators.abaroutevalidator.Test_AbaRouteValidator_08" time="0"/>
  <testcase name="testAbaNumberCheck_15731_good" classname="com.cardatechnologies.utils.validators.abaroutevalidator.Test_AbaRouteValidator_08" time="0"/>
  <testcase name="testAbaNumberCheck_16810_bad" classname="com.cardatechnologies.utils.validators.abaroutevalidator.Test_AbaRouteValidator_08" time="0"/>
  <testcase name="testAbaNumberCheck_16360_bad" classname="com.cardatechnologies.utils.validators.abaroutevalidator.Test_AbaRouteValidator_08" time="0"/>
  <testcase name="testAbaNumberCheck_17174_bad" classname="com.cardatechnologies.utils.validators.abaroutevalidator.Test_AbaRouteValidator_08" time="0"/>
  <testcase name="testAbaNumberCheck_16812_bad" classname="com.cardatechnologies.utils.validators.abaroutevalidator.Test_AbaRouteValidator_08" time="0"/>
  <testcase name="testAbaNumberCheck_16362_bad" classname="com.cardatechnologies.utils.validators.abaroutevalidator.Test_AbaRouteValidator_08" time="0"/>
  <testcase name="testAbaNumberCheck_17176_bad" classname="com.cardatechnologies.utils.validators.abaroutevalidator.Test_AbaRouteValidator_08" time="0"/>
  <testcase name="testAbaNumberCheck_17485_good" classname="com.cardatechnologies.utils.validators.abaroutevalidator.Test_AbaRouteValidator_08" time="0.001"/>
  <testcase name="testAbaNumberCheck_16545_good" classname="com.cardatechnologies.utils.validators.abaroutevalidator.Test_AbaRouteValidator_08" time="0"/>
  <testcase name="testAbaNumberCheck_15605_good" classname="com.cardatechnologies.utils.validators.abaroutevalidator.Test_AbaRouteValidator_08" time="0"/>
  <testcase name="testAbaNumberCheck_16814_bad" classname="com.cardatechnologies.utils.validators.abaroutevalidator.Test_AbaRouteValidator_08" time="0"/>
  <testcase name="testAbaNumberCheck_15550_bad" classname="com.cardatechnologies.utils.validators.abaroutevalidator.Test_AbaRouteValidator_08" time="0"/>
  <testcase name="testAbaNumberCheck_16364_bad" classname="com.cardatechnologies.utils.validators.abaroutevalidator.Test_AbaRouteValidator_08" time="0"/>
  <testcase name="testAbaNumberCheck_17178_bad" classname="com.cardatechnologies.utils.validators.abaroutevalidator.Test_AbaRouteValidator_08" time="0"/>
  <testcase name="testAbaNumberCheck_16816_bad" classname="com.cardatechnologies.utils.validators.abaroutevalidator.Test_AbaRouteValidator_08" time="0"/>
  <testcase name="testAbaNumberCheck_15552_bad" classname="com.cardatechnologies.utils.validators.abaroutevalidator.Test_AbaRouteValidator_08" time="0"/>
  <testcase name="testAbaNumberCheck_16366_bad" classname="com.cardatechnologies.utils.validators.abaroutevalidator.Test_AbaRouteValidator_08" time="0"/>
  <testcase name="testAbaNumberCheck_17359_good" classname="com.cardatechnologies.utils.validators.abaroutevalidator.Test_AbaRouteValidator_08" time="0"/>
  <testcase name="testAbaNumberCheck_16419_good" classname="com.cardatechnologies.utils.validators.abaroutevalidator.Test_AbaRouteValidator_08" time="0"/>
  <testcase name="testAbaNumberCheck_16818_bad" classname="com.cardatechnologies.utils.validators.abaroutevalidator.Test_AbaRouteValidator_08" time="0"/>
  <testcase name="testAbaNumberCheck_15554_bad" classname="com.cardatechnologies.utils.validators.abaroutevalidator.Test_AbaRouteValidator_08" time="0"/>
  <testcase name="testAbaNumberCheck_16368_bad" classname="com.cardatechnologies.utils.validators.abaroutevalidator.Test_AbaRouteValidator_08" time="0"/>
  <testcase name="testAbaNumberCheck_15556_bad" classname="com.cardatechnologies.utils.validators.abaroutevalidator.Test_AbaRouteValidator_08" time="0"/>
  <testcase name="testAbaNumberCheck_16383_good" classname="com.cardatechnologies.utils.validators.abaroutevalidator.Test_AbaRouteValidator_08" time="0"/>
  <testcase name="testAbaNumberCheck_15443_good" classname="com.cardatechnologies.utils.validators.abaroutevalidator.Test_AbaRouteValidator_08" time="0"/>
  <testcase name="testAbaNumberCheck_15558_bad" classname="com.cardatechnologies.utils.validators.abaroutevalidator.Test_AbaRouteValidator_08" time="0"/>
  <testcase name="testAbaNumberCheck_17197_good" classname="com.cardatechnologies.utils.validators.abaroutevalidator.Test_AbaRouteValidator_08" time="0"/>
  <testcase name="testAbaNumberCheck_16257_good" classname="com.cardatechnologies.utils.validators.abaroutevalidator.Test_AbaRouteValidator_08" time="0"/>
  <testcase name="testAbaNumberCheck_15317_good" classname="com.cardatechnologies.utils.validators.abaroutevalidator.Test_AbaRouteValidator_08" time="0.001"/>
  <testcase name="testAbaNumberCheck_16915_good" classname="com.cardatechnologies.utils.validators.abaroutevalidator.Test_AbaRouteValidator_08" time="0"/>
  <testcase name="testAbaNumberCheck_15281_good" classname="com.cardatechnologies.utils.validators.abaroutevalidator.Test_AbaRouteValidator_08" time="0"/>
  <testcase name="testAbaNumberCheck_16095_good" classname="com.cardatechnologies.utils.validators.abaroutevalidator.Test_AbaRouteValidator_08" time="0"/>
  <testcase name="testAbaNumberCheck_15155_good" classname="com.cardatechnologies.utils.validators.abaroutevalidator.Test_AbaRouteValidator_08" time="0"/>
  <testcase name="testAbaNumberCheck_16753_good" classname="com.cardatechnologies.utils.validators.abaroutevalidator.Test_AbaRouteValidator_08" time="0"/>
  <testcase name="testAbaNumberCheck_15813_good" classname="com.cardatechnologies.utils.validators.abaroutevalidator.Test_AbaRouteValidator_08" time="0"/>
  <testcase name="testAbaNumberCheck_17180_bad" classname="com.cardatechnologies.utils.validators.abaroutevalidator.Test_AbaRouteValidator_08" time="0"/>
  <testcase name="testAbaNumberCheck_15029_good" classname="com.cardatechnologies.utils.validators.abaroutevalidator.Test_AbaRouteValidator_08" time="0"/>
  <testcase name="testAbaNumberCheck_17182_bad" classname="com.cardatechnologies.utils.validators.abaroutevalidator.Test_AbaRouteValidator_08" time="0"/>
  <testcase name="testAbaNumberCheck_16627_good" classname="com.cardatechnologies.utils.validators.abaroutevalidator.Test_AbaRouteValidator_08" time="0"/>
  <testcase name="testAbaNumberCheck_16820_bad" classname="com.cardatechnologies.utils.validators.abaroutevalidator.Test_AbaRouteValidator_08" time="0"/>
  <testcase name="testAbaNumberCheck_16370_bad" classname="com.cardatechnologies.utils.validators.abaroutevalidator.Test_AbaRouteValidator_08" time="0"/>
  <testcase name="testAbaNumberCheck_17184_bad" classname="com.cardatechnologies.utils.validators.abaroutevalidator.Test_AbaRouteValidator_08" time="0"/>
  <testcase name="testAbaNumberCheck_16822_bad" classname="com.cardatechnologies.utils.validators.abaroutevalidator.Test_AbaRouteValidator_08" time="0"/>
  <testcase name="testAbaNumberCheck_16372_bad" classname="com.cardatechnologies.utils.validators.abaroutevalidator.Test_AbaRouteValidator_08" time="0"/>
  <testcase name="testAbaNumberCheck_16591_good" classname="com.cardatechnologies.utils.validators.abaroutevalidator.Test_AbaRouteValidator_08" time="0"/>
  <testcase name="testAbaNumberCheck_17186_bad" classname="com.cardatechnologies.utils.validators.abaroutevalidator.Test_AbaRouteValidator_08" time="0"/>
  <testcase name="testAbaNumberCheck_15651_good" classname="com.cardatechnologies.utils.validators.abaroutevalidator.Test_AbaRouteValidator_08" time="0"/>
  <testcase name="testAbaNumberCheck_16824_bad" classname="com.cardatechnologies.utils.validators.abaroutevalidator.Test_AbaRouteValidator_08" time="0"/>
  <testcase name="testAbaNumberCheck_15560_bad" classname="com.cardatechnologies.utils.validators.abaroutevalidator.Test_AbaRouteValidator_08" time="0"/>
  <testcase name="testAbaNumberCheck_16374_bad" classname="com.cardatechnologies.utils.validators.abaroutevalidator.Test_AbaRouteValidator_08" time="0"/>
  <testcase name="testAbaNumberCheck_17188_bad" classname="com.cardatechnologies.utils.validators.abaroutevalidator.Test_AbaRouteValidator_08" time="0"/>
  <testcase name="testAbaNumberCheck_16826_bad" classname="com.cardatechnologies.utils.validators.abaroutevalidator.Test_AbaRouteValidator_08" time="0"/>
  <testcase name="testAbaNumberCheck_15562_bad" classname="com.cardatechnologies.utils.validators.abaroutevalidator.Test_AbaRouteValidator_08" time="0.001"/>
  <testcase name="testAbaNumberCheck_16376_bad" classname="com.cardatechnologies.utils.validators.abaroutevalidator.Test_AbaRouteValidator_08" time="0"/>
  <testcase name="testAbaNumberCheck_16465_good" classname="com.cardatechnologies.utils.validators.abaroutevalidator.Test_AbaRouteValidator_08" time="0"/>
  <testcase name="testAbaNumberCheck_15525_good" classname="com.cardatechnologies.utils.validators.abaroutevalidator.Test_AbaRouteValidator_08" time="0"/>
  <testcase name="testAbaNumberCheck_16828_bad" classname="com.cardatechnologies.utils.validators.abaroutevalidator.Test_AbaRouteValidator_08" time="0"/>
  <testcase name="testAbaNumberCheck_15564_bad" classname="com.cardatechnologies.utils.validators.abaroutevalidator.Test_AbaRouteValidator_08" time="0"/>
  <testcase name="testAbaNumberCheck_16378_bad" classname="com.cardatechnologies.utils.validators.abaroutevalidator.Test_AbaRouteValidator_08" time="0"/>
  <testcase name="testAbaNumberCheck_15566_bad" classname="com.cardatechnologies.utils.validators.abaroutevalidator.Test_AbaRouteValidator_08" time="0"/>
  <testcase name="testAbaNumberCheck_17279_good" classname="com.cardatechnologies.utils.validators.abaroutevalidator.Test_AbaRouteValidator_08" time="0"/>
  <testcase name="testAbaNumberCheck_16339_good" classname="com.cardatechnologies.utils.validators.abaroutevalidator.Test_AbaRouteValidator_08" time="0"/>
  <testcase name="testAbaNumberCheck_15568_bad" classname="com.cardatechnologies.utils.validators.abaroutevalidator.Test_AbaRouteValidator_08" time="0"/>
  <testcase name="testAbaNumberCheck_15363_good" classname="com.cardatechnologies.utils.validators.abaroutevalidator.Test_AbaRouteValidator_08" time="0"/>
  <testcase name="testAbaNumberCheck_16961_good" classname="com.cardatechnologies.utils.validators.abaroutevalidator.Test_AbaRouteValidator_08" time="0"/>
  <testcase name="testAbaNumberCheck_16177_good" classname="com.cardatechnologies.utils.validators.abaroutevalidator.Test_AbaRouteValidator_08" time="0"/>
  <testcase name="testAbaNumberCheck_15237_good" classname="com.cardatechnologies.utils.validators.abaroutevalidator.Test_AbaRouteValidator_08" time="0"/>
  <testcase name="testAbaNumberCheck_16835_good" classname="com.cardatechnologies.utils.validators.abaroutevalidator.Test_AbaRouteValidator_08" time="0"/>
  <testcase name="testAbaNumberCheck_16709_good" classname="com.cardatechnologies.utils.validators.abaroutevalidator.Test_AbaRouteValidator_08" time="0"/>
  <testcase name="testAbaNumberCheck_15075_good" classname="com.cardatechnologies.utils.validators.abaroutevalidator.Test_AbaRouteValidator_08" time="0"/>
  <testcase name="testAbaNumberCheck_17190_bad" classname="com.cardatechnologies.utils.validators.abaroutevalidator.Test_AbaRouteValidator_08" time="0"/>
  <testcase name="testAbaNumberCheck_17192_bad" classname="com.cardatechnologies.utils.validators.abaroutevalidator.Test_AbaRouteValidator_08" time="0"/>
  <testcase name="testAbaNumberCheck_16673_good" classname="com.cardatechnologies.utils.validators.abaroutevalidator.Test_AbaRouteValidator_08" time="0"/>
  <testcase name="testAbaNumberCheck_15733_good" classname="com.cardatechnologies.utils.validators.abaroutevalidator.Test_AbaRouteValidator_08" time="0"/>
  <testcase name="testAbaNumberCheck_16830_bad" classname="com.cardatechnologies.utils.validators.abaroutevalidator.Test_AbaRouteValidator_08" time="0"/>
  <testcase name="testAbaNumberCheck_16380_bad" classname="com.cardatechnologies.utils.validators.abaroutevalidator.Test_AbaRouteValidator_08" time="0"/>
  <testcase name="testAbaNumberCheck_17194_bad" classname="com.cardatechnologies.utils.validators.abaroutevalidator.Test_AbaRouteValidator_08" time="0.001"/>
  <testcase name="testAbaNumberCheck_16832_bad" classname="com.cardatechnologies.utils.validators.abaroutevalidator.Test_AbaRouteValidator_08" time="0"/>
  <testcase name="testAbaNumberCheck_16382_bad" classname="com.cardatechnologies.utils.validators.abaroutevalidator.Test_AbaRouteValidator_08" time="0"/>
  <testcase name="testAbaNumberCheck_17196_bad" classname="com.cardatechnologies.utils.validators.abaroutevalidator.Test_AbaRouteValidator_08" time="0"/>
  <testcase name="testAbaNumberCheck_17487_good" classname="com.cardatechnologies.utils.validators.abaroutevalidator.Test_AbaRouteValidator_08" time="0"/>
  <testcase name="testAbaNumberCheck_16547_good" classname="com.cardatechnologies.utils.validators.abaroutevalidator.Test_AbaRouteValidator_08" time="0"/>
  <testcase name="testAbaNumberCheck_15607_good" classname="com.cardatechnologies.utils.validators.abaroutevalidator.Test_AbaRouteValidator_08" time="0"/>
  <testcase name="testAbaNumberCheck_16834_bad" classname="com.cardatechnologies.utils.validators.abaroutevalidator.Test_AbaRouteValidator_08" time="0"/>
  <testcase name="testAbaNumberCheck_15570_bad" classname="com.cardatechnologies.utils.validators.abaroutevalidator.Test_AbaRouteValidator_08" time="0"/>
  <testcase name="testAbaNumberCheck_16384_bad" classname="com.cardatechnologies.utils.validators.abaroutevalidator.Test_AbaRouteValidator_08" time="0"/>
  <testcase name="testAbaNumberCheck_17198_bad" classname="com.cardatechnologies.utils.validators.abaroutevalidator.Test_AbaRouteValidator_08" time="0"/>
  <testcase name="testAbaNumberCheck_16836_bad" classname="com.cardatechnologies.utils.validators.abaroutevalidator.Test_AbaRouteValidator_08" time="0"/>
  <testcase name="testAbaNumberCheck_15572_bad" classname="com.cardatechnologies.utils.validators.abaroutevalidator.Test_AbaRouteValidator_08" time="0"/>
  <testcase name="testAbaNumberCheck_16386_bad" classname="com.cardatechnologies.utils.validators.abaroutevalidator.Test_AbaRouteValidator_08" time="0"/>
  <testcase name="testAbaNumberCheck_15571_good" classname="com.cardatechnologies.utils.validators.abaroutevalidator.Test_AbaRouteValidator_08" time="0"/>
  <testcase name="testAbaNumberCheck_16838_bad" classname="com.cardatechnologies.utils.validators.abaroutevalidator.Test_AbaRouteValidator_08" time="0"/>
  <testcase name="testAbaNumberCheck_15574_bad" classname="com.cardatechnologies.utils.validators.abaroutevalidator.Test_AbaRouteValidator_08" time="0"/>
  <testcase name="testAbaNumberCheck_16388_bad" classname="com.cardatechnologies.utils.validators.abaroutevalidator.Test_AbaRouteValidator_08" time="0"/>
  <testcase name="testAbaNumberCheck_15576_bad" classname="com.cardatechnologies.utils.validators.abaroutevalidator.Test_AbaRouteValidator_08" time="0"/>
  <testcase name="testAbaNumberCheck_16385_good" classname="com.cardatechnologies.utils.validators.abaroutevalidator.Test_AbaRouteValidator_08" time="0"/>
  <testcase name="testAbaNumberCheck_15445_good" classname="com.cardatechnologies.utils.validators.abaroutevalidator.Test_AbaRouteValidator_08" time="0"/>
  <testcase name="testAbaNumberCheck_15578_bad" classname="com.cardatechnologies.utils.validators.abaroutevalidator.Test_AbaRouteValidator_08" time="0.001"/>
  <testcase name="testAbaNumberCheck_17199_good" classname="com.cardatechnologies.utils.validators.abaroutevalidator.Test_AbaRouteValidator_08" time="0"/>
  <testcase name="testAbaNumberCheck_16259_good" classname="com.cardatechnologies.utils.validators.abaroutevalidator.Test_AbaRouteValidator_08" time="0"/>
  <testcase name="testAbaNumberCheck_15319_good" classname="com.cardatechnologies.utils.validators.abaroutevalidator.Test_AbaRouteValidator_08" time="0"/>
  <testcase name="testAbaNumberCheck_16917_good" classname="com.cardatechnologies.utils.validators.abaroutevalidator.Test_AbaRouteValidator_08" time="0"/>
  <testcase name="testAbaNumberCheck_15283_good" classname="com.cardatechnologies.utils.validators.abaroutevalidator.Test_AbaRouteValidator_08" time="0"/>
  <testcase name="testAbaNumberCheck_16881_good" classname="com.cardatechnologies.utils.validators.abaroutevalidator.Test_AbaRouteValidator_08" time="0"/>
  <testcase name="testAbaNumberCheck_15941_good" classname="com.cardatechnologies.utils.validators.abaroutevalidator.Test_AbaRouteValidator_08" time="0"/>
  <testcase name="testAbaNumberCheck_16097_good" classname="com.cardatechnologies.utils.validators.abaroutevalidator.Test_AbaRouteValidator_08" time="0"/>
  <testcase name="testAbaNumberCheck_15157_good" classname="com.cardatechnologies.utils.validators.abaroutevalidator.Test_AbaRouteValidator_08" time="0"/>
  <testcase name="testAbaNumberCheck_16755_good" classname="com.cardatechnologies.utils.validators.abaroutevalidator.Test_AbaRouteValidator_08" time="0"/>
  <testcase name="testAbaNumberCheck_15815_good" classname="com.cardatechnologies.utils.validators.abaroutevalidator.Test_AbaRouteValidator_08" time="0"/>
  <testcase name="testAbaNumberCheck_16629_good" classname="com.cardatechnologies.utils.validators.abaroutevalidator.Test_AbaRouteValidator_08" time="0"/>
  <testcase name="testAbaNumberCheck_16840_bad" classname="com.cardatechnologies.utils.validators.abaroutevalidator.Test_AbaRouteValidator_08" time="0"/>
  <testcase name="testAbaNumberCheck_16390_bad" classname="com.cardatechnologies.utils.validators.abaroutevalidator.Test_AbaRouteValidator_08" time="0"/>
  <testcase name="testAbaNumberCheck_16842_bad" classname="com.cardatechnologies.utils.validators.abaroutevalidator.Test_AbaRouteValidator_08" time="0"/>
  <testcase name="testAbaNumberCheck_16392_bad" classname="com.cardatechnologies.utils.validators.abaroutevalidator.Test_AbaRouteValidator_08" time="0"/>
  <testcase name="testAbaNumberCheck_16593_good" classname="com.cardatechnologies.utils.validators.abaroutevalidator.Test_AbaRouteValidator_08" time="0"/>
  <testcase name="testAbaNumberCheck_15653_good" classname="com.cardatechnologies.utils.validators.abaroutevalidator.Test_AbaRouteValidator_08" time="0"/>
  <testcase name="testAbaNumberCheck_16844_bad" classname="com.cardatechnologies.utils.validators.abaroutevalidator.Test_AbaRouteValidator_08" time="0"/>
  <testcase name="testAbaNumberCheck_15580_bad" classname="com.cardatechnologies.utils.validators.abaroutevalidator.Test_AbaRouteValidator_08" time="0"/>
  <testcase name="testAbaNumberCheck_16394_bad" classname="com.cardatechnologies.utils.validators.abaroutevalidator.Test_AbaRouteValidator_08" time="0"/>
  <testcase name="testAbaNumberCheck_16846_bad" classname="com.cardatechnologies.utils.validators.abaroutevalidator.Test_AbaRouteValidator_08" time="0"/>
  <testcase name="testAbaNumberCheck_15582_bad" classname="com.cardatechnologies.utils.validators.abaroutevalidator.Test_AbaRouteValidator_08" time="0.001"/>
  <testcase name="testAbaNumberCheck_16396_bad" classname="com.cardatechnologies.utils.validators.abaroutevalidator.Test_AbaRouteValidator_08" time="0"/>
  <testcase name="testAbaNumberCheck_16467_good" classname="com.cardatechnologies.utils.validators.abaroutevalidator.Test_AbaRouteValidator_08" time="0"/>
  <testcase name="testAbaNumberCheck_15527_good" classname="com.cardatechnologies.utils.validators.abaroutevalidator.Test_AbaRouteValidator_08" time="0"/>
  <testcase name="testAbaNumberCheck_16848_bad" classname="com.cardatechnologies.utils.validators.abaroutevalidator.Test_AbaRouteValidator_08" time="0"/>
  <testcase name="testAbaNumberCheck_15584_bad" classname="com.cardatechnologies.utils.validators.abaroutevalidator.Test_AbaRouteValidator_08" time="0"/>
  <testcase name="testAbaNumberCheck_16398_bad" classname="com.cardatechnologies.utils.validators.abaroutevalidator.Test_AbaRouteValidator_08" time="0"/>
  <testcase name="testAbaNumberCheck_15586_bad" classname="com.cardatechnologies.utils.validators.abaroutevalidator.Test_AbaRouteValidator_08" time="0"/>
  <testcase name="testAbaNumberCheck_15491_good" classname="com.cardatechnologies.utils.validators.abaroutevalidator.Test_AbaRouteValidator_08" time="0"/>
  <testcase name="testAbaNumberCheck_15588_bad" classname="com.cardatechnologies.utils.validators.abaroutevalidator.Test_AbaRouteValidator_08" time="0"/>
  <testcase name="testAbaNumberCheck_15365_good" classname="com.cardatechnologies.utils.validators.abaroutevalidator.Test_AbaRouteValidator_08" time="0"/>
  <testcase name="testAbaNumberCheck_16963_good" classname="com.cardatechnologies.utils.validators.abaroutevalidator.Test_AbaRouteValidator_08" time="0"/>
  <testcase name="testAbaNumberCheck_16179_good" classname="com.cardatechnologies.utils.validators.abaroutevalidator.Test_AbaRouteValidator_08" time="0"/>
  <testcase name="testAbaNumberCheck_15239_good" classname="com.cardatechnologies.utils.validators.abaroutevalidator.Test_AbaRouteValidator_08" time="0"/>
  <testcase name="testAbaNumberCheck_16837_good" classname="com.cardatechnologies.utils.validators.abaroutevalidator.Test_AbaRouteValidator_08" time="0"/>
  <testcase name="testAbaNumberCheck_15861_good" classname="com.cardatechnologies.utils.validators.abaroutevalidator.Test_AbaRouteValidator_08" time="0"/>
  <testcase name="testAbaNumberCheck_15077_good" classname="com.cardatechnologies.utils.validators.abaroutevalidator.Test_AbaRouteValidator_08" time="0"/>
  <testcase name="testAbaNumberCheck_16675_good" classname="com.cardatechnologies.utils.validators.abaroutevalidator.Test_AbaRouteValidator_08" time="0"/>
  <testcase name="testAbaNumberCheck_15735_good" classname="com.cardatechnologies.utils.validators.abaroutevalidator.Test_AbaRouteValidator_08" time="0"/>
  <testcase name="testAbaNumberCheck_16850_bad" classname="com.cardatechnologies.utils.validators.abaroutevalidator.Test_AbaRouteValidator_08" time="0"/>
  <testcase name="testAbaNumberCheck_16852_bad" classname="com.cardatechnologies.utils.validators.abaroutevalidator.Test_AbaRouteValidator_08" time="0"/>
  <testcase name="testAbaNumberCheck_17489_good" classname="com.cardatechnologies.utils.validators.abaroutevalidator.Test_AbaRouteValidator_08" time="0"/>
  <testcase name="testAbaNumberCheck_16549_good" classname="com.cardatechnologies.utils.validators.abaroutevalidator.Test_AbaRouteValidator_08" time="0"/>
  <testcase name="testAbaNumberCheck_15609_good" classname="com.cardatechnologies.utils.validators.abaroutevalidator.Test_AbaRouteValidator_08" time="0.001"/>
  <testcase name="testAbaNumberCheck_16854_bad" classname="com.cardatechnologies.utils.validators.abaroutevalidator.Test_AbaRouteValidator_08" time="0"/>
  <testcase name="testAbaNumberCheck_15590_bad" classname="com.cardatechnologies.utils.validators.abaroutevalidator.Test_AbaRouteValidator_08" time="0"/>
  <testcase name="testAbaNumberCheck_16856_bad" classname="com.cardatechnologies.utils.validators.abaroutevalidator.Test_AbaRouteValidator_08" time="0"/>
  <testcase name="testAbaNumberCheck_15592_bad" classname="com.cardatechnologies.utils.validators.abaroutevalidator.Test_AbaRouteValidator_08" time="0"/>
  <testcase name="testAbaNumberCheck_15573_good" classname="com.cardatechnologies.utils.validators.abaroutevalidator.Test_AbaRouteValidator_08" time="0"/>
  <testcase name="testAbaNumberCheck_16858_bad" classname="com.cardatechnologies.utils.validators.abaroutevalidator.Test_AbaRouteValidator_08" time="0"/>
  <testcase name="testAbaNumberCheck_15594_bad" classname="com.cardatechnologies.utils.validators.abaroutevalidator.Test_AbaRouteValidator_08" time="0"/>
  <testcase name="testAbaNumberCheck_15596_bad" classname="com.cardatechnologies.utils.validators.abaroutevalidator.Test_AbaRouteValidator_08" time="0"/>
  <testcase name="testAbaNumberCheck_16387_good" classname="com.cardatechnologies.utils.validators.abaroutevalidator.Test_AbaRouteValidator_08" time="0"/>
  <testcase name="testAbaNumberCheck_15447_good" classname="com.cardatechnologies.utils.validators.abaroutevalidator.Test_AbaRouteValidator_08" time="0"/>
  <testcase name="testAbaNumberCheck_15598_bad" classname="com.cardatechnologies.utils.validators.abaroutevalidator.Test_AbaRouteValidator_08" time="0"/>
  <testcase name="testAbaNumberCheck_16919_good" classname="com.cardatechnologies.utils.validators.abaroutevalidator.Test_AbaRouteValidator_08" time="0"/>
  <testcase name="testAbaNumberCheck_15285_good" classname="com.cardatechnologies.utils.validators.abaroutevalidator.Test_AbaRouteValidator_08" time="0"/>
  <testcase name="testAbaNumberCheck_16883_good" classname="com.cardatechnologies.utils.validators.abaroutevalidator.Test_AbaRouteValidator_08" time="0"/>
  <testcase name="testAbaNumberCheck_15943_good" classname="com.cardatechnologies.utils.validators.abaroutevalidator.Test_AbaRouteValidator_08" time="0"/>
  <testcase name="testAbaNumberCheck_16099_good" classname="com.cardatechnologies.utils.validators.abaroutevalidator.Test_AbaRouteValidator_08" time="0"/>
  <testcase name="testAbaNumberCheck_15159_good" classname="com.cardatechnologies.utils.validators.abaroutevalidator.Test_AbaRouteValidator_08" time="0"/>
  <testcase name="testAbaNumberCheck_16757_good" classname="com.cardatechnologies.utils.validators.abaroutevalidator.Test_AbaRouteValidator_08" time="0"/>
  <testcase name="testAbaNumberCheck_15817_good" classname="com.cardatechnologies.utils.validators.abaroutevalidator.Test_AbaRouteValidator_08" time="0"/>
  <testcase name="testAbaNumberCheck_15781_good" classname="com.cardatechnologies.utils.validators.abaroutevalidator.Test_AbaRouteValidator_08" time="0"/>
  <testcase name="testAbaNumberCheck_16860_bad" classname="com.cardatechnologies.utils.validators.abaroutevalidator.Test_AbaRouteValidator_08" time="0"/>
  <testcase name="testAbaNumberCheck_16862_bad" classname="com.cardatechnologies.utils.validators.abaroutevalidator.Test_AbaRouteValidator_08" time="0"/>
  <testcase name="testAbaNumberCheck_16595_good" classname="com.cardatechnologies.utils.validators.abaroutevalidator.Test_AbaRouteValidator_08" time="0"/>
  <testcase name="testAbaNumberCheck_15655_good" classname="com.cardatechnologies.utils.validators.abaroutevalidator.Test_AbaRouteValidator_08" time="0.001"/>
  <testcase name="testAbaNumberCheck_16864_bad" classname="com.cardatechnologies.utils.validators.abaroutevalidator.Test_AbaRouteValidator_08" time="0"/>
  <testcase name="testAbaNumberCheck_16866_bad" classname="com.cardatechnologies.utils.validators.abaroutevalidator.Test_AbaRouteValidator_08" time="0"/>
  <testcase name="testAbaNumberCheck_16469_good" classname="com.cardatechnologies.utils.validators.abaroutevalidator.Test_AbaRouteValidator_08" time="0"/>
  <testcase name="testAbaNumberCheck_15529_good" classname="com.cardatechnologies.utils.validators.abaroutevalidator.Test_AbaRouteValidator_08" time="0"/>
  <testcase name="testAbaNumberCheck_16868_bad" classname="com.cardatechnologies.utils.validators.abaroutevalidator.Test_AbaRouteValidator_08" time="0"/>
  <testcase name="testAbaNumberCheck_15493_good" classname="com.cardatechnologies.utils.validators.abaroutevalidator.Test_AbaRouteValidator_08" time="0"/>
  <testcase name="testAbaNumberCheck_15367_good" classname="com.cardatechnologies.utils.validators.abaroutevalidator.Test_AbaRouteValidator_08" time="0"/>
  <testcase name="testAbaNumberCheck_16965_good" classname="com.cardatechnologies.utils.validators.abaroutevalidator.Test_AbaRouteValidator_08" time="0"/>
  <testcase name="testAbaNumberCheck_16839_good" classname="com.cardatechnologies.utils.validators.abaroutevalidator.Test_AbaRouteValidator_08" time="0"/>
  <testcase name="testAbaNumberCheck_15863_good" classname="com.cardatechnologies.utils.validators.abaroutevalidator.Test_AbaRouteValidator_08" time="0"/>
  <testcase name="testAbaNumberCheck_15079_good" classname="com.cardatechnologies.utils.validators.abaroutevalidator.Test_AbaRouteValidator_08" time="0"/>
  <testcase name="testAbaNumberCheck_16677_good" classname="com.cardatechnologies.utils.validators.abaroutevalidator.Test_AbaRouteValidator_08" time="0"/>
  <testcase name="testAbaNumberCheck_15737_good" classname="com.cardatechnologies.utils.validators.abaroutevalidator.Test_AbaRouteValidator_08" time="0"/>
  <testcase name="testAbaNumberCheck_16870_bad" classname="com.cardatechnologies.utils.validators.abaroutevalidator.Test_AbaRouteValidator_08" time="0"/>
  <testcase name="testAbaNumberCheck_16872_bad" classname="com.cardatechnologies.utils.validators.abaroutevalidator.Test_AbaRouteValidator_08" time="0"/>
  <testcase name="testAbaNumberCheck_16874_bad" classname="com.cardatechnologies.utils.validators.abaroutevalidator.Test_AbaRouteValidator_08" time="0"/>
  <testcase name="testAbaNumberCheck_16876_bad" classname="com.cardatechnologies.utils.validators.abaroutevalidator.Test_AbaRouteValidator_08" time="0"/>
  <testcase name="testAbaNumberCheck_15575_good" classname="com.cardatechnologies.utils.validators.abaroutevalidator.Test_AbaRouteValidator_08" time="0"/>
  <testcase name="testAbaNumberCheck_16878_bad" classname="com.cardatechnologies.utils.validators.abaroutevalidator.Test_AbaRouteValidator_08" time="0.001"/>
  <testcase name="testAbaNumberCheck_16389_good" classname="com.cardatechnologies.utils.validators.abaroutevalidator.Test_AbaRouteValidator_08" time="0"/>
  <testcase name="testAbaNumberCheck_15449_good" classname="com.cardatechnologies.utils.validators.abaroutevalidator.Test_AbaRouteValidator_08" time="0"/>
  <testcase name="testAbaNumberCheck_15287_good" classname="com.cardatechnologies.utils.validators.abaroutevalidator.Test_AbaRouteValidator_08" time="0"/>
  <testcase name="testAbaNumberCheck_16885_good" classname="com.cardatechnologies.utils.validators.abaroutevalidator.Test_AbaRouteValidator_08" time="0"/>
  <testcase name="testAbaNumberCheck_15945_good" classname="com.cardatechnologies.utils.validators.abaroutevalidator.Test_AbaRouteValidator_08" time="0"/>
  <testcase name="testAbaNumberCheck_16759_good" classname="com.cardatechnologies.utils.validators.abaroutevalidator.Test_AbaRouteValidator_08" time="0"/>
  <testcase name="testAbaNumberCheck_15819_good" classname="com.cardatechnologies.utils.validators.abaroutevalidator.Test_AbaRouteValidator_08" time="0"/>
  <testcase name="testAbaNumberCheck_15783_good" classname="com.cardatechnologies.utils.validators.abaroutevalidator.Test_AbaRouteValidator_08" time="0"/>
  <testcase name="testAbaNumberCheck_16880_bad" classname="com.cardatechnologies.utils.validators.abaroutevalidator.Test_AbaRouteValidator_08" time="0"/>
  <testcase name="testAbaNumberCheck_16882_bad" classname="com.cardatechnologies.utils.validators.abaroutevalidator.Test_AbaRouteValidator_08" time="0"/>
  <testcase name="testAbaNumberCheck_16597_good" classname="com.cardatechnologies.utils.validators.abaroutevalidator.Test_AbaRouteValidator_08" time="0"/>
  <testcase name="testAbaNumberCheck_15657_good" classname="com.cardatechnologies.utils.validators.abaroutevalidator.Test_AbaRouteValidator_08" time="0"/>
  <testcase name="testAbaNumberCheck_16884_bad" classname="com.cardatechnologies.utils.validators.abaroutevalidator.Test_AbaRouteValidator_08" time="0"/>
  <testcase name="testAbaNumberCheck_16886_bad" classname="com.cardatechnologies.utils.validators.abaroutevalidator.Test_AbaRouteValidator_08" time="0"/>
  <testcase name="testAbaNumberCheck_16888_bad" classname="com.cardatechnologies.utils.validators.abaroutevalidator.Test_AbaRouteValidator_08" time="0"/>
  <testcase name="testAbaNumberCheck_15495_good" classname="com.cardatechnologies.utils.validators.abaroutevalidator.Test_AbaRouteValidator_08" time="0"/>
  <testcase name="testAbaNumberCheck_15369_good" classname="com.cardatechnologies.utils.validators.abaroutevalidator.Test_AbaRouteValidator_08" time="0"/>
  <testcase name="testAbaNumberCheck_16967_good" classname="com.cardatechnologies.utils.validators.abaroutevalidator.Test_AbaRouteValidator_08" time="0"/>
  <testcase name="testAbaNumberCheck_15991_good" classname="com.cardatechnologies.utils.validators.abaroutevalidator.Test_AbaRouteValidator_08" time="0"/>
  <testcase name="testAbaNumberCheck_15865_good" classname="com.cardatechnologies.utils.validators.abaroutevalidator.Test_AbaRouteValidator_08" time="0"/>
  <testcase name="testAbaNumberCheck_16679_good" classname="com.cardatechnologies.utils.validators.abaroutevalidator.Test_AbaRouteValidator_08" time="0"/>
  <testcase name="testAbaNumberCheck_15739_good" classname="com.cardatechnologies.utils.validators.abaroutevalidator.Test_AbaRouteValidator_08" time="0"/>
  <testcase name="testAbaNumberCheck_16890_bad" classname="com.cardatechnologies.utils.validators.abaroutevalidator.Test_AbaRouteValidator_08" time="0"/>
  <testcase name="testAbaNumberCheck_16892_bad" classname="com.cardatechnologies.utils.validators.abaroutevalidator.Test_AbaRouteValidator_08" time="0"/>
  <testcase name="testAbaNumberCheck_16894_bad" classname="com.cardatechnologies.utils.validators.abaroutevalidator.Test_AbaRouteValidator_08" time="0"/>
  <testcase name="testAbaNumberCheck_16896_bad" classname="com.cardatechnologies.utils.validators.abaroutevalidator.Test_AbaRouteValidator_08" time="0.001"/>
  <testcase name="testAbaNumberCheck_15577_good" classname="com.cardatechnologies.utils.validators.abaroutevalidator.Test_AbaRouteValidator_08" time="0"/>
  <testcase name="testAbaNumberCheck_16898_bad" classname="com.cardatechnologies.utils.validators.abaroutevalidator.Test_AbaRouteValidator_08" time="0"/>
  <testcase name="testAbaNumberCheck_15289_good" classname="com.cardatechnologies.utils.validators.abaroutevalidator.Test_AbaRouteValidator_08" time="0"/>
  <testcase name="testAbaNumberCheck_16887_good" classname="com.cardatechnologies.utils.validators.abaroutevalidator.Test_AbaRouteValidator_08" time="0"/>
  <testcase name="testAbaNumberCheck_15947_good" classname="com.cardatechnologies.utils.validators.abaroutevalidator.Test_AbaRouteValidator_08" time="0"/>
  <testcase name="testAbaNumberCheck_15785_good" classname="com.cardatechnologies.utils.validators.abaroutevalidator.Test_AbaRouteValidator_08" time="0"/>
  <testcase name="testAbaNumberCheck_16599_good" classname="com.cardatechnologies.utils.validators.abaroutevalidator.Test_AbaRouteValidator_08" time="0"/>
  <testcase name="testAbaNumberCheck_15659_good" classname="com.cardatechnologies.utils.validators.abaroutevalidator.Test_AbaRouteValidator_08" time="0"/>
  <testcase name="testAbaNumberCheck_15497_good" classname="com.cardatechnologies.utils.validators.abaroutevalidator.Test_AbaRouteValidator_08" time="0"/>
  <testcase name="testAbaNumberCheck_16969_good" classname="com.cardatechnologies.utils.validators.abaroutevalidator.Test_AbaRouteValidator_08" time="0"/>
  <testcase name="testAbaNumberCheck_15993_good" classname="com.cardatechnologies.utils.validators.abaroutevalidator.Test_AbaRouteValidator_08" time="0"/>
  <testcase name="testAbaNumberCheck_15867_good" classname="com.cardatechnologies.utils.validators.abaroutevalidator.Test_AbaRouteValidator_08" time="0"/>
  <testcase name="testAbaNumberCheck_15579_good" classname="com.cardatechnologies.utils.validators.abaroutevalidator.Test_AbaRouteValidator_08" time="0"/>
  <testcase name="testAbaNumberCheck_16889_good" classname="com.cardatechnologies.utils.validators.abaroutevalidator.Test_AbaRouteValidator_08" time="0"/>
  <testcase name="testAbaNumberCheck_15949_good" classname="com.cardatechnologies.utils.validators.abaroutevalidator.Test_AbaRouteValidator_08" time="0"/>
  <testcase name="testAbaNumberCheck_15787_good" classname="com.cardatechnologies.utils.validators.abaroutevalidator.Test_AbaRouteValidator_08" time="0"/>
  <testcase name="testAbaNumberCheck_15499_good" classname="com.cardatechnologies.utils.validators.abaroutevalidator.Test_AbaRouteValidator_08" time="0"/>
  <testcase name="testAbaNumberCheck_15995_good" classname="com.cardatechnologies.utils.validators.abaroutevalidator.Test_AbaRouteValidator_08" time="0"/>
  <testcase name="testAbaNumberCheck_15869_good" classname="com.cardatechnologies.utils.validators.abaroutevalidator.Test_AbaRouteValidator_08" time="0"/>
  <testcase name="testAbaNumberCheck_15789_good" classname="com.cardatechnologies.utils.validators.abaroutevalidator.Test_AbaRouteValidator_08" time="0"/>
  <testcase name="testAbaNumberCheck_15997_good" classname="com.cardatechnologies.utils.validators.abaroutevalidator.Test_AbaRouteValidator_08" time="0"/>
  <testcase name="testAbaNumberCheck_17101_good" classname="com.cardatechnologies.utils.validators.abaroutevalidator.Test_AbaRouteValidator_08" time="0"/>
  <testcase name="testAbaNumberCheck_15999_good" classname="com.cardatechnologies.utils.validators.abaroutevalidator.Test_AbaRouteValidator_08" time="0"/>
  <testcase name="testAbaNumberCheck_17021_good" classname="com.cardatechnologies.utils.validators.abaroutevalidator.Test_AbaRouteValidator_08" time="0"/>
  <testcase name="testAbaNumberCheck_17103_good" classname="com.cardatechnologies.utils.validators.abaroutevalidator.Test_AbaRouteValidator_08" time="0"/>
  <testcase name="testAbaNumberCheck_16001_good" classname="com.cardatechnologies.utils.validators.abaroutevalidator.Test_AbaRouteValidator_08" time="0"/>
  <testcase name="testAbaNumberCheck_17311_good" classname="com.cardatechnologies.utils.validators.abaroutevalidator.Test_AbaRouteValidator_08" time="0"/>
  <testcase name="testAbaNumberCheck_17023_good" classname="com.cardatechnologies.utils.validators.abaroutevalidator.Test_AbaRouteValidator_08" time="0.001"/>
  <testcase name="testAbaNumberCheck_17231_good" classname="com.cardatechnologies.utils.validators.abaroutevalidator.Test_AbaRouteValidator_08" time="0"/>
  <testcase name="testAbaNumberCheck_17105_good" classname="com.cardatechnologies.utils.validators.abaroutevalidator.Test_AbaRouteValidator_08" time="0"/>
  <testcase name="testAbaNumberCheck_16003_good" classname="com.cardatechnologies.utils.validators.abaroutevalidator.Test_AbaRouteValidator_08" time="0"/>
  <testcase name="testAbaNumberCheck_17313_good" classname="com.cardatechnologies.utils.validators.abaroutevalidator.Test_AbaRouteValidator_08" time="0"/>
  <testcase name="testAbaNumberCheck_17151_good" classname="com.cardatechnologies.utils.validators.abaroutevalidator.Test_AbaRouteValidator_08" time="0"/>
  <testcase name="testAbaNumberCheck_16211_good" classname="com.cardatechnologies.utils.validators.abaroutevalidator.Test_AbaRouteValidator_08" time="0"/>
  <testcase name="testAbaNumberCheck_17025_good" classname="com.cardatechnologies.utils.validators.abaroutevalidator.Test_AbaRouteValidator_08" time="0"/>
  <testcase name="testAbaNumberCheck_17521_good" classname="com.cardatechnologies.utils.validators.abaroutevalidator.Test_AbaRouteValidator_08" time="0"/>
  <testcase name="testAbaNumberCheck_15100_bad" classname="com.cardatechnologies.utils.validators.abaroutevalidator.Test_AbaRouteValidator_08" time="0"/>
  <testcase name="testAbaNumberCheck_15102_bad" classname="com.cardatechnologies.utils.validators.abaroutevalidator.Test_AbaRouteValidator_08" time="0"/>
  <testcase name="testAbaNumberCheck_15104_bad" classname="com.cardatechnologies.utils.validators.abaroutevalidator.Test_AbaRouteValidator_08" time="0"/>
  <testcase name="testAbaNumberCheck_15106_bad" classname="com.cardatechnologies.utils.validators.abaroutevalidator.Test_AbaRouteValidator_08" time="0"/>
  <testcase name="testAbaNumberCheck_17233_good" classname="com.cardatechnologies.utils.validators.abaroutevalidator.Test_AbaRouteValidator_08" time="0"/>
  <testcase name="testAbaNumberCheck_15108_bad" classname="com.cardatechnologies.utils.validators.abaroutevalidator.Test_AbaRouteValidator_08" time="0"/>
  <testcase name="testAbaNumberCheck_17107_good" classname="com.cardatechnologies.utils.validators.abaroutevalidator.Test_AbaRouteValidator_08" time="0"/>
  <testcase name="testAbaNumberCheck_17071_good" classname="com.cardatechnologies.utils.validators.abaroutevalidator.Test_AbaRouteValidator_08" time="0"/>
  <testcase name="testAbaNumberCheck_16131_good" classname="com.cardatechnologies.utils.validators.abaroutevalidator.Test_AbaRouteValidator_08" time="0"/>
  <testcase name="testAbaNumberCheck_16005_good" classname="com.cardatechnologies.utils.validators.abaroutevalidator.Test_AbaRouteValidator_08" time="0"/>
  <testcase name="testAbaNumberCheck_17441_good" classname="com.cardatechnologies.utils.validators.abaroutevalidator.Test_AbaRouteValidator_08" time="0"/>
  <testcase name="testAbaNumberCheck_16501_good" classname="com.cardatechnologies.utils.validators.abaroutevalidator.Test_AbaRouteValidator_08" time="0"/>
  <testcase name="testAbaNumberCheck_15110_bad" classname="com.cardatechnologies.utils.validators.abaroutevalidator.Test_AbaRouteValidator_08" time="0"/>
  <testcase name="testAbaNumberCheck_15112_bad" classname="com.cardatechnologies.utils.validators.abaroutevalidator.Test_AbaRouteValidator_08" time="0"/>
  <testcase name="testAbaNumberCheck_17315_good" classname="com.cardatechnologies.utils.validators.abaroutevalidator.Test_AbaRouteValidator_08" time="0"/>
  <testcase name="testAbaNumberCheck_15114_bad" classname="com.cardatechnologies.utils.validators.abaroutevalidator.Test_AbaRouteValidator_08" time="0"/>
  <testcase name="testAbaNumberCheck_15116_bad" classname="com.cardatechnologies.utils.validators.abaroutevalidator.Test_AbaRouteValidator_08" time="0.001"/>
  <testcase name="testAbaNumberCheck_15118_bad" classname="com.cardatechnologies.utils.validators.abaroutevalidator.Test_AbaRouteValidator_08" time="0"/>
  <testcase name="testAbaNumberCheck_17153_good" classname="com.cardatechnologies.utils.validators.abaroutevalidator.Test_AbaRouteValidator_08" time="0"/>
  <testcase name="testAbaNumberCheck_16213_good" classname="com.cardatechnologies.utils.validators.abaroutevalidator.Test_AbaRouteValidator_08" time="0"/>
  <testcase name="testAbaNumberCheck_17027_good" classname="com.cardatechnologies.utils.validators.abaroutevalidator.Test_AbaRouteValidator_08" time="0"/>
  <testcase name="testAbaNumberCheck_16051_good" classname="com.cardatechnologies.utils.validators.abaroutevalidator.Test_AbaRouteValidator_08" time="0"/>
  <testcase name="testAbaNumberCheck_15111_good" classname="com.cardatechnologies.utils.validators.abaroutevalidator.Test_AbaRouteValidator_08" time="0"/>
  <testcase name="testAbaNumberCheck_17523_good" classname="com.cardatechnologies.utils.validators.abaroutevalidator.Test_AbaRouteValidator_08" time="0"/>
  <testcase name="testAbaNumberCheck_15120_bad" classname="com.cardatechnologies.utils.validators.abaroutevalidator.Test_AbaRouteValidator_08" time="0"/>
  <testcase name="testAbaNumberCheck_15122_bad" classname="com.cardatechnologies.utils.validators.abaroutevalidator.Test_AbaRouteValidator_08" time="0"/>
  <testcase name="testAbaNumberCheck_17361_good" classname="com.cardatechnologies.utils.validators.abaroutevalidator.Test_AbaRouteValidator_08" time="0"/>
  <testcase name="testAbaNumberCheck_16421_good" classname="com.cardatechnologies.utils.validators.abaroutevalidator.Test_AbaRouteValidator_08" time="0"/>
  <testcase name="testAbaNumberCheck_15124_bad" classname="com.cardatechnologies.utils.validators.abaroutevalidator.Test_AbaRouteValidator_08" time="0"/>
  <testcase name="testAbaNumberCheck_15126_bad" classname="com.cardatechnologies.utils.validators.abaroutevalidator.Test_AbaRouteValidator_08" time="0"/>
  <testcase name="testAbaNumberCheck_17235_good" classname="com.cardatechnologies.utils.validators.abaroutevalidator.Test_AbaRouteValidator_08" time="0"/>
  <testcase name="testAbaNumberCheck_15128_bad" classname="com.cardatechnologies.utils.validators.abaroutevalidator.Test_AbaRouteValidator_08" time="0"/>
  <testcase name="testAbaNumberCheck_17109_good" classname="com.cardatechnologies.utils.validators.abaroutevalidator.Test_AbaRouteValidator_08" time="0"/>
  <testcase name="testAbaNumberCheck_17073_good" classname="com.cardatechnologies.utils.validators.abaroutevalidator.Test_AbaRouteValidator_08" time="0"/>
  <testcase name="testAbaNumberCheck_16133_good" classname="com.cardatechnologies.utils.validators.abaroutevalidator.Test_AbaRouteValidator_08" time="0"/>
  <testcase name="testAbaNumberCheck_16007_good" classname="com.cardatechnologies.utils.validators.abaroutevalidator.Test_AbaRouteValidator_08" time="0"/>
  <testcase name="testAbaNumberCheck_17200_bad" classname="com.cardatechnologies.utils.validators.abaroutevalidator.Test_AbaRouteValidator_08" time="0"/>
  <testcase name="testAbaNumberCheck_15031_good" classname="com.cardatechnologies.utils.validators.abaroutevalidator.Test_AbaRouteValidator_08" time="0"/>
  <testcase name="testAbaNumberCheck_17202_bad" classname="com.cardatechnologies.utils.validators.abaroutevalidator.Test_AbaRouteValidator_08" time="0"/>
  <testcase name="testAbaNumberCheck_17204_bad" classname="com.cardatechnologies.utils.validators.abaroutevalidator.Test_AbaRouteValidator_08" time="0"/>
  <testcase name="testAbaNumberCheck_17206_bad" classname="com.cardatechnologies.utils.validators.abaroutevalidator.Test_AbaRouteValidator_08" time="0"/>
  <testcase name="testAbaNumberCheck_17443_good" classname="com.cardatechnologies.utils.validators.abaroutevalidator.Test_AbaRouteValidator_08" time="0"/>
  <testcase name="testAbaNumberCheck_16503_good" classname="com.cardatechnologies.utils.validators.abaroutevalidator.Test_AbaRouteValidator_08" time="0"/>
  <testcase name="testAbaNumberCheck_17208_bad" classname="com.cardatechnologies.utils.validators.abaroutevalidator.Test_AbaRouteValidator_08" time="0"/>
  <testcase name="testAbaNumberCheck_15130_bad" classname="com.cardatechnologies.utils.validators.abaroutevalidator.Test_AbaRouteValidator_08" time="0"/>
  <testcase name="testAbaNumberCheck_15132_bad" classname="com.cardatechnologies.utils.validators.abaroutevalidator.Test_AbaRouteValidator_08" time="0"/>
  <testcase name="testAbaNumberCheck_17317_good" classname="com.cardatechnologies.utils.validators.abaroutevalidator.Test_AbaRouteValidator_08" time="0"/>
  <testcase name="testAbaNumberCheck_15134_bad" classname="com.cardatechnologies.utils.validators.abaroutevalidator.Test_AbaRouteValidator_08" time="0"/>
  <testcase name="testAbaNumberCheck_15136_bad" classname="com.cardatechnologies.utils.validators.abaroutevalidator.Test_AbaRouteValidator_08" time="0"/>
  <testcase name="testAbaNumberCheck_17281_good" classname="com.cardatechnologies.utils.validators.abaroutevalidator.Test_AbaRouteValidator_08" time="0"/>
  <testcase name="testAbaNumberCheck_16341_good" classname="com.cardatechnologies.utils.validators.abaroutevalidator.Test_AbaRouteValidator_08" time="0"/>
  <testcase name="testAbaNumberCheck_15401_good" classname="com.cardatechnologies.utils.validators.abaroutevalidator.Test_AbaRouteValidator_08" time="0"/>
  <testcase name="testAbaNumberCheck_15138_bad" classname="com.cardatechnologies.utils.validators.abaroutevalidator.Test_AbaRouteValidator_08" time="0"/>
  <testcase name="testAbaNumberCheck_17155_good" classname="com.cardatechnologies.utils.validators.abaroutevalidator.Test_AbaRouteValidator_08" time="0"/>
  <testcase name="testAbaNumberCheck_16215_good" classname="com.cardatechnologies.utils.validators.abaroutevalidator.Test_AbaRouteValidator_08" time="0"/>
  <testcase name="testAbaNumberCheck_17029_good" classname="com.cardatechnologies.utils.validators.abaroutevalidator.Test_AbaRouteValidator_08" time="0"/>
  <testcase name="testAbaNumberCheck_16053_good" classname="com.cardatechnologies.utils.validators.abaroutevalidator.Test_AbaRouteValidator_08" time="0"/>
  <testcase name="testAbaNumberCheck_15113_good" classname="com.cardatechnologies.utils.validators.abaroutevalidator.Test_AbaRouteValidator_08" time="0"/>
  <testcase name="testAbaNumberCheck_16711_good" classname="com.cardatechnologies.utils.validators.abaroutevalidator.Test_AbaRouteValidator_08" time="0"/>
  <testcase name="testAbaNumberCheck_17210_bad" classname="com.cardatechnologies.utils.validators.abaroutevalidator.Test_AbaRouteValidator_08" time="0"/>
  <testcase name="testAbaNumberCheck_17212_bad" classname="com.cardatechnologies.utils.validators.abaroutevalidator.Test_AbaRouteValidator_08" time="0"/>
  <testcase name="testAbaNumberCheck_17525_good" classname="com.cardatechnologies.utils.validators.abaroutevalidator.Test_AbaRouteValidator_08" time="0"/>
  <testcase name="testAbaNumberCheck_16400_bad" classname="com.cardatechnologies.utils.validators.abaroutevalidator.Test_AbaRouteValidator_08" time="0"/>
  <testcase name="testAbaNumberCheck_17214_bad" classname="com.cardatechnologies.utils.validators.abaroutevalidator.Test_AbaRouteValidator_08" time="0"/>
  <testcase name="testAbaNumberCheck_16402_bad" classname="com.cardatechnologies.utils.validators.abaroutevalidator.Test_AbaRouteValidator_08" time="0"/>
  <testcase name="testAbaNumberCheck_17216_bad" classname="com.cardatechnologies.utils.validators.abaroutevalidator.Test_AbaRouteValidator_08" time="0"/>
  <testcase name="testAbaNumberCheck_16404_bad" classname="com.cardatechnologies.utils.validators.abaroutevalidator.Test_AbaRouteValidator_08" time="0"/>
  <testcase name="testAbaNumberCheck_17218_bad" classname="com.cardatechnologies.utils.validators.abaroutevalidator.Test_AbaRouteValidator_08" time="0"/>
  <testcase name="testAbaNumberCheck_15140_bad" classname="com.cardatechnologies.utils.validators.abaroutevalidator.Test_AbaRouteValidator_08" time="0"/>
  <testcase name="testAbaNumberCheck_16406_bad" classname="com.cardatechnologies.utils.validators.abaroutevalidator.Test_AbaRouteValidator_08" time="0"/>
  <testcase name="testAbaNumberCheck_15142_bad" classname="com.cardatechnologies.utils.validators.abaroutevalidator.Test_AbaRouteValidator_08" time="0"/>
  <testcase name="testAbaNumberCheck_17363_good" classname="com.cardatechnologies.utils.validators.abaroutevalidator.Test_AbaRouteValidator_08" time="0"/>
  <testcase name="testAbaNumberCheck_16423_good" classname="com.cardatechnologies.utils.validators.abaroutevalidator.Test_AbaRouteValidator_08" time="0"/>
  <testcase name="testAbaNumberCheck_16408_bad" classname="com.cardatechnologies.utils.validators.abaroutevalidator.Test_AbaRouteValidator_08" time="0"/>
  <testcase name="testAbaNumberCheck_15144_bad" classname="com.cardatechnologies.utils.validators.abaroutevalidator.Test_AbaRouteValidator_08" time="0"/>
  <testcase name="testAbaNumberCheck_15146_bad" classname="com.cardatechnologies.utils.validators.abaroutevalidator.Test_AbaRouteValidator_08" time="0"/>
  <testcase name="testAbaNumberCheck_17237_good" classname="com.cardatechnologies.utils.validators.abaroutevalidator.Test_AbaRouteValidator_08" time="0"/>
  <testcase name="testAbaNumberCheck_15148_bad" classname="com.cardatechnologies.utils.validators.abaroutevalidator.Test_AbaRouteValidator_08" time="0"/>
  <testcase name="testAbaNumberCheck_16261_good" classname="com.cardatechnologies.utils.validators.abaroutevalidator.Test_AbaRouteValidator_08" time="0"/>
  <testcase name="testAbaNumberCheck_15321_good" classname="com.cardatechnologies.utils.validators.abaroutevalidator.Test_AbaRouteValidator_08" time="0"/>
  <testcase name="testAbaNumberCheck_17075_good" classname="com.cardatechnologies.utils.validators.abaroutevalidator.Test_AbaRouteValidator_08" time="0"/>
  <testcase name="testAbaNumberCheck_16135_good" classname="com.cardatechnologies.utils.validators.abaroutevalidator.Test_AbaRouteValidator_08" time="0"/>
  <testcase name="testAbaNumberCheck_16009_good" classname="com.cardatechnologies.utils.validators.abaroutevalidator.Test_AbaRouteValidator_08" time="0"/>
  <testcase name="testAbaNumberCheck_17220_bad" classname="com.cardatechnologies.utils.validators.abaroutevalidator.Test_AbaRouteValidator_08" time="0"/>
  <testcase name="testAbaNumberCheck_15033_good" classname="com.cardatechnologies.utils.validators.abaroutevalidator.Test_AbaRouteValidator_08" time="0"/>
  <testcase name="testAbaNumberCheck_17222_bad" classname="com.cardatechnologies.utils.validators.abaroutevalidator.Test_AbaRouteValidator_08" time="0"/>
  <testcase name="testAbaNumberCheck_16631_good" classname="com.cardatechnologies.utils.validators.abaroutevalidator.Test_AbaRouteValidator_08" time="0"/>
  <testcase name="testAbaNumberCheck_16410_bad" classname="com.cardatechnologies.utils.validators.abaroutevalidator.Test_AbaRouteValidator_08" time="0"/>
  <testcase name="testAbaNumberCheck_17224_bad" classname="com.cardatechnologies.utils.validators.abaroutevalidator.Test_AbaRouteValidator_08" time="0"/>
  <testcase name="testAbaNumberCheck_16412_bad" classname="com.cardatechnologies.utils.validators.abaroutevalidator.Test_AbaRouteValidator_08" time="0"/>
  <testcase name="testAbaNumberCheck_17226_bad" classname="com.cardatechnologies.utils.validators.abaroutevalidator.Test_AbaRouteValidator_08" time="0.001"/>
  <testcase name="testAbaNumberCheck_17445_good" classname="com.cardatechnologies.utils.validators.abaroutevalidator.Test_AbaRouteValidator_08" time="0"/>
  <testcase name="testAbaNumberCheck_16505_good" classname="com.cardatechnologies.utils.validators.abaroutevalidator.Test_AbaRouteValidator_08" time="0"/>
  <testcase name="testAbaNumberCheck_15600_bad" classname="com.cardatechnologies.utils.validators.abaroutevalidator.Test_AbaRouteValidator_08" time="0"/>
  <testcase name="testAbaNumberCheck_16414_bad" classname="com.cardatechnologies.utils.validators.abaroutevalidator.Test_AbaRouteValidator_08" time="0"/>
  <testcase name="testAbaNumberCheck_17228_bad" classname="com.cardatechnologies.utils.validators.abaroutevalidator.Test_AbaRouteValidator_08" time="0"/>
  <testcase name="testAbaNumberCheck_15150_bad" classname="com.cardatechnologies.utils.validators.abaroutevalidator.Test_AbaRouteValidator_08" time="0"/>
  <testcase name="testAbaNumberCheck_15602_bad" classname="com.cardatechnologies.utils.validators.abaroutevalidator.Test_AbaRouteValidator_08" time="0"/>
  <testcase name="testAbaNumberCheck_16416_bad" classname="com.cardatechnologies.utils.validators.abaroutevalidator.Test_AbaRouteValidator_08" time="0"/>
  <testcase name="testAbaNumberCheck_15152_bad" classname="com.cardatechnologies.utils.validators.abaroutevalidator.Test_AbaRouteValidator_08" time="0"/>
  <testcase name="testAbaNumberCheck_17319_good" classname="com.cardatechnologies.utils.validators.abaroutevalidator.Test_AbaRouteValidator_08" time="0"/>
  <testcase name="testAbaNumberCheck_15604_bad" classname="com.cardatechnologies.utils.validators.abaroutevalidator.Test_AbaRouteValidator_08" time="0"/>
  <testcase name="testAbaNumberCheck_16418_bad" classname="com.cardatechnologies.utils.validators.abaroutevalidator.Test_AbaRouteValidator_08" time="0"/>
  <testcase name="testAbaNumberCheck_15154_bad" classname="com.cardatechnologies.utils.validators.abaroutevalidator.Test_AbaRouteValidator_08" time="0"/>
  <testcase name="testAbaNumberCheck_15606_bad" classname="com.cardatechnologies.utils.validators.abaroutevalidator.Test_AbaRouteValidator_08" time="0"/>
  <testcase name="testAbaNumberCheck_15156_bad" classname="com.cardatechnologies.utils.validators.abaroutevalidator.Test_AbaRouteValidator_08" time="0"/>
  <testcase name="testAbaNumberCheck_17283_good" classname="com.cardatechnologies.utils.validators.abaroutevalidator.Test_AbaRouteValidator_08" time="0"/>
  <testcase name="testAbaNumberCheck_16343_good" classname="com.cardatechnologies.utils.validators.abaroutevalidator.Test_AbaRouteValidator_08" time="0"/>
  <testcase name="testAbaNumberCheck_15403_good" classname="com.cardatechnologies.utils.validators.abaroutevalidator.Test_AbaRouteValidator_08" time="0"/>
  <testcase name="testAbaNumberCheck_15608_bad" classname="com.cardatechnologies.utils.validators.abaroutevalidator.Test_AbaRouteValidator_08" time="0"/>
  <testcase name="testAbaNumberCheck_15158_bad" classname="com.cardatechnologies.utils.validators.abaroutevalidator.Test_AbaRouteValidator_08" time="0"/>
  <testcase name="testAbaNumberCheck_17157_good" classname="com.cardatechnologies.utils.validators.abaroutevalidator.Test_AbaRouteValidator_08" time="0"/>
  <testcase name="testAbaNumberCheck_16217_good" classname="com.cardatechnologies.utils.validators.abaroutevalidator.Test_AbaRouteValidator_08" time="0"/>
  <testcase name="testAbaNumberCheck_16181_good" classname="com.cardatechnologies.utils.validators.abaroutevalidator.Test_AbaRouteValidator_08" time="0"/>
  <testcase name="testAbaNumberCheck_15241_good" classname="com.cardatechnologies.utils.validators.abaroutevalidator.Test_AbaRouteValidator_08" time="0"/>
  <testcase name="testAbaNumberCheck_16055_good" classname="com.cardatechnologies.utils.validators.abaroutevalidator.Test_AbaRouteValidator_08" time="0"/>
  <testcase name="testAbaNumberCheck_15115_good" classname="com.cardatechnologies.utils.validators.abaroutevalidator.Test_AbaRouteValidator_08" time="0"/>
  <testcase name="testAbaNumberCheck_16713_good" classname="com.cardatechnologies.utils.validators.abaroutevalidator.Test_AbaRouteValidator_08" time="0"/>
  <testcase name="testAbaNumberCheck_17230_bad" classname="com.cardatechnologies.utils.validators.abaroutevalidator.Test_AbaRouteValidator_08" time="0"/>
  <testcase name="testAbaNumberCheck_17232_bad" classname="com.cardatechnologies.utils.validators.abaroutevalidator.Test_AbaRouteValidator_08" time="0"/>
  <testcase name="testAbaNumberCheck_17527_good" classname="com.cardatechnologies.utils.validators.abaroutevalidator.Test_AbaRouteValidator_08" time="0"/>
  <testcase name="testAbaNumberCheck_16420_bad" classname="com.cardatechnologies.utils.validators.abaroutevalidator.Test_AbaRouteValidator_08" time="0"/>
  <testcase name="testAbaNumberCheck_17234_bad" classname="com.cardatechnologies.utils.validators.abaroutevalidator.Test_AbaRouteValidator_08" time="0"/>
  <testcase name="testAbaNumberCheck_16422_bad" classname="com.cardatechnologies.utils.validators.abaroutevalidator.Test_AbaRouteValidator_08" time="0"/>
  <testcase name="testAbaNumberCheck_17236_bad" classname="com.cardatechnologies.utils.validators.abaroutevalidator.Test_AbaRouteValidator_08" time="0"/>
  <testcase name="testAbaNumberCheck_17491_good" classname="com.cardatechnologies.utils.validators.abaroutevalidator.Test_AbaRouteValidator_08" time="0"/>
  <testcase name="testAbaNumberCheck_16551_good" classname="com.cardatechnologies.utils.validators.abaroutevalidator.Test_AbaRouteValidator_08" time="0"/>
  <testcase name="testAbaNumberCheck_15611_good" classname="com.cardatechnologies.utils.validators.abaroutevalidator.Test_AbaRouteValidator_08" time="0"/>
  <testcase name="testAbaNumberCheck_15610_bad" classname="com.cardatechnologies.utils.validators.abaroutevalidator.Test_AbaRouteValidator_08" time="0"/>
  <testcase name="testAbaNumberCheck_16424_bad" classname="com.cardatechnologies.utils.validators.abaroutevalidator.Test_AbaRouteValidator_08" time="0"/>
  <testcase name="testAbaNumberCheck_17238_bad" classname="com.cardatechnologies.utils.validators.abaroutevalidator.Test_AbaRouteValidator_08" time="0"/>
  <testcase name="testAbaNumberCheck_15160_bad" classname="com.cardatechnologies.utils.validators.abaroutevalidator.Test_AbaRouteValidator_08" time="0"/>
  <testcase name="testAbaNumberCheck_15612_bad" classname="com.cardatechnologies.utils.validators.abaroutevalidator.Test_AbaRouteValidator_08" time="0"/>
  <testcase name="testAbaNumberCheck_16426_bad" classname="com.cardatechnologies.utils.validators.abaroutevalidator.Test_AbaRouteValidator_08" time="0"/>
  <testcase name="testAbaNumberCheck_15162_bad" classname="com.cardatechnologies.utils.validators.abaroutevalidator.Test_AbaRouteValidator_08" time="0"/>
  <testcase name="testAbaNumberCheck_17365_good" classname="com.cardatechnologies.utils.validators.abaroutevalidator.Test_AbaRouteValidator_08" time="0"/>
  <testcase name="testAbaNumberCheck_16425_good" classname="com.cardatechnologies.utils.validators.abaroutevalidator.Test_AbaRouteValidator_08" time="0.001"/>
  <testcase name="testAbaNumberCheck_15614_bad" classname="com.cardatechnologies.utils.validators.abaroutevalidator.Test_AbaRouteValidator_08" time="0"/>
  <testcase name="testAbaNumberCheck_16428_bad" classname="com.cardatechnologies.utils.validators.abaroutevalidator.Test_AbaRouteValidator_08" time="0"/>
  <testcase name="testAbaNumberCheck_15164_bad" classname="com.cardatechnologies.utils.validators.abaroutevalidator.Test_AbaRouteValidator_08" time="0"/>
  <testcase name="testAbaNumberCheck_15616_bad" classname="com.cardatechnologies.utils.validators.abaroutevalidator.Test_AbaRouteValidator_08" time="0"/>
  <testcase name="testAbaNumberCheck_15166_bad" classname="com.cardatechnologies.utils.validators.abaroutevalidator.Test_AbaRouteValidator_08" time="0"/>
  <testcase name="testAbaNumberCheck_17239_good" classname="com.cardatechnologies.utils.validators.abaroutevalidator.Test_AbaRouteValidator_08" time="0"/>
  <testcase name="testAbaNumberCheck_15618_bad" classname="com.cardatechnologies.utils.validators.abaroutevalidator.Test_AbaRouteValidator_08" time="0"/>
  <testcase name="testAbaNumberCheck_15168_bad" classname="com.cardatechnologies.utils.validators.abaroutevalidator.Test_AbaRouteValidator_08" time="0"/>
  <testcase name="testAbaNumberCheck_16263_good" classname="com.cardatechnologies.utils.validators.abaroutevalidator.Test_AbaRouteValidator_08" time="0"/>
  <testcase name="testAbaNumberCheck_15323_good" classname="com.cardatechnologies.utils.validators.abaroutevalidator.Test_AbaRouteValidator_08" time="0"/>
  <testcase name="testAbaNumberCheck_16921_good" classname="com.cardatechnologies.utils.validators.abaroutevalidator.Test_AbaRouteValidator_08" time="0"/>
  <testcase name="testAbaNumberCheck_17077_good" classname="com.cardatechnologies.utils.validators.abaroutevalidator.Test_AbaRouteValidator_08" time="0"/>
  <testcase name="testAbaNumberCheck_16137_good" classname="com.cardatechnologies.utils.validators.abaroutevalidator.Test_AbaRouteValidator_08" time="0"/>
  <testcase name="testAbaNumberCheck_15161_good" classname="com.cardatechnologies.utils.validators.abaroutevalidator.Test_AbaRouteValidator_08" time="0"/>
  <testcase name="testAbaNumberCheck_17240_bad" classname="com.cardatechnologies.utils.validators.abaroutevalidator.Test_AbaRouteValidator_08" time="0"/>
  <testcase name="testAbaNumberCheck_15035_good" classname="com.cardatechnologies.utils.validators.abaroutevalidator.Test_AbaRouteValidator_08" time="0"/>
  <testcase name="testAbaNumberCheck_17242_bad" classname="com.cardatechnologies.utils.validators.abaroutevalidator.Test_AbaRouteValidator_08" time="0"/>
  <testcase name="testAbaNumberCheck_16633_good" classname="com.cardatechnologies.utils.validators.abaroutevalidator.Test_AbaRouteValidator_08" time="0"/>
  <testcase name="testAbaNumberCheck_16430_bad" classname="com.cardatechnologies.utils.validators.abaroutevalidator.Test_AbaRouteValidator_08" time="0"/>
  <testcase name="testAbaNumberCheck_17244_bad" classname="com.cardatechnologies.utils.validators.abaroutevalidator.Test_AbaRouteValidator_08" time="0"/>
  <testcase name="testAbaNumberCheck_16432_bad" classname="com.cardatechnologies.utils.validators.abaroutevalidator.Test_AbaRouteValidator_08" time="0"/>
  <testcase name="testAbaNumberCheck_17246_bad" classname="com.cardatechnologies.utils.validators.abaroutevalidator.Test_AbaRouteValidator_08" time="0"/>
  <testcase name="testAbaNumberCheck_17447_good" classname="com.cardatechnologies.utils.validators.abaroutevalidator.Test_AbaRouteValidator_08" time="0"/>
  <testcase name="testAbaNumberCheck_16507_good" classname="com.cardatechnologies.utils.validators.abaroutevalidator.Test_AbaRouteValidator_08" time="0"/>
  <testcase name="testAbaNumberCheck_15620_bad" classname="com.cardatechnologies.utils.validators.abaroutevalidator.Test_AbaRouteValidator_08" time="0"/>
  <testcase name="testAbaNumberCheck_16434_bad" classname="com.cardatechnologies.utils.validators.abaroutevalidator.Test_AbaRouteValidator_08" time="0"/>
  <testcase name="testAbaNumberCheck_17248_bad" classname="com.cardatechnologies.utils.validators.abaroutevalidator.Test_AbaRouteValidator_08" time="0"/>
  <testcase name="testAbaNumberCheck_15170_bad" classname="com.cardatechnologies.utils.validators.abaroutevalidator.Test_AbaRouteValidator_08" time="0"/>
  <testcase name="testAbaNumberCheck_15622_bad" classname="com.cardatechnologies.utils.validators.abaroutevalidator.Test_AbaRouteValidator_08" time="0"/>
  <testcase name="testAbaNumberCheck_16436_bad" classname="com.cardatechnologies.utils.validators.abaroutevalidator.Test_AbaRouteValidator_08" time="0"/>
  <testcase name="testAbaNumberCheck_15172_bad" classname="com.cardatechnologies.utils.validators.abaroutevalidator.Test_AbaRouteValidator_08" time="0"/>
  <testcase name="testAbaNumberCheck_16471_good" classname="com.cardatechnologies.utils.validators.abaroutevalidator.Test_AbaRouteValidator_08" time="0"/>
  <testcase name="testAbaNumberCheck_15531_good" classname="com.cardatechnologies.utils.validators.abaroutevalidator.Test_AbaRouteValidator_08" time="0"/>
  <testcase name="testAbaNumberCheck_15624_bad" classname="com.cardatechnologies.utils.validators.abaroutevalidator.Test_AbaRouteValidator_08" time="0"/>
  <testcase name="testAbaNumberCheck_16438_bad" classname="com.cardatechnologies.utils.validators.abaroutevalidator.Test_AbaRouteValidator_08" time="0"/>
  <testcase name="testAbaNumberCheck_15174_bad" classname="com.cardatechnologies.utils.validators.abaroutevalidator.Test_AbaRouteValidator_08" time="0"/>
  <testcase name="testAbaNumberCheck_15626_bad" classname="com.cardatechnologies.utils.validators.abaroutevalidator.Test_AbaRouteValidator_08" time="0"/>
  <testcase name="testAbaNumberCheck_15176_bad" classname="com.cardatechnologies.utils.validators.abaroutevalidator.Test_AbaRouteValidator_08" time="0"/>
  <testcase name="testAbaNumberCheck_17285_good" classname="com.cardatechnologies.utils.validators.abaroutevalidator.Test_AbaRouteValidator_08" time="0"/>
  <testcase name="testAbaNumberCheck_16345_good" classname="com.cardatechnologies.utils.validators.abaroutevalidator.Test_AbaRouteValidator_08" time="0"/>
  <testcase name="testAbaNumberCheck_15405_good" classname="com.cardatechnologies.utils.validators.abaroutevalidator.Test_AbaRouteValidator_08" time="0"/>
  <testcase name="testAbaNumberCheck_15628_bad" classname="com.cardatechnologies.utils.validators.abaroutevalidator.Test_AbaRouteValidator_08" time="0"/>
  <testcase name="testAbaNumberCheck_15178_bad" classname="com.cardatechnologies.utils.validators.abaroutevalidator.Test_AbaRouteValidator_08" time="0"/>
  <testcase name="testAbaNumberCheck_17159_good" classname="com.cardatechnologies.utils.validators.abaroutevalidator.Test_AbaRouteValidator_08" time="0"/>
  <testcase name="testAbaNumberCheck_16219_good" classname="com.cardatechnologies.utils.validators.abaroutevalidator.Test_AbaRouteValidator_08" time="0"/>
  <testcase name="testAbaNumberCheck_16183_good" classname="com.cardatechnologies.utils.validators.abaroutevalidator.Test_AbaRouteValidator_08" time="0"/>
  <testcase name="testAbaNumberCheck_15243_good" classname="com.cardatechnologies.utils.validators.abaroutevalidator.Test_AbaRouteValidator_08" time="0"/>
  <testcase name="testAbaNumberCheck_16841_good" classname="com.cardatechnologies.utils.validators.abaroutevalidator.Test_AbaRouteValidator_08" time="0"/>
  <testcase name="testAbaNumberCheck_15901_good" classname="com.cardatechnologies.utils.validators.abaroutevalidator.Test_AbaRouteValidator_08" time="0"/>
  <testcase name="testAbaNumberCheck_16057_good" classname="com.cardatechnologies.utils.validators.abaroutevalidator.Test_AbaRouteValidator_08" time="0"/>
  <testcase name="testAbaNumberCheck_15117_good" classname="com.cardatechnologies.utils.validators.abaroutevalidator.Test_AbaRouteValidator_08" time="0"/>
  <testcase name="testAbaNumberCheck_16715_good" classname="com.cardatechnologies.utils.validators.abaroutevalidator.Test_AbaRouteValidator_08" time="0"/>
  <testcase name="testAbaNumberCheck_15081_good" classname="com.cardatechnologies.utils.validators.abaroutevalidator.Test_AbaRouteValidator_08" time="0"/>
  <testcase name="testAbaNumberCheck_17250_bad" classname="com.cardatechnologies.utils.validators.abaroutevalidator.Test_AbaRouteValidator_08" time="0"/>
  <testcase name="testAbaNumberCheck_17252_bad" classname="com.cardatechnologies.utils.validators.abaroutevalidator.Test_AbaRouteValidator_08" time="0"/>
  <testcase name="testAbaNumberCheck_17529_good" classname="com.cardatechnologies.utils.validators.abaroutevalidator.Test_AbaRouteValidator_08" time="0"/>
  <testcase name="testAbaNumberCheck_16440_bad" classname="com.cardatechnologies.utils.validators.abaroutevalidator.Test_AbaRouteValidator_08" time="0"/>
  <testcase name="testAbaNumberCheck_17254_bad" classname="com.cardatechnologies.utils.validators.abaroutevalidator.Test_AbaRouteValidator_08" time="0"/>
  <testcase name="testAbaNumberCheck_16442_bad" classname="com.cardatechnologies.utils.validators.abaroutevalidator.Test_AbaRouteValidator_08" time="0"/>
  <testcase name="testAbaNumberCheck_17256_bad" classname="com.cardatechnologies.utils.validators.abaroutevalidator.Test_AbaRouteValidator_08" time="0"/>
  <testcase name="testAbaNumberCheck_17493_good" classname="com.cardatechnologies.utils.validators.abaroutevalidator.Test_AbaRouteValidator_08" time="0"/>
  <testcase name="testAbaNumberCheck_16553_good" classname="com.cardatechnologies.utils.validators.abaroutevalidator.Test_AbaRouteValidator_08" time="0"/>
  <testcase name="testAbaNumberCheck_15613_good" classname="com.cardatechnologies.utils.validators.abaroutevalidator.Test_AbaRouteValidator_08" time="0"/>
  <testcase name="testAbaNumberCheck_15630_bad" classname="com.cardatechnologies.utils.validators.abaroutevalidator.Test_AbaRouteValidator_08" time="0"/>
  <testcase name="testAbaNumberCheck_16444_bad" classname="com.cardatechnologies.utils.validators.abaroutevalidator.Test_AbaRouteValidator_08" time="0"/>
  <testcase name="testAbaNumberCheck_17258_bad" classname="com.cardatechnologies.utils.validators.abaroutevalidator.Test_AbaRouteValidator_08" time="0"/>
  <testcase name="testAbaNumberCheck_15180_bad" classname="com.cardatechnologies.utils.validators.abaroutevalidator.Test_AbaRouteValidator_08" time="0"/>
  <testcase name="testAbaNumberCheck_15632_bad" classname="com.cardatechnologies.utils.validators.abaroutevalidator.Test_AbaRouteValidator_08" time="0"/>
  <testcase name="testAbaNumberCheck_16446_bad" classname="com.cardatechnologies.utils.validators.abaroutevalidator.Test_AbaRouteValidator_08" time="0"/>
  <testcase name="testAbaNumberCheck_15182_bad" classname="com.cardatechnologies.utils.validators.abaroutevalidator.Test_AbaRouteValidator_08" time="0"/>
  <testcase name="testAbaNumberCheck_17367_good" classname="com.cardatechnologies.utils.validators.abaroutevalidator.Test_AbaRouteValidator_08" time="0"/>
  <testcase name="testAbaNumberCheck_16427_good" classname="com.cardatechnologies.utils.validators.abaroutevalidator.Test_AbaRouteValidator_08" time="0"/>
  <testcase name="testAbaNumberCheck_15634_bad" classname="com.cardatechnologies.utils.validators.abaroutevalidator.Test_AbaRouteValidator_08" time="0.001"/>
  <testcase name="testAbaNumberCheck_16448_bad" classname="com.cardatechnologies.utils.validators.abaroutevalidator.Test_AbaRouteValidator_08" time="0"/>
  <testcase name="testAbaNumberCheck_15184_bad" classname="com.cardatechnologies.utils.validators.abaroutevalidator.Test_AbaRouteValidator_08" time="0"/>
  <testcase name="testAbaNumberCheck_15636_bad" classname="com.cardatechnologies.utils.validators.abaroutevalidator.Test_AbaRouteValidator_08" time="0"/>
  <testcase name="testAbaNumberCheck_16391_good" classname="com.cardatechnologies.utils.validators.abaroutevalidator.Test_AbaRouteValidator_08" time="0"/>
  <testcase name="testAbaNumberCheck_15186_bad" classname="com.cardatechnologies.utils.validators.abaroutevalidator.Test_AbaRouteValidator_08" time="0"/>
  <testcase name="testAbaNumberCheck_15451_good" classname="com.cardatechnologies.utils.validators.abaroutevalidator.Test_AbaRouteValidator_08" time="0"/>
  <testcase name="testAbaNumberCheck_15638_bad" classname="com.cardatechnologies.utils.validators.abaroutevalidator.Test_AbaRouteValidator_08" time="0"/>
  <testcase name="testAbaNumberCheck_15188_bad" classname="com.cardatechnologies.utils.validators.abaroutevalidator.Test_AbaRouteValidator_08" time="0"/>
  <testcase name="testAbaNumberCheck_16265_good" classname="com.cardatechnologies.utils.validators.abaroutevalidator.Test_AbaRouteValidator_08" time="0"/>
  <testcase name="testAbaNumberCheck_15325_good" classname="com.cardatechnologies.utils.validators.abaroutevalidator.Test_AbaRouteValidator_08" time="0"/>
  <testcase name="testAbaNumberCheck_16923_good" classname="com.cardatechnologies.utils.validators.abaroutevalidator.Test_AbaRouteValidator_08" time="0"/>
  <testcase name="testAbaNumberCheck_17079_good" classname="com.cardatechnologies.utils.validators.abaroutevalidator.Test_AbaRouteValidator_08" time="0"/>
  <testcase name="testAbaNumberCheck_16139_good" classname="com.cardatechnologies.utils.validators.abaroutevalidator.Test_AbaRouteValidator_08" time="0"/>
  <testcase name="testAbaNumberCheck_15163_good" classname="com.cardatechnologies.utils.validators.abaroutevalidator.Test_AbaRouteValidator_08" time="0"/>
  <testcase name="testAbaNumberCheck_16761_good" classname="com.cardatechnologies.utils.validators.abaroutevalidator.Test_AbaRouteValidator_08" time="0"/>
  <testcase name="testAbaNumberCheck_15821_good" classname="com.cardatechnologies.utils.validators.abaroutevalidator.Test_AbaRouteValidator_08" time="0"/>
  <testcase name="testAbaNumberCheck_17260_bad" classname="com.cardatechnologies.utils.validators.abaroutevalidator.Test_AbaRouteValidator_08" time="0"/>
  <testcase name="testAbaNumberCheck_15037_good" classname="com.cardatechnologies.utils.validators.abaroutevalidator.Test_AbaRouteValidator_08" time="0"/>
  <testcase name="testAbaNumberCheck_17262_bad" classname="com.cardatechnologies.utils.validators.abaroutevalidator.Test_AbaRouteValidator_08" time="0"/>
  <testcase name="testAbaNumberCheck_16635_good" classname="com.cardatechnologies.utils.validators.abaroutevalidator.Test_AbaRouteValidator_08" time="0"/>
  <testcase name="testAbaNumberCheck_16900_bad" classname="com.cardatechnologies.utils.validators.abaroutevalidator.Test_AbaRouteValidator_08" time="0"/>
  <testcase name="testAbaNumberCheck_16450_bad" classname="com.cardatechnologies.utils.validators.abaroutevalidator.Test_AbaRouteValidator_08" time="0"/>
  <testcase name="testAbaNumberCheck_17264_bad" classname="com.cardatechnologies.utils.validators.abaroutevalidator.Test_AbaRouteValidator_08" time="0"/>
  <testcase name="testAbaNumberCheck_16902_bad" classname="com.cardatechnologies.utils.validators.abaroutevalidator.Test_AbaRouteValidator_08" time="0"/>
  <testcase name="testAbaNumberCheck_16452_bad" classname="com.cardatechnologies.utils.validators.abaroutevalidator.Test_AbaRouteValidator_08" time="0"/>
  <testcase name="testAbaNumberCheck_17266_bad" classname="com.cardatechnologies.utils.validators.abaroutevalidator.Test_AbaRouteValidator_08" time="0"/>
  <testcase name="testAbaNumberCheck_17449_good" classname="com.cardatechnologies.utils.validators.abaroutevalidator.Test_AbaRouteValidator_08" time="0"/>
  <testcase name="testAbaNumberCheck_16904_bad" classname="com.cardatechnologies.utils.validators.abaroutevalidator.Test_AbaRouteValidator_08" time="0"/>
  <testcase name="testAbaNumberCheck_16509_good" classname="com.cardatechnologies.utils.validators.abaroutevalidator.Test_AbaRouteValidator_08" time="0"/>
  <testcase name="testAbaNumberCheck_15640_bad" classname="com.cardatechnologies.utils.validators.abaroutevalidator.Test_AbaRouteValidator_08" time="0"/>
  <testcase name="testAbaNumberCheck_16454_bad" classname="com.cardatechnologies.utils.validators.abaroutevalidator.Test_AbaRouteValidator_08" time="0"/>
  <testcase name="testAbaNumberCheck_17268_bad" classname="com.cardatechnologies.utils.validators.abaroutevalidator.Test_AbaRouteValidator_08" time="0"/>
  <testcase name="testAbaNumberCheck_15190_bad" classname="com.cardatechnologies.utils.validators.abaroutevalidator.Test_AbaRouteValidator_08" time="0"/>
  <testcase name="testAbaNumberCheck_16906_bad" classname="com.cardatechnologies.utils.validators.abaroutevalidator.Test_AbaRouteValidator_08" time="0"/>
  <testcase name="testAbaNumberCheck_15642_bad" classname="com.cardatechnologies.utils.validators.abaroutevalidator.Test_AbaRouteValidator_08" time="0"/>
  <testcase name="testAbaNumberCheck_16456_bad" classname="com.cardatechnologies.utils.validators.abaroutevalidator.Test_AbaRouteValidator_08" time="0"/>
  <testcase name="testAbaNumberCheck_15192_bad" classname="com.cardatechnologies.utils.validators.abaroutevalidator.Test_AbaRouteValidator_08" time="0"/>
  <testcase name="testAbaNumberCheck_16473_good" classname="com.cardatechnologies.utils.validators.abaroutevalidator.Test_AbaRouteValidator_08" time="0"/>
  <testcase name="testAbaNumberCheck_15533_good" classname="com.cardatechnologies.utils.validators.abaroutevalidator.Test_AbaRouteValidator_08" time="0"/>
  <testcase name="testAbaNumberCheck_16908_bad" classname="com.cardatechnologies.utils.validators.abaroutevalidator.Test_AbaRouteValidator_08" time="0"/>
  <testcase name="testAbaNumberCheck_15644_bad" classname="com.cardatechnologies.utils.validators.abaroutevalidator.Test_AbaRouteValidator_08" time="0"/>
  <testcase name="testAbaNumberCheck_16458_bad" classname="com.cardatechnologies.utils.validators.abaroutevalidator.Test_AbaRouteValidator_08" time="0"/>
  <testcase name="testAbaNumberCheck_15194_bad" classname="com.cardatechnologies.utils.validators.abaroutevalidator.Test_AbaRouteValidator_08" time="0"/>
  <testcase name="testAbaNumberCheck_15646_bad" classname="com.cardatechnologies.utils.validators.abaroutevalidator.Test_AbaRouteValidator_08" time="0"/>
  <testcase name="testAbaNumberCheck_15196_bad" classname="com.cardatechnologies.utils.validators.abaroutevalidator.Test_AbaRouteValidator_08" time="0"/>
  <testcase name="testAbaNumberCheck_17287_good" classname="com.cardatechnologies.utils.validators.abaroutevalidator.Test_AbaRouteValidator_08" time="0"/>
  <testcase name="testAbaNumberCheck_16347_good" classname="com.cardatechnologies.utils.validators.abaroutevalidator.Test_AbaRouteValidator_08" time="0"/>
  <testcase name="testAbaNumberCheck_15407_good" classname="com.cardatechnologies.utils.validators.abaroutevalidator.Test_AbaRouteValidator_08" time="0"/>
  <testcase name="testAbaNumberCheck_15648_bad" classname="com.cardatechnologies.utils.validators.abaroutevalidator.Test_AbaRouteValidator_08" time="0"/>
  <testcase name="testAbaNumberCheck_15198_bad" classname="com.cardatechnologies.utils.validators.abaroutevalidator.Test_AbaRouteValidator_08" time="0"/>
  <testcase name="testAbaNumberCheck_15371_good" classname="com.cardatechnologies.utils.validators.abaroutevalidator.Test_AbaRouteValidator_08" time="0"/>
  <testcase name="testAbaNumberCheck_16185_good" classname="com.cardatechnologies.utils.validators.abaroutevalidator.Test_AbaRouteValidator_08" time="0"/>
  <testcase name="testAbaNumberCheck_15245_good" classname="com.cardatechnologies.utils.validators.abaroutevalidator.Test_AbaRouteValidator_08" time="0"/>
  <testcase name="testAbaNumberCheck_16843_good" classname="com.cardatechnologies.utils.validators.abaroutevalidator.Test_AbaRouteValidator_08" time="0"/>
  <testcase name="testAbaNumberCheck_15903_good" classname="com.cardatechnologies.utils.validators.abaroutevalidator.Test_AbaRouteValidator_08" time="0"/>
  <testcase name="testAbaNumberCheck_16059_good" classname="com.cardatechnologies.utils.validators.abaroutevalidator.Test_AbaRouteValidator_08" time="0"/>
  <testcase name="testAbaNumberCheck_15119_good" classname="com.cardatechnologies.utils.validators.abaroutevalidator.Test_AbaRouteValidator_08" time="0"/>
  <testcase name="testAbaNumberCheck_16717_good" classname="com.cardatechnologies.utils.validators.abaroutevalidator.Test_AbaRouteValidator_08" time="0"/>
  <testcase name="testAbaNumberCheck_15083_good" classname="com.cardatechnologies.utils.validators.abaroutevalidator.Test_AbaRouteValidator_08" time="0"/>
  <testcase name="testAbaNumberCheck_17270_bad" classname="com.cardatechnologies.utils.validators.abaroutevalidator.Test_AbaRouteValidator_08" time="0"/>
  <testcase name="testAbaNumberCheck_17272_bad" classname="com.cardatechnologies.utils.validators.abaroutevalidator.Test_AbaRouteValidator_08" time="0"/>
  <testcase name="testAbaNumberCheck_16681_good" classname="com.cardatechnologies.utils.validators.abaroutevalidator.Test_AbaRouteValidator_08" time="0"/>
  <testcase name="testAbaNumberCheck_15741_good" classname="com.cardatechnologies.utils.validators.abaroutevalidator.Test_AbaRouteValidator_08" time="0"/>
  <testcase name="testAbaNumberCheck_16910_bad" classname="com.cardatechnologies.utils.validators.abaroutevalidator.Test_AbaRouteValidator_08" time="0"/>
  <testcase name="testAbaNumberCheck_16460_bad" classname="com.cardatechnologies.utils.validators.abaroutevalidator.Test_AbaRouteValidator_08" time="0"/>
  <testcase name="testAbaNumberCheck_17274_bad" classname="com.cardatechnologies.utils.validators.abaroutevalidator.Test_AbaRouteValidator_08" time="0"/>
  <testcase name="testAbaNumberCheck_16912_bad" classname="com.cardatechnologies.utils.validators.abaroutevalidator.Test_AbaRouteValidator_08" time="0"/>
  <testcase name="testAbaNumberCheck_16462_bad" classname="com.cardatechnologies.utils.validators.abaroutevalidator.Test_AbaRouteValidator_08" time="0"/>
  <testcase name="testAbaNumberCheck_17276_bad" classname="com.cardatechnologies.utils.validators.abaroutevalidator.Test_AbaRouteValidator_08" time="0"/>
  <testcase name="testAbaNumberCheck_17495_good" classname="com.cardatechnologies.utils.validators.abaroutevalidator.Test_AbaRouteValidator_08" time="0"/>
  <testcase name="testAbaNumberCheck_16555_good" classname="com.cardatechnologies.utils.validators.abaroutevalidator.Test_AbaRouteValidator_08" time="0"/>
  <testcase name="testAbaNumberCheck_15615_good" classname="com.cardatechnologies.utils.validators.abaroutevalidator.Test_AbaRouteValidator_08" time="0"/>
  <testcase name="testAbaNumberCheck_16914_bad" classname="com.cardatechnologies.utils.validators.abaroutevalidator.Test_AbaRouteValidator_08" time="0.001"/>
  <testcase name="testAbaNumberCheck_15650_bad" classname="com.cardatechnologies.utils.validators.abaroutevalidator.Test_AbaRouteValidator_08" time="0"/>
  <testcase name="testAbaNumberCheck_16464_bad" classname="com.cardatechnologies.utils.validators.abaroutevalidator.Test_AbaRouteValidator_08" time="0"/>
  <testcase name="testAbaNumberCheck_17278_bad" classname="com.cardatechnologies.utils.validators.abaroutevalidator.Test_AbaRouteValidator_08" time="0"/>
  <testcase name="testAbaNumberCheck_16916_bad" classname="com.cardatechnologies.utils.validators.abaroutevalidator.Test_AbaRouteValidator_08" time="0"/>
  <testcase name="testAbaNumberCheck_15652_bad" classname="com.cardatechnologies.utils.validators.abaroutevalidator.Test_AbaRouteValidator_08" time="0"/>
  <testcase name="testAbaNumberCheck_16466_bad" classname="com.cardatechnologies.utils.validators.abaroutevalidator.Test_AbaRouteValidator_08" time="0"/>
  <testcase name="testAbaNumberCheck_17369_good" classname="com.cardatechnologies.utils.validators.abaroutevalidator.Test_AbaRouteValidator_08" time="0"/>
  <testcase name="testAbaNumberCheck_16429_good" classname="com.cardatechnologies.utils.validators.abaroutevalidator.Test_AbaRouteValidator_08" time="0"/>
  <testcase name="testAbaNumberCheck_16918_bad" classname="com.cardatechnologies.utils.validators.abaroutevalidator.Test_AbaRouteValidator_08" time="0"/>
  <testcase name="testAbaNumberCheck_15654_bad" classname="com.cardatechnologies.utils.validators.abaroutevalidator.Test_AbaRouteValidator_08" time="0"/>
  <testcase name="testAbaNumberCheck_16468_bad" classname="com.cardatechnologies.utils.validators.abaroutevalidator.Test_AbaRouteValidator_08" time="0"/>
  <testcase name="testAbaNumberCheck_15656_bad" classname="com.cardatechnologies.utils.validators.abaroutevalidator.Test_AbaRouteValidator_08" time="0"/>
  <testcase name="testAbaNumberCheck_16393_good" classname="com.cardatechnologies.utils.validators.abaroutevalidator.Test_AbaRouteValidator_08" time="0"/>
  <testcase name="testAbaNumberCheck_15453_good" classname="com.cardatechnologies.utils.validators.abaroutevalidator.Test_AbaRouteValidator_08" time="0"/>
  <testcase name="testAbaNumberCheck_15658_bad" classname="com.cardatechnologies.utils.validators.abaroutevalidator.Test_AbaRouteValidator_08" time="0"/>
  <testcase name="testAbaNumberCheck_16267_good" classname="com.cardatechnologies.utils.validators.abaroutevalidator.Test_AbaRouteValidator_08" time="0"/>
  <testcase name="testAbaNumberCheck_15327_good" classname="com.cardatechnologies.utils.validators.abaroutevalidator.Test_AbaRouteValidator_08" time="0"/>
  <testcase name="testAbaNumberCheck_16925_good" classname="com.cardatechnologies.utils.validators.abaroutevalidator.Test_AbaRouteValidator_08" time="0"/>
  <testcase name="testAbaNumberCheck_15291_good" classname="com.cardatechnologies.utils.validators.abaroutevalidator.Test_AbaRouteValidator_08" time="0"/>
  <testcase name="testAbaNumberCheck_15165_good" classname="com.cardatechnologies.utils.validators.abaroutevalidator.Test_AbaRouteValidator_08" time="0"/>
  <testcase name="testAbaNumberCheck_16763_good" classname="com.cardatechnologies.utils.validators.abaroutevalidator.Test_AbaRouteValidator_08" time="0"/>
  <testcase name="testAbaNumberCheck_15823_good" classname="com.cardatechnologies.utils.validators.abaroutevalidator.Test_AbaRouteValidator_08" time="0"/>
  <testcase name="testAbaNumberCheck_17280_bad" classname="com.cardatechnologies.utils.validators.abaroutevalidator.Test_AbaRouteValidator_08" time="0"/>
  <testcase name="testAbaNumberCheck_15039_good" classname="com.cardatechnologies.utils.validators.abaroutevalidator.Test_AbaRouteValidator_08" time="0"/>
  <testcase name="testAbaNumberCheck_17282_bad" classname="com.cardatechnologies.utils.validators.abaroutevalidator.Test_AbaRouteValidator_08" time="0.001"/>
  <testcase name="testAbaNumberCheck_16637_good" classname="com.cardatechnologies.utils.validators.abaroutevalidator.Test_AbaRouteValidator_08" time="0"/>
  <testcase name="testAbaNumberCheck_16920_bad" classname="com.cardatechnologies.utils.validators.abaroutevalidator.Test_AbaRouteValidator_08" time="0"/>
  <testcase name="testAbaNumberCheck_16470_bad" classname="com.cardatechnologies.utils.validators.abaroutevalidator.Test_AbaRouteValidator_08" time="0"/>
  <testcase name="testAbaNumberCheck_17284_bad" classname="com.cardatechnologies.utils.validators.abaroutevalidator.Test_AbaRouteValidator_08" time="0"/>
  <testcase name="testAbaNumberCheck_16922_bad" classname="com.cardatechnologies.utils.validators.abaroutevalidator.Test_AbaRouteValidator_08" time="0"/>
  <testcase name="testAbaNumberCheck_16472_bad" classname="com.cardatechnologies.utils.validators.abaroutevalidator.Test_AbaRouteValidator_08" time="0"/>
  <testcase name="testAbaNumberCheck_17286_bad" classname="com.cardatechnologies.utils.validators.abaroutevalidator.Test_AbaRouteValidator_08" time="0"/>
  <testcase name="testAbaNumberCheck_15661_good" classname="com.cardatechnologies.utils.validators.abaroutevalidator.Test_AbaRouteValidator_08" time="0"/>
  <testcase name="testAbaNumberCheck_16924_bad" classname="com.cardatechnologies.utils.validators.abaroutevalidator.Test_AbaRouteValidator_08" time="0"/>
  <testcase name="testAbaNumberCheck_15660_bad" classname="com.cardatechnologies.utils.validators.abaroutevalidator.Test_AbaRouteValidator_08" time="0"/>
  <testcase name="testAbaNumberCheck_16474_bad" classname="com.cardatechnologies.utils.validators.abaroutevalidator.Test_AbaRouteValidator_08" time="0"/>
  <testcase name="testAbaNumberCheck_17288_bad" classname="com.cardatechnologies.utils.validators.abaroutevalidator.Test_AbaRouteValidator_08" time="0"/>
  <testcase name="testAbaNumberCheck_16926_bad" classname="com.cardatechnologies.utils.validators.abaroutevalidator.Test_AbaRouteValidator_08" time="0"/>
  <testcase name="testAbaNumberCheck_15662_bad" classname="com.cardatechnologies.utils.validators.abaroutevalidator.Test_AbaRouteValidator_08" time="0"/>
  <testcase name="testAbaNumberCheck_16476_bad" classname="com.cardatechnologies.utils.validators.abaroutevalidator.Test_AbaRouteValidator_08" time="0"/>
  <testcase name="testAbaNumberCheck_16475_good" classname="com.cardatechnologies.utils.validators.abaroutevalidator.Test_AbaRouteValidator_08" time="0"/>
  <testcase name="testAbaNumberCheck_15535_good" classname="com.cardatechnologies.utils.validators.abaroutevalidator.Test_AbaRouteValidator_08" time="0"/>
  <testcase name="testAbaNumberCheck_16928_bad" classname="com.cardatechnologies.utils.validators.abaroutevalidator.Test_AbaRouteValidator_08" time="0"/>
  <testcase name="testAbaNumberCheck_15664_bad" classname="com.cardatechnologies.utils.validators.abaroutevalidator.Test_AbaRouteValidator_08" time="0"/>
  <testcase name="testAbaNumberCheck_16478_bad" classname="com.cardatechnologies.utils.validators.abaroutevalidator.Test_AbaRouteValidator_08" time="0"/>
  <testcase name="testAbaNumberCheck_15666_bad" classname="com.cardatechnologies.utils.validators.abaroutevalidator.Test_AbaRouteValidator_08" time="0"/>
  <testcase name="testAbaNumberCheck_17289_good" classname="com.cardatechnologies.utils.validators.abaroutevalidator.Test_AbaRouteValidator_08" time="0"/>
  <testcase name="testAbaNumberCheck_16349_good" classname="com.cardatechnologies.utils.validators.abaroutevalidator.Test_AbaRouteValidator_08" time="0"/>
  <testcase name="testAbaNumberCheck_15409_good" classname="com.cardatechnologies.utils.validators.abaroutevalidator.Test_AbaRouteValidator_08" time="0"/>
  <testcase name="testAbaNumberCheck_15668_bad" classname="com.cardatechnologies.utils.validators.abaroutevalidator.Test_AbaRouteValidator_08" time="0"/>
  <testcase name="testAbaNumberCheck_15373_good" classname="com.cardatechnologies.utils.validators.abaroutevalidator.Test_AbaRouteValidator_08" time="0"/>
  <testcase name="testAbaNumberCheck_16971_good" classname="com.cardatechnologies.utils.validators.abaroutevalidator.Test_AbaRouteValidator_08" time="0"/>
  <testcase name="testAbaNumberCheck_16187_good" classname="com.cardatechnologies.utils.validators.abaroutevalidator.Test_AbaRouteValidator_08" time="0"/>
  <testcase name="testAbaNumberCheck_15247_good" classname="com.cardatechnologies.utils.validators.abaroutevalidator.Test_AbaRouteValidator_08" time="0"/>
  <testcase name="testAbaNumberCheck_16845_good" classname="com.cardatechnologies.utils.validators.abaroutevalidator.Test_AbaRouteValidator_08" time="0"/>
  <testcase name="testAbaNumberCheck_15905_good" classname="com.cardatechnologies.utils.validators.abaroutevalidator.Test_AbaRouteValidator_08" time="0"/>
  <testcase name="testAbaNumberCheck_16719_good" classname="com.cardatechnologies.utils.validators.abaroutevalidator.Test_AbaRouteValidator_08" time="0"/>
  <testcase name="testAbaNumberCheck_15085_good" classname="com.cardatechnologies.utils.validators.abaroutevalidator.Test_AbaRouteValidator_08" time="0"/>
  <testcase name="testAbaNumberCheck_17290_bad" classname="com.cardatechnologies.utils.validators.abaroutevalidator.Test_AbaRouteValidator_08" time="0"/>
  <testcase name="testAbaNumberCheck_17292_bad" classname="com.cardatechnologies.utils.validators.abaroutevalidator.Test_AbaRouteValidator_08" time="0"/>
  <testcase name="testAbaNumberCheck_16683_good" classname="com.cardatechnologies.utils.validators.abaroutevalidator.Test_AbaRouteValidator_08" time="0"/>
  <testcase name="testAbaNumberCheck_15743_good" classname="com.cardatechnologies.utils.validators.abaroutevalidator.Test_AbaRouteValidator_08" time="0"/>
  <testcase name="testAbaNumberCheck_16930_bad" classname="com.cardatechnologies.utils.validators.abaroutevalidator.Test_AbaRouteValidator_08" time="0"/>
  <testcase name="testAbaNumberCheck_16480_bad" classname="com.cardatechnologies.utils.validators.abaroutevalidator.Test_AbaRouteValidator_08" time="0"/>
  <testcase name="testAbaNumberCheck_17294_bad" classname="com.cardatechnologies.utils.validators.abaroutevalidator.Test_AbaRouteValidator_08" time="0"/>
  <testcase name="testAbaNumberCheck_16932_bad" classname="com.cardatechnologies.utils.validators.abaroutevalidator.Test_AbaRouteValidator_08" time="0"/>
  <testcase name="testAbaNumberCheck_16482_bad" classname="com.cardatechnologies.utils.validators.abaroutevalidator.Test_AbaRouteValidator_08" time="0"/>
  <testcase name="testAbaNumberCheck_17296_bad" classname="com.cardatechnologies.utils.validators.abaroutevalidator.Test_AbaRouteValidator_08" time="0"/>
  <testcase name="testAbaNumberCheck_17497_good" classname="com.cardatechnologies.utils.validators.abaroutevalidator.Test_AbaRouteValidator_08" time="0"/>
  <testcase name="testAbaNumberCheck_16557_good" classname="com.cardatechnologies.utils.validators.abaroutevalidator.Test_AbaRouteValidator_08" time="0"/>
  <testcase name="testAbaNumberCheck_15617_good" classname="com.cardatechnologies.utils.validators.abaroutevalidator.Test_AbaRouteValidator_08" time="0"/>
  <testcase name="testAbaNumberCheck_16934_bad" classname="com.cardatechnologies.utils.validators.abaroutevalidator.Test_AbaRouteValidator_08" time="0"/>
  <testcase name="testAbaNumberCheck_15670_bad" classname="com.cardatechnologies.utils.validators.abaroutevalidator.Test_AbaRouteValidator_08" time="0"/>
  <testcase name="testAbaNumberCheck_16484_bad" classname="com.cardatechnologies.utils.validators.abaroutevalidator.Test_AbaRouteValidator_08" time="0"/>
  <testcase name="testAbaNumberCheck_17298_bad" classname="com.cardatechnologies.utils.validators.abaroutevalidator.Test_AbaRouteValidator_08" time="0"/>
  <testcase name="testAbaNumberCheck_16936_bad" classname="com.cardatechnologies.utils.validators.abaroutevalidator.Test_AbaRouteValidator_08" time="0"/>
  <testcase name="testAbaNumberCheck_15672_bad" classname="com.cardatechnologies.utils.validators.abaroutevalidator.Test_AbaRouteValidator_08" time="0"/>
  <testcase name="testAbaNumberCheck_16486_bad" classname="com.cardatechnologies.utils.validators.abaroutevalidator.Test_AbaRouteValidator_08" time="0"/>
  <testcase name="testAbaNumberCheck_15581_good" classname="com.cardatechnologies.utils.validators.abaroutevalidator.Test_AbaRouteValidator_08" time="0"/>
  <testcase name="testAbaNumberCheck_16938_bad" classname="com.cardatechnologies.utils.validators.abaroutevalidator.Test_AbaRouteValidator_08" time="0"/>
  <testcase name="testAbaNumberCheck_15674_bad" classname="com.cardatechnologies.utils.validators.abaroutevalidator.Test_AbaRouteValidator_08" time="0"/>
  <testcase name="testAbaNumberCheck_16488_bad" classname="com.cardatechnologies.utils.validators.abaroutevalidator.Test_AbaRouteValidator_08" time="0"/>
  <testcase name="testAbaNumberCheck_15676_bad" classname="com.cardatechnologies.utils.validators.abaroutevalidator.Test_AbaRouteValidator_08" time="0"/>
  <testcase name="testAbaNumberCheck_16395_good" classname="com.cardatechnologies.utils.validators.abaroutevalidator.Test_AbaRouteValidator_08" time="0"/>
  <testcase name="testAbaNumberCheck_15455_good" classname="com.cardatechnologies.utils.validators.abaroutevalidator.Test_AbaRouteValidator_08" time="0"/>
  <testcase name="testAbaNumberCheck_15678_bad" classname="com.cardatechnologies.utils.validators.abaroutevalidator.Test_AbaRouteValidator_08" time="0"/>
  <testcase name="testAbaNumberCheck_16269_good" classname="com.cardatechnologies.utils.validators.abaroutevalidator.Test_AbaRouteValidator_08" time="0"/>
  <testcase name="testAbaNumberCheck_15329_good" classname="com.cardatechnologies.utils.validators.abaroutevalidator.Test_AbaRouteValidator_08" time="0"/>
  <testcase name="testAbaNumberCheck_16927_good" classname="com.cardatechnologies.utils.validators.abaroutevalidator.Test_AbaRouteValidator_08" time="0"/>
  <testcase name="testAbaNumberCheck_15293_good" classname="com.cardatechnologies.utils.validators.abaroutevalidator.Test_AbaRouteValidator_08" time="0"/>
  <testcase name="testAbaNumberCheck_16891_good" classname="com.cardatechnologies.utils.validators.abaroutevalidator.Test_AbaRouteValidator_08" time="0"/>
  <testcase name="testAbaNumberCheck_15951_good" classname="com.cardatechnologies.utils.validators.abaroutevalidator.Test_AbaRouteValidator_08" time="0"/>
  <testcase name="testAbaNumberCheck_15167_good" classname="com.cardatechnologies.utils.validators.abaroutevalidator.Test_AbaRouteValidator_08" time="0"/>
  <testcase name="testAbaNumberCheck_16765_good" classname="com.cardatechnologies.utils.validators.abaroutevalidator.Test_AbaRouteValidator_08" time="0"/>
  <testcase name="testAbaNumberCheck_15825_good" classname="com.cardatechnologies.utils.validators.abaroutevalidator.Test_AbaRouteValidator_08" time="0"/>
  <testcase name="testAbaNumberCheck_16639_good" classname="com.cardatechnologies.utils.validators.abaroutevalidator.Test_AbaRouteValidator_08" time="0"/>
  <testcase name="testAbaNumberCheck_16940_bad" classname="com.cardatechnologies.utils.validators.abaroutevalidator.Test_AbaRouteValidator_08" time="0"/>
  <testcase name="testAbaNumberCheck_16490_bad" classname="com.cardatechnologies.utils.validators.abaroutevalidator.Test_AbaRouteValidator_08" time="0"/>
  <testcase name="testAbaNumberCheck_16942_bad" classname="com.cardatechnologies.utils.validators.abaroutevalidator.Test_AbaRouteValidator_08" time="0"/>
  <testcase name="testAbaNumberCheck_16492_bad" classname="com.cardatechnologies.utils.validators.abaroutevalidator.Test_AbaRouteValidator_08" time="0"/>
  <testcase name="testAbaNumberCheck_15663_good" classname="com.cardatechnologies.utils.validators.abaroutevalidator.Test_AbaRouteValidator_08" time="0"/>
  <testcase name="testAbaNumberCheck_16944_bad" classname="com.cardatechnologies.utils.validators.abaroutevalidator.Test_AbaRouteValidator_08" time="0"/>
  <testcase name="testAbaNumberCheck_15680_bad" classname="com.cardatechnologies.utils.validators.abaroutevalidator.Test_AbaRouteValidator_08" time="0"/>
  <testcase name="testAbaNumberCheck_16494_bad" classname="com.cardatechnologies.utils.validators.abaroutevalidator.Test_AbaRouteValidator_08" time="0"/>
  <testcase name="testAbaNumberCheck_16946_bad" classname="com.cardatechnologies.utils.validators.abaroutevalidator.Test_AbaRouteValidator_08" time="0"/>
  <testcase name="testAbaNumberCheck_15682_bad" classname="com.cardatechnologies.utils.validators.abaroutevalidator.Test_AbaRouteValidator_08" time="0"/>
  <testcase name="testAbaNumberCheck_16496_bad" classname="com.cardatechnologies.utils.validators.abaroutevalidator.Test_AbaRouteValidator_08" time="0"/>
  <testcase name="testAbaNumberCheck_16477_good" classname="com.cardatechnologies.utils.validators.abaroutevalidator.Test_AbaRouteValidator_08" time="0"/>
  <testcase name="testAbaNumberCheck_15537_good" classname="com.cardatechnologies.utils.validators.abaroutevalidator.Test_AbaRouteValidator_08" time="0"/>
  <testcase name="testAbaNumberCheck_16948_bad" classname="com.cardatechnologies.utils.validators.abaroutevalidator.Test_AbaRouteValidator_08" time="0"/>
  <testcase name="testAbaNumberCheck_15684_bad" classname="com.cardatechnologies.utils.validators.abaroutevalidator.Test_AbaRouteValidator_08" time="0"/>
  <testcase name="testAbaNumberCheck_16498_bad" classname="com.cardatechnologies.utils.validators.abaroutevalidator.Test_AbaRouteValidator_08" time="0"/>
  <testcase name="testAbaNumberCheck_15686_bad" classname="com.cardatechnologies.utils.validators.abaroutevalidator.Test_AbaRouteValidator_08" time="0"/>
  <testcase name="testAbaNumberCheck_15688_bad" classname="com.cardatechnologies.utils.validators.abaroutevalidator.Test_AbaRouteValidator_08" time="0"/>
  <testcase name="testAbaNumberCheck_15375_good" classname="com.cardatechnologies.utils.validators.abaroutevalidator.Test_AbaRouteValidator_08" time="0"/>
  <testcase name="testAbaNumberCheck_16973_good" classname="com.cardatechnologies.utils.validators.abaroutevalidator.Test_AbaRouteValidator_08" time="0"/>
  <testcase name="testAbaNumberCheck_16189_good" classname="com.cardatechnologies.utils.validators.abaroutevalidator.Test_AbaRouteValidator_08" time="0"/>
  <testcase name="testAbaNumberCheck_15249_good" classname="com.cardatechnologies.utils.validators.abaroutevalidator.Test_AbaRouteValidator_08" time="0"/>
  <testcase name="testAbaNumberCheck_16847_good" classname="com.cardatechnologies.utils.validators.abaroutevalidator.Test_AbaRouteValidator_08" time="0"/>
  <testcase name="testAbaNumberCheck_15907_good" classname="com.cardatechnologies.utils.validators.abaroutevalidator.Test_AbaRouteValidator_08" time="0"/>
  <testcase name="testAbaNumberCheck_15871_good" classname="com.cardatechnologies.utils.validators.abaroutevalidator.Test_AbaRouteValidator_08" time="0"/>
  <testcase name="testAbaNumberCheck_15087_good" classname="com.cardatechnologies.utils.validators.abaroutevalidator.Test_AbaRouteValidator_08" time="0"/>
  <testcase name="testAbaNumberCheck_16685_good" classname="com.cardatechnologies.utils.validators.abaroutevalidator.Test_AbaRouteValidator_08" time="0"/>
  <testcase name="testAbaNumberCheck_15745_good" classname="com.cardatechnologies.utils.validators.abaroutevalidator.Test_AbaRouteValidator_08" time="0"/>
  <testcase name="testAbaNumberCheck_16950_bad" classname="com.cardatechnologies.utils.validators.abaroutevalidator.Test_AbaRouteValidator_08" time="0"/>
  <testcase name="testAbaNumberCheck_16952_bad" classname="com.cardatechnologies.utils.validators.abaroutevalidator.Test_AbaRouteValidator_08" time="0.001"/>
  <testcase name="testAbaNumberCheck_17499_good" classname="com.cardatechnologies.utils.validators.abaroutevalidator.Test_AbaRouteValidator_08" time="0"/>
  <testcase name="testAbaNumberCheck_16559_good" classname="com.cardatechnologies.utils.validators.abaroutevalidator.Test_AbaRouteValidator_08" time="0"/>
  <testcase name="testAbaNumberCheck_15619_good" classname="com.cardatechnologies.utils.validators.abaroutevalidator.Test_AbaRouteValidator_08" time="0"/>
  <testcase name="testAbaNumberCheck_16954_bad" classname="com.cardatechnologies.utils.validators.abaroutevalidator.Test_AbaRouteValidator_08" time="0"/>
  <testcase name="testAbaNumberCheck_15690_bad" classname="com.cardatechnologies.utils.validators.abaroutevalidator.Test_AbaRouteValidator_08" time="0"/>
  <testcase name="testAbaNumberCheck_16956_bad" classname="com.cardatechnologies.utils.validators.abaroutevalidator.Test_AbaRouteValidator_08" time="0"/>
  <testcase name="testAbaNumberCheck_15692_bad" classname="com.cardatechnologies.utils.validators.abaroutevalidator.Test_AbaRouteValidator_08" time="0"/>
  <testcase name="testAbaNumberCheck_15583_good" classname="com.cardatechnologies.utils.validators.abaroutevalidator.Test_AbaRouteValidator_08" time="0"/>
  <testcase name="testAbaNumberCheck_16958_bad" classname="com.cardatechnologies.utils.validators.abaroutevalidator.Test_AbaRouteValidator_08" time="0"/>
  <testcase name="testAbaNumberCheck_15694_bad" classname="com.cardatechnologies.utils.validators.abaroutevalidator.Test_AbaRouteValidator_08" time="0"/>
  <testcase name="testAbaNumberCheck_15696_bad" classname="com.cardatechnologies.utils.validators.abaroutevalidator.Test_AbaRouteValidator_08" time="0"/>
  <testcase name="testAbaNumberCheck_16397_good" classname="com.cardatechnologies.utils.validators.abaroutevalidator.Test_AbaRouteValidator_08" time="0"/>
  <testcase name="testAbaNumberCheck_15457_good" classname="com.cardatechnologies.utils.validators.abaroutevalidator.Test_AbaRouteValidator_08" time="0"/>
  <testcase name="testAbaNumberCheck_15698_bad" classname="com.cardatechnologies.utils.validators.abaroutevalidator.Test_AbaRouteValidator_08" time="0"/>
  <testcase name="testAbaNumberCheck_16929_good" classname="com.cardatechnologies.utils.validators.abaroutevalidator.Test_AbaRouteValidator_08" time="0"/>
  <testcase name="testAbaNumberCheck_15295_good" classname="com.cardatechnologies.utils.validators.abaroutevalidator.Test_AbaRouteValidator_08" time="0"/>
  <testcase name="testAbaNumberCheck_16893_good" classname="com.cardatechnologies.utils.validators.abaroutevalidator.Test_AbaRouteValidator_08" time="0"/>
  <testcase name="testAbaNumberCheck_15953_good" classname="com.cardatechnologies.utils.validators.abaroutevalidator.Test_AbaRouteValidator_08" time="0"/>
  <testcase name="testAbaNumberCheck_15169_good" classname="com.cardatechnologies.utils.validators.abaroutevalidator.Test_AbaRouteValidator_08" time="0"/>
  <testcase name="testAbaNumberCheck_16767_good" classname="com.cardatechnologies.utils.validators.abaroutevalidator.Test_AbaRouteValidator_08" time="0"/>
  <testcase name="testAbaNumberCheck_15827_good" classname="com.cardatechnologies.utils.validators.abaroutevalidator.Test_AbaRouteValidator_08" time="0"/>
  <testcase name="testAbaNumberCheck_15791_good" classname="com.cardatechnologies.utils.validators.abaroutevalidator.Test_AbaRouteValidator_08" time="0"/>
  <testcase name="testAbaNumberCheck_16960_bad" classname="com.cardatechnologies.utils.validators.abaroutevalidator.Test_AbaRouteValidator_08" time="0"/>
  <testcase name="testAbaNumberCheck_16962_bad" classname="com.cardatechnologies.utils.validators.abaroutevalidator.Test_AbaRouteValidator_08" time="0"/>
  <testcase name="testAbaNumberCheck_15665_good" classname="com.cardatechnologies.utils.validators.abaroutevalidator.Test_AbaRouteValidator_08" time="0.001"/>
  <testcase name="testAbaNumberCheck_16964_bad" classname="com.cardatechnologies.utils.validators.abaroutevalidator.Test_AbaRouteValidator_08" time="0"/>
  <testcase name="testAbaNumberCheck_16966_bad" classname="com.cardatechnologies.utils.validators.abaroutevalidator.Test_AbaRouteValidator_08" time="0"/>
  <testcase name="testAbaNumberCheck_16479_good" classname="com.cardatechnologies.utils.validators.abaroutevalidator.Test_AbaRouteValidator_08" time="0"/>
  <testcase name="testAbaNumberCheck_15539_good" classname="com.cardatechnologies.utils.validators.abaroutevalidator.Test_AbaRouteValidator_08" time="0"/>
  <testcase name="testAbaNumberCheck_16968_bad" classname="com.cardatechnologies.utils.validators.abaroutevalidator.Test_AbaRouteValidator_08" time="0"/>
  <testcase name="testAbaNumberCheck_15377_good" classname="com.cardatechnologies.utils.validators.abaroutevalidator.Test_AbaRouteValidator_08" time="0"/>
  <testcase name="testAbaNumberCheck_16975_good" classname="com.cardatechnologies.utils.validators.abaroutevalidator.Test_AbaRouteValidator_08" time="0"/>
  <testcase name="testAbaNumberCheck_16849_good" classname="com.cardatechnologies.utils.validators.abaroutevalidator.Test_AbaRouteValidator_08" time="0"/>
  <testcase name="testAbaNumberCheck_15909_good" classname="com.cardatechnologies.utils.validators.abaroutevalidator.Test_AbaRouteValidator_08" time="0"/>
  <testcase name="testAbaNumberCheck_15873_good" classname="com.cardatechnologies.utils.validators.abaroutevalidator.Test_AbaRouteValidator_08" time="0"/>
  <testcase name="testAbaNumberCheck_15089_good" classname="com.cardatechnologies.utils.validators.abaroutevalidator.Test_AbaRouteValidator_08" time="0"/>
  <testcase name="testAbaNumberCheck_16687_good" classname="com.cardatechnologies.utils.validators.abaroutevalidator.Test_AbaRouteValidator_08" time="0"/>
  <testcase name="testAbaNumberCheck_15747_good" classname="com.cardatechnologies.utils.validators.abaroutevalidator.Test_AbaRouteValidator_08" time="0"/>
  <testcase name="testAbaNumberCheck_16970_bad" classname="com.cardatechnologies.utils.validators.abaroutevalidator.Test_AbaRouteValidator_08" time="0"/>
  <testcase name="testAbaNumberCheck_16972_bad" classname="com.cardatechnologies.utils.validators.abaroutevalidator.Test_AbaRouteValidator_08" time="0"/>
  <testcase name="testAbaNumberCheck_16974_bad" classname="com.cardatechnologies.utils.validators.abaroutevalidator.Test_AbaRouteValidator_08" time="0"/>
  <testcase name="testAbaNumberCheck_16976_bad" classname="com.cardatechnologies.utils.validators.abaroutevalidator.Test_AbaRouteValidator_08" time="0"/>
  <testcase name="testAbaNumberCheck_15585_good" classname="com.cardatechnologies.utils.validators.abaroutevalidator.Test_AbaRouteValidator_08" time="0"/>
  <testcase name="testAbaNumberCheck_16978_bad" classname="com.cardatechnologies.utils.validators.abaroutevalidator.Test_AbaRouteValidator_08" time="0"/>
  <testcase name="testAbaNumberCheck_16399_good" classname="com.cardatechnologies.utils.validators.abaroutevalidator.Test_AbaRouteValidator_08" time="0"/>
  <testcase name="testAbaNumberCheck_15459_good" classname="com.cardatechnologies.utils.validators.abaroutevalidator.Test_AbaRouteValidator_08" time="0"/>
  <testcase name="testAbaNumberCheck_15297_good" classname="com.cardatechnologies.utils.validators.abaroutevalidator.Test_AbaRouteValidator_08" time="0"/>
  <testcase name="testAbaNumberCheck_16895_good" classname="com.cardatechnologies.utils.validators.abaroutevalidator.Test_AbaRouteValidator_08" time="0"/>
  <testcase name="testAbaNumberCheck_15955_good" classname="com.cardatechnologies.utils.validators.abaroutevalidator.Test_AbaRouteValidator_08" time="0"/>
  <testcase name="testAbaNumberCheck_16769_good" classname="com.cardatechnologies.utils.validators.abaroutevalidator.Test_AbaRouteValidator_08" time="0"/>
  <testcase name="testAbaNumberCheck_15829_good" classname="com.cardatechnologies.utils.validators.abaroutevalidator.Test_AbaRouteValidator_08" time="0.001"/>
  <testcase name="testAbaNumberCheck_15793_good" classname="com.cardatechnologies.utils.validators.abaroutevalidator.Test_AbaRouteValidator_08" time="0"/>
  <testcase name="testAbaNumberCheck_16980_bad" classname="com.cardatechnologies.utils.validators.abaroutevalidator.Test_AbaRouteValidator_08" time="0"/>
  <testcase name="testAbaNumberCheck_16982_bad" classname="com.cardatechnologies.utils.validators.abaroutevalidator.Test_AbaRouteValidator_08" time="0"/>
  <testcase name="testAbaNumberCheck_15667_good" classname="com.cardatechnologies.utils.validators.abaroutevalidator.Test_AbaRouteValidator_08" time="0"/>
  <testcase name="testAbaNumberCheck_16984_bad" classname="com.cardatechnologies.utils.validators.abaroutevalidator.Test_AbaRouteValidator_08" time="0"/>
  <testcase name="testAbaNumberCheck_16986_bad" classname="com.cardatechnologies.utils.validators.abaroutevalidator.Test_AbaRouteValidator_08" time="0"/>
  <testcase name="testAbaNumberCheck_16988_bad" classname="com.cardatechnologies.utils.validators.abaroutevalidator.Test_AbaRouteValidator_08" time="0"/>
  <testcase name="testAbaNumberCheck_15379_good" classname="com.cardatechnologies.utils.validators.abaroutevalidator.Test_AbaRouteValidator_08" time="0"/>
  <testcase name="testAbaNumberCheck_16977_good" classname="com.cardatechnologies.utils.validators.abaroutevalidator.Test_AbaRouteValidator_08" time="0"/>
  <testcase name="testAbaNumberCheck_15875_good" classname="com.cardatechnologies.utils.validators.abaroutevalidator.Test_AbaRouteValidator_08" time="0"/>
  <testcase name="testAbaNumberCheck_16689_good" classname="com.cardatechnologies.utils.validators.abaroutevalidator.Test_AbaRouteValidator_08" time="0"/>
  <testcase name="testAbaNumberCheck_15749_good" classname="com.cardatechnologies.utils.validators.abaroutevalidator.Test_AbaRouteValidator_08" time="0"/>
  <testcase name="testAbaNumberCheck_16990_bad" classname="com.cardatechnologies.utils.validators.abaroutevalidator.Test_AbaRouteValidator_08" time="0"/>
  <testcase name="testAbaNumberCheck_16992_bad" classname="com.cardatechnologies.utils.validators.abaroutevalidator.Test_AbaRouteValidator_08" time="0"/>
  <testcase name="testAbaNumberCheck_16994_bad" classname="com.cardatechnologies.utils.validators.abaroutevalidator.Test_AbaRouteValidator_08" time="0"/>
  <testcase name="testAbaNumberCheck_16996_bad" classname="com.cardatechnologies.utils.validators.abaroutevalidator.Test_AbaRouteValidator_08" time="0"/>
  <testcase name="testAbaNumberCheck_15587_good" classname="com.cardatechnologies.utils.validators.abaroutevalidator.Test_AbaRouteValidator_08" time="0"/>
  <testcase name="testAbaNumberCheck_16998_bad" classname="com.cardatechnologies.utils.validators.abaroutevalidator.Test_AbaRouteValidator_08" time="0"/>
  <testcase name="testAbaNumberCheck_15299_good" classname="com.cardatechnologies.utils.validators.abaroutevalidator.Test_AbaRouteValidator_08" time="0"/>
  <testcase name="testAbaNumberCheck_16897_good" classname="com.cardatechnologies.utils.validators.abaroutevalidator.Test_AbaRouteValidator_08" time="0"/>
  <testcase name="testAbaNumberCheck_15957_good" classname="com.cardatechnologies.utils.validators.abaroutevalidator.Test_AbaRouteValidator_08" time="0"/>
  <testcase name="testAbaNumberCheck_15795_good" classname="com.cardatechnologies.utils.validators.abaroutevalidator.Test_AbaRouteValidator_08" time="0"/>
  <testcase name="testAbaNumberCheck_15669_good" classname="com.cardatechnologies.utils.validators.abaroutevalidator.Test_AbaRouteValidator_08" time="0"/>
  <testcase name="testAbaNumberCheck_16979_good" classname="com.cardatechnologies.utils.validators.abaroutevalidator.Test_AbaRouteValidator_08" time="0.001"/>
  <testcase name="testAbaNumberCheck_15877_good" classname="com.cardatechnologies.utils.validators.abaroutevalidator.Test_AbaRouteValidator_08" time="0"/>
  <testcase name="testAbaNumberCheck_15589_good" classname="com.cardatechnologies.utils.validators.abaroutevalidator.Test_AbaRouteValidator_08" time="0"/>
  <testcase name="testAbaNumberCheck_16899_good" classname="com.cardatechnologies.utils.validators.abaroutevalidator.Test_AbaRouteValidator_08" time="0"/>
  <testcase name="testAbaNumberCheck_15959_good" classname="com.cardatechnologies.utils.validators.abaroutevalidator.Test_AbaRouteValidator_08" time="0"/>
  <testcase name="testAbaNumberCheck_15797_good" classname="com.cardatechnologies.utils.validators.abaroutevalidator.Test_AbaRouteValidator_08" time="0"/>
  <testcase name="testAbaNumberCheck_15879_good" classname="com.cardatechnologies.utils.validators.abaroutevalidator.Test_AbaRouteValidator_08" time="0"/>
  <testcase name="testAbaNumberCheck_15799_good" classname="com.cardatechnologies.utils.validators.abaroutevalidator.Test_AbaRouteValidator_08" time="0"/>
  <testcase name="testAbaNumberCheck_17111_good" classname="com.cardatechnologies.utils.validators.abaroutevalidator.Test_AbaRouteValidator_08" time="0"/>
  <testcase name="testAbaNumberCheck_17031_good" classname="com.cardatechnologies.utils.validators.abaroutevalidator.Test_AbaRouteValidator_08" time="0"/>
  <testcase name="testAbaNumberCheck_17401_good" classname="com.cardatechnologies.utils.validators.abaroutevalidator.Test_AbaRouteValidator_08" time="0"/>
  <testcase name="testAbaNumberCheck_17113_good" classname="com.cardatechnologies.utils.validators.abaroutevalidator.Test_AbaRouteValidator_08" time="0"/>
  <testcase name="testAbaNumberCheck_16011_good" classname="com.cardatechnologies.utils.validators.abaroutevalidator.Test_AbaRouteValidator_08" time="0"/>
  <testcase name="testAbaNumberCheck_17321_good" classname="com.cardatechnologies.utils.validators.abaroutevalidator.Test_AbaRouteValidator_08" time="0"/>
  <testcase name="testAbaNumberCheck_17033_good" classname="com.cardatechnologies.utils.validators.abaroutevalidator.Test_AbaRouteValidator_08" time="0"/>
  <testcase name="testAbaNumberCheck_17403_good" classname="com.cardatechnologies.utils.validators.abaroutevalidator.Test_AbaRouteValidator_08" time="0"/>
  <testcase name="testAbaNumberCheck_17241_good" classname="com.cardatechnologies.utils.validators.abaroutevalidator.Test_AbaRouteValidator_08" time="0"/>
  <testcase name="testAbaNumberCheck_16301_good" classname="com.cardatechnologies.utils.validators.abaroutevalidator.Test_AbaRouteValidator_08" time="0"/>
  <testcase name="testAbaNumberCheck_17115_good" classname="com.cardatechnologies.utils.validators.abaroutevalidator.Test_AbaRouteValidator_08" time="0"/>
  <testcase name="testAbaNumberCheck_16013_good" classname="com.cardatechnologies.utils.validators.abaroutevalidator.Test_AbaRouteValidator_08" time="0"/>
  <testcase name="testAbaNumberCheck_16000_bad" classname="com.cardatechnologies.utils.validators.abaroutevalidator.Test_AbaRouteValidator_08" time="0"/>
  <testcase name="testAbaNumberCheck_16002_bad" classname="com.cardatechnologies.utils.validators.abaroutevalidator.Test_AbaRouteValidator_08" time="0"/>
  <testcase name="testAbaNumberCheck_16004_bad" classname="com.cardatechnologies.utils.validators.abaroutevalidator.Test_AbaRouteValidator_08" time="0"/>
  <testcase name="testAbaNumberCheck_16006_bad" classname="com.cardatechnologies.utils.validators.abaroutevalidator.Test_AbaRouteValidator_08" time="0"/>
  <testcase name="testAbaNumberCheck_17323_good" classname="com.cardatechnologies.utils.validators.abaroutevalidator.Test_AbaRouteValidator_08" time="0"/>
  <testcase name="testAbaNumberCheck_16008_bad" classname="com.cardatechnologies.utils.validators.abaroutevalidator.Test_AbaRouteValidator_08" time="0"/>
  <testcase name="testAbaNumberCheck_17161_good" classname="com.cardatechnologies.utils.validators.abaroutevalidator.Test_AbaRouteValidator_08" time="0"/>
  <testcase name="testAbaNumberCheck_16221_good" classname="com.cardatechnologies.utils.validators.abaroutevalidator.Test_AbaRouteValidator_08" time="0"/>
  <testcase name="testAbaNumberCheck_17035_good" classname="com.cardatechnologies.utils.validators.abaroutevalidator.Test_AbaRouteValidator_08" time="0"/>
  <testcase name="testAbaNumberCheck_17531_good" classname="com.cardatechnologies.utils.validators.abaroutevalidator.Test_AbaRouteValidator_08" time="0"/>
  <testcase name="testAbaNumberCheck_16010_bad" classname="com.cardatechnologies.utils.validators.abaroutevalidator.Test_AbaRouteValidator_08" time="0"/>
  <testcase name="testAbaNumberCheck_16012_bad" classname="com.cardatechnologies.utils.validators.abaroutevalidator.Test_AbaRouteValidator_08" time="0"/>
  <testcase name="testAbaNumberCheck_17405_good" classname="com.cardatechnologies.utils.validators.abaroutevalidator.Test_AbaRouteValidator_08" time="0"/>
  <testcase name="testAbaNumberCheck_15200_bad" classname="com.cardatechnologies.utils.validators.abaroutevalidator.Test_AbaRouteValidator_08" time="0"/>
  <testcase name="testAbaNumberCheck_16014_bad" classname="com.cardatechnologies.utils.validators.abaroutevalidator.Test_AbaRouteValidator_08" time="0"/>
  <testcase name="testAbaNumberCheck_15202_bad" classname="com.cardatechnologies.utils.validators.abaroutevalidator.Test_AbaRouteValidator_08" time="0"/>
  <testcase name="testAbaNumberCheck_16016_bad" classname="com.cardatechnologies.utils.validators.abaroutevalidator.Test_AbaRouteValidator_08" time="0"/>
  <testcase name="testAbaNumberCheck_15204_bad" classname="com.cardatechnologies.utils.validators.abaroutevalidator.Test_AbaRouteValidator_08" time="0"/>
  <testcase name="testAbaNumberCheck_16018_bad" classname="com.cardatechnologies.utils.validators.abaroutevalidator.Test_AbaRouteValidator_08" time="0"/>
  <testcase name="testAbaNumberCheck_15206_bad" classname="com.cardatechnologies.utils.validators.abaroutevalidator.Test_AbaRouteValidator_08" time="0"/>
  <testcase name="testAbaNumberCheck_17243_good" classname="com.cardatechnologies.utils.validators.abaroutevalidator.Test_AbaRouteValidator_08" time="0"/>
  <testcase name="testAbaNumberCheck_16303_good" classname="com.cardatechnologies.utils.validators.abaroutevalidator.Test_AbaRouteValidator_08" time="0"/>
  <testcase name="testAbaNumberCheck_15208_bad" classname="com.cardatechnologies.utils.validators.abaroutevalidator.Test_AbaRouteValidator_08" time="0"/>
  <testcase name="testAbaNumberCheck_17117_good" classname="com.cardatechnologies.utils.validators.abaroutevalidator.Test_AbaRouteValidator_08" time="0"/>
  <testcase name="testAbaNumberCheck_17081_good" classname="com.cardatechnologies.utils.validators.abaroutevalidator.Test_AbaRouteValidator_08" time="0"/>
  <testcase name="testAbaNumberCheck_16141_good" classname="com.cardatechnologies.utils.validators.abaroutevalidator.Test_AbaRouteValidator_08" time="0"/>
  <testcase name="testAbaNumberCheck_15201_good" classname="com.cardatechnologies.utils.validators.abaroutevalidator.Test_AbaRouteValidator_08" time="0"/>
  <testcase name="testAbaNumberCheck_16015_good" classname="com.cardatechnologies.utils.validators.abaroutevalidator.Test_AbaRouteValidator_08" time="0"/>
  <testcase name="testAbaNumberCheck_16020_bad" classname="com.cardatechnologies.utils.validators.abaroutevalidator.Test_AbaRouteValidator_08" time="0"/>
  <testcase name="testAbaNumberCheck_16022_bad" classname="com.cardatechnologies.utils.validators.abaroutevalidator.Test_AbaRouteValidator_08" time="0"/>
  <testcase name="testAbaNumberCheck_17451_good" classname="com.cardatechnologies.utils.validators.abaroutevalidator.Test_AbaRouteValidator_08" time="0"/>
  <testcase name="testAbaNumberCheck_16511_good" classname="com.cardatechnologies.utils.validators.abaroutevalidator.Test_AbaRouteValidator_08" time="0"/>
  <testcase name="testAbaNumberCheck_15210_bad" classname="com.cardatechnologies.utils.validators.abaroutevalidator.Test_AbaRouteValidator_08" time="0.001"/>
  <testcase name="testAbaNumberCheck_16024_bad" classname="com.cardatechnologies.utils.validators.abaroutevalidator.Test_AbaRouteValidator_08" time="0"/>
  <testcase name="testAbaNumberCheck_15212_bad" classname="com.cardatechnologies.utils.validators.abaroutevalidator.Test_AbaRouteValidator_08" time="0"/>
  <testcase name="testAbaNumberCheck_16026_bad" classname="com.cardatechnologies.utils.validators.abaroutevalidator.Test_AbaRouteValidator_08" time="0"/>
  <testcase name="testAbaNumberCheck_17325_good" classname="com.cardatechnologies.utils.validators.abaroutevalidator.Test_AbaRouteValidator_08" time="0"/>
  <testcase name="testAbaNumberCheck_15214_bad" classname="com.cardatechnologies.utils.validators.abaroutevalidator.Test_AbaRouteValidator_08" time="0"/>
  <testcase name="testAbaNumberCheck_16028_bad" classname="com.cardatechnologies.utils.validators.abaroutevalidator.Test_AbaRouteValidator_08" time="0"/>
  <testcase name="testAbaNumberCheck_15216_bad" classname="com.cardatechnologies.utils.validators.abaroutevalidator.Test_AbaRouteValidator_08" time="0"/>
  <testcase name="testAbaNumberCheck_15218_bad" classname="com.cardatechnologies.utils.validators.abaroutevalidator.Test_AbaRouteValidator_08" time="0"/>
  <testcase name="testAbaNumberCheck_17163_good" classname="com.cardatechnologies.utils.validators.abaroutevalidator.Test_AbaRouteValidator_08" time="0"/>
  <testcase name="testAbaNumberCheck_16223_good" classname="com.cardatechnologies.utils.validators.abaroutevalidator.Test_AbaRouteValidator_08" time="0"/>
  <testcase name="testAbaNumberCheck_17037_good" classname="com.cardatechnologies.utils.validators.abaroutevalidator.Test_AbaRouteValidator_08" time="0"/>
  <testcase name="testAbaNumberCheck_16061_good" classname="com.cardatechnologies.utils.validators.abaroutevalidator.Test_AbaRouteValidator_08" time="0"/>
  <testcase name="testAbaNumberCheck_15121_good" classname="com.cardatechnologies.utils.validators.abaroutevalidator.Test_AbaRouteValidator_08" time="0"/>
  <testcase name="testAbaNumberCheck_17533_good" classname="com.cardatechnologies.utils.validators.abaroutevalidator.Test_AbaRouteValidator_08" time="0"/>
  <testcase name="testAbaNumberCheck_16030_bad" classname="com.cardatechnologies.utils.validators.abaroutevalidator.Test_AbaRouteValidator_08" time="0"/>
  <testcase name="testAbaNumberCheck_16032_bad" classname="com.cardatechnologies.utils.validators.abaroutevalidator.Test_AbaRouteValidator_08" time="0"/>
  <testcase name="testAbaNumberCheck_17407_good" classname="com.cardatechnologies.utils.validators.abaroutevalidator.Test_AbaRouteValidator_08" time="0"/>
  <testcase name="testAbaNumberCheck_15220_bad" classname="com.cardatechnologies.utils.validators.abaroutevalidator.Test_AbaRouteValidator_08" time="0"/>
  <testcase name="testAbaNumberCheck_16034_bad" classname="com.cardatechnologies.utils.validators.abaroutevalidator.Test_AbaRouteValidator_08" time="0"/>
  <testcase name="testAbaNumberCheck_15222_bad" classname="com.cardatechnologies.utils.validators.abaroutevalidator.Test_AbaRouteValidator_08" time="0"/>
  <testcase name="testAbaNumberCheck_16036_bad" classname="com.cardatechnologies.utils.validators.abaroutevalidator.Test_AbaRouteValidator_08" time="0.001"/>
  <testcase name="testAbaNumberCheck_17371_good" classname="com.cardatechnologies.utils.validators.abaroutevalidator.Test_AbaRouteValidator_08" time="0"/>
  <testcase name="testAbaNumberCheck_16431_good" classname="com.cardatechnologies.utils.validators.abaroutevalidator.Test_AbaRouteValidator_08" time="0"/>
  <testcase name="testAbaNumberCheck_15224_bad" classname="com.cardatechnologies.utils.validators.abaroutevalidator.Test_AbaRouteValidator_08" time="0"/>
  <testcase name="testAbaNumberCheck_16038_bad" classname="com.cardatechnologies.utils.validators.abaroutevalidator.Test_AbaRouteValidator_08" time="0"/>
  <testcase name="testAbaNumberCheck_15226_bad" classname="com.cardatechnologies.utils.validators.abaroutevalidator.Test_AbaRouteValidator_08" time="0"/>
  <testcase name="testAbaNumberCheck_17245_good" classname="com.cardatechnologies.utils.validators.abaroutevalidator.Test_AbaRouteValidator_08" time="0"/>
  <testcase name="testAbaNumberCheck_16305_good" classname="com.cardatechnologies.utils.validators.abaroutevalidator.Test_AbaRouteValidator_08" time="0"/>
  <testcase name="testAbaNumberCheck_15228_bad" classname="com.cardatechnologies.utils.validators.abaroutevalidator.Test_AbaRouteValidator_08" time="0"/>
  <testcase name="testAbaNumberCheck_17119_good" classname="com.cardatechnologies.utils.validators.abaroutevalidator.Test_AbaRouteValidator_08" time="0"/>
  <testcase name="testAbaNumberCheck_17083_good" classname="com.cardatechnologies.utils.validators.abaroutevalidator.Test_AbaRouteValidator_08" time="0"/>
  <testcase name="testAbaNumberCheck_16143_good" classname="com.cardatechnologies.utils.validators.abaroutevalidator.Test_AbaRouteValidator_08" time="0"/>
  <testcase name="testAbaNumberCheck_15203_good" classname="com.cardatechnologies.utils.validators.abaroutevalidator.Test_AbaRouteValidator_08" time="0"/>
  <testcase name="testAbaNumberCheck_16801_good" classname="com.cardatechnologies.utils.validators.abaroutevalidator.Test_AbaRouteValidator_08" time="0"/>
  <testcase name="testAbaNumberCheck_16017_good" classname="com.cardatechnologies.utils.validators.abaroutevalidator.Test_AbaRouteValidator_08" time="0"/>
  <testcase name="testAbaNumberCheck_17300_bad" classname="com.cardatechnologies.utils.validators.abaroutevalidator.Test_AbaRouteValidator_08" time="0"/>
  <testcase name="testAbaNumberCheck_15041_good" classname="com.cardatechnologies.utils.validators.abaroutevalidator.Test_AbaRouteValidator_08" time="0"/>
  <testcase name="testAbaNumberCheck_17302_bad" classname="com.cardatechnologies.utils.validators.abaroutevalidator.Test_AbaRouteValidator_08" time="0"/>
  <testcase name="testAbaNumberCheck_17304_bad" classname="com.cardatechnologies.utils.validators.abaroutevalidator.Test_AbaRouteValidator_08" time="0"/>
  <testcase name="testAbaNumberCheck_16040_bad" classname="com.cardatechnologies.utils.validators.abaroutevalidator.Test_AbaRouteValidator_08" time="0"/>
  <testcase name="testAbaNumberCheck_17306_bad" classname="com.cardatechnologies.utils.validators.abaroutevalidator.Test_AbaRouteValidator_08" time="0"/>
  <testcase name="testAbaNumberCheck_16042_bad" classname="com.cardatechnologies.utils.validators.abaroutevalidator.Test_AbaRouteValidator_08" time="0"/>
  <testcase name="testAbaNumberCheck_17453_good" classname="com.cardatechnologies.utils.validators.abaroutevalidator.Test_AbaRouteValidator_08" time="0"/>
  <testcase name="testAbaNumberCheck_16513_good" classname="com.cardatechnologies.utils.validators.abaroutevalidator.Test_AbaRouteValidator_08" time="0"/>
  <testcase name="testAbaNumberCheck_17308_bad" classname="com.cardatechnologies.utils.validators.abaroutevalidator.Test_AbaRouteValidator_08" time="0.001"/>
  <testcase name="testAbaNumberCheck_15230_bad" classname="com.cardatechnologies.utils.validators.abaroutevalidator.Test_AbaRouteValidator_08" time="0"/>
  <testcase name="testAbaNumberCheck_16044_bad" classname="com.cardatechnologies.utils.validators.abaroutevalidator.Test_AbaRouteValidator_08" time="0"/>
  <testcase name="testAbaNumberCheck_15232_bad" classname="com.cardatechnologies.utils.validators.abaroutevalidator.Test_AbaRouteValidator_08" time="0"/>
  <testcase name="testAbaNumberCheck_16046_bad" classname="com.cardatechnologies.utils.validators.abaroutevalidator.Test_AbaRouteValidator_08" time="0"/>
  <testcase name="testAbaNumberCheck_17327_good" classname="com.cardatechnologies.utils.validators.abaroutevalidator.Test_AbaRouteValidator_08" time="0"/>
  <testcase name="testAbaNumberCheck_15234_bad" classname="com.cardatechnologies.utils.validators.abaroutevalidator.Test_AbaRouteValidator_08" time="0"/>
  <testcase name="testAbaNumberCheck_16048_bad" classname="com.cardatechnologies.utils.validators.abaroutevalidator.Test_AbaRouteValidator_08" time="0"/>
  <testcase name="testAbaNumberCheck_15236_bad" classname="com.cardatechnologies.utils.validators.abaroutevalidator.Test_AbaRouteValidator_08" time="0"/>
  <testcase name="testAbaNumberCheck_17291_good" classname="com.cardatechnologies.utils.validators.abaroutevalidator.Test_AbaRouteValidator_08" time="0"/>
  <testcase name="testAbaNumberCheck_16351_good" classname="com.cardatechnologies.utils.validators.abaroutevalidator.Test_AbaRouteValidator_08" time="0"/>
  <testcase name="testAbaNumberCheck_15411_good" classname="com.cardatechnologies.utils.validators.abaroutevalidator.Test_AbaRouteValidator_08" time="0"/>
  <testcase name="testAbaNumberCheck_15238_bad" classname="com.cardatechnologies.utils.validators.abaroutevalidator.Test_AbaRouteValidator_08" time="0"/>
  <testcase name="testAbaNumberCheck_17165_good" classname="com.cardatechnologies.utils.validators.abaroutevalidator.Test_AbaRouteValidator_08" time="0"/>
  <testcase name="testAbaNumberCheck_16225_good" classname="com.cardatechnologies.utils.validators.abaroutevalidator.Test_AbaRouteValidator_08" time="0"/>
  <testcase name="testAbaNumberCheck_17039_good" classname="com.cardatechnologies.utils.validators.abaroutevalidator.Test_AbaRouteValidator_08" time="0"/>
  <testcase name="testAbaNumberCheck_16063_good" classname="com.cardatechnologies.utils.validators.abaroutevalidator.Test_AbaRouteValidator_08" time="0"/>
  <testcase name="testAbaNumberCheck_15123_good" classname="com.cardatechnologies.utils.validators.abaroutevalidator.Test_AbaRouteValidator_08" time="0"/>
  <testcase name="testAbaNumberCheck_16721_good" classname="com.cardatechnologies.utils.validators.abaroutevalidator.Test_AbaRouteValidator_08" time="0"/>
  <testcase name="testAbaNumberCheck_17310_bad" classname="com.cardatechnologies.utils.validators.abaroutevalidator.Test_AbaRouteValidator_08" time="0"/>
  <testcase name="testAbaNumberCheck_17312_bad" classname="com.cardatechnologies.utils.validators.abaroutevalidator.Test_AbaRouteValidator_08" time="0"/>
  <testcase name="testAbaNumberCheck_17535_good" classname="com.cardatechnologies.utils.validators.abaroutevalidator.Test_AbaRouteValidator_08" time="0"/>
  <testcase name="testAbaNumberCheck_16500_bad" classname="com.cardatechnologies.utils.validators.abaroutevalidator.Test_AbaRouteValidator_08" time="0"/>
  <testcase name="testAbaNumberCheck_17314_bad" classname="com.cardatechnologies.utils.validators.abaroutevalidator.Test_AbaRouteValidator_08" time="0"/>
  <testcase name="testAbaNumberCheck_16050_bad" classname="com.cardatechnologies.utils.validators.abaroutevalidator.Test_AbaRouteValidator_08" time="0"/>
  <testcase name="testAbaNumberCheck_16502_bad" classname="com.cardatechnologies.utils.validators.abaroutevalidator.Test_AbaRouteValidator_08" time="0"/>
  <testcase name="testAbaNumberCheck_17316_bad" classname="com.cardatechnologies.utils.validators.abaroutevalidator.Test_AbaRouteValidator_08" time="0"/>
  <testcase name="testAbaNumberCheck_16052_bad" classname="com.cardatechnologies.utils.validators.abaroutevalidator.Test_AbaRouteValidator_08" time="0"/>
  <testcase name="testAbaNumberCheck_17409_good" classname="com.cardatechnologies.utils.validators.abaroutevalidator.Test_AbaRouteValidator_08" time="0"/>
  <testcase name="testAbaNumberCheck_16504_bad" classname="com.cardatechnologies.utils.validators.abaroutevalidator.Test_AbaRouteValidator_08" time="0"/>
  <testcase name="testAbaNumberCheck_17318_bad" classname="com.cardatechnologies.utils.validators.abaroutevalidator.Test_AbaRouteValidator_08" time="0"/>
  <testcase name="testAbaNumberCheck_15240_bad" classname="com.cardatechnologies.utils.validators.abaroutevalidator.Test_AbaRouteValidator_08" time="0"/>
  <testcase name="testAbaNumberCheck_16054_bad" classname="com.cardatechnologies.utils.validators.abaroutevalidator.Test_AbaRouteValidator_08" time="0"/>
  <testcase name="testAbaNumberCheck_16506_bad" classname="com.cardatechnologies.utils.validators.abaroutevalidator.Test_AbaRouteValidator_08" time="0"/>
  <testcase name="testAbaNumberCheck_15242_bad" classname="com.cardatechnologies.utils.validators.abaroutevalidator.Test_AbaRouteValidator_08" time="0"/>
  <testcase name="testAbaNumberCheck_16056_bad" classname="com.cardatechnologies.utils.validators.abaroutevalidator.Test_AbaRouteValidator_08" time="0"/>
  <testcase name="testAbaNumberCheck_17373_good" classname="com.cardatechnologies.utils.validators.abaroutevalidator.Test_AbaRouteValidator_08" time="0"/>
  <testcase name="testAbaNumberCheck_16433_good" classname="com.cardatechnologies.utils.validators.abaroutevalidator.Test_AbaRouteValidator_08" time="0"/>
  <testcase name="testAbaNumberCheck_16508_bad" classname="com.cardatechnologies.utils.validators.abaroutevalidator.Test_AbaRouteValidator_08" time="0"/>
  <testcase name="testAbaNumberCheck_15244_bad" classname="com.cardatechnologies.utils.validators.abaroutevalidator.Test_AbaRouteValidator_08" time="0"/>
  <testcase name="testAbaNumberCheck_16058_bad" classname="com.cardatechnologies.utils.validators.abaroutevalidator.Test_AbaRouteValidator_08" time="0.001"/>
  <testcase name="testAbaNumberCheck_15246_bad" classname="com.cardatechnologies.utils.validators.abaroutevalidator.Test_AbaRouteValidator_08" time="0"/>
  <testcase name="testAbaNumberCheck_17247_good" classname="com.cardatechnologies.utils.validators.abaroutevalidator.Test_AbaRouteValidator_08" time="0"/>
  <testcase name="testAbaNumberCheck_16307_good" classname="com.cardatechnologies.utils.validators.abaroutevalidator.Test_AbaRouteValidator_08" time="0"/>
  <testcase name="testAbaNumberCheck_15248_bad" classname="com.cardatechnologies.utils.validators.abaroutevalidator.Test_AbaRouteValidator_08" time="0"/>
  <testcase name="testAbaNumberCheck_16271_good" classname="com.cardatechnologies.utils.validators.abaroutevalidator.Test_AbaRouteValidator_08" time="0"/>
  <testcase name="testAbaNumberCheck_15331_good" classname="com.cardatechnologies.utils.validators.abaroutevalidator.Test_AbaRouteValidator_08" time="0"/>
  <testcase name="testAbaNumberCheck_17085_good" classname="com.cardatechnologies.utils.validators.abaroutevalidator.Test_AbaRouteValidator_08" time="0"/>
  <testcase name="testAbaNumberCheck_16145_good" classname="com.cardatechnologies.utils.validators.abaroutevalidator.Test_AbaRouteValidator_08" time="0"/>
  <testcase name="testAbaNumberCheck_15205_good" classname="com.cardatechnologies.utils.validators.abaroutevalidator.Test_AbaRouteValidator_08" time="0"/>
  <testcase name="testAbaNumberCheck_16803_good" classname="com.cardatechnologies.utils.validators.abaroutevalidator.Test_AbaRouteValidator_08" time="0"/>
  <testcase name="testAbaNumberCheck_16019_good" classname="com.cardatechnologies.utils.validators.abaroutevalidator.Test_AbaRouteValidator_08" time="0"/>
  <testcase name="testAbaNumberCheck_17320_bad" classname="com.cardatechnologies.utils.validators.abaroutevalidator.Test_AbaRouteValidator_08" time="0"/>
  <testcase name="testAbaNumberCheck_15043_good" classname="com.cardatechnologies.utils.validators.abaroutevalidator.Test_AbaRouteValidator_08" time="0"/>
  <testcase name="testAbaNumberCheck_17322_bad" classname="com.cardatechnologies.utils.validators.abaroutevalidator.Test_AbaRouteValidator_08" time="0"/>
  <testcase name="testAbaNumberCheck_16641_good" classname="com.cardatechnologies.utils.validators.abaroutevalidator.Test_AbaRouteValidator_08" time="0"/>
  <testcase name="testAbaNumberCheck_15701_good" classname="com.cardatechnologies.utils.validators.abaroutevalidator.Test_AbaRouteValidator_08" time="0"/>
  <testcase name="testAbaNumberCheck_16510_bad" classname="com.cardatechnologies.utils.validators.abaroutevalidator.Test_AbaRouteValidator_08" time="0"/>
  <testcase name="testAbaNumberCheck_17324_bad" classname="com.cardatechnologies.utils.validators.abaroutevalidator.Test_AbaRouteValidator_08" time="0"/>
  <testcase name="testAbaNumberCheck_16060_bad" classname="com.cardatechnologies.utils.validators.abaroutevalidator.Test_AbaRouteValidator_08" time="0"/>
  <testcase name="testAbaNumberCheck_16512_bad" classname="com.cardatechnologies.utils.validators.abaroutevalidator.Test_AbaRouteValidator_08" time="0"/>
  <testcase name="testAbaNumberCheck_17326_bad" classname="com.cardatechnologies.utils.validators.abaroutevalidator.Test_AbaRouteValidator_08" time="0"/>
  <testcase name="testAbaNumberCheck_16062_bad" classname="com.cardatechnologies.utils.validators.abaroutevalidator.Test_AbaRouteValidator_08" time="0"/>
  <testcase name="testAbaNumberCheck_17455_good" classname="com.cardatechnologies.utils.validators.abaroutevalidator.Test_AbaRouteValidator_08" time="0"/>
  <testcase name="testAbaNumberCheck_16515_good" classname="com.cardatechnologies.utils.validators.abaroutevalidator.Test_AbaRouteValidator_08" time="0"/>
  <testcase name="testAbaNumberCheck_15700_bad" classname="com.cardatechnologies.utils.validators.abaroutevalidator.Test_AbaRouteValidator_08" time="0"/>
  <testcase name="testAbaNumberCheck_16514_bad" classname="com.cardatechnologies.utils.validators.abaroutevalidator.Test_AbaRouteValidator_08" time="0"/>
  <testcase name="testAbaNumberCheck_17328_bad" classname="com.cardatechnologies.utils.validators.abaroutevalidator.Test_AbaRouteValidator_08" time="0"/>
  <testcase name="testAbaNumberCheck_15250_bad" classname="com.cardatechnologies.utils.validators.abaroutevalidator.Test_AbaRouteValidator_08" time="0"/>
  <testcase name="testAbaNumberCheck_16064_bad" classname="com.cardatechnologies.utils.validators.abaroutevalidator.Test_AbaRouteValidator_08" time="0"/>
  <testcase name="testAbaNumberCheck_15702_bad" classname="com.cardatechnologies.utils.validators.abaroutevalidator.Test_AbaRouteValidator_08" time="0"/>
  <testcase name="testAbaNumberCheck_16516_bad" classname="com.cardatechnologies.utils.validators.abaroutevalidator.Test_AbaRouteValidator_08" time="0"/>
  <testcase name="testAbaNumberCheck_15252_bad" classname="com.cardatechnologies.utils.validators.abaroutevalidator.Test_AbaRouteValidator_08" time="0"/>
  <testcase name="testAbaNumberCheck_16066_bad" classname="com.cardatechnologies.utils.validators.abaroutevalidator.Test_AbaRouteValidator_08" time="0"/>
  <testcase name="testAbaNumberCheck_17329_good" classname="com.cardatechnologies.utils.validators.abaroutevalidator.Test_AbaRouteValidator_08" time="0"/>
  <testcase name="testAbaNumberCheck_15704_bad" classname="com.cardatechnologies.utils.validators.abaroutevalidator.Test_AbaRouteValidator_08" time="0"/>
  <testcase name="testAbaNumberCheck_16518_bad" classname="com.cardatechnologies.utils.validators.abaroutevalidator.Test_AbaRouteValidator_08" time="0"/>
  <testcase name="testAbaNumberCheck_15254_bad" classname="com.cardatechnologies.utils.validators.abaroutevalidator.Test_AbaRouteValidator_08" time="0"/>
  <testcase name="testAbaNumberCheck_16068_bad" classname="com.cardatechnologies.utils.validators.abaroutevalidator.Test_AbaRouteValidator_08" time="0"/>
  <testcase name="testAbaNumberCheck_15706_bad" classname="com.cardatechnologies.utils.validators.abaroutevalidator.Test_AbaRouteValidator_08" time="0"/>
  <testcase name="testAbaNumberCheck_15256_bad" classname="com.cardatechnologies.utils.validators.abaroutevalidator.Test_AbaRouteValidator_08" time="0"/>
  <testcase name="testAbaNumberCheck_17293_good" classname="com.cardatechnologies.utils.validators.abaroutevalidator.Test_AbaRouteValidator_08" time="0"/>
  <testcase name="testAbaNumberCheck_16353_good" classname="com.cardatechnologies.utils.validators.abaroutevalidator.Test_AbaRouteValidator_08" time="0"/>
  <testcase name="testAbaNumberCheck_15413_good" classname="com.cardatechnologies.utils.validators.abaroutevalidator.Test_AbaRouteValidator_08" time="0"/>
  <testcase name="testAbaNumberCheck_15708_bad" classname="com.cardatechnologies.utils.validators.abaroutevalidator.Test_AbaRouteValidator_08" time="0"/>
  <testcase name="testAbaNumberCheck_15258_bad" classname="com.cardatechnologies.utils.validators.abaroutevalidator.Test_AbaRouteValidator_08" time="0"/>
  <testcase name="testAbaNumberCheck_17167_good" classname="com.cardatechnologies.utils.validators.abaroutevalidator.Test_AbaRouteValidator_08" time="0"/>
  <testcase name="testAbaNumberCheck_16227_good" classname="com.cardatechnologies.utils.validators.abaroutevalidator.Test_AbaRouteValidator_08" time="0"/>
  <testcase name="testAbaNumberCheck_16191_good" classname="com.cardatechnologies.utils.validators.abaroutevalidator.Test_AbaRouteValidator_08" time="0"/>
  <testcase name="testAbaNumberCheck_15251_good" classname="com.cardatechnologies.utils.validators.abaroutevalidator.Test_AbaRouteValidator_08" time="0.001"/>
  <testcase name="testAbaNumberCheck_16065_good" classname="com.cardatechnologies.utils.validators.abaroutevalidator.Test_AbaRouteValidator_08" time="0"/>
  <testcase name="testAbaNumberCheck_15125_good" classname="com.cardatechnologies.utils.validators.abaroutevalidator.Test_AbaRouteValidator_08" time="0"/>
  <testcase name="testAbaNumberCheck_16723_good" classname="com.cardatechnologies.utils.validators.abaroutevalidator.Test_AbaRouteValidator_08" time="0"/>
  <testcase name="testAbaNumberCheck_17330_bad" classname="com.cardatechnologies.utils.validators.abaroutevalidator.Test_AbaRouteValidator_08" time="0"/>
  <testcase name="testAbaNumberCheck_17332_bad" classname="com.cardatechnologies.utils.validators.abaroutevalidator.Test_AbaRouteValidator_08" time="0"/>
  <testcase name="testAbaNumberCheck_17537_good" classname="com.cardatechnologies.utils.validators.abaroutevalidator.Test_AbaRouteValidator_08" time="0"/>
  <testcase name="testAbaNumberCheck_16520_bad" classname="com.cardatechnologies.utils.validators.abaroutevalidator.Test_AbaRouteValidator_08" time="0"/>
  <testcase name="testAbaNumberCheck_17334_bad" classname="com.cardatechnologies.utils.validators.abaroutevalidator.Test_AbaRouteValidator_08" time="0"/>
  <testcase name="testAbaNumberCheck_16070_bad" classname="com.cardatechnologies.utils.validators.abaroutevalidator.Test_AbaRouteValidator_08" time="0"/>
  <testcase name="testAbaNumberCheck_16522_bad" classname="com.cardatechnologies.utils.validators.abaroutevalidator.Test_AbaRouteValidator_08" time="0"/>
  <testcase name="testAbaNumberCheck_17336_bad" classname="com.cardatechnologies.utils.validators.abaroutevalidator.Test_AbaRouteValidator_08" time="0"/>
  <testcase name="testAbaNumberCheck_16072_bad" classname="com.cardatechnologies.utils.validators.abaroutevalidator.Test_AbaRouteValidator_08" time="0"/>
  <testcase name="testAbaNumberCheck_16561_good" classname="com.cardatechnologies.utils.validators.abaroutevalidator.Test_AbaRouteValidator_08" time="0"/>
  <testcase name="testAbaNumberCheck_15621_good" classname="com.cardatechnologies.utils.validators.abaroutevalidator.Test_AbaRouteValidator_08" time="0"/>
  <testcase name="testAbaNumberCheck_15710_bad" classname="com.cardatechnologies.utils.validators.abaroutevalidator.Test_AbaRouteValidator_08" time="0"/>
  <testcase name="testAbaNumberCheck_16524_bad" classname="com.cardatechnologies.utils.validators.abaroutevalidator.Test_AbaRouteValidator_08" time="0"/>
  <testcase name="testAbaNumberCheck_17338_bad" classname="com.cardatechnologies.utils.validators.abaroutevalidator.Test_AbaRouteValidator_08" time="0"/>
  <testcase name="testAbaNumberCheck_15260_bad" classname="com.cardatechnologies.utils.validators.abaroutevalidator.Test_AbaRouteValidator_08" time="0"/>
  <testcase name="testAbaNumberCheck_16074_bad" classname="com.cardatechnologies.utils.validators.abaroutevalidator.Test_AbaRouteValidator_08" time="0"/>
  <testcase name="testAbaNumberCheck_15712_bad" classname="com.cardatechnologies.utils.validators.abaroutevalidator.Test_AbaRouteValidator_08" time="0"/>
  <testcase name="testAbaNumberCheck_16526_bad" classname="com.cardatechnologies.utils.validators.abaroutevalidator.Test_AbaRouteValidator_08" time="0"/>
  <testcase name="testAbaNumberCheck_15262_bad" classname="com.cardatechnologies.utils.validators.abaroutevalidator.Test_AbaRouteValidator_08" time="0"/>
  <testcase name="testAbaNumberCheck_16076_bad" classname="com.cardatechnologies.utils.validators.abaroutevalidator.Test_AbaRouteValidator_08" time="0"/>
  <testcase name="testAbaNumberCheck_17375_good" classname="com.cardatechnologies.utils.validators.abaroutevalidator.Test_AbaRouteValidator_08" time="0"/>
  <testcase name="testAbaNumberCheck_16435_good" classname="com.cardatechnologies.utils.validators.abaroutevalidator.Test_AbaRouteValidator_08" time="0"/>
  <testcase name="testAbaNumberCheck_15714_bad" classname="com.cardatechnologies.utils.validators.abaroutevalidator.Test_AbaRouteValidator_08" time="0"/>
  <testcase name="testAbaNumberCheck_16528_bad" classname="com.cardatechnologies.utils.validators.abaroutevalidator.Test_AbaRouteValidator_08" time="0"/>
  <testcase name="testAbaNumberCheck_15264_bad" classname="com.cardatechnologies.utils.validators.abaroutevalidator.Test_AbaRouteValidator_08" time="0"/>
  <testcase name="testAbaNumberCheck_16078_bad" classname="com.cardatechnologies.utils.validators.abaroutevalidator.Test_AbaRouteValidator_08" time="0"/>
  <testcase name="testAbaNumberCheck_15716_bad" classname="com.cardatechnologies.utils.validators.abaroutevalidator.Test_AbaRouteValidator_08" time="0"/>
  <testcase name="testAbaNumberCheck_15266_bad" classname="com.cardatechnologies.utils.validators.abaroutevalidator.Test_AbaRouteValidator_08" time="0"/>
  <testcase name="testAbaNumberCheck_17249_good" classname="com.cardatechnologies.utils.validators.abaroutevalidator.Test_AbaRouteValidator_08" time="0"/>
  <testcase name="testAbaNumberCheck_16309_good" classname="com.cardatechnologies.utils.validators.abaroutevalidator.Test_AbaRouteValidator_08" time="0"/>
  <testcase name="testAbaNumberCheck_15718_bad" classname="com.cardatechnologies.utils.validators.abaroutevalidator.Test_AbaRouteValidator_08" time="0"/>
  <testcase name="testAbaNumberCheck_15268_bad" classname="com.cardatechnologies.utils.validators.abaroutevalidator.Test_AbaRouteValidator_08" time="0"/>
  <testcase name="testAbaNumberCheck_16273_good" classname="com.cardatechnologies.utils.validators.abaroutevalidator.Test_AbaRouteValidator_08" time="0"/>
  <testcase name="testAbaNumberCheck_15333_good" classname="com.cardatechnologies.utils.validators.abaroutevalidator.Test_AbaRouteValidator_08" time="0"/>
  <testcase name="testAbaNumberCheck_16931_good" classname="com.cardatechnologies.utils.validators.abaroutevalidator.Test_AbaRouteValidator_08" time="0"/>
  <testcase name="testAbaNumberCheck_17087_good" classname="com.cardatechnologies.utils.validators.abaroutevalidator.Test_AbaRouteValidator_08" time="0"/>
  <testcase name="testAbaNumberCheck_16147_good" classname="com.cardatechnologies.utils.validators.abaroutevalidator.Test_AbaRouteValidator_08" time="0"/>
  <testcase name="testAbaNumberCheck_15207_good" classname="com.cardatechnologies.utils.validators.abaroutevalidator.Test_AbaRouteValidator_08" time="0"/>
  <testcase name="testAbaNumberCheck_16805_good" classname="com.cardatechnologies.utils.validators.abaroutevalidator.Test_AbaRouteValidator_08" time="0"/>
  <testcase name="testAbaNumberCheck_15171_good" classname="com.cardatechnologies.utils.validators.abaroutevalidator.Test_AbaRouteValidator_08" time="0"/>
  <testcase name="testAbaNumberCheck_17340_bad" classname="com.cardatechnologies.utils.validators.abaroutevalidator.Test_AbaRouteValidator_08" time="0"/>
  <testcase name="testAbaNumberCheck_15045_good" classname="com.cardatechnologies.utils.validators.abaroutevalidator.Test_AbaRouteValidator_08" time="0"/>
  <testcase name="testAbaNumberCheck_17342_bad" classname="com.cardatechnologies.utils.validators.abaroutevalidator.Test_AbaRouteValidator_08" time="0"/>
  <testcase name="testAbaNumberCheck_16643_good" classname="com.cardatechnologies.utils.validators.abaroutevalidator.Test_AbaRouteValidator_08" time="0"/>
  <testcase name="testAbaNumberCheck_15703_good" classname="com.cardatechnologies.utils.validators.abaroutevalidator.Test_AbaRouteValidator_08" time="0"/>
  <testcase name="testAbaNumberCheck_16530_bad" classname="com.cardatechnologies.utils.validators.abaroutevalidator.Test_AbaRouteValidator_08" time="0"/>
  <testcase name="testAbaNumberCheck_17344_bad" classname="com.cardatechnologies.utils.validators.abaroutevalidator.Test_AbaRouteValidator_08" time="0"/>
  <testcase name="testAbaNumberCheck_16080_bad" classname="com.cardatechnologies.utils.validators.abaroutevalidator.Test_AbaRouteValidator_08" time="0"/>
  <testcase name="testAbaNumberCheck_16532_bad" classname="com.cardatechnologies.utils.validators.abaroutevalidator.Test_AbaRouteValidator_08" time="0"/>
  <testcase name="testAbaNumberCheck_17346_bad" classname="com.cardatechnologies.utils.validators.abaroutevalidator.Test_AbaRouteValidator_08" time="0"/>
  <testcase name="testAbaNumberCheck_16082_bad" classname="com.cardatechnologies.utils.validators.abaroutevalidator.Test_AbaRouteValidator_08" time="0"/>
  <testcase name="testAbaNumberCheck_17457_good" classname="com.cardatechnologies.utils.validators.abaroutevalidator.Test_AbaRouteValidator_08" time="0"/>
  <testcase name="testAbaNumberCheck_16517_good" classname="com.cardatechnologies.utils.validators.abaroutevalidator.Test_AbaRouteValidator_08" time="0"/>
  <testcase name="testAbaNumberCheck_15720_bad" classname="com.cardatechnologies.utils.validators.abaroutevalidator.Test_AbaRouteValidator_08" time="0"/>
  <testcase name="testAbaNumberCheck_16534_bad" classname="com.cardatechnologies.utils.validators.abaroutevalidator.Test_AbaRouteValidator_08" time="0"/>
  <testcase name="testAbaNumberCheck_17348_bad" classname="com.cardatechnologies.utils.validators.abaroutevalidator.Test_AbaRouteValidator_08" time="0"/>
  <testcase name="testAbaNumberCheck_15270_bad" classname="com.cardatechnologies.utils.validators.abaroutevalidator.Test_AbaRouteValidator_08" time="0"/>
  <testcase name="testAbaNumberCheck_16084_bad" classname="com.cardatechnologies.utils.validators.abaroutevalidator.Test_AbaRouteValidator_08" time="0"/>
  <testcase name="testAbaNumberCheck_15722_bad" classname="com.cardatechnologies.utils.validators.abaroutevalidator.Test_AbaRouteValidator_08" time="0"/>
  <testcase name="testAbaNumberCheck_16536_bad" classname="com.cardatechnologies.utils.validators.abaroutevalidator.Test_AbaRouteValidator_08" time="0"/>
  <testcase name="testAbaNumberCheck_15272_bad" classname="com.cardatechnologies.utils.validators.abaroutevalidator.Test_AbaRouteValidator_08" time="0"/>
  <testcase name="testAbaNumberCheck_16481_good" classname="com.cardatechnologies.utils.validators.abaroutevalidator.Test_AbaRouteValidator_08" time="0"/>
  <testcase name="testAbaNumberCheck_16086_bad" classname="com.cardatechnologies.utils.validators.abaroutevalidator.Test_AbaRouteValidator_08" time="0"/>
  <testcase name="testAbaNumberCheck_15541_good" classname="com.cardatechnologies.utils.validators.abaroutevalidator.Test_AbaRouteValidator_08" time="0"/>
  <testcase name="testAbaNumberCheck_15724_bad" classname="com.cardatechnologies.utils.validators.abaroutevalidator.Test_AbaRouteValidator_08" time="0"/>
  <testcase name="testAbaNumberCheck_16538_bad" classname="com.cardatechnologies.utils.validators.abaroutevalidator.Test_AbaRouteValidator_08" time="0"/>
  <testcase name="testAbaNumberCheck_15274_bad" classname="com.cardatechnologies.utils.validators.abaroutevalidator.Test_AbaRouteValidator_08" time="0"/>
  <testcase name="testAbaNumberCheck_16088_bad" classname="com.cardatechnologies.utils.validators.abaroutevalidator.Test_AbaRouteValidator_08" time="0"/>
  <testcase name="testAbaNumberCheck_15726_bad" classname="com.cardatechnologies.utils.validators.abaroutevalidator.Test_AbaRouteValidator_08" time="0.001"/>
  <testcase name="testAbaNumberCheck_15276_bad" classname="com.cardatechnologies.utils.validators.abaroutevalidator.Test_AbaRouteValidator_08" time="0"/>
  <testcase name="testAbaNumberCheck_17295_good" classname="com.cardatechnologies.utils.validators.abaroutevalidator.Test_AbaRouteValidator_08" time="0"/>
  <testcase name="testAbaNumberCheck_16355_good" classname="com.cardatechnologies.utils.validators.abaroutevalidator.Test_AbaRouteValidator_08" time="0"/>
  <testcase name="testAbaNumberCheck_15415_good" classname="com.cardatechnologies.utils.validators.abaroutevalidator.Test_AbaRouteValidator_08" time="0"/>
  <testcase name="testAbaNumberCheck_15728_bad" classname="com.cardatechnologies.utils.validators.abaroutevalidator.Test_AbaRouteValidator_08" time="0"/>
  <testcase name="testAbaNumberCheck_15278_bad" classname="com.cardatechnologies.utils.validators.abaroutevalidator.Test_AbaRouteValidator_08" time="0"/>
  <testcase name="testAbaNumberCheck_17169_good" classname="com.cardatechnologies.utils.validators.abaroutevalidator.Test_AbaRouteValidator_08" time="0"/>
  <testcase name="testAbaNumberCheck_16229_good" classname="com.cardatechnologies.utils.validators.abaroutevalidator.Test_AbaRouteValidator_08" time="0"/>
  <testcase name="testAbaNumberCheck_16193_good" classname="com.cardatechnologies.utils.validators.abaroutevalidator.Test_AbaRouteValidator_08" time="0"/>
  <testcase name="testAbaNumberCheck_15253_good" classname="com.cardatechnologies.utils.validators.abaroutevalidator.Test_AbaRouteValidator_08" time="0"/>
  <testcase name="testAbaNumberCheck_16851_good" classname="com.cardatechnologies.utils.validators.abaroutevalidator.Test_AbaRouteValidator_08" time="0"/>
  <testcase name="testAbaNumberCheck_15911_good" classname="com.cardatechnologies.utils.validators.abaroutevalidator.Test_AbaRouteValidator_08" time="0"/>
  <testcase name="testAbaNumberCheck_16067_good" classname="com.cardatechnologies.utils.validators.abaroutevalidator.Test_AbaRouteValidator_08" time="0"/>
  <testcase name="testAbaNumberCheck_15127_good" classname="com.cardatechnologies.utils.validators.abaroutevalidator.Test_AbaRouteValidator_08" time="0"/>
  <testcase name="testAbaNumberCheck_16725_good" classname="com.cardatechnologies.utils.validators.abaroutevalidator.Test_AbaRouteValidator_08" time="0"/>
  <testcase name="testAbaNumberCheck_15091_good" classname="com.cardatechnologies.utils.validators.abaroutevalidator.Test_AbaRouteValidator_08" time="0"/>
  <testcase name="testAbaNumberCheck_17350_bad" classname="com.cardatechnologies.utils.validators.abaroutevalidator.Test_AbaRouteValidator_08" time="0"/>
  <testcase name="testAbaNumberCheck_17352_bad" classname="com.cardatechnologies.utils.validators.abaroutevalidator.Test_AbaRouteValidator_08" time="0"/>
  <testcase name="testAbaNumberCheck_17539_good" classname="com.cardatechnologies.utils.validators.abaroutevalidator.Test_AbaRouteValidator_08" time="0"/>
  <testcase name="testAbaNumberCheck_16540_bad" classname="com.cardatechnologies.utils.validators.abaroutevalidator.Test_AbaRouteValidator_08" time="0"/>
  <testcase name="testAbaNumberCheck_17354_bad" classname="com.cardatechnologies.utils.validators.abaroutevalidator.Test_AbaRouteValidator_08" time="0"/>
  <testcase name="testAbaNumberCheck_16090_bad" classname="com.cardatechnologies.utils.validators.abaroutevalidator.Test_AbaRouteValidator_08" time="0.001"/>
  <testcase name="testAbaNumberCheck_16542_bad" classname="com.cardatechnologies.utils.validators.abaroutevalidator.Test_AbaRouteValidator_08" time="0"/>
  <testcase name="testAbaNumberCheck_17356_bad" classname="com.cardatechnologies.utils.validators.abaroutevalidator.Test_AbaRouteValidator_08" time="0"/>
  <testcase name="testAbaNumberCheck_16092_bad" classname="com.cardatechnologies.utils.validators.abaroutevalidator.Test_AbaRouteValidator_08" time="0"/>
  <testcase name="testAbaNumberCheck_16563_good" classname="com.cardatechnologies.utils.validators.abaroutevalidator.Test_AbaRouteValidator_08" time="0"/>
  <testcase name="testAbaNumberCheck_15623_good" classname="com.cardatechnologies.utils.validators.abaroutevalidator.Test_AbaRouteValidator_08" time="0"/>
  <testcase name="testAbaNumberCheck_15730_bad" classname="com.cardatechnologies.utils.validators.abaroutevalidator.Test_AbaRouteValidator_08" time="0"/>
  <testcase name="testAbaNumberCheck_16544_bad" classname="com.cardatechnologies.utils.validators.abaroutevalidator.Test_AbaRouteValidator_08" time="0"/>
  <testcase name="testAbaNumberCheck_17358_bad" classname="com.cardatechnologies.utils.validators.abaroutevalidator.Test_AbaRouteValidator_08" time="0"/>
  <testcase name="testAbaNumberCheck_15280_bad" classname="com.cardatechnologies.utils.validators.abaroutevalidator.Test_AbaRouteValidator_08" time="0"/>
  <testcase name="testAbaNumberCheck_16094_bad" classname="com.cardatechnologies.utils.validators.abaroutevalidator.Test_AbaRouteValidator_08" time="0"/>
  <testcase name="testAbaNumberCheck_15732_bad" classname="com.cardatechnologies.utils.validators.abaroutevalidator.Test_AbaRouteValidator_08" time="0"/>
  <testcase name="testAbaNumberCheck_16546_bad" classname="com.cardatechnologies.utils.validators.abaroutevalidator.Test_AbaRouteValidator_08" time="0"/>
  <testcase name="testAbaNumberCheck_15282_bad" classname="com.cardatechnologies.utils.validators.abaroutevalidator.Test_AbaRouteValidator_08" time="0"/>
  <testcase name="testAbaNumberCheck_16096_bad" classname="com.cardatechnologies.utils.validators.abaroutevalidator.Test_AbaRouteValidator_08" time="0"/>
  <testcase name="testAbaNumberCheck_17377_good" classname="com.cardatechnologies.utils.validators.abaroutevalidator.Test_AbaRouteValidator_08" time="0"/>
  <testcase name="testAbaNumberCheck_16437_good" classname="com.cardatechnologies.utils.validators.abaroutevalidator.Test_AbaRouteValidator_08" time="0"/>
  <testcase name="testAbaNumberCheck_15734_bad" classname="com.cardatechnologies.utils.validators.abaroutevalidator.Test_AbaRouteValidator_08" time="0"/>
  <testcase name="testAbaNumberCheck_16548_bad" classname="com.cardatechnologies.utils.validators.abaroutevalidator.Test_AbaRouteValidator_08" time="0"/>
  <testcase name="testAbaNumberCheck_15284_bad" classname="com.cardatechnologies.utils.validators.abaroutevalidator.Test_AbaRouteValidator_08" time="0"/>
  <testcase name="testAbaNumberCheck_16098_bad" classname="com.cardatechnologies.utils.validators.abaroutevalidator.Test_AbaRouteValidator_08" time="0"/>
  <testcase name="testAbaNumberCheck_15736_bad" classname="com.cardatechnologies.utils.validators.abaroutevalidator.Test_AbaRouteValidator_08" time="0"/>
  <testcase name="testAbaNumberCheck_15286_bad" classname="com.cardatechnologies.utils.validators.abaroutevalidator.Test_AbaRouteValidator_08" time="0"/>
  <testcase name="testAbaNumberCheck_15461_good" classname="com.cardatechnologies.utils.validators.abaroutevalidator.Test_AbaRouteValidator_08" time="0"/>
  <testcase name="testAbaNumberCheck_15738_bad" classname="com.cardatechnologies.utils.validators.abaroutevalidator.Test_AbaRouteValidator_08" time="0"/>
  <testcase name="testAbaNumberCheck_15288_bad" classname="com.cardatechnologies.utils.validators.abaroutevalidator.Test_AbaRouteValidator_08" time="0"/>
  <testcase name="testAbaNumberCheck_16275_good" classname="com.cardatechnologies.utils.validators.abaroutevalidator.Test_AbaRouteValidator_08" time="0"/>
  <testcase name="testAbaNumberCheck_15335_good" classname="com.cardatechnologies.utils.validators.abaroutevalidator.Test_AbaRouteValidator_08" time="0"/>
  <testcase name="testAbaNumberCheck_16933_good" classname="com.cardatechnologies.utils.validators.abaroutevalidator.Test_AbaRouteValidator_08" time="0"/>
  <testcase name="testAbaNumberCheck_17089_good" classname="com.cardatechnologies.utils.validators.abaroutevalidator.Test_AbaRouteValidator_08" time="0"/>
  <testcase name="testAbaNumberCheck_16149_good" classname="com.cardatechnologies.utils.validators.abaroutevalidator.Test_AbaRouteValidator_08" time="0"/>
  <testcase name="testAbaNumberCheck_15209_good" classname="com.cardatechnologies.utils.validators.abaroutevalidator.Test_AbaRouteValidator_08" time="0"/>
  <testcase name="testAbaNumberCheck_16807_good" classname="com.cardatechnologies.utils.validators.abaroutevalidator.Test_AbaRouteValidator_08" time="0"/>
  <testcase name="testAbaNumberCheck_15173_good" classname="com.cardatechnologies.utils.validators.abaroutevalidator.Test_AbaRouteValidator_08" time="0"/>
  <testcase name="testAbaNumberCheck_16771_good" classname="com.cardatechnologies.utils.validators.abaroutevalidator.Test_AbaRouteValidator_08" time="0"/>
  <testcase name="testAbaNumberCheck_15831_good" classname="com.cardatechnologies.utils.validators.abaroutevalidator.Test_AbaRouteValidator_08" time="0"/>
  <testcase name="testAbaNumberCheck_17360_bad" classname="com.cardatechnologies.utils.validators.abaroutevalidator.Test_AbaRouteValidator_08" time="0"/>
  <testcase name="testAbaNumberCheck_15047_good" classname="com.cardatechnologies.utils.validators.abaroutevalidator.Test_AbaRouteValidator_08" time="0"/>
  <testcase name="testAbaNumberCheck_17362_bad" classname="com.cardatechnologies.utils.validators.abaroutevalidator.Test_AbaRouteValidator_08" time="0"/>
  <testcase name="testAbaNumberCheck_16645_good" classname="com.cardatechnologies.utils.validators.abaroutevalidator.Test_AbaRouteValidator_08" time="0"/>
  <testcase name="testAbaNumberCheck_15705_good" classname="com.cardatechnologies.utils.validators.abaroutevalidator.Test_AbaRouteValidator_08" time="0"/>
  <testcase name="testAbaNumberCheck_16550_bad" classname="com.cardatechnologies.utils.validators.abaroutevalidator.Test_AbaRouteValidator_08" time="0"/>
  <testcase name="testAbaNumberCheck_17364_bad" classname="com.cardatechnologies.utils.validators.abaroutevalidator.Test_AbaRouteValidator_08" time="0"/>
  <testcase name="testAbaNumberCheck_16552_bad" classname="com.cardatechnologies.utils.validators.abaroutevalidator.Test_AbaRouteValidator_08" time="0"/>
  <testcase name="testAbaNumberCheck_17366_bad" classname="com.cardatechnologies.utils.validators.abaroutevalidator.Test_AbaRouteValidator_08" time="0"/>
  <testcase name="testAbaNumberCheck_17459_good" classname="com.cardatechnologies.utils.validators.abaroutevalidator.Test_AbaRouteValidator_08" time="0"/>
  <testcase name="testAbaNumberCheck_16519_good" classname="com.cardatechnologies.utils.validators.abaroutevalidator.Test_AbaRouteValidator_08" time="0"/>
  <testcase name="testAbaNumberCheck_15740_bad" classname="com.cardatechnologies.utils.validators.abaroutevalidator.Test_AbaRouteValidator_08" time="0"/>
  <testcase name="testAbaNumberCheck_16554_bad" classname="com.cardatechnologies.utils.validators.abaroutevalidator.Test_AbaRouteValidator_08" time="0"/>
  <testcase name="testAbaNumberCheck_17368_bad" classname="com.cardatechnologies.utils.validators.abaroutevalidator.Test_AbaRouteValidator_08" time="0"/>
  <testcase name="testAbaNumberCheck_15290_bad" classname="com.cardatechnologies.utils.validators.abaroutevalidator.Test_AbaRouteValidator_08" time="0"/>
  <testcase name="testAbaNumberCheck_15742_bad" classname="com.cardatechnologies.utils.validators.abaroutevalidator.Test_AbaRouteValidator_08" time="0"/>
  <testcase name="testAbaNumberCheck_16556_bad" classname="com.cardatechnologies.utils.validators.abaroutevalidator.Test_AbaRouteValidator_08" time="0"/>
  <testcase name="testAbaNumberCheck_15292_bad" classname="com.cardatechnologies.utils.validators.abaroutevalidator.Test_AbaRouteValidator_08" time="0"/>
  <testcase name="testAbaNumberCheck_16483_good" classname="com.cardatechnologies.utils.validators.abaroutevalidator.Test_AbaRouteValidator_08" time="0"/>
  <testcase name="testAbaNumberCheck_15543_good" classname="com.cardatechnologies.utils.validators.abaroutevalidator.Test_AbaRouteValidator_08" time="0"/>
  <testcase name="testAbaNumberCheck_15744_bad" classname="com.cardatechnologies.utils.validators.abaroutevalidator.Test_AbaRouteValidator_08" time="0"/>
  <testcase name="testAbaNumberCheck_16558_bad" classname="com.cardatechnologies.utils.validators.abaroutevalidator.Test_AbaRouteValidator_08" time="0"/>
  <testcase name="testAbaNumberCheck_15294_bad" classname="com.cardatechnologies.utils.validators.abaroutevalidator.Test_AbaRouteValidator_08" time="0"/>
  <testcase name="testAbaNumberCheck_15746_bad" classname="com.cardatechnologies.utils.validators.abaroutevalidator.Test_AbaRouteValidator_08" time="0"/>
  <testcase name="testAbaNumberCheck_15296_bad" classname="com.cardatechnologies.utils.validators.abaroutevalidator.Test_AbaRouteValidator_08" time="0"/>
  <testcase name="testAbaNumberCheck_17297_good" classname="com.cardatechnologies.utils.validators.abaroutevalidator.Test_AbaRouteValidator_08" time="0"/>
  <testcase name="testAbaNumberCheck_16357_good" classname="com.cardatechnologies.utils.validators.abaroutevalidator.Test_AbaRouteValidator_08" time="0"/>
  <testcase name="testAbaNumberCheck_15417_good" classname="com.cardatechnologies.utils.validators.abaroutevalidator.Test_AbaRouteValidator_08" time="0"/>
  <testcase name="testAbaNumberCheck_15748_bad" classname="com.cardatechnologies.utils.validators.abaroutevalidator.Test_AbaRouteValidator_08" time="0"/>
  <testcase name="testAbaNumberCheck_15298_bad" classname="com.cardatechnologies.utils.validators.abaroutevalidator.Test_AbaRouteValidator_08" time="0"/>
  <testcase name="testAbaNumberCheck_15381_good" classname="com.cardatechnologies.utils.validators.abaroutevalidator.Test_AbaRouteValidator_08" time="0"/>
  <testcase name="testAbaNumberCheck_16195_good" classname="com.cardatechnologies.utils.validators.abaroutevalidator.Test_AbaRouteValidator_08" time="0"/>
  <testcase name="testAbaNumberCheck_15255_good" classname="com.cardatechnologies.utils.validators.abaroutevalidator.Test_AbaRouteValidator_08" time="0.001"/>
  <testcase name="testAbaNumberCheck_16853_good" classname="com.cardatechnologies.utils.validators.abaroutevalidator.Test_AbaRouteValidator_08" time="0"/>
  <testcase name="testAbaNumberCheck_15913_good" classname="com.cardatechnologies.utils.validators.abaroutevalidator.Test_AbaRouteValidator_08" time="0"/>
  <testcase name="testAbaNumberCheck_16069_good" classname="com.cardatechnologies.utils.validators.abaroutevalidator.Test_AbaRouteValidator_08" time="0"/>
  <testcase name="testAbaNumberCheck_15129_good" classname="com.cardatechnologies.utils.validators.abaroutevalidator.Test_AbaRouteValidator_08" time="0"/>
  <testcase name="testAbaNumberCheck_16727_good" classname="com.cardatechnologies.utils.validators.abaroutevalidator.Test_AbaRouteValidator_08" time="0"/>
  <testcase name="testAbaNumberCheck_15093_good" classname="com.cardatechnologies.utils.validators.abaroutevalidator.Test_AbaRouteValidator_08" time="0"/>
  <testcase name="testAbaNumberCheck_17370_bad" classname="com.cardatechnologies.utils.validators.abaroutevalidator.Test_AbaRouteValidator_08" time="0"/>
  <testcase name="testAbaNumberCheck_17372_bad" classname="com.cardatechnologies.utils.validators.abaroutevalidator.Test_AbaRouteValidator_08" time="0"/>
  <testcase name="testAbaNumberCheck_16691_good" classname="com.cardatechnologies.utils.validators.abaroutevalidator.Test_AbaRouteValidator_08" time="0"/>
  <testcase name="testAbaNumberCheck_15751_good" classname="com.cardatechnologies.utils.validators.abaroutevalidator.Test_AbaRouteValidator_08" time="0"/>
  <testcase name="testAbaNumberCheck_16560_bad" classname="com.cardatechnologies.utils.validators.abaroutevalidator.Test_AbaRouteValidator_08" time="0"/>
  <testcase name="testAbaNumberCheck_17374_bad" classname="com.cardatechnologies.utils.validators.abaroutevalidator.Test_AbaRouteValidator_08" time="0"/>
  <testcase name="testAbaNumberCheck_16562_bad" classname="com.cardatechnologies.utils.validators.abaroutevalidator.Test_AbaRouteValidator_08" time="0"/>
  <testcase name="testAbaNumberCheck_17376_bad" classname="com.cardatechnologies.utils.validators.abaroutevalidator.Test_AbaRouteValidator_08" time="0"/>
  <testcase name="testAbaNumberCheck_16565_good" classname="com.cardatechnologies.utils.validators.abaroutevalidator.Test_AbaRouteValidator_08" time="0"/>
  <testcase name="testAbaNumberCheck_15625_good" classname="com.cardatechnologies.utils.validators.abaroutevalidator.Test_AbaRouteValidator_08" time="0"/>
  <testcase name="testAbaNumberCheck_15750_bad" classname="com.cardatechnologies.utils.validators.abaroutevalidator.Test_AbaRouteValidator_08" time="0"/>
  <testcase name="testAbaNumberCheck_16564_bad" classname="com.cardatechnologies.utils.validators.abaroutevalidator.Test_AbaRouteValidator_08" time="0"/>
  <testcase name="testAbaNumberCheck_17378_bad" classname="com.cardatechnologies.utils.validators.abaroutevalidator.Test_AbaRouteValidator_08" time="0"/>
  <testcase name="testAbaNumberCheck_15752_bad" classname="com.cardatechnologies.utils.validators.abaroutevalidator.Test_AbaRouteValidator_08" time="0"/>
  <testcase name="testAbaNumberCheck_16566_bad" classname="com.cardatechnologies.utils.validators.abaroutevalidator.Test_AbaRouteValidator_08" time="0"/>
  <testcase name="testAbaNumberCheck_17379_good" classname="com.cardatechnologies.utils.validators.abaroutevalidator.Test_AbaRouteValidator_08" time="0.001"/>
  <testcase name="testAbaNumberCheck_16439_good" classname="com.cardatechnologies.utils.validators.abaroutevalidator.Test_AbaRouteValidator_08" time="0"/>
  <testcase name="testAbaNumberCheck_15754_bad" classname="com.cardatechnologies.utils.validators.abaroutevalidator.Test_AbaRouteValidator_08" time="0"/>
  <testcase name="testAbaNumberCheck_16568_bad" classname="com.cardatechnologies.utils.validators.abaroutevalidator.Test_AbaRouteValidator_08" time="0"/>
  <testcase name="testAbaNumberCheck_15756_bad" classname="com.cardatechnologies.utils.validators.abaroutevalidator.Test_AbaRouteValidator_08" time="0"/>
  <testcase name="testAbaNumberCheck_15463_good" classname="com.cardatechnologies.utils.validators.abaroutevalidator.Test_AbaRouteValidator_08" time="0"/>
  <testcase name="testAbaNumberCheck_15758_bad" classname="com.cardatechnologies.utils.validators.abaroutevalidator.Test_AbaRouteValidator_08" time="0"/>
  <testcase name="testAbaNumberCheck_16277_good" classname="com.cardatechnologies.utils.validators.abaroutevalidator.Test_AbaRouteValidator_08" time="0"/>
  <testcase name="testAbaNumberCheck_15337_good" classname="com.cardatechnologies.utils.validators.abaroutevalidator.Test_AbaRouteValidator_08" time="0"/>
  <testcase name="testAbaNumberCheck_16935_good" classname="com.cardatechnologies.utils.validators.abaroutevalidator.Test_AbaRouteValidator_08" time="0"/>
  <testcase name="testAbaNumberCheck_16809_good" classname="com.cardatechnologies.utils.validators.abaroutevalidator.Test_AbaRouteValidator_08" time="0"/>
  <testcase name="testAbaNumberCheck_15175_good" classname="com.cardatechnologies.utils.validators.abaroutevalidator.Test_AbaRouteValidator_08" time="0"/>
  <testcase name="testAbaNumberCheck_16773_good" classname="com.cardatechnologies.utils.validators.abaroutevalidator.Test_AbaRouteValidator_08" time="0"/>
  <testcase name="testAbaNumberCheck_15833_good" classname="com.cardatechnologies.utils.validators.abaroutevalidator.Test_AbaRouteValidator_08" time="0"/>
  <testcase name="testAbaNumberCheck_17380_bad" classname="com.cardatechnologies.utils.validators.abaroutevalidator.Test_AbaRouteValidator_08" time="0"/>
  <testcase name="testAbaNumberCheck_15049_good" classname="com.cardatechnologies.utils.validators.abaroutevalidator.Test_AbaRouteValidator_08" time="0"/>
  <testcase name="testAbaNumberCheck_17382_bad" classname="com.cardatechnologies.utils.validators.abaroutevalidator.Test_AbaRouteValidator_08" time="0"/>
  <testcase name="testAbaNumberCheck_16647_good" classname="com.cardatechnologies.utils.validators.abaroutevalidator.Test_AbaRouteValidator_08" time="0"/>
  <testcase name="testAbaNumberCheck_15707_good" classname="com.cardatechnologies.utils.validators.abaroutevalidator.Test_AbaRouteValidator_08" time="0"/>
  <testcase name="testAbaNumberCheck_16570_bad" classname="com.cardatechnologies.utils.validators.abaroutevalidator.Test_AbaRouteValidator_08" time="0"/>
  <testcase name="testAbaNumberCheck_17384_bad" classname="com.cardatechnologies.utils.validators.abaroutevalidator.Test_AbaRouteValidator_08" time="0"/>
  <testcase name="testAbaNumberCheck_16572_bad" classname="com.cardatechnologies.utils.validators.abaroutevalidator.Test_AbaRouteValidator_08" time="0"/>
  <testcase name="testAbaNumberCheck_17386_bad" classname="com.cardatechnologies.utils.validators.abaroutevalidator.Test_AbaRouteValidator_08" time="0.001"/>
  <testcase name="testAbaNumberCheck_15671_good" classname="com.cardatechnologies.utils.validators.abaroutevalidator.Test_AbaRouteValidator_08" time="0"/>
  <testcase name="testAbaNumberCheck_15760_bad" classname="com.cardatechnologies.utils.validators.abaroutevalidator.Test_AbaRouteValidator_08" time="0"/>
  <testcase name="testAbaNumberCheck_16574_bad" classname="com.cardatechnologies.utils.validators.abaroutevalidator.Test_AbaRouteValidator_08" time="0"/>
  <testcase name="testAbaNumberCheck_17388_bad" classname="com.cardatechnologies.utils.validators.abaroutevalidator.Test_AbaRouteValidator_08" time="0"/>
  <testcase name="testAbaNumberCheck_15762_bad" classname="com.cardatechnologies.utils.validators.abaroutevalidator.Test_AbaRouteValidator_08" time="0"/>
  <testcase name="testAbaNumberCheck_16576_bad" classname="com.cardatechnologies.utils.validators.abaroutevalidator.Test_AbaRouteValidator_08" time="0"/>
  <testcase name="testAbaNumberCheck_16485_good" classname="com.cardatechnologies.utils.validators.abaroutevalidator.Test_AbaRouteValidator_08" time="0"/>
  <testcase name="testAbaNumberCheck_15545_good" classname="com.cardatechnologies.utils.validators.abaroutevalidator.Test_AbaRouteValidator_08" time="0"/>
  <testcase name="testAbaNumberCheck_15764_bad" classname="com.cardatechnologies.utils.validators.abaroutevalidator.Test_AbaRouteValidator_08" time="0"/>
  <testcase name="testAbaNumberCheck_16578_bad" classname="com.cardatechnologies.utils.validators.abaroutevalidator.Test_AbaRouteValidator_08" time="0"/>
  <testcase name="testAbaNumberCheck_15766_bad" classname="com.cardatechnologies.utils.validators.abaroutevalidator.Test_AbaRouteValidator_08" time="0"/>
  <testcase name="testAbaNumberCheck_17299_good" classname="com.cardatechnologies.utils.validators.abaroutevalidator.Test_AbaRouteValidator_08" time="0"/>
  <testcase name="testAbaNumberCheck_16359_good" classname="com.cardatechnologies.utils.validators.abaroutevalidator.Test_AbaRouteValidator_08" time="0"/>
  <testcase name="testAbaNumberCheck_15419_good" classname="com.cardatechnologies.utils.validators.abaroutevalidator.Test_AbaRouteValidator_08" time="0"/>
  <testcase name="testAbaNumberCheck_15768_bad" classname="com.cardatechnologies.utils.validators.abaroutevalidator.Test_AbaRouteValidator_08" time="0"/>
  <testcase name="testAbaNumberCheck_15383_good" classname="com.cardatechnologies.utils.validators.abaroutevalidator.Test_AbaRouteValidator_08" time="0"/>
  <testcase name="testAbaNumberCheck_16981_good" classname="com.cardatechnologies.utils.validators.abaroutevalidator.Test_AbaRouteValidator_08" time="0"/>
  <testcase name="testAbaNumberCheck_16197_good" classname="com.cardatechnologies.utils.validators.abaroutevalidator.Test_AbaRouteValidator_08" time="0"/>
  <testcase name="testAbaNumberCheck_15257_good" classname="com.cardatechnologies.utils.validators.abaroutevalidator.Test_AbaRouteValidator_08" time="0"/>
  <testcase name="testAbaNumberCheck_16855_good" classname="com.cardatechnologies.utils.validators.abaroutevalidator.Test_AbaRouteValidator_08" time="0.001"/>
  <testcase name="testAbaNumberCheck_15915_good" classname="com.cardatechnologies.utils.validators.abaroutevalidator.Test_AbaRouteValidator_08" time="0"/>
  <testcase name="testAbaNumberCheck_16729_good" classname="com.cardatechnologies.utils.validators.abaroutevalidator.Test_AbaRouteValidator_08" time="0"/>
  <testcase name="testAbaNumberCheck_15095_good" classname="com.cardatechnologies.utils.validators.abaroutevalidator.Test_AbaRouteValidator_08" time="0"/>
  <testcase name="testAbaNumberCheck_17390_bad" classname="com.cardatechnologies.utils.validators.abaroutevalidator.Test_AbaRouteValidator_08" time="0"/>
  <testcase name="testAbaNumberCheck_17392_bad" classname="com.cardatechnologies.utils.validators.abaroutevalidator.Test_AbaRouteValidator_08" time="0"/>
  <testcase name="testAbaNumberCheck_16693_good" classname="com.cardatechnologies.utils.validators.abaroutevalidator.Test_AbaRouteValidator_08" time="0"/>
  <testcase name="testAbaNumberCheck_15753_good" classname="com.cardatechnologies.utils.validators.abaroutevalidator.Test_AbaRouteValidator_08" time="0"/>
  <testcase name="testAbaNumberCheck_16580_bad" classname="com.cardatechnologies.utils.validators.abaroutevalidator.Test_AbaRouteValidator_08" time="0"/>
  <testcase name="testAbaNumberCheck_17394_bad" classname="com.cardatechnologies.utils.validators.abaroutevalidator.Test_AbaRouteValidator_08" time="0"/>
  <testcase name="testAbaNumberCheck_16582_bad" classname="com.cardatechnologies.utils.validators.abaroutevalidator.Test_AbaRouteValidator_08" time="0"/>
  <testcase name="testAbaNumberCheck_17396_bad" classname="com.cardatechnologies.utils.validators.abaroutevalidator.Test_AbaRouteValidator_08" time="0"/>
  <testcase name="testAbaNumberCheck_16567_good" classname="com.cardatechnologies.utils.validators.abaroutevalidator.Test_AbaRouteValidator_08" time="0"/>
  <testcase name="testAbaNumberCheck_15627_good" classname="com.cardatechnologies.utils.validators.abaroutevalidator.Test_AbaRouteValidator_08" time="0"/>
  <testcase name="testAbaNumberCheck_15770_bad" classname="com.cardatechnologies.utils.validators.abaroutevalidator.Test_AbaRouteValidator_08" time="0"/>
  <testcase name="testAbaNumberCheck_16584_bad" classname="com.cardatechnologies.utils.validators.abaroutevalidator.Test_AbaRouteValidator_08" time="0"/>
  <testcase name="testAbaNumberCheck_17398_bad" classname="com.cardatechnologies.utils.validators.abaroutevalidator.Test_AbaRouteValidator_08" time="0"/>
  <testcase name="testAbaNumberCheck_15772_bad" classname="com.cardatechnologies.utils.validators.abaroutevalidator.Test_AbaRouteValidator_08" time="0"/>
  <testcase name="testAbaNumberCheck_16586_bad" classname="com.cardatechnologies.utils.validators.abaroutevalidator.Test_AbaRouteValidator_08" time="0"/>
  <testcase name="testAbaNumberCheck_15591_good" classname="com.cardatechnologies.utils.validators.abaroutevalidator.Test_AbaRouteValidator_08" time="0"/>
  <testcase name="testAbaNumberCheck_15774_bad" classname="com.cardatechnologies.utils.validators.abaroutevalidator.Test_AbaRouteValidator_08" time="0"/>
  <testcase name="testAbaNumberCheck_16588_bad" classname="com.cardatechnologies.utils.validators.abaroutevalidator.Test_AbaRouteValidator_08" time="0"/>
  <testcase name="testAbaNumberCheck_15776_bad" classname="com.cardatechnologies.utils.validators.abaroutevalidator.Test_AbaRouteValidator_08" time="0"/>
  <testcase name="testAbaNumberCheck_15465_good" classname="com.cardatechnologies.utils.validators.abaroutevalidator.Test_AbaRouteValidator_08" time="0"/>
  <testcase name="testAbaNumberCheck_15778_bad" classname="com.cardatechnologies.utils.validators.abaroutevalidator.Test_AbaRouteValidator_08" time="0.001"/>
  <testcase name="testAbaNumberCheck_16279_good" classname="com.cardatechnologies.utils.validators.abaroutevalidator.Test_AbaRouteValidator_08" time="0"/>
  <testcase name="testAbaNumberCheck_15339_good" classname="com.cardatechnologies.utils.validators.abaroutevalidator.Test_AbaRouteValidator_08" time="0"/>
  <testcase name="testAbaNumberCheck_16937_good" classname="com.cardatechnologies.utils.validators.abaroutevalidator.Test_AbaRouteValidator_08" time="0"/>
  <testcase name="testAbaNumberCheck_15961_good" classname="com.cardatechnologies.utils.validators.abaroutevalidator.Test_AbaRouteValidator_08" time="0"/>
  <testcase name="testAbaNumberCheck_15177_good" classname="com.cardatechnologies.utils.validators.abaroutevalidator.Test_AbaRouteValidator_08" time="0"/>
  <testcase name="testAbaNumberCheck_16775_good" classname="com.cardatechnologies.utils.validators.abaroutevalidator.Test_AbaRouteValidator_08" time="0"/>
  <testcase name="testAbaNumberCheck_15835_good" classname="com.cardatechnologies.utils.validators.abaroutevalidator.Test_AbaRouteValidator_08" time="0"/>
  <testcase name="testAbaNumberCheck_16649_good" classname="com.cardatechnologies.utils.validators.abaroutevalidator.Test_AbaRouteValidator_08" time="0"/>
  <testcase name="testAbaNumberCheck_15709_good" classname="com.cardatechnologies.utils.validators.abaroutevalidator.Test_AbaRouteValidator_08" time="0"/>
  <testcase name="testAbaNumberCheck_16590_bad" classname="com.cardatechnologies.utils.validators.abaroutevalidator.Test_AbaRouteValidator_08" time="0"/>
  <testcase name="testAbaNumberCheck_16592_bad" classname="com.cardatechnologies.utils.validators.abaroutevalidator.Test_AbaRouteValidator_08" time="0"/>
  <testcase name="testAbaNumberCheck_15673_good" classname="com.cardatechnologies.utils.validators.abaroutevalidator.Test_AbaRouteValidator_08" time="0"/>
  <testcase name="testAbaNumberCheck_15780_bad" classname="com.cardatechnologies.utils.validators.abaroutevalidator.Test_AbaRouteValidator_08" time="0"/>
  <testcase name="testAbaNumberCheck_16594_bad" classname="com.cardatechnologies.utils.validators.abaroutevalidator.Test_AbaRouteValidator_08" time="0"/>
  <testcase name="testAbaNumberCheck_15782_bad" classname="com.cardatechnologies.utils.validators.abaroutevalidator.Test_AbaRouteValidator_08" time="0"/>
  <testcase name="testAbaNumberCheck_16596_bad" classname="com.cardatechnologies.utils.validators.abaroutevalidator.Test_AbaRouteValidator_08" time="0"/>
  <testcase name="testAbaNumberCheck_16487_good" classname="com.cardatechnologies.utils.validators.abaroutevalidator.Test_AbaRouteValidator_08" time="0"/>
  <testcase name="testAbaNumberCheck_15547_good" classname="com.cardatechnologies.utils.validators.abaroutevalidator.Test_AbaRouteValidator_08" time="0"/>
  <testcase name="testAbaNumberCheck_15784_bad" classname="com.cardatechnologies.utils.validators.abaroutevalidator.Test_AbaRouteValidator_08" time="0"/>
  <testcase name="testAbaNumberCheck_16598_bad" classname="com.cardatechnologies.utils.validators.abaroutevalidator.Test_AbaRouteValidator_08" time="0"/>
  <testcase name="testAbaNumberCheck_15786_bad" classname="com.cardatechnologies.utils.validators.abaroutevalidator.Test_AbaRouteValidator_08" time="0"/>
  <testcase name="testAbaNumberCheck_15788_bad" classname="com.cardatechnologies.utils.validators.abaroutevalidator.Test_AbaRouteValidator_08" time="0"/>
  <testcase name="testAbaNumberCheck_15385_good" classname="com.cardatechnologies.utils.validators.abaroutevalidator.Test_AbaRouteValidator_08" time="0"/>
  <testcase name="testAbaNumberCheck_16983_good" classname="com.cardatechnologies.utils.validators.abaroutevalidator.Test_AbaRouteValidator_08" time="0.001"/>
  <testcase name="testAbaNumberCheck_16199_good" classname="com.cardatechnologies.utils.validators.abaroutevalidator.Test_AbaRouteValidator_08" time="0"/>
  <testcase name="testAbaNumberCheck_15259_good" classname="com.cardatechnologies.utils.validators.abaroutevalidator.Test_AbaRouteValidator_08" time="0"/>
  <testcase name="testAbaNumberCheck_16857_good" classname="com.cardatechnologies.utils.validators.abaroutevalidator.Test_AbaRouteValidator_08" time="0"/>
  <testcase name="testAbaNumberCheck_15917_good" classname="com.cardatechnologies.utils.validators.abaroutevalidator.Test_AbaRouteValidator_08" time="0"/>
  <testcase name="testAbaNumberCheck_15881_good" classname="com.cardatechnologies.utils.validators.abaroutevalidator.Test_AbaRouteValidator_08" time="0"/>
  <testcase name="testAbaNumberCheck_15097_good" classname="com.cardatechnologies.utils.validators.abaroutevalidator.Test_AbaRouteValidator_08" time="0"/>
  <testcase name="testAbaNumberCheck_16695_good" classname="com.cardatechnologies.utils.validators.abaroutevalidator.Test_AbaRouteValidator_08" time="0"/>
  <testcase name="testAbaNumberCheck_15755_good" classname="com.cardatechnologies.utils.validators.abaroutevalidator.Test_AbaRouteValidator_08" time="0"/>
  <testcase name="testAbaNumberCheck_16569_good" classname="com.cardatechnologies.utils.validators.abaroutevalidator.Test_AbaRouteValidator_08" time="0"/>
  <testcase name="testAbaNumberCheck_15629_good" classname="com.cardatechnologies.utils.validators.abaroutevalidator.Test_AbaRouteValidator_08" time="0"/>
  <testcase name="testAbaNumberCheck_15790_bad" classname="com.cardatechnologies.utils.validators.abaroutevalidator.Test_AbaRouteValidator_08" time="0"/>
  <testcase name="testAbaNumberCheck_15792_bad" classname="com.cardatechnologies.utils.validators.abaroutevalidator.Test_AbaRouteValidator_08" time="0"/>
  <testcase name="testAbaNumberCheck_15593_good" classname="com.cardatechnologies.utils.validators.abaroutevalidator.Test_AbaRouteValidator_08" time="0"/>
  <testcase name="testAbaNumberCheck_15794_bad" classname="com.cardatechnologies.utils.validators.abaroutevalidator.Test_AbaRouteValidator_08" time="0"/>
  <testcase name="testAbaNumberCheck_15796_bad" classname="com.cardatechnologies.utils.validators.abaroutevalidator.Test_AbaRouteValidator_08" time="0"/>
  <testcase name="testAbaNumberCheck_15467_good" classname="com.cardatechnologies.utils.validators.abaroutevalidator.Test_AbaRouteValidator_08" time="0"/>
  <testcase name="testAbaNumberCheck_15798_bad" classname="com.cardatechnologies.utils.validators.abaroutevalidator.Test_AbaRouteValidator_08" time="0"/>
  <testcase name="testAbaNumberCheck_16939_good" classname="com.cardatechnologies.utils.validators.abaroutevalidator.Test_AbaRouteValidator_08" time="0"/>
  <testcase name="testAbaNumberCheck_15963_good" classname="com.cardatechnologies.utils.validators.abaroutevalidator.Test_AbaRouteValidator_08" time="0"/>
  <testcase name="testAbaNumberCheck_15179_good" classname="com.cardatechnologies.utils.validators.abaroutevalidator.Test_AbaRouteValidator_08" time="0"/>
  <testcase name="testAbaNumberCheck_16777_good" classname="com.cardatechnologies.utils.validators.abaroutevalidator.Test_AbaRouteValidator_08" time="0"/>
  <testcase name="testAbaNumberCheck_15837_good" classname="com.cardatechnologies.utils.validators.abaroutevalidator.Test_AbaRouteValidator_08" time="0"/>
  <testcase name="testAbaNumberCheck_15675_good" classname="com.cardatechnologies.utils.validators.abaroutevalidator.Test_AbaRouteValidator_08" time="0"/>
</testsuite>