<?xml version="1.0" encoding="UTF-8"?>
<testsuite name="com.cardatechnologies.utils.validators.abaroutevalidator.Test_AbaRouteValidator_07" time="0.064" tests="2550" errors="0" skipped="0" failures="0">
  <properties>
    <property name="java.runtime.name" value="Java(TM) SE Runtime Environment"/>
    <property name="sun.boot.library.path" value="D:\tools\java\jdk\jdk1.8.0_20\jre\bin"/>
    <property name="java.vm.version" value="25.20-b23"/>
    <property name="java.vm.vendor" value="Oracle Corporation"/>
    <property name="java.vendor.url" value="http://java.oracle.com/"/>
    <property name="path.separator" value=";"/>
    <property name="guice.disable.misplaced.annotation.check" value="true"/>
    <property name="java.vm.name" value="Java HotSpot(TM) 64-Bit Server VM"/>
    <property name="file.encoding.pkg" value="sun.io"/>
    <property name="user.script" value=""/>
    <property name="user.country" value="US"/>
    <property name="sun.java.launcher" value="SUN_STANDARD"/>
    <property name="sun.os.patch.level" value=""/>
    <property name="java.vm.specification.name" value="Java Virtual Machine Specification"/>
    <property name="user.dir" value="D:\projects\CardaTech\aba.route.validator"/>
    <property name="java.runtime.version" value="1.8.0_20-b26"/>
    <property name="java.awt.graphicsenv" value="sun.awt.Win32GraphicsEnvironment"/>
    <property name="java.endorsed.dirs" value="D:\tools\java\jdk\jdk1.8.0_20\jre\lib\endorsed"/>
    <property name="os.arch" value="amd64"/>
    <property name="java.io.tmpdir" value="C:\Users\Joker\AppData\Local\Temp\"/>
    <property name="line.separator" value="&#10;"/>
    <property name="java.vm.specification.vendor" value="Oracle Corporation"/>
    <property name="user.variant" value=""/>
    <property name="os.name" value="Windows 8.1"/>
    <property name="classworlds.conf" value="D:\tools\java\apache\apache-maven-3.2.3\bin\..\bin\m2.conf"/>
    <property name="maven.test.skip" value="false"/>
    <property name="sun.jnu.encoding" value="Cp1252"/>
    <property name="java.library.path" value="D:\tools\java\jdk\jdk1.8.0_20\bin;C:\Windows\Sun\Java\bin;C:\Windows\system32;C:\Windows;C:\Program Files (x86)\NVIDIA Corporation\PhysX\Common;C:\ProgramData\Oracle\Java\javapath;C:\Windows\system32;C:\Windows;C:\Windows\System32\Wbem;C:\Windows\System32\WindowsPowerShell\v1.0\;C:\Program Files (x86)\ATI Technologies\ATI.ACE\Core-Static;D:\Applications\CondusivTechnologies\Diskeeper\;C:\Program Files (x86)\Common Files\Acronis\SnapAPI\;C:\Program Files\Common Files\Autodesk Shared\;C:\Program Files (x86)\Autodesk\Backburner\;D:\Applications\DAZ3D\LuxRender;C:\Program Files (x86)\QuickTime\QTSystem\;D:\tools\nodejs\;C:\Program Files (x86)\AMD\ATI.ACE\Core-Static;C:\Program Files (x86)\NVIDIA Corporation\PhysX\Common;C:\ProgramData\Oracle\Java\javapath;C:\Windows\system32;C:\Windows;C:\Windows\System32\Wbem;C:\Windows\System32\WindowsPowerShell\v1.0\;C:\Program Files (x86)\ATI Technologies\ATI.ACE\Core-Static;D:\Applications\CondusivTechnologies\Diskeeper\;C:\Program Files (x86)\Common Files\Acronis\SnapAPI\;C:\Program Files\Common Files\Autodesk Shared\;C:\Program Files (x86)\Autodesk\Backburner\;D:\Applications\DAZ3D\LuxRender;C:\Program Files (x86)\QuickTime\QTSystem\;D:\tools\nodejs\;C:\Program Files (x86)\AMD\ATI.ACE\Core-Static;D:\projects\MongoDB\MongoDB_2.6.6\bin;D:\tools\java\apache\apache-maven-3.2.3\bin;D:\tools\java\jdk\jdk1.8.0_20\bin;C:\Users\Joker\AppData\Roaming\npm;D:\tools\nodejs;D:\Applications\SublimeText2\;C:\Program Files (x86)\Common Files\Acronis\TibMounter64;."/>
    <property name="java.specification.name" value="Java Platform API Specification"/>
    <property name="java.class.version" value="52.0"/>
    <property name="sun.management.compiler" value="HotSpot 64-Bit Tiered Compilers"/>
    <property name="os.version" value="6.3"/>
    <property name="user.home" value="C:\Users\Joker"/>
    <property name="user.timezone" value="America/Denver"/>
    <property name="java.awt.printerjob" value="sun.awt.windows.WPrinterJob"/>
    <property name="java.specification.version" value="1.8"/>
    <property name="file.encoding" value="Cp1252"/>
    <property name="user.name" value="Joker"/>
    <property name="java.class.path" value="D:\tools\java\apache\apache-maven-3.2.3\bin\..\boot\plexus-classworlds-2.5.1.jar"/>
    <property name="org.slf4j.simpleLogger.defaultLogLevel" value="debug"/>
    <property name="java.vm.specification.version" value="1.8"/>
    <property name="sun.arch.data.model" value="64"/>
    <property name="java.home" value="D:\tools\java\jdk\jdk1.8.0_20\jre"/>
    <property name="sun.java.command" value="org.codehaus.plexus.classworlds.launcher.Launcher -Dmaven.test.skip=false package test site -X"/>
    <property name="java.specification.vendor" value="Oracle Corporation"/>
    <property name="user.language" value="en"/>
    <property name="awt.toolkit" value="sun.awt.windows.WToolkit"/>
    <property name="java.vm.info" value="mixed mode"/>
    <property name="java.version" value="1.8.0_20"/>
    <property name="java.ext.dirs" value="D:\tools\java\jdk\jdk1.8.0_20\jre\lib\ext;C:\Windows\Sun\Java\lib\ext"/>
    <property name="sun.boot.class.path" value="D:\tools\java\jdk\jdk1.8.0_20\jre\lib\resources.jar;D:\tools\java\jdk\jdk1.8.0_20\jre\lib\rt.jar;D:\tools\java\jdk\jdk1.8.0_20\jre\lib\sunrsasign.jar;D:\tools\java\jdk\jdk1.8.0_20\jre\lib\jsse.jar;D:\tools\java\jdk\jdk1.8.0_20\jre\lib\jce.jar;D:\tools\java\jdk\jdk1.8.0_20\jre\lib\charsets.jar;D:\tools\java\jdk\jdk1.8.0_20\jre\lib\jfr.jar;D:\tools\java\jdk\jdk1.8.0_20\jre\classes"/>
    <property name="sun.stderr.encoding" value="cp437"/>
    <property name="java.vendor" value="Oracle Corporation"/>
    <property name="maven.home" value="D:\tools\java\apache\apache-maven-3.2.3\bin\.."/>
    <property name="file.separator" value="\"/>
    <property name="java.vendor.url.bug" value="http://bugreport.sun.com/bugreport/"/>
    <property name="sun.cpu.endian" value="little"/>
    <property name="sun.io.unicode.encoding" value="UnicodeLittle"/>
    <property name="sun.stdout.encoding" value="cp437"/>
    <property name="sun.desktop" value="windows"/>
    <property name="sun.cpu.isalist" value="amd64"/>
  </properties>
  <testcase name="testAbaNumberCheck_14609_good" classname="com.cardatechnologies.utils.validators.abaroutevalidator.Test_AbaRouteValidator_07" time="0"/>
  <testcase name="testAbaNumberCheck_14990_bad" classname="com.cardatechnologies.utils.validators.abaroutevalidator.Test_AbaRouteValidator_07" time="0"/>
  <testcase name="testAbaNumberCheck_14992_bad" classname="com.cardatechnologies.utils.validators.abaroutevalidator.Test_AbaRouteValidator_07" time="0"/>
  <testcase name="testAbaNumberCheck_14573_good" classname="com.cardatechnologies.utils.validators.abaroutevalidator.Test_AbaRouteValidator_07" time="0"/>
  <testcase name="testAbaNumberCheck_13633_good" classname="com.cardatechnologies.utils.validators.abaroutevalidator.Test_AbaRouteValidator_07" time="0"/>
  <testcase name="testAbaNumberCheck_14994_bad" classname="com.cardatechnologies.utils.validators.abaroutevalidator.Test_AbaRouteValidator_07" time="0"/>
  <testcase name="testAbaNumberCheck_14996_bad" classname="com.cardatechnologies.utils.validators.abaroutevalidator.Test_AbaRouteValidator_07" time="0"/>
  <testcase name="testAbaNumberCheck_14447_good" classname="com.cardatechnologies.utils.validators.abaroutevalidator.Test_AbaRouteValidator_07" time="0"/>
  <testcase name="testAbaNumberCheck_13507_good" classname="com.cardatechnologies.utils.validators.abaroutevalidator.Test_AbaRouteValidator_07" time="0"/>
  <testcase name="testAbaNumberCheck_14998_bad" classname="com.cardatechnologies.utils.validators.abaroutevalidator.Test_AbaRouteValidator_07" time="0"/>
  <testcase name="testAbaNumberCheck_13471_good" classname="com.cardatechnologies.utils.validators.abaroutevalidator.Test_AbaRouteValidator_07" time="0"/>
  <testcase name="testAbaNumberCheck_12531_good" classname="com.cardatechnologies.utils.validators.abaroutevalidator.Test_AbaRouteValidator_07" time="0"/>
  <testcase name="testAbaNumberCheck_14285_good" classname="com.cardatechnologies.utils.validators.abaroutevalidator.Test_AbaRouteValidator_07" time="0"/>
  <testcase name="testAbaNumberCheck_13345_good" classname="com.cardatechnologies.utils.validators.abaroutevalidator.Test_AbaRouteValidator_07" time="0"/>
  <testcase name="testAbaNumberCheck_14943_good" classname="com.cardatechnologies.utils.validators.abaroutevalidator.Test_AbaRouteValidator_07" time="0"/>
  <testcase name="testAbaNumberCheck_14159_good" classname="com.cardatechnologies.utils.validators.abaroutevalidator.Test_AbaRouteValidator_07" time="0"/>
  <testcase name="testAbaNumberCheck_13219_good" classname="com.cardatechnologies.utils.validators.abaroutevalidator.Test_AbaRouteValidator_07" time="0"/>
  <testcase name="testAbaNumberCheck_14817_good" classname="com.cardatechnologies.utils.validators.abaroutevalidator.Test_AbaRouteValidator_07" time="0"/>
  <testcase name="testAbaNumberCheck_13183_good" classname="com.cardatechnologies.utils.validators.abaroutevalidator.Test_AbaRouteValidator_07" time="0"/>
  <testcase name="testAbaNumberCheck_14781_good" classname="com.cardatechnologies.utils.validators.abaroutevalidator.Test_AbaRouteValidator_07" time="0"/>
  <testcase name="testAbaNumberCheck_13841_good" classname="com.cardatechnologies.utils.validators.abaroutevalidator.Test_AbaRouteValidator_07" time="0"/>
  <testcase name="testAbaNumberCheck_12901_good" classname="com.cardatechnologies.utils.validators.abaroutevalidator.Test_AbaRouteValidator_07" time="0"/>
  <testcase name="testAbaNumberCheck_13057_good" classname="com.cardatechnologies.utils.validators.abaroutevalidator.Test_AbaRouteValidator_07" time="0"/>
  <testcase name="testAbaNumberCheck_14655_good" classname="com.cardatechnologies.utils.validators.abaroutevalidator.Test_AbaRouteValidator_07" time="0"/>
  <testcase name="testAbaNumberCheck_13715_good" classname="com.cardatechnologies.utils.validators.abaroutevalidator.Test_AbaRouteValidator_07" time="0"/>
  <testcase name="testAbaNumberCheck_14529_good" classname="com.cardatechnologies.utils.validators.abaroutevalidator.Test_AbaRouteValidator_07" time="0"/>
  <testcase name="testAbaNumberCheck_14493_good" classname="com.cardatechnologies.utils.validators.abaroutevalidator.Test_AbaRouteValidator_07" time="0"/>
  <testcase name="testAbaNumberCheck_13553_good" classname="com.cardatechnologies.utils.validators.abaroutevalidator.Test_AbaRouteValidator_07" time="0"/>
  <testcase name="testAbaNumberCheck_12613_good" classname="com.cardatechnologies.utils.validators.abaroutevalidator.Test_AbaRouteValidator_07" time="0"/>
  <testcase name="testAbaNumberCheck_14367_good" classname="com.cardatechnologies.utils.validators.abaroutevalidator.Test_AbaRouteValidator_07" time="0"/>
  <testcase name="testAbaNumberCheck_13427_good" classname="com.cardatechnologies.utils.validators.abaroutevalidator.Test_AbaRouteValidator_07" time="0"/>
  <testcase name="testAbaNumberCheck_13391_good" classname="com.cardatechnologies.utils.validators.abaroutevalidator.Test_AbaRouteValidator_07" time="0"/>
  <testcase name="testAbaNumberCheck_12451_good" classname="com.cardatechnologies.utils.validators.abaroutevalidator.Test_AbaRouteValidator_07" time="0"/>
  <testcase name="testAbaNumberCheck_13265_good" classname="com.cardatechnologies.utils.validators.abaroutevalidator.Test_AbaRouteValidator_07" time="0"/>
  <testcase name="testAbaNumberCheck_14863_good" classname="com.cardatechnologies.utils.validators.abaroutevalidator.Test_AbaRouteValidator_07" time="0"/>
  <testcase name="testAbaNumberCheck_13923_good" classname="com.cardatechnologies.utils.validators.abaroutevalidator.Test_AbaRouteValidator_07" time="0"/>
  <testcase name="testAbaNumberCheck_14079_good" classname="com.cardatechnologies.utils.validators.abaroutevalidator.Test_AbaRouteValidator_07" time="0"/>
  <testcase name="testAbaNumberCheck_13139_good" classname="com.cardatechnologies.utils.validators.abaroutevalidator.Test_AbaRouteValidator_07" time="0"/>
  <testcase name="testAbaNumberCheck_14737_good" classname="com.cardatechnologies.utils.validators.abaroutevalidator.Test_AbaRouteValidator_07" time="0"/>
  <testcase name="testAbaNumberCheck_13761_good" classname="com.cardatechnologies.utils.validators.abaroutevalidator.Test_AbaRouteValidator_07" time="0"/>
  <testcase name="testAbaNumberCheck_12821_good" classname="com.cardatechnologies.utils.validators.abaroutevalidator.Test_AbaRouteValidator_07" time="0"/>
  <testcase name="testAbaNumberCheck_14575_good" classname="com.cardatechnologies.utils.validators.abaroutevalidator.Test_AbaRouteValidator_07" time="0"/>
  <testcase name="testAbaNumberCheck_13635_good" classname="com.cardatechnologies.utils.validators.abaroutevalidator.Test_AbaRouteValidator_07" time="0"/>
  <testcase name="testAbaNumberCheck_14449_good" classname="com.cardatechnologies.utils.validators.abaroutevalidator.Test_AbaRouteValidator_07" time="0"/>
  <testcase name="testAbaNumberCheck_13509_good" classname="com.cardatechnologies.utils.validators.abaroutevalidator.Test_AbaRouteValidator_07" time="0"/>
  <testcase name="testAbaNumberCheck_13473_good" classname="com.cardatechnologies.utils.validators.abaroutevalidator.Test_AbaRouteValidator_07" time="0"/>
  <testcase name="testAbaNumberCheck_12533_good" classname="com.cardatechnologies.utils.validators.abaroutevalidator.Test_AbaRouteValidator_07" time="0"/>
  <testcase name="testAbaNumberCheck_14287_good" classname="com.cardatechnologies.utils.validators.abaroutevalidator.Test_AbaRouteValidator_07" time="0"/>
  <testcase name="testAbaNumberCheck_13347_good" classname="com.cardatechnologies.utils.validators.abaroutevalidator.Test_AbaRouteValidator_07" time="0"/>
  <testcase name="testAbaNumberCheck_14945_good" classname="com.cardatechnologies.utils.validators.abaroutevalidator.Test_AbaRouteValidator_07" time="0"/>
  <testcase name="testAbaNumberCheck_14819_good" classname="com.cardatechnologies.utils.validators.abaroutevalidator.Test_AbaRouteValidator_07" time="0"/>
  <testcase name="testAbaNumberCheck_13185_good" classname="com.cardatechnologies.utils.validators.abaroutevalidator.Test_AbaRouteValidator_07" time="0"/>
  <testcase name="testAbaNumberCheck_14783_good" classname="com.cardatechnologies.utils.validators.abaroutevalidator.Test_AbaRouteValidator_07" time="0"/>
  <testcase name="testAbaNumberCheck_13843_good" classname="com.cardatechnologies.utils.validators.abaroutevalidator.Test_AbaRouteValidator_07" time="0"/>
  <testcase name="testAbaNumberCheck_12903_good" classname="com.cardatechnologies.utils.validators.abaroutevalidator.Test_AbaRouteValidator_07" time="0"/>
  <testcase name="testAbaNumberCheck_13059_good" classname="com.cardatechnologies.utils.validators.abaroutevalidator.Test_AbaRouteValidator_07" time="0"/>
  <testcase name="testAbaNumberCheck_14657_good" classname="com.cardatechnologies.utils.validators.abaroutevalidator.Test_AbaRouteValidator_07" time="0"/>
  <testcase name="testAbaNumberCheck_13717_good" classname="com.cardatechnologies.utils.validators.abaroutevalidator.Test_AbaRouteValidator_07" time="0"/>
  <testcase name="testAbaNumberCheck_13681_good" classname="com.cardatechnologies.utils.validators.abaroutevalidator.Test_AbaRouteValidator_07" time="0"/>
  <testcase name="testAbaNumberCheck_12741_good" classname="com.cardatechnologies.utils.validators.abaroutevalidator.Test_AbaRouteValidator_07" time="0"/>
  <testcase name="testAbaNumberCheck_14495_good" classname="com.cardatechnologies.utils.validators.abaroutevalidator.Test_AbaRouteValidator_07" time="0"/>
  <testcase name="testAbaNumberCheck_13555_good" classname="com.cardatechnologies.utils.validators.abaroutevalidator.Test_AbaRouteValidator_07" time="0"/>
  <testcase name="testAbaNumberCheck_12615_good" classname="com.cardatechnologies.utils.validators.abaroutevalidator.Test_AbaRouteValidator_07" time="0"/>
  <testcase name="testAbaNumberCheck_14369_good" classname="com.cardatechnologies.utils.validators.abaroutevalidator.Test_AbaRouteValidator_07" time="0"/>
  <testcase name="testAbaNumberCheck_13429_good" classname="com.cardatechnologies.utils.validators.abaroutevalidator.Test_AbaRouteValidator_07" time="0"/>
  <testcase name="testAbaNumberCheck_13393_good" classname="com.cardatechnologies.utils.validators.abaroutevalidator.Test_AbaRouteValidator_07" time="0"/>
  <testcase name="testAbaNumberCheck_12453_good" classname="com.cardatechnologies.utils.validators.abaroutevalidator.Test_AbaRouteValidator_07" time="0"/>
  <testcase name="testAbaNumberCheck_14991_good" classname="com.cardatechnologies.utils.validators.abaroutevalidator.Test_AbaRouteValidator_07" time="0"/>
  <testcase name="testAbaNumberCheck_13267_good" classname="com.cardatechnologies.utils.validators.abaroutevalidator.Test_AbaRouteValidator_07" time="0"/>
  <testcase name="testAbaNumberCheck_14865_good" classname="com.cardatechnologies.utils.validators.abaroutevalidator.Test_AbaRouteValidator_07" time="0"/>
  <testcase name="testAbaNumberCheck_13925_good" classname="com.cardatechnologies.utils.validators.abaroutevalidator.Test_AbaRouteValidator_07" time="0"/>
  <testcase name="testAbaNumberCheck_14739_good" classname="com.cardatechnologies.utils.validators.abaroutevalidator.Test_AbaRouteValidator_07" time="0"/>
  <testcase name="testAbaNumberCheck_13763_good" classname="com.cardatechnologies.utils.validators.abaroutevalidator.Test_AbaRouteValidator_07" time="0"/>
  <testcase name="testAbaNumberCheck_12823_good" classname="com.cardatechnologies.utils.validators.abaroutevalidator.Test_AbaRouteValidator_07" time="0"/>
  <testcase name="testAbaNumberCheck_14577_good" classname="com.cardatechnologies.utils.validators.abaroutevalidator.Test_AbaRouteValidator_07" time="0"/>
  <testcase name="testAbaNumberCheck_13637_good" classname="com.cardatechnologies.utils.validators.abaroutevalidator.Test_AbaRouteValidator_07" time="0"/>
  <testcase name="testAbaNumberCheck_12661_good" classname="com.cardatechnologies.utils.validators.abaroutevalidator.Test_AbaRouteValidator_07" time="0"/>
  <testcase name="testAbaNumberCheck_13475_good" classname="com.cardatechnologies.utils.validators.abaroutevalidator.Test_AbaRouteValidator_07" time="0"/>
  <testcase name="testAbaNumberCheck_12535_good" classname="com.cardatechnologies.utils.validators.abaroutevalidator.Test_AbaRouteValidator_07" time="0"/>
  <testcase name="testAbaNumberCheck_14289_good" classname="com.cardatechnologies.utils.validators.abaroutevalidator.Test_AbaRouteValidator_07" time="0"/>
  <testcase name="testAbaNumberCheck_13349_good" classname="com.cardatechnologies.utils.validators.abaroutevalidator.Test_AbaRouteValidator_07" time="0"/>
  <testcase name="testAbaNumberCheck_14947_good" classname="com.cardatechnologies.utils.validators.abaroutevalidator.Test_AbaRouteValidator_07" time="0"/>
  <testcase name="testAbaNumberCheck_13971_good" classname="com.cardatechnologies.utils.validators.abaroutevalidator.Test_AbaRouteValidator_07" time="0"/>
  <testcase name="testAbaNumberCheck_13187_good" classname="com.cardatechnologies.utils.validators.abaroutevalidator.Test_AbaRouteValidator_07" time="0"/>
  <testcase name="testAbaNumberCheck_14785_good" classname="com.cardatechnologies.utils.validators.abaroutevalidator.Test_AbaRouteValidator_07" time="0"/>
  <testcase name="testAbaNumberCheck_13845_good" classname="com.cardatechnologies.utils.validators.abaroutevalidator.Test_AbaRouteValidator_07" time="0"/>
  <testcase name="testAbaNumberCheck_12905_good" classname="com.cardatechnologies.utils.validators.abaroutevalidator.Test_AbaRouteValidator_07" time="0"/>
  <testcase name="testAbaNumberCheck_14659_good" classname="com.cardatechnologies.utils.validators.abaroutevalidator.Test_AbaRouteValidator_07" time="0"/>
  <testcase name="testAbaNumberCheck_13719_good" classname="com.cardatechnologies.utils.validators.abaroutevalidator.Test_AbaRouteValidator_07" time="0"/>
  <testcase name="testAbaNumberCheck_13683_good" classname="com.cardatechnologies.utils.validators.abaroutevalidator.Test_AbaRouteValidator_07" time="0"/>
  <testcase name="testAbaNumberCheck_12743_good" classname="com.cardatechnologies.utils.validators.abaroutevalidator.Test_AbaRouteValidator_07" time="0"/>
  <testcase name="testAbaNumberCheck_14497_good" classname="com.cardatechnologies.utils.validators.abaroutevalidator.Test_AbaRouteValidator_07" time="0"/>
  <testcase name="testAbaNumberCheck_13557_good" classname="com.cardatechnologies.utils.validators.abaroutevalidator.Test_AbaRouteValidator_07" time="0"/>
  <testcase name="testAbaNumberCheck_12617_good" classname="com.cardatechnologies.utils.validators.abaroutevalidator.Test_AbaRouteValidator_07" time="0"/>
  <testcase name="testAbaNumberCheck_12581_good" classname="com.cardatechnologies.utils.validators.abaroutevalidator.Test_AbaRouteValidator_07" time="0"/>
  <testcase name="testAbaNumberCheck_13395_good" classname="com.cardatechnologies.utils.validators.abaroutevalidator.Test_AbaRouteValidator_07" time="0"/>
  <testcase name="testAbaNumberCheck_12455_good" classname="com.cardatechnologies.utils.validators.abaroutevalidator.Test_AbaRouteValidator_07" time="0"/>
  <testcase name="testAbaNumberCheck_14993_good" classname="com.cardatechnologies.utils.validators.abaroutevalidator.Test_AbaRouteValidator_07" time="0"/>
  <testcase name="testAbaNumberCheck_13269_good" classname="com.cardatechnologies.utils.validators.abaroutevalidator.Test_AbaRouteValidator_07" time="0"/>
  <testcase name="testAbaNumberCheck_14867_good" classname="com.cardatechnologies.utils.validators.abaroutevalidator.Test_AbaRouteValidator_07" time="0"/>
  <testcase name="testAbaNumberCheck_13927_good" classname="com.cardatechnologies.utils.validators.abaroutevalidator.Test_AbaRouteValidator_07" time="0"/>
  <testcase name="testAbaNumberCheck_13891_good" classname="com.cardatechnologies.utils.validators.abaroutevalidator.Test_AbaRouteValidator_07" time="0"/>
  <testcase name="testAbaNumberCheck_12951_good" classname="com.cardatechnologies.utils.validators.abaroutevalidator.Test_AbaRouteValidator_07" time="0"/>
  <testcase name="testAbaNumberCheck_13765_good" classname="com.cardatechnologies.utils.validators.abaroutevalidator.Test_AbaRouteValidator_07" time="0"/>
  <testcase name="testAbaNumberCheck_12825_good" classname="com.cardatechnologies.utils.validators.abaroutevalidator.Test_AbaRouteValidator_07" time="0"/>
  <testcase name="testAbaNumberCheck_14579_good" classname="com.cardatechnologies.utils.validators.abaroutevalidator.Test_AbaRouteValidator_07" time="0"/>
  <testcase name="testAbaNumberCheck_13639_good" classname="com.cardatechnologies.utils.validators.abaroutevalidator.Test_AbaRouteValidator_07" time="0"/>
  <testcase name="testAbaNumberCheck_12663_good" classname="com.cardatechnologies.utils.validators.abaroutevalidator.Test_AbaRouteValidator_07" time="0"/>
  <testcase name="testAbaNumberCheck_13477_good" classname="com.cardatechnologies.utils.validators.abaroutevalidator.Test_AbaRouteValidator_07" time="0"/>
  <testcase name="testAbaNumberCheck_12537_good" classname="com.cardatechnologies.utils.validators.abaroutevalidator.Test_AbaRouteValidator_07" time="0"/>
  <testcase name="testAbaNumberCheck_14949_good" classname="com.cardatechnologies.utils.validators.abaroutevalidator.Test_AbaRouteValidator_07" time="0"/>
  <testcase name="testAbaNumberCheck_13973_good" classname="com.cardatechnologies.utils.validators.abaroutevalidator.Test_AbaRouteValidator_07" time="0"/>
  <testcase name="testAbaNumberCheck_13189_good" classname="com.cardatechnologies.utils.validators.abaroutevalidator.Test_AbaRouteValidator_07" time="0"/>
  <testcase name="testAbaNumberCheck_14787_good" classname="com.cardatechnologies.utils.validators.abaroutevalidator.Test_AbaRouteValidator_07" time="0"/>
  <testcase name="testAbaNumberCheck_13847_good" classname="com.cardatechnologies.utils.validators.abaroutevalidator.Test_AbaRouteValidator_07" time="0"/>
  <testcase name="testAbaNumberCheck_12907_good" classname="com.cardatechnologies.utils.validators.abaroutevalidator.Test_AbaRouteValidator_07" time="0"/>
  <testcase name="testAbaNumberCheck_12871_good" classname="com.cardatechnologies.utils.validators.abaroutevalidator.Test_AbaRouteValidator_07" time="0"/>
  <testcase name="testAbaNumberCheck_13685_good" classname="com.cardatechnologies.utils.validators.abaroutevalidator.Test_AbaRouteValidator_07" time="0"/>
  <testcase name="testAbaNumberCheck_12745_good" classname="com.cardatechnologies.utils.validators.abaroutevalidator.Test_AbaRouteValidator_07" time="0"/>
  <testcase name="testAbaNumberCheck_14499_good" classname="com.cardatechnologies.utils.validators.abaroutevalidator.Test_AbaRouteValidator_07" time="0"/>
  <testcase name="testAbaNumberCheck_13559_good" classname="com.cardatechnologies.utils.validators.abaroutevalidator.Test_AbaRouteValidator_07" time="0"/>
  <testcase name="testAbaNumberCheck_12619_good" classname="com.cardatechnologies.utils.validators.abaroutevalidator.Test_AbaRouteValidator_07" time="0"/>
  <testcase name="testAbaNumberCheck_12583_good" classname="com.cardatechnologies.utils.validators.abaroutevalidator.Test_AbaRouteValidator_07" time="0"/>
  <testcase name="testAbaNumberCheck_13397_good" classname="com.cardatechnologies.utils.validators.abaroutevalidator.Test_AbaRouteValidator_07" time="0"/>
  <testcase name="testAbaNumberCheck_12457_good" classname="com.cardatechnologies.utils.validators.abaroutevalidator.Test_AbaRouteValidator_07" time="0"/>
  <testcase name="testAbaNumberCheck_14995_good" classname="com.cardatechnologies.utils.validators.abaroutevalidator.Test_AbaRouteValidator_07" time="0"/>
  <testcase name="testAbaNumberCheck_14869_good" classname="com.cardatechnologies.utils.validators.abaroutevalidator.Test_AbaRouteValidator_07" time="0"/>
  <testcase name="testAbaNumberCheck_13929_good" classname="com.cardatechnologies.utils.validators.abaroutevalidator.Test_AbaRouteValidator_07" time="0"/>
  <testcase name="testAbaNumberCheck_13893_good" classname="com.cardatechnologies.utils.validators.abaroutevalidator.Test_AbaRouteValidator_07" time="0"/>
  <testcase name="testAbaNumberCheck_12953_good" classname="com.cardatechnologies.utils.validators.abaroutevalidator.Test_AbaRouteValidator_07" time="0"/>
  <testcase name="testAbaNumberCheck_13767_good" classname="com.cardatechnologies.utils.validators.abaroutevalidator.Test_AbaRouteValidator_07" time="0"/>
  <testcase name="testAbaNumberCheck_12827_good" classname="com.cardatechnologies.utils.validators.abaroutevalidator.Test_AbaRouteValidator_07" time="0"/>
  <testcase name="testAbaNumberCheck_12791_good" classname="com.cardatechnologies.utils.validators.abaroutevalidator.Test_AbaRouteValidator_07" time="0"/>
  <testcase name="testAbaNumberCheck_12665_good" classname="com.cardatechnologies.utils.validators.abaroutevalidator.Test_AbaRouteValidator_07" time="0"/>
  <testcase name="testAbaNumberCheck_13479_good" classname="com.cardatechnologies.utils.validators.abaroutevalidator.Test_AbaRouteValidator_07" time="0"/>
  <testcase name="testAbaNumberCheck_12539_good" classname="com.cardatechnologies.utils.validators.abaroutevalidator.Test_AbaRouteValidator_07" time="0"/>
  <testcase name="testAbaNumberCheck_13975_good" classname="com.cardatechnologies.utils.validators.abaroutevalidator.Test_AbaRouteValidator_07" time="0"/>
  <testcase name="testAbaNumberCheck_14789_good" classname="com.cardatechnologies.utils.validators.abaroutevalidator.Test_AbaRouteValidator_07" time="0"/>
  <testcase name="testAbaNumberCheck_13849_good" classname="com.cardatechnologies.utils.validators.abaroutevalidator.Test_AbaRouteValidator_07" time="0"/>
  <testcase name="testAbaNumberCheck_12909_good" classname="com.cardatechnologies.utils.validators.abaroutevalidator.Test_AbaRouteValidator_07" time="0"/>
  <testcase name="testAbaNumberCheck_12873_good" classname="com.cardatechnologies.utils.validators.abaroutevalidator.Test_AbaRouteValidator_07" time="0"/>
  <testcase name="testAbaNumberCheck_13687_good" classname="com.cardatechnologies.utils.validators.abaroutevalidator.Test_AbaRouteValidator_07" time="0"/>
  <testcase name="testAbaNumberCheck_12747_good" classname="com.cardatechnologies.utils.validators.abaroutevalidator.Test_AbaRouteValidator_07" time="0"/>
  <testcase name="testAbaNumberCheck_12585_good" classname="com.cardatechnologies.utils.validators.abaroutevalidator.Test_AbaRouteValidator_07" time="0"/>
  <testcase name="testAbaNumberCheck_13399_good" classname="com.cardatechnologies.utils.validators.abaroutevalidator.Test_AbaRouteValidator_07" time="0"/>
  <testcase name="testAbaNumberCheck_12459_good" classname="com.cardatechnologies.utils.validators.abaroutevalidator.Test_AbaRouteValidator_07" time="0"/>
  <testcase name="testAbaNumberCheck_14997_good" classname="com.cardatechnologies.utils.validators.abaroutevalidator.Test_AbaRouteValidator_07" time="0"/>
  <testcase name="testAbaNumberCheck_13895_good" classname="com.cardatechnologies.utils.validators.abaroutevalidator.Test_AbaRouteValidator_07" time="0"/>
  <testcase name="testAbaNumberCheck_12955_good" classname="com.cardatechnologies.utils.validators.abaroutevalidator.Test_AbaRouteValidator_07" time="0"/>
  <testcase name="testAbaNumberCheck_13769_good" classname="com.cardatechnologies.utils.validators.abaroutevalidator.Test_AbaRouteValidator_07" time="0"/>
  <testcase name="testAbaNumberCheck_12829_good" classname="com.cardatechnologies.utils.validators.abaroutevalidator.Test_AbaRouteValidator_07" time="0"/>
  <testcase name="testAbaNumberCheck_12793_good" classname="com.cardatechnologies.utils.validators.abaroutevalidator.Test_AbaRouteValidator_07" time="0"/>
  <testcase name="testAbaNumberCheck_12667_good" classname="com.cardatechnologies.utils.validators.abaroutevalidator.Test_AbaRouteValidator_07" time="0"/>
  <testcase name="testAbaNumberCheck_13977_good" classname="com.cardatechnologies.utils.validators.abaroutevalidator.Test_AbaRouteValidator_07" time="0"/>
  <testcase name="testAbaNumberCheck_12875_good" classname="com.cardatechnologies.utils.validators.abaroutevalidator.Test_AbaRouteValidator_07" time="0"/>
  <testcase name="testAbaNumberCheck_13689_good" classname="com.cardatechnologies.utils.validators.abaroutevalidator.Test_AbaRouteValidator_07" time="0"/>
  <testcase name="testAbaNumberCheck_12749_good" classname="com.cardatechnologies.utils.validators.abaroutevalidator.Test_AbaRouteValidator_07" time="0"/>
  <testcase name="testAbaNumberCheck_12587_good" classname="com.cardatechnologies.utils.validators.abaroutevalidator.Test_AbaRouteValidator_07" time="0"/>
  <testcase name="testAbaNumberCheck_14999_good" classname="com.cardatechnologies.utils.validators.abaroutevalidator.Test_AbaRouteValidator_07" time="0"/>
  <testcase name="testAbaNumberCheck_13897_good" classname="com.cardatechnologies.utils.validators.abaroutevalidator.Test_AbaRouteValidator_07" time="0"/>
  <testcase name="testAbaNumberCheck_12957_good" classname="com.cardatechnologies.utils.validators.abaroutevalidator.Test_AbaRouteValidator_07" time="0"/>
  <testcase name="testAbaNumberCheck_14000_bad" classname="com.cardatechnologies.utils.validators.abaroutevalidator.Test_AbaRouteValidator_07" time="0"/>
  <testcase name="testAbaNumberCheck_12795_good" classname="com.cardatechnologies.utils.validators.abaroutevalidator.Test_AbaRouteValidator_07" time="0"/>
  <testcase name="testAbaNumberCheck_14002_bad" classname="com.cardatechnologies.utils.validators.abaroutevalidator.Test_AbaRouteValidator_07" time="0"/>
  <testcase name="testAbaNumberCheck_14004_bad" classname="com.cardatechnologies.utils.validators.abaroutevalidator.Test_AbaRouteValidator_07" time="0"/>
  <testcase name="testAbaNumberCheck_12669_good" classname="com.cardatechnologies.utils.validators.abaroutevalidator.Test_AbaRouteValidator_07" time="0"/>
  <testcase name="testAbaNumberCheck_14006_bad" classname="com.cardatechnologies.utils.validators.abaroutevalidator.Test_AbaRouteValidator_07" time="0"/>
  <testcase name="testAbaNumberCheck_14008_bad" classname="com.cardatechnologies.utils.validators.abaroutevalidator.Test_AbaRouteValidator_07" time="0"/>
  <testcase name="testAbaNumberCheck_13979_good" classname="com.cardatechnologies.utils.validators.abaroutevalidator.Test_AbaRouteValidator_07" time="0"/>
  <testcase name="testAbaNumberCheck_12877_good" classname="com.cardatechnologies.utils.validators.abaroutevalidator.Test_AbaRouteValidator_07" time="0"/>
  <testcase name="testAbaNumberCheck_14010_bad" classname="com.cardatechnologies.utils.validators.abaroutevalidator.Test_AbaRouteValidator_07" time="0"/>
  <testcase name="testAbaNumberCheck_14012_bad" classname="com.cardatechnologies.utils.validators.abaroutevalidator.Test_AbaRouteValidator_07" time="0"/>
  <testcase name="testAbaNumberCheck_13200_bad" classname="com.cardatechnologies.utils.validators.abaroutevalidator.Test_AbaRouteValidator_07" time="0"/>
  <testcase name="testAbaNumberCheck_14014_bad" classname="com.cardatechnologies.utils.validators.abaroutevalidator.Test_AbaRouteValidator_07" time="0"/>
  <testcase name="testAbaNumberCheck_13202_bad" classname="com.cardatechnologies.utils.validators.abaroutevalidator.Test_AbaRouteValidator_07" time="0"/>
  <testcase name="testAbaNumberCheck_14016_bad" classname="com.cardatechnologies.utils.validators.abaroutevalidator.Test_AbaRouteValidator_07" time="0"/>
  <testcase name="testAbaNumberCheck_13204_bad" classname="com.cardatechnologies.utils.validators.abaroutevalidator.Test_AbaRouteValidator_07" time="0"/>
  <testcase name="testAbaNumberCheck_14018_bad" classname="com.cardatechnologies.utils.validators.abaroutevalidator.Test_AbaRouteValidator_07" time="0"/>
  <testcase name="testAbaNumberCheck_12589_good" classname="com.cardatechnologies.utils.validators.abaroutevalidator.Test_AbaRouteValidator_07" time="0"/>
  <testcase name="testAbaNumberCheck_13206_bad" classname="com.cardatechnologies.utils.validators.abaroutevalidator.Test_AbaRouteValidator_07" time="0"/>
  <testcase name="testAbaNumberCheck_13208_bad" classname="com.cardatechnologies.utils.validators.abaroutevalidator.Test_AbaRouteValidator_07" time="0"/>
  <testcase name="testAbaNumberCheck_13899_good" classname="com.cardatechnologies.utils.validators.abaroutevalidator.Test_AbaRouteValidator_07" time="0"/>
  <testcase name="testAbaNumberCheck_12959_good" classname="com.cardatechnologies.utils.validators.abaroutevalidator.Test_AbaRouteValidator_07" time="0"/>
  <testcase name="testAbaNumberCheck_14020_bad" classname="com.cardatechnologies.utils.validators.abaroutevalidator.Test_AbaRouteValidator_07" time="0"/>
  <testcase name="testAbaNumberCheck_12797_good" classname="com.cardatechnologies.utils.validators.abaroutevalidator.Test_AbaRouteValidator_07" time="0"/>
  <testcase name="testAbaNumberCheck_14022_bad" classname="com.cardatechnologies.utils.validators.abaroutevalidator.Test_AbaRouteValidator_07" time="0"/>
  <testcase name="testAbaNumberCheck_13210_bad" classname="com.cardatechnologies.utils.validators.abaroutevalidator.Test_AbaRouteValidator_07" time="0"/>
  <testcase name="testAbaNumberCheck_14024_bad" classname="com.cardatechnologies.utils.validators.abaroutevalidator.Test_AbaRouteValidator_07" time="0"/>
  <testcase name="testAbaNumberCheck_13212_bad" classname="com.cardatechnologies.utils.validators.abaroutevalidator.Test_AbaRouteValidator_07" time="0"/>
  <testcase name="testAbaNumberCheck_14026_bad" classname="com.cardatechnologies.utils.validators.abaroutevalidator.Test_AbaRouteValidator_07" time="0"/>
  <testcase name="testAbaNumberCheck_13214_bad" classname="com.cardatechnologies.utils.validators.abaroutevalidator.Test_AbaRouteValidator_07" time="0"/>
  <testcase name="testAbaNumberCheck_14028_bad" classname="com.cardatechnologies.utils.validators.abaroutevalidator.Test_AbaRouteValidator_07" time="0"/>
  <testcase name="testAbaNumberCheck_13216_bad" classname="com.cardatechnologies.utils.validators.abaroutevalidator.Test_AbaRouteValidator_07" time="0"/>
  <testcase name="testAbaNumberCheck_13218_bad" classname="com.cardatechnologies.utils.validators.abaroutevalidator.Test_AbaRouteValidator_07" time="0"/>
  <testcase name="testAbaNumberCheck_12879_good" classname="com.cardatechnologies.utils.validators.abaroutevalidator.Test_AbaRouteValidator_07" time="0"/>
  <testcase name="testAbaNumberCheck_14030_bad" classname="com.cardatechnologies.utils.validators.abaroutevalidator.Test_AbaRouteValidator_07" time="0"/>
  <testcase name="testAbaNumberCheck_14032_bad" classname="com.cardatechnologies.utils.validators.abaroutevalidator.Test_AbaRouteValidator_07" time="0"/>
  <testcase name="testAbaNumberCheck_13220_bad" classname="com.cardatechnologies.utils.validators.abaroutevalidator.Test_AbaRouteValidator_07" time="0"/>
  <testcase name="testAbaNumberCheck_14034_bad" classname="com.cardatechnologies.utils.validators.abaroutevalidator.Test_AbaRouteValidator_07" time="0"/>
  <testcase name="testAbaNumberCheck_13222_bad" classname="com.cardatechnologies.utils.validators.abaroutevalidator.Test_AbaRouteValidator_07" time="0"/>
  <testcase name="testAbaNumberCheck_14036_bad" classname="com.cardatechnologies.utils.validators.abaroutevalidator.Test_AbaRouteValidator_07" time="0"/>
  <testcase name="testAbaNumberCheck_13224_bad" classname="com.cardatechnologies.utils.validators.abaroutevalidator.Test_AbaRouteValidator_07" time="0"/>
  <testcase name="testAbaNumberCheck_14038_bad" classname="com.cardatechnologies.utils.validators.abaroutevalidator.Test_AbaRouteValidator_07" time="0"/>
  <testcase name="testAbaNumberCheck_13226_bad" classname="com.cardatechnologies.utils.validators.abaroutevalidator.Test_AbaRouteValidator_07" time="0"/>
  <testcase name="testAbaNumberCheck_13228_bad" classname="com.cardatechnologies.utils.validators.abaroutevalidator.Test_AbaRouteValidator_07" time="0"/>
  <testcase name="testAbaNumberCheck_14040_bad" classname="com.cardatechnologies.utils.validators.abaroutevalidator.Test_AbaRouteValidator_07" time="0"/>
  <testcase name="testAbaNumberCheck_12799_good" classname="com.cardatechnologies.utils.validators.abaroutevalidator.Test_AbaRouteValidator_07" time="0"/>
  <testcase name="testAbaNumberCheck_14042_bad" classname="com.cardatechnologies.utils.validators.abaroutevalidator.Test_AbaRouteValidator_07" time="0"/>
  <testcase name="testAbaNumberCheck_13230_bad" classname="com.cardatechnologies.utils.validators.abaroutevalidator.Test_AbaRouteValidator_07" time="0"/>
  <testcase name="testAbaNumberCheck_14044_bad" classname="com.cardatechnologies.utils.validators.abaroutevalidator.Test_AbaRouteValidator_07" time="0"/>
  <testcase name="testAbaNumberCheck_13232_bad" classname="com.cardatechnologies.utils.validators.abaroutevalidator.Test_AbaRouteValidator_07" time="0"/>
  <testcase name="testAbaNumberCheck_14046_bad" classname="com.cardatechnologies.utils.validators.abaroutevalidator.Test_AbaRouteValidator_07" time="0"/>
  <testcase name="testAbaNumberCheck_13234_bad" classname="com.cardatechnologies.utils.validators.abaroutevalidator.Test_AbaRouteValidator_07" time="0"/>
  <testcase name="testAbaNumberCheck_14048_bad" classname="com.cardatechnologies.utils.validators.abaroutevalidator.Test_AbaRouteValidator_07" time="0"/>
  <testcase name="testAbaNumberCheck_13236_bad" classname="com.cardatechnologies.utils.validators.abaroutevalidator.Test_AbaRouteValidator_07" time="0"/>
  <testcase name="testAbaNumberCheck_13238_bad" classname="com.cardatechnologies.utils.validators.abaroutevalidator.Test_AbaRouteValidator_07" time="0"/>
  <testcase name="testAbaNumberCheck_14500_bad" classname="com.cardatechnologies.utils.validators.abaroutevalidator.Test_AbaRouteValidator_07" time="0"/>
  <testcase name="testAbaNumberCheck_14050_bad" classname="com.cardatechnologies.utils.validators.abaroutevalidator.Test_AbaRouteValidator_07" time="0"/>
  <testcase name="testAbaNumberCheck_14502_bad" classname="com.cardatechnologies.utils.validators.abaroutevalidator.Test_AbaRouteValidator_07" time="0"/>
  <testcase name="testAbaNumberCheck_14052_bad" classname="com.cardatechnologies.utils.validators.abaroutevalidator.Test_AbaRouteValidator_07" time="0"/>
  <testcase name="testAbaNumberCheck_14504_bad" classname="com.cardatechnologies.utils.validators.abaroutevalidator.Test_AbaRouteValidator_07" time="0"/>
  <testcase name="testAbaNumberCheck_13240_bad" classname="com.cardatechnologies.utils.validators.abaroutevalidator.Test_AbaRouteValidator_07" time="0"/>
  <testcase name="testAbaNumberCheck_14054_bad" classname="com.cardatechnologies.utils.validators.abaroutevalidator.Test_AbaRouteValidator_07" time="0"/>
  <testcase name="testAbaNumberCheck_14506_bad" classname="com.cardatechnologies.utils.validators.abaroutevalidator.Test_AbaRouteValidator_07" time="0"/>
  <testcase name="testAbaNumberCheck_13242_bad" classname="com.cardatechnologies.utils.validators.abaroutevalidator.Test_AbaRouteValidator_07" time="0"/>
  <testcase name="testAbaNumberCheck_14056_bad" classname="com.cardatechnologies.utils.validators.abaroutevalidator.Test_AbaRouteValidator_07" time="0"/>
  <testcase name="testAbaNumberCheck_14508_bad" classname="com.cardatechnologies.utils.validators.abaroutevalidator.Test_AbaRouteValidator_07" time="0"/>
  <testcase name="testAbaNumberCheck_13244_bad" classname="com.cardatechnologies.utils.validators.abaroutevalidator.Test_AbaRouteValidator_07" time="0"/>
  <testcase name="testAbaNumberCheck_14058_bad" classname="com.cardatechnologies.utils.validators.abaroutevalidator.Test_AbaRouteValidator_07" time="0"/>
  <testcase name="testAbaNumberCheck_13246_bad" classname="com.cardatechnologies.utils.validators.abaroutevalidator.Test_AbaRouteValidator_07" time="0"/>
  <testcase name="testAbaNumberCheck_13248_bad" classname="com.cardatechnologies.utils.validators.abaroutevalidator.Test_AbaRouteValidator_07" time="0"/>
  <testcase name="testAbaNumberCheck_14510_bad" classname="com.cardatechnologies.utils.validators.abaroutevalidator.Test_AbaRouteValidator_07" time="0"/>
  <testcase name="testAbaNumberCheck_14060_bad" classname="com.cardatechnologies.utils.validators.abaroutevalidator.Test_AbaRouteValidator_07" time="0"/>
  <testcase name="testAbaNumberCheck_14512_bad" classname="com.cardatechnologies.utils.validators.abaroutevalidator.Test_AbaRouteValidator_07" time="0"/>
  <testcase name="testAbaNumberCheck_14062_bad" classname="com.cardatechnologies.utils.validators.abaroutevalidator.Test_AbaRouteValidator_07" time="0"/>
  <testcase name="testAbaNumberCheck_13700_bad" classname="com.cardatechnologies.utils.validators.abaroutevalidator.Test_AbaRouteValidator_07" time="0"/>
  <testcase name="testAbaNumberCheck_14514_bad" classname="com.cardatechnologies.utils.validators.abaroutevalidator.Test_AbaRouteValidator_07" time="0"/>
  <testcase name="testAbaNumberCheck_13250_bad" classname="com.cardatechnologies.utils.validators.abaroutevalidator.Test_AbaRouteValidator_07" time="0"/>
  <testcase name="testAbaNumberCheck_14064_bad" classname="com.cardatechnologies.utils.validators.abaroutevalidator.Test_AbaRouteValidator_07" time="0"/>
  <testcase name="testAbaNumberCheck_13702_bad" classname="com.cardatechnologies.utils.validators.abaroutevalidator.Test_AbaRouteValidator_07" time="0"/>
  <testcase name="testAbaNumberCheck_14516_bad" classname="com.cardatechnologies.utils.validators.abaroutevalidator.Test_AbaRouteValidator_07" time="0"/>
  <testcase name="testAbaNumberCheck_13252_bad" classname="com.cardatechnologies.utils.validators.abaroutevalidator.Test_AbaRouteValidator_07" time="0"/>
  <testcase name="testAbaNumberCheck_14066_bad" classname="com.cardatechnologies.utils.validators.abaroutevalidator.Test_AbaRouteValidator_07" time="0"/>
  <testcase name="testAbaNumberCheck_13704_bad" classname="com.cardatechnologies.utils.validators.abaroutevalidator.Test_AbaRouteValidator_07" time="0"/>
  <testcase name="testAbaNumberCheck_14518_bad" classname="com.cardatechnologies.utils.validators.abaroutevalidator.Test_AbaRouteValidator_07" time="0"/>
  <testcase name="testAbaNumberCheck_13254_bad" classname="com.cardatechnologies.utils.validators.abaroutevalidator.Test_AbaRouteValidator_07" time="0"/>
  <testcase name="testAbaNumberCheck_14068_bad" classname="com.cardatechnologies.utils.validators.abaroutevalidator.Test_AbaRouteValidator_07" time="0"/>
  <testcase name="testAbaNumberCheck_13706_bad" classname="com.cardatechnologies.utils.validators.abaroutevalidator.Test_AbaRouteValidator_07" time="0"/>
  <testcase name="testAbaNumberCheck_13256_bad" classname="com.cardatechnologies.utils.validators.abaroutevalidator.Test_AbaRouteValidator_07" time="0"/>
  <testcase name="testAbaNumberCheck_13708_bad" classname="com.cardatechnologies.utils.validators.abaroutevalidator.Test_AbaRouteValidator_07" time="0"/>
  <testcase name="testAbaNumberCheck_13258_bad" classname="com.cardatechnologies.utils.validators.abaroutevalidator.Test_AbaRouteValidator_07" time="0"/>
  <testcase name="testAbaNumberCheck_14111_good" classname="com.cardatechnologies.utils.validators.abaroutevalidator.Test_AbaRouteValidator_07" time="0"/>
  <testcase name="testAbaNumberCheck_14520_bad" classname="com.cardatechnologies.utils.validators.abaroutevalidator.Test_AbaRouteValidator_07" time="0"/>
  <testcase name="testAbaNumberCheck_14070_bad" classname="com.cardatechnologies.utils.validators.abaroutevalidator.Test_AbaRouteValidator_07" time="0"/>
  <testcase name="testAbaNumberCheck_14522_bad" classname="com.cardatechnologies.utils.validators.abaroutevalidator.Test_AbaRouteValidator_07" time="0"/>
  <testcase name="testAbaNumberCheck_14072_bad" classname="com.cardatechnologies.utils.validators.abaroutevalidator.Test_AbaRouteValidator_07" time="0"/>
  <testcase name="testAbaNumberCheck_13710_bad" classname="com.cardatechnologies.utils.validators.abaroutevalidator.Test_AbaRouteValidator_07" time="0"/>
  <testcase name="testAbaNumberCheck_14524_bad" classname="com.cardatechnologies.utils.validators.abaroutevalidator.Test_AbaRouteValidator_07" time="0"/>
  <testcase name="testAbaNumberCheck_13260_bad" classname="com.cardatechnologies.utils.validators.abaroutevalidator.Test_AbaRouteValidator_07" time="0"/>
  <testcase name="testAbaNumberCheck_14074_bad" classname="com.cardatechnologies.utils.validators.abaroutevalidator.Test_AbaRouteValidator_07" time="0"/>
  <testcase name="testAbaNumberCheck_13712_bad" classname="com.cardatechnologies.utils.validators.abaroutevalidator.Test_AbaRouteValidator_07" time="0"/>
  <testcase name="testAbaNumberCheck_14526_bad" classname="com.cardatechnologies.utils.validators.abaroutevalidator.Test_AbaRouteValidator_07" time="0"/>
  <testcase name="testAbaNumberCheck_13262_bad" classname="com.cardatechnologies.utils.validators.abaroutevalidator.Test_AbaRouteValidator_07" time="0"/>
  <testcase name="testAbaNumberCheck_14076_bad" classname="com.cardatechnologies.utils.validators.abaroutevalidator.Test_AbaRouteValidator_07" time="0"/>
  <testcase name="testAbaNumberCheck_12900_bad" classname="com.cardatechnologies.utils.validators.abaroutevalidator.Test_AbaRouteValidator_07" time="0"/>
  <testcase name="testAbaNumberCheck_13714_bad" classname="com.cardatechnologies.utils.validators.abaroutevalidator.Test_AbaRouteValidator_07" time="0"/>
  <testcase name="testAbaNumberCheck_14528_bad" classname="com.cardatechnologies.utils.validators.abaroutevalidator.Test_AbaRouteValidator_07" time="0"/>
  <testcase name="testAbaNumberCheck_12450_bad" classname="com.cardatechnologies.utils.validators.abaroutevalidator.Test_AbaRouteValidator_07" time="0"/>
  <testcase name="testAbaNumberCheck_13264_bad" classname="com.cardatechnologies.utils.validators.abaroutevalidator.Test_AbaRouteValidator_07" time="0"/>
  <testcase name="testAbaNumberCheck_14078_bad" classname="com.cardatechnologies.utils.validators.abaroutevalidator.Test_AbaRouteValidator_07" time="0"/>
  <testcase name="testAbaNumberCheck_12902_bad" classname="com.cardatechnologies.utils.validators.abaroutevalidator.Test_AbaRouteValidator_07" time="0"/>
  <testcase name="testAbaNumberCheck_13716_bad" classname="com.cardatechnologies.utils.validators.abaroutevalidator.Test_AbaRouteValidator_07" time="0"/>
  <testcase name="testAbaNumberCheck_12452_bad" classname="com.cardatechnologies.utils.validators.abaroutevalidator.Test_AbaRouteValidator_07" time="0"/>
  <testcase name="testAbaNumberCheck_13266_bad" classname="com.cardatechnologies.utils.validators.abaroutevalidator.Test_AbaRouteValidator_07" time="0"/>
  <testcase name="testAbaNumberCheck_12904_bad" classname="com.cardatechnologies.utils.validators.abaroutevalidator.Test_AbaRouteValidator_07" time="0"/>
  <testcase name="testAbaNumberCheck_13718_bad" classname="com.cardatechnologies.utils.validators.abaroutevalidator.Test_AbaRouteValidator_07" time="0"/>
  <testcase name="testAbaNumberCheck_12454_bad" classname="com.cardatechnologies.utils.validators.abaroutevalidator.Test_AbaRouteValidator_07" time="0"/>
  <testcase name="testAbaNumberCheck_13268_bad" classname="com.cardatechnologies.utils.validators.abaroutevalidator.Test_AbaRouteValidator_07" time="0"/>
  <testcase name="testAbaNumberCheck_12906_bad" classname="com.cardatechnologies.utils.validators.abaroutevalidator.Test_AbaRouteValidator_07" time="0"/>
  <testcase name="testAbaNumberCheck_12456_bad" classname="com.cardatechnologies.utils.validators.abaroutevalidator.Test_AbaRouteValidator_07" time="0"/>
  <testcase name="testAbaNumberCheck_12908_bad" classname="com.cardatechnologies.utils.validators.abaroutevalidator.Test_AbaRouteValidator_07" time="0"/>
  <testcase name="testAbaNumberCheck_12458_bad" classname="com.cardatechnologies.utils.validators.abaroutevalidator.Test_AbaRouteValidator_07" time="0"/>
  <testcase name="testAbaNumberCheck_14031_good" classname="com.cardatechnologies.utils.validators.abaroutevalidator.Test_AbaRouteValidator_07" time="0"/>
  <testcase name="testAbaNumberCheck_14530_bad" classname="com.cardatechnologies.utils.validators.abaroutevalidator.Test_AbaRouteValidator_07" time="0"/>
  <testcase name="testAbaNumberCheck_14080_bad" classname="com.cardatechnologies.utils.validators.abaroutevalidator.Test_AbaRouteValidator_07" time="0"/>
  <testcase name="testAbaNumberCheck_14532_bad" classname="com.cardatechnologies.utils.validators.abaroutevalidator.Test_AbaRouteValidator_07" time="0"/>
  <testcase name="testAbaNumberCheck_14082_bad" classname="com.cardatechnologies.utils.validators.abaroutevalidator.Test_AbaRouteValidator_07" time="0"/>
  <testcase name="testAbaNumberCheck_13720_bad" classname="com.cardatechnologies.utils.validators.abaroutevalidator.Test_AbaRouteValidator_07" time="0"/>
  <testcase name="testAbaNumberCheck_14534_bad" classname="com.cardatechnologies.utils.validators.abaroutevalidator.Test_AbaRouteValidator_07" time="0"/>
  <testcase name="testAbaNumberCheck_13270_bad" classname="com.cardatechnologies.utils.validators.abaroutevalidator.Test_AbaRouteValidator_07" time="0"/>
  <testcase name="testAbaNumberCheck_14084_bad" classname="com.cardatechnologies.utils.validators.abaroutevalidator.Test_AbaRouteValidator_07" time="0"/>
  <testcase name="testAbaNumberCheck_13722_bad" classname="com.cardatechnologies.utils.validators.abaroutevalidator.Test_AbaRouteValidator_07" time="0"/>
  <testcase name="testAbaNumberCheck_14536_bad" classname="com.cardatechnologies.utils.validators.abaroutevalidator.Test_AbaRouteValidator_07" time="0"/>
  <testcase name="testAbaNumberCheck_13272_bad" classname="com.cardatechnologies.utils.validators.abaroutevalidator.Test_AbaRouteValidator_07" time="0"/>
  <testcase name="testAbaNumberCheck_14086_bad" classname="com.cardatechnologies.utils.validators.abaroutevalidator.Test_AbaRouteValidator_07" time="0"/>
  <testcase name="testAbaNumberCheck_14401_good" classname="com.cardatechnologies.utils.validators.abaroutevalidator.Test_AbaRouteValidator_07" time="0"/>
  <testcase name="testAbaNumberCheck_12910_bad" classname="com.cardatechnologies.utils.validators.abaroutevalidator.Test_AbaRouteValidator_07" time="0"/>
  <testcase name="testAbaNumberCheck_13724_bad" classname="com.cardatechnologies.utils.validators.abaroutevalidator.Test_AbaRouteValidator_07" time="0"/>
  <testcase name="testAbaNumberCheck_14538_bad" classname="com.cardatechnologies.utils.validators.abaroutevalidator.Test_AbaRouteValidator_07" time="0"/>
  <testcase name="testAbaNumberCheck_12460_bad" classname="com.cardatechnologies.utils.validators.abaroutevalidator.Test_AbaRouteValidator_07" time="0"/>
  <testcase name="testAbaNumberCheck_13274_bad" classname="com.cardatechnologies.utils.validators.abaroutevalidator.Test_AbaRouteValidator_07" time="0"/>
  <testcase name="testAbaNumberCheck_14088_bad" classname="com.cardatechnologies.utils.validators.abaroutevalidator.Test_AbaRouteValidator_07" time="0"/>
  <testcase name="testAbaNumberCheck_12912_bad" classname="com.cardatechnologies.utils.validators.abaroutevalidator.Test_AbaRouteValidator_07" time="0"/>
  <testcase name="testAbaNumberCheck_13726_bad" classname="com.cardatechnologies.utils.validators.abaroutevalidator.Test_AbaRouteValidator_07" time="0"/>
  <testcase name="testAbaNumberCheck_12462_bad" classname="com.cardatechnologies.utils.validators.abaroutevalidator.Test_AbaRouteValidator_07" time="0"/>
  <testcase name="testAbaNumberCheck_13276_bad" classname="com.cardatechnologies.utils.validators.abaroutevalidator.Test_AbaRouteValidator_07" time="0"/>
  <testcase name="testAbaNumberCheck_12914_bad" classname="com.cardatechnologies.utils.validators.abaroutevalidator.Test_AbaRouteValidator_07" time="0"/>
  <testcase name="testAbaNumberCheck_13728_bad" classname="com.cardatechnologies.utils.validators.abaroutevalidator.Test_AbaRouteValidator_07" time="0"/>
  <testcase name="testAbaNumberCheck_12464_bad" classname="com.cardatechnologies.utils.validators.abaroutevalidator.Test_AbaRouteValidator_07" time="0"/>
  <testcase name="testAbaNumberCheck_13278_bad" classname="com.cardatechnologies.utils.validators.abaroutevalidator.Test_AbaRouteValidator_07" time="0"/>
  <testcase name="testAbaNumberCheck_12916_bad" classname="com.cardatechnologies.utils.validators.abaroutevalidator.Test_AbaRouteValidator_07" time="0"/>
  <testcase name="testAbaNumberCheck_12466_bad" classname="com.cardatechnologies.utils.validators.abaroutevalidator.Test_AbaRouteValidator_07" time="0"/>
  <testcase name="testAbaNumberCheck_12918_bad" classname="com.cardatechnologies.utils.validators.abaroutevalidator.Test_AbaRouteValidator_07" time="0"/>
  <testcase name="testAbaNumberCheck_12468_bad" classname="com.cardatechnologies.utils.validators.abaroutevalidator.Test_AbaRouteValidator_07" time="0"/>
  <testcase name="testAbaNumberCheck_14113_good" classname="com.cardatechnologies.utils.validators.abaroutevalidator.Test_AbaRouteValidator_07" time="0"/>
  <testcase name="testAbaNumberCheck_13011_good" classname="com.cardatechnologies.utils.validators.abaroutevalidator.Test_AbaRouteValidator_07" time="0"/>
  <testcase name="testAbaNumberCheck_14540_bad" classname="com.cardatechnologies.utils.validators.abaroutevalidator.Test_AbaRouteValidator_07" time="0"/>
  <testcase name="testAbaNumberCheck_14090_bad" classname="com.cardatechnologies.utils.validators.abaroutevalidator.Test_AbaRouteValidator_07" time="0"/>
  <testcase name="testAbaNumberCheck_14542_bad" classname="com.cardatechnologies.utils.validators.abaroutevalidator.Test_AbaRouteValidator_07" time="0"/>
  <testcase name="testAbaNumberCheck_14092_bad" classname="com.cardatechnologies.utils.validators.abaroutevalidator.Test_AbaRouteValidator_07" time="0"/>
  <testcase name="testAbaNumberCheck_13730_bad" classname="com.cardatechnologies.utils.validators.abaroutevalidator.Test_AbaRouteValidator_07" time="0"/>
  <testcase name="testAbaNumberCheck_14544_bad" classname="com.cardatechnologies.utils.validators.abaroutevalidator.Test_AbaRouteValidator_07" time="0"/>
  <testcase name="testAbaNumberCheck_13280_bad" classname="com.cardatechnologies.utils.validators.abaroutevalidator.Test_AbaRouteValidator_07" time="0"/>
  <testcase name="testAbaNumberCheck_14094_bad" classname="com.cardatechnologies.utils.validators.abaroutevalidator.Test_AbaRouteValidator_07" time="0"/>
  <testcase name="testAbaNumberCheck_13732_bad" classname="com.cardatechnologies.utils.validators.abaroutevalidator.Test_AbaRouteValidator_07" time="0"/>
  <testcase name="testAbaNumberCheck_14546_bad" classname="com.cardatechnologies.utils.validators.abaroutevalidator.Test_AbaRouteValidator_07" time="0"/>
  <testcase name="testAbaNumberCheck_13282_bad" classname="com.cardatechnologies.utils.validators.abaroutevalidator.Test_AbaRouteValidator_07" time="0"/>
  <testcase name="testAbaNumberCheck_14096_bad" classname="com.cardatechnologies.utils.validators.abaroutevalidator.Test_AbaRouteValidator_07" time="0"/>
  <testcase name="testAbaNumberCheck_12920_bad" classname="com.cardatechnologies.utils.validators.abaroutevalidator.Test_AbaRouteValidator_07" time="0"/>
  <testcase name="testAbaNumberCheck_13734_bad" classname="com.cardatechnologies.utils.validators.abaroutevalidator.Test_AbaRouteValidator_07" time="0"/>
  <testcase name="testAbaNumberCheck_14548_bad" classname="com.cardatechnologies.utils.validators.abaroutevalidator.Test_AbaRouteValidator_07" time="0"/>
  <testcase name="testAbaNumberCheck_12470_bad" classname="com.cardatechnologies.utils.validators.abaroutevalidator.Test_AbaRouteValidator_07" time="0"/>
  <testcase name="testAbaNumberCheck_13284_bad" classname="com.cardatechnologies.utils.validators.abaroutevalidator.Test_AbaRouteValidator_07" time="0"/>
  <testcase name="testAbaNumberCheck_14098_bad" classname="com.cardatechnologies.utils.validators.abaroutevalidator.Test_AbaRouteValidator_07" time="0"/>
  <testcase name="testAbaNumberCheck_12922_bad" classname="com.cardatechnologies.utils.validators.abaroutevalidator.Test_AbaRouteValidator_07" time="0"/>
  <testcase name="testAbaNumberCheck_13736_bad" classname="com.cardatechnologies.utils.validators.abaroutevalidator.Test_AbaRouteValidator_07" time="0"/>
  <testcase name="testAbaNumberCheck_12472_bad" classname="com.cardatechnologies.utils.validators.abaroutevalidator.Test_AbaRouteValidator_07" time="0"/>
  <testcase name="testAbaNumberCheck_13286_bad" classname="com.cardatechnologies.utils.validators.abaroutevalidator.Test_AbaRouteValidator_07" time="0"/>
  <testcase name="testAbaNumberCheck_14321_good" classname="com.cardatechnologies.utils.validators.abaroutevalidator.Test_AbaRouteValidator_07" time="0"/>
  <testcase name="testAbaNumberCheck_12924_bad" classname="com.cardatechnologies.utils.validators.abaroutevalidator.Test_AbaRouteValidator_07" time="0"/>
  <testcase name="testAbaNumberCheck_13738_bad" classname="com.cardatechnologies.utils.validators.abaroutevalidator.Test_AbaRouteValidator_07" time="0"/>
  <testcase name="testAbaNumberCheck_12474_bad" classname="com.cardatechnologies.utils.validators.abaroutevalidator.Test_AbaRouteValidator_07" time="0"/>
  <testcase name="testAbaNumberCheck_13288_bad" classname="com.cardatechnologies.utils.validators.abaroutevalidator.Test_AbaRouteValidator_07" time="0"/>
  <testcase name="testAbaNumberCheck_12926_bad" classname="com.cardatechnologies.utils.validators.abaroutevalidator.Test_AbaRouteValidator_07" time="0"/>
  <testcase name="testAbaNumberCheck_12476_bad" classname="com.cardatechnologies.utils.validators.abaroutevalidator.Test_AbaRouteValidator_07" time="0"/>
  <testcase name="testAbaNumberCheck_12928_bad" classname="com.cardatechnologies.utils.validators.abaroutevalidator.Test_AbaRouteValidator_07" time="0.001"/>
  <testcase name="testAbaNumberCheck_12478_bad" classname="com.cardatechnologies.utils.validators.abaroutevalidator.Test_AbaRouteValidator_07" time="0"/>
  <testcase name="testAbaNumberCheck_14033_good" classname="com.cardatechnologies.utils.validators.abaroutevalidator.Test_AbaRouteValidator_07" time="0"/>
  <testcase name="testAbaNumberCheck_14550_bad" classname="com.cardatechnologies.utils.validators.abaroutevalidator.Test_AbaRouteValidator_07" time="0"/>
  <testcase name="testAbaNumberCheck_14552_bad" classname="com.cardatechnologies.utils.validators.abaroutevalidator.Test_AbaRouteValidator_07" time="0"/>
  <testcase name="testAbaNumberCheck_13740_bad" classname="com.cardatechnologies.utils.validators.abaroutevalidator.Test_AbaRouteValidator_07" time="0"/>
  <testcase name="testAbaNumberCheck_14554_bad" classname="com.cardatechnologies.utils.validators.abaroutevalidator.Test_AbaRouteValidator_07" time="0"/>
  <testcase name="testAbaNumberCheck_13290_bad" classname="com.cardatechnologies.utils.validators.abaroutevalidator.Test_AbaRouteValidator_07" time="0"/>
  <testcase name="testAbaNumberCheck_13742_bad" classname="com.cardatechnologies.utils.validators.abaroutevalidator.Test_AbaRouteValidator_07" time="0"/>
  <testcase name="testAbaNumberCheck_14556_bad" classname="com.cardatechnologies.utils.validators.abaroutevalidator.Test_AbaRouteValidator_07" time="0"/>
  <testcase name="testAbaNumberCheck_13292_bad" classname="com.cardatechnologies.utils.validators.abaroutevalidator.Test_AbaRouteValidator_07" time="0"/>
  <testcase name="testAbaNumberCheck_14403_good" classname="com.cardatechnologies.utils.validators.abaroutevalidator.Test_AbaRouteValidator_07" time="0"/>
  <testcase name="testAbaNumberCheck_12930_bad" classname="com.cardatechnologies.utils.validators.abaroutevalidator.Test_AbaRouteValidator_07" time="0"/>
  <testcase name="testAbaNumberCheck_13744_bad" classname="com.cardatechnologies.utils.validators.abaroutevalidator.Test_AbaRouteValidator_07" time="0"/>
  <testcase name="testAbaNumberCheck_14558_bad" classname="com.cardatechnologies.utils.validators.abaroutevalidator.Test_AbaRouteValidator_07" time="0"/>
  <testcase name="testAbaNumberCheck_12480_bad" classname="com.cardatechnologies.utils.validators.abaroutevalidator.Test_AbaRouteValidator_07" time="0"/>
  <testcase name="testAbaNumberCheck_13294_bad" classname="com.cardatechnologies.utils.validators.abaroutevalidator.Test_AbaRouteValidator_07" time="0"/>
  <testcase name="testAbaNumberCheck_12932_bad" classname="com.cardatechnologies.utils.validators.abaroutevalidator.Test_AbaRouteValidator_07" time="0"/>
  <testcase name="testAbaNumberCheck_13746_bad" classname="com.cardatechnologies.utils.validators.abaroutevalidator.Test_AbaRouteValidator_07" time="0"/>
  <testcase name="testAbaNumberCheck_12482_bad" classname="com.cardatechnologies.utils.validators.abaroutevalidator.Test_AbaRouteValidator_07" time="0"/>
  <testcase name="testAbaNumberCheck_13296_bad" classname="com.cardatechnologies.utils.validators.abaroutevalidator.Test_AbaRouteValidator_07" time="0"/>
  <testcase name="testAbaNumberCheck_12934_bad" classname="com.cardatechnologies.utils.validators.abaroutevalidator.Test_AbaRouteValidator_07" time="0"/>
  <testcase name="testAbaNumberCheck_13748_bad" classname="com.cardatechnologies.utils.validators.abaroutevalidator.Test_AbaRouteValidator_07" time="0"/>
  <testcase name="testAbaNumberCheck_12484_bad" classname="com.cardatechnologies.utils.validators.abaroutevalidator.Test_AbaRouteValidator_07" time="0"/>
  <testcase name="testAbaNumberCheck_13298_bad" classname="com.cardatechnologies.utils.validators.abaroutevalidator.Test_AbaRouteValidator_07" time="0"/>
  <testcase name="testAbaNumberCheck_12936_bad" classname="com.cardatechnologies.utils.validators.abaroutevalidator.Test_AbaRouteValidator_07" time="0"/>
  <testcase name="testAbaNumberCheck_12486_bad" classname="com.cardatechnologies.utils.validators.abaroutevalidator.Test_AbaRouteValidator_07" time="0"/>
  <testcase name="testAbaNumberCheck_14241_good" classname="com.cardatechnologies.utils.validators.abaroutevalidator.Test_AbaRouteValidator_07" time="0"/>
  <testcase name="testAbaNumberCheck_13301_good" classname="com.cardatechnologies.utils.validators.abaroutevalidator.Test_AbaRouteValidator_07" time="0"/>
  <testcase name="testAbaNumberCheck_12938_bad" classname="com.cardatechnologies.utils.validators.abaroutevalidator.Test_AbaRouteValidator_07" time="0"/>
  <testcase name="testAbaNumberCheck_12488_bad" classname="com.cardatechnologies.utils.validators.abaroutevalidator.Test_AbaRouteValidator_07" time="0"/>
  <testcase name="testAbaNumberCheck_14115_good" classname="com.cardatechnologies.utils.validators.abaroutevalidator.Test_AbaRouteValidator_07" time="0"/>
  <testcase name="testAbaNumberCheck_13013_good" classname="com.cardatechnologies.utils.validators.abaroutevalidator.Test_AbaRouteValidator_07" time="0"/>
  <testcase name="testAbaNumberCheck_14611_good" classname="com.cardatechnologies.utils.validators.abaroutevalidator.Test_AbaRouteValidator_07" time="0"/>
  <testcase name="testAbaNumberCheck_14560_bad" classname="com.cardatechnologies.utils.validators.abaroutevalidator.Test_AbaRouteValidator_07" time="0"/>
  <testcase name="testAbaNumberCheck_14562_bad" classname="com.cardatechnologies.utils.validators.abaroutevalidator.Test_AbaRouteValidator_07" time="0"/>
  <testcase name="testAbaNumberCheck_13750_bad" classname="com.cardatechnologies.utils.validators.abaroutevalidator.Test_AbaRouteValidator_07" time="0"/>
  <testcase name="testAbaNumberCheck_14564_bad" classname="com.cardatechnologies.utils.validators.abaroutevalidator.Test_AbaRouteValidator_07" time="0"/>
  <testcase name="testAbaNumberCheck_13752_bad" classname="com.cardatechnologies.utils.validators.abaroutevalidator.Test_AbaRouteValidator_07" time="0"/>
  <testcase name="testAbaNumberCheck_14566_bad" classname="com.cardatechnologies.utils.validators.abaroutevalidator.Test_AbaRouteValidator_07" time="0"/>
  <testcase name="testAbaNumberCheck_12940_bad" classname="com.cardatechnologies.utils.validators.abaroutevalidator.Test_AbaRouteValidator_07" time="0"/>
  <testcase name="testAbaNumberCheck_13754_bad" classname="com.cardatechnologies.utils.validators.abaroutevalidator.Test_AbaRouteValidator_07" time="0"/>
  <testcase name="testAbaNumberCheck_14568_bad" classname="com.cardatechnologies.utils.validators.abaroutevalidator.Test_AbaRouteValidator_07" time="0"/>
  <testcase name="testAbaNumberCheck_12490_bad" classname="com.cardatechnologies.utils.validators.abaroutevalidator.Test_AbaRouteValidator_07" time="0"/>
  <testcase name="testAbaNumberCheck_12942_bad" classname="com.cardatechnologies.utils.validators.abaroutevalidator.Test_AbaRouteValidator_07" time="0"/>
  <testcase name="testAbaNumberCheck_13756_bad" classname="com.cardatechnologies.utils.validators.abaroutevalidator.Test_AbaRouteValidator_07" time="0"/>
  <testcase name="testAbaNumberCheck_12492_bad" classname="com.cardatechnologies.utils.validators.abaroutevalidator.Test_AbaRouteValidator_07" time="0"/>
  <testcase name="testAbaNumberCheck_14323_good" classname="com.cardatechnologies.utils.validators.abaroutevalidator.Test_AbaRouteValidator_07" time="0"/>
  <testcase name="testAbaNumberCheck_12944_bad" classname="com.cardatechnologies.utils.validators.abaroutevalidator.Test_AbaRouteValidator_07" time="0"/>
  <testcase name="testAbaNumberCheck_13758_bad" classname="com.cardatechnologies.utils.validators.abaroutevalidator.Test_AbaRouteValidator_07" time="0"/>
  <testcase name="testAbaNumberCheck_12494_bad" classname="com.cardatechnologies.utils.validators.abaroutevalidator.Test_AbaRouteValidator_07" time="0"/>
  <testcase name="testAbaNumberCheck_12946_bad" classname="com.cardatechnologies.utils.validators.abaroutevalidator.Test_AbaRouteValidator_07" time="0"/>
  <testcase name="testAbaNumberCheck_12496_bad" classname="com.cardatechnologies.utils.validators.abaroutevalidator.Test_AbaRouteValidator_07" time="0"/>
  <testcase name="testAbaNumberCheck_12948_bad" classname="com.cardatechnologies.utils.validators.abaroutevalidator.Test_AbaRouteValidator_07" time="0"/>
  <testcase name="testAbaNumberCheck_12498_bad" classname="com.cardatechnologies.utils.validators.abaroutevalidator.Test_AbaRouteValidator_07" time="0"/>
  <testcase name="testAbaNumberCheck_14161_good" classname="com.cardatechnologies.utils.validators.abaroutevalidator.Test_AbaRouteValidator_07" time="0"/>
  <testcase name="testAbaNumberCheck_13221_good" classname="com.cardatechnologies.utils.validators.abaroutevalidator.Test_AbaRouteValidator_07" time="0"/>
  <testcase name="testAbaNumberCheck_14035_good" classname="com.cardatechnologies.utils.validators.abaroutevalidator.Test_AbaRouteValidator_07" time="0"/>
  <testcase name="testAbaNumberCheck_14570_bad" classname="com.cardatechnologies.utils.validators.abaroutevalidator.Test_AbaRouteValidator_07" time="0"/>
  <testcase name="testAbaNumberCheck_14572_bad" classname="com.cardatechnologies.utils.validators.abaroutevalidator.Test_AbaRouteValidator_07" time="0"/>
  <testcase name="testAbaNumberCheck_14531_good" classname="com.cardatechnologies.utils.validators.abaroutevalidator.Test_AbaRouteValidator_07" time="0"/>
  <testcase name="testAbaNumberCheck_13760_bad" classname="com.cardatechnologies.utils.validators.abaroutevalidator.Test_AbaRouteValidator_07" time="0"/>
  <testcase name="testAbaNumberCheck_14574_bad" classname="com.cardatechnologies.utils.validators.abaroutevalidator.Test_AbaRouteValidator_07" time="0"/>
  <testcase name="testAbaNumberCheck_13762_bad" classname="com.cardatechnologies.utils.validators.abaroutevalidator.Test_AbaRouteValidator_07" time="0"/>
  <testcase name="testAbaNumberCheck_14576_bad" classname="com.cardatechnologies.utils.validators.abaroutevalidator.Test_AbaRouteValidator_07" time="0"/>
  <testcase name="testAbaNumberCheck_14405_good" classname="com.cardatechnologies.utils.validators.abaroutevalidator.Test_AbaRouteValidator_07" time="0"/>
  <testcase name="testAbaNumberCheck_12950_bad" classname="com.cardatechnologies.utils.validators.abaroutevalidator.Test_AbaRouteValidator_07" time="0"/>
  <testcase name="testAbaNumberCheck_13764_bad" classname="com.cardatechnologies.utils.validators.abaroutevalidator.Test_AbaRouteValidator_07" time="0"/>
  <testcase name="testAbaNumberCheck_14578_bad" classname="com.cardatechnologies.utils.validators.abaroutevalidator.Test_AbaRouteValidator_07" time="0"/>
  <testcase name="testAbaNumberCheck_12952_bad" classname="com.cardatechnologies.utils.validators.abaroutevalidator.Test_AbaRouteValidator_07" time="0"/>
  <testcase name="testAbaNumberCheck_13766_bad" classname="com.cardatechnologies.utils.validators.abaroutevalidator.Test_AbaRouteValidator_07" time="0"/>
  <testcase name="testAbaNumberCheck_12954_bad" classname="com.cardatechnologies.utils.validators.abaroutevalidator.Test_AbaRouteValidator_07" time="0"/>
  <testcase name="testAbaNumberCheck_13768_bad" classname="com.cardatechnologies.utils.validators.abaroutevalidator.Test_AbaRouteValidator_07" time="0"/>
  <testcase name="testAbaNumberCheck_12956_bad" classname="com.cardatechnologies.utils.validators.abaroutevalidator.Test_AbaRouteValidator_07" time="0"/>
  <testcase name="testAbaNumberCheck_14243_good" classname="com.cardatechnologies.utils.validators.abaroutevalidator.Test_AbaRouteValidator_07" time="0"/>
  <testcase name="testAbaNumberCheck_13303_good" classname="com.cardatechnologies.utils.validators.abaroutevalidator.Test_AbaRouteValidator_07" time="0"/>
  <testcase name="testAbaNumberCheck_12958_bad" classname="com.cardatechnologies.utils.validators.abaroutevalidator.Test_AbaRouteValidator_07" time="0"/>
  <testcase name="testAbaNumberCheck_14901_good" classname="com.cardatechnologies.utils.validators.abaroutevalidator.Test_AbaRouteValidator_07" time="0"/>
  <testcase name="testAbaNumberCheck_14117_good" classname="com.cardatechnologies.utils.validators.abaroutevalidator.Test_AbaRouteValidator_07" time="0"/>
  <testcase name="testAbaNumberCheck_14081_good" classname="com.cardatechnologies.utils.validators.abaroutevalidator.Test_AbaRouteValidator_07" time="0"/>
  <testcase name="testAbaNumberCheck_13141_good" classname="com.cardatechnologies.utils.validators.abaroutevalidator.Test_AbaRouteValidator_07" time="0"/>
  <testcase name="testAbaNumberCheck_13015_good" classname="com.cardatechnologies.utils.validators.abaroutevalidator.Test_AbaRouteValidator_07" time="0"/>
  <testcase name="testAbaNumberCheck_14613_good" classname="com.cardatechnologies.utils.validators.abaroutevalidator.Test_AbaRouteValidator_07" time="0"/>
  <testcase name="testAbaNumberCheck_14580_bad" classname="com.cardatechnologies.utils.validators.abaroutevalidator.Test_AbaRouteValidator_07" time="0"/>
  <testcase name="testAbaNumberCheck_14582_bad" classname="com.cardatechnologies.utils.validators.abaroutevalidator.Test_AbaRouteValidator_07" time="0"/>
  <testcase name="testAbaNumberCheck_13770_bad" classname="com.cardatechnologies.utils.validators.abaroutevalidator.Test_AbaRouteValidator_07" time="0"/>
  <testcase name="testAbaNumberCheck_14584_bad" classname="com.cardatechnologies.utils.validators.abaroutevalidator.Test_AbaRouteValidator_07" time="0"/>
  <testcase name="testAbaNumberCheck_13772_bad" classname="com.cardatechnologies.utils.validators.abaroutevalidator.Test_AbaRouteValidator_07" time="0"/>
  <testcase name="testAbaNumberCheck_14586_bad" classname="com.cardatechnologies.utils.validators.abaroutevalidator.Test_AbaRouteValidator_07" time="0"/>
  <testcase name="testAbaNumberCheck_14451_good" classname="com.cardatechnologies.utils.validators.abaroutevalidator.Test_AbaRouteValidator_07" time="0"/>
  <testcase name="testAbaNumberCheck_13511_good" classname="com.cardatechnologies.utils.validators.abaroutevalidator.Test_AbaRouteValidator_07" time="0"/>
  <testcase name="testAbaNumberCheck_12960_bad" classname="com.cardatechnologies.utils.validators.abaroutevalidator.Test_AbaRouteValidator_07" time="0"/>
  <testcase name="testAbaNumberCheck_13774_bad" classname="com.cardatechnologies.utils.validators.abaroutevalidator.Test_AbaRouteValidator_07" time="0"/>
  <testcase name="testAbaNumberCheck_14588_bad" classname="com.cardatechnologies.utils.validators.abaroutevalidator.Test_AbaRouteValidator_07" time="0"/>
  <testcase name="testAbaNumberCheck_12962_bad" classname="com.cardatechnologies.utils.validators.abaroutevalidator.Test_AbaRouteValidator_07" time="0"/>
  <testcase name="testAbaNumberCheck_13776_bad" classname="com.cardatechnologies.utils.validators.abaroutevalidator.Test_AbaRouteValidator_07" time="0"/>
  <testcase name="testAbaNumberCheck_14325_good" classname="com.cardatechnologies.utils.validators.abaroutevalidator.Test_AbaRouteValidator_07" time="0"/>
  <testcase name="testAbaNumberCheck_12964_bad" classname="com.cardatechnologies.utils.validators.abaroutevalidator.Test_AbaRouteValidator_07" time="0"/>
  <testcase name="testAbaNumberCheck_13778_bad" classname="com.cardatechnologies.utils.validators.abaroutevalidator.Test_AbaRouteValidator_07" time="0"/>
  <testcase name="testAbaNumberCheck_12966_bad" classname="com.cardatechnologies.utils.validators.abaroutevalidator.Test_AbaRouteValidator_07" time="0"/>
  <testcase name="testAbaNumberCheck_12968_bad" classname="com.cardatechnologies.utils.validators.abaroutevalidator.Test_AbaRouteValidator_07" time="0"/>
  <testcase name="testAbaNumberCheck_14163_good" classname="com.cardatechnologies.utils.validators.abaroutevalidator.Test_AbaRouteValidator_07" time="0"/>
  <testcase name="testAbaNumberCheck_13223_good" classname="com.cardatechnologies.utils.validators.abaroutevalidator.Test_AbaRouteValidator_07" time="0"/>
  <testcase name="testAbaNumberCheck_14821_good" classname="com.cardatechnologies.utils.validators.abaroutevalidator.Test_AbaRouteValidator_07" time="0"/>
  <testcase name="testAbaNumberCheck_14037_good" classname="com.cardatechnologies.utils.validators.abaroutevalidator.Test_AbaRouteValidator_07" time="0"/>
  <testcase name="testAbaNumberCheck_13061_good" classname="com.cardatechnologies.utils.validators.abaroutevalidator.Test_AbaRouteValidator_07" time="0"/>
  <testcase name="testAbaNumberCheck_14590_bad" classname="com.cardatechnologies.utils.validators.abaroutevalidator.Test_AbaRouteValidator_07" time="0"/>
  <testcase name="testAbaNumberCheck_14592_bad" classname="com.cardatechnologies.utils.validators.abaroutevalidator.Test_AbaRouteValidator_07" time="0"/>
  <testcase name="testAbaNumberCheck_14533_good" classname="com.cardatechnologies.utils.validators.abaroutevalidator.Test_AbaRouteValidator_07" time="0"/>
  <testcase name="testAbaNumberCheck_13780_bad" classname="com.cardatechnologies.utils.validators.abaroutevalidator.Test_AbaRouteValidator_07" time="0"/>
  <testcase name="testAbaNumberCheck_14594_bad" classname="com.cardatechnologies.utils.validators.abaroutevalidator.Test_AbaRouteValidator_07" time="0"/>
  <testcase name="testAbaNumberCheck_13782_bad" classname="com.cardatechnologies.utils.validators.abaroutevalidator.Test_AbaRouteValidator_07" time="0"/>
  <testcase name="testAbaNumberCheck_14596_bad" classname="com.cardatechnologies.utils.validators.abaroutevalidator.Test_AbaRouteValidator_07" time="0"/>
  <testcase name="testAbaNumberCheck_14407_good" classname="com.cardatechnologies.utils.validators.abaroutevalidator.Test_AbaRouteValidator_07" time="0"/>
  <testcase name="testAbaNumberCheck_12970_bad" classname="com.cardatechnologies.utils.validators.abaroutevalidator.Test_AbaRouteValidator_07" time="0"/>
  <testcase name="testAbaNumberCheck_13784_bad" classname="com.cardatechnologies.utils.validators.abaroutevalidator.Test_AbaRouteValidator_07" time="0"/>
  <testcase name="testAbaNumberCheck_14598_bad" classname="com.cardatechnologies.utils.validators.abaroutevalidator.Test_AbaRouteValidator_07" time="0"/>
  <testcase name="testAbaNumberCheck_12972_bad" classname="com.cardatechnologies.utils.validators.abaroutevalidator.Test_AbaRouteValidator_07" time="0"/>
  <testcase name="testAbaNumberCheck_13786_bad" classname="com.cardatechnologies.utils.validators.abaroutevalidator.Test_AbaRouteValidator_07" time="0"/>
  <testcase name="testAbaNumberCheck_14371_good" classname="com.cardatechnologies.utils.validators.abaroutevalidator.Test_AbaRouteValidator_07" time="0"/>
  <testcase name="testAbaNumberCheck_13431_good" classname="com.cardatechnologies.utils.validators.abaroutevalidator.Test_AbaRouteValidator_07" time="0"/>
  <testcase name="testAbaNumberCheck_12974_bad" classname="com.cardatechnologies.utils.validators.abaroutevalidator.Test_AbaRouteValidator_07" time="0"/>
  <testcase name="testAbaNumberCheck_13788_bad" classname="com.cardatechnologies.utils.validators.abaroutevalidator.Test_AbaRouteValidator_07" time="0"/>
  <testcase name="testAbaNumberCheck_12976_bad" classname="com.cardatechnologies.utils.validators.abaroutevalidator.Test_AbaRouteValidator_07" time="0"/>
  <testcase name="testAbaNumberCheck_14245_good" classname="com.cardatechnologies.utils.validators.abaroutevalidator.Test_AbaRouteValidator_07" time="0"/>
  <testcase name="testAbaNumberCheck_13305_good" classname="com.cardatechnologies.utils.validators.abaroutevalidator.Test_AbaRouteValidator_07" time="0"/>
  <testcase name="testAbaNumberCheck_12978_bad" classname="com.cardatechnologies.utils.validators.abaroutevalidator.Test_AbaRouteValidator_07" time="0"/>
  <testcase name="testAbaNumberCheck_14903_good" classname="com.cardatechnologies.utils.validators.abaroutevalidator.Test_AbaRouteValidator_07" time="0"/>
  <testcase name="testAbaNumberCheck_14119_good" classname="com.cardatechnologies.utils.validators.abaroutevalidator.Test_AbaRouteValidator_07" time="0"/>
  <testcase name="testAbaNumberCheck_14083_good" classname="com.cardatechnologies.utils.validators.abaroutevalidator.Test_AbaRouteValidator_07" time="0"/>
  <testcase name="testAbaNumberCheck_13143_good" classname="com.cardatechnologies.utils.validators.abaroutevalidator.Test_AbaRouteValidator_07" time="0"/>
  <testcase name="testAbaNumberCheck_14741_good" classname="com.cardatechnologies.utils.validators.abaroutevalidator.Test_AbaRouteValidator_07" time="0"/>
  <testcase name="testAbaNumberCheck_13801_good" classname="com.cardatechnologies.utils.validators.abaroutevalidator.Test_AbaRouteValidator_07" time="0"/>
  <testcase name="testAbaNumberCheck_13017_good" classname="com.cardatechnologies.utils.validators.abaroutevalidator.Test_AbaRouteValidator_07" time="0"/>
  <testcase name="testAbaNumberCheck_14615_good" classname="com.cardatechnologies.utils.validators.abaroutevalidator.Test_AbaRouteValidator_07" time="0"/>
  <testcase name="testAbaNumberCheck_13790_bad" classname="com.cardatechnologies.utils.validators.abaroutevalidator.Test_AbaRouteValidator_07" time="0"/>
  <testcase name="testAbaNumberCheck_13792_bad" classname="com.cardatechnologies.utils.validators.abaroutevalidator.Test_AbaRouteValidator_07" time="0"/>
  <testcase name="testAbaNumberCheck_14453_good" classname="com.cardatechnologies.utils.validators.abaroutevalidator.Test_AbaRouteValidator_07" time="0"/>
  <testcase name="testAbaNumberCheck_13513_good" classname="com.cardatechnologies.utils.validators.abaroutevalidator.Test_AbaRouteValidator_07" time="0"/>
  <testcase name="testAbaNumberCheck_12980_bad" classname="com.cardatechnologies.utils.validators.abaroutevalidator.Test_AbaRouteValidator_07" time="0"/>
  <testcase name="testAbaNumberCheck_13794_bad" classname="com.cardatechnologies.utils.validators.abaroutevalidator.Test_AbaRouteValidator_07" time="0"/>
  <testcase name="testAbaNumberCheck_12982_bad" classname="com.cardatechnologies.utils.validators.abaroutevalidator.Test_AbaRouteValidator_07" time="0"/>
  <testcase name="testAbaNumberCheck_13796_bad" classname="com.cardatechnologies.utils.validators.abaroutevalidator.Test_AbaRouteValidator_07" time="0"/>
  <testcase name="testAbaNumberCheck_14327_good" classname="com.cardatechnologies.utils.validators.abaroutevalidator.Test_AbaRouteValidator_07" time="0"/>
  <testcase name="testAbaNumberCheck_12984_bad" classname="com.cardatechnologies.utils.validators.abaroutevalidator.Test_AbaRouteValidator_07" time="0"/>
  <testcase name="testAbaNumberCheck_13798_bad" classname="com.cardatechnologies.utils.validators.abaroutevalidator.Test_AbaRouteValidator_07" time="0"/>
  <testcase name="testAbaNumberCheck_12986_bad" classname="com.cardatechnologies.utils.validators.abaroutevalidator.Test_AbaRouteValidator_07" time="0"/>
  <testcase name="testAbaNumberCheck_14291_good" classname="com.cardatechnologies.utils.validators.abaroutevalidator.Test_AbaRouteValidator_07" time="0"/>
  <testcase name="testAbaNumberCheck_13351_good" classname="com.cardatechnologies.utils.validators.abaroutevalidator.Test_AbaRouteValidator_07" time="0"/>
  <testcase name="testAbaNumberCheck_12988_bad" classname="com.cardatechnologies.utils.validators.abaroutevalidator.Test_AbaRouteValidator_07" time="0"/>
  <testcase name="testAbaNumberCheck_14165_good" classname="com.cardatechnologies.utils.validators.abaroutevalidator.Test_AbaRouteValidator_07" time="0"/>
  <testcase name="testAbaNumberCheck_13225_good" classname="com.cardatechnologies.utils.validators.abaroutevalidator.Test_AbaRouteValidator_07" time="0"/>
  <testcase name="testAbaNumberCheck_14823_good" classname="com.cardatechnologies.utils.validators.abaroutevalidator.Test_AbaRouteValidator_07" time="0"/>
  <testcase name="testAbaNumberCheck_14039_good" classname="com.cardatechnologies.utils.validators.abaroutevalidator.Test_AbaRouteValidator_07" time="0"/>
  <testcase name="testAbaNumberCheck_13063_good" classname="com.cardatechnologies.utils.validators.abaroutevalidator.Test_AbaRouteValidator_07" time="0"/>
  <testcase name="testAbaNumberCheck_14661_good" classname="com.cardatechnologies.utils.validators.abaroutevalidator.Test_AbaRouteValidator_07" time="0"/>
  <testcase name="testAbaNumberCheck_13721_good" classname="com.cardatechnologies.utils.validators.abaroutevalidator.Test_AbaRouteValidator_07" time="0"/>
  <testcase name="testAbaNumberCheck_14535_good" classname="com.cardatechnologies.utils.validators.abaroutevalidator.Test_AbaRouteValidator_07" time="0"/>
  <testcase name="testAbaNumberCheck_14409_good" classname="com.cardatechnologies.utils.validators.abaroutevalidator.Test_AbaRouteValidator_07" time="0"/>
  <testcase name="testAbaNumberCheck_12990_bad" classname="com.cardatechnologies.utils.validators.abaroutevalidator.Test_AbaRouteValidator_07" time="0"/>
  <testcase name="testAbaNumberCheck_12992_bad" classname="com.cardatechnologies.utils.validators.abaroutevalidator.Test_AbaRouteValidator_07" time="0"/>
  <testcase name="testAbaNumberCheck_14373_good" classname="com.cardatechnologies.utils.validators.abaroutevalidator.Test_AbaRouteValidator_07" time="0"/>
  <testcase name="testAbaNumberCheck_13433_good" classname="com.cardatechnologies.utils.validators.abaroutevalidator.Test_AbaRouteValidator_07" time="0"/>
  <testcase name="testAbaNumberCheck_12994_bad" classname="com.cardatechnologies.utils.validators.abaroutevalidator.Test_AbaRouteValidator_07" time="0"/>
  <testcase name="testAbaNumberCheck_12996_bad" classname="com.cardatechnologies.utils.validators.abaroutevalidator.Test_AbaRouteValidator_07" time="0"/>
  <testcase name="testAbaNumberCheck_14247_good" classname="com.cardatechnologies.utils.validators.abaroutevalidator.Test_AbaRouteValidator_07" time="0"/>
  <testcase name="testAbaNumberCheck_13307_good" classname="com.cardatechnologies.utils.validators.abaroutevalidator.Test_AbaRouteValidator_07" time="0"/>
  <testcase name="testAbaNumberCheck_12998_bad" classname="com.cardatechnologies.utils.validators.abaroutevalidator.Test_AbaRouteValidator_07" time="0"/>
  <testcase name="testAbaNumberCheck_14905_good" classname="com.cardatechnologies.utils.validators.abaroutevalidator.Test_AbaRouteValidator_07" time="0"/>
  <testcase name="testAbaNumberCheck_13271_good" classname="com.cardatechnologies.utils.validators.abaroutevalidator.Test_AbaRouteValidator_07" time="0"/>
  <testcase name="testAbaNumberCheck_14085_good" classname="com.cardatechnologies.utils.validators.abaroutevalidator.Test_AbaRouteValidator_07" time="0"/>
  <testcase name="testAbaNumberCheck_13145_good" classname="com.cardatechnologies.utils.validators.abaroutevalidator.Test_AbaRouteValidator_07" time="0"/>
  <testcase name="testAbaNumberCheck_14743_good" classname="com.cardatechnologies.utils.validators.abaroutevalidator.Test_AbaRouteValidator_07" time="0"/>
  <testcase name="testAbaNumberCheck_13803_good" classname="com.cardatechnologies.utils.validators.abaroutevalidator.Test_AbaRouteValidator_07" time="0"/>
  <testcase name="testAbaNumberCheck_13019_good" classname="com.cardatechnologies.utils.validators.abaroutevalidator.Test_AbaRouteValidator_07" time="0"/>
  <testcase name="testAbaNumberCheck_14617_good" classname="com.cardatechnologies.utils.validators.abaroutevalidator.Test_AbaRouteValidator_07" time="0"/>
  <testcase name="testAbaNumberCheck_14581_good" classname="com.cardatechnologies.utils.validators.abaroutevalidator.Test_AbaRouteValidator_07" time="0"/>
  <testcase name="testAbaNumberCheck_13641_good" classname="com.cardatechnologies.utils.validators.abaroutevalidator.Test_AbaRouteValidator_07" time="0"/>
  <testcase name="testAbaNumberCheck_12701_good" classname="com.cardatechnologies.utils.validators.abaroutevalidator.Test_AbaRouteValidator_07" time="0"/>
  <testcase name="testAbaNumberCheck_14455_good" classname="com.cardatechnologies.utils.validators.abaroutevalidator.Test_AbaRouteValidator_07" time="0"/>
  <testcase name="testAbaNumberCheck_13515_good" classname="com.cardatechnologies.utils.validators.abaroutevalidator.Test_AbaRouteValidator_07" time="0"/>
  <testcase name="testAbaNumberCheck_14329_good" classname="com.cardatechnologies.utils.validators.abaroutevalidator.Test_AbaRouteValidator_07" time="0"/>
  <testcase name="testAbaNumberCheck_14293_good" classname="com.cardatechnologies.utils.validators.abaroutevalidator.Test_AbaRouteValidator_07" time="0"/>
  <testcase name="testAbaNumberCheck_13353_good" classname="com.cardatechnologies.utils.validators.abaroutevalidator.Test_AbaRouteValidator_07" time="0"/>
  <testcase name="testAbaNumberCheck_14951_good" classname="com.cardatechnologies.utils.validators.abaroutevalidator.Test_AbaRouteValidator_07" time="0"/>
  <testcase name="testAbaNumberCheck_14167_good" classname="com.cardatechnologies.utils.validators.abaroutevalidator.Test_AbaRouteValidator_07" time="0"/>
  <testcase name="testAbaNumberCheck_13227_good" classname="com.cardatechnologies.utils.validators.abaroutevalidator.Test_AbaRouteValidator_07" time="0"/>
  <testcase name="testAbaNumberCheck_14825_good" classname="com.cardatechnologies.utils.validators.abaroutevalidator.Test_AbaRouteValidator_07" time="0"/>
  <testcase name="testAbaNumberCheck_13191_good" classname="com.cardatechnologies.utils.validators.abaroutevalidator.Test_AbaRouteValidator_07" time="0"/>
  <testcase name="testAbaNumberCheck_13065_good" classname="com.cardatechnologies.utils.validators.abaroutevalidator.Test_AbaRouteValidator_07" time="0"/>
  <testcase name="testAbaNumberCheck_14663_good" classname="com.cardatechnologies.utils.validators.abaroutevalidator.Test_AbaRouteValidator_07" time="0"/>
  <testcase name="testAbaNumberCheck_13723_good" classname="com.cardatechnologies.utils.validators.abaroutevalidator.Test_AbaRouteValidator_07" time="0"/>
  <testcase name="testAbaNumberCheck_14537_good" classname="com.cardatechnologies.utils.validators.abaroutevalidator.Test_AbaRouteValidator_07" time="0"/>
  <testcase name="testAbaNumberCheck_13561_good" classname="com.cardatechnologies.utils.validators.abaroutevalidator.Test_AbaRouteValidator_07" time="0"/>
  <testcase name="testAbaNumberCheck_12621_good" classname="com.cardatechnologies.utils.validators.abaroutevalidator.Test_AbaRouteValidator_07" time="0"/>
  <testcase name="testAbaNumberCheck_14375_good" classname="com.cardatechnologies.utils.validators.abaroutevalidator.Test_AbaRouteValidator_07" time="0"/>
  <testcase name="testAbaNumberCheck_13435_good" classname="com.cardatechnologies.utils.validators.abaroutevalidator.Test_AbaRouteValidator_07" time="0"/>
  <testcase name="testAbaNumberCheck_14249_good" classname="com.cardatechnologies.utils.validators.abaroutevalidator.Test_AbaRouteValidator_07" time="0"/>
  <testcase name="testAbaNumberCheck_13309_good" classname="com.cardatechnologies.utils.validators.abaroutevalidator.Test_AbaRouteValidator_07" time="0"/>
  <testcase name="testAbaNumberCheck_14907_good" classname="com.cardatechnologies.utils.validators.abaroutevalidator.Test_AbaRouteValidator_07" time="0"/>
  <testcase name="testAbaNumberCheck_13273_good" classname="com.cardatechnologies.utils.validators.abaroutevalidator.Test_AbaRouteValidator_07" time="0"/>
  <testcase name="testAbaNumberCheck_14871_good" classname="com.cardatechnologies.utils.validators.abaroutevalidator.Test_AbaRouteValidator_07" time="0"/>
  <testcase name="testAbaNumberCheck_13931_good" classname="com.cardatechnologies.utils.validators.abaroutevalidator.Test_AbaRouteValidator_07" time="0"/>
  <testcase name="testAbaNumberCheck_14087_good" classname="com.cardatechnologies.utils.validators.abaroutevalidator.Test_AbaRouteValidator_07" time="0"/>
  <testcase name="testAbaNumberCheck_13147_good" classname="com.cardatechnologies.utils.validators.abaroutevalidator.Test_AbaRouteValidator_07" time="0"/>
  <testcase name="testAbaNumberCheck_14745_good" classname="com.cardatechnologies.utils.validators.abaroutevalidator.Test_AbaRouteValidator_07" time="0"/>
  <testcase name="testAbaNumberCheck_13805_good" classname="com.cardatechnologies.utils.validators.abaroutevalidator.Test_AbaRouteValidator_07" time="0"/>
  <testcase name="testAbaNumberCheck_14619_good" classname="com.cardatechnologies.utils.validators.abaroutevalidator.Test_AbaRouteValidator_07" time="0"/>
  <testcase name="testAbaNumberCheck_14583_good" classname="com.cardatechnologies.utils.validators.abaroutevalidator.Test_AbaRouteValidator_07" time="0"/>
  <testcase name="testAbaNumberCheck_13643_good" classname="com.cardatechnologies.utils.validators.abaroutevalidator.Test_AbaRouteValidator_07" time="0"/>
  <testcase name="testAbaNumberCheck_12703_good" classname="com.cardatechnologies.utils.validators.abaroutevalidator.Test_AbaRouteValidator_07" time="0"/>
  <testcase name="testAbaNumberCheck_14457_good" classname="com.cardatechnologies.utils.validators.abaroutevalidator.Test_AbaRouteValidator_07" time="0"/>
  <testcase name="testAbaNumberCheck_13517_good" classname="com.cardatechnologies.utils.validators.abaroutevalidator.Test_AbaRouteValidator_07" time="0"/>
  <testcase name="testAbaNumberCheck_13481_good" classname="com.cardatechnologies.utils.validators.abaroutevalidator.Test_AbaRouteValidator_07" time="0.001"/>
  <testcase name="testAbaNumberCheck_12541_good" classname="com.cardatechnologies.utils.validators.abaroutevalidator.Test_AbaRouteValidator_07" time="0"/>
  <testcase name="testAbaNumberCheck_14295_good" classname="com.cardatechnologies.utils.validators.abaroutevalidator.Test_AbaRouteValidator_07" time="0"/>
  <testcase name="testAbaNumberCheck_13355_good" classname="com.cardatechnologies.utils.validators.abaroutevalidator.Test_AbaRouteValidator_07" time="0"/>
  <testcase name="testAbaNumberCheck_14953_good" classname="com.cardatechnologies.utils.validators.abaroutevalidator.Test_AbaRouteValidator_07" time="0"/>
  <testcase name="testAbaNumberCheck_14169_good" classname="com.cardatechnologies.utils.validators.abaroutevalidator.Test_AbaRouteValidator_07" time="0"/>
  <testcase name="testAbaNumberCheck_13229_good" classname="com.cardatechnologies.utils.validators.abaroutevalidator.Test_AbaRouteValidator_07" time="0"/>
  <testcase name="testAbaNumberCheck_14827_good" classname="com.cardatechnologies.utils.validators.abaroutevalidator.Test_AbaRouteValidator_07" time="0"/>
  <testcase name="testAbaNumberCheck_13193_good" classname="com.cardatechnologies.utils.validators.abaroutevalidator.Test_AbaRouteValidator_07" time="0"/>
  <testcase name="testAbaNumberCheck_14791_good" classname="com.cardatechnologies.utils.validators.abaroutevalidator.Test_AbaRouteValidator_07" time="0"/>
  <testcase name="testAbaNumberCheck_13851_good" classname="com.cardatechnologies.utils.validators.abaroutevalidator.Test_AbaRouteValidator_07" time="0"/>
  <testcase name="testAbaNumberCheck_12911_good" classname="com.cardatechnologies.utils.validators.abaroutevalidator.Test_AbaRouteValidator_07" time="0"/>
  <testcase name="testAbaNumberCheck_13067_good" classname="com.cardatechnologies.utils.validators.abaroutevalidator.Test_AbaRouteValidator_07" time="0"/>
  <testcase name="testAbaNumberCheck_14665_good" classname="com.cardatechnologies.utils.validators.abaroutevalidator.Test_AbaRouteValidator_07" time="0"/>
  <testcase name="testAbaNumberCheck_13725_good" classname="com.cardatechnologies.utils.validators.abaroutevalidator.Test_AbaRouteValidator_07" time="0"/>
  <testcase name="testAbaNumberCheck_14539_good" classname="com.cardatechnologies.utils.validators.abaroutevalidator.Test_AbaRouteValidator_07" time="0"/>
  <testcase name="testAbaNumberCheck_13563_good" classname="com.cardatechnologies.utils.validators.abaroutevalidator.Test_AbaRouteValidator_07" time="0"/>
  <testcase name="testAbaNumberCheck_12623_good" classname="com.cardatechnologies.utils.validators.abaroutevalidator.Test_AbaRouteValidator_07" time="0"/>
  <testcase name="testAbaNumberCheck_14377_good" classname="com.cardatechnologies.utils.validators.abaroutevalidator.Test_AbaRouteValidator_07" time="0"/>
  <testcase name="testAbaNumberCheck_13437_good" classname="com.cardatechnologies.utils.validators.abaroutevalidator.Test_AbaRouteValidator_07" time="0"/>
  <testcase name="testAbaNumberCheck_12461_good" classname="com.cardatechnologies.utils.validators.abaroutevalidator.Test_AbaRouteValidator_07" time="0"/>
  <testcase name="testAbaNumberCheck_14909_good" classname="com.cardatechnologies.utils.validators.abaroutevalidator.Test_AbaRouteValidator_07" time="0"/>
  <testcase name="testAbaNumberCheck_13275_good" classname="com.cardatechnologies.utils.validators.abaroutevalidator.Test_AbaRouteValidator_07" time="0"/>
  <testcase name="testAbaNumberCheck_14873_good" classname="com.cardatechnologies.utils.validators.abaroutevalidator.Test_AbaRouteValidator_07" time="0"/>
  <testcase name="testAbaNumberCheck_13933_good" classname="com.cardatechnologies.utils.validators.abaroutevalidator.Test_AbaRouteValidator_07" time="0"/>
  <testcase name="testAbaNumberCheck_14089_good" classname="com.cardatechnologies.utils.validators.abaroutevalidator.Test_AbaRouteValidator_07" time="0"/>
  <testcase name="testAbaNumberCheck_13149_good" classname="com.cardatechnologies.utils.validators.abaroutevalidator.Test_AbaRouteValidator_07" time="0"/>
  <testcase name="testAbaNumberCheck_14747_good" classname="com.cardatechnologies.utils.validators.abaroutevalidator.Test_AbaRouteValidator_07" time="0"/>
  <testcase name="testAbaNumberCheck_13807_good" classname="com.cardatechnologies.utils.validators.abaroutevalidator.Test_AbaRouteValidator_07" time="0"/>
  <testcase name="testAbaNumberCheck_13771_good" classname="com.cardatechnologies.utils.validators.abaroutevalidator.Test_AbaRouteValidator_07" time="0"/>
  <testcase name="testAbaNumberCheck_12831_good" classname="com.cardatechnologies.utils.validators.abaroutevalidator.Test_AbaRouteValidator_07" time="0"/>
  <testcase name="testAbaNumberCheck_14585_good" classname="com.cardatechnologies.utils.validators.abaroutevalidator.Test_AbaRouteValidator_07" time="0"/>
  <testcase name="testAbaNumberCheck_13645_good" classname="com.cardatechnologies.utils.validators.abaroutevalidator.Test_AbaRouteValidator_07" time="0"/>
  <testcase name="testAbaNumberCheck_12705_good" classname="com.cardatechnologies.utils.validators.abaroutevalidator.Test_AbaRouteValidator_07" time="0"/>
  <testcase name="testAbaNumberCheck_14459_good" classname="com.cardatechnologies.utils.validators.abaroutevalidator.Test_AbaRouteValidator_07" time="0"/>
  <testcase name="testAbaNumberCheck_13519_good" classname="com.cardatechnologies.utils.validators.abaroutevalidator.Test_AbaRouteValidator_07" time="0"/>
  <testcase name="testAbaNumberCheck_13483_good" classname="com.cardatechnologies.utils.validators.abaroutevalidator.Test_AbaRouteValidator_07" time="0"/>
  <testcase name="testAbaNumberCheck_12543_good" classname="com.cardatechnologies.utils.validators.abaroutevalidator.Test_AbaRouteValidator_07" time="0"/>
  <testcase name="testAbaNumberCheck_14297_good" classname="com.cardatechnologies.utils.validators.abaroutevalidator.Test_AbaRouteValidator_07" time="0"/>
  <testcase name="testAbaNumberCheck_13357_good" classname="com.cardatechnologies.utils.validators.abaroutevalidator.Test_AbaRouteValidator_07" time="0"/>
  <testcase name="testAbaNumberCheck_14955_good" classname="com.cardatechnologies.utils.validators.abaroutevalidator.Test_AbaRouteValidator_07" time="0"/>
  <testcase name="testAbaNumberCheck_14829_good" classname="com.cardatechnologies.utils.validators.abaroutevalidator.Test_AbaRouteValidator_07" time="0"/>
  <testcase name="testAbaNumberCheck_13195_good" classname="com.cardatechnologies.utils.validators.abaroutevalidator.Test_AbaRouteValidator_07" time="0"/>
  <testcase name="testAbaNumberCheck_14793_good" classname="com.cardatechnologies.utils.validators.abaroutevalidator.Test_AbaRouteValidator_07" time="0"/>
  <testcase name="testAbaNumberCheck_13853_good" classname="com.cardatechnologies.utils.validators.abaroutevalidator.Test_AbaRouteValidator_07" time="0"/>
  <testcase name="testAbaNumberCheck_12913_good" classname="com.cardatechnologies.utils.validators.abaroutevalidator.Test_AbaRouteValidator_07" time="0"/>
  <testcase name="testAbaNumberCheck_13069_good" classname="com.cardatechnologies.utils.validators.abaroutevalidator.Test_AbaRouteValidator_07" time="0"/>
  <testcase name="testAbaNumberCheck_14667_good" classname="com.cardatechnologies.utils.validators.abaroutevalidator.Test_AbaRouteValidator_07" time="0"/>
  <testcase name="testAbaNumberCheck_13727_good" classname="com.cardatechnologies.utils.validators.abaroutevalidator.Test_AbaRouteValidator_07" time="0"/>
  <testcase name="testAbaNumberCheck_13691_good" classname="com.cardatechnologies.utils.validators.abaroutevalidator.Test_AbaRouteValidator_07" time="0"/>
  <testcase name="testAbaNumberCheck_12751_good" classname="com.cardatechnologies.utils.validators.abaroutevalidator.Test_AbaRouteValidator_07" time="0"/>
  <testcase name="testAbaNumberCheck_13565_good" classname="com.cardatechnologies.utils.validators.abaroutevalidator.Test_AbaRouteValidator_07" time="0"/>
  <testcase name="testAbaNumberCheck_12625_good" classname="com.cardatechnologies.utils.validators.abaroutevalidator.Test_AbaRouteValidator_07" time="0"/>
  <testcase name="testAbaNumberCheck_14379_good" classname="com.cardatechnologies.utils.validators.abaroutevalidator.Test_AbaRouteValidator_07" time="0"/>
  <testcase name="testAbaNumberCheck_13439_good" classname="com.cardatechnologies.utils.validators.abaroutevalidator.Test_AbaRouteValidator_07" time="0"/>
  <testcase name="testAbaNumberCheck_12463_good" classname="com.cardatechnologies.utils.validators.abaroutevalidator.Test_AbaRouteValidator_07" time="0"/>
  <testcase name="testAbaNumberCheck_13277_good" classname="com.cardatechnologies.utils.validators.abaroutevalidator.Test_AbaRouteValidator_07" time="0"/>
  <testcase name="testAbaNumberCheck_14875_good" classname="com.cardatechnologies.utils.validators.abaroutevalidator.Test_AbaRouteValidator_07" time="0"/>
  <testcase name="testAbaNumberCheck_13935_good" classname="com.cardatechnologies.utils.validators.abaroutevalidator.Test_AbaRouteValidator_07" time="0"/>
  <testcase name="testAbaNumberCheck_14749_good" classname="com.cardatechnologies.utils.validators.abaroutevalidator.Test_AbaRouteValidator_07" time="0"/>
  <testcase name="testAbaNumberCheck_13809_good" classname="com.cardatechnologies.utils.validators.abaroutevalidator.Test_AbaRouteValidator_07" time="0"/>
  <testcase name="testAbaNumberCheck_13773_good" classname="com.cardatechnologies.utils.validators.abaroutevalidator.Test_AbaRouteValidator_07" time="0"/>
  <testcase name="testAbaNumberCheck_12833_good" classname="com.cardatechnologies.utils.validators.abaroutevalidator.Test_AbaRouteValidator_07" time="0"/>
  <testcase name="testAbaNumberCheck_14587_good" classname="com.cardatechnologies.utils.validators.abaroutevalidator.Test_AbaRouteValidator_07" time="0"/>
  <testcase name="testAbaNumberCheck_13647_good" classname="com.cardatechnologies.utils.validators.abaroutevalidator.Test_AbaRouteValidator_07" time="0"/>
  <testcase name="testAbaNumberCheck_12707_good" classname="com.cardatechnologies.utils.validators.abaroutevalidator.Test_AbaRouteValidator_07" time="0"/>
  <testcase name="testAbaNumberCheck_12671_good" classname="com.cardatechnologies.utils.validators.abaroutevalidator.Test_AbaRouteValidator_07" time="0"/>
  <testcase name="testAbaNumberCheck_13485_good" classname="com.cardatechnologies.utils.validators.abaroutevalidator.Test_AbaRouteValidator_07" time="0"/>
  <testcase name="testAbaNumberCheck_12545_good" classname="com.cardatechnologies.utils.validators.abaroutevalidator.Test_AbaRouteValidator_07" time="0"/>
  <testcase name="testAbaNumberCheck_14299_good" classname="com.cardatechnologies.utils.validators.abaroutevalidator.Test_AbaRouteValidator_07" time="0"/>
  <testcase name="testAbaNumberCheck_13359_good" classname="com.cardatechnologies.utils.validators.abaroutevalidator.Test_AbaRouteValidator_07" time="0"/>
  <testcase name="testAbaNumberCheck_14957_good" classname="com.cardatechnologies.utils.validators.abaroutevalidator.Test_AbaRouteValidator_07" time="0"/>
  <testcase name="testAbaNumberCheck_13981_good" classname="com.cardatechnologies.utils.validators.abaroutevalidator.Test_AbaRouteValidator_07" time="0"/>
  <testcase name="testAbaNumberCheck_13197_good" classname="com.cardatechnologies.utils.validators.abaroutevalidator.Test_AbaRouteValidator_07" time="0"/>
  <testcase name="testAbaNumberCheck_14795_good" classname="com.cardatechnologies.utils.validators.abaroutevalidator.Test_AbaRouteValidator_07" time="0"/>
  <testcase name="testAbaNumberCheck_13855_good" classname="com.cardatechnologies.utils.validators.abaroutevalidator.Test_AbaRouteValidator_07" time="0"/>
  <testcase name="testAbaNumberCheck_12915_good" classname="com.cardatechnologies.utils.validators.abaroutevalidator.Test_AbaRouteValidator_07" time="0"/>
  <testcase name="testAbaNumberCheck_14669_good" classname="com.cardatechnologies.utils.validators.abaroutevalidator.Test_AbaRouteValidator_07" time="0"/>
  <testcase name="testAbaNumberCheck_13729_good" classname="com.cardatechnologies.utils.validators.abaroutevalidator.Test_AbaRouteValidator_07" time="0"/>
  <testcase name="testAbaNumberCheck_13693_good" classname="com.cardatechnologies.utils.validators.abaroutevalidator.Test_AbaRouteValidator_07" time="0"/>
  <testcase name="testAbaNumberCheck_12753_good" classname="com.cardatechnologies.utils.validators.abaroutevalidator.Test_AbaRouteValidator_07" time="0"/>
  <testcase name="testAbaNumberCheck_13567_good" classname="com.cardatechnologies.utils.validators.abaroutevalidator.Test_AbaRouteValidator_07" time="0"/>
  <testcase name="testAbaNumberCheck_12627_good" classname="com.cardatechnologies.utils.validators.abaroutevalidator.Test_AbaRouteValidator_07" time="0"/>
  <testcase name="testAbaNumberCheck_12591_good" classname="com.cardatechnologies.utils.validators.abaroutevalidator.Test_AbaRouteValidator_07" time="0"/>
  <testcase name="testAbaNumberCheck_12465_good" classname="com.cardatechnologies.utils.validators.abaroutevalidator.Test_AbaRouteValidator_07" time="0"/>
  <testcase name="testAbaNumberCheck_13279_good" classname="com.cardatechnologies.utils.validators.abaroutevalidator.Test_AbaRouteValidator_07" time="0"/>
  <testcase name="testAbaNumberCheck_14877_good" classname="com.cardatechnologies.utils.validators.abaroutevalidator.Test_AbaRouteValidator_07" time="0"/>
  <testcase name="testAbaNumberCheck_13937_good" classname="com.cardatechnologies.utils.validators.abaroutevalidator.Test_AbaRouteValidator_07" time="0"/>
  <testcase name="testAbaNumberCheck_12961_good" classname="com.cardatechnologies.utils.validators.abaroutevalidator.Test_AbaRouteValidator_07" time="0"/>
  <testcase name="testAbaNumberCheck_13775_good" classname="com.cardatechnologies.utils.validators.abaroutevalidator.Test_AbaRouteValidator_07" time="0"/>
  <testcase name="testAbaNumberCheck_12835_good" classname="com.cardatechnologies.utils.validators.abaroutevalidator.Test_AbaRouteValidator_07" time="0"/>
  <testcase name="testAbaNumberCheck_14589_good" classname="com.cardatechnologies.utils.validators.abaroutevalidator.Test_AbaRouteValidator_07" time="0"/>
  <testcase name="testAbaNumberCheck_13649_good" classname="com.cardatechnologies.utils.validators.abaroutevalidator.Test_AbaRouteValidator_07" time="0"/>
  <testcase name="testAbaNumberCheck_12709_good" classname="com.cardatechnologies.utils.validators.abaroutevalidator.Test_AbaRouteValidator_07" time="0"/>
  <testcase name="testAbaNumberCheck_12673_good" classname="com.cardatechnologies.utils.validators.abaroutevalidator.Test_AbaRouteValidator_07" time="0"/>
  <testcase name="testAbaNumberCheck_13487_good" classname="com.cardatechnologies.utils.validators.abaroutevalidator.Test_AbaRouteValidator_07" time="0"/>
  <testcase name="testAbaNumberCheck_12547_good" classname="com.cardatechnologies.utils.validators.abaroutevalidator.Test_AbaRouteValidator_07" time="0"/>
  <testcase name="testAbaNumberCheck_14959_good" classname="com.cardatechnologies.utils.validators.abaroutevalidator.Test_AbaRouteValidator_07" time="0"/>
  <testcase name="testAbaNumberCheck_13983_good" classname="com.cardatechnologies.utils.validators.abaroutevalidator.Test_AbaRouteValidator_07" time="0"/>
  <testcase name="testAbaNumberCheck_13199_good" classname="com.cardatechnologies.utils.validators.abaroutevalidator.Test_AbaRouteValidator_07" time="0"/>
  <testcase name="testAbaNumberCheck_14797_good" classname="com.cardatechnologies.utils.validators.abaroutevalidator.Test_AbaRouteValidator_07" time="0"/>
  <testcase name="testAbaNumberCheck_13857_good" classname="com.cardatechnologies.utils.validators.abaroutevalidator.Test_AbaRouteValidator_07" time="0"/>
  <testcase name="testAbaNumberCheck_12917_good" classname="com.cardatechnologies.utils.validators.abaroutevalidator.Test_AbaRouteValidator_07" time="0"/>
  <testcase name="testAbaNumberCheck_12881_good" classname="com.cardatechnologies.utils.validators.abaroutevalidator.Test_AbaRouteValidator_07" time="0"/>
  <testcase name="testAbaNumberCheck_13695_good" classname="com.cardatechnologies.utils.validators.abaroutevalidator.Test_AbaRouteValidator_07" time="0"/>
  <testcase name="testAbaNumberCheck_12755_good" classname="com.cardatechnologies.utils.validators.abaroutevalidator.Test_AbaRouteValidator_07" time="0"/>
  <testcase name="testAbaNumberCheck_13569_good" classname="com.cardatechnologies.utils.validators.abaroutevalidator.Test_AbaRouteValidator_07" time="0"/>
  <testcase name="testAbaNumberCheck_12629_good" classname="com.cardatechnologies.utils.validators.abaroutevalidator.Test_AbaRouteValidator_07" time="0"/>
  <testcase name="testAbaNumberCheck_12593_good" classname="com.cardatechnologies.utils.validators.abaroutevalidator.Test_AbaRouteValidator_07" time="0"/>
  <testcase name="testAbaNumberCheck_12467_good" classname="com.cardatechnologies.utils.validators.abaroutevalidator.Test_AbaRouteValidator_07" time="0"/>
  <testcase name="testAbaNumberCheck_14879_good" classname="com.cardatechnologies.utils.validators.abaroutevalidator.Test_AbaRouteValidator_07" time="0"/>
  <testcase name="testAbaNumberCheck_13939_good" classname="com.cardatechnologies.utils.validators.abaroutevalidator.Test_AbaRouteValidator_07" time="0"/>
  <testcase name="testAbaNumberCheck_12963_good" classname="com.cardatechnologies.utils.validators.abaroutevalidator.Test_AbaRouteValidator_07" time="0"/>
  <testcase name="testAbaNumberCheck_13777_good" classname="com.cardatechnologies.utils.validators.abaroutevalidator.Test_AbaRouteValidator_07" time="0"/>
  <testcase name="testAbaNumberCheck_12837_good" classname="com.cardatechnologies.utils.validators.abaroutevalidator.Test_AbaRouteValidator_07" time="0"/>
  <testcase name="testAbaNumberCheck_12675_good" classname="com.cardatechnologies.utils.validators.abaroutevalidator.Test_AbaRouteValidator_07" time="0"/>
  <testcase name="testAbaNumberCheck_13489_good" classname="com.cardatechnologies.utils.validators.abaroutevalidator.Test_AbaRouteValidator_07" time="0"/>
  <testcase name="testAbaNumberCheck_12549_good" classname="com.cardatechnologies.utils.validators.abaroutevalidator.Test_AbaRouteValidator_07" time="0"/>
  <testcase name="testAbaNumberCheck_13985_good" classname="com.cardatechnologies.utils.validators.abaroutevalidator.Test_AbaRouteValidator_07" time="0"/>
  <testcase name="testAbaNumberCheck_14799_good" classname="com.cardatechnologies.utils.validators.abaroutevalidator.Test_AbaRouteValidator_07" time="0"/>
  <testcase name="testAbaNumberCheck_13859_good" classname="com.cardatechnologies.utils.validators.abaroutevalidator.Test_AbaRouteValidator_07" time="0"/>
  <testcase name="testAbaNumberCheck_12919_good" classname="com.cardatechnologies.utils.validators.abaroutevalidator.Test_AbaRouteValidator_07" time="0"/>
  <testcase name="testAbaNumberCheck_12883_good" classname="com.cardatechnologies.utils.validators.abaroutevalidator.Test_AbaRouteValidator_07" time="0"/>
  <testcase name="testAbaNumberCheck_13697_good" classname="com.cardatechnologies.utils.validators.abaroutevalidator.Test_AbaRouteValidator_07" time="0"/>
  <testcase name="testAbaNumberCheck_12757_good" classname="com.cardatechnologies.utils.validators.abaroutevalidator.Test_AbaRouteValidator_07" time="0"/>
  <testcase name="testAbaNumberCheck_12595_good" classname="com.cardatechnologies.utils.validators.abaroutevalidator.Test_AbaRouteValidator_07" time="0"/>
  <testcase name="testAbaNumberCheck_12469_good" classname="com.cardatechnologies.utils.validators.abaroutevalidator.Test_AbaRouteValidator_07" time="0"/>
  <testcase name="testAbaNumberCheck_12965_good" classname="com.cardatechnologies.utils.validators.abaroutevalidator.Test_AbaRouteValidator_07" time="0"/>
  <testcase name="testAbaNumberCheck_13779_good" classname="com.cardatechnologies.utils.validators.abaroutevalidator.Test_AbaRouteValidator_07" time="0"/>
  <testcase name="testAbaNumberCheck_12839_good" classname="com.cardatechnologies.utils.validators.abaroutevalidator.Test_AbaRouteValidator_07" time="0"/>
  <testcase name="testAbaNumberCheck_12677_good" classname="com.cardatechnologies.utils.validators.abaroutevalidator.Test_AbaRouteValidator_07" time="0"/>
  <testcase name="testAbaNumberCheck_13987_good" classname="com.cardatechnologies.utils.validators.abaroutevalidator.Test_AbaRouteValidator_07" time="0"/>
  <testcase name="testAbaNumberCheck_12885_good" classname="com.cardatechnologies.utils.validators.abaroutevalidator.Test_AbaRouteValidator_07" time="0"/>
  <testcase name="testAbaNumberCheck_13699_good" classname="com.cardatechnologies.utils.validators.abaroutevalidator.Test_AbaRouteValidator_07" time="0"/>
  <testcase name="testAbaNumberCheck_12759_good" classname="com.cardatechnologies.utils.validators.abaroutevalidator.Test_AbaRouteValidator_07" time="0"/>
  <testcase name="testAbaNumberCheck_12597_good" classname="com.cardatechnologies.utils.validators.abaroutevalidator.Test_AbaRouteValidator_07" time="0"/>
  <testcase name="testAbaNumberCheck_12967_good" classname="com.cardatechnologies.utils.validators.abaroutevalidator.Test_AbaRouteValidator_07" time="0"/>
  <testcase name="testAbaNumberCheck_14100_bad" classname="com.cardatechnologies.utils.validators.abaroutevalidator.Test_AbaRouteValidator_07" time="0"/>
  <testcase name="testAbaNumberCheck_14102_bad" classname="com.cardatechnologies.utils.validators.abaroutevalidator.Test_AbaRouteValidator_07" time="0"/>
  <testcase name="testAbaNumberCheck_14104_bad" classname="com.cardatechnologies.utils.validators.abaroutevalidator.Test_AbaRouteValidator_07" time="0"/>
  <testcase name="testAbaNumberCheck_12679_good" classname="com.cardatechnologies.utils.validators.abaroutevalidator.Test_AbaRouteValidator_07" time="0"/>
  <testcase name="testAbaNumberCheck_14106_bad" classname="com.cardatechnologies.utils.validators.abaroutevalidator.Test_AbaRouteValidator_07" time="0"/>
  <testcase name="testAbaNumberCheck_14108_bad" classname="com.cardatechnologies.utils.validators.abaroutevalidator.Test_AbaRouteValidator_07" time="0"/>
  <testcase name="testAbaNumberCheck_13989_good" classname="com.cardatechnologies.utils.validators.abaroutevalidator.Test_AbaRouteValidator_07" time="0"/>
  <testcase name="testAbaNumberCheck_12887_good" classname="com.cardatechnologies.utils.validators.abaroutevalidator.Test_AbaRouteValidator_07" time="0"/>
  <testcase name="testAbaNumberCheck_14110_bad" classname="com.cardatechnologies.utils.validators.abaroutevalidator.Test_AbaRouteValidator_07" time="0"/>
  <testcase name="testAbaNumberCheck_14112_bad" classname="com.cardatechnologies.utils.validators.abaroutevalidator.Test_AbaRouteValidator_07" time="0"/>
  <testcase name="testAbaNumberCheck_13300_bad" classname="com.cardatechnologies.utils.validators.abaroutevalidator.Test_AbaRouteValidator_07" time="0"/>
  <testcase name="testAbaNumberCheck_14114_bad" classname="com.cardatechnologies.utils.validators.abaroutevalidator.Test_AbaRouteValidator_07" time="0"/>
  <testcase name="testAbaNumberCheck_13302_bad" classname="com.cardatechnologies.utils.validators.abaroutevalidator.Test_AbaRouteValidator_07" time="0"/>
  <testcase name="testAbaNumberCheck_14116_bad" classname="com.cardatechnologies.utils.validators.abaroutevalidator.Test_AbaRouteValidator_07" time="0"/>
  <testcase name="testAbaNumberCheck_13304_bad" classname="com.cardatechnologies.utils.validators.abaroutevalidator.Test_AbaRouteValidator_07" time="0"/>
  <testcase name="testAbaNumberCheck_14118_bad" classname="com.cardatechnologies.utils.validators.abaroutevalidator.Test_AbaRouteValidator_07" time="0"/>
  <testcase name="testAbaNumberCheck_12599_good" classname="com.cardatechnologies.utils.validators.abaroutevalidator.Test_AbaRouteValidator_07" time="0"/>
  <testcase name="testAbaNumberCheck_13306_bad" classname="com.cardatechnologies.utils.validators.abaroutevalidator.Test_AbaRouteValidator_07" time="0"/>
  <testcase name="testAbaNumberCheck_13308_bad" classname="com.cardatechnologies.utils.validators.abaroutevalidator.Test_AbaRouteValidator_07" time="0"/>
  <testcase name="testAbaNumberCheck_12969_good" classname="com.cardatechnologies.utils.validators.abaroutevalidator.Test_AbaRouteValidator_07" time="0"/>
  <testcase name="testAbaNumberCheck_14120_bad" classname="com.cardatechnologies.utils.validators.abaroutevalidator.Test_AbaRouteValidator_07" time="0"/>
  <testcase name="testAbaNumberCheck_14122_bad" classname="com.cardatechnologies.utils.validators.abaroutevalidator.Test_AbaRouteValidator_07" time="0"/>
  <testcase name="testAbaNumberCheck_13310_bad" classname="com.cardatechnologies.utils.validators.abaroutevalidator.Test_AbaRouteValidator_07" time="0"/>
  <testcase name="testAbaNumberCheck_14124_bad" classname="com.cardatechnologies.utils.validators.abaroutevalidator.Test_AbaRouteValidator_07" time="0"/>
  <testcase name="testAbaNumberCheck_13312_bad" classname="com.cardatechnologies.utils.validators.abaroutevalidator.Test_AbaRouteValidator_07" time="0"/>
  <testcase name="testAbaNumberCheck_14126_bad" classname="com.cardatechnologies.utils.validators.abaroutevalidator.Test_AbaRouteValidator_07" time="0"/>
  <testcase name="testAbaNumberCheck_12500_bad" classname="com.cardatechnologies.utils.validators.abaroutevalidator.Test_AbaRouteValidator_07" time="0"/>
  <testcase name="testAbaNumberCheck_13314_bad" classname="com.cardatechnologies.utils.validators.abaroutevalidator.Test_AbaRouteValidator_07" time="0"/>
  <testcase name="testAbaNumberCheck_14128_bad" classname="com.cardatechnologies.utils.validators.abaroutevalidator.Test_AbaRouteValidator_07" time="0"/>
  <testcase name="testAbaNumberCheck_12502_bad" classname="com.cardatechnologies.utils.validators.abaroutevalidator.Test_AbaRouteValidator_07" time="0"/>
  <testcase name="testAbaNumberCheck_13316_bad" classname="com.cardatechnologies.utils.validators.abaroutevalidator.Test_AbaRouteValidator_07" time="0"/>
  <testcase name="testAbaNumberCheck_12504_bad" classname="com.cardatechnologies.utils.validators.abaroutevalidator.Test_AbaRouteValidator_07" time="0"/>
  <testcase name="testAbaNumberCheck_13318_bad" classname="com.cardatechnologies.utils.validators.abaroutevalidator.Test_AbaRouteValidator_07" time="0"/>
  <testcase name="testAbaNumberCheck_12506_bad" classname="com.cardatechnologies.utils.validators.abaroutevalidator.Test_AbaRouteValidator_07" time="0"/>
  <testcase name="testAbaNumberCheck_12508_bad" classname="com.cardatechnologies.utils.validators.abaroutevalidator.Test_AbaRouteValidator_07" time="0"/>
  <testcase name="testAbaNumberCheck_12889_good" classname="com.cardatechnologies.utils.validators.abaroutevalidator.Test_AbaRouteValidator_07" time="0"/>
  <testcase name="testAbaNumberCheck_14130_bad" classname="com.cardatechnologies.utils.validators.abaroutevalidator.Test_AbaRouteValidator_07" time="0"/>
  <testcase name="testAbaNumberCheck_14132_bad" classname="com.cardatechnologies.utils.validators.abaroutevalidator.Test_AbaRouteValidator_07" time="0"/>
  <testcase name="testAbaNumberCheck_13320_bad" classname="com.cardatechnologies.utils.validators.abaroutevalidator.Test_AbaRouteValidator_07" time="0"/>
  <testcase name="testAbaNumberCheck_14134_bad" classname="com.cardatechnologies.utils.validators.abaroutevalidator.Test_AbaRouteValidator_07" time="0"/>
  <testcase name="testAbaNumberCheck_13322_bad" classname="com.cardatechnologies.utils.validators.abaroutevalidator.Test_AbaRouteValidator_07" time="0"/>
  <testcase name="testAbaNumberCheck_14136_bad" classname="com.cardatechnologies.utils.validators.abaroutevalidator.Test_AbaRouteValidator_07" time="0"/>
  <testcase name="testAbaNumberCheck_12510_bad" classname="com.cardatechnologies.utils.validators.abaroutevalidator.Test_AbaRouteValidator_07" time="0"/>
  <testcase name="testAbaNumberCheck_13324_bad" classname="com.cardatechnologies.utils.validators.abaroutevalidator.Test_AbaRouteValidator_07" time="0.001"/>
  <testcase name="testAbaNumberCheck_14138_bad" classname="com.cardatechnologies.utils.validators.abaroutevalidator.Test_AbaRouteValidator_07" time="0"/>
  <testcase name="testAbaNumberCheck_12512_bad" classname="com.cardatechnologies.utils.validators.abaroutevalidator.Test_AbaRouteValidator_07" time="0"/>
  <testcase name="testAbaNumberCheck_13326_bad" classname="com.cardatechnologies.utils.validators.abaroutevalidator.Test_AbaRouteValidator_07" time="0"/>
  <testcase name="testAbaNumberCheck_12514_bad" classname="com.cardatechnologies.utils.validators.abaroutevalidator.Test_AbaRouteValidator_07" time="0"/>
  <testcase name="testAbaNumberCheck_13328_bad" classname="com.cardatechnologies.utils.validators.abaroutevalidator.Test_AbaRouteValidator_07" time="0"/>
  <testcase name="testAbaNumberCheck_12516_bad" classname="com.cardatechnologies.utils.validators.abaroutevalidator.Test_AbaRouteValidator_07" time="0"/>
  <testcase name="testAbaNumberCheck_12518_bad" classname="com.cardatechnologies.utils.validators.abaroutevalidator.Test_AbaRouteValidator_07" time="0"/>
  <testcase name="testAbaNumberCheck_14140_bad" classname="com.cardatechnologies.utils.validators.abaroutevalidator.Test_AbaRouteValidator_07" time="0"/>
  <testcase name="testAbaNumberCheck_14142_bad" classname="com.cardatechnologies.utils.validators.abaroutevalidator.Test_AbaRouteValidator_07" time="0"/>
  <testcase name="testAbaNumberCheck_13330_bad" classname="com.cardatechnologies.utils.validators.abaroutevalidator.Test_AbaRouteValidator_07" time="0"/>
  <testcase name="testAbaNumberCheck_14144_bad" classname="com.cardatechnologies.utils.validators.abaroutevalidator.Test_AbaRouteValidator_07" time="0"/>
  <testcase name="testAbaNumberCheck_13332_bad" classname="com.cardatechnologies.utils.validators.abaroutevalidator.Test_AbaRouteValidator_07" time="0"/>
  <testcase name="testAbaNumberCheck_14146_bad" classname="com.cardatechnologies.utils.validators.abaroutevalidator.Test_AbaRouteValidator_07" time="0"/>
  <testcase name="testAbaNumberCheck_12520_bad" classname="com.cardatechnologies.utils.validators.abaroutevalidator.Test_AbaRouteValidator_07" time="0"/>
  <testcase name="testAbaNumberCheck_13334_bad" classname="com.cardatechnologies.utils.validators.abaroutevalidator.Test_AbaRouteValidator_07" time="0"/>
  <testcase name="testAbaNumberCheck_14148_bad" classname="com.cardatechnologies.utils.validators.abaroutevalidator.Test_AbaRouteValidator_07" time="0"/>
  <testcase name="testAbaNumberCheck_12522_bad" classname="com.cardatechnologies.utils.validators.abaroutevalidator.Test_AbaRouteValidator_07" time="0"/>
  <testcase name="testAbaNumberCheck_13336_bad" classname="com.cardatechnologies.utils.validators.abaroutevalidator.Test_AbaRouteValidator_07" time="0"/>
  <testcase name="testAbaNumberCheck_12524_bad" classname="com.cardatechnologies.utils.validators.abaroutevalidator.Test_AbaRouteValidator_07" time="0"/>
  <testcase name="testAbaNumberCheck_13338_bad" classname="com.cardatechnologies.utils.validators.abaroutevalidator.Test_AbaRouteValidator_07" time="0"/>
  <testcase name="testAbaNumberCheck_12526_bad" classname="com.cardatechnologies.utils.validators.abaroutevalidator.Test_AbaRouteValidator_07" time="0"/>
  <testcase name="testAbaNumberCheck_12528_bad" classname="com.cardatechnologies.utils.validators.abaroutevalidator.Test_AbaRouteValidator_07" time="0"/>
  <testcase name="testAbaNumberCheck_14600_bad" classname="com.cardatechnologies.utils.validators.abaroutevalidator.Test_AbaRouteValidator_07" time="0"/>
  <testcase name="testAbaNumberCheck_14150_bad" classname="com.cardatechnologies.utils.validators.abaroutevalidator.Test_AbaRouteValidator_07" time="0"/>
  <testcase name="testAbaNumberCheck_14602_bad" classname="com.cardatechnologies.utils.validators.abaroutevalidator.Test_AbaRouteValidator_07" time="0"/>
  <testcase name="testAbaNumberCheck_14152_bad" classname="com.cardatechnologies.utils.validators.abaroutevalidator.Test_AbaRouteValidator_07" time="0"/>
  <testcase name="testAbaNumberCheck_14604_bad" classname="com.cardatechnologies.utils.validators.abaroutevalidator.Test_AbaRouteValidator_07" time="0"/>
  <testcase name="testAbaNumberCheck_13340_bad" classname="com.cardatechnologies.utils.validators.abaroutevalidator.Test_AbaRouteValidator_07" time="0"/>
  <testcase name="testAbaNumberCheck_14154_bad" classname="com.cardatechnologies.utils.validators.abaroutevalidator.Test_AbaRouteValidator_07" time="0"/>
  <testcase name="testAbaNumberCheck_14606_bad" classname="com.cardatechnologies.utils.validators.abaroutevalidator.Test_AbaRouteValidator_07" time="0"/>
  <testcase name="testAbaNumberCheck_13342_bad" classname="com.cardatechnologies.utils.validators.abaroutevalidator.Test_AbaRouteValidator_07" time="0"/>
  <testcase name="testAbaNumberCheck_14156_bad" classname="com.cardatechnologies.utils.validators.abaroutevalidator.Test_AbaRouteValidator_07" time="0"/>
  <testcase name="testAbaNumberCheck_14608_bad" classname="com.cardatechnologies.utils.validators.abaroutevalidator.Test_AbaRouteValidator_07" time="0"/>
  <testcase name="testAbaNumberCheck_12530_bad" classname="com.cardatechnologies.utils.validators.abaroutevalidator.Test_AbaRouteValidator_07" time="0"/>
  <testcase name="testAbaNumberCheck_13344_bad" classname="com.cardatechnologies.utils.validators.abaroutevalidator.Test_AbaRouteValidator_07" time="0"/>
  <testcase name="testAbaNumberCheck_14158_bad" classname="com.cardatechnologies.utils.validators.abaroutevalidator.Test_AbaRouteValidator_07" time="0"/>
  <testcase name="testAbaNumberCheck_12532_bad" classname="com.cardatechnologies.utils.validators.abaroutevalidator.Test_AbaRouteValidator_07" time="0"/>
  <testcase name="testAbaNumberCheck_13346_bad" classname="com.cardatechnologies.utils.validators.abaroutevalidator.Test_AbaRouteValidator_07" time="0"/>
  <testcase name="testAbaNumberCheck_12534_bad" classname="com.cardatechnologies.utils.validators.abaroutevalidator.Test_AbaRouteValidator_07" time="0"/>
  <testcase name="testAbaNumberCheck_13348_bad" classname="com.cardatechnologies.utils.validators.abaroutevalidator.Test_AbaRouteValidator_07" time="0"/>
  <testcase name="testAbaNumberCheck_12536_bad" classname="com.cardatechnologies.utils.validators.abaroutevalidator.Test_AbaRouteValidator_07" time="0"/>
  <testcase name="testAbaNumberCheck_14201_good" classname="com.cardatechnologies.utils.validators.abaroutevalidator.Test_AbaRouteValidator_07" time="0"/>
  <testcase name="testAbaNumberCheck_12538_bad" classname="com.cardatechnologies.utils.validators.abaroutevalidator.Test_AbaRouteValidator_07" time="0"/>
  <testcase name="testAbaNumberCheck_14610_bad" classname="com.cardatechnologies.utils.validators.abaroutevalidator.Test_AbaRouteValidator_07" time="0"/>
  <testcase name="testAbaNumberCheck_14160_bad" classname="com.cardatechnologies.utils.validators.abaroutevalidator.Test_AbaRouteValidator_07" time="0"/>
  <testcase name="testAbaNumberCheck_14612_bad" classname="com.cardatechnologies.utils.validators.abaroutevalidator.Test_AbaRouteValidator_07" time="0"/>
  <testcase name="testAbaNumberCheck_14162_bad" classname="com.cardatechnologies.utils.validators.abaroutevalidator.Test_AbaRouteValidator_07" time="0"/>
  <testcase name="testAbaNumberCheck_13800_bad" classname="com.cardatechnologies.utils.validators.abaroutevalidator.Test_AbaRouteValidator_07" time="0"/>
  <testcase name="testAbaNumberCheck_14614_bad" classname="com.cardatechnologies.utils.validators.abaroutevalidator.Test_AbaRouteValidator_07" time="0"/>
  <testcase name="testAbaNumberCheck_13350_bad" classname="com.cardatechnologies.utils.validators.abaroutevalidator.Test_AbaRouteValidator_07" time="0"/>
  <testcase name="testAbaNumberCheck_14164_bad" classname="com.cardatechnologies.utils.validators.abaroutevalidator.Test_AbaRouteValidator_07" time="0"/>
  <testcase name="testAbaNumberCheck_13802_bad" classname="com.cardatechnologies.utils.validators.abaroutevalidator.Test_AbaRouteValidator_07" time="0.001"/>
  <testcase name="testAbaNumberCheck_14616_bad" classname="com.cardatechnologies.utils.validators.abaroutevalidator.Test_AbaRouteValidator_07" time="0"/>
  <testcase name="testAbaNumberCheck_13352_bad" classname="com.cardatechnologies.utils.validators.abaroutevalidator.Test_AbaRouteValidator_07" time="0"/>
  <testcase name="testAbaNumberCheck_14166_bad" classname="com.cardatechnologies.utils.validators.abaroutevalidator.Test_AbaRouteValidator_07" time="0"/>
  <testcase name="testAbaNumberCheck_13804_bad" classname="com.cardatechnologies.utils.validators.abaroutevalidator.Test_AbaRouteValidator_07" time="0"/>
  <testcase name="testAbaNumberCheck_14618_bad" classname="com.cardatechnologies.utils.validators.abaroutevalidator.Test_AbaRouteValidator_07" time="0"/>
  <testcase name="testAbaNumberCheck_12540_bad" classname="com.cardatechnologies.utils.validators.abaroutevalidator.Test_AbaRouteValidator_07" time="0"/>
  <testcase name="testAbaNumberCheck_13354_bad" classname="com.cardatechnologies.utils.validators.abaroutevalidator.Test_AbaRouteValidator_07" time="0"/>
  <testcase name="testAbaNumberCheck_14168_bad" classname="com.cardatechnologies.utils.validators.abaroutevalidator.Test_AbaRouteValidator_07" time="0"/>
  <testcase name="testAbaNumberCheck_13806_bad" classname="com.cardatechnologies.utils.validators.abaroutevalidator.Test_AbaRouteValidator_07" time="0"/>
  <testcase name="testAbaNumberCheck_12542_bad" classname="com.cardatechnologies.utils.validators.abaroutevalidator.Test_AbaRouteValidator_07" time="0"/>
  <testcase name="testAbaNumberCheck_13356_bad" classname="com.cardatechnologies.utils.validators.abaroutevalidator.Test_AbaRouteValidator_07" time="0"/>
  <testcase name="testAbaNumberCheck_13808_bad" classname="com.cardatechnologies.utils.validators.abaroutevalidator.Test_AbaRouteValidator_07" time="0"/>
  <testcase name="testAbaNumberCheck_12544_bad" classname="com.cardatechnologies.utils.validators.abaroutevalidator.Test_AbaRouteValidator_07" time="0"/>
  <testcase name="testAbaNumberCheck_13358_bad" classname="com.cardatechnologies.utils.validators.abaroutevalidator.Test_AbaRouteValidator_07" time="0"/>
  <testcase name="testAbaNumberCheck_12546_bad" classname="com.cardatechnologies.utils.validators.abaroutevalidator.Test_AbaRouteValidator_07" time="0"/>
  <testcase name="testAbaNumberCheck_12548_bad" classname="com.cardatechnologies.utils.validators.abaroutevalidator.Test_AbaRouteValidator_07" time="0"/>
  <testcase name="testAbaNumberCheck_14121_good" classname="com.cardatechnologies.utils.validators.abaroutevalidator.Test_AbaRouteValidator_07" time="0"/>
  <testcase name="testAbaNumberCheck_14620_bad" classname="com.cardatechnologies.utils.validators.abaroutevalidator.Test_AbaRouteValidator_07" time="0"/>
  <testcase name="testAbaNumberCheck_14170_bad" classname="com.cardatechnologies.utils.validators.abaroutevalidator.Test_AbaRouteValidator_07" time="0"/>
  <testcase name="testAbaNumberCheck_14622_bad" classname="com.cardatechnologies.utils.validators.abaroutevalidator.Test_AbaRouteValidator_07" time="0"/>
  <testcase name="testAbaNumberCheck_14172_bad" classname="com.cardatechnologies.utils.validators.abaroutevalidator.Test_AbaRouteValidator_07" time="0"/>
  <testcase name="testAbaNumberCheck_13810_bad" classname="com.cardatechnologies.utils.validators.abaroutevalidator.Test_AbaRouteValidator_07" time="0"/>
  <testcase name="testAbaNumberCheck_14624_bad" classname="com.cardatechnologies.utils.validators.abaroutevalidator.Test_AbaRouteValidator_07" time="0.001"/>
  <testcase name="testAbaNumberCheck_13360_bad" classname="com.cardatechnologies.utils.validators.abaroutevalidator.Test_AbaRouteValidator_07" time="0"/>
  <testcase name="testAbaNumberCheck_14174_bad" classname="com.cardatechnologies.utils.validators.abaroutevalidator.Test_AbaRouteValidator_07" time="0"/>
  <testcase name="testAbaNumberCheck_13812_bad" classname="com.cardatechnologies.utils.validators.abaroutevalidator.Test_AbaRouteValidator_07" time="0"/>
  <testcase name="testAbaNumberCheck_14626_bad" classname="com.cardatechnologies.utils.validators.abaroutevalidator.Test_AbaRouteValidator_07" time="0"/>
  <testcase name="testAbaNumberCheck_13362_bad" classname="com.cardatechnologies.utils.validators.abaroutevalidator.Test_AbaRouteValidator_07" time="0"/>
  <testcase name="testAbaNumberCheck_14176_bad" classname="com.cardatechnologies.utils.validators.abaroutevalidator.Test_AbaRouteValidator_07" time="0"/>
  <testcase name="testAbaNumberCheck_13814_bad" classname="com.cardatechnologies.utils.validators.abaroutevalidator.Test_AbaRouteValidator_07" time="0"/>
  <testcase name="testAbaNumberCheck_14628_bad" classname="com.cardatechnologies.utils.validators.abaroutevalidator.Test_AbaRouteValidator_07" time="0"/>
  <testcase name="testAbaNumberCheck_12550_bad" classname="com.cardatechnologies.utils.validators.abaroutevalidator.Test_AbaRouteValidator_07" time="0"/>
  <testcase name="testAbaNumberCheck_13364_bad" classname="com.cardatechnologies.utils.validators.abaroutevalidator.Test_AbaRouteValidator_07" time="0"/>
  <testcase name="testAbaNumberCheck_14178_bad" classname="com.cardatechnologies.utils.validators.abaroutevalidator.Test_AbaRouteValidator_07" time="0"/>
  <testcase name="testAbaNumberCheck_13816_bad" classname="com.cardatechnologies.utils.validators.abaroutevalidator.Test_AbaRouteValidator_07" time="0"/>
  <testcase name="testAbaNumberCheck_12552_bad" classname="com.cardatechnologies.utils.validators.abaroutevalidator.Test_AbaRouteValidator_07" time="0"/>
  <testcase name="testAbaNumberCheck_13366_bad" classname="com.cardatechnologies.utils.validators.abaroutevalidator.Test_AbaRouteValidator_07" time="0"/>
  <testcase name="testAbaNumberCheck_13818_bad" classname="com.cardatechnologies.utils.validators.abaroutevalidator.Test_AbaRouteValidator_07" time="0"/>
  <testcase name="testAbaNumberCheck_12554_bad" classname="com.cardatechnologies.utils.validators.abaroutevalidator.Test_AbaRouteValidator_07" time="0"/>
  <testcase name="testAbaNumberCheck_13368_bad" classname="com.cardatechnologies.utils.validators.abaroutevalidator.Test_AbaRouteValidator_07" time="0"/>
  <testcase name="testAbaNumberCheck_12556_bad" classname="com.cardatechnologies.utils.validators.abaroutevalidator.Test_AbaRouteValidator_07" time="0"/>
  <testcase name="testAbaNumberCheck_14203_good" classname="com.cardatechnologies.utils.validators.abaroutevalidator.Test_AbaRouteValidator_07" time="0"/>
  <testcase name="testAbaNumberCheck_12558_bad" classname="com.cardatechnologies.utils.validators.abaroutevalidator.Test_AbaRouteValidator_07" time="0"/>
  <testcase name="testAbaNumberCheck_14041_good" classname="com.cardatechnologies.utils.validators.abaroutevalidator.Test_AbaRouteValidator_07" time="0.001"/>
  <testcase name="testAbaNumberCheck_13101_good" classname="com.cardatechnologies.utils.validators.abaroutevalidator.Test_AbaRouteValidator_07" time="0"/>
  <testcase name="testAbaNumberCheck_14630_bad" classname="com.cardatechnologies.utils.validators.abaroutevalidator.Test_AbaRouteValidator_07" time="0"/>
  <testcase name="testAbaNumberCheck_14180_bad" classname="com.cardatechnologies.utils.validators.abaroutevalidator.Test_AbaRouteValidator_07" time="0"/>
  <testcase name="testAbaNumberCheck_14632_bad" classname="com.cardatechnologies.utils.validators.abaroutevalidator.Test_AbaRouteValidator_07" time="0"/>
  <testcase name="testAbaNumberCheck_14182_bad" classname="com.cardatechnologies.utils.validators.abaroutevalidator.Test_AbaRouteValidator_07" time="0"/>
  <testcase name="testAbaNumberCheck_13820_bad" classname="com.cardatechnologies.utils.validators.abaroutevalidator.Test_AbaRouteValidator_07" time="0"/>
  <testcase name="testAbaNumberCheck_14634_bad" classname="com.cardatechnologies.utils.validators.abaroutevalidator.Test_AbaRouteValidator_07" time="0"/>
  <testcase name="testAbaNumberCheck_13370_bad" classname="com.cardatechnologies.utils.validators.abaroutevalidator.Test_AbaRouteValidator_07" time="0"/>
  <testcase name="testAbaNumberCheck_14184_bad" classname="com.cardatechnologies.utils.validators.abaroutevalidator.Test_AbaRouteValidator_07" time="0"/>
  <testcase name="testAbaNumberCheck_13822_bad" classname="com.cardatechnologies.utils.validators.abaroutevalidator.Test_AbaRouteValidator_07" time="0"/>
  <testcase name="testAbaNumberCheck_14636_bad" classname="com.cardatechnologies.utils.validators.abaroutevalidator.Test_AbaRouteValidator_07" time="0"/>
  <testcase name="testAbaNumberCheck_13372_bad" classname="com.cardatechnologies.utils.validators.abaroutevalidator.Test_AbaRouteValidator_07" time="0"/>
  <testcase name="testAbaNumberCheck_14186_bad" classname="com.cardatechnologies.utils.validators.abaroutevalidator.Test_AbaRouteValidator_07" time="0"/>
  <testcase name="testAbaNumberCheck_14411_good" classname="com.cardatechnologies.utils.validators.abaroutevalidator.Test_AbaRouteValidator_07" time="0"/>
  <testcase name="testAbaNumberCheck_13824_bad" classname="com.cardatechnologies.utils.validators.abaroutevalidator.Test_AbaRouteValidator_07" time="0"/>
  <testcase name="testAbaNumberCheck_14638_bad" classname="com.cardatechnologies.utils.validators.abaroutevalidator.Test_AbaRouteValidator_07" time="0"/>
  <testcase name="testAbaNumberCheck_12560_bad" classname="com.cardatechnologies.utils.validators.abaroutevalidator.Test_AbaRouteValidator_07" time="0"/>
  <testcase name="testAbaNumberCheck_13374_bad" classname="com.cardatechnologies.utils.validators.abaroutevalidator.Test_AbaRouteValidator_07" time="0"/>
  <testcase name="testAbaNumberCheck_14188_bad" classname="com.cardatechnologies.utils.validators.abaroutevalidator.Test_AbaRouteValidator_07" time="0"/>
  <testcase name="testAbaNumberCheck_13826_bad" classname="com.cardatechnologies.utils.validators.abaroutevalidator.Test_AbaRouteValidator_07" time="0"/>
  <testcase name="testAbaNumberCheck_12562_bad" classname="com.cardatechnologies.utils.validators.abaroutevalidator.Test_AbaRouteValidator_07" time="0"/>
  <testcase name="testAbaNumberCheck_13376_bad" classname="com.cardatechnologies.utils.validators.abaroutevalidator.Test_AbaRouteValidator_07" time="0"/>
  <testcase name="testAbaNumberCheck_13828_bad" classname="com.cardatechnologies.utils.validators.abaroutevalidator.Test_AbaRouteValidator_07" time="0"/>
  <testcase name="testAbaNumberCheck_12564_bad" classname="com.cardatechnologies.utils.validators.abaroutevalidator.Test_AbaRouteValidator_07" time="0"/>
  <testcase name="testAbaNumberCheck_13378_bad" classname="com.cardatechnologies.utils.validators.abaroutevalidator.Test_AbaRouteValidator_07" time="0"/>
  <testcase name="testAbaNumberCheck_12566_bad" classname="com.cardatechnologies.utils.validators.abaroutevalidator.Test_AbaRouteValidator_07" time="0"/>
  <testcase name="testAbaNumberCheck_12568_bad" classname="com.cardatechnologies.utils.validators.abaroutevalidator.Test_AbaRouteValidator_07" time="0"/>
  <testcase name="testAbaNumberCheck_14123_good" classname="com.cardatechnologies.utils.validators.abaroutevalidator.Test_AbaRouteValidator_07" time="0"/>
  <testcase name="testAbaNumberCheck_13021_good" classname="com.cardatechnologies.utils.validators.abaroutevalidator.Test_AbaRouteValidator_07" time="0"/>
  <testcase name="testAbaNumberCheck_14640_bad" classname="com.cardatechnologies.utils.validators.abaroutevalidator.Test_AbaRouteValidator_07" time="0"/>
  <testcase name="testAbaNumberCheck_14190_bad" classname="com.cardatechnologies.utils.validators.abaroutevalidator.Test_AbaRouteValidator_07" time="0"/>
  <testcase name="testAbaNumberCheck_14642_bad" classname="com.cardatechnologies.utils.validators.abaroutevalidator.Test_AbaRouteValidator_07" time="0"/>
  <testcase name="testAbaNumberCheck_14192_bad" classname="com.cardatechnologies.utils.validators.abaroutevalidator.Test_AbaRouteValidator_07" time="0"/>
  <testcase name="testAbaNumberCheck_13830_bad" classname="com.cardatechnologies.utils.validators.abaroutevalidator.Test_AbaRouteValidator_07" time="0"/>
  <testcase name="testAbaNumberCheck_14644_bad" classname="com.cardatechnologies.utils.validators.abaroutevalidator.Test_AbaRouteValidator_07" time="0"/>
  <testcase name="testAbaNumberCheck_13380_bad" classname="com.cardatechnologies.utils.validators.abaroutevalidator.Test_AbaRouteValidator_07" time="0"/>
  <testcase name="testAbaNumberCheck_14194_bad" classname="com.cardatechnologies.utils.validators.abaroutevalidator.Test_AbaRouteValidator_07" time="0"/>
  <testcase name="testAbaNumberCheck_13832_bad" classname="com.cardatechnologies.utils.validators.abaroutevalidator.Test_AbaRouteValidator_07" time="0"/>
  <testcase name="testAbaNumberCheck_14646_bad" classname="com.cardatechnologies.utils.validators.abaroutevalidator.Test_AbaRouteValidator_07" time="0"/>
  <testcase name="testAbaNumberCheck_13382_bad" classname="com.cardatechnologies.utils.validators.abaroutevalidator.Test_AbaRouteValidator_07" time="0.001"/>
  <testcase name="testAbaNumberCheck_14196_bad" classname="com.cardatechnologies.utils.validators.abaroutevalidator.Test_AbaRouteValidator_07" time="0"/>
  <testcase name="testAbaNumberCheck_13834_bad" classname="com.cardatechnologies.utils.validators.abaroutevalidator.Test_AbaRouteValidator_07" time="0"/>
  <testcase name="testAbaNumberCheck_14648_bad" classname="com.cardatechnologies.utils.validators.abaroutevalidator.Test_AbaRouteValidator_07" time="0"/>
  <testcase name="testAbaNumberCheck_12570_bad" classname="com.cardatechnologies.utils.validators.abaroutevalidator.Test_AbaRouteValidator_07" time="0"/>
  <testcase name="testAbaNumberCheck_13384_bad" classname="com.cardatechnologies.utils.validators.abaroutevalidator.Test_AbaRouteValidator_07" time="0"/>
  <testcase name="testAbaNumberCheck_14198_bad" classname="com.cardatechnologies.utils.validators.abaroutevalidator.Test_AbaRouteValidator_07" time="0"/>
  <testcase name="testAbaNumberCheck_13836_bad" classname="com.cardatechnologies.utils.validators.abaroutevalidator.Test_AbaRouteValidator_07" time="0"/>
  <testcase name="testAbaNumberCheck_12572_bad" classname="com.cardatechnologies.utils.validators.abaroutevalidator.Test_AbaRouteValidator_07" time="0"/>
  <testcase name="testAbaNumberCheck_13386_bad" classname="com.cardatechnologies.utils.validators.abaroutevalidator.Test_AbaRouteValidator_07" time="0"/>
  <testcase name="testAbaNumberCheck_14331_good" classname="com.cardatechnologies.utils.validators.abaroutevalidator.Test_AbaRouteValidator_07" time="0"/>
  <testcase name="testAbaNumberCheck_13838_bad" classname="com.cardatechnologies.utils.validators.abaroutevalidator.Test_AbaRouteValidator_07" time="0"/>
  <testcase name="testAbaNumberCheck_12574_bad" classname="com.cardatechnologies.utils.validators.abaroutevalidator.Test_AbaRouteValidator_07" time="0"/>
  <testcase name="testAbaNumberCheck_13388_bad" classname="com.cardatechnologies.utils.validators.abaroutevalidator.Test_AbaRouteValidator_07" time="0"/>
  <testcase name="testAbaNumberCheck_12576_bad" classname="com.cardatechnologies.utils.validators.abaroutevalidator.Test_AbaRouteValidator_07" time="0"/>
  <testcase name="testAbaNumberCheck_14205_good" classname="com.cardatechnologies.utils.validators.abaroutevalidator.Test_AbaRouteValidator_07" time="0"/>
  <testcase name="testAbaNumberCheck_12578_bad" classname="com.cardatechnologies.utils.validators.abaroutevalidator.Test_AbaRouteValidator_07" time="0"/>
  <testcase name="testAbaNumberCheck_14043_good" classname="com.cardatechnologies.utils.validators.abaroutevalidator.Test_AbaRouteValidator_07" time="0"/>
  <testcase name="testAbaNumberCheck_13103_good" classname="com.cardatechnologies.utils.validators.abaroutevalidator.Test_AbaRouteValidator_07" time="0"/>
  <testcase name="testAbaNumberCheck_14701_good" classname="com.cardatechnologies.utils.validators.abaroutevalidator.Test_AbaRouteValidator_07" time="0"/>
  <testcase name="testAbaNumberCheck_14650_bad" classname="com.cardatechnologies.utils.validators.abaroutevalidator.Test_AbaRouteValidator_07" time="0"/>
  <testcase name="testAbaNumberCheck_14652_bad" classname="com.cardatechnologies.utils.validators.abaroutevalidator.Test_AbaRouteValidator_07" time="0"/>
  <testcase name="testAbaNumberCheck_13840_bad" classname="com.cardatechnologies.utils.validators.abaroutevalidator.Test_AbaRouteValidator_07" time="0.001"/>
  <testcase name="testAbaNumberCheck_14654_bad" classname="com.cardatechnologies.utils.validators.abaroutevalidator.Test_AbaRouteValidator_07" time="0"/>
  <testcase name="testAbaNumberCheck_13390_bad" classname="com.cardatechnologies.utils.validators.abaroutevalidator.Test_AbaRouteValidator_07" time="0"/>
  <testcase name="testAbaNumberCheck_13842_bad" classname="com.cardatechnologies.utils.validators.abaroutevalidator.Test_AbaRouteValidator_07" time="0"/>
  <testcase name="testAbaNumberCheck_14656_bad" classname="com.cardatechnologies.utils.validators.abaroutevalidator.Test_AbaRouteValidator_07" time="0"/>
  <testcase name="testAbaNumberCheck_13392_bad" classname="com.cardatechnologies.utils.validators.abaroutevalidator.Test_AbaRouteValidator_07" time="0"/>
  <testcase name="testAbaNumberCheck_14413_good" classname="com.cardatechnologies.utils.validators.abaroutevalidator.Test_AbaRouteValidator_07" time="0"/>
  <testcase name="testAbaNumberCheck_13844_bad" classname="com.cardatechnologies.utils.validators.abaroutevalidator.Test_AbaRouteValidator_07" time="0"/>
  <testcase name="testAbaNumberCheck_14658_bad" classname="com.cardatechnologies.utils.validators.abaroutevalidator.Test_AbaRouteValidator_07" time="0"/>
  <testcase name="testAbaNumberCheck_12580_bad" classname="com.cardatechnologies.utils.validators.abaroutevalidator.Test_AbaRouteValidator_07" time="0"/>
  <testcase name="testAbaNumberCheck_13394_bad" classname="com.cardatechnologies.utils.validators.abaroutevalidator.Test_AbaRouteValidator_07" time="0"/>
  <testcase name="testAbaNumberCheck_13846_bad" classname="com.cardatechnologies.utils.validators.abaroutevalidator.Test_AbaRouteValidator_07" time="0"/>
  <testcase name="testAbaNumberCheck_12582_bad" classname="com.cardatechnologies.utils.validators.abaroutevalidator.Test_AbaRouteValidator_07" time="0"/>
  <testcase name="testAbaNumberCheck_13396_bad" classname="com.cardatechnologies.utils.validators.abaroutevalidator.Test_AbaRouteValidator_07" time="0"/>
  <testcase name="testAbaNumberCheck_13848_bad" classname="com.cardatechnologies.utils.validators.abaroutevalidator.Test_AbaRouteValidator_07" time="0"/>
  <testcase name="testAbaNumberCheck_12584_bad" classname="com.cardatechnologies.utils.validators.abaroutevalidator.Test_AbaRouteValidator_07" time="0"/>
  <testcase name="testAbaNumberCheck_13398_bad" classname="com.cardatechnologies.utils.validators.abaroutevalidator.Test_AbaRouteValidator_07" time="0"/>
  <testcase name="testAbaNumberCheck_12586_bad" classname="com.cardatechnologies.utils.validators.abaroutevalidator.Test_AbaRouteValidator_07" time="0"/>
  <testcase name="testAbaNumberCheck_14251_good" classname="com.cardatechnologies.utils.validators.abaroutevalidator.Test_AbaRouteValidator_07" time="0"/>
  <testcase name="testAbaNumberCheck_13311_good" classname="com.cardatechnologies.utils.validators.abaroutevalidator.Test_AbaRouteValidator_07" time="0"/>
  <testcase name="testAbaNumberCheck_12588_bad" classname="com.cardatechnologies.utils.validators.abaroutevalidator.Test_AbaRouteValidator_07" time="0"/>
  <testcase name="testAbaNumberCheck_14125_good" classname="com.cardatechnologies.utils.validators.abaroutevalidator.Test_AbaRouteValidator_07" time="0.001"/>
  <testcase name="testAbaNumberCheck_13023_good" classname="com.cardatechnologies.utils.validators.abaroutevalidator.Test_AbaRouteValidator_07" time="0"/>
  <testcase name="testAbaNumberCheck_14621_good" classname="com.cardatechnologies.utils.validators.abaroutevalidator.Test_AbaRouteValidator_07" time="0"/>
  <testcase name="testAbaNumberCheck_14660_bad" classname="com.cardatechnologies.utils.validators.abaroutevalidator.Test_AbaRouteValidator_07" time="0"/>
  <testcase name="testAbaNumberCheck_14662_bad" classname="com.cardatechnologies.utils.validators.abaroutevalidator.Test_AbaRouteValidator_07" time="0"/>
  <testcase name="testAbaNumberCheck_13850_bad" classname="com.cardatechnologies.utils.validators.abaroutevalidator.Test_AbaRouteValidator_07" time="0"/>
  <testcase name="testAbaNumberCheck_14664_bad" classname="com.cardatechnologies.utils.validators.abaroutevalidator.Test_AbaRouteValidator_07" time="0"/>
  <testcase name="testAbaNumberCheck_13852_bad" classname="com.cardatechnologies.utils.validators.abaroutevalidator.Test_AbaRouteValidator_07" time="0"/>
  <testcase name="testAbaNumberCheck_14666_bad" classname="com.cardatechnologies.utils.validators.abaroutevalidator.Test_AbaRouteValidator_07" time="0"/>
  <testcase name="testAbaNumberCheck_13854_bad" classname="com.cardatechnologies.utils.validators.abaroutevalidator.Test_AbaRouteValidator_07" time="0"/>
  <testcase name="testAbaNumberCheck_14668_bad" classname="com.cardatechnologies.utils.validators.abaroutevalidator.Test_AbaRouteValidator_07" time="0"/>
  <testcase name="testAbaNumberCheck_12590_bad" classname="com.cardatechnologies.utils.validators.abaroutevalidator.Test_AbaRouteValidator_07" time="0"/>
  <testcase name="testAbaNumberCheck_13856_bad" classname="com.cardatechnologies.utils.validators.abaroutevalidator.Test_AbaRouteValidator_07" time="0"/>
  <testcase name="testAbaNumberCheck_12592_bad" classname="com.cardatechnologies.utils.validators.abaroutevalidator.Test_AbaRouteValidator_07" time="0"/>
  <testcase name="testAbaNumberCheck_14333_good" classname="com.cardatechnologies.utils.validators.abaroutevalidator.Test_AbaRouteValidator_07" time="0"/>
  <testcase name="testAbaNumberCheck_13858_bad" classname="com.cardatechnologies.utils.validators.abaroutevalidator.Test_AbaRouteValidator_07" time="0"/>
  <testcase name="testAbaNumberCheck_12594_bad" classname="com.cardatechnologies.utils.validators.abaroutevalidator.Test_AbaRouteValidator_07" time="0"/>
  <testcase name="testAbaNumberCheck_12596_bad" classname="com.cardatechnologies.utils.validators.abaroutevalidator.Test_AbaRouteValidator_07" time="0"/>
  <testcase name="testAbaNumberCheck_14207_good" classname="com.cardatechnologies.utils.validators.abaroutevalidator.Test_AbaRouteValidator_07" time="0"/>
  <testcase name="testAbaNumberCheck_12598_bad" classname="com.cardatechnologies.utils.validators.abaroutevalidator.Test_AbaRouteValidator_07" time="0.001"/>
  <testcase name="testAbaNumberCheck_14171_good" classname="com.cardatechnologies.utils.validators.abaroutevalidator.Test_AbaRouteValidator_07" time="0"/>
  <testcase name="testAbaNumberCheck_13231_good" classname="com.cardatechnologies.utils.validators.abaroutevalidator.Test_AbaRouteValidator_07" time="0"/>
  <testcase name="testAbaNumberCheck_14045_good" classname="com.cardatechnologies.utils.validators.abaroutevalidator.Test_AbaRouteValidator_07" time="0"/>
  <testcase name="testAbaNumberCheck_13105_good" classname="com.cardatechnologies.utils.validators.abaroutevalidator.Test_AbaRouteValidator_07" time="0"/>
  <testcase name="testAbaNumberCheck_14703_good" classname="com.cardatechnologies.utils.validators.abaroutevalidator.Test_AbaRouteValidator_07" time="0"/>
  <testcase name="testAbaNumberCheck_14670_bad" classname="com.cardatechnologies.utils.validators.abaroutevalidator.Test_AbaRouteValidator_07" time="0"/>
  <testcase name="testAbaNumberCheck_14672_bad" classname="com.cardatechnologies.utils.validators.abaroutevalidator.Test_AbaRouteValidator_07" time="0"/>
  <testcase name="testAbaNumberCheck_14541_good" classname="com.cardatechnologies.utils.validators.abaroutevalidator.Test_AbaRouteValidator_07" time="0"/>
  <testcase name="testAbaNumberCheck_13601_good" classname="com.cardatechnologies.utils.validators.abaroutevalidator.Test_AbaRouteValidator_07" time="0"/>
  <testcase name="testAbaNumberCheck_13860_bad" classname="com.cardatechnologies.utils.validators.abaroutevalidator.Test_AbaRouteValidator_07" time="0"/>
  <testcase name="testAbaNumberCheck_14674_bad" classname="com.cardatechnologies.utils.validators.abaroutevalidator.Test_AbaRouteValidator_07" time="0"/>
  <testcase name="testAbaNumberCheck_13862_bad" classname="com.cardatechnologies.utils.validators.abaroutevalidator.Test_AbaRouteValidator_07" time="0"/>
  <testcase name="testAbaNumberCheck_14676_bad" classname="com.cardatechnologies.utils.validators.abaroutevalidator.Test_AbaRouteValidator_07" time="0"/>
  <testcase name="testAbaNumberCheck_14415_good" classname="com.cardatechnologies.utils.validators.abaroutevalidator.Test_AbaRouteValidator_07" time="0.005"/>
  <testcase name="testAbaNumberCheck_13864_bad" classname="com.cardatechnologies.utils.validators.abaroutevalidator.Test_AbaRouteValidator_07" time="0"/>
  <testcase name="testAbaNumberCheck_14678_bad" classname="com.cardatechnologies.utils.validators.abaroutevalidator.Test_AbaRouteValidator_07" time="0"/>
  <testcase name="testAbaNumberCheck_13866_bad" classname="com.cardatechnologies.utils.validators.abaroutevalidator.Test_AbaRouteValidator_07" time="0"/>
  <testcase name="testAbaNumberCheck_13868_bad" classname="com.cardatechnologies.utils.validators.abaroutevalidator.Test_AbaRouteValidator_07" time="0"/>
  <testcase name="testAbaNumberCheck_14253_good" classname="com.cardatechnologies.utils.validators.abaroutevalidator.Test_AbaRouteValidator_07" time="0"/>
  <testcase name="testAbaNumberCheck_13313_good" classname="com.cardatechnologies.utils.validators.abaroutevalidator.Test_AbaRouteValidator_07" time="0"/>
  <testcase name="testAbaNumberCheck_14911_good" classname="com.cardatechnologies.utils.validators.abaroutevalidator.Test_AbaRouteValidator_07" time="0"/>
  <testcase name="testAbaNumberCheck_14127_good" classname="com.cardatechnologies.utils.validators.abaroutevalidator.Test_AbaRouteValidator_07" time="0"/>
  <testcase name="testAbaNumberCheck_14091_good" classname="com.cardatechnologies.utils.validators.abaroutevalidator.Test_AbaRouteValidator_07" time="0"/>
  <testcase name="testAbaNumberCheck_13151_good" classname="com.cardatechnologies.utils.validators.abaroutevalidator.Test_AbaRouteValidator_07" time="0"/>
  <testcase name="testAbaNumberCheck_13025_good" classname="com.cardatechnologies.utils.validators.abaroutevalidator.Test_AbaRouteValidator_07" time="0"/>
  <testcase name="testAbaNumberCheck_14623_good" classname="com.cardatechnologies.utils.validators.abaroutevalidator.Test_AbaRouteValidator_07" time="0"/>
  <testcase name="testAbaNumberCheck_14680_bad" classname="com.cardatechnologies.utils.validators.abaroutevalidator.Test_AbaRouteValidator_07" time="0"/>
  <testcase name="testAbaNumberCheck_14682_bad" classname="com.cardatechnologies.utils.validators.abaroutevalidator.Test_AbaRouteValidator_07" time="0"/>
  <testcase name="testAbaNumberCheck_13870_bad" classname="com.cardatechnologies.utils.validators.abaroutevalidator.Test_AbaRouteValidator_07" time="0"/>
  <testcase name="testAbaNumberCheck_14684_bad" classname="com.cardatechnologies.utils.validators.abaroutevalidator.Test_AbaRouteValidator_07" time="0"/>
  <testcase name="testAbaNumberCheck_13872_bad" classname="com.cardatechnologies.utils.validators.abaroutevalidator.Test_AbaRouteValidator_07" time="0"/>
  <testcase name="testAbaNumberCheck_14686_bad" classname="com.cardatechnologies.utils.validators.abaroutevalidator.Test_AbaRouteValidator_07" time="0"/>
  <testcase name="testAbaNumberCheck_14461_good" classname="com.cardatechnologies.utils.validators.abaroutevalidator.Test_AbaRouteValidator_07" time="0"/>
  <testcase name="testAbaNumberCheck_13521_good" classname="com.cardatechnologies.utils.validators.abaroutevalidator.Test_AbaRouteValidator_07" time="0"/>
  <testcase name="testAbaNumberCheck_13874_bad" classname="com.cardatechnologies.utils.validators.abaroutevalidator.Test_AbaRouteValidator_07" time="0"/>
  <testcase name="testAbaNumberCheck_14688_bad" classname="com.cardatechnologies.utils.validators.abaroutevalidator.Test_AbaRouteValidator_07" time="0"/>
  <testcase name="testAbaNumberCheck_13876_bad" classname="com.cardatechnologies.utils.validators.abaroutevalidator.Test_AbaRouteValidator_07" time="0"/>
  <testcase name="testAbaNumberCheck_14335_good" classname="com.cardatechnologies.utils.validators.abaroutevalidator.Test_AbaRouteValidator_07" time="0"/>
  <testcase name="testAbaNumberCheck_13878_bad" classname="com.cardatechnologies.utils.validators.abaroutevalidator.Test_AbaRouteValidator_07" time="0"/>
  <testcase name="testAbaNumberCheck_14209_good" classname="com.cardatechnologies.utils.validators.abaroutevalidator.Test_AbaRouteValidator_07" time="0"/>
  <testcase name="testAbaNumberCheck_14173_good" classname="com.cardatechnologies.utils.validators.abaroutevalidator.Test_AbaRouteValidator_07" time="0"/>
  <testcase name="testAbaNumberCheck_13233_good" classname="com.cardatechnologies.utils.validators.abaroutevalidator.Test_AbaRouteValidator_07" time="0.001"/>
  <testcase name="testAbaNumberCheck_14831_good" classname="com.cardatechnologies.utils.validators.abaroutevalidator.Test_AbaRouteValidator_07" time="0"/>
  <testcase name="testAbaNumberCheck_14047_good" classname="com.cardatechnologies.utils.validators.abaroutevalidator.Test_AbaRouteValidator_07" time="0"/>
  <testcase name="testAbaNumberCheck_13107_good" classname="com.cardatechnologies.utils.validators.abaroutevalidator.Test_AbaRouteValidator_07" time="0"/>
  <testcase name="testAbaNumberCheck_14705_good" classname="com.cardatechnologies.utils.validators.abaroutevalidator.Test_AbaRouteValidator_07" time="0"/>
  <testcase name="testAbaNumberCheck_13071_good" classname="com.cardatechnologies.utils.validators.abaroutevalidator.Test_AbaRouteValidator_07" time="0"/>
  <testcase name="testAbaNumberCheck_14690_bad" classname="com.cardatechnologies.utils.validators.abaroutevalidator.Test_AbaRouteValidator_07" time="0"/>
  <testcase name="testAbaNumberCheck_14692_bad" classname="com.cardatechnologies.utils.validators.abaroutevalidator.Test_AbaRouteValidator_07" time="0"/>
  <testcase name="testAbaNumberCheck_14543_good" classname="com.cardatechnologies.utils.validators.abaroutevalidator.Test_AbaRouteValidator_07" time="0"/>
  <testcase name="testAbaNumberCheck_13603_good" classname="com.cardatechnologies.utils.validators.abaroutevalidator.Test_AbaRouteValidator_07" time="0"/>
  <testcase name="testAbaNumberCheck_13880_bad" classname="com.cardatechnologies.utils.validators.abaroutevalidator.Test_AbaRouteValidator_07" time="0"/>
  <testcase name="testAbaNumberCheck_14694_bad" classname="com.cardatechnologies.utils.validators.abaroutevalidator.Test_AbaRouteValidator_07" time="0"/>
  <testcase name="testAbaNumberCheck_13882_bad" classname="com.cardatechnologies.utils.validators.abaroutevalidator.Test_AbaRouteValidator_07" time="0"/>
  <testcase name="testAbaNumberCheck_14696_bad" classname="com.cardatechnologies.utils.validators.abaroutevalidator.Test_AbaRouteValidator_07" time="0"/>
  <testcase name="testAbaNumberCheck_14417_good" classname="com.cardatechnologies.utils.validators.abaroutevalidator.Test_AbaRouteValidator_07" time="0"/>
  <testcase name="testAbaNumberCheck_13884_bad" classname="com.cardatechnologies.utils.validators.abaroutevalidator.Test_AbaRouteValidator_07" time="0"/>
  <testcase name="testAbaNumberCheck_14698_bad" classname="com.cardatechnologies.utils.validators.abaroutevalidator.Test_AbaRouteValidator_07" time="0"/>
  <testcase name="testAbaNumberCheck_13886_bad" classname="com.cardatechnologies.utils.validators.abaroutevalidator.Test_AbaRouteValidator_07" time="0"/>
  <testcase name="testAbaNumberCheck_14381_good" classname="com.cardatechnologies.utils.validators.abaroutevalidator.Test_AbaRouteValidator_07" time="0"/>
  <testcase name="testAbaNumberCheck_13441_good" classname="com.cardatechnologies.utils.validators.abaroutevalidator.Test_AbaRouteValidator_07" time="0"/>
  <testcase name="testAbaNumberCheck_12501_good" classname="com.cardatechnologies.utils.validators.abaroutevalidator.Test_AbaRouteValidator_07" time="0"/>
  <testcase name="testAbaNumberCheck_13888_bad" classname="com.cardatechnologies.utils.validators.abaroutevalidator.Test_AbaRouteValidator_07" time="0"/>
  <testcase name="testAbaNumberCheck_14255_good" classname="com.cardatechnologies.utils.validators.abaroutevalidator.Test_AbaRouteValidator_07" time="0"/>
  <testcase name="testAbaNumberCheck_13315_good" classname="com.cardatechnologies.utils.validators.abaroutevalidator.Test_AbaRouteValidator_07" time="0.001"/>
  <testcase name="testAbaNumberCheck_14913_good" classname="com.cardatechnologies.utils.validators.abaroutevalidator.Test_AbaRouteValidator_07" time="0"/>
  <testcase name="testAbaNumberCheck_14129_good" classname="com.cardatechnologies.utils.validators.abaroutevalidator.Test_AbaRouteValidator_07" time="0"/>
  <testcase name="testAbaNumberCheck_14093_good" classname="com.cardatechnologies.utils.validators.abaroutevalidator.Test_AbaRouteValidator_07" time="0"/>
  <testcase name="testAbaNumberCheck_13153_good" classname="com.cardatechnologies.utils.validators.abaroutevalidator.Test_AbaRouteValidator_07" time="0"/>
  <testcase name="testAbaNumberCheck_14751_good" classname="com.cardatechnologies.utils.validators.abaroutevalidator.Test_AbaRouteValidator_07" time="0"/>
  <testcase name="testAbaNumberCheck_13811_good" classname="com.cardatechnologies.utils.validators.abaroutevalidator.Test_AbaRouteValidator_07" time="0"/>
  <testcase name="testAbaNumberCheck_13027_good" classname="com.cardatechnologies.utils.validators.abaroutevalidator.Test_AbaRouteValidator_07" time="0"/>
  <testcase name="testAbaNumberCheck_14625_good" classname="com.cardatechnologies.utils.validators.abaroutevalidator.Test_AbaRouteValidator_07" time="0"/>
  <testcase name="testAbaNumberCheck_13890_bad" classname="com.cardatechnologies.utils.validators.abaroutevalidator.Test_AbaRouteValidator_07" time="0"/>
  <testcase name="testAbaNumberCheck_13892_bad" classname="com.cardatechnologies.utils.validators.abaroutevalidator.Test_AbaRouteValidator_07" time="0"/>
  <testcase name="testAbaNumberCheck_14463_good" classname="com.cardatechnologies.utils.validators.abaroutevalidator.Test_AbaRouteValidator_07" time="0"/>
  <testcase name="testAbaNumberCheck_13523_good" classname="com.cardatechnologies.utils.validators.abaroutevalidator.Test_AbaRouteValidator_07" time="0"/>
  <testcase name="testAbaNumberCheck_13894_bad" classname="com.cardatechnologies.utils.validators.abaroutevalidator.Test_AbaRouteValidator_07" time="0"/>
  <testcase name="testAbaNumberCheck_13896_bad" classname="com.cardatechnologies.utils.validators.abaroutevalidator.Test_AbaRouteValidator_07" time="0"/>
  <testcase name="testAbaNumberCheck_14337_good" classname="com.cardatechnologies.utils.validators.abaroutevalidator.Test_AbaRouteValidator_07" time="0"/>
  <testcase name="testAbaNumberCheck_13898_bad" classname="com.cardatechnologies.utils.validators.abaroutevalidator.Test_AbaRouteValidator_07" time="0"/>
  <testcase name="testAbaNumberCheck_13361_good" classname="com.cardatechnologies.utils.validators.abaroutevalidator.Test_AbaRouteValidator_07" time="0"/>
  <testcase name="testAbaNumberCheck_14175_good" classname="com.cardatechnologies.utils.validators.abaroutevalidator.Test_AbaRouteValidator_07" time="0"/>
  <testcase name="testAbaNumberCheck_13235_good" classname="com.cardatechnologies.utils.validators.abaroutevalidator.Test_AbaRouteValidator_07" time="0"/>
  <testcase name="testAbaNumberCheck_14833_good" classname="com.cardatechnologies.utils.validators.abaroutevalidator.Test_AbaRouteValidator_07" time="0"/>
  <testcase name="testAbaNumberCheck_14049_good" classname="com.cardatechnologies.utils.validators.abaroutevalidator.Test_AbaRouteValidator_07" time="0"/>
  <testcase name="testAbaNumberCheck_13109_good" classname="com.cardatechnologies.utils.validators.abaroutevalidator.Test_AbaRouteValidator_07" time="0"/>
  <testcase name="testAbaNumberCheck_14707_good" classname="com.cardatechnologies.utils.validators.abaroutevalidator.Test_AbaRouteValidator_07" time="0"/>
  <testcase name="testAbaNumberCheck_13073_good" classname="com.cardatechnologies.utils.validators.abaroutevalidator.Test_AbaRouteValidator_07" time="0"/>
  <testcase name="testAbaNumberCheck_14671_good" classname="com.cardatechnologies.utils.validators.abaroutevalidator.Test_AbaRouteValidator_07" time="0"/>
  <testcase name="testAbaNumberCheck_13731_good" classname="com.cardatechnologies.utils.validators.abaroutevalidator.Test_AbaRouteValidator_07" time="0"/>
  <testcase name="testAbaNumberCheck_14545_good" classname="com.cardatechnologies.utils.validators.abaroutevalidator.Test_AbaRouteValidator_07" time="0"/>
  <testcase name="testAbaNumberCheck_13605_good" classname="com.cardatechnologies.utils.validators.abaroutevalidator.Test_AbaRouteValidator_07" time="0"/>
  <testcase name="testAbaNumberCheck_14419_good" classname="com.cardatechnologies.utils.validators.abaroutevalidator.Test_AbaRouteValidator_07" time="0"/>
  <testcase name="testAbaNumberCheck_14383_good" classname="com.cardatechnologies.utils.validators.abaroutevalidator.Test_AbaRouteValidator_07" time="0"/>
  <testcase name="testAbaNumberCheck_13443_good" classname="com.cardatechnologies.utils.validators.abaroutevalidator.Test_AbaRouteValidator_07" time="0"/>
  <testcase name="testAbaNumberCheck_12503_good" classname="com.cardatechnologies.utils.validators.abaroutevalidator.Test_AbaRouteValidator_07" time="0"/>
  <testcase name="testAbaNumberCheck_14257_good" classname="com.cardatechnologies.utils.validators.abaroutevalidator.Test_AbaRouteValidator_07" time="0"/>
  <testcase name="testAbaNumberCheck_13317_good" classname="com.cardatechnologies.utils.validators.abaroutevalidator.Test_AbaRouteValidator_07" time="0"/>
  <testcase name="testAbaNumberCheck_14915_good" classname="com.cardatechnologies.utils.validators.abaroutevalidator.Test_AbaRouteValidator_07" time="0"/>
  <testcase name="testAbaNumberCheck_13281_good" classname="com.cardatechnologies.utils.validators.abaroutevalidator.Test_AbaRouteValidator_07" time="0"/>
  <testcase name="testAbaNumberCheck_14095_good" classname="com.cardatechnologies.utils.validators.abaroutevalidator.Test_AbaRouteValidator_07" time="0"/>
  <testcase name="testAbaNumberCheck_13155_good" classname="com.cardatechnologies.utils.validators.abaroutevalidator.Test_AbaRouteValidator_07" time="0"/>
  <testcase name="testAbaNumberCheck_14753_good" classname="com.cardatechnologies.utils.validators.abaroutevalidator.Test_AbaRouteValidator_07" time="0"/>
  <testcase name="testAbaNumberCheck_13813_good" classname="com.cardatechnologies.utils.validators.abaroutevalidator.Test_AbaRouteValidator_07" time="0"/>
  <testcase name="testAbaNumberCheck_13029_good" classname="com.cardatechnologies.utils.validators.abaroutevalidator.Test_AbaRouteValidator_07" time="0"/>
  <testcase name="testAbaNumberCheck_14627_good" classname="com.cardatechnologies.utils.validators.abaroutevalidator.Test_AbaRouteValidator_07" time="0"/>
  <testcase name="testAbaNumberCheck_14591_good" classname="com.cardatechnologies.utils.validators.abaroutevalidator.Test_AbaRouteValidator_07" time="0"/>
  <testcase name="testAbaNumberCheck_13651_good" classname="com.cardatechnologies.utils.validators.abaroutevalidator.Test_AbaRouteValidator_07" time="0"/>
  <testcase name="testAbaNumberCheck_12711_good" classname="com.cardatechnologies.utils.validators.abaroutevalidator.Test_AbaRouteValidator_07" time="0"/>
  <testcase name="testAbaNumberCheck_14465_good" classname="com.cardatechnologies.utils.validators.abaroutevalidator.Test_AbaRouteValidator_07" time="0"/>
  <testcase name="testAbaNumberCheck_13525_good" classname="com.cardatechnologies.utils.validators.abaroutevalidator.Test_AbaRouteValidator_07" time="0"/>
  <testcase name="testAbaNumberCheck_14339_good" classname="com.cardatechnologies.utils.validators.abaroutevalidator.Test_AbaRouteValidator_07" time="0"/>
  <testcase name="testAbaNumberCheck_13363_good" classname="com.cardatechnologies.utils.validators.abaroutevalidator.Test_AbaRouteValidator_07" time="0"/>
  <testcase name="testAbaNumberCheck_14961_good" classname="com.cardatechnologies.utils.validators.abaroutevalidator.Test_AbaRouteValidator_07" time="0"/>
  <testcase name="testAbaNumberCheck_14177_good" classname="com.cardatechnologies.utils.validators.abaroutevalidator.Test_AbaRouteValidator_07" time="0.001"/>
  <testcase name="testAbaNumberCheck_13237_good" classname="com.cardatechnologies.utils.validators.abaroutevalidator.Test_AbaRouteValidator_07" time="0"/>
  <testcase name="testAbaNumberCheck_14835_good" classname="com.cardatechnologies.utils.validators.abaroutevalidator.Test_AbaRouteValidator_07" time="0"/>
  <testcase name="testAbaNumberCheck_14709_good" classname="com.cardatechnologies.utils.validators.abaroutevalidator.Test_AbaRouteValidator_07" time="0"/>
  <testcase name="testAbaNumberCheck_13075_good" classname="com.cardatechnologies.utils.validators.abaroutevalidator.Test_AbaRouteValidator_07" time="0"/>
  <testcase name="testAbaNumberCheck_14673_good" classname="com.cardatechnologies.utils.validators.abaroutevalidator.Test_AbaRouteValidator_07" time="0"/>
  <testcase name="testAbaNumberCheck_13733_good" classname="com.cardatechnologies.utils.validators.abaroutevalidator.Test_AbaRouteValidator_07" time="0"/>
  <testcase name="testAbaNumberCheck_14547_good" classname="com.cardatechnologies.utils.validators.abaroutevalidator.Test_AbaRouteValidator_07" time="0"/>
  <testcase name="testAbaNumberCheck_13607_good" classname="com.cardatechnologies.utils.validators.abaroutevalidator.Test_AbaRouteValidator_07" time="0"/>
  <testcase name="testAbaNumberCheck_13571_good" classname="com.cardatechnologies.utils.validators.abaroutevalidator.Test_AbaRouteValidator_07" time="0"/>
  <testcase name="testAbaNumberCheck_12631_good" classname="com.cardatechnologies.utils.validators.abaroutevalidator.Test_AbaRouteValidator_07" time="0"/>
  <testcase name="testAbaNumberCheck_14385_good" classname="com.cardatechnologies.utils.validators.abaroutevalidator.Test_AbaRouteValidator_07" time="0"/>
  <testcase name="testAbaNumberCheck_13445_good" classname="com.cardatechnologies.utils.validators.abaroutevalidator.Test_AbaRouteValidator_07" time="0"/>
  <testcase name="testAbaNumberCheck_12505_good" classname="com.cardatechnologies.utils.validators.abaroutevalidator.Test_AbaRouteValidator_07" time="0"/>
  <testcase name="testAbaNumberCheck_14259_good" classname="com.cardatechnologies.utils.validators.abaroutevalidator.Test_AbaRouteValidator_07" time="0"/>
  <testcase name="testAbaNumberCheck_13319_good" classname="com.cardatechnologies.utils.validators.abaroutevalidator.Test_AbaRouteValidator_07" time="0"/>
  <testcase name="testAbaNumberCheck_14917_good" classname="com.cardatechnologies.utils.validators.abaroutevalidator.Test_AbaRouteValidator_07" time="0"/>
  <testcase name="testAbaNumberCheck_13283_good" classname="com.cardatechnologies.utils.validators.abaroutevalidator.Test_AbaRouteValidator_07" time="0"/>
  <testcase name="testAbaNumberCheck_14881_good" classname="com.cardatechnologies.utils.validators.abaroutevalidator.Test_AbaRouteValidator_07" time="0"/>
  <testcase name="testAbaNumberCheck_13941_good" classname="com.cardatechnologies.utils.validators.abaroutevalidator.Test_AbaRouteValidator_07" time="0"/>
  <testcase name="testAbaNumberCheck_14097_good" classname="com.cardatechnologies.utils.validators.abaroutevalidator.Test_AbaRouteValidator_07" time="0"/>
  <testcase name="testAbaNumberCheck_13157_good" classname="com.cardatechnologies.utils.validators.abaroutevalidator.Test_AbaRouteValidator_07" time="0"/>
  <testcase name="testAbaNumberCheck_14755_good" classname="com.cardatechnologies.utils.validators.abaroutevalidator.Test_AbaRouteValidator_07" time="0"/>
  <testcase name="testAbaNumberCheck_13815_good" classname="com.cardatechnologies.utils.validators.abaroutevalidator.Test_AbaRouteValidator_07" time="0"/>
  <testcase name="testAbaNumberCheck_14629_good" classname="com.cardatechnologies.utils.validators.abaroutevalidator.Test_AbaRouteValidator_07" time="0"/>
  <testcase name="testAbaNumberCheck_14593_good" classname="com.cardatechnologies.utils.validators.abaroutevalidator.Test_AbaRouteValidator_07" time="0"/>
  <testcase name="testAbaNumberCheck_13653_good" classname="com.cardatechnologies.utils.validators.abaroutevalidator.Test_AbaRouteValidator_07" time="0"/>
  <testcase name="testAbaNumberCheck_12713_good" classname="com.cardatechnologies.utils.validators.abaroutevalidator.Test_AbaRouteValidator_07" time="0"/>
  <testcase name="testAbaNumberCheck_14467_good" classname="com.cardatechnologies.utils.validators.abaroutevalidator.Test_AbaRouteValidator_07" time="0"/>
  <testcase name="testAbaNumberCheck_13527_good" classname="com.cardatechnologies.utils.validators.abaroutevalidator.Test_AbaRouteValidator_07" time="0"/>
  <testcase name="testAbaNumberCheck_13491_good" classname="com.cardatechnologies.utils.validators.abaroutevalidator.Test_AbaRouteValidator_07" time="0"/>
  <testcase name="testAbaNumberCheck_12551_good" classname="com.cardatechnologies.utils.validators.abaroutevalidator.Test_AbaRouteValidator_07" time="0"/>
  <testcase name="testAbaNumberCheck_13365_good" classname="com.cardatechnologies.utils.validators.abaroutevalidator.Test_AbaRouteValidator_07" time="0"/>
  <testcase name="testAbaNumberCheck_14963_good" classname="com.cardatechnologies.utils.validators.abaroutevalidator.Test_AbaRouteValidator_07" time="0"/>
  <testcase name="testAbaNumberCheck_14179_good" classname="com.cardatechnologies.utils.validators.abaroutevalidator.Test_AbaRouteValidator_07" time="0"/>
  <testcase name="testAbaNumberCheck_13239_good" classname="com.cardatechnologies.utils.validators.abaroutevalidator.Test_AbaRouteValidator_07" time="0"/>
  <testcase name="testAbaNumberCheck_14837_good" classname="com.cardatechnologies.utils.validators.abaroutevalidator.Test_AbaRouteValidator_07" time="0"/>
  <testcase name="testAbaNumberCheck_13861_good" classname="com.cardatechnologies.utils.validators.abaroutevalidator.Test_AbaRouteValidator_07" time="0"/>
  <testcase name="testAbaNumberCheck_12921_good" classname="com.cardatechnologies.utils.validators.abaroutevalidator.Test_AbaRouteValidator_07" time="0"/>
  <testcase name="testAbaNumberCheck_13077_good" classname="com.cardatechnologies.utils.validators.abaroutevalidator.Test_AbaRouteValidator_07" time="0"/>
  <testcase name="testAbaNumberCheck_14675_good" classname="com.cardatechnologies.utils.validators.abaroutevalidator.Test_AbaRouteValidator_07" time="0"/>
  <testcase name="testAbaNumberCheck_13735_good" classname="com.cardatechnologies.utils.validators.abaroutevalidator.Test_AbaRouteValidator_07" time="0"/>
  <testcase name="testAbaNumberCheck_14549_good" classname="com.cardatechnologies.utils.validators.abaroutevalidator.Test_AbaRouteValidator_07" time="0"/>
  <testcase name="testAbaNumberCheck_13609_good" classname="com.cardatechnologies.utils.validators.abaroutevalidator.Test_AbaRouteValidator_07" time="0"/>
  <testcase name="testAbaNumberCheck_13573_good" classname="com.cardatechnologies.utils.validators.abaroutevalidator.Test_AbaRouteValidator_07" time="0"/>
  <testcase name="testAbaNumberCheck_12633_good" classname="com.cardatechnologies.utils.validators.abaroutevalidator.Test_AbaRouteValidator_07" time="0"/>
  <testcase name="testAbaNumberCheck_14387_good" classname="com.cardatechnologies.utils.validators.abaroutevalidator.Test_AbaRouteValidator_07" time="0"/>
  <testcase name="testAbaNumberCheck_13447_good" classname="com.cardatechnologies.utils.validators.abaroutevalidator.Test_AbaRouteValidator_07" time="0"/>
  <testcase name="testAbaNumberCheck_12507_good" classname="com.cardatechnologies.utils.validators.abaroutevalidator.Test_AbaRouteValidator_07" time="0"/>
  <testcase name="testAbaNumberCheck_12471_good" classname="com.cardatechnologies.utils.validators.abaroutevalidator.Test_AbaRouteValidator_07" time="0"/>
  <testcase name="testAbaNumberCheck_14919_good" classname="com.cardatechnologies.utils.validators.abaroutevalidator.Test_AbaRouteValidator_07" time="0"/>
  <testcase name="testAbaNumberCheck_13285_good" classname="com.cardatechnologies.utils.validators.abaroutevalidator.Test_AbaRouteValidator_07" time="0"/>
  <testcase name="testAbaNumberCheck_14883_good" classname="com.cardatechnologies.utils.validators.abaroutevalidator.Test_AbaRouteValidator_07" time="0"/>
  <testcase name="testAbaNumberCheck_13943_good" classname="com.cardatechnologies.utils.validators.abaroutevalidator.Test_AbaRouteValidator_07" time="0"/>
  <testcase name="testAbaNumberCheck_14099_good" classname="com.cardatechnologies.utils.validators.abaroutevalidator.Test_AbaRouteValidator_07" time="0.001"/>
  <testcase name="testAbaNumberCheck_13159_good" classname="com.cardatechnologies.utils.validators.abaroutevalidator.Test_AbaRouteValidator_07" time="0"/>
  <testcase name="testAbaNumberCheck_14757_good" classname="com.cardatechnologies.utils.validators.abaroutevalidator.Test_AbaRouteValidator_07" time="0"/>
  <testcase name="testAbaNumberCheck_13817_good" classname="com.cardatechnologies.utils.validators.abaroutevalidator.Test_AbaRouteValidator_07" time="0"/>
  <testcase name="testAbaNumberCheck_13781_good" classname="com.cardatechnologies.utils.validators.abaroutevalidator.Test_AbaRouteValidator_07" time="0"/>
  <testcase name="testAbaNumberCheck_12841_good" classname="com.cardatechnologies.utils.validators.abaroutevalidator.Test_AbaRouteValidator_07" time="0"/>
  <testcase name="testAbaNumberCheck_14595_good" classname="com.cardatechnologies.utils.validators.abaroutevalidator.Test_AbaRouteValidator_07" time="0"/>
  <testcase name="testAbaNumberCheck_13655_good" classname="com.cardatechnologies.utils.validators.abaroutevalidator.Test_AbaRouteValidator_07" time="0"/>
  <testcase name="testAbaNumberCheck_12715_good" classname="com.cardatechnologies.utils.validators.abaroutevalidator.Test_AbaRouteValidator_07" time="0"/>
  <testcase name="testAbaNumberCheck_14469_good" classname="com.cardatechnologies.utils.validators.abaroutevalidator.Test_AbaRouteValidator_07" time="0"/>
  <testcase name="testAbaNumberCheck_13529_good" classname="com.cardatechnologies.utils.validators.abaroutevalidator.Test_AbaRouteValidator_07" time="0"/>
  <testcase name="testAbaNumberCheck_13493_good" classname="com.cardatechnologies.utils.validators.abaroutevalidator.Test_AbaRouteValidator_07" time="0"/>
  <testcase name="testAbaNumberCheck_12553_good" classname="com.cardatechnologies.utils.validators.abaroutevalidator.Test_AbaRouteValidator_07" time="0"/>
  <testcase name="testAbaNumberCheck_13367_good" classname="com.cardatechnologies.utils.validators.abaroutevalidator.Test_AbaRouteValidator_07" time="0"/>
  <testcase name="testAbaNumberCheck_14965_good" classname="com.cardatechnologies.utils.validators.abaroutevalidator.Test_AbaRouteValidator_07" time="0"/>
  <testcase name="testAbaNumberCheck_14839_good" classname="com.cardatechnologies.utils.validators.abaroutevalidator.Test_AbaRouteValidator_07" time="0"/>
  <testcase name="testAbaNumberCheck_13863_good" classname="com.cardatechnologies.utils.validators.abaroutevalidator.Test_AbaRouteValidator_07" time="0"/>
  <testcase name="testAbaNumberCheck_12923_good" classname="com.cardatechnologies.utils.validators.abaroutevalidator.Test_AbaRouteValidator_07" time="0"/>
  <testcase name="testAbaNumberCheck_13079_good" classname="com.cardatechnologies.utils.validators.abaroutevalidator.Test_AbaRouteValidator_07" time="0"/>
  <testcase name="testAbaNumberCheck_14677_good" classname="com.cardatechnologies.utils.validators.abaroutevalidator.Test_AbaRouteValidator_07" time="0"/>
  <testcase name="testAbaNumberCheck_13737_good" classname="com.cardatechnologies.utils.validators.abaroutevalidator.Test_AbaRouteValidator_07" time="0"/>
  <testcase name="testAbaNumberCheck_12761_good" classname="com.cardatechnologies.utils.validators.abaroutevalidator.Test_AbaRouteValidator_07" time="0"/>
  <testcase name="testAbaNumberCheck_13575_good" classname="com.cardatechnologies.utils.validators.abaroutevalidator.Test_AbaRouteValidator_07" time="0"/>
  <testcase name="testAbaNumberCheck_12635_good" classname="com.cardatechnologies.utils.validators.abaroutevalidator.Test_AbaRouteValidator_07" time="0"/>
  <testcase name="testAbaNumberCheck_14389_good" classname="com.cardatechnologies.utils.validators.abaroutevalidator.Test_AbaRouteValidator_07" time="0"/>
  <testcase name="testAbaNumberCheck_13449_good" classname="com.cardatechnologies.utils.validators.abaroutevalidator.Test_AbaRouteValidator_07" time="0"/>
  <testcase name="testAbaNumberCheck_12509_good" classname="com.cardatechnologies.utils.validators.abaroutevalidator.Test_AbaRouteValidator_07" time="0"/>
  <testcase name="testAbaNumberCheck_12473_good" classname="com.cardatechnologies.utils.validators.abaroutevalidator.Test_AbaRouteValidator_07" time="0"/>
  <testcase name="testAbaNumberCheck_13287_good" classname="com.cardatechnologies.utils.validators.abaroutevalidator.Test_AbaRouteValidator_07" time="0"/>
  <testcase name="testAbaNumberCheck_14885_good" classname="com.cardatechnologies.utils.validators.abaroutevalidator.Test_AbaRouteValidator_07" time="0"/>
  <testcase name="testAbaNumberCheck_13945_good" classname="com.cardatechnologies.utils.validators.abaroutevalidator.Test_AbaRouteValidator_07" time="0"/>
  <testcase name="testAbaNumberCheck_14759_good" classname="com.cardatechnologies.utils.validators.abaroutevalidator.Test_AbaRouteValidator_07" time="0"/>
  <testcase name="testAbaNumberCheck_13819_good" classname="com.cardatechnologies.utils.validators.abaroutevalidator.Test_AbaRouteValidator_07" time="0"/>
  <testcase name="testAbaNumberCheck_13783_good" classname="com.cardatechnologies.utils.validators.abaroutevalidator.Test_AbaRouteValidator_07" time="0"/>
  <testcase name="testAbaNumberCheck_12843_good" classname="com.cardatechnologies.utils.validators.abaroutevalidator.Test_AbaRouteValidator_07" time="0"/>
  <testcase name="testAbaNumberCheck_14597_good" classname="com.cardatechnologies.utils.validators.abaroutevalidator.Test_AbaRouteValidator_07" time="0"/>
  <testcase name="testAbaNumberCheck_13657_good" classname="com.cardatechnologies.utils.validators.abaroutevalidator.Test_AbaRouteValidator_07" time="0"/>
  <testcase name="testAbaNumberCheck_12717_good" classname="com.cardatechnologies.utils.validators.abaroutevalidator.Test_AbaRouteValidator_07" time="0"/>
  <testcase name="testAbaNumberCheck_12681_good" classname="com.cardatechnologies.utils.validators.abaroutevalidator.Test_AbaRouteValidator_07" time="0"/>
  <testcase name="testAbaNumberCheck_13495_good" classname="com.cardatechnologies.utils.validators.abaroutevalidator.Test_AbaRouteValidator_07" time="0"/>
  <testcase name="testAbaNumberCheck_12555_good" classname="com.cardatechnologies.utils.validators.abaroutevalidator.Test_AbaRouteValidator_07" time="0"/>
  <testcase name="testAbaNumberCheck_13369_good" classname="com.cardatechnologies.utils.validators.abaroutevalidator.Test_AbaRouteValidator_07" time="0"/>
  <testcase name="testAbaNumberCheck_14967_good" classname="com.cardatechnologies.utils.validators.abaroutevalidator.Test_AbaRouteValidator_07" time="0"/>
  <testcase name="testAbaNumberCheck_13991_good" classname="com.cardatechnologies.utils.validators.abaroutevalidator.Test_AbaRouteValidator_07" time="0"/>
  <testcase name="testAbaNumberCheck_13865_good" classname="com.cardatechnologies.utils.validators.abaroutevalidator.Test_AbaRouteValidator_07" time="0"/>
  <testcase name="testAbaNumberCheck_12925_good" classname="com.cardatechnologies.utils.validators.abaroutevalidator.Test_AbaRouteValidator_07" time="0"/>
  <testcase name="testAbaNumberCheck_14679_good" classname="com.cardatechnologies.utils.validators.abaroutevalidator.Test_AbaRouteValidator_07" time="0"/>
  <testcase name="testAbaNumberCheck_13739_good" classname="com.cardatechnologies.utils.validators.abaroutevalidator.Test_AbaRouteValidator_07" time="0"/>
  <testcase name="testAbaNumberCheck_12763_good" classname="com.cardatechnologies.utils.validators.abaroutevalidator.Test_AbaRouteValidator_07" time="0"/>
  <testcase name="testAbaNumberCheck_13577_good" classname="com.cardatechnologies.utils.validators.abaroutevalidator.Test_AbaRouteValidator_07" time="0"/>
  <testcase name="testAbaNumberCheck_12637_good" classname="com.cardatechnologies.utils.validators.abaroutevalidator.Test_AbaRouteValidator_07" time="0"/>
  <testcase name="testAbaNumberCheck_12475_good" classname="com.cardatechnologies.utils.validators.abaroutevalidator.Test_AbaRouteValidator_07" time="0"/>
  <testcase name="testAbaNumberCheck_13289_good" classname="com.cardatechnologies.utils.validators.abaroutevalidator.Test_AbaRouteValidator_07" time="0"/>
  <testcase name="testAbaNumberCheck_14887_good" classname="com.cardatechnologies.utils.validators.abaroutevalidator.Test_AbaRouteValidator_07" time="0.001"/>
  <testcase name="testAbaNumberCheck_13947_good" classname="com.cardatechnologies.utils.validators.abaroutevalidator.Test_AbaRouteValidator_07" time="0"/>
  <testcase name="testAbaNumberCheck_12971_good" classname="com.cardatechnologies.utils.validators.abaroutevalidator.Test_AbaRouteValidator_07" time="0"/>
  <testcase name="testAbaNumberCheck_13785_good" classname="com.cardatechnologies.utils.validators.abaroutevalidator.Test_AbaRouteValidator_07" time="0"/>
  <testcase name="testAbaNumberCheck_12845_good" classname="com.cardatechnologies.utils.validators.abaroutevalidator.Test_AbaRouteValidator_07" time="0"/>
  <testcase name="testAbaNumberCheck_14599_good" classname="com.cardatechnologies.utils.validators.abaroutevalidator.Test_AbaRouteValidator_07" time="0"/>
  <testcase name="testAbaNumberCheck_13659_good" classname="com.cardatechnologies.utils.validators.abaroutevalidator.Test_AbaRouteValidator_07" time="0"/>
  <testcase name="testAbaNumberCheck_12719_good" classname="com.cardatechnologies.utils.validators.abaroutevalidator.Test_AbaRouteValidator_07" time="0"/>
  <testcase name="testAbaNumberCheck_12683_good" classname="com.cardatechnologies.utils.validators.abaroutevalidator.Test_AbaRouteValidator_07" time="0"/>
  <testcase name="testAbaNumberCheck_13497_good" classname="com.cardatechnologies.utils.validators.abaroutevalidator.Test_AbaRouteValidator_07" time="0"/>
  <testcase name="testAbaNumberCheck_12557_good" classname="com.cardatechnologies.utils.validators.abaroutevalidator.Test_AbaRouteValidator_07" time="0"/>
  <testcase name="testAbaNumberCheck_14969_good" classname="com.cardatechnologies.utils.validators.abaroutevalidator.Test_AbaRouteValidator_07" time="0"/>
  <testcase name="testAbaNumberCheck_13993_good" classname="com.cardatechnologies.utils.validators.abaroutevalidator.Test_AbaRouteValidator_07" time="0"/>
  <testcase name="testAbaNumberCheck_13867_good" classname="com.cardatechnologies.utils.validators.abaroutevalidator.Test_AbaRouteValidator_07" time="0"/>
  <testcase name="testAbaNumberCheck_12927_good" classname="com.cardatechnologies.utils.validators.abaroutevalidator.Test_AbaRouteValidator_07" time="0"/>
  <testcase name="testAbaNumberCheck_12891_good" classname="com.cardatechnologies.utils.validators.abaroutevalidator.Test_AbaRouteValidator_07" time="0"/>
  <testcase name="testAbaNumberCheck_12765_good" classname="com.cardatechnologies.utils.validators.abaroutevalidator.Test_AbaRouteValidator_07" time="0"/>
  <testcase name="testAbaNumberCheck_13579_good" classname="com.cardatechnologies.utils.validators.abaroutevalidator.Test_AbaRouteValidator_07" time="0"/>
  <testcase name="testAbaNumberCheck_12639_good" classname="com.cardatechnologies.utils.validators.abaroutevalidator.Test_AbaRouteValidator_07" time="0"/>
  <testcase name="testAbaNumberCheck_12477_good" classname="com.cardatechnologies.utils.validators.abaroutevalidator.Test_AbaRouteValidator_07" time="0"/>
  <testcase name="testAbaNumberCheck_14889_good" classname="com.cardatechnologies.utils.validators.abaroutevalidator.Test_AbaRouteValidator_07" time="0"/>
  <testcase name="testAbaNumberCheck_13949_good" classname="com.cardatechnologies.utils.validators.abaroutevalidator.Test_AbaRouteValidator_07" time="0"/>
  <testcase name="testAbaNumberCheck_12973_good" classname="com.cardatechnologies.utils.validators.abaroutevalidator.Test_AbaRouteValidator_07" time="0"/>
  <testcase name="testAbaNumberCheck_13787_good" classname="com.cardatechnologies.utils.validators.abaroutevalidator.Test_AbaRouteValidator_07" time="0"/>
  <testcase name="testAbaNumberCheck_12847_good" classname="com.cardatechnologies.utils.validators.abaroutevalidator.Test_AbaRouteValidator_07" time="0"/>
  <testcase name="testAbaNumberCheck_12685_good" classname="com.cardatechnologies.utils.validators.abaroutevalidator.Test_AbaRouteValidator_07" time="0"/>
  <testcase name="testAbaNumberCheck_13499_good" classname="com.cardatechnologies.utils.validators.abaroutevalidator.Test_AbaRouteValidator_07" time="0"/>
  <testcase name="testAbaNumberCheck_12559_good" classname="com.cardatechnologies.utils.validators.abaroutevalidator.Test_AbaRouteValidator_07" time="0"/>
  <testcase name="testAbaNumberCheck_13995_good" classname="com.cardatechnologies.utils.validators.abaroutevalidator.Test_AbaRouteValidator_07" time="0"/>
  <testcase name="testAbaNumberCheck_13869_good" classname="com.cardatechnologies.utils.validators.abaroutevalidator.Test_AbaRouteValidator_07" time="0"/>
  <testcase name="testAbaNumberCheck_12929_good" classname="com.cardatechnologies.utils.validators.abaroutevalidator.Test_AbaRouteValidator_07" time="0"/>
  <testcase name="testAbaNumberCheck_12893_good" classname="com.cardatechnologies.utils.validators.abaroutevalidator.Test_AbaRouteValidator_07" time="0"/>
  <testcase name="testAbaNumberCheck_12767_good" classname="com.cardatechnologies.utils.validators.abaroutevalidator.Test_AbaRouteValidator_07" time="0"/>
  <testcase name="testAbaNumberCheck_12479_good" classname="com.cardatechnologies.utils.validators.abaroutevalidator.Test_AbaRouteValidator_07" time="0"/>
  <testcase name="testAbaNumberCheck_12975_good" classname="com.cardatechnologies.utils.validators.abaroutevalidator.Test_AbaRouteValidator_07" time="0"/>
  <testcase name="testAbaNumberCheck_13789_good" classname="com.cardatechnologies.utils.validators.abaroutevalidator.Test_AbaRouteValidator_07" time="0"/>
  <testcase name="testAbaNumberCheck_12849_good" classname="com.cardatechnologies.utils.validators.abaroutevalidator.Test_AbaRouteValidator_07" time="0"/>
  <testcase name="testAbaNumberCheck_12687_good" classname="com.cardatechnologies.utils.validators.abaroutevalidator.Test_AbaRouteValidator_07" time="0"/>
  <testcase name="testAbaNumberCheck_13997_good" classname="com.cardatechnologies.utils.validators.abaroutevalidator.Test_AbaRouteValidator_07" time="0"/>
  <testcase name="testAbaNumberCheck_12895_good" classname="com.cardatechnologies.utils.validators.abaroutevalidator.Test_AbaRouteValidator_07" time="0"/>
  <testcase name="testAbaNumberCheck_12769_good" classname="com.cardatechnologies.utils.validators.abaroutevalidator.Test_AbaRouteValidator_07" time="0"/>
  <testcase name="testAbaNumberCheck_12977_good" classname="com.cardatechnologies.utils.validators.abaroutevalidator.Test_AbaRouteValidator_07" time="0"/>
  <testcase name="testAbaNumberCheck_14200_bad" classname="com.cardatechnologies.utils.validators.abaroutevalidator.Test_AbaRouteValidator_07" time="0"/>
  <testcase name="testAbaNumberCheck_14202_bad" classname="com.cardatechnologies.utils.validators.abaroutevalidator.Test_AbaRouteValidator_07" time="0"/>
  <testcase name="testAbaNumberCheck_14204_bad" classname="com.cardatechnologies.utils.validators.abaroutevalidator.Test_AbaRouteValidator_07" time="0"/>
  <testcase name="testAbaNumberCheck_12689_good" classname="com.cardatechnologies.utils.validators.abaroutevalidator.Test_AbaRouteValidator_07" time="0"/>
  <testcase name="testAbaNumberCheck_14206_bad" classname="com.cardatechnologies.utils.validators.abaroutevalidator.Test_AbaRouteValidator_07" time="0"/>
  <testcase name="testAbaNumberCheck_14208_bad" classname="com.cardatechnologies.utils.validators.abaroutevalidator.Test_AbaRouteValidator_07" time="0"/>
  <testcase name="testAbaNumberCheck_13999_good" classname="com.cardatechnologies.utils.validators.abaroutevalidator.Test_AbaRouteValidator_07" time="0"/>
  <testcase name="testAbaNumberCheck_12897_good" classname="com.cardatechnologies.utils.validators.abaroutevalidator.Test_AbaRouteValidator_07" time="0"/>
  <testcase name="testAbaNumberCheck_14210_bad" classname="com.cardatechnologies.utils.validators.abaroutevalidator.Test_AbaRouteValidator_07" time="0"/>
  <testcase name="testAbaNumberCheck_14212_bad" classname="com.cardatechnologies.utils.validators.abaroutevalidator.Test_AbaRouteValidator_07" time="0"/>
  <testcase name="testAbaNumberCheck_13400_bad" classname="com.cardatechnologies.utils.validators.abaroutevalidator.Test_AbaRouteValidator_07" time="0"/>
  <testcase name="testAbaNumberCheck_14214_bad" classname="com.cardatechnologies.utils.validators.abaroutevalidator.Test_AbaRouteValidator_07" time="0"/>
  <testcase name="testAbaNumberCheck_13402_bad" classname="com.cardatechnologies.utils.validators.abaroutevalidator.Test_AbaRouteValidator_07" time="0"/>
  <testcase name="testAbaNumberCheck_14216_bad" classname="com.cardatechnologies.utils.validators.abaroutevalidator.Test_AbaRouteValidator_07" time="0.001"/>
  <testcase name="testAbaNumberCheck_13404_bad" classname="com.cardatechnologies.utils.validators.abaroutevalidator.Test_AbaRouteValidator_07" time="0"/>
  <testcase name="testAbaNumberCheck_14218_bad" classname="com.cardatechnologies.utils.validators.abaroutevalidator.Test_AbaRouteValidator_07" time="0"/>
  <testcase name="testAbaNumberCheck_13406_bad" classname="com.cardatechnologies.utils.validators.abaroutevalidator.Test_AbaRouteValidator_07" time="0"/>
  <testcase name="testAbaNumberCheck_13408_bad" classname="com.cardatechnologies.utils.validators.abaroutevalidator.Test_AbaRouteValidator_07" time="0"/>
  <testcase name="testAbaNumberCheck_12979_good" classname="com.cardatechnologies.utils.validators.abaroutevalidator.Test_AbaRouteValidator_07" time="0"/>
  <testcase name="testAbaNumberCheck_14220_bad" classname="com.cardatechnologies.utils.validators.abaroutevalidator.Test_AbaRouteValidator_07" time="0"/>
  <testcase name="testAbaNumberCheck_14222_bad" classname="com.cardatechnologies.utils.validators.abaroutevalidator.Test_AbaRouteValidator_07" time="0"/>
  <testcase name="testAbaNumberCheck_13410_bad" classname="com.cardatechnologies.utils.validators.abaroutevalidator.Test_AbaRouteValidator_07" time="0"/>
  <testcase name="testAbaNumberCheck_14224_bad" classname="com.cardatechnologies.utils.validators.abaroutevalidator.Test_AbaRouteValidator_07" time="0"/>
  <testcase name="testAbaNumberCheck_13412_bad" classname="com.cardatechnologies.utils.validators.abaroutevalidator.Test_AbaRouteValidator_07" time="0"/>
  <testcase name="testAbaNumberCheck_14226_bad" classname="com.cardatechnologies.utils.validators.abaroutevalidator.Test_AbaRouteValidator_07" time="0"/>
  <testcase name="testAbaNumberCheck_12600_bad" classname="com.cardatechnologies.utils.validators.abaroutevalidator.Test_AbaRouteValidator_07" time="0"/>
  <testcase name="testAbaNumberCheck_13414_bad" classname="com.cardatechnologies.utils.validators.abaroutevalidator.Test_AbaRouteValidator_07" time="0"/>
  <testcase name="testAbaNumberCheck_14228_bad" classname="com.cardatechnologies.utils.validators.abaroutevalidator.Test_AbaRouteValidator_07" time="0"/>
  <testcase name="testAbaNumberCheck_12602_bad" classname="com.cardatechnologies.utils.validators.abaroutevalidator.Test_AbaRouteValidator_07" time="0"/>
  <testcase name="testAbaNumberCheck_13416_bad" classname="com.cardatechnologies.utils.validators.abaroutevalidator.Test_AbaRouteValidator_07" time="0"/>
  <testcase name="testAbaNumberCheck_12604_bad" classname="com.cardatechnologies.utils.validators.abaroutevalidator.Test_AbaRouteValidator_07" time="0"/>
  <testcase name="testAbaNumberCheck_13418_bad" classname="com.cardatechnologies.utils.validators.abaroutevalidator.Test_AbaRouteValidator_07" time="0"/>
  <testcase name="testAbaNumberCheck_12606_bad" classname="com.cardatechnologies.utils.validators.abaroutevalidator.Test_AbaRouteValidator_07" time="0"/>
  <testcase name="testAbaNumberCheck_12608_bad" classname="com.cardatechnologies.utils.validators.abaroutevalidator.Test_AbaRouteValidator_07" time="0"/>
  <testcase name="testAbaNumberCheck_14001_good" classname="com.cardatechnologies.utils.validators.abaroutevalidator.Test_AbaRouteValidator_07" time="0"/>
  <testcase name="testAbaNumberCheck_12899_good" classname="com.cardatechnologies.utils.validators.abaroutevalidator.Test_AbaRouteValidator_07" time="0"/>
  <testcase name="testAbaNumberCheck_14230_bad" classname="com.cardatechnologies.utils.validators.abaroutevalidator.Test_AbaRouteValidator_07" time="0"/>
  <testcase name="testAbaNumberCheck_14232_bad" classname="com.cardatechnologies.utils.validators.abaroutevalidator.Test_AbaRouteValidator_07" time="0"/>
  <testcase name="testAbaNumberCheck_13420_bad" classname="com.cardatechnologies.utils.validators.abaroutevalidator.Test_AbaRouteValidator_07" time="0"/>
  <testcase name="testAbaNumberCheck_14234_bad" classname="com.cardatechnologies.utils.validators.abaroutevalidator.Test_AbaRouteValidator_07" time="0"/>
  <testcase name="testAbaNumberCheck_13422_bad" classname="com.cardatechnologies.utils.validators.abaroutevalidator.Test_AbaRouteValidator_07" time="0"/>
  <testcase name="testAbaNumberCheck_14236_bad" classname="com.cardatechnologies.utils.validators.abaroutevalidator.Test_AbaRouteValidator_07" time="0"/>
  <testcase name="testAbaNumberCheck_12610_bad" classname="com.cardatechnologies.utils.validators.abaroutevalidator.Test_AbaRouteValidator_07" time="0"/>
  <testcase name="testAbaNumberCheck_13424_bad" classname="com.cardatechnologies.utils.validators.abaroutevalidator.Test_AbaRouteValidator_07" time="0"/>
  <testcase name="testAbaNumberCheck_14238_bad" classname="com.cardatechnologies.utils.validators.abaroutevalidator.Test_AbaRouteValidator_07" time="0"/>
  <testcase name="testAbaNumberCheck_12612_bad" classname="com.cardatechnologies.utils.validators.abaroutevalidator.Test_AbaRouteValidator_07" time="0"/>
  <testcase name="testAbaNumberCheck_13426_bad" classname="com.cardatechnologies.utils.validators.abaroutevalidator.Test_AbaRouteValidator_07" time="0"/>
  <testcase name="testAbaNumberCheck_12614_bad" classname="com.cardatechnologies.utils.validators.abaroutevalidator.Test_AbaRouteValidator_07" time="0"/>
  <testcase name="testAbaNumberCheck_13428_bad" classname="com.cardatechnologies.utils.validators.abaroutevalidator.Test_AbaRouteValidator_07" time="0"/>
  <testcase name="testAbaNumberCheck_12616_bad" classname="com.cardatechnologies.utils.validators.abaroutevalidator.Test_AbaRouteValidator_07" time="0"/>
  <testcase name="testAbaNumberCheck_12618_bad" classname="com.cardatechnologies.utils.validators.abaroutevalidator.Test_AbaRouteValidator_07" time="0"/>
  <testcase name="testAbaNumberCheck_14240_bad" classname="com.cardatechnologies.utils.validators.abaroutevalidator.Test_AbaRouteValidator_07" time="0"/>
  <testcase name="testAbaNumberCheck_14242_bad" classname="com.cardatechnologies.utils.validators.abaroutevalidator.Test_AbaRouteValidator_07" time="0"/>
  <testcase name="testAbaNumberCheck_13430_bad" classname="com.cardatechnologies.utils.validators.abaroutevalidator.Test_AbaRouteValidator_07" time="0"/>
  <testcase name="testAbaNumberCheck_14244_bad" classname="com.cardatechnologies.utils.validators.abaroutevalidator.Test_AbaRouteValidator_07" time="0"/>
  <testcase name="testAbaNumberCheck_13432_bad" classname="com.cardatechnologies.utils.validators.abaroutevalidator.Test_AbaRouteValidator_07" time="0"/>
  <testcase name="testAbaNumberCheck_14246_bad" classname="com.cardatechnologies.utils.validators.abaroutevalidator.Test_AbaRouteValidator_07" time="0"/>
  <testcase name="testAbaNumberCheck_12620_bad" classname="com.cardatechnologies.utils.validators.abaroutevalidator.Test_AbaRouteValidator_07" time="0"/>
  <testcase name="testAbaNumberCheck_13434_bad" classname="com.cardatechnologies.utils.validators.abaroutevalidator.Test_AbaRouteValidator_07" time="0"/>
  <testcase name="testAbaNumberCheck_14248_bad" classname="com.cardatechnologies.utils.validators.abaroutevalidator.Test_AbaRouteValidator_07" time="0"/>
  <testcase name="testAbaNumberCheck_12622_bad" classname="com.cardatechnologies.utils.validators.abaroutevalidator.Test_AbaRouteValidator_07" time="0"/>
  <testcase name="testAbaNumberCheck_13436_bad" classname="com.cardatechnologies.utils.validators.abaroutevalidator.Test_AbaRouteValidator_07" time="0.001"/>
  <testcase name="testAbaNumberCheck_12624_bad" classname="com.cardatechnologies.utils.validators.abaroutevalidator.Test_AbaRouteValidator_07" time="0"/>
  <testcase name="testAbaNumberCheck_13438_bad" classname="com.cardatechnologies.utils.validators.abaroutevalidator.Test_AbaRouteValidator_07" time="0"/>
  <testcase name="testAbaNumberCheck_12626_bad" classname="com.cardatechnologies.utils.validators.abaroutevalidator.Test_AbaRouteValidator_07" time="0"/>
  <testcase name="testAbaNumberCheck_12628_bad" classname="com.cardatechnologies.utils.validators.abaroutevalidator.Test_AbaRouteValidator_07" time="0"/>
  <testcase name="testAbaNumberCheck_14003_good" classname="com.cardatechnologies.utils.validators.abaroutevalidator.Test_AbaRouteValidator_07" time="0"/>
  <testcase name="testAbaNumberCheck_14700_bad" classname="com.cardatechnologies.utils.validators.abaroutevalidator.Test_AbaRouteValidator_07" time="0"/>
  <testcase name="testAbaNumberCheck_14250_bad" classname="com.cardatechnologies.utils.validators.abaroutevalidator.Test_AbaRouteValidator_07" time="0"/>
  <testcase name="testAbaNumberCheck_14702_bad" classname="com.cardatechnologies.utils.validators.abaroutevalidator.Test_AbaRouteValidator_07" time="0"/>
  <testcase name="testAbaNumberCheck_14252_bad" classname="com.cardatechnologies.utils.validators.abaroutevalidator.Test_AbaRouteValidator_07" time="0"/>
  <testcase name="testAbaNumberCheck_14704_bad" classname="com.cardatechnologies.utils.validators.abaroutevalidator.Test_AbaRouteValidator_07" time="0"/>
  <testcase name="testAbaNumberCheck_13440_bad" classname="com.cardatechnologies.utils.validators.abaroutevalidator.Test_AbaRouteValidator_07" time="0"/>
  <testcase name="testAbaNumberCheck_14254_bad" classname="com.cardatechnologies.utils.validators.abaroutevalidator.Test_AbaRouteValidator_07" time="0"/>
  <testcase name="testAbaNumberCheck_14706_bad" classname="com.cardatechnologies.utils.validators.abaroutevalidator.Test_AbaRouteValidator_07" time="0"/>
  <testcase name="testAbaNumberCheck_13442_bad" classname="com.cardatechnologies.utils.validators.abaroutevalidator.Test_AbaRouteValidator_07" time="0"/>
  <testcase name="testAbaNumberCheck_14256_bad" classname="com.cardatechnologies.utils.validators.abaroutevalidator.Test_AbaRouteValidator_07" time="0"/>
  <testcase name="testAbaNumberCheck_14708_bad" classname="com.cardatechnologies.utils.validators.abaroutevalidator.Test_AbaRouteValidator_07" time="0"/>
  <testcase name="testAbaNumberCheck_12630_bad" classname="com.cardatechnologies.utils.validators.abaroutevalidator.Test_AbaRouteValidator_07" time="0"/>
  <testcase name="testAbaNumberCheck_13444_bad" classname="com.cardatechnologies.utils.validators.abaroutevalidator.Test_AbaRouteValidator_07" time="0"/>
  <testcase name="testAbaNumberCheck_14258_bad" classname="com.cardatechnologies.utils.validators.abaroutevalidator.Test_AbaRouteValidator_07" time="0"/>
  <testcase name="testAbaNumberCheck_12632_bad" classname="com.cardatechnologies.utils.validators.abaroutevalidator.Test_AbaRouteValidator_07" time="0"/>
  <testcase name="testAbaNumberCheck_13446_bad" classname="com.cardatechnologies.utils.validators.abaroutevalidator.Test_AbaRouteValidator_07" time="0"/>
  <testcase name="testAbaNumberCheck_12634_bad" classname="com.cardatechnologies.utils.validators.abaroutevalidator.Test_AbaRouteValidator_07" time="0"/>
  <testcase name="testAbaNumberCheck_13448_bad" classname="com.cardatechnologies.utils.validators.abaroutevalidator.Test_AbaRouteValidator_07" time="0.001"/>
  <testcase name="testAbaNumberCheck_12636_bad" classname="com.cardatechnologies.utils.validators.abaroutevalidator.Test_AbaRouteValidator_07" time="0"/>
  <testcase name="testAbaNumberCheck_14211_good" classname="com.cardatechnologies.utils.validators.abaroutevalidator.Test_AbaRouteValidator_07" time="0"/>
  <testcase name="testAbaNumberCheck_12638_bad" classname="com.cardatechnologies.utils.validators.abaroutevalidator.Test_AbaRouteValidator_07" time="0"/>
  <testcase name="testAbaNumberCheck_14710_bad" classname="com.cardatechnologies.utils.validators.abaroutevalidator.Test_AbaRouteValidator_07" time="0"/>
  <testcase name="testAbaNumberCheck_14260_bad" classname="com.cardatechnologies.utils.validators.abaroutevalidator.Test_AbaRouteValidator_07" time="0"/>
  <testcase name="testAbaNumberCheck_14712_bad" classname="com.cardatechnologies.utils.validators.abaroutevalidator.Test_AbaRouteValidator_07" time="0"/>
  <testcase name="testAbaNumberCheck_14262_bad" classname="com.cardatechnologies.utils.validators.abaroutevalidator.Test_AbaRouteValidator_07" time="0"/>
  <testcase name="testAbaNumberCheck_13900_bad" classname="com.cardatechnologies.utils.validators.abaroutevalidator.Test_AbaRouteValidator_07" time="0"/>
  <testcase name="testAbaNumberCheck_14714_bad" classname="com.cardatechnologies.utils.validators.abaroutevalidator.Test_AbaRouteValidator_07" time="0"/>
  <testcase name="testAbaNumberCheck_13450_bad" classname="com.cardatechnologies.utils.validators.abaroutevalidator.Test_AbaRouteValidator_07" time="0"/>
  <testcase name="testAbaNumberCheck_14264_bad" classname="com.cardatechnologies.utils.validators.abaroutevalidator.Test_AbaRouteValidator_07" time="0"/>
  <testcase name="testAbaNumberCheck_13902_bad" classname="com.cardatechnologies.utils.validators.abaroutevalidator.Test_AbaRouteValidator_07" time="0"/>
  <testcase name="testAbaNumberCheck_14716_bad" classname="com.cardatechnologies.utils.validators.abaroutevalidator.Test_AbaRouteValidator_07" time="0"/>
  <testcase name="testAbaNumberCheck_13452_bad" classname="com.cardatechnologies.utils.validators.abaroutevalidator.Test_AbaRouteValidator_07" time="0"/>
  <testcase name="testAbaNumberCheck_14266_bad" classname="com.cardatechnologies.utils.validators.abaroutevalidator.Test_AbaRouteValidator_07" time="0"/>
  <testcase name="testAbaNumberCheck_13904_bad" classname="com.cardatechnologies.utils.validators.abaroutevalidator.Test_AbaRouteValidator_07" time="0"/>
  <testcase name="testAbaNumberCheck_14718_bad" classname="com.cardatechnologies.utils.validators.abaroutevalidator.Test_AbaRouteValidator_07" time="0"/>
  <testcase name="testAbaNumberCheck_12640_bad" classname="com.cardatechnologies.utils.validators.abaroutevalidator.Test_AbaRouteValidator_07" time="0.001"/>
  <testcase name="testAbaNumberCheck_13454_bad" classname="com.cardatechnologies.utils.validators.abaroutevalidator.Test_AbaRouteValidator_07" time="0"/>
  <testcase name="testAbaNumberCheck_14268_bad" classname="com.cardatechnologies.utils.validators.abaroutevalidator.Test_AbaRouteValidator_07" time="0"/>
  <testcase name="testAbaNumberCheck_13906_bad" classname="com.cardatechnologies.utils.validators.abaroutevalidator.Test_AbaRouteValidator_07" time="0"/>
  <testcase name="testAbaNumberCheck_12642_bad" classname="com.cardatechnologies.utils.validators.abaroutevalidator.Test_AbaRouteValidator_07" time="0"/>
  <testcase name="testAbaNumberCheck_13456_bad" classname="com.cardatechnologies.utils.validators.abaroutevalidator.Test_AbaRouteValidator_07" time="0"/>
  <testcase name="testAbaNumberCheck_13908_bad" classname="com.cardatechnologies.utils.validators.abaroutevalidator.Test_AbaRouteValidator_07" time="0"/>
  <testcase name="testAbaNumberCheck_12644_bad" classname="com.cardatechnologies.utils.validators.abaroutevalidator.Test_AbaRouteValidator_07" time="0"/>
  <testcase name="testAbaNumberCheck_13458_bad" classname="com.cardatechnologies.utils.validators.abaroutevalidator.Test_AbaRouteValidator_07" time="0"/>
  <testcase name="testAbaNumberCheck_12646_bad" classname="com.cardatechnologies.utils.validators.abaroutevalidator.Test_AbaRouteValidator_07" time="0"/>
  <testcase name="testAbaNumberCheck_12648_bad" classname="com.cardatechnologies.utils.validators.abaroutevalidator.Test_AbaRouteValidator_07" time="0"/>
  <testcase name="testAbaNumberCheck_14131_good" classname="com.cardatechnologies.utils.validators.abaroutevalidator.Test_AbaRouteValidator_07" time="0"/>
  <testcase name="testAbaNumberCheck_14005_good" classname="com.cardatechnologies.utils.validators.abaroutevalidator.Test_AbaRouteValidator_07" time="0"/>
  <testcase name="testAbaNumberCheck_14720_bad" classname="com.cardatechnologies.utils.validators.abaroutevalidator.Test_AbaRouteValidator_07" time="0"/>
  <testcase name="testAbaNumberCheck_14270_bad" classname="com.cardatechnologies.utils.validators.abaroutevalidator.Test_AbaRouteValidator_07" time="0"/>
  <testcase name="testAbaNumberCheck_14722_bad" classname="com.cardatechnologies.utils.validators.abaroutevalidator.Test_AbaRouteValidator_07" time="0"/>
  <testcase name="testAbaNumberCheck_14272_bad" classname="com.cardatechnologies.utils.validators.abaroutevalidator.Test_AbaRouteValidator_07" time="0"/>
  <testcase name="testAbaNumberCheck_14501_good" classname="com.cardatechnologies.utils.validators.abaroutevalidator.Test_AbaRouteValidator_07" time="0"/>
  <testcase name="testAbaNumberCheck_13910_bad" classname="com.cardatechnologies.utils.validators.abaroutevalidator.Test_AbaRouteValidator_07" time="0"/>
  <testcase name="testAbaNumberCheck_14724_bad" classname="com.cardatechnologies.utils.validators.abaroutevalidator.Test_AbaRouteValidator_07" time="0"/>
  <testcase name="testAbaNumberCheck_13460_bad" classname="com.cardatechnologies.utils.validators.abaroutevalidator.Test_AbaRouteValidator_07" time="0.001"/>
  <testcase name="testAbaNumberCheck_14274_bad" classname="com.cardatechnologies.utils.validators.abaroutevalidator.Test_AbaRouteValidator_07" time="0"/>
  <testcase name="testAbaNumberCheck_13912_bad" classname="com.cardatechnologies.utils.validators.abaroutevalidator.Test_AbaRouteValidator_07" time="0"/>
  <testcase name="testAbaNumberCheck_14726_bad" classname="com.cardatechnologies.utils.validators.abaroutevalidator.Test_AbaRouteValidator_07" time="0"/>
  <testcase name="testAbaNumberCheck_13462_bad" classname="com.cardatechnologies.utils.validators.abaroutevalidator.Test_AbaRouteValidator_07" time="0"/>
  <testcase name="testAbaNumberCheck_14276_bad" classname="com.cardatechnologies.utils.validators.abaroutevalidator.Test_AbaRouteValidator_07" time="0"/>
  <testcase name="testAbaNumberCheck_13914_bad" classname="com.cardatechnologies.utils.validators.abaroutevalidator.Test_AbaRouteValidator_07" time="0"/>
  <testcase name="testAbaNumberCheck_14728_bad" classname="com.cardatechnologies.utils.validators.abaroutevalidator.Test_AbaRouteValidator_07" time="0"/>
  <testcase name="testAbaNumberCheck_12650_bad" classname="com.cardatechnologies.utils.validators.abaroutevalidator.Test_AbaRouteValidator_07" time="0"/>
  <testcase name="testAbaNumberCheck_13464_bad" classname="com.cardatechnologies.utils.validators.abaroutevalidator.Test_AbaRouteValidator_07" time="0"/>
  <testcase name="testAbaNumberCheck_14278_bad" classname="com.cardatechnologies.utils.validators.abaroutevalidator.Test_AbaRouteValidator_07" time="0"/>
  <testcase name="testAbaNumberCheck_13916_bad" classname="com.cardatechnologies.utils.validators.abaroutevalidator.Test_AbaRouteValidator_07" time="0"/>
  <testcase name="testAbaNumberCheck_12652_bad" classname="com.cardatechnologies.utils.validators.abaroutevalidator.Test_AbaRouteValidator_07" time="0"/>
  <testcase name="testAbaNumberCheck_13466_bad" classname="com.cardatechnologies.utils.validators.abaroutevalidator.Test_AbaRouteValidator_07" time="0"/>
  <testcase name="testAbaNumberCheck_13918_bad" classname="com.cardatechnologies.utils.validators.abaroutevalidator.Test_AbaRouteValidator_07" time="0"/>
  <testcase name="testAbaNumberCheck_12654_bad" classname="com.cardatechnologies.utils.validators.abaroutevalidator.Test_AbaRouteValidator_07" time="0"/>
  <testcase name="testAbaNumberCheck_13468_bad" classname="com.cardatechnologies.utils.validators.abaroutevalidator.Test_AbaRouteValidator_07" time="0"/>
  <testcase name="testAbaNumberCheck_12656_bad" classname="com.cardatechnologies.utils.validators.abaroutevalidator.Test_AbaRouteValidator_07" time="0"/>
  <testcase name="testAbaNumberCheck_14213_good" classname="com.cardatechnologies.utils.validators.abaroutevalidator.Test_AbaRouteValidator_07" time="0"/>
  <testcase name="testAbaNumberCheck_12658_bad" classname="com.cardatechnologies.utils.validators.abaroutevalidator.Test_AbaRouteValidator_07" time="0"/>
  <testcase name="testAbaNumberCheck_14051_good" classname="com.cardatechnologies.utils.validators.abaroutevalidator.Test_AbaRouteValidator_07" time="0"/>
  <testcase name="testAbaNumberCheck_13111_good" classname="com.cardatechnologies.utils.validators.abaroutevalidator.Test_AbaRouteValidator_07" time="0"/>
  <testcase name="testAbaNumberCheck_14730_bad" classname="com.cardatechnologies.utils.validators.abaroutevalidator.Test_AbaRouteValidator_07" time="0.001"/>
  <testcase name="testAbaNumberCheck_14280_bad" classname="com.cardatechnologies.utils.validators.abaroutevalidator.Test_AbaRouteValidator_07" time="0"/>
  <testcase name="testAbaNumberCheck_14732_bad" classname="com.cardatechnologies.utils.validators.abaroutevalidator.Test_AbaRouteValidator_07" time="0"/>
  <testcase name="testAbaNumberCheck_14282_bad" classname="com.cardatechnologies.utils.validators.abaroutevalidator.Test_AbaRouteValidator_07" time="0"/>
  <testcase name="testAbaNumberCheck_13920_bad" classname="com.cardatechnologies.utils.validators.abaroutevalidator.Test_AbaRouteValidator_07" time="0"/>
  <testcase name="testAbaNumberCheck_14734_bad" classname="com.cardatechnologies.utils.validators.abaroutevalidator.Test_AbaRouteValidator_07" time="0"/>
  <testcase name="testAbaNumberCheck_13470_bad" classname="com.cardatechnologies.utils.validators.abaroutevalidator.Test_AbaRouteValidator_07" time="0"/>
  <testcase name="testAbaNumberCheck_14284_bad" classname="com.cardatechnologies.utils.validators.abaroutevalidator.Test_AbaRouteValidator_07" time="0"/>
  <testcase name="testAbaNumberCheck_13922_bad" classname="com.cardatechnologies.utils.validators.abaroutevalidator.Test_AbaRouteValidator_07" time="0"/>
  <testcase name="testAbaNumberCheck_14736_bad" classname="com.cardatechnologies.utils.validators.abaroutevalidator.Test_AbaRouteValidator_07" time="0"/>
  <testcase name="testAbaNumberCheck_13472_bad" classname="com.cardatechnologies.utils.validators.abaroutevalidator.Test_AbaRouteValidator_07" time="0"/>
  <testcase name="testAbaNumberCheck_14286_bad" classname="com.cardatechnologies.utils.validators.abaroutevalidator.Test_AbaRouteValidator_07" time="0"/>
  <testcase name="testAbaNumberCheck_14421_good" classname="com.cardatechnologies.utils.validators.abaroutevalidator.Test_AbaRouteValidator_07" time="0"/>
  <testcase name="testAbaNumberCheck_13924_bad" classname="com.cardatechnologies.utils.validators.abaroutevalidator.Test_AbaRouteValidator_07" time="0"/>
  <testcase name="testAbaNumberCheck_14738_bad" classname="com.cardatechnologies.utils.validators.abaroutevalidator.Test_AbaRouteValidator_07" time="0"/>
  <testcase name="testAbaNumberCheck_12660_bad" classname="com.cardatechnologies.utils.validators.abaroutevalidator.Test_AbaRouteValidator_07" time="0"/>
  <testcase name="testAbaNumberCheck_13474_bad" classname="com.cardatechnologies.utils.validators.abaroutevalidator.Test_AbaRouteValidator_07" time="0"/>
  <testcase name="testAbaNumberCheck_14288_bad" classname="com.cardatechnologies.utils.validators.abaroutevalidator.Test_AbaRouteValidator_07" time="0"/>
  <testcase name="testAbaNumberCheck_13926_bad" classname="com.cardatechnologies.utils.validators.abaroutevalidator.Test_AbaRouteValidator_07" time="0"/>
  <testcase name="testAbaNumberCheck_12662_bad" classname="com.cardatechnologies.utils.validators.abaroutevalidator.Test_AbaRouteValidator_07" time="0"/>
  <testcase name="testAbaNumberCheck_13476_bad" classname="com.cardatechnologies.utils.validators.abaroutevalidator.Test_AbaRouteValidator_07" time="0"/>
  <testcase name="testAbaNumberCheck_13928_bad" classname="com.cardatechnologies.utils.validators.abaroutevalidator.Test_AbaRouteValidator_07" time="0"/>
  <testcase name="testAbaNumberCheck_12664_bad" classname="com.cardatechnologies.utils.validators.abaroutevalidator.Test_AbaRouteValidator_07" time="0"/>
  <testcase name="testAbaNumberCheck_13478_bad" classname="com.cardatechnologies.utils.validators.abaroutevalidator.Test_AbaRouteValidator_07" time="0"/>
  <testcase name="testAbaNumberCheck_12666_bad" classname="com.cardatechnologies.utils.validators.abaroutevalidator.Test_AbaRouteValidator_07" time="0.001"/>
  <testcase name="testAbaNumberCheck_12668_bad" classname="com.cardatechnologies.utils.validators.abaroutevalidator.Test_AbaRouteValidator_07" time="0"/>
  <testcase name="testAbaNumberCheck_14133_good" classname="com.cardatechnologies.utils.validators.abaroutevalidator.Test_AbaRouteValidator_07" time="0"/>
  <testcase name="testAbaNumberCheck_14007_good" classname="com.cardatechnologies.utils.validators.abaroutevalidator.Test_AbaRouteValidator_07" time="0"/>
  <testcase name="testAbaNumberCheck_13031_good" classname="com.cardatechnologies.utils.validators.abaroutevalidator.Test_AbaRouteValidator_07" time="0"/>
  <testcase name="testAbaNumberCheck_14740_bad" classname="com.cardatechnologies.utils.validators.abaroutevalidator.Test_AbaRouteValidator_07" time="0"/>
  <testcase name="testAbaNumberCheck_14290_bad" classname="com.cardatechnologies.utils.validators.abaroutevalidator.Test_AbaRouteValidator_07" time="0"/>
  <testcase name="testAbaNumberCheck_14742_bad" classname="com.cardatechnologies.utils.validators.abaroutevalidator.Test_AbaRouteValidator_07" time="0"/>
  <testcase name="testAbaNumberCheck_14292_bad" classname="com.cardatechnologies.utils.validators.abaroutevalidator.Test_AbaRouteValidator_07" time="0"/>
  <testcase name="testAbaNumberCheck_14503_good" classname="com.cardatechnologies.utils.validators.abaroutevalidator.Test_AbaRouteValidator_07" time="0"/>
  <testcase name="testAbaNumberCheck_13930_bad" classname="com.cardatechnologies.utils.validators.abaroutevalidator.Test_AbaRouteValidator_07" time="0"/>
  <testcase name="testAbaNumberCheck_14744_bad" classname="com.cardatechnologies.utils.validators.abaroutevalidator.Test_AbaRouteValidator_07" time="0"/>
  <testcase name="testAbaNumberCheck_13480_bad" classname="com.cardatechnologies.utils.validators.abaroutevalidator.Test_AbaRouteValidator_07" time="0"/>
  <testcase name="testAbaNumberCheck_14294_bad" classname="com.cardatechnologies.utils.validators.abaroutevalidator.Test_AbaRouteValidator_07" time="0"/>
  <testcase name="testAbaNumberCheck_13932_bad" classname="com.cardatechnologies.utils.validators.abaroutevalidator.Test_AbaRouteValidator_07" time="0"/>
  <testcase name="testAbaNumberCheck_14746_bad" classname="com.cardatechnologies.utils.validators.abaroutevalidator.Test_AbaRouteValidator_07" time="0"/>
  <testcase name="testAbaNumberCheck_13482_bad" classname="com.cardatechnologies.utils.validators.abaroutevalidator.Test_AbaRouteValidator_07" time="0"/>
  <testcase name="testAbaNumberCheck_14296_bad" classname="com.cardatechnologies.utils.validators.abaroutevalidator.Test_AbaRouteValidator_07" time="0"/>
  <testcase name="testAbaNumberCheck_13934_bad" classname="com.cardatechnologies.utils.validators.abaroutevalidator.Test_AbaRouteValidator_07" time="0"/>
  <testcase name="testAbaNumberCheck_14748_bad" classname="com.cardatechnologies.utils.validators.abaroutevalidator.Test_AbaRouteValidator_07" time="0"/>
  <testcase name="testAbaNumberCheck_12670_bad" classname="com.cardatechnologies.utils.validators.abaroutevalidator.Test_AbaRouteValidator_07" time="0"/>
  <testcase name="testAbaNumberCheck_13484_bad" classname="com.cardatechnologies.utils.validators.abaroutevalidator.Test_AbaRouteValidator_07" time="0"/>
  <testcase name="testAbaNumberCheck_14298_bad" classname="com.cardatechnologies.utils.validators.abaroutevalidator.Test_AbaRouteValidator_07" time="0"/>
  <testcase name="testAbaNumberCheck_13936_bad" classname="com.cardatechnologies.utils.validators.abaroutevalidator.Test_AbaRouteValidator_07" time="0"/>
  <testcase name="testAbaNumberCheck_12672_bad" classname="com.cardatechnologies.utils.validators.abaroutevalidator.Test_AbaRouteValidator_07" time="0"/>
  <testcase name="testAbaNumberCheck_13486_bad" classname="com.cardatechnologies.utils.validators.abaroutevalidator.Test_AbaRouteValidator_07" time="0.001"/>
  <testcase name="testAbaNumberCheck_14341_good" classname="com.cardatechnologies.utils.validators.abaroutevalidator.Test_AbaRouteValidator_07" time="0"/>
  <testcase name="testAbaNumberCheck_13401_good" classname="com.cardatechnologies.utils.validators.abaroutevalidator.Test_AbaRouteValidator_07" time="0"/>
  <testcase name="testAbaNumberCheck_13938_bad" classname="com.cardatechnologies.utils.validators.abaroutevalidator.Test_AbaRouteValidator_07" time="0"/>
  <testcase name="testAbaNumberCheck_12674_bad" classname="com.cardatechnologies.utils.validators.abaroutevalidator.Test_AbaRouteValidator_07" time="0"/>
  <testcase name="testAbaNumberCheck_13488_bad" classname="com.cardatechnologies.utils.validators.abaroutevalidator.Test_AbaRouteValidator_07" time="0"/>
  <testcase name="testAbaNumberCheck_12676_bad" classname="com.cardatechnologies.utils.validators.abaroutevalidator.Test_AbaRouteValidator_07" time="0"/>
  <testcase name="testAbaNumberCheck_14215_good" classname="com.cardatechnologies.utils.validators.abaroutevalidator.Test_AbaRouteValidator_07" time="0"/>
  <testcase name="testAbaNumberCheck_12678_bad" classname="com.cardatechnologies.utils.validators.abaroutevalidator.Test_AbaRouteValidator_07" time="0"/>
  <testcase name="testAbaNumberCheck_14053_good" classname="com.cardatechnologies.utils.validators.abaroutevalidator.Test_AbaRouteValidator_07" time="0"/>
  <testcase name="testAbaNumberCheck_13113_good" classname="com.cardatechnologies.utils.validators.abaroutevalidator.Test_AbaRouteValidator_07" time="0"/>
  <testcase name="testAbaNumberCheck_14711_good" classname="com.cardatechnologies.utils.validators.abaroutevalidator.Test_AbaRouteValidator_07" time="0"/>
  <testcase name="testAbaNumberCheck_14750_bad" classname="com.cardatechnologies.utils.validators.abaroutevalidator.Test_AbaRouteValidator_07" time="0"/>
  <testcase name="testAbaNumberCheck_14752_bad" classname="com.cardatechnologies.utils.validators.abaroutevalidator.Test_AbaRouteValidator_07" time="0"/>
  <testcase name="testAbaNumberCheck_13940_bad" classname="com.cardatechnologies.utils.validators.abaroutevalidator.Test_AbaRouteValidator_07" time="0"/>
  <testcase name="testAbaNumberCheck_14754_bad" classname="com.cardatechnologies.utils.validators.abaroutevalidator.Test_AbaRouteValidator_07" time="0"/>
  <testcase name="testAbaNumberCheck_13490_bad" classname="com.cardatechnologies.utils.validators.abaroutevalidator.Test_AbaRouteValidator_07" time="0"/>
  <testcase name="testAbaNumberCheck_13942_bad" classname="com.cardatechnologies.utils.validators.abaroutevalidator.Test_AbaRouteValidator_07" time="0"/>
  <testcase name="testAbaNumberCheck_14756_bad" classname="com.cardatechnologies.utils.validators.abaroutevalidator.Test_AbaRouteValidator_07" time="0"/>
  <testcase name="testAbaNumberCheck_13492_bad" classname="com.cardatechnologies.utils.validators.abaroutevalidator.Test_AbaRouteValidator_07" time="0"/>
  <testcase name="testAbaNumberCheck_14423_good" classname="com.cardatechnologies.utils.validators.abaroutevalidator.Test_AbaRouteValidator_07" time="0"/>
  <testcase name="testAbaNumberCheck_13944_bad" classname="com.cardatechnologies.utils.validators.abaroutevalidator.Test_AbaRouteValidator_07" time="0"/>
  <testcase name="testAbaNumberCheck_14758_bad" classname="com.cardatechnologies.utils.validators.abaroutevalidator.Test_AbaRouteValidator_07" time="0"/>
  <testcase name="testAbaNumberCheck_12680_bad" classname="com.cardatechnologies.utils.validators.abaroutevalidator.Test_AbaRouteValidator_07" time="0"/>
  <testcase name="testAbaNumberCheck_13494_bad" classname="com.cardatechnologies.utils.validators.abaroutevalidator.Test_AbaRouteValidator_07" time="0"/>
  <testcase name="testAbaNumberCheck_13946_bad" classname="com.cardatechnologies.utils.validators.abaroutevalidator.Test_AbaRouteValidator_07" time="0"/>
  <testcase name="testAbaNumberCheck_12682_bad" classname="com.cardatechnologies.utils.validators.abaroutevalidator.Test_AbaRouteValidator_07" time="0.001"/>
  <testcase name="testAbaNumberCheck_13496_bad" classname="com.cardatechnologies.utils.validators.abaroutevalidator.Test_AbaRouteValidator_07" time="0"/>
  <testcase name="testAbaNumberCheck_13948_bad" classname="com.cardatechnologies.utils.validators.abaroutevalidator.Test_AbaRouteValidator_07" time="0"/>
  <testcase name="testAbaNumberCheck_12684_bad" classname="com.cardatechnologies.utils.validators.abaroutevalidator.Test_AbaRouteValidator_07" time="0"/>
  <testcase name="testAbaNumberCheck_13498_bad" classname="com.cardatechnologies.utils.validators.abaroutevalidator.Test_AbaRouteValidator_07" time="0"/>
  <testcase name="testAbaNumberCheck_12686_bad" classname="com.cardatechnologies.utils.validators.abaroutevalidator.Test_AbaRouteValidator_07" time="0"/>
  <testcase name="testAbaNumberCheck_14261_good" classname="com.cardatechnologies.utils.validators.abaroutevalidator.Test_AbaRouteValidator_07" time="0"/>
  <testcase name="testAbaNumberCheck_13321_good" classname="com.cardatechnologies.utils.validators.abaroutevalidator.Test_AbaRouteValidator_07" time="0"/>
  <testcase name="testAbaNumberCheck_12688_bad" classname="com.cardatechnologies.utils.validators.abaroutevalidator.Test_AbaRouteValidator_07" time="0"/>
  <testcase name="testAbaNumberCheck_14135_good" classname="com.cardatechnologies.utils.validators.abaroutevalidator.Test_AbaRouteValidator_07" time="0"/>
  <testcase name="testAbaNumberCheck_14009_good" classname="com.cardatechnologies.utils.validators.abaroutevalidator.Test_AbaRouteValidator_07" time="0"/>
  <testcase name="testAbaNumberCheck_13033_good" classname="com.cardatechnologies.utils.validators.abaroutevalidator.Test_AbaRouteValidator_07" time="0"/>
  <testcase name="testAbaNumberCheck_14631_good" classname="com.cardatechnologies.utils.validators.abaroutevalidator.Test_AbaRouteValidator_07" time="0"/>
  <testcase name="testAbaNumberCheck_14760_bad" classname="com.cardatechnologies.utils.validators.abaroutevalidator.Test_AbaRouteValidator_07" time="0"/>
  <testcase name="testAbaNumberCheck_14762_bad" classname="com.cardatechnologies.utils.validators.abaroutevalidator.Test_AbaRouteValidator_07" time="0"/>
  <testcase name="testAbaNumberCheck_14505_good" classname="com.cardatechnologies.utils.validators.abaroutevalidator.Test_AbaRouteValidator_07" time="0"/>
  <testcase name="testAbaNumberCheck_13950_bad" classname="com.cardatechnologies.utils.validators.abaroutevalidator.Test_AbaRouteValidator_07" time="0"/>
  <testcase name="testAbaNumberCheck_14764_bad" classname="com.cardatechnologies.utils.validators.abaroutevalidator.Test_AbaRouteValidator_07" time="0"/>
  <testcase name="testAbaNumberCheck_13952_bad" classname="com.cardatechnologies.utils.validators.abaroutevalidator.Test_AbaRouteValidator_07" time="0"/>
  <testcase name="testAbaNumberCheck_14766_bad" classname="com.cardatechnologies.utils.validators.abaroutevalidator.Test_AbaRouteValidator_07" time="0"/>
  <testcase name="testAbaNumberCheck_13954_bad" classname="com.cardatechnologies.utils.validators.abaroutevalidator.Test_AbaRouteValidator_07" time="0"/>
  <testcase name="testAbaNumberCheck_14768_bad" classname="com.cardatechnologies.utils.validators.abaroutevalidator.Test_AbaRouteValidator_07" time="0"/>
  <testcase name="testAbaNumberCheck_12690_bad" classname="com.cardatechnologies.utils.validators.abaroutevalidator.Test_AbaRouteValidator_07" time="0"/>
  <testcase name="testAbaNumberCheck_13956_bad" classname="com.cardatechnologies.utils.validators.abaroutevalidator.Test_AbaRouteValidator_07" time="0"/>
  <testcase name="testAbaNumberCheck_12692_bad" classname="com.cardatechnologies.utils.validators.abaroutevalidator.Test_AbaRouteValidator_07" time="0"/>
  <testcase name="testAbaNumberCheck_14343_good" classname="com.cardatechnologies.utils.validators.abaroutevalidator.Test_AbaRouteValidator_07" time="0"/>
  <testcase name="testAbaNumberCheck_13403_good" classname="com.cardatechnologies.utils.validators.abaroutevalidator.Test_AbaRouteValidator_07" time="0.001"/>
  <testcase name="testAbaNumberCheck_13958_bad" classname="com.cardatechnologies.utils.validators.abaroutevalidator.Test_AbaRouteValidator_07" time="0"/>
  <testcase name="testAbaNumberCheck_12694_bad" classname="com.cardatechnologies.utils.validators.abaroutevalidator.Test_AbaRouteValidator_07" time="0"/>
  <testcase name="testAbaNumberCheck_12696_bad" classname="com.cardatechnologies.utils.validators.abaroutevalidator.Test_AbaRouteValidator_07" time="0"/>
  <testcase name="testAbaNumberCheck_14217_good" classname="com.cardatechnologies.utils.validators.abaroutevalidator.Test_AbaRouteValidator_07" time="0"/>
  <testcase name="testAbaNumberCheck_12698_bad" classname="com.cardatechnologies.utils.validators.abaroutevalidator.Test_AbaRouteValidator_07" time="0"/>
  <testcase name="testAbaNumberCheck_14181_good" classname="com.cardatechnologies.utils.validators.abaroutevalidator.Test_AbaRouteValidator_07" time="0"/>
  <testcase name="testAbaNumberCheck_13241_good" classname="com.cardatechnologies.utils.validators.abaroutevalidator.Test_AbaRouteValidator_07" time="0"/>
  <testcase name="testAbaNumberCheck_14055_good" classname="com.cardatechnologies.utils.validators.abaroutevalidator.Test_AbaRouteValidator_07" time="0"/>
  <testcase name="testAbaNumberCheck_13115_good" classname="com.cardatechnologies.utils.validators.abaroutevalidator.Test_AbaRouteValidator_07" time="0"/>
  <testcase name="testAbaNumberCheck_14713_good" classname="com.cardatechnologies.utils.validators.abaroutevalidator.Test_AbaRouteValidator_07" time="0"/>
  <testcase name="testAbaNumberCheck_14770_bad" classname="com.cardatechnologies.utils.validators.abaroutevalidator.Test_AbaRouteValidator_07" time="0"/>
  <testcase name="testAbaNumberCheck_14772_bad" classname="com.cardatechnologies.utils.validators.abaroutevalidator.Test_AbaRouteValidator_07" time="0"/>
  <testcase name="testAbaNumberCheck_14551_good" classname="com.cardatechnologies.utils.validators.abaroutevalidator.Test_AbaRouteValidator_07" time="0"/>
  <testcase name="testAbaNumberCheck_13611_good" classname="com.cardatechnologies.utils.validators.abaroutevalidator.Test_AbaRouteValidator_07" time="0"/>
  <testcase name="testAbaNumberCheck_13960_bad" classname="com.cardatechnologies.utils.validators.abaroutevalidator.Test_AbaRouteValidator_07" time="0"/>
  <testcase name="testAbaNumberCheck_14774_bad" classname="com.cardatechnologies.utils.validators.abaroutevalidator.Test_AbaRouteValidator_07" time="0"/>
  <testcase name="testAbaNumberCheck_13962_bad" classname="com.cardatechnologies.utils.validators.abaroutevalidator.Test_AbaRouteValidator_07" time="0"/>
  <testcase name="testAbaNumberCheck_14776_bad" classname="com.cardatechnologies.utils.validators.abaroutevalidator.Test_AbaRouteValidator_07" time="0"/>
  <testcase name="testAbaNumberCheck_14425_good" classname="com.cardatechnologies.utils.validators.abaroutevalidator.Test_AbaRouteValidator_07" time="0"/>
  <testcase name="testAbaNumberCheck_13964_bad" classname="com.cardatechnologies.utils.validators.abaroutevalidator.Test_AbaRouteValidator_07" time="0"/>
  <testcase name="testAbaNumberCheck_14778_bad" classname="com.cardatechnologies.utils.validators.abaroutevalidator.Test_AbaRouteValidator_07" time="0"/>
  <testcase name="testAbaNumberCheck_13966_bad" classname="com.cardatechnologies.utils.validators.abaroutevalidator.Test_AbaRouteValidator_07" time="0"/>
  <testcase name="testAbaNumberCheck_13968_bad" classname="com.cardatechnologies.utils.validators.abaroutevalidator.Test_AbaRouteValidator_07" time="0"/>
  <testcase name="testAbaNumberCheck_14263_good" classname="com.cardatechnologies.utils.validators.abaroutevalidator.Test_AbaRouteValidator_07" time="0"/>
  <testcase name="testAbaNumberCheck_13323_good" classname="com.cardatechnologies.utils.validators.abaroutevalidator.Test_AbaRouteValidator_07" time="0"/>
  <testcase name="testAbaNumberCheck_14921_good" classname="com.cardatechnologies.utils.validators.abaroutevalidator.Test_AbaRouteValidator_07" time="0"/>
  <testcase name="testAbaNumberCheck_14137_good" classname="com.cardatechnologies.utils.validators.abaroutevalidator.Test_AbaRouteValidator_07" time="0"/>
  <testcase name="testAbaNumberCheck_13161_good" classname="com.cardatechnologies.utils.validators.abaroutevalidator.Test_AbaRouteValidator_07" time="0"/>
  <testcase name="testAbaNumberCheck_13035_good" classname="com.cardatechnologies.utils.validators.abaroutevalidator.Test_AbaRouteValidator_07" time="0"/>
  <testcase name="testAbaNumberCheck_14633_good" classname="com.cardatechnologies.utils.validators.abaroutevalidator.Test_AbaRouteValidator_07" time="0"/>
  <testcase name="testAbaNumberCheck_14780_bad" classname="com.cardatechnologies.utils.validators.abaroutevalidator.Test_AbaRouteValidator_07" time="0"/>
  <testcase name="testAbaNumberCheck_14782_bad" classname="com.cardatechnologies.utils.validators.abaroutevalidator.Test_AbaRouteValidator_07" time="0"/>
  <testcase name="testAbaNumberCheck_14507_good" classname="com.cardatechnologies.utils.validators.abaroutevalidator.Test_AbaRouteValidator_07" time="0"/>
  <testcase name="testAbaNumberCheck_13970_bad" classname="com.cardatechnologies.utils.validators.abaroutevalidator.Test_AbaRouteValidator_07" time="0"/>
  <testcase name="testAbaNumberCheck_14784_bad" classname="com.cardatechnologies.utils.validators.abaroutevalidator.Test_AbaRouteValidator_07" time="0"/>
  <testcase name="testAbaNumberCheck_13972_bad" classname="com.cardatechnologies.utils.validators.abaroutevalidator.Test_AbaRouteValidator_07" time="0"/>
  <testcase name="testAbaNumberCheck_14786_bad" classname="com.cardatechnologies.utils.validators.abaroutevalidator.Test_AbaRouteValidator_07" time="0"/>
  <testcase name="testAbaNumberCheck_14471_good" classname="com.cardatechnologies.utils.validators.abaroutevalidator.Test_AbaRouteValidator_07" time="0"/>
  <testcase name="testAbaNumberCheck_13531_good" classname="com.cardatechnologies.utils.validators.abaroutevalidator.Test_AbaRouteValidator_07" time="0"/>
  <testcase name="testAbaNumberCheck_13974_bad" classname="com.cardatechnologies.utils.validators.abaroutevalidator.Test_AbaRouteValidator_07" time="0"/>
  <testcase name="testAbaNumberCheck_14788_bad" classname="com.cardatechnologies.utils.validators.abaroutevalidator.Test_AbaRouteValidator_07" time="0"/>
  <testcase name="testAbaNumberCheck_13976_bad" classname="com.cardatechnologies.utils.validators.abaroutevalidator.Test_AbaRouteValidator_07" time="0"/>
  <testcase name="testAbaNumberCheck_14345_good" classname="com.cardatechnologies.utils.validators.abaroutevalidator.Test_AbaRouteValidator_07" time="0"/>
  <testcase name="testAbaNumberCheck_13405_good" classname="com.cardatechnologies.utils.validators.abaroutevalidator.Test_AbaRouteValidator_07" time="0"/>
  <testcase name="testAbaNumberCheck_13978_bad" classname="com.cardatechnologies.utils.validators.abaroutevalidator.Test_AbaRouteValidator_07" time="0"/>
  <testcase name="testAbaNumberCheck_14219_good" classname="com.cardatechnologies.utils.validators.abaroutevalidator.Test_AbaRouteValidator_07" time="0"/>
  <testcase name="testAbaNumberCheck_14183_good" classname="com.cardatechnologies.utils.validators.abaroutevalidator.Test_AbaRouteValidator_07" time="0"/>
  <testcase name="testAbaNumberCheck_13243_good" classname="com.cardatechnologies.utils.validators.abaroutevalidator.Test_AbaRouteValidator_07" time="0"/>
  <testcase name="testAbaNumberCheck_14841_good" classname="com.cardatechnologies.utils.validators.abaroutevalidator.Test_AbaRouteValidator_07" time="0"/>
  <testcase name="testAbaNumberCheck_13901_good" classname="com.cardatechnologies.utils.validators.abaroutevalidator.Test_AbaRouteValidator_07" time="0"/>
  <testcase name="testAbaNumberCheck_14057_good" classname="com.cardatechnologies.utils.validators.abaroutevalidator.Test_AbaRouteValidator_07" time="0.001"/>
  <testcase name="testAbaNumberCheck_13117_good" classname="com.cardatechnologies.utils.validators.abaroutevalidator.Test_AbaRouteValidator_07" time="0"/>
  <testcase name="testAbaNumberCheck_14715_good" classname="com.cardatechnologies.utils.validators.abaroutevalidator.Test_AbaRouteValidator_07" time="0"/>
  <testcase name="testAbaNumberCheck_13081_good" classname="com.cardatechnologies.utils.validators.abaroutevalidator.Test_AbaRouteValidator_07" time="0"/>
  <testcase name="testAbaNumberCheck_14790_bad" classname="com.cardatechnologies.utils.validators.abaroutevalidator.Test_AbaRouteValidator_07" time="0"/>
  <testcase name="testAbaNumberCheck_14792_bad" classname="com.cardatechnologies.utils.validators.abaroutevalidator.Test_AbaRouteValidator_07" time="0"/>
  <testcase name="testAbaNumberCheck_14553_good" classname="com.cardatechnologies.utils.validators.abaroutevalidator.Test_AbaRouteValidator_07" time="0"/>
  <testcase name="testAbaNumberCheck_13613_good" classname="com.cardatechnologies.utils.validators.abaroutevalidator.Test_AbaRouteValidator_07" time="0"/>
  <testcase name="testAbaNumberCheck_13980_bad" classname="com.cardatechnologies.utils.validators.abaroutevalidator.Test_AbaRouteValidator_07" time="0"/>
  <testcase name="testAbaNumberCheck_14794_bad" classname="com.cardatechnologies.utils.validators.abaroutevalidator.Test_AbaRouteValidator_07" time="0"/>
  <testcase name="testAbaNumberCheck_13982_bad" classname="com.cardatechnologies.utils.validators.abaroutevalidator.Test_AbaRouteValidator_07" time="0"/>
  <testcase name="testAbaNumberCheck_14796_bad" classname="com.cardatechnologies.utils.validators.abaroutevalidator.Test_AbaRouteValidator_07" time="0"/>
  <testcase name="testAbaNumberCheck_14427_good" classname="com.cardatechnologies.utils.validators.abaroutevalidator.Test_AbaRouteValidator_07" time="0"/>
  <testcase name="testAbaNumberCheck_13984_bad" classname="com.cardatechnologies.utils.validators.abaroutevalidator.Test_AbaRouteValidator_07" time="0"/>
  <testcase name="testAbaNumberCheck_14798_bad" classname="com.cardatechnologies.utils.validators.abaroutevalidator.Test_AbaRouteValidator_07" time="0"/>
  <testcase name="testAbaNumberCheck_13986_bad" classname="com.cardatechnologies.utils.validators.abaroutevalidator.Test_AbaRouteValidator_07" time="0"/>
  <testcase name="testAbaNumberCheck_14391_good" classname="com.cardatechnologies.utils.validators.abaroutevalidator.Test_AbaRouteValidator_07" time="0"/>
  <testcase name="testAbaNumberCheck_13451_good" classname="com.cardatechnologies.utils.validators.abaroutevalidator.Test_AbaRouteValidator_07" time="0"/>
  <testcase name="testAbaNumberCheck_12511_good" classname="com.cardatechnologies.utils.validators.abaroutevalidator.Test_AbaRouteValidator_07" time="0"/>
  <testcase name="testAbaNumberCheck_13988_bad" classname="com.cardatechnologies.utils.validators.abaroutevalidator.Test_AbaRouteValidator_07" time="0"/>
  <testcase name="testAbaNumberCheck_14265_good" classname="com.cardatechnologies.utils.validators.abaroutevalidator.Test_AbaRouteValidator_07" time="0"/>
  <testcase name="testAbaNumberCheck_13325_good" classname="com.cardatechnologies.utils.validators.abaroutevalidator.Test_AbaRouteValidator_07" time="0"/>
  <testcase name="testAbaNumberCheck_14923_good" classname="com.cardatechnologies.utils.validators.abaroutevalidator.Test_AbaRouteValidator_07" time="0"/>
  <testcase name="testAbaNumberCheck_14139_good" classname="com.cardatechnologies.utils.validators.abaroutevalidator.Test_AbaRouteValidator_07" time="0"/>
  <testcase name="testAbaNumberCheck_13163_good" classname="com.cardatechnologies.utils.validators.abaroutevalidator.Test_AbaRouteValidator_07" time="0"/>
  <testcase name="testAbaNumberCheck_14761_good" classname="com.cardatechnologies.utils.validators.abaroutevalidator.Test_AbaRouteValidator_07" time="0"/>
  <testcase name="testAbaNumberCheck_13821_good" classname="com.cardatechnologies.utils.validators.abaroutevalidator.Test_AbaRouteValidator_07" time="0"/>
  <testcase name="testAbaNumberCheck_13037_good" classname="com.cardatechnologies.utils.validators.abaroutevalidator.Test_AbaRouteValidator_07" time="0"/>
  <testcase name="testAbaNumberCheck_14635_good" classname="com.cardatechnologies.utils.validators.abaroutevalidator.Test_AbaRouteValidator_07" time="0"/>
  <testcase name="testAbaNumberCheck_14509_good" classname="com.cardatechnologies.utils.validators.abaroutevalidator.Test_AbaRouteValidator_07" time="0"/>
  <testcase name="testAbaNumberCheck_13990_bad" classname="com.cardatechnologies.utils.validators.abaroutevalidator.Test_AbaRouteValidator_07" time="0"/>
  <testcase name="testAbaNumberCheck_13992_bad" classname="com.cardatechnologies.utils.validators.abaroutevalidator.Test_AbaRouteValidator_07" time="0"/>
  <testcase name="testAbaNumberCheck_14473_good" classname="com.cardatechnologies.utils.validators.abaroutevalidator.Test_AbaRouteValidator_07" time="0"/>
  <testcase name="testAbaNumberCheck_13533_good" classname="com.cardatechnologies.utils.validators.abaroutevalidator.Test_AbaRouteValidator_07" time="0"/>
  <testcase name="testAbaNumberCheck_13994_bad" classname="com.cardatechnologies.utils.validators.abaroutevalidator.Test_AbaRouteValidator_07" time="0"/>
  <testcase name="testAbaNumberCheck_13996_bad" classname="com.cardatechnologies.utils.validators.abaroutevalidator.Test_AbaRouteValidator_07" time="0"/>
  <testcase name="testAbaNumberCheck_14347_good" classname="com.cardatechnologies.utils.validators.abaroutevalidator.Test_AbaRouteValidator_07" time="0"/>
  <testcase name="testAbaNumberCheck_13407_good" classname="com.cardatechnologies.utils.validators.abaroutevalidator.Test_AbaRouteValidator_07" time="0"/>
  <testcase name="testAbaNumberCheck_13998_bad" classname="com.cardatechnologies.utils.validators.abaroutevalidator.Test_AbaRouteValidator_07" time="0"/>
  <testcase name="testAbaNumberCheck_13371_good" classname="com.cardatechnologies.utils.validators.abaroutevalidator.Test_AbaRouteValidator_07" time="0"/>
  <testcase name="testAbaNumberCheck_14185_good" classname="com.cardatechnologies.utils.validators.abaroutevalidator.Test_AbaRouteValidator_07" time="0"/>
  <testcase name="testAbaNumberCheck_13245_good" classname="com.cardatechnologies.utils.validators.abaroutevalidator.Test_AbaRouteValidator_07" time="0"/>
  <testcase name="testAbaNumberCheck_14843_good" classname="com.cardatechnologies.utils.validators.abaroutevalidator.Test_AbaRouteValidator_07" time="0"/>
  <testcase name="testAbaNumberCheck_13903_good" classname="com.cardatechnologies.utils.validators.abaroutevalidator.Test_AbaRouteValidator_07" time="0"/>
  <testcase name="testAbaNumberCheck_14059_good" classname="com.cardatechnologies.utils.validators.abaroutevalidator.Test_AbaRouteValidator_07" time="0"/>
  <testcase name="testAbaNumberCheck_13119_good" classname="com.cardatechnologies.utils.validators.abaroutevalidator.Test_AbaRouteValidator_07" time="0"/>
  <testcase name="testAbaNumberCheck_14717_good" classname="com.cardatechnologies.utils.validators.abaroutevalidator.Test_AbaRouteValidator_07" time="0"/>
  <testcase name="testAbaNumberCheck_13083_good" classname="com.cardatechnologies.utils.validators.abaroutevalidator.Test_AbaRouteValidator_07" time="0"/>
  <testcase name="testAbaNumberCheck_14681_good" classname="com.cardatechnologies.utils.validators.abaroutevalidator.Test_AbaRouteValidator_07" time="0"/>
  <testcase name="testAbaNumberCheck_13741_good" classname="com.cardatechnologies.utils.validators.abaroutevalidator.Test_AbaRouteValidator_07" time="0"/>
  <testcase name="testAbaNumberCheck_12801_good" classname="com.cardatechnologies.utils.validators.abaroutevalidator.Test_AbaRouteValidator_07" time="0"/>
  <testcase name="testAbaNumberCheck_14555_good" classname="com.cardatechnologies.utils.validators.abaroutevalidator.Test_AbaRouteValidator_07" time="0"/>
  <testcase name="testAbaNumberCheck_13615_good" classname="com.cardatechnologies.utils.validators.abaroutevalidator.Test_AbaRouteValidator_07" time="0"/>
  <testcase name="testAbaNumberCheck_14429_good" classname="com.cardatechnologies.utils.validators.abaroutevalidator.Test_AbaRouteValidator_07" time="0"/>
  <testcase name="testAbaNumberCheck_14393_good" classname="com.cardatechnologies.utils.validators.abaroutevalidator.Test_AbaRouteValidator_07" time="0"/>
  <testcase name="testAbaNumberCheck_13453_good" classname="com.cardatechnologies.utils.validators.abaroutevalidator.Test_AbaRouteValidator_07" time="0"/>
  <testcase name="testAbaNumberCheck_12513_good" classname="com.cardatechnologies.utils.validators.abaroutevalidator.Test_AbaRouteValidator_07" time="0"/>
  <testcase name="testAbaNumberCheck_14267_good" classname="com.cardatechnologies.utils.validators.abaroutevalidator.Test_AbaRouteValidator_07" time="0"/>
  <testcase name="testAbaNumberCheck_13327_good" classname="com.cardatechnologies.utils.validators.abaroutevalidator.Test_AbaRouteValidator_07" time="0"/>
  <testcase name="testAbaNumberCheck_14925_good" classname="com.cardatechnologies.utils.validators.abaroutevalidator.Test_AbaRouteValidator_07" time="0"/>
  <testcase name="testAbaNumberCheck_13291_good" classname="com.cardatechnologies.utils.validators.abaroutevalidator.Test_AbaRouteValidator_07" time="0"/>
  <testcase name="testAbaNumberCheck_13165_good" classname="com.cardatechnologies.utils.validators.abaroutevalidator.Test_AbaRouteValidator_07" time="0"/>
  <testcase name="testAbaNumberCheck_14763_good" classname="com.cardatechnologies.utils.validators.abaroutevalidator.Test_AbaRouteValidator_07" time="0"/>
  <testcase name="testAbaNumberCheck_13823_good" classname="com.cardatechnologies.utils.validators.abaroutevalidator.Test_AbaRouteValidator_07" time="0"/>
  <testcase name="testAbaNumberCheck_13039_good" classname="com.cardatechnologies.utils.validators.abaroutevalidator.Test_AbaRouteValidator_07" time="0"/>
  <testcase name="testAbaNumberCheck_14637_good" classname="com.cardatechnologies.utils.validators.abaroutevalidator.Test_AbaRouteValidator_07" time="0"/>
  <testcase name="testAbaNumberCheck_13661_good" classname="com.cardatechnologies.utils.validators.abaroutevalidator.Test_AbaRouteValidator_07" time="0"/>
  <testcase name="testAbaNumberCheck_12721_good" classname="com.cardatechnologies.utils.validators.abaroutevalidator.Test_AbaRouteValidator_07" time="0"/>
  <testcase name="testAbaNumberCheck_14475_good" classname="com.cardatechnologies.utils.validators.abaroutevalidator.Test_AbaRouteValidator_07" time="0"/>
  <testcase name="testAbaNumberCheck_13535_good" classname="com.cardatechnologies.utils.validators.abaroutevalidator.Test_AbaRouteValidator_07" time="0"/>
  <testcase name="testAbaNumberCheck_14349_good" classname="com.cardatechnologies.utils.validators.abaroutevalidator.Test_AbaRouteValidator_07" time="0"/>
  <testcase name="testAbaNumberCheck_13409_good" classname="com.cardatechnologies.utils.validators.abaroutevalidator.Test_AbaRouteValidator_07" time="0"/>
  <testcase name="testAbaNumberCheck_13373_good" classname="com.cardatechnologies.utils.validators.abaroutevalidator.Test_AbaRouteValidator_07" time="0"/>
  <testcase name="testAbaNumberCheck_14971_good" classname="com.cardatechnologies.utils.validators.abaroutevalidator.Test_AbaRouteValidator_07" time="0"/>
  <testcase name="testAbaNumberCheck_14187_good" classname="com.cardatechnologies.utils.validators.abaroutevalidator.Test_AbaRouteValidator_07" time="0"/>
  <testcase name="testAbaNumberCheck_13247_good" classname="com.cardatechnologies.utils.validators.abaroutevalidator.Test_AbaRouteValidator_07" time="0"/>
  <testcase name="testAbaNumberCheck_14845_good" classname="com.cardatechnologies.utils.validators.abaroutevalidator.Test_AbaRouteValidator_07" time="0.001"/>
  <testcase name="testAbaNumberCheck_13905_good" classname="com.cardatechnologies.utils.validators.abaroutevalidator.Test_AbaRouteValidator_07" time="0"/>
  <testcase name="testAbaNumberCheck_14719_good" classname="com.cardatechnologies.utils.validators.abaroutevalidator.Test_AbaRouteValidator_07" time="0"/>
  <testcase name="testAbaNumberCheck_13085_good" classname="com.cardatechnologies.utils.validators.abaroutevalidator.Test_AbaRouteValidator_07" time="0"/>
  <testcase name="testAbaNumberCheck_14683_good" classname="com.cardatechnologies.utils.validators.abaroutevalidator.Test_AbaRouteValidator_07" time="0"/>
  <testcase name="testAbaNumberCheck_13743_good" classname="com.cardatechnologies.utils.validators.abaroutevalidator.Test_AbaRouteValidator_07" time="0"/>
  <testcase name="testAbaNumberCheck_12803_good" classname="com.cardatechnologies.utils.validators.abaroutevalidator.Test_AbaRouteValidator_07" time="0"/>
  <testcase name="testAbaNumberCheck_14557_good" classname="com.cardatechnologies.utils.validators.abaroutevalidator.Test_AbaRouteValidator_07" time="0"/>
  <testcase name="testAbaNumberCheck_13617_good" classname="com.cardatechnologies.utils.validators.abaroutevalidator.Test_AbaRouteValidator_07" time="0"/>
  <testcase name="testAbaNumberCheck_13581_good" classname="com.cardatechnologies.utils.validators.abaroutevalidator.Test_AbaRouteValidator_07" time="0"/>
  <testcase name="testAbaNumberCheck_12641_good" classname="com.cardatechnologies.utils.validators.abaroutevalidator.Test_AbaRouteValidator_07" time="0"/>
  <testcase name="testAbaNumberCheck_14395_good" classname="com.cardatechnologies.utils.validators.abaroutevalidator.Test_AbaRouteValidator_07" time="0"/>
  <testcase name="testAbaNumberCheck_13455_good" classname="com.cardatechnologies.utils.validators.abaroutevalidator.Test_AbaRouteValidator_07" time="0"/>
  <testcase name="testAbaNumberCheck_12515_good" classname="com.cardatechnologies.utils.validators.abaroutevalidator.Test_AbaRouteValidator_07" time="0"/>
  <testcase name="testAbaNumberCheck_14269_good" classname="com.cardatechnologies.utils.validators.abaroutevalidator.Test_AbaRouteValidator_07" time="0"/>
  <testcase name="testAbaNumberCheck_13329_good" classname="com.cardatechnologies.utils.validators.abaroutevalidator.Test_AbaRouteValidator_07" time="0"/>
  <testcase name="testAbaNumberCheck_14927_good" classname="com.cardatechnologies.utils.validators.abaroutevalidator.Test_AbaRouteValidator_07" time="0"/>
  <testcase name="testAbaNumberCheck_13293_good" classname="com.cardatechnologies.utils.validators.abaroutevalidator.Test_AbaRouteValidator_07" time="0"/>
  <testcase name="testAbaNumberCheck_14891_good" classname="com.cardatechnologies.utils.validators.abaroutevalidator.Test_AbaRouteValidator_07" time="0"/>
  <testcase name="testAbaNumberCheck_13951_good" classname="com.cardatechnologies.utils.validators.abaroutevalidator.Test_AbaRouteValidator_07" time="0"/>
  <testcase name="testAbaNumberCheck_13167_good" classname="com.cardatechnologies.utils.validators.abaroutevalidator.Test_AbaRouteValidator_07" time="0"/>
  <testcase name="testAbaNumberCheck_14765_good" classname="com.cardatechnologies.utils.validators.abaroutevalidator.Test_AbaRouteValidator_07" time="0"/>
  <testcase name="testAbaNumberCheck_13825_good" classname="com.cardatechnologies.utils.validators.abaroutevalidator.Test_AbaRouteValidator_07" time="0"/>
  <testcase name="testAbaNumberCheck_14639_good" classname="com.cardatechnologies.utils.validators.abaroutevalidator.Test_AbaRouteValidator_07" time="0"/>
  <testcase name="testAbaNumberCheck_13663_good" classname="com.cardatechnologies.utils.validators.abaroutevalidator.Test_AbaRouteValidator_07" time="0"/>
  <testcase name="testAbaNumberCheck_12723_good" classname="com.cardatechnologies.utils.validators.abaroutevalidator.Test_AbaRouteValidator_07" time="0"/>
  <testcase name="testAbaNumberCheck_14477_good" classname="com.cardatechnologies.utils.validators.abaroutevalidator.Test_AbaRouteValidator_07" time="0.001"/>
  <testcase name="testAbaNumberCheck_13537_good" classname="com.cardatechnologies.utils.validators.abaroutevalidator.Test_AbaRouteValidator_07" time="0"/>
  <testcase name="testAbaNumberCheck_12561_good" classname="com.cardatechnologies.utils.validators.abaroutevalidator.Test_AbaRouteValidator_07" time="0"/>
  <testcase name="testAbaNumberCheck_13375_good" classname="com.cardatechnologies.utils.validators.abaroutevalidator.Test_AbaRouteValidator_07" time="0"/>
  <testcase name="testAbaNumberCheck_14973_good" classname="com.cardatechnologies.utils.validators.abaroutevalidator.Test_AbaRouteValidator_07" time="0"/>
  <testcase name="testAbaNumberCheck_14189_good" classname="com.cardatechnologies.utils.validators.abaroutevalidator.Test_AbaRouteValidator_07" time="0"/>
  <testcase name="testAbaNumberCheck_13249_good" classname="com.cardatechnologies.utils.validators.abaroutevalidator.Test_AbaRouteValidator_07" time="0"/>
  <testcase name="testAbaNumberCheck_14847_good" classname="com.cardatechnologies.utils.validators.abaroutevalidator.Test_AbaRouteValidator_07" time="0"/>
  <testcase name="testAbaNumberCheck_13907_good" classname="com.cardatechnologies.utils.validators.abaroutevalidator.Test_AbaRouteValidator_07" time="0"/>
  <testcase name="testAbaNumberCheck_13871_good" classname="com.cardatechnologies.utils.validators.abaroutevalidator.Test_AbaRouteValidator_07" time="0"/>
  <testcase name="testAbaNumberCheck_12931_good" classname="com.cardatechnologies.utils.validators.abaroutevalidator.Test_AbaRouteValidator_07" time="0"/>
  <testcase name="testAbaNumberCheck_13087_good" classname="com.cardatechnologies.utils.validators.abaroutevalidator.Test_AbaRouteValidator_07" time="0"/>
  <testcase name="testAbaNumberCheck_14685_good" classname="com.cardatechnologies.utils.validators.abaroutevalidator.Test_AbaRouteValidator_07" time="0"/>
  <testcase name="testAbaNumberCheck_13745_good" classname="com.cardatechnologies.utils.validators.abaroutevalidator.Test_AbaRouteValidator_07" time="0"/>
  <testcase name="testAbaNumberCheck_12805_good" classname="com.cardatechnologies.utils.validators.abaroutevalidator.Test_AbaRouteValidator_07" time="0"/>
  <testcase name="testAbaNumberCheck_14559_good" classname="com.cardatechnologies.utils.validators.abaroutevalidator.Test_AbaRouteValidator_07" time="0"/>
  <testcase name="testAbaNumberCheck_13619_good" classname="com.cardatechnologies.utils.validators.abaroutevalidator.Test_AbaRouteValidator_07" time="0"/>
  <testcase name="testAbaNumberCheck_13583_good" classname="com.cardatechnologies.utils.validators.abaroutevalidator.Test_AbaRouteValidator_07" time="0"/>
  <testcase name="testAbaNumberCheck_12643_good" classname="com.cardatechnologies.utils.validators.abaroutevalidator.Test_AbaRouteValidator_07" time="0"/>
  <testcase name="testAbaNumberCheck_14397_good" classname="com.cardatechnologies.utils.validators.abaroutevalidator.Test_AbaRouteValidator_07" time="0"/>
  <testcase name="testAbaNumberCheck_13457_good" classname="com.cardatechnologies.utils.validators.abaroutevalidator.Test_AbaRouteValidator_07" time="0"/>
  <testcase name="testAbaNumberCheck_12517_good" classname="com.cardatechnologies.utils.validators.abaroutevalidator.Test_AbaRouteValidator_07" time="0"/>
  <testcase name="testAbaNumberCheck_12481_good" classname="com.cardatechnologies.utils.validators.abaroutevalidator.Test_AbaRouteValidator_07" time="0"/>
  <testcase name="testAbaNumberCheck_14929_good" classname="com.cardatechnologies.utils.validators.abaroutevalidator.Test_AbaRouteValidator_07" time="0"/>
  <testcase name="testAbaNumberCheck_13295_good" classname="com.cardatechnologies.utils.validators.abaroutevalidator.Test_AbaRouteValidator_07" time="0"/>
  <testcase name="testAbaNumberCheck_14893_good" classname="com.cardatechnologies.utils.validators.abaroutevalidator.Test_AbaRouteValidator_07" time="0"/>
  <testcase name="testAbaNumberCheck_13953_good" classname="com.cardatechnologies.utils.validators.abaroutevalidator.Test_AbaRouteValidator_07" time="0"/>
  <testcase name="testAbaNumberCheck_13169_good" classname="com.cardatechnologies.utils.validators.abaroutevalidator.Test_AbaRouteValidator_07" time="0.001"/>
  <testcase name="testAbaNumberCheck_14767_good" classname="com.cardatechnologies.utils.validators.abaroutevalidator.Test_AbaRouteValidator_07" time="0"/>
  <testcase name="testAbaNumberCheck_13827_good" classname="com.cardatechnologies.utils.validators.abaroutevalidator.Test_AbaRouteValidator_07" time="0"/>
  <testcase name="testAbaNumberCheck_13791_good" classname="com.cardatechnologies.utils.validators.abaroutevalidator.Test_AbaRouteValidator_07" time="0"/>
  <testcase name="testAbaNumberCheck_12851_good" classname="com.cardatechnologies.utils.validators.abaroutevalidator.Test_AbaRouteValidator_07" time="0"/>
  <testcase name="testAbaNumberCheck_13665_good" classname="com.cardatechnologies.utils.validators.abaroutevalidator.Test_AbaRouteValidator_07" time="0"/>
  <testcase name="testAbaNumberCheck_12725_good" classname="com.cardatechnologies.utils.validators.abaroutevalidator.Test_AbaRouteValidator_07" time="0"/>
  <testcase name="testAbaNumberCheck_14479_good" classname="com.cardatechnologies.utils.validators.abaroutevalidator.Test_AbaRouteValidator_07" time="0"/>
  <testcase name="testAbaNumberCheck_13539_good" classname="com.cardatechnologies.utils.validators.abaroutevalidator.Test_AbaRouteValidator_07" time="0"/>
  <testcase name="testAbaNumberCheck_12563_good" classname="com.cardatechnologies.utils.validators.abaroutevalidator.Test_AbaRouteValidator_07" time="0"/>
  <testcase name="testAbaNumberCheck_13377_good" classname="com.cardatechnologies.utils.validators.abaroutevalidator.Test_AbaRouteValidator_07" time="0"/>
  <testcase name="testAbaNumberCheck_14975_good" classname="com.cardatechnologies.utils.validators.abaroutevalidator.Test_AbaRouteValidator_07" time="0"/>
  <testcase name="testAbaNumberCheck_14849_good" classname="com.cardatechnologies.utils.validators.abaroutevalidator.Test_AbaRouteValidator_07" time="0"/>
  <testcase name="testAbaNumberCheck_13909_good" classname="com.cardatechnologies.utils.validators.abaroutevalidator.Test_AbaRouteValidator_07" time="0"/>
  <testcase name="testAbaNumberCheck_13873_good" classname="com.cardatechnologies.utils.validators.abaroutevalidator.Test_AbaRouteValidator_07" time="0"/>
  <testcase name="testAbaNumberCheck_12933_good" classname="com.cardatechnologies.utils.validators.abaroutevalidator.Test_AbaRouteValidator_07" time="0"/>
  <testcase name="testAbaNumberCheck_13089_good" classname="com.cardatechnologies.utils.validators.abaroutevalidator.Test_AbaRouteValidator_07" time="0"/>
  <testcase name="testAbaNumberCheck_14687_good" classname="com.cardatechnologies.utils.validators.abaroutevalidator.Test_AbaRouteValidator_07" time="0"/>
  <testcase name="testAbaNumberCheck_13747_good" classname="com.cardatechnologies.utils.validators.abaroutevalidator.Test_AbaRouteValidator_07" time="0"/>
  <testcase name="testAbaNumberCheck_12807_good" classname="com.cardatechnologies.utils.validators.abaroutevalidator.Test_AbaRouteValidator_07" time="0"/>
  <testcase name="testAbaNumberCheck_12771_good" classname="com.cardatechnologies.utils.validators.abaroutevalidator.Test_AbaRouteValidator_07" time="0"/>
  <testcase name="testAbaNumberCheck_13585_good" classname="com.cardatechnologies.utils.validators.abaroutevalidator.Test_AbaRouteValidator_07" time="0"/>
  <testcase name="testAbaNumberCheck_12645_good" classname="com.cardatechnologies.utils.validators.abaroutevalidator.Test_AbaRouteValidator_07" time="0"/>
  <testcase name="testAbaNumberCheck_14399_good" classname="com.cardatechnologies.utils.validators.abaroutevalidator.Test_AbaRouteValidator_07" time="0"/>
  <testcase name="testAbaNumberCheck_13459_good" classname="com.cardatechnologies.utils.validators.abaroutevalidator.Test_AbaRouteValidator_07" time="0"/>
  <testcase name="testAbaNumberCheck_12519_good" classname="com.cardatechnologies.utils.validators.abaroutevalidator.Test_AbaRouteValidator_07" time="0"/>
  <testcase name="testAbaNumberCheck_12483_good" classname="com.cardatechnologies.utils.validators.abaroutevalidator.Test_AbaRouteValidator_07" time="0"/>
  <testcase name="testAbaNumberCheck_13297_good" classname="com.cardatechnologies.utils.validators.abaroutevalidator.Test_AbaRouteValidator_07" time="0.001"/>
  <testcase name="testAbaNumberCheck_14895_good" classname="com.cardatechnologies.utils.validators.abaroutevalidator.Test_AbaRouteValidator_07" time="0"/>
  <testcase name="testAbaNumberCheck_13955_good" classname="com.cardatechnologies.utils.validators.abaroutevalidator.Test_AbaRouteValidator_07" time="0"/>
  <testcase name="testAbaNumberCheck_14769_good" classname="com.cardatechnologies.utils.validators.abaroutevalidator.Test_AbaRouteValidator_07" time="0"/>
  <testcase name="testAbaNumberCheck_13829_good" classname="com.cardatechnologies.utils.validators.abaroutevalidator.Test_AbaRouteValidator_07" time="0"/>
  <testcase name="testAbaNumberCheck_13793_good" classname="com.cardatechnologies.utils.validators.abaroutevalidator.Test_AbaRouteValidator_07" time="0"/>
  <testcase name="testAbaNumberCheck_12853_good" classname="com.cardatechnologies.utils.validators.abaroutevalidator.Test_AbaRouteValidator_07" time="0"/>
  <testcase name="testAbaNumberCheck_13667_good" classname="com.cardatechnologies.utils.validators.abaroutevalidator.Test_AbaRouteValidator_07" time="0"/>
  <testcase name="testAbaNumberCheck_12727_good" classname="com.cardatechnologies.utils.validators.abaroutevalidator.Test_AbaRouteValidator_07" time="0"/>
  <testcase name="testAbaNumberCheck_12691_good" classname="com.cardatechnologies.utils.validators.abaroutevalidator.Test_AbaRouteValidator_07" time="0"/>
  <testcase name="testAbaNumberCheck_12565_good" classname="com.cardatechnologies.utils.validators.abaroutevalidator.Test_AbaRouteValidator_07" time="0"/>
  <testcase name="testAbaNumberCheck_13379_good" classname="com.cardatechnologies.utils.validators.abaroutevalidator.Test_AbaRouteValidator_07" time="0"/>
  <testcase name="testAbaNumberCheck_14977_good" classname="com.cardatechnologies.utils.validators.abaroutevalidator.Test_AbaRouteValidator_07" time="0"/>
  <testcase name="testAbaNumberCheck_13875_good" classname="com.cardatechnologies.utils.validators.abaroutevalidator.Test_AbaRouteValidator_07" time="0"/>
  <testcase name="testAbaNumberCheck_12935_good" classname="com.cardatechnologies.utils.validators.abaroutevalidator.Test_AbaRouteValidator_07" time="0"/>
  <testcase name="testAbaNumberCheck_14689_good" classname="com.cardatechnologies.utils.validators.abaroutevalidator.Test_AbaRouteValidator_07" time="0"/>
  <testcase name="testAbaNumberCheck_13749_good" classname="com.cardatechnologies.utils.validators.abaroutevalidator.Test_AbaRouteValidator_07" time="0"/>
  <testcase name="testAbaNumberCheck_12809_good" classname="com.cardatechnologies.utils.validators.abaroutevalidator.Test_AbaRouteValidator_07" time="0"/>
  <testcase name="testAbaNumberCheck_12773_good" classname="com.cardatechnologies.utils.validators.abaroutevalidator.Test_AbaRouteValidator_07" time="0"/>
  <testcase name="testAbaNumberCheck_13587_good" classname="com.cardatechnologies.utils.validators.abaroutevalidator.Test_AbaRouteValidator_07" time="0"/>
  <testcase name="testAbaNumberCheck_12647_good" classname="com.cardatechnologies.utils.validators.abaroutevalidator.Test_AbaRouteValidator_07" time="0"/>
  <testcase name="testAbaNumberCheck_12485_good" classname="com.cardatechnologies.utils.validators.abaroutevalidator.Test_AbaRouteValidator_07" time="0"/>
  <testcase name="testAbaNumberCheck_13299_good" classname="com.cardatechnologies.utils.validators.abaroutevalidator.Test_AbaRouteValidator_07" time="0"/>
  <testcase name="testAbaNumberCheck_14897_good" classname="com.cardatechnologies.utils.validators.abaroutevalidator.Test_AbaRouteValidator_07" time="0"/>
  <testcase name="testAbaNumberCheck_13957_good" classname="com.cardatechnologies.utils.validators.abaroutevalidator.Test_AbaRouteValidator_07" time="0"/>
  <testcase name="testAbaNumberCheck_12981_good" classname="com.cardatechnologies.utils.validators.abaroutevalidator.Test_AbaRouteValidator_07" time="0"/>
  <testcase name="testAbaNumberCheck_13795_good" classname="com.cardatechnologies.utils.validators.abaroutevalidator.Test_AbaRouteValidator_07" time="0.001"/>
  <testcase name="testAbaNumberCheck_12855_good" classname="com.cardatechnologies.utils.validators.abaroutevalidator.Test_AbaRouteValidator_07" time="0"/>
  <testcase name="testAbaNumberCheck_13669_good" classname="com.cardatechnologies.utils.validators.abaroutevalidator.Test_AbaRouteValidator_07" time="0"/>
  <testcase name="testAbaNumberCheck_12729_good" classname="com.cardatechnologies.utils.validators.abaroutevalidator.Test_AbaRouteValidator_07" time="0"/>
  <testcase name="testAbaNumberCheck_12693_good" classname="com.cardatechnologies.utils.validators.abaroutevalidator.Test_AbaRouteValidator_07" time="0"/>
  <testcase name="testAbaNumberCheck_12567_good" classname="com.cardatechnologies.utils.validators.abaroutevalidator.Test_AbaRouteValidator_07" time="0"/>
  <testcase name="testAbaNumberCheck_14979_good" classname="com.cardatechnologies.utils.validators.abaroutevalidator.Test_AbaRouteValidator_07" time="0"/>
  <testcase name="testAbaNumberCheck_13877_good" classname="com.cardatechnologies.utils.validators.abaroutevalidator.Test_AbaRouteValidator_07" time="0"/>
  <testcase name="testAbaNumberCheck_12937_good" classname="com.cardatechnologies.utils.validators.abaroutevalidator.Test_AbaRouteValidator_07" time="0"/>
  <testcase name="testAbaNumberCheck_12775_good" classname="com.cardatechnologies.utils.validators.abaroutevalidator.Test_AbaRouteValidator_07" time="0"/>
  <testcase name="testAbaNumberCheck_13589_good" classname="com.cardatechnologies.utils.validators.abaroutevalidator.Test_AbaRouteValidator_07" time="0"/>
  <testcase name="testAbaNumberCheck_12649_good" classname="com.cardatechnologies.utils.validators.abaroutevalidator.Test_AbaRouteValidator_07" time="0"/>
  <testcase name="testAbaNumberCheck_12487_good" classname="com.cardatechnologies.utils.validators.abaroutevalidator.Test_AbaRouteValidator_07" time="0"/>
  <testcase name="testAbaNumberCheck_14899_good" classname="com.cardatechnologies.utils.validators.abaroutevalidator.Test_AbaRouteValidator_07" time="0"/>
  <testcase name="testAbaNumberCheck_13959_good" classname="com.cardatechnologies.utils.validators.abaroutevalidator.Test_AbaRouteValidator_07" time="0"/>
  <testcase name="testAbaNumberCheck_12983_good" classname="com.cardatechnologies.utils.validators.abaroutevalidator.Test_AbaRouteValidator_07" time="0"/>
  <testcase name="testAbaNumberCheck_13797_good" classname="com.cardatechnologies.utils.validators.abaroutevalidator.Test_AbaRouteValidator_07" time="0"/>
  <testcase name="testAbaNumberCheck_12857_good" classname="com.cardatechnologies.utils.validators.abaroutevalidator.Test_AbaRouteValidator_07" time="0"/>
  <testcase name="testAbaNumberCheck_13000_bad" classname="com.cardatechnologies.utils.validators.abaroutevalidator.Test_AbaRouteValidator_07" time="0"/>
  <testcase name="testAbaNumberCheck_12695_good" classname="com.cardatechnologies.utils.validators.abaroutevalidator.Test_AbaRouteValidator_07" time="0"/>
  <testcase name="testAbaNumberCheck_13002_bad" classname="com.cardatechnologies.utils.validators.abaroutevalidator.Test_AbaRouteValidator_07" time="0"/>
  <testcase name="testAbaNumberCheck_13004_bad" classname="com.cardatechnologies.utils.validators.abaroutevalidator.Test_AbaRouteValidator_07" time="0"/>
  <testcase name="testAbaNumberCheck_12569_good" classname="com.cardatechnologies.utils.validators.abaroutevalidator.Test_AbaRouteValidator_07" time="0"/>
  <testcase name="testAbaNumberCheck_13006_bad" classname="com.cardatechnologies.utils.validators.abaroutevalidator.Test_AbaRouteValidator_07" time="0"/>
  <testcase name="testAbaNumberCheck_13008_bad" classname="com.cardatechnologies.utils.validators.abaroutevalidator.Test_AbaRouteValidator_07" time="0"/>
  <testcase name="testAbaNumberCheck_13879_good" classname="com.cardatechnologies.utils.validators.abaroutevalidator.Test_AbaRouteValidator_07" time="0"/>
  <testcase name="testAbaNumberCheck_12939_good" classname="com.cardatechnologies.utils.validators.abaroutevalidator.Test_AbaRouteValidator_07" time="0"/>
  <testcase name="testAbaNumberCheck_12777_good" classname="com.cardatechnologies.utils.validators.abaroutevalidator.Test_AbaRouteValidator_07" time="0"/>
  <testcase name="testAbaNumberCheck_13010_bad" classname="com.cardatechnologies.utils.validators.abaroutevalidator.Test_AbaRouteValidator_07" time="0"/>
  <testcase name="testAbaNumberCheck_13012_bad" classname="com.cardatechnologies.utils.validators.abaroutevalidator.Test_AbaRouteValidator_07" time="0"/>
  <testcase name="testAbaNumberCheck_13014_bad" classname="com.cardatechnologies.utils.validators.abaroutevalidator.Test_AbaRouteValidator_07" time="0"/>
  <testcase name="testAbaNumberCheck_13016_bad" classname="com.cardatechnologies.utils.validators.abaroutevalidator.Test_AbaRouteValidator_07" time="0"/>
  <testcase name="testAbaNumberCheck_13018_bad" classname="com.cardatechnologies.utils.validators.abaroutevalidator.Test_AbaRouteValidator_07" time="0"/>
  <testcase name="testAbaNumberCheck_12489_good" classname="com.cardatechnologies.utils.validators.abaroutevalidator.Test_AbaRouteValidator_07" time="0"/>
  <testcase name="testAbaNumberCheck_12985_good" classname="com.cardatechnologies.utils.validators.abaroutevalidator.Test_AbaRouteValidator_07" time="0"/>
  <testcase name="testAbaNumberCheck_13799_good" classname="com.cardatechnologies.utils.validators.abaroutevalidator.Test_AbaRouteValidator_07" time="0"/>
  <testcase name="testAbaNumberCheck_12859_good" classname="com.cardatechnologies.utils.validators.abaroutevalidator.Test_AbaRouteValidator_07" time="0"/>
  <testcase name="testAbaNumberCheck_13020_bad" classname="com.cardatechnologies.utils.validators.abaroutevalidator.Test_AbaRouteValidator_07" time="0"/>
  <testcase name="testAbaNumberCheck_12697_good" classname="com.cardatechnologies.utils.validators.abaroutevalidator.Test_AbaRouteValidator_07" time="0"/>
  <testcase name="testAbaNumberCheck_13022_bad" classname="com.cardatechnologies.utils.validators.abaroutevalidator.Test_AbaRouteValidator_07" time="0"/>
  <testcase name="testAbaNumberCheck_13024_bad" classname="com.cardatechnologies.utils.validators.abaroutevalidator.Test_AbaRouteValidator_07" time="0"/>
  <testcase name="testAbaNumberCheck_13026_bad" classname="com.cardatechnologies.utils.validators.abaroutevalidator.Test_AbaRouteValidator_07" time="0.001"/>
  <testcase name="testAbaNumberCheck_13028_bad" classname="com.cardatechnologies.utils.validators.abaroutevalidator.Test_AbaRouteValidator_07" time="0"/>
  <testcase name="testAbaNumberCheck_12779_good" classname="com.cardatechnologies.utils.validators.abaroutevalidator.Test_AbaRouteValidator_07" time="0"/>
  <testcase name="testAbaNumberCheck_13030_bad" classname="com.cardatechnologies.utils.validators.abaroutevalidator.Test_AbaRouteValidator_07" time="0"/>
  <testcase name="testAbaNumberCheck_13032_bad" classname="com.cardatechnologies.utils.validators.abaroutevalidator.Test_AbaRouteValidator_07" time="0"/>
  <testcase name="testAbaNumberCheck_13034_bad" classname="com.cardatechnologies.utils.validators.abaroutevalidator.Test_AbaRouteValidator_07" time="0"/>
  <testcase name="testAbaNumberCheck_13036_bad" classname="com.cardatechnologies.utils.validators.abaroutevalidator.Test_AbaRouteValidator_07" time="0"/>
  <testcase name="testAbaNumberCheck_13038_bad" classname="com.cardatechnologies.utils.validators.abaroutevalidator.Test_AbaRouteValidator_07" time="0"/>
  <testcase name="testAbaNumberCheck_12987_good" classname="com.cardatechnologies.utils.validators.abaroutevalidator.Test_AbaRouteValidator_07" time="0"/>
  <testcase name="testAbaNumberCheck_14300_bad" classname="com.cardatechnologies.utils.validators.abaroutevalidator.Test_AbaRouteValidator_07" time="0"/>
  <testcase name="testAbaNumberCheck_14302_bad" classname="com.cardatechnologies.utils.validators.abaroutevalidator.Test_AbaRouteValidator_07" time="0"/>
  <testcase name="testAbaNumberCheck_14304_bad" classname="com.cardatechnologies.utils.validators.abaroutevalidator.Test_AbaRouteValidator_07" time="0"/>
  <testcase name="testAbaNumberCheck_13040_bad" classname="com.cardatechnologies.utils.validators.abaroutevalidator.Test_AbaRouteValidator_07" time="0"/>
  <testcase name="testAbaNumberCheck_12699_good" classname="com.cardatechnologies.utils.validators.abaroutevalidator.Test_AbaRouteValidator_07" time="0"/>
  <testcase name="testAbaNumberCheck_14306_bad" classname="com.cardatechnologies.utils.validators.abaroutevalidator.Test_AbaRouteValidator_07" time="0"/>
  <testcase name="testAbaNumberCheck_13042_bad" classname="com.cardatechnologies.utils.validators.abaroutevalidator.Test_AbaRouteValidator_07" time="0"/>
  <testcase name="testAbaNumberCheck_14308_bad" classname="com.cardatechnologies.utils.validators.abaroutevalidator.Test_AbaRouteValidator_07" time="0"/>
  <testcase name="testAbaNumberCheck_13044_bad" classname="com.cardatechnologies.utils.validators.abaroutevalidator.Test_AbaRouteValidator_07" time="0"/>
  <testcase name="testAbaNumberCheck_13046_bad" classname="com.cardatechnologies.utils.validators.abaroutevalidator.Test_AbaRouteValidator_07" time="0"/>
  <testcase name="testAbaNumberCheck_13048_bad" classname="com.cardatechnologies.utils.validators.abaroutevalidator.Test_AbaRouteValidator_07" time="0"/>
  <testcase name="testAbaNumberCheck_14310_bad" classname="com.cardatechnologies.utils.validators.abaroutevalidator.Test_AbaRouteValidator_07" time="0.001"/>
  <testcase name="testAbaNumberCheck_14312_bad" classname="com.cardatechnologies.utils.validators.abaroutevalidator.Test_AbaRouteValidator_07" time="0"/>
  <testcase name="testAbaNumberCheck_13500_bad" classname="com.cardatechnologies.utils.validators.abaroutevalidator.Test_AbaRouteValidator_07" time="0"/>
  <testcase name="testAbaNumberCheck_14314_bad" classname="com.cardatechnologies.utils.validators.abaroutevalidator.Test_AbaRouteValidator_07" time="0"/>
  <testcase name="testAbaNumberCheck_13050_bad" classname="com.cardatechnologies.utils.validators.abaroutevalidator.Test_AbaRouteValidator_07" time="0"/>
  <testcase name="testAbaNumberCheck_13502_bad" classname="com.cardatechnologies.utils.validators.abaroutevalidator.Test_AbaRouteValidator_07" time="0"/>
  <testcase name="testAbaNumberCheck_14316_bad" classname="com.cardatechnologies.utils.validators.abaroutevalidator.Test_AbaRouteValidator_07" time="0"/>
  <testcase name="testAbaNumberCheck_13052_bad" classname="com.cardatechnologies.utils.validators.abaroutevalidator.Test_AbaRouteValidator_07" time="0"/>
  <testcase name="testAbaNumberCheck_13504_bad" classname="com.cardatechnologies.utils.validators.abaroutevalidator.Test_AbaRouteValidator_07" time="0"/>
  <testcase name="testAbaNumberCheck_14318_bad" classname="com.cardatechnologies.utils.validators.abaroutevalidator.Test_AbaRouteValidator_07" time="0"/>
  <testcase name="testAbaNumberCheck_13054_bad" classname="com.cardatechnologies.utils.validators.abaroutevalidator.Test_AbaRouteValidator_07" time="0"/>
  <testcase name="testAbaNumberCheck_13506_bad" classname="com.cardatechnologies.utils.validators.abaroutevalidator.Test_AbaRouteValidator_07" time="0"/>
  <testcase name="testAbaNumberCheck_13056_bad" classname="com.cardatechnologies.utils.validators.abaroutevalidator.Test_AbaRouteValidator_07" time="0"/>
  <testcase name="testAbaNumberCheck_13508_bad" classname="com.cardatechnologies.utils.validators.abaroutevalidator.Test_AbaRouteValidator_07" time="0"/>
  <testcase name="testAbaNumberCheck_13058_bad" classname="com.cardatechnologies.utils.validators.abaroutevalidator.Test_AbaRouteValidator_07" time="0"/>
  <testcase name="testAbaNumberCheck_12989_good" classname="com.cardatechnologies.utils.validators.abaroutevalidator.Test_AbaRouteValidator_07" time="0"/>
  <testcase name="testAbaNumberCheck_14320_bad" classname="com.cardatechnologies.utils.validators.abaroutevalidator.Test_AbaRouteValidator_07" time="0"/>
  <testcase name="testAbaNumberCheck_14322_bad" classname="com.cardatechnologies.utils.validators.abaroutevalidator.Test_AbaRouteValidator_07" time="0"/>
  <testcase name="testAbaNumberCheck_13510_bad" classname="com.cardatechnologies.utils.validators.abaroutevalidator.Test_AbaRouteValidator_07" time="0"/>
  <testcase name="testAbaNumberCheck_14324_bad" classname="com.cardatechnologies.utils.validators.abaroutevalidator.Test_AbaRouteValidator_07" time="0"/>
  <testcase name="testAbaNumberCheck_13060_bad" classname="com.cardatechnologies.utils.validators.abaroutevalidator.Test_AbaRouteValidator_07" time="0"/>
  <testcase name="testAbaNumberCheck_13512_bad" classname="com.cardatechnologies.utils.validators.abaroutevalidator.Test_AbaRouteValidator_07" time="0"/>
  <testcase name="testAbaNumberCheck_14326_bad" classname="com.cardatechnologies.utils.validators.abaroutevalidator.Test_AbaRouteValidator_07" time="0"/>
  <testcase name="testAbaNumberCheck_13062_bad" classname="com.cardatechnologies.utils.validators.abaroutevalidator.Test_AbaRouteValidator_07" time="0"/>
  <testcase name="testAbaNumberCheck_12700_bad" classname="com.cardatechnologies.utils.validators.abaroutevalidator.Test_AbaRouteValidator_07" time="0"/>
  <testcase name="testAbaNumberCheck_13514_bad" classname="com.cardatechnologies.utils.validators.abaroutevalidator.Test_AbaRouteValidator_07" time="0"/>
  <testcase name="testAbaNumberCheck_14328_bad" classname="com.cardatechnologies.utils.validators.abaroutevalidator.Test_AbaRouteValidator_07" time="0"/>
  <testcase name="testAbaNumberCheck_13064_bad" classname="com.cardatechnologies.utils.validators.abaroutevalidator.Test_AbaRouteValidator_07" time="0"/>
  <testcase name="testAbaNumberCheck_12702_bad" classname="com.cardatechnologies.utils.validators.abaroutevalidator.Test_AbaRouteValidator_07" time="0"/>
  <testcase name="testAbaNumberCheck_13516_bad" classname="com.cardatechnologies.utils.validators.abaroutevalidator.Test_AbaRouteValidator_07" time="0"/>
  <testcase name="testAbaNumberCheck_13066_bad" classname="com.cardatechnologies.utils.validators.abaroutevalidator.Test_AbaRouteValidator_07" time="0"/>
  <testcase name="testAbaNumberCheck_12704_bad" classname="com.cardatechnologies.utils.validators.abaroutevalidator.Test_AbaRouteValidator_07" time="0"/>
  <testcase name="testAbaNumberCheck_13518_bad" classname="com.cardatechnologies.utils.validators.abaroutevalidator.Test_AbaRouteValidator_07" time="0"/>
  <testcase name="testAbaNumberCheck_13068_bad" classname="com.cardatechnologies.utils.validators.abaroutevalidator.Test_AbaRouteValidator_07" time="0"/>
  <testcase name="testAbaNumberCheck_12706_bad" classname="com.cardatechnologies.utils.validators.abaroutevalidator.Test_AbaRouteValidator_07" time="0"/>
  <testcase name="testAbaNumberCheck_12708_bad" classname="com.cardatechnologies.utils.validators.abaroutevalidator.Test_AbaRouteValidator_07" time="0"/>
  <testcase name="testAbaNumberCheck_14011_good" classname="com.cardatechnologies.utils.validators.abaroutevalidator.Test_AbaRouteValidator_07" time="0"/>
  <testcase name="testAbaNumberCheck_14330_bad" classname="com.cardatechnologies.utils.validators.abaroutevalidator.Test_AbaRouteValidator_07" time="0"/>
  <testcase name="testAbaNumberCheck_14332_bad" classname="com.cardatechnologies.utils.validators.abaroutevalidator.Test_AbaRouteValidator_07" time="0"/>
  <testcase name="testAbaNumberCheck_13520_bad" classname="com.cardatechnologies.utils.validators.abaroutevalidator.Test_AbaRouteValidator_07" time="0"/>
  <testcase name="testAbaNumberCheck_14334_bad" classname="com.cardatechnologies.utils.validators.abaroutevalidator.Test_AbaRouteValidator_07" time="0"/>
  <testcase name="testAbaNumberCheck_13070_bad" classname="com.cardatechnologies.utils.validators.abaroutevalidator.Test_AbaRouteValidator_07" time="0"/>
  <testcase name="testAbaNumberCheck_13522_bad" classname="com.cardatechnologies.utils.validators.abaroutevalidator.Test_AbaRouteValidator_07" time="0"/>
  <testcase name="testAbaNumberCheck_14336_bad" classname="com.cardatechnologies.utils.validators.abaroutevalidator.Test_AbaRouteValidator_07" time="0"/>
  <testcase name="testAbaNumberCheck_13072_bad" classname="com.cardatechnologies.utils.validators.abaroutevalidator.Test_AbaRouteValidator_07" time="0"/>
  <testcase name="testAbaNumberCheck_12710_bad" classname="com.cardatechnologies.utils.validators.abaroutevalidator.Test_AbaRouteValidator_07" time="0"/>
  <testcase name="testAbaNumberCheck_13524_bad" classname="com.cardatechnologies.utils.validators.abaroutevalidator.Test_AbaRouteValidator_07" time="0"/>
  <testcase name="testAbaNumberCheck_14338_bad" classname="com.cardatechnologies.utils.validators.abaroutevalidator.Test_AbaRouteValidator_07" time="0.001"/>
  <testcase name="testAbaNumberCheck_13074_bad" classname="com.cardatechnologies.utils.validators.abaroutevalidator.Test_AbaRouteValidator_07" time="0"/>
  <testcase name="testAbaNumberCheck_12712_bad" classname="com.cardatechnologies.utils.validators.abaroutevalidator.Test_AbaRouteValidator_07" time="0"/>
  <testcase name="testAbaNumberCheck_13526_bad" classname="com.cardatechnologies.utils.validators.abaroutevalidator.Test_AbaRouteValidator_07" time="0"/>
  <testcase name="testAbaNumberCheck_13076_bad" classname="com.cardatechnologies.utils.validators.abaroutevalidator.Test_AbaRouteValidator_07" time="0"/>
  <testcase name="testAbaNumberCheck_12714_bad" classname="com.cardatechnologies.utils.validators.abaroutevalidator.Test_AbaRouteValidator_07" time="0"/>
  <testcase name="testAbaNumberCheck_13528_bad" classname="com.cardatechnologies.utils.validators.abaroutevalidator.Test_AbaRouteValidator_07" time="0"/>
  <testcase name="testAbaNumberCheck_13078_bad" classname="com.cardatechnologies.utils.validators.abaroutevalidator.Test_AbaRouteValidator_07" time="0"/>
  <testcase name="testAbaNumberCheck_12716_bad" classname="com.cardatechnologies.utils.validators.abaroutevalidator.Test_AbaRouteValidator_07" time="0"/>
  <testcase name="testAbaNumberCheck_12718_bad" classname="com.cardatechnologies.utils.validators.abaroutevalidator.Test_AbaRouteValidator_07" time="0"/>
  <testcase name="testAbaNumberCheck_14340_bad" classname="com.cardatechnologies.utils.validators.abaroutevalidator.Test_AbaRouteValidator_07" time="0"/>
  <testcase name="testAbaNumberCheck_14342_bad" classname="com.cardatechnologies.utils.validators.abaroutevalidator.Test_AbaRouteValidator_07" time="0"/>
  <testcase name="testAbaNumberCheck_13530_bad" classname="com.cardatechnologies.utils.validators.abaroutevalidator.Test_AbaRouteValidator_07" time="0"/>
  <testcase name="testAbaNumberCheck_14344_bad" classname="com.cardatechnologies.utils.validators.abaroutevalidator.Test_AbaRouteValidator_07" time="0"/>
  <testcase name="testAbaNumberCheck_13080_bad" classname="com.cardatechnologies.utils.validators.abaroutevalidator.Test_AbaRouteValidator_07" time="0"/>
  <testcase name="testAbaNumberCheck_13532_bad" classname="com.cardatechnologies.utils.validators.abaroutevalidator.Test_AbaRouteValidator_07" time="0"/>
  <testcase name="testAbaNumberCheck_14346_bad" classname="com.cardatechnologies.utils.validators.abaroutevalidator.Test_AbaRouteValidator_07" time="0"/>
  <testcase name="testAbaNumberCheck_13082_bad" classname="com.cardatechnologies.utils.validators.abaroutevalidator.Test_AbaRouteValidator_07" time="0"/>
  <testcase name="testAbaNumberCheck_12720_bad" classname="com.cardatechnologies.utils.validators.abaroutevalidator.Test_AbaRouteValidator_07" time="0"/>
  <testcase name="testAbaNumberCheck_13534_bad" classname="com.cardatechnologies.utils.validators.abaroutevalidator.Test_AbaRouteValidator_07" time="0"/>
  <testcase name="testAbaNumberCheck_14348_bad" classname="com.cardatechnologies.utils.validators.abaroutevalidator.Test_AbaRouteValidator_07" time="0"/>
  <testcase name="testAbaNumberCheck_13084_bad" classname="com.cardatechnologies.utils.validators.abaroutevalidator.Test_AbaRouteValidator_07" time="0"/>
  <testcase name="testAbaNumberCheck_12722_bad" classname="com.cardatechnologies.utils.validators.abaroutevalidator.Test_AbaRouteValidator_07" time="0"/>
  <testcase name="testAbaNumberCheck_13536_bad" classname="com.cardatechnologies.utils.validators.abaroutevalidator.Test_AbaRouteValidator_07" time="0"/>
  <testcase name="testAbaNumberCheck_13086_bad" classname="com.cardatechnologies.utils.validators.abaroutevalidator.Test_AbaRouteValidator_07" time="0"/>
  <testcase name="testAbaNumberCheck_14301_good" classname="com.cardatechnologies.utils.validators.abaroutevalidator.Test_AbaRouteValidator_07" time="0"/>
  <testcase name="testAbaNumberCheck_12724_bad" classname="com.cardatechnologies.utils.validators.abaroutevalidator.Test_AbaRouteValidator_07" time="0"/>
  <testcase name="testAbaNumberCheck_13538_bad" classname="com.cardatechnologies.utils.validators.abaroutevalidator.Test_AbaRouteValidator_07" time="0"/>
  <testcase name="testAbaNumberCheck_13088_bad" classname="com.cardatechnologies.utils.validators.abaroutevalidator.Test_AbaRouteValidator_07" time="0.001"/>
  <testcase name="testAbaNumberCheck_12726_bad" classname="com.cardatechnologies.utils.validators.abaroutevalidator.Test_AbaRouteValidator_07" time="0"/>
  <testcase name="testAbaNumberCheck_12728_bad" classname="com.cardatechnologies.utils.validators.abaroutevalidator.Test_AbaRouteValidator_07" time="0"/>
  <testcase name="testAbaNumberCheck_14013_good" classname="com.cardatechnologies.utils.validators.abaroutevalidator.Test_AbaRouteValidator_07" time="0"/>
  <testcase name="testAbaNumberCheck_14800_bad" classname="com.cardatechnologies.utils.validators.abaroutevalidator.Test_AbaRouteValidator_07" time="0"/>
  <testcase name="testAbaNumberCheck_14350_bad" classname="com.cardatechnologies.utils.validators.abaroutevalidator.Test_AbaRouteValidator_07" time="0"/>
  <testcase name="testAbaNumberCheck_14802_bad" classname="com.cardatechnologies.utils.validators.abaroutevalidator.Test_AbaRouteValidator_07" time="0"/>
  <testcase name="testAbaNumberCheck_14352_bad" classname="com.cardatechnologies.utils.validators.abaroutevalidator.Test_AbaRouteValidator_07" time="0"/>
  <testcase name="testAbaNumberCheck_14804_bad" classname="com.cardatechnologies.utils.validators.abaroutevalidator.Test_AbaRouteValidator_07" time="0"/>
  <testcase name="testAbaNumberCheck_13540_bad" classname="com.cardatechnologies.utils.validators.abaroutevalidator.Test_AbaRouteValidator_07" time="0"/>
  <testcase name="testAbaNumberCheck_14354_bad" classname="com.cardatechnologies.utils.validators.abaroutevalidator.Test_AbaRouteValidator_07" time="0"/>
  <testcase name="testAbaNumberCheck_13090_bad" classname="com.cardatechnologies.utils.validators.abaroutevalidator.Test_AbaRouteValidator_07" time="0"/>
  <testcase name="testAbaNumberCheck_14806_bad" classname="com.cardatechnologies.utils.validators.abaroutevalidator.Test_AbaRouteValidator_07" time="0"/>
  <testcase name="testAbaNumberCheck_13542_bad" classname="com.cardatechnologies.utils.validators.abaroutevalidator.Test_AbaRouteValidator_07" time="0"/>
  <testcase name="testAbaNumberCheck_14356_bad" classname="com.cardatechnologies.utils.validators.abaroutevalidator.Test_AbaRouteValidator_07" time="0"/>
  <testcase name="testAbaNumberCheck_13092_bad" classname="com.cardatechnologies.utils.validators.abaroutevalidator.Test_AbaRouteValidator_07" time="0"/>
  <testcase name="testAbaNumberCheck_14808_bad" classname="com.cardatechnologies.utils.validators.abaroutevalidator.Test_AbaRouteValidator_07" time="0"/>
  <testcase name="testAbaNumberCheck_12730_bad" classname="com.cardatechnologies.utils.validators.abaroutevalidator.Test_AbaRouteValidator_07" time="0"/>
  <testcase name="testAbaNumberCheck_13544_bad" classname="com.cardatechnologies.utils.validators.abaroutevalidator.Test_AbaRouteValidator_07" time="0"/>
  <testcase name="testAbaNumberCheck_14358_bad" classname="com.cardatechnologies.utils.validators.abaroutevalidator.Test_AbaRouteValidator_07" time="0"/>
  <testcase name="testAbaNumberCheck_13094_bad" classname="com.cardatechnologies.utils.validators.abaroutevalidator.Test_AbaRouteValidator_07" time="0"/>
  <testcase name="testAbaNumberCheck_12732_bad" classname="com.cardatechnologies.utils.validators.abaroutevalidator.Test_AbaRouteValidator_07" time="0"/>
  <testcase name="testAbaNumberCheck_13546_bad" classname="com.cardatechnologies.utils.validators.abaroutevalidator.Test_AbaRouteValidator_07" time="0"/>
  <testcase name="testAbaNumberCheck_13096_bad" classname="com.cardatechnologies.utils.validators.abaroutevalidator.Test_AbaRouteValidator_07" time="0"/>
  <testcase name="testAbaNumberCheck_12734_bad" classname="com.cardatechnologies.utils.validators.abaroutevalidator.Test_AbaRouteValidator_07" time="0"/>
  <testcase name="testAbaNumberCheck_13548_bad" classname="com.cardatechnologies.utils.validators.abaroutevalidator.Test_AbaRouteValidator_07" time="0"/>
  <testcase name="testAbaNumberCheck_13098_bad" classname="com.cardatechnologies.utils.validators.abaroutevalidator.Test_AbaRouteValidator_07" time="0.001"/>
  <testcase name="testAbaNumberCheck_12736_bad" classname="com.cardatechnologies.utils.validators.abaroutevalidator.Test_AbaRouteValidator_07" time="0"/>
  <testcase name="testAbaNumberCheck_14221_good" classname="com.cardatechnologies.utils.validators.abaroutevalidator.Test_AbaRouteValidator_07" time="0"/>
  <testcase name="testAbaNumberCheck_12738_bad" classname="com.cardatechnologies.utils.validators.abaroutevalidator.Test_AbaRouteValidator_07" time="0"/>
  <testcase name="testAbaNumberCheck_14810_bad" classname="com.cardatechnologies.utils.validators.abaroutevalidator.Test_AbaRouteValidator_07" time="0"/>
  <testcase name="testAbaNumberCheck_14360_bad" classname="com.cardatechnologies.utils.validators.abaroutevalidator.Test_AbaRouteValidator_07" time="0"/>
  <testcase name="testAbaNumberCheck_14812_bad" classname="com.cardatechnologies.utils.validators.abaroutevalidator.Test_AbaRouteValidator_07" time="0"/>
  <testcase name="testAbaNumberCheck_14362_bad" classname="com.cardatechnologies.utils.validators.abaroutevalidator.Test_AbaRouteValidator_07" time="0"/>
  <testcase name="testAbaNumberCheck_14814_bad" classname="com.cardatechnologies.utils.validators.abaroutevalidator.Test_AbaRouteValidator_07" time="0"/>
  <testcase name="testAbaNumberCheck_13550_bad" classname="com.cardatechnologies.utils.validators.abaroutevalidator.Test_AbaRouteValidator_07" time="0"/>
  <testcase name="testAbaNumberCheck_14364_bad" classname="com.cardatechnologies.utils.validators.abaroutevalidator.Test_AbaRouteValidator_07" time="0"/>
  <testcase name="testAbaNumberCheck_14816_bad" classname="com.cardatechnologies.utils.validators.abaroutevalidator.Test_AbaRouteValidator_07" time="0"/>
  <testcase name="testAbaNumberCheck_13552_bad" classname="com.cardatechnologies.utils.validators.abaroutevalidator.Test_AbaRouteValidator_07" time="0"/>
  <testcase name="testAbaNumberCheck_14366_bad" classname="com.cardatechnologies.utils.validators.abaroutevalidator.Test_AbaRouteValidator_07" time="0"/>
  <testcase name="testAbaNumberCheck_14818_bad" classname="com.cardatechnologies.utils.validators.abaroutevalidator.Test_AbaRouteValidator_07" time="0"/>
  <testcase name="testAbaNumberCheck_12740_bad" classname="com.cardatechnologies.utils.validators.abaroutevalidator.Test_AbaRouteValidator_07" time="0"/>
  <testcase name="testAbaNumberCheck_13554_bad" classname="com.cardatechnologies.utils.validators.abaroutevalidator.Test_AbaRouteValidator_07" time="0"/>
  <testcase name="testAbaNumberCheck_14368_bad" classname="com.cardatechnologies.utils.validators.abaroutevalidator.Test_AbaRouteValidator_07" time="0"/>
  <testcase name="testAbaNumberCheck_12742_bad" classname="com.cardatechnologies.utils.validators.abaroutevalidator.Test_AbaRouteValidator_07" time="0"/>
  <testcase name="testAbaNumberCheck_13556_bad" classname="com.cardatechnologies.utils.validators.abaroutevalidator.Test_AbaRouteValidator_07" time="0"/>
  <testcase name="testAbaNumberCheck_14303_good" classname="com.cardatechnologies.utils.validators.abaroutevalidator.Test_AbaRouteValidator_07" time="0"/>
  <testcase name="testAbaNumberCheck_12744_bad" classname="com.cardatechnologies.utils.validators.abaroutevalidator.Test_AbaRouteValidator_07" time="0"/>
  <testcase name="testAbaNumberCheck_13558_bad" classname="com.cardatechnologies.utils.validators.abaroutevalidator.Test_AbaRouteValidator_07" time="0"/>
  <testcase name="testAbaNumberCheck_12746_bad" classname="com.cardatechnologies.utils.validators.abaroutevalidator.Test_AbaRouteValidator_07" time="0"/>
  <testcase name="testAbaNumberCheck_12748_bad" classname="com.cardatechnologies.utils.validators.abaroutevalidator.Test_AbaRouteValidator_07" time="0"/>
  <testcase name="testAbaNumberCheck_14141_good" classname="com.cardatechnologies.utils.validators.abaroutevalidator.Test_AbaRouteValidator_07" time="0"/>
  <testcase name="testAbaNumberCheck_13201_good" classname="com.cardatechnologies.utils.validators.abaroutevalidator.Test_AbaRouteValidator_07" time="0.001"/>
  <testcase name="testAbaNumberCheck_14015_good" classname="com.cardatechnologies.utils.validators.abaroutevalidator.Test_AbaRouteValidator_07" time="0"/>
  <testcase name="testAbaNumberCheck_14820_bad" classname="com.cardatechnologies.utils.validators.abaroutevalidator.Test_AbaRouteValidator_07" time="0"/>
  <testcase name="testAbaNumberCheck_14370_bad" classname="com.cardatechnologies.utils.validators.abaroutevalidator.Test_AbaRouteValidator_07" time="0"/>
  <testcase name="testAbaNumberCheck_14822_bad" classname="com.cardatechnologies.utils.validators.abaroutevalidator.Test_AbaRouteValidator_07" time="0"/>
  <testcase name="testAbaNumberCheck_14372_bad" classname="com.cardatechnologies.utils.validators.abaroutevalidator.Test_AbaRouteValidator_07" time="0"/>
  <testcase name="testAbaNumberCheck_14511_good" classname="com.cardatechnologies.utils.validators.abaroutevalidator.Test_AbaRouteValidator_07" time="0"/>
  <testcase name="testAbaNumberCheck_14824_bad" classname="com.cardatechnologies.utils.validators.abaroutevalidator.Test_AbaRouteValidator_07" time="0"/>
  <testcase name="testAbaNumberCheck_13560_bad" classname="com.cardatechnologies.utils.validators.abaroutevalidator.Test_AbaRouteValidator_07" time="0"/>
  <testcase name="testAbaNumberCheck_14374_bad" classname="com.cardatechnologies.utils.validators.abaroutevalidator.Test_AbaRouteValidator_07" time="0"/>
  <testcase name="testAbaNumberCheck_14826_bad" classname="com.cardatechnologies.utils.validators.abaroutevalidator.Test_AbaRouteValidator_07" time="0"/>
  <testcase name="testAbaNumberCheck_13562_bad" classname="com.cardatechnologies.utils.validators.abaroutevalidator.Test_AbaRouteValidator_07" time="0"/>
  <testcase name="testAbaNumberCheck_14376_bad" classname="com.cardatechnologies.utils.validators.abaroutevalidator.Test_AbaRouteValidator_07" time="0"/>
  <testcase name="testAbaNumberCheck_14828_bad" classname="com.cardatechnologies.utils.validators.abaroutevalidator.Test_AbaRouteValidator_07" time="0"/>
  <testcase name="testAbaNumberCheck_12750_bad" classname="com.cardatechnologies.utils.validators.abaroutevalidator.Test_AbaRouteValidator_07" time="0"/>
  <testcase name="testAbaNumberCheck_13564_bad" classname="com.cardatechnologies.utils.validators.abaroutevalidator.Test_AbaRouteValidator_07" time="0"/>
  <testcase name="testAbaNumberCheck_14378_bad" classname="com.cardatechnologies.utils.validators.abaroutevalidator.Test_AbaRouteValidator_07" time="0"/>
  <testcase name="testAbaNumberCheck_12752_bad" classname="com.cardatechnologies.utils.validators.abaroutevalidator.Test_AbaRouteValidator_07" time="0"/>
  <testcase name="testAbaNumberCheck_13566_bad" classname="com.cardatechnologies.utils.validators.abaroutevalidator.Test_AbaRouteValidator_07" time="0"/>
  <testcase name="testAbaNumberCheck_12754_bad" classname="com.cardatechnologies.utils.validators.abaroutevalidator.Test_AbaRouteValidator_07" time="0"/>
  <testcase name="testAbaNumberCheck_13568_bad" classname="com.cardatechnologies.utils.validators.abaroutevalidator.Test_AbaRouteValidator_07" time="0"/>
  <testcase name="testAbaNumberCheck_12756_bad" classname="com.cardatechnologies.utils.validators.abaroutevalidator.Test_AbaRouteValidator_07" time="0"/>
  <testcase name="testAbaNumberCheck_14223_good" classname="com.cardatechnologies.utils.validators.abaroutevalidator.Test_AbaRouteValidator_07" time="0"/>
  <testcase name="testAbaNumberCheck_12758_bad" classname="com.cardatechnologies.utils.validators.abaroutevalidator.Test_AbaRouteValidator_07" time="0"/>
  <testcase name="testAbaNumberCheck_14061_good" classname="com.cardatechnologies.utils.validators.abaroutevalidator.Test_AbaRouteValidator_07" time="0"/>
  <testcase name="testAbaNumberCheck_13121_good" classname="com.cardatechnologies.utils.validators.abaroutevalidator.Test_AbaRouteValidator_07" time="0"/>
  <testcase name="testAbaNumberCheck_14830_bad" classname="com.cardatechnologies.utils.validators.abaroutevalidator.Test_AbaRouteValidator_07" time="0"/>
  <testcase name="testAbaNumberCheck_14380_bad" classname="com.cardatechnologies.utils.validators.abaroutevalidator.Test_AbaRouteValidator_07" time="0"/>
  <testcase name="testAbaNumberCheck_14832_bad" classname="com.cardatechnologies.utils.validators.abaroutevalidator.Test_AbaRouteValidator_07" time="0"/>
  <testcase name="testAbaNumberCheck_14382_bad" classname="com.cardatechnologies.utils.validators.abaroutevalidator.Test_AbaRouteValidator_07" time="0"/>
  <testcase name="testAbaNumberCheck_14834_bad" classname="com.cardatechnologies.utils.validators.abaroutevalidator.Test_AbaRouteValidator_07" time="0"/>
  <testcase name="testAbaNumberCheck_13570_bad" classname="com.cardatechnologies.utils.validators.abaroutevalidator.Test_AbaRouteValidator_07" time="0"/>
  <testcase name="testAbaNumberCheck_14384_bad" classname="com.cardatechnologies.utils.validators.abaroutevalidator.Test_AbaRouteValidator_07" time="0"/>
  <testcase name="testAbaNumberCheck_14836_bad" classname="com.cardatechnologies.utils.validators.abaroutevalidator.Test_AbaRouteValidator_07" time="0"/>
  <testcase name="testAbaNumberCheck_13572_bad" classname="com.cardatechnologies.utils.validators.abaroutevalidator.Test_AbaRouteValidator_07" time="0"/>
  <testcase name="testAbaNumberCheck_14386_bad" classname="com.cardatechnologies.utils.validators.abaroutevalidator.Test_AbaRouteValidator_07" time="0"/>
  <testcase name="testAbaNumberCheck_14431_good" classname="com.cardatechnologies.utils.validators.abaroutevalidator.Test_AbaRouteValidator_07" time="0"/>
  <testcase name="testAbaNumberCheck_14838_bad" classname="com.cardatechnologies.utils.validators.abaroutevalidator.Test_AbaRouteValidator_07" time="0"/>
  <testcase name="testAbaNumberCheck_12760_bad" classname="com.cardatechnologies.utils.validators.abaroutevalidator.Test_AbaRouteValidator_07" time="0"/>
  <testcase name="testAbaNumberCheck_13574_bad" classname="com.cardatechnologies.utils.validators.abaroutevalidator.Test_AbaRouteValidator_07" time="0"/>
  <testcase name="testAbaNumberCheck_14388_bad" classname="com.cardatechnologies.utils.validators.abaroutevalidator.Test_AbaRouteValidator_07" time="0"/>
  <testcase name="testAbaNumberCheck_12762_bad" classname="com.cardatechnologies.utils.validators.abaroutevalidator.Test_AbaRouteValidator_07" time="0"/>
  <testcase name="testAbaNumberCheck_13576_bad" classname="com.cardatechnologies.utils.validators.abaroutevalidator.Test_AbaRouteValidator_07" time="0"/>
  <testcase name="testAbaNumberCheck_14305_good" classname="com.cardatechnologies.utils.validators.abaroutevalidator.Test_AbaRouteValidator_07" time="0"/>
  <testcase name="testAbaNumberCheck_12764_bad" classname="com.cardatechnologies.utils.validators.abaroutevalidator.Test_AbaRouteValidator_07" time="0"/>
  <testcase name="testAbaNumberCheck_13578_bad" classname="com.cardatechnologies.utils.validators.abaroutevalidator.Test_AbaRouteValidator_07" time="0"/>
  <testcase name="testAbaNumberCheck_12766_bad" classname="com.cardatechnologies.utils.validators.abaroutevalidator.Test_AbaRouteValidator_07" time="0"/>
  <testcase name="testAbaNumberCheck_12768_bad" classname="com.cardatechnologies.utils.validators.abaroutevalidator.Test_AbaRouteValidator_07" time="0"/>
  <testcase name="testAbaNumberCheck_14143_good" classname="com.cardatechnologies.utils.validators.abaroutevalidator.Test_AbaRouteValidator_07" time="0"/>
  <testcase name="testAbaNumberCheck_13203_good" classname="com.cardatechnologies.utils.validators.abaroutevalidator.Test_AbaRouteValidator_07" time="0"/>
  <testcase name="testAbaNumberCheck_14801_good" classname="com.cardatechnologies.utils.validators.abaroutevalidator.Test_AbaRouteValidator_07" time="0"/>
  <testcase name="testAbaNumberCheck_14017_good" classname="com.cardatechnologies.utils.validators.abaroutevalidator.Test_AbaRouteValidator_07" time="0"/>
  <testcase name="testAbaNumberCheck_13041_good" classname="com.cardatechnologies.utils.validators.abaroutevalidator.Test_AbaRouteValidator_07" time="0"/>
  <testcase name="testAbaNumberCheck_14840_bad" classname="com.cardatechnologies.utils.validators.abaroutevalidator.Test_AbaRouteValidator_07" time="0"/>
  <testcase name="testAbaNumberCheck_14390_bad" classname="com.cardatechnologies.utils.validators.abaroutevalidator.Test_AbaRouteValidator_07" time="0.001"/>
  <testcase name="testAbaNumberCheck_14842_bad" classname="com.cardatechnologies.utils.validators.abaroutevalidator.Test_AbaRouteValidator_07" time="0"/>
  <testcase name="testAbaNumberCheck_14392_bad" classname="com.cardatechnologies.utils.validators.abaroutevalidator.Test_AbaRouteValidator_07" time="0"/>
  <testcase name="testAbaNumberCheck_14513_good" classname="com.cardatechnologies.utils.validators.abaroutevalidator.Test_AbaRouteValidator_07" time="0"/>
  <testcase name="testAbaNumberCheck_14844_bad" classname="com.cardatechnologies.utils.validators.abaroutevalidator.Test_AbaRouteValidator_07" time="0"/>
  <testcase name="testAbaNumberCheck_13580_bad" classname="com.cardatechnologies.utils.validators.abaroutevalidator.Test_AbaRouteValidator_07" time="0"/>
  <testcase name="testAbaNumberCheck_14394_bad" classname="com.cardatechnologies.utils.validators.abaroutevalidator.Test_AbaRouteValidator_07" time="0"/>
  <testcase name="testAbaNumberCheck_14846_bad" classname="com.cardatechnologies.utils.validators.abaroutevalidator.Test_AbaRouteValidator_07" time="0"/>
  <testcase name="testAbaNumberCheck_13582_bad" classname="com.cardatechnologies.utils.validators.abaroutevalidator.Test_AbaRouteValidator_07" time="0"/>
  <testcase name="testAbaNumberCheck_14396_bad" classname="com.cardatechnologies.utils.validators.abaroutevalidator.Test_AbaRouteValidator_07" time="0"/>
  <testcase name="testAbaNumberCheck_14848_bad" classname="com.cardatechnologies.utils.validators.abaroutevalidator.Test_AbaRouteValidator_07" time="0"/>
  <testcase name="testAbaNumberCheck_12770_bad" classname="com.cardatechnologies.utils.validators.abaroutevalidator.Test_AbaRouteValidator_07" time="0"/>
  <testcase name="testAbaNumberCheck_13584_bad" classname="com.cardatechnologies.utils.validators.abaroutevalidator.Test_AbaRouteValidator_07" time="0"/>
  <testcase name="testAbaNumberCheck_14398_bad" classname="com.cardatechnologies.utils.validators.abaroutevalidator.Test_AbaRouteValidator_07" time="0"/>
  <testcase name="testAbaNumberCheck_12772_bad" classname="com.cardatechnologies.utils.validators.abaroutevalidator.Test_AbaRouteValidator_07" time="0"/>
  <testcase name="testAbaNumberCheck_13586_bad" classname="com.cardatechnologies.utils.validators.abaroutevalidator.Test_AbaRouteValidator_07" time="0"/>
  <testcase name="testAbaNumberCheck_14351_good" classname="com.cardatechnologies.utils.validators.abaroutevalidator.Test_AbaRouteValidator_07" time="0"/>
  <testcase name="testAbaNumberCheck_13411_good" classname="com.cardatechnologies.utils.validators.abaroutevalidator.Test_AbaRouteValidator_07" time="0"/>
  <testcase name="testAbaNumberCheck_12774_bad" classname="com.cardatechnologies.utils.validators.abaroutevalidator.Test_AbaRouteValidator_07" time="0"/>
  <testcase name="testAbaNumberCheck_13588_bad" classname="com.cardatechnologies.utils.validators.abaroutevalidator.Test_AbaRouteValidator_07" time="0"/>
  <testcase name="testAbaNumberCheck_12776_bad" classname="com.cardatechnologies.utils.validators.abaroutevalidator.Test_AbaRouteValidator_07" time="0"/>
  <testcase name="testAbaNumberCheck_14225_good" classname="com.cardatechnologies.utils.validators.abaroutevalidator.Test_AbaRouteValidator_07" time="0"/>
  <testcase name="testAbaNumberCheck_12778_bad" classname="com.cardatechnologies.utils.validators.abaroutevalidator.Test_AbaRouteValidator_07" time="0"/>
  <testcase name="testAbaNumberCheck_14063_good" classname="com.cardatechnologies.utils.validators.abaroutevalidator.Test_AbaRouteValidator_07" time="0"/>
  <testcase name="testAbaNumberCheck_13123_good" classname="com.cardatechnologies.utils.validators.abaroutevalidator.Test_AbaRouteValidator_07" time="0"/>
  <testcase name="testAbaNumberCheck_14721_good" classname="com.cardatechnologies.utils.validators.abaroutevalidator.Test_AbaRouteValidator_07" time="0"/>
  <testcase name="testAbaNumberCheck_14850_bad" classname="com.cardatechnologies.utils.validators.abaroutevalidator.Test_AbaRouteValidator_07" time="0"/>
  <testcase name="testAbaNumberCheck_14852_bad" classname="com.cardatechnologies.utils.validators.abaroutevalidator.Test_AbaRouteValidator_07" time="0.001"/>
  <testcase name="testAbaNumberCheck_14854_bad" classname="com.cardatechnologies.utils.validators.abaroutevalidator.Test_AbaRouteValidator_07" time="0"/>
  <testcase name="testAbaNumberCheck_13590_bad" classname="com.cardatechnologies.utils.validators.abaroutevalidator.Test_AbaRouteValidator_07" time="0"/>
  <testcase name="testAbaNumberCheck_14856_bad" classname="com.cardatechnologies.utils.validators.abaroutevalidator.Test_AbaRouteValidator_07" time="0"/>
  <testcase name="testAbaNumberCheck_13592_bad" classname="com.cardatechnologies.utils.validators.abaroutevalidator.Test_AbaRouteValidator_07" time="0"/>
  <testcase name="testAbaNumberCheck_14433_good" classname="com.cardatechnologies.utils.validators.abaroutevalidator.Test_AbaRouteValidator_07" time="0"/>
  <testcase name="testAbaNumberCheck_14858_bad" classname="com.cardatechnologies.utils.validators.abaroutevalidator.Test_AbaRouteValidator_07" time="0"/>
  <testcase name="testAbaNumberCheck_12780_bad" classname="com.cardatechnologies.utils.validators.abaroutevalidator.Test_AbaRouteValidator_07" time="0"/>
  <testcase name="testAbaNumberCheck_13594_bad" classname="com.cardatechnologies.utils.validators.abaroutevalidator.Test_AbaRouteValidator_07" time="0"/>
  <testcase name="testAbaNumberCheck_12782_bad" classname="com.cardatechnologies.utils.validators.abaroutevalidator.Test_AbaRouteValidator_07" time="0"/>
  <testcase name="testAbaNumberCheck_13596_bad" classname="com.cardatechnologies.utils.validators.abaroutevalidator.Test_AbaRouteValidator_07" time="0"/>
  <testcase name="testAbaNumberCheck_14307_good" classname="com.cardatechnologies.utils.validators.abaroutevalidator.Test_AbaRouteValidator_07" time="0"/>
  <testcase name="testAbaNumberCheck_12784_bad" classname="com.cardatechnologies.utils.validators.abaroutevalidator.Test_AbaRouteValidator_07" time="0"/>
  <testcase name="testAbaNumberCheck_13598_bad" classname="com.cardatechnologies.utils.validators.abaroutevalidator.Test_AbaRouteValidator_07" time="0"/>
  <testcase name="testAbaNumberCheck_12786_bad" classname="com.cardatechnologies.utils.validators.abaroutevalidator.Test_AbaRouteValidator_07" time="0"/>
  <testcase name="testAbaNumberCheck_14271_good" classname="com.cardatechnologies.utils.validators.abaroutevalidator.Test_AbaRouteValidator_07" time="0"/>
  <testcase name="testAbaNumberCheck_13331_good" classname="com.cardatechnologies.utils.validators.abaroutevalidator.Test_AbaRouteValidator_07" time="0"/>
  <testcase name="testAbaNumberCheck_12788_bad" classname="com.cardatechnologies.utils.validators.abaroutevalidator.Test_AbaRouteValidator_07" time="0"/>
  <testcase name="testAbaNumberCheck_14145_good" classname="com.cardatechnologies.utils.validators.abaroutevalidator.Test_AbaRouteValidator_07" time="0"/>
  <testcase name="testAbaNumberCheck_13205_good" classname="com.cardatechnologies.utils.validators.abaroutevalidator.Test_AbaRouteValidator_07" time="0"/>
  <testcase name="testAbaNumberCheck_14803_good" classname="com.cardatechnologies.utils.validators.abaroutevalidator.Test_AbaRouteValidator_07" time="0"/>
  <testcase name="testAbaNumberCheck_14019_good" classname="com.cardatechnologies.utils.validators.abaroutevalidator.Test_AbaRouteValidator_07" time="0"/>
  <testcase name="testAbaNumberCheck_13043_good" classname="com.cardatechnologies.utils.validators.abaroutevalidator.Test_AbaRouteValidator_07" time="0"/>
  <testcase name="testAbaNumberCheck_14641_good" classname="com.cardatechnologies.utils.validators.abaroutevalidator.Test_AbaRouteValidator_07" time="0"/>
  <testcase name="testAbaNumberCheck_13701_good" classname="com.cardatechnologies.utils.validators.abaroutevalidator.Test_AbaRouteValidator_07" time="0"/>
  <testcase name="testAbaNumberCheck_14860_bad" classname="com.cardatechnologies.utils.validators.abaroutevalidator.Test_AbaRouteValidator_07" time="0"/>
  <testcase name="testAbaNumberCheck_14862_bad" classname="com.cardatechnologies.utils.validators.abaroutevalidator.Test_AbaRouteValidator_07" time="0"/>
  <testcase name="testAbaNumberCheck_14515_good" classname="com.cardatechnologies.utils.validators.abaroutevalidator.Test_AbaRouteValidator_07" time="0"/>
  <testcase name="testAbaNumberCheck_14864_bad" classname="com.cardatechnologies.utils.validators.abaroutevalidator.Test_AbaRouteValidator_07" time="0"/>
  <testcase name="testAbaNumberCheck_14866_bad" classname="com.cardatechnologies.utils.validators.abaroutevalidator.Test_AbaRouteValidator_07" time="0"/>
  <testcase name="testAbaNumberCheck_14868_bad" classname="com.cardatechnologies.utils.validators.abaroutevalidator.Test_AbaRouteValidator_07" time="0.001"/>
  <testcase name="testAbaNumberCheck_12790_bad" classname="com.cardatechnologies.utils.validators.abaroutevalidator.Test_AbaRouteValidator_07" time="0"/>
  <testcase name="testAbaNumberCheck_12792_bad" classname="com.cardatechnologies.utils.validators.abaroutevalidator.Test_AbaRouteValidator_07" time="0"/>
  <testcase name="testAbaNumberCheck_14353_good" classname="com.cardatechnologies.utils.validators.abaroutevalidator.Test_AbaRouteValidator_07" time="0"/>
  <testcase name="testAbaNumberCheck_13413_good" classname="com.cardatechnologies.utils.validators.abaroutevalidator.Test_AbaRouteValidator_07" time="0"/>
  <testcase name="testAbaNumberCheck_12794_bad" classname="com.cardatechnologies.utils.validators.abaroutevalidator.Test_AbaRouteValidator_07" time="0"/>
  <testcase name="testAbaNumberCheck_12796_bad" classname="com.cardatechnologies.utils.validators.abaroutevalidator.Test_AbaRouteValidator_07" time="0"/>
  <testcase name="testAbaNumberCheck_14227_good" classname="com.cardatechnologies.utils.validators.abaroutevalidator.Test_AbaRouteValidator_07" time="0"/>
  <testcase name="testAbaNumberCheck_12798_bad" classname="com.cardatechnologies.utils.validators.abaroutevalidator.Test_AbaRouteValidator_07" time="0"/>
  <testcase name="testAbaNumberCheck_14191_good" classname="com.cardatechnologies.utils.validators.abaroutevalidator.Test_AbaRouteValidator_07" time="0"/>
  <testcase name="testAbaNumberCheck_13251_good" classname="com.cardatechnologies.utils.validators.abaroutevalidator.Test_AbaRouteValidator_07" time="0"/>
  <testcase name="testAbaNumberCheck_14065_good" classname="com.cardatechnologies.utils.validators.abaroutevalidator.Test_AbaRouteValidator_07" time="0"/>
  <testcase name="testAbaNumberCheck_13125_good" classname="com.cardatechnologies.utils.validators.abaroutevalidator.Test_AbaRouteValidator_07" time="0"/>
  <testcase name="testAbaNumberCheck_14723_good" classname="com.cardatechnologies.utils.validators.abaroutevalidator.Test_AbaRouteValidator_07" time="0"/>
  <testcase name="testAbaNumberCheck_14870_bad" classname="com.cardatechnologies.utils.validators.abaroutevalidator.Test_AbaRouteValidator_07" time="0"/>
  <testcase name="testAbaNumberCheck_14872_bad" classname="com.cardatechnologies.utils.validators.abaroutevalidator.Test_AbaRouteValidator_07" time="0"/>
  <testcase name="testAbaNumberCheck_14561_good" classname="com.cardatechnologies.utils.validators.abaroutevalidator.Test_AbaRouteValidator_07" time="0"/>
  <testcase name="testAbaNumberCheck_13621_good" classname="com.cardatechnologies.utils.validators.abaroutevalidator.Test_AbaRouteValidator_07" time="0"/>
  <testcase name="testAbaNumberCheck_14874_bad" classname="com.cardatechnologies.utils.validators.abaroutevalidator.Test_AbaRouteValidator_07" time="0"/>
  <testcase name="testAbaNumberCheck_14876_bad" classname="com.cardatechnologies.utils.validators.abaroutevalidator.Test_AbaRouteValidator_07" time="0"/>
  <testcase name="testAbaNumberCheck_14435_good" classname="com.cardatechnologies.utils.validators.abaroutevalidator.Test_AbaRouteValidator_07" time="0"/>
  <testcase name="testAbaNumberCheck_14878_bad" classname="com.cardatechnologies.utils.validators.abaroutevalidator.Test_AbaRouteValidator_07" time="0"/>
  <testcase name="testAbaNumberCheck_14309_good" classname="com.cardatechnologies.utils.validators.abaroutevalidator.Test_AbaRouteValidator_07" time="0"/>
  <testcase name="testAbaNumberCheck_14273_good" classname="com.cardatechnologies.utils.validators.abaroutevalidator.Test_AbaRouteValidator_07" time="0"/>
  <testcase name="testAbaNumberCheck_13333_good" classname="com.cardatechnologies.utils.validators.abaroutevalidator.Test_AbaRouteValidator_07" time="0"/>
  <testcase name="testAbaNumberCheck_14931_good" classname="com.cardatechnologies.utils.validators.abaroutevalidator.Test_AbaRouteValidator_07" time="0"/>
  <testcase name="testAbaNumberCheck_14147_good" classname="com.cardatechnologies.utils.validators.abaroutevalidator.Test_AbaRouteValidator_07" time="0"/>
  <testcase name="testAbaNumberCheck_13207_good" classname="com.cardatechnologies.utils.validators.abaroutevalidator.Test_AbaRouteValidator_07" time="0.001"/>
  <testcase name="testAbaNumberCheck_14805_good" classname="com.cardatechnologies.utils.validators.abaroutevalidator.Test_AbaRouteValidator_07" time="0"/>
  <testcase name="testAbaNumberCheck_13171_good" classname="com.cardatechnologies.utils.validators.abaroutevalidator.Test_AbaRouteValidator_07" time="0"/>
  <testcase name="testAbaNumberCheck_13045_good" classname="com.cardatechnologies.utils.validators.abaroutevalidator.Test_AbaRouteValidator_07" time="0"/>
  <testcase name="testAbaNumberCheck_14643_good" classname="com.cardatechnologies.utils.validators.abaroutevalidator.Test_AbaRouteValidator_07" time="0"/>
  <testcase name="testAbaNumberCheck_13703_good" classname="com.cardatechnologies.utils.validators.abaroutevalidator.Test_AbaRouteValidator_07" time="0"/>
  <testcase name="testAbaNumberCheck_14880_bad" classname="com.cardatechnologies.utils.validators.abaroutevalidator.Test_AbaRouteValidator_07" time="0"/>
  <testcase name="testAbaNumberCheck_14882_bad" classname="com.cardatechnologies.utils.validators.abaroutevalidator.Test_AbaRouteValidator_07" time="0"/>
  <testcase name="testAbaNumberCheck_14517_good" classname="com.cardatechnologies.utils.validators.abaroutevalidator.Test_AbaRouteValidator_07" time="0"/>
  <testcase name="testAbaNumberCheck_14884_bad" classname="com.cardatechnologies.utils.validators.abaroutevalidator.Test_AbaRouteValidator_07" time="0"/>
  <testcase name="testAbaNumberCheck_14886_bad" classname="com.cardatechnologies.utils.validators.abaroutevalidator.Test_AbaRouteValidator_07" time="0"/>
  <testcase name="testAbaNumberCheck_14481_good" classname="com.cardatechnologies.utils.validators.abaroutevalidator.Test_AbaRouteValidator_07" time="0"/>
  <testcase name="testAbaNumberCheck_13541_good" classname="com.cardatechnologies.utils.validators.abaroutevalidator.Test_AbaRouteValidator_07" time="0"/>
  <testcase name="testAbaNumberCheck_12601_good" classname="com.cardatechnologies.utils.validators.abaroutevalidator.Test_AbaRouteValidator_07" time="0"/>
  <testcase name="testAbaNumberCheck_14888_bad" classname="com.cardatechnologies.utils.validators.abaroutevalidator.Test_AbaRouteValidator_07" time="0"/>
  <testcase name="testAbaNumberCheck_14355_good" classname="com.cardatechnologies.utils.validators.abaroutevalidator.Test_AbaRouteValidator_07" time="0"/>
  <testcase name="testAbaNumberCheck_13415_good" classname="com.cardatechnologies.utils.validators.abaroutevalidator.Test_AbaRouteValidator_07" time="0"/>
  <testcase name="testAbaNumberCheck_14229_good" classname="com.cardatechnologies.utils.validators.abaroutevalidator.Test_AbaRouteValidator_07" time="0"/>
  <testcase name="testAbaNumberCheck_14193_good" classname="com.cardatechnologies.utils.validators.abaroutevalidator.Test_AbaRouteValidator_07" time="0"/>
  <testcase name="testAbaNumberCheck_13253_good" classname="com.cardatechnologies.utils.validators.abaroutevalidator.Test_AbaRouteValidator_07" time="0"/>
  <testcase name="testAbaNumberCheck_14851_good" classname="com.cardatechnologies.utils.validators.abaroutevalidator.Test_AbaRouteValidator_07" time="0"/>
  <testcase name="testAbaNumberCheck_13911_good" classname="com.cardatechnologies.utils.validators.abaroutevalidator.Test_AbaRouteValidator_07" time="0"/>
  <testcase name="testAbaNumberCheck_14067_good" classname="com.cardatechnologies.utils.validators.abaroutevalidator.Test_AbaRouteValidator_07" time="0"/>
  <testcase name="testAbaNumberCheck_13127_good" classname="com.cardatechnologies.utils.validators.abaroutevalidator.Test_AbaRouteValidator_07" time="0"/>
  <testcase name="testAbaNumberCheck_14725_good" classname="com.cardatechnologies.utils.validators.abaroutevalidator.Test_AbaRouteValidator_07" time="0"/>
  <testcase name="testAbaNumberCheck_13091_good" classname="com.cardatechnologies.utils.validators.abaroutevalidator.Test_AbaRouteValidator_07" time="0"/>
  <testcase name="testAbaNumberCheck_14890_bad" classname="com.cardatechnologies.utils.validators.abaroutevalidator.Test_AbaRouteValidator_07" time="0"/>
  <testcase name="testAbaNumberCheck_14892_bad" classname="com.cardatechnologies.utils.validators.abaroutevalidator.Test_AbaRouteValidator_07" time="0"/>
  <testcase name="testAbaNumberCheck_14563_good" classname="com.cardatechnologies.utils.validators.abaroutevalidator.Test_AbaRouteValidator_07" time="0"/>
  <testcase name="testAbaNumberCheck_13623_good" classname="com.cardatechnologies.utils.validators.abaroutevalidator.Test_AbaRouteValidator_07" time="0"/>
  <testcase name="testAbaNumberCheck_14894_bad" classname="com.cardatechnologies.utils.validators.abaroutevalidator.Test_AbaRouteValidator_07" time="0"/>
  <testcase name="testAbaNumberCheck_14896_bad" classname="com.cardatechnologies.utils.validators.abaroutevalidator.Test_AbaRouteValidator_07" time="0"/>
  <testcase name="testAbaNumberCheck_14437_good" classname="com.cardatechnologies.utils.validators.abaroutevalidator.Test_AbaRouteValidator_07" time="0"/>
  <testcase name="testAbaNumberCheck_14898_bad" classname="com.cardatechnologies.utils.validators.abaroutevalidator.Test_AbaRouteValidator_07" time="0"/>
  <testcase name="testAbaNumberCheck_13461_good" classname="com.cardatechnologies.utils.validators.abaroutevalidator.Test_AbaRouteValidator_07" time="0"/>
  <testcase name="testAbaNumberCheck_12521_good" classname="com.cardatechnologies.utils.validators.abaroutevalidator.Test_AbaRouteValidator_07" time="0"/>
  <testcase name="testAbaNumberCheck_14275_good" classname="com.cardatechnologies.utils.validators.abaroutevalidator.Test_AbaRouteValidator_07" time="0"/>
  <testcase name="testAbaNumberCheck_13335_good" classname="com.cardatechnologies.utils.validators.abaroutevalidator.Test_AbaRouteValidator_07" time="0"/>
  <testcase name="testAbaNumberCheck_14933_good" classname="com.cardatechnologies.utils.validators.abaroutevalidator.Test_AbaRouteValidator_07" time="0"/>
  <testcase name="testAbaNumberCheck_14149_good" classname="com.cardatechnologies.utils.validators.abaroutevalidator.Test_AbaRouteValidator_07" time="0"/>
  <testcase name="testAbaNumberCheck_13209_good" classname="com.cardatechnologies.utils.validators.abaroutevalidator.Test_AbaRouteValidator_07" time="0"/>
  <testcase name="testAbaNumberCheck_14807_good" classname="com.cardatechnologies.utils.validators.abaroutevalidator.Test_AbaRouteValidator_07" time="0"/>
  <testcase name="testAbaNumberCheck_13173_good" classname="com.cardatechnologies.utils.validators.abaroutevalidator.Test_AbaRouteValidator_07" time="0"/>
  <testcase name="testAbaNumberCheck_14771_good" classname="com.cardatechnologies.utils.validators.abaroutevalidator.Test_AbaRouteValidator_07" time="0"/>
  <testcase name="testAbaNumberCheck_13831_good" classname="com.cardatechnologies.utils.validators.abaroutevalidator.Test_AbaRouteValidator_07" time="0"/>
  <testcase name="testAbaNumberCheck_13047_good" classname="com.cardatechnologies.utils.validators.abaroutevalidator.Test_AbaRouteValidator_07" time="0"/>
  <testcase name="testAbaNumberCheck_14645_good" classname="com.cardatechnologies.utils.validators.abaroutevalidator.Test_AbaRouteValidator_07" time="0"/>
  <testcase name="testAbaNumberCheck_13705_good" classname="com.cardatechnologies.utils.validators.abaroutevalidator.Test_AbaRouteValidator_07" time="0"/>
  <testcase name="testAbaNumberCheck_14519_good" classname="com.cardatechnologies.utils.validators.abaroutevalidator.Test_AbaRouteValidator_07" time="0"/>
  <testcase name="testAbaNumberCheck_14483_good" classname="com.cardatechnologies.utils.validators.abaroutevalidator.Test_AbaRouteValidator_07" time="0"/>
  <testcase name="testAbaNumberCheck_13543_good" classname="com.cardatechnologies.utils.validators.abaroutevalidator.Test_AbaRouteValidator_07" time="0"/>
  <testcase name="testAbaNumberCheck_12603_good" classname="com.cardatechnologies.utils.validators.abaroutevalidator.Test_AbaRouteValidator_07" time="0"/>
  <testcase name="testAbaNumberCheck_14357_good" classname="com.cardatechnologies.utils.validators.abaroutevalidator.Test_AbaRouteValidator_07" time="0"/>
  <testcase name="testAbaNumberCheck_13417_good" classname="com.cardatechnologies.utils.validators.abaroutevalidator.Test_AbaRouteValidator_07" time="0.001"/>
  <testcase name="testAbaNumberCheck_13381_good" classname="com.cardatechnologies.utils.validators.abaroutevalidator.Test_AbaRouteValidator_07" time="0"/>
  <testcase name="testAbaNumberCheck_14195_good" classname="com.cardatechnologies.utils.validators.abaroutevalidator.Test_AbaRouteValidator_07" time="0"/>
  <testcase name="testAbaNumberCheck_13255_good" classname="com.cardatechnologies.utils.validators.abaroutevalidator.Test_AbaRouteValidator_07" time="0"/>
  <testcase name="testAbaNumberCheck_14853_good" classname="com.cardatechnologies.utils.validators.abaroutevalidator.Test_AbaRouteValidator_07" time="0"/>
  <testcase name="testAbaNumberCheck_13913_good" classname="com.cardatechnologies.utils.validators.abaroutevalidator.Test_AbaRouteValidator_07" time="0"/>
  <testcase name="testAbaNumberCheck_14069_good" classname="com.cardatechnologies.utils.validators.abaroutevalidator.Test_AbaRouteValidator_07" time="0"/>
  <testcase name="testAbaNumberCheck_13129_good" classname="com.cardatechnologies.utils.validators.abaroutevalidator.Test_AbaRouteValidator_07" time="0"/>
  <testcase name="testAbaNumberCheck_14727_good" classname="com.cardatechnologies.utils.validators.abaroutevalidator.Test_AbaRouteValidator_07" time="0"/>
  <testcase name="testAbaNumberCheck_13093_good" classname="com.cardatechnologies.utils.validators.abaroutevalidator.Test_AbaRouteValidator_07" time="0"/>
  <testcase name="testAbaNumberCheck_14691_good" classname="com.cardatechnologies.utils.validators.abaroutevalidator.Test_AbaRouteValidator_07" time="0"/>
  <testcase name="testAbaNumberCheck_13751_good" classname="com.cardatechnologies.utils.validators.abaroutevalidator.Test_AbaRouteValidator_07" time="0"/>
  <testcase name="testAbaNumberCheck_12811_good" classname="com.cardatechnologies.utils.validators.abaroutevalidator.Test_AbaRouteValidator_07" time="0"/>
  <testcase name="testAbaNumberCheck_14565_good" classname="com.cardatechnologies.utils.validators.abaroutevalidator.Test_AbaRouteValidator_07" time="0"/>
  <testcase name="testAbaNumberCheck_13625_good" classname="com.cardatechnologies.utils.validators.abaroutevalidator.Test_AbaRouteValidator_07" time="0"/>
  <testcase name="testAbaNumberCheck_14439_good" classname="com.cardatechnologies.utils.validators.abaroutevalidator.Test_AbaRouteValidator_07" time="0"/>
  <testcase name="testAbaNumberCheck_13463_good" classname="com.cardatechnologies.utils.validators.abaroutevalidator.Test_AbaRouteValidator_07" time="0"/>
  <testcase name="testAbaNumberCheck_12523_good" classname="com.cardatechnologies.utils.validators.abaroutevalidator.Test_AbaRouteValidator_07" time="0"/>
  <testcase name="testAbaNumberCheck_14277_good" classname="com.cardatechnologies.utils.validators.abaroutevalidator.Test_AbaRouteValidator_07" time="0"/>
  <testcase name="testAbaNumberCheck_13337_good" classname="com.cardatechnologies.utils.validators.abaroutevalidator.Test_AbaRouteValidator_07" time="0"/>
  <testcase name="testAbaNumberCheck_14935_good" classname="com.cardatechnologies.utils.validators.abaroutevalidator.Test_AbaRouteValidator_07" time="0"/>
  <testcase name="testAbaNumberCheck_14809_good" classname="com.cardatechnologies.utils.validators.abaroutevalidator.Test_AbaRouteValidator_07" time="0"/>
  <testcase name="testAbaNumberCheck_13175_good" classname="com.cardatechnologies.utils.validators.abaroutevalidator.Test_AbaRouteValidator_07" time="0"/>
  <testcase name="testAbaNumberCheck_14773_good" classname="com.cardatechnologies.utils.validators.abaroutevalidator.Test_AbaRouteValidator_07" time="0"/>
  <testcase name="testAbaNumberCheck_13833_good" classname="com.cardatechnologies.utils.validators.abaroutevalidator.Test_AbaRouteValidator_07" time="0"/>
  <testcase name="testAbaNumberCheck_13049_good" classname="com.cardatechnologies.utils.validators.abaroutevalidator.Test_AbaRouteValidator_07" time="0"/>
  <testcase name="testAbaNumberCheck_14647_good" classname="com.cardatechnologies.utils.validators.abaroutevalidator.Test_AbaRouteValidator_07" time="0.001"/>
  <testcase name="testAbaNumberCheck_13707_good" classname="com.cardatechnologies.utils.validators.abaroutevalidator.Test_AbaRouteValidator_07" time="0"/>
  <testcase name="testAbaNumberCheck_13671_good" classname="com.cardatechnologies.utils.validators.abaroutevalidator.Test_AbaRouteValidator_07" time="0"/>
  <testcase name="testAbaNumberCheck_12731_good" classname="com.cardatechnologies.utils.validators.abaroutevalidator.Test_AbaRouteValidator_07" time="0"/>
  <testcase name="testAbaNumberCheck_14485_good" classname="com.cardatechnologies.utils.validators.abaroutevalidator.Test_AbaRouteValidator_07" time="0"/>
  <testcase name="testAbaNumberCheck_13545_good" classname="com.cardatechnologies.utils.validators.abaroutevalidator.Test_AbaRouteValidator_07" time="0"/>
  <testcase name="testAbaNumberCheck_12605_good" classname="com.cardatechnologies.utils.validators.abaroutevalidator.Test_AbaRouteValidator_07" time="0"/>
  <testcase name="testAbaNumberCheck_14359_good" classname="com.cardatechnologies.utils.validators.abaroutevalidator.Test_AbaRouteValidator_07" time="0"/>
  <testcase name="testAbaNumberCheck_13419_good" classname="com.cardatechnologies.utils.validators.abaroutevalidator.Test_AbaRouteValidator_07" time="0"/>
  <testcase name="testAbaNumberCheck_13383_good" classname="com.cardatechnologies.utils.validators.abaroutevalidator.Test_AbaRouteValidator_07" time="0"/>
  <testcase name="testAbaNumberCheck_14981_good" classname="com.cardatechnologies.utils.validators.abaroutevalidator.Test_AbaRouteValidator_07" time="0"/>
  <testcase name="testAbaNumberCheck_14197_good" classname="com.cardatechnologies.utils.validators.abaroutevalidator.Test_AbaRouteValidator_07" time="0"/>
  <testcase name="testAbaNumberCheck_13257_good" classname="com.cardatechnologies.utils.validators.abaroutevalidator.Test_AbaRouteValidator_07" time="0"/>
  <testcase name="testAbaNumberCheck_14855_good" classname="com.cardatechnologies.utils.validators.abaroutevalidator.Test_AbaRouteValidator_07" time="0"/>
  <testcase name="testAbaNumberCheck_13915_good" classname="com.cardatechnologies.utils.validators.abaroutevalidator.Test_AbaRouteValidator_07" time="0"/>
  <testcase name="testAbaNumberCheck_14729_good" classname="com.cardatechnologies.utils.validators.abaroutevalidator.Test_AbaRouteValidator_07" time="0"/>
  <testcase name="testAbaNumberCheck_13095_good" classname="com.cardatechnologies.utils.validators.abaroutevalidator.Test_AbaRouteValidator_07" time="0"/>
  <testcase name="testAbaNumberCheck_14693_good" classname="com.cardatechnologies.utils.validators.abaroutevalidator.Test_AbaRouteValidator_07" time="0"/>
  <testcase name="testAbaNumberCheck_13753_good" classname="com.cardatechnologies.utils.validators.abaroutevalidator.Test_AbaRouteValidator_07" time="0"/>
  <testcase name="testAbaNumberCheck_12813_good" classname="com.cardatechnologies.utils.validators.abaroutevalidator.Test_AbaRouteValidator_07" time="0"/>
  <testcase name="testAbaNumberCheck_14567_good" classname="com.cardatechnologies.utils.validators.abaroutevalidator.Test_AbaRouteValidator_07" time="0"/>
  <testcase name="testAbaNumberCheck_13627_good" classname="com.cardatechnologies.utils.validators.abaroutevalidator.Test_AbaRouteValidator_07" time="0"/>
  <testcase name="testAbaNumberCheck_13591_good" classname="com.cardatechnologies.utils.validators.abaroutevalidator.Test_AbaRouteValidator_07" time="0"/>
  <testcase name="testAbaNumberCheck_12651_good" classname="com.cardatechnologies.utils.validators.abaroutevalidator.Test_AbaRouteValidator_07" time="0"/>
  <testcase name="testAbaNumberCheck_13465_good" classname="com.cardatechnologies.utils.validators.abaroutevalidator.Test_AbaRouteValidator_07" time="0"/>
  <testcase name="testAbaNumberCheck_12525_good" classname="com.cardatechnologies.utils.validators.abaroutevalidator.Test_AbaRouteValidator_07" time="0"/>
  <testcase name="testAbaNumberCheck_14279_good" classname="com.cardatechnologies.utils.validators.abaroutevalidator.Test_AbaRouteValidator_07" time="0"/>
  <testcase name="testAbaNumberCheck_13339_good" classname="com.cardatechnologies.utils.validators.abaroutevalidator.Test_AbaRouteValidator_07" time="0"/>
  <testcase name="testAbaNumberCheck_14937_good" classname="com.cardatechnologies.utils.validators.abaroutevalidator.Test_AbaRouteValidator_07" time="0"/>
  <testcase name="testAbaNumberCheck_13961_good" classname="com.cardatechnologies.utils.validators.abaroutevalidator.Test_AbaRouteValidator_07" time="0.001"/>
  <testcase name="testAbaNumberCheck_13177_good" classname="com.cardatechnologies.utils.validators.abaroutevalidator.Test_AbaRouteValidator_07" time="0"/>
  <testcase name="testAbaNumberCheck_14775_good" classname="com.cardatechnologies.utils.validators.abaroutevalidator.Test_AbaRouteValidator_07" time="0"/>
  <testcase name="testAbaNumberCheck_13835_good" classname="com.cardatechnologies.utils.validators.abaroutevalidator.Test_AbaRouteValidator_07" time="0"/>
  <testcase name="testAbaNumberCheck_14649_good" classname="com.cardatechnologies.utils.validators.abaroutevalidator.Test_AbaRouteValidator_07" time="0"/>
  <testcase name="testAbaNumberCheck_13709_good" classname="com.cardatechnologies.utils.validators.abaroutevalidator.Test_AbaRouteValidator_07" time="0"/>
  <testcase name="testAbaNumberCheck_13673_good" classname="com.cardatechnologies.utils.validators.abaroutevalidator.Test_AbaRouteValidator_07" time="0"/>
  <testcase name="testAbaNumberCheck_12733_good" classname="com.cardatechnologies.utils.validators.abaroutevalidator.Test_AbaRouteValidator_07" time="0"/>
  <testcase name="testAbaNumberCheck_14487_good" classname="com.cardatechnologies.utils.validators.abaroutevalidator.Test_AbaRouteValidator_07" time="0"/>
  <testcase name="testAbaNumberCheck_13547_good" classname="com.cardatechnologies.utils.validators.abaroutevalidator.Test_AbaRouteValidator_07" time="0"/>
  <testcase name="testAbaNumberCheck_12607_good" classname="com.cardatechnologies.utils.validators.abaroutevalidator.Test_AbaRouteValidator_07" time="0"/>
  <testcase name="testAbaNumberCheck_12571_good" classname="com.cardatechnologies.utils.validators.abaroutevalidator.Test_AbaRouteValidator_07" time="0"/>
  <testcase name="testAbaNumberCheck_13385_good" classname="com.cardatechnologies.utils.validators.abaroutevalidator.Test_AbaRouteValidator_07" time="0"/>
  <testcase name="testAbaNumberCheck_14983_good" classname="com.cardatechnologies.utils.validators.abaroutevalidator.Test_AbaRouteValidator_07" time="0"/>
  <testcase name="testAbaNumberCheck_14199_good" classname="com.cardatechnologies.utils.validators.abaroutevalidator.Test_AbaRouteValidator_07" time="0"/>
  <testcase name="testAbaNumberCheck_13259_good" classname="com.cardatechnologies.utils.validators.abaroutevalidator.Test_AbaRouteValidator_07" time="0"/>
  <testcase name="testAbaNumberCheck_14857_good" classname="com.cardatechnologies.utils.validators.abaroutevalidator.Test_AbaRouteValidator_07" time="0"/>
  <testcase name="testAbaNumberCheck_13917_good" classname="com.cardatechnologies.utils.validators.abaroutevalidator.Test_AbaRouteValidator_07" time="0"/>
  <testcase name="testAbaNumberCheck_13881_good" classname="com.cardatechnologies.utils.validators.abaroutevalidator.Test_AbaRouteValidator_07" time="0"/>
  <testcase name="testAbaNumberCheck_12941_good" classname="com.cardatechnologies.utils.validators.abaroutevalidator.Test_AbaRouteValidator_07" time="0"/>
  <testcase name="testAbaNumberCheck_13097_good" classname="com.cardatechnologies.utils.validators.abaroutevalidator.Test_AbaRouteValidator_07" time="0"/>
  <testcase name="testAbaNumberCheck_14695_good" classname="com.cardatechnologies.utils.validators.abaroutevalidator.Test_AbaRouteValidator_07" time="0"/>
  <testcase name="testAbaNumberCheck_13755_good" classname="com.cardatechnologies.utils.validators.abaroutevalidator.Test_AbaRouteValidator_07" time="0"/>
  <testcase name="testAbaNumberCheck_12815_good" classname="com.cardatechnologies.utils.validators.abaroutevalidator.Test_AbaRouteValidator_07" time="0"/>
  <testcase name="testAbaNumberCheck_14569_good" classname="com.cardatechnologies.utils.validators.abaroutevalidator.Test_AbaRouteValidator_07" time="0"/>
  <testcase name="testAbaNumberCheck_13629_good" classname="com.cardatechnologies.utils.validators.abaroutevalidator.Test_AbaRouteValidator_07" time="0"/>
  <testcase name="testAbaNumberCheck_13593_good" classname="com.cardatechnologies.utils.validators.abaroutevalidator.Test_AbaRouteValidator_07" time="0"/>
  <testcase name="testAbaNumberCheck_12653_good" classname="com.cardatechnologies.utils.validators.abaroutevalidator.Test_AbaRouteValidator_07" time="0"/>
  <testcase name="testAbaNumberCheck_13467_good" classname="com.cardatechnologies.utils.validators.abaroutevalidator.Test_AbaRouteValidator_07" time="0"/>
  <testcase name="testAbaNumberCheck_12527_good" classname="com.cardatechnologies.utils.validators.abaroutevalidator.Test_AbaRouteValidator_07" time="0"/>
  <testcase name="testAbaNumberCheck_12491_good" classname="com.cardatechnologies.utils.validators.abaroutevalidator.Test_AbaRouteValidator_07" time="0"/>
  <testcase name="testAbaNumberCheck_14939_good" classname="com.cardatechnologies.utils.validators.abaroutevalidator.Test_AbaRouteValidator_07" time="0"/>
  <testcase name="testAbaNumberCheck_13963_good" classname="com.cardatechnologies.utils.validators.abaroutevalidator.Test_AbaRouteValidator_07" time="0"/>
  <testcase name="testAbaNumberCheck_13179_good" classname="com.cardatechnologies.utils.validators.abaroutevalidator.Test_AbaRouteValidator_07" time="0"/>
  <testcase name="testAbaNumberCheck_14777_good" classname="com.cardatechnologies.utils.validators.abaroutevalidator.Test_AbaRouteValidator_07" time="0"/>
  <testcase name="testAbaNumberCheck_13837_good" classname="com.cardatechnologies.utils.validators.abaroutevalidator.Test_AbaRouteValidator_07" time="0"/>
  <testcase name="testAbaNumberCheck_12861_good" classname="com.cardatechnologies.utils.validators.abaroutevalidator.Test_AbaRouteValidator_07" time="0"/>
  <testcase name="testAbaNumberCheck_13675_good" classname="com.cardatechnologies.utils.validators.abaroutevalidator.Test_AbaRouteValidator_07" time="0"/>
  <testcase name="testAbaNumberCheck_12735_good" classname="com.cardatechnologies.utils.validators.abaroutevalidator.Test_AbaRouteValidator_07" time="0"/>
  <testcase name="testAbaNumberCheck_14489_good" classname="com.cardatechnologies.utils.validators.abaroutevalidator.Test_AbaRouteValidator_07" time="0"/>
  <testcase name="testAbaNumberCheck_13549_good" classname="com.cardatechnologies.utils.validators.abaroutevalidator.Test_AbaRouteValidator_07" time="0"/>
  <testcase name="testAbaNumberCheck_12609_good" classname="com.cardatechnologies.utils.validators.abaroutevalidator.Test_AbaRouteValidator_07" time="0"/>
  <testcase name="testAbaNumberCheck_12573_good" classname="com.cardatechnologies.utils.validators.abaroutevalidator.Test_AbaRouteValidator_07" time="0"/>
  <testcase name="testAbaNumberCheck_13387_good" classname="com.cardatechnologies.utils.validators.abaroutevalidator.Test_AbaRouteValidator_07" time="0"/>
  <testcase name="testAbaNumberCheck_14985_good" classname="com.cardatechnologies.utils.validators.abaroutevalidator.Test_AbaRouteValidator_07" time="0"/>
  <testcase name="testAbaNumberCheck_14859_good" classname="com.cardatechnologies.utils.validators.abaroutevalidator.Test_AbaRouteValidator_07" time="0"/>
  <testcase name="testAbaNumberCheck_13919_good" classname="com.cardatechnologies.utils.validators.abaroutevalidator.Test_AbaRouteValidator_07" time="0"/>
  <testcase name="testAbaNumberCheck_13883_good" classname="com.cardatechnologies.utils.validators.abaroutevalidator.Test_AbaRouteValidator_07" time="0"/>
  <testcase name="testAbaNumberCheck_12943_good" classname="com.cardatechnologies.utils.validators.abaroutevalidator.Test_AbaRouteValidator_07" time="0"/>
  <testcase name="testAbaNumberCheck_13099_good" classname="com.cardatechnologies.utils.validators.abaroutevalidator.Test_AbaRouteValidator_07" time="0"/>
  <testcase name="testAbaNumberCheck_14697_good" classname="com.cardatechnologies.utils.validators.abaroutevalidator.Test_AbaRouteValidator_07" time="0"/>
  <testcase name="testAbaNumberCheck_13757_good" classname="com.cardatechnologies.utils.validators.abaroutevalidator.Test_AbaRouteValidator_07" time="0.001"/>
  <testcase name="testAbaNumberCheck_12817_good" classname="com.cardatechnologies.utils.validators.abaroutevalidator.Test_AbaRouteValidator_07" time="0"/>
  <testcase name="testAbaNumberCheck_12781_good" classname="com.cardatechnologies.utils.validators.abaroutevalidator.Test_AbaRouteValidator_07" time="0"/>
  <testcase name="testAbaNumberCheck_13595_good" classname="com.cardatechnologies.utils.validators.abaroutevalidator.Test_AbaRouteValidator_07" time="0"/>
  <testcase name="testAbaNumberCheck_12655_good" classname="com.cardatechnologies.utils.validators.abaroutevalidator.Test_AbaRouteValidator_07" time="0"/>
  <testcase name="testAbaNumberCheck_13469_good" classname="com.cardatechnologies.utils.validators.abaroutevalidator.Test_AbaRouteValidator_07" time="0"/>
  <testcase name="testAbaNumberCheck_12529_good" classname="com.cardatechnologies.utils.validators.abaroutevalidator.Test_AbaRouteValidator_07" time="0"/>
  <testcase name="testAbaNumberCheck_12493_good" classname="com.cardatechnologies.utils.validators.abaroutevalidator.Test_AbaRouteValidator_07" time="0"/>
  <testcase name="testAbaNumberCheck_13965_good" classname="com.cardatechnologies.utils.validators.abaroutevalidator.Test_AbaRouteValidator_07" time="0"/>
  <testcase name="testAbaNumberCheck_14779_good" classname="com.cardatechnologies.utils.validators.abaroutevalidator.Test_AbaRouteValidator_07" time="0"/>
  <testcase name="testAbaNumberCheck_13839_good" classname="com.cardatechnologies.utils.validators.abaroutevalidator.Test_AbaRouteValidator_07" time="0"/>
  <testcase name="testAbaNumberCheck_12863_good" classname="com.cardatechnologies.utils.validators.abaroutevalidator.Test_AbaRouteValidator_07" time="0"/>
  <testcase name="testAbaNumberCheck_13677_good" classname="com.cardatechnologies.utils.validators.abaroutevalidator.Test_AbaRouteValidator_07" time="0"/>
  <testcase name="testAbaNumberCheck_12737_good" classname="com.cardatechnologies.utils.validators.abaroutevalidator.Test_AbaRouteValidator_07" time="0"/>
  <testcase name="testAbaNumberCheck_12575_good" classname="com.cardatechnologies.utils.validators.abaroutevalidator.Test_AbaRouteValidator_07" time="0"/>
  <testcase name="testAbaNumberCheck_13389_good" classname="com.cardatechnologies.utils.validators.abaroutevalidator.Test_AbaRouteValidator_07" time="0"/>
  <testcase name="testAbaNumberCheck_14987_good" classname="com.cardatechnologies.utils.validators.abaroutevalidator.Test_AbaRouteValidator_07" time="0"/>
  <testcase name="testAbaNumberCheck_13885_good" classname="com.cardatechnologies.utils.validators.abaroutevalidator.Test_AbaRouteValidator_07" time="0"/>
  <testcase name="testAbaNumberCheck_12945_good" classname="com.cardatechnologies.utils.validators.abaroutevalidator.Test_AbaRouteValidator_07" time="0"/>
  <testcase name="testAbaNumberCheck_14699_good" classname="com.cardatechnologies.utils.validators.abaroutevalidator.Test_AbaRouteValidator_07" time="0"/>
  <testcase name="testAbaNumberCheck_13759_good" classname="com.cardatechnologies.utils.validators.abaroutevalidator.Test_AbaRouteValidator_07" time="0"/>
  <testcase name="testAbaNumberCheck_12819_good" classname="com.cardatechnologies.utils.validators.abaroutevalidator.Test_AbaRouteValidator_07" time="0"/>
  <testcase name="testAbaNumberCheck_12783_good" classname="com.cardatechnologies.utils.validators.abaroutevalidator.Test_AbaRouteValidator_07" time="0"/>
  <testcase name="testAbaNumberCheck_13597_good" classname="com.cardatechnologies.utils.validators.abaroutevalidator.Test_AbaRouteValidator_07" time="0"/>
  <testcase name="testAbaNumberCheck_12657_good" classname="com.cardatechnologies.utils.validators.abaroutevalidator.Test_AbaRouteValidator_07" time="0"/>
  <testcase name="testAbaNumberCheck_12495_good" classname="com.cardatechnologies.utils.validators.abaroutevalidator.Test_AbaRouteValidator_07" time="0.001"/>
  <testcase name="testAbaNumberCheck_13967_good" classname="com.cardatechnologies.utils.validators.abaroutevalidator.Test_AbaRouteValidator_07" time="0"/>
  <testcase name="testAbaNumberCheck_12991_good" classname="com.cardatechnologies.utils.validators.abaroutevalidator.Test_AbaRouteValidator_07" time="0"/>
  <testcase name="testAbaNumberCheck_12865_good" classname="com.cardatechnologies.utils.validators.abaroutevalidator.Test_AbaRouteValidator_07" time="0"/>
  <testcase name="testAbaNumberCheck_13679_good" classname="com.cardatechnologies.utils.validators.abaroutevalidator.Test_AbaRouteValidator_07" time="0"/>
  <testcase name="testAbaNumberCheck_12739_good" classname="com.cardatechnologies.utils.validators.abaroutevalidator.Test_AbaRouteValidator_07" time="0"/>
  <testcase name="testAbaNumberCheck_12577_good" classname="com.cardatechnologies.utils.validators.abaroutevalidator.Test_AbaRouteValidator_07" time="0"/>
  <testcase name="testAbaNumberCheck_14989_good" classname="com.cardatechnologies.utils.validators.abaroutevalidator.Test_AbaRouteValidator_07" time="0"/>
  <testcase name="testAbaNumberCheck_13887_good" classname="com.cardatechnologies.utils.validators.abaroutevalidator.Test_AbaRouteValidator_07" time="0"/>
  <testcase name="testAbaNumberCheck_12947_good" classname="com.cardatechnologies.utils.validators.abaroutevalidator.Test_AbaRouteValidator_07" time="0"/>
  <testcase name="testAbaNumberCheck_12785_good" classname="com.cardatechnologies.utils.validators.abaroutevalidator.Test_AbaRouteValidator_07" time="0"/>
  <testcase name="testAbaNumberCheck_13599_good" classname="com.cardatechnologies.utils.validators.abaroutevalidator.Test_AbaRouteValidator_07" time="0"/>
  <testcase name="testAbaNumberCheck_12659_good" classname="com.cardatechnologies.utils.validators.abaroutevalidator.Test_AbaRouteValidator_07" time="0"/>
  <testcase name="testAbaNumberCheck_12497_good" classname="com.cardatechnologies.utils.validators.abaroutevalidator.Test_AbaRouteValidator_07" time="0"/>
  <testcase name="testAbaNumberCheck_13969_good" classname="com.cardatechnologies.utils.validators.abaroutevalidator.Test_AbaRouteValidator_07" time="0"/>
  <testcase name="testAbaNumberCheck_12993_good" classname="com.cardatechnologies.utils.validators.abaroutevalidator.Test_AbaRouteValidator_07" time="0"/>
  <testcase name="testAbaNumberCheck_12867_good" classname="com.cardatechnologies.utils.validators.abaroutevalidator.Test_AbaRouteValidator_07" time="0"/>
  <testcase name="testAbaNumberCheck_13100_bad" classname="com.cardatechnologies.utils.validators.abaroutevalidator.Test_AbaRouteValidator_07" time="0"/>
  <testcase name="testAbaNumberCheck_13102_bad" classname="com.cardatechnologies.utils.validators.abaroutevalidator.Test_AbaRouteValidator_07" time="0"/>
  <testcase name="testAbaNumberCheck_13104_bad" classname="com.cardatechnologies.utils.validators.abaroutevalidator.Test_AbaRouteValidator_07" time="0"/>
  <testcase name="testAbaNumberCheck_12579_good" classname="com.cardatechnologies.utils.validators.abaroutevalidator.Test_AbaRouteValidator_07" time="0"/>
  <testcase name="testAbaNumberCheck_13106_bad" classname="com.cardatechnologies.utils.validators.abaroutevalidator.Test_AbaRouteValidator_07" time="0"/>
  <testcase name="testAbaNumberCheck_13108_bad" classname="com.cardatechnologies.utils.validators.abaroutevalidator.Test_AbaRouteValidator_07" time="0"/>
  <testcase name="testAbaNumberCheck_13889_good" classname="com.cardatechnologies.utils.validators.abaroutevalidator.Test_AbaRouteValidator_07" time="0"/>
  <testcase name="testAbaNumberCheck_12949_good" classname="com.cardatechnologies.utils.validators.abaroutevalidator.Test_AbaRouteValidator_07" time="0"/>
  <testcase name="testAbaNumberCheck_12787_good" classname="com.cardatechnologies.utils.validators.abaroutevalidator.Test_AbaRouteValidator_07" time="0"/>
  <testcase name="testAbaNumberCheck_13110_bad" classname="com.cardatechnologies.utils.validators.abaroutevalidator.Test_AbaRouteValidator_07" time="0.001"/>
  <testcase name="testAbaNumberCheck_13112_bad" classname="com.cardatechnologies.utils.validators.abaroutevalidator.Test_AbaRouteValidator_07" time="0"/>
  <testcase name="testAbaNumberCheck_13114_bad" classname="com.cardatechnologies.utils.validators.abaroutevalidator.Test_AbaRouteValidator_07" time="0"/>
  <testcase name="testAbaNumberCheck_13116_bad" classname="com.cardatechnologies.utils.validators.abaroutevalidator.Test_AbaRouteValidator_07" time="0"/>
  <testcase name="testAbaNumberCheck_13118_bad" classname="com.cardatechnologies.utils.validators.abaroutevalidator.Test_AbaRouteValidator_07" time="0"/>
  <testcase name="testAbaNumberCheck_12499_good" classname="com.cardatechnologies.utils.validators.abaroutevalidator.Test_AbaRouteValidator_07" time="0"/>
  <testcase name="testAbaNumberCheck_12995_good" classname="com.cardatechnologies.utils.validators.abaroutevalidator.Test_AbaRouteValidator_07" time="0"/>
  <testcase name="testAbaNumberCheck_12869_good" classname="com.cardatechnologies.utils.validators.abaroutevalidator.Test_AbaRouteValidator_07" time="0"/>
  <testcase name="testAbaNumberCheck_13120_bad" classname="com.cardatechnologies.utils.validators.abaroutevalidator.Test_AbaRouteValidator_07" time="0"/>
  <testcase name="testAbaNumberCheck_13122_bad" classname="com.cardatechnologies.utils.validators.abaroutevalidator.Test_AbaRouteValidator_07" time="0"/>
  <testcase name="testAbaNumberCheck_13124_bad" classname="com.cardatechnologies.utils.validators.abaroutevalidator.Test_AbaRouteValidator_07" time="0"/>
  <testcase name="testAbaNumberCheck_13126_bad" classname="com.cardatechnologies.utils.validators.abaroutevalidator.Test_AbaRouteValidator_07" time="0"/>
  <testcase name="testAbaNumberCheck_13128_bad" classname="com.cardatechnologies.utils.validators.abaroutevalidator.Test_AbaRouteValidator_07" time="0"/>
  <testcase name="testAbaNumberCheck_12789_good" classname="com.cardatechnologies.utils.validators.abaroutevalidator.Test_AbaRouteValidator_07" time="0"/>
  <testcase name="testAbaNumberCheck_13130_bad" classname="com.cardatechnologies.utils.validators.abaroutevalidator.Test_AbaRouteValidator_07" time="0"/>
  <testcase name="testAbaNumberCheck_13132_bad" classname="com.cardatechnologies.utils.validators.abaroutevalidator.Test_AbaRouteValidator_07" time="0"/>
  <testcase name="testAbaNumberCheck_13134_bad" classname="com.cardatechnologies.utils.validators.abaroutevalidator.Test_AbaRouteValidator_07" time="0"/>
  <testcase name="testAbaNumberCheck_13136_bad" classname="com.cardatechnologies.utils.validators.abaroutevalidator.Test_AbaRouteValidator_07" time="0"/>
  <testcase name="testAbaNumberCheck_13138_bad" classname="com.cardatechnologies.utils.validators.abaroutevalidator.Test_AbaRouteValidator_07" time="0"/>
  <testcase name="testAbaNumberCheck_12997_good" classname="com.cardatechnologies.utils.validators.abaroutevalidator.Test_AbaRouteValidator_07" time="0"/>
  <testcase name="testAbaNumberCheck_14400_bad" classname="com.cardatechnologies.utils.validators.abaroutevalidator.Test_AbaRouteValidator_07" time="0"/>
  <testcase name="testAbaNumberCheck_14402_bad" classname="com.cardatechnologies.utils.validators.abaroutevalidator.Test_AbaRouteValidator_07" time="0"/>
  <testcase name="testAbaNumberCheck_14404_bad" classname="com.cardatechnologies.utils.validators.abaroutevalidator.Test_AbaRouteValidator_07" time="0"/>
  <testcase name="testAbaNumberCheck_13140_bad" classname="com.cardatechnologies.utils.validators.abaroutevalidator.Test_AbaRouteValidator_07" time="0"/>
  <testcase name="testAbaNumberCheck_14406_bad" classname="com.cardatechnologies.utils.validators.abaroutevalidator.Test_AbaRouteValidator_07" time="0"/>
  <testcase name="testAbaNumberCheck_13142_bad" classname="com.cardatechnologies.utils.validators.abaroutevalidator.Test_AbaRouteValidator_07" time="0"/>
  <testcase name="testAbaNumberCheck_14408_bad" classname="com.cardatechnologies.utils.validators.abaroutevalidator.Test_AbaRouteValidator_07" time="0"/>
  <testcase name="testAbaNumberCheck_13144_bad" classname="com.cardatechnologies.utils.validators.abaroutevalidator.Test_AbaRouteValidator_07" time="0"/>
  <testcase name="testAbaNumberCheck_13146_bad" classname="com.cardatechnologies.utils.validators.abaroutevalidator.Test_AbaRouteValidator_07" time="0"/>
  <testcase name="testAbaNumberCheck_13148_bad" classname="com.cardatechnologies.utils.validators.abaroutevalidator.Test_AbaRouteValidator_07" time="0"/>
  <testcase name="testAbaNumberCheck_14410_bad" classname="com.cardatechnologies.utils.validators.abaroutevalidator.Test_AbaRouteValidator_07" time="0"/>
  <testcase name="testAbaNumberCheck_14412_bad" classname="com.cardatechnologies.utils.validators.abaroutevalidator.Test_AbaRouteValidator_07" time="0"/>
  <testcase name="testAbaNumberCheck_13600_bad" classname="com.cardatechnologies.utils.validators.abaroutevalidator.Test_AbaRouteValidator_07" time="0"/>
  <testcase name="testAbaNumberCheck_14414_bad" classname="com.cardatechnologies.utils.validators.abaroutevalidator.Test_AbaRouteValidator_07" time="0"/>
  <testcase name="testAbaNumberCheck_13150_bad" classname="com.cardatechnologies.utils.validators.abaroutevalidator.Test_AbaRouteValidator_07" time="0"/>
  <testcase name="testAbaNumberCheck_13602_bad" classname="com.cardatechnologies.utils.validators.abaroutevalidator.Test_AbaRouteValidator_07" time="0"/>
  <testcase name="testAbaNumberCheck_14416_bad" classname="com.cardatechnologies.utils.validators.abaroutevalidator.Test_AbaRouteValidator_07" time="0"/>
  <testcase name="testAbaNumberCheck_13152_bad" classname="com.cardatechnologies.utils.validators.abaroutevalidator.Test_AbaRouteValidator_07" time="0"/>
  <testcase name="testAbaNumberCheck_13604_bad" classname="com.cardatechnologies.utils.validators.abaroutevalidator.Test_AbaRouteValidator_07" time="0"/>
  <testcase name="testAbaNumberCheck_14418_bad" classname="com.cardatechnologies.utils.validators.abaroutevalidator.Test_AbaRouteValidator_07" time="0"/>
  <testcase name="testAbaNumberCheck_13154_bad" classname="com.cardatechnologies.utils.validators.abaroutevalidator.Test_AbaRouteValidator_07" time="0"/>
  <testcase name="testAbaNumberCheck_13606_bad" classname="com.cardatechnologies.utils.validators.abaroutevalidator.Test_AbaRouteValidator_07" time="0"/>
  <testcase name="testAbaNumberCheck_13156_bad" classname="com.cardatechnologies.utils.validators.abaroutevalidator.Test_AbaRouteValidator_07" time="0"/>
  <testcase name="testAbaNumberCheck_13608_bad" classname="com.cardatechnologies.utils.validators.abaroutevalidator.Test_AbaRouteValidator_07" time="0"/>
  <testcase name="testAbaNumberCheck_13158_bad" classname="com.cardatechnologies.utils.validators.abaroutevalidator.Test_AbaRouteValidator_07" time="0"/>
  <testcase name="testAbaNumberCheck_14101_good" classname="com.cardatechnologies.utils.validators.abaroutevalidator.Test_AbaRouteValidator_07" time="0"/>
  <testcase name="testAbaNumberCheck_12999_good" classname="com.cardatechnologies.utils.validators.abaroutevalidator.Test_AbaRouteValidator_07" time="0"/>
  <testcase name="testAbaNumberCheck_14420_bad" classname="com.cardatechnologies.utils.validators.abaroutevalidator.Test_AbaRouteValidator_07" time="0"/>
  <testcase name="testAbaNumberCheck_14422_bad" classname="com.cardatechnologies.utils.validators.abaroutevalidator.Test_AbaRouteValidator_07" time="0"/>
  <testcase name="testAbaNumberCheck_13610_bad" classname="com.cardatechnologies.utils.validators.abaroutevalidator.Test_AbaRouteValidator_07" time="0.001"/>
  <testcase name="testAbaNumberCheck_14424_bad" classname="com.cardatechnologies.utils.validators.abaroutevalidator.Test_AbaRouteValidator_07" time="0"/>
  <testcase name="testAbaNumberCheck_13160_bad" classname="com.cardatechnologies.utils.validators.abaroutevalidator.Test_AbaRouteValidator_07" time="0"/>
  <testcase name="testAbaNumberCheck_13612_bad" classname="com.cardatechnologies.utils.validators.abaroutevalidator.Test_AbaRouteValidator_07" time="0"/>
  <testcase name="testAbaNumberCheck_14426_bad" classname="com.cardatechnologies.utils.validators.abaroutevalidator.Test_AbaRouteValidator_07" time="0"/>
  <testcase name="testAbaNumberCheck_13162_bad" classname="com.cardatechnologies.utils.validators.abaroutevalidator.Test_AbaRouteValidator_07" time="0"/>
  <testcase name="testAbaNumberCheck_12800_bad" classname="com.cardatechnologies.utils.validators.abaroutevalidator.Test_AbaRouteValidator_07" time="0"/>
  <testcase name="testAbaNumberCheck_13614_bad" classname="com.cardatechnologies.utils.validators.abaroutevalidator.Test_AbaRouteValidator_07" time="0"/>
  <testcase name="testAbaNumberCheck_14428_bad" classname="com.cardatechnologies.utils.validators.abaroutevalidator.Test_AbaRouteValidator_07" time="0"/>
  <testcase name="testAbaNumberCheck_13164_bad" classname="com.cardatechnologies.utils.validators.abaroutevalidator.Test_AbaRouteValidator_07" time="0"/>
  <testcase name="testAbaNumberCheck_12802_bad" classname="com.cardatechnologies.utils.validators.abaroutevalidator.Test_AbaRouteValidator_07" time="0"/>
  <testcase name="testAbaNumberCheck_13616_bad" classname="com.cardatechnologies.utils.validators.abaroutevalidator.Test_AbaRouteValidator_07" time="0"/>
  <testcase name="testAbaNumberCheck_13166_bad" classname="com.cardatechnologies.utils.validators.abaroutevalidator.Test_AbaRouteValidator_07" time="0"/>
  <testcase name="testAbaNumberCheck_12804_bad" classname="com.cardatechnologies.utils.validators.abaroutevalidator.Test_AbaRouteValidator_07" time="0"/>
  <testcase name="testAbaNumberCheck_13618_bad" classname="com.cardatechnologies.utils.validators.abaroutevalidator.Test_AbaRouteValidator_07" time="0"/>
  <testcase name="testAbaNumberCheck_13168_bad" classname="com.cardatechnologies.utils.validators.abaroutevalidator.Test_AbaRouteValidator_07" time="0"/>
  <testcase name="testAbaNumberCheck_12806_bad" classname="com.cardatechnologies.utils.validators.abaroutevalidator.Test_AbaRouteValidator_07" time="0"/>
  <testcase name="testAbaNumberCheck_12808_bad" classname="com.cardatechnologies.utils.validators.abaroutevalidator.Test_AbaRouteValidator_07" time="0"/>
  <testcase name="testAbaNumberCheck_14021_good" classname="com.cardatechnologies.utils.validators.abaroutevalidator.Test_AbaRouteValidator_07" time="0"/>
  <testcase name="testAbaNumberCheck_14430_bad" classname="com.cardatechnologies.utils.validators.abaroutevalidator.Test_AbaRouteValidator_07" time="0.001"/>
  <testcase name="testAbaNumberCheck_14432_bad" classname="com.cardatechnologies.utils.validators.abaroutevalidator.Test_AbaRouteValidator_07" time="0"/>
  <testcase name="testAbaNumberCheck_13620_bad" classname="com.cardatechnologies.utils.validators.abaroutevalidator.Test_AbaRouteValidator_07" time="0"/>
  <testcase name="testAbaNumberCheck_14434_bad" classname="com.cardatechnologies.utils.validators.abaroutevalidator.Test_AbaRouteValidator_07" time="0"/>
  <testcase name="testAbaNumberCheck_13170_bad" classname="com.cardatechnologies.utils.validators.abaroutevalidator.Test_AbaRouteValidator_07" time="0"/>
  <testcase name="testAbaNumberCheck_13622_bad" classname="com.cardatechnologies.utils.validators.abaroutevalidator.Test_AbaRouteValidator_07" time="0"/>
  <testcase name="testAbaNumberCheck_14436_bad" classname="com.cardatechnologies.utils.validators.abaroutevalidator.Test_AbaRouteValidator_07" time="0"/>
  <testcase name="testAbaNumberCheck_13172_bad" classname="com.cardatechnologies.utils.validators.abaroutevalidator.Test_AbaRouteValidator_07" time="0"/>
  <testcase name="testAbaNumberCheck_12810_bad" classname="com.cardatechnologies.utils.validators.abaroutevalidator.Test_AbaRouteValidator_07" time="0"/>
  <testcase name="testAbaNumberCheck_13624_bad" classname="com.cardatechnologies.utils.validators.abaroutevalidator.Test_AbaRouteValidator_07" time="0"/>
  <testcase name="testAbaNumberCheck_14438_bad" classname="com.cardatechnologies.utils.validators.abaroutevalidator.Test_AbaRouteValidator_07" time="0"/>
  <testcase name="testAbaNumberCheck_13174_bad" classname="com.cardatechnologies.utils.validators.abaroutevalidator.Test_AbaRouteValidator_07" time="0"/>
  <testcase name="testAbaNumberCheck_12812_bad" classname="com.cardatechnologies.utils.validators.abaroutevalidator.Test_AbaRouteValidator_07" time="0"/>
  <testcase name="testAbaNumberCheck_13626_bad" classname="com.cardatechnologies.utils.validators.abaroutevalidator.Test_AbaRouteValidator_07" time="0"/>
  <testcase name="testAbaNumberCheck_13176_bad" classname="com.cardatechnologies.utils.validators.abaroutevalidator.Test_AbaRouteValidator_07" time="0"/>
  <testcase name="testAbaNumberCheck_12814_bad" classname="com.cardatechnologies.utils.validators.abaroutevalidator.Test_AbaRouteValidator_07" time="0"/>
  <testcase name="testAbaNumberCheck_13628_bad" classname="com.cardatechnologies.utils.validators.abaroutevalidator.Test_AbaRouteValidator_07" time="0"/>
  <testcase name="testAbaNumberCheck_13178_bad" classname="com.cardatechnologies.utils.validators.abaroutevalidator.Test_AbaRouteValidator_07" time="0"/>
  <testcase name="testAbaNumberCheck_12816_bad" classname="com.cardatechnologies.utils.validators.abaroutevalidator.Test_AbaRouteValidator_07" time="0"/>
  <testcase name="testAbaNumberCheck_12818_bad" classname="com.cardatechnologies.utils.validators.abaroutevalidator.Test_AbaRouteValidator_07" time="0"/>
  <testcase name="testAbaNumberCheck_14103_good" classname="com.cardatechnologies.utils.validators.abaroutevalidator.Test_AbaRouteValidator_07" time="0"/>
  <testcase name="testAbaNumberCheck_13001_good" classname="com.cardatechnologies.utils.validators.abaroutevalidator.Test_AbaRouteValidator_07" time="0"/>
  <testcase name="testAbaNumberCheck_14440_bad" classname="com.cardatechnologies.utils.validators.abaroutevalidator.Test_AbaRouteValidator_07" time="0"/>
  <testcase name="testAbaNumberCheck_14442_bad" classname="com.cardatechnologies.utils.validators.abaroutevalidator.Test_AbaRouteValidator_07" time="0"/>
  <testcase name="testAbaNumberCheck_13630_bad" classname="com.cardatechnologies.utils.validators.abaroutevalidator.Test_AbaRouteValidator_07" time="0.001"/>
  <testcase name="testAbaNumberCheck_14444_bad" classname="com.cardatechnologies.utils.validators.abaroutevalidator.Test_AbaRouteValidator_07" time="0"/>
  <testcase name="testAbaNumberCheck_13180_bad" classname="com.cardatechnologies.utils.validators.abaroutevalidator.Test_AbaRouteValidator_07" time="0"/>
  <testcase name="testAbaNumberCheck_13632_bad" classname="com.cardatechnologies.utils.validators.abaroutevalidator.Test_AbaRouteValidator_07" time="0"/>
  <testcase name="testAbaNumberCheck_14446_bad" classname="com.cardatechnologies.utils.validators.abaroutevalidator.Test_AbaRouteValidator_07" time="0"/>
  <testcase name="testAbaNumberCheck_13182_bad" classname="com.cardatechnologies.utils.validators.abaroutevalidator.Test_AbaRouteValidator_07" time="0"/>
  <testcase name="testAbaNumberCheck_12820_bad" classname="com.cardatechnologies.utils.validators.abaroutevalidator.Test_AbaRouteValidator_07" time="0"/>
  <testcase name="testAbaNumberCheck_13634_bad" classname="com.cardatechnologies.utils.validators.abaroutevalidator.Test_AbaRouteValidator_07" time="0"/>
  <testcase name="testAbaNumberCheck_14448_bad" classname="com.cardatechnologies.utils.validators.abaroutevalidator.Test_AbaRouteValidator_07" time="0"/>
  <testcase name="testAbaNumberCheck_13184_bad" classname="com.cardatechnologies.utils.validators.abaroutevalidator.Test_AbaRouteValidator_07" time="0"/>
  <testcase name="testAbaNumberCheck_12822_bad" classname="com.cardatechnologies.utils.validators.abaroutevalidator.Test_AbaRouteValidator_07" time="0"/>
  <testcase name="testAbaNumberCheck_13636_bad" classname="com.cardatechnologies.utils.validators.abaroutevalidator.Test_AbaRouteValidator_07" time="0"/>
  <testcase name="testAbaNumberCheck_13186_bad" classname="com.cardatechnologies.utils.validators.abaroutevalidator.Test_AbaRouteValidator_07" time="0"/>
  <testcase name="testAbaNumberCheck_14311_good" classname="com.cardatechnologies.utils.validators.abaroutevalidator.Test_AbaRouteValidator_07" time="0"/>
  <testcase name="testAbaNumberCheck_12824_bad" classname="com.cardatechnologies.utils.validators.abaroutevalidator.Test_AbaRouteValidator_07" time="0"/>
  <testcase name="testAbaNumberCheck_13638_bad" classname="com.cardatechnologies.utils.validators.abaroutevalidator.Test_AbaRouteValidator_07" time="0"/>
  <testcase name="testAbaNumberCheck_13188_bad" classname="com.cardatechnologies.utils.validators.abaroutevalidator.Test_AbaRouteValidator_07" time="0"/>
  <testcase name="testAbaNumberCheck_12826_bad" classname="com.cardatechnologies.utils.validators.abaroutevalidator.Test_AbaRouteValidator_07" time="0"/>
  <testcase name="testAbaNumberCheck_12828_bad" classname="com.cardatechnologies.utils.validators.abaroutevalidator.Test_AbaRouteValidator_07" time="0"/>
  <testcase name="testAbaNumberCheck_14023_good" classname="com.cardatechnologies.utils.validators.abaroutevalidator.Test_AbaRouteValidator_07" time="0"/>
  <testcase name="testAbaNumberCheck_14900_bad" classname="com.cardatechnologies.utils.validators.abaroutevalidator.Test_AbaRouteValidator_07" time="0"/>
  <testcase name="testAbaNumberCheck_14450_bad" classname="com.cardatechnologies.utils.validators.abaroutevalidator.Test_AbaRouteValidator_07" time="0"/>
  <testcase name="testAbaNumberCheck_14902_bad" classname="com.cardatechnologies.utils.validators.abaroutevalidator.Test_AbaRouteValidator_07" time="0"/>
  <testcase name="testAbaNumberCheck_14452_bad" classname="com.cardatechnologies.utils.validators.abaroutevalidator.Test_AbaRouteValidator_07" time="0"/>
  <testcase name="testAbaNumberCheck_14904_bad" classname="com.cardatechnologies.utils.validators.abaroutevalidator.Test_AbaRouteValidator_07" time="0.001"/>
  <testcase name="testAbaNumberCheck_13640_bad" classname="com.cardatechnologies.utils.validators.abaroutevalidator.Test_AbaRouteValidator_07" time="0"/>
  <testcase name="testAbaNumberCheck_14454_bad" classname="com.cardatechnologies.utils.validators.abaroutevalidator.Test_AbaRouteValidator_07" time="0"/>
  <testcase name="testAbaNumberCheck_13190_bad" classname="com.cardatechnologies.utils.validators.abaroutevalidator.Test_AbaRouteValidator_07" time="0"/>
  <testcase name="testAbaNumberCheck_14906_bad" classname="com.cardatechnologies.utils.validators.abaroutevalidator.Test_AbaRouteValidator_07" time="0"/>
  <testcase name="testAbaNumberCheck_13642_bad" classname="com.cardatechnologies.utils.validators.abaroutevalidator.Test_AbaRouteValidator_07" time="0"/>
  <testcase name="testAbaNumberCheck_14456_bad" classname="com.cardatechnologies.utils.validators.abaroutevalidator.Test_AbaRouteValidator_07" time="0"/>
  <testcase name="testAbaNumberCheck_13192_bad" classname="com.cardatechnologies.utils.validators.abaroutevalidator.Test_AbaRouteValidator_07" time="0"/>
  <testcase name="testAbaNumberCheck_14908_bad" classname="com.cardatechnologies.utils.validators.abaroutevalidator.Test_AbaRouteValidator_07" time="0"/>
  <testcase name="testAbaNumberCheck_12830_bad" classname="com.cardatechnologies.utils.validators.abaroutevalidator.Test_AbaRouteValidator_07" time="0"/>
  <testcase name="testAbaNumberCheck_13644_bad" classname="com.cardatechnologies.utils.validators.abaroutevalidator.Test_AbaRouteValidator_07" time="0"/>
  <testcase name="testAbaNumberCheck_14458_bad" classname="com.cardatechnologies.utils.validators.abaroutevalidator.Test_AbaRouteValidator_07" time="0"/>
  <testcase name="testAbaNumberCheck_13194_bad" classname="com.cardatechnologies.utils.validators.abaroutevalidator.Test_AbaRouteValidator_07" time="0"/>
  <testcase name="testAbaNumberCheck_12832_bad" classname="com.cardatechnologies.utils.validators.abaroutevalidator.Test_AbaRouteValidator_07" time="0"/>
  <testcase name="testAbaNumberCheck_13646_bad" classname="com.cardatechnologies.utils.validators.abaroutevalidator.Test_AbaRouteValidator_07" time="0"/>
  <testcase name="testAbaNumberCheck_13196_bad" classname="com.cardatechnologies.utils.validators.abaroutevalidator.Test_AbaRouteValidator_07" time="0"/>
  <testcase name="testAbaNumberCheck_12834_bad" classname="com.cardatechnologies.utils.validators.abaroutevalidator.Test_AbaRouteValidator_07" time="0"/>
  <testcase name="testAbaNumberCheck_13648_bad" classname="com.cardatechnologies.utils.validators.abaroutevalidator.Test_AbaRouteValidator_07" time="0"/>
  <testcase name="testAbaNumberCheck_13198_bad" classname="com.cardatechnologies.utils.validators.abaroutevalidator.Test_AbaRouteValidator_07" time="0"/>
  <testcase name="testAbaNumberCheck_12836_bad" classname="com.cardatechnologies.utils.validators.abaroutevalidator.Test_AbaRouteValidator_07" time="0.001"/>
  <testcase name="testAbaNumberCheck_14231_good" classname="com.cardatechnologies.utils.validators.abaroutevalidator.Test_AbaRouteValidator_07" time="0"/>
  <testcase name="testAbaNumberCheck_12838_bad" classname="com.cardatechnologies.utils.validators.abaroutevalidator.Test_AbaRouteValidator_07" time="0"/>
  <testcase name="testAbaNumberCheck_14105_good" classname="com.cardatechnologies.utils.validators.abaroutevalidator.Test_AbaRouteValidator_07" time="0"/>
  <testcase name="testAbaNumberCheck_13003_good" classname="com.cardatechnologies.utils.validators.abaroutevalidator.Test_AbaRouteValidator_07" time="0"/>
  <testcase name="testAbaNumberCheck_14601_good" classname="com.cardatechnologies.utils.validators.abaroutevalidator.Test_AbaRouteValidator_07" time="0"/>
  <testcase name="testAbaNumberCheck_14910_bad" classname="com.cardatechnologies.utils.validators.abaroutevalidator.Test_AbaRouteValidator_07" time="0"/>
  <testcase name="testAbaNumberCheck_14460_bad" classname="com.cardatechnologies.utils.validators.abaroutevalidator.Test_AbaRouteValidator_07" time="0"/>
  <testcase name="testAbaNumberCheck_14912_bad" classname="com.cardatechnologies.utils.validators.abaroutevalidator.Test_AbaRouteValidator_07" time="0"/>
  <testcase name="testAbaNumberCheck_14462_bad" classname="com.cardatechnologies.utils.validators.abaroutevalidator.Test_AbaRouteValidator_07" time="0"/>
  <testcase name="testAbaNumberCheck_14914_bad" classname="com.cardatechnologies.utils.validators.abaroutevalidator.Test_AbaRouteValidator_07" time="0"/>
  <testcase name="testAbaNumberCheck_13650_bad" classname="com.cardatechnologies.utils.validators.abaroutevalidator.Test_AbaRouteValidator_07" time="0"/>
  <testcase name="testAbaNumberCheck_14464_bad" classname="com.cardatechnologies.utils.validators.abaroutevalidator.Test_AbaRouteValidator_07" time="0"/>
  <testcase name="testAbaNumberCheck_14916_bad" classname="com.cardatechnologies.utils.validators.abaroutevalidator.Test_AbaRouteValidator_07" time="0"/>
  <testcase name="testAbaNumberCheck_13652_bad" classname="com.cardatechnologies.utils.validators.abaroutevalidator.Test_AbaRouteValidator_07" time="0"/>
  <testcase name="testAbaNumberCheck_14466_bad" classname="com.cardatechnologies.utils.validators.abaroutevalidator.Test_AbaRouteValidator_07" time="0"/>
  <testcase name="testAbaNumberCheck_14918_bad" classname="com.cardatechnologies.utils.validators.abaroutevalidator.Test_AbaRouteValidator_07" time="0"/>
  <testcase name="testAbaNumberCheck_12840_bad" classname="com.cardatechnologies.utils.validators.abaroutevalidator.Test_AbaRouteValidator_07" time="0"/>
  <testcase name="testAbaNumberCheck_13654_bad" classname="com.cardatechnologies.utils.validators.abaroutevalidator.Test_AbaRouteValidator_07" time="0"/>
  <testcase name="testAbaNumberCheck_14468_bad" classname="com.cardatechnologies.utils.validators.abaroutevalidator.Test_AbaRouteValidator_07" time="0"/>
  <testcase name="testAbaNumberCheck_12842_bad" classname="com.cardatechnologies.utils.validators.abaroutevalidator.Test_AbaRouteValidator_07" time="0"/>
  <testcase name="testAbaNumberCheck_13656_bad" classname="com.cardatechnologies.utils.validators.abaroutevalidator.Test_AbaRouteValidator_07" time="0"/>
  <testcase name="testAbaNumberCheck_14313_good" classname="com.cardatechnologies.utils.validators.abaroutevalidator.Test_AbaRouteValidator_07" time="0"/>
  <testcase name="testAbaNumberCheck_12844_bad" classname="com.cardatechnologies.utils.validators.abaroutevalidator.Test_AbaRouteValidator_07" time="0"/>
  <testcase name="testAbaNumberCheck_13658_bad" classname="com.cardatechnologies.utils.validators.abaroutevalidator.Test_AbaRouteValidator_07" time="0"/>
  <testcase name="testAbaNumberCheck_12846_bad" classname="com.cardatechnologies.utils.validators.abaroutevalidator.Test_AbaRouteValidator_07" time="0.001"/>
  <testcase name="testAbaNumberCheck_12848_bad" classname="com.cardatechnologies.utils.validators.abaroutevalidator.Test_AbaRouteValidator_07" time="0"/>
  <testcase name="testAbaNumberCheck_14151_good" classname="com.cardatechnologies.utils.validators.abaroutevalidator.Test_AbaRouteValidator_07" time="0"/>
  <testcase name="testAbaNumberCheck_13211_good" classname="com.cardatechnologies.utils.validators.abaroutevalidator.Test_AbaRouteValidator_07" time="0"/>
  <testcase name="testAbaNumberCheck_14025_good" classname="com.cardatechnologies.utils.validators.abaroutevalidator.Test_AbaRouteValidator_07" time="0"/>
  <testcase name="testAbaNumberCheck_14920_bad" classname="com.cardatechnologies.utils.validators.abaroutevalidator.Test_AbaRouteValidator_07" time="0"/>
  <testcase name="testAbaNumberCheck_14470_bad" classname="com.cardatechnologies.utils.validators.abaroutevalidator.Test_AbaRouteValidator_07" time="0"/>
  <testcase name="testAbaNumberCheck_14922_bad" classname="com.cardatechnologies.utils.validators.abaroutevalidator.Test_AbaRouteValidator_07" time="0"/>
  <testcase name="testAbaNumberCheck_14472_bad" classname="com.cardatechnologies.utils.validators.abaroutevalidator.Test_AbaRouteValidator_07" time="0"/>
  <testcase name="testAbaNumberCheck_14521_good" classname="com.cardatechnologies.utils.validators.abaroutevalidator.Test_AbaRouteValidator_07" time="0"/>
  <testcase name="testAbaNumberCheck_14924_bad" classname="com.cardatechnologies.utils.validators.abaroutevalidator.Test_AbaRouteValidator_07" time="0"/>
  <testcase name="testAbaNumberCheck_13660_bad" classname="com.cardatechnologies.utils.validators.abaroutevalidator.Test_AbaRouteValidator_07" time="0"/>
  <testcase name="testAbaNumberCheck_14474_bad" classname="com.cardatechnologies.utils.validators.abaroutevalidator.Test_AbaRouteValidator_07" time="0"/>
  <testcase name="testAbaNumberCheck_14926_bad" classname="com.cardatechnologies.utils.validators.abaroutevalidator.Test_AbaRouteValidator_07" time="0"/>
  <testcase name="testAbaNumberCheck_13662_bad" classname="com.cardatechnologies.utils.validators.abaroutevalidator.Test_AbaRouteValidator_07" time="0"/>
  <testcase name="testAbaNumberCheck_14476_bad" classname="com.cardatechnologies.utils.validators.abaroutevalidator.Test_AbaRouteValidator_07" time="0"/>
  <testcase name="testAbaNumberCheck_14928_bad" classname="com.cardatechnologies.utils.validators.abaroutevalidator.Test_AbaRouteValidator_07" time="0"/>
  <testcase name="testAbaNumberCheck_12850_bad" classname="com.cardatechnologies.utils.validators.abaroutevalidator.Test_AbaRouteValidator_07" time="0"/>
  <testcase name="testAbaNumberCheck_13664_bad" classname="com.cardatechnologies.utils.validators.abaroutevalidator.Test_AbaRouteValidator_07" time="0"/>
  <testcase name="testAbaNumberCheck_14478_bad" classname="com.cardatechnologies.utils.validators.abaroutevalidator.Test_AbaRouteValidator_07" time="0"/>
  <testcase name="testAbaNumberCheck_12852_bad" classname="com.cardatechnologies.utils.validators.abaroutevalidator.Test_AbaRouteValidator_07" time="0.001"/>
  <testcase name="testAbaNumberCheck_13666_bad" classname="com.cardatechnologies.utils.validators.abaroutevalidator.Test_AbaRouteValidator_07" time="0"/>
  <testcase name="testAbaNumberCheck_12854_bad" classname="com.cardatechnologies.utils.validators.abaroutevalidator.Test_AbaRouteValidator_07" time="0"/>
  <testcase name="testAbaNumberCheck_13668_bad" classname="com.cardatechnologies.utils.validators.abaroutevalidator.Test_AbaRouteValidator_07" time="0"/>
  <testcase name="testAbaNumberCheck_12856_bad" classname="com.cardatechnologies.utils.validators.abaroutevalidator.Test_AbaRouteValidator_07" time="0"/>
  <testcase name="testAbaNumberCheck_14233_good" classname="com.cardatechnologies.utils.validators.abaroutevalidator.Test_AbaRouteValidator_07" time="0"/>
  <testcase name="testAbaNumberCheck_12858_bad" classname="com.cardatechnologies.utils.validators.abaroutevalidator.Test_AbaRouteValidator_07" time="0"/>
  <testcase name="testAbaNumberCheck_14107_good" classname="com.cardatechnologies.utils.validators.abaroutevalidator.Test_AbaRouteValidator_07" time="0"/>
  <testcase name="testAbaNumberCheck_14071_good" classname="com.cardatechnologies.utils.validators.abaroutevalidator.Test_AbaRouteValidator_07" time="0"/>
  <testcase name="testAbaNumberCheck_13131_good" classname="com.cardatechnologies.utils.validators.abaroutevalidator.Test_AbaRouteValidator_07" time="0"/>
  <testcase name="testAbaNumberCheck_13005_good" classname="com.cardatechnologies.utils.validators.abaroutevalidator.Test_AbaRouteValidator_07" time="0"/>
  <testcase name="testAbaNumberCheck_14603_good" classname="com.cardatechnologies.utils.validators.abaroutevalidator.Test_AbaRouteValidator_07" time="0"/>
  <testcase name="testAbaNumberCheck_14930_bad" classname="com.cardatechnologies.utils.validators.abaroutevalidator.Test_AbaRouteValidator_07" time="0"/>
  <testcase name="testAbaNumberCheck_14480_bad" classname="com.cardatechnologies.utils.validators.abaroutevalidator.Test_AbaRouteValidator_07" time="0"/>
  <testcase name="testAbaNumberCheck_14932_bad" classname="com.cardatechnologies.utils.validators.abaroutevalidator.Test_AbaRouteValidator_07" time="0"/>
  <testcase name="testAbaNumberCheck_14482_bad" classname="com.cardatechnologies.utils.validators.abaroutevalidator.Test_AbaRouteValidator_07" time="0"/>
  <testcase name="testAbaNumberCheck_14934_bad" classname="com.cardatechnologies.utils.validators.abaroutevalidator.Test_AbaRouteValidator_07" time="0"/>
  <testcase name="testAbaNumberCheck_13670_bad" classname="com.cardatechnologies.utils.validators.abaroutevalidator.Test_AbaRouteValidator_07" time="0"/>
  <testcase name="testAbaNumberCheck_14484_bad" classname="com.cardatechnologies.utils.validators.abaroutevalidator.Test_AbaRouteValidator_07" time="0"/>
  <testcase name="testAbaNumberCheck_14936_bad" classname="com.cardatechnologies.utils.validators.abaroutevalidator.Test_AbaRouteValidator_07" time="0"/>
  <testcase name="testAbaNumberCheck_13672_bad" classname="com.cardatechnologies.utils.validators.abaroutevalidator.Test_AbaRouteValidator_07" time="0"/>
  <testcase name="testAbaNumberCheck_14486_bad" classname="com.cardatechnologies.utils.validators.abaroutevalidator.Test_AbaRouteValidator_07" time="0"/>
  <testcase name="testAbaNumberCheck_14441_good" classname="com.cardatechnologies.utils.validators.abaroutevalidator.Test_AbaRouteValidator_07" time="0"/>
  <testcase name="testAbaNumberCheck_13501_good" classname="com.cardatechnologies.utils.validators.abaroutevalidator.Test_AbaRouteValidator_07" time="0.001"/>
  <testcase name="testAbaNumberCheck_14938_bad" classname="com.cardatechnologies.utils.validators.abaroutevalidator.Test_AbaRouteValidator_07" time="0"/>
  <testcase name="testAbaNumberCheck_12860_bad" classname="com.cardatechnologies.utils.validators.abaroutevalidator.Test_AbaRouteValidator_07" time="0"/>
  <testcase name="testAbaNumberCheck_13674_bad" classname="com.cardatechnologies.utils.validators.abaroutevalidator.Test_AbaRouteValidator_07" time="0"/>
  <testcase name="testAbaNumberCheck_14488_bad" classname="com.cardatechnologies.utils.validators.abaroutevalidator.Test_AbaRouteValidator_07" time="0"/>
  <testcase name="testAbaNumberCheck_12862_bad" classname="com.cardatechnologies.utils.validators.abaroutevalidator.Test_AbaRouteValidator_07" time="0"/>
  <testcase name="testAbaNumberCheck_13676_bad" classname="com.cardatechnologies.utils.validators.abaroutevalidator.Test_AbaRouteValidator_07" time="0"/>
  <testcase name="testAbaNumberCheck_14315_good" classname="com.cardatechnologies.utils.validators.abaroutevalidator.Test_AbaRouteValidator_07" time="0"/>
  <testcase name="testAbaNumberCheck_12864_bad" classname="com.cardatechnologies.utils.validators.abaroutevalidator.Test_AbaRouteValidator_07" time="0"/>
  <testcase name="testAbaNumberCheck_13678_bad" classname="com.cardatechnologies.utils.validators.abaroutevalidator.Test_AbaRouteValidator_07" time="0"/>
  <testcase name="testAbaNumberCheck_12866_bad" classname="com.cardatechnologies.utils.validators.abaroutevalidator.Test_AbaRouteValidator_07" time="0"/>
  <testcase name="testAbaNumberCheck_12868_bad" classname="com.cardatechnologies.utils.validators.abaroutevalidator.Test_AbaRouteValidator_07" time="0"/>
  <testcase name="testAbaNumberCheck_14153_good" classname="com.cardatechnologies.utils.validators.abaroutevalidator.Test_AbaRouteValidator_07" time="0"/>
  <testcase name="testAbaNumberCheck_13213_good" classname="com.cardatechnologies.utils.validators.abaroutevalidator.Test_AbaRouteValidator_07" time="0"/>
  <testcase name="testAbaNumberCheck_14811_good" classname="com.cardatechnologies.utils.validators.abaroutevalidator.Test_AbaRouteValidator_07" time="0"/>
  <testcase name="testAbaNumberCheck_14027_good" classname="com.cardatechnologies.utils.validators.abaroutevalidator.Test_AbaRouteValidator_07" time="0"/>
  <testcase name="testAbaNumberCheck_13051_good" classname="com.cardatechnologies.utils.validators.abaroutevalidator.Test_AbaRouteValidator_07" time="0"/>
  <testcase name="testAbaNumberCheck_14940_bad" classname="com.cardatechnologies.utils.validators.abaroutevalidator.Test_AbaRouteValidator_07" time="0"/>
  <testcase name="testAbaNumberCheck_14490_bad" classname="com.cardatechnologies.utils.validators.abaroutevalidator.Test_AbaRouteValidator_07" time="0"/>
  <testcase name="testAbaNumberCheck_14942_bad" classname="com.cardatechnologies.utils.validators.abaroutevalidator.Test_AbaRouteValidator_07" time="0"/>
  <testcase name="testAbaNumberCheck_14492_bad" classname="com.cardatechnologies.utils.validators.abaroutevalidator.Test_AbaRouteValidator_07" time="0"/>
  <testcase name="testAbaNumberCheck_14523_good" classname="com.cardatechnologies.utils.validators.abaroutevalidator.Test_AbaRouteValidator_07" time="0"/>
  <testcase name="testAbaNumberCheck_14944_bad" classname="com.cardatechnologies.utils.validators.abaroutevalidator.Test_AbaRouteValidator_07" time="0"/>
  <testcase name="testAbaNumberCheck_13680_bad" classname="com.cardatechnologies.utils.validators.abaroutevalidator.Test_AbaRouteValidator_07" time="0.001"/>
  <testcase name="testAbaNumberCheck_14494_bad" classname="com.cardatechnologies.utils.validators.abaroutevalidator.Test_AbaRouteValidator_07" time="0"/>
  <testcase name="testAbaNumberCheck_14946_bad" classname="com.cardatechnologies.utils.validators.abaroutevalidator.Test_AbaRouteValidator_07" time="0"/>
  <testcase name="testAbaNumberCheck_13682_bad" classname="com.cardatechnologies.utils.validators.abaroutevalidator.Test_AbaRouteValidator_07" time="0"/>
  <testcase name="testAbaNumberCheck_14496_bad" classname="com.cardatechnologies.utils.validators.abaroutevalidator.Test_AbaRouteValidator_07" time="0"/>
  <testcase name="testAbaNumberCheck_14948_bad" classname="com.cardatechnologies.utils.validators.abaroutevalidator.Test_AbaRouteValidator_07" time="0"/>
  <testcase name="testAbaNumberCheck_12870_bad" classname="com.cardatechnologies.utils.validators.abaroutevalidator.Test_AbaRouteValidator_07" time="0"/>
  <testcase name="testAbaNumberCheck_13684_bad" classname="com.cardatechnologies.utils.validators.abaroutevalidator.Test_AbaRouteValidator_07" time="0"/>
  <testcase name="testAbaNumberCheck_14498_bad" classname="com.cardatechnologies.utils.validators.abaroutevalidator.Test_AbaRouteValidator_07" time="0"/>
  <testcase name="testAbaNumberCheck_12872_bad" classname="com.cardatechnologies.utils.validators.abaroutevalidator.Test_AbaRouteValidator_07" time="0"/>
  <testcase name="testAbaNumberCheck_13686_bad" classname="com.cardatechnologies.utils.validators.abaroutevalidator.Test_AbaRouteValidator_07" time="0"/>
  <testcase name="testAbaNumberCheck_14361_good" classname="com.cardatechnologies.utils.validators.abaroutevalidator.Test_AbaRouteValidator_07" time="0"/>
  <testcase name="testAbaNumberCheck_13421_good" classname="com.cardatechnologies.utils.validators.abaroutevalidator.Test_AbaRouteValidator_07" time="0"/>
  <testcase name="testAbaNumberCheck_12874_bad" classname="com.cardatechnologies.utils.validators.abaroutevalidator.Test_AbaRouteValidator_07" time="0"/>
  <testcase name="testAbaNumberCheck_13688_bad" classname="com.cardatechnologies.utils.validators.abaroutevalidator.Test_AbaRouteValidator_07" time="0"/>
  <testcase name="testAbaNumberCheck_12876_bad" classname="com.cardatechnologies.utils.validators.abaroutevalidator.Test_AbaRouteValidator_07" time="0"/>
  <testcase name="testAbaNumberCheck_14235_good" classname="com.cardatechnologies.utils.validators.abaroutevalidator.Test_AbaRouteValidator_07" time="0"/>
  <testcase name="testAbaNumberCheck_12878_bad" classname="com.cardatechnologies.utils.validators.abaroutevalidator.Test_AbaRouteValidator_07" time="0"/>
  <testcase name="testAbaNumberCheck_14109_good" classname="com.cardatechnologies.utils.validators.abaroutevalidator.Test_AbaRouteValidator_07" time="0"/>
  <testcase name="testAbaNumberCheck_14073_good" classname="com.cardatechnologies.utils.validators.abaroutevalidator.Test_AbaRouteValidator_07" time="0"/>
  <testcase name="testAbaNumberCheck_13133_good" classname="com.cardatechnologies.utils.validators.abaroutevalidator.Test_AbaRouteValidator_07" time="0"/>
  <testcase name="testAbaNumberCheck_14731_good" classname="com.cardatechnologies.utils.validators.abaroutevalidator.Test_AbaRouteValidator_07" time="0"/>
  <testcase name="testAbaNumberCheck_13007_good" classname="com.cardatechnologies.utils.validators.abaroutevalidator.Test_AbaRouteValidator_07" time="0"/>
  <testcase name="testAbaNumberCheck_14605_good" classname="com.cardatechnologies.utils.validators.abaroutevalidator.Test_AbaRouteValidator_07" time="0"/>
  <testcase name="testAbaNumberCheck_14950_bad" classname="com.cardatechnologies.utils.validators.abaroutevalidator.Test_AbaRouteValidator_07" time="0"/>
  <testcase name="testAbaNumberCheck_14952_bad" classname="com.cardatechnologies.utils.validators.abaroutevalidator.Test_AbaRouteValidator_07" time="0"/>
  <testcase name="testAbaNumberCheck_14954_bad" classname="com.cardatechnologies.utils.validators.abaroutevalidator.Test_AbaRouteValidator_07" time="0"/>
  <testcase name="testAbaNumberCheck_13690_bad" classname="com.cardatechnologies.utils.validators.abaroutevalidator.Test_AbaRouteValidator_07" time="0"/>
  <testcase name="testAbaNumberCheck_14956_bad" classname="com.cardatechnologies.utils.validators.abaroutevalidator.Test_AbaRouteValidator_07" time="0"/>
  <testcase name="testAbaNumberCheck_13692_bad" classname="com.cardatechnologies.utils.validators.abaroutevalidator.Test_AbaRouteValidator_07" time="0"/>
  <testcase name="testAbaNumberCheck_14443_good" classname="com.cardatechnologies.utils.validators.abaroutevalidator.Test_AbaRouteValidator_07" time="0"/>
  <testcase name="testAbaNumberCheck_13503_good" classname="com.cardatechnologies.utils.validators.abaroutevalidator.Test_AbaRouteValidator_07" time="0"/>
  <testcase name="testAbaNumberCheck_14958_bad" classname="com.cardatechnologies.utils.validators.abaroutevalidator.Test_AbaRouteValidator_07" time="0"/>
  <testcase name="testAbaNumberCheck_12880_bad" classname="com.cardatechnologies.utils.validators.abaroutevalidator.Test_AbaRouteValidator_07" time="0"/>
  <testcase name="testAbaNumberCheck_13694_bad" classname="com.cardatechnologies.utils.validators.abaroutevalidator.Test_AbaRouteValidator_07" time="0"/>
  <testcase name="testAbaNumberCheck_12882_bad" classname="com.cardatechnologies.utils.validators.abaroutevalidator.Test_AbaRouteValidator_07" time="0"/>
  <testcase name="testAbaNumberCheck_13696_bad" classname="com.cardatechnologies.utils.validators.abaroutevalidator.Test_AbaRouteValidator_07" time="0"/>
  <testcase name="testAbaNumberCheck_14317_good" classname="com.cardatechnologies.utils.validators.abaroutevalidator.Test_AbaRouteValidator_07" time="0"/>
  <testcase name="testAbaNumberCheck_12884_bad" classname="com.cardatechnologies.utils.validators.abaroutevalidator.Test_AbaRouteValidator_07" time="0"/>
  <testcase name="testAbaNumberCheck_13698_bad" classname="com.cardatechnologies.utils.validators.abaroutevalidator.Test_AbaRouteValidator_07" time="0"/>
  <testcase name="testAbaNumberCheck_12886_bad" classname="com.cardatechnologies.utils.validators.abaroutevalidator.Test_AbaRouteValidator_07" time="0"/>
  <testcase name="testAbaNumberCheck_14281_good" classname="com.cardatechnologies.utils.validators.abaroutevalidator.Test_AbaRouteValidator_07" time="0"/>
  <testcase name="testAbaNumberCheck_13341_good" classname="com.cardatechnologies.utils.validators.abaroutevalidator.Test_AbaRouteValidator_07" time="0"/>
  <testcase name="testAbaNumberCheck_12888_bad" classname="com.cardatechnologies.utils.validators.abaroutevalidator.Test_AbaRouteValidator_07" time="0.001"/>
  <testcase name="testAbaNumberCheck_14155_good" classname="com.cardatechnologies.utils.validators.abaroutevalidator.Test_AbaRouteValidator_07" time="0"/>
  <testcase name="testAbaNumberCheck_13215_good" classname="com.cardatechnologies.utils.validators.abaroutevalidator.Test_AbaRouteValidator_07" time="0"/>
  <testcase name="testAbaNumberCheck_14813_good" classname="com.cardatechnologies.utils.validators.abaroutevalidator.Test_AbaRouteValidator_07" time="0"/>
  <testcase name="testAbaNumberCheck_14029_good" classname="com.cardatechnologies.utils.validators.abaroutevalidator.Test_AbaRouteValidator_07" time="0"/>
  <testcase name="testAbaNumberCheck_13053_good" classname="com.cardatechnologies.utils.validators.abaroutevalidator.Test_AbaRouteValidator_07" time="0"/>
  <testcase name="testAbaNumberCheck_14651_good" classname="com.cardatechnologies.utils.validators.abaroutevalidator.Test_AbaRouteValidator_07" time="0"/>
  <testcase name="testAbaNumberCheck_13711_good" classname="com.cardatechnologies.utils.validators.abaroutevalidator.Test_AbaRouteValidator_07" time="0"/>
  <testcase name="testAbaNumberCheck_14960_bad" classname="com.cardatechnologies.utils.validators.abaroutevalidator.Test_AbaRouteValidator_07" time="0"/>
  <testcase name="testAbaNumberCheck_14962_bad" classname="com.cardatechnologies.utils.validators.abaroutevalidator.Test_AbaRouteValidator_07" time="0"/>
  <testcase name="testAbaNumberCheck_14525_good" classname="com.cardatechnologies.utils.validators.abaroutevalidator.Test_AbaRouteValidator_07" time="0"/>
  <testcase name="testAbaNumberCheck_14964_bad" classname="com.cardatechnologies.utils.validators.abaroutevalidator.Test_AbaRouteValidator_07" time="0"/>
  <testcase name="testAbaNumberCheck_14966_bad" classname="com.cardatechnologies.utils.validators.abaroutevalidator.Test_AbaRouteValidator_07" time="0"/>
  <testcase name="testAbaNumberCheck_14968_bad" classname="com.cardatechnologies.utils.validators.abaroutevalidator.Test_AbaRouteValidator_07" time="0"/>
  <testcase name="testAbaNumberCheck_12890_bad" classname="com.cardatechnologies.utils.validators.abaroutevalidator.Test_AbaRouteValidator_07" time="0"/>
  <testcase name="testAbaNumberCheck_12892_bad" classname="com.cardatechnologies.utils.validators.abaroutevalidator.Test_AbaRouteValidator_07" time="0"/>
  <testcase name="testAbaNumberCheck_14363_good" classname="com.cardatechnologies.utils.validators.abaroutevalidator.Test_AbaRouteValidator_07" time="0"/>
  <testcase name="testAbaNumberCheck_13423_good" classname="com.cardatechnologies.utils.validators.abaroutevalidator.Test_AbaRouteValidator_07" time="0"/>
  <testcase name="testAbaNumberCheck_12894_bad" classname="com.cardatechnologies.utils.validators.abaroutevalidator.Test_AbaRouteValidator_07" time="0"/>
  <testcase name="testAbaNumberCheck_12896_bad" classname="com.cardatechnologies.utils.validators.abaroutevalidator.Test_AbaRouteValidator_07" time="0"/>
  <testcase name="testAbaNumberCheck_14237_good" classname="com.cardatechnologies.utils.validators.abaroutevalidator.Test_AbaRouteValidator_07" time="0"/>
  <testcase name="testAbaNumberCheck_12898_bad" classname="com.cardatechnologies.utils.validators.abaroutevalidator.Test_AbaRouteValidator_07" time="0"/>
  <testcase name="testAbaNumberCheck_13261_good" classname="com.cardatechnologies.utils.validators.abaroutevalidator.Test_AbaRouteValidator_07" time="0.001"/>
  <testcase name="testAbaNumberCheck_14075_good" classname="com.cardatechnologies.utils.validators.abaroutevalidator.Test_AbaRouteValidator_07" time="0"/>
  <testcase name="testAbaNumberCheck_13135_good" classname="com.cardatechnologies.utils.validators.abaroutevalidator.Test_AbaRouteValidator_07" time="0"/>
  <testcase name="testAbaNumberCheck_14733_good" classname="com.cardatechnologies.utils.validators.abaroutevalidator.Test_AbaRouteValidator_07" time="0"/>
  <testcase name="testAbaNumberCheck_13009_good" classname="com.cardatechnologies.utils.validators.abaroutevalidator.Test_AbaRouteValidator_07" time="0"/>
  <testcase name="testAbaNumberCheck_14607_good" classname="com.cardatechnologies.utils.validators.abaroutevalidator.Test_AbaRouteValidator_07" time="0"/>
  <testcase name="testAbaNumberCheck_14970_bad" classname="com.cardatechnologies.utils.validators.abaroutevalidator.Test_AbaRouteValidator_07" time="0"/>
  <testcase name="testAbaNumberCheck_14972_bad" classname="com.cardatechnologies.utils.validators.abaroutevalidator.Test_AbaRouteValidator_07" time="0"/>
  <testcase name="testAbaNumberCheck_14571_good" classname="com.cardatechnologies.utils.validators.abaroutevalidator.Test_AbaRouteValidator_07" time="0"/>
  <testcase name="testAbaNumberCheck_13631_good" classname="com.cardatechnologies.utils.validators.abaroutevalidator.Test_AbaRouteValidator_07" time="0"/>
  <testcase name="testAbaNumberCheck_14974_bad" classname="com.cardatechnologies.utils.validators.abaroutevalidator.Test_AbaRouteValidator_07" time="0"/>
  <testcase name="testAbaNumberCheck_14976_bad" classname="com.cardatechnologies.utils.validators.abaroutevalidator.Test_AbaRouteValidator_07" time="0"/>
  <testcase name="testAbaNumberCheck_14445_good" classname="com.cardatechnologies.utils.validators.abaroutevalidator.Test_AbaRouteValidator_07" time="0"/>
  <testcase name="testAbaNumberCheck_13505_good" classname="com.cardatechnologies.utils.validators.abaroutevalidator.Test_AbaRouteValidator_07" time="0"/>
  <testcase name="testAbaNumberCheck_14978_bad" classname="com.cardatechnologies.utils.validators.abaroutevalidator.Test_AbaRouteValidator_07" time="0"/>
  <testcase name="testAbaNumberCheck_14319_good" classname="com.cardatechnologies.utils.validators.abaroutevalidator.Test_AbaRouteValidator_07" time="0"/>
  <testcase name="testAbaNumberCheck_14283_good" classname="com.cardatechnologies.utils.validators.abaroutevalidator.Test_AbaRouteValidator_07" time="0"/>
  <testcase name="testAbaNumberCheck_13343_good" classname="com.cardatechnologies.utils.validators.abaroutevalidator.Test_AbaRouteValidator_07" time="0"/>
  <testcase name="testAbaNumberCheck_14941_good" classname="com.cardatechnologies.utils.validators.abaroutevalidator.Test_AbaRouteValidator_07" time="0"/>
  <testcase name="testAbaNumberCheck_14157_good" classname="com.cardatechnologies.utils.validators.abaroutevalidator.Test_AbaRouteValidator_07" time="0"/>
  <testcase name="testAbaNumberCheck_13217_good" classname="com.cardatechnologies.utils.validators.abaroutevalidator.Test_AbaRouteValidator_07" time="0"/>
  <testcase name="testAbaNumberCheck_14815_good" classname="com.cardatechnologies.utils.validators.abaroutevalidator.Test_AbaRouteValidator_07" time="0"/>
  <testcase name="testAbaNumberCheck_13181_good" classname="com.cardatechnologies.utils.validators.abaroutevalidator.Test_AbaRouteValidator_07" time="0.001"/>
  <testcase name="testAbaNumberCheck_13055_good" classname="com.cardatechnologies.utils.validators.abaroutevalidator.Test_AbaRouteValidator_07" time="0"/>
  <testcase name="testAbaNumberCheck_14653_good" classname="com.cardatechnologies.utils.validators.abaroutevalidator.Test_AbaRouteValidator_07" time="0"/>
  <testcase name="testAbaNumberCheck_13713_good" classname="com.cardatechnologies.utils.validators.abaroutevalidator.Test_AbaRouteValidator_07" time="0"/>
  <testcase name="testAbaNumberCheck_14980_bad" classname="com.cardatechnologies.utils.validators.abaroutevalidator.Test_AbaRouteValidator_07" time="0"/>
  <testcase name="testAbaNumberCheck_14982_bad" classname="com.cardatechnologies.utils.validators.abaroutevalidator.Test_AbaRouteValidator_07" time="0"/>
  <testcase name="testAbaNumberCheck_14527_good" classname="com.cardatechnologies.utils.validators.abaroutevalidator.Test_AbaRouteValidator_07" time="0"/>
  <testcase name="testAbaNumberCheck_14984_bad" classname="com.cardatechnologies.utils.validators.abaroutevalidator.Test_AbaRouteValidator_07" time="0"/>
  <testcase name="testAbaNumberCheck_14986_bad" classname="com.cardatechnologies.utils.validators.abaroutevalidator.Test_AbaRouteValidator_07" time="0"/>
  <testcase name="testAbaNumberCheck_14491_good" classname="com.cardatechnologies.utils.validators.abaroutevalidator.Test_AbaRouteValidator_07" time="0"/>
  <testcase name="testAbaNumberCheck_13551_good" classname="com.cardatechnologies.utils.validators.abaroutevalidator.Test_AbaRouteValidator_07" time="0"/>
  <testcase name="testAbaNumberCheck_12611_good" classname="com.cardatechnologies.utils.validators.abaroutevalidator.Test_AbaRouteValidator_07" time="0"/>
  <testcase name="testAbaNumberCheck_14988_bad" classname="com.cardatechnologies.utils.validators.abaroutevalidator.Test_AbaRouteValidator_07" time="0"/>
  <testcase name="testAbaNumberCheck_14365_good" classname="com.cardatechnologies.utils.validators.abaroutevalidator.Test_AbaRouteValidator_07" time="0"/>
  <testcase name="testAbaNumberCheck_13425_good" classname="com.cardatechnologies.utils.validators.abaroutevalidator.Test_AbaRouteValidator_07" time="0"/>
  <testcase name="testAbaNumberCheck_14239_good" classname="com.cardatechnologies.utils.validators.abaroutevalidator.Test_AbaRouteValidator_07" time="0"/>
  <testcase name="testAbaNumberCheck_13263_good" classname="com.cardatechnologies.utils.validators.abaroutevalidator.Test_AbaRouteValidator_07" time="0"/>
  <testcase name="testAbaNumberCheck_14861_good" classname="com.cardatechnologies.utils.validators.abaroutevalidator.Test_AbaRouteValidator_07" time="0"/>
  <testcase name="testAbaNumberCheck_13921_good" classname="com.cardatechnologies.utils.validators.abaroutevalidator.Test_AbaRouteValidator_07" time="0"/>
  <testcase name="testAbaNumberCheck_14077_good" classname="com.cardatechnologies.utils.validators.abaroutevalidator.Test_AbaRouteValidator_07" time="0"/>
  <testcase name="testAbaNumberCheck_13137_good" classname="com.cardatechnologies.utils.validators.abaroutevalidator.Test_AbaRouteValidator_07" time="0"/>
  <testcase name="testAbaNumberCheck_14735_good" classname="com.cardatechnologies.utils.validators.abaroutevalidator.Test_AbaRouteValidator_07" time="0"/>
</testsuite>