<?xml version="1.0" encoding="UTF-8"?>
<testsuite name="com.cardatechnologies.utils.validators.abaroutevalidator.Test_AbaRouteValidator_06" time="0.068" tests="2450" errors="0" skipped="0" failures="0">
  <properties>
    <property name="java.runtime.name" value="Java(TM) SE Runtime Environment"/>
    <property name="sun.boot.library.path" value="D:\tools\java\jdk\jdk1.8.0_20\jre\bin"/>
    <property name="java.vm.version" value="25.20-b23"/>
    <property name="java.vm.vendor" value="Oracle Corporation"/>
    <property name="java.vendor.url" value="http://java.oracle.com/"/>
    <property name="path.separator" value=";"/>
    <property name="guice.disable.misplaced.annotation.check" value="true"/>
    <property name="java.vm.name" value="Java HotSpot(TM) 64-Bit Server VM"/>
    <property name="file.encoding.pkg" value="sun.io"/>
    <property name="user.script" value=""/>
    <property name="user.country" value="US"/>
    <property name="sun.java.launcher" value="SUN_STANDARD"/>
    <property name="sun.os.patch.level" value=""/>
    <property name="java.vm.specification.name" value="Java Virtual Machine Specification"/>
    <property name="user.dir" value="D:\projects\CardaTech\aba.route.validator"/>
    <property name="java.runtime.version" value="1.8.0_20-b26"/>
    <property name="java.awt.graphicsenv" value="sun.awt.Win32GraphicsEnvironment"/>
    <property name="java.endorsed.dirs" value="D:\tools\java\jdk\jdk1.8.0_20\jre\lib\endorsed"/>
    <property name="os.arch" value="amd64"/>
    <property name="java.io.tmpdir" value="C:\Users\Joker\AppData\Local\Temp\"/>
    <property name="line.separator" value="&#10;"/>
    <property name="java.vm.specification.vendor" value="Oracle Corporation"/>
    <property name="user.variant" value=""/>
    <property name="os.name" value="Windows 8.1"/>
    <property name="classworlds.conf" value="D:\tools\java\apache\apache-maven-3.2.3\bin\..\bin\m2.conf"/>
    <property name="maven.test.skip" value="false"/>
    <property name="sun.jnu.encoding" value="Cp1252"/>
    <property name="java.library.path" value="D:\tools\java\jdk\jdk1.8.0_20\bin;C:\Windows\Sun\Java\bin;C:\Windows\system32;C:\Windows;C:\Program Files (x86)\NVIDIA Corporation\PhysX\Common;C:\ProgramData\Oracle\Java\javapath;C:\Windows\system32;C:\Windows;C:\Windows\System32\Wbem;C:\Windows\System32\WindowsPowerShell\v1.0\;C:\Program Files (x86)\ATI Technologies\ATI.ACE\Core-Static;D:\Applications\CondusivTechnologies\Diskeeper\;C:\Program Files (x86)\Common Files\Acronis\SnapAPI\;C:\Program Files\Common Files\Autodesk Shared\;C:\Program Files (x86)\Autodesk\Backburner\;D:\Applications\DAZ3D\LuxRender;C:\Program Files (x86)\QuickTime\QTSystem\;D:\tools\nodejs\;C:\Program Files (x86)\AMD\ATI.ACE\Core-Static;C:\Program Files (x86)\NVIDIA Corporation\PhysX\Common;C:\ProgramData\Oracle\Java\javapath;C:\Windows\system32;C:\Windows;C:\Windows\System32\Wbem;C:\Windows\System32\WindowsPowerShell\v1.0\;C:\Program Files (x86)\ATI Technologies\ATI.ACE\Core-Static;D:\Applications\CondusivTechnologies\Diskeeper\;C:\Program Files (x86)\Common Files\Acronis\SnapAPI\;C:\Program Files\Common Files\Autodesk Shared\;C:\Program Files (x86)\Autodesk\Backburner\;D:\Applications\DAZ3D\LuxRender;C:\Program Files (x86)\QuickTime\QTSystem\;D:\tools\nodejs\;C:\Program Files (x86)\AMD\ATI.ACE\Core-Static;D:\projects\MongoDB\MongoDB_2.6.6\bin;D:\tools\java\apache\apache-maven-3.2.3\bin;D:\tools\java\jdk\jdk1.8.0_20\bin;C:\Users\Joker\AppData\Roaming\npm;D:\tools\nodejs;D:\Applications\SublimeText2\;C:\Program Files (x86)\Common Files\Acronis\TibMounter64;."/>
    <property name="java.specification.name" value="Java Platform API Specification"/>
    <property name="java.class.version" value="52.0"/>
    <property name="sun.management.compiler" value="HotSpot 64-Bit Tiered Compilers"/>
    <property name="os.version" value="6.3"/>
    <property name="user.home" value="C:\Users\Joker"/>
    <property name="user.timezone" value="America/Denver"/>
    <property name="java.awt.printerjob" value="sun.awt.windows.WPrinterJob"/>
    <property name="java.specification.version" value="1.8"/>
    <property name="file.encoding" value="Cp1252"/>
    <property name="user.name" value="Joker"/>
    <property name="java.class.path" value="D:\tools\java\apache\apache-maven-3.2.3\bin\..\boot\plexus-classworlds-2.5.1.jar"/>
    <property name="org.slf4j.simpleLogger.defaultLogLevel" value="debug"/>
    <property name="java.vm.specification.version" value="1.8"/>
    <property name="sun.arch.data.model" value="64"/>
    <property name="java.home" value="D:\tools\java\jdk\jdk1.8.0_20\jre"/>
    <property name="sun.java.command" value="org.codehaus.plexus.classworlds.launcher.Launcher -Dmaven.test.skip=false package test site -X"/>
    <property name="java.specification.vendor" value="Oracle Corporation"/>
    <property name="user.language" value="en"/>
    <property name="awt.toolkit" value="sun.awt.windows.WToolkit"/>
    <property name="java.vm.info" value="mixed mode"/>
    <property name="java.version" value="1.8.0_20"/>
    <property name="java.ext.dirs" value="D:\tools\java\jdk\jdk1.8.0_20\jre\lib\ext;C:\Windows\Sun\Java\lib\ext"/>
    <property name="sun.boot.class.path" value="D:\tools\java\jdk\jdk1.8.0_20\jre\lib\resources.jar;D:\tools\java\jdk\jdk1.8.0_20\jre\lib\rt.jar;D:\tools\java\jdk\jdk1.8.0_20\jre\lib\sunrsasign.jar;D:\tools\java\jdk\jdk1.8.0_20\jre\lib\jsse.jar;D:\tools\java\jdk\jdk1.8.0_20\jre\lib\jce.jar;D:\tools\java\jdk\jdk1.8.0_20\jre\lib\charsets.jar;D:\tools\java\jdk\jdk1.8.0_20\jre\lib\jfr.jar;D:\tools\java\jdk\jdk1.8.0_20\jre\classes"/>
    <property name="sun.stderr.encoding" value="cp437"/>
    <property name="java.vendor" value="Oracle Corporation"/>
    <property name="maven.home" value="D:\tools\java\apache\apache-maven-3.2.3\bin\.."/>
    <property name="file.separator" value="\"/>
    <property name="java.vendor.url.bug" value="http://bugreport.sun.com/bugreport/"/>
    <property name="sun.cpu.endian" value="little"/>
    <property name="sun.io.unicode.encoding" value="UnicodeLittle"/>
    <property name="sun.stdout.encoding" value="cp437"/>
    <property name="sun.desktop" value="windows"/>
    <property name="sun.cpu.isalist" value="amd64"/>
  </properties>
  <testcase name="testAbaNumberCheck_12035_good" classname="com.cardatechnologies.utils.validators.abaroutevalidator.Test_AbaRouteValidator_06" time="0"/>
  <testcase name="testAbaNumberCheck_12405_good" classname="com.cardatechnologies.utils.validators.abaroutevalidator.Test_AbaRouteValidator_06" time="0"/>
  <testcase name="testAbaNumberCheck_12243_good" classname="com.cardatechnologies.utils.validators.abaroutevalidator.Test_AbaRouteValidator_06" time="0"/>
  <testcase name="testAbaNumberCheck_11303_good" classname="com.cardatechnologies.utils.validators.abaroutevalidator.Test_AbaRouteValidator_06" time="0"/>
  <testcase name="testAbaNumberCheck_12117_good" classname="com.cardatechnologies.utils.validators.abaroutevalidator.Test_AbaRouteValidator_06" time="0"/>
  <testcase name="testAbaNumberCheck_12081_good" classname="com.cardatechnologies.utils.validators.abaroutevalidator.Test_AbaRouteValidator_06" time="0"/>
  <testcase name="testAbaNumberCheck_11141_good" classname="com.cardatechnologies.utils.validators.abaroutevalidator.Test_AbaRouteValidator_06" time="0"/>
  <testcase name="testAbaNumberCheck_10201_good" classname="com.cardatechnologies.utils.validators.abaroutevalidator.Test_AbaRouteValidator_06" time="0"/>
  <testcase name="testAbaNumberCheck_11015_good" classname="com.cardatechnologies.utils.validators.abaroutevalidator.Test_AbaRouteValidator_06" time="0"/>
  <testcase name="testAbaNumberCheck_11511_good" classname="com.cardatechnologies.utils.validators.abaroutevalidator.Test_AbaRouteValidator_06" time="0"/>
  <testcase name="testAbaNumberCheck_12325_good" classname="com.cardatechnologies.utils.validators.abaroutevalidator.Test_AbaRouteValidator_06" time="0"/>
  <testcase name="testAbaNumberCheck_12163_good" classname="com.cardatechnologies.utils.validators.abaroutevalidator.Test_AbaRouteValidator_06" time="0"/>
  <testcase name="testAbaNumberCheck_11223_good" classname="com.cardatechnologies.utils.validators.abaroutevalidator.Test_AbaRouteValidator_06" time="0"/>
  <testcase name="testAbaNumberCheck_12037_good" classname="com.cardatechnologies.utils.validators.abaroutevalidator.Test_AbaRouteValidator_06" time="0"/>
  <testcase name="testAbaNumberCheck_11061_good" classname="com.cardatechnologies.utils.validators.abaroutevalidator.Test_AbaRouteValidator_06" time="0"/>
  <testcase name="testAbaNumberCheck_10121_good" classname="com.cardatechnologies.utils.validators.abaroutevalidator.Test_AbaRouteValidator_06" time="0"/>
  <testcase name="testAbaNumberCheck_12407_good" classname="com.cardatechnologies.utils.validators.abaroutevalidator.Test_AbaRouteValidator_06" time="0"/>
  <testcase name="testAbaNumberCheck_12371_good" classname="com.cardatechnologies.utils.validators.abaroutevalidator.Test_AbaRouteValidator_06" time="0"/>
  <testcase name="testAbaNumberCheck_11431_good" classname="com.cardatechnologies.utils.validators.abaroutevalidator.Test_AbaRouteValidator_06" time="0"/>
  <testcase name="testAbaNumberCheck_12245_good" classname="com.cardatechnologies.utils.validators.abaroutevalidator.Test_AbaRouteValidator_06" time="0"/>
  <testcase name="testAbaNumberCheck_11305_good" classname="com.cardatechnologies.utils.validators.abaroutevalidator.Test_AbaRouteValidator_06" time="0"/>
  <testcase name="testAbaNumberCheck_12119_good" classname="com.cardatechnologies.utils.validators.abaroutevalidator.Test_AbaRouteValidator_06" time="0"/>
  <testcase name="testAbaNumberCheck_12083_good" classname="com.cardatechnologies.utils.validators.abaroutevalidator.Test_AbaRouteValidator_06" time="0"/>
  <testcase name="testAbaNumberCheck_11143_good" classname="com.cardatechnologies.utils.validators.abaroutevalidator.Test_AbaRouteValidator_06" time="0"/>
  <testcase name="testAbaNumberCheck_10203_good" classname="com.cardatechnologies.utils.validators.abaroutevalidator.Test_AbaRouteValidator_06" time="0"/>
  <testcase name="testAbaNumberCheck_11801_good" classname="com.cardatechnologies.utils.validators.abaroutevalidator.Test_AbaRouteValidator_06" time="0"/>
  <testcase name="testAbaNumberCheck_11017_good" classname="com.cardatechnologies.utils.validators.abaroutevalidator.Test_AbaRouteValidator_06" time="0"/>
  <testcase name="testAbaNumberCheck_10041_good" classname="com.cardatechnologies.utils.validators.abaroutevalidator.Test_AbaRouteValidator_06" time="0"/>
  <testcase name="testAbaNumberCheck_11513_good" classname="com.cardatechnologies.utils.validators.abaroutevalidator.Test_AbaRouteValidator_06" time="0"/>
  <testcase name="testAbaNumberCheck_12327_good" classname="com.cardatechnologies.utils.validators.abaroutevalidator.Test_AbaRouteValidator_06" time="0"/>
  <testcase name="testAbaNumberCheck_12291_good" classname="com.cardatechnologies.utils.validators.abaroutevalidator.Test_AbaRouteValidator_06" time="0"/>
  <testcase name="testAbaNumberCheck_11351_good" classname="com.cardatechnologies.utils.validators.abaroutevalidator.Test_AbaRouteValidator_06" time="0"/>
  <testcase name="testAbaNumberCheck_10411_good" classname="com.cardatechnologies.utils.validators.abaroutevalidator.Test_AbaRouteValidator_06" time="0"/>
  <testcase name="testAbaNumberCheck_12165_good" classname="com.cardatechnologies.utils.validators.abaroutevalidator.Test_AbaRouteValidator_06" time="0"/>
  <testcase name="testAbaNumberCheck_11225_good" classname="com.cardatechnologies.utils.validators.abaroutevalidator.Test_AbaRouteValidator_06" time="0"/>
  <testcase name="testAbaNumberCheck_12039_good" classname="com.cardatechnologies.utils.validators.abaroutevalidator.Test_AbaRouteValidator_06" time="0"/>
  <testcase name="testAbaNumberCheck_11063_good" classname="com.cardatechnologies.utils.validators.abaroutevalidator.Test_AbaRouteValidator_06" time="0"/>
  <testcase name="testAbaNumberCheck_10123_good" classname="com.cardatechnologies.utils.validators.abaroutevalidator.Test_AbaRouteValidator_06" time="0"/>
  <testcase name="testAbaNumberCheck_11721_good" classname="com.cardatechnologies.utils.validators.abaroutevalidator.Test_AbaRouteValidator_06" time="0"/>
  <testcase name="testAbaNumberCheck_12409_good" classname="com.cardatechnologies.utils.validators.abaroutevalidator.Test_AbaRouteValidator_06" time="0"/>
  <testcase name="testAbaNumberCheck_12373_good" classname="com.cardatechnologies.utils.validators.abaroutevalidator.Test_AbaRouteValidator_06" time="0"/>
  <testcase name="testAbaNumberCheck_11433_good" classname="com.cardatechnologies.utils.validators.abaroutevalidator.Test_AbaRouteValidator_06" time="0"/>
  <testcase name="testAbaNumberCheck_12247_good" classname="com.cardatechnologies.utils.validators.abaroutevalidator.Test_AbaRouteValidator_06" time="0"/>
  <testcase name="testAbaNumberCheck_11307_good" classname="com.cardatechnologies.utils.validators.abaroutevalidator.Test_AbaRouteValidator_06" time="0"/>
  <testcase name="testAbaNumberCheck_11271_good" classname="com.cardatechnologies.utils.validators.abaroutevalidator.Test_AbaRouteValidator_06" time="0"/>
  <testcase name="testAbaNumberCheck_10331_good" classname="com.cardatechnologies.utils.validators.abaroutevalidator.Test_AbaRouteValidator_06" time="0"/>
  <testcase name="testAbaNumberCheck_12085_good" classname="com.cardatechnologies.utils.validators.abaroutevalidator.Test_AbaRouteValidator_06" time="0"/>
  <testcase name="testAbaNumberCheck_11145_good" classname="com.cardatechnologies.utils.validators.abaroutevalidator.Test_AbaRouteValidator_06" time="0"/>
  <testcase name="testAbaNumberCheck_10205_good" classname="com.cardatechnologies.utils.validators.abaroutevalidator.Test_AbaRouteValidator_06" time="0"/>
  <testcase name="testAbaNumberCheck_11803_good" classname="com.cardatechnologies.utils.validators.abaroutevalidator.Test_AbaRouteValidator_06" time="0"/>
  <testcase name="testAbaNumberCheck_11019_good" classname="com.cardatechnologies.utils.validators.abaroutevalidator.Test_AbaRouteValidator_06" time="0"/>
  <testcase name="testAbaNumberCheck_10043_good" classname="com.cardatechnologies.utils.validators.abaroutevalidator.Test_AbaRouteValidator_06" time="0"/>
  <testcase name="testAbaNumberCheck_11641_good" classname="com.cardatechnologies.utils.validators.abaroutevalidator.Test_AbaRouteValidator_06" time="0"/>
  <testcase name="testAbaNumberCheck_10701_good" classname="com.cardatechnologies.utils.validators.abaroutevalidator.Test_AbaRouteValidator_06" time="0"/>
  <testcase name="testAbaNumberCheck_11515_good" classname="com.cardatechnologies.utils.validators.abaroutevalidator.Test_AbaRouteValidator_06" time="0"/>
  <testcase name="testAbaNumberCheck_12329_good" classname="com.cardatechnologies.utils.validators.abaroutevalidator.Test_AbaRouteValidator_06" time="0"/>
  <testcase name="testAbaNumberCheck_12293_good" classname="com.cardatechnologies.utils.validators.abaroutevalidator.Test_AbaRouteValidator_06" time="0"/>
  <testcase name="testAbaNumberCheck_11353_good" classname="com.cardatechnologies.utils.validators.abaroutevalidator.Test_AbaRouteValidator_06" time="0"/>
  <testcase name="testAbaNumberCheck_10413_good" classname="com.cardatechnologies.utils.validators.abaroutevalidator.Test_AbaRouteValidator_06" time="0"/>
  <testcase name="testAbaNumberCheck_12167_good" classname="com.cardatechnologies.utils.validators.abaroutevalidator.Test_AbaRouteValidator_06" time="0"/>
  <testcase name="testAbaNumberCheck_11227_good" classname="com.cardatechnologies.utils.validators.abaroutevalidator.Test_AbaRouteValidator_06" time="0"/>
  <testcase name="testAbaNumberCheck_11191_good" classname="com.cardatechnologies.utils.validators.abaroutevalidator.Test_AbaRouteValidator_06" time="0"/>
  <testcase name="testAbaNumberCheck_10251_good" classname="com.cardatechnologies.utils.validators.abaroutevalidator.Test_AbaRouteValidator_06" time="0"/>
  <testcase name="testAbaNumberCheck_11065_good" classname="com.cardatechnologies.utils.validators.abaroutevalidator.Test_AbaRouteValidator_06" time="0"/>
  <testcase name="testAbaNumberCheck_10125_good" classname="com.cardatechnologies.utils.validators.abaroutevalidator.Test_AbaRouteValidator_06" time="0"/>
  <testcase name="testAbaNumberCheck_11723_good" classname="com.cardatechnologies.utils.validators.abaroutevalidator.Test_AbaRouteValidator_06" time="0"/>
  <testcase name="testAbaNumberCheck_11561_good" classname="com.cardatechnologies.utils.validators.abaroutevalidator.Test_AbaRouteValidator_06" time="0"/>
  <testcase name="testAbaNumberCheck_10621_good" classname="com.cardatechnologies.utils.validators.abaroutevalidator.Test_AbaRouteValidator_06" time="0"/>
  <testcase name="testAbaNumberCheck_12375_good" classname="com.cardatechnologies.utils.validators.abaroutevalidator.Test_AbaRouteValidator_06" time="0"/>
  <testcase name="testAbaNumberCheck_11435_good" classname="com.cardatechnologies.utils.validators.abaroutevalidator.Test_AbaRouteValidator_06" time="0"/>
  <testcase name="testAbaNumberCheck_12249_good" classname="com.cardatechnologies.utils.validators.abaroutevalidator.Test_AbaRouteValidator_06" time="0"/>
  <testcase name="testAbaNumberCheck_11309_good" classname="com.cardatechnologies.utils.validators.abaroutevalidator.Test_AbaRouteValidator_06" time="0"/>
  <testcase name="testAbaNumberCheck_11273_good" classname="com.cardatechnologies.utils.validators.abaroutevalidator.Test_AbaRouteValidator_06" time="0"/>
  <testcase name="testAbaNumberCheck_10333_good" classname="com.cardatechnologies.utils.validators.abaroutevalidator.Test_AbaRouteValidator_06" time="0"/>
  <testcase name="testAbaNumberCheck_11931_good" classname="com.cardatechnologies.utils.validators.abaroutevalidator.Test_AbaRouteValidator_06" time="0"/>
  <testcase name="testAbaNumberCheck_12087_good" classname="com.cardatechnologies.utils.validators.abaroutevalidator.Test_AbaRouteValidator_06" time="0"/>
  <testcase name="testAbaNumberCheck_11147_good" classname="com.cardatechnologies.utils.validators.abaroutevalidator.Test_AbaRouteValidator_06" time="0"/>
  <testcase name="testAbaNumberCheck_10207_good" classname="com.cardatechnologies.utils.validators.abaroutevalidator.Test_AbaRouteValidator_06" time="0"/>
  <testcase name="testAbaNumberCheck_11805_good" classname="com.cardatechnologies.utils.validators.abaroutevalidator.Test_AbaRouteValidator_06" time="0"/>
  <testcase name="testAbaNumberCheck_10171_good" classname="com.cardatechnologies.utils.validators.abaroutevalidator.Test_AbaRouteValidator_06" time="0"/>
  <testcase name="testAbaNumberCheck_10045_good" classname="com.cardatechnologies.utils.validators.abaroutevalidator.Test_AbaRouteValidator_06" time="0"/>
  <testcase name="testAbaNumberCheck_11643_good" classname="com.cardatechnologies.utils.validators.abaroutevalidator.Test_AbaRouteValidator_06" time="0"/>
  <testcase name="testAbaNumberCheck_10703_good" classname="com.cardatechnologies.utils.validators.abaroutevalidator.Test_AbaRouteValidator_06" time="0"/>
  <testcase name="testAbaNumberCheck_11517_good" classname="com.cardatechnologies.utils.validators.abaroutevalidator.Test_AbaRouteValidator_06" time="0"/>
  <testcase name="testAbaNumberCheck_11481_good" classname="com.cardatechnologies.utils.validators.abaroutevalidator.Test_AbaRouteValidator_06" time="0"/>
  <testcase name="testAbaNumberCheck_10541_good" classname="com.cardatechnologies.utils.validators.abaroutevalidator.Test_AbaRouteValidator_06" time="0"/>
  <testcase name="testAbaNumberCheck_12295_good" classname="com.cardatechnologies.utils.validators.abaroutevalidator.Test_AbaRouteValidator_06" time="0"/>
  <testcase name="testAbaNumberCheck_11355_good" classname="com.cardatechnologies.utils.validators.abaroutevalidator.Test_AbaRouteValidator_06" time="0"/>
  <testcase name="testAbaNumberCheck_10415_good" classname="com.cardatechnologies.utils.validators.abaroutevalidator.Test_AbaRouteValidator_06" time="0"/>
  <testcase name="testAbaNumberCheck_12169_good" classname="com.cardatechnologies.utils.validators.abaroutevalidator.Test_AbaRouteValidator_06" time="0"/>
  <testcase name="testAbaNumberCheck_11229_good" classname="com.cardatechnologies.utils.validators.abaroutevalidator.Test_AbaRouteValidator_06" time="0"/>
  <testcase name="testAbaNumberCheck_11193_good" classname="com.cardatechnologies.utils.validators.abaroutevalidator.Test_AbaRouteValidator_06" time="0"/>
  <testcase name="testAbaNumberCheck_10253_good" classname="com.cardatechnologies.utils.validators.abaroutevalidator.Test_AbaRouteValidator_06" time="0"/>
  <testcase name="testAbaNumberCheck_11851_good" classname="com.cardatechnologies.utils.validators.abaroutevalidator.Test_AbaRouteValidator_06" time="0"/>
  <testcase name="testAbaNumberCheck_10911_good" classname="com.cardatechnologies.utils.validators.abaroutevalidator.Test_AbaRouteValidator_06" time="0"/>
  <testcase name="testAbaNumberCheck_11067_good" classname="com.cardatechnologies.utils.validators.abaroutevalidator.Test_AbaRouteValidator_06" time="0"/>
  <testcase name="testAbaNumberCheck_10127_good" classname="com.cardatechnologies.utils.validators.abaroutevalidator.Test_AbaRouteValidator_06" time="0"/>
  <testcase name="testAbaNumberCheck_11725_good" classname="com.cardatechnologies.utils.validators.abaroutevalidator.Test_AbaRouteValidator_06" time="0"/>
  <testcase name="testAbaNumberCheck_10091_good" classname="com.cardatechnologies.utils.validators.abaroutevalidator.Test_AbaRouteValidator_06" time="0"/>
  <testcase name="testAbaNumberCheck_11563_good" classname="com.cardatechnologies.utils.validators.abaroutevalidator.Test_AbaRouteValidator_06" time="0"/>
  <testcase name="testAbaNumberCheck_10623_good" classname="com.cardatechnologies.utils.validators.abaroutevalidator.Test_AbaRouteValidator_06" time="0"/>
  <testcase name="testAbaNumberCheck_12377_good" classname="com.cardatechnologies.utils.validators.abaroutevalidator.Test_AbaRouteValidator_06" time="0"/>
  <testcase name="testAbaNumberCheck_11437_good" classname="com.cardatechnologies.utils.validators.abaroutevalidator.Test_AbaRouteValidator_06" time="0"/>
  <testcase name="testAbaNumberCheck_10461_good" classname="com.cardatechnologies.utils.validators.abaroutevalidator.Test_AbaRouteValidator_06" time="0"/>
  <testcase name="testAbaNumberCheck_11275_good" classname="com.cardatechnologies.utils.validators.abaroutevalidator.Test_AbaRouteValidator_06" time="0"/>
  <testcase name="testAbaNumberCheck_10335_good" classname="com.cardatechnologies.utils.validators.abaroutevalidator.Test_AbaRouteValidator_06" time="0"/>
  <testcase name="testAbaNumberCheck_11933_good" classname="com.cardatechnologies.utils.validators.abaroutevalidator.Test_AbaRouteValidator_06" time="0"/>
  <testcase name="testAbaNumberCheck_12089_good" classname="com.cardatechnologies.utils.validators.abaroutevalidator.Test_AbaRouteValidator_06" time="0"/>
  <testcase name="testAbaNumberCheck_11149_good" classname="com.cardatechnologies.utils.validators.abaroutevalidator.Test_AbaRouteValidator_06" time="0"/>
  <testcase name="testAbaNumberCheck_10209_good" classname="com.cardatechnologies.utils.validators.abaroutevalidator.Test_AbaRouteValidator_06" time="0"/>
  <testcase name="testAbaNumberCheck_11807_good" classname="com.cardatechnologies.utils.validators.abaroutevalidator.Test_AbaRouteValidator_06" time="0"/>
  <testcase name="testAbaNumberCheck_10173_good" classname="com.cardatechnologies.utils.validators.abaroutevalidator.Test_AbaRouteValidator_06" time="0"/>
  <testcase name="testAbaNumberCheck_11771_good" classname="com.cardatechnologies.utils.validators.abaroutevalidator.Test_AbaRouteValidator_06" time="0"/>
  <testcase name="testAbaNumberCheck_10831_good" classname="com.cardatechnologies.utils.validators.abaroutevalidator.Test_AbaRouteValidator_06" time="0"/>
  <testcase name="testAbaNumberCheck_10047_good" classname="com.cardatechnologies.utils.validators.abaroutevalidator.Test_AbaRouteValidator_06" time="0"/>
  <testcase name="testAbaNumberCheck_11645_good" classname="com.cardatechnologies.utils.validators.abaroutevalidator.Test_AbaRouteValidator_06" time="0"/>
  <testcase name="testAbaNumberCheck_10705_good" classname="com.cardatechnologies.utils.validators.abaroutevalidator.Test_AbaRouteValidator_06" time="0"/>
  <testcase name="testAbaNumberCheck_11519_good" classname="com.cardatechnologies.utils.validators.abaroutevalidator.Test_AbaRouteValidator_06" time="0"/>
  <testcase name="testAbaNumberCheck_11483_good" classname="com.cardatechnologies.utils.validators.abaroutevalidator.Test_AbaRouteValidator_06" time="0"/>
  <testcase name="testAbaNumberCheck_10543_good" classname="com.cardatechnologies.utils.validators.abaroutevalidator.Test_AbaRouteValidator_06" time="0"/>
  <testcase name="testAbaNumberCheck_12297_good" classname="com.cardatechnologies.utils.validators.abaroutevalidator.Test_AbaRouteValidator_06" time="0"/>
  <testcase name="testAbaNumberCheck_11357_good" classname="com.cardatechnologies.utils.validators.abaroutevalidator.Test_AbaRouteValidator_06" time="0"/>
  <testcase name="testAbaNumberCheck_10417_good" classname="com.cardatechnologies.utils.validators.abaroutevalidator.Test_AbaRouteValidator_06" time="0"/>
  <testcase name="testAbaNumberCheck_10381_good" classname="com.cardatechnologies.utils.validators.abaroutevalidator.Test_AbaRouteValidator_06" time="0"/>
  <testcase name="testAbaNumberCheck_11195_good" classname="com.cardatechnologies.utils.validators.abaroutevalidator.Test_AbaRouteValidator_06" time="0"/>
  <testcase name="testAbaNumberCheck_10255_good" classname="com.cardatechnologies.utils.validators.abaroutevalidator.Test_AbaRouteValidator_06" time="0"/>
  <testcase name="testAbaNumberCheck_11853_good" classname="com.cardatechnologies.utils.validators.abaroutevalidator.Test_AbaRouteValidator_06" time="0"/>
  <testcase name="testAbaNumberCheck_10913_good" classname="com.cardatechnologies.utils.validators.abaroutevalidator.Test_AbaRouteValidator_06" time="0"/>
  <testcase name="testAbaNumberCheck_11069_good" classname="com.cardatechnologies.utils.validators.abaroutevalidator.Test_AbaRouteValidator_06" time="0"/>
  <testcase name="testAbaNumberCheck_10129_good" classname="com.cardatechnologies.utils.validators.abaroutevalidator.Test_AbaRouteValidator_06" time="0"/>
  <testcase name="testAbaNumberCheck_11727_good" classname="com.cardatechnologies.utils.validators.abaroutevalidator.Test_AbaRouteValidator_06" time="0"/>
  <testcase name="testAbaNumberCheck_10093_good" classname="com.cardatechnologies.utils.validators.abaroutevalidator.Test_AbaRouteValidator_06" time="0"/>
  <testcase name="testAbaNumberCheck_11691_good" classname="com.cardatechnologies.utils.validators.abaroutevalidator.Test_AbaRouteValidator_06" time="0"/>
  <testcase name="testAbaNumberCheck_10751_good" classname="com.cardatechnologies.utils.validators.abaroutevalidator.Test_AbaRouteValidator_06" time="0"/>
  <testcase name="testAbaNumberCheck_11100_bad" classname="com.cardatechnologies.utils.validators.abaroutevalidator.Test_AbaRouteValidator_06" time="0"/>
  <testcase name="testAbaNumberCheck_11565_good" classname="com.cardatechnologies.utils.validators.abaroutevalidator.Test_AbaRouteValidator_06" time="0"/>
  <testcase name="testAbaNumberCheck_10625_good" classname="com.cardatechnologies.utils.validators.abaroutevalidator.Test_AbaRouteValidator_06" time="0"/>
  <testcase name="testAbaNumberCheck_11102_bad" classname="com.cardatechnologies.utils.validators.abaroutevalidator.Test_AbaRouteValidator_06" time="0"/>
  <testcase name="testAbaNumberCheck_11104_bad" classname="com.cardatechnologies.utils.validators.abaroutevalidator.Test_AbaRouteValidator_06" time="0"/>
  <testcase name="testAbaNumberCheck_12379_good" classname="com.cardatechnologies.utils.validators.abaroutevalidator.Test_AbaRouteValidator_06" time="0"/>
  <testcase name="testAbaNumberCheck_11439_good" classname="com.cardatechnologies.utils.validators.abaroutevalidator.Test_AbaRouteValidator_06" time="0"/>
  <testcase name="testAbaNumberCheck_11106_bad" classname="com.cardatechnologies.utils.validators.abaroutevalidator.Test_AbaRouteValidator_06" time="0"/>
  <testcase name="testAbaNumberCheck_11108_bad" classname="com.cardatechnologies.utils.validators.abaroutevalidator.Test_AbaRouteValidator_06" time="0"/>
  <testcase name="testAbaNumberCheck_10463_good" classname="com.cardatechnologies.utils.validators.abaroutevalidator.Test_AbaRouteValidator_06" time="0"/>
  <testcase name="testAbaNumberCheck_11277_good" classname="com.cardatechnologies.utils.validators.abaroutevalidator.Test_AbaRouteValidator_06" time="0"/>
  <testcase name="testAbaNumberCheck_10337_good" classname="com.cardatechnologies.utils.validators.abaroutevalidator.Test_AbaRouteValidator_06" time="0"/>
  <testcase name="testAbaNumberCheck_11935_good" classname="com.cardatechnologies.utils.validators.abaroutevalidator.Test_AbaRouteValidator_06" time="0"/>
  <testcase name="testAbaNumberCheck_11809_good" classname="com.cardatechnologies.utils.validators.abaroutevalidator.Test_AbaRouteValidator_06" time="0"/>
  <testcase name="testAbaNumberCheck_10175_good" classname="com.cardatechnologies.utils.validators.abaroutevalidator.Test_AbaRouteValidator_06" time="0"/>
  <testcase name="testAbaNumberCheck_11773_good" classname="com.cardatechnologies.utils.validators.abaroutevalidator.Test_AbaRouteValidator_06" time="0"/>
  <testcase name="testAbaNumberCheck_10833_good" classname="com.cardatechnologies.utils.validators.abaroutevalidator.Test_AbaRouteValidator_06" time="0"/>
  <testcase name="testAbaNumberCheck_10049_good" classname="com.cardatechnologies.utils.validators.abaroutevalidator.Test_AbaRouteValidator_06" time="0"/>
  <testcase name="testAbaNumberCheck_11647_good" classname="com.cardatechnologies.utils.validators.abaroutevalidator.Test_AbaRouteValidator_06" time="0"/>
  <testcase name="testAbaNumberCheck_10707_good" classname="com.cardatechnologies.utils.validators.abaroutevalidator.Test_AbaRouteValidator_06" time="0"/>
  <testcase name="testAbaNumberCheck_11110_bad" classname="com.cardatechnologies.utils.validators.abaroutevalidator.Test_AbaRouteValidator_06" time="0"/>
  <testcase name="testAbaNumberCheck_10671_good" classname="com.cardatechnologies.utils.validators.abaroutevalidator.Test_AbaRouteValidator_06" time="0"/>
  <testcase name="testAbaNumberCheck_11112_bad" classname="com.cardatechnologies.utils.validators.abaroutevalidator.Test_AbaRouteValidator_06" time="0"/>
  <testcase name="testAbaNumberCheck_10300_bad" classname="com.cardatechnologies.utils.validators.abaroutevalidator.Test_AbaRouteValidator_06" time="0"/>
  <testcase name="testAbaNumberCheck_11114_bad" classname="com.cardatechnologies.utils.validators.abaroutevalidator.Test_AbaRouteValidator_06" time="0"/>
  <testcase name="testAbaNumberCheck_11485_good" classname="com.cardatechnologies.utils.validators.abaroutevalidator.Test_AbaRouteValidator_06" time="0"/>
  <testcase name="testAbaNumberCheck_10545_good" classname="com.cardatechnologies.utils.validators.abaroutevalidator.Test_AbaRouteValidator_06" time="0"/>
  <testcase name="testAbaNumberCheck_10302_bad" classname="com.cardatechnologies.utils.validators.abaroutevalidator.Test_AbaRouteValidator_06" time="0"/>
  <testcase name="testAbaNumberCheck_11116_bad" classname="com.cardatechnologies.utils.validators.abaroutevalidator.Test_AbaRouteValidator_06" time="0"/>
  <testcase name="testAbaNumberCheck_10304_bad" classname="com.cardatechnologies.utils.validators.abaroutevalidator.Test_AbaRouteValidator_06" time="0"/>
  <testcase name="testAbaNumberCheck_11118_bad" classname="com.cardatechnologies.utils.validators.abaroutevalidator.Test_AbaRouteValidator_06" time="0"/>
  <testcase name="testAbaNumberCheck_12299_good" classname="com.cardatechnologies.utils.validators.abaroutevalidator.Test_AbaRouteValidator_06" time="0"/>
  <testcase name="testAbaNumberCheck_11359_good" classname="com.cardatechnologies.utils.validators.abaroutevalidator.Test_AbaRouteValidator_06" time="0"/>
  <testcase name="testAbaNumberCheck_10419_good" classname="com.cardatechnologies.utils.validators.abaroutevalidator.Test_AbaRouteValidator_06" time="0"/>
  <testcase name="testAbaNumberCheck_10306_bad" classname="com.cardatechnologies.utils.validators.abaroutevalidator.Test_AbaRouteValidator_06" time="0"/>
  <testcase name="testAbaNumberCheck_10308_bad" classname="com.cardatechnologies.utils.validators.abaroutevalidator.Test_AbaRouteValidator_06" time="0"/>
  <testcase name="testAbaNumberCheck_10383_good" classname="com.cardatechnologies.utils.validators.abaroutevalidator.Test_AbaRouteValidator_06" time="0"/>
  <testcase name="testAbaNumberCheck_11981_good" classname="com.cardatechnologies.utils.validators.abaroutevalidator.Test_AbaRouteValidator_06" time="0"/>
  <testcase name="testAbaNumberCheck_11197_good" classname="com.cardatechnologies.utils.validators.abaroutevalidator.Test_AbaRouteValidator_06" time="0"/>
  <testcase name="testAbaNumberCheck_10257_good" classname="com.cardatechnologies.utils.validators.abaroutevalidator.Test_AbaRouteValidator_06" time="0"/>
  <testcase name="testAbaNumberCheck_11855_good" classname="com.cardatechnologies.utils.validators.abaroutevalidator.Test_AbaRouteValidator_06" time="0"/>
  <testcase name="testAbaNumberCheck_10915_good" classname="com.cardatechnologies.utils.validators.abaroutevalidator.Test_AbaRouteValidator_06" time="0"/>
  <testcase name="testAbaNumberCheck_11729_good" classname="com.cardatechnologies.utils.validators.abaroutevalidator.Test_AbaRouteValidator_06" time="0"/>
  <testcase name="testAbaNumberCheck_10095_good" classname="com.cardatechnologies.utils.validators.abaroutevalidator.Test_AbaRouteValidator_06" time="0"/>
  <testcase name="testAbaNumberCheck_11693_good" classname="com.cardatechnologies.utils.validators.abaroutevalidator.Test_AbaRouteValidator_06" time="0"/>
  <testcase name="testAbaNumberCheck_10753_good" classname="com.cardatechnologies.utils.validators.abaroutevalidator.Test_AbaRouteValidator_06" time="0"/>
  <testcase name="testAbaNumberCheck_11120_bad" classname="com.cardatechnologies.utils.validators.abaroutevalidator.Test_AbaRouteValidator_06" time="0"/>
  <testcase name="testAbaNumberCheck_11567_good" classname="com.cardatechnologies.utils.validators.abaroutevalidator.Test_AbaRouteValidator_06" time="0"/>
  <testcase name="testAbaNumberCheck_10627_good" classname="com.cardatechnologies.utils.validators.abaroutevalidator.Test_AbaRouteValidator_06" time="0"/>
  <testcase name="testAbaNumberCheck_11122_bad" classname="com.cardatechnologies.utils.validators.abaroutevalidator.Test_AbaRouteValidator_06" time="0"/>
  <testcase name="testAbaNumberCheck_10310_bad" classname="com.cardatechnologies.utils.validators.abaroutevalidator.Test_AbaRouteValidator_06" time="0"/>
  <testcase name="testAbaNumberCheck_11124_bad" classname="com.cardatechnologies.utils.validators.abaroutevalidator.Test_AbaRouteValidator_06" time="0"/>
  <testcase name="testAbaNumberCheck_10591_good" classname="com.cardatechnologies.utils.validators.abaroutevalidator.Test_AbaRouteValidator_06" time="0"/>
  <testcase name="testAbaNumberCheck_10312_bad" classname="com.cardatechnologies.utils.validators.abaroutevalidator.Test_AbaRouteValidator_06" time="0"/>
  <testcase name="testAbaNumberCheck_11126_bad" classname="com.cardatechnologies.utils.validators.abaroutevalidator.Test_AbaRouteValidator_06" time="0"/>
  <testcase name="testAbaNumberCheck_10314_bad" classname="com.cardatechnologies.utils.validators.abaroutevalidator.Test_AbaRouteValidator_06" time="0"/>
  <testcase name="testAbaNumberCheck_11128_bad" classname="com.cardatechnologies.utils.validators.abaroutevalidator.Test_AbaRouteValidator_06" time="0"/>
  <testcase name="testAbaNumberCheck_10465_good" classname="com.cardatechnologies.utils.validators.abaroutevalidator.Test_AbaRouteValidator_06" time="0"/>
  <testcase name="testAbaNumberCheck_10316_bad" classname="com.cardatechnologies.utils.validators.abaroutevalidator.Test_AbaRouteValidator_06" time="0"/>
  <testcase name="testAbaNumberCheck_10318_bad" classname="com.cardatechnologies.utils.validators.abaroutevalidator.Test_AbaRouteValidator_06" time="0"/>
  <testcase name="testAbaNumberCheck_11279_good" classname="com.cardatechnologies.utils.validators.abaroutevalidator.Test_AbaRouteValidator_06" time="0"/>
  <testcase name="testAbaNumberCheck_10339_good" classname="com.cardatechnologies.utils.validators.abaroutevalidator.Test_AbaRouteValidator_06" time="0"/>
  <testcase name="testAbaNumberCheck_11937_good" classname="com.cardatechnologies.utils.validators.abaroutevalidator.Test_AbaRouteValidator_06" time="0"/>
  <testcase name="testAbaNumberCheck_10961_good" classname="com.cardatechnologies.utils.validators.abaroutevalidator.Test_AbaRouteValidator_06" time="0"/>
  <testcase name="testAbaNumberCheck_10177_good" classname="com.cardatechnologies.utils.validators.abaroutevalidator.Test_AbaRouteValidator_06" time="0"/>
  <testcase name="testAbaNumberCheck_11775_good" classname="com.cardatechnologies.utils.validators.abaroutevalidator.Test_AbaRouteValidator_06" time="0"/>
  <testcase name="testAbaNumberCheck_10835_good" classname="com.cardatechnologies.utils.validators.abaroutevalidator.Test_AbaRouteValidator_06" time="0"/>
  <testcase name="testAbaNumberCheck_11649_good" classname="com.cardatechnologies.utils.validators.abaroutevalidator.Test_AbaRouteValidator_06" time="0"/>
  <testcase name="testAbaNumberCheck_10709_good" classname="com.cardatechnologies.utils.validators.abaroutevalidator.Test_AbaRouteValidator_06" time="0"/>
  <testcase name="testAbaNumberCheck_11130_bad" classname="com.cardatechnologies.utils.validators.abaroutevalidator.Test_AbaRouteValidator_06" time="0"/>
  <testcase name="testAbaNumberCheck_10673_good" classname="com.cardatechnologies.utils.validators.abaroutevalidator.Test_AbaRouteValidator_06" time="0"/>
  <testcase name="testAbaNumberCheck_11132_bad" classname="com.cardatechnologies.utils.validators.abaroutevalidator.Test_AbaRouteValidator_06" time="0"/>
  <testcase name="testAbaNumberCheck_10320_bad" classname="com.cardatechnologies.utils.validators.abaroutevalidator.Test_AbaRouteValidator_06" time="0"/>
  <testcase name="testAbaNumberCheck_11134_bad" classname="com.cardatechnologies.utils.validators.abaroutevalidator.Test_AbaRouteValidator_06" time="0"/>
  <testcase name="testAbaNumberCheck_11487_good" classname="com.cardatechnologies.utils.validators.abaroutevalidator.Test_AbaRouteValidator_06" time="0"/>
  <testcase name="testAbaNumberCheck_10547_good" classname="com.cardatechnologies.utils.validators.abaroutevalidator.Test_AbaRouteValidator_06" time="0"/>
  <testcase name="testAbaNumberCheck_10322_bad" classname="com.cardatechnologies.utils.validators.abaroutevalidator.Test_AbaRouteValidator_06" time="0"/>
  <testcase name="testAbaNumberCheck_11136_bad" classname="com.cardatechnologies.utils.validators.abaroutevalidator.Test_AbaRouteValidator_06" time="0"/>
  <testcase name="testAbaNumberCheck_10324_bad" classname="com.cardatechnologies.utils.validators.abaroutevalidator.Test_AbaRouteValidator_06" time="0"/>
  <testcase name="testAbaNumberCheck_11138_bad" classname="com.cardatechnologies.utils.validators.abaroutevalidator.Test_AbaRouteValidator_06" time="0"/>
  <testcase name="testAbaNumberCheck_10326_bad" classname="com.cardatechnologies.utils.validators.abaroutevalidator.Test_AbaRouteValidator_06" time="0"/>
  <testcase name="testAbaNumberCheck_10328_bad" classname="com.cardatechnologies.utils.validators.abaroutevalidator.Test_AbaRouteValidator_06" time="0"/>
  <testcase name="testAbaNumberCheck_10385_good" classname="com.cardatechnologies.utils.validators.abaroutevalidator.Test_AbaRouteValidator_06" time="0"/>
  <testcase name="testAbaNumberCheck_11983_good" classname="com.cardatechnologies.utils.validators.abaroutevalidator.Test_AbaRouteValidator_06" time="0"/>
  <testcase name="testAbaNumberCheck_11199_good" classname="com.cardatechnologies.utils.validators.abaroutevalidator.Test_AbaRouteValidator_06" time="0"/>
  <testcase name="testAbaNumberCheck_10259_good" classname="com.cardatechnologies.utils.validators.abaroutevalidator.Test_AbaRouteValidator_06" time="0"/>
  <testcase name="testAbaNumberCheck_11857_good" classname="com.cardatechnologies.utils.validators.abaroutevalidator.Test_AbaRouteValidator_06" time="0"/>
  <testcase name="testAbaNumberCheck_10917_good" classname="com.cardatechnologies.utils.validators.abaroutevalidator.Test_AbaRouteValidator_06" time="0"/>
  <testcase name="testAbaNumberCheck_10881_good" classname="com.cardatechnologies.utils.validators.abaroutevalidator.Test_AbaRouteValidator_06" time="0"/>
  <testcase name="testAbaNumberCheck_10097_good" classname="com.cardatechnologies.utils.validators.abaroutevalidator.Test_AbaRouteValidator_06" time="0"/>
  <testcase name="testAbaNumberCheck_12400_bad" classname="com.cardatechnologies.utils.validators.abaroutevalidator.Test_AbaRouteValidator_06" time="0"/>
  <testcase name="testAbaNumberCheck_11695_good" classname="com.cardatechnologies.utils.validators.abaroutevalidator.Test_AbaRouteValidator_06" time="0"/>
  <testcase name="testAbaNumberCheck_10755_good" classname="com.cardatechnologies.utils.validators.abaroutevalidator.Test_AbaRouteValidator_06" time="0"/>
  <testcase name="testAbaNumberCheck_12402_bad" classname="com.cardatechnologies.utils.validators.abaroutevalidator.Test_AbaRouteValidator_06" time="0"/>
  <testcase name="testAbaNumberCheck_12404_bad" classname="com.cardatechnologies.utils.validators.abaroutevalidator.Test_AbaRouteValidator_06" time="0"/>
  <testcase name="testAbaNumberCheck_11140_bad" classname="com.cardatechnologies.utils.validators.abaroutevalidator.Test_AbaRouteValidator_06" time="0"/>
  <testcase name="testAbaNumberCheck_11569_good" classname="com.cardatechnologies.utils.validators.abaroutevalidator.Test_AbaRouteValidator_06" time="0"/>
  <testcase name="testAbaNumberCheck_10629_good" classname="com.cardatechnologies.utils.validators.abaroutevalidator.Test_AbaRouteValidator_06" time="0"/>
  <testcase name="testAbaNumberCheck_12406_bad" classname="com.cardatechnologies.utils.validators.abaroutevalidator.Test_AbaRouteValidator_06" time="0"/>
  <testcase name="testAbaNumberCheck_11142_bad" classname="com.cardatechnologies.utils.validators.abaroutevalidator.Test_AbaRouteValidator_06" time="0"/>
  <testcase name="testAbaNumberCheck_12408_bad" classname="com.cardatechnologies.utils.validators.abaroutevalidator.Test_AbaRouteValidator_06" time="0"/>
  <testcase name="testAbaNumberCheck_10330_bad" classname="com.cardatechnologies.utils.validators.abaroutevalidator.Test_AbaRouteValidator_06" time="0"/>
  <testcase name="testAbaNumberCheck_11144_bad" classname="com.cardatechnologies.utils.validators.abaroutevalidator.Test_AbaRouteValidator_06" time="0"/>
  <testcase name="testAbaNumberCheck_10593_good" classname="com.cardatechnologies.utils.validators.abaroutevalidator.Test_AbaRouteValidator_06" time="0"/>
  <testcase name="testAbaNumberCheck_10332_bad" classname="com.cardatechnologies.utils.validators.abaroutevalidator.Test_AbaRouteValidator_06" time="0"/>
  <testcase name="testAbaNumberCheck_11146_bad" classname="com.cardatechnologies.utils.validators.abaroutevalidator.Test_AbaRouteValidator_06" time="0"/>
  <testcase name="testAbaNumberCheck_10334_bad" classname="com.cardatechnologies.utils.validators.abaroutevalidator.Test_AbaRouteValidator_06" time="0"/>
  <testcase name="testAbaNumberCheck_11148_bad" classname="com.cardatechnologies.utils.validators.abaroutevalidator.Test_AbaRouteValidator_06" time="0"/>
  <testcase name="testAbaNumberCheck_10467_good" classname="com.cardatechnologies.utils.validators.abaroutevalidator.Test_AbaRouteValidator_06" time="0"/>
  <testcase name="testAbaNumberCheck_10336_bad" classname="com.cardatechnologies.utils.validators.abaroutevalidator.Test_AbaRouteValidator_06" time="0"/>
  <testcase name="testAbaNumberCheck_10338_bad" classname="com.cardatechnologies.utils.validators.abaroutevalidator.Test_AbaRouteValidator_06" time="0"/>
  <testcase name="testAbaNumberCheck_11939_good" classname="com.cardatechnologies.utils.validators.abaroutevalidator.Test_AbaRouteValidator_06" time="0"/>
  <testcase name="testAbaNumberCheck_10963_good" classname="com.cardatechnologies.utils.validators.abaroutevalidator.Test_AbaRouteValidator_06" time="0"/>
  <testcase name="testAbaNumberCheck_10179_good" classname="com.cardatechnologies.utils.validators.abaroutevalidator.Test_AbaRouteValidator_06" time="0"/>
  <testcase name="testAbaNumberCheck_11777_good" classname="com.cardatechnologies.utils.validators.abaroutevalidator.Test_AbaRouteValidator_06" time="0"/>
  <testcase name="testAbaNumberCheck_10837_good" classname="com.cardatechnologies.utils.validators.abaroutevalidator.Test_AbaRouteValidator_06" time="0"/>
  <testcase name="testAbaNumberCheck_12410_bad" classname="com.cardatechnologies.utils.validators.abaroutevalidator.Test_AbaRouteValidator_06" time="0"/>
  <testcase name="testAbaNumberCheck_12412_bad" classname="com.cardatechnologies.utils.validators.abaroutevalidator.Test_AbaRouteValidator_06" time="0"/>
  <testcase name="testAbaNumberCheck_11600_bad" classname="com.cardatechnologies.utils.validators.abaroutevalidator.Test_AbaRouteValidator_06" time="0"/>
  <testcase name="testAbaNumberCheck_12414_bad" classname="com.cardatechnologies.utils.validators.abaroutevalidator.Test_AbaRouteValidator_06" time="0"/>
  <testcase name="testAbaNumberCheck_11150_bad" classname="com.cardatechnologies.utils.validators.abaroutevalidator.Test_AbaRouteValidator_06" time="0"/>
  <testcase name="testAbaNumberCheck_10675_good" classname="com.cardatechnologies.utils.validators.abaroutevalidator.Test_AbaRouteValidator_06" time="0"/>
  <testcase name="testAbaNumberCheck_11602_bad" classname="com.cardatechnologies.utils.validators.abaroutevalidator.Test_AbaRouteValidator_06" time="0"/>
  <testcase name="testAbaNumberCheck_12416_bad" classname="com.cardatechnologies.utils.validators.abaroutevalidator.Test_AbaRouteValidator_06" time="0"/>
  <testcase name="testAbaNumberCheck_11152_bad" classname="com.cardatechnologies.utils.validators.abaroutevalidator.Test_AbaRouteValidator_06" time="0"/>
  <testcase name="testAbaNumberCheck_11604_bad" classname="com.cardatechnologies.utils.validators.abaroutevalidator.Test_AbaRouteValidator_06" time="0"/>
  <testcase name="testAbaNumberCheck_12418_bad" classname="com.cardatechnologies.utils.validators.abaroutevalidator.Test_AbaRouteValidator_06" time="0"/>
  <testcase name="testAbaNumberCheck_10340_bad" classname="com.cardatechnologies.utils.validators.abaroutevalidator.Test_AbaRouteValidator_06" time="0"/>
  <testcase name="testAbaNumberCheck_11154_bad" classname="com.cardatechnologies.utils.validators.abaroutevalidator.Test_AbaRouteValidator_06" time="0"/>
  <testcase name="testAbaNumberCheck_11489_good" classname="com.cardatechnologies.utils.validators.abaroutevalidator.Test_AbaRouteValidator_06" time="0"/>
  <testcase name="testAbaNumberCheck_10549_good" classname="com.cardatechnologies.utils.validators.abaroutevalidator.Test_AbaRouteValidator_06" time="0"/>
  <testcase name="testAbaNumberCheck_11606_bad" classname="com.cardatechnologies.utils.validators.abaroutevalidator.Test_AbaRouteValidator_06" time="0"/>
  <testcase name="testAbaNumberCheck_10342_bad" classname="com.cardatechnologies.utils.validators.abaroutevalidator.Test_AbaRouteValidator_06" time="0"/>
  <testcase name="testAbaNumberCheck_11156_bad" classname="com.cardatechnologies.utils.validators.abaroutevalidator.Test_AbaRouteValidator_06" time="0"/>
  <testcase name="testAbaNumberCheck_11608_bad" classname="com.cardatechnologies.utils.validators.abaroutevalidator.Test_AbaRouteValidator_06" time="0"/>
  <testcase name="testAbaNumberCheck_10344_bad" classname="com.cardatechnologies.utils.validators.abaroutevalidator.Test_AbaRouteValidator_06" time="0"/>
  <testcase name="testAbaNumberCheck_11158_bad" classname="com.cardatechnologies.utils.validators.abaroutevalidator.Test_AbaRouteValidator_06" time="0"/>
  <testcase name="testAbaNumberCheck_10346_bad" classname="com.cardatechnologies.utils.validators.abaroutevalidator.Test_AbaRouteValidator_06" time="0"/>
  <testcase name="testAbaNumberCheck_10348_bad" classname="com.cardatechnologies.utils.validators.abaroutevalidator.Test_AbaRouteValidator_06" time="0"/>
  <testcase name="testAbaNumberCheck_10387_good" classname="com.cardatechnologies.utils.validators.abaroutevalidator.Test_AbaRouteValidator_06" time="0"/>
  <testcase name="testAbaNumberCheck_11985_good" classname="com.cardatechnologies.utils.validators.abaroutevalidator.Test_AbaRouteValidator_06" time="0"/>
  <testcase name="testAbaNumberCheck_11859_good" classname="com.cardatechnologies.utils.validators.abaroutevalidator.Test_AbaRouteValidator_06" time="0"/>
  <testcase name="testAbaNumberCheck_10919_good" classname="com.cardatechnologies.utils.validators.abaroutevalidator.Test_AbaRouteValidator_06" time="0"/>
  <testcase name="testAbaNumberCheck_10883_good" classname="com.cardatechnologies.utils.validators.abaroutevalidator.Test_AbaRouteValidator_06" time="0"/>
  <testcase name="testAbaNumberCheck_10099_good" classname="com.cardatechnologies.utils.validators.abaroutevalidator.Test_AbaRouteValidator_06" time="0"/>
  <testcase name="testAbaNumberCheck_12420_bad" classname="com.cardatechnologies.utils.validators.abaroutevalidator.Test_AbaRouteValidator_06" time="0"/>
  <testcase name="testAbaNumberCheck_11697_good" classname="com.cardatechnologies.utils.validators.abaroutevalidator.Test_AbaRouteValidator_06" time="0"/>
  <testcase name="testAbaNumberCheck_10757_good" classname="com.cardatechnologies.utils.validators.abaroutevalidator.Test_AbaRouteValidator_06" time="0"/>
  <testcase name="testAbaNumberCheck_12422_bad" classname="com.cardatechnologies.utils.validators.abaroutevalidator.Test_AbaRouteValidator_06" time="0"/>
  <testcase name="testAbaNumberCheck_11610_bad" classname="com.cardatechnologies.utils.validators.abaroutevalidator.Test_AbaRouteValidator_06" time="0"/>
  <testcase name="testAbaNumberCheck_12424_bad" classname="com.cardatechnologies.utils.validators.abaroutevalidator.Test_AbaRouteValidator_06" time="0"/>
  <testcase name="testAbaNumberCheck_11160_bad" classname="com.cardatechnologies.utils.validators.abaroutevalidator.Test_AbaRouteValidator_06" time="0"/>
  <testcase name="testAbaNumberCheck_11612_bad" classname="com.cardatechnologies.utils.validators.abaroutevalidator.Test_AbaRouteValidator_06" time="0"/>
  <testcase name="testAbaNumberCheck_12426_bad" classname="com.cardatechnologies.utils.validators.abaroutevalidator.Test_AbaRouteValidator_06" time="0"/>
  <testcase name="testAbaNumberCheck_11162_bad" classname="com.cardatechnologies.utils.validators.abaroutevalidator.Test_AbaRouteValidator_06" time="0"/>
  <testcase name="testAbaNumberCheck_10800_bad" classname="com.cardatechnologies.utils.validators.abaroutevalidator.Test_AbaRouteValidator_06" time="0"/>
  <testcase name="testAbaNumberCheck_11614_bad" classname="com.cardatechnologies.utils.validators.abaroutevalidator.Test_AbaRouteValidator_06" time="0"/>
  <testcase name="testAbaNumberCheck_12428_bad" classname="com.cardatechnologies.utils.validators.abaroutevalidator.Test_AbaRouteValidator_06" time="0"/>
  <testcase name="testAbaNumberCheck_10350_bad" classname="com.cardatechnologies.utils.validators.abaroutevalidator.Test_AbaRouteValidator_06" time="0"/>
  <testcase name="testAbaNumberCheck_11164_bad" classname="com.cardatechnologies.utils.validators.abaroutevalidator.Test_AbaRouteValidator_06" time="0"/>
  <testcase name="testAbaNumberCheck_10595_good" classname="com.cardatechnologies.utils.validators.abaroutevalidator.Test_AbaRouteValidator_06" time="0"/>
  <testcase name="testAbaNumberCheck_10802_bad" classname="com.cardatechnologies.utils.validators.abaroutevalidator.Test_AbaRouteValidator_06" time="0"/>
  <testcase name="testAbaNumberCheck_11616_bad" classname="com.cardatechnologies.utils.validators.abaroutevalidator.Test_AbaRouteValidator_06" time="0"/>
  <testcase name="testAbaNumberCheck_10352_bad" classname="com.cardatechnologies.utils.validators.abaroutevalidator.Test_AbaRouteValidator_06" time="0"/>
  <testcase name="testAbaNumberCheck_11166_bad" classname="com.cardatechnologies.utils.validators.abaroutevalidator.Test_AbaRouteValidator_06" time="0"/>
  <testcase name="testAbaNumberCheck_10804_bad" classname="com.cardatechnologies.utils.validators.abaroutevalidator.Test_AbaRouteValidator_06" time="0"/>
  <testcase name="testAbaNumberCheck_11618_bad" classname="com.cardatechnologies.utils.validators.abaroutevalidator.Test_AbaRouteValidator_06" time="0"/>
  <testcase name="testAbaNumberCheck_10354_bad" classname="com.cardatechnologies.utils.validators.abaroutevalidator.Test_AbaRouteValidator_06" time="0"/>
  <testcase name="testAbaNumberCheck_11168_bad" classname="com.cardatechnologies.utils.validators.abaroutevalidator.Test_AbaRouteValidator_06" time="0"/>
  <testcase name="testAbaNumberCheck_10469_good" classname="com.cardatechnologies.utils.validators.abaroutevalidator.Test_AbaRouteValidator_06" time="0"/>
  <testcase name="testAbaNumberCheck_10806_bad" classname="com.cardatechnologies.utils.validators.abaroutevalidator.Test_AbaRouteValidator_06" time="0"/>
  <testcase name="testAbaNumberCheck_10356_bad" classname="com.cardatechnologies.utils.validators.abaroutevalidator.Test_AbaRouteValidator_06" time="0"/>
  <testcase name="testAbaNumberCheck_10808_bad" classname="com.cardatechnologies.utils.validators.abaroutevalidator.Test_AbaRouteValidator_06" time="0"/>
  <testcase name="testAbaNumberCheck_10358_bad" classname="com.cardatechnologies.utils.validators.abaroutevalidator.Test_AbaRouteValidator_06" time="0"/>
  <testcase name="testAbaNumberCheck_10965_good" classname="com.cardatechnologies.utils.validators.abaroutevalidator.Test_AbaRouteValidator_06" time="0"/>
  <testcase name="testAbaNumberCheck_11779_good" classname="com.cardatechnologies.utils.validators.abaroutevalidator.Test_AbaRouteValidator_06" time="0"/>
  <testcase name="testAbaNumberCheck_10839_good" classname="com.cardatechnologies.utils.validators.abaroutevalidator.Test_AbaRouteValidator_06" time="0"/>
  <testcase name="testAbaNumberCheck_12430_bad" classname="com.cardatechnologies.utils.validators.abaroutevalidator.Test_AbaRouteValidator_06" time="0"/>
  <testcase name="testAbaNumberCheck_12432_bad" classname="com.cardatechnologies.utils.validators.abaroutevalidator.Test_AbaRouteValidator_06" time="0"/>
  <testcase name="testAbaNumberCheck_11620_bad" classname="com.cardatechnologies.utils.validators.abaroutevalidator.Test_AbaRouteValidator_06" time="0"/>
  <testcase name="testAbaNumberCheck_12434_bad" classname="com.cardatechnologies.utils.validators.abaroutevalidator.Test_AbaRouteValidator_06" time="0"/>
  <testcase name="testAbaNumberCheck_11170_bad" classname="com.cardatechnologies.utils.validators.abaroutevalidator.Test_AbaRouteValidator_06" time="0"/>
  <testcase name="testAbaNumberCheck_10677_good" classname="com.cardatechnologies.utils.validators.abaroutevalidator.Test_AbaRouteValidator_06" time="0"/>
  <testcase name="testAbaNumberCheck_11622_bad" classname="com.cardatechnologies.utils.validators.abaroutevalidator.Test_AbaRouteValidator_06" time="0"/>
  <testcase name="testAbaNumberCheck_12436_bad" classname="com.cardatechnologies.utils.validators.abaroutevalidator.Test_AbaRouteValidator_06" time="0"/>
  <testcase name="testAbaNumberCheck_11172_bad" classname="com.cardatechnologies.utils.validators.abaroutevalidator.Test_AbaRouteValidator_06" time="0"/>
  <testcase name="testAbaNumberCheck_10810_bad" classname="com.cardatechnologies.utils.validators.abaroutevalidator.Test_AbaRouteValidator_06" time="0"/>
  <testcase name="testAbaNumberCheck_11624_bad" classname="com.cardatechnologies.utils.validators.abaroutevalidator.Test_AbaRouteValidator_06" time="0"/>
  <testcase name="testAbaNumberCheck_12438_bad" classname="com.cardatechnologies.utils.validators.abaroutevalidator.Test_AbaRouteValidator_06" time="0"/>
  <testcase name="testAbaNumberCheck_10360_bad" classname="com.cardatechnologies.utils.validators.abaroutevalidator.Test_AbaRouteValidator_06" time="0"/>
  <testcase name="testAbaNumberCheck_11174_bad" classname="com.cardatechnologies.utils.validators.abaroutevalidator.Test_AbaRouteValidator_06" time="0"/>
  <testcase name="testAbaNumberCheck_10812_bad" classname="com.cardatechnologies.utils.validators.abaroutevalidator.Test_AbaRouteValidator_06" time="0"/>
  <testcase name="testAbaNumberCheck_11626_bad" classname="com.cardatechnologies.utils.validators.abaroutevalidator.Test_AbaRouteValidator_06" time="0"/>
  <testcase name="testAbaNumberCheck_10362_bad" classname="com.cardatechnologies.utils.validators.abaroutevalidator.Test_AbaRouteValidator_06" time="0"/>
  <testcase name="testAbaNumberCheck_11176_bad" classname="com.cardatechnologies.utils.validators.abaroutevalidator.Test_AbaRouteValidator_06" time="0"/>
  <testcase name="testAbaNumberCheck_10814_bad" classname="com.cardatechnologies.utils.validators.abaroutevalidator.Test_AbaRouteValidator_06" time="0"/>
  <testcase name="testAbaNumberCheck_11628_bad" classname="com.cardatechnologies.utils.validators.abaroutevalidator.Test_AbaRouteValidator_06" time="0"/>
  <testcase name="testAbaNumberCheck_10364_bad" classname="com.cardatechnologies.utils.validators.abaroutevalidator.Test_AbaRouteValidator_06" time="0"/>
  <testcase name="testAbaNumberCheck_11178_bad" classname="com.cardatechnologies.utils.validators.abaroutevalidator.Test_AbaRouteValidator_06" time="0"/>
  <testcase name="testAbaNumberCheck_10816_bad" classname="com.cardatechnologies.utils.validators.abaroutevalidator.Test_AbaRouteValidator_06" time="0"/>
  <testcase name="testAbaNumberCheck_10366_bad" classname="com.cardatechnologies.utils.validators.abaroutevalidator.Test_AbaRouteValidator_06" time="0"/>
  <testcase name="testAbaNumberCheck_10818_bad" classname="com.cardatechnologies.utils.validators.abaroutevalidator.Test_AbaRouteValidator_06" time="0"/>
  <testcase name="testAbaNumberCheck_10368_bad" classname="com.cardatechnologies.utils.validators.abaroutevalidator.Test_AbaRouteValidator_06" time="0"/>
  <testcase name="testAbaNumberCheck_10389_good" classname="com.cardatechnologies.utils.validators.abaroutevalidator.Test_AbaRouteValidator_06" time="0"/>
  <testcase name="testAbaNumberCheck_11987_good" classname="com.cardatechnologies.utils.validators.abaroutevalidator.Test_AbaRouteValidator_06" time="0"/>
  <testcase name="testAbaNumberCheck_10885_good" classname="com.cardatechnologies.utils.validators.abaroutevalidator.Test_AbaRouteValidator_06" time="0"/>
  <testcase name="testAbaNumberCheck_12440_bad" classname="com.cardatechnologies.utils.validators.abaroutevalidator.Test_AbaRouteValidator_06" time="0"/>
  <testcase name="testAbaNumberCheck_11699_good" classname="com.cardatechnologies.utils.validators.abaroutevalidator.Test_AbaRouteValidator_06" time="0"/>
  <testcase name="testAbaNumberCheck_10759_good" classname="com.cardatechnologies.utils.validators.abaroutevalidator.Test_AbaRouteValidator_06" time="0"/>
  <testcase name="testAbaNumberCheck_12442_bad" classname="com.cardatechnologies.utils.validators.abaroutevalidator.Test_AbaRouteValidator_06" time="0"/>
  <testcase name="testAbaNumberCheck_11630_bad" classname="com.cardatechnologies.utils.validators.abaroutevalidator.Test_AbaRouteValidator_06" time="0"/>
  <testcase name="testAbaNumberCheck_12444_bad" classname="com.cardatechnologies.utils.validators.abaroutevalidator.Test_AbaRouteValidator_06" time="0"/>
  <testcase name="testAbaNumberCheck_11180_bad" classname="com.cardatechnologies.utils.validators.abaroutevalidator.Test_AbaRouteValidator_06" time="0"/>
  <testcase name="testAbaNumberCheck_11632_bad" classname="com.cardatechnologies.utils.validators.abaroutevalidator.Test_AbaRouteValidator_06" time="0"/>
  <testcase name="testAbaNumberCheck_12446_bad" classname="com.cardatechnologies.utils.validators.abaroutevalidator.Test_AbaRouteValidator_06" time="0"/>
  <testcase name="testAbaNumberCheck_11182_bad" classname="com.cardatechnologies.utils.validators.abaroutevalidator.Test_AbaRouteValidator_06" time="0"/>
  <testcase name="testAbaNumberCheck_10820_bad" classname="com.cardatechnologies.utils.validators.abaroutevalidator.Test_AbaRouteValidator_06" time="0"/>
  <testcase name="testAbaNumberCheck_11634_bad" classname="com.cardatechnologies.utils.validators.abaroutevalidator.Test_AbaRouteValidator_06" time="0"/>
  <testcase name="testAbaNumberCheck_12448_bad" classname="com.cardatechnologies.utils.validators.abaroutevalidator.Test_AbaRouteValidator_06" time="0"/>
  <testcase name="testAbaNumberCheck_10370_bad" classname="com.cardatechnologies.utils.validators.abaroutevalidator.Test_AbaRouteValidator_06" time="0"/>
  <testcase name="testAbaNumberCheck_11184_bad" classname="com.cardatechnologies.utils.validators.abaroutevalidator.Test_AbaRouteValidator_06" time="0"/>
  <testcase name="testAbaNumberCheck_10597_good" classname="com.cardatechnologies.utils.validators.abaroutevalidator.Test_AbaRouteValidator_06" time="0"/>
  <testcase name="testAbaNumberCheck_10822_bad" classname="com.cardatechnologies.utils.validators.abaroutevalidator.Test_AbaRouteValidator_06" time="0"/>
  <testcase name="testAbaNumberCheck_11636_bad" classname="com.cardatechnologies.utils.validators.abaroutevalidator.Test_AbaRouteValidator_06" time="0"/>
  <testcase name="testAbaNumberCheck_10372_bad" classname="com.cardatechnologies.utils.validators.abaroutevalidator.Test_AbaRouteValidator_06" time="0"/>
  <testcase name="testAbaNumberCheck_11186_bad" classname="com.cardatechnologies.utils.validators.abaroutevalidator.Test_AbaRouteValidator_06" time="0"/>
  <testcase name="testAbaNumberCheck_10824_bad" classname="com.cardatechnologies.utils.validators.abaroutevalidator.Test_AbaRouteValidator_06" time="0"/>
  <testcase name="testAbaNumberCheck_11638_bad" classname="com.cardatechnologies.utils.validators.abaroutevalidator.Test_AbaRouteValidator_06" time="0"/>
  <testcase name="testAbaNumberCheck_10374_bad" classname="com.cardatechnologies.utils.validators.abaroutevalidator.Test_AbaRouteValidator_06" time="0"/>
  <testcase name="testAbaNumberCheck_11188_bad" classname="com.cardatechnologies.utils.validators.abaroutevalidator.Test_AbaRouteValidator_06" time="0"/>
  <testcase name="testAbaNumberCheck_10826_bad" classname="com.cardatechnologies.utils.validators.abaroutevalidator.Test_AbaRouteValidator_06" time="0"/>
  <testcase name="testAbaNumberCheck_10376_bad" classname="com.cardatechnologies.utils.validators.abaroutevalidator.Test_AbaRouteValidator_06" time="0"/>
  <testcase name="testAbaNumberCheck_10828_bad" classname="com.cardatechnologies.utils.validators.abaroutevalidator.Test_AbaRouteValidator_06" time="0"/>
  <testcase name="testAbaNumberCheck_10378_bad" classname="com.cardatechnologies.utils.validators.abaroutevalidator.Test_AbaRouteValidator_06" time="0"/>
  <testcase name="testAbaNumberCheck_10967_good" classname="com.cardatechnologies.utils.validators.abaroutevalidator.Test_AbaRouteValidator_06" time="0"/>
  <testcase name="testAbaNumberCheck_11640_bad" classname="com.cardatechnologies.utils.validators.abaroutevalidator.Test_AbaRouteValidator_06" time="0"/>
  <testcase name="testAbaNumberCheck_11190_bad" classname="com.cardatechnologies.utils.validators.abaroutevalidator.Test_AbaRouteValidator_06" time="0"/>
  <testcase name="testAbaNumberCheck_10679_good" classname="com.cardatechnologies.utils.validators.abaroutevalidator.Test_AbaRouteValidator_06" time="0"/>
  <testcase name="testAbaNumberCheck_11642_bad" classname="com.cardatechnologies.utils.validators.abaroutevalidator.Test_AbaRouteValidator_06" time="0"/>
  <testcase name="testAbaNumberCheck_11192_bad" classname="com.cardatechnologies.utils.validators.abaroutevalidator.Test_AbaRouteValidator_06" time="0"/>
  <testcase name="testAbaNumberCheck_10830_bad" classname="com.cardatechnologies.utils.validators.abaroutevalidator.Test_AbaRouteValidator_06" time="0"/>
  <testcase name="testAbaNumberCheck_11644_bad" classname="com.cardatechnologies.utils.validators.abaroutevalidator.Test_AbaRouteValidator_06" time="0"/>
  <testcase name="testAbaNumberCheck_10380_bad" classname="com.cardatechnologies.utils.validators.abaroutevalidator.Test_AbaRouteValidator_06" time="0"/>
  <testcase name="testAbaNumberCheck_11194_bad" classname="com.cardatechnologies.utils.validators.abaroutevalidator.Test_AbaRouteValidator_06" time="0"/>
  <testcase name="testAbaNumberCheck_10832_bad" classname="com.cardatechnologies.utils.validators.abaroutevalidator.Test_AbaRouteValidator_06" time="0"/>
  <testcase name="testAbaNumberCheck_11646_bad" classname="com.cardatechnologies.utils.validators.abaroutevalidator.Test_AbaRouteValidator_06" time="0"/>
  <testcase name="testAbaNumberCheck_10382_bad" classname="com.cardatechnologies.utils.validators.abaroutevalidator.Test_AbaRouteValidator_06" time="0"/>
  <testcase name="testAbaNumberCheck_11196_bad" classname="com.cardatechnologies.utils.validators.abaroutevalidator.Test_AbaRouteValidator_06" time="0"/>
  <testcase name="testAbaNumberCheck_10834_bad" classname="com.cardatechnologies.utils.validators.abaroutevalidator.Test_AbaRouteValidator_06" time="0"/>
  <testcase name="testAbaNumberCheck_11648_bad" classname="com.cardatechnologies.utils.validators.abaroutevalidator.Test_AbaRouteValidator_06" time="0"/>
  <testcase name="testAbaNumberCheck_10384_bad" classname="com.cardatechnologies.utils.validators.abaroutevalidator.Test_AbaRouteValidator_06" time="0"/>
  <testcase name="testAbaNumberCheck_11198_bad" classname="com.cardatechnologies.utils.validators.abaroutevalidator.Test_AbaRouteValidator_06" time="0"/>
  <testcase name="testAbaNumberCheck_10836_bad" classname="com.cardatechnologies.utils.validators.abaroutevalidator.Test_AbaRouteValidator_06" time="0"/>
  <testcase name="testAbaNumberCheck_10386_bad" classname="com.cardatechnologies.utils.validators.abaroutevalidator.Test_AbaRouteValidator_06" time="0"/>
  <testcase name="testAbaNumberCheck_10838_bad" classname="com.cardatechnologies.utils.validators.abaroutevalidator.Test_AbaRouteValidator_06" time="0"/>
  <testcase name="testAbaNumberCheck_10388_bad" classname="com.cardatechnologies.utils.validators.abaroutevalidator.Test_AbaRouteValidator_06" time="0"/>
  <testcase name="testAbaNumberCheck_11989_good" classname="com.cardatechnologies.utils.validators.abaroutevalidator.Test_AbaRouteValidator_06" time="0.001"/>
  <testcase name="testAbaNumberCheck_10887_good" classname="com.cardatechnologies.utils.validators.abaroutevalidator.Test_AbaRouteValidator_06" time="0"/>
  <testcase name="testAbaNumberCheck_11650_bad" classname="com.cardatechnologies.utils.validators.abaroutevalidator.Test_AbaRouteValidator_06" time="0"/>
  <testcase name="testAbaNumberCheck_11652_bad" classname="com.cardatechnologies.utils.validators.abaroutevalidator.Test_AbaRouteValidator_06" time="0"/>
  <testcase name="testAbaNumberCheck_10840_bad" classname="com.cardatechnologies.utils.validators.abaroutevalidator.Test_AbaRouteValidator_06" time="0"/>
  <testcase name="testAbaNumberCheck_11654_bad" classname="com.cardatechnologies.utils.validators.abaroutevalidator.Test_AbaRouteValidator_06" time="0"/>
  <testcase name="testAbaNumberCheck_10390_bad" classname="com.cardatechnologies.utils.validators.abaroutevalidator.Test_AbaRouteValidator_06" time="0"/>
  <testcase name="testAbaNumberCheck_10599_good" classname="com.cardatechnologies.utils.validators.abaroutevalidator.Test_AbaRouteValidator_06" time="0"/>
  <testcase name="testAbaNumberCheck_10842_bad" classname="com.cardatechnologies.utils.validators.abaroutevalidator.Test_AbaRouteValidator_06" time="0"/>
  <testcase name="testAbaNumberCheck_11656_bad" classname="com.cardatechnologies.utils.validators.abaroutevalidator.Test_AbaRouteValidator_06" time="0"/>
  <testcase name="testAbaNumberCheck_10392_bad" classname="com.cardatechnologies.utils.validators.abaroutevalidator.Test_AbaRouteValidator_06" time="0"/>
  <testcase name="testAbaNumberCheck_10844_bad" classname="com.cardatechnologies.utils.validators.abaroutevalidator.Test_AbaRouteValidator_06" time="0"/>
  <testcase name="testAbaNumberCheck_11658_bad" classname="com.cardatechnologies.utils.validators.abaroutevalidator.Test_AbaRouteValidator_06" time="0"/>
  <testcase name="testAbaNumberCheck_10394_bad" classname="com.cardatechnologies.utils.validators.abaroutevalidator.Test_AbaRouteValidator_06" time="0"/>
  <testcase name="testAbaNumberCheck_10846_bad" classname="com.cardatechnologies.utils.validators.abaroutevalidator.Test_AbaRouteValidator_06" time="0"/>
  <testcase name="testAbaNumberCheck_10396_bad" classname="com.cardatechnologies.utils.validators.abaroutevalidator.Test_AbaRouteValidator_06" time="0"/>
  <testcase name="testAbaNumberCheck_10848_bad" classname="com.cardatechnologies.utils.validators.abaroutevalidator.Test_AbaRouteValidator_06" time="0"/>
  <testcase name="testAbaNumberCheck_10398_bad" classname="com.cardatechnologies.utils.validators.abaroutevalidator.Test_AbaRouteValidator_06" time="0"/>
  <testcase name="testAbaNumberCheck_10969_good" classname="com.cardatechnologies.utils.validators.abaroutevalidator.Test_AbaRouteValidator_06" time="0"/>
  <testcase name="testAbaNumberCheck_11660_bad" classname="com.cardatechnologies.utils.validators.abaroutevalidator.Test_AbaRouteValidator_06" time="0"/>
  <testcase name="testAbaNumberCheck_11662_bad" classname="com.cardatechnologies.utils.validators.abaroutevalidator.Test_AbaRouteValidator_06" time="0"/>
  <testcase name="testAbaNumberCheck_10850_bad" classname="com.cardatechnologies.utils.validators.abaroutevalidator.Test_AbaRouteValidator_06" time="0"/>
  <testcase name="testAbaNumberCheck_11664_bad" classname="com.cardatechnologies.utils.validators.abaroutevalidator.Test_AbaRouteValidator_06" time="0"/>
  <testcase name="testAbaNumberCheck_10852_bad" classname="com.cardatechnologies.utils.validators.abaroutevalidator.Test_AbaRouteValidator_06" time="0"/>
  <testcase name="testAbaNumberCheck_11666_bad" classname="com.cardatechnologies.utils.validators.abaroutevalidator.Test_AbaRouteValidator_06" time="0"/>
  <testcase name="testAbaNumberCheck_10854_bad" classname="com.cardatechnologies.utils.validators.abaroutevalidator.Test_AbaRouteValidator_06" time="0"/>
  <testcase name="testAbaNumberCheck_11668_bad" classname="com.cardatechnologies.utils.validators.abaroutevalidator.Test_AbaRouteValidator_06" time="0"/>
  <testcase name="testAbaNumberCheck_10856_bad" classname="com.cardatechnologies.utils.validators.abaroutevalidator.Test_AbaRouteValidator_06" time="0"/>
  <testcase name="testAbaNumberCheck_10858_bad" classname="com.cardatechnologies.utils.validators.abaroutevalidator.Test_AbaRouteValidator_06" time="0"/>
  <testcase name="testAbaNumberCheck_10889_good" classname="com.cardatechnologies.utils.validators.abaroutevalidator.Test_AbaRouteValidator_06" time="0"/>
  <testcase name="testAbaNumberCheck_11670_bad" classname="com.cardatechnologies.utils.validators.abaroutevalidator.Test_AbaRouteValidator_06" time="0"/>
  <testcase name="testAbaNumberCheck_11672_bad" classname="com.cardatechnologies.utils.validators.abaroutevalidator.Test_AbaRouteValidator_06" time="0"/>
  <testcase name="testAbaNumberCheck_10860_bad" classname="com.cardatechnologies.utils.validators.abaroutevalidator.Test_AbaRouteValidator_06" time="0"/>
  <testcase name="testAbaNumberCheck_11674_bad" classname="com.cardatechnologies.utils.validators.abaroutevalidator.Test_AbaRouteValidator_06" time="0"/>
  <testcase name="testAbaNumberCheck_10862_bad" classname="com.cardatechnologies.utils.validators.abaroutevalidator.Test_AbaRouteValidator_06" time="0"/>
  <testcase name="testAbaNumberCheck_11676_bad" classname="com.cardatechnologies.utils.validators.abaroutevalidator.Test_AbaRouteValidator_06" time="0"/>
  <testcase name="testAbaNumberCheck_10864_bad" classname="com.cardatechnologies.utils.validators.abaroutevalidator.Test_AbaRouteValidator_06" time="0"/>
  <testcase name="testAbaNumberCheck_11678_bad" classname="com.cardatechnologies.utils.validators.abaroutevalidator.Test_AbaRouteValidator_06" time="0"/>
  <testcase name="testAbaNumberCheck_10866_bad" classname="com.cardatechnologies.utils.validators.abaroutevalidator.Test_AbaRouteValidator_06" time="0"/>
  <testcase name="testAbaNumberCheck_10868_bad" classname="com.cardatechnologies.utils.validators.abaroutevalidator.Test_AbaRouteValidator_06" time="0"/>
  <testcase name="testAbaNumberCheck_11680_bad" classname="com.cardatechnologies.utils.validators.abaroutevalidator.Test_AbaRouteValidator_06" time="0"/>
  <testcase name="testAbaNumberCheck_11682_bad" classname="com.cardatechnologies.utils.validators.abaroutevalidator.Test_AbaRouteValidator_06" time="0"/>
  <testcase name="testAbaNumberCheck_10870_bad" classname="com.cardatechnologies.utils.validators.abaroutevalidator.Test_AbaRouteValidator_06" time="0"/>
  <testcase name="testAbaNumberCheck_11684_bad" classname="com.cardatechnologies.utils.validators.abaroutevalidator.Test_AbaRouteValidator_06" time="0"/>
  <testcase name="testAbaNumberCheck_10872_bad" classname="com.cardatechnologies.utils.validators.abaroutevalidator.Test_AbaRouteValidator_06" time="0"/>
  <testcase name="testAbaNumberCheck_11686_bad" classname="com.cardatechnologies.utils.validators.abaroutevalidator.Test_AbaRouteValidator_06" time="0"/>
  <testcase name="testAbaNumberCheck_10874_bad" classname="com.cardatechnologies.utils.validators.abaroutevalidator.Test_AbaRouteValidator_06" time="0"/>
  <testcase name="testAbaNumberCheck_11688_bad" classname="com.cardatechnologies.utils.validators.abaroutevalidator.Test_AbaRouteValidator_06" time="0"/>
  <testcase name="testAbaNumberCheck_10876_bad" classname="com.cardatechnologies.utils.validators.abaroutevalidator.Test_AbaRouteValidator_06" time="0"/>
  <testcase name="testAbaNumberCheck_10878_bad" classname="com.cardatechnologies.utils.validators.abaroutevalidator.Test_AbaRouteValidator_06" time="0"/>
  <testcase name="testAbaNumberCheck_11690_bad" classname="com.cardatechnologies.utils.validators.abaroutevalidator.Test_AbaRouteValidator_06" time="0"/>
  <testcase name="testAbaNumberCheck_11692_bad" classname="com.cardatechnologies.utils.validators.abaroutevalidator.Test_AbaRouteValidator_06" time="0"/>
  <testcase name="testAbaNumberCheck_10880_bad" classname="com.cardatechnologies.utils.validators.abaroutevalidator.Test_AbaRouteValidator_06" time="0"/>
  <testcase name="testAbaNumberCheck_11694_bad" classname="com.cardatechnologies.utils.validators.abaroutevalidator.Test_AbaRouteValidator_06" time="0"/>
  <testcase name="testAbaNumberCheck_10882_bad" classname="com.cardatechnologies.utils.validators.abaroutevalidator.Test_AbaRouteValidator_06" time="0"/>
  <testcase name="testAbaNumberCheck_11696_bad" classname="com.cardatechnologies.utils.validators.abaroutevalidator.Test_AbaRouteValidator_06" time="0"/>
  <testcase name="testAbaNumberCheck_10884_bad" classname="com.cardatechnologies.utils.validators.abaroutevalidator.Test_AbaRouteValidator_06" time="0"/>
  <testcase name="testAbaNumberCheck_11698_bad" classname="com.cardatechnologies.utils.validators.abaroutevalidator.Test_AbaRouteValidator_06" time="0"/>
  <testcase name="testAbaNumberCheck_10886_bad" classname="com.cardatechnologies.utils.validators.abaroutevalidator.Test_AbaRouteValidator_06" time="0"/>
  <testcase name="testAbaNumberCheck_12201_good" classname="com.cardatechnologies.utils.validators.abaroutevalidator.Test_AbaRouteValidator_06" time="0"/>
  <testcase name="testAbaNumberCheck_10888_bad" classname="com.cardatechnologies.utils.validators.abaroutevalidator.Test_AbaRouteValidator_06" time="0"/>
  <testcase name="testAbaNumberCheck_10890_bad" classname="com.cardatechnologies.utils.validators.abaroutevalidator.Test_AbaRouteValidator_06" time="0"/>
  <testcase name="testAbaNumberCheck_10892_bad" classname="com.cardatechnologies.utils.validators.abaroutevalidator.Test_AbaRouteValidator_06" time="0"/>
  <testcase name="testAbaNumberCheck_10894_bad" classname="com.cardatechnologies.utils.validators.abaroutevalidator.Test_AbaRouteValidator_06" time="0"/>
  <testcase name="testAbaNumberCheck_10896_bad" classname="com.cardatechnologies.utils.validators.abaroutevalidator.Test_AbaRouteValidator_06" time="0"/>
  <testcase name="testAbaNumberCheck_10898_bad" classname="com.cardatechnologies.utils.validators.abaroutevalidator.Test_AbaRouteValidator_06" time="0"/>
  <testcase name="testAbaNumberCheck_12121_good" classname="com.cardatechnologies.utils.validators.abaroutevalidator.Test_AbaRouteValidator_06" time="0"/>
  <testcase name="testAbaNumberCheck_12203_good" classname="com.cardatechnologies.utils.validators.abaroutevalidator.Test_AbaRouteValidator_06" time="0"/>
  <testcase name="testAbaNumberCheck_12041_good" classname="com.cardatechnologies.utils.validators.abaroutevalidator.Test_AbaRouteValidator_06" time="0"/>
  <testcase name="testAbaNumberCheck_11101_good" classname="com.cardatechnologies.utils.validators.abaroutevalidator.Test_AbaRouteValidator_06" time="0"/>
  <testcase name="testAbaNumberCheck_12411_good" classname="com.cardatechnologies.utils.validators.abaroutevalidator.Test_AbaRouteValidator_06" time="0"/>
  <testcase name="testAbaNumberCheck_12123_good" classname="com.cardatechnologies.utils.validators.abaroutevalidator.Test_AbaRouteValidator_06" time="0"/>
  <testcase name="testAbaNumberCheck_11021_good" classname="com.cardatechnologies.utils.validators.abaroutevalidator.Test_AbaRouteValidator_06" time="0"/>
  <testcase name="testAbaNumberCheck_12331_good" classname="com.cardatechnologies.utils.validators.abaroutevalidator.Test_AbaRouteValidator_06" time="0"/>
  <testcase name="testAbaNumberCheck_12205_good" classname="com.cardatechnologies.utils.validators.abaroutevalidator.Test_AbaRouteValidator_06" time="0"/>
  <testcase name="testAbaNumberCheck_12043_good" classname="com.cardatechnologies.utils.validators.abaroutevalidator.Test_AbaRouteValidator_06" time="0"/>
  <testcase name="testAbaNumberCheck_11103_good" classname="com.cardatechnologies.utils.validators.abaroutevalidator.Test_AbaRouteValidator_06" time="0"/>
  <testcase name="testAbaNumberCheck_10001_good" classname="com.cardatechnologies.utils.validators.abaroutevalidator.Test_AbaRouteValidator_06" time="0"/>
  <testcase name="testAbaNumberCheck_12413_good" classname="com.cardatechnologies.utils.validators.abaroutevalidator.Test_AbaRouteValidator_06" time="0"/>
  <testcase name="testAbaNumberCheck_12251_good" classname="com.cardatechnologies.utils.validators.abaroutevalidator.Test_AbaRouteValidator_06" time="0"/>
  <testcase name="testAbaNumberCheck_11311_good" classname="com.cardatechnologies.utils.validators.abaroutevalidator.Test_AbaRouteValidator_06" time="0"/>
  <testcase name="testAbaNumberCheck_12125_good" classname="com.cardatechnologies.utils.validators.abaroutevalidator.Test_AbaRouteValidator_06" time="0"/>
  <testcase name="testAbaNumberCheck_11023_good" classname="com.cardatechnologies.utils.validators.abaroutevalidator.Test_AbaRouteValidator_06" time="0"/>
  <testcase name="testAbaNumberCheck_12333_good" classname="com.cardatechnologies.utils.validators.abaroutevalidator.Test_AbaRouteValidator_06" time="0"/>
  <testcase name="testAbaNumberCheck_12207_good" classname="com.cardatechnologies.utils.validators.abaroutevalidator.Test_AbaRouteValidator_06" time="0"/>
  <testcase name="testAbaNumberCheck_12171_good" classname="com.cardatechnologies.utils.validators.abaroutevalidator.Test_AbaRouteValidator_06" time="0"/>
  <testcase name="testAbaNumberCheck_11231_good" classname="com.cardatechnologies.utils.validators.abaroutevalidator.Test_AbaRouteValidator_06" time="0"/>
  <testcase name="testAbaNumberCheck_12045_good" classname="com.cardatechnologies.utils.validators.abaroutevalidator.Test_AbaRouteValidator_06" time="0"/>
  <testcase name="testAbaNumberCheck_11105_good" classname="com.cardatechnologies.utils.validators.abaroutevalidator.Test_AbaRouteValidator_06" time="0"/>
  <testcase name="testAbaNumberCheck_10003_good" classname="com.cardatechnologies.utils.validators.abaroutevalidator.Test_AbaRouteValidator_06" time="0"/>
  <testcase name="testAbaNumberCheck_11601_good" classname="com.cardatechnologies.utils.validators.abaroutevalidator.Test_AbaRouteValidator_06" time="0"/>
  <testcase name="testAbaNumberCheck_12415_good" classname="com.cardatechnologies.utils.validators.abaroutevalidator.Test_AbaRouteValidator_06" time="0"/>
  <testcase name="testAbaNumberCheck_12253_good" classname="com.cardatechnologies.utils.validators.abaroutevalidator.Test_AbaRouteValidator_06" time="0"/>
  <testcase name="testAbaNumberCheck_11313_good" classname="com.cardatechnologies.utils.validators.abaroutevalidator.Test_AbaRouteValidator_06" time="0"/>
  <testcase name="testAbaNumberCheck_12127_good" classname="com.cardatechnologies.utils.validators.abaroutevalidator.Test_AbaRouteValidator_06" time="0"/>
  <testcase name="testAbaNumberCheck_12091_good" classname="com.cardatechnologies.utils.validators.abaroutevalidator.Test_AbaRouteValidator_06" time="0"/>
  <testcase name="testAbaNumberCheck_11151_good" classname="com.cardatechnologies.utils.validators.abaroutevalidator.Test_AbaRouteValidator_06" time="0"/>
  <testcase name="testAbaNumberCheck_10211_good" classname="com.cardatechnologies.utils.validators.abaroutevalidator.Test_AbaRouteValidator_06" time="0"/>
  <testcase name="testAbaNumberCheck_11025_good" classname="com.cardatechnologies.utils.validators.abaroutevalidator.Test_AbaRouteValidator_06" time="0.001"/>
  <testcase name="testAbaNumberCheck_11521_good" classname="com.cardatechnologies.utils.validators.abaroutevalidator.Test_AbaRouteValidator_06" time="0"/>
  <testcase name="testAbaNumberCheck_12335_good" classname="com.cardatechnologies.utils.validators.abaroutevalidator.Test_AbaRouteValidator_06" time="0"/>
  <testcase name="testAbaNumberCheck_12209_good" classname="com.cardatechnologies.utils.validators.abaroutevalidator.Test_AbaRouteValidator_06" time="0"/>
  <testcase name="testAbaNumberCheck_12173_good" classname="com.cardatechnologies.utils.validators.abaroutevalidator.Test_AbaRouteValidator_06" time="0"/>
  <testcase name="testAbaNumberCheck_11233_good" classname="com.cardatechnologies.utils.validators.abaroutevalidator.Test_AbaRouteValidator_06" time="0"/>
  <testcase name="testAbaNumberCheck_12047_good" classname="com.cardatechnologies.utils.validators.abaroutevalidator.Test_AbaRouteValidator_06" time="0"/>
  <testcase name="testAbaNumberCheck_11107_good" classname="com.cardatechnologies.utils.validators.abaroutevalidator.Test_AbaRouteValidator_06" time="0"/>
  <testcase name="testAbaNumberCheck_11071_good" classname="com.cardatechnologies.utils.validators.abaroutevalidator.Test_AbaRouteValidator_06" time="0"/>
  <testcase name="testAbaNumberCheck_10131_good" classname="com.cardatechnologies.utils.validators.abaroutevalidator.Test_AbaRouteValidator_06" time="0"/>
  <testcase name="testAbaNumberCheck_10005_good" classname="com.cardatechnologies.utils.validators.abaroutevalidator.Test_AbaRouteValidator_06" time="0"/>
  <testcase name="testAbaNumberCheck_11603_good" classname="com.cardatechnologies.utils.validators.abaroutevalidator.Test_AbaRouteValidator_06" time="0"/>
  <testcase name="testAbaNumberCheck_12417_good" classname="com.cardatechnologies.utils.validators.abaroutevalidator.Test_AbaRouteValidator_06" time="0"/>
  <testcase name="testAbaNumberCheck_12381_good" classname="com.cardatechnologies.utils.validators.abaroutevalidator.Test_AbaRouteValidator_06" time="0"/>
  <testcase name="testAbaNumberCheck_11441_good" classname="com.cardatechnologies.utils.validators.abaroutevalidator.Test_AbaRouteValidator_06" time="0"/>
  <testcase name="testAbaNumberCheck_10501_good" classname="com.cardatechnologies.utils.validators.abaroutevalidator.Test_AbaRouteValidator_06" time="0"/>
  <testcase name="testAbaNumberCheck_12255_good" classname="com.cardatechnologies.utils.validators.abaroutevalidator.Test_AbaRouteValidator_06" time="0"/>
  <testcase name="testAbaNumberCheck_11315_good" classname="com.cardatechnologies.utils.validators.abaroutevalidator.Test_AbaRouteValidator_06" time="0"/>
  <testcase name="testAbaNumberCheck_12129_good" classname="com.cardatechnologies.utils.validators.abaroutevalidator.Test_AbaRouteValidator_06" time="0"/>
  <testcase name="testAbaNumberCheck_12093_good" classname="com.cardatechnologies.utils.validators.abaroutevalidator.Test_AbaRouteValidator_06" time="0"/>
  <testcase name="testAbaNumberCheck_11153_good" classname="com.cardatechnologies.utils.validators.abaroutevalidator.Test_AbaRouteValidator_06" time="0"/>
  <testcase name="testAbaNumberCheck_10213_good" classname="com.cardatechnologies.utils.validators.abaroutevalidator.Test_AbaRouteValidator_06" time="0"/>
  <testcase name="testAbaNumberCheck_11811_good" classname="com.cardatechnologies.utils.validators.abaroutevalidator.Test_AbaRouteValidator_06" time="0"/>
  <testcase name="testAbaNumberCheck_11027_good" classname="com.cardatechnologies.utils.validators.abaroutevalidator.Test_AbaRouteValidator_06" time="0"/>
  <testcase name="testAbaNumberCheck_10051_good" classname="com.cardatechnologies.utils.validators.abaroutevalidator.Test_AbaRouteValidator_06" time="0"/>
  <testcase name="testAbaNumberCheck_11523_good" classname="com.cardatechnologies.utils.validators.abaroutevalidator.Test_AbaRouteValidator_06" time="0"/>
  <testcase name="testAbaNumberCheck_12337_good" classname="com.cardatechnologies.utils.validators.abaroutevalidator.Test_AbaRouteValidator_06" time="0"/>
  <testcase name="testAbaNumberCheck_11361_good" classname="com.cardatechnologies.utils.validators.abaroutevalidator.Test_AbaRouteValidator_06" time="0"/>
  <testcase name="testAbaNumberCheck_10421_good" classname="com.cardatechnologies.utils.validators.abaroutevalidator.Test_AbaRouteValidator_06" time="0"/>
  <testcase name="testAbaNumberCheck_12175_good" classname="com.cardatechnologies.utils.validators.abaroutevalidator.Test_AbaRouteValidator_06" time="0"/>
  <testcase name="testAbaNumberCheck_11235_good" classname="com.cardatechnologies.utils.validators.abaroutevalidator.Test_AbaRouteValidator_06" time="0"/>
  <testcase name="testAbaNumberCheck_12049_good" classname="com.cardatechnologies.utils.validators.abaroutevalidator.Test_AbaRouteValidator_06" time="0"/>
  <testcase name="testAbaNumberCheck_11109_good" classname="com.cardatechnologies.utils.validators.abaroutevalidator.Test_AbaRouteValidator_06" time="0"/>
  <testcase name="testAbaNumberCheck_11073_good" classname="com.cardatechnologies.utils.validators.abaroutevalidator.Test_AbaRouteValidator_06" time="0"/>
  <testcase name="testAbaNumberCheck_10133_good" classname="com.cardatechnologies.utils.validators.abaroutevalidator.Test_AbaRouteValidator_06" time="0"/>
  <testcase name="testAbaNumberCheck_11731_good" classname="com.cardatechnologies.utils.validators.abaroutevalidator.Test_AbaRouteValidator_06" time="0"/>
  <testcase name="testAbaNumberCheck_10007_good" classname="com.cardatechnologies.utils.validators.abaroutevalidator.Test_AbaRouteValidator_06" time="0"/>
  <testcase name="testAbaNumberCheck_11605_good" classname="com.cardatechnologies.utils.validators.abaroutevalidator.Test_AbaRouteValidator_06" time="0"/>
  <testcase name="testAbaNumberCheck_12419_good" classname="com.cardatechnologies.utils.validators.abaroutevalidator.Test_AbaRouteValidator_06" time="0"/>
  <testcase name="testAbaNumberCheck_12383_good" classname="com.cardatechnologies.utils.validators.abaroutevalidator.Test_AbaRouteValidator_06" time="0"/>
  <testcase name="testAbaNumberCheck_11443_good" classname="com.cardatechnologies.utils.validators.abaroutevalidator.Test_AbaRouteValidator_06" time="0"/>
  <testcase name="testAbaNumberCheck_10503_good" classname="com.cardatechnologies.utils.validators.abaroutevalidator.Test_AbaRouteValidator_06" time="0"/>
  <testcase name="testAbaNumberCheck_12257_good" classname="com.cardatechnologies.utils.validators.abaroutevalidator.Test_AbaRouteValidator_06" time="0"/>
  <testcase name="testAbaNumberCheck_11317_good" classname="com.cardatechnologies.utils.validators.abaroutevalidator.Test_AbaRouteValidator_06" time="0"/>
  <testcase name="testAbaNumberCheck_11281_good" classname="com.cardatechnologies.utils.validators.abaroutevalidator.Test_AbaRouteValidator_06" time="0"/>
  <testcase name="testAbaNumberCheck_10341_good" classname="com.cardatechnologies.utils.validators.abaroutevalidator.Test_AbaRouteValidator_06" time="0"/>
  <testcase name="testAbaNumberCheck_12095_good" classname="com.cardatechnologies.utils.validators.abaroutevalidator.Test_AbaRouteValidator_06" time="0"/>
  <testcase name="testAbaNumberCheck_11155_good" classname="com.cardatechnologies.utils.validators.abaroutevalidator.Test_AbaRouteValidator_06" time="0"/>
  <testcase name="testAbaNumberCheck_10215_good" classname="com.cardatechnologies.utils.validators.abaroutevalidator.Test_AbaRouteValidator_06" time="0"/>
  <testcase name="testAbaNumberCheck_11813_good" classname="com.cardatechnologies.utils.validators.abaroutevalidator.Test_AbaRouteValidator_06" time="0"/>
  <testcase name="testAbaNumberCheck_11029_good" classname="com.cardatechnologies.utils.validators.abaroutevalidator.Test_AbaRouteValidator_06" time="0"/>
  <testcase name="testAbaNumberCheck_10053_good" classname="com.cardatechnologies.utils.validators.abaroutevalidator.Test_AbaRouteValidator_06" time="0"/>
  <testcase name="testAbaNumberCheck_11651_good" classname="com.cardatechnologies.utils.validators.abaroutevalidator.Test_AbaRouteValidator_06" time="0"/>
  <testcase name="testAbaNumberCheck_10711_good" classname="com.cardatechnologies.utils.validators.abaroutevalidator.Test_AbaRouteValidator_06" time="0"/>
  <testcase name="testAbaNumberCheck_11525_good" classname="com.cardatechnologies.utils.validators.abaroutevalidator.Test_AbaRouteValidator_06" time="0"/>
  <testcase name="testAbaNumberCheck_12339_good" classname="com.cardatechnologies.utils.validators.abaroutevalidator.Test_AbaRouteValidator_06" time="0"/>
  <testcase name="testAbaNumberCheck_11363_good" classname="com.cardatechnologies.utils.validators.abaroutevalidator.Test_AbaRouteValidator_06" time="0"/>
  <testcase name="testAbaNumberCheck_10423_good" classname="com.cardatechnologies.utils.validators.abaroutevalidator.Test_AbaRouteValidator_06" time="0"/>
  <testcase name="testAbaNumberCheck_12177_good" classname="com.cardatechnologies.utils.validators.abaroutevalidator.Test_AbaRouteValidator_06" time="0"/>
  <testcase name="testAbaNumberCheck_11237_good" classname="com.cardatechnologies.utils.validators.abaroutevalidator.Test_AbaRouteValidator_06" time="0"/>
  <testcase name="testAbaNumberCheck_10261_good" classname="com.cardatechnologies.utils.validators.abaroutevalidator.Test_AbaRouteValidator_06" time="0"/>
  <testcase name="testAbaNumberCheck_11075_good" classname="com.cardatechnologies.utils.validators.abaroutevalidator.Test_AbaRouteValidator_06" time="0"/>
  <testcase name="testAbaNumberCheck_10135_good" classname="com.cardatechnologies.utils.validators.abaroutevalidator.Test_AbaRouteValidator_06" time="0"/>
  <testcase name="testAbaNumberCheck_11733_good" classname="com.cardatechnologies.utils.validators.abaroutevalidator.Test_AbaRouteValidator_06" time="0"/>
  <testcase name="testAbaNumberCheck_10009_good" classname="com.cardatechnologies.utils.validators.abaroutevalidator.Test_AbaRouteValidator_06" time="0"/>
  <testcase name="testAbaNumberCheck_11607_good" classname="com.cardatechnologies.utils.validators.abaroutevalidator.Test_AbaRouteValidator_06" time="0"/>
  <testcase name="testAbaNumberCheck_11571_good" classname="com.cardatechnologies.utils.validators.abaroutevalidator.Test_AbaRouteValidator_06" time="0"/>
  <testcase name="testAbaNumberCheck_10631_good" classname="com.cardatechnologies.utils.validators.abaroutevalidator.Test_AbaRouteValidator_06" time="0"/>
  <testcase name="testAbaNumberCheck_12385_good" classname="com.cardatechnologies.utils.validators.abaroutevalidator.Test_AbaRouteValidator_06" time="0"/>
  <testcase name="testAbaNumberCheck_11445_good" classname="com.cardatechnologies.utils.validators.abaroutevalidator.Test_AbaRouteValidator_06" time="0"/>
  <testcase name="testAbaNumberCheck_10505_good" classname="com.cardatechnologies.utils.validators.abaroutevalidator.Test_AbaRouteValidator_06" time="0"/>
  <testcase name="testAbaNumberCheck_12259_good" classname="com.cardatechnologies.utils.validators.abaroutevalidator.Test_AbaRouteValidator_06" time="0"/>
  <testcase name="testAbaNumberCheck_11319_good" classname="com.cardatechnologies.utils.validators.abaroutevalidator.Test_AbaRouteValidator_06" time="0"/>
  <testcase name="testAbaNumberCheck_11283_good" classname="com.cardatechnologies.utils.validators.abaroutevalidator.Test_AbaRouteValidator_06" time="0"/>
  <testcase name="testAbaNumberCheck_10343_good" classname="com.cardatechnologies.utils.validators.abaroutevalidator.Test_AbaRouteValidator_06" time="0"/>
  <testcase name="testAbaNumberCheck_11941_good" classname="com.cardatechnologies.utils.validators.abaroutevalidator.Test_AbaRouteValidator_06" time="0"/>
  <testcase name="testAbaNumberCheck_12097_good" classname="com.cardatechnologies.utils.validators.abaroutevalidator.Test_AbaRouteValidator_06" time="0"/>
  <testcase name="testAbaNumberCheck_11157_good" classname="com.cardatechnologies.utils.validators.abaroutevalidator.Test_AbaRouteValidator_06" time="0"/>
  <testcase name="testAbaNumberCheck_10217_good" classname="com.cardatechnologies.utils.validators.abaroutevalidator.Test_AbaRouteValidator_06" time="0"/>
  <testcase name="testAbaNumberCheck_11815_good" classname="com.cardatechnologies.utils.validators.abaroutevalidator.Test_AbaRouteValidator_06" time="0"/>
  <testcase name="testAbaNumberCheck_10181_good" classname="com.cardatechnologies.utils.validators.abaroutevalidator.Test_AbaRouteValidator_06" time="0"/>
  <testcase name="testAbaNumberCheck_10055_good" classname="com.cardatechnologies.utils.validators.abaroutevalidator.Test_AbaRouteValidator_06" time="0"/>
  <testcase name="testAbaNumberCheck_11653_good" classname="com.cardatechnologies.utils.validators.abaroutevalidator.Test_AbaRouteValidator_06" time="0"/>
  <testcase name="testAbaNumberCheck_10713_good" classname="com.cardatechnologies.utils.validators.abaroutevalidator.Test_AbaRouteValidator_06" time="0"/>
  <testcase name="testAbaNumberCheck_11527_good" classname="com.cardatechnologies.utils.validators.abaroutevalidator.Test_AbaRouteValidator_06" time="0"/>
  <testcase name="testAbaNumberCheck_11491_good" classname="com.cardatechnologies.utils.validators.abaroutevalidator.Test_AbaRouteValidator_06" time="0"/>
  <testcase name="testAbaNumberCheck_10551_good" classname="com.cardatechnologies.utils.validators.abaroutevalidator.Test_AbaRouteValidator_06" time="0"/>
  <testcase name="testAbaNumberCheck_11365_good" classname="com.cardatechnologies.utils.validators.abaroutevalidator.Test_AbaRouteValidator_06" time="0"/>
  <testcase name="testAbaNumberCheck_10425_good" classname="com.cardatechnologies.utils.validators.abaroutevalidator.Test_AbaRouteValidator_06" time="0"/>
  <testcase name="testAbaNumberCheck_12179_good" classname="com.cardatechnologies.utils.validators.abaroutevalidator.Test_AbaRouteValidator_06" time="0"/>
  <testcase name="testAbaNumberCheck_11239_good" classname="com.cardatechnologies.utils.validators.abaroutevalidator.Test_AbaRouteValidator_06" time="0"/>
  <testcase name="testAbaNumberCheck_10263_good" classname="com.cardatechnologies.utils.validators.abaroutevalidator.Test_AbaRouteValidator_06" time="0"/>
  <testcase name="testAbaNumberCheck_11861_good" classname="com.cardatechnologies.utils.validators.abaroutevalidator.Test_AbaRouteValidator_06" time="0"/>
  <testcase name="testAbaNumberCheck_10921_good" classname="com.cardatechnologies.utils.validators.abaroutevalidator.Test_AbaRouteValidator_06" time="0"/>
  <testcase name="testAbaNumberCheck_11077_good" classname="com.cardatechnologies.utils.validators.abaroutevalidator.Test_AbaRouteValidator_06" time="0"/>
  <testcase name="testAbaNumberCheck_10137_good" classname="com.cardatechnologies.utils.validators.abaroutevalidator.Test_AbaRouteValidator_06" time="0"/>
  <testcase name="testAbaNumberCheck_11735_good" classname="com.cardatechnologies.utils.validators.abaroutevalidator.Test_AbaRouteValidator_06" time="0"/>
  <testcase name="testAbaNumberCheck_11609_good" classname="com.cardatechnologies.utils.validators.abaroutevalidator.Test_AbaRouteValidator_06" time="0"/>
  <testcase name="testAbaNumberCheck_11573_good" classname="com.cardatechnologies.utils.validators.abaroutevalidator.Test_AbaRouteValidator_06" time="0"/>
  <testcase name="testAbaNumberCheck_10633_good" classname="com.cardatechnologies.utils.validators.abaroutevalidator.Test_AbaRouteValidator_06" time="0"/>
  <testcase name="testAbaNumberCheck_12387_good" classname="com.cardatechnologies.utils.validators.abaroutevalidator.Test_AbaRouteValidator_06" time="0"/>
  <testcase name="testAbaNumberCheck_11447_good" classname="com.cardatechnologies.utils.validators.abaroutevalidator.Test_AbaRouteValidator_06" time="0"/>
  <testcase name="testAbaNumberCheck_10507_good" classname="com.cardatechnologies.utils.validators.abaroutevalidator.Test_AbaRouteValidator_06" time="0"/>
  <testcase name="testAbaNumberCheck_10471_good" classname="com.cardatechnologies.utils.validators.abaroutevalidator.Test_AbaRouteValidator_06" time="0"/>
  <testcase name="testAbaNumberCheck_11285_good" classname="com.cardatechnologies.utils.validators.abaroutevalidator.Test_AbaRouteValidator_06" time="0"/>
  <testcase name="testAbaNumberCheck_10345_good" classname="com.cardatechnologies.utils.validators.abaroutevalidator.Test_AbaRouteValidator_06" time="0"/>
  <testcase name="testAbaNumberCheck_11943_good" classname="com.cardatechnologies.utils.validators.abaroutevalidator.Test_AbaRouteValidator_06" time="0"/>
  <testcase name="testAbaNumberCheck_12099_good" classname="com.cardatechnologies.utils.validators.abaroutevalidator.Test_AbaRouteValidator_06" time="0"/>
  <testcase name="testAbaNumberCheck_11159_good" classname="com.cardatechnologies.utils.validators.abaroutevalidator.Test_AbaRouteValidator_06" time="0"/>
  <testcase name="testAbaNumberCheck_10219_good" classname="com.cardatechnologies.utils.validators.abaroutevalidator.Test_AbaRouteValidator_06" time="0"/>
  <testcase name="testAbaNumberCheck_11817_good" classname="com.cardatechnologies.utils.validators.abaroutevalidator.Test_AbaRouteValidator_06" time="0"/>
  <testcase name="testAbaNumberCheck_10183_good" classname="com.cardatechnologies.utils.validators.abaroutevalidator.Test_AbaRouteValidator_06" time="0"/>
  <testcase name="testAbaNumberCheck_11781_good" classname="com.cardatechnologies.utils.validators.abaroutevalidator.Test_AbaRouteValidator_06" time="0"/>
  <testcase name="testAbaNumberCheck_10841_good" classname="com.cardatechnologies.utils.validators.abaroutevalidator.Test_AbaRouteValidator_06" time="0"/>
  <testcase name="testAbaNumberCheck_10057_good" classname="com.cardatechnologies.utils.validators.abaroutevalidator.Test_AbaRouteValidator_06" time="0"/>
  <testcase name="testAbaNumberCheck_12000_bad" classname="com.cardatechnologies.utils.validators.abaroutevalidator.Test_AbaRouteValidator_06" time="0"/>
  <testcase name="testAbaNumberCheck_11655_good" classname="com.cardatechnologies.utils.validators.abaroutevalidator.Test_AbaRouteValidator_06" time="0"/>
  <testcase name="testAbaNumberCheck_10715_good" classname="com.cardatechnologies.utils.validators.abaroutevalidator.Test_AbaRouteValidator_06" time="0"/>
  <testcase name="testAbaNumberCheck_12002_bad" classname="com.cardatechnologies.utils.validators.abaroutevalidator.Test_AbaRouteValidator_06" time="0"/>
  <testcase name="testAbaNumberCheck_12004_bad" classname="com.cardatechnologies.utils.validators.abaroutevalidator.Test_AbaRouteValidator_06" time="0"/>
  <testcase name="testAbaNumberCheck_11529_good" classname="com.cardatechnologies.utils.validators.abaroutevalidator.Test_AbaRouteValidator_06" time="0"/>
  <testcase name="testAbaNumberCheck_12006_bad" classname="com.cardatechnologies.utils.validators.abaroutevalidator.Test_AbaRouteValidator_06" time="0"/>
  <testcase name="testAbaNumberCheck_12008_bad" classname="com.cardatechnologies.utils.validators.abaroutevalidator.Test_AbaRouteValidator_06" time="0"/>
  <testcase name="testAbaNumberCheck_11493_good" classname="com.cardatechnologies.utils.validators.abaroutevalidator.Test_AbaRouteValidator_06" time="0"/>
  <testcase name="testAbaNumberCheck_10553_good" classname="com.cardatechnologies.utils.validators.abaroutevalidator.Test_AbaRouteValidator_06" time="0"/>
  <testcase name="testAbaNumberCheck_11367_good" classname="com.cardatechnologies.utils.validators.abaroutevalidator.Test_AbaRouteValidator_06" time="0"/>
  <testcase name="testAbaNumberCheck_10427_good" classname="com.cardatechnologies.utils.validators.abaroutevalidator.Test_AbaRouteValidator_06" time="0"/>
  <testcase name="testAbaNumberCheck_10391_good" classname="com.cardatechnologies.utils.validators.abaroutevalidator.Test_AbaRouteValidator_06" time="0"/>
  <testcase name="testAbaNumberCheck_10265_good" classname="com.cardatechnologies.utils.validators.abaroutevalidator.Test_AbaRouteValidator_06" time="0"/>
  <testcase name="testAbaNumberCheck_11863_good" classname="com.cardatechnologies.utils.validators.abaroutevalidator.Test_AbaRouteValidator_06" time="0"/>
  <testcase name="testAbaNumberCheck_10923_good" classname="com.cardatechnologies.utils.validators.abaroutevalidator.Test_AbaRouteValidator_06" time="0"/>
  <testcase name="testAbaNumberCheck_11079_good" classname="com.cardatechnologies.utils.validators.abaroutevalidator.Test_AbaRouteValidator_06" time="0"/>
  <testcase name="testAbaNumberCheck_10139_good" classname="com.cardatechnologies.utils.validators.abaroutevalidator.Test_AbaRouteValidator_06" time="0"/>
  <testcase name="testAbaNumberCheck_11737_good" classname="com.cardatechnologies.utils.validators.abaroutevalidator.Test_AbaRouteValidator_06" time="0"/>
  <testcase name="testAbaNumberCheck_12010_bad" classname="com.cardatechnologies.utils.validators.abaroutevalidator.Test_AbaRouteValidator_06" time="0"/>
  <testcase name="testAbaNumberCheck_10761_good" classname="com.cardatechnologies.utils.validators.abaroutevalidator.Test_AbaRouteValidator_06" time="0"/>
  <testcase name="testAbaNumberCheck_12012_bad" classname="com.cardatechnologies.utils.validators.abaroutevalidator.Test_AbaRouteValidator_06" time="0"/>
  <testcase name="testAbaNumberCheck_11200_bad" classname="com.cardatechnologies.utils.validators.abaroutevalidator.Test_AbaRouteValidator_06" time="0"/>
  <testcase name="testAbaNumberCheck_12014_bad" classname="com.cardatechnologies.utils.validators.abaroutevalidator.Test_AbaRouteValidator_06" time="0"/>
  <testcase name="testAbaNumberCheck_11575_good" classname="com.cardatechnologies.utils.validators.abaroutevalidator.Test_AbaRouteValidator_06" time="0"/>
  <testcase name="testAbaNumberCheck_10635_good" classname="com.cardatechnologies.utils.validators.abaroutevalidator.Test_AbaRouteValidator_06" time="0"/>
  <testcase name="testAbaNumberCheck_11202_bad" classname="com.cardatechnologies.utils.validators.abaroutevalidator.Test_AbaRouteValidator_06" time="0"/>
  <testcase name="testAbaNumberCheck_12016_bad" classname="com.cardatechnologies.utils.validators.abaroutevalidator.Test_AbaRouteValidator_06" time="0"/>
  <testcase name="testAbaNumberCheck_11204_bad" classname="com.cardatechnologies.utils.validators.abaroutevalidator.Test_AbaRouteValidator_06" time="0"/>
  <testcase name="testAbaNumberCheck_12018_bad" classname="com.cardatechnologies.utils.validators.abaroutevalidator.Test_AbaRouteValidator_06" time="0"/>
  <testcase name="testAbaNumberCheck_12389_good" classname="com.cardatechnologies.utils.validators.abaroutevalidator.Test_AbaRouteValidator_06" time="0"/>
  <testcase name="testAbaNumberCheck_11449_good" classname="com.cardatechnologies.utils.validators.abaroutevalidator.Test_AbaRouteValidator_06" time="0"/>
  <testcase name="testAbaNumberCheck_10509_good" classname="com.cardatechnologies.utils.validators.abaroutevalidator.Test_AbaRouteValidator_06" time="0"/>
  <testcase name="testAbaNumberCheck_11206_bad" classname="com.cardatechnologies.utils.validators.abaroutevalidator.Test_AbaRouteValidator_06" time="0"/>
  <testcase name="testAbaNumberCheck_11208_bad" classname="com.cardatechnologies.utils.validators.abaroutevalidator.Test_AbaRouteValidator_06" time="0"/>
  <testcase name="testAbaNumberCheck_10473_good" classname="com.cardatechnologies.utils.validators.abaroutevalidator.Test_AbaRouteValidator_06" time="0"/>
  <testcase name="testAbaNumberCheck_11287_good" classname="com.cardatechnologies.utils.validators.abaroutevalidator.Test_AbaRouteValidator_06" time="0"/>
  <testcase name="testAbaNumberCheck_10347_good" classname="com.cardatechnologies.utils.validators.abaroutevalidator.Test_AbaRouteValidator_06" time="0"/>
  <testcase name="testAbaNumberCheck_11945_good" classname="com.cardatechnologies.utils.validators.abaroutevalidator.Test_AbaRouteValidator_06" time="0"/>
  <testcase name="testAbaNumberCheck_11819_good" classname="com.cardatechnologies.utils.validators.abaroutevalidator.Test_AbaRouteValidator_06" time="0"/>
  <testcase name="testAbaNumberCheck_10185_good" classname="com.cardatechnologies.utils.validators.abaroutevalidator.Test_AbaRouteValidator_06" time="0"/>
  <testcase name="testAbaNumberCheck_11783_good" classname="com.cardatechnologies.utils.validators.abaroutevalidator.Test_AbaRouteValidator_06" time="0"/>
  <testcase name="testAbaNumberCheck_10843_good" classname="com.cardatechnologies.utils.validators.abaroutevalidator.Test_AbaRouteValidator_06" time="0"/>
  <testcase name="testAbaNumberCheck_10059_good" classname="com.cardatechnologies.utils.validators.abaroutevalidator.Test_AbaRouteValidator_06" time="0"/>
  <testcase name="testAbaNumberCheck_12020_bad" classname="com.cardatechnologies.utils.validators.abaroutevalidator.Test_AbaRouteValidator_06" time="0"/>
  <testcase name="testAbaNumberCheck_11657_good" classname="com.cardatechnologies.utils.validators.abaroutevalidator.Test_AbaRouteValidator_06" time="0"/>
  <testcase name="testAbaNumberCheck_10717_good" classname="com.cardatechnologies.utils.validators.abaroutevalidator.Test_AbaRouteValidator_06" time="0"/>
  <testcase name="testAbaNumberCheck_12022_bad" classname="com.cardatechnologies.utils.validators.abaroutevalidator.Test_AbaRouteValidator_06" time="0"/>
  <testcase name="testAbaNumberCheck_11210_bad" classname="com.cardatechnologies.utils.validators.abaroutevalidator.Test_AbaRouteValidator_06" time="0"/>
  <testcase name="testAbaNumberCheck_12024_bad" classname="com.cardatechnologies.utils.validators.abaroutevalidator.Test_AbaRouteValidator_06" time="0"/>
  <testcase name="testAbaNumberCheck_10681_good" classname="com.cardatechnologies.utils.validators.abaroutevalidator.Test_AbaRouteValidator_06" time="0"/>
  <testcase name="testAbaNumberCheck_11212_bad" classname="com.cardatechnologies.utils.validators.abaroutevalidator.Test_AbaRouteValidator_06" time="0"/>
  <testcase name="testAbaNumberCheck_12026_bad" classname="com.cardatechnologies.utils.validators.abaroutevalidator.Test_AbaRouteValidator_06" time="0"/>
  <testcase name="testAbaNumberCheck_10400_bad" classname="com.cardatechnologies.utils.validators.abaroutevalidator.Test_AbaRouteValidator_06" time="0"/>
  <testcase name="testAbaNumberCheck_11214_bad" classname="com.cardatechnologies.utils.validators.abaroutevalidator.Test_AbaRouteValidator_06" time="0"/>
  <testcase name="testAbaNumberCheck_12028_bad" classname="com.cardatechnologies.utils.validators.abaroutevalidator.Test_AbaRouteValidator_06" time="0"/>
  <testcase name="testAbaNumberCheck_11495_good" classname="com.cardatechnologies.utils.validators.abaroutevalidator.Test_AbaRouteValidator_06" time="0"/>
  <testcase name="testAbaNumberCheck_10555_good" classname="com.cardatechnologies.utils.validators.abaroutevalidator.Test_AbaRouteValidator_06" time="0"/>
  <testcase name="testAbaNumberCheck_10402_bad" classname="com.cardatechnologies.utils.validators.abaroutevalidator.Test_AbaRouteValidator_06" time="0"/>
  <testcase name="testAbaNumberCheck_11216_bad" classname="com.cardatechnologies.utils.validators.abaroutevalidator.Test_AbaRouteValidator_06" time="0"/>
  <testcase name="testAbaNumberCheck_10404_bad" classname="com.cardatechnologies.utils.validators.abaroutevalidator.Test_AbaRouteValidator_06" time="0"/>
  <testcase name="testAbaNumberCheck_11218_bad" classname="com.cardatechnologies.utils.validators.abaroutevalidator.Test_AbaRouteValidator_06" time="0"/>
  <testcase name="testAbaNumberCheck_11369_good" classname="com.cardatechnologies.utils.validators.abaroutevalidator.Test_AbaRouteValidator_06" time="0"/>
  <testcase name="testAbaNumberCheck_10429_good" classname="com.cardatechnologies.utils.validators.abaroutevalidator.Test_AbaRouteValidator_06" time="0"/>
  <testcase name="testAbaNumberCheck_10406_bad" classname="com.cardatechnologies.utils.validators.abaroutevalidator.Test_AbaRouteValidator_06" time="0"/>
  <testcase name="testAbaNumberCheck_10408_bad" classname="com.cardatechnologies.utils.validators.abaroutevalidator.Test_AbaRouteValidator_06" time="0"/>
  <testcase name="testAbaNumberCheck_10393_good" classname="com.cardatechnologies.utils.validators.abaroutevalidator.Test_AbaRouteValidator_06" time="0"/>
  <testcase name="testAbaNumberCheck_11991_good" classname="com.cardatechnologies.utils.validators.abaroutevalidator.Test_AbaRouteValidator_06" time="0"/>
  <testcase name="testAbaNumberCheck_10267_good" classname="com.cardatechnologies.utils.validators.abaroutevalidator.Test_AbaRouteValidator_06" time="0"/>
  <testcase name="testAbaNumberCheck_11865_good" classname="com.cardatechnologies.utils.validators.abaroutevalidator.Test_AbaRouteValidator_06" time="0"/>
  <testcase name="testAbaNumberCheck_10925_good" classname="com.cardatechnologies.utils.validators.abaroutevalidator.Test_AbaRouteValidator_06" time="0"/>
  <testcase name="testAbaNumberCheck_11739_good" classname="com.cardatechnologies.utils.validators.abaroutevalidator.Test_AbaRouteValidator_06" time="0"/>
  <testcase name="testAbaNumberCheck_12030_bad" classname="com.cardatechnologies.utils.validators.abaroutevalidator.Test_AbaRouteValidator_06" time="0"/>
  <testcase name="testAbaNumberCheck_10763_good" classname="com.cardatechnologies.utils.validators.abaroutevalidator.Test_AbaRouteValidator_06" time="0"/>
  <testcase name="testAbaNumberCheck_12032_bad" classname="com.cardatechnologies.utils.validators.abaroutevalidator.Test_AbaRouteValidator_06" time="0"/>
  <testcase name="testAbaNumberCheck_11220_bad" classname="com.cardatechnologies.utils.validators.abaroutevalidator.Test_AbaRouteValidator_06" time="0"/>
  <testcase name="testAbaNumberCheck_12034_bad" classname="com.cardatechnologies.utils.validators.abaroutevalidator.Test_AbaRouteValidator_06" time="0"/>
  <testcase name="testAbaNumberCheck_11577_good" classname="com.cardatechnologies.utils.validators.abaroutevalidator.Test_AbaRouteValidator_06" time="0"/>
  <testcase name="testAbaNumberCheck_10637_good" classname="com.cardatechnologies.utils.validators.abaroutevalidator.Test_AbaRouteValidator_06" time="0"/>
  <testcase name="testAbaNumberCheck_11222_bad" classname="com.cardatechnologies.utils.validators.abaroutevalidator.Test_AbaRouteValidator_06" time="0"/>
  <testcase name="testAbaNumberCheck_12036_bad" classname="com.cardatechnologies.utils.validators.abaroutevalidator.Test_AbaRouteValidator_06" time="0"/>
  <testcase name="testAbaNumberCheck_10410_bad" classname="com.cardatechnologies.utils.validators.abaroutevalidator.Test_AbaRouteValidator_06" time="0.001"/>
  <testcase name="testAbaNumberCheck_11224_bad" classname="com.cardatechnologies.utils.validators.abaroutevalidator.Test_AbaRouteValidator_06" time="0"/>
  <testcase name="testAbaNumberCheck_12038_bad" classname="com.cardatechnologies.utils.validators.abaroutevalidator.Test_AbaRouteValidator_06" time="0"/>
  <testcase name="testAbaNumberCheck_10412_bad" classname="com.cardatechnologies.utils.validators.abaroutevalidator.Test_AbaRouteValidator_06" time="0"/>
  <testcase name="testAbaNumberCheck_11226_bad" classname="com.cardatechnologies.utils.validators.abaroutevalidator.Test_AbaRouteValidator_06" time="0"/>
  <testcase name="testAbaNumberCheck_10414_bad" classname="com.cardatechnologies.utils.validators.abaroutevalidator.Test_AbaRouteValidator_06" time="0"/>
  <testcase name="testAbaNumberCheck_11228_bad" classname="com.cardatechnologies.utils.validators.abaroutevalidator.Test_AbaRouteValidator_06" time="0"/>
  <testcase name="testAbaNumberCheck_10475_good" classname="com.cardatechnologies.utils.validators.abaroutevalidator.Test_AbaRouteValidator_06" time="0"/>
  <testcase name="testAbaNumberCheck_10416_bad" classname="com.cardatechnologies.utils.validators.abaroutevalidator.Test_AbaRouteValidator_06" time="0"/>
  <testcase name="testAbaNumberCheck_10418_bad" classname="com.cardatechnologies.utils.validators.abaroutevalidator.Test_AbaRouteValidator_06" time="0"/>
  <testcase name="testAbaNumberCheck_11289_good" classname="com.cardatechnologies.utils.validators.abaroutevalidator.Test_AbaRouteValidator_06" time="0"/>
  <testcase name="testAbaNumberCheck_10349_good" classname="com.cardatechnologies.utils.validators.abaroutevalidator.Test_AbaRouteValidator_06" time="0"/>
  <testcase name="testAbaNumberCheck_11947_good" classname="com.cardatechnologies.utils.validators.abaroutevalidator.Test_AbaRouteValidator_06" time="0"/>
  <testcase name="testAbaNumberCheck_10971_good" classname="com.cardatechnologies.utils.validators.abaroutevalidator.Test_AbaRouteValidator_06" time="0"/>
  <testcase name="testAbaNumberCheck_10187_good" classname="com.cardatechnologies.utils.validators.abaroutevalidator.Test_AbaRouteValidator_06" time="0"/>
  <testcase name="testAbaNumberCheck_11785_good" classname="com.cardatechnologies.utils.validators.abaroutevalidator.Test_AbaRouteValidator_06" time="0"/>
  <testcase name="testAbaNumberCheck_10845_good" classname="com.cardatechnologies.utils.validators.abaroutevalidator.Test_AbaRouteValidator_06" time="0"/>
  <testcase name="testAbaNumberCheck_12040_bad" classname="com.cardatechnologies.utils.validators.abaroutevalidator.Test_AbaRouteValidator_06" time="0"/>
  <testcase name="testAbaNumberCheck_11659_good" classname="com.cardatechnologies.utils.validators.abaroutevalidator.Test_AbaRouteValidator_06" time="0"/>
  <testcase name="testAbaNumberCheck_10719_good" classname="com.cardatechnologies.utils.validators.abaroutevalidator.Test_AbaRouteValidator_06" time="0"/>
  <testcase name="testAbaNumberCheck_12042_bad" classname="com.cardatechnologies.utils.validators.abaroutevalidator.Test_AbaRouteValidator_06" time="0"/>
  <testcase name="testAbaNumberCheck_11230_bad" classname="com.cardatechnologies.utils.validators.abaroutevalidator.Test_AbaRouteValidator_06" time="0"/>
  <testcase name="testAbaNumberCheck_12044_bad" classname="com.cardatechnologies.utils.validators.abaroutevalidator.Test_AbaRouteValidator_06" time="0"/>
  <testcase name="testAbaNumberCheck_10683_good" classname="com.cardatechnologies.utils.validators.abaroutevalidator.Test_AbaRouteValidator_06" time="0"/>
  <testcase name="testAbaNumberCheck_11232_bad" classname="com.cardatechnologies.utils.validators.abaroutevalidator.Test_AbaRouteValidator_06" time="0"/>
  <testcase name="testAbaNumberCheck_12046_bad" classname="com.cardatechnologies.utils.validators.abaroutevalidator.Test_AbaRouteValidator_06" time="0"/>
  <testcase name="testAbaNumberCheck_10420_bad" classname="com.cardatechnologies.utils.validators.abaroutevalidator.Test_AbaRouteValidator_06" time="0"/>
  <testcase name="testAbaNumberCheck_11234_bad" classname="com.cardatechnologies.utils.validators.abaroutevalidator.Test_AbaRouteValidator_06" time="0"/>
  <testcase name="testAbaNumberCheck_12048_bad" classname="com.cardatechnologies.utils.validators.abaroutevalidator.Test_AbaRouteValidator_06" time="0"/>
  <testcase name="testAbaNumberCheck_11497_good" classname="com.cardatechnologies.utils.validators.abaroutevalidator.Test_AbaRouteValidator_06" time="0"/>
  <testcase name="testAbaNumberCheck_10557_good" classname="com.cardatechnologies.utils.validators.abaroutevalidator.Test_AbaRouteValidator_06" time="0"/>
  <testcase name="testAbaNumberCheck_10422_bad" classname="com.cardatechnologies.utils.validators.abaroutevalidator.Test_AbaRouteValidator_06" time="0"/>
  <testcase name="testAbaNumberCheck_11236_bad" classname="com.cardatechnologies.utils.validators.abaroutevalidator.Test_AbaRouteValidator_06" time="0"/>
  <testcase name="testAbaNumberCheck_10424_bad" classname="com.cardatechnologies.utils.validators.abaroutevalidator.Test_AbaRouteValidator_06" time="0"/>
  <testcase name="testAbaNumberCheck_11238_bad" classname="com.cardatechnologies.utils.validators.abaroutevalidator.Test_AbaRouteValidator_06" time="0"/>
  <testcase name="testAbaNumberCheck_10426_bad" classname="com.cardatechnologies.utils.validators.abaroutevalidator.Test_AbaRouteValidator_06" time="0"/>
  <testcase name="testAbaNumberCheck_10428_bad" classname="com.cardatechnologies.utils.validators.abaroutevalidator.Test_AbaRouteValidator_06" time="0"/>
  <testcase name="testAbaNumberCheck_10395_good" classname="com.cardatechnologies.utils.validators.abaroutevalidator.Test_AbaRouteValidator_06" time="0"/>
  <testcase name="testAbaNumberCheck_11993_good" classname="com.cardatechnologies.utils.validators.abaroutevalidator.Test_AbaRouteValidator_06" time="0"/>
  <testcase name="testAbaNumberCheck_10269_good" classname="com.cardatechnologies.utils.validators.abaroutevalidator.Test_AbaRouteValidator_06" time="0"/>
  <testcase name="testAbaNumberCheck_11867_good" classname="com.cardatechnologies.utils.validators.abaroutevalidator.Test_AbaRouteValidator_06" time="0"/>
  <testcase name="testAbaNumberCheck_10927_good" classname="com.cardatechnologies.utils.validators.abaroutevalidator.Test_AbaRouteValidator_06" time="0"/>
  <testcase name="testAbaNumberCheck_10891_good" classname="com.cardatechnologies.utils.validators.abaroutevalidator.Test_AbaRouteValidator_06" time="0"/>
  <testcase name="testAbaNumberCheck_12050_bad" classname="com.cardatechnologies.utils.validators.abaroutevalidator.Test_AbaRouteValidator_06" time="0"/>
  <testcase name="testAbaNumberCheck_10765_good" classname="com.cardatechnologies.utils.validators.abaroutevalidator.Test_AbaRouteValidator_06" time="0"/>
  <testcase name="testAbaNumberCheck_12052_bad" classname="com.cardatechnologies.utils.validators.abaroutevalidator.Test_AbaRouteValidator_06" time="0"/>
  <testcase name="testAbaNumberCheck_11240_bad" classname="com.cardatechnologies.utils.validators.abaroutevalidator.Test_AbaRouteValidator_06" time="0"/>
  <testcase name="testAbaNumberCheck_12054_bad" classname="com.cardatechnologies.utils.validators.abaroutevalidator.Test_AbaRouteValidator_06" time="0"/>
  <testcase name="testAbaNumberCheck_11579_good" classname="com.cardatechnologies.utils.validators.abaroutevalidator.Test_AbaRouteValidator_06" time="0"/>
  <testcase name="testAbaNumberCheck_10639_good" classname="com.cardatechnologies.utils.validators.abaroutevalidator.Test_AbaRouteValidator_06" time="0"/>
  <testcase name="testAbaNumberCheck_11242_bad" classname="com.cardatechnologies.utils.validators.abaroutevalidator.Test_AbaRouteValidator_06" time="0"/>
  <testcase name="testAbaNumberCheck_12056_bad" classname="com.cardatechnologies.utils.validators.abaroutevalidator.Test_AbaRouteValidator_06" time="0"/>
  <testcase name="testAbaNumberCheck_10430_bad" classname="com.cardatechnologies.utils.validators.abaroutevalidator.Test_AbaRouteValidator_06" time="0"/>
  <testcase name="testAbaNumberCheck_11244_bad" classname="com.cardatechnologies.utils.validators.abaroutevalidator.Test_AbaRouteValidator_06" time="0"/>
  <testcase name="testAbaNumberCheck_12058_bad" classname="com.cardatechnologies.utils.validators.abaroutevalidator.Test_AbaRouteValidator_06" time="0"/>
  <testcase name="testAbaNumberCheck_10432_bad" classname="com.cardatechnologies.utils.validators.abaroutevalidator.Test_AbaRouteValidator_06" time="0"/>
  <testcase name="testAbaNumberCheck_11246_bad" classname="com.cardatechnologies.utils.validators.abaroutevalidator.Test_AbaRouteValidator_06" time="0"/>
  <testcase name="testAbaNumberCheck_10434_bad" classname="com.cardatechnologies.utils.validators.abaroutevalidator.Test_AbaRouteValidator_06" time="0"/>
  <testcase name="testAbaNumberCheck_11248_bad" classname="com.cardatechnologies.utils.validators.abaroutevalidator.Test_AbaRouteValidator_06" time="0"/>
  <testcase name="testAbaNumberCheck_10477_good" classname="com.cardatechnologies.utils.validators.abaroutevalidator.Test_AbaRouteValidator_06" time="0"/>
  <testcase name="testAbaNumberCheck_10436_bad" classname="com.cardatechnologies.utils.validators.abaroutevalidator.Test_AbaRouteValidator_06" time="0"/>
  <testcase name="testAbaNumberCheck_10438_bad" classname="com.cardatechnologies.utils.validators.abaroutevalidator.Test_AbaRouteValidator_06" time="0"/>
  <testcase name="testAbaNumberCheck_11949_good" classname="com.cardatechnologies.utils.validators.abaroutevalidator.Test_AbaRouteValidator_06" time="0"/>
  <testcase name="testAbaNumberCheck_10973_good" classname="com.cardatechnologies.utils.validators.abaroutevalidator.Test_AbaRouteValidator_06" time="0"/>
  <testcase name="testAbaNumberCheck_10189_good" classname="com.cardatechnologies.utils.validators.abaroutevalidator.Test_AbaRouteValidator_06" time="0"/>
  <testcase name="testAbaNumberCheck_11787_good" classname="com.cardatechnologies.utils.validators.abaroutevalidator.Test_AbaRouteValidator_06" time="0"/>
  <testcase name="testAbaNumberCheck_10847_good" classname="com.cardatechnologies.utils.validators.abaroutevalidator.Test_AbaRouteValidator_06" time="0"/>
  <testcase name="testAbaNumberCheck_12060_bad" classname="com.cardatechnologies.utils.validators.abaroutevalidator.Test_AbaRouteValidator_06" time="0"/>
  <testcase name="testAbaNumberCheck_12062_bad" classname="com.cardatechnologies.utils.validators.abaroutevalidator.Test_AbaRouteValidator_06" time="0"/>
  <testcase name="testAbaNumberCheck_11700_bad" classname="com.cardatechnologies.utils.validators.abaroutevalidator.Test_AbaRouteValidator_06" time="0"/>
  <testcase name="testAbaNumberCheck_11250_bad" classname="com.cardatechnologies.utils.validators.abaroutevalidator.Test_AbaRouteValidator_06" time="0"/>
  <testcase name="testAbaNumberCheck_12064_bad" classname="com.cardatechnologies.utils.validators.abaroutevalidator.Test_AbaRouteValidator_06" time="0"/>
  <testcase name="testAbaNumberCheck_10685_good" classname="com.cardatechnologies.utils.validators.abaroutevalidator.Test_AbaRouteValidator_06" time="0"/>
  <testcase name="testAbaNumberCheck_11702_bad" classname="com.cardatechnologies.utils.validators.abaroutevalidator.Test_AbaRouteValidator_06" time="0"/>
  <testcase name="testAbaNumberCheck_11252_bad" classname="com.cardatechnologies.utils.validators.abaroutevalidator.Test_AbaRouteValidator_06" time="0"/>
  <testcase name="testAbaNumberCheck_12066_bad" classname="com.cardatechnologies.utils.validators.abaroutevalidator.Test_AbaRouteValidator_06" time="0.001"/>
  <testcase name="testAbaNumberCheck_11704_bad" classname="com.cardatechnologies.utils.validators.abaroutevalidator.Test_AbaRouteValidator_06" time="0"/>
  <testcase name="testAbaNumberCheck_10440_bad" classname="com.cardatechnologies.utils.validators.abaroutevalidator.Test_AbaRouteValidator_06" time="0"/>
  <testcase name="testAbaNumberCheck_11254_bad" classname="com.cardatechnologies.utils.validators.abaroutevalidator.Test_AbaRouteValidator_06" time="0"/>
  <testcase name="testAbaNumberCheck_12068_bad" classname="com.cardatechnologies.utils.validators.abaroutevalidator.Test_AbaRouteValidator_06" time="0"/>
  <testcase name="testAbaNumberCheck_11499_good" classname="com.cardatechnologies.utils.validators.abaroutevalidator.Test_AbaRouteValidator_06" time="0"/>
  <testcase name="testAbaNumberCheck_10559_good" classname="com.cardatechnologies.utils.validators.abaroutevalidator.Test_AbaRouteValidator_06" time="0"/>
  <testcase name="testAbaNumberCheck_11706_bad" classname="com.cardatechnologies.utils.validators.abaroutevalidator.Test_AbaRouteValidator_06" time="0"/>
  <testcase name="testAbaNumberCheck_10442_bad" classname="com.cardatechnologies.utils.validators.abaroutevalidator.Test_AbaRouteValidator_06" time="0"/>
  <testcase name="testAbaNumberCheck_11256_bad" classname="com.cardatechnologies.utils.validators.abaroutevalidator.Test_AbaRouteValidator_06" time="0"/>
  <testcase name="testAbaNumberCheck_11708_bad" classname="com.cardatechnologies.utils.validators.abaroutevalidator.Test_AbaRouteValidator_06" time="0"/>
  <testcase name="testAbaNumberCheck_10444_bad" classname="com.cardatechnologies.utils.validators.abaroutevalidator.Test_AbaRouteValidator_06" time="0"/>
  <testcase name="testAbaNumberCheck_11258_bad" classname="com.cardatechnologies.utils.validators.abaroutevalidator.Test_AbaRouteValidator_06" time="0"/>
  <testcase name="testAbaNumberCheck_10446_bad" classname="com.cardatechnologies.utils.validators.abaroutevalidator.Test_AbaRouteValidator_06" time="0"/>
  <testcase name="testAbaNumberCheck_10448_bad" classname="com.cardatechnologies.utils.validators.abaroutevalidator.Test_AbaRouteValidator_06" time="0"/>
  <testcase name="testAbaNumberCheck_10397_good" classname="com.cardatechnologies.utils.validators.abaroutevalidator.Test_AbaRouteValidator_06" time="0"/>
  <testcase name="testAbaNumberCheck_11995_good" classname="com.cardatechnologies.utils.validators.abaroutevalidator.Test_AbaRouteValidator_06" time="0"/>
  <testcase name="testAbaNumberCheck_11869_good" classname="com.cardatechnologies.utils.validators.abaroutevalidator.Test_AbaRouteValidator_06" time="0"/>
  <testcase name="testAbaNumberCheck_10929_good" classname="com.cardatechnologies.utils.validators.abaroutevalidator.Test_AbaRouteValidator_06" time="0"/>
  <testcase name="testAbaNumberCheck_10893_good" classname="com.cardatechnologies.utils.validators.abaroutevalidator.Test_AbaRouteValidator_06" time="0"/>
  <testcase name="testAbaNumberCheck_12070_bad" classname="com.cardatechnologies.utils.validators.abaroutevalidator.Test_AbaRouteValidator_06" time="0"/>
  <testcase name="testAbaNumberCheck_10767_good" classname="com.cardatechnologies.utils.validators.abaroutevalidator.Test_AbaRouteValidator_06" time="0"/>
  <testcase name="testAbaNumberCheck_12072_bad" classname="com.cardatechnologies.utils.validators.abaroutevalidator.Test_AbaRouteValidator_06" time="0.001"/>
  <testcase name="testAbaNumberCheck_11710_bad" classname="com.cardatechnologies.utils.validators.abaroutevalidator.Test_AbaRouteValidator_06" time="0"/>
  <testcase name="testAbaNumberCheck_11260_bad" classname="com.cardatechnologies.utils.validators.abaroutevalidator.Test_AbaRouteValidator_06" time="0"/>
  <testcase name="testAbaNumberCheck_12074_bad" classname="com.cardatechnologies.utils.validators.abaroutevalidator.Test_AbaRouteValidator_06" time="0"/>
  <testcase name="testAbaNumberCheck_11712_bad" classname="com.cardatechnologies.utils.validators.abaroutevalidator.Test_AbaRouteValidator_06" time="0"/>
  <testcase name="testAbaNumberCheck_11262_bad" classname="com.cardatechnologies.utils.validators.abaroutevalidator.Test_AbaRouteValidator_06" time="0"/>
  <testcase name="testAbaNumberCheck_12076_bad" classname="com.cardatechnologies.utils.validators.abaroutevalidator.Test_AbaRouteValidator_06" time="0"/>
  <testcase name="testAbaNumberCheck_10900_bad" classname="com.cardatechnologies.utils.validators.abaroutevalidator.Test_AbaRouteValidator_06" time="0"/>
  <testcase name="testAbaNumberCheck_11714_bad" classname="com.cardatechnologies.utils.validators.abaroutevalidator.Test_AbaRouteValidator_06" time="0"/>
  <testcase name="testAbaNumberCheck_10450_bad" classname="com.cardatechnologies.utils.validators.abaroutevalidator.Test_AbaRouteValidator_06" time="0"/>
  <testcase name="testAbaNumberCheck_11264_bad" classname="com.cardatechnologies.utils.validators.abaroutevalidator.Test_AbaRouteValidator_06" time="0"/>
  <testcase name="testAbaNumberCheck_12078_bad" classname="com.cardatechnologies.utils.validators.abaroutevalidator.Test_AbaRouteValidator_06" time="0"/>
  <testcase name="testAbaNumberCheck_10902_bad" classname="com.cardatechnologies.utils.validators.abaroutevalidator.Test_AbaRouteValidator_06" time="0"/>
  <testcase name="testAbaNumberCheck_11716_bad" classname="com.cardatechnologies.utils.validators.abaroutevalidator.Test_AbaRouteValidator_06" time="0"/>
  <testcase name="testAbaNumberCheck_10452_bad" classname="com.cardatechnologies.utils.validators.abaroutevalidator.Test_AbaRouteValidator_06" time="0"/>
  <testcase name="testAbaNumberCheck_11266_bad" classname="com.cardatechnologies.utils.validators.abaroutevalidator.Test_AbaRouteValidator_06" time="0"/>
  <testcase name="testAbaNumberCheck_10904_bad" classname="com.cardatechnologies.utils.validators.abaroutevalidator.Test_AbaRouteValidator_06" time="0"/>
  <testcase name="testAbaNumberCheck_11718_bad" classname="com.cardatechnologies.utils.validators.abaroutevalidator.Test_AbaRouteValidator_06" time="0"/>
  <testcase name="testAbaNumberCheck_10454_bad" classname="com.cardatechnologies.utils.validators.abaroutevalidator.Test_AbaRouteValidator_06" time="0"/>
  <testcase name="testAbaNumberCheck_11268_bad" classname="com.cardatechnologies.utils.validators.abaroutevalidator.Test_AbaRouteValidator_06" time="0"/>
  <testcase name="testAbaNumberCheck_10479_good" classname="com.cardatechnologies.utils.validators.abaroutevalidator.Test_AbaRouteValidator_06" time="0.001"/>
  <testcase name="testAbaNumberCheck_10906_bad" classname="com.cardatechnologies.utils.validators.abaroutevalidator.Test_AbaRouteValidator_06" time="0"/>
  <testcase name="testAbaNumberCheck_10456_bad" classname="com.cardatechnologies.utils.validators.abaroutevalidator.Test_AbaRouteValidator_06" time="0"/>
  <testcase name="testAbaNumberCheck_10908_bad" classname="com.cardatechnologies.utils.validators.abaroutevalidator.Test_AbaRouteValidator_06" time="0"/>
  <testcase name="testAbaNumberCheck_10458_bad" classname="com.cardatechnologies.utils.validators.abaroutevalidator.Test_AbaRouteValidator_06" time="0"/>
  <testcase name="testAbaNumberCheck_10975_good" classname="com.cardatechnologies.utils.validators.abaroutevalidator.Test_AbaRouteValidator_06" time="0"/>
  <testcase name="testAbaNumberCheck_11789_good" classname="com.cardatechnologies.utils.validators.abaroutevalidator.Test_AbaRouteValidator_06" time="0"/>
  <testcase name="testAbaNumberCheck_10849_good" classname="com.cardatechnologies.utils.validators.abaroutevalidator.Test_AbaRouteValidator_06" time="0"/>
  <testcase name="testAbaNumberCheck_12080_bad" classname="com.cardatechnologies.utils.validators.abaroutevalidator.Test_AbaRouteValidator_06" time="0"/>
  <testcase name="testAbaNumberCheck_12082_bad" classname="com.cardatechnologies.utils.validators.abaroutevalidator.Test_AbaRouteValidator_06" time="0"/>
  <testcase name="testAbaNumberCheck_11720_bad" classname="com.cardatechnologies.utils.validators.abaroutevalidator.Test_AbaRouteValidator_06" time="0"/>
  <testcase name="testAbaNumberCheck_11270_bad" classname="com.cardatechnologies.utils.validators.abaroutevalidator.Test_AbaRouteValidator_06" time="0"/>
  <testcase name="testAbaNumberCheck_12084_bad" classname="com.cardatechnologies.utils.validators.abaroutevalidator.Test_AbaRouteValidator_06" time="0"/>
  <testcase name="testAbaNumberCheck_10687_good" classname="com.cardatechnologies.utils.validators.abaroutevalidator.Test_AbaRouteValidator_06" time="0"/>
  <testcase name="testAbaNumberCheck_11722_bad" classname="com.cardatechnologies.utils.validators.abaroutevalidator.Test_AbaRouteValidator_06" time="0"/>
  <testcase name="testAbaNumberCheck_11272_bad" classname="com.cardatechnologies.utils.validators.abaroutevalidator.Test_AbaRouteValidator_06" time="0"/>
  <testcase name="testAbaNumberCheck_12086_bad" classname="com.cardatechnologies.utils.validators.abaroutevalidator.Test_AbaRouteValidator_06" time="0"/>
  <testcase name="testAbaNumberCheck_10910_bad" classname="com.cardatechnologies.utils.validators.abaroutevalidator.Test_AbaRouteValidator_06" time="0"/>
  <testcase name="testAbaNumberCheck_11724_bad" classname="com.cardatechnologies.utils.validators.abaroutevalidator.Test_AbaRouteValidator_06" time="0"/>
  <testcase name="testAbaNumberCheck_10460_bad" classname="com.cardatechnologies.utils.validators.abaroutevalidator.Test_AbaRouteValidator_06" time="0"/>
  <testcase name="testAbaNumberCheck_11274_bad" classname="com.cardatechnologies.utils.validators.abaroutevalidator.Test_AbaRouteValidator_06" time="0.001"/>
  <testcase name="testAbaNumberCheck_12088_bad" classname="com.cardatechnologies.utils.validators.abaroutevalidator.Test_AbaRouteValidator_06" time="0"/>
  <testcase name="testAbaNumberCheck_10912_bad" classname="com.cardatechnologies.utils.validators.abaroutevalidator.Test_AbaRouteValidator_06" time="0"/>
  <testcase name="testAbaNumberCheck_11726_bad" classname="com.cardatechnologies.utils.validators.abaroutevalidator.Test_AbaRouteValidator_06" time="0"/>
  <testcase name="testAbaNumberCheck_10462_bad" classname="com.cardatechnologies.utils.validators.abaroutevalidator.Test_AbaRouteValidator_06" time="0"/>
  <testcase name="testAbaNumberCheck_11276_bad" classname="com.cardatechnologies.utils.validators.abaroutevalidator.Test_AbaRouteValidator_06" time="0"/>
  <testcase name="testAbaNumberCheck_10914_bad" classname="com.cardatechnologies.utils.validators.abaroutevalidator.Test_AbaRouteValidator_06" time="0"/>
  <testcase name="testAbaNumberCheck_11728_bad" classname="com.cardatechnologies.utils.validators.abaroutevalidator.Test_AbaRouteValidator_06" time="0"/>
  <testcase name="testAbaNumberCheck_10464_bad" classname="com.cardatechnologies.utils.validators.abaroutevalidator.Test_AbaRouteValidator_06" time="0"/>
  <testcase name="testAbaNumberCheck_11278_bad" classname="com.cardatechnologies.utils.validators.abaroutevalidator.Test_AbaRouteValidator_06" time="0"/>
  <testcase name="testAbaNumberCheck_10916_bad" classname="com.cardatechnologies.utils.validators.abaroutevalidator.Test_AbaRouteValidator_06" time="0"/>
  <testcase name="testAbaNumberCheck_10466_bad" classname="com.cardatechnologies.utils.validators.abaroutevalidator.Test_AbaRouteValidator_06" time="0"/>
  <testcase name="testAbaNumberCheck_10918_bad" classname="com.cardatechnologies.utils.validators.abaroutevalidator.Test_AbaRouteValidator_06" time="0"/>
  <testcase name="testAbaNumberCheck_10468_bad" classname="com.cardatechnologies.utils.validators.abaroutevalidator.Test_AbaRouteValidator_06" time="0"/>
  <testcase name="testAbaNumberCheck_10399_good" classname="com.cardatechnologies.utils.validators.abaroutevalidator.Test_AbaRouteValidator_06" time="0"/>
  <testcase name="testAbaNumberCheck_11997_good" classname="com.cardatechnologies.utils.validators.abaroutevalidator.Test_AbaRouteValidator_06" time="0"/>
  <testcase name="testAbaNumberCheck_10895_good" classname="com.cardatechnologies.utils.validators.abaroutevalidator.Test_AbaRouteValidator_06" time="0"/>
  <testcase name="testAbaNumberCheck_12090_bad" classname="com.cardatechnologies.utils.validators.abaroutevalidator.Test_AbaRouteValidator_06" time="0"/>
  <testcase name="testAbaNumberCheck_10769_good" classname="com.cardatechnologies.utils.validators.abaroutevalidator.Test_AbaRouteValidator_06" time="0"/>
  <testcase name="testAbaNumberCheck_12092_bad" classname="com.cardatechnologies.utils.validators.abaroutevalidator.Test_AbaRouteValidator_06" time="0"/>
  <testcase name="testAbaNumberCheck_11730_bad" classname="com.cardatechnologies.utils.validators.abaroutevalidator.Test_AbaRouteValidator_06" time="0"/>
  <testcase name="testAbaNumberCheck_11280_bad" classname="com.cardatechnologies.utils.validators.abaroutevalidator.Test_AbaRouteValidator_06" time="0.001"/>
  <testcase name="testAbaNumberCheck_12094_bad" classname="com.cardatechnologies.utils.validators.abaroutevalidator.Test_AbaRouteValidator_06" time="0"/>
  <testcase name="testAbaNumberCheck_11732_bad" classname="com.cardatechnologies.utils.validators.abaroutevalidator.Test_AbaRouteValidator_06" time="0"/>
  <testcase name="testAbaNumberCheck_11282_bad" classname="com.cardatechnologies.utils.validators.abaroutevalidator.Test_AbaRouteValidator_06" time="0"/>
  <testcase name="testAbaNumberCheck_12096_bad" classname="com.cardatechnologies.utils.validators.abaroutevalidator.Test_AbaRouteValidator_06" time="0"/>
  <testcase name="testAbaNumberCheck_10920_bad" classname="com.cardatechnologies.utils.validators.abaroutevalidator.Test_AbaRouteValidator_06" time="0"/>
  <testcase name="testAbaNumberCheck_11734_bad" classname="com.cardatechnologies.utils.validators.abaroutevalidator.Test_AbaRouteValidator_06" time="0"/>
  <testcase name="testAbaNumberCheck_10470_bad" classname="com.cardatechnologies.utils.validators.abaroutevalidator.Test_AbaRouteValidator_06" time="0"/>
  <testcase name="testAbaNumberCheck_11284_bad" classname="com.cardatechnologies.utils.validators.abaroutevalidator.Test_AbaRouteValidator_06" time="0"/>
  <testcase name="testAbaNumberCheck_12098_bad" classname="com.cardatechnologies.utils.validators.abaroutevalidator.Test_AbaRouteValidator_06" time="0"/>
  <testcase name="testAbaNumberCheck_10922_bad" classname="com.cardatechnologies.utils.validators.abaroutevalidator.Test_AbaRouteValidator_06" time="0"/>
  <testcase name="testAbaNumberCheck_11736_bad" classname="com.cardatechnologies.utils.validators.abaroutevalidator.Test_AbaRouteValidator_06" time="0"/>
  <testcase name="testAbaNumberCheck_10472_bad" classname="com.cardatechnologies.utils.validators.abaroutevalidator.Test_AbaRouteValidator_06" time="0"/>
  <testcase name="testAbaNumberCheck_11286_bad" classname="com.cardatechnologies.utils.validators.abaroutevalidator.Test_AbaRouteValidator_06" time="0"/>
  <testcase name="testAbaNumberCheck_10924_bad" classname="com.cardatechnologies.utils.validators.abaroutevalidator.Test_AbaRouteValidator_06" time="0"/>
  <testcase name="testAbaNumberCheck_11738_bad" classname="com.cardatechnologies.utils.validators.abaroutevalidator.Test_AbaRouteValidator_06" time="0"/>
  <testcase name="testAbaNumberCheck_10474_bad" classname="com.cardatechnologies.utils.validators.abaroutevalidator.Test_AbaRouteValidator_06" time="0"/>
  <testcase name="testAbaNumberCheck_11288_bad" classname="com.cardatechnologies.utils.validators.abaroutevalidator.Test_AbaRouteValidator_06" time="0"/>
  <testcase name="testAbaNumberCheck_10926_bad" classname="com.cardatechnologies.utils.validators.abaroutevalidator.Test_AbaRouteValidator_06" time="0"/>
  <testcase name="testAbaNumberCheck_10476_bad" classname="com.cardatechnologies.utils.validators.abaroutevalidator.Test_AbaRouteValidator_06" time="0"/>
  <testcase name="testAbaNumberCheck_10928_bad" classname="com.cardatechnologies.utils.validators.abaroutevalidator.Test_AbaRouteValidator_06" time="0"/>
  <testcase name="testAbaNumberCheck_10478_bad" classname="com.cardatechnologies.utils.validators.abaroutevalidator.Test_AbaRouteValidator_06" time="0.001"/>
  <testcase name="testAbaNumberCheck_10977_good" classname="com.cardatechnologies.utils.validators.abaroutevalidator.Test_AbaRouteValidator_06" time="0"/>
  <testcase name="testAbaNumberCheck_11740_bad" classname="com.cardatechnologies.utils.validators.abaroutevalidator.Test_AbaRouteValidator_06" time="0"/>
  <testcase name="testAbaNumberCheck_11290_bad" classname="com.cardatechnologies.utils.validators.abaroutevalidator.Test_AbaRouteValidator_06" time="0"/>
  <testcase name="testAbaNumberCheck_10689_good" classname="com.cardatechnologies.utils.validators.abaroutevalidator.Test_AbaRouteValidator_06" time="0"/>
  <testcase name="testAbaNumberCheck_11742_bad" classname="com.cardatechnologies.utils.validators.abaroutevalidator.Test_AbaRouteValidator_06" time="0"/>
  <testcase name="testAbaNumberCheck_11292_bad" classname="com.cardatechnologies.utils.validators.abaroutevalidator.Test_AbaRouteValidator_06" time="0"/>
  <testcase name="testAbaNumberCheck_10930_bad" classname="com.cardatechnologies.utils.validators.abaroutevalidator.Test_AbaRouteValidator_06" time="0"/>
  <testcase name="testAbaNumberCheck_11744_bad" classname="com.cardatechnologies.utils.validators.abaroutevalidator.Test_AbaRouteValidator_06" time="0"/>
  <testcase name="testAbaNumberCheck_10480_bad" classname="com.cardatechnologies.utils.validators.abaroutevalidator.Test_AbaRouteValidator_06" time="0"/>
  <testcase name="testAbaNumberCheck_11294_bad" classname="com.cardatechnologies.utils.validators.abaroutevalidator.Test_AbaRouteValidator_06" time="0"/>
  <testcase name="testAbaNumberCheck_10932_bad" classname="com.cardatechnologies.utils.validators.abaroutevalidator.Test_AbaRouteValidator_06" time="0"/>
  <testcase name="testAbaNumberCheck_11746_bad" classname="com.cardatechnologies.utils.validators.abaroutevalidator.Test_AbaRouteValidator_06" time="0"/>
  <testcase name="testAbaNumberCheck_10482_bad" classname="com.cardatechnologies.utils.validators.abaroutevalidator.Test_AbaRouteValidator_06" time="0"/>
  <testcase name="testAbaNumberCheck_11296_bad" classname="com.cardatechnologies.utils.validators.abaroutevalidator.Test_AbaRouteValidator_06" time="0"/>
  <testcase name="testAbaNumberCheck_10934_bad" classname="com.cardatechnologies.utils.validators.abaroutevalidator.Test_AbaRouteValidator_06" time="0"/>
  <testcase name="testAbaNumberCheck_11748_bad" classname="com.cardatechnologies.utils.validators.abaroutevalidator.Test_AbaRouteValidator_06" time="0"/>
  <testcase name="testAbaNumberCheck_10484_bad" classname="com.cardatechnologies.utils.validators.abaroutevalidator.Test_AbaRouteValidator_06" time="0"/>
  <testcase name="testAbaNumberCheck_11298_bad" classname="com.cardatechnologies.utils.validators.abaroutevalidator.Test_AbaRouteValidator_06" time="0"/>
  <testcase name="testAbaNumberCheck_10936_bad" classname="com.cardatechnologies.utils.validators.abaroutevalidator.Test_AbaRouteValidator_06" time="0"/>
  <testcase name="testAbaNumberCheck_10486_bad" classname="com.cardatechnologies.utils.validators.abaroutevalidator.Test_AbaRouteValidator_06" time="0"/>
  <testcase name="testAbaNumberCheck_10938_bad" classname="com.cardatechnologies.utils.validators.abaroutevalidator.Test_AbaRouteValidator_06" time="0"/>
  <testcase name="testAbaNumberCheck_10488_bad" classname="com.cardatechnologies.utils.validators.abaroutevalidator.Test_AbaRouteValidator_06" time="0"/>
  <testcase name="testAbaNumberCheck_11999_good" classname="com.cardatechnologies.utils.validators.abaroutevalidator.Test_AbaRouteValidator_06" time="0"/>
  <testcase name="testAbaNumberCheck_10897_good" classname="com.cardatechnologies.utils.validators.abaroutevalidator.Test_AbaRouteValidator_06" time="0"/>
  <testcase name="testAbaNumberCheck_11750_bad" classname="com.cardatechnologies.utils.validators.abaroutevalidator.Test_AbaRouteValidator_06" time="0"/>
  <testcase name="testAbaNumberCheck_11752_bad" classname="com.cardatechnologies.utils.validators.abaroutevalidator.Test_AbaRouteValidator_06" time="0"/>
  <testcase name="testAbaNumberCheck_10940_bad" classname="com.cardatechnologies.utils.validators.abaroutevalidator.Test_AbaRouteValidator_06" time="0"/>
  <testcase name="testAbaNumberCheck_11754_bad" classname="com.cardatechnologies.utils.validators.abaroutevalidator.Test_AbaRouteValidator_06" time="0"/>
  <testcase name="testAbaNumberCheck_10490_bad" classname="com.cardatechnologies.utils.validators.abaroutevalidator.Test_AbaRouteValidator_06" time="0"/>
  <testcase name="testAbaNumberCheck_10942_bad" classname="com.cardatechnologies.utils.validators.abaroutevalidator.Test_AbaRouteValidator_06" time="0"/>
  <testcase name="testAbaNumberCheck_11756_bad" classname="com.cardatechnologies.utils.validators.abaroutevalidator.Test_AbaRouteValidator_06" time="0"/>
  <testcase name="testAbaNumberCheck_10492_bad" classname="com.cardatechnologies.utils.validators.abaroutevalidator.Test_AbaRouteValidator_06" time="0"/>
  <testcase name="testAbaNumberCheck_10944_bad" classname="com.cardatechnologies.utils.validators.abaroutevalidator.Test_AbaRouteValidator_06" time="0"/>
  <testcase name="testAbaNumberCheck_11758_bad" classname="com.cardatechnologies.utils.validators.abaroutevalidator.Test_AbaRouteValidator_06" time="0"/>
  <testcase name="testAbaNumberCheck_10494_bad" classname="com.cardatechnologies.utils.validators.abaroutevalidator.Test_AbaRouteValidator_06" time="0"/>
  <testcase name="testAbaNumberCheck_10946_bad" classname="com.cardatechnologies.utils.validators.abaroutevalidator.Test_AbaRouteValidator_06" time="0"/>
  <testcase name="testAbaNumberCheck_10496_bad" classname="com.cardatechnologies.utils.validators.abaroutevalidator.Test_AbaRouteValidator_06" time="0"/>
  <testcase name="testAbaNumberCheck_10948_bad" classname="com.cardatechnologies.utils.validators.abaroutevalidator.Test_AbaRouteValidator_06" time="0"/>
  <testcase name="testAbaNumberCheck_10498_bad" classname="com.cardatechnologies.utils.validators.abaroutevalidator.Test_AbaRouteValidator_06" time="0"/>
  <testcase name="testAbaNumberCheck_10979_good" classname="com.cardatechnologies.utils.validators.abaroutevalidator.Test_AbaRouteValidator_06" time="0"/>
  <testcase name="testAbaNumberCheck_11760_bad" classname="com.cardatechnologies.utils.validators.abaroutevalidator.Test_AbaRouteValidator_06" time="0"/>
  <testcase name="testAbaNumberCheck_11762_bad" classname="com.cardatechnologies.utils.validators.abaroutevalidator.Test_AbaRouteValidator_06" time="0"/>
  <testcase name="testAbaNumberCheck_10950_bad" classname="com.cardatechnologies.utils.validators.abaroutevalidator.Test_AbaRouteValidator_06" time="0"/>
  <testcase name="testAbaNumberCheck_11764_bad" classname="com.cardatechnologies.utils.validators.abaroutevalidator.Test_AbaRouteValidator_06" time="0"/>
  <testcase name="testAbaNumberCheck_10952_bad" classname="com.cardatechnologies.utils.validators.abaroutevalidator.Test_AbaRouteValidator_06" time="0"/>
  <testcase name="testAbaNumberCheck_11766_bad" classname="com.cardatechnologies.utils.validators.abaroutevalidator.Test_AbaRouteValidator_06" time="0"/>
  <testcase name="testAbaNumberCheck_10954_bad" classname="com.cardatechnologies.utils.validators.abaroutevalidator.Test_AbaRouteValidator_06" time="0.001"/>
  <testcase name="testAbaNumberCheck_11768_bad" classname="com.cardatechnologies.utils.validators.abaroutevalidator.Test_AbaRouteValidator_06" time="0"/>
  <testcase name="testAbaNumberCheck_10956_bad" classname="com.cardatechnologies.utils.validators.abaroutevalidator.Test_AbaRouteValidator_06" time="0"/>
  <testcase name="testAbaNumberCheck_10958_bad" classname="com.cardatechnologies.utils.validators.abaroutevalidator.Test_AbaRouteValidator_06" time="0"/>
  <testcase name="testAbaNumberCheck_12001_good" classname="com.cardatechnologies.utils.validators.abaroutevalidator.Test_AbaRouteValidator_06" time="0"/>
  <testcase name="testAbaNumberCheck_10899_good" classname="com.cardatechnologies.utils.validators.abaroutevalidator.Test_AbaRouteValidator_06" time="0"/>
  <testcase name="testAbaNumberCheck_11770_bad" classname="com.cardatechnologies.utils.validators.abaroutevalidator.Test_AbaRouteValidator_06" time="0"/>
  <testcase name="testAbaNumberCheck_11772_bad" classname="com.cardatechnologies.utils.validators.abaroutevalidator.Test_AbaRouteValidator_06" time="0"/>
  <testcase name="testAbaNumberCheck_10960_bad" classname="com.cardatechnologies.utils.validators.abaroutevalidator.Test_AbaRouteValidator_06" time="0"/>
  <testcase name="testAbaNumberCheck_11774_bad" classname="com.cardatechnologies.utils.validators.abaroutevalidator.Test_AbaRouteValidator_06" time="0"/>
  <testcase name="testAbaNumberCheck_10962_bad" classname="com.cardatechnologies.utils.validators.abaroutevalidator.Test_AbaRouteValidator_06" time="0"/>
  <testcase name="testAbaNumberCheck_11776_bad" classname="com.cardatechnologies.utils.validators.abaroutevalidator.Test_AbaRouteValidator_06" time="0"/>
  <testcase name="testAbaNumberCheck_10964_bad" classname="com.cardatechnologies.utils.validators.abaroutevalidator.Test_AbaRouteValidator_06" time="0"/>
  <testcase name="testAbaNumberCheck_11778_bad" classname="com.cardatechnologies.utils.validators.abaroutevalidator.Test_AbaRouteValidator_06" time="0"/>
  <testcase name="testAbaNumberCheck_10966_bad" classname="com.cardatechnologies.utils.validators.abaroutevalidator.Test_AbaRouteValidator_06" time="0"/>
  <testcase name="testAbaNumberCheck_10968_bad" classname="com.cardatechnologies.utils.validators.abaroutevalidator.Test_AbaRouteValidator_06" time="0"/>
  <testcase name="testAbaNumberCheck_11780_bad" classname="com.cardatechnologies.utils.validators.abaroutevalidator.Test_AbaRouteValidator_06" time="0"/>
  <testcase name="testAbaNumberCheck_11782_bad" classname="com.cardatechnologies.utils.validators.abaroutevalidator.Test_AbaRouteValidator_06" time="0"/>
  <testcase name="testAbaNumberCheck_10970_bad" classname="com.cardatechnologies.utils.validators.abaroutevalidator.Test_AbaRouteValidator_06" time="0"/>
  <testcase name="testAbaNumberCheck_11784_bad" classname="com.cardatechnologies.utils.validators.abaroutevalidator.Test_AbaRouteValidator_06" time="0"/>
  <testcase name="testAbaNumberCheck_10972_bad" classname="com.cardatechnologies.utils.validators.abaroutevalidator.Test_AbaRouteValidator_06" time="0"/>
  <testcase name="testAbaNumberCheck_11786_bad" classname="com.cardatechnologies.utils.validators.abaroutevalidator.Test_AbaRouteValidator_06" time="0"/>
  <testcase name="testAbaNumberCheck_10974_bad" classname="com.cardatechnologies.utils.validators.abaroutevalidator.Test_AbaRouteValidator_06" time="0"/>
  <testcase name="testAbaNumberCheck_11788_bad" classname="com.cardatechnologies.utils.validators.abaroutevalidator.Test_AbaRouteValidator_06" time="0.001"/>
  <testcase name="testAbaNumberCheck_10976_bad" classname="com.cardatechnologies.utils.validators.abaroutevalidator.Test_AbaRouteValidator_06" time="0"/>
  <testcase name="testAbaNumberCheck_10978_bad" classname="com.cardatechnologies.utils.validators.abaroutevalidator.Test_AbaRouteValidator_06" time="0"/>
  <testcase name="testAbaNumberCheck_12003_good" classname="com.cardatechnologies.utils.validators.abaroutevalidator.Test_AbaRouteValidator_06" time="0"/>
  <testcase name="testAbaNumberCheck_11790_bad" classname="com.cardatechnologies.utils.validators.abaroutevalidator.Test_AbaRouteValidator_06" time="0"/>
  <testcase name="testAbaNumberCheck_11792_bad" classname="com.cardatechnologies.utils.validators.abaroutevalidator.Test_AbaRouteValidator_06" time="0"/>
  <testcase name="testAbaNumberCheck_10980_bad" classname="com.cardatechnologies.utils.validators.abaroutevalidator.Test_AbaRouteValidator_06" time="0"/>
  <testcase name="testAbaNumberCheck_11794_bad" classname="com.cardatechnologies.utils.validators.abaroutevalidator.Test_AbaRouteValidator_06" time="0"/>
  <testcase name="testAbaNumberCheck_10982_bad" classname="com.cardatechnologies.utils.validators.abaroutevalidator.Test_AbaRouteValidator_06" time="0"/>
  <testcase name="testAbaNumberCheck_11796_bad" classname="com.cardatechnologies.utils.validators.abaroutevalidator.Test_AbaRouteValidator_06" time="0"/>
  <testcase name="testAbaNumberCheck_10984_bad" classname="com.cardatechnologies.utils.validators.abaroutevalidator.Test_AbaRouteValidator_06" time="0"/>
  <testcase name="testAbaNumberCheck_11798_bad" classname="com.cardatechnologies.utils.validators.abaroutevalidator.Test_AbaRouteValidator_06" time="0"/>
  <testcase name="testAbaNumberCheck_10986_bad" classname="com.cardatechnologies.utils.validators.abaroutevalidator.Test_AbaRouteValidator_06" time="0"/>
  <testcase name="testAbaNumberCheck_12211_good" classname="com.cardatechnologies.utils.validators.abaroutevalidator.Test_AbaRouteValidator_06" time="0"/>
  <testcase name="testAbaNumberCheck_10988_bad" classname="com.cardatechnologies.utils.validators.abaroutevalidator.Test_AbaRouteValidator_06" time="0"/>
  <testcase name="testAbaNumberCheck_10990_bad" classname="com.cardatechnologies.utils.validators.abaroutevalidator.Test_AbaRouteValidator_06" time="0"/>
  <testcase name="testAbaNumberCheck_10992_bad" classname="com.cardatechnologies.utils.validators.abaroutevalidator.Test_AbaRouteValidator_06" time="0"/>
  <testcase name="testAbaNumberCheck_10994_bad" classname="com.cardatechnologies.utils.validators.abaroutevalidator.Test_AbaRouteValidator_06" time="0"/>
  <testcase name="testAbaNumberCheck_10996_bad" classname="com.cardatechnologies.utils.validators.abaroutevalidator.Test_AbaRouteValidator_06" time="0"/>
  <testcase name="testAbaNumberCheck_10998_bad" classname="com.cardatechnologies.utils.validators.abaroutevalidator.Test_AbaRouteValidator_06" time="0"/>
  <testcase name="testAbaNumberCheck_12131_good" classname="com.cardatechnologies.utils.validators.abaroutevalidator.Test_AbaRouteValidator_06" time="0"/>
  <testcase name="testAbaNumberCheck_12005_good" classname="com.cardatechnologies.utils.validators.abaroutevalidator.Test_AbaRouteValidator_06" time="0"/>
  <testcase name="testAbaNumberCheck_12213_good" classname="com.cardatechnologies.utils.validators.abaroutevalidator.Test_AbaRouteValidator_06" time="0"/>
  <testcase name="testAbaNumberCheck_12051_good" classname="com.cardatechnologies.utils.validators.abaroutevalidator.Test_AbaRouteValidator_06" time="0"/>
  <testcase name="testAbaNumberCheck_11111_good" classname="com.cardatechnologies.utils.validators.abaroutevalidator.Test_AbaRouteValidator_06" time="0"/>
  <testcase name="testAbaNumberCheck_12421_good" classname="com.cardatechnologies.utils.validators.abaroutevalidator.Test_AbaRouteValidator_06" time="0"/>
  <testcase name="testAbaNumberCheck_12133_good" classname="com.cardatechnologies.utils.validators.abaroutevalidator.Test_AbaRouteValidator_06" time="0"/>
  <testcase name="testAbaNumberCheck_12007_good" classname="com.cardatechnologies.utils.validators.abaroutevalidator.Test_AbaRouteValidator_06" time="0"/>
  <testcase name="testAbaNumberCheck_11031_good" classname="com.cardatechnologies.utils.validators.abaroutevalidator.Test_AbaRouteValidator_06" time="0"/>
  <testcase name="testAbaNumberCheck_12341_good" classname="com.cardatechnologies.utils.validators.abaroutevalidator.Test_AbaRouteValidator_06" time="0"/>
  <testcase name="testAbaNumberCheck_11401_good" classname="com.cardatechnologies.utils.validators.abaroutevalidator.Test_AbaRouteValidator_06" time="0"/>
  <testcase name="testAbaNumberCheck_12215_good" classname="com.cardatechnologies.utils.validators.abaroutevalidator.Test_AbaRouteValidator_06" time="0"/>
  <testcase name="testAbaNumberCheck_12053_good" classname="com.cardatechnologies.utils.validators.abaroutevalidator.Test_AbaRouteValidator_06" time="0"/>
  <testcase name="testAbaNumberCheck_11113_good" classname="com.cardatechnologies.utils.validators.abaroutevalidator.Test_AbaRouteValidator_06" time="0"/>
  <testcase name="testAbaNumberCheck_10011_good" classname="com.cardatechnologies.utils.validators.abaroutevalidator.Test_AbaRouteValidator_06" time="0"/>
  <testcase name="testAbaNumberCheck_12423_good" classname="com.cardatechnologies.utils.validators.abaroutevalidator.Test_AbaRouteValidator_06" time="0"/>
  <testcase name="testAbaNumberCheck_12261_good" classname="com.cardatechnologies.utils.validators.abaroutevalidator.Test_AbaRouteValidator_06" time="0"/>
  <testcase name="testAbaNumberCheck_11321_good" classname="com.cardatechnologies.utils.validators.abaroutevalidator.Test_AbaRouteValidator_06" time="0"/>
  <testcase name="testAbaNumberCheck_12135_good" classname="com.cardatechnologies.utils.validators.abaroutevalidator.Test_AbaRouteValidator_06" time="0"/>
  <testcase name="testAbaNumberCheck_12009_good" classname="com.cardatechnologies.utils.validators.abaroutevalidator.Test_AbaRouteValidator_06" time="0"/>
  <testcase name="testAbaNumberCheck_11033_good" classname="com.cardatechnologies.utils.validators.abaroutevalidator.Test_AbaRouteValidator_06" time="0"/>
  <testcase name="testAbaNumberCheck_12343_good" classname="com.cardatechnologies.utils.validators.abaroutevalidator.Test_AbaRouteValidator_06" time="0"/>
  <testcase name="testAbaNumberCheck_11403_good" classname="com.cardatechnologies.utils.validators.abaroutevalidator.Test_AbaRouteValidator_06" time="0"/>
  <testcase name="testAbaNumberCheck_12217_good" classname="com.cardatechnologies.utils.validators.abaroutevalidator.Test_AbaRouteValidator_06" time="0"/>
  <testcase name="testAbaNumberCheck_12181_good" classname="com.cardatechnologies.utils.validators.abaroutevalidator.Test_AbaRouteValidator_06" time="0.001"/>
  <testcase name="testAbaNumberCheck_11241_good" classname="com.cardatechnologies.utils.validators.abaroutevalidator.Test_AbaRouteValidator_06" time="0"/>
  <testcase name="testAbaNumberCheck_10301_good" classname="com.cardatechnologies.utils.validators.abaroutevalidator.Test_AbaRouteValidator_06" time="0"/>
  <testcase name="testAbaNumberCheck_12055_good" classname="com.cardatechnologies.utils.validators.abaroutevalidator.Test_AbaRouteValidator_06" time="0"/>
  <testcase name="testAbaNumberCheck_11115_good" classname="com.cardatechnologies.utils.validators.abaroutevalidator.Test_AbaRouteValidator_06" time="0"/>
  <testcase name="testAbaNumberCheck_10013_good" classname="com.cardatechnologies.utils.validators.abaroutevalidator.Test_AbaRouteValidator_06" time="0"/>
  <testcase name="testAbaNumberCheck_11611_good" classname="com.cardatechnologies.utils.validators.abaroutevalidator.Test_AbaRouteValidator_06" time="0"/>
  <testcase name="testAbaNumberCheck_12425_good" classname="com.cardatechnologies.utils.validators.abaroutevalidator.Test_AbaRouteValidator_06" time="0"/>
  <testcase name="testAbaNumberCheck_12263_good" classname="com.cardatechnologies.utils.validators.abaroutevalidator.Test_AbaRouteValidator_06" time="0"/>
  <testcase name="testAbaNumberCheck_11323_good" classname="com.cardatechnologies.utils.validators.abaroutevalidator.Test_AbaRouteValidator_06" time="0"/>
  <testcase name="testAbaNumberCheck_12137_good" classname="com.cardatechnologies.utils.validators.abaroutevalidator.Test_AbaRouteValidator_06" time="0"/>
  <testcase name="testAbaNumberCheck_11161_good" classname="com.cardatechnologies.utils.validators.abaroutevalidator.Test_AbaRouteValidator_06" time="0"/>
  <testcase name="testAbaNumberCheck_10221_good" classname="com.cardatechnologies.utils.validators.abaroutevalidator.Test_AbaRouteValidator_06" time="0"/>
  <testcase name="testAbaNumberCheck_11035_good" classname="com.cardatechnologies.utils.validators.abaroutevalidator.Test_AbaRouteValidator_06" time="0"/>
  <testcase name="testAbaNumberCheck_11531_good" classname="com.cardatechnologies.utils.validators.abaroutevalidator.Test_AbaRouteValidator_06" time="0"/>
  <testcase name="testAbaNumberCheck_12345_good" classname="com.cardatechnologies.utils.validators.abaroutevalidator.Test_AbaRouteValidator_06" time="0"/>
  <testcase name="testAbaNumberCheck_11405_good" classname="com.cardatechnologies.utils.validators.abaroutevalidator.Test_AbaRouteValidator_06" time="0"/>
  <testcase name="testAbaNumberCheck_12219_good" classname="com.cardatechnologies.utils.validators.abaroutevalidator.Test_AbaRouteValidator_06" time="0"/>
  <testcase name="testAbaNumberCheck_12183_good" classname="com.cardatechnologies.utils.validators.abaroutevalidator.Test_AbaRouteValidator_06" time="0"/>
  <testcase name="testAbaNumberCheck_11243_good" classname="com.cardatechnologies.utils.validators.abaroutevalidator.Test_AbaRouteValidator_06" time="0"/>
  <testcase name="testAbaNumberCheck_10303_good" classname="com.cardatechnologies.utils.validators.abaroutevalidator.Test_AbaRouteValidator_06" time="0"/>
  <testcase name="testAbaNumberCheck_11901_good" classname="com.cardatechnologies.utils.validators.abaroutevalidator.Test_AbaRouteValidator_06" time="0.001"/>
  <testcase name="testAbaNumberCheck_12057_good" classname="com.cardatechnologies.utils.validators.abaroutevalidator.Test_AbaRouteValidator_06" time="0"/>
  <testcase name="testAbaNumberCheck_11117_good" classname="com.cardatechnologies.utils.validators.abaroutevalidator.Test_AbaRouteValidator_06" time="0"/>
  <testcase name="testAbaNumberCheck_11081_good" classname="com.cardatechnologies.utils.validators.abaroutevalidator.Test_AbaRouteValidator_06" time="0"/>
  <testcase name="testAbaNumberCheck_10141_good" classname="com.cardatechnologies.utils.validators.abaroutevalidator.Test_AbaRouteValidator_06" time="0"/>
  <testcase name="testAbaNumberCheck_10015_good" classname="com.cardatechnologies.utils.validators.abaroutevalidator.Test_AbaRouteValidator_06" time="0"/>
  <testcase name="testAbaNumberCheck_11613_good" classname="com.cardatechnologies.utils.validators.abaroutevalidator.Test_AbaRouteValidator_06" time="0"/>
  <testcase name="testAbaNumberCheck_12427_good" classname="com.cardatechnologies.utils.validators.abaroutevalidator.Test_AbaRouteValidator_06" time="0"/>
  <testcase name="testAbaNumberCheck_12391_good" classname="com.cardatechnologies.utils.validators.abaroutevalidator.Test_AbaRouteValidator_06" time="0"/>
  <testcase name="testAbaNumberCheck_11451_good" classname="com.cardatechnologies.utils.validators.abaroutevalidator.Test_AbaRouteValidator_06" time="0"/>
  <testcase name="testAbaNumberCheck_10511_good" classname="com.cardatechnologies.utils.validators.abaroutevalidator.Test_AbaRouteValidator_06" time="0"/>
  <testcase name="testAbaNumberCheck_12265_good" classname="com.cardatechnologies.utils.validators.abaroutevalidator.Test_AbaRouteValidator_06" time="0"/>
  <testcase name="testAbaNumberCheck_11325_good" classname="com.cardatechnologies.utils.validators.abaroutevalidator.Test_AbaRouteValidator_06" time="0"/>
  <testcase name="testAbaNumberCheck_12139_good" classname="com.cardatechnologies.utils.validators.abaroutevalidator.Test_AbaRouteValidator_06" time="0"/>
  <testcase name="testAbaNumberCheck_11163_good" classname="com.cardatechnologies.utils.validators.abaroutevalidator.Test_AbaRouteValidator_06" time="0"/>
  <testcase name="testAbaNumberCheck_10223_good" classname="com.cardatechnologies.utils.validators.abaroutevalidator.Test_AbaRouteValidator_06" time="0"/>
  <testcase name="testAbaNumberCheck_11821_good" classname="com.cardatechnologies.utils.validators.abaroutevalidator.Test_AbaRouteValidator_06" time="0"/>
  <testcase name="testAbaNumberCheck_11037_good" classname="com.cardatechnologies.utils.validators.abaroutevalidator.Test_AbaRouteValidator_06" time="0"/>
  <testcase name="testAbaNumberCheck_10061_good" classname="com.cardatechnologies.utils.validators.abaroutevalidator.Test_AbaRouteValidator_06" time="0"/>
  <testcase name="testAbaNumberCheck_11533_good" classname="com.cardatechnologies.utils.validators.abaroutevalidator.Test_AbaRouteValidator_06" time="0"/>
  <testcase name="testAbaNumberCheck_12347_good" classname="com.cardatechnologies.utils.validators.abaroutevalidator.Test_AbaRouteValidator_06" time="0"/>
  <testcase name="testAbaNumberCheck_11407_good" classname="com.cardatechnologies.utils.validators.abaroutevalidator.Test_AbaRouteValidator_06" time="0"/>
  <testcase name="testAbaNumberCheck_11371_good" classname="com.cardatechnologies.utils.validators.abaroutevalidator.Test_AbaRouteValidator_06" time="0"/>
  <testcase name="testAbaNumberCheck_10431_good" classname="com.cardatechnologies.utils.validators.abaroutevalidator.Test_AbaRouteValidator_06" time="0"/>
  <testcase name="testAbaNumberCheck_12185_good" classname="com.cardatechnologies.utils.validators.abaroutevalidator.Test_AbaRouteValidator_06" time="0"/>
  <testcase name="testAbaNumberCheck_11245_good" classname="com.cardatechnologies.utils.validators.abaroutevalidator.Test_AbaRouteValidator_06" time="0.001"/>
  <testcase name="testAbaNumberCheck_10305_good" classname="com.cardatechnologies.utils.validators.abaroutevalidator.Test_AbaRouteValidator_06" time="0"/>
  <testcase name="testAbaNumberCheck_11903_good" classname="com.cardatechnologies.utils.validators.abaroutevalidator.Test_AbaRouteValidator_06" time="0"/>
  <testcase name="testAbaNumberCheck_12059_good" classname="com.cardatechnologies.utils.validators.abaroutevalidator.Test_AbaRouteValidator_06" time="0"/>
  <testcase name="testAbaNumberCheck_11119_good" classname="com.cardatechnologies.utils.validators.abaroutevalidator.Test_AbaRouteValidator_06" time="0"/>
  <testcase name="testAbaNumberCheck_11083_good" classname="com.cardatechnologies.utils.validators.abaroutevalidator.Test_AbaRouteValidator_06" time="0"/>
  <testcase name="testAbaNumberCheck_10143_good" classname="com.cardatechnologies.utils.validators.abaroutevalidator.Test_AbaRouteValidator_06" time="0"/>
  <testcase name="testAbaNumberCheck_11741_good" classname="com.cardatechnologies.utils.validators.abaroutevalidator.Test_AbaRouteValidator_06" time="0"/>
  <testcase name="testAbaNumberCheck_10801_good" classname="com.cardatechnologies.utils.validators.abaroutevalidator.Test_AbaRouteValidator_06" time="0"/>
  <testcase name="testAbaNumberCheck_10017_good" classname="com.cardatechnologies.utils.validators.abaroutevalidator.Test_AbaRouteValidator_06" time="0"/>
  <testcase name="testAbaNumberCheck_11615_good" classname="com.cardatechnologies.utils.validators.abaroutevalidator.Test_AbaRouteValidator_06" time="0"/>
  <testcase name="testAbaNumberCheck_12429_good" classname="com.cardatechnologies.utils.validators.abaroutevalidator.Test_AbaRouteValidator_06" time="0"/>
  <testcase name="testAbaNumberCheck_12393_good" classname="com.cardatechnologies.utils.validators.abaroutevalidator.Test_AbaRouteValidator_06" time="0"/>
  <testcase name="testAbaNumberCheck_11453_good" classname="com.cardatechnologies.utils.validators.abaroutevalidator.Test_AbaRouteValidator_06" time="0"/>
  <testcase name="testAbaNumberCheck_10513_good" classname="com.cardatechnologies.utils.validators.abaroutevalidator.Test_AbaRouteValidator_06" time="0"/>
  <testcase name="testAbaNumberCheck_12267_good" classname="com.cardatechnologies.utils.validators.abaroutevalidator.Test_AbaRouteValidator_06" time="0"/>
  <testcase name="testAbaNumberCheck_11327_good" classname="com.cardatechnologies.utils.validators.abaroutevalidator.Test_AbaRouteValidator_06" time="0"/>
  <testcase name="testAbaNumberCheck_11291_good" classname="com.cardatechnologies.utils.validators.abaroutevalidator.Test_AbaRouteValidator_06" time="0"/>
  <testcase name="testAbaNumberCheck_10351_good" classname="com.cardatechnologies.utils.validators.abaroutevalidator.Test_AbaRouteValidator_06" time="0"/>
  <testcase name="testAbaNumberCheck_11165_good" classname="com.cardatechnologies.utils.validators.abaroutevalidator.Test_AbaRouteValidator_06" time="0"/>
  <testcase name="testAbaNumberCheck_10225_good" classname="com.cardatechnologies.utils.validators.abaroutevalidator.Test_AbaRouteValidator_06" time="0"/>
  <testcase name="testAbaNumberCheck_11823_good" classname="com.cardatechnologies.utils.validators.abaroutevalidator.Test_AbaRouteValidator_06" time="0"/>
  <testcase name="testAbaNumberCheck_11039_good" classname="com.cardatechnologies.utils.validators.abaroutevalidator.Test_AbaRouteValidator_06" time="0"/>
  <testcase name="testAbaNumberCheck_10063_good" classname="com.cardatechnologies.utils.validators.abaroutevalidator.Test_AbaRouteValidator_06" time="0"/>
  <testcase name="testAbaNumberCheck_11661_good" classname="com.cardatechnologies.utils.validators.abaroutevalidator.Test_AbaRouteValidator_06" time="0"/>
  <testcase name="testAbaNumberCheck_10721_good" classname="com.cardatechnologies.utils.validators.abaroutevalidator.Test_AbaRouteValidator_06" time="0.001"/>
  <testcase name="testAbaNumberCheck_11535_good" classname="com.cardatechnologies.utils.validators.abaroutevalidator.Test_AbaRouteValidator_06" time="0"/>
  <testcase name="testAbaNumberCheck_12349_good" classname="com.cardatechnologies.utils.validators.abaroutevalidator.Test_AbaRouteValidator_06" time="0"/>
  <testcase name="testAbaNumberCheck_11409_good" classname="com.cardatechnologies.utils.validators.abaroutevalidator.Test_AbaRouteValidator_06" time="0"/>
  <testcase name="testAbaNumberCheck_11373_good" classname="com.cardatechnologies.utils.validators.abaroutevalidator.Test_AbaRouteValidator_06" time="0"/>
  <testcase name="testAbaNumberCheck_10433_good" classname="com.cardatechnologies.utils.validators.abaroutevalidator.Test_AbaRouteValidator_06" time="0"/>
  <testcase name="testAbaNumberCheck_12187_good" classname="com.cardatechnologies.utils.validators.abaroutevalidator.Test_AbaRouteValidator_06" time="0"/>
  <testcase name="testAbaNumberCheck_11247_good" classname="com.cardatechnologies.utils.validators.abaroutevalidator.Test_AbaRouteValidator_06" time="0"/>
  <testcase name="testAbaNumberCheck_10307_good" classname="com.cardatechnologies.utils.validators.abaroutevalidator.Test_AbaRouteValidator_06" time="0"/>
  <testcase name="testAbaNumberCheck_11905_good" classname="com.cardatechnologies.utils.validators.abaroutevalidator.Test_AbaRouteValidator_06" time="0"/>
  <testcase name="testAbaNumberCheck_10271_good" classname="com.cardatechnologies.utils.validators.abaroutevalidator.Test_AbaRouteValidator_06" time="0"/>
  <testcase name="testAbaNumberCheck_11085_good" classname="com.cardatechnologies.utils.validators.abaroutevalidator.Test_AbaRouteValidator_06" time="0"/>
  <testcase name="testAbaNumberCheck_10145_good" classname="com.cardatechnologies.utils.validators.abaroutevalidator.Test_AbaRouteValidator_06" time="0.005"/>
  <testcase name="testAbaNumberCheck_11743_good" classname="com.cardatechnologies.utils.validators.abaroutevalidator.Test_AbaRouteValidator_06" time="0"/>
  <testcase name="testAbaNumberCheck_10803_good" classname="com.cardatechnologies.utils.validators.abaroutevalidator.Test_AbaRouteValidator_06" time="0"/>
  <testcase name="testAbaNumberCheck_10019_good" classname="com.cardatechnologies.utils.validators.abaroutevalidator.Test_AbaRouteValidator_06" time="0"/>
  <testcase name="testAbaNumberCheck_11617_good" classname="com.cardatechnologies.utils.validators.abaroutevalidator.Test_AbaRouteValidator_06" time="0"/>
  <testcase name="testAbaNumberCheck_11581_good" classname="com.cardatechnologies.utils.validators.abaroutevalidator.Test_AbaRouteValidator_06" time="0"/>
  <testcase name="testAbaNumberCheck_10641_good" classname="com.cardatechnologies.utils.validators.abaroutevalidator.Test_AbaRouteValidator_06" time="0"/>
  <testcase name="testAbaNumberCheck_10000_bad" classname="com.cardatechnologies.utils.validators.abaroutevalidator.Test_AbaRouteValidator_06" time="0"/>
  <testcase name="testAbaNumberCheck_12395_good" classname="com.cardatechnologies.utils.validators.abaroutevalidator.Test_AbaRouteValidator_06" time="0"/>
  <testcase name="testAbaNumberCheck_11455_good" classname="com.cardatechnologies.utils.validators.abaroutevalidator.Test_AbaRouteValidator_06" time="0"/>
  <testcase name="testAbaNumberCheck_10515_good" classname="com.cardatechnologies.utils.validators.abaroutevalidator.Test_AbaRouteValidator_06" time="0"/>
  <testcase name="testAbaNumberCheck_10002_bad" classname="com.cardatechnologies.utils.validators.abaroutevalidator.Test_AbaRouteValidator_06" time="0"/>
  <testcase name="testAbaNumberCheck_10004_bad" classname="com.cardatechnologies.utils.validators.abaroutevalidator.Test_AbaRouteValidator_06" time="0"/>
  <testcase name="testAbaNumberCheck_12269_good" classname="com.cardatechnologies.utils.validators.abaroutevalidator.Test_AbaRouteValidator_06" time="0"/>
  <testcase name="testAbaNumberCheck_11329_good" classname="com.cardatechnologies.utils.validators.abaroutevalidator.Test_AbaRouteValidator_06" time="0"/>
  <testcase name="testAbaNumberCheck_10006_bad" classname="com.cardatechnologies.utils.validators.abaroutevalidator.Test_AbaRouteValidator_06" time="0"/>
  <testcase name="testAbaNumberCheck_10008_bad" classname="com.cardatechnologies.utils.validators.abaroutevalidator.Test_AbaRouteValidator_06" time="0"/>
  <testcase name="testAbaNumberCheck_11293_good" classname="com.cardatechnologies.utils.validators.abaroutevalidator.Test_AbaRouteValidator_06" time="0"/>
  <testcase name="testAbaNumberCheck_10353_good" classname="com.cardatechnologies.utils.validators.abaroutevalidator.Test_AbaRouteValidator_06" time="0"/>
  <testcase name="testAbaNumberCheck_11951_good" classname="com.cardatechnologies.utils.validators.abaroutevalidator.Test_AbaRouteValidator_06" time="0"/>
  <testcase name="testAbaNumberCheck_11167_good" classname="com.cardatechnologies.utils.validators.abaroutevalidator.Test_AbaRouteValidator_06" time="0.001"/>
  <testcase name="testAbaNumberCheck_10227_good" classname="com.cardatechnologies.utils.validators.abaroutevalidator.Test_AbaRouteValidator_06" time="0"/>
  <testcase name="testAbaNumberCheck_11825_good" classname="com.cardatechnologies.utils.validators.abaroutevalidator.Test_AbaRouteValidator_06" time="0"/>
  <testcase name="testAbaNumberCheck_10191_good" classname="com.cardatechnologies.utils.validators.abaroutevalidator.Test_AbaRouteValidator_06" time="0"/>
  <testcase name="testAbaNumberCheck_10065_good" classname="com.cardatechnologies.utils.validators.abaroutevalidator.Test_AbaRouteValidator_06" time="0"/>
  <testcase name="testAbaNumberCheck_11663_good" classname="com.cardatechnologies.utils.validators.abaroutevalidator.Test_AbaRouteValidator_06" time="0"/>
  <testcase name="testAbaNumberCheck_10723_good" classname="com.cardatechnologies.utils.validators.abaroutevalidator.Test_AbaRouteValidator_06" time="0"/>
  <testcase name="testAbaNumberCheck_11537_good" classname="com.cardatechnologies.utils.validators.abaroutevalidator.Test_AbaRouteValidator_06" time="0"/>
  <testcase name="testAbaNumberCheck_10010_bad" classname="com.cardatechnologies.utils.validators.abaroutevalidator.Test_AbaRouteValidator_06" time="0"/>
  <testcase name="testAbaNumberCheck_10561_good" classname="com.cardatechnologies.utils.validators.abaroutevalidator.Test_AbaRouteValidator_06" time="0"/>
  <testcase name="testAbaNumberCheck_10012_bad" classname="com.cardatechnologies.utils.validators.abaroutevalidator.Test_AbaRouteValidator_06" time="0"/>
  <testcase name="testAbaNumberCheck_10014_bad" classname="com.cardatechnologies.utils.validators.abaroutevalidator.Test_AbaRouteValidator_06" time="0"/>
  <testcase name="testAbaNumberCheck_11375_good" classname="com.cardatechnologies.utils.validators.abaroutevalidator.Test_AbaRouteValidator_06" time="0"/>
  <testcase name="testAbaNumberCheck_10435_good" classname="com.cardatechnologies.utils.validators.abaroutevalidator.Test_AbaRouteValidator_06" time="0"/>
  <testcase name="testAbaNumberCheck_10016_bad" classname="com.cardatechnologies.utils.validators.abaroutevalidator.Test_AbaRouteValidator_06" time="0"/>
  <testcase name="testAbaNumberCheck_10018_bad" classname="com.cardatechnologies.utils.validators.abaroutevalidator.Test_AbaRouteValidator_06" time="0"/>
  <testcase name="testAbaNumberCheck_12189_good" classname="com.cardatechnologies.utils.validators.abaroutevalidator.Test_AbaRouteValidator_06" time="0"/>
  <testcase name="testAbaNumberCheck_11249_good" classname="com.cardatechnologies.utils.validators.abaroutevalidator.Test_AbaRouteValidator_06" time="0"/>
  <testcase name="testAbaNumberCheck_10309_good" classname="com.cardatechnologies.utils.validators.abaroutevalidator.Test_AbaRouteValidator_06" time="0"/>
  <testcase name="testAbaNumberCheck_11907_good" classname="com.cardatechnologies.utils.validators.abaroutevalidator.Test_AbaRouteValidator_06" time="0"/>
  <testcase name="testAbaNumberCheck_10273_good" classname="com.cardatechnologies.utils.validators.abaroutevalidator.Test_AbaRouteValidator_06" time="0"/>
  <testcase name="testAbaNumberCheck_11871_good" classname="com.cardatechnologies.utils.validators.abaroutevalidator.Test_AbaRouteValidator_06" time="0"/>
  <testcase name="testAbaNumberCheck_10931_good" classname="com.cardatechnologies.utils.validators.abaroutevalidator.Test_AbaRouteValidator_06" time="0"/>
  <testcase name="testAbaNumberCheck_11087_good" classname="com.cardatechnologies.utils.validators.abaroutevalidator.Test_AbaRouteValidator_06" time="0"/>
  <testcase name="testAbaNumberCheck_10147_good" classname="com.cardatechnologies.utils.validators.abaroutevalidator.Test_AbaRouteValidator_06" time="0"/>
  <testcase name="testAbaNumberCheck_11745_good" classname="com.cardatechnologies.utils.validators.abaroutevalidator.Test_AbaRouteValidator_06" time="0"/>
  <testcase name="testAbaNumberCheck_10805_good" classname="com.cardatechnologies.utils.validators.abaroutevalidator.Test_AbaRouteValidator_06" time="0"/>
  <testcase name="testAbaNumberCheck_11619_good" classname="com.cardatechnologies.utils.validators.abaroutevalidator.Test_AbaRouteValidator_06" time="0"/>
  <testcase name="testAbaNumberCheck_11583_good" classname="com.cardatechnologies.utils.validators.abaroutevalidator.Test_AbaRouteValidator_06" time="0"/>
  <testcase name="testAbaNumberCheck_10643_good" classname="com.cardatechnologies.utils.validators.abaroutevalidator.Test_AbaRouteValidator_06" time="0"/>
  <testcase name="testAbaNumberCheck_10020_bad" classname="com.cardatechnologies.utils.validators.abaroutevalidator.Test_AbaRouteValidator_06" time="0"/>
  <testcase name="testAbaNumberCheck_12397_good" classname="com.cardatechnologies.utils.validators.abaroutevalidator.Test_AbaRouteValidator_06" time="0"/>
  <testcase name="testAbaNumberCheck_11457_good" classname="com.cardatechnologies.utils.validators.abaroutevalidator.Test_AbaRouteValidator_06" time="0"/>
  <testcase name="testAbaNumberCheck_10517_good" classname="com.cardatechnologies.utils.validators.abaroutevalidator.Test_AbaRouteValidator_06" time="0"/>
  <testcase name="testAbaNumberCheck_10022_bad" classname="com.cardatechnologies.utils.validators.abaroutevalidator.Test_AbaRouteValidator_06" time="0"/>
  <testcase name="testAbaNumberCheck_10024_bad" classname="com.cardatechnologies.utils.validators.abaroutevalidator.Test_AbaRouteValidator_06" time="0"/>
  <testcase name="testAbaNumberCheck_10481_good" classname="com.cardatechnologies.utils.validators.abaroutevalidator.Test_AbaRouteValidator_06" time="0"/>
  <testcase name="testAbaNumberCheck_10026_bad" classname="com.cardatechnologies.utils.validators.abaroutevalidator.Test_AbaRouteValidator_06" time="0"/>
  <testcase name="testAbaNumberCheck_10028_bad" classname="com.cardatechnologies.utils.validators.abaroutevalidator.Test_AbaRouteValidator_06" time="0"/>
  <testcase name="testAbaNumberCheck_11295_good" classname="com.cardatechnologies.utils.validators.abaroutevalidator.Test_AbaRouteValidator_06" time="0"/>
  <testcase name="testAbaNumberCheck_10355_good" classname="com.cardatechnologies.utils.validators.abaroutevalidator.Test_AbaRouteValidator_06" time="0"/>
  <testcase name="testAbaNumberCheck_11953_good" classname="com.cardatechnologies.utils.validators.abaroutevalidator.Test_AbaRouteValidator_06" time="0"/>
  <testcase name="testAbaNumberCheck_11169_good" classname="com.cardatechnologies.utils.validators.abaroutevalidator.Test_AbaRouteValidator_06" time="0"/>
  <testcase name="testAbaNumberCheck_10229_good" classname="com.cardatechnologies.utils.validators.abaroutevalidator.Test_AbaRouteValidator_06" time="0"/>
  <testcase name="testAbaNumberCheck_11827_good" classname="com.cardatechnologies.utils.validators.abaroutevalidator.Test_AbaRouteValidator_06" time="0"/>
  <testcase name="testAbaNumberCheck_10193_good" classname="com.cardatechnologies.utils.validators.abaroutevalidator.Test_AbaRouteValidator_06" time="0"/>
  <testcase name="testAbaNumberCheck_11791_good" classname="com.cardatechnologies.utils.validators.abaroutevalidator.Test_AbaRouteValidator_06" time="0"/>
  <testcase name="testAbaNumberCheck_10851_good" classname="com.cardatechnologies.utils.validators.abaroutevalidator.Test_AbaRouteValidator_06" time="0"/>
  <testcase name="testAbaNumberCheck_10067_good" classname="com.cardatechnologies.utils.validators.abaroutevalidator.Test_AbaRouteValidator_06" time="0"/>
  <testcase name="testAbaNumberCheck_12100_bad" classname="com.cardatechnologies.utils.validators.abaroutevalidator.Test_AbaRouteValidator_06" time="0"/>
  <testcase name="testAbaNumberCheck_11665_good" classname="com.cardatechnologies.utils.validators.abaroutevalidator.Test_AbaRouteValidator_06" time="0"/>
  <testcase name="testAbaNumberCheck_10725_good" classname="com.cardatechnologies.utils.validators.abaroutevalidator.Test_AbaRouteValidator_06" time="0"/>
  <testcase name="testAbaNumberCheck_12102_bad" classname="com.cardatechnologies.utils.validators.abaroutevalidator.Test_AbaRouteValidator_06" time="0"/>
  <testcase name="testAbaNumberCheck_12104_bad" classname="com.cardatechnologies.utils.validators.abaroutevalidator.Test_AbaRouteValidator_06" time="0"/>
  <testcase name="testAbaNumberCheck_11539_good" classname="com.cardatechnologies.utils.validators.abaroutevalidator.Test_AbaRouteValidator_06" time="0"/>
  <testcase name="testAbaNumberCheck_12106_bad" classname="com.cardatechnologies.utils.validators.abaroutevalidator.Test_AbaRouteValidator_06" time="0"/>
  <testcase name="testAbaNumberCheck_12108_bad" classname="com.cardatechnologies.utils.validators.abaroutevalidator.Test_AbaRouteValidator_06" time="0"/>
  <testcase name="testAbaNumberCheck_10030_bad" classname="com.cardatechnologies.utils.validators.abaroutevalidator.Test_AbaRouteValidator_06" time="0"/>
  <testcase name="testAbaNumberCheck_10563_good" classname="com.cardatechnologies.utils.validators.abaroutevalidator.Test_AbaRouteValidator_06" time="0"/>
  <testcase name="testAbaNumberCheck_10032_bad" classname="com.cardatechnologies.utils.validators.abaroutevalidator.Test_AbaRouteValidator_06" time="0"/>
  <testcase name="testAbaNumberCheck_10034_bad" classname="com.cardatechnologies.utils.validators.abaroutevalidator.Test_AbaRouteValidator_06" time="0"/>
  <testcase name="testAbaNumberCheck_11377_good" classname="com.cardatechnologies.utils.validators.abaroutevalidator.Test_AbaRouteValidator_06" time="0"/>
  <testcase name="testAbaNumberCheck_10437_good" classname="com.cardatechnologies.utils.validators.abaroutevalidator.Test_AbaRouteValidator_06" time="0"/>
  <testcase name="testAbaNumberCheck_10036_bad" classname="com.cardatechnologies.utils.validators.abaroutevalidator.Test_AbaRouteValidator_06" time="0"/>
  <testcase name="testAbaNumberCheck_10038_bad" classname="com.cardatechnologies.utils.validators.abaroutevalidator.Test_AbaRouteValidator_06" time="0"/>
  <testcase name="testAbaNumberCheck_11909_good" classname="com.cardatechnologies.utils.validators.abaroutevalidator.Test_AbaRouteValidator_06" time="0"/>
  <testcase name="testAbaNumberCheck_10275_good" classname="com.cardatechnologies.utils.validators.abaroutevalidator.Test_AbaRouteValidator_06" time="0"/>
  <testcase name="testAbaNumberCheck_11873_good" classname="com.cardatechnologies.utils.validators.abaroutevalidator.Test_AbaRouteValidator_06" time="0"/>
  <testcase name="testAbaNumberCheck_10933_good" classname="com.cardatechnologies.utils.validators.abaroutevalidator.Test_AbaRouteValidator_06" time="0"/>
  <testcase name="testAbaNumberCheck_11089_good" classname="com.cardatechnologies.utils.validators.abaroutevalidator.Test_AbaRouteValidator_06" time="0"/>
  <testcase name="testAbaNumberCheck_10149_good" classname="com.cardatechnologies.utils.validators.abaroutevalidator.Test_AbaRouteValidator_06" time="0"/>
  <testcase name="testAbaNumberCheck_11747_good" classname="com.cardatechnologies.utils.validators.abaroutevalidator.Test_AbaRouteValidator_06" time="0.001"/>
  <testcase name="testAbaNumberCheck_10807_good" classname="com.cardatechnologies.utils.validators.abaroutevalidator.Test_AbaRouteValidator_06" time="0"/>
  <testcase name="testAbaNumberCheck_12110_bad" classname="com.cardatechnologies.utils.validators.abaroutevalidator.Test_AbaRouteValidator_06" time="0"/>
  <testcase name="testAbaNumberCheck_10771_good" classname="com.cardatechnologies.utils.validators.abaroutevalidator.Test_AbaRouteValidator_06" time="0"/>
  <testcase name="testAbaNumberCheck_12112_bad" classname="com.cardatechnologies.utils.validators.abaroutevalidator.Test_AbaRouteValidator_06" time="0"/>
  <testcase name="testAbaNumberCheck_11300_bad" classname="com.cardatechnologies.utils.validators.abaroutevalidator.Test_AbaRouteValidator_06" time="0"/>
  <testcase name="testAbaNumberCheck_12114_bad" classname="com.cardatechnologies.utils.validators.abaroutevalidator.Test_AbaRouteValidator_06" time="0"/>
  <testcase name="testAbaNumberCheck_11585_good" classname="com.cardatechnologies.utils.validators.abaroutevalidator.Test_AbaRouteValidator_06" time="0"/>
  <testcase name="testAbaNumberCheck_10645_good" classname="com.cardatechnologies.utils.validators.abaroutevalidator.Test_AbaRouteValidator_06" time="0"/>
  <testcase name="testAbaNumberCheck_11302_bad" classname="com.cardatechnologies.utils.validators.abaroutevalidator.Test_AbaRouteValidator_06" time="0"/>
  <testcase name="testAbaNumberCheck_12116_bad" classname="com.cardatechnologies.utils.validators.abaroutevalidator.Test_AbaRouteValidator_06" time="0"/>
  <testcase name="testAbaNumberCheck_11304_bad" classname="com.cardatechnologies.utils.validators.abaroutevalidator.Test_AbaRouteValidator_06" time="0"/>
  <testcase name="testAbaNumberCheck_12118_bad" classname="com.cardatechnologies.utils.validators.abaroutevalidator.Test_AbaRouteValidator_06" time="0"/>
  <testcase name="testAbaNumberCheck_10040_bad" classname="com.cardatechnologies.utils.validators.abaroutevalidator.Test_AbaRouteValidator_06" time="0"/>
  <testcase name="testAbaNumberCheck_12399_good" classname="com.cardatechnologies.utils.validators.abaroutevalidator.Test_AbaRouteValidator_06" time="0"/>
  <testcase name="testAbaNumberCheck_11459_good" classname="com.cardatechnologies.utils.validators.abaroutevalidator.Test_AbaRouteValidator_06" time="0"/>
  <testcase name="testAbaNumberCheck_10519_good" classname="com.cardatechnologies.utils.validators.abaroutevalidator.Test_AbaRouteValidator_06" time="0"/>
  <testcase name="testAbaNumberCheck_11306_bad" classname="com.cardatechnologies.utils.validators.abaroutevalidator.Test_AbaRouteValidator_06" time="0"/>
  <testcase name="testAbaNumberCheck_10042_bad" classname="com.cardatechnologies.utils.validators.abaroutevalidator.Test_AbaRouteValidator_06" time="0"/>
  <testcase name="testAbaNumberCheck_11308_bad" classname="com.cardatechnologies.utils.validators.abaroutevalidator.Test_AbaRouteValidator_06" time="0"/>
  <testcase name="testAbaNumberCheck_10044_bad" classname="com.cardatechnologies.utils.validators.abaroutevalidator.Test_AbaRouteValidator_06" time="0"/>
  <testcase name="testAbaNumberCheck_10483_good" classname="com.cardatechnologies.utils.validators.abaroutevalidator.Test_AbaRouteValidator_06" time="0"/>
  <testcase name="testAbaNumberCheck_10046_bad" classname="com.cardatechnologies.utils.validators.abaroutevalidator.Test_AbaRouteValidator_06" time="0"/>
  <testcase name="testAbaNumberCheck_10048_bad" classname="com.cardatechnologies.utils.validators.abaroutevalidator.Test_AbaRouteValidator_06" time="0.001"/>
  <testcase name="testAbaNumberCheck_11297_good" classname="com.cardatechnologies.utils.validators.abaroutevalidator.Test_AbaRouteValidator_06" time="0"/>
  <testcase name="testAbaNumberCheck_10357_good" classname="com.cardatechnologies.utils.validators.abaroutevalidator.Test_AbaRouteValidator_06" time="0"/>
  <testcase name="testAbaNumberCheck_11955_good" classname="com.cardatechnologies.utils.validators.abaroutevalidator.Test_AbaRouteValidator_06" time="0"/>
  <testcase name="testAbaNumberCheck_11829_good" classname="com.cardatechnologies.utils.validators.abaroutevalidator.Test_AbaRouteValidator_06" time="0"/>
  <testcase name="testAbaNumberCheck_10195_good" classname="com.cardatechnologies.utils.validators.abaroutevalidator.Test_AbaRouteValidator_06" time="0"/>
  <testcase name="testAbaNumberCheck_11793_good" classname="com.cardatechnologies.utils.validators.abaroutevalidator.Test_AbaRouteValidator_06" time="0"/>
  <testcase name="testAbaNumberCheck_10853_good" classname="com.cardatechnologies.utils.validators.abaroutevalidator.Test_AbaRouteValidator_06" time="0"/>
  <testcase name="testAbaNumberCheck_10069_good" classname="com.cardatechnologies.utils.validators.abaroutevalidator.Test_AbaRouteValidator_06" time="0"/>
  <testcase name="testAbaNumberCheck_12120_bad" classname="com.cardatechnologies.utils.validators.abaroutevalidator.Test_AbaRouteValidator_06" time="0"/>
  <testcase name="testAbaNumberCheck_11667_good" classname="com.cardatechnologies.utils.validators.abaroutevalidator.Test_AbaRouteValidator_06" time="0"/>
  <testcase name="testAbaNumberCheck_10727_good" classname="com.cardatechnologies.utils.validators.abaroutevalidator.Test_AbaRouteValidator_06" time="0"/>
  <testcase name="testAbaNumberCheck_12122_bad" classname="com.cardatechnologies.utils.validators.abaroutevalidator.Test_AbaRouteValidator_06" time="0"/>
  <testcase name="testAbaNumberCheck_11310_bad" classname="com.cardatechnologies.utils.validators.abaroutevalidator.Test_AbaRouteValidator_06" time="0"/>
  <testcase name="testAbaNumberCheck_12124_bad" classname="com.cardatechnologies.utils.validators.abaroutevalidator.Test_AbaRouteValidator_06" time="0"/>
  <testcase name="testAbaNumberCheck_10691_good" classname="com.cardatechnologies.utils.validators.abaroutevalidator.Test_AbaRouteValidator_06" time="0"/>
  <testcase name="testAbaNumberCheck_11312_bad" classname="com.cardatechnologies.utils.validators.abaroutevalidator.Test_AbaRouteValidator_06" time="0"/>
  <testcase name="testAbaNumberCheck_12126_bad" classname="com.cardatechnologies.utils.validators.abaroutevalidator.Test_AbaRouteValidator_06" time="0"/>
  <testcase name="testAbaNumberCheck_10500_bad" classname="com.cardatechnologies.utils.validators.abaroutevalidator.Test_AbaRouteValidator_06" time="0"/>
  <testcase name="testAbaNumberCheck_11314_bad" classname="com.cardatechnologies.utils.validators.abaroutevalidator.Test_AbaRouteValidator_06" time="0"/>
  <testcase name="testAbaNumberCheck_12128_bad" classname="com.cardatechnologies.utils.validators.abaroutevalidator.Test_AbaRouteValidator_06" time="0"/>
  <testcase name="testAbaNumberCheck_10050_bad" classname="com.cardatechnologies.utils.validators.abaroutevalidator.Test_AbaRouteValidator_06" time="0"/>
  <testcase name="testAbaNumberCheck_10565_good" classname="com.cardatechnologies.utils.validators.abaroutevalidator.Test_AbaRouteValidator_06" time="0"/>
  <testcase name="testAbaNumberCheck_10502_bad" classname="com.cardatechnologies.utils.validators.abaroutevalidator.Test_AbaRouteValidator_06" time="0.001"/>
  <testcase name="testAbaNumberCheck_11316_bad" classname="com.cardatechnologies.utils.validators.abaroutevalidator.Test_AbaRouteValidator_06" time="0"/>
  <testcase name="testAbaNumberCheck_10052_bad" classname="com.cardatechnologies.utils.validators.abaroutevalidator.Test_AbaRouteValidator_06" time="0"/>
  <testcase name="testAbaNumberCheck_10504_bad" classname="com.cardatechnologies.utils.validators.abaroutevalidator.Test_AbaRouteValidator_06" time="0"/>
  <testcase name="testAbaNumberCheck_11318_bad" classname="com.cardatechnologies.utils.validators.abaroutevalidator.Test_AbaRouteValidator_06" time="0"/>
  <testcase name="testAbaNumberCheck_10054_bad" classname="com.cardatechnologies.utils.validators.abaroutevalidator.Test_AbaRouteValidator_06" time="0"/>
  <testcase name="testAbaNumberCheck_11379_good" classname="com.cardatechnologies.utils.validators.abaroutevalidator.Test_AbaRouteValidator_06" time="0"/>
  <testcase name="testAbaNumberCheck_10439_good" classname="com.cardatechnologies.utils.validators.abaroutevalidator.Test_AbaRouteValidator_06" time="0"/>
  <testcase name="testAbaNumberCheck_10506_bad" classname="com.cardatechnologies.utils.validators.abaroutevalidator.Test_AbaRouteValidator_06" time="0"/>
  <testcase name="testAbaNumberCheck_10056_bad" classname="com.cardatechnologies.utils.validators.abaroutevalidator.Test_AbaRouteValidator_06" time="0"/>
  <testcase name="testAbaNumberCheck_10508_bad" classname="com.cardatechnologies.utils.validators.abaroutevalidator.Test_AbaRouteValidator_06" time="0"/>
  <testcase name="testAbaNumberCheck_10058_bad" classname="com.cardatechnologies.utils.validators.abaroutevalidator.Test_AbaRouteValidator_06" time="0"/>
  <testcase name="testAbaNumberCheck_10277_good" classname="com.cardatechnologies.utils.validators.abaroutevalidator.Test_AbaRouteValidator_06" time="0"/>
  <testcase name="testAbaNumberCheck_11875_good" classname="com.cardatechnologies.utils.validators.abaroutevalidator.Test_AbaRouteValidator_06" time="0"/>
  <testcase name="testAbaNumberCheck_10935_good" classname="com.cardatechnologies.utils.validators.abaroutevalidator.Test_AbaRouteValidator_06" time="0"/>
  <testcase name="testAbaNumberCheck_11749_good" classname="com.cardatechnologies.utils.validators.abaroutevalidator.Test_AbaRouteValidator_06" time="0"/>
  <testcase name="testAbaNumberCheck_10809_good" classname="com.cardatechnologies.utils.validators.abaroutevalidator.Test_AbaRouteValidator_06" time="0"/>
  <testcase name="testAbaNumberCheck_12130_bad" classname="com.cardatechnologies.utils.validators.abaroutevalidator.Test_AbaRouteValidator_06" time="0"/>
  <testcase name="testAbaNumberCheck_10773_good" classname="com.cardatechnologies.utils.validators.abaroutevalidator.Test_AbaRouteValidator_06" time="0"/>
  <testcase name="testAbaNumberCheck_12132_bad" classname="com.cardatechnologies.utils.validators.abaroutevalidator.Test_AbaRouteValidator_06" time="0"/>
  <testcase name="testAbaNumberCheck_11320_bad" classname="com.cardatechnologies.utils.validators.abaroutevalidator.Test_AbaRouteValidator_06" time="0"/>
  <testcase name="testAbaNumberCheck_12134_bad" classname="com.cardatechnologies.utils.validators.abaroutevalidator.Test_AbaRouteValidator_06" time="0.001"/>
  <testcase name="testAbaNumberCheck_11587_good" classname="com.cardatechnologies.utils.validators.abaroutevalidator.Test_AbaRouteValidator_06" time="0"/>
  <testcase name="testAbaNumberCheck_10647_good" classname="com.cardatechnologies.utils.validators.abaroutevalidator.Test_AbaRouteValidator_06" time="0"/>
  <testcase name="testAbaNumberCheck_11322_bad" classname="com.cardatechnologies.utils.validators.abaroutevalidator.Test_AbaRouteValidator_06" time="0"/>
  <testcase name="testAbaNumberCheck_12136_bad" classname="com.cardatechnologies.utils.validators.abaroutevalidator.Test_AbaRouteValidator_06" time="0"/>
  <testcase name="testAbaNumberCheck_10510_bad" classname="com.cardatechnologies.utils.validators.abaroutevalidator.Test_AbaRouteValidator_06" time="0"/>
  <testcase name="testAbaNumberCheck_11324_bad" classname="com.cardatechnologies.utils.validators.abaroutevalidator.Test_AbaRouteValidator_06" time="0"/>
  <testcase name="testAbaNumberCheck_12138_bad" classname="com.cardatechnologies.utils.validators.abaroutevalidator.Test_AbaRouteValidator_06" time="0"/>
  <testcase name="testAbaNumberCheck_10060_bad" classname="com.cardatechnologies.utils.validators.abaroutevalidator.Test_AbaRouteValidator_06" time="0"/>
  <testcase name="testAbaNumberCheck_10512_bad" classname="com.cardatechnologies.utils.validators.abaroutevalidator.Test_AbaRouteValidator_06" time="0"/>
  <testcase name="testAbaNumberCheck_11326_bad" classname="com.cardatechnologies.utils.validators.abaroutevalidator.Test_AbaRouteValidator_06" time="0"/>
  <testcase name="testAbaNumberCheck_10062_bad" classname="com.cardatechnologies.utils.validators.abaroutevalidator.Test_AbaRouteValidator_06" time="0"/>
  <testcase name="testAbaNumberCheck_10514_bad" classname="com.cardatechnologies.utils.validators.abaroutevalidator.Test_AbaRouteValidator_06" time="0"/>
  <testcase name="testAbaNumberCheck_11328_bad" classname="com.cardatechnologies.utils.validators.abaroutevalidator.Test_AbaRouteValidator_06" time="0"/>
  <testcase name="testAbaNumberCheck_10064_bad" classname="com.cardatechnologies.utils.validators.abaroutevalidator.Test_AbaRouteValidator_06" time="0"/>
  <testcase name="testAbaNumberCheck_10485_good" classname="com.cardatechnologies.utils.validators.abaroutevalidator.Test_AbaRouteValidator_06" time="0"/>
  <testcase name="testAbaNumberCheck_10516_bad" classname="com.cardatechnologies.utils.validators.abaroutevalidator.Test_AbaRouteValidator_06" time="0"/>
  <testcase name="testAbaNumberCheck_10066_bad" classname="com.cardatechnologies.utils.validators.abaroutevalidator.Test_AbaRouteValidator_06" time="0"/>
  <testcase name="testAbaNumberCheck_10518_bad" classname="com.cardatechnologies.utils.validators.abaroutevalidator.Test_AbaRouteValidator_06" time="0"/>
  <testcase name="testAbaNumberCheck_10068_bad" classname="com.cardatechnologies.utils.validators.abaroutevalidator.Test_AbaRouteValidator_06" time="0"/>
  <testcase name="testAbaNumberCheck_11299_good" classname="com.cardatechnologies.utils.validators.abaroutevalidator.Test_AbaRouteValidator_06" time="0.001"/>
  <testcase name="testAbaNumberCheck_10359_good" classname="com.cardatechnologies.utils.validators.abaroutevalidator.Test_AbaRouteValidator_06" time="0"/>
  <testcase name="testAbaNumberCheck_11957_good" classname="com.cardatechnologies.utils.validators.abaroutevalidator.Test_AbaRouteValidator_06" time="0"/>
  <testcase name="testAbaNumberCheck_10981_good" classname="com.cardatechnologies.utils.validators.abaroutevalidator.Test_AbaRouteValidator_06" time="0"/>
  <testcase name="testAbaNumberCheck_10197_good" classname="com.cardatechnologies.utils.validators.abaroutevalidator.Test_AbaRouteValidator_06" time="0"/>
  <testcase name="testAbaNumberCheck_11795_good" classname="com.cardatechnologies.utils.validators.abaroutevalidator.Test_AbaRouteValidator_06" time="0"/>
  <testcase name="testAbaNumberCheck_10855_good" classname="com.cardatechnologies.utils.validators.abaroutevalidator.Test_AbaRouteValidator_06" time="0"/>
  <testcase name="testAbaNumberCheck_12140_bad" classname="com.cardatechnologies.utils.validators.abaroutevalidator.Test_AbaRouteValidator_06" time="0"/>
  <testcase name="testAbaNumberCheck_11669_good" classname="com.cardatechnologies.utils.validators.abaroutevalidator.Test_AbaRouteValidator_06" time="0"/>
  <testcase name="testAbaNumberCheck_10729_good" classname="com.cardatechnologies.utils.validators.abaroutevalidator.Test_AbaRouteValidator_06" time="0"/>
  <testcase name="testAbaNumberCheck_12142_bad" classname="com.cardatechnologies.utils.validators.abaroutevalidator.Test_AbaRouteValidator_06" time="0"/>
  <testcase name="testAbaNumberCheck_11330_bad" classname="com.cardatechnologies.utils.validators.abaroutevalidator.Test_AbaRouteValidator_06" time="0"/>
  <testcase name="testAbaNumberCheck_12144_bad" classname="com.cardatechnologies.utils.validators.abaroutevalidator.Test_AbaRouteValidator_06" time="0"/>
  <testcase name="testAbaNumberCheck_10693_good" classname="com.cardatechnologies.utils.validators.abaroutevalidator.Test_AbaRouteValidator_06" time="0"/>
  <testcase name="testAbaNumberCheck_11332_bad" classname="com.cardatechnologies.utils.validators.abaroutevalidator.Test_AbaRouteValidator_06" time="0"/>
  <testcase name="testAbaNumberCheck_12146_bad" classname="com.cardatechnologies.utils.validators.abaroutevalidator.Test_AbaRouteValidator_06" time="0"/>
  <testcase name="testAbaNumberCheck_10520_bad" classname="com.cardatechnologies.utils.validators.abaroutevalidator.Test_AbaRouteValidator_06" time="0"/>
  <testcase name="testAbaNumberCheck_11334_bad" classname="com.cardatechnologies.utils.validators.abaroutevalidator.Test_AbaRouteValidator_06" time="0"/>
  <testcase name="testAbaNumberCheck_12148_bad" classname="com.cardatechnologies.utils.validators.abaroutevalidator.Test_AbaRouteValidator_06" time="0"/>
  <testcase name="testAbaNumberCheck_10070_bad" classname="com.cardatechnologies.utils.validators.abaroutevalidator.Test_AbaRouteValidator_06" time="0"/>
  <testcase name="testAbaNumberCheck_10567_good" classname="com.cardatechnologies.utils.validators.abaroutevalidator.Test_AbaRouteValidator_06" time="0"/>
  <testcase name="testAbaNumberCheck_10522_bad" classname="com.cardatechnologies.utils.validators.abaroutevalidator.Test_AbaRouteValidator_06" time="0"/>
  <testcase name="testAbaNumberCheck_11336_bad" classname="com.cardatechnologies.utils.validators.abaroutevalidator.Test_AbaRouteValidator_06" time="0"/>
  <testcase name="testAbaNumberCheck_10072_bad" classname="com.cardatechnologies.utils.validators.abaroutevalidator.Test_AbaRouteValidator_06" time="0.001"/>
  <testcase name="testAbaNumberCheck_10524_bad" classname="com.cardatechnologies.utils.validators.abaroutevalidator.Test_AbaRouteValidator_06" time="0"/>
  <testcase name="testAbaNumberCheck_11338_bad" classname="com.cardatechnologies.utils.validators.abaroutevalidator.Test_AbaRouteValidator_06" time="0"/>
  <testcase name="testAbaNumberCheck_10074_bad" classname="com.cardatechnologies.utils.validators.abaroutevalidator.Test_AbaRouteValidator_06" time="0"/>
  <testcase name="testAbaNumberCheck_10526_bad" classname="com.cardatechnologies.utils.validators.abaroutevalidator.Test_AbaRouteValidator_06" time="0"/>
  <testcase name="testAbaNumberCheck_10076_bad" classname="com.cardatechnologies.utils.validators.abaroutevalidator.Test_AbaRouteValidator_06" time="0"/>
  <testcase name="testAbaNumberCheck_10528_bad" classname="com.cardatechnologies.utils.validators.abaroutevalidator.Test_AbaRouteValidator_06" time="0"/>
  <testcase name="testAbaNumberCheck_10078_bad" classname="com.cardatechnologies.utils.validators.abaroutevalidator.Test_AbaRouteValidator_06" time="0"/>
  <testcase name="testAbaNumberCheck_10279_good" classname="com.cardatechnologies.utils.validators.abaroutevalidator.Test_AbaRouteValidator_06" time="0"/>
  <testcase name="testAbaNumberCheck_11877_good" classname="com.cardatechnologies.utils.validators.abaroutevalidator.Test_AbaRouteValidator_06" time="0"/>
  <testcase name="testAbaNumberCheck_10937_good" classname="com.cardatechnologies.utils.validators.abaroutevalidator.Test_AbaRouteValidator_06" time="0"/>
  <testcase name="testAbaNumberCheck_12150_bad" classname="com.cardatechnologies.utils.validators.abaroutevalidator.Test_AbaRouteValidator_06" time="0"/>
  <testcase name="testAbaNumberCheck_10775_good" classname="com.cardatechnologies.utils.validators.abaroutevalidator.Test_AbaRouteValidator_06" time="0"/>
  <testcase name="testAbaNumberCheck_12152_bad" classname="com.cardatechnologies.utils.validators.abaroutevalidator.Test_AbaRouteValidator_06" time="0"/>
  <testcase name="testAbaNumberCheck_11340_bad" classname="com.cardatechnologies.utils.validators.abaroutevalidator.Test_AbaRouteValidator_06" time="0"/>
  <testcase name="testAbaNumberCheck_12154_bad" classname="com.cardatechnologies.utils.validators.abaroutevalidator.Test_AbaRouteValidator_06" time="0"/>
  <testcase name="testAbaNumberCheck_11589_good" classname="com.cardatechnologies.utils.validators.abaroutevalidator.Test_AbaRouteValidator_06" time="0"/>
  <testcase name="testAbaNumberCheck_10649_good" classname="com.cardatechnologies.utils.validators.abaroutevalidator.Test_AbaRouteValidator_06" time="0"/>
  <testcase name="testAbaNumberCheck_11342_bad" classname="com.cardatechnologies.utils.validators.abaroutevalidator.Test_AbaRouteValidator_06" time="0"/>
  <testcase name="testAbaNumberCheck_12156_bad" classname="com.cardatechnologies.utils.validators.abaroutevalidator.Test_AbaRouteValidator_06" time="0"/>
  <testcase name="testAbaNumberCheck_10530_bad" classname="com.cardatechnologies.utils.validators.abaroutevalidator.Test_AbaRouteValidator_06" time="0"/>
  <testcase name="testAbaNumberCheck_11344_bad" classname="com.cardatechnologies.utils.validators.abaroutevalidator.Test_AbaRouteValidator_06" time="0.001"/>
  <testcase name="testAbaNumberCheck_12158_bad" classname="com.cardatechnologies.utils.validators.abaroutevalidator.Test_AbaRouteValidator_06" time="0"/>
  <testcase name="testAbaNumberCheck_10080_bad" classname="com.cardatechnologies.utils.validators.abaroutevalidator.Test_AbaRouteValidator_06" time="0"/>
  <testcase name="testAbaNumberCheck_10532_bad" classname="com.cardatechnologies.utils.validators.abaroutevalidator.Test_AbaRouteValidator_06" time="0"/>
  <testcase name="testAbaNumberCheck_11346_bad" classname="com.cardatechnologies.utils.validators.abaroutevalidator.Test_AbaRouteValidator_06" time="0"/>
  <testcase name="testAbaNumberCheck_10082_bad" classname="com.cardatechnologies.utils.validators.abaroutevalidator.Test_AbaRouteValidator_06" time="0"/>
  <testcase name="testAbaNumberCheck_10534_bad" classname="com.cardatechnologies.utils.validators.abaroutevalidator.Test_AbaRouteValidator_06" time="0"/>
  <testcase name="testAbaNumberCheck_11348_bad" classname="com.cardatechnologies.utils.validators.abaroutevalidator.Test_AbaRouteValidator_06" time="0"/>
  <testcase name="testAbaNumberCheck_10084_bad" classname="com.cardatechnologies.utils.validators.abaroutevalidator.Test_AbaRouteValidator_06" time="0"/>
  <testcase name="testAbaNumberCheck_10487_good" classname="com.cardatechnologies.utils.validators.abaroutevalidator.Test_AbaRouteValidator_06" time="0"/>
  <testcase name="testAbaNumberCheck_10536_bad" classname="com.cardatechnologies.utils.validators.abaroutevalidator.Test_AbaRouteValidator_06" time="0"/>
  <testcase name="testAbaNumberCheck_10086_bad" classname="com.cardatechnologies.utils.validators.abaroutevalidator.Test_AbaRouteValidator_06" time="0"/>
  <testcase name="testAbaNumberCheck_10538_bad" classname="com.cardatechnologies.utils.validators.abaroutevalidator.Test_AbaRouteValidator_06" time="0"/>
  <testcase name="testAbaNumberCheck_10088_bad" classname="com.cardatechnologies.utils.validators.abaroutevalidator.Test_AbaRouteValidator_06" time="0"/>
  <testcase name="testAbaNumberCheck_11959_good" classname="com.cardatechnologies.utils.validators.abaroutevalidator.Test_AbaRouteValidator_06" time="0"/>
  <testcase name="testAbaNumberCheck_10983_good" classname="com.cardatechnologies.utils.validators.abaroutevalidator.Test_AbaRouteValidator_06" time="0"/>
  <testcase name="testAbaNumberCheck_10199_good" classname="com.cardatechnologies.utils.validators.abaroutevalidator.Test_AbaRouteValidator_06" time="0"/>
  <testcase name="testAbaNumberCheck_11797_good" classname="com.cardatechnologies.utils.validators.abaroutevalidator.Test_AbaRouteValidator_06" time="0"/>
  <testcase name="testAbaNumberCheck_10857_good" classname="com.cardatechnologies.utils.validators.abaroutevalidator.Test_AbaRouteValidator_06" time="0"/>
  <testcase name="testAbaNumberCheck_12160_bad" classname="com.cardatechnologies.utils.validators.abaroutevalidator.Test_AbaRouteValidator_06" time="0"/>
  <testcase name="testAbaNumberCheck_12162_bad" classname="com.cardatechnologies.utils.validators.abaroutevalidator.Test_AbaRouteValidator_06" time="0"/>
  <testcase name="testAbaNumberCheck_11800_bad" classname="com.cardatechnologies.utils.validators.abaroutevalidator.Test_AbaRouteValidator_06" time="0"/>
  <testcase name="testAbaNumberCheck_11350_bad" classname="com.cardatechnologies.utils.validators.abaroutevalidator.Test_AbaRouteValidator_06" time="0.001"/>
  <testcase name="testAbaNumberCheck_12164_bad" classname="com.cardatechnologies.utils.validators.abaroutevalidator.Test_AbaRouteValidator_06" time="0"/>
  <testcase name="testAbaNumberCheck_10695_good" classname="com.cardatechnologies.utils.validators.abaroutevalidator.Test_AbaRouteValidator_06" time="0"/>
  <testcase name="testAbaNumberCheck_11802_bad" classname="com.cardatechnologies.utils.validators.abaroutevalidator.Test_AbaRouteValidator_06" time="0"/>
  <testcase name="testAbaNumberCheck_11352_bad" classname="com.cardatechnologies.utils.validators.abaroutevalidator.Test_AbaRouteValidator_06" time="0"/>
  <testcase name="testAbaNumberCheck_12166_bad" classname="com.cardatechnologies.utils.validators.abaroutevalidator.Test_AbaRouteValidator_06" time="0"/>
  <testcase name="testAbaNumberCheck_11804_bad" classname="com.cardatechnologies.utils.validators.abaroutevalidator.Test_AbaRouteValidator_06" time="0"/>
  <testcase name="testAbaNumberCheck_10540_bad" classname="com.cardatechnologies.utils.validators.abaroutevalidator.Test_AbaRouteValidator_06" time="0"/>
  <testcase name="testAbaNumberCheck_11354_bad" classname="com.cardatechnologies.utils.validators.abaroutevalidator.Test_AbaRouteValidator_06" time="0"/>
  <testcase name="testAbaNumberCheck_12168_bad" classname="com.cardatechnologies.utils.validators.abaroutevalidator.Test_AbaRouteValidator_06" time="0"/>
  <testcase name="testAbaNumberCheck_10090_bad" classname="com.cardatechnologies.utils.validators.abaroutevalidator.Test_AbaRouteValidator_06" time="0"/>
  <testcase name="testAbaNumberCheck_10569_good" classname="com.cardatechnologies.utils.validators.abaroutevalidator.Test_AbaRouteValidator_06" time="0"/>
  <testcase name="testAbaNumberCheck_11806_bad" classname="com.cardatechnologies.utils.validators.abaroutevalidator.Test_AbaRouteValidator_06" time="0"/>
  <testcase name="testAbaNumberCheck_10542_bad" classname="com.cardatechnologies.utils.validators.abaroutevalidator.Test_AbaRouteValidator_06" time="0"/>
  <testcase name="testAbaNumberCheck_11356_bad" classname="com.cardatechnologies.utils.validators.abaroutevalidator.Test_AbaRouteValidator_06" time="0"/>
  <testcase name="testAbaNumberCheck_10092_bad" classname="com.cardatechnologies.utils.validators.abaroutevalidator.Test_AbaRouteValidator_06" time="0"/>
  <testcase name="testAbaNumberCheck_11808_bad" classname="com.cardatechnologies.utils.validators.abaroutevalidator.Test_AbaRouteValidator_06" time="0"/>
  <testcase name="testAbaNumberCheck_10544_bad" classname="com.cardatechnologies.utils.validators.abaroutevalidator.Test_AbaRouteValidator_06" time="0"/>
  <testcase name="testAbaNumberCheck_11358_bad" classname="com.cardatechnologies.utils.validators.abaroutevalidator.Test_AbaRouteValidator_06" time="0"/>
  <testcase name="testAbaNumberCheck_10094_bad" classname="com.cardatechnologies.utils.validators.abaroutevalidator.Test_AbaRouteValidator_06" time="0"/>
  <testcase name="testAbaNumberCheck_10546_bad" classname="com.cardatechnologies.utils.validators.abaroutevalidator.Test_AbaRouteValidator_06" time="0"/>
  <testcase name="testAbaNumberCheck_10096_bad" classname="com.cardatechnologies.utils.validators.abaroutevalidator.Test_AbaRouteValidator_06" time="0"/>
  <testcase name="testAbaNumberCheck_10548_bad" classname="com.cardatechnologies.utils.validators.abaroutevalidator.Test_AbaRouteValidator_06" time="0"/>
  <testcase name="testAbaNumberCheck_10098_bad" classname="com.cardatechnologies.utils.validators.abaroutevalidator.Test_AbaRouteValidator_06" time="0.001"/>
  <testcase name="testAbaNumberCheck_11879_good" classname="com.cardatechnologies.utils.validators.abaroutevalidator.Test_AbaRouteValidator_06" time="0"/>
  <testcase name="testAbaNumberCheck_10939_good" classname="com.cardatechnologies.utils.validators.abaroutevalidator.Test_AbaRouteValidator_06" time="0"/>
  <testcase name="testAbaNumberCheck_12170_bad" classname="com.cardatechnologies.utils.validators.abaroutevalidator.Test_AbaRouteValidator_06" time="0"/>
  <testcase name="testAbaNumberCheck_10777_good" classname="com.cardatechnologies.utils.validators.abaroutevalidator.Test_AbaRouteValidator_06" time="0"/>
  <testcase name="testAbaNumberCheck_12172_bad" classname="com.cardatechnologies.utils.validators.abaroutevalidator.Test_AbaRouteValidator_06" time="0"/>
  <testcase name="testAbaNumberCheck_11810_bad" classname="com.cardatechnologies.utils.validators.abaroutevalidator.Test_AbaRouteValidator_06" time="0"/>
  <testcase name="testAbaNumberCheck_11360_bad" classname="com.cardatechnologies.utils.validators.abaroutevalidator.Test_AbaRouteValidator_06" time="0"/>
  <testcase name="testAbaNumberCheck_12174_bad" classname="com.cardatechnologies.utils.validators.abaroutevalidator.Test_AbaRouteValidator_06" time="0"/>
  <testcase name="testAbaNumberCheck_11812_bad" classname="com.cardatechnologies.utils.validators.abaroutevalidator.Test_AbaRouteValidator_06" time="0"/>
  <testcase name="testAbaNumberCheck_11362_bad" classname="com.cardatechnologies.utils.validators.abaroutevalidator.Test_AbaRouteValidator_06" time="0"/>
  <testcase name="testAbaNumberCheck_12176_bad" classname="com.cardatechnologies.utils.validators.abaroutevalidator.Test_AbaRouteValidator_06" time="0"/>
  <testcase name="testAbaNumberCheck_11814_bad" classname="com.cardatechnologies.utils.validators.abaroutevalidator.Test_AbaRouteValidator_06" time="0"/>
  <testcase name="testAbaNumberCheck_10550_bad" classname="com.cardatechnologies.utils.validators.abaroutevalidator.Test_AbaRouteValidator_06" time="0"/>
  <testcase name="testAbaNumberCheck_11364_bad" classname="com.cardatechnologies.utils.validators.abaroutevalidator.Test_AbaRouteValidator_06" time="0"/>
  <testcase name="testAbaNumberCheck_12178_bad" classname="com.cardatechnologies.utils.validators.abaroutevalidator.Test_AbaRouteValidator_06" time="0"/>
  <testcase name="testAbaNumberCheck_11816_bad" classname="com.cardatechnologies.utils.validators.abaroutevalidator.Test_AbaRouteValidator_06" time="0"/>
  <testcase name="testAbaNumberCheck_10552_bad" classname="com.cardatechnologies.utils.validators.abaroutevalidator.Test_AbaRouteValidator_06" time="0"/>
  <testcase name="testAbaNumberCheck_11366_bad" classname="com.cardatechnologies.utils.validators.abaroutevalidator.Test_AbaRouteValidator_06" time="0"/>
  <testcase name="testAbaNumberCheck_11818_bad" classname="com.cardatechnologies.utils.validators.abaroutevalidator.Test_AbaRouteValidator_06" time="0"/>
  <testcase name="testAbaNumberCheck_10554_bad" classname="com.cardatechnologies.utils.validators.abaroutevalidator.Test_AbaRouteValidator_06" time="0"/>
  <testcase name="testAbaNumberCheck_11368_bad" classname="com.cardatechnologies.utils.validators.abaroutevalidator.Test_AbaRouteValidator_06" time="0.001"/>
  <testcase name="testAbaNumberCheck_10489_good" classname="com.cardatechnologies.utils.validators.abaroutevalidator.Test_AbaRouteValidator_06" time="0"/>
  <testcase name="testAbaNumberCheck_10556_bad" classname="com.cardatechnologies.utils.validators.abaroutevalidator.Test_AbaRouteValidator_06" time="0"/>
  <testcase name="testAbaNumberCheck_10558_bad" classname="com.cardatechnologies.utils.validators.abaroutevalidator.Test_AbaRouteValidator_06" time="0"/>
  <testcase name="testAbaNumberCheck_10985_good" classname="com.cardatechnologies.utils.validators.abaroutevalidator.Test_AbaRouteValidator_06" time="0"/>
  <testcase name="testAbaNumberCheck_11799_good" classname="com.cardatechnologies.utils.validators.abaroutevalidator.Test_AbaRouteValidator_06" time="0"/>
  <testcase name="testAbaNumberCheck_10859_good" classname="com.cardatechnologies.utils.validators.abaroutevalidator.Test_AbaRouteValidator_06" time="0"/>
  <testcase name="testAbaNumberCheck_12180_bad" classname="com.cardatechnologies.utils.validators.abaroutevalidator.Test_AbaRouteValidator_06" time="0"/>
  <testcase name="testAbaNumberCheck_12182_bad" classname="com.cardatechnologies.utils.validators.abaroutevalidator.Test_AbaRouteValidator_06" time="0"/>
  <testcase name="testAbaNumberCheck_11820_bad" classname="com.cardatechnologies.utils.validators.abaroutevalidator.Test_AbaRouteValidator_06" time="0"/>
  <testcase name="testAbaNumberCheck_11370_bad" classname="com.cardatechnologies.utils.validators.abaroutevalidator.Test_AbaRouteValidator_06" time="0"/>
  <testcase name="testAbaNumberCheck_12184_bad" classname="com.cardatechnologies.utils.validators.abaroutevalidator.Test_AbaRouteValidator_06" time="0"/>
  <testcase name="testAbaNumberCheck_10697_good" classname="com.cardatechnologies.utils.validators.abaroutevalidator.Test_AbaRouteValidator_06" time="0"/>
  <testcase name="testAbaNumberCheck_11822_bad" classname="com.cardatechnologies.utils.validators.abaroutevalidator.Test_AbaRouteValidator_06" time="0"/>
  <testcase name="testAbaNumberCheck_11372_bad" classname="com.cardatechnologies.utils.validators.abaroutevalidator.Test_AbaRouteValidator_06" time="0"/>
  <testcase name="testAbaNumberCheck_12186_bad" classname="com.cardatechnologies.utils.validators.abaroutevalidator.Test_AbaRouteValidator_06" time="0"/>
  <testcase name="testAbaNumberCheck_11824_bad" classname="com.cardatechnologies.utils.validators.abaroutevalidator.Test_AbaRouteValidator_06" time="0"/>
  <testcase name="testAbaNumberCheck_10560_bad" classname="com.cardatechnologies.utils.validators.abaroutevalidator.Test_AbaRouteValidator_06" time="0"/>
  <testcase name="testAbaNumberCheck_11374_bad" classname="com.cardatechnologies.utils.validators.abaroutevalidator.Test_AbaRouteValidator_06" time="0"/>
  <testcase name="testAbaNumberCheck_12188_bad" classname="com.cardatechnologies.utils.validators.abaroutevalidator.Test_AbaRouteValidator_06" time="0"/>
  <testcase name="testAbaNumberCheck_11826_bad" classname="com.cardatechnologies.utils.validators.abaroutevalidator.Test_AbaRouteValidator_06" time="0"/>
  <testcase name="testAbaNumberCheck_10562_bad" classname="com.cardatechnologies.utils.validators.abaroutevalidator.Test_AbaRouteValidator_06" time="0"/>
  <testcase name="testAbaNumberCheck_11376_bad" classname="com.cardatechnologies.utils.validators.abaroutevalidator.Test_AbaRouteValidator_06" time="0.001"/>
  <testcase name="testAbaNumberCheck_11828_bad" classname="com.cardatechnologies.utils.validators.abaroutevalidator.Test_AbaRouteValidator_06" time="0"/>
  <testcase name="testAbaNumberCheck_10564_bad" classname="com.cardatechnologies.utils.validators.abaroutevalidator.Test_AbaRouteValidator_06" time="0"/>
  <testcase name="testAbaNumberCheck_11378_bad" classname="com.cardatechnologies.utils.validators.abaroutevalidator.Test_AbaRouteValidator_06" time="0"/>
  <testcase name="testAbaNumberCheck_10566_bad" classname="com.cardatechnologies.utils.validators.abaroutevalidator.Test_AbaRouteValidator_06" time="0"/>
  <testcase name="testAbaNumberCheck_10568_bad" classname="com.cardatechnologies.utils.validators.abaroutevalidator.Test_AbaRouteValidator_06" time="0"/>
  <testcase name="testAbaNumberCheck_12190_bad" classname="com.cardatechnologies.utils.validators.abaroutevalidator.Test_AbaRouteValidator_06" time="0"/>
  <testcase name="testAbaNumberCheck_10779_good" classname="com.cardatechnologies.utils.validators.abaroutevalidator.Test_AbaRouteValidator_06" time="0"/>
  <testcase name="testAbaNumberCheck_12192_bad" classname="com.cardatechnologies.utils.validators.abaroutevalidator.Test_AbaRouteValidator_06" time="0"/>
  <testcase name="testAbaNumberCheck_11830_bad" classname="com.cardatechnologies.utils.validators.abaroutevalidator.Test_AbaRouteValidator_06" time="0"/>
  <testcase name="testAbaNumberCheck_11380_bad" classname="com.cardatechnologies.utils.validators.abaroutevalidator.Test_AbaRouteValidator_06" time="0"/>
  <testcase name="testAbaNumberCheck_12194_bad" classname="com.cardatechnologies.utils.validators.abaroutevalidator.Test_AbaRouteValidator_06" time="0"/>
  <testcase name="testAbaNumberCheck_11832_bad" classname="com.cardatechnologies.utils.validators.abaroutevalidator.Test_AbaRouteValidator_06" time="0"/>
  <testcase name="testAbaNumberCheck_11382_bad" classname="com.cardatechnologies.utils.validators.abaroutevalidator.Test_AbaRouteValidator_06" time="0"/>
  <testcase name="testAbaNumberCheck_12196_bad" classname="com.cardatechnologies.utils.validators.abaroutevalidator.Test_AbaRouteValidator_06" time="0"/>
  <testcase name="testAbaNumberCheck_11834_bad" classname="com.cardatechnologies.utils.validators.abaroutevalidator.Test_AbaRouteValidator_06" time="0"/>
  <testcase name="testAbaNumberCheck_10570_bad" classname="com.cardatechnologies.utils.validators.abaroutevalidator.Test_AbaRouteValidator_06" time="0.001"/>
  <testcase name="testAbaNumberCheck_11384_bad" classname="com.cardatechnologies.utils.validators.abaroutevalidator.Test_AbaRouteValidator_06" time="0"/>
  <testcase name="testAbaNumberCheck_12198_bad" classname="com.cardatechnologies.utils.validators.abaroutevalidator.Test_AbaRouteValidator_06" time="0"/>
  <testcase name="testAbaNumberCheck_11836_bad" classname="com.cardatechnologies.utils.validators.abaroutevalidator.Test_AbaRouteValidator_06" time="0"/>
  <testcase name="testAbaNumberCheck_10572_bad" classname="com.cardatechnologies.utils.validators.abaroutevalidator.Test_AbaRouteValidator_06" time="0"/>
  <testcase name="testAbaNumberCheck_11386_bad" classname="com.cardatechnologies.utils.validators.abaroutevalidator.Test_AbaRouteValidator_06" time="0"/>
  <testcase name="testAbaNumberCheck_11838_bad" classname="com.cardatechnologies.utils.validators.abaroutevalidator.Test_AbaRouteValidator_06" time="0"/>
  <testcase name="testAbaNumberCheck_10574_bad" classname="com.cardatechnologies.utils.validators.abaroutevalidator.Test_AbaRouteValidator_06" time="0"/>
  <testcase name="testAbaNumberCheck_11388_bad" classname="com.cardatechnologies.utils.validators.abaroutevalidator.Test_AbaRouteValidator_06" time="0"/>
  <testcase name="testAbaNumberCheck_10576_bad" classname="com.cardatechnologies.utils.validators.abaroutevalidator.Test_AbaRouteValidator_06" time="0"/>
  <testcase name="testAbaNumberCheck_10578_bad" classname="com.cardatechnologies.utils.validators.abaroutevalidator.Test_AbaRouteValidator_06" time="0"/>
  <testcase name="testAbaNumberCheck_10987_good" classname="com.cardatechnologies.utils.validators.abaroutevalidator.Test_AbaRouteValidator_06" time="0"/>
  <testcase name="testAbaNumberCheck_11840_bad" classname="com.cardatechnologies.utils.validators.abaroutevalidator.Test_AbaRouteValidator_06" time="0"/>
  <testcase name="testAbaNumberCheck_11390_bad" classname="com.cardatechnologies.utils.validators.abaroutevalidator.Test_AbaRouteValidator_06" time="0"/>
  <testcase name="testAbaNumberCheck_10699_good" classname="com.cardatechnologies.utils.validators.abaroutevalidator.Test_AbaRouteValidator_06" time="0"/>
  <testcase name="testAbaNumberCheck_11842_bad" classname="com.cardatechnologies.utils.validators.abaroutevalidator.Test_AbaRouteValidator_06" time="0"/>
  <testcase name="testAbaNumberCheck_11392_bad" classname="com.cardatechnologies.utils.validators.abaroutevalidator.Test_AbaRouteValidator_06" time="0"/>
  <testcase name="testAbaNumberCheck_11844_bad" classname="com.cardatechnologies.utils.validators.abaroutevalidator.Test_AbaRouteValidator_06" time="0"/>
  <testcase name="testAbaNumberCheck_10580_bad" classname="com.cardatechnologies.utils.validators.abaroutevalidator.Test_AbaRouteValidator_06" time="0"/>
  <testcase name="testAbaNumberCheck_11394_bad" classname="com.cardatechnologies.utils.validators.abaroutevalidator.Test_AbaRouteValidator_06" time="0"/>
  <testcase name="testAbaNumberCheck_11846_bad" classname="com.cardatechnologies.utils.validators.abaroutevalidator.Test_AbaRouteValidator_06" time="0"/>
  <testcase name="testAbaNumberCheck_10582_bad" classname="com.cardatechnologies.utils.validators.abaroutevalidator.Test_AbaRouteValidator_06" time="0"/>
  <testcase name="testAbaNumberCheck_11396_bad" classname="com.cardatechnologies.utils.validators.abaroutevalidator.Test_AbaRouteValidator_06" time="0"/>
  <testcase name="testAbaNumberCheck_11848_bad" classname="com.cardatechnologies.utils.validators.abaroutevalidator.Test_AbaRouteValidator_06" time="0"/>
  <testcase name="testAbaNumberCheck_10584_bad" classname="com.cardatechnologies.utils.validators.abaroutevalidator.Test_AbaRouteValidator_06" time="0"/>
  <testcase name="testAbaNumberCheck_11398_bad" classname="com.cardatechnologies.utils.validators.abaroutevalidator.Test_AbaRouteValidator_06" time="0"/>
  <testcase name="testAbaNumberCheck_10586_bad" classname="com.cardatechnologies.utils.validators.abaroutevalidator.Test_AbaRouteValidator_06" time="0"/>
  <testcase name="testAbaNumberCheck_10588_bad" classname="com.cardatechnologies.utils.validators.abaroutevalidator.Test_AbaRouteValidator_06" time="0"/>
  <testcase name="testAbaNumberCheck_11850_bad" classname="com.cardatechnologies.utils.validators.abaroutevalidator.Test_AbaRouteValidator_06" time="0"/>
  <testcase name="testAbaNumberCheck_11852_bad" classname="com.cardatechnologies.utils.validators.abaroutevalidator.Test_AbaRouteValidator_06" time="0"/>
  <testcase name="testAbaNumberCheck_11854_bad" classname="com.cardatechnologies.utils.validators.abaroutevalidator.Test_AbaRouteValidator_06" time="0"/>
  <testcase name="testAbaNumberCheck_10590_bad" classname="com.cardatechnologies.utils.validators.abaroutevalidator.Test_AbaRouteValidator_06" time="0"/>
  <testcase name="testAbaNumberCheck_11856_bad" classname="com.cardatechnologies.utils.validators.abaroutevalidator.Test_AbaRouteValidator_06" time="0"/>
  <testcase name="testAbaNumberCheck_10592_bad" classname="com.cardatechnologies.utils.validators.abaroutevalidator.Test_AbaRouteValidator_06" time="0"/>
  <testcase name="testAbaNumberCheck_11858_bad" classname="com.cardatechnologies.utils.validators.abaroutevalidator.Test_AbaRouteValidator_06" time="0"/>
  <testcase name="testAbaNumberCheck_10594_bad" classname="com.cardatechnologies.utils.validators.abaroutevalidator.Test_AbaRouteValidator_06" time="0"/>
  <testcase name="testAbaNumberCheck_10596_bad" classname="com.cardatechnologies.utils.validators.abaroutevalidator.Test_AbaRouteValidator_06" time="0"/>
  <testcase name="testAbaNumberCheck_10598_bad" classname="com.cardatechnologies.utils.validators.abaroutevalidator.Test_AbaRouteValidator_06" time="0"/>
  <testcase name="testAbaNumberCheck_10989_good" classname="com.cardatechnologies.utils.validators.abaroutevalidator.Test_AbaRouteValidator_06" time="0"/>
  <testcase name="testAbaNumberCheck_11860_bad" classname="com.cardatechnologies.utils.validators.abaroutevalidator.Test_AbaRouteValidator_06" time="0"/>
  <testcase name="testAbaNumberCheck_11862_bad" classname="com.cardatechnologies.utils.validators.abaroutevalidator.Test_AbaRouteValidator_06" time="0"/>
  <testcase name="testAbaNumberCheck_11864_bad" classname="com.cardatechnologies.utils.validators.abaroutevalidator.Test_AbaRouteValidator_06" time="0"/>
  <testcase name="testAbaNumberCheck_11866_bad" classname="com.cardatechnologies.utils.validators.abaroutevalidator.Test_AbaRouteValidator_06" time="0"/>
  <testcase name="testAbaNumberCheck_11868_bad" classname="com.cardatechnologies.utils.validators.abaroutevalidator.Test_AbaRouteValidator_06" time="0"/>
  <testcase name="testAbaNumberCheck_12011_good" classname="com.cardatechnologies.utils.validators.abaroutevalidator.Test_AbaRouteValidator_06" time="0"/>
  <testcase name="testAbaNumberCheck_11870_bad" classname="com.cardatechnologies.utils.validators.abaroutevalidator.Test_AbaRouteValidator_06" time="0"/>
  <testcase name="testAbaNumberCheck_11872_bad" classname="com.cardatechnologies.utils.validators.abaroutevalidator.Test_AbaRouteValidator_06" time="0"/>
  <testcase name="testAbaNumberCheck_11874_bad" classname="com.cardatechnologies.utils.validators.abaroutevalidator.Test_AbaRouteValidator_06" time="0.001"/>
  <testcase name="testAbaNumberCheck_11876_bad" classname="com.cardatechnologies.utils.validators.abaroutevalidator.Test_AbaRouteValidator_06" time="0"/>
  <testcase name="testAbaNumberCheck_11878_bad" classname="com.cardatechnologies.utils.validators.abaroutevalidator.Test_AbaRouteValidator_06" time="0"/>
  <testcase name="testAbaNumberCheck_11880_bad" classname="com.cardatechnologies.utils.validators.abaroutevalidator.Test_AbaRouteValidator_06" time="0"/>
  <testcase name="testAbaNumberCheck_11882_bad" classname="com.cardatechnologies.utils.validators.abaroutevalidator.Test_AbaRouteValidator_06" time="0"/>
  <testcase name="testAbaNumberCheck_11884_bad" classname="com.cardatechnologies.utils.validators.abaroutevalidator.Test_AbaRouteValidator_06" time="0"/>
  <testcase name="testAbaNumberCheck_11886_bad" classname="com.cardatechnologies.utils.validators.abaroutevalidator.Test_AbaRouteValidator_06" time="0"/>
  <testcase name="testAbaNumberCheck_12301_good" classname="com.cardatechnologies.utils.validators.abaroutevalidator.Test_AbaRouteValidator_06" time="0"/>
  <testcase name="testAbaNumberCheck_11888_bad" classname="com.cardatechnologies.utils.validators.abaroutevalidator.Test_AbaRouteValidator_06" time="0"/>
  <testcase name="testAbaNumberCheck_12013_good" classname="com.cardatechnologies.utils.validators.abaroutevalidator.Test_AbaRouteValidator_06" time="0"/>
  <testcase name="testAbaNumberCheck_11890_bad" classname="com.cardatechnologies.utils.validators.abaroutevalidator.Test_AbaRouteValidator_06" time="0"/>
  <testcase name="testAbaNumberCheck_11892_bad" classname="com.cardatechnologies.utils.validators.abaroutevalidator.Test_AbaRouteValidator_06" time="0"/>
  <testcase name="testAbaNumberCheck_11894_bad" classname="com.cardatechnologies.utils.validators.abaroutevalidator.Test_AbaRouteValidator_06" time="0"/>
  <testcase name="testAbaNumberCheck_11896_bad" classname="com.cardatechnologies.utils.validators.abaroutevalidator.Test_AbaRouteValidator_06" time="0"/>
  <testcase name="testAbaNumberCheck_11898_bad" classname="com.cardatechnologies.utils.validators.abaroutevalidator.Test_AbaRouteValidator_06" time="0"/>
  <testcase name="testAbaNumberCheck_12221_good" classname="com.cardatechnologies.utils.validators.abaroutevalidator.Test_AbaRouteValidator_06" time="0"/>
  <testcase name="testAbaNumberCheck_12303_good" classname="com.cardatechnologies.utils.validators.abaroutevalidator.Test_AbaRouteValidator_06" time="0"/>
  <testcase name="testAbaNumberCheck_12141_good" classname="com.cardatechnologies.utils.validators.abaroutevalidator.Test_AbaRouteValidator_06" time="0"/>
  <testcase name="testAbaNumberCheck_11201_good" classname="com.cardatechnologies.utils.validators.abaroutevalidator.Test_AbaRouteValidator_06" time="0"/>
  <testcase name="testAbaNumberCheck_12015_good" classname="com.cardatechnologies.utils.validators.abaroutevalidator.Test_AbaRouteValidator_06" time="0"/>
  <testcase name="testAbaNumberCheck_12223_good" classname="com.cardatechnologies.utils.validators.abaroutevalidator.Test_AbaRouteValidator_06" time="0"/>
  <testcase name="testAbaNumberCheck_12061_good" classname="com.cardatechnologies.utils.validators.abaroutevalidator.Test_AbaRouteValidator_06" time="0"/>
  <testcase name="testAbaNumberCheck_11121_good" classname="com.cardatechnologies.utils.validators.abaroutevalidator.Test_AbaRouteValidator_06" time="0"/>
  <testcase name="testAbaNumberCheck_12431_good" classname="com.cardatechnologies.utils.validators.abaroutevalidator.Test_AbaRouteValidator_06" time="0"/>
  <testcase name="testAbaNumberCheck_12305_good" classname="com.cardatechnologies.utils.validators.abaroutevalidator.Test_AbaRouteValidator_06" time="0"/>
  <testcase name="testAbaNumberCheck_12143_good" classname="com.cardatechnologies.utils.validators.abaroutevalidator.Test_AbaRouteValidator_06" time="0.001"/>
  <testcase name="testAbaNumberCheck_11203_good" classname="com.cardatechnologies.utils.validators.abaroutevalidator.Test_AbaRouteValidator_06" time="0"/>
  <testcase name="testAbaNumberCheck_12017_good" classname="com.cardatechnologies.utils.validators.abaroutevalidator.Test_AbaRouteValidator_06" time="0"/>
  <testcase name="testAbaNumberCheck_11041_good" classname="com.cardatechnologies.utils.validators.abaroutevalidator.Test_AbaRouteValidator_06" time="0"/>
  <testcase name="testAbaNumberCheck_10101_good" classname="com.cardatechnologies.utils.validators.abaroutevalidator.Test_AbaRouteValidator_06" time="0"/>
  <testcase name="testAbaNumberCheck_12351_good" classname="com.cardatechnologies.utils.validators.abaroutevalidator.Test_AbaRouteValidator_06" time="0"/>
  <testcase name="testAbaNumberCheck_11411_good" classname="com.cardatechnologies.utils.validators.abaroutevalidator.Test_AbaRouteValidator_06" time="0"/>
  <testcase name="testAbaNumberCheck_12225_good" classname="com.cardatechnologies.utils.validators.abaroutevalidator.Test_AbaRouteValidator_06" time="0"/>
  <testcase name="testAbaNumberCheck_12063_good" classname="com.cardatechnologies.utils.validators.abaroutevalidator.Test_AbaRouteValidator_06" time="0"/>
  <testcase name="testAbaNumberCheck_11123_good" classname="com.cardatechnologies.utils.validators.abaroutevalidator.Test_AbaRouteValidator_06" time="0"/>
  <testcase name="testAbaNumberCheck_10021_good" classname="com.cardatechnologies.utils.validators.abaroutevalidator.Test_AbaRouteValidator_06" time="0"/>
  <testcase name="testAbaNumberCheck_12433_good" classname="com.cardatechnologies.utils.validators.abaroutevalidator.Test_AbaRouteValidator_06" time="0"/>
  <testcase name="testAbaNumberCheck_12307_good" classname="com.cardatechnologies.utils.validators.abaroutevalidator.Test_AbaRouteValidator_06" time="0"/>
  <testcase name="testAbaNumberCheck_12271_good" classname="com.cardatechnologies.utils.validators.abaroutevalidator.Test_AbaRouteValidator_06" time="0"/>
  <testcase name="testAbaNumberCheck_11331_good" classname="com.cardatechnologies.utils.validators.abaroutevalidator.Test_AbaRouteValidator_06" time="0"/>
  <testcase name="testAbaNumberCheck_12145_good" classname="com.cardatechnologies.utils.validators.abaroutevalidator.Test_AbaRouteValidator_06" time="0"/>
  <testcase name="testAbaNumberCheck_11205_good" classname="com.cardatechnologies.utils.validators.abaroutevalidator.Test_AbaRouteValidator_06" time="0"/>
  <testcase name="testAbaNumberCheck_12019_good" classname="com.cardatechnologies.utils.validators.abaroutevalidator.Test_AbaRouteValidator_06" time="0"/>
  <testcase name="testAbaNumberCheck_11043_good" classname="com.cardatechnologies.utils.validators.abaroutevalidator.Test_AbaRouteValidator_06" time="0"/>
  <testcase name="testAbaNumberCheck_10103_good" classname="com.cardatechnologies.utils.validators.abaroutevalidator.Test_AbaRouteValidator_06" time="0"/>
  <testcase name="testAbaNumberCheck_11701_good" classname="com.cardatechnologies.utils.validators.abaroutevalidator.Test_AbaRouteValidator_06" time="0"/>
  <testcase name="testAbaNumberCheck_12353_good" classname="com.cardatechnologies.utils.validators.abaroutevalidator.Test_AbaRouteValidator_06" time="0"/>
  <testcase name="testAbaNumberCheck_11413_good" classname="com.cardatechnologies.utils.validators.abaroutevalidator.Test_AbaRouteValidator_06" time="0"/>
  <testcase name="testAbaNumberCheck_12227_good" classname="com.cardatechnologies.utils.validators.abaroutevalidator.Test_AbaRouteValidator_06" time="0"/>
  <testcase name="testAbaNumberCheck_12191_good" classname="com.cardatechnologies.utils.validators.abaroutevalidator.Test_AbaRouteValidator_06" time="0"/>
  <testcase name="testAbaNumberCheck_11251_good" classname="com.cardatechnologies.utils.validators.abaroutevalidator.Test_AbaRouteValidator_06" time="0"/>
  <testcase name="testAbaNumberCheck_10311_good" classname="com.cardatechnologies.utils.validators.abaroutevalidator.Test_AbaRouteValidator_06" time="0"/>
  <testcase name="testAbaNumberCheck_12065_good" classname="com.cardatechnologies.utils.validators.abaroutevalidator.Test_AbaRouteValidator_06" time="0.001"/>
  <testcase name="testAbaNumberCheck_11125_good" classname="com.cardatechnologies.utils.validators.abaroutevalidator.Test_AbaRouteValidator_06" time="0"/>
  <testcase name="testAbaNumberCheck_10023_good" classname="com.cardatechnologies.utils.validators.abaroutevalidator.Test_AbaRouteValidator_06" time="0"/>
  <testcase name="testAbaNumberCheck_11621_good" classname="com.cardatechnologies.utils.validators.abaroutevalidator.Test_AbaRouteValidator_06" time="0"/>
  <testcase name="testAbaNumberCheck_12435_good" classname="com.cardatechnologies.utils.validators.abaroutevalidator.Test_AbaRouteValidator_06" time="0"/>
  <testcase name="testAbaNumberCheck_12309_good" classname="com.cardatechnologies.utils.validators.abaroutevalidator.Test_AbaRouteValidator_06" time="0"/>
  <testcase name="testAbaNumberCheck_12273_good" classname="com.cardatechnologies.utils.validators.abaroutevalidator.Test_AbaRouteValidator_06" time="0"/>
  <testcase name="testAbaNumberCheck_11333_good" classname="com.cardatechnologies.utils.validators.abaroutevalidator.Test_AbaRouteValidator_06" time="0"/>
  <testcase name="testAbaNumberCheck_12147_good" classname="com.cardatechnologies.utils.validators.abaroutevalidator.Test_AbaRouteValidator_06" time="0"/>
  <testcase name="testAbaNumberCheck_11207_good" classname="com.cardatechnologies.utils.validators.abaroutevalidator.Test_AbaRouteValidator_06" time="0"/>
  <testcase name="testAbaNumberCheck_11171_good" classname="com.cardatechnologies.utils.validators.abaroutevalidator.Test_AbaRouteValidator_06" time="0"/>
  <testcase name="testAbaNumberCheck_10231_good" classname="com.cardatechnologies.utils.validators.abaroutevalidator.Test_AbaRouteValidator_06" time="0"/>
  <testcase name="testAbaNumberCheck_11045_good" classname="com.cardatechnologies.utils.validators.abaroutevalidator.Test_AbaRouteValidator_06" time="0"/>
  <testcase name="testAbaNumberCheck_10105_good" classname="com.cardatechnologies.utils.validators.abaroutevalidator.Test_AbaRouteValidator_06" time="0"/>
  <testcase name="testAbaNumberCheck_11703_good" classname="com.cardatechnologies.utils.validators.abaroutevalidator.Test_AbaRouteValidator_06" time="0"/>
  <testcase name="testAbaNumberCheck_11541_good" classname="com.cardatechnologies.utils.validators.abaroutevalidator.Test_AbaRouteValidator_06" time="0"/>
  <testcase name="testAbaNumberCheck_10601_good" classname="com.cardatechnologies.utils.validators.abaroutevalidator.Test_AbaRouteValidator_06" time="0"/>
  <testcase name="testAbaNumberCheck_12355_good" classname="com.cardatechnologies.utils.validators.abaroutevalidator.Test_AbaRouteValidator_06" time="0"/>
  <testcase name="testAbaNumberCheck_11415_good" classname="com.cardatechnologies.utils.validators.abaroutevalidator.Test_AbaRouteValidator_06" time="0"/>
  <testcase name="testAbaNumberCheck_12229_good" classname="com.cardatechnologies.utils.validators.abaroutevalidator.Test_AbaRouteValidator_06" time="0"/>
  <testcase name="testAbaNumberCheck_12193_good" classname="com.cardatechnologies.utils.validators.abaroutevalidator.Test_AbaRouteValidator_06" time="0"/>
  <testcase name="testAbaNumberCheck_11253_good" classname="com.cardatechnologies.utils.validators.abaroutevalidator.Test_AbaRouteValidator_06" time="0"/>
  <testcase name="testAbaNumberCheck_10313_good" classname="com.cardatechnologies.utils.validators.abaroutevalidator.Test_AbaRouteValidator_06" time="0"/>
  <testcase name="testAbaNumberCheck_11911_good" classname="com.cardatechnologies.utils.validators.abaroutevalidator.Test_AbaRouteValidator_06" time="0"/>
  <testcase name="testAbaNumberCheck_12067_good" classname="com.cardatechnologies.utils.validators.abaroutevalidator.Test_AbaRouteValidator_06" time="0"/>
  <testcase name="testAbaNumberCheck_11127_good" classname="com.cardatechnologies.utils.validators.abaroutevalidator.Test_AbaRouteValidator_06" time="0"/>
  <testcase name="testAbaNumberCheck_11091_good" classname="com.cardatechnologies.utils.validators.abaroutevalidator.Test_AbaRouteValidator_06" time="0"/>
  <testcase name="testAbaNumberCheck_10151_good" classname="com.cardatechnologies.utils.validators.abaroutevalidator.Test_AbaRouteValidator_06" time="0"/>
  <testcase name="testAbaNumberCheck_10025_good" classname="com.cardatechnologies.utils.validators.abaroutevalidator.Test_AbaRouteValidator_06" time="0"/>
  <testcase name="testAbaNumberCheck_11623_good" classname="com.cardatechnologies.utils.validators.abaroutevalidator.Test_AbaRouteValidator_06" time="0"/>
  <testcase name="testAbaNumberCheck_12437_good" classname="com.cardatechnologies.utils.validators.abaroutevalidator.Test_AbaRouteValidator_06" time="0"/>
  <testcase name="testAbaNumberCheck_11461_good" classname="com.cardatechnologies.utils.validators.abaroutevalidator.Test_AbaRouteValidator_06" time="0"/>
  <testcase name="testAbaNumberCheck_10521_good" classname="com.cardatechnologies.utils.validators.abaroutevalidator.Test_AbaRouteValidator_06" time="0"/>
  <testcase name="testAbaNumberCheck_12275_good" classname="com.cardatechnologies.utils.validators.abaroutevalidator.Test_AbaRouteValidator_06" time="0"/>
  <testcase name="testAbaNumberCheck_11335_good" classname="com.cardatechnologies.utils.validators.abaroutevalidator.Test_AbaRouteValidator_06" time="0.001"/>
  <testcase name="testAbaNumberCheck_12149_good" classname="com.cardatechnologies.utils.validators.abaroutevalidator.Test_AbaRouteValidator_06" time="0"/>
  <testcase name="testAbaNumberCheck_11209_good" classname="com.cardatechnologies.utils.validators.abaroutevalidator.Test_AbaRouteValidator_06" time="0"/>
  <testcase name="testAbaNumberCheck_11173_good" classname="com.cardatechnologies.utils.validators.abaroutevalidator.Test_AbaRouteValidator_06" time="0"/>
  <testcase name="testAbaNumberCheck_10233_good" classname="com.cardatechnologies.utils.validators.abaroutevalidator.Test_AbaRouteValidator_06" time="0"/>
  <testcase name="testAbaNumberCheck_11831_good" classname="com.cardatechnologies.utils.validators.abaroutevalidator.Test_AbaRouteValidator_06" time="0"/>
  <testcase name="testAbaNumberCheck_11047_good" classname="com.cardatechnologies.utils.validators.abaroutevalidator.Test_AbaRouteValidator_06" time="0"/>
  <testcase name="testAbaNumberCheck_10107_good" classname="com.cardatechnologies.utils.validators.abaroutevalidator.Test_AbaRouteValidator_06" time="0"/>
  <testcase name="testAbaNumberCheck_11705_good" classname="com.cardatechnologies.utils.validators.abaroutevalidator.Test_AbaRouteValidator_06" time="0"/>
  <testcase name="testAbaNumberCheck_10071_good" classname="com.cardatechnologies.utils.validators.abaroutevalidator.Test_AbaRouteValidator_06" time="0"/>
  <testcase name="testAbaNumberCheck_11543_good" classname="com.cardatechnologies.utils.validators.abaroutevalidator.Test_AbaRouteValidator_06" time="0"/>
  <testcase name="testAbaNumberCheck_10603_good" classname="com.cardatechnologies.utils.validators.abaroutevalidator.Test_AbaRouteValidator_06" time="0"/>
  <testcase name="testAbaNumberCheck_12357_good" classname="com.cardatechnologies.utils.validators.abaroutevalidator.Test_AbaRouteValidator_06" time="0"/>
  <testcase name="testAbaNumberCheck_11417_good" classname="com.cardatechnologies.utils.validators.abaroutevalidator.Test_AbaRouteValidator_06" time="0"/>
  <testcase name="testAbaNumberCheck_11381_good" classname="com.cardatechnologies.utils.validators.abaroutevalidator.Test_AbaRouteValidator_06" time="0"/>
  <testcase name="testAbaNumberCheck_10441_good" classname="com.cardatechnologies.utils.validators.abaroutevalidator.Test_AbaRouteValidator_06" time="0"/>
  <testcase name="testAbaNumberCheck_12195_good" classname="com.cardatechnologies.utils.validators.abaroutevalidator.Test_AbaRouteValidator_06" time="0"/>
  <testcase name="testAbaNumberCheck_11255_good" classname="com.cardatechnologies.utils.validators.abaroutevalidator.Test_AbaRouteValidator_06" time="0"/>
  <testcase name="testAbaNumberCheck_10315_good" classname="com.cardatechnologies.utils.validators.abaroutevalidator.Test_AbaRouteValidator_06" time="0"/>
  <testcase name="testAbaNumberCheck_11913_good" classname="com.cardatechnologies.utils.validators.abaroutevalidator.Test_AbaRouteValidator_06" time="0"/>
  <testcase name="testAbaNumberCheck_12069_good" classname="com.cardatechnologies.utils.validators.abaroutevalidator.Test_AbaRouteValidator_06" time="0"/>
  <testcase name="testAbaNumberCheck_11129_good" classname="com.cardatechnologies.utils.validators.abaroutevalidator.Test_AbaRouteValidator_06" time="0"/>
  <testcase name="testAbaNumberCheck_11093_good" classname="com.cardatechnologies.utils.validators.abaroutevalidator.Test_AbaRouteValidator_06" time="0"/>
  <testcase name="testAbaNumberCheck_10153_good" classname="com.cardatechnologies.utils.validators.abaroutevalidator.Test_AbaRouteValidator_06" time="0"/>
  <testcase name="testAbaNumberCheck_11751_good" classname="com.cardatechnologies.utils.validators.abaroutevalidator.Test_AbaRouteValidator_06" time="0"/>
  <testcase name="testAbaNumberCheck_10811_good" classname="com.cardatechnologies.utils.validators.abaroutevalidator.Test_AbaRouteValidator_06" time="0"/>
  <testcase name="testAbaNumberCheck_10027_good" classname="com.cardatechnologies.utils.validators.abaroutevalidator.Test_AbaRouteValidator_06" time="0"/>
  <testcase name="testAbaNumberCheck_11625_good" classname="com.cardatechnologies.utils.validators.abaroutevalidator.Test_AbaRouteValidator_06" time="0"/>
  <testcase name="testAbaNumberCheck_12439_good" classname="com.cardatechnologies.utils.validators.abaroutevalidator.Test_AbaRouteValidator_06" time="0"/>
  <testcase name="testAbaNumberCheck_11463_good" classname="com.cardatechnologies.utils.validators.abaroutevalidator.Test_AbaRouteValidator_06" time="0"/>
  <testcase name="testAbaNumberCheck_10523_good" classname="com.cardatechnologies.utils.validators.abaroutevalidator.Test_AbaRouteValidator_06" time="0"/>
  <testcase name="testAbaNumberCheck_12277_good" classname="com.cardatechnologies.utils.validators.abaroutevalidator.Test_AbaRouteValidator_06" time="0"/>
  <testcase name="testAbaNumberCheck_11337_good" classname="com.cardatechnologies.utils.validators.abaroutevalidator.Test_AbaRouteValidator_06" time="0"/>
  <testcase name="testAbaNumberCheck_10361_good" classname="com.cardatechnologies.utils.validators.abaroutevalidator.Test_AbaRouteValidator_06" time="0"/>
  <testcase name="testAbaNumberCheck_11175_good" classname="com.cardatechnologies.utils.validators.abaroutevalidator.Test_AbaRouteValidator_06" time="0"/>
  <testcase name="testAbaNumberCheck_10235_good" classname="com.cardatechnologies.utils.validators.abaroutevalidator.Test_AbaRouteValidator_06" time="0"/>
  <testcase name="testAbaNumberCheck_11833_good" classname="com.cardatechnologies.utils.validators.abaroutevalidator.Test_AbaRouteValidator_06" time="0"/>
  <testcase name="testAbaNumberCheck_11049_good" classname="com.cardatechnologies.utils.validators.abaroutevalidator.Test_AbaRouteValidator_06" time="0"/>
  <testcase name="testAbaNumberCheck_10109_good" classname="com.cardatechnologies.utils.validators.abaroutevalidator.Test_AbaRouteValidator_06" time="0"/>
  <testcase name="testAbaNumberCheck_11707_good" classname="com.cardatechnologies.utils.validators.abaroutevalidator.Test_AbaRouteValidator_06" time="0"/>
  <testcase name="testAbaNumberCheck_10073_good" classname="com.cardatechnologies.utils.validators.abaroutevalidator.Test_AbaRouteValidator_06" time="0"/>
  <testcase name="testAbaNumberCheck_11671_good" classname="com.cardatechnologies.utils.validators.abaroutevalidator.Test_AbaRouteValidator_06" time="0"/>
  <testcase name="testAbaNumberCheck_10731_good" classname="com.cardatechnologies.utils.validators.abaroutevalidator.Test_AbaRouteValidator_06" time="0.001"/>
  <testcase name="testAbaNumberCheck_11545_good" classname="com.cardatechnologies.utils.validators.abaroutevalidator.Test_AbaRouteValidator_06" time="0"/>
  <testcase name="testAbaNumberCheck_10605_good" classname="com.cardatechnologies.utils.validators.abaroutevalidator.Test_AbaRouteValidator_06" time="0"/>
  <testcase name="testAbaNumberCheck_12359_good" classname="com.cardatechnologies.utils.validators.abaroutevalidator.Test_AbaRouteValidator_06" time="0"/>
  <testcase name="testAbaNumberCheck_11419_good" classname="com.cardatechnologies.utils.validators.abaroutevalidator.Test_AbaRouteValidator_06" time="0"/>
  <testcase name="testAbaNumberCheck_11383_good" classname="com.cardatechnologies.utils.validators.abaroutevalidator.Test_AbaRouteValidator_06" time="0"/>
  <testcase name="testAbaNumberCheck_10443_good" classname="com.cardatechnologies.utils.validators.abaroutevalidator.Test_AbaRouteValidator_06" time="0"/>
  <testcase name="testAbaNumberCheck_12197_good" classname="com.cardatechnologies.utils.validators.abaroutevalidator.Test_AbaRouteValidator_06" time="0"/>
  <testcase name="testAbaNumberCheck_11257_good" classname="com.cardatechnologies.utils.validators.abaroutevalidator.Test_AbaRouteValidator_06" time="0"/>
  <testcase name="testAbaNumberCheck_10317_good" classname="com.cardatechnologies.utils.validators.abaroutevalidator.Test_AbaRouteValidator_06" time="0"/>
  <testcase name="testAbaNumberCheck_11915_good" classname="com.cardatechnologies.utils.validators.abaroutevalidator.Test_AbaRouteValidator_06" time="0"/>
  <testcase name="testAbaNumberCheck_10281_good" classname="com.cardatechnologies.utils.validators.abaroutevalidator.Test_AbaRouteValidator_06" time="0"/>
  <testcase name="testAbaNumberCheck_11095_good" classname="com.cardatechnologies.utils.validators.abaroutevalidator.Test_AbaRouteValidator_06" time="0"/>
  <testcase name="testAbaNumberCheck_10155_good" classname="com.cardatechnologies.utils.validators.abaroutevalidator.Test_AbaRouteValidator_06" time="0"/>
  <testcase name="testAbaNumberCheck_11753_good" classname="com.cardatechnologies.utils.validators.abaroutevalidator.Test_AbaRouteValidator_06" time="0"/>
  <testcase name="testAbaNumberCheck_10813_good" classname="com.cardatechnologies.utils.validators.abaroutevalidator.Test_AbaRouteValidator_06" time="0"/>
  <testcase name="testAbaNumberCheck_10029_good" classname="com.cardatechnologies.utils.validators.abaroutevalidator.Test_AbaRouteValidator_06" time="0"/>
  <testcase name="testAbaNumberCheck_11627_good" classname="com.cardatechnologies.utils.validators.abaroutevalidator.Test_AbaRouteValidator_06" time="0.001"/>
  <testcase name="testAbaNumberCheck_11591_good" classname="com.cardatechnologies.utils.validators.abaroutevalidator.Test_AbaRouteValidator_06" time="0"/>
  <testcase name="testAbaNumberCheck_10651_good" classname="com.cardatechnologies.utils.validators.abaroutevalidator.Test_AbaRouteValidator_06" time="0"/>
  <testcase name="testAbaNumberCheck_10100_bad" classname="com.cardatechnologies.utils.validators.abaroutevalidator.Test_AbaRouteValidator_06" time="0"/>
  <testcase name="testAbaNumberCheck_11465_good" classname="com.cardatechnologies.utils.validators.abaroutevalidator.Test_AbaRouteValidator_06" time="0"/>
  <testcase name="testAbaNumberCheck_10525_good" classname="com.cardatechnologies.utils.validators.abaroutevalidator.Test_AbaRouteValidator_06" time="0"/>
  <testcase name="testAbaNumberCheck_10102_bad" classname="com.cardatechnologies.utils.validators.abaroutevalidator.Test_AbaRouteValidator_06" time="0"/>
  <testcase name="testAbaNumberCheck_10104_bad" classname="com.cardatechnologies.utils.validators.abaroutevalidator.Test_AbaRouteValidator_06" time="0"/>
  <testcase name="testAbaNumberCheck_12279_good" classname="com.cardatechnologies.utils.validators.abaroutevalidator.Test_AbaRouteValidator_06" time="0"/>
  <testcase name="testAbaNumberCheck_11339_good" classname="com.cardatechnologies.utils.validators.abaroutevalidator.Test_AbaRouteValidator_06" time="0"/>
  <testcase name="testAbaNumberCheck_10106_bad" classname="com.cardatechnologies.utils.validators.abaroutevalidator.Test_AbaRouteValidator_06" time="0"/>
  <testcase name="testAbaNumberCheck_10108_bad" classname="com.cardatechnologies.utils.validators.abaroutevalidator.Test_AbaRouteValidator_06" time="0"/>
  <testcase name="testAbaNumberCheck_10363_good" classname="com.cardatechnologies.utils.validators.abaroutevalidator.Test_AbaRouteValidator_06" time="0"/>
  <testcase name="testAbaNumberCheck_11961_good" classname="com.cardatechnologies.utils.validators.abaroutevalidator.Test_AbaRouteValidator_06" time="0.001"/>
  <testcase name="testAbaNumberCheck_11177_good" classname="com.cardatechnologies.utils.validators.abaroutevalidator.Test_AbaRouteValidator_06" time="0"/>
  <testcase name="testAbaNumberCheck_10237_good" classname="com.cardatechnologies.utils.validators.abaroutevalidator.Test_AbaRouteValidator_06" time="0"/>
  <testcase name="testAbaNumberCheck_11835_good" classname="com.cardatechnologies.utils.validators.abaroutevalidator.Test_AbaRouteValidator_06" time="0"/>
  <testcase name="testAbaNumberCheck_11709_good" classname="com.cardatechnologies.utils.validators.abaroutevalidator.Test_AbaRouteValidator_06" time="0"/>
  <testcase name="testAbaNumberCheck_10075_good" classname="com.cardatechnologies.utils.validators.abaroutevalidator.Test_AbaRouteValidator_06" time="0"/>
  <testcase name="testAbaNumberCheck_11673_good" classname="com.cardatechnologies.utils.validators.abaroutevalidator.Test_AbaRouteValidator_06" time="0"/>
  <testcase name="testAbaNumberCheck_10733_good" classname="com.cardatechnologies.utils.validators.abaroutevalidator.Test_AbaRouteValidator_06" time="0"/>
  <testcase name="testAbaNumberCheck_11547_good" classname="com.cardatechnologies.utils.validators.abaroutevalidator.Test_AbaRouteValidator_06" time="0"/>
  <testcase name="testAbaNumberCheck_10607_good" classname="com.cardatechnologies.utils.validators.abaroutevalidator.Test_AbaRouteValidator_06" time="0"/>
  <testcase name="testAbaNumberCheck_10110_bad" classname="com.cardatechnologies.utils.validators.abaroutevalidator.Test_AbaRouteValidator_06" time="0"/>
  <testcase name="testAbaNumberCheck_10571_good" classname="com.cardatechnologies.utils.validators.abaroutevalidator.Test_AbaRouteValidator_06" time="0"/>
  <testcase name="testAbaNumberCheck_10112_bad" classname="com.cardatechnologies.utils.validators.abaroutevalidator.Test_AbaRouteValidator_06" time="0"/>
  <testcase name="testAbaNumberCheck_10114_bad" classname="com.cardatechnologies.utils.validators.abaroutevalidator.Test_AbaRouteValidator_06" time="0"/>
  <testcase name="testAbaNumberCheck_11385_good" classname="com.cardatechnologies.utils.validators.abaroutevalidator.Test_AbaRouteValidator_06" time="0"/>
  <testcase name="testAbaNumberCheck_10445_good" classname="com.cardatechnologies.utils.validators.abaroutevalidator.Test_AbaRouteValidator_06" time="0"/>
  <testcase name="testAbaNumberCheck_10116_bad" classname="com.cardatechnologies.utils.validators.abaroutevalidator.Test_AbaRouteValidator_06" time="0"/>
  <testcase name="testAbaNumberCheck_10118_bad" classname="com.cardatechnologies.utils.validators.abaroutevalidator.Test_AbaRouteValidator_06" time="0"/>
  <testcase name="testAbaNumberCheck_12199_good" classname="com.cardatechnologies.utils.validators.abaroutevalidator.Test_AbaRouteValidator_06" time="0"/>
  <testcase name="testAbaNumberCheck_11259_good" classname="com.cardatechnologies.utils.validators.abaroutevalidator.Test_AbaRouteValidator_06" time="0"/>
  <testcase name="testAbaNumberCheck_10319_good" classname="com.cardatechnologies.utils.validators.abaroutevalidator.Test_AbaRouteValidator_06" time="0"/>
  <testcase name="testAbaNumberCheck_11917_good" classname="com.cardatechnologies.utils.validators.abaroutevalidator.Test_AbaRouteValidator_06" time="0"/>
  <testcase name="testAbaNumberCheck_10283_good" classname="com.cardatechnologies.utils.validators.abaroutevalidator.Test_AbaRouteValidator_06" time="0"/>
  <testcase name="testAbaNumberCheck_11881_good" classname="com.cardatechnologies.utils.validators.abaroutevalidator.Test_AbaRouteValidator_06" time="0"/>
  <testcase name="testAbaNumberCheck_10941_good" classname="com.cardatechnologies.utils.validators.abaroutevalidator.Test_AbaRouteValidator_06" time="0"/>
  <testcase name="testAbaNumberCheck_11097_good" classname="com.cardatechnologies.utils.validators.abaroutevalidator.Test_AbaRouteValidator_06" time="0"/>
  <testcase name="testAbaNumberCheck_10157_good" classname="com.cardatechnologies.utils.validators.abaroutevalidator.Test_AbaRouteValidator_06" time="0"/>
  <testcase name="testAbaNumberCheck_11755_good" classname="com.cardatechnologies.utils.validators.abaroutevalidator.Test_AbaRouteValidator_06" time="0"/>
  <testcase name="testAbaNumberCheck_10815_good" classname="com.cardatechnologies.utils.validators.abaroutevalidator.Test_AbaRouteValidator_06" time="0"/>
  <testcase name="testAbaNumberCheck_11629_good" classname="com.cardatechnologies.utils.validators.abaroutevalidator.Test_AbaRouteValidator_06" time="0"/>
  <testcase name="testAbaNumberCheck_11593_good" classname="com.cardatechnologies.utils.validators.abaroutevalidator.Test_AbaRouteValidator_06" time="0"/>
  <testcase name="testAbaNumberCheck_10653_good" classname="com.cardatechnologies.utils.validators.abaroutevalidator.Test_AbaRouteValidator_06" time="0"/>
  <testcase name="testAbaNumberCheck_10120_bad" classname="com.cardatechnologies.utils.validators.abaroutevalidator.Test_AbaRouteValidator_06" time="0"/>
  <testcase name="testAbaNumberCheck_11467_good" classname="com.cardatechnologies.utils.validators.abaroutevalidator.Test_AbaRouteValidator_06" time="0"/>
  <testcase name="testAbaNumberCheck_10527_good" classname="com.cardatechnologies.utils.validators.abaroutevalidator.Test_AbaRouteValidator_06" time="0"/>
  <testcase name="testAbaNumberCheck_10122_bad" classname="com.cardatechnologies.utils.validators.abaroutevalidator.Test_AbaRouteValidator_06" time="0"/>
  <testcase name="testAbaNumberCheck_10124_bad" classname="com.cardatechnologies.utils.validators.abaroutevalidator.Test_AbaRouteValidator_06" time="0"/>
  <testcase name="testAbaNumberCheck_10491_good" classname="com.cardatechnologies.utils.validators.abaroutevalidator.Test_AbaRouteValidator_06" time="0"/>
  <testcase name="testAbaNumberCheck_10126_bad" classname="com.cardatechnologies.utils.validators.abaroutevalidator.Test_AbaRouteValidator_06" time="0"/>
  <testcase name="testAbaNumberCheck_10128_bad" classname="com.cardatechnologies.utils.validators.abaroutevalidator.Test_AbaRouteValidator_06" time="0"/>
  <testcase name="testAbaNumberCheck_10365_good" classname="com.cardatechnologies.utils.validators.abaroutevalidator.Test_AbaRouteValidator_06" time="0"/>
  <testcase name="testAbaNumberCheck_11963_good" classname="com.cardatechnologies.utils.validators.abaroutevalidator.Test_AbaRouteValidator_06" time="0"/>
  <testcase name="testAbaNumberCheck_11179_good" classname="com.cardatechnologies.utils.validators.abaroutevalidator.Test_AbaRouteValidator_06" time="0"/>
  <testcase name="testAbaNumberCheck_10239_good" classname="com.cardatechnologies.utils.validators.abaroutevalidator.Test_AbaRouteValidator_06" time="0"/>
  <testcase name="testAbaNumberCheck_11837_good" classname="com.cardatechnologies.utils.validators.abaroutevalidator.Test_AbaRouteValidator_06" time="0"/>
  <testcase name="testAbaNumberCheck_10861_good" classname="com.cardatechnologies.utils.validators.abaroutevalidator.Test_AbaRouteValidator_06" time="0"/>
  <testcase name="testAbaNumberCheck_10077_good" classname="com.cardatechnologies.utils.validators.abaroutevalidator.Test_AbaRouteValidator_06" time="0"/>
  <testcase name="testAbaNumberCheck_12200_bad" classname="com.cardatechnologies.utils.validators.abaroutevalidator.Test_AbaRouteValidator_06" time="0"/>
  <testcase name="testAbaNumberCheck_11675_good" classname="com.cardatechnologies.utils.validators.abaroutevalidator.Test_AbaRouteValidator_06" time="0"/>
  <testcase name="testAbaNumberCheck_10735_good" classname="com.cardatechnologies.utils.validators.abaroutevalidator.Test_AbaRouteValidator_06" time="0"/>
  <testcase name="testAbaNumberCheck_12202_bad" classname="com.cardatechnologies.utils.validators.abaroutevalidator.Test_AbaRouteValidator_06" time="0"/>
  <testcase name="testAbaNumberCheck_12204_bad" classname="com.cardatechnologies.utils.validators.abaroutevalidator.Test_AbaRouteValidator_06" time="0"/>
  <testcase name="testAbaNumberCheck_11549_good" classname="com.cardatechnologies.utils.validators.abaroutevalidator.Test_AbaRouteValidator_06" time="0"/>
  <testcase name="testAbaNumberCheck_10609_good" classname="com.cardatechnologies.utils.validators.abaroutevalidator.Test_AbaRouteValidator_06" time="0"/>
  <testcase name="testAbaNumberCheck_12206_bad" classname="com.cardatechnologies.utils.validators.abaroutevalidator.Test_AbaRouteValidator_06" time="0"/>
  <testcase name="testAbaNumberCheck_12208_bad" classname="com.cardatechnologies.utils.validators.abaroutevalidator.Test_AbaRouteValidator_06" time="0"/>
  <testcase name="testAbaNumberCheck_10130_bad" classname="com.cardatechnologies.utils.validators.abaroutevalidator.Test_AbaRouteValidator_06" time="0"/>
  <testcase name="testAbaNumberCheck_10573_good" classname="com.cardatechnologies.utils.validators.abaroutevalidator.Test_AbaRouteValidator_06" time="0"/>
  <testcase name="testAbaNumberCheck_10132_bad" classname="com.cardatechnologies.utils.validators.abaroutevalidator.Test_AbaRouteValidator_06" time="0"/>
  <testcase name="testAbaNumberCheck_10134_bad" classname="com.cardatechnologies.utils.validators.abaroutevalidator.Test_AbaRouteValidator_06" time="0"/>
  <testcase name="testAbaNumberCheck_11387_good" classname="com.cardatechnologies.utils.validators.abaroutevalidator.Test_AbaRouteValidator_06" time="0"/>
  <testcase name="testAbaNumberCheck_10447_good" classname="com.cardatechnologies.utils.validators.abaroutevalidator.Test_AbaRouteValidator_06" time="0"/>
  <testcase name="testAbaNumberCheck_10136_bad" classname="com.cardatechnologies.utils.validators.abaroutevalidator.Test_AbaRouteValidator_06" time="0"/>
  <testcase name="testAbaNumberCheck_10138_bad" classname="com.cardatechnologies.utils.validators.abaroutevalidator.Test_AbaRouteValidator_06" time="0"/>
  <testcase name="testAbaNumberCheck_11919_good" classname="com.cardatechnologies.utils.validators.abaroutevalidator.Test_AbaRouteValidator_06" time="0"/>
  <testcase name="testAbaNumberCheck_10285_good" classname="com.cardatechnologies.utils.validators.abaroutevalidator.Test_AbaRouteValidator_06" time="0"/>
  <testcase name="testAbaNumberCheck_11883_good" classname="com.cardatechnologies.utils.validators.abaroutevalidator.Test_AbaRouteValidator_06" time="0"/>
  <testcase name="testAbaNumberCheck_10943_good" classname="com.cardatechnologies.utils.validators.abaroutevalidator.Test_AbaRouteValidator_06" time="0"/>
  <testcase name="testAbaNumberCheck_11099_good" classname="com.cardatechnologies.utils.validators.abaroutevalidator.Test_AbaRouteValidator_06" time="0"/>
  <testcase name="testAbaNumberCheck_10159_good" classname="com.cardatechnologies.utils.validators.abaroutevalidator.Test_AbaRouteValidator_06" time="0"/>
  <testcase name="testAbaNumberCheck_11757_good" classname="com.cardatechnologies.utils.validators.abaroutevalidator.Test_AbaRouteValidator_06" time="0"/>
  <testcase name="testAbaNumberCheck_10817_good" classname="com.cardatechnologies.utils.validators.abaroutevalidator.Test_AbaRouteValidator_06" time="0"/>
  <testcase name="testAbaNumberCheck_12210_bad" classname="com.cardatechnologies.utils.validators.abaroutevalidator.Test_AbaRouteValidator_06" time="0"/>
  <testcase name="testAbaNumberCheck_10781_good" classname="com.cardatechnologies.utils.validators.abaroutevalidator.Test_AbaRouteValidator_06" time="0"/>
  <testcase name="testAbaNumberCheck_12212_bad" classname="com.cardatechnologies.utils.validators.abaroutevalidator.Test_AbaRouteValidator_06" time="0"/>
  <testcase name="testAbaNumberCheck_11400_bad" classname="com.cardatechnologies.utils.validators.abaroutevalidator.Test_AbaRouteValidator_06" time="0"/>
  <testcase name="testAbaNumberCheck_12214_bad" classname="com.cardatechnologies.utils.validators.abaroutevalidator.Test_AbaRouteValidator_06" time="0"/>
  <testcase name="testAbaNumberCheck_11595_good" classname="com.cardatechnologies.utils.validators.abaroutevalidator.Test_AbaRouteValidator_06" time="0"/>
  <testcase name="testAbaNumberCheck_10655_good" classname="com.cardatechnologies.utils.validators.abaroutevalidator.Test_AbaRouteValidator_06" time="0"/>
  <testcase name="testAbaNumberCheck_11402_bad" classname="com.cardatechnologies.utils.validators.abaroutevalidator.Test_AbaRouteValidator_06" time="0"/>
  <testcase name="testAbaNumberCheck_12216_bad" classname="com.cardatechnologies.utils.validators.abaroutevalidator.Test_AbaRouteValidator_06" time="0"/>
  <testcase name="testAbaNumberCheck_11404_bad" classname="com.cardatechnologies.utils.validators.abaroutevalidator.Test_AbaRouteValidator_06" time="0"/>
  <testcase name="testAbaNumberCheck_12218_bad" classname="com.cardatechnologies.utils.validators.abaroutevalidator.Test_AbaRouteValidator_06" time="0"/>
  <testcase name="testAbaNumberCheck_10140_bad" classname="com.cardatechnologies.utils.validators.abaroutevalidator.Test_AbaRouteValidator_06" time="0"/>
  <testcase name="testAbaNumberCheck_11469_good" classname="com.cardatechnologies.utils.validators.abaroutevalidator.Test_AbaRouteValidator_06" time="0"/>
  <testcase name="testAbaNumberCheck_10529_good" classname="com.cardatechnologies.utils.validators.abaroutevalidator.Test_AbaRouteValidator_06" time="0"/>
  <testcase name="testAbaNumberCheck_11406_bad" classname="com.cardatechnologies.utils.validators.abaroutevalidator.Test_AbaRouteValidator_06" time="0"/>
  <testcase name="testAbaNumberCheck_10142_bad" classname="com.cardatechnologies.utils.validators.abaroutevalidator.Test_AbaRouteValidator_06" time="0"/>
  <testcase name="testAbaNumberCheck_11408_bad" classname="com.cardatechnologies.utils.validators.abaroutevalidator.Test_AbaRouteValidator_06" time="0"/>
  <testcase name="testAbaNumberCheck_10144_bad" classname="com.cardatechnologies.utils.validators.abaroutevalidator.Test_AbaRouteValidator_06" time="0"/>
  <testcase name="testAbaNumberCheck_10493_good" classname="com.cardatechnologies.utils.validators.abaroutevalidator.Test_AbaRouteValidator_06" time="0"/>
  <testcase name="testAbaNumberCheck_10146_bad" classname="com.cardatechnologies.utils.validators.abaroutevalidator.Test_AbaRouteValidator_06" time="0"/>
  <testcase name="testAbaNumberCheck_10148_bad" classname="com.cardatechnologies.utils.validators.abaroutevalidator.Test_AbaRouteValidator_06" time="0"/>
  <testcase name="testAbaNumberCheck_10367_good" classname="com.cardatechnologies.utils.validators.abaroutevalidator.Test_AbaRouteValidator_06" time="0"/>
  <testcase name="testAbaNumberCheck_11965_good" classname="com.cardatechnologies.utils.validators.abaroutevalidator.Test_AbaRouteValidator_06" time="0"/>
  <testcase name="testAbaNumberCheck_11839_good" classname="com.cardatechnologies.utils.validators.abaroutevalidator.Test_AbaRouteValidator_06" time="0"/>
  <testcase name="testAbaNumberCheck_10863_good" classname="com.cardatechnologies.utils.validators.abaroutevalidator.Test_AbaRouteValidator_06" time="0"/>
  <testcase name="testAbaNumberCheck_10079_good" classname="com.cardatechnologies.utils.validators.abaroutevalidator.Test_AbaRouteValidator_06" time="0"/>
  <testcase name="testAbaNumberCheck_12220_bad" classname="com.cardatechnologies.utils.validators.abaroutevalidator.Test_AbaRouteValidator_06" time="0"/>
  <testcase name="testAbaNumberCheck_11677_good" classname="com.cardatechnologies.utils.validators.abaroutevalidator.Test_AbaRouteValidator_06" time="0"/>
  <testcase name="testAbaNumberCheck_10737_good" classname="com.cardatechnologies.utils.validators.abaroutevalidator.Test_AbaRouteValidator_06" time="0"/>
  <testcase name="testAbaNumberCheck_12222_bad" classname="com.cardatechnologies.utils.validators.abaroutevalidator.Test_AbaRouteValidator_06" time="0"/>
  <testcase name="testAbaNumberCheck_11410_bad" classname="com.cardatechnologies.utils.validators.abaroutevalidator.Test_AbaRouteValidator_06" time="0"/>
  <testcase name="testAbaNumberCheck_12224_bad" classname="com.cardatechnologies.utils.validators.abaroutevalidator.Test_AbaRouteValidator_06" time="0"/>
  <testcase name="testAbaNumberCheck_11412_bad" classname="com.cardatechnologies.utils.validators.abaroutevalidator.Test_AbaRouteValidator_06" time="0"/>
  <testcase name="testAbaNumberCheck_12226_bad" classname="com.cardatechnologies.utils.validators.abaroutevalidator.Test_AbaRouteValidator_06" time="0"/>
  <testcase name="testAbaNumberCheck_10600_bad" classname="com.cardatechnologies.utils.validators.abaroutevalidator.Test_AbaRouteValidator_06" time="0"/>
  <testcase name="testAbaNumberCheck_11414_bad" classname="com.cardatechnologies.utils.validators.abaroutevalidator.Test_AbaRouteValidator_06" time="0"/>
  <testcase name="testAbaNumberCheck_12228_bad" classname="com.cardatechnologies.utils.validators.abaroutevalidator.Test_AbaRouteValidator_06" time="0.001"/>
  <testcase name="testAbaNumberCheck_10150_bad" classname="com.cardatechnologies.utils.validators.abaroutevalidator.Test_AbaRouteValidator_06" time="0"/>
  <testcase name="testAbaNumberCheck_10575_good" classname="com.cardatechnologies.utils.validators.abaroutevalidator.Test_AbaRouteValidator_06" time="0"/>
  <testcase name="testAbaNumberCheck_10602_bad" classname="com.cardatechnologies.utils.validators.abaroutevalidator.Test_AbaRouteValidator_06" time="0"/>
  <testcase name="testAbaNumberCheck_11416_bad" classname="com.cardatechnologies.utils.validators.abaroutevalidator.Test_AbaRouteValidator_06" time="0"/>
  <testcase name="testAbaNumberCheck_10152_bad" classname="com.cardatechnologies.utils.validators.abaroutevalidator.Test_AbaRouteValidator_06" time="0"/>
  <testcase name="testAbaNumberCheck_10604_bad" classname="com.cardatechnologies.utils.validators.abaroutevalidator.Test_AbaRouteValidator_06" time="0"/>
  <testcase name="testAbaNumberCheck_11418_bad" classname="com.cardatechnologies.utils.validators.abaroutevalidator.Test_AbaRouteValidator_06" time="0"/>
  <testcase name="testAbaNumberCheck_10154_bad" classname="com.cardatechnologies.utils.validators.abaroutevalidator.Test_AbaRouteValidator_06" time="0"/>
  <testcase name="testAbaNumberCheck_11389_good" classname="com.cardatechnologies.utils.validators.abaroutevalidator.Test_AbaRouteValidator_06" time="0"/>
  <testcase name="testAbaNumberCheck_10449_good" classname="com.cardatechnologies.utils.validators.abaroutevalidator.Test_AbaRouteValidator_06" time="0"/>
  <testcase name="testAbaNumberCheck_10606_bad" classname="com.cardatechnologies.utils.validators.abaroutevalidator.Test_AbaRouteValidator_06" time="0"/>
  <testcase name="testAbaNumberCheck_10156_bad" classname="com.cardatechnologies.utils.validators.abaroutevalidator.Test_AbaRouteValidator_06" time="0"/>
  <testcase name="testAbaNumberCheck_10608_bad" classname="com.cardatechnologies.utils.validators.abaroutevalidator.Test_AbaRouteValidator_06" time="0"/>
  <testcase name="testAbaNumberCheck_10158_bad" classname="com.cardatechnologies.utils.validators.abaroutevalidator.Test_AbaRouteValidator_06" time="0"/>
  <testcase name="testAbaNumberCheck_10287_good" classname="com.cardatechnologies.utils.validators.abaroutevalidator.Test_AbaRouteValidator_06" time="0"/>
  <testcase name="testAbaNumberCheck_11885_good" classname="com.cardatechnologies.utils.validators.abaroutevalidator.Test_AbaRouteValidator_06" time="0"/>
  <testcase name="testAbaNumberCheck_10945_good" classname="com.cardatechnologies.utils.validators.abaroutevalidator.Test_AbaRouteValidator_06" time="0.001"/>
  <testcase name="testAbaNumberCheck_11759_good" classname="com.cardatechnologies.utils.validators.abaroutevalidator.Test_AbaRouteValidator_06" time="0"/>
  <testcase name="testAbaNumberCheck_10819_good" classname="com.cardatechnologies.utils.validators.abaroutevalidator.Test_AbaRouteValidator_06" time="0"/>
  <testcase name="testAbaNumberCheck_12230_bad" classname="com.cardatechnologies.utils.validators.abaroutevalidator.Test_AbaRouteValidator_06" time="0"/>
  <testcase name="testAbaNumberCheck_10783_good" classname="com.cardatechnologies.utils.validators.abaroutevalidator.Test_AbaRouteValidator_06" time="0"/>
  <testcase name="testAbaNumberCheck_12232_bad" classname="com.cardatechnologies.utils.validators.abaroutevalidator.Test_AbaRouteValidator_06" time="0"/>
  <testcase name="testAbaNumberCheck_11420_bad" classname="com.cardatechnologies.utils.validators.abaroutevalidator.Test_AbaRouteValidator_06" time="0"/>
  <testcase name="testAbaNumberCheck_12234_bad" classname="com.cardatechnologies.utils.validators.abaroutevalidator.Test_AbaRouteValidator_06" time="0"/>
  <testcase name="testAbaNumberCheck_11597_good" classname="com.cardatechnologies.utils.validators.abaroutevalidator.Test_AbaRouteValidator_06" time="0"/>
  <testcase name="testAbaNumberCheck_10657_good" classname="com.cardatechnologies.utils.validators.abaroutevalidator.Test_AbaRouteValidator_06" time="0"/>
  <testcase name="testAbaNumberCheck_11422_bad" classname="com.cardatechnologies.utils.validators.abaroutevalidator.Test_AbaRouteValidator_06" time="0"/>
  <testcase name="testAbaNumberCheck_12236_bad" classname="com.cardatechnologies.utils.validators.abaroutevalidator.Test_AbaRouteValidator_06" time="0"/>
  <testcase name="testAbaNumberCheck_10610_bad" classname="com.cardatechnologies.utils.validators.abaroutevalidator.Test_AbaRouteValidator_06" time="0"/>
  <testcase name="testAbaNumberCheck_11424_bad" classname="com.cardatechnologies.utils.validators.abaroutevalidator.Test_AbaRouteValidator_06" time="0"/>
  <testcase name="testAbaNumberCheck_12238_bad" classname="com.cardatechnologies.utils.validators.abaroutevalidator.Test_AbaRouteValidator_06" time="0"/>
  <testcase name="testAbaNumberCheck_10160_bad" classname="com.cardatechnologies.utils.validators.abaroutevalidator.Test_AbaRouteValidator_06" time="0"/>
  <testcase name="testAbaNumberCheck_10612_bad" classname="com.cardatechnologies.utils.validators.abaroutevalidator.Test_AbaRouteValidator_06" time="0"/>
  <testcase name="testAbaNumberCheck_11426_bad" classname="com.cardatechnologies.utils.validators.abaroutevalidator.Test_AbaRouteValidator_06" time="0"/>
  <testcase name="testAbaNumberCheck_10162_bad" classname="com.cardatechnologies.utils.validators.abaroutevalidator.Test_AbaRouteValidator_06" time="0"/>
  <testcase name="testAbaNumberCheck_10614_bad" classname="com.cardatechnologies.utils.validators.abaroutevalidator.Test_AbaRouteValidator_06" time="0"/>
  <testcase name="testAbaNumberCheck_11428_bad" classname="com.cardatechnologies.utils.validators.abaroutevalidator.Test_AbaRouteValidator_06" time="0"/>
  <testcase name="testAbaNumberCheck_10164_bad" classname="com.cardatechnologies.utils.validators.abaroutevalidator.Test_AbaRouteValidator_06" time="0"/>
  <testcase name="testAbaNumberCheck_10495_good" classname="com.cardatechnologies.utils.validators.abaroutevalidator.Test_AbaRouteValidator_06" time="0"/>
  <testcase name="testAbaNumberCheck_10616_bad" classname="com.cardatechnologies.utils.validators.abaroutevalidator.Test_AbaRouteValidator_06" time="0"/>
  <testcase name="testAbaNumberCheck_10166_bad" classname="com.cardatechnologies.utils.validators.abaroutevalidator.Test_AbaRouteValidator_06" time="0"/>
  <testcase name="testAbaNumberCheck_10618_bad" classname="com.cardatechnologies.utils.validators.abaroutevalidator.Test_AbaRouteValidator_06" time="0"/>
  <testcase name="testAbaNumberCheck_10168_bad" classname="com.cardatechnologies.utils.validators.abaroutevalidator.Test_AbaRouteValidator_06" time="0"/>
  <testcase name="testAbaNumberCheck_10369_good" classname="com.cardatechnologies.utils.validators.abaroutevalidator.Test_AbaRouteValidator_06" time="0"/>
  <testcase name="testAbaNumberCheck_11967_good" classname="com.cardatechnologies.utils.validators.abaroutevalidator.Test_AbaRouteValidator_06" time="0"/>
  <testcase name="testAbaNumberCheck_10991_good" classname="com.cardatechnologies.utils.validators.abaroutevalidator.Test_AbaRouteValidator_06" time="0"/>
  <testcase name="testAbaNumberCheck_10865_good" classname="com.cardatechnologies.utils.validators.abaroutevalidator.Test_AbaRouteValidator_06" time="0"/>
  <testcase name="testAbaNumberCheck_12240_bad" classname="com.cardatechnologies.utils.validators.abaroutevalidator.Test_AbaRouteValidator_06" time="0"/>
  <testcase name="testAbaNumberCheck_11679_good" classname="com.cardatechnologies.utils.validators.abaroutevalidator.Test_AbaRouteValidator_06" time="0"/>
  <testcase name="testAbaNumberCheck_10739_good" classname="com.cardatechnologies.utils.validators.abaroutevalidator.Test_AbaRouteValidator_06" time="0"/>
  <testcase name="testAbaNumberCheck_12242_bad" classname="com.cardatechnologies.utils.validators.abaroutevalidator.Test_AbaRouteValidator_06" time="0"/>
  <testcase name="testAbaNumberCheck_11430_bad" classname="com.cardatechnologies.utils.validators.abaroutevalidator.Test_AbaRouteValidator_06" time="0"/>
  <testcase name="testAbaNumberCheck_12244_bad" classname="com.cardatechnologies.utils.validators.abaroutevalidator.Test_AbaRouteValidator_06" time="0"/>
  <testcase name="testAbaNumberCheck_11432_bad" classname="com.cardatechnologies.utils.validators.abaroutevalidator.Test_AbaRouteValidator_06" time="0"/>
  <testcase name="testAbaNumberCheck_12246_bad" classname="com.cardatechnologies.utils.validators.abaroutevalidator.Test_AbaRouteValidator_06" time="0"/>
  <testcase name="testAbaNumberCheck_10620_bad" classname="com.cardatechnologies.utils.validators.abaroutevalidator.Test_AbaRouteValidator_06" time="0.001"/>
  <testcase name="testAbaNumberCheck_11434_bad" classname="com.cardatechnologies.utils.validators.abaroutevalidator.Test_AbaRouteValidator_06" time="0"/>
  <testcase name="testAbaNumberCheck_12248_bad" classname="com.cardatechnologies.utils.validators.abaroutevalidator.Test_AbaRouteValidator_06" time="0"/>
  <testcase name="testAbaNumberCheck_10170_bad" classname="com.cardatechnologies.utils.validators.abaroutevalidator.Test_AbaRouteValidator_06" time="0"/>
  <testcase name="testAbaNumberCheck_10577_good" classname="com.cardatechnologies.utils.validators.abaroutevalidator.Test_AbaRouteValidator_06" time="0"/>
  <testcase name="testAbaNumberCheck_10622_bad" classname="com.cardatechnologies.utils.validators.abaroutevalidator.Test_AbaRouteValidator_06" time="0"/>
  <testcase name="testAbaNumberCheck_11436_bad" classname="com.cardatechnologies.utils.validators.abaroutevalidator.Test_AbaRouteValidator_06" time="0"/>
  <testcase name="testAbaNumberCheck_10172_bad" classname="com.cardatechnologies.utils.validators.abaroutevalidator.Test_AbaRouteValidator_06" time="0"/>
  <testcase name="testAbaNumberCheck_10624_bad" classname="com.cardatechnologies.utils.validators.abaroutevalidator.Test_AbaRouteValidator_06" time="0"/>
  <testcase name="testAbaNumberCheck_11438_bad" classname="com.cardatechnologies.utils.validators.abaroutevalidator.Test_AbaRouteValidator_06" time="0"/>
  <testcase name="testAbaNumberCheck_10174_bad" classname="com.cardatechnologies.utils.validators.abaroutevalidator.Test_AbaRouteValidator_06" time="0"/>
  <testcase name="testAbaNumberCheck_10626_bad" classname="com.cardatechnologies.utils.validators.abaroutevalidator.Test_AbaRouteValidator_06" time="0.001"/>
  <testcase name="testAbaNumberCheck_10176_bad" classname="com.cardatechnologies.utils.validators.abaroutevalidator.Test_AbaRouteValidator_06" time="0"/>
  <testcase name="testAbaNumberCheck_10628_bad" classname="com.cardatechnologies.utils.validators.abaroutevalidator.Test_AbaRouteValidator_06" time="0"/>
  <testcase name="testAbaNumberCheck_10178_bad" classname="com.cardatechnologies.utils.validators.abaroutevalidator.Test_AbaRouteValidator_06" time="0.003"/>
  <testcase name="testAbaNumberCheck_10289_good" classname="com.cardatechnologies.utils.validators.abaroutevalidator.Test_AbaRouteValidator_06" time="0"/>
  <testcase name="testAbaNumberCheck_11887_good" classname="com.cardatechnologies.utils.validators.abaroutevalidator.Test_AbaRouteValidator_06" time="0"/>
  <testcase name="testAbaNumberCheck_10947_good" classname="com.cardatechnologies.utils.validators.abaroutevalidator.Test_AbaRouteValidator_06" time="0.001"/>
  <testcase name="testAbaNumberCheck_12250_bad" classname="com.cardatechnologies.utils.validators.abaroutevalidator.Test_AbaRouteValidator_06" time="0"/>
  <testcase name="testAbaNumberCheck_10785_good" classname="com.cardatechnologies.utils.validators.abaroutevalidator.Test_AbaRouteValidator_06" time="0"/>
  <testcase name="testAbaNumberCheck_12252_bad" classname="com.cardatechnologies.utils.validators.abaroutevalidator.Test_AbaRouteValidator_06" time="0"/>
  <testcase name="testAbaNumberCheck_11440_bad" classname="com.cardatechnologies.utils.validators.abaroutevalidator.Test_AbaRouteValidator_06" time="0"/>
  <testcase name="testAbaNumberCheck_12254_bad" classname="com.cardatechnologies.utils.validators.abaroutevalidator.Test_AbaRouteValidator_06" time="0"/>
  <testcase name="testAbaNumberCheck_11599_good" classname="com.cardatechnologies.utils.validators.abaroutevalidator.Test_AbaRouteValidator_06" time="0"/>
  <testcase name="testAbaNumberCheck_10659_good" classname="com.cardatechnologies.utils.validators.abaroutevalidator.Test_AbaRouteValidator_06" time="0"/>
  <testcase name="testAbaNumberCheck_11442_bad" classname="com.cardatechnologies.utils.validators.abaroutevalidator.Test_AbaRouteValidator_06" time="0"/>
  <testcase name="testAbaNumberCheck_12256_bad" classname="com.cardatechnologies.utils.validators.abaroutevalidator.Test_AbaRouteValidator_06" time="0"/>
  <testcase name="testAbaNumberCheck_10630_bad" classname="com.cardatechnologies.utils.validators.abaroutevalidator.Test_AbaRouteValidator_06" time="0"/>
  <testcase name="testAbaNumberCheck_11444_bad" classname="com.cardatechnologies.utils.validators.abaroutevalidator.Test_AbaRouteValidator_06" time="0"/>
  <testcase name="testAbaNumberCheck_12258_bad" classname="com.cardatechnologies.utils.validators.abaroutevalidator.Test_AbaRouteValidator_06" time="0"/>
  <testcase name="testAbaNumberCheck_10180_bad" classname="com.cardatechnologies.utils.validators.abaroutevalidator.Test_AbaRouteValidator_06" time="0"/>
  <testcase name="testAbaNumberCheck_10632_bad" classname="com.cardatechnologies.utils.validators.abaroutevalidator.Test_AbaRouteValidator_06" time="0"/>
  <testcase name="testAbaNumberCheck_11446_bad" classname="com.cardatechnologies.utils.validators.abaroutevalidator.Test_AbaRouteValidator_06" time="0"/>
  <testcase name="testAbaNumberCheck_10182_bad" classname="com.cardatechnologies.utils.validators.abaroutevalidator.Test_AbaRouteValidator_06" time="0"/>
  <testcase name="testAbaNumberCheck_10634_bad" classname="com.cardatechnologies.utils.validators.abaroutevalidator.Test_AbaRouteValidator_06" time="0"/>
  <testcase name="testAbaNumberCheck_11448_bad" classname="com.cardatechnologies.utils.validators.abaroutevalidator.Test_AbaRouteValidator_06" time="0"/>
  <testcase name="testAbaNumberCheck_10184_bad" classname="com.cardatechnologies.utils.validators.abaroutevalidator.Test_AbaRouteValidator_06" time="0"/>
  <testcase name="testAbaNumberCheck_10497_good" classname="com.cardatechnologies.utils.validators.abaroutevalidator.Test_AbaRouteValidator_06" time="0"/>
  <testcase name="testAbaNumberCheck_10636_bad" classname="com.cardatechnologies.utils.validators.abaroutevalidator.Test_AbaRouteValidator_06" time="0"/>
  <testcase name="testAbaNumberCheck_10186_bad" classname="com.cardatechnologies.utils.validators.abaroutevalidator.Test_AbaRouteValidator_06" time="0"/>
  <testcase name="testAbaNumberCheck_10638_bad" classname="com.cardatechnologies.utils.validators.abaroutevalidator.Test_AbaRouteValidator_06" time="0"/>
  <testcase name="testAbaNumberCheck_10188_bad" classname="com.cardatechnologies.utils.validators.abaroutevalidator.Test_AbaRouteValidator_06" time="0"/>
  <testcase name="testAbaNumberCheck_11969_good" classname="com.cardatechnologies.utils.validators.abaroutevalidator.Test_AbaRouteValidator_06" time="0"/>
  <testcase name="testAbaNumberCheck_10993_good" classname="com.cardatechnologies.utils.validators.abaroutevalidator.Test_AbaRouteValidator_06" time="0"/>
  <testcase name="testAbaNumberCheck_10867_good" classname="com.cardatechnologies.utils.validators.abaroutevalidator.Test_AbaRouteValidator_06" time="0"/>
  <testcase name="testAbaNumberCheck_12260_bad" classname="com.cardatechnologies.utils.validators.abaroutevalidator.Test_AbaRouteValidator_06" time="0"/>
  <testcase name="testAbaNumberCheck_12262_bad" classname="com.cardatechnologies.utils.validators.abaroutevalidator.Test_AbaRouteValidator_06" time="0"/>
  <testcase name="testAbaNumberCheck_11900_bad" classname="com.cardatechnologies.utils.validators.abaroutevalidator.Test_AbaRouteValidator_06" time="0"/>
  <testcase name="testAbaNumberCheck_11450_bad" classname="com.cardatechnologies.utils.validators.abaroutevalidator.Test_AbaRouteValidator_06" time="0"/>
  <testcase name="testAbaNumberCheck_12264_bad" classname="com.cardatechnologies.utils.validators.abaroutevalidator.Test_AbaRouteValidator_06" time="0"/>
  <testcase name="testAbaNumberCheck_11902_bad" classname="com.cardatechnologies.utils.validators.abaroutevalidator.Test_AbaRouteValidator_06" time="0"/>
  <testcase name="testAbaNumberCheck_11452_bad" classname="com.cardatechnologies.utils.validators.abaroutevalidator.Test_AbaRouteValidator_06" time="0"/>
  <testcase name="testAbaNumberCheck_12266_bad" classname="com.cardatechnologies.utils.validators.abaroutevalidator.Test_AbaRouteValidator_06" time="0"/>
  <testcase name="testAbaNumberCheck_11904_bad" classname="com.cardatechnologies.utils.validators.abaroutevalidator.Test_AbaRouteValidator_06" time="0"/>
  <testcase name="testAbaNumberCheck_10640_bad" classname="com.cardatechnologies.utils.validators.abaroutevalidator.Test_AbaRouteValidator_06" time="0"/>
  <testcase name="testAbaNumberCheck_11454_bad" classname="com.cardatechnologies.utils.validators.abaroutevalidator.Test_AbaRouteValidator_06" time="0.001"/>
  <testcase name="testAbaNumberCheck_12268_bad" classname="com.cardatechnologies.utils.validators.abaroutevalidator.Test_AbaRouteValidator_06" time="0"/>
  <testcase name="testAbaNumberCheck_10190_bad" classname="com.cardatechnologies.utils.validators.abaroutevalidator.Test_AbaRouteValidator_06" time="0"/>
  <testcase name="testAbaNumberCheck_10579_good" classname="com.cardatechnologies.utils.validators.abaroutevalidator.Test_AbaRouteValidator_06" time="0"/>
  <testcase name="testAbaNumberCheck_11906_bad" classname="com.cardatechnologies.utils.validators.abaroutevalidator.Test_AbaRouteValidator_06" time="0"/>
  <testcase name="testAbaNumberCheck_10642_bad" classname="com.cardatechnologies.utils.validators.abaroutevalidator.Test_AbaRouteValidator_06" time="0"/>
  <testcase name="testAbaNumberCheck_11456_bad" classname="com.cardatechnologies.utils.validators.abaroutevalidator.Test_AbaRouteValidator_06" time="0"/>
  <testcase name="testAbaNumberCheck_10192_bad" classname="com.cardatechnologies.utils.validators.abaroutevalidator.Test_AbaRouteValidator_06" time="0"/>
  <testcase name="testAbaNumberCheck_11908_bad" classname="com.cardatechnologies.utils.validators.abaroutevalidator.Test_AbaRouteValidator_06" time="0"/>
  <testcase name="testAbaNumberCheck_10644_bad" classname="com.cardatechnologies.utils.validators.abaroutevalidator.Test_AbaRouteValidator_06" time="0"/>
  <testcase name="testAbaNumberCheck_11458_bad" classname="com.cardatechnologies.utils.validators.abaroutevalidator.Test_AbaRouteValidator_06" time="0"/>
  <testcase name="testAbaNumberCheck_10194_bad" classname="com.cardatechnologies.utils.validators.abaroutevalidator.Test_AbaRouteValidator_06" time="0"/>
  <testcase name="testAbaNumberCheck_10646_bad" classname="com.cardatechnologies.utils.validators.abaroutevalidator.Test_AbaRouteValidator_06" time="0"/>
  <testcase name="testAbaNumberCheck_10196_bad" classname="com.cardatechnologies.utils.validators.abaroutevalidator.Test_AbaRouteValidator_06" time="0"/>
  <testcase name="testAbaNumberCheck_10648_bad" classname="com.cardatechnologies.utils.validators.abaroutevalidator.Test_AbaRouteValidator_06" time="0"/>
  <testcase name="testAbaNumberCheck_10198_bad" classname="com.cardatechnologies.utils.validators.abaroutevalidator.Test_AbaRouteValidator_06" time="0"/>
  <testcase name="testAbaNumberCheck_11889_good" classname="com.cardatechnologies.utils.validators.abaroutevalidator.Test_AbaRouteValidator_06" time="0"/>
  <testcase name="testAbaNumberCheck_10949_good" classname="com.cardatechnologies.utils.validators.abaroutevalidator.Test_AbaRouteValidator_06" time="0"/>
  <testcase name="testAbaNumberCheck_12270_bad" classname="com.cardatechnologies.utils.validators.abaroutevalidator.Test_AbaRouteValidator_06" time="0"/>
  <testcase name="testAbaNumberCheck_10787_good" classname="com.cardatechnologies.utils.validators.abaroutevalidator.Test_AbaRouteValidator_06" time="0"/>
  <testcase name="testAbaNumberCheck_12272_bad" classname="com.cardatechnologies.utils.validators.abaroutevalidator.Test_AbaRouteValidator_06" time="0"/>
  <testcase name="testAbaNumberCheck_11910_bad" classname="com.cardatechnologies.utils.validators.abaroutevalidator.Test_AbaRouteValidator_06" time="0"/>
  <testcase name="testAbaNumberCheck_11460_bad" classname="com.cardatechnologies.utils.validators.abaroutevalidator.Test_AbaRouteValidator_06" time="0"/>
  <testcase name="testAbaNumberCheck_12274_bad" classname="com.cardatechnologies.utils.validators.abaroutevalidator.Test_AbaRouteValidator_06" time="0"/>
  <testcase name="testAbaNumberCheck_11912_bad" classname="com.cardatechnologies.utils.validators.abaroutevalidator.Test_AbaRouteValidator_06" time="0"/>
  <testcase name="testAbaNumberCheck_11462_bad" classname="com.cardatechnologies.utils.validators.abaroutevalidator.Test_AbaRouteValidator_06" time="0"/>
  <testcase name="testAbaNumberCheck_12276_bad" classname="com.cardatechnologies.utils.validators.abaroutevalidator.Test_AbaRouteValidator_06" time="0"/>
  <testcase name="testAbaNumberCheck_11914_bad" classname="com.cardatechnologies.utils.validators.abaroutevalidator.Test_AbaRouteValidator_06" time="0"/>
  <testcase name="testAbaNumberCheck_10650_bad" classname="com.cardatechnologies.utils.validators.abaroutevalidator.Test_AbaRouteValidator_06" time="0"/>
  <testcase name="testAbaNumberCheck_11464_bad" classname="com.cardatechnologies.utils.validators.abaroutevalidator.Test_AbaRouteValidator_06" time="0"/>
  <testcase name="testAbaNumberCheck_12278_bad" classname="com.cardatechnologies.utils.validators.abaroutevalidator.Test_AbaRouteValidator_06" time="0"/>
  <testcase name="testAbaNumberCheck_11916_bad" classname="com.cardatechnologies.utils.validators.abaroutevalidator.Test_AbaRouteValidator_06" time="0"/>
  <testcase name="testAbaNumberCheck_10652_bad" classname="com.cardatechnologies.utils.validators.abaroutevalidator.Test_AbaRouteValidator_06" time="0"/>
  <testcase name="testAbaNumberCheck_11466_bad" classname="com.cardatechnologies.utils.validators.abaroutevalidator.Test_AbaRouteValidator_06" time="0"/>
  <testcase name="testAbaNumberCheck_11918_bad" classname="com.cardatechnologies.utils.validators.abaroutevalidator.Test_AbaRouteValidator_06" time="0"/>
  <testcase name="testAbaNumberCheck_10654_bad" classname="com.cardatechnologies.utils.validators.abaroutevalidator.Test_AbaRouteValidator_06" time="0"/>
  <testcase name="testAbaNumberCheck_11468_bad" classname="com.cardatechnologies.utils.validators.abaroutevalidator.Test_AbaRouteValidator_06" time="0"/>
  <testcase name="testAbaNumberCheck_10499_good" classname="com.cardatechnologies.utils.validators.abaroutevalidator.Test_AbaRouteValidator_06" time="0"/>
  <testcase name="testAbaNumberCheck_10656_bad" classname="com.cardatechnologies.utils.validators.abaroutevalidator.Test_AbaRouteValidator_06" time="0"/>
  <testcase name="testAbaNumberCheck_10658_bad" classname="com.cardatechnologies.utils.validators.abaroutevalidator.Test_AbaRouteValidator_06" time="0"/>
  <testcase name="testAbaNumberCheck_10995_good" classname="com.cardatechnologies.utils.validators.abaroutevalidator.Test_AbaRouteValidator_06" time="0"/>
  <testcase name="testAbaNumberCheck_10869_good" classname="com.cardatechnologies.utils.validators.abaroutevalidator.Test_AbaRouteValidator_06" time="0"/>
  <testcase name="testAbaNumberCheck_12280_bad" classname="com.cardatechnologies.utils.validators.abaroutevalidator.Test_AbaRouteValidator_06" time="0"/>
  <testcase name="testAbaNumberCheck_12282_bad" classname="com.cardatechnologies.utils.validators.abaroutevalidator.Test_AbaRouteValidator_06" time="0"/>
  <testcase name="testAbaNumberCheck_11920_bad" classname="com.cardatechnologies.utils.validators.abaroutevalidator.Test_AbaRouteValidator_06" time="0"/>
  <testcase name="testAbaNumberCheck_11470_bad" classname="com.cardatechnologies.utils.validators.abaroutevalidator.Test_AbaRouteValidator_06" time="0"/>
  <testcase name="testAbaNumberCheck_12284_bad" classname="com.cardatechnologies.utils.validators.abaroutevalidator.Test_AbaRouteValidator_06" time="0"/>
  <testcase name="testAbaNumberCheck_11922_bad" classname="com.cardatechnologies.utils.validators.abaroutevalidator.Test_AbaRouteValidator_06" time="0"/>
  <testcase name="testAbaNumberCheck_11472_bad" classname="com.cardatechnologies.utils.validators.abaroutevalidator.Test_AbaRouteValidator_06" time="0"/>
  <testcase name="testAbaNumberCheck_12286_bad" classname="com.cardatechnologies.utils.validators.abaroutevalidator.Test_AbaRouteValidator_06" time="0"/>
  <testcase name="testAbaNumberCheck_11924_bad" classname="com.cardatechnologies.utils.validators.abaroutevalidator.Test_AbaRouteValidator_06" time="0"/>
  <testcase name="testAbaNumberCheck_10660_bad" classname="com.cardatechnologies.utils.validators.abaroutevalidator.Test_AbaRouteValidator_06" time="0"/>
  <testcase name="testAbaNumberCheck_11474_bad" classname="com.cardatechnologies.utils.validators.abaroutevalidator.Test_AbaRouteValidator_06" time="0"/>
  <testcase name="testAbaNumberCheck_12288_bad" classname="com.cardatechnologies.utils.validators.abaroutevalidator.Test_AbaRouteValidator_06" time="0"/>
  <testcase name="testAbaNumberCheck_11926_bad" classname="com.cardatechnologies.utils.validators.abaroutevalidator.Test_AbaRouteValidator_06" time="0"/>
  <testcase name="testAbaNumberCheck_10662_bad" classname="com.cardatechnologies.utils.validators.abaroutevalidator.Test_AbaRouteValidator_06" time="0"/>
  <testcase name="testAbaNumberCheck_11476_bad" classname="com.cardatechnologies.utils.validators.abaroutevalidator.Test_AbaRouteValidator_06" time="0"/>
  <testcase name="testAbaNumberCheck_11928_bad" classname="com.cardatechnologies.utils.validators.abaroutevalidator.Test_AbaRouteValidator_06" time="0"/>
  <testcase name="testAbaNumberCheck_10664_bad" classname="com.cardatechnologies.utils.validators.abaroutevalidator.Test_AbaRouteValidator_06" time="0"/>
  <testcase name="testAbaNumberCheck_11478_bad" classname="com.cardatechnologies.utils.validators.abaroutevalidator.Test_AbaRouteValidator_06" time="0"/>
  <testcase name="testAbaNumberCheck_10666_bad" classname="com.cardatechnologies.utils.validators.abaroutevalidator.Test_AbaRouteValidator_06" time="0"/>
  <testcase name="testAbaNumberCheck_10668_bad" classname="com.cardatechnologies.utils.validators.abaroutevalidator.Test_AbaRouteValidator_06" time="0"/>
  <testcase name="testAbaNumberCheck_12290_bad" classname="com.cardatechnologies.utils.validators.abaroutevalidator.Test_AbaRouteValidator_06" time="0"/>
  <testcase name="testAbaNumberCheck_10789_good" classname="com.cardatechnologies.utils.validators.abaroutevalidator.Test_AbaRouteValidator_06" time="0"/>
  <testcase name="testAbaNumberCheck_12292_bad" classname="com.cardatechnologies.utils.validators.abaroutevalidator.Test_AbaRouteValidator_06" time="0"/>
  <testcase name="testAbaNumberCheck_11930_bad" classname="com.cardatechnologies.utils.validators.abaroutevalidator.Test_AbaRouteValidator_06" time="0"/>
  <testcase name="testAbaNumberCheck_11480_bad" classname="com.cardatechnologies.utils.validators.abaroutevalidator.Test_AbaRouteValidator_06" time="0"/>
  <testcase name="testAbaNumberCheck_12294_bad" classname="com.cardatechnologies.utils.validators.abaroutevalidator.Test_AbaRouteValidator_06" time="0"/>
  <testcase name="testAbaNumberCheck_11932_bad" classname="com.cardatechnologies.utils.validators.abaroutevalidator.Test_AbaRouteValidator_06" time="0"/>
  <testcase name="testAbaNumberCheck_11482_bad" classname="com.cardatechnologies.utils.validators.abaroutevalidator.Test_AbaRouteValidator_06" time="0"/>
  <testcase name="testAbaNumberCheck_12296_bad" classname="com.cardatechnologies.utils.validators.abaroutevalidator.Test_AbaRouteValidator_06" time="0"/>
  <testcase name="testAbaNumberCheck_11934_bad" classname="com.cardatechnologies.utils.validators.abaroutevalidator.Test_AbaRouteValidator_06" time="0"/>
  <testcase name="testAbaNumberCheck_10670_bad" classname="com.cardatechnologies.utils.validators.abaroutevalidator.Test_AbaRouteValidator_06" time="0"/>
  <testcase name="testAbaNumberCheck_11484_bad" classname="com.cardatechnologies.utils.validators.abaroutevalidator.Test_AbaRouteValidator_06" time="0"/>
  <testcase name="testAbaNumberCheck_12298_bad" classname="com.cardatechnologies.utils.validators.abaroutevalidator.Test_AbaRouteValidator_06" time="0"/>
  <testcase name="testAbaNumberCheck_11936_bad" classname="com.cardatechnologies.utils.validators.abaroutevalidator.Test_AbaRouteValidator_06" time="0"/>
  <testcase name="testAbaNumberCheck_10672_bad" classname="com.cardatechnologies.utils.validators.abaroutevalidator.Test_AbaRouteValidator_06" time="0"/>
  <testcase name="testAbaNumberCheck_11486_bad" classname="com.cardatechnologies.utils.validators.abaroutevalidator.Test_AbaRouteValidator_06" time="0"/>
  <testcase name="testAbaNumberCheck_11938_bad" classname="com.cardatechnologies.utils.validators.abaroutevalidator.Test_AbaRouteValidator_06" time="0"/>
  <testcase name="testAbaNumberCheck_10674_bad" classname="com.cardatechnologies.utils.validators.abaroutevalidator.Test_AbaRouteValidator_06" time="0"/>
  <testcase name="testAbaNumberCheck_11488_bad" classname="com.cardatechnologies.utils.validators.abaroutevalidator.Test_AbaRouteValidator_06" time="0"/>
  <testcase name="testAbaNumberCheck_10676_bad" classname="com.cardatechnologies.utils.validators.abaroutevalidator.Test_AbaRouteValidator_06" time="0"/>
  <testcase name="testAbaNumberCheck_10678_bad" classname="com.cardatechnologies.utils.validators.abaroutevalidator.Test_AbaRouteValidator_06" time="0"/>
  <testcase name="testAbaNumberCheck_10997_good" classname="com.cardatechnologies.utils.validators.abaroutevalidator.Test_AbaRouteValidator_06" time="0"/>
  <testcase name="testAbaNumberCheck_11940_bad" classname="com.cardatechnologies.utils.validators.abaroutevalidator.Test_AbaRouteValidator_06" time="0"/>
  <testcase name="testAbaNumberCheck_11490_bad" classname="com.cardatechnologies.utils.validators.abaroutevalidator.Test_AbaRouteValidator_06" time="0"/>
  <testcase name="testAbaNumberCheck_11942_bad" classname="com.cardatechnologies.utils.validators.abaroutevalidator.Test_AbaRouteValidator_06" time="0"/>
  <testcase name="testAbaNumberCheck_11492_bad" classname="com.cardatechnologies.utils.validators.abaroutevalidator.Test_AbaRouteValidator_06" time="0"/>
  <testcase name="testAbaNumberCheck_11944_bad" classname="com.cardatechnologies.utils.validators.abaroutevalidator.Test_AbaRouteValidator_06" time="0"/>
  <testcase name="testAbaNumberCheck_10680_bad" classname="com.cardatechnologies.utils.validators.abaroutevalidator.Test_AbaRouteValidator_06" time="0"/>
  <testcase name="testAbaNumberCheck_11494_bad" classname="com.cardatechnologies.utils.validators.abaroutevalidator.Test_AbaRouteValidator_06" time="0"/>
  <testcase name="testAbaNumberCheck_11946_bad" classname="com.cardatechnologies.utils.validators.abaroutevalidator.Test_AbaRouteValidator_06" time="0"/>
  <testcase name="testAbaNumberCheck_10682_bad" classname="com.cardatechnologies.utils.validators.abaroutevalidator.Test_AbaRouteValidator_06" time="0"/>
  <testcase name="testAbaNumberCheck_11496_bad" classname="com.cardatechnologies.utils.validators.abaroutevalidator.Test_AbaRouteValidator_06" time="0"/>
  <testcase name="testAbaNumberCheck_11948_bad" classname="com.cardatechnologies.utils.validators.abaroutevalidator.Test_AbaRouteValidator_06" time="0"/>
  <testcase name="testAbaNumberCheck_10684_bad" classname="com.cardatechnologies.utils.validators.abaroutevalidator.Test_AbaRouteValidator_06" time="0"/>
  <testcase name="testAbaNumberCheck_11498_bad" classname="com.cardatechnologies.utils.validators.abaroutevalidator.Test_AbaRouteValidator_06" time="0"/>
  <testcase name="testAbaNumberCheck_10686_bad" classname="com.cardatechnologies.utils.validators.abaroutevalidator.Test_AbaRouteValidator_06" time="0"/>
  <testcase name="testAbaNumberCheck_10688_bad" classname="com.cardatechnologies.utils.validators.abaroutevalidator.Test_AbaRouteValidator_06" time="0"/>
  <testcase name="testAbaNumberCheck_11950_bad" classname="com.cardatechnologies.utils.validators.abaroutevalidator.Test_AbaRouteValidator_06" time="0"/>
  <testcase name="testAbaNumberCheck_11952_bad" classname="com.cardatechnologies.utils.validators.abaroutevalidator.Test_AbaRouteValidator_06" time="0"/>
  <testcase name="testAbaNumberCheck_11954_bad" classname="com.cardatechnologies.utils.validators.abaroutevalidator.Test_AbaRouteValidator_06" time="0"/>
  <testcase name="testAbaNumberCheck_10690_bad" classname="com.cardatechnologies.utils.validators.abaroutevalidator.Test_AbaRouteValidator_06" time="0"/>
  <testcase name="testAbaNumberCheck_11956_bad" classname="com.cardatechnologies.utils.validators.abaroutevalidator.Test_AbaRouteValidator_06" time="0"/>
  <testcase name="testAbaNumberCheck_10692_bad" classname="com.cardatechnologies.utils.validators.abaroutevalidator.Test_AbaRouteValidator_06" time="0"/>
  <testcase name="testAbaNumberCheck_11958_bad" classname="com.cardatechnologies.utils.validators.abaroutevalidator.Test_AbaRouteValidator_06" time="0"/>
  <testcase name="testAbaNumberCheck_10694_bad" classname="com.cardatechnologies.utils.validators.abaroutevalidator.Test_AbaRouteValidator_06" time="0.001"/>
  <testcase name="testAbaNumberCheck_10696_bad" classname="com.cardatechnologies.utils.validators.abaroutevalidator.Test_AbaRouteValidator_06" time="0"/>
  <testcase name="testAbaNumberCheck_10698_bad" classname="com.cardatechnologies.utils.validators.abaroutevalidator.Test_AbaRouteValidator_06" time="0"/>
  <testcase name="testAbaNumberCheck_12101_good" classname="com.cardatechnologies.utils.validators.abaroutevalidator.Test_AbaRouteValidator_06" time="0"/>
  <testcase name="testAbaNumberCheck_10999_good" classname="com.cardatechnologies.utils.validators.abaroutevalidator.Test_AbaRouteValidator_06" time="0"/>
  <testcase name="testAbaNumberCheck_11960_bad" classname="com.cardatechnologies.utils.validators.abaroutevalidator.Test_AbaRouteValidator_06" time="0"/>
  <testcase name="testAbaNumberCheck_11962_bad" classname="com.cardatechnologies.utils.validators.abaroutevalidator.Test_AbaRouteValidator_06" time="0"/>
  <testcase name="testAbaNumberCheck_11964_bad" classname="com.cardatechnologies.utils.validators.abaroutevalidator.Test_AbaRouteValidator_06" time="0"/>
  <testcase name="testAbaNumberCheck_11966_bad" classname="com.cardatechnologies.utils.validators.abaroutevalidator.Test_AbaRouteValidator_06" time="0"/>
  <testcase name="testAbaNumberCheck_11968_bad" classname="com.cardatechnologies.utils.validators.abaroutevalidator.Test_AbaRouteValidator_06" time="0"/>
  <testcase name="testAbaNumberCheck_12021_good" classname="com.cardatechnologies.utils.validators.abaroutevalidator.Test_AbaRouteValidator_06" time="0"/>
  <testcase name="testAbaNumberCheck_11970_bad" classname="com.cardatechnologies.utils.validators.abaroutevalidator.Test_AbaRouteValidator_06" time="0"/>
  <testcase name="testAbaNumberCheck_11972_bad" classname="com.cardatechnologies.utils.validators.abaroutevalidator.Test_AbaRouteValidator_06" time="0"/>
  <testcase name="testAbaNumberCheck_11974_bad" classname="com.cardatechnologies.utils.validators.abaroutevalidator.Test_AbaRouteValidator_06" time="0"/>
  <testcase name="testAbaNumberCheck_11976_bad" classname="com.cardatechnologies.utils.validators.abaroutevalidator.Test_AbaRouteValidator_06" time="0"/>
  <testcase name="testAbaNumberCheck_11978_bad" classname="com.cardatechnologies.utils.validators.abaroutevalidator.Test_AbaRouteValidator_06" time="0"/>
  <testcase name="testAbaNumberCheck_12103_good" classname="com.cardatechnologies.utils.validators.abaroutevalidator.Test_AbaRouteValidator_06" time="0"/>
  <testcase name="testAbaNumberCheck_11001_good" classname="com.cardatechnologies.utils.validators.abaroutevalidator.Test_AbaRouteValidator_06" time="0"/>
  <testcase name="testAbaNumberCheck_11980_bad" classname="com.cardatechnologies.utils.validators.abaroutevalidator.Test_AbaRouteValidator_06" time="0"/>
  <testcase name="testAbaNumberCheck_11982_bad" classname="com.cardatechnologies.utils.validators.abaroutevalidator.Test_AbaRouteValidator_06" time="0"/>
  <testcase name="testAbaNumberCheck_11984_bad" classname="com.cardatechnologies.utils.validators.abaroutevalidator.Test_AbaRouteValidator_06" time="0"/>
  <testcase name="testAbaNumberCheck_11986_bad" classname="com.cardatechnologies.utils.validators.abaroutevalidator.Test_AbaRouteValidator_06" time="0"/>
  <testcase name="testAbaNumberCheck_12311_good" classname="com.cardatechnologies.utils.validators.abaroutevalidator.Test_AbaRouteValidator_06" time="0"/>
  <testcase name="testAbaNumberCheck_11988_bad" classname="com.cardatechnologies.utils.validators.abaroutevalidator.Test_AbaRouteValidator_06" time="0"/>
  <testcase name="testAbaNumberCheck_12023_good" classname="com.cardatechnologies.utils.validators.abaroutevalidator.Test_AbaRouteValidator_06" time="0"/>
  <testcase name="testAbaNumberCheck_11990_bad" classname="com.cardatechnologies.utils.validators.abaroutevalidator.Test_AbaRouteValidator_06" time="0"/>
  <testcase name="testAbaNumberCheck_11992_bad" classname="com.cardatechnologies.utils.validators.abaroutevalidator.Test_AbaRouteValidator_06" time="0"/>
  <testcase name="testAbaNumberCheck_11994_bad" classname="com.cardatechnologies.utils.validators.abaroutevalidator.Test_AbaRouteValidator_06" time="0"/>
  <testcase name="testAbaNumberCheck_11996_bad" classname="com.cardatechnologies.utils.validators.abaroutevalidator.Test_AbaRouteValidator_06" time="0"/>
  <testcase name="testAbaNumberCheck_11998_bad" classname="com.cardatechnologies.utils.validators.abaroutevalidator.Test_AbaRouteValidator_06" time="0"/>
  <testcase name="testAbaNumberCheck_12231_good" classname="com.cardatechnologies.utils.validators.abaroutevalidator.Test_AbaRouteValidator_06" time="0"/>
  <testcase name="testAbaNumberCheck_12105_good" classname="com.cardatechnologies.utils.validators.abaroutevalidator.Test_AbaRouteValidator_06" time="0"/>
  <testcase name="testAbaNumberCheck_11003_good" classname="com.cardatechnologies.utils.validators.abaroutevalidator.Test_AbaRouteValidator_06" time="0"/>
  <testcase name="testAbaNumberCheck_12313_good" classname="com.cardatechnologies.utils.validators.abaroutevalidator.Test_AbaRouteValidator_06" time="0"/>
  <testcase name="testAbaNumberCheck_12151_good" classname="com.cardatechnologies.utils.validators.abaroutevalidator.Test_AbaRouteValidator_06" time="0"/>
  <testcase name="testAbaNumberCheck_11211_good" classname="com.cardatechnologies.utils.validators.abaroutevalidator.Test_AbaRouteValidator_06" time="0"/>
  <testcase name="testAbaNumberCheck_12025_good" classname="com.cardatechnologies.utils.validators.abaroutevalidator.Test_AbaRouteValidator_06" time="0"/>
  <testcase name="testAbaNumberCheck_12233_good" classname="com.cardatechnologies.utils.validators.abaroutevalidator.Test_AbaRouteValidator_06" time="0"/>
  <testcase name="testAbaNumberCheck_12107_good" classname="com.cardatechnologies.utils.validators.abaroutevalidator.Test_AbaRouteValidator_06" time="0"/>
  <testcase name="testAbaNumberCheck_12071_good" classname="com.cardatechnologies.utils.validators.abaroutevalidator.Test_AbaRouteValidator_06" time="0"/>
  <testcase name="testAbaNumberCheck_11131_good" classname="com.cardatechnologies.utils.validators.abaroutevalidator.Test_AbaRouteValidator_06" time="0"/>
  <testcase name="testAbaNumberCheck_11005_good" classname="com.cardatechnologies.utils.validators.abaroutevalidator.Test_AbaRouteValidator_06" time="0"/>
  <testcase name="testAbaNumberCheck_12441_good" classname="com.cardatechnologies.utils.validators.abaroutevalidator.Test_AbaRouteValidator_06" time="0"/>
  <testcase name="testAbaNumberCheck_11501_good" classname="com.cardatechnologies.utils.validators.abaroutevalidator.Test_AbaRouteValidator_06" time="0"/>
  <testcase name="testAbaNumberCheck_12315_good" classname="com.cardatechnologies.utils.validators.abaroutevalidator.Test_AbaRouteValidator_06" time="0"/>
  <testcase name="testAbaNumberCheck_12153_good" classname="com.cardatechnologies.utils.validators.abaroutevalidator.Test_AbaRouteValidator_06" time="0"/>
  <testcase name="testAbaNumberCheck_11213_good" classname="com.cardatechnologies.utils.validators.abaroutevalidator.Test_AbaRouteValidator_06" time="0"/>
  <testcase name="testAbaNumberCheck_12027_good" classname="com.cardatechnologies.utils.validators.abaroutevalidator.Test_AbaRouteValidator_06" time="0"/>
  <testcase name="testAbaNumberCheck_11051_good" classname="com.cardatechnologies.utils.validators.abaroutevalidator.Test_AbaRouteValidator_06" time="0"/>
  <testcase name="testAbaNumberCheck_10111_good" classname="com.cardatechnologies.utils.validators.abaroutevalidator.Test_AbaRouteValidator_06" time="0"/>
  <testcase name="testAbaNumberCheck_12361_good" classname="com.cardatechnologies.utils.validators.abaroutevalidator.Test_AbaRouteValidator_06" time="0"/>
  <testcase name="testAbaNumberCheck_11421_good" classname="com.cardatechnologies.utils.validators.abaroutevalidator.Test_AbaRouteValidator_06" time="0"/>
  <testcase name="testAbaNumberCheck_12235_good" classname="com.cardatechnologies.utils.validators.abaroutevalidator.Test_AbaRouteValidator_06" time="0"/>
  <testcase name="testAbaNumberCheck_12109_good" classname="com.cardatechnologies.utils.validators.abaroutevalidator.Test_AbaRouteValidator_06" time="0"/>
  <testcase name="testAbaNumberCheck_12073_good" classname="com.cardatechnologies.utils.validators.abaroutevalidator.Test_AbaRouteValidator_06" time="0"/>
  <testcase name="testAbaNumberCheck_11133_good" classname="com.cardatechnologies.utils.validators.abaroutevalidator.Test_AbaRouteValidator_06" time="0"/>
  <testcase name="testAbaNumberCheck_11007_good" classname="com.cardatechnologies.utils.validators.abaroutevalidator.Test_AbaRouteValidator_06" time="0"/>
  <testcase name="testAbaNumberCheck_10031_good" classname="com.cardatechnologies.utils.validators.abaroutevalidator.Test_AbaRouteValidator_06" time="0"/>
  <testcase name="testAbaNumberCheck_12443_good" classname="com.cardatechnologies.utils.validators.abaroutevalidator.Test_AbaRouteValidator_06" time="0"/>
  <testcase name="testAbaNumberCheck_11503_good" classname="com.cardatechnologies.utils.validators.abaroutevalidator.Test_AbaRouteValidator_06" time="0"/>
  <testcase name="testAbaNumberCheck_12317_good" classname="com.cardatechnologies.utils.validators.abaroutevalidator.Test_AbaRouteValidator_06" time="0"/>
  <testcase name="testAbaNumberCheck_12281_good" classname="com.cardatechnologies.utils.validators.abaroutevalidator.Test_AbaRouteValidator_06" time="0"/>
  <testcase name="testAbaNumberCheck_11341_good" classname="com.cardatechnologies.utils.validators.abaroutevalidator.Test_AbaRouteValidator_06" time="0"/>
  <testcase name="testAbaNumberCheck_10401_good" classname="com.cardatechnologies.utils.validators.abaroutevalidator.Test_AbaRouteValidator_06" time="0"/>
  <testcase name="testAbaNumberCheck_12155_good" classname="com.cardatechnologies.utils.validators.abaroutevalidator.Test_AbaRouteValidator_06" time="0"/>
  <testcase name="testAbaNumberCheck_11215_good" classname="com.cardatechnologies.utils.validators.abaroutevalidator.Test_AbaRouteValidator_06" time="0"/>
  <testcase name="testAbaNumberCheck_12029_good" classname="com.cardatechnologies.utils.validators.abaroutevalidator.Test_AbaRouteValidator_06" time="0"/>
  <testcase name="testAbaNumberCheck_11053_good" classname="com.cardatechnologies.utils.validators.abaroutevalidator.Test_AbaRouteValidator_06" time="0"/>
  <testcase name="testAbaNumberCheck_10113_good" classname="com.cardatechnologies.utils.validators.abaroutevalidator.Test_AbaRouteValidator_06" time="0"/>
  <testcase name="testAbaNumberCheck_11711_good" classname="com.cardatechnologies.utils.validators.abaroutevalidator.Test_AbaRouteValidator_06" time="0"/>
  <testcase name="testAbaNumberCheck_12363_good" classname="com.cardatechnologies.utils.validators.abaroutevalidator.Test_AbaRouteValidator_06" time="0.001"/>
  <testcase name="testAbaNumberCheck_11423_good" classname="com.cardatechnologies.utils.validators.abaroutevalidator.Test_AbaRouteValidator_06" time="0"/>
  <testcase name="testAbaNumberCheck_12237_good" classname="com.cardatechnologies.utils.validators.abaroutevalidator.Test_AbaRouteValidator_06" time="0"/>
  <testcase name="testAbaNumberCheck_11261_good" classname="com.cardatechnologies.utils.validators.abaroutevalidator.Test_AbaRouteValidator_06" time="0"/>
  <testcase name="testAbaNumberCheck_10321_good" classname="com.cardatechnologies.utils.validators.abaroutevalidator.Test_AbaRouteValidator_06" time="0"/>
  <testcase name="testAbaNumberCheck_12075_good" classname="com.cardatechnologies.utils.validators.abaroutevalidator.Test_AbaRouteValidator_06" time="0"/>
  <testcase name="testAbaNumberCheck_11135_good" classname="com.cardatechnologies.utils.validators.abaroutevalidator.Test_AbaRouteValidator_06" time="0"/>
  <testcase name="testAbaNumberCheck_11009_good" classname="com.cardatechnologies.utils.validators.abaroutevalidator.Test_AbaRouteValidator_06" time="0"/>
  <testcase name="testAbaNumberCheck_10033_good" classname="com.cardatechnologies.utils.validators.abaroutevalidator.Test_AbaRouteValidator_06" time="0"/>
  <testcase name="testAbaNumberCheck_11631_good" classname="com.cardatechnologies.utils.validators.abaroutevalidator.Test_AbaRouteValidator_06" time="0"/>
  <testcase name="testAbaNumberCheck_12445_good" classname="com.cardatechnologies.utils.validators.abaroutevalidator.Test_AbaRouteValidator_06" time="0"/>
  <testcase name="testAbaNumberCheck_11505_good" classname="com.cardatechnologies.utils.validators.abaroutevalidator.Test_AbaRouteValidator_06" time="0"/>
  <testcase name="testAbaNumberCheck_12319_good" classname="com.cardatechnologies.utils.validators.abaroutevalidator.Test_AbaRouteValidator_06" time="0"/>
  <testcase name="testAbaNumberCheck_12283_good" classname="com.cardatechnologies.utils.validators.abaroutevalidator.Test_AbaRouteValidator_06" time="0"/>
  <testcase name="testAbaNumberCheck_11343_good" classname="com.cardatechnologies.utils.validators.abaroutevalidator.Test_AbaRouteValidator_06" time="0"/>
  <testcase name="testAbaNumberCheck_10403_good" classname="com.cardatechnologies.utils.validators.abaroutevalidator.Test_AbaRouteValidator_06" time="0"/>
  <testcase name="testAbaNumberCheck_12157_good" classname="com.cardatechnologies.utils.validators.abaroutevalidator.Test_AbaRouteValidator_06" time="0"/>
  <testcase name="testAbaNumberCheck_11217_good" classname="com.cardatechnologies.utils.validators.abaroutevalidator.Test_AbaRouteValidator_06" time="0"/>
  <testcase name="testAbaNumberCheck_11181_good" classname="com.cardatechnologies.utils.validators.abaroutevalidator.Test_AbaRouteValidator_06" time="0"/>
  <testcase name="testAbaNumberCheck_10241_good" classname="com.cardatechnologies.utils.validators.abaroutevalidator.Test_AbaRouteValidator_06" time="0"/>
  <testcase name="testAbaNumberCheck_11055_good" classname="com.cardatechnologies.utils.validators.abaroutevalidator.Test_AbaRouteValidator_06" time="0"/>
  <testcase name="testAbaNumberCheck_10115_good" classname="com.cardatechnologies.utils.validators.abaroutevalidator.Test_AbaRouteValidator_06" time="0"/>
  <testcase name="testAbaNumberCheck_11713_good" classname="com.cardatechnologies.utils.validators.abaroutevalidator.Test_AbaRouteValidator_06" time="0"/>
  <testcase name="testAbaNumberCheck_11551_good" classname="com.cardatechnologies.utils.validators.abaroutevalidator.Test_AbaRouteValidator_06" time="0"/>
  <testcase name="testAbaNumberCheck_10611_good" classname="com.cardatechnologies.utils.validators.abaroutevalidator.Test_AbaRouteValidator_06" time="0"/>
  <testcase name="testAbaNumberCheck_12365_good" classname="com.cardatechnologies.utils.validators.abaroutevalidator.Test_AbaRouteValidator_06" time="0.001"/>
  <testcase name="testAbaNumberCheck_11425_good" classname="com.cardatechnologies.utils.validators.abaroutevalidator.Test_AbaRouteValidator_06" time="0"/>
  <testcase name="testAbaNumberCheck_12239_good" classname="com.cardatechnologies.utils.validators.abaroutevalidator.Test_AbaRouteValidator_06" time="0"/>
  <testcase name="testAbaNumberCheck_11263_good" classname="com.cardatechnologies.utils.validators.abaroutevalidator.Test_AbaRouteValidator_06" time="0"/>
  <testcase name="testAbaNumberCheck_10323_good" classname="com.cardatechnologies.utils.validators.abaroutevalidator.Test_AbaRouteValidator_06" time="0"/>
  <testcase name="testAbaNumberCheck_11921_good" classname="com.cardatechnologies.utils.validators.abaroutevalidator.Test_AbaRouteValidator_06" time="0"/>
  <testcase name="testAbaNumberCheck_12077_good" classname="com.cardatechnologies.utils.validators.abaroutevalidator.Test_AbaRouteValidator_06" time="0"/>
  <testcase name="testAbaNumberCheck_11137_good" classname="com.cardatechnologies.utils.validators.abaroutevalidator.Test_AbaRouteValidator_06" time="0"/>
  <testcase name="testAbaNumberCheck_10161_good" classname="com.cardatechnologies.utils.validators.abaroutevalidator.Test_AbaRouteValidator_06" time="0"/>
  <testcase name="testAbaNumberCheck_10035_good" classname="com.cardatechnologies.utils.validators.abaroutevalidator.Test_AbaRouteValidator_06" time="0"/>
  <testcase name="testAbaNumberCheck_11633_good" classname="com.cardatechnologies.utils.validators.abaroutevalidator.Test_AbaRouteValidator_06" time="0"/>
  <testcase name="testAbaNumberCheck_12447_good" classname="com.cardatechnologies.utils.validators.abaroutevalidator.Test_AbaRouteValidator_06" time="0"/>
  <testcase name="testAbaNumberCheck_11507_good" classname="com.cardatechnologies.utils.validators.abaroutevalidator.Test_AbaRouteValidator_06" time="0"/>
  <testcase name="testAbaNumberCheck_11471_good" classname="com.cardatechnologies.utils.validators.abaroutevalidator.Test_AbaRouteValidator_06" time="0"/>
  <testcase name="testAbaNumberCheck_10531_good" classname="com.cardatechnologies.utils.validators.abaroutevalidator.Test_AbaRouteValidator_06" time="0"/>
  <testcase name="testAbaNumberCheck_12285_good" classname="com.cardatechnologies.utils.validators.abaroutevalidator.Test_AbaRouteValidator_06" time="0"/>
  <testcase name="testAbaNumberCheck_11345_good" classname="com.cardatechnologies.utils.validators.abaroutevalidator.Test_AbaRouteValidator_06" time="0"/>
  <testcase name="testAbaNumberCheck_10405_good" classname="com.cardatechnologies.utils.validators.abaroutevalidator.Test_AbaRouteValidator_06" time="0"/>
  <testcase name="testAbaNumberCheck_12159_good" classname="com.cardatechnologies.utils.validators.abaroutevalidator.Test_AbaRouteValidator_06" time="0"/>
  <testcase name="testAbaNumberCheck_11219_good" classname="com.cardatechnologies.utils.validators.abaroutevalidator.Test_AbaRouteValidator_06" time="0"/>
  <testcase name="testAbaNumberCheck_11183_good" classname="com.cardatechnologies.utils.validators.abaroutevalidator.Test_AbaRouteValidator_06" time="0"/>
  <testcase name="testAbaNumberCheck_10243_good" classname="com.cardatechnologies.utils.validators.abaroutevalidator.Test_AbaRouteValidator_06" time="0"/>
  <testcase name="testAbaNumberCheck_11841_good" classname="com.cardatechnologies.utils.validators.abaroutevalidator.Test_AbaRouteValidator_06" time="0"/>
  <testcase name="testAbaNumberCheck_10901_good" classname="com.cardatechnologies.utils.validators.abaroutevalidator.Test_AbaRouteValidator_06" time="0"/>
  <testcase name="testAbaNumberCheck_11057_good" classname="com.cardatechnologies.utils.validators.abaroutevalidator.Test_AbaRouteValidator_06" time="0"/>
  <testcase name="testAbaNumberCheck_10117_good" classname="com.cardatechnologies.utils.validators.abaroutevalidator.Test_AbaRouteValidator_06" time="0"/>
  <testcase name="testAbaNumberCheck_11715_good" classname="com.cardatechnologies.utils.validators.abaroutevalidator.Test_AbaRouteValidator_06" time="0"/>
  <testcase name="testAbaNumberCheck_10081_good" classname="com.cardatechnologies.utils.validators.abaroutevalidator.Test_AbaRouteValidator_06" time="0"/>
  <testcase name="testAbaNumberCheck_11553_good" classname="com.cardatechnologies.utils.validators.abaroutevalidator.Test_AbaRouteValidator_06" time="0.001"/>
  <testcase name="testAbaNumberCheck_10613_good" classname="com.cardatechnologies.utils.validators.abaroutevalidator.Test_AbaRouteValidator_06" time="0"/>
  <testcase name="testAbaNumberCheck_12367_good" classname="com.cardatechnologies.utils.validators.abaroutevalidator.Test_AbaRouteValidator_06" time="0"/>
  <testcase name="testAbaNumberCheck_11427_good" classname="com.cardatechnologies.utils.validators.abaroutevalidator.Test_AbaRouteValidator_06" time="0"/>
  <testcase name="testAbaNumberCheck_11391_good" classname="com.cardatechnologies.utils.validators.abaroutevalidator.Test_AbaRouteValidator_06" time="0"/>
  <testcase name="testAbaNumberCheck_10451_good" classname="com.cardatechnologies.utils.validators.abaroutevalidator.Test_AbaRouteValidator_06" time="0"/>
  <testcase name="testAbaNumberCheck_11265_good" classname="com.cardatechnologies.utils.validators.abaroutevalidator.Test_AbaRouteValidator_06" time="0"/>
  <testcase name="testAbaNumberCheck_10325_good" classname="com.cardatechnologies.utils.validators.abaroutevalidator.Test_AbaRouteValidator_06" time="0.001"/>
  <testcase name="testAbaNumberCheck_11923_good" classname="com.cardatechnologies.utils.validators.abaroutevalidator.Test_AbaRouteValidator_06" time="0"/>
  <testcase name="testAbaNumberCheck_12079_good" classname="com.cardatechnologies.utils.validators.abaroutevalidator.Test_AbaRouteValidator_06" time="0"/>
  <testcase name="testAbaNumberCheck_11139_good" classname="com.cardatechnologies.utils.validators.abaroutevalidator.Test_AbaRouteValidator_06" time="0"/>
  <testcase name="testAbaNumberCheck_10163_good" classname="com.cardatechnologies.utils.validators.abaroutevalidator.Test_AbaRouteValidator_06" time="0"/>
  <testcase name="testAbaNumberCheck_11761_good" classname="com.cardatechnologies.utils.validators.abaroutevalidator.Test_AbaRouteValidator_06" time="0"/>
  <testcase name="testAbaNumberCheck_10821_good" classname="com.cardatechnologies.utils.validators.abaroutevalidator.Test_AbaRouteValidator_06" time="0"/>
  <testcase name="testAbaNumberCheck_10037_good" classname="com.cardatechnologies.utils.validators.abaroutevalidator.Test_AbaRouteValidator_06" time="0"/>
  <testcase name="testAbaNumberCheck_11635_good" classname="com.cardatechnologies.utils.validators.abaroutevalidator.Test_AbaRouteValidator_06" time="0"/>
  <testcase name="testAbaNumberCheck_12449_good" classname="com.cardatechnologies.utils.validators.abaroutevalidator.Test_AbaRouteValidator_06" time="0"/>
  <testcase name="testAbaNumberCheck_11509_good" classname="com.cardatechnologies.utils.validators.abaroutevalidator.Test_AbaRouteValidator_06" time="0"/>
  <testcase name="testAbaNumberCheck_11473_good" classname="com.cardatechnologies.utils.validators.abaroutevalidator.Test_AbaRouteValidator_06" time="0"/>
  <testcase name="testAbaNumberCheck_10533_good" classname="com.cardatechnologies.utils.validators.abaroutevalidator.Test_AbaRouteValidator_06" time="0"/>
  <testcase name="testAbaNumberCheck_12287_good" classname="com.cardatechnologies.utils.validators.abaroutevalidator.Test_AbaRouteValidator_06" time="0"/>
  <testcase name="testAbaNumberCheck_11347_good" classname="com.cardatechnologies.utils.validators.abaroutevalidator.Test_AbaRouteValidator_06" time="0"/>
  <testcase name="testAbaNumberCheck_10407_good" classname="com.cardatechnologies.utils.validators.abaroutevalidator.Test_AbaRouteValidator_06" time="0"/>
  <testcase name="testAbaNumberCheck_10371_good" classname="com.cardatechnologies.utils.validators.abaroutevalidator.Test_AbaRouteValidator_06" time="0"/>
  <testcase name="testAbaNumberCheck_11185_good" classname="com.cardatechnologies.utils.validators.abaroutevalidator.Test_AbaRouteValidator_06" time="0"/>
  <testcase name="testAbaNumberCheck_10245_good" classname="com.cardatechnologies.utils.validators.abaroutevalidator.Test_AbaRouteValidator_06" time="0"/>
  <testcase name="testAbaNumberCheck_11843_good" classname="com.cardatechnologies.utils.validators.abaroutevalidator.Test_AbaRouteValidator_06" time="0.001"/>
  <testcase name="testAbaNumberCheck_10903_good" classname="com.cardatechnologies.utils.validators.abaroutevalidator.Test_AbaRouteValidator_06" time="0"/>
  <testcase name="testAbaNumberCheck_11059_good" classname="com.cardatechnologies.utils.validators.abaroutevalidator.Test_AbaRouteValidator_06" time="0"/>
  <testcase name="testAbaNumberCheck_10119_good" classname="com.cardatechnologies.utils.validators.abaroutevalidator.Test_AbaRouteValidator_06" time="0"/>
  <testcase name="testAbaNumberCheck_11717_good" classname="com.cardatechnologies.utils.validators.abaroutevalidator.Test_AbaRouteValidator_06" time="0"/>
  <testcase name="testAbaNumberCheck_10083_good" classname="com.cardatechnologies.utils.validators.abaroutevalidator.Test_AbaRouteValidator_06" time="0"/>
  <testcase name="testAbaNumberCheck_11681_good" classname="com.cardatechnologies.utils.validators.abaroutevalidator.Test_AbaRouteValidator_06" time="0"/>
  <testcase name="testAbaNumberCheck_10741_good" classname="com.cardatechnologies.utils.validators.abaroutevalidator.Test_AbaRouteValidator_06" time="0"/>
  <testcase name="testAbaNumberCheck_11000_bad" classname="com.cardatechnologies.utils.validators.abaroutevalidator.Test_AbaRouteValidator_06" time="0"/>
  <testcase name="testAbaNumberCheck_11555_good" classname="com.cardatechnologies.utils.validators.abaroutevalidator.Test_AbaRouteValidator_06" time="0"/>
  <testcase name="testAbaNumberCheck_10615_good" classname="com.cardatechnologies.utils.validators.abaroutevalidator.Test_AbaRouteValidator_06" time="0"/>
  <testcase name="testAbaNumberCheck_11002_bad" classname="com.cardatechnologies.utils.validators.abaroutevalidator.Test_AbaRouteValidator_06" time="0"/>
  <testcase name="testAbaNumberCheck_11004_bad" classname="com.cardatechnologies.utils.validators.abaroutevalidator.Test_AbaRouteValidator_06" time="0"/>
  <testcase name="testAbaNumberCheck_12369_good" classname="com.cardatechnologies.utils.validators.abaroutevalidator.Test_AbaRouteValidator_06" time="0"/>
  <testcase name="testAbaNumberCheck_11429_good" classname="com.cardatechnologies.utils.validators.abaroutevalidator.Test_AbaRouteValidator_06" time="0"/>
  <testcase name="testAbaNumberCheck_11006_bad" classname="com.cardatechnologies.utils.validators.abaroutevalidator.Test_AbaRouteValidator_06" time="0"/>
  <testcase name="testAbaNumberCheck_11008_bad" classname="com.cardatechnologies.utils.validators.abaroutevalidator.Test_AbaRouteValidator_06" time="0"/>
  <testcase name="testAbaNumberCheck_11393_good" classname="com.cardatechnologies.utils.validators.abaroutevalidator.Test_AbaRouteValidator_06" time="0"/>
  <testcase name="testAbaNumberCheck_10453_good" classname="com.cardatechnologies.utils.validators.abaroutevalidator.Test_AbaRouteValidator_06" time="0"/>
  <testcase name="testAbaNumberCheck_11267_good" classname="com.cardatechnologies.utils.validators.abaroutevalidator.Test_AbaRouteValidator_06" time="0"/>
  <testcase name="testAbaNumberCheck_10327_good" classname="com.cardatechnologies.utils.validators.abaroutevalidator.Test_AbaRouteValidator_06" time="0"/>
  <testcase name="testAbaNumberCheck_11925_good" classname="com.cardatechnologies.utils.validators.abaroutevalidator.Test_AbaRouteValidator_06" time="0"/>
  <testcase name="testAbaNumberCheck_10291_good" classname="com.cardatechnologies.utils.validators.abaroutevalidator.Test_AbaRouteValidator_06" time="0"/>
  <testcase name="testAbaNumberCheck_10165_good" classname="com.cardatechnologies.utils.validators.abaroutevalidator.Test_AbaRouteValidator_06" time="0"/>
  <testcase name="testAbaNumberCheck_11763_good" classname="com.cardatechnologies.utils.validators.abaroutevalidator.Test_AbaRouteValidator_06" time="0"/>
  <testcase name="testAbaNumberCheck_10823_good" classname="com.cardatechnologies.utils.validators.abaroutevalidator.Test_AbaRouteValidator_06" time="0"/>
  <testcase name="testAbaNumberCheck_10039_good" classname="com.cardatechnologies.utils.validators.abaroutevalidator.Test_AbaRouteValidator_06" time="0"/>
  <testcase name="testAbaNumberCheck_11637_good" classname="com.cardatechnologies.utils.validators.abaroutevalidator.Test_AbaRouteValidator_06" time="0"/>
  <testcase name="testAbaNumberCheck_11010_bad" classname="com.cardatechnologies.utils.validators.abaroutevalidator.Test_AbaRouteValidator_06" time="0"/>
  <testcase name="testAbaNumberCheck_10661_good" classname="com.cardatechnologies.utils.validators.abaroutevalidator.Test_AbaRouteValidator_06" time="0"/>
  <testcase name="testAbaNumberCheck_11012_bad" classname="com.cardatechnologies.utils.validators.abaroutevalidator.Test_AbaRouteValidator_06" time="0"/>
  <testcase name="testAbaNumberCheck_10200_bad" classname="com.cardatechnologies.utils.validators.abaroutevalidator.Test_AbaRouteValidator_06" time="0"/>
  <testcase name="testAbaNumberCheck_11014_bad" classname="com.cardatechnologies.utils.validators.abaroutevalidator.Test_AbaRouteValidator_06" time="0"/>
  <testcase name="testAbaNumberCheck_11475_good" classname="com.cardatechnologies.utils.validators.abaroutevalidator.Test_AbaRouteValidator_06" time="0"/>
  <testcase name="testAbaNumberCheck_10535_good" classname="com.cardatechnologies.utils.validators.abaroutevalidator.Test_AbaRouteValidator_06" time="0"/>
  <testcase name="testAbaNumberCheck_10202_bad" classname="com.cardatechnologies.utils.validators.abaroutevalidator.Test_AbaRouteValidator_06" time="0"/>
  <testcase name="testAbaNumberCheck_11016_bad" classname="com.cardatechnologies.utils.validators.abaroutevalidator.Test_AbaRouteValidator_06" time="0"/>
  <testcase name="testAbaNumberCheck_10204_bad" classname="com.cardatechnologies.utils.validators.abaroutevalidator.Test_AbaRouteValidator_06" time="0"/>
  <testcase name="testAbaNumberCheck_11018_bad" classname="com.cardatechnologies.utils.validators.abaroutevalidator.Test_AbaRouteValidator_06" time="0"/>
  <testcase name="testAbaNumberCheck_12289_good" classname="com.cardatechnologies.utils.validators.abaroutevalidator.Test_AbaRouteValidator_06" time="0"/>
  <testcase name="testAbaNumberCheck_11349_good" classname="com.cardatechnologies.utils.validators.abaroutevalidator.Test_AbaRouteValidator_06" time="0.001"/>
  <testcase name="testAbaNumberCheck_10409_good" classname="com.cardatechnologies.utils.validators.abaroutevalidator.Test_AbaRouteValidator_06" time="0"/>
  <testcase name="testAbaNumberCheck_10206_bad" classname="com.cardatechnologies.utils.validators.abaroutevalidator.Test_AbaRouteValidator_06" time="0"/>
  <testcase name="testAbaNumberCheck_10208_bad" classname="com.cardatechnologies.utils.validators.abaroutevalidator.Test_AbaRouteValidator_06" time="0"/>
  <testcase name="testAbaNumberCheck_10373_good" classname="com.cardatechnologies.utils.validators.abaroutevalidator.Test_AbaRouteValidator_06" time="0"/>
  <testcase name="testAbaNumberCheck_11971_good" classname="com.cardatechnologies.utils.validators.abaroutevalidator.Test_AbaRouteValidator_06" time="0"/>
  <testcase name="testAbaNumberCheck_11187_good" classname="com.cardatechnologies.utils.validators.abaroutevalidator.Test_AbaRouteValidator_06" time="0"/>
  <testcase name="testAbaNumberCheck_10247_good" classname="com.cardatechnologies.utils.validators.abaroutevalidator.Test_AbaRouteValidator_06" time="0"/>
  <testcase name="testAbaNumberCheck_11845_good" classname="com.cardatechnologies.utils.validators.abaroutevalidator.Test_AbaRouteValidator_06" time="0"/>
  <testcase name="testAbaNumberCheck_10905_good" classname="com.cardatechnologies.utils.validators.abaroutevalidator.Test_AbaRouteValidator_06" time="0"/>
  <testcase name="testAbaNumberCheck_11719_good" classname="com.cardatechnologies.utils.validators.abaroutevalidator.Test_AbaRouteValidator_06" time="0"/>
  <testcase name="testAbaNumberCheck_10085_good" classname="com.cardatechnologies.utils.validators.abaroutevalidator.Test_AbaRouteValidator_06" time="0"/>
  <testcase name="testAbaNumberCheck_11683_good" classname="com.cardatechnologies.utils.validators.abaroutevalidator.Test_AbaRouteValidator_06" time="0"/>
  <testcase name="testAbaNumberCheck_10743_good" classname="com.cardatechnologies.utils.validators.abaroutevalidator.Test_AbaRouteValidator_06" time="0"/>
  <testcase name="testAbaNumberCheck_11020_bad" classname="com.cardatechnologies.utils.validators.abaroutevalidator.Test_AbaRouteValidator_06" time="0"/>
  <testcase name="testAbaNumberCheck_11557_good" classname="com.cardatechnologies.utils.validators.abaroutevalidator.Test_AbaRouteValidator_06" time="0"/>
  <testcase name="testAbaNumberCheck_10617_good" classname="com.cardatechnologies.utils.validators.abaroutevalidator.Test_AbaRouteValidator_06" time="0"/>
  <testcase name="testAbaNumberCheck_11022_bad" classname="com.cardatechnologies.utils.validators.abaroutevalidator.Test_AbaRouteValidator_06" time="0"/>
  <testcase name="testAbaNumberCheck_10210_bad" classname="com.cardatechnologies.utils.validators.abaroutevalidator.Test_AbaRouteValidator_06" time="0"/>
  <testcase name="testAbaNumberCheck_11024_bad" classname="com.cardatechnologies.utils.validators.abaroutevalidator.Test_AbaRouteValidator_06" time="0"/>
  <testcase name="testAbaNumberCheck_10581_good" classname="com.cardatechnologies.utils.validators.abaroutevalidator.Test_AbaRouteValidator_06" time="0"/>
  <testcase name="testAbaNumberCheck_10212_bad" classname="com.cardatechnologies.utils.validators.abaroutevalidator.Test_AbaRouteValidator_06" time="0"/>
  <testcase name="testAbaNumberCheck_11026_bad" classname="com.cardatechnologies.utils.validators.abaroutevalidator.Test_AbaRouteValidator_06" time="0"/>
  <testcase name="testAbaNumberCheck_10214_bad" classname="com.cardatechnologies.utils.validators.abaroutevalidator.Test_AbaRouteValidator_06" time="0"/>
  <testcase name="testAbaNumberCheck_11028_bad" classname="com.cardatechnologies.utils.validators.abaroutevalidator.Test_AbaRouteValidator_06" time="0"/>
  <testcase name="testAbaNumberCheck_11395_good" classname="com.cardatechnologies.utils.validators.abaroutevalidator.Test_AbaRouteValidator_06" time="0.002"/>
  <testcase name="testAbaNumberCheck_10455_good" classname="com.cardatechnologies.utils.validators.abaroutevalidator.Test_AbaRouteValidator_06" time="0"/>
  <testcase name="testAbaNumberCheck_10216_bad" classname="com.cardatechnologies.utils.validators.abaroutevalidator.Test_AbaRouteValidator_06" time="0"/>
  <testcase name="testAbaNumberCheck_10218_bad" classname="com.cardatechnologies.utils.validators.abaroutevalidator.Test_AbaRouteValidator_06" time="0"/>
  <testcase name="testAbaNumberCheck_11269_good" classname="com.cardatechnologies.utils.validators.abaroutevalidator.Test_AbaRouteValidator_06" time="0"/>
  <testcase name="testAbaNumberCheck_10329_good" classname="com.cardatechnologies.utils.validators.abaroutevalidator.Test_AbaRouteValidator_06" time="0"/>
  <testcase name="testAbaNumberCheck_11927_good" classname="com.cardatechnologies.utils.validators.abaroutevalidator.Test_AbaRouteValidator_06" time="0"/>
  <testcase name="testAbaNumberCheck_10293_good" classname="com.cardatechnologies.utils.validators.abaroutevalidator.Test_AbaRouteValidator_06" time="0"/>
  <testcase name="testAbaNumberCheck_11891_good" classname="com.cardatechnologies.utils.validators.abaroutevalidator.Test_AbaRouteValidator_06" time="0"/>
  <testcase name="testAbaNumberCheck_10951_good" classname="com.cardatechnologies.utils.validators.abaroutevalidator.Test_AbaRouteValidator_06" time="0"/>
  <testcase name="testAbaNumberCheck_10167_good" classname="com.cardatechnologies.utils.validators.abaroutevalidator.Test_AbaRouteValidator_06" time="0"/>
  <testcase name="testAbaNumberCheck_11765_good" classname="com.cardatechnologies.utils.validators.abaroutevalidator.Test_AbaRouteValidator_06" time="0"/>
  <testcase name="testAbaNumberCheck_10825_good" classname="com.cardatechnologies.utils.validators.abaroutevalidator.Test_AbaRouteValidator_06" time="0"/>
  <testcase name="testAbaNumberCheck_11639_good" classname="com.cardatechnologies.utils.validators.abaroutevalidator.Test_AbaRouteValidator_06" time="0"/>
  <testcase name="testAbaNumberCheck_11030_bad" classname="com.cardatechnologies.utils.validators.abaroutevalidator.Test_AbaRouteValidator_06" time="0"/>
  <testcase name="testAbaNumberCheck_10663_good" classname="com.cardatechnologies.utils.validators.abaroutevalidator.Test_AbaRouteValidator_06" time="0"/>
  <testcase name="testAbaNumberCheck_11032_bad" classname="com.cardatechnologies.utils.validators.abaroutevalidator.Test_AbaRouteValidator_06" time="0"/>
  <testcase name="testAbaNumberCheck_10220_bad" classname="com.cardatechnologies.utils.validators.abaroutevalidator.Test_AbaRouteValidator_06" time="0"/>
  <testcase name="testAbaNumberCheck_11034_bad" classname="com.cardatechnologies.utils.validators.abaroutevalidator.Test_AbaRouteValidator_06" time="0"/>
  <testcase name="testAbaNumberCheck_11477_good" classname="com.cardatechnologies.utils.validators.abaroutevalidator.Test_AbaRouteValidator_06" time="0"/>
  <testcase name="testAbaNumberCheck_10537_good" classname="com.cardatechnologies.utils.validators.abaroutevalidator.Test_AbaRouteValidator_06" time="0"/>
  <testcase name="testAbaNumberCheck_10222_bad" classname="com.cardatechnologies.utils.validators.abaroutevalidator.Test_AbaRouteValidator_06" time="0"/>
  <testcase name="testAbaNumberCheck_11036_bad" classname="com.cardatechnologies.utils.validators.abaroutevalidator.Test_AbaRouteValidator_06" time="0"/>
  <testcase name="testAbaNumberCheck_10224_bad" classname="com.cardatechnologies.utils.validators.abaroutevalidator.Test_AbaRouteValidator_06" time="0"/>
  <testcase name="testAbaNumberCheck_11038_bad" classname="com.cardatechnologies.utils.validators.abaroutevalidator.Test_AbaRouteValidator_06" time="0"/>
  <testcase name="testAbaNumberCheck_10226_bad" classname="com.cardatechnologies.utils.validators.abaroutevalidator.Test_AbaRouteValidator_06" time="0"/>
  <testcase name="testAbaNumberCheck_10228_bad" classname="com.cardatechnologies.utils.validators.abaroutevalidator.Test_AbaRouteValidator_06" time="0"/>
  <testcase name="testAbaNumberCheck_10375_good" classname="com.cardatechnologies.utils.validators.abaroutevalidator.Test_AbaRouteValidator_06" time="0"/>
  <testcase name="testAbaNumberCheck_11973_good" classname="com.cardatechnologies.utils.validators.abaroutevalidator.Test_AbaRouteValidator_06" time="0"/>
  <testcase name="testAbaNumberCheck_11189_good" classname="com.cardatechnologies.utils.validators.abaroutevalidator.Test_AbaRouteValidator_06" time="0"/>
  <testcase name="testAbaNumberCheck_10249_good" classname="com.cardatechnologies.utils.validators.abaroutevalidator.Test_AbaRouteValidator_06" time="0"/>
  <testcase name="testAbaNumberCheck_11847_good" classname="com.cardatechnologies.utils.validators.abaroutevalidator.Test_AbaRouteValidator_06" time="0"/>
  <testcase name="testAbaNumberCheck_10907_good" classname="com.cardatechnologies.utils.validators.abaroutevalidator.Test_AbaRouteValidator_06" time="0"/>
  <testcase name="testAbaNumberCheck_10871_good" classname="com.cardatechnologies.utils.validators.abaroutevalidator.Test_AbaRouteValidator_06" time="0"/>
  <testcase name="testAbaNumberCheck_10087_good" classname="com.cardatechnologies.utils.validators.abaroutevalidator.Test_AbaRouteValidator_06" time="0"/>
  <testcase name="testAbaNumberCheck_12300_bad" classname="com.cardatechnologies.utils.validators.abaroutevalidator.Test_AbaRouteValidator_06" time="0"/>
  <testcase name="testAbaNumberCheck_11685_good" classname="com.cardatechnologies.utils.validators.abaroutevalidator.Test_AbaRouteValidator_06" time="0"/>
  <testcase name="testAbaNumberCheck_10745_good" classname="com.cardatechnologies.utils.validators.abaroutevalidator.Test_AbaRouteValidator_06" time="0"/>
  <testcase name="testAbaNumberCheck_12302_bad" classname="com.cardatechnologies.utils.validators.abaroutevalidator.Test_AbaRouteValidator_06" time="0"/>
  <testcase name="testAbaNumberCheck_12304_bad" classname="com.cardatechnologies.utils.validators.abaroutevalidator.Test_AbaRouteValidator_06" time="0"/>
  <testcase name="testAbaNumberCheck_11040_bad" classname="com.cardatechnologies.utils.validators.abaroutevalidator.Test_AbaRouteValidator_06" time="0"/>
  <testcase name="testAbaNumberCheck_11559_good" classname="com.cardatechnologies.utils.validators.abaroutevalidator.Test_AbaRouteValidator_06" time="0"/>
  <testcase name="testAbaNumberCheck_10619_good" classname="com.cardatechnologies.utils.validators.abaroutevalidator.Test_AbaRouteValidator_06" time="0"/>
  <testcase name="testAbaNumberCheck_12306_bad" classname="com.cardatechnologies.utils.validators.abaroutevalidator.Test_AbaRouteValidator_06" time="0"/>
  <testcase name="testAbaNumberCheck_11042_bad" classname="com.cardatechnologies.utils.validators.abaroutevalidator.Test_AbaRouteValidator_06" time="0"/>
  <testcase name="testAbaNumberCheck_12308_bad" classname="com.cardatechnologies.utils.validators.abaroutevalidator.Test_AbaRouteValidator_06" time="0"/>
  <testcase name="testAbaNumberCheck_10230_bad" classname="com.cardatechnologies.utils.validators.abaroutevalidator.Test_AbaRouteValidator_06" time="0"/>
  <testcase name="testAbaNumberCheck_11044_bad" classname="com.cardatechnologies.utils.validators.abaroutevalidator.Test_AbaRouteValidator_06" time="0"/>
  <testcase name="testAbaNumberCheck_10583_good" classname="com.cardatechnologies.utils.validators.abaroutevalidator.Test_AbaRouteValidator_06" time="0"/>
  <testcase name="testAbaNumberCheck_10232_bad" classname="com.cardatechnologies.utils.validators.abaroutevalidator.Test_AbaRouteValidator_06" time="0"/>
  <testcase name="testAbaNumberCheck_11046_bad" classname="com.cardatechnologies.utils.validators.abaroutevalidator.Test_AbaRouteValidator_06" time="0"/>
  <testcase name="testAbaNumberCheck_10234_bad" classname="com.cardatechnologies.utils.validators.abaroutevalidator.Test_AbaRouteValidator_06" time="0"/>
  <testcase name="testAbaNumberCheck_11048_bad" classname="com.cardatechnologies.utils.validators.abaroutevalidator.Test_AbaRouteValidator_06" time="0"/>
  <testcase name="testAbaNumberCheck_11397_good" classname="com.cardatechnologies.utils.validators.abaroutevalidator.Test_AbaRouteValidator_06" time="0"/>
  <testcase name="testAbaNumberCheck_10457_good" classname="com.cardatechnologies.utils.validators.abaroutevalidator.Test_AbaRouteValidator_06" time="0"/>
  <testcase name="testAbaNumberCheck_10236_bad" classname="com.cardatechnologies.utils.validators.abaroutevalidator.Test_AbaRouteValidator_06" time="0"/>
  <testcase name="testAbaNumberCheck_10238_bad" classname="com.cardatechnologies.utils.validators.abaroutevalidator.Test_AbaRouteValidator_06" time="0"/>
  <testcase name="testAbaNumberCheck_11929_good" classname="com.cardatechnologies.utils.validators.abaroutevalidator.Test_AbaRouteValidator_06" time="0"/>
  <testcase name="testAbaNumberCheck_10295_good" classname="com.cardatechnologies.utils.validators.abaroutevalidator.Test_AbaRouteValidator_06" time="0"/>
  <testcase name="testAbaNumberCheck_11893_good" classname="com.cardatechnologies.utils.validators.abaroutevalidator.Test_AbaRouteValidator_06" time="0"/>
  <testcase name="testAbaNumberCheck_10953_good" classname="com.cardatechnologies.utils.validators.abaroutevalidator.Test_AbaRouteValidator_06" time="0"/>
  <testcase name="testAbaNumberCheck_10169_good" classname="com.cardatechnologies.utils.validators.abaroutevalidator.Test_AbaRouteValidator_06" time="0"/>
  <testcase name="testAbaNumberCheck_11767_good" classname="com.cardatechnologies.utils.validators.abaroutevalidator.Test_AbaRouteValidator_06" time="0"/>
  <testcase name="testAbaNumberCheck_10827_good" classname="com.cardatechnologies.utils.validators.abaroutevalidator.Test_AbaRouteValidator_06" time="0"/>
  <testcase name="testAbaNumberCheck_12310_bad" classname="com.cardatechnologies.utils.validators.abaroutevalidator.Test_AbaRouteValidator_06" time="0"/>
  <testcase name="testAbaNumberCheck_10791_good" classname="com.cardatechnologies.utils.validators.abaroutevalidator.Test_AbaRouteValidator_06" time="0"/>
  <testcase name="testAbaNumberCheck_12312_bad" classname="com.cardatechnologies.utils.validators.abaroutevalidator.Test_AbaRouteValidator_06" time="0"/>
  <testcase name="testAbaNumberCheck_11500_bad" classname="com.cardatechnologies.utils.validators.abaroutevalidator.Test_AbaRouteValidator_06" time="0"/>
  <testcase name="testAbaNumberCheck_12314_bad" classname="com.cardatechnologies.utils.validators.abaroutevalidator.Test_AbaRouteValidator_06" time="0"/>
  <testcase name="testAbaNumberCheck_11050_bad" classname="com.cardatechnologies.utils.validators.abaroutevalidator.Test_AbaRouteValidator_06" time="0"/>
  <testcase name="testAbaNumberCheck_10665_good" classname="com.cardatechnologies.utils.validators.abaroutevalidator.Test_AbaRouteValidator_06" time="0"/>
  <testcase name="testAbaNumberCheck_11502_bad" classname="com.cardatechnologies.utils.validators.abaroutevalidator.Test_AbaRouteValidator_06" time="0"/>
  <testcase name="testAbaNumberCheck_12316_bad" classname="com.cardatechnologies.utils.validators.abaroutevalidator.Test_AbaRouteValidator_06" time="0.001"/>
  <testcase name="testAbaNumberCheck_11052_bad" classname="com.cardatechnologies.utils.validators.abaroutevalidator.Test_AbaRouteValidator_06" time="0"/>
  <testcase name="testAbaNumberCheck_11504_bad" classname="com.cardatechnologies.utils.validators.abaroutevalidator.Test_AbaRouteValidator_06" time="0"/>
  <testcase name="testAbaNumberCheck_12318_bad" classname="com.cardatechnologies.utils.validators.abaroutevalidator.Test_AbaRouteValidator_06" time="0"/>
  <testcase name="testAbaNumberCheck_10240_bad" classname="com.cardatechnologies.utils.validators.abaroutevalidator.Test_AbaRouteValidator_06" time="0"/>
  <testcase name="testAbaNumberCheck_11054_bad" classname="com.cardatechnologies.utils.validators.abaroutevalidator.Test_AbaRouteValidator_06" time="0"/>
  <testcase name="testAbaNumberCheck_11479_good" classname="com.cardatechnologies.utils.validators.abaroutevalidator.Test_AbaRouteValidator_06" time="0"/>
  <testcase name="testAbaNumberCheck_10539_good" classname="com.cardatechnologies.utils.validators.abaroutevalidator.Test_AbaRouteValidator_06" time="0"/>
  <testcase name="testAbaNumberCheck_11506_bad" classname="com.cardatechnologies.utils.validators.abaroutevalidator.Test_AbaRouteValidator_06" time="0"/>
  <testcase name="testAbaNumberCheck_10242_bad" classname="com.cardatechnologies.utils.validators.abaroutevalidator.Test_AbaRouteValidator_06" time="0"/>
  <testcase name="testAbaNumberCheck_11056_bad" classname="com.cardatechnologies.utils.validators.abaroutevalidator.Test_AbaRouteValidator_06" time="0"/>
  <testcase name="testAbaNumberCheck_11508_bad" classname="com.cardatechnologies.utils.validators.abaroutevalidator.Test_AbaRouteValidator_06" time="0"/>
  <testcase name="testAbaNumberCheck_10244_bad" classname="com.cardatechnologies.utils.validators.abaroutevalidator.Test_AbaRouteValidator_06" time="0"/>
  <testcase name="testAbaNumberCheck_11058_bad" classname="com.cardatechnologies.utils.validators.abaroutevalidator.Test_AbaRouteValidator_06" time="0"/>
  <testcase name="testAbaNumberCheck_10246_bad" classname="com.cardatechnologies.utils.validators.abaroutevalidator.Test_AbaRouteValidator_06" time="0"/>
  <testcase name="testAbaNumberCheck_10248_bad" classname="com.cardatechnologies.utils.validators.abaroutevalidator.Test_AbaRouteValidator_06" time="0"/>
  <testcase name="testAbaNumberCheck_10377_good" classname="com.cardatechnologies.utils.validators.abaroutevalidator.Test_AbaRouteValidator_06" time="0"/>
  <testcase name="testAbaNumberCheck_11975_good" classname="com.cardatechnologies.utils.validators.abaroutevalidator.Test_AbaRouteValidator_06" time="0"/>
  <testcase name="testAbaNumberCheck_11849_good" classname="com.cardatechnologies.utils.validators.abaroutevalidator.Test_AbaRouteValidator_06" time="0"/>
  <testcase name="testAbaNumberCheck_10909_good" classname="com.cardatechnologies.utils.validators.abaroutevalidator.Test_AbaRouteValidator_06" time="0"/>
  <testcase name="testAbaNumberCheck_10873_good" classname="com.cardatechnologies.utils.validators.abaroutevalidator.Test_AbaRouteValidator_06" time="0"/>
  <testcase name="testAbaNumberCheck_10089_good" classname="com.cardatechnologies.utils.validators.abaroutevalidator.Test_AbaRouteValidator_06" time="0"/>
  <testcase name="testAbaNumberCheck_12320_bad" classname="com.cardatechnologies.utils.validators.abaroutevalidator.Test_AbaRouteValidator_06" time="0"/>
  <testcase name="testAbaNumberCheck_11687_good" classname="com.cardatechnologies.utils.validators.abaroutevalidator.Test_AbaRouteValidator_06" time="0.001"/>
  <testcase name="testAbaNumberCheck_10747_good" classname="com.cardatechnologies.utils.validators.abaroutevalidator.Test_AbaRouteValidator_06" time="0"/>
  <testcase name="testAbaNumberCheck_12322_bad" classname="com.cardatechnologies.utils.validators.abaroutevalidator.Test_AbaRouteValidator_06" time="0"/>
  <testcase name="testAbaNumberCheck_11510_bad" classname="com.cardatechnologies.utils.validators.abaroutevalidator.Test_AbaRouteValidator_06" time="0"/>
  <testcase name="testAbaNumberCheck_12324_bad" classname="com.cardatechnologies.utils.validators.abaroutevalidator.Test_AbaRouteValidator_06" time="0"/>
  <testcase name="testAbaNumberCheck_11060_bad" classname="com.cardatechnologies.utils.validators.abaroutevalidator.Test_AbaRouteValidator_06" time="0"/>
  <testcase name="testAbaNumberCheck_11512_bad" classname="com.cardatechnologies.utils.validators.abaroutevalidator.Test_AbaRouteValidator_06" time="0"/>
  <testcase name="testAbaNumberCheck_12326_bad" classname="com.cardatechnologies.utils.validators.abaroutevalidator.Test_AbaRouteValidator_06" time="0"/>
  <testcase name="testAbaNumberCheck_11062_bad" classname="com.cardatechnologies.utils.validators.abaroutevalidator.Test_AbaRouteValidator_06" time="0"/>
  <testcase name="testAbaNumberCheck_10700_bad" classname="com.cardatechnologies.utils.validators.abaroutevalidator.Test_AbaRouteValidator_06" time="0"/>
  <testcase name="testAbaNumberCheck_11514_bad" classname="com.cardatechnologies.utils.validators.abaroutevalidator.Test_AbaRouteValidator_06" time="0"/>
  <testcase name="testAbaNumberCheck_12328_bad" classname="com.cardatechnologies.utils.validators.abaroutevalidator.Test_AbaRouteValidator_06" time="0"/>
  <testcase name="testAbaNumberCheck_10250_bad" classname="com.cardatechnologies.utils.validators.abaroutevalidator.Test_AbaRouteValidator_06" time="0"/>
  <testcase name="testAbaNumberCheck_11064_bad" classname="com.cardatechnologies.utils.validators.abaroutevalidator.Test_AbaRouteValidator_06" time="0"/>
  <testcase name="testAbaNumberCheck_10585_good" classname="com.cardatechnologies.utils.validators.abaroutevalidator.Test_AbaRouteValidator_06" time="0"/>
  <testcase name="testAbaNumberCheck_10702_bad" classname="com.cardatechnologies.utils.validators.abaroutevalidator.Test_AbaRouteValidator_06" time="0"/>
  <testcase name="testAbaNumberCheck_11516_bad" classname="com.cardatechnologies.utils.validators.abaroutevalidator.Test_AbaRouteValidator_06" time="0"/>
  <testcase name="testAbaNumberCheck_10252_bad" classname="com.cardatechnologies.utils.validators.abaroutevalidator.Test_AbaRouteValidator_06" time="0"/>
  <testcase name="testAbaNumberCheck_11066_bad" classname="com.cardatechnologies.utils.validators.abaroutevalidator.Test_AbaRouteValidator_06" time="0"/>
  <testcase name="testAbaNumberCheck_10704_bad" classname="com.cardatechnologies.utils.validators.abaroutevalidator.Test_AbaRouteValidator_06" time="0"/>
  <testcase name="testAbaNumberCheck_11518_bad" classname="com.cardatechnologies.utils.validators.abaroutevalidator.Test_AbaRouteValidator_06" time="0"/>
  <testcase name="testAbaNumberCheck_10254_bad" classname="com.cardatechnologies.utils.validators.abaroutevalidator.Test_AbaRouteValidator_06" time="0"/>
  <testcase name="testAbaNumberCheck_11068_bad" classname="com.cardatechnologies.utils.validators.abaroutevalidator.Test_AbaRouteValidator_06" time="0"/>
  <testcase name="testAbaNumberCheck_11399_good" classname="com.cardatechnologies.utils.validators.abaroutevalidator.Test_AbaRouteValidator_06" time="0.001"/>
  <testcase name="testAbaNumberCheck_10459_good" classname="com.cardatechnologies.utils.validators.abaroutevalidator.Test_AbaRouteValidator_06" time="0"/>
  <testcase name="testAbaNumberCheck_10706_bad" classname="com.cardatechnologies.utils.validators.abaroutevalidator.Test_AbaRouteValidator_06" time="0"/>
  <testcase name="testAbaNumberCheck_10256_bad" classname="com.cardatechnologies.utils.validators.abaroutevalidator.Test_AbaRouteValidator_06" time="0"/>
  <testcase name="testAbaNumberCheck_10708_bad" classname="com.cardatechnologies.utils.validators.abaroutevalidator.Test_AbaRouteValidator_06" time="0"/>
  <testcase name="testAbaNumberCheck_10258_bad" classname="com.cardatechnologies.utils.validators.abaroutevalidator.Test_AbaRouteValidator_06" time="0"/>
  <testcase name="testAbaNumberCheck_10297_good" classname="com.cardatechnologies.utils.validators.abaroutevalidator.Test_AbaRouteValidator_06" time="0"/>
  <testcase name="testAbaNumberCheck_11895_good" classname="com.cardatechnologies.utils.validators.abaroutevalidator.Test_AbaRouteValidator_06" time="0"/>
  <testcase name="testAbaNumberCheck_10955_good" classname="com.cardatechnologies.utils.validators.abaroutevalidator.Test_AbaRouteValidator_06" time="0"/>
  <testcase name="testAbaNumberCheck_11769_good" classname="com.cardatechnologies.utils.validators.abaroutevalidator.Test_AbaRouteValidator_06" time="0"/>
  <testcase name="testAbaNumberCheck_10829_good" classname="com.cardatechnologies.utils.validators.abaroutevalidator.Test_AbaRouteValidator_06" time="0"/>
  <testcase name="testAbaNumberCheck_12330_bad" classname="com.cardatechnologies.utils.validators.abaroutevalidator.Test_AbaRouteValidator_06" time="0"/>
  <testcase name="testAbaNumberCheck_10793_good" classname="com.cardatechnologies.utils.validators.abaroutevalidator.Test_AbaRouteValidator_06" time="0"/>
  <testcase name="testAbaNumberCheck_12332_bad" classname="com.cardatechnologies.utils.validators.abaroutevalidator.Test_AbaRouteValidator_06" time="0"/>
  <testcase name="testAbaNumberCheck_11520_bad" classname="com.cardatechnologies.utils.validators.abaroutevalidator.Test_AbaRouteValidator_06" time="0"/>
  <testcase name="testAbaNumberCheck_12334_bad" classname="com.cardatechnologies.utils.validators.abaroutevalidator.Test_AbaRouteValidator_06" time="0"/>
  <testcase name="testAbaNumberCheck_11070_bad" classname="com.cardatechnologies.utils.validators.abaroutevalidator.Test_AbaRouteValidator_06" time="0"/>
  <testcase name="testAbaNumberCheck_10667_good" classname="com.cardatechnologies.utils.validators.abaroutevalidator.Test_AbaRouteValidator_06" time="0"/>
  <testcase name="testAbaNumberCheck_11522_bad" classname="com.cardatechnologies.utils.validators.abaroutevalidator.Test_AbaRouteValidator_06" time="0"/>
  <testcase name="testAbaNumberCheck_12336_bad" classname="com.cardatechnologies.utils.validators.abaroutevalidator.Test_AbaRouteValidator_06" time="0"/>
  <testcase name="testAbaNumberCheck_11072_bad" classname="com.cardatechnologies.utils.validators.abaroutevalidator.Test_AbaRouteValidator_06" time="0"/>
  <testcase name="testAbaNumberCheck_10710_bad" classname="com.cardatechnologies.utils.validators.abaroutevalidator.Test_AbaRouteValidator_06" time="0"/>
  <testcase name="testAbaNumberCheck_11524_bad" classname="com.cardatechnologies.utils.validators.abaroutevalidator.Test_AbaRouteValidator_06" time="0"/>
  <testcase name="testAbaNumberCheck_12338_bad" classname="com.cardatechnologies.utils.validators.abaroutevalidator.Test_AbaRouteValidator_06" time="0"/>
  <testcase name="testAbaNumberCheck_10260_bad" classname="com.cardatechnologies.utils.validators.abaroutevalidator.Test_AbaRouteValidator_06" time="0"/>
  <testcase name="testAbaNumberCheck_11074_bad" classname="com.cardatechnologies.utils.validators.abaroutevalidator.Test_AbaRouteValidator_06" time="0.001"/>
  <testcase name="testAbaNumberCheck_10712_bad" classname="com.cardatechnologies.utils.validators.abaroutevalidator.Test_AbaRouteValidator_06" time="0"/>
  <testcase name="testAbaNumberCheck_11526_bad" classname="com.cardatechnologies.utils.validators.abaroutevalidator.Test_AbaRouteValidator_06" time="0"/>
  <testcase name="testAbaNumberCheck_10262_bad" classname="com.cardatechnologies.utils.validators.abaroutevalidator.Test_AbaRouteValidator_06" time="0"/>
  <testcase name="testAbaNumberCheck_11076_bad" classname="com.cardatechnologies.utils.validators.abaroutevalidator.Test_AbaRouteValidator_06" time="0"/>
  <testcase name="testAbaNumberCheck_10714_bad" classname="com.cardatechnologies.utils.validators.abaroutevalidator.Test_AbaRouteValidator_06" time="0"/>
  <testcase name="testAbaNumberCheck_11528_bad" classname="com.cardatechnologies.utils.validators.abaroutevalidator.Test_AbaRouteValidator_06" time="0"/>
  <testcase name="testAbaNumberCheck_10264_bad" classname="com.cardatechnologies.utils.validators.abaroutevalidator.Test_AbaRouteValidator_06" time="0"/>
  <testcase name="testAbaNumberCheck_11078_bad" classname="com.cardatechnologies.utils.validators.abaroutevalidator.Test_AbaRouteValidator_06" time="0"/>
  <testcase name="testAbaNumberCheck_10716_bad" classname="com.cardatechnologies.utils.validators.abaroutevalidator.Test_AbaRouteValidator_06" time="0"/>
  <testcase name="testAbaNumberCheck_10266_bad" classname="com.cardatechnologies.utils.validators.abaroutevalidator.Test_AbaRouteValidator_06" time="0"/>
  <testcase name="testAbaNumberCheck_10718_bad" classname="com.cardatechnologies.utils.validators.abaroutevalidator.Test_AbaRouteValidator_06" time="0"/>
  <testcase name="testAbaNumberCheck_10268_bad" classname="com.cardatechnologies.utils.validators.abaroutevalidator.Test_AbaRouteValidator_06" time="0"/>
  <testcase name="testAbaNumberCheck_10379_good" classname="com.cardatechnologies.utils.validators.abaroutevalidator.Test_AbaRouteValidator_06" time="0"/>
  <testcase name="testAbaNumberCheck_11977_good" classname="com.cardatechnologies.utils.validators.abaroutevalidator.Test_AbaRouteValidator_06" time="0"/>
  <testcase name="testAbaNumberCheck_10875_good" classname="com.cardatechnologies.utils.validators.abaroutevalidator.Test_AbaRouteValidator_06" time="0"/>
  <testcase name="testAbaNumberCheck_12340_bad" classname="com.cardatechnologies.utils.validators.abaroutevalidator.Test_AbaRouteValidator_06" time="0"/>
  <testcase name="testAbaNumberCheck_11689_good" classname="com.cardatechnologies.utils.validators.abaroutevalidator.Test_AbaRouteValidator_06" time="0"/>
  <testcase name="testAbaNumberCheck_10749_good" classname="com.cardatechnologies.utils.validators.abaroutevalidator.Test_AbaRouteValidator_06" time="0"/>
  <testcase name="testAbaNumberCheck_12342_bad" classname="com.cardatechnologies.utils.validators.abaroutevalidator.Test_AbaRouteValidator_06" time="0"/>
  <testcase name="testAbaNumberCheck_11530_bad" classname="com.cardatechnologies.utils.validators.abaroutevalidator.Test_AbaRouteValidator_06" time="0"/>
  <testcase name="testAbaNumberCheck_12344_bad" classname="com.cardatechnologies.utils.validators.abaroutevalidator.Test_AbaRouteValidator_06" time="0"/>
  <testcase name="testAbaNumberCheck_11080_bad" classname="com.cardatechnologies.utils.validators.abaroutevalidator.Test_AbaRouteValidator_06" time="0"/>
  <testcase name="testAbaNumberCheck_11532_bad" classname="com.cardatechnologies.utils.validators.abaroutevalidator.Test_AbaRouteValidator_06" time="0"/>
  <testcase name="testAbaNumberCheck_12346_bad" classname="com.cardatechnologies.utils.validators.abaroutevalidator.Test_AbaRouteValidator_06" time="0.001"/>
  <testcase name="testAbaNumberCheck_11082_bad" classname="com.cardatechnologies.utils.validators.abaroutevalidator.Test_AbaRouteValidator_06" time="0"/>
  <testcase name="testAbaNumberCheck_10720_bad" classname="com.cardatechnologies.utils.validators.abaroutevalidator.Test_AbaRouteValidator_06" time="0"/>
  <testcase name="testAbaNumberCheck_11534_bad" classname="com.cardatechnologies.utils.validators.abaroutevalidator.Test_AbaRouteValidator_06" time="0"/>
  <testcase name="testAbaNumberCheck_12348_bad" classname="com.cardatechnologies.utils.validators.abaroutevalidator.Test_AbaRouteValidator_06" time="0"/>
  <testcase name="testAbaNumberCheck_10270_bad" classname="com.cardatechnologies.utils.validators.abaroutevalidator.Test_AbaRouteValidator_06" time="0"/>
  <testcase name="testAbaNumberCheck_11084_bad" classname="com.cardatechnologies.utils.validators.abaroutevalidator.Test_AbaRouteValidator_06" time="0"/>
  <testcase name="testAbaNumberCheck_10587_good" classname="com.cardatechnologies.utils.validators.abaroutevalidator.Test_AbaRouteValidator_06" time="0"/>
  <testcase name="testAbaNumberCheck_10722_bad" classname="com.cardatechnologies.utils.validators.abaroutevalidator.Test_AbaRouteValidator_06" time="0"/>
  <testcase name="testAbaNumberCheck_11536_bad" classname="com.cardatechnologies.utils.validators.abaroutevalidator.Test_AbaRouteValidator_06" time="0"/>
  <testcase name="testAbaNumberCheck_10272_bad" classname="com.cardatechnologies.utils.validators.abaroutevalidator.Test_AbaRouteValidator_06" time="0"/>
  <testcase name="testAbaNumberCheck_11086_bad" classname="com.cardatechnologies.utils.validators.abaroutevalidator.Test_AbaRouteValidator_06" time="0"/>
  <testcase name="testAbaNumberCheck_10724_bad" classname="com.cardatechnologies.utils.validators.abaroutevalidator.Test_AbaRouteValidator_06" time="0"/>
  <testcase name="testAbaNumberCheck_11538_bad" classname="com.cardatechnologies.utils.validators.abaroutevalidator.Test_AbaRouteValidator_06" time="0"/>
  <testcase name="testAbaNumberCheck_10274_bad" classname="com.cardatechnologies.utils.validators.abaroutevalidator.Test_AbaRouteValidator_06" time="0"/>
  <testcase name="testAbaNumberCheck_11088_bad" classname="com.cardatechnologies.utils.validators.abaroutevalidator.Test_AbaRouteValidator_06" time="0"/>
  <testcase name="testAbaNumberCheck_10726_bad" classname="com.cardatechnologies.utils.validators.abaroutevalidator.Test_AbaRouteValidator_06" time="0"/>
  <testcase name="testAbaNumberCheck_10276_bad" classname="com.cardatechnologies.utils.validators.abaroutevalidator.Test_AbaRouteValidator_06" time="0"/>
  <testcase name="testAbaNumberCheck_10728_bad" classname="com.cardatechnologies.utils.validators.abaroutevalidator.Test_AbaRouteValidator_06" time="0"/>
  <testcase name="testAbaNumberCheck_10278_bad" classname="com.cardatechnologies.utils.validators.abaroutevalidator.Test_AbaRouteValidator_06" time="0"/>
  <testcase name="testAbaNumberCheck_10299_good" classname="com.cardatechnologies.utils.validators.abaroutevalidator.Test_AbaRouteValidator_06" time="0"/>
  <testcase name="testAbaNumberCheck_11897_good" classname="com.cardatechnologies.utils.validators.abaroutevalidator.Test_AbaRouteValidator_06" time="0"/>
  <testcase name="testAbaNumberCheck_10957_good" classname="com.cardatechnologies.utils.validators.abaroutevalidator.Test_AbaRouteValidator_06" time="0"/>
  <testcase name="testAbaNumberCheck_12350_bad" classname="com.cardatechnologies.utils.validators.abaroutevalidator.Test_AbaRouteValidator_06" time="0"/>
  <testcase name="testAbaNumberCheck_10795_good" classname="com.cardatechnologies.utils.validators.abaroutevalidator.Test_AbaRouteValidator_06" time="0"/>
  <testcase name="testAbaNumberCheck_12352_bad" classname="com.cardatechnologies.utils.validators.abaroutevalidator.Test_AbaRouteValidator_06" time="0"/>
  <testcase name="testAbaNumberCheck_11540_bad" classname="com.cardatechnologies.utils.validators.abaroutevalidator.Test_AbaRouteValidator_06" time="0"/>
  <testcase name="testAbaNumberCheck_12354_bad" classname="com.cardatechnologies.utils.validators.abaroutevalidator.Test_AbaRouteValidator_06" time="0"/>
  <testcase name="testAbaNumberCheck_11090_bad" classname="com.cardatechnologies.utils.validators.abaroutevalidator.Test_AbaRouteValidator_06" time="0"/>
  <testcase name="testAbaNumberCheck_10669_good" classname="com.cardatechnologies.utils.validators.abaroutevalidator.Test_AbaRouteValidator_06" time="0"/>
  <testcase name="testAbaNumberCheck_11542_bad" classname="com.cardatechnologies.utils.validators.abaroutevalidator.Test_AbaRouteValidator_06" time="0"/>
  <testcase name="testAbaNumberCheck_12356_bad" classname="com.cardatechnologies.utils.validators.abaroutevalidator.Test_AbaRouteValidator_06" time="0"/>
  <testcase name="testAbaNumberCheck_11092_bad" classname="com.cardatechnologies.utils.validators.abaroutevalidator.Test_AbaRouteValidator_06" time="0"/>
  <testcase name="testAbaNumberCheck_10730_bad" classname="com.cardatechnologies.utils.validators.abaroutevalidator.Test_AbaRouteValidator_06" time="0"/>
  <testcase name="testAbaNumberCheck_11544_bad" classname="com.cardatechnologies.utils.validators.abaroutevalidator.Test_AbaRouteValidator_06" time="0"/>
  <testcase name="testAbaNumberCheck_12358_bad" classname="com.cardatechnologies.utils.validators.abaroutevalidator.Test_AbaRouteValidator_06" time="0"/>
  <testcase name="testAbaNumberCheck_10280_bad" classname="com.cardatechnologies.utils.validators.abaroutevalidator.Test_AbaRouteValidator_06" time="0"/>
  <testcase name="testAbaNumberCheck_11094_bad" classname="com.cardatechnologies.utils.validators.abaroutevalidator.Test_AbaRouteValidator_06" time="0"/>
  <testcase name="testAbaNumberCheck_10732_bad" classname="com.cardatechnologies.utils.validators.abaroutevalidator.Test_AbaRouteValidator_06" time="0"/>
  <testcase name="testAbaNumberCheck_11546_bad" classname="com.cardatechnologies.utils.validators.abaroutevalidator.Test_AbaRouteValidator_06" time="0"/>
  <testcase name="testAbaNumberCheck_10282_bad" classname="com.cardatechnologies.utils.validators.abaroutevalidator.Test_AbaRouteValidator_06" time="0"/>
  <testcase name="testAbaNumberCheck_11096_bad" classname="com.cardatechnologies.utils.validators.abaroutevalidator.Test_AbaRouteValidator_06" time="0"/>
  <testcase name="testAbaNumberCheck_10734_bad" classname="com.cardatechnologies.utils.validators.abaroutevalidator.Test_AbaRouteValidator_06" time="0"/>
  <testcase name="testAbaNumberCheck_11548_bad" classname="com.cardatechnologies.utils.validators.abaroutevalidator.Test_AbaRouteValidator_06" time="0"/>
  <testcase name="testAbaNumberCheck_10284_bad" classname="com.cardatechnologies.utils.validators.abaroutevalidator.Test_AbaRouteValidator_06" time="0"/>
  <testcase name="testAbaNumberCheck_11098_bad" classname="com.cardatechnologies.utils.validators.abaroutevalidator.Test_AbaRouteValidator_06" time="0"/>
  <testcase name="testAbaNumberCheck_10736_bad" classname="com.cardatechnologies.utils.validators.abaroutevalidator.Test_AbaRouteValidator_06" time="0"/>
  <testcase name="testAbaNumberCheck_10286_bad" classname="com.cardatechnologies.utils.validators.abaroutevalidator.Test_AbaRouteValidator_06" time="0.001"/>
  <testcase name="testAbaNumberCheck_10738_bad" classname="com.cardatechnologies.utils.validators.abaroutevalidator.Test_AbaRouteValidator_06" time="0"/>
  <testcase name="testAbaNumberCheck_10288_bad" classname="com.cardatechnologies.utils.validators.abaroutevalidator.Test_AbaRouteValidator_06" time="0"/>
  <testcase name="testAbaNumberCheck_11979_good" classname="com.cardatechnologies.utils.validators.abaroutevalidator.Test_AbaRouteValidator_06" time="0"/>
  <testcase name="testAbaNumberCheck_10877_good" classname="com.cardatechnologies.utils.validators.abaroutevalidator.Test_AbaRouteValidator_06" time="0"/>
  <testcase name="testAbaNumberCheck_12360_bad" classname="com.cardatechnologies.utils.validators.abaroutevalidator.Test_AbaRouteValidator_06" time="0"/>
  <testcase name="testAbaNumberCheck_12362_bad" classname="com.cardatechnologies.utils.validators.abaroutevalidator.Test_AbaRouteValidator_06" time="0"/>
  <testcase name="testAbaNumberCheck_11550_bad" classname="com.cardatechnologies.utils.validators.abaroutevalidator.Test_AbaRouteValidator_06" time="0"/>
  <testcase name="testAbaNumberCheck_12364_bad" classname="com.cardatechnologies.utils.validators.abaroutevalidator.Test_AbaRouteValidator_06" time="0"/>
  <testcase name="testAbaNumberCheck_11552_bad" classname="com.cardatechnologies.utils.validators.abaroutevalidator.Test_AbaRouteValidator_06" time="0"/>
  <testcase name="testAbaNumberCheck_12366_bad" classname="com.cardatechnologies.utils.validators.abaroutevalidator.Test_AbaRouteValidator_06" time="0"/>
  <testcase name="testAbaNumberCheck_10740_bad" classname="com.cardatechnologies.utils.validators.abaroutevalidator.Test_AbaRouteValidator_06" time="0"/>
  <testcase name="testAbaNumberCheck_11554_bad" classname="com.cardatechnologies.utils.validators.abaroutevalidator.Test_AbaRouteValidator_06" time="0"/>
  <testcase name="testAbaNumberCheck_12368_bad" classname="com.cardatechnologies.utils.validators.abaroutevalidator.Test_AbaRouteValidator_06" time="0"/>
  <testcase name="testAbaNumberCheck_10290_bad" classname="com.cardatechnologies.utils.validators.abaroutevalidator.Test_AbaRouteValidator_06" time="0"/>
  <testcase name="testAbaNumberCheck_10589_good" classname="com.cardatechnologies.utils.validators.abaroutevalidator.Test_AbaRouteValidator_06" time="0"/>
  <testcase name="testAbaNumberCheck_10742_bad" classname="com.cardatechnologies.utils.validators.abaroutevalidator.Test_AbaRouteValidator_06" time="0"/>
  <testcase name="testAbaNumberCheck_11556_bad" classname="com.cardatechnologies.utils.validators.abaroutevalidator.Test_AbaRouteValidator_06" time="0"/>
  <testcase name="testAbaNumberCheck_10292_bad" classname="com.cardatechnologies.utils.validators.abaroutevalidator.Test_AbaRouteValidator_06" time="0"/>
  <testcase name="testAbaNumberCheck_10744_bad" classname="com.cardatechnologies.utils.validators.abaroutevalidator.Test_AbaRouteValidator_06" time="0"/>
  <testcase name="testAbaNumberCheck_11558_bad" classname="com.cardatechnologies.utils.validators.abaroutevalidator.Test_AbaRouteValidator_06" time="0"/>
  <testcase name="testAbaNumberCheck_10294_bad" classname="com.cardatechnologies.utils.validators.abaroutevalidator.Test_AbaRouteValidator_06" time="0"/>
  <testcase name="testAbaNumberCheck_10746_bad" classname="com.cardatechnologies.utils.validators.abaroutevalidator.Test_AbaRouteValidator_06" time="0"/>
  <testcase name="testAbaNumberCheck_10296_bad" classname="com.cardatechnologies.utils.validators.abaroutevalidator.Test_AbaRouteValidator_06" time="0"/>
  <testcase name="testAbaNumberCheck_10748_bad" classname="com.cardatechnologies.utils.validators.abaroutevalidator.Test_AbaRouteValidator_06" time="0.001"/>
  <testcase name="testAbaNumberCheck_10298_bad" classname="com.cardatechnologies.utils.validators.abaroutevalidator.Test_AbaRouteValidator_06" time="0"/>
  <testcase name="testAbaNumberCheck_11899_good" classname="com.cardatechnologies.utils.validators.abaroutevalidator.Test_AbaRouteValidator_06" time="0"/>
  <testcase name="testAbaNumberCheck_10959_good" classname="com.cardatechnologies.utils.validators.abaroutevalidator.Test_AbaRouteValidator_06" time="0"/>
  <testcase name="testAbaNumberCheck_12370_bad" classname="com.cardatechnologies.utils.validators.abaroutevalidator.Test_AbaRouteValidator_06" time="0"/>
  <testcase name="testAbaNumberCheck_10797_good" classname="com.cardatechnologies.utils.validators.abaroutevalidator.Test_AbaRouteValidator_06" time="0"/>
  <testcase name="testAbaNumberCheck_12372_bad" classname="com.cardatechnologies.utils.validators.abaroutevalidator.Test_AbaRouteValidator_06" time="0"/>
  <testcase name="testAbaNumberCheck_11560_bad" classname="com.cardatechnologies.utils.validators.abaroutevalidator.Test_AbaRouteValidator_06" time="0"/>
  <testcase name="testAbaNumberCheck_12374_bad" classname="com.cardatechnologies.utils.validators.abaroutevalidator.Test_AbaRouteValidator_06" time="0"/>
  <testcase name="testAbaNumberCheck_11562_bad" classname="com.cardatechnologies.utils.validators.abaroutevalidator.Test_AbaRouteValidator_06" time="0"/>
  <testcase name="testAbaNumberCheck_12376_bad" classname="com.cardatechnologies.utils.validators.abaroutevalidator.Test_AbaRouteValidator_06" time="0"/>
  <testcase name="testAbaNumberCheck_10750_bad" classname="com.cardatechnologies.utils.validators.abaroutevalidator.Test_AbaRouteValidator_06" time="0"/>
  <testcase name="testAbaNumberCheck_11564_bad" classname="com.cardatechnologies.utils.validators.abaroutevalidator.Test_AbaRouteValidator_06" time="0"/>
  <testcase name="testAbaNumberCheck_12378_bad" classname="com.cardatechnologies.utils.validators.abaroutevalidator.Test_AbaRouteValidator_06" time="0"/>
  <testcase name="testAbaNumberCheck_10752_bad" classname="com.cardatechnologies.utils.validators.abaroutevalidator.Test_AbaRouteValidator_06" time="0"/>
  <testcase name="testAbaNumberCheck_11566_bad" classname="com.cardatechnologies.utils.validators.abaroutevalidator.Test_AbaRouteValidator_06" time="0"/>
  <testcase name="testAbaNumberCheck_10754_bad" classname="com.cardatechnologies.utils.validators.abaroutevalidator.Test_AbaRouteValidator_06" time="0"/>
  <testcase name="testAbaNumberCheck_11568_bad" classname="com.cardatechnologies.utils.validators.abaroutevalidator.Test_AbaRouteValidator_06" time="0"/>
  <testcase name="testAbaNumberCheck_10756_bad" classname="com.cardatechnologies.utils.validators.abaroutevalidator.Test_AbaRouteValidator_06" time="0"/>
  <testcase name="testAbaNumberCheck_10758_bad" classname="com.cardatechnologies.utils.validators.abaroutevalidator.Test_AbaRouteValidator_06" time="0"/>
  <testcase name="testAbaNumberCheck_10879_good" classname="com.cardatechnologies.utils.validators.abaroutevalidator.Test_AbaRouteValidator_06" time="0"/>
  <testcase name="testAbaNumberCheck_12380_bad" classname="com.cardatechnologies.utils.validators.abaroutevalidator.Test_AbaRouteValidator_06" time="0"/>
  <testcase name="testAbaNumberCheck_12382_bad" classname="com.cardatechnologies.utils.validators.abaroutevalidator.Test_AbaRouteValidator_06" time="0"/>
  <testcase name="testAbaNumberCheck_11570_bad" classname="com.cardatechnologies.utils.validators.abaroutevalidator.Test_AbaRouteValidator_06" time="0.001"/>
  <testcase name="testAbaNumberCheck_12384_bad" classname="com.cardatechnologies.utils.validators.abaroutevalidator.Test_AbaRouteValidator_06" time="0"/>
  <testcase name="testAbaNumberCheck_11572_bad" classname="com.cardatechnologies.utils.validators.abaroutevalidator.Test_AbaRouteValidator_06" time="0"/>
  <testcase name="testAbaNumberCheck_12386_bad" classname="com.cardatechnologies.utils.validators.abaroutevalidator.Test_AbaRouteValidator_06" time="0"/>
  <testcase name="testAbaNumberCheck_10760_bad" classname="com.cardatechnologies.utils.validators.abaroutevalidator.Test_AbaRouteValidator_06" time="0"/>
  <testcase name="testAbaNumberCheck_11574_bad" classname="com.cardatechnologies.utils.validators.abaroutevalidator.Test_AbaRouteValidator_06" time="0"/>
  <testcase name="testAbaNumberCheck_12388_bad" classname="com.cardatechnologies.utils.validators.abaroutevalidator.Test_AbaRouteValidator_06" time="0"/>
  <testcase name="testAbaNumberCheck_10762_bad" classname="com.cardatechnologies.utils.validators.abaroutevalidator.Test_AbaRouteValidator_06" time="0"/>
  <testcase name="testAbaNumberCheck_11576_bad" classname="com.cardatechnologies.utils.validators.abaroutevalidator.Test_AbaRouteValidator_06" time="0"/>
  <testcase name="testAbaNumberCheck_10764_bad" classname="com.cardatechnologies.utils.validators.abaroutevalidator.Test_AbaRouteValidator_06" time="0"/>
  <testcase name="testAbaNumberCheck_11578_bad" classname="com.cardatechnologies.utils.validators.abaroutevalidator.Test_AbaRouteValidator_06" time="0"/>
  <testcase name="testAbaNumberCheck_10766_bad" classname="com.cardatechnologies.utils.validators.abaroutevalidator.Test_AbaRouteValidator_06" time="0"/>
  <testcase name="testAbaNumberCheck_10768_bad" classname="com.cardatechnologies.utils.validators.abaroutevalidator.Test_AbaRouteValidator_06" time="0"/>
  <testcase name="testAbaNumberCheck_12390_bad" classname="com.cardatechnologies.utils.validators.abaroutevalidator.Test_AbaRouteValidator_06" time="0"/>
  <testcase name="testAbaNumberCheck_10799_good" classname="com.cardatechnologies.utils.validators.abaroutevalidator.Test_AbaRouteValidator_06" time="0"/>
  <testcase name="testAbaNumberCheck_12392_bad" classname="com.cardatechnologies.utils.validators.abaroutevalidator.Test_AbaRouteValidator_06" time="0"/>
  <testcase name="testAbaNumberCheck_11580_bad" classname="com.cardatechnologies.utils.validators.abaroutevalidator.Test_AbaRouteValidator_06" time="0"/>
  <testcase name="testAbaNumberCheck_12394_bad" classname="com.cardatechnologies.utils.validators.abaroutevalidator.Test_AbaRouteValidator_06" time="0"/>
  <testcase name="testAbaNumberCheck_11582_bad" classname="com.cardatechnologies.utils.validators.abaroutevalidator.Test_AbaRouteValidator_06" time="0"/>
  <testcase name="testAbaNumberCheck_12396_bad" classname="com.cardatechnologies.utils.validators.abaroutevalidator.Test_AbaRouteValidator_06" time="0"/>
  <testcase name="testAbaNumberCheck_10770_bad" classname="com.cardatechnologies.utils.validators.abaroutevalidator.Test_AbaRouteValidator_06" time="0"/>
  <testcase name="testAbaNumberCheck_11584_bad" classname="com.cardatechnologies.utils.validators.abaroutevalidator.Test_AbaRouteValidator_06" time="0"/>
  <testcase name="testAbaNumberCheck_12398_bad" classname="com.cardatechnologies.utils.validators.abaroutevalidator.Test_AbaRouteValidator_06" time="0"/>
  <testcase name="testAbaNumberCheck_10772_bad" classname="com.cardatechnologies.utils.validators.abaroutevalidator.Test_AbaRouteValidator_06" time="0.001"/>
  <testcase name="testAbaNumberCheck_11586_bad" classname="com.cardatechnologies.utils.validators.abaroutevalidator.Test_AbaRouteValidator_06" time="0"/>
  <testcase name="testAbaNumberCheck_10774_bad" classname="com.cardatechnologies.utils.validators.abaroutevalidator.Test_AbaRouteValidator_06" time="0"/>
  <testcase name="testAbaNumberCheck_11588_bad" classname="com.cardatechnologies.utils.validators.abaroutevalidator.Test_AbaRouteValidator_06" time="0"/>
  <testcase name="testAbaNumberCheck_10776_bad" classname="com.cardatechnologies.utils.validators.abaroutevalidator.Test_AbaRouteValidator_06" time="0"/>
  <testcase name="testAbaNumberCheck_10778_bad" classname="com.cardatechnologies.utils.validators.abaroutevalidator.Test_AbaRouteValidator_06" time="0"/>
  <testcase name="testAbaNumberCheck_11590_bad" classname="com.cardatechnologies.utils.validators.abaroutevalidator.Test_AbaRouteValidator_06" time="0"/>
  <testcase name="testAbaNumberCheck_11592_bad" classname="com.cardatechnologies.utils.validators.abaroutevalidator.Test_AbaRouteValidator_06" time="0"/>
  <testcase name="testAbaNumberCheck_10780_bad" classname="com.cardatechnologies.utils.validators.abaroutevalidator.Test_AbaRouteValidator_06" time="0"/>
  <testcase name="testAbaNumberCheck_11594_bad" classname="com.cardatechnologies.utils.validators.abaroutevalidator.Test_AbaRouteValidator_06" time="0"/>
  <testcase name="testAbaNumberCheck_10782_bad" classname="com.cardatechnologies.utils.validators.abaroutevalidator.Test_AbaRouteValidator_06" time="0"/>
  <testcase name="testAbaNumberCheck_11596_bad" classname="com.cardatechnologies.utils.validators.abaroutevalidator.Test_AbaRouteValidator_06" time="0"/>
  <testcase name="testAbaNumberCheck_10784_bad" classname="com.cardatechnologies.utils.validators.abaroutevalidator.Test_AbaRouteValidator_06" time="0"/>
  <testcase name="testAbaNumberCheck_11598_bad" classname="com.cardatechnologies.utils.validators.abaroutevalidator.Test_AbaRouteValidator_06" time="0"/>
  <testcase name="testAbaNumberCheck_10786_bad" classname="com.cardatechnologies.utils.validators.abaroutevalidator.Test_AbaRouteValidator_06" time="0"/>
  <testcase name="testAbaNumberCheck_10788_bad" classname="com.cardatechnologies.utils.validators.abaroutevalidator.Test_AbaRouteValidator_06" time="0"/>
  <testcase name="testAbaNumberCheck_10790_bad" classname="com.cardatechnologies.utils.validators.abaroutevalidator.Test_AbaRouteValidator_06" time="0"/>
  <testcase name="testAbaNumberCheck_10792_bad" classname="com.cardatechnologies.utils.validators.abaroutevalidator.Test_AbaRouteValidator_06" time="0"/>
  <testcase name="testAbaNumberCheck_10794_bad" classname="com.cardatechnologies.utils.validators.abaroutevalidator.Test_AbaRouteValidator_06" time="0"/>
  <testcase name="testAbaNumberCheck_10796_bad" classname="com.cardatechnologies.utils.validators.abaroutevalidator.Test_AbaRouteValidator_06" time="0"/>
  <testcase name="testAbaNumberCheck_10798_bad" classname="com.cardatechnologies.utils.validators.abaroutevalidator.Test_AbaRouteValidator_06" time="0"/>
  <testcase name="testAbaNumberCheck_12111_good" classname="com.cardatechnologies.utils.validators.abaroutevalidator.Test_AbaRouteValidator_06" time="0"/>
  <testcase name="testAbaNumberCheck_12031_good" classname="com.cardatechnologies.utils.validators.abaroutevalidator.Test_AbaRouteValidator_06" time="0.001"/>
  <testcase name="testAbaNumberCheck_12401_good" classname="com.cardatechnologies.utils.validators.abaroutevalidator.Test_AbaRouteValidator_06" time="0"/>
  <testcase name="testAbaNumberCheck_12113_good" classname="com.cardatechnologies.utils.validators.abaroutevalidator.Test_AbaRouteValidator_06" time="0"/>
  <testcase name="testAbaNumberCheck_11011_good" classname="com.cardatechnologies.utils.validators.abaroutevalidator.Test_AbaRouteValidator_06" time="0"/>
  <testcase name="testAbaNumberCheck_12321_good" classname="com.cardatechnologies.utils.validators.abaroutevalidator.Test_AbaRouteValidator_06" time="0"/>
  <testcase name="testAbaNumberCheck_12033_good" classname="com.cardatechnologies.utils.validators.abaroutevalidator.Test_AbaRouteValidator_06" time="0"/>
  <testcase name="testAbaNumberCheck_12403_good" classname="com.cardatechnologies.utils.validators.abaroutevalidator.Test_AbaRouteValidator_06" time="0"/>
  <testcase name="testAbaNumberCheck_12241_good" classname="com.cardatechnologies.utils.validators.abaroutevalidator.Test_AbaRouteValidator_06" time="0"/>
  <testcase name="testAbaNumberCheck_11301_good" classname="com.cardatechnologies.utils.validators.abaroutevalidator.Test_AbaRouteValidator_06" time="0"/>
  <testcase name="testAbaNumberCheck_12115_good" classname="com.cardatechnologies.utils.validators.abaroutevalidator.Test_AbaRouteValidator_06" time="0"/>
  <testcase name="testAbaNumberCheck_11013_good" classname="com.cardatechnologies.utils.validators.abaroutevalidator.Test_AbaRouteValidator_06" time="0"/>
  <testcase name="testAbaNumberCheck_12323_good" classname="com.cardatechnologies.utils.validators.abaroutevalidator.Test_AbaRouteValidator_06" time="0"/>
  <testcase name="testAbaNumberCheck_12161_good" classname="com.cardatechnologies.utils.validators.abaroutevalidator.Test_AbaRouteValidator_06" time="0"/>
  <testcase name="testAbaNumberCheck_11221_good" classname="com.cardatechnologies.utils.validators.abaroutevalidator.Test_AbaRouteValidator_06" time="0"/>
</testsuite>