<?xml version="1.0" encoding="UTF-8"?>
<testsuite name="com.cardatechnologies.utils.validators.abaroutevalidator.Test_AbaRouteValidator_17a" time="0.085" tests="2415" errors="0" skipped="0" failures="0">
  <properties>
    <property name="java.runtime.name" value="Java(TM) SE Runtime Environment"/>
    <property name="sun.boot.library.path" value="D:\tools\java\jdk\jdk1.8.0_20\jre\bin"/>
    <property name="java.vm.version" value="25.20-b23"/>
    <property name="java.vm.vendor" value="Oracle Corporation"/>
    <property name="java.vendor.url" value="http://java.oracle.com/"/>
    <property name="path.separator" value=";"/>
    <property name="guice.disable.misplaced.annotation.check" value="true"/>
    <property name="java.vm.name" value="Java HotSpot(TM) 64-Bit Server VM"/>
    <property name="file.encoding.pkg" value="sun.io"/>
    <property name="user.script" value=""/>
    <property name="user.country" value="US"/>
    <property name="sun.java.launcher" value="SUN_STANDARD"/>
    <property name="sun.os.patch.level" value=""/>
    <property name="java.vm.specification.name" value="Java Virtual Machine Specification"/>
    <property name="user.dir" value="D:\projects\CardaTech\aba.route.validator"/>
    <property name="java.runtime.version" value="1.8.0_20-b26"/>
    <property name="java.awt.graphicsenv" value="sun.awt.Win32GraphicsEnvironment"/>
    <property name="java.endorsed.dirs" value="D:\tools\java\jdk\jdk1.8.0_20\jre\lib\endorsed"/>
    <property name="os.arch" value="amd64"/>
    <property name="java.io.tmpdir" value="C:\Users\Joker\AppData\Local\Temp\"/>
    <property name="line.separator" value="&#10;"/>
    <property name="java.vm.specification.vendor" value="Oracle Corporation"/>
    <property name="user.variant" value=""/>
    <property name="os.name" value="Windows 8.1"/>
    <property name="classworlds.conf" value="D:\tools\java\apache\apache-maven-3.2.3\bin\..\bin\m2.conf"/>
    <property name="maven.test.skip" value="false"/>
    <property name="sun.jnu.encoding" value="Cp1252"/>
    <property name="java.library.path" value="D:\tools\java\jdk\jdk1.8.0_20\bin;C:\Windows\Sun\Java\bin;C:\Windows\system32;C:\Windows;C:\Program Files (x86)\NVIDIA Corporation\PhysX\Common;C:\ProgramData\Oracle\Java\javapath;C:\Windows\system32;C:\Windows;C:\Windows\System32\Wbem;C:\Windows\System32\WindowsPowerShell\v1.0\;C:\Program Files (x86)\ATI Technologies\ATI.ACE\Core-Static;D:\Applications\CondusivTechnologies\Diskeeper\;C:\Program Files (x86)\Common Files\Acronis\SnapAPI\;C:\Program Files\Common Files\Autodesk Shared\;C:\Program Files (x86)\Autodesk\Backburner\;D:\Applications\DAZ3D\LuxRender;C:\Program Files (x86)\QuickTime\QTSystem\;D:\tools\nodejs\;C:\Program Files (x86)\AMD\ATI.ACE\Core-Static;C:\Program Files (x86)\NVIDIA Corporation\PhysX\Common;C:\ProgramData\Oracle\Java\javapath;C:\Windows\system32;C:\Windows;C:\Windows\System32\Wbem;C:\Windows\System32\WindowsPowerShell\v1.0\;C:\Program Files (x86)\ATI Technologies\ATI.ACE\Core-Static;D:\Applications\CondusivTechnologies\Diskeeper\;C:\Program Files (x86)\Common Files\Acronis\SnapAPI\;C:\Program Files\Common Files\Autodesk Shared\;C:\Program Files (x86)\Autodesk\Backburner\;D:\Applications\DAZ3D\LuxRender;C:\Program Files (x86)\QuickTime\QTSystem\;D:\tools\nodejs\;C:\Program Files (x86)\AMD\ATI.ACE\Core-Static;D:\projects\MongoDB\MongoDB_2.6.6\bin;D:\tools\java\apache\apache-maven-3.2.3\bin;D:\tools\java\jdk\jdk1.8.0_20\bin;C:\Users\Joker\AppData\Roaming\npm;D:\tools\nodejs;D:\Applications\SublimeText2\;C:\Program Files (x86)\Common Files\Acronis\TibMounter64;."/>
    <property name="java.specification.name" value="Java Platform API Specification"/>
    <property name="java.class.version" value="52.0"/>
    <property name="sun.management.compiler" value="HotSpot 64-Bit Tiered Compilers"/>
    <property name="os.version" value="6.3"/>
    <property name="user.home" value="C:\Users\Joker"/>
    <property name="user.timezone" value="America/Denver"/>
    <property name="java.awt.printerjob" value="sun.awt.windows.WPrinterJob"/>
    <property name="java.specification.version" value="1.8"/>
    <property name="file.encoding" value="Cp1252"/>
    <property name="user.name" value="Joker"/>
    <property name="java.class.path" value="D:\tools\java\apache\apache-maven-3.2.3\bin\..\boot\plexus-classworlds-2.5.1.jar"/>
    <property name="org.slf4j.simpleLogger.defaultLogLevel" value="debug"/>
    <property name="java.vm.specification.version" value="1.8"/>
    <property name="sun.arch.data.model" value="64"/>
    <property name="java.home" value="D:\tools\java\jdk\jdk1.8.0_20\jre"/>
    <property name="sun.java.command" value="org.codehaus.plexus.classworlds.launcher.Launcher -Dmaven.test.skip=false package test site -X"/>
    <property name="java.specification.vendor" value="Oracle Corporation"/>
    <property name="user.language" value="en"/>
    <property name="awt.toolkit" value="sun.awt.windows.WToolkit"/>
    <property name="java.vm.info" value="mixed mode"/>
    <property name="java.version" value="1.8.0_20"/>
    <property name="java.ext.dirs" value="D:\tools\java\jdk\jdk1.8.0_20\jre\lib\ext;C:\Windows\Sun\Java\lib\ext"/>
    <property name="sun.boot.class.path" value="D:\tools\java\jdk\jdk1.8.0_20\jre\lib\resources.jar;D:\tools\java\jdk\jdk1.8.0_20\jre\lib\rt.jar;D:\tools\java\jdk\jdk1.8.0_20\jre\lib\sunrsasign.jar;D:\tools\java\jdk\jdk1.8.0_20\jre\lib\jsse.jar;D:\tools\java\jdk\jdk1.8.0_20\jre\lib\jce.jar;D:\tools\java\jdk\jdk1.8.0_20\jre\lib\charsets.jar;D:\tools\java\jdk\jdk1.8.0_20\jre\lib\jfr.jar;D:\tools\java\jdk\jdk1.8.0_20\jre\classes"/>
    <property name="sun.stderr.encoding" value="cp437"/>
    <property name="java.vendor" value="Oracle Corporation"/>
    <property name="maven.home" value="D:\tools\java\apache\apache-maven-3.2.3\bin\.."/>
    <property name="file.separator" value="\"/>
    <property name="java.vendor.url.bug" value="http://bugreport.sun.com/bugreport/"/>
    <property name="sun.cpu.endian" value="little"/>
    <property name="sun.io.unicode.encoding" value="UnicodeLittle"/>
    <property name="sun.stdout.encoding" value="cp437"/>
    <property name="sun.desktop" value="windows"/>
    <property name="sun.cpu.isalist" value="amd64"/>
  </properties>
  <testcase name="testAbaNumberCheck_37413_good" classname="com.cardatechnologies.utils.validators.abaroutevalidator.Test_AbaRouteValidator_17a" time="0"/>
  <testcase name="testAbaNumberCheck_37251_good" classname="com.cardatechnologies.utils.validators.abaroutevalidator.Test_AbaRouteValidator_17a" time="0"/>
  <testcase name="testAbaNumberCheck_36311_good" classname="com.cardatechnologies.utils.validators.abaroutevalidator.Test_AbaRouteValidator_17a" time="0"/>
  <testcase name="testAbaNumberCheck_37125_good" classname="com.cardatechnologies.utils.validators.abaroutevalidator.Test_AbaRouteValidator_17a" time="0"/>
  <testcase name="testAbaNumberCheck_36023_good" classname="com.cardatechnologies.utils.validators.abaroutevalidator.Test_AbaRouteValidator_17a" time="0"/>
  <testcase name="testAbaNumberCheck_37333_good" classname="com.cardatechnologies.utils.validators.abaroutevalidator.Test_AbaRouteValidator_17a" time="0"/>
  <testcase name="testAbaNumberCheck_37207_good" classname="com.cardatechnologies.utils.validators.abaroutevalidator.Test_AbaRouteValidator_17a" time="0"/>
  <testcase name="testAbaNumberCheck_37171_good" classname="com.cardatechnologies.utils.validators.abaroutevalidator.Test_AbaRouteValidator_17a" time="0"/>
  <testcase name="testAbaNumberCheck_36231_good" classname="com.cardatechnologies.utils.validators.abaroutevalidator.Test_AbaRouteValidator_17a" time="0"/>
  <testcase name="testAbaNumberCheck_37045_good" classname="com.cardatechnologies.utils.validators.abaroutevalidator.Test_AbaRouteValidator_17a" time="0"/>
  <testcase name="testAbaNumberCheck_36105_good" classname="com.cardatechnologies.utils.validators.abaroutevalidator.Test_AbaRouteValidator_17a" time="0"/>
  <testcase name="testAbaNumberCheck_36601_good" classname="com.cardatechnologies.utils.validators.abaroutevalidator.Test_AbaRouteValidator_17a" time="0"/>
  <testcase name="testAbaNumberCheck_37415_good" classname="com.cardatechnologies.utils.validators.abaroutevalidator.Test_AbaRouteValidator_17a" time="0"/>
  <testcase name="testAbaNumberCheck_37253_good" classname="com.cardatechnologies.utils.validators.abaroutevalidator.Test_AbaRouteValidator_17a" time="0"/>
  <testcase name="testAbaNumberCheck_36313_good" classname="com.cardatechnologies.utils.validators.abaroutevalidator.Test_AbaRouteValidator_17a" time="0"/>
  <testcase name="testAbaNumberCheck_37127_good" classname="com.cardatechnologies.utils.validators.abaroutevalidator.Test_AbaRouteValidator_17a" time="0"/>
  <testcase name="testAbaNumberCheck_37091_good" classname="com.cardatechnologies.utils.validators.abaroutevalidator.Test_AbaRouteValidator_17a" time="0"/>
  <testcase name="testAbaNumberCheck_36151_good" classname="com.cardatechnologies.utils.validators.abaroutevalidator.Test_AbaRouteValidator_17a" time="0"/>
  <testcase name="testAbaNumberCheck_35211_good" classname="com.cardatechnologies.utils.validators.abaroutevalidator.Test_AbaRouteValidator_17a" time="0"/>
  <testcase name="testAbaNumberCheck_36025_good" classname="com.cardatechnologies.utils.validators.abaroutevalidator.Test_AbaRouteValidator_17a" time="0"/>
  <testcase name="testAbaNumberCheck_37461_good" classname="com.cardatechnologies.utils.validators.abaroutevalidator.Test_AbaRouteValidator_17a" time="0"/>
  <testcase name="testAbaNumberCheck_36521_good" classname="com.cardatechnologies.utils.validators.abaroutevalidator.Test_AbaRouteValidator_17a" time="0"/>
  <testcase name="testAbaNumberCheck_37335_good" classname="com.cardatechnologies.utils.validators.abaroutevalidator.Test_AbaRouteValidator_17a" time="0"/>
  <testcase name="testAbaNumberCheck_37209_good" classname="com.cardatechnologies.utils.validators.abaroutevalidator.Test_AbaRouteValidator_17a" time="0"/>
  <testcase name="testAbaNumberCheck_37173_good" classname="com.cardatechnologies.utils.validators.abaroutevalidator.Test_AbaRouteValidator_17a" time="0"/>
  <testcase name="testAbaNumberCheck_36233_good" classname="com.cardatechnologies.utils.validators.abaroutevalidator.Test_AbaRouteValidator_17a" time="0"/>
  <testcase name="testAbaNumberCheck_37047_good" classname="com.cardatechnologies.utils.validators.abaroutevalidator.Test_AbaRouteValidator_17a" time="0"/>
  <testcase name="testAbaNumberCheck_36107_good" classname="com.cardatechnologies.utils.validators.abaroutevalidator.Test_AbaRouteValidator_17a" time="0"/>
  <testcase name="testAbaNumberCheck_36071_good" classname="com.cardatechnologies.utils.validators.abaroutevalidator.Test_AbaRouteValidator_17a" time="0"/>
  <testcase name="testAbaNumberCheck_35131_good" classname="com.cardatechnologies.utils.validators.abaroutevalidator.Test_AbaRouteValidator_17a" time="0"/>
  <testcase name="testAbaNumberCheck_36603_good" classname="com.cardatechnologies.utils.validators.abaroutevalidator.Test_AbaRouteValidator_17a" time="0"/>
  <testcase name="testAbaNumberCheck_37417_good" classname="com.cardatechnologies.utils.validators.abaroutevalidator.Test_AbaRouteValidator_17a" time="0"/>
  <testcase name="testAbaNumberCheck_37381_good" classname="com.cardatechnologies.utils.validators.abaroutevalidator.Test_AbaRouteValidator_17a" time="0"/>
  <testcase name="testAbaNumberCheck_36441_good" classname="com.cardatechnologies.utils.validators.abaroutevalidator.Test_AbaRouteValidator_17a" time="0"/>
  <testcase name="testAbaNumberCheck_35501_good" classname="com.cardatechnologies.utils.validators.abaroutevalidator.Test_AbaRouteValidator_17a" time="0"/>
  <testcase name="testAbaNumberCheck_37255_good" classname="com.cardatechnologies.utils.validators.abaroutevalidator.Test_AbaRouteValidator_17a" time="0"/>
  <testcase name="testAbaNumberCheck_36315_good" classname="com.cardatechnologies.utils.validators.abaroutevalidator.Test_AbaRouteValidator_17a" time="0"/>
  <testcase name="testAbaNumberCheck_37129_good" classname="com.cardatechnologies.utils.validators.abaroutevalidator.Test_AbaRouteValidator_17a" time="0"/>
  <testcase name="testAbaNumberCheck_37093_good" classname="com.cardatechnologies.utils.validators.abaroutevalidator.Test_AbaRouteValidator_17a" time="0"/>
  <testcase name="testAbaNumberCheck_36153_good" classname="com.cardatechnologies.utils.validators.abaroutevalidator.Test_AbaRouteValidator_17a" time="0"/>
  <testcase name="testAbaNumberCheck_35213_good" classname="com.cardatechnologies.utils.validators.abaroutevalidator.Test_AbaRouteValidator_17a" time="0"/>
  <testcase name="testAbaNumberCheck_36811_good" classname="com.cardatechnologies.utils.validators.abaroutevalidator.Test_AbaRouteValidator_17a" time="0"/>
  <testcase name="testAbaNumberCheck_36027_good" classname="com.cardatechnologies.utils.validators.abaroutevalidator.Test_AbaRouteValidator_17a" time="0"/>
  <testcase name="testAbaNumberCheck_37463_good" classname="com.cardatechnologies.utils.validators.abaroutevalidator.Test_AbaRouteValidator_17a" time="0"/>
  <testcase name="testAbaNumberCheck_36523_good" classname="com.cardatechnologies.utils.validators.abaroutevalidator.Test_AbaRouteValidator_17a" time="0"/>
  <testcase name="testAbaNumberCheck_37337_good" classname="com.cardatechnologies.utils.validators.abaroutevalidator.Test_AbaRouteValidator_17a" time="0"/>
  <testcase name="testAbaNumberCheck_36361_good" classname="com.cardatechnologies.utils.validators.abaroutevalidator.Test_AbaRouteValidator_17a" time="0"/>
  <testcase name="testAbaNumberCheck_35421_good" classname="com.cardatechnologies.utils.validators.abaroutevalidator.Test_AbaRouteValidator_17a" time="0"/>
  <testcase name="testAbaNumberCheck_37175_good" classname="com.cardatechnologies.utils.validators.abaroutevalidator.Test_AbaRouteValidator_17a" time="0"/>
  <testcase name="testAbaNumberCheck_36235_good" classname="com.cardatechnologies.utils.validators.abaroutevalidator.Test_AbaRouteValidator_17a" time="0"/>
  <testcase name="testAbaNumberCheck_37049_good" classname="com.cardatechnologies.utils.validators.abaroutevalidator.Test_AbaRouteValidator_17a" time="0"/>
  <testcase name="testAbaNumberCheck_36109_good" classname="com.cardatechnologies.utils.validators.abaroutevalidator.Test_AbaRouteValidator_17a" time="0"/>
  <testcase name="testAbaNumberCheck_36073_good" classname="com.cardatechnologies.utils.validators.abaroutevalidator.Test_AbaRouteValidator_17a" time="0"/>
  <testcase name="testAbaNumberCheck_35133_good" classname="com.cardatechnologies.utils.validators.abaroutevalidator.Test_AbaRouteValidator_17a" time="0"/>
  <testcase name="testAbaNumberCheck_36731_good" classname="com.cardatechnologies.utils.validators.abaroutevalidator.Test_AbaRouteValidator_17a" time="0"/>
  <testcase name="testAbaNumberCheck_36605_good" classname="com.cardatechnologies.utils.validators.abaroutevalidator.Test_AbaRouteValidator_17a" time="0"/>
  <testcase name="testAbaNumberCheck_37419_good" classname="com.cardatechnologies.utils.validators.abaroutevalidator.Test_AbaRouteValidator_17a" time="0"/>
  <testcase name="testAbaNumberCheck_37383_good" classname="com.cardatechnologies.utils.validators.abaroutevalidator.Test_AbaRouteValidator_17a" time="0"/>
  <testcase name="testAbaNumberCheck_36443_good" classname="com.cardatechnologies.utils.validators.abaroutevalidator.Test_AbaRouteValidator_17a" time="0"/>
  <testcase name="testAbaNumberCheck_35503_good" classname="com.cardatechnologies.utils.validators.abaroutevalidator.Test_AbaRouteValidator_17a" time="0"/>
  <testcase name="testAbaNumberCheck_37257_good" classname="com.cardatechnologies.utils.validators.abaroutevalidator.Test_AbaRouteValidator_17a" time="0"/>
  <testcase name="testAbaNumberCheck_36317_good" classname="com.cardatechnologies.utils.validators.abaroutevalidator.Test_AbaRouteValidator_17a" time="0"/>
  <testcase name="testAbaNumberCheck_36281_good" classname="com.cardatechnologies.utils.validators.abaroutevalidator.Test_AbaRouteValidator_17a" time="0"/>
  <testcase name="testAbaNumberCheck_35341_good" classname="com.cardatechnologies.utils.validators.abaroutevalidator.Test_AbaRouteValidator_17a" time="0"/>
  <testcase name="testAbaNumberCheck_37095_good" classname="com.cardatechnologies.utils.validators.abaroutevalidator.Test_AbaRouteValidator_17a" time="0"/>
  <testcase name="testAbaNumberCheck_36155_good" classname="com.cardatechnologies.utils.validators.abaroutevalidator.Test_AbaRouteValidator_17a" time="0"/>
  <testcase name="testAbaNumberCheck_35215_good" classname="com.cardatechnologies.utils.validators.abaroutevalidator.Test_AbaRouteValidator_17a" time="0"/>
  <testcase name="testAbaNumberCheck_36813_good" classname="com.cardatechnologies.utils.validators.abaroutevalidator.Test_AbaRouteValidator_17a" time="0"/>
  <testcase name="testAbaNumberCheck_36029_good" classname="com.cardatechnologies.utils.validators.abaroutevalidator.Test_AbaRouteValidator_17a" time="0"/>
  <testcase name="testAbaNumberCheck_36651_good" classname="com.cardatechnologies.utils.validators.abaroutevalidator.Test_AbaRouteValidator_17a" time="0"/>
  <testcase name="testAbaNumberCheck_35711_good" classname="com.cardatechnologies.utils.validators.abaroutevalidator.Test_AbaRouteValidator_17a" time="0"/>
  <testcase name="testAbaNumberCheck_37465_good" classname="com.cardatechnologies.utils.validators.abaroutevalidator.Test_AbaRouteValidator_17a" time="0"/>
  <testcase name="testAbaNumberCheck_36525_good" classname="com.cardatechnologies.utils.validators.abaroutevalidator.Test_AbaRouteValidator_17a" time="0"/>
  <testcase name="testAbaNumberCheck_37339_good" classname="com.cardatechnologies.utils.validators.abaroutevalidator.Test_AbaRouteValidator_17a" time="0"/>
  <testcase name="testAbaNumberCheck_36363_good" classname="com.cardatechnologies.utils.validators.abaroutevalidator.Test_AbaRouteValidator_17a" time="0"/>
  <testcase name="testAbaNumberCheck_35423_good" classname="com.cardatechnologies.utils.validators.abaroutevalidator.Test_AbaRouteValidator_17a" time="0"/>
  <testcase name="testAbaNumberCheck_37177_good" classname="com.cardatechnologies.utils.validators.abaroutevalidator.Test_AbaRouteValidator_17a" time="0"/>
  <testcase name="testAbaNumberCheck_36000_bad" classname="com.cardatechnologies.utils.validators.abaroutevalidator.Test_AbaRouteValidator_17a" time="0"/>
  <testcase name="testAbaNumberCheck_36237_good" classname="com.cardatechnologies.utils.validators.abaroutevalidator.Test_AbaRouteValidator_17a" time="0"/>
  <testcase name="testAbaNumberCheck_36002_bad" classname="com.cardatechnologies.utils.validators.abaroutevalidator.Test_AbaRouteValidator_17a" time="0"/>
  <testcase name="testAbaNumberCheck_35261_good" classname="com.cardatechnologies.utils.validators.abaroutevalidator.Test_AbaRouteValidator_17a" time="0"/>
  <testcase name="testAbaNumberCheck_36004_bad" classname="com.cardatechnologies.utils.validators.abaroutevalidator.Test_AbaRouteValidator_17a" time="0"/>
  <testcase name="testAbaNumberCheck_36006_bad" classname="com.cardatechnologies.utils.validators.abaroutevalidator.Test_AbaRouteValidator_17a" time="0"/>
  <testcase name="testAbaNumberCheck_36075_good" classname="com.cardatechnologies.utils.validators.abaroutevalidator.Test_AbaRouteValidator_17a" time="0"/>
  <testcase name="testAbaNumberCheck_36008_bad" classname="com.cardatechnologies.utils.validators.abaroutevalidator.Test_AbaRouteValidator_17a" time="0"/>
  <testcase name="testAbaNumberCheck_35135_good" classname="com.cardatechnologies.utils.validators.abaroutevalidator.Test_AbaRouteValidator_17a" time="0"/>
  <testcase name="testAbaNumberCheck_36733_good" classname="com.cardatechnologies.utils.validators.abaroutevalidator.Test_AbaRouteValidator_17a" time="0"/>
  <testcase name="testAbaNumberCheck_36607_good" classname="com.cardatechnologies.utils.validators.abaroutevalidator.Test_AbaRouteValidator_17a" time="0"/>
  <testcase name="testAbaNumberCheck_36571_good" classname="com.cardatechnologies.utils.validators.abaroutevalidator.Test_AbaRouteValidator_17a" time="0"/>
  <testcase name="testAbaNumberCheck_35631_good" classname="com.cardatechnologies.utils.validators.abaroutevalidator.Test_AbaRouteValidator_17a" time="0"/>
  <testcase name="testAbaNumberCheck_37385_good" classname="com.cardatechnologies.utils.validators.abaroutevalidator.Test_AbaRouteValidator_17a" time="0"/>
  <testcase name="testAbaNumberCheck_36445_good" classname="com.cardatechnologies.utils.validators.abaroutevalidator.Test_AbaRouteValidator_17a" time="0"/>
  <testcase name="testAbaNumberCheck_35505_good" classname="com.cardatechnologies.utils.validators.abaroutevalidator.Test_AbaRouteValidator_17a" time="0"/>
  <testcase name="testAbaNumberCheck_37259_good" classname="com.cardatechnologies.utils.validators.abaroutevalidator.Test_AbaRouteValidator_17a" time="0"/>
  <testcase name="testAbaNumberCheck_36319_good" classname="com.cardatechnologies.utils.validators.abaroutevalidator.Test_AbaRouteValidator_17a" time="0"/>
  <testcase name="testAbaNumberCheck_36283_good" classname="com.cardatechnologies.utils.validators.abaroutevalidator.Test_AbaRouteValidator_17a" time="0"/>
  <testcase name="testAbaNumberCheck_35343_good" classname="com.cardatechnologies.utils.validators.abaroutevalidator.Test_AbaRouteValidator_17a" time="0"/>
  <testcase name="testAbaNumberCheck_36010_bad" classname="com.cardatechnologies.utils.validators.abaroutevalidator.Test_AbaRouteValidator_17a" time="0"/>
  <testcase name="testAbaNumberCheck_36012_bad" classname="com.cardatechnologies.utils.validators.abaroutevalidator.Test_AbaRouteValidator_17a" time="0"/>
  <testcase name="testAbaNumberCheck_36941_good" classname="com.cardatechnologies.utils.validators.abaroutevalidator.Test_AbaRouteValidator_17a" time="0"/>
  <testcase name="testAbaNumberCheck_37097_good" classname="com.cardatechnologies.utils.validators.abaroutevalidator.Test_AbaRouteValidator_17a" time="0"/>
  <testcase name="testAbaNumberCheck_35200_bad" classname="com.cardatechnologies.utils.validators.abaroutevalidator.Test_AbaRouteValidator_17a" time="0"/>
  <testcase name="testAbaNumberCheck_36157_good" classname="com.cardatechnologies.utils.validators.abaroutevalidator.Test_AbaRouteValidator_17a" time="0"/>
  <testcase name="testAbaNumberCheck_36014_bad" classname="com.cardatechnologies.utils.validators.abaroutevalidator.Test_AbaRouteValidator_17a" time="0"/>
  <testcase name="testAbaNumberCheck_35217_good" classname="com.cardatechnologies.utils.validators.abaroutevalidator.Test_AbaRouteValidator_17a" time="0"/>
  <testcase name="testAbaNumberCheck_35202_bad" classname="com.cardatechnologies.utils.validators.abaroutevalidator.Test_AbaRouteValidator_17a" time="0"/>
  <testcase name="testAbaNumberCheck_36016_bad" classname="com.cardatechnologies.utils.validators.abaroutevalidator.Test_AbaRouteValidator_17a" time="0"/>
  <testcase name="testAbaNumberCheck_36815_good" classname="com.cardatechnologies.utils.validators.abaroutevalidator.Test_AbaRouteValidator_17a" time="0"/>
  <testcase name="testAbaNumberCheck_35181_good" classname="com.cardatechnologies.utils.validators.abaroutevalidator.Test_AbaRouteValidator_17a" time="0"/>
  <testcase name="testAbaNumberCheck_35204_bad" classname="com.cardatechnologies.utils.validators.abaroutevalidator.Test_AbaRouteValidator_17a" time="0"/>
  <testcase name="testAbaNumberCheck_36018_bad" classname="com.cardatechnologies.utils.validators.abaroutevalidator.Test_AbaRouteValidator_17a" time="0"/>
  <testcase name="testAbaNumberCheck_35206_bad" classname="com.cardatechnologies.utils.validators.abaroutevalidator.Test_AbaRouteValidator_17a" time="0"/>
  <testcase name="testAbaNumberCheck_35208_bad" classname="com.cardatechnologies.utils.validators.abaroutevalidator.Test_AbaRouteValidator_17a" time="0"/>
  <testcase name="testAbaNumberCheck_36653_good" classname="com.cardatechnologies.utils.validators.abaroutevalidator.Test_AbaRouteValidator_17a" time="0"/>
  <testcase name="testAbaNumberCheck_35713_good" classname="com.cardatechnologies.utils.validators.abaroutevalidator.Test_AbaRouteValidator_17a" time="0"/>
  <testcase name="testAbaNumberCheck_37467_good" classname="com.cardatechnologies.utils.validators.abaroutevalidator.Test_AbaRouteValidator_17a" time="0"/>
  <testcase name="testAbaNumberCheck_36527_good" classname="com.cardatechnologies.utils.validators.abaroutevalidator.Test_AbaRouteValidator_17a" time="0"/>
  <testcase name="testAbaNumberCheck_36491_good" classname="com.cardatechnologies.utils.validators.abaroutevalidator.Test_AbaRouteValidator_17a" time="0"/>
  <testcase name="testAbaNumberCheck_35551_good" classname="com.cardatechnologies.utils.validators.abaroutevalidator.Test_AbaRouteValidator_17a" time="0"/>
  <testcase name="testAbaNumberCheck_36365_good" classname="com.cardatechnologies.utils.validators.abaroutevalidator.Test_AbaRouteValidator_17a" time="0"/>
  <testcase name="testAbaNumberCheck_35425_good" classname="com.cardatechnologies.utils.validators.abaroutevalidator.Test_AbaRouteValidator_17a" time="0"/>
  <testcase name="testAbaNumberCheck_37179_good" classname="com.cardatechnologies.utils.validators.abaroutevalidator.Test_AbaRouteValidator_17a" time="0"/>
  <testcase name="testAbaNumberCheck_36020_bad" classname="com.cardatechnologies.utils.validators.abaroutevalidator.Test_AbaRouteValidator_17a" time="0"/>
  <testcase name="testAbaNumberCheck_36239_good" classname="com.cardatechnologies.utils.validators.abaroutevalidator.Test_AbaRouteValidator_17a" time="0"/>
  <testcase name="testAbaNumberCheck_36022_bad" classname="com.cardatechnologies.utils.validators.abaroutevalidator.Test_AbaRouteValidator_17a" time="0"/>
  <testcase name="testAbaNumberCheck_35263_good" classname="com.cardatechnologies.utils.validators.abaroutevalidator.Test_AbaRouteValidator_17a" time="0"/>
  <testcase name="testAbaNumberCheck_35210_bad" classname="com.cardatechnologies.utils.validators.abaroutevalidator.Test_AbaRouteValidator_17a" time="0"/>
  <testcase name="testAbaNumberCheck_36024_bad" classname="com.cardatechnologies.utils.validators.abaroutevalidator.Test_AbaRouteValidator_17a" time="0"/>
  <testcase name="testAbaNumberCheck_35212_bad" classname="com.cardatechnologies.utils.validators.abaroutevalidator.Test_AbaRouteValidator_17a" time="0"/>
  <testcase name="testAbaNumberCheck_36861_good" classname="com.cardatechnologies.utils.validators.abaroutevalidator.Test_AbaRouteValidator_17a" time="0"/>
  <testcase name="testAbaNumberCheck_36026_bad" classname="com.cardatechnologies.utils.validators.abaroutevalidator.Test_AbaRouteValidator_17a" time="0"/>
  <testcase name="testAbaNumberCheck_35921_good" classname="com.cardatechnologies.utils.validators.abaroutevalidator.Test_AbaRouteValidator_17a" time="0"/>
  <testcase name="testAbaNumberCheck_36077_good" classname="com.cardatechnologies.utils.validators.abaroutevalidator.Test_AbaRouteValidator_17a" time="0"/>
  <testcase name="testAbaNumberCheck_35214_bad" classname="com.cardatechnologies.utils.validators.abaroutevalidator.Test_AbaRouteValidator_17a" time="0"/>
  <testcase name="testAbaNumberCheck_36028_bad" classname="com.cardatechnologies.utils.validators.abaroutevalidator.Test_AbaRouteValidator_17a" time="0"/>
  <testcase name="testAbaNumberCheck_35137_good" classname="com.cardatechnologies.utils.validators.abaroutevalidator.Test_AbaRouteValidator_17a" time="0"/>
  <testcase name="testAbaNumberCheck_35216_bad" classname="com.cardatechnologies.utils.validators.abaroutevalidator.Test_AbaRouteValidator_17a" time="0"/>
  <testcase name="testAbaNumberCheck_36735_good" classname="com.cardatechnologies.utils.validators.abaroutevalidator.Test_AbaRouteValidator_17a" time="0"/>
  <testcase name="testAbaNumberCheck_35218_bad" classname="com.cardatechnologies.utils.validators.abaroutevalidator.Test_AbaRouteValidator_17a" time="0"/>
  <testcase name="testAbaNumberCheck_36609_good" classname="com.cardatechnologies.utils.validators.abaroutevalidator.Test_AbaRouteValidator_17a" time="0"/>
  <testcase name="testAbaNumberCheck_36573_good" classname="com.cardatechnologies.utils.validators.abaroutevalidator.Test_AbaRouteValidator_17a" time="0"/>
  <testcase name="testAbaNumberCheck_35633_good" classname="com.cardatechnologies.utils.validators.abaroutevalidator.Test_AbaRouteValidator_17a" time="0"/>
  <testcase name="testAbaNumberCheck_37387_good" classname="com.cardatechnologies.utils.validators.abaroutevalidator.Test_AbaRouteValidator_17a" time="0"/>
  <testcase name="testAbaNumberCheck_36447_good" classname="com.cardatechnologies.utils.validators.abaroutevalidator.Test_AbaRouteValidator_17a" time="0"/>
  <testcase name="testAbaNumberCheck_35507_good" classname="com.cardatechnologies.utils.validators.abaroutevalidator.Test_AbaRouteValidator_17a" time="0"/>
  <testcase name="testAbaNumberCheck_35471_good" classname="com.cardatechnologies.utils.validators.abaroutevalidator.Test_AbaRouteValidator_17a" time="0"/>
  <testcase name="testAbaNumberCheck_36285_good" classname="com.cardatechnologies.utils.validators.abaroutevalidator.Test_AbaRouteValidator_17a" time="0"/>
  <testcase name="testAbaNumberCheck_35345_good" classname="com.cardatechnologies.utils.validators.abaroutevalidator.Test_AbaRouteValidator_17a" time="0"/>
  <testcase name="testAbaNumberCheck_36030_bad" classname="com.cardatechnologies.utils.validators.abaroutevalidator.Test_AbaRouteValidator_17a" time="0"/>
  <testcase name="testAbaNumberCheck_36032_bad" classname="com.cardatechnologies.utils.validators.abaroutevalidator.Test_AbaRouteValidator_17a" time="0"/>
  <testcase name="testAbaNumberCheck_36943_good" classname="com.cardatechnologies.utils.validators.abaroutevalidator.Test_AbaRouteValidator_17a" time="0"/>
  <testcase name="testAbaNumberCheck_37099_good" classname="com.cardatechnologies.utils.validators.abaroutevalidator.Test_AbaRouteValidator_17a" time="0"/>
  <testcase name="testAbaNumberCheck_35220_bad" classname="com.cardatechnologies.utils.validators.abaroutevalidator.Test_AbaRouteValidator_17a" time="0"/>
  <testcase name="testAbaNumberCheck_36159_good" classname="com.cardatechnologies.utils.validators.abaroutevalidator.Test_AbaRouteValidator_17a" time="0"/>
  <testcase name="testAbaNumberCheck_36034_bad" classname="com.cardatechnologies.utils.validators.abaroutevalidator.Test_AbaRouteValidator_17a" time="0"/>
  <testcase name="testAbaNumberCheck_35219_good" classname="com.cardatechnologies.utils.validators.abaroutevalidator.Test_AbaRouteValidator_17a" time="0"/>
  <testcase name="testAbaNumberCheck_35222_bad" classname="com.cardatechnologies.utils.validators.abaroutevalidator.Test_AbaRouteValidator_17a" time="0"/>
  <testcase name="testAbaNumberCheck_36036_bad" classname="com.cardatechnologies.utils.validators.abaroutevalidator.Test_AbaRouteValidator_17a" time="0"/>
  <testcase name="testAbaNumberCheck_36817_good" classname="com.cardatechnologies.utils.validators.abaroutevalidator.Test_AbaRouteValidator_17a" time="0"/>
  <testcase name="testAbaNumberCheck_35183_good" classname="com.cardatechnologies.utils.validators.abaroutevalidator.Test_AbaRouteValidator_17a" time="0"/>
  <testcase name="testAbaNumberCheck_35224_bad" classname="com.cardatechnologies.utils.validators.abaroutevalidator.Test_AbaRouteValidator_17a" time="0"/>
  <testcase name="testAbaNumberCheck_36038_bad" classname="com.cardatechnologies.utils.validators.abaroutevalidator.Test_AbaRouteValidator_17a" time="0"/>
  <testcase name="testAbaNumberCheck_36781_good" classname="com.cardatechnologies.utils.validators.abaroutevalidator.Test_AbaRouteValidator_17a" time="0"/>
  <testcase name="testAbaNumberCheck_35226_bad" classname="com.cardatechnologies.utils.validators.abaroutevalidator.Test_AbaRouteValidator_17a" time="0"/>
  <testcase name="testAbaNumberCheck_35841_good" classname="com.cardatechnologies.utils.validators.abaroutevalidator.Test_AbaRouteValidator_17a" time="0"/>
  <testcase name="testAbaNumberCheck_35228_bad" classname="com.cardatechnologies.utils.validators.abaroutevalidator.Test_AbaRouteValidator_17a" time="0"/>
  <testcase name="testAbaNumberCheck_36655_good" classname="com.cardatechnologies.utils.validators.abaroutevalidator.Test_AbaRouteValidator_17a" time="0"/>
  <testcase name="testAbaNumberCheck_35715_good" classname="com.cardatechnologies.utils.validators.abaroutevalidator.Test_AbaRouteValidator_17a" time="0"/>
  <testcase name="testAbaNumberCheck_37469_good" classname="com.cardatechnologies.utils.validators.abaroutevalidator.Test_AbaRouteValidator_17a" time="0"/>
  <testcase name="testAbaNumberCheck_36529_good" classname="com.cardatechnologies.utils.validators.abaroutevalidator.Test_AbaRouteValidator_17a" time="0"/>
  <testcase name="testAbaNumberCheck_36493_good" classname="com.cardatechnologies.utils.validators.abaroutevalidator.Test_AbaRouteValidator_17a" time="0"/>
  <testcase name="testAbaNumberCheck_35553_good" classname="com.cardatechnologies.utils.validators.abaroutevalidator.Test_AbaRouteValidator_17a" time="0"/>
  <testcase name="testAbaNumberCheck_37300_bad" classname="com.cardatechnologies.utils.validators.abaroutevalidator.Test_AbaRouteValidator_17a" time="0"/>
  <testcase name="testAbaNumberCheck_36367_good" classname="com.cardatechnologies.utils.validators.abaroutevalidator.Test_AbaRouteValidator_17a" time="0"/>
  <testcase name="testAbaNumberCheck_35427_good" classname="com.cardatechnologies.utils.validators.abaroutevalidator.Test_AbaRouteValidator_17a" time="0"/>
  <testcase name="testAbaNumberCheck_37302_bad" classname="com.cardatechnologies.utils.validators.abaroutevalidator.Test_AbaRouteValidator_17a" time="0"/>
  <testcase name="testAbaNumberCheck_35391_good" classname="com.cardatechnologies.utils.validators.abaroutevalidator.Test_AbaRouteValidator_17a" time="0"/>
  <testcase name="testAbaNumberCheck_37304_bad" classname="com.cardatechnologies.utils.validators.abaroutevalidator.Test_AbaRouteValidator_17a" time="0"/>
  <testcase name="testAbaNumberCheck_36040_bad" classname="com.cardatechnologies.utils.validators.abaroutevalidator.Test_AbaRouteValidator_17a" time="0"/>
  <testcase name="testAbaNumberCheck_37306_bad" classname="com.cardatechnologies.utils.validators.abaroutevalidator.Test_AbaRouteValidator_17a" time="0"/>
  <testcase name="testAbaNumberCheck_36042_bad" classname="com.cardatechnologies.utils.validators.abaroutevalidator.Test_AbaRouteValidator_17a" time="0"/>
  <testcase name="testAbaNumberCheck_37308_bad" classname="com.cardatechnologies.utils.validators.abaroutevalidator.Test_AbaRouteValidator_17a" time="0"/>
  <testcase name="testAbaNumberCheck_35265_good" classname="com.cardatechnologies.utils.validators.abaroutevalidator.Test_AbaRouteValidator_17a" time="0"/>
  <testcase name="testAbaNumberCheck_35230_bad" classname="com.cardatechnologies.utils.validators.abaroutevalidator.Test_AbaRouteValidator_17a" time="0"/>
  <testcase name="testAbaNumberCheck_36044_bad" classname="com.cardatechnologies.utils.validators.abaroutevalidator.Test_AbaRouteValidator_17a" time="0"/>
  <testcase name="testAbaNumberCheck_35232_bad" classname="com.cardatechnologies.utils.validators.abaroutevalidator.Test_AbaRouteValidator_17a" time="0"/>
  <testcase name="testAbaNumberCheck_36863_good" classname="com.cardatechnologies.utils.validators.abaroutevalidator.Test_AbaRouteValidator_17a" time="0"/>
  <testcase name="testAbaNumberCheck_36046_bad" classname="com.cardatechnologies.utils.validators.abaroutevalidator.Test_AbaRouteValidator_17a" time="0"/>
  <testcase name="testAbaNumberCheck_35923_good" classname="com.cardatechnologies.utils.validators.abaroutevalidator.Test_AbaRouteValidator_17a" time="0"/>
  <testcase name="testAbaNumberCheck_36079_good" classname="com.cardatechnologies.utils.validators.abaroutevalidator.Test_AbaRouteValidator_17a" time="0"/>
  <testcase name="testAbaNumberCheck_35234_bad" classname="com.cardatechnologies.utils.validators.abaroutevalidator.Test_AbaRouteValidator_17a" time="0"/>
  <testcase name="testAbaNumberCheck_36048_bad" classname="com.cardatechnologies.utils.validators.abaroutevalidator.Test_AbaRouteValidator_17a" time="0"/>
  <testcase name="testAbaNumberCheck_35139_good" classname="com.cardatechnologies.utils.validators.abaroutevalidator.Test_AbaRouteValidator_17a" time="0"/>
  <testcase name="testAbaNumberCheck_35236_bad" classname="com.cardatechnologies.utils.validators.abaroutevalidator.Test_AbaRouteValidator_17a" time="0"/>
  <testcase name="testAbaNumberCheck_36737_good" classname="com.cardatechnologies.utils.validators.abaroutevalidator.Test_AbaRouteValidator_17a" time="0"/>
  <testcase name="testAbaNumberCheck_35238_bad" classname="com.cardatechnologies.utils.validators.abaroutevalidator.Test_AbaRouteValidator_17a" time="0"/>
  <testcase name="testAbaNumberCheck_35761_good" classname="com.cardatechnologies.utils.validators.abaroutevalidator.Test_AbaRouteValidator_17a" time="0"/>
  <testcase name="testAbaNumberCheck_36575_good" classname="com.cardatechnologies.utils.validators.abaroutevalidator.Test_AbaRouteValidator_17a" time="0"/>
  <testcase name="testAbaNumberCheck_35635_good" classname="com.cardatechnologies.utils.validators.abaroutevalidator.Test_AbaRouteValidator_17a" time="0"/>
  <testcase name="testAbaNumberCheck_37389_good" classname="com.cardatechnologies.utils.validators.abaroutevalidator.Test_AbaRouteValidator_17a" time="0"/>
  <testcase name="testAbaNumberCheck_36449_good" classname="com.cardatechnologies.utils.validators.abaroutevalidator.Test_AbaRouteValidator_17a" time="0"/>
  <testcase name="testAbaNumberCheck_35509_good" classname="com.cardatechnologies.utils.validators.abaroutevalidator.Test_AbaRouteValidator_17a" time="0"/>
  <testcase name="testAbaNumberCheck_35473_good" classname="com.cardatechnologies.utils.validators.abaroutevalidator.Test_AbaRouteValidator_17a" time="0"/>
  <testcase name="testAbaNumberCheck_37310_bad" classname="com.cardatechnologies.utils.validators.abaroutevalidator.Test_AbaRouteValidator_17a" time="0"/>
  <testcase name="testAbaNumberCheck_37312_bad" classname="com.cardatechnologies.utils.validators.abaroutevalidator.Test_AbaRouteValidator_17a" time="0"/>
  <testcase name="testAbaNumberCheck_36500_bad" classname="com.cardatechnologies.utils.validators.abaroutevalidator.Test_AbaRouteValidator_17a" time="0"/>
  <testcase name="testAbaNumberCheck_36287_good" classname="com.cardatechnologies.utils.validators.abaroutevalidator.Test_AbaRouteValidator_17a" time="0"/>
  <testcase name="testAbaNumberCheck_37314_bad" classname="com.cardatechnologies.utils.validators.abaroutevalidator.Test_AbaRouteValidator_17a" time="0"/>
  <testcase name="testAbaNumberCheck_35347_good" classname="com.cardatechnologies.utils.validators.abaroutevalidator.Test_AbaRouteValidator_17a" time="0"/>
  <testcase name="testAbaNumberCheck_36050_bad" classname="com.cardatechnologies.utils.validators.abaroutevalidator.Test_AbaRouteValidator_17a" time="0"/>
  <testcase name="testAbaNumberCheck_36502_bad" classname="com.cardatechnologies.utils.validators.abaroutevalidator.Test_AbaRouteValidator_17a" time="0"/>
  <testcase name="testAbaNumberCheck_37316_bad" classname="com.cardatechnologies.utils.validators.abaroutevalidator.Test_AbaRouteValidator_17a" time="0"/>
  <testcase name="testAbaNumberCheck_36052_bad" classname="com.cardatechnologies.utils.validators.abaroutevalidator.Test_AbaRouteValidator_17a" time="0"/>
  <testcase name="testAbaNumberCheck_36945_good" classname="com.cardatechnologies.utils.validators.abaroutevalidator.Test_AbaRouteValidator_17a" time="0"/>
  <testcase name="testAbaNumberCheck_36504_bad" classname="com.cardatechnologies.utils.validators.abaroutevalidator.Test_AbaRouteValidator_17a" time="0"/>
  <testcase name="testAbaNumberCheck_37318_bad" classname="com.cardatechnologies.utils.validators.abaroutevalidator.Test_AbaRouteValidator_17a" time="0"/>
  <testcase name="testAbaNumberCheck_35240_bad" classname="com.cardatechnologies.utils.validators.abaroutevalidator.Test_AbaRouteValidator_17a" time="0"/>
  <testcase name="testAbaNumberCheck_36054_bad" classname="com.cardatechnologies.utils.validators.abaroutevalidator.Test_AbaRouteValidator_17a" time="0"/>
  <testcase name="testAbaNumberCheck_36506_bad" classname="com.cardatechnologies.utils.validators.abaroutevalidator.Test_AbaRouteValidator_17a" time="0"/>
  <testcase name="testAbaNumberCheck_35242_bad" classname="com.cardatechnologies.utils.validators.abaroutevalidator.Test_AbaRouteValidator_17a" time="0"/>
  <testcase name="testAbaNumberCheck_36056_bad" classname="com.cardatechnologies.utils.validators.abaroutevalidator.Test_AbaRouteValidator_17a" time="0"/>
  <testcase name="testAbaNumberCheck_36819_good" classname="com.cardatechnologies.utils.validators.abaroutevalidator.Test_AbaRouteValidator_17a" time="0"/>
  <testcase name="testAbaNumberCheck_36508_bad" classname="com.cardatechnologies.utils.validators.abaroutevalidator.Test_AbaRouteValidator_17a" time="0"/>
  <testcase name="testAbaNumberCheck_35185_good" classname="com.cardatechnologies.utils.validators.abaroutevalidator.Test_AbaRouteValidator_17a" time="0"/>
  <testcase name="testAbaNumberCheck_35244_bad" classname="com.cardatechnologies.utils.validators.abaroutevalidator.Test_AbaRouteValidator_17a" time="0"/>
  <testcase name="testAbaNumberCheck_36058_bad" classname="com.cardatechnologies.utils.validators.abaroutevalidator.Test_AbaRouteValidator_17a" time="0"/>
  <testcase name="testAbaNumberCheck_36783_good" classname="com.cardatechnologies.utils.validators.abaroutevalidator.Test_AbaRouteValidator_17a" time="0"/>
  <testcase name="testAbaNumberCheck_35246_bad" classname="com.cardatechnologies.utils.validators.abaroutevalidator.Test_AbaRouteValidator_17a" time="0"/>
  <testcase name="testAbaNumberCheck_35843_good" classname="com.cardatechnologies.utils.validators.abaroutevalidator.Test_AbaRouteValidator_17a" time="0"/>
  <testcase name="testAbaNumberCheck_35248_bad" classname="com.cardatechnologies.utils.validators.abaroutevalidator.Test_AbaRouteValidator_17a" time="0"/>
  <testcase name="testAbaNumberCheck_36657_good" classname="com.cardatechnologies.utils.validators.abaroutevalidator.Test_AbaRouteValidator_17a" time="0"/>
  <testcase name="testAbaNumberCheck_35717_good" classname="com.cardatechnologies.utils.validators.abaroutevalidator.Test_AbaRouteValidator_17a" time="0"/>
  <testcase name="testAbaNumberCheck_35681_good" classname="com.cardatechnologies.utils.validators.abaroutevalidator.Test_AbaRouteValidator_17a" time="0"/>
  <testcase name="testAbaNumberCheck_36495_good" classname="com.cardatechnologies.utils.validators.abaroutevalidator.Test_AbaRouteValidator_17a" time="0"/>
  <testcase name="testAbaNumberCheck_35555_good" classname="com.cardatechnologies.utils.validators.abaroutevalidator.Test_AbaRouteValidator_17a" time="0"/>
  <testcase name="testAbaNumberCheck_37320_bad" classname="com.cardatechnologies.utils.validators.abaroutevalidator.Test_AbaRouteValidator_17a" time="0"/>
  <testcase name="testAbaNumberCheck_36369_good" classname="com.cardatechnologies.utils.validators.abaroutevalidator.Test_AbaRouteValidator_17a" time="0"/>
  <testcase name="testAbaNumberCheck_35429_good" classname="com.cardatechnologies.utils.validators.abaroutevalidator.Test_AbaRouteValidator_17a" time="0"/>
  <testcase name="testAbaNumberCheck_37322_bad" classname="com.cardatechnologies.utils.validators.abaroutevalidator.Test_AbaRouteValidator_17a" time="0"/>
  <testcase name="testAbaNumberCheck_35393_good" classname="com.cardatechnologies.utils.validators.abaroutevalidator.Test_AbaRouteValidator_17a" time="0"/>
  <testcase name="testAbaNumberCheck_36510_bad" classname="com.cardatechnologies.utils.validators.abaroutevalidator.Test_AbaRouteValidator_17a" time="0"/>
  <testcase name="testAbaNumberCheck_37324_bad" classname="com.cardatechnologies.utils.validators.abaroutevalidator.Test_AbaRouteValidator_17a" time="0"/>
  <testcase name="testAbaNumberCheck_36060_bad" classname="com.cardatechnologies.utils.validators.abaroutevalidator.Test_AbaRouteValidator_17a" time="0.001"/>
  <testcase name="testAbaNumberCheck_36512_bad" classname="com.cardatechnologies.utils.validators.abaroutevalidator.Test_AbaRouteValidator_17a" time="0"/>
  <testcase name="testAbaNumberCheck_36991_good" classname="com.cardatechnologies.utils.validators.abaroutevalidator.Test_AbaRouteValidator_17a" time="0"/>
  <testcase name="testAbaNumberCheck_37326_bad" classname="com.cardatechnologies.utils.validators.abaroutevalidator.Test_AbaRouteValidator_17a" time="0"/>
  <testcase name="testAbaNumberCheck_36062_bad" classname="com.cardatechnologies.utils.validators.abaroutevalidator.Test_AbaRouteValidator_17a" time="0"/>
  <testcase name="testAbaNumberCheck_35700_bad" classname="com.cardatechnologies.utils.validators.abaroutevalidator.Test_AbaRouteValidator_17a" time="0"/>
  <testcase name="testAbaNumberCheck_36514_bad" classname="com.cardatechnologies.utils.validators.abaroutevalidator.Test_AbaRouteValidator_17a" time="0"/>
  <testcase name="testAbaNumberCheck_37328_bad" classname="com.cardatechnologies.utils.validators.abaroutevalidator.Test_AbaRouteValidator_17a" time="0"/>
  <testcase name="testAbaNumberCheck_35267_good" classname="com.cardatechnologies.utils.validators.abaroutevalidator.Test_AbaRouteValidator_17a" time="0"/>
  <testcase name="testAbaNumberCheck_35250_bad" classname="com.cardatechnologies.utils.validators.abaroutevalidator.Test_AbaRouteValidator_17a" time="0"/>
  <testcase name="testAbaNumberCheck_36064_bad" classname="com.cardatechnologies.utils.validators.abaroutevalidator.Test_AbaRouteValidator_17a" time="0"/>
  <testcase name="testAbaNumberCheck_35702_bad" classname="com.cardatechnologies.utils.validators.abaroutevalidator.Test_AbaRouteValidator_17a" time="0"/>
  <testcase name="testAbaNumberCheck_36516_bad" classname="com.cardatechnologies.utils.validators.abaroutevalidator.Test_AbaRouteValidator_17a" time="0"/>
  <testcase name="testAbaNumberCheck_35252_bad" classname="com.cardatechnologies.utils.validators.abaroutevalidator.Test_AbaRouteValidator_17a" time="0"/>
  <testcase name="testAbaNumberCheck_36865_good" classname="com.cardatechnologies.utils.validators.abaroutevalidator.Test_AbaRouteValidator_17a" time="0"/>
  <testcase name="testAbaNumberCheck_36066_bad" classname="com.cardatechnologies.utils.validators.abaroutevalidator.Test_AbaRouteValidator_17a" time="0"/>
  <testcase name="testAbaNumberCheck_35925_good" classname="com.cardatechnologies.utils.validators.abaroutevalidator.Test_AbaRouteValidator_17a" time="0"/>
  <testcase name="testAbaNumberCheck_35704_bad" classname="com.cardatechnologies.utils.validators.abaroutevalidator.Test_AbaRouteValidator_17a" time="0"/>
  <testcase name="testAbaNumberCheck_36518_bad" classname="com.cardatechnologies.utils.validators.abaroutevalidator.Test_AbaRouteValidator_17a" time="0"/>
  <testcase name="testAbaNumberCheck_35254_bad" classname="com.cardatechnologies.utils.validators.abaroutevalidator.Test_AbaRouteValidator_17a" time="0"/>
  <testcase name="testAbaNumberCheck_36068_bad" classname="com.cardatechnologies.utils.validators.abaroutevalidator.Test_AbaRouteValidator_17a" time="0"/>
  <testcase name="testAbaNumberCheck_35706_bad" classname="com.cardatechnologies.utils.validators.abaroutevalidator.Test_AbaRouteValidator_17a" time="0"/>
  <testcase name="testAbaNumberCheck_35256_bad" classname="com.cardatechnologies.utils.validators.abaroutevalidator.Test_AbaRouteValidator_17a" time="0"/>
  <testcase name="testAbaNumberCheck_36739_good" classname="com.cardatechnologies.utils.validators.abaroutevalidator.Test_AbaRouteValidator_17a" time="0"/>
  <testcase name="testAbaNumberCheck_35708_bad" classname="com.cardatechnologies.utils.validators.abaroutevalidator.Test_AbaRouteValidator_17a" time="0"/>
  <testcase name="testAbaNumberCheck_35258_bad" classname="com.cardatechnologies.utils.validators.abaroutevalidator.Test_AbaRouteValidator_17a" time="0"/>
  <testcase name="testAbaNumberCheck_35763_good" classname="com.cardatechnologies.utils.validators.abaroutevalidator.Test_AbaRouteValidator_17a" time="0"/>
  <testcase name="testAbaNumberCheck_36577_good" classname="com.cardatechnologies.utils.validators.abaroutevalidator.Test_AbaRouteValidator_17a" time="0"/>
  <testcase name="testAbaNumberCheck_35637_good" classname="com.cardatechnologies.utils.validators.abaroutevalidator.Test_AbaRouteValidator_17a" time="0"/>
  <testcase name="testAbaNumberCheck_35475_good" classname="com.cardatechnologies.utils.validators.abaroutevalidator.Test_AbaRouteValidator_17a" time="0"/>
  <testcase name="testAbaNumberCheck_37330_bad" classname="com.cardatechnologies.utils.validators.abaroutevalidator.Test_AbaRouteValidator_17a" time="0"/>
  <testcase name="testAbaNumberCheck_37332_bad" classname="com.cardatechnologies.utils.validators.abaroutevalidator.Test_AbaRouteValidator_17a" time="0"/>
  <testcase name="testAbaNumberCheck_36520_bad" classname="com.cardatechnologies.utils.validators.abaroutevalidator.Test_AbaRouteValidator_17a" time="0"/>
  <testcase name="testAbaNumberCheck_36289_good" classname="com.cardatechnologies.utils.validators.abaroutevalidator.Test_AbaRouteValidator_17a" time="0"/>
  <testcase name="testAbaNumberCheck_37334_bad" classname="com.cardatechnologies.utils.validators.abaroutevalidator.Test_AbaRouteValidator_17a" time="0"/>
  <testcase name="testAbaNumberCheck_35349_good" classname="com.cardatechnologies.utils.validators.abaroutevalidator.Test_AbaRouteValidator_17a" time="0"/>
  <testcase name="testAbaNumberCheck_36070_bad" classname="com.cardatechnologies.utils.validators.abaroutevalidator.Test_AbaRouteValidator_17a" time="0"/>
  <testcase name="testAbaNumberCheck_36522_bad" classname="com.cardatechnologies.utils.validators.abaroutevalidator.Test_AbaRouteValidator_17a" time="0"/>
  <testcase name="testAbaNumberCheck_37336_bad" classname="com.cardatechnologies.utils.validators.abaroutevalidator.Test_AbaRouteValidator_17a" time="0"/>
  <testcase name="testAbaNumberCheck_36072_bad" classname="com.cardatechnologies.utils.validators.abaroutevalidator.Test_AbaRouteValidator_17a" time="0"/>
  <testcase name="testAbaNumberCheck_36947_good" classname="com.cardatechnologies.utils.validators.abaroutevalidator.Test_AbaRouteValidator_17a" time="0"/>
  <testcase name="testAbaNumberCheck_35710_bad" classname="com.cardatechnologies.utils.validators.abaroutevalidator.Test_AbaRouteValidator_17a" time="0"/>
  <testcase name="testAbaNumberCheck_36524_bad" classname="com.cardatechnologies.utils.validators.abaroutevalidator.Test_AbaRouteValidator_17a" time="0"/>
  <testcase name="testAbaNumberCheck_37338_bad" classname="com.cardatechnologies.utils.validators.abaroutevalidator.Test_AbaRouteValidator_17a" time="0"/>
  <testcase name="testAbaNumberCheck_35260_bad" classname="com.cardatechnologies.utils.validators.abaroutevalidator.Test_AbaRouteValidator_17a" time="0"/>
  <testcase name="testAbaNumberCheck_36074_bad" classname="com.cardatechnologies.utils.validators.abaroutevalidator.Test_AbaRouteValidator_17a" time="0"/>
  <testcase name="testAbaNumberCheck_35712_bad" classname="com.cardatechnologies.utils.validators.abaroutevalidator.Test_AbaRouteValidator_17a" time="0"/>
  <testcase name="testAbaNumberCheck_36526_bad" classname="com.cardatechnologies.utils.validators.abaroutevalidator.Test_AbaRouteValidator_17a" time="0"/>
  <testcase name="testAbaNumberCheck_35971_good" classname="com.cardatechnologies.utils.validators.abaroutevalidator.Test_AbaRouteValidator_17a" time="0"/>
  <testcase name="testAbaNumberCheck_35262_bad" classname="com.cardatechnologies.utils.validators.abaroutevalidator.Test_AbaRouteValidator_17a" time="0"/>
  <testcase name="testAbaNumberCheck_36076_bad" classname="com.cardatechnologies.utils.validators.abaroutevalidator.Test_AbaRouteValidator_17a" time="0"/>
  <testcase name="testAbaNumberCheck_35714_bad" classname="com.cardatechnologies.utils.validators.abaroutevalidator.Test_AbaRouteValidator_17a" time="0"/>
  <testcase name="testAbaNumberCheck_36528_bad" classname="com.cardatechnologies.utils.validators.abaroutevalidator.Test_AbaRouteValidator_17a" time="0"/>
  <testcase name="testAbaNumberCheck_35187_good" classname="com.cardatechnologies.utils.validators.abaroutevalidator.Test_AbaRouteValidator_17a" time="0"/>
  <testcase name="testAbaNumberCheck_35264_bad" classname="com.cardatechnologies.utils.validators.abaroutevalidator.Test_AbaRouteValidator_17a" time="0"/>
  <testcase name="testAbaNumberCheck_36078_bad" classname="com.cardatechnologies.utils.validators.abaroutevalidator.Test_AbaRouteValidator_17a" time="0"/>
  <testcase name="testAbaNumberCheck_35716_bad" classname="com.cardatechnologies.utils.validators.abaroutevalidator.Test_AbaRouteValidator_17a" time="0"/>
  <testcase name="testAbaNumberCheck_36785_good" classname="com.cardatechnologies.utils.validators.abaroutevalidator.Test_AbaRouteValidator_17a" time="0"/>
  <testcase name="testAbaNumberCheck_35266_bad" classname="com.cardatechnologies.utils.validators.abaroutevalidator.Test_AbaRouteValidator_17a" time="0"/>
  <testcase name="testAbaNumberCheck_35845_good" classname="com.cardatechnologies.utils.validators.abaroutevalidator.Test_AbaRouteValidator_17a" time="0"/>
  <testcase name="testAbaNumberCheck_35718_bad" classname="com.cardatechnologies.utils.validators.abaroutevalidator.Test_AbaRouteValidator_17a" time="0"/>
  <testcase name="testAbaNumberCheck_35268_bad" classname="com.cardatechnologies.utils.validators.abaroutevalidator.Test_AbaRouteValidator_17a" time="0"/>
  <testcase name="testAbaNumberCheck_36659_good" classname="com.cardatechnologies.utils.validators.abaroutevalidator.Test_AbaRouteValidator_17a" time="0"/>
  <testcase name="testAbaNumberCheck_35719_good" classname="com.cardatechnologies.utils.validators.abaroutevalidator.Test_AbaRouteValidator_17a" time="0"/>
  <testcase name="testAbaNumberCheck_35683_good" classname="com.cardatechnologies.utils.validators.abaroutevalidator.Test_AbaRouteValidator_17a" time="0"/>
  <testcase name="testAbaNumberCheck_36497_good" classname="com.cardatechnologies.utils.validators.abaroutevalidator.Test_AbaRouteValidator_17a" time="0"/>
  <testcase name="testAbaNumberCheck_35557_good" classname="com.cardatechnologies.utils.validators.abaroutevalidator.Test_AbaRouteValidator_17a" time="0"/>
  <testcase name="testAbaNumberCheck_37340_bad" classname="com.cardatechnologies.utils.validators.abaroutevalidator.Test_AbaRouteValidator_17a" time="0"/>
  <testcase name="testAbaNumberCheck_37342_bad" classname="com.cardatechnologies.utils.validators.abaroutevalidator.Test_AbaRouteValidator_17a" time="0"/>
  <testcase name="testAbaNumberCheck_35395_good" classname="com.cardatechnologies.utils.validators.abaroutevalidator.Test_AbaRouteValidator_17a" time="0"/>
  <testcase name="testAbaNumberCheck_36530_bad" classname="com.cardatechnologies.utils.validators.abaroutevalidator.Test_AbaRouteValidator_17a" time="0"/>
  <testcase name="testAbaNumberCheck_37344_bad" classname="com.cardatechnologies.utils.validators.abaroutevalidator.Test_AbaRouteValidator_17a" time="0"/>
  <testcase name="testAbaNumberCheck_36080_bad" classname="com.cardatechnologies.utils.validators.abaroutevalidator.Test_AbaRouteValidator_17a" time="0"/>
  <testcase name="testAbaNumberCheck_36532_bad" classname="com.cardatechnologies.utils.validators.abaroutevalidator.Test_AbaRouteValidator_17a" time="0"/>
  <testcase name="testAbaNumberCheck_36993_good" classname="com.cardatechnologies.utils.validators.abaroutevalidator.Test_AbaRouteValidator_17a" time="0"/>
  <testcase name="testAbaNumberCheck_37346_bad" classname="com.cardatechnologies.utils.validators.abaroutevalidator.Test_AbaRouteValidator_17a" time="0"/>
  <testcase name="testAbaNumberCheck_36082_bad" classname="com.cardatechnologies.utils.validators.abaroutevalidator.Test_AbaRouteValidator_17a" time="0"/>
  <testcase name="testAbaNumberCheck_35720_bad" classname="com.cardatechnologies.utils.validators.abaroutevalidator.Test_AbaRouteValidator_17a" time="0"/>
  <testcase name="testAbaNumberCheck_36534_bad" classname="com.cardatechnologies.utils.validators.abaroutevalidator.Test_AbaRouteValidator_17a" time="0"/>
  <testcase name="testAbaNumberCheck_37348_bad" classname="com.cardatechnologies.utils.validators.abaroutevalidator.Test_AbaRouteValidator_17a" time="0"/>
  <testcase name="testAbaNumberCheck_35269_good" classname="com.cardatechnologies.utils.validators.abaroutevalidator.Test_AbaRouteValidator_17a" time="0"/>
  <testcase name="testAbaNumberCheck_35270_bad" classname="com.cardatechnologies.utils.validators.abaroutevalidator.Test_AbaRouteValidator_17a" time="0"/>
  <testcase name="testAbaNumberCheck_36084_bad" classname="com.cardatechnologies.utils.validators.abaroutevalidator.Test_AbaRouteValidator_17a" time="0"/>
  <testcase name="testAbaNumberCheck_35722_bad" classname="com.cardatechnologies.utils.validators.abaroutevalidator.Test_AbaRouteValidator_17a" time="0"/>
  <testcase name="testAbaNumberCheck_36536_bad" classname="com.cardatechnologies.utils.validators.abaroutevalidator.Test_AbaRouteValidator_17a" time="0"/>
  <testcase name="testAbaNumberCheck_35272_bad" classname="com.cardatechnologies.utils.validators.abaroutevalidator.Test_AbaRouteValidator_17a" time="0"/>
  <testcase name="testAbaNumberCheck_36867_good" classname="com.cardatechnologies.utils.validators.abaroutevalidator.Test_AbaRouteValidator_17a" time="0"/>
  <testcase name="testAbaNumberCheck_36086_bad" classname="com.cardatechnologies.utils.validators.abaroutevalidator.Test_AbaRouteValidator_17a" time="0"/>
  <testcase name="testAbaNumberCheck_35927_good" classname="com.cardatechnologies.utils.validators.abaroutevalidator.Test_AbaRouteValidator_17a" time="0"/>
  <testcase name="testAbaNumberCheck_35724_bad" classname="com.cardatechnologies.utils.validators.abaroutevalidator.Test_AbaRouteValidator_17a" time="0"/>
  <testcase name="testAbaNumberCheck_36538_bad" classname="com.cardatechnologies.utils.validators.abaroutevalidator.Test_AbaRouteValidator_17a" time="0"/>
  <testcase name="testAbaNumberCheck_35274_bad" classname="com.cardatechnologies.utils.validators.abaroutevalidator.Test_AbaRouteValidator_17a" time="0"/>
  <testcase name="testAbaNumberCheck_36088_bad" classname="com.cardatechnologies.utils.validators.abaroutevalidator.Test_AbaRouteValidator_17a" time="0"/>
  <testcase name="testAbaNumberCheck_35726_bad" classname="com.cardatechnologies.utils.validators.abaroutevalidator.Test_AbaRouteValidator_17a" time="0"/>
  <testcase name="testAbaNumberCheck_35891_good" classname="com.cardatechnologies.utils.validators.abaroutevalidator.Test_AbaRouteValidator_17a" time="0"/>
  <testcase name="testAbaNumberCheck_35276_bad" classname="com.cardatechnologies.utils.validators.abaroutevalidator.Test_AbaRouteValidator_17a" time="0"/>
  <testcase name="testAbaNumberCheck_35728_bad" classname="com.cardatechnologies.utils.validators.abaroutevalidator.Test_AbaRouteValidator_17a" time="0"/>
  <testcase name="testAbaNumberCheck_35278_bad" classname="com.cardatechnologies.utils.validators.abaroutevalidator.Test_AbaRouteValidator_17a" time="0"/>
  <testcase name="testAbaNumberCheck_35765_good" classname="com.cardatechnologies.utils.validators.abaroutevalidator.Test_AbaRouteValidator_17a" time="0"/>
  <testcase name="testAbaNumberCheck_36579_good" classname="com.cardatechnologies.utils.validators.abaroutevalidator.Test_AbaRouteValidator_17a" time="0"/>
  <testcase name="testAbaNumberCheck_35639_good" classname="com.cardatechnologies.utils.validators.abaroutevalidator.Test_AbaRouteValidator_17a" time="0"/>
  <testcase name="testAbaNumberCheck_35477_good" classname="com.cardatechnologies.utils.validators.abaroutevalidator.Test_AbaRouteValidator_17a" time="0"/>
  <testcase name="testAbaNumberCheck_37350_bad" classname="com.cardatechnologies.utils.validators.abaroutevalidator.Test_AbaRouteValidator_17a" time="0"/>
  <testcase name="testAbaNumberCheck_37352_bad" classname="com.cardatechnologies.utils.validators.abaroutevalidator.Test_AbaRouteValidator_17a" time="0"/>
  <testcase name="testAbaNumberCheck_36540_bad" classname="com.cardatechnologies.utils.validators.abaroutevalidator.Test_AbaRouteValidator_17a" time="0"/>
  <testcase name="testAbaNumberCheck_37354_bad" classname="com.cardatechnologies.utils.validators.abaroutevalidator.Test_AbaRouteValidator_17a" time="0"/>
  <testcase name="testAbaNumberCheck_36090_bad" classname="com.cardatechnologies.utils.validators.abaroutevalidator.Test_AbaRouteValidator_17a" time="0"/>
  <testcase name="testAbaNumberCheck_36542_bad" classname="com.cardatechnologies.utils.validators.abaroutevalidator.Test_AbaRouteValidator_17a" time="0"/>
  <testcase name="testAbaNumberCheck_37356_bad" classname="com.cardatechnologies.utils.validators.abaroutevalidator.Test_AbaRouteValidator_17a" time="0"/>
  <testcase name="testAbaNumberCheck_36092_bad" classname="com.cardatechnologies.utils.validators.abaroutevalidator.Test_AbaRouteValidator_17a" time="0"/>
  <testcase name="testAbaNumberCheck_36949_good" classname="com.cardatechnologies.utils.validators.abaroutevalidator.Test_AbaRouteValidator_17a" time="0"/>
  <testcase name="testAbaNumberCheck_35730_bad" classname="com.cardatechnologies.utils.validators.abaroutevalidator.Test_AbaRouteValidator_17a" time="0"/>
  <testcase name="testAbaNumberCheck_36544_bad" classname="com.cardatechnologies.utils.validators.abaroutevalidator.Test_AbaRouteValidator_17a" time="0"/>
  <testcase name="testAbaNumberCheck_37358_bad" classname="com.cardatechnologies.utils.validators.abaroutevalidator.Test_AbaRouteValidator_17a" time="0"/>
  <testcase name="testAbaNumberCheck_35280_bad" classname="com.cardatechnologies.utils.validators.abaroutevalidator.Test_AbaRouteValidator_17a" time="0"/>
  <testcase name="testAbaNumberCheck_36094_bad" classname="com.cardatechnologies.utils.validators.abaroutevalidator.Test_AbaRouteValidator_17a" time="0"/>
  <testcase name="testAbaNumberCheck_35732_bad" classname="com.cardatechnologies.utils.validators.abaroutevalidator.Test_AbaRouteValidator_17a" time="0"/>
  <testcase name="testAbaNumberCheck_36546_bad" classname="com.cardatechnologies.utils.validators.abaroutevalidator.Test_AbaRouteValidator_17a" time="0"/>
  <testcase name="testAbaNumberCheck_35973_good" classname="com.cardatechnologies.utils.validators.abaroutevalidator.Test_AbaRouteValidator_17a" time="0"/>
  <testcase name="testAbaNumberCheck_35282_bad" classname="com.cardatechnologies.utils.validators.abaroutevalidator.Test_AbaRouteValidator_17a" time="0"/>
  <testcase name="testAbaNumberCheck_36096_bad" classname="com.cardatechnologies.utils.validators.abaroutevalidator.Test_AbaRouteValidator_17a" time="0"/>
  <testcase name="testAbaNumberCheck_35734_bad" classname="com.cardatechnologies.utils.validators.abaroutevalidator.Test_AbaRouteValidator_17a" time="0"/>
  <testcase name="testAbaNumberCheck_36548_bad" classname="com.cardatechnologies.utils.validators.abaroutevalidator.Test_AbaRouteValidator_17a" time="0"/>
  <testcase name="testAbaNumberCheck_35189_good" classname="com.cardatechnologies.utils.validators.abaroutevalidator.Test_AbaRouteValidator_17a" time="0"/>
  <testcase name="testAbaNumberCheck_35284_bad" classname="com.cardatechnologies.utils.validators.abaroutevalidator.Test_AbaRouteValidator_17a" time="0"/>
  <testcase name="testAbaNumberCheck_36098_bad" classname="com.cardatechnologies.utils.validators.abaroutevalidator.Test_AbaRouteValidator_17a" time="0"/>
  <testcase name="testAbaNumberCheck_35736_bad" classname="com.cardatechnologies.utils.validators.abaroutevalidator.Test_AbaRouteValidator_17a" time="0"/>
  <testcase name="testAbaNumberCheck_36787_good" classname="com.cardatechnologies.utils.validators.abaroutevalidator.Test_AbaRouteValidator_17a" time="0"/>
  <testcase name="testAbaNumberCheck_35286_bad" classname="com.cardatechnologies.utils.validators.abaroutevalidator.Test_AbaRouteValidator_17a" time="0"/>
  <testcase name="testAbaNumberCheck_35847_good" classname="com.cardatechnologies.utils.validators.abaroutevalidator.Test_AbaRouteValidator_17a" time="0"/>
  <testcase name="testAbaNumberCheck_35738_bad" classname="com.cardatechnologies.utils.validators.abaroutevalidator.Test_AbaRouteValidator_17a" time="0"/>
  <testcase name="testAbaNumberCheck_35288_bad" classname="com.cardatechnologies.utils.validators.abaroutevalidator.Test_AbaRouteValidator_17a" time="0"/>
  <testcase name="testAbaNumberCheck_35685_good" classname="com.cardatechnologies.utils.validators.abaroutevalidator.Test_AbaRouteValidator_17a" time="0"/>
  <testcase name="testAbaNumberCheck_36499_good" classname="com.cardatechnologies.utils.validators.abaroutevalidator.Test_AbaRouteValidator_17a" time="0"/>
  <testcase name="testAbaNumberCheck_35559_good" classname="com.cardatechnologies.utils.validators.abaroutevalidator.Test_AbaRouteValidator_17a" time="0"/>
  <testcase name="testAbaNumberCheck_37360_bad" classname="com.cardatechnologies.utils.validators.abaroutevalidator.Test_AbaRouteValidator_17a" time="0"/>
  <testcase name="testAbaNumberCheck_37362_bad" classname="com.cardatechnologies.utils.validators.abaroutevalidator.Test_AbaRouteValidator_17a" time="0"/>
  <testcase name="testAbaNumberCheck_35397_good" classname="com.cardatechnologies.utils.validators.abaroutevalidator.Test_AbaRouteValidator_17a" time="0"/>
  <testcase name="testAbaNumberCheck_36550_bad" classname="com.cardatechnologies.utils.validators.abaroutevalidator.Test_AbaRouteValidator_17a" time="0"/>
  <testcase name="testAbaNumberCheck_37364_bad" classname="com.cardatechnologies.utils.validators.abaroutevalidator.Test_AbaRouteValidator_17a" time="0"/>
  <testcase name="testAbaNumberCheck_36552_bad" classname="com.cardatechnologies.utils.validators.abaroutevalidator.Test_AbaRouteValidator_17a" time="0"/>
  <testcase name="testAbaNumberCheck_36995_good" classname="com.cardatechnologies.utils.validators.abaroutevalidator.Test_AbaRouteValidator_17a" time="0"/>
  <testcase name="testAbaNumberCheck_37366_bad" classname="com.cardatechnologies.utils.validators.abaroutevalidator.Test_AbaRouteValidator_17a" time="0"/>
  <testcase name="testAbaNumberCheck_35740_bad" classname="com.cardatechnologies.utils.validators.abaroutevalidator.Test_AbaRouteValidator_17a" time="0"/>
  <testcase name="testAbaNumberCheck_36554_bad" classname="com.cardatechnologies.utils.validators.abaroutevalidator.Test_AbaRouteValidator_17a" time="0"/>
  <testcase name="testAbaNumberCheck_37368_bad" classname="com.cardatechnologies.utils.validators.abaroutevalidator.Test_AbaRouteValidator_17a" time="0"/>
  <testcase name="testAbaNumberCheck_35290_bad" classname="com.cardatechnologies.utils.validators.abaroutevalidator.Test_AbaRouteValidator_17a" time="0"/>
  <testcase name="testAbaNumberCheck_35742_bad" classname="com.cardatechnologies.utils.validators.abaroutevalidator.Test_AbaRouteValidator_17a" time="0"/>
  <testcase name="testAbaNumberCheck_36556_bad" classname="com.cardatechnologies.utils.validators.abaroutevalidator.Test_AbaRouteValidator_17a" time="0.001"/>
  <testcase name="testAbaNumberCheck_35292_bad" classname="com.cardatechnologies.utils.validators.abaroutevalidator.Test_AbaRouteValidator_17a" time="0"/>
  <testcase name="testAbaNumberCheck_36869_good" classname="com.cardatechnologies.utils.validators.abaroutevalidator.Test_AbaRouteValidator_17a" time="0"/>
  <testcase name="testAbaNumberCheck_35929_good" classname="com.cardatechnologies.utils.validators.abaroutevalidator.Test_AbaRouteValidator_17a" time="0"/>
  <testcase name="testAbaNumberCheck_35744_bad" classname="com.cardatechnologies.utils.validators.abaroutevalidator.Test_AbaRouteValidator_17a" time="0"/>
  <testcase name="testAbaNumberCheck_36558_bad" classname="com.cardatechnologies.utils.validators.abaroutevalidator.Test_AbaRouteValidator_17a" time="0"/>
  <testcase name="testAbaNumberCheck_35294_bad" classname="com.cardatechnologies.utils.validators.abaroutevalidator.Test_AbaRouteValidator_17a" time="0"/>
  <testcase name="testAbaNumberCheck_35746_bad" classname="com.cardatechnologies.utils.validators.abaroutevalidator.Test_AbaRouteValidator_17a" time="0"/>
  <testcase name="testAbaNumberCheck_35893_good" classname="com.cardatechnologies.utils.validators.abaroutevalidator.Test_AbaRouteValidator_17a" time="0"/>
  <testcase name="testAbaNumberCheck_35296_bad" classname="com.cardatechnologies.utils.validators.abaroutevalidator.Test_AbaRouteValidator_17a" time="0"/>
  <testcase name="testAbaNumberCheck_35748_bad" classname="com.cardatechnologies.utils.validators.abaroutevalidator.Test_AbaRouteValidator_17a" time="0"/>
  <testcase name="testAbaNumberCheck_35298_bad" classname="com.cardatechnologies.utils.validators.abaroutevalidator.Test_AbaRouteValidator_17a" time="0"/>
  <testcase name="testAbaNumberCheck_35767_good" classname="com.cardatechnologies.utils.validators.abaroutevalidator.Test_AbaRouteValidator_17a" time="0"/>
  <testcase name="testAbaNumberCheck_35479_good" classname="com.cardatechnologies.utils.validators.abaroutevalidator.Test_AbaRouteValidator_17a" time="0"/>
  <testcase name="testAbaNumberCheck_37370_bad" classname="com.cardatechnologies.utils.validators.abaroutevalidator.Test_AbaRouteValidator_17a" time="0"/>
  <testcase name="testAbaNumberCheck_37372_bad" classname="com.cardatechnologies.utils.validators.abaroutevalidator.Test_AbaRouteValidator_17a" time="0"/>
  <testcase name="testAbaNumberCheck_36560_bad" classname="com.cardatechnologies.utils.validators.abaroutevalidator.Test_AbaRouteValidator_17a" time="0"/>
  <testcase name="testAbaNumberCheck_37374_bad" classname="com.cardatechnologies.utils.validators.abaroutevalidator.Test_AbaRouteValidator_17a" time="0"/>
  <testcase name="testAbaNumberCheck_36562_bad" classname="com.cardatechnologies.utils.validators.abaroutevalidator.Test_AbaRouteValidator_17a" time="0"/>
  <testcase name="testAbaNumberCheck_37376_bad" classname="com.cardatechnologies.utils.validators.abaroutevalidator.Test_AbaRouteValidator_17a" time="0"/>
  <testcase name="testAbaNumberCheck_35750_bad" classname="com.cardatechnologies.utils.validators.abaroutevalidator.Test_AbaRouteValidator_17a" time="0"/>
  <testcase name="testAbaNumberCheck_36564_bad" classname="com.cardatechnologies.utils.validators.abaroutevalidator.Test_AbaRouteValidator_17a" time="0"/>
  <testcase name="testAbaNumberCheck_37378_bad" classname="com.cardatechnologies.utils.validators.abaroutevalidator.Test_AbaRouteValidator_17a" time="0"/>
  <testcase name="testAbaNumberCheck_35752_bad" classname="com.cardatechnologies.utils.validators.abaroutevalidator.Test_AbaRouteValidator_17a" time="0"/>
  <testcase name="testAbaNumberCheck_36566_bad" classname="com.cardatechnologies.utils.validators.abaroutevalidator.Test_AbaRouteValidator_17a" time="0"/>
  <testcase name="testAbaNumberCheck_35975_good" classname="com.cardatechnologies.utils.validators.abaroutevalidator.Test_AbaRouteValidator_17a" time="0"/>
  <testcase name="testAbaNumberCheck_35754_bad" classname="com.cardatechnologies.utils.validators.abaroutevalidator.Test_AbaRouteValidator_17a" time="0"/>
  <testcase name="testAbaNumberCheck_36568_bad" classname="com.cardatechnologies.utils.validators.abaroutevalidator.Test_AbaRouteValidator_17a" time="0"/>
  <testcase name="testAbaNumberCheck_35756_bad" classname="com.cardatechnologies.utils.validators.abaroutevalidator.Test_AbaRouteValidator_17a" time="0"/>
  <testcase name="testAbaNumberCheck_36789_good" classname="com.cardatechnologies.utils.validators.abaroutevalidator.Test_AbaRouteValidator_17a" time="0"/>
  <testcase name="testAbaNumberCheck_35849_good" classname="com.cardatechnologies.utils.validators.abaroutevalidator.Test_AbaRouteValidator_17a" time="0"/>
  <testcase name="testAbaNumberCheck_35758_bad" classname="com.cardatechnologies.utils.validators.abaroutevalidator.Test_AbaRouteValidator_17a" time="0"/>
  <testcase name="testAbaNumberCheck_35687_good" classname="com.cardatechnologies.utils.validators.abaroutevalidator.Test_AbaRouteValidator_17a" time="0"/>
  <testcase name="testAbaNumberCheck_37380_bad" classname="com.cardatechnologies.utils.validators.abaroutevalidator.Test_AbaRouteValidator_17a" time="0"/>
  <testcase name="testAbaNumberCheck_37382_bad" classname="com.cardatechnologies.utils.validators.abaroutevalidator.Test_AbaRouteValidator_17a" time="0"/>
  <testcase name="testAbaNumberCheck_35399_good" classname="com.cardatechnologies.utils.validators.abaroutevalidator.Test_AbaRouteValidator_17a" time="0"/>
  <testcase name="testAbaNumberCheck_36570_bad" classname="com.cardatechnologies.utils.validators.abaroutevalidator.Test_AbaRouteValidator_17a" time="0"/>
  <testcase name="testAbaNumberCheck_37384_bad" classname="com.cardatechnologies.utils.validators.abaroutevalidator.Test_AbaRouteValidator_17a" time="0"/>
  <testcase name="testAbaNumberCheck_36572_bad" classname="com.cardatechnologies.utils.validators.abaroutevalidator.Test_AbaRouteValidator_17a" time="0"/>
  <testcase name="testAbaNumberCheck_36997_good" classname="com.cardatechnologies.utils.validators.abaroutevalidator.Test_AbaRouteValidator_17a" time="0"/>
  <testcase name="testAbaNumberCheck_37386_bad" classname="com.cardatechnologies.utils.validators.abaroutevalidator.Test_AbaRouteValidator_17a" time="0"/>
  <testcase name="testAbaNumberCheck_35760_bad" classname="com.cardatechnologies.utils.validators.abaroutevalidator.Test_AbaRouteValidator_17a" time="0"/>
  <testcase name="testAbaNumberCheck_36574_bad" classname="com.cardatechnologies.utils.validators.abaroutevalidator.Test_AbaRouteValidator_17a" time="0"/>
  <testcase name="testAbaNumberCheck_37388_bad" classname="com.cardatechnologies.utils.validators.abaroutevalidator.Test_AbaRouteValidator_17a" time="0"/>
  <testcase name="testAbaNumberCheck_35762_bad" classname="com.cardatechnologies.utils.validators.abaroutevalidator.Test_AbaRouteValidator_17a" time="0"/>
  <testcase name="testAbaNumberCheck_36576_bad" classname="com.cardatechnologies.utils.validators.abaroutevalidator.Test_AbaRouteValidator_17a" time="0"/>
  <testcase name="testAbaNumberCheck_35764_bad" classname="com.cardatechnologies.utils.validators.abaroutevalidator.Test_AbaRouteValidator_17a" time="0"/>
  <testcase name="testAbaNumberCheck_36578_bad" classname="com.cardatechnologies.utils.validators.abaroutevalidator.Test_AbaRouteValidator_17a" time="0"/>
  <testcase name="testAbaNumberCheck_35766_bad" classname="com.cardatechnologies.utils.validators.abaroutevalidator.Test_AbaRouteValidator_17a" time="0"/>
  <testcase name="testAbaNumberCheck_35895_good" classname="com.cardatechnologies.utils.validators.abaroutevalidator.Test_AbaRouteValidator_17a" time="0"/>
  <testcase name="testAbaNumberCheck_35768_bad" classname="com.cardatechnologies.utils.validators.abaroutevalidator.Test_AbaRouteValidator_17a" time="0"/>
  <testcase name="testAbaNumberCheck_35769_good" classname="com.cardatechnologies.utils.validators.abaroutevalidator.Test_AbaRouteValidator_17a" time="0"/>
  <testcase name="testAbaNumberCheck_37390_bad" classname="com.cardatechnologies.utils.validators.abaroutevalidator.Test_AbaRouteValidator_17a" time="0"/>
  <testcase name="testAbaNumberCheck_37392_bad" classname="com.cardatechnologies.utils.validators.abaroutevalidator.Test_AbaRouteValidator_17a" time="0"/>
  <testcase name="testAbaNumberCheck_36580_bad" classname="com.cardatechnologies.utils.validators.abaroutevalidator.Test_AbaRouteValidator_17a" time="0"/>
  <testcase name="testAbaNumberCheck_37394_bad" classname="com.cardatechnologies.utils.validators.abaroutevalidator.Test_AbaRouteValidator_17a" time="0"/>
  <testcase name="testAbaNumberCheck_36582_bad" classname="com.cardatechnologies.utils.validators.abaroutevalidator.Test_AbaRouteValidator_17a" time="0"/>
  <testcase name="testAbaNumberCheck_37396_bad" classname="com.cardatechnologies.utils.validators.abaroutevalidator.Test_AbaRouteValidator_17a" time="0"/>
  <testcase name="testAbaNumberCheck_35770_bad" classname="com.cardatechnologies.utils.validators.abaroutevalidator.Test_AbaRouteValidator_17a" time="0"/>
  <testcase name="testAbaNumberCheck_36584_bad" classname="com.cardatechnologies.utils.validators.abaroutevalidator.Test_AbaRouteValidator_17a" time="0"/>
  <testcase name="testAbaNumberCheck_37398_bad" classname="com.cardatechnologies.utils.validators.abaroutevalidator.Test_AbaRouteValidator_17a" time="0"/>
  <testcase name="testAbaNumberCheck_35772_bad" classname="com.cardatechnologies.utils.validators.abaroutevalidator.Test_AbaRouteValidator_17a" time="0"/>
  <testcase name="testAbaNumberCheck_36586_bad" classname="com.cardatechnologies.utils.validators.abaroutevalidator.Test_AbaRouteValidator_17a" time="0"/>
  <testcase name="testAbaNumberCheck_35977_good" classname="com.cardatechnologies.utils.validators.abaroutevalidator.Test_AbaRouteValidator_17a" time="0"/>
  <testcase name="testAbaNumberCheck_35774_bad" classname="com.cardatechnologies.utils.validators.abaroutevalidator.Test_AbaRouteValidator_17a" time="0"/>
  <testcase name="testAbaNumberCheck_36588_bad" classname="com.cardatechnologies.utils.validators.abaroutevalidator.Test_AbaRouteValidator_17a" time="0"/>
  <testcase name="testAbaNumberCheck_35776_bad" classname="com.cardatechnologies.utils.validators.abaroutevalidator.Test_AbaRouteValidator_17a" time="0"/>
  <testcase name="testAbaNumberCheck_35778_bad" classname="com.cardatechnologies.utils.validators.abaroutevalidator.Test_AbaRouteValidator_17a" time="0"/>
  <testcase name="testAbaNumberCheck_35689_good" classname="com.cardatechnologies.utils.validators.abaroutevalidator.Test_AbaRouteValidator_17a" time="0"/>
  <testcase name="testAbaNumberCheck_36590_bad" classname="com.cardatechnologies.utils.validators.abaroutevalidator.Test_AbaRouteValidator_17a" time="0"/>
  <testcase name="testAbaNumberCheck_36592_bad" classname="com.cardatechnologies.utils.validators.abaroutevalidator.Test_AbaRouteValidator_17a" time="0"/>
  <testcase name="testAbaNumberCheck_36999_good" classname="com.cardatechnologies.utils.validators.abaroutevalidator.Test_AbaRouteValidator_17a" time="0"/>
  <testcase name="testAbaNumberCheck_35780_bad" classname="com.cardatechnologies.utils.validators.abaroutevalidator.Test_AbaRouteValidator_17a" time="0"/>
  <testcase name="testAbaNumberCheck_36594_bad" classname="com.cardatechnologies.utils.validators.abaroutevalidator.Test_AbaRouteValidator_17a" time="0"/>
  <testcase name="testAbaNumberCheck_35782_bad" classname="com.cardatechnologies.utils.validators.abaroutevalidator.Test_AbaRouteValidator_17a" time="0"/>
  <testcase name="testAbaNumberCheck_36596_bad" classname="com.cardatechnologies.utils.validators.abaroutevalidator.Test_AbaRouteValidator_17a" time="0"/>
  <testcase name="testAbaNumberCheck_35784_bad" classname="com.cardatechnologies.utils.validators.abaroutevalidator.Test_AbaRouteValidator_17a" time="0"/>
  <testcase name="testAbaNumberCheck_36598_bad" classname="com.cardatechnologies.utils.validators.abaroutevalidator.Test_AbaRouteValidator_17a" time="0"/>
  <testcase name="testAbaNumberCheck_35786_bad" classname="com.cardatechnologies.utils.validators.abaroutevalidator.Test_AbaRouteValidator_17a" time="0"/>
  <testcase name="testAbaNumberCheck_35897_good" classname="com.cardatechnologies.utils.validators.abaroutevalidator.Test_AbaRouteValidator_17a" time="0"/>
  <testcase name="testAbaNumberCheck_35788_bad" classname="com.cardatechnologies.utils.validators.abaroutevalidator.Test_AbaRouteValidator_17a" time="0"/>
  <testcase name="testAbaNumberCheck_35790_bad" classname="com.cardatechnologies.utils.validators.abaroutevalidator.Test_AbaRouteValidator_17a" time="0"/>
  <testcase name="testAbaNumberCheck_35792_bad" classname="com.cardatechnologies.utils.validators.abaroutevalidator.Test_AbaRouteValidator_17a" time="0"/>
  <testcase name="testAbaNumberCheck_35979_good" classname="com.cardatechnologies.utils.validators.abaroutevalidator.Test_AbaRouteValidator_17a" time="0"/>
  <testcase name="testAbaNumberCheck_35794_bad" classname="com.cardatechnologies.utils.validators.abaroutevalidator.Test_AbaRouteValidator_17a" time="0"/>
  <testcase name="testAbaNumberCheck_35796_bad" classname="com.cardatechnologies.utils.validators.abaroutevalidator.Test_AbaRouteValidator_17a" time="0"/>
  <testcase name="testAbaNumberCheck_35798_bad" classname="com.cardatechnologies.utils.validators.abaroutevalidator.Test_AbaRouteValidator_17a" time="0"/>
  <testcase name="testAbaNumberCheck_37001_good" classname="com.cardatechnologies.utils.validators.abaroutevalidator.Test_AbaRouteValidator_17a" time="0"/>
  <testcase name="testAbaNumberCheck_35899_good" classname="com.cardatechnologies.utils.validators.abaroutevalidator.Test_AbaRouteValidator_17a" time="0"/>
  <testcase name="testAbaNumberCheck_37003_good" classname="com.cardatechnologies.utils.validators.abaroutevalidator.Test_AbaRouteValidator_17a" time="0"/>
  <testcase name="testAbaNumberCheck_37211_good" classname="com.cardatechnologies.utils.validators.abaroutevalidator.Test_AbaRouteValidator_17a" time="0"/>
  <testcase name="testAbaNumberCheck_37131_good" classname="com.cardatechnologies.utils.validators.abaroutevalidator.Test_AbaRouteValidator_17a" time="0"/>
  <testcase name="testAbaNumberCheck_37005_good" classname="com.cardatechnologies.utils.validators.abaroutevalidator.Test_AbaRouteValidator_17a" time="0"/>
  <testcase name="testAbaNumberCheck_37213_good" classname="com.cardatechnologies.utils.validators.abaroutevalidator.Test_AbaRouteValidator_17a" time="0"/>
  <testcase name="testAbaNumberCheck_37051_good" classname="com.cardatechnologies.utils.validators.abaroutevalidator.Test_AbaRouteValidator_17a" time="0"/>
  <testcase name="testAbaNumberCheck_36111_good" classname="com.cardatechnologies.utils.validators.abaroutevalidator.Test_AbaRouteValidator_17a" time="0"/>
  <testcase name="testAbaNumberCheck_37421_good" classname="com.cardatechnologies.utils.validators.abaroutevalidator.Test_AbaRouteValidator_17a" time="0"/>
  <testcase name="testAbaNumberCheck_37133_good" classname="com.cardatechnologies.utils.validators.abaroutevalidator.Test_AbaRouteValidator_17a" time="0"/>
  <testcase name="testAbaNumberCheck_37007_good" classname="com.cardatechnologies.utils.validators.abaroutevalidator.Test_AbaRouteValidator_17a" time="0"/>
  <testcase name="testAbaNumberCheck_36031_good" classname="com.cardatechnologies.utils.validators.abaroutevalidator.Test_AbaRouteValidator_17a" time="0"/>
  <testcase name="testAbaNumberCheck_37341_good" classname="com.cardatechnologies.utils.validators.abaroutevalidator.Test_AbaRouteValidator_17a" time="0"/>
  <testcase name="testAbaNumberCheck_36401_good" classname="com.cardatechnologies.utils.validators.abaroutevalidator.Test_AbaRouteValidator_17a" time="0"/>
  <testcase name="testAbaNumberCheck_37215_good" classname="com.cardatechnologies.utils.validators.abaroutevalidator.Test_AbaRouteValidator_17a" time="0"/>
  <testcase name="testAbaNumberCheck_37053_good" classname="com.cardatechnologies.utils.validators.abaroutevalidator.Test_AbaRouteValidator_17a" time="0"/>
  <testcase name="testAbaNumberCheck_36113_good" classname="com.cardatechnologies.utils.validators.abaroutevalidator.Test_AbaRouteValidator_17a" time="0"/>
  <testcase name="testAbaNumberCheck_37423_good" classname="com.cardatechnologies.utils.validators.abaroutevalidator.Test_AbaRouteValidator_17a" time="0"/>
  <testcase name="testAbaNumberCheck_37261_good" classname="com.cardatechnologies.utils.validators.abaroutevalidator.Test_AbaRouteValidator_17a" time="0"/>
  <testcase name="testAbaNumberCheck_36321_good" classname="com.cardatechnologies.utils.validators.abaroutevalidator.Test_AbaRouteValidator_17a" time="0"/>
  <testcase name="testAbaNumberCheck_37135_good" classname="com.cardatechnologies.utils.validators.abaroutevalidator.Test_AbaRouteValidator_17a" time="0"/>
  <testcase name="testAbaNumberCheck_37009_good" classname="com.cardatechnologies.utils.validators.abaroutevalidator.Test_AbaRouteValidator_17a" time="0"/>
  <testcase name="testAbaNumberCheck_36033_good" classname="com.cardatechnologies.utils.validators.abaroutevalidator.Test_AbaRouteValidator_17a" time="0"/>
  <testcase name="testAbaNumberCheck_37343_good" classname="com.cardatechnologies.utils.validators.abaroutevalidator.Test_AbaRouteValidator_17a" time="0"/>
  <testcase name="testAbaNumberCheck_36403_good" classname="com.cardatechnologies.utils.validators.abaroutevalidator.Test_AbaRouteValidator_17a" time="0"/>
  <testcase name="testAbaNumberCheck_37217_good" classname="com.cardatechnologies.utils.validators.abaroutevalidator.Test_AbaRouteValidator_17a" time="0"/>
  <testcase name="testAbaNumberCheck_37181_good" classname="com.cardatechnologies.utils.validators.abaroutevalidator.Test_AbaRouteValidator_17a" time="0"/>
  <testcase name="testAbaNumberCheck_36241_good" classname="com.cardatechnologies.utils.validators.abaroutevalidator.Test_AbaRouteValidator_17a" time="0"/>
  <testcase name="testAbaNumberCheck_35301_good" classname="com.cardatechnologies.utils.validators.abaroutevalidator.Test_AbaRouteValidator_17a" time="0"/>
  <testcase name="testAbaNumberCheck_37055_good" classname="com.cardatechnologies.utils.validators.abaroutevalidator.Test_AbaRouteValidator_17a" time="0"/>
  <testcase name="testAbaNumberCheck_36115_good" classname="com.cardatechnologies.utils.validators.abaroutevalidator.Test_AbaRouteValidator_17a" time="0"/>
  <testcase name="testAbaNumberCheck_36611_good" classname="com.cardatechnologies.utils.validators.abaroutevalidator.Test_AbaRouteValidator_17a" time="0"/>
  <testcase name="testAbaNumberCheck_37425_good" classname="com.cardatechnologies.utils.validators.abaroutevalidator.Test_AbaRouteValidator_17a" time="0"/>
  <testcase name="testAbaNumberCheck_37263_good" classname="com.cardatechnologies.utils.validators.abaroutevalidator.Test_AbaRouteValidator_17a" time="0"/>
  <testcase name="testAbaNumberCheck_36323_good" classname="com.cardatechnologies.utils.validators.abaroutevalidator.Test_AbaRouteValidator_17a" time="0"/>
  <testcase name="testAbaNumberCheck_37137_good" classname="com.cardatechnologies.utils.validators.abaroutevalidator.Test_AbaRouteValidator_17a" time="0"/>
  <testcase name="testAbaNumberCheck_36161_good" classname="com.cardatechnologies.utils.validators.abaroutevalidator.Test_AbaRouteValidator_17a" time="0.001"/>
  <testcase name="testAbaNumberCheck_35221_good" classname="com.cardatechnologies.utils.validators.abaroutevalidator.Test_AbaRouteValidator_17a" time="0"/>
  <testcase name="testAbaNumberCheck_36035_good" classname="com.cardatechnologies.utils.validators.abaroutevalidator.Test_AbaRouteValidator_17a" time="0"/>
  <testcase name="testAbaNumberCheck_37471_good" classname="com.cardatechnologies.utils.validators.abaroutevalidator.Test_AbaRouteValidator_17a" time="0"/>
  <testcase name="testAbaNumberCheck_36531_good" classname="com.cardatechnologies.utils.validators.abaroutevalidator.Test_AbaRouteValidator_17a" time="0"/>
  <testcase name="testAbaNumberCheck_37345_good" classname="com.cardatechnologies.utils.validators.abaroutevalidator.Test_AbaRouteValidator_17a" time="0"/>
  <testcase name="testAbaNumberCheck_36405_good" classname="com.cardatechnologies.utils.validators.abaroutevalidator.Test_AbaRouteValidator_17a" time="0"/>
  <testcase name="testAbaNumberCheck_37219_good" classname="com.cardatechnologies.utils.validators.abaroutevalidator.Test_AbaRouteValidator_17a" time="0"/>
  <testcase name="testAbaNumberCheck_37183_good" classname="com.cardatechnologies.utils.validators.abaroutevalidator.Test_AbaRouteValidator_17a" time="0"/>
  <testcase name="testAbaNumberCheck_36243_good" classname="com.cardatechnologies.utils.validators.abaroutevalidator.Test_AbaRouteValidator_17a" time="0"/>
  <testcase name="testAbaNumberCheck_35303_good" classname="com.cardatechnologies.utils.validators.abaroutevalidator.Test_AbaRouteValidator_17a" time="0"/>
  <testcase name="testAbaNumberCheck_36901_good" classname="com.cardatechnologies.utils.validators.abaroutevalidator.Test_AbaRouteValidator_17a" time="0"/>
  <testcase name="testAbaNumberCheck_37057_good" classname="com.cardatechnologies.utils.validators.abaroutevalidator.Test_AbaRouteValidator_17a" time="0"/>
  <testcase name="testAbaNumberCheck_36117_good" classname="com.cardatechnologies.utils.validators.abaroutevalidator.Test_AbaRouteValidator_17a" time="0"/>
  <testcase name="testAbaNumberCheck_36081_good" classname="com.cardatechnologies.utils.validators.abaroutevalidator.Test_AbaRouteValidator_17a" time="0"/>
  <testcase name="testAbaNumberCheck_35141_good" classname="com.cardatechnologies.utils.validators.abaroutevalidator.Test_AbaRouteValidator_17a" time="0"/>
  <testcase name="testAbaNumberCheck_36613_good" classname="com.cardatechnologies.utils.validators.abaroutevalidator.Test_AbaRouteValidator_17a" time="0"/>
  <testcase name="testAbaNumberCheck_37427_good" classname="com.cardatechnologies.utils.validators.abaroutevalidator.Test_AbaRouteValidator_17a" time="0"/>
  <testcase name="testAbaNumberCheck_37391_good" classname="com.cardatechnologies.utils.validators.abaroutevalidator.Test_AbaRouteValidator_17a" time="0"/>
  <testcase name="testAbaNumberCheck_36451_good" classname="com.cardatechnologies.utils.validators.abaroutevalidator.Test_AbaRouteValidator_17a" time="0"/>
  <testcase name="testAbaNumberCheck_35511_good" classname="com.cardatechnologies.utils.validators.abaroutevalidator.Test_AbaRouteValidator_17a" time="0"/>
  <testcase name="testAbaNumberCheck_37265_good" classname="com.cardatechnologies.utils.validators.abaroutevalidator.Test_AbaRouteValidator_17a" time="0.001"/>
  <testcase name="testAbaNumberCheck_36325_good" classname="com.cardatechnologies.utils.validators.abaroutevalidator.Test_AbaRouteValidator_17a" time="0"/>
  <testcase name="testAbaNumberCheck_37139_good" classname="com.cardatechnologies.utils.validators.abaroutevalidator.Test_AbaRouteValidator_17a" time="0"/>
  <testcase name="testAbaNumberCheck_36163_good" classname="com.cardatechnologies.utils.validators.abaroutevalidator.Test_AbaRouteValidator_17a" time="0"/>
  <testcase name="testAbaNumberCheck_35223_good" classname="com.cardatechnologies.utils.validators.abaroutevalidator.Test_AbaRouteValidator_17a" time="0"/>
  <testcase name="testAbaNumberCheck_36821_good" classname="com.cardatechnologies.utils.validators.abaroutevalidator.Test_AbaRouteValidator_17a" time="0"/>
  <testcase name="testAbaNumberCheck_36037_good" classname="com.cardatechnologies.utils.validators.abaroutevalidator.Test_AbaRouteValidator_17a" time="0"/>
  <testcase name="testAbaNumberCheck_37473_good" classname="com.cardatechnologies.utils.validators.abaroutevalidator.Test_AbaRouteValidator_17a" time="0"/>
  <testcase name="testAbaNumberCheck_36533_good" classname="com.cardatechnologies.utils.validators.abaroutevalidator.Test_AbaRouteValidator_17a" time="0"/>
  <testcase name="testAbaNumberCheck_37347_good" classname="com.cardatechnologies.utils.validators.abaroutevalidator.Test_AbaRouteValidator_17a" time="0"/>
  <testcase name="testAbaNumberCheck_36407_good" classname="com.cardatechnologies.utils.validators.abaroutevalidator.Test_AbaRouteValidator_17a" time="0"/>
  <testcase name="testAbaNumberCheck_36371_good" classname="com.cardatechnologies.utils.validators.abaroutevalidator.Test_AbaRouteValidator_17a" time="0"/>
  <testcase name="testAbaNumberCheck_35431_good" classname="com.cardatechnologies.utils.validators.abaroutevalidator.Test_AbaRouteValidator_17a" time="0"/>
  <testcase name="testAbaNumberCheck_37185_good" classname="com.cardatechnologies.utils.validators.abaroutevalidator.Test_AbaRouteValidator_17a" time="0"/>
  <testcase name="testAbaNumberCheck_36245_good" classname="com.cardatechnologies.utils.validators.abaroutevalidator.Test_AbaRouteValidator_17a" time="0"/>
  <testcase name="testAbaNumberCheck_35305_good" classname="com.cardatechnologies.utils.validators.abaroutevalidator.Test_AbaRouteValidator_17a" time="0"/>
  <testcase name="testAbaNumberCheck_36903_good" classname="com.cardatechnologies.utils.validators.abaroutevalidator.Test_AbaRouteValidator_17a" time="0"/>
  <testcase name="testAbaNumberCheck_37059_good" classname="com.cardatechnologies.utils.validators.abaroutevalidator.Test_AbaRouteValidator_17a" time="0"/>
  <testcase name="testAbaNumberCheck_36119_good" classname="com.cardatechnologies.utils.validators.abaroutevalidator.Test_AbaRouteValidator_17a" time="0.001"/>
  <testcase name="testAbaNumberCheck_36083_good" classname="com.cardatechnologies.utils.validators.abaroutevalidator.Test_AbaRouteValidator_17a" time="0"/>
  <testcase name="testAbaNumberCheck_35143_good" classname="com.cardatechnologies.utils.validators.abaroutevalidator.Test_AbaRouteValidator_17a" time="0"/>
  <testcase name="testAbaNumberCheck_36741_good" classname="com.cardatechnologies.utils.validators.abaroutevalidator.Test_AbaRouteValidator_17a" time="0"/>
  <testcase name="testAbaNumberCheck_35801_good" classname="com.cardatechnologies.utils.validators.abaroutevalidator.Test_AbaRouteValidator_17a" time="0"/>
  <testcase name="testAbaNumberCheck_36615_good" classname="com.cardatechnologies.utils.validators.abaroutevalidator.Test_AbaRouteValidator_17a" time="0"/>
  <testcase name="testAbaNumberCheck_37429_good" classname="com.cardatechnologies.utils.validators.abaroutevalidator.Test_AbaRouteValidator_17a" time="0"/>
  <testcase name="testAbaNumberCheck_37393_good" classname="com.cardatechnologies.utils.validators.abaroutevalidator.Test_AbaRouteValidator_17a" time="0"/>
  <testcase name="testAbaNumberCheck_36453_good" classname="com.cardatechnologies.utils.validators.abaroutevalidator.Test_AbaRouteValidator_17a" time="0"/>
  <testcase name="testAbaNumberCheck_35513_good" classname="com.cardatechnologies.utils.validators.abaroutevalidator.Test_AbaRouteValidator_17a" time="0"/>
  <testcase name="testAbaNumberCheck_37267_good" classname="com.cardatechnologies.utils.validators.abaroutevalidator.Test_AbaRouteValidator_17a" time="0"/>
  <testcase name="testAbaNumberCheck_36327_good" classname="com.cardatechnologies.utils.validators.abaroutevalidator.Test_AbaRouteValidator_17a" time="0"/>
  <testcase name="testAbaNumberCheck_36291_good" classname="com.cardatechnologies.utils.validators.abaroutevalidator.Test_AbaRouteValidator_17a" time="0"/>
  <testcase name="testAbaNumberCheck_35351_good" classname="com.cardatechnologies.utils.validators.abaroutevalidator.Test_AbaRouteValidator_17a" time="0"/>
  <testcase name="testAbaNumberCheck_36165_good" classname="com.cardatechnologies.utils.validators.abaroutevalidator.Test_AbaRouteValidator_17a" time="0"/>
  <testcase name="testAbaNumberCheck_35225_good" classname="com.cardatechnologies.utils.validators.abaroutevalidator.Test_AbaRouteValidator_17a" time="0"/>
  <testcase name="testAbaNumberCheck_36823_good" classname="com.cardatechnologies.utils.validators.abaroutevalidator.Test_AbaRouteValidator_17a" time="0"/>
  <testcase name="testAbaNumberCheck_36039_good" classname="com.cardatechnologies.utils.validators.abaroutevalidator.Test_AbaRouteValidator_17a" time="0"/>
  <testcase name="testAbaNumberCheck_36661_good" classname="com.cardatechnologies.utils.validators.abaroutevalidator.Test_AbaRouteValidator_17a" time="0"/>
  <testcase name="testAbaNumberCheck_35721_good" classname="com.cardatechnologies.utils.validators.abaroutevalidator.Test_AbaRouteValidator_17a" time="0"/>
  <testcase name="testAbaNumberCheck_37475_good" classname="com.cardatechnologies.utils.validators.abaroutevalidator.Test_AbaRouteValidator_17a" time="0"/>
  <testcase name="testAbaNumberCheck_36535_good" classname="com.cardatechnologies.utils.validators.abaroutevalidator.Test_AbaRouteValidator_17a" time="0.001"/>
  <testcase name="testAbaNumberCheck_37349_good" classname="com.cardatechnologies.utils.validators.abaroutevalidator.Test_AbaRouteValidator_17a" time="0"/>
  <testcase name="testAbaNumberCheck_36409_good" classname="com.cardatechnologies.utils.validators.abaroutevalidator.Test_AbaRouteValidator_17a" time="0"/>
  <testcase name="testAbaNumberCheck_36373_good" classname="com.cardatechnologies.utils.validators.abaroutevalidator.Test_AbaRouteValidator_17a" time="0"/>
  <testcase name="testAbaNumberCheck_35433_good" classname="com.cardatechnologies.utils.validators.abaroutevalidator.Test_AbaRouteValidator_17a" time="0"/>
  <testcase name="testAbaNumberCheck_37187_good" classname="com.cardatechnologies.utils.validators.abaroutevalidator.Test_AbaRouteValidator_17a" time="0"/>
  <testcase name="testAbaNumberCheck_36100_bad" classname="com.cardatechnologies.utils.validators.abaroutevalidator.Test_AbaRouteValidator_17a" time="0"/>
  <testcase name="testAbaNumberCheck_36247_good" classname="com.cardatechnologies.utils.validators.abaroutevalidator.Test_AbaRouteValidator_17a" time="0"/>
  <testcase name="testAbaNumberCheck_35307_good" classname="com.cardatechnologies.utils.validators.abaroutevalidator.Test_AbaRouteValidator_17a" time="0"/>
  <testcase name="testAbaNumberCheck_36102_bad" classname="com.cardatechnologies.utils.validators.abaroutevalidator.Test_AbaRouteValidator_17a" time="0"/>
  <testcase name="testAbaNumberCheck_36905_good" classname="com.cardatechnologies.utils.validators.abaroutevalidator.Test_AbaRouteValidator_17a" time="0"/>
  <testcase name="testAbaNumberCheck_35271_good" classname="com.cardatechnologies.utils.validators.abaroutevalidator.Test_AbaRouteValidator_17a" time="0"/>
  <testcase name="testAbaNumberCheck_36104_bad" classname="com.cardatechnologies.utils.validators.abaroutevalidator.Test_AbaRouteValidator_17a" time="0"/>
  <testcase name="testAbaNumberCheck_36106_bad" classname="com.cardatechnologies.utils.validators.abaroutevalidator.Test_AbaRouteValidator_17a" time="0"/>
  <testcase name="testAbaNumberCheck_36085_good" classname="com.cardatechnologies.utils.validators.abaroutevalidator.Test_AbaRouteValidator_17a" time="0"/>
  <testcase name="testAbaNumberCheck_36108_bad" classname="com.cardatechnologies.utils.validators.abaroutevalidator.Test_AbaRouteValidator_17a" time="0"/>
  <testcase name="testAbaNumberCheck_35145_good" classname="com.cardatechnologies.utils.validators.abaroutevalidator.Test_AbaRouteValidator_17a" time="0"/>
  <testcase name="testAbaNumberCheck_36743_good" classname="com.cardatechnologies.utils.validators.abaroutevalidator.Test_AbaRouteValidator_17a" time="0"/>
  <testcase name="testAbaNumberCheck_35803_good" classname="com.cardatechnologies.utils.validators.abaroutevalidator.Test_AbaRouteValidator_17a" time="0"/>
  <testcase name="testAbaNumberCheck_36617_good" classname="com.cardatechnologies.utils.validators.abaroutevalidator.Test_AbaRouteValidator_17a" time="0"/>
  <testcase name="testAbaNumberCheck_36581_good" classname="com.cardatechnologies.utils.validators.abaroutevalidator.Test_AbaRouteValidator_17a" time="0"/>
  <testcase name="testAbaNumberCheck_35641_good" classname="com.cardatechnologies.utils.validators.abaroutevalidator.Test_AbaRouteValidator_17a" time="0"/>
  <testcase name="testAbaNumberCheck_37395_good" classname="com.cardatechnologies.utils.validators.abaroutevalidator.Test_AbaRouteValidator_17a" time="0"/>
  <testcase name="testAbaNumberCheck_36455_good" classname="com.cardatechnologies.utils.validators.abaroutevalidator.Test_AbaRouteValidator_17a" time="0.001"/>
  <testcase name="testAbaNumberCheck_35515_good" classname="com.cardatechnologies.utils.validators.abaroutevalidator.Test_AbaRouteValidator_17a" time="0"/>
  <testcase name="testAbaNumberCheck_37269_good" classname="com.cardatechnologies.utils.validators.abaroutevalidator.Test_AbaRouteValidator_17a" time="0"/>
  <testcase name="testAbaNumberCheck_36329_good" classname="com.cardatechnologies.utils.validators.abaroutevalidator.Test_AbaRouteValidator_17a" time="0"/>
  <testcase name="testAbaNumberCheck_36293_good" classname="com.cardatechnologies.utils.validators.abaroutevalidator.Test_AbaRouteValidator_17a" time="0"/>
  <testcase name="testAbaNumberCheck_35353_good" classname="com.cardatechnologies.utils.validators.abaroutevalidator.Test_AbaRouteValidator_17a" time="0"/>
  <testcase name="testAbaNumberCheck_36110_bad" classname="com.cardatechnologies.utils.validators.abaroutevalidator.Test_AbaRouteValidator_17a" time="0"/>
  <testcase name="testAbaNumberCheck_36112_bad" classname="com.cardatechnologies.utils.validators.abaroutevalidator.Test_AbaRouteValidator_17a" time="0"/>
  <testcase name="testAbaNumberCheck_36951_good" classname="com.cardatechnologies.utils.validators.abaroutevalidator.Test_AbaRouteValidator_17a" time="0"/>
  <testcase name="testAbaNumberCheck_35300_bad" classname="com.cardatechnologies.utils.validators.abaroutevalidator.Test_AbaRouteValidator_17a" time="0"/>
  <testcase name="testAbaNumberCheck_36167_good" classname="com.cardatechnologies.utils.validators.abaroutevalidator.Test_AbaRouteValidator_17a" time="0"/>
  <testcase name="testAbaNumberCheck_36114_bad" classname="com.cardatechnologies.utils.validators.abaroutevalidator.Test_AbaRouteValidator_17a" time="0"/>
  <testcase name="testAbaNumberCheck_35227_good" classname="com.cardatechnologies.utils.validators.abaroutevalidator.Test_AbaRouteValidator_17a" time="0"/>
  <testcase name="testAbaNumberCheck_35302_bad" classname="com.cardatechnologies.utils.validators.abaroutevalidator.Test_AbaRouteValidator_17a" time="0"/>
  <testcase name="testAbaNumberCheck_36116_bad" classname="com.cardatechnologies.utils.validators.abaroutevalidator.Test_AbaRouteValidator_17a" time="0"/>
  <testcase name="testAbaNumberCheck_36825_good" classname="com.cardatechnologies.utils.validators.abaroutevalidator.Test_AbaRouteValidator_17a" time="0"/>
  <testcase name="testAbaNumberCheck_35191_good" classname="com.cardatechnologies.utils.validators.abaroutevalidator.Test_AbaRouteValidator_17a" time="0"/>
  <testcase name="testAbaNumberCheck_35304_bad" classname="com.cardatechnologies.utils.validators.abaroutevalidator.Test_AbaRouteValidator_17a" time="0"/>
  <testcase name="testAbaNumberCheck_36118_bad" classname="com.cardatechnologies.utils.validators.abaroutevalidator.Test_AbaRouteValidator_17a" time="0"/>
  <testcase name="testAbaNumberCheck_35306_bad" classname="com.cardatechnologies.utils.validators.abaroutevalidator.Test_AbaRouteValidator_17a" time="0"/>
  <testcase name="testAbaNumberCheck_35308_bad" classname="com.cardatechnologies.utils.validators.abaroutevalidator.Test_AbaRouteValidator_17a" time="0"/>
  <testcase name="testAbaNumberCheck_36663_good" classname="com.cardatechnologies.utils.validators.abaroutevalidator.Test_AbaRouteValidator_17a" time="0"/>
  <testcase name="testAbaNumberCheck_35723_good" classname="com.cardatechnologies.utils.validators.abaroutevalidator.Test_AbaRouteValidator_17a" time="0"/>
  <testcase name="testAbaNumberCheck_37477_good" classname="com.cardatechnologies.utils.validators.abaroutevalidator.Test_AbaRouteValidator_17a" time="0"/>
  <testcase name="testAbaNumberCheck_36537_good" classname="com.cardatechnologies.utils.validators.abaroutevalidator.Test_AbaRouteValidator_17a" time="0"/>
  <testcase name="testAbaNumberCheck_35561_good" classname="com.cardatechnologies.utils.validators.abaroutevalidator.Test_AbaRouteValidator_17a" time="0"/>
  <testcase name="testAbaNumberCheck_36375_good" classname="com.cardatechnologies.utils.validators.abaroutevalidator.Test_AbaRouteValidator_17a" time="0"/>
  <testcase name="testAbaNumberCheck_35435_good" classname="com.cardatechnologies.utils.validators.abaroutevalidator.Test_AbaRouteValidator_17a" time="0"/>
  <testcase name="testAbaNumberCheck_37189_good" classname="com.cardatechnologies.utils.validators.abaroutevalidator.Test_AbaRouteValidator_17a" time="0"/>
  <testcase name="testAbaNumberCheck_36120_bad" classname="com.cardatechnologies.utils.validators.abaroutevalidator.Test_AbaRouteValidator_17a" time="0"/>
  <testcase name="testAbaNumberCheck_36249_good" classname="com.cardatechnologies.utils.validators.abaroutevalidator.Test_AbaRouteValidator_17a" time="0"/>
  <testcase name="testAbaNumberCheck_35309_good" classname="com.cardatechnologies.utils.validators.abaroutevalidator.Test_AbaRouteValidator_17a" time="0"/>
  <testcase name="testAbaNumberCheck_36122_bad" classname="com.cardatechnologies.utils.validators.abaroutevalidator.Test_AbaRouteValidator_17a" time="0"/>
  <testcase name="testAbaNumberCheck_36907_good" classname="com.cardatechnologies.utils.validators.abaroutevalidator.Test_AbaRouteValidator_17a" time="0"/>
  <testcase name="testAbaNumberCheck_35273_good" classname="com.cardatechnologies.utils.validators.abaroutevalidator.Test_AbaRouteValidator_17a" time="0"/>
  <testcase name="testAbaNumberCheck_35310_bad" classname="com.cardatechnologies.utils.validators.abaroutevalidator.Test_AbaRouteValidator_17a" time="0"/>
  <testcase name="testAbaNumberCheck_36124_bad" classname="com.cardatechnologies.utils.validators.abaroutevalidator.Test_AbaRouteValidator_17a" time="0"/>
  <testcase name="testAbaNumberCheck_35312_bad" classname="com.cardatechnologies.utils.validators.abaroutevalidator.Test_AbaRouteValidator_17a" time="0"/>
  <testcase name="testAbaNumberCheck_36871_good" classname="com.cardatechnologies.utils.validators.abaroutevalidator.Test_AbaRouteValidator_17a" time="0"/>
  <testcase name="testAbaNumberCheck_36126_bad" classname="com.cardatechnologies.utils.validators.abaroutevalidator.Test_AbaRouteValidator_17a" time="0"/>
  <testcase name="testAbaNumberCheck_35931_good" classname="com.cardatechnologies.utils.validators.abaroutevalidator.Test_AbaRouteValidator_17a" time="0"/>
  <testcase name="testAbaNumberCheck_36087_good" classname="com.cardatechnologies.utils.validators.abaroutevalidator.Test_AbaRouteValidator_17a" time="0"/>
  <testcase name="testAbaNumberCheck_35314_bad" classname="com.cardatechnologies.utils.validators.abaroutevalidator.Test_AbaRouteValidator_17a" time="0.001"/>
  <testcase name="testAbaNumberCheck_36128_bad" classname="com.cardatechnologies.utils.validators.abaroutevalidator.Test_AbaRouteValidator_17a" time="0"/>
  <testcase name="testAbaNumberCheck_35147_good" classname="com.cardatechnologies.utils.validators.abaroutevalidator.Test_AbaRouteValidator_17a" time="0"/>
  <testcase name="testAbaNumberCheck_35316_bad" classname="com.cardatechnologies.utils.validators.abaroutevalidator.Test_AbaRouteValidator_17a" time="0"/>
  <testcase name="testAbaNumberCheck_36745_good" classname="com.cardatechnologies.utils.validators.abaroutevalidator.Test_AbaRouteValidator_17a" time="0"/>
  <testcase name="testAbaNumberCheck_35805_good" classname="com.cardatechnologies.utils.validators.abaroutevalidator.Test_AbaRouteValidator_17a" time="0"/>
  <testcase name="testAbaNumberCheck_35318_bad" classname="com.cardatechnologies.utils.validators.abaroutevalidator.Test_AbaRouteValidator_17a" time="0"/>
  <testcase name="testAbaNumberCheck_36619_good" classname="com.cardatechnologies.utils.validators.abaroutevalidator.Test_AbaRouteValidator_17a" time="0"/>
  <testcase name="testAbaNumberCheck_36583_good" classname="com.cardatechnologies.utils.validators.abaroutevalidator.Test_AbaRouteValidator_17a" time="0"/>
  <testcase name="testAbaNumberCheck_35643_good" classname="com.cardatechnologies.utils.validators.abaroutevalidator.Test_AbaRouteValidator_17a" time="0"/>
  <testcase name="testAbaNumberCheck_37397_good" classname="com.cardatechnologies.utils.validators.abaroutevalidator.Test_AbaRouteValidator_17a" time="0"/>
  <testcase name="testAbaNumberCheck_36457_good" classname="com.cardatechnologies.utils.validators.abaroutevalidator.Test_AbaRouteValidator_17a" time="0"/>
  <testcase name="testAbaNumberCheck_35517_good" classname="com.cardatechnologies.utils.validators.abaroutevalidator.Test_AbaRouteValidator_17a" time="0"/>
  <testcase name="testAbaNumberCheck_35481_good" classname="com.cardatechnologies.utils.validators.abaroutevalidator.Test_AbaRouteValidator_17a" time="0"/>
  <testcase name="testAbaNumberCheck_36295_good" classname="com.cardatechnologies.utils.validators.abaroutevalidator.Test_AbaRouteValidator_17a" time="0"/>
  <testcase name="testAbaNumberCheck_35355_good" classname="com.cardatechnologies.utils.validators.abaroutevalidator.Test_AbaRouteValidator_17a" time="0"/>
  <testcase name="testAbaNumberCheck_36130_bad" classname="com.cardatechnologies.utils.validators.abaroutevalidator.Test_AbaRouteValidator_17a" time="0"/>
  <testcase name="testAbaNumberCheck_36132_bad" classname="com.cardatechnologies.utils.validators.abaroutevalidator.Test_AbaRouteValidator_17a" time="0"/>
  <testcase name="testAbaNumberCheck_36953_good" classname="com.cardatechnologies.utils.validators.abaroutevalidator.Test_AbaRouteValidator_17a" time="0"/>
  <testcase name="testAbaNumberCheck_35320_bad" classname="com.cardatechnologies.utils.validators.abaroutevalidator.Test_AbaRouteValidator_17a" time="0"/>
  <testcase name="testAbaNumberCheck_36169_good" classname="com.cardatechnologies.utils.validators.abaroutevalidator.Test_AbaRouteValidator_17a" time="0"/>
  <testcase name="testAbaNumberCheck_36134_bad" classname="com.cardatechnologies.utils.validators.abaroutevalidator.Test_AbaRouteValidator_17a" time="0.001"/>
  <testcase name="testAbaNumberCheck_35229_good" classname="com.cardatechnologies.utils.validators.abaroutevalidator.Test_AbaRouteValidator_17a" time="0"/>
  <testcase name="testAbaNumberCheck_35322_bad" classname="com.cardatechnologies.utils.validators.abaroutevalidator.Test_AbaRouteValidator_17a" time="0"/>
  <testcase name="testAbaNumberCheck_36136_bad" classname="com.cardatechnologies.utils.validators.abaroutevalidator.Test_AbaRouteValidator_17a" time="0"/>
  <testcase name="testAbaNumberCheck_36827_good" classname="com.cardatechnologies.utils.validators.abaroutevalidator.Test_AbaRouteValidator_17a" time="0"/>
  <testcase name="testAbaNumberCheck_35193_good" classname="com.cardatechnologies.utils.validators.abaroutevalidator.Test_AbaRouteValidator_17a" time="0"/>
  <testcase name="testAbaNumberCheck_35324_bad" classname="com.cardatechnologies.utils.validators.abaroutevalidator.Test_AbaRouteValidator_17a" time="0"/>
  <testcase name="testAbaNumberCheck_36138_bad" classname="com.cardatechnologies.utils.validators.abaroutevalidator.Test_AbaRouteValidator_17a" time="0"/>
  <testcase name="testAbaNumberCheck_36791_good" classname="com.cardatechnologies.utils.validators.abaroutevalidator.Test_AbaRouteValidator_17a" time="0"/>
  <testcase name="testAbaNumberCheck_35326_bad" classname="com.cardatechnologies.utils.validators.abaroutevalidator.Test_AbaRouteValidator_17a" time="0"/>
  <testcase name="testAbaNumberCheck_35851_good" classname="com.cardatechnologies.utils.validators.abaroutevalidator.Test_AbaRouteValidator_17a" time="0"/>
  <testcase name="testAbaNumberCheck_35328_bad" classname="com.cardatechnologies.utils.validators.abaroutevalidator.Test_AbaRouteValidator_17a" time="0"/>
  <testcase name="testAbaNumberCheck_36665_good" classname="com.cardatechnologies.utils.validators.abaroutevalidator.Test_AbaRouteValidator_17a" time="0"/>
  <testcase name="testAbaNumberCheck_35725_good" classname="com.cardatechnologies.utils.validators.abaroutevalidator.Test_AbaRouteValidator_17a" time="0"/>
  <testcase name="testAbaNumberCheck_37479_good" classname="com.cardatechnologies.utils.validators.abaroutevalidator.Test_AbaRouteValidator_17a" time="0"/>
  <testcase name="testAbaNumberCheck_36539_good" classname="com.cardatechnologies.utils.validators.abaroutevalidator.Test_AbaRouteValidator_17a" time="0"/>
  <testcase name="testAbaNumberCheck_35563_good" classname="com.cardatechnologies.utils.validators.abaroutevalidator.Test_AbaRouteValidator_17a" time="0"/>
  <testcase name="testAbaNumberCheck_37400_bad" classname="com.cardatechnologies.utils.validators.abaroutevalidator.Test_AbaRouteValidator_17a" time="0"/>
  <testcase name="testAbaNumberCheck_36377_good" classname="com.cardatechnologies.utils.validators.abaroutevalidator.Test_AbaRouteValidator_17a" time="0"/>
  <testcase name="testAbaNumberCheck_35437_good" classname="com.cardatechnologies.utils.validators.abaroutevalidator.Test_AbaRouteValidator_17a" time="0"/>
  <testcase name="testAbaNumberCheck_37402_bad" classname="com.cardatechnologies.utils.validators.abaroutevalidator.Test_AbaRouteValidator_17a" time="0.001"/>
  <testcase name="testAbaNumberCheck_37404_bad" classname="com.cardatechnologies.utils.validators.abaroutevalidator.Test_AbaRouteValidator_17a" time="0"/>
  <testcase name="testAbaNumberCheck_36140_bad" classname="com.cardatechnologies.utils.validators.abaroutevalidator.Test_AbaRouteValidator_17a" time="0"/>
  <testcase name="testAbaNumberCheck_37406_bad" classname="com.cardatechnologies.utils.validators.abaroutevalidator.Test_AbaRouteValidator_17a" time="0"/>
  <testcase name="testAbaNumberCheck_36142_bad" classname="com.cardatechnologies.utils.validators.abaroutevalidator.Test_AbaRouteValidator_17a" time="0"/>
  <testcase name="testAbaNumberCheck_36909_good" classname="com.cardatechnologies.utils.validators.abaroutevalidator.Test_AbaRouteValidator_17a" time="0"/>
  <testcase name="testAbaNumberCheck_37408_bad" classname="com.cardatechnologies.utils.validators.abaroutevalidator.Test_AbaRouteValidator_17a" time="0"/>
  <testcase name="testAbaNumberCheck_35275_good" classname="com.cardatechnologies.utils.validators.abaroutevalidator.Test_AbaRouteValidator_17a" time="0"/>
  <testcase name="testAbaNumberCheck_35330_bad" classname="com.cardatechnologies.utils.validators.abaroutevalidator.Test_AbaRouteValidator_17a" time="0"/>
  <testcase name="testAbaNumberCheck_36144_bad" classname="com.cardatechnologies.utils.validators.abaroutevalidator.Test_AbaRouteValidator_17a" time="0"/>
  <testcase name="testAbaNumberCheck_35332_bad" classname="com.cardatechnologies.utils.validators.abaroutevalidator.Test_AbaRouteValidator_17a" time="0"/>
  <testcase name="testAbaNumberCheck_36873_good" classname="com.cardatechnologies.utils.validators.abaroutevalidator.Test_AbaRouteValidator_17a" time="0"/>
  <testcase name="testAbaNumberCheck_36146_bad" classname="com.cardatechnologies.utils.validators.abaroutevalidator.Test_AbaRouteValidator_17a" time="0"/>
  <testcase name="testAbaNumberCheck_35933_good" classname="com.cardatechnologies.utils.validators.abaroutevalidator.Test_AbaRouteValidator_17a" time="0"/>
  <testcase name="testAbaNumberCheck_36089_good" classname="com.cardatechnologies.utils.validators.abaroutevalidator.Test_AbaRouteValidator_17a" time="0"/>
  <testcase name="testAbaNumberCheck_35334_bad" classname="com.cardatechnologies.utils.validators.abaroutevalidator.Test_AbaRouteValidator_17a" time="0"/>
  <testcase name="testAbaNumberCheck_36148_bad" classname="com.cardatechnologies.utils.validators.abaroutevalidator.Test_AbaRouteValidator_17a" time="0"/>
  <testcase name="testAbaNumberCheck_35149_good" classname="com.cardatechnologies.utils.validators.abaroutevalidator.Test_AbaRouteValidator_17a" time="0"/>
  <testcase name="testAbaNumberCheck_35336_bad" classname="com.cardatechnologies.utils.validators.abaroutevalidator.Test_AbaRouteValidator_17a" time="0"/>
  <testcase name="testAbaNumberCheck_36747_good" classname="com.cardatechnologies.utils.validators.abaroutevalidator.Test_AbaRouteValidator_17a" time="0"/>
  <testcase name="testAbaNumberCheck_35807_good" classname="com.cardatechnologies.utils.validators.abaroutevalidator.Test_AbaRouteValidator_17a" time="0"/>
  <testcase name="testAbaNumberCheck_35338_bad" classname="com.cardatechnologies.utils.validators.abaroutevalidator.Test_AbaRouteValidator_17a" time="0.001"/>
  <testcase name="testAbaNumberCheck_35771_good" classname="com.cardatechnologies.utils.validators.abaroutevalidator.Test_AbaRouteValidator_17a" time="0"/>
  <testcase name="testAbaNumberCheck_36585_good" classname="com.cardatechnologies.utils.validators.abaroutevalidator.Test_AbaRouteValidator_17a" time="0"/>
  <testcase name="testAbaNumberCheck_35645_good" classname="com.cardatechnologies.utils.validators.abaroutevalidator.Test_AbaRouteValidator_17a" time="0"/>
  <testcase name="testAbaNumberCheck_37399_good" classname="com.cardatechnologies.utils.validators.abaroutevalidator.Test_AbaRouteValidator_17a" time="0"/>
  <testcase name="testAbaNumberCheck_36459_good" classname="com.cardatechnologies.utils.validators.abaroutevalidator.Test_AbaRouteValidator_17a" time="0"/>
  <testcase name="testAbaNumberCheck_35519_good" classname="com.cardatechnologies.utils.validators.abaroutevalidator.Test_AbaRouteValidator_17a" time="0"/>
  <testcase name="testAbaNumberCheck_35483_good" classname="com.cardatechnologies.utils.validators.abaroutevalidator.Test_AbaRouteValidator_17a" time="0"/>
  <testcase name="testAbaNumberCheck_37410_bad" classname="com.cardatechnologies.utils.validators.abaroutevalidator.Test_AbaRouteValidator_17a" time="0"/>
  <testcase name="testAbaNumberCheck_37412_bad" classname="com.cardatechnologies.utils.validators.abaroutevalidator.Test_AbaRouteValidator_17a" time="0"/>
  <testcase name="testAbaNumberCheck_36600_bad" classname="com.cardatechnologies.utils.validators.abaroutevalidator.Test_AbaRouteValidator_17a" time="0"/>
  <testcase name="testAbaNumberCheck_36297_good" classname="com.cardatechnologies.utils.validators.abaroutevalidator.Test_AbaRouteValidator_17a" time="0"/>
  <testcase name="testAbaNumberCheck_37414_bad" classname="com.cardatechnologies.utils.validators.abaroutevalidator.Test_AbaRouteValidator_17a" time="0"/>
  <testcase name="testAbaNumberCheck_35357_good" classname="com.cardatechnologies.utils.validators.abaroutevalidator.Test_AbaRouteValidator_17a" time="0"/>
  <testcase name="testAbaNumberCheck_36150_bad" classname="com.cardatechnologies.utils.validators.abaroutevalidator.Test_AbaRouteValidator_17a" time="0"/>
  <testcase name="testAbaNumberCheck_36602_bad" classname="com.cardatechnologies.utils.validators.abaroutevalidator.Test_AbaRouteValidator_17a" time="0"/>
  <testcase name="testAbaNumberCheck_37416_bad" classname="com.cardatechnologies.utils.validators.abaroutevalidator.Test_AbaRouteValidator_17a" time="0"/>
  <testcase name="testAbaNumberCheck_36152_bad" classname="com.cardatechnologies.utils.validators.abaroutevalidator.Test_AbaRouteValidator_17a" time="0"/>
  <testcase name="testAbaNumberCheck_36955_good" classname="com.cardatechnologies.utils.validators.abaroutevalidator.Test_AbaRouteValidator_17a" time="0"/>
  <testcase name="testAbaNumberCheck_36604_bad" classname="com.cardatechnologies.utils.validators.abaroutevalidator.Test_AbaRouteValidator_17a" time="0"/>
  <testcase name="testAbaNumberCheck_37418_bad" classname="com.cardatechnologies.utils.validators.abaroutevalidator.Test_AbaRouteValidator_17a" time="0.001"/>
  <testcase name="testAbaNumberCheck_35340_bad" classname="com.cardatechnologies.utils.validators.abaroutevalidator.Test_AbaRouteValidator_17a" time="0"/>
  <testcase name="testAbaNumberCheck_36154_bad" classname="com.cardatechnologies.utils.validators.abaroutevalidator.Test_AbaRouteValidator_17a" time="0"/>
  <testcase name="testAbaNumberCheck_36606_bad" classname="com.cardatechnologies.utils.validators.abaroutevalidator.Test_AbaRouteValidator_17a" time="0"/>
  <testcase name="testAbaNumberCheck_35342_bad" classname="com.cardatechnologies.utils.validators.abaroutevalidator.Test_AbaRouteValidator_17a" time="0"/>
  <testcase name="testAbaNumberCheck_36156_bad" classname="com.cardatechnologies.utils.validators.abaroutevalidator.Test_AbaRouteValidator_17a" time="0"/>
  <testcase name="testAbaNumberCheck_36829_good" classname="com.cardatechnologies.utils.validators.abaroutevalidator.Test_AbaRouteValidator_17a" time="0"/>
  <testcase name="testAbaNumberCheck_36608_bad" classname="com.cardatechnologies.utils.validators.abaroutevalidator.Test_AbaRouteValidator_17a" time="0"/>
  <testcase name="testAbaNumberCheck_35195_good" classname="com.cardatechnologies.utils.validators.abaroutevalidator.Test_AbaRouteValidator_17a" time="0"/>
  <testcase name="testAbaNumberCheck_35344_bad" classname="com.cardatechnologies.utils.validators.abaroutevalidator.Test_AbaRouteValidator_17a" time="0"/>
  <testcase name="testAbaNumberCheck_36158_bad" classname="com.cardatechnologies.utils.validators.abaroutevalidator.Test_AbaRouteValidator_17a" time="0"/>
  <testcase name="testAbaNumberCheck_36793_good" classname="com.cardatechnologies.utils.validators.abaroutevalidator.Test_AbaRouteValidator_17a" time="0"/>
  <testcase name="testAbaNumberCheck_35346_bad" classname="com.cardatechnologies.utils.validators.abaroutevalidator.Test_AbaRouteValidator_17a" time="0"/>
  <testcase name="testAbaNumberCheck_35853_good" classname="com.cardatechnologies.utils.validators.abaroutevalidator.Test_AbaRouteValidator_17a" time="0"/>
  <testcase name="testAbaNumberCheck_35348_bad" classname="com.cardatechnologies.utils.validators.abaroutevalidator.Test_AbaRouteValidator_17a" time="0"/>
  <testcase name="testAbaNumberCheck_36667_good" classname="com.cardatechnologies.utils.validators.abaroutevalidator.Test_AbaRouteValidator_17a" time="0"/>
  <testcase name="testAbaNumberCheck_35727_good" classname="com.cardatechnologies.utils.validators.abaroutevalidator.Test_AbaRouteValidator_17a" time="0"/>
  <testcase name="testAbaNumberCheck_35691_good" classname="com.cardatechnologies.utils.validators.abaroutevalidator.Test_AbaRouteValidator_17a" time="0"/>
  <testcase name="testAbaNumberCheck_35565_good" classname="com.cardatechnologies.utils.validators.abaroutevalidator.Test_AbaRouteValidator_17a" time="0"/>
  <testcase name="testAbaNumberCheck_37420_bad" classname="com.cardatechnologies.utils.validators.abaroutevalidator.Test_AbaRouteValidator_17a" time="0"/>
  <testcase name="testAbaNumberCheck_36379_good" classname="com.cardatechnologies.utils.validators.abaroutevalidator.Test_AbaRouteValidator_17a" time="0"/>
  <testcase name="testAbaNumberCheck_35439_good" classname="com.cardatechnologies.utils.validators.abaroutevalidator.Test_AbaRouteValidator_17a" time="0"/>
  <testcase name="testAbaNumberCheck_37422_bad" classname="com.cardatechnologies.utils.validators.abaroutevalidator.Test_AbaRouteValidator_17a" time="0"/>
  <testcase name="testAbaNumberCheck_36610_bad" classname="com.cardatechnologies.utils.validators.abaroutevalidator.Test_AbaRouteValidator_17a" time="0"/>
  <testcase name="testAbaNumberCheck_37424_bad" classname="com.cardatechnologies.utils.validators.abaroutevalidator.Test_AbaRouteValidator_17a" time="0"/>
  <testcase name="testAbaNumberCheck_36160_bad" classname="com.cardatechnologies.utils.validators.abaroutevalidator.Test_AbaRouteValidator_17a" time="0"/>
  <testcase name="testAbaNumberCheck_36612_bad" classname="com.cardatechnologies.utils.validators.abaroutevalidator.Test_AbaRouteValidator_17a" time="0"/>
  <testcase name="testAbaNumberCheck_37426_bad" classname="com.cardatechnologies.utils.validators.abaroutevalidator.Test_AbaRouteValidator_17a" time="0"/>
  <testcase name="testAbaNumberCheck_36162_bad" classname="com.cardatechnologies.utils.validators.abaroutevalidator.Test_AbaRouteValidator_17a" time="0"/>
  <testcase name="testAbaNumberCheck_35800_bad" classname="com.cardatechnologies.utils.validators.abaroutevalidator.Test_AbaRouteValidator_17a" time="0"/>
  <testcase name="testAbaNumberCheck_36614_bad" classname="com.cardatechnologies.utils.validators.abaroutevalidator.Test_AbaRouteValidator_17a" time="0"/>
  <testcase name="testAbaNumberCheck_37428_bad" classname="com.cardatechnologies.utils.validators.abaroutevalidator.Test_AbaRouteValidator_17a" time="0"/>
  <testcase name="testAbaNumberCheck_35277_good" classname="com.cardatechnologies.utils.validators.abaroutevalidator.Test_AbaRouteValidator_17a" time="0"/>
  <testcase name="testAbaNumberCheck_35350_bad" classname="com.cardatechnologies.utils.validators.abaroutevalidator.Test_AbaRouteValidator_17a" time="0"/>
  <testcase name="testAbaNumberCheck_36164_bad" classname="com.cardatechnologies.utils.validators.abaroutevalidator.Test_AbaRouteValidator_17a" time="0"/>
  <testcase name="testAbaNumberCheck_35802_bad" classname="com.cardatechnologies.utils.validators.abaroutevalidator.Test_AbaRouteValidator_17a" time="0"/>
  <testcase name="testAbaNumberCheck_36616_bad" classname="com.cardatechnologies.utils.validators.abaroutevalidator.Test_AbaRouteValidator_17a" time="0"/>
  <testcase name="testAbaNumberCheck_35352_bad" classname="com.cardatechnologies.utils.validators.abaroutevalidator.Test_AbaRouteValidator_17a" time="0"/>
  <testcase name="testAbaNumberCheck_36875_good" classname="com.cardatechnologies.utils.validators.abaroutevalidator.Test_AbaRouteValidator_17a" time="0"/>
  <testcase name="testAbaNumberCheck_36166_bad" classname="com.cardatechnologies.utils.validators.abaroutevalidator.Test_AbaRouteValidator_17a" time="0"/>
  <testcase name="testAbaNumberCheck_35935_good" classname="com.cardatechnologies.utils.validators.abaroutevalidator.Test_AbaRouteValidator_17a" time="0"/>
  <testcase name="testAbaNumberCheck_35804_bad" classname="com.cardatechnologies.utils.validators.abaroutevalidator.Test_AbaRouteValidator_17a" time="0"/>
  <testcase name="testAbaNumberCheck_36618_bad" classname="com.cardatechnologies.utils.validators.abaroutevalidator.Test_AbaRouteValidator_17a" time="0"/>
  <testcase name="testAbaNumberCheck_35354_bad" classname="com.cardatechnologies.utils.validators.abaroutevalidator.Test_AbaRouteValidator_17a" time="0"/>
  <testcase name="testAbaNumberCheck_36168_bad" classname="com.cardatechnologies.utils.validators.abaroutevalidator.Test_AbaRouteValidator_17a" time="0.001"/>
  <testcase name="testAbaNumberCheck_35806_bad" classname="com.cardatechnologies.utils.validators.abaroutevalidator.Test_AbaRouteValidator_17a" time="0"/>
  <testcase name="testAbaNumberCheck_35356_bad" classname="com.cardatechnologies.utils.validators.abaroutevalidator.Test_AbaRouteValidator_17a" time="0"/>
  <testcase name="testAbaNumberCheck_36749_good" classname="com.cardatechnologies.utils.validators.abaroutevalidator.Test_AbaRouteValidator_17a" time="0"/>
  <testcase name="testAbaNumberCheck_35809_good" classname="com.cardatechnologies.utils.validators.abaroutevalidator.Test_AbaRouteValidator_17a" time="0"/>
  <testcase name="testAbaNumberCheck_35808_bad" classname="com.cardatechnologies.utils.validators.abaroutevalidator.Test_AbaRouteValidator_17a" time="0"/>
  <testcase name="testAbaNumberCheck_35358_bad" classname="com.cardatechnologies.utils.validators.abaroutevalidator.Test_AbaRouteValidator_17a" time="0"/>
  <testcase name="testAbaNumberCheck_35773_good" classname="com.cardatechnologies.utils.validators.abaroutevalidator.Test_AbaRouteValidator_17a" time="0"/>
  <testcase name="testAbaNumberCheck_36587_good" classname="com.cardatechnologies.utils.validators.abaroutevalidator.Test_AbaRouteValidator_17a" time="0"/>
  <testcase name="testAbaNumberCheck_35647_good" classname="com.cardatechnologies.utils.validators.abaroutevalidator.Test_AbaRouteValidator_17a" time="0"/>
  <testcase name="testAbaNumberCheck_35485_good" classname="com.cardatechnologies.utils.validators.abaroutevalidator.Test_AbaRouteValidator_17a" time="0"/>
  <testcase name="testAbaNumberCheck_37430_bad" classname="com.cardatechnologies.utils.validators.abaroutevalidator.Test_AbaRouteValidator_17a" time="0"/>
  <testcase name="testAbaNumberCheck_37432_bad" classname="com.cardatechnologies.utils.validators.abaroutevalidator.Test_AbaRouteValidator_17a" time="0"/>
  <testcase name="testAbaNumberCheck_36620_bad" classname="com.cardatechnologies.utils.validators.abaroutevalidator.Test_AbaRouteValidator_17a" time="0"/>
  <testcase name="testAbaNumberCheck_36299_good" classname="com.cardatechnologies.utils.validators.abaroutevalidator.Test_AbaRouteValidator_17a" time="0"/>
  <testcase name="testAbaNumberCheck_37434_bad" classname="com.cardatechnologies.utils.validators.abaroutevalidator.Test_AbaRouteValidator_17a" time="0"/>
  <testcase name="testAbaNumberCheck_35359_good" classname="com.cardatechnologies.utils.validators.abaroutevalidator.Test_AbaRouteValidator_17a" time="0"/>
  <testcase name="testAbaNumberCheck_36170_bad" classname="com.cardatechnologies.utils.validators.abaroutevalidator.Test_AbaRouteValidator_17a" time="0"/>
  <testcase name="testAbaNumberCheck_36622_bad" classname="com.cardatechnologies.utils.validators.abaroutevalidator.Test_AbaRouteValidator_17a" time="0"/>
  <testcase name="testAbaNumberCheck_37436_bad" classname="com.cardatechnologies.utils.validators.abaroutevalidator.Test_AbaRouteValidator_17a" time="0"/>
  <testcase name="testAbaNumberCheck_36172_bad" classname="com.cardatechnologies.utils.validators.abaroutevalidator.Test_AbaRouteValidator_17a" time="0.001"/>
  <testcase name="testAbaNumberCheck_36957_good" classname="com.cardatechnologies.utils.validators.abaroutevalidator.Test_AbaRouteValidator_17a" time="0"/>
  <testcase name="testAbaNumberCheck_35810_bad" classname="com.cardatechnologies.utils.validators.abaroutevalidator.Test_AbaRouteValidator_17a" time="0"/>
  <testcase name="testAbaNumberCheck_36624_bad" classname="com.cardatechnologies.utils.validators.abaroutevalidator.Test_AbaRouteValidator_17a" time="0"/>
  <testcase name="testAbaNumberCheck_37438_bad" classname="com.cardatechnologies.utils.validators.abaroutevalidator.Test_AbaRouteValidator_17a" time="0"/>
  <testcase name="testAbaNumberCheck_35360_bad" classname="com.cardatechnologies.utils.validators.abaroutevalidator.Test_AbaRouteValidator_17a" time="0"/>
  <testcase name="testAbaNumberCheck_36174_bad" classname="com.cardatechnologies.utils.validators.abaroutevalidator.Test_AbaRouteValidator_17a" time="0"/>
  <testcase name="testAbaNumberCheck_35812_bad" classname="com.cardatechnologies.utils.validators.abaroutevalidator.Test_AbaRouteValidator_17a" time="0"/>
  <testcase name="testAbaNumberCheck_36626_bad" classname="com.cardatechnologies.utils.validators.abaroutevalidator.Test_AbaRouteValidator_17a" time="0"/>
  <testcase name="testAbaNumberCheck_35981_good" classname="com.cardatechnologies.utils.validators.abaroutevalidator.Test_AbaRouteValidator_17a" time="0"/>
  <testcase name="testAbaNumberCheck_35362_bad" classname="com.cardatechnologies.utils.validators.abaroutevalidator.Test_AbaRouteValidator_17a" time="0"/>
  <testcase name="testAbaNumberCheck_36176_bad" classname="com.cardatechnologies.utils.validators.abaroutevalidator.Test_AbaRouteValidator_17a" time="0"/>
  <testcase name="testAbaNumberCheck_35814_bad" classname="com.cardatechnologies.utils.validators.abaroutevalidator.Test_AbaRouteValidator_17a" time="0"/>
  <testcase name="testAbaNumberCheck_36628_bad" classname="com.cardatechnologies.utils.validators.abaroutevalidator.Test_AbaRouteValidator_17a" time="0"/>
  <testcase name="testAbaNumberCheck_35197_good" classname="com.cardatechnologies.utils.validators.abaroutevalidator.Test_AbaRouteValidator_17a" time="0"/>
  <testcase name="testAbaNumberCheck_35364_bad" classname="com.cardatechnologies.utils.validators.abaroutevalidator.Test_AbaRouteValidator_17a" time="0"/>
  <testcase name="testAbaNumberCheck_36178_bad" classname="com.cardatechnologies.utils.validators.abaroutevalidator.Test_AbaRouteValidator_17a" time="0"/>
  <testcase name="testAbaNumberCheck_35816_bad" classname="com.cardatechnologies.utils.validators.abaroutevalidator.Test_AbaRouteValidator_17a" time="0"/>
  <testcase name="testAbaNumberCheck_36795_good" classname="com.cardatechnologies.utils.validators.abaroutevalidator.Test_AbaRouteValidator_17a" time="0"/>
  <testcase name="testAbaNumberCheck_35366_bad" classname="com.cardatechnologies.utils.validators.abaroutevalidator.Test_AbaRouteValidator_17a" time="0"/>
  <testcase name="testAbaNumberCheck_35855_good" classname="com.cardatechnologies.utils.validators.abaroutevalidator.Test_AbaRouteValidator_17a" time="0"/>
  <testcase name="testAbaNumberCheck_35818_bad" classname="com.cardatechnologies.utils.validators.abaroutevalidator.Test_AbaRouteValidator_17a" time="0.001"/>
  <testcase name="testAbaNumberCheck_35368_bad" classname="com.cardatechnologies.utils.validators.abaroutevalidator.Test_AbaRouteValidator_17a" time="0"/>
  <testcase name="testAbaNumberCheck_36669_good" classname="com.cardatechnologies.utils.validators.abaroutevalidator.Test_AbaRouteValidator_17a" time="0"/>
  <testcase name="testAbaNumberCheck_35729_good" classname="com.cardatechnologies.utils.validators.abaroutevalidator.Test_AbaRouteValidator_17a" time="0"/>
  <testcase name="testAbaNumberCheck_35693_good" classname="com.cardatechnologies.utils.validators.abaroutevalidator.Test_AbaRouteValidator_17a" time="0"/>
  <testcase name="testAbaNumberCheck_35567_good" classname="com.cardatechnologies.utils.validators.abaroutevalidator.Test_AbaRouteValidator_17a" time="0"/>
  <testcase name="testAbaNumberCheck_37440_bad" classname="com.cardatechnologies.utils.validators.abaroutevalidator.Test_AbaRouteValidator_17a" time="0"/>
  <testcase name="testAbaNumberCheck_37442_bad" classname="com.cardatechnologies.utils.validators.abaroutevalidator.Test_AbaRouteValidator_17a" time="0"/>
  <testcase name="testAbaNumberCheck_36630_bad" classname="com.cardatechnologies.utils.validators.abaroutevalidator.Test_AbaRouteValidator_17a" time="0"/>
  <testcase name="testAbaNumberCheck_37444_bad" classname="com.cardatechnologies.utils.validators.abaroutevalidator.Test_AbaRouteValidator_17a" time="0"/>
  <testcase name="testAbaNumberCheck_36180_bad" classname="com.cardatechnologies.utils.validators.abaroutevalidator.Test_AbaRouteValidator_17a" time="0"/>
  <testcase name="testAbaNumberCheck_36632_bad" classname="com.cardatechnologies.utils.validators.abaroutevalidator.Test_AbaRouteValidator_17a" time="0"/>
  <testcase name="testAbaNumberCheck_37446_bad" classname="com.cardatechnologies.utils.validators.abaroutevalidator.Test_AbaRouteValidator_17a" time="0"/>
  <testcase name="testAbaNumberCheck_36182_bad" classname="com.cardatechnologies.utils.validators.abaroutevalidator.Test_AbaRouteValidator_17a" time="0"/>
  <testcase name="testAbaNumberCheck_35820_bad" classname="com.cardatechnologies.utils.validators.abaroutevalidator.Test_AbaRouteValidator_17a" time="0"/>
  <testcase name="testAbaNumberCheck_36634_bad" classname="com.cardatechnologies.utils.validators.abaroutevalidator.Test_AbaRouteValidator_17a" time="0"/>
  <testcase name="testAbaNumberCheck_37448_bad" classname="com.cardatechnologies.utils.validators.abaroutevalidator.Test_AbaRouteValidator_17a" time="0"/>
  <testcase name="testAbaNumberCheck_35279_good" classname="com.cardatechnologies.utils.validators.abaroutevalidator.Test_AbaRouteValidator_17a" time="0"/>
  <testcase name="testAbaNumberCheck_35370_bad" classname="com.cardatechnologies.utils.validators.abaroutevalidator.Test_AbaRouteValidator_17a" time="0"/>
  <testcase name="testAbaNumberCheck_36184_bad" classname="com.cardatechnologies.utils.validators.abaroutevalidator.Test_AbaRouteValidator_17a" time="0"/>
  <testcase name="testAbaNumberCheck_35822_bad" classname="com.cardatechnologies.utils.validators.abaroutevalidator.Test_AbaRouteValidator_17a" time="0.001"/>
  <testcase name="testAbaNumberCheck_36636_bad" classname="com.cardatechnologies.utils.validators.abaroutevalidator.Test_AbaRouteValidator_17a" time="0"/>
  <testcase name="testAbaNumberCheck_35372_bad" classname="com.cardatechnologies.utils.validators.abaroutevalidator.Test_AbaRouteValidator_17a" time="0"/>
  <testcase name="testAbaNumberCheck_36877_good" classname="com.cardatechnologies.utils.validators.abaroutevalidator.Test_AbaRouteValidator_17a" time="0"/>
  <testcase name="testAbaNumberCheck_36186_bad" classname="com.cardatechnologies.utils.validators.abaroutevalidator.Test_AbaRouteValidator_17a" time="0"/>
  <testcase name="testAbaNumberCheck_35937_good" classname="com.cardatechnologies.utils.validators.abaroutevalidator.Test_AbaRouteValidator_17a" time="0"/>
  <testcase name="testAbaNumberCheck_35824_bad" classname="com.cardatechnologies.utils.validators.abaroutevalidator.Test_AbaRouteValidator_17a" time="0"/>
  <testcase name="testAbaNumberCheck_36638_bad" classname="com.cardatechnologies.utils.validators.abaroutevalidator.Test_AbaRouteValidator_17a" time="0"/>
  <testcase name="testAbaNumberCheck_35374_bad" classname="com.cardatechnologies.utils.validators.abaroutevalidator.Test_AbaRouteValidator_17a" time="0"/>
  <testcase name="testAbaNumberCheck_36188_bad" classname="com.cardatechnologies.utils.validators.abaroutevalidator.Test_AbaRouteValidator_17a" time="0"/>
  <testcase name="testAbaNumberCheck_35826_bad" classname="com.cardatechnologies.utils.validators.abaroutevalidator.Test_AbaRouteValidator_17a" time="0"/>
  <testcase name="testAbaNumberCheck_35376_bad" classname="com.cardatechnologies.utils.validators.abaroutevalidator.Test_AbaRouteValidator_17a" time="0"/>
  <testcase name="testAbaNumberCheck_35828_bad" classname="com.cardatechnologies.utils.validators.abaroutevalidator.Test_AbaRouteValidator_17a" time="0"/>
  <testcase name="testAbaNumberCheck_35378_bad" classname="com.cardatechnologies.utils.validators.abaroutevalidator.Test_AbaRouteValidator_17a" time="0"/>
  <testcase name="testAbaNumberCheck_35775_good" classname="com.cardatechnologies.utils.validators.abaroutevalidator.Test_AbaRouteValidator_17a" time="0"/>
  <testcase name="testAbaNumberCheck_36589_good" classname="com.cardatechnologies.utils.validators.abaroutevalidator.Test_AbaRouteValidator_17a" time="0"/>
  <testcase name="testAbaNumberCheck_35649_good" classname="com.cardatechnologies.utils.validators.abaroutevalidator.Test_AbaRouteValidator_17a" time="0"/>
  <testcase name="testAbaNumberCheck_35487_good" classname="com.cardatechnologies.utils.validators.abaroutevalidator.Test_AbaRouteValidator_17a" time="0"/>
  <testcase name="testAbaNumberCheck_37450_bad" classname="com.cardatechnologies.utils.validators.abaroutevalidator.Test_AbaRouteValidator_17a" time="0"/>
  <testcase name="testAbaNumberCheck_37452_bad" classname="com.cardatechnologies.utils.validators.abaroutevalidator.Test_AbaRouteValidator_17a" time="0"/>
  <testcase name="testAbaNumberCheck_36640_bad" classname="com.cardatechnologies.utils.validators.abaroutevalidator.Test_AbaRouteValidator_17a" time="0.001"/>
  <testcase name="testAbaNumberCheck_37454_bad" classname="com.cardatechnologies.utils.validators.abaroutevalidator.Test_AbaRouteValidator_17a" time="0"/>
  <testcase name="testAbaNumberCheck_36190_bad" classname="com.cardatechnologies.utils.validators.abaroutevalidator.Test_AbaRouteValidator_17a" time="0"/>
  <testcase name="testAbaNumberCheck_36642_bad" classname="com.cardatechnologies.utils.validators.abaroutevalidator.Test_AbaRouteValidator_17a" time="0"/>
  <testcase name="testAbaNumberCheck_37456_bad" classname="com.cardatechnologies.utils.validators.abaroutevalidator.Test_AbaRouteValidator_17a" time="0"/>
  <testcase name="testAbaNumberCheck_36192_bad" classname="com.cardatechnologies.utils.validators.abaroutevalidator.Test_AbaRouteValidator_17a" time="0"/>
  <testcase name="testAbaNumberCheck_36959_good" classname="com.cardatechnologies.utils.validators.abaroutevalidator.Test_AbaRouteValidator_17a" time="0"/>
  <testcase name="testAbaNumberCheck_35830_bad" classname="com.cardatechnologies.utils.validators.abaroutevalidator.Test_AbaRouteValidator_17a" time="0"/>
  <testcase name="testAbaNumberCheck_36644_bad" classname="com.cardatechnologies.utils.validators.abaroutevalidator.Test_AbaRouteValidator_17a" time="0"/>
  <testcase name="testAbaNumberCheck_37458_bad" classname="com.cardatechnologies.utils.validators.abaroutevalidator.Test_AbaRouteValidator_17a" time="0"/>
  <testcase name="testAbaNumberCheck_35380_bad" classname="com.cardatechnologies.utils.validators.abaroutevalidator.Test_AbaRouteValidator_17a" time="0"/>
  <testcase name="testAbaNumberCheck_36194_bad" classname="com.cardatechnologies.utils.validators.abaroutevalidator.Test_AbaRouteValidator_17a" time="0"/>
  <testcase name="testAbaNumberCheck_35832_bad" classname="com.cardatechnologies.utils.validators.abaroutevalidator.Test_AbaRouteValidator_17a" time="0"/>
  <testcase name="testAbaNumberCheck_36646_bad" classname="com.cardatechnologies.utils.validators.abaroutevalidator.Test_AbaRouteValidator_17a" time="0"/>
  <testcase name="testAbaNumberCheck_35983_good" classname="com.cardatechnologies.utils.validators.abaroutevalidator.Test_AbaRouteValidator_17a" time="0"/>
  <testcase name="testAbaNumberCheck_35382_bad" classname="com.cardatechnologies.utils.validators.abaroutevalidator.Test_AbaRouteValidator_17a" time="0"/>
  <testcase name="testAbaNumberCheck_36196_bad" classname="com.cardatechnologies.utils.validators.abaroutevalidator.Test_AbaRouteValidator_17a" time="0"/>
  <testcase name="testAbaNumberCheck_35834_bad" classname="com.cardatechnologies.utils.validators.abaroutevalidator.Test_AbaRouteValidator_17a" time="0"/>
  <testcase name="testAbaNumberCheck_36648_bad" classname="com.cardatechnologies.utils.validators.abaroutevalidator.Test_AbaRouteValidator_17a" time="0"/>
  <testcase name="testAbaNumberCheck_35199_good" classname="com.cardatechnologies.utils.validators.abaroutevalidator.Test_AbaRouteValidator_17a" time="0.001"/>
  <testcase name="testAbaNumberCheck_35384_bad" classname="com.cardatechnologies.utils.validators.abaroutevalidator.Test_AbaRouteValidator_17a" time="0"/>
  <testcase name="testAbaNumberCheck_36198_bad" classname="com.cardatechnologies.utils.validators.abaroutevalidator.Test_AbaRouteValidator_17a" time="0"/>
  <testcase name="testAbaNumberCheck_35836_bad" classname="com.cardatechnologies.utils.validators.abaroutevalidator.Test_AbaRouteValidator_17a" time="0"/>
  <testcase name="testAbaNumberCheck_36797_good" classname="com.cardatechnologies.utils.validators.abaroutevalidator.Test_AbaRouteValidator_17a" time="0"/>
  <testcase name="testAbaNumberCheck_35386_bad" classname="com.cardatechnologies.utils.validators.abaroutevalidator.Test_AbaRouteValidator_17a" time="0"/>
  <testcase name="testAbaNumberCheck_35857_good" classname="com.cardatechnologies.utils.validators.abaroutevalidator.Test_AbaRouteValidator_17a" time="0"/>
  <testcase name="testAbaNumberCheck_35838_bad" classname="com.cardatechnologies.utils.validators.abaroutevalidator.Test_AbaRouteValidator_17a" time="0"/>
  <testcase name="testAbaNumberCheck_35388_bad" classname="com.cardatechnologies.utils.validators.abaroutevalidator.Test_AbaRouteValidator_17a" time="0"/>
  <testcase name="testAbaNumberCheck_35695_good" classname="com.cardatechnologies.utils.validators.abaroutevalidator.Test_AbaRouteValidator_17a" time="0"/>
  <testcase name="testAbaNumberCheck_35569_good" classname="com.cardatechnologies.utils.validators.abaroutevalidator.Test_AbaRouteValidator_17a" time="0"/>
  <testcase name="testAbaNumberCheck_37460_bad" classname="com.cardatechnologies.utils.validators.abaroutevalidator.Test_AbaRouteValidator_17a" time="0"/>
  <testcase name="testAbaNumberCheck_37462_bad" classname="com.cardatechnologies.utils.validators.abaroutevalidator.Test_AbaRouteValidator_17a" time="0"/>
  <testcase name="testAbaNumberCheck_36650_bad" classname="com.cardatechnologies.utils.validators.abaroutevalidator.Test_AbaRouteValidator_17a" time="0"/>
  <testcase name="testAbaNumberCheck_37464_bad" classname="com.cardatechnologies.utils.validators.abaroutevalidator.Test_AbaRouteValidator_17a" time="0"/>
  <testcase name="testAbaNumberCheck_36652_bad" classname="com.cardatechnologies.utils.validators.abaroutevalidator.Test_AbaRouteValidator_17a" time="0"/>
  <testcase name="testAbaNumberCheck_37466_bad" classname="com.cardatechnologies.utils.validators.abaroutevalidator.Test_AbaRouteValidator_17a" time="0"/>
  <testcase name="testAbaNumberCheck_35840_bad" classname="com.cardatechnologies.utils.validators.abaroutevalidator.Test_AbaRouteValidator_17a" time="0"/>
  <testcase name="testAbaNumberCheck_36654_bad" classname="com.cardatechnologies.utils.validators.abaroutevalidator.Test_AbaRouteValidator_17a" time="0"/>
  <testcase name="testAbaNumberCheck_37468_bad" classname="com.cardatechnologies.utils.validators.abaroutevalidator.Test_AbaRouteValidator_17a" time="0.001"/>
  <testcase name="testAbaNumberCheck_35390_bad" classname="com.cardatechnologies.utils.validators.abaroutevalidator.Test_AbaRouteValidator_17a" time="0"/>
  <testcase name="testAbaNumberCheck_35842_bad" classname="com.cardatechnologies.utils.validators.abaroutevalidator.Test_AbaRouteValidator_17a" time="0"/>
  <testcase name="testAbaNumberCheck_36656_bad" classname="com.cardatechnologies.utils.validators.abaroutevalidator.Test_AbaRouteValidator_17a" time="0"/>
  <testcase name="testAbaNumberCheck_35392_bad" classname="com.cardatechnologies.utils.validators.abaroutevalidator.Test_AbaRouteValidator_17a" time="0"/>
  <testcase name="testAbaNumberCheck_36879_good" classname="com.cardatechnologies.utils.validators.abaroutevalidator.Test_AbaRouteValidator_17a" time="0"/>
  <testcase name="testAbaNumberCheck_35939_good" classname="com.cardatechnologies.utils.validators.abaroutevalidator.Test_AbaRouteValidator_17a" time="0"/>
  <testcase name="testAbaNumberCheck_35844_bad" classname="com.cardatechnologies.utils.validators.abaroutevalidator.Test_AbaRouteValidator_17a" time="0"/>
  <testcase name="testAbaNumberCheck_36658_bad" classname="com.cardatechnologies.utils.validators.abaroutevalidator.Test_AbaRouteValidator_17a" time="0"/>
  <testcase name="testAbaNumberCheck_35394_bad" classname="com.cardatechnologies.utils.validators.abaroutevalidator.Test_AbaRouteValidator_17a" time="0"/>
  <testcase name="testAbaNumberCheck_35846_bad" classname="com.cardatechnologies.utils.validators.abaroutevalidator.Test_AbaRouteValidator_17a" time="0"/>
  <testcase name="testAbaNumberCheck_35396_bad" classname="com.cardatechnologies.utils.validators.abaroutevalidator.Test_AbaRouteValidator_17a" time="0"/>
  <testcase name="testAbaNumberCheck_35848_bad" classname="com.cardatechnologies.utils.validators.abaroutevalidator.Test_AbaRouteValidator_17a" time="0"/>
  <testcase name="testAbaNumberCheck_35398_bad" classname="com.cardatechnologies.utils.validators.abaroutevalidator.Test_AbaRouteValidator_17a" time="0"/>
  <testcase name="testAbaNumberCheck_35777_good" classname="com.cardatechnologies.utils.validators.abaroutevalidator.Test_AbaRouteValidator_17a" time="0"/>
  <testcase name="testAbaNumberCheck_35489_good" classname="com.cardatechnologies.utils.validators.abaroutevalidator.Test_AbaRouteValidator_17a" time="0"/>
  <testcase name="testAbaNumberCheck_37470_bad" classname="com.cardatechnologies.utils.validators.abaroutevalidator.Test_AbaRouteValidator_17a" time="0"/>
  <testcase name="testAbaNumberCheck_37472_bad" classname="com.cardatechnologies.utils.validators.abaroutevalidator.Test_AbaRouteValidator_17a" time="0"/>
  <testcase name="testAbaNumberCheck_36660_bad" classname="com.cardatechnologies.utils.validators.abaroutevalidator.Test_AbaRouteValidator_17a" time="0"/>
  <testcase name="testAbaNumberCheck_37474_bad" classname="com.cardatechnologies.utils.validators.abaroutevalidator.Test_AbaRouteValidator_17a" time="0.001"/>
  <testcase name="testAbaNumberCheck_36662_bad" classname="com.cardatechnologies.utils.validators.abaroutevalidator.Test_AbaRouteValidator_17a" time="0"/>
  <testcase name="testAbaNumberCheck_37476_bad" classname="com.cardatechnologies.utils.validators.abaroutevalidator.Test_AbaRouteValidator_17a" time="0"/>
  <testcase name="testAbaNumberCheck_35850_bad" classname="com.cardatechnologies.utils.validators.abaroutevalidator.Test_AbaRouteValidator_17a" time="0"/>
  <testcase name="testAbaNumberCheck_36664_bad" classname="com.cardatechnologies.utils.validators.abaroutevalidator.Test_AbaRouteValidator_17a" time="0"/>
  <testcase name="testAbaNumberCheck_37478_bad" classname="com.cardatechnologies.utils.validators.abaroutevalidator.Test_AbaRouteValidator_17a" time="0"/>
  <testcase name="testAbaNumberCheck_35852_bad" classname="com.cardatechnologies.utils.validators.abaroutevalidator.Test_AbaRouteValidator_17a" time="0"/>
  <testcase name="testAbaNumberCheck_36666_bad" classname="com.cardatechnologies.utils.validators.abaroutevalidator.Test_AbaRouteValidator_17a" time="0"/>
  <testcase name="testAbaNumberCheck_35985_good" classname="com.cardatechnologies.utils.validators.abaroutevalidator.Test_AbaRouteValidator_17a" time="0"/>
  <testcase name="testAbaNumberCheck_35854_bad" classname="com.cardatechnologies.utils.validators.abaroutevalidator.Test_AbaRouteValidator_17a" time="0"/>
  <testcase name="testAbaNumberCheck_36668_bad" classname="com.cardatechnologies.utils.validators.abaroutevalidator.Test_AbaRouteValidator_17a" time="0"/>
  <testcase name="testAbaNumberCheck_35856_bad" classname="com.cardatechnologies.utils.validators.abaroutevalidator.Test_AbaRouteValidator_17a" time="0"/>
  <testcase name="testAbaNumberCheck_36799_good" classname="com.cardatechnologies.utils.validators.abaroutevalidator.Test_AbaRouteValidator_17a" time="0"/>
  <testcase name="testAbaNumberCheck_35859_good" classname="com.cardatechnologies.utils.validators.abaroutevalidator.Test_AbaRouteValidator_17a" time="0"/>
  <testcase name="testAbaNumberCheck_35858_bad" classname="com.cardatechnologies.utils.validators.abaroutevalidator.Test_AbaRouteValidator_17a" time="0"/>
  <testcase name="testAbaNumberCheck_35697_good" classname="com.cardatechnologies.utils.validators.abaroutevalidator.Test_AbaRouteValidator_17a" time="0"/>
  <testcase name="testAbaNumberCheck_37480_bad" classname="com.cardatechnologies.utils.validators.abaroutevalidator.Test_AbaRouteValidator_17a" time="0"/>
  <testcase name="testAbaNumberCheck_37482_bad" classname="com.cardatechnologies.utils.validators.abaroutevalidator.Test_AbaRouteValidator_17a" time="0"/>
  <testcase name="testAbaNumberCheck_36670_bad" classname="com.cardatechnologies.utils.validators.abaroutevalidator.Test_AbaRouteValidator_17a" time="0.001"/>
  <testcase name="testAbaNumberCheck_37484_bad" classname="com.cardatechnologies.utils.validators.abaroutevalidator.Test_AbaRouteValidator_17a" time="0"/>
  <testcase name="testAbaNumberCheck_36672_bad" classname="com.cardatechnologies.utils.validators.abaroutevalidator.Test_AbaRouteValidator_17a" time="0"/>
  <testcase name="testAbaNumberCheck_37486_bad" classname="com.cardatechnologies.utils.validators.abaroutevalidator.Test_AbaRouteValidator_17a" time="0"/>
  <testcase name="testAbaNumberCheck_35860_bad" classname="com.cardatechnologies.utils.validators.abaroutevalidator.Test_AbaRouteValidator_17a" time="0"/>
  <testcase name="testAbaNumberCheck_36674_bad" classname="com.cardatechnologies.utils.validators.abaroutevalidator.Test_AbaRouteValidator_17a" time="0"/>
  <testcase name="testAbaNumberCheck_37488_bad" classname="com.cardatechnologies.utils.validators.abaroutevalidator.Test_AbaRouteValidator_17a" time="0"/>
  <testcase name="testAbaNumberCheck_35862_bad" classname="com.cardatechnologies.utils.validators.abaroutevalidator.Test_AbaRouteValidator_17a" time="0"/>
  <testcase name="testAbaNumberCheck_36676_bad" classname="com.cardatechnologies.utils.validators.abaroutevalidator.Test_AbaRouteValidator_17a" time="0"/>
  <testcase name="testAbaNumberCheck_35864_bad" classname="com.cardatechnologies.utils.validators.abaroutevalidator.Test_AbaRouteValidator_17a" time="0"/>
  <testcase name="testAbaNumberCheck_36678_bad" classname="com.cardatechnologies.utils.validators.abaroutevalidator.Test_AbaRouteValidator_17a" time="0"/>
  <testcase name="testAbaNumberCheck_35866_bad" classname="com.cardatechnologies.utils.validators.abaroutevalidator.Test_AbaRouteValidator_17a" time="0"/>
  <testcase name="testAbaNumberCheck_35868_bad" classname="com.cardatechnologies.utils.validators.abaroutevalidator.Test_AbaRouteValidator_17a" time="0"/>
  <testcase name="testAbaNumberCheck_35779_good" classname="com.cardatechnologies.utils.validators.abaroutevalidator.Test_AbaRouteValidator_17a" time="0"/>
  <testcase name="testAbaNumberCheck_37490_bad" classname="com.cardatechnologies.utils.validators.abaroutevalidator.Test_AbaRouteValidator_17a" time="0"/>
  <testcase name="testAbaNumberCheck_37492_bad" classname="com.cardatechnologies.utils.validators.abaroutevalidator.Test_AbaRouteValidator_17a" time="0"/>
  <testcase name="testAbaNumberCheck_36680_bad" classname="com.cardatechnologies.utils.validators.abaroutevalidator.Test_AbaRouteValidator_17a" time="0"/>
  <testcase name="testAbaNumberCheck_37494_bad" classname="com.cardatechnologies.utils.validators.abaroutevalidator.Test_AbaRouteValidator_17a" time="0"/>
  <testcase name="testAbaNumberCheck_36682_bad" classname="com.cardatechnologies.utils.validators.abaroutevalidator.Test_AbaRouteValidator_17a" time="0.001"/>
  <testcase name="testAbaNumberCheck_37496_bad" classname="com.cardatechnologies.utils.validators.abaroutevalidator.Test_AbaRouteValidator_17a" time="0"/>
  <testcase name="testAbaNumberCheck_35870_bad" classname="com.cardatechnologies.utils.validators.abaroutevalidator.Test_AbaRouteValidator_17a" time="0"/>
  <testcase name="testAbaNumberCheck_36684_bad" classname="com.cardatechnologies.utils.validators.abaroutevalidator.Test_AbaRouteValidator_17a" time="0"/>
  <testcase name="testAbaNumberCheck_37498_bad" classname="com.cardatechnologies.utils.validators.abaroutevalidator.Test_AbaRouteValidator_17a" time="0"/>
  <testcase name="testAbaNumberCheck_35872_bad" classname="com.cardatechnologies.utils.validators.abaroutevalidator.Test_AbaRouteValidator_17a" time="0"/>
  <testcase name="testAbaNumberCheck_36686_bad" classname="com.cardatechnologies.utils.validators.abaroutevalidator.Test_AbaRouteValidator_17a" time="0"/>
  <testcase name="testAbaNumberCheck_35987_good" classname="com.cardatechnologies.utils.validators.abaroutevalidator.Test_AbaRouteValidator_17a" time="0"/>
  <testcase name="testAbaNumberCheck_35874_bad" classname="com.cardatechnologies.utils.validators.abaroutevalidator.Test_AbaRouteValidator_17a" time="0"/>
  <testcase name="testAbaNumberCheck_36688_bad" classname="com.cardatechnologies.utils.validators.abaroutevalidator.Test_AbaRouteValidator_17a" time="0"/>
  <testcase name="testAbaNumberCheck_35876_bad" classname="com.cardatechnologies.utils.validators.abaroutevalidator.Test_AbaRouteValidator_17a" time="0"/>
  <testcase name="testAbaNumberCheck_35878_bad" classname="com.cardatechnologies.utils.validators.abaroutevalidator.Test_AbaRouteValidator_17a" time="0"/>
  <testcase name="testAbaNumberCheck_35699_good" classname="com.cardatechnologies.utils.validators.abaroutevalidator.Test_AbaRouteValidator_17a" time="0"/>
  <testcase name="testAbaNumberCheck_36690_bad" classname="com.cardatechnologies.utils.validators.abaroutevalidator.Test_AbaRouteValidator_17a" time="0"/>
  <testcase name="testAbaNumberCheck_36692_bad" classname="com.cardatechnologies.utils.validators.abaroutevalidator.Test_AbaRouteValidator_17a" time="0"/>
  <testcase name="testAbaNumberCheck_35880_bad" classname="com.cardatechnologies.utils.validators.abaroutevalidator.Test_AbaRouteValidator_17a" time="0"/>
  <testcase name="testAbaNumberCheck_36694_bad" classname="com.cardatechnologies.utils.validators.abaroutevalidator.Test_AbaRouteValidator_17a" time="0.001"/>
  <testcase name="testAbaNumberCheck_35882_bad" classname="com.cardatechnologies.utils.validators.abaroutevalidator.Test_AbaRouteValidator_17a" time="0"/>
  <testcase name="testAbaNumberCheck_36696_bad" classname="com.cardatechnologies.utils.validators.abaroutevalidator.Test_AbaRouteValidator_17a" time="0"/>
  <testcase name="testAbaNumberCheck_35884_bad" classname="com.cardatechnologies.utils.validators.abaroutevalidator.Test_AbaRouteValidator_17a" time="0"/>
  <testcase name="testAbaNumberCheck_36698_bad" classname="com.cardatechnologies.utils.validators.abaroutevalidator.Test_AbaRouteValidator_17a" time="0"/>
  <testcase name="testAbaNumberCheck_35886_bad" classname="com.cardatechnologies.utils.validators.abaroutevalidator.Test_AbaRouteValidator_17a" time="0"/>
  <testcase name="testAbaNumberCheck_35888_bad" classname="com.cardatechnologies.utils.validators.abaroutevalidator.Test_AbaRouteValidator_17a" time="0"/>
  <testcase name="testAbaNumberCheck_35890_bad" classname="com.cardatechnologies.utils.validators.abaroutevalidator.Test_AbaRouteValidator_17a" time="0"/>
  <testcase name="testAbaNumberCheck_35892_bad" classname="com.cardatechnologies.utils.validators.abaroutevalidator.Test_AbaRouteValidator_17a" time="0"/>
  <testcase name="testAbaNumberCheck_35989_good" classname="com.cardatechnologies.utils.validators.abaroutevalidator.Test_AbaRouteValidator_17a" time="0"/>
  <testcase name="testAbaNumberCheck_35894_bad" classname="com.cardatechnologies.utils.validators.abaroutevalidator.Test_AbaRouteValidator_17a" time="0"/>
  <testcase name="testAbaNumberCheck_35896_bad" classname="com.cardatechnologies.utils.validators.abaroutevalidator.Test_AbaRouteValidator_17a" time="0"/>
  <testcase name="testAbaNumberCheck_35898_bad" classname="com.cardatechnologies.utils.validators.abaroutevalidator.Test_AbaRouteValidator_17a" time="0"/>
  <testcase name="testAbaNumberCheck_37011_good" classname="com.cardatechnologies.utils.validators.abaroutevalidator.Test_AbaRouteValidator_17a" time="0"/>
  <testcase name="testAbaNumberCheck_37301_good" classname="com.cardatechnologies.utils.validators.abaroutevalidator.Test_AbaRouteValidator_17a" time="0"/>
  <testcase name="testAbaNumberCheck_37013_good" classname="com.cardatechnologies.utils.validators.abaroutevalidator.Test_AbaRouteValidator_17a" time="0"/>
  <testcase name="testAbaNumberCheck_37221_good" classname="com.cardatechnologies.utils.validators.abaroutevalidator.Test_AbaRouteValidator_17a" time="0"/>
  <testcase name="testAbaNumberCheck_37303_good" classname="com.cardatechnologies.utils.validators.abaroutevalidator.Test_AbaRouteValidator_17a" time="0"/>
  <testcase name="testAbaNumberCheck_37141_good" classname="com.cardatechnologies.utils.validators.abaroutevalidator.Test_AbaRouteValidator_17a" time="0"/>
  <testcase name="testAbaNumberCheck_36201_good" classname="com.cardatechnologies.utils.validators.abaroutevalidator.Test_AbaRouteValidator_17a" time="0.001"/>
  <testcase name="testAbaNumberCheck_37015_good" classname="com.cardatechnologies.utils.validators.abaroutevalidator.Test_AbaRouteValidator_17a" time="0"/>
  <testcase name="testAbaNumberCheck_37223_good" classname="com.cardatechnologies.utils.validators.abaroutevalidator.Test_AbaRouteValidator_17a" time="0"/>
  <testcase name="testAbaNumberCheck_37061_good" classname="com.cardatechnologies.utils.validators.abaroutevalidator.Test_AbaRouteValidator_17a" time="0"/>
  <testcase name="testAbaNumberCheck_36121_good" classname="com.cardatechnologies.utils.validators.abaroutevalidator.Test_AbaRouteValidator_17a" time="0"/>
  <testcase name="testAbaNumberCheck_37431_good" classname="com.cardatechnologies.utils.validators.abaroutevalidator.Test_AbaRouteValidator_17a" time="0"/>
  <testcase name="testAbaNumberCheck_37305_good" classname="com.cardatechnologies.utils.validators.abaroutevalidator.Test_AbaRouteValidator_17a" time="0"/>
  <testcase name="testAbaNumberCheck_37143_good" classname="com.cardatechnologies.utils.validators.abaroutevalidator.Test_AbaRouteValidator_17a" time="0"/>
  <testcase name="testAbaNumberCheck_36203_good" classname="com.cardatechnologies.utils.validators.abaroutevalidator.Test_AbaRouteValidator_17a" time="0"/>
  <testcase name="testAbaNumberCheck_37017_good" classname="com.cardatechnologies.utils.validators.abaroutevalidator.Test_AbaRouteValidator_17a" time="0"/>
  <testcase name="testAbaNumberCheck_36041_good" classname="com.cardatechnologies.utils.validators.abaroutevalidator.Test_AbaRouteValidator_17a" time="0"/>
  <testcase name="testAbaNumberCheck_35101_good" classname="com.cardatechnologies.utils.validators.abaroutevalidator.Test_AbaRouteValidator_17a" time="0"/>
  <testcase name="testAbaNumberCheck_37351_good" classname="com.cardatechnologies.utils.validators.abaroutevalidator.Test_AbaRouteValidator_17a" time="0"/>
  <testcase name="testAbaNumberCheck_36411_good" classname="com.cardatechnologies.utils.validators.abaroutevalidator.Test_AbaRouteValidator_17a" time="0"/>
  <testcase name="testAbaNumberCheck_37225_good" classname="com.cardatechnologies.utils.validators.abaroutevalidator.Test_AbaRouteValidator_17a" time="0"/>
  <testcase name="testAbaNumberCheck_37063_good" classname="com.cardatechnologies.utils.validators.abaroutevalidator.Test_AbaRouteValidator_17a" time="0"/>
  <testcase name="testAbaNumberCheck_36123_good" classname="com.cardatechnologies.utils.validators.abaroutevalidator.Test_AbaRouteValidator_17a" time="0"/>
  <testcase name="testAbaNumberCheck_37433_good" classname="com.cardatechnologies.utils.validators.abaroutevalidator.Test_AbaRouteValidator_17a" time="0"/>
  <testcase name="testAbaNumberCheck_37307_good" classname="com.cardatechnologies.utils.validators.abaroutevalidator.Test_AbaRouteValidator_17a" time="0"/>
  <testcase name="testAbaNumberCheck_37271_good" classname="com.cardatechnologies.utils.validators.abaroutevalidator.Test_AbaRouteValidator_17a" time="0"/>
  <testcase name="testAbaNumberCheck_36331_good" classname="com.cardatechnologies.utils.validators.abaroutevalidator.Test_AbaRouteValidator_17a" time="0"/>
  <testcase name="testAbaNumberCheck_37145_good" classname="com.cardatechnologies.utils.validators.abaroutevalidator.Test_AbaRouteValidator_17a" time="0.001"/>
  <testcase name="testAbaNumberCheck_36205_good" classname="com.cardatechnologies.utils.validators.abaroutevalidator.Test_AbaRouteValidator_17a" time="0"/>
  <testcase name="testAbaNumberCheck_37019_good" classname="com.cardatechnologies.utils.validators.abaroutevalidator.Test_AbaRouteValidator_17a" time="0.003"/>
  <testcase name="testAbaNumberCheck_36043_good" classname="com.cardatechnologies.utils.validators.abaroutevalidator.Test_AbaRouteValidator_17a" time="0"/>
  <testcase name="testAbaNumberCheck_35103_good" classname="com.cardatechnologies.utils.validators.abaroutevalidator.Test_AbaRouteValidator_17a" time="0"/>
  <testcase name="testAbaNumberCheck_36701_good" classname="com.cardatechnologies.utils.validators.abaroutevalidator.Test_AbaRouteValidator_17a" time="0"/>
  <testcase name="testAbaNumberCheck_37353_good" classname="com.cardatechnologies.utils.validators.abaroutevalidator.Test_AbaRouteValidator_17a" time="0"/>
  <testcase name="testAbaNumberCheck_36413_good" classname="com.cardatechnologies.utils.validators.abaroutevalidator.Test_AbaRouteValidator_17a" time="0"/>
  <testcase name="testAbaNumberCheck_37227_good" classname="com.cardatechnologies.utils.validators.abaroutevalidator.Test_AbaRouteValidator_17a" time="0"/>
  <testcase name="testAbaNumberCheck_37191_good" classname="com.cardatechnologies.utils.validators.abaroutevalidator.Test_AbaRouteValidator_17a" time="0"/>
  <testcase name="testAbaNumberCheck_36251_good" classname="com.cardatechnologies.utils.validators.abaroutevalidator.Test_AbaRouteValidator_17a" time="0"/>
  <testcase name="testAbaNumberCheck_35311_good" classname="com.cardatechnologies.utils.validators.abaroutevalidator.Test_AbaRouteValidator_17a" time="0"/>
  <testcase name="testAbaNumberCheck_37065_good" classname="com.cardatechnologies.utils.validators.abaroutevalidator.Test_AbaRouteValidator_17a" time="0"/>
  <testcase name="testAbaNumberCheck_36125_good" classname="com.cardatechnologies.utils.validators.abaroutevalidator.Test_AbaRouteValidator_17a" time="0"/>
  <testcase name="testAbaNumberCheck_36621_good" classname="com.cardatechnologies.utils.validators.abaroutevalidator.Test_AbaRouteValidator_17a" time="0"/>
  <testcase name="testAbaNumberCheck_37435_good" classname="com.cardatechnologies.utils.validators.abaroutevalidator.Test_AbaRouteValidator_17a" time="0"/>
  <testcase name="testAbaNumberCheck_37309_good" classname="com.cardatechnologies.utils.validators.abaroutevalidator.Test_AbaRouteValidator_17a" time="0"/>
  <testcase name="testAbaNumberCheck_37273_good" classname="com.cardatechnologies.utils.validators.abaroutevalidator.Test_AbaRouteValidator_17a" time="0.001"/>
  <testcase name="testAbaNumberCheck_36333_good" classname="com.cardatechnologies.utils.validators.abaroutevalidator.Test_AbaRouteValidator_17a" time="0"/>
  <testcase name="testAbaNumberCheck_37147_good" classname="com.cardatechnologies.utils.validators.abaroutevalidator.Test_AbaRouteValidator_17a" time="0"/>
  <testcase name="testAbaNumberCheck_36207_good" classname="com.cardatechnologies.utils.validators.abaroutevalidator.Test_AbaRouteValidator_17a" time="0"/>
  <testcase name="testAbaNumberCheck_36171_good" classname="com.cardatechnologies.utils.validators.abaroutevalidator.Test_AbaRouteValidator_17a" time="0"/>
  <testcase name="testAbaNumberCheck_35231_good" classname="com.cardatechnologies.utils.validators.abaroutevalidator.Test_AbaRouteValidator_17a" time="0"/>
  <testcase name="testAbaNumberCheck_36045_good" classname="com.cardatechnologies.utils.validators.abaroutevalidator.Test_AbaRouteValidator_17a" time="0"/>
  <testcase name="testAbaNumberCheck_35105_good" classname="com.cardatechnologies.utils.validators.abaroutevalidator.Test_AbaRouteValidator_17a" time="0"/>
  <testcase name="testAbaNumberCheck_36703_good" classname="com.cardatechnologies.utils.validators.abaroutevalidator.Test_AbaRouteValidator_17a" time="0"/>
  <testcase name="testAbaNumberCheck_37481_good" classname="com.cardatechnologies.utils.validators.abaroutevalidator.Test_AbaRouteValidator_17a" time="0"/>
  <testcase name="testAbaNumberCheck_36541_good" classname="com.cardatechnologies.utils.validators.abaroutevalidator.Test_AbaRouteValidator_17a" time="0"/>
  <testcase name="testAbaNumberCheck_35601_good" classname="com.cardatechnologies.utils.validators.abaroutevalidator.Test_AbaRouteValidator_17a" time="0"/>
  <testcase name="testAbaNumberCheck_37355_good" classname="com.cardatechnologies.utils.validators.abaroutevalidator.Test_AbaRouteValidator_17a" time="0"/>
  <testcase name="testAbaNumberCheck_36415_good" classname="com.cardatechnologies.utils.validators.abaroutevalidator.Test_AbaRouteValidator_17a" time="0"/>
  <testcase name="testAbaNumberCheck_37229_good" classname="com.cardatechnologies.utils.validators.abaroutevalidator.Test_AbaRouteValidator_17a" time="0"/>
  <testcase name="testAbaNumberCheck_37193_good" classname="com.cardatechnologies.utils.validators.abaroutevalidator.Test_AbaRouteValidator_17a" time="0"/>
  <testcase name="testAbaNumberCheck_36253_good" classname="com.cardatechnologies.utils.validators.abaroutevalidator.Test_AbaRouteValidator_17a" time="0"/>
  <testcase name="testAbaNumberCheck_35313_good" classname="com.cardatechnologies.utils.validators.abaroutevalidator.Test_AbaRouteValidator_17a" time="0"/>
  <testcase name="testAbaNumberCheck_36911_good" classname="com.cardatechnologies.utils.validators.abaroutevalidator.Test_AbaRouteValidator_17a" time="0"/>
  <testcase name="testAbaNumberCheck_37067_good" classname="com.cardatechnologies.utils.validators.abaroutevalidator.Test_AbaRouteValidator_17a" time="0"/>
  <testcase name="testAbaNumberCheck_36127_good" classname="com.cardatechnologies.utils.validators.abaroutevalidator.Test_AbaRouteValidator_17a" time="0"/>
  <testcase name="testAbaNumberCheck_36091_good" classname="com.cardatechnologies.utils.validators.abaroutevalidator.Test_AbaRouteValidator_17a" time="0.001"/>
  <testcase name="testAbaNumberCheck_35151_good" classname="com.cardatechnologies.utils.validators.abaroutevalidator.Test_AbaRouteValidator_17a" time="0"/>
  <testcase name="testAbaNumberCheck_36623_good" classname="com.cardatechnologies.utils.validators.abaroutevalidator.Test_AbaRouteValidator_17a" time="0"/>
  <testcase name="testAbaNumberCheck_37437_good" classname="com.cardatechnologies.utils.validators.abaroutevalidator.Test_AbaRouteValidator_17a" time="0"/>
  <testcase name="testAbaNumberCheck_36461_good" classname="com.cardatechnologies.utils.validators.abaroutevalidator.Test_AbaRouteValidator_17a" time="0"/>
  <testcase name="testAbaNumberCheck_35521_good" classname="com.cardatechnologies.utils.validators.abaroutevalidator.Test_AbaRouteValidator_17a" time="0"/>
  <testcase name="testAbaNumberCheck_37275_good" classname="com.cardatechnologies.utils.validators.abaroutevalidator.Test_AbaRouteValidator_17a" time="0"/>
  <testcase name="testAbaNumberCheck_36335_good" classname="com.cardatechnologies.utils.validators.abaroutevalidator.Test_AbaRouteValidator_17a" time="0"/>
  <testcase name="testAbaNumberCheck_37149_good" classname="com.cardatechnologies.utils.validators.abaroutevalidator.Test_AbaRouteValidator_17a" time="0"/>
  <testcase name="testAbaNumberCheck_36209_good" classname="com.cardatechnologies.utils.validators.abaroutevalidator.Test_AbaRouteValidator_17a" time="0"/>
  <testcase name="testAbaNumberCheck_36173_good" classname="com.cardatechnologies.utils.validators.abaroutevalidator.Test_AbaRouteValidator_17a" time="0"/>
  <testcase name="testAbaNumberCheck_35233_good" classname="com.cardatechnologies.utils.validators.abaroutevalidator.Test_AbaRouteValidator_17a" time="0"/>
  <testcase name="testAbaNumberCheck_36831_good" classname="com.cardatechnologies.utils.validators.abaroutevalidator.Test_AbaRouteValidator_17a" time="0"/>
  <testcase name="testAbaNumberCheck_36047_good" classname="com.cardatechnologies.utils.validators.abaroutevalidator.Test_AbaRouteValidator_17a" time="0"/>
  <testcase name="testAbaNumberCheck_35107_good" classname="com.cardatechnologies.utils.validators.abaroutevalidator.Test_AbaRouteValidator_17a" time="0"/>
  <testcase name="testAbaNumberCheck_36705_good" classname="com.cardatechnologies.utils.validators.abaroutevalidator.Test_AbaRouteValidator_17a" time="0"/>
  <testcase name="testAbaNumberCheck_37483_good" classname="com.cardatechnologies.utils.validators.abaroutevalidator.Test_AbaRouteValidator_17a" time="0"/>
  <testcase name="testAbaNumberCheck_36543_good" classname="com.cardatechnologies.utils.validators.abaroutevalidator.Test_AbaRouteValidator_17a" time="0"/>
  <testcase name="testAbaNumberCheck_35603_good" classname="com.cardatechnologies.utils.validators.abaroutevalidator.Test_AbaRouteValidator_17a" time="0"/>
  <testcase name="testAbaNumberCheck_37357_good" classname="com.cardatechnologies.utils.validators.abaroutevalidator.Test_AbaRouteValidator_17a" time="0"/>
  <testcase name="testAbaNumberCheck_36417_good" classname="com.cardatechnologies.utils.validators.abaroutevalidator.Test_AbaRouteValidator_17a" time="0"/>
  <testcase name="testAbaNumberCheck_36381_good" classname="com.cardatechnologies.utils.validators.abaroutevalidator.Test_AbaRouteValidator_17a" time="0"/>
  <testcase name="testAbaNumberCheck_35441_good" classname="com.cardatechnologies.utils.validators.abaroutevalidator.Test_AbaRouteValidator_17a" time="0.001"/>
  <testcase name="testAbaNumberCheck_37195_good" classname="com.cardatechnologies.utils.validators.abaroutevalidator.Test_AbaRouteValidator_17a" time="0"/>
  <testcase name="testAbaNumberCheck_36255_good" classname="com.cardatechnologies.utils.validators.abaroutevalidator.Test_AbaRouteValidator_17a" time="0"/>
  <testcase name="testAbaNumberCheck_35315_good" classname="com.cardatechnologies.utils.validators.abaroutevalidator.Test_AbaRouteValidator_17a" time="0"/>
  <testcase name="testAbaNumberCheck_36913_good" classname="com.cardatechnologies.utils.validators.abaroutevalidator.Test_AbaRouteValidator_17a" time="0"/>
  <testcase name="testAbaNumberCheck_37069_good" classname="com.cardatechnologies.utils.validators.abaroutevalidator.Test_AbaRouteValidator_17a" time="0"/>
  <testcase name="testAbaNumberCheck_36129_good" classname="com.cardatechnologies.utils.validators.abaroutevalidator.Test_AbaRouteValidator_17a" time="0"/>
  <testcase name="testAbaNumberCheck_36093_good" classname="com.cardatechnologies.utils.validators.abaroutevalidator.Test_AbaRouteValidator_17a" time="0"/>
  <testcase name="testAbaNumberCheck_35153_good" classname="com.cardatechnologies.utils.validators.abaroutevalidator.Test_AbaRouteValidator_17a" time="0"/>
  <testcase name="testAbaNumberCheck_36751_good" classname="com.cardatechnologies.utils.validators.abaroutevalidator.Test_AbaRouteValidator_17a" time="0"/>
  <testcase name="testAbaNumberCheck_35811_good" classname="com.cardatechnologies.utils.validators.abaroutevalidator.Test_AbaRouteValidator_17a" time="0"/>
  <testcase name="testAbaNumberCheck_36625_good" classname="com.cardatechnologies.utils.validators.abaroutevalidator.Test_AbaRouteValidator_17a" time="0"/>
  <testcase name="testAbaNumberCheck_37439_good" classname="com.cardatechnologies.utils.validators.abaroutevalidator.Test_AbaRouteValidator_17a" time="0"/>
  <testcase name="testAbaNumberCheck_36463_good" classname="com.cardatechnologies.utils.validators.abaroutevalidator.Test_AbaRouteValidator_17a" time="0"/>
  <testcase name="testAbaNumberCheck_35523_good" classname="com.cardatechnologies.utils.validators.abaroutevalidator.Test_AbaRouteValidator_17a" time="0"/>
  <testcase name="testAbaNumberCheck_37277_good" classname="com.cardatechnologies.utils.validators.abaroutevalidator.Test_AbaRouteValidator_17a" time="0"/>
  <testcase name="testAbaNumberCheck_37000_bad" classname="com.cardatechnologies.utils.validators.abaroutevalidator.Test_AbaRouteValidator_17a" time="0"/>
  <testcase name="testAbaNumberCheck_36337_good" classname="com.cardatechnologies.utils.validators.abaroutevalidator.Test_AbaRouteValidator_17a" time="0"/>
  <testcase name="testAbaNumberCheck_37002_bad" classname="com.cardatechnologies.utils.validators.abaroutevalidator.Test_AbaRouteValidator_17a" time="0"/>
  <testcase name="testAbaNumberCheck_35361_good" classname="com.cardatechnologies.utils.validators.abaroutevalidator.Test_AbaRouteValidator_17a" time="0"/>
  <testcase name="testAbaNumberCheck_37004_bad" classname="com.cardatechnologies.utils.validators.abaroutevalidator.Test_AbaRouteValidator_17a" time="0"/>
  <testcase name="testAbaNumberCheck_37006_bad" classname="com.cardatechnologies.utils.validators.abaroutevalidator.Test_AbaRouteValidator_17a" time="0"/>
  <testcase name="testAbaNumberCheck_36175_good" classname="com.cardatechnologies.utils.validators.abaroutevalidator.Test_AbaRouteValidator_17a" time="0"/>
  <testcase name="testAbaNumberCheck_37008_bad" classname="com.cardatechnologies.utils.validators.abaroutevalidator.Test_AbaRouteValidator_17a" time="0"/>
  <testcase name="testAbaNumberCheck_35235_good" classname="com.cardatechnologies.utils.validators.abaroutevalidator.Test_AbaRouteValidator_17a" time="0"/>
  <testcase name="testAbaNumberCheck_36833_good" classname="com.cardatechnologies.utils.validators.abaroutevalidator.Test_AbaRouteValidator_17a" time="0"/>
  <testcase name="testAbaNumberCheck_36049_good" classname="com.cardatechnologies.utils.validators.abaroutevalidator.Test_AbaRouteValidator_17a" time="0.001"/>
  <testcase name="testAbaNumberCheck_35109_good" classname="com.cardatechnologies.utils.validators.abaroutevalidator.Test_AbaRouteValidator_17a" time="0"/>
  <testcase name="testAbaNumberCheck_36707_good" classname="com.cardatechnologies.utils.validators.abaroutevalidator.Test_AbaRouteValidator_17a" time="0"/>
  <testcase name="testAbaNumberCheck_36671_good" classname="com.cardatechnologies.utils.validators.abaroutevalidator.Test_AbaRouteValidator_17a" time="0"/>
  <testcase name="testAbaNumberCheck_35731_good" classname="com.cardatechnologies.utils.validators.abaroutevalidator.Test_AbaRouteValidator_17a" time="0"/>
  <testcase name="testAbaNumberCheck_37485_good" classname="com.cardatechnologies.utils.validators.abaroutevalidator.Test_AbaRouteValidator_17a" time="0"/>
  <testcase name="testAbaNumberCheck_36545_good" classname="com.cardatechnologies.utils.validators.abaroutevalidator.Test_AbaRouteValidator_17a" time="0"/>
  <testcase name="testAbaNumberCheck_35605_good" classname="com.cardatechnologies.utils.validators.abaroutevalidator.Test_AbaRouteValidator_17a" time="0"/>
  <testcase name="testAbaNumberCheck_37359_good" classname="com.cardatechnologies.utils.validators.abaroutevalidator.Test_AbaRouteValidator_17a" time="0"/>
  <testcase name="testAbaNumberCheck_36419_good" classname="com.cardatechnologies.utils.validators.abaroutevalidator.Test_AbaRouteValidator_17a" time="0"/>
  <testcase name="testAbaNumberCheck_36383_good" classname="com.cardatechnologies.utils.validators.abaroutevalidator.Test_AbaRouteValidator_17a" time="0"/>
  <testcase name="testAbaNumberCheck_35443_good" classname="com.cardatechnologies.utils.validators.abaroutevalidator.Test_AbaRouteValidator_17a" time="0"/>
  <testcase name="testAbaNumberCheck_37010_bad" classname="com.cardatechnologies.utils.validators.abaroutevalidator.Test_AbaRouteValidator_17a" time="0"/>
  <testcase name="testAbaNumberCheck_37012_bad" classname="com.cardatechnologies.utils.validators.abaroutevalidator.Test_AbaRouteValidator_17a" time="0"/>
  <testcase name="testAbaNumberCheck_37197_good" classname="com.cardatechnologies.utils.validators.abaroutevalidator.Test_AbaRouteValidator_17a" time="0"/>
  <testcase name="testAbaNumberCheck_36200_bad" classname="com.cardatechnologies.utils.validators.abaroutevalidator.Test_AbaRouteValidator_17a" time="0"/>
  <testcase name="testAbaNumberCheck_36257_good" classname="com.cardatechnologies.utils.validators.abaroutevalidator.Test_AbaRouteValidator_17a" time="0"/>
  <testcase name="testAbaNumberCheck_37014_bad" classname="com.cardatechnologies.utils.validators.abaroutevalidator.Test_AbaRouteValidator_17a" time="0"/>
  <testcase name="testAbaNumberCheck_35317_good" classname="com.cardatechnologies.utils.validators.abaroutevalidator.Test_AbaRouteValidator_17a" time="0"/>
  <testcase name="testAbaNumberCheck_36202_bad" classname="com.cardatechnologies.utils.validators.abaroutevalidator.Test_AbaRouteValidator_17a" time="0"/>
  <testcase name="testAbaNumberCheck_37016_bad" classname="com.cardatechnologies.utils.validators.abaroutevalidator.Test_AbaRouteValidator_17a" time="0"/>
  <testcase name="testAbaNumberCheck_36915_good" classname="com.cardatechnologies.utils.validators.abaroutevalidator.Test_AbaRouteValidator_17a" time="0.001"/>
  <testcase name="testAbaNumberCheck_35281_good" classname="com.cardatechnologies.utils.validators.abaroutevalidator.Test_AbaRouteValidator_17a" time="0"/>
  <testcase name="testAbaNumberCheck_36204_bad" classname="com.cardatechnologies.utils.validators.abaroutevalidator.Test_AbaRouteValidator_17a" time="0"/>
  <testcase name="testAbaNumberCheck_37018_bad" classname="com.cardatechnologies.utils.validators.abaroutevalidator.Test_AbaRouteValidator_17a" time="0"/>
  <testcase name="testAbaNumberCheck_36206_bad" classname="com.cardatechnologies.utils.validators.abaroutevalidator.Test_AbaRouteValidator_17a" time="0"/>
  <testcase name="testAbaNumberCheck_36095_good" classname="com.cardatechnologies.utils.validators.abaroutevalidator.Test_AbaRouteValidator_17a" time="0"/>
  <testcase name="testAbaNumberCheck_36208_bad" classname="com.cardatechnologies.utils.validators.abaroutevalidator.Test_AbaRouteValidator_17a" time="0"/>
  <testcase name="testAbaNumberCheck_35155_good" classname="com.cardatechnologies.utils.validators.abaroutevalidator.Test_AbaRouteValidator_17a" time="0"/>
  <testcase name="testAbaNumberCheck_36753_good" classname="com.cardatechnologies.utils.validators.abaroutevalidator.Test_AbaRouteValidator_17a" time="0"/>
  <testcase name="testAbaNumberCheck_35813_good" classname="com.cardatechnologies.utils.validators.abaroutevalidator.Test_AbaRouteValidator_17a" time="0"/>
  <testcase name="testAbaNumberCheck_36627_good" classname="com.cardatechnologies.utils.validators.abaroutevalidator.Test_AbaRouteValidator_17a" time="0"/>
  <testcase name="testAbaNumberCheck_36591_good" classname="com.cardatechnologies.utils.validators.abaroutevalidator.Test_AbaRouteValidator_17a" time="0"/>
  <testcase name="testAbaNumberCheck_35651_good" classname="com.cardatechnologies.utils.validators.abaroutevalidator.Test_AbaRouteValidator_17a" time="0"/>
  <testcase name="testAbaNumberCheck_36465_good" classname="com.cardatechnologies.utils.validators.abaroutevalidator.Test_AbaRouteValidator_17a" time="0"/>
  <testcase name="testAbaNumberCheck_35525_good" classname="com.cardatechnologies.utils.validators.abaroutevalidator.Test_AbaRouteValidator_17a" time="0"/>
  <testcase name="testAbaNumberCheck_37279_good" classname="com.cardatechnologies.utils.validators.abaroutevalidator.Test_AbaRouteValidator_17a" time="0"/>
  <testcase name="testAbaNumberCheck_37020_bad" classname="com.cardatechnologies.utils.validators.abaroutevalidator.Test_AbaRouteValidator_17a" time="0"/>
  <testcase name="testAbaNumberCheck_36339_good" classname="com.cardatechnologies.utils.validators.abaroutevalidator.Test_AbaRouteValidator_17a" time="0"/>
  <testcase name="testAbaNumberCheck_37022_bad" classname="com.cardatechnologies.utils.validators.abaroutevalidator.Test_AbaRouteValidator_17a" time="0"/>
  <testcase name="testAbaNumberCheck_35363_good" classname="com.cardatechnologies.utils.validators.abaroutevalidator.Test_AbaRouteValidator_17a" time="0"/>
  <testcase name="testAbaNumberCheck_36210_bad" classname="com.cardatechnologies.utils.validators.abaroutevalidator.Test_AbaRouteValidator_17a" time="0"/>
  <testcase name="testAbaNumberCheck_37024_bad" classname="com.cardatechnologies.utils.validators.abaroutevalidator.Test_AbaRouteValidator_17a" time="0"/>
  <testcase name="testAbaNumberCheck_36212_bad" classname="com.cardatechnologies.utils.validators.abaroutevalidator.Test_AbaRouteValidator_17a" time="0"/>
  <testcase name="testAbaNumberCheck_36961_good" classname="com.cardatechnologies.utils.validators.abaroutevalidator.Test_AbaRouteValidator_17a" time="0"/>
  <testcase name="testAbaNumberCheck_37026_bad" classname="com.cardatechnologies.utils.validators.abaroutevalidator.Test_AbaRouteValidator_17a" time="0"/>
  <testcase name="testAbaNumberCheck_35400_bad" classname="com.cardatechnologies.utils.validators.abaroutevalidator.Test_AbaRouteValidator_17a" time="0"/>
  <testcase name="testAbaNumberCheck_36177_good" classname="com.cardatechnologies.utils.validators.abaroutevalidator.Test_AbaRouteValidator_17a" time="0"/>
  <testcase name="testAbaNumberCheck_36214_bad" classname="com.cardatechnologies.utils.validators.abaroutevalidator.Test_AbaRouteValidator_17a" time="0"/>
  <testcase name="testAbaNumberCheck_37028_bad" classname="com.cardatechnologies.utils.validators.abaroutevalidator.Test_AbaRouteValidator_17a" time="0"/>
  <testcase name="testAbaNumberCheck_35237_good" classname="com.cardatechnologies.utils.validators.abaroutevalidator.Test_AbaRouteValidator_17a" time="0"/>
  <testcase name="testAbaNumberCheck_35402_bad" classname="com.cardatechnologies.utils.validators.abaroutevalidator.Test_AbaRouteValidator_17a" time="0"/>
  <testcase name="testAbaNumberCheck_36216_bad" classname="com.cardatechnologies.utils.validators.abaroutevalidator.Test_AbaRouteValidator_17a" time="0"/>
  <testcase name="testAbaNumberCheck_36835_good" classname="com.cardatechnologies.utils.validators.abaroutevalidator.Test_AbaRouteValidator_17a" time="0"/>
  <testcase name="testAbaNumberCheck_35404_bad" classname="com.cardatechnologies.utils.validators.abaroutevalidator.Test_AbaRouteValidator_17a" time="0"/>
  <testcase name="testAbaNumberCheck_36218_bad" classname="com.cardatechnologies.utils.validators.abaroutevalidator.Test_AbaRouteValidator_17a" time="0"/>
  <testcase name="testAbaNumberCheck_35406_bad" classname="com.cardatechnologies.utils.validators.abaroutevalidator.Test_AbaRouteValidator_17a" time="0"/>
  <testcase name="testAbaNumberCheck_36709_good" classname="com.cardatechnologies.utils.validators.abaroutevalidator.Test_AbaRouteValidator_17a" time="0"/>
  <testcase name="testAbaNumberCheck_35408_bad" classname="com.cardatechnologies.utils.validators.abaroutevalidator.Test_AbaRouteValidator_17a" time="0"/>
  <testcase name="testAbaNumberCheck_36673_good" classname="com.cardatechnologies.utils.validators.abaroutevalidator.Test_AbaRouteValidator_17a" time="0"/>
  <testcase name="testAbaNumberCheck_35733_good" classname="com.cardatechnologies.utils.validators.abaroutevalidator.Test_AbaRouteValidator_17a" time="0"/>
  <testcase name="testAbaNumberCheck_37487_good" classname="com.cardatechnologies.utils.validators.abaroutevalidator.Test_AbaRouteValidator_17a" time="0.001"/>
  <testcase name="testAbaNumberCheck_36547_good" classname="com.cardatechnologies.utils.validators.abaroutevalidator.Test_AbaRouteValidator_17a" time="0"/>
  <testcase name="testAbaNumberCheck_35607_good" classname="com.cardatechnologies.utils.validators.abaroutevalidator.Test_AbaRouteValidator_17a" time="0"/>
  <testcase name="testAbaNumberCheck_35571_good" classname="com.cardatechnologies.utils.validators.abaroutevalidator.Test_AbaRouteValidator_17a" time="0"/>
  <testcase name="testAbaNumberCheck_36385_good" classname="com.cardatechnologies.utils.validators.abaroutevalidator.Test_AbaRouteValidator_17a" time="0"/>
  <testcase name="testAbaNumberCheck_35445_good" classname="com.cardatechnologies.utils.validators.abaroutevalidator.Test_AbaRouteValidator_17a" time="0"/>
  <testcase name="testAbaNumberCheck_37030_bad" classname="com.cardatechnologies.utils.validators.abaroutevalidator.Test_AbaRouteValidator_17a" time="0"/>
  <testcase name="testAbaNumberCheck_37032_bad" classname="com.cardatechnologies.utils.validators.abaroutevalidator.Test_AbaRouteValidator_17a" time="0"/>
  <testcase name="testAbaNumberCheck_37199_good" classname="com.cardatechnologies.utils.validators.abaroutevalidator.Test_AbaRouteValidator_17a" time="0"/>
  <testcase name="testAbaNumberCheck_36220_bad" classname="com.cardatechnologies.utils.validators.abaroutevalidator.Test_AbaRouteValidator_17a" time="0"/>
  <testcase name="testAbaNumberCheck_36259_good" classname="com.cardatechnologies.utils.validators.abaroutevalidator.Test_AbaRouteValidator_17a" time="0"/>
  <testcase name="testAbaNumberCheck_37034_bad" classname="com.cardatechnologies.utils.validators.abaroutevalidator.Test_AbaRouteValidator_17a" time="0"/>
  <testcase name="testAbaNumberCheck_35319_good" classname="com.cardatechnologies.utils.validators.abaroutevalidator.Test_AbaRouteValidator_17a" time="0"/>
  <testcase name="testAbaNumberCheck_36222_bad" classname="com.cardatechnologies.utils.validators.abaroutevalidator.Test_AbaRouteValidator_17a" time="0"/>
  <testcase name="testAbaNumberCheck_37036_bad" classname="com.cardatechnologies.utils.validators.abaroutevalidator.Test_AbaRouteValidator_17a" time="0"/>
  <testcase name="testAbaNumberCheck_36917_good" classname="com.cardatechnologies.utils.validators.abaroutevalidator.Test_AbaRouteValidator_17a" time="0"/>
  <testcase name="testAbaNumberCheck_35283_good" classname="com.cardatechnologies.utils.validators.abaroutevalidator.Test_AbaRouteValidator_17a" time="0"/>
  <testcase name="testAbaNumberCheck_35410_bad" classname="com.cardatechnologies.utils.validators.abaroutevalidator.Test_AbaRouteValidator_17a" time="0"/>
  <testcase name="testAbaNumberCheck_36224_bad" classname="com.cardatechnologies.utils.validators.abaroutevalidator.Test_AbaRouteValidator_17a" time="0"/>
  <testcase name="testAbaNumberCheck_37038_bad" classname="com.cardatechnologies.utils.validators.abaroutevalidator.Test_AbaRouteValidator_17a" time="0"/>
  <testcase name="testAbaNumberCheck_35412_bad" classname="com.cardatechnologies.utils.validators.abaroutevalidator.Test_AbaRouteValidator_17a" time="0.001"/>
  <testcase name="testAbaNumberCheck_36881_good" classname="com.cardatechnologies.utils.validators.abaroutevalidator.Test_AbaRouteValidator_17a" time="0"/>
  <testcase name="testAbaNumberCheck_36226_bad" classname="com.cardatechnologies.utils.validators.abaroutevalidator.Test_AbaRouteValidator_17a" time="0"/>
  <testcase name="testAbaNumberCheck_35941_good" classname="com.cardatechnologies.utils.validators.abaroutevalidator.Test_AbaRouteValidator_17a" time="0"/>
  <testcase name="testAbaNumberCheck_36097_good" classname="com.cardatechnologies.utils.validators.abaroutevalidator.Test_AbaRouteValidator_17a" time="0"/>
  <testcase name="testAbaNumberCheck_35414_bad" classname="com.cardatechnologies.utils.validators.abaroutevalidator.Test_AbaRouteValidator_17a" time="0"/>
  <testcase name="testAbaNumberCheck_36228_bad" classname="com.cardatechnologies.utils.validators.abaroutevalidator.Test_AbaRouteValidator_17a" time="0"/>
  <testcase name="testAbaNumberCheck_35157_good" classname="com.cardatechnologies.utils.validators.abaroutevalidator.Test_AbaRouteValidator_17a" time="0"/>
  <testcase name="testAbaNumberCheck_35416_bad" classname="com.cardatechnologies.utils.validators.abaroutevalidator.Test_AbaRouteValidator_17a" time="0"/>
  <testcase name="testAbaNumberCheck_36755_good" classname="com.cardatechnologies.utils.validators.abaroutevalidator.Test_AbaRouteValidator_17a" time="0"/>
  <testcase name="testAbaNumberCheck_35815_good" classname="com.cardatechnologies.utils.validators.abaroutevalidator.Test_AbaRouteValidator_17a" time="0"/>
  <testcase name="testAbaNumberCheck_35418_bad" classname="com.cardatechnologies.utils.validators.abaroutevalidator.Test_AbaRouteValidator_17a" time="0"/>
  <testcase name="testAbaNumberCheck_36629_good" classname="com.cardatechnologies.utils.validators.abaroutevalidator.Test_AbaRouteValidator_17a" time="0"/>
  <testcase name="testAbaNumberCheck_36593_good" classname="com.cardatechnologies.utils.validators.abaroutevalidator.Test_AbaRouteValidator_17a" time="0"/>
  <testcase name="testAbaNumberCheck_35653_good" classname="com.cardatechnologies.utils.validators.abaroutevalidator.Test_AbaRouteValidator_17a" time="0"/>
  <testcase name="testAbaNumberCheck_36467_good" classname="com.cardatechnologies.utils.validators.abaroutevalidator.Test_AbaRouteValidator_17a" time="0"/>
  <testcase name="testAbaNumberCheck_35527_good" classname="com.cardatechnologies.utils.validators.abaroutevalidator.Test_AbaRouteValidator_17a" time="0"/>
  <testcase name="testAbaNumberCheck_35491_good" classname="com.cardatechnologies.utils.validators.abaroutevalidator.Test_AbaRouteValidator_17a" time="0"/>
  <testcase name="testAbaNumberCheck_37040_bad" classname="com.cardatechnologies.utils.validators.abaroutevalidator.Test_AbaRouteValidator_17a" time="0"/>
  <testcase name="testAbaNumberCheck_37042_bad" classname="com.cardatechnologies.utils.validators.abaroutevalidator.Test_AbaRouteValidator_17a" time="0"/>
  <testcase name="testAbaNumberCheck_35365_good" classname="com.cardatechnologies.utils.validators.abaroutevalidator.Test_AbaRouteValidator_17a" time="0.001"/>
  <testcase name="testAbaNumberCheck_36230_bad" classname="com.cardatechnologies.utils.validators.abaroutevalidator.Test_AbaRouteValidator_17a" time="0"/>
  <testcase name="testAbaNumberCheck_37044_bad" classname="com.cardatechnologies.utils.validators.abaroutevalidator.Test_AbaRouteValidator_17a" time="0"/>
  <testcase name="testAbaNumberCheck_36232_bad" classname="com.cardatechnologies.utils.validators.abaroutevalidator.Test_AbaRouteValidator_17a" time="0"/>
  <testcase name="testAbaNumberCheck_36963_good" classname="com.cardatechnologies.utils.validators.abaroutevalidator.Test_AbaRouteValidator_17a" time="0"/>
  <testcase name="testAbaNumberCheck_37046_bad" classname="com.cardatechnologies.utils.validators.abaroutevalidator.Test_AbaRouteValidator_17a" time="0"/>
  <testcase name="testAbaNumberCheck_35420_bad" classname="com.cardatechnologies.utils.validators.abaroutevalidator.Test_AbaRouteValidator_17a" time="0"/>
  <testcase name="testAbaNumberCheck_36179_good" classname="com.cardatechnologies.utils.validators.abaroutevalidator.Test_AbaRouteValidator_17a" time="0"/>
  <testcase name="testAbaNumberCheck_36234_bad" classname="com.cardatechnologies.utils.validators.abaroutevalidator.Test_AbaRouteValidator_17a" time="0"/>
  <testcase name="testAbaNumberCheck_37048_bad" classname="com.cardatechnologies.utils.validators.abaroutevalidator.Test_AbaRouteValidator_17a" time="0"/>
  <testcase name="testAbaNumberCheck_35239_good" classname="com.cardatechnologies.utils.validators.abaroutevalidator.Test_AbaRouteValidator_17a" time="0"/>
  <testcase name="testAbaNumberCheck_35422_bad" classname="com.cardatechnologies.utils.validators.abaroutevalidator.Test_AbaRouteValidator_17a" time="0"/>
  <testcase name="testAbaNumberCheck_36236_bad" classname="com.cardatechnologies.utils.validators.abaroutevalidator.Test_AbaRouteValidator_17a" time="0"/>
  <testcase name="testAbaNumberCheck_36837_good" classname="com.cardatechnologies.utils.validators.abaroutevalidator.Test_AbaRouteValidator_17a" time="0"/>
  <testcase name="testAbaNumberCheck_35424_bad" classname="com.cardatechnologies.utils.validators.abaroutevalidator.Test_AbaRouteValidator_17a" time="0"/>
  <testcase name="testAbaNumberCheck_36238_bad" classname="com.cardatechnologies.utils.validators.abaroutevalidator.Test_AbaRouteValidator_17a" time="0"/>
  <testcase name="testAbaNumberCheck_35426_bad" classname="com.cardatechnologies.utils.validators.abaroutevalidator.Test_AbaRouteValidator_17a" time="0"/>
  <testcase name="testAbaNumberCheck_35861_good" classname="com.cardatechnologies.utils.validators.abaroutevalidator.Test_AbaRouteValidator_17a" time="0"/>
  <testcase name="testAbaNumberCheck_35428_bad" classname="com.cardatechnologies.utils.validators.abaroutevalidator.Test_AbaRouteValidator_17a" time="0"/>
  <testcase name="testAbaNumberCheck_36675_good" classname="com.cardatechnologies.utils.validators.abaroutevalidator.Test_AbaRouteValidator_17a" time="0.001"/>
  <testcase name="testAbaNumberCheck_35735_good" classname="com.cardatechnologies.utils.validators.abaroutevalidator.Test_AbaRouteValidator_17a" time="0"/>
  <testcase name="testAbaNumberCheck_37489_good" classname="com.cardatechnologies.utils.validators.abaroutevalidator.Test_AbaRouteValidator_17a" time="0"/>
  <testcase name="testAbaNumberCheck_36549_good" classname="com.cardatechnologies.utils.validators.abaroutevalidator.Test_AbaRouteValidator_17a" time="0"/>
  <testcase name="testAbaNumberCheck_35609_good" classname="com.cardatechnologies.utils.validators.abaroutevalidator.Test_AbaRouteValidator_17a" time="0"/>
  <testcase name="testAbaNumberCheck_35573_good" classname="com.cardatechnologies.utils.validators.abaroutevalidator.Test_AbaRouteValidator_17a" time="0"/>
  <testcase name="testAbaNumberCheck_36387_good" classname="com.cardatechnologies.utils.validators.abaroutevalidator.Test_AbaRouteValidator_17a" time="0"/>
  <testcase name="testAbaNumberCheck_35447_good" classname="com.cardatechnologies.utils.validators.abaroutevalidator.Test_AbaRouteValidator_17a" time="0"/>
  <testcase name="testAbaNumberCheck_37050_bad" classname="com.cardatechnologies.utils.validators.abaroutevalidator.Test_AbaRouteValidator_17a" time="0"/>
  <testcase name="testAbaNumberCheck_37052_bad" classname="com.cardatechnologies.utils.validators.abaroutevalidator.Test_AbaRouteValidator_17a" time="0"/>
  <testcase name="testAbaNumberCheck_36240_bad" classname="com.cardatechnologies.utils.validators.abaroutevalidator.Test_AbaRouteValidator_17a" time="0"/>
  <testcase name="testAbaNumberCheck_37054_bad" classname="com.cardatechnologies.utils.validators.abaroutevalidator.Test_AbaRouteValidator_17a" time="0"/>
  <testcase name="testAbaNumberCheck_36242_bad" classname="com.cardatechnologies.utils.validators.abaroutevalidator.Test_AbaRouteValidator_17a" time="0"/>
  <testcase name="testAbaNumberCheck_37056_bad" classname="com.cardatechnologies.utils.validators.abaroutevalidator.Test_AbaRouteValidator_17a" time="0"/>
  <testcase name="testAbaNumberCheck_36919_good" classname="com.cardatechnologies.utils.validators.abaroutevalidator.Test_AbaRouteValidator_17a" time="0"/>
  <testcase name="testAbaNumberCheck_35285_good" classname="com.cardatechnologies.utils.validators.abaroutevalidator.Test_AbaRouteValidator_17a" time="0"/>
  <testcase name="testAbaNumberCheck_35430_bad" classname="com.cardatechnologies.utils.validators.abaroutevalidator.Test_AbaRouteValidator_17a" time="0"/>
  <testcase name="testAbaNumberCheck_36244_bad" classname="com.cardatechnologies.utils.validators.abaroutevalidator.Test_AbaRouteValidator_17a" time="0"/>
  <testcase name="testAbaNumberCheck_37058_bad" classname="com.cardatechnologies.utils.validators.abaroutevalidator.Test_AbaRouteValidator_17a" time="0"/>
  <testcase name="testAbaNumberCheck_35432_bad" classname="com.cardatechnologies.utils.validators.abaroutevalidator.Test_AbaRouteValidator_17a" time="0"/>
  <testcase name="testAbaNumberCheck_36883_good" classname="com.cardatechnologies.utils.validators.abaroutevalidator.Test_AbaRouteValidator_17a" time="0"/>
  <testcase name="testAbaNumberCheck_36246_bad" classname="com.cardatechnologies.utils.validators.abaroutevalidator.Test_AbaRouteValidator_17a" time="0"/>
  <testcase name="testAbaNumberCheck_35943_good" classname="com.cardatechnologies.utils.validators.abaroutevalidator.Test_AbaRouteValidator_17a" time="0"/>
  <testcase name="testAbaNumberCheck_36099_good" classname="com.cardatechnologies.utils.validators.abaroutevalidator.Test_AbaRouteValidator_17a" time="0"/>
  <testcase name="testAbaNumberCheck_35434_bad" classname="com.cardatechnologies.utils.validators.abaroutevalidator.Test_AbaRouteValidator_17a" time="0.001"/>
  <testcase name="testAbaNumberCheck_36248_bad" classname="com.cardatechnologies.utils.validators.abaroutevalidator.Test_AbaRouteValidator_17a" time="0"/>
  <testcase name="testAbaNumberCheck_35159_good" classname="com.cardatechnologies.utils.validators.abaroutevalidator.Test_AbaRouteValidator_17a" time="0"/>
  <testcase name="testAbaNumberCheck_35436_bad" classname="com.cardatechnologies.utils.validators.abaroutevalidator.Test_AbaRouteValidator_17a" time="0"/>
  <testcase name="testAbaNumberCheck_36757_good" classname="com.cardatechnologies.utils.validators.abaroutevalidator.Test_AbaRouteValidator_17a" time="0"/>
  <testcase name="testAbaNumberCheck_35817_good" classname="com.cardatechnologies.utils.validators.abaroutevalidator.Test_AbaRouteValidator_17a" time="0"/>
  <testcase name="testAbaNumberCheck_35438_bad" classname="com.cardatechnologies.utils.validators.abaroutevalidator.Test_AbaRouteValidator_17a" time="0"/>
  <testcase name="testAbaNumberCheck_35781_good" classname="com.cardatechnologies.utils.validators.abaroutevalidator.Test_AbaRouteValidator_17a" time="0"/>
  <testcase name="testAbaNumberCheck_36595_good" classname="com.cardatechnologies.utils.validators.abaroutevalidator.Test_AbaRouteValidator_17a" time="0"/>
  <testcase name="testAbaNumberCheck_35655_good" classname="com.cardatechnologies.utils.validators.abaroutevalidator.Test_AbaRouteValidator_17a" time="0"/>
  <testcase name="testAbaNumberCheck_36469_good" classname="com.cardatechnologies.utils.validators.abaroutevalidator.Test_AbaRouteValidator_17a" time="0"/>
  <testcase name="testAbaNumberCheck_35529_good" classname="com.cardatechnologies.utils.validators.abaroutevalidator.Test_AbaRouteValidator_17a" time="0"/>
  <testcase name="testAbaNumberCheck_35493_good" classname="com.cardatechnologies.utils.validators.abaroutevalidator.Test_AbaRouteValidator_17a" time="0"/>
  <testcase name="testAbaNumberCheck_37060_bad" classname="com.cardatechnologies.utils.validators.abaroutevalidator.Test_AbaRouteValidator_17a" time="0"/>
  <testcase name="testAbaNumberCheck_37062_bad" classname="com.cardatechnologies.utils.validators.abaroutevalidator.Test_AbaRouteValidator_17a" time="0"/>
  <testcase name="testAbaNumberCheck_36700_bad" classname="com.cardatechnologies.utils.validators.abaroutevalidator.Test_AbaRouteValidator_17a" time="0"/>
  <testcase name="testAbaNumberCheck_35367_good" classname="com.cardatechnologies.utils.validators.abaroutevalidator.Test_AbaRouteValidator_17a" time="0"/>
  <testcase name="testAbaNumberCheck_36250_bad" classname="com.cardatechnologies.utils.validators.abaroutevalidator.Test_AbaRouteValidator_17a" time="0"/>
  <testcase name="testAbaNumberCheck_37064_bad" classname="com.cardatechnologies.utils.validators.abaroutevalidator.Test_AbaRouteValidator_17a" time="0"/>
  <testcase name="testAbaNumberCheck_36702_bad" classname="com.cardatechnologies.utils.validators.abaroutevalidator.Test_AbaRouteValidator_17a" time="0"/>
  <testcase name="testAbaNumberCheck_36252_bad" classname="com.cardatechnologies.utils.validators.abaroutevalidator.Test_AbaRouteValidator_17a" time="0"/>
  <testcase name="testAbaNumberCheck_36965_good" classname="com.cardatechnologies.utils.validators.abaroutevalidator.Test_AbaRouteValidator_17a" time="0"/>
  <testcase name="testAbaNumberCheck_37066_bad" classname="com.cardatechnologies.utils.validators.abaroutevalidator.Test_AbaRouteValidator_17a" time="0"/>
  <testcase name="testAbaNumberCheck_36704_bad" classname="com.cardatechnologies.utils.validators.abaroutevalidator.Test_AbaRouteValidator_17a" time="0"/>
  <testcase name="testAbaNumberCheck_35440_bad" classname="com.cardatechnologies.utils.validators.abaroutevalidator.Test_AbaRouteValidator_17a" time="0"/>
  <testcase name="testAbaNumberCheck_36254_bad" classname="com.cardatechnologies.utils.validators.abaroutevalidator.Test_AbaRouteValidator_17a" time="0"/>
  <testcase name="testAbaNumberCheck_37068_bad" classname="com.cardatechnologies.utils.validators.abaroutevalidator.Test_AbaRouteValidator_17a" time="0.001"/>
  <testcase name="testAbaNumberCheck_36706_bad" classname="com.cardatechnologies.utils.validators.abaroutevalidator.Test_AbaRouteValidator_17a" time="0"/>
  <testcase name="testAbaNumberCheck_35442_bad" classname="com.cardatechnologies.utils.validators.abaroutevalidator.Test_AbaRouteValidator_17a" time="0"/>
  <testcase name="testAbaNumberCheck_36256_bad" classname="com.cardatechnologies.utils.validators.abaroutevalidator.Test_AbaRouteValidator_17a" time="0"/>
  <testcase name="testAbaNumberCheck_36839_good" classname="com.cardatechnologies.utils.validators.abaroutevalidator.Test_AbaRouteValidator_17a" time="0"/>
  <testcase name="testAbaNumberCheck_36708_bad" classname="com.cardatechnologies.utils.validators.abaroutevalidator.Test_AbaRouteValidator_17a" time="0"/>
  <testcase name="testAbaNumberCheck_35444_bad" classname="com.cardatechnologies.utils.validators.abaroutevalidator.Test_AbaRouteValidator_17a" time="0"/>
  <testcase name="testAbaNumberCheck_36258_bad" classname="com.cardatechnologies.utils.validators.abaroutevalidator.Test_AbaRouteValidator_17a" time="0"/>
  <testcase name="testAbaNumberCheck_35446_bad" classname="com.cardatechnologies.utils.validators.abaroutevalidator.Test_AbaRouteValidator_17a" time="0"/>
  <testcase name="testAbaNumberCheck_35863_good" classname="com.cardatechnologies.utils.validators.abaroutevalidator.Test_AbaRouteValidator_17a" time="0"/>
  <testcase name="testAbaNumberCheck_35448_bad" classname="com.cardatechnologies.utils.validators.abaroutevalidator.Test_AbaRouteValidator_17a" time="0"/>
  <testcase name="testAbaNumberCheck_36677_good" classname="com.cardatechnologies.utils.validators.abaroutevalidator.Test_AbaRouteValidator_17a" time="0"/>
  <testcase name="testAbaNumberCheck_35737_good" classname="com.cardatechnologies.utils.validators.abaroutevalidator.Test_AbaRouteValidator_17a" time="0"/>
  <testcase name="testAbaNumberCheck_35575_good" classname="com.cardatechnologies.utils.validators.abaroutevalidator.Test_AbaRouteValidator_17a" time="0"/>
  <testcase name="testAbaNumberCheck_36389_good" classname="com.cardatechnologies.utils.validators.abaroutevalidator.Test_AbaRouteValidator_17a" time="0"/>
  <testcase name="testAbaNumberCheck_35449_good" classname="com.cardatechnologies.utils.validators.abaroutevalidator.Test_AbaRouteValidator_17a" time="0"/>
  <testcase name="testAbaNumberCheck_37070_bad" classname="com.cardatechnologies.utils.validators.abaroutevalidator.Test_AbaRouteValidator_17a" time="0"/>
  <testcase name="testAbaNumberCheck_37072_bad" classname="com.cardatechnologies.utils.validators.abaroutevalidator.Test_AbaRouteValidator_17a" time="0"/>
  <testcase name="testAbaNumberCheck_36710_bad" classname="com.cardatechnologies.utils.validators.abaroutevalidator.Test_AbaRouteValidator_17a" time="0"/>
  <testcase name="testAbaNumberCheck_36260_bad" classname="com.cardatechnologies.utils.validators.abaroutevalidator.Test_AbaRouteValidator_17a" time="0.001"/>
  <testcase name="testAbaNumberCheck_37074_bad" classname="com.cardatechnologies.utils.validators.abaroutevalidator.Test_AbaRouteValidator_17a" time="0"/>
  <testcase name="testAbaNumberCheck_36712_bad" classname="com.cardatechnologies.utils.validators.abaroutevalidator.Test_AbaRouteValidator_17a" time="0"/>
  <testcase name="testAbaNumberCheck_36262_bad" classname="com.cardatechnologies.utils.validators.abaroutevalidator.Test_AbaRouteValidator_17a" time="0"/>
  <testcase name="testAbaNumberCheck_37076_bad" classname="com.cardatechnologies.utils.validators.abaroutevalidator.Test_AbaRouteValidator_17a" time="0"/>
  <testcase name="testAbaNumberCheck_35900_bad" classname="com.cardatechnologies.utils.validators.abaroutevalidator.Test_AbaRouteValidator_17a" time="0"/>
  <testcase name="testAbaNumberCheck_36714_bad" classname="com.cardatechnologies.utils.validators.abaroutevalidator.Test_AbaRouteValidator_17a" time="0"/>
  <testcase name="testAbaNumberCheck_35287_good" classname="com.cardatechnologies.utils.validators.abaroutevalidator.Test_AbaRouteValidator_17a" time="0"/>
  <testcase name="testAbaNumberCheck_35450_bad" classname="com.cardatechnologies.utils.validators.abaroutevalidator.Test_AbaRouteValidator_17a" time="0"/>
  <testcase name="testAbaNumberCheck_36264_bad" classname="com.cardatechnologies.utils.validators.abaroutevalidator.Test_AbaRouteValidator_17a" time="0"/>
  <testcase name="testAbaNumberCheck_37078_bad" classname="com.cardatechnologies.utils.validators.abaroutevalidator.Test_AbaRouteValidator_17a" time="0"/>
  <testcase name="testAbaNumberCheck_35902_bad" classname="com.cardatechnologies.utils.validators.abaroutevalidator.Test_AbaRouteValidator_17a" time="0"/>
  <testcase name="testAbaNumberCheck_36716_bad" classname="com.cardatechnologies.utils.validators.abaroutevalidator.Test_AbaRouteValidator_17a" time="0"/>
  <testcase name="testAbaNumberCheck_35452_bad" classname="com.cardatechnologies.utils.validators.abaroutevalidator.Test_AbaRouteValidator_17a" time="0"/>
  <testcase name="testAbaNumberCheck_36885_good" classname="com.cardatechnologies.utils.validators.abaroutevalidator.Test_AbaRouteValidator_17a" time="0"/>
  <testcase name="testAbaNumberCheck_36266_bad" classname="com.cardatechnologies.utils.validators.abaroutevalidator.Test_AbaRouteValidator_17a" time="0"/>
  <testcase name="testAbaNumberCheck_35945_good" classname="com.cardatechnologies.utils.validators.abaroutevalidator.Test_AbaRouteValidator_17a" time="0"/>
  <testcase name="testAbaNumberCheck_35904_bad" classname="com.cardatechnologies.utils.validators.abaroutevalidator.Test_AbaRouteValidator_17a" time="0"/>
  <testcase name="testAbaNumberCheck_36718_bad" classname="com.cardatechnologies.utils.validators.abaroutevalidator.Test_AbaRouteValidator_17a" time="0.001"/>
  <testcase name="testAbaNumberCheck_35454_bad" classname="com.cardatechnologies.utils.validators.abaroutevalidator.Test_AbaRouteValidator_17a" time="0"/>
  <testcase name="testAbaNumberCheck_36268_bad" classname="com.cardatechnologies.utils.validators.abaroutevalidator.Test_AbaRouteValidator_17a" time="0"/>
  <testcase name="testAbaNumberCheck_35906_bad" classname="com.cardatechnologies.utils.validators.abaroutevalidator.Test_AbaRouteValidator_17a" time="0"/>
  <testcase name="testAbaNumberCheck_35456_bad" classname="com.cardatechnologies.utils.validators.abaroutevalidator.Test_AbaRouteValidator_17a" time="0"/>
  <testcase name="testAbaNumberCheck_36759_good" classname="com.cardatechnologies.utils.validators.abaroutevalidator.Test_AbaRouteValidator_17a" time="0"/>
  <testcase name="testAbaNumberCheck_35819_good" classname="com.cardatechnologies.utils.validators.abaroutevalidator.Test_AbaRouteValidator_17a" time="0"/>
  <testcase name="testAbaNumberCheck_35908_bad" classname="com.cardatechnologies.utils.validators.abaroutevalidator.Test_AbaRouteValidator_17a" time="0"/>
  <testcase name="testAbaNumberCheck_35458_bad" classname="com.cardatechnologies.utils.validators.abaroutevalidator.Test_AbaRouteValidator_17a" time="0"/>
  <testcase name="testAbaNumberCheck_35783_good" classname="com.cardatechnologies.utils.validators.abaroutevalidator.Test_AbaRouteValidator_17a" time="0"/>
  <testcase name="testAbaNumberCheck_36597_good" classname="com.cardatechnologies.utils.validators.abaroutevalidator.Test_AbaRouteValidator_17a" time="0"/>
  <testcase name="testAbaNumberCheck_35657_good" classname="com.cardatechnologies.utils.validators.abaroutevalidator.Test_AbaRouteValidator_17a" time="0"/>
  <testcase name="testAbaNumberCheck_35495_good" classname="com.cardatechnologies.utils.validators.abaroutevalidator.Test_AbaRouteValidator_17a" time="0"/>
  <testcase name="testAbaNumberCheck_37080_bad" classname="com.cardatechnologies.utils.validators.abaroutevalidator.Test_AbaRouteValidator_17a" time="0"/>
  <testcase name="testAbaNumberCheck_37082_bad" classname="com.cardatechnologies.utils.validators.abaroutevalidator.Test_AbaRouteValidator_17a" time="0"/>
  <testcase name="testAbaNumberCheck_36720_bad" classname="com.cardatechnologies.utils.validators.abaroutevalidator.Test_AbaRouteValidator_17a" time="0"/>
  <testcase name="testAbaNumberCheck_35369_good" classname="com.cardatechnologies.utils.validators.abaroutevalidator.Test_AbaRouteValidator_17a" time="0"/>
  <testcase name="testAbaNumberCheck_36270_bad" classname="com.cardatechnologies.utils.validators.abaroutevalidator.Test_AbaRouteValidator_17a" time="0"/>
  <testcase name="testAbaNumberCheck_37084_bad" classname="com.cardatechnologies.utils.validators.abaroutevalidator.Test_AbaRouteValidator_17a" time="0"/>
  <testcase name="testAbaNumberCheck_36722_bad" classname="com.cardatechnologies.utils.validators.abaroutevalidator.Test_AbaRouteValidator_17a" time="0"/>
  <testcase name="testAbaNumberCheck_36272_bad" classname="com.cardatechnologies.utils.validators.abaroutevalidator.Test_AbaRouteValidator_17a" time="0.001"/>
  <testcase name="testAbaNumberCheck_36967_good" classname="com.cardatechnologies.utils.validators.abaroutevalidator.Test_AbaRouteValidator_17a" time="0"/>
  <testcase name="testAbaNumberCheck_37086_bad" classname="com.cardatechnologies.utils.validators.abaroutevalidator.Test_AbaRouteValidator_17a" time="0"/>
  <testcase name="testAbaNumberCheck_35910_bad" classname="com.cardatechnologies.utils.validators.abaroutevalidator.Test_AbaRouteValidator_17a" time="0"/>
  <testcase name="testAbaNumberCheck_36724_bad" classname="com.cardatechnologies.utils.validators.abaroutevalidator.Test_AbaRouteValidator_17a" time="0"/>
  <testcase name="testAbaNumberCheck_35460_bad" classname="com.cardatechnologies.utils.validators.abaroutevalidator.Test_AbaRouteValidator_17a" time="0"/>
  <testcase name="testAbaNumberCheck_36274_bad" classname="com.cardatechnologies.utils.validators.abaroutevalidator.Test_AbaRouteValidator_17a" time="0"/>
  <testcase name="testAbaNumberCheck_37088_bad" classname="com.cardatechnologies.utils.validators.abaroutevalidator.Test_AbaRouteValidator_17a" time="0"/>
  <testcase name="testAbaNumberCheck_35912_bad" classname="com.cardatechnologies.utils.validators.abaroutevalidator.Test_AbaRouteValidator_17a" time="0"/>
  <testcase name="testAbaNumberCheck_36726_bad" classname="com.cardatechnologies.utils.validators.abaroutevalidator.Test_AbaRouteValidator_17a" time="0"/>
  <testcase name="testAbaNumberCheck_35991_good" classname="com.cardatechnologies.utils.validators.abaroutevalidator.Test_AbaRouteValidator_17a" time="0"/>
  <testcase name="testAbaNumberCheck_35462_bad" classname="com.cardatechnologies.utils.validators.abaroutevalidator.Test_AbaRouteValidator_17a" time="0"/>
  <testcase name="testAbaNumberCheck_36276_bad" classname="com.cardatechnologies.utils.validators.abaroutevalidator.Test_AbaRouteValidator_17a" time="0"/>
  <testcase name="testAbaNumberCheck_35914_bad" classname="com.cardatechnologies.utils.validators.abaroutevalidator.Test_AbaRouteValidator_17a" time="0"/>
  <testcase name="testAbaNumberCheck_36728_bad" classname="com.cardatechnologies.utils.validators.abaroutevalidator.Test_AbaRouteValidator_17a" time="0"/>
  <testcase name="testAbaNumberCheck_35464_bad" classname="com.cardatechnologies.utils.validators.abaroutevalidator.Test_AbaRouteValidator_17a" time="0"/>
  <testcase name="testAbaNumberCheck_36278_bad" classname="com.cardatechnologies.utils.validators.abaroutevalidator.Test_AbaRouteValidator_17a" time="0"/>
  <testcase name="testAbaNumberCheck_35916_bad" classname="com.cardatechnologies.utils.validators.abaroutevalidator.Test_AbaRouteValidator_17a" time="0"/>
  <testcase name="testAbaNumberCheck_35466_bad" classname="com.cardatechnologies.utils.validators.abaroutevalidator.Test_AbaRouteValidator_17a" time="0.001"/>
  <testcase name="testAbaNumberCheck_35865_good" classname="com.cardatechnologies.utils.validators.abaroutevalidator.Test_AbaRouteValidator_17a" time="0"/>
  <testcase name="testAbaNumberCheck_35918_bad" classname="com.cardatechnologies.utils.validators.abaroutevalidator.Test_AbaRouteValidator_17a" time="0"/>
  <testcase name="testAbaNumberCheck_35468_bad" classname="com.cardatechnologies.utils.validators.abaroutevalidator.Test_AbaRouteValidator_17a" time="0"/>
  <testcase name="testAbaNumberCheck_36679_good" classname="com.cardatechnologies.utils.validators.abaroutevalidator.Test_AbaRouteValidator_17a" time="0"/>
  <testcase name="testAbaNumberCheck_35739_good" classname="com.cardatechnologies.utils.validators.abaroutevalidator.Test_AbaRouteValidator_17a" time="0"/>
  <testcase name="testAbaNumberCheck_35577_good" classname="com.cardatechnologies.utils.validators.abaroutevalidator.Test_AbaRouteValidator_17a" time="0"/>
  <testcase name="testAbaNumberCheck_37090_bad" classname="com.cardatechnologies.utils.validators.abaroutevalidator.Test_AbaRouteValidator_17a" time="0"/>
  <testcase name="testAbaNumberCheck_37092_bad" classname="com.cardatechnologies.utils.validators.abaroutevalidator.Test_AbaRouteValidator_17a" time="0"/>
  <testcase name="testAbaNumberCheck_36730_bad" classname="com.cardatechnologies.utils.validators.abaroutevalidator.Test_AbaRouteValidator_17a" time="0"/>
  <testcase name="testAbaNumberCheck_36280_bad" classname="com.cardatechnologies.utils.validators.abaroutevalidator.Test_AbaRouteValidator_17a" time="0"/>
  <testcase name="testAbaNumberCheck_37094_bad" classname="com.cardatechnologies.utils.validators.abaroutevalidator.Test_AbaRouteValidator_17a" time="0"/>
  <testcase name="testAbaNumberCheck_36732_bad" classname="com.cardatechnologies.utils.validators.abaroutevalidator.Test_AbaRouteValidator_17a" time="0"/>
  <testcase name="testAbaNumberCheck_36282_bad" classname="com.cardatechnologies.utils.validators.abaroutevalidator.Test_AbaRouteValidator_17a" time="0"/>
  <testcase name="testAbaNumberCheck_37096_bad" classname="com.cardatechnologies.utils.validators.abaroutevalidator.Test_AbaRouteValidator_17a" time="0"/>
  <testcase name="testAbaNumberCheck_35920_bad" classname="com.cardatechnologies.utils.validators.abaroutevalidator.Test_AbaRouteValidator_17a" time="0"/>
  <testcase name="testAbaNumberCheck_36734_bad" classname="com.cardatechnologies.utils.validators.abaroutevalidator.Test_AbaRouteValidator_17a" time="0"/>
  <testcase name="testAbaNumberCheck_35289_good" classname="com.cardatechnologies.utils.validators.abaroutevalidator.Test_AbaRouteValidator_17a" time="0"/>
  <testcase name="testAbaNumberCheck_35470_bad" classname="com.cardatechnologies.utils.validators.abaroutevalidator.Test_AbaRouteValidator_17a" time="0"/>
  <testcase name="testAbaNumberCheck_36284_bad" classname="com.cardatechnologies.utils.validators.abaroutevalidator.Test_AbaRouteValidator_17a" time="0.001"/>
  <testcase name="testAbaNumberCheck_37098_bad" classname="com.cardatechnologies.utils.validators.abaroutevalidator.Test_AbaRouteValidator_17a" time="0"/>
  <testcase name="testAbaNumberCheck_35922_bad" classname="com.cardatechnologies.utils.validators.abaroutevalidator.Test_AbaRouteValidator_17a" time="0"/>
  <testcase name="testAbaNumberCheck_36736_bad" classname="com.cardatechnologies.utils.validators.abaroutevalidator.Test_AbaRouteValidator_17a" time="0"/>
  <testcase name="testAbaNumberCheck_35472_bad" classname="com.cardatechnologies.utils.validators.abaroutevalidator.Test_AbaRouteValidator_17a" time="0"/>
  <testcase name="testAbaNumberCheck_36887_good" classname="com.cardatechnologies.utils.validators.abaroutevalidator.Test_AbaRouteValidator_17a" time="0"/>
  <testcase name="testAbaNumberCheck_36286_bad" classname="com.cardatechnologies.utils.validators.abaroutevalidator.Test_AbaRouteValidator_17a" time="0"/>
  <testcase name="testAbaNumberCheck_35947_good" classname="com.cardatechnologies.utils.validators.abaroutevalidator.Test_AbaRouteValidator_17a" time="0"/>
  <testcase name="testAbaNumberCheck_35924_bad" classname="com.cardatechnologies.utils.validators.abaroutevalidator.Test_AbaRouteValidator_17a" time="0"/>
  <testcase name="testAbaNumberCheck_36738_bad" classname="com.cardatechnologies.utils.validators.abaroutevalidator.Test_AbaRouteValidator_17a" time="0"/>
  <testcase name="testAbaNumberCheck_35474_bad" classname="com.cardatechnologies.utils.validators.abaroutevalidator.Test_AbaRouteValidator_17a" time="0"/>
  <testcase name="testAbaNumberCheck_36288_bad" classname="com.cardatechnologies.utils.validators.abaroutevalidator.Test_AbaRouteValidator_17a" time="0"/>
  <testcase name="testAbaNumberCheck_35926_bad" classname="com.cardatechnologies.utils.validators.abaroutevalidator.Test_AbaRouteValidator_17a" time="0"/>
  <testcase name="testAbaNumberCheck_35476_bad" classname="com.cardatechnologies.utils.validators.abaroutevalidator.Test_AbaRouteValidator_17a" time="0"/>
  <testcase name="testAbaNumberCheck_35928_bad" classname="com.cardatechnologies.utils.validators.abaroutevalidator.Test_AbaRouteValidator_17a" time="0"/>
  <testcase name="testAbaNumberCheck_35478_bad" classname="com.cardatechnologies.utils.validators.abaroutevalidator.Test_AbaRouteValidator_17a" time="0"/>
  <testcase name="testAbaNumberCheck_35785_good" classname="com.cardatechnologies.utils.validators.abaroutevalidator.Test_AbaRouteValidator_17a" time="0"/>
  <testcase name="testAbaNumberCheck_36599_good" classname="com.cardatechnologies.utils.validators.abaroutevalidator.Test_AbaRouteValidator_17a" time="0"/>
  <testcase name="testAbaNumberCheck_35659_good" classname="com.cardatechnologies.utils.validators.abaroutevalidator.Test_AbaRouteValidator_17a" time="0"/>
  <testcase name="testAbaNumberCheck_35497_good" classname="com.cardatechnologies.utils.validators.abaroutevalidator.Test_AbaRouteValidator_17a" time="0"/>
  <testcase name="testAbaNumberCheck_36740_bad" classname="com.cardatechnologies.utils.validators.abaroutevalidator.Test_AbaRouteValidator_17a" time="0"/>
  <testcase name="testAbaNumberCheck_36290_bad" classname="com.cardatechnologies.utils.validators.abaroutevalidator.Test_AbaRouteValidator_17a" time="0.001"/>
  <testcase name="testAbaNumberCheck_36742_bad" classname="com.cardatechnologies.utils.validators.abaroutevalidator.Test_AbaRouteValidator_17a" time="0"/>
  <testcase name="testAbaNumberCheck_36292_bad" classname="com.cardatechnologies.utils.validators.abaroutevalidator.Test_AbaRouteValidator_17a" time="0"/>
  <testcase name="testAbaNumberCheck_36969_good" classname="com.cardatechnologies.utils.validators.abaroutevalidator.Test_AbaRouteValidator_17a" time="0"/>
  <testcase name="testAbaNumberCheck_35930_bad" classname="com.cardatechnologies.utils.validators.abaroutevalidator.Test_AbaRouteValidator_17a" time="0"/>
  <testcase name="testAbaNumberCheck_36744_bad" classname="com.cardatechnologies.utils.validators.abaroutevalidator.Test_AbaRouteValidator_17a" time="0"/>
  <testcase name="testAbaNumberCheck_35480_bad" classname="com.cardatechnologies.utils.validators.abaroutevalidator.Test_AbaRouteValidator_17a" time="0"/>
  <testcase name="testAbaNumberCheck_36294_bad" classname="com.cardatechnologies.utils.validators.abaroutevalidator.Test_AbaRouteValidator_17a" time="0"/>
  <testcase name="testAbaNumberCheck_35932_bad" classname="com.cardatechnologies.utils.validators.abaroutevalidator.Test_AbaRouteValidator_17a" time="0"/>
  <testcase name="testAbaNumberCheck_36746_bad" classname="com.cardatechnologies.utils.validators.abaroutevalidator.Test_AbaRouteValidator_17a" time="0"/>
  <testcase name="testAbaNumberCheck_35993_good" classname="com.cardatechnologies.utils.validators.abaroutevalidator.Test_AbaRouteValidator_17a" time="0"/>
  <testcase name="testAbaNumberCheck_35482_bad" classname="com.cardatechnologies.utils.validators.abaroutevalidator.Test_AbaRouteValidator_17a" time="0"/>
  <testcase name="testAbaNumberCheck_36296_bad" classname="com.cardatechnologies.utils.validators.abaroutevalidator.Test_AbaRouteValidator_17a" time="0"/>
  <testcase name="testAbaNumberCheck_35934_bad" classname="com.cardatechnologies.utils.validators.abaroutevalidator.Test_AbaRouteValidator_17a" time="0"/>
  <testcase name="testAbaNumberCheck_36748_bad" classname="com.cardatechnologies.utils.validators.abaroutevalidator.Test_AbaRouteValidator_17a" time="0"/>
  <testcase name="testAbaNumberCheck_35484_bad" classname="com.cardatechnologies.utils.validators.abaroutevalidator.Test_AbaRouteValidator_17a" time="0"/>
  <testcase name="testAbaNumberCheck_36298_bad" classname="com.cardatechnologies.utils.validators.abaroutevalidator.Test_AbaRouteValidator_17a" time="0"/>
  <testcase name="testAbaNumberCheck_35936_bad" classname="com.cardatechnologies.utils.validators.abaroutevalidator.Test_AbaRouteValidator_17a" time="0"/>
  <testcase name="testAbaNumberCheck_35486_bad" classname="com.cardatechnologies.utils.validators.abaroutevalidator.Test_AbaRouteValidator_17a" time="0"/>
  <testcase name="testAbaNumberCheck_35867_good" classname="com.cardatechnologies.utils.validators.abaroutevalidator.Test_AbaRouteValidator_17a" time="0"/>
  <testcase name="testAbaNumberCheck_35938_bad" classname="com.cardatechnologies.utils.validators.abaroutevalidator.Test_AbaRouteValidator_17a" time="0.001"/>
  <testcase name="testAbaNumberCheck_35488_bad" classname="com.cardatechnologies.utils.validators.abaroutevalidator.Test_AbaRouteValidator_17a" time="0"/>
  <testcase name="testAbaNumberCheck_35579_good" classname="com.cardatechnologies.utils.validators.abaroutevalidator.Test_AbaRouteValidator_17a" time="0"/>
  <testcase name="testAbaNumberCheck_36750_bad" classname="com.cardatechnologies.utils.validators.abaroutevalidator.Test_AbaRouteValidator_17a" time="0"/>
  <testcase name="testAbaNumberCheck_36752_bad" classname="com.cardatechnologies.utils.validators.abaroutevalidator.Test_AbaRouteValidator_17a" time="0"/>
  <testcase name="testAbaNumberCheck_35940_bad" classname="com.cardatechnologies.utils.validators.abaroutevalidator.Test_AbaRouteValidator_17a" time="0"/>
  <testcase name="testAbaNumberCheck_36754_bad" classname="com.cardatechnologies.utils.validators.abaroutevalidator.Test_AbaRouteValidator_17a" time="0"/>
  <testcase name="testAbaNumberCheck_35490_bad" classname="com.cardatechnologies.utils.validators.abaroutevalidator.Test_AbaRouteValidator_17a" time="0"/>
  <testcase name="testAbaNumberCheck_35942_bad" classname="com.cardatechnologies.utils.validators.abaroutevalidator.Test_AbaRouteValidator_17a" time="0"/>
  <testcase name="testAbaNumberCheck_36756_bad" classname="com.cardatechnologies.utils.validators.abaroutevalidator.Test_AbaRouteValidator_17a" time="0"/>
  <testcase name="testAbaNumberCheck_35492_bad" classname="com.cardatechnologies.utils.validators.abaroutevalidator.Test_AbaRouteValidator_17a" time="0"/>
  <testcase name="testAbaNumberCheck_36889_good" classname="com.cardatechnologies.utils.validators.abaroutevalidator.Test_AbaRouteValidator_17a" time="0"/>
  <testcase name="testAbaNumberCheck_35949_good" classname="com.cardatechnologies.utils.validators.abaroutevalidator.Test_AbaRouteValidator_17a" time="0"/>
  <testcase name="testAbaNumberCheck_35944_bad" classname="com.cardatechnologies.utils.validators.abaroutevalidator.Test_AbaRouteValidator_17a" time="0"/>
  <testcase name="testAbaNumberCheck_36758_bad" classname="com.cardatechnologies.utils.validators.abaroutevalidator.Test_AbaRouteValidator_17a" time="0"/>
  <testcase name="testAbaNumberCheck_35494_bad" classname="com.cardatechnologies.utils.validators.abaroutevalidator.Test_AbaRouteValidator_17a" time="0"/>
  <testcase name="testAbaNumberCheck_35946_bad" classname="com.cardatechnologies.utils.validators.abaroutevalidator.Test_AbaRouteValidator_17a" time="0"/>
  <testcase name="testAbaNumberCheck_35496_bad" classname="com.cardatechnologies.utils.validators.abaroutevalidator.Test_AbaRouteValidator_17a" time="0"/>
  <testcase name="testAbaNumberCheck_35948_bad" classname="com.cardatechnologies.utils.validators.abaroutevalidator.Test_AbaRouteValidator_17a" time="0"/>
  <testcase name="testAbaNumberCheck_35498_bad" classname="com.cardatechnologies.utils.validators.abaroutevalidator.Test_AbaRouteValidator_17a" time="0.001"/>
  <testcase name="testAbaNumberCheck_35787_good" classname="com.cardatechnologies.utils.validators.abaroutevalidator.Test_AbaRouteValidator_17a" time="0"/>
  <testcase name="testAbaNumberCheck_35499_good" classname="com.cardatechnologies.utils.validators.abaroutevalidator.Test_AbaRouteValidator_17a" time="0"/>
  <testcase name="testAbaNumberCheck_36760_bad" classname="com.cardatechnologies.utils.validators.abaroutevalidator.Test_AbaRouteValidator_17a" time="0"/>
  <testcase name="testAbaNumberCheck_36762_bad" classname="com.cardatechnologies.utils.validators.abaroutevalidator.Test_AbaRouteValidator_17a" time="0"/>
  <testcase name="testAbaNumberCheck_35950_bad" classname="com.cardatechnologies.utils.validators.abaroutevalidator.Test_AbaRouteValidator_17a" time="0"/>
  <testcase name="testAbaNumberCheck_36764_bad" classname="com.cardatechnologies.utils.validators.abaroutevalidator.Test_AbaRouteValidator_17a" time="0"/>
  <testcase name="testAbaNumberCheck_35952_bad" classname="com.cardatechnologies.utils.validators.abaroutevalidator.Test_AbaRouteValidator_17a" time="0"/>
  <testcase name="testAbaNumberCheck_36766_bad" classname="com.cardatechnologies.utils.validators.abaroutevalidator.Test_AbaRouteValidator_17a" time="0"/>
  <testcase name="testAbaNumberCheck_35995_good" classname="com.cardatechnologies.utils.validators.abaroutevalidator.Test_AbaRouteValidator_17a" time="0"/>
  <testcase name="testAbaNumberCheck_35954_bad" classname="com.cardatechnologies.utils.validators.abaroutevalidator.Test_AbaRouteValidator_17a" time="0"/>
  <testcase name="testAbaNumberCheck_36768_bad" classname="com.cardatechnologies.utils.validators.abaroutevalidator.Test_AbaRouteValidator_17a" time="0"/>
  <testcase name="testAbaNumberCheck_35956_bad" classname="com.cardatechnologies.utils.validators.abaroutevalidator.Test_AbaRouteValidator_17a" time="0"/>
  <testcase name="testAbaNumberCheck_35869_good" classname="com.cardatechnologies.utils.validators.abaroutevalidator.Test_AbaRouteValidator_17a" time="0"/>
  <testcase name="testAbaNumberCheck_35958_bad" classname="com.cardatechnologies.utils.validators.abaroutevalidator.Test_AbaRouteValidator_17a" time="0"/>
  <testcase name="testAbaNumberCheck_36770_bad" classname="com.cardatechnologies.utils.validators.abaroutevalidator.Test_AbaRouteValidator_17a" time="0"/>
  <testcase name="testAbaNumberCheck_36772_bad" classname="com.cardatechnologies.utils.validators.abaroutevalidator.Test_AbaRouteValidator_17a" time="0"/>
  <testcase name="testAbaNumberCheck_35960_bad" classname="com.cardatechnologies.utils.validators.abaroutevalidator.Test_AbaRouteValidator_17a" time="0"/>
  <testcase name="testAbaNumberCheck_36774_bad" classname="com.cardatechnologies.utils.validators.abaroutevalidator.Test_AbaRouteValidator_17a" time="0"/>
  <testcase name="testAbaNumberCheck_35962_bad" classname="com.cardatechnologies.utils.validators.abaroutevalidator.Test_AbaRouteValidator_17a" time="0.001"/>
  <testcase name="testAbaNumberCheck_36776_bad" classname="com.cardatechnologies.utils.validators.abaroutevalidator.Test_AbaRouteValidator_17a" time="0"/>
  <testcase name="testAbaNumberCheck_35964_bad" classname="com.cardatechnologies.utils.validators.abaroutevalidator.Test_AbaRouteValidator_17a" time="0"/>
  <testcase name="testAbaNumberCheck_36778_bad" classname="com.cardatechnologies.utils.validators.abaroutevalidator.Test_AbaRouteValidator_17a" time="0"/>
  <testcase name="testAbaNumberCheck_35966_bad" classname="com.cardatechnologies.utils.validators.abaroutevalidator.Test_AbaRouteValidator_17a" time="0"/>
  <testcase name="testAbaNumberCheck_35968_bad" classname="com.cardatechnologies.utils.validators.abaroutevalidator.Test_AbaRouteValidator_17a" time="0"/>
  <testcase name="testAbaNumberCheck_35789_good" classname="com.cardatechnologies.utils.validators.abaroutevalidator.Test_AbaRouteValidator_17a" time="0"/>
  <testcase name="testAbaNumberCheck_36780_bad" classname="com.cardatechnologies.utils.validators.abaroutevalidator.Test_AbaRouteValidator_17a" time="0"/>
  <testcase name="testAbaNumberCheck_36782_bad" classname="com.cardatechnologies.utils.validators.abaroutevalidator.Test_AbaRouteValidator_17a" time="0"/>
  <testcase name="testAbaNumberCheck_35970_bad" classname="com.cardatechnologies.utils.validators.abaroutevalidator.Test_AbaRouteValidator_17a" time="0"/>
  <testcase name="testAbaNumberCheck_36784_bad" classname="com.cardatechnologies.utils.validators.abaroutevalidator.Test_AbaRouteValidator_17a" time="0"/>
  <testcase name="testAbaNumberCheck_35972_bad" classname="com.cardatechnologies.utils.validators.abaroutevalidator.Test_AbaRouteValidator_17a" time="0"/>
  <testcase name="testAbaNumberCheck_36786_bad" classname="com.cardatechnologies.utils.validators.abaroutevalidator.Test_AbaRouteValidator_17a" time="0"/>
  <testcase name="testAbaNumberCheck_35997_good" classname="com.cardatechnologies.utils.validators.abaroutevalidator.Test_AbaRouteValidator_17a" time="0"/>
  <testcase name="testAbaNumberCheck_35974_bad" classname="com.cardatechnologies.utils.validators.abaroutevalidator.Test_AbaRouteValidator_17a" time="0"/>
  <testcase name="testAbaNumberCheck_36788_bad" classname="com.cardatechnologies.utils.validators.abaroutevalidator.Test_AbaRouteValidator_17a" time="0"/>
  <testcase name="testAbaNumberCheck_35976_bad" classname="com.cardatechnologies.utils.validators.abaroutevalidator.Test_AbaRouteValidator_17a" time="0"/>
  <testcase name="testAbaNumberCheck_35978_bad" classname="com.cardatechnologies.utils.validators.abaroutevalidator.Test_AbaRouteValidator_17a" time="0"/>
  <testcase name="testAbaNumberCheck_36790_bad" classname="com.cardatechnologies.utils.validators.abaroutevalidator.Test_AbaRouteValidator_17a" time="0"/>
  <testcase name="testAbaNumberCheck_36792_bad" classname="com.cardatechnologies.utils.validators.abaroutevalidator.Test_AbaRouteValidator_17a" time="0.001"/>
  <testcase name="testAbaNumberCheck_35980_bad" classname="com.cardatechnologies.utils.validators.abaroutevalidator.Test_AbaRouteValidator_17a" time="0"/>
  <testcase name="testAbaNumberCheck_36794_bad" classname="com.cardatechnologies.utils.validators.abaroutevalidator.Test_AbaRouteValidator_17a" time="0"/>
  <testcase name="testAbaNumberCheck_35982_bad" classname="com.cardatechnologies.utils.validators.abaroutevalidator.Test_AbaRouteValidator_17a" time="0"/>
  <testcase name="testAbaNumberCheck_36796_bad" classname="com.cardatechnologies.utils.validators.abaroutevalidator.Test_AbaRouteValidator_17a" time="0"/>
  <testcase name="testAbaNumberCheck_35984_bad" classname="com.cardatechnologies.utils.validators.abaroutevalidator.Test_AbaRouteValidator_17a" time="0"/>
  <testcase name="testAbaNumberCheck_36798_bad" classname="com.cardatechnologies.utils.validators.abaroutevalidator.Test_AbaRouteValidator_17a" time="0"/>
  <testcase name="testAbaNumberCheck_35986_bad" classname="com.cardatechnologies.utils.validators.abaroutevalidator.Test_AbaRouteValidator_17a" time="0"/>
  <testcase name="testAbaNumberCheck_35988_bad" classname="com.cardatechnologies.utils.validators.abaroutevalidator.Test_AbaRouteValidator_17a" time="0"/>
  <testcase name="testAbaNumberCheck_37101_good" classname="com.cardatechnologies.utils.validators.abaroutevalidator.Test_AbaRouteValidator_17a" time="0"/>
  <testcase name="testAbaNumberCheck_35990_bad" classname="com.cardatechnologies.utils.validators.abaroutevalidator.Test_AbaRouteValidator_17a" time="0"/>
  <testcase name="testAbaNumberCheck_35992_bad" classname="com.cardatechnologies.utils.validators.abaroutevalidator.Test_AbaRouteValidator_17a" time="0"/>
  <testcase name="testAbaNumberCheck_35999_good" classname="com.cardatechnologies.utils.validators.abaroutevalidator.Test_AbaRouteValidator_17a" time="0"/>
  <testcase name="testAbaNumberCheck_35994_bad" classname="com.cardatechnologies.utils.validators.abaroutevalidator.Test_AbaRouteValidator_17a" time="0"/>
  <testcase name="testAbaNumberCheck_35996_bad" classname="com.cardatechnologies.utils.validators.abaroutevalidator.Test_AbaRouteValidator_17a" time="0"/>
  <testcase name="testAbaNumberCheck_35998_bad" classname="com.cardatechnologies.utils.validators.abaroutevalidator.Test_AbaRouteValidator_17a" time="0"/>
  <testcase name="testAbaNumberCheck_37021_good" classname="com.cardatechnologies.utils.validators.abaroutevalidator.Test_AbaRouteValidator_17a" time="0"/>
  <testcase name="testAbaNumberCheck_37103_good" classname="com.cardatechnologies.utils.validators.abaroutevalidator.Test_AbaRouteValidator_17a" time="0"/>
  <testcase name="testAbaNumberCheck_36001_good" classname="com.cardatechnologies.utils.validators.abaroutevalidator.Test_AbaRouteValidator_17a" time="0"/>
  <testcase name="testAbaNumberCheck_37311_good" classname="com.cardatechnologies.utils.validators.abaroutevalidator.Test_AbaRouteValidator_17a" time="0"/>
  <testcase name="testAbaNumberCheck_37023_good" classname="com.cardatechnologies.utils.validators.abaroutevalidator.Test_AbaRouteValidator_17a" time="0"/>
  <testcase name="testAbaNumberCheck_37231_good" classname="com.cardatechnologies.utils.validators.abaroutevalidator.Test_AbaRouteValidator_17a" time="0.001"/>
  <testcase name="testAbaNumberCheck_37105_good" classname="com.cardatechnologies.utils.validators.abaroutevalidator.Test_AbaRouteValidator_17a" time="0"/>
  <testcase name="testAbaNumberCheck_36003_good" classname="com.cardatechnologies.utils.validators.abaroutevalidator.Test_AbaRouteValidator_17a" time="0"/>
  <testcase name="testAbaNumberCheck_37313_good" classname="com.cardatechnologies.utils.validators.abaroutevalidator.Test_AbaRouteValidator_17a" time="0"/>
  <testcase name="testAbaNumberCheck_37151_good" classname="com.cardatechnologies.utils.validators.abaroutevalidator.Test_AbaRouteValidator_17a" time="0"/>
  <testcase name="testAbaNumberCheck_36211_good" classname="com.cardatechnologies.utils.validators.abaroutevalidator.Test_AbaRouteValidator_17a" time="0"/>
  <testcase name="testAbaNumberCheck_37025_good" classname="com.cardatechnologies.utils.validators.abaroutevalidator.Test_AbaRouteValidator_17a" time="0"/>
  <testcase name="testAbaNumberCheck_37233_good" classname="com.cardatechnologies.utils.validators.abaroutevalidator.Test_AbaRouteValidator_17a" time="0"/>
  <testcase name="testAbaNumberCheck_37107_good" classname="com.cardatechnologies.utils.validators.abaroutevalidator.Test_AbaRouteValidator_17a" time="0"/>
  <testcase name="testAbaNumberCheck_37071_good" classname="com.cardatechnologies.utils.validators.abaroutevalidator.Test_AbaRouteValidator_17a" time="0"/>
  <testcase name="testAbaNumberCheck_36131_good" classname="com.cardatechnologies.utils.validators.abaroutevalidator.Test_AbaRouteValidator_17a" time="0"/>
  <testcase name="testAbaNumberCheck_36005_good" classname="com.cardatechnologies.utils.validators.abaroutevalidator.Test_AbaRouteValidator_17a" time="0"/>
  <testcase name="testAbaNumberCheck_37441_good" classname="com.cardatechnologies.utils.validators.abaroutevalidator.Test_AbaRouteValidator_17a" time="0"/>
  <testcase name="testAbaNumberCheck_36501_good" classname="com.cardatechnologies.utils.validators.abaroutevalidator.Test_AbaRouteValidator_17a" time="0"/>
  <testcase name="testAbaNumberCheck_37315_good" classname="com.cardatechnologies.utils.validators.abaroutevalidator.Test_AbaRouteValidator_17a" time="0"/>
  <testcase name="testAbaNumberCheck_37153_good" classname="com.cardatechnologies.utils.validators.abaroutevalidator.Test_AbaRouteValidator_17a" time="0"/>
  <testcase name="testAbaNumberCheck_36213_good" classname="com.cardatechnologies.utils.validators.abaroutevalidator.Test_AbaRouteValidator_17a" time="0"/>
  <testcase name="testAbaNumberCheck_37027_good" classname="com.cardatechnologies.utils.validators.abaroutevalidator.Test_AbaRouteValidator_17a" time="0"/>
  <testcase name="testAbaNumberCheck_36051_good" classname="com.cardatechnologies.utils.validators.abaroutevalidator.Test_AbaRouteValidator_17a" time="0"/>
  <testcase name="testAbaNumberCheck_35111_good" classname="com.cardatechnologies.utils.validators.abaroutevalidator.Test_AbaRouteValidator_17a" time="0"/>
  <testcase name="testAbaNumberCheck_37361_good" classname="com.cardatechnologies.utils.validators.abaroutevalidator.Test_AbaRouteValidator_17a" time="0"/>
  <testcase name="testAbaNumberCheck_36421_good" classname="com.cardatechnologies.utils.validators.abaroutevalidator.Test_AbaRouteValidator_17a" time="0.001"/>
  <testcase name="testAbaNumberCheck_37235_good" classname="com.cardatechnologies.utils.validators.abaroutevalidator.Test_AbaRouteValidator_17a" time="0"/>
  <testcase name="testAbaNumberCheck_37109_good" classname="com.cardatechnologies.utils.validators.abaroutevalidator.Test_AbaRouteValidator_17a" time="0"/>
  <testcase name="testAbaNumberCheck_37073_good" classname="com.cardatechnologies.utils.validators.abaroutevalidator.Test_AbaRouteValidator_17a" time="0"/>
  <testcase name="testAbaNumberCheck_36133_good" classname="com.cardatechnologies.utils.validators.abaroutevalidator.Test_AbaRouteValidator_17a" time="0"/>
  <testcase name="testAbaNumberCheck_36007_good" classname="com.cardatechnologies.utils.validators.abaroutevalidator.Test_AbaRouteValidator_17a" time="0"/>
  <testcase name="testAbaNumberCheck_37443_good" classname="com.cardatechnologies.utils.validators.abaroutevalidator.Test_AbaRouteValidator_17a" time="0"/>
  <testcase name="testAbaNumberCheck_36503_good" classname="com.cardatechnologies.utils.validators.abaroutevalidator.Test_AbaRouteValidator_17a" time="0"/>
  <testcase name="testAbaNumberCheck_37317_good" classname="com.cardatechnologies.utils.validators.abaroutevalidator.Test_AbaRouteValidator_17a" time="0"/>
  <testcase name="testAbaNumberCheck_37281_good" classname="com.cardatechnologies.utils.validators.abaroutevalidator.Test_AbaRouteValidator_17a" time="0"/>
  <testcase name="testAbaNumberCheck_36341_good" classname="com.cardatechnologies.utils.validators.abaroutevalidator.Test_AbaRouteValidator_17a" time="0"/>
  <testcase name="testAbaNumberCheck_35401_good" classname="com.cardatechnologies.utils.validators.abaroutevalidator.Test_AbaRouteValidator_17a" time="0"/>
  <testcase name="testAbaNumberCheck_37155_good" classname="com.cardatechnologies.utils.validators.abaroutevalidator.Test_AbaRouteValidator_17a" time="0"/>
  <testcase name="testAbaNumberCheck_36215_good" classname="com.cardatechnologies.utils.validators.abaroutevalidator.Test_AbaRouteValidator_17a" time="0"/>
  <testcase name="testAbaNumberCheck_37029_good" classname="com.cardatechnologies.utils.validators.abaroutevalidator.Test_AbaRouteValidator_17a" time="0"/>
  <testcase name="testAbaNumberCheck_36053_good" classname="com.cardatechnologies.utils.validators.abaroutevalidator.Test_AbaRouteValidator_17a" time="0"/>
  <testcase name="testAbaNumberCheck_35113_good" classname="com.cardatechnologies.utils.validators.abaroutevalidator.Test_AbaRouteValidator_17a" time="0"/>
  <testcase name="testAbaNumberCheck_36711_good" classname="com.cardatechnologies.utils.validators.abaroutevalidator.Test_AbaRouteValidator_17a" time="0"/>
  <testcase name="testAbaNumberCheck_37363_good" classname="com.cardatechnologies.utils.validators.abaroutevalidator.Test_AbaRouteValidator_17a" time="0"/>
  <testcase name="testAbaNumberCheck_36423_good" classname="com.cardatechnologies.utils.validators.abaroutevalidator.Test_AbaRouteValidator_17a" time="0"/>
  <testcase name="testAbaNumberCheck_37237_good" classname="com.cardatechnologies.utils.validators.abaroutevalidator.Test_AbaRouteValidator_17a" time="0"/>
  <testcase name="testAbaNumberCheck_36261_good" classname="com.cardatechnologies.utils.validators.abaroutevalidator.Test_AbaRouteValidator_17a" time="0"/>
  <testcase name="testAbaNumberCheck_35321_good" classname="com.cardatechnologies.utils.validators.abaroutevalidator.Test_AbaRouteValidator_17a" time="0"/>
  <testcase name="testAbaNumberCheck_37075_good" classname="com.cardatechnologies.utils.validators.abaroutevalidator.Test_AbaRouteValidator_17a" time="0.001"/>
  <testcase name="testAbaNumberCheck_36135_good" classname="com.cardatechnologies.utils.validators.abaroutevalidator.Test_AbaRouteValidator_17a" time="0"/>
  <testcase name="testAbaNumberCheck_36009_good" classname="com.cardatechnologies.utils.validators.abaroutevalidator.Test_AbaRouteValidator_17a" time="0"/>
  <testcase name="testAbaNumberCheck_36631_good" classname="com.cardatechnologies.utils.validators.abaroutevalidator.Test_AbaRouteValidator_17a" time="0"/>
  <testcase name="testAbaNumberCheck_37445_good" classname="com.cardatechnologies.utils.validators.abaroutevalidator.Test_AbaRouteValidator_17a" time="0"/>
  <testcase name="testAbaNumberCheck_36505_good" classname="com.cardatechnologies.utils.validators.abaroutevalidator.Test_AbaRouteValidator_17a" time="0"/>
  <testcase name="testAbaNumberCheck_37319_good" classname="com.cardatechnologies.utils.validators.abaroutevalidator.Test_AbaRouteValidator_17a" time="0"/>
  <testcase name="testAbaNumberCheck_37283_good" classname="com.cardatechnologies.utils.validators.abaroutevalidator.Test_AbaRouteValidator_17a" time="0"/>
  <testcase name="testAbaNumberCheck_36343_good" classname="com.cardatechnologies.utils.validators.abaroutevalidator.Test_AbaRouteValidator_17a" time="0"/>
  <testcase name="testAbaNumberCheck_35403_good" classname="com.cardatechnologies.utils.validators.abaroutevalidator.Test_AbaRouteValidator_17a" time="0"/>
  <testcase name="testAbaNumberCheck_37157_good" classname="com.cardatechnologies.utils.validators.abaroutevalidator.Test_AbaRouteValidator_17a" time="0"/>
  <testcase name="testAbaNumberCheck_36217_good" classname="com.cardatechnologies.utils.validators.abaroutevalidator.Test_AbaRouteValidator_17a" time="0"/>
  <testcase name="testAbaNumberCheck_36181_good" classname="com.cardatechnologies.utils.validators.abaroutevalidator.Test_AbaRouteValidator_17a" time="0"/>
  <testcase name="testAbaNumberCheck_35241_good" classname="com.cardatechnologies.utils.validators.abaroutevalidator.Test_AbaRouteValidator_17a" time="0"/>
  <testcase name="testAbaNumberCheck_36055_good" classname="com.cardatechnologies.utils.validators.abaroutevalidator.Test_AbaRouteValidator_17a" time="0"/>
  <testcase name="testAbaNumberCheck_35115_good" classname="com.cardatechnologies.utils.validators.abaroutevalidator.Test_AbaRouteValidator_17a" time="0"/>
  <testcase name="testAbaNumberCheck_36713_good" classname="com.cardatechnologies.utils.validators.abaroutevalidator.Test_AbaRouteValidator_17a" time="0"/>
  <testcase name="testAbaNumberCheck_37491_good" classname="com.cardatechnologies.utils.validators.abaroutevalidator.Test_AbaRouteValidator_17a" time="0"/>
  <testcase name="testAbaNumberCheck_36551_good" classname="com.cardatechnologies.utils.validators.abaroutevalidator.Test_AbaRouteValidator_17a" time="0"/>
  <testcase name="testAbaNumberCheck_35611_good" classname="com.cardatechnologies.utils.validators.abaroutevalidator.Test_AbaRouteValidator_17a" time="0"/>
  <testcase name="testAbaNumberCheck_37365_good" classname="com.cardatechnologies.utils.validators.abaroutevalidator.Test_AbaRouteValidator_17a" time="0"/>
  <testcase name="testAbaNumberCheck_36425_good" classname="com.cardatechnologies.utils.validators.abaroutevalidator.Test_AbaRouteValidator_17a" time="0.001"/>
  <testcase name="testAbaNumberCheck_37239_good" classname="com.cardatechnologies.utils.validators.abaroutevalidator.Test_AbaRouteValidator_17a" time="0"/>
  <testcase name="testAbaNumberCheck_36263_good" classname="com.cardatechnologies.utils.validators.abaroutevalidator.Test_AbaRouteValidator_17a" time="0"/>
  <testcase name="testAbaNumberCheck_35323_good" classname="com.cardatechnologies.utils.validators.abaroutevalidator.Test_AbaRouteValidator_17a" time="0"/>
  <testcase name="testAbaNumberCheck_36921_good" classname="com.cardatechnologies.utils.validators.abaroutevalidator.Test_AbaRouteValidator_17a" time="0"/>
  <testcase name="testAbaNumberCheck_37077_good" classname="com.cardatechnologies.utils.validators.abaroutevalidator.Test_AbaRouteValidator_17a" time="0"/>
  <testcase name="testAbaNumberCheck_36137_good" classname="com.cardatechnologies.utils.validators.abaroutevalidator.Test_AbaRouteValidator_17a" time="0"/>
  <testcase name="testAbaNumberCheck_35161_good" classname="com.cardatechnologies.utils.validators.abaroutevalidator.Test_AbaRouteValidator_17a" time="0"/>
  <testcase name="testAbaNumberCheck_36633_good" classname="com.cardatechnologies.utils.validators.abaroutevalidator.Test_AbaRouteValidator_17a" time="0"/>
  <testcase name="testAbaNumberCheck_37447_good" classname="com.cardatechnologies.utils.validators.abaroutevalidator.Test_AbaRouteValidator_17a" time="0"/>
  <testcase name="testAbaNumberCheck_36507_good" classname="com.cardatechnologies.utils.validators.abaroutevalidator.Test_AbaRouteValidator_17a" time="0"/>
  <testcase name="testAbaNumberCheck_36471_good" classname="com.cardatechnologies.utils.validators.abaroutevalidator.Test_AbaRouteValidator_17a" time="0"/>
  <testcase name="testAbaNumberCheck_35531_good" classname="com.cardatechnologies.utils.validators.abaroutevalidator.Test_AbaRouteValidator_17a" time="0"/>
  <testcase name="testAbaNumberCheck_37285_good" classname="com.cardatechnologies.utils.validators.abaroutevalidator.Test_AbaRouteValidator_17a" time="0"/>
  <testcase name="testAbaNumberCheck_36345_good" classname="com.cardatechnologies.utils.validators.abaroutevalidator.Test_AbaRouteValidator_17a" time="0"/>
  <testcase name="testAbaNumberCheck_35405_good" classname="com.cardatechnologies.utils.validators.abaroutevalidator.Test_AbaRouteValidator_17a" time="0"/>
  <testcase name="testAbaNumberCheck_37159_good" classname="com.cardatechnologies.utils.validators.abaroutevalidator.Test_AbaRouteValidator_17a" time="0"/>
  <testcase name="testAbaNumberCheck_36219_good" classname="com.cardatechnologies.utils.validators.abaroutevalidator.Test_AbaRouteValidator_17a" time="0"/>
  <testcase name="testAbaNumberCheck_36183_good" classname="com.cardatechnologies.utils.validators.abaroutevalidator.Test_AbaRouteValidator_17a" time="0"/>
  <testcase name="testAbaNumberCheck_35243_good" classname="com.cardatechnologies.utils.validators.abaroutevalidator.Test_AbaRouteValidator_17a" time="0"/>
  <testcase name="testAbaNumberCheck_36841_good" classname="com.cardatechnologies.utils.validators.abaroutevalidator.Test_AbaRouteValidator_17a" time="0"/>
  <testcase name="testAbaNumberCheck_35901_good" classname="com.cardatechnologies.utils.validators.abaroutevalidator.Test_AbaRouteValidator_17a" time="0"/>
  <testcase name="testAbaNumberCheck_36057_good" classname="com.cardatechnologies.utils.validators.abaroutevalidator.Test_AbaRouteValidator_17a" time="0.001"/>
  <testcase name="testAbaNumberCheck_35117_good" classname="com.cardatechnologies.utils.validators.abaroutevalidator.Test_AbaRouteValidator_17a" time="0"/>
  <testcase name="testAbaNumberCheck_36715_good" classname="com.cardatechnologies.utils.validators.abaroutevalidator.Test_AbaRouteValidator_17a" time="0"/>
  <testcase name="testAbaNumberCheck_37493_good" classname="com.cardatechnologies.utils.validators.abaroutevalidator.Test_AbaRouteValidator_17a" time="0"/>
  <testcase name="testAbaNumberCheck_36553_good" classname="com.cardatechnologies.utils.validators.abaroutevalidator.Test_AbaRouteValidator_17a" time="0"/>
  <testcase name="testAbaNumberCheck_35613_good" classname="com.cardatechnologies.utils.validators.abaroutevalidator.Test_AbaRouteValidator_17a" time="0"/>
  <testcase name="testAbaNumberCheck_37367_good" classname="com.cardatechnologies.utils.validators.abaroutevalidator.Test_AbaRouteValidator_17a" time="0"/>
  <testcase name="testAbaNumberCheck_36427_good" classname="com.cardatechnologies.utils.validators.abaroutevalidator.Test_AbaRouteValidator_17a" time="0"/>
  <testcase name="testAbaNumberCheck_36391_good" classname="com.cardatechnologies.utils.validators.abaroutevalidator.Test_AbaRouteValidator_17a" time="0"/>
  <testcase name="testAbaNumberCheck_35451_good" classname="com.cardatechnologies.utils.validators.abaroutevalidator.Test_AbaRouteValidator_17a" time="0"/>
  <testcase name="testAbaNumberCheck_36265_good" classname="com.cardatechnologies.utils.validators.abaroutevalidator.Test_AbaRouteValidator_17a" time="0"/>
  <testcase name="testAbaNumberCheck_35325_good" classname="com.cardatechnologies.utils.validators.abaroutevalidator.Test_AbaRouteValidator_17a" time="0"/>
  <testcase name="testAbaNumberCheck_36923_good" classname="com.cardatechnologies.utils.validators.abaroutevalidator.Test_AbaRouteValidator_17a" time="0"/>
  <testcase name="testAbaNumberCheck_37079_good" classname="com.cardatechnologies.utils.validators.abaroutevalidator.Test_AbaRouteValidator_17a" time="0"/>
  <testcase name="testAbaNumberCheck_36139_good" classname="com.cardatechnologies.utils.validators.abaroutevalidator.Test_AbaRouteValidator_17a" time="0"/>
  <testcase name="testAbaNumberCheck_35163_good" classname="com.cardatechnologies.utils.validators.abaroutevalidator.Test_AbaRouteValidator_17a" time="0"/>
  <testcase name="testAbaNumberCheck_36761_good" classname="com.cardatechnologies.utils.validators.abaroutevalidator.Test_AbaRouteValidator_17a" time="0"/>
  <testcase name="testAbaNumberCheck_35821_good" classname="com.cardatechnologies.utils.validators.abaroutevalidator.Test_AbaRouteValidator_17a" time="0"/>
  <testcase name="testAbaNumberCheck_36635_good" classname="com.cardatechnologies.utils.validators.abaroutevalidator.Test_AbaRouteValidator_17a" time="0"/>
  <testcase name="testAbaNumberCheck_37449_good" classname="com.cardatechnologies.utils.validators.abaroutevalidator.Test_AbaRouteValidator_17a" time="0"/>
  <testcase name="testAbaNumberCheck_36509_good" classname="com.cardatechnologies.utils.validators.abaroutevalidator.Test_AbaRouteValidator_17a" time="0"/>
  <testcase name="testAbaNumberCheck_36473_good" classname="com.cardatechnologies.utils.validators.abaroutevalidator.Test_AbaRouteValidator_17a" time="0"/>
  <testcase name="testAbaNumberCheck_35533_good" classname="com.cardatechnologies.utils.validators.abaroutevalidator.Test_AbaRouteValidator_17a" time="0"/>
  <testcase name="testAbaNumberCheck_37287_good" classname="com.cardatechnologies.utils.validators.abaroutevalidator.Test_AbaRouteValidator_17a" time="0.001"/>
  <testcase name="testAbaNumberCheck_37100_bad" classname="com.cardatechnologies.utils.validators.abaroutevalidator.Test_AbaRouteValidator_17a" time="0"/>
  <testcase name="testAbaNumberCheck_36347_good" classname="com.cardatechnologies.utils.validators.abaroutevalidator.Test_AbaRouteValidator_17a" time="0"/>
  <testcase name="testAbaNumberCheck_35407_good" classname="com.cardatechnologies.utils.validators.abaroutevalidator.Test_AbaRouteValidator_17a" time="0"/>
  <testcase name="testAbaNumberCheck_37102_bad" classname="com.cardatechnologies.utils.validators.abaroutevalidator.Test_AbaRouteValidator_17a" time="0"/>
  <testcase name="testAbaNumberCheck_35371_good" classname="com.cardatechnologies.utils.validators.abaroutevalidator.Test_AbaRouteValidator_17a" time="0"/>
  <testcase name="testAbaNumberCheck_37104_bad" classname="com.cardatechnologies.utils.validators.abaroutevalidator.Test_AbaRouteValidator_17a" time="0"/>
  <testcase name="testAbaNumberCheck_37106_bad" classname="com.cardatechnologies.utils.validators.abaroutevalidator.Test_AbaRouteValidator_17a" time="0"/>
  <testcase name="testAbaNumberCheck_36185_good" classname="com.cardatechnologies.utils.validators.abaroutevalidator.Test_AbaRouteValidator_17a" time="0"/>
  <testcase name="testAbaNumberCheck_37108_bad" classname="com.cardatechnologies.utils.validators.abaroutevalidator.Test_AbaRouteValidator_17a" time="0"/>
  <testcase name="testAbaNumberCheck_35245_good" classname="com.cardatechnologies.utils.validators.abaroutevalidator.Test_AbaRouteValidator_17a" time="0"/>
  <testcase name="testAbaNumberCheck_36843_good" classname="com.cardatechnologies.utils.validators.abaroutevalidator.Test_AbaRouteValidator_17a" time="0"/>
  <testcase name="testAbaNumberCheck_35903_good" classname="com.cardatechnologies.utils.validators.abaroutevalidator.Test_AbaRouteValidator_17a" time="0"/>
  <testcase name="testAbaNumberCheck_36059_good" classname="com.cardatechnologies.utils.validators.abaroutevalidator.Test_AbaRouteValidator_17a" time="0"/>
  <testcase name="testAbaNumberCheck_35119_good" classname="com.cardatechnologies.utils.validators.abaroutevalidator.Test_AbaRouteValidator_17a" time="0"/>
  <testcase name="testAbaNumberCheck_36717_good" classname="com.cardatechnologies.utils.validators.abaroutevalidator.Test_AbaRouteValidator_17a" time="0"/>
  <testcase name="testAbaNumberCheck_36681_good" classname="com.cardatechnologies.utils.validators.abaroutevalidator.Test_AbaRouteValidator_17a" time="0"/>
  <testcase name="testAbaNumberCheck_35741_good" classname="com.cardatechnologies.utils.validators.abaroutevalidator.Test_AbaRouteValidator_17a" time="0"/>
  <testcase name="testAbaNumberCheck_37495_good" classname="com.cardatechnologies.utils.validators.abaroutevalidator.Test_AbaRouteValidator_17a" time="0"/>
  <testcase name="testAbaNumberCheck_36555_good" classname="com.cardatechnologies.utils.validators.abaroutevalidator.Test_AbaRouteValidator_17a" time="0"/>
  <testcase name="testAbaNumberCheck_35615_good" classname="com.cardatechnologies.utils.validators.abaroutevalidator.Test_AbaRouteValidator_17a" time="0"/>
  <testcase name="testAbaNumberCheck_37369_good" classname="com.cardatechnologies.utils.validators.abaroutevalidator.Test_AbaRouteValidator_17a" time="0.001"/>
  <testcase name="testAbaNumberCheck_36429_good" classname="com.cardatechnologies.utils.validators.abaroutevalidator.Test_AbaRouteValidator_17a" time="0"/>
  <testcase name="testAbaNumberCheck_36393_good" classname="com.cardatechnologies.utils.validators.abaroutevalidator.Test_AbaRouteValidator_17a" time="0"/>
  <testcase name="testAbaNumberCheck_35453_good" classname="com.cardatechnologies.utils.validators.abaroutevalidator.Test_AbaRouteValidator_17a" time="0"/>
  <testcase name="testAbaNumberCheck_37110_bad" classname="com.cardatechnologies.utils.validators.abaroutevalidator.Test_AbaRouteValidator_17a" time="0"/>
  <testcase name="testAbaNumberCheck_37112_bad" classname="com.cardatechnologies.utils.validators.abaroutevalidator.Test_AbaRouteValidator_17a" time="0"/>
  <testcase name="testAbaNumberCheck_36300_bad" classname="com.cardatechnologies.utils.validators.abaroutevalidator.Test_AbaRouteValidator_17a" time="0"/>
  <testcase name="testAbaNumberCheck_36267_good" classname="com.cardatechnologies.utils.validators.abaroutevalidator.Test_AbaRouteValidator_17a" time="0"/>
  <testcase name="testAbaNumberCheck_37114_bad" classname="com.cardatechnologies.utils.validators.abaroutevalidator.Test_AbaRouteValidator_17a" time="0"/>
  <testcase name="testAbaNumberCheck_35327_good" classname="com.cardatechnologies.utils.validators.abaroutevalidator.Test_AbaRouteValidator_17a" time="0"/>
  <testcase name="testAbaNumberCheck_36302_bad" classname="com.cardatechnologies.utils.validators.abaroutevalidator.Test_AbaRouteValidator_17a" time="0"/>
  <testcase name="testAbaNumberCheck_37116_bad" classname="com.cardatechnologies.utils.validators.abaroutevalidator.Test_AbaRouteValidator_17a" time="0"/>
  <testcase name="testAbaNumberCheck_36925_good" classname="com.cardatechnologies.utils.validators.abaroutevalidator.Test_AbaRouteValidator_17a" time="0"/>
  <testcase name="testAbaNumberCheck_35291_good" classname="com.cardatechnologies.utils.validators.abaroutevalidator.Test_AbaRouteValidator_17a" time="0"/>
  <testcase name="testAbaNumberCheck_36304_bad" classname="com.cardatechnologies.utils.validators.abaroutevalidator.Test_AbaRouteValidator_17a" time="0"/>
  <testcase name="testAbaNumberCheck_37118_bad" classname="com.cardatechnologies.utils.validators.abaroutevalidator.Test_AbaRouteValidator_17a" time="0"/>
  <testcase name="testAbaNumberCheck_36306_bad" classname="com.cardatechnologies.utils.validators.abaroutevalidator.Test_AbaRouteValidator_17a" time="0"/>
  <testcase name="testAbaNumberCheck_36308_bad" classname="com.cardatechnologies.utils.validators.abaroutevalidator.Test_AbaRouteValidator_17a" time="0"/>
  <testcase name="testAbaNumberCheck_35165_good" classname="com.cardatechnologies.utils.validators.abaroutevalidator.Test_AbaRouteValidator_17a" time="0"/>
  <testcase name="testAbaNumberCheck_36763_good" classname="com.cardatechnologies.utils.validators.abaroutevalidator.Test_AbaRouteValidator_17a" time="0"/>
  <testcase name="testAbaNumberCheck_35823_good" classname="com.cardatechnologies.utils.validators.abaroutevalidator.Test_AbaRouteValidator_17a" time="0.001"/>
  <testcase name="testAbaNumberCheck_36637_good" classname="com.cardatechnologies.utils.validators.abaroutevalidator.Test_AbaRouteValidator_17a" time="0"/>
  <testcase name="testAbaNumberCheck_35661_good" classname="com.cardatechnologies.utils.validators.abaroutevalidator.Test_AbaRouteValidator_17a" time="0"/>
  <testcase name="testAbaNumberCheck_36475_good" classname="com.cardatechnologies.utils.validators.abaroutevalidator.Test_AbaRouteValidator_17a" time="0"/>
  <testcase name="testAbaNumberCheck_35535_good" classname="com.cardatechnologies.utils.validators.abaroutevalidator.Test_AbaRouteValidator_17a" time="0"/>
  <testcase name="testAbaNumberCheck_37289_good" classname="com.cardatechnologies.utils.validators.abaroutevalidator.Test_AbaRouteValidator_17a" time="0"/>
  <testcase name="testAbaNumberCheck_37120_bad" classname="com.cardatechnologies.utils.validators.abaroutevalidator.Test_AbaRouteValidator_17a" time="0"/>
  <testcase name="testAbaNumberCheck_36349_good" classname="com.cardatechnologies.utils.validators.abaroutevalidator.Test_AbaRouteValidator_17a" time="0"/>
  <testcase name="testAbaNumberCheck_35409_good" classname="com.cardatechnologies.utils.validators.abaroutevalidator.Test_AbaRouteValidator_17a" time="0"/>
  <testcase name="testAbaNumberCheck_37122_bad" classname="com.cardatechnologies.utils.validators.abaroutevalidator.Test_AbaRouteValidator_17a" time="0"/>
  <testcase name="testAbaNumberCheck_35373_good" classname="com.cardatechnologies.utils.validators.abaroutevalidator.Test_AbaRouteValidator_17a" time="0"/>
  <testcase name="testAbaNumberCheck_36310_bad" classname="com.cardatechnologies.utils.validators.abaroutevalidator.Test_AbaRouteValidator_17a" time="0"/>
  <testcase name="testAbaNumberCheck_37124_bad" classname="com.cardatechnologies.utils.validators.abaroutevalidator.Test_AbaRouteValidator_17a" time="0"/>
  <testcase name="testAbaNumberCheck_36312_bad" classname="com.cardatechnologies.utils.validators.abaroutevalidator.Test_AbaRouteValidator_17a" time="0"/>
  <testcase name="testAbaNumberCheck_36971_good" classname="com.cardatechnologies.utils.validators.abaroutevalidator.Test_AbaRouteValidator_17a" time="0"/>
  <testcase name="testAbaNumberCheck_37126_bad" classname="com.cardatechnologies.utils.validators.abaroutevalidator.Test_AbaRouteValidator_17a" time="0"/>
  <testcase name="testAbaNumberCheck_35500_bad" classname="com.cardatechnologies.utils.validators.abaroutevalidator.Test_AbaRouteValidator_17a" time="0"/>
  <testcase name="testAbaNumberCheck_36187_good" classname="com.cardatechnologies.utils.validators.abaroutevalidator.Test_AbaRouteValidator_17a" time="0"/>
  <testcase name="testAbaNumberCheck_36314_bad" classname="com.cardatechnologies.utils.validators.abaroutevalidator.Test_AbaRouteValidator_17a" time="0"/>
  <testcase name="testAbaNumberCheck_37128_bad" classname="com.cardatechnologies.utils.validators.abaroutevalidator.Test_AbaRouteValidator_17a" time="0"/>
  <testcase name="testAbaNumberCheck_35247_good" classname="com.cardatechnologies.utils.validators.abaroutevalidator.Test_AbaRouteValidator_17a" time="0"/>
  <testcase name="testAbaNumberCheck_35502_bad" classname="com.cardatechnologies.utils.validators.abaroutevalidator.Test_AbaRouteValidator_17a" time="0"/>
  <testcase name="testAbaNumberCheck_36316_bad" classname="com.cardatechnologies.utils.validators.abaroutevalidator.Test_AbaRouteValidator_17a" time="0.001"/>
  <testcase name="testAbaNumberCheck_36845_good" classname="com.cardatechnologies.utils.validators.abaroutevalidator.Test_AbaRouteValidator_17a" time="0"/>
  <testcase name="testAbaNumberCheck_35905_good" classname="com.cardatechnologies.utils.validators.abaroutevalidator.Test_AbaRouteValidator_17a" time="0"/>
  <testcase name="testAbaNumberCheck_35504_bad" classname="com.cardatechnologies.utils.validators.abaroutevalidator.Test_AbaRouteValidator_17a" time="0"/>
  <testcase name="testAbaNumberCheck_36318_bad" classname="com.cardatechnologies.utils.validators.abaroutevalidator.Test_AbaRouteValidator_17a" time="0"/>
  <testcase name="testAbaNumberCheck_35506_bad" classname="com.cardatechnologies.utils.validators.abaroutevalidator.Test_AbaRouteValidator_17a" time="0"/>
  <testcase name="testAbaNumberCheck_36719_good" classname="com.cardatechnologies.utils.validators.abaroutevalidator.Test_AbaRouteValidator_17a" time="0"/>
  <testcase name="testAbaNumberCheck_35508_bad" classname="com.cardatechnologies.utils.validators.abaroutevalidator.Test_AbaRouteValidator_17a" time="0"/>
  <testcase name="testAbaNumberCheck_35085_good" classname="com.cardatechnologies.utils.validators.abaroutevalidator.Test_AbaRouteValidator_17a" time="0"/>
  <testcase name="testAbaNumberCheck_36683_good" classname="com.cardatechnologies.utils.validators.abaroutevalidator.Test_AbaRouteValidator_17a" time="0"/>
  <testcase name="testAbaNumberCheck_35743_good" classname="com.cardatechnologies.utils.validators.abaroutevalidator.Test_AbaRouteValidator_17a" time="0"/>
  <testcase name="testAbaNumberCheck_37497_good" classname="com.cardatechnologies.utils.validators.abaroutevalidator.Test_AbaRouteValidator_17a" time="0"/>
  <testcase name="testAbaNumberCheck_36557_good" classname="com.cardatechnologies.utils.validators.abaroutevalidator.Test_AbaRouteValidator_17a" time="0"/>
  <testcase name="testAbaNumberCheck_35617_good" classname="com.cardatechnologies.utils.validators.abaroutevalidator.Test_AbaRouteValidator_17a" time="0"/>
  <testcase name="testAbaNumberCheck_35581_good" classname="com.cardatechnologies.utils.validators.abaroutevalidator.Test_AbaRouteValidator_17a" time="0"/>
  <testcase name="testAbaNumberCheck_36395_good" classname="com.cardatechnologies.utils.validators.abaroutevalidator.Test_AbaRouteValidator_17a" time="0"/>
  <testcase name="testAbaNumberCheck_35455_good" classname="com.cardatechnologies.utils.validators.abaroutevalidator.Test_AbaRouteValidator_17a" time="0"/>
  <testcase name="testAbaNumberCheck_37130_bad" classname="com.cardatechnologies.utils.validators.abaroutevalidator.Test_AbaRouteValidator_17a" time="0"/>
  <testcase name="testAbaNumberCheck_37132_bad" classname="com.cardatechnologies.utils.validators.abaroutevalidator.Test_AbaRouteValidator_17a" time="0"/>
  <testcase name="testAbaNumberCheck_36320_bad" classname="com.cardatechnologies.utils.validators.abaroutevalidator.Test_AbaRouteValidator_17a" time="0"/>
  <testcase name="testAbaNumberCheck_36269_good" classname="com.cardatechnologies.utils.validators.abaroutevalidator.Test_AbaRouteValidator_17a" time="0"/>
  <testcase name="testAbaNumberCheck_37134_bad" classname="com.cardatechnologies.utils.validators.abaroutevalidator.Test_AbaRouteValidator_17a" time="0"/>
  <testcase name="testAbaNumberCheck_35329_good" classname="com.cardatechnologies.utils.validators.abaroutevalidator.Test_AbaRouteValidator_17a" time="0"/>
  <testcase name="testAbaNumberCheck_36322_bad" classname="com.cardatechnologies.utils.validators.abaroutevalidator.Test_AbaRouteValidator_17a" time="0"/>
  <testcase name="testAbaNumberCheck_37136_bad" classname="com.cardatechnologies.utils.validators.abaroutevalidator.Test_AbaRouteValidator_17a" time="0"/>
  <testcase name="testAbaNumberCheck_36927_good" classname="com.cardatechnologies.utils.validators.abaroutevalidator.Test_AbaRouteValidator_17a" time="0"/>
  <testcase name="testAbaNumberCheck_35293_good" classname="com.cardatechnologies.utils.validators.abaroutevalidator.Test_AbaRouteValidator_17a" time="0"/>
  <testcase name="testAbaNumberCheck_35510_bad" classname="com.cardatechnologies.utils.validators.abaroutevalidator.Test_AbaRouteValidator_17a" time="0"/>
  <testcase name="testAbaNumberCheck_36324_bad" classname="com.cardatechnologies.utils.validators.abaroutevalidator.Test_AbaRouteValidator_17a" time="0"/>
  <testcase name="testAbaNumberCheck_37138_bad" classname="com.cardatechnologies.utils.validators.abaroutevalidator.Test_AbaRouteValidator_17a" time="0"/>
  <testcase name="testAbaNumberCheck_35512_bad" classname="com.cardatechnologies.utils.validators.abaroutevalidator.Test_AbaRouteValidator_17a" time="0"/>
  <testcase name="testAbaNumberCheck_36891_good" classname="com.cardatechnologies.utils.validators.abaroutevalidator.Test_AbaRouteValidator_17a" time="0"/>
  <testcase name="testAbaNumberCheck_36326_bad" classname="com.cardatechnologies.utils.validators.abaroutevalidator.Test_AbaRouteValidator_17a" time="0"/>
  <testcase name="testAbaNumberCheck_35951_good" classname="com.cardatechnologies.utils.validators.abaroutevalidator.Test_AbaRouteValidator_17a" time="0"/>
  <testcase name="testAbaNumberCheck_35514_bad" classname="com.cardatechnologies.utils.validators.abaroutevalidator.Test_AbaRouteValidator_17a" time="0"/>
  <testcase name="testAbaNumberCheck_36328_bad" classname="com.cardatechnologies.utils.validators.abaroutevalidator.Test_AbaRouteValidator_17a" time="0"/>
  <testcase name="testAbaNumberCheck_35167_good" classname="com.cardatechnologies.utils.validators.abaroutevalidator.Test_AbaRouteValidator_17a" time="0"/>
  <testcase name="testAbaNumberCheck_35516_bad" classname="com.cardatechnologies.utils.validators.abaroutevalidator.Test_AbaRouteValidator_17a" time="0"/>
  <testcase name="testAbaNumberCheck_36765_good" classname="com.cardatechnologies.utils.validators.abaroutevalidator.Test_AbaRouteValidator_17a" time="0"/>
  <testcase name="testAbaNumberCheck_35825_good" classname="com.cardatechnologies.utils.validators.abaroutevalidator.Test_AbaRouteValidator_17a" time="0"/>
  <testcase name="testAbaNumberCheck_35518_bad" classname="com.cardatechnologies.utils.validators.abaroutevalidator.Test_AbaRouteValidator_17a" time="0"/>
  <testcase name="testAbaNumberCheck_36639_good" classname="com.cardatechnologies.utils.validators.abaroutevalidator.Test_AbaRouteValidator_17a" time="0.001"/>
  <testcase name="testAbaNumberCheck_35663_good" classname="com.cardatechnologies.utils.validators.abaroutevalidator.Test_AbaRouteValidator_17a" time="0"/>
  <testcase name="testAbaNumberCheck_36477_good" classname="com.cardatechnologies.utils.validators.abaroutevalidator.Test_AbaRouteValidator_17a" time="0"/>
  <testcase name="testAbaNumberCheck_35537_good" classname="com.cardatechnologies.utils.validators.abaroutevalidator.Test_AbaRouteValidator_17a" time="0"/>
  <testcase name="testAbaNumberCheck_37140_bad" classname="com.cardatechnologies.utils.validators.abaroutevalidator.Test_AbaRouteValidator_17a" time="0"/>
  <testcase name="testAbaNumberCheck_37142_bad" classname="com.cardatechnologies.utils.validators.abaroutevalidator.Test_AbaRouteValidator_17a" time="0"/>
  <testcase name="testAbaNumberCheck_35375_good" classname="com.cardatechnologies.utils.validators.abaroutevalidator.Test_AbaRouteValidator_17a" time="0"/>
  <testcase name="testAbaNumberCheck_36330_bad" classname="com.cardatechnologies.utils.validators.abaroutevalidator.Test_AbaRouteValidator_17a" time="0"/>
  <testcase name="testAbaNumberCheck_37144_bad" classname="com.cardatechnologies.utils.validators.abaroutevalidator.Test_AbaRouteValidator_17a" time="0"/>
  <testcase name="testAbaNumberCheck_36332_bad" classname="com.cardatechnologies.utils.validators.abaroutevalidator.Test_AbaRouteValidator_17a" time="0"/>
  <testcase name="testAbaNumberCheck_36973_good" classname="com.cardatechnologies.utils.validators.abaroutevalidator.Test_AbaRouteValidator_17a" time="0"/>
  <testcase name="testAbaNumberCheck_37146_bad" classname="com.cardatechnologies.utils.validators.abaroutevalidator.Test_AbaRouteValidator_17a" time="0"/>
  <testcase name="testAbaNumberCheck_35520_bad" classname="com.cardatechnologies.utils.validators.abaroutevalidator.Test_AbaRouteValidator_17a" time="0"/>
  <testcase name="testAbaNumberCheck_36189_good" classname="com.cardatechnologies.utils.validators.abaroutevalidator.Test_AbaRouteValidator_17a" time="0"/>
  <testcase name="testAbaNumberCheck_36334_bad" classname="com.cardatechnologies.utils.validators.abaroutevalidator.Test_AbaRouteValidator_17a" time="0"/>
  <testcase name="testAbaNumberCheck_37148_bad" classname="com.cardatechnologies.utils.validators.abaroutevalidator.Test_AbaRouteValidator_17a" time="0"/>
  <testcase name="testAbaNumberCheck_35249_good" classname="com.cardatechnologies.utils.validators.abaroutevalidator.Test_AbaRouteValidator_17a" time="0"/>
  <testcase name="testAbaNumberCheck_35522_bad" classname="com.cardatechnologies.utils.validators.abaroutevalidator.Test_AbaRouteValidator_17a" time="0"/>
  <testcase name="testAbaNumberCheck_36336_bad" classname="com.cardatechnologies.utils.validators.abaroutevalidator.Test_AbaRouteValidator_17a" time="0"/>
  <testcase name="testAbaNumberCheck_36847_good" classname="com.cardatechnologies.utils.validators.abaroutevalidator.Test_AbaRouteValidator_17a" time="0.001"/>
  <testcase name="testAbaNumberCheck_35907_good" classname="com.cardatechnologies.utils.validators.abaroutevalidator.Test_AbaRouteValidator_17a" time="0"/>
  <testcase name="testAbaNumberCheck_35524_bad" classname="com.cardatechnologies.utils.validators.abaroutevalidator.Test_AbaRouteValidator_17a" time="0"/>
  <testcase name="testAbaNumberCheck_36338_bad" classname="com.cardatechnologies.utils.validators.abaroutevalidator.Test_AbaRouteValidator_17a" time="0"/>
  <testcase name="testAbaNumberCheck_35526_bad" classname="com.cardatechnologies.utils.validators.abaroutevalidator.Test_AbaRouteValidator_17a" time="0"/>
  <testcase name="testAbaNumberCheck_35871_good" classname="com.cardatechnologies.utils.validators.abaroutevalidator.Test_AbaRouteValidator_17a" time="0"/>
  <testcase name="testAbaNumberCheck_35528_bad" classname="com.cardatechnologies.utils.validators.abaroutevalidator.Test_AbaRouteValidator_17a" time="0"/>
  <testcase name="testAbaNumberCheck_35087_good" classname="com.cardatechnologies.utils.validators.abaroutevalidator.Test_AbaRouteValidator_17a" time="0"/>
  <testcase name="testAbaNumberCheck_36685_good" classname="com.cardatechnologies.utils.validators.abaroutevalidator.Test_AbaRouteValidator_17a" time="0"/>
  <testcase name="testAbaNumberCheck_35745_good" classname="com.cardatechnologies.utils.validators.abaroutevalidator.Test_AbaRouteValidator_17a" time="0"/>
  <testcase name="testAbaNumberCheck_37499_good" classname="com.cardatechnologies.utils.validators.abaroutevalidator.Test_AbaRouteValidator_17a" time="0"/>
  <testcase name="testAbaNumberCheck_36559_good" classname="com.cardatechnologies.utils.validators.abaroutevalidator.Test_AbaRouteValidator_17a" time="0"/>
  <testcase name="testAbaNumberCheck_35619_good" classname="com.cardatechnologies.utils.validators.abaroutevalidator.Test_AbaRouteValidator_17a" time="0"/>
  <testcase name="testAbaNumberCheck_35583_good" classname="com.cardatechnologies.utils.validators.abaroutevalidator.Test_AbaRouteValidator_17a" time="0"/>
  <testcase name="testAbaNumberCheck_36397_good" classname="com.cardatechnologies.utils.validators.abaroutevalidator.Test_AbaRouteValidator_17a" time="0"/>
  <testcase name="testAbaNumberCheck_35457_good" classname="com.cardatechnologies.utils.validators.abaroutevalidator.Test_AbaRouteValidator_17a" time="0"/>
  <testcase name="testAbaNumberCheck_37150_bad" classname="com.cardatechnologies.utils.validators.abaroutevalidator.Test_AbaRouteValidator_17a" time="0"/>
  <testcase name="testAbaNumberCheck_37152_bad" classname="com.cardatechnologies.utils.validators.abaroutevalidator.Test_AbaRouteValidator_17a" time="0"/>
  <testcase name="testAbaNumberCheck_36340_bad" classname="com.cardatechnologies.utils.validators.abaroutevalidator.Test_AbaRouteValidator_17a" time="0"/>
  <testcase name="testAbaNumberCheck_37154_bad" classname="com.cardatechnologies.utils.validators.abaroutevalidator.Test_AbaRouteValidator_17a" time="0"/>
  <testcase name="testAbaNumberCheck_36342_bad" classname="com.cardatechnologies.utils.validators.abaroutevalidator.Test_AbaRouteValidator_17a" time="0.001"/>
  <testcase name="testAbaNumberCheck_37156_bad" classname="com.cardatechnologies.utils.validators.abaroutevalidator.Test_AbaRouteValidator_17a" time="0"/>
  <testcase name="testAbaNumberCheck_36929_good" classname="com.cardatechnologies.utils.validators.abaroutevalidator.Test_AbaRouteValidator_17a" time="0"/>
  <testcase name="testAbaNumberCheck_35295_good" classname="com.cardatechnologies.utils.validators.abaroutevalidator.Test_AbaRouteValidator_17a" time="0"/>
  <testcase name="testAbaNumberCheck_35530_bad" classname="com.cardatechnologies.utils.validators.abaroutevalidator.Test_AbaRouteValidator_17a" time="0"/>
  <testcase name="testAbaNumberCheck_36344_bad" classname="com.cardatechnologies.utils.validators.abaroutevalidator.Test_AbaRouteValidator_17a" time="0"/>
  <testcase name="testAbaNumberCheck_37158_bad" classname="com.cardatechnologies.utils.validators.abaroutevalidator.Test_AbaRouteValidator_17a" time="0"/>
  <testcase name="testAbaNumberCheck_35532_bad" classname="com.cardatechnologies.utils.validators.abaroutevalidator.Test_AbaRouteValidator_17a" time="0"/>
  <testcase name="testAbaNumberCheck_36893_good" classname="com.cardatechnologies.utils.validators.abaroutevalidator.Test_AbaRouteValidator_17a" time="0"/>
  <testcase name="testAbaNumberCheck_36346_bad" classname="com.cardatechnologies.utils.validators.abaroutevalidator.Test_AbaRouteValidator_17a" time="0"/>
  <testcase name="testAbaNumberCheck_35953_good" classname="com.cardatechnologies.utils.validators.abaroutevalidator.Test_AbaRouteValidator_17a" time="0"/>
  <testcase name="testAbaNumberCheck_35534_bad" classname="com.cardatechnologies.utils.validators.abaroutevalidator.Test_AbaRouteValidator_17a" time="0"/>
  <testcase name="testAbaNumberCheck_36348_bad" classname="com.cardatechnologies.utils.validators.abaroutevalidator.Test_AbaRouteValidator_17a" time="0"/>
  <testcase name="testAbaNumberCheck_35169_good" classname="com.cardatechnologies.utils.validators.abaroutevalidator.Test_AbaRouteValidator_17a" time="0"/>
  <testcase name="testAbaNumberCheck_35536_bad" classname="com.cardatechnologies.utils.validators.abaroutevalidator.Test_AbaRouteValidator_17a" time="0"/>
  <testcase name="testAbaNumberCheck_36767_good" classname="com.cardatechnologies.utils.validators.abaroutevalidator.Test_AbaRouteValidator_17a" time="0"/>
  <testcase name="testAbaNumberCheck_35086_bad" classname="com.cardatechnologies.utils.validators.abaroutevalidator.Test_AbaRouteValidator_17a" time="0"/>
  <testcase name="testAbaNumberCheck_35827_good" classname="com.cardatechnologies.utils.validators.abaroutevalidator.Test_AbaRouteValidator_17a" time="0"/>
  <testcase name="testAbaNumberCheck_35538_bad" classname="com.cardatechnologies.utils.validators.abaroutevalidator.Test_AbaRouteValidator_17a" time="0.001"/>
  <testcase name="testAbaNumberCheck_35088_bad" classname="com.cardatechnologies.utils.validators.abaroutevalidator.Test_AbaRouteValidator_17a" time="0"/>
  <testcase name="testAbaNumberCheck_35791_good" classname="com.cardatechnologies.utils.validators.abaroutevalidator.Test_AbaRouteValidator_17a" time="0"/>
  <testcase name="testAbaNumberCheck_35665_good" classname="com.cardatechnologies.utils.validators.abaroutevalidator.Test_AbaRouteValidator_17a" time="0"/>
  <testcase name="testAbaNumberCheck_36479_good" classname="com.cardatechnologies.utils.validators.abaroutevalidator.Test_AbaRouteValidator_17a" time="0"/>
  <testcase name="testAbaNumberCheck_35539_good" classname="com.cardatechnologies.utils.validators.abaroutevalidator.Test_AbaRouteValidator_17a" time="0"/>
  <testcase name="testAbaNumberCheck_37160_bad" classname="com.cardatechnologies.utils.validators.abaroutevalidator.Test_AbaRouteValidator_17a" time="0"/>
  <testcase name="testAbaNumberCheck_37162_bad" classname="com.cardatechnologies.utils.validators.abaroutevalidator.Test_AbaRouteValidator_17a" time="0"/>
  <testcase name="testAbaNumberCheck_36800_bad" classname="com.cardatechnologies.utils.validators.abaroutevalidator.Test_AbaRouteValidator_17a" time="0"/>
  <testcase name="testAbaNumberCheck_35377_good" classname="com.cardatechnologies.utils.validators.abaroutevalidator.Test_AbaRouteValidator_17a" time="0"/>
  <testcase name="testAbaNumberCheck_36350_bad" classname="com.cardatechnologies.utils.validators.abaroutevalidator.Test_AbaRouteValidator_17a" time="0"/>
  <testcase name="testAbaNumberCheck_37164_bad" classname="com.cardatechnologies.utils.validators.abaroutevalidator.Test_AbaRouteValidator_17a" time="0"/>
  <testcase name="testAbaNumberCheck_36802_bad" classname="com.cardatechnologies.utils.validators.abaroutevalidator.Test_AbaRouteValidator_17a" time="0"/>
  <testcase name="testAbaNumberCheck_36352_bad" classname="com.cardatechnologies.utils.validators.abaroutevalidator.Test_AbaRouteValidator_17a" time="0"/>
  <testcase name="testAbaNumberCheck_36975_good" classname="com.cardatechnologies.utils.validators.abaroutevalidator.Test_AbaRouteValidator_17a" time="0.001"/>
  <testcase name="testAbaNumberCheck_37166_bad" classname="com.cardatechnologies.utils.validators.abaroutevalidator.Test_AbaRouteValidator_17a" time="0"/>
  <testcase name="testAbaNumberCheck_36804_bad" classname="com.cardatechnologies.utils.validators.abaroutevalidator.Test_AbaRouteValidator_17a" time="0"/>
  <testcase name="testAbaNumberCheck_35540_bad" classname="com.cardatechnologies.utils.validators.abaroutevalidator.Test_AbaRouteValidator_17a" time="0"/>
  <testcase name="testAbaNumberCheck_36354_bad" classname="com.cardatechnologies.utils.validators.abaroutevalidator.Test_AbaRouteValidator_17a" time="0"/>
  <testcase name="testAbaNumberCheck_37168_bad" classname="com.cardatechnologies.utils.validators.abaroutevalidator.Test_AbaRouteValidator_17a" time="0"/>
  <testcase name="testAbaNumberCheck_35090_bad" classname="com.cardatechnologies.utils.validators.abaroutevalidator.Test_AbaRouteValidator_17a" time="0"/>
  <testcase name="testAbaNumberCheck_36806_bad" classname="com.cardatechnologies.utils.validators.abaroutevalidator.Test_AbaRouteValidator_17a" time="0"/>
  <testcase name="testAbaNumberCheck_35542_bad" classname="com.cardatechnologies.utils.validators.abaroutevalidator.Test_AbaRouteValidator_17a" time="0"/>
  <testcase name="testAbaNumberCheck_36356_bad" classname="com.cardatechnologies.utils.validators.abaroutevalidator.Test_AbaRouteValidator_17a" time="0"/>
  <testcase name="testAbaNumberCheck_35092_bad" classname="com.cardatechnologies.utils.validators.abaroutevalidator.Test_AbaRouteValidator_17a" time="0"/>
  <testcase name="testAbaNumberCheck_36849_good" classname="com.cardatechnologies.utils.validators.abaroutevalidator.Test_AbaRouteValidator_17a" time="0"/>
  <testcase name="testAbaNumberCheck_35909_good" classname="com.cardatechnologies.utils.validators.abaroutevalidator.Test_AbaRouteValidator_17a" time="0"/>
  <testcase name="testAbaNumberCheck_36808_bad" classname="com.cardatechnologies.utils.validators.abaroutevalidator.Test_AbaRouteValidator_17a" time="0"/>
  <testcase name="testAbaNumberCheck_35544_bad" classname="com.cardatechnologies.utils.validators.abaroutevalidator.Test_AbaRouteValidator_17a" time="0"/>
  <testcase name="testAbaNumberCheck_36358_bad" classname="com.cardatechnologies.utils.validators.abaroutevalidator.Test_AbaRouteValidator_17a" time="0"/>
  <testcase name="testAbaNumberCheck_35094_bad" classname="com.cardatechnologies.utils.validators.abaroutevalidator.Test_AbaRouteValidator_17a" time="0"/>
  <testcase name="testAbaNumberCheck_35546_bad" classname="com.cardatechnologies.utils.validators.abaroutevalidator.Test_AbaRouteValidator_17a" time="0"/>
  <testcase name="testAbaNumberCheck_35873_good" classname="com.cardatechnologies.utils.validators.abaroutevalidator.Test_AbaRouteValidator_17a" time="0"/>
  <testcase name="testAbaNumberCheck_35096_bad" classname="com.cardatechnologies.utils.validators.abaroutevalidator.Test_AbaRouteValidator_17a" time="0"/>
  <testcase name="testAbaNumberCheck_35548_bad" classname="com.cardatechnologies.utils.validators.abaroutevalidator.Test_AbaRouteValidator_17a" time="0"/>
  <testcase name="testAbaNumberCheck_35089_good" classname="com.cardatechnologies.utils.validators.abaroutevalidator.Test_AbaRouteValidator_17a" time="0.001"/>
  <testcase name="testAbaNumberCheck_35098_bad" classname="com.cardatechnologies.utils.validators.abaroutevalidator.Test_AbaRouteValidator_17a" time="0"/>
  <testcase name="testAbaNumberCheck_36687_good" classname="com.cardatechnologies.utils.validators.abaroutevalidator.Test_AbaRouteValidator_17a" time="0"/>
  <testcase name="testAbaNumberCheck_35747_good" classname="com.cardatechnologies.utils.validators.abaroutevalidator.Test_AbaRouteValidator_17a" time="0"/>
  <testcase name="testAbaNumberCheck_35585_good" classname="com.cardatechnologies.utils.validators.abaroutevalidator.Test_AbaRouteValidator_17a" time="0"/>
  <testcase name="testAbaNumberCheck_36399_good" classname="com.cardatechnologies.utils.validators.abaroutevalidator.Test_AbaRouteValidator_17a" time="0"/>
  <testcase name="testAbaNumberCheck_35459_good" classname="com.cardatechnologies.utils.validators.abaroutevalidator.Test_AbaRouteValidator_17a" time="0"/>
  <testcase name="testAbaNumberCheck_37170_bad" classname="com.cardatechnologies.utils.validators.abaroutevalidator.Test_AbaRouteValidator_17a" time="0"/>
  <testcase name="testAbaNumberCheck_37172_bad" classname="com.cardatechnologies.utils.validators.abaroutevalidator.Test_AbaRouteValidator_17a" time="0"/>
  <testcase name="testAbaNumberCheck_36810_bad" classname="com.cardatechnologies.utils.validators.abaroutevalidator.Test_AbaRouteValidator_17a" time="0"/>
  <testcase name="testAbaNumberCheck_36360_bad" classname="com.cardatechnologies.utils.validators.abaroutevalidator.Test_AbaRouteValidator_17a" time="0"/>
  <testcase name="testAbaNumberCheck_37174_bad" classname="com.cardatechnologies.utils.validators.abaroutevalidator.Test_AbaRouteValidator_17a" time="0"/>
  <testcase name="testAbaNumberCheck_36812_bad" classname="com.cardatechnologies.utils.validators.abaroutevalidator.Test_AbaRouteValidator_17a" time="0"/>
  <testcase name="testAbaNumberCheck_36362_bad" classname="com.cardatechnologies.utils.validators.abaroutevalidator.Test_AbaRouteValidator_17a" time="0"/>
  <testcase name="testAbaNumberCheck_37176_bad" classname="com.cardatechnologies.utils.validators.abaroutevalidator.Test_AbaRouteValidator_17a" time="0"/>
  <testcase name="testAbaNumberCheck_36814_bad" classname="com.cardatechnologies.utils.validators.abaroutevalidator.Test_AbaRouteValidator_17a" time="0"/>
  <testcase name="testAbaNumberCheck_35297_good" classname="com.cardatechnologies.utils.validators.abaroutevalidator.Test_AbaRouteValidator_17a" time="0"/>
  <testcase name="testAbaNumberCheck_35550_bad" classname="com.cardatechnologies.utils.validators.abaroutevalidator.Test_AbaRouteValidator_17a" time="0"/>
  <testcase name="testAbaNumberCheck_36364_bad" classname="com.cardatechnologies.utils.validators.abaroutevalidator.Test_AbaRouteValidator_17a" time="0"/>
  <testcase name="testAbaNumberCheck_37178_bad" classname="com.cardatechnologies.utils.validators.abaroutevalidator.Test_AbaRouteValidator_17a" time="0"/>
  <testcase name="testAbaNumberCheck_36816_bad" classname="com.cardatechnologies.utils.validators.abaroutevalidator.Test_AbaRouteValidator_17a" time="0"/>
  <testcase name="testAbaNumberCheck_35552_bad" classname="com.cardatechnologies.utils.validators.abaroutevalidator.Test_AbaRouteValidator_17a" time="0"/>
  <testcase name="testAbaNumberCheck_36895_good" classname="com.cardatechnologies.utils.validators.abaroutevalidator.Test_AbaRouteValidator_17a" time="0"/>
  <testcase name="testAbaNumberCheck_36366_bad" classname="com.cardatechnologies.utils.validators.abaroutevalidator.Test_AbaRouteValidator_17a" time="0"/>
  <testcase name="testAbaNumberCheck_35955_good" classname="com.cardatechnologies.utils.validators.abaroutevalidator.Test_AbaRouteValidator_17a" time="0"/>
  <testcase name="testAbaNumberCheck_36818_bad" classname="com.cardatechnologies.utils.validators.abaroutevalidator.Test_AbaRouteValidator_17a" time="0"/>
  <testcase name="testAbaNumberCheck_35554_bad" classname="com.cardatechnologies.utils.validators.abaroutevalidator.Test_AbaRouteValidator_17a" time="0"/>
  <testcase name="testAbaNumberCheck_36368_bad" classname="com.cardatechnologies.utils.validators.abaroutevalidator.Test_AbaRouteValidator_17a" time="0"/>
  <testcase name="testAbaNumberCheck_35556_bad" classname="com.cardatechnologies.utils.validators.abaroutevalidator.Test_AbaRouteValidator_17a" time="0"/>
  <testcase name="testAbaNumberCheck_36769_good" classname="com.cardatechnologies.utils.validators.abaroutevalidator.Test_AbaRouteValidator_17a" time="0"/>
  <testcase name="testAbaNumberCheck_35829_good" classname="com.cardatechnologies.utils.validators.abaroutevalidator.Test_AbaRouteValidator_17a" time="0"/>
  <testcase name="testAbaNumberCheck_35558_bad" classname="com.cardatechnologies.utils.validators.abaroutevalidator.Test_AbaRouteValidator_17a" time="0"/>
  <testcase name="testAbaNumberCheck_35793_good" classname="com.cardatechnologies.utils.validators.abaroutevalidator.Test_AbaRouteValidator_17a" time="0"/>
  <testcase name="testAbaNumberCheck_35667_good" classname="com.cardatechnologies.utils.validators.abaroutevalidator.Test_AbaRouteValidator_17a" time="0"/>
  <testcase name="testAbaNumberCheck_37180_bad" classname="com.cardatechnologies.utils.validators.abaroutevalidator.Test_AbaRouteValidator_17a" time="0"/>
  <testcase name="testAbaNumberCheck_37182_bad" classname="com.cardatechnologies.utils.validators.abaroutevalidator.Test_AbaRouteValidator_17a" time="0"/>
  <testcase name="testAbaNumberCheck_36820_bad" classname="com.cardatechnologies.utils.validators.abaroutevalidator.Test_AbaRouteValidator_17a" time="0"/>
  <testcase name="testAbaNumberCheck_35379_good" classname="com.cardatechnologies.utils.validators.abaroutevalidator.Test_AbaRouteValidator_17a" time="0"/>
  <testcase name="testAbaNumberCheck_36370_bad" classname="com.cardatechnologies.utils.validators.abaroutevalidator.Test_AbaRouteValidator_17a" time="0"/>
  <testcase name="testAbaNumberCheck_37184_bad" classname="com.cardatechnologies.utils.validators.abaroutevalidator.Test_AbaRouteValidator_17a" time="0"/>
  <testcase name="testAbaNumberCheck_36822_bad" classname="com.cardatechnologies.utils.validators.abaroutevalidator.Test_AbaRouteValidator_17a" time="0"/>
  <testcase name="testAbaNumberCheck_36372_bad" classname="com.cardatechnologies.utils.validators.abaroutevalidator.Test_AbaRouteValidator_17a" time="0"/>
  <testcase name="testAbaNumberCheck_36977_good" classname="com.cardatechnologies.utils.validators.abaroutevalidator.Test_AbaRouteValidator_17a" time="0"/>
  <testcase name="testAbaNumberCheck_37186_bad" classname="com.cardatechnologies.utils.validators.abaroutevalidator.Test_AbaRouteValidator_17a" time="0.001"/>
  <testcase name="testAbaNumberCheck_36824_bad" classname="com.cardatechnologies.utils.validators.abaroutevalidator.Test_AbaRouteValidator_17a" time="0"/>
  <testcase name="testAbaNumberCheck_35560_bad" classname="com.cardatechnologies.utils.validators.abaroutevalidator.Test_AbaRouteValidator_17a" time="0"/>
  <testcase name="testAbaNumberCheck_36374_bad" classname="com.cardatechnologies.utils.validators.abaroutevalidator.Test_AbaRouteValidator_17a" time="0"/>
  <testcase name="testAbaNumberCheck_37188_bad" classname="com.cardatechnologies.utils.validators.abaroutevalidator.Test_AbaRouteValidator_17a" time="0"/>
  <testcase name="testAbaNumberCheck_36826_bad" classname="com.cardatechnologies.utils.validators.abaroutevalidator.Test_AbaRouteValidator_17a" time="0"/>
  <testcase name="testAbaNumberCheck_35562_bad" classname="com.cardatechnologies.utils.validators.abaroutevalidator.Test_AbaRouteValidator_17a" time="0"/>
  <testcase name="testAbaNumberCheck_36376_bad" classname="com.cardatechnologies.utils.validators.abaroutevalidator.Test_AbaRouteValidator_17a" time="0"/>
  <testcase name="testAbaNumberCheck_36828_bad" classname="com.cardatechnologies.utils.validators.abaroutevalidator.Test_AbaRouteValidator_17a" time="0"/>
  <testcase name="testAbaNumberCheck_35564_bad" classname="com.cardatechnologies.utils.validators.abaroutevalidator.Test_AbaRouteValidator_17a" time="0"/>
  <testcase name="testAbaNumberCheck_36378_bad" classname="com.cardatechnologies.utils.validators.abaroutevalidator.Test_AbaRouteValidator_17a" time="0"/>
  <testcase name="testAbaNumberCheck_35566_bad" classname="com.cardatechnologies.utils.validators.abaroutevalidator.Test_AbaRouteValidator_17a" time="0"/>
  <testcase name="testAbaNumberCheck_35875_good" classname="com.cardatechnologies.utils.validators.abaroutevalidator.Test_AbaRouteValidator_17a" time="0"/>
  <testcase name="testAbaNumberCheck_35568_bad" classname="com.cardatechnologies.utils.validators.abaroutevalidator.Test_AbaRouteValidator_17a" time="0"/>
  <testcase name="testAbaNumberCheck_36689_good" classname="com.cardatechnologies.utils.validators.abaroutevalidator.Test_AbaRouteValidator_17a" time="0"/>
  <testcase name="testAbaNumberCheck_35749_good" classname="com.cardatechnologies.utils.validators.abaroutevalidator.Test_AbaRouteValidator_17a" time="0"/>
  <testcase name="testAbaNumberCheck_35587_good" classname="com.cardatechnologies.utils.validators.abaroutevalidator.Test_AbaRouteValidator_17a" time="0"/>
  <testcase name="testAbaNumberCheck_37190_bad" classname="com.cardatechnologies.utils.validators.abaroutevalidator.Test_AbaRouteValidator_17a" time="0"/>
  <testcase name="testAbaNumberCheck_37192_bad" classname="com.cardatechnologies.utils.validators.abaroutevalidator.Test_AbaRouteValidator_17a" time="0"/>
  <testcase name="testAbaNumberCheck_36830_bad" classname="com.cardatechnologies.utils.validators.abaroutevalidator.Test_AbaRouteValidator_17a" time="0"/>
  <testcase name="testAbaNumberCheck_36380_bad" classname="com.cardatechnologies.utils.validators.abaroutevalidator.Test_AbaRouteValidator_17a" time="0"/>
  <testcase name="testAbaNumberCheck_37194_bad" classname="com.cardatechnologies.utils.validators.abaroutevalidator.Test_AbaRouteValidator_17a" time="0"/>
  <testcase name="testAbaNumberCheck_36832_bad" classname="com.cardatechnologies.utils.validators.abaroutevalidator.Test_AbaRouteValidator_17a" time="0"/>
  <testcase name="testAbaNumberCheck_36382_bad" classname="com.cardatechnologies.utils.validators.abaroutevalidator.Test_AbaRouteValidator_17a" time="0"/>
  <testcase name="testAbaNumberCheck_37196_bad" classname="com.cardatechnologies.utils.validators.abaroutevalidator.Test_AbaRouteValidator_17a" time="0"/>
  <testcase name="testAbaNumberCheck_36834_bad" classname="com.cardatechnologies.utils.validators.abaroutevalidator.Test_AbaRouteValidator_17a" time="0"/>
  <testcase name="testAbaNumberCheck_35299_good" classname="com.cardatechnologies.utils.validators.abaroutevalidator.Test_AbaRouteValidator_17a" time="0"/>
  <testcase name="testAbaNumberCheck_35570_bad" classname="com.cardatechnologies.utils.validators.abaroutevalidator.Test_AbaRouteValidator_17a" time="0"/>
  <testcase name="testAbaNumberCheck_36384_bad" classname="com.cardatechnologies.utils.validators.abaroutevalidator.Test_AbaRouteValidator_17a" time="0"/>
  <testcase name="testAbaNumberCheck_37198_bad" classname="com.cardatechnologies.utils.validators.abaroutevalidator.Test_AbaRouteValidator_17a" time="0"/>
  <testcase name="testAbaNumberCheck_36836_bad" classname="com.cardatechnologies.utils.validators.abaroutevalidator.Test_AbaRouteValidator_17a" time="0"/>
  <testcase name="testAbaNumberCheck_35572_bad" classname="com.cardatechnologies.utils.validators.abaroutevalidator.Test_AbaRouteValidator_17a" time="0"/>
  <testcase name="testAbaNumberCheck_36897_good" classname="com.cardatechnologies.utils.validators.abaroutevalidator.Test_AbaRouteValidator_17a" time="0"/>
  <testcase name="testAbaNumberCheck_36386_bad" classname="com.cardatechnologies.utils.validators.abaroutevalidator.Test_AbaRouteValidator_17a" time="0"/>
  <testcase name="testAbaNumberCheck_35957_good" classname="com.cardatechnologies.utils.validators.abaroutevalidator.Test_AbaRouteValidator_17a" time="0"/>
  <testcase name="testAbaNumberCheck_36838_bad" classname="com.cardatechnologies.utils.validators.abaroutevalidator.Test_AbaRouteValidator_17a" time="0"/>
  <testcase name="testAbaNumberCheck_35574_bad" classname="com.cardatechnologies.utils.validators.abaroutevalidator.Test_AbaRouteValidator_17a" time="0"/>
  <testcase name="testAbaNumberCheck_36388_bad" classname="com.cardatechnologies.utils.validators.abaroutevalidator.Test_AbaRouteValidator_17a" time="0"/>
  <testcase name="testAbaNumberCheck_35576_bad" classname="com.cardatechnologies.utils.validators.abaroutevalidator.Test_AbaRouteValidator_17a" time="0"/>
  <testcase name="testAbaNumberCheck_35578_bad" classname="com.cardatechnologies.utils.validators.abaroutevalidator.Test_AbaRouteValidator_17a" time="0"/>
  <testcase name="testAbaNumberCheck_35795_good" classname="com.cardatechnologies.utils.validators.abaroutevalidator.Test_AbaRouteValidator_17a" time="0"/>
  <testcase name="testAbaNumberCheck_35669_good" classname="com.cardatechnologies.utils.validators.abaroutevalidator.Test_AbaRouteValidator_17a" time="0"/>
  <testcase name="testAbaNumberCheck_36840_bad" classname="com.cardatechnologies.utils.validators.abaroutevalidator.Test_AbaRouteValidator_17a" time="0"/>
  <testcase name="testAbaNumberCheck_36390_bad" classname="com.cardatechnologies.utils.validators.abaroutevalidator.Test_AbaRouteValidator_17a" time="0"/>
  <testcase name="testAbaNumberCheck_36842_bad" classname="com.cardatechnologies.utils.validators.abaroutevalidator.Test_AbaRouteValidator_17a" time="0"/>
  <testcase name="testAbaNumberCheck_36392_bad" classname="com.cardatechnologies.utils.validators.abaroutevalidator.Test_AbaRouteValidator_17a" time="0"/>
  <testcase name="testAbaNumberCheck_36979_good" classname="com.cardatechnologies.utils.validators.abaroutevalidator.Test_AbaRouteValidator_17a" time="0"/>
  <testcase name="testAbaNumberCheck_36844_bad" classname="com.cardatechnologies.utils.validators.abaroutevalidator.Test_AbaRouteValidator_17a" time="0"/>
  <testcase name="testAbaNumberCheck_35580_bad" classname="com.cardatechnologies.utils.validators.abaroutevalidator.Test_AbaRouteValidator_17a" time="0"/>
  <testcase name="testAbaNumberCheck_36394_bad" classname="com.cardatechnologies.utils.validators.abaroutevalidator.Test_AbaRouteValidator_17a" time="0"/>
  <testcase name="testAbaNumberCheck_36846_bad" classname="com.cardatechnologies.utils.validators.abaroutevalidator.Test_AbaRouteValidator_17a" time="0"/>
  <testcase name="testAbaNumberCheck_35582_bad" classname="com.cardatechnologies.utils.validators.abaroutevalidator.Test_AbaRouteValidator_17a" time="0"/>
  <testcase name="testAbaNumberCheck_36396_bad" classname="com.cardatechnologies.utils.validators.abaroutevalidator.Test_AbaRouteValidator_17a" time="0"/>
  <testcase name="testAbaNumberCheck_36848_bad" classname="com.cardatechnologies.utils.validators.abaroutevalidator.Test_AbaRouteValidator_17a" time="0"/>
  <testcase name="testAbaNumberCheck_35584_bad" classname="com.cardatechnologies.utils.validators.abaroutevalidator.Test_AbaRouteValidator_17a" time="0"/>
  <testcase name="testAbaNumberCheck_36398_bad" classname="com.cardatechnologies.utils.validators.abaroutevalidator.Test_AbaRouteValidator_17a" time="0"/>
  <testcase name="testAbaNumberCheck_35586_bad" classname="com.cardatechnologies.utils.validators.abaroutevalidator.Test_AbaRouteValidator_17a" time="0"/>
  <testcase name="testAbaNumberCheck_35877_good" classname="com.cardatechnologies.utils.validators.abaroutevalidator.Test_AbaRouteValidator_17a" time="0"/>
  <testcase name="testAbaNumberCheck_35588_bad" classname="com.cardatechnologies.utils.validators.abaroutevalidator.Test_AbaRouteValidator_17a" time="0"/>
  <testcase name="testAbaNumberCheck_35589_good" classname="com.cardatechnologies.utils.validators.abaroutevalidator.Test_AbaRouteValidator_17a" time="0"/>
  <testcase name="testAbaNumberCheck_36850_bad" classname="com.cardatechnologies.utils.validators.abaroutevalidator.Test_AbaRouteValidator_17a" time="0"/>
  <testcase name="testAbaNumberCheck_36852_bad" classname="com.cardatechnologies.utils.validators.abaroutevalidator.Test_AbaRouteValidator_17a" time="0"/>
  <testcase name="testAbaNumberCheck_36854_bad" classname="com.cardatechnologies.utils.validators.abaroutevalidator.Test_AbaRouteValidator_17a" time="0"/>
  <testcase name="testAbaNumberCheck_35590_bad" classname="com.cardatechnologies.utils.validators.abaroutevalidator.Test_AbaRouteValidator_17a" time="0"/>
  <testcase name="testAbaNumberCheck_36856_bad" classname="com.cardatechnologies.utils.validators.abaroutevalidator.Test_AbaRouteValidator_17a" time="0"/>
  <testcase name="testAbaNumberCheck_35592_bad" classname="com.cardatechnologies.utils.validators.abaroutevalidator.Test_AbaRouteValidator_17a" time="0"/>
  <testcase name="testAbaNumberCheck_36899_good" classname="com.cardatechnologies.utils.validators.abaroutevalidator.Test_AbaRouteValidator_17a" time="0.001"/>
  <testcase name="testAbaNumberCheck_35959_good" classname="com.cardatechnologies.utils.validators.abaroutevalidator.Test_AbaRouteValidator_17a" time="0"/>
  <testcase name="testAbaNumberCheck_36858_bad" classname="com.cardatechnologies.utils.validators.abaroutevalidator.Test_AbaRouteValidator_17a" time="0"/>
  <testcase name="testAbaNumberCheck_35594_bad" classname="com.cardatechnologies.utils.validators.abaroutevalidator.Test_AbaRouteValidator_17a" time="0"/>
  <testcase name="testAbaNumberCheck_35596_bad" classname="com.cardatechnologies.utils.validators.abaroutevalidator.Test_AbaRouteValidator_17a" time="0"/>
  <testcase name="testAbaNumberCheck_35598_bad" classname="com.cardatechnologies.utils.validators.abaroutevalidator.Test_AbaRouteValidator_17a" time="0"/>
  <testcase name="testAbaNumberCheck_35797_good" classname="com.cardatechnologies.utils.validators.abaroutevalidator.Test_AbaRouteValidator_17a" time="0"/>
  <testcase name="testAbaNumberCheck_36860_bad" classname="com.cardatechnologies.utils.validators.abaroutevalidator.Test_AbaRouteValidator_17a" time="0"/>
  <testcase name="testAbaNumberCheck_36862_bad" classname="com.cardatechnologies.utils.validators.abaroutevalidator.Test_AbaRouteValidator_17a" time="0"/>
  <testcase name="testAbaNumberCheck_36864_bad" classname="com.cardatechnologies.utils.validators.abaroutevalidator.Test_AbaRouteValidator_17a" time="0"/>
  <testcase name="testAbaNumberCheck_36866_bad" classname="com.cardatechnologies.utils.validators.abaroutevalidator.Test_AbaRouteValidator_17a" time="0"/>
  <testcase name="testAbaNumberCheck_36868_bad" classname="com.cardatechnologies.utils.validators.abaroutevalidator.Test_AbaRouteValidator_17a" time="0"/>
  <testcase name="testAbaNumberCheck_35879_good" classname="com.cardatechnologies.utils.validators.abaroutevalidator.Test_AbaRouteValidator_17a" time="0"/>
  <testcase name="testAbaNumberCheck_36870_bad" classname="com.cardatechnologies.utils.validators.abaroutevalidator.Test_AbaRouteValidator_17a" time="0"/>
  <testcase name="testAbaNumberCheck_36872_bad" classname="com.cardatechnologies.utils.validators.abaroutevalidator.Test_AbaRouteValidator_17a" time="0"/>
  <testcase name="testAbaNumberCheck_36874_bad" classname="com.cardatechnologies.utils.validators.abaroutevalidator.Test_AbaRouteValidator_17a" time="0"/>
  <testcase name="testAbaNumberCheck_36876_bad" classname="com.cardatechnologies.utils.validators.abaroutevalidator.Test_AbaRouteValidator_17a" time="0"/>
  <testcase name="testAbaNumberCheck_36878_bad" classname="com.cardatechnologies.utils.validators.abaroutevalidator.Test_AbaRouteValidator_17a" time="0"/>
  <testcase name="testAbaNumberCheck_35799_good" classname="com.cardatechnologies.utils.validators.abaroutevalidator.Test_AbaRouteValidator_17a" time="0"/>
  <testcase name="testAbaNumberCheck_36880_bad" classname="com.cardatechnologies.utils.validators.abaroutevalidator.Test_AbaRouteValidator_17a" time="0.001"/>
  <testcase name="testAbaNumberCheck_36882_bad" classname="com.cardatechnologies.utils.validators.abaroutevalidator.Test_AbaRouteValidator_17a" time="0"/>
  <testcase name="testAbaNumberCheck_36884_bad" classname="com.cardatechnologies.utils.validators.abaroutevalidator.Test_AbaRouteValidator_17a" time="0"/>
  <testcase name="testAbaNumberCheck_36886_bad" classname="com.cardatechnologies.utils.validators.abaroutevalidator.Test_AbaRouteValidator_17a" time="0"/>
  <testcase name="testAbaNumberCheck_36888_bad" classname="com.cardatechnologies.utils.validators.abaroutevalidator.Test_AbaRouteValidator_17a" time="0"/>
  <testcase name="testAbaNumberCheck_36890_bad" classname="com.cardatechnologies.utils.validators.abaroutevalidator.Test_AbaRouteValidator_17a" time="0"/>
  <testcase name="testAbaNumberCheck_36892_bad" classname="com.cardatechnologies.utils.validators.abaroutevalidator.Test_AbaRouteValidator_17a" time="0"/>
  <testcase name="testAbaNumberCheck_36894_bad" classname="com.cardatechnologies.utils.validators.abaroutevalidator.Test_AbaRouteValidator_17a" time="0"/>
  <testcase name="testAbaNumberCheck_36896_bad" classname="com.cardatechnologies.utils.validators.abaroutevalidator.Test_AbaRouteValidator_17a" time="0"/>
  <testcase name="testAbaNumberCheck_36898_bad" classname="com.cardatechnologies.utils.validators.abaroutevalidator.Test_AbaRouteValidator_17a" time="0"/>
  <testcase name="testAbaNumberCheck_37111_good" classname="com.cardatechnologies.utils.validators.abaroutevalidator.Test_AbaRouteValidator_17a" time="0"/>
  <testcase name="testAbaNumberCheck_37031_good" classname="com.cardatechnologies.utils.validators.abaroutevalidator.Test_AbaRouteValidator_17a" time="0"/>
  <testcase name="testAbaNumberCheck_37401_good" classname="com.cardatechnologies.utils.validators.abaroutevalidator.Test_AbaRouteValidator_17a" time="0"/>
  <testcase name="testAbaNumberCheck_37113_good" classname="com.cardatechnologies.utils.validators.abaroutevalidator.Test_AbaRouteValidator_17a" time="0"/>
  <testcase name="testAbaNumberCheck_36011_good" classname="com.cardatechnologies.utils.validators.abaroutevalidator.Test_AbaRouteValidator_17a" time="0"/>
  <testcase name="testAbaNumberCheck_37321_good" classname="com.cardatechnologies.utils.validators.abaroutevalidator.Test_AbaRouteValidator_17a" time="0"/>
  <testcase name="testAbaNumberCheck_37033_good" classname="com.cardatechnologies.utils.validators.abaroutevalidator.Test_AbaRouteValidator_17a" time="0"/>
  <testcase name="testAbaNumberCheck_37403_good" classname="com.cardatechnologies.utils.validators.abaroutevalidator.Test_AbaRouteValidator_17a" time="0"/>
  <testcase name="testAbaNumberCheck_37241_good" classname="com.cardatechnologies.utils.validators.abaroutevalidator.Test_AbaRouteValidator_17a" time="0"/>
  <testcase name="testAbaNumberCheck_36301_good" classname="com.cardatechnologies.utils.validators.abaroutevalidator.Test_AbaRouteValidator_17a" time="0"/>
  <testcase name="testAbaNumberCheck_37115_good" classname="com.cardatechnologies.utils.validators.abaroutevalidator.Test_AbaRouteValidator_17a" time="0"/>
  <testcase name="testAbaNumberCheck_36013_good" classname="com.cardatechnologies.utils.validators.abaroutevalidator.Test_AbaRouteValidator_17a" time="0"/>
  <testcase name="testAbaNumberCheck_37323_good" classname="com.cardatechnologies.utils.validators.abaroutevalidator.Test_AbaRouteValidator_17a" time="0.001"/>
  <testcase name="testAbaNumberCheck_37161_good" classname="com.cardatechnologies.utils.validators.abaroutevalidator.Test_AbaRouteValidator_17a" time="0"/>
  <testcase name="testAbaNumberCheck_36221_good" classname="com.cardatechnologies.utils.validators.abaroutevalidator.Test_AbaRouteValidator_17a" time="0"/>
  <testcase name="testAbaNumberCheck_37035_good" classname="com.cardatechnologies.utils.validators.abaroutevalidator.Test_AbaRouteValidator_17a" time="0"/>
  <testcase name="testAbaNumberCheck_37405_good" classname="com.cardatechnologies.utils.validators.abaroutevalidator.Test_AbaRouteValidator_17a" time="0"/>
  <testcase name="testAbaNumberCheck_37243_good" classname="com.cardatechnologies.utils.validators.abaroutevalidator.Test_AbaRouteValidator_17a" time="0"/>
  <testcase name="testAbaNumberCheck_36303_good" classname="com.cardatechnologies.utils.validators.abaroutevalidator.Test_AbaRouteValidator_17a" time="0"/>
  <testcase name="testAbaNumberCheck_37117_good" classname="com.cardatechnologies.utils.validators.abaroutevalidator.Test_AbaRouteValidator_17a" time="0"/>
  <testcase name="testAbaNumberCheck_37081_good" classname="com.cardatechnologies.utils.validators.abaroutevalidator.Test_AbaRouteValidator_17a" time="0"/>
  <testcase name="testAbaNumberCheck_36141_good" classname="com.cardatechnologies.utils.validators.abaroutevalidator.Test_AbaRouteValidator_17a" time="0"/>
  <testcase name="testAbaNumberCheck_35201_good" classname="com.cardatechnologies.utils.validators.abaroutevalidator.Test_AbaRouteValidator_17a" time="0"/>
  <testcase name="testAbaNumberCheck_36015_good" classname="com.cardatechnologies.utils.validators.abaroutevalidator.Test_AbaRouteValidator_17a" time="0"/>
  <testcase name="testAbaNumberCheck_37451_good" classname="com.cardatechnologies.utils.validators.abaroutevalidator.Test_AbaRouteValidator_17a" time="0"/>
  <testcase name="testAbaNumberCheck_36511_good" classname="com.cardatechnologies.utils.validators.abaroutevalidator.Test_AbaRouteValidator_17a" time="0"/>
  <testcase name="testAbaNumberCheck_37325_good" classname="com.cardatechnologies.utils.validators.abaroutevalidator.Test_AbaRouteValidator_17a" time="0"/>
  <testcase name="testAbaNumberCheck_37163_good" classname="com.cardatechnologies.utils.validators.abaroutevalidator.Test_AbaRouteValidator_17a" time="0"/>
  <testcase name="testAbaNumberCheck_36223_good" classname="com.cardatechnologies.utils.validators.abaroutevalidator.Test_AbaRouteValidator_17a" time="0"/>
  <testcase name="testAbaNumberCheck_37037_good" classname="com.cardatechnologies.utils.validators.abaroutevalidator.Test_AbaRouteValidator_17a" time="0"/>
  <testcase name="testAbaNumberCheck_36061_good" classname="com.cardatechnologies.utils.validators.abaroutevalidator.Test_AbaRouteValidator_17a" time="0"/>
  <testcase name="testAbaNumberCheck_35121_good" classname="com.cardatechnologies.utils.validators.abaroutevalidator.Test_AbaRouteValidator_17a" time="0"/>
  <testcase name="testAbaNumberCheck_37407_good" classname="com.cardatechnologies.utils.validators.abaroutevalidator.Test_AbaRouteValidator_17a" time="0"/>
  <testcase name="testAbaNumberCheck_37371_good" classname="com.cardatechnologies.utils.validators.abaroutevalidator.Test_AbaRouteValidator_17a" time="0"/>
  <testcase name="testAbaNumberCheck_36431_good" classname="com.cardatechnologies.utils.validators.abaroutevalidator.Test_AbaRouteValidator_17a" time="0.001"/>
  <testcase name="testAbaNumberCheck_37245_good" classname="com.cardatechnologies.utils.validators.abaroutevalidator.Test_AbaRouteValidator_17a" time="0"/>
  <testcase name="testAbaNumberCheck_36305_good" classname="com.cardatechnologies.utils.validators.abaroutevalidator.Test_AbaRouteValidator_17a" time="0"/>
  <testcase name="testAbaNumberCheck_37119_good" classname="com.cardatechnologies.utils.validators.abaroutevalidator.Test_AbaRouteValidator_17a" time="0"/>
  <testcase name="testAbaNumberCheck_37083_good" classname="com.cardatechnologies.utils.validators.abaroutevalidator.Test_AbaRouteValidator_17a" time="0"/>
  <testcase name="testAbaNumberCheck_36143_good" classname="com.cardatechnologies.utils.validators.abaroutevalidator.Test_AbaRouteValidator_17a" time="0"/>
  <testcase name="testAbaNumberCheck_35203_good" classname="com.cardatechnologies.utils.validators.abaroutevalidator.Test_AbaRouteValidator_17a" time="0"/>
  <testcase name="testAbaNumberCheck_36801_good" classname="com.cardatechnologies.utils.validators.abaroutevalidator.Test_AbaRouteValidator_17a" time="0"/>
  <testcase name="testAbaNumberCheck_36017_good" classname="com.cardatechnologies.utils.validators.abaroutevalidator.Test_AbaRouteValidator_17a" time="0"/>
  <testcase name="testAbaNumberCheck_37453_good" classname="com.cardatechnologies.utils.validators.abaroutevalidator.Test_AbaRouteValidator_17a" time="0"/>
  <testcase name="testAbaNumberCheck_36513_good" classname="com.cardatechnologies.utils.validators.abaroutevalidator.Test_AbaRouteValidator_17a" time="0"/>
  <testcase name="testAbaNumberCheck_37327_good" classname="com.cardatechnologies.utils.validators.abaroutevalidator.Test_AbaRouteValidator_17a" time="0"/>
  <testcase name="testAbaNumberCheck_37291_good" classname="com.cardatechnologies.utils.validators.abaroutevalidator.Test_AbaRouteValidator_17a" time="0"/>
  <testcase name="testAbaNumberCheck_36351_good" classname="com.cardatechnologies.utils.validators.abaroutevalidator.Test_AbaRouteValidator_17a" time="0"/>
  <testcase name="testAbaNumberCheck_35411_good" classname="com.cardatechnologies.utils.validators.abaroutevalidator.Test_AbaRouteValidator_17a" time="0"/>
  <testcase name="testAbaNumberCheck_37165_good" classname="com.cardatechnologies.utils.validators.abaroutevalidator.Test_AbaRouteValidator_17a" time="0"/>
  <testcase name="testAbaNumberCheck_36225_good" classname="com.cardatechnologies.utils.validators.abaroutevalidator.Test_AbaRouteValidator_17a" time="0"/>
  <testcase name="testAbaNumberCheck_37039_good" classname="com.cardatechnologies.utils.validators.abaroutevalidator.Test_AbaRouteValidator_17a" time="0"/>
  <testcase name="testAbaNumberCheck_36063_good" classname="com.cardatechnologies.utils.validators.abaroutevalidator.Test_AbaRouteValidator_17a" time="0"/>
  <testcase name="testAbaNumberCheck_35123_good" classname="com.cardatechnologies.utils.validators.abaroutevalidator.Test_AbaRouteValidator_17a" time="0"/>
  <testcase name="testAbaNumberCheck_36721_good" classname="com.cardatechnologies.utils.validators.abaroutevalidator.Test_AbaRouteValidator_17a" time="0"/>
  <testcase name="testAbaNumberCheck_37409_good" classname="com.cardatechnologies.utils.validators.abaroutevalidator.Test_AbaRouteValidator_17a" time="0"/>
  <testcase name="testAbaNumberCheck_37373_good" classname="com.cardatechnologies.utils.validators.abaroutevalidator.Test_AbaRouteValidator_17a" time="0"/>
  <testcase name="testAbaNumberCheck_36433_good" classname="com.cardatechnologies.utils.validators.abaroutevalidator.Test_AbaRouteValidator_17a" time="0"/>
  <testcase name="testAbaNumberCheck_37247_good" classname="com.cardatechnologies.utils.validators.abaroutevalidator.Test_AbaRouteValidator_17a" time="0"/>
  <testcase name="testAbaNumberCheck_36307_good" classname="com.cardatechnologies.utils.validators.abaroutevalidator.Test_AbaRouteValidator_17a" time="0"/>
  <testcase name="testAbaNumberCheck_36271_good" classname="com.cardatechnologies.utils.validators.abaroutevalidator.Test_AbaRouteValidator_17a" time="0"/>
  <testcase name="testAbaNumberCheck_35331_good" classname="com.cardatechnologies.utils.validators.abaroutevalidator.Test_AbaRouteValidator_17a" time="0"/>
  <testcase name="testAbaNumberCheck_37085_good" classname="com.cardatechnologies.utils.validators.abaroutevalidator.Test_AbaRouteValidator_17a" time="0"/>
  <testcase name="testAbaNumberCheck_36145_good" classname="com.cardatechnologies.utils.validators.abaroutevalidator.Test_AbaRouteValidator_17a" time="0"/>
  <testcase name="testAbaNumberCheck_35205_good" classname="com.cardatechnologies.utils.validators.abaroutevalidator.Test_AbaRouteValidator_17a" time="0"/>
  <testcase name="testAbaNumberCheck_36803_good" classname="com.cardatechnologies.utils.validators.abaroutevalidator.Test_AbaRouteValidator_17a" time="0"/>
  <testcase name="testAbaNumberCheck_36019_good" classname="com.cardatechnologies.utils.validators.abaroutevalidator.Test_AbaRouteValidator_17a" time="0"/>
  <testcase name="testAbaNumberCheck_36641_good" classname="com.cardatechnologies.utils.validators.abaroutevalidator.Test_AbaRouteValidator_17a" time="0"/>
  <testcase name="testAbaNumberCheck_35701_good" classname="com.cardatechnologies.utils.validators.abaroutevalidator.Test_AbaRouteValidator_17a" time="0"/>
  <testcase name="testAbaNumberCheck_37455_good" classname="com.cardatechnologies.utils.validators.abaroutevalidator.Test_AbaRouteValidator_17a" time="0"/>
  <testcase name="testAbaNumberCheck_36515_good" classname="com.cardatechnologies.utils.validators.abaroutevalidator.Test_AbaRouteValidator_17a" time="0"/>
  <testcase name="testAbaNumberCheck_37329_good" classname="com.cardatechnologies.utils.validators.abaroutevalidator.Test_AbaRouteValidator_17a" time="0"/>
  <testcase name="testAbaNumberCheck_37293_good" classname="com.cardatechnologies.utils.validators.abaroutevalidator.Test_AbaRouteValidator_17a" time="0"/>
  <testcase name="testAbaNumberCheck_36353_good" classname="com.cardatechnologies.utils.validators.abaroutevalidator.Test_AbaRouteValidator_17a" time="0"/>
  <testcase name="testAbaNumberCheck_35413_good" classname="com.cardatechnologies.utils.validators.abaroutevalidator.Test_AbaRouteValidator_17a" time="0"/>
  <testcase name="testAbaNumberCheck_37167_good" classname="com.cardatechnologies.utils.validators.abaroutevalidator.Test_AbaRouteValidator_17a" time="0"/>
  <testcase name="testAbaNumberCheck_36227_good" classname="com.cardatechnologies.utils.validators.abaroutevalidator.Test_AbaRouteValidator_17a" time="0"/>
  <testcase name="testAbaNumberCheck_36191_good" classname="com.cardatechnologies.utils.validators.abaroutevalidator.Test_AbaRouteValidator_17a" time="0"/>
  <testcase name="testAbaNumberCheck_35251_good" classname="com.cardatechnologies.utils.validators.abaroutevalidator.Test_AbaRouteValidator_17a" time="0.001"/>
  <testcase name="testAbaNumberCheck_36065_good" classname="com.cardatechnologies.utils.validators.abaroutevalidator.Test_AbaRouteValidator_17a" time="0"/>
  <testcase name="testAbaNumberCheck_35125_good" classname="com.cardatechnologies.utils.validators.abaroutevalidator.Test_AbaRouteValidator_17a" time="0"/>
  <testcase name="testAbaNumberCheck_36723_good" classname="com.cardatechnologies.utils.validators.abaroutevalidator.Test_AbaRouteValidator_17a" time="0"/>
  <testcase name="testAbaNumberCheck_36561_good" classname="com.cardatechnologies.utils.validators.abaroutevalidator.Test_AbaRouteValidator_17a" time="0"/>
  <testcase name="testAbaNumberCheck_35621_good" classname="com.cardatechnologies.utils.validators.abaroutevalidator.Test_AbaRouteValidator_17a" time="0"/>
  <testcase name="testAbaNumberCheck_37375_good" classname="com.cardatechnologies.utils.validators.abaroutevalidator.Test_AbaRouteValidator_17a" time="0"/>
  <testcase name="testAbaNumberCheck_36435_good" classname="com.cardatechnologies.utils.validators.abaroutevalidator.Test_AbaRouteValidator_17a" time="0"/>
  <testcase name="testAbaNumberCheck_37249_good" classname="com.cardatechnologies.utils.validators.abaroutevalidator.Test_AbaRouteValidator_17a" time="0"/>
  <testcase name="testAbaNumberCheck_36309_good" classname="com.cardatechnologies.utils.validators.abaroutevalidator.Test_AbaRouteValidator_17a" time="0"/>
  <testcase name="testAbaNumberCheck_36273_good" classname="com.cardatechnologies.utils.validators.abaroutevalidator.Test_AbaRouteValidator_17a" time="0"/>
  <testcase name="testAbaNumberCheck_35333_good" classname="com.cardatechnologies.utils.validators.abaroutevalidator.Test_AbaRouteValidator_17a" time="0"/>
  <testcase name="testAbaNumberCheck_36931_good" classname="com.cardatechnologies.utils.validators.abaroutevalidator.Test_AbaRouteValidator_17a" time="0"/>
  <testcase name="testAbaNumberCheck_37087_good" classname="com.cardatechnologies.utils.validators.abaroutevalidator.Test_AbaRouteValidator_17a" time="0"/>
  <testcase name="testAbaNumberCheck_35100_bad" classname="com.cardatechnologies.utils.validators.abaroutevalidator.Test_AbaRouteValidator_17a" time="0"/>
  <testcase name="testAbaNumberCheck_36147_good" classname="com.cardatechnologies.utils.validators.abaroutevalidator.Test_AbaRouteValidator_17a" time="0"/>
  <testcase name="testAbaNumberCheck_35207_good" classname="com.cardatechnologies.utils.validators.abaroutevalidator.Test_AbaRouteValidator_17a" time="0"/>
  <testcase name="testAbaNumberCheck_35102_bad" classname="com.cardatechnologies.utils.validators.abaroutevalidator.Test_AbaRouteValidator_17a" time="0"/>
  <testcase name="testAbaNumberCheck_36805_good" classname="com.cardatechnologies.utils.validators.abaroutevalidator.Test_AbaRouteValidator_17a" time="0"/>
  <testcase name="testAbaNumberCheck_35171_good" classname="com.cardatechnologies.utils.validators.abaroutevalidator.Test_AbaRouteValidator_17a" time="0"/>
  <testcase name="testAbaNumberCheck_35104_bad" classname="com.cardatechnologies.utils.validators.abaroutevalidator.Test_AbaRouteValidator_17a" time="0"/>
  <testcase name="testAbaNumberCheck_35106_bad" classname="com.cardatechnologies.utils.validators.abaroutevalidator.Test_AbaRouteValidator_17a" time="0.001"/>
  <testcase name="testAbaNumberCheck_35108_bad" classname="com.cardatechnologies.utils.validators.abaroutevalidator.Test_AbaRouteValidator_17a" time="0"/>
  <testcase name="testAbaNumberCheck_36643_good" classname="com.cardatechnologies.utils.validators.abaroutevalidator.Test_AbaRouteValidator_17a" time="0"/>
  <testcase name="testAbaNumberCheck_35703_good" classname="com.cardatechnologies.utils.validators.abaroutevalidator.Test_AbaRouteValidator_17a" time="0"/>
  <testcase name="testAbaNumberCheck_37457_good" classname="com.cardatechnologies.utils.validators.abaroutevalidator.Test_AbaRouteValidator_17a" time="0"/>
  <testcase name="testAbaNumberCheck_36517_good" classname="com.cardatechnologies.utils.validators.abaroutevalidator.Test_AbaRouteValidator_17a" time="0"/>
  <testcase name="testAbaNumberCheck_36481_good" classname="com.cardatechnologies.utils.validators.abaroutevalidator.Test_AbaRouteValidator_17a" time="0"/>
  <testcase name="testAbaNumberCheck_35541_good" classname="com.cardatechnologies.utils.validators.abaroutevalidator.Test_AbaRouteValidator_17a" time="0"/>
  <testcase name="testAbaNumberCheck_37295_good" classname="com.cardatechnologies.utils.validators.abaroutevalidator.Test_AbaRouteValidator_17a" time="0"/>
  <testcase name="testAbaNumberCheck_36355_good" classname="com.cardatechnologies.utils.validators.abaroutevalidator.Test_AbaRouteValidator_17a" time="0"/>
  <testcase name="testAbaNumberCheck_35415_good" classname="com.cardatechnologies.utils.validators.abaroutevalidator.Test_AbaRouteValidator_17a" time="0"/>
  <testcase name="testAbaNumberCheck_37169_good" classname="com.cardatechnologies.utils.validators.abaroutevalidator.Test_AbaRouteValidator_17a" time="0"/>
  <testcase name="testAbaNumberCheck_36229_good" classname="com.cardatechnologies.utils.validators.abaroutevalidator.Test_AbaRouteValidator_17a" time="0"/>
  <testcase name="testAbaNumberCheck_36193_good" classname="com.cardatechnologies.utils.validators.abaroutevalidator.Test_AbaRouteValidator_17a" time="0"/>
  <testcase name="testAbaNumberCheck_35253_good" classname="com.cardatechnologies.utils.validators.abaroutevalidator.Test_AbaRouteValidator_17a" time="0"/>
  <testcase name="testAbaNumberCheck_35110_bad" classname="com.cardatechnologies.utils.validators.abaroutevalidator.Test_AbaRouteValidator_17a" time="0"/>
  <testcase name="testAbaNumberCheck_35112_bad" classname="com.cardatechnologies.utils.validators.abaroutevalidator.Test_AbaRouteValidator_17a" time="0"/>
  <testcase name="testAbaNumberCheck_36851_good" classname="com.cardatechnologies.utils.validators.abaroutevalidator.Test_AbaRouteValidator_17a" time="0"/>
  <testcase name="testAbaNumberCheck_35911_good" classname="com.cardatechnologies.utils.validators.abaroutevalidator.Test_AbaRouteValidator_17a" time="0"/>
  <testcase name="testAbaNumberCheck_36067_good" classname="com.cardatechnologies.utils.validators.abaroutevalidator.Test_AbaRouteValidator_17a" time="0"/>
  <testcase name="testAbaNumberCheck_35114_bad" classname="com.cardatechnologies.utils.validators.abaroutevalidator.Test_AbaRouteValidator_17a" time="0"/>
  <testcase name="testAbaNumberCheck_35127_good" classname="com.cardatechnologies.utils.validators.abaroutevalidator.Test_AbaRouteValidator_17a" time="0.001"/>
  <testcase name="testAbaNumberCheck_35116_bad" classname="com.cardatechnologies.utils.validators.abaroutevalidator.Test_AbaRouteValidator_17a" time="0"/>
  <testcase name="testAbaNumberCheck_36725_good" classname="com.cardatechnologies.utils.validators.abaroutevalidator.Test_AbaRouteValidator_17a" time="0"/>
  <testcase name="testAbaNumberCheck_35091_good" classname="com.cardatechnologies.utils.validators.abaroutevalidator.Test_AbaRouteValidator_17a" time="0"/>
  <testcase name="testAbaNumberCheck_35118_bad" classname="com.cardatechnologies.utils.validators.abaroutevalidator.Test_AbaRouteValidator_17a" time="0"/>
  <testcase name="testAbaNumberCheck_36563_good" classname="com.cardatechnologies.utils.validators.abaroutevalidator.Test_AbaRouteValidator_17a" time="0"/>
  <testcase name="testAbaNumberCheck_35623_good" classname="com.cardatechnologies.utils.validators.abaroutevalidator.Test_AbaRouteValidator_17a" time="0"/>
  <testcase name="testAbaNumberCheck_37377_good" classname="com.cardatechnologies.utils.validators.abaroutevalidator.Test_AbaRouteValidator_17a" time="0"/>
  <testcase name="testAbaNumberCheck_36437_good" classname="com.cardatechnologies.utils.validators.abaroutevalidator.Test_AbaRouteValidator_17a" time="0"/>
  <testcase name="testAbaNumberCheck_35461_good" classname="com.cardatechnologies.utils.validators.abaroutevalidator.Test_AbaRouteValidator_17a" time="0"/>
  <testcase name="testAbaNumberCheck_36275_good" classname="com.cardatechnologies.utils.validators.abaroutevalidator.Test_AbaRouteValidator_17a" time="0"/>
  <testcase name="testAbaNumberCheck_35335_good" classname="com.cardatechnologies.utils.validators.abaroutevalidator.Test_AbaRouteValidator_17a" time="0"/>
  <testcase name="testAbaNumberCheck_36933_good" classname="com.cardatechnologies.utils.validators.abaroutevalidator.Test_AbaRouteValidator_17a" time="0"/>
  <testcase name="testAbaNumberCheck_37089_good" classname="com.cardatechnologies.utils.validators.abaroutevalidator.Test_AbaRouteValidator_17a" time="0"/>
  <testcase name="testAbaNumberCheck_35120_bad" classname="com.cardatechnologies.utils.validators.abaroutevalidator.Test_AbaRouteValidator_17a" time="0"/>
  <testcase name="testAbaNumberCheck_36149_good" classname="com.cardatechnologies.utils.validators.abaroutevalidator.Test_AbaRouteValidator_17a" time="0"/>
  <testcase name="testAbaNumberCheck_35209_good" classname="com.cardatechnologies.utils.validators.abaroutevalidator.Test_AbaRouteValidator_17a" time="0"/>
  <testcase name="testAbaNumberCheck_35122_bad" classname="com.cardatechnologies.utils.validators.abaroutevalidator.Test_AbaRouteValidator_17a" time="0"/>
  <testcase name="testAbaNumberCheck_36807_good" classname="com.cardatechnologies.utils.validators.abaroutevalidator.Test_AbaRouteValidator_17a" time="0"/>
  <testcase name="testAbaNumberCheck_35173_good" classname="com.cardatechnologies.utils.validators.abaroutevalidator.Test_AbaRouteValidator_17a" time="0"/>
  <testcase name="testAbaNumberCheck_35124_bad" classname="com.cardatechnologies.utils.validators.abaroutevalidator.Test_AbaRouteValidator_17a" time="0"/>
  <testcase name="testAbaNumberCheck_36771_good" classname="com.cardatechnologies.utils.validators.abaroutevalidator.Test_AbaRouteValidator_17a" time="0.001"/>
  <testcase name="testAbaNumberCheck_35126_bad" classname="com.cardatechnologies.utils.validators.abaroutevalidator.Test_AbaRouteValidator_17a" time="0"/>
  <testcase name="testAbaNumberCheck_35831_good" classname="com.cardatechnologies.utils.validators.abaroutevalidator.Test_AbaRouteValidator_17a" time="0"/>
  <testcase name="testAbaNumberCheck_35128_bad" classname="com.cardatechnologies.utils.validators.abaroutevalidator.Test_AbaRouteValidator_17a" time="0"/>
  <testcase name="testAbaNumberCheck_36645_good" classname="com.cardatechnologies.utils.validators.abaroutevalidator.Test_AbaRouteValidator_17a" time="0"/>
  <testcase name="testAbaNumberCheck_35705_good" classname="com.cardatechnologies.utils.validators.abaroutevalidator.Test_AbaRouteValidator_17a" time="0"/>
  <testcase name="testAbaNumberCheck_37459_good" classname="com.cardatechnologies.utils.validators.abaroutevalidator.Test_AbaRouteValidator_17a" time="0"/>
  <testcase name="testAbaNumberCheck_36519_good" classname="com.cardatechnologies.utils.validators.abaroutevalidator.Test_AbaRouteValidator_17a" time="0"/>
  <testcase name="testAbaNumberCheck_36483_good" classname="com.cardatechnologies.utils.validators.abaroutevalidator.Test_AbaRouteValidator_17a" time="0"/>
  <testcase name="testAbaNumberCheck_35543_good" classname="com.cardatechnologies.utils.validators.abaroutevalidator.Test_AbaRouteValidator_17a" time="0"/>
  <testcase name="testAbaNumberCheck_37297_good" classname="com.cardatechnologies.utils.validators.abaroutevalidator.Test_AbaRouteValidator_17a" time="0"/>
  <testcase name="testAbaNumberCheck_37200_bad" classname="com.cardatechnologies.utils.validators.abaroutevalidator.Test_AbaRouteValidator_17a" time="0"/>
  <testcase name="testAbaNumberCheck_36357_good" classname="com.cardatechnologies.utils.validators.abaroutevalidator.Test_AbaRouteValidator_17a" time="0"/>
  <testcase name="testAbaNumberCheck_35417_good" classname="com.cardatechnologies.utils.validators.abaroutevalidator.Test_AbaRouteValidator_17a" time="0"/>
  <testcase name="testAbaNumberCheck_37202_bad" classname="com.cardatechnologies.utils.validators.abaroutevalidator.Test_AbaRouteValidator_17a" time="0"/>
  <testcase name="testAbaNumberCheck_35381_good" classname="com.cardatechnologies.utils.validators.abaroutevalidator.Test_AbaRouteValidator_17a" time="0"/>
  <testcase name="testAbaNumberCheck_37204_bad" classname="com.cardatechnologies.utils.validators.abaroutevalidator.Test_AbaRouteValidator_17a" time="0"/>
  <testcase name="testAbaNumberCheck_37206_bad" classname="com.cardatechnologies.utils.validators.abaroutevalidator.Test_AbaRouteValidator_17a" time="0"/>
  <testcase name="testAbaNumberCheck_36195_good" classname="com.cardatechnologies.utils.validators.abaroutevalidator.Test_AbaRouteValidator_17a" time="0"/>
  <testcase name="testAbaNumberCheck_37208_bad" classname="com.cardatechnologies.utils.validators.abaroutevalidator.Test_AbaRouteValidator_17a" time="0"/>
  <testcase name="testAbaNumberCheck_35255_good" classname="com.cardatechnologies.utils.validators.abaroutevalidator.Test_AbaRouteValidator_17a" time="0"/>
  <testcase name="testAbaNumberCheck_35130_bad" classname="com.cardatechnologies.utils.validators.abaroutevalidator.Test_AbaRouteValidator_17a" time="0.001"/>
  <testcase name="testAbaNumberCheck_35132_bad" classname="com.cardatechnologies.utils.validators.abaroutevalidator.Test_AbaRouteValidator_17a" time="0"/>
  <testcase name="testAbaNumberCheck_36853_good" classname="com.cardatechnologies.utils.validators.abaroutevalidator.Test_AbaRouteValidator_17a" time="0"/>
  <testcase name="testAbaNumberCheck_35913_good" classname="com.cardatechnologies.utils.validators.abaroutevalidator.Test_AbaRouteValidator_17a" time="0"/>
  <testcase name="testAbaNumberCheck_36069_good" classname="com.cardatechnologies.utils.validators.abaroutevalidator.Test_AbaRouteValidator_17a" time="0"/>
  <testcase name="testAbaNumberCheck_35134_bad" classname="com.cardatechnologies.utils.validators.abaroutevalidator.Test_AbaRouteValidator_17a" time="0"/>
  <testcase name="testAbaNumberCheck_35129_good" classname="com.cardatechnologies.utils.validators.abaroutevalidator.Test_AbaRouteValidator_17a" time="0"/>
  <testcase name="testAbaNumberCheck_35136_bad" classname="com.cardatechnologies.utils.validators.abaroutevalidator.Test_AbaRouteValidator_17a" time="0"/>
  <testcase name="testAbaNumberCheck_36727_good" classname="com.cardatechnologies.utils.validators.abaroutevalidator.Test_AbaRouteValidator_17a" time="0"/>
  <testcase name="testAbaNumberCheck_35093_good" classname="com.cardatechnologies.utils.validators.abaroutevalidator.Test_AbaRouteValidator_17a" time="0"/>
  <testcase name="testAbaNumberCheck_35138_bad" classname="com.cardatechnologies.utils.validators.abaroutevalidator.Test_AbaRouteValidator_17a" time="0"/>
  <testcase name="testAbaNumberCheck_36691_good" classname="com.cardatechnologies.utils.validators.abaroutevalidator.Test_AbaRouteValidator_17a" time="0"/>
  <testcase name="testAbaNumberCheck_35751_good" classname="com.cardatechnologies.utils.validators.abaroutevalidator.Test_AbaRouteValidator_17a" time="0"/>
  <testcase name="testAbaNumberCheck_36565_good" classname="com.cardatechnologies.utils.validators.abaroutevalidator.Test_AbaRouteValidator_17a" time="0"/>
  <testcase name="testAbaNumberCheck_35625_good" classname="com.cardatechnologies.utils.validators.abaroutevalidator.Test_AbaRouteValidator_17a" time="0"/>
  <testcase name="testAbaNumberCheck_37379_good" classname="com.cardatechnologies.utils.validators.abaroutevalidator.Test_AbaRouteValidator_17a" time="0"/>
  <testcase name="testAbaNumberCheck_36439_good" classname="com.cardatechnologies.utils.validators.abaroutevalidator.Test_AbaRouteValidator_17a" time="0"/>
  <testcase name="testAbaNumberCheck_35463_good" classname="com.cardatechnologies.utils.validators.abaroutevalidator.Test_AbaRouteValidator_17a" time="0"/>
  <testcase name="testAbaNumberCheck_37210_bad" classname="com.cardatechnologies.utils.validators.abaroutevalidator.Test_AbaRouteValidator_17a" time="0"/>
  <testcase name="testAbaNumberCheck_37212_bad" classname="com.cardatechnologies.utils.validators.abaroutevalidator.Test_AbaRouteValidator_17a" time="0"/>
  <testcase name="testAbaNumberCheck_36400_bad" classname="com.cardatechnologies.utils.validators.abaroutevalidator.Test_AbaRouteValidator_17a" time="0"/>
  <testcase name="testAbaNumberCheck_36277_good" classname="com.cardatechnologies.utils.validators.abaroutevalidator.Test_AbaRouteValidator_17a" time="0"/>
  <testcase name="testAbaNumberCheck_37214_bad" classname="com.cardatechnologies.utils.validators.abaroutevalidator.Test_AbaRouteValidator_17a" time="0"/>
  <testcase name="testAbaNumberCheck_35337_good" classname="com.cardatechnologies.utils.validators.abaroutevalidator.Test_AbaRouteValidator_17a" time="0"/>
  <testcase name="testAbaNumberCheck_36402_bad" classname="com.cardatechnologies.utils.validators.abaroutevalidator.Test_AbaRouteValidator_17a" time="0"/>
  <testcase name="testAbaNumberCheck_37216_bad" classname="com.cardatechnologies.utils.validators.abaroutevalidator.Test_AbaRouteValidator_17a" time="0"/>
  <testcase name="testAbaNumberCheck_36935_good" classname="com.cardatechnologies.utils.validators.abaroutevalidator.Test_AbaRouteValidator_17a" time="0"/>
  <testcase name="testAbaNumberCheck_36404_bad" classname="com.cardatechnologies.utils.validators.abaroutevalidator.Test_AbaRouteValidator_17a" time="0"/>
  <testcase name="testAbaNumberCheck_37218_bad" classname="com.cardatechnologies.utils.validators.abaroutevalidator.Test_AbaRouteValidator_17a" time="0.001"/>
  <testcase name="testAbaNumberCheck_35140_bad" classname="com.cardatechnologies.utils.validators.abaroutevalidator.Test_AbaRouteValidator_17a" time="0"/>
  <testcase name="testAbaNumberCheck_36406_bad" classname="com.cardatechnologies.utils.validators.abaroutevalidator.Test_AbaRouteValidator_17a" time="0"/>
  <testcase name="testAbaNumberCheck_35142_bad" classname="com.cardatechnologies.utils.validators.abaroutevalidator.Test_AbaRouteValidator_17a" time="0"/>
  <testcase name="testAbaNumberCheck_36809_good" classname="com.cardatechnologies.utils.validators.abaroutevalidator.Test_AbaRouteValidator_17a" time="0"/>
  <testcase name="testAbaNumberCheck_36408_bad" classname="com.cardatechnologies.utils.validators.abaroutevalidator.Test_AbaRouteValidator_17a" time="0"/>
  <testcase name="testAbaNumberCheck_35175_good" classname="com.cardatechnologies.utils.validators.abaroutevalidator.Test_AbaRouteValidator_17a" time="0"/>
  <testcase name="testAbaNumberCheck_35144_bad" classname="com.cardatechnologies.utils.validators.abaroutevalidator.Test_AbaRouteValidator_17a" time="0"/>
  <testcase name="testAbaNumberCheck_36773_good" classname="com.cardatechnologies.utils.validators.abaroutevalidator.Test_AbaRouteValidator_17a" time="0"/>
  <testcase name="testAbaNumberCheck_35146_bad" classname="com.cardatechnologies.utils.validators.abaroutevalidator.Test_AbaRouteValidator_17a" time="0"/>
  <testcase name="testAbaNumberCheck_35833_good" classname="com.cardatechnologies.utils.validators.abaroutevalidator.Test_AbaRouteValidator_17a" time="0"/>
  <testcase name="testAbaNumberCheck_35148_bad" classname="com.cardatechnologies.utils.validators.abaroutevalidator.Test_AbaRouteValidator_17a" time="0"/>
  <testcase name="testAbaNumberCheck_36647_good" classname="com.cardatechnologies.utils.validators.abaroutevalidator.Test_AbaRouteValidator_17a" time="0"/>
  <testcase name="testAbaNumberCheck_35707_good" classname="com.cardatechnologies.utils.validators.abaroutevalidator.Test_AbaRouteValidator_17a" time="0"/>
  <testcase name="testAbaNumberCheck_35671_good" classname="com.cardatechnologies.utils.validators.abaroutevalidator.Test_AbaRouteValidator_17a" time="0"/>
  <testcase name="testAbaNumberCheck_36485_good" classname="com.cardatechnologies.utils.validators.abaroutevalidator.Test_AbaRouteValidator_17a" time="0"/>
  <testcase name="testAbaNumberCheck_35545_good" classname="com.cardatechnologies.utils.validators.abaroutevalidator.Test_AbaRouteValidator_17a" time="0"/>
  <testcase name="testAbaNumberCheck_37299_good" classname="com.cardatechnologies.utils.validators.abaroutevalidator.Test_AbaRouteValidator_17a" time="0"/>
  <testcase name="testAbaNumberCheck_37220_bad" classname="com.cardatechnologies.utils.validators.abaroutevalidator.Test_AbaRouteValidator_17a" time="0"/>
  <testcase name="testAbaNumberCheck_36359_good" classname="com.cardatechnologies.utils.validators.abaroutevalidator.Test_AbaRouteValidator_17a" time="0"/>
  <testcase name="testAbaNumberCheck_35419_good" classname="com.cardatechnologies.utils.validators.abaroutevalidator.Test_AbaRouteValidator_17a" time="0"/>
  <testcase name="testAbaNumberCheck_37222_bad" classname="com.cardatechnologies.utils.validators.abaroutevalidator.Test_AbaRouteValidator_17a" time="0"/>
  <testcase name="testAbaNumberCheck_35383_good" classname="com.cardatechnologies.utils.validators.abaroutevalidator.Test_AbaRouteValidator_17a" time="0"/>
  <testcase name="testAbaNumberCheck_36410_bad" classname="com.cardatechnologies.utils.validators.abaroutevalidator.Test_AbaRouteValidator_17a" time="0"/>
  <testcase name="testAbaNumberCheck_37224_bad" classname="com.cardatechnologies.utils.validators.abaroutevalidator.Test_AbaRouteValidator_17a" time="0"/>
  <testcase name="testAbaNumberCheck_36412_bad" classname="com.cardatechnologies.utils.validators.abaroutevalidator.Test_AbaRouteValidator_17a" time="0"/>
  <testcase name="testAbaNumberCheck_36981_good" classname="com.cardatechnologies.utils.validators.abaroutevalidator.Test_AbaRouteValidator_17a" time="0"/>
  <testcase name="testAbaNumberCheck_37226_bad" classname="com.cardatechnologies.utils.validators.abaroutevalidator.Test_AbaRouteValidator_17a" time="0"/>
  <testcase name="testAbaNumberCheck_35600_bad" classname="com.cardatechnologies.utils.validators.abaroutevalidator.Test_AbaRouteValidator_17a" time="0"/>
  <testcase name="testAbaNumberCheck_36197_good" classname="com.cardatechnologies.utils.validators.abaroutevalidator.Test_AbaRouteValidator_17a" time="0"/>
  <testcase name="testAbaNumberCheck_36414_bad" classname="com.cardatechnologies.utils.validators.abaroutevalidator.Test_AbaRouteValidator_17a" time="0"/>
  <testcase name="testAbaNumberCheck_37228_bad" classname="com.cardatechnologies.utils.validators.abaroutevalidator.Test_AbaRouteValidator_17a" time="0"/>
  <testcase name="testAbaNumberCheck_35257_good" classname="com.cardatechnologies.utils.validators.abaroutevalidator.Test_AbaRouteValidator_17a" time="0"/>
  <testcase name="testAbaNumberCheck_35150_bad" classname="com.cardatechnologies.utils.validators.abaroutevalidator.Test_AbaRouteValidator_17a" time="0"/>
  <testcase name="testAbaNumberCheck_35602_bad" classname="com.cardatechnologies.utils.validators.abaroutevalidator.Test_AbaRouteValidator_17a" time="0"/>
  <testcase name="testAbaNumberCheck_36416_bad" classname="com.cardatechnologies.utils.validators.abaroutevalidator.Test_AbaRouteValidator_17a" time="0"/>
  <testcase name="testAbaNumberCheck_35152_bad" classname="com.cardatechnologies.utils.validators.abaroutevalidator.Test_AbaRouteValidator_17a" time="0"/>
  <testcase name="testAbaNumberCheck_36855_good" classname="com.cardatechnologies.utils.validators.abaroutevalidator.Test_AbaRouteValidator_17a" time="0"/>
  <testcase name="testAbaNumberCheck_35915_good" classname="com.cardatechnologies.utils.validators.abaroutevalidator.Test_AbaRouteValidator_17a" time="0"/>
  <testcase name="testAbaNumberCheck_35604_bad" classname="com.cardatechnologies.utils.validators.abaroutevalidator.Test_AbaRouteValidator_17a" time="0"/>
  <testcase name="testAbaNumberCheck_36418_bad" classname="com.cardatechnologies.utils.validators.abaroutevalidator.Test_AbaRouteValidator_17a" time="0"/>
  <testcase name="testAbaNumberCheck_35154_bad" classname="com.cardatechnologies.utils.validators.abaroutevalidator.Test_AbaRouteValidator_17a" time="0"/>
  <testcase name="testAbaNumberCheck_35606_bad" classname="com.cardatechnologies.utils.validators.abaroutevalidator.Test_AbaRouteValidator_17a" time="0"/>
  <testcase name="testAbaNumberCheck_35156_bad" classname="com.cardatechnologies.utils.validators.abaroutevalidator.Test_AbaRouteValidator_17a" time="0"/>
  <testcase name="testAbaNumberCheck_36729_good" classname="com.cardatechnologies.utils.validators.abaroutevalidator.Test_AbaRouteValidator_17a" time="0"/>
  <testcase name="testAbaNumberCheck_35608_bad" classname="com.cardatechnologies.utils.validators.abaroutevalidator.Test_AbaRouteValidator_17a" time="0"/>
  <testcase name="testAbaNumberCheck_35095_good" classname="com.cardatechnologies.utils.validators.abaroutevalidator.Test_AbaRouteValidator_17a" time="0"/>
  <testcase name="testAbaNumberCheck_35158_bad" classname="com.cardatechnologies.utils.validators.abaroutevalidator.Test_AbaRouteValidator_17a" time="0"/>
  <testcase name="testAbaNumberCheck_36693_good" classname="com.cardatechnologies.utils.validators.abaroutevalidator.Test_AbaRouteValidator_17a" time="0.001"/>
  <testcase name="testAbaNumberCheck_35753_good" classname="com.cardatechnologies.utils.validators.abaroutevalidator.Test_AbaRouteValidator_17a" time="0"/>
  <testcase name="testAbaNumberCheck_36567_good" classname="com.cardatechnologies.utils.validators.abaroutevalidator.Test_AbaRouteValidator_17a" time="0"/>
  <testcase name="testAbaNumberCheck_35627_good" classname="com.cardatechnologies.utils.validators.abaroutevalidator.Test_AbaRouteValidator_17a" time="0"/>
  <testcase name="testAbaNumberCheck_35591_good" classname="com.cardatechnologies.utils.validators.abaroutevalidator.Test_AbaRouteValidator_17a" time="0"/>
  <testcase name="testAbaNumberCheck_35465_good" classname="com.cardatechnologies.utils.validators.abaroutevalidator.Test_AbaRouteValidator_17a" time="0"/>
  <testcase name="testAbaNumberCheck_37230_bad" classname="com.cardatechnologies.utils.validators.abaroutevalidator.Test_AbaRouteValidator_17a" time="0"/>
  <testcase name="testAbaNumberCheck_37232_bad" classname="com.cardatechnologies.utils.validators.abaroutevalidator.Test_AbaRouteValidator_17a" time="0"/>
  <testcase name="testAbaNumberCheck_36420_bad" classname="com.cardatechnologies.utils.validators.abaroutevalidator.Test_AbaRouteValidator_17a" time="0"/>
  <testcase name="testAbaNumberCheck_36279_good" classname="com.cardatechnologies.utils.validators.abaroutevalidator.Test_AbaRouteValidator_17a" time="0"/>
  <testcase name="testAbaNumberCheck_37234_bad" classname="com.cardatechnologies.utils.validators.abaroutevalidator.Test_AbaRouteValidator_17a" time="0"/>
  <testcase name="testAbaNumberCheck_35339_good" classname="com.cardatechnologies.utils.validators.abaroutevalidator.Test_AbaRouteValidator_17a" time="0"/>
  <testcase name="testAbaNumberCheck_36422_bad" classname="com.cardatechnologies.utils.validators.abaroutevalidator.Test_AbaRouteValidator_17a" time="0"/>
  <testcase name="testAbaNumberCheck_37236_bad" classname="com.cardatechnologies.utils.validators.abaroutevalidator.Test_AbaRouteValidator_17a" time="0"/>
  <testcase name="testAbaNumberCheck_36937_good" classname="com.cardatechnologies.utils.validators.abaroutevalidator.Test_AbaRouteValidator_17a" time="0"/>
  <testcase name="testAbaNumberCheck_35610_bad" classname="com.cardatechnologies.utils.validators.abaroutevalidator.Test_AbaRouteValidator_17a" time="0"/>
  <testcase name="testAbaNumberCheck_36424_bad" classname="com.cardatechnologies.utils.validators.abaroutevalidator.Test_AbaRouteValidator_17a" time="0"/>
  <testcase name="testAbaNumberCheck_37238_bad" classname="com.cardatechnologies.utils.validators.abaroutevalidator.Test_AbaRouteValidator_17a" time="0"/>
  <testcase name="testAbaNumberCheck_35160_bad" classname="com.cardatechnologies.utils.validators.abaroutevalidator.Test_AbaRouteValidator_17a" time="0"/>
  <testcase name="testAbaNumberCheck_35612_bad" classname="com.cardatechnologies.utils.validators.abaroutevalidator.Test_AbaRouteValidator_17a" time="0"/>
  <testcase name="testAbaNumberCheck_36426_bad" classname="com.cardatechnologies.utils.validators.abaroutevalidator.Test_AbaRouteValidator_17a" time="0"/>
  <testcase name="testAbaNumberCheck_35961_good" classname="com.cardatechnologies.utils.validators.abaroutevalidator.Test_AbaRouteValidator_17a" time="0"/>
  <testcase name="testAbaNumberCheck_35162_bad" classname="com.cardatechnologies.utils.validators.abaroutevalidator.Test_AbaRouteValidator_17a" time="0"/>
  <testcase name="testAbaNumberCheck_35614_bad" classname="com.cardatechnologies.utils.validators.abaroutevalidator.Test_AbaRouteValidator_17a" time="0"/>
  <testcase name="testAbaNumberCheck_36428_bad" classname="com.cardatechnologies.utils.validators.abaroutevalidator.Test_AbaRouteValidator_17a" time="0.001"/>
  <testcase name="testAbaNumberCheck_35177_good" classname="com.cardatechnologies.utils.validators.abaroutevalidator.Test_AbaRouteValidator_17a" time="0"/>
  <testcase name="testAbaNumberCheck_35164_bad" classname="com.cardatechnologies.utils.validators.abaroutevalidator.Test_AbaRouteValidator_17a" time="0"/>
  <testcase name="testAbaNumberCheck_35616_bad" classname="com.cardatechnologies.utils.validators.abaroutevalidator.Test_AbaRouteValidator_17a" time="0"/>
  <testcase name="testAbaNumberCheck_36775_good" classname="com.cardatechnologies.utils.validators.abaroutevalidator.Test_AbaRouteValidator_17a" time="0"/>
  <testcase name="testAbaNumberCheck_35166_bad" classname="com.cardatechnologies.utils.validators.abaroutevalidator.Test_AbaRouteValidator_17a" time="0"/>
  <testcase name="testAbaNumberCheck_35835_good" classname="com.cardatechnologies.utils.validators.abaroutevalidator.Test_AbaRouteValidator_17a" time="0"/>
  <testcase name="testAbaNumberCheck_35618_bad" classname="com.cardatechnologies.utils.validators.abaroutevalidator.Test_AbaRouteValidator_17a" time="0"/>
  <testcase name="testAbaNumberCheck_35168_bad" classname="com.cardatechnologies.utils.validators.abaroutevalidator.Test_AbaRouteValidator_17a" time="0"/>
  <testcase name="testAbaNumberCheck_36649_good" classname="com.cardatechnologies.utils.validators.abaroutevalidator.Test_AbaRouteValidator_17a" time="0"/>
  <testcase name="testAbaNumberCheck_35709_good" classname="com.cardatechnologies.utils.validators.abaroutevalidator.Test_AbaRouteValidator_17a" time="0"/>
  <testcase name="testAbaNumberCheck_35673_good" classname="com.cardatechnologies.utils.validators.abaroutevalidator.Test_AbaRouteValidator_17a" time="0"/>
  <testcase name="testAbaNumberCheck_36487_good" classname="com.cardatechnologies.utils.validators.abaroutevalidator.Test_AbaRouteValidator_17a" time="0"/>
  <testcase name="testAbaNumberCheck_35547_good" classname="com.cardatechnologies.utils.validators.abaroutevalidator.Test_AbaRouteValidator_17a" time="0"/>
  <testcase name="testAbaNumberCheck_37240_bad" classname="com.cardatechnologies.utils.validators.abaroutevalidator.Test_AbaRouteValidator_17a" time="0"/>
  <testcase name="testAbaNumberCheck_37242_bad" classname="com.cardatechnologies.utils.validators.abaroutevalidator.Test_AbaRouteValidator_17a" time="0"/>
  <testcase name="testAbaNumberCheck_35385_good" classname="com.cardatechnologies.utils.validators.abaroutevalidator.Test_AbaRouteValidator_17a" time="0"/>
  <testcase name="testAbaNumberCheck_36430_bad" classname="com.cardatechnologies.utils.validators.abaroutevalidator.Test_AbaRouteValidator_17a" time="0"/>
  <testcase name="testAbaNumberCheck_37244_bad" classname="com.cardatechnologies.utils.validators.abaroutevalidator.Test_AbaRouteValidator_17a" time="0"/>
  <testcase name="testAbaNumberCheck_36432_bad" classname="com.cardatechnologies.utils.validators.abaroutevalidator.Test_AbaRouteValidator_17a" time="0"/>
  <testcase name="testAbaNumberCheck_36983_good" classname="com.cardatechnologies.utils.validators.abaroutevalidator.Test_AbaRouteValidator_17a" time="0"/>
  <testcase name="testAbaNumberCheck_37246_bad" classname="com.cardatechnologies.utils.validators.abaroutevalidator.Test_AbaRouteValidator_17a" time="0"/>
  <testcase name="testAbaNumberCheck_35620_bad" classname="com.cardatechnologies.utils.validators.abaroutevalidator.Test_AbaRouteValidator_17a" time="0"/>
  <testcase name="testAbaNumberCheck_36199_good" classname="com.cardatechnologies.utils.validators.abaroutevalidator.Test_AbaRouteValidator_17a" time="0"/>
  <testcase name="testAbaNumberCheck_36434_bad" classname="com.cardatechnologies.utils.validators.abaroutevalidator.Test_AbaRouteValidator_17a" time="0"/>
  <testcase name="testAbaNumberCheck_37248_bad" classname="com.cardatechnologies.utils.validators.abaroutevalidator.Test_AbaRouteValidator_17a" time="0"/>
  <testcase name="testAbaNumberCheck_35259_good" classname="com.cardatechnologies.utils.validators.abaroutevalidator.Test_AbaRouteValidator_17a" time="0.001"/>
  <testcase name="testAbaNumberCheck_35170_bad" classname="com.cardatechnologies.utils.validators.abaroutevalidator.Test_AbaRouteValidator_17a" time="0"/>
  <testcase name="testAbaNumberCheck_35622_bad" classname="com.cardatechnologies.utils.validators.abaroutevalidator.Test_AbaRouteValidator_17a" time="0"/>
  <testcase name="testAbaNumberCheck_36436_bad" classname="com.cardatechnologies.utils.validators.abaroutevalidator.Test_AbaRouteValidator_17a" time="0"/>
  <testcase name="testAbaNumberCheck_35172_bad" classname="com.cardatechnologies.utils.validators.abaroutevalidator.Test_AbaRouteValidator_17a" time="0"/>
  <testcase name="testAbaNumberCheck_36857_good" classname="com.cardatechnologies.utils.validators.abaroutevalidator.Test_AbaRouteValidator_17a" time="0"/>
  <testcase name="testAbaNumberCheck_35917_good" classname="com.cardatechnologies.utils.validators.abaroutevalidator.Test_AbaRouteValidator_17a" time="0"/>
  <testcase name="testAbaNumberCheck_35624_bad" classname="com.cardatechnologies.utils.validators.abaroutevalidator.Test_AbaRouteValidator_17a" time="0"/>
  <testcase name="testAbaNumberCheck_36438_bad" classname="com.cardatechnologies.utils.validators.abaroutevalidator.Test_AbaRouteValidator_17a" time="0"/>
  <testcase name="testAbaNumberCheck_35174_bad" classname="com.cardatechnologies.utils.validators.abaroutevalidator.Test_AbaRouteValidator_17a" time="0"/>
  <testcase name="testAbaNumberCheck_35626_bad" classname="com.cardatechnologies.utils.validators.abaroutevalidator.Test_AbaRouteValidator_17a" time="0"/>
  <testcase name="testAbaNumberCheck_35881_good" classname="com.cardatechnologies.utils.validators.abaroutevalidator.Test_AbaRouteValidator_17a" time="0"/>
  <testcase name="testAbaNumberCheck_35176_bad" classname="com.cardatechnologies.utils.validators.abaroutevalidator.Test_AbaRouteValidator_17a" time="0"/>
  <testcase name="testAbaNumberCheck_35628_bad" classname="com.cardatechnologies.utils.validators.abaroutevalidator.Test_AbaRouteValidator_17a" time="0"/>
  <testcase name="testAbaNumberCheck_35097_good" classname="com.cardatechnologies.utils.validators.abaroutevalidator.Test_AbaRouteValidator_17a" time="0"/>
  <testcase name="testAbaNumberCheck_35178_bad" classname="com.cardatechnologies.utils.validators.abaroutevalidator.Test_AbaRouteValidator_17a" time="0"/>
  <testcase name="testAbaNumberCheck_36695_good" classname="com.cardatechnologies.utils.validators.abaroutevalidator.Test_AbaRouteValidator_17a" time="0"/>
  <testcase name="testAbaNumberCheck_35755_good" classname="com.cardatechnologies.utils.validators.abaroutevalidator.Test_AbaRouteValidator_17a" time="0"/>
  <testcase name="testAbaNumberCheck_36569_good" classname="com.cardatechnologies.utils.validators.abaroutevalidator.Test_AbaRouteValidator_17a" time="0"/>
  <testcase name="testAbaNumberCheck_35629_good" classname="com.cardatechnologies.utils.validators.abaroutevalidator.Test_AbaRouteValidator_17a" time="0"/>
  <testcase name="testAbaNumberCheck_35593_good" classname="com.cardatechnologies.utils.validators.abaroutevalidator.Test_AbaRouteValidator_17a" time="0"/>
  <testcase name="testAbaNumberCheck_35467_good" classname="com.cardatechnologies.utils.validators.abaroutevalidator.Test_AbaRouteValidator_17a" time="0"/>
  <testcase name="testAbaNumberCheck_37250_bad" classname="com.cardatechnologies.utils.validators.abaroutevalidator.Test_AbaRouteValidator_17a" time="0"/>
  <testcase name="testAbaNumberCheck_37252_bad" classname="com.cardatechnologies.utils.validators.abaroutevalidator.Test_AbaRouteValidator_17a" time="0"/>
  <testcase name="testAbaNumberCheck_36440_bad" classname="com.cardatechnologies.utils.validators.abaroutevalidator.Test_AbaRouteValidator_17a" time="0"/>
  <testcase name="testAbaNumberCheck_37254_bad" classname="com.cardatechnologies.utils.validators.abaroutevalidator.Test_AbaRouteValidator_17a" time="0"/>
  <testcase name="testAbaNumberCheck_36442_bad" classname="com.cardatechnologies.utils.validators.abaroutevalidator.Test_AbaRouteValidator_17a" time="0"/>
  <testcase name="testAbaNumberCheck_37256_bad" classname="com.cardatechnologies.utils.validators.abaroutevalidator.Test_AbaRouteValidator_17a" time="0.001"/>
  <testcase name="testAbaNumberCheck_36939_good" classname="com.cardatechnologies.utils.validators.abaroutevalidator.Test_AbaRouteValidator_17a" time="0"/>
  <testcase name="testAbaNumberCheck_35630_bad" classname="com.cardatechnologies.utils.validators.abaroutevalidator.Test_AbaRouteValidator_17a" time="0"/>
  <testcase name="testAbaNumberCheck_36444_bad" classname="com.cardatechnologies.utils.validators.abaroutevalidator.Test_AbaRouteValidator_17a" time="0"/>
  <testcase name="testAbaNumberCheck_37258_bad" classname="com.cardatechnologies.utils.validators.abaroutevalidator.Test_AbaRouteValidator_17a" time="0"/>
  <testcase name="testAbaNumberCheck_35180_bad" classname="com.cardatechnologies.utils.validators.abaroutevalidator.Test_AbaRouteValidator_17a" time="0"/>
  <testcase name="testAbaNumberCheck_35632_bad" classname="com.cardatechnologies.utils.validators.abaroutevalidator.Test_AbaRouteValidator_17a" time="0"/>
  <testcase name="testAbaNumberCheck_36446_bad" classname="com.cardatechnologies.utils.validators.abaroutevalidator.Test_AbaRouteValidator_17a" time="0"/>
  <testcase name="testAbaNumberCheck_35963_good" classname="com.cardatechnologies.utils.validators.abaroutevalidator.Test_AbaRouteValidator_17a" time="0"/>
  <testcase name="testAbaNumberCheck_35182_bad" classname="com.cardatechnologies.utils.validators.abaroutevalidator.Test_AbaRouteValidator_17a" time="0"/>
  <testcase name="testAbaNumberCheck_35634_bad" classname="com.cardatechnologies.utils.validators.abaroutevalidator.Test_AbaRouteValidator_17a" time="0"/>
  <testcase name="testAbaNumberCheck_36448_bad" classname="com.cardatechnologies.utils.validators.abaroutevalidator.Test_AbaRouteValidator_17a" time="0"/>
  <testcase name="testAbaNumberCheck_35179_good" classname="com.cardatechnologies.utils.validators.abaroutevalidator.Test_AbaRouteValidator_17a" time="0"/>
  <testcase name="testAbaNumberCheck_35184_bad" classname="com.cardatechnologies.utils.validators.abaroutevalidator.Test_AbaRouteValidator_17a" time="0"/>
  <testcase name="testAbaNumberCheck_35636_bad" classname="com.cardatechnologies.utils.validators.abaroutevalidator.Test_AbaRouteValidator_17a" time="0"/>
  <testcase name="testAbaNumberCheck_36777_good" classname="com.cardatechnologies.utils.validators.abaroutevalidator.Test_AbaRouteValidator_17a" time="0"/>
  <testcase name="testAbaNumberCheck_35186_bad" classname="com.cardatechnologies.utils.validators.abaroutevalidator.Test_AbaRouteValidator_17a" time="0"/>
  <testcase name="testAbaNumberCheck_35837_good" classname="com.cardatechnologies.utils.validators.abaroutevalidator.Test_AbaRouteValidator_17a" time="0"/>
  <testcase name="testAbaNumberCheck_35638_bad" classname="com.cardatechnologies.utils.validators.abaroutevalidator.Test_AbaRouteValidator_17a" time="0"/>
  <testcase name="testAbaNumberCheck_35188_bad" classname="com.cardatechnologies.utils.validators.abaroutevalidator.Test_AbaRouteValidator_17a" time="0"/>
  <testcase name="testAbaNumberCheck_35675_good" classname="com.cardatechnologies.utils.validators.abaroutevalidator.Test_AbaRouteValidator_17a" time="0"/>
  <testcase name="testAbaNumberCheck_36489_good" classname="com.cardatechnologies.utils.validators.abaroutevalidator.Test_AbaRouteValidator_17a" time="0"/>
  <testcase name="testAbaNumberCheck_35549_good" classname="com.cardatechnologies.utils.validators.abaroutevalidator.Test_AbaRouteValidator_17a" time="0"/>
  <testcase name="testAbaNumberCheck_37260_bad" classname="com.cardatechnologies.utils.validators.abaroutevalidator.Test_AbaRouteValidator_17a" time="0"/>
  <testcase name="testAbaNumberCheck_37262_bad" classname="com.cardatechnologies.utils.validators.abaroutevalidator.Test_AbaRouteValidator_17a" time="0"/>
  <testcase name="testAbaNumberCheck_36900_bad" classname="com.cardatechnologies.utils.validators.abaroutevalidator.Test_AbaRouteValidator_17a" time="0"/>
  <testcase name="testAbaNumberCheck_35387_good" classname="com.cardatechnologies.utils.validators.abaroutevalidator.Test_AbaRouteValidator_17a" time="0.001"/>
  <testcase name="testAbaNumberCheck_36450_bad" classname="com.cardatechnologies.utils.validators.abaroutevalidator.Test_AbaRouteValidator_17a" time="0"/>
  <testcase name="testAbaNumberCheck_37264_bad" classname="com.cardatechnologies.utils.validators.abaroutevalidator.Test_AbaRouteValidator_17a" time="0"/>
  <testcase name="testAbaNumberCheck_36902_bad" classname="com.cardatechnologies.utils.validators.abaroutevalidator.Test_AbaRouteValidator_17a" time="0"/>
  <testcase name="testAbaNumberCheck_36452_bad" classname="com.cardatechnologies.utils.validators.abaroutevalidator.Test_AbaRouteValidator_17a" time="0"/>
  <testcase name="testAbaNumberCheck_36985_good" classname="com.cardatechnologies.utils.validators.abaroutevalidator.Test_AbaRouteValidator_17a" time="0"/>
  <testcase name="testAbaNumberCheck_37266_bad" classname="com.cardatechnologies.utils.validators.abaroutevalidator.Test_AbaRouteValidator_17a" time="0"/>
  <testcase name="testAbaNumberCheck_36904_bad" classname="com.cardatechnologies.utils.validators.abaroutevalidator.Test_AbaRouteValidator_17a" time="0"/>
  <testcase name="testAbaNumberCheck_35640_bad" classname="com.cardatechnologies.utils.validators.abaroutevalidator.Test_AbaRouteValidator_17a" time="0"/>
  <testcase name="testAbaNumberCheck_36454_bad" classname="com.cardatechnologies.utils.validators.abaroutevalidator.Test_AbaRouteValidator_17a" time="0"/>
  <testcase name="testAbaNumberCheck_37268_bad" classname="com.cardatechnologies.utils.validators.abaroutevalidator.Test_AbaRouteValidator_17a" time="0"/>
  <testcase name="testAbaNumberCheck_35190_bad" classname="com.cardatechnologies.utils.validators.abaroutevalidator.Test_AbaRouteValidator_17a" time="0"/>
  <testcase name="testAbaNumberCheck_36906_bad" classname="com.cardatechnologies.utils.validators.abaroutevalidator.Test_AbaRouteValidator_17a" time="0"/>
  <testcase name="testAbaNumberCheck_35642_bad" classname="com.cardatechnologies.utils.validators.abaroutevalidator.Test_AbaRouteValidator_17a" time="0"/>
  <testcase name="testAbaNumberCheck_36456_bad" classname="com.cardatechnologies.utils.validators.abaroutevalidator.Test_AbaRouteValidator_17a" time="0"/>
  <testcase name="testAbaNumberCheck_35192_bad" classname="com.cardatechnologies.utils.validators.abaroutevalidator.Test_AbaRouteValidator_17a" time="0"/>
  <testcase name="testAbaNumberCheck_36859_good" classname="com.cardatechnologies.utils.validators.abaroutevalidator.Test_AbaRouteValidator_17a" time="0"/>
  <testcase name="testAbaNumberCheck_35919_good" classname="com.cardatechnologies.utils.validators.abaroutevalidator.Test_AbaRouteValidator_17a" time="0"/>
  <testcase name="testAbaNumberCheck_36908_bad" classname="com.cardatechnologies.utils.validators.abaroutevalidator.Test_AbaRouteValidator_17a" time="0"/>
  <testcase name="testAbaNumberCheck_35644_bad" classname="com.cardatechnologies.utils.validators.abaroutevalidator.Test_AbaRouteValidator_17a" time="0"/>
  <testcase name="testAbaNumberCheck_36458_bad" classname="com.cardatechnologies.utils.validators.abaroutevalidator.Test_AbaRouteValidator_17a" time="0"/>
  <testcase name="testAbaNumberCheck_35194_bad" classname="com.cardatechnologies.utils.validators.abaroutevalidator.Test_AbaRouteValidator_17a" time="0"/>
  <testcase name="testAbaNumberCheck_35646_bad" classname="com.cardatechnologies.utils.validators.abaroutevalidator.Test_AbaRouteValidator_17a" time="0"/>
  <testcase name="testAbaNumberCheck_35883_good" classname="com.cardatechnologies.utils.validators.abaroutevalidator.Test_AbaRouteValidator_17a" time="0"/>
  <testcase name="testAbaNumberCheck_35196_bad" classname="com.cardatechnologies.utils.validators.abaroutevalidator.Test_AbaRouteValidator_17a" time="0.001"/>
  <testcase name="testAbaNumberCheck_35648_bad" classname="com.cardatechnologies.utils.validators.abaroutevalidator.Test_AbaRouteValidator_17a" time="0"/>
  <testcase name="testAbaNumberCheck_35099_good" classname="com.cardatechnologies.utils.validators.abaroutevalidator.Test_AbaRouteValidator_17a" time="0"/>
  <testcase name="testAbaNumberCheck_35198_bad" classname="com.cardatechnologies.utils.validators.abaroutevalidator.Test_AbaRouteValidator_17a" time="0"/>
  <testcase name="testAbaNumberCheck_36697_good" classname="com.cardatechnologies.utils.validators.abaroutevalidator.Test_AbaRouteValidator_17a" time="0"/>
  <testcase name="testAbaNumberCheck_35757_good" classname="com.cardatechnologies.utils.validators.abaroutevalidator.Test_AbaRouteValidator_17a" time="0"/>
  <testcase name="testAbaNumberCheck_35595_good" classname="com.cardatechnologies.utils.validators.abaroutevalidator.Test_AbaRouteValidator_17a" time="0"/>
  <testcase name="testAbaNumberCheck_35469_good" classname="com.cardatechnologies.utils.validators.abaroutevalidator.Test_AbaRouteValidator_17a" time="0"/>
  <testcase name="testAbaNumberCheck_37270_bad" classname="com.cardatechnologies.utils.validators.abaroutevalidator.Test_AbaRouteValidator_17a" time="0"/>
  <testcase name="testAbaNumberCheck_37272_bad" classname="com.cardatechnologies.utils.validators.abaroutevalidator.Test_AbaRouteValidator_17a" time="0"/>
  <testcase name="testAbaNumberCheck_36910_bad" classname="com.cardatechnologies.utils.validators.abaroutevalidator.Test_AbaRouteValidator_17a" time="0"/>
  <testcase name="testAbaNumberCheck_36460_bad" classname="com.cardatechnologies.utils.validators.abaroutevalidator.Test_AbaRouteValidator_17a" time="0"/>
  <testcase name="testAbaNumberCheck_37274_bad" classname="com.cardatechnologies.utils.validators.abaroutevalidator.Test_AbaRouteValidator_17a" time="0"/>
  <testcase name="testAbaNumberCheck_36912_bad" classname="com.cardatechnologies.utils.validators.abaroutevalidator.Test_AbaRouteValidator_17a" time="0"/>
  <testcase name="testAbaNumberCheck_36462_bad" classname="com.cardatechnologies.utils.validators.abaroutevalidator.Test_AbaRouteValidator_17a" time="0"/>
  <testcase name="testAbaNumberCheck_37276_bad" classname="com.cardatechnologies.utils.validators.abaroutevalidator.Test_AbaRouteValidator_17a" time="0"/>
  <testcase name="testAbaNumberCheck_36914_bad" classname="com.cardatechnologies.utils.validators.abaroutevalidator.Test_AbaRouteValidator_17a" time="0"/>
  <testcase name="testAbaNumberCheck_35650_bad" classname="com.cardatechnologies.utils.validators.abaroutevalidator.Test_AbaRouteValidator_17a" time="0"/>
  <testcase name="testAbaNumberCheck_36464_bad" classname="com.cardatechnologies.utils.validators.abaroutevalidator.Test_AbaRouteValidator_17a" time="0"/>
  <testcase name="testAbaNumberCheck_37278_bad" classname="com.cardatechnologies.utils.validators.abaroutevalidator.Test_AbaRouteValidator_17a" time="0"/>
  <testcase name="testAbaNumberCheck_36916_bad" classname="com.cardatechnologies.utils.validators.abaroutevalidator.Test_AbaRouteValidator_17a" time="0"/>
  <testcase name="testAbaNumberCheck_35652_bad" classname="com.cardatechnologies.utils.validators.abaroutevalidator.Test_AbaRouteValidator_17a" time="0"/>
  <testcase name="testAbaNumberCheck_36466_bad" classname="com.cardatechnologies.utils.validators.abaroutevalidator.Test_AbaRouteValidator_17a" time="0"/>
  <testcase name="testAbaNumberCheck_35965_good" classname="com.cardatechnologies.utils.validators.abaroutevalidator.Test_AbaRouteValidator_17a" time="0"/>
  <testcase name="testAbaNumberCheck_36918_bad" classname="com.cardatechnologies.utils.validators.abaroutevalidator.Test_AbaRouteValidator_17a" time="0.001"/>
  <testcase name="testAbaNumberCheck_35654_bad" classname="com.cardatechnologies.utils.validators.abaroutevalidator.Test_AbaRouteValidator_17a" time="0"/>
  <testcase name="testAbaNumberCheck_36468_bad" classname="com.cardatechnologies.utils.validators.abaroutevalidator.Test_AbaRouteValidator_17a" time="0"/>
  <testcase name="testAbaNumberCheck_35656_bad" classname="com.cardatechnologies.utils.validators.abaroutevalidator.Test_AbaRouteValidator_17a" time="0"/>
  <testcase name="testAbaNumberCheck_36779_good" classname="com.cardatechnologies.utils.validators.abaroutevalidator.Test_AbaRouteValidator_17a" time="0"/>
  <testcase name="testAbaNumberCheck_35839_good" classname="com.cardatechnologies.utils.validators.abaroutevalidator.Test_AbaRouteValidator_17a" time="0"/>
  <testcase name="testAbaNumberCheck_35658_bad" classname="com.cardatechnologies.utils.validators.abaroutevalidator.Test_AbaRouteValidator_17a" time="0"/>
  <testcase name="testAbaNumberCheck_35677_good" classname="com.cardatechnologies.utils.validators.abaroutevalidator.Test_AbaRouteValidator_17a" time="0"/>
  <testcase name="testAbaNumberCheck_37280_bad" classname="com.cardatechnologies.utils.validators.abaroutevalidator.Test_AbaRouteValidator_17a" time="0"/>
  <testcase name="testAbaNumberCheck_37282_bad" classname="com.cardatechnologies.utils.validators.abaroutevalidator.Test_AbaRouteValidator_17a" time="0"/>
  <testcase name="testAbaNumberCheck_36920_bad" classname="com.cardatechnologies.utils.validators.abaroutevalidator.Test_AbaRouteValidator_17a" time="0"/>
  <testcase name="testAbaNumberCheck_35389_good" classname="com.cardatechnologies.utils.validators.abaroutevalidator.Test_AbaRouteValidator_17a" time="0"/>
  <testcase name="testAbaNumberCheck_36470_bad" classname="com.cardatechnologies.utils.validators.abaroutevalidator.Test_AbaRouteValidator_17a" time="0"/>
  <testcase name="testAbaNumberCheck_37284_bad" classname="com.cardatechnologies.utils.validators.abaroutevalidator.Test_AbaRouteValidator_17a" time="0"/>
  <testcase name="testAbaNumberCheck_36922_bad" classname="com.cardatechnologies.utils.validators.abaroutevalidator.Test_AbaRouteValidator_17a" time="0"/>
  <testcase name="testAbaNumberCheck_36472_bad" classname="com.cardatechnologies.utils.validators.abaroutevalidator.Test_AbaRouteValidator_17a" time="0"/>
  <testcase name="testAbaNumberCheck_36987_good" classname="com.cardatechnologies.utils.validators.abaroutevalidator.Test_AbaRouteValidator_17a" time="0"/>
  <testcase name="testAbaNumberCheck_37286_bad" classname="com.cardatechnologies.utils.validators.abaroutevalidator.Test_AbaRouteValidator_17a" time="0"/>
  <testcase name="testAbaNumberCheck_36924_bad" classname="com.cardatechnologies.utils.validators.abaroutevalidator.Test_AbaRouteValidator_17a" time="0"/>
  <testcase name="testAbaNumberCheck_35660_bad" classname="com.cardatechnologies.utils.validators.abaroutevalidator.Test_AbaRouteValidator_17a" time="0"/>
  <testcase name="testAbaNumberCheck_36474_bad" classname="com.cardatechnologies.utils.validators.abaroutevalidator.Test_AbaRouteValidator_17a" time="0"/>
  <testcase name="testAbaNumberCheck_37288_bad" classname="com.cardatechnologies.utils.validators.abaroutevalidator.Test_AbaRouteValidator_17a" time="0.001"/>
  <testcase name="testAbaNumberCheck_36926_bad" classname="com.cardatechnologies.utils.validators.abaroutevalidator.Test_AbaRouteValidator_17a" time="0"/>
  <testcase name="testAbaNumberCheck_35662_bad" classname="com.cardatechnologies.utils.validators.abaroutevalidator.Test_AbaRouteValidator_17a" time="0"/>
  <testcase name="testAbaNumberCheck_36476_bad" classname="com.cardatechnologies.utils.validators.abaroutevalidator.Test_AbaRouteValidator_17a" time="0"/>
  <testcase name="testAbaNumberCheck_36928_bad" classname="com.cardatechnologies.utils.validators.abaroutevalidator.Test_AbaRouteValidator_17a" time="0"/>
  <testcase name="testAbaNumberCheck_35664_bad" classname="com.cardatechnologies.utils.validators.abaroutevalidator.Test_AbaRouteValidator_17a" time="0"/>
  <testcase name="testAbaNumberCheck_36478_bad" classname="com.cardatechnologies.utils.validators.abaroutevalidator.Test_AbaRouteValidator_17a" time="0"/>
  <testcase name="testAbaNumberCheck_35666_bad" classname="com.cardatechnologies.utils.validators.abaroutevalidator.Test_AbaRouteValidator_17a" time="0"/>
  <testcase name="testAbaNumberCheck_35885_good" classname="com.cardatechnologies.utils.validators.abaroutevalidator.Test_AbaRouteValidator_17a" time="0"/>
  <testcase name="testAbaNumberCheck_35668_bad" classname="com.cardatechnologies.utils.validators.abaroutevalidator.Test_AbaRouteValidator_17a" time="0"/>
  <testcase name="testAbaNumberCheck_36699_good" classname="com.cardatechnologies.utils.validators.abaroutevalidator.Test_AbaRouteValidator_17a" time="0"/>
  <testcase name="testAbaNumberCheck_35759_good" classname="com.cardatechnologies.utils.validators.abaroutevalidator.Test_AbaRouteValidator_17a" time="0"/>
  <testcase name="testAbaNumberCheck_35597_good" classname="com.cardatechnologies.utils.validators.abaroutevalidator.Test_AbaRouteValidator_17a" time="0"/>
  <testcase name="testAbaNumberCheck_37290_bad" classname="com.cardatechnologies.utils.validators.abaroutevalidator.Test_AbaRouteValidator_17a" time="0"/>
  <testcase name="testAbaNumberCheck_37292_bad" classname="com.cardatechnologies.utils.validators.abaroutevalidator.Test_AbaRouteValidator_17a" time="0"/>
  <testcase name="testAbaNumberCheck_36930_bad" classname="com.cardatechnologies.utils.validators.abaroutevalidator.Test_AbaRouteValidator_17a" time="0"/>
  <testcase name="testAbaNumberCheck_36480_bad" classname="com.cardatechnologies.utils.validators.abaroutevalidator.Test_AbaRouteValidator_17a" time="0"/>
  <testcase name="testAbaNumberCheck_37294_bad" classname="com.cardatechnologies.utils.validators.abaroutevalidator.Test_AbaRouteValidator_17a" time="0"/>
  <testcase name="testAbaNumberCheck_36932_bad" classname="com.cardatechnologies.utils.validators.abaroutevalidator.Test_AbaRouteValidator_17a" time="0"/>
  <testcase name="testAbaNumberCheck_36482_bad" classname="com.cardatechnologies.utils.validators.abaroutevalidator.Test_AbaRouteValidator_17a" time="0"/>
  <testcase name="testAbaNumberCheck_37296_bad" classname="com.cardatechnologies.utils.validators.abaroutevalidator.Test_AbaRouteValidator_17a" time="0"/>
  <testcase name="testAbaNumberCheck_36934_bad" classname="com.cardatechnologies.utils.validators.abaroutevalidator.Test_AbaRouteValidator_17a" time="0"/>
  <testcase name="testAbaNumberCheck_35670_bad" classname="com.cardatechnologies.utils.validators.abaroutevalidator.Test_AbaRouteValidator_17a" time="0"/>
  <testcase name="testAbaNumberCheck_36484_bad" classname="com.cardatechnologies.utils.validators.abaroutevalidator.Test_AbaRouteValidator_17a" time="0"/>
  <testcase name="testAbaNumberCheck_37298_bad" classname="com.cardatechnologies.utils.validators.abaroutevalidator.Test_AbaRouteValidator_17a" time="0"/>
  <testcase name="testAbaNumberCheck_36936_bad" classname="com.cardatechnologies.utils.validators.abaroutevalidator.Test_AbaRouteValidator_17a" time="0"/>
  <testcase name="testAbaNumberCheck_35672_bad" classname="com.cardatechnologies.utils.validators.abaroutevalidator.Test_AbaRouteValidator_17a" time="0.001"/>
  <testcase name="testAbaNumberCheck_36486_bad" classname="com.cardatechnologies.utils.validators.abaroutevalidator.Test_AbaRouteValidator_17a" time="0"/>
  <testcase name="testAbaNumberCheck_35967_good" classname="com.cardatechnologies.utils.validators.abaroutevalidator.Test_AbaRouteValidator_17a" time="0"/>
  <testcase name="testAbaNumberCheck_36938_bad" classname="com.cardatechnologies.utils.validators.abaroutevalidator.Test_AbaRouteValidator_17a" time="0"/>
  <testcase name="testAbaNumberCheck_35674_bad" classname="com.cardatechnologies.utils.validators.abaroutevalidator.Test_AbaRouteValidator_17a" time="0"/>
  <testcase name="testAbaNumberCheck_36488_bad" classname="com.cardatechnologies.utils.validators.abaroutevalidator.Test_AbaRouteValidator_17a" time="0"/>
  <testcase name="testAbaNumberCheck_35676_bad" classname="com.cardatechnologies.utils.validators.abaroutevalidator.Test_AbaRouteValidator_17a" time="0"/>
  <testcase name="testAbaNumberCheck_35678_bad" classname="com.cardatechnologies.utils.validators.abaroutevalidator.Test_AbaRouteValidator_17a" time="0"/>
  <testcase name="testAbaNumberCheck_35679_good" classname="com.cardatechnologies.utils.validators.abaroutevalidator.Test_AbaRouteValidator_17a" time="0"/>
  <testcase name="testAbaNumberCheck_36940_bad" classname="com.cardatechnologies.utils.validators.abaroutevalidator.Test_AbaRouteValidator_17a" time="0"/>
  <testcase name="testAbaNumberCheck_36490_bad" classname="com.cardatechnologies.utils.validators.abaroutevalidator.Test_AbaRouteValidator_17a" time="0"/>
  <testcase name="testAbaNumberCheck_36942_bad" classname="com.cardatechnologies.utils.validators.abaroutevalidator.Test_AbaRouteValidator_17a" time="0"/>
  <testcase name="testAbaNumberCheck_36492_bad" classname="com.cardatechnologies.utils.validators.abaroutevalidator.Test_AbaRouteValidator_17a" time="0"/>
  <testcase name="testAbaNumberCheck_36989_good" classname="com.cardatechnologies.utils.validators.abaroutevalidator.Test_AbaRouteValidator_17a" time="0"/>
  <testcase name="testAbaNumberCheck_36944_bad" classname="com.cardatechnologies.utils.validators.abaroutevalidator.Test_AbaRouteValidator_17a" time="0"/>
  <testcase name="testAbaNumberCheck_35680_bad" classname="com.cardatechnologies.utils.validators.abaroutevalidator.Test_AbaRouteValidator_17a" time="0"/>
  <testcase name="testAbaNumberCheck_36494_bad" classname="com.cardatechnologies.utils.validators.abaroutevalidator.Test_AbaRouteValidator_17a" time="0"/>
  <testcase name="testAbaNumberCheck_36946_bad" classname="com.cardatechnologies.utils.validators.abaroutevalidator.Test_AbaRouteValidator_17a" time="0"/>
  <testcase name="testAbaNumberCheck_35682_bad" classname="com.cardatechnologies.utils.validators.abaroutevalidator.Test_AbaRouteValidator_17a" time="0"/>
  <testcase name="testAbaNumberCheck_36496_bad" classname="com.cardatechnologies.utils.validators.abaroutevalidator.Test_AbaRouteValidator_17a" time="0"/>
  <testcase name="testAbaNumberCheck_36948_bad" classname="com.cardatechnologies.utils.validators.abaroutevalidator.Test_AbaRouteValidator_17a" time="0"/>
  <testcase name="testAbaNumberCheck_35684_bad" classname="com.cardatechnologies.utils.validators.abaroutevalidator.Test_AbaRouteValidator_17a" time="0"/>
  <testcase name="testAbaNumberCheck_36498_bad" classname="com.cardatechnologies.utils.validators.abaroutevalidator.Test_AbaRouteValidator_17a" time="0"/>
  <testcase name="testAbaNumberCheck_35686_bad" classname="com.cardatechnologies.utils.validators.abaroutevalidator.Test_AbaRouteValidator_17a" time="0"/>
  <testcase name="testAbaNumberCheck_35887_good" classname="com.cardatechnologies.utils.validators.abaroutevalidator.Test_AbaRouteValidator_17a" time="0"/>
  <testcase name="testAbaNumberCheck_35688_bad" classname="com.cardatechnologies.utils.validators.abaroutevalidator.Test_AbaRouteValidator_17a" time="0"/>
  <testcase name="testAbaNumberCheck_35599_good" classname="com.cardatechnologies.utils.validators.abaroutevalidator.Test_AbaRouteValidator_17a" time="0"/>
  <testcase name="testAbaNumberCheck_36950_bad" classname="com.cardatechnologies.utils.validators.abaroutevalidator.Test_AbaRouteValidator_17a" time="0"/>
  <testcase name="testAbaNumberCheck_36952_bad" classname="com.cardatechnologies.utils.validators.abaroutevalidator.Test_AbaRouteValidator_17a" time="0"/>
  <testcase name="testAbaNumberCheck_36954_bad" classname="com.cardatechnologies.utils.validators.abaroutevalidator.Test_AbaRouteValidator_17a" time="0"/>
  <testcase name="testAbaNumberCheck_35690_bad" classname="com.cardatechnologies.utils.validators.abaroutevalidator.Test_AbaRouteValidator_17a" time="0"/>
  <testcase name="testAbaNumberCheck_36956_bad" classname="com.cardatechnologies.utils.validators.abaroutevalidator.Test_AbaRouteValidator_17a" time="0"/>
  <testcase name="testAbaNumberCheck_35692_bad" classname="com.cardatechnologies.utils.validators.abaroutevalidator.Test_AbaRouteValidator_17a" time="0"/>
  <testcase name="testAbaNumberCheck_35969_good" classname="com.cardatechnologies.utils.validators.abaroutevalidator.Test_AbaRouteValidator_17a" time="0"/>
  <testcase name="testAbaNumberCheck_36958_bad" classname="com.cardatechnologies.utils.validators.abaroutevalidator.Test_AbaRouteValidator_17a" time="0"/>
  <testcase name="testAbaNumberCheck_35694_bad" classname="com.cardatechnologies.utils.validators.abaroutevalidator.Test_AbaRouteValidator_17a" time="0"/>
  <testcase name="testAbaNumberCheck_35696_bad" classname="com.cardatechnologies.utils.validators.abaroutevalidator.Test_AbaRouteValidator_17a" time="0"/>
  <testcase name="testAbaNumberCheck_35698_bad" classname="com.cardatechnologies.utils.validators.abaroutevalidator.Test_AbaRouteValidator_17a" time="0"/>
  <testcase name="testAbaNumberCheck_36960_bad" classname="com.cardatechnologies.utils.validators.abaroutevalidator.Test_AbaRouteValidator_17a" time="0"/>
  <testcase name="testAbaNumberCheck_36962_bad" classname="com.cardatechnologies.utils.validators.abaroutevalidator.Test_AbaRouteValidator_17a" time="0"/>
  <testcase name="testAbaNumberCheck_36964_bad" classname="com.cardatechnologies.utils.validators.abaroutevalidator.Test_AbaRouteValidator_17a" time="0"/>
  <testcase name="testAbaNumberCheck_36966_bad" classname="com.cardatechnologies.utils.validators.abaroutevalidator.Test_AbaRouteValidator_17a" time="0"/>
  <testcase name="testAbaNumberCheck_36968_bad" classname="com.cardatechnologies.utils.validators.abaroutevalidator.Test_AbaRouteValidator_17a" time="0"/>
  <testcase name="testAbaNumberCheck_35889_good" classname="com.cardatechnologies.utils.validators.abaroutevalidator.Test_AbaRouteValidator_17a" time="0"/>
  <testcase name="testAbaNumberCheck_36970_bad" classname="com.cardatechnologies.utils.validators.abaroutevalidator.Test_AbaRouteValidator_17a" time="0"/>
  <testcase name="testAbaNumberCheck_36972_bad" classname="com.cardatechnologies.utils.validators.abaroutevalidator.Test_AbaRouteValidator_17a" time="0"/>
  <testcase name="testAbaNumberCheck_36974_bad" classname="com.cardatechnologies.utils.validators.abaroutevalidator.Test_AbaRouteValidator_17a" time="0.001"/>
  <testcase name="testAbaNumberCheck_36976_bad" classname="com.cardatechnologies.utils.validators.abaroutevalidator.Test_AbaRouteValidator_17a" time="0"/>
  <testcase name="testAbaNumberCheck_36978_bad" classname="com.cardatechnologies.utils.validators.abaroutevalidator.Test_AbaRouteValidator_17a" time="0"/>
  <testcase name="testAbaNumberCheck_36980_bad" classname="com.cardatechnologies.utils.validators.abaroutevalidator.Test_AbaRouteValidator_17a" time="0"/>
  <testcase name="testAbaNumberCheck_36982_bad" classname="com.cardatechnologies.utils.validators.abaroutevalidator.Test_AbaRouteValidator_17a" time="0"/>
  <testcase name="testAbaNumberCheck_36984_bad" classname="com.cardatechnologies.utils.validators.abaroutevalidator.Test_AbaRouteValidator_17a" time="0"/>
  <testcase name="testAbaNumberCheck_36986_bad" classname="com.cardatechnologies.utils.validators.abaroutevalidator.Test_AbaRouteValidator_17a" time="0"/>
  <testcase name="testAbaNumberCheck_36988_bad" classname="com.cardatechnologies.utils.validators.abaroutevalidator.Test_AbaRouteValidator_17a" time="0"/>
  <testcase name="testAbaNumberCheck_37201_good" classname="com.cardatechnologies.utils.validators.abaroutevalidator.Test_AbaRouteValidator_17a" time="0"/>
  <testcase name="testAbaNumberCheck_36990_bad" classname="com.cardatechnologies.utils.validators.abaroutevalidator.Test_AbaRouteValidator_17a" time="0"/>
  <testcase name="testAbaNumberCheck_36992_bad" classname="com.cardatechnologies.utils.validators.abaroutevalidator.Test_AbaRouteValidator_17a" time="0"/>
  <testcase name="testAbaNumberCheck_36994_bad" classname="com.cardatechnologies.utils.validators.abaroutevalidator.Test_AbaRouteValidator_17a" time="0"/>
  <testcase name="testAbaNumberCheck_36996_bad" classname="com.cardatechnologies.utils.validators.abaroutevalidator.Test_AbaRouteValidator_17a" time="0"/>
  <testcase name="testAbaNumberCheck_36998_bad" classname="com.cardatechnologies.utils.validators.abaroutevalidator.Test_AbaRouteValidator_17a" time="0"/>
  <testcase name="testAbaNumberCheck_37121_good" classname="com.cardatechnologies.utils.validators.abaroutevalidator.Test_AbaRouteValidator_17a" time="0"/>
  <testcase name="testAbaNumberCheck_37203_good" classname="com.cardatechnologies.utils.validators.abaroutevalidator.Test_AbaRouteValidator_17a" time="0"/>
  <testcase name="testAbaNumberCheck_37041_good" classname="com.cardatechnologies.utils.validators.abaroutevalidator.Test_AbaRouteValidator_17a" time="0"/>
  <testcase name="testAbaNumberCheck_36101_good" classname="com.cardatechnologies.utils.validators.abaroutevalidator.Test_AbaRouteValidator_17a" time="0"/>
  <testcase name="testAbaNumberCheck_37411_good" classname="com.cardatechnologies.utils.validators.abaroutevalidator.Test_AbaRouteValidator_17a" time="0"/>
  <testcase name="testAbaNumberCheck_37123_good" classname="com.cardatechnologies.utils.validators.abaroutevalidator.Test_AbaRouteValidator_17a" time="0"/>
  <testcase name="testAbaNumberCheck_36021_good" classname="com.cardatechnologies.utils.validators.abaroutevalidator.Test_AbaRouteValidator_17a" time="0"/>
  <testcase name="testAbaNumberCheck_37331_good" classname="com.cardatechnologies.utils.validators.abaroutevalidator.Test_AbaRouteValidator_17a" time="0"/>
  <testcase name="testAbaNumberCheck_37205_good" classname="com.cardatechnologies.utils.validators.abaroutevalidator.Test_AbaRouteValidator_17a" time="0"/>
  <testcase name="testAbaNumberCheck_37043_good" classname="com.cardatechnologies.utils.validators.abaroutevalidator.Test_AbaRouteValidator_17a" time="0"/>
  <testcase name="testAbaNumberCheck_36103_good" classname="com.cardatechnologies.utils.validators.abaroutevalidator.Test_AbaRouteValidator_17a" time="0"/>
</testsuite>