<?xml version="1.0" encoding="UTF-8"?>
<testsuite xmlns:xsi="http://www.w3.org/2001/XMLSchema-instance" xsi:noNamespaceSchemaLocation="https://maven.apache.org/surefire/maven-surefire-plugin/xsd/surefire-test-report-3.0.xsd" version="3.0" name="com.cardatechnologies.utils.validators.abaroutevalidator.Test_AbaRouteValidator_13a" time="42.404" tests="2200" errors="0" skipped="0" failures="0">
  <properties>
    <property name="sun.desktop" value="windows"/>
    <property name="awt.toolkit" value="sun.awt.windows.WToolkit"/>
    <property name="file.encoding.pkg" value="sun.io"/>
    <property name="java.specification.version" value="1.8"/>
    <property name="sun.cpu.isalist" value="amd64"/>
    <property name="sun.jnu.encoding" value="Cp1252"/>
    <property name="java.class.path" value="D:\Projects\GitHub\aba.route.validator\target\clover\test-classes;D:\Projects\GitHub\aba.route.validator\target\clover\classes;C:\Users\Joker\.m2\repository\org\junit\jupiter\junit-jupiter\5.8.0-M1\junit-jupiter-5.8.0-M1.jar;C:\Users\Joker\.m2\repository\org\junit\jupiter\junit-jupiter-api\5.8.0-M1\junit-jupiter-api-5.8.0-M1.jar;C:\Users\Joker\.m2\repository\org\apiguardian\apiguardian-api\1.1.1\apiguardian-api-1.1.1.jar;C:\Users\Joker\.m2\repository\org\opentest4j\opentest4j\1.2.0\opentest4j-1.2.0.jar;C:\Users\Joker\.m2\repository\org\junit\platform\junit-platform-commons\1.8.0-M1\junit-platform-commons-1.8.0-M1.jar;C:\Users\Joker\.m2\repository\org\junit\jupiter\junit-jupiter-params\5.8.0-M1\junit-jupiter-params-5.8.0-M1.jar;C:\Users\Joker\.m2\repository\org\junit\jupiter\junit-jupiter-engine\5.8.0-M1\junit-jupiter-engine-5.8.0-M1.jar;C:\Users\Joker\.m2\repository\org\junit\platform\junit-platform-engine\1.8.0-M1\junit-platform-engine-1.8.0-M1.jar;C:\Users\Joker\.m2\repository\org\jetbrains\kotlin\kotlin-stdlib-jdk8\1.4.20\kotlin-stdlib-jdk8-1.4.20.jar;C:\Users\Joker\.m2\repository\org\jetbrains\kotlin\kotlin-stdlib\1.4.20\kotlin-stdlib-1.4.20.jar;C:\Users\Joker\.m2\repository\org\jetbrains\kotlin\kotlin-stdlib-common\1.4.20\kotlin-stdlib-common-1.4.20.jar;C:\Users\Joker\.m2\repository\org\jetbrains\annotations\13.0\annotations-13.0.jar;C:\Users\Joker\.m2\repository\org\jetbrains\kotlin\kotlin-stdlib-jdk7\1.4.20\kotlin-stdlib-jdk7-1.4.20.jar;C:\Users\Joker\.m2\repository\junit\junit\4.13.2\junit-4.13.2.jar;C:\Users\Joker\.m2\repository\org\hamcrest\hamcrest-core\1.3\hamcrest-core-1.3.jar;C:\Users\Joker\.m2\repository\org\openclover\clover\4.4.1\clover-4.4.1.jar;C:\Users\Joker\AppData\Local\Temp\grover8279353255277467013.jar;"/>
    <property name="java.vm.vendor" value="Oracle Corporation"/>
    <property name="sun.arch.data.model" value="64"/>
    <property name="user.variant" value=""/>
    <property name="java.vendor.url" value="http://java.oracle.com/"/>
    <property name="user.timezone" value="America/Denver"/>
    <property name="java.vm.specification.version" value="1.8"/>
    <property name="os.name" value="Windows 10"/>
    <property name="user.country" value="US"/>
    <property name="sun.java.launcher" value="SUN_STANDARD"/>
    <property name="sun.boot.library.path" value="D:\Tools\Java\JDK\jdk1.8.0_251\jre\bin"/>
    <property name="sun.java.command" value="C:\Users\Joker\AppData\Local\Temp\surefire1429051986229938233\surefirebooter1026372107155744162.jar C:\Users\Joker\AppData\Local\Temp\surefire1429051986229938233 2021-08-07T12-30-16_371-jvmRun1 surefire8642469005375175643tmp surefire_0437398952437214220tmp"/>
    <property name="surefire.test.class.path" value="D:\Projects\GitHub\aba.route.validator\target\clover\test-classes;D:\Projects\GitHub\aba.route.validator\target\clover\classes;C:\Users\Joker\.m2\repository\org\junit\jupiter\junit-jupiter\5.8.0-M1\junit-jupiter-5.8.0-M1.jar;C:\Users\Joker\.m2\repository\org\junit\jupiter\junit-jupiter-api\5.8.0-M1\junit-jupiter-api-5.8.0-M1.jar;C:\Users\Joker\.m2\repository\org\apiguardian\apiguardian-api\1.1.1\apiguardian-api-1.1.1.jar;C:\Users\Joker\.m2\repository\org\opentest4j\opentest4j\1.2.0\opentest4j-1.2.0.jar;C:\Users\Joker\.m2\repository\org\junit\platform\junit-platform-commons\1.8.0-M1\junit-platform-commons-1.8.0-M1.jar;C:\Users\Joker\.m2\repository\org\junit\jupiter\junit-jupiter-params\5.8.0-M1\junit-jupiter-params-5.8.0-M1.jar;C:\Users\Joker\.m2\repository\org\junit\jupiter\junit-jupiter-engine\5.8.0-M1\junit-jupiter-engine-5.8.0-M1.jar;C:\Users\Joker\.m2\repository\org\junit\platform\junit-platform-engine\1.8.0-M1\junit-platform-engine-1.8.0-M1.jar;C:\Users\Joker\.m2\repository\org\jetbrains\kotlin\kotlin-stdlib-jdk8\1.4.20\kotlin-stdlib-jdk8-1.4.20.jar;C:\Users\Joker\.m2\repository\org\jetbrains\kotlin\kotlin-stdlib\1.4.20\kotlin-stdlib-1.4.20.jar;C:\Users\Joker\.m2\repository\org\jetbrains\kotlin\kotlin-stdlib-common\1.4.20\kotlin-stdlib-common-1.4.20.jar;C:\Users\Joker\.m2\repository\org\jetbrains\annotations\13.0\annotations-13.0.jar;C:\Users\Joker\.m2\repository\org\jetbrains\kotlin\kotlin-stdlib-jdk7\1.4.20\kotlin-stdlib-jdk7-1.4.20.jar;C:\Users\Joker\.m2\repository\junit\junit\4.13.2\junit-4.13.2.jar;C:\Users\Joker\.m2\repository\org\hamcrest\hamcrest-core\1.3\hamcrest-core-1.3.jar;C:\Users\Joker\.m2\repository\org\openclover\clover\4.4.1\clover-4.4.1.jar;C:\Users\Joker\AppData\Local\Temp\grover8279353255277467013.jar;"/>
    <property name="sun.cpu.endian" value="little"/>
    <property name="user.home" value="C:\Users\Joker"/>
    <property name="user.language" value="en"/>
    <property name="java.specification.vendor" value="Oracle Corporation"/>
    <property name="java.home" value="D:\Tools\Java\JDK\jdk1.8.0_251\jre"/>
    <property name="basedir" value="D:\Projects\GitHub\aba.route.validator"/>
    <property name="file.separator" value="\"/>
    <property name="line.separator" value="&#10;"/>
    <property name="java.vm.specification.vendor" value="Oracle Corporation"/>
    <property name="java.specification.name" value="Java Platform API Specification"/>
    <property name="java.awt.graphicsenv" value="sun.awt.Win32GraphicsEnvironment"/>
    <property name="surefire.real.class.path" value="C:\Users\Joker\AppData\Local\Temp\surefire1429051986229938233\surefirebooter1026372107155744162.jar"/>
    <property name="sun.boot.class.path" value="D:\Tools\Java\JDK\jdk1.8.0_251\jre\lib\resources.jar;D:\Tools\Java\JDK\jdk1.8.0_251\jre\lib\rt.jar;D:\Tools\Java\JDK\jdk1.8.0_251\jre\lib\sunrsasign.jar;D:\Tools\Java\JDK\jdk1.8.0_251\jre\lib\jsse.jar;D:\Tools\Java\JDK\jdk1.8.0_251\jre\lib\jce.jar;D:\Tools\Java\JDK\jdk1.8.0_251\jre\lib\charsets.jar;D:\Tools\Java\JDK\jdk1.8.0_251\jre\lib\jfr.jar;D:\Tools\Java\JDK\jdk1.8.0_251\jre\classes"/>
    <property name="user.script" value=""/>
    <property name="sun.management.compiler" value="HotSpot 64-Bit Tiered Compilers"/>
    <property name="java.runtime.version" value="1.8.0_251-b08"/>
    <property name="user.name" value="Joker"/>
    <property name="path.separator" value=";"/>
    <property name="os.version" value="10.0"/>
    <property name="java.endorsed.dirs" value="D:\Tools\Java\JDK\jdk1.8.0_251\jre\lib\endorsed"/>
    <property name="java.runtime.name" value="Java(TM) SE Runtime Environment"/>
    <property name="file.encoding" value="Cp1252"/>
    <property name="java.vm.name" value="Java HotSpot(TM) 64-Bit Server VM"/>
    <property name="localRepository" value="C:\Users\Joker\.m2\repository"/>
    <property name="java.vendor.url.bug" value="http://bugreport.sun.com/bugreport/"/>
    <property name="java.io.tmpdir" value="C:\Users\Joker\AppData\Local\Temp\"/>
    <property name="java.version" value="1.8.0_251"/>
    <property name="user.dir" value="D:\Projects\GitHub\aba.route.validator"/>
    <property name="os.arch" value="amd64"/>
    <property name="java.vm.specification.name" value="Java Virtual Machine Specification"/>
    <property name="java.awt.printerjob" value="sun.awt.windows.WPrinterJob"/>
    <property name="sun.os.patch.level" value=""/>
    <property name="java.library.path" value="D:\Tools\Java\JDK\jdk1.8.0_251\jre\bin;C:\WINDOWS\Sun\Java\bin;C:\WINDOWS\system32;C:\WINDOWS;D:\Tools\Java\Apache\apache-maven-3.6.3\bin;D:\Tools\Java\JDK\jdk1.8.0_251\bin;C:\Users\Joker\bin;C:\Program Files\Git\mingw64\bin;C:\Program Files\Git\usr\local\bin;C:\Program Files\Git\usr\bin;C:\Program Files\Git\usr\bin;C:\Program Files\Git\mingw64\bin;C:\Program Files\Git\usr\bin;C:\Users\Joker\bin;C:\ProgramData\Oracle\Java\javapath;C:\Program Files (x86)\Common Files\Oracle\Java\javapath;C:\Program Files (x86)\Intel\iCLS Client;C:\Program Files\Intel\iCLS Client;C:\Windows\system32;C:\Windows;C:\Windows\System32\Wbem;C:\Windows\System32\WindowsPowerShell\v1.0;C:\Program Files (x86)\NVIDIA Corporation\PhysX\Common;D:\Applications\QuickTime\QTSystem;C:\Program Files (x86)\Common Files\Acronis\VirtualFile;C:\Program Files (x86)\Common Files\Acronis\VirtualFile64;C:\Program Files (x86)\Common Files\Acronis\SnapAPI;C:\WINDOWS\system32;C:\WINDOWS;C:\WINDOWS\System32\Wbem;C:\WINDOWS\System32\WindowsPowerShell\v1.0;C:\Program Files (x86)\Intel\Intel(R) Management Engine Components\DAL;C:\Program Files\Intel\Intel(R) Management Engine Components\DAL;C:\Program Files (x86)\Intel\Intel(R) Management Engine Components\IPT;C:\Program Files\Intel\Intel(R) Management Engine Components\IPT;C:\WINDOWS\System32\OpenSSH;C:\Program Files\NVIDIA Corporation\NVIDIA NvDLISR;C:\WINDOWS\system32;C:\WINDOWS;C:\WINDOWS\System32\Wbem;C:\WINDOWS\System32\WindowsPowerShell\v1.0;C:\WINDOWS\System32\OpenSSH;C:\Program Files (x86)\Common Files\Acronis\FileProtector;C:\Program Files (x86)\Common Files\Acronis\FileProtector64;C:\Program Files\PuTTY;C:\Program Files\Docker\Docker\resources\bin;C:\ProgramData\DockerDesktop\version-bin;C:\Program Files\Git\cmd;C:\Users\Joker\AppData\Local\Microsoft\WindowsApps;D:\Tools\Java\JDK\jdk1.8.0_251\bin;D:\Tools\Java\Apache\apache-maven-3.8.1\bin;D:\Tools\Java\Apache\apache-ant-1.10.1\bin;D:\Tools\Java\gradle-4.2\bin;C:\Program Files\JetBrains\IntelliJ IDEA 2019.3\bin;C:\Program Files (x86)\DTN\IQFeed;C:\Users\Joker\AppData\Local\GitHubDesktop\bin;D:\Tools\Java\JetBrains\IntelliJ_2020_1.3\bin;C:\Users\Joker\AppData\Local\Microsoft\WindowsApps;C:\Program Files\Git\usr\bin\vendor_perl;C:\Program Files\Git\usr\bin\core_perl;."/>
    <property name="java.vm.info" value="mixed mode"/>
    <property name="java.vendor" value="Oracle Corporation"/>
    <property name="java.vm.version" value="25.251-b08"/>
    <property name="java.ext.dirs" value="D:\Tools\Java\JDK\jdk1.8.0_251\jre\lib\ext;C:\WINDOWS\Sun\Java\lib\ext"/>
    <property name="sun.io.unicode.encoding" value="UnicodeLittle"/>
    <property name="java.class.version" value="52.0"/>
  </properties>
  <testcase name="testAbaNumberCheck_27121_good" classname="com.cardatechnologies.utils.validators.abaroutevalidator.Test_AbaRouteValidator_13a" time="0.01"/>
  <testcase name="testAbaNumberCheck_27041_good" classname="com.cardatechnologies.utils.validators.abaroutevalidator.Test_AbaRouteValidator_13a" time="0.018"/>
  <testcase name="testAbaNumberCheck_26101_good" classname="com.cardatechnologies.utils.validators.abaroutevalidator.Test_AbaRouteValidator_13a" time="0.018"/>
  <testcase name="testAbaNumberCheck_27123_good" classname="com.cardatechnologies.utils.validators.abaroutevalidator.Test_AbaRouteValidator_13a" time="0.022"/>
  <testcase name="testAbaNumberCheck_26021_good" classname="com.cardatechnologies.utils.validators.abaroutevalidator.Test_AbaRouteValidator_13a" time="0.022"/>
  <testcase name="testAbaNumberCheck_27043_good" classname="com.cardatechnologies.utils.validators.abaroutevalidator.Test_AbaRouteValidator_13a" time="0.017"/>
  <testcase name="testAbaNumberCheck_26103_good" classname="com.cardatechnologies.utils.validators.abaroutevalidator.Test_AbaRouteValidator_13a" time="0.019"/>
  <testcase name="testAbaNumberCheck_25001_good" classname="com.cardatechnologies.utils.validators.abaroutevalidator.Test_AbaRouteValidator_13a" time="0.026"/>
  <testcase name="testAbaNumberCheck_26311_good" classname="com.cardatechnologies.utils.validators.abaroutevalidator.Test_AbaRouteValidator_13a" time="0.021"/>
  <testcase name="testAbaNumberCheck_27125_good" classname="com.cardatechnologies.utils.validators.abaroutevalidator.Test_AbaRouteValidator_13a" time="0.027"/>
  <testcase name="testAbaNumberCheck_26023_good" classname="com.cardatechnologies.utils.validators.abaroutevalidator.Test_AbaRouteValidator_13a" time="0.019"/>
  <testcase name="testAbaNumberCheck_27171_good" classname="com.cardatechnologies.utils.validators.abaroutevalidator.Test_AbaRouteValidator_13a" time="0.018"/>
  <testcase name="testAbaNumberCheck_26231_good" classname="com.cardatechnologies.utils.validators.abaroutevalidator.Test_AbaRouteValidator_13a" time="0.02"/>
  <testcase name="testAbaNumberCheck_27045_good" classname="com.cardatechnologies.utils.validators.abaroutevalidator.Test_AbaRouteValidator_13a" time="0.023"/>
  <testcase name="testAbaNumberCheck_26105_good" classname="com.cardatechnologies.utils.validators.abaroutevalidator.Test_AbaRouteValidator_13a" time="0.022"/>
  <testcase name="testAbaNumberCheck_25003_good" classname="com.cardatechnologies.utils.validators.abaroutevalidator.Test_AbaRouteValidator_13a" time="0.022"/>
  <testcase name="testAbaNumberCheck_26601_good" classname="com.cardatechnologies.utils.validators.abaroutevalidator.Test_AbaRouteValidator_13a" time="0.023"/>
  <testcase name="testAbaNumberCheck_26313_good" classname="com.cardatechnologies.utils.validators.abaroutevalidator.Test_AbaRouteValidator_13a" time="0.022"/>
  <testcase name="testAbaNumberCheck_27127_good" classname="com.cardatechnologies.utils.validators.abaroutevalidator.Test_AbaRouteValidator_13a" time="0.021"/>
  <testcase name="testAbaNumberCheck_27091_good" classname="com.cardatechnologies.utils.validators.abaroutevalidator.Test_AbaRouteValidator_13a" time="0.023"/>
  <testcase name="testAbaNumberCheck_26151_good" classname="com.cardatechnologies.utils.validators.abaroutevalidator.Test_AbaRouteValidator_13a" time="0.023"/>
  <testcase name="testAbaNumberCheck_25211_good" classname="com.cardatechnologies.utils.validators.abaroutevalidator.Test_AbaRouteValidator_13a" time="0.019"/>
  <testcase name="testAbaNumberCheck_26025_good" classname="com.cardatechnologies.utils.validators.abaroutevalidator.Test_AbaRouteValidator_13a" time="0.02"/>
  <testcase name="testAbaNumberCheck_25000_bad" classname="com.cardatechnologies.utils.validators.abaroutevalidator.Test_AbaRouteValidator_13a" time="0.02"/>
  <testcase name="testAbaNumberCheck_25002_bad" classname="com.cardatechnologies.utils.validators.abaroutevalidator.Test_AbaRouteValidator_13a" time="0.02"/>
  <testcase name="testAbaNumberCheck_25004_bad" classname="com.cardatechnologies.utils.validators.abaroutevalidator.Test_AbaRouteValidator_13a" time="0.02"/>
  <testcase name="testAbaNumberCheck_25006_bad" classname="com.cardatechnologies.utils.validators.abaroutevalidator.Test_AbaRouteValidator_13a" time="0.02"/>
  <testcase name="testAbaNumberCheck_26521_good" classname="com.cardatechnologies.utils.validators.abaroutevalidator.Test_AbaRouteValidator_13a" time="0.02"/>
  <testcase name="testAbaNumberCheck_25008_bad" classname="com.cardatechnologies.utils.validators.abaroutevalidator.Test_AbaRouteValidator_13a" time="0.024"/>
  <testcase name="testAbaNumberCheck_27173_good" classname="com.cardatechnologies.utils.validators.abaroutevalidator.Test_AbaRouteValidator_13a" time="0.021"/>
  <testcase name="testAbaNumberCheck_26233_good" classname="com.cardatechnologies.utils.validators.abaroutevalidator.Test_AbaRouteValidator_13a" time="0.019"/>
  <testcase name="testAbaNumberCheck_27047_good" classname="com.cardatechnologies.utils.validators.abaroutevalidator.Test_AbaRouteValidator_13a" time="0.019"/>
  <testcase name="testAbaNumberCheck_26107_good" classname="com.cardatechnologies.utils.validators.abaroutevalidator.Test_AbaRouteValidator_13a" time="0.029"/>
  <testcase name="testAbaNumberCheck_26071_good" classname="com.cardatechnologies.utils.validators.abaroutevalidator.Test_AbaRouteValidator_13a" time="0.023"/>
  <testcase name="testAbaNumberCheck_25131_good" classname="com.cardatechnologies.utils.validators.abaroutevalidator.Test_AbaRouteValidator_13a" time="0.023"/>
  <testcase name="testAbaNumberCheck_25010_bad" classname="com.cardatechnologies.utils.validators.abaroutevalidator.Test_AbaRouteValidator_13a" time="0.021"/>
  <testcase name="testAbaNumberCheck_25005_good" classname="com.cardatechnologies.utils.validators.abaroutevalidator.Test_AbaRouteValidator_13a" time="0.022"/>
  <testcase name="testAbaNumberCheck_25012_bad" classname="com.cardatechnologies.utils.validators.abaroutevalidator.Test_AbaRouteValidator_13a" time="0.023"/>
  <testcase name="testAbaNumberCheck_26603_good" classname="com.cardatechnologies.utils.validators.abaroutevalidator.Test_AbaRouteValidator_13a" time="0.022"/>
  <testcase name="testAbaNumberCheck_25014_bad" classname="com.cardatechnologies.utils.validators.abaroutevalidator.Test_AbaRouteValidator_13a" time="0.019"/>
  <testcase name="testAbaNumberCheck_25016_bad" classname="com.cardatechnologies.utils.validators.abaroutevalidator.Test_AbaRouteValidator_13a" time="0.019"/>
  <testcase name="testAbaNumberCheck_25018_bad" classname="com.cardatechnologies.utils.validators.abaroutevalidator.Test_AbaRouteValidator_13a" time="0.02"/>
  <testcase name="testAbaNumberCheck_26441_good" classname="com.cardatechnologies.utils.validators.abaroutevalidator.Test_AbaRouteValidator_13a" time="0.022"/>
  <testcase name="testAbaNumberCheck_25501_good" classname="com.cardatechnologies.utils.validators.abaroutevalidator.Test_AbaRouteValidator_13a" time="0.022"/>
  <testcase name="testAbaNumberCheck_26315_good" classname="com.cardatechnologies.utils.validators.abaroutevalidator.Test_AbaRouteValidator_13a" time="0.026"/>
  <testcase name="testAbaNumberCheck_27129_good" classname="com.cardatechnologies.utils.validators.abaroutevalidator.Test_AbaRouteValidator_13a" time="0.023"/>
  <testcase name="testAbaNumberCheck_27093_good" classname="com.cardatechnologies.utils.validators.abaroutevalidator.Test_AbaRouteValidator_13a" time="0.02"/>
  <testcase name="testAbaNumberCheck_26153_good" classname="com.cardatechnologies.utils.validators.abaroutevalidator.Test_AbaRouteValidator_13a" time="0.018"/>
  <testcase name="testAbaNumberCheck_25213_good" classname="com.cardatechnologies.utils.validators.abaroutevalidator.Test_AbaRouteValidator_13a" time="0.017"/>
  <testcase name="testAbaNumberCheck_26811_good" classname="com.cardatechnologies.utils.validators.abaroutevalidator.Test_AbaRouteValidator_13a" time="0.018"/>
  <testcase name="testAbaNumberCheck_26027_good" classname="com.cardatechnologies.utils.validators.abaroutevalidator.Test_AbaRouteValidator_13a" time="0.018"/>
  <testcase name="testAbaNumberCheck_25051_good" classname="com.cardatechnologies.utils.validators.abaroutevalidator.Test_AbaRouteValidator_13a" time="0.018"/>
  <testcase name="testAbaNumberCheck_25020_bad" classname="com.cardatechnologies.utils.validators.abaroutevalidator.Test_AbaRouteValidator_13a" time="0.017"/>
  <testcase name="testAbaNumberCheck_25022_bad" classname="com.cardatechnologies.utils.validators.abaroutevalidator.Test_AbaRouteValidator_13a" time="0.025"/>
  <testcase name="testAbaNumberCheck_25024_bad" classname="com.cardatechnologies.utils.validators.abaroutevalidator.Test_AbaRouteValidator_13a" time="0.018"/>
  <testcase name="testAbaNumberCheck_25026_bad" classname="com.cardatechnologies.utils.validators.abaroutevalidator.Test_AbaRouteValidator_13a" time="0.017"/>
  <testcase name="testAbaNumberCheck_26523_good" classname="com.cardatechnologies.utils.validators.abaroutevalidator.Test_AbaRouteValidator_13a" time="0.018"/>
  <testcase name="testAbaNumberCheck_25028_bad" classname="com.cardatechnologies.utils.validators.abaroutevalidator.Test_AbaRouteValidator_13a" time="0.026"/>
  <testcase name="testAbaNumberCheck_26361_good" classname="com.cardatechnologies.utils.validators.abaroutevalidator.Test_AbaRouteValidator_13a" time="0.019"/>
  <testcase name="testAbaNumberCheck_25421_good" classname="com.cardatechnologies.utils.validators.abaroutevalidator.Test_AbaRouteValidator_13a" time="0.018"/>
  <testcase name="testAbaNumberCheck_27175_good" classname="com.cardatechnologies.utils.validators.abaroutevalidator.Test_AbaRouteValidator_13a" time="0.019"/>
  <testcase name="testAbaNumberCheck_26235_good" classname="com.cardatechnologies.utils.validators.abaroutevalidator.Test_AbaRouteValidator_13a" time="0.018"/>
  <testcase name="testAbaNumberCheck_27100_bad" classname="com.cardatechnologies.utils.validators.abaroutevalidator.Test_AbaRouteValidator_13a" time="0.017"/>
  <testcase name="testAbaNumberCheck_27049_good" classname="com.cardatechnologies.utils.validators.abaroutevalidator.Test_AbaRouteValidator_13a" time="0.018"/>
  <testcase name="testAbaNumberCheck_26109_good" classname="com.cardatechnologies.utils.validators.abaroutevalidator.Test_AbaRouteValidator_13a" time="0.017"/>
  <testcase name="testAbaNumberCheck_27102_bad" classname="com.cardatechnologies.utils.validators.abaroutevalidator.Test_AbaRouteValidator_13a" time="0.018"/>
  <testcase name="testAbaNumberCheck_26073_good" classname="com.cardatechnologies.utils.validators.abaroutevalidator.Test_AbaRouteValidator_13a" time="0.018"/>
  <testcase name="testAbaNumberCheck_27104_bad" classname="com.cardatechnologies.utils.validators.abaroutevalidator.Test_AbaRouteValidator_13a" time="0.017"/>
  <testcase name="testAbaNumberCheck_25133_good" classname="com.cardatechnologies.utils.validators.abaroutevalidator.Test_AbaRouteValidator_13a" time="0.018"/>
  <testcase name="testAbaNumberCheck_27106_bad" classname="com.cardatechnologies.utils.validators.abaroutevalidator.Test_AbaRouteValidator_13a" time="0.018"/>
  <testcase name="testAbaNumberCheck_26731_good" classname="com.cardatechnologies.utils.validators.abaroutevalidator.Test_AbaRouteValidator_13a" time="0.023"/>
  <testcase name="testAbaNumberCheck_27108_bad" classname="com.cardatechnologies.utils.validators.abaroutevalidator.Test_AbaRouteValidator_13a" time="0.017"/>
  <testcase name="testAbaNumberCheck_25030_bad" classname="com.cardatechnologies.utils.validators.abaroutevalidator.Test_AbaRouteValidator_13a" time="0.019"/>
  <testcase name="testAbaNumberCheck_25007_good" classname="com.cardatechnologies.utils.validators.abaroutevalidator.Test_AbaRouteValidator_13a" time="0.018"/>
  <testcase name="testAbaNumberCheck_25032_bad" classname="com.cardatechnologies.utils.validators.abaroutevalidator.Test_AbaRouteValidator_13a" time="0.019"/>
  <testcase name="testAbaNumberCheck_26605_good" classname="com.cardatechnologies.utils.validators.abaroutevalidator.Test_AbaRouteValidator_13a" time="0.019"/>
  <testcase name="testAbaNumberCheck_25034_bad" classname="com.cardatechnologies.utils.validators.abaroutevalidator.Test_AbaRouteValidator_13a" time="0.02"/>
  <testcase name="testAbaNumberCheck_25036_bad" classname="com.cardatechnologies.utils.validators.abaroutevalidator.Test_AbaRouteValidator_13a" time="0.02"/>
  <testcase name="testAbaNumberCheck_25038_bad" classname="com.cardatechnologies.utils.validators.abaroutevalidator.Test_AbaRouteValidator_13a" time="0.02"/>
  <testcase name="testAbaNumberCheck_26443_good" classname="com.cardatechnologies.utils.validators.abaroutevalidator.Test_AbaRouteValidator_13a" time="0.018"/>
  <testcase name="testAbaNumberCheck_25503_good" classname="com.cardatechnologies.utils.validators.abaroutevalidator.Test_AbaRouteValidator_13a" time="0.024"/>
  <testcase name="testAbaNumberCheck_26317_good" classname="com.cardatechnologies.utils.validators.abaroutevalidator.Test_AbaRouteValidator_13a" time="0.022"/>
  <testcase name="testAbaNumberCheck_26281_good" classname="com.cardatechnologies.utils.validators.abaroutevalidator.Test_AbaRouteValidator_13a" time="0.02"/>
  <testcase name="testAbaNumberCheck_25341_good" classname="com.cardatechnologies.utils.validators.abaroutevalidator.Test_AbaRouteValidator_13a" time="0.018"/>
  <testcase name="testAbaNumberCheck_27095_good" classname="com.cardatechnologies.utils.validators.abaroutevalidator.Test_AbaRouteValidator_13a" time="0.029"/>
  <testcase name="testAbaNumberCheck_27110_bad" classname="com.cardatechnologies.utils.validators.abaroutevalidator.Test_AbaRouteValidator_13a" time="0.02"/>
  <testcase name="testAbaNumberCheck_26155_good" classname="com.cardatechnologies.utils.validators.abaroutevalidator.Test_AbaRouteValidator_13a" time="0.018"/>
  <testcase name="testAbaNumberCheck_25215_good" classname="com.cardatechnologies.utils.validators.abaroutevalidator.Test_AbaRouteValidator_13a" time="0.019"/>
  <testcase name="testAbaNumberCheck_27112_bad" classname="com.cardatechnologies.utils.validators.abaroutevalidator.Test_AbaRouteValidator_13a" time="0.02"/>
  <testcase name="testAbaNumberCheck_26813_good" classname="com.cardatechnologies.utils.validators.abaroutevalidator.Test_AbaRouteValidator_13a" time="0.019"/>
  <testcase name="testAbaNumberCheck_26300_bad" classname="com.cardatechnologies.utils.validators.abaroutevalidator.Test_AbaRouteValidator_13a" time="0.02"/>
  <testcase name="testAbaNumberCheck_27114_bad" classname="com.cardatechnologies.utils.validators.abaroutevalidator.Test_AbaRouteValidator_13a" time="0.018"/>
  <testcase name="testAbaNumberCheck_26029_good" classname="com.cardatechnologies.utils.validators.abaroutevalidator.Test_AbaRouteValidator_13a" time="0.017"/>
  <testcase name="testAbaNumberCheck_26302_bad" classname="com.cardatechnologies.utils.validators.abaroutevalidator.Test_AbaRouteValidator_13a" time="0.017"/>
  <testcase name="testAbaNumberCheck_27116_bad" classname="com.cardatechnologies.utils.validators.abaroutevalidator.Test_AbaRouteValidator_13a" time="0.02"/>
  <testcase name="testAbaNumberCheck_26304_bad" classname="com.cardatechnologies.utils.validators.abaroutevalidator.Test_AbaRouteValidator_13a" time="0.019"/>
  <testcase name="testAbaNumberCheck_27118_bad" classname="com.cardatechnologies.utils.validators.abaroutevalidator.Test_AbaRouteValidator_13a" time="0.019"/>
  <testcase name="testAbaNumberCheck_25053_good" classname="com.cardatechnologies.utils.validators.abaroutevalidator.Test_AbaRouteValidator_13a" time="0.019"/>
  <testcase name="testAbaNumberCheck_25040_bad" classname="com.cardatechnologies.utils.validators.abaroutevalidator.Test_AbaRouteValidator_13a" time="0.019"/>
  <testcase name="testAbaNumberCheck_26306_bad" classname="com.cardatechnologies.utils.validators.abaroutevalidator.Test_AbaRouteValidator_13a" time="0.02"/>
  <testcase name="testAbaNumberCheck_25042_bad" classname="com.cardatechnologies.utils.validators.abaroutevalidator.Test_AbaRouteValidator_13a" time="0.018"/>
  <testcase name="testAbaNumberCheck_26651_good" classname="com.cardatechnologies.utils.validators.abaroutevalidator.Test_AbaRouteValidator_13a" time="0.02"/>
  <testcase name="testAbaNumberCheck_25711_good" classname="com.cardatechnologies.utils.validators.abaroutevalidator.Test_AbaRouteValidator_13a" time="0.019"/>
  <testcase name="testAbaNumberCheck_26308_bad" classname="com.cardatechnologies.utils.validators.abaroutevalidator.Test_AbaRouteValidator_13a" time="0.019"/>
  <testcase name="testAbaNumberCheck_25044_bad" classname="com.cardatechnologies.utils.validators.abaroutevalidator.Test_AbaRouteValidator_13a" time="0.019"/>
  <testcase name="testAbaNumberCheck_25046_bad" classname="com.cardatechnologies.utils.validators.abaroutevalidator.Test_AbaRouteValidator_13a" time="0.019"/>
  <testcase name="testAbaNumberCheck_26525_good" classname="com.cardatechnologies.utils.validators.abaroutevalidator.Test_AbaRouteValidator_13a" time="0.021"/>
  <testcase name="testAbaNumberCheck_25048_bad" classname="com.cardatechnologies.utils.validators.abaroutevalidator.Test_AbaRouteValidator_13a" time="0.025"/>
  <testcase name="testAbaNumberCheck_26363_good" classname="com.cardatechnologies.utils.validators.abaroutevalidator.Test_AbaRouteValidator_13a" time="0.022"/>
  <testcase name="testAbaNumberCheck_25423_good" classname="com.cardatechnologies.utils.validators.abaroutevalidator.Test_AbaRouteValidator_13a" time="0.019"/>
  <testcase name="testAbaNumberCheck_27177_good" classname="com.cardatechnologies.utils.validators.abaroutevalidator.Test_AbaRouteValidator_13a" time="0.022"/>
  <testcase name="testAbaNumberCheck_26237_good" classname="com.cardatechnologies.utils.validators.abaroutevalidator.Test_AbaRouteValidator_13a" time="0.025"/>
  <testcase name="testAbaNumberCheck_25261_good" classname="com.cardatechnologies.utils.validators.abaroutevalidator.Test_AbaRouteValidator_13a" time="0.018"/>
  <testcase name="testAbaNumberCheck_27120_bad" classname="com.cardatechnologies.utils.validators.abaroutevalidator.Test_AbaRouteValidator_13a" time="0.023"/>
  <testcase name="testAbaNumberCheck_27122_bad" classname="com.cardatechnologies.utils.validators.abaroutevalidator.Test_AbaRouteValidator_13a" time="0.017"/>
  <testcase name="testAbaNumberCheck_26310_bad" classname="com.cardatechnologies.utils.validators.abaroutevalidator.Test_AbaRouteValidator_13a" time="0.018"/>
  <testcase name="testAbaNumberCheck_26075_good" classname="com.cardatechnologies.utils.validators.abaroutevalidator.Test_AbaRouteValidator_13a" time="0.017"/>
  <testcase name="testAbaNumberCheck_27124_bad" classname="com.cardatechnologies.utils.validators.abaroutevalidator.Test_AbaRouteValidator_13a" time="0.018"/>
  <testcase name="testAbaNumberCheck_25135_good" classname="com.cardatechnologies.utils.validators.abaroutevalidator.Test_AbaRouteValidator_13a" time="0.017"/>
  <testcase name="testAbaNumberCheck_26312_bad" classname="com.cardatechnologies.utils.validators.abaroutevalidator.Test_AbaRouteValidator_13a" time="0.018"/>
  <testcase name="testAbaNumberCheck_27126_bad" classname="com.cardatechnologies.utils.validators.abaroutevalidator.Test_AbaRouteValidator_13a" time="0.018"/>
  <testcase name="testAbaNumberCheck_26733_good" classname="com.cardatechnologies.utils.validators.abaroutevalidator.Test_AbaRouteValidator_13a" time="0.018"/>
  <testcase name="testAbaNumberCheck_25500_bad" classname="com.cardatechnologies.utils.validators.abaroutevalidator.Test_AbaRouteValidator_13a" time="0.018"/>
  <testcase name="testAbaNumberCheck_26314_bad" classname="com.cardatechnologies.utils.validators.abaroutevalidator.Test_AbaRouteValidator_13a" time="0.018"/>
  <testcase name="testAbaNumberCheck_27128_bad" classname="com.cardatechnologies.utils.validators.abaroutevalidator.Test_AbaRouteValidator_13a" time="0.017"/>
  <testcase name="testAbaNumberCheck_25050_bad" classname="com.cardatechnologies.utils.validators.abaroutevalidator.Test_AbaRouteValidator_13a" time="0.018"/>
  <testcase name="testAbaNumberCheck_25009_good" classname="com.cardatechnologies.utils.validators.abaroutevalidator.Test_AbaRouteValidator_13a" time="0.018"/>
  <testcase name="testAbaNumberCheck_25502_bad" classname="com.cardatechnologies.utils.validators.abaroutevalidator.Test_AbaRouteValidator_13a" time="0.018"/>
  <testcase name="testAbaNumberCheck_26316_bad" classname="com.cardatechnologies.utils.validators.abaroutevalidator.Test_AbaRouteValidator_13a" time="0.018"/>
  <testcase name="testAbaNumberCheck_25052_bad" classname="com.cardatechnologies.utils.validators.abaroutevalidator.Test_AbaRouteValidator_13a" time="0.018"/>
  <testcase name="testAbaNumberCheck_26607_good" classname="com.cardatechnologies.utils.validators.abaroutevalidator.Test_AbaRouteValidator_13a" time="0.018"/>
  <testcase name="testAbaNumberCheck_25504_bad" classname="com.cardatechnologies.utils.validators.abaroutevalidator.Test_AbaRouteValidator_13a" time="0.021"/>
  <testcase name="testAbaNumberCheck_26318_bad" classname="com.cardatechnologies.utils.validators.abaroutevalidator.Test_AbaRouteValidator_13a" time="0.018"/>
  <testcase name="testAbaNumberCheck_25054_bad" classname="com.cardatechnologies.utils.validators.abaroutevalidator.Test_AbaRouteValidator_13a" time="0.018"/>
  <testcase name="testAbaNumberCheck_25506_bad" classname="com.cardatechnologies.utils.validators.abaroutevalidator.Test_AbaRouteValidator_13a" time="0.018"/>
  <testcase name="testAbaNumberCheck_26571_good" classname="com.cardatechnologies.utils.validators.abaroutevalidator.Test_AbaRouteValidator_13a" time="0.024"/>
  <testcase name="testAbaNumberCheck_25056_bad" classname="com.cardatechnologies.utils.validators.abaroutevalidator.Test_AbaRouteValidator_13a" time="0.019"/>
  <testcase name="testAbaNumberCheck_25631_good" classname="com.cardatechnologies.utils.validators.abaroutevalidator.Test_AbaRouteValidator_13a" time="0.017"/>
  <testcase name="testAbaNumberCheck_25508_bad" classname="com.cardatechnologies.utils.validators.abaroutevalidator.Test_AbaRouteValidator_13a" time="0.024"/>
  <testcase name="testAbaNumberCheck_25058_bad" classname="com.cardatechnologies.utils.validators.abaroutevalidator.Test_AbaRouteValidator_13a" time="0.023"/>
  <testcase name="testAbaNumberCheck_26445_good" classname="com.cardatechnologies.utils.validators.abaroutevalidator.Test_AbaRouteValidator_13a" time="0.017"/>
  <testcase name="testAbaNumberCheck_25505_good" classname="com.cardatechnologies.utils.validators.abaroutevalidator.Test_AbaRouteValidator_13a" time="0.018"/>
  <testcase name="testAbaNumberCheck_26319_good" classname="com.cardatechnologies.utils.validators.abaroutevalidator.Test_AbaRouteValidator_13a" time="0.017"/>
  <testcase name="testAbaNumberCheck_26283_good" classname="com.cardatechnologies.utils.validators.abaroutevalidator.Test_AbaRouteValidator_13a" time="0.018"/>
  <testcase name="testAbaNumberCheck_25343_good" classname="com.cardatechnologies.utils.validators.abaroutevalidator.Test_AbaRouteValidator_13a" time="0.02"/>
  <testcase name="testAbaNumberCheck_26941_good" classname="com.cardatechnologies.utils.validators.abaroutevalidator.Test_AbaRouteValidator_13a" time="0.022"/>
  <testcase name="testAbaNumberCheck_27097_good" classname="com.cardatechnologies.utils.validators.abaroutevalidator.Test_AbaRouteValidator_13a" time="0.02"/>
  <testcase name="testAbaNumberCheck_27130_bad" classname="com.cardatechnologies.utils.validators.abaroutevalidator.Test_AbaRouteValidator_13a" time="0.022"/>
  <testcase name="testAbaNumberCheck_26157_good" classname="com.cardatechnologies.utils.validators.abaroutevalidator.Test_AbaRouteValidator_13a" time="0.02"/>
  <testcase name="testAbaNumberCheck_25217_good" classname="com.cardatechnologies.utils.validators.abaroutevalidator.Test_AbaRouteValidator_13a" time="0.022"/>
  <testcase name="testAbaNumberCheck_27132_bad" classname="com.cardatechnologies.utils.validators.abaroutevalidator.Test_AbaRouteValidator_13a" time="0.02"/>
  <testcase name="testAbaNumberCheck_26815_good" classname="com.cardatechnologies.utils.validators.abaroutevalidator.Test_AbaRouteValidator_13a" time="0.018"/>
  <testcase name="testAbaNumberCheck_25181_good" classname="com.cardatechnologies.utils.validators.abaroutevalidator.Test_AbaRouteValidator_13a" time="0.019"/>
  <testcase name="testAbaNumberCheck_26320_bad" classname="com.cardatechnologies.utils.validators.abaroutevalidator.Test_AbaRouteValidator_13a" time="0.018"/>
  <testcase name="testAbaNumberCheck_27134_bad" classname="com.cardatechnologies.utils.validators.abaroutevalidator.Test_AbaRouteValidator_13a" time="0.018"/>
  <testcase name="testAbaNumberCheck_26322_bad" classname="com.cardatechnologies.utils.validators.abaroutevalidator.Test_AbaRouteValidator_13a" time="0.018"/>
  <testcase name="testAbaNumberCheck_27136_bad" classname="com.cardatechnologies.utils.validators.abaroutevalidator.Test_AbaRouteValidator_13a" time="0.018"/>
  <testcase name="testAbaNumberCheck_25510_bad" classname="com.cardatechnologies.utils.validators.abaroutevalidator.Test_AbaRouteValidator_13a" time="0.018"/>
  <testcase name="testAbaNumberCheck_26324_bad" classname="com.cardatechnologies.utils.validators.abaroutevalidator.Test_AbaRouteValidator_13a" time="0.018"/>
  <testcase name="testAbaNumberCheck_27138_bad" classname="com.cardatechnologies.utils.validators.abaroutevalidator.Test_AbaRouteValidator_13a" time="0.018"/>
  <testcase name="testAbaNumberCheck_25055_good" classname="com.cardatechnologies.utils.validators.abaroutevalidator.Test_AbaRouteValidator_13a" time="0.017"/>
  <testcase name="testAbaNumberCheck_25060_bad" classname="com.cardatechnologies.utils.validators.abaroutevalidator.Test_AbaRouteValidator_13a" time="0.022"/>
  <testcase name="testAbaNumberCheck_25512_bad" classname="com.cardatechnologies.utils.validators.abaroutevalidator.Test_AbaRouteValidator_13a" time="0.022"/>
  <testcase name="testAbaNumberCheck_26326_bad" classname="com.cardatechnologies.utils.validators.abaroutevalidator.Test_AbaRouteValidator_13a" time="0.018"/>
  <testcase name="testAbaNumberCheck_25062_bad" classname="com.cardatechnologies.utils.validators.abaroutevalidator.Test_AbaRouteValidator_13a" time="0.018"/>
  <testcase name="testAbaNumberCheck_26653_good" classname="com.cardatechnologies.utils.validators.abaroutevalidator.Test_AbaRouteValidator_13a" time="0.025"/>
  <testcase name="testAbaNumberCheck_25713_good" classname="com.cardatechnologies.utils.validators.abaroutevalidator.Test_AbaRouteValidator_13a" time="0.02"/>
  <testcase name="testAbaNumberCheck_25514_bad" classname="com.cardatechnologies.utils.validators.abaroutevalidator.Test_AbaRouteValidator_13a" time="0.018"/>
  <testcase name="testAbaNumberCheck_26328_bad" classname="com.cardatechnologies.utils.validators.abaroutevalidator.Test_AbaRouteValidator_13a" time="0.017"/>
  <testcase name="testAbaNumberCheck_25064_bad" classname="com.cardatechnologies.utils.validators.abaroutevalidator.Test_AbaRouteValidator_13a" time="0.019"/>
  <testcase name="testAbaNumberCheck_25516_bad" classname="com.cardatechnologies.utils.validators.abaroutevalidator.Test_AbaRouteValidator_13a" time="0.021"/>
  <testcase name="testAbaNumberCheck_25066_bad" classname="com.cardatechnologies.utils.validators.abaroutevalidator.Test_AbaRouteValidator_13a" time="0.019"/>
  <testcase name="testAbaNumberCheck_26527_good" classname="com.cardatechnologies.utils.validators.abaroutevalidator.Test_AbaRouteValidator_13a" time="0.017"/>
  <testcase name="testAbaNumberCheck_25518_bad" classname="com.cardatechnologies.utils.validators.abaroutevalidator.Test_AbaRouteValidator_13a" time="0.018"/>
  <testcase name="testAbaNumberCheck_25068_bad" classname="com.cardatechnologies.utils.validators.abaroutevalidator.Test_AbaRouteValidator_13a" time="0.018"/>
  <testcase name="testAbaNumberCheck_26491_good" classname="com.cardatechnologies.utils.validators.abaroutevalidator.Test_AbaRouteValidator_13a" time="0.018"/>
  <testcase name="testAbaNumberCheck_25551_good" classname="com.cardatechnologies.utils.validators.abaroutevalidator.Test_AbaRouteValidator_13a" time="0.018"/>
  <testcase name="testAbaNumberCheck_26365_good" classname="com.cardatechnologies.utils.validators.abaroutevalidator.Test_AbaRouteValidator_13a" time="0.018"/>
  <testcase name="testAbaNumberCheck_25425_good" classname="com.cardatechnologies.utils.validators.abaroutevalidator.Test_AbaRouteValidator_13a" time="0.017"/>
  <testcase name="testAbaNumberCheck_27179_good" classname="com.cardatechnologies.utils.validators.abaroutevalidator.Test_AbaRouteValidator_13a" time="0.018"/>
  <testcase name="testAbaNumberCheck_26239_good" classname="com.cardatechnologies.utils.validators.abaroutevalidator.Test_AbaRouteValidator_13a" time="0.018"/>
  <testcase name="testAbaNumberCheck_25263_good" classname="com.cardatechnologies.utils.validators.abaroutevalidator.Test_AbaRouteValidator_13a" time="0.018"/>
  <testcase name="testAbaNumberCheck_27140_bad" classname="com.cardatechnologies.utils.validators.abaroutevalidator.Test_AbaRouteValidator_13a" time="0.018"/>
  <testcase name="testAbaNumberCheck_27142_bad" classname="com.cardatechnologies.utils.validators.abaroutevalidator.Test_AbaRouteValidator_13a" time="0.018"/>
  <testcase name="testAbaNumberCheck_26861_good" classname="com.cardatechnologies.utils.validators.abaroutevalidator.Test_AbaRouteValidator_13a" time="0.018"/>
  <testcase name="testAbaNumberCheck_25921_good" classname="com.cardatechnologies.utils.validators.abaroutevalidator.Test_AbaRouteValidator_13a" time="0.018"/>
  <testcase name="testAbaNumberCheck_26330_bad" classname="com.cardatechnologies.utils.validators.abaroutevalidator.Test_AbaRouteValidator_13a" time="0.02"/>
  <testcase name="testAbaNumberCheck_26077_good" classname="com.cardatechnologies.utils.validators.abaroutevalidator.Test_AbaRouteValidator_13a" time="0.019"/>
  <testcase name="testAbaNumberCheck_27144_bad" classname="com.cardatechnologies.utils.validators.abaroutevalidator.Test_AbaRouteValidator_13a" time="0.017"/>
  <testcase name="testAbaNumberCheck_25137_good" classname="com.cardatechnologies.utils.validators.abaroutevalidator.Test_AbaRouteValidator_13a" time="0.022"/>
  <testcase name="testAbaNumberCheck_26332_bad" classname="com.cardatechnologies.utils.validators.abaroutevalidator.Test_AbaRouteValidator_13a" time="0.02"/>
  <testcase name="testAbaNumberCheck_27146_bad" classname="com.cardatechnologies.utils.validators.abaroutevalidator.Test_AbaRouteValidator_13a" time="0.018"/>
  <testcase name="testAbaNumberCheck_26735_good" classname="com.cardatechnologies.utils.validators.abaroutevalidator.Test_AbaRouteValidator_13a" time="0.018"/>
  <testcase name="testAbaNumberCheck_25520_bad" classname="com.cardatechnologies.utils.validators.abaroutevalidator.Test_AbaRouteValidator_13a" time="0.028"/>
  <testcase name="testAbaNumberCheck_26334_bad" classname="com.cardatechnologies.utils.validators.abaroutevalidator.Test_AbaRouteValidator_13a" time="0.02"/>
  <testcase name="testAbaNumberCheck_27148_bad" classname="com.cardatechnologies.utils.validators.abaroutevalidator.Test_AbaRouteValidator_13a" time="0.021"/>
  <testcase name="testAbaNumberCheck_25070_bad" classname="com.cardatechnologies.utils.validators.abaroutevalidator.Test_AbaRouteValidator_13a" time="0.02"/>
  <testcase name="testAbaNumberCheck_25522_bad" classname="com.cardatechnologies.utils.validators.abaroutevalidator.Test_AbaRouteValidator_13a" time="0.02"/>
  <testcase name="testAbaNumberCheck_26336_bad" classname="com.cardatechnologies.utils.validators.abaroutevalidator.Test_AbaRouteValidator_13a" time="0.022"/>
  <testcase name="testAbaNumberCheck_25072_bad" classname="com.cardatechnologies.utils.validators.abaroutevalidator.Test_AbaRouteValidator_13a" time="0.021"/>
  <testcase name="testAbaNumberCheck_26609_good" classname="com.cardatechnologies.utils.validators.abaroutevalidator.Test_AbaRouteValidator_13a" time="0.021"/>
  <testcase name="testAbaNumberCheck_25524_bad" classname="com.cardatechnologies.utils.validators.abaroutevalidator.Test_AbaRouteValidator_13a" time="0.022"/>
  <testcase name="testAbaNumberCheck_26338_bad" classname="com.cardatechnologies.utils.validators.abaroutevalidator.Test_AbaRouteValidator_13a" time="0.021"/>
  <testcase name="testAbaNumberCheck_25074_bad" classname="com.cardatechnologies.utils.validators.abaroutevalidator.Test_AbaRouteValidator_13a" time="0.018"/>
  <testcase name="testAbaNumberCheck_25526_bad" classname="com.cardatechnologies.utils.validators.abaroutevalidator.Test_AbaRouteValidator_13a" time="0.018"/>
  <testcase name="testAbaNumberCheck_26573_good" classname="com.cardatechnologies.utils.validators.abaroutevalidator.Test_AbaRouteValidator_13a" time="0.018"/>
  <testcase name="testAbaNumberCheck_25076_bad" classname="com.cardatechnologies.utils.validators.abaroutevalidator.Test_AbaRouteValidator_13a" time="0.018"/>
  <testcase name="testAbaNumberCheck_25633_good" classname="com.cardatechnologies.utils.validators.abaroutevalidator.Test_AbaRouteValidator_13a" time="0.019"/>
  <testcase name="testAbaNumberCheck_25528_bad" classname="com.cardatechnologies.utils.validators.abaroutevalidator.Test_AbaRouteValidator_13a" time="0.022"/>
  <testcase name="testAbaNumberCheck_25078_bad" classname="com.cardatechnologies.utils.validators.abaroutevalidator.Test_AbaRouteValidator_13a" time="0.021"/>
  <testcase name="testAbaNumberCheck_26447_good" classname="com.cardatechnologies.utils.validators.abaroutevalidator.Test_AbaRouteValidator_13a" time="0.021"/>
  <testcase name="testAbaNumberCheck_25507_good" classname="com.cardatechnologies.utils.validators.abaroutevalidator.Test_AbaRouteValidator_13a" time="0.02"/>
  <testcase name="testAbaNumberCheck_25471_good" classname="com.cardatechnologies.utils.validators.abaroutevalidator.Test_AbaRouteValidator_13a" time="0.022"/>
  <testcase name="testAbaNumberCheck_26285_good" classname="com.cardatechnologies.utils.validators.abaroutevalidator.Test_AbaRouteValidator_13a" time="0.021"/>
  <testcase name="testAbaNumberCheck_25345_good" classname="com.cardatechnologies.utils.validators.abaroutevalidator.Test_AbaRouteValidator_13a" time="0.025"/>
  <testcase name="testAbaNumberCheck_26943_good" classname="com.cardatechnologies.utils.validators.abaroutevalidator.Test_AbaRouteValidator_13a" time="0.024"/>
  <testcase name="testAbaNumberCheck_27099_good" classname="com.cardatechnologies.utils.validators.abaroutevalidator.Test_AbaRouteValidator_13a" time="0.021"/>
  <testcase name="testAbaNumberCheck_27150_bad" classname="com.cardatechnologies.utils.validators.abaroutevalidator.Test_AbaRouteValidator_13a" time="0.022"/>
  <testcase name="testAbaNumberCheck_26159_good" classname="com.cardatechnologies.utils.validators.abaroutevalidator.Test_AbaRouteValidator_13a" time="0.027"/>
  <testcase name="testAbaNumberCheck_25219_good" classname="com.cardatechnologies.utils.validators.abaroutevalidator.Test_AbaRouteValidator_13a" time="0.019"/>
  <testcase name="testAbaNumberCheck_27152_bad" classname="com.cardatechnologies.utils.validators.abaroutevalidator.Test_AbaRouteValidator_13a" time="0.021"/>
  <testcase name="testAbaNumberCheck_26817_good" classname="com.cardatechnologies.utils.validators.abaroutevalidator.Test_AbaRouteValidator_13a" time="0.021"/>
  <testcase name="testAbaNumberCheck_25183_good" classname="com.cardatechnologies.utils.validators.abaroutevalidator.Test_AbaRouteValidator_13a" time="0.022"/>
  <testcase name="testAbaNumberCheck_26340_bad" classname="com.cardatechnologies.utils.validators.abaroutevalidator.Test_AbaRouteValidator_13a" time="0.019"/>
  <testcase name="testAbaNumberCheck_27154_bad" classname="com.cardatechnologies.utils.validators.abaroutevalidator.Test_AbaRouteValidator_13a" time="0.019"/>
  <testcase name="testAbaNumberCheck_26342_bad" classname="com.cardatechnologies.utils.validators.abaroutevalidator.Test_AbaRouteValidator_13a" time="0.019"/>
  <testcase name="testAbaNumberCheck_26781_good" classname="com.cardatechnologies.utils.validators.abaroutevalidator.Test_AbaRouteValidator_13a" time="0.019"/>
  <testcase name="testAbaNumberCheck_27156_bad" classname="com.cardatechnologies.utils.validators.abaroutevalidator.Test_AbaRouteValidator_13a" time="0.02"/>
  <testcase name="testAbaNumberCheck_25841_good" classname="com.cardatechnologies.utils.validators.abaroutevalidator.Test_AbaRouteValidator_13a" time="0.02"/>
  <testcase name="testAbaNumberCheck_25530_bad" classname="com.cardatechnologies.utils.validators.abaroutevalidator.Test_AbaRouteValidator_13a" time="0.019"/>
  <testcase name="testAbaNumberCheck_26344_bad" classname="com.cardatechnologies.utils.validators.abaroutevalidator.Test_AbaRouteValidator_13a" time="0.022"/>
  <testcase name="testAbaNumberCheck_27158_bad" classname="com.cardatechnologies.utils.validators.abaroutevalidator.Test_AbaRouteValidator_13a" time="0.021"/>
  <testcase name="testAbaNumberCheck_25057_good" classname="com.cardatechnologies.utils.validators.abaroutevalidator.Test_AbaRouteValidator_13a" time="0.021"/>
  <testcase name="testAbaNumberCheck_25080_bad" classname="com.cardatechnologies.utils.validators.abaroutevalidator.Test_AbaRouteValidator_13a" time="0.02"/>
  <testcase name="testAbaNumberCheck_25532_bad" classname="com.cardatechnologies.utils.validators.abaroutevalidator.Test_AbaRouteValidator_13a" time="0.019"/>
  <testcase name="testAbaNumberCheck_26346_bad" classname="com.cardatechnologies.utils.validators.abaroutevalidator.Test_AbaRouteValidator_13a" time="0.018"/>
  <testcase name="testAbaNumberCheck_25082_bad" classname="com.cardatechnologies.utils.validators.abaroutevalidator.Test_AbaRouteValidator_13a" time="0.018"/>
  <testcase name="testAbaNumberCheck_26655_good" classname="com.cardatechnologies.utils.validators.abaroutevalidator.Test_AbaRouteValidator_13a" time="0.017"/>
  <testcase name="testAbaNumberCheck_25715_good" classname="com.cardatechnologies.utils.validators.abaroutevalidator.Test_AbaRouteValidator_13a" time="0.018"/>
  <testcase name="testAbaNumberCheck_25534_bad" classname="com.cardatechnologies.utils.validators.abaroutevalidator.Test_AbaRouteValidator_13a" time="0.018"/>
  <testcase name="testAbaNumberCheck_26348_bad" classname="com.cardatechnologies.utils.validators.abaroutevalidator.Test_AbaRouteValidator_13a" time="0.021"/>
  <testcase name="testAbaNumberCheck_25084_bad" classname="com.cardatechnologies.utils.validators.abaroutevalidator.Test_AbaRouteValidator_13a" time="0.021"/>
  <testcase name="testAbaNumberCheck_25536_bad" classname="com.cardatechnologies.utils.validators.abaroutevalidator.Test_AbaRouteValidator_13a" time="0.018"/>
  <testcase name="testAbaNumberCheck_25086_bad" classname="com.cardatechnologies.utils.validators.abaroutevalidator.Test_AbaRouteValidator_13a" time="0.018"/>
  <testcase name="testAbaNumberCheck_26529_good" classname="com.cardatechnologies.utils.validators.abaroutevalidator.Test_AbaRouteValidator_13a" time="0.025"/>
  <testcase name="testAbaNumberCheck_25538_bad" classname="com.cardatechnologies.utils.validators.abaroutevalidator.Test_AbaRouteValidator_13a" time="0.019"/>
  <testcase name="testAbaNumberCheck_25088_bad" classname="com.cardatechnologies.utils.validators.abaroutevalidator.Test_AbaRouteValidator_13a" time="0.021"/>
  <testcase name="testAbaNumberCheck_26493_good" classname="com.cardatechnologies.utils.validators.abaroutevalidator.Test_AbaRouteValidator_13a" time="0.02"/>
  <testcase name="testAbaNumberCheck_25553_good" classname="com.cardatechnologies.utils.validators.abaroutevalidator.Test_AbaRouteValidator_13a" time="0.02"/>
  <testcase name="testAbaNumberCheck_26367_good" classname="com.cardatechnologies.utils.validators.abaroutevalidator.Test_AbaRouteValidator_13a" time="0.021"/>
  <testcase name="testAbaNumberCheck_25427_good" classname="com.cardatechnologies.utils.validators.abaroutevalidator.Test_AbaRouteValidator_13a" time="0.022"/>
  <testcase name="testAbaNumberCheck_25391_good" classname="com.cardatechnologies.utils.validators.abaroutevalidator.Test_AbaRouteValidator_13a" time="0.022"/>
  <testcase name="testAbaNumberCheck_25265_good" classname="com.cardatechnologies.utils.validators.abaroutevalidator.Test_AbaRouteValidator_13a" time="0.019"/>
  <testcase name="testAbaNumberCheck_27160_bad" classname="com.cardatechnologies.utils.validators.abaroutevalidator.Test_AbaRouteValidator_13a" time="0.018"/>
  <testcase name="testAbaNumberCheck_27162_bad" classname="com.cardatechnologies.utils.validators.abaroutevalidator.Test_AbaRouteValidator_13a" time="0.022"/>
  <testcase name="testAbaNumberCheck_26863_good" classname="com.cardatechnologies.utils.validators.abaroutevalidator.Test_AbaRouteValidator_13a" time="0.019"/>
  <testcase name="testAbaNumberCheck_25923_good" classname="com.cardatechnologies.utils.validators.abaroutevalidator.Test_AbaRouteValidator_13a" time="0.019"/>
  <testcase name="testAbaNumberCheck_26800_bad" classname="com.cardatechnologies.utils.validators.abaroutevalidator.Test_AbaRouteValidator_13a" time="0.02"/>
  <testcase name="testAbaNumberCheck_26350_bad" classname="com.cardatechnologies.utils.validators.abaroutevalidator.Test_AbaRouteValidator_13a" time="0.018"/>
  <testcase name="testAbaNumberCheck_26079_good" classname="com.cardatechnologies.utils.validators.abaroutevalidator.Test_AbaRouteValidator_13a" time="0.019"/>
  <testcase name="testAbaNumberCheck_27164_bad" classname="com.cardatechnologies.utils.validators.abaroutevalidator.Test_AbaRouteValidator_13a" time="0.018"/>
  <testcase name="testAbaNumberCheck_25139_good" classname="com.cardatechnologies.utils.validators.abaroutevalidator.Test_AbaRouteValidator_13a" time="0.018"/>
  <testcase name="testAbaNumberCheck_26802_bad" classname="com.cardatechnologies.utils.validators.abaroutevalidator.Test_AbaRouteValidator_13a" time="0.019"/>
  <testcase name="testAbaNumberCheck_26352_bad" classname="com.cardatechnologies.utils.validators.abaroutevalidator.Test_AbaRouteValidator_13a" time="0.019"/>
  <testcase name="testAbaNumberCheck_27166_bad" classname="com.cardatechnologies.utils.validators.abaroutevalidator.Test_AbaRouteValidator_13a" time="0.018"/>
  <testcase name="testAbaNumberCheck_26737_good" classname="com.cardatechnologies.utils.validators.abaroutevalidator.Test_AbaRouteValidator_13a" time="0.019"/>
  <testcase name="testAbaNumberCheck_26804_bad" classname="com.cardatechnologies.utils.validators.abaroutevalidator.Test_AbaRouteValidator_13a" time="0.018"/>
  <testcase name="testAbaNumberCheck_25540_bad" classname="com.cardatechnologies.utils.validators.abaroutevalidator.Test_AbaRouteValidator_13a" time="0.025"/>
  <testcase name="testAbaNumberCheck_26354_bad" classname="com.cardatechnologies.utils.validators.abaroutevalidator.Test_AbaRouteValidator_13a" time="0.019"/>
  <testcase name="testAbaNumberCheck_27168_bad" classname="com.cardatechnologies.utils.validators.abaroutevalidator.Test_AbaRouteValidator_13a" time="0.019"/>
  <testcase name="testAbaNumberCheck_25090_bad" classname="com.cardatechnologies.utils.validators.abaroutevalidator.Test_AbaRouteValidator_13a" time="0.025"/>
  <testcase name="testAbaNumberCheck_26806_bad" classname="com.cardatechnologies.utils.validators.abaroutevalidator.Test_AbaRouteValidator_13a" time="0.021"/>
  <testcase name="testAbaNumberCheck_25542_bad" classname="com.cardatechnologies.utils.validators.abaroutevalidator.Test_AbaRouteValidator_13a" time="0.018"/>
  <testcase name="testAbaNumberCheck_26356_bad" classname="com.cardatechnologies.utils.validators.abaroutevalidator.Test_AbaRouteValidator_13a" time="0.019"/>
  <testcase name="testAbaNumberCheck_25761_good" classname="com.cardatechnologies.utils.validators.abaroutevalidator.Test_AbaRouteValidator_13a" time="0.019"/>
  <testcase name="testAbaNumberCheck_25092_bad" classname="com.cardatechnologies.utils.validators.abaroutevalidator.Test_AbaRouteValidator_13a" time="0.019"/>
  <testcase name="testAbaNumberCheck_26808_bad" classname="com.cardatechnologies.utils.validators.abaroutevalidator.Test_AbaRouteValidator_13a" time="0.018"/>
  <testcase name="testAbaNumberCheck_25544_bad" classname="com.cardatechnologies.utils.validators.abaroutevalidator.Test_AbaRouteValidator_13a" time="0.02"/>
  <testcase name="testAbaNumberCheck_26358_bad" classname="com.cardatechnologies.utils.validators.abaroutevalidator.Test_AbaRouteValidator_13a" time="0.018"/>
  <testcase name="testAbaNumberCheck_25094_bad" classname="com.cardatechnologies.utils.validators.abaroutevalidator.Test_AbaRouteValidator_13a" time="0.019"/>
  <testcase name="testAbaNumberCheck_25546_bad" classname="com.cardatechnologies.utils.validators.abaroutevalidator.Test_AbaRouteValidator_13a" time="0.018"/>
  <testcase name="testAbaNumberCheck_26575_good" classname="com.cardatechnologies.utils.validators.abaroutevalidator.Test_AbaRouteValidator_13a" time="0.019"/>
  <testcase name="testAbaNumberCheck_25096_bad" classname="com.cardatechnologies.utils.validators.abaroutevalidator.Test_AbaRouteValidator_13a" time="0.019"/>
  <testcase name="testAbaNumberCheck_25635_good" classname="com.cardatechnologies.utils.validators.abaroutevalidator.Test_AbaRouteValidator_13a" time="0.02"/>
  <testcase name="testAbaNumberCheck_25548_bad" classname="com.cardatechnologies.utils.validators.abaroutevalidator.Test_AbaRouteValidator_13a" time="0.018"/>
  <testcase name="testAbaNumberCheck_25098_bad" classname="com.cardatechnologies.utils.validators.abaroutevalidator.Test_AbaRouteValidator_13a" time="0.017"/>
  <testcase name="testAbaNumberCheck_26449_good" classname="com.cardatechnologies.utils.validators.abaroutevalidator.Test_AbaRouteValidator_13a" time="0.019"/>
  <testcase name="testAbaNumberCheck_25509_good" classname="com.cardatechnologies.utils.validators.abaroutevalidator.Test_AbaRouteValidator_13a" time="0.018"/>
  <testcase name="testAbaNumberCheck_25473_good" classname="com.cardatechnologies.utils.validators.abaroutevalidator.Test_AbaRouteValidator_13a" time="0.018"/>
  <testcase name="testAbaNumberCheck_26287_good" classname="com.cardatechnologies.utils.validators.abaroutevalidator.Test_AbaRouteValidator_13a" time="0.02"/>
  <testcase name="testAbaNumberCheck_25347_good" classname="com.cardatechnologies.utils.validators.abaroutevalidator.Test_AbaRouteValidator_13a" time="0.019"/>
  <testcase name="testAbaNumberCheck_26945_good" classname="com.cardatechnologies.utils.validators.abaroutevalidator.Test_AbaRouteValidator_13a" time="0.019"/>
  <testcase name="testAbaNumberCheck_27170_bad" classname="com.cardatechnologies.utils.validators.abaroutevalidator.Test_AbaRouteValidator_13a" time="0.019"/>
  <testcase name="testAbaNumberCheck_27172_bad" classname="com.cardatechnologies.utils.validators.abaroutevalidator.Test_AbaRouteValidator_13a" time="0.018"/>
  <testcase name="testAbaNumberCheck_26819_good" classname="com.cardatechnologies.utils.validators.abaroutevalidator.Test_AbaRouteValidator_13a" time="0.025"/>
  <testcase name="testAbaNumberCheck_26810_bad" classname="com.cardatechnologies.utils.validators.abaroutevalidator.Test_AbaRouteValidator_13a" time="0.019"/>
  <testcase name="testAbaNumberCheck_25185_good" classname="com.cardatechnologies.utils.validators.abaroutevalidator.Test_AbaRouteValidator_13a" time="0.018"/>
  <testcase name="testAbaNumberCheck_26360_bad" classname="com.cardatechnologies.utils.validators.abaroutevalidator.Test_AbaRouteValidator_13a" time="0.021"/>
  <testcase name="testAbaNumberCheck_27174_bad" classname="com.cardatechnologies.utils.validators.abaroutevalidator.Test_AbaRouteValidator_13a" time="0.023"/>
  <testcase name="testAbaNumberCheck_26812_bad" classname="com.cardatechnologies.utils.validators.abaroutevalidator.Test_AbaRouteValidator_13a" time="0.018"/>
  <testcase name="testAbaNumberCheck_26362_bad" classname="com.cardatechnologies.utils.validators.abaroutevalidator.Test_AbaRouteValidator_13a" time="0.018"/>
  <testcase name="testAbaNumberCheck_26783_good" classname="com.cardatechnologies.utils.validators.abaroutevalidator.Test_AbaRouteValidator_13a" time="0.018"/>
  <testcase name="testAbaNumberCheck_27176_bad" classname="com.cardatechnologies.utils.validators.abaroutevalidator.Test_AbaRouteValidator_13a" time="0.018"/>
  <testcase name="testAbaNumberCheck_25843_good" classname="com.cardatechnologies.utils.validators.abaroutevalidator.Test_AbaRouteValidator_13a" time="0.017"/>
  <testcase name="testAbaNumberCheck_26814_bad" classname="com.cardatechnologies.utils.validators.abaroutevalidator.Test_AbaRouteValidator_13a" time="0.018"/>
  <testcase name="testAbaNumberCheck_25550_bad" classname="com.cardatechnologies.utils.validators.abaroutevalidator.Test_AbaRouteValidator_13a" time="0.017"/>
  <testcase name="testAbaNumberCheck_26364_bad" classname="com.cardatechnologies.utils.validators.abaroutevalidator.Test_AbaRouteValidator_13a" time="0.018"/>
  <testcase name="testAbaNumberCheck_27178_bad" classname="com.cardatechnologies.utils.validators.abaroutevalidator.Test_AbaRouteValidator_13a" time="0.019"/>
  <testcase name="testAbaNumberCheck_25059_good" classname="com.cardatechnologies.utils.validators.abaroutevalidator.Test_AbaRouteValidator_13a" time="0.019"/>
  <testcase name="testAbaNumberCheck_26816_bad" classname="com.cardatechnologies.utils.validators.abaroutevalidator.Test_AbaRouteValidator_13a" time="0.017"/>
  <testcase name="testAbaNumberCheck_25552_bad" classname="com.cardatechnologies.utils.validators.abaroutevalidator.Test_AbaRouteValidator_13a" time="0.019"/>
  <testcase name="testAbaNumberCheck_26366_bad" classname="com.cardatechnologies.utils.validators.abaroutevalidator.Test_AbaRouteValidator_13a" time="0.017"/>
  <testcase name="testAbaNumberCheck_26657_good" classname="com.cardatechnologies.utils.validators.abaroutevalidator.Test_AbaRouteValidator_13a" time="0.017"/>
  <testcase name="testAbaNumberCheck_25717_good" classname="com.cardatechnologies.utils.validators.abaroutevalidator.Test_AbaRouteValidator_13a" time="0.018"/>
  <testcase name="testAbaNumberCheck_26818_bad" classname="com.cardatechnologies.utils.validators.abaroutevalidator.Test_AbaRouteValidator_13a" time="0.019"/>
  <testcase name="testAbaNumberCheck_25554_bad" classname="com.cardatechnologies.utils.validators.abaroutevalidator.Test_AbaRouteValidator_13a" time="0.021"/>
  <testcase name="testAbaNumberCheck_26368_bad" classname="com.cardatechnologies.utils.validators.abaroutevalidator.Test_AbaRouteValidator_13a" time="0.018"/>
  <testcase name="testAbaNumberCheck_25556_bad" classname="com.cardatechnologies.utils.validators.abaroutevalidator.Test_AbaRouteValidator_13a" time="0.017"/>
  <testcase name="testAbaNumberCheck_25681_good" classname="com.cardatechnologies.utils.validators.abaroutevalidator.Test_AbaRouteValidator_13a" time="0.018"/>
  <testcase name="testAbaNumberCheck_25558_bad" classname="com.cardatechnologies.utils.validators.abaroutevalidator.Test_AbaRouteValidator_13a" time="0.018"/>
  <testcase name="testAbaNumberCheck_26495_good" classname="com.cardatechnologies.utils.validators.abaroutevalidator.Test_AbaRouteValidator_13a" time="0.018"/>
  <testcase name="testAbaNumberCheck_25555_good" classname="com.cardatechnologies.utils.validators.abaroutevalidator.Test_AbaRouteValidator_13a" time="0.019"/>
  <testcase name="testAbaNumberCheck_26369_good" classname="com.cardatechnologies.utils.validators.abaroutevalidator.Test_AbaRouteValidator_13a" time="0.024"/>
  <testcase name="testAbaNumberCheck_25429_good" classname="com.cardatechnologies.utils.validators.abaroutevalidator.Test_AbaRouteValidator_13a" time="0.018"/>
  <testcase name="testAbaNumberCheck_25393_good" classname="com.cardatechnologies.utils.validators.abaroutevalidator.Test_AbaRouteValidator_13a" time="0.018"/>
  <testcase name="testAbaNumberCheck_26991_good" classname="com.cardatechnologies.utils.validators.abaroutevalidator.Test_AbaRouteValidator_13a" time="0.03"/>
  <testcase name="testAbaNumberCheck_25267_good" classname="com.cardatechnologies.utils.validators.abaroutevalidator.Test_AbaRouteValidator_13a" time="0.022"/>
  <testcase name="testAbaNumberCheck_27180_bad" classname="com.cardatechnologies.utils.validators.abaroutevalidator.Test_AbaRouteValidator_13a" time="0.02"/>
  <testcase name="testAbaNumberCheck_27182_bad" classname="com.cardatechnologies.utils.validators.abaroutevalidator.Test_AbaRouteValidator_13a" time="0.02"/>
  <testcase name="testAbaNumberCheck_26865_good" classname="com.cardatechnologies.utils.validators.abaroutevalidator.Test_AbaRouteValidator_13a" time="0.02"/>
  <testcase name="testAbaNumberCheck_25925_good" classname="com.cardatechnologies.utils.validators.abaroutevalidator.Test_AbaRouteValidator_13a" time="0.021"/>
  <testcase name="testAbaNumberCheck_26820_bad" classname="com.cardatechnologies.utils.validators.abaroutevalidator.Test_AbaRouteValidator_13a" time="0.017"/>
  <testcase name="testAbaNumberCheck_26370_bad" classname="com.cardatechnologies.utils.validators.abaroutevalidator.Test_AbaRouteValidator_13a" time="0.022"/>
  <testcase name="testAbaNumberCheck_27184_bad" classname="com.cardatechnologies.utils.validators.abaroutevalidator.Test_AbaRouteValidator_13a" time="0.02"/>
  <testcase name="testAbaNumberCheck_26822_bad" classname="com.cardatechnologies.utils.validators.abaroutevalidator.Test_AbaRouteValidator_13a" time="0.018"/>
  <testcase name="testAbaNumberCheck_26372_bad" classname="com.cardatechnologies.utils.validators.abaroutevalidator.Test_AbaRouteValidator_13a" time="0.018"/>
  <testcase name="testAbaNumberCheck_27186_bad" classname="com.cardatechnologies.utils.validators.abaroutevalidator.Test_AbaRouteValidator_13a" time="0.02"/>
  <testcase name="testAbaNumberCheck_26739_good" classname="com.cardatechnologies.utils.validators.abaroutevalidator.Test_AbaRouteValidator_13a" time="0.019"/>
  <testcase name="testAbaNumberCheck_26824_bad" classname="com.cardatechnologies.utils.validators.abaroutevalidator.Test_AbaRouteValidator_13a" time="0.019"/>
  <testcase name="testAbaNumberCheck_25560_bad" classname="com.cardatechnologies.utils.validators.abaroutevalidator.Test_AbaRouteValidator_13a" time="0.019"/>
  <testcase name="testAbaNumberCheck_26374_bad" classname="com.cardatechnologies.utils.validators.abaroutevalidator.Test_AbaRouteValidator_13a" time="0.019"/>
  <testcase name="testAbaNumberCheck_27188_bad" classname="com.cardatechnologies.utils.validators.abaroutevalidator.Test_AbaRouteValidator_13a" time="0.022"/>
  <testcase name="testAbaNumberCheck_26826_bad" classname="com.cardatechnologies.utils.validators.abaroutevalidator.Test_AbaRouteValidator_13a" time="0.019"/>
  <testcase name="testAbaNumberCheck_25562_bad" classname="com.cardatechnologies.utils.validators.abaroutevalidator.Test_AbaRouteValidator_13a" time="0.018"/>
  <testcase name="testAbaNumberCheck_26376_bad" classname="com.cardatechnologies.utils.validators.abaroutevalidator.Test_AbaRouteValidator_13a" time="0.02"/>
  <testcase name="testAbaNumberCheck_25763_good" classname="com.cardatechnologies.utils.validators.abaroutevalidator.Test_AbaRouteValidator_13a" time="0.019"/>
  <testcase name="testAbaNumberCheck_26828_bad" classname="com.cardatechnologies.utils.validators.abaroutevalidator.Test_AbaRouteValidator_13a" time="0.019"/>
  <testcase name="testAbaNumberCheck_25564_bad" classname="com.cardatechnologies.utils.validators.abaroutevalidator.Test_AbaRouteValidator_13a" time="0.018"/>
  <testcase name="testAbaNumberCheck_26378_bad" classname="com.cardatechnologies.utils.validators.abaroutevalidator.Test_AbaRouteValidator_13a" time="0.026"/>
  <testcase name="testAbaNumberCheck_25566_bad" classname="com.cardatechnologies.utils.validators.abaroutevalidator.Test_AbaRouteValidator_13a" time="0.018"/>
  <testcase name="testAbaNumberCheck_26577_good" classname="com.cardatechnologies.utils.validators.abaroutevalidator.Test_AbaRouteValidator_13a" time="0.018"/>
  <testcase name="testAbaNumberCheck_25637_good" classname="com.cardatechnologies.utils.validators.abaroutevalidator.Test_AbaRouteValidator_13a" time="0.018"/>
  <testcase name="testAbaNumberCheck_25568_bad" classname="com.cardatechnologies.utils.validators.abaroutevalidator.Test_AbaRouteValidator_13a" time="0.028"/>
  <testcase name="testAbaNumberCheck_25475_good" classname="com.cardatechnologies.utils.validators.abaroutevalidator.Test_AbaRouteValidator_13a" time="0.018"/>
  <testcase name="testAbaNumberCheck_26289_good" classname="com.cardatechnologies.utils.validators.abaroutevalidator.Test_AbaRouteValidator_13a" time="0.018"/>
  <testcase name="testAbaNumberCheck_25349_good" classname="com.cardatechnologies.utils.validators.abaroutevalidator.Test_AbaRouteValidator_13a" time="0.018"/>
  <testcase name="testAbaNumberCheck_26947_good" classname="com.cardatechnologies.utils.validators.abaroutevalidator.Test_AbaRouteValidator_13a" time="0.019"/>
  <testcase name="testAbaNumberCheck_27190_bad" classname="com.cardatechnologies.utils.validators.abaroutevalidator.Test_AbaRouteValidator_13a" time="0.019"/>
  <testcase name="testAbaNumberCheck_25971_good" classname="com.cardatechnologies.utils.validators.abaroutevalidator.Test_AbaRouteValidator_13a" time="0.019"/>
  <testcase name="testAbaNumberCheck_27192_bad" classname="com.cardatechnologies.utils.validators.abaroutevalidator.Test_AbaRouteValidator_13a" time="0.018"/>
  <testcase name="testAbaNumberCheck_26830_bad" classname="com.cardatechnologies.utils.validators.abaroutevalidator.Test_AbaRouteValidator_13a" time="0.018"/>
  <testcase name="testAbaNumberCheck_25187_good" classname="com.cardatechnologies.utils.validators.abaroutevalidator.Test_AbaRouteValidator_13a" time="0.017"/>
  <testcase name="testAbaNumberCheck_26380_bad" classname="com.cardatechnologies.utils.validators.abaroutevalidator.Test_AbaRouteValidator_13a" time="0.019"/>
  <testcase name="testAbaNumberCheck_27194_bad" classname="com.cardatechnologies.utils.validators.abaroutevalidator.Test_AbaRouteValidator_13a" time="0.017"/>
  <testcase name="testAbaNumberCheck_26832_bad" classname="com.cardatechnologies.utils.validators.abaroutevalidator.Test_AbaRouteValidator_13a" time="0.018"/>
  <testcase name="testAbaNumberCheck_26382_bad" classname="com.cardatechnologies.utils.validators.abaroutevalidator.Test_AbaRouteValidator_13a" time="0.018"/>
  <testcase name="testAbaNumberCheck_26785_good" classname="com.cardatechnologies.utils.validators.abaroutevalidator.Test_AbaRouteValidator_13a" time="0.017"/>
  <testcase name="testAbaNumberCheck_27196_bad" classname="com.cardatechnologies.utils.validators.abaroutevalidator.Test_AbaRouteValidator_13a" time="0.017"/>
  <testcase name="testAbaNumberCheck_25845_good" classname="com.cardatechnologies.utils.validators.abaroutevalidator.Test_AbaRouteValidator_13a" time="0.019"/>
  <testcase name="testAbaNumberCheck_26834_bad" classname="com.cardatechnologies.utils.validators.abaroutevalidator.Test_AbaRouteValidator_13a" time="0.018"/>
  <testcase name="testAbaNumberCheck_25570_bad" classname="com.cardatechnologies.utils.validators.abaroutevalidator.Test_AbaRouteValidator_13a" time="0.018"/>
  <testcase name="testAbaNumberCheck_26384_bad" classname="com.cardatechnologies.utils.validators.abaroutevalidator.Test_AbaRouteValidator_13a" time="0.019"/>
  <testcase name="testAbaNumberCheck_27198_bad" classname="com.cardatechnologies.utils.validators.abaroutevalidator.Test_AbaRouteValidator_13a" time="0.018"/>
  <testcase name="testAbaNumberCheck_26836_bad" classname="com.cardatechnologies.utils.validators.abaroutevalidator.Test_AbaRouteValidator_13a" time="0.017"/>
  <testcase name="testAbaNumberCheck_25572_bad" classname="com.cardatechnologies.utils.validators.abaroutevalidator.Test_AbaRouteValidator_13a" time="0.019"/>
  <testcase name="testAbaNumberCheck_26386_bad" classname="com.cardatechnologies.utils.validators.abaroutevalidator.Test_AbaRouteValidator_13a" time="0.019"/>
  <testcase name="testAbaNumberCheck_26659_good" classname="com.cardatechnologies.utils.validators.abaroutevalidator.Test_AbaRouteValidator_13a" time="0.03"/>
  <testcase name="testAbaNumberCheck_25719_good" classname="com.cardatechnologies.utils.validators.abaroutevalidator.Test_AbaRouteValidator_13a" time="0.021"/>
  <testcase name="testAbaNumberCheck_26838_bad" classname="com.cardatechnologies.utils.validators.abaroutevalidator.Test_AbaRouteValidator_13a" time="0.019"/>
  <testcase name="testAbaNumberCheck_25574_bad" classname="com.cardatechnologies.utils.validators.abaroutevalidator.Test_AbaRouteValidator_13a" time="0.028"/>
  <testcase name="testAbaNumberCheck_26388_bad" classname="com.cardatechnologies.utils.validators.abaroutevalidator.Test_AbaRouteValidator_13a" time="0.019"/>
  <testcase name="testAbaNumberCheck_25576_bad" classname="com.cardatechnologies.utils.validators.abaroutevalidator.Test_AbaRouteValidator_13a" time="0.02"/>
  <testcase name="testAbaNumberCheck_25683_good" classname="com.cardatechnologies.utils.validators.abaroutevalidator.Test_AbaRouteValidator_13a" time="0.019"/>
  <testcase name="testAbaNumberCheck_25578_bad" classname="com.cardatechnologies.utils.validators.abaroutevalidator.Test_AbaRouteValidator_13a" time="0.02"/>
  <testcase name="testAbaNumberCheck_26497_good" classname="com.cardatechnologies.utils.validators.abaroutevalidator.Test_AbaRouteValidator_13a" time="0.02"/>
  <testcase name="testAbaNumberCheck_25557_good" classname="com.cardatechnologies.utils.validators.abaroutevalidator.Test_AbaRouteValidator_13a" time="0.017"/>
  <testcase name="testAbaNumberCheck_25395_good" classname="com.cardatechnologies.utils.validators.abaroutevalidator.Test_AbaRouteValidator_13a" time="0.019"/>
  <testcase name="testAbaNumberCheck_26993_good" classname="com.cardatechnologies.utils.validators.abaroutevalidator.Test_AbaRouteValidator_13a" time="0.017"/>
  <testcase name="testAbaNumberCheck_25269_good" classname="com.cardatechnologies.utils.validators.abaroutevalidator.Test_AbaRouteValidator_13a" time="0.019"/>
  <testcase name="testAbaNumberCheck_26867_good" classname="com.cardatechnologies.utils.validators.abaroutevalidator.Test_AbaRouteValidator_13a" time="0.018"/>
  <testcase name="testAbaNumberCheck_25927_good" classname="com.cardatechnologies.utils.validators.abaroutevalidator.Test_AbaRouteValidator_13a" time="0.018"/>
  <testcase name="testAbaNumberCheck_26840_bad" classname="com.cardatechnologies.utils.validators.abaroutevalidator.Test_AbaRouteValidator_13a" time="0.018"/>
  <testcase name="testAbaNumberCheck_26390_bad" classname="com.cardatechnologies.utils.validators.abaroutevalidator.Test_AbaRouteValidator_13a" time="0.018"/>
  <testcase name="testAbaNumberCheck_26842_bad" classname="com.cardatechnologies.utils.validators.abaroutevalidator.Test_AbaRouteValidator_13a" time="0.018"/>
  <testcase name="testAbaNumberCheck_25891_good" classname="com.cardatechnologies.utils.validators.abaroutevalidator.Test_AbaRouteValidator_13a" time="0.019"/>
  <testcase name="testAbaNumberCheck_26392_bad" classname="com.cardatechnologies.utils.validators.abaroutevalidator.Test_AbaRouteValidator_13a" time="0.018"/>
  <testcase name="testAbaNumberCheck_26844_bad" classname="com.cardatechnologies.utils.validators.abaroutevalidator.Test_AbaRouteValidator_13a" time="0.019"/>
  <testcase name="testAbaNumberCheck_25580_bad" classname="com.cardatechnologies.utils.validators.abaroutevalidator.Test_AbaRouteValidator_13a" time="0.018"/>
  <testcase name="testAbaNumberCheck_26394_bad" classname="com.cardatechnologies.utils.validators.abaroutevalidator.Test_AbaRouteValidator_13a" time="0.018"/>
  <testcase name="testAbaNumberCheck_26846_bad" classname="com.cardatechnologies.utils.validators.abaroutevalidator.Test_AbaRouteValidator_13a" time="0.017"/>
  <testcase name="testAbaNumberCheck_25582_bad" classname="com.cardatechnologies.utils.validators.abaroutevalidator.Test_AbaRouteValidator_13a" time="0.019"/>
  <testcase name="testAbaNumberCheck_26396_bad" classname="com.cardatechnologies.utils.validators.abaroutevalidator.Test_AbaRouteValidator_13a" time="0.019"/>
  <testcase name="testAbaNumberCheck_25765_good" classname="com.cardatechnologies.utils.validators.abaroutevalidator.Test_AbaRouteValidator_13a" time="0.017"/>
  <testcase name="testAbaNumberCheck_26848_bad" classname="com.cardatechnologies.utils.validators.abaroutevalidator.Test_AbaRouteValidator_13a" time="0.022"/>
  <testcase name="testAbaNumberCheck_25584_bad" classname="com.cardatechnologies.utils.validators.abaroutevalidator.Test_AbaRouteValidator_13a" time="0.022"/>
  <testcase name="testAbaNumberCheck_26398_bad" classname="com.cardatechnologies.utils.validators.abaroutevalidator.Test_AbaRouteValidator_13a" time="0.017"/>
  <testcase name="testAbaNumberCheck_25586_bad" classname="com.cardatechnologies.utils.validators.abaroutevalidator.Test_AbaRouteValidator_13a" time="0.023"/>
  <testcase name="testAbaNumberCheck_26579_good" classname="com.cardatechnologies.utils.validators.abaroutevalidator.Test_AbaRouteValidator_13a" time="0.024"/>
  <testcase name="testAbaNumberCheck_25639_good" classname="com.cardatechnologies.utils.validators.abaroutevalidator.Test_AbaRouteValidator_13a" time="0.017"/>
  <testcase name="testAbaNumberCheck_25588_bad" classname="com.cardatechnologies.utils.validators.abaroutevalidator.Test_AbaRouteValidator_13a" time="0.018"/>
  <testcase name="testAbaNumberCheck_25477_good" classname="com.cardatechnologies.utils.validators.abaroutevalidator.Test_AbaRouteValidator_13a" time="0.017"/>
  <testcase name="testAbaNumberCheck_26949_good" classname="com.cardatechnologies.utils.validators.abaroutevalidator.Test_AbaRouteValidator_13a" time="0.018"/>
  <testcase name="testAbaNumberCheck_25973_good" classname="com.cardatechnologies.utils.validators.abaroutevalidator.Test_AbaRouteValidator_13a" time="0.018"/>
  <testcase name="testAbaNumberCheck_26850_bad" classname="com.cardatechnologies.utils.validators.abaroutevalidator.Test_AbaRouteValidator_13a" time="0.018"/>
  <testcase name="testAbaNumberCheck_25189_good" classname="com.cardatechnologies.utils.validators.abaroutevalidator.Test_AbaRouteValidator_13a" time="0.018"/>
  <testcase name="testAbaNumberCheck_26852_bad" classname="com.cardatechnologies.utils.validators.abaroutevalidator.Test_AbaRouteValidator_13a" time="0.018"/>
  <testcase name="testAbaNumberCheck_26787_good" classname="com.cardatechnologies.utils.validators.abaroutevalidator.Test_AbaRouteValidator_13a" time="0.019"/>
  <testcase name="testAbaNumberCheck_25847_good" classname="com.cardatechnologies.utils.validators.abaroutevalidator.Test_AbaRouteValidator_13a" time="0.018"/>
  <testcase name="testAbaNumberCheck_26854_bad" classname="com.cardatechnologies.utils.validators.abaroutevalidator.Test_AbaRouteValidator_13a" time="0.018"/>
  <testcase name="testAbaNumberCheck_25590_bad" classname="com.cardatechnologies.utils.validators.abaroutevalidator.Test_AbaRouteValidator_13a" time="0.018"/>
  <testcase name="testAbaNumberCheck_26856_bad" classname="com.cardatechnologies.utils.validators.abaroutevalidator.Test_AbaRouteValidator_13a" time="0.017"/>
  <testcase name="testAbaNumberCheck_25592_bad" classname="com.cardatechnologies.utils.validators.abaroutevalidator.Test_AbaRouteValidator_13a" time="0.018"/>
  <testcase name="testAbaNumberCheck_26858_bad" classname="com.cardatechnologies.utils.validators.abaroutevalidator.Test_AbaRouteValidator_13a" time="0.019"/>
  <testcase name="testAbaNumberCheck_25594_bad" classname="com.cardatechnologies.utils.validators.abaroutevalidator.Test_AbaRouteValidator_13a" time="0.018"/>
  <testcase name="testAbaNumberCheck_25596_bad" classname="com.cardatechnologies.utils.validators.abaroutevalidator.Test_AbaRouteValidator_13a" time="0.018"/>
  <testcase name="testAbaNumberCheck_25685_good" classname="com.cardatechnologies.utils.validators.abaroutevalidator.Test_AbaRouteValidator_13a" time="0.018"/>
  <testcase name="testAbaNumberCheck_25598_bad" classname="com.cardatechnologies.utils.validators.abaroutevalidator.Test_AbaRouteValidator_13a" time="0.017"/>
  <testcase name="testAbaNumberCheck_26499_good" classname="com.cardatechnologies.utils.validators.abaroutevalidator.Test_AbaRouteValidator_13a" time="0.018"/>
  <testcase name="testAbaNumberCheck_25559_good" classname="com.cardatechnologies.utils.validators.abaroutevalidator.Test_AbaRouteValidator_13a" time="0.019"/>
  <testcase name="testAbaNumberCheck_25397_good" classname="com.cardatechnologies.utils.validators.abaroutevalidator.Test_AbaRouteValidator_13a" time="0.017"/>
  <testcase name="testAbaNumberCheck_26995_good" classname="com.cardatechnologies.utils.validators.abaroutevalidator.Test_AbaRouteValidator_13a" time="0.017"/>
  <testcase name="testAbaNumberCheck_26869_good" classname="com.cardatechnologies.utils.validators.abaroutevalidator.Test_AbaRouteValidator_13a" time="0.027"/>
  <testcase name="testAbaNumberCheck_25929_good" classname="com.cardatechnologies.utils.validators.abaroutevalidator.Test_AbaRouteValidator_13a" time="0.017"/>
  <testcase name="testAbaNumberCheck_26860_bad" classname="com.cardatechnologies.utils.validators.abaroutevalidator.Test_AbaRouteValidator_13a" time="0.017"/>
  <testcase name="testAbaNumberCheck_26862_bad" classname="com.cardatechnologies.utils.validators.abaroutevalidator.Test_AbaRouteValidator_13a" time="0.018"/>
  <testcase name="testAbaNumberCheck_25893_good" classname="com.cardatechnologies.utils.validators.abaroutevalidator.Test_AbaRouteValidator_13a" time="0.028"/>
  <testcase name="testAbaNumberCheck_26864_bad" classname="com.cardatechnologies.utils.validators.abaroutevalidator.Test_AbaRouteValidator_13a" time="0.018"/>
  <testcase name="testAbaNumberCheck_26866_bad" classname="com.cardatechnologies.utils.validators.abaroutevalidator.Test_AbaRouteValidator_13a" time="0.022"/>
  <testcase name="testAbaNumberCheck_25767_good" classname="com.cardatechnologies.utils.validators.abaroutevalidator.Test_AbaRouteValidator_13a" time="0.018"/>
  <testcase name="testAbaNumberCheck_26868_bad" classname="com.cardatechnologies.utils.validators.abaroutevalidator.Test_AbaRouteValidator_13a" time="0.017"/>
  <testcase name="testAbaNumberCheck_25479_good" classname="com.cardatechnologies.utils.validators.abaroutevalidator.Test_AbaRouteValidator_13a" time="0.019"/>
  <testcase name="testAbaNumberCheck_25975_good" classname="com.cardatechnologies.utils.validators.abaroutevalidator.Test_AbaRouteValidator_13a" time="0.018"/>
  <testcase name="testAbaNumberCheck_26870_bad" classname="com.cardatechnologies.utils.validators.abaroutevalidator.Test_AbaRouteValidator_13a" time="0.017"/>
  <testcase name="testAbaNumberCheck_26872_bad" classname="com.cardatechnologies.utils.validators.abaroutevalidator.Test_AbaRouteValidator_13a" time="0.018"/>
  <testcase name="testAbaNumberCheck_26789_good" classname="com.cardatechnologies.utils.validators.abaroutevalidator.Test_AbaRouteValidator_13a" time="0.018"/>
  <testcase name="testAbaNumberCheck_25849_good" classname="com.cardatechnologies.utils.validators.abaroutevalidator.Test_AbaRouteValidator_13a" time="0.019"/>
  <testcase name="testAbaNumberCheck_26874_bad" classname="com.cardatechnologies.utils.validators.abaroutevalidator.Test_AbaRouteValidator_13a" time="0.018"/>
  <testcase name="testAbaNumberCheck_26876_bad" classname="com.cardatechnologies.utils.validators.abaroutevalidator.Test_AbaRouteValidator_13a" time="0.018"/>
  <testcase name="testAbaNumberCheck_26878_bad" classname="com.cardatechnologies.utils.validators.abaroutevalidator.Test_AbaRouteValidator_13a" time="0.018"/>
  <testcase name="testAbaNumberCheck_25687_good" classname="com.cardatechnologies.utils.validators.abaroutevalidator.Test_AbaRouteValidator_13a" time="0.018"/>
  <testcase name="testAbaNumberCheck_25399_good" classname="com.cardatechnologies.utils.validators.abaroutevalidator.Test_AbaRouteValidator_13a" time="0.021"/>
  <testcase name="testAbaNumberCheck_26997_good" classname="com.cardatechnologies.utils.validators.abaroutevalidator.Test_AbaRouteValidator_13a" time="0.021"/>
  <testcase name="testAbaNumberCheck_26880_bad" classname="com.cardatechnologies.utils.validators.abaroutevalidator.Test_AbaRouteValidator_13a" time="0.022"/>
  <testcase name="testAbaNumberCheck_26882_bad" classname="com.cardatechnologies.utils.validators.abaroutevalidator.Test_AbaRouteValidator_13a" time="0.022"/>
  <testcase name="testAbaNumberCheck_25895_good" classname="com.cardatechnologies.utils.validators.abaroutevalidator.Test_AbaRouteValidator_13a" time="0.021"/>
  <testcase name="testAbaNumberCheck_26884_bad" classname="com.cardatechnologies.utils.validators.abaroutevalidator.Test_AbaRouteValidator_13a" time="0.021"/>
  <testcase name="testAbaNumberCheck_26886_bad" classname="com.cardatechnologies.utils.validators.abaroutevalidator.Test_AbaRouteValidator_13a" time="0.021"/>
  <testcase name="testAbaNumberCheck_25769_good" classname="com.cardatechnologies.utils.validators.abaroutevalidator.Test_AbaRouteValidator_13a" time="0.025"/>
  <testcase name="testAbaNumberCheck_26888_bad" classname="com.cardatechnologies.utils.validators.abaroutevalidator.Test_AbaRouteValidator_13a" time="0.023"/>
  <testcase name="testAbaNumberCheck_25977_good" classname="com.cardatechnologies.utils.validators.abaroutevalidator.Test_AbaRouteValidator_13a" time="0.02"/>
  <testcase name="testAbaNumberCheck_26890_bad" classname="com.cardatechnologies.utils.validators.abaroutevalidator.Test_AbaRouteValidator_13a" time="0.017"/>
  <testcase name="testAbaNumberCheck_26892_bad" classname="com.cardatechnologies.utils.validators.abaroutevalidator.Test_AbaRouteValidator_13a" time="0.026"/>
  <testcase name="testAbaNumberCheck_26894_bad" classname="com.cardatechnologies.utils.validators.abaroutevalidator.Test_AbaRouteValidator_13a" time="0.018"/>
  <testcase name="testAbaNumberCheck_26896_bad" classname="com.cardatechnologies.utils.validators.abaroutevalidator.Test_AbaRouteValidator_13a" time="0.017"/>
  <testcase name="testAbaNumberCheck_26898_bad" classname="com.cardatechnologies.utils.validators.abaroutevalidator.Test_AbaRouteValidator_13a" time="0.019"/>
  <testcase name="testAbaNumberCheck_25689_good" classname="com.cardatechnologies.utils.validators.abaroutevalidator.Test_AbaRouteValidator_13a" time="0.018"/>
  <testcase name="testAbaNumberCheck_26999_good" classname="com.cardatechnologies.utils.validators.abaroutevalidator.Test_AbaRouteValidator_13a" time="0.027"/>
  <testcase name="testAbaNumberCheck_25897_good" classname="com.cardatechnologies.utils.validators.abaroutevalidator.Test_AbaRouteValidator_13a" time="0.017"/>
  <testcase name="testAbaNumberCheck_25979_good" classname="com.cardatechnologies.utils.validators.abaroutevalidator.Test_AbaRouteValidator_13a" time="0.018"/>
  <testcase name="testAbaNumberCheck_27001_good" classname="com.cardatechnologies.utils.validators.abaroutevalidator.Test_AbaRouteValidator_13a" time="0.018"/>
  <testcase name="testAbaNumberCheck_25899_good" classname="com.cardatechnologies.utils.validators.abaroutevalidator.Test_AbaRouteValidator_13a" time="0.019"/>
  <testcase name="testAbaNumberCheck_27003_good" classname="com.cardatechnologies.utils.validators.abaroutevalidator.Test_AbaRouteValidator_13a" time="0.018"/>
  <testcase name="testAbaNumberCheck_27131_good" classname="com.cardatechnologies.utils.validators.abaroutevalidator.Test_AbaRouteValidator_13a" time="0.018"/>
  <testcase name="testAbaNumberCheck_27005_good" classname="com.cardatechnologies.utils.validators.abaroutevalidator.Test_AbaRouteValidator_13a" time="0.018"/>
  <testcase name="testAbaNumberCheck_27051_good" classname="com.cardatechnologies.utils.validators.abaroutevalidator.Test_AbaRouteValidator_13a" time="0.018"/>
  <testcase name="testAbaNumberCheck_26111_good" classname="com.cardatechnologies.utils.validators.abaroutevalidator.Test_AbaRouteValidator_13a" time="0.018"/>
  <testcase name="testAbaNumberCheck_27133_good" classname="com.cardatechnologies.utils.validators.abaroutevalidator.Test_AbaRouteValidator_13a" time="0.019"/>
  <testcase name="testAbaNumberCheck_27007_good" classname="com.cardatechnologies.utils.validators.abaroutevalidator.Test_AbaRouteValidator_13a" time="0.018"/>
  <testcase name="testAbaNumberCheck_26031_good" classname="com.cardatechnologies.utils.validators.abaroutevalidator.Test_AbaRouteValidator_13a" time="0.019"/>
  <testcase name="testAbaNumberCheck_26401_good" classname="com.cardatechnologies.utils.validators.abaroutevalidator.Test_AbaRouteValidator_13a" time="0.018"/>
  <testcase name="testAbaNumberCheck_27053_good" classname="com.cardatechnologies.utils.validators.abaroutevalidator.Test_AbaRouteValidator_13a" time="0.021"/>
  <testcase name="testAbaNumberCheck_26113_good" classname="com.cardatechnologies.utils.validators.abaroutevalidator.Test_AbaRouteValidator_13a" time="0.024"/>
  <testcase name="testAbaNumberCheck_25011_good" classname="com.cardatechnologies.utils.validators.abaroutevalidator.Test_AbaRouteValidator_13a" time="0.023"/>
  <testcase name="testAbaNumberCheck_26321_good" classname="com.cardatechnologies.utils.validators.abaroutevalidator.Test_AbaRouteValidator_13a" time="0.021"/>
  <testcase name="testAbaNumberCheck_27135_good" classname="com.cardatechnologies.utils.validators.abaroutevalidator.Test_AbaRouteValidator_13a" time="0.023"/>
  <testcase name="testAbaNumberCheck_27009_good" classname="com.cardatechnologies.utils.validators.abaroutevalidator.Test_AbaRouteValidator_13a" time="0.021"/>
  <testcase name="testAbaNumberCheck_26033_good" classname="com.cardatechnologies.utils.validators.abaroutevalidator.Test_AbaRouteValidator_13a" time="0.017"/>
  <testcase name="testAbaNumberCheck_26403_good" classname="com.cardatechnologies.utils.validators.abaroutevalidator.Test_AbaRouteValidator_13a" time="0.022"/>
  <testcase name="testAbaNumberCheck_27181_good" classname="com.cardatechnologies.utils.validators.abaroutevalidator.Test_AbaRouteValidator_13a" time="0.023"/>
  <testcase name="testAbaNumberCheck_26241_good" classname="com.cardatechnologies.utils.validators.abaroutevalidator.Test_AbaRouteValidator_13a" time="0.018"/>
  <testcase name="testAbaNumberCheck_25301_good" classname="com.cardatechnologies.utils.validators.abaroutevalidator.Test_AbaRouteValidator_13a" time="0.018"/>
  <testcase name="testAbaNumberCheck_27055_good" classname="com.cardatechnologies.utils.validators.abaroutevalidator.Test_AbaRouteValidator_13a" time="0.017"/>
  <testcase name="testAbaNumberCheck_26115_good" classname="com.cardatechnologies.utils.validators.abaroutevalidator.Test_AbaRouteValidator_13a" time="0.019"/>
  <testcase name="testAbaNumberCheck_25013_good" classname="com.cardatechnologies.utils.validators.abaroutevalidator.Test_AbaRouteValidator_13a" time="0.018"/>
  <testcase name="testAbaNumberCheck_26611_good" classname="com.cardatechnologies.utils.validators.abaroutevalidator.Test_AbaRouteValidator_13a" time="0.018"/>
  <testcase name="testAbaNumberCheck_26323_good" classname="com.cardatechnologies.utils.validators.abaroutevalidator.Test_AbaRouteValidator_13a" time="0.017"/>
  <testcase name="testAbaNumberCheck_27137_good" classname="com.cardatechnologies.utils.validators.abaroutevalidator.Test_AbaRouteValidator_13a" time="0.018"/>
  <testcase name="testAbaNumberCheck_26161_good" classname="com.cardatechnologies.utils.validators.abaroutevalidator.Test_AbaRouteValidator_13a" time="0.018"/>
  <testcase name="testAbaNumberCheck_25221_good" classname="com.cardatechnologies.utils.validators.abaroutevalidator.Test_AbaRouteValidator_13a" time="0.018"/>
  <testcase name="testAbaNumberCheck_26035_good" classname="com.cardatechnologies.utils.validators.abaroutevalidator.Test_AbaRouteValidator_13a" time="0.022"/>
  <testcase name="testAbaNumberCheck_25100_bad" classname="com.cardatechnologies.utils.validators.abaroutevalidator.Test_AbaRouteValidator_13a" time="0.018"/>
  <testcase name="testAbaNumberCheck_25102_bad" classname="com.cardatechnologies.utils.validators.abaroutevalidator.Test_AbaRouteValidator_13a" time="0.018"/>
  <testcase name="testAbaNumberCheck_25104_bad" classname="com.cardatechnologies.utils.validators.abaroutevalidator.Test_AbaRouteValidator_13a" time="0.017"/>
  <testcase name="testAbaNumberCheck_25106_bad" classname="com.cardatechnologies.utils.validators.abaroutevalidator.Test_AbaRouteValidator_13a" time="0.017"/>
  <testcase name="testAbaNumberCheck_26531_good" classname="com.cardatechnologies.utils.validators.abaroutevalidator.Test_AbaRouteValidator_13a" time="0.019"/>
  <testcase name="testAbaNumberCheck_25108_bad" classname="com.cardatechnologies.utils.validators.abaroutevalidator.Test_AbaRouteValidator_13a" time="0.019"/>
  <testcase name="testAbaNumberCheck_26405_good" classname="com.cardatechnologies.utils.validators.abaroutevalidator.Test_AbaRouteValidator_13a" time="0.018"/>
  <testcase name="testAbaNumberCheck_27183_good" classname="com.cardatechnologies.utils.validators.abaroutevalidator.Test_AbaRouteValidator_13a" time="0.018"/>
  <testcase name="testAbaNumberCheck_26243_good" classname="com.cardatechnologies.utils.validators.abaroutevalidator.Test_AbaRouteValidator_13a" time="0.018"/>
  <testcase name="testAbaNumberCheck_25303_good" classname="com.cardatechnologies.utils.validators.abaroutevalidator.Test_AbaRouteValidator_13a" time="0.018"/>
  <testcase name="testAbaNumberCheck_26901_good" classname="com.cardatechnologies.utils.validators.abaroutevalidator.Test_AbaRouteValidator_13a" time="0.019"/>
  <testcase name="testAbaNumberCheck_27057_good" classname="com.cardatechnologies.utils.validators.abaroutevalidator.Test_AbaRouteValidator_13a" time="0.017"/>
  <testcase name="testAbaNumberCheck_26117_good" classname="com.cardatechnologies.utils.validators.abaroutevalidator.Test_AbaRouteValidator_13a" time="0.024"/>
  <testcase name="testAbaNumberCheck_26081_good" classname="com.cardatechnologies.utils.validators.abaroutevalidator.Test_AbaRouteValidator_13a" time="0.018"/>
  <testcase name="testAbaNumberCheck_25141_good" classname="com.cardatechnologies.utils.validators.abaroutevalidator.Test_AbaRouteValidator_13a" time="0.019"/>
  <testcase name="testAbaNumberCheck_25110_bad" classname="com.cardatechnologies.utils.validators.abaroutevalidator.Test_AbaRouteValidator_13a" time="0.025"/>
  <testcase name="testAbaNumberCheck_25015_good" classname="com.cardatechnologies.utils.validators.abaroutevalidator.Test_AbaRouteValidator_13a" time="0.022"/>
  <testcase name="testAbaNumberCheck_25112_bad" classname="com.cardatechnologies.utils.validators.abaroutevalidator.Test_AbaRouteValidator_13a" time="0.019"/>
  <testcase name="testAbaNumberCheck_26613_good" classname="com.cardatechnologies.utils.validators.abaroutevalidator.Test_AbaRouteValidator_13a" time="0.018"/>
  <testcase name="testAbaNumberCheck_25114_bad" classname="com.cardatechnologies.utils.validators.abaroutevalidator.Test_AbaRouteValidator_13a" time="0.018"/>
  <testcase name="testAbaNumberCheck_25116_bad" classname="com.cardatechnologies.utils.validators.abaroutevalidator.Test_AbaRouteValidator_13a" time="0.018"/>
  <testcase name="testAbaNumberCheck_25118_bad" classname="com.cardatechnologies.utils.validators.abaroutevalidator.Test_AbaRouteValidator_13a" time="0.019"/>
  <testcase name="testAbaNumberCheck_26451_good" classname="com.cardatechnologies.utils.validators.abaroutevalidator.Test_AbaRouteValidator_13a" time="0.017"/>
  <testcase name="testAbaNumberCheck_25511_good" classname="com.cardatechnologies.utils.validators.abaroutevalidator.Test_AbaRouteValidator_13a" time="0.019"/>
  <testcase name="testAbaNumberCheck_26325_good" classname="com.cardatechnologies.utils.validators.abaroutevalidator.Test_AbaRouteValidator_13a" time="0.018"/>
  <testcase name="testAbaNumberCheck_27139_good" classname="com.cardatechnologies.utils.validators.abaroutevalidator.Test_AbaRouteValidator_13a" time="0.019"/>
  <testcase name="testAbaNumberCheck_26163_good" classname="com.cardatechnologies.utils.validators.abaroutevalidator.Test_AbaRouteValidator_13a" time="0.017"/>
  <testcase name="testAbaNumberCheck_25223_good" classname="com.cardatechnologies.utils.validators.abaroutevalidator.Test_AbaRouteValidator_13a" time="0.019"/>
  <testcase name="testAbaNumberCheck_26821_good" classname="com.cardatechnologies.utils.validators.abaroutevalidator.Test_AbaRouteValidator_13a" time="0.017"/>
  <testcase name="testAbaNumberCheck_26037_good" classname="com.cardatechnologies.utils.validators.abaroutevalidator.Test_AbaRouteValidator_13a" time="0.019"/>
  <testcase name="testAbaNumberCheck_25061_good" classname="com.cardatechnologies.utils.validators.abaroutevalidator.Test_AbaRouteValidator_13a" time="0.018"/>
  <testcase name="testAbaNumberCheck_25120_bad" classname="com.cardatechnologies.utils.validators.abaroutevalidator.Test_AbaRouteValidator_13a" time="0.02"/>
  <testcase name="testAbaNumberCheck_25122_bad" classname="com.cardatechnologies.utils.validators.abaroutevalidator.Test_AbaRouteValidator_13a" time="0.018"/>
  <testcase name="testAbaNumberCheck_25124_bad" classname="com.cardatechnologies.utils.validators.abaroutevalidator.Test_AbaRouteValidator_13a" time="0.019"/>
  <testcase name="testAbaNumberCheck_25126_bad" classname="com.cardatechnologies.utils.validators.abaroutevalidator.Test_AbaRouteValidator_13a" time="0.024"/>
  <testcase name="testAbaNumberCheck_26533_good" classname="com.cardatechnologies.utils.validators.abaroutevalidator.Test_AbaRouteValidator_13a" time="0.021"/>
  <testcase name="testAbaNumberCheck_25128_bad" classname="com.cardatechnologies.utils.validators.abaroutevalidator.Test_AbaRouteValidator_13a" time="0.021"/>
  <testcase name="testAbaNumberCheck_26407_good" classname="com.cardatechnologies.utils.validators.abaroutevalidator.Test_AbaRouteValidator_13a" time="0.019"/>
  <testcase name="testAbaNumberCheck_26371_good" classname="com.cardatechnologies.utils.validators.abaroutevalidator.Test_AbaRouteValidator_13a" time="0.019"/>
  <testcase name="testAbaNumberCheck_25431_good" classname="com.cardatechnologies.utils.validators.abaroutevalidator.Test_AbaRouteValidator_13a" time="0.024"/>
  <testcase name="testAbaNumberCheck_27185_good" classname="com.cardatechnologies.utils.validators.abaroutevalidator.Test_AbaRouteValidator_13a" time="0.018"/>
  <testcase name="testAbaNumberCheck_26245_good" classname="com.cardatechnologies.utils.validators.abaroutevalidator.Test_AbaRouteValidator_13a" time="0.02"/>
  <testcase name="testAbaNumberCheck_25305_good" classname="com.cardatechnologies.utils.validators.abaroutevalidator.Test_AbaRouteValidator_13a" time="0.025"/>
  <testcase name="testAbaNumberCheck_26903_good" classname="com.cardatechnologies.utils.validators.abaroutevalidator.Test_AbaRouteValidator_13a" time="0.021"/>
  <testcase name="testAbaNumberCheck_27059_good" classname="com.cardatechnologies.utils.validators.abaroutevalidator.Test_AbaRouteValidator_13a" time="0.019"/>
  <testcase name="testAbaNumberCheck_26119_good" classname="com.cardatechnologies.utils.validators.abaroutevalidator.Test_AbaRouteValidator_13a" time="0.019"/>
  <testcase name="testAbaNumberCheck_26083_good" classname="com.cardatechnologies.utils.validators.abaroutevalidator.Test_AbaRouteValidator_13a" time="0.018"/>
  <testcase name="testAbaNumberCheck_25143_good" classname="com.cardatechnologies.utils.validators.abaroutevalidator.Test_AbaRouteValidator_13a" time="0.02"/>
  <testcase name="testAbaNumberCheck_26741_good" classname="com.cardatechnologies.utils.validators.abaroutevalidator.Test_AbaRouteValidator_13a" time="0.018"/>
  <testcase name="testAbaNumberCheck_25801_good" classname="com.cardatechnologies.utils.validators.abaroutevalidator.Test_AbaRouteValidator_13a" time="0.02"/>
  <testcase name="testAbaNumberCheck_25130_bad" classname="com.cardatechnologies.utils.validators.abaroutevalidator.Test_AbaRouteValidator_13a" time="0.017"/>
  <testcase name="testAbaNumberCheck_25017_good" classname="com.cardatechnologies.utils.validators.abaroutevalidator.Test_AbaRouteValidator_13a" time="0.018"/>
  <testcase name="testAbaNumberCheck_25132_bad" classname="com.cardatechnologies.utils.validators.abaroutevalidator.Test_AbaRouteValidator_13a" time="0.018"/>
  <testcase name="testAbaNumberCheck_26615_good" classname="com.cardatechnologies.utils.validators.abaroutevalidator.Test_AbaRouteValidator_13a" time="0.018"/>
  <testcase name="testAbaNumberCheck_25134_bad" classname="com.cardatechnologies.utils.validators.abaroutevalidator.Test_AbaRouteValidator_13a" time="0.017"/>
  <testcase name="testAbaNumberCheck_25136_bad" classname="com.cardatechnologies.utils.validators.abaroutevalidator.Test_AbaRouteValidator_13a" time="0.018"/>
  <testcase name="testAbaNumberCheck_25138_bad" classname="com.cardatechnologies.utils.validators.abaroutevalidator.Test_AbaRouteValidator_13a" time="0.018"/>
  <testcase name="testAbaNumberCheck_26453_good" classname="com.cardatechnologies.utils.validators.abaroutevalidator.Test_AbaRouteValidator_13a" time="0.017"/>
  <testcase name="testAbaNumberCheck_25513_good" classname="com.cardatechnologies.utils.validators.abaroutevalidator.Test_AbaRouteValidator_13a" time="0.018"/>
  <testcase name="testAbaNumberCheck_26327_good" classname="com.cardatechnologies.utils.validators.abaroutevalidator.Test_AbaRouteValidator_13a" time="0.018"/>
  <testcase name="testAbaNumberCheck_26291_good" classname="com.cardatechnologies.utils.validators.abaroutevalidator.Test_AbaRouteValidator_13a" time="0.021"/>
  <testcase name="testAbaNumberCheck_25351_good" classname="com.cardatechnologies.utils.validators.abaroutevalidator.Test_AbaRouteValidator_13a" time="0.018"/>
  <testcase name="testAbaNumberCheck_26165_good" classname="com.cardatechnologies.utils.validators.abaroutevalidator.Test_AbaRouteValidator_13a" time="0.017"/>
  <testcase name="testAbaNumberCheck_25225_good" classname="com.cardatechnologies.utils.validators.abaroutevalidator.Test_AbaRouteValidator_13a" time="0.018"/>
  <testcase name="testAbaNumberCheck_26823_good" classname="com.cardatechnologies.utils.validators.abaroutevalidator.Test_AbaRouteValidator_13a" time="0.018"/>
  <testcase name="testAbaNumberCheck_26400_bad" classname="com.cardatechnologies.utils.validators.abaroutevalidator.Test_AbaRouteValidator_13a" time="0.018"/>
  <testcase name="testAbaNumberCheck_26039_good" classname="com.cardatechnologies.utils.validators.abaroutevalidator.Test_AbaRouteValidator_13a" time="0.023"/>
  <testcase name="testAbaNumberCheck_26402_bad" classname="com.cardatechnologies.utils.validators.abaroutevalidator.Test_AbaRouteValidator_13a" time="0.022"/>
  <testcase name="testAbaNumberCheck_26404_bad" classname="com.cardatechnologies.utils.validators.abaroutevalidator.Test_AbaRouteValidator_13a" time="0.018"/>
  <testcase name="testAbaNumberCheck_25063_good" classname="com.cardatechnologies.utils.validators.abaroutevalidator.Test_AbaRouteValidator_13a" time="0.019"/>
  <testcase name="testAbaNumberCheck_25140_bad" classname="com.cardatechnologies.utils.validators.abaroutevalidator.Test_AbaRouteValidator_13a" time="0.028"/>
  <testcase name="testAbaNumberCheck_26406_bad" classname="com.cardatechnologies.utils.validators.abaroutevalidator.Test_AbaRouteValidator_13a" time="0.019"/>
  <testcase name="testAbaNumberCheck_25142_bad" classname="com.cardatechnologies.utils.validators.abaroutevalidator.Test_AbaRouteValidator_13a" time="0.019"/>
  <testcase name="testAbaNumberCheck_26661_good" classname="com.cardatechnologies.utils.validators.abaroutevalidator.Test_AbaRouteValidator_13a" time="0.02"/>
  <testcase name="testAbaNumberCheck_25721_good" classname="com.cardatechnologies.utils.validators.abaroutevalidator.Test_AbaRouteValidator_13a" time="0.02"/>
  <testcase name="testAbaNumberCheck_26408_bad" classname="com.cardatechnologies.utils.validators.abaroutevalidator.Test_AbaRouteValidator_13a" time="0.022"/>
  <testcase name="testAbaNumberCheck_25144_bad" classname="com.cardatechnologies.utils.validators.abaroutevalidator.Test_AbaRouteValidator_13a" time="0.022"/>
  <testcase name="testAbaNumberCheck_25146_bad" classname="com.cardatechnologies.utils.validators.abaroutevalidator.Test_AbaRouteValidator_13a" time="0.02"/>
  <testcase name="testAbaNumberCheck_26535_good" classname="com.cardatechnologies.utils.validators.abaroutevalidator.Test_AbaRouteValidator_13a" time="0.019"/>
  <testcase name="testAbaNumberCheck_25148_bad" classname="com.cardatechnologies.utils.validators.abaroutevalidator.Test_AbaRouteValidator_13a" time="0.019"/>
  <testcase name="testAbaNumberCheck_26409_good" classname="com.cardatechnologies.utils.validators.abaroutevalidator.Test_AbaRouteValidator_13a" time="0.019"/>
  <testcase name="testAbaNumberCheck_26373_good" classname="com.cardatechnologies.utils.validators.abaroutevalidator.Test_AbaRouteValidator_13a" time="0.02"/>
  <testcase name="testAbaNumberCheck_25433_good" classname="com.cardatechnologies.utils.validators.abaroutevalidator.Test_AbaRouteValidator_13a" time="0.021"/>
  <testcase name="testAbaNumberCheck_27187_good" classname="com.cardatechnologies.utils.validators.abaroutevalidator.Test_AbaRouteValidator_13a" time="0.022"/>
  <testcase name="testAbaNumberCheck_26247_good" classname="com.cardatechnologies.utils.validators.abaroutevalidator.Test_AbaRouteValidator_13a" time="0.022"/>
  <testcase name="testAbaNumberCheck_25307_good" classname="com.cardatechnologies.utils.validators.abaroutevalidator.Test_AbaRouteValidator_13a" time="0.02"/>
  <testcase name="testAbaNumberCheck_26905_good" classname="com.cardatechnologies.utils.validators.abaroutevalidator.Test_AbaRouteValidator_13a" time="0.018"/>
  <testcase name="testAbaNumberCheck_25271_good" classname="com.cardatechnologies.utils.validators.abaroutevalidator.Test_AbaRouteValidator_13a" time="0.018"/>
  <testcase name="testAbaNumberCheck_26410_bad" classname="com.cardatechnologies.utils.validators.abaroutevalidator.Test_AbaRouteValidator_13a" time="0.018"/>
  <testcase name="testAbaNumberCheck_26085_good" classname="com.cardatechnologies.utils.validators.abaroutevalidator.Test_AbaRouteValidator_13a" time="0.017"/>
  <testcase name="testAbaNumberCheck_25145_good" classname="com.cardatechnologies.utils.validators.abaroutevalidator.Test_AbaRouteValidator_13a" time="0.019"/>
  <testcase name="testAbaNumberCheck_26412_bad" classname="com.cardatechnologies.utils.validators.abaroutevalidator.Test_AbaRouteValidator_13a" time="0.018"/>
  <testcase name="testAbaNumberCheck_26743_good" classname="com.cardatechnologies.utils.validators.abaroutevalidator.Test_AbaRouteValidator_13a" time="0.021"/>
  <testcase name="testAbaNumberCheck_25803_good" classname="com.cardatechnologies.utils.validators.abaroutevalidator.Test_AbaRouteValidator_13a" time="0.022"/>
  <testcase name="testAbaNumberCheck_25600_bad" classname="com.cardatechnologies.utils.validators.abaroutevalidator.Test_AbaRouteValidator_13a" time="0.017"/>
  <testcase name="testAbaNumberCheck_26414_bad" classname="com.cardatechnologies.utils.validators.abaroutevalidator.Test_AbaRouteValidator_13a" time="0.019"/>
  <testcase name="testAbaNumberCheck_25150_bad" classname="com.cardatechnologies.utils.validators.abaroutevalidator.Test_AbaRouteValidator_13a" time="0.025"/>
  <testcase name="testAbaNumberCheck_25019_good" classname="com.cardatechnologies.utils.validators.abaroutevalidator.Test_AbaRouteValidator_13a" time="0.017"/>
  <testcase name="testAbaNumberCheck_25602_bad" classname="com.cardatechnologies.utils.validators.abaroutevalidator.Test_AbaRouteValidator_13a" time="0.018"/>
  <testcase name="testAbaNumberCheck_26416_bad" classname="com.cardatechnologies.utils.validators.abaroutevalidator.Test_AbaRouteValidator_13a" time="0.018"/>
  <testcase name="testAbaNumberCheck_25152_bad" classname="com.cardatechnologies.utils.validators.abaroutevalidator.Test_AbaRouteValidator_13a" time="0.019"/>
  <testcase name="testAbaNumberCheck_26617_good" classname="com.cardatechnologies.utils.validators.abaroutevalidator.Test_AbaRouteValidator_13a" time="0.018"/>
  <testcase name="testAbaNumberCheck_25604_bad" classname="com.cardatechnologies.utils.validators.abaroutevalidator.Test_AbaRouteValidator_13a" time="0.018"/>
  <testcase name="testAbaNumberCheck_26418_bad" classname="com.cardatechnologies.utils.validators.abaroutevalidator.Test_AbaRouteValidator_13a" time="0.018"/>
  <testcase name="testAbaNumberCheck_25154_bad" classname="com.cardatechnologies.utils.validators.abaroutevalidator.Test_AbaRouteValidator_13a" time="0.018"/>
  <testcase name="testAbaNumberCheck_25606_bad" classname="com.cardatechnologies.utils.validators.abaroutevalidator.Test_AbaRouteValidator_13a" time="0.018"/>
  <testcase name="testAbaNumberCheck_26581_good" classname="com.cardatechnologies.utils.validators.abaroutevalidator.Test_AbaRouteValidator_13a" time="0.018"/>
  <testcase name="testAbaNumberCheck_25156_bad" classname="com.cardatechnologies.utils.validators.abaroutevalidator.Test_AbaRouteValidator_13a" time="0.018"/>
  <testcase name="testAbaNumberCheck_25641_good" classname="com.cardatechnologies.utils.validators.abaroutevalidator.Test_AbaRouteValidator_13a" time="0.023"/>
  <testcase name="testAbaNumberCheck_25608_bad" classname="com.cardatechnologies.utils.validators.abaroutevalidator.Test_AbaRouteValidator_13a" time="0.018"/>
  <testcase name="testAbaNumberCheck_25158_bad" classname="com.cardatechnologies.utils.validators.abaroutevalidator.Test_AbaRouteValidator_13a" time="0.018"/>
  <testcase name="testAbaNumberCheck_26455_good" classname="com.cardatechnologies.utils.validators.abaroutevalidator.Test_AbaRouteValidator_13a" time="0.018"/>
  <testcase name="testAbaNumberCheck_25515_good" classname="com.cardatechnologies.utils.validators.abaroutevalidator.Test_AbaRouteValidator_13a" time="0.018"/>
  <testcase name="testAbaNumberCheck_26329_good" classname="com.cardatechnologies.utils.validators.abaroutevalidator.Test_AbaRouteValidator_13a" time="0.018"/>
  <testcase name="testAbaNumberCheck_26293_good" classname="com.cardatechnologies.utils.validators.abaroutevalidator.Test_AbaRouteValidator_13a" time="0.018"/>
  <testcase name="testAbaNumberCheck_25353_good" classname="com.cardatechnologies.utils.validators.abaroutevalidator.Test_AbaRouteValidator_13a" time="0.017"/>
  <testcase name="testAbaNumberCheck_26951_good" classname="com.cardatechnologies.utils.validators.abaroutevalidator.Test_AbaRouteValidator_13a" time="0.018"/>
  <testcase name="testAbaNumberCheck_26167_good" classname="com.cardatechnologies.utils.validators.abaroutevalidator.Test_AbaRouteValidator_13a" time="0.018"/>
  <testcase name="testAbaNumberCheck_25227_good" classname="com.cardatechnologies.utils.validators.abaroutevalidator.Test_AbaRouteValidator_13a" time="0.018"/>
  <testcase name="testAbaNumberCheck_26825_good" classname="com.cardatechnologies.utils.validators.abaroutevalidator.Test_AbaRouteValidator_13a" time="0.017"/>
  <testcase name="testAbaNumberCheck_25191_good" classname="com.cardatechnologies.utils.validators.abaroutevalidator.Test_AbaRouteValidator_13a" time="0.021"/>
  <testcase name="testAbaNumberCheck_26420_bad" classname="com.cardatechnologies.utils.validators.abaroutevalidator.Test_AbaRouteValidator_13a" time="0.021"/>
  <testcase name="testAbaNumberCheck_26422_bad" classname="com.cardatechnologies.utils.validators.abaroutevalidator.Test_AbaRouteValidator_13a" time="0.021"/>
  <testcase name="testAbaNumberCheck_25610_bad" classname="com.cardatechnologies.utils.validators.abaroutevalidator.Test_AbaRouteValidator_13a" time="0.018"/>
  <testcase name="testAbaNumberCheck_26424_bad" classname="com.cardatechnologies.utils.validators.abaroutevalidator.Test_AbaRouteValidator_13a" time="0.028"/>
  <testcase name="testAbaNumberCheck_25065_good" classname="com.cardatechnologies.utils.validators.abaroutevalidator.Test_AbaRouteValidator_13a" time="0.018"/>
  <testcase name="testAbaNumberCheck_25160_bad" classname="com.cardatechnologies.utils.validators.abaroutevalidator.Test_AbaRouteValidator_13a" time="0.018"/>
  <testcase name="testAbaNumberCheck_25612_bad" classname="com.cardatechnologies.utils.validators.abaroutevalidator.Test_AbaRouteValidator_13a" time="0.018"/>
  <testcase name="testAbaNumberCheck_26426_bad" classname="com.cardatechnologies.utils.validators.abaroutevalidator.Test_AbaRouteValidator_13a" time="0.017"/>
  <testcase name="testAbaNumberCheck_25162_bad" classname="com.cardatechnologies.utils.validators.abaroutevalidator.Test_AbaRouteValidator_13a" time="0.018"/>
  <testcase name="testAbaNumberCheck_26663_good" classname="com.cardatechnologies.utils.validators.abaroutevalidator.Test_AbaRouteValidator_13a" time="0.018"/>
  <testcase name="testAbaNumberCheck_25723_good" classname="com.cardatechnologies.utils.validators.abaroutevalidator.Test_AbaRouteValidator_13a" time="0.018"/>
  <testcase name="testAbaNumberCheck_25614_bad" classname="com.cardatechnologies.utils.validators.abaroutevalidator.Test_AbaRouteValidator_13a" time="0.018"/>
  <testcase name="testAbaNumberCheck_26428_bad" classname="com.cardatechnologies.utils.validators.abaroutevalidator.Test_AbaRouteValidator_13a" time="0.018"/>
  <testcase name="testAbaNumberCheck_25164_bad" classname="com.cardatechnologies.utils.validators.abaroutevalidator.Test_AbaRouteValidator_13a" time="0.017"/>
  <testcase name="testAbaNumberCheck_25616_bad" classname="com.cardatechnologies.utils.validators.abaroutevalidator.Test_AbaRouteValidator_13a" time="0.018"/>
  <testcase name="testAbaNumberCheck_25166_bad" classname="com.cardatechnologies.utils.validators.abaroutevalidator.Test_AbaRouteValidator_13a" time="0.018"/>
  <testcase name="testAbaNumberCheck_26537_good" classname="com.cardatechnologies.utils.validators.abaroutevalidator.Test_AbaRouteValidator_13a" time="0.018"/>
  <testcase name="testAbaNumberCheck_25618_bad" classname="com.cardatechnologies.utils.validators.abaroutevalidator.Test_AbaRouteValidator_13a" time="0.017"/>
  <testcase name="testAbaNumberCheck_25168_bad" classname="com.cardatechnologies.utils.validators.abaroutevalidator.Test_AbaRouteValidator_13a" time="0.018"/>
  <testcase name="testAbaNumberCheck_25561_good" classname="com.cardatechnologies.utils.validators.abaroutevalidator.Test_AbaRouteValidator_13a" time="0.018"/>
  <testcase name="testAbaNumberCheck_26375_good" classname="com.cardatechnologies.utils.validators.abaroutevalidator.Test_AbaRouteValidator_13a" time="0.017"/>
  <testcase name="testAbaNumberCheck_25435_good" classname="com.cardatechnologies.utils.validators.abaroutevalidator.Test_AbaRouteValidator_13a" time="0.018"/>
  <testcase name="testAbaNumberCheck_27189_good" classname="com.cardatechnologies.utils.validators.abaroutevalidator.Test_AbaRouteValidator_13a" time="0.018"/>
  <testcase name="testAbaNumberCheck_26249_good" classname="com.cardatechnologies.utils.validators.abaroutevalidator.Test_AbaRouteValidator_13a" time="0.018"/>
  <testcase name="testAbaNumberCheck_25309_good" classname="com.cardatechnologies.utils.validators.abaroutevalidator.Test_AbaRouteValidator_13a" time="0.017"/>
  <testcase name="testAbaNumberCheck_26907_good" classname="com.cardatechnologies.utils.validators.abaroutevalidator.Test_AbaRouteValidator_13a" time="0.018"/>
  <testcase name="testAbaNumberCheck_25273_good" classname="com.cardatechnologies.utils.validators.abaroutevalidator.Test_AbaRouteValidator_13a" time="0.018"/>
  <testcase name="testAbaNumberCheck_26871_good" classname="com.cardatechnologies.utils.validators.abaroutevalidator.Test_AbaRouteValidator_13a" time="0.021"/>
  <testcase name="testAbaNumberCheck_25931_good" classname="com.cardatechnologies.utils.validators.abaroutevalidator.Test_AbaRouteValidator_13a" time="0.023"/>
  <testcase name="testAbaNumberCheck_26430_bad" classname="com.cardatechnologies.utils.validators.abaroutevalidator.Test_AbaRouteValidator_13a" time="0.018"/>
  <testcase name="testAbaNumberCheck_26087_good" classname="com.cardatechnologies.utils.validators.abaroutevalidator.Test_AbaRouteValidator_13a" time="0.018"/>
  <testcase name="testAbaNumberCheck_25147_good" classname="com.cardatechnologies.utils.validators.abaroutevalidator.Test_AbaRouteValidator_13a" time="0.024"/>
  <testcase name="testAbaNumberCheck_26432_bad" classname="com.cardatechnologies.utils.validators.abaroutevalidator.Test_AbaRouteValidator_13a" time="0.021"/>
  <testcase name="testAbaNumberCheck_26745_good" classname="com.cardatechnologies.utils.validators.abaroutevalidator.Test_AbaRouteValidator_13a" time="0.022"/>
  <testcase name="testAbaNumberCheck_25805_good" classname="com.cardatechnologies.utils.validators.abaroutevalidator.Test_AbaRouteValidator_13a" time="0.021"/>
  <testcase name="testAbaNumberCheck_25620_bad" classname="com.cardatechnologies.utils.validators.abaroutevalidator.Test_AbaRouteValidator_13a" time="0.021"/>
  <testcase name="testAbaNumberCheck_26434_bad" classname="com.cardatechnologies.utils.validators.abaroutevalidator.Test_AbaRouteValidator_13a" time="0.022"/>
  <testcase name="testAbaNumberCheck_25170_bad" classname="com.cardatechnologies.utils.validators.abaroutevalidator.Test_AbaRouteValidator_13a" time="0.022"/>
  <testcase name="testAbaNumberCheck_25622_bad" classname="com.cardatechnologies.utils.validators.abaroutevalidator.Test_AbaRouteValidator_13a" time="0.02"/>
  <testcase name="testAbaNumberCheck_26436_bad" classname="com.cardatechnologies.utils.validators.abaroutevalidator.Test_AbaRouteValidator_13a" time="0.02"/>
  <testcase name="testAbaNumberCheck_25172_bad" classname="com.cardatechnologies.utils.validators.abaroutevalidator.Test_AbaRouteValidator_13a" time="0.022"/>
  <testcase name="testAbaNumberCheck_26619_good" classname="com.cardatechnologies.utils.validators.abaroutevalidator.Test_AbaRouteValidator_13a" time="0.021"/>
  <testcase name="testAbaNumberCheck_25624_bad" classname="com.cardatechnologies.utils.validators.abaroutevalidator.Test_AbaRouteValidator_13a" time="0.021"/>
  <testcase name="testAbaNumberCheck_26438_bad" classname="com.cardatechnologies.utils.validators.abaroutevalidator.Test_AbaRouteValidator_13a" time="0.019"/>
  <testcase name="testAbaNumberCheck_25174_bad" classname="com.cardatechnologies.utils.validators.abaroutevalidator.Test_AbaRouteValidator_13a" time="0.019"/>
  <testcase name="testAbaNumberCheck_25626_bad" classname="com.cardatechnologies.utils.validators.abaroutevalidator.Test_AbaRouteValidator_13a" time="0.019"/>
  <testcase name="testAbaNumberCheck_26583_good" classname="com.cardatechnologies.utils.validators.abaroutevalidator.Test_AbaRouteValidator_13a" time="0.02"/>
  <testcase name="testAbaNumberCheck_25176_bad" classname="com.cardatechnologies.utils.validators.abaroutevalidator.Test_AbaRouteValidator_13a" time="0.02"/>
  <testcase name="testAbaNumberCheck_25643_good" classname="com.cardatechnologies.utils.validators.abaroutevalidator.Test_AbaRouteValidator_13a" time="0.019"/>
  <testcase name="testAbaNumberCheck_25628_bad" classname="com.cardatechnologies.utils.validators.abaroutevalidator.Test_AbaRouteValidator_13a" time="0.019"/>
  <testcase name="testAbaNumberCheck_25178_bad" classname="com.cardatechnologies.utils.validators.abaroutevalidator.Test_AbaRouteValidator_13a" time="0.019"/>
  <testcase name="testAbaNumberCheck_26457_good" classname="com.cardatechnologies.utils.validators.abaroutevalidator.Test_AbaRouteValidator_13a" time="0.02"/>
  <testcase name="testAbaNumberCheck_25517_good" classname="com.cardatechnologies.utils.validators.abaroutevalidator.Test_AbaRouteValidator_13a" time="0.018"/>
  <testcase name="testAbaNumberCheck_25481_good" classname="com.cardatechnologies.utils.validators.abaroutevalidator.Test_AbaRouteValidator_13a" time="0.02"/>
  <testcase name="testAbaNumberCheck_26295_good" classname="com.cardatechnologies.utils.validators.abaroutevalidator.Test_AbaRouteValidator_13a" time="0.021"/>
  <testcase name="testAbaNumberCheck_25355_good" classname="com.cardatechnologies.utils.validators.abaroutevalidator.Test_AbaRouteValidator_13a" time="0.018"/>
  <testcase name="testAbaNumberCheck_26953_good" classname="com.cardatechnologies.utils.validators.abaroutevalidator.Test_AbaRouteValidator_13a" time="0.021"/>
  <testcase name="testAbaNumberCheck_26169_good" classname="com.cardatechnologies.utils.validators.abaroutevalidator.Test_AbaRouteValidator_13a" time="0.028"/>
  <testcase name="testAbaNumberCheck_25229_good" classname="com.cardatechnologies.utils.validators.abaroutevalidator.Test_AbaRouteValidator_13a" time="0.019"/>
  <testcase name="testAbaNumberCheck_26827_good" classname="com.cardatechnologies.utils.validators.abaroutevalidator.Test_AbaRouteValidator_13a" time="0.017"/>
  <testcase name="testAbaNumberCheck_25193_good" classname="com.cardatechnologies.utils.validators.abaroutevalidator.Test_AbaRouteValidator_13a" time="0.018"/>
  <testcase name="testAbaNumberCheck_26440_bad" classname="com.cardatechnologies.utils.validators.abaroutevalidator.Test_AbaRouteValidator_13a" time="0.018"/>
  <testcase name="testAbaNumberCheck_26442_bad" classname="com.cardatechnologies.utils.validators.abaroutevalidator.Test_AbaRouteValidator_13a" time="0.021"/>
  <testcase name="testAbaNumberCheck_26791_good" classname="com.cardatechnologies.utils.validators.abaroutevalidator.Test_AbaRouteValidator_13a" time="0.018"/>
  <testcase name="testAbaNumberCheck_25851_good" classname="com.cardatechnologies.utils.validators.abaroutevalidator.Test_AbaRouteValidator_13a" time="0.017"/>
  <testcase name="testAbaNumberCheck_25630_bad" classname="com.cardatechnologies.utils.validators.abaroutevalidator.Test_AbaRouteValidator_13a" time="0.018"/>
  <testcase name="testAbaNumberCheck_26444_bad" classname="com.cardatechnologies.utils.validators.abaroutevalidator.Test_AbaRouteValidator_13a" time="0.023"/>
  <testcase name="testAbaNumberCheck_25067_good" classname="com.cardatechnologies.utils.validators.abaroutevalidator.Test_AbaRouteValidator_13a" time="0.018"/>
  <testcase name="testAbaNumberCheck_25180_bad" classname="com.cardatechnologies.utils.validators.abaroutevalidator.Test_AbaRouteValidator_13a" time="0.018"/>
  <testcase name="testAbaNumberCheck_25632_bad" classname="com.cardatechnologies.utils.validators.abaroutevalidator.Test_AbaRouteValidator_13a" time="0.019"/>
  <testcase name="testAbaNumberCheck_26446_bad" classname="com.cardatechnologies.utils.validators.abaroutevalidator.Test_AbaRouteValidator_13a" time="0.018"/>
  <testcase name="testAbaNumberCheck_25182_bad" classname="com.cardatechnologies.utils.validators.abaroutevalidator.Test_AbaRouteValidator_13a" time="0.018"/>
  <testcase name="testAbaNumberCheck_26665_good" classname="com.cardatechnologies.utils.validators.abaroutevalidator.Test_AbaRouteValidator_13a" time="0.018"/>
  <testcase name="testAbaNumberCheck_25725_good" classname="com.cardatechnologies.utils.validators.abaroutevalidator.Test_AbaRouteValidator_13a" time="0.017"/>
  <testcase name="testAbaNumberCheck_25634_bad" classname="com.cardatechnologies.utils.validators.abaroutevalidator.Test_AbaRouteValidator_13a" time="0.019"/>
  <testcase name="testAbaNumberCheck_26448_bad" classname="com.cardatechnologies.utils.validators.abaroutevalidator.Test_AbaRouteValidator_13a" time="0.018"/>
  <testcase name="testAbaNumberCheck_25184_bad" classname="com.cardatechnologies.utils.validators.abaroutevalidator.Test_AbaRouteValidator_13a" time="0.017"/>
  <testcase name="testAbaNumberCheck_25636_bad" classname="com.cardatechnologies.utils.validators.abaroutevalidator.Test_AbaRouteValidator_13a" time="0.018"/>
  <testcase name="testAbaNumberCheck_25186_bad" classname="com.cardatechnologies.utils.validators.abaroutevalidator.Test_AbaRouteValidator_13a" time="0.019"/>
  <testcase name="testAbaNumberCheck_26539_good" classname="com.cardatechnologies.utils.validators.abaroutevalidator.Test_AbaRouteValidator_13a" time="0.017"/>
  <testcase name="testAbaNumberCheck_25638_bad" classname="com.cardatechnologies.utils.validators.abaroutevalidator.Test_AbaRouteValidator_13a" time="0.021"/>
  <testcase name="testAbaNumberCheck_25188_bad" classname="com.cardatechnologies.utils.validators.abaroutevalidator.Test_AbaRouteValidator_13a" time="0.021"/>
  <testcase name="testAbaNumberCheck_25563_good" classname="com.cardatechnologies.utils.validators.abaroutevalidator.Test_AbaRouteValidator_13a" time="0.018"/>
  <testcase name="testAbaNumberCheck_26377_good" classname="com.cardatechnologies.utils.validators.abaroutevalidator.Test_AbaRouteValidator_13a" time="0.018"/>
  <testcase name="testAbaNumberCheck_25437_good" classname="com.cardatechnologies.utils.validators.abaroutevalidator.Test_AbaRouteValidator_13a" time="0.025"/>
  <testcase name="testAbaNumberCheck_26909_good" classname="com.cardatechnologies.utils.validators.abaroutevalidator.Test_AbaRouteValidator_13a" time="0.022"/>
  <testcase name="testAbaNumberCheck_25275_good" classname="com.cardatechnologies.utils.validators.abaroutevalidator.Test_AbaRouteValidator_13a" time="0.019"/>
  <testcase name="testAbaNumberCheck_26873_good" classname="com.cardatechnologies.utils.validators.abaroutevalidator.Test_AbaRouteValidator_13a" time="0.019"/>
  <testcase name="testAbaNumberCheck_25933_good" classname="com.cardatechnologies.utils.validators.abaroutevalidator.Test_AbaRouteValidator_13a" time="0.019"/>
  <testcase name="testAbaNumberCheck_26900_bad" classname="com.cardatechnologies.utils.validators.abaroutevalidator.Test_AbaRouteValidator_13a" time="0.019"/>
  <testcase name="testAbaNumberCheck_26450_bad" classname="com.cardatechnologies.utils.validators.abaroutevalidator.Test_AbaRouteValidator_13a" time="0.019"/>
  <testcase name="testAbaNumberCheck_26089_good" classname="com.cardatechnologies.utils.validators.abaroutevalidator.Test_AbaRouteValidator_13a" time="0.019"/>
  <testcase name="testAbaNumberCheck_25149_good" classname="com.cardatechnologies.utils.validators.abaroutevalidator.Test_AbaRouteValidator_13a" time="0.019"/>
  <testcase name="testAbaNumberCheck_26902_bad" classname="com.cardatechnologies.utils.validators.abaroutevalidator.Test_AbaRouteValidator_13a" time="0.02"/>
  <testcase name="testAbaNumberCheck_26452_bad" classname="com.cardatechnologies.utils.validators.abaroutevalidator.Test_AbaRouteValidator_13a" time="0.019"/>
  <testcase name="testAbaNumberCheck_26747_good" classname="com.cardatechnologies.utils.validators.abaroutevalidator.Test_AbaRouteValidator_13a" time="0.02"/>
  <testcase name="testAbaNumberCheck_25807_good" classname="com.cardatechnologies.utils.validators.abaroutevalidator.Test_AbaRouteValidator_13a" time="0.019"/>
  <testcase name="testAbaNumberCheck_26904_bad" classname="com.cardatechnologies.utils.validators.abaroutevalidator.Test_AbaRouteValidator_13a" time="0.019"/>
  <testcase name="testAbaNumberCheck_25640_bad" classname="com.cardatechnologies.utils.validators.abaroutevalidator.Test_AbaRouteValidator_13a" time="0.02"/>
  <testcase name="testAbaNumberCheck_26454_bad" classname="com.cardatechnologies.utils.validators.abaroutevalidator.Test_AbaRouteValidator_13a" time="0.019"/>
  <testcase name="testAbaNumberCheck_25190_bad" classname="com.cardatechnologies.utils.validators.abaroutevalidator.Test_AbaRouteValidator_13a" time="0.02"/>
  <testcase name="testAbaNumberCheck_26906_bad" classname="com.cardatechnologies.utils.validators.abaroutevalidator.Test_AbaRouteValidator_13a" time="0.019"/>
  <testcase name="testAbaNumberCheck_25642_bad" classname="com.cardatechnologies.utils.validators.abaroutevalidator.Test_AbaRouteValidator_13a" time="0.019"/>
  <testcase name="testAbaNumberCheck_26456_bad" classname="com.cardatechnologies.utils.validators.abaroutevalidator.Test_AbaRouteValidator_13a" time="0.018"/>
  <testcase name="testAbaNumberCheck_25771_good" classname="com.cardatechnologies.utils.validators.abaroutevalidator.Test_AbaRouteValidator_13a" time="0.02"/>
  <testcase name="testAbaNumberCheck_25192_bad" classname="com.cardatechnologies.utils.validators.abaroutevalidator.Test_AbaRouteValidator_13a" time="0.02"/>
  <testcase name="testAbaNumberCheck_26908_bad" classname="com.cardatechnologies.utils.validators.abaroutevalidator.Test_AbaRouteValidator_13a" time="0.019"/>
  <testcase name="testAbaNumberCheck_25644_bad" classname="com.cardatechnologies.utils.validators.abaroutevalidator.Test_AbaRouteValidator_13a" time="0.023"/>
  <testcase name="testAbaNumberCheck_26458_bad" classname="com.cardatechnologies.utils.validators.abaroutevalidator.Test_AbaRouteValidator_13a" time="0.024"/>
  <testcase name="testAbaNumberCheck_25194_bad" classname="com.cardatechnologies.utils.validators.abaroutevalidator.Test_AbaRouteValidator_13a" time="0.018"/>
  <testcase name="testAbaNumberCheck_25646_bad" classname="com.cardatechnologies.utils.validators.abaroutevalidator.Test_AbaRouteValidator_13a" time="0.022"/>
  <testcase name="testAbaNumberCheck_26585_good" classname="com.cardatechnologies.utils.validators.abaroutevalidator.Test_AbaRouteValidator_13a" time="0.025"/>
  <testcase name="testAbaNumberCheck_25196_bad" classname="com.cardatechnologies.utils.validators.abaroutevalidator.Test_AbaRouteValidator_13a" time="0.024"/>
  <testcase name="testAbaNumberCheck_25645_good" classname="com.cardatechnologies.utils.validators.abaroutevalidator.Test_AbaRouteValidator_13a" time="0.018"/>
  <testcase name="testAbaNumberCheck_25648_bad" classname="com.cardatechnologies.utils.validators.abaroutevalidator.Test_AbaRouteValidator_13a" time="0.019"/>
  <testcase name="testAbaNumberCheck_25198_bad" classname="com.cardatechnologies.utils.validators.abaroutevalidator.Test_AbaRouteValidator_13a" time="0.018"/>
  <testcase name="testAbaNumberCheck_26459_good" classname="com.cardatechnologies.utils.validators.abaroutevalidator.Test_AbaRouteValidator_13a" time="0.018"/>
  <testcase name="testAbaNumberCheck_25519_good" classname="com.cardatechnologies.utils.validators.abaroutevalidator.Test_AbaRouteValidator_13a" time="0.018"/>
  <testcase name="testAbaNumberCheck_25483_good" classname="com.cardatechnologies.utils.validators.abaroutevalidator.Test_AbaRouteValidator_13a" time="0.019"/>
  <testcase name="testAbaNumberCheck_26297_good" classname="com.cardatechnologies.utils.validators.abaroutevalidator.Test_AbaRouteValidator_13a" time="0.017"/>
  <testcase name="testAbaNumberCheck_25357_good" classname="com.cardatechnologies.utils.validators.abaroutevalidator.Test_AbaRouteValidator_13a" time="0.018"/>
  <testcase name="testAbaNumberCheck_26955_good" classname="com.cardatechnologies.utils.validators.abaroutevalidator.Test_AbaRouteValidator_13a" time="0.019"/>
  <testcase name="testAbaNumberCheck_26829_good" classname="com.cardatechnologies.utils.validators.abaroutevalidator.Test_AbaRouteValidator_13a" time="0.017"/>
  <testcase name="testAbaNumberCheck_26910_bad" classname="com.cardatechnologies.utils.validators.abaroutevalidator.Test_AbaRouteValidator_13a" time="0.023"/>
  <testcase name="testAbaNumberCheck_25195_good" classname="com.cardatechnologies.utils.validators.abaroutevalidator.Test_AbaRouteValidator_13a" time="0.018"/>
  <testcase name="testAbaNumberCheck_26460_bad" classname="com.cardatechnologies.utils.validators.abaroutevalidator.Test_AbaRouteValidator_13a" time="0.018"/>
  <testcase name="testAbaNumberCheck_26912_bad" classname="com.cardatechnologies.utils.validators.abaroutevalidator.Test_AbaRouteValidator_13a" time="0.019"/>
  <testcase name="testAbaNumberCheck_26462_bad" classname="com.cardatechnologies.utils.validators.abaroutevalidator.Test_AbaRouteValidator_13a" time="0.018"/>
  <testcase name="testAbaNumberCheck_26793_good" classname="com.cardatechnologies.utils.validators.abaroutevalidator.Test_AbaRouteValidator_13a" time="0.018"/>
  <testcase name="testAbaNumberCheck_25853_good" classname="com.cardatechnologies.utils.validators.abaroutevalidator.Test_AbaRouteValidator_13a" time="0.018"/>
  <testcase name="testAbaNumberCheck_26914_bad" classname="com.cardatechnologies.utils.validators.abaroutevalidator.Test_AbaRouteValidator_13a" time="0.019"/>
  <testcase name="testAbaNumberCheck_25650_bad" classname="com.cardatechnologies.utils.validators.abaroutevalidator.Test_AbaRouteValidator_13a" time="0.018"/>
  <testcase name="testAbaNumberCheck_26464_bad" classname="com.cardatechnologies.utils.validators.abaroutevalidator.Test_AbaRouteValidator_13a" time="0.018"/>
  <testcase name="testAbaNumberCheck_25069_good" classname="com.cardatechnologies.utils.validators.abaroutevalidator.Test_AbaRouteValidator_13a" time="0.018"/>
  <testcase name="testAbaNumberCheck_26916_bad" classname="com.cardatechnologies.utils.validators.abaroutevalidator.Test_AbaRouteValidator_13a" time="0.021"/>
  <testcase name="testAbaNumberCheck_25652_bad" classname="com.cardatechnologies.utils.validators.abaroutevalidator.Test_AbaRouteValidator_13a" time="0.021"/>
  <testcase name="testAbaNumberCheck_26466_bad" classname="com.cardatechnologies.utils.validators.abaroutevalidator.Test_AbaRouteValidator_13a" time="0.019"/>
  <testcase name="testAbaNumberCheck_26667_good" classname="com.cardatechnologies.utils.validators.abaroutevalidator.Test_AbaRouteValidator_13a" time="0.024"/>
  <testcase name="testAbaNumberCheck_25727_good" classname="com.cardatechnologies.utils.validators.abaroutevalidator.Test_AbaRouteValidator_13a" time="0.026"/>
  <testcase name="testAbaNumberCheck_26918_bad" classname="com.cardatechnologies.utils.validators.abaroutevalidator.Test_AbaRouteValidator_13a" time="0.02"/>
  <testcase name="testAbaNumberCheck_25654_bad" classname="com.cardatechnologies.utils.validators.abaroutevalidator.Test_AbaRouteValidator_13a" time="0.02"/>
  <testcase name="testAbaNumberCheck_26468_bad" classname="com.cardatechnologies.utils.validators.abaroutevalidator.Test_AbaRouteValidator_13a" time="0.02"/>
  <testcase name="testAbaNumberCheck_25656_bad" classname="com.cardatechnologies.utils.validators.abaroutevalidator.Test_AbaRouteValidator_13a" time="0.021"/>
  <testcase name="testAbaNumberCheck_25691_good" classname="com.cardatechnologies.utils.validators.abaroutevalidator.Test_AbaRouteValidator_13a" time="0.02"/>
  <testcase name="testAbaNumberCheck_25658_bad" classname="com.cardatechnologies.utils.validators.abaroutevalidator.Test_AbaRouteValidator_13a" time="0.022"/>
  <testcase name="testAbaNumberCheck_25565_good" classname="com.cardatechnologies.utils.validators.abaroutevalidator.Test_AbaRouteValidator_13a" time="0.02"/>
  <testcase name="testAbaNumberCheck_26379_good" classname="com.cardatechnologies.utils.validators.abaroutevalidator.Test_AbaRouteValidator_13a" time="0.02"/>
  <testcase name="testAbaNumberCheck_25439_good" classname="com.cardatechnologies.utils.validators.abaroutevalidator.Test_AbaRouteValidator_13a" time="0.02"/>
  <testcase name="testAbaNumberCheck_25277_good" classname="com.cardatechnologies.utils.validators.abaroutevalidator.Test_AbaRouteValidator_13a" time="0.02"/>
  <testcase name="testAbaNumberCheck_26875_good" classname="com.cardatechnologies.utils.validators.abaroutevalidator.Test_AbaRouteValidator_13a" time="0.02"/>
  <testcase name="testAbaNumberCheck_25935_good" classname="com.cardatechnologies.utils.validators.abaroutevalidator.Test_AbaRouteValidator_13a" time="0.018"/>
  <testcase name="testAbaNumberCheck_26920_bad" classname="com.cardatechnologies.utils.validators.abaroutevalidator.Test_AbaRouteValidator_13a" time="0.019"/>
  <testcase name="testAbaNumberCheck_26470_bad" classname="com.cardatechnologies.utils.validators.abaroutevalidator.Test_AbaRouteValidator_13a" time="0.019"/>
  <testcase name="testAbaNumberCheck_26922_bad" classname="com.cardatechnologies.utils.validators.abaroutevalidator.Test_AbaRouteValidator_13a" time="0.018"/>
  <testcase name="testAbaNumberCheck_26472_bad" classname="com.cardatechnologies.utils.validators.abaroutevalidator.Test_AbaRouteValidator_13a" time="0.021"/>
  <testcase name="testAbaNumberCheck_26749_good" classname="com.cardatechnologies.utils.validators.abaroutevalidator.Test_AbaRouteValidator_13a" time="0.02"/>
  <testcase name="testAbaNumberCheck_25809_good" classname="com.cardatechnologies.utils.validators.abaroutevalidator.Test_AbaRouteValidator_13a" time="0.02"/>
  <testcase name="testAbaNumberCheck_26924_bad" classname="com.cardatechnologies.utils.validators.abaroutevalidator.Test_AbaRouteValidator_13a" time="0.022"/>
  <testcase name="testAbaNumberCheck_25660_bad" classname="com.cardatechnologies.utils.validators.abaroutevalidator.Test_AbaRouteValidator_13a" time="0.019"/>
  <testcase name="testAbaNumberCheck_26474_bad" classname="com.cardatechnologies.utils.validators.abaroutevalidator.Test_AbaRouteValidator_13a" time="0.021"/>
  <testcase name="testAbaNumberCheck_26926_bad" classname="com.cardatechnologies.utils.validators.abaroutevalidator.Test_AbaRouteValidator_13a" time="0.022"/>
  <testcase name="testAbaNumberCheck_25662_bad" classname="com.cardatechnologies.utils.validators.abaroutevalidator.Test_AbaRouteValidator_13a" time="0.02"/>
  <testcase name="testAbaNumberCheck_26476_bad" classname="com.cardatechnologies.utils.validators.abaroutevalidator.Test_AbaRouteValidator_13a" time="0.019"/>
  <testcase name="testAbaNumberCheck_25773_good" classname="com.cardatechnologies.utils.validators.abaroutevalidator.Test_AbaRouteValidator_13a" time="0.025"/>
  <testcase name="testAbaNumberCheck_26928_bad" classname="com.cardatechnologies.utils.validators.abaroutevalidator.Test_AbaRouteValidator_13a" time="0.023"/>
  <testcase name="testAbaNumberCheck_25664_bad" classname="com.cardatechnologies.utils.validators.abaroutevalidator.Test_AbaRouteValidator_13a" time="0.023"/>
  <testcase name="testAbaNumberCheck_26478_bad" classname="com.cardatechnologies.utils.validators.abaroutevalidator.Test_AbaRouteValidator_13a" time="0.023"/>
  <testcase name="testAbaNumberCheck_25666_bad" classname="com.cardatechnologies.utils.validators.abaroutevalidator.Test_AbaRouteValidator_13a" time="0.022"/>
  <testcase name="testAbaNumberCheck_26587_good" classname="com.cardatechnologies.utils.validators.abaroutevalidator.Test_AbaRouteValidator_13a" time="0.022"/>
  <testcase name="testAbaNumberCheck_25647_good" classname="com.cardatechnologies.utils.validators.abaroutevalidator.Test_AbaRouteValidator_13a" time="0.022"/>
  <testcase name="testAbaNumberCheck_25668_bad" classname="com.cardatechnologies.utils.validators.abaroutevalidator.Test_AbaRouteValidator_13a" time="0.025"/>
  <testcase name="testAbaNumberCheck_25485_good" classname="com.cardatechnologies.utils.validators.abaroutevalidator.Test_AbaRouteValidator_13a" time="0.023"/>
  <testcase name="testAbaNumberCheck_26299_good" classname="com.cardatechnologies.utils.validators.abaroutevalidator.Test_AbaRouteValidator_13a" time="0.019"/>
  <testcase name="testAbaNumberCheck_25359_good" classname="com.cardatechnologies.utils.validators.abaroutevalidator.Test_AbaRouteValidator_13a" time="0.02"/>
  <testcase name="testAbaNumberCheck_26957_good" classname="com.cardatechnologies.utils.validators.abaroutevalidator.Test_AbaRouteValidator_13a" time="0.018"/>
  <testcase name="testAbaNumberCheck_25981_good" classname="com.cardatechnologies.utils.validators.abaroutevalidator.Test_AbaRouteValidator_13a" time="0.017"/>
  <testcase name="testAbaNumberCheck_26930_bad" classname="com.cardatechnologies.utils.validators.abaroutevalidator.Test_AbaRouteValidator_13a" time="0.018"/>
  <testcase name="testAbaNumberCheck_25197_good" classname="com.cardatechnologies.utils.validators.abaroutevalidator.Test_AbaRouteValidator_13a" time="0.018"/>
  <testcase name="testAbaNumberCheck_26480_bad" classname="com.cardatechnologies.utils.validators.abaroutevalidator.Test_AbaRouteValidator_13a" time="0.018"/>
  <testcase name="testAbaNumberCheck_26932_bad" classname="com.cardatechnologies.utils.validators.abaroutevalidator.Test_AbaRouteValidator_13a" time="0.017"/>
  <testcase name="testAbaNumberCheck_26482_bad" classname="com.cardatechnologies.utils.validators.abaroutevalidator.Test_AbaRouteValidator_13a" time="0.018"/>
  <testcase name="testAbaNumberCheck_26795_good" classname="com.cardatechnologies.utils.validators.abaroutevalidator.Test_AbaRouteValidator_13a" time="0.018"/>
  <testcase name="testAbaNumberCheck_25855_good" classname="com.cardatechnologies.utils.validators.abaroutevalidator.Test_AbaRouteValidator_13a" time="0.017"/>
  <testcase name="testAbaNumberCheck_26934_bad" classname="com.cardatechnologies.utils.validators.abaroutevalidator.Test_AbaRouteValidator_13a" time="0.017"/>
  <testcase name="testAbaNumberCheck_25670_bad" classname="com.cardatechnologies.utils.validators.abaroutevalidator.Test_AbaRouteValidator_13a" time="0.022"/>
  <testcase name="testAbaNumberCheck_26484_bad" classname="com.cardatechnologies.utils.validators.abaroutevalidator.Test_AbaRouteValidator_13a" time="0.017"/>
  <testcase name="testAbaNumberCheck_26936_bad" classname="com.cardatechnologies.utils.validators.abaroutevalidator.Test_AbaRouteValidator_13a" time="0.026"/>
  <testcase name="testAbaNumberCheck_25672_bad" classname="com.cardatechnologies.utils.validators.abaroutevalidator.Test_AbaRouteValidator_13a" time="0.018"/>
  <testcase name="testAbaNumberCheck_26486_bad" classname="com.cardatechnologies.utils.validators.abaroutevalidator.Test_AbaRouteValidator_13a" time="0.018"/>
  <testcase name="testAbaNumberCheck_26669_good" classname="com.cardatechnologies.utils.validators.abaroutevalidator.Test_AbaRouteValidator_13a" time="0.028"/>
  <testcase name="testAbaNumberCheck_25729_good" classname="com.cardatechnologies.utils.validators.abaroutevalidator.Test_AbaRouteValidator_13a" time="0.018"/>
  <testcase name="testAbaNumberCheck_26938_bad" classname="com.cardatechnologies.utils.validators.abaroutevalidator.Test_AbaRouteValidator_13a" time="0.017"/>
  <testcase name="testAbaNumberCheck_25674_bad" classname="com.cardatechnologies.utils.validators.abaroutevalidator.Test_AbaRouteValidator_13a" time="0.018"/>
  <testcase name="testAbaNumberCheck_26488_bad" classname="com.cardatechnologies.utils.validators.abaroutevalidator.Test_AbaRouteValidator_13a" time="0.018"/>
  <testcase name="testAbaNumberCheck_25676_bad" classname="com.cardatechnologies.utils.validators.abaroutevalidator.Test_AbaRouteValidator_13a" time="0.019"/>
  <testcase name="testAbaNumberCheck_25693_good" classname="com.cardatechnologies.utils.validators.abaroutevalidator.Test_AbaRouteValidator_13a" time="0.021"/>
  <testcase name="testAbaNumberCheck_25678_bad" classname="com.cardatechnologies.utils.validators.abaroutevalidator.Test_AbaRouteValidator_13a" time="0.024"/>
  <testcase name="testAbaNumberCheck_25567_good" classname="com.cardatechnologies.utils.validators.abaroutevalidator.Test_AbaRouteValidator_13a" time="0.024"/>
  <testcase name="testAbaNumberCheck_25279_good" classname="com.cardatechnologies.utils.validators.abaroutevalidator.Test_AbaRouteValidator_13a" time="0.022"/>
  <testcase name="testAbaNumberCheck_26877_good" classname="com.cardatechnologies.utils.validators.abaroutevalidator.Test_AbaRouteValidator_13a" time="0.02"/>
  <testcase name="testAbaNumberCheck_25937_good" classname="com.cardatechnologies.utils.validators.abaroutevalidator.Test_AbaRouteValidator_13a" time="0.018"/>
  <testcase name="testAbaNumberCheck_26940_bad" classname="com.cardatechnologies.utils.validators.abaroutevalidator.Test_AbaRouteValidator_13a" time="0.019"/>
  <testcase name="testAbaNumberCheck_26490_bad" classname="com.cardatechnologies.utils.validators.abaroutevalidator.Test_AbaRouteValidator_13a" time="0.018"/>
  <testcase name="testAbaNumberCheck_26942_bad" classname="com.cardatechnologies.utils.validators.abaroutevalidator.Test_AbaRouteValidator_13a" time="0.018"/>
  <testcase name="testAbaNumberCheck_26492_bad" classname="com.cardatechnologies.utils.validators.abaroutevalidator.Test_AbaRouteValidator_13a" time="0.019"/>
  <testcase name="testAbaNumberCheck_26944_bad" classname="com.cardatechnologies.utils.validators.abaroutevalidator.Test_AbaRouteValidator_13a" time="0.018"/>
  <testcase name="testAbaNumberCheck_25680_bad" classname="com.cardatechnologies.utils.validators.abaroutevalidator.Test_AbaRouteValidator_13a" time="0.019"/>
  <testcase name="testAbaNumberCheck_26494_bad" classname="com.cardatechnologies.utils.validators.abaroutevalidator.Test_AbaRouteValidator_13a" time="0.019"/>
  <testcase name="testAbaNumberCheck_26946_bad" classname="com.cardatechnologies.utils.validators.abaroutevalidator.Test_AbaRouteValidator_13a" time="0.019"/>
  <testcase name="testAbaNumberCheck_25682_bad" classname="com.cardatechnologies.utils.validators.abaroutevalidator.Test_AbaRouteValidator_13a" time="0.021"/>
  <testcase name="testAbaNumberCheck_26496_bad" classname="com.cardatechnologies.utils.validators.abaroutevalidator.Test_AbaRouteValidator_13a" time="0.023"/>
  <testcase name="testAbaNumberCheck_25775_good" classname="com.cardatechnologies.utils.validators.abaroutevalidator.Test_AbaRouteValidator_13a" time="0.02"/>
  <testcase name="testAbaNumberCheck_26948_bad" classname="com.cardatechnologies.utils.validators.abaroutevalidator.Test_AbaRouteValidator_13a" time="0.024"/>
  <testcase name="testAbaNumberCheck_25684_bad" classname="com.cardatechnologies.utils.validators.abaroutevalidator.Test_AbaRouteValidator_13a" time="0.022"/>
  <testcase name="testAbaNumberCheck_26498_bad" classname="com.cardatechnologies.utils.validators.abaroutevalidator.Test_AbaRouteValidator_13a" time="0.019"/>
  <testcase name="testAbaNumberCheck_25686_bad" classname="com.cardatechnologies.utils.validators.abaroutevalidator.Test_AbaRouteValidator_13a" time="0.029"/>
  <testcase name="testAbaNumberCheck_26589_good" classname="com.cardatechnologies.utils.validators.abaroutevalidator.Test_AbaRouteValidator_13a" time="0.019"/>
  <testcase name="testAbaNumberCheck_25649_good" classname="com.cardatechnologies.utils.validators.abaroutevalidator.Test_AbaRouteValidator_13a" time="0.02"/>
  <testcase name="testAbaNumberCheck_25688_bad" classname="com.cardatechnologies.utils.validators.abaroutevalidator.Test_AbaRouteValidator_13a" time="0.019"/>
  <testcase name="testAbaNumberCheck_25487_good" classname="com.cardatechnologies.utils.validators.abaroutevalidator.Test_AbaRouteValidator_13a" time="0.02"/>
  <testcase name="testAbaNumberCheck_26959_good" classname="com.cardatechnologies.utils.validators.abaroutevalidator.Test_AbaRouteValidator_13a" time="0.021"/>
  <testcase name="testAbaNumberCheck_25983_good" classname="com.cardatechnologies.utils.validators.abaroutevalidator.Test_AbaRouteValidator_13a" time="0.019"/>
  <testcase name="testAbaNumberCheck_26950_bad" classname="com.cardatechnologies.utils.validators.abaroutevalidator.Test_AbaRouteValidator_13a" time="0.019"/>
  <testcase name="testAbaNumberCheck_25199_good" classname="com.cardatechnologies.utils.validators.abaroutevalidator.Test_AbaRouteValidator_13a" time="0.018"/>
  <testcase name="testAbaNumberCheck_26952_bad" classname="com.cardatechnologies.utils.validators.abaroutevalidator.Test_AbaRouteValidator_13a" time="0.018"/>
  <testcase name="testAbaNumberCheck_26797_good" classname="com.cardatechnologies.utils.validators.abaroutevalidator.Test_AbaRouteValidator_13a" time="0.018"/>
  <testcase name="testAbaNumberCheck_25857_good" classname="com.cardatechnologies.utils.validators.abaroutevalidator.Test_AbaRouteValidator_13a" time="0.018"/>
  <testcase name="testAbaNumberCheck_26954_bad" classname="com.cardatechnologies.utils.validators.abaroutevalidator.Test_AbaRouteValidator_13a" time="0.018"/>
  <testcase name="testAbaNumberCheck_25690_bad" classname="com.cardatechnologies.utils.validators.abaroutevalidator.Test_AbaRouteValidator_13a" time="0.018"/>
  <testcase name="testAbaNumberCheck_26956_bad" classname="com.cardatechnologies.utils.validators.abaroutevalidator.Test_AbaRouteValidator_13a" time="0.017"/>
  <testcase name="testAbaNumberCheck_25692_bad" classname="com.cardatechnologies.utils.validators.abaroutevalidator.Test_AbaRouteValidator_13a" time="0.018"/>
  <testcase name="testAbaNumberCheck_26958_bad" classname="com.cardatechnologies.utils.validators.abaroutevalidator.Test_AbaRouteValidator_13a" time="0.018"/>
  <testcase name="testAbaNumberCheck_25694_bad" classname="com.cardatechnologies.utils.validators.abaroutevalidator.Test_AbaRouteValidator_13a" time="0.018"/>
  <testcase name="testAbaNumberCheck_25696_bad" classname="com.cardatechnologies.utils.validators.abaroutevalidator.Test_AbaRouteValidator_13a" time="0.019"/>
  <testcase name="testAbaNumberCheck_25695_good" classname="com.cardatechnologies.utils.validators.abaroutevalidator.Test_AbaRouteValidator_13a" time="0.017"/>
  <testcase name="testAbaNumberCheck_25698_bad" classname="com.cardatechnologies.utils.validators.abaroutevalidator.Test_AbaRouteValidator_13a" time="0.018"/>
  <testcase name="testAbaNumberCheck_25569_good" classname="com.cardatechnologies.utils.validators.abaroutevalidator.Test_AbaRouteValidator_13a" time="0.018"/>
  <testcase name="testAbaNumberCheck_26879_good" classname="com.cardatechnologies.utils.validators.abaroutevalidator.Test_AbaRouteValidator_13a" time="0.017"/>
  <testcase name="testAbaNumberCheck_25939_good" classname="com.cardatechnologies.utils.validators.abaroutevalidator.Test_AbaRouteValidator_13a" time="0.018"/>
  <testcase name="testAbaNumberCheck_26960_bad" classname="com.cardatechnologies.utils.validators.abaroutevalidator.Test_AbaRouteValidator_13a" time="0.021"/>
  <testcase name="testAbaNumberCheck_26962_bad" classname="com.cardatechnologies.utils.validators.abaroutevalidator.Test_AbaRouteValidator_13a" time="0.022"/>
  <testcase name="testAbaNumberCheck_26964_bad" classname="com.cardatechnologies.utils.validators.abaroutevalidator.Test_AbaRouteValidator_13a" time="0.018"/>
  <testcase name="testAbaNumberCheck_26966_bad" classname="com.cardatechnologies.utils.validators.abaroutevalidator.Test_AbaRouteValidator_13a" time="0.025"/>
  <testcase name="testAbaNumberCheck_25777_good" classname="com.cardatechnologies.utils.validators.abaroutevalidator.Test_AbaRouteValidator_13a" time="0.02"/>
  <testcase name="testAbaNumberCheck_26968_bad" classname="com.cardatechnologies.utils.validators.abaroutevalidator.Test_AbaRouteValidator_13a" time="0.019"/>
  <testcase name="testAbaNumberCheck_25489_good" classname="com.cardatechnologies.utils.validators.abaroutevalidator.Test_AbaRouteValidator_13a" time="0.021"/>
  <testcase name="testAbaNumberCheck_25985_good" classname="com.cardatechnologies.utils.validators.abaroutevalidator.Test_AbaRouteValidator_13a" time="0.018"/>
  <testcase name="testAbaNumberCheck_26970_bad" classname="com.cardatechnologies.utils.validators.abaroutevalidator.Test_AbaRouteValidator_13a" time="0.018"/>
  <testcase name="testAbaNumberCheck_26972_bad" classname="com.cardatechnologies.utils.validators.abaroutevalidator.Test_AbaRouteValidator_13a" time="0.017"/>
  <testcase name="testAbaNumberCheck_26799_good" classname="com.cardatechnologies.utils.validators.abaroutevalidator.Test_AbaRouteValidator_13a" time="0.019"/>
  <testcase name="testAbaNumberCheck_25859_good" classname="com.cardatechnologies.utils.validators.abaroutevalidator.Test_AbaRouteValidator_13a" time="0.018"/>
  <testcase name="testAbaNumberCheck_26974_bad" classname="com.cardatechnologies.utils.validators.abaroutevalidator.Test_AbaRouteValidator_13a" time="0.018"/>
  <testcase name="testAbaNumberCheck_26976_bad" classname="com.cardatechnologies.utils.validators.abaroutevalidator.Test_AbaRouteValidator_13a" time="0.017"/>
  <testcase name="testAbaNumberCheck_26978_bad" classname="com.cardatechnologies.utils.validators.abaroutevalidator.Test_AbaRouteValidator_13a" time="0.018"/>
  <testcase name="testAbaNumberCheck_25697_good" classname="com.cardatechnologies.utils.validators.abaroutevalidator.Test_AbaRouteValidator_13a" time="0.018"/>
  <testcase name="testAbaNumberCheck_26980_bad" classname="com.cardatechnologies.utils.validators.abaroutevalidator.Test_AbaRouteValidator_13a" time="0.018"/>
  <testcase name="testAbaNumberCheck_26982_bad" classname="com.cardatechnologies.utils.validators.abaroutevalidator.Test_AbaRouteValidator_13a" time="0.018"/>
  <testcase name="testAbaNumberCheck_26984_bad" classname="com.cardatechnologies.utils.validators.abaroutevalidator.Test_AbaRouteValidator_13a" time="0.018"/>
  <testcase name="testAbaNumberCheck_26986_bad" classname="com.cardatechnologies.utils.validators.abaroutevalidator.Test_AbaRouteValidator_13a" time="0.018"/>
  <testcase name="testAbaNumberCheck_25779_good" classname="com.cardatechnologies.utils.validators.abaroutevalidator.Test_AbaRouteValidator_13a" time="0.018"/>
  <testcase name="testAbaNumberCheck_26988_bad" classname="com.cardatechnologies.utils.validators.abaroutevalidator.Test_AbaRouteValidator_13a" time="0.018"/>
  <testcase name="testAbaNumberCheck_25987_good" classname="com.cardatechnologies.utils.validators.abaroutevalidator.Test_AbaRouteValidator_13a" time="0.017"/>
  <testcase name="testAbaNumberCheck_26990_bad" classname="com.cardatechnologies.utils.validators.abaroutevalidator.Test_AbaRouteValidator_13a" time="0.019"/>
  <testcase name="testAbaNumberCheck_26992_bad" classname="com.cardatechnologies.utils.validators.abaroutevalidator.Test_AbaRouteValidator_13a" time="0.018"/>
  <testcase name="testAbaNumberCheck_26994_bad" classname="com.cardatechnologies.utils.validators.abaroutevalidator.Test_AbaRouteValidator_13a" time="0.017"/>
  <testcase name="testAbaNumberCheck_26996_bad" classname="com.cardatechnologies.utils.validators.abaroutevalidator.Test_AbaRouteValidator_13a" time="0.019"/>
  <testcase name="testAbaNumberCheck_26998_bad" classname="com.cardatechnologies.utils.validators.abaroutevalidator.Test_AbaRouteValidator_13a" time="0.017"/>
  <testcase name="testAbaNumberCheck_25699_good" classname="com.cardatechnologies.utils.validators.abaroutevalidator.Test_AbaRouteValidator_13a" time="0.023"/>
  <testcase name="testAbaNumberCheck_25989_good" classname="com.cardatechnologies.utils.validators.abaroutevalidator.Test_AbaRouteValidator_13a" time="0.02"/>
  <testcase name="testAbaNumberCheck_27011_good" classname="com.cardatechnologies.utils.validators.abaroutevalidator.Test_AbaRouteValidator_13a" time="0.018"/>
  <testcase name="testAbaNumberCheck_27013_good" classname="com.cardatechnologies.utils.validators.abaroutevalidator.Test_AbaRouteValidator_13a" time="0.025"/>
  <testcase name="testAbaNumberCheck_27141_good" classname="com.cardatechnologies.utils.validators.abaroutevalidator.Test_AbaRouteValidator_13a" time="0.02"/>
  <testcase name="testAbaNumberCheck_26201_good" classname="com.cardatechnologies.utils.validators.abaroutevalidator.Test_AbaRouteValidator_13a" time="0.017"/>
  <testcase name="testAbaNumberCheck_27015_good" classname="com.cardatechnologies.utils.validators.abaroutevalidator.Test_AbaRouteValidator_13a" time="0.017"/>
  <testcase name="testAbaNumberCheck_27061_good" classname="com.cardatechnologies.utils.validators.abaroutevalidator.Test_AbaRouteValidator_13a" time="0.019"/>
  <testcase name="testAbaNumberCheck_26121_good" classname="com.cardatechnologies.utils.validators.abaroutevalidator.Test_AbaRouteValidator_13a" time="0.018"/>
  <testcase name="testAbaNumberCheck_27143_good" classname="com.cardatechnologies.utils.validators.abaroutevalidator.Test_AbaRouteValidator_13a" time="0.018"/>
  <testcase name="testAbaNumberCheck_26203_good" classname="com.cardatechnologies.utils.validators.abaroutevalidator.Test_AbaRouteValidator_13a" time="0.019"/>
  <testcase name="testAbaNumberCheck_27017_good" classname="com.cardatechnologies.utils.validators.abaroutevalidator.Test_AbaRouteValidator_13a" time="0.017"/>
  <testcase name="testAbaNumberCheck_26041_good" classname="com.cardatechnologies.utils.validators.abaroutevalidator.Test_AbaRouteValidator_13a" time="0.017"/>
  <testcase name="testAbaNumberCheck_25101_good" classname="com.cardatechnologies.utils.validators.abaroutevalidator.Test_AbaRouteValidator_13a" time="0.018"/>
  <testcase name="testAbaNumberCheck_26411_good" classname="com.cardatechnologies.utils.validators.abaroutevalidator.Test_AbaRouteValidator_13a" time="0.018"/>
  <testcase name="testAbaNumberCheck_27063_good" classname="com.cardatechnologies.utils.validators.abaroutevalidator.Test_AbaRouteValidator_13a" time="0.018"/>
  <testcase name="testAbaNumberCheck_26123_good" classname="com.cardatechnologies.utils.validators.abaroutevalidator.Test_AbaRouteValidator_13a" time="0.018"/>
  <testcase name="testAbaNumberCheck_25021_good" classname="com.cardatechnologies.utils.validators.abaroutevalidator.Test_AbaRouteValidator_13a" time="0.017"/>
  <testcase name="testAbaNumberCheck_26331_good" classname="com.cardatechnologies.utils.validators.abaroutevalidator.Test_AbaRouteValidator_13a" time="0.018"/>
  <testcase name="testAbaNumberCheck_27145_good" classname="com.cardatechnologies.utils.validators.abaroutevalidator.Test_AbaRouteValidator_13a" time="0.018"/>
  <testcase name="testAbaNumberCheck_26205_good" classname="com.cardatechnologies.utils.validators.abaroutevalidator.Test_AbaRouteValidator_13a" time="0.018"/>
  <testcase name="testAbaNumberCheck_27019_good" classname="com.cardatechnologies.utils.validators.abaroutevalidator.Test_AbaRouteValidator_13a" time="0.018"/>
  <testcase name="testAbaNumberCheck_26043_good" classname="com.cardatechnologies.utils.validators.abaroutevalidator.Test_AbaRouteValidator_13a" time="0.022"/>
  <testcase name="testAbaNumberCheck_25103_good" classname="com.cardatechnologies.utils.validators.abaroutevalidator.Test_AbaRouteValidator_13a" time="0.018"/>
  <testcase name="testAbaNumberCheck_26701_good" classname="com.cardatechnologies.utils.validators.abaroutevalidator.Test_AbaRouteValidator_13a" time="0.018"/>
  <testcase name="testAbaNumberCheck_26413_good" classname="com.cardatechnologies.utils.validators.abaroutevalidator.Test_AbaRouteValidator_13a" time="0.017"/>
  <testcase name="testAbaNumberCheck_27191_good" classname="com.cardatechnologies.utils.validators.abaroutevalidator.Test_AbaRouteValidator_13a" time="0.018"/>
  <testcase name="testAbaNumberCheck_26251_good" classname="com.cardatechnologies.utils.validators.abaroutevalidator.Test_AbaRouteValidator_13a" time="0.018"/>
  <testcase name="testAbaNumberCheck_25311_good" classname="com.cardatechnologies.utils.validators.abaroutevalidator.Test_AbaRouteValidator_13a" time="0.022"/>
  <testcase name="testAbaNumberCheck_27065_good" classname="com.cardatechnologies.utils.validators.abaroutevalidator.Test_AbaRouteValidator_13a" time="0.02"/>
  <testcase name="testAbaNumberCheck_26125_good" classname="com.cardatechnologies.utils.validators.abaroutevalidator.Test_AbaRouteValidator_13a" time="0.018"/>
  <testcase name="testAbaNumberCheck_26000_bad" classname="com.cardatechnologies.utils.validators.abaroutevalidator.Test_AbaRouteValidator_13a" time="0.022"/>
  <testcase name="testAbaNumberCheck_26002_bad" classname="com.cardatechnologies.utils.validators.abaroutevalidator.Test_AbaRouteValidator_13a" time="0.025"/>
  <testcase name="testAbaNumberCheck_26004_bad" classname="com.cardatechnologies.utils.validators.abaroutevalidator.Test_AbaRouteValidator_13a" time="0.018"/>
  <testcase name="testAbaNumberCheck_25023_good" classname="com.cardatechnologies.utils.validators.abaroutevalidator.Test_AbaRouteValidator_13a" time="0.017"/>
  <testcase name="testAbaNumberCheck_26006_bad" classname="com.cardatechnologies.utils.validators.abaroutevalidator.Test_AbaRouteValidator_13a" time="0.018"/>
  <testcase name="testAbaNumberCheck_26621_good" classname="com.cardatechnologies.utils.validators.abaroutevalidator.Test_AbaRouteValidator_13a" time="0.018"/>
  <testcase name="testAbaNumberCheck_26008_bad" classname="com.cardatechnologies.utils.validators.abaroutevalidator.Test_AbaRouteValidator_13a" time="0.018"/>
  <testcase name="testAbaNumberCheck_26333_good" classname="com.cardatechnologies.utils.validators.abaroutevalidator.Test_AbaRouteValidator_13a" time="0.017"/>
  <testcase name="testAbaNumberCheck_27147_good" classname="com.cardatechnologies.utils.validators.abaroutevalidator.Test_AbaRouteValidator_13a" time="0.023"/>
  <testcase name="testAbaNumberCheck_26207_good" classname="com.cardatechnologies.utils.validators.abaroutevalidator.Test_AbaRouteValidator_13a" time="0.018"/>
  <testcase name="testAbaNumberCheck_26171_good" classname="com.cardatechnologies.utils.validators.abaroutevalidator.Test_AbaRouteValidator_13a" time="0.018"/>
  <testcase name="testAbaNumberCheck_25231_good" classname="com.cardatechnologies.utils.validators.abaroutevalidator.Test_AbaRouteValidator_13a" time="0.018"/>
  <testcase name="testAbaNumberCheck_26010_bad" classname="com.cardatechnologies.utils.validators.abaroutevalidator.Test_AbaRouteValidator_13a" time="0.018"/>
  <testcase name="testAbaNumberCheck_26045_good" classname="com.cardatechnologies.utils.validators.abaroutevalidator.Test_AbaRouteValidator_13a" time="0.018"/>
  <testcase name="testAbaNumberCheck_25105_good" classname="com.cardatechnologies.utils.validators.abaroutevalidator.Test_AbaRouteValidator_13a" time="0.017"/>
  <testcase name="testAbaNumberCheck_26012_bad" classname="com.cardatechnologies.utils.validators.abaroutevalidator.Test_AbaRouteValidator_13a" time="0.018"/>
  <testcase name="testAbaNumberCheck_26703_good" classname="com.cardatechnologies.utils.validators.abaroutevalidator.Test_AbaRouteValidator_13a" time="0.018"/>
  <testcase name="testAbaNumberCheck_25200_bad" classname="com.cardatechnologies.utils.validators.abaroutevalidator.Test_AbaRouteValidator_13a" time="0.018"/>
  <testcase name="testAbaNumberCheck_26014_bad" classname="com.cardatechnologies.utils.validators.abaroutevalidator.Test_AbaRouteValidator_13a" time="0.018"/>
  <testcase name="testAbaNumberCheck_25202_bad" classname="com.cardatechnologies.utils.validators.abaroutevalidator.Test_AbaRouteValidator_13a" time="0.017"/>
  <testcase name="testAbaNumberCheck_26016_bad" classname="com.cardatechnologies.utils.validators.abaroutevalidator.Test_AbaRouteValidator_13a" time="0.018"/>
  <testcase name="testAbaNumberCheck_25204_bad" classname="com.cardatechnologies.utils.validators.abaroutevalidator.Test_AbaRouteValidator_13a" time="0.018"/>
  <testcase name="testAbaNumberCheck_26018_bad" classname="com.cardatechnologies.utils.validators.abaroutevalidator.Test_AbaRouteValidator_13a" time="0.018"/>
  <testcase name="testAbaNumberCheck_25206_bad" classname="com.cardatechnologies.utils.validators.abaroutevalidator.Test_AbaRouteValidator_13a" time="0.019"/>
  <testcase name="testAbaNumberCheck_26541_good" classname="com.cardatechnologies.utils.validators.abaroutevalidator.Test_AbaRouteValidator_13a" time="0.018"/>
  <testcase name="testAbaNumberCheck_25601_good" classname="com.cardatechnologies.utils.validators.abaroutevalidator.Test_AbaRouteValidator_13a" time="0.026"/>
  <testcase name="testAbaNumberCheck_25208_bad" classname="com.cardatechnologies.utils.validators.abaroutevalidator.Test_AbaRouteValidator_13a" time="0.018"/>
  <testcase name="testAbaNumberCheck_26415_good" classname="com.cardatechnologies.utils.validators.abaroutevalidator.Test_AbaRouteValidator_13a" time="0.018"/>
  <testcase name="testAbaNumberCheck_27193_good" classname="com.cardatechnologies.utils.validators.abaroutevalidator.Test_AbaRouteValidator_13a" time="0.024"/>
  <testcase name="testAbaNumberCheck_26253_good" classname="com.cardatechnologies.utils.validators.abaroutevalidator.Test_AbaRouteValidator_13a" time="0.023"/>
  <testcase name="testAbaNumberCheck_25313_good" classname="com.cardatechnologies.utils.validators.abaroutevalidator.Test_AbaRouteValidator_13a" time="0.018"/>
  <testcase name="testAbaNumberCheck_26911_good" classname="com.cardatechnologies.utils.validators.abaroutevalidator.Test_AbaRouteValidator_13a" time="0.018"/>
  <testcase name="testAbaNumberCheck_27067_good" classname="com.cardatechnologies.utils.validators.abaroutevalidator.Test_AbaRouteValidator_13a" time="0.018"/>
  <testcase name="testAbaNumberCheck_26127_good" classname="com.cardatechnologies.utils.validators.abaroutevalidator.Test_AbaRouteValidator_13a" time="0.018"/>
  <testcase name="testAbaNumberCheck_26091_good" classname="com.cardatechnologies.utils.validators.abaroutevalidator.Test_AbaRouteValidator_13a" time="0.018"/>
  <testcase name="testAbaNumberCheck_25151_good" classname="com.cardatechnologies.utils.validators.abaroutevalidator.Test_AbaRouteValidator_13a" time="0.018"/>
  <testcase name="testAbaNumberCheck_26020_bad" classname="com.cardatechnologies.utils.validators.abaroutevalidator.Test_AbaRouteValidator_13a" time="0.017"/>
  <testcase name="testAbaNumberCheck_26022_bad" classname="com.cardatechnologies.utils.validators.abaroutevalidator.Test_AbaRouteValidator_13a" time="0.018"/>
  <testcase name="testAbaNumberCheck_25210_bad" classname="com.cardatechnologies.utils.validators.abaroutevalidator.Test_AbaRouteValidator_13a" time="0.019"/>
  <testcase name="testAbaNumberCheck_26024_bad" classname="com.cardatechnologies.utils.validators.abaroutevalidator.Test_AbaRouteValidator_13a" time="0.017"/>
  <testcase name="testAbaNumberCheck_25025_good" classname="com.cardatechnologies.utils.validators.abaroutevalidator.Test_AbaRouteValidator_13a" time="0.019"/>
  <testcase name="testAbaNumberCheck_25212_bad" classname="com.cardatechnologies.utils.validators.abaroutevalidator.Test_AbaRouteValidator_13a" time="0.017"/>
  <testcase name="testAbaNumberCheck_26026_bad" classname="com.cardatechnologies.utils.validators.abaroutevalidator.Test_AbaRouteValidator_13a" time="0.02"/>
  <testcase name="testAbaNumberCheck_26623_good" classname="com.cardatechnologies.utils.validators.abaroutevalidator.Test_AbaRouteValidator_13a" time="0.031"/>
  <testcase name="testAbaNumberCheck_25214_bad" classname="com.cardatechnologies.utils.validators.abaroutevalidator.Test_AbaRouteValidator_13a" time="0.018"/>
  <testcase name="testAbaNumberCheck_26028_bad" classname="com.cardatechnologies.utils.validators.abaroutevalidator.Test_AbaRouteValidator_13a" time="0.018"/>
  <testcase name="testAbaNumberCheck_25216_bad" classname="com.cardatechnologies.utils.validators.abaroutevalidator.Test_AbaRouteValidator_13a" time="0.017"/>
  <testcase name="testAbaNumberCheck_25218_bad" classname="com.cardatechnologies.utils.validators.abaroutevalidator.Test_AbaRouteValidator_13a" time="0.018"/>
  <testcase name="testAbaNumberCheck_26461_good" classname="com.cardatechnologies.utils.validators.abaroutevalidator.Test_AbaRouteValidator_13a" time="0.019"/>
  <testcase name="testAbaNumberCheck_25521_good" classname="com.cardatechnologies.utils.validators.abaroutevalidator.Test_AbaRouteValidator_13a" time="0.017"/>
  <testcase name="testAbaNumberCheck_26335_good" classname="com.cardatechnologies.utils.validators.abaroutevalidator.Test_AbaRouteValidator_13a" time="0.019"/>
  <testcase name="testAbaNumberCheck_27149_good" classname="com.cardatechnologies.utils.validators.abaroutevalidator.Test_AbaRouteValidator_13a" time="0.017"/>
  <testcase name="testAbaNumberCheck_26209_good" classname="com.cardatechnologies.utils.validators.abaroutevalidator.Test_AbaRouteValidator_13a" time="0.026"/>
  <testcase name="testAbaNumberCheck_26173_good" classname="com.cardatechnologies.utils.validators.abaroutevalidator.Test_AbaRouteValidator_13a" time="0.017"/>
  <testcase name="testAbaNumberCheck_25233_good" classname="com.cardatechnologies.utils.validators.abaroutevalidator.Test_AbaRouteValidator_13a" time="0.018"/>
  <testcase name="testAbaNumberCheck_26831_good" classname="com.cardatechnologies.utils.validators.abaroutevalidator.Test_AbaRouteValidator_13a" time="0.021"/>
  <testcase name="testAbaNumberCheck_26030_bad" classname="com.cardatechnologies.utils.validators.abaroutevalidator.Test_AbaRouteValidator_13a" time="0.025"/>
  <testcase name="testAbaNumberCheck_26047_good" classname="com.cardatechnologies.utils.validators.abaroutevalidator.Test_AbaRouteValidator_13a" time="0.018"/>
  <testcase name="testAbaNumberCheck_25107_good" classname="com.cardatechnologies.utils.validators.abaroutevalidator.Test_AbaRouteValidator_13a" time="0.018"/>
  <testcase name="testAbaNumberCheck_26032_bad" classname="com.cardatechnologies.utils.validators.abaroutevalidator.Test_AbaRouteValidator_13a" time="0.018"/>
  <testcase name="testAbaNumberCheck_26705_good" classname="com.cardatechnologies.utils.validators.abaroutevalidator.Test_AbaRouteValidator_13a" time="0.018"/>
  <testcase name="testAbaNumberCheck_25071_good" classname="com.cardatechnologies.utils.validators.abaroutevalidator.Test_AbaRouteValidator_13a" time="0.02"/>
  <testcase name="testAbaNumberCheck_25220_bad" classname="com.cardatechnologies.utils.validators.abaroutevalidator.Test_AbaRouteValidator_13a" time="0.018"/>
  <testcase name="testAbaNumberCheck_26034_bad" classname="com.cardatechnologies.utils.validators.abaroutevalidator.Test_AbaRouteValidator_13a" time="0.018"/>
  <testcase name="testAbaNumberCheck_25222_bad" classname="com.cardatechnologies.utils.validators.abaroutevalidator.Test_AbaRouteValidator_13a" time="0.017"/>
  <testcase name="testAbaNumberCheck_26036_bad" classname="com.cardatechnologies.utils.validators.abaroutevalidator.Test_AbaRouteValidator_13a" time="0.018"/>
  <testcase name="testAbaNumberCheck_25224_bad" classname="com.cardatechnologies.utils.validators.abaroutevalidator.Test_AbaRouteValidator_13a" time="0.018"/>
  <testcase name="testAbaNumberCheck_26038_bad" classname="com.cardatechnologies.utils.validators.abaroutevalidator.Test_AbaRouteValidator_13a" time="0.018"/>
  <testcase name="testAbaNumberCheck_25226_bad" classname="com.cardatechnologies.utils.validators.abaroutevalidator.Test_AbaRouteValidator_13a" time="0.017"/>
  <testcase name="testAbaNumberCheck_26543_good" classname="com.cardatechnologies.utils.validators.abaroutevalidator.Test_AbaRouteValidator_13a" time="0.021"/>
  <testcase name="testAbaNumberCheck_25603_good" classname="com.cardatechnologies.utils.validators.abaroutevalidator.Test_AbaRouteValidator_13a" time="0.017"/>
  <testcase name="testAbaNumberCheck_25228_bad" classname="com.cardatechnologies.utils.validators.abaroutevalidator.Test_AbaRouteValidator_13a" time="0.018"/>
  <testcase name="testAbaNumberCheck_26417_good" classname="com.cardatechnologies.utils.validators.abaroutevalidator.Test_AbaRouteValidator_13a" time="0.017"/>
  <testcase name="testAbaNumberCheck_26381_good" classname="com.cardatechnologies.utils.validators.abaroutevalidator.Test_AbaRouteValidator_13a" time="0.018"/>
  <testcase name="testAbaNumberCheck_25441_good" classname="com.cardatechnologies.utils.validators.abaroutevalidator.Test_AbaRouteValidator_13a" time="0.018"/>
  <testcase name="testAbaNumberCheck_27195_good" classname="com.cardatechnologies.utils.validators.abaroutevalidator.Test_AbaRouteValidator_13a" time="0.018"/>
  <testcase name="testAbaNumberCheck_26255_good" classname="com.cardatechnologies.utils.validators.abaroutevalidator.Test_AbaRouteValidator_13a" time="0.017"/>
  <testcase name="testAbaNumberCheck_25315_good" classname="com.cardatechnologies.utils.validators.abaroutevalidator.Test_AbaRouteValidator_13a" time="0.018"/>
  <testcase name="testAbaNumberCheck_26913_good" classname="com.cardatechnologies.utils.validators.abaroutevalidator.Test_AbaRouteValidator_13a" time="0.018"/>
  <testcase name="testAbaNumberCheck_27069_good" classname="com.cardatechnologies.utils.validators.abaroutevalidator.Test_AbaRouteValidator_13a" time="0.017"/>
  <testcase name="testAbaNumberCheck_26129_good" classname="com.cardatechnologies.utils.validators.abaroutevalidator.Test_AbaRouteValidator_13a" time="0.026"/>
  <testcase name="testAbaNumberCheck_26093_good" classname="com.cardatechnologies.utils.validators.abaroutevalidator.Test_AbaRouteValidator_13a" time="0.018"/>
  <testcase name="testAbaNumberCheck_25153_good" classname="com.cardatechnologies.utils.validators.abaroutevalidator.Test_AbaRouteValidator_13a" time="0.018"/>
  <testcase name="testAbaNumberCheck_26040_bad" classname="com.cardatechnologies.utils.validators.abaroutevalidator.Test_AbaRouteValidator_13a" time="0.023"/>
  <testcase name="testAbaNumberCheck_26042_bad" classname="com.cardatechnologies.utils.validators.abaroutevalidator.Test_AbaRouteValidator_13a" time="0.026"/>
  <testcase name="testAbaNumberCheck_26751_good" classname="com.cardatechnologies.utils.validators.abaroutevalidator.Test_AbaRouteValidator_13a" time="0.018"/>
  <testcase name="testAbaNumberCheck_25811_good" classname="com.cardatechnologies.utils.validators.abaroutevalidator.Test_AbaRouteValidator_13a" time="0.02"/>
  <testcase name="testAbaNumberCheck_25230_bad" classname="com.cardatechnologies.utils.validators.abaroutevalidator.Test_AbaRouteValidator_13a" time="0.019"/>
  <testcase name="testAbaNumberCheck_26044_bad" classname="com.cardatechnologies.utils.validators.abaroutevalidator.Test_AbaRouteValidator_13a" time="0.018"/>
  <testcase name="testAbaNumberCheck_25027_good" classname="com.cardatechnologies.utils.validators.abaroutevalidator.Test_AbaRouteValidator_13a" time="0.02"/>
  <testcase name="testAbaNumberCheck_25232_bad" classname="com.cardatechnologies.utils.validators.abaroutevalidator.Test_AbaRouteValidator_13a" time="0.018"/>
  <testcase name="testAbaNumberCheck_26046_bad" classname="com.cardatechnologies.utils.validators.abaroutevalidator.Test_AbaRouteValidator_13a" time="0.019"/>
  <testcase name="testAbaNumberCheck_26625_good" classname="com.cardatechnologies.utils.validators.abaroutevalidator.Test_AbaRouteValidator_13a" time="0.019"/>
  <testcase name="testAbaNumberCheck_25234_bad" classname="com.cardatechnologies.utils.validators.abaroutevalidator.Test_AbaRouteValidator_13a" time="0.018"/>
  <testcase name="testAbaNumberCheck_26048_bad" classname="com.cardatechnologies.utils.validators.abaroutevalidator.Test_AbaRouteValidator_13a" time="0.019"/>
  <testcase name="testAbaNumberCheck_25236_bad" classname="com.cardatechnologies.utils.validators.abaroutevalidator.Test_AbaRouteValidator_13a" time="0.019"/>
  <testcase name="testAbaNumberCheck_25238_bad" classname="com.cardatechnologies.utils.validators.abaroutevalidator.Test_AbaRouteValidator_13a" time="0.019"/>
  <testcase name="testAbaNumberCheck_26463_good" classname="com.cardatechnologies.utils.validators.abaroutevalidator.Test_AbaRouteValidator_13a" time="0.019"/>
  <testcase name="testAbaNumberCheck_25523_good" classname="com.cardatechnologies.utils.validators.abaroutevalidator.Test_AbaRouteValidator_13a" time="0.018"/>
  <testcase name="testAbaNumberCheck_26337_good" classname="com.cardatechnologies.utils.validators.abaroutevalidator.Test_AbaRouteValidator_13a" time="0.019"/>
  <testcase name="testAbaNumberCheck_25361_good" classname="com.cardatechnologies.utils.validators.abaroutevalidator.Test_AbaRouteValidator_13a" time="0.02"/>
  <testcase name="testAbaNumberCheck_26175_good" classname="com.cardatechnologies.utils.validators.abaroutevalidator.Test_AbaRouteValidator_13a" time="0.018"/>
  <testcase name="testAbaNumberCheck_25235_good" classname="com.cardatechnologies.utils.validators.abaroutevalidator.Test_AbaRouteValidator_13a" time="0.019"/>
  <testcase name="testAbaNumberCheck_26833_good" classname="com.cardatechnologies.utils.validators.abaroutevalidator.Test_AbaRouteValidator_13a" time="0.019"/>
  <testcase name="testAbaNumberCheck_26500_bad" classname="com.cardatechnologies.utils.validators.abaroutevalidator.Test_AbaRouteValidator_13a" time="0.02"/>
  <testcase name="testAbaNumberCheck_26050_bad" classname="com.cardatechnologies.utils.validators.abaroutevalidator.Test_AbaRouteValidator_13a" time="0.019"/>
  <testcase name="testAbaNumberCheck_26049_good" classname="com.cardatechnologies.utils.validators.abaroutevalidator.Test_AbaRouteValidator_13a" time="0.022"/>
  <testcase name="testAbaNumberCheck_25109_good" classname="com.cardatechnologies.utils.validators.abaroutevalidator.Test_AbaRouteValidator_13a" time="0.022"/>
  <testcase name="testAbaNumberCheck_26502_bad" classname="com.cardatechnologies.utils.validators.abaroutevalidator.Test_AbaRouteValidator_13a" time="0.019"/>
  <testcase name="testAbaNumberCheck_26052_bad" classname="com.cardatechnologies.utils.validators.abaroutevalidator.Test_AbaRouteValidator_13a" time="0.019"/>
  <testcase name="testAbaNumberCheck_26707_good" classname="com.cardatechnologies.utils.validators.abaroutevalidator.Test_AbaRouteValidator_13a" time="0.025"/>
  <testcase name="testAbaNumberCheck_26504_bad" classname="com.cardatechnologies.utils.validators.abaroutevalidator.Test_AbaRouteValidator_13a" time="0.021"/>
  <testcase name="testAbaNumberCheck_25073_good" classname="com.cardatechnologies.utils.validators.abaroutevalidator.Test_AbaRouteValidator_13a" time="0.019"/>
  <testcase name="testAbaNumberCheck_25240_bad" classname="com.cardatechnologies.utils.validators.abaroutevalidator.Test_AbaRouteValidator_13a" time="0.02"/>
  <testcase name="testAbaNumberCheck_26054_bad" classname="com.cardatechnologies.utils.validators.abaroutevalidator.Test_AbaRouteValidator_13a" time="0.018"/>
  <testcase name="testAbaNumberCheck_26506_bad" classname="com.cardatechnologies.utils.validators.abaroutevalidator.Test_AbaRouteValidator_13a" time="0.019"/>
  <testcase name="testAbaNumberCheck_25242_bad" classname="com.cardatechnologies.utils.validators.abaroutevalidator.Test_AbaRouteValidator_13a" time="0.019"/>
  <testcase name="testAbaNumberCheck_26671_good" classname="com.cardatechnologies.utils.validators.abaroutevalidator.Test_AbaRouteValidator_13a" time="0.019"/>
  <testcase name="testAbaNumberCheck_26056_bad" classname="com.cardatechnologies.utils.validators.abaroutevalidator.Test_AbaRouteValidator_13a" time="0.019"/>
  <testcase name="testAbaNumberCheck_25731_good" classname="com.cardatechnologies.utils.validators.abaroutevalidator.Test_AbaRouteValidator_13a" time="0.018"/>
  <testcase name="testAbaNumberCheck_26508_bad" classname="com.cardatechnologies.utils.validators.abaroutevalidator.Test_AbaRouteValidator_13a" time="0.019"/>
  <testcase name="testAbaNumberCheck_25244_bad" classname="com.cardatechnologies.utils.validators.abaroutevalidator.Test_AbaRouteValidator_13a" time="0.019"/>
  <testcase name="testAbaNumberCheck_26058_bad" classname="com.cardatechnologies.utils.validators.abaroutevalidator.Test_AbaRouteValidator_13a" time="0.018"/>
  <testcase name="testAbaNumberCheck_25246_bad" classname="com.cardatechnologies.utils.validators.abaroutevalidator.Test_AbaRouteValidator_13a" time="0.019"/>
  <testcase name="testAbaNumberCheck_26545_good" classname="com.cardatechnologies.utils.validators.abaroutevalidator.Test_AbaRouteValidator_13a" time="0.019"/>
  <testcase name="testAbaNumberCheck_25605_good" classname="com.cardatechnologies.utils.validators.abaroutevalidator.Test_AbaRouteValidator_13a" time="0.019"/>
  <testcase name="testAbaNumberCheck_25248_bad" classname="com.cardatechnologies.utils.validators.abaroutevalidator.Test_AbaRouteValidator_13a" time="0.019"/>
  <testcase name="testAbaNumberCheck_26419_good" classname="com.cardatechnologies.utils.validators.abaroutevalidator.Test_AbaRouteValidator_13a" time="0.02"/>
  <testcase name="testAbaNumberCheck_26383_good" classname="com.cardatechnologies.utils.validators.abaroutevalidator.Test_AbaRouteValidator_13a" time="0.019"/>
  <testcase name="testAbaNumberCheck_25443_good" classname="com.cardatechnologies.utils.validators.abaroutevalidator.Test_AbaRouteValidator_13a" time="0.019"/>
  <testcase name="testAbaNumberCheck_27197_good" classname="com.cardatechnologies.utils.validators.abaroutevalidator.Test_AbaRouteValidator_13a" time="0.022"/>
  <testcase name="testAbaNumberCheck_26257_good" classname="com.cardatechnologies.utils.validators.abaroutevalidator.Test_AbaRouteValidator_13a" time="0.018"/>
  <testcase name="testAbaNumberCheck_25317_good" classname="com.cardatechnologies.utils.validators.abaroutevalidator.Test_AbaRouteValidator_13a" time="0.017"/>
  <testcase name="testAbaNumberCheck_26915_good" classname="com.cardatechnologies.utils.validators.abaroutevalidator.Test_AbaRouteValidator_13a" time="0.023"/>
  <testcase name="testAbaNumberCheck_25281_good" classname="com.cardatechnologies.utils.validators.abaroutevalidator.Test_AbaRouteValidator_13a" time="0.022"/>
  <testcase name="testAbaNumberCheck_26510_bad" classname="com.cardatechnologies.utils.validators.abaroutevalidator.Test_AbaRouteValidator_13a" time="0.017"/>
  <testcase name="testAbaNumberCheck_26095_good" classname="com.cardatechnologies.utils.validators.abaroutevalidator.Test_AbaRouteValidator_13a" time="0.018"/>
  <testcase name="testAbaNumberCheck_25155_good" classname="com.cardatechnologies.utils.validators.abaroutevalidator.Test_AbaRouteValidator_13a" time="0.028"/>
  <testcase name="testAbaNumberCheck_26060_bad" classname="com.cardatechnologies.utils.validators.abaroutevalidator.Test_AbaRouteValidator_13a" time="0.017"/>
  <testcase name="testAbaNumberCheck_26512_bad" classname="com.cardatechnologies.utils.validators.abaroutevalidator.Test_AbaRouteValidator_13a" time="0.019"/>
  <testcase name="testAbaNumberCheck_26062_bad" classname="com.cardatechnologies.utils.validators.abaroutevalidator.Test_AbaRouteValidator_13a" time="0.018"/>
  <testcase name="testAbaNumberCheck_26753_good" classname="com.cardatechnologies.utils.validators.abaroutevalidator.Test_AbaRouteValidator_13a" time="0.017"/>
  <testcase name="testAbaNumberCheck_25813_good" classname="com.cardatechnologies.utils.validators.abaroutevalidator.Test_AbaRouteValidator_13a" time="0.018"/>
  <testcase name="testAbaNumberCheck_25700_bad" classname="com.cardatechnologies.utils.validators.abaroutevalidator.Test_AbaRouteValidator_13a" time="0.019"/>
  <testcase name="testAbaNumberCheck_26514_bad" classname="com.cardatechnologies.utils.validators.abaroutevalidator.Test_AbaRouteValidator_13a" time="0.018"/>
  <testcase name="testAbaNumberCheck_25250_bad" classname="com.cardatechnologies.utils.validators.abaroutevalidator.Test_AbaRouteValidator_13a" time="0.018"/>
  <testcase name="testAbaNumberCheck_26064_bad" classname="com.cardatechnologies.utils.validators.abaroutevalidator.Test_AbaRouteValidator_13a" time="0.018"/>
  <testcase name="testAbaNumberCheck_25029_good" classname="com.cardatechnologies.utils.validators.abaroutevalidator.Test_AbaRouteValidator_13a" time="0.017"/>
  <testcase name="testAbaNumberCheck_25702_bad" classname="com.cardatechnologies.utils.validators.abaroutevalidator.Test_AbaRouteValidator_13a" time="0.018"/>
  <testcase name="testAbaNumberCheck_26516_bad" classname="com.cardatechnologies.utils.validators.abaroutevalidator.Test_AbaRouteValidator_13a" time="0.018"/>
  <testcase name="testAbaNumberCheck_25252_bad" classname="com.cardatechnologies.utils.validators.abaroutevalidator.Test_AbaRouteValidator_13a" time="0.018"/>
  <testcase name="testAbaNumberCheck_26066_bad" classname="com.cardatechnologies.utils.validators.abaroutevalidator.Test_AbaRouteValidator_13a" time="0.018"/>
  <testcase name="testAbaNumberCheck_26627_good" classname="com.cardatechnologies.utils.validators.abaroutevalidator.Test_AbaRouteValidator_13a" time="0.019"/>
  <testcase name="testAbaNumberCheck_25704_bad" classname="com.cardatechnologies.utils.validators.abaroutevalidator.Test_AbaRouteValidator_13a" time="0.018"/>
  <testcase name="testAbaNumberCheck_26518_bad" classname="com.cardatechnologies.utils.validators.abaroutevalidator.Test_AbaRouteValidator_13a" time="0.018"/>
  <testcase name="testAbaNumberCheck_25254_bad" classname="com.cardatechnologies.utils.validators.abaroutevalidator.Test_AbaRouteValidator_13a" time="0.017"/>
  <testcase name="testAbaNumberCheck_26068_bad" classname="com.cardatechnologies.utils.validators.abaroutevalidator.Test_AbaRouteValidator_13a" time="0.019"/>
  <testcase name="testAbaNumberCheck_25706_bad" classname="com.cardatechnologies.utils.validators.abaroutevalidator.Test_AbaRouteValidator_13a" time="0.017"/>
  <testcase name="testAbaNumberCheck_26591_good" classname="com.cardatechnologies.utils.validators.abaroutevalidator.Test_AbaRouteValidator_13a" time="0.018"/>
  <testcase name="testAbaNumberCheck_25256_bad" classname="com.cardatechnologies.utils.validators.abaroutevalidator.Test_AbaRouteValidator_13a" time="0.018"/>
  <testcase name="testAbaNumberCheck_25651_good" classname="com.cardatechnologies.utils.validators.abaroutevalidator.Test_AbaRouteValidator_13a" time="0.018"/>
  <testcase name="testAbaNumberCheck_25708_bad" classname="com.cardatechnologies.utils.validators.abaroutevalidator.Test_AbaRouteValidator_13a" time="0.024"/>
  <testcase name="testAbaNumberCheck_25258_bad" classname="com.cardatechnologies.utils.validators.abaroutevalidator.Test_AbaRouteValidator_13a" time="0.023"/>
  <testcase name="testAbaNumberCheck_26465_good" classname="com.cardatechnologies.utils.validators.abaroutevalidator.Test_AbaRouteValidator_13a" time="0.021"/>
  <testcase name="testAbaNumberCheck_25525_good" classname="com.cardatechnologies.utils.validators.abaroutevalidator.Test_AbaRouteValidator_13a" time="0.024"/>
  <testcase name="testAbaNumberCheck_26339_good" classname="com.cardatechnologies.utils.validators.abaroutevalidator.Test_AbaRouteValidator_13a" time="0.026"/>
  <testcase name="testAbaNumberCheck_25363_good" classname="com.cardatechnologies.utils.validators.abaroutevalidator.Test_AbaRouteValidator_13a" time="0.021"/>
  <testcase name="testAbaNumberCheck_26961_good" classname="com.cardatechnologies.utils.validators.abaroutevalidator.Test_AbaRouteValidator_13a" time="0.021"/>
  <testcase name="testAbaNumberCheck_26177_good" classname="com.cardatechnologies.utils.validators.abaroutevalidator.Test_AbaRouteValidator_13a" time="0.02"/>
  <testcase name="testAbaNumberCheck_25237_good" classname="com.cardatechnologies.utils.validators.abaroutevalidator.Test_AbaRouteValidator_13a" time="0.02"/>
  <testcase name="testAbaNumberCheck_26835_good" classname="com.cardatechnologies.utils.validators.abaroutevalidator.Test_AbaRouteValidator_13a" time="0.021"/>
  <testcase name="testAbaNumberCheck_26520_bad" classname="com.cardatechnologies.utils.validators.abaroutevalidator.Test_AbaRouteValidator_13a" time="0.02"/>
  <testcase name="testAbaNumberCheck_26070_bad" classname="com.cardatechnologies.utils.validators.abaroutevalidator.Test_AbaRouteValidator_13a" time="0.021"/>
  <testcase name="testAbaNumberCheck_26522_bad" classname="com.cardatechnologies.utils.validators.abaroutevalidator.Test_AbaRouteValidator_13a" time="0.022"/>
  <testcase name="testAbaNumberCheck_26072_bad" classname="com.cardatechnologies.utils.validators.abaroutevalidator.Test_AbaRouteValidator_13a" time="0.021"/>
  <testcase name="testAbaNumberCheck_26709_good" classname="com.cardatechnologies.utils.validators.abaroutevalidator.Test_AbaRouteValidator_13a" time="0.02"/>
  <testcase name="testAbaNumberCheck_25710_bad" classname="com.cardatechnologies.utils.validators.abaroutevalidator.Test_AbaRouteValidator_13a" time="0.021"/>
  <testcase name="testAbaNumberCheck_26524_bad" classname="com.cardatechnologies.utils.validators.abaroutevalidator.Test_AbaRouteValidator_13a" time="0.021"/>
  <testcase name="testAbaNumberCheck_25075_good" classname="com.cardatechnologies.utils.validators.abaroutevalidator.Test_AbaRouteValidator_13a" time="0.021"/>
  <testcase name="testAbaNumberCheck_25260_bad" classname="com.cardatechnologies.utils.validators.abaroutevalidator.Test_AbaRouteValidator_13a" time="0.02"/>
  <testcase name="testAbaNumberCheck_26074_bad" classname="com.cardatechnologies.utils.validators.abaroutevalidator.Test_AbaRouteValidator_13a" time="0.021"/>
  <testcase name="testAbaNumberCheck_25712_bad" classname="com.cardatechnologies.utils.validators.abaroutevalidator.Test_AbaRouteValidator_13a" time="0.021"/>
  <testcase name="testAbaNumberCheck_26526_bad" classname="com.cardatechnologies.utils.validators.abaroutevalidator.Test_AbaRouteValidator_13a" time="0.036"/>
  <testcase name="testAbaNumberCheck_25262_bad" classname="com.cardatechnologies.utils.validators.abaroutevalidator.Test_AbaRouteValidator_13a" time="0.02"/>
  <testcase name="testAbaNumberCheck_26673_good" classname="com.cardatechnologies.utils.validators.abaroutevalidator.Test_AbaRouteValidator_13a" time="0.022"/>
  <testcase name="testAbaNumberCheck_26076_bad" classname="com.cardatechnologies.utils.validators.abaroutevalidator.Test_AbaRouteValidator_13a" time="0.024"/>
  <testcase name="testAbaNumberCheck_25733_good" classname="com.cardatechnologies.utils.validators.abaroutevalidator.Test_AbaRouteValidator_13a" time="0.021"/>
  <testcase name="testAbaNumberCheck_25714_bad" classname="com.cardatechnologies.utils.validators.abaroutevalidator.Test_AbaRouteValidator_13a" time="0.02"/>
  <testcase name="testAbaNumberCheck_26528_bad" classname="com.cardatechnologies.utils.validators.abaroutevalidator.Test_AbaRouteValidator_13a" time="0.022"/>
  <testcase name="testAbaNumberCheck_25264_bad" classname="com.cardatechnologies.utils.validators.abaroutevalidator.Test_AbaRouteValidator_13a" time="0.025"/>
  <testcase name="testAbaNumberCheck_26078_bad" classname="com.cardatechnologies.utils.validators.abaroutevalidator.Test_AbaRouteValidator_13a" time="0.018"/>
  <testcase name="testAbaNumberCheck_25716_bad" classname="com.cardatechnologies.utils.validators.abaroutevalidator.Test_AbaRouteValidator_13a" time="0.021"/>
  <testcase name="testAbaNumberCheck_25266_bad" classname="com.cardatechnologies.utils.validators.abaroutevalidator.Test_AbaRouteValidator_13a" time="0.018"/>
  <testcase name="testAbaNumberCheck_26547_good" classname="com.cardatechnologies.utils.validators.abaroutevalidator.Test_AbaRouteValidator_13a" time="0.017"/>
  <testcase name="testAbaNumberCheck_25607_good" classname="com.cardatechnologies.utils.validators.abaroutevalidator.Test_AbaRouteValidator_13a" time="0.018"/>
  <testcase name="testAbaNumberCheck_25718_bad" classname="com.cardatechnologies.utils.validators.abaroutevalidator.Test_AbaRouteValidator_13a" time="0.018"/>
  <testcase name="testAbaNumberCheck_25268_bad" classname="com.cardatechnologies.utils.validators.abaroutevalidator.Test_AbaRouteValidator_13a" time="0.018"/>
  <testcase name="testAbaNumberCheck_25571_good" classname="com.cardatechnologies.utils.validators.abaroutevalidator.Test_AbaRouteValidator_13a" time="0.018"/>
  <testcase name="testAbaNumberCheck_26385_good" classname="com.cardatechnologies.utils.validators.abaroutevalidator.Test_AbaRouteValidator_13a" time="0.017"/>
  <testcase name="testAbaNumberCheck_25445_good" classname="com.cardatechnologies.utils.validators.abaroutevalidator.Test_AbaRouteValidator_13a" time="0.019"/>
  <testcase name="testAbaNumberCheck_27199_good" classname="com.cardatechnologies.utils.validators.abaroutevalidator.Test_AbaRouteValidator_13a" time="0.018"/>
  <testcase name="testAbaNumberCheck_26259_good" classname="com.cardatechnologies.utils.validators.abaroutevalidator.Test_AbaRouteValidator_13a" time="0.017"/>
  <testcase name="testAbaNumberCheck_25319_good" classname="com.cardatechnologies.utils.validators.abaroutevalidator.Test_AbaRouteValidator_13a" time="0.018"/>
  <testcase name="testAbaNumberCheck_26917_good" classname="com.cardatechnologies.utils.validators.abaroutevalidator.Test_AbaRouteValidator_13a" time="0.018"/>
  <testcase name="testAbaNumberCheck_25283_good" classname="com.cardatechnologies.utils.validators.abaroutevalidator.Test_AbaRouteValidator_13a" time="0.018"/>
  <testcase name="testAbaNumberCheck_26881_good" classname="com.cardatechnologies.utils.validators.abaroutevalidator.Test_AbaRouteValidator_13a" time="0.017"/>
  <testcase name="testAbaNumberCheck_25941_good" classname="com.cardatechnologies.utils.validators.abaroutevalidator.Test_AbaRouteValidator_13a" time="0.018"/>
  <testcase name="testAbaNumberCheck_26530_bad" classname="com.cardatechnologies.utils.validators.abaroutevalidator.Test_AbaRouteValidator_13a" time="0.017"/>
  <testcase name="testAbaNumberCheck_26097_good" classname="com.cardatechnologies.utils.validators.abaroutevalidator.Test_AbaRouteValidator_13a" time="0.018"/>
  <testcase name="testAbaNumberCheck_25157_good" classname="com.cardatechnologies.utils.validators.abaroutevalidator.Test_AbaRouteValidator_13a" time="0.018"/>
  <testcase name="testAbaNumberCheck_26080_bad" classname="com.cardatechnologies.utils.validators.abaroutevalidator.Test_AbaRouteValidator_13a" time="0.018"/>
  <testcase name="testAbaNumberCheck_26532_bad" classname="com.cardatechnologies.utils.validators.abaroutevalidator.Test_AbaRouteValidator_13a" time="0.018"/>
  <testcase name="testAbaNumberCheck_26082_bad" classname="com.cardatechnologies.utils.validators.abaroutevalidator.Test_AbaRouteValidator_13a" time="0.018"/>
  <testcase name="testAbaNumberCheck_26755_good" classname="com.cardatechnologies.utils.validators.abaroutevalidator.Test_AbaRouteValidator_13a" time="0.017"/>
  <testcase name="testAbaNumberCheck_25815_good" classname="com.cardatechnologies.utils.validators.abaroutevalidator.Test_AbaRouteValidator_13a" time="0.024"/>
  <testcase name="testAbaNumberCheck_25720_bad" classname="com.cardatechnologies.utils.validators.abaroutevalidator.Test_AbaRouteValidator_13a" time="0.018"/>
  <testcase name="testAbaNumberCheck_26534_bad" classname="com.cardatechnologies.utils.validators.abaroutevalidator.Test_AbaRouteValidator_13a" time="0.018"/>
  <testcase name="testAbaNumberCheck_25270_bad" classname="com.cardatechnologies.utils.validators.abaroutevalidator.Test_AbaRouteValidator_13a" time="0.027"/>
  <testcase name="testAbaNumberCheck_26084_bad" classname="com.cardatechnologies.utils.validators.abaroutevalidator.Test_AbaRouteValidator_13a" time="0.021"/>
  <testcase name="testAbaNumberCheck_25722_bad" classname="com.cardatechnologies.utils.validators.abaroutevalidator.Test_AbaRouteValidator_13a" time="0.021"/>
  <testcase name="testAbaNumberCheck_26536_bad" classname="com.cardatechnologies.utils.validators.abaroutevalidator.Test_AbaRouteValidator_13a" time="0.021"/>
  <testcase name="testAbaNumberCheck_25272_bad" classname="com.cardatechnologies.utils.validators.abaroutevalidator.Test_AbaRouteValidator_13a" time="0.022"/>
  <testcase name="testAbaNumberCheck_26086_bad" classname="com.cardatechnologies.utils.validators.abaroutevalidator.Test_AbaRouteValidator_13a" time="0.022"/>
  <testcase name="testAbaNumberCheck_26629_good" classname="com.cardatechnologies.utils.validators.abaroutevalidator.Test_AbaRouteValidator_13a" time="0.021"/>
  <testcase name="testAbaNumberCheck_25724_bad" classname="com.cardatechnologies.utils.validators.abaroutevalidator.Test_AbaRouteValidator_13a" time="0.021"/>
  <testcase name="testAbaNumberCheck_26538_bad" classname="com.cardatechnologies.utils.validators.abaroutevalidator.Test_AbaRouteValidator_13a" time="0.022"/>
  <testcase name="testAbaNumberCheck_25274_bad" classname="com.cardatechnologies.utils.validators.abaroutevalidator.Test_AbaRouteValidator_13a" time="0.022"/>
  <testcase name="testAbaNumberCheck_26088_bad" classname="com.cardatechnologies.utils.validators.abaroutevalidator.Test_AbaRouteValidator_13a" time="0.021"/>
  <testcase name="testAbaNumberCheck_25726_bad" classname="com.cardatechnologies.utils.validators.abaroutevalidator.Test_AbaRouteValidator_13a" time="0.021"/>
  <testcase name="testAbaNumberCheck_26593_good" classname="com.cardatechnologies.utils.validators.abaroutevalidator.Test_AbaRouteValidator_13a" time="0.021"/>
  <testcase name="testAbaNumberCheck_25276_bad" classname="com.cardatechnologies.utils.validators.abaroutevalidator.Test_AbaRouteValidator_13a" time="0.022"/>
  <testcase name="testAbaNumberCheck_25653_good" classname="com.cardatechnologies.utils.validators.abaroutevalidator.Test_AbaRouteValidator_13a" time="0.02"/>
  <testcase name="testAbaNumberCheck_25728_bad" classname="com.cardatechnologies.utils.validators.abaroutevalidator.Test_AbaRouteValidator_13a" time="0.022"/>
  <testcase name="testAbaNumberCheck_25278_bad" classname="com.cardatechnologies.utils.validators.abaroutevalidator.Test_AbaRouteValidator_13a" time="0.021"/>
  <testcase name="testAbaNumberCheck_26467_good" classname="com.cardatechnologies.utils.validators.abaroutevalidator.Test_AbaRouteValidator_13a" time="0.024"/>
  <testcase name="testAbaNumberCheck_25527_good" classname="com.cardatechnologies.utils.validators.abaroutevalidator.Test_AbaRouteValidator_13a" time="0.021"/>
  <testcase name="testAbaNumberCheck_25491_good" classname="com.cardatechnologies.utils.validators.abaroutevalidator.Test_AbaRouteValidator_13a" time="0.019"/>
  <testcase name="testAbaNumberCheck_25365_good" classname="com.cardatechnologies.utils.validators.abaroutevalidator.Test_AbaRouteValidator_13a" time="0.018"/>
  <testcase name="testAbaNumberCheck_26963_good" classname="com.cardatechnologies.utils.validators.abaroutevalidator.Test_AbaRouteValidator_13a" time="0.022"/>
  <testcase name="testAbaNumberCheck_26179_good" classname="com.cardatechnologies.utils.validators.abaroutevalidator.Test_AbaRouteValidator_13a" time="0.021"/>
  <testcase name="testAbaNumberCheck_25239_good" classname="com.cardatechnologies.utils.validators.abaroutevalidator.Test_AbaRouteValidator_13a" time="0.018"/>
  <testcase name="testAbaNumberCheck_26837_good" classname="com.cardatechnologies.utils.validators.abaroutevalidator.Test_AbaRouteValidator_13a" time="0.025"/>
  <testcase name="testAbaNumberCheck_26540_bad" classname="com.cardatechnologies.utils.validators.abaroutevalidator.Test_AbaRouteValidator_13a" time="0.021"/>
  <testcase name="testAbaNumberCheck_26090_bad" classname="com.cardatechnologies.utils.validators.abaroutevalidator.Test_AbaRouteValidator_13a" time="0.018"/>
  <testcase name="testAbaNumberCheck_26542_bad" classname="com.cardatechnologies.utils.validators.abaroutevalidator.Test_AbaRouteValidator_13a" time="0.018"/>
  <testcase name="testAbaNumberCheck_25861_good" classname="com.cardatechnologies.utils.validators.abaroutevalidator.Test_AbaRouteValidator_13a" time="0.019"/>
  <testcase name="testAbaNumberCheck_26092_bad" classname="com.cardatechnologies.utils.validators.abaroutevalidator.Test_AbaRouteValidator_13a" time="0.019"/>
  <testcase name="testAbaNumberCheck_25730_bad" classname="com.cardatechnologies.utils.validators.abaroutevalidator.Test_AbaRouteValidator_13a" time="0.022"/>
  <testcase name="testAbaNumberCheck_26544_bad" classname="com.cardatechnologies.utils.validators.abaroutevalidator.Test_AbaRouteValidator_13a" time="0.022"/>
  <testcase name="testAbaNumberCheck_25077_good" classname="com.cardatechnologies.utils.validators.abaroutevalidator.Test_AbaRouteValidator_13a" time="0.019"/>
  <testcase name="testAbaNumberCheck_25280_bad" classname="com.cardatechnologies.utils.validators.abaroutevalidator.Test_AbaRouteValidator_13a" time="0.02"/>
  <testcase name="testAbaNumberCheck_26094_bad" classname="com.cardatechnologies.utils.validators.abaroutevalidator.Test_AbaRouteValidator_13a" time="0.019"/>
  <testcase name="testAbaNumberCheck_25732_bad" classname="com.cardatechnologies.utils.validators.abaroutevalidator.Test_AbaRouteValidator_13a" time="0.021"/>
  <testcase name="testAbaNumberCheck_26546_bad" classname="com.cardatechnologies.utils.validators.abaroutevalidator.Test_AbaRouteValidator_13a" time="0.018"/>
  <testcase name="testAbaNumberCheck_25282_bad" classname="com.cardatechnologies.utils.validators.abaroutevalidator.Test_AbaRouteValidator_13a" time="0.018"/>
  <testcase name="testAbaNumberCheck_26675_good" classname="com.cardatechnologies.utils.validators.abaroutevalidator.Test_AbaRouteValidator_13a" time="0.018"/>
  <testcase name="testAbaNumberCheck_26096_bad" classname="com.cardatechnologies.utils.validators.abaroutevalidator.Test_AbaRouteValidator_13a" time="0.018"/>
  <testcase name="testAbaNumberCheck_25735_good" classname="com.cardatechnologies.utils.validators.abaroutevalidator.Test_AbaRouteValidator_13a" time="0.017"/>
  <testcase name="testAbaNumberCheck_25734_bad" classname="com.cardatechnologies.utils.validators.abaroutevalidator.Test_AbaRouteValidator_13a" time="0.018"/>
  <testcase name="testAbaNumberCheck_26548_bad" classname="com.cardatechnologies.utils.validators.abaroutevalidator.Test_AbaRouteValidator_13a" time="0.017"/>
  <testcase name="testAbaNumberCheck_25284_bad" classname="com.cardatechnologies.utils.validators.abaroutevalidator.Test_AbaRouteValidator_13a" time="0.018"/>
  <testcase name="testAbaNumberCheck_26098_bad" classname="com.cardatechnologies.utils.validators.abaroutevalidator.Test_AbaRouteValidator_13a" time="0.018"/>
  <testcase name="testAbaNumberCheck_25736_bad" classname="com.cardatechnologies.utils.validators.abaroutevalidator.Test_AbaRouteValidator_13a" time="0.018"/>
  <testcase name="testAbaNumberCheck_25286_bad" classname="com.cardatechnologies.utils.validators.abaroutevalidator.Test_AbaRouteValidator_13a" time="0.018"/>
  <testcase name="testAbaNumberCheck_26549_good" classname="com.cardatechnologies.utils.validators.abaroutevalidator.Test_AbaRouteValidator_13a" time="0.017"/>
  <testcase name="testAbaNumberCheck_25609_good" classname="com.cardatechnologies.utils.validators.abaroutevalidator.Test_AbaRouteValidator_13a" time="0.021"/>
  <testcase name="testAbaNumberCheck_25738_bad" classname="com.cardatechnologies.utils.validators.abaroutevalidator.Test_AbaRouteValidator_13a" time="0.022"/>
  <testcase name="testAbaNumberCheck_25288_bad" classname="com.cardatechnologies.utils.validators.abaroutevalidator.Test_AbaRouteValidator_13a" time="0.017"/>
  <testcase name="testAbaNumberCheck_25573_good" classname="com.cardatechnologies.utils.validators.abaroutevalidator.Test_AbaRouteValidator_13a" time="0.022"/>
  <testcase name="testAbaNumberCheck_26387_good" classname="com.cardatechnologies.utils.validators.abaroutevalidator.Test_AbaRouteValidator_13a" time="0.027"/>
  <testcase name="testAbaNumberCheck_25447_good" classname="com.cardatechnologies.utils.validators.abaroutevalidator.Test_AbaRouteValidator_13a" time="0.021"/>
  <testcase name="testAbaNumberCheck_26919_good" classname="com.cardatechnologies.utils.validators.abaroutevalidator.Test_AbaRouteValidator_13a" time="0.021"/>
  <testcase name="testAbaNumberCheck_25285_good" classname="com.cardatechnologies.utils.validators.abaroutevalidator.Test_AbaRouteValidator_13a" time="0.019"/>
  <testcase name="testAbaNumberCheck_26883_good" classname="com.cardatechnologies.utils.validators.abaroutevalidator.Test_AbaRouteValidator_13a" time="0.019"/>
  <testcase name="testAbaNumberCheck_25943_good" classname="com.cardatechnologies.utils.validators.abaroutevalidator.Test_AbaRouteValidator_13a" time="0.018"/>
  <testcase name="testAbaNumberCheck_26550_bad" classname="com.cardatechnologies.utils.validators.abaroutevalidator.Test_AbaRouteValidator_13a" time="0.018"/>
  <testcase name="testAbaNumberCheck_26099_good" classname="com.cardatechnologies.utils.validators.abaroutevalidator.Test_AbaRouteValidator_13a" time="0.018"/>
  <testcase name="testAbaNumberCheck_25159_good" classname="com.cardatechnologies.utils.validators.abaroutevalidator.Test_AbaRouteValidator_13a" time="0.019"/>
  <testcase name="testAbaNumberCheck_26552_bad" classname="com.cardatechnologies.utils.validators.abaroutevalidator.Test_AbaRouteValidator_13a" time="0.02"/>
  <testcase name="testAbaNumberCheck_26757_good" classname="com.cardatechnologies.utils.validators.abaroutevalidator.Test_AbaRouteValidator_13a" time="0.021"/>
  <testcase name="testAbaNumberCheck_25817_good" classname="com.cardatechnologies.utils.validators.abaroutevalidator.Test_AbaRouteValidator_13a" time="0.02"/>
  <testcase name="testAbaNumberCheck_25740_bad" classname="com.cardatechnologies.utils.validators.abaroutevalidator.Test_AbaRouteValidator_13a" time="0.02"/>
  <testcase name="testAbaNumberCheck_26554_bad" classname="com.cardatechnologies.utils.validators.abaroutevalidator.Test_AbaRouteValidator_13a" time="0.021"/>
  <testcase name="testAbaNumberCheck_25290_bad" classname="com.cardatechnologies.utils.validators.abaroutevalidator.Test_AbaRouteValidator_13a" time="0.02"/>
  <testcase name="testAbaNumberCheck_25742_bad" classname="com.cardatechnologies.utils.validators.abaroutevalidator.Test_AbaRouteValidator_13a" time="0.02"/>
  <testcase name="testAbaNumberCheck_26556_bad" classname="com.cardatechnologies.utils.validators.abaroutevalidator.Test_AbaRouteValidator_13a" time="0.021"/>
  <testcase name="testAbaNumberCheck_25781_good" classname="com.cardatechnologies.utils.validators.abaroutevalidator.Test_AbaRouteValidator_13a" time="0.021"/>
  <testcase name="testAbaNumberCheck_25292_bad" classname="com.cardatechnologies.utils.validators.abaroutevalidator.Test_AbaRouteValidator_13a" time="0.02"/>
  <testcase name="testAbaNumberCheck_25744_bad" classname="com.cardatechnologies.utils.validators.abaroutevalidator.Test_AbaRouteValidator_13a" time="0.018"/>
  <testcase name="testAbaNumberCheck_26558_bad" classname="com.cardatechnologies.utils.validators.abaroutevalidator.Test_AbaRouteValidator_13a" time="0.018"/>
  <testcase name="testAbaNumberCheck_25294_bad" classname="com.cardatechnologies.utils.validators.abaroutevalidator.Test_AbaRouteValidator_13a" time="0.019"/>
  <testcase name="testAbaNumberCheck_25746_bad" classname="com.cardatechnologies.utils.validators.abaroutevalidator.Test_AbaRouteValidator_13a" time="0.023"/>
  <testcase name="testAbaNumberCheck_26595_good" classname="com.cardatechnologies.utils.validators.abaroutevalidator.Test_AbaRouteValidator_13a" time="0.02"/>
  <testcase name="testAbaNumberCheck_25296_bad" classname="com.cardatechnologies.utils.validators.abaroutevalidator.Test_AbaRouteValidator_13a" time="0.019"/>
  <testcase name="testAbaNumberCheck_25655_good" classname="com.cardatechnologies.utils.validators.abaroutevalidator.Test_AbaRouteValidator_13a" time="0.022"/>
  <testcase name="testAbaNumberCheck_25748_bad" classname="com.cardatechnologies.utils.validators.abaroutevalidator.Test_AbaRouteValidator_13a" time="0.025"/>
  <testcase name="testAbaNumberCheck_25298_bad" classname="com.cardatechnologies.utils.validators.abaroutevalidator.Test_AbaRouteValidator_13a" time="0.017"/>
  <testcase name="testAbaNumberCheck_26469_good" classname="com.cardatechnologies.utils.validators.abaroutevalidator.Test_AbaRouteValidator_13a" time="0.019"/>
  <testcase name="testAbaNumberCheck_25529_good" classname="com.cardatechnologies.utils.validators.abaroutevalidator.Test_AbaRouteValidator_13a" time="0.018"/>
  <testcase name="testAbaNumberCheck_25493_good" classname="com.cardatechnologies.utils.validators.abaroutevalidator.Test_AbaRouteValidator_13a" time="0.019"/>
  <testcase name="testAbaNumberCheck_25367_good" classname="com.cardatechnologies.utils.validators.abaroutevalidator.Test_AbaRouteValidator_13a" time="0.018"/>
  <testcase name="testAbaNumberCheck_26965_good" classname="com.cardatechnologies.utils.validators.abaroutevalidator.Test_AbaRouteValidator_13a" time="0.02"/>
  <testcase name="testAbaNumberCheck_26839_good" classname="com.cardatechnologies.utils.validators.abaroutevalidator.Test_AbaRouteValidator_13a" time="0.018"/>
  <testcase name="testAbaNumberCheck_26560_bad" classname="com.cardatechnologies.utils.validators.abaroutevalidator.Test_AbaRouteValidator_13a" time="0.018"/>
  <testcase name="testAbaNumberCheck_26562_bad" classname="com.cardatechnologies.utils.validators.abaroutevalidator.Test_AbaRouteValidator_13a" time="0.019"/>
  <testcase name="testAbaNumberCheck_25863_good" classname="com.cardatechnologies.utils.validators.abaroutevalidator.Test_AbaRouteValidator_13a" time="0.018"/>
  <testcase name="testAbaNumberCheck_25750_bad" classname="com.cardatechnologies.utils.validators.abaroutevalidator.Test_AbaRouteValidator_13a" time="0.018"/>
  <testcase name="testAbaNumberCheck_26564_bad" classname="com.cardatechnologies.utils.validators.abaroutevalidator.Test_AbaRouteValidator_13a" time="0.019"/>
  <testcase name="testAbaNumberCheck_25079_good" classname="com.cardatechnologies.utils.validators.abaroutevalidator.Test_AbaRouteValidator_13a" time="0.019"/>
  <testcase name="testAbaNumberCheck_25752_bad" classname="com.cardatechnologies.utils.validators.abaroutevalidator.Test_AbaRouteValidator_13a" time="0.019"/>
  <testcase name="testAbaNumberCheck_26566_bad" classname="com.cardatechnologies.utils.validators.abaroutevalidator.Test_AbaRouteValidator_13a" time="0.019"/>
  <testcase name="testAbaNumberCheck_26677_good" classname="com.cardatechnologies.utils.validators.abaroutevalidator.Test_AbaRouteValidator_13a" time="0.019"/>
  <testcase name="testAbaNumberCheck_25737_good" classname="com.cardatechnologies.utils.validators.abaroutevalidator.Test_AbaRouteValidator_13a" time="0.019"/>
  <testcase name="testAbaNumberCheck_25754_bad" classname="com.cardatechnologies.utils.validators.abaroutevalidator.Test_AbaRouteValidator_13a" time="0.017"/>
  <testcase name="testAbaNumberCheck_26568_bad" classname="com.cardatechnologies.utils.validators.abaroutevalidator.Test_AbaRouteValidator_13a" time="0.023"/>
  <testcase name="testAbaNumberCheck_25756_bad" classname="com.cardatechnologies.utils.validators.abaroutevalidator.Test_AbaRouteValidator_13a" time="0.018"/>
  <testcase name="testAbaNumberCheck_25758_bad" classname="com.cardatechnologies.utils.validators.abaroutevalidator.Test_AbaRouteValidator_13a" time="0.017"/>
  <testcase name="testAbaNumberCheck_25575_good" classname="com.cardatechnologies.utils.validators.abaroutevalidator.Test_AbaRouteValidator_13a" time="0.017"/>
  <testcase name="testAbaNumberCheck_26389_good" classname="com.cardatechnologies.utils.validators.abaroutevalidator.Test_AbaRouteValidator_13a" time="0.023"/>
  <testcase name="testAbaNumberCheck_25449_good" classname="com.cardatechnologies.utils.validators.abaroutevalidator.Test_AbaRouteValidator_13a" time="0.021"/>
  <testcase name="testAbaNumberCheck_25287_good" classname="com.cardatechnologies.utils.validators.abaroutevalidator.Test_AbaRouteValidator_13a" time="0.019"/>
  <testcase name="testAbaNumberCheck_26885_good" classname="com.cardatechnologies.utils.validators.abaroutevalidator.Test_AbaRouteValidator_13a" time="0.018"/>
  <testcase name="testAbaNumberCheck_25945_good" classname="com.cardatechnologies.utils.validators.abaroutevalidator.Test_AbaRouteValidator_13a" time="0.027"/>
  <testcase name="testAbaNumberCheck_26570_bad" classname="com.cardatechnologies.utils.validators.abaroutevalidator.Test_AbaRouteValidator_13a" time="0.017"/>
  <testcase name="testAbaNumberCheck_26572_bad" classname="com.cardatechnologies.utils.validators.abaroutevalidator.Test_AbaRouteValidator_13a" time="0.018"/>
  <testcase name="testAbaNumberCheck_26759_good" classname="com.cardatechnologies.utils.validators.abaroutevalidator.Test_AbaRouteValidator_13a" time="0.017"/>
  <testcase name="testAbaNumberCheck_25819_good" classname="com.cardatechnologies.utils.validators.abaroutevalidator.Test_AbaRouteValidator_13a" time="0.018"/>
  <testcase name="testAbaNumberCheck_25760_bad" classname="com.cardatechnologies.utils.validators.abaroutevalidator.Test_AbaRouteValidator_13a" time="0.019"/>
  <testcase name="testAbaNumberCheck_26574_bad" classname="com.cardatechnologies.utils.validators.abaroutevalidator.Test_AbaRouteValidator_13a" time="0.018"/>
  <testcase name="testAbaNumberCheck_25762_bad" classname="com.cardatechnologies.utils.validators.abaroutevalidator.Test_AbaRouteValidator_13a" time="0.018"/>
  <testcase name="testAbaNumberCheck_26576_bad" classname="com.cardatechnologies.utils.validators.abaroutevalidator.Test_AbaRouteValidator_13a" time="0.018"/>
  <testcase name="testAbaNumberCheck_25783_good" classname="com.cardatechnologies.utils.validators.abaroutevalidator.Test_AbaRouteValidator_13a" time="0.018"/>
  <testcase name="testAbaNumberCheck_25764_bad" classname="com.cardatechnologies.utils.validators.abaroutevalidator.Test_AbaRouteValidator_13a" time="0.018"/>
  <testcase name="testAbaNumberCheck_26578_bad" classname="com.cardatechnologies.utils.validators.abaroutevalidator.Test_AbaRouteValidator_13a" time="0.017"/>
  <testcase name="testAbaNumberCheck_25766_bad" classname="com.cardatechnologies.utils.validators.abaroutevalidator.Test_AbaRouteValidator_13a" time="0.018"/>
  <testcase name="testAbaNumberCheck_26597_good" classname="com.cardatechnologies.utils.validators.abaroutevalidator.Test_AbaRouteValidator_13a" time="0.019"/>
  <testcase name="testAbaNumberCheck_25657_good" classname="com.cardatechnologies.utils.validators.abaroutevalidator.Test_AbaRouteValidator_13a" time="0.018"/>
  <testcase name="testAbaNumberCheck_25768_bad" classname="com.cardatechnologies.utils.validators.abaroutevalidator.Test_AbaRouteValidator_13a" time="0.019"/>
  <testcase name="testAbaNumberCheck_25495_good" classname="com.cardatechnologies.utils.validators.abaroutevalidator.Test_AbaRouteValidator_13a" time="0.018"/>
  <testcase name="testAbaNumberCheck_25369_good" classname="com.cardatechnologies.utils.validators.abaroutevalidator.Test_AbaRouteValidator_13a" time="0.018"/>
  <testcase name="testAbaNumberCheck_26967_good" classname="com.cardatechnologies.utils.validators.abaroutevalidator.Test_AbaRouteValidator_13a" time="0.018"/>
  <testcase name="testAbaNumberCheck_25991_good" classname="com.cardatechnologies.utils.validators.abaroutevalidator.Test_AbaRouteValidator_13a" time="0.017"/>
  <testcase name="testAbaNumberCheck_26580_bad" classname="com.cardatechnologies.utils.validators.abaroutevalidator.Test_AbaRouteValidator_13a" time="0.018"/>
  <testcase name="testAbaNumberCheck_26582_bad" classname="com.cardatechnologies.utils.validators.abaroutevalidator.Test_AbaRouteValidator_13a" time="0.018"/>
  <testcase name="testAbaNumberCheck_25865_good" classname="com.cardatechnologies.utils.validators.abaroutevalidator.Test_AbaRouteValidator_13a" time="0.018"/>
  <testcase name="testAbaNumberCheck_25770_bad" classname="com.cardatechnologies.utils.validators.abaroutevalidator.Test_AbaRouteValidator_13a" time="0.017"/>
  <testcase name="testAbaNumberCheck_26584_bad" classname="com.cardatechnologies.utils.validators.abaroutevalidator.Test_AbaRouteValidator_13a" time="0.023"/>
  <testcase name="testAbaNumberCheck_25772_bad" classname="com.cardatechnologies.utils.validators.abaroutevalidator.Test_AbaRouteValidator_13a" time="0.021"/>
  <testcase name="testAbaNumberCheck_26586_bad" classname="com.cardatechnologies.utils.validators.abaroutevalidator.Test_AbaRouteValidator_13a" time="0.017"/>
  <testcase name="testAbaNumberCheck_26679_good" classname="com.cardatechnologies.utils.validators.abaroutevalidator.Test_AbaRouteValidator_13a" time="0.018"/>
  <testcase name="testAbaNumberCheck_25739_good" classname="com.cardatechnologies.utils.validators.abaroutevalidator.Test_AbaRouteValidator_13a" time="0.028"/>
  <testcase name="testAbaNumberCheck_25774_bad" classname="com.cardatechnologies.utils.validators.abaroutevalidator.Test_AbaRouteValidator_13a" time="0.017"/>
  <testcase name="testAbaNumberCheck_26588_bad" classname="com.cardatechnologies.utils.validators.abaroutevalidator.Test_AbaRouteValidator_13a" time="0.018"/>
  <testcase name="testAbaNumberCheck_25776_bad" classname="com.cardatechnologies.utils.validators.abaroutevalidator.Test_AbaRouteValidator_13a" time="0.018"/>
  <testcase name="testAbaNumberCheck_25778_bad" classname="com.cardatechnologies.utils.validators.abaroutevalidator.Test_AbaRouteValidator_13a" time="0.018"/>
  <testcase name="testAbaNumberCheck_25577_good" classname="com.cardatechnologies.utils.validators.abaroutevalidator.Test_AbaRouteValidator_13a" time="0.018"/>
  <testcase name="testAbaNumberCheck_25289_good" classname="com.cardatechnologies.utils.validators.abaroutevalidator.Test_AbaRouteValidator_13a" time="0.017"/>
  <testcase name="testAbaNumberCheck_26887_good" classname="com.cardatechnologies.utils.validators.abaroutevalidator.Test_AbaRouteValidator_13a" time="0.018"/>
  <testcase name="testAbaNumberCheck_25947_good" classname="com.cardatechnologies.utils.validators.abaroutevalidator.Test_AbaRouteValidator_13a" time="0.018"/>
  <testcase name="testAbaNumberCheck_26590_bad" classname="com.cardatechnologies.utils.validators.abaroutevalidator.Test_AbaRouteValidator_13a" time="0.019"/>
  <testcase name="testAbaNumberCheck_26592_bad" classname="com.cardatechnologies.utils.validators.abaroutevalidator.Test_AbaRouteValidator_13a" time="0.018"/>
  <testcase name="testAbaNumberCheck_25780_bad" classname="com.cardatechnologies.utils.validators.abaroutevalidator.Test_AbaRouteValidator_13a" time="0.018"/>
  <testcase name="testAbaNumberCheck_26594_bad" classname="com.cardatechnologies.utils.validators.abaroutevalidator.Test_AbaRouteValidator_13a" time="0.017"/>
  <testcase name="testAbaNumberCheck_25782_bad" classname="com.cardatechnologies.utils.validators.abaroutevalidator.Test_AbaRouteValidator_13a" time="0.018"/>
  <testcase name="testAbaNumberCheck_26596_bad" classname="com.cardatechnologies.utils.validators.abaroutevalidator.Test_AbaRouteValidator_13a" time="0.017"/>
  <testcase name="testAbaNumberCheck_25785_good" classname="com.cardatechnologies.utils.validators.abaroutevalidator.Test_AbaRouteValidator_13a" time="0.018"/>
  <testcase name="testAbaNumberCheck_25784_bad" classname="com.cardatechnologies.utils.validators.abaroutevalidator.Test_AbaRouteValidator_13a" time="0.018"/>
  <testcase name="testAbaNumberCheck_26598_bad" classname="com.cardatechnologies.utils.validators.abaroutevalidator.Test_AbaRouteValidator_13a" time="0.018"/>
  <testcase name="testAbaNumberCheck_25786_bad" classname="com.cardatechnologies.utils.validators.abaroutevalidator.Test_AbaRouteValidator_13a" time="0.018"/>
  <testcase name="testAbaNumberCheck_26599_good" classname="com.cardatechnologies.utils.validators.abaroutevalidator.Test_AbaRouteValidator_13a" time="0.017"/>
  <testcase name="testAbaNumberCheck_25659_good" classname="com.cardatechnologies.utils.validators.abaroutevalidator.Test_AbaRouteValidator_13a" time="0.019"/>
  <testcase name="testAbaNumberCheck_25788_bad" classname="com.cardatechnologies.utils.validators.abaroutevalidator.Test_AbaRouteValidator_13a" time="0.017"/>
  <testcase name="testAbaNumberCheck_25497_good" classname="com.cardatechnologies.utils.validators.abaroutevalidator.Test_AbaRouteValidator_13a" time="0.018"/>
  <testcase name="testAbaNumberCheck_26969_good" classname="com.cardatechnologies.utils.validators.abaroutevalidator.Test_AbaRouteValidator_13a" time="0.018"/>
  <testcase name="testAbaNumberCheck_25993_good" classname="com.cardatechnologies.utils.validators.abaroutevalidator.Test_AbaRouteValidator_13a" time="0.022"/>
  <testcase name="testAbaNumberCheck_25867_good" classname="com.cardatechnologies.utils.validators.abaroutevalidator.Test_AbaRouteValidator_13a" time="0.021"/>
  <testcase name="testAbaNumberCheck_25790_bad" classname="com.cardatechnologies.utils.validators.abaroutevalidator.Test_AbaRouteValidator_13a" time="0.018"/>
  <testcase name="testAbaNumberCheck_25792_bad" classname="com.cardatechnologies.utils.validators.abaroutevalidator.Test_AbaRouteValidator_13a" time="0.018"/>
  <testcase name="testAbaNumberCheck_25794_bad" classname="com.cardatechnologies.utils.validators.abaroutevalidator.Test_AbaRouteValidator_13a" time="0.024"/>
  <testcase name="testAbaNumberCheck_25796_bad" classname="com.cardatechnologies.utils.validators.abaroutevalidator.Test_AbaRouteValidator_13a" time="0.021"/>
  <testcase name="testAbaNumberCheck_25798_bad" classname="com.cardatechnologies.utils.validators.abaroutevalidator.Test_AbaRouteValidator_13a" time="0.017"/>
  <testcase name="testAbaNumberCheck_25579_good" classname="com.cardatechnologies.utils.validators.abaroutevalidator.Test_AbaRouteValidator_13a" time="0.018"/>
  <testcase name="testAbaNumberCheck_26889_good" classname="com.cardatechnologies.utils.validators.abaroutevalidator.Test_AbaRouteValidator_13a" time="0.019"/>
  <testcase name="testAbaNumberCheck_25949_good" classname="com.cardatechnologies.utils.validators.abaroutevalidator.Test_AbaRouteValidator_13a" time="0.018"/>
  <testcase name="testAbaNumberCheck_25787_good" classname="com.cardatechnologies.utils.validators.abaroutevalidator.Test_AbaRouteValidator_13a" time="0.017"/>
  <testcase name="testAbaNumberCheck_25499_good" classname="com.cardatechnologies.utils.validators.abaroutevalidator.Test_AbaRouteValidator_13a" time="0.018"/>
  <testcase name="testAbaNumberCheck_25995_good" classname="com.cardatechnologies.utils.validators.abaroutevalidator.Test_AbaRouteValidator_13a" time="0.017"/>
  <testcase name="testAbaNumberCheck_25869_good" classname="com.cardatechnologies.utils.validators.abaroutevalidator.Test_AbaRouteValidator_13a" time="0.018"/>
  <testcase name="testAbaNumberCheck_25789_good" classname="com.cardatechnologies.utils.validators.abaroutevalidator.Test_AbaRouteValidator_13a" time="0.018"/>
  <testcase name="testAbaNumberCheck_25997_good" classname="com.cardatechnologies.utils.validators.abaroutevalidator.Test_AbaRouteValidator_13a" time="0.019"/>
  <testcase name="testAbaNumberCheck_27101_good" classname="com.cardatechnologies.utils.validators.abaroutevalidator.Test_AbaRouteValidator_13a" time="0.019"/>
  <testcase name="testAbaNumberCheck_25999_good" classname="com.cardatechnologies.utils.validators.abaroutevalidator.Test_AbaRouteValidator_13a" time="0.017"/>
  <testcase name="testAbaNumberCheck_27021_good" classname="com.cardatechnologies.utils.validators.abaroutevalidator.Test_AbaRouteValidator_13a" time="0.017"/>
  <testcase name="testAbaNumberCheck_27103_good" classname="com.cardatechnologies.utils.validators.abaroutevalidator.Test_AbaRouteValidator_13a" time="0.018"/>
  <testcase name="testAbaNumberCheck_26001_good" classname="com.cardatechnologies.utils.validators.abaroutevalidator.Test_AbaRouteValidator_13a" time="0.018"/>
  <testcase name="testAbaNumberCheck_27023_good" classname="com.cardatechnologies.utils.validators.abaroutevalidator.Test_AbaRouteValidator_13a" time="0.017"/>
  <testcase name="testAbaNumberCheck_27105_good" classname="com.cardatechnologies.utils.validators.abaroutevalidator.Test_AbaRouteValidator_13a" time="0.019"/>
  <testcase name="testAbaNumberCheck_26003_good" classname="com.cardatechnologies.utils.validators.abaroutevalidator.Test_AbaRouteValidator_13a" time="0.018"/>
  <testcase name="testAbaNumberCheck_27151_good" classname="com.cardatechnologies.utils.validators.abaroutevalidator.Test_AbaRouteValidator_13a" time="0.017"/>
  <testcase name="testAbaNumberCheck_26211_good" classname="com.cardatechnologies.utils.validators.abaroutevalidator.Test_AbaRouteValidator_13a" time="0.019"/>
  <testcase name="testAbaNumberCheck_27025_good" classname="com.cardatechnologies.utils.validators.abaroutevalidator.Test_AbaRouteValidator_13a" time="0.018"/>
  <testcase name="testAbaNumberCheck_27107_good" classname="com.cardatechnologies.utils.validators.abaroutevalidator.Test_AbaRouteValidator_13a" time="0.019"/>
  <testcase name="testAbaNumberCheck_27071_good" classname="com.cardatechnologies.utils.validators.abaroutevalidator.Test_AbaRouteValidator_13a" time="0.022"/>
  <testcase name="testAbaNumberCheck_26131_good" classname="com.cardatechnologies.utils.validators.abaroutevalidator.Test_AbaRouteValidator_13a" time="0.02"/>
  <testcase name="testAbaNumberCheck_26005_good" classname="com.cardatechnologies.utils.validators.abaroutevalidator.Test_AbaRouteValidator_13a" time="0.017"/>
  <testcase name="testAbaNumberCheck_26501_good" classname="com.cardatechnologies.utils.validators.abaroutevalidator.Test_AbaRouteValidator_13a" time="0.018"/>
  <testcase name="testAbaNumberCheck_27153_good" classname="com.cardatechnologies.utils.validators.abaroutevalidator.Test_AbaRouteValidator_13a" time="0.021"/>
  <testcase name="testAbaNumberCheck_26213_good" classname="com.cardatechnologies.utils.validators.abaroutevalidator.Test_AbaRouteValidator_13a" time="0.024"/>
  <testcase name="testAbaNumberCheck_27027_good" classname="com.cardatechnologies.utils.validators.abaroutevalidator.Test_AbaRouteValidator_13a" time="0.019"/>
  <testcase name="testAbaNumberCheck_26051_good" classname="com.cardatechnologies.utils.validators.abaroutevalidator.Test_AbaRouteValidator_13a" time="0.018"/>
  <testcase name="testAbaNumberCheck_25111_good" classname="com.cardatechnologies.utils.validators.abaroutevalidator.Test_AbaRouteValidator_13a" time="0.017"/>
  <testcase name="testAbaNumberCheck_26421_good" classname="com.cardatechnologies.utils.validators.abaroutevalidator.Test_AbaRouteValidator_13a" time="0.018"/>
  <testcase name="testAbaNumberCheck_27109_good" classname="com.cardatechnologies.utils.validators.abaroutevalidator.Test_AbaRouteValidator_13a" time="0.018"/>
  <testcase name="testAbaNumberCheck_27073_good" classname="com.cardatechnologies.utils.validators.abaroutevalidator.Test_AbaRouteValidator_13a" time="0.018"/>
  <testcase name="testAbaNumberCheck_26133_good" classname="com.cardatechnologies.utils.validators.abaroutevalidator.Test_AbaRouteValidator_13a" time="0.018"/>
  <testcase name="testAbaNumberCheck_26007_good" classname="com.cardatechnologies.utils.validators.abaroutevalidator.Test_AbaRouteValidator_13a" time="0.018"/>
  <testcase name="testAbaNumberCheck_25031_good" classname="com.cardatechnologies.utils.validators.abaroutevalidator.Test_AbaRouteValidator_13a" time="0.018"/>
  <testcase name="testAbaNumberCheck_26503_good" classname="com.cardatechnologies.utils.validators.abaroutevalidator.Test_AbaRouteValidator_13a" time="0.018"/>
  <testcase name="testAbaNumberCheck_26341_good" classname="com.cardatechnologies.utils.validators.abaroutevalidator.Test_AbaRouteValidator_13a" time="0.018"/>
  <testcase name="testAbaNumberCheck_25401_good" classname="com.cardatechnologies.utils.validators.abaroutevalidator.Test_AbaRouteValidator_13a" time="0.018"/>
  <testcase name="testAbaNumberCheck_27155_good" classname="com.cardatechnologies.utils.validators.abaroutevalidator.Test_AbaRouteValidator_13a" time="0.019"/>
  <testcase name="testAbaNumberCheck_26215_good" classname="com.cardatechnologies.utils.validators.abaroutevalidator.Test_AbaRouteValidator_13a" time="0.018"/>
  <testcase name="testAbaNumberCheck_27029_good" classname="com.cardatechnologies.utils.validators.abaroutevalidator.Test_AbaRouteValidator_13a" time="0.018"/>
  <testcase name="testAbaNumberCheck_26053_good" classname="com.cardatechnologies.utils.validators.abaroutevalidator.Test_AbaRouteValidator_13a" time="0.018"/>
  <testcase name="testAbaNumberCheck_25113_good" classname="com.cardatechnologies.utils.validators.abaroutevalidator.Test_AbaRouteValidator_13a" time="0.018"/>
  <testcase name="testAbaNumberCheck_26711_good" classname="com.cardatechnologies.utils.validators.abaroutevalidator.Test_AbaRouteValidator_13a" time="0.018"/>
  <testcase name="testAbaNumberCheck_26423_good" classname="com.cardatechnologies.utils.validators.abaroutevalidator.Test_AbaRouteValidator_13a" time="0.019"/>
  <testcase name="testAbaNumberCheck_26261_good" classname="com.cardatechnologies.utils.validators.abaroutevalidator.Test_AbaRouteValidator_13a" time="0.018"/>
  <testcase name="testAbaNumberCheck_25321_good" classname="com.cardatechnologies.utils.validators.abaroutevalidator.Test_AbaRouteValidator_13a" time="0.019"/>
  <testcase name="testAbaNumberCheck_27075_good" classname="com.cardatechnologies.utils.validators.abaroutevalidator.Test_AbaRouteValidator_13a" time="0.018"/>
  <testcase name="testAbaNumberCheck_26135_good" classname="com.cardatechnologies.utils.validators.abaroutevalidator.Test_AbaRouteValidator_13a" time="0.02"/>
  <testcase name="testAbaNumberCheck_26100_bad" classname="com.cardatechnologies.utils.validators.abaroutevalidator.Test_AbaRouteValidator_13a" time="0.022"/>
  <testcase name="testAbaNumberCheck_26009_good" classname="com.cardatechnologies.utils.validators.abaroutevalidator.Test_AbaRouteValidator_13a" time="0.023"/>
  <testcase name="testAbaNumberCheck_26102_bad" classname="com.cardatechnologies.utils.validators.abaroutevalidator.Test_AbaRouteValidator_13a" time="0.022"/>
  <testcase name="testAbaNumberCheck_26104_bad" classname="com.cardatechnologies.utils.validators.abaroutevalidator.Test_AbaRouteValidator_13a" time="0.031"/>
  <testcase name="testAbaNumberCheck_25033_good" classname="com.cardatechnologies.utils.validators.abaroutevalidator.Test_AbaRouteValidator_13a" time="0.022"/>
  <testcase name="testAbaNumberCheck_26106_bad" classname="com.cardatechnologies.utils.validators.abaroutevalidator.Test_AbaRouteValidator_13a" time="0.021"/>
  <testcase name="testAbaNumberCheck_26631_good" classname="com.cardatechnologies.utils.validators.abaroutevalidator.Test_AbaRouteValidator_13a" time="0.031"/>
  <testcase name="testAbaNumberCheck_26108_bad" classname="com.cardatechnologies.utils.validators.abaroutevalidator.Test_AbaRouteValidator_13a" time="0.024"/>
  <testcase name="testAbaNumberCheck_26505_good" classname="com.cardatechnologies.utils.validators.abaroutevalidator.Test_AbaRouteValidator_13a" time="0.021"/>
  <testcase name="testAbaNumberCheck_26343_good" classname="com.cardatechnologies.utils.validators.abaroutevalidator.Test_AbaRouteValidator_13a" time="0.02"/>
  <testcase name="testAbaNumberCheck_25403_good" classname="com.cardatechnologies.utils.validators.abaroutevalidator.Test_AbaRouteValidator_13a" time="0.018"/>
  <testcase name="testAbaNumberCheck_27157_good" classname="com.cardatechnologies.utils.validators.abaroutevalidator.Test_AbaRouteValidator_13a" time="0.017"/>
  <testcase name="testAbaNumberCheck_26217_good" classname="com.cardatechnologies.utils.validators.abaroutevalidator.Test_AbaRouteValidator_13a" time="0.018"/>
  <testcase name="testAbaNumberCheck_26181_good" classname="com.cardatechnologies.utils.validators.abaroutevalidator.Test_AbaRouteValidator_13a" time="0.017"/>
  <testcase name="testAbaNumberCheck_25241_good" classname="com.cardatechnologies.utils.validators.abaroutevalidator.Test_AbaRouteValidator_13a" time="0.018"/>
  <testcase name="testAbaNumberCheck_26110_bad" classname="com.cardatechnologies.utils.validators.abaroutevalidator.Test_AbaRouteValidator_13a" time="0.018"/>
  <testcase name="testAbaNumberCheck_26055_good" classname="com.cardatechnologies.utils.validators.abaroutevalidator.Test_AbaRouteValidator_13a" time="0.018"/>
  <testcase name="testAbaNumberCheck_25115_good" classname="com.cardatechnologies.utils.validators.abaroutevalidator.Test_AbaRouteValidator_13a" time="0.017"/>
  <testcase name="testAbaNumberCheck_26112_bad" classname="com.cardatechnologies.utils.validators.abaroutevalidator.Test_AbaRouteValidator_13a" time="0.017"/>
  <testcase name="testAbaNumberCheck_26713_good" classname="com.cardatechnologies.utils.validators.abaroutevalidator.Test_AbaRouteValidator_13a" time="0.019"/>
  <testcase name="testAbaNumberCheck_25300_bad" classname="com.cardatechnologies.utils.validators.abaroutevalidator.Test_AbaRouteValidator_13a" time="0.017"/>
  <testcase name="testAbaNumberCheck_26114_bad" classname="com.cardatechnologies.utils.validators.abaroutevalidator.Test_AbaRouteValidator_13a" time="0.018"/>
  <testcase name="testAbaNumberCheck_25302_bad" classname="com.cardatechnologies.utils.validators.abaroutevalidator.Test_AbaRouteValidator_13a" time="0.018"/>
  <testcase name="testAbaNumberCheck_26116_bad" classname="com.cardatechnologies.utils.validators.abaroutevalidator.Test_AbaRouteValidator_13a" time="0.017"/>
  <testcase name="testAbaNumberCheck_25304_bad" classname="com.cardatechnologies.utils.validators.abaroutevalidator.Test_AbaRouteValidator_13a" time="0.018"/>
  <testcase name="testAbaNumberCheck_26118_bad" classname="com.cardatechnologies.utils.validators.abaroutevalidator.Test_AbaRouteValidator_13a" time="0.025"/>
  <testcase name="testAbaNumberCheck_25306_bad" classname="com.cardatechnologies.utils.validators.abaroutevalidator.Test_AbaRouteValidator_13a" time="0.018"/>
  <testcase name="testAbaNumberCheck_26551_good" classname="com.cardatechnologies.utils.validators.abaroutevalidator.Test_AbaRouteValidator_13a" time="0.017"/>
  <testcase name="testAbaNumberCheck_25611_good" classname="com.cardatechnologies.utils.validators.abaroutevalidator.Test_AbaRouteValidator_13a" time="0.018"/>
  <testcase name="testAbaNumberCheck_25308_bad" classname="com.cardatechnologies.utils.validators.abaroutevalidator.Test_AbaRouteValidator_13a" time="0.021"/>
  <testcase name="testAbaNumberCheck_26425_good" classname="com.cardatechnologies.utils.validators.abaroutevalidator.Test_AbaRouteValidator_13a" time="0.02"/>
  <testcase name="testAbaNumberCheck_26263_good" classname="com.cardatechnologies.utils.validators.abaroutevalidator.Test_AbaRouteValidator_13a" time="0.018"/>
  <testcase name="testAbaNumberCheck_25323_good" classname="com.cardatechnologies.utils.validators.abaroutevalidator.Test_AbaRouteValidator_13a" time="0.017"/>
  <testcase name="testAbaNumberCheck_26921_good" classname="com.cardatechnologies.utils.validators.abaroutevalidator.Test_AbaRouteValidator_13a" time="0.018"/>
  <testcase name="testAbaNumberCheck_27077_good" classname="com.cardatechnologies.utils.validators.abaroutevalidator.Test_AbaRouteValidator_13a" time="0.019"/>
  <testcase name="testAbaNumberCheck_26137_good" classname="com.cardatechnologies.utils.validators.abaroutevalidator.Test_AbaRouteValidator_13a" time="0.04"/>
  <testcase name="testAbaNumberCheck_25161_good" classname="com.cardatechnologies.utils.validators.abaroutevalidator.Test_AbaRouteValidator_13a" time="0.017"/>
  <testcase name="testAbaNumberCheck_26120_bad" classname="com.cardatechnologies.utils.validators.abaroutevalidator.Test_AbaRouteValidator_13a" time="0.018"/>
  <testcase name="testAbaNumberCheck_26122_bad" classname="com.cardatechnologies.utils.validators.abaroutevalidator.Test_AbaRouteValidator_13a" time="0.017"/>
  <testcase name="testAbaNumberCheck_25310_bad" classname="com.cardatechnologies.utils.validators.abaroutevalidator.Test_AbaRouteValidator_13a" time="0.018"/>
  <testcase name="testAbaNumberCheck_26124_bad" classname="com.cardatechnologies.utils.validators.abaroutevalidator.Test_AbaRouteValidator_13a" time="0.018"/>
  <testcase name="testAbaNumberCheck_25035_good" classname="com.cardatechnologies.utils.validators.abaroutevalidator.Test_AbaRouteValidator_13a" time="0.017"/>
  <testcase name="testAbaNumberCheck_25312_bad" classname="com.cardatechnologies.utils.validators.abaroutevalidator.Test_AbaRouteValidator_13a" time="0.019"/>
  <testcase name="testAbaNumberCheck_26126_bad" classname="com.cardatechnologies.utils.validators.abaroutevalidator.Test_AbaRouteValidator_13a" time="0.018"/>
  <testcase name="testAbaNumberCheck_26633_good" classname="com.cardatechnologies.utils.validators.abaroutevalidator.Test_AbaRouteValidator_13a" time="0.018"/>
  <testcase name="testAbaNumberCheck_25314_bad" classname="com.cardatechnologies.utils.validators.abaroutevalidator.Test_AbaRouteValidator_13a" time="0.018"/>
  <testcase name="testAbaNumberCheck_26128_bad" classname="com.cardatechnologies.utils.validators.abaroutevalidator.Test_AbaRouteValidator_13a" time="0.018"/>
  <testcase name="testAbaNumberCheck_25316_bad" classname="com.cardatechnologies.utils.validators.abaroutevalidator.Test_AbaRouteValidator_13a" time="0.018"/>
  <testcase name="testAbaNumberCheck_26507_good" classname="com.cardatechnologies.utils.validators.abaroutevalidator.Test_AbaRouteValidator_13a" time="0.018"/>
  <testcase name="testAbaNumberCheck_25318_bad" classname="com.cardatechnologies.utils.validators.abaroutevalidator.Test_AbaRouteValidator_13a" time="0.018"/>
  <testcase name="testAbaNumberCheck_26471_good" classname="com.cardatechnologies.utils.validators.abaroutevalidator.Test_AbaRouteValidator_13a" time="0.018"/>
  <testcase name="testAbaNumberCheck_25531_good" classname="com.cardatechnologies.utils.validators.abaroutevalidator.Test_AbaRouteValidator_13a" time="0.018"/>
  <testcase name="testAbaNumberCheck_26345_good" classname="com.cardatechnologies.utils.validators.abaroutevalidator.Test_AbaRouteValidator_13a" time="0.021"/>
  <testcase name="testAbaNumberCheck_25405_good" classname="com.cardatechnologies.utils.validators.abaroutevalidator.Test_AbaRouteValidator_13a" time="0.022"/>
  <testcase name="testAbaNumberCheck_27159_good" classname="com.cardatechnologies.utils.validators.abaroutevalidator.Test_AbaRouteValidator_13a" time="0.017"/>
  <testcase name="testAbaNumberCheck_26219_good" classname="com.cardatechnologies.utils.validators.abaroutevalidator.Test_AbaRouteValidator_13a" time="0.019"/>
  <testcase name="testAbaNumberCheck_26183_good" classname="com.cardatechnologies.utils.validators.abaroutevalidator.Test_AbaRouteValidator_13a" time="0.018"/>
  <testcase name="testAbaNumberCheck_25243_good" classname="com.cardatechnologies.utils.validators.abaroutevalidator.Test_AbaRouteValidator_13a" time="0.028"/>
  <testcase name="testAbaNumberCheck_26841_good" classname="com.cardatechnologies.utils.validators.abaroutevalidator.Test_AbaRouteValidator_13a" time="0.018"/>
  <testcase name="testAbaNumberCheck_25901_good" classname="com.cardatechnologies.utils.validators.abaroutevalidator.Test_AbaRouteValidator_13a" time="0.018"/>
  <testcase name="testAbaNumberCheck_26130_bad" classname="com.cardatechnologies.utils.validators.abaroutevalidator.Test_AbaRouteValidator_13a" time="0.018"/>
  <testcase name="testAbaNumberCheck_26057_good" classname="com.cardatechnologies.utils.validators.abaroutevalidator.Test_AbaRouteValidator_13a" time="0.018"/>
  <testcase name="testAbaNumberCheck_25117_good" classname="com.cardatechnologies.utils.validators.abaroutevalidator.Test_AbaRouteValidator_13a" time="0.018"/>
  <testcase name="testAbaNumberCheck_26132_bad" classname="com.cardatechnologies.utils.validators.abaroutevalidator.Test_AbaRouteValidator_13a" time="0.018"/>
  <testcase name="testAbaNumberCheck_26715_good" classname="com.cardatechnologies.utils.validators.abaroutevalidator.Test_AbaRouteValidator_13a" time="0.018"/>
  <testcase name="testAbaNumberCheck_25081_good" classname="com.cardatechnologies.utils.validators.abaroutevalidator.Test_AbaRouteValidator_13a" time="0.018"/>
  <testcase name="testAbaNumberCheck_25320_bad" classname="com.cardatechnologies.utils.validators.abaroutevalidator.Test_AbaRouteValidator_13a" time="0.018"/>
  <testcase name="testAbaNumberCheck_26134_bad" classname="com.cardatechnologies.utils.validators.abaroutevalidator.Test_AbaRouteValidator_13a" time="0.023"/>
  <testcase name="testAbaNumberCheck_25322_bad" classname="com.cardatechnologies.utils.validators.abaroutevalidator.Test_AbaRouteValidator_13a" time="0.018"/>
  <testcase name="testAbaNumberCheck_26136_bad" classname="com.cardatechnologies.utils.validators.abaroutevalidator.Test_AbaRouteValidator_13a" time="0.018"/>
  <testcase name="testAbaNumberCheck_25324_bad" classname="com.cardatechnologies.utils.validators.abaroutevalidator.Test_AbaRouteValidator_13a" time="0.018"/>
  <testcase name="testAbaNumberCheck_26138_bad" classname="com.cardatechnologies.utils.validators.abaroutevalidator.Test_AbaRouteValidator_13a" time="0.018"/>
  <testcase name="testAbaNumberCheck_25326_bad" classname="com.cardatechnologies.utils.validators.abaroutevalidator.Test_AbaRouteValidator_13a" time="0.018"/>
  <testcase name="testAbaNumberCheck_26553_good" classname="com.cardatechnologies.utils.validators.abaroutevalidator.Test_AbaRouteValidator_13a" time="0.017"/>
  <testcase name="testAbaNumberCheck_25613_good" classname="com.cardatechnologies.utils.validators.abaroutevalidator.Test_AbaRouteValidator_13a" time="0.018"/>
  <testcase name="testAbaNumberCheck_25328_bad" classname="com.cardatechnologies.utils.validators.abaroutevalidator.Test_AbaRouteValidator_13a" time="0.017"/>
  <testcase name="testAbaNumberCheck_26427_good" classname="com.cardatechnologies.utils.validators.abaroutevalidator.Test_AbaRouteValidator_13a" time="0.019"/>
  <testcase name="testAbaNumberCheck_26391_good" classname="com.cardatechnologies.utils.validators.abaroutevalidator.Test_AbaRouteValidator_13a" time="0.018"/>
  <testcase name="testAbaNumberCheck_25451_good" classname="com.cardatechnologies.utils.validators.abaroutevalidator.Test_AbaRouteValidator_13a" time="0.017"/>
  <testcase name="testAbaNumberCheck_26265_good" classname="com.cardatechnologies.utils.validators.abaroutevalidator.Test_AbaRouteValidator_13a" time="0.018"/>
  <testcase name="testAbaNumberCheck_25325_good" classname="com.cardatechnologies.utils.validators.abaroutevalidator.Test_AbaRouteValidator_13a" time="0.026"/>
  <testcase name="testAbaNumberCheck_26923_good" classname="com.cardatechnologies.utils.validators.abaroutevalidator.Test_AbaRouteValidator_13a" time="0.017"/>
  <testcase name="testAbaNumberCheck_27079_good" classname="com.cardatechnologies.utils.validators.abaroutevalidator.Test_AbaRouteValidator_13a" time="0.018"/>
  <testcase name="testAbaNumberCheck_26139_good" classname="com.cardatechnologies.utils.validators.abaroutevalidator.Test_AbaRouteValidator_13a" time="0.018"/>
  <testcase name="testAbaNumberCheck_25163_good" classname="com.cardatechnologies.utils.validators.abaroutevalidator.Test_AbaRouteValidator_13a" time="0.018"/>
  <testcase name="testAbaNumberCheck_26140_bad" classname="com.cardatechnologies.utils.validators.abaroutevalidator.Test_AbaRouteValidator_13a" time="0.027"/>
  <testcase name="testAbaNumberCheck_26142_bad" classname="com.cardatechnologies.utils.validators.abaroutevalidator.Test_AbaRouteValidator_13a" time="0.018"/>
  <testcase name="testAbaNumberCheck_26761_good" classname="com.cardatechnologies.utils.validators.abaroutevalidator.Test_AbaRouteValidator_13a" time="0.017"/>
  <testcase name="testAbaNumberCheck_25821_good" classname="com.cardatechnologies.utils.validators.abaroutevalidator.Test_AbaRouteValidator_13a" time="0.018"/>
  <testcase name="testAbaNumberCheck_25330_bad" classname="com.cardatechnologies.utils.validators.abaroutevalidator.Test_AbaRouteValidator_13a" time="0.018"/>
  <testcase name="testAbaNumberCheck_26144_bad" classname="com.cardatechnologies.utils.validators.abaroutevalidator.Test_AbaRouteValidator_13a" time="0.018"/>
  <testcase name="testAbaNumberCheck_25037_good" classname="com.cardatechnologies.utils.validators.abaroutevalidator.Test_AbaRouteValidator_13a" time="0.017"/>
  <testcase name="testAbaNumberCheck_25332_bad" classname="com.cardatechnologies.utils.validators.abaroutevalidator.Test_AbaRouteValidator_13a" time="0.018"/>
  <testcase name="testAbaNumberCheck_26146_bad" classname="com.cardatechnologies.utils.validators.abaroutevalidator.Test_AbaRouteValidator_13a" time="0.017"/>
  <testcase name="testAbaNumberCheck_26635_good" classname="com.cardatechnologies.utils.validators.abaroutevalidator.Test_AbaRouteValidator_13a" time="0.018"/>
  <testcase name="testAbaNumberCheck_25334_bad" classname="com.cardatechnologies.utils.validators.abaroutevalidator.Test_AbaRouteValidator_13a" time="0.018"/>
  <testcase name="testAbaNumberCheck_26148_bad" classname="com.cardatechnologies.utils.validators.abaroutevalidator.Test_AbaRouteValidator_13a" time="0.018"/>
  <testcase name="testAbaNumberCheck_25336_bad" classname="com.cardatechnologies.utils.validators.abaroutevalidator.Test_AbaRouteValidator_13a" time="0.019"/>
  <testcase name="testAbaNumberCheck_26509_good" classname="com.cardatechnologies.utils.validators.abaroutevalidator.Test_AbaRouteValidator_13a" time="0.017"/>
  <testcase name="testAbaNumberCheck_25338_bad" classname="com.cardatechnologies.utils.validators.abaroutevalidator.Test_AbaRouteValidator_13a" time="0.019"/>
  <testcase name="testAbaNumberCheck_26473_good" classname="com.cardatechnologies.utils.validators.abaroutevalidator.Test_AbaRouteValidator_13a" time="0.018"/>
  <testcase name="testAbaNumberCheck_25533_good" classname="com.cardatechnologies.utils.validators.abaroutevalidator.Test_AbaRouteValidator_13a" time="0.021"/>
  <testcase name="testAbaNumberCheck_26347_good" classname="com.cardatechnologies.utils.validators.abaroutevalidator.Test_AbaRouteValidator_13a" time="0.023"/>
  <testcase name="testAbaNumberCheck_25407_good" classname="com.cardatechnologies.utils.validators.abaroutevalidator.Test_AbaRouteValidator_13a" time="0.022"/>
  <testcase name="testAbaNumberCheck_25371_good" classname="com.cardatechnologies.utils.validators.abaroutevalidator.Test_AbaRouteValidator_13a" time="0.019"/>
  <testcase name="testAbaNumberCheck_26185_good" classname="com.cardatechnologies.utils.validators.abaroutevalidator.Test_AbaRouteValidator_13a" time="0.019"/>
  <testcase name="testAbaNumberCheck_25245_good" classname="com.cardatechnologies.utils.validators.abaroutevalidator.Test_AbaRouteValidator_13a" time="0.021"/>
  <testcase name="testAbaNumberCheck_26843_good" classname="com.cardatechnologies.utils.validators.abaroutevalidator.Test_AbaRouteValidator_13a" time="0.023"/>
  <testcase name="testAbaNumberCheck_25903_good" classname="com.cardatechnologies.utils.validators.abaroutevalidator.Test_AbaRouteValidator_13a" time="0.022"/>
  <testcase name="testAbaNumberCheck_26600_bad" classname="com.cardatechnologies.utils.validators.abaroutevalidator.Test_AbaRouteValidator_13a" time="0.019"/>
  <testcase name="testAbaNumberCheck_26150_bad" classname="com.cardatechnologies.utils.validators.abaroutevalidator.Test_AbaRouteValidator_13a" time="0.019"/>
  <testcase name="testAbaNumberCheck_26059_good" classname="com.cardatechnologies.utils.validators.abaroutevalidator.Test_AbaRouteValidator_13a" time="0.026"/>
  <testcase name="testAbaNumberCheck_25119_good" classname="com.cardatechnologies.utils.validators.abaroutevalidator.Test_AbaRouteValidator_13a" time="0.026"/>
  <testcase name="testAbaNumberCheck_26602_bad" classname="com.cardatechnologies.utils.validators.abaroutevalidator.Test_AbaRouteValidator_13a" time="0.019"/>
  <testcase name="testAbaNumberCheck_26152_bad" classname="com.cardatechnologies.utils.validators.abaroutevalidator.Test_AbaRouteValidator_13a" time="0.021"/>
  <testcase name="testAbaNumberCheck_26717_good" classname="com.cardatechnologies.utils.validators.abaroutevalidator.Test_AbaRouteValidator_13a" time="0.019"/>
  <testcase name="testAbaNumberCheck_26604_bad" classname="com.cardatechnologies.utils.validators.abaroutevalidator.Test_AbaRouteValidator_13a" time="0.019"/>
  <testcase name="testAbaNumberCheck_25083_good" classname="com.cardatechnologies.utils.validators.abaroutevalidator.Test_AbaRouteValidator_13a" time="0.019"/>
  <testcase name="testAbaNumberCheck_25340_bad" classname="com.cardatechnologies.utils.validators.abaroutevalidator.Test_AbaRouteValidator_13a" time="0.02"/>
  <testcase name="testAbaNumberCheck_26154_bad" classname="com.cardatechnologies.utils.validators.abaroutevalidator.Test_AbaRouteValidator_13a" time="0.02"/>
  <testcase name="testAbaNumberCheck_26606_bad" classname="com.cardatechnologies.utils.validators.abaroutevalidator.Test_AbaRouteValidator_13a" time="0.018"/>
  <testcase name="testAbaNumberCheck_25342_bad" classname="com.cardatechnologies.utils.validators.abaroutevalidator.Test_AbaRouteValidator_13a" time="0.018"/>
  <testcase name="testAbaNumberCheck_26681_good" classname="com.cardatechnologies.utils.validators.abaroutevalidator.Test_AbaRouteValidator_13a" time="0.018"/>
  <testcase name="testAbaNumberCheck_26156_bad" classname="com.cardatechnologies.utils.validators.abaroutevalidator.Test_AbaRouteValidator_13a" time="0.017"/>
  <testcase name="testAbaNumberCheck_25741_good" classname="com.cardatechnologies.utils.validators.abaroutevalidator.Test_AbaRouteValidator_13a" time="0.017"/>
  <testcase name="testAbaNumberCheck_26608_bad" classname="com.cardatechnologies.utils.validators.abaroutevalidator.Test_AbaRouteValidator_13a" time="0.018"/>
  <testcase name="testAbaNumberCheck_25344_bad" classname="com.cardatechnologies.utils.validators.abaroutevalidator.Test_AbaRouteValidator_13a" time="0.018"/>
  <testcase name="testAbaNumberCheck_26158_bad" classname="com.cardatechnologies.utils.validators.abaroutevalidator.Test_AbaRouteValidator_13a" time="0.017"/>
  <testcase name="testAbaNumberCheck_25346_bad" classname="com.cardatechnologies.utils.validators.abaroutevalidator.Test_AbaRouteValidator_13a" time="0.026"/>
  <testcase name="testAbaNumberCheck_26555_good" classname="com.cardatechnologies.utils.validators.abaroutevalidator.Test_AbaRouteValidator_13a" time="0.021"/>
  <testcase name="testAbaNumberCheck_25615_good" classname="com.cardatechnologies.utils.validators.abaroutevalidator.Test_AbaRouteValidator_13a" time="0.021"/>
  <testcase name="testAbaNumberCheck_25348_bad" classname="com.cardatechnologies.utils.validators.abaroutevalidator.Test_AbaRouteValidator_13a" time="0.021"/>
  <testcase name="testAbaNumberCheck_26429_good" classname="com.cardatechnologies.utils.validators.abaroutevalidator.Test_AbaRouteValidator_13a" time="0.021"/>
  <testcase name="testAbaNumberCheck_26393_good" classname="com.cardatechnologies.utils.validators.abaroutevalidator.Test_AbaRouteValidator_13a" time="0.023"/>
  <testcase name="testAbaNumberCheck_25453_good" classname="com.cardatechnologies.utils.validators.abaroutevalidator.Test_AbaRouteValidator_13a" time="0.021"/>
  <testcase name="testAbaNumberCheck_26267_good" classname="com.cardatechnologies.utils.validators.abaroutevalidator.Test_AbaRouteValidator_13a" time="0.018"/>
  <testcase name="testAbaNumberCheck_25327_good" classname="com.cardatechnologies.utils.validators.abaroutevalidator.Test_AbaRouteValidator_13a" time="0.017"/>
  <testcase name="testAbaNumberCheck_26925_good" classname="com.cardatechnologies.utils.validators.abaroutevalidator.Test_AbaRouteValidator_13a" time="0.018"/>
  <testcase name="testAbaNumberCheck_25291_good" classname="com.cardatechnologies.utils.validators.abaroutevalidator.Test_AbaRouteValidator_13a" time="0.025"/>
  <testcase name="testAbaNumberCheck_26610_bad" classname="com.cardatechnologies.utils.validators.abaroutevalidator.Test_AbaRouteValidator_13a" time="0.017"/>
  <testcase name="testAbaNumberCheck_25165_good" classname="com.cardatechnologies.utils.validators.abaroutevalidator.Test_AbaRouteValidator_13a" time="0.018"/>
  <testcase name="testAbaNumberCheck_26160_bad" classname="com.cardatechnologies.utils.validators.abaroutevalidator.Test_AbaRouteValidator_13a" time="0.018"/>
  <testcase name="testAbaNumberCheck_26612_bad" classname="com.cardatechnologies.utils.validators.abaroutevalidator.Test_AbaRouteValidator_13a" time="0.018"/>
  <testcase name="testAbaNumberCheck_26162_bad" classname="com.cardatechnologies.utils.validators.abaroutevalidator.Test_AbaRouteValidator_13a" time="0.017"/>
  <testcase name="testAbaNumberCheck_26763_good" classname="com.cardatechnologies.utils.validators.abaroutevalidator.Test_AbaRouteValidator_13a" time="0.016"/>
  <testcase name="testAbaNumberCheck_25823_good" classname="com.cardatechnologies.utils.validators.abaroutevalidator.Test_AbaRouteValidator_13a" time="0.019"/>
  <testcase name="testAbaNumberCheck_25800_bad" classname="com.cardatechnologies.utils.validators.abaroutevalidator.Test_AbaRouteValidator_13a" time="0.019"/>
  <testcase name="testAbaNumberCheck_26614_bad" classname="com.cardatechnologies.utils.validators.abaroutevalidator.Test_AbaRouteValidator_13a" time="0.018"/>
  <testcase name="testAbaNumberCheck_25350_bad" classname="com.cardatechnologies.utils.validators.abaroutevalidator.Test_AbaRouteValidator_13a" time="0.018"/>
  <testcase name="testAbaNumberCheck_26164_bad" classname="com.cardatechnologies.utils.validators.abaroutevalidator.Test_AbaRouteValidator_13a" time="0.018"/>
  <testcase name="testAbaNumberCheck_25039_good" classname="com.cardatechnologies.utils.validators.abaroutevalidator.Test_AbaRouteValidator_13a" time="0.018"/>
  <testcase name="testAbaNumberCheck_25802_bad" classname="com.cardatechnologies.utils.validators.abaroutevalidator.Test_AbaRouteValidator_13a" time="0.019"/>
  <testcase name="testAbaNumberCheck_26616_bad" classname="com.cardatechnologies.utils.validators.abaroutevalidator.Test_AbaRouteValidator_13a" time="0.018"/>
  <testcase name="testAbaNumberCheck_25352_bad" classname="com.cardatechnologies.utils.validators.abaroutevalidator.Test_AbaRouteValidator_13a" time="0.018"/>
  <testcase name="testAbaNumberCheck_26166_bad" classname="com.cardatechnologies.utils.validators.abaroutevalidator.Test_AbaRouteValidator_13a" time="0.018"/>
  <testcase name="testAbaNumberCheck_26637_good" classname="com.cardatechnologies.utils.validators.abaroutevalidator.Test_AbaRouteValidator_13a" time="0.017"/>
  <testcase name="testAbaNumberCheck_25804_bad" classname="com.cardatechnologies.utils.validators.abaroutevalidator.Test_AbaRouteValidator_13a" time="0.019"/>
  <testcase name="testAbaNumberCheck_26618_bad" classname="com.cardatechnologies.utils.validators.abaroutevalidator.Test_AbaRouteValidator_13a" time="0.018"/>
  <testcase name="testAbaNumberCheck_25354_bad" classname="com.cardatechnologies.utils.validators.abaroutevalidator.Test_AbaRouteValidator_13a" time="0.018"/>
  <testcase name="testAbaNumberCheck_26168_bad" classname="com.cardatechnologies.utils.validators.abaroutevalidator.Test_AbaRouteValidator_13a" time="0.018"/>
  <testcase name="testAbaNumberCheck_25806_bad" classname="com.cardatechnologies.utils.validators.abaroutevalidator.Test_AbaRouteValidator_13a" time="0.018"/>
  <testcase name="testAbaNumberCheck_25356_bad" classname="com.cardatechnologies.utils.validators.abaroutevalidator.Test_AbaRouteValidator_13a" time="0.028"/>
  <testcase name="testAbaNumberCheck_25661_good" classname="com.cardatechnologies.utils.validators.abaroutevalidator.Test_AbaRouteValidator_13a" time="0.022"/>
  <testcase name="testAbaNumberCheck_25808_bad" classname="com.cardatechnologies.utils.validators.abaroutevalidator.Test_AbaRouteValidator_13a" time="0.018"/>
  <testcase name="testAbaNumberCheck_25358_bad" classname="com.cardatechnologies.utils.validators.abaroutevalidator.Test_AbaRouteValidator_13a" time="0.018"/>
  <testcase name="testAbaNumberCheck_26475_good" classname="com.cardatechnologies.utils.validators.abaroutevalidator.Test_AbaRouteValidator_13a" time="0.017"/>
  <testcase name="testAbaNumberCheck_25535_good" classname="com.cardatechnologies.utils.validators.abaroutevalidator.Test_AbaRouteValidator_13a" time="0.028"/>
  <testcase name="testAbaNumberCheck_26349_good" classname="com.cardatechnologies.utils.validators.abaroutevalidator.Test_AbaRouteValidator_13a" time="0.018"/>
  <testcase name="testAbaNumberCheck_25409_good" classname="com.cardatechnologies.utils.validators.abaroutevalidator.Test_AbaRouteValidator_13a" time="0.019"/>
  <testcase name="testAbaNumberCheck_25373_good" classname="com.cardatechnologies.utils.validators.abaroutevalidator.Test_AbaRouteValidator_13a" time="0.02"/>
  <testcase name="testAbaNumberCheck_26971_good" classname="com.cardatechnologies.utils.validators.abaroutevalidator.Test_AbaRouteValidator_13a" time="0.02"/>
  <testcase name="testAbaNumberCheck_26187_good" classname="com.cardatechnologies.utils.validators.abaroutevalidator.Test_AbaRouteValidator_13a" time="0.018"/>
  <testcase name="testAbaNumberCheck_25247_good" classname="com.cardatechnologies.utils.validators.abaroutevalidator.Test_AbaRouteValidator_13a" time="0.018"/>
  <testcase name="testAbaNumberCheck_26845_good" classname="com.cardatechnologies.utils.validators.abaroutevalidator.Test_AbaRouteValidator_13a" time="0.019"/>
  <testcase name="testAbaNumberCheck_25905_good" classname="com.cardatechnologies.utils.validators.abaroutevalidator.Test_AbaRouteValidator_13a" time="0.018"/>
  <testcase name="testAbaNumberCheck_26620_bad" classname="com.cardatechnologies.utils.validators.abaroutevalidator.Test_AbaRouteValidator_13a" time="0.018"/>
  <testcase name="testAbaNumberCheck_26170_bad" classname="com.cardatechnologies.utils.validators.abaroutevalidator.Test_AbaRouteValidator_13a" time="0.022"/>
  <testcase name="testAbaNumberCheck_26622_bad" classname="com.cardatechnologies.utils.validators.abaroutevalidator.Test_AbaRouteValidator_13a" time="0.018"/>
  <testcase name="testAbaNumberCheck_26172_bad" classname="com.cardatechnologies.utils.validators.abaroutevalidator.Test_AbaRouteValidator_13a" time="0.018"/>
  <testcase name="testAbaNumberCheck_26719_good" classname="com.cardatechnologies.utils.validators.abaroutevalidator.Test_AbaRouteValidator_13a" time="0.018"/>
  <testcase name="testAbaNumberCheck_25810_bad" classname="com.cardatechnologies.utils.validators.abaroutevalidator.Test_AbaRouteValidator_13a" time="0.018"/>
  <testcase name="testAbaNumberCheck_26624_bad" classname="com.cardatechnologies.utils.validators.abaroutevalidator.Test_AbaRouteValidator_13a" time="0.017"/>
  <testcase name="testAbaNumberCheck_25085_good" classname="com.cardatechnologies.utils.validators.abaroutevalidator.Test_AbaRouteValidator_13a" time="0.018"/>
  <testcase name="testAbaNumberCheck_25360_bad" classname="com.cardatechnologies.utils.validators.abaroutevalidator.Test_AbaRouteValidator_13a" time="0.02"/>
  <testcase name="testAbaNumberCheck_26174_bad" classname="com.cardatechnologies.utils.validators.abaroutevalidator.Test_AbaRouteValidator_13a" time="0.018"/>
  <testcase name="testAbaNumberCheck_25812_bad" classname="com.cardatechnologies.utils.validators.abaroutevalidator.Test_AbaRouteValidator_13a" time="0.017"/>
  <testcase name="testAbaNumberCheck_26626_bad" classname="com.cardatechnologies.utils.validators.abaroutevalidator.Test_AbaRouteValidator_13a" time="0.018"/>
  <testcase name="testAbaNumberCheck_25362_bad" classname="com.cardatechnologies.utils.validators.abaroutevalidator.Test_AbaRouteValidator_13a" time="0.018"/>
  <testcase name="testAbaNumberCheck_26683_good" classname="com.cardatechnologies.utils.validators.abaroutevalidator.Test_AbaRouteValidator_13a" time="0.018"/>
  <testcase name="testAbaNumberCheck_26176_bad" classname="com.cardatechnologies.utils.validators.abaroutevalidator.Test_AbaRouteValidator_13a" time="0.029"/>
  <testcase name="testAbaNumberCheck_25743_good" classname="com.cardatechnologies.utils.validators.abaroutevalidator.Test_AbaRouteValidator_13a" time="0.018"/>
  <testcase name="testAbaNumberCheck_25814_bad" classname="com.cardatechnologies.utils.validators.abaroutevalidator.Test_AbaRouteValidator_13a" time="0.018"/>
  <testcase name="testAbaNumberCheck_26628_bad" classname="com.cardatechnologies.utils.validators.abaroutevalidator.Test_AbaRouteValidator_13a" time="0.018"/>
  <testcase name="testAbaNumberCheck_25364_bad" classname="com.cardatechnologies.utils.validators.abaroutevalidator.Test_AbaRouteValidator_13a" time="0.028"/>
  <testcase name="testAbaNumberCheck_26178_bad" classname="com.cardatechnologies.utils.validators.abaroutevalidator.Test_AbaRouteValidator_13a" time="0.018"/>
  <testcase name="testAbaNumberCheck_25816_bad" classname="com.cardatechnologies.utils.validators.abaroutevalidator.Test_AbaRouteValidator_13a" time="0.018"/>
  <testcase name="testAbaNumberCheck_25366_bad" classname="com.cardatechnologies.utils.validators.abaroutevalidator.Test_AbaRouteValidator_13a" time="0.018"/>
  <testcase name="testAbaNumberCheck_26557_good" classname="com.cardatechnologies.utils.validators.abaroutevalidator.Test_AbaRouteValidator_13a" time="0.019"/>
  <testcase name="testAbaNumberCheck_25617_good" classname="com.cardatechnologies.utils.validators.abaroutevalidator.Test_AbaRouteValidator_13a" time="0.019"/>
  <testcase name="testAbaNumberCheck_25818_bad" classname="com.cardatechnologies.utils.validators.abaroutevalidator.Test_AbaRouteValidator_13a" time="0.018"/>
  <testcase name="testAbaNumberCheck_25368_bad" classname="com.cardatechnologies.utils.validators.abaroutevalidator.Test_AbaRouteValidator_13a" time="0.018"/>
  <testcase name="testAbaNumberCheck_25581_good" classname="com.cardatechnologies.utils.validators.abaroutevalidator.Test_AbaRouteValidator_13a" time="0.018"/>
  <testcase name="testAbaNumberCheck_26395_good" classname="com.cardatechnologies.utils.validators.abaroutevalidator.Test_AbaRouteValidator_13a" time="0.017"/>
  <testcase name="testAbaNumberCheck_25455_good" classname="com.cardatechnologies.utils.validators.abaroutevalidator.Test_AbaRouteValidator_13a" time="0.017"/>
  <testcase name="testAbaNumberCheck_26269_good" classname="com.cardatechnologies.utils.validators.abaroutevalidator.Test_AbaRouteValidator_13a" time="0.018"/>
  <testcase name="testAbaNumberCheck_25329_good" classname="com.cardatechnologies.utils.validators.abaroutevalidator.Test_AbaRouteValidator_13a" time="0.018"/>
  <testcase name="testAbaNumberCheck_26927_good" classname="com.cardatechnologies.utils.validators.abaroutevalidator.Test_AbaRouteValidator_13a" time="0.017"/>
  <testcase name="testAbaNumberCheck_25293_good" classname="com.cardatechnologies.utils.validators.abaroutevalidator.Test_AbaRouteValidator_13a" time="0.019"/>
  <testcase name="testAbaNumberCheck_26891_good" classname="com.cardatechnologies.utils.validators.abaroutevalidator.Test_AbaRouteValidator_13a" time="0.017"/>
  <testcase name="testAbaNumberCheck_25951_good" classname="com.cardatechnologies.utils.validators.abaroutevalidator.Test_AbaRouteValidator_13a" time="0.018"/>
  <testcase name="testAbaNumberCheck_26630_bad" classname="com.cardatechnologies.utils.validators.abaroutevalidator.Test_AbaRouteValidator_13a" time="0.017"/>
  <testcase name="testAbaNumberCheck_25167_good" classname="com.cardatechnologies.utils.validators.abaroutevalidator.Test_AbaRouteValidator_13a" time="0.017"/>
  <testcase name="testAbaNumberCheck_26180_bad" classname="com.cardatechnologies.utils.validators.abaroutevalidator.Test_AbaRouteValidator_13a" time="0.019"/>
  <testcase name="testAbaNumberCheck_26632_bad" classname="com.cardatechnologies.utils.validators.abaroutevalidator.Test_AbaRouteValidator_13a" time="0.018"/>
  <testcase name="testAbaNumberCheck_26182_bad" classname="com.cardatechnologies.utils.validators.abaroutevalidator.Test_AbaRouteValidator_13a" time="0.019"/>
  <testcase name="testAbaNumberCheck_26765_good" classname="com.cardatechnologies.utils.validators.abaroutevalidator.Test_AbaRouteValidator_13a" time="0.018"/>
  <testcase name="testAbaNumberCheck_25825_good" classname="com.cardatechnologies.utils.validators.abaroutevalidator.Test_AbaRouteValidator_13a" time="0.018"/>
  <testcase name="testAbaNumberCheck_25820_bad" classname="com.cardatechnologies.utils.validators.abaroutevalidator.Test_AbaRouteValidator_13a" time="0.025"/>
  <testcase name="testAbaNumberCheck_26634_bad" classname="com.cardatechnologies.utils.validators.abaroutevalidator.Test_AbaRouteValidator_13a" time="0.018"/>
  <testcase name="testAbaNumberCheck_25370_bad" classname="com.cardatechnologies.utils.validators.abaroutevalidator.Test_AbaRouteValidator_13a" time="0.018"/>
  <testcase name="testAbaNumberCheck_26184_bad" classname="com.cardatechnologies.utils.validators.abaroutevalidator.Test_AbaRouteValidator_13a" time="0.018"/>
  <testcase name="testAbaNumberCheck_25822_bad" classname="com.cardatechnologies.utils.validators.abaroutevalidator.Test_AbaRouteValidator_13a" time="0.029"/>
  <testcase name="testAbaNumberCheck_26636_bad" classname="com.cardatechnologies.utils.validators.abaroutevalidator.Test_AbaRouteValidator_13a" time="0.018"/>
  <testcase name="testAbaNumberCheck_25372_bad" classname="com.cardatechnologies.utils.validators.abaroutevalidator.Test_AbaRouteValidator_13a" time="0.019"/>
  <testcase name="testAbaNumberCheck_26186_bad" classname="com.cardatechnologies.utils.validators.abaroutevalidator.Test_AbaRouteValidator_13a" time="0.018"/>
  <testcase name="testAbaNumberCheck_26639_good" classname="com.cardatechnologies.utils.validators.abaroutevalidator.Test_AbaRouteValidator_13a" time="0.018"/>
  <testcase name="testAbaNumberCheck_25824_bad" classname="com.cardatechnologies.utils.validators.abaroutevalidator.Test_AbaRouteValidator_13a" time="0.018"/>
  <testcase name="testAbaNumberCheck_26638_bad" classname="com.cardatechnologies.utils.validators.abaroutevalidator.Test_AbaRouteValidator_13a" time="0.018"/>
  <testcase name="testAbaNumberCheck_25374_bad" classname="com.cardatechnologies.utils.validators.abaroutevalidator.Test_AbaRouteValidator_13a" time="0.018"/>
  <testcase name="testAbaNumberCheck_26188_bad" classname="com.cardatechnologies.utils.validators.abaroutevalidator.Test_AbaRouteValidator_13a" time="0.019"/>
  <testcase name="testAbaNumberCheck_25826_bad" classname="com.cardatechnologies.utils.validators.abaroutevalidator.Test_AbaRouteValidator_13a" time="0.018"/>
  <testcase name="testAbaNumberCheck_25376_bad" classname="com.cardatechnologies.utils.validators.abaroutevalidator.Test_AbaRouteValidator_13a" time="0.018"/>
  <testcase name="testAbaNumberCheck_25663_good" classname="com.cardatechnologies.utils.validators.abaroutevalidator.Test_AbaRouteValidator_13a" time="0.018"/>
  <testcase name="testAbaNumberCheck_25828_bad" classname="com.cardatechnologies.utils.validators.abaroutevalidator.Test_AbaRouteValidator_13a" time="0.019"/>
  <testcase name="testAbaNumberCheck_25378_bad" classname="com.cardatechnologies.utils.validators.abaroutevalidator.Test_AbaRouteValidator_13a" time="0.019"/>
  <testcase name="testAbaNumberCheck_26477_good" classname="com.cardatechnologies.utils.validators.abaroutevalidator.Test_AbaRouteValidator_13a" time="0.018"/>
  <testcase name="testAbaNumberCheck_25537_good" classname="com.cardatechnologies.utils.validators.abaroutevalidator.Test_AbaRouteValidator_13a" time="0.018"/>
  <testcase name="testAbaNumberCheck_25375_good" classname="com.cardatechnologies.utils.validators.abaroutevalidator.Test_AbaRouteValidator_13a" time="0.017"/>
  <testcase name="testAbaNumberCheck_26973_good" classname="com.cardatechnologies.utils.validators.abaroutevalidator.Test_AbaRouteValidator_13a" time="0.017"/>
  <testcase name="testAbaNumberCheck_26189_good" classname="com.cardatechnologies.utils.validators.abaroutevalidator.Test_AbaRouteValidator_13a" time="0.018"/>
  <testcase name="testAbaNumberCheck_25249_good" classname="com.cardatechnologies.utils.validators.abaroutevalidator.Test_AbaRouteValidator_13a" time="0.018"/>
  <testcase name="testAbaNumberCheck_26847_good" classname="com.cardatechnologies.utils.validators.abaroutevalidator.Test_AbaRouteValidator_13a" time="0.018"/>
  <testcase name="testAbaNumberCheck_25907_good" classname="com.cardatechnologies.utils.validators.abaroutevalidator.Test_AbaRouteValidator_13a" time="0.018"/>
  <testcase name="testAbaNumberCheck_26640_bad" classname="com.cardatechnologies.utils.validators.abaroutevalidator.Test_AbaRouteValidator_13a" time="0.018"/>
  <testcase name="testAbaNumberCheck_26190_bad" classname="com.cardatechnologies.utils.validators.abaroutevalidator.Test_AbaRouteValidator_13a" time="0.023"/>
  <testcase name="testAbaNumberCheck_26642_bad" classname="com.cardatechnologies.utils.validators.abaroutevalidator.Test_AbaRouteValidator_13a" time="0.022"/>
  <testcase name="testAbaNumberCheck_25871_good" classname="com.cardatechnologies.utils.validators.abaroutevalidator.Test_AbaRouteValidator_13a" time="0.019"/>
  <testcase name="testAbaNumberCheck_26192_bad" classname="com.cardatechnologies.utils.validators.abaroutevalidator.Test_AbaRouteValidator_13a" time="0.021"/>
  <testcase name="testAbaNumberCheck_25830_bad" classname="com.cardatechnologies.utils.validators.abaroutevalidator.Test_AbaRouteValidator_13a" time="0.021"/>
  <testcase name="testAbaNumberCheck_26644_bad" classname="com.cardatechnologies.utils.validators.abaroutevalidator.Test_AbaRouteValidator_13a" time="0.048"/>
  <testcase name="testAbaNumberCheck_25087_good" classname="com.cardatechnologies.utils.validators.abaroutevalidator.Test_AbaRouteValidator_13a" time="0.021"/>
  <testcase name="testAbaNumberCheck_25380_bad" classname="com.cardatechnologies.utils.validators.abaroutevalidator.Test_AbaRouteValidator_13a" time="0.019"/>
  <testcase name="testAbaNumberCheck_26194_bad" classname="com.cardatechnologies.utils.validators.abaroutevalidator.Test_AbaRouteValidator_13a" time="0.019"/>
  <testcase name="testAbaNumberCheck_25832_bad" classname="com.cardatechnologies.utils.validators.abaroutevalidator.Test_AbaRouteValidator_13a" time="0.019"/>
  <testcase name="testAbaNumberCheck_26646_bad" classname="com.cardatechnologies.utils.validators.abaroutevalidator.Test_AbaRouteValidator_13a" time="0.018"/>
  <testcase name="testAbaNumberCheck_25382_bad" classname="com.cardatechnologies.utils.validators.abaroutevalidator.Test_AbaRouteValidator_13a" time="0.019"/>
  <testcase name="testAbaNumberCheck_26685_good" classname="com.cardatechnologies.utils.validators.abaroutevalidator.Test_AbaRouteValidator_13a" time="0.019"/>
  <testcase name="testAbaNumberCheck_26196_bad" classname="com.cardatechnologies.utils.validators.abaroutevalidator.Test_AbaRouteValidator_13a" time="0.018"/>
  <testcase name="testAbaNumberCheck_25745_good" classname="com.cardatechnologies.utils.validators.abaroutevalidator.Test_AbaRouteValidator_13a" time="0.019"/>
  <testcase name="testAbaNumberCheck_25834_bad" classname="com.cardatechnologies.utils.validators.abaroutevalidator.Test_AbaRouteValidator_13a" time="0.019"/>
  <testcase name="testAbaNumberCheck_26648_bad" classname="com.cardatechnologies.utils.validators.abaroutevalidator.Test_AbaRouteValidator_13a" time="0.019"/>
  <testcase name="testAbaNumberCheck_25384_bad" classname="com.cardatechnologies.utils.validators.abaroutevalidator.Test_AbaRouteValidator_13a" time="0.019"/>
  <testcase name="testAbaNumberCheck_26198_bad" classname="com.cardatechnologies.utils.validators.abaroutevalidator.Test_AbaRouteValidator_13a" time="0.018"/>
  <testcase name="testAbaNumberCheck_25836_bad" classname="com.cardatechnologies.utils.validators.abaroutevalidator.Test_AbaRouteValidator_13a" time="0.017"/>
  <testcase name="testAbaNumberCheck_25386_bad" classname="com.cardatechnologies.utils.validators.abaroutevalidator.Test_AbaRouteValidator_13a" time="0.018"/>
  <testcase name="testAbaNumberCheck_26559_good" classname="com.cardatechnologies.utils.validators.abaroutevalidator.Test_AbaRouteValidator_13a" time="0.018"/>
  <testcase name="testAbaNumberCheck_25619_good" classname="com.cardatechnologies.utils.validators.abaroutevalidator.Test_AbaRouteValidator_13a" time="0.018"/>
  <testcase name="testAbaNumberCheck_25838_bad" classname="com.cardatechnologies.utils.validators.abaroutevalidator.Test_AbaRouteValidator_13a" time="0.018"/>
  <testcase name="testAbaNumberCheck_25388_bad" classname="com.cardatechnologies.utils.validators.abaroutevalidator.Test_AbaRouteValidator_13a" time="0.018"/>
  <testcase name="testAbaNumberCheck_25583_good" classname="com.cardatechnologies.utils.validators.abaroutevalidator.Test_AbaRouteValidator_13a" time="0.018"/>
  <testcase name="testAbaNumberCheck_26397_good" classname="com.cardatechnologies.utils.validators.abaroutevalidator.Test_AbaRouteValidator_13a" time="0.025"/>
  <testcase name="testAbaNumberCheck_25457_good" classname="com.cardatechnologies.utils.validators.abaroutevalidator.Test_AbaRouteValidator_13a" time="0.018"/>
  <testcase name="testAbaNumberCheck_26929_good" classname="com.cardatechnologies.utils.validators.abaroutevalidator.Test_AbaRouteValidator_13a" time="0.018"/>
  <testcase name="testAbaNumberCheck_25295_good" classname="com.cardatechnologies.utils.validators.abaroutevalidator.Test_AbaRouteValidator_13a" time="0.019"/>
  <testcase name="testAbaNumberCheck_26893_good" classname="com.cardatechnologies.utils.validators.abaroutevalidator.Test_AbaRouteValidator_13a" time="0.019"/>
  <testcase name="testAbaNumberCheck_25953_good" classname="com.cardatechnologies.utils.validators.abaroutevalidator.Test_AbaRouteValidator_13a" time="0.018"/>
  <testcase name="testAbaNumberCheck_26650_bad" classname="com.cardatechnologies.utils.validators.abaroutevalidator.Test_AbaRouteValidator_13a" time="0.017"/>
  <testcase name="testAbaNumberCheck_25169_good" classname="com.cardatechnologies.utils.validators.abaroutevalidator.Test_AbaRouteValidator_13a" time="0.028"/>
  <testcase name="testAbaNumberCheck_26652_bad" classname="com.cardatechnologies.utils.validators.abaroutevalidator.Test_AbaRouteValidator_13a" time="0.018"/>
  <testcase name="testAbaNumberCheck_26767_good" classname="com.cardatechnologies.utils.validators.abaroutevalidator.Test_AbaRouteValidator_13a" time="0.018"/>
  <testcase name="testAbaNumberCheck_25827_good" classname="com.cardatechnologies.utils.validators.abaroutevalidator.Test_AbaRouteValidator_13a" time="0.018"/>
  <testcase name="testAbaNumberCheck_25840_bad" classname="com.cardatechnologies.utils.validators.abaroutevalidator.Test_AbaRouteValidator_13a" time="0.019"/>
  <testcase name="testAbaNumberCheck_26654_bad" classname="com.cardatechnologies.utils.validators.abaroutevalidator.Test_AbaRouteValidator_13a" time="0.017"/>
  <testcase name="testAbaNumberCheck_25390_bad" classname="com.cardatechnologies.utils.validators.abaroutevalidator.Test_AbaRouteValidator_13a" time="0.018"/>
  <testcase name="testAbaNumberCheck_25842_bad" classname="com.cardatechnologies.utils.validators.abaroutevalidator.Test_AbaRouteValidator_13a" time="0.017"/>
  <testcase name="testAbaNumberCheck_26656_bad" classname="com.cardatechnologies.utils.validators.abaroutevalidator.Test_AbaRouteValidator_13a" time="0.018"/>
  <testcase name="testAbaNumberCheck_25791_good" classname="com.cardatechnologies.utils.validators.abaroutevalidator.Test_AbaRouteValidator_13a" time="0.018"/>
  <testcase name="testAbaNumberCheck_25392_bad" classname="com.cardatechnologies.utils.validators.abaroutevalidator.Test_AbaRouteValidator_13a" time="0.018"/>
  <testcase name="testAbaNumberCheck_25844_bad" classname="com.cardatechnologies.utils.validators.abaroutevalidator.Test_AbaRouteValidator_13a" time="0.018"/>
  <testcase name="testAbaNumberCheck_26658_bad" classname="com.cardatechnologies.utils.validators.abaroutevalidator.Test_AbaRouteValidator_13a" time="0.018"/>
  <testcase name="testAbaNumberCheck_25394_bad" classname="com.cardatechnologies.utils.validators.abaroutevalidator.Test_AbaRouteValidator_13a" time="0.019"/>
  <testcase name="testAbaNumberCheck_25846_bad" classname="com.cardatechnologies.utils.validators.abaroutevalidator.Test_AbaRouteValidator_13a" time="0.019"/>
  <testcase name="testAbaNumberCheck_25396_bad" classname="com.cardatechnologies.utils.validators.abaroutevalidator.Test_AbaRouteValidator_13a" time="0.019"/>
  <testcase name="testAbaNumberCheck_25665_good" classname="com.cardatechnologies.utils.validators.abaroutevalidator.Test_AbaRouteValidator_13a" time="0.019"/>
  <testcase name="testAbaNumberCheck_25848_bad" classname="com.cardatechnologies.utils.validators.abaroutevalidator.Test_AbaRouteValidator_13a" time="0.019"/>
  <testcase name="testAbaNumberCheck_25398_bad" classname="com.cardatechnologies.utils.validators.abaroutevalidator.Test_AbaRouteValidator_13a" time="0.019"/>
  <testcase name="testAbaNumberCheck_26479_good" classname="com.cardatechnologies.utils.validators.abaroutevalidator.Test_AbaRouteValidator_13a" time="0.018"/>
  <testcase name="testAbaNumberCheck_25539_good" classname="com.cardatechnologies.utils.validators.abaroutevalidator.Test_AbaRouteValidator_13a" time="0.023"/>
  <testcase name="testAbaNumberCheck_25377_good" classname="com.cardatechnologies.utils.validators.abaroutevalidator.Test_AbaRouteValidator_13a" time="0.023"/>
  <testcase name="testAbaNumberCheck_26975_good" classname="com.cardatechnologies.utils.validators.abaroutevalidator.Test_AbaRouteValidator_13a" time="0.019"/>
  <testcase name="testAbaNumberCheck_26849_good" classname="com.cardatechnologies.utils.validators.abaroutevalidator.Test_AbaRouteValidator_13a" time="0.018"/>
  <testcase name="testAbaNumberCheck_25909_good" classname="com.cardatechnologies.utils.validators.abaroutevalidator.Test_AbaRouteValidator_13a" time="0.02"/>
  <testcase name="testAbaNumberCheck_26660_bad" classname="com.cardatechnologies.utils.validators.abaroutevalidator.Test_AbaRouteValidator_13a" time="0.019"/>
  <testcase name="testAbaNumberCheck_26662_bad" classname="com.cardatechnologies.utils.validators.abaroutevalidator.Test_AbaRouteValidator_13a" time="0.018"/>
  <testcase name="testAbaNumberCheck_25873_good" classname="com.cardatechnologies.utils.validators.abaroutevalidator.Test_AbaRouteValidator_13a" time="0.029"/>
  <testcase name="testAbaNumberCheck_25850_bad" classname="com.cardatechnologies.utils.validators.abaroutevalidator.Test_AbaRouteValidator_13a" time="0.018"/>
  <testcase name="testAbaNumberCheck_26664_bad" classname="com.cardatechnologies.utils.validators.abaroutevalidator.Test_AbaRouteValidator_13a" time="0.018"/>
  <testcase name="testAbaNumberCheck_25089_good" classname="com.cardatechnologies.utils.validators.abaroutevalidator.Test_AbaRouteValidator_13a" time="0.016"/>
  <testcase name="testAbaNumberCheck_25852_bad" classname="com.cardatechnologies.utils.validators.abaroutevalidator.Test_AbaRouteValidator_13a" time="0.018"/>
  <testcase name="testAbaNumberCheck_26666_bad" classname="com.cardatechnologies.utils.validators.abaroutevalidator.Test_AbaRouteValidator_13a" time="0.018"/>
  <testcase name="testAbaNumberCheck_26687_good" classname="com.cardatechnologies.utils.validators.abaroutevalidator.Test_AbaRouteValidator_13a" time="0.021"/>
  <testcase name="testAbaNumberCheck_25747_good" classname="com.cardatechnologies.utils.validators.abaroutevalidator.Test_AbaRouteValidator_13a" time="0.018"/>
  <testcase name="testAbaNumberCheck_25854_bad" classname="com.cardatechnologies.utils.validators.abaroutevalidator.Test_AbaRouteValidator_13a" time="0.018"/>
  <testcase name="testAbaNumberCheck_26668_bad" classname="com.cardatechnologies.utils.validators.abaroutevalidator.Test_AbaRouteValidator_13a" time="0.019"/>
  <testcase name="testAbaNumberCheck_25856_bad" classname="com.cardatechnologies.utils.validators.abaroutevalidator.Test_AbaRouteValidator_13a" time="0.018"/>
  <testcase name="testAbaNumberCheck_25858_bad" classname="com.cardatechnologies.utils.validators.abaroutevalidator.Test_AbaRouteValidator_13a" time="0.019"/>
  <testcase name="testAbaNumberCheck_25585_good" classname="com.cardatechnologies.utils.validators.abaroutevalidator.Test_AbaRouteValidator_13a" time="0.019"/>
  <testcase name="testAbaNumberCheck_26399_good" classname="com.cardatechnologies.utils.validators.abaroutevalidator.Test_AbaRouteValidator_13a" time="0.019"/>
  <testcase name="testAbaNumberCheck_25459_good" classname="com.cardatechnologies.utils.validators.abaroutevalidator.Test_AbaRouteValidator_13a" time="0.018"/>
  <testcase name="testAbaNumberCheck_25297_good" classname="com.cardatechnologies.utils.validators.abaroutevalidator.Test_AbaRouteValidator_13a" time="0.018"/>
  <testcase name="testAbaNumberCheck_26895_good" classname="com.cardatechnologies.utils.validators.abaroutevalidator.Test_AbaRouteValidator_13a" time="0.02"/>
  <testcase name="testAbaNumberCheck_25955_good" classname="com.cardatechnologies.utils.validators.abaroutevalidator.Test_AbaRouteValidator_13a" time="0.019"/>
  <testcase name="testAbaNumberCheck_26670_bad" classname="com.cardatechnologies.utils.validators.abaroutevalidator.Test_AbaRouteValidator_13a" time="0.019"/>
  <testcase name="testAbaNumberCheck_26672_bad" classname="com.cardatechnologies.utils.validators.abaroutevalidator.Test_AbaRouteValidator_13a" time="0.019"/>
  <testcase name="testAbaNumberCheck_26769_good" classname="com.cardatechnologies.utils.validators.abaroutevalidator.Test_AbaRouteValidator_13a" time="0.022"/>
  <testcase name="testAbaNumberCheck_25829_good" classname="com.cardatechnologies.utils.validators.abaroutevalidator.Test_AbaRouteValidator_13a" time="0.022"/>
  <testcase name="testAbaNumberCheck_25860_bad" classname="com.cardatechnologies.utils.validators.abaroutevalidator.Test_AbaRouteValidator_13a" time="0.017"/>
  <testcase name="testAbaNumberCheck_26674_bad" classname="com.cardatechnologies.utils.validators.abaroutevalidator.Test_AbaRouteValidator_13a" time="0.018"/>
  <testcase name="testAbaNumberCheck_25862_bad" classname="com.cardatechnologies.utils.validators.abaroutevalidator.Test_AbaRouteValidator_13a" time="0.018"/>
  <testcase name="testAbaNumberCheck_26676_bad" classname="com.cardatechnologies.utils.validators.abaroutevalidator.Test_AbaRouteValidator_13a" time="0.018"/>
  <testcase name="testAbaNumberCheck_25793_good" classname="com.cardatechnologies.utils.validators.abaroutevalidator.Test_AbaRouteValidator_13a" time="0.018"/>
  <testcase name="testAbaNumberCheck_25864_bad" classname="com.cardatechnologies.utils.validators.abaroutevalidator.Test_AbaRouteValidator_13a" time="0.021"/>
  <testcase name="testAbaNumberCheck_26678_bad" classname="com.cardatechnologies.utils.validators.abaroutevalidator.Test_AbaRouteValidator_13a" time="0.021"/>
  <testcase name="testAbaNumberCheck_25866_bad" classname="com.cardatechnologies.utils.validators.abaroutevalidator.Test_AbaRouteValidator_13a" time="0.017"/>
  <testcase name="testAbaNumberCheck_25667_good" classname="com.cardatechnologies.utils.validators.abaroutevalidator.Test_AbaRouteValidator_13a" time="0.017"/>
  <testcase name="testAbaNumberCheck_25868_bad" classname="com.cardatechnologies.utils.validators.abaroutevalidator.Test_AbaRouteValidator_13a" time="0.018"/>
  <testcase name="testAbaNumberCheck_25379_good" classname="com.cardatechnologies.utils.validators.abaroutevalidator.Test_AbaRouteValidator_13a" time="0.018"/>
  <testcase name="testAbaNumberCheck_26977_good" classname="com.cardatechnologies.utils.validators.abaroutevalidator.Test_AbaRouteValidator_13a" time="0.018"/>
  <testcase name="testAbaNumberCheck_26680_bad" classname="com.cardatechnologies.utils.validators.abaroutevalidator.Test_AbaRouteValidator_13a" time="0.018"/>
  <testcase name="testAbaNumberCheck_26682_bad" classname="com.cardatechnologies.utils.validators.abaroutevalidator.Test_AbaRouteValidator_13a" time="0.017"/>
  <testcase name="testAbaNumberCheck_25875_good" classname="com.cardatechnologies.utils.validators.abaroutevalidator.Test_AbaRouteValidator_13a" time="0.018"/>
  <testcase name="testAbaNumberCheck_25870_bad" classname="com.cardatechnologies.utils.validators.abaroutevalidator.Test_AbaRouteValidator_13a" time="0.018"/>
  <testcase name="testAbaNumberCheck_26684_bad" classname="com.cardatechnologies.utils.validators.abaroutevalidator.Test_AbaRouteValidator_13a" time="0.023"/>
  <testcase name="testAbaNumberCheck_25872_bad" classname="com.cardatechnologies.utils.validators.abaroutevalidator.Test_AbaRouteValidator_13a" time="0.019"/>
  <testcase name="testAbaNumberCheck_26686_bad" classname="com.cardatechnologies.utils.validators.abaroutevalidator.Test_AbaRouteValidator_13a" time="0.021"/>
  <testcase name="testAbaNumberCheck_26689_good" classname="com.cardatechnologies.utils.validators.abaroutevalidator.Test_AbaRouteValidator_13a" time="0.023"/>
  <testcase name="testAbaNumberCheck_25749_good" classname="com.cardatechnologies.utils.validators.abaroutevalidator.Test_AbaRouteValidator_13a" time="0.021"/>
  <testcase name="testAbaNumberCheck_25874_bad" classname="com.cardatechnologies.utils.validators.abaroutevalidator.Test_AbaRouteValidator_13a" time="0.019"/>
  <testcase name="testAbaNumberCheck_26688_bad" classname="com.cardatechnologies.utils.validators.abaroutevalidator.Test_AbaRouteValidator_13a" time="0.021"/>
  <testcase name="testAbaNumberCheck_25876_bad" classname="com.cardatechnologies.utils.validators.abaroutevalidator.Test_AbaRouteValidator_13a" time="0.021"/>
  <testcase name="testAbaNumberCheck_25878_bad" classname="com.cardatechnologies.utils.validators.abaroutevalidator.Test_AbaRouteValidator_13a" time="0.021"/>
  <testcase name="testAbaNumberCheck_25587_good" classname="com.cardatechnologies.utils.validators.abaroutevalidator.Test_AbaRouteValidator_13a" time="0.024"/>
  <testcase name="testAbaNumberCheck_25299_good" classname="com.cardatechnologies.utils.validators.abaroutevalidator.Test_AbaRouteValidator_13a" time="0.025"/>
  <testcase name="testAbaNumberCheck_26897_good" classname="com.cardatechnologies.utils.validators.abaroutevalidator.Test_AbaRouteValidator_13a" time="0.021"/>
  <testcase name="testAbaNumberCheck_25957_good" classname="com.cardatechnologies.utils.validators.abaroutevalidator.Test_AbaRouteValidator_13a" time="0.02"/>
  <testcase name="testAbaNumberCheck_26690_bad" classname="com.cardatechnologies.utils.validators.abaroutevalidator.Test_AbaRouteValidator_13a" time="0.018"/>
  <testcase name="testAbaNumberCheck_26692_bad" classname="com.cardatechnologies.utils.validators.abaroutevalidator.Test_AbaRouteValidator_13a" time="0.018"/>
  <testcase name="testAbaNumberCheck_25880_bad" classname="com.cardatechnologies.utils.validators.abaroutevalidator.Test_AbaRouteValidator_13a" time="0.022"/>
  <testcase name="testAbaNumberCheck_26694_bad" classname="com.cardatechnologies.utils.validators.abaroutevalidator.Test_AbaRouteValidator_13a" time="0.025"/>
  <testcase name="testAbaNumberCheck_25882_bad" classname="com.cardatechnologies.utils.validators.abaroutevalidator.Test_AbaRouteValidator_13a" time="0.018"/>
  <testcase name="testAbaNumberCheck_26696_bad" classname="com.cardatechnologies.utils.validators.abaroutevalidator.Test_AbaRouteValidator_13a" time="0.019"/>
  <testcase name="testAbaNumberCheck_25795_good" classname="com.cardatechnologies.utils.validators.abaroutevalidator.Test_AbaRouteValidator_13a" time="0.018"/>
  <testcase name="testAbaNumberCheck_25884_bad" classname="com.cardatechnologies.utils.validators.abaroutevalidator.Test_AbaRouteValidator_13a" time="0.019"/>
  <testcase name="testAbaNumberCheck_26698_bad" classname="com.cardatechnologies.utils.validators.abaroutevalidator.Test_AbaRouteValidator_13a" time="0.018"/>
  <testcase name="testAbaNumberCheck_25886_bad" classname="com.cardatechnologies.utils.validators.abaroutevalidator.Test_AbaRouteValidator_13a" time="0.018"/>
  <testcase name="testAbaNumberCheck_25669_good" classname="com.cardatechnologies.utils.validators.abaroutevalidator.Test_AbaRouteValidator_13a" time="0.018"/>
  <testcase name="testAbaNumberCheck_25888_bad" classname="com.cardatechnologies.utils.validators.abaroutevalidator.Test_AbaRouteValidator_13a" time="0.018"/>
  <testcase name="testAbaNumberCheck_26979_good" classname="com.cardatechnologies.utils.validators.abaroutevalidator.Test_AbaRouteValidator_13a" time="0.018"/>
  <testcase name="testAbaNumberCheck_25877_good" classname="com.cardatechnologies.utils.validators.abaroutevalidator.Test_AbaRouteValidator_13a" time="0.018"/>
  <testcase name="testAbaNumberCheck_25890_bad" classname="com.cardatechnologies.utils.validators.abaroutevalidator.Test_AbaRouteValidator_13a" time="0.019"/>
  <testcase name="testAbaNumberCheck_25892_bad" classname="com.cardatechnologies.utils.validators.abaroutevalidator.Test_AbaRouteValidator_13a" time="0.023"/>
  <testcase name="testAbaNumberCheck_25894_bad" classname="com.cardatechnologies.utils.validators.abaroutevalidator.Test_AbaRouteValidator_13a" time="0.019"/>
  <testcase name="testAbaNumberCheck_25896_bad" classname="com.cardatechnologies.utils.validators.abaroutevalidator.Test_AbaRouteValidator_13a" time="0.018"/>
  <testcase name="testAbaNumberCheck_25898_bad" classname="com.cardatechnologies.utils.validators.abaroutevalidator.Test_AbaRouteValidator_13a" time="0.018"/>
  <testcase name="testAbaNumberCheck_25589_good" classname="com.cardatechnologies.utils.validators.abaroutevalidator.Test_AbaRouteValidator_13a" time="0.02"/>
  <testcase name="testAbaNumberCheck_26899_good" classname="com.cardatechnologies.utils.validators.abaroutevalidator.Test_AbaRouteValidator_13a" time="0.019"/>
  <testcase name="testAbaNumberCheck_25959_good" classname="com.cardatechnologies.utils.validators.abaroutevalidator.Test_AbaRouteValidator_13a" time="0.018"/>
  <testcase name="testAbaNumberCheck_25797_good" classname="com.cardatechnologies.utils.validators.abaroutevalidator.Test_AbaRouteValidator_13a" time="0.018"/>
  <testcase name="testAbaNumberCheck_25879_good" classname="com.cardatechnologies.utils.validators.abaroutevalidator.Test_AbaRouteValidator_13a" time="0.023"/>
  <testcase name="testAbaNumberCheck_25799_good" classname="com.cardatechnologies.utils.validators.abaroutevalidator.Test_AbaRouteValidator_13a" time="0.022"/>
  <testcase name="testAbaNumberCheck_27111_good" classname="com.cardatechnologies.utils.validators.abaroutevalidator.Test_AbaRouteValidator_13a" time="0.019"/>
  <testcase name="testAbaNumberCheck_27031_good" classname="com.cardatechnologies.utils.validators.abaroutevalidator.Test_AbaRouteValidator_13a" time="0.018"/>
  <testcase name="testAbaNumberCheck_27113_good" classname="com.cardatechnologies.utils.validators.abaroutevalidator.Test_AbaRouteValidator_13a" time="0.018"/>
  <testcase name="testAbaNumberCheck_26011_good" classname="com.cardatechnologies.utils.validators.abaroutevalidator.Test_AbaRouteValidator_13a" time="0.019"/>
  <testcase name="testAbaNumberCheck_27033_good" classname="com.cardatechnologies.utils.validators.abaroutevalidator.Test_AbaRouteValidator_13a" time="0.022"/>
  <testcase name="testAbaNumberCheck_26301_good" classname="com.cardatechnologies.utils.validators.abaroutevalidator.Test_AbaRouteValidator_13a" time="0.025"/>
  <testcase name="testAbaNumberCheck_27115_good" classname="com.cardatechnologies.utils.validators.abaroutevalidator.Test_AbaRouteValidator_13a" time="0.019"/>
  <testcase name="testAbaNumberCheck_26013_good" classname="com.cardatechnologies.utils.validators.abaroutevalidator.Test_AbaRouteValidator_13a" time="0.018"/>
  <testcase name="testAbaNumberCheck_27161_good" classname="com.cardatechnologies.utils.validators.abaroutevalidator.Test_AbaRouteValidator_13a" time="0.018"/>
  <testcase name="testAbaNumberCheck_26221_good" classname="com.cardatechnologies.utils.validators.abaroutevalidator.Test_AbaRouteValidator_13a" time="0.035"/>
  <testcase name="testAbaNumberCheck_27035_good" classname="com.cardatechnologies.utils.validators.abaroutevalidator.Test_AbaRouteValidator_13a" time="0.017"/>
  <testcase name="testAbaNumberCheck_26303_good" classname="com.cardatechnologies.utils.validators.abaroutevalidator.Test_AbaRouteValidator_13a" time="0.018"/>
  <testcase name="testAbaNumberCheck_27117_good" classname="com.cardatechnologies.utils.validators.abaroutevalidator.Test_AbaRouteValidator_13a" time="0.018"/>
  <testcase name="testAbaNumberCheck_27081_good" classname="com.cardatechnologies.utils.validators.abaroutevalidator.Test_AbaRouteValidator_13a" time="0.018"/>
  <testcase name="testAbaNumberCheck_26141_good" classname="com.cardatechnologies.utils.validators.abaroutevalidator.Test_AbaRouteValidator_13a" time="0.017"/>
  <testcase name="testAbaNumberCheck_25201_good" classname="com.cardatechnologies.utils.validators.abaroutevalidator.Test_AbaRouteValidator_13a" time="0.018"/>
  <testcase name="testAbaNumberCheck_26015_good" classname="com.cardatechnologies.utils.validators.abaroutevalidator.Test_AbaRouteValidator_13a" time="0.017"/>
  <testcase name="testAbaNumberCheck_26511_good" classname="com.cardatechnologies.utils.validators.abaroutevalidator.Test_AbaRouteValidator_13a" time="0.019"/>
  <testcase name="testAbaNumberCheck_27163_good" classname="com.cardatechnologies.utils.validators.abaroutevalidator.Test_AbaRouteValidator_13a" time="0.018"/>
  <testcase name="testAbaNumberCheck_26223_good" classname="com.cardatechnologies.utils.validators.abaroutevalidator.Test_AbaRouteValidator_13a" time="0.017"/>
  <testcase name="testAbaNumberCheck_27037_good" classname="com.cardatechnologies.utils.validators.abaroutevalidator.Test_AbaRouteValidator_13a" time="0.018"/>
  <testcase name="testAbaNumberCheck_26061_good" classname="com.cardatechnologies.utils.validators.abaroutevalidator.Test_AbaRouteValidator_13a" time="0.018"/>
  <testcase name="testAbaNumberCheck_25121_good" classname="com.cardatechnologies.utils.validators.abaroutevalidator.Test_AbaRouteValidator_13a" time="0.018"/>
  <testcase name="testAbaNumberCheck_26431_good" classname="com.cardatechnologies.utils.validators.abaroutevalidator.Test_AbaRouteValidator_13a" time="0.018"/>
  <testcase name="testAbaNumberCheck_26305_good" classname="com.cardatechnologies.utils.validators.abaroutevalidator.Test_AbaRouteValidator_13a" time="0.019"/>
  <testcase name="testAbaNumberCheck_27119_good" classname="com.cardatechnologies.utils.validators.abaroutevalidator.Test_AbaRouteValidator_13a" time="0.022"/>
  <testcase name="testAbaNumberCheck_27083_good" classname="com.cardatechnologies.utils.validators.abaroutevalidator.Test_AbaRouteValidator_13a" time="0.02"/>
  <testcase name="testAbaNumberCheck_26143_good" classname="com.cardatechnologies.utils.validators.abaroutevalidator.Test_AbaRouteValidator_13a" time="0.018"/>
  <testcase name="testAbaNumberCheck_25203_good" classname="com.cardatechnologies.utils.validators.abaroutevalidator.Test_AbaRouteValidator_13a" time="0.018"/>
  <testcase name="testAbaNumberCheck_26801_good" classname="com.cardatechnologies.utils.validators.abaroutevalidator.Test_AbaRouteValidator_13a" time="0.018"/>
  <testcase name="testAbaNumberCheck_26017_good" classname="com.cardatechnologies.utils.validators.abaroutevalidator.Test_AbaRouteValidator_13a" time="0.019"/>
  <testcase name="testAbaNumberCheck_25041_good" classname="com.cardatechnologies.utils.validators.abaroutevalidator.Test_AbaRouteValidator_13a" time="0.018"/>
  <testcase name="testAbaNumberCheck_26513_good" classname="com.cardatechnologies.utils.validators.abaroutevalidator.Test_AbaRouteValidator_13a" time="0.027"/>
  <testcase name="testAbaNumberCheck_26351_good" classname="com.cardatechnologies.utils.validators.abaroutevalidator.Test_AbaRouteValidator_13a" time="0.018"/>
  <testcase name="testAbaNumberCheck_25411_good" classname="com.cardatechnologies.utils.validators.abaroutevalidator.Test_AbaRouteValidator_13a" time="0.018"/>
  <testcase name="testAbaNumberCheck_27165_good" classname="com.cardatechnologies.utils.validators.abaroutevalidator.Test_AbaRouteValidator_13a" time="0.017"/>
  <testcase name="testAbaNumberCheck_26225_good" classname="com.cardatechnologies.utils.validators.abaroutevalidator.Test_AbaRouteValidator_13a" time="0.019"/>
  <testcase name="testAbaNumberCheck_27000_bad" classname="com.cardatechnologies.utils.validators.abaroutevalidator.Test_AbaRouteValidator_13a" time="0.018"/>
  <testcase name="testAbaNumberCheck_27039_good" classname="com.cardatechnologies.utils.validators.abaroutevalidator.Test_AbaRouteValidator_13a" time="0.02"/>
  <testcase name="testAbaNumberCheck_27002_bad" classname="com.cardatechnologies.utils.validators.abaroutevalidator.Test_AbaRouteValidator_13a" time="0.018"/>
  <testcase name="testAbaNumberCheck_26063_good" classname="com.cardatechnologies.utils.validators.abaroutevalidator.Test_AbaRouteValidator_13a" time="0.018"/>
  <testcase name="testAbaNumberCheck_27004_bad" classname="com.cardatechnologies.utils.validators.abaroutevalidator.Test_AbaRouteValidator_13a" time="0.018"/>
  <testcase name="testAbaNumberCheck_25123_good" classname="com.cardatechnologies.utils.validators.abaroutevalidator.Test_AbaRouteValidator_13a" time="0.018"/>
  <testcase name="testAbaNumberCheck_27006_bad" classname="com.cardatechnologies.utils.validators.abaroutevalidator.Test_AbaRouteValidator_13a" time="0.018"/>
  <testcase name="testAbaNumberCheck_26721_good" classname="com.cardatechnologies.utils.validators.abaroutevalidator.Test_AbaRouteValidator_13a" time="0.018"/>
  <testcase name="testAbaNumberCheck_27008_bad" classname="com.cardatechnologies.utils.validators.abaroutevalidator.Test_AbaRouteValidator_13a" time="0.018"/>
  <testcase name="testAbaNumberCheck_26433_good" classname="com.cardatechnologies.utils.validators.abaroutevalidator.Test_AbaRouteValidator_13a" time="0.018"/>
  <testcase name="testAbaNumberCheck_26307_good" classname="com.cardatechnologies.utils.validators.abaroutevalidator.Test_AbaRouteValidator_13a" time="0.018"/>
  <testcase name="testAbaNumberCheck_26271_good" classname="com.cardatechnologies.utils.validators.abaroutevalidator.Test_AbaRouteValidator_13a" time="0.018"/>
  <testcase name="testAbaNumberCheck_25331_good" classname="com.cardatechnologies.utils.validators.abaroutevalidator.Test_AbaRouteValidator_13a" time="0.018"/>
  <testcase name="testAbaNumberCheck_27085_good" classname="com.cardatechnologies.utils.validators.abaroutevalidator.Test_AbaRouteValidator_13a" time="0.018"/>
  <testcase name="testAbaNumberCheck_27010_bad" classname="com.cardatechnologies.utils.validators.abaroutevalidator.Test_AbaRouteValidator_13a" time="0.022"/>
  <testcase name="testAbaNumberCheck_26145_good" classname="com.cardatechnologies.utils.validators.abaroutevalidator.Test_AbaRouteValidator_13a" time="0.019"/>
  <testcase name="testAbaNumberCheck_25205_good" classname="com.cardatechnologies.utils.validators.abaroutevalidator.Test_AbaRouteValidator_13a" time="0.023"/>
  <testcase name="testAbaNumberCheck_27012_bad" classname="com.cardatechnologies.utils.validators.abaroutevalidator.Test_AbaRouteValidator_13a" time="0.019"/>
  <testcase name="testAbaNumberCheck_26803_good" classname="com.cardatechnologies.utils.validators.abaroutevalidator.Test_AbaRouteValidator_13a" time="0.021"/>
  <testcase name="testAbaNumberCheck_26200_bad" classname="com.cardatechnologies.utils.validators.abaroutevalidator.Test_AbaRouteValidator_13a" time="0.02"/>
  <testcase name="testAbaNumberCheck_27014_bad" classname="com.cardatechnologies.utils.validators.abaroutevalidator.Test_AbaRouteValidator_13a" time="0.019"/>
  <testcase name="testAbaNumberCheck_26019_good" classname="com.cardatechnologies.utils.validators.abaroutevalidator.Test_AbaRouteValidator_13a" time="0.021"/>
  <testcase name="testAbaNumberCheck_26202_bad" classname="com.cardatechnologies.utils.validators.abaroutevalidator.Test_AbaRouteValidator_13a" time="0.029"/>
  <testcase name="testAbaNumberCheck_27016_bad" classname="com.cardatechnologies.utils.validators.abaroutevalidator.Test_AbaRouteValidator_13a" time="0.021"/>
  <testcase name="testAbaNumberCheck_26204_bad" classname="com.cardatechnologies.utils.validators.abaroutevalidator.Test_AbaRouteValidator_13a" time="0.021"/>
  <testcase name="testAbaNumberCheck_27018_bad" classname="com.cardatechnologies.utils.validators.abaroutevalidator.Test_AbaRouteValidator_13a" time="0.019"/>
  <testcase name="testAbaNumberCheck_25043_good" classname="com.cardatechnologies.utils.validators.abaroutevalidator.Test_AbaRouteValidator_13a" time="0.021"/>
  <testcase name="testAbaNumberCheck_26206_bad" classname="com.cardatechnologies.utils.validators.abaroutevalidator.Test_AbaRouteValidator_13a" time="0.019"/>
  <testcase name="testAbaNumberCheck_26641_good" classname="com.cardatechnologies.utils.validators.abaroutevalidator.Test_AbaRouteValidator_13a" time="0.02"/>
  <testcase name="testAbaNumberCheck_25701_good" classname="com.cardatechnologies.utils.validators.abaroutevalidator.Test_AbaRouteValidator_13a" time="0.02"/>
  <testcase name="testAbaNumberCheck_26208_bad" classname="com.cardatechnologies.utils.validators.abaroutevalidator.Test_AbaRouteValidator_13a" time="0.021"/>
  <testcase name="testAbaNumberCheck_26515_good" classname="com.cardatechnologies.utils.validators.abaroutevalidator.Test_AbaRouteValidator_13a" time="0.02"/>
  <testcase name="testAbaNumberCheck_26353_good" classname="com.cardatechnologies.utils.validators.abaroutevalidator.Test_AbaRouteValidator_13a" time="0.017"/>
  <testcase name="testAbaNumberCheck_25413_good" classname="com.cardatechnologies.utils.validators.abaroutevalidator.Test_AbaRouteValidator_13a" time="0.018"/>
  <testcase name="testAbaNumberCheck_27167_good" classname="com.cardatechnologies.utils.validators.abaroutevalidator.Test_AbaRouteValidator_13a" time="0.019"/>
  <testcase name="testAbaNumberCheck_26227_good" classname="com.cardatechnologies.utils.validators.abaroutevalidator.Test_AbaRouteValidator_13a" time="0.018"/>
  <testcase name="testAbaNumberCheck_26191_good" classname="com.cardatechnologies.utils.validators.abaroutevalidator.Test_AbaRouteValidator_13a" time="0.017"/>
  <testcase name="testAbaNumberCheck_25251_good" classname="com.cardatechnologies.utils.validators.abaroutevalidator.Test_AbaRouteValidator_13a" time="0.018"/>
  <testcase name="testAbaNumberCheck_27020_bad" classname="com.cardatechnologies.utils.validators.abaroutevalidator.Test_AbaRouteValidator_13a" time="0.017"/>
  <testcase name="testAbaNumberCheck_27022_bad" classname="com.cardatechnologies.utils.validators.abaroutevalidator.Test_AbaRouteValidator_13a" time="0.018"/>
  <testcase name="testAbaNumberCheck_26210_bad" classname="com.cardatechnologies.utils.validators.abaroutevalidator.Test_AbaRouteValidator_13a" time="0.017"/>
  <testcase name="testAbaNumberCheck_26065_good" classname="com.cardatechnologies.utils.validators.abaroutevalidator.Test_AbaRouteValidator_13a" time="0.019"/>
  <testcase name="testAbaNumberCheck_27024_bad" classname="com.cardatechnologies.utils.validators.abaroutevalidator.Test_AbaRouteValidator_13a" time="0.022"/>
  <testcase name="testAbaNumberCheck_25125_good" classname="com.cardatechnologies.utils.validators.abaroutevalidator.Test_AbaRouteValidator_13a" time="0.022"/>
  <testcase name="testAbaNumberCheck_26212_bad" classname="com.cardatechnologies.utils.validators.abaroutevalidator.Test_AbaRouteValidator_13a" time="0.018"/>
  <testcase name="testAbaNumberCheck_27026_bad" classname="com.cardatechnologies.utils.validators.abaroutevalidator.Test_AbaRouteValidator_13a" time="0.018"/>
  <testcase name="testAbaNumberCheck_26723_good" classname="com.cardatechnologies.utils.validators.abaroutevalidator.Test_AbaRouteValidator_13a" time="0.018"/>
  <testcase name="testAbaNumberCheck_25400_bad" classname="com.cardatechnologies.utils.validators.abaroutevalidator.Test_AbaRouteValidator_13a" time="0.018"/>
  <testcase name="testAbaNumberCheck_26214_bad" classname="com.cardatechnologies.utils.validators.abaroutevalidator.Test_AbaRouteValidator_13a" time="0.018"/>
  <testcase name="testAbaNumberCheck_27028_bad" classname="com.cardatechnologies.utils.validators.abaroutevalidator.Test_AbaRouteValidator_13a" time="0.028"/>
  <testcase name="testAbaNumberCheck_25402_bad" classname="com.cardatechnologies.utils.validators.abaroutevalidator.Test_AbaRouteValidator_13a" time="0.018"/>
  <testcase name="testAbaNumberCheck_26216_bad" classname="com.cardatechnologies.utils.validators.abaroutevalidator.Test_AbaRouteValidator_13a" time="0.017"/>
  <testcase name="testAbaNumberCheck_25404_bad" classname="com.cardatechnologies.utils.validators.abaroutevalidator.Test_AbaRouteValidator_13a" time="0.018"/>
  <testcase name="testAbaNumberCheck_26218_bad" classname="com.cardatechnologies.utils.validators.abaroutevalidator.Test_AbaRouteValidator_13a" time="0.017"/>
  <testcase name="testAbaNumberCheck_25406_bad" classname="com.cardatechnologies.utils.validators.abaroutevalidator.Test_AbaRouteValidator_13a" time="0.018"/>
  <testcase name="testAbaNumberCheck_26561_good" classname="com.cardatechnologies.utils.validators.abaroutevalidator.Test_AbaRouteValidator_13a" time="0.018"/>
  <testcase name="testAbaNumberCheck_25621_good" classname="com.cardatechnologies.utils.validators.abaroutevalidator.Test_AbaRouteValidator_13a" time="0.018"/>
  <testcase name="testAbaNumberCheck_25408_bad" classname="com.cardatechnologies.utils.validators.abaroutevalidator.Test_AbaRouteValidator_13a" time="0.018"/>
  <testcase name="testAbaNumberCheck_26435_good" classname="com.cardatechnologies.utils.validators.abaroutevalidator.Test_AbaRouteValidator_13a" time="0.018"/>
  <testcase name="testAbaNumberCheck_26309_good" classname="com.cardatechnologies.utils.validators.abaroutevalidator.Test_AbaRouteValidator_13a" time="0.018"/>
  <testcase name="testAbaNumberCheck_26273_good" classname="com.cardatechnologies.utils.validators.abaroutevalidator.Test_AbaRouteValidator_13a" time="0.019"/>
  <testcase name="testAbaNumberCheck_25333_good" classname="com.cardatechnologies.utils.validators.abaroutevalidator.Test_AbaRouteValidator_13a" time="0.018"/>
  <testcase name="testAbaNumberCheck_26931_good" classname="com.cardatechnologies.utils.validators.abaroutevalidator.Test_AbaRouteValidator_13a" time="0.018"/>
  <testcase name="testAbaNumberCheck_27087_good" classname="com.cardatechnologies.utils.validators.abaroutevalidator.Test_AbaRouteValidator_13a" time="0.017"/>
  <testcase name="testAbaNumberCheck_27030_bad" classname="com.cardatechnologies.utils.validators.abaroutevalidator.Test_AbaRouteValidator_13a" time="0.018"/>
  <testcase name="testAbaNumberCheck_26147_good" classname="com.cardatechnologies.utils.validators.abaroutevalidator.Test_AbaRouteValidator_13a" time="0.018"/>
  <testcase name="testAbaNumberCheck_25207_good" classname="com.cardatechnologies.utils.validators.abaroutevalidator.Test_AbaRouteValidator_13a" time="0.018"/>
  <testcase name="testAbaNumberCheck_27032_bad" classname="com.cardatechnologies.utils.validators.abaroutevalidator.Test_AbaRouteValidator_13a" time="0.017"/>
  <testcase name="testAbaNumberCheck_26805_good" classname="com.cardatechnologies.utils.validators.abaroutevalidator.Test_AbaRouteValidator_13a" time="0.018"/>
  <testcase name="testAbaNumberCheck_25171_good" classname="com.cardatechnologies.utils.validators.abaroutevalidator.Test_AbaRouteValidator_13a" time="0.018"/>
  <testcase name="testAbaNumberCheck_26220_bad" classname="com.cardatechnologies.utils.validators.abaroutevalidator.Test_AbaRouteValidator_13a" time="0.018"/>
  <testcase name="testAbaNumberCheck_27034_bad" classname="com.cardatechnologies.utils.validators.abaroutevalidator.Test_AbaRouteValidator_13a" time="0.025"/>
  <testcase name="testAbaNumberCheck_26222_bad" classname="com.cardatechnologies.utils.validators.abaroutevalidator.Test_AbaRouteValidator_13a" time="0.017"/>
  <testcase name="testAbaNumberCheck_27036_bad" classname="com.cardatechnologies.utils.validators.abaroutevalidator.Test_AbaRouteValidator_13a" time="0.017"/>
  <testcase name="testAbaNumberCheck_25410_bad" classname="com.cardatechnologies.utils.validators.abaroutevalidator.Test_AbaRouteValidator_13a" time="0.019"/>
  <testcase name="testAbaNumberCheck_26224_bad" classname="com.cardatechnologies.utils.validators.abaroutevalidator.Test_AbaRouteValidator_13a" time="0.021"/>
  <testcase name="testAbaNumberCheck_27038_bad" classname="com.cardatechnologies.utils.validators.abaroutevalidator.Test_AbaRouteValidator_13a" time="0.018"/>
  <testcase name="testAbaNumberCheck_25045_good" classname="com.cardatechnologies.utils.validators.abaroutevalidator.Test_AbaRouteValidator_13a" time="0.028"/>
  <testcase name="testAbaNumberCheck_25412_bad" classname="com.cardatechnologies.utils.validators.abaroutevalidator.Test_AbaRouteValidator_13a" time="0.019"/>
  <testcase name="testAbaNumberCheck_26226_bad" classname="com.cardatechnologies.utils.validators.abaroutevalidator.Test_AbaRouteValidator_13a" time="0.018"/>
  <testcase name="testAbaNumberCheck_26643_good" classname="com.cardatechnologies.utils.validators.abaroutevalidator.Test_AbaRouteValidator_13a" time="0.018"/>
  <testcase name="testAbaNumberCheck_25703_good" classname="com.cardatechnologies.utils.validators.abaroutevalidator.Test_AbaRouteValidator_13a" time="0.018"/>
  <testcase name="testAbaNumberCheck_25414_bad" classname="com.cardatechnologies.utils.validators.abaroutevalidator.Test_AbaRouteValidator_13a" time="0.018"/>
  <testcase name="testAbaNumberCheck_26228_bad" classname="com.cardatechnologies.utils.validators.abaroutevalidator.Test_AbaRouteValidator_13a" time="0.018"/>
  <testcase name="testAbaNumberCheck_25416_bad" classname="com.cardatechnologies.utils.validators.abaroutevalidator.Test_AbaRouteValidator_13a" time="0.018"/>
  <testcase name="testAbaNumberCheck_26517_good" classname="com.cardatechnologies.utils.validators.abaroutevalidator.Test_AbaRouteValidator_13a" time="0.018"/>
  <testcase name="testAbaNumberCheck_25418_bad" classname="com.cardatechnologies.utils.validators.abaroutevalidator.Test_AbaRouteValidator_13a" time="0.018"/>
  <testcase name="testAbaNumberCheck_26481_good" classname="com.cardatechnologies.utils.validators.abaroutevalidator.Test_AbaRouteValidator_13a" time="0.017"/>
  <testcase name="testAbaNumberCheck_25541_good" classname="com.cardatechnologies.utils.validators.abaroutevalidator.Test_AbaRouteValidator_13a" time="0.018"/>
  <testcase name="testAbaNumberCheck_26355_good" classname="com.cardatechnologies.utils.validators.abaroutevalidator.Test_AbaRouteValidator_13a" time="0.018"/>
  <testcase name="testAbaNumberCheck_25415_good" classname="com.cardatechnologies.utils.validators.abaroutevalidator.Test_AbaRouteValidator_13a" time="0.018"/>
  <testcase name="testAbaNumberCheck_27169_good" classname="com.cardatechnologies.utils.validators.abaroutevalidator.Test_AbaRouteValidator_13a" time="0.018"/>
  <testcase name="testAbaNumberCheck_26229_good" classname="com.cardatechnologies.utils.validators.abaroutevalidator.Test_AbaRouteValidator_13a" time="0.017"/>
  <testcase name="testAbaNumberCheck_26193_good" classname="com.cardatechnologies.utils.validators.abaroutevalidator.Test_AbaRouteValidator_13a" time="0.018"/>
  <testcase name="testAbaNumberCheck_25253_good" classname="com.cardatechnologies.utils.validators.abaroutevalidator.Test_AbaRouteValidator_13a" time="0.018"/>
  <testcase name="testAbaNumberCheck_27040_bad" classname="com.cardatechnologies.utils.validators.abaroutevalidator.Test_AbaRouteValidator_13a" time="0.018"/>
  <testcase name="testAbaNumberCheck_27042_bad" classname="com.cardatechnologies.utils.validators.abaroutevalidator.Test_AbaRouteValidator_13a" time="0.018"/>
  <testcase name="testAbaNumberCheck_26851_good" classname="com.cardatechnologies.utils.validators.abaroutevalidator.Test_AbaRouteValidator_13a" time="0.017"/>
  <testcase name="testAbaNumberCheck_25911_good" classname="com.cardatechnologies.utils.validators.abaroutevalidator.Test_AbaRouteValidator_13a" time="0.019"/>
  <testcase name="testAbaNumberCheck_26230_bad" classname="com.cardatechnologies.utils.validators.abaroutevalidator.Test_AbaRouteValidator_13a" time="0.025"/>
  <testcase name="testAbaNumberCheck_26067_good" classname="com.cardatechnologies.utils.validators.abaroutevalidator.Test_AbaRouteValidator_13a" time="0.017"/>
  <testcase name="testAbaNumberCheck_27044_bad" classname="com.cardatechnologies.utils.validators.abaroutevalidator.Test_AbaRouteValidator_13a" time="0.017"/>
  <testcase name="testAbaNumberCheck_25127_good" classname="com.cardatechnologies.utils.validators.abaroutevalidator.Test_AbaRouteValidator_13a" time="0.018"/>
  <testcase name="testAbaNumberCheck_26232_bad" classname="com.cardatechnologies.utils.validators.abaroutevalidator.Test_AbaRouteValidator_13a" time="0.017"/>
  <testcase name="testAbaNumberCheck_27046_bad" classname="com.cardatechnologies.utils.validators.abaroutevalidator.Test_AbaRouteValidator_13a" time="0.018"/>
  <testcase name="testAbaNumberCheck_26725_good" classname="com.cardatechnologies.utils.validators.abaroutevalidator.Test_AbaRouteValidator_13a" time="0.025"/>
  <testcase name="testAbaNumberCheck_25091_good" classname="com.cardatechnologies.utils.validators.abaroutevalidator.Test_AbaRouteValidator_13a" time="0.021"/>
  <testcase name="testAbaNumberCheck_25420_bad" classname="com.cardatechnologies.utils.validators.abaroutevalidator.Test_AbaRouteValidator_13a" time="0.018"/>
  <testcase name="testAbaNumberCheck_26234_bad" classname="com.cardatechnologies.utils.validators.abaroutevalidator.Test_AbaRouteValidator_13a" time="0.019"/>
  <testcase name="testAbaNumberCheck_27048_bad" classname="com.cardatechnologies.utils.validators.abaroutevalidator.Test_AbaRouteValidator_13a" time="0.017"/>
  <testcase name="testAbaNumberCheck_25422_bad" classname="com.cardatechnologies.utils.validators.abaroutevalidator.Test_AbaRouteValidator_13a" time="0.018"/>
  <testcase name="testAbaNumberCheck_26236_bad" classname="com.cardatechnologies.utils.validators.abaroutevalidator.Test_AbaRouteValidator_13a" time="0.019"/>
  <testcase name="testAbaNumberCheck_25424_bad" classname="com.cardatechnologies.utils.validators.abaroutevalidator.Test_AbaRouteValidator_13a" time="0.017"/>
  <testcase name="testAbaNumberCheck_26238_bad" classname="com.cardatechnologies.utils.validators.abaroutevalidator.Test_AbaRouteValidator_13a" time="0.018"/>
  <testcase name="testAbaNumberCheck_25426_bad" classname="com.cardatechnologies.utils.validators.abaroutevalidator.Test_AbaRouteValidator_13a" time="0.018"/>
  <testcase name="testAbaNumberCheck_26563_good" classname="com.cardatechnologies.utils.validators.abaroutevalidator.Test_AbaRouteValidator_13a" time="0.018"/>
  <testcase name="testAbaNumberCheck_25623_good" classname="com.cardatechnologies.utils.validators.abaroutevalidator.Test_AbaRouteValidator_13a" time="0.018"/>
  <testcase name="testAbaNumberCheck_25428_bad" classname="com.cardatechnologies.utils.validators.abaroutevalidator.Test_AbaRouteValidator_13a" time="0.018"/>
  <testcase name="testAbaNumberCheck_26437_good" classname="com.cardatechnologies.utils.validators.abaroutevalidator.Test_AbaRouteValidator_13a" time="0.018"/>
  <testcase name="testAbaNumberCheck_25461_good" classname="com.cardatechnologies.utils.validators.abaroutevalidator.Test_AbaRouteValidator_13a" time="0.018"/>
  <testcase name="testAbaNumberCheck_26275_good" classname="com.cardatechnologies.utils.validators.abaroutevalidator.Test_AbaRouteValidator_13a" time="0.018"/>
  <testcase name="testAbaNumberCheck_25335_good" classname="com.cardatechnologies.utils.validators.abaroutevalidator.Test_AbaRouteValidator_13a" time="0.018"/>
  <testcase name="testAbaNumberCheck_26933_good" classname="com.cardatechnologies.utils.validators.abaroutevalidator.Test_AbaRouteValidator_13a" time="0.018"/>
  <testcase name="testAbaNumberCheck_27089_good" classname="com.cardatechnologies.utils.validators.abaroutevalidator.Test_AbaRouteValidator_13a" time="0.018"/>
  <testcase name="testAbaNumberCheck_27050_bad" classname="com.cardatechnologies.utils.validators.abaroutevalidator.Test_AbaRouteValidator_13a" time="0.018"/>
  <testcase name="testAbaNumberCheck_26149_good" classname="com.cardatechnologies.utils.validators.abaroutevalidator.Test_AbaRouteValidator_13a" time="0.018"/>
  <testcase name="testAbaNumberCheck_25209_good" classname="com.cardatechnologies.utils.validators.abaroutevalidator.Test_AbaRouteValidator_13a" time="0.018"/>
  <testcase name="testAbaNumberCheck_27052_bad" classname="com.cardatechnologies.utils.validators.abaroutevalidator.Test_AbaRouteValidator_13a" time="0.026"/>
  <testcase name="testAbaNumberCheck_26807_good" classname="com.cardatechnologies.utils.validators.abaroutevalidator.Test_AbaRouteValidator_13a" time="0.022"/>
  <testcase name="testAbaNumberCheck_25173_good" classname="com.cardatechnologies.utils.validators.abaroutevalidator.Test_AbaRouteValidator_13a" time="0.018"/>
  <testcase name="testAbaNumberCheck_26240_bad" classname="com.cardatechnologies.utils.validators.abaroutevalidator.Test_AbaRouteValidator_13a" time="0.019"/>
  <testcase name="testAbaNumberCheck_27054_bad" classname="com.cardatechnologies.utils.validators.abaroutevalidator.Test_AbaRouteValidator_13a" time="0.019"/>
  <testcase name="testAbaNumberCheck_26242_bad" classname="com.cardatechnologies.utils.validators.abaroutevalidator.Test_AbaRouteValidator_13a" time="0.017"/>
  <testcase name="testAbaNumberCheck_26771_good" classname="com.cardatechnologies.utils.validators.abaroutevalidator.Test_AbaRouteValidator_13a" time="0.03"/>
  <testcase name="testAbaNumberCheck_27056_bad" classname="com.cardatechnologies.utils.validators.abaroutevalidator.Test_AbaRouteValidator_13a" time="0.017"/>
  <testcase name="testAbaNumberCheck_25831_good" classname="com.cardatechnologies.utils.validators.abaroutevalidator.Test_AbaRouteValidator_13a" time="0.022"/>
  <testcase name="testAbaNumberCheck_25430_bad" classname="com.cardatechnologies.utils.validators.abaroutevalidator.Test_AbaRouteValidator_13a" time="0.018"/>
  <testcase name="testAbaNumberCheck_26244_bad" classname="com.cardatechnologies.utils.validators.abaroutevalidator.Test_AbaRouteValidator_13a" time="0.018"/>
  <testcase name="testAbaNumberCheck_27058_bad" classname="com.cardatechnologies.utils.validators.abaroutevalidator.Test_AbaRouteValidator_13a" time="0.018"/>
  <testcase name="testAbaNumberCheck_25047_good" classname="com.cardatechnologies.utils.validators.abaroutevalidator.Test_AbaRouteValidator_13a" time="0.018"/>
  <testcase name="testAbaNumberCheck_25432_bad" classname="com.cardatechnologies.utils.validators.abaroutevalidator.Test_AbaRouteValidator_13a" time="0.019"/>
  <testcase name="testAbaNumberCheck_26246_bad" classname="com.cardatechnologies.utils.validators.abaroutevalidator.Test_AbaRouteValidator_13a" time="0.018"/>
  <testcase name="testAbaNumberCheck_26645_good" classname="com.cardatechnologies.utils.validators.abaroutevalidator.Test_AbaRouteValidator_13a" time="0.018"/>
  <testcase name="testAbaNumberCheck_25705_good" classname="com.cardatechnologies.utils.validators.abaroutevalidator.Test_AbaRouteValidator_13a" time="0.022"/>
  <testcase name="testAbaNumberCheck_25434_bad" classname="com.cardatechnologies.utils.validators.abaroutevalidator.Test_AbaRouteValidator_13a" time="0.019"/>
  <testcase name="testAbaNumberCheck_26248_bad" classname="com.cardatechnologies.utils.validators.abaroutevalidator.Test_AbaRouteValidator_13a" time="0.019"/>
  <testcase name="testAbaNumberCheck_25436_bad" classname="com.cardatechnologies.utils.validators.abaroutevalidator.Test_AbaRouteValidator_13a" time="0.02"/>
  <testcase name="testAbaNumberCheck_26519_good" classname="com.cardatechnologies.utils.validators.abaroutevalidator.Test_AbaRouteValidator_13a" time="0.019"/>
  <testcase name="testAbaNumberCheck_25438_bad" classname="com.cardatechnologies.utils.validators.abaroutevalidator.Test_AbaRouteValidator_13a" time="0.018"/>
  <testcase name="testAbaNumberCheck_26483_good" classname="com.cardatechnologies.utils.validators.abaroutevalidator.Test_AbaRouteValidator_13a" time="0.017"/>
  <testcase name="testAbaNumberCheck_25543_good" classname="com.cardatechnologies.utils.validators.abaroutevalidator.Test_AbaRouteValidator_13a" time="0.018"/>
  <testcase name="testAbaNumberCheck_26357_good" classname="com.cardatechnologies.utils.validators.abaroutevalidator.Test_AbaRouteValidator_13a" time="0.018"/>
  <testcase name="testAbaNumberCheck_25417_good" classname="com.cardatechnologies.utils.validators.abaroutevalidator.Test_AbaRouteValidator_13a" time="0.018"/>
  <testcase name="testAbaNumberCheck_25381_good" classname="com.cardatechnologies.utils.validators.abaroutevalidator.Test_AbaRouteValidator_13a" time="0.021"/>
  <testcase name="testAbaNumberCheck_26195_good" classname="com.cardatechnologies.utils.validators.abaroutevalidator.Test_AbaRouteValidator_13a" time="0.022"/>
  <testcase name="testAbaNumberCheck_25255_good" classname="com.cardatechnologies.utils.validators.abaroutevalidator.Test_AbaRouteValidator_13a" time="0.018"/>
  <testcase name="testAbaNumberCheck_27060_bad" classname="com.cardatechnologies.utils.validators.abaroutevalidator.Test_AbaRouteValidator_13a" time="0.018"/>
  <testcase name="testAbaNumberCheck_27062_bad" classname="com.cardatechnologies.utils.validators.abaroutevalidator.Test_AbaRouteValidator_13a" time="0.017"/>
  <testcase name="testAbaNumberCheck_26853_good" classname="com.cardatechnologies.utils.validators.abaroutevalidator.Test_AbaRouteValidator_13a" time="0.017"/>
  <testcase name="testAbaNumberCheck_25913_good" classname="com.cardatechnologies.utils.validators.abaroutevalidator.Test_AbaRouteValidator_13a" time="0.018"/>
  <testcase name="testAbaNumberCheck_26700_bad" classname="com.cardatechnologies.utils.validators.abaroutevalidator.Test_AbaRouteValidator_13a" time="0.023"/>
  <testcase name="testAbaNumberCheck_26250_bad" classname="com.cardatechnologies.utils.validators.abaroutevalidator.Test_AbaRouteValidator_13a" time="0.023"/>
  <testcase name="testAbaNumberCheck_26069_good" classname="com.cardatechnologies.utils.validators.abaroutevalidator.Test_AbaRouteValidator_13a" time="0.018"/>
  <testcase name="testAbaNumberCheck_27064_bad" classname="com.cardatechnologies.utils.validators.abaroutevalidator.Test_AbaRouteValidator_13a" time="0.018"/>
  <testcase name="testAbaNumberCheck_25129_good" classname="com.cardatechnologies.utils.validators.abaroutevalidator.Test_AbaRouteValidator_13a" time="0.017"/>
  <testcase name="testAbaNumberCheck_26702_bad" classname="com.cardatechnologies.utils.validators.abaroutevalidator.Test_AbaRouteValidator_13a" time="0.018"/>
  <testcase name="testAbaNumberCheck_26252_bad" classname="com.cardatechnologies.utils.validators.abaroutevalidator.Test_AbaRouteValidator_13a" time="0.017"/>
  <testcase name="testAbaNumberCheck_27066_bad" classname="com.cardatechnologies.utils.validators.abaroutevalidator.Test_AbaRouteValidator_13a" time="0.018"/>
  <testcase name="testAbaNumberCheck_26727_good" classname="com.cardatechnologies.utils.validators.abaroutevalidator.Test_AbaRouteValidator_13a" time="0.018"/>
  <testcase name="testAbaNumberCheck_26704_bad" classname="com.cardatechnologies.utils.validators.abaroutevalidator.Test_AbaRouteValidator_13a" time="0.018"/>
  <testcase name="testAbaNumberCheck_25093_good" classname="com.cardatechnologies.utils.validators.abaroutevalidator.Test_AbaRouteValidator_13a" time="0.018"/>
  <testcase name="testAbaNumberCheck_25440_bad" classname="com.cardatechnologies.utils.validators.abaroutevalidator.Test_AbaRouteValidator_13a" time="0.018"/>
  <testcase name="testAbaNumberCheck_26254_bad" classname="com.cardatechnologies.utils.validators.abaroutevalidator.Test_AbaRouteValidator_13a" time="0.018"/>
  <testcase name="testAbaNumberCheck_27068_bad" classname="com.cardatechnologies.utils.validators.abaroutevalidator.Test_AbaRouteValidator_13a" time="0.018"/>
  <testcase name="testAbaNumberCheck_26706_bad" classname="com.cardatechnologies.utils.validators.abaroutevalidator.Test_AbaRouteValidator_13a" time="0.018"/>
  <testcase name="testAbaNumberCheck_25442_bad" classname="com.cardatechnologies.utils.validators.abaroutevalidator.Test_AbaRouteValidator_13a" time="0.018"/>
  <testcase name="testAbaNumberCheck_26691_good" classname="com.cardatechnologies.utils.validators.abaroutevalidator.Test_AbaRouteValidator_13a" time="0.019"/>
  <testcase name="testAbaNumberCheck_26256_bad" classname="com.cardatechnologies.utils.validators.abaroutevalidator.Test_AbaRouteValidator_13a" time="0.018"/>
  <testcase name="testAbaNumberCheck_25751_good" classname="com.cardatechnologies.utils.validators.abaroutevalidator.Test_AbaRouteValidator_13a" time="0.018"/>
  <testcase name="testAbaNumberCheck_26708_bad" classname="com.cardatechnologies.utils.validators.abaroutevalidator.Test_AbaRouteValidator_13a" time="0.018"/>
  <testcase name="testAbaNumberCheck_25444_bad" classname="com.cardatechnologies.utils.validators.abaroutevalidator.Test_AbaRouteValidator_13a" time="0.017"/>
  <testcase name="testAbaNumberCheck_26258_bad" classname="com.cardatechnologies.utils.validators.abaroutevalidator.Test_AbaRouteValidator_13a" time="0.023"/>
  <testcase name="testAbaNumberCheck_25446_bad" classname="com.cardatechnologies.utils.validators.abaroutevalidator.Test_AbaRouteValidator_13a" time="0.034"/>
  <testcase name="testAbaNumberCheck_26565_good" classname="com.cardatechnologies.utils.validators.abaroutevalidator.Test_AbaRouteValidator_13a" time="0.018"/>
  <testcase name="testAbaNumberCheck_25625_good" classname="com.cardatechnologies.utils.validators.abaroutevalidator.Test_AbaRouteValidator_13a" time="0.017"/>
  <testcase name="testAbaNumberCheck_25448_bad" classname="com.cardatechnologies.utils.validators.abaroutevalidator.Test_AbaRouteValidator_13a" time="0.018"/>
  <testcase name="testAbaNumberCheck_26439_good" classname="com.cardatechnologies.utils.validators.abaroutevalidator.Test_AbaRouteValidator_13a" time="0.018"/>
  <testcase name="testAbaNumberCheck_25463_good" classname="com.cardatechnologies.utils.validators.abaroutevalidator.Test_AbaRouteValidator_13a" time="0.017"/>
  <testcase name="testAbaNumberCheck_26277_good" classname="com.cardatechnologies.utils.validators.abaroutevalidator.Test_AbaRouteValidator_13a" time="0.034"/>
  <testcase name="testAbaNumberCheck_25337_good" classname="com.cardatechnologies.utils.validators.abaroutevalidator.Test_AbaRouteValidator_13a" time="0.018"/>
  <testcase name="testAbaNumberCheck_26935_good" classname="com.cardatechnologies.utils.validators.abaroutevalidator.Test_AbaRouteValidator_13a" time="0.017"/>
  <testcase name="testAbaNumberCheck_27070_bad" classname="com.cardatechnologies.utils.validators.abaroutevalidator.Test_AbaRouteValidator_13a" time="0.018"/>
  <testcase name="testAbaNumberCheck_27072_bad" classname="com.cardatechnologies.utils.validators.abaroutevalidator.Test_AbaRouteValidator_13a" time="0.018"/>
  <testcase name="testAbaNumberCheck_26809_good" classname="com.cardatechnologies.utils.validators.abaroutevalidator.Test_AbaRouteValidator_13a" time="0.018"/>
  <testcase name="testAbaNumberCheck_26710_bad" classname="com.cardatechnologies.utils.validators.abaroutevalidator.Test_AbaRouteValidator_13a" time="0.018"/>
  <testcase name="testAbaNumberCheck_25175_good" classname="com.cardatechnologies.utils.validators.abaroutevalidator.Test_AbaRouteValidator_13a" time="0.018"/>
  <testcase name="testAbaNumberCheck_26260_bad" classname="com.cardatechnologies.utils.validators.abaroutevalidator.Test_AbaRouteValidator_13a" time="0.024"/>
  <testcase name="testAbaNumberCheck_27074_bad" classname="com.cardatechnologies.utils.validators.abaroutevalidator.Test_AbaRouteValidator_13a" time="0.021"/>
  <testcase name="testAbaNumberCheck_26712_bad" classname="com.cardatechnologies.utils.validators.abaroutevalidator.Test_AbaRouteValidator_13a" time="0.021"/>
  <testcase name="testAbaNumberCheck_26262_bad" classname="com.cardatechnologies.utils.validators.abaroutevalidator.Test_AbaRouteValidator_13a" time="0.02"/>
  <testcase name="testAbaNumberCheck_26773_good" classname="com.cardatechnologies.utils.validators.abaroutevalidator.Test_AbaRouteValidator_13a" time="0.02"/>
  <testcase name="testAbaNumberCheck_27076_bad" classname="com.cardatechnologies.utils.validators.abaroutevalidator.Test_AbaRouteValidator_13a" time="0.019"/>
  <testcase name="testAbaNumberCheck_25833_good" classname="com.cardatechnologies.utils.validators.abaroutevalidator.Test_AbaRouteValidator_13a" time="0.018"/>
  <testcase name="testAbaNumberCheck_25900_bad" classname="com.cardatechnologies.utils.validators.abaroutevalidator.Test_AbaRouteValidator_13a" time="0.02"/>
  <testcase name="testAbaNumberCheck_26714_bad" classname="com.cardatechnologies.utils.validators.abaroutevalidator.Test_AbaRouteValidator_13a" time="0.019"/>
  <testcase name="testAbaNumberCheck_25450_bad" classname="com.cardatechnologies.utils.validators.abaroutevalidator.Test_AbaRouteValidator_13a" time="0.02"/>
  <testcase name="testAbaNumberCheck_26264_bad" classname="com.cardatechnologies.utils.validators.abaroutevalidator.Test_AbaRouteValidator_13a" time="0.018"/>
  <testcase name="testAbaNumberCheck_27078_bad" classname="com.cardatechnologies.utils.validators.abaroutevalidator.Test_AbaRouteValidator_13a" time="0.019"/>
  <testcase name="testAbaNumberCheck_25049_good" classname="com.cardatechnologies.utils.validators.abaroutevalidator.Test_AbaRouteValidator_13a" time="0.024"/>
  <testcase name="testAbaNumberCheck_25902_bad" classname="com.cardatechnologies.utils.validators.abaroutevalidator.Test_AbaRouteValidator_13a" time="0.021"/>
  <testcase name="testAbaNumberCheck_26716_bad" classname="com.cardatechnologies.utils.validators.abaroutevalidator.Test_AbaRouteValidator_13a" time="0.019"/>
  <testcase name="testAbaNumberCheck_25452_bad" classname="com.cardatechnologies.utils.validators.abaroutevalidator.Test_AbaRouteValidator_13a" time="0.019"/>
  <testcase name="testAbaNumberCheck_26266_bad" classname="com.cardatechnologies.utils.validators.abaroutevalidator.Test_AbaRouteValidator_13a" time="0.019"/>
  <testcase name="testAbaNumberCheck_26647_good" classname="com.cardatechnologies.utils.validators.abaroutevalidator.Test_AbaRouteValidator_13a" time="0.022"/>
  <testcase name="testAbaNumberCheck_25707_good" classname="com.cardatechnologies.utils.validators.abaroutevalidator.Test_AbaRouteValidator_13a" time="0.03"/>
  <testcase name="testAbaNumberCheck_25904_bad" classname="com.cardatechnologies.utils.validators.abaroutevalidator.Test_AbaRouteValidator_13a" time="0.021"/>
  <testcase name="testAbaNumberCheck_26718_bad" classname="com.cardatechnologies.utils.validators.abaroutevalidator.Test_AbaRouteValidator_13a" time="0.021"/>
  <testcase name="testAbaNumberCheck_25454_bad" classname="com.cardatechnologies.utils.validators.abaroutevalidator.Test_AbaRouteValidator_13a" time="0.02"/>
  <testcase name="testAbaNumberCheck_26268_bad" classname="com.cardatechnologies.utils.validators.abaroutevalidator.Test_AbaRouteValidator_13a" time="0.02"/>
  <testcase name="testAbaNumberCheck_25906_bad" classname="com.cardatechnologies.utils.validators.abaroutevalidator.Test_AbaRouteValidator_13a" time="0.021"/>
  <testcase name="testAbaNumberCheck_25456_bad" classname="com.cardatechnologies.utils.validators.abaroutevalidator.Test_AbaRouteValidator_13a" time="0.02"/>
  <testcase name="testAbaNumberCheck_25671_good" classname="com.cardatechnologies.utils.validators.abaroutevalidator.Test_AbaRouteValidator_13a" time="0.018"/>
  <testcase name="testAbaNumberCheck_25908_bad" classname="com.cardatechnologies.utils.validators.abaroutevalidator.Test_AbaRouteValidator_13a" time="0.018"/>
  <testcase name="testAbaNumberCheck_25458_bad" classname="com.cardatechnologies.utils.validators.abaroutevalidator.Test_AbaRouteValidator_13a" time="0.018"/>
  <testcase name="testAbaNumberCheck_26485_good" classname="com.cardatechnologies.utils.validators.abaroutevalidator.Test_AbaRouteValidator_13a" time="0.018"/>
  <testcase name="testAbaNumberCheck_25545_good" classname="com.cardatechnologies.utils.validators.abaroutevalidator.Test_AbaRouteValidator_13a" time="0.018"/>
  <testcase name="testAbaNumberCheck_26359_good" classname="com.cardatechnologies.utils.validators.abaroutevalidator.Test_AbaRouteValidator_13a" time="0.017"/>
  <testcase name="testAbaNumberCheck_25419_good" classname="com.cardatechnologies.utils.validators.abaroutevalidator.Test_AbaRouteValidator_13a" time="0.018"/>
  <testcase name="testAbaNumberCheck_25383_good" classname="com.cardatechnologies.utils.validators.abaroutevalidator.Test_AbaRouteValidator_13a" time="0.017"/>
  <testcase name="testAbaNumberCheck_26981_good" classname="com.cardatechnologies.utils.validators.abaroutevalidator.Test_AbaRouteValidator_13a" time="0.019"/>
  <testcase name="testAbaNumberCheck_26197_good" classname="com.cardatechnologies.utils.validators.abaroutevalidator.Test_AbaRouteValidator_13a" time="0.017"/>
  <testcase name="testAbaNumberCheck_25257_good" classname="com.cardatechnologies.utils.validators.abaroutevalidator.Test_AbaRouteValidator_13a" time="0.02"/>
  <testcase name="testAbaNumberCheck_27080_bad" classname="com.cardatechnologies.utils.validators.abaroutevalidator.Test_AbaRouteValidator_13a" time="0.017"/>
  <testcase name="testAbaNumberCheck_27082_bad" classname="com.cardatechnologies.utils.validators.abaroutevalidator.Test_AbaRouteValidator_13a" time="0.018"/>
  <testcase name="testAbaNumberCheck_26855_good" classname="com.cardatechnologies.utils.validators.abaroutevalidator.Test_AbaRouteValidator_13a" time="0.018"/>
  <testcase name="testAbaNumberCheck_25915_good" classname="com.cardatechnologies.utils.validators.abaroutevalidator.Test_AbaRouteValidator_13a" time="0.025"/>
  <testcase name="testAbaNumberCheck_26720_bad" classname="com.cardatechnologies.utils.validators.abaroutevalidator.Test_AbaRouteValidator_13a" time="0.018"/>
  <testcase name="testAbaNumberCheck_26270_bad" classname="com.cardatechnologies.utils.validators.abaroutevalidator.Test_AbaRouteValidator_13a" time="0.018"/>
  <testcase name="testAbaNumberCheck_27084_bad" classname="com.cardatechnologies.utils.validators.abaroutevalidator.Test_AbaRouteValidator_13a" time="0.019"/>
  <testcase name="testAbaNumberCheck_26722_bad" classname="com.cardatechnologies.utils.validators.abaroutevalidator.Test_AbaRouteValidator_13a" time="0.018"/>
  <testcase name="testAbaNumberCheck_26272_bad" classname="com.cardatechnologies.utils.validators.abaroutevalidator.Test_AbaRouteValidator_13a" time="0.018"/>
  <testcase name="testAbaNumberCheck_27086_bad" classname="com.cardatechnologies.utils.validators.abaroutevalidator.Test_AbaRouteValidator_13a" time="0.026"/>
  <testcase name="testAbaNumberCheck_26729_good" classname="com.cardatechnologies.utils.validators.abaroutevalidator.Test_AbaRouteValidator_13a" time="0.021"/>
  <testcase name="testAbaNumberCheck_25910_bad" classname="com.cardatechnologies.utils.validators.abaroutevalidator.Test_AbaRouteValidator_13a" time="0.019"/>
  <testcase name="testAbaNumberCheck_26724_bad" classname="com.cardatechnologies.utils.validators.abaroutevalidator.Test_AbaRouteValidator_13a" time="0.018"/>
  <testcase name="testAbaNumberCheck_25095_good" classname="com.cardatechnologies.utils.validators.abaroutevalidator.Test_AbaRouteValidator_13a" time="0.019"/>
  <testcase name="testAbaNumberCheck_25460_bad" classname="com.cardatechnologies.utils.validators.abaroutevalidator.Test_AbaRouteValidator_13a" time="0.018"/>
  <testcase name="testAbaNumberCheck_26274_bad" classname="com.cardatechnologies.utils.validators.abaroutevalidator.Test_AbaRouteValidator_13a" time="0.017"/>
  <testcase name="testAbaNumberCheck_27088_bad" classname="com.cardatechnologies.utils.validators.abaroutevalidator.Test_AbaRouteValidator_13a" time="0.019"/>
  <testcase name="testAbaNumberCheck_25912_bad" classname="com.cardatechnologies.utils.validators.abaroutevalidator.Test_AbaRouteValidator_13a" time="0.018"/>
  <testcase name="testAbaNumberCheck_26726_bad" classname="com.cardatechnologies.utils.validators.abaroutevalidator.Test_AbaRouteValidator_13a" time="0.018"/>
  <testcase name="testAbaNumberCheck_25462_bad" classname="com.cardatechnologies.utils.validators.abaroutevalidator.Test_AbaRouteValidator_13a" time="0.019"/>
  <testcase name="testAbaNumberCheck_26693_good" classname="com.cardatechnologies.utils.validators.abaroutevalidator.Test_AbaRouteValidator_13a" time="0.018"/>
  <testcase name="testAbaNumberCheck_26276_bad" classname="com.cardatechnologies.utils.validators.abaroutevalidator.Test_AbaRouteValidator_13a" time="0.019"/>
  <testcase name="testAbaNumberCheck_25753_good" classname="com.cardatechnologies.utils.validators.abaroutevalidator.Test_AbaRouteValidator_13a" time="0.019"/>
  <testcase name="testAbaNumberCheck_25914_bad" classname="com.cardatechnologies.utils.validators.abaroutevalidator.Test_AbaRouteValidator_13a" time="0.018"/>
  <testcase name="testAbaNumberCheck_26728_bad" classname="com.cardatechnologies.utils.validators.abaroutevalidator.Test_AbaRouteValidator_13a" time="0.022"/>
  <testcase name="testAbaNumberCheck_25464_bad" classname="com.cardatechnologies.utils.validators.abaroutevalidator.Test_AbaRouteValidator_13a" time="0.018"/>
  <testcase name="testAbaNumberCheck_26278_bad" classname="com.cardatechnologies.utils.validators.abaroutevalidator.Test_AbaRouteValidator_13a" time="0.044"/>
  <testcase name="testAbaNumberCheck_25916_bad" classname="com.cardatechnologies.utils.validators.abaroutevalidator.Test_AbaRouteValidator_13a" time="0.019"/>
  <testcase name="testAbaNumberCheck_25466_bad" classname="com.cardatechnologies.utils.validators.abaroutevalidator.Test_AbaRouteValidator_13a" time="0.021"/>
  <testcase name="testAbaNumberCheck_26567_good" classname="com.cardatechnologies.utils.validators.abaroutevalidator.Test_AbaRouteValidator_13a" time="0.022"/>
  <testcase name="testAbaNumberCheck_25627_good" classname="com.cardatechnologies.utils.validators.abaroutevalidator.Test_AbaRouteValidator_13a" time="0.018"/>
  <testcase name="testAbaNumberCheck_25918_bad" classname="com.cardatechnologies.utils.validators.abaroutevalidator.Test_AbaRouteValidator_13a" time="0.018"/>
  <testcase name="testAbaNumberCheck_25468_bad" classname="com.cardatechnologies.utils.validators.abaroutevalidator.Test_AbaRouteValidator_13a" time="0.018"/>
  <testcase name="testAbaNumberCheck_25591_good" classname="com.cardatechnologies.utils.validators.abaroutevalidator.Test_AbaRouteValidator_13a" time="0.018"/>
  <testcase name="testAbaNumberCheck_25465_good" classname="com.cardatechnologies.utils.validators.abaroutevalidator.Test_AbaRouteValidator_13a" time="0.018"/>
  <testcase name="testAbaNumberCheck_26279_good" classname="com.cardatechnologies.utils.validators.abaroutevalidator.Test_AbaRouteValidator_13a" time="0.025"/>
  <testcase name="testAbaNumberCheck_25339_good" classname="com.cardatechnologies.utils.validators.abaroutevalidator.Test_AbaRouteValidator_13a" time="0.021"/>
  <testcase name="testAbaNumberCheck_26937_good" classname="com.cardatechnologies.utils.validators.abaroutevalidator.Test_AbaRouteValidator_13a" time="0.017"/>
  <testcase name="testAbaNumberCheck_27090_bad" classname="com.cardatechnologies.utils.validators.abaroutevalidator.Test_AbaRouteValidator_13a" time="0.019"/>
  <testcase name="testAbaNumberCheck_25961_good" classname="com.cardatechnologies.utils.validators.abaroutevalidator.Test_AbaRouteValidator_13a" time="0.018"/>
  <testcase name="testAbaNumberCheck_27092_bad" classname="com.cardatechnologies.utils.validators.abaroutevalidator.Test_AbaRouteValidator_13a" time="0.018"/>
  <testcase name="testAbaNumberCheck_26730_bad" classname="com.cardatechnologies.utils.validators.abaroutevalidator.Test_AbaRouteValidator_13a" time="0.018"/>
  <testcase name="testAbaNumberCheck_25177_good" classname="com.cardatechnologies.utils.validators.abaroutevalidator.Test_AbaRouteValidator_13a" time="0.017"/>
  <testcase name="testAbaNumberCheck_26280_bad" classname="com.cardatechnologies.utils.validators.abaroutevalidator.Test_AbaRouteValidator_13a" time="0.017"/>
  <testcase name="testAbaNumberCheck_27094_bad" classname="com.cardatechnologies.utils.validators.abaroutevalidator.Test_AbaRouteValidator_13a" time="0.018"/>
  <testcase name="testAbaNumberCheck_26732_bad" classname="com.cardatechnologies.utils.validators.abaroutevalidator.Test_AbaRouteValidator_13a" time="0.019"/>
  <testcase name="testAbaNumberCheck_26282_bad" classname="com.cardatechnologies.utils.validators.abaroutevalidator.Test_AbaRouteValidator_13a" time="0.019"/>
  <testcase name="testAbaNumberCheck_26775_good" classname="com.cardatechnologies.utils.validators.abaroutevalidator.Test_AbaRouteValidator_13a" time="0.018"/>
  <testcase name="testAbaNumberCheck_27096_bad" classname="com.cardatechnologies.utils.validators.abaroutevalidator.Test_AbaRouteValidator_13a" time="0.019"/>
  <testcase name="testAbaNumberCheck_25835_good" classname="com.cardatechnologies.utils.validators.abaroutevalidator.Test_AbaRouteValidator_13a" time="0.017"/>
  <testcase name="testAbaNumberCheck_25920_bad" classname="com.cardatechnologies.utils.validators.abaroutevalidator.Test_AbaRouteValidator_13a" time="0.019"/>
  <testcase name="testAbaNumberCheck_26734_bad" classname="com.cardatechnologies.utils.validators.abaroutevalidator.Test_AbaRouteValidator_13a" time="0.018"/>
  <testcase name="testAbaNumberCheck_25470_bad" classname="com.cardatechnologies.utils.validators.abaroutevalidator.Test_AbaRouteValidator_13a" time="0.019"/>
  <testcase name="testAbaNumberCheck_26284_bad" classname="com.cardatechnologies.utils.validators.abaroutevalidator.Test_AbaRouteValidator_13a" time="0.019"/>
  <testcase name="testAbaNumberCheck_27098_bad" classname="com.cardatechnologies.utils.validators.abaroutevalidator.Test_AbaRouteValidator_13a" time="0.018"/>
  <testcase name="testAbaNumberCheck_25922_bad" classname="com.cardatechnologies.utils.validators.abaroutevalidator.Test_AbaRouteValidator_13a" time="0.018"/>
  <testcase name="testAbaNumberCheck_26736_bad" classname="com.cardatechnologies.utils.validators.abaroutevalidator.Test_AbaRouteValidator_13a" time="0.023"/>
  <testcase name="testAbaNumberCheck_25472_bad" classname="com.cardatechnologies.utils.validators.abaroutevalidator.Test_AbaRouteValidator_13a" time="0.02"/>
  <testcase name="testAbaNumberCheck_26286_bad" classname="com.cardatechnologies.utils.validators.abaroutevalidator.Test_AbaRouteValidator_13a" time="0.017"/>
  <testcase name="testAbaNumberCheck_26649_good" classname="com.cardatechnologies.utils.validators.abaroutevalidator.Test_AbaRouteValidator_13a" time="0.018"/>
  <testcase name="testAbaNumberCheck_25709_good" classname="com.cardatechnologies.utils.validators.abaroutevalidator.Test_AbaRouteValidator_13a" time="0.018"/>
  <testcase name="testAbaNumberCheck_25924_bad" classname="com.cardatechnologies.utils.validators.abaroutevalidator.Test_AbaRouteValidator_13a" time="0.018"/>
  <testcase name="testAbaNumberCheck_26738_bad" classname="com.cardatechnologies.utils.validators.abaroutevalidator.Test_AbaRouteValidator_13a" time="0.018"/>
  <testcase name="testAbaNumberCheck_25474_bad" classname="com.cardatechnologies.utils.validators.abaroutevalidator.Test_AbaRouteValidator_13a" time="0.025"/>
  <testcase name="testAbaNumberCheck_26288_bad" classname="com.cardatechnologies.utils.validators.abaroutevalidator.Test_AbaRouteValidator_13a" time="0.021"/>
  <testcase name="testAbaNumberCheck_25926_bad" classname="com.cardatechnologies.utils.validators.abaroutevalidator.Test_AbaRouteValidator_13a" time="0.017"/>
  <testcase name="testAbaNumberCheck_25476_bad" classname="com.cardatechnologies.utils.validators.abaroutevalidator.Test_AbaRouteValidator_13a" time="0.018"/>
  <testcase name="testAbaNumberCheck_25673_good" classname="com.cardatechnologies.utils.validators.abaroutevalidator.Test_AbaRouteValidator_13a" time="0.019"/>
  <testcase name="testAbaNumberCheck_25928_bad" classname="com.cardatechnologies.utils.validators.abaroutevalidator.Test_AbaRouteValidator_13a" time="0.018"/>
  <testcase name="testAbaNumberCheck_25478_bad" classname="com.cardatechnologies.utils.validators.abaroutevalidator.Test_AbaRouteValidator_13a" time="0.018"/>
  <testcase name="testAbaNumberCheck_26487_good" classname="com.cardatechnologies.utils.validators.abaroutevalidator.Test_AbaRouteValidator_13a" time="0.018"/>
  <testcase name="testAbaNumberCheck_25547_good" classname="com.cardatechnologies.utils.validators.abaroutevalidator.Test_AbaRouteValidator_13a" time="0.018"/>
  <testcase name="testAbaNumberCheck_25385_good" classname="com.cardatechnologies.utils.validators.abaroutevalidator.Test_AbaRouteValidator_13a" time="0.017"/>
  <testcase name="testAbaNumberCheck_26983_good" classname="com.cardatechnologies.utils.validators.abaroutevalidator.Test_AbaRouteValidator_13a" time="0.019"/>
  <testcase name="testAbaNumberCheck_26199_good" classname="com.cardatechnologies.utils.validators.abaroutevalidator.Test_AbaRouteValidator_13a" time="0.017"/>
  <testcase name="testAbaNumberCheck_25259_good" classname="com.cardatechnologies.utils.validators.abaroutevalidator.Test_AbaRouteValidator_13a" time="0.019"/>
  <testcase name="testAbaNumberCheck_26857_good" classname="com.cardatechnologies.utils.validators.abaroutevalidator.Test_AbaRouteValidator_13a" time="0.017"/>
  <testcase name="testAbaNumberCheck_25917_good" classname="com.cardatechnologies.utils.validators.abaroutevalidator.Test_AbaRouteValidator_13a" time="0.018"/>
  <testcase name="testAbaNumberCheck_26740_bad" classname="com.cardatechnologies.utils.validators.abaroutevalidator.Test_AbaRouteValidator_13a" time="0.018"/>
  <testcase name="testAbaNumberCheck_26290_bad" classname="com.cardatechnologies.utils.validators.abaroutevalidator.Test_AbaRouteValidator_13a" time="0.018"/>
  <testcase name="testAbaNumberCheck_26742_bad" classname="com.cardatechnologies.utils.validators.abaroutevalidator.Test_AbaRouteValidator_13a" time="0.017"/>
  <testcase name="testAbaNumberCheck_25881_good" classname="com.cardatechnologies.utils.validators.abaroutevalidator.Test_AbaRouteValidator_13a" time="0.018"/>
  <testcase name="testAbaNumberCheck_26292_bad" classname="com.cardatechnologies.utils.validators.abaroutevalidator.Test_AbaRouteValidator_13a" time="0.018"/>
  <testcase name="testAbaNumberCheck_25930_bad" classname="com.cardatechnologies.utils.validators.abaroutevalidator.Test_AbaRouteValidator_13a" time="0.017"/>
  <testcase name="testAbaNumberCheck_26744_bad" classname="com.cardatechnologies.utils.validators.abaroutevalidator.Test_AbaRouteValidator_13a" time="0.022"/>
  <testcase name="testAbaNumberCheck_25097_good" classname="com.cardatechnologies.utils.validators.abaroutevalidator.Test_AbaRouteValidator_13a" time="0.021"/>
  <testcase name="testAbaNumberCheck_25480_bad" classname="com.cardatechnologies.utils.validators.abaroutevalidator.Test_AbaRouteValidator_13a" time="0.018"/>
  <testcase name="testAbaNumberCheck_26294_bad" classname="com.cardatechnologies.utils.validators.abaroutevalidator.Test_AbaRouteValidator_13a" time="0.018"/>
  <testcase name="testAbaNumberCheck_25932_bad" classname="com.cardatechnologies.utils.validators.abaroutevalidator.Test_AbaRouteValidator_13a" time="0.018"/>
  <testcase name="testAbaNumberCheck_26746_bad" classname="com.cardatechnologies.utils.validators.abaroutevalidator.Test_AbaRouteValidator_13a" time="0.017"/>
  <testcase name="testAbaNumberCheck_25482_bad" classname="com.cardatechnologies.utils.validators.abaroutevalidator.Test_AbaRouteValidator_13a" time="0.022"/>
  <testcase name="testAbaNumberCheck_26695_good" classname="com.cardatechnologies.utils.validators.abaroutevalidator.Test_AbaRouteValidator_13a" time="0.025"/>
  <testcase name="testAbaNumberCheck_26296_bad" classname="com.cardatechnologies.utils.validators.abaroutevalidator.Test_AbaRouteValidator_13a" time="0.023"/>
  <testcase name="testAbaNumberCheck_25755_good" classname="com.cardatechnologies.utils.validators.abaroutevalidator.Test_AbaRouteValidator_13a" time="0.017"/>
  <testcase name="testAbaNumberCheck_25934_bad" classname="com.cardatechnologies.utils.validators.abaroutevalidator.Test_AbaRouteValidator_13a" time="0.019"/>
  <testcase name="testAbaNumberCheck_26748_bad" classname="com.cardatechnologies.utils.validators.abaroutevalidator.Test_AbaRouteValidator_13a" time="0.017"/>
  <testcase name="testAbaNumberCheck_25484_bad" classname="com.cardatechnologies.utils.validators.abaroutevalidator.Test_AbaRouteValidator_13a" time="0.019"/>
  <testcase name="testAbaNumberCheck_26298_bad" classname="com.cardatechnologies.utils.validators.abaroutevalidator.Test_AbaRouteValidator_13a" time="0.018"/>
  <testcase name="testAbaNumberCheck_25936_bad" classname="com.cardatechnologies.utils.validators.abaroutevalidator.Test_AbaRouteValidator_13a" time="0.017"/>
  <testcase name="testAbaNumberCheck_25486_bad" classname="com.cardatechnologies.utils.validators.abaroutevalidator.Test_AbaRouteValidator_13a" time="0.018"/>
  <testcase name="testAbaNumberCheck_26569_good" classname="com.cardatechnologies.utils.validators.abaroutevalidator.Test_AbaRouteValidator_13a" time="0.018"/>
  <testcase name="testAbaNumberCheck_25629_good" classname="com.cardatechnologies.utils.validators.abaroutevalidator.Test_AbaRouteValidator_13a" time="0.018"/>
  <testcase name="testAbaNumberCheck_25938_bad" classname="com.cardatechnologies.utils.validators.abaroutevalidator.Test_AbaRouteValidator_13a" time="0.018"/>
  <testcase name="testAbaNumberCheck_25488_bad" classname="com.cardatechnologies.utils.validators.abaroutevalidator.Test_AbaRouteValidator_13a" time="0.018"/>
  <testcase name="testAbaNumberCheck_25593_good" classname="com.cardatechnologies.utils.validators.abaroutevalidator.Test_AbaRouteValidator_13a" time="0.018"/>
  <testcase name="testAbaNumberCheck_25467_good" classname="com.cardatechnologies.utils.validators.abaroutevalidator.Test_AbaRouteValidator_13a" time="0.018"/>
  <testcase name="testAbaNumberCheck_26939_good" classname="com.cardatechnologies.utils.validators.abaroutevalidator.Test_AbaRouteValidator_13a" time="0.018"/>
  <testcase name="testAbaNumberCheck_25963_good" classname="com.cardatechnologies.utils.validators.abaroutevalidator.Test_AbaRouteValidator_13a" time="0.017"/>
  <testcase name="testAbaNumberCheck_26750_bad" classname="com.cardatechnologies.utils.validators.abaroutevalidator.Test_AbaRouteValidator_13a" time="0.018"/>
  <testcase name="testAbaNumberCheck_25179_good" classname="com.cardatechnologies.utils.validators.abaroutevalidator.Test_AbaRouteValidator_13a" time="0.018"/>
  <testcase name="testAbaNumberCheck_26752_bad" classname="com.cardatechnologies.utils.validators.abaroutevalidator.Test_AbaRouteValidator_13a" time="0.017"/>
  <testcase name="testAbaNumberCheck_26777_good" classname="com.cardatechnologies.utils.validators.abaroutevalidator.Test_AbaRouteValidator_13a" time="0.018"/>
  <testcase name="testAbaNumberCheck_25837_good" classname="com.cardatechnologies.utils.validators.abaroutevalidator.Test_AbaRouteValidator_13a" time="0.022"/>
  <testcase name="testAbaNumberCheck_25940_bad" classname="com.cardatechnologies.utils.validators.abaroutevalidator.Test_AbaRouteValidator_13a" time="0.019"/>
  <testcase name="testAbaNumberCheck_26754_bad" classname="com.cardatechnologies.utils.validators.abaroutevalidator.Test_AbaRouteValidator_13a" time="0.018"/>
  <testcase name="testAbaNumberCheck_25490_bad" classname="com.cardatechnologies.utils.validators.abaroutevalidator.Test_AbaRouteValidator_13a" time="0.018"/>
  <testcase name="testAbaNumberCheck_25942_bad" classname="com.cardatechnologies.utils.validators.abaroutevalidator.Test_AbaRouteValidator_13a" time="0.018"/>
  <testcase name="testAbaNumberCheck_26756_bad" classname="com.cardatechnologies.utils.validators.abaroutevalidator.Test_AbaRouteValidator_13a" time="0.017"/>
  <testcase name="testAbaNumberCheck_25492_bad" classname="com.cardatechnologies.utils.validators.abaroutevalidator.Test_AbaRouteValidator_13a" time="0.017"/>
  <testcase name="testAbaNumberCheck_25944_bad" classname="com.cardatechnologies.utils.validators.abaroutevalidator.Test_AbaRouteValidator_13a" time="0.021"/>
  <testcase name="testAbaNumberCheck_26758_bad" classname="com.cardatechnologies.utils.validators.abaroutevalidator.Test_AbaRouteValidator_13a" time="0.024"/>
  <testcase name="testAbaNumberCheck_25494_bad" classname="com.cardatechnologies.utils.validators.abaroutevalidator.Test_AbaRouteValidator_13a" time="0.018"/>
  <testcase name="testAbaNumberCheck_25946_bad" classname="com.cardatechnologies.utils.validators.abaroutevalidator.Test_AbaRouteValidator_13a" time="0.017"/>
  <testcase name="testAbaNumberCheck_25496_bad" classname="com.cardatechnologies.utils.validators.abaroutevalidator.Test_AbaRouteValidator_13a" time="0.018"/>
  <testcase name="testAbaNumberCheck_25675_good" classname="com.cardatechnologies.utils.validators.abaroutevalidator.Test_AbaRouteValidator_13a" time="0.018"/>
  <testcase name="testAbaNumberCheck_25948_bad" classname="com.cardatechnologies.utils.validators.abaroutevalidator.Test_AbaRouteValidator_13a" time="0.018"/>
  <testcase name="testAbaNumberCheck_25498_bad" classname="com.cardatechnologies.utils.validators.abaroutevalidator.Test_AbaRouteValidator_13a" time="0.017"/>
  <testcase name="testAbaNumberCheck_26489_good" classname="com.cardatechnologies.utils.validators.abaroutevalidator.Test_AbaRouteValidator_13a" time="0.018"/>
  <testcase name="testAbaNumberCheck_25549_good" classname="com.cardatechnologies.utils.validators.abaroutevalidator.Test_AbaRouteValidator_13a" time="0.018"/>
  <testcase name="testAbaNumberCheck_25387_good" classname="com.cardatechnologies.utils.validators.abaroutevalidator.Test_AbaRouteValidator_13a" time="0.019"/>
  <testcase name="testAbaNumberCheck_26985_good" classname="com.cardatechnologies.utils.validators.abaroutevalidator.Test_AbaRouteValidator_13a" time="0.018"/>
  <testcase name="testAbaNumberCheck_26859_good" classname="com.cardatechnologies.utils.validators.abaroutevalidator.Test_AbaRouteValidator_13a" time="0.018"/>
  <testcase name="testAbaNumberCheck_25919_good" classname="com.cardatechnologies.utils.validators.abaroutevalidator.Test_AbaRouteValidator_13a" time="0.017"/>
  <testcase name="testAbaNumberCheck_26760_bad" classname="com.cardatechnologies.utils.validators.abaroutevalidator.Test_AbaRouteValidator_13a" time="0.019"/>
  <testcase name="testAbaNumberCheck_26762_bad" classname="com.cardatechnologies.utils.validators.abaroutevalidator.Test_AbaRouteValidator_13a" time="0.018"/>
  <testcase name="testAbaNumberCheck_25883_good" classname="com.cardatechnologies.utils.validators.abaroutevalidator.Test_AbaRouteValidator_13a" time="0.017"/>
  <testcase name="testAbaNumberCheck_25950_bad" classname="com.cardatechnologies.utils.validators.abaroutevalidator.Test_AbaRouteValidator_13a" time="0.019"/>
  <testcase name="testAbaNumberCheck_26764_bad" classname="com.cardatechnologies.utils.validators.abaroutevalidator.Test_AbaRouteValidator_13a" time="0.019"/>
  <testcase name="testAbaNumberCheck_25099_good" classname="com.cardatechnologies.utils.validators.abaroutevalidator.Test_AbaRouteValidator_13a" time="0.019"/>
  <testcase name="testAbaNumberCheck_25952_bad" classname="com.cardatechnologies.utils.validators.abaroutevalidator.Test_AbaRouteValidator_13a" time="0.018"/>
  <testcase name="testAbaNumberCheck_26766_bad" classname="com.cardatechnologies.utils.validators.abaroutevalidator.Test_AbaRouteValidator_13a" time="0.022"/>
  <testcase name="testAbaNumberCheck_26697_good" classname="com.cardatechnologies.utils.validators.abaroutevalidator.Test_AbaRouteValidator_13a" time="0.02"/>
  <testcase name="testAbaNumberCheck_25757_good" classname="com.cardatechnologies.utils.validators.abaroutevalidator.Test_AbaRouteValidator_13a" time="0.018"/>
  <testcase name="testAbaNumberCheck_25954_bad" classname="com.cardatechnologies.utils.validators.abaroutevalidator.Test_AbaRouteValidator_13a" time="0.018"/>
  <testcase name="testAbaNumberCheck_26768_bad" classname="com.cardatechnologies.utils.validators.abaroutevalidator.Test_AbaRouteValidator_13a" time="0.018"/>
  <testcase name="testAbaNumberCheck_25956_bad" classname="com.cardatechnologies.utils.validators.abaroutevalidator.Test_AbaRouteValidator_13a" time="0.022"/>
  <testcase name="testAbaNumberCheck_25958_bad" classname="com.cardatechnologies.utils.validators.abaroutevalidator.Test_AbaRouteValidator_13a" time="0.018"/>
  <testcase name="testAbaNumberCheck_25595_good" classname="com.cardatechnologies.utils.validators.abaroutevalidator.Test_AbaRouteValidator_13a" time="0.025"/>
  <testcase name="testAbaNumberCheck_25469_good" classname="com.cardatechnologies.utils.validators.abaroutevalidator.Test_AbaRouteValidator_13a" time="0.02"/>
  <testcase name="testAbaNumberCheck_25965_good" classname="com.cardatechnologies.utils.validators.abaroutevalidator.Test_AbaRouteValidator_13a" time="0.019"/>
  <testcase name="testAbaNumberCheck_26770_bad" classname="com.cardatechnologies.utils.validators.abaroutevalidator.Test_AbaRouteValidator_13a" time="0.019"/>
  <testcase name="testAbaNumberCheck_26772_bad" classname="com.cardatechnologies.utils.validators.abaroutevalidator.Test_AbaRouteValidator_13a" time="0.018"/>
  <testcase name="testAbaNumberCheck_26779_good" classname="com.cardatechnologies.utils.validators.abaroutevalidator.Test_AbaRouteValidator_13a" time="0.018"/>
  <testcase name="testAbaNumberCheck_25839_good" classname="com.cardatechnologies.utils.validators.abaroutevalidator.Test_AbaRouteValidator_13a" time="0.018"/>
  <testcase name="testAbaNumberCheck_25960_bad" classname="com.cardatechnologies.utils.validators.abaroutevalidator.Test_AbaRouteValidator_13a" time="0.018"/>
  <testcase name="testAbaNumberCheck_26774_bad" classname="com.cardatechnologies.utils.validators.abaroutevalidator.Test_AbaRouteValidator_13a" time="0.019"/>
  <testcase name="testAbaNumberCheck_25962_bad" classname="com.cardatechnologies.utils.validators.abaroutevalidator.Test_AbaRouteValidator_13a" time="0.018"/>
  <testcase name="testAbaNumberCheck_26776_bad" classname="com.cardatechnologies.utils.validators.abaroutevalidator.Test_AbaRouteValidator_13a" time="0.017"/>
  <testcase name="testAbaNumberCheck_25964_bad" classname="com.cardatechnologies.utils.validators.abaroutevalidator.Test_AbaRouteValidator_13a" time="0.018"/>
  <testcase name="testAbaNumberCheck_26778_bad" classname="com.cardatechnologies.utils.validators.abaroutevalidator.Test_AbaRouteValidator_13a" time="0.018"/>
  <testcase name="testAbaNumberCheck_25966_bad" classname="com.cardatechnologies.utils.validators.abaroutevalidator.Test_AbaRouteValidator_13a" time="0.018"/>
  <testcase name="testAbaNumberCheck_25677_good" classname="com.cardatechnologies.utils.validators.abaroutevalidator.Test_AbaRouteValidator_13a" time="0.018"/>
  <testcase name="testAbaNumberCheck_25968_bad" classname="com.cardatechnologies.utils.validators.abaroutevalidator.Test_AbaRouteValidator_13a" time="0.018"/>
  <testcase name="testAbaNumberCheck_25389_good" classname="com.cardatechnologies.utils.validators.abaroutevalidator.Test_AbaRouteValidator_13a" time="0.018"/>
  <testcase name="testAbaNumberCheck_26987_good" classname="com.cardatechnologies.utils.validators.abaroutevalidator.Test_AbaRouteValidator_13a" time="0.018"/>
  <testcase name="testAbaNumberCheck_26780_bad" classname="com.cardatechnologies.utils.validators.abaroutevalidator.Test_AbaRouteValidator_13a" time="0.018"/>
  <testcase name="testAbaNumberCheck_26782_bad" classname="com.cardatechnologies.utils.validators.abaroutevalidator.Test_AbaRouteValidator_13a" time="0.018"/>
  <testcase name="testAbaNumberCheck_25885_good" classname="com.cardatechnologies.utils.validators.abaroutevalidator.Test_AbaRouteValidator_13a" time="0.018"/>
  <testcase name="testAbaNumberCheck_25970_bad" classname="com.cardatechnologies.utils.validators.abaroutevalidator.Test_AbaRouteValidator_13a" time="0.026"/>
  <testcase name="testAbaNumberCheck_26784_bad" classname="com.cardatechnologies.utils.validators.abaroutevalidator.Test_AbaRouteValidator_13a" time="0.018"/>
  <testcase name="testAbaNumberCheck_25972_bad" classname="com.cardatechnologies.utils.validators.abaroutevalidator.Test_AbaRouteValidator_13a" time="0.041"/>
  <testcase name="testAbaNumberCheck_26786_bad" classname="com.cardatechnologies.utils.validators.abaroutevalidator.Test_AbaRouteValidator_13a" time="0.017"/>
  <testcase name="testAbaNumberCheck_26699_good" classname="com.cardatechnologies.utils.validators.abaroutevalidator.Test_AbaRouteValidator_13a" time="0.019"/>
  <testcase name="testAbaNumberCheck_25759_good" classname="com.cardatechnologies.utils.validators.abaroutevalidator.Test_AbaRouteValidator_13a" time="0.018"/>
  <testcase name="testAbaNumberCheck_25974_bad" classname="com.cardatechnologies.utils.validators.abaroutevalidator.Test_AbaRouteValidator_13a" time="0.025"/>
  <testcase name="testAbaNumberCheck_26788_bad" classname="com.cardatechnologies.utils.validators.abaroutevalidator.Test_AbaRouteValidator_13a" time="0.018"/>
  <testcase name="testAbaNumberCheck_25976_bad" classname="com.cardatechnologies.utils.validators.abaroutevalidator.Test_AbaRouteValidator_13a" time="0.018"/>
  <testcase name="testAbaNumberCheck_25978_bad" classname="com.cardatechnologies.utils.validators.abaroutevalidator.Test_AbaRouteValidator_13a" time="0.017"/>
  <testcase name="testAbaNumberCheck_25597_good" classname="com.cardatechnologies.utils.validators.abaroutevalidator.Test_AbaRouteValidator_13a" time="0.018"/>
  <testcase name="testAbaNumberCheck_25967_good" classname="com.cardatechnologies.utils.validators.abaroutevalidator.Test_AbaRouteValidator_13a" time="0.017"/>
  <testcase name="testAbaNumberCheck_26790_bad" classname="com.cardatechnologies.utils.validators.abaroutevalidator.Test_AbaRouteValidator_13a" time="0.017"/>
  <testcase name="testAbaNumberCheck_26792_bad" classname="com.cardatechnologies.utils.validators.abaroutevalidator.Test_AbaRouteValidator_13a" time="0.018"/>
  <testcase name="testAbaNumberCheck_25980_bad" classname="com.cardatechnologies.utils.validators.abaroutevalidator.Test_AbaRouteValidator_13a" time="0.018"/>
  <testcase name="testAbaNumberCheck_26794_bad" classname="com.cardatechnologies.utils.validators.abaroutevalidator.Test_AbaRouteValidator_13a" time="0.018"/>
  <testcase name="testAbaNumberCheck_25982_bad" classname="com.cardatechnologies.utils.validators.abaroutevalidator.Test_AbaRouteValidator_13a" time="0.018"/>
  <testcase name="testAbaNumberCheck_26796_bad" classname="com.cardatechnologies.utils.validators.abaroutevalidator.Test_AbaRouteValidator_13a" time="0.018"/>
  <testcase name="testAbaNumberCheck_25984_bad" classname="com.cardatechnologies.utils.validators.abaroutevalidator.Test_AbaRouteValidator_13a" time="0.018"/>
  <testcase name="testAbaNumberCheck_26798_bad" classname="com.cardatechnologies.utils.validators.abaroutevalidator.Test_AbaRouteValidator_13a" time="0.017"/>
  <testcase name="testAbaNumberCheck_25986_bad" classname="com.cardatechnologies.utils.validators.abaroutevalidator.Test_AbaRouteValidator_13a" time="0.018"/>
  <testcase name="testAbaNumberCheck_25679_good" classname="com.cardatechnologies.utils.validators.abaroutevalidator.Test_AbaRouteValidator_13a" time="0.017"/>
  <testcase name="testAbaNumberCheck_25988_bad" classname="com.cardatechnologies.utils.validators.abaroutevalidator.Test_AbaRouteValidator_13a" time="0.018"/>
  <testcase name="testAbaNumberCheck_26989_good" classname="com.cardatechnologies.utils.validators.abaroutevalidator.Test_AbaRouteValidator_13a" time="0.018"/>
  <testcase name="testAbaNumberCheck_25887_good" classname="com.cardatechnologies.utils.validators.abaroutevalidator.Test_AbaRouteValidator_13a" time="0.019"/>
  <testcase name="testAbaNumberCheck_25990_bad" classname="com.cardatechnologies.utils.validators.abaroutevalidator.Test_AbaRouteValidator_13a" time="0.018"/>
  <testcase name="testAbaNumberCheck_25992_bad" classname="com.cardatechnologies.utils.validators.abaroutevalidator.Test_AbaRouteValidator_13a" time="0.017"/>
  <testcase name="testAbaNumberCheck_25994_bad" classname="com.cardatechnologies.utils.validators.abaroutevalidator.Test_AbaRouteValidator_13a" time="0.025"/>
  <testcase name="testAbaNumberCheck_25996_bad" classname="com.cardatechnologies.utils.validators.abaroutevalidator.Test_AbaRouteValidator_13a" time="0.018"/>
  <testcase name="testAbaNumberCheck_25998_bad" classname="com.cardatechnologies.utils.validators.abaroutevalidator.Test_AbaRouteValidator_13a" time="0.018"/>
  <testcase name="testAbaNumberCheck_25599_good" classname="com.cardatechnologies.utils.validators.abaroutevalidator.Test_AbaRouteValidator_13a" time="0.018"/>
  <testcase name="testAbaNumberCheck_25969_good" classname="com.cardatechnologies.utils.validators.abaroutevalidator.Test_AbaRouteValidator_13a" time="0.017"/>
  <testcase name="testAbaNumberCheck_25889_good" classname="com.cardatechnologies.utils.validators.abaroutevalidator.Test_AbaRouteValidator_13a" time="0.019"/>
</testsuite>