<?xml version="1.0" encoding="UTF-8"?>
<testsuite xmlns:xsi="http://www.w3.org/2001/XMLSchema-instance" xsi:noNamespaceSchemaLocation="https://maven.apache.org/surefire/maven-surefire-plugin/xsd/surefire-test-report-3.0.xsd" version="3.0" name="com.cardatechnologies.utils.validators.abaroutevalidator.Test_AbaRouteValidator_14" time="49.181" tests="2500" errors="0" skipped="0" failures="0">
  <properties>
    <property name="sun.desktop" value="windows"/>
    <property name="awt.toolkit" value="sun.awt.windows.WToolkit"/>
    <property name="file.encoding.pkg" value="sun.io"/>
    <property name="java.specification.version" value="1.8"/>
    <property name="sun.cpu.isalist" value="amd64"/>
    <property name="sun.jnu.encoding" value="Cp1252"/>
    <property name="java.class.path" value="D:\Projects\GitHub\aba.route.validator\target\clover\test-classes;D:\Projects\GitHub\aba.route.validator\target\clover\classes;C:\Users\Joker\.m2\repository\org\junit\jupiter\junit-jupiter\5.8.0-M1\junit-jupiter-5.8.0-M1.jar;C:\Users\Joker\.m2\repository\org\junit\jupiter\junit-jupiter-api\5.8.0-M1\junit-jupiter-api-5.8.0-M1.jar;C:\Users\Joker\.m2\repository\org\apiguardian\apiguardian-api\1.1.1\apiguardian-api-1.1.1.jar;C:\Users\Joker\.m2\repository\org\opentest4j\opentest4j\1.2.0\opentest4j-1.2.0.jar;C:\Users\Joker\.m2\repository\org\junit\platform\junit-platform-commons\1.8.0-M1\junit-platform-commons-1.8.0-M1.jar;C:\Users\Joker\.m2\repository\org\junit\jupiter\junit-jupiter-params\5.8.0-M1\junit-jupiter-params-5.8.0-M1.jar;C:\Users\Joker\.m2\repository\org\junit\jupiter\junit-jupiter-engine\5.8.0-M1\junit-jupiter-engine-5.8.0-M1.jar;C:\Users\Joker\.m2\repository\org\junit\platform\junit-platform-engine\1.8.0-M1\junit-platform-engine-1.8.0-M1.jar;C:\Users\Joker\.m2\repository\org\jetbrains\kotlin\kotlin-stdlib-jdk8\1.4.20\kotlin-stdlib-jdk8-1.4.20.jar;C:\Users\Joker\.m2\repository\org\jetbrains\kotlin\kotlin-stdlib\1.4.20\kotlin-stdlib-1.4.20.jar;C:\Users\Joker\.m2\repository\org\jetbrains\kotlin\kotlin-stdlib-common\1.4.20\kotlin-stdlib-common-1.4.20.jar;C:\Users\Joker\.m2\repository\org\jetbrains\annotations\13.0\annotations-13.0.jar;C:\Users\Joker\.m2\repository\org\jetbrains\kotlin\kotlin-stdlib-jdk7\1.4.20\kotlin-stdlib-jdk7-1.4.20.jar;C:\Users\Joker\.m2\repository\junit\junit\4.13.2\junit-4.13.2.jar;C:\Users\Joker\.m2\repository\org\hamcrest\hamcrest-core\1.3\hamcrest-core-1.3.jar;C:\Users\Joker\.m2\repository\org\openclover\clover\4.4.1\clover-4.4.1.jar;C:\Users\Joker\AppData\Local\Temp\grover8279353255277467013.jar;"/>
    <property name="java.vm.vendor" value="Oracle Corporation"/>
    <property name="sun.arch.data.model" value="64"/>
    <property name="user.variant" value=""/>
    <property name="java.vendor.url" value="http://java.oracle.com/"/>
    <property name="user.timezone" value="America/Denver"/>
    <property name="java.vm.specification.version" value="1.8"/>
    <property name="os.name" value="Windows 10"/>
    <property name="user.country" value="US"/>
    <property name="sun.java.launcher" value="SUN_STANDARD"/>
    <property name="sun.boot.library.path" value="D:\Tools\Java\JDK\jdk1.8.0_251\jre\bin"/>
    <property name="sun.java.command" value="C:\Users\Joker\AppData\Local\Temp\surefire1429051986229938233\surefirebooter1026372107155744162.jar C:\Users\Joker\AppData\Local\Temp\surefire1429051986229938233 2021-08-07T12-30-16_371-jvmRun1 surefire8642469005375175643tmp surefire_0437398952437214220tmp"/>
    <property name="surefire.test.class.path" value="D:\Projects\GitHub\aba.route.validator\target\clover\test-classes;D:\Projects\GitHub\aba.route.validator\target\clover\classes;C:\Users\Joker\.m2\repository\org\junit\jupiter\junit-jupiter\5.8.0-M1\junit-jupiter-5.8.0-M1.jar;C:\Users\Joker\.m2\repository\org\junit\jupiter\junit-jupiter-api\5.8.0-M1\junit-jupiter-api-5.8.0-M1.jar;C:\Users\Joker\.m2\repository\org\apiguardian\apiguardian-api\1.1.1\apiguardian-api-1.1.1.jar;C:\Users\Joker\.m2\repository\org\opentest4j\opentest4j\1.2.0\opentest4j-1.2.0.jar;C:\Users\Joker\.m2\repository\org\junit\platform\junit-platform-commons\1.8.0-M1\junit-platform-commons-1.8.0-M1.jar;C:\Users\Joker\.m2\repository\org\junit\jupiter\junit-jupiter-params\5.8.0-M1\junit-jupiter-params-5.8.0-M1.jar;C:\Users\Joker\.m2\repository\org\junit\jupiter\junit-jupiter-engine\5.8.0-M1\junit-jupiter-engine-5.8.0-M1.jar;C:\Users\Joker\.m2\repository\org\junit\platform\junit-platform-engine\1.8.0-M1\junit-platform-engine-1.8.0-M1.jar;C:\Users\Joker\.m2\repository\org\jetbrains\kotlin\kotlin-stdlib-jdk8\1.4.20\kotlin-stdlib-jdk8-1.4.20.jar;C:\Users\Joker\.m2\repository\org\jetbrains\kotlin\kotlin-stdlib\1.4.20\kotlin-stdlib-1.4.20.jar;C:\Users\Joker\.m2\repository\org\jetbrains\kotlin\kotlin-stdlib-common\1.4.20\kotlin-stdlib-common-1.4.20.jar;C:\Users\Joker\.m2\repository\org\jetbrains\annotations\13.0\annotations-13.0.jar;C:\Users\Joker\.m2\repository\org\jetbrains\kotlin\kotlin-stdlib-jdk7\1.4.20\kotlin-stdlib-jdk7-1.4.20.jar;C:\Users\Joker\.m2\repository\junit\junit\4.13.2\junit-4.13.2.jar;C:\Users\Joker\.m2\repository\org\hamcrest\hamcrest-core\1.3\hamcrest-core-1.3.jar;C:\Users\Joker\.m2\repository\org\openclover\clover\4.4.1\clover-4.4.1.jar;C:\Users\Joker\AppData\Local\Temp\grover8279353255277467013.jar;"/>
    <property name="sun.cpu.endian" value="little"/>
    <property name="user.home" value="C:\Users\Joker"/>
    <property name="user.language" value="en"/>
    <property name="java.specification.vendor" value="Oracle Corporation"/>
    <property name="java.home" value="D:\Tools\Java\JDK\jdk1.8.0_251\jre"/>
    <property name="basedir" value="D:\Projects\GitHub\aba.route.validator"/>
    <property name="file.separator" value="\"/>
    <property name="line.separator" value="&#10;"/>
    <property name="java.vm.specification.vendor" value="Oracle Corporation"/>
    <property name="java.specification.name" value="Java Platform API Specification"/>
    <property name="java.awt.graphicsenv" value="sun.awt.Win32GraphicsEnvironment"/>
    <property name="surefire.real.class.path" value="C:\Users\Joker\AppData\Local\Temp\surefire1429051986229938233\surefirebooter1026372107155744162.jar"/>
    <property name="sun.boot.class.path" value="D:\Tools\Java\JDK\jdk1.8.0_251\jre\lib\resources.jar;D:\Tools\Java\JDK\jdk1.8.0_251\jre\lib\rt.jar;D:\Tools\Java\JDK\jdk1.8.0_251\jre\lib\sunrsasign.jar;D:\Tools\Java\JDK\jdk1.8.0_251\jre\lib\jsse.jar;D:\Tools\Java\JDK\jdk1.8.0_251\jre\lib\jce.jar;D:\Tools\Java\JDK\jdk1.8.0_251\jre\lib\charsets.jar;D:\Tools\Java\JDK\jdk1.8.0_251\jre\lib\jfr.jar;D:\Tools\Java\JDK\jdk1.8.0_251\jre\classes"/>
    <property name="user.script" value=""/>
    <property name="sun.management.compiler" value="HotSpot 64-Bit Tiered Compilers"/>
    <property name="java.runtime.version" value="1.8.0_251-b08"/>
    <property name="user.name" value="Joker"/>
    <property name="path.separator" value=";"/>
    <property name="os.version" value="10.0"/>
    <property name="java.endorsed.dirs" value="D:\Tools\Java\JDK\jdk1.8.0_251\jre\lib\endorsed"/>
    <property name="java.runtime.name" value="Java(TM) SE Runtime Environment"/>
    <property name="file.encoding" value="Cp1252"/>
    <property name="java.vm.name" value="Java HotSpot(TM) 64-Bit Server VM"/>
    <property name="localRepository" value="C:\Users\Joker\.m2\repository"/>
    <property name="java.vendor.url.bug" value="http://bugreport.sun.com/bugreport/"/>
    <property name="java.io.tmpdir" value="C:\Users\Joker\AppData\Local\Temp\"/>
    <property name="java.version" value="1.8.0_251"/>
    <property name="user.dir" value="D:\Projects\GitHub\aba.route.validator"/>
    <property name="os.arch" value="amd64"/>
    <property name="java.vm.specification.name" value="Java Virtual Machine Specification"/>
    <property name="java.awt.printerjob" value="sun.awt.windows.WPrinterJob"/>
    <property name="sun.os.patch.level" value=""/>
    <property name="java.library.path" value="D:\Tools\Java\JDK\jdk1.8.0_251\jre\bin;C:\WINDOWS\Sun\Java\bin;C:\WINDOWS\system32;C:\WINDOWS;D:\Tools\Java\Apache\apache-maven-3.6.3\bin;D:\Tools\Java\JDK\jdk1.8.0_251\bin;C:\Users\Joker\bin;C:\Program Files\Git\mingw64\bin;C:\Program Files\Git\usr\local\bin;C:\Program Files\Git\usr\bin;C:\Program Files\Git\usr\bin;C:\Program Files\Git\mingw64\bin;C:\Program Files\Git\usr\bin;C:\Users\Joker\bin;C:\ProgramData\Oracle\Java\javapath;C:\Program Files (x86)\Common Files\Oracle\Java\javapath;C:\Program Files (x86)\Intel\iCLS Client;C:\Program Files\Intel\iCLS Client;C:\Windows\system32;C:\Windows;C:\Windows\System32\Wbem;C:\Windows\System32\WindowsPowerShell\v1.0;C:\Program Files (x86)\NVIDIA Corporation\PhysX\Common;D:\Applications\QuickTime\QTSystem;C:\Program Files (x86)\Common Files\Acronis\VirtualFile;C:\Program Files (x86)\Common Files\Acronis\VirtualFile64;C:\Program Files (x86)\Common Files\Acronis\SnapAPI;C:\WINDOWS\system32;C:\WINDOWS;C:\WINDOWS\System32\Wbem;C:\WINDOWS\System32\WindowsPowerShell\v1.0;C:\Program Files (x86)\Intel\Intel(R) Management Engine Components\DAL;C:\Program Files\Intel\Intel(R) Management Engine Components\DAL;C:\Program Files (x86)\Intel\Intel(R) Management Engine Components\IPT;C:\Program Files\Intel\Intel(R) Management Engine Components\IPT;C:\WINDOWS\System32\OpenSSH;C:\Program Files\NVIDIA Corporation\NVIDIA NvDLISR;C:\WINDOWS\system32;C:\WINDOWS;C:\WINDOWS\System32\Wbem;C:\WINDOWS\System32\WindowsPowerShell\v1.0;C:\WINDOWS\System32\OpenSSH;C:\Program Files (x86)\Common Files\Acronis\FileProtector;C:\Program Files (x86)\Common Files\Acronis\FileProtector64;C:\Program Files\PuTTY;C:\Program Files\Docker\Docker\resources\bin;C:\ProgramData\DockerDesktop\version-bin;C:\Program Files\Git\cmd;C:\Users\Joker\AppData\Local\Microsoft\WindowsApps;D:\Tools\Java\JDK\jdk1.8.0_251\bin;D:\Tools\Java\Apache\apache-maven-3.8.1\bin;D:\Tools\Java\Apache\apache-ant-1.10.1\bin;D:\Tools\Java\gradle-4.2\bin;C:\Program Files\JetBrains\IntelliJ IDEA 2019.3\bin;C:\Program Files (x86)\DTN\IQFeed;C:\Users\Joker\AppData\Local\GitHubDesktop\bin;D:\Tools\Java\JetBrains\IntelliJ_2020_1.3\bin;C:\Users\Joker\AppData\Local\Microsoft\WindowsApps;C:\Program Files\Git\usr\bin\vendor_perl;C:\Program Files\Git\usr\bin\core_perl;."/>
    <property name="java.vm.info" value="mixed mode"/>
    <property name="java.vendor" value="Oracle Corporation"/>
    <property name="java.vm.version" value="25.251-b08"/>
    <property name="java.ext.dirs" value="D:\Tools\Java\JDK\jdk1.8.0_251\jre\lib\ext;C:\WINDOWS\Sun\Java\lib\ext"/>
    <property name="sun.io.unicode.encoding" value="UnicodeLittle"/>
    <property name="java.class.version" value="52.0"/>
  </properties>
  <testcase name="testAbaNumberCheck_30385_good" classname="com.cardatechnologies.utils.validators.abaroutevalidator.Test_AbaRouteValidator_14" time="0.015"/>
  <testcase name="testAbaNumberCheck_31983_good" classname="com.cardatechnologies.utils.validators.abaroutevalidator.Test_AbaRouteValidator_14" time="0.018"/>
  <testcase name="testAbaNumberCheck_31199_good" classname="com.cardatechnologies.utils.validators.abaroutevalidator.Test_AbaRouteValidator_14" time="0.018"/>
  <testcase name="testAbaNumberCheck_30259_good" classname="com.cardatechnologies.utils.validators.abaroutevalidator.Test_AbaRouteValidator_14" time="0.017"/>
  <testcase name="testAbaNumberCheck_31857_good" classname="com.cardatechnologies.utils.validators.abaroutevalidator.Test_AbaRouteValidator_14" time="0.02"/>
  <testcase name="testAbaNumberCheck_30917_good" classname="com.cardatechnologies.utils.validators.abaroutevalidator.Test_AbaRouteValidator_14" time="0.022"/>
  <testcase name="testAbaNumberCheck_30881_good" classname="com.cardatechnologies.utils.validators.abaroutevalidator.Test_AbaRouteValidator_14" time="0.02"/>
  <testcase name="testAbaNumberCheck_30097_good" classname="com.cardatechnologies.utils.validators.abaroutevalidator.Test_AbaRouteValidator_14" time="0.019"/>
  <testcase name="testAbaNumberCheck_31695_good" classname="com.cardatechnologies.utils.validators.abaroutevalidator.Test_AbaRouteValidator_14" time="0.02"/>
  <testcase name="testAbaNumberCheck_30755_good" classname="com.cardatechnologies.utils.validators.abaroutevalidator.Test_AbaRouteValidator_14" time="0.019"/>
  <testcase name="testAbaNumberCheck_31569_good" classname="com.cardatechnologies.utils.validators.abaroutevalidator.Test_AbaRouteValidator_14" time="0.018"/>
  <testcase name="testAbaNumberCheck_30629_good" classname="com.cardatechnologies.utils.validators.abaroutevalidator.Test_AbaRouteValidator_14" time="0.018"/>
  <testcase name="testAbaNumberCheck_30593_good" classname="com.cardatechnologies.utils.validators.abaroutevalidator.Test_AbaRouteValidator_14" time="0.017"/>
  <testcase name="testAbaNumberCheck_30467_good" classname="com.cardatechnologies.utils.validators.abaroutevalidator.Test_AbaRouteValidator_14" time="0.018"/>
  <testcase name="testAbaNumberCheck_31939_good" classname="com.cardatechnologies.utils.validators.abaroutevalidator.Test_AbaRouteValidator_14" time="0.018"/>
  <testcase name="testAbaNumberCheck_30963_good" classname="com.cardatechnologies.utils.validators.abaroutevalidator.Test_AbaRouteValidator_14" time="0.018"/>
  <testcase name="testAbaNumberCheck_30179_good" classname="com.cardatechnologies.utils.validators.abaroutevalidator.Test_AbaRouteValidator_14" time="0.018"/>
  <testcase name="testAbaNumberCheck_31777_good" classname="com.cardatechnologies.utils.validators.abaroutevalidator.Test_AbaRouteValidator_14" time="0.016"/>
  <testcase name="testAbaNumberCheck_30837_good" classname="com.cardatechnologies.utils.validators.abaroutevalidator.Test_AbaRouteValidator_14" time="0.019"/>
  <testcase name="testAbaNumberCheck_30675_good" classname="com.cardatechnologies.utils.validators.abaroutevalidator.Test_AbaRouteValidator_14" time="0.017"/>
  <testcase name="testAbaNumberCheck_31489_good" classname="com.cardatechnologies.utils.validators.abaroutevalidator.Test_AbaRouteValidator_14" time="0.021"/>
  <testcase name="testAbaNumberCheck_30549_good" classname="com.cardatechnologies.utils.validators.abaroutevalidator.Test_AbaRouteValidator_14" time="0.021"/>
  <testcase name="testAbaNumberCheck_30387_good" classname="com.cardatechnologies.utils.validators.abaroutevalidator.Test_AbaRouteValidator_14" time="0.017"/>
  <testcase name="testAbaNumberCheck_31985_good" classname="com.cardatechnologies.utils.validators.abaroutevalidator.Test_AbaRouteValidator_14" time="0.018"/>
  <testcase name="testAbaNumberCheck_31859_good" classname="com.cardatechnologies.utils.validators.abaroutevalidator.Test_AbaRouteValidator_14" time="0.019"/>
  <testcase name="testAbaNumberCheck_30919_good" classname="com.cardatechnologies.utils.validators.abaroutevalidator.Test_AbaRouteValidator_14" time="0.018"/>
  <testcase name="testAbaNumberCheck_30883_good" classname="com.cardatechnologies.utils.validators.abaroutevalidator.Test_AbaRouteValidator_14" time="0.017"/>
  <testcase name="testAbaNumberCheck_30099_good" classname="com.cardatechnologies.utils.validators.abaroutevalidator.Test_AbaRouteValidator_14" time="0.028"/>
  <testcase name="testAbaNumberCheck_31697_good" classname="com.cardatechnologies.utils.validators.abaroutevalidator.Test_AbaRouteValidator_14" time="0.018"/>
  <testcase name="testAbaNumberCheck_30757_good" classname="com.cardatechnologies.utils.validators.abaroutevalidator.Test_AbaRouteValidator_14" time="0.018"/>
  <testcase name="testAbaNumberCheck_30595_good" classname="com.cardatechnologies.utils.validators.abaroutevalidator.Test_AbaRouteValidator_14" time="0.017"/>
  <testcase name="testAbaNumberCheck_30469_good" classname="com.cardatechnologies.utils.validators.abaroutevalidator.Test_AbaRouteValidator_14" time="0.018"/>
  <testcase name="testAbaNumberCheck_31000_bad" classname="com.cardatechnologies.utils.validators.abaroutevalidator.Test_AbaRouteValidator_14" time="0.018"/>
  <testcase name="testAbaNumberCheck_31002_bad" classname="com.cardatechnologies.utils.validators.abaroutevalidator.Test_AbaRouteValidator_14" time="0.018"/>
  <testcase name="testAbaNumberCheck_31004_bad" classname="com.cardatechnologies.utils.validators.abaroutevalidator.Test_AbaRouteValidator_14" time="0.018"/>
  <testcase name="testAbaNumberCheck_30965_good" classname="com.cardatechnologies.utils.validators.abaroutevalidator.Test_AbaRouteValidator_14" time="0.018"/>
  <testcase name="testAbaNumberCheck_31006_bad" classname="com.cardatechnologies.utils.validators.abaroutevalidator.Test_AbaRouteValidator_14" time="0.017"/>
  <testcase name="testAbaNumberCheck_31008_bad" classname="com.cardatechnologies.utils.validators.abaroutevalidator.Test_AbaRouteValidator_14" time="0.018"/>
  <testcase name="testAbaNumberCheck_31779_good" classname="com.cardatechnologies.utils.validators.abaroutevalidator.Test_AbaRouteValidator_14" time="0.018"/>
  <testcase name="testAbaNumberCheck_30839_good" classname="com.cardatechnologies.utils.validators.abaroutevalidator.Test_AbaRouteValidator_14" time="0.018"/>
  <testcase name="testAbaNumberCheck_30677_good" classname="com.cardatechnologies.utils.validators.abaroutevalidator.Test_AbaRouteValidator_14" time="0.017"/>
  <testcase name="testAbaNumberCheck_30389_good" classname="com.cardatechnologies.utils.validators.abaroutevalidator.Test_AbaRouteValidator_14" time="0.018"/>
  <testcase name="testAbaNumberCheck_31010_bad" classname="com.cardatechnologies.utils.validators.abaroutevalidator.Test_AbaRouteValidator_14" time="0.018"/>
  <testcase name="testAbaNumberCheck_31987_good" classname="com.cardatechnologies.utils.validators.abaroutevalidator.Test_AbaRouteValidator_14" time="0.018"/>
  <testcase name="testAbaNumberCheck_31012_bad" classname="com.cardatechnologies.utils.validators.abaroutevalidator.Test_AbaRouteValidator_14" time="0.019"/>
  <testcase name="testAbaNumberCheck_30200_bad" classname="com.cardatechnologies.utils.validators.abaroutevalidator.Test_AbaRouteValidator_14" time="0.018"/>
  <testcase name="testAbaNumberCheck_31014_bad" classname="com.cardatechnologies.utils.validators.abaroutevalidator.Test_AbaRouteValidator_14" time="0.019"/>
  <testcase name="testAbaNumberCheck_30202_bad" classname="com.cardatechnologies.utils.validators.abaroutevalidator.Test_AbaRouteValidator_14" time="0.017"/>
  <testcase name="testAbaNumberCheck_31016_bad" classname="com.cardatechnologies.utils.validators.abaroutevalidator.Test_AbaRouteValidator_14" time="0.018"/>
  <testcase name="testAbaNumberCheck_30204_bad" classname="com.cardatechnologies.utils.validators.abaroutevalidator.Test_AbaRouteValidator_14" time="0.025"/>
  <testcase name="testAbaNumberCheck_31018_bad" classname="com.cardatechnologies.utils.validators.abaroutevalidator.Test_AbaRouteValidator_14" time="0.018"/>
  <testcase name="testAbaNumberCheck_30885_good" classname="com.cardatechnologies.utils.validators.abaroutevalidator.Test_AbaRouteValidator_14" time="0.018"/>
  <testcase name="testAbaNumberCheck_30206_bad" classname="com.cardatechnologies.utils.validators.abaroutevalidator.Test_AbaRouteValidator_14" time="0.018"/>
  <testcase name="testAbaNumberCheck_30208_bad" classname="com.cardatechnologies.utils.validators.abaroutevalidator.Test_AbaRouteValidator_14" time="0.018"/>
  <testcase name="testAbaNumberCheck_31699_good" classname="com.cardatechnologies.utils.validators.abaroutevalidator.Test_AbaRouteValidator_14" time="0.022"/>
  <testcase name="testAbaNumberCheck_30759_good" classname="com.cardatechnologies.utils.validators.abaroutevalidator.Test_AbaRouteValidator_14" time="0.028"/>
  <testcase name="testAbaNumberCheck_30597_good" classname="com.cardatechnologies.utils.validators.abaroutevalidator.Test_AbaRouteValidator_14" time="0.017"/>
  <testcase name="testAbaNumberCheck_31020_bad" classname="com.cardatechnologies.utils.validators.abaroutevalidator.Test_AbaRouteValidator_14" time="0.019"/>
  <testcase name="testAbaNumberCheck_31022_bad" classname="com.cardatechnologies.utils.validators.abaroutevalidator.Test_AbaRouteValidator_14" time="0.019"/>
  <testcase name="testAbaNumberCheck_30210_bad" classname="com.cardatechnologies.utils.validators.abaroutevalidator.Test_AbaRouteValidator_14" time="0.019"/>
  <testcase name="testAbaNumberCheck_31024_bad" classname="com.cardatechnologies.utils.validators.abaroutevalidator.Test_AbaRouteValidator_14" time="0.02"/>
  <testcase name="testAbaNumberCheck_30967_good" classname="com.cardatechnologies.utils.validators.abaroutevalidator.Test_AbaRouteValidator_14" time="0.02"/>
  <testcase name="testAbaNumberCheck_30212_bad" classname="com.cardatechnologies.utils.validators.abaroutevalidator.Test_AbaRouteValidator_14" time="0.02"/>
  <testcase name="testAbaNumberCheck_31026_bad" classname="com.cardatechnologies.utils.validators.abaroutevalidator.Test_AbaRouteValidator_14" time="0.021"/>
  <testcase name="testAbaNumberCheck_30214_bad" classname="com.cardatechnologies.utils.validators.abaroutevalidator.Test_AbaRouteValidator_14" time="0.02"/>
  <testcase name="testAbaNumberCheck_31028_bad" classname="com.cardatechnologies.utils.validators.abaroutevalidator.Test_AbaRouteValidator_14" time="0.02"/>
  <testcase name="testAbaNumberCheck_30216_bad" classname="com.cardatechnologies.utils.validators.abaroutevalidator.Test_AbaRouteValidator_14" time="0.018"/>
  <testcase name="testAbaNumberCheck_30218_bad" classname="com.cardatechnologies.utils.validators.abaroutevalidator.Test_AbaRouteValidator_14" time="0.018"/>
  <testcase name="testAbaNumberCheck_30679_good" classname="com.cardatechnologies.utils.validators.abaroutevalidator.Test_AbaRouteValidator_14" time="0.017"/>
  <testcase name="testAbaNumberCheck_31030_bad" classname="com.cardatechnologies.utils.validators.abaroutevalidator.Test_AbaRouteValidator_14" time="0.02"/>
  <testcase name="testAbaNumberCheck_31989_good" classname="com.cardatechnologies.utils.validators.abaroutevalidator.Test_AbaRouteValidator_14" time="0.019"/>
  <testcase name="testAbaNumberCheck_31032_bad" classname="com.cardatechnologies.utils.validators.abaroutevalidator.Test_AbaRouteValidator_14" time="0.023"/>
  <testcase name="testAbaNumberCheck_30220_bad" classname="com.cardatechnologies.utils.validators.abaroutevalidator.Test_AbaRouteValidator_14" time="0.019"/>
  <testcase name="testAbaNumberCheck_31034_bad" classname="com.cardatechnologies.utils.validators.abaroutevalidator.Test_AbaRouteValidator_14" time="0.019"/>
  <testcase name="testAbaNumberCheck_30222_bad" classname="com.cardatechnologies.utils.validators.abaroutevalidator.Test_AbaRouteValidator_14" time="0.018"/>
  <testcase name="testAbaNumberCheck_31036_bad" classname="com.cardatechnologies.utils.validators.abaroutevalidator.Test_AbaRouteValidator_14" time="0.022"/>
  <testcase name="testAbaNumberCheck_30224_bad" classname="com.cardatechnologies.utils.validators.abaroutevalidator.Test_AbaRouteValidator_14" time="0.021"/>
  <testcase name="testAbaNumberCheck_31038_bad" classname="com.cardatechnologies.utils.validators.abaroutevalidator.Test_AbaRouteValidator_14" time="0.018"/>
  <testcase name="testAbaNumberCheck_30887_good" classname="com.cardatechnologies.utils.validators.abaroutevalidator.Test_AbaRouteValidator_14" time="0.017"/>
  <testcase name="testAbaNumberCheck_30226_bad" classname="com.cardatechnologies.utils.validators.abaroutevalidator.Test_AbaRouteValidator_14" time="0.018"/>
  <testcase name="testAbaNumberCheck_30228_bad" classname="com.cardatechnologies.utils.validators.abaroutevalidator.Test_AbaRouteValidator_14" time="0.018"/>
  <testcase name="testAbaNumberCheck_30599_good" classname="com.cardatechnologies.utils.validators.abaroutevalidator.Test_AbaRouteValidator_14" time="0.021"/>
  <testcase name="testAbaNumberCheck_32300_bad" classname="com.cardatechnologies.utils.validators.abaroutevalidator.Test_AbaRouteValidator_14" time="0.026"/>
  <testcase name="testAbaNumberCheck_32302_bad" classname="com.cardatechnologies.utils.validators.abaroutevalidator.Test_AbaRouteValidator_14" time="0.018"/>
  <testcase name="testAbaNumberCheck_32304_bad" classname="com.cardatechnologies.utils.validators.abaroutevalidator.Test_AbaRouteValidator_14" time="0.018"/>
  <testcase name="testAbaNumberCheck_31040_bad" classname="com.cardatechnologies.utils.validators.abaroutevalidator.Test_AbaRouteValidator_14" time="0.017"/>
  <testcase name="testAbaNumberCheck_32306_bad" classname="com.cardatechnologies.utils.validators.abaroutevalidator.Test_AbaRouteValidator_14" time="0.017"/>
  <testcase name="testAbaNumberCheck_31042_bad" classname="com.cardatechnologies.utils.validators.abaroutevalidator.Test_AbaRouteValidator_14" time="0.019"/>
  <testcase name="testAbaNumberCheck_32308_bad" classname="com.cardatechnologies.utils.validators.abaroutevalidator.Test_AbaRouteValidator_14" time="0.018"/>
  <testcase name="testAbaNumberCheck_30230_bad" classname="com.cardatechnologies.utils.validators.abaroutevalidator.Test_AbaRouteValidator_14" time="0.02"/>
  <testcase name="testAbaNumberCheck_31044_bad" classname="com.cardatechnologies.utils.validators.abaroutevalidator.Test_AbaRouteValidator_14" time="0.02"/>
  <testcase name="testAbaNumberCheck_30969_good" classname="com.cardatechnologies.utils.validators.abaroutevalidator.Test_AbaRouteValidator_14" time="0.02"/>
  <testcase name="testAbaNumberCheck_30232_bad" classname="com.cardatechnologies.utils.validators.abaroutevalidator.Test_AbaRouteValidator_14" time="0.021"/>
  <testcase name="testAbaNumberCheck_31046_bad" classname="com.cardatechnologies.utils.validators.abaroutevalidator.Test_AbaRouteValidator_14" time="0.021"/>
  <testcase name="testAbaNumberCheck_30234_bad" classname="com.cardatechnologies.utils.validators.abaroutevalidator.Test_AbaRouteValidator_14" time="0.02"/>
  <testcase name="testAbaNumberCheck_31048_bad" classname="com.cardatechnologies.utils.validators.abaroutevalidator.Test_AbaRouteValidator_14" time="0.019"/>
  <testcase name="testAbaNumberCheck_30236_bad" classname="com.cardatechnologies.utils.validators.abaroutevalidator.Test_AbaRouteValidator_14" time="0.017"/>
  <testcase name="testAbaNumberCheck_30238_bad" classname="com.cardatechnologies.utils.validators.abaroutevalidator.Test_AbaRouteValidator_14" time="0.017"/>
  <testcase name="testAbaNumberCheck_32310_bad" classname="com.cardatechnologies.utils.validators.abaroutevalidator.Test_AbaRouteValidator_14" time="0.019"/>
  <testcase name="testAbaNumberCheck_32312_bad" classname="com.cardatechnologies.utils.validators.abaroutevalidator.Test_AbaRouteValidator_14" time="0.018"/>
  <testcase name="testAbaNumberCheck_31500_bad" classname="com.cardatechnologies.utils.validators.abaroutevalidator.Test_AbaRouteValidator_14" time="0.019"/>
  <testcase name="testAbaNumberCheck_32314_bad" classname="com.cardatechnologies.utils.validators.abaroutevalidator.Test_AbaRouteValidator_14" time="0.02"/>
  <testcase name="testAbaNumberCheck_31050_bad" classname="com.cardatechnologies.utils.validators.abaroutevalidator.Test_AbaRouteValidator_14" time="0.024"/>
  <testcase name="testAbaNumberCheck_31502_bad" classname="com.cardatechnologies.utils.validators.abaroutevalidator.Test_AbaRouteValidator_14" time="0.024"/>
  <testcase name="testAbaNumberCheck_32316_bad" classname="com.cardatechnologies.utils.validators.abaroutevalidator.Test_AbaRouteValidator_14" time="0.021"/>
  <testcase name="testAbaNumberCheck_31052_bad" classname="com.cardatechnologies.utils.validators.abaroutevalidator.Test_AbaRouteValidator_14" time="0.02"/>
  <testcase name="testAbaNumberCheck_31504_bad" classname="com.cardatechnologies.utils.validators.abaroutevalidator.Test_AbaRouteValidator_14" time="0.02"/>
  <testcase name="testAbaNumberCheck_32318_bad" classname="com.cardatechnologies.utils.validators.abaroutevalidator.Test_AbaRouteValidator_14" time="0.021"/>
  <testcase name="testAbaNumberCheck_30240_bad" classname="com.cardatechnologies.utils.validators.abaroutevalidator.Test_AbaRouteValidator_14" time="0.03"/>
  <testcase name="testAbaNumberCheck_31054_bad" classname="com.cardatechnologies.utils.validators.abaroutevalidator.Test_AbaRouteValidator_14" time="0.021"/>
  <testcase name="testAbaNumberCheck_31506_bad" classname="com.cardatechnologies.utils.validators.abaroutevalidator.Test_AbaRouteValidator_14" time="0.02"/>
  <testcase name="testAbaNumberCheck_30242_bad" classname="com.cardatechnologies.utils.validators.abaroutevalidator.Test_AbaRouteValidator_14" time="0.022"/>
  <testcase name="testAbaNumberCheck_31056_bad" classname="com.cardatechnologies.utils.validators.abaroutevalidator.Test_AbaRouteValidator_14" time="0.02"/>
  <testcase name="testAbaNumberCheck_31508_bad" classname="com.cardatechnologies.utils.validators.abaroutevalidator.Test_AbaRouteValidator_14" time="0.021"/>
  <testcase name="testAbaNumberCheck_30244_bad" classname="com.cardatechnologies.utils.validators.abaroutevalidator.Test_AbaRouteValidator_14" time="0.028"/>
  <testcase name="testAbaNumberCheck_31058_bad" classname="com.cardatechnologies.utils.validators.abaroutevalidator.Test_AbaRouteValidator_14" time="0.021"/>
  <testcase name="testAbaNumberCheck_30889_good" classname="com.cardatechnologies.utils.validators.abaroutevalidator.Test_AbaRouteValidator_14" time="0.021"/>
  <testcase name="testAbaNumberCheck_30246_bad" classname="com.cardatechnologies.utils.validators.abaroutevalidator.Test_AbaRouteValidator_14" time="0.018"/>
  <testcase name="testAbaNumberCheck_30248_bad" classname="com.cardatechnologies.utils.validators.abaroutevalidator.Test_AbaRouteValidator_14" time="0.019"/>
  <testcase name="testAbaNumberCheck_32320_bad" classname="com.cardatechnologies.utils.validators.abaroutevalidator.Test_AbaRouteValidator_14" time="0.019"/>
  <testcase name="testAbaNumberCheck_32322_bad" classname="com.cardatechnologies.utils.validators.abaroutevalidator.Test_AbaRouteValidator_14" time="0.018"/>
  <testcase name="testAbaNumberCheck_31510_bad" classname="com.cardatechnologies.utils.validators.abaroutevalidator.Test_AbaRouteValidator_14" time="0.018"/>
  <testcase name="testAbaNumberCheck_32324_bad" classname="com.cardatechnologies.utils.validators.abaroutevalidator.Test_AbaRouteValidator_14" time="0.018"/>
  <testcase name="testAbaNumberCheck_31060_bad" classname="com.cardatechnologies.utils.validators.abaroutevalidator.Test_AbaRouteValidator_14" time="0.018"/>
  <testcase name="testAbaNumberCheck_31512_bad" classname="com.cardatechnologies.utils.validators.abaroutevalidator.Test_AbaRouteValidator_14" time="0.018"/>
  <testcase name="testAbaNumberCheck_32326_bad" classname="com.cardatechnologies.utils.validators.abaroutevalidator.Test_AbaRouteValidator_14" time="0.019"/>
  <testcase name="testAbaNumberCheck_31062_bad" classname="com.cardatechnologies.utils.validators.abaroutevalidator.Test_AbaRouteValidator_14" time="0.018"/>
  <testcase name="testAbaNumberCheck_30700_bad" classname="com.cardatechnologies.utils.validators.abaroutevalidator.Test_AbaRouteValidator_14" time="0.02"/>
  <testcase name="testAbaNumberCheck_31514_bad" classname="com.cardatechnologies.utils.validators.abaroutevalidator.Test_AbaRouteValidator_14" time="0.023"/>
  <testcase name="testAbaNumberCheck_32328_bad" classname="com.cardatechnologies.utils.validators.abaroutevalidator.Test_AbaRouteValidator_14" time="0.024"/>
  <testcase name="testAbaNumberCheck_30250_bad" classname="com.cardatechnologies.utils.validators.abaroutevalidator.Test_AbaRouteValidator_14" time="0.019"/>
  <testcase name="testAbaNumberCheck_31064_bad" classname="com.cardatechnologies.utils.validators.abaroutevalidator.Test_AbaRouteValidator_14" time="0.019"/>
  <testcase name="testAbaNumberCheck_30702_bad" classname="com.cardatechnologies.utils.validators.abaroutevalidator.Test_AbaRouteValidator_14" time="0.02"/>
  <testcase name="testAbaNumberCheck_31516_bad" classname="com.cardatechnologies.utils.validators.abaroutevalidator.Test_AbaRouteValidator_14" time="0.024"/>
  <testcase name="testAbaNumberCheck_30252_bad" classname="com.cardatechnologies.utils.validators.abaroutevalidator.Test_AbaRouteValidator_14" time="0.025"/>
  <testcase name="testAbaNumberCheck_31066_bad" classname="com.cardatechnologies.utils.validators.abaroutevalidator.Test_AbaRouteValidator_14" time="0.018"/>
  <testcase name="testAbaNumberCheck_30704_bad" classname="com.cardatechnologies.utils.validators.abaroutevalidator.Test_AbaRouteValidator_14" time="0.018"/>
  <testcase name="testAbaNumberCheck_31518_bad" classname="com.cardatechnologies.utils.validators.abaroutevalidator.Test_AbaRouteValidator_14" time="0.018"/>
  <testcase name="testAbaNumberCheck_30254_bad" classname="com.cardatechnologies.utils.validators.abaroutevalidator.Test_AbaRouteValidator_14" time="0.019"/>
  <testcase name="testAbaNumberCheck_31068_bad" classname="com.cardatechnologies.utils.validators.abaroutevalidator.Test_AbaRouteValidator_14" time="0.017"/>
  <testcase name="testAbaNumberCheck_30706_bad" classname="com.cardatechnologies.utils.validators.abaroutevalidator.Test_AbaRouteValidator_14" time="0.018"/>
  <testcase name="testAbaNumberCheck_30256_bad" classname="com.cardatechnologies.utils.validators.abaroutevalidator.Test_AbaRouteValidator_14" time="0.018"/>
  <testcase name="testAbaNumberCheck_30708_bad" classname="com.cardatechnologies.utils.validators.abaroutevalidator.Test_AbaRouteValidator_14" time="0.018"/>
  <testcase name="testAbaNumberCheck_30258_bad" classname="com.cardatechnologies.utils.validators.abaroutevalidator.Test_AbaRouteValidator_14" time="0.018"/>
  <testcase name="testAbaNumberCheck_32330_bad" classname="com.cardatechnologies.utils.validators.abaroutevalidator.Test_AbaRouteValidator_14" time="0.017"/>
  <testcase name="testAbaNumberCheck_32332_bad" classname="com.cardatechnologies.utils.validators.abaroutevalidator.Test_AbaRouteValidator_14" time="0.018"/>
  <testcase name="testAbaNumberCheck_31520_bad" classname="com.cardatechnologies.utils.validators.abaroutevalidator.Test_AbaRouteValidator_14" time="0.017"/>
  <testcase name="testAbaNumberCheck_32334_bad" classname="com.cardatechnologies.utils.validators.abaroutevalidator.Test_AbaRouteValidator_14" time="0.019"/>
  <testcase name="testAbaNumberCheck_31070_bad" classname="com.cardatechnologies.utils.validators.abaroutevalidator.Test_AbaRouteValidator_14" time="0.018"/>
  <testcase name="testAbaNumberCheck_31522_bad" classname="com.cardatechnologies.utils.validators.abaroutevalidator.Test_AbaRouteValidator_14" time="0.017"/>
  <testcase name="testAbaNumberCheck_32336_bad" classname="com.cardatechnologies.utils.validators.abaroutevalidator.Test_AbaRouteValidator_14" time="0.018"/>
  <testcase name="testAbaNumberCheck_31072_bad" classname="com.cardatechnologies.utils.validators.abaroutevalidator.Test_AbaRouteValidator_14" time="0.017"/>
  <testcase name="testAbaNumberCheck_30710_bad" classname="com.cardatechnologies.utils.validators.abaroutevalidator.Test_AbaRouteValidator_14" time="0.019"/>
  <testcase name="testAbaNumberCheck_31524_bad" classname="com.cardatechnologies.utils.validators.abaroutevalidator.Test_AbaRouteValidator_14" time="0.017"/>
  <testcase name="testAbaNumberCheck_32338_bad" classname="com.cardatechnologies.utils.validators.abaroutevalidator.Test_AbaRouteValidator_14" time="0.017"/>
  <testcase name="testAbaNumberCheck_30260_bad" classname="com.cardatechnologies.utils.validators.abaroutevalidator.Test_AbaRouteValidator_14" time="0.019"/>
  <testcase name="testAbaNumberCheck_31074_bad" classname="com.cardatechnologies.utils.validators.abaroutevalidator.Test_AbaRouteValidator_14" time="0.022"/>
  <testcase name="testAbaNumberCheck_30712_bad" classname="com.cardatechnologies.utils.validators.abaroutevalidator.Test_AbaRouteValidator_14" time="0.022"/>
  <testcase name="testAbaNumberCheck_31526_bad" classname="com.cardatechnologies.utils.validators.abaroutevalidator.Test_AbaRouteValidator_14" time="0.02"/>
  <testcase name="testAbaNumberCheck_30262_bad" classname="com.cardatechnologies.utils.validators.abaroutevalidator.Test_AbaRouteValidator_14" time="0.02"/>
  <testcase name="testAbaNumberCheck_31076_bad" classname="com.cardatechnologies.utils.validators.abaroutevalidator.Test_AbaRouteValidator_14" time="0.02"/>
  <testcase name="testAbaNumberCheck_30714_bad" classname="com.cardatechnologies.utils.validators.abaroutevalidator.Test_AbaRouteValidator_14" time="0.026"/>
  <testcase name="testAbaNumberCheck_31528_bad" classname="com.cardatechnologies.utils.validators.abaroutevalidator.Test_AbaRouteValidator_14" time="0.022"/>
  <testcase name="testAbaNumberCheck_30264_bad" classname="com.cardatechnologies.utils.validators.abaroutevalidator.Test_AbaRouteValidator_14" time="0.02"/>
  <testcase name="testAbaNumberCheck_31078_bad" classname="com.cardatechnologies.utils.validators.abaroutevalidator.Test_AbaRouteValidator_14" time="0.02"/>
  <testcase name="testAbaNumberCheck_30716_bad" classname="com.cardatechnologies.utils.validators.abaroutevalidator.Test_AbaRouteValidator_14" time="0.02"/>
  <testcase name="testAbaNumberCheck_30266_bad" classname="com.cardatechnologies.utils.validators.abaroutevalidator.Test_AbaRouteValidator_14" time="0.02"/>
  <testcase name="testAbaNumberCheck_30718_bad" classname="com.cardatechnologies.utils.validators.abaroutevalidator.Test_AbaRouteValidator_14" time="0.02"/>
  <testcase name="testAbaNumberCheck_30268_bad" classname="com.cardatechnologies.utils.validators.abaroutevalidator.Test_AbaRouteValidator_14" time="0.02"/>
  <testcase name="testAbaNumberCheck_32201_good" classname="com.cardatechnologies.utils.validators.abaroutevalidator.Test_AbaRouteValidator_14" time="0.019"/>
  <testcase name="testAbaNumberCheck_32340_bad" classname="com.cardatechnologies.utils.validators.abaroutevalidator.Test_AbaRouteValidator_14" time="0.017"/>
  <testcase name="testAbaNumberCheck_32342_bad" classname="com.cardatechnologies.utils.validators.abaroutevalidator.Test_AbaRouteValidator_14" time="0.018"/>
  <testcase name="testAbaNumberCheck_31530_bad" classname="com.cardatechnologies.utils.validators.abaroutevalidator.Test_AbaRouteValidator_14" time="0.018"/>
  <testcase name="testAbaNumberCheck_32344_bad" classname="com.cardatechnologies.utils.validators.abaroutevalidator.Test_AbaRouteValidator_14" time="0.02"/>
  <testcase name="testAbaNumberCheck_31080_bad" classname="com.cardatechnologies.utils.validators.abaroutevalidator.Test_AbaRouteValidator_14" time="0.018"/>
  <testcase name="testAbaNumberCheck_31532_bad" classname="com.cardatechnologies.utils.validators.abaroutevalidator.Test_AbaRouteValidator_14" time="0.027"/>
  <testcase name="testAbaNumberCheck_32346_bad" classname="com.cardatechnologies.utils.validators.abaroutevalidator.Test_AbaRouteValidator_14" time="0.019"/>
  <testcase name="testAbaNumberCheck_31082_bad" classname="com.cardatechnologies.utils.validators.abaroutevalidator.Test_AbaRouteValidator_14" time="0.019"/>
  <testcase name="testAbaNumberCheck_30720_bad" classname="com.cardatechnologies.utils.validators.abaroutevalidator.Test_AbaRouteValidator_14" time="0.02"/>
  <testcase name="testAbaNumberCheck_31534_bad" classname="com.cardatechnologies.utils.validators.abaroutevalidator.Test_AbaRouteValidator_14" time="0.019"/>
  <testcase name="testAbaNumberCheck_32348_bad" classname="com.cardatechnologies.utils.validators.abaroutevalidator.Test_AbaRouteValidator_14" time="0.021"/>
  <testcase name="testAbaNumberCheck_30270_bad" classname="com.cardatechnologies.utils.validators.abaroutevalidator.Test_AbaRouteValidator_14" time="0.02"/>
  <testcase name="testAbaNumberCheck_31084_bad" classname="com.cardatechnologies.utils.validators.abaroutevalidator.Test_AbaRouteValidator_14" time="0.024"/>
  <testcase name="testAbaNumberCheck_30722_bad" classname="com.cardatechnologies.utils.validators.abaroutevalidator.Test_AbaRouteValidator_14" time="0.023"/>
  <testcase name="testAbaNumberCheck_31536_bad" classname="com.cardatechnologies.utils.validators.abaroutevalidator.Test_AbaRouteValidator_14" time="0.02"/>
  <testcase name="testAbaNumberCheck_30272_bad" classname="com.cardatechnologies.utils.validators.abaroutevalidator.Test_AbaRouteValidator_14" time="0.018"/>
  <testcase name="testAbaNumberCheck_31086_bad" classname="com.cardatechnologies.utils.validators.abaroutevalidator.Test_AbaRouteValidator_14" time="0.02"/>
  <testcase name="testAbaNumberCheck_30724_bad" classname="com.cardatechnologies.utils.validators.abaroutevalidator.Test_AbaRouteValidator_14" time="0.031"/>
  <testcase name="testAbaNumberCheck_31538_bad" classname="com.cardatechnologies.utils.validators.abaroutevalidator.Test_AbaRouteValidator_14" time="0.021"/>
  <testcase name="testAbaNumberCheck_30274_bad" classname="com.cardatechnologies.utils.validators.abaroutevalidator.Test_AbaRouteValidator_14" time="0.025"/>
  <testcase name="testAbaNumberCheck_31088_bad" classname="com.cardatechnologies.utils.validators.abaroutevalidator.Test_AbaRouteValidator_14" time="0.024"/>
  <testcase name="testAbaNumberCheck_30726_bad" classname="com.cardatechnologies.utils.validators.abaroutevalidator.Test_AbaRouteValidator_14" time="0.022"/>
  <testcase name="testAbaNumberCheck_30276_bad" classname="com.cardatechnologies.utils.validators.abaroutevalidator.Test_AbaRouteValidator_14" time="0.019"/>
  <testcase name="testAbaNumberCheck_30728_bad" classname="com.cardatechnologies.utils.validators.abaroutevalidator.Test_AbaRouteValidator_14" time="0.018"/>
  <testcase name="testAbaNumberCheck_30278_bad" classname="com.cardatechnologies.utils.validators.abaroutevalidator.Test_AbaRouteValidator_14" time="0.018"/>
  <testcase name="testAbaNumberCheck_32350_bad" classname="com.cardatechnologies.utils.validators.abaroutevalidator.Test_AbaRouteValidator_14" time="0.019"/>
  <testcase name="testAbaNumberCheck_32352_bad" classname="com.cardatechnologies.utils.validators.abaroutevalidator.Test_AbaRouteValidator_14" time="0.019"/>
  <testcase name="testAbaNumberCheck_32121_good" classname="com.cardatechnologies.utils.validators.abaroutevalidator.Test_AbaRouteValidator_14" time="0.017"/>
  <testcase name="testAbaNumberCheck_31540_bad" classname="com.cardatechnologies.utils.validators.abaroutevalidator.Test_AbaRouteValidator_14" time="0.018"/>
  <testcase name="testAbaNumberCheck_32354_bad" classname="com.cardatechnologies.utils.validators.abaroutevalidator.Test_AbaRouteValidator_14" time="0.018"/>
  <testcase name="testAbaNumberCheck_31090_bad" classname="com.cardatechnologies.utils.validators.abaroutevalidator.Test_AbaRouteValidator_14" time="0.017"/>
  <testcase name="testAbaNumberCheck_31542_bad" classname="com.cardatechnologies.utils.validators.abaroutevalidator.Test_AbaRouteValidator_14" time="0.017"/>
  <testcase name="testAbaNumberCheck_32356_bad" classname="com.cardatechnologies.utils.validators.abaroutevalidator.Test_AbaRouteValidator_14" time="0.018"/>
  <testcase name="testAbaNumberCheck_31092_bad" classname="com.cardatechnologies.utils.validators.abaroutevalidator.Test_AbaRouteValidator_14" time="0.017"/>
  <testcase name="testAbaNumberCheck_30730_bad" classname="com.cardatechnologies.utils.validators.abaroutevalidator.Test_AbaRouteValidator_14" time="0.017"/>
  <testcase name="testAbaNumberCheck_31544_bad" classname="com.cardatechnologies.utils.validators.abaroutevalidator.Test_AbaRouteValidator_14" time="0.018"/>
  <testcase name="testAbaNumberCheck_32358_bad" classname="com.cardatechnologies.utils.validators.abaroutevalidator.Test_AbaRouteValidator_14" time="0.018"/>
  <testcase name="testAbaNumberCheck_30280_bad" classname="com.cardatechnologies.utils.validators.abaroutevalidator.Test_AbaRouteValidator_14" time="0.018"/>
  <testcase name="testAbaNumberCheck_31094_bad" classname="com.cardatechnologies.utils.validators.abaroutevalidator.Test_AbaRouteValidator_14" time="0.018"/>
  <testcase name="testAbaNumberCheck_30732_bad" classname="com.cardatechnologies.utils.validators.abaroutevalidator.Test_AbaRouteValidator_14" time="0.022"/>
  <testcase name="testAbaNumberCheck_31546_bad" classname="com.cardatechnologies.utils.validators.abaroutevalidator.Test_AbaRouteValidator_14" time="0.02"/>
  <testcase name="testAbaNumberCheck_30282_bad" classname="com.cardatechnologies.utils.validators.abaroutevalidator.Test_AbaRouteValidator_14" time="0.018"/>
  <testcase name="testAbaNumberCheck_31096_bad" classname="com.cardatechnologies.utils.validators.abaroutevalidator.Test_AbaRouteValidator_14" time="0.02"/>
  <testcase name="testAbaNumberCheck_30734_bad" classname="com.cardatechnologies.utils.validators.abaroutevalidator.Test_AbaRouteValidator_14" time="0.024"/>
  <testcase name="testAbaNumberCheck_31548_bad" classname="com.cardatechnologies.utils.validators.abaroutevalidator.Test_AbaRouteValidator_14" time="0.029"/>
  <testcase name="testAbaNumberCheck_30284_bad" classname="com.cardatechnologies.utils.validators.abaroutevalidator.Test_AbaRouteValidator_14" time="0.024"/>
  <testcase name="testAbaNumberCheck_31098_bad" classname="com.cardatechnologies.utils.validators.abaroutevalidator.Test_AbaRouteValidator_14" time="0.023"/>
  <testcase name="testAbaNumberCheck_30736_bad" classname="com.cardatechnologies.utils.validators.abaroutevalidator.Test_AbaRouteValidator_14" time="0.027"/>
  <testcase name="testAbaNumberCheck_30286_bad" classname="com.cardatechnologies.utils.validators.abaroutevalidator.Test_AbaRouteValidator_14" time="0.02"/>
  <testcase name="testAbaNumberCheck_30738_bad" classname="com.cardatechnologies.utils.validators.abaroutevalidator.Test_AbaRouteValidator_14" time="0.02"/>
  <testcase name="testAbaNumberCheck_30288_bad" classname="com.cardatechnologies.utils.validators.abaroutevalidator.Test_AbaRouteValidator_14" time="0.019"/>
  <testcase name="testAbaNumberCheck_32203_good" classname="com.cardatechnologies.utils.validators.abaroutevalidator.Test_AbaRouteValidator_14" time="0.019"/>
  <testcase name="testAbaNumberCheck_32360_bad" classname="com.cardatechnologies.utils.validators.abaroutevalidator.Test_AbaRouteValidator_14" time="0.017"/>
  <testcase name="testAbaNumberCheck_32362_bad" classname="com.cardatechnologies.utils.validators.abaroutevalidator.Test_AbaRouteValidator_14" time="0.018"/>
  <testcase name="testAbaNumberCheck_31550_bad" classname="com.cardatechnologies.utils.validators.abaroutevalidator.Test_AbaRouteValidator_14" time="0.019"/>
  <testcase name="testAbaNumberCheck_32364_bad" classname="com.cardatechnologies.utils.validators.abaroutevalidator.Test_AbaRouteValidator_14" time="0.018"/>
  <testcase name="testAbaNumberCheck_31552_bad" classname="com.cardatechnologies.utils.validators.abaroutevalidator.Test_AbaRouteValidator_14" time="0.018"/>
  <testcase name="testAbaNumberCheck_32366_bad" classname="com.cardatechnologies.utils.validators.abaroutevalidator.Test_AbaRouteValidator_14" time="0.018"/>
  <testcase name="testAbaNumberCheck_32041_good" classname="com.cardatechnologies.utils.validators.abaroutevalidator.Test_AbaRouteValidator_14" time="0.022"/>
  <testcase name="testAbaNumberCheck_30740_bad" classname="com.cardatechnologies.utils.validators.abaroutevalidator.Test_AbaRouteValidator_14" time="0.023"/>
  <testcase name="testAbaNumberCheck_31101_good" classname="com.cardatechnologies.utils.validators.abaroutevalidator.Test_AbaRouteValidator_14" time="0.023"/>
  <testcase name="testAbaNumberCheck_31554_bad" classname="com.cardatechnologies.utils.validators.abaroutevalidator.Test_AbaRouteValidator_14" time="0.024"/>
  <testcase name="testAbaNumberCheck_32368_bad" classname="com.cardatechnologies.utils.validators.abaroutevalidator.Test_AbaRouteValidator_14" time="0.018"/>
  <testcase name="testAbaNumberCheck_30290_bad" classname="com.cardatechnologies.utils.validators.abaroutevalidator.Test_AbaRouteValidator_14" time="0.02"/>
  <testcase name="testAbaNumberCheck_30742_bad" classname="com.cardatechnologies.utils.validators.abaroutevalidator.Test_AbaRouteValidator_14" time="0.026"/>
  <testcase name="testAbaNumberCheck_31556_bad" classname="com.cardatechnologies.utils.validators.abaroutevalidator.Test_AbaRouteValidator_14" time="0.035"/>
  <testcase name="testAbaNumberCheck_30292_bad" classname="com.cardatechnologies.utils.validators.abaroutevalidator.Test_AbaRouteValidator_14" time="0.024"/>
  <testcase name="testAbaNumberCheck_30744_bad" classname="com.cardatechnologies.utils.validators.abaroutevalidator.Test_AbaRouteValidator_14" time="0.018"/>
  <testcase name="testAbaNumberCheck_31558_bad" classname="com.cardatechnologies.utils.validators.abaroutevalidator.Test_AbaRouteValidator_14" time="0.027"/>
  <testcase name="testAbaNumberCheck_30294_bad" classname="com.cardatechnologies.utils.validators.abaroutevalidator.Test_AbaRouteValidator_14" time="0.019"/>
  <testcase name="testAbaNumberCheck_30746_bad" classname="com.cardatechnologies.utils.validators.abaroutevalidator.Test_AbaRouteValidator_14" time="0.019"/>
  <testcase name="testAbaNumberCheck_30296_bad" classname="com.cardatechnologies.utils.validators.abaroutevalidator.Test_AbaRouteValidator_14" time="0.019"/>
  <testcase name="testAbaNumberCheck_30748_bad" classname="com.cardatechnologies.utils.validators.abaroutevalidator.Test_AbaRouteValidator_14" time="0.019"/>
  <testcase name="testAbaNumberCheck_30298_bad" classname="com.cardatechnologies.utils.validators.abaroutevalidator.Test_AbaRouteValidator_14" time="0.02"/>
  <testcase name="testAbaNumberCheck_32411_good" classname="com.cardatechnologies.utils.validators.abaroutevalidator.Test_AbaRouteValidator_14" time="0.018"/>
  <testcase name="testAbaNumberCheck_32370_bad" classname="com.cardatechnologies.utils.validators.abaroutevalidator.Test_AbaRouteValidator_14" time="0.018"/>
  <testcase name="testAbaNumberCheck_32372_bad" classname="com.cardatechnologies.utils.validators.abaroutevalidator.Test_AbaRouteValidator_14" time="0.02"/>
  <testcase name="testAbaNumberCheck_32123_good" classname="com.cardatechnologies.utils.validators.abaroutevalidator.Test_AbaRouteValidator_14" time="0.02"/>
  <testcase name="testAbaNumberCheck_31560_bad" classname="com.cardatechnologies.utils.validators.abaroutevalidator.Test_AbaRouteValidator_14" time="0.024"/>
  <testcase name="testAbaNumberCheck_32374_bad" classname="com.cardatechnologies.utils.validators.abaroutevalidator.Test_AbaRouteValidator_14" time="0.019"/>
  <testcase name="testAbaNumberCheck_31562_bad" classname="com.cardatechnologies.utils.validators.abaroutevalidator.Test_AbaRouteValidator_14" time="0.023"/>
  <testcase name="testAbaNumberCheck_32376_bad" classname="com.cardatechnologies.utils.validators.abaroutevalidator.Test_AbaRouteValidator_14" time="0.024"/>
  <testcase name="testAbaNumberCheck_30750_bad" classname="com.cardatechnologies.utils.validators.abaroutevalidator.Test_AbaRouteValidator_14" time="0.023"/>
  <testcase name="testAbaNumberCheck_31564_bad" classname="com.cardatechnologies.utils.validators.abaroutevalidator.Test_AbaRouteValidator_14" time="0.019"/>
  <testcase name="testAbaNumberCheck_32378_bad" classname="com.cardatechnologies.utils.validators.abaroutevalidator.Test_AbaRouteValidator_14" time="0.02"/>
  <testcase name="testAbaNumberCheck_30752_bad" classname="com.cardatechnologies.utils.validators.abaroutevalidator.Test_AbaRouteValidator_14" time="0.02"/>
  <testcase name="testAbaNumberCheck_31566_bad" classname="com.cardatechnologies.utils.validators.abaroutevalidator.Test_AbaRouteValidator_14" time="0.017"/>
  <testcase name="testAbaNumberCheck_31021_good" classname="com.cardatechnologies.utils.validators.abaroutevalidator.Test_AbaRouteValidator_14" time="0.018"/>
  <testcase name="testAbaNumberCheck_30754_bad" classname="com.cardatechnologies.utils.validators.abaroutevalidator.Test_AbaRouteValidator_14" time="0.018"/>
  <testcase name="testAbaNumberCheck_31568_bad" classname="com.cardatechnologies.utils.validators.abaroutevalidator.Test_AbaRouteValidator_14" time="0.018"/>
  <testcase name="testAbaNumberCheck_30756_bad" classname="com.cardatechnologies.utils.validators.abaroutevalidator.Test_AbaRouteValidator_14" time="0.021"/>
  <testcase name="testAbaNumberCheck_30758_bad" classname="com.cardatechnologies.utils.validators.abaroutevalidator.Test_AbaRouteValidator_14" time="0.021"/>
  <testcase name="testAbaNumberCheck_32331_good" classname="com.cardatechnologies.utils.validators.abaroutevalidator.Test_AbaRouteValidator_14" time="0.018"/>
  <testcase name="testAbaNumberCheck_32205_good" classname="com.cardatechnologies.utils.validators.abaroutevalidator.Test_AbaRouteValidator_14" time="0.017"/>
  <testcase name="testAbaNumberCheck_32380_bad" classname="com.cardatechnologies.utils.validators.abaroutevalidator.Test_AbaRouteValidator_14" time="0.029"/>
  <testcase name="testAbaNumberCheck_32382_bad" classname="com.cardatechnologies.utils.validators.abaroutevalidator.Test_AbaRouteValidator_14" time="0.018"/>
  <testcase name="testAbaNumberCheck_31570_bad" classname="com.cardatechnologies.utils.validators.abaroutevalidator.Test_AbaRouteValidator_14" time="0.017"/>
  <testcase name="testAbaNumberCheck_32384_bad" classname="com.cardatechnologies.utils.validators.abaroutevalidator.Test_AbaRouteValidator_14" time="0.019"/>
  <testcase name="testAbaNumberCheck_31572_bad" classname="com.cardatechnologies.utils.validators.abaroutevalidator.Test_AbaRouteValidator_14" time="0.018"/>
  <testcase name="testAbaNumberCheck_32386_bad" classname="com.cardatechnologies.utils.validators.abaroutevalidator.Test_AbaRouteValidator_14" time="0.019"/>
  <testcase name="testAbaNumberCheck_32043_good" classname="com.cardatechnologies.utils.validators.abaroutevalidator.Test_AbaRouteValidator_14" time="0.018"/>
  <testcase name="testAbaNumberCheck_30760_bad" classname="com.cardatechnologies.utils.validators.abaroutevalidator.Test_AbaRouteValidator_14" time="0.019"/>
  <testcase name="testAbaNumberCheck_31103_good" classname="com.cardatechnologies.utils.validators.abaroutevalidator.Test_AbaRouteValidator_14" time="0.021"/>
  <testcase name="testAbaNumberCheck_31574_bad" classname="com.cardatechnologies.utils.validators.abaroutevalidator.Test_AbaRouteValidator_14" time="0.019"/>
  <testcase name="testAbaNumberCheck_32388_bad" classname="com.cardatechnologies.utils.validators.abaroutevalidator.Test_AbaRouteValidator_14" time="0.02"/>
  <testcase name="testAbaNumberCheck_30762_bad" classname="com.cardatechnologies.utils.validators.abaroutevalidator.Test_AbaRouteValidator_14" time="0.02"/>
  <testcase name="testAbaNumberCheck_31576_bad" classname="com.cardatechnologies.utils.validators.abaroutevalidator.Test_AbaRouteValidator_14" time="0.021"/>
  <testcase name="testAbaNumberCheck_30764_bad" classname="com.cardatechnologies.utils.validators.abaroutevalidator.Test_AbaRouteValidator_14" time="0.02"/>
  <testcase name="testAbaNumberCheck_31578_bad" classname="com.cardatechnologies.utils.validators.abaroutevalidator.Test_AbaRouteValidator_14" time="0.02"/>
  <testcase name="testAbaNumberCheck_30766_bad" classname="com.cardatechnologies.utils.validators.abaroutevalidator.Test_AbaRouteValidator_14" time="0.021"/>
  <testcase name="testAbaNumberCheck_30768_bad" classname="com.cardatechnologies.utils.validators.abaroutevalidator.Test_AbaRouteValidator_14" time="0.02"/>
  <testcase name="testAbaNumberCheck_30001_good" classname="com.cardatechnologies.utils.validators.abaroutevalidator.Test_AbaRouteValidator_14" time="0.019"/>
  <testcase name="testAbaNumberCheck_32413_good" classname="com.cardatechnologies.utils.validators.abaroutevalidator.Test_AbaRouteValidator_14" time="0.021"/>
  <testcase name="testAbaNumberCheck_32251_good" classname="com.cardatechnologies.utils.validators.abaroutevalidator.Test_AbaRouteValidator_14" time="0.021"/>
  <testcase name="testAbaNumberCheck_31311_good" classname="com.cardatechnologies.utils.validators.abaroutevalidator.Test_AbaRouteValidator_14" time="0.021"/>
  <testcase name="testAbaNumberCheck_32390_bad" classname="com.cardatechnologies.utils.validators.abaroutevalidator.Test_AbaRouteValidator_14" time="0.021"/>
  <testcase name="testAbaNumberCheck_32392_bad" classname="com.cardatechnologies.utils.validators.abaroutevalidator.Test_AbaRouteValidator_14" time="0.022"/>
  <testcase name="testAbaNumberCheck_32125_good" classname="com.cardatechnologies.utils.validators.abaroutevalidator.Test_AbaRouteValidator_14" time="0.022"/>
  <testcase name="testAbaNumberCheck_31580_bad" classname="com.cardatechnologies.utils.validators.abaroutevalidator.Test_AbaRouteValidator_14" time="0.018"/>
  <testcase name="testAbaNumberCheck_32394_bad" classname="com.cardatechnologies.utils.validators.abaroutevalidator.Test_AbaRouteValidator_14" time="0.019"/>
  <testcase name="testAbaNumberCheck_31582_bad" classname="com.cardatechnologies.utils.validators.abaroutevalidator.Test_AbaRouteValidator_14" time="0.028"/>
  <testcase name="testAbaNumberCheck_32396_bad" classname="com.cardatechnologies.utils.validators.abaroutevalidator.Test_AbaRouteValidator_14" time="0.019"/>
  <testcase name="testAbaNumberCheck_30770_bad" classname="com.cardatechnologies.utils.validators.abaroutevalidator.Test_AbaRouteValidator_14" time="0.019"/>
  <testcase name="testAbaNumberCheck_31584_bad" classname="com.cardatechnologies.utils.validators.abaroutevalidator.Test_AbaRouteValidator_14" time="0.019"/>
  <testcase name="testAbaNumberCheck_32398_bad" classname="com.cardatechnologies.utils.validators.abaroutevalidator.Test_AbaRouteValidator_14" time="0.018"/>
  <testcase name="testAbaNumberCheck_30772_bad" classname="com.cardatechnologies.utils.validators.abaroutevalidator.Test_AbaRouteValidator_14" time="0.019"/>
  <testcase name="testAbaNumberCheck_31586_bad" classname="com.cardatechnologies.utils.validators.abaroutevalidator.Test_AbaRouteValidator_14" time="0.024"/>
  <testcase name="testAbaNumberCheck_31023_good" classname="com.cardatechnologies.utils.validators.abaroutevalidator.Test_AbaRouteValidator_14" time="0.018"/>
  <testcase name="testAbaNumberCheck_30774_bad" classname="com.cardatechnologies.utils.validators.abaroutevalidator.Test_AbaRouteValidator_14" time="0.019"/>
  <testcase name="testAbaNumberCheck_31588_bad" classname="com.cardatechnologies.utils.validators.abaroutevalidator.Test_AbaRouteValidator_14" time="0.018"/>
  <testcase name="testAbaNumberCheck_30776_bad" classname="com.cardatechnologies.utils.validators.abaroutevalidator.Test_AbaRouteValidator_14" time="0.018"/>
  <testcase name="testAbaNumberCheck_30778_bad" classname="com.cardatechnologies.utils.validators.abaroutevalidator.Test_AbaRouteValidator_14" time="0.019"/>
  <testcase name="testAbaNumberCheck_32333_good" classname="com.cardatechnologies.utils.validators.abaroutevalidator.Test_AbaRouteValidator_14" time="0.018"/>
  <testcase name="testAbaNumberCheck_32207_good" classname="com.cardatechnologies.utils.validators.abaroutevalidator.Test_AbaRouteValidator_14" time="0.019"/>
  <testcase name="testAbaNumberCheck_32171_good" classname="com.cardatechnologies.utils.validators.abaroutevalidator.Test_AbaRouteValidator_14" time="0.019"/>
  <testcase name="testAbaNumberCheck_31231_good" classname="com.cardatechnologies.utils.validators.abaroutevalidator.Test_AbaRouteValidator_14" time="0.019"/>
  <testcase name="testAbaNumberCheck_31590_bad" classname="com.cardatechnologies.utils.validators.abaroutevalidator.Test_AbaRouteValidator_14" time="0.017"/>
  <testcase name="testAbaNumberCheck_31592_bad" classname="com.cardatechnologies.utils.validators.abaroutevalidator.Test_AbaRouteValidator_14" time="0.018"/>
  <testcase name="testAbaNumberCheck_32045_good" classname="com.cardatechnologies.utils.validators.abaroutevalidator.Test_AbaRouteValidator_14" time="0.019"/>
  <testcase name="testAbaNumberCheck_30780_bad" classname="com.cardatechnologies.utils.validators.abaroutevalidator.Test_AbaRouteValidator_14" time="0.018"/>
  <testcase name="testAbaNumberCheck_31105_good" classname="com.cardatechnologies.utils.validators.abaroutevalidator.Test_AbaRouteValidator_14" time="0.019"/>
  <testcase name="testAbaNumberCheck_31594_bad" classname="com.cardatechnologies.utils.validators.abaroutevalidator.Test_AbaRouteValidator_14" time="0.018"/>
  <testcase name="testAbaNumberCheck_30782_bad" classname="com.cardatechnologies.utils.validators.abaroutevalidator.Test_AbaRouteValidator_14" time="0.018"/>
  <testcase name="testAbaNumberCheck_31596_bad" classname="com.cardatechnologies.utils.validators.abaroutevalidator.Test_AbaRouteValidator_14" time="0.018"/>
  <testcase name="testAbaNumberCheck_30784_bad" classname="com.cardatechnologies.utils.validators.abaroutevalidator.Test_AbaRouteValidator_14" time="0.024"/>
  <testcase name="testAbaNumberCheck_31598_bad" classname="com.cardatechnologies.utils.validators.abaroutevalidator.Test_AbaRouteValidator_14" time="0.017"/>
  <testcase name="testAbaNumberCheck_30786_bad" classname="com.cardatechnologies.utils.validators.abaroutevalidator.Test_AbaRouteValidator_14" time="0.02"/>
  <testcase name="testAbaNumberCheck_30788_bad" classname="com.cardatechnologies.utils.validators.abaroutevalidator.Test_AbaRouteValidator_14" time="0.025"/>
  <testcase name="testAbaNumberCheck_30003_good" classname="com.cardatechnologies.utils.validators.abaroutevalidator.Test_AbaRouteValidator_14" time="0.019"/>
  <testcase name="testAbaNumberCheck_31601_good" classname="com.cardatechnologies.utils.validators.abaroutevalidator.Test_AbaRouteValidator_14" time="0.018"/>
  <testcase name="testAbaNumberCheck_32415_good" classname="com.cardatechnologies.utils.validators.abaroutevalidator.Test_AbaRouteValidator_14" time="0.018"/>
  <testcase name="testAbaNumberCheck_32253_good" classname="com.cardatechnologies.utils.validators.abaroutevalidator.Test_AbaRouteValidator_14" time="0.017"/>
  <testcase name="testAbaNumberCheck_31313_good" classname="com.cardatechnologies.utils.validators.abaroutevalidator.Test_AbaRouteValidator_14" time="0.018"/>
  <testcase name="testAbaNumberCheck_32127_good" classname="com.cardatechnologies.utils.validators.abaroutevalidator.Test_AbaRouteValidator_14" time="0.017"/>
  <testcase name="testAbaNumberCheck_32091_good" classname="com.cardatechnologies.utils.validators.abaroutevalidator.Test_AbaRouteValidator_14" time="0.018"/>
  <testcase name="testAbaNumberCheck_31151_good" classname="com.cardatechnologies.utils.validators.abaroutevalidator.Test_AbaRouteValidator_14" time="0.018"/>
  <testcase name="testAbaNumberCheck_30211_good" classname="com.cardatechnologies.utils.validators.abaroutevalidator.Test_AbaRouteValidator_14" time="0.018"/>
  <testcase name="testAbaNumberCheck_30790_bad" classname="com.cardatechnologies.utils.validators.abaroutevalidator.Test_AbaRouteValidator_14" time="0.017"/>
  <testcase name="testAbaNumberCheck_30792_bad" classname="com.cardatechnologies.utils.validators.abaroutevalidator.Test_AbaRouteValidator_14" time="0.018"/>
  <testcase name="testAbaNumberCheck_31025_good" classname="com.cardatechnologies.utils.validators.abaroutevalidator.Test_AbaRouteValidator_14" time="0.018"/>
  <testcase name="testAbaNumberCheck_30794_bad" classname="com.cardatechnologies.utils.validators.abaroutevalidator.Test_AbaRouteValidator_14" time="0.018"/>
  <testcase name="testAbaNumberCheck_30796_bad" classname="com.cardatechnologies.utils.validators.abaroutevalidator.Test_AbaRouteValidator_14" time="0.018"/>
  <testcase name="testAbaNumberCheck_30798_bad" classname="com.cardatechnologies.utils.validators.abaroutevalidator.Test_AbaRouteValidator_14" time="0.017"/>
  <testcase name="testAbaNumberCheck_32461_good" classname="com.cardatechnologies.utils.validators.abaroutevalidator.Test_AbaRouteValidator_14" time="0.017"/>
  <testcase name="testAbaNumberCheck_31521_good" classname="com.cardatechnologies.utils.validators.abaroutevalidator.Test_AbaRouteValidator_14" time="0.019"/>
  <testcase name="testAbaNumberCheck_32335_good" classname="com.cardatechnologies.utils.validators.abaroutevalidator.Test_AbaRouteValidator_14" time="0.019"/>
  <testcase name="testAbaNumberCheck_32209_good" classname="com.cardatechnologies.utils.validators.abaroutevalidator.Test_AbaRouteValidator_14" time="0.018"/>
  <testcase name="testAbaNumberCheck_32173_good" classname="com.cardatechnologies.utils.validators.abaroutevalidator.Test_AbaRouteValidator_14" time="0.018"/>
  <testcase name="testAbaNumberCheck_31233_good" classname="com.cardatechnologies.utils.validators.abaroutevalidator.Test_AbaRouteValidator_14" time="0.018"/>
  <testcase name="testAbaNumberCheck_32047_good" classname="com.cardatechnologies.utils.validators.abaroutevalidator.Test_AbaRouteValidator_14" time="0.018"/>
  <testcase name="testAbaNumberCheck_31107_good" classname="com.cardatechnologies.utils.validators.abaroutevalidator.Test_AbaRouteValidator_14" time="0.018"/>
  <testcase name="testAbaNumberCheck_31071_good" classname="com.cardatechnologies.utils.validators.abaroutevalidator.Test_AbaRouteValidator_14" time="0.017"/>
  <testcase name="testAbaNumberCheck_30131_good" classname="com.cardatechnologies.utils.validators.abaroutevalidator.Test_AbaRouteValidator_14" time="0.027"/>
  <testcase name="testAbaNumberCheck_30005_good" classname="com.cardatechnologies.utils.validators.abaroutevalidator.Test_AbaRouteValidator_14" time="0.018"/>
  <testcase name="testAbaNumberCheck_31603_good" classname="com.cardatechnologies.utils.validators.abaroutevalidator.Test_AbaRouteValidator_14" time="0.018"/>
  <testcase name="testAbaNumberCheck_32417_good" classname="com.cardatechnologies.utils.validators.abaroutevalidator.Test_AbaRouteValidator_14" time="0.024"/>
  <testcase name="testAbaNumberCheck_32381_good" classname="com.cardatechnologies.utils.validators.abaroutevalidator.Test_AbaRouteValidator_14" time="0.02"/>
  <testcase name="testAbaNumberCheck_31441_good" classname="com.cardatechnologies.utils.validators.abaroutevalidator.Test_AbaRouteValidator_14" time="0.019"/>
  <testcase name="testAbaNumberCheck_30501_good" classname="com.cardatechnologies.utils.validators.abaroutevalidator.Test_AbaRouteValidator_14" time="0.019"/>
  <testcase name="testAbaNumberCheck_32255_good" classname="com.cardatechnologies.utils.validators.abaroutevalidator.Test_AbaRouteValidator_14" time="0.018"/>
  <testcase name="testAbaNumberCheck_31315_good" classname="com.cardatechnologies.utils.validators.abaroutevalidator.Test_AbaRouteValidator_14" time="0.018"/>
  <testcase name="testAbaNumberCheck_32129_good" classname="com.cardatechnologies.utils.validators.abaroutevalidator.Test_AbaRouteValidator_14" time="0.02"/>
  <testcase name="testAbaNumberCheck_32093_good" classname="com.cardatechnologies.utils.validators.abaroutevalidator.Test_AbaRouteValidator_14" time="0.022"/>
  <testcase name="testAbaNumberCheck_31153_good" classname="com.cardatechnologies.utils.validators.abaroutevalidator.Test_AbaRouteValidator_14" time="0.023"/>
  <testcase name="testAbaNumberCheck_30213_good" classname="com.cardatechnologies.utils.validators.abaroutevalidator.Test_AbaRouteValidator_14" time="0.022"/>
  <testcase name="testAbaNumberCheck_31811_good" classname="com.cardatechnologies.utils.validators.abaroutevalidator.Test_AbaRouteValidator_14" time="0.024"/>
  <testcase name="testAbaNumberCheck_31027_good" classname="com.cardatechnologies.utils.validators.abaroutevalidator.Test_AbaRouteValidator_14" time="0.032"/>
  <testcase name="testAbaNumberCheck_30051_good" classname="com.cardatechnologies.utils.validators.abaroutevalidator.Test_AbaRouteValidator_14" time="0.022"/>
  <testcase name="testAbaNumberCheck_32463_good" classname="com.cardatechnologies.utils.validators.abaroutevalidator.Test_AbaRouteValidator_14" time="0.021"/>
  <testcase name="testAbaNumberCheck_31523_good" classname="com.cardatechnologies.utils.validators.abaroutevalidator.Test_AbaRouteValidator_14" time="0.023"/>
  <testcase name="testAbaNumberCheck_32337_good" classname="com.cardatechnologies.utils.validators.abaroutevalidator.Test_AbaRouteValidator_14" time="0.022"/>
  <testcase name="testAbaNumberCheck_31361_good" classname="com.cardatechnologies.utils.validators.abaroutevalidator.Test_AbaRouteValidator_14" time="0.021"/>
  <testcase name="testAbaNumberCheck_30421_good" classname="com.cardatechnologies.utils.validators.abaroutevalidator.Test_AbaRouteValidator_14" time="0.022"/>
  <testcase name="testAbaNumberCheck_32175_good" classname="com.cardatechnologies.utils.validators.abaroutevalidator.Test_AbaRouteValidator_14" time="0.021"/>
  <testcase name="testAbaNumberCheck_31235_good" classname="com.cardatechnologies.utils.validators.abaroutevalidator.Test_AbaRouteValidator_14" time="0.022"/>
  <testcase name="testAbaNumberCheck_32049_good" classname="com.cardatechnologies.utils.validators.abaroutevalidator.Test_AbaRouteValidator_14" time="0.023"/>
  <testcase name="testAbaNumberCheck_31109_good" classname="com.cardatechnologies.utils.validators.abaroutevalidator.Test_AbaRouteValidator_14" time="0.027"/>
  <testcase name="testAbaNumberCheck_31073_good" classname="com.cardatechnologies.utils.validators.abaroutevalidator.Test_AbaRouteValidator_14" time="0.022"/>
  <testcase name="testAbaNumberCheck_30133_good" classname="com.cardatechnologies.utils.validators.abaroutevalidator.Test_AbaRouteValidator_14" time="0.018"/>
  <testcase name="testAbaNumberCheck_31731_good" classname="com.cardatechnologies.utils.validators.abaroutevalidator.Test_AbaRouteValidator_14" time="0.029"/>
  <testcase name="testAbaNumberCheck_30007_good" classname="com.cardatechnologies.utils.validators.abaroutevalidator.Test_AbaRouteValidator_14" time="0.019"/>
  <testcase name="testAbaNumberCheck_31605_good" classname="com.cardatechnologies.utils.validators.abaroutevalidator.Test_AbaRouteValidator_14" time="0.018"/>
  <testcase name="testAbaNumberCheck_32419_good" classname="com.cardatechnologies.utils.validators.abaroutevalidator.Test_AbaRouteValidator_14" time="0.019"/>
  <testcase name="testAbaNumberCheck_32383_good" classname="com.cardatechnologies.utils.validators.abaroutevalidator.Test_AbaRouteValidator_14" time="0.019"/>
  <testcase name="testAbaNumberCheck_31443_good" classname="com.cardatechnologies.utils.validators.abaroutevalidator.Test_AbaRouteValidator_14" time="0.019"/>
  <testcase name="testAbaNumberCheck_30503_good" classname="com.cardatechnologies.utils.validators.abaroutevalidator.Test_AbaRouteValidator_14" time="0.019"/>
  <testcase name="testAbaNumberCheck_32257_good" classname="com.cardatechnologies.utils.validators.abaroutevalidator.Test_AbaRouteValidator_14" time="0.022"/>
  <testcase name="testAbaNumberCheck_31317_good" classname="com.cardatechnologies.utils.validators.abaroutevalidator.Test_AbaRouteValidator_14" time="0.02"/>
  <testcase name="testAbaNumberCheck_31281_good" classname="com.cardatechnologies.utils.validators.abaroutevalidator.Test_AbaRouteValidator_14" time="0.02"/>
  <testcase name="testAbaNumberCheck_30341_good" classname="com.cardatechnologies.utils.validators.abaroutevalidator.Test_AbaRouteValidator_14" time="0.02"/>
  <testcase name="testAbaNumberCheck_32095_good" classname="com.cardatechnologies.utils.validators.abaroutevalidator.Test_AbaRouteValidator_14" time="0.019"/>
  <testcase name="testAbaNumberCheck_31155_good" classname="com.cardatechnologies.utils.validators.abaroutevalidator.Test_AbaRouteValidator_14" time="0.017"/>
  <testcase name="testAbaNumberCheck_30215_good" classname="com.cardatechnologies.utils.validators.abaroutevalidator.Test_AbaRouteValidator_14" time="0.018"/>
  <testcase name="testAbaNumberCheck_31813_good" classname="com.cardatechnologies.utils.validators.abaroutevalidator.Test_AbaRouteValidator_14" time="0.018"/>
  <testcase name="testAbaNumberCheck_31029_good" classname="com.cardatechnologies.utils.validators.abaroutevalidator.Test_AbaRouteValidator_14" time="0.018"/>
  <testcase name="testAbaNumberCheck_30053_good" classname="com.cardatechnologies.utils.validators.abaroutevalidator.Test_AbaRouteValidator_14" time="0.017"/>
  <testcase name="testAbaNumberCheck_31651_good" classname="com.cardatechnologies.utils.validators.abaroutevalidator.Test_AbaRouteValidator_14" time="0.017"/>
  <testcase name="testAbaNumberCheck_30711_good" classname="com.cardatechnologies.utils.validators.abaroutevalidator.Test_AbaRouteValidator_14" time="0.018"/>
  <testcase name="testAbaNumberCheck_32465_good" classname="com.cardatechnologies.utils.validators.abaroutevalidator.Test_AbaRouteValidator_14" time="0.018"/>
  <testcase name="testAbaNumberCheck_31525_good" classname="com.cardatechnologies.utils.validators.abaroutevalidator.Test_AbaRouteValidator_14" time="0.017"/>
  <testcase name="testAbaNumberCheck_32339_good" classname="com.cardatechnologies.utils.validators.abaroutevalidator.Test_AbaRouteValidator_14" time="0.018"/>
  <testcase name="testAbaNumberCheck_31363_good" classname="com.cardatechnologies.utils.validators.abaroutevalidator.Test_AbaRouteValidator_14" time="0.018"/>
  <testcase name="testAbaNumberCheck_30423_good" classname="com.cardatechnologies.utils.validators.abaroutevalidator.Test_AbaRouteValidator_14" time="0.017"/>
  <testcase name="testAbaNumberCheck_32177_good" classname="com.cardatechnologies.utils.validators.abaroutevalidator.Test_AbaRouteValidator_14" time="0.017"/>
  <testcase name="testAbaNumberCheck_31237_good" classname="com.cardatechnologies.utils.validators.abaroutevalidator.Test_AbaRouteValidator_14" time="0.026"/>
  <testcase name="testAbaNumberCheck_30261_good" classname="com.cardatechnologies.utils.validators.abaroutevalidator.Test_AbaRouteValidator_14" time="0.017"/>
  <testcase name="testAbaNumberCheck_31075_good" classname="com.cardatechnologies.utils.validators.abaroutevalidator.Test_AbaRouteValidator_14" time="0.022"/>
  <testcase name="testAbaNumberCheck_30135_good" classname="com.cardatechnologies.utils.validators.abaroutevalidator.Test_AbaRouteValidator_14" time="0.024"/>
  <testcase name="testAbaNumberCheck_31733_good" classname="com.cardatechnologies.utils.validators.abaroutevalidator.Test_AbaRouteValidator_14" time="0.018"/>
  <testcase name="testAbaNumberCheck_30009_good" classname="com.cardatechnologies.utils.validators.abaroutevalidator.Test_AbaRouteValidator_14" time="0.018"/>
  <testcase name="testAbaNumberCheck_31607_good" classname="com.cardatechnologies.utils.validators.abaroutevalidator.Test_AbaRouteValidator_14" time="0.019"/>
  <testcase name="testAbaNumberCheck_31571_good" classname="com.cardatechnologies.utils.validators.abaroutevalidator.Test_AbaRouteValidator_14" time="0.018"/>
  <testcase name="testAbaNumberCheck_30631_good" classname="com.cardatechnologies.utils.validators.abaroutevalidator.Test_AbaRouteValidator_14" time="0.018"/>
  <testcase name="testAbaNumberCheck_32385_good" classname="com.cardatechnologies.utils.validators.abaroutevalidator.Test_AbaRouteValidator_14" time="0.018"/>
  <testcase name="testAbaNumberCheck_31445_good" classname="com.cardatechnologies.utils.validators.abaroutevalidator.Test_AbaRouteValidator_14" time="0.018"/>
  <testcase name="testAbaNumberCheck_30505_good" classname="com.cardatechnologies.utils.validators.abaroutevalidator.Test_AbaRouteValidator_14" time="0.018"/>
  <testcase name="testAbaNumberCheck_32259_good" classname="com.cardatechnologies.utils.validators.abaroutevalidator.Test_AbaRouteValidator_14" time="0.017"/>
  <testcase name="testAbaNumberCheck_31319_good" classname="com.cardatechnologies.utils.validators.abaroutevalidator.Test_AbaRouteValidator_14" time="0.017"/>
  <testcase name="testAbaNumberCheck_31283_good" classname="com.cardatechnologies.utils.validators.abaroutevalidator.Test_AbaRouteValidator_14" time="0.018"/>
  <testcase name="testAbaNumberCheck_30343_good" classname="com.cardatechnologies.utils.validators.abaroutevalidator.Test_AbaRouteValidator_14" time="0.018"/>
  <testcase name="testAbaNumberCheck_31941_good" classname="com.cardatechnologies.utils.validators.abaroutevalidator.Test_AbaRouteValidator_14" time="0.018"/>
  <testcase name="testAbaNumberCheck_32097_good" classname="com.cardatechnologies.utils.validators.abaroutevalidator.Test_AbaRouteValidator_14" time="0.018"/>
  <testcase name="testAbaNumberCheck_31157_good" classname="com.cardatechnologies.utils.validators.abaroutevalidator.Test_AbaRouteValidator_14" time="0.018"/>
  <testcase name="testAbaNumberCheck_30217_good" classname="com.cardatechnologies.utils.validators.abaroutevalidator.Test_AbaRouteValidator_14" time="0.022"/>
  <testcase name="testAbaNumberCheck_31815_good" classname="com.cardatechnologies.utils.validators.abaroutevalidator.Test_AbaRouteValidator_14" time="0.02"/>
  <testcase name="testAbaNumberCheck_30181_good" classname="com.cardatechnologies.utils.validators.abaroutevalidator.Test_AbaRouteValidator_14" time="0.022"/>
  <testcase name="testAbaNumberCheck_30055_good" classname="com.cardatechnologies.utils.validators.abaroutevalidator.Test_AbaRouteValidator_14" time="0.022"/>
  <testcase name="testAbaNumberCheck_31653_good" classname="com.cardatechnologies.utils.validators.abaroutevalidator.Test_AbaRouteValidator_14" time="0.03"/>
  <testcase name="testAbaNumberCheck_30713_good" classname="com.cardatechnologies.utils.validators.abaroutevalidator.Test_AbaRouteValidator_14" time="0.021"/>
  <testcase name="testAbaNumberCheck_32467_good" classname="com.cardatechnologies.utils.validators.abaroutevalidator.Test_AbaRouteValidator_14" time="0.021"/>
  <testcase name="testAbaNumberCheck_31527_good" classname="com.cardatechnologies.utils.validators.abaroutevalidator.Test_AbaRouteValidator_14" time="0.022"/>
  <testcase name="testAbaNumberCheck_31491_good" classname="com.cardatechnologies.utils.validators.abaroutevalidator.Test_AbaRouteValidator_14" time="0.021"/>
  <testcase name="testAbaNumberCheck_30551_good" classname="com.cardatechnologies.utils.validators.abaroutevalidator.Test_AbaRouteValidator_14" time="0.021"/>
  <testcase name="testAbaNumberCheck_31365_good" classname="com.cardatechnologies.utils.validators.abaroutevalidator.Test_AbaRouteValidator_14" time="0.028"/>
  <testcase name="testAbaNumberCheck_30425_good" classname="com.cardatechnologies.utils.validators.abaroutevalidator.Test_AbaRouteValidator_14" time="0.017"/>
  <testcase name="testAbaNumberCheck_32179_good" classname="com.cardatechnologies.utils.validators.abaroutevalidator.Test_AbaRouteValidator_14" time="0.019"/>
  <testcase name="testAbaNumberCheck_31239_good" classname="com.cardatechnologies.utils.validators.abaroutevalidator.Test_AbaRouteValidator_14" time="0.018"/>
  <testcase name="testAbaNumberCheck_30263_good" classname="com.cardatechnologies.utils.validators.abaroutevalidator.Test_AbaRouteValidator_14" time="0.017"/>
  <testcase name="testAbaNumberCheck_31861_good" classname="com.cardatechnologies.utils.validators.abaroutevalidator.Test_AbaRouteValidator_14" time="0.018"/>
  <testcase name="testAbaNumberCheck_30921_good" classname="com.cardatechnologies.utils.validators.abaroutevalidator.Test_AbaRouteValidator_14" time="0.018"/>
  <testcase name="testAbaNumberCheck_31077_good" classname="com.cardatechnologies.utils.validators.abaroutevalidator.Test_AbaRouteValidator_14" time="0.018"/>
  <testcase name="testAbaNumberCheck_30137_good" classname="com.cardatechnologies.utils.validators.abaroutevalidator.Test_AbaRouteValidator_14" time="0.018"/>
  <testcase name="testAbaNumberCheck_31735_good" classname="com.cardatechnologies.utils.validators.abaroutevalidator.Test_AbaRouteValidator_14" time="0.018"/>
  <testcase name="testAbaNumberCheck_31609_good" classname="com.cardatechnologies.utils.validators.abaroutevalidator.Test_AbaRouteValidator_14" time="0.017"/>
  <testcase name="testAbaNumberCheck_31573_good" classname="com.cardatechnologies.utils.validators.abaroutevalidator.Test_AbaRouteValidator_14" time="0.018"/>
  <testcase name="testAbaNumberCheck_30633_good" classname="com.cardatechnologies.utils.validators.abaroutevalidator.Test_AbaRouteValidator_14" time="0.019"/>
  <testcase name="testAbaNumberCheck_32387_good" classname="com.cardatechnologies.utils.validators.abaroutevalidator.Test_AbaRouteValidator_14" time="0.057"/>
  <testcase name="testAbaNumberCheck_31447_good" classname="com.cardatechnologies.utils.validators.abaroutevalidator.Test_AbaRouteValidator_14" time="0.018"/>
  <testcase name="testAbaNumberCheck_30507_good" classname="com.cardatechnologies.utils.validators.abaroutevalidator.Test_AbaRouteValidator_14" time="0.019"/>
  <testcase name="testAbaNumberCheck_30471_good" classname="com.cardatechnologies.utils.validators.abaroutevalidator.Test_AbaRouteValidator_14" time="0.018"/>
  <testcase name="testAbaNumberCheck_31285_good" classname="com.cardatechnologies.utils.validators.abaroutevalidator.Test_AbaRouteValidator_14" time="0.017"/>
  <testcase name="testAbaNumberCheck_30345_good" classname="com.cardatechnologies.utils.validators.abaroutevalidator.Test_AbaRouteValidator_14" time="0.018"/>
  <testcase name="testAbaNumberCheck_31943_good" classname="com.cardatechnologies.utils.validators.abaroutevalidator.Test_AbaRouteValidator_14" time="0.018"/>
  <testcase name="testAbaNumberCheck_32099_good" classname="com.cardatechnologies.utils.validators.abaroutevalidator.Test_AbaRouteValidator_14" time="0.018"/>
  <testcase name="testAbaNumberCheck_31159_good" classname="com.cardatechnologies.utils.validators.abaroutevalidator.Test_AbaRouteValidator_14" time="0.017"/>
  <testcase name="testAbaNumberCheck_30219_good" classname="com.cardatechnologies.utils.validators.abaroutevalidator.Test_AbaRouteValidator_14" time="0.018"/>
  <testcase name="testAbaNumberCheck_31817_good" classname="com.cardatechnologies.utils.validators.abaroutevalidator.Test_AbaRouteValidator_14" time="0.022"/>
  <testcase name="testAbaNumberCheck_30183_good" classname="com.cardatechnologies.utils.validators.abaroutevalidator.Test_AbaRouteValidator_14" time="0.02"/>
  <testcase name="testAbaNumberCheck_31781_good" classname="com.cardatechnologies.utils.validators.abaroutevalidator.Test_AbaRouteValidator_14" time="0.018"/>
  <testcase name="testAbaNumberCheck_30841_good" classname="com.cardatechnologies.utils.validators.abaroutevalidator.Test_AbaRouteValidator_14" time="0.028"/>
  <testcase name="testAbaNumberCheck_30057_good" classname="com.cardatechnologies.utils.validators.abaroutevalidator.Test_AbaRouteValidator_14" time="0.018"/>
  <testcase name="testAbaNumberCheck_31655_good" classname="com.cardatechnologies.utils.validators.abaroutevalidator.Test_AbaRouteValidator_14" time="0.019"/>
  <testcase name="testAbaNumberCheck_30715_good" classname="com.cardatechnologies.utils.validators.abaroutevalidator.Test_AbaRouteValidator_14" time="0.018"/>
  <testcase name="testAbaNumberCheck_32469_good" classname="com.cardatechnologies.utils.validators.abaroutevalidator.Test_AbaRouteValidator_14" time="0.018"/>
  <testcase name="testAbaNumberCheck_31529_good" classname="com.cardatechnologies.utils.validators.abaroutevalidator.Test_AbaRouteValidator_14" time="0.018"/>
  <testcase name="testAbaNumberCheck_31493_good" classname="com.cardatechnologies.utils.validators.abaroutevalidator.Test_AbaRouteValidator_14" time="0.019"/>
  <testcase name="testAbaNumberCheck_30553_good" classname="com.cardatechnologies.utils.validators.abaroutevalidator.Test_AbaRouteValidator_14" time="0.018"/>
  <testcase name="testAbaNumberCheck_31367_good" classname="com.cardatechnologies.utils.validators.abaroutevalidator.Test_AbaRouteValidator_14" time="0.017"/>
  <testcase name="testAbaNumberCheck_30427_good" classname="com.cardatechnologies.utils.validators.abaroutevalidator.Test_AbaRouteValidator_14" time="0.017"/>
  <testcase name="testAbaNumberCheck_30391_good" classname="com.cardatechnologies.utils.validators.abaroutevalidator.Test_AbaRouteValidator_14" time="0.018"/>
  <testcase name="testAbaNumberCheck_30265_good" classname="com.cardatechnologies.utils.validators.abaroutevalidator.Test_AbaRouteValidator_14" time="0.019"/>
  <testcase name="testAbaNumberCheck_31863_good" classname="com.cardatechnologies.utils.validators.abaroutevalidator.Test_AbaRouteValidator_14" time="0.018"/>
  <testcase name="testAbaNumberCheck_30923_good" classname="com.cardatechnologies.utils.validators.abaroutevalidator.Test_AbaRouteValidator_14" time="0.018"/>
  <testcase name="testAbaNumberCheck_31079_good" classname="com.cardatechnologies.utils.validators.abaroutevalidator.Test_AbaRouteValidator_14" time="0.017"/>
  <testcase name="testAbaNumberCheck_30139_good" classname="com.cardatechnologies.utils.validators.abaroutevalidator.Test_AbaRouteValidator_14" time="0.018"/>
  <testcase name="testAbaNumberCheck_31737_good" classname="com.cardatechnologies.utils.validators.abaroutevalidator.Test_AbaRouteValidator_14" time="0.019"/>
  <testcase name="testAbaNumberCheck_30761_good" classname="com.cardatechnologies.utils.validators.abaroutevalidator.Test_AbaRouteValidator_14" time="0.017"/>
  <testcase name="testAbaNumberCheck_31575_good" classname="com.cardatechnologies.utils.validators.abaroutevalidator.Test_AbaRouteValidator_14" time="0.018"/>
  <testcase name="testAbaNumberCheck_30635_good" classname="com.cardatechnologies.utils.validators.abaroutevalidator.Test_AbaRouteValidator_14" time="0.018"/>
  <testcase name="testAbaNumberCheck_32389_good" classname="com.cardatechnologies.utils.validators.abaroutevalidator.Test_AbaRouteValidator_14" time="0.018"/>
  <testcase name="testAbaNumberCheck_31449_good" classname="com.cardatechnologies.utils.validators.abaroutevalidator.Test_AbaRouteValidator_14" time="0.018"/>
  <testcase name="testAbaNumberCheck_30509_good" classname="com.cardatechnologies.utils.validators.abaroutevalidator.Test_AbaRouteValidator_14" time="0.019"/>
  <testcase name="testAbaNumberCheck_30473_good" classname="com.cardatechnologies.utils.validators.abaroutevalidator.Test_AbaRouteValidator_14" time="0.018"/>
  <testcase name="testAbaNumberCheck_31287_good" classname="com.cardatechnologies.utils.validators.abaroutevalidator.Test_AbaRouteValidator_14" time="0.018"/>
  <testcase name="testAbaNumberCheck_30347_good" classname="com.cardatechnologies.utils.validators.abaroutevalidator.Test_AbaRouteValidator_14" time="0.021"/>
  <testcase name="testAbaNumberCheck_31945_good" classname="com.cardatechnologies.utils.validators.abaroutevalidator.Test_AbaRouteValidator_14" time="0.02"/>
  <testcase name="testAbaNumberCheck_31819_good" classname="com.cardatechnologies.utils.validators.abaroutevalidator.Test_AbaRouteValidator_14" time="0.018"/>
  <testcase name="testAbaNumberCheck_30185_good" classname="com.cardatechnologies.utils.validators.abaroutevalidator.Test_AbaRouteValidator_14" time="0.033"/>
  <testcase name="testAbaNumberCheck_31783_good" classname="com.cardatechnologies.utils.validators.abaroutevalidator.Test_AbaRouteValidator_14" time="0.018"/>
  <testcase name="testAbaNumberCheck_30843_good" classname="com.cardatechnologies.utils.validators.abaroutevalidator.Test_AbaRouteValidator_14" time="0.018"/>
  <testcase name="testAbaNumberCheck_30059_good" classname="com.cardatechnologies.utils.validators.abaroutevalidator.Test_AbaRouteValidator_14" time="0.017"/>
  <testcase name="testAbaNumberCheck_31657_good" classname="com.cardatechnologies.utils.validators.abaroutevalidator.Test_AbaRouteValidator_14" time="0.018"/>
  <testcase name="testAbaNumberCheck_30717_good" classname="com.cardatechnologies.utils.validators.abaroutevalidator.Test_AbaRouteValidator_14" time="0.017"/>
  <testcase name="testAbaNumberCheck_30681_good" classname="com.cardatechnologies.utils.validators.abaroutevalidator.Test_AbaRouteValidator_14" time="0.018"/>
  <testcase name="testAbaNumberCheck_31495_good" classname="com.cardatechnologies.utils.validators.abaroutevalidator.Test_AbaRouteValidator_14" time="0.019"/>
  <testcase name="testAbaNumberCheck_30555_good" classname="com.cardatechnologies.utils.validators.abaroutevalidator.Test_AbaRouteValidator_14" time="0.017"/>
  <testcase name="testAbaNumberCheck_31369_good" classname="com.cardatechnologies.utils.validators.abaroutevalidator.Test_AbaRouteValidator_14" time="0.018"/>
  <testcase name="testAbaNumberCheck_30429_good" classname="com.cardatechnologies.utils.validators.abaroutevalidator.Test_AbaRouteValidator_14" time="0.018"/>
  <testcase name="testAbaNumberCheck_30393_good" classname="com.cardatechnologies.utils.validators.abaroutevalidator.Test_AbaRouteValidator_14" time="0.019"/>
  <testcase name="testAbaNumberCheck_31991_good" classname="com.cardatechnologies.utils.validators.abaroutevalidator.Test_AbaRouteValidator_14" time="0.018"/>
  <testcase name="testAbaNumberCheck_30267_good" classname="com.cardatechnologies.utils.validators.abaroutevalidator.Test_AbaRouteValidator_14" time="0.018"/>
  <testcase name="testAbaNumberCheck_31865_good" classname="com.cardatechnologies.utils.validators.abaroutevalidator.Test_AbaRouteValidator_14" time="0.018"/>
  <testcase name="testAbaNumberCheck_30925_good" classname="com.cardatechnologies.utils.validators.abaroutevalidator.Test_AbaRouteValidator_14" time="0.018"/>
  <testcase name="testAbaNumberCheck_31739_good" classname="com.cardatechnologies.utils.validators.abaroutevalidator.Test_AbaRouteValidator_14" time="0.023"/>
  <testcase name="testAbaNumberCheck_30763_good" classname="com.cardatechnologies.utils.validators.abaroutevalidator.Test_AbaRouteValidator_14" time="0.017"/>
  <testcase name="testAbaNumberCheck_31577_good" classname="com.cardatechnologies.utils.validators.abaroutevalidator.Test_AbaRouteValidator_14" time="0.02"/>
  <testcase name="testAbaNumberCheck_30637_good" classname="com.cardatechnologies.utils.validators.abaroutevalidator.Test_AbaRouteValidator_14" time="0.017"/>
  <testcase name="testAbaNumberCheck_30475_good" classname="com.cardatechnologies.utils.validators.abaroutevalidator.Test_AbaRouteValidator_14" time="0.018"/>
  <testcase name="testAbaNumberCheck_31289_good" classname="com.cardatechnologies.utils.validators.abaroutevalidator.Test_AbaRouteValidator_14" time="0.018"/>
  <testcase name="testAbaNumberCheck_30349_good" classname="com.cardatechnologies.utils.validators.abaroutevalidator.Test_AbaRouteValidator_14" time="0.017"/>
  <testcase name="testAbaNumberCheck_31947_good" classname="com.cardatechnologies.utils.validators.abaroutevalidator.Test_AbaRouteValidator_14" time="0.018"/>
  <testcase name="testAbaNumberCheck_30971_good" classname="com.cardatechnologies.utils.validators.abaroutevalidator.Test_AbaRouteValidator_14" time="0.023"/>
  <testcase name="testAbaNumberCheck_30187_good" classname="com.cardatechnologies.utils.validators.abaroutevalidator.Test_AbaRouteValidator_14" time="0.022"/>
  <testcase name="testAbaNumberCheck_31785_good" classname="com.cardatechnologies.utils.validators.abaroutevalidator.Test_AbaRouteValidator_14" time="0.019"/>
  <testcase name="testAbaNumberCheck_30845_good" classname="com.cardatechnologies.utils.validators.abaroutevalidator.Test_AbaRouteValidator_14" time="0.02"/>
  <testcase name="testAbaNumberCheck_31659_good" classname="com.cardatechnologies.utils.validators.abaroutevalidator.Test_AbaRouteValidator_14" time="0.025"/>
  <testcase name="testAbaNumberCheck_30719_good" classname="com.cardatechnologies.utils.validators.abaroutevalidator.Test_AbaRouteValidator_14" time="0.017"/>
  <testcase name="testAbaNumberCheck_30683_good" classname="com.cardatechnologies.utils.validators.abaroutevalidator.Test_AbaRouteValidator_14" time="0.018"/>
  <testcase name="testAbaNumberCheck_31497_good" classname="com.cardatechnologies.utils.validators.abaroutevalidator.Test_AbaRouteValidator_14" time="0.018"/>
  <testcase name="testAbaNumberCheck_30557_good" classname="com.cardatechnologies.utils.validators.abaroutevalidator.Test_AbaRouteValidator_14" time="0.018"/>
  <testcase name="testAbaNumberCheck_30395_good" classname="com.cardatechnologies.utils.validators.abaroutevalidator.Test_AbaRouteValidator_14" time="0.017"/>
  <testcase name="testAbaNumberCheck_31993_good" classname="com.cardatechnologies.utils.validators.abaroutevalidator.Test_AbaRouteValidator_14" time="0.018"/>
  <testcase name="testAbaNumberCheck_30269_good" classname="com.cardatechnologies.utils.validators.abaroutevalidator.Test_AbaRouteValidator_14" time="0.017"/>
  <testcase name="testAbaNumberCheck_31867_good" classname="com.cardatechnologies.utils.validators.abaroutevalidator.Test_AbaRouteValidator_14" time="0.019"/>
  <testcase name="testAbaNumberCheck_30927_good" classname="com.cardatechnologies.utils.validators.abaroutevalidator.Test_AbaRouteValidator_14" time="0.017"/>
  <testcase name="testAbaNumberCheck_30891_good" classname="com.cardatechnologies.utils.validators.abaroutevalidator.Test_AbaRouteValidator_14" time="0.019"/>
  <testcase name="testAbaNumberCheck_30765_good" classname="com.cardatechnologies.utils.validators.abaroutevalidator.Test_AbaRouteValidator_14" time="0.016"/>
  <testcase name="testAbaNumberCheck_31579_good" classname="com.cardatechnologies.utils.validators.abaroutevalidator.Test_AbaRouteValidator_14" time="0.019"/>
  <testcase name="testAbaNumberCheck_30639_good" classname="com.cardatechnologies.utils.validators.abaroutevalidator.Test_AbaRouteValidator_14" time="0.018"/>
  <testcase name="testAbaNumberCheck_30477_good" classname="com.cardatechnologies.utils.validators.abaroutevalidator.Test_AbaRouteValidator_14" time="0.018"/>
  <testcase name="testAbaNumberCheck_31949_good" classname="com.cardatechnologies.utils.validators.abaroutevalidator.Test_AbaRouteValidator_14" time="0.018"/>
  <testcase name="testAbaNumberCheck_30973_good" classname="com.cardatechnologies.utils.validators.abaroutevalidator.Test_AbaRouteValidator_14" time="0.018"/>
  <testcase name="testAbaNumberCheck_30189_good" classname="com.cardatechnologies.utils.validators.abaroutevalidator.Test_AbaRouteValidator_14" time="0.019"/>
  <testcase name="testAbaNumberCheck_31787_good" classname="com.cardatechnologies.utils.validators.abaroutevalidator.Test_AbaRouteValidator_14" time="0.018"/>
  <testcase name="testAbaNumberCheck_30847_good" classname="com.cardatechnologies.utils.validators.abaroutevalidator.Test_AbaRouteValidator_14" time="0.018"/>
  <testcase name="testAbaNumberCheck_30685_good" classname="com.cardatechnologies.utils.validators.abaroutevalidator.Test_AbaRouteValidator_14" time="0.017"/>
  <testcase name="testAbaNumberCheck_31499_good" classname="com.cardatechnologies.utils.validators.abaroutevalidator.Test_AbaRouteValidator_14" time="0.017"/>
  <testcase name="testAbaNumberCheck_30559_good" classname="com.cardatechnologies.utils.validators.abaroutevalidator.Test_AbaRouteValidator_14" time="0.02"/>
  <testcase name="testAbaNumberCheck_30397_good" classname="com.cardatechnologies.utils.validators.abaroutevalidator.Test_AbaRouteValidator_14" time="0.02"/>
  <testcase name="testAbaNumberCheck_31995_good" classname="com.cardatechnologies.utils.validators.abaroutevalidator.Test_AbaRouteValidator_14" time="0.023"/>
  <testcase name="testAbaNumberCheck_31869_good" classname="com.cardatechnologies.utils.validators.abaroutevalidator.Test_AbaRouteValidator_14" time="0.022"/>
  <testcase name="testAbaNumberCheck_30929_good" classname="com.cardatechnologies.utils.validators.abaroutevalidator.Test_AbaRouteValidator_14" time="0.02"/>
  <testcase name="testAbaNumberCheck_30893_good" classname="com.cardatechnologies.utils.validators.abaroutevalidator.Test_AbaRouteValidator_14" time="0.027"/>
  <testcase name="testAbaNumberCheck_30767_good" classname="com.cardatechnologies.utils.validators.abaroutevalidator.Test_AbaRouteValidator_14" time="0.02"/>
  <testcase name="testAbaNumberCheck_30479_good" classname="com.cardatechnologies.utils.validators.abaroutevalidator.Test_AbaRouteValidator_14" time="0.021"/>
  <testcase name="testAbaNumberCheck_31100_bad" classname="com.cardatechnologies.utils.validators.abaroutevalidator.Test_AbaRouteValidator_14" time="0.021"/>
  <testcase name="testAbaNumberCheck_31102_bad" classname="com.cardatechnologies.utils.validators.abaroutevalidator.Test_AbaRouteValidator_14" time="0.02"/>
  <testcase name="testAbaNumberCheck_31104_bad" classname="com.cardatechnologies.utils.validators.abaroutevalidator.Test_AbaRouteValidator_14" time="0.02"/>
  <testcase name="testAbaNumberCheck_30975_good" classname="com.cardatechnologies.utils.validators.abaroutevalidator.Test_AbaRouteValidator_14" time="0.028"/>
  <testcase name="testAbaNumberCheck_31106_bad" classname="com.cardatechnologies.utils.validators.abaroutevalidator.Test_AbaRouteValidator_14" time="0.019"/>
  <testcase name="testAbaNumberCheck_31108_bad" classname="com.cardatechnologies.utils.validators.abaroutevalidator.Test_AbaRouteValidator_14" time="0.021"/>
  <testcase name="testAbaNumberCheck_31789_good" classname="com.cardatechnologies.utils.validators.abaroutevalidator.Test_AbaRouteValidator_14" time="0.02"/>
  <testcase name="testAbaNumberCheck_30849_good" classname="com.cardatechnologies.utils.validators.abaroutevalidator.Test_AbaRouteValidator_14" time="0.021"/>
  <testcase name="testAbaNumberCheck_30687_good" classname="com.cardatechnologies.utils.validators.abaroutevalidator.Test_AbaRouteValidator_14" time="0.019"/>
  <testcase name="testAbaNumberCheck_30399_good" classname="com.cardatechnologies.utils.validators.abaroutevalidator.Test_AbaRouteValidator_14" time="0.02"/>
  <testcase name="testAbaNumberCheck_31110_bad" classname="com.cardatechnologies.utils.validators.abaroutevalidator.Test_AbaRouteValidator_14" time="0.021"/>
  <testcase name="testAbaNumberCheck_31997_good" classname="com.cardatechnologies.utils.validators.abaroutevalidator.Test_AbaRouteValidator_14" time="0.02"/>
  <testcase name="testAbaNumberCheck_31112_bad" classname="com.cardatechnologies.utils.validators.abaroutevalidator.Test_AbaRouteValidator_14" time="0.019"/>
  <testcase name="testAbaNumberCheck_30300_bad" classname="com.cardatechnologies.utils.validators.abaroutevalidator.Test_AbaRouteValidator_14" time="0.022"/>
  <testcase name="testAbaNumberCheck_31114_bad" classname="com.cardatechnologies.utils.validators.abaroutevalidator.Test_AbaRouteValidator_14" time="0.02"/>
  <testcase name="testAbaNumberCheck_30302_bad" classname="com.cardatechnologies.utils.validators.abaroutevalidator.Test_AbaRouteValidator_14" time="0.02"/>
  <testcase name="testAbaNumberCheck_31116_bad" classname="com.cardatechnologies.utils.validators.abaroutevalidator.Test_AbaRouteValidator_14" time="0.019"/>
  <testcase name="testAbaNumberCheck_30304_bad" classname="com.cardatechnologies.utils.validators.abaroutevalidator.Test_AbaRouteValidator_14" time="0.019"/>
  <testcase name="testAbaNumberCheck_31118_bad" classname="com.cardatechnologies.utils.validators.abaroutevalidator.Test_AbaRouteValidator_14" time="0.018"/>
  <testcase name="testAbaNumberCheck_30895_good" classname="com.cardatechnologies.utils.validators.abaroutevalidator.Test_AbaRouteValidator_14" time="0.019"/>
  <testcase name="testAbaNumberCheck_30306_bad" classname="com.cardatechnologies.utils.validators.abaroutevalidator.Test_AbaRouteValidator_14" time="0.027"/>
  <testcase name="testAbaNumberCheck_30308_bad" classname="com.cardatechnologies.utils.validators.abaroutevalidator.Test_AbaRouteValidator_14" time="0.019"/>
  <testcase name="testAbaNumberCheck_30769_good" classname="com.cardatechnologies.utils.validators.abaroutevalidator.Test_AbaRouteValidator_14" time="0.025"/>
  <testcase name="testAbaNumberCheck_31120_bad" classname="com.cardatechnologies.utils.validators.abaroutevalidator.Test_AbaRouteValidator_14" time="0.021"/>
  <testcase name="testAbaNumberCheck_31122_bad" classname="com.cardatechnologies.utils.validators.abaroutevalidator.Test_AbaRouteValidator_14" time="0.021"/>
  <testcase name="testAbaNumberCheck_30310_bad" classname="com.cardatechnologies.utils.validators.abaroutevalidator.Test_AbaRouteValidator_14" time="0.021"/>
  <testcase name="testAbaNumberCheck_31124_bad" classname="com.cardatechnologies.utils.validators.abaroutevalidator.Test_AbaRouteValidator_14" time="0.02"/>
  <testcase name="testAbaNumberCheck_30977_good" classname="com.cardatechnologies.utils.validators.abaroutevalidator.Test_AbaRouteValidator_14" time="0.025"/>
  <testcase name="testAbaNumberCheck_30312_bad" classname="com.cardatechnologies.utils.validators.abaroutevalidator.Test_AbaRouteValidator_14" time="0.02"/>
  <testcase name="testAbaNumberCheck_31126_bad" classname="com.cardatechnologies.utils.validators.abaroutevalidator.Test_AbaRouteValidator_14" time="0.019"/>
  <testcase name="testAbaNumberCheck_30314_bad" classname="com.cardatechnologies.utils.validators.abaroutevalidator.Test_AbaRouteValidator_14" time="0.019"/>
  <testcase name="testAbaNumberCheck_31128_bad" classname="com.cardatechnologies.utils.validators.abaroutevalidator.Test_AbaRouteValidator_14" time="0.018"/>
  <testcase name="testAbaNumberCheck_30316_bad" classname="com.cardatechnologies.utils.validators.abaroutevalidator.Test_AbaRouteValidator_14" time="0.019"/>
  <testcase name="testAbaNumberCheck_30318_bad" classname="com.cardatechnologies.utils.validators.abaroutevalidator.Test_AbaRouteValidator_14" time="0.017"/>
  <testcase name="testAbaNumberCheck_30689_good" classname="com.cardatechnologies.utils.validators.abaroutevalidator.Test_AbaRouteValidator_14" time="0.018"/>
  <testcase name="testAbaNumberCheck_31130_bad" classname="com.cardatechnologies.utils.validators.abaroutevalidator.Test_AbaRouteValidator_14" time="0.018"/>
  <testcase name="testAbaNumberCheck_31999_good" classname="com.cardatechnologies.utils.validators.abaroutevalidator.Test_AbaRouteValidator_14" time="0.017"/>
  <testcase name="testAbaNumberCheck_31132_bad" classname="com.cardatechnologies.utils.validators.abaroutevalidator.Test_AbaRouteValidator_14" time="0.018"/>
  <testcase name="testAbaNumberCheck_30320_bad" classname="com.cardatechnologies.utils.validators.abaroutevalidator.Test_AbaRouteValidator_14" time="0.017"/>
  <testcase name="testAbaNumberCheck_31134_bad" classname="com.cardatechnologies.utils.validators.abaroutevalidator.Test_AbaRouteValidator_14" time="0.018"/>
  <testcase name="testAbaNumberCheck_30322_bad" classname="com.cardatechnologies.utils.validators.abaroutevalidator.Test_AbaRouteValidator_14" time="0.017"/>
  <testcase name="testAbaNumberCheck_31136_bad" classname="com.cardatechnologies.utils.validators.abaroutevalidator.Test_AbaRouteValidator_14" time="0.019"/>
  <testcase name="testAbaNumberCheck_30324_bad" classname="com.cardatechnologies.utils.validators.abaroutevalidator.Test_AbaRouteValidator_14" time="0.018"/>
  <testcase name="testAbaNumberCheck_31138_bad" classname="com.cardatechnologies.utils.validators.abaroutevalidator.Test_AbaRouteValidator_14" time="0.018"/>
  <testcase name="testAbaNumberCheck_30897_good" classname="com.cardatechnologies.utils.validators.abaroutevalidator.Test_AbaRouteValidator_14" time="0.019"/>
  <testcase name="testAbaNumberCheck_30326_bad" classname="com.cardatechnologies.utils.validators.abaroutevalidator.Test_AbaRouteValidator_14" time="0.018"/>
  <testcase name="testAbaNumberCheck_30328_bad" classname="com.cardatechnologies.utils.validators.abaroutevalidator.Test_AbaRouteValidator_14" time="0.018"/>
  <testcase name="testAbaNumberCheck_32400_bad" classname="com.cardatechnologies.utils.validators.abaroutevalidator.Test_AbaRouteValidator_14" time="0.024"/>
  <testcase name="testAbaNumberCheck_32402_bad" classname="com.cardatechnologies.utils.validators.abaroutevalidator.Test_AbaRouteValidator_14" time="0.019"/>
  <testcase name="testAbaNumberCheck_32404_bad" classname="com.cardatechnologies.utils.validators.abaroutevalidator.Test_AbaRouteValidator_14" time="0.025"/>
  <testcase name="testAbaNumberCheck_31140_bad" classname="com.cardatechnologies.utils.validators.abaroutevalidator.Test_AbaRouteValidator_14" time="0.02"/>
  <testcase name="testAbaNumberCheck_32406_bad" classname="com.cardatechnologies.utils.validators.abaroutevalidator.Test_AbaRouteValidator_14" time="0.017"/>
  <testcase name="testAbaNumberCheck_31142_bad" classname="com.cardatechnologies.utils.validators.abaroutevalidator.Test_AbaRouteValidator_14" time="0.018"/>
  <testcase name="testAbaNumberCheck_32408_bad" classname="com.cardatechnologies.utils.validators.abaroutevalidator.Test_AbaRouteValidator_14" time="0.018"/>
  <testcase name="testAbaNumberCheck_30330_bad" classname="com.cardatechnologies.utils.validators.abaroutevalidator.Test_AbaRouteValidator_14" time="0.018"/>
  <testcase name="testAbaNumberCheck_31144_bad" classname="com.cardatechnologies.utils.validators.abaroutevalidator.Test_AbaRouteValidator_14" time="0.018"/>
  <testcase name="testAbaNumberCheck_30979_good" classname="com.cardatechnologies.utils.validators.abaroutevalidator.Test_AbaRouteValidator_14" time="0.018"/>
  <testcase name="testAbaNumberCheck_30332_bad" classname="com.cardatechnologies.utils.validators.abaroutevalidator.Test_AbaRouteValidator_14" time="0.018"/>
  <testcase name="testAbaNumberCheck_31146_bad" classname="com.cardatechnologies.utils.validators.abaroutevalidator.Test_AbaRouteValidator_14" time="0.018"/>
  <testcase name="testAbaNumberCheck_30334_bad" classname="com.cardatechnologies.utils.validators.abaroutevalidator.Test_AbaRouteValidator_14" time="0.018"/>
  <testcase name="testAbaNumberCheck_31148_bad" classname="com.cardatechnologies.utils.validators.abaroutevalidator.Test_AbaRouteValidator_14" time="0.018"/>
  <testcase name="testAbaNumberCheck_30336_bad" classname="com.cardatechnologies.utils.validators.abaroutevalidator.Test_AbaRouteValidator_14" time="0.018"/>
  <testcase name="testAbaNumberCheck_30338_bad" classname="com.cardatechnologies.utils.validators.abaroutevalidator.Test_AbaRouteValidator_14" time="0.018"/>
  <testcase name="testAbaNumberCheck_32410_bad" classname="com.cardatechnologies.utils.validators.abaroutevalidator.Test_AbaRouteValidator_14" time="0.022"/>
  <testcase name="testAbaNumberCheck_32412_bad" classname="com.cardatechnologies.utils.validators.abaroutevalidator.Test_AbaRouteValidator_14" time="0.017"/>
  <testcase name="testAbaNumberCheck_31600_bad" classname="com.cardatechnologies.utils.validators.abaroutevalidator.Test_AbaRouteValidator_14" time="0.018"/>
  <testcase name="testAbaNumberCheck_32414_bad" classname="com.cardatechnologies.utils.validators.abaroutevalidator.Test_AbaRouteValidator_14" time="0.017"/>
  <testcase name="testAbaNumberCheck_31150_bad" classname="com.cardatechnologies.utils.validators.abaroutevalidator.Test_AbaRouteValidator_14" time="0.018"/>
  <testcase name="testAbaNumberCheck_31602_bad" classname="com.cardatechnologies.utils.validators.abaroutevalidator.Test_AbaRouteValidator_14" time="0.019"/>
  <testcase name="testAbaNumberCheck_32416_bad" classname="com.cardatechnologies.utils.validators.abaroutevalidator.Test_AbaRouteValidator_14" time="0.019"/>
  <testcase name="testAbaNumberCheck_31152_bad" classname="com.cardatechnologies.utils.validators.abaroutevalidator.Test_AbaRouteValidator_14" time="0.018"/>
  <testcase name="testAbaNumberCheck_31604_bad" classname="com.cardatechnologies.utils.validators.abaroutevalidator.Test_AbaRouteValidator_14" time="0.017"/>
  <testcase name="testAbaNumberCheck_32418_bad" classname="com.cardatechnologies.utils.validators.abaroutevalidator.Test_AbaRouteValidator_14" time="0.018"/>
  <testcase name="testAbaNumberCheck_32001_good" classname="com.cardatechnologies.utils.validators.abaroutevalidator.Test_AbaRouteValidator_14" time="0.019"/>
  <testcase name="testAbaNumberCheck_30340_bad" classname="com.cardatechnologies.utils.validators.abaroutevalidator.Test_AbaRouteValidator_14" time="0.021"/>
  <testcase name="testAbaNumberCheck_31154_bad" classname="com.cardatechnologies.utils.validators.abaroutevalidator.Test_AbaRouteValidator_14" time="0.021"/>
  <testcase name="testAbaNumberCheck_31606_bad" classname="com.cardatechnologies.utils.validators.abaroutevalidator.Test_AbaRouteValidator_14" time="0.019"/>
  <testcase name="testAbaNumberCheck_30342_bad" classname="com.cardatechnologies.utils.validators.abaroutevalidator.Test_AbaRouteValidator_14" time="0.025"/>
  <testcase name="testAbaNumberCheck_31156_bad" classname="com.cardatechnologies.utils.validators.abaroutevalidator.Test_AbaRouteValidator_14" time="0.023"/>
  <testcase name="testAbaNumberCheck_31608_bad" classname="com.cardatechnologies.utils.validators.abaroutevalidator.Test_AbaRouteValidator_14" time="0.022"/>
  <testcase name="testAbaNumberCheck_30344_bad" classname="com.cardatechnologies.utils.validators.abaroutevalidator.Test_AbaRouteValidator_14" time="0.02"/>
  <testcase name="testAbaNumberCheck_31158_bad" classname="com.cardatechnologies.utils.validators.abaroutevalidator.Test_AbaRouteValidator_14" time="0.022"/>
  <testcase name="testAbaNumberCheck_30899_good" classname="com.cardatechnologies.utils.validators.abaroutevalidator.Test_AbaRouteValidator_14" time="0.021"/>
  <testcase name="testAbaNumberCheck_30346_bad" classname="com.cardatechnologies.utils.validators.abaroutevalidator.Test_AbaRouteValidator_14" time="0.021"/>
  <testcase name="testAbaNumberCheck_30348_bad" classname="com.cardatechnologies.utils.validators.abaroutevalidator.Test_AbaRouteValidator_14" time="0.021"/>
  <testcase name="testAbaNumberCheck_32420_bad" classname="com.cardatechnologies.utils.validators.abaroutevalidator.Test_AbaRouteValidator_14" time="0.021"/>
  <testcase name="testAbaNumberCheck_32422_bad" classname="com.cardatechnologies.utils.validators.abaroutevalidator.Test_AbaRouteValidator_14" time="0.021"/>
  <testcase name="testAbaNumberCheck_31610_bad" classname="com.cardatechnologies.utils.validators.abaroutevalidator.Test_AbaRouteValidator_14" time="0.022"/>
  <testcase name="testAbaNumberCheck_32424_bad" classname="com.cardatechnologies.utils.validators.abaroutevalidator.Test_AbaRouteValidator_14" time="0.021"/>
  <testcase name="testAbaNumberCheck_31160_bad" classname="com.cardatechnologies.utils.validators.abaroutevalidator.Test_AbaRouteValidator_14" time="0.023"/>
  <testcase name="testAbaNumberCheck_31612_bad" classname="com.cardatechnologies.utils.validators.abaroutevalidator.Test_AbaRouteValidator_14" time="0.022"/>
  <testcase name="testAbaNumberCheck_32426_bad" classname="com.cardatechnologies.utils.validators.abaroutevalidator.Test_AbaRouteValidator_14" time="0.02"/>
  <testcase name="testAbaNumberCheck_31162_bad" classname="com.cardatechnologies.utils.validators.abaroutevalidator.Test_AbaRouteValidator_14" time="0.019"/>
  <testcase name="testAbaNumberCheck_30800_bad" classname="com.cardatechnologies.utils.validators.abaroutevalidator.Test_AbaRouteValidator_14" time="0.017"/>
  <testcase name="testAbaNumberCheck_31614_bad" classname="com.cardatechnologies.utils.validators.abaroutevalidator.Test_AbaRouteValidator_14" time="0.018"/>
  <testcase name="testAbaNumberCheck_32428_bad" classname="com.cardatechnologies.utils.validators.abaroutevalidator.Test_AbaRouteValidator_14" time="0.018"/>
  <testcase name="testAbaNumberCheck_30350_bad" classname="com.cardatechnologies.utils.validators.abaroutevalidator.Test_AbaRouteValidator_14" time="0.018"/>
  <testcase name="testAbaNumberCheck_31164_bad" classname="com.cardatechnologies.utils.validators.abaroutevalidator.Test_AbaRouteValidator_14" time="0.017"/>
  <testcase name="testAbaNumberCheck_30802_bad" classname="com.cardatechnologies.utils.validators.abaroutevalidator.Test_AbaRouteValidator_14" time="0.022"/>
  <testcase name="testAbaNumberCheck_31616_bad" classname="com.cardatechnologies.utils.validators.abaroutevalidator.Test_AbaRouteValidator_14" time="0.019"/>
  <testcase name="testAbaNumberCheck_30352_bad" classname="com.cardatechnologies.utils.validators.abaroutevalidator.Test_AbaRouteValidator_14" time="0.023"/>
  <testcase name="testAbaNumberCheck_31166_bad" classname="com.cardatechnologies.utils.validators.abaroutevalidator.Test_AbaRouteValidator_14" time="0.018"/>
  <testcase name="testAbaNumberCheck_30804_bad" classname="com.cardatechnologies.utils.validators.abaroutevalidator.Test_AbaRouteValidator_14" time="0.017"/>
  <testcase name="testAbaNumberCheck_31618_bad" classname="com.cardatechnologies.utils.validators.abaroutevalidator.Test_AbaRouteValidator_14" time="0.028"/>
  <testcase name="testAbaNumberCheck_30354_bad" classname="com.cardatechnologies.utils.validators.abaroutevalidator.Test_AbaRouteValidator_14" time="0.019"/>
  <testcase name="testAbaNumberCheck_31168_bad" classname="com.cardatechnologies.utils.validators.abaroutevalidator.Test_AbaRouteValidator_14" time="0.017"/>
  <testcase name="testAbaNumberCheck_30806_bad" classname="com.cardatechnologies.utils.validators.abaroutevalidator.Test_AbaRouteValidator_14" time="0.018"/>
  <testcase name="testAbaNumberCheck_30356_bad" classname="com.cardatechnologies.utils.validators.abaroutevalidator.Test_AbaRouteValidator_14" time="0.018"/>
  <testcase name="testAbaNumberCheck_30808_bad" classname="com.cardatechnologies.utils.validators.abaroutevalidator.Test_AbaRouteValidator_14" time="0.018"/>
  <testcase name="testAbaNumberCheck_30358_bad" classname="com.cardatechnologies.utils.validators.abaroutevalidator.Test_AbaRouteValidator_14" time="0.018"/>
  <testcase name="testAbaNumberCheck_32430_bad" classname="com.cardatechnologies.utils.validators.abaroutevalidator.Test_AbaRouteValidator_14" time="0.018"/>
  <testcase name="testAbaNumberCheck_32432_bad" classname="com.cardatechnologies.utils.validators.abaroutevalidator.Test_AbaRouteValidator_14" time="0.018"/>
  <testcase name="testAbaNumberCheck_31620_bad" classname="com.cardatechnologies.utils.validators.abaroutevalidator.Test_AbaRouteValidator_14" time="0.017"/>
  <testcase name="testAbaNumberCheck_32434_bad" classname="com.cardatechnologies.utils.validators.abaroutevalidator.Test_AbaRouteValidator_14" time="0.018"/>
  <testcase name="testAbaNumberCheck_31170_bad" classname="com.cardatechnologies.utils.validators.abaroutevalidator.Test_AbaRouteValidator_14" time="0.018"/>
  <testcase name="testAbaNumberCheck_31622_bad" classname="com.cardatechnologies.utils.validators.abaroutevalidator.Test_AbaRouteValidator_14" time="0.017"/>
  <testcase name="testAbaNumberCheck_32436_bad" classname="com.cardatechnologies.utils.validators.abaroutevalidator.Test_AbaRouteValidator_14" time="0.018"/>
  <testcase name="testAbaNumberCheck_31172_bad" classname="com.cardatechnologies.utils.validators.abaroutevalidator.Test_AbaRouteValidator_14" time="0.018"/>
  <testcase name="testAbaNumberCheck_30810_bad" classname="com.cardatechnologies.utils.validators.abaroutevalidator.Test_AbaRouteValidator_14" time="0.018"/>
  <testcase name="testAbaNumberCheck_31624_bad" classname="com.cardatechnologies.utils.validators.abaroutevalidator.Test_AbaRouteValidator_14" time="0.018"/>
  <testcase name="testAbaNumberCheck_32438_bad" classname="com.cardatechnologies.utils.validators.abaroutevalidator.Test_AbaRouteValidator_14" time="0.018"/>
  <testcase name="testAbaNumberCheck_32003_good" classname="com.cardatechnologies.utils.validators.abaroutevalidator.Test_AbaRouteValidator_14" time="0.019"/>
  <testcase name="testAbaNumberCheck_30360_bad" classname="com.cardatechnologies.utils.validators.abaroutevalidator.Test_AbaRouteValidator_14" time="0.018"/>
  <testcase name="testAbaNumberCheck_31174_bad" classname="com.cardatechnologies.utils.validators.abaroutevalidator.Test_AbaRouteValidator_14" time="0.018"/>
  <testcase name="testAbaNumberCheck_30812_bad" classname="com.cardatechnologies.utils.validators.abaroutevalidator.Test_AbaRouteValidator_14" time="0.021"/>
  <testcase name="testAbaNumberCheck_31626_bad" classname="com.cardatechnologies.utils.validators.abaroutevalidator.Test_AbaRouteValidator_14" time="0.018"/>
  <testcase name="testAbaNumberCheck_30362_bad" classname="com.cardatechnologies.utils.validators.abaroutevalidator.Test_AbaRouteValidator_14" time="0.018"/>
  <testcase name="testAbaNumberCheck_31176_bad" classname="com.cardatechnologies.utils.validators.abaroutevalidator.Test_AbaRouteValidator_14" time="0.017"/>
  <testcase name="testAbaNumberCheck_30814_bad" classname="com.cardatechnologies.utils.validators.abaroutevalidator.Test_AbaRouteValidator_14" time="0.023"/>
  <testcase name="testAbaNumberCheck_31628_bad" classname="com.cardatechnologies.utils.validators.abaroutevalidator.Test_AbaRouteValidator_14" time="0.019"/>
  <testcase name="testAbaNumberCheck_30364_bad" classname="com.cardatechnologies.utils.validators.abaroutevalidator.Test_AbaRouteValidator_14" time="0.018"/>
  <testcase name="testAbaNumberCheck_31178_bad" classname="com.cardatechnologies.utils.validators.abaroutevalidator.Test_AbaRouteValidator_14" time="0.027"/>
  <testcase name="testAbaNumberCheck_30816_bad" classname="com.cardatechnologies.utils.validators.abaroutevalidator.Test_AbaRouteValidator_14" time="0.017"/>
  <testcase name="testAbaNumberCheck_30366_bad" classname="com.cardatechnologies.utils.validators.abaroutevalidator.Test_AbaRouteValidator_14" time="0.018"/>
  <testcase name="testAbaNumberCheck_30818_bad" classname="com.cardatechnologies.utils.validators.abaroutevalidator.Test_AbaRouteValidator_14" time="0.018"/>
  <testcase name="testAbaNumberCheck_30368_bad" classname="com.cardatechnologies.utils.validators.abaroutevalidator.Test_AbaRouteValidator_14" time="0.018"/>
  <testcase name="testAbaNumberCheck_32211_good" classname="com.cardatechnologies.utils.validators.abaroutevalidator.Test_AbaRouteValidator_14" time="0.018"/>
  <testcase name="testAbaNumberCheck_32440_bad" classname="com.cardatechnologies.utils.validators.abaroutevalidator.Test_AbaRouteValidator_14" time="0.018"/>
  <testcase name="testAbaNumberCheck_32442_bad" classname="com.cardatechnologies.utils.validators.abaroutevalidator.Test_AbaRouteValidator_14" time="0.018"/>
  <testcase name="testAbaNumberCheck_31630_bad" classname="com.cardatechnologies.utils.validators.abaroutevalidator.Test_AbaRouteValidator_14" time="0.018"/>
  <testcase name="testAbaNumberCheck_32444_bad" classname="com.cardatechnologies.utils.validators.abaroutevalidator.Test_AbaRouteValidator_14" time="0.018"/>
  <testcase name="testAbaNumberCheck_31180_bad" classname="com.cardatechnologies.utils.validators.abaroutevalidator.Test_AbaRouteValidator_14" time="0.017"/>
  <testcase name="testAbaNumberCheck_31632_bad" classname="com.cardatechnologies.utils.validators.abaroutevalidator.Test_AbaRouteValidator_14" time="0.018"/>
  <testcase name="testAbaNumberCheck_32446_bad" classname="com.cardatechnologies.utils.validators.abaroutevalidator.Test_AbaRouteValidator_14" time="0.018"/>
  <testcase name="testAbaNumberCheck_31182_bad" classname="com.cardatechnologies.utils.validators.abaroutevalidator.Test_AbaRouteValidator_14" time="0.018"/>
  <testcase name="testAbaNumberCheck_30820_bad" classname="com.cardatechnologies.utils.validators.abaroutevalidator.Test_AbaRouteValidator_14" time="0.019"/>
  <testcase name="testAbaNumberCheck_31634_bad" classname="com.cardatechnologies.utils.validators.abaroutevalidator.Test_AbaRouteValidator_14" time="0.019"/>
  <testcase name="testAbaNumberCheck_32448_bad" classname="com.cardatechnologies.utils.validators.abaroutevalidator.Test_AbaRouteValidator_14" time="0.017"/>
  <testcase name="testAbaNumberCheck_30370_bad" classname="com.cardatechnologies.utils.validators.abaroutevalidator.Test_AbaRouteValidator_14" time="0.018"/>
  <testcase name="testAbaNumberCheck_31184_bad" classname="com.cardatechnologies.utils.validators.abaroutevalidator.Test_AbaRouteValidator_14" time="0.018"/>
  <testcase name="testAbaNumberCheck_30822_bad" classname="com.cardatechnologies.utils.validators.abaroutevalidator.Test_AbaRouteValidator_14" time="0.017"/>
  <testcase name="testAbaNumberCheck_31636_bad" classname="com.cardatechnologies.utils.validators.abaroutevalidator.Test_AbaRouteValidator_14" time="0.019"/>
  <testcase name="testAbaNumberCheck_30372_bad" classname="com.cardatechnologies.utils.validators.abaroutevalidator.Test_AbaRouteValidator_14" time="0.019"/>
  <testcase name="testAbaNumberCheck_31186_bad" classname="com.cardatechnologies.utils.validators.abaroutevalidator.Test_AbaRouteValidator_14" time="0.019"/>
  <testcase name="testAbaNumberCheck_30824_bad" classname="com.cardatechnologies.utils.validators.abaroutevalidator.Test_AbaRouteValidator_14" time="0.018"/>
  <testcase name="testAbaNumberCheck_31638_bad" classname="com.cardatechnologies.utils.validators.abaroutevalidator.Test_AbaRouteValidator_14" time="0.018"/>
  <testcase name="testAbaNumberCheck_30374_bad" classname="com.cardatechnologies.utils.validators.abaroutevalidator.Test_AbaRouteValidator_14" time="0.024"/>
  <testcase name="testAbaNumberCheck_31188_bad" classname="com.cardatechnologies.utils.validators.abaroutevalidator.Test_AbaRouteValidator_14" time="0.018"/>
  <testcase name="testAbaNumberCheck_30826_bad" classname="com.cardatechnologies.utils.validators.abaroutevalidator.Test_AbaRouteValidator_14" time="0.018"/>
  <testcase name="testAbaNumberCheck_30376_bad" classname="com.cardatechnologies.utils.validators.abaroutevalidator.Test_AbaRouteValidator_14" time="0.028"/>
  <testcase name="testAbaNumberCheck_30828_bad" classname="com.cardatechnologies.utils.validators.abaroutevalidator.Test_AbaRouteValidator_14" time="0.018"/>
  <testcase name="testAbaNumberCheck_30378_bad" classname="com.cardatechnologies.utils.validators.abaroutevalidator.Test_AbaRouteValidator_14" time="0.017"/>
  <testcase name="testAbaNumberCheck_32450_bad" classname="com.cardatechnologies.utils.validators.abaroutevalidator.Test_AbaRouteValidator_14" time="0.018"/>
  <testcase name="testAbaNumberCheck_32452_bad" classname="com.cardatechnologies.utils.validators.abaroutevalidator.Test_AbaRouteValidator_14" time="0.018"/>
  <testcase name="testAbaNumberCheck_32131_good" classname="com.cardatechnologies.utils.validators.abaroutevalidator.Test_AbaRouteValidator_14" time="0.018"/>
  <testcase name="testAbaNumberCheck_31640_bad" classname="com.cardatechnologies.utils.validators.abaroutevalidator.Test_AbaRouteValidator_14" time="0.018"/>
  <testcase name="testAbaNumberCheck_32454_bad" classname="com.cardatechnologies.utils.validators.abaroutevalidator.Test_AbaRouteValidator_14" time="0.018"/>
  <testcase name="testAbaNumberCheck_31190_bad" classname="com.cardatechnologies.utils.validators.abaroutevalidator.Test_AbaRouteValidator_14" time="0.018"/>
  <testcase name="testAbaNumberCheck_31642_bad" classname="com.cardatechnologies.utils.validators.abaroutevalidator.Test_AbaRouteValidator_14" time="0.019"/>
  <testcase name="testAbaNumberCheck_32456_bad" classname="com.cardatechnologies.utils.validators.abaroutevalidator.Test_AbaRouteValidator_14" time="0.017"/>
  <testcase name="testAbaNumberCheck_31192_bad" classname="com.cardatechnologies.utils.validators.abaroutevalidator.Test_AbaRouteValidator_14" time="0.019"/>
  <testcase name="testAbaNumberCheck_30830_bad" classname="com.cardatechnologies.utils.validators.abaroutevalidator.Test_AbaRouteValidator_14" time="0.02"/>
  <testcase name="testAbaNumberCheck_31644_bad" classname="com.cardatechnologies.utils.validators.abaroutevalidator.Test_AbaRouteValidator_14" time="0.017"/>
  <testcase name="testAbaNumberCheck_32458_bad" classname="com.cardatechnologies.utils.validators.abaroutevalidator.Test_AbaRouteValidator_14" time="0.018"/>
  <testcase name="testAbaNumberCheck_32005_good" classname="com.cardatechnologies.utils.validators.abaroutevalidator.Test_AbaRouteValidator_14" time="0.018"/>
  <testcase name="testAbaNumberCheck_30380_bad" classname="com.cardatechnologies.utils.validators.abaroutevalidator.Test_AbaRouteValidator_14" time="0.018"/>
  <testcase name="testAbaNumberCheck_31194_bad" classname="com.cardatechnologies.utils.validators.abaroutevalidator.Test_AbaRouteValidator_14" time="0.019"/>
  <testcase name="testAbaNumberCheck_30832_bad" classname="com.cardatechnologies.utils.validators.abaroutevalidator.Test_AbaRouteValidator_14" time="0.018"/>
  <testcase name="testAbaNumberCheck_31646_bad" classname="com.cardatechnologies.utils.validators.abaroutevalidator.Test_AbaRouteValidator_14" time="0.018"/>
  <testcase name="testAbaNumberCheck_30382_bad" classname="com.cardatechnologies.utils.validators.abaroutevalidator.Test_AbaRouteValidator_14" time="0.017"/>
  <testcase name="testAbaNumberCheck_31196_bad" classname="com.cardatechnologies.utils.validators.abaroutevalidator.Test_AbaRouteValidator_14" time="0.018"/>
  <testcase name="testAbaNumberCheck_30834_bad" classname="com.cardatechnologies.utils.validators.abaroutevalidator.Test_AbaRouteValidator_14" time="0.018"/>
  <testcase name="testAbaNumberCheck_31648_bad" classname="com.cardatechnologies.utils.validators.abaroutevalidator.Test_AbaRouteValidator_14" time="0.018"/>
  <testcase name="testAbaNumberCheck_30384_bad" classname="com.cardatechnologies.utils.validators.abaroutevalidator.Test_AbaRouteValidator_14" time="0.021"/>
  <testcase name="testAbaNumberCheck_31198_bad" classname="com.cardatechnologies.utils.validators.abaroutevalidator.Test_AbaRouteValidator_14" time="0.026"/>
  <testcase name="testAbaNumberCheck_30836_bad" classname="com.cardatechnologies.utils.validators.abaroutevalidator.Test_AbaRouteValidator_14" time="0.018"/>
  <testcase name="testAbaNumberCheck_30386_bad" classname="com.cardatechnologies.utils.validators.abaroutevalidator.Test_AbaRouteValidator_14" time="0.021"/>
  <testcase name="testAbaNumberCheck_30838_bad" classname="com.cardatechnologies.utils.validators.abaroutevalidator.Test_AbaRouteValidator_14" time="0.025"/>
  <testcase name="testAbaNumberCheck_30388_bad" classname="com.cardatechnologies.utils.validators.abaroutevalidator.Test_AbaRouteValidator_14" time="0.019"/>
  <testcase name="testAbaNumberCheck_32213_good" classname="com.cardatechnologies.utils.validators.abaroutevalidator.Test_AbaRouteValidator_14" time="0.019"/>
  <testcase name="testAbaNumberCheck_32460_bad" classname="com.cardatechnologies.utils.validators.abaroutevalidator.Test_AbaRouteValidator_14" time="0.018"/>
  <testcase name="testAbaNumberCheck_32462_bad" classname="com.cardatechnologies.utils.validators.abaroutevalidator.Test_AbaRouteValidator_14" time="0.018"/>
  <testcase name="testAbaNumberCheck_31650_bad" classname="com.cardatechnologies.utils.validators.abaroutevalidator.Test_AbaRouteValidator_14" time="0.017"/>
  <testcase name="testAbaNumberCheck_32464_bad" classname="com.cardatechnologies.utils.validators.abaroutevalidator.Test_AbaRouteValidator_14" time="0.018"/>
  <testcase name="testAbaNumberCheck_31652_bad" classname="com.cardatechnologies.utils.validators.abaroutevalidator.Test_AbaRouteValidator_14" time="0.018"/>
  <testcase name="testAbaNumberCheck_32466_bad" classname="com.cardatechnologies.utils.validators.abaroutevalidator.Test_AbaRouteValidator_14" time="0.018"/>
  <testcase name="testAbaNumberCheck_32051_good" classname="com.cardatechnologies.utils.validators.abaroutevalidator.Test_AbaRouteValidator_14" time="0.018"/>
  <testcase name="testAbaNumberCheck_30840_bad" classname="com.cardatechnologies.utils.validators.abaroutevalidator.Test_AbaRouteValidator_14" time="0.018"/>
  <testcase name="testAbaNumberCheck_31111_good" classname="com.cardatechnologies.utils.validators.abaroutevalidator.Test_AbaRouteValidator_14" time="0.018"/>
  <testcase name="testAbaNumberCheck_31654_bad" classname="com.cardatechnologies.utils.validators.abaroutevalidator.Test_AbaRouteValidator_14" time="0.018"/>
  <testcase name="testAbaNumberCheck_32468_bad" classname="com.cardatechnologies.utils.validators.abaroutevalidator.Test_AbaRouteValidator_14" time="0.018"/>
  <testcase name="testAbaNumberCheck_30390_bad" classname="com.cardatechnologies.utils.validators.abaroutevalidator.Test_AbaRouteValidator_14" time="0.018"/>
  <testcase name="testAbaNumberCheck_30842_bad" classname="com.cardatechnologies.utils.validators.abaroutevalidator.Test_AbaRouteValidator_14" time="0.018"/>
  <testcase name="testAbaNumberCheck_31656_bad" classname="com.cardatechnologies.utils.validators.abaroutevalidator.Test_AbaRouteValidator_14" time="0.018"/>
  <testcase name="testAbaNumberCheck_30392_bad" classname="com.cardatechnologies.utils.validators.abaroutevalidator.Test_AbaRouteValidator_14" time="0.017"/>
  <testcase name="testAbaNumberCheck_30844_bad" classname="com.cardatechnologies.utils.validators.abaroutevalidator.Test_AbaRouteValidator_14" time="0.02"/>
  <testcase name="testAbaNumberCheck_31658_bad" classname="com.cardatechnologies.utils.validators.abaroutevalidator.Test_AbaRouteValidator_14" time="0.017"/>
  <testcase name="testAbaNumberCheck_30394_bad" classname="com.cardatechnologies.utils.validators.abaroutevalidator.Test_AbaRouteValidator_14" time="0.018"/>
  <testcase name="testAbaNumberCheck_30846_bad" classname="com.cardatechnologies.utils.validators.abaroutevalidator.Test_AbaRouteValidator_14" time="0.019"/>
  <testcase name="testAbaNumberCheck_30396_bad" classname="com.cardatechnologies.utils.validators.abaroutevalidator.Test_AbaRouteValidator_14" time="0.021"/>
  <testcase name="testAbaNumberCheck_30848_bad" classname="com.cardatechnologies.utils.validators.abaroutevalidator.Test_AbaRouteValidator_14" time="0.021"/>
  <testcase name="testAbaNumberCheck_30398_bad" classname="com.cardatechnologies.utils.validators.abaroutevalidator.Test_AbaRouteValidator_14" time="0.022"/>
  <testcase name="testAbaNumberCheck_32421_good" classname="com.cardatechnologies.utils.validators.abaroutevalidator.Test_AbaRouteValidator_14" time="0.025"/>
  <testcase name="testAbaNumberCheck_32470_bad" classname="com.cardatechnologies.utils.validators.abaroutevalidator.Test_AbaRouteValidator_14" time="0.021"/>
  <testcase name="testAbaNumberCheck_32472_bad" classname="com.cardatechnologies.utils.validators.abaroutevalidator.Test_AbaRouteValidator_14" time="0.029"/>
  <testcase name="testAbaNumberCheck_32133_good" classname="com.cardatechnologies.utils.validators.abaroutevalidator.Test_AbaRouteValidator_14" time="0.02"/>
  <testcase name="testAbaNumberCheck_31660_bad" classname="com.cardatechnologies.utils.validators.abaroutevalidator.Test_AbaRouteValidator_14" time="0.02"/>
  <testcase name="testAbaNumberCheck_32474_bad" classname="com.cardatechnologies.utils.validators.abaroutevalidator.Test_AbaRouteValidator_14" time="0.019"/>
  <testcase name="testAbaNumberCheck_31662_bad" classname="com.cardatechnologies.utils.validators.abaroutevalidator.Test_AbaRouteValidator_14" time="0.021"/>
  <testcase name="testAbaNumberCheck_32476_bad" classname="com.cardatechnologies.utils.validators.abaroutevalidator.Test_AbaRouteValidator_14" time="0.02"/>
  <testcase name="testAbaNumberCheck_30850_bad" classname="com.cardatechnologies.utils.validators.abaroutevalidator.Test_AbaRouteValidator_14" time="0.018"/>
  <testcase name="testAbaNumberCheck_31664_bad" classname="com.cardatechnologies.utils.validators.abaroutevalidator.Test_AbaRouteValidator_14" time="0.017"/>
  <testcase name="testAbaNumberCheck_32478_bad" classname="com.cardatechnologies.utils.validators.abaroutevalidator.Test_AbaRouteValidator_14" time="0.018"/>
  <testcase name="testAbaNumberCheck_32007_good" classname="com.cardatechnologies.utils.validators.abaroutevalidator.Test_AbaRouteValidator_14" time="0.018"/>
  <testcase name="testAbaNumberCheck_30852_bad" classname="com.cardatechnologies.utils.validators.abaroutevalidator.Test_AbaRouteValidator_14" time="0.018"/>
  <testcase name="testAbaNumberCheck_31666_bad" classname="com.cardatechnologies.utils.validators.abaroutevalidator.Test_AbaRouteValidator_14" time="0.017"/>
  <testcase name="testAbaNumberCheck_31031_good" classname="com.cardatechnologies.utils.validators.abaroutevalidator.Test_AbaRouteValidator_14" time="0.017"/>
  <testcase name="testAbaNumberCheck_30854_bad" classname="com.cardatechnologies.utils.validators.abaroutevalidator.Test_AbaRouteValidator_14" time="0.018"/>
  <testcase name="testAbaNumberCheck_31668_bad" classname="com.cardatechnologies.utils.validators.abaroutevalidator.Test_AbaRouteValidator_14" time="0.017"/>
  <testcase name="testAbaNumberCheck_30856_bad" classname="com.cardatechnologies.utils.validators.abaroutevalidator.Test_AbaRouteValidator_14" time="0.018"/>
  <testcase name="testAbaNumberCheck_30858_bad" classname="com.cardatechnologies.utils.validators.abaroutevalidator.Test_AbaRouteValidator_14" time="0.018"/>
  <testcase name="testAbaNumberCheck_32341_good" classname="com.cardatechnologies.utils.validators.abaroutevalidator.Test_AbaRouteValidator_14" time="0.018"/>
  <testcase name="testAbaNumberCheck_31401_good" classname="com.cardatechnologies.utils.validators.abaroutevalidator.Test_AbaRouteValidator_14" time="0.017"/>
  <testcase name="testAbaNumberCheck_32215_good" classname="com.cardatechnologies.utils.validators.abaroutevalidator.Test_AbaRouteValidator_14" time="0.018"/>
  <testcase name="testAbaNumberCheck_32480_bad" classname="com.cardatechnologies.utils.validators.abaroutevalidator.Test_AbaRouteValidator_14" time="0.018"/>
  <testcase name="testAbaNumberCheck_32482_bad" classname="com.cardatechnologies.utils.validators.abaroutevalidator.Test_AbaRouteValidator_14" time="0.019"/>
  <testcase name="testAbaNumberCheck_31670_bad" classname="com.cardatechnologies.utils.validators.abaroutevalidator.Test_AbaRouteValidator_14" time="0.018"/>
  <testcase name="testAbaNumberCheck_32484_bad" classname="com.cardatechnologies.utils.validators.abaroutevalidator.Test_AbaRouteValidator_14" time="0.017"/>
  <testcase name="testAbaNumberCheck_31672_bad" classname="com.cardatechnologies.utils.validators.abaroutevalidator.Test_AbaRouteValidator_14" time="0.017"/>
  <testcase name="testAbaNumberCheck_32486_bad" classname="com.cardatechnologies.utils.validators.abaroutevalidator.Test_AbaRouteValidator_14" time="0.022"/>
  <testcase name="testAbaNumberCheck_32053_good" classname="com.cardatechnologies.utils.validators.abaroutevalidator.Test_AbaRouteValidator_14" time="0.022"/>
  <testcase name="testAbaNumberCheck_30860_bad" classname="com.cardatechnologies.utils.validators.abaroutevalidator.Test_AbaRouteValidator_14" time="0.02"/>
  <testcase name="testAbaNumberCheck_31113_good" classname="com.cardatechnologies.utils.validators.abaroutevalidator.Test_AbaRouteValidator_14" time="0.021"/>
  <testcase name="testAbaNumberCheck_31674_bad" classname="com.cardatechnologies.utils.validators.abaroutevalidator.Test_AbaRouteValidator_14" time="0.02"/>
  <testcase name="testAbaNumberCheck_32488_bad" classname="com.cardatechnologies.utils.validators.abaroutevalidator.Test_AbaRouteValidator_14" time="0.018"/>
  <testcase name="testAbaNumberCheck_30862_bad" classname="com.cardatechnologies.utils.validators.abaroutevalidator.Test_AbaRouteValidator_14" time="0.022"/>
  <testcase name="testAbaNumberCheck_31676_bad" classname="com.cardatechnologies.utils.validators.abaroutevalidator.Test_AbaRouteValidator_14" time="0.018"/>
  <testcase name="testAbaNumberCheck_30864_bad" classname="com.cardatechnologies.utils.validators.abaroutevalidator.Test_AbaRouteValidator_14" time="0.017"/>
  <testcase name="testAbaNumberCheck_31678_bad" classname="com.cardatechnologies.utils.validators.abaroutevalidator.Test_AbaRouteValidator_14" time="0.018"/>
  <testcase name="testAbaNumberCheck_30866_bad" classname="com.cardatechnologies.utils.validators.abaroutevalidator.Test_AbaRouteValidator_14" time="0.018"/>
  <testcase name="testAbaNumberCheck_30868_bad" classname="com.cardatechnologies.utils.validators.abaroutevalidator.Test_AbaRouteValidator_14" time="0.018"/>
  <testcase name="testAbaNumberCheck_30011_good" classname="com.cardatechnologies.utils.validators.abaroutevalidator.Test_AbaRouteValidator_14" time="0.018"/>
  <testcase name="testAbaNumberCheck_32423_good" classname="com.cardatechnologies.utils.validators.abaroutevalidator.Test_AbaRouteValidator_14" time="0.018"/>
  <testcase name="testAbaNumberCheck_32261_good" classname="com.cardatechnologies.utils.validators.abaroutevalidator.Test_AbaRouteValidator_14" time="0.018"/>
  <testcase name="testAbaNumberCheck_31321_good" classname="com.cardatechnologies.utils.validators.abaroutevalidator.Test_AbaRouteValidator_14" time="0.019"/>
  <testcase name="testAbaNumberCheck_32490_bad" classname="com.cardatechnologies.utils.validators.abaroutevalidator.Test_AbaRouteValidator_14" time="0.017"/>
  <testcase name="testAbaNumberCheck_32492_bad" classname="com.cardatechnologies.utils.validators.abaroutevalidator.Test_AbaRouteValidator_14" time="0.019"/>
  <testcase name="testAbaNumberCheck_32135_good" classname="com.cardatechnologies.utils.validators.abaroutevalidator.Test_AbaRouteValidator_14" time="0.018"/>
  <testcase name="testAbaNumberCheck_31680_bad" classname="com.cardatechnologies.utils.validators.abaroutevalidator.Test_AbaRouteValidator_14" time="0.018"/>
  <testcase name="testAbaNumberCheck_32494_bad" classname="com.cardatechnologies.utils.validators.abaroutevalidator.Test_AbaRouteValidator_14" time="0.017"/>
  <testcase name="testAbaNumberCheck_31682_bad" classname="com.cardatechnologies.utils.validators.abaroutevalidator.Test_AbaRouteValidator_14" time="0.018"/>
  <testcase name="testAbaNumberCheck_32496_bad" classname="com.cardatechnologies.utils.validators.abaroutevalidator.Test_AbaRouteValidator_14" time="0.017"/>
  <testcase name="testAbaNumberCheck_30870_bad" classname="com.cardatechnologies.utils.validators.abaroutevalidator.Test_AbaRouteValidator_14" time="0.018"/>
  <testcase name="testAbaNumberCheck_31684_bad" classname="com.cardatechnologies.utils.validators.abaroutevalidator.Test_AbaRouteValidator_14" time="0.018"/>
  <testcase name="testAbaNumberCheck_32498_bad" classname="com.cardatechnologies.utils.validators.abaroutevalidator.Test_AbaRouteValidator_14" time="0.018"/>
  <testcase name="testAbaNumberCheck_32009_good" classname="com.cardatechnologies.utils.validators.abaroutevalidator.Test_AbaRouteValidator_14" time="0.018"/>
  <testcase name="testAbaNumberCheck_30872_bad" classname="com.cardatechnologies.utils.validators.abaroutevalidator.Test_AbaRouteValidator_14" time="0.017"/>
  <testcase name="testAbaNumberCheck_31686_bad" classname="com.cardatechnologies.utils.validators.abaroutevalidator.Test_AbaRouteValidator_14" time="0.021"/>
  <testcase name="testAbaNumberCheck_31033_good" classname="com.cardatechnologies.utils.validators.abaroutevalidator.Test_AbaRouteValidator_14" time="0.023"/>
  <testcase name="testAbaNumberCheck_30874_bad" classname="com.cardatechnologies.utils.validators.abaroutevalidator.Test_AbaRouteValidator_14" time="0.028"/>
  <testcase name="testAbaNumberCheck_31688_bad" classname="com.cardatechnologies.utils.validators.abaroutevalidator.Test_AbaRouteValidator_14" time="0.022"/>
  <testcase name="testAbaNumberCheck_30876_bad" classname="com.cardatechnologies.utils.validators.abaroutevalidator.Test_AbaRouteValidator_14" time="0.022"/>
  <testcase name="testAbaNumberCheck_30878_bad" classname="com.cardatechnologies.utils.validators.abaroutevalidator.Test_AbaRouteValidator_14" time="0.022"/>
  <testcase name="testAbaNumberCheck_32343_good" classname="com.cardatechnologies.utils.validators.abaroutevalidator.Test_AbaRouteValidator_14" time="0.021"/>
  <testcase name="testAbaNumberCheck_31403_good" classname="com.cardatechnologies.utils.validators.abaroutevalidator.Test_AbaRouteValidator_14" time="0.023"/>
  <testcase name="testAbaNumberCheck_32217_good" classname="com.cardatechnologies.utils.validators.abaroutevalidator.Test_AbaRouteValidator_14" time="0.024"/>
  <testcase name="testAbaNumberCheck_32181_good" classname="com.cardatechnologies.utils.validators.abaroutevalidator.Test_AbaRouteValidator_14" time="0.019"/>
  <testcase name="testAbaNumberCheck_31241_good" classname="com.cardatechnologies.utils.validators.abaroutevalidator.Test_AbaRouteValidator_14" time="0.019"/>
  <testcase name="testAbaNumberCheck_30301_good" classname="com.cardatechnologies.utils.validators.abaroutevalidator.Test_AbaRouteValidator_14" time="0.017"/>
  <testcase name="testAbaNumberCheck_31690_bad" classname="com.cardatechnologies.utils.validators.abaroutevalidator.Test_AbaRouteValidator_14" time="0.019"/>
  <testcase name="testAbaNumberCheck_31692_bad" classname="com.cardatechnologies.utils.validators.abaroutevalidator.Test_AbaRouteValidator_14" time="0.018"/>
  <testcase name="testAbaNumberCheck_32055_good" classname="com.cardatechnologies.utils.validators.abaroutevalidator.Test_AbaRouteValidator_14" time="0.017"/>
  <testcase name="testAbaNumberCheck_30880_bad" classname="com.cardatechnologies.utils.validators.abaroutevalidator.Test_AbaRouteValidator_14" time="0.02"/>
  <testcase name="testAbaNumberCheck_31115_good" classname="com.cardatechnologies.utils.validators.abaroutevalidator.Test_AbaRouteValidator_14" time="0.023"/>
  <testcase name="testAbaNumberCheck_31694_bad" classname="com.cardatechnologies.utils.validators.abaroutevalidator.Test_AbaRouteValidator_14" time="0.021"/>
  <testcase name="testAbaNumberCheck_30882_bad" classname="com.cardatechnologies.utils.validators.abaroutevalidator.Test_AbaRouteValidator_14" time="0.019"/>
  <testcase name="testAbaNumberCheck_31696_bad" classname="com.cardatechnologies.utils.validators.abaroutevalidator.Test_AbaRouteValidator_14" time="0.018"/>
  <testcase name="testAbaNumberCheck_30884_bad" classname="com.cardatechnologies.utils.validators.abaroutevalidator.Test_AbaRouteValidator_14" time="0.017"/>
  <testcase name="testAbaNumberCheck_31698_bad" classname="com.cardatechnologies.utils.validators.abaroutevalidator.Test_AbaRouteValidator_14" time="0.018"/>
  <testcase name="testAbaNumberCheck_30886_bad" classname="com.cardatechnologies.utils.validators.abaroutevalidator.Test_AbaRouteValidator_14" time="0.018"/>
  <testcase name="testAbaNumberCheck_30888_bad" classname="com.cardatechnologies.utils.validators.abaroutevalidator.Test_AbaRouteValidator_14" time="0.018"/>
  <testcase name="testAbaNumberCheck_30013_good" classname="com.cardatechnologies.utils.validators.abaroutevalidator.Test_AbaRouteValidator_14" time="0.017"/>
  <testcase name="testAbaNumberCheck_31611_good" classname="com.cardatechnologies.utils.validators.abaroutevalidator.Test_AbaRouteValidator_14" time="0.017"/>
  <testcase name="testAbaNumberCheck_32425_good" classname="com.cardatechnologies.utils.validators.abaroutevalidator.Test_AbaRouteValidator_14" time="0.021"/>
  <testcase name="testAbaNumberCheck_32263_good" classname="com.cardatechnologies.utils.validators.abaroutevalidator.Test_AbaRouteValidator_14" time="0.021"/>
  <testcase name="testAbaNumberCheck_31323_good" classname="com.cardatechnologies.utils.validators.abaroutevalidator.Test_AbaRouteValidator_14" time="0.02"/>
  <testcase name="testAbaNumberCheck_32137_good" classname="com.cardatechnologies.utils.validators.abaroutevalidator.Test_AbaRouteValidator_14" time="0.021"/>
  <testcase name="testAbaNumberCheck_31161_good" classname="com.cardatechnologies.utils.validators.abaroutevalidator.Test_AbaRouteValidator_14" time="0.018"/>
  <testcase name="testAbaNumberCheck_30221_good" classname="com.cardatechnologies.utils.validators.abaroutevalidator.Test_AbaRouteValidator_14" time="0.017"/>
  <testcase name="testAbaNumberCheck_30890_bad" classname="com.cardatechnologies.utils.validators.abaroutevalidator.Test_AbaRouteValidator_14" time="0.019"/>
  <testcase name="testAbaNumberCheck_30892_bad" classname="com.cardatechnologies.utils.validators.abaroutevalidator.Test_AbaRouteValidator_14" time="0.018"/>
  <testcase name="testAbaNumberCheck_31035_good" classname="com.cardatechnologies.utils.validators.abaroutevalidator.Test_AbaRouteValidator_14" time="0.018"/>
  <testcase name="testAbaNumberCheck_30894_bad" classname="com.cardatechnologies.utils.validators.abaroutevalidator.Test_AbaRouteValidator_14" time="0.017"/>
  <testcase name="testAbaNumberCheck_30896_bad" classname="com.cardatechnologies.utils.validators.abaroutevalidator.Test_AbaRouteValidator_14" time="0.018"/>
  <testcase name="testAbaNumberCheck_30898_bad" classname="com.cardatechnologies.utils.validators.abaroutevalidator.Test_AbaRouteValidator_14" time="0.018"/>
  <testcase name="testAbaNumberCheck_32471_good" classname="com.cardatechnologies.utils.validators.abaroutevalidator.Test_AbaRouteValidator_14" time="0.021"/>
  <testcase name="testAbaNumberCheck_31531_good" classname="com.cardatechnologies.utils.validators.abaroutevalidator.Test_AbaRouteValidator_14" time="0.018"/>
  <testcase name="testAbaNumberCheck_32345_good" classname="com.cardatechnologies.utils.validators.abaroutevalidator.Test_AbaRouteValidator_14" time="0.018"/>
  <testcase name="testAbaNumberCheck_31405_good" classname="com.cardatechnologies.utils.validators.abaroutevalidator.Test_AbaRouteValidator_14" time="0.018"/>
  <testcase name="testAbaNumberCheck_32219_good" classname="com.cardatechnologies.utils.validators.abaroutevalidator.Test_AbaRouteValidator_14" time="0.018"/>
  <testcase name="testAbaNumberCheck_32183_good" classname="com.cardatechnologies.utils.validators.abaroutevalidator.Test_AbaRouteValidator_14" time="0.018"/>
  <testcase name="testAbaNumberCheck_31243_good" classname="com.cardatechnologies.utils.validators.abaroutevalidator.Test_AbaRouteValidator_14" time="0.018"/>
  <testcase name="testAbaNumberCheck_30303_good" classname="com.cardatechnologies.utils.validators.abaroutevalidator.Test_AbaRouteValidator_14" time="0.018"/>
  <testcase name="testAbaNumberCheck_31901_good" classname="com.cardatechnologies.utils.validators.abaroutevalidator.Test_AbaRouteValidator_14" time="0.018"/>
  <testcase name="testAbaNumberCheck_32057_good" classname="com.cardatechnologies.utils.validators.abaroutevalidator.Test_AbaRouteValidator_14" time="0.017"/>
  <testcase name="testAbaNumberCheck_31117_good" classname="com.cardatechnologies.utils.validators.abaroutevalidator.Test_AbaRouteValidator_14" time="0.018"/>
  <testcase name="testAbaNumberCheck_31081_good" classname="com.cardatechnologies.utils.validators.abaroutevalidator.Test_AbaRouteValidator_14" time="0.018"/>
  <testcase name="testAbaNumberCheck_30141_good" classname="com.cardatechnologies.utils.validators.abaroutevalidator.Test_AbaRouteValidator_14" time="0.018"/>
  <testcase name="testAbaNumberCheck_30015_good" classname="com.cardatechnologies.utils.validators.abaroutevalidator.Test_AbaRouteValidator_14" time="0.018"/>
  <testcase name="testAbaNumberCheck_31613_good" classname="com.cardatechnologies.utils.validators.abaroutevalidator.Test_AbaRouteValidator_14" time="0.017"/>
  <testcase name="testAbaNumberCheck_32427_good" classname="com.cardatechnologies.utils.validators.abaroutevalidator.Test_AbaRouteValidator_14" time="0.019"/>
  <testcase name="testAbaNumberCheck_32391_good" classname="com.cardatechnologies.utils.validators.abaroutevalidator.Test_AbaRouteValidator_14" time="0.021"/>
  <testcase name="testAbaNumberCheck_31451_good" classname="com.cardatechnologies.utils.validators.abaroutevalidator.Test_AbaRouteValidator_14" time="0.022"/>
  <testcase name="testAbaNumberCheck_30511_good" classname="com.cardatechnologies.utils.validators.abaroutevalidator.Test_AbaRouteValidator_14" time="0.021"/>
  <testcase name="testAbaNumberCheck_32265_good" classname="com.cardatechnologies.utils.validators.abaroutevalidator.Test_AbaRouteValidator_14" time="0.023"/>
  <testcase name="testAbaNumberCheck_31325_good" classname="com.cardatechnologies.utils.validators.abaroutevalidator.Test_AbaRouteValidator_14" time="0.018"/>
  <testcase name="testAbaNumberCheck_32139_good" classname="com.cardatechnologies.utils.validators.abaroutevalidator.Test_AbaRouteValidator_14" time="0.018"/>
  <testcase name="testAbaNumberCheck_31163_good" classname="com.cardatechnologies.utils.validators.abaroutevalidator.Test_AbaRouteValidator_14" time="0.017"/>
  <testcase name="testAbaNumberCheck_30223_good" classname="com.cardatechnologies.utils.validators.abaroutevalidator.Test_AbaRouteValidator_14" time="0.018"/>
  <testcase name="testAbaNumberCheck_31821_good" classname="com.cardatechnologies.utils.validators.abaroutevalidator.Test_AbaRouteValidator_14" time="0.018"/>
  <testcase name="testAbaNumberCheck_31037_good" classname="com.cardatechnologies.utils.validators.abaroutevalidator.Test_AbaRouteValidator_14" time="0.018"/>
  <testcase name="testAbaNumberCheck_30061_good" classname="com.cardatechnologies.utils.validators.abaroutevalidator.Test_AbaRouteValidator_14" time="0.018"/>
  <testcase name="testAbaNumberCheck_32473_good" classname="com.cardatechnologies.utils.validators.abaroutevalidator.Test_AbaRouteValidator_14" time="0.017"/>
  <testcase name="testAbaNumberCheck_31533_good" classname="com.cardatechnologies.utils.validators.abaroutevalidator.Test_AbaRouteValidator_14" time="0.018"/>
  <testcase name="testAbaNumberCheck_32347_good" classname="com.cardatechnologies.utils.validators.abaroutevalidator.Test_AbaRouteValidator_14" time="0.021"/>
  <testcase name="testAbaNumberCheck_31407_good" classname="com.cardatechnologies.utils.validators.abaroutevalidator.Test_AbaRouteValidator_14" time="0.02"/>
  <testcase name="testAbaNumberCheck_31371_good" classname="com.cardatechnologies.utils.validators.abaroutevalidator.Test_AbaRouteValidator_14" time="0.021"/>
  <testcase name="testAbaNumberCheck_30431_good" classname="com.cardatechnologies.utils.validators.abaroutevalidator.Test_AbaRouteValidator_14" time="0.021"/>
  <testcase name="testAbaNumberCheck_32185_good" classname="com.cardatechnologies.utils.validators.abaroutevalidator.Test_AbaRouteValidator_14" time="0.021"/>
  <testcase name="testAbaNumberCheck_31245_good" classname="com.cardatechnologies.utils.validators.abaroutevalidator.Test_AbaRouteValidator_14" time="0.02"/>
  <testcase name="testAbaNumberCheck_30305_good" classname="com.cardatechnologies.utils.validators.abaroutevalidator.Test_AbaRouteValidator_14" time="0.021"/>
  <testcase name="testAbaNumberCheck_31903_good" classname="com.cardatechnologies.utils.validators.abaroutevalidator.Test_AbaRouteValidator_14" time="0.021"/>
  <testcase name="testAbaNumberCheck_32059_good" classname="com.cardatechnologies.utils.validators.abaroutevalidator.Test_AbaRouteValidator_14" time="0.021"/>
  <testcase name="testAbaNumberCheck_31119_good" classname="com.cardatechnologies.utils.validators.abaroutevalidator.Test_AbaRouteValidator_14" time="0.021"/>
  <testcase name="testAbaNumberCheck_31083_good" classname="com.cardatechnologies.utils.validators.abaroutevalidator.Test_AbaRouteValidator_14" time="0.021"/>
  <testcase name="testAbaNumberCheck_30143_good" classname="com.cardatechnologies.utils.validators.abaroutevalidator.Test_AbaRouteValidator_14" time="0.02"/>
  <testcase name="testAbaNumberCheck_31741_good" classname="com.cardatechnologies.utils.validators.abaroutevalidator.Test_AbaRouteValidator_14" time="0.021"/>
  <testcase name="testAbaNumberCheck_30801_good" classname="com.cardatechnologies.utils.validators.abaroutevalidator.Test_AbaRouteValidator_14" time="0.024"/>
  <testcase name="testAbaNumberCheck_30017_good" classname="com.cardatechnologies.utils.validators.abaroutevalidator.Test_AbaRouteValidator_14" time="0.027"/>
  <testcase name="testAbaNumberCheck_31615_good" classname="com.cardatechnologies.utils.validators.abaroutevalidator.Test_AbaRouteValidator_14" time="0.025"/>
  <testcase name="testAbaNumberCheck_32429_good" classname="com.cardatechnologies.utils.validators.abaroutevalidator.Test_AbaRouteValidator_14" time="0.02"/>
  <testcase name="testAbaNumberCheck_32393_good" classname="com.cardatechnologies.utils.validators.abaroutevalidator.Test_AbaRouteValidator_14" time="0.018"/>
  <testcase name="testAbaNumberCheck_31453_good" classname="com.cardatechnologies.utils.validators.abaroutevalidator.Test_AbaRouteValidator_14" time="0.018"/>
  <testcase name="testAbaNumberCheck_30513_good" classname="com.cardatechnologies.utils.validators.abaroutevalidator.Test_AbaRouteValidator_14" time="0.018"/>
  <testcase name="testAbaNumberCheck_32267_good" classname="com.cardatechnologies.utils.validators.abaroutevalidator.Test_AbaRouteValidator_14" time="0.017"/>
  <testcase name="testAbaNumberCheck_31327_good" classname="com.cardatechnologies.utils.validators.abaroutevalidator.Test_AbaRouteValidator_14" time="0.018"/>
  <testcase name="testAbaNumberCheck_31291_good" classname="com.cardatechnologies.utils.validators.abaroutevalidator.Test_AbaRouteValidator_14" time="0.018"/>
  <testcase name="testAbaNumberCheck_30351_good" classname="com.cardatechnologies.utils.validators.abaroutevalidator.Test_AbaRouteValidator_14" time="0.018"/>
  <testcase name="testAbaNumberCheck_31165_good" classname="com.cardatechnologies.utils.validators.abaroutevalidator.Test_AbaRouteValidator_14" time="0.017"/>
  <testcase name="testAbaNumberCheck_30225_good" classname="com.cardatechnologies.utils.validators.abaroutevalidator.Test_AbaRouteValidator_14" time="0.018"/>
  <testcase name="testAbaNumberCheck_31823_good" classname="com.cardatechnologies.utils.validators.abaroutevalidator.Test_AbaRouteValidator_14" time="0.018"/>
  <testcase name="testAbaNumberCheck_31039_good" classname="com.cardatechnologies.utils.validators.abaroutevalidator.Test_AbaRouteValidator_14" time="0.019"/>
  <testcase name="testAbaNumberCheck_30063_good" classname="com.cardatechnologies.utils.validators.abaroutevalidator.Test_AbaRouteValidator_14" time="0.018"/>
  <testcase name="testAbaNumberCheck_31661_good" classname="com.cardatechnologies.utils.validators.abaroutevalidator.Test_AbaRouteValidator_14" time="0.018"/>
  <testcase name="testAbaNumberCheck_30721_good" classname="com.cardatechnologies.utils.validators.abaroutevalidator.Test_AbaRouteValidator_14" time="0.018"/>
  <testcase name="testAbaNumberCheck_32475_good" classname="com.cardatechnologies.utils.validators.abaroutevalidator.Test_AbaRouteValidator_14" time="0.018"/>
  <testcase name="testAbaNumberCheck_31535_good" classname="com.cardatechnologies.utils.validators.abaroutevalidator.Test_AbaRouteValidator_14" time="0.022"/>
  <testcase name="testAbaNumberCheck_32349_good" classname="com.cardatechnologies.utils.validators.abaroutevalidator.Test_AbaRouteValidator_14" time="0.018"/>
  <testcase name="testAbaNumberCheck_31409_good" classname="com.cardatechnologies.utils.validators.abaroutevalidator.Test_AbaRouteValidator_14" time="0.018"/>
  <testcase name="testAbaNumberCheck_31373_good" classname="com.cardatechnologies.utils.validators.abaroutevalidator.Test_AbaRouteValidator_14" time="0.02"/>
  <testcase name="testAbaNumberCheck_30433_good" classname="com.cardatechnologies.utils.validators.abaroutevalidator.Test_AbaRouteValidator_14" time="0.021"/>
  <testcase name="testAbaNumberCheck_32187_good" classname="com.cardatechnologies.utils.validators.abaroutevalidator.Test_AbaRouteValidator_14" time="0.022"/>
  <testcase name="testAbaNumberCheck_31247_good" classname="com.cardatechnologies.utils.validators.abaroutevalidator.Test_AbaRouteValidator_14" time="0.022"/>
  <testcase name="testAbaNumberCheck_30307_good" classname="com.cardatechnologies.utils.validators.abaroutevalidator.Test_AbaRouteValidator_14" time="0.021"/>
  <testcase name="testAbaNumberCheck_31905_good" classname="com.cardatechnologies.utils.validators.abaroutevalidator.Test_AbaRouteValidator_14" time="0.019"/>
  <testcase name="testAbaNumberCheck_30271_good" classname="com.cardatechnologies.utils.validators.abaroutevalidator.Test_AbaRouteValidator_14" time="0.023"/>
  <testcase name="testAbaNumberCheck_31085_good" classname="com.cardatechnologies.utils.validators.abaroutevalidator.Test_AbaRouteValidator_14" time="0.032"/>
  <testcase name="testAbaNumberCheck_30145_good" classname="com.cardatechnologies.utils.validators.abaroutevalidator.Test_AbaRouteValidator_14" time="0.019"/>
  <testcase name="testAbaNumberCheck_31743_good" classname="com.cardatechnologies.utils.validators.abaroutevalidator.Test_AbaRouteValidator_14" time="0.018"/>
  <testcase name="testAbaNumberCheck_30803_good" classname="com.cardatechnologies.utils.validators.abaroutevalidator.Test_AbaRouteValidator_14" time="0.018"/>
  <testcase name="testAbaNumberCheck_30019_good" classname="com.cardatechnologies.utils.validators.abaroutevalidator.Test_AbaRouteValidator_14" time="0.018"/>
  <testcase name="testAbaNumberCheck_31617_good" classname="com.cardatechnologies.utils.validators.abaroutevalidator.Test_AbaRouteValidator_14" time="0.019"/>
  <testcase name="testAbaNumberCheck_31581_good" classname="com.cardatechnologies.utils.validators.abaroutevalidator.Test_AbaRouteValidator_14" time="0.018"/>
  <testcase name="testAbaNumberCheck_30641_good" classname="com.cardatechnologies.utils.validators.abaroutevalidator.Test_AbaRouteValidator_14" time="0.018"/>
  <testcase name="testAbaNumberCheck_32395_good" classname="com.cardatechnologies.utils.validators.abaroutevalidator.Test_AbaRouteValidator_14" time="0.018"/>
  <testcase name="testAbaNumberCheck_31455_good" classname="com.cardatechnologies.utils.validators.abaroutevalidator.Test_AbaRouteValidator_14" time="0.019"/>
  <testcase name="testAbaNumberCheck_30515_good" classname="com.cardatechnologies.utils.validators.abaroutevalidator.Test_AbaRouteValidator_14" time="0.018"/>
  <testcase name="testAbaNumberCheck_32269_good" classname="com.cardatechnologies.utils.validators.abaroutevalidator.Test_AbaRouteValidator_14" time="0.018"/>
  <testcase name="testAbaNumberCheck_31329_good" classname="com.cardatechnologies.utils.validators.abaroutevalidator.Test_AbaRouteValidator_14" time="0.018"/>
  <testcase name="testAbaNumberCheck_31293_good" classname="com.cardatechnologies.utils.validators.abaroutevalidator.Test_AbaRouteValidator_14" time="0.018"/>
  <testcase name="testAbaNumberCheck_30353_good" classname="com.cardatechnologies.utils.validators.abaroutevalidator.Test_AbaRouteValidator_14" time="0.019"/>
  <testcase name="testAbaNumberCheck_31951_good" classname="com.cardatechnologies.utils.validators.abaroutevalidator.Test_AbaRouteValidator_14" time="0.017"/>
  <testcase name="testAbaNumberCheck_31167_good" classname="com.cardatechnologies.utils.validators.abaroutevalidator.Test_AbaRouteValidator_14" time="0.018"/>
  <testcase name="testAbaNumberCheck_30227_good" classname="com.cardatechnologies.utils.validators.abaroutevalidator.Test_AbaRouteValidator_14" time="0.018"/>
  <testcase name="testAbaNumberCheck_31825_good" classname="com.cardatechnologies.utils.validators.abaroutevalidator.Test_AbaRouteValidator_14" time="0.018"/>
  <testcase name="testAbaNumberCheck_30191_good" classname="com.cardatechnologies.utils.validators.abaroutevalidator.Test_AbaRouteValidator_14" time="0.019"/>
  <testcase name="testAbaNumberCheck_30065_good" classname="com.cardatechnologies.utils.validators.abaroutevalidator.Test_AbaRouteValidator_14" time="0.019"/>
  <testcase name="testAbaNumberCheck_31663_good" classname="com.cardatechnologies.utils.validators.abaroutevalidator.Test_AbaRouteValidator_14" time="0.018"/>
  <testcase name="testAbaNumberCheck_30723_good" classname="com.cardatechnologies.utils.validators.abaroutevalidator.Test_AbaRouteValidator_14" time="0.019"/>
  <testcase name="testAbaNumberCheck_32477_good" classname="com.cardatechnologies.utils.validators.abaroutevalidator.Test_AbaRouteValidator_14" time="0.019"/>
  <testcase name="testAbaNumberCheck_31537_good" classname="com.cardatechnologies.utils.validators.abaroutevalidator.Test_AbaRouteValidator_14" time="0.019"/>
  <testcase name="testAbaNumberCheck_30561_good" classname="com.cardatechnologies.utils.validators.abaroutevalidator.Test_AbaRouteValidator_14" time="0.021"/>
  <testcase name="testAbaNumberCheck_31375_good" classname="com.cardatechnologies.utils.validators.abaroutevalidator.Test_AbaRouteValidator_14" time="0.022"/>
  <testcase name="testAbaNumberCheck_30435_good" classname="com.cardatechnologies.utils.validators.abaroutevalidator.Test_AbaRouteValidator_14" time="0.027"/>
  <testcase name="testAbaNumberCheck_32189_good" classname="com.cardatechnologies.utils.validators.abaroutevalidator.Test_AbaRouteValidator_14" time="0.024"/>
  <testcase name="testAbaNumberCheck_31249_good" classname="com.cardatechnologies.utils.validators.abaroutevalidator.Test_AbaRouteValidator_14" time="0.019"/>
  <testcase name="testAbaNumberCheck_30309_good" classname="com.cardatechnologies.utils.validators.abaroutevalidator.Test_AbaRouteValidator_14" time="0.018"/>
  <testcase name="testAbaNumberCheck_31907_good" classname="com.cardatechnologies.utils.validators.abaroutevalidator.Test_AbaRouteValidator_14" time="0.017"/>
  <testcase name="testAbaNumberCheck_30273_good" classname="com.cardatechnologies.utils.validators.abaroutevalidator.Test_AbaRouteValidator_14" time="0.018"/>
  <testcase name="testAbaNumberCheck_31871_good" classname="com.cardatechnologies.utils.validators.abaroutevalidator.Test_AbaRouteValidator_14" time="0.018"/>
  <testcase name="testAbaNumberCheck_30931_good" classname="com.cardatechnologies.utils.validators.abaroutevalidator.Test_AbaRouteValidator_14" time="0.018"/>
  <testcase name="testAbaNumberCheck_31087_good" classname="com.cardatechnologies.utils.validators.abaroutevalidator.Test_AbaRouteValidator_14" time="0.017"/>
  <testcase name="testAbaNumberCheck_30147_good" classname="com.cardatechnologies.utils.validators.abaroutevalidator.Test_AbaRouteValidator_14" time="0.018"/>
  <testcase name="testAbaNumberCheck_31745_good" classname="com.cardatechnologies.utils.validators.abaroutevalidator.Test_AbaRouteValidator_14" time="0.018"/>
  <testcase name="testAbaNumberCheck_30805_good" classname="com.cardatechnologies.utils.validators.abaroutevalidator.Test_AbaRouteValidator_14" time="0.018"/>
  <testcase name="testAbaNumberCheck_31619_good" classname="com.cardatechnologies.utils.validators.abaroutevalidator.Test_AbaRouteValidator_14" time="0.018"/>
  <testcase name="testAbaNumberCheck_31583_good" classname="com.cardatechnologies.utils.validators.abaroutevalidator.Test_AbaRouteValidator_14" time="0.018"/>
  <testcase name="testAbaNumberCheck_30643_good" classname="com.cardatechnologies.utils.validators.abaroutevalidator.Test_AbaRouteValidator_14" time="0.017"/>
  <testcase name="testAbaNumberCheck_32397_good" classname="com.cardatechnologies.utils.validators.abaroutevalidator.Test_AbaRouteValidator_14" time="0.017"/>
  <testcase name="testAbaNumberCheck_31457_good" classname="com.cardatechnologies.utils.validators.abaroutevalidator.Test_AbaRouteValidator_14" time="0.018"/>
  <testcase name="testAbaNumberCheck_30517_good" classname="com.cardatechnologies.utils.validators.abaroutevalidator.Test_AbaRouteValidator_14" time="0.018"/>
  <testcase name="testAbaNumberCheck_30481_good" classname="com.cardatechnologies.utils.validators.abaroutevalidator.Test_AbaRouteValidator_14" time="0.018"/>
  <testcase name="testAbaNumberCheck_31295_good" classname="com.cardatechnologies.utils.validators.abaroutevalidator.Test_AbaRouteValidator_14" time="0.018"/>
  <testcase name="testAbaNumberCheck_30355_good" classname="com.cardatechnologies.utils.validators.abaroutevalidator.Test_AbaRouteValidator_14" time="0.018"/>
  <testcase name="testAbaNumberCheck_31953_good" classname="com.cardatechnologies.utils.validators.abaroutevalidator.Test_AbaRouteValidator_14" time="0.016"/>
  <testcase name="testAbaNumberCheck_31169_good" classname="com.cardatechnologies.utils.validators.abaroutevalidator.Test_AbaRouteValidator_14" time="0.017"/>
  <testcase name="testAbaNumberCheck_30229_good" classname="com.cardatechnologies.utils.validators.abaroutevalidator.Test_AbaRouteValidator_14" time="0.021"/>
  <testcase name="testAbaNumberCheck_31827_good" classname="com.cardatechnologies.utils.validators.abaroutevalidator.Test_AbaRouteValidator_14" time="0.019"/>
  <testcase name="testAbaNumberCheck_30193_good" classname="com.cardatechnologies.utils.validators.abaroutevalidator.Test_AbaRouteValidator_14" time="0.018"/>
  <testcase name="testAbaNumberCheck_31791_good" classname="com.cardatechnologies.utils.validators.abaroutevalidator.Test_AbaRouteValidator_14" time="0.018"/>
  <testcase name="testAbaNumberCheck_30851_good" classname="com.cardatechnologies.utils.validators.abaroutevalidator.Test_AbaRouteValidator_14" time="0.018"/>
  <testcase name="testAbaNumberCheck_30067_good" classname="com.cardatechnologies.utils.validators.abaroutevalidator.Test_AbaRouteValidator_14" time="0.027"/>
  <testcase name="testAbaNumberCheck_31665_good" classname="com.cardatechnologies.utils.validators.abaroutevalidator.Test_AbaRouteValidator_14" time="0.026"/>
  <testcase name="testAbaNumberCheck_30725_good" classname="com.cardatechnologies.utils.validators.abaroutevalidator.Test_AbaRouteValidator_14" time="0.017"/>
  <testcase name="testAbaNumberCheck_32479_good" classname="com.cardatechnologies.utils.validators.abaroutevalidator.Test_AbaRouteValidator_14" time="0.018"/>
  <testcase name="testAbaNumberCheck_31539_good" classname="com.cardatechnologies.utils.validators.abaroutevalidator.Test_AbaRouteValidator_14" time="0.018"/>
  <testcase name="testAbaNumberCheck_30563_good" classname="com.cardatechnologies.utils.validators.abaroutevalidator.Test_AbaRouteValidator_14" time="0.017"/>
  <testcase name="testAbaNumberCheck_31377_good" classname="com.cardatechnologies.utils.validators.abaroutevalidator.Test_AbaRouteValidator_14" time="0.018"/>
  <testcase name="testAbaNumberCheck_30437_good" classname="com.cardatechnologies.utils.validators.abaroutevalidator.Test_AbaRouteValidator_14" time="0.019"/>
  <testcase name="testAbaNumberCheck_31909_good" classname="com.cardatechnologies.utils.validators.abaroutevalidator.Test_AbaRouteValidator_14" time="0.018"/>
  <testcase name="testAbaNumberCheck_30275_good" classname="com.cardatechnologies.utils.validators.abaroutevalidator.Test_AbaRouteValidator_14" time="0.018"/>
  <testcase name="testAbaNumberCheck_31873_good" classname="com.cardatechnologies.utils.validators.abaroutevalidator.Test_AbaRouteValidator_14" time="0.02"/>
  <testcase name="testAbaNumberCheck_30933_good" classname="com.cardatechnologies.utils.validators.abaroutevalidator.Test_AbaRouteValidator_14" time="0.022"/>
  <testcase name="testAbaNumberCheck_31089_good" classname="com.cardatechnologies.utils.validators.abaroutevalidator.Test_AbaRouteValidator_14" time="0.024"/>
  <testcase name="testAbaNumberCheck_30149_good" classname="com.cardatechnologies.utils.validators.abaroutevalidator.Test_AbaRouteValidator_14" time="0.022"/>
  <testcase name="testAbaNumberCheck_31747_good" classname="com.cardatechnologies.utils.validators.abaroutevalidator.Test_AbaRouteValidator_14" time="0.023"/>
  <testcase name="testAbaNumberCheck_30807_good" classname="com.cardatechnologies.utils.validators.abaroutevalidator.Test_AbaRouteValidator_14" time="0.024"/>
  <testcase name="testAbaNumberCheck_30771_good" classname="com.cardatechnologies.utils.validators.abaroutevalidator.Test_AbaRouteValidator_14" time="0.023"/>
  <testcase name="testAbaNumberCheck_31585_good" classname="com.cardatechnologies.utils.validators.abaroutevalidator.Test_AbaRouteValidator_14" time="0.023"/>
  <testcase name="testAbaNumberCheck_30645_good" classname="com.cardatechnologies.utils.validators.abaroutevalidator.Test_AbaRouteValidator_14" time="0.021"/>
  <testcase name="testAbaNumberCheck_32399_good" classname="com.cardatechnologies.utils.validators.abaroutevalidator.Test_AbaRouteValidator_14" time="0.023"/>
  <testcase name="testAbaNumberCheck_31459_good" classname="com.cardatechnologies.utils.validators.abaroutevalidator.Test_AbaRouteValidator_14" time="0.019"/>
  <testcase name="testAbaNumberCheck_30519_good" classname="com.cardatechnologies.utils.validators.abaroutevalidator.Test_AbaRouteValidator_14" time="0.019"/>
  <testcase name="testAbaNumberCheck_30483_good" classname="com.cardatechnologies.utils.validators.abaroutevalidator.Test_AbaRouteValidator_14" time="0.02"/>
  <testcase name="testAbaNumberCheck_31297_good" classname="com.cardatechnologies.utils.validators.abaroutevalidator.Test_AbaRouteValidator_14" time="0.019"/>
  <testcase name="testAbaNumberCheck_30357_good" classname="com.cardatechnologies.utils.validators.abaroutevalidator.Test_AbaRouteValidator_14" time="0.02"/>
  <testcase name="testAbaNumberCheck_31955_good" classname="com.cardatechnologies.utils.validators.abaroutevalidator.Test_AbaRouteValidator_14" time="0.027"/>
  <testcase name="testAbaNumberCheck_31829_good" classname="com.cardatechnologies.utils.validators.abaroutevalidator.Test_AbaRouteValidator_14" time="0.028"/>
  <testcase name="testAbaNumberCheck_30195_good" classname="com.cardatechnologies.utils.validators.abaroutevalidator.Test_AbaRouteValidator_14" time="0.017"/>
  <testcase name="testAbaNumberCheck_31793_good" classname="com.cardatechnologies.utils.validators.abaroutevalidator.Test_AbaRouteValidator_14" time="0.018"/>
  <testcase name="testAbaNumberCheck_30853_good" classname="com.cardatechnologies.utils.validators.abaroutevalidator.Test_AbaRouteValidator_14" time="0.019"/>
  <testcase name="testAbaNumberCheck_30069_good" classname="com.cardatechnologies.utils.validators.abaroutevalidator.Test_AbaRouteValidator_14" time="0.018"/>
  <testcase name="testAbaNumberCheck_31667_good" classname="com.cardatechnologies.utils.validators.abaroutevalidator.Test_AbaRouteValidator_14" time="0.018"/>
  <testcase name="testAbaNumberCheck_30727_good" classname="com.cardatechnologies.utils.validators.abaroutevalidator.Test_AbaRouteValidator_14" time="0.018"/>
  <testcase name="testAbaNumberCheck_30691_good" classname="com.cardatechnologies.utils.validators.abaroutevalidator.Test_AbaRouteValidator_14" time="0.019"/>
  <testcase name="testAbaNumberCheck_30565_good" classname="com.cardatechnologies.utils.validators.abaroutevalidator.Test_AbaRouteValidator_14" time="0.019"/>
  <testcase name="testAbaNumberCheck_31379_good" classname="com.cardatechnologies.utils.validators.abaroutevalidator.Test_AbaRouteValidator_14" time="0.017"/>
  <testcase name="testAbaNumberCheck_30439_good" classname="com.cardatechnologies.utils.validators.abaroutevalidator.Test_AbaRouteValidator_14" time="0.018"/>
  <testcase name="testAbaNumberCheck_30277_good" classname="com.cardatechnologies.utils.validators.abaroutevalidator.Test_AbaRouteValidator_14" time="0.019"/>
  <testcase name="testAbaNumberCheck_31875_good" classname="com.cardatechnologies.utils.validators.abaroutevalidator.Test_AbaRouteValidator_14" time="0.018"/>
  <testcase name="testAbaNumberCheck_30935_good" classname="com.cardatechnologies.utils.validators.abaroutevalidator.Test_AbaRouteValidator_14" time="0.018"/>
  <testcase name="testAbaNumberCheck_31749_good" classname="com.cardatechnologies.utils.validators.abaroutevalidator.Test_AbaRouteValidator_14" time="0.018"/>
  <testcase name="testAbaNumberCheck_30809_good" classname="com.cardatechnologies.utils.validators.abaroutevalidator.Test_AbaRouteValidator_14" time="0.02"/>
  <testcase name="testAbaNumberCheck_30773_good" classname="com.cardatechnologies.utils.validators.abaroutevalidator.Test_AbaRouteValidator_14" time="0.022"/>
  <testcase name="testAbaNumberCheck_31587_good" classname="com.cardatechnologies.utils.validators.abaroutevalidator.Test_AbaRouteValidator_14" time="0.02"/>
  <testcase name="testAbaNumberCheck_30647_good" classname="com.cardatechnologies.utils.validators.abaroutevalidator.Test_AbaRouteValidator_14" time="0.018"/>
  <testcase name="testAbaNumberCheck_30485_good" classname="com.cardatechnologies.utils.validators.abaroutevalidator.Test_AbaRouteValidator_14" time="0.017"/>
  <testcase name="testAbaNumberCheck_31299_good" classname="com.cardatechnologies.utils.validators.abaroutevalidator.Test_AbaRouteValidator_14" time="0.018"/>
  <testcase name="testAbaNumberCheck_30359_good" classname="com.cardatechnologies.utils.validators.abaroutevalidator.Test_AbaRouteValidator_14" time="0.018"/>
  <testcase name="testAbaNumberCheck_31957_good" classname="com.cardatechnologies.utils.validators.abaroutevalidator.Test_AbaRouteValidator_14" time="0.017"/>
  <testcase name="testAbaNumberCheck_30981_good" classname="com.cardatechnologies.utils.validators.abaroutevalidator.Test_AbaRouteValidator_14" time="0.018"/>
  <testcase name="testAbaNumberCheck_30197_good" classname="com.cardatechnologies.utils.validators.abaroutevalidator.Test_AbaRouteValidator_14" time="0.021"/>
  <testcase name="testAbaNumberCheck_31795_good" classname="com.cardatechnologies.utils.validators.abaroutevalidator.Test_AbaRouteValidator_14" time="0.018"/>
  <testcase name="testAbaNumberCheck_30855_good" classname="com.cardatechnologies.utils.validators.abaroutevalidator.Test_AbaRouteValidator_14" time="0.022"/>
  <testcase name="testAbaNumberCheck_31669_good" classname="com.cardatechnologies.utils.validators.abaroutevalidator.Test_AbaRouteValidator_14" time="0.028"/>
  <testcase name="testAbaNumberCheck_30729_good" classname="com.cardatechnologies.utils.validators.abaroutevalidator.Test_AbaRouteValidator_14" time="0.017"/>
  <testcase name="testAbaNumberCheck_30693_good" classname="com.cardatechnologies.utils.validators.abaroutevalidator.Test_AbaRouteValidator_14" time="0.018"/>
  <testcase name="testAbaNumberCheck_30567_good" classname="com.cardatechnologies.utils.validators.abaroutevalidator.Test_AbaRouteValidator_14" time="0.022"/>
  <testcase name="testAbaNumberCheck_30279_good" classname="com.cardatechnologies.utils.validators.abaroutevalidator.Test_AbaRouteValidator_14" time="0.02"/>
  <testcase name="testAbaNumberCheck_31877_good" classname="com.cardatechnologies.utils.validators.abaroutevalidator.Test_AbaRouteValidator_14" time="0.018"/>
  <testcase name="testAbaNumberCheck_30937_good" classname="com.cardatechnologies.utils.validators.abaroutevalidator.Test_AbaRouteValidator_14" time="0.019"/>
  <testcase name="testAbaNumberCheck_30775_good" classname="com.cardatechnologies.utils.validators.abaroutevalidator.Test_AbaRouteValidator_14" time="0.019"/>
  <testcase name="testAbaNumberCheck_31589_good" classname="com.cardatechnologies.utils.validators.abaroutevalidator.Test_AbaRouteValidator_14" time="0.019"/>
  <testcase name="testAbaNumberCheck_30649_good" classname="com.cardatechnologies.utils.validators.abaroutevalidator.Test_AbaRouteValidator_14" time="0.019"/>
  <testcase name="testAbaNumberCheck_30487_good" classname="com.cardatechnologies.utils.validators.abaroutevalidator.Test_AbaRouteValidator_14" time="0.019"/>
  <testcase name="testAbaNumberCheck_31959_good" classname="com.cardatechnologies.utils.validators.abaroutevalidator.Test_AbaRouteValidator_14" time="0.019"/>
  <testcase name="testAbaNumberCheck_30983_good" classname="com.cardatechnologies.utils.validators.abaroutevalidator.Test_AbaRouteValidator_14" time="0.019"/>
  <testcase name="testAbaNumberCheck_30199_good" classname="com.cardatechnologies.utils.validators.abaroutevalidator.Test_AbaRouteValidator_14" time="0.021"/>
  <testcase name="testAbaNumberCheck_31797_good" classname="com.cardatechnologies.utils.validators.abaroutevalidator.Test_AbaRouteValidator_14" time="0.021"/>
  <testcase name="testAbaNumberCheck_30857_good" classname="com.cardatechnologies.utils.validators.abaroutevalidator.Test_AbaRouteValidator_14" time="0.021"/>
  <testcase name="testAbaNumberCheck_30695_good" classname="com.cardatechnologies.utils.validators.abaroutevalidator.Test_AbaRouteValidator_14" time="0.021"/>
  <testcase name="testAbaNumberCheck_30569_good" classname="com.cardatechnologies.utils.validators.abaroutevalidator.Test_AbaRouteValidator_14" time="0.022"/>
  <testcase name="testAbaNumberCheck_32000_bad" classname="com.cardatechnologies.utils.validators.abaroutevalidator.Test_AbaRouteValidator_14" time="0.023"/>
  <testcase name="testAbaNumberCheck_32002_bad" classname="com.cardatechnologies.utils.validators.abaroutevalidator.Test_AbaRouteValidator_14" time="0.021"/>
  <testcase name="testAbaNumberCheck_32004_bad" classname="com.cardatechnologies.utils.validators.abaroutevalidator.Test_AbaRouteValidator_14" time="0.021"/>
  <testcase name="testAbaNumberCheck_32006_bad" classname="com.cardatechnologies.utils.validators.abaroutevalidator.Test_AbaRouteValidator_14" time="0.024"/>
  <testcase name="testAbaNumberCheck_32008_bad" classname="com.cardatechnologies.utils.validators.abaroutevalidator.Test_AbaRouteValidator_14" time="0.021"/>
  <testcase name="testAbaNumberCheck_31879_good" classname="com.cardatechnologies.utils.validators.abaroutevalidator.Test_AbaRouteValidator_14" time="0.019"/>
  <testcase name="testAbaNumberCheck_30939_good" classname="com.cardatechnologies.utils.validators.abaroutevalidator.Test_AbaRouteValidator_14" time="0.023"/>
  <testcase name="testAbaNumberCheck_30777_good" classname="com.cardatechnologies.utils.validators.abaroutevalidator.Test_AbaRouteValidator_14" time="0.029"/>
  <testcase name="testAbaNumberCheck_30489_good" classname="com.cardatechnologies.utils.validators.abaroutevalidator.Test_AbaRouteValidator_14" time="0.021"/>
  <testcase name="testAbaNumberCheck_32010_bad" classname="com.cardatechnologies.utils.validators.abaroutevalidator.Test_AbaRouteValidator_14" time="0.019"/>
  <testcase name="testAbaNumberCheck_32012_bad" classname="com.cardatechnologies.utils.validators.abaroutevalidator.Test_AbaRouteValidator_14" time="0.019"/>
  <testcase name="testAbaNumberCheck_31200_bad" classname="com.cardatechnologies.utils.validators.abaroutevalidator.Test_AbaRouteValidator_14" time="0.018"/>
  <testcase name="testAbaNumberCheck_32014_bad" classname="com.cardatechnologies.utils.validators.abaroutevalidator.Test_AbaRouteValidator_14" time="0.018"/>
  <testcase name="testAbaNumberCheck_31202_bad" classname="com.cardatechnologies.utils.validators.abaroutevalidator.Test_AbaRouteValidator_14" time="0.021"/>
  <testcase name="testAbaNumberCheck_32016_bad" classname="com.cardatechnologies.utils.validators.abaroutevalidator.Test_AbaRouteValidator_14" time="0.022"/>
  <testcase name="testAbaNumberCheck_31204_bad" classname="com.cardatechnologies.utils.validators.abaroutevalidator.Test_AbaRouteValidator_14" time="0.022"/>
  <testcase name="testAbaNumberCheck_32018_bad" classname="com.cardatechnologies.utils.validators.abaroutevalidator.Test_AbaRouteValidator_14" time="0.021"/>
  <testcase name="testAbaNumberCheck_30985_good" classname="com.cardatechnologies.utils.validators.abaroutevalidator.Test_AbaRouteValidator_14" time="0.022"/>
  <testcase name="testAbaNumberCheck_31206_bad" classname="com.cardatechnologies.utils.validators.abaroutevalidator.Test_AbaRouteValidator_14" time="0.022"/>
  <testcase name="testAbaNumberCheck_31208_bad" classname="com.cardatechnologies.utils.validators.abaroutevalidator.Test_AbaRouteValidator_14" time="0.022"/>
  <testcase name="testAbaNumberCheck_31799_good" classname="com.cardatechnologies.utils.validators.abaroutevalidator.Test_AbaRouteValidator_14" time="0.021"/>
  <testcase name="testAbaNumberCheck_30859_good" classname="com.cardatechnologies.utils.validators.abaroutevalidator.Test_AbaRouteValidator_14" time="0.019"/>
  <testcase name="testAbaNumberCheck_30697_good" classname="com.cardatechnologies.utils.validators.abaroutevalidator.Test_AbaRouteValidator_14" time="0.018"/>
  <testcase name="testAbaNumberCheck_32020_bad" classname="com.cardatechnologies.utils.validators.abaroutevalidator.Test_AbaRouteValidator_14" time="0.017"/>
  <testcase name="testAbaNumberCheck_32022_bad" classname="com.cardatechnologies.utils.validators.abaroutevalidator.Test_AbaRouteValidator_14" time="0.018"/>
  <testcase name="testAbaNumberCheck_31210_bad" classname="com.cardatechnologies.utils.validators.abaroutevalidator.Test_AbaRouteValidator_14" time="0.018"/>
  <testcase name="testAbaNumberCheck_32024_bad" classname="com.cardatechnologies.utils.validators.abaroutevalidator.Test_AbaRouteValidator_14" time="0.018"/>
  <testcase name="testAbaNumberCheck_31212_bad" classname="com.cardatechnologies.utils.validators.abaroutevalidator.Test_AbaRouteValidator_14" time="0.018"/>
  <testcase name="testAbaNumberCheck_32026_bad" classname="com.cardatechnologies.utils.validators.abaroutevalidator.Test_AbaRouteValidator_14" time="0.017"/>
  <testcase name="testAbaNumberCheck_30400_bad" classname="com.cardatechnologies.utils.validators.abaroutevalidator.Test_AbaRouteValidator_14" time="0.018"/>
  <testcase name="testAbaNumberCheck_31214_bad" classname="com.cardatechnologies.utils.validators.abaroutevalidator.Test_AbaRouteValidator_14" time="0.018"/>
  <testcase name="testAbaNumberCheck_32028_bad" classname="com.cardatechnologies.utils.validators.abaroutevalidator.Test_AbaRouteValidator_14" time="0.018"/>
  <testcase name="testAbaNumberCheck_30402_bad" classname="com.cardatechnologies.utils.validators.abaroutevalidator.Test_AbaRouteValidator_14" time="0.018"/>
  <testcase name="testAbaNumberCheck_31216_bad" classname="com.cardatechnologies.utils.validators.abaroutevalidator.Test_AbaRouteValidator_14" time="0.025"/>
  <testcase name="testAbaNumberCheck_30404_bad" classname="com.cardatechnologies.utils.validators.abaroutevalidator.Test_AbaRouteValidator_14" time="0.027"/>
  <testcase name="testAbaNumberCheck_31218_bad" classname="com.cardatechnologies.utils.validators.abaroutevalidator.Test_AbaRouteValidator_14" time="0.017"/>
  <testcase name="testAbaNumberCheck_30406_bad" classname="com.cardatechnologies.utils.validators.abaroutevalidator.Test_AbaRouteValidator_14" time="0.018"/>
  <testcase name="testAbaNumberCheck_30408_bad" classname="com.cardatechnologies.utils.validators.abaroutevalidator.Test_AbaRouteValidator_14" time="0.018"/>
  <testcase name="testAbaNumberCheck_30779_good" classname="com.cardatechnologies.utils.validators.abaroutevalidator.Test_AbaRouteValidator_14" time="0.017"/>
  <testcase name="testAbaNumberCheck_32030_bad" classname="com.cardatechnologies.utils.validators.abaroutevalidator.Test_AbaRouteValidator_14" time="0.018"/>
  <testcase name="testAbaNumberCheck_32032_bad" classname="com.cardatechnologies.utils.validators.abaroutevalidator.Test_AbaRouteValidator_14" time="0.018"/>
  <testcase name="testAbaNumberCheck_31220_bad" classname="com.cardatechnologies.utils.validators.abaroutevalidator.Test_AbaRouteValidator_14" time="0.018"/>
  <testcase name="testAbaNumberCheck_32034_bad" classname="com.cardatechnologies.utils.validators.abaroutevalidator.Test_AbaRouteValidator_14" time="0.018"/>
  <testcase name="testAbaNumberCheck_31222_bad" classname="com.cardatechnologies.utils.validators.abaroutevalidator.Test_AbaRouteValidator_14" time="0.017"/>
  <testcase name="testAbaNumberCheck_32036_bad" classname="com.cardatechnologies.utils.validators.abaroutevalidator.Test_AbaRouteValidator_14" time="0.018"/>
  <testcase name="testAbaNumberCheck_30410_bad" classname="com.cardatechnologies.utils.validators.abaroutevalidator.Test_AbaRouteValidator_14" time="0.021"/>
  <testcase name="testAbaNumberCheck_31224_bad" classname="com.cardatechnologies.utils.validators.abaroutevalidator.Test_AbaRouteValidator_14" time="0.018"/>
  <testcase name="testAbaNumberCheck_32038_bad" classname="com.cardatechnologies.utils.validators.abaroutevalidator.Test_AbaRouteValidator_14" time="0.017"/>
  <testcase name="testAbaNumberCheck_30987_good" classname="com.cardatechnologies.utils.validators.abaroutevalidator.Test_AbaRouteValidator_14" time="0.018"/>
  <testcase name="testAbaNumberCheck_30412_bad" classname="com.cardatechnologies.utils.validators.abaroutevalidator.Test_AbaRouteValidator_14" time="0.018"/>
  <testcase name="testAbaNumberCheck_31226_bad" classname="com.cardatechnologies.utils.validators.abaroutevalidator.Test_AbaRouteValidator_14" time="0.018"/>
  <testcase name="testAbaNumberCheck_30414_bad" classname="com.cardatechnologies.utils.validators.abaroutevalidator.Test_AbaRouteValidator_14" time="0.02"/>
  <testcase name="testAbaNumberCheck_31228_bad" classname="com.cardatechnologies.utils.validators.abaroutevalidator.Test_AbaRouteValidator_14" time="0.023"/>
  <testcase name="testAbaNumberCheck_30416_bad" classname="com.cardatechnologies.utils.validators.abaroutevalidator.Test_AbaRouteValidator_14" time="0.023"/>
  <testcase name="testAbaNumberCheck_30418_bad" classname="com.cardatechnologies.utils.validators.abaroutevalidator.Test_AbaRouteValidator_14" time="0.022"/>
  <testcase name="testAbaNumberCheck_30699_good" classname="com.cardatechnologies.utils.validators.abaroutevalidator.Test_AbaRouteValidator_14" time="0.019"/>
  <testcase name="testAbaNumberCheck_32040_bad" classname="com.cardatechnologies.utils.validators.abaroutevalidator.Test_AbaRouteValidator_14" time="0.019"/>
  <testcase name="testAbaNumberCheck_32042_bad" classname="com.cardatechnologies.utils.validators.abaroutevalidator.Test_AbaRouteValidator_14" time="0.018"/>
  <testcase name="testAbaNumberCheck_31230_bad" classname="com.cardatechnologies.utils.validators.abaroutevalidator.Test_AbaRouteValidator_14" time="0.019"/>
  <testcase name="testAbaNumberCheck_32044_bad" classname="com.cardatechnologies.utils.validators.abaroutevalidator.Test_AbaRouteValidator_14" time="0.018"/>
  <testcase name="testAbaNumberCheck_31232_bad" classname="com.cardatechnologies.utils.validators.abaroutevalidator.Test_AbaRouteValidator_14" time="0.025"/>
  <testcase name="testAbaNumberCheck_32046_bad" classname="com.cardatechnologies.utils.validators.abaroutevalidator.Test_AbaRouteValidator_14" time="0.028"/>
  <testcase name="testAbaNumberCheck_30420_bad" classname="com.cardatechnologies.utils.validators.abaroutevalidator.Test_AbaRouteValidator_14" time="0.018"/>
  <testcase name="testAbaNumberCheck_31234_bad" classname="com.cardatechnologies.utils.validators.abaroutevalidator.Test_AbaRouteValidator_14" time="0.017"/>
  <testcase name="testAbaNumberCheck_32048_bad" classname="com.cardatechnologies.utils.validators.abaroutevalidator.Test_AbaRouteValidator_14" time="0.018"/>
  <testcase name="testAbaNumberCheck_30422_bad" classname="com.cardatechnologies.utils.validators.abaroutevalidator.Test_AbaRouteValidator_14" time="0.018"/>
  <testcase name="testAbaNumberCheck_31236_bad" classname="com.cardatechnologies.utils.validators.abaroutevalidator.Test_AbaRouteValidator_14" time="0.017"/>
  <testcase name="testAbaNumberCheck_30424_bad" classname="com.cardatechnologies.utils.validators.abaroutevalidator.Test_AbaRouteValidator_14" time="0.018"/>
  <testcase name="testAbaNumberCheck_31238_bad" classname="com.cardatechnologies.utils.validators.abaroutevalidator.Test_AbaRouteValidator_14" time="0.018"/>
  <testcase name="testAbaNumberCheck_30426_bad" classname="com.cardatechnologies.utils.validators.abaroutevalidator.Test_AbaRouteValidator_14" time="0.017"/>
  <testcase name="testAbaNumberCheck_30428_bad" classname="com.cardatechnologies.utils.validators.abaroutevalidator.Test_AbaRouteValidator_14" time="0.018"/>
  <testcase name="testAbaNumberCheck_32050_bad" classname="com.cardatechnologies.utils.validators.abaroutevalidator.Test_AbaRouteValidator_14" time="0.018"/>
  <testcase name="testAbaNumberCheck_32052_bad" classname="com.cardatechnologies.utils.validators.abaroutevalidator.Test_AbaRouteValidator_14" time="0.018"/>
  <testcase name="testAbaNumberCheck_31240_bad" classname="com.cardatechnologies.utils.validators.abaroutevalidator.Test_AbaRouteValidator_14" time="0.018"/>
  <testcase name="testAbaNumberCheck_32054_bad" classname="com.cardatechnologies.utils.validators.abaroutevalidator.Test_AbaRouteValidator_14" time="0.018"/>
  <testcase name="testAbaNumberCheck_31242_bad" classname="com.cardatechnologies.utils.validators.abaroutevalidator.Test_AbaRouteValidator_14" time="0.018"/>
  <testcase name="testAbaNumberCheck_32056_bad" classname="com.cardatechnologies.utils.validators.abaroutevalidator.Test_AbaRouteValidator_14" time="0.018"/>
  <testcase name="testAbaNumberCheck_30430_bad" classname="com.cardatechnologies.utils.validators.abaroutevalidator.Test_AbaRouteValidator_14" time="0.018"/>
  <testcase name="testAbaNumberCheck_31244_bad" classname="com.cardatechnologies.utils.validators.abaroutevalidator.Test_AbaRouteValidator_14" time="0.018"/>
  <testcase name="testAbaNumberCheck_32058_bad" classname="com.cardatechnologies.utils.validators.abaroutevalidator.Test_AbaRouteValidator_14" time="0.019"/>
  <testcase name="testAbaNumberCheck_30989_good" classname="com.cardatechnologies.utils.validators.abaroutevalidator.Test_AbaRouteValidator_14" time="0.018"/>
  <testcase name="testAbaNumberCheck_30432_bad" classname="com.cardatechnologies.utils.validators.abaroutevalidator.Test_AbaRouteValidator_14" time="0.018"/>
  <testcase name="testAbaNumberCheck_31246_bad" classname="com.cardatechnologies.utils.validators.abaroutevalidator.Test_AbaRouteValidator_14" time="0.019"/>
  <testcase name="testAbaNumberCheck_30434_bad" classname="com.cardatechnologies.utils.validators.abaroutevalidator.Test_AbaRouteValidator_14" time="0.018"/>
  <testcase name="testAbaNumberCheck_31248_bad" classname="com.cardatechnologies.utils.validators.abaroutevalidator.Test_AbaRouteValidator_14" time="0.018"/>
  <testcase name="testAbaNumberCheck_30436_bad" classname="com.cardatechnologies.utils.validators.abaroutevalidator.Test_AbaRouteValidator_14" time="0.019"/>
  <testcase name="testAbaNumberCheck_30438_bad" classname="com.cardatechnologies.utils.validators.abaroutevalidator.Test_AbaRouteValidator_14" time="0.018"/>
  <testcase name="testAbaNumberCheck_32060_bad" classname="com.cardatechnologies.utils.validators.abaroutevalidator.Test_AbaRouteValidator_14" time="0.019"/>
  <testcase name="testAbaNumberCheck_32062_bad" classname="com.cardatechnologies.utils.validators.abaroutevalidator.Test_AbaRouteValidator_14" time="0.025"/>
  <testcase name="testAbaNumberCheck_31700_bad" classname="com.cardatechnologies.utils.validators.abaroutevalidator.Test_AbaRouteValidator_14" time="0.03"/>
  <testcase name="testAbaNumberCheck_31250_bad" classname="com.cardatechnologies.utils.validators.abaroutevalidator.Test_AbaRouteValidator_14" time="0.022"/>
  <testcase name="testAbaNumberCheck_32064_bad" classname="com.cardatechnologies.utils.validators.abaroutevalidator.Test_AbaRouteValidator_14" time="0.021"/>
  <testcase name="testAbaNumberCheck_31702_bad" classname="com.cardatechnologies.utils.validators.abaroutevalidator.Test_AbaRouteValidator_14" time="0.021"/>
  <testcase name="testAbaNumberCheck_31252_bad" classname="com.cardatechnologies.utils.validators.abaroutevalidator.Test_AbaRouteValidator_14" time="0.022"/>
  <testcase name="testAbaNumberCheck_32066_bad" classname="com.cardatechnologies.utils.validators.abaroutevalidator.Test_AbaRouteValidator_14" time="0.023"/>
  <testcase name="testAbaNumberCheck_31704_bad" classname="com.cardatechnologies.utils.validators.abaroutevalidator.Test_AbaRouteValidator_14" time="0.021"/>
  <testcase name="testAbaNumberCheck_32011_good" classname="com.cardatechnologies.utils.validators.abaroutevalidator.Test_AbaRouteValidator_14" time="0.02"/>
  <testcase name="testAbaNumberCheck_30440_bad" classname="com.cardatechnologies.utils.validators.abaroutevalidator.Test_AbaRouteValidator_14" time="0.017"/>
  <testcase name="testAbaNumberCheck_31254_bad" classname="com.cardatechnologies.utils.validators.abaroutevalidator.Test_AbaRouteValidator_14" time="0.018"/>
  <testcase name="testAbaNumberCheck_32068_bad" classname="com.cardatechnologies.utils.validators.abaroutevalidator.Test_AbaRouteValidator_14" time="0.017"/>
  <testcase name="testAbaNumberCheck_31706_bad" classname="com.cardatechnologies.utils.validators.abaroutevalidator.Test_AbaRouteValidator_14" time="0.018"/>
  <testcase name="testAbaNumberCheck_30442_bad" classname="com.cardatechnologies.utils.validators.abaroutevalidator.Test_AbaRouteValidator_14" time="0.018"/>
  <testcase name="testAbaNumberCheck_31256_bad" classname="com.cardatechnologies.utils.validators.abaroutevalidator.Test_AbaRouteValidator_14" time="0.019"/>
  <testcase name="testAbaNumberCheck_31708_bad" classname="com.cardatechnologies.utils.validators.abaroutevalidator.Test_AbaRouteValidator_14" time="0.019"/>
  <testcase name="testAbaNumberCheck_30444_bad" classname="com.cardatechnologies.utils.validators.abaroutevalidator.Test_AbaRouteValidator_14" time="0.017"/>
  <testcase name="testAbaNumberCheck_31258_bad" classname="com.cardatechnologies.utils.validators.abaroutevalidator.Test_AbaRouteValidator_14" time="0.018"/>
  <testcase name="testAbaNumberCheck_30446_bad" classname="com.cardatechnologies.utils.validators.abaroutevalidator.Test_AbaRouteValidator_14" time="0.022"/>
  <testcase name="testAbaNumberCheck_30448_bad" classname="com.cardatechnologies.utils.validators.abaroutevalidator.Test_AbaRouteValidator_14" time="0.017"/>
  <testcase name="testAbaNumberCheck_32070_bad" classname="com.cardatechnologies.utils.validators.abaroutevalidator.Test_AbaRouteValidator_14" time="0.019"/>
  <testcase name="testAbaNumberCheck_32072_bad" classname="com.cardatechnologies.utils.validators.abaroutevalidator.Test_AbaRouteValidator_14" time="0.018"/>
  <testcase name="testAbaNumberCheck_31710_bad" classname="com.cardatechnologies.utils.validators.abaroutevalidator.Test_AbaRouteValidator_14" time="0.018"/>
  <testcase name="testAbaNumberCheck_31260_bad" classname="com.cardatechnologies.utils.validators.abaroutevalidator.Test_AbaRouteValidator_14" time="0.018"/>
  <testcase name="testAbaNumberCheck_32074_bad" classname="com.cardatechnologies.utils.validators.abaroutevalidator.Test_AbaRouteValidator_14" time="0.018"/>
  <testcase name="testAbaNumberCheck_31712_bad" classname="com.cardatechnologies.utils.validators.abaroutevalidator.Test_AbaRouteValidator_14" time="0.019"/>
  <testcase name="testAbaNumberCheck_31262_bad" classname="com.cardatechnologies.utils.validators.abaroutevalidator.Test_AbaRouteValidator_14" time="0.022"/>
  <testcase name="testAbaNumberCheck_32076_bad" classname="com.cardatechnologies.utils.validators.abaroutevalidator.Test_AbaRouteValidator_14" time="0.027"/>
  <testcase name="testAbaNumberCheck_30900_bad" classname="com.cardatechnologies.utils.validators.abaroutevalidator.Test_AbaRouteValidator_14" time="0.021"/>
  <testcase name="testAbaNumberCheck_31714_bad" classname="com.cardatechnologies.utils.validators.abaroutevalidator.Test_AbaRouteValidator_14" time="0.019"/>
  <testcase name="testAbaNumberCheck_30450_bad" classname="com.cardatechnologies.utils.validators.abaroutevalidator.Test_AbaRouteValidator_14" time="0.017"/>
  <testcase name="testAbaNumberCheck_31264_bad" classname="com.cardatechnologies.utils.validators.abaroutevalidator.Test_AbaRouteValidator_14" time="0.018"/>
  <testcase name="testAbaNumberCheck_32078_bad" classname="com.cardatechnologies.utils.validators.abaroutevalidator.Test_AbaRouteValidator_14" time="0.018"/>
  <testcase name="testAbaNumberCheck_30902_bad" classname="com.cardatechnologies.utils.validators.abaroutevalidator.Test_AbaRouteValidator_14" time="0.018"/>
  <testcase name="testAbaNumberCheck_31716_bad" classname="com.cardatechnologies.utils.validators.abaroutevalidator.Test_AbaRouteValidator_14" time="0.018"/>
  <testcase name="testAbaNumberCheck_30452_bad" classname="com.cardatechnologies.utils.validators.abaroutevalidator.Test_AbaRouteValidator_14" time="0.018"/>
  <testcase name="testAbaNumberCheck_31266_bad" classname="com.cardatechnologies.utils.validators.abaroutevalidator.Test_AbaRouteValidator_14" time="0.019"/>
  <testcase name="testAbaNumberCheck_30904_bad" classname="com.cardatechnologies.utils.validators.abaroutevalidator.Test_AbaRouteValidator_14" time="0.018"/>
  <testcase name="testAbaNumberCheck_31718_bad" classname="com.cardatechnologies.utils.validators.abaroutevalidator.Test_AbaRouteValidator_14" time="0.018"/>
  <testcase name="testAbaNumberCheck_30454_bad" classname="com.cardatechnologies.utils.validators.abaroutevalidator.Test_AbaRouteValidator_14" time="0.018"/>
  <testcase name="testAbaNumberCheck_31268_bad" classname="com.cardatechnologies.utils.validators.abaroutevalidator.Test_AbaRouteValidator_14" time="0.019"/>
  <testcase name="testAbaNumberCheck_30906_bad" classname="com.cardatechnologies.utils.validators.abaroutevalidator.Test_AbaRouteValidator_14" time="0.018"/>
  <testcase name="testAbaNumberCheck_30456_bad" classname="com.cardatechnologies.utils.validators.abaroutevalidator.Test_AbaRouteValidator_14" time="0.018"/>
  <testcase name="testAbaNumberCheck_30908_bad" classname="com.cardatechnologies.utils.validators.abaroutevalidator.Test_AbaRouteValidator_14" time="0.018"/>
  <testcase name="testAbaNumberCheck_30458_bad" classname="com.cardatechnologies.utils.validators.abaroutevalidator.Test_AbaRouteValidator_14" time="0.018"/>
  <testcase name="testAbaNumberCheck_32301_good" classname="com.cardatechnologies.utils.validators.abaroutevalidator.Test_AbaRouteValidator_14" time="0.018"/>
  <testcase name="testAbaNumberCheck_32080_bad" classname="com.cardatechnologies.utils.validators.abaroutevalidator.Test_AbaRouteValidator_14" time="0.017"/>
  <testcase name="testAbaNumberCheck_32082_bad" classname="com.cardatechnologies.utils.validators.abaroutevalidator.Test_AbaRouteValidator_14" time="0.018"/>
  <testcase name="testAbaNumberCheck_31720_bad" classname="com.cardatechnologies.utils.validators.abaroutevalidator.Test_AbaRouteValidator_14" time="0.019"/>
  <testcase name="testAbaNumberCheck_31270_bad" classname="com.cardatechnologies.utils.validators.abaroutevalidator.Test_AbaRouteValidator_14" time="0.018"/>
  <testcase name="testAbaNumberCheck_32084_bad" classname="com.cardatechnologies.utils.validators.abaroutevalidator.Test_AbaRouteValidator_14" time="0.018"/>
  <testcase name="testAbaNumberCheck_31722_bad" classname="com.cardatechnologies.utils.validators.abaroutevalidator.Test_AbaRouteValidator_14" time="0.018"/>
  <testcase name="testAbaNumberCheck_31272_bad" classname="com.cardatechnologies.utils.validators.abaroutevalidator.Test_AbaRouteValidator_14" time="0.018"/>
  <testcase name="testAbaNumberCheck_32086_bad" classname="com.cardatechnologies.utils.validators.abaroutevalidator.Test_AbaRouteValidator_14" time="0.019"/>
  <testcase name="testAbaNumberCheck_30910_bad" classname="com.cardatechnologies.utils.validators.abaroutevalidator.Test_AbaRouteValidator_14" time="0.026"/>
  <testcase name="testAbaNumberCheck_31724_bad" classname="com.cardatechnologies.utils.validators.abaroutevalidator.Test_AbaRouteValidator_14" time="0.024"/>
  <testcase name="testAbaNumberCheck_32013_good" classname="com.cardatechnologies.utils.validators.abaroutevalidator.Test_AbaRouteValidator_14" time="0.017"/>
  <testcase name="testAbaNumberCheck_30460_bad" classname="com.cardatechnologies.utils.validators.abaroutevalidator.Test_AbaRouteValidator_14" time="0.019"/>
  <testcase name="testAbaNumberCheck_31274_bad" classname="com.cardatechnologies.utils.validators.abaroutevalidator.Test_AbaRouteValidator_14" time="0.017"/>
  <testcase name="testAbaNumberCheck_32088_bad" classname="com.cardatechnologies.utils.validators.abaroutevalidator.Test_AbaRouteValidator_14" time="0.019"/>
  <testcase name="testAbaNumberCheck_30912_bad" classname="com.cardatechnologies.utils.validators.abaroutevalidator.Test_AbaRouteValidator_14" time="0.019"/>
  <testcase name="testAbaNumberCheck_31726_bad" classname="com.cardatechnologies.utils.validators.abaroutevalidator.Test_AbaRouteValidator_14" time="0.017"/>
  <testcase name="testAbaNumberCheck_30462_bad" classname="com.cardatechnologies.utils.validators.abaroutevalidator.Test_AbaRouteValidator_14" time="0.018"/>
  <testcase name="testAbaNumberCheck_31276_bad" classname="com.cardatechnologies.utils.validators.abaroutevalidator.Test_AbaRouteValidator_14" time="0.018"/>
  <testcase name="testAbaNumberCheck_30914_bad" classname="com.cardatechnologies.utils.validators.abaroutevalidator.Test_AbaRouteValidator_14" time="0.017"/>
  <testcase name="testAbaNumberCheck_31728_bad" classname="com.cardatechnologies.utils.validators.abaroutevalidator.Test_AbaRouteValidator_14" time="0.018"/>
  <testcase name="testAbaNumberCheck_30464_bad" classname="com.cardatechnologies.utils.validators.abaroutevalidator.Test_AbaRouteValidator_14" time="0.024"/>
  <testcase name="testAbaNumberCheck_31278_bad" classname="com.cardatechnologies.utils.validators.abaroutevalidator.Test_AbaRouteValidator_14" time="0.017"/>
  <testcase name="testAbaNumberCheck_30916_bad" classname="com.cardatechnologies.utils.validators.abaroutevalidator.Test_AbaRouteValidator_14" time="0.019"/>
  <testcase name="testAbaNumberCheck_30466_bad" classname="com.cardatechnologies.utils.validators.abaroutevalidator.Test_AbaRouteValidator_14" time="0.018"/>
  <testcase name="testAbaNumberCheck_30918_bad" classname="com.cardatechnologies.utils.validators.abaroutevalidator.Test_AbaRouteValidator_14" time="0.019"/>
  <testcase name="testAbaNumberCheck_30468_bad" classname="com.cardatechnologies.utils.validators.abaroutevalidator.Test_AbaRouteValidator_14" time="0.017"/>
  <testcase name="testAbaNumberCheck_32221_good" classname="com.cardatechnologies.utils.validators.abaroutevalidator.Test_AbaRouteValidator_14" time="0.018"/>
  <testcase name="testAbaNumberCheck_32090_bad" classname="com.cardatechnologies.utils.validators.abaroutevalidator.Test_AbaRouteValidator_14" time="0.017"/>
  <testcase name="testAbaNumberCheck_32092_bad" classname="com.cardatechnologies.utils.validators.abaroutevalidator.Test_AbaRouteValidator_14" time="0.018"/>
  <testcase name="testAbaNumberCheck_31730_bad" classname="com.cardatechnologies.utils.validators.abaroutevalidator.Test_AbaRouteValidator_14" time="0.017"/>
  <testcase name="testAbaNumberCheck_31280_bad" classname="com.cardatechnologies.utils.validators.abaroutevalidator.Test_AbaRouteValidator_14" time="0.019"/>
  <testcase name="testAbaNumberCheck_32094_bad" classname="com.cardatechnologies.utils.validators.abaroutevalidator.Test_AbaRouteValidator_14" time="0.017"/>
  <testcase name="testAbaNumberCheck_31732_bad" classname="com.cardatechnologies.utils.validators.abaroutevalidator.Test_AbaRouteValidator_14" time="0.025"/>
  <testcase name="testAbaNumberCheck_31282_bad" classname="com.cardatechnologies.utils.validators.abaroutevalidator.Test_AbaRouteValidator_14" time="0.017"/>
  <testcase name="testAbaNumberCheck_32096_bad" classname="com.cardatechnologies.utils.validators.abaroutevalidator.Test_AbaRouteValidator_14" time="0.017"/>
  <testcase name="testAbaNumberCheck_30920_bad" classname="com.cardatechnologies.utils.validators.abaroutevalidator.Test_AbaRouteValidator_14" time="0.018"/>
  <testcase name="testAbaNumberCheck_31734_bad" classname="com.cardatechnologies.utils.validators.abaroutevalidator.Test_AbaRouteValidator_14" time="0.029"/>
  <testcase name="testAbaNumberCheck_30470_bad" classname="com.cardatechnologies.utils.validators.abaroutevalidator.Test_AbaRouteValidator_14" time="0.021"/>
  <testcase name="testAbaNumberCheck_31284_bad" classname="com.cardatechnologies.utils.validators.abaroutevalidator.Test_AbaRouteValidator_14" time="0.018"/>
  <testcase name="testAbaNumberCheck_32098_bad" classname="com.cardatechnologies.utils.validators.abaroutevalidator.Test_AbaRouteValidator_14" time="0.018"/>
  <testcase name="testAbaNumberCheck_30922_bad" classname="com.cardatechnologies.utils.validators.abaroutevalidator.Test_AbaRouteValidator_14" time="0.018"/>
  <testcase name="testAbaNumberCheck_31736_bad" classname="com.cardatechnologies.utils.validators.abaroutevalidator.Test_AbaRouteValidator_14" time="0.017"/>
  <testcase name="testAbaNumberCheck_30472_bad" classname="com.cardatechnologies.utils.validators.abaroutevalidator.Test_AbaRouteValidator_14" time="0.019"/>
  <testcase name="testAbaNumberCheck_31286_bad" classname="com.cardatechnologies.utils.validators.abaroutevalidator.Test_AbaRouteValidator_14" time="0.019"/>
  <testcase name="testAbaNumberCheck_30924_bad" classname="com.cardatechnologies.utils.validators.abaroutevalidator.Test_AbaRouteValidator_14" time="0.017"/>
  <testcase name="testAbaNumberCheck_31738_bad" classname="com.cardatechnologies.utils.validators.abaroutevalidator.Test_AbaRouteValidator_14" time="0.017"/>
  <testcase name="testAbaNumberCheck_30474_bad" classname="com.cardatechnologies.utils.validators.abaroutevalidator.Test_AbaRouteValidator_14" time="0.018"/>
  <testcase name="testAbaNumberCheck_31288_bad" classname="com.cardatechnologies.utils.validators.abaroutevalidator.Test_AbaRouteValidator_14" time="0.018"/>
  <testcase name="testAbaNumberCheck_30926_bad" classname="com.cardatechnologies.utils.validators.abaroutevalidator.Test_AbaRouteValidator_14" time="0.018"/>
  <testcase name="testAbaNumberCheck_30476_bad" classname="com.cardatechnologies.utils.validators.abaroutevalidator.Test_AbaRouteValidator_14" time="0.019"/>
  <testcase name="testAbaNumberCheck_30928_bad" classname="com.cardatechnologies.utils.validators.abaroutevalidator.Test_AbaRouteValidator_14" time="0.017"/>
  <testcase name="testAbaNumberCheck_30478_bad" classname="com.cardatechnologies.utils.validators.abaroutevalidator.Test_AbaRouteValidator_14" time="0.018"/>
  <testcase name="testAbaNumberCheck_32303_good" classname="com.cardatechnologies.utils.validators.abaroutevalidator.Test_AbaRouteValidator_14" time="0.018"/>
  <testcase name="testAbaNumberCheck_32141_good" classname="com.cardatechnologies.utils.validators.abaroutevalidator.Test_AbaRouteValidator_14" time="0.018"/>
  <testcase name="testAbaNumberCheck_31740_bad" classname="com.cardatechnologies.utils.validators.abaroutevalidator.Test_AbaRouteValidator_14" time="0.018"/>
  <testcase name="testAbaNumberCheck_31201_good" classname="com.cardatechnologies.utils.validators.abaroutevalidator.Test_AbaRouteValidator_14" time="0.018"/>
  <testcase name="testAbaNumberCheck_31290_bad" classname="com.cardatechnologies.utils.validators.abaroutevalidator.Test_AbaRouteValidator_14" time="0.017"/>
  <testcase name="testAbaNumberCheck_31742_bad" classname="com.cardatechnologies.utils.validators.abaroutevalidator.Test_AbaRouteValidator_14" time="0.018"/>
  <testcase name="testAbaNumberCheck_31292_bad" classname="com.cardatechnologies.utils.validators.abaroutevalidator.Test_AbaRouteValidator_14" time="0.018"/>
  <testcase name="testAbaNumberCheck_30930_bad" classname="com.cardatechnologies.utils.validators.abaroutevalidator.Test_AbaRouteValidator_14" time="0.018"/>
  <testcase name="testAbaNumberCheck_31744_bad" classname="com.cardatechnologies.utils.validators.abaroutevalidator.Test_AbaRouteValidator_14" time="0.019"/>
  <testcase name="testAbaNumberCheck_32015_good" classname="com.cardatechnologies.utils.validators.abaroutevalidator.Test_AbaRouteValidator_14" time="0.02"/>
  <testcase name="testAbaNumberCheck_30480_bad" classname="com.cardatechnologies.utils.validators.abaroutevalidator.Test_AbaRouteValidator_14" time="0.021"/>
  <testcase name="testAbaNumberCheck_31294_bad" classname="com.cardatechnologies.utils.validators.abaroutevalidator.Test_AbaRouteValidator_14" time="0.024"/>
  <testcase name="testAbaNumberCheck_30932_bad" classname="com.cardatechnologies.utils.validators.abaroutevalidator.Test_AbaRouteValidator_14" time="0.029"/>
  <testcase name="testAbaNumberCheck_31746_bad" classname="com.cardatechnologies.utils.validators.abaroutevalidator.Test_AbaRouteValidator_14" time="0.025"/>
  <testcase name="testAbaNumberCheck_30482_bad" classname="com.cardatechnologies.utils.validators.abaroutevalidator.Test_AbaRouteValidator_14" time="0.02"/>
  <testcase name="testAbaNumberCheck_31296_bad" classname="com.cardatechnologies.utils.validators.abaroutevalidator.Test_AbaRouteValidator_14" time="0.02"/>
  <testcase name="testAbaNumberCheck_30934_bad" classname="com.cardatechnologies.utils.validators.abaroutevalidator.Test_AbaRouteValidator_14" time="0.021"/>
  <testcase name="testAbaNumberCheck_31748_bad" classname="com.cardatechnologies.utils.validators.abaroutevalidator.Test_AbaRouteValidator_14" time="0.02"/>
  <testcase name="testAbaNumberCheck_30484_bad" classname="com.cardatechnologies.utils.validators.abaroutevalidator.Test_AbaRouteValidator_14" time="0.022"/>
  <testcase name="testAbaNumberCheck_31298_bad" classname="com.cardatechnologies.utils.validators.abaroutevalidator.Test_AbaRouteValidator_14" time="0.02"/>
  <testcase name="testAbaNumberCheck_30936_bad" classname="com.cardatechnologies.utils.validators.abaroutevalidator.Test_AbaRouteValidator_14" time="0.021"/>
  <testcase name="testAbaNumberCheck_30486_bad" classname="com.cardatechnologies.utils.validators.abaroutevalidator.Test_AbaRouteValidator_14" time="0.021"/>
  <testcase name="testAbaNumberCheck_30938_bad" classname="com.cardatechnologies.utils.validators.abaroutevalidator.Test_AbaRouteValidator_14" time="0.02"/>
  <testcase name="testAbaNumberCheck_30488_bad" classname="com.cardatechnologies.utils.validators.abaroutevalidator.Test_AbaRouteValidator_14" time="0.021"/>
  <testcase name="testAbaNumberCheck_32223_good" classname="com.cardatechnologies.utils.validators.abaroutevalidator.Test_AbaRouteValidator_14" time="0.02"/>
  <testcase name="testAbaNumberCheck_31750_bad" classname="com.cardatechnologies.utils.validators.abaroutevalidator.Test_AbaRouteValidator_14" time="0.022"/>
  <testcase name="testAbaNumberCheck_31752_bad" classname="com.cardatechnologies.utils.validators.abaroutevalidator.Test_AbaRouteValidator_14" time="0.02"/>
  <testcase name="testAbaNumberCheck_32061_good" classname="com.cardatechnologies.utils.validators.abaroutevalidator.Test_AbaRouteValidator_14" time="0.019"/>
  <testcase name="testAbaNumberCheck_30940_bad" classname="com.cardatechnologies.utils.validators.abaroutevalidator.Test_AbaRouteValidator_14" time="0.018"/>
  <testcase name="testAbaNumberCheck_31121_good" classname="com.cardatechnologies.utils.validators.abaroutevalidator.Test_AbaRouteValidator_14" time="0.019"/>
  <testcase name="testAbaNumberCheck_31754_bad" classname="com.cardatechnologies.utils.validators.abaroutevalidator.Test_AbaRouteValidator_14" time="0.019"/>
  <testcase name="testAbaNumberCheck_30490_bad" classname="com.cardatechnologies.utils.validators.abaroutevalidator.Test_AbaRouteValidator_14" time="0.018"/>
  <testcase name="testAbaNumberCheck_30942_bad" classname="com.cardatechnologies.utils.validators.abaroutevalidator.Test_AbaRouteValidator_14" time="0.018"/>
  <testcase name="testAbaNumberCheck_31756_bad" classname="com.cardatechnologies.utils.validators.abaroutevalidator.Test_AbaRouteValidator_14" time="0.02"/>
  <testcase name="testAbaNumberCheck_30492_bad" classname="com.cardatechnologies.utils.validators.abaroutevalidator.Test_AbaRouteValidator_14" time="0.018"/>
  <testcase name="testAbaNumberCheck_30944_bad" classname="com.cardatechnologies.utils.validators.abaroutevalidator.Test_AbaRouteValidator_14" time="0.019"/>
  <testcase name="testAbaNumberCheck_31758_bad" classname="com.cardatechnologies.utils.validators.abaroutevalidator.Test_AbaRouteValidator_14" time="0.018"/>
  <testcase name="testAbaNumberCheck_30494_bad" classname="com.cardatechnologies.utils.validators.abaroutevalidator.Test_AbaRouteValidator_14" time="0.018"/>
  <testcase name="testAbaNumberCheck_30946_bad" classname="com.cardatechnologies.utils.validators.abaroutevalidator.Test_AbaRouteValidator_14" time="0.029"/>
  <testcase name="testAbaNumberCheck_30496_bad" classname="com.cardatechnologies.utils.validators.abaroutevalidator.Test_AbaRouteValidator_14" time="0.023"/>
  <testcase name="testAbaNumberCheck_30948_bad" classname="com.cardatechnologies.utils.validators.abaroutevalidator.Test_AbaRouteValidator_14" time="0.018"/>
  <testcase name="testAbaNumberCheck_30498_bad" classname="com.cardatechnologies.utils.validators.abaroutevalidator.Test_AbaRouteValidator_14" time="0.022"/>
  <testcase name="testAbaNumberCheck_32431_good" classname="com.cardatechnologies.utils.validators.abaroutevalidator.Test_AbaRouteValidator_14" time="0.018"/>
  <testcase name="testAbaNumberCheck_32305_good" classname="com.cardatechnologies.utils.validators.abaroutevalidator.Test_AbaRouteValidator_14" time="0.017"/>
  <testcase name="testAbaNumberCheck_32143_good" classname="com.cardatechnologies.utils.validators.abaroutevalidator.Test_AbaRouteValidator_14" time="0.018"/>
  <testcase name="testAbaNumberCheck_31760_bad" classname="com.cardatechnologies.utils.validators.abaroutevalidator.Test_AbaRouteValidator_14" time="0.018"/>
  <testcase name="testAbaNumberCheck_31203_good" classname="com.cardatechnologies.utils.validators.abaroutevalidator.Test_AbaRouteValidator_14" time="0.017"/>
  <testcase name="testAbaNumberCheck_31762_bad" classname="com.cardatechnologies.utils.validators.abaroutevalidator.Test_AbaRouteValidator_14" time="0.018"/>
  <testcase name="testAbaNumberCheck_30950_bad" classname="com.cardatechnologies.utils.validators.abaroutevalidator.Test_AbaRouteValidator_14" time="0.017"/>
  <testcase name="testAbaNumberCheck_31764_bad" classname="com.cardatechnologies.utils.validators.abaroutevalidator.Test_AbaRouteValidator_14" time="0.018"/>
  <testcase name="testAbaNumberCheck_32017_good" classname="com.cardatechnologies.utils.validators.abaroutevalidator.Test_AbaRouteValidator_14" time="0.017"/>
  <testcase name="testAbaNumberCheck_30952_bad" classname="com.cardatechnologies.utils.validators.abaroutevalidator.Test_AbaRouteValidator_14" time="0.019"/>
  <testcase name="testAbaNumberCheck_31766_bad" classname="com.cardatechnologies.utils.validators.abaroutevalidator.Test_AbaRouteValidator_14" time="0.017"/>
  <testcase name="testAbaNumberCheck_31041_good" classname="com.cardatechnologies.utils.validators.abaroutevalidator.Test_AbaRouteValidator_14" time="0.017"/>
  <testcase name="testAbaNumberCheck_30954_bad" classname="com.cardatechnologies.utils.validators.abaroutevalidator.Test_AbaRouteValidator_14" time="0.018"/>
  <testcase name="testAbaNumberCheck_31768_bad" classname="com.cardatechnologies.utils.validators.abaroutevalidator.Test_AbaRouteValidator_14" time="0.017"/>
  <testcase name="testAbaNumberCheck_30101_good" classname="com.cardatechnologies.utils.validators.abaroutevalidator.Test_AbaRouteValidator_14" time="0.018"/>
  <testcase name="testAbaNumberCheck_30956_bad" classname="com.cardatechnologies.utils.validators.abaroutevalidator.Test_AbaRouteValidator_14" time="0.018"/>
  <testcase name="testAbaNumberCheck_30958_bad" classname="com.cardatechnologies.utils.validators.abaroutevalidator.Test_AbaRouteValidator_14" time="0.017"/>
  <testcase name="testAbaNumberCheck_32351_good" classname="com.cardatechnologies.utils.validators.abaroutevalidator.Test_AbaRouteValidator_14" time="0.019"/>
  <testcase name="testAbaNumberCheck_31411_good" classname="com.cardatechnologies.utils.validators.abaroutevalidator.Test_AbaRouteValidator_14" time="0.018"/>
  <testcase name="testAbaNumberCheck_32225_good" classname="com.cardatechnologies.utils.validators.abaroutevalidator.Test_AbaRouteValidator_14" time="0.018"/>
  <testcase name="testAbaNumberCheck_31770_bad" classname="com.cardatechnologies.utils.validators.abaroutevalidator.Test_AbaRouteValidator_14" time="0.018"/>
  <testcase name="testAbaNumberCheck_31772_bad" classname="com.cardatechnologies.utils.validators.abaroutevalidator.Test_AbaRouteValidator_14" time="0.017"/>
  <testcase name="testAbaNumberCheck_32063_good" classname="com.cardatechnologies.utils.validators.abaroutevalidator.Test_AbaRouteValidator_14" time="0.017"/>
  <testcase name="testAbaNumberCheck_30960_bad" classname="com.cardatechnologies.utils.validators.abaroutevalidator.Test_AbaRouteValidator_14" time="0.019"/>
  <testcase name="testAbaNumberCheck_31123_good" classname="com.cardatechnologies.utils.validators.abaroutevalidator.Test_AbaRouteValidator_14" time="0.025"/>
  <testcase name="testAbaNumberCheck_31774_bad" classname="com.cardatechnologies.utils.validators.abaroutevalidator.Test_AbaRouteValidator_14" time="0.03"/>
  <testcase name="testAbaNumberCheck_30962_bad" classname="com.cardatechnologies.utils.validators.abaroutevalidator.Test_AbaRouteValidator_14" time="0.021"/>
  <testcase name="testAbaNumberCheck_31776_bad" classname="com.cardatechnologies.utils.validators.abaroutevalidator.Test_AbaRouteValidator_14" time="0.022"/>
  <testcase name="testAbaNumberCheck_30964_bad" classname="com.cardatechnologies.utils.validators.abaroutevalidator.Test_AbaRouteValidator_14" time="0.022"/>
  <testcase name="testAbaNumberCheck_31778_bad" classname="com.cardatechnologies.utils.validators.abaroutevalidator.Test_AbaRouteValidator_14" time="0.023"/>
  <testcase name="testAbaNumberCheck_30966_bad" classname="com.cardatechnologies.utils.validators.abaroutevalidator.Test_AbaRouteValidator_14" time="0.02"/>
  <testcase name="testAbaNumberCheck_30968_bad" classname="com.cardatechnologies.utils.validators.abaroutevalidator.Test_AbaRouteValidator_14" time="0.019"/>
  <testcase name="testAbaNumberCheck_30021_good" classname="com.cardatechnologies.utils.validators.abaroutevalidator.Test_AbaRouteValidator_14" time="0.023"/>
  <testcase name="testAbaNumberCheck_32433_good" classname="com.cardatechnologies.utils.validators.abaroutevalidator.Test_AbaRouteValidator_14" time="0.02"/>
  <testcase name="testAbaNumberCheck_32307_good" classname="com.cardatechnologies.utils.validators.abaroutevalidator.Test_AbaRouteValidator_14" time="0.02"/>
  <testcase name="testAbaNumberCheck_32271_good" classname="com.cardatechnologies.utils.validators.abaroutevalidator.Test_AbaRouteValidator_14" time="0.018"/>
  <testcase name="testAbaNumberCheck_31331_good" classname="com.cardatechnologies.utils.validators.abaroutevalidator.Test_AbaRouteValidator_14" time="0.019"/>
  <testcase name="testAbaNumberCheck_32145_good" classname="com.cardatechnologies.utils.validators.abaroutevalidator.Test_AbaRouteValidator_14" time="0.02"/>
  <testcase name="testAbaNumberCheck_31780_bad" classname="com.cardatechnologies.utils.validators.abaroutevalidator.Test_AbaRouteValidator_14" time="0.019"/>
  <testcase name="testAbaNumberCheck_31205_good" classname="com.cardatechnologies.utils.validators.abaroutevalidator.Test_AbaRouteValidator_14" time="0.018"/>
  <testcase name="testAbaNumberCheck_31782_bad" classname="com.cardatechnologies.utils.validators.abaroutevalidator.Test_AbaRouteValidator_14" time="0.018"/>
  <testcase name="testAbaNumberCheck_30970_bad" classname="com.cardatechnologies.utils.validators.abaroutevalidator.Test_AbaRouteValidator_14" time="0.018"/>
  <testcase name="testAbaNumberCheck_31784_bad" classname="com.cardatechnologies.utils.validators.abaroutevalidator.Test_AbaRouteValidator_14" time="0.018"/>
  <testcase name="testAbaNumberCheck_32019_good" classname="com.cardatechnologies.utils.validators.abaroutevalidator.Test_AbaRouteValidator_14" time="0.018"/>
  <testcase name="testAbaNumberCheck_30972_bad" classname="com.cardatechnologies.utils.validators.abaroutevalidator.Test_AbaRouteValidator_14" time="0.018"/>
  <testcase name="testAbaNumberCheck_31786_bad" classname="com.cardatechnologies.utils.validators.abaroutevalidator.Test_AbaRouteValidator_14" time="0.018"/>
  <testcase name="testAbaNumberCheck_31043_good" classname="com.cardatechnologies.utils.validators.abaroutevalidator.Test_AbaRouteValidator_14" time="0.018"/>
  <testcase name="testAbaNumberCheck_30974_bad" classname="com.cardatechnologies.utils.validators.abaroutevalidator.Test_AbaRouteValidator_14" time="0.018"/>
  <testcase name="testAbaNumberCheck_31788_bad" classname="com.cardatechnologies.utils.validators.abaroutevalidator.Test_AbaRouteValidator_14" time="0.018"/>
  <testcase name="testAbaNumberCheck_30103_good" classname="com.cardatechnologies.utils.validators.abaroutevalidator.Test_AbaRouteValidator_14" time="0.018"/>
  <testcase name="testAbaNumberCheck_30976_bad" classname="com.cardatechnologies.utils.validators.abaroutevalidator.Test_AbaRouteValidator_14" time="0.026"/>
  <testcase name="testAbaNumberCheck_31701_good" classname="com.cardatechnologies.utils.validators.abaroutevalidator.Test_AbaRouteValidator_14" time="0.029"/>
  <testcase name="testAbaNumberCheck_30978_bad" classname="com.cardatechnologies.utils.validators.abaroutevalidator.Test_AbaRouteValidator_14" time="0.018"/>
  <testcase name="testAbaNumberCheck_32353_good" classname="com.cardatechnologies.utils.validators.abaroutevalidator.Test_AbaRouteValidator_14" time="0.021"/>
  <testcase name="testAbaNumberCheck_31413_good" classname="com.cardatechnologies.utils.validators.abaroutevalidator.Test_AbaRouteValidator_14" time="0.022"/>
  <testcase name="testAbaNumberCheck_32227_good" classname="com.cardatechnologies.utils.validators.abaroutevalidator.Test_AbaRouteValidator_14" time="0.023"/>
  <testcase name="testAbaNumberCheck_32191_good" classname="com.cardatechnologies.utils.validators.abaroutevalidator.Test_AbaRouteValidator_14" time="0.02"/>
  <testcase name="testAbaNumberCheck_31251_good" classname="com.cardatechnologies.utils.validators.abaroutevalidator.Test_AbaRouteValidator_14" time="0.019"/>
  <testcase name="testAbaNumberCheck_30311_good" classname="com.cardatechnologies.utils.validators.abaroutevalidator.Test_AbaRouteValidator_14" time="0.019"/>
  <testcase name="testAbaNumberCheck_31790_bad" classname="com.cardatechnologies.utils.validators.abaroutevalidator.Test_AbaRouteValidator_14" time="0.022"/>
  <testcase name="testAbaNumberCheck_31792_bad" classname="com.cardatechnologies.utils.validators.abaroutevalidator.Test_AbaRouteValidator_14" time="0.018"/>
  <testcase name="testAbaNumberCheck_32065_good" classname="com.cardatechnologies.utils.validators.abaroutevalidator.Test_AbaRouteValidator_14" time="0.018"/>
  <testcase name="testAbaNumberCheck_30980_bad" classname="com.cardatechnologies.utils.validators.abaroutevalidator.Test_AbaRouteValidator_14" time="0.016"/>
  <testcase name="testAbaNumberCheck_31125_good" classname="com.cardatechnologies.utils.validators.abaroutevalidator.Test_AbaRouteValidator_14" time="0.017"/>
  <testcase name="testAbaNumberCheck_31794_bad" classname="com.cardatechnologies.utils.validators.abaroutevalidator.Test_AbaRouteValidator_14" time="0.018"/>
  <testcase name="testAbaNumberCheck_30982_bad" classname="com.cardatechnologies.utils.validators.abaroutevalidator.Test_AbaRouteValidator_14" time="0.017"/>
  <testcase name="testAbaNumberCheck_31796_bad" classname="com.cardatechnologies.utils.validators.abaroutevalidator.Test_AbaRouteValidator_14" time="0.018"/>
  <testcase name="testAbaNumberCheck_30984_bad" classname="com.cardatechnologies.utils.validators.abaroutevalidator.Test_AbaRouteValidator_14" time="0.019"/>
  <testcase name="testAbaNumberCheck_31798_bad" classname="com.cardatechnologies.utils.validators.abaroutevalidator.Test_AbaRouteValidator_14" time="0.018"/>
  <testcase name="testAbaNumberCheck_30986_bad" classname="com.cardatechnologies.utils.validators.abaroutevalidator.Test_AbaRouteValidator_14" time="0.018"/>
  <testcase name="testAbaNumberCheck_30988_bad" classname="com.cardatechnologies.utils.validators.abaroutevalidator.Test_AbaRouteValidator_14" time="0.018"/>
  <testcase name="testAbaNumberCheck_30023_good" classname="com.cardatechnologies.utils.validators.abaroutevalidator.Test_AbaRouteValidator_14" time="0.018"/>
  <testcase name="testAbaNumberCheck_31621_good" classname="com.cardatechnologies.utils.validators.abaroutevalidator.Test_AbaRouteValidator_14" time="0.017"/>
  <testcase name="testAbaNumberCheck_32435_good" classname="com.cardatechnologies.utils.validators.abaroutevalidator.Test_AbaRouteValidator_14" time="0.018"/>
  <testcase name="testAbaNumberCheck_32309_good" classname="com.cardatechnologies.utils.validators.abaroutevalidator.Test_AbaRouteValidator_14" time="0.018"/>
  <testcase name="testAbaNumberCheck_32273_good" classname="com.cardatechnologies.utils.validators.abaroutevalidator.Test_AbaRouteValidator_14" time="0.018"/>
  <testcase name="testAbaNumberCheck_31333_good" classname="com.cardatechnologies.utils.validators.abaroutevalidator.Test_AbaRouteValidator_14" time="0.018"/>
  <testcase name="testAbaNumberCheck_32147_good" classname="com.cardatechnologies.utils.validators.abaroutevalidator.Test_AbaRouteValidator_14" time="0.026"/>
  <testcase name="testAbaNumberCheck_31207_good" classname="com.cardatechnologies.utils.validators.abaroutevalidator.Test_AbaRouteValidator_14" time="0.029"/>
  <testcase name="testAbaNumberCheck_31171_good" classname="com.cardatechnologies.utils.validators.abaroutevalidator.Test_AbaRouteValidator_14" time="0.018"/>
  <testcase name="testAbaNumberCheck_30231_good" classname="com.cardatechnologies.utils.validators.abaroutevalidator.Test_AbaRouteValidator_14" time="0.019"/>
  <testcase name="testAbaNumberCheck_30990_bad" classname="com.cardatechnologies.utils.validators.abaroutevalidator.Test_AbaRouteValidator_14" time="0.018"/>
  <testcase name="testAbaNumberCheck_30992_bad" classname="com.cardatechnologies.utils.validators.abaroutevalidator.Test_AbaRouteValidator_14" time="0.019"/>
  <testcase name="testAbaNumberCheck_31045_good" classname="com.cardatechnologies.utils.validators.abaroutevalidator.Test_AbaRouteValidator_14" time="0.018"/>
  <testcase name="testAbaNumberCheck_30994_bad" classname="com.cardatechnologies.utils.validators.abaroutevalidator.Test_AbaRouteValidator_14" time="0.018"/>
  <testcase name="testAbaNumberCheck_30105_good" classname="com.cardatechnologies.utils.validators.abaroutevalidator.Test_AbaRouteValidator_14" time="0.017"/>
  <testcase name="testAbaNumberCheck_30996_bad" classname="com.cardatechnologies.utils.validators.abaroutevalidator.Test_AbaRouteValidator_14" time="0.02"/>
  <testcase name="testAbaNumberCheck_31703_good" classname="com.cardatechnologies.utils.validators.abaroutevalidator.Test_AbaRouteValidator_14" time="0.021"/>
  <testcase name="testAbaNumberCheck_30998_bad" classname="com.cardatechnologies.utils.validators.abaroutevalidator.Test_AbaRouteValidator_14" time="0.019"/>
  <testcase name="testAbaNumberCheck_32481_good" classname="com.cardatechnologies.utils.validators.abaroutevalidator.Test_AbaRouteValidator_14" time="0.019"/>
  <testcase name="testAbaNumberCheck_31541_good" classname="com.cardatechnologies.utils.validators.abaroutevalidator.Test_AbaRouteValidator_14" time="0.02"/>
  <testcase name="testAbaNumberCheck_30601_good" classname="com.cardatechnologies.utils.validators.abaroutevalidator.Test_AbaRouteValidator_14" time="0.018"/>
  <testcase name="testAbaNumberCheck_32355_good" classname="com.cardatechnologies.utils.validators.abaroutevalidator.Test_AbaRouteValidator_14" time="0.018"/>
  <testcase name="testAbaNumberCheck_31415_good" classname="com.cardatechnologies.utils.validators.abaroutevalidator.Test_AbaRouteValidator_14" time="0.018"/>
  <testcase name="testAbaNumberCheck_32229_good" classname="com.cardatechnologies.utils.validators.abaroutevalidator.Test_AbaRouteValidator_14" time="0.018"/>
  <testcase name="testAbaNumberCheck_32193_good" classname="com.cardatechnologies.utils.validators.abaroutevalidator.Test_AbaRouteValidator_14" time="0.017"/>
  <testcase name="testAbaNumberCheck_31253_good" classname="com.cardatechnologies.utils.validators.abaroutevalidator.Test_AbaRouteValidator_14" time="0.018"/>
  <testcase name="testAbaNumberCheck_30313_good" classname="com.cardatechnologies.utils.validators.abaroutevalidator.Test_AbaRouteValidator_14" time="0.019"/>
  <testcase name="testAbaNumberCheck_31911_good" classname="com.cardatechnologies.utils.validators.abaroutevalidator.Test_AbaRouteValidator_14" time="0.018"/>
  <testcase name="testAbaNumberCheck_32067_good" classname="com.cardatechnologies.utils.validators.abaroutevalidator.Test_AbaRouteValidator_14" time="0.019"/>
  <testcase name="testAbaNumberCheck_31127_good" classname="com.cardatechnologies.utils.validators.abaroutevalidator.Test_AbaRouteValidator_14" time="0.017"/>
  <testcase name="testAbaNumberCheck_31091_good" classname="com.cardatechnologies.utils.validators.abaroutevalidator.Test_AbaRouteValidator_14" time="0.019"/>
  <testcase name="testAbaNumberCheck_30151_good" classname="com.cardatechnologies.utils.validators.abaroutevalidator.Test_AbaRouteValidator_14" time="0.02"/>
  <testcase name="testAbaNumberCheck_30025_good" classname="com.cardatechnologies.utils.validators.abaroutevalidator.Test_AbaRouteValidator_14" time="0.021"/>
  <testcase name="testAbaNumberCheck_31623_good" classname="com.cardatechnologies.utils.validators.abaroutevalidator.Test_AbaRouteValidator_14" time="0.024"/>
  <testcase name="testAbaNumberCheck_32437_good" classname="com.cardatechnologies.utils.validators.abaroutevalidator.Test_AbaRouteValidator_14" time="0.027"/>
  <testcase name="testAbaNumberCheck_31461_good" classname="com.cardatechnologies.utils.validators.abaroutevalidator.Test_AbaRouteValidator_14" time="0.02"/>
  <testcase name="testAbaNumberCheck_30521_good" classname="com.cardatechnologies.utils.validators.abaroutevalidator.Test_AbaRouteValidator_14" time="0.02"/>
  <testcase name="testAbaNumberCheck_32275_good" classname="com.cardatechnologies.utils.validators.abaroutevalidator.Test_AbaRouteValidator_14" time="0.018"/>
  <testcase name="testAbaNumberCheck_31335_good" classname="com.cardatechnologies.utils.validators.abaroutevalidator.Test_AbaRouteValidator_14" time="0.02"/>
  <testcase name="testAbaNumberCheck_32149_good" classname="com.cardatechnologies.utils.validators.abaroutevalidator.Test_AbaRouteValidator_14" time="0.019"/>
  <testcase name="testAbaNumberCheck_31209_good" classname="com.cardatechnologies.utils.validators.abaroutevalidator.Test_AbaRouteValidator_14" time="0.019"/>
  <testcase name="testAbaNumberCheck_31173_good" classname="com.cardatechnologies.utils.validators.abaroutevalidator.Test_AbaRouteValidator_14" time="0.02"/>
  <testcase name="testAbaNumberCheck_30233_good" classname="com.cardatechnologies.utils.validators.abaroutevalidator.Test_AbaRouteValidator_14" time="0.024"/>
  <testcase name="testAbaNumberCheck_31831_good" classname="com.cardatechnologies.utils.validators.abaroutevalidator.Test_AbaRouteValidator_14" time="0.021"/>
  <testcase name="testAbaNumberCheck_31047_good" classname="com.cardatechnologies.utils.validators.abaroutevalidator.Test_AbaRouteValidator_14" time="0.02"/>
  <testcase name="testAbaNumberCheck_30107_good" classname="com.cardatechnologies.utils.validators.abaroutevalidator.Test_AbaRouteValidator_14" time="0.018"/>
  <testcase name="testAbaNumberCheck_31705_good" classname="com.cardatechnologies.utils.validators.abaroutevalidator.Test_AbaRouteValidator_14" time="0.018"/>
  <testcase name="testAbaNumberCheck_30071_good" classname="com.cardatechnologies.utils.validators.abaroutevalidator.Test_AbaRouteValidator_14" time="0.019"/>
  <testcase name="testAbaNumberCheck_32483_good" classname="com.cardatechnologies.utils.validators.abaroutevalidator.Test_AbaRouteValidator_14" time="0.02"/>
  <testcase name="testAbaNumberCheck_31543_good" classname="com.cardatechnologies.utils.validators.abaroutevalidator.Test_AbaRouteValidator_14" time="0.03"/>
  <testcase name="testAbaNumberCheck_30603_good" classname="com.cardatechnologies.utils.validators.abaroutevalidator.Test_AbaRouteValidator_14" time="0.018"/>
  <testcase name="testAbaNumberCheck_32357_good" classname="com.cardatechnologies.utils.validators.abaroutevalidator.Test_AbaRouteValidator_14" time="0.018"/>
  <testcase name="testAbaNumberCheck_31417_good" classname="com.cardatechnologies.utils.validators.abaroutevalidator.Test_AbaRouteValidator_14" time="0.018"/>
  <testcase name="testAbaNumberCheck_31381_good" classname="com.cardatechnologies.utils.validators.abaroutevalidator.Test_AbaRouteValidator_14" time="0.018"/>
  <testcase name="testAbaNumberCheck_30441_good" classname="com.cardatechnologies.utils.validators.abaroutevalidator.Test_AbaRouteValidator_14" time="0.017"/>
  <testcase name="testAbaNumberCheck_32195_good" classname="com.cardatechnologies.utils.validators.abaroutevalidator.Test_AbaRouteValidator_14" time="0.019"/>
  <testcase name="testAbaNumberCheck_31255_good" classname="com.cardatechnologies.utils.validators.abaroutevalidator.Test_AbaRouteValidator_14" time="0.018"/>
  <testcase name="testAbaNumberCheck_30315_good" classname="com.cardatechnologies.utils.validators.abaroutevalidator.Test_AbaRouteValidator_14" time="0.019"/>
  <testcase name="testAbaNumberCheck_31913_good" classname="com.cardatechnologies.utils.validators.abaroutevalidator.Test_AbaRouteValidator_14" time="0.018"/>
  <testcase name="testAbaNumberCheck_32069_good" classname="com.cardatechnologies.utils.validators.abaroutevalidator.Test_AbaRouteValidator_14" time="0.021"/>
  <testcase name="testAbaNumberCheck_31129_good" classname="com.cardatechnologies.utils.validators.abaroutevalidator.Test_AbaRouteValidator_14" time="0.027"/>
  <testcase name="testAbaNumberCheck_31093_good" classname="com.cardatechnologies.utils.validators.abaroutevalidator.Test_AbaRouteValidator_14" time="0.024"/>
  <testcase name="testAbaNumberCheck_30153_good" classname="com.cardatechnologies.utils.validators.abaroutevalidator.Test_AbaRouteValidator_14" time="0.018"/>
  <testcase name="testAbaNumberCheck_31751_good" classname="com.cardatechnologies.utils.validators.abaroutevalidator.Test_AbaRouteValidator_14" time="0.018"/>
  <testcase name="testAbaNumberCheck_30811_good" classname="com.cardatechnologies.utils.validators.abaroutevalidator.Test_AbaRouteValidator_14" time="0.018"/>
  <testcase name="testAbaNumberCheck_30027_good" classname="com.cardatechnologies.utils.validators.abaroutevalidator.Test_AbaRouteValidator_14" time="0.018"/>
  <testcase name="testAbaNumberCheck_31625_good" classname="com.cardatechnologies.utils.validators.abaroutevalidator.Test_AbaRouteValidator_14" time="0.017"/>
  <testcase name="testAbaNumberCheck_32439_good" classname="com.cardatechnologies.utils.validators.abaroutevalidator.Test_AbaRouteValidator_14" time="0.019"/>
  <testcase name="testAbaNumberCheck_31463_good" classname="com.cardatechnologies.utils.validators.abaroutevalidator.Test_AbaRouteValidator_14" time="0.018"/>
  <testcase name="testAbaNumberCheck_30523_good" classname="com.cardatechnologies.utils.validators.abaroutevalidator.Test_AbaRouteValidator_14" time="0.02"/>
  <testcase name="testAbaNumberCheck_32277_good" classname="com.cardatechnologies.utils.validators.abaroutevalidator.Test_AbaRouteValidator_14" time="0.018"/>
  <testcase name="testAbaNumberCheck_31337_good" classname="com.cardatechnologies.utils.validators.abaroutevalidator.Test_AbaRouteValidator_14" time="0.019"/>
  <testcase name="testAbaNumberCheck_30361_good" classname="com.cardatechnologies.utils.validators.abaroutevalidator.Test_AbaRouteValidator_14" time="0.019"/>
  <testcase name="testAbaNumberCheck_31175_good" classname="com.cardatechnologies.utils.validators.abaroutevalidator.Test_AbaRouteValidator_14" time="0.02"/>
  <testcase name="testAbaNumberCheck_30235_good" classname="com.cardatechnologies.utils.validators.abaroutevalidator.Test_AbaRouteValidator_14" time="0.02"/>
  <testcase name="testAbaNumberCheck_31833_good" classname="com.cardatechnologies.utils.validators.abaroutevalidator.Test_AbaRouteValidator_14" time="0.02"/>
  <testcase name="testAbaNumberCheck_31049_good" classname="com.cardatechnologies.utils.validators.abaroutevalidator.Test_AbaRouteValidator_14" time="0.019"/>
  <testcase name="testAbaNumberCheck_30109_good" classname="com.cardatechnologies.utils.validators.abaroutevalidator.Test_AbaRouteValidator_14" time="0.019"/>
  <testcase name="testAbaNumberCheck_31707_good" classname="com.cardatechnologies.utils.validators.abaroutevalidator.Test_AbaRouteValidator_14" time="0.019"/>
  <testcase name="testAbaNumberCheck_30073_good" classname="com.cardatechnologies.utils.validators.abaroutevalidator.Test_AbaRouteValidator_14" time="0.019"/>
  <testcase name="testAbaNumberCheck_31671_good" classname="com.cardatechnologies.utils.validators.abaroutevalidator.Test_AbaRouteValidator_14" time="0.02"/>
  <testcase name="testAbaNumberCheck_30731_good" classname="com.cardatechnologies.utils.validators.abaroutevalidator.Test_AbaRouteValidator_14" time="0.019"/>
  <testcase name="testAbaNumberCheck_32485_good" classname="com.cardatechnologies.utils.validators.abaroutevalidator.Test_AbaRouteValidator_14" time="0.018"/>
  <testcase name="testAbaNumberCheck_31545_good" classname="com.cardatechnologies.utils.validators.abaroutevalidator.Test_AbaRouteValidator_14" time="0.02"/>
  <testcase name="testAbaNumberCheck_30605_good" classname="com.cardatechnologies.utils.validators.abaroutevalidator.Test_AbaRouteValidator_14" time="0.02"/>
  <testcase name="testAbaNumberCheck_32359_good" classname="com.cardatechnologies.utils.validators.abaroutevalidator.Test_AbaRouteValidator_14" time="0.019"/>
  <testcase name="testAbaNumberCheck_31419_good" classname="com.cardatechnologies.utils.validators.abaroutevalidator.Test_AbaRouteValidator_14" time="0.025"/>
  <testcase name="testAbaNumberCheck_31383_good" classname="com.cardatechnologies.utils.validators.abaroutevalidator.Test_AbaRouteValidator_14" time="0.027"/>
  <testcase name="testAbaNumberCheck_30443_good" classname="com.cardatechnologies.utils.validators.abaroutevalidator.Test_AbaRouteValidator_14" time="0.021"/>
  <testcase name="testAbaNumberCheck_32197_good" classname="com.cardatechnologies.utils.validators.abaroutevalidator.Test_AbaRouteValidator_14" time="0.019"/>
  <testcase name="testAbaNumberCheck_31257_good" classname="com.cardatechnologies.utils.validators.abaroutevalidator.Test_AbaRouteValidator_14" time="0.02"/>
  <testcase name="testAbaNumberCheck_30317_good" classname="com.cardatechnologies.utils.validators.abaroutevalidator.Test_AbaRouteValidator_14" time="0.019"/>
  <testcase name="testAbaNumberCheck_31915_good" classname="com.cardatechnologies.utils.validators.abaroutevalidator.Test_AbaRouteValidator_14" time="0.019"/>
  <testcase name="testAbaNumberCheck_30281_good" classname="com.cardatechnologies.utils.validators.abaroutevalidator.Test_AbaRouteValidator_14" time="0.019"/>
  <testcase name="testAbaNumberCheck_31095_good" classname="com.cardatechnologies.utils.validators.abaroutevalidator.Test_AbaRouteValidator_14" time="0.018"/>
  <testcase name="testAbaNumberCheck_30155_good" classname="com.cardatechnologies.utils.validators.abaroutevalidator.Test_AbaRouteValidator_14" time="0.018"/>
  <testcase name="testAbaNumberCheck_31753_good" classname="com.cardatechnologies.utils.validators.abaroutevalidator.Test_AbaRouteValidator_14" time="0.018"/>
  <testcase name="testAbaNumberCheck_30813_good" classname="com.cardatechnologies.utils.validators.abaroutevalidator.Test_AbaRouteValidator_14" time="0.018"/>
  <testcase name="testAbaNumberCheck_30029_good" classname="com.cardatechnologies.utils.validators.abaroutevalidator.Test_AbaRouteValidator_14" time="0.018"/>
  <testcase name="testAbaNumberCheck_31627_good" classname="com.cardatechnologies.utils.validators.abaroutevalidator.Test_AbaRouteValidator_14" time="0.018"/>
  <testcase name="testAbaNumberCheck_31591_good" classname="com.cardatechnologies.utils.validators.abaroutevalidator.Test_AbaRouteValidator_14" time="0.02"/>
  <testcase name="testAbaNumberCheck_30651_good" classname="com.cardatechnologies.utils.validators.abaroutevalidator.Test_AbaRouteValidator_14" time="0.02"/>
  <testcase name="testAbaNumberCheck_31465_good" classname="com.cardatechnologies.utils.validators.abaroutevalidator.Test_AbaRouteValidator_14" time="0.02"/>
  <testcase name="testAbaNumberCheck_30525_good" classname="com.cardatechnologies.utils.validators.abaroutevalidator.Test_AbaRouteValidator_14" time="0.021"/>
  <testcase name="testAbaNumberCheck_32279_good" classname="com.cardatechnologies.utils.validators.abaroutevalidator.Test_AbaRouteValidator_14" time="0.019"/>
  <testcase name="testAbaNumberCheck_31339_good" classname="com.cardatechnologies.utils.validators.abaroutevalidator.Test_AbaRouteValidator_14" time="0.02"/>
  <testcase name="testAbaNumberCheck_30363_good" classname="com.cardatechnologies.utils.validators.abaroutevalidator.Test_AbaRouteValidator_14" time="0.02"/>
  <testcase name="testAbaNumberCheck_31961_good" classname="com.cardatechnologies.utils.validators.abaroutevalidator.Test_AbaRouteValidator_14" time="0.02"/>
  <testcase name="testAbaNumberCheck_31177_good" classname="com.cardatechnologies.utils.validators.abaroutevalidator.Test_AbaRouteValidator_14" time="0.02"/>
  <testcase name="testAbaNumberCheck_30237_good" classname="com.cardatechnologies.utils.validators.abaroutevalidator.Test_AbaRouteValidator_14" time="0.028"/>
  <testcase name="testAbaNumberCheck_31835_good" classname="com.cardatechnologies.utils.validators.abaroutevalidator.Test_AbaRouteValidator_14" time="0.026"/>
  <testcase name="testAbaNumberCheck_31709_good" classname="com.cardatechnologies.utils.validators.abaroutevalidator.Test_AbaRouteValidator_14" time="0.02"/>
  <testcase name="testAbaNumberCheck_30075_good" classname="com.cardatechnologies.utils.validators.abaroutevalidator.Test_AbaRouteValidator_14" time="0.026"/>
  <testcase name="testAbaNumberCheck_31673_good" classname="com.cardatechnologies.utils.validators.abaroutevalidator.Test_AbaRouteValidator_14" time="0.027"/>
  <testcase name="testAbaNumberCheck_30733_good" classname="com.cardatechnologies.utils.validators.abaroutevalidator.Test_AbaRouteValidator_14" time="0.018"/>
  <testcase name="testAbaNumberCheck_32487_good" classname="com.cardatechnologies.utils.validators.abaroutevalidator.Test_AbaRouteValidator_14" time="0.017"/>
  <testcase name="testAbaNumberCheck_31547_good" classname="com.cardatechnologies.utils.validators.abaroutevalidator.Test_AbaRouteValidator_14" time="0.017"/>
  <testcase name="testAbaNumberCheck_30607_good" classname="com.cardatechnologies.utils.validators.abaroutevalidator.Test_AbaRouteValidator_14" time="0.018"/>
  <testcase name="testAbaNumberCheck_30571_good" classname="com.cardatechnologies.utils.validators.abaroutevalidator.Test_AbaRouteValidator_14" time="0.018"/>
  <testcase name="testAbaNumberCheck_31385_good" classname="com.cardatechnologies.utils.validators.abaroutevalidator.Test_AbaRouteValidator_14" time="0.018"/>
  <testcase name="testAbaNumberCheck_30445_good" classname="com.cardatechnologies.utils.validators.abaroutevalidator.Test_AbaRouteValidator_14" time="0.017"/>
  <testcase name="testAbaNumberCheck_32199_good" classname="com.cardatechnologies.utils.validators.abaroutevalidator.Test_AbaRouteValidator_14" time="0.018"/>
  <testcase name="testAbaNumberCheck_31259_good" classname="com.cardatechnologies.utils.validators.abaroutevalidator.Test_AbaRouteValidator_14" time="0.019"/>
  <testcase name="testAbaNumberCheck_30319_good" classname="com.cardatechnologies.utils.validators.abaroutevalidator.Test_AbaRouteValidator_14" time="0.017"/>
  <testcase name="testAbaNumberCheck_31917_good" classname="com.cardatechnologies.utils.validators.abaroutevalidator.Test_AbaRouteValidator_14" time="0.018"/>
  <testcase name="testAbaNumberCheck_30283_good" classname="com.cardatechnologies.utils.validators.abaroutevalidator.Test_AbaRouteValidator_14" time="0.018"/>
  <testcase name="testAbaNumberCheck_31881_good" classname="com.cardatechnologies.utils.validators.abaroutevalidator.Test_AbaRouteValidator_14" time="0.017"/>
  <testcase name="testAbaNumberCheck_30941_good" classname="com.cardatechnologies.utils.validators.abaroutevalidator.Test_AbaRouteValidator_14" time="0.017"/>
  <testcase name="testAbaNumberCheck_31097_good" classname="com.cardatechnologies.utils.validators.abaroutevalidator.Test_AbaRouteValidator_14" time="0.018"/>
  <testcase name="testAbaNumberCheck_30157_good" classname="com.cardatechnologies.utils.validators.abaroutevalidator.Test_AbaRouteValidator_14" time="0.02"/>
  <testcase name="testAbaNumberCheck_31755_good" classname="com.cardatechnologies.utils.validators.abaroutevalidator.Test_AbaRouteValidator_14" time="0.019"/>
  <testcase name="testAbaNumberCheck_30815_good" classname="com.cardatechnologies.utils.validators.abaroutevalidator.Test_AbaRouteValidator_14" time="0.019"/>
  <testcase name="testAbaNumberCheck_31629_good" classname="com.cardatechnologies.utils.validators.abaroutevalidator.Test_AbaRouteValidator_14" time="0.019"/>
  <testcase name="testAbaNumberCheck_31593_good" classname="com.cardatechnologies.utils.validators.abaroutevalidator.Test_AbaRouteValidator_14" time="0.02"/>
  <testcase name="testAbaNumberCheck_30653_good" classname="com.cardatechnologies.utils.validators.abaroutevalidator.Test_AbaRouteValidator_14" time="0.019"/>
  <testcase name="testAbaNumberCheck_31467_good" classname="com.cardatechnologies.utils.validators.abaroutevalidator.Test_AbaRouteValidator_14" time="0.019"/>
  <testcase name="testAbaNumberCheck_30527_good" classname="com.cardatechnologies.utils.validators.abaroutevalidator.Test_AbaRouteValidator_14" time="0.019"/>
  <testcase name="testAbaNumberCheck_30491_good" classname="com.cardatechnologies.utils.validators.abaroutevalidator.Test_AbaRouteValidator_14" time="0.02"/>
  <testcase name="testAbaNumberCheck_30365_good" classname="com.cardatechnologies.utils.validators.abaroutevalidator.Test_AbaRouteValidator_14" time="0.019"/>
  <testcase name="testAbaNumberCheck_31963_good" classname="com.cardatechnologies.utils.validators.abaroutevalidator.Test_AbaRouteValidator_14" time="0.023"/>
  <testcase name="testAbaNumberCheck_31179_good" classname="com.cardatechnologies.utils.validators.abaroutevalidator.Test_AbaRouteValidator_14" time="0.024"/>
  <testcase name="testAbaNumberCheck_30239_good" classname="com.cardatechnologies.utils.validators.abaroutevalidator.Test_AbaRouteValidator_14" time="0.024"/>
  <testcase name="testAbaNumberCheck_31837_good" classname="com.cardatechnologies.utils.validators.abaroutevalidator.Test_AbaRouteValidator_14" time="0.021"/>
  <testcase name="testAbaNumberCheck_30861_good" classname="com.cardatechnologies.utils.validators.abaroutevalidator.Test_AbaRouteValidator_14" time="0.019"/>
  <testcase name="testAbaNumberCheck_30077_good" classname="com.cardatechnologies.utils.validators.abaroutevalidator.Test_AbaRouteValidator_14" time="0.02"/>
  <testcase name="testAbaNumberCheck_31675_good" classname="com.cardatechnologies.utils.validators.abaroutevalidator.Test_AbaRouteValidator_14" time="0.02"/>
  <testcase name="testAbaNumberCheck_30735_good" classname="com.cardatechnologies.utils.validators.abaroutevalidator.Test_AbaRouteValidator_14" time="0.018"/>
  <testcase name="testAbaNumberCheck_32489_good" classname="com.cardatechnologies.utils.validators.abaroutevalidator.Test_AbaRouteValidator_14" time="0.018"/>
  <testcase name="testAbaNumberCheck_31549_good" classname="com.cardatechnologies.utils.validators.abaroutevalidator.Test_AbaRouteValidator_14" time="0.018"/>
  <testcase name="testAbaNumberCheck_30609_good" classname="com.cardatechnologies.utils.validators.abaroutevalidator.Test_AbaRouteValidator_14" time="0.021"/>
  <testcase name="testAbaNumberCheck_30573_good" classname="com.cardatechnologies.utils.validators.abaroutevalidator.Test_AbaRouteValidator_14" time="0.023"/>
  <testcase name="testAbaNumberCheck_31387_good" classname="com.cardatechnologies.utils.validators.abaroutevalidator.Test_AbaRouteValidator_14" time="0.024"/>
  <testcase name="testAbaNumberCheck_30447_good" classname="com.cardatechnologies.utils.validators.abaroutevalidator.Test_AbaRouteValidator_14" time="0.025"/>
  <testcase name="testAbaNumberCheck_31919_good" classname="com.cardatechnologies.utils.validators.abaroutevalidator.Test_AbaRouteValidator_14" time="0.023"/>
  <testcase name="testAbaNumberCheck_30285_good" classname="com.cardatechnologies.utils.validators.abaroutevalidator.Test_AbaRouteValidator_14" time="0.023"/>
  <testcase name="testAbaNumberCheck_31883_good" classname="com.cardatechnologies.utils.validators.abaroutevalidator.Test_AbaRouteValidator_14" time="0.023"/>
  <testcase name="testAbaNumberCheck_30943_good" classname="com.cardatechnologies.utils.validators.abaroutevalidator.Test_AbaRouteValidator_14" time="0.023"/>
  <testcase name="testAbaNumberCheck_31099_good" classname="com.cardatechnologies.utils.validators.abaroutevalidator.Test_AbaRouteValidator_14" time="0.023"/>
  <testcase name="testAbaNumberCheck_30159_good" classname="com.cardatechnologies.utils.validators.abaroutevalidator.Test_AbaRouteValidator_14" time="0.024"/>
  <testcase name="testAbaNumberCheck_31757_good" classname="com.cardatechnologies.utils.validators.abaroutevalidator.Test_AbaRouteValidator_14" time="0.023"/>
  <testcase name="testAbaNumberCheck_30817_good" classname="com.cardatechnologies.utils.validators.abaroutevalidator.Test_AbaRouteValidator_14" time="0.02"/>
  <testcase name="testAbaNumberCheck_30781_good" classname="com.cardatechnologies.utils.validators.abaroutevalidator.Test_AbaRouteValidator_14" time="0.019"/>
  <testcase name="testAbaNumberCheck_31595_good" classname="com.cardatechnologies.utils.validators.abaroutevalidator.Test_AbaRouteValidator_14" time="0.018"/>
  <testcase name="testAbaNumberCheck_30655_good" classname="com.cardatechnologies.utils.validators.abaroutevalidator.Test_AbaRouteValidator_14" time="0.018"/>
  <testcase name="testAbaNumberCheck_31469_good" classname="com.cardatechnologies.utils.validators.abaroutevalidator.Test_AbaRouteValidator_14" time="0.021"/>
  <testcase name="testAbaNumberCheck_30529_good" classname="com.cardatechnologies.utils.validators.abaroutevalidator.Test_AbaRouteValidator_14" time="0.033"/>
  <testcase name="testAbaNumberCheck_30493_good" classname="com.cardatechnologies.utils.validators.abaroutevalidator.Test_AbaRouteValidator_14" time="0.019"/>
  <testcase name="testAbaNumberCheck_30367_good" classname="com.cardatechnologies.utils.validators.abaroutevalidator.Test_AbaRouteValidator_14" time="0.019"/>
  <testcase name="testAbaNumberCheck_31965_good" classname="com.cardatechnologies.utils.validators.abaroutevalidator.Test_AbaRouteValidator_14" time="0.017"/>
  <testcase name="testAbaNumberCheck_31839_good" classname="com.cardatechnologies.utils.validators.abaroutevalidator.Test_AbaRouteValidator_14" time="0.019"/>
  <testcase name="testAbaNumberCheck_30863_good" classname="com.cardatechnologies.utils.validators.abaroutevalidator.Test_AbaRouteValidator_14" time="0.021"/>
  <testcase name="testAbaNumberCheck_30079_good" classname="com.cardatechnologies.utils.validators.abaroutevalidator.Test_AbaRouteValidator_14" time="0.018"/>
  <testcase name="testAbaNumberCheck_31677_good" classname="com.cardatechnologies.utils.validators.abaroutevalidator.Test_AbaRouteValidator_14" time="0.017"/>
  <testcase name="testAbaNumberCheck_30737_good" classname="com.cardatechnologies.utils.validators.abaroutevalidator.Test_AbaRouteValidator_14" time="0.019"/>
  <testcase name="testAbaNumberCheck_30575_good" classname="com.cardatechnologies.utils.validators.abaroutevalidator.Test_AbaRouteValidator_14" time="0.018"/>
  <testcase name="testAbaNumberCheck_31389_good" classname="com.cardatechnologies.utils.validators.abaroutevalidator.Test_AbaRouteValidator_14" time="0.017"/>
  <testcase name="testAbaNumberCheck_30449_good" classname="com.cardatechnologies.utils.validators.abaroutevalidator.Test_AbaRouteValidator_14" time="0.017"/>
  <testcase name="testAbaNumberCheck_30287_good" classname="com.cardatechnologies.utils.validators.abaroutevalidator.Test_AbaRouteValidator_14" time="0.018"/>
  <testcase name="testAbaNumberCheck_31885_good" classname="com.cardatechnologies.utils.validators.abaroutevalidator.Test_AbaRouteValidator_14" time="0.019"/>
  <testcase name="testAbaNumberCheck_30945_good" classname="com.cardatechnologies.utils.validators.abaroutevalidator.Test_AbaRouteValidator_14" time="0.017"/>
  <testcase name="testAbaNumberCheck_31759_good" classname="com.cardatechnologies.utils.validators.abaroutevalidator.Test_AbaRouteValidator_14" time="0.018"/>
  <testcase name="testAbaNumberCheck_30819_good" classname="com.cardatechnologies.utils.validators.abaroutevalidator.Test_AbaRouteValidator_14" time="0.019"/>
  <testcase name="testAbaNumberCheck_30783_good" classname="com.cardatechnologies.utils.validators.abaroutevalidator.Test_AbaRouteValidator_14" time="0.017"/>
  <testcase name="testAbaNumberCheck_31597_good" classname="com.cardatechnologies.utils.validators.abaroutevalidator.Test_AbaRouteValidator_14" time="0.017"/>
  <testcase name="testAbaNumberCheck_30657_good" classname="com.cardatechnologies.utils.validators.abaroutevalidator.Test_AbaRouteValidator_14" time="0.018"/>
  <testcase name="testAbaNumberCheck_30495_good" classname="com.cardatechnologies.utils.validators.abaroutevalidator.Test_AbaRouteValidator_14" time="0.018"/>
  <testcase name="testAbaNumberCheck_30369_good" classname="com.cardatechnologies.utils.validators.abaroutevalidator.Test_AbaRouteValidator_14" time="0.019"/>
  <testcase name="testAbaNumberCheck_31967_good" classname="com.cardatechnologies.utils.validators.abaroutevalidator.Test_AbaRouteValidator_14" time="0.018"/>
  <testcase name="testAbaNumberCheck_30991_good" classname="com.cardatechnologies.utils.validators.abaroutevalidator.Test_AbaRouteValidator_14" time="0.018"/>
  <testcase name="testAbaNumberCheck_30000_bad" classname="com.cardatechnologies.utils.validators.abaroutevalidator.Test_AbaRouteValidator_14" time="0.019"/>
  <testcase name="testAbaNumberCheck_30002_bad" classname="com.cardatechnologies.utils.validators.abaroutevalidator.Test_AbaRouteValidator_14" time="0.018"/>
  <testcase name="testAbaNumberCheck_30004_bad" classname="com.cardatechnologies.utils.validators.abaroutevalidator.Test_AbaRouteValidator_14" time="0.017"/>
  <testcase name="testAbaNumberCheck_30865_good" classname="com.cardatechnologies.utils.validators.abaroutevalidator.Test_AbaRouteValidator_14" time="0.026"/>
  <testcase name="testAbaNumberCheck_30006_bad" classname="com.cardatechnologies.utils.validators.abaroutevalidator.Test_AbaRouteValidator_14" time="0.028"/>
  <testcase name="testAbaNumberCheck_30008_bad" classname="com.cardatechnologies.utils.validators.abaroutevalidator.Test_AbaRouteValidator_14" time="0.019"/>
  <testcase name="testAbaNumberCheck_31679_good" classname="com.cardatechnologies.utils.validators.abaroutevalidator.Test_AbaRouteValidator_14" time="0.018"/>
  <testcase name="testAbaNumberCheck_30739_good" classname="com.cardatechnologies.utils.validators.abaroutevalidator.Test_AbaRouteValidator_14" time="0.017"/>
  <testcase name="testAbaNumberCheck_30577_good" classname="com.cardatechnologies.utils.validators.abaroutevalidator.Test_AbaRouteValidator_14" time="0.018"/>
  <testcase name="testAbaNumberCheck_30289_good" classname="com.cardatechnologies.utils.validators.abaroutevalidator.Test_AbaRouteValidator_14" time="0.018"/>
  <testcase name="testAbaNumberCheck_30010_bad" classname="com.cardatechnologies.utils.validators.abaroutevalidator.Test_AbaRouteValidator_14" time="0.018"/>
  <testcase name="testAbaNumberCheck_31887_good" classname="com.cardatechnologies.utils.validators.abaroutevalidator.Test_AbaRouteValidator_14" time="0.018"/>
  <testcase name="testAbaNumberCheck_30947_good" classname="com.cardatechnologies.utils.validators.abaroutevalidator.Test_AbaRouteValidator_14" time="0.017"/>
  <testcase name="testAbaNumberCheck_30012_bad" classname="com.cardatechnologies.utils.validators.abaroutevalidator.Test_AbaRouteValidator_14" time="0.019"/>
  <testcase name="testAbaNumberCheck_30014_bad" classname="com.cardatechnologies.utils.validators.abaroutevalidator.Test_AbaRouteValidator_14" time="0.018"/>
  <testcase name="testAbaNumberCheck_30016_bad" classname="com.cardatechnologies.utils.validators.abaroutevalidator.Test_AbaRouteValidator_14" time="0.017"/>
  <testcase name="testAbaNumberCheck_30018_bad" classname="com.cardatechnologies.utils.validators.abaroutevalidator.Test_AbaRouteValidator_14" time="0.019"/>
  <testcase name="testAbaNumberCheck_30785_good" classname="com.cardatechnologies.utils.validators.abaroutevalidator.Test_AbaRouteValidator_14" time="0.019"/>
  <testcase name="testAbaNumberCheck_31599_good" classname="com.cardatechnologies.utils.validators.abaroutevalidator.Test_AbaRouteValidator_14" time="0.017"/>
  <testcase name="testAbaNumberCheck_30659_good" classname="com.cardatechnologies.utils.validators.abaroutevalidator.Test_AbaRouteValidator_14" time="0.017"/>
  <testcase name="testAbaNumberCheck_30497_good" classname="com.cardatechnologies.utils.validators.abaroutevalidator.Test_AbaRouteValidator_14" time="0.018"/>
  <testcase name="testAbaNumberCheck_31969_good" classname="com.cardatechnologies.utils.validators.abaroutevalidator.Test_AbaRouteValidator_14" time="0.018"/>
  <testcase name="testAbaNumberCheck_30993_good" classname="com.cardatechnologies.utils.validators.abaroutevalidator.Test_AbaRouteValidator_14" time="0.018"/>
  <testcase name="testAbaNumberCheck_30020_bad" classname="com.cardatechnologies.utils.validators.abaroutevalidator.Test_AbaRouteValidator_14" time="0.018"/>
  <testcase name="testAbaNumberCheck_30022_bad" classname="com.cardatechnologies.utils.validators.abaroutevalidator.Test_AbaRouteValidator_14" time="0.018"/>
  <testcase name="testAbaNumberCheck_30024_bad" classname="com.cardatechnologies.utils.validators.abaroutevalidator.Test_AbaRouteValidator_14" time="0.018"/>
  <testcase name="testAbaNumberCheck_30867_good" classname="com.cardatechnologies.utils.validators.abaroutevalidator.Test_AbaRouteValidator_14" time="0.018"/>
  <testcase name="testAbaNumberCheck_30026_bad" classname="com.cardatechnologies.utils.validators.abaroutevalidator.Test_AbaRouteValidator_14" time="0.02"/>
  <testcase name="testAbaNumberCheck_30028_bad" classname="com.cardatechnologies.utils.validators.abaroutevalidator.Test_AbaRouteValidator_14" time="0.02"/>
  <testcase name="testAbaNumberCheck_30579_good" classname="com.cardatechnologies.utils.validators.abaroutevalidator.Test_AbaRouteValidator_14" time="0.02"/>
  <testcase name="testAbaNumberCheck_32100_bad" classname="com.cardatechnologies.utils.validators.abaroutevalidator.Test_AbaRouteValidator_14" time="0.024"/>
  <testcase name="testAbaNumberCheck_32102_bad" classname="com.cardatechnologies.utils.validators.abaroutevalidator.Test_AbaRouteValidator_14" time="0.026"/>
  <testcase name="testAbaNumberCheck_32104_bad" classname="com.cardatechnologies.utils.validators.abaroutevalidator.Test_AbaRouteValidator_14" time="0.023"/>
  <testcase name="testAbaNumberCheck_32106_bad" classname="com.cardatechnologies.utils.validators.abaroutevalidator.Test_AbaRouteValidator_14" time="0.018"/>
  <testcase name="testAbaNumberCheck_32108_bad" classname="com.cardatechnologies.utils.validators.abaroutevalidator.Test_AbaRouteValidator_14" time="0.018"/>
  <testcase name="testAbaNumberCheck_30030_bad" classname="com.cardatechnologies.utils.validators.abaroutevalidator.Test_AbaRouteValidator_14" time="0.018"/>
  <testcase name="testAbaNumberCheck_31889_good" classname="com.cardatechnologies.utils.validators.abaroutevalidator.Test_AbaRouteValidator_14" time="0.019"/>
  <testcase name="testAbaNumberCheck_30949_good" classname="com.cardatechnologies.utils.validators.abaroutevalidator.Test_AbaRouteValidator_14" time="0.018"/>
  <testcase name="testAbaNumberCheck_30032_bad" classname="com.cardatechnologies.utils.validators.abaroutevalidator.Test_AbaRouteValidator_14" time="0.018"/>
  <testcase name="testAbaNumberCheck_30034_bad" classname="com.cardatechnologies.utils.validators.abaroutevalidator.Test_AbaRouteValidator_14" time="0.02"/>
  <testcase name="testAbaNumberCheck_30036_bad" classname="com.cardatechnologies.utils.validators.abaroutevalidator.Test_AbaRouteValidator_14" time="0.021"/>
  <testcase name="testAbaNumberCheck_30038_bad" classname="com.cardatechnologies.utils.validators.abaroutevalidator.Test_AbaRouteValidator_14" time="0.027"/>
  <testcase name="testAbaNumberCheck_30787_good" classname="com.cardatechnologies.utils.validators.abaroutevalidator.Test_AbaRouteValidator_14" time="0.019"/>
  <testcase name="testAbaNumberCheck_30499_good" classname="com.cardatechnologies.utils.validators.abaroutevalidator.Test_AbaRouteValidator_14" time="0.02"/>
  <testcase name="testAbaNumberCheck_32110_bad" classname="com.cardatechnologies.utils.validators.abaroutevalidator.Test_AbaRouteValidator_14" time="0.021"/>
  <testcase name="testAbaNumberCheck_32112_bad" classname="com.cardatechnologies.utils.validators.abaroutevalidator.Test_AbaRouteValidator_14" time="0.021"/>
  <testcase name="testAbaNumberCheck_31300_bad" classname="com.cardatechnologies.utils.validators.abaroutevalidator.Test_AbaRouteValidator_14" time="0.021"/>
  <testcase name="testAbaNumberCheck_32114_bad" classname="com.cardatechnologies.utils.validators.abaroutevalidator.Test_AbaRouteValidator_14" time="0.02"/>
  <testcase name="testAbaNumberCheck_31302_bad" classname="com.cardatechnologies.utils.validators.abaroutevalidator.Test_AbaRouteValidator_14" time="0.018"/>
  <testcase name="testAbaNumberCheck_32116_bad" classname="com.cardatechnologies.utils.validators.abaroutevalidator.Test_AbaRouteValidator_14" time="0.017"/>
  <testcase name="testAbaNumberCheck_31304_bad" classname="com.cardatechnologies.utils.validators.abaroutevalidator.Test_AbaRouteValidator_14" time="0.018"/>
  <testcase name="testAbaNumberCheck_32118_bad" classname="com.cardatechnologies.utils.validators.abaroutevalidator.Test_AbaRouteValidator_14" time="0.017"/>
  <testcase name="testAbaNumberCheck_30995_good" classname="com.cardatechnologies.utils.validators.abaroutevalidator.Test_AbaRouteValidator_14" time="0.017"/>
  <testcase name="testAbaNumberCheck_30040_bad" classname="com.cardatechnologies.utils.validators.abaroutevalidator.Test_AbaRouteValidator_14" time="0.018"/>
  <testcase name="testAbaNumberCheck_31306_bad" classname="com.cardatechnologies.utils.validators.abaroutevalidator.Test_AbaRouteValidator_14" time="0.018"/>
  <testcase name="testAbaNumberCheck_30042_bad" classname="com.cardatechnologies.utils.validators.abaroutevalidator.Test_AbaRouteValidator_14" time="0.017"/>
  <testcase name="testAbaNumberCheck_31308_bad" classname="com.cardatechnologies.utils.validators.abaroutevalidator.Test_AbaRouteValidator_14" time="0.018"/>
  <testcase name="testAbaNumberCheck_30044_bad" classname="com.cardatechnologies.utils.validators.abaroutevalidator.Test_AbaRouteValidator_14" time="0.018"/>
  <testcase name="testAbaNumberCheck_30869_good" classname="com.cardatechnologies.utils.validators.abaroutevalidator.Test_AbaRouteValidator_14" time="0.024"/>
  <testcase name="testAbaNumberCheck_30046_bad" classname="com.cardatechnologies.utils.validators.abaroutevalidator.Test_AbaRouteValidator_14" time="0.025"/>
  <testcase name="testAbaNumberCheck_30048_bad" classname="com.cardatechnologies.utils.validators.abaroutevalidator.Test_AbaRouteValidator_14" time="0.018"/>
  <testcase name="testAbaNumberCheck_32120_bad" classname="com.cardatechnologies.utils.validators.abaroutevalidator.Test_AbaRouteValidator_14" time="0.018"/>
  <testcase name="testAbaNumberCheck_32122_bad" classname="com.cardatechnologies.utils.validators.abaroutevalidator.Test_AbaRouteValidator_14" time="0.018"/>
  <testcase name="testAbaNumberCheck_31310_bad" classname="com.cardatechnologies.utils.validators.abaroutevalidator.Test_AbaRouteValidator_14" time="0.018"/>
  <testcase name="testAbaNumberCheck_32124_bad" classname="com.cardatechnologies.utils.validators.abaroutevalidator.Test_AbaRouteValidator_14" time="0.017"/>
  <testcase name="testAbaNumberCheck_31312_bad" classname="com.cardatechnologies.utils.validators.abaroutevalidator.Test_AbaRouteValidator_14" time="0.022"/>
  <testcase name="testAbaNumberCheck_32126_bad" classname="com.cardatechnologies.utils.validators.abaroutevalidator.Test_AbaRouteValidator_14" time="0.018"/>
  <testcase name="testAbaNumberCheck_30500_bad" classname="com.cardatechnologies.utils.validators.abaroutevalidator.Test_AbaRouteValidator_14" time="0.018"/>
  <testcase name="testAbaNumberCheck_31314_bad" classname="com.cardatechnologies.utils.validators.abaroutevalidator.Test_AbaRouteValidator_14" time="0.018"/>
  <testcase name="testAbaNumberCheck_32128_bad" classname="com.cardatechnologies.utils.validators.abaroutevalidator.Test_AbaRouteValidator_14" time="0.018"/>
  <testcase name="testAbaNumberCheck_30050_bad" classname="com.cardatechnologies.utils.validators.abaroutevalidator.Test_AbaRouteValidator_14" time="0.018"/>
  <testcase name="testAbaNumberCheck_30502_bad" classname="com.cardatechnologies.utils.validators.abaroutevalidator.Test_AbaRouteValidator_14" time="0.017"/>
  <testcase name="testAbaNumberCheck_31316_bad" classname="com.cardatechnologies.utils.validators.abaroutevalidator.Test_AbaRouteValidator_14" time="0.018"/>
  <testcase name="testAbaNumberCheck_30052_bad" classname="com.cardatechnologies.utils.validators.abaroutevalidator.Test_AbaRouteValidator_14" time="0.018"/>
  <testcase name="testAbaNumberCheck_30504_bad" classname="com.cardatechnologies.utils.validators.abaroutevalidator.Test_AbaRouteValidator_14" time="0.018"/>
  <testcase name="testAbaNumberCheck_31318_bad" classname="com.cardatechnologies.utils.validators.abaroutevalidator.Test_AbaRouteValidator_14" time="0.018"/>
  <testcase name="testAbaNumberCheck_30054_bad" classname="com.cardatechnologies.utils.validators.abaroutevalidator.Test_AbaRouteValidator_14" time="0.017"/>
  <testcase name="testAbaNumberCheck_30506_bad" classname="com.cardatechnologies.utils.validators.abaroutevalidator.Test_AbaRouteValidator_14" time="0.019"/>
  <testcase name="testAbaNumberCheck_30056_bad" classname="com.cardatechnologies.utils.validators.abaroutevalidator.Test_AbaRouteValidator_14" time="0.019"/>
  <testcase name="testAbaNumberCheck_30508_bad" classname="com.cardatechnologies.utils.validators.abaroutevalidator.Test_AbaRouteValidator_14" time="0.021"/>
  <testcase name="testAbaNumberCheck_30058_bad" classname="com.cardatechnologies.utils.validators.abaroutevalidator.Test_AbaRouteValidator_14" time="0.021"/>
  <testcase name="testAbaNumberCheck_30789_good" classname="com.cardatechnologies.utils.validators.abaroutevalidator.Test_AbaRouteValidator_14" time="0.021"/>
  <testcase name="testAbaNumberCheck_32130_bad" classname="com.cardatechnologies.utils.validators.abaroutevalidator.Test_AbaRouteValidator_14" time="0.021"/>
  <testcase name="testAbaNumberCheck_32132_bad" classname="com.cardatechnologies.utils.validators.abaroutevalidator.Test_AbaRouteValidator_14" time="0.021"/>
  <testcase name="testAbaNumberCheck_31320_bad" classname="com.cardatechnologies.utils.validators.abaroutevalidator.Test_AbaRouteValidator_14" time="0.019"/>
  <testcase name="testAbaNumberCheck_32134_bad" classname="com.cardatechnologies.utils.validators.abaroutevalidator.Test_AbaRouteValidator_14" time="0.023"/>
  <testcase name="testAbaNumberCheck_31322_bad" classname="com.cardatechnologies.utils.validators.abaroutevalidator.Test_AbaRouteValidator_14" time="0.028"/>
  <testcase name="testAbaNumberCheck_32136_bad" classname="com.cardatechnologies.utils.validators.abaroutevalidator.Test_AbaRouteValidator_14" time="0.018"/>
  <testcase name="testAbaNumberCheck_30510_bad" classname="com.cardatechnologies.utils.validators.abaroutevalidator.Test_AbaRouteValidator_14" time="0.018"/>
  <testcase name="testAbaNumberCheck_31324_bad" classname="com.cardatechnologies.utils.validators.abaroutevalidator.Test_AbaRouteValidator_14" time="0.017"/>
  <testcase name="testAbaNumberCheck_32138_bad" classname="com.cardatechnologies.utils.validators.abaroutevalidator.Test_AbaRouteValidator_14" time="0.018"/>
  <testcase name="testAbaNumberCheck_30997_good" classname="com.cardatechnologies.utils.validators.abaroutevalidator.Test_AbaRouteValidator_14" time="0.018"/>
  <testcase name="testAbaNumberCheck_30060_bad" classname="com.cardatechnologies.utils.validators.abaroutevalidator.Test_AbaRouteValidator_14" time="0.019"/>
  <testcase name="testAbaNumberCheck_30512_bad" classname="com.cardatechnologies.utils.validators.abaroutevalidator.Test_AbaRouteValidator_14" time="0.018"/>
  <testcase name="testAbaNumberCheck_31326_bad" classname="com.cardatechnologies.utils.validators.abaroutevalidator.Test_AbaRouteValidator_14" time="0.018"/>
  <testcase name="testAbaNumberCheck_30062_bad" classname="com.cardatechnologies.utils.validators.abaroutevalidator.Test_AbaRouteValidator_14" time="0.018"/>
  <testcase name="testAbaNumberCheck_30514_bad" classname="com.cardatechnologies.utils.validators.abaroutevalidator.Test_AbaRouteValidator_14" time="0.017"/>
  <testcase name="testAbaNumberCheck_31328_bad" classname="com.cardatechnologies.utils.validators.abaroutevalidator.Test_AbaRouteValidator_14" time="0.02"/>
  <testcase name="testAbaNumberCheck_30064_bad" classname="com.cardatechnologies.utils.validators.abaroutevalidator.Test_AbaRouteValidator_14" time="0.019"/>
  <testcase name="testAbaNumberCheck_30516_bad" classname="com.cardatechnologies.utils.validators.abaroutevalidator.Test_AbaRouteValidator_14" time="0.02"/>
  <testcase name="testAbaNumberCheck_30066_bad" classname="com.cardatechnologies.utils.validators.abaroutevalidator.Test_AbaRouteValidator_14" time="0.019"/>
  <testcase name="testAbaNumberCheck_30518_bad" classname="com.cardatechnologies.utils.validators.abaroutevalidator.Test_AbaRouteValidator_14" time="0.019"/>
  <testcase name="testAbaNumberCheck_30068_bad" classname="com.cardatechnologies.utils.validators.abaroutevalidator.Test_AbaRouteValidator_14" time="0.026"/>
  <testcase name="testAbaNumberCheck_32140_bad" classname="com.cardatechnologies.utils.validators.abaroutevalidator.Test_AbaRouteValidator_14" time="0.018"/>
  <testcase name="testAbaNumberCheck_32142_bad" classname="com.cardatechnologies.utils.validators.abaroutevalidator.Test_AbaRouteValidator_14" time="0.02"/>
  <testcase name="testAbaNumberCheck_31330_bad" classname="com.cardatechnologies.utils.validators.abaroutevalidator.Test_AbaRouteValidator_14" time="0.02"/>
  <testcase name="testAbaNumberCheck_32144_bad" classname="com.cardatechnologies.utils.validators.abaroutevalidator.Test_AbaRouteValidator_14" time="0.018"/>
  <testcase name="testAbaNumberCheck_31332_bad" classname="com.cardatechnologies.utils.validators.abaroutevalidator.Test_AbaRouteValidator_14" time="0.02"/>
  <testcase name="testAbaNumberCheck_32146_bad" classname="com.cardatechnologies.utils.validators.abaroutevalidator.Test_AbaRouteValidator_14" time="0.019"/>
  <testcase name="testAbaNumberCheck_30520_bad" classname="com.cardatechnologies.utils.validators.abaroutevalidator.Test_AbaRouteValidator_14" time="0.02"/>
  <testcase name="testAbaNumberCheck_31334_bad" classname="com.cardatechnologies.utils.validators.abaroutevalidator.Test_AbaRouteValidator_14" time="0.018"/>
  <testcase name="testAbaNumberCheck_32148_bad" classname="com.cardatechnologies.utils.validators.abaroutevalidator.Test_AbaRouteValidator_14" time="0.018"/>
  <testcase name="testAbaNumberCheck_30070_bad" classname="com.cardatechnologies.utils.validators.abaroutevalidator.Test_AbaRouteValidator_14" time="0.022"/>
  <testcase name="testAbaNumberCheck_30522_bad" classname="com.cardatechnologies.utils.validators.abaroutevalidator.Test_AbaRouteValidator_14" time="0.027"/>
  <testcase name="testAbaNumberCheck_31336_bad" classname="com.cardatechnologies.utils.validators.abaroutevalidator.Test_AbaRouteValidator_14" time="0.018"/>
  <testcase name="testAbaNumberCheck_30072_bad" classname="com.cardatechnologies.utils.validators.abaroutevalidator.Test_AbaRouteValidator_14" time="0.017"/>
  <testcase name="testAbaNumberCheck_30524_bad" classname="com.cardatechnologies.utils.validators.abaroutevalidator.Test_AbaRouteValidator_14" time="0.018"/>
  <testcase name="testAbaNumberCheck_31338_bad" classname="com.cardatechnologies.utils.validators.abaroutevalidator.Test_AbaRouteValidator_14" time="0.017"/>
  <testcase name="testAbaNumberCheck_30074_bad" classname="com.cardatechnologies.utils.validators.abaroutevalidator.Test_AbaRouteValidator_14" time="0.018"/>
  <testcase name="testAbaNumberCheck_30526_bad" classname="com.cardatechnologies.utils.validators.abaroutevalidator.Test_AbaRouteValidator_14" time="0.017"/>
  <testcase name="testAbaNumberCheck_30076_bad" classname="com.cardatechnologies.utils.validators.abaroutevalidator.Test_AbaRouteValidator_14" time="0.018"/>
  <testcase name="testAbaNumberCheck_30528_bad" classname="com.cardatechnologies.utils.validators.abaroutevalidator.Test_AbaRouteValidator_14" time="0.017"/>
  <testcase name="testAbaNumberCheck_30078_bad" classname="com.cardatechnologies.utils.validators.abaroutevalidator.Test_AbaRouteValidator_14" time="0.018"/>
  <testcase name="testAbaNumberCheck_32150_bad" classname="com.cardatechnologies.utils.validators.abaroutevalidator.Test_AbaRouteValidator_14" time="0.019"/>
  <testcase name="testAbaNumberCheck_32152_bad" classname="com.cardatechnologies.utils.validators.abaroutevalidator.Test_AbaRouteValidator_14" time="0.018"/>
  <testcase name="testAbaNumberCheck_32101_good" classname="com.cardatechnologies.utils.validators.abaroutevalidator.Test_AbaRouteValidator_14" time="0.018"/>
  <testcase name="testAbaNumberCheck_31340_bad" classname="com.cardatechnologies.utils.validators.abaroutevalidator.Test_AbaRouteValidator_14" time="0.018"/>
  <testcase name="testAbaNumberCheck_32154_bad" classname="com.cardatechnologies.utils.validators.abaroutevalidator.Test_AbaRouteValidator_14" time="0.019"/>
  <testcase name="testAbaNumberCheck_31342_bad" classname="com.cardatechnologies.utils.validators.abaroutevalidator.Test_AbaRouteValidator_14" time="0.019"/>
  <testcase name="testAbaNumberCheck_32156_bad" classname="com.cardatechnologies.utils.validators.abaroutevalidator.Test_AbaRouteValidator_14" time="0.021"/>
  <testcase name="testAbaNumberCheck_30530_bad" classname="com.cardatechnologies.utils.validators.abaroutevalidator.Test_AbaRouteValidator_14" time="0.023"/>
  <testcase name="testAbaNumberCheck_31344_bad" classname="com.cardatechnologies.utils.validators.abaroutevalidator.Test_AbaRouteValidator_14" time="0.024"/>
  <testcase name="testAbaNumberCheck_32158_bad" classname="com.cardatechnologies.utils.validators.abaroutevalidator.Test_AbaRouteValidator_14" time="0.024"/>
  <testcase name="testAbaNumberCheck_30999_good" classname="com.cardatechnologies.utils.validators.abaroutevalidator.Test_AbaRouteValidator_14" time="0.024"/>
  <testcase name="testAbaNumberCheck_30080_bad" classname="com.cardatechnologies.utils.validators.abaroutevalidator.Test_AbaRouteValidator_14" time="0.023"/>
  <testcase name="testAbaNumberCheck_30532_bad" classname="com.cardatechnologies.utils.validators.abaroutevalidator.Test_AbaRouteValidator_14" time="0.019"/>
  <testcase name="testAbaNumberCheck_31346_bad" classname="com.cardatechnologies.utils.validators.abaroutevalidator.Test_AbaRouteValidator_14" time="0.018"/>
  <testcase name="testAbaNumberCheck_30082_bad" classname="com.cardatechnologies.utils.validators.abaroutevalidator.Test_AbaRouteValidator_14" time="0.018"/>
  <testcase name="testAbaNumberCheck_30534_bad" classname="com.cardatechnologies.utils.validators.abaroutevalidator.Test_AbaRouteValidator_14" time="0.018"/>
  <testcase name="testAbaNumberCheck_31348_bad" classname="com.cardatechnologies.utils.validators.abaroutevalidator.Test_AbaRouteValidator_14" time="0.032"/>
  <testcase name="testAbaNumberCheck_30084_bad" classname="com.cardatechnologies.utils.validators.abaroutevalidator.Test_AbaRouteValidator_14" time="0.018"/>
  <testcase name="testAbaNumberCheck_30536_bad" classname="com.cardatechnologies.utils.validators.abaroutevalidator.Test_AbaRouteValidator_14" time="0.018"/>
  <testcase name="testAbaNumberCheck_30086_bad" classname="com.cardatechnologies.utils.validators.abaroutevalidator.Test_AbaRouteValidator_14" time="0.018"/>
  <testcase name="testAbaNumberCheck_30538_bad" classname="com.cardatechnologies.utils.validators.abaroutevalidator.Test_AbaRouteValidator_14" time="0.018"/>
  <testcase name="testAbaNumberCheck_30088_bad" classname="com.cardatechnologies.utils.validators.abaroutevalidator.Test_AbaRouteValidator_14" time="0.018"/>
  <testcase name="testAbaNumberCheck_32160_bad" classname="com.cardatechnologies.utils.validators.abaroutevalidator.Test_AbaRouteValidator_14" time="0.019"/>
  <testcase name="testAbaNumberCheck_32162_bad" classname="com.cardatechnologies.utils.validators.abaroutevalidator.Test_AbaRouteValidator_14" time="0.018"/>
  <testcase name="testAbaNumberCheck_31800_bad" classname="com.cardatechnologies.utils.validators.abaroutevalidator.Test_AbaRouteValidator_14" time="0.019"/>
  <testcase name="testAbaNumberCheck_31350_bad" classname="com.cardatechnologies.utils.validators.abaroutevalidator.Test_AbaRouteValidator_14" time="0.019"/>
  <testcase name="testAbaNumberCheck_32164_bad" classname="com.cardatechnologies.utils.validators.abaroutevalidator.Test_AbaRouteValidator_14" time="0.019"/>
  <testcase name="testAbaNumberCheck_31802_bad" classname="com.cardatechnologies.utils.validators.abaroutevalidator.Test_AbaRouteValidator_14" time="0.02"/>
  <testcase name="testAbaNumberCheck_31352_bad" classname="com.cardatechnologies.utils.validators.abaroutevalidator.Test_AbaRouteValidator_14" time="0.017"/>
  <testcase name="testAbaNumberCheck_32166_bad" classname="com.cardatechnologies.utils.validators.abaroutevalidator.Test_AbaRouteValidator_14" time="0.02"/>
  <testcase name="testAbaNumberCheck_31804_bad" classname="com.cardatechnologies.utils.validators.abaroutevalidator.Test_AbaRouteValidator_14" time="0.019"/>
  <testcase name="testAbaNumberCheck_32021_good" classname="com.cardatechnologies.utils.validators.abaroutevalidator.Test_AbaRouteValidator_14" time="0.02"/>
  <testcase name="testAbaNumberCheck_30540_bad" classname="com.cardatechnologies.utils.validators.abaroutevalidator.Test_AbaRouteValidator_14" time="0.017"/>
  <testcase name="testAbaNumberCheck_31354_bad" classname="com.cardatechnologies.utils.validators.abaroutevalidator.Test_AbaRouteValidator_14" time="0.02"/>
  <testcase name="testAbaNumberCheck_32168_bad" classname="com.cardatechnologies.utils.validators.abaroutevalidator.Test_AbaRouteValidator_14" time="0.02"/>
  <testcase name="testAbaNumberCheck_30090_bad" classname="com.cardatechnologies.utils.validators.abaroutevalidator.Test_AbaRouteValidator_14" time="0.019"/>
  <testcase name="testAbaNumberCheck_31806_bad" classname="com.cardatechnologies.utils.validators.abaroutevalidator.Test_AbaRouteValidator_14" time="0.019"/>
  <testcase name="testAbaNumberCheck_30542_bad" classname="com.cardatechnologies.utils.validators.abaroutevalidator.Test_AbaRouteValidator_14" time="0.019"/>
  <testcase name="testAbaNumberCheck_31356_bad" classname="com.cardatechnologies.utils.validators.abaroutevalidator.Test_AbaRouteValidator_14" time="0.018"/>
  <testcase name="testAbaNumberCheck_30092_bad" classname="com.cardatechnologies.utils.validators.abaroutevalidator.Test_AbaRouteValidator_14" time="0.025"/>
  <testcase name="testAbaNumberCheck_31808_bad" classname="com.cardatechnologies.utils.validators.abaroutevalidator.Test_AbaRouteValidator_14" time="0.02"/>
  <testcase name="testAbaNumberCheck_30544_bad" classname="com.cardatechnologies.utils.validators.abaroutevalidator.Test_AbaRouteValidator_14" time="0.021"/>
  <testcase name="testAbaNumberCheck_31358_bad" classname="com.cardatechnologies.utils.validators.abaroutevalidator.Test_AbaRouteValidator_14" time="0.029"/>
  <testcase name="testAbaNumberCheck_30094_bad" classname="com.cardatechnologies.utils.validators.abaroutevalidator.Test_AbaRouteValidator_14" time="0.029"/>
  <testcase name="testAbaNumberCheck_30546_bad" classname="com.cardatechnologies.utils.validators.abaroutevalidator.Test_AbaRouteValidator_14" time="0.019"/>
  <testcase name="testAbaNumberCheck_30096_bad" classname="com.cardatechnologies.utils.validators.abaroutevalidator.Test_AbaRouteValidator_14" time="0.019"/>
  <testcase name="testAbaNumberCheck_30548_bad" classname="com.cardatechnologies.utils.validators.abaroutevalidator.Test_AbaRouteValidator_14" time="0.017"/>
  <testcase name="testAbaNumberCheck_30098_bad" classname="com.cardatechnologies.utils.validators.abaroutevalidator.Test_AbaRouteValidator_14" time="0.019"/>
  <testcase name="testAbaNumberCheck_32170_bad" classname="com.cardatechnologies.utils.validators.abaroutevalidator.Test_AbaRouteValidator_14" time="0.019"/>
  <testcase name="testAbaNumberCheck_32172_bad" classname="com.cardatechnologies.utils.validators.abaroutevalidator.Test_AbaRouteValidator_14" time="0.019"/>
  <testcase name="testAbaNumberCheck_31810_bad" classname="com.cardatechnologies.utils.validators.abaroutevalidator.Test_AbaRouteValidator_14" time="0.017"/>
  <testcase name="testAbaNumberCheck_32103_good" classname="com.cardatechnologies.utils.validators.abaroutevalidator.Test_AbaRouteValidator_14" time="0.018"/>
  <testcase name="testAbaNumberCheck_31360_bad" classname="com.cardatechnologies.utils.validators.abaroutevalidator.Test_AbaRouteValidator_14" time="0.017"/>
  <testcase name="testAbaNumberCheck_32174_bad" classname="com.cardatechnologies.utils.validators.abaroutevalidator.Test_AbaRouteValidator_14" time="0.018"/>
  <testcase name="testAbaNumberCheck_31812_bad" classname="com.cardatechnologies.utils.validators.abaroutevalidator.Test_AbaRouteValidator_14" time="0.018"/>
  <testcase name="testAbaNumberCheck_31362_bad" classname="com.cardatechnologies.utils.validators.abaroutevalidator.Test_AbaRouteValidator_14" time="0.018"/>
  <testcase name="testAbaNumberCheck_32176_bad" classname="com.cardatechnologies.utils.validators.abaroutevalidator.Test_AbaRouteValidator_14" time="0.017"/>
  <testcase name="testAbaNumberCheck_31814_bad" classname="com.cardatechnologies.utils.validators.abaroutevalidator.Test_AbaRouteValidator_14" time="0.018"/>
  <testcase name="testAbaNumberCheck_30550_bad" classname="com.cardatechnologies.utils.validators.abaroutevalidator.Test_AbaRouteValidator_14" time="0.019"/>
  <testcase name="testAbaNumberCheck_31364_bad" classname="com.cardatechnologies.utils.validators.abaroutevalidator.Test_AbaRouteValidator_14" time="0.018"/>
  <testcase name="testAbaNumberCheck_32178_bad" classname="com.cardatechnologies.utils.validators.abaroutevalidator.Test_AbaRouteValidator_14" time="0.018"/>
  <testcase name="testAbaNumberCheck_31816_bad" classname="com.cardatechnologies.utils.validators.abaroutevalidator.Test_AbaRouteValidator_14" time="0.017"/>
  <testcase name="testAbaNumberCheck_30552_bad" classname="com.cardatechnologies.utils.validators.abaroutevalidator.Test_AbaRouteValidator_14" time="0.019"/>
  <testcase name="testAbaNumberCheck_31366_bad" classname="com.cardatechnologies.utils.validators.abaroutevalidator.Test_AbaRouteValidator_14" time="0.02"/>
  <testcase name="testAbaNumberCheck_31818_bad" classname="com.cardatechnologies.utils.validators.abaroutevalidator.Test_AbaRouteValidator_14" time="0.018"/>
  <testcase name="testAbaNumberCheck_31001_good" classname="com.cardatechnologies.utils.validators.abaroutevalidator.Test_AbaRouteValidator_14" time="0.02"/>
  <testcase name="testAbaNumberCheck_30554_bad" classname="com.cardatechnologies.utils.validators.abaroutevalidator.Test_AbaRouteValidator_14" time="0.018"/>
  <testcase name="testAbaNumberCheck_31368_bad" classname="com.cardatechnologies.utils.validators.abaroutevalidator.Test_AbaRouteValidator_14" time="0.017"/>
  <testcase name="testAbaNumberCheck_30556_bad" classname="com.cardatechnologies.utils.validators.abaroutevalidator.Test_AbaRouteValidator_14" time="0.019"/>
  <testcase name="testAbaNumberCheck_30558_bad" classname="com.cardatechnologies.utils.validators.abaroutevalidator.Test_AbaRouteValidator_14" time="0.019"/>
  <testcase name="testAbaNumberCheck_32311_good" classname="com.cardatechnologies.utils.validators.abaroutevalidator.Test_AbaRouteValidator_14" time="0.03"/>
  <testcase name="testAbaNumberCheck_32180_bad" classname="com.cardatechnologies.utils.validators.abaroutevalidator.Test_AbaRouteValidator_14" time="0.024"/>
  <testcase name="testAbaNumberCheck_32182_bad" classname="com.cardatechnologies.utils.validators.abaroutevalidator.Test_AbaRouteValidator_14" time="0.019"/>
  <testcase name="testAbaNumberCheck_31820_bad" classname="com.cardatechnologies.utils.validators.abaroutevalidator.Test_AbaRouteValidator_14" time="0.017"/>
  <testcase name="testAbaNumberCheck_31370_bad" classname="com.cardatechnologies.utils.validators.abaroutevalidator.Test_AbaRouteValidator_14" time="0.018"/>
  <testcase name="testAbaNumberCheck_32184_bad" classname="com.cardatechnologies.utils.validators.abaroutevalidator.Test_AbaRouteValidator_14" time="0.02"/>
  <testcase name="testAbaNumberCheck_31822_bad" classname="com.cardatechnologies.utils.validators.abaroutevalidator.Test_AbaRouteValidator_14" time="0.019"/>
  <testcase name="testAbaNumberCheck_31372_bad" classname="com.cardatechnologies.utils.validators.abaroutevalidator.Test_AbaRouteValidator_14" time="0.02"/>
  <testcase name="testAbaNumberCheck_32186_bad" classname="com.cardatechnologies.utils.validators.abaroutevalidator.Test_AbaRouteValidator_14" time="0.019"/>
  <testcase name="testAbaNumberCheck_31824_bad" classname="com.cardatechnologies.utils.validators.abaroutevalidator.Test_AbaRouteValidator_14" time="0.02"/>
  <testcase name="testAbaNumberCheck_32023_good" classname="com.cardatechnologies.utils.validators.abaroutevalidator.Test_AbaRouteValidator_14" time="0.02"/>
  <testcase name="testAbaNumberCheck_30560_bad" classname="com.cardatechnologies.utils.validators.abaroutevalidator.Test_AbaRouteValidator_14" time="0.02"/>
  <testcase name="testAbaNumberCheck_31374_bad" classname="com.cardatechnologies.utils.validators.abaroutevalidator.Test_AbaRouteValidator_14" time="0.02"/>
  <testcase name="testAbaNumberCheck_32188_bad" classname="com.cardatechnologies.utils.validators.abaroutevalidator.Test_AbaRouteValidator_14" time="0.02"/>
  <testcase name="testAbaNumberCheck_31826_bad" classname="com.cardatechnologies.utils.validators.abaroutevalidator.Test_AbaRouteValidator_14" time="0.019"/>
  <testcase name="testAbaNumberCheck_30562_bad" classname="com.cardatechnologies.utils.validators.abaroutevalidator.Test_AbaRouteValidator_14" time="0.019"/>
  <testcase name="testAbaNumberCheck_31376_bad" classname="com.cardatechnologies.utils.validators.abaroutevalidator.Test_AbaRouteValidator_14" time="0.019"/>
  <testcase name="testAbaNumberCheck_31828_bad" classname="com.cardatechnologies.utils.validators.abaroutevalidator.Test_AbaRouteValidator_14" time="0.02"/>
  <testcase name="testAbaNumberCheck_30564_bad" classname="com.cardatechnologies.utils.validators.abaroutevalidator.Test_AbaRouteValidator_14" time="0.02"/>
  <testcase name="testAbaNumberCheck_31378_bad" classname="com.cardatechnologies.utils.validators.abaroutevalidator.Test_AbaRouteValidator_14" time="0.02"/>
  <testcase name="testAbaNumberCheck_30566_bad" classname="com.cardatechnologies.utils.validators.abaroutevalidator.Test_AbaRouteValidator_14" time="0.021"/>
  <testcase name="testAbaNumberCheck_30568_bad" classname="com.cardatechnologies.utils.validators.abaroutevalidator.Test_AbaRouteValidator_14" time="0.02"/>
  <testcase name="testAbaNumberCheck_32231_good" classname="com.cardatechnologies.utils.validators.abaroutevalidator.Test_AbaRouteValidator_14" time="0.019"/>
  <testcase name="testAbaNumberCheck_32190_bad" classname="com.cardatechnologies.utils.validators.abaroutevalidator.Test_AbaRouteValidator_14" time="0.02"/>
  <testcase name="testAbaNumberCheck_32192_bad" classname="com.cardatechnologies.utils.validators.abaroutevalidator.Test_AbaRouteValidator_14" time="0.019"/>
  <testcase name="testAbaNumberCheck_31830_bad" classname="com.cardatechnologies.utils.validators.abaroutevalidator.Test_AbaRouteValidator_14" time="0.019"/>
  <testcase name="testAbaNumberCheck_32105_good" classname="com.cardatechnologies.utils.validators.abaroutevalidator.Test_AbaRouteValidator_14" time="0.023"/>
  <testcase name="testAbaNumberCheck_31380_bad" classname="com.cardatechnologies.utils.validators.abaroutevalidator.Test_AbaRouteValidator_14" time="0.028"/>
  <testcase name="testAbaNumberCheck_32194_bad" classname="com.cardatechnologies.utils.validators.abaroutevalidator.Test_AbaRouteValidator_14" time="0.018"/>
  <testcase name="testAbaNumberCheck_31832_bad" classname="com.cardatechnologies.utils.validators.abaroutevalidator.Test_AbaRouteValidator_14" time="0.018"/>
  <testcase name="testAbaNumberCheck_31382_bad" classname="com.cardatechnologies.utils.validators.abaroutevalidator.Test_AbaRouteValidator_14" time="0.023"/>
  <testcase name="testAbaNumberCheck_32196_bad" classname="com.cardatechnologies.utils.validators.abaroutevalidator.Test_AbaRouteValidator_14" time="0.018"/>
  <testcase name="testAbaNumberCheck_31834_bad" classname="com.cardatechnologies.utils.validators.abaroutevalidator.Test_AbaRouteValidator_14" time="0.019"/>
  <testcase name="testAbaNumberCheck_30570_bad" classname="com.cardatechnologies.utils.validators.abaroutevalidator.Test_AbaRouteValidator_14" time="0.018"/>
  <testcase name="testAbaNumberCheck_31384_bad" classname="com.cardatechnologies.utils.validators.abaroutevalidator.Test_AbaRouteValidator_14" time="0.018"/>
  <testcase name="testAbaNumberCheck_32198_bad" classname="com.cardatechnologies.utils.validators.abaroutevalidator.Test_AbaRouteValidator_14" time="0.018"/>
  <testcase name="testAbaNumberCheck_31836_bad" classname="com.cardatechnologies.utils.validators.abaroutevalidator.Test_AbaRouteValidator_14" time="0.018"/>
  <testcase name="testAbaNumberCheck_30572_bad" classname="com.cardatechnologies.utils.validators.abaroutevalidator.Test_AbaRouteValidator_14" time="0.02"/>
  <testcase name="testAbaNumberCheck_31386_bad" classname="com.cardatechnologies.utils.validators.abaroutevalidator.Test_AbaRouteValidator_14" time="0.019"/>
  <testcase name="testAbaNumberCheck_31838_bad" classname="com.cardatechnologies.utils.validators.abaroutevalidator.Test_AbaRouteValidator_14" time="0.02"/>
  <testcase name="testAbaNumberCheck_31003_good" classname="com.cardatechnologies.utils.validators.abaroutevalidator.Test_AbaRouteValidator_14" time="0.02"/>
  <testcase name="testAbaNumberCheck_30574_bad" classname="com.cardatechnologies.utils.validators.abaroutevalidator.Test_AbaRouteValidator_14" time="0.021"/>
  <testcase name="testAbaNumberCheck_31388_bad" classname="com.cardatechnologies.utils.validators.abaroutevalidator.Test_AbaRouteValidator_14" time="0.024"/>
  <testcase name="testAbaNumberCheck_30576_bad" classname="com.cardatechnologies.utils.validators.abaroutevalidator.Test_AbaRouteValidator_14" time="0.018"/>
  <testcase name="testAbaNumberCheck_30578_bad" classname="com.cardatechnologies.utils.validators.abaroutevalidator.Test_AbaRouteValidator_14" time="0.018"/>
  <testcase name="testAbaNumberCheck_32313_good" classname="com.cardatechnologies.utils.validators.abaroutevalidator.Test_AbaRouteValidator_14" time="0.017"/>
  <testcase name="testAbaNumberCheck_32151_good" classname="com.cardatechnologies.utils.validators.abaroutevalidator.Test_AbaRouteValidator_14" time="0.017"/>
  <testcase name="testAbaNumberCheck_31840_bad" classname="com.cardatechnologies.utils.validators.abaroutevalidator.Test_AbaRouteValidator_14" time="0.018"/>
  <testcase name="testAbaNumberCheck_31211_good" classname="com.cardatechnologies.utils.validators.abaroutevalidator.Test_AbaRouteValidator_14" time="0.017"/>
  <testcase name="testAbaNumberCheck_31390_bad" classname="com.cardatechnologies.utils.validators.abaroutevalidator.Test_AbaRouteValidator_14" time="0.019"/>
  <testcase name="testAbaNumberCheck_31842_bad" classname="com.cardatechnologies.utils.validators.abaroutevalidator.Test_AbaRouteValidator_14" time="0.019"/>
  <testcase name="testAbaNumberCheck_31392_bad" classname="com.cardatechnologies.utils.validators.abaroutevalidator.Test_AbaRouteValidator_14" time="0.018"/>
  <testcase name="testAbaNumberCheck_31844_bad" classname="com.cardatechnologies.utils.validators.abaroutevalidator.Test_AbaRouteValidator_14" time="0.017"/>
  <testcase name="testAbaNumberCheck_32025_good" classname="com.cardatechnologies.utils.validators.abaroutevalidator.Test_AbaRouteValidator_14" time="0.018"/>
  <testcase name="testAbaNumberCheck_30580_bad" classname="com.cardatechnologies.utils.validators.abaroutevalidator.Test_AbaRouteValidator_14" time="0.036"/>
  <testcase name="testAbaNumberCheck_31394_bad" classname="com.cardatechnologies.utils.validators.abaroutevalidator.Test_AbaRouteValidator_14" time="0.018"/>
  <testcase name="testAbaNumberCheck_31846_bad" classname="com.cardatechnologies.utils.validators.abaroutevalidator.Test_AbaRouteValidator_14" time="0.018"/>
  <testcase name="testAbaNumberCheck_30582_bad" classname="com.cardatechnologies.utils.validators.abaroutevalidator.Test_AbaRouteValidator_14" time="0.018"/>
  <testcase name="testAbaNumberCheck_31396_bad" classname="com.cardatechnologies.utils.validators.abaroutevalidator.Test_AbaRouteValidator_14" time="0.019"/>
  <testcase name="testAbaNumberCheck_31848_bad" classname="com.cardatechnologies.utils.validators.abaroutevalidator.Test_AbaRouteValidator_14" time="0.018"/>
  <testcase name="testAbaNumberCheck_30584_bad" classname="com.cardatechnologies.utils.validators.abaroutevalidator.Test_AbaRouteValidator_14" time="0.018"/>
  <testcase name="testAbaNumberCheck_31398_bad" classname="com.cardatechnologies.utils.validators.abaroutevalidator.Test_AbaRouteValidator_14" time="0.018"/>
  <testcase name="testAbaNumberCheck_30586_bad" classname="com.cardatechnologies.utils.validators.abaroutevalidator.Test_AbaRouteValidator_14" time="0.018"/>
  <testcase name="testAbaNumberCheck_30588_bad" classname="com.cardatechnologies.utils.validators.abaroutevalidator.Test_AbaRouteValidator_14" time="0.017"/>
  <testcase name="testAbaNumberCheck_32233_good" classname="com.cardatechnologies.utils.validators.abaroutevalidator.Test_AbaRouteValidator_14" time="0.018"/>
  <testcase name="testAbaNumberCheck_31850_bad" classname="com.cardatechnologies.utils.validators.abaroutevalidator.Test_AbaRouteValidator_14" time="0.018"/>
  <testcase name="testAbaNumberCheck_32107_good" classname="com.cardatechnologies.utils.validators.abaroutevalidator.Test_AbaRouteValidator_14" time="0.018"/>
  <testcase name="testAbaNumberCheck_31852_bad" classname="com.cardatechnologies.utils.validators.abaroutevalidator.Test_AbaRouteValidator_14" time="0.017"/>
  <testcase name="testAbaNumberCheck_32071_good" classname="com.cardatechnologies.utils.validators.abaroutevalidator.Test_AbaRouteValidator_14" time="0.019"/>
  <testcase name="testAbaNumberCheck_31131_good" classname="com.cardatechnologies.utils.validators.abaroutevalidator.Test_AbaRouteValidator_14" time="0.017"/>
  <testcase name="testAbaNumberCheck_31854_bad" classname="com.cardatechnologies.utils.validators.abaroutevalidator.Test_AbaRouteValidator_14" time="0.018"/>
  <testcase name="testAbaNumberCheck_30590_bad" classname="com.cardatechnologies.utils.validators.abaroutevalidator.Test_AbaRouteValidator_14" time="0.018"/>
  <testcase name="testAbaNumberCheck_31856_bad" classname="com.cardatechnologies.utils.validators.abaroutevalidator.Test_AbaRouteValidator_14" time="0.019"/>
  <testcase name="testAbaNumberCheck_30592_bad" classname="com.cardatechnologies.utils.validators.abaroutevalidator.Test_AbaRouteValidator_14" time="0.017"/>
  <testcase name="testAbaNumberCheck_31858_bad" classname="com.cardatechnologies.utils.validators.abaroutevalidator.Test_AbaRouteValidator_14" time="0.018"/>
  <testcase name="testAbaNumberCheck_31005_good" classname="com.cardatechnologies.utils.validators.abaroutevalidator.Test_AbaRouteValidator_14" time="0.018"/>
  <testcase name="testAbaNumberCheck_30594_bad" classname="com.cardatechnologies.utils.validators.abaroutevalidator.Test_AbaRouteValidator_14" time="0.018"/>
  <testcase name="testAbaNumberCheck_30596_bad" classname="com.cardatechnologies.utils.validators.abaroutevalidator.Test_AbaRouteValidator_14" time="0.017"/>
  <testcase name="testAbaNumberCheck_30598_bad" classname="com.cardatechnologies.utils.validators.abaroutevalidator.Test_AbaRouteValidator_14" time="0.019"/>
  <testcase name="testAbaNumberCheck_32441_good" classname="com.cardatechnologies.utils.validators.abaroutevalidator.Test_AbaRouteValidator_14" time="0.018"/>
  <testcase name="testAbaNumberCheck_31501_good" classname="com.cardatechnologies.utils.validators.abaroutevalidator.Test_AbaRouteValidator_14" time="0.018"/>
  <testcase name="testAbaNumberCheck_32315_good" classname="com.cardatechnologies.utils.validators.abaroutevalidator.Test_AbaRouteValidator_14" time="0.018"/>
  <testcase name="testAbaNumberCheck_32153_good" classname="com.cardatechnologies.utils.validators.abaroutevalidator.Test_AbaRouteValidator_14" time="0.032"/>
  <testcase name="testAbaNumberCheck_31860_bad" classname="com.cardatechnologies.utils.validators.abaroutevalidator.Test_AbaRouteValidator_14" time="0.017"/>
  <testcase name="testAbaNumberCheck_31213_good" classname="com.cardatechnologies.utils.validators.abaroutevalidator.Test_AbaRouteValidator_14" time="0.019"/>
  <testcase name="testAbaNumberCheck_31862_bad" classname="com.cardatechnologies.utils.validators.abaroutevalidator.Test_AbaRouteValidator_14" time="0.018"/>
  <testcase name="testAbaNumberCheck_31864_bad" classname="com.cardatechnologies.utils.validators.abaroutevalidator.Test_AbaRouteValidator_14" time="0.018"/>
  <testcase name="testAbaNumberCheck_32027_good" classname="com.cardatechnologies.utils.validators.abaroutevalidator.Test_AbaRouteValidator_14" time="0.017"/>
  <testcase name="testAbaNumberCheck_31866_bad" classname="com.cardatechnologies.utils.validators.abaroutevalidator.Test_AbaRouteValidator_14" time="0.019"/>
  <testcase name="testAbaNumberCheck_31051_good" classname="com.cardatechnologies.utils.validators.abaroutevalidator.Test_AbaRouteValidator_14" time="0.017"/>
  <testcase name="testAbaNumberCheck_31868_bad" classname="com.cardatechnologies.utils.validators.abaroutevalidator.Test_AbaRouteValidator_14" time="0.022"/>
  <testcase name="testAbaNumberCheck_30111_good" classname="com.cardatechnologies.utils.validators.abaroutevalidator.Test_AbaRouteValidator_14" time="0.019"/>
  <testcase name="testAbaNumberCheck_32361_good" classname="com.cardatechnologies.utils.validators.abaroutevalidator.Test_AbaRouteValidator_14" time="0.017"/>
  <testcase name="testAbaNumberCheck_31421_good" classname="com.cardatechnologies.utils.validators.abaroutevalidator.Test_AbaRouteValidator_14" time="0.018"/>
  <testcase name="testAbaNumberCheck_32235_good" classname="com.cardatechnologies.utils.validators.abaroutevalidator.Test_AbaRouteValidator_14" time="0.018"/>
  <testcase name="testAbaNumberCheck_31870_bad" classname="com.cardatechnologies.utils.validators.abaroutevalidator.Test_AbaRouteValidator_14" time="0.018"/>
  <testcase name="testAbaNumberCheck_32109_good" classname="com.cardatechnologies.utils.validators.abaroutevalidator.Test_AbaRouteValidator_14" time="0.018"/>
  <testcase name="testAbaNumberCheck_31872_bad" classname="com.cardatechnologies.utils.validators.abaroutevalidator.Test_AbaRouteValidator_14" time="0.019"/>
  <testcase name="testAbaNumberCheck_32073_good" classname="com.cardatechnologies.utils.validators.abaroutevalidator.Test_AbaRouteValidator_14" time="0.017"/>
  <testcase name="testAbaNumberCheck_31133_good" classname="com.cardatechnologies.utils.validators.abaroutevalidator.Test_AbaRouteValidator_14" time="0.018"/>
  <testcase name="testAbaNumberCheck_31874_bad" classname="com.cardatechnologies.utils.validators.abaroutevalidator.Test_AbaRouteValidator_14" time="0.018"/>
  <testcase name="testAbaNumberCheck_31876_bad" classname="com.cardatechnologies.utils.validators.abaroutevalidator.Test_AbaRouteValidator_14" time="0.017"/>
  <testcase name="testAbaNumberCheck_31878_bad" classname="com.cardatechnologies.utils.validators.abaroutevalidator.Test_AbaRouteValidator_14" time="0.019"/>
  <testcase name="testAbaNumberCheck_31007_good" classname="com.cardatechnologies.utils.validators.abaroutevalidator.Test_AbaRouteValidator_14" time="0.018"/>
  <testcase name="testAbaNumberCheck_30031_good" classname="com.cardatechnologies.utils.validators.abaroutevalidator.Test_AbaRouteValidator_14" time="0.018"/>
  <testcase name="testAbaNumberCheck_32443_good" classname="com.cardatechnologies.utils.validators.abaroutevalidator.Test_AbaRouteValidator_14" time="0.018"/>
  <testcase name="testAbaNumberCheck_31503_good" classname="com.cardatechnologies.utils.validators.abaroutevalidator.Test_AbaRouteValidator_14" time="0.017"/>
  <testcase name="testAbaNumberCheck_32317_good" classname="com.cardatechnologies.utils.validators.abaroutevalidator.Test_AbaRouteValidator_14" time="0.018"/>
  <testcase name="testAbaNumberCheck_32281_good" classname="com.cardatechnologies.utils.validators.abaroutevalidator.Test_AbaRouteValidator_14" time="0.018"/>
  <testcase name="testAbaNumberCheck_31341_good" classname="com.cardatechnologies.utils.validators.abaroutevalidator.Test_AbaRouteValidator_14" time="0.017"/>
  <testcase name="testAbaNumberCheck_30401_good" classname="com.cardatechnologies.utils.validators.abaroutevalidator.Test_AbaRouteValidator_14" time="0.029"/>
  <testcase name="testAbaNumberCheck_32155_good" classname="com.cardatechnologies.utils.validators.abaroutevalidator.Test_AbaRouteValidator_14" time="0.024"/>
  <testcase name="testAbaNumberCheck_31880_bad" classname="com.cardatechnologies.utils.validators.abaroutevalidator.Test_AbaRouteValidator_14" time="0.018"/>
  <testcase name="testAbaNumberCheck_31215_good" classname="com.cardatechnologies.utils.validators.abaroutevalidator.Test_AbaRouteValidator_14" time="0.018"/>
  <testcase name="testAbaNumberCheck_31882_bad" classname="com.cardatechnologies.utils.validators.abaroutevalidator.Test_AbaRouteValidator_14" time="0.021"/>
  <testcase name="testAbaNumberCheck_31884_bad" classname="com.cardatechnologies.utils.validators.abaroutevalidator.Test_AbaRouteValidator_14" time="0.018"/>
  <testcase name="testAbaNumberCheck_32029_good" classname="com.cardatechnologies.utils.validators.abaroutevalidator.Test_AbaRouteValidator_14" time="0.019"/>
  <testcase name="testAbaNumberCheck_31886_bad" classname="com.cardatechnologies.utils.validators.abaroutevalidator.Test_AbaRouteValidator_14" time="0.017"/>
  <testcase name="testAbaNumberCheck_31053_good" classname="com.cardatechnologies.utils.validators.abaroutevalidator.Test_AbaRouteValidator_14" time="0.019"/>
  <testcase name="testAbaNumberCheck_31888_bad" classname="com.cardatechnologies.utils.validators.abaroutevalidator.Test_AbaRouteValidator_14" time="0.018"/>
  <testcase name="testAbaNumberCheck_30113_good" classname="com.cardatechnologies.utils.validators.abaroutevalidator.Test_AbaRouteValidator_14" time="0.018"/>
  <testcase name="testAbaNumberCheck_31711_good" classname="com.cardatechnologies.utils.validators.abaroutevalidator.Test_AbaRouteValidator_14" time="0.018"/>
  <testcase name="testAbaNumberCheck_32363_good" classname="com.cardatechnologies.utils.validators.abaroutevalidator.Test_AbaRouteValidator_14" time="0.018"/>
  <testcase name="testAbaNumberCheck_31423_good" classname="com.cardatechnologies.utils.validators.abaroutevalidator.Test_AbaRouteValidator_14" time="0.018"/>
  <testcase name="testAbaNumberCheck_32237_good" classname="com.cardatechnologies.utils.validators.abaroutevalidator.Test_AbaRouteValidator_14" time="0.018"/>
  <testcase name="testAbaNumberCheck_31261_good" classname="com.cardatechnologies.utils.validators.abaroutevalidator.Test_AbaRouteValidator_14" time="0.018"/>
  <testcase name="testAbaNumberCheck_30321_good" classname="com.cardatechnologies.utils.validators.abaroutevalidator.Test_AbaRouteValidator_14" time="0.017"/>
  <testcase name="testAbaNumberCheck_31890_bad" classname="com.cardatechnologies.utils.validators.abaroutevalidator.Test_AbaRouteValidator_14" time="0.019"/>
  <testcase name="testAbaNumberCheck_31892_bad" classname="com.cardatechnologies.utils.validators.abaroutevalidator.Test_AbaRouteValidator_14" time="0.017"/>
  <testcase name="testAbaNumberCheck_32075_good" classname="com.cardatechnologies.utils.validators.abaroutevalidator.Test_AbaRouteValidator_14" time="0.019"/>
  <testcase name="testAbaNumberCheck_31135_good" classname="com.cardatechnologies.utils.validators.abaroutevalidator.Test_AbaRouteValidator_14" time="0.018"/>
  <testcase name="testAbaNumberCheck_31894_bad" classname="com.cardatechnologies.utils.validators.abaroutevalidator.Test_AbaRouteValidator_14" time="0.018"/>
  <testcase name="testAbaNumberCheck_31896_bad" classname="com.cardatechnologies.utils.validators.abaroutevalidator.Test_AbaRouteValidator_14" time="0.019"/>
  <testcase name="testAbaNumberCheck_31898_bad" classname="com.cardatechnologies.utils.validators.abaroutevalidator.Test_AbaRouteValidator_14" time="0.018"/>
  <testcase name="testAbaNumberCheck_31009_good" classname="com.cardatechnologies.utils.validators.abaroutevalidator.Test_AbaRouteValidator_14" time="0.016"/>
  <testcase name="testAbaNumberCheck_30033_good" classname="com.cardatechnologies.utils.validators.abaroutevalidator.Test_AbaRouteValidator_14" time="0.019"/>
  <testcase name="testAbaNumberCheck_31631_good" classname="com.cardatechnologies.utils.validators.abaroutevalidator.Test_AbaRouteValidator_14" time="0.019"/>
  <testcase name="testAbaNumberCheck_32445_good" classname="com.cardatechnologies.utils.validators.abaroutevalidator.Test_AbaRouteValidator_14" time="0.02"/>
  <testcase name="testAbaNumberCheck_31505_good" classname="com.cardatechnologies.utils.validators.abaroutevalidator.Test_AbaRouteValidator_14" time="0.033"/>
  <testcase name="testAbaNumberCheck_32319_good" classname="com.cardatechnologies.utils.validators.abaroutevalidator.Test_AbaRouteValidator_14" time="0.022"/>
  <testcase name="testAbaNumberCheck_32283_good" classname="com.cardatechnologies.utils.validators.abaroutevalidator.Test_AbaRouteValidator_14" time="0.022"/>
  <testcase name="testAbaNumberCheck_31343_good" classname="com.cardatechnologies.utils.validators.abaroutevalidator.Test_AbaRouteValidator_14" time="0.02"/>
  <testcase name="testAbaNumberCheck_30403_good" classname="com.cardatechnologies.utils.validators.abaroutevalidator.Test_AbaRouteValidator_14" time="0.021"/>
  <testcase name="testAbaNumberCheck_32157_good" classname="com.cardatechnologies.utils.validators.abaroutevalidator.Test_AbaRouteValidator_14" time="0.021"/>
  <testcase name="testAbaNumberCheck_31217_good" classname="com.cardatechnologies.utils.validators.abaroutevalidator.Test_AbaRouteValidator_14" time="0.019"/>
  <testcase name="testAbaNumberCheck_31181_good" classname="com.cardatechnologies.utils.validators.abaroutevalidator.Test_AbaRouteValidator_14" time="0.021"/>
  <testcase name="testAbaNumberCheck_30241_good" classname="com.cardatechnologies.utils.validators.abaroutevalidator.Test_AbaRouteValidator_14" time="0.021"/>
  <testcase name="testAbaNumberCheck_31055_good" classname="com.cardatechnologies.utils.validators.abaroutevalidator.Test_AbaRouteValidator_14" time="0.02"/>
  <testcase name="testAbaNumberCheck_30115_good" classname="com.cardatechnologies.utils.validators.abaroutevalidator.Test_AbaRouteValidator_14" time="0.022"/>
  <testcase name="testAbaNumberCheck_31713_good" classname="com.cardatechnologies.utils.validators.abaroutevalidator.Test_AbaRouteValidator_14" time="0.021"/>
  <testcase name="testAbaNumberCheck_32491_good" classname="com.cardatechnologies.utils.validators.abaroutevalidator.Test_AbaRouteValidator_14" time="0.027"/>
  <testcase name="testAbaNumberCheck_31551_good" classname="com.cardatechnologies.utils.validators.abaroutevalidator.Test_AbaRouteValidator_14" time="0.019"/>
  <testcase name="testAbaNumberCheck_30611_good" classname="com.cardatechnologies.utils.validators.abaroutevalidator.Test_AbaRouteValidator_14" time="0.017"/>
  <testcase name="testAbaNumberCheck_32365_good" classname="com.cardatechnologies.utils.validators.abaroutevalidator.Test_AbaRouteValidator_14" time="0.019"/>
  <testcase name="testAbaNumberCheck_31425_good" classname="com.cardatechnologies.utils.validators.abaroutevalidator.Test_AbaRouteValidator_14" time="0.018"/>
  <testcase name="testAbaNumberCheck_32239_good" classname="com.cardatechnologies.utils.validators.abaroutevalidator.Test_AbaRouteValidator_14" time="0.02"/>
  <testcase name="testAbaNumberCheck_31263_good" classname="com.cardatechnologies.utils.validators.abaroutevalidator.Test_AbaRouteValidator_14" time="0.017"/>
  <testcase name="testAbaNumberCheck_30323_good" classname="com.cardatechnologies.utils.validators.abaroutevalidator.Test_AbaRouteValidator_14" time="0.018"/>
  <testcase name="testAbaNumberCheck_31921_good" classname="com.cardatechnologies.utils.validators.abaroutevalidator.Test_AbaRouteValidator_14" time="0.018"/>
  <testcase name="testAbaNumberCheck_32077_good" classname="com.cardatechnologies.utils.validators.abaroutevalidator.Test_AbaRouteValidator_14" time="0.017"/>
  <testcase name="testAbaNumberCheck_31137_good" classname="com.cardatechnologies.utils.validators.abaroutevalidator.Test_AbaRouteValidator_14" time="0.019"/>
  <testcase name="testAbaNumberCheck_30161_good" classname="com.cardatechnologies.utils.validators.abaroutevalidator.Test_AbaRouteValidator_14" time="0.017"/>
  <testcase name="testAbaNumberCheck_30035_good" classname="com.cardatechnologies.utils.validators.abaroutevalidator.Test_AbaRouteValidator_14" time="0.019"/>
  <testcase name="testAbaNumberCheck_31633_good" classname="com.cardatechnologies.utils.validators.abaroutevalidator.Test_AbaRouteValidator_14" time="0.017"/>
  <testcase name="testAbaNumberCheck_32447_good" classname="com.cardatechnologies.utils.validators.abaroutevalidator.Test_AbaRouteValidator_14" time="0.028"/>
  <testcase name="testAbaNumberCheck_31507_good" classname="com.cardatechnologies.utils.validators.abaroutevalidator.Test_AbaRouteValidator_14" time="0.021"/>
  <testcase name="testAbaNumberCheck_31471_good" classname="com.cardatechnologies.utils.validators.abaroutevalidator.Test_AbaRouteValidator_14" time="0.018"/>
  <testcase name="testAbaNumberCheck_30531_good" classname="com.cardatechnologies.utils.validators.abaroutevalidator.Test_AbaRouteValidator_14" time="0.019"/>
  <testcase name="testAbaNumberCheck_32285_good" classname="com.cardatechnologies.utils.validators.abaroutevalidator.Test_AbaRouteValidator_14" time="0.019"/>
  <testcase name="testAbaNumberCheck_31345_good" classname="com.cardatechnologies.utils.validators.abaroutevalidator.Test_AbaRouteValidator_14" time="0.017"/>
  <testcase name="testAbaNumberCheck_30405_good" classname="com.cardatechnologies.utils.validators.abaroutevalidator.Test_AbaRouteValidator_14" time="0.018"/>
  <testcase name="testAbaNumberCheck_32159_good" classname="com.cardatechnologies.utils.validators.abaroutevalidator.Test_AbaRouteValidator_14" time="0.018"/>
  <testcase name="testAbaNumberCheck_31219_good" classname="com.cardatechnologies.utils.validators.abaroutevalidator.Test_AbaRouteValidator_14" time="0.017"/>
  <testcase name="testAbaNumberCheck_31183_good" classname="com.cardatechnologies.utils.validators.abaroutevalidator.Test_AbaRouteValidator_14" time="0.018"/>
  <testcase name="testAbaNumberCheck_30243_good" classname="com.cardatechnologies.utils.validators.abaroutevalidator.Test_AbaRouteValidator_14" time="0.018"/>
  <testcase name="testAbaNumberCheck_31841_good" classname="com.cardatechnologies.utils.validators.abaroutevalidator.Test_AbaRouteValidator_14" time="0.018"/>
  <testcase name="testAbaNumberCheck_30901_good" classname="com.cardatechnologies.utils.validators.abaroutevalidator.Test_AbaRouteValidator_14" time="0.018"/>
  <testcase name="testAbaNumberCheck_31057_good" classname="com.cardatechnologies.utils.validators.abaroutevalidator.Test_AbaRouteValidator_14" time="0.018"/>
  <testcase name="testAbaNumberCheck_30117_good" classname="com.cardatechnologies.utils.validators.abaroutevalidator.Test_AbaRouteValidator_14" time="0.018"/>
  <testcase name="testAbaNumberCheck_31715_good" classname="com.cardatechnologies.utils.validators.abaroutevalidator.Test_AbaRouteValidator_14" time="0.018"/>
  <testcase name="testAbaNumberCheck_30081_good" classname="com.cardatechnologies.utils.validators.abaroutevalidator.Test_AbaRouteValidator_14" time="0.017"/>
  <testcase name="testAbaNumberCheck_32493_good" classname="com.cardatechnologies.utils.validators.abaroutevalidator.Test_AbaRouteValidator_14" time="0.018"/>
  <testcase name="testAbaNumberCheck_31553_good" classname="com.cardatechnologies.utils.validators.abaroutevalidator.Test_AbaRouteValidator_14" time="0.018"/>
  <testcase name="testAbaNumberCheck_30613_good" classname="com.cardatechnologies.utils.validators.abaroutevalidator.Test_AbaRouteValidator_14" time="0.018"/>
  <testcase name="testAbaNumberCheck_32367_good" classname="com.cardatechnologies.utils.validators.abaroutevalidator.Test_AbaRouteValidator_14" time="0.017"/>
  <testcase name="testAbaNumberCheck_31427_good" classname="com.cardatechnologies.utils.validators.abaroutevalidator.Test_AbaRouteValidator_14" time="0.021"/>
  <testcase name="testAbaNumberCheck_31391_good" classname="com.cardatechnologies.utils.validators.abaroutevalidator.Test_AbaRouteValidator_14" time="0.018"/>
  <testcase name="testAbaNumberCheck_30451_good" classname="com.cardatechnologies.utils.validators.abaroutevalidator.Test_AbaRouteValidator_14" time="0.019"/>
  <testcase name="testAbaNumberCheck_31265_good" classname="com.cardatechnologies.utils.validators.abaroutevalidator.Test_AbaRouteValidator_14" time="0.017"/>
  <testcase name="testAbaNumberCheck_30325_good" classname="com.cardatechnologies.utils.validators.abaroutevalidator.Test_AbaRouteValidator_14" time="0.018"/>
  <testcase name="testAbaNumberCheck_31923_good" classname="com.cardatechnologies.utils.validators.abaroutevalidator.Test_AbaRouteValidator_14" time="0.018"/>
  <testcase name="testAbaNumberCheck_32079_good" classname="com.cardatechnologies.utils.validators.abaroutevalidator.Test_AbaRouteValidator_14" time="0.018"/>
  <testcase name="testAbaNumberCheck_31139_good" classname="com.cardatechnologies.utils.validators.abaroutevalidator.Test_AbaRouteValidator_14" time="0.025"/>
  <testcase name="testAbaNumberCheck_30163_good" classname="com.cardatechnologies.utils.validators.abaroutevalidator.Test_AbaRouteValidator_14" time="0.025"/>
  <testcase name="testAbaNumberCheck_31761_good" classname="com.cardatechnologies.utils.validators.abaroutevalidator.Test_AbaRouteValidator_14" time="0.017"/>
  <testcase name="testAbaNumberCheck_30821_good" classname="com.cardatechnologies.utils.validators.abaroutevalidator.Test_AbaRouteValidator_14" time="0.018"/>
  <testcase name="testAbaNumberCheck_30037_good" classname="com.cardatechnologies.utils.validators.abaroutevalidator.Test_AbaRouteValidator_14" time="0.019"/>
  <testcase name="testAbaNumberCheck_31635_good" classname="com.cardatechnologies.utils.validators.abaroutevalidator.Test_AbaRouteValidator_14" time="0.019"/>
  <testcase name="testAbaNumberCheck_32449_good" classname="com.cardatechnologies.utils.validators.abaroutevalidator.Test_AbaRouteValidator_14" time="0.018"/>
  <testcase name="testAbaNumberCheck_31509_good" classname="com.cardatechnologies.utils.validators.abaroutevalidator.Test_AbaRouteValidator_14" time="0.017"/>
  <testcase name="testAbaNumberCheck_31473_good" classname="com.cardatechnologies.utils.validators.abaroutevalidator.Test_AbaRouteValidator_14" time="0.019"/>
  <testcase name="testAbaNumberCheck_30533_good" classname="com.cardatechnologies.utils.validators.abaroutevalidator.Test_AbaRouteValidator_14" time="0.018"/>
  <testcase name="testAbaNumberCheck_32287_good" classname="com.cardatechnologies.utils.validators.abaroutevalidator.Test_AbaRouteValidator_14" time="0.018"/>
  <testcase name="testAbaNumberCheck_31347_good" classname="com.cardatechnologies.utils.validators.abaroutevalidator.Test_AbaRouteValidator_14" time="0.018"/>
  <testcase name="testAbaNumberCheck_30407_good" classname="com.cardatechnologies.utils.validators.abaroutevalidator.Test_AbaRouteValidator_14" time="0.017"/>
  <testcase name="testAbaNumberCheck_30371_good" classname="com.cardatechnologies.utils.validators.abaroutevalidator.Test_AbaRouteValidator_14" time="0.018"/>
  <testcase name="testAbaNumberCheck_31185_good" classname="com.cardatechnologies.utils.validators.abaroutevalidator.Test_AbaRouteValidator_14" time="0.018"/>
  <testcase name="testAbaNumberCheck_30245_good" classname="com.cardatechnologies.utils.validators.abaroutevalidator.Test_AbaRouteValidator_14" time="0.018"/>
  <testcase name="testAbaNumberCheck_31843_good" classname="com.cardatechnologies.utils.validators.abaroutevalidator.Test_AbaRouteValidator_14" time="0.017"/>
  <testcase name="testAbaNumberCheck_30903_good" classname="com.cardatechnologies.utils.validators.abaroutevalidator.Test_AbaRouteValidator_14" time="0.019"/>
  <testcase name="testAbaNumberCheck_31059_good" classname="com.cardatechnologies.utils.validators.abaroutevalidator.Test_AbaRouteValidator_14" time="0.8"/>
  <testcase name="testAbaNumberCheck_30119_good" classname="com.cardatechnologies.utils.validators.abaroutevalidator.Test_AbaRouteValidator_14" time="0.032"/>
  <testcase name="testAbaNumberCheck_31717_good" classname="com.cardatechnologies.utils.validators.abaroutevalidator.Test_AbaRouteValidator_14" time="0.023"/>
  <testcase name="testAbaNumberCheck_30083_good" classname="com.cardatechnologies.utils.validators.abaroutevalidator.Test_AbaRouteValidator_14" time="0.022"/>
  <testcase name="testAbaNumberCheck_31681_good" classname="com.cardatechnologies.utils.validators.abaroutevalidator.Test_AbaRouteValidator_14" time="0.021"/>
  <testcase name="testAbaNumberCheck_30741_good" classname="com.cardatechnologies.utils.validators.abaroutevalidator.Test_AbaRouteValidator_14" time="0.027"/>
  <testcase name="testAbaNumberCheck_32495_good" classname="com.cardatechnologies.utils.validators.abaroutevalidator.Test_AbaRouteValidator_14" time="0.018"/>
  <testcase name="testAbaNumberCheck_31555_good" classname="com.cardatechnologies.utils.validators.abaroutevalidator.Test_AbaRouteValidator_14" time="0.018"/>
  <testcase name="testAbaNumberCheck_30615_good" classname="com.cardatechnologies.utils.validators.abaroutevalidator.Test_AbaRouteValidator_14" time="0.018"/>
  <testcase name="testAbaNumberCheck_32369_good" classname="com.cardatechnologies.utils.validators.abaroutevalidator.Test_AbaRouteValidator_14" time="0.02"/>
  <testcase name="testAbaNumberCheck_31429_good" classname="com.cardatechnologies.utils.validators.abaroutevalidator.Test_AbaRouteValidator_14" time="0.018"/>
  <testcase name="testAbaNumberCheck_31393_good" classname="com.cardatechnologies.utils.validators.abaroutevalidator.Test_AbaRouteValidator_14" time="0.019"/>
  <testcase name="testAbaNumberCheck_30453_good" classname="com.cardatechnologies.utils.validators.abaroutevalidator.Test_AbaRouteValidator_14" time="0.019"/>
  <testcase name="testAbaNumberCheck_31267_good" classname="com.cardatechnologies.utils.validators.abaroutevalidator.Test_AbaRouteValidator_14" time="0.019"/>
  <testcase name="testAbaNumberCheck_30327_good" classname="com.cardatechnologies.utils.validators.abaroutevalidator.Test_AbaRouteValidator_14" time="0.018"/>
  <testcase name="testAbaNumberCheck_31925_good" classname="com.cardatechnologies.utils.validators.abaroutevalidator.Test_AbaRouteValidator_14" time="0.019"/>
  <testcase name="testAbaNumberCheck_30291_good" classname="com.cardatechnologies.utils.validators.abaroutevalidator.Test_AbaRouteValidator_14" time="0.019"/>
  <testcase name="testAbaNumberCheck_30165_good" classname="com.cardatechnologies.utils.validators.abaroutevalidator.Test_AbaRouteValidator_14" time="0.018"/>
  <testcase name="testAbaNumberCheck_31763_good" classname="com.cardatechnologies.utils.validators.abaroutevalidator.Test_AbaRouteValidator_14" time="0.019"/>
  <testcase name="testAbaNumberCheck_30823_good" classname="com.cardatechnologies.utils.validators.abaroutevalidator.Test_AbaRouteValidator_14" time="0.018"/>
  <testcase name="testAbaNumberCheck_30039_good" classname="com.cardatechnologies.utils.validators.abaroutevalidator.Test_AbaRouteValidator_14" time="0.018"/>
  <testcase name="testAbaNumberCheck_31637_good" classname="com.cardatechnologies.utils.validators.abaroutevalidator.Test_AbaRouteValidator_14" time="0.02"/>
  <testcase name="testAbaNumberCheck_30661_good" classname="com.cardatechnologies.utils.validators.abaroutevalidator.Test_AbaRouteValidator_14" time="0.019"/>
  <testcase name="testAbaNumberCheck_31475_good" classname="com.cardatechnologies.utils.validators.abaroutevalidator.Test_AbaRouteValidator_14" time="0.02"/>
  <testcase name="testAbaNumberCheck_30535_good" classname="com.cardatechnologies.utils.validators.abaroutevalidator.Test_AbaRouteValidator_14" time="0.019"/>
  <testcase name="testAbaNumberCheck_32289_good" classname="com.cardatechnologies.utils.validators.abaroutevalidator.Test_AbaRouteValidator_14" time="0.022"/>
  <testcase name="testAbaNumberCheck_31349_good" classname="com.cardatechnologies.utils.validators.abaroutevalidator.Test_AbaRouteValidator_14" time="0.026"/>
  <testcase name="testAbaNumberCheck_30409_good" classname="com.cardatechnologies.utils.validators.abaroutevalidator.Test_AbaRouteValidator_14" time="0.027"/>
  <testcase name="testAbaNumberCheck_30373_good" classname="com.cardatechnologies.utils.validators.abaroutevalidator.Test_AbaRouteValidator_14" time="0.018"/>
  <testcase name="testAbaNumberCheck_31971_good" classname="com.cardatechnologies.utils.validators.abaroutevalidator.Test_AbaRouteValidator_14" time="0.019"/>
  <testcase name="testAbaNumberCheck_31187_good" classname="com.cardatechnologies.utils.validators.abaroutevalidator.Test_AbaRouteValidator_14" time="0.019"/>
  <testcase name="testAbaNumberCheck_30247_good" classname="com.cardatechnologies.utils.validators.abaroutevalidator.Test_AbaRouteValidator_14" time="0.018"/>
  <testcase name="testAbaNumberCheck_31845_good" classname="com.cardatechnologies.utils.validators.abaroutevalidator.Test_AbaRouteValidator_14" time="0.019"/>
  <testcase name="testAbaNumberCheck_30905_good" classname="com.cardatechnologies.utils.validators.abaroutevalidator.Test_AbaRouteValidator_14" time="0.019"/>
  <testcase name="testAbaNumberCheck_31719_good" classname="com.cardatechnologies.utils.validators.abaroutevalidator.Test_AbaRouteValidator_14" time="0.019"/>
  <testcase name="testAbaNumberCheck_30085_good" classname="com.cardatechnologies.utils.validators.abaroutevalidator.Test_AbaRouteValidator_14" time="0.02"/>
  <testcase name="testAbaNumberCheck_31683_good" classname="com.cardatechnologies.utils.validators.abaroutevalidator.Test_AbaRouteValidator_14" time="0.023"/>
  <testcase name="testAbaNumberCheck_30743_good" classname="com.cardatechnologies.utils.validators.abaroutevalidator.Test_AbaRouteValidator_14" time="0.023"/>
  <testcase name="testAbaNumberCheck_32497_good" classname="com.cardatechnologies.utils.validators.abaroutevalidator.Test_AbaRouteValidator_14" time="0.023"/>
  <testcase name="testAbaNumberCheck_31557_good" classname="com.cardatechnologies.utils.validators.abaroutevalidator.Test_AbaRouteValidator_14" time="0.023"/>
  <testcase name="testAbaNumberCheck_30617_good" classname="com.cardatechnologies.utils.validators.abaroutevalidator.Test_AbaRouteValidator_14" time="0.023"/>
  <testcase name="testAbaNumberCheck_30581_good" classname="com.cardatechnologies.utils.validators.abaroutevalidator.Test_AbaRouteValidator_14" time="0.02"/>
  <testcase name="testAbaNumberCheck_31395_good" classname="com.cardatechnologies.utils.validators.abaroutevalidator.Test_AbaRouteValidator_14" time="0.018"/>
  <testcase name="testAbaNumberCheck_30455_good" classname="com.cardatechnologies.utils.validators.abaroutevalidator.Test_AbaRouteValidator_14" time="0.018"/>
  <testcase name="testAbaNumberCheck_31269_good" classname="com.cardatechnologies.utils.validators.abaroutevalidator.Test_AbaRouteValidator_14" time="0.018"/>
  <testcase name="testAbaNumberCheck_30329_good" classname="com.cardatechnologies.utils.validators.abaroutevalidator.Test_AbaRouteValidator_14" time="0.018"/>
  <testcase name="testAbaNumberCheck_31927_good" classname="com.cardatechnologies.utils.validators.abaroutevalidator.Test_AbaRouteValidator_14" time="0.018"/>
  <testcase name="testAbaNumberCheck_30293_good" classname="com.cardatechnologies.utils.validators.abaroutevalidator.Test_AbaRouteValidator_14" time="0.017"/>
  <testcase name="testAbaNumberCheck_31891_good" classname="com.cardatechnologies.utils.validators.abaroutevalidator.Test_AbaRouteValidator_14" time="0.018"/>
  <testcase name="testAbaNumberCheck_30951_good" classname="com.cardatechnologies.utils.validators.abaroutevalidator.Test_AbaRouteValidator_14" time="0.017"/>
  <testcase name="testAbaNumberCheck_30167_good" classname="com.cardatechnologies.utils.validators.abaroutevalidator.Test_AbaRouteValidator_14" time="0.018"/>
  <testcase name="testAbaNumberCheck_31765_good" classname="com.cardatechnologies.utils.validators.abaroutevalidator.Test_AbaRouteValidator_14" time="0.017"/>
  <testcase name="testAbaNumberCheck_30825_good" classname="com.cardatechnologies.utils.validators.abaroutevalidator.Test_AbaRouteValidator_14" time="0.018"/>
  <testcase name="testAbaNumberCheck_31639_good" classname="com.cardatechnologies.utils.validators.abaroutevalidator.Test_AbaRouteValidator_14" time="0.032"/>
  <testcase name="testAbaNumberCheck_30663_good" classname="com.cardatechnologies.utils.validators.abaroutevalidator.Test_AbaRouteValidator_14" time="0.02"/>
  <testcase name="testAbaNumberCheck_31477_good" classname="com.cardatechnologies.utils.validators.abaroutevalidator.Test_AbaRouteValidator_14" time="0.018"/>
  <testcase name="testAbaNumberCheck_30537_good" classname="com.cardatechnologies.utils.validators.abaroutevalidator.Test_AbaRouteValidator_14" time="0.018"/>
  <testcase name="testAbaNumberCheck_30375_good" classname="com.cardatechnologies.utils.validators.abaroutevalidator.Test_AbaRouteValidator_14" time="0.017"/>
  <testcase name="testAbaNumberCheck_31973_good" classname="com.cardatechnologies.utils.validators.abaroutevalidator.Test_AbaRouteValidator_14" time="0.018"/>
  <testcase name="testAbaNumberCheck_31189_good" classname="com.cardatechnologies.utils.validators.abaroutevalidator.Test_AbaRouteValidator_14" time="0.018"/>
  <testcase name="testAbaNumberCheck_30249_good" classname="com.cardatechnologies.utils.validators.abaroutevalidator.Test_AbaRouteValidator_14" time="0.019"/>
  <testcase name="testAbaNumberCheck_31847_good" classname="com.cardatechnologies.utils.validators.abaroutevalidator.Test_AbaRouteValidator_14" time="0.021"/>
  <testcase name="testAbaNumberCheck_30907_good" classname="com.cardatechnologies.utils.validators.abaroutevalidator.Test_AbaRouteValidator_14" time="0.019"/>
  <testcase name="testAbaNumberCheck_30871_good" classname="com.cardatechnologies.utils.validators.abaroutevalidator.Test_AbaRouteValidator_14" time="0.02"/>
  <testcase name="testAbaNumberCheck_30087_good" classname="com.cardatechnologies.utils.validators.abaroutevalidator.Test_AbaRouteValidator_14" time="0.02"/>
  <testcase name="testAbaNumberCheck_31685_good" classname="com.cardatechnologies.utils.validators.abaroutevalidator.Test_AbaRouteValidator_14" time="0.021"/>
  <testcase name="testAbaNumberCheck_30745_good" classname="com.cardatechnologies.utils.validators.abaroutevalidator.Test_AbaRouteValidator_14" time="0.022"/>
  <testcase name="testAbaNumberCheck_32499_good" classname="com.cardatechnologies.utils.validators.abaroutevalidator.Test_AbaRouteValidator_14" time="0.019"/>
  <testcase name="testAbaNumberCheck_31559_good" classname="com.cardatechnologies.utils.validators.abaroutevalidator.Test_AbaRouteValidator_14" time="0.02"/>
  <testcase name="testAbaNumberCheck_30619_good" classname="com.cardatechnologies.utils.validators.abaroutevalidator.Test_AbaRouteValidator_14" time="0.02"/>
  <testcase name="testAbaNumberCheck_30583_good" classname="com.cardatechnologies.utils.validators.abaroutevalidator.Test_AbaRouteValidator_14" time="0.021"/>
  <testcase name="testAbaNumberCheck_31397_good" classname="com.cardatechnologies.utils.validators.abaroutevalidator.Test_AbaRouteValidator_14" time="0.022"/>
  <testcase name="testAbaNumberCheck_30457_good" classname="com.cardatechnologies.utils.validators.abaroutevalidator.Test_AbaRouteValidator_14" time="0.021"/>
  <testcase name="testAbaNumberCheck_31929_good" classname="com.cardatechnologies.utils.validators.abaroutevalidator.Test_AbaRouteValidator_14" time="0.022"/>
  <testcase name="testAbaNumberCheck_30295_good" classname="com.cardatechnologies.utils.validators.abaroutevalidator.Test_AbaRouteValidator_14" time="0.024"/>
  <testcase name="testAbaNumberCheck_31893_good" classname="com.cardatechnologies.utils.validators.abaroutevalidator.Test_AbaRouteValidator_14" time="0.023"/>
  <testcase name="testAbaNumberCheck_30953_good" classname="com.cardatechnologies.utils.validators.abaroutevalidator.Test_AbaRouteValidator_14" time="0.021"/>
  <testcase name="testAbaNumberCheck_30169_good" classname="com.cardatechnologies.utils.validators.abaroutevalidator.Test_AbaRouteValidator_14" time="0.023"/>
  <testcase name="testAbaNumberCheck_31767_good" classname="com.cardatechnologies.utils.validators.abaroutevalidator.Test_AbaRouteValidator_14" time="0.029"/>
  <testcase name="testAbaNumberCheck_30827_good" classname="com.cardatechnologies.utils.validators.abaroutevalidator.Test_AbaRouteValidator_14" time="0.025"/>
  <testcase name="testAbaNumberCheck_30791_good" classname="com.cardatechnologies.utils.validators.abaroutevalidator.Test_AbaRouteValidator_14" time="0.019"/>
  <testcase name="testAbaNumberCheck_30665_good" classname="com.cardatechnologies.utils.validators.abaroutevalidator.Test_AbaRouteValidator_14" time="0.019"/>
  <testcase name="testAbaNumberCheck_31479_good" classname="com.cardatechnologies.utils.validators.abaroutevalidator.Test_AbaRouteValidator_14" time="0.018"/>
  <testcase name="testAbaNumberCheck_30539_good" classname="com.cardatechnologies.utils.validators.abaroutevalidator.Test_AbaRouteValidator_14" time="0.019"/>
  <testcase name="testAbaNumberCheck_30377_good" classname="com.cardatechnologies.utils.validators.abaroutevalidator.Test_AbaRouteValidator_14" time="0.019"/>
  <testcase name="testAbaNumberCheck_31975_good" classname="com.cardatechnologies.utils.validators.abaroutevalidator.Test_AbaRouteValidator_14" time="0.02"/>
  <testcase name="testAbaNumberCheck_31849_good" classname="com.cardatechnologies.utils.validators.abaroutevalidator.Test_AbaRouteValidator_14" time="0.019"/>
  <testcase name="testAbaNumberCheck_30909_good" classname="com.cardatechnologies.utils.validators.abaroutevalidator.Test_AbaRouteValidator_14" time="0.019"/>
  <testcase name="testAbaNumberCheck_30873_good" classname="com.cardatechnologies.utils.validators.abaroutevalidator.Test_AbaRouteValidator_14" time="0.019"/>
  <testcase name="testAbaNumberCheck_30089_good" classname="com.cardatechnologies.utils.validators.abaroutevalidator.Test_AbaRouteValidator_14" time="0.019"/>
  <testcase name="testAbaNumberCheck_31687_good" classname="com.cardatechnologies.utils.validators.abaroutevalidator.Test_AbaRouteValidator_14" time="0.02"/>
  <testcase name="testAbaNumberCheck_30747_good" classname="com.cardatechnologies.utils.validators.abaroutevalidator.Test_AbaRouteValidator_14" time="0.018"/>
  <testcase name="testAbaNumberCheck_30585_good" classname="com.cardatechnologies.utils.validators.abaroutevalidator.Test_AbaRouteValidator_14" time="0.018"/>
  <testcase name="testAbaNumberCheck_31399_good" classname="com.cardatechnologies.utils.validators.abaroutevalidator.Test_AbaRouteValidator_14" time="0.021"/>
  <testcase name="testAbaNumberCheck_30459_good" classname="com.cardatechnologies.utils.validators.abaroutevalidator.Test_AbaRouteValidator_14" time="0.017"/>
  <testcase name="testAbaNumberCheck_30297_good" classname="com.cardatechnologies.utils.validators.abaroutevalidator.Test_AbaRouteValidator_14" time="0.02"/>
  <testcase name="testAbaNumberCheck_31895_good" classname="com.cardatechnologies.utils.validators.abaroutevalidator.Test_AbaRouteValidator_14" time="0.018"/>
  <testcase name="testAbaNumberCheck_30955_good" classname="com.cardatechnologies.utils.validators.abaroutevalidator.Test_AbaRouteValidator_14" time="0.02"/>
  <testcase name="testAbaNumberCheck_31769_good" classname="com.cardatechnologies.utils.validators.abaroutevalidator.Test_AbaRouteValidator_14" time="0.019"/>
  <testcase name="testAbaNumberCheck_30829_good" classname="com.cardatechnologies.utils.validators.abaroutevalidator.Test_AbaRouteValidator_14" time="0.018"/>
  <testcase name="testAbaNumberCheck_30793_good" classname="com.cardatechnologies.utils.validators.abaroutevalidator.Test_AbaRouteValidator_14" time="0.019"/>
  <testcase name="testAbaNumberCheck_30667_good" classname="com.cardatechnologies.utils.validators.abaroutevalidator.Test_AbaRouteValidator_14" time="0.018"/>
  <testcase name="testAbaNumberCheck_30379_good" classname="com.cardatechnologies.utils.validators.abaroutevalidator.Test_AbaRouteValidator_14" time="0.018"/>
  <testcase name="testAbaNumberCheck_31977_good" classname="com.cardatechnologies.utils.validators.abaroutevalidator.Test_AbaRouteValidator_14" time="0.019"/>
  <testcase name="testAbaNumberCheck_30100_bad" classname="com.cardatechnologies.utils.validators.abaroutevalidator.Test_AbaRouteValidator_14" time="0.018"/>
  <testcase name="testAbaNumberCheck_30102_bad" classname="com.cardatechnologies.utils.validators.abaroutevalidator.Test_AbaRouteValidator_14" time="0.028"/>
  <testcase name="testAbaNumberCheck_30104_bad" classname="com.cardatechnologies.utils.validators.abaroutevalidator.Test_AbaRouteValidator_14" time="0.024"/>
  <testcase name="testAbaNumberCheck_30875_good" classname="com.cardatechnologies.utils.validators.abaroutevalidator.Test_AbaRouteValidator_14" time="0.018"/>
  <testcase name="testAbaNumberCheck_30106_bad" classname="com.cardatechnologies.utils.validators.abaroutevalidator.Test_AbaRouteValidator_14" time="0.018"/>
  <testcase name="testAbaNumberCheck_30108_bad" classname="com.cardatechnologies.utils.validators.abaroutevalidator.Test_AbaRouteValidator_14" time="0.019"/>
  <testcase name="testAbaNumberCheck_31689_good" classname="com.cardatechnologies.utils.validators.abaroutevalidator.Test_AbaRouteValidator_14" time="0.018"/>
  <testcase name="testAbaNumberCheck_30749_good" classname="com.cardatechnologies.utils.validators.abaroutevalidator.Test_AbaRouteValidator_14" time="0.018"/>
  <testcase name="testAbaNumberCheck_30587_good" classname="com.cardatechnologies.utils.validators.abaroutevalidator.Test_AbaRouteValidator_14" time="0.018"/>
  <testcase name="testAbaNumberCheck_30299_good" classname="com.cardatechnologies.utils.validators.abaroutevalidator.Test_AbaRouteValidator_14" time="0.018"/>
  <testcase name="testAbaNumberCheck_30110_bad" classname="com.cardatechnologies.utils.validators.abaroutevalidator.Test_AbaRouteValidator_14" time="0.018"/>
  <testcase name="testAbaNumberCheck_31897_good" classname="com.cardatechnologies.utils.validators.abaroutevalidator.Test_AbaRouteValidator_14" time="0.018"/>
  <testcase name="testAbaNumberCheck_30957_good" classname="com.cardatechnologies.utils.validators.abaroutevalidator.Test_AbaRouteValidator_14" time="0.018"/>
  <testcase name="testAbaNumberCheck_30112_bad" classname="com.cardatechnologies.utils.validators.abaroutevalidator.Test_AbaRouteValidator_14" time="0.018"/>
  <testcase name="testAbaNumberCheck_30114_bad" classname="com.cardatechnologies.utils.validators.abaroutevalidator.Test_AbaRouteValidator_14" time="0.019"/>
  <testcase name="testAbaNumberCheck_30116_bad" classname="com.cardatechnologies.utils.validators.abaroutevalidator.Test_AbaRouteValidator_14" time="0.018"/>
  <testcase name="testAbaNumberCheck_30118_bad" classname="com.cardatechnologies.utils.validators.abaroutevalidator.Test_AbaRouteValidator_14" time="0.018"/>
  <testcase name="testAbaNumberCheck_30795_good" classname="com.cardatechnologies.utils.validators.abaroutevalidator.Test_AbaRouteValidator_14" time="0.019"/>
  <testcase name="testAbaNumberCheck_30669_good" classname="com.cardatechnologies.utils.validators.abaroutevalidator.Test_AbaRouteValidator_14" time="0.021"/>
  <testcase name="testAbaNumberCheck_31979_good" classname="com.cardatechnologies.utils.validators.abaroutevalidator.Test_AbaRouteValidator_14" time="0.018"/>
  <testcase name="testAbaNumberCheck_30120_bad" classname="com.cardatechnologies.utils.validators.abaroutevalidator.Test_AbaRouteValidator_14" time="0.017"/>
  <testcase name="testAbaNumberCheck_30122_bad" classname="com.cardatechnologies.utils.validators.abaroutevalidator.Test_AbaRouteValidator_14" time="0.019"/>
  <testcase name="testAbaNumberCheck_30124_bad" classname="com.cardatechnologies.utils.validators.abaroutevalidator.Test_AbaRouteValidator_14" time="0.017"/>
  <testcase name="testAbaNumberCheck_30877_good" classname="com.cardatechnologies.utils.validators.abaroutevalidator.Test_AbaRouteValidator_14" time="0.018"/>
  <testcase name="testAbaNumberCheck_30126_bad" classname="com.cardatechnologies.utils.validators.abaroutevalidator.Test_AbaRouteValidator_14" time="0.018"/>
  <testcase name="testAbaNumberCheck_30128_bad" classname="com.cardatechnologies.utils.validators.abaroutevalidator.Test_AbaRouteValidator_14" time="0.018"/>
  <testcase name="testAbaNumberCheck_30589_good" classname="com.cardatechnologies.utils.validators.abaroutevalidator.Test_AbaRouteValidator_14" time="0.018"/>
  <testcase name="testAbaNumberCheck_32200_bad" classname="com.cardatechnologies.utils.validators.abaroutevalidator.Test_AbaRouteValidator_14" time="0.018"/>
  <testcase name="testAbaNumberCheck_32202_bad" classname="com.cardatechnologies.utils.validators.abaroutevalidator.Test_AbaRouteValidator_14" time="0.017"/>
  <testcase name="testAbaNumberCheck_32204_bad" classname="com.cardatechnologies.utils.validators.abaroutevalidator.Test_AbaRouteValidator_14" time="0.032"/>
  <testcase name="testAbaNumberCheck_32206_bad" classname="com.cardatechnologies.utils.validators.abaroutevalidator.Test_AbaRouteValidator_14" time="0.023"/>
  <testcase name="testAbaNumberCheck_32208_bad" classname="com.cardatechnologies.utils.validators.abaroutevalidator.Test_AbaRouteValidator_14" time="0.025"/>
  <testcase name="testAbaNumberCheck_30130_bad" classname="com.cardatechnologies.utils.validators.abaroutevalidator.Test_AbaRouteValidator_14" time="0.023"/>
  <testcase name="testAbaNumberCheck_31899_good" classname="com.cardatechnologies.utils.validators.abaroutevalidator.Test_AbaRouteValidator_14" time="0.018"/>
  <testcase name="testAbaNumberCheck_30959_good" classname="com.cardatechnologies.utils.validators.abaroutevalidator.Test_AbaRouteValidator_14" time="0.02"/>
  <testcase name="testAbaNumberCheck_30132_bad" classname="com.cardatechnologies.utils.validators.abaroutevalidator.Test_AbaRouteValidator_14" time="0.019"/>
  <testcase name="testAbaNumberCheck_30134_bad" classname="com.cardatechnologies.utils.validators.abaroutevalidator.Test_AbaRouteValidator_14" time="0.019"/>
  <testcase name="testAbaNumberCheck_30136_bad" classname="com.cardatechnologies.utils.validators.abaroutevalidator.Test_AbaRouteValidator_14" time="0.019"/>
  <testcase name="testAbaNumberCheck_30138_bad" classname="com.cardatechnologies.utils.validators.abaroutevalidator.Test_AbaRouteValidator_14" time="0.019"/>
  <testcase name="testAbaNumberCheck_30797_good" classname="com.cardatechnologies.utils.validators.abaroutevalidator.Test_AbaRouteValidator_14" time="0.019"/>
  <testcase name="testAbaNumberCheck_32210_bad" classname="com.cardatechnologies.utils.validators.abaroutevalidator.Test_AbaRouteValidator_14" time="0.022"/>
  <testcase name="testAbaNumberCheck_32212_bad" classname="com.cardatechnologies.utils.validators.abaroutevalidator.Test_AbaRouteValidator_14" time="0.02"/>
  <testcase name="testAbaNumberCheck_31400_bad" classname="com.cardatechnologies.utils.validators.abaroutevalidator.Test_AbaRouteValidator_14" time="0.019"/>
  <testcase name="testAbaNumberCheck_32214_bad" classname="com.cardatechnologies.utils.validators.abaroutevalidator.Test_AbaRouteValidator_14" time="0.019"/>
  <testcase name="testAbaNumberCheck_31402_bad" classname="com.cardatechnologies.utils.validators.abaroutevalidator.Test_AbaRouteValidator_14" time="0.018"/>
  <testcase name="testAbaNumberCheck_32216_bad" classname="com.cardatechnologies.utils.validators.abaroutevalidator.Test_AbaRouteValidator_14" time="0.02"/>
  <testcase name="testAbaNumberCheck_31404_bad" classname="com.cardatechnologies.utils.validators.abaroutevalidator.Test_AbaRouteValidator_14" time="0.019"/>
  <testcase name="testAbaNumberCheck_32218_bad" classname="com.cardatechnologies.utils.validators.abaroutevalidator.Test_AbaRouteValidator_14" time="0.02"/>
  <testcase name="testAbaNumberCheck_30140_bad" classname="com.cardatechnologies.utils.validators.abaroutevalidator.Test_AbaRouteValidator_14" time="0.02"/>
  <testcase name="testAbaNumberCheck_31406_bad" classname="com.cardatechnologies.utils.validators.abaroutevalidator.Test_AbaRouteValidator_14" time="0.02"/>
  <testcase name="testAbaNumberCheck_30142_bad" classname="com.cardatechnologies.utils.validators.abaroutevalidator.Test_AbaRouteValidator_14" time="0.019"/>
  <testcase name="testAbaNumberCheck_31408_bad" classname="com.cardatechnologies.utils.validators.abaroutevalidator.Test_AbaRouteValidator_14" time="0.021"/>
  <testcase name="testAbaNumberCheck_30144_bad" classname="com.cardatechnologies.utils.validators.abaroutevalidator.Test_AbaRouteValidator_14" time="0.02"/>
  <testcase name="testAbaNumberCheck_30879_good" classname="com.cardatechnologies.utils.validators.abaroutevalidator.Test_AbaRouteValidator_14" time="0.02"/>
  <testcase name="testAbaNumberCheck_30146_bad" classname="com.cardatechnologies.utils.validators.abaroutevalidator.Test_AbaRouteValidator_14" time="0.023"/>
  <testcase name="testAbaNumberCheck_30148_bad" classname="com.cardatechnologies.utils.validators.abaroutevalidator.Test_AbaRouteValidator_14" time="0.028"/>
  <testcase name="testAbaNumberCheck_32220_bad" classname="com.cardatechnologies.utils.validators.abaroutevalidator.Test_AbaRouteValidator_14" time="0.02"/>
  <testcase name="testAbaNumberCheck_32222_bad" classname="com.cardatechnologies.utils.validators.abaroutevalidator.Test_AbaRouteValidator_14" time="0.019"/>
  <testcase name="testAbaNumberCheck_31410_bad" classname="com.cardatechnologies.utils.validators.abaroutevalidator.Test_AbaRouteValidator_14" time="0.019"/>
  <testcase name="testAbaNumberCheck_32224_bad" classname="com.cardatechnologies.utils.validators.abaroutevalidator.Test_AbaRouteValidator_14" time="0.019"/>
  <testcase name="testAbaNumberCheck_31412_bad" classname="com.cardatechnologies.utils.validators.abaroutevalidator.Test_AbaRouteValidator_14" time="0.019"/>
  <testcase name="testAbaNumberCheck_32226_bad" classname="com.cardatechnologies.utils.validators.abaroutevalidator.Test_AbaRouteValidator_14" time="0.018"/>
  <testcase name="testAbaNumberCheck_30600_bad" classname="com.cardatechnologies.utils.validators.abaroutevalidator.Test_AbaRouteValidator_14" time="0.018"/>
  <testcase name="testAbaNumberCheck_31414_bad" classname="com.cardatechnologies.utils.validators.abaroutevalidator.Test_AbaRouteValidator_14" time="0.018"/>
  <testcase name="testAbaNumberCheck_32228_bad" classname="com.cardatechnologies.utils.validators.abaroutevalidator.Test_AbaRouteValidator_14" time="0.017"/>
  <testcase name="testAbaNumberCheck_30150_bad" classname="com.cardatechnologies.utils.validators.abaroutevalidator.Test_AbaRouteValidator_14" time="0.019"/>
  <testcase name="testAbaNumberCheck_30602_bad" classname="com.cardatechnologies.utils.validators.abaroutevalidator.Test_AbaRouteValidator_14" time="0.018"/>
  <testcase name="testAbaNumberCheck_31416_bad" classname="com.cardatechnologies.utils.validators.abaroutevalidator.Test_AbaRouteValidator_14" time="0.018"/>
  <testcase name="testAbaNumberCheck_30152_bad" classname="com.cardatechnologies.utils.validators.abaroutevalidator.Test_AbaRouteValidator_14" time="0.017"/>
  <testcase name="testAbaNumberCheck_30604_bad" classname="com.cardatechnologies.utils.validators.abaroutevalidator.Test_AbaRouteValidator_14" time="0.018"/>
  <testcase name="testAbaNumberCheck_31418_bad" classname="com.cardatechnologies.utils.validators.abaroutevalidator.Test_AbaRouteValidator_14" time="0.018"/>
  <testcase name="testAbaNumberCheck_30154_bad" classname="com.cardatechnologies.utils.validators.abaroutevalidator.Test_AbaRouteValidator_14" time="0.017"/>
  <testcase name="testAbaNumberCheck_30606_bad" classname="com.cardatechnologies.utils.validators.abaroutevalidator.Test_AbaRouteValidator_14" time="0.019"/>
  <testcase name="testAbaNumberCheck_30156_bad" classname="com.cardatechnologies.utils.validators.abaroutevalidator.Test_AbaRouteValidator_14" time="0.018"/>
  <testcase name="testAbaNumberCheck_30608_bad" classname="com.cardatechnologies.utils.validators.abaroutevalidator.Test_AbaRouteValidator_14" time="0.019"/>
  <testcase name="testAbaNumberCheck_30158_bad" classname="com.cardatechnologies.utils.validators.abaroutevalidator.Test_AbaRouteValidator_14" time="0.018"/>
  <testcase name="testAbaNumberCheck_30799_good" classname="com.cardatechnologies.utils.validators.abaroutevalidator.Test_AbaRouteValidator_14" time="0.017"/>
  <testcase name="testAbaNumberCheck_32230_bad" classname="com.cardatechnologies.utils.validators.abaroutevalidator.Test_AbaRouteValidator_14" time="0.017"/>
  <testcase name="testAbaNumberCheck_32232_bad" classname="com.cardatechnologies.utils.validators.abaroutevalidator.Test_AbaRouteValidator_14" time="0.023"/>
  <testcase name="testAbaNumberCheck_31420_bad" classname="com.cardatechnologies.utils.validators.abaroutevalidator.Test_AbaRouteValidator_14" time="0.018"/>
  <testcase name="testAbaNumberCheck_32234_bad" classname="com.cardatechnologies.utils.validators.abaroutevalidator.Test_AbaRouteValidator_14" time="0.018"/>
  <testcase name="testAbaNumberCheck_31422_bad" classname="com.cardatechnologies.utils.validators.abaroutevalidator.Test_AbaRouteValidator_14" time="0.019"/>
  <testcase name="testAbaNumberCheck_32236_bad" classname="com.cardatechnologies.utils.validators.abaroutevalidator.Test_AbaRouteValidator_14" time="0.024"/>
  <testcase name="testAbaNumberCheck_30610_bad" classname="com.cardatechnologies.utils.validators.abaroutevalidator.Test_AbaRouteValidator_14" time="0.029"/>
  <testcase name="testAbaNumberCheck_31424_bad" classname="com.cardatechnologies.utils.validators.abaroutevalidator.Test_AbaRouteValidator_14" time="0.017"/>
  <testcase name="testAbaNumberCheck_32238_bad" classname="com.cardatechnologies.utils.validators.abaroutevalidator.Test_AbaRouteValidator_14" time="0.018"/>
  <testcase name="testAbaNumberCheck_30160_bad" classname="com.cardatechnologies.utils.validators.abaroutevalidator.Test_AbaRouteValidator_14" time="0.018"/>
  <testcase name="testAbaNumberCheck_30612_bad" classname="com.cardatechnologies.utils.validators.abaroutevalidator.Test_AbaRouteValidator_14" time="0.018"/>
  <testcase name="testAbaNumberCheck_31426_bad" classname="com.cardatechnologies.utils.validators.abaroutevalidator.Test_AbaRouteValidator_14" time="0.018"/>
  <testcase name="testAbaNumberCheck_30162_bad" classname="com.cardatechnologies.utils.validators.abaroutevalidator.Test_AbaRouteValidator_14" time="0.017"/>
  <testcase name="testAbaNumberCheck_30614_bad" classname="com.cardatechnologies.utils.validators.abaroutevalidator.Test_AbaRouteValidator_14" time="0.018"/>
  <testcase name="testAbaNumberCheck_31428_bad" classname="com.cardatechnologies.utils.validators.abaroutevalidator.Test_AbaRouteValidator_14" time="0.018"/>
  <testcase name="testAbaNumberCheck_30164_bad" classname="com.cardatechnologies.utils.validators.abaroutevalidator.Test_AbaRouteValidator_14" time="0.018"/>
  <testcase name="testAbaNumberCheck_30616_bad" classname="com.cardatechnologies.utils.validators.abaroutevalidator.Test_AbaRouteValidator_14" time="0.018"/>
  <testcase name="testAbaNumberCheck_30166_bad" classname="com.cardatechnologies.utils.validators.abaroutevalidator.Test_AbaRouteValidator_14" time="0.021"/>
  <testcase name="testAbaNumberCheck_30618_bad" classname="com.cardatechnologies.utils.validators.abaroutevalidator.Test_AbaRouteValidator_14" time="0.018"/>
  <testcase name="testAbaNumberCheck_30168_bad" classname="com.cardatechnologies.utils.validators.abaroutevalidator.Test_AbaRouteValidator_14" time="0.018"/>
  <testcase name="testAbaNumberCheck_32240_bad" classname="com.cardatechnologies.utils.validators.abaroutevalidator.Test_AbaRouteValidator_14" time="0.018"/>
  <testcase name="testAbaNumberCheck_32242_bad" classname="com.cardatechnologies.utils.validators.abaroutevalidator.Test_AbaRouteValidator_14" time="0.018"/>
  <testcase name="testAbaNumberCheck_31430_bad" classname="com.cardatechnologies.utils.validators.abaroutevalidator.Test_AbaRouteValidator_14" time="0.023"/>
  <testcase name="testAbaNumberCheck_32244_bad" classname="com.cardatechnologies.utils.validators.abaroutevalidator.Test_AbaRouteValidator_14" time="0.02"/>
  <testcase name="testAbaNumberCheck_31432_bad" classname="com.cardatechnologies.utils.validators.abaroutevalidator.Test_AbaRouteValidator_14" time="0.019"/>
  <testcase name="testAbaNumberCheck_32246_bad" classname="com.cardatechnologies.utils.validators.abaroutevalidator.Test_AbaRouteValidator_14" time="0.019"/>
  <testcase name="testAbaNumberCheck_30620_bad" classname="com.cardatechnologies.utils.validators.abaroutevalidator.Test_AbaRouteValidator_14" time="0.021"/>
  <testcase name="testAbaNumberCheck_31434_bad" classname="com.cardatechnologies.utils.validators.abaroutevalidator.Test_AbaRouteValidator_14" time="0.02"/>
  <testcase name="testAbaNumberCheck_32248_bad" classname="com.cardatechnologies.utils.validators.abaroutevalidator.Test_AbaRouteValidator_14" time="0.02"/>
  <testcase name="testAbaNumberCheck_30170_bad" classname="com.cardatechnologies.utils.validators.abaroutevalidator.Test_AbaRouteValidator_14" time="0.019"/>
  <testcase name="testAbaNumberCheck_30622_bad" classname="com.cardatechnologies.utils.validators.abaroutevalidator.Test_AbaRouteValidator_14" time="0.021"/>
  <testcase name="testAbaNumberCheck_31436_bad" classname="com.cardatechnologies.utils.validators.abaroutevalidator.Test_AbaRouteValidator_14" time="0.022"/>
  <testcase name="testAbaNumberCheck_30172_bad" classname="com.cardatechnologies.utils.validators.abaroutevalidator.Test_AbaRouteValidator_14" time="0.031"/>
  <testcase name="testAbaNumberCheck_30624_bad" classname="com.cardatechnologies.utils.validators.abaroutevalidator.Test_AbaRouteValidator_14" time="0.029"/>
  <testcase name="testAbaNumberCheck_31438_bad" classname="com.cardatechnologies.utils.validators.abaroutevalidator.Test_AbaRouteValidator_14" time="0.018"/>
  <testcase name="testAbaNumberCheck_30174_bad" classname="com.cardatechnologies.utils.validators.abaroutevalidator.Test_AbaRouteValidator_14" time="0.019"/>
  <testcase name="testAbaNumberCheck_30626_bad" classname="com.cardatechnologies.utils.validators.abaroutevalidator.Test_AbaRouteValidator_14" time="0.019"/>
  <testcase name="testAbaNumberCheck_30176_bad" classname="com.cardatechnologies.utils.validators.abaroutevalidator.Test_AbaRouteValidator_14" time="0.019"/>
  <testcase name="testAbaNumberCheck_30628_bad" classname="com.cardatechnologies.utils.validators.abaroutevalidator.Test_AbaRouteValidator_14" time="0.018"/>
  <testcase name="testAbaNumberCheck_30178_bad" classname="com.cardatechnologies.utils.validators.abaroutevalidator.Test_AbaRouteValidator_14" time="0.019"/>
  <testcase name="testAbaNumberCheck_32250_bad" classname="com.cardatechnologies.utils.validators.abaroutevalidator.Test_AbaRouteValidator_14" time="0.019"/>
  <testcase name="testAbaNumberCheck_32252_bad" classname="com.cardatechnologies.utils.validators.abaroutevalidator.Test_AbaRouteValidator_14" time="0.019"/>
  <testcase name="testAbaNumberCheck_32111_good" classname="com.cardatechnologies.utils.validators.abaroutevalidator.Test_AbaRouteValidator_14" time="0.019"/>
  <testcase name="testAbaNumberCheck_31440_bad" classname="com.cardatechnologies.utils.validators.abaroutevalidator.Test_AbaRouteValidator_14" time="0.019"/>
  <testcase name="testAbaNumberCheck_32254_bad" classname="com.cardatechnologies.utils.validators.abaroutevalidator.Test_AbaRouteValidator_14" time="0.019"/>
  <testcase name="testAbaNumberCheck_31442_bad" classname="com.cardatechnologies.utils.validators.abaroutevalidator.Test_AbaRouteValidator_14" time="0.018"/>
  <testcase name="testAbaNumberCheck_32256_bad" classname="com.cardatechnologies.utils.validators.abaroutevalidator.Test_AbaRouteValidator_14" time="0.019"/>
  <testcase name="testAbaNumberCheck_30630_bad" classname="com.cardatechnologies.utils.validators.abaroutevalidator.Test_AbaRouteValidator_14" time="0.018"/>
  <testcase name="testAbaNumberCheck_31444_bad" classname="com.cardatechnologies.utils.validators.abaroutevalidator.Test_AbaRouteValidator_14" time="0.018"/>
  <testcase name="testAbaNumberCheck_32258_bad" classname="com.cardatechnologies.utils.validators.abaroutevalidator.Test_AbaRouteValidator_14" time="0.018"/>
  <testcase name="testAbaNumberCheck_30180_bad" classname="com.cardatechnologies.utils.validators.abaroutevalidator.Test_AbaRouteValidator_14" time="0.017"/>
  <testcase name="testAbaNumberCheck_30632_bad" classname="com.cardatechnologies.utils.validators.abaroutevalidator.Test_AbaRouteValidator_14" time="0.018"/>
  <testcase name="testAbaNumberCheck_31446_bad" classname="com.cardatechnologies.utils.validators.abaroutevalidator.Test_AbaRouteValidator_14" time="0.018"/>
  <testcase name="testAbaNumberCheck_30182_bad" classname="com.cardatechnologies.utils.validators.abaroutevalidator.Test_AbaRouteValidator_14" time="0.018"/>
  <testcase name="testAbaNumberCheck_30634_bad" classname="com.cardatechnologies.utils.validators.abaroutevalidator.Test_AbaRouteValidator_14" time="0.018"/>
  <testcase name="testAbaNumberCheck_31448_bad" classname="com.cardatechnologies.utils.validators.abaroutevalidator.Test_AbaRouteValidator_14" time="0.018"/>
  <testcase name="testAbaNumberCheck_30184_bad" classname="com.cardatechnologies.utils.validators.abaroutevalidator.Test_AbaRouteValidator_14" time="0.018"/>
  <testcase name="testAbaNumberCheck_30636_bad" classname="com.cardatechnologies.utils.validators.abaroutevalidator.Test_AbaRouteValidator_14" time="0.017"/>
  <testcase name="testAbaNumberCheck_30186_bad" classname="com.cardatechnologies.utils.validators.abaroutevalidator.Test_AbaRouteValidator_14" time="0.018"/>
  <testcase name="testAbaNumberCheck_30638_bad" classname="com.cardatechnologies.utils.validators.abaroutevalidator.Test_AbaRouteValidator_14" time="0.022"/>
  <testcase name="testAbaNumberCheck_30188_bad" classname="com.cardatechnologies.utils.validators.abaroutevalidator.Test_AbaRouteValidator_14" time="0.02"/>
  <testcase name="testAbaNumberCheck_32260_bad" classname="com.cardatechnologies.utils.validators.abaroutevalidator.Test_AbaRouteValidator_14" time="0.025"/>
  <testcase name="testAbaNumberCheck_32262_bad" classname="com.cardatechnologies.utils.validators.abaroutevalidator.Test_AbaRouteValidator_14" time="0.017"/>
  <testcase name="testAbaNumberCheck_31900_bad" classname="com.cardatechnologies.utils.validators.abaroutevalidator.Test_AbaRouteValidator_14" time="0.018"/>
  <testcase name="testAbaNumberCheck_31450_bad" classname="com.cardatechnologies.utils.validators.abaroutevalidator.Test_AbaRouteValidator_14" time="0.018"/>
  <testcase name="testAbaNumberCheck_32264_bad" classname="com.cardatechnologies.utils.validators.abaroutevalidator.Test_AbaRouteValidator_14" time="0.018"/>
  <testcase name="testAbaNumberCheck_31902_bad" classname="com.cardatechnologies.utils.validators.abaroutevalidator.Test_AbaRouteValidator_14" time="0.018"/>
  <testcase name="testAbaNumberCheck_31452_bad" classname="com.cardatechnologies.utils.validators.abaroutevalidator.Test_AbaRouteValidator_14" time="0.018"/>
  <testcase name="testAbaNumberCheck_32266_bad" classname="com.cardatechnologies.utils.validators.abaroutevalidator.Test_AbaRouteValidator_14" time="0.017"/>
  <testcase name="testAbaNumberCheck_31904_bad" classname="com.cardatechnologies.utils.validators.abaroutevalidator.Test_AbaRouteValidator_14" time="0.018"/>
  <testcase name="testAbaNumberCheck_32031_good" classname="com.cardatechnologies.utils.validators.abaroutevalidator.Test_AbaRouteValidator_14" time="0.018"/>
  <testcase name="testAbaNumberCheck_30640_bad" classname="com.cardatechnologies.utils.validators.abaroutevalidator.Test_AbaRouteValidator_14" time="0.017"/>
  <testcase name="testAbaNumberCheck_31454_bad" classname="com.cardatechnologies.utils.validators.abaroutevalidator.Test_AbaRouteValidator_14" time="0.017"/>
  <testcase name="testAbaNumberCheck_32268_bad" classname="com.cardatechnologies.utils.validators.abaroutevalidator.Test_AbaRouteValidator_14" time="0.018"/>
  <testcase name="testAbaNumberCheck_30190_bad" classname="com.cardatechnologies.utils.validators.abaroutevalidator.Test_AbaRouteValidator_14" time="0.018"/>
  <testcase name="testAbaNumberCheck_31906_bad" classname="com.cardatechnologies.utils.validators.abaroutevalidator.Test_AbaRouteValidator_14" time="0.017"/>
  <testcase name="testAbaNumberCheck_30642_bad" classname="com.cardatechnologies.utils.validators.abaroutevalidator.Test_AbaRouteValidator_14" time="0.018"/>
  <testcase name="testAbaNumberCheck_31456_bad" classname="com.cardatechnologies.utils.validators.abaroutevalidator.Test_AbaRouteValidator_14" time="0.018"/>
  <testcase name="testAbaNumberCheck_30192_bad" classname="com.cardatechnologies.utils.validators.abaroutevalidator.Test_AbaRouteValidator_14" time="0.018"/>
  <testcase name="testAbaNumberCheck_31908_bad" classname="com.cardatechnologies.utils.validators.abaroutevalidator.Test_AbaRouteValidator_14" time="0.017"/>
  <testcase name="testAbaNumberCheck_30644_bad" classname="com.cardatechnologies.utils.validators.abaroutevalidator.Test_AbaRouteValidator_14" time="0.018"/>
  <testcase name="testAbaNumberCheck_31458_bad" classname="com.cardatechnologies.utils.validators.abaroutevalidator.Test_AbaRouteValidator_14" time="0.018"/>
  <testcase name="testAbaNumberCheck_30194_bad" classname="com.cardatechnologies.utils.validators.abaroutevalidator.Test_AbaRouteValidator_14" time="0.018"/>
  <testcase name="testAbaNumberCheck_30646_bad" classname="com.cardatechnologies.utils.validators.abaroutevalidator.Test_AbaRouteValidator_14" time="0.018"/>
  <testcase name="testAbaNumberCheck_30196_bad" classname="com.cardatechnologies.utils.validators.abaroutevalidator.Test_AbaRouteValidator_14" time="0.019"/>
  <testcase name="testAbaNumberCheck_30648_bad" classname="com.cardatechnologies.utils.validators.abaroutevalidator.Test_AbaRouteValidator_14" time="0.018"/>
  <testcase name="testAbaNumberCheck_30198_bad" classname="com.cardatechnologies.utils.validators.abaroutevalidator.Test_AbaRouteValidator_14" time="0.018"/>
  <testcase name="testAbaNumberCheck_32401_good" classname="com.cardatechnologies.utils.validators.abaroutevalidator.Test_AbaRouteValidator_14" time="0.017"/>
  <testcase name="testAbaNumberCheck_32270_bad" classname="com.cardatechnologies.utils.validators.abaroutevalidator.Test_AbaRouteValidator_14" time="0.029"/>
  <testcase name="testAbaNumberCheck_32272_bad" classname="com.cardatechnologies.utils.validators.abaroutevalidator.Test_AbaRouteValidator_14" time="0.022"/>
  <testcase name="testAbaNumberCheck_31910_bad" classname="com.cardatechnologies.utils.validators.abaroutevalidator.Test_AbaRouteValidator_14" time="0.02"/>
  <testcase name="testAbaNumberCheck_32113_good" classname="com.cardatechnologies.utils.validators.abaroutevalidator.Test_AbaRouteValidator_14" time="0.018"/>
  <testcase name="testAbaNumberCheck_31460_bad" classname="com.cardatechnologies.utils.validators.abaroutevalidator.Test_AbaRouteValidator_14" time="0.018"/>
  <testcase name="testAbaNumberCheck_32274_bad" classname="com.cardatechnologies.utils.validators.abaroutevalidator.Test_AbaRouteValidator_14" time="0.017"/>
  <testcase name="testAbaNumberCheck_31912_bad" classname="com.cardatechnologies.utils.validators.abaroutevalidator.Test_AbaRouteValidator_14" time="0.018"/>
  <testcase name="testAbaNumberCheck_31462_bad" classname="com.cardatechnologies.utils.validators.abaroutevalidator.Test_AbaRouteValidator_14" time="0.018"/>
  <testcase name="testAbaNumberCheck_32276_bad" classname="com.cardatechnologies.utils.validators.abaroutevalidator.Test_AbaRouteValidator_14" time="0.018"/>
  <testcase name="testAbaNumberCheck_31914_bad" classname="com.cardatechnologies.utils.validators.abaroutevalidator.Test_AbaRouteValidator_14" time="0.018"/>
  <testcase name="testAbaNumberCheck_30650_bad" classname="com.cardatechnologies.utils.validators.abaroutevalidator.Test_AbaRouteValidator_14" time="0.018"/>
  <testcase name="testAbaNumberCheck_31464_bad" classname="com.cardatechnologies.utils.validators.abaroutevalidator.Test_AbaRouteValidator_14" time="0.019"/>
  <testcase name="testAbaNumberCheck_32278_bad" classname="com.cardatechnologies.utils.validators.abaroutevalidator.Test_AbaRouteValidator_14" time="0.019"/>
  <testcase name="testAbaNumberCheck_31916_bad" classname="com.cardatechnologies.utils.validators.abaroutevalidator.Test_AbaRouteValidator_14" time="0.018"/>
  <testcase name="testAbaNumberCheck_30652_bad" classname="com.cardatechnologies.utils.validators.abaroutevalidator.Test_AbaRouteValidator_14" time="0.018"/>
  <testcase name="testAbaNumberCheck_31466_bad" classname="com.cardatechnologies.utils.validators.abaroutevalidator.Test_AbaRouteValidator_14" time="0.017"/>
  <testcase name="testAbaNumberCheck_31918_bad" classname="com.cardatechnologies.utils.validators.abaroutevalidator.Test_AbaRouteValidator_14" time="0.017"/>
  <testcase name="testAbaNumberCheck_31011_good" classname="com.cardatechnologies.utils.validators.abaroutevalidator.Test_AbaRouteValidator_14" time="0.018"/>
  <testcase name="testAbaNumberCheck_30654_bad" classname="com.cardatechnologies.utils.validators.abaroutevalidator.Test_AbaRouteValidator_14" time="0.02"/>
  <testcase name="testAbaNumberCheck_31468_bad" classname="com.cardatechnologies.utils.validators.abaroutevalidator.Test_AbaRouteValidator_14" time="0.018"/>
  <testcase name="testAbaNumberCheck_30656_bad" classname="com.cardatechnologies.utils.validators.abaroutevalidator.Test_AbaRouteValidator_14" time="0.017"/>
  <testcase name="testAbaNumberCheck_30658_bad" classname="com.cardatechnologies.utils.validators.abaroutevalidator.Test_AbaRouteValidator_14" time="0.018"/>
  <testcase name="testAbaNumberCheck_32321_good" classname="com.cardatechnologies.utils.validators.abaroutevalidator.Test_AbaRouteValidator_14" time="0.018"/>
  <testcase name="testAbaNumberCheck_32280_bad" classname="com.cardatechnologies.utils.validators.abaroutevalidator.Test_AbaRouteValidator_14" time="0.018"/>
  <testcase name="testAbaNumberCheck_32282_bad" classname="com.cardatechnologies.utils.validators.abaroutevalidator.Test_AbaRouteValidator_14" time="0.019"/>
  <testcase name="testAbaNumberCheck_31920_bad" classname="com.cardatechnologies.utils.validators.abaroutevalidator.Test_AbaRouteValidator_14" time="0.019"/>
  <testcase name="testAbaNumberCheck_31470_bad" classname="com.cardatechnologies.utils.validators.abaroutevalidator.Test_AbaRouteValidator_14" time="0.018"/>
  <testcase name="testAbaNumberCheck_32284_bad" classname="com.cardatechnologies.utils.validators.abaroutevalidator.Test_AbaRouteValidator_14" time="0.018"/>
  <testcase name="testAbaNumberCheck_31922_bad" classname="com.cardatechnologies.utils.validators.abaroutevalidator.Test_AbaRouteValidator_14" time="0.03"/>
  <testcase name="testAbaNumberCheck_31472_bad" classname="com.cardatechnologies.utils.validators.abaroutevalidator.Test_AbaRouteValidator_14" time="0.025"/>
  <testcase name="testAbaNumberCheck_32286_bad" classname="com.cardatechnologies.utils.validators.abaroutevalidator.Test_AbaRouteValidator_14" time="0.018"/>
  <testcase name="testAbaNumberCheck_31924_bad" classname="com.cardatechnologies.utils.validators.abaroutevalidator.Test_AbaRouteValidator_14" time="0.018"/>
  <testcase name="testAbaNumberCheck_32033_good" classname="com.cardatechnologies.utils.validators.abaroutevalidator.Test_AbaRouteValidator_14" time="0.018"/>
  <testcase name="testAbaNumberCheck_30660_bad" classname="com.cardatechnologies.utils.validators.abaroutevalidator.Test_AbaRouteValidator_14" time="0.019"/>
  <testcase name="testAbaNumberCheck_31474_bad" classname="com.cardatechnologies.utils.validators.abaroutevalidator.Test_AbaRouteValidator_14" time="0.021"/>
  <testcase name="testAbaNumberCheck_32288_bad" classname="com.cardatechnologies.utils.validators.abaroutevalidator.Test_AbaRouteValidator_14" time="0.019"/>
  <testcase name="testAbaNumberCheck_31926_bad" classname="com.cardatechnologies.utils.validators.abaroutevalidator.Test_AbaRouteValidator_14" time="0.018"/>
  <testcase name="testAbaNumberCheck_30662_bad" classname="com.cardatechnologies.utils.validators.abaroutevalidator.Test_AbaRouteValidator_14" time="0.018"/>
  <testcase name="testAbaNumberCheck_31476_bad" classname="com.cardatechnologies.utils.validators.abaroutevalidator.Test_AbaRouteValidator_14" time="0.018"/>
  <testcase name="testAbaNumberCheck_31928_bad" classname="com.cardatechnologies.utils.validators.abaroutevalidator.Test_AbaRouteValidator_14" time="0.018"/>
  <testcase name="testAbaNumberCheck_30664_bad" classname="com.cardatechnologies.utils.validators.abaroutevalidator.Test_AbaRouteValidator_14" time="0.018"/>
  <testcase name="testAbaNumberCheck_31478_bad" classname="com.cardatechnologies.utils.validators.abaroutevalidator.Test_AbaRouteValidator_14" time="0.017"/>
  <testcase name="testAbaNumberCheck_30666_bad" classname="com.cardatechnologies.utils.validators.abaroutevalidator.Test_AbaRouteValidator_14" time="0.019"/>
  <testcase name="testAbaNumberCheck_30668_bad" classname="com.cardatechnologies.utils.validators.abaroutevalidator.Test_AbaRouteValidator_14" time="0.019"/>
  <testcase name="testAbaNumberCheck_32403_good" classname="com.cardatechnologies.utils.validators.abaroutevalidator.Test_AbaRouteValidator_14" time="0.018"/>
  <testcase name="testAbaNumberCheck_32241_good" classname="com.cardatechnologies.utils.validators.abaroutevalidator.Test_AbaRouteValidator_14" time="0.019"/>
  <testcase name="testAbaNumberCheck_31301_good" classname="com.cardatechnologies.utils.validators.abaroutevalidator.Test_AbaRouteValidator_14" time="0.018"/>
  <testcase name="testAbaNumberCheck_32290_bad" classname="com.cardatechnologies.utils.validators.abaroutevalidator.Test_AbaRouteValidator_14" time="0.017"/>
  <testcase name="testAbaNumberCheck_32292_bad" classname="com.cardatechnologies.utils.validators.abaroutevalidator.Test_AbaRouteValidator_14" time="0.019"/>
  <testcase name="testAbaNumberCheck_31930_bad" classname="com.cardatechnologies.utils.validators.abaroutevalidator.Test_AbaRouteValidator_14" time="0.017"/>
  <testcase name="testAbaNumberCheck_32115_good" classname="com.cardatechnologies.utils.validators.abaroutevalidator.Test_AbaRouteValidator_14" time="0.018"/>
  <testcase name="testAbaNumberCheck_31480_bad" classname="com.cardatechnologies.utils.validators.abaroutevalidator.Test_AbaRouteValidator_14" time="0.018"/>
  <testcase name="testAbaNumberCheck_32294_bad" classname="com.cardatechnologies.utils.validators.abaroutevalidator.Test_AbaRouteValidator_14" time="0.019"/>
  <testcase name="testAbaNumberCheck_31932_bad" classname="com.cardatechnologies.utils.validators.abaroutevalidator.Test_AbaRouteValidator_14" time="0.018"/>
  <testcase name="testAbaNumberCheck_31482_bad" classname="com.cardatechnologies.utils.validators.abaroutevalidator.Test_AbaRouteValidator_14" time="0.017"/>
  <testcase name="testAbaNumberCheck_32296_bad" classname="com.cardatechnologies.utils.validators.abaroutevalidator.Test_AbaRouteValidator_14" time="0.025"/>
  <testcase name="testAbaNumberCheck_31934_bad" classname="com.cardatechnologies.utils.validators.abaroutevalidator.Test_AbaRouteValidator_14" time="0.024"/>
  <testcase name="testAbaNumberCheck_30670_bad" classname="com.cardatechnologies.utils.validators.abaroutevalidator.Test_AbaRouteValidator_14" time="0.021"/>
  <testcase name="testAbaNumberCheck_31484_bad" classname="com.cardatechnologies.utils.validators.abaroutevalidator.Test_AbaRouteValidator_14" time="0.018"/>
  <testcase name="testAbaNumberCheck_32298_bad" classname="com.cardatechnologies.utils.validators.abaroutevalidator.Test_AbaRouteValidator_14" time="0.018"/>
  <testcase name="testAbaNumberCheck_31936_bad" classname="com.cardatechnologies.utils.validators.abaroutevalidator.Test_AbaRouteValidator_14" time="0.017"/>
  <testcase name="testAbaNumberCheck_30672_bad" classname="com.cardatechnologies.utils.validators.abaroutevalidator.Test_AbaRouteValidator_14" time="0.018"/>
  <testcase name="testAbaNumberCheck_31486_bad" classname="com.cardatechnologies.utils.validators.abaroutevalidator.Test_AbaRouteValidator_14" time="0.017"/>
  <testcase name="testAbaNumberCheck_31938_bad" classname="com.cardatechnologies.utils.validators.abaroutevalidator.Test_AbaRouteValidator_14" time="0.018"/>
  <testcase name="testAbaNumberCheck_31013_good" classname="com.cardatechnologies.utils.validators.abaroutevalidator.Test_AbaRouteValidator_14" time="0.018"/>
  <testcase name="testAbaNumberCheck_30674_bad" classname="com.cardatechnologies.utils.validators.abaroutevalidator.Test_AbaRouteValidator_14" time="0.017"/>
  <testcase name="testAbaNumberCheck_31488_bad" classname="com.cardatechnologies.utils.validators.abaroutevalidator.Test_AbaRouteValidator_14" time="0.018"/>
  <testcase name="testAbaNumberCheck_30676_bad" classname="com.cardatechnologies.utils.validators.abaroutevalidator.Test_AbaRouteValidator_14" time="0.018"/>
  <testcase name="testAbaNumberCheck_30678_bad" classname="com.cardatechnologies.utils.validators.abaroutevalidator.Test_AbaRouteValidator_14" time="0.017"/>
  <testcase name="testAbaNumberCheck_32323_good" classname="com.cardatechnologies.utils.validators.abaroutevalidator.Test_AbaRouteValidator_14" time="0.018"/>
  <testcase name="testAbaNumberCheck_32161_good" classname="com.cardatechnologies.utils.validators.abaroutevalidator.Test_AbaRouteValidator_14" time="0.017"/>
  <testcase name="testAbaNumberCheck_31940_bad" classname="com.cardatechnologies.utils.validators.abaroutevalidator.Test_AbaRouteValidator_14" time="0.018"/>
  <testcase name="testAbaNumberCheck_31221_good" classname="com.cardatechnologies.utils.validators.abaroutevalidator.Test_AbaRouteValidator_14" time="0.017"/>
  <testcase name="testAbaNumberCheck_31490_bad" classname="com.cardatechnologies.utils.validators.abaroutevalidator.Test_AbaRouteValidator_14" time="0.018"/>
  <testcase name="testAbaNumberCheck_31942_bad" classname="com.cardatechnologies.utils.validators.abaroutevalidator.Test_AbaRouteValidator_14" time="0.018"/>
  <testcase name="testAbaNumberCheck_31492_bad" classname="com.cardatechnologies.utils.validators.abaroutevalidator.Test_AbaRouteValidator_14" time="0.017"/>
  <testcase name="testAbaNumberCheck_31944_bad" classname="com.cardatechnologies.utils.validators.abaroutevalidator.Test_AbaRouteValidator_14" time="0.017"/>
  <testcase name="testAbaNumberCheck_32035_good" classname="com.cardatechnologies.utils.validators.abaroutevalidator.Test_AbaRouteValidator_14" time="0.018"/>
  <testcase name="testAbaNumberCheck_30680_bad" classname="com.cardatechnologies.utils.validators.abaroutevalidator.Test_AbaRouteValidator_14" time="0.018"/>
  <testcase name="testAbaNumberCheck_31494_bad" classname="com.cardatechnologies.utils.validators.abaroutevalidator.Test_AbaRouteValidator_14" time="0.017"/>
  <testcase name="testAbaNumberCheck_31946_bad" classname="com.cardatechnologies.utils.validators.abaroutevalidator.Test_AbaRouteValidator_14" time="0.017"/>
  <testcase name="testAbaNumberCheck_30682_bad" classname="com.cardatechnologies.utils.validators.abaroutevalidator.Test_AbaRouteValidator_14" time="0.018"/>
  <testcase name="testAbaNumberCheck_31496_bad" classname="com.cardatechnologies.utils.validators.abaroutevalidator.Test_AbaRouteValidator_14" time="0.017"/>
  <testcase name="testAbaNumberCheck_31948_bad" classname="com.cardatechnologies.utils.validators.abaroutevalidator.Test_AbaRouteValidator_14" time="0.018"/>
  <testcase name="testAbaNumberCheck_30684_bad" classname="com.cardatechnologies.utils.validators.abaroutevalidator.Test_AbaRouteValidator_14" time="0.024"/>
  <testcase name="testAbaNumberCheck_31498_bad" classname="com.cardatechnologies.utils.validators.abaroutevalidator.Test_AbaRouteValidator_14" time="0.021"/>
  <testcase name="testAbaNumberCheck_30686_bad" classname="com.cardatechnologies.utils.validators.abaroutevalidator.Test_AbaRouteValidator_14" time="0.021"/>
  <testcase name="testAbaNumberCheck_30688_bad" classname="com.cardatechnologies.utils.validators.abaroutevalidator.Test_AbaRouteValidator_14" time="0.017"/>
  <testcase name="testAbaNumberCheck_32405_good" classname="com.cardatechnologies.utils.validators.abaroutevalidator.Test_AbaRouteValidator_14" time="0.018"/>
  <testcase name="testAbaNumberCheck_32243_good" classname="com.cardatechnologies.utils.validators.abaroutevalidator.Test_AbaRouteValidator_14" time="0.017"/>
  <testcase name="testAbaNumberCheck_31303_good" classname="com.cardatechnologies.utils.validators.abaroutevalidator.Test_AbaRouteValidator_14" time="0.018"/>
  <testcase name="testAbaNumberCheck_31950_bad" classname="com.cardatechnologies.utils.validators.abaroutevalidator.Test_AbaRouteValidator_14" time="0.019"/>
  <testcase name="testAbaNumberCheck_32117_good" classname="com.cardatechnologies.utils.validators.abaroutevalidator.Test_AbaRouteValidator_14" time="0.017"/>
  <testcase name="testAbaNumberCheck_31952_bad" classname="com.cardatechnologies.utils.validators.abaroutevalidator.Test_AbaRouteValidator_14" time="0.017"/>
  <testcase name="testAbaNumberCheck_32081_good" classname="com.cardatechnologies.utils.validators.abaroutevalidator.Test_AbaRouteValidator_14" time="0.018"/>
  <testcase name="testAbaNumberCheck_31141_good" classname="com.cardatechnologies.utils.validators.abaroutevalidator.Test_AbaRouteValidator_14" time="0.024"/>
  <testcase name="testAbaNumberCheck_31954_bad" classname="com.cardatechnologies.utils.validators.abaroutevalidator.Test_AbaRouteValidator_14" time="0.017"/>
  <testcase name="testAbaNumberCheck_30201_good" classname="com.cardatechnologies.utils.validators.abaroutevalidator.Test_AbaRouteValidator_14" time="0.018"/>
  <testcase name="testAbaNumberCheck_30690_bad" classname="com.cardatechnologies.utils.validators.abaroutevalidator.Test_AbaRouteValidator_14" time="0.018"/>
  <testcase name="testAbaNumberCheck_31956_bad" classname="com.cardatechnologies.utils.validators.abaroutevalidator.Test_AbaRouteValidator_14" time="0.018"/>
  <testcase name="testAbaNumberCheck_30692_bad" classname="com.cardatechnologies.utils.validators.abaroutevalidator.Test_AbaRouteValidator_14" time="0.017"/>
  <testcase name="testAbaNumberCheck_31958_bad" classname="com.cardatechnologies.utils.validators.abaroutevalidator.Test_AbaRouteValidator_14" time="0.018"/>
  <testcase name="testAbaNumberCheck_31015_good" classname="com.cardatechnologies.utils.validators.abaroutevalidator.Test_AbaRouteValidator_14" time="0.017"/>
  <testcase name="testAbaNumberCheck_30694_bad" classname="com.cardatechnologies.utils.validators.abaroutevalidator.Test_AbaRouteValidator_14" time="0.018"/>
  <testcase name="testAbaNumberCheck_30696_bad" classname="com.cardatechnologies.utils.validators.abaroutevalidator.Test_AbaRouteValidator_14" time="0.017"/>
  <testcase name="testAbaNumberCheck_30698_bad" classname="com.cardatechnologies.utils.validators.abaroutevalidator.Test_AbaRouteValidator_14" time="0.019"/>
  <testcase name="testAbaNumberCheck_32451_good" classname="com.cardatechnologies.utils.validators.abaroutevalidator.Test_AbaRouteValidator_14" time="0.017"/>
  <testcase name="testAbaNumberCheck_31511_good" classname="com.cardatechnologies.utils.validators.abaroutevalidator.Test_AbaRouteValidator_14" time="0.018"/>
  <testcase name="testAbaNumberCheck_32325_good" classname="com.cardatechnologies.utils.validators.abaroutevalidator.Test_AbaRouteValidator_14" time="0.018"/>
  <testcase name="testAbaNumberCheck_32163_good" classname="com.cardatechnologies.utils.validators.abaroutevalidator.Test_AbaRouteValidator_14" time="0.017"/>
  <testcase name="testAbaNumberCheck_31960_bad" classname="com.cardatechnologies.utils.validators.abaroutevalidator.Test_AbaRouteValidator_14" time="0.017"/>
  <testcase name="testAbaNumberCheck_31223_good" classname="com.cardatechnologies.utils.validators.abaroutevalidator.Test_AbaRouteValidator_14" time="0.017"/>
  <testcase name="testAbaNumberCheck_31962_bad" classname="com.cardatechnologies.utils.validators.abaroutevalidator.Test_AbaRouteValidator_14" time="0.025"/>
  <testcase name="testAbaNumberCheck_31964_bad" classname="com.cardatechnologies.utils.validators.abaroutevalidator.Test_AbaRouteValidator_14" time="0.025"/>
  <testcase name="testAbaNumberCheck_32037_good" classname="com.cardatechnologies.utils.validators.abaroutevalidator.Test_AbaRouteValidator_14" time="0.02"/>
  <testcase name="testAbaNumberCheck_31966_bad" classname="com.cardatechnologies.utils.validators.abaroutevalidator.Test_AbaRouteValidator_14" time="0.018"/>
  <testcase name="testAbaNumberCheck_31061_good" classname="com.cardatechnologies.utils.validators.abaroutevalidator.Test_AbaRouteValidator_14" time="0.017"/>
  <testcase name="testAbaNumberCheck_31968_bad" classname="com.cardatechnologies.utils.validators.abaroutevalidator.Test_AbaRouteValidator_14" time="0.017"/>
  <testcase name="testAbaNumberCheck_30121_good" classname="com.cardatechnologies.utils.validators.abaroutevalidator.Test_AbaRouteValidator_14" time="0.018"/>
  <testcase name="testAbaNumberCheck_32407_good" classname="com.cardatechnologies.utils.validators.abaroutevalidator.Test_AbaRouteValidator_14" time="0.017"/>
  <testcase name="testAbaNumberCheck_32371_good" classname="com.cardatechnologies.utils.validators.abaroutevalidator.Test_AbaRouteValidator_14" time="0.018"/>
  <testcase name="testAbaNumberCheck_31431_good" classname="com.cardatechnologies.utils.validators.abaroutevalidator.Test_AbaRouteValidator_14" time="0.019"/>
  <testcase name="testAbaNumberCheck_32245_good" classname="com.cardatechnologies.utils.validators.abaroutevalidator.Test_AbaRouteValidator_14" time="0.018"/>
  <testcase name="testAbaNumberCheck_31305_good" classname="com.cardatechnologies.utils.validators.abaroutevalidator.Test_AbaRouteValidator_14" time="0.018"/>
  <testcase name="testAbaNumberCheck_31970_bad" classname="com.cardatechnologies.utils.validators.abaroutevalidator.Test_AbaRouteValidator_14" time="0.018"/>
  <testcase name="testAbaNumberCheck_32119_good" classname="com.cardatechnologies.utils.validators.abaroutevalidator.Test_AbaRouteValidator_14" time="0.018"/>
  <testcase name="testAbaNumberCheck_31972_bad" classname="com.cardatechnologies.utils.validators.abaroutevalidator.Test_AbaRouteValidator_14" time="0.017"/>
  <testcase name="testAbaNumberCheck_32083_good" classname="com.cardatechnologies.utils.validators.abaroutevalidator.Test_AbaRouteValidator_14" time="0.018"/>
  <testcase name="testAbaNumberCheck_31143_good" classname="com.cardatechnologies.utils.validators.abaroutevalidator.Test_AbaRouteValidator_14" time="0.018"/>
  <testcase name="testAbaNumberCheck_31974_bad" classname="com.cardatechnologies.utils.validators.abaroutevalidator.Test_AbaRouteValidator_14" time="0.018"/>
  <testcase name="testAbaNumberCheck_30203_good" classname="com.cardatechnologies.utils.validators.abaroutevalidator.Test_AbaRouteValidator_14" time="0.018"/>
  <testcase name="testAbaNumberCheck_31976_bad" classname="com.cardatechnologies.utils.validators.abaroutevalidator.Test_AbaRouteValidator_14" time="0.018"/>
  <testcase name="testAbaNumberCheck_31801_good" classname="com.cardatechnologies.utils.validators.abaroutevalidator.Test_AbaRouteValidator_14" time="0.018"/>
  <testcase name="testAbaNumberCheck_31978_bad" classname="com.cardatechnologies.utils.validators.abaroutevalidator.Test_AbaRouteValidator_14" time="0.019"/>
  <testcase name="testAbaNumberCheck_31017_good" classname="com.cardatechnologies.utils.validators.abaroutevalidator.Test_AbaRouteValidator_14" time="0.018"/>
  <testcase name="testAbaNumberCheck_30041_good" classname="com.cardatechnologies.utils.validators.abaroutevalidator.Test_AbaRouteValidator_14" time="0.018"/>
  <testcase name="testAbaNumberCheck_32453_good" classname="com.cardatechnologies.utils.validators.abaroutevalidator.Test_AbaRouteValidator_14" time="0.018"/>
  <testcase name="testAbaNumberCheck_31513_good" classname="com.cardatechnologies.utils.validators.abaroutevalidator.Test_AbaRouteValidator_14" time="0.018"/>
  <testcase name="testAbaNumberCheck_32327_good" classname="com.cardatechnologies.utils.validators.abaroutevalidator.Test_AbaRouteValidator_14" time="0.018"/>
  <testcase name="testAbaNumberCheck_32291_good" classname="com.cardatechnologies.utils.validators.abaroutevalidator.Test_AbaRouteValidator_14" time="0.018"/>
  <testcase name="testAbaNumberCheck_31351_good" classname="com.cardatechnologies.utils.validators.abaroutevalidator.Test_AbaRouteValidator_14" time="0.02"/>
  <testcase name="testAbaNumberCheck_30411_good" classname="com.cardatechnologies.utils.validators.abaroutevalidator.Test_AbaRouteValidator_14" time="0.023"/>
  <testcase name="testAbaNumberCheck_32165_good" classname="com.cardatechnologies.utils.validators.abaroutevalidator.Test_AbaRouteValidator_14" time="0.021"/>
  <testcase name="testAbaNumberCheck_31980_bad" classname="com.cardatechnologies.utils.validators.abaroutevalidator.Test_AbaRouteValidator_14" time="0.018"/>
  <testcase name="testAbaNumberCheck_31225_good" classname="com.cardatechnologies.utils.validators.abaroutevalidator.Test_AbaRouteValidator_14" time="0.019"/>
  <testcase name="testAbaNumberCheck_31982_bad" classname="com.cardatechnologies.utils.validators.abaroutevalidator.Test_AbaRouteValidator_14" time="0.018"/>
  <testcase name="testAbaNumberCheck_31984_bad" classname="com.cardatechnologies.utils.validators.abaroutevalidator.Test_AbaRouteValidator_14" time="0.017"/>
  <testcase name="testAbaNumberCheck_32039_good" classname="com.cardatechnologies.utils.validators.abaroutevalidator.Test_AbaRouteValidator_14" time="0.018"/>
  <testcase name="testAbaNumberCheck_31986_bad" classname="com.cardatechnologies.utils.validators.abaroutevalidator.Test_AbaRouteValidator_14" time="0.019"/>
  <testcase name="testAbaNumberCheck_31063_good" classname="com.cardatechnologies.utils.validators.abaroutevalidator.Test_AbaRouteValidator_14" time="0.018"/>
  <testcase name="testAbaNumberCheck_31988_bad" classname="com.cardatechnologies.utils.validators.abaroutevalidator.Test_AbaRouteValidator_14" time="0.017"/>
  <testcase name="testAbaNumberCheck_30123_good" classname="com.cardatechnologies.utils.validators.abaroutevalidator.Test_AbaRouteValidator_14" time="0.017"/>
  <testcase name="testAbaNumberCheck_31721_good" classname="com.cardatechnologies.utils.validators.abaroutevalidator.Test_AbaRouteValidator_14" time="0.017"/>
  <testcase name="testAbaNumberCheck_32409_good" classname="com.cardatechnologies.utils.validators.abaroutevalidator.Test_AbaRouteValidator_14" time="0.018"/>
  <testcase name="testAbaNumberCheck_32373_good" classname="com.cardatechnologies.utils.validators.abaroutevalidator.Test_AbaRouteValidator_14" time="0.018"/>
  <testcase name="testAbaNumberCheck_31433_good" classname="com.cardatechnologies.utils.validators.abaroutevalidator.Test_AbaRouteValidator_14" time="0.023"/>
  <testcase name="testAbaNumberCheck_32247_good" classname="com.cardatechnologies.utils.validators.abaroutevalidator.Test_AbaRouteValidator_14" time="0.018"/>
  <testcase name="testAbaNumberCheck_31307_good" classname="com.cardatechnologies.utils.validators.abaroutevalidator.Test_AbaRouteValidator_14" time="0.017"/>
  <testcase name="testAbaNumberCheck_31271_good" classname="com.cardatechnologies.utils.validators.abaroutevalidator.Test_AbaRouteValidator_14" time="0.018"/>
  <testcase name="testAbaNumberCheck_30331_good" classname="com.cardatechnologies.utils.validators.abaroutevalidator.Test_AbaRouteValidator_14" time="0.019"/>
  <testcase name="testAbaNumberCheck_31990_bad" classname="com.cardatechnologies.utils.validators.abaroutevalidator.Test_AbaRouteValidator_14" time="0.017"/>
  <testcase name="testAbaNumberCheck_31992_bad" classname="com.cardatechnologies.utils.validators.abaroutevalidator.Test_AbaRouteValidator_14" time="0.018"/>
  <testcase name="testAbaNumberCheck_32085_good" classname="com.cardatechnologies.utils.validators.abaroutevalidator.Test_AbaRouteValidator_14" time="0.017"/>
  <testcase name="testAbaNumberCheck_31145_good" classname="com.cardatechnologies.utils.validators.abaroutevalidator.Test_AbaRouteValidator_14" time="0.018"/>
  <testcase name="testAbaNumberCheck_31994_bad" classname="com.cardatechnologies.utils.validators.abaroutevalidator.Test_AbaRouteValidator_14" time="0.018"/>
  <testcase name="testAbaNumberCheck_30205_good" classname="com.cardatechnologies.utils.validators.abaroutevalidator.Test_AbaRouteValidator_14" time="0.018"/>
  <testcase name="testAbaNumberCheck_31996_bad" classname="com.cardatechnologies.utils.validators.abaroutevalidator.Test_AbaRouteValidator_14" time="0.017"/>
  <testcase name="testAbaNumberCheck_31803_good" classname="com.cardatechnologies.utils.validators.abaroutevalidator.Test_AbaRouteValidator_14" time="0.019"/>
  <testcase name="testAbaNumberCheck_31998_bad" classname="com.cardatechnologies.utils.validators.abaroutevalidator.Test_AbaRouteValidator_14" time="0.021"/>
  <testcase name="testAbaNumberCheck_31019_good" classname="com.cardatechnologies.utils.validators.abaroutevalidator.Test_AbaRouteValidator_14" time="0.021"/>
  <testcase name="testAbaNumberCheck_30043_good" classname="com.cardatechnologies.utils.validators.abaroutevalidator.Test_AbaRouteValidator_14" time="0.026"/>
  <testcase name="testAbaNumberCheck_31641_good" classname="com.cardatechnologies.utils.validators.abaroutevalidator.Test_AbaRouteValidator_14" time="0.018"/>
  <testcase name="testAbaNumberCheck_30701_good" classname="com.cardatechnologies.utils.validators.abaroutevalidator.Test_AbaRouteValidator_14" time="0.018"/>
  <testcase name="testAbaNumberCheck_32455_good" classname="com.cardatechnologies.utils.validators.abaroutevalidator.Test_AbaRouteValidator_14" time="0.017"/>
  <testcase name="testAbaNumberCheck_31515_good" classname="com.cardatechnologies.utils.validators.abaroutevalidator.Test_AbaRouteValidator_14" time="0.018"/>
  <testcase name="testAbaNumberCheck_32329_good" classname="com.cardatechnologies.utils.validators.abaroutevalidator.Test_AbaRouteValidator_14" time="0.017"/>
  <testcase name="testAbaNumberCheck_32293_good" classname="com.cardatechnologies.utils.validators.abaroutevalidator.Test_AbaRouteValidator_14" time="0.018"/>
  <testcase name="testAbaNumberCheck_31353_good" classname="com.cardatechnologies.utils.validators.abaroutevalidator.Test_AbaRouteValidator_14" time="0.018"/>
  <testcase name="testAbaNumberCheck_30413_good" classname="com.cardatechnologies.utils.validators.abaroutevalidator.Test_AbaRouteValidator_14" time="0.018"/>
  <testcase name="testAbaNumberCheck_32167_good" classname="com.cardatechnologies.utils.validators.abaroutevalidator.Test_AbaRouteValidator_14" time="0.017"/>
  <testcase name="testAbaNumberCheck_31227_good" classname="com.cardatechnologies.utils.validators.abaroutevalidator.Test_AbaRouteValidator_14" time="0.018"/>
  <testcase name="testAbaNumberCheck_31191_good" classname="com.cardatechnologies.utils.validators.abaroutevalidator.Test_AbaRouteValidator_14" time="0.019"/>
  <testcase name="testAbaNumberCheck_30251_good" classname="com.cardatechnologies.utils.validators.abaroutevalidator.Test_AbaRouteValidator_14" time="0.019"/>
  <testcase name="testAbaNumberCheck_31065_good" classname="com.cardatechnologies.utils.validators.abaroutevalidator.Test_AbaRouteValidator_14" time="0.02"/>
  <testcase name="testAbaNumberCheck_30125_good" classname="com.cardatechnologies.utils.validators.abaroutevalidator.Test_AbaRouteValidator_14" time="0.018"/>
  <testcase name="testAbaNumberCheck_31723_good" classname="com.cardatechnologies.utils.validators.abaroutevalidator.Test_AbaRouteValidator_14" time="0.02"/>
  <testcase name="testAbaNumberCheck_31561_good" classname="com.cardatechnologies.utils.validators.abaroutevalidator.Test_AbaRouteValidator_14" time="0.019"/>
  <testcase name="testAbaNumberCheck_30621_good" classname="com.cardatechnologies.utils.validators.abaroutevalidator.Test_AbaRouteValidator_14" time="0.019"/>
  <testcase name="testAbaNumberCheck_32375_good" classname="com.cardatechnologies.utils.validators.abaroutevalidator.Test_AbaRouteValidator_14" time="0.018"/>
  <testcase name="testAbaNumberCheck_31435_good" classname="com.cardatechnologies.utils.validators.abaroutevalidator.Test_AbaRouteValidator_14" time="0.021"/>
  <testcase name="testAbaNumberCheck_32249_good" classname="com.cardatechnologies.utils.validators.abaroutevalidator.Test_AbaRouteValidator_14" time="0.02"/>
  <testcase name="testAbaNumberCheck_31309_good" classname="com.cardatechnologies.utils.validators.abaroutevalidator.Test_AbaRouteValidator_14" time="0.021"/>
  <testcase name="testAbaNumberCheck_31273_good" classname="com.cardatechnologies.utils.validators.abaroutevalidator.Test_AbaRouteValidator_14" time="0.02"/>
  <testcase name="testAbaNumberCheck_30333_good" classname="com.cardatechnologies.utils.validators.abaroutevalidator.Test_AbaRouteValidator_14" time="0.021"/>
  <testcase name="testAbaNumberCheck_31931_good" classname="com.cardatechnologies.utils.validators.abaroutevalidator.Test_AbaRouteValidator_14" time="0.021"/>
  <testcase name="testAbaNumberCheck_32087_good" classname="com.cardatechnologies.utils.validators.abaroutevalidator.Test_AbaRouteValidator_14" time="0.028"/>
  <testcase name="testAbaNumberCheck_31147_good" classname="com.cardatechnologies.utils.validators.abaroutevalidator.Test_AbaRouteValidator_14" time="0.026"/>
  <testcase name="testAbaNumberCheck_30207_good" classname="com.cardatechnologies.utils.validators.abaroutevalidator.Test_AbaRouteValidator_14" time="0.021"/>
  <testcase name="testAbaNumberCheck_31805_good" classname="com.cardatechnologies.utils.validators.abaroutevalidator.Test_AbaRouteValidator_14" time="0.021"/>
  <testcase name="testAbaNumberCheck_30171_good" classname="com.cardatechnologies.utils.validators.abaroutevalidator.Test_AbaRouteValidator_14" time="0.022"/>
  <testcase name="testAbaNumberCheck_30045_good" classname="com.cardatechnologies.utils.validators.abaroutevalidator.Test_AbaRouteValidator_14" time="0.021"/>
  <testcase name="testAbaNumberCheck_31643_good" classname="com.cardatechnologies.utils.validators.abaroutevalidator.Test_AbaRouteValidator_14" time="0.02"/>
  <testcase name="testAbaNumberCheck_30703_good" classname="com.cardatechnologies.utils.validators.abaroutevalidator.Test_AbaRouteValidator_14" time="0.022"/>
  <testcase name="testAbaNumberCheck_32457_good" classname="com.cardatechnologies.utils.validators.abaroutevalidator.Test_AbaRouteValidator_14" time="0.02"/>
  <testcase name="testAbaNumberCheck_31517_good" classname="com.cardatechnologies.utils.validators.abaroutevalidator.Test_AbaRouteValidator_14" time="0.021"/>
  <testcase name="testAbaNumberCheck_31481_good" classname="com.cardatechnologies.utils.validators.abaroutevalidator.Test_AbaRouteValidator_14" time="0.021"/>
  <testcase name="testAbaNumberCheck_30541_good" classname="com.cardatechnologies.utils.validators.abaroutevalidator.Test_AbaRouteValidator_14" time="0.019"/>
  <testcase name="testAbaNumberCheck_32295_good" classname="com.cardatechnologies.utils.validators.abaroutevalidator.Test_AbaRouteValidator_14" time="0.018"/>
  <testcase name="testAbaNumberCheck_31355_good" classname="com.cardatechnologies.utils.validators.abaroutevalidator.Test_AbaRouteValidator_14" time="0.019"/>
  <testcase name="testAbaNumberCheck_30415_good" classname="com.cardatechnologies.utils.validators.abaroutevalidator.Test_AbaRouteValidator_14" time="0.018"/>
  <testcase name="testAbaNumberCheck_32169_good" classname="com.cardatechnologies.utils.validators.abaroutevalidator.Test_AbaRouteValidator_14" time="0.02"/>
  <testcase name="testAbaNumberCheck_31229_good" classname="com.cardatechnologies.utils.validators.abaroutevalidator.Test_AbaRouteValidator_14" time="0.022"/>
  <testcase name="testAbaNumberCheck_31193_good" classname="com.cardatechnologies.utils.validators.abaroutevalidator.Test_AbaRouteValidator_14" time="0.02"/>
  <testcase name="testAbaNumberCheck_30253_good" classname="com.cardatechnologies.utils.validators.abaroutevalidator.Test_AbaRouteValidator_14" time="0.018"/>
  <testcase name="testAbaNumberCheck_31851_good" classname="com.cardatechnologies.utils.validators.abaroutevalidator.Test_AbaRouteValidator_14" time="0.019"/>
  <testcase name="testAbaNumberCheck_30911_good" classname="com.cardatechnologies.utils.validators.abaroutevalidator.Test_AbaRouteValidator_14" time="0.023"/>
  <testcase name="testAbaNumberCheck_31067_good" classname="com.cardatechnologies.utils.validators.abaroutevalidator.Test_AbaRouteValidator_14" time="0.018"/>
  <testcase name="testAbaNumberCheck_30127_good" classname="com.cardatechnologies.utils.validators.abaroutevalidator.Test_AbaRouteValidator_14" time="0.018"/>
  <testcase name="testAbaNumberCheck_31725_good" classname="com.cardatechnologies.utils.validators.abaroutevalidator.Test_AbaRouteValidator_14" time="0.017"/>
  <testcase name="testAbaNumberCheck_30091_good" classname="com.cardatechnologies.utils.validators.abaroutevalidator.Test_AbaRouteValidator_14" time="0.018"/>
  <testcase name="testAbaNumberCheck_31563_good" classname="com.cardatechnologies.utils.validators.abaroutevalidator.Test_AbaRouteValidator_14" time="0.017"/>
  <testcase name="testAbaNumberCheck_30623_good" classname="com.cardatechnologies.utils.validators.abaroutevalidator.Test_AbaRouteValidator_14" time="0.028"/>
  <testcase name="testAbaNumberCheck_32377_good" classname="com.cardatechnologies.utils.validators.abaroutevalidator.Test_AbaRouteValidator_14" time="0.017"/>
  <testcase name="testAbaNumberCheck_31437_good" classname="com.cardatechnologies.utils.validators.abaroutevalidator.Test_AbaRouteValidator_14" time="0.021"/>
  <testcase name="testAbaNumberCheck_30461_good" classname="com.cardatechnologies.utils.validators.abaroutevalidator.Test_AbaRouteValidator_14" time="0.022"/>
  <testcase name="testAbaNumberCheck_31275_good" classname="com.cardatechnologies.utils.validators.abaroutevalidator.Test_AbaRouteValidator_14" time="0.017"/>
  <testcase name="testAbaNumberCheck_30335_good" classname="com.cardatechnologies.utils.validators.abaroutevalidator.Test_AbaRouteValidator_14" time="0.018"/>
  <testcase name="testAbaNumberCheck_31933_good" classname="com.cardatechnologies.utils.validators.abaroutevalidator.Test_AbaRouteValidator_14" time="0.018"/>
  <testcase name="testAbaNumberCheck_32089_good" classname="com.cardatechnologies.utils.validators.abaroutevalidator.Test_AbaRouteValidator_14" time="0.018"/>
  <testcase name="testAbaNumberCheck_31149_good" classname="com.cardatechnologies.utils.validators.abaroutevalidator.Test_AbaRouteValidator_14" time="0.018"/>
  <testcase name="testAbaNumberCheck_30209_good" classname="com.cardatechnologies.utils.validators.abaroutevalidator.Test_AbaRouteValidator_14" time="0.018"/>
  <testcase name="testAbaNumberCheck_31807_good" classname="com.cardatechnologies.utils.validators.abaroutevalidator.Test_AbaRouteValidator_14" time="0.018"/>
  <testcase name="testAbaNumberCheck_30173_good" classname="com.cardatechnologies.utils.validators.abaroutevalidator.Test_AbaRouteValidator_14" time="0.019"/>
  <testcase name="testAbaNumberCheck_31771_good" classname="com.cardatechnologies.utils.validators.abaroutevalidator.Test_AbaRouteValidator_14" time="0.017"/>
  <testcase name="testAbaNumberCheck_30831_good" classname="com.cardatechnologies.utils.validators.abaroutevalidator.Test_AbaRouteValidator_14" time="0.018"/>
  <testcase name="testAbaNumberCheck_30047_good" classname="com.cardatechnologies.utils.validators.abaroutevalidator.Test_AbaRouteValidator_14" time="0.021"/>
  <testcase name="testAbaNumberCheck_31645_good" classname="com.cardatechnologies.utils.validators.abaroutevalidator.Test_AbaRouteValidator_14" time="0.016"/>
  <testcase name="testAbaNumberCheck_30705_good" classname="com.cardatechnologies.utils.validators.abaroutevalidator.Test_AbaRouteValidator_14" time="0.018"/>
  <testcase name="testAbaNumberCheck_32459_good" classname="com.cardatechnologies.utils.validators.abaroutevalidator.Test_AbaRouteValidator_14" time="0.019"/>
  <testcase name="testAbaNumberCheck_31519_good" classname="com.cardatechnologies.utils.validators.abaroutevalidator.Test_AbaRouteValidator_14" time="0.018"/>
  <testcase name="testAbaNumberCheck_31483_good" classname="com.cardatechnologies.utils.validators.abaroutevalidator.Test_AbaRouteValidator_14" time="0.019"/>
  <testcase name="testAbaNumberCheck_30543_good" classname="com.cardatechnologies.utils.validators.abaroutevalidator.Test_AbaRouteValidator_14" time="0.017"/>
  <testcase name="testAbaNumberCheck_32297_good" classname="com.cardatechnologies.utils.validators.abaroutevalidator.Test_AbaRouteValidator_14" time="0.018"/>
  <testcase name="testAbaNumberCheck_31357_good" classname="com.cardatechnologies.utils.validators.abaroutevalidator.Test_AbaRouteValidator_14" time="0.018"/>
  <testcase name="testAbaNumberCheck_30417_good" classname="com.cardatechnologies.utils.validators.abaroutevalidator.Test_AbaRouteValidator_14" time="0.017"/>
  <testcase name="testAbaNumberCheck_30381_good" classname="com.cardatechnologies.utils.validators.abaroutevalidator.Test_AbaRouteValidator_14" time="0.019"/>
  <testcase name="testAbaNumberCheck_31195_good" classname="com.cardatechnologies.utils.validators.abaroutevalidator.Test_AbaRouteValidator_14" time="0.018"/>
  <testcase name="testAbaNumberCheck_30255_good" classname="com.cardatechnologies.utils.validators.abaroutevalidator.Test_AbaRouteValidator_14" time="0.02"/>
  <testcase name="testAbaNumberCheck_31853_good" classname="com.cardatechnologies.utils.validators.abaroutevalidator.Test_AbaRouteValidator_14" time="0.022"/>
  <testcase name="testAbaNumberCheck_30913_good" classname="com.cardatechnologies.utils.validators.abaroutevalidator.Test_AbaRouteValidator_14" time="0.03"/>
  <testcase name="testAbaNumberCheck_31069_good" classname="com.cardatechnologies.utils.validators.abaroutevalidator.Test_AbaRouteValidator_14" time="0.022"/>
  <testcase name="testAbaNumberCheck_30129_good" classname="com.cardatechnologies.utils.validators.abaroutevalidator.Test_AbaRouteValidator_14" time="0.023"/>
  <testcase name="testAbaNumberCheck_31727_good" classname="com.cardatechnologies.utils.validators.abaroutevalidator.Test_AbaRouteValidator_14" time="0.02"/>
  <testcase name="testAbaNumberCheck_30093_good" classname="com.cardatechnologies.utils.validators.abaroutevalidator.Test_AbaRouteValidator_14" time="0.021"/>
  <testcase name="testAbaNumberCheck_31691_good" classname="com.cardatechnologies.utils.validators.abaroutevalidator.Test_AbaRouteValidator_14" time="0.02"/>
  <testcase name="testAbaNumberCheck_30751_good" classname="com.cardatechnologies.utils.validators.abaroutevalidator.Test_AbaRouteValidator_14" time="0.02"/>
  <testcase name="testAbaNumberCheck_31565_good" classname="com.cardatechnologies.utils.validators.abaroutevalidator.Test_AbaRouteValidator_14" time="0.019"/>
  <testcase name="testAbaNumberCheck_30625_good" classname="com.cardatechnologies.utils.validators.abaroutevalidator.Test_AbaRouteValidator_14" time="0.018"/>
  <testcase name="testAbaNumberCheck_32379_good" classname="com.cardatechnologies.utils.validators.abaroutevalidator.Test_AbaRouteValidator_14" time="0.019"/>
  <testcase name="testAbaNumberCheck_31439_good" classname="com.cardatechnologies.utils.validators.abaroutevalidator.Test_AbaRouteValidator_14" time="0.018"/>
  <testcase name="testAbaNumberCheck_30463_good" classname="com.cardatechnologies.utils.validators.abaroutevalidator.Test_AbaRouteValidator_14" time="0.02"/>
  <testcase name="testAbaNumberCheck_31277_good" classname="com.cardatechnologies.utils.validators.abaroutevalidator.Test_AbaRouteValidator_14" time="0.02"/>
  <testcase name="testAbaNumberCheck_30337_good" classname="com.cardatechnologies.utils.validators.abaroutevalidator.Test_AbaRouteValidator_14" time="0.02"/>
  <testcase name="testAbaNumberCheck_31935_good" classname="com.cardatechnologies.utils.validators.abaroutevalidator.Test_AbaRouteValidator_14" time="0.02"/>
  <testcase name="testAbaNumberCheck_31809_good" classname="com.cardatechnologies.utils.validators.abaroutevalidator.Test_AbaRouteValidator_14" time="0.019"/>
  <testcase name="testAbaNumberCheck_30175_good" classname="com.cardatechnologies.utils.validators.abaroutevalidator.Test_AbaRouteValidator_14" time="0.019"/>
  <testcase name="testAbaNumberCheck_31773_good" classname="com.cardatechnologies.utils.validators.abaroutevalidator.Test_AbaRouteValidator_14" time="0.019"/>
  <testcase name="testAbaNumberCheck_30833_good" classname="com.cardatechnologies.utils.validators.abaroutevalidator.Test_AbaRouteValidator_14" time="0.02"/>
  <testcase name="testAbaNumberCheck_30049_good" classname="com.cardatechnologies.utils.validators.abaroutevalidator.Test_AbaRouteValidator_14" time="0.02"/>
  <testcase name="testAbaNumberCheck_31647_good" classname="com.cardatechnologies.utils.validators.abaroutevalidator.Test_AbaRouteValidator_14" time="0.019"/>
  <testcase name="testAbaNumberCheck_30707_good" classname="com.cardatechnologies.utils.validators.abaroutevalidator.Test_AbaRouteValidator_14" time="0.019"/>
  <testcase name="testAbaNumberCheck_30671_good" classname="com.cardatechnologies.utils.validators.abaroutevalidator.Test_AbaRouteValidator_14" time="0.02"/>
  <testcase name="testAbaNumberCheck_31485_good" classname="com.cardatechnologies.utils.validators.abaroutevalidator.Test_AbaRouteValidator_14" time="0.02"/>
  <testcase name="testAbaNumberCheck_30545_good" classname="com.cardatechnologies.utils.validators.abaroutevalidator.Test_AbaRouteValidator_14" time="0.019"/>
  <testcase name="testAbaNumberCheck_32299_good" classname="com.cardatechnologies.utils.validators.abaroutevalidator.Test_AbaRouteValidator_14" time="0.024"/>
  <testcase name="testAbaNumberCheck_31359_good" classname="com.cardatechnologies.utils.validators.abaroutevalidator.Test_AbaRouteValidator_14" time="0.027"/>
  <testcase name="testAbaNumberCheck_30419_good" classname="com.cardatechnologies.utils.validators.abaroutevalidator.Test_AbaRouteValidator_14" time="0.038"/>
  <testcase name="testAbaNumberCheck_30383_good" classname="com.cardatechnologies.utils.validators.abaroutevalidator.Test_AbaRouteValidator_14" time="0.019"/>
  <testcase name="testAbaNumberCheck_31981_good" classname="com.cardatechnologies.utils.validators.abaroutevalidator.Test_AbaRouteValidator_14" time="0.018"/>
  <testcase name="testAbaNumberCheck_31197_good" classname="com.cardatechnologies.utils.validators.abaroutevalidator.Test_AbaRouteValidator_14" time="0.019"/>
  <testcase name="testAbaNumberCheck_30257_good" classname="com.cardatechnologies.utils.validators.abaroutevalidator.Test_AbaRouteValidator_14" time="0.018"/>
  <testcase name="testAbaNumberCheck_31855_good" classname="com.cardatechnologies.utils.validators.abaroutevalidator.Test_AbaRouteValidator_14" time="0.018"/>
  <testcase name="testAbaNumberCheck_30915_good" classname="com.cardatechnologies.utils.validators.abaroutevalidator.Test_AbaRouteValidator_14" time="0.017"/>
  <testcase name="testAbaNumberCheck_31729_good" classname="com.cardatechnologies.utils.validators.abaroutevalidator.Test_AbaRouteValidator_14" time="0.018"/>
  <testcase name="testAbaNumberCheck_30095_good" classname="com.cardatechnologies.utils.validators.abaroutevalidator.Test_AbaRouteValidator_14" time="0.018"/>
  <testcase name="testAbaNumberCheck_31693_good" classname="com.cardatechnologies.utils.validators.abaroutevalidator.Test_AbaRouteValidator_14" time="0.019"/>
  <testcase name="testAbaNumberCheck_30753_good" classname="com.cardatechnologies.utils.validators.abaroutevalidator.Test_AbaRouteValidator_14" time="0.018"/>
  <testcase name="testAbaNumberCheck_31567_good" classname="com.cardatechnologies.utils.validators.abaroutevalidator.Test_AbaRouteValidator_14" time="0.018"/>
  <testcase name="testAbaNumberCheck_30627_good" classname="com.cardatechnologies.utils.validators.abaroutevalidator.Test_AbaRouteValidator_14" time="0.018"/>
  <testcase name="testAbaNumberCheck_30591_good" classname="com.cardatechnologies.utils.validators.abaroutevalidator.Test_AbaRouteValidator_14" time="0.017"/>
  <testcase name="testAbaNumberCheck_30465_good" classname="com.cardatechnologies.utils.validators.abaroutevalidator.Test_AbaRouteValidator_14" time="0.018"/>
  <testcase name="testAbaNumberCheck_31279_good" classname="com.cardatechnologies.utils.validators.abaroutevalidator.Test_AbaRouteValidator_14" time="0.019"/>
  <testcase name="testAbaNumberCheck_30339_good" classname="com.cardatechnologies.utils.validators.abaroutevalidator.Test_AbaRouteValidator_14" time="0.017"/>
  <testcase name="testAbaNumberCheck_31937_good" classname="com.cardatechnologies.utils.validators.abaroutevalidator.Test_AbaRouteValidator_14" time="0.018"/>
  <testcase name="testAbaNumberCheck_30961_good" classname="com.cardatechnologies.utils.validators.abaroutevalidator.Test_AbaRouteValidator_14" time="0.019"/>
  <testcase name="testAbaNumberCheck_30177_good" classname="com.cardatechnologies.utils.validators.abaroutevalidator.Test_AbaRouteValidator_14" time="0.018"/>
  <testcase name="testAbaNumberCheck_31775_good" classname="com.cardatechnologies.utils.validators.abaroutevalidator.Test_AbaRouteValidator_14" time="0.019"/>
  <testcase name="testAbaNumberCheck_30835_good" classname="com.cardatechnologies.utils.validators.abaroutevalidator.Test_AbaRouteValidator_14" time="0.018"/>
  <testcase name="testAbaNumberCheck_31649_good" classname="com.cardatechnologies.utils.validators.abaroutevalidator.Test_AbaRouteValidator_14" time="0.018"/>
  <testcase name="testAbaNumberCheck_30709_good" classname="com.cardatechnologies.utils.validators.abaroutevalidator.Test_AbaRouteValidator_14" time="0.018"/>
  <testcase name="testAbaNumberCheck_30673_good" classname="com.cardatechnologies.utils.validators.abaroutevalidator.Test_AbaRouteValidator_14" time="0.019"/>
  <testcase name="testAbaNumberCheck_31487_good" classname="com.cardatechnologies.utils.validators.abaroutevalidator.Test_AbaRouteValidator_14" time="0.021"/>
  <testcase name="testAbaNumberCheck_30547_good" classname="com.cardatechnologies.utils.validators.abaroutevalidator.Test_AbaRouteValidator_14" time="0.02"/>
</testsuite>