<?xml version="1.0" encoding="UTF-8"?>
<testsuite xmlns:xsi="http://www.w3.org/2001/XMLSchema-instance" xsi:noNamespaceSchemaLocation="https://maven.apache.org/surefire/maven-surefire-plugin/xsd/surefire-test-report-3.0.xsd" version="3.0" name="com.cardatechnologies.utils.validators.abaroutevalidator.Test_AbaRouteValidator_09" time="50.019" tests="2450" errors="0" skipped="0" failures="0">
  <properties>
    <property name="sun.desktop" value="windows"/>
    <property name="awt.toolkit" value="sun.awt.windows.WToolkit"/>
    <property name="file.encoding.pkg" value="sun.io"/>
    <property name="java.specification.version" value="1.8"/>
    <property name="sun.cpu.isalist" value="amd64"/>
    <property name="sun.jnu.encoding" value="Cp1252"/>
    <property name="java.class.path" value="D:\Projects\GitHub\aba.route.validator\target\clover\test-classes;D:\Projects\GitHub\aba.route.validator\target\clover\classes;C:\Users\Joker\.m2\repository\org\junit\jupiter\junit-jupiter\5.8.0-M1\junit-jupiter-5.8.0-M1.jar;C:\Users\Joker\.m2\repository\org\junit\jupiter\junit-jupiter-api\5.8.0-M1\junit-jupiter-api-5.8.0-M1.jar;C:\Users\Joker\.m2\repository\org\apiguardian\apiguardian-api\1.1.1\apiguardian-api-1.1.1.jar;C:\Users\Joker\.m2\repository\org\opentest4j\opentest4j\1.2.0\opentest4j-1.2.0.jar;C:\Users\Joker\.m2\repository\org\junit\platform\junit-platform-commons\1.8.0-M1\junit-platform-commons-1.8.0-M1.jar;C:\Users\Joker\.m2\repository\org\junit\jupiter\junit-jupiter-params\5.8.0-M1\junit-jupiter-params-5.8.0-M1.jar;C:\Users\Joker\.m2\repository\org\junit\jupiter\junit-jupiter-engine\5.8.0-M1\junit-jupiter-engine-5.8.0-M1.jar;C:\Users\Joker\.m2\repository\org\junit\platform\junit-platform-engine\1.8.0-M1\junit-platform-engine-1.8.0-M1.jar;C:\Users\Joker\.m2\repository\org\jetbrains\kotlin\kotlin-stdlib-jdk8\1.4.20\kotlin-stdlib-jdk8-1.4.20.jar;C:\Users\Joker\.m2\repository\org\jetbrains\kotlin\kotlin-stdlib\1.4.20\kotlin-stdlib-1.4.20.jar;C:\Users\Joker\.m2\repository\org\jetbrains\kotlin\kotlin-stdlib-common\1.4.20\kotlin-stdlib-common-1.4.20.jar;C:\Users\Joker\.m2\repository\org\jetbrains\annotations\13.0\annotations-13.0.jar;C:\Users\Joker\.m2\repository\org\jetbrains\kotlin\kotlin-stdlib-jdk7\1.4.20\kotlin-stdlib-jdk7-1.4.20.jar;C:\Users\Joker\.m2\repository\junit\junit\4.13.2\junit-4.13.2.jar;C:\Users\Joker\.m2\repository\org\hamcrest\hamcrest-core\1.3\hamcrest-core-1.3.jar;C:\Users\Joker\.m2\repository\org\openclover\clover\4.4.1\clover-4.4.1.jar;C:\Users\Joker\AppData\Local\Temp\grover8279353255277467013.jar;"/>
    <property name="java.vm.vendor" value="Oracle Corporation"/>
    <property name="sun.arch.data.model" value="64"/>
    <property name="user.variant" value=""/>
    <property name="java.vendor.url" value="http://java.oracle.com/"/>
    <property name="user.timezone" value="America/Denver"/>
    <property name="java.vm.specification.version" value="1.8"/>
    <property name="os.name" value="Windows 10"/>
    <property name="user.country" value="US"/>
    <property name="sun.java.launcher" value="SUN_STANDARD"/>
    <property name="sun.boot.library.path" value="D:\Tools\Java\JDK\jdk1.8.0_251\jre\bin"/>
    <property name="sun.java.command" value="C:\Users\Joker\AppData\Local\Temp\surefire1429051986229938233\surefirebooter1026372107155744162.jar C:\Users\Joker\AppData\Local\Temp\surefire1429051986229938233 2021-08-07T12-30-16_371-jvmRun1 surefire8642469005375175643tmp surefire_0437398952437214220tmp"/>
    <property name="surefire.test.class.path" value="D:\Projects\GitHub\aba.route.validator\target\clover\test-classes;D:\Projects\GitHub\aba.route.validator\target\clover\classes;C:\Users\Joker\.m2\repository\org\junit\jupiter\junit-jupiter\5.8.0-M1\junit-jupiter-5.8.0-M1.jar;C:\Users\Joker\.m2\repository\org\junit\jupiter\junit-jupiter-api\5.8.0-M1\junit-jupiter-api-5.8.0-M1.jar;C:\Users\Joker\.m2\repository\org\apiguardian\apiguardian-api\1.1.1\apiguardian-api-1.1.1.jar;C:\Users\Joker\.m2\repository\org\opentest4j\opentest4j\1.2.0\opentest4j-1.2.0.jar;C:\Users\Joker\.m2\repository\org\junit\platform\junit-platform-commons\1.8.0-M1\junit-platform-commons-1.8.0-M1.jar;C:\Users\Joker\.m2\repository\org\junit\jupiter\junit-jupiter-params\5.8.0-M1\junit-jupiter-params-5.8.0-M1.jar;C:\Users\Joker\.m2\repository\org\junit\jupiter\junit-jupiter-engine\5.8.0-M1\junit-jupiter-engine-5.8.0-M1.jar;C:\Users\Joker\.m2\repository\org\junit\platform\junit-platform-engine\1.8.0-M1\junit-platform-engine-1.8.0-M1.jar;C:\Users\Joker\.m2\repository\org\jetbrains\kotlin\kotlin-stdlib-jdk8\1.4.20\kotlin-stdlib-jdk8-1.4.20.jar;C:\Users\Joker\.m2\repository\org\jetbrains\kotlin\kotlin-stdlib\1.4.20\kotlin-stdlib-1.4.20.jar;C:\Users\Joker\.m2\repository\org\jetbrains\kotlin\kotlin-stdlib-common\1.4.20\kotlin-stdlib-common-1.4.20.jar;C:\Users\Joker\.m2\repository\org\jetbrains\annotations\13.0\annotations-13.0.jar;C:\Users\Joker\.m2\repository\org\jetbrains\kotlin\kotlin-stdlib-jdk7\1.4.20\kotlin-stdlib-jdk7-1.4.20.jar;C:\Users\Joker\.m2\repository\junit\junit\4.13.2\junit-4.13.2.jar;C:\Users\Joker\.m2\repository\org\hamcrest\hamcrest-core\1.3\hamcrest-core-1.3.jar;C:\Users\Joker\.m2\repository\org\openclover\clover\4.4.1\clover-4.4.1.jar;C:\Users\Joker\AppData\Local\Temp\grover8279353255277467013.jar;"/>
    <property name="sun.cpu.endian" value="little"/>
    <property name="user.home" value="C:\Users\Joker"/>
    <property name="user.language" value="en"/>
    <property name="java.specification.vendor" value="Oracle Corporation"/>
    <property name="java.home" value="D:\Tools\Java\JDK\jdk1.8.0_251\jre"/>
    <property name="basedir" value="D:\Projects\GitHub\aba.route.validator"/>
    <property name="file.separator" value="\"/>
    <property name="line.separator" value="&#10;"/>
    <property name="java.vm.specification.vendor" value="Oracle Corporation"/>
    <property name="java.specification.name" value="Java Platform API Specification"/>
    <property name="java.awt.graphicsenv" value="sun.awt.Win32GraphicsEnvironment"/>
    <property name="surefire.real.class.path" value="C:\Users\Joker\AppData\Local\Temp\surefire1429051986229938233\surefirebooter1026372107155744162.jar"/>
    <property name="sun.boot.class.path" value="D:\Tools\Java\JDK\jdk1.8.0_251\jre\lib\resources.jar;D:\Tools\Java\JDK\jdk1.8.0_251\jre\lib\rt.jar;D:\Tools\Java\JDK\jdk1.8.0_251\jre\lib\sunrsasign.jar;D:\Tools\Java\JDK\jdk1.8.0_251\jre\lib\jsse.jar;D:\Tools\Java\JDK\jdk1.8.0_251\jre\lib\jce.jar;D:\Tools\Java\JDK\jdk1.8.0_251\jre\lib\charsets.jar;D:\Tools\Java\JDK\jdk1.8.0_251\jre\lib\jfr.jar;D:\Tools\Java\JDK\jdk1.8.0_251\jre\classes"/>
    <property name="user.script" value=""/>
    <property name="sun.management.compiler" value="HotSpot 64-Bit Tiered Compilers"/>
    <property name="java.runtime.version" value="1.8.0_251-b08"/>
    <property name="user.name" value="Joker"/>
    <property name="path.separator" value=";"/>
    <property name="os.version" value="10.0"/>
    <property name="java.endorsed.dirs" value="D:\Tools\Java\JDK\jdk1.8.0_251\jre\lib\endorsed"/>
    <property name="java.runtime.name" value="Java(TM) SE Runtime Environment"/>
    <property name="file.encoding" value="Cp1252"/>
    <property name="java.vm.name" value="Java HotSpot(TM) 64-Bit Server VM"/>
    <property name="localRepository" value="C:\Users\Joker\.m2\repository"/>
    <property name="java.vendor.url.bug" value="http://bugreport.sun.com/bugreport/"/>
    <property name="java.io.tmpdir" value="C:\Users\Joker\AppData\Local\Temp\"/>
    <property name="java.version" value="1.8.0_251"/>
    <property name="user.dir" value="D:\Projects\GitHub\aba.route.validator"/>
    <property name="os.arch" value="amd64"/>
    <property name="java.vm.specification.name" value="Java Virtual Machine Specification"/>
    <property name="java.awt.printerjob" value="sun.awt.windows.WPrinterJob"/>
    <property name="sun.os.patch.level" value=""/>
    <property name="java.library.path" value="D:\Tools\Java\JDK\jdk1.8.0_251\jre\bin;C:\WINDOWS\Sun\Java\bin;C:\WINDOWS\system32;C:\WINDOWS;D:\Tools\Java\Apache\apache-maven-3.6.3\bin;D:\Tools\Java\JDK\jdk1.8.0_251\bin;C:\Users\Joker\bin;C:\Program Files\Git\mingw64\bin;C:\Program Files\Git\usr\local\bin;C:\Program Files\Git\usr\bin;C:\Program Files\Git\usr\bin;C:\Program Files\Git\mingw64\bin;C:\Program Files\Git\usr\bin;C:\Users\Joker\bin;C:\ProgramData\Oracle\Java\javapath;C:\Program Files (x86)\Common Files\Oracle\Java\javapath;C:\Program Files (x86)\Intel\iCLS Client;C:\Program Files\Intel\iCLS Client;C:\Windows\system32;C:\Windows;C:\Windows\System32\Wbem;C:\Windows\System32\WindowsPowerShell\v1.0;C:\Program Files (x86)\NVIDIA Corporation\PhysX\Common;D:\Applications\QuickTime\QTSystem;C:\Program Files (x86)\Common Files\Acronis\VirtualFile;C:\Program Files (x86)\Common Files\Acronis\VirtualFile64;C:\Program Files (x86)\Common Files\Acronis\SnapAPI;C:\WINDOWS\system32;C:\WINDOWS;C:\WINDOWS\System32\Wbem;C:\WINDOWS\System32\WindowsPowerShell\v1.0;C:\Program Files (x86)\Intel\Intel(R) Management Engine Components\DAL;C:\Program Files\Intel\Intel(R) Management Engine Components\DAL;C:\Program Files (x86)\Intel\Intel(R) Management Engine Components\IPT;C:\Program Files\Intel\Intel(R) Management Engine Components\IPT;C:\WINDOWS\System32\OpenSSH;C:\Program Files\NVIDIA Corporation\NVIDIA NvDLISR;C:\WINDOWS\system32;C:\WINDOWS;C:\WINDOWS\System32\Wbem;C:\WINDOWS\System32\WindowsPowerShell\v1.0;C:\WINDOWS\System32\OpenSSH;C:\Program Files (x86)\Common Files\Acronis\FileProtector;C:\Program Files (x86)\Common Files\Acronis\FileProtector64;C:\Program Files\PuTTY;C:\Program Files\Docker\Docker\resources\bin;C:\ProgramData\DockerDesktop\version-bin;C:\Program Files\Git\cmd;C:\Users\Joker\AppData\Local\Microsoft\WindowsApps;D:\Tools\Java\JDK\jdk1.8.0_251\bin;D:\Tools\Java\Apache\apache-maven-3.8.1\bin;D:\Tools\Java\Apache\apache-ant-1.10.1\bin;D:\Tools\Java\gradle-4.2\bin;C:\Program Files\JetBrains\IntelliJ IDEA 2019.3\bin;C:\Program Files (x86)\DTN\IQFeed;C:\Users\Joker\AppData\Local\GitHubDesktop\bin;D:\Tools\Java\JetBrains\IntelliJ_2020_1.3\bin;C:\Users\Joker\AppData\Local\Microsoft\WindowsApps;C:\Program Files\Git\usr\bin\vendor_perl;C:\Program Files\Git\usr\bin\core_perl;."/>
    <property name="java.vm.info" value="mixed mode"/>
    <property name="java.vendor" value="Oracle Corporation"/>
    <property name="java.vm.version" value="25.251-b08"/>
    <property name="java.ext.dirs" value="D:\Tools\Java\JDK\jdk1.8.0_251\jre\lib\ext;C:\WINDOWS\Sun\Java\lib\ext"/>
    <property name="sun.io.unicode.encoding" value="UnicodeLittle"/>
    <property name="java.class.version" value="52.0"/>
  </properties>
  <testcase name="testAbaNumberCheck_19950_bad" classname="com.cardatechnologies.utils.validators.abaroutevalidator.Test_AbaRouteValidator_09" time="0.018"/>
  <testcase name="testAbaNumberCheck_19952_bad" classname="com.cardatechnologies.utils.validators.abaroutevalidator.Test_AbaRouteValidator_09" time="0.021"/>
  <testcase name="testAbaNumberCheck_17799_good" classname="com.cardatechnologies.utils.validators.abaroutevalidator.Test_AbaRouteValidator_09" time="0.021"/>
  <testcase name="testAbaNumberCheck_19954_bad" classname="com.cardatechnologies.utils.validators.abaroutevalidator.Test_AbaRouteValidator_09" time="0.021"/>
  <testcase name="testAbaNumberCheck_18690_bad" classname="com.cardatechnologies.utils.validators.abaroutevalidator.Test_AbaRouteValidator_09" time="0.021"/>
  <testcase name="testAbaNumberCheck_19956_bad" classname="com.cardatechnologies.utils.validators.abaroutevalidator.Test_AbaRouteValidator_09" time="0.02"/>
  <testcase name="testAbaNumberCheck_18692_bad" classname="com.cardatechnologies.utils.validators.abaroutevalidator.Test_AbaRouteValidator_09" time="0.021"/>
  <testcase name="testAbaNumberCheck_19958_bad" classname="com.cardatechnologies.utils.validators.abaroutevalidator.Test_AbaRouteValidator_09" time="0.021"/>
  <testcase name="testAbaNumberCheck_17880_bad" classname="com.cardatechnologies.utils.validators.abaroutevalidator.Test_AbaRouteValidator_09" time="0.02"/>
  <testcase name="testAbaNumberCheck_18694_bad" classname="com.cardatechnologies.utils.validators.abaroutevalidator.Test_AbaRouteValidator_09" time="0.02"/>
  <testcase name="testAbaNumberCheck_17882_bad" classname="com.cardatechnologies.utils.validators.abaroutevalidator.Test_AbaRouteValidator_09" time="0.02"/>
  <testcase name="testAbaNumberCheck_18696_bad" classname="com.cardatechnologies.utils.validators.abaroutevalidator.Test_AbaRouteValidator_09" time="0.021"/>
  <testcase name="testAbaNumberCheck_17884_bad" classname="com.cardatechnologies.utils.validators.abaroutevalidator.Test_AbaRouteValidator_09" time="0.021"/>
  <testcase name="testAbaNumberCheck_18698_bad" classname="com.cardatechnologies.utils.validators.abaroutevalidator.Test_AbaRouteValidator_09" time="0.021"/>
  <testcase name="testAbaNumberCheck_17886_bad" classname="com.cardatechnologies.utils.validators.abaroutevalidator.Test_AbaRouteValidator_09" time="0.02"/>
  <testcase name="testAbaNumberCheck_17888_bad" classname="com.cardatechnologies.utils.validators.abaroutevalidator.Test_AbaRouteValidator_09" time="0.021"/>
  <testcase name="testAbaNumberCheck_19960_bad" classname="com.cardatechnologies.utils.validators.abaroutevalidator.Test_AbaRouteValidator_09" time="0.02"/>
  <testcase name="testAbaNumberCheck_19962_bad" classname="com.cardatechnologies.utils.validators.abaroutevalidator.Test_AbaRouteValidator_09" time="0.021"/>
  <testcase name="testAbaNumberCheck_19964_bad" classname="com.cardatechnologies.utils.validators.abaroutevalidator.Test_AbaRouteValidator_09" time="0.02"/>
  <testcase name="testAbaNumberCheck_19966_bad" classname="com.cardatechnologies.utils.validators.abaroutevalidator.Test_AbaRouteValidator_09" time="0.021"/>
  <testcase name="testAbaNumberCheck_19968_bad" classname="com.cardatechnologies.utils.validators.abaroutevalidator.Test_AbaRouteValidator_09" time="0.02"/>
  <testcase name="testAbaNumberCheck_17890_bad" classname="com.cardatechnologies.utils.validators.abaroutevalidator.Test_AbaRouteValidator_09" time="0.038"/>
  <testcase name="testAbaNumberCheck_17892_bad" classname="com.cardatechnologies.utils.validators.abaroutevalidator.Test_AbaRouteValidator_09" time="0.02"/>
  <testcase name="testAbaNumberCheck_17894_bad" classname="com.cardatechnologies.utils.validators.abaroutevalidator.Test_AbaRouteValidator_09" time="0.028"/>
  <testcase name="testAbaNumberCheck_17896_bad" classname="com.cardatechnologies.utils.validators.abaroutevalidator.Test_AbaRouteValidator_09" time="0.02"/>
  <testcase name="testAbaNumberCheck_17898_bad" classname="com.cardatechnologies.utils.validators.abaroutevalidator.Test_AbaRouteValidator_09" time="0.021"/>
  <testcase name="testAbaNumberCheck_19970_bad" classname="com.cardatechnologies.utils.validators.abaroutevalidator.Test_AbaRouteValidator_09" time="0.021"/>
  <testcase name="testAbaNumberCheck_19972_bad" classname="com.cardatechnologies.utils.validators.abaroutevalidator.Test_AbaRouteValidator_09" time="0.02"/>
  <testcase name="testAbaNumberCheck_19974_bad" classname="com.cardatechnologies.utils.validators.abaroutevalidator.Test_AbaRouteValidator_09" time="0.02"/>
  <testcase name="testAbaNumberCheck_19976_bad" classname="com.cardatechnologies.utils.validators.abaroutevalidator.Test_AbaRouteValidator_09" time="0.021"/>
  <testcase name="testAbaNumberCheck_19978_bad" classname="com.cardatechnologies.utils.validators.abaroutevalidator.Test_AbaRouteValidator_09" time="0.021"/>
  <testcase name="testAbaNumberCheck_19111_good" classname="com.cardatechnologies.utils.validators.abaroutevalidator.Test_AbaRouteValidator_09" time="0.02"/>
  <testcase name="testAbaNumberCheck_19980_bad" classname="com.cardatechnologies.utils.validators.abaroutevalidator.Test_AbaRouteValidator_09" time="0.024"/>
  <testcase name="testAbaNumberCheck_19982_bad" classname="com.cardatechnologies.utils.validators.abaroutevalidator.Test_AbaRouteValidator_09" time="0.025"/>
  <testcase name="testAbaNumberCheck_19984_bad" classname="com.cardatechnologies.utils.validators.abaroutevalidator.Test_AbaRouteValidator_09" time="0.025"/>
  <testcase name="testAbaNumberCheck_19986_bad" classname="com.cardatechnologies.utils.validators.abaroutevalidator.Test_AbaRouteValidator_09" time="0.025"/>
  <testcase name="testAbaNumberCheck_19988_bad" classname="com.cardatechnologies.utils.validators.abaroutevalidator.Test_AbaRouteValidator_09" time="0.026"/>
  <testcase name="testAbaNumberCheck_19031_good" classname="com.cardatechnologies.utils.validators.abaroutevalidator.Test_AbaRouteValidator_09" time="0.026"/>
  <testcase name="testAbaNumberCheck_19990_bad" classname="com.cardatechnologies.utils.validators.abaroutevalidator.Test_AbaRouteValidator_09" time="0.024"/>
  <testcase name="testAbaNumberCheck_19992_bad" classname="com.cardatechnologies.utils.validators.abaroutevalidator.Test_AbaRouteValidator_09" time="0.022"/>
  <testcase name="testAbaNumberCheck_19994_bad" classname="com.cardatechnologies.utils.validators.abaroutevalidator.Test_AbaRouteValidator_09" time="0.023"/>
  <testcase name="testAbaNumberCheck_19996_bad" classname="com.cardatechnologies.utils.validators.abaroutevalidator.Test_AbaRouteValidator_09" time="0.022"/>
  <testcase name="testAbaNumberCheck_19998_bad" classname="com.cardatechnologies.utils.validators.abaroutevalidator.Test_AbaRouteValidator_09" time="0.023"/>
  <testcase name="testAbaNumberCheck_19401_good" classname="com.cardatechnologies.utils.validators.abaroutevalidator.Test_AbaRouteValidator_09" time="0.029"/>
  <testcase name="testAbaNumberCheck_19113_good" classname="com.cardatechnologies.utils.validators.abaroutevalidator.Test_AbaRouteValidator_09" time="0.024"/>
  <testcase name="testAbaNumberCheck_18011_good" classname="com.cardatechnologies.utils.validators.abaroutevalidator.Test_AbaRouteValidator_09" time="0.038"/>
  <testcase name="testAbaNumberCheck_19321_good" classname="com.cardatechnologies.utils.validators.abaroutevalidator.Test_AbaRouteValidator_09" time="0.025"/>
  <testcase name="testAbaNumberCheck_19033_good" classname="com.cardatechnologies.utils.validators.abaroutevalidator.Test_AbaRouteValidator_09" time="0.022"/>
  <testcase name="testAbaNumberCheck_19403_good" classname="com.cardatechnologies.utils.validators.abaroutevalidator.Test_AbaRouteValidator_09" time="0.022"/>
  <testcase name="testAbaNumberCheck_19241_good" classname="com.cardatechnologies.utils.validators.abaroutevalidator.Test_AbaRouteValidator_09" time="0.023"/>
  <testcase name="testAbaNumberCheck_18301_good" classname="com.cardatechnologies.utils.validators.abaroutevalidator.Test_AbaRouteValidator_09" time="0.022"/>
  <testcase name="testAbaNumberCheck_19115_good" classname="com.cardatechnologies.utils.validators.abaroutevalidator.Test_AbaRouteValidator_09" time="0.023"/>
  <testcase name="testAbaNumberCheck_18013_good" classname="com.cardatechnologies.utils.validators.abaroutevalidator.Test_AbaRouteValidator_09" time="0.021"/>
  <testcase name="testAbaNumberCheck_19611_good" classname="com.cardatechnologies.utils.validators.abaroutevalidator.Test_AbaRouteValidator_09" time="0.02"/>
  <testcase name="testAbaNumberCheck_19323_good" classname="com.cardatechnologies.utils.validators.abaroutevalidator.Test_AbaRouteValidator_09" time="0.021"/>
  <testcase name="testAbaNumberCheck_19161_good" classname="com.cardatechnologies.utils.validators.abaroutevalidator.Test_AbaRouteValidator_09" time="0.02"/>
  <testcase name="testAbaNumberCheck_18221_good" classname="com.cardatechnologies.utils.validators.abaroutevalidator.Test_AbaRouteValidator_09" time="0.021"/>
  <testcase name="testAbaNumberCheck_19035_good" classname="com.cardatechnologies.utils.validators.abaroutevalidator.Test_AbaRouteValidator_09" time="0.02"/>
  <testcase name="testAbaNumberCheck_19531_good" classname="com.cardatechnologies.utils.validators.abaroutevalidator.Test_AbaRouteValidator_09" time="0.021"/>
  <testcase name="testAbaNumberCheck_19405_good" classname="com.cardatechnologies.utils.validators.abaroutevalidator.Test_AbaRouteValidator_09" time="0.021"/>
  <testcase name="testAbaNumberCheck_19243_good" classname="com.cardatechnologies.utils.validators.abaroutevalidator.Test_AbaRouteValidator_09" time="0.021"/>
  <testcase name="testAbaNumberCheck_18303_good" classname="com.cardatechnologies.utils.validators.abaroutevalidator.Test_AbaRouteValidator_09" time="0.02"/>
  <testcase name="testAbaNumberCheck_19901_good" classname="com.cardatechnologies.utils.validators.abaroutevalidator.Test_AbaRouteValidator_09" time="0.021"/>
  <testcase name="testAbaNumberCheck_19117_good" classname="com.cardatechnologies.utils.validators.abaroutevalidator.Test_AbaRouteValidator_09" time="0.021"/>
  <testcase name="testAbaNumberCheck_19081_good" classname="com.cardatechnologies.utils.validators.abaroutevalidator.Test_AbaRouteValidator_09" time="0.021"/>
  <testcase name="testAbaNumberCheck_18141_good" classname="com.cardatechnologies.utils.validators.abaroutevalidator.Test_AbaRouteValidator_09" time="0.02"/>
  <testcase name="testAbaNumberCheck_18015_good" classname="com.cardatechnologies.utils.validators.abaroutevalidator.Test_AbaRouteValidator_09" time="0.025"/>
  <testcase name="testAbaNumberCheck_19613_good" classname="com.cardatechnologies.utils.validators.abaroutevalidator.Test_AbaRouteValidator_09" time="0.023"/>
  <testcase name="testAbaNumberCheck_19451_good" classname="com.cardatechnologies.utils.validators.abaroutevalidator.Test_AbaRouteValidator_09" time="0.022"/>
  <testcase name="testAbaNumberCheck_18511_good" classname="com.cardatechnologies.utils.validators.abaroutevalidator.Test_AbaRouteValidator_09" time="0.028"/>
  <testcase name="testAbaNumberCheck_19325_good" classname="com.cardatechnologies.utils.validators.abaroutevalidator.Test_AbaRouteValidator_09" time="0.021"/>
  <testcase name="testAbaNumberCheck_19163_good" classname="com.cardatechnologies.utils.validators.abaroutevalidator.Test_AbaRouteValidator_09" time="0.021"/>
  <testcase name="testAbaNumberCheck_18223_good" classname="com.cardatechnologies.utils.validators.abaroutevalidator.Test_AbaRouteValidator_09" time="0.02"/>
  <testcase name="testAbaNumberCheck_19821_good" classname="com.cardatechnologies.utils.validators.abaroutevalidator.Test_AbaRouteValidator_09" time="0.021"/>
  <testcase name="testAbaNumberCheck_19037_good" classname="com.cardatechnologies.utils.validators.abaroutevalidator.Test_AbaRouteValidator_09" time="0.023"/>
  <testcase name="testAbaNumberCheck_18061_good" classname="com.cardatechnologies.utils.validators.abaroutevalidator.Test_AbaRouteValidator_09" time="0.023"/>
  <testcase name="testAbaNumberCheck_19533_good" classname="com.cardatechnologies.utils.validators.abaroutevalidator.Test_AbaRouteValidator_09" time="0.024"/>
  <testcase name="testAbaNumberCheck_19407_good" classname="com.cardatechnologies.utils.validators.abaroutevalidator.Test_AbaRouteValidator_09" time="0.025"/>
  <testcase name="testAbaNumberCheck_19371_good" classname="com.cardatechnologies.utils.validators.abaroutevalidator.Test_AbaRouteValidator_09" time="0.024"/>
  <testcase name="testAbaNumberCheck_18431_good" classname="com.cardatechnologies.utils.validators.abaroutevalidator.Test_AbaRouteValidator_09" time="0.023"/>
  <testcase name="testAbaNumberCheck_19245_good" classname="com.cardatechnologies.utils.validators.abaroutevalidator.Test_AbaRouteValidator_09" time="0.024"/>
  <testcase name="testAbaNumberCheck_18305_good" classname="com.cardatechnologies.utils.validators.abaroutevalidator.Test_AbaRouteValidator_09" time="0.023"/>
  <testcase name="testAbaNumberCheck_19903_good" classname="com.cardatechnologies.utils.validators.abaroutevalidator.Test_AbaRouteValidator_09" time="0.025"/>
  <testcase name="testAbaNumberCheck_19119_good" classname="com.cardatechnologies.utils.validators.abaroutevalidator.Test_AbaRouteValidator_09" time="0.025"/>
  <testcase name="testAbaNumberCheck_19083_good" classname="com.cardatechnologies.utils.validators.abaroutevalidator.Test_AbaRouteValidator_09" time="0.022"/>
  <testcase name="testAbaNumberCheck_18143_good" classname="com.cardatechnologies.utils.validators.abaroutevalidator.Test_AbaRouteValidator_09" time="0.022"/>
  <testcase name="testAbaNumberCheck_19741_good" classname="com.cardatechnologies.utils.validators.abaroutevalidator.Test_AbaRouteValidator_09" time="0.021"/>
  <testcase name="testAbaNumberCheck_18801_good" classname="com.cardatechnologies.utils.validators.abaroutevalidator.Test_AbaRouteValidator_09" time="0.02"/>
  <testcase name="testAbaNumberCheck_18017_good" classname="com.cardatechnologies.utils.validators.abaroutevalidator.Test_AbaRouteValidator_09" time="0.021"/>
  <testcase name="testAbaNumberCheck_19615_good" classname="com.cardatechnologies.utils.validators.abaroutevalidator.Test_AbaRouteValidator_09" time="0.027"/>
  <testcase name="testAbaNumberCheck_19453_good" classname="com.cardatechnologies.utils.validators.abaroutevalidator.Test_AbaRouteValidator_09" time="0.024"/>
  <testcase name="testAbaNumberCheck_18513_good" classname="com.cardatechnologies.utils.validators.abaroutevalidator.Test_AbaRouteValidator_09" time="0.021"/>
  <testcase name="testAbaNumberCheck_19327_good" classname="com.cardatechnologies.utils.validators.abaroutevalidator.Test_AbaRouteValidator_09" time="0.027"/>
  <testcase name="testAbaNumberCheck_19291_good" classname="com.cardatechnologies.utils.validators.abaroutevalidator.Test_AbaRouteValidator_09" time="0.023"/>
  <testcase name="testAbaNumberCheck_18351_good" classname="com.cardatechnologies.utils.validators.abaroutevalidator.Test_AbaRouteValidator_09" time="0.039"/>
  <testcase name="testAbaNumberCheck_19165_good" classname="com.cardatechnologies.utils.validators.abaroutevalidator.Test_AbaRouteValidator_09" time="0.028"/>
  <testcase name="testAbaNumberCheck_18225_good" classname="com.cardatechnologies.utils.validators.abaroutevalidator.Test_AbaRouteValidator_09" time="0.026"/>
  <testcase name="testAbaNumberCheck_19823_good" classname="com.cardatechnologies.utils.validators.abaroutevalidator.Test_AbaRouteValidator_09" time="0.026"/>
  <testcase name="testAbaNumberCheck_19039_good" classname="com.cardatechnologies.utils.validators.abaroutevalidator.Test_AbaRouteValidator_09" time="0.028"/>
  <testcase name="testAbaNumberCheck_18063_good" classname="com.cardatechnologies.utils.validators.abaroutevalidator.Test_AbaRouteValidator_09" time="0.027"/>
  <testcase name="testAbaNumberCheck_19661_good" classname="com.cardatechnologies.utils.validators.abaroutevalidator.Test_AbaRouteValidator_09" time="0.028"/>
  <testcase name="testAbaNumberCheck_18721_good" classname="com.cardatechnologies.utils.validators.abaroutevalidator.Test_AbaRouteValidator_09" time="0.029"/>
  <testcase name="testAbaNumberCheck_19535_good" classname="com.cardatechnologies.utils.validators.abaroutevalidator.Test_AbaRouteValidator_09" time="0.025"/>
  <testcase name="testAbaNumberCheck_19409_good" classname="com.cardatechnologies.utils.validators.abaroutevalidator.Test_AbaRouteValidator_09" time="0.022"/>
  <testcase name="testAbaNumberCheck_19373_good" classname="com.cardatechnologies.utils.validators.abaroutevalidator.Test_AbaRouteValidator_09" time="0.02"/>
  <testcase name="testAbaNumberCheck_18433_good" classname="com.cardatechnologies.utils.validators.abaroutevalidator.Test_AbaRouteValidator_09" time="0.021"/>
  <testcase name="testAbaNumberCheck_19247_good" classname="com.cardatechnologies.utils.validators.abaroutevalidator.Test_AbaRouteValidator_09" time="0.02"/>
  <testcase name="testAbaNumberCheck_18307_good" classname="com.cardatechnologies.utils.validators.abaroutevalidator.Test_AbaRouteValidator_09" time="0.021"/>
  <testcase name="testAbaNumberCheck_19905_good" classname="com.cardatechnologies.utils.validators.abaroutevalidator.Test_AbaRouteValidator_09" time="0.021"/>
  <testcase name="testAbaNumberCheck_18271_good" classname="com.cardatechnologies.utils.validators.abaroutevalidator.Test_AbaRouteValidator_09" time="0.022"/>
  <testcase name="testAbaNumberCheck_19085_good" classname="com.cardatechnologies.utils.validators.abaroutevalidator.Test_AbaRouteValidator_09" time="0.026"/>
  <testcase name="testAbaNumberCheck_18145_good" classname="com.cardatechnologies.utils.validators.abaroutevalidator.Test_AbaRouteValidator_09" time="0.025"/>
  <testcase name="testAbaNumberCheck_19743_good" classname="com.cardatechnologies.utils.validators.abaroutevalidator.Test_AbaRouteValidator_09" time="0.024"/>
  <testcase name="testAbaNumberCheck_18803_good" classname="com.cardatechnologies.utils.validators.abaroutevalidator.Test_AbaRouteValidator_09" time="0.024"/>
  <testcase name="testAbaNumberCheck_18019_good" classname="com.cardatechnologies.utils.validators.abaroutevalidator.Test_AbaRouteValidator_09" time="0.021"/>
  <testcase name="testAbaNumberCheck_19617_good" classname="com.cardatechnologies.utils.validators.abaroutevalidator.Test_AbaRouteValidator_09" time="0.02"/>
  <testcase name="testAbaNumberCheck_19581_good" classname="com.cardatechnologies.utils.validators.abaroutevalidator.Test_AbaRouteValidator_09" time="0.021"/>
  <testcase name="testAbaNumberCheck_18641_good" classname="com.cardatechnologies.utils.validators.abaroutevalidator.Test_AbaRouteValidator_09" time="0.02"/>
  <testcase name="testAbaNumberCheck_17701_good" classname="com.cardatechnologies.utils.validators.abaroutevalidator.Test_AbaRouteValidator_09" time="0.021"/>
  <testcase name="testAbaNumberCheck_19455_good" classname="com.cardatechnologies.utils.validators.abaroutevalidator.Test_AbaRouteValidator_09" time="0.022"/>
  <testcase name="testAbaNumberCheck_18515_good" classname="com.cardatechnologies.utils.validators.abaroutevalidator.Test_AbaRouteValidator_09" time="0.026"/>
  <testcase name="testAbaNumberCheck_19329_good" classname="com.cardatechnologies.utils.validators.abaroutevalidator.Test_AbaRouteValidator_09" time="0.025"/>
  <testcase name="testAbaNumberCheck_19293_good" classname="com.cardatechnologies.utils.validators.abaroutevalidator.Test_AbaRouteValidator_09" time="0.024"/>
  <testcase name="testAbaNumberCheck_18353_good" classname="com.cardatechnologies.utils.validators.abaroutevalidator.Test_AbaRouteValidator_09" time="0.026"/>
  <testcase name="testAbaNumberCheck_19951_good" classname="com.cardatechnologies.utils.validators.abaroutevalidator.Test_AbaRouteValidator_09" time="0.023"/>
  <testcase name="testAbaNumberCheck_19167_good" classname="com.cardatechnologies.utils.validators.abaroutevalidator.Test_AbaRouteValidator_09" time="0.022"/>
  <testcase name="testAbaNumberCheck_18227_good" classname="com.cardatechnologies.utils.validators.abaroutevalidator.Test_AbaRouteValidator_09" time="0.021"/>
  <testcase name="testAbaNumberCheck_19825_good" classname="com.cardatechnologies.utils.validators.abaroutevalidator.Test_AbaRouteValidator_09" time="0.025"/>
  <testcase name="testAbaNumberCheck_18191_good" classname="com.cardatechnologies.utils.validators.abaroutevalidator.Test_AbaRouteValidator_09" time="0.025"/>
  <testcase name="testAbaNumberCheck_18065_good" classname="com.cardatechnologies.utils.validators.abaroutevalidator.Test_AbaRouteValidator_09" time="0.026"/>
  <testcase name="testAbaNumberCheck_19663_good" classname="com.cardatechnologies.utils.validators.abaroutevalidator.Test_AbaRouteValidator_09" time="0.025"/>
  <testcase name="testAbaNumberCheck_18723_good" classname="com.cardatechnologies.utils.validators.abaroutevalidator.Test_AbaRouteValidator_09" time="0.026"/>
  <testcase name="testAbaNumberCheck_19537_good" classname="com.cardatechnologies.utils.validators.abaroutevalidator.Test_AbaRouteValidator_09" time="0.029"/>
  <testcase name="testAbaNumberCheck_18561_good" classname="com.cardatechnologies.utils.validators.abaroutevalidator.Test_AbaRouteValidator_09" time="0.03"/>
  <testcase name="testAbaNumberCheck_17621_good" classname="com.cardatechnologies.utils.validators.abaroutevalidator.Test_AbaRouteValidator_09" time="0.029"/>
  <testcase name="testAbaNumberCheck_19375_good" classname="com.cardatechnologies.utils.validators.abaroutevalidator.Test_AbaRouteValidator_09" time="0.028"/>
  <testcase name="testAbaNumberCheck_18435_good" classname="com.cardatechnologies.utils.validators.abaroutevalidator.Test_AbaRouteValidator_09" time="0.026"/>
  <testcase name="testAbaNumberCheck_19249_good" classname="com.cardatechnologies.utils.validators.abaroutevalidator.Test_AbaRouteValidator_09" time="0.025"/>
  <testcase name="testAbaNumberCheck_18309_good" classname="com.cardatechnologies.utils.validators.abaroutevalidator.Test_AbaRouteValidator_09" time="0.025"/>
  <testcase name="testAbaNumberCheck_19907_good" classname="com.cardatechnologies.utils.validators.abaroutevalidator.Test_AbaRouteValidator_09" time="0.025"/>
  <testcase name="testAbaNumberCheck_18273_good" classname="com.cardatechnologies.utils.validators.abaroutevalidator.Test_AbaRouteValidator_09" time="0.027"/>
  <testcase name="testAbaNumberCheck_19871_good" classname="com.cardatechnologies.utils.validators.abaroutevalidator.Test_AbaRouteValidator_09" time="0.025"/>
  <testcase name="testAbaNumberCheck_18931_good" classname="com.cardatechnologies.utils.validators.abaroutevalidator.Test_AbaRouteValidator_09" time="0.026"/>
  <testcase name="testAbaNumberCheck_19087_good" classname="com.cardatechnologies.utils.validators.abaroutevalidator.Test_AbaRouteValidator_09" time="0.027"/>
  <testcase name="testAbaNumberCheck_18147_good" classname="com.cardatechnologies.utils.validators.abaroutevalidator.Test_AbaRouteValidator_09" time="0.023"/>
  <testcase name="testAbaNumberCheck_19745_good" classname="com.cardatechnologies.utils.validators.abaroutevalidator.Test_AbaRouteValidator_09" time="0.023"/>
  <testcase name="testAbaNumberCheck_18805_good" classname="com.cardatechnologies.utils.validators.abaroutevalidator.Test_AbaRouteValidator_09" time="0.022"/>
  <testcase name="testAbaNumberCheck_19619_good" classname="com.cardatechnologies.utils.validators.abaroutevalidator.Test_AbaRouteValidator_09" time="0.022"/>
  <testcase name="testAbaNumberCheck_19583_good" classname="com.cardatechnologies.utils.validators.abaroutevalidator.Test_AbaRouteValidator_09" time="0.025"/>
  <testcase name="testAbaNumberCheck_18643_good" classname="com.cardatechnologies.utils.validators.abaroutevalidator.Test_AbaRouteValidator_09" time="0.025"/>
  <testcase name="testAbaNumberCheck_17703_good" classname="com.cardatechnologies.utils.validators.abaroutevalidator.Test_AbaRouteValidator_09" time="0.027"/>
  <testcase name="testAbaNumberCheck_19457_good" classname="com.cardatechnologies.utils.validators.abaroutevalidator.Test_AbaRouteValidator_09" time="0.026"/>
  <testcase name="testAbaNumberCheck_18517_good" classname="com.cardatechnologies.utils.validators.abaroutevalidator.Test_AbaRouteValidator_09" time="0.026"/>
  <testcase name="testAbaNumberCheck_18481_good" classname="com.cardatechnologies.utils.validators.abaroutevalidator.Test_AbaRouteValidator_09" time="0.031"/>
  <testcase name="testAbaNumberCheck_19295_good" classname="com.cardatechnologies.utils.validators.abaroutevalidator.Test_AbaRouteValidator_09" time="0.021"/>
  <testcase name="testAbaNumberCheck_18355_good" classname="com.cardatechnologies.utils.validators.abaroutevalidator.Test_AbaRouteValidator_09" time="0.028"/>
  <testcase name="testAbaNumberCheck_19953_good" classname="com.cardatechnologies.utils.validators.abaroutevalidator.Test_AbaRouteValidator_09" time="0.021"/>
  <testcase name="testAbaNumberCheck_19169_good" classname="com.cardatechnologies.utils.validators.abaroutevalidator.Test_AbaRouteValidator_09" time="0.021"/>
  <testcase name="testAbaNumberCheck_18229_good" classname="com.cardatechnologies.utils.validators.abaroutevalidator.Test_AbaRouteValidator_09" time="0.02"/>
  <testcase name="testAbaNumberCheck_19827_good" classname="com.cardatechnologies.utils.validators.abaroutevalidator.Test_AbaRouteValidator_09" time="0.021"/>
  <testcase name="testAbaNumberCheck_18193_good" classname="com.cardatechnologies.utils.validators.abaroutevalidator.Test_AbaRouteValidator_09" time="0.027"/>
  <testcase name="testAbaNumberCheck_19791_good" classname="com.cardatechnologies.utils.validators.abaroutevalidator.Test_AbaRouteValidator_09" time="0.022"/>
  <testcase name="testAbaNumberCheck_18851_good" classname="com.cardatechnologies.utils.validators.abaroutevalidator.Test_AbaRouteValidator_09" time="0.02"/>
  <testcase name="testAbaNumberCheck_17911_good" classname="com.cardatechnologies.utils.validators.abaroutevalidator.Test_AbaRouteValidator_09" time="0.026"/>
  <testcase name="testAbaNumberCheck_18067_good" classname="com.cardatechnologies.utils.validators.abaroutevalidator.Test_AbaRouteValidator_09" time="0.027"/>
  <testcase name="testAbaNumberCheck_19665_good" classname="com.cardatechnologies.utils.validators.abaroutevalidator.Test_AbaRouteValidator_09" time="0.023"/>
  <testcase name="testAbaNumberCheck_18725_good" classname="com.cardatechnologies.utils.validators.abaroutevalidator.Test_AbaRouteValidator_09" time="0.021"/>
  <testcase name="testAbaNumberCheck_19000_bad" classname="com.cardatechnologies.utils.validators.abaroutevalidator.Test_AbaRouteValidator_09" time="0.021"/>
  <testcase name="testAbaNumberCheck_19002_bad" classname="com.cardatechnologies.utils.validators.abaroutevalidator.Test_AbaRouteValidator_09" time="0.021"/>
  <testcase name="testAbaNumberCheck_19539_good" classname="com.cardatechnologies.utils.validators.abaroutevalidator.Test_AbaRouteValidator_09" time="0.021"/>
  <testcase name="testAbaNumberCheck_19004_bad" classname="com.cardatechnologies.utils.validators.abaroutevalidator.Test_AbaRouteValidator_09" time="0.02"/>
  <testcase name="testAbaNumberCheck_19006_bad" classname="com.cardatechnologies.utils.validators.abaroutevalidator.Test_AbaRouteValidator_09" time="0.021"/>
  <testcase name="testAbaNumberCheck_18563_good" classname="com.cardatechnologies.utils.validators.abaroutevalidator.Test_AbaRouteValidator_09" time="0.021"/>
  <testcase name="testAbaNumberCheck_17623_good" classname="com.cardatechnologies.utils.validators.abaroutevalidator.Test_AbaRouteValidator_09" time="0.025"/>
  <testcase name="testAbaNumberCheck_19008_bad" classname="com.cardatechnologies.utils.validators.abaroutevalidator.Test_AbaRouteValidator_09" time="0.023"/>
  <testcase name="testAbaNumberCheck_19377_good" classname="com.cardatechnologies.utils.validators.abaroutevalidator.Test_AbaRouteValidator_09" time="0.025"/>
  <testcase name="testAbaNumberCheck_18437_good" classname="com.cardatechnologies.utils.validators.abaroutevalidator.Test_AbaRouteValidator_09" time="0.032"/>
  <testcase name="testAbaNumberCheck_19909_good" classname="com.cardatechnologies.utils.validators.abaroutevalidator.Test_AbaRouteValidator_09" time="0.028"/>
  <testcase name="testAbaNumberCheck_18275_good" classname="com.cardatechnologies.utils.validators.abaroutevalidator.Test_AbaRouteValidator_09" time="0.027"/>
  <testcase name="testAbaNumberCheck_19873_good" classname="com.cardatechnologies.utils.validators.abaroutevalidator.Test_AbaRouteValidator_09" time="0.025"/>
  <testcase name="testAbaNumberCheck_18933_good" classname="com.cardatechnologies.utils.validators.abaroutevalidator.Test_AbaRouteValidator_09" time="0.024"/>
  <testcase name="testAbaNumberCheck_19089_good" classname="com.cardatechnologies.utils.validators.abaroutevalidator.Test_AbaRouteValidator_09" time="0.026"/>
  <testcase name="testAbaNumberCheck_18149_good" classname="com.cardatechnologies.utils.validators.abaroutevalidator.Test_AbaRouteValidator_09" time="0.023"/>
  <testcase name="testAbaNumberCheck_19747_good" classname="com.cardatechnologies.utils.validators.abaroutevalidator.Test_AbaRouteValidator_09" time="0.022"/>
  <testcase name="testAbaNumberCheck_18807_good" classname="com.cardatechnologies.utils.validators.abaroutevalidator.Test_AbaRouteValidator_09" time="0.027"/>
  <testcase name="testAbaNumberCheck_18771_good" classname="com.cardatechnologies.utils.validators.abaroutevalidator.Test_AbaRouteValidator_09" time="0.024"/>
  <testcase name="testAbaNumberCheck_17831_good" classname="com.cardatechnologies.utils.validators.abaroutevalidator.Test_AbaRouteValidator_09" time="0.022"/>
  <testcase name="testAbaNumberCheck_19010_bad" classname="com.cardatechnologies.utils.validators.abaroutevalidator.Test_AbaRouteValidator_09" time="0.021"/>
  <testcase name="testAbaNumberCheck_19012_bad" classname="com.cardatechnologies.utils.validators.abaroutevalidator.Test_AbaRouteValidator_09" time="0.022"/>
  <testcase name="testAbaNumberCheck_19585_good" classname="com.cardatechnologies.utils.validators.abaroutevalidator.Test_AbaRouteValidator_09" time="0.022"/>
  <testcase name="testAbaNumberCheck_18645_good" classname="com.cardatechnologies.utils.validators.abaroutevalidator.Test_AbaRouteValidator_09" time="0.02"/>
  <testcase name="testAbaNumberCheck_17705_good" classname="com.cardatechnologies.utils.validators.abaroutevalidator.Test_AbaRouteValidator_09" time="0.021"/>
  <testcase name="testAbaNumberCheck_18200_bad" classname="com.cardatechnologies.utils.validators.abaroutevalidator.Test_AbaRouteValidator_09" time="0.021"/>
  <testcase name="testAbaNumberCheck_19014_bad" classname="com.cardatechnologies.utils.validators.abaroutevalidator.Test_AbaRouteValidator_09" time="0.022"/>
  <testcase name="testAbaNumberCheck_18202_bad" classname="com.cardatechnologies.utils.validators.abaroutevalidator.Test_AbaRouteValidator_09" time="0.022"/>
  <testcase name="testAbaNumberCheck_19016_bad" classname="com.cardatechnologies.utils.validators.abaroutevalidator.Test_AbaRouteValidator_09" time="0.026"/>
  <testcase name="testAbaNumberCheck_19459_good" classname="com.cardatechnologies.utils.validators.abaroutevalidator.Test_AbaRouteValidator_09" time="0.028"/>
  <testcase name="testAbaNumberCheck_18519_good" classname="com.cardatechnologies.utils.validators.abaroutevalidator.Test_AbaRouteValidator_09" time="0.034"/>
  <testcase name="testAbaNumberCheck_18204_bad" classname="com.cardatechnologies.utils.validators.abaroutevalidator.Test_AbaRouteValidator_09" time="0.029"/>
  <testcase name="testAbaNumberCheck_19018_bad" classname="com.cardatechnologies.utils.validators.abaroutevalidator.Test_AbaRouteValidator_09" time="0.031"/>
  <testcase name="testAbaNumberCheck_18206_bad" classname="com.cardatechnologies.utils.validators.abaroutevalidator.Test_AbaRouteValidator_09" time="0.022"/>
  <testcase name="testAbaNumberCheck_18483_good" classname="com.cardatechnologies.utils.validators.abaroutevalidator.Test_AbaRouteValidator_09" time="0.022"/>
  <testcase name="testAbaNumberCheck_18208_bad" classname="com.cardatechnologies.utils.validators.abaroutevalidator.Test_AbaRouteValidator_09" time="0.023"/>
  <testcase name="testAbaNumberCheck_19297_good" classname="com.cardatechnologies.utils.validators.abaroutevalidator.Test_AbaRouteValidator_09" time="0.021"/>
  <testcase name="testAbaNumberCheck_18357_good" classname="com.cardatechnologies.utils.validators.abaroutevalidator.Test_AbaRouteValidator_09" time="0.021"/>
  <testcase name="testAbaNumberCheck_19955_good" classname="com.cardatechnologies.utils.validators.abaroutevalidator.Test_AbaRouteValidator_09" time="0.022"/>
  <testcase name="testAbaNumberCheck_19829_good" classname="com.cardatechnologies.utils.validators.abaroutevalidator.Test_AbaRouteValidator_09" time="0.021"/>
  <testcase name="testAbaNumberCheck_18195_good" classname="com.cardatechnologies.utils.validators.abaroutevalidator.Test_AbaRouteValidator_09" time="0.019"/>
  <testcase name="testAbaNumberCheck_19793_good" classname="com.cardatechnologies.utils.validators.abaroutevalidator.Test_AbaRouteValidator_09" time="0.021"/>
  <testcase name="testAbaNumberCheck_18853_good" classname="com.cardatechnologies.utils.validators.abaroutevalidator.Test_AbaRouteValidator_09" time="0.02"/>
  <testcase name="testAbaNumberCheck_17913_good" classname="com.cardatechnologies.utils.validators.abaroutevalidator.Test_AbaRouteValidator_09" time="0.021"/>
  <testcase name="testAbaNumberCheck_18069_good" classname="com.cardatechnologies.utils.validators.abaroutevalidator.Test_AbaRouteValidator_09" time="0.02"/>
  <testcase name="testAbaNumberCheck_19667_good" classname="com.cardatechnologies.utils.validators.abaroutevalidator.Test_AbaRouteValidator_09" time="0.022"/>
  <testcase name="testAbaNumberCheck_18727_good" classname="com.cardatechnologies.utils.validators.abaroutevalidator.Test_AbaRouteValidator_09" time="0.02"/>
  <testcase name="testAbaNumberCheck_19020_bad" classname="com.cardatechnologies.utils.validators.abaroutevalidator.Test_AbaRouteValidator_09" time="0.02"/>
  <testcase name="testAbaNumberCheck_19022_bad" classname="com.cardatechnologies.utils.validators.abaroutevalidator.Test_AbaRouteValidator_09" time="0.021"/>
  <testcase name="testAbaNumberCheck_18691_good" classname="com.cardatechnologies.utils.validators.abaroutevalidator.Test_AbaRouteValidator_09" time="0.022"/>
  <testcase name="testAbaNumberCheck_17751_good" classname="com.cardatechnologies.utils.validators.abaroutevalidator.Test_AbaRouteValidator_09" time="0.026"/>
  <testcase name="testAbaNumberCheck_18210_bad" classname="com.cardatechnologies.utils.validators.abaroutevalidator.Test_AbaRouteValidator_09" time="0.039"/>
  <testcase name="testAbaNumberCheck_19024_bad" classname="com.cardatechnologies.utils.validators.abaroutevalidator.Test_AbaRouteValidator_09" time="0.03"/>
  <testcase name="testAbaNumberCheck_18212_bad" classname="com.cardatechnologies.utils.validators.abaroutevalidator.Test_AbaRouteValidator_09" time="0.037"/>
  <testcase name="testAbaNumberCheck_19026_bad" classname="com.cardatechnologies.utils.validators.abaroutevalidator.Test_AbaRouteValidator_09" time="0.041"/>
  <testcase name="testAbaNumberCheck_18565_good" classname="com.cardatechnologies.utils.validators.abaroutevalidator.Test_AbaRouteValidator_09" time="0.027"/>
  <testcase name="testAbaNumberCheck_17625_good" classname="com.cardatechnologies.utils.validators.abaroutevalidator.Test_AbaRouteValidator_09" time="0.032"/>
  <testcase name="testAbaNumberCheck_18214_bad" classname="com.cardatechnologies.utils.validators.abaroutevalidator.Test_AbaRouteValidator_09" time="0.023"/>
  <testcase name="testAbaNumberCheck_19028_bad" classname="com.cardatechnologies.utils.validators.abaroutevalidator.Test_AbaRouteValidator_09" time="0.023"/>
  <testcase name="testAbaNumberCheck_18216_bad" classname="com.cardatechnologies.utils.validators.abaroutevalidator.Test_AbaRouteValidator_09" time="0.025"/>
  <testcase name="testAbaNumberCheck_19379_good" classname="com.cardatechnologies.utils.validators.abaroutevalidator.Test_AbaRouteValidator_09" time="0.023"/>
  <testcase name="testAbaNumberCheck_18439_good" classname="com.cardatechnologies.utils.validators.abaroutevalidator.Test_AbaRouteValidator_09" time="0.023"/>
  <testcase name="testAbaNumberCheck_18218_bad" classname="com.cardatechnologies.utils.validators.abaroutevalidator.Test_AbaRouteValidator_09" time="0.021"/>
  <testcase name="testAbaNumberCheck_18277_good" classname="com.cardatechnologies.utils.validators.abaroutevalidator.Test_AbaRouteValidator_09" time="0.023"/>
  <testcase name="testAbaNumberCheck_19875_good" classname="com.cardatechnologies.utils.validators.abaroutevalidator.Test_AbaRouteValidator_09" time="0.023"/>
  <testcase name="testAbaNumberCheck_18935_good" classname="com.cardatechnologies.utils.validators.abaroutevalidator.Test_AbaRouteValidator_09" time="0.023"/>
  <testcase name="testAbaNumberCheck_19749_good" classname="com.cardatechnologies.utils.validators.abaroutevalidator.Test_AbaRouteValidator_09" time="0.023"/>
  <testcase name="testAbaNumberCheck_18809_good" classname="com.cardatechnologies.utils.validators.abaroutevalidator.Test_AbaRouteValidator_09" time="0.023"/>
  <testcase name="testAbaNumberCheck_18773_good" classname="com.cardatechnologies.utils.validators.abaroutevalidator.Test_AbaRouteValidator_09" time="0.023"/>
  <testcase name="testAbaNumberCheck_17833_good" classname="com.cardatechnologies.utils.validators.abaroutevalidator.Test_AbaRouteValidator_09" time="0.022"/>
  <testcase name="testAbaNumberCheck_19030_bad" classname="com.cardatechnologies.utils.validators.abaroutevalidator.Test_AbaRouteValidator_09" time="0.024"/>
  <testcase name="testAbaNumberCheck_19032_bad" classname="com.cardatechnologies.utils.validators.abaroutevalidator.Test_AbaRouteValidator_09" time="0.023"/>
  <testcase name="testAbaNumberCheck_19587_good" classname="com.cardatechnologies.utils.validators.abaroutevalidator.Test_AbaRouteValidator_09" time="0.024"/>
  <testcase name="testAbaNumberCheck_18647_good" classname="com.cardatechnologies.utils.validators.abaroutevalidator.Test_AbaRouteValidator_09" time="0.022"/>
  <testcase name="testAbaNumberCheck_17707_good" classname="com.cardatechnologies.utils.validators.abaroutevalidator.Test_AbaRouteValidator_09" time="0.031"/>
  <testcase name="testAbaNumberCheck_18220_bad" classname="com.cardatechnologies.utils.validators.abaroutevalidator.Test_AbaRouteValidator_09" time="0.023"/>
  <testcase name="testAbaNumberCheck_19034_bad" classname="com.cardatechnologies.utils.validators.abaroutevalidator.Test_AbaRouteValidator_09" time="0.033"/>
  <testcase name="testAbaNumberCheck_18222_bad" classname="com.cardatechnologies.utils.validators.abaroutevalidator.Test_AbaRouteValidator_09" time="0.028"/>
  <testcase name="testAbaNumberCheck_19036_bad" classname="com.cardatechnologies.utils.validators.abaroutevalidator.Test_AbaRouteValidator_09" time="0.031"/>
  <testcase name="testAbaNumberCheck_17671_good" classname="com.cardatechnologies.utils.validators.abaroutevalidator.Test_AbaRouteValidator_09" time="0.031"/>
  <testcase name="testAbaNumberCheck_18224_bad" classname="com.cardatechnologies.utils.validators.abaroutevalidator.Test_AbaRouteValidator_09" time="0.024"/>
  <testcase name="testAbaNumberCheck_19038_bad" classname="com.cardatechnologies.utils.validators.abaroutevalidator.Test_AbaRouteValidator_09" time="0.022"/>
  <testcase name="testAbaNumberCheck_18226_bad" classname="com.cardatechnologies.utils.validators.abaroutevalidator.Test_AbaRouteValidator_09" time="0.021"/>
  <testcase name="testAbaNumberCheck_18485_good" classname="com.cardatechnologies.utils.validators.abaroutevalidator.Test_AbaRouteValidator_09" time="0.021"/>
  <testcase name="testAbaNumberCheck_18228_bad" classname="com.cardatechnologies.utils.validators.abaroutevalidator.Test_AbaRouteValidator_09" time="0.023"/>
  <testcase name="testAbaNumberCheck_19299_good" classname="com.cardatechnologies.utils.validators.abaroutevalidator.Test_AbaRouteValidator_09" time="0.021"/>
  <testcase name="testAbaNumberCheck_18359_good" classname="com.cardatechnologies.utils.validators.abaroutevalidator.Test_AbaRouteValidator_09" time="0.02"/>
  <testcase name="testAbaNumberCheck_19957_good" classname="com.cardatechnologies.utils.validators.abaroutevalidator.Test_AbaRouteValidator_09" time="0.021"/>
  <testcase name="testAbaNumberCheck_18981_good" classname="com.cardatechnologies.utils.validators.abaroutevalidator.Test_AbaRouteValidator_09" time="0.02"/>
  <testcase name="testAbaNumberCheck_18197_good" classname="com.cardatechnologies.utils.validators.abaroutevalidator.Test_AbaRouteValidator_09" time="0.021"/>
  <testcase name="testAbaNumberCheck_19795_good" classname="com.cardatechnologies.utils.validators.abaroutevalidator.Test_AbaRouteValidator_09" time="0.02"/>
  <testcase name="testAbaNumberCheck_18855_good" classname="com.cardatechnologies.utils.validators.abaroutevalidator.Test_AbaRouteValidator_09" time="0.021"/>
  <testcase name="testAbaNumberCheck_17915_good" classname="com.cardatechnologies.utils.validators.abaroutevalidator.Test_AbaRouteValidator_09" time="0.02"/>
  <testcase name="testAbaNumberCheck_19669_good" classname="com.cardatechnologies.utils.validators.abaroutevalidator.Test_AbaRouteValidator_09" time="0.022"/>
  <testcase name="testAbaNumberCheck_18729_good" classname="com.cardatechnologies.utils.validators.abaroutevalidator.Test_AbaRouteValidator_09" time="0.02"/>
  <testcase name="testAbaNumberCheck_19040_bad" classname="com.cardatechnologies.utils.validators.abaroutevalidator.Test_AbaRouteValidator_09" time="0.021"/>
  <testcase name="testAbaNumberCheck_19042_bad" classname="com.cardatechnologies.utils.validators.abaroutevalidator.Test_AbaRouteValidator_09" time="0.027"/>
  <testcase name="testAbaNumberCheck_18693_good" classname="com.cardatechnologies.utils.validators.abaroutevalidator.Test_AbaRouteValidator_09" time="0.024"/>
  <testcase name="testAbaNumberCheck_17753_good" classname="com.cardatechnologies.utils.validators.abaroutevalidator.Test_AbaRouteValidator_09" time="0.027"/>
  <testcase name="testAbaNumberCheck_18230_bad" classname="com.cardatechnologies.utils.validators.abaroutevalidator.Test_AbaRouteValidator_09" time="0.026"/>
  <testcase name="testAbaNumberCheck_19044_bad" classname="com.cardatechnologies.utils.validators.abaroutevalidator.Test_AbaRouteValidator_09" time="0.028"/>
  <testcase name="testAbaNumberCheck_18232_bad" classname="com.cardatechnologies.utils.validators.abaroutevalidator.Test_AbaRouteValidator_09" time="0.028"/>
  <testcase name="testAbaNumberCheck_19046_bad" classname="com.cardatechnologies.utils.validators.abaroutevalidator.Test_AbaRouteValidator_09" time="0.024"/>
  <testcase name="testAbaNumberCheck_18567_good" classname="com.cardatechnologies.utils.validators.abaroutevalidator.Test_AbaRouteValidator_09" time="0.022"/>
  <testcase name="testAbaNumberCheck_17627_good" classname="com.cardatechnologies.utils.validators.abaroutevalidator.Test_AbaRouteValidator_09" time="0.022"/>
  <testcase name="testAbaNumberCheck_18234_bad" classname="com.cardatechnologies.utils.validators.abaroutevalidator.Test_AbaRouteValidator_09" time="0.023"/>
  <testcase name="testAbaNumberCheck_19048_bad" classname="com.cardatechnologies.utils.validators.abaroutevalidator.Test_AbaRouteValidator_09" time="0.03"/>
  <testcase name="testAbaNumberCheck_18236_bad" classname="com.cardatechnologies.utils.validators.abaroutevalidator.Test_AbaRouteValidator_09" time="0.023"/>
  <testcase name="testAbaNumberCheck_17591_good" classname="com.cardatechnologies.utils.validators.abaroutevalidator.Test_AbaRouteValidator_09" time="0.027"/>
  <testcase name="testAbaNumberCheck_18238_bad" classname="com.cardatechnologies.utils.validators.abaroutevalidator.Test_AbaRouteValidator_09" time="0.027"/>
  <testcase name="testAbaNumberCheck_18279_good" classname="com.cardatechnologies.utils.validators.abaroutevalidator.Test_AbaRouteValidator_09" time="0.028"/>
  <testcase name="testAbaNumberCheck_19877_good" classname="com.cardatechnologies.utils.validators.abaroutevalidator.Test_AbaRouteValidator_09" time="0.025"/>
  <testcase name="testAbaNumberCheck_18937_good" classname="com.cardatechnologies.utils.validators.abaroutevalidator.Test_AbaRouteValidator_09" time="0.028"/>
  <testcase name="testAbaNumberCheck_17961_good" classname="com.cardatechnologies.utils.validators.abaroutevalidator.Test_AbaRouteValidator_09" time="0.027"/>
  <testcase name="testAbaNumberCheck_18775_good" classname="com.cardatechnologies.utils.validators.abaroutevalidator.Test_AbaRouteValidator_09" time="0.026"/>
  <testcase name="testAbaNumberCheck_17835_good" classname="com.cardatechnologies.utils.validators.abaroutevalidator.Test_AbaRouteValidator_09" time="0.026"/>
  <testcase name="testAbaNumberCheck_19500_bad" classname="com.cardatechnologies.utils.validators.abaroutevalidator.Test_AbaRouteValidator_09" time="0.034"/>
  <testcase name="testAbaNumberCheck_19050_bad" classname="com.cardatechnologies.utils.validators.abaroutevalidator.Test_AbaRouteValidator_09" time="0.026"/>
  <testcase name="testAbaNumberCheck_19502_bad" classname="com.cardatechnologies.utils.validators.abaroutevalidator.Test_AbaRouteValidator_09" time="0.028"/>
  <testcase name="testAbaNumberCheck_19052_bad" classname="com.cardatechnologies.utils.validators.abaroutevalidator.Test_AbaRouteValidator_09" time="0.025"/>
  <testcase name="testAbaNumberCheck_19589_good" classname="com.cardatechnologies.utils.validators.abaroutevalidator.Test_AbaRouteValidator_09" time="0.024"/>
  <testcase name="testAbaNumberCheck_18649_good" classname="com.cardatechnologies.utils.validators.abaroutevalidator.Test_AbaRouteValidator_09" time="0.022"/>
  <testcase name="testAbaNumberCheck_17709_good" classname="com.cardatechnologies.utils.validators.abaroutevalidator.Test_AbaRouteValidator_09" time="0.021"/>
  <testcase name="testAbaNumberCheck_19504_bad" classname="com.cardatechnologies.utils.validators.abaroutevalidator.Test_AbaRouteValidator_09" time="0.021"/>
  <testcase name="testAbaNumberCheck_18240_bad" classname="com.cardatechnologies.utils.validators.abaroutevalidator.Test_AbaRouteValidator_09" time="0.022"/>
  <testcase name="testAbaNumberCheck_19054_bad" classname="com.cardatechnologies.utils.validators.abaroutevalidator.Test_AbaRouteValidator_09" time="0.022"/>
  <testcase name="testAbaNumberCheck_19506_bad" classname="com.cardatechnologies.utils.validators.abaroutevalidator.Test_AbaRouteValidator_09" time="0.022"/>
  <testcase name="testAbaNumberCheck_18242_bad" classname="com.cardatechnologies.utils.validators.abaroutevalidator.Test_AbaRouteValidator_09" time="0.024"/>
  <testcase name="testAbaNumberCheck_19056_bad" classname="com.cardatechnologies.utils.validators.abaroutevalidator.Test_AbaRouteValidator_09" time="0.026"/>
  <testcase name="testAbaNumberCheck_17673_good" classname="com.cardatechnologies.utils.validators.abaroutevalidator.Test_AbaRouteValidator_09" time="0.026"/>
  <testcase name="testAbaNumberCheck_19508_bad" classname="com.cardatechnologies.utils.validators.abaroutevalidator.Test_AbaRouteValidator_09" time="0.027"/>
  <testcase name="testAbaNumberCheck_18244_bad" classname="com.cardatechnologies.utils.validators.abaroutevalidator.Test_AbaRouteValidator_09" time="0.028"/>
  <testcase name="testAbaNumberCheck_19058_bad" classname="com.cardatechnologies.utils.validators.abaroutevalidator.Test_AbaRouteValidator_09" time="0.027"/>
  <testcase name="testAbaNumberCheck_18246_bad" classname="com.cardatechnologies.utils.validators.abaroutevalidator.Test_AbaRouteValidator_09" time="0.03"/>
  <testcase name="testAbaNumberCheck_18487_good" classname="com.cardatechnologies.utils.validators.abaroutevalidator.Test_AbaRouteValidator_09" time="0.023"/>
  <testcase name="testAbaNumberCheck_18248_bad" classname="com.cardatechnologies.utils.validators.abaroutevalidator.Test_AbaRouteValidator_09" time="0.022"/>
  <testcase name="testAbaNumberCheck_19959_good" classname="com.cardatechnologies.utils.validators.abaroutevalidator.Test_AbaRouteValidator_09" time="0.023"/>
  <testcase name="testAbaNumberCheck_18983_good" classname="com.cardatechnologies.utils.validators.abaroutevalidator.Test_AbaRouteValidator_09" time="0.02"/>
  <testcase name="testAbaNumberCheck_18199_good" classname="com.cardatechnologies.utils.validators.abaroutevalidator.Test_AbaRouteValidator_09" time="0.032"/>
  <testcase name="testAbaNumberCheck_19797_good" classname="com.cardatechnologies.utils.validators.abaroutevalidator.Test_AbaRouteValidator_09" time="0.026"/>
  <testcase name="testAbaNumberCheck_18857_good" classname="com.cardatechnologies.utils.validators.abaroutevalidator.Test_AbaRouteValidator_09" time="0.022"/>
  <testcase name="testAbaNumberCheck_17917_good" classname="com.cardatechnologies.utils.validators.abaroutevalidator.Test_AbaRouteValidator_09" time="0.021"/>
  <testcase name="testAbaNumberCheck_17881_good" classname="com.cardatechnologies.utils.validators.abaroutevalidator.Test_AbaRouteValidator_09" time="0.02"/>
  <testcase name="testAbaNumberCheck_19510_bad" classname="com.cardatechnologies.utils.validators.abaroutevalidator.Test_AbaRouteValidator_09" time="0.021"/>
  <testcase name="testAbaNumberCheck_19060_bad" classname="com.cardatechnologies.utils.validators.abaroutevalidator.Test_AbaRouteValidator_09" time="0.02"/>
  <testcase name="testAbaNumberCheck_19512_bad" classname="com.cardatechnologies.utils.validators.abaroutevalidator.Test_AbaRouteValidator_09" time="0.021"/>
  <testcase name="testAbaNumberCheck_19062_bad" classname="com.cardatechnologies.utils.validators.abaroutevalidator.Test_AbaRouteValidator_09" time="0.021"/>
  <testcase name="testAbaNumberCheck_18695_good" classname="com.cardatechnologies.utils.validators.abaroutevalidator.Test_AbaRouteValidator_09" time="0.021"/>
  <testcase name="testAbaNumberCheck_17755_good" classname="com.cardatechnologies.utils.validators.abaroutevalidator.Test_AbaRouteValidator_09" time="0.02"/>
  <testcase name="testAbaNumberCheck_18700_bad" classname="com.cardatechnologies.utils.validators.abaroutevalidator.Test_AbaRouteValidator_09" time="0.032"/>
  <testcase name="testAbaNumberCheck_19514_bad" classname="com.cardatechnologies.utils.validators.abaroutevalidator.Test_AbaRouteValidator_09" time="0.022"/>
  <testcase name="testAbaNumberCheck_18250_bad" classname="com.cardatechnologies.utils.validators.abaroutevalidator.Test_AbaRouteValidator_09" time="0.023"/>
  <testcase name="testAbaNumberCheck_19064_bad" classname="com.cardatechnologies.utils.validators.abaroutevalidator.Test_AbaRouteValidator_09" time="0.022"/>
  <testcase name="testAbaNumberCheck_18702_bad" classname="com.cardatechnologies.utils.validators.abaroutevalidator.Test_AbaRouteValidator_09" time="0.023"/>
  <testcase name="testAbaNumberCheck_19516_bad" classname="com.cardatechnologies.utils.validators.abaroutevalidator.Test_AbaRouteValidator_09" time="0.023"/>
  <testcase name="testAbaNumberCheck_18252_bad" classname="com.cardatechnologies.utils.validators.abaroutevalidator.Test_AbaRouteValidator_09" time="0.023"/>
  <testcase name="testAbaNumberCheck_19066_bad" classname="com.cardatechnologies.utils.validators.abaroutevalidator.Test_AbaRouteValidator_09" time="0.022"/>
  <testcase name="testAbaNumberCheck_18569_good" classname="com.cardatechnologies.utils.validators.abaroutevalidator.Test_AbaRouteValidator_09" time="0.024"/>
  <testcase name="testAbaNumberCheck_17629_good" classname="com.cardatechnologies.utils.validators.abaroutevalidator.Test_AbaRouteValidator_09" time="0.024"/>
  <testcase name="testAbaNumberCheck_18704_bad" classname="com.cardatechnologies.utils.validators.abaroutevalidator.Test_AbaRouteValidator_09" time="0.026"/>
  <testcase name="testAbaNumberCheck_19518_bad" classname="com.cardatechnologies.utils.validators.abaroutevalidator.Test_AbaRouteValidator_09" time="0.031"/>
  <testcase name="testAbaNumberCheck_18254_bad" classname="com.cardatechnologies.utils.validators.abaroutevalidator.Test_AbaRouteValidator_09" time="0.041"/>
  <testcase name="testAbaNumberCheck_19068_bad" classname="com.cardatechnologies.utils.validators.abaroutevalidator.Test_AbaRouteValidator_09" time="0.038"/>
  <testcase name="testAbaNumberCheck_18706_bad" classname="com.cardatechnologies.utils.validators.abaroutevalidator.Test_AbaRouteValidator_09" time="0.021"/>
  <testcase name="testAbaNumberCheck_18256_bad" classname="com.cardatechnologies.utils.validators.abaroutevalidator.Test_AbaRouteValidator_09" time="0.021"/>
  <testcase name="testAbaNumberCheck_17593_good" classname="com.cardatechnologies.utils.validators.abaroutevalidator.Test_AbaRouteValidator_09" time="0.024"/>
  <testcase name="testAbaNumberCheck_18708_bad" classname="com.cardatechnologies.utils.validators.abaroutevalidator.Test_AbaRouteValidator_09" time="0.024"/>
  <testcase name="testAbaNumberCheck_18258_bad" classname="com.cardatechnologies.utils.validators.abaroutevalidator.Test_AbaRouteValidator_09" time="0.025"/>
  <testcase name="testAbaNumberCheck_19879_good" classname="com.cardatechnologies.utils.validators.abaroutevalidator.Test_AbaRouteValidator_09" time="0.026"/>
  <testcase name="testAbaNumberCheck_18939_good" classname="com.cardatechnologies.utils.validators.abaroutevalidator.Test_AbaRouteValidator_09" time="0.026"/>
  <testcase name="testAbaNumberCheck_17963_good" classname="com.cardatechnologies.utils.validators.abaroutevalidator.Test_AbaRouteValidator_09" time="0.026"/>
  <testcase name="testAbaNumberCheck_18777_good" classname="com.cardatechnologies.utils.validators.abaroutevalidator.Test_AbaRouteValidator_09" time="0.026"/>
  <testcase name="testAbaNumberCheck_17837_good" classname="com.cardatechnologies.utils.validators.abaroutevalidator.Test_AbaRouteValidator_09" time="0.026"/>
  <testcase name="testAbaNumberCheck_19520_bad" classname="com.cardatechnologies.utils.validators.abaroutevalidator.Test_AbaRouteValidator_09" time="0.026"/>
  <testcase name="testAbaNumberCheck_19070_bad" classname="com.cardatechnologies.utils.validators.abaroutevalidator.Test_AbaRouteValidator_09" time="0.027"/>
  <testcase name="testAbaNumberCheck_19522_bad" classname="com.cardatechnologies.utils.validators.abaroutevalidator.Test_AbaRouteValidator_09" time="0.025"/>
  <testcase name="testAbaNumberCheck_19072_bad" classname="com.cardatechnologies.utils.validators.abaroutevalidator.Test_AbaRouteValidator_09" time="0.022"/>
  <testcase name="testAbaNumberCheck_18710_bad" classname="com.cardatechnologies.utils.validators.abaroutevalidator.Test_AbaRouteValidator_09" time="0.022"/>
  <testcase name="testAbaNumberCheck_19524_bad" classname="com.cardatechnologies.utils.validators.abaroutevalidator.Test_AbaRouteValidator_09" time="0.022"/>
  <testcase name="testAbaNumberCheck_18260_bad" classname="com.cardatechnologies.utils.validators.abaroutevalidator.Test_AbaRouteValidator_09" time="0.021"/>
  <testcase name="testAbaNumberCheck_19074_bad" classname="com.cardatechnologies.utils.validators.abaroutevalidator.Test_AbaRouteValidator_09" time="0.02"/>
  <testcase name="testAbaNumberCheck_18712_bad" classname="com.cardatechnologies.utils.validators.abaroutevalidator.Test_AbaRouteValidator_09" time="0.026"/>
  <testcase name="testAbaNumberCheck_19526_bad" classname="com.cardatechnologies.utils.validators.abaroutevalidator.Test_AbaRouteValidator_09" time="0.028"/>
  <testcase name="testAbaNumberCheck_18262_bad" classname="com.cardatechnologies.utils.validators.abaroutevalidator.Test_AbaRouteValidator_09" time="0.023"/>
  <testcase name="testAbaNumberCheck_19076_bad" classname="com.cardatechnologies.utils.validators.abaroutevalidator.Test_AbaRouteValidator_09" time="0.021"/>
  <testcase name="testAbaNumberCheck_17675_good" classname="com.cardatechnologies.utils.validators.abaroutevalidator.Test_AbaRouteValidator_09" time="0.026"/>
  <testcase name="testAbaNumberCheck_17900_bad" classname="com.cardatechnologies.utils.validators.abaroutevalidator.Test_AbaRouteValidator_09" time="0.02"/>
  <testcase name="testAbaNumberCheck_18714_bad" classname="com.cardatechnologies.utils.validators.abaroutevalidator.Test_AbaRouteValidator_09" time="0.02"/>
  <testcase name="testAbaNumberCheck_19528_bad" classname="com.cardatechnologies.utils.validators.abaroutevalidator.Test_AbaRouteValidator_09" time="0.021"/>
  <testcase name="testAbaNumberCheck_18264_bad" classname="com.cardatechnologies.utils.validators.abaroutevalidator.Test_AbaRouteValidator_09" time="0.021"/>
  <testcase name="testAbaNumberCheck_19078_bad" classname="com.cardatechnologies.utils.validators.abaroutevalidator.Test_AbaRouteValidator_09" time="0.022"/>
  <testcase name="testAbaNumberCheck_17902_bad" classname="com.cardatechnologies.utils.validators.abaroutevalidator.Test_AbaRouteValidator_09" time="0.021"/>
  <testcase name="testAbaNumberCheck_18716_bad" classname="com.cardatechnologies.utils.validators.abaroutevalidator.Test_AbaRouteValidator_09" time="0.021"/>
  <testcase name="testAbaNumberCheck_18266_bad" classname="com.cardatechnologies.utils.validators.abaroutevalidator.Test_AbaRouteValidator_09" time="0.02"/>
  <testcase name="testAbaNumberCheck_18489_good" classname="com.cardatechnologies.utils.validators.abaroutevalidator.Test_AbaRouteValidator_09" time="0.021"/>
  <testcase name="testAbaNumberCheck_17904_bad" classname="com.cardatechnologies.utils.validators.abaroutevalidator.Test_AbaRouteValidator_09" time="0.021"/>
  <testcase name="testAbaNumberCheck_18718_bad" classname="com.cardatechnologies.utils.validators.abaroutevalidator.Test_AbaRouteValidator_09" time="0.021"/>
  <testcase name="testAbaNumberCheck_18268_bad" classname="com.cardatechnologies.utils.validators.abaroutevalidator.Test_AbaRouteValidator_09" time="0.02"/>
  <testcase name="testAbaNumberCheck_17906_bad" classname="com.cardatechnologies.utils.validators.abaroutevalidator.Test_AbaRouteValidator_09" time="0.021"/>
  <testcase name="testAbaNumberCheck_17908_bad" classname="com.cardatechnologies.utils.validators.abaroutevalidator.Test_AbaRouteValidator_09" time="0.021"/>
  <testcase name="testAbaNumberCheck_18985_good" classname="com.cardatechnologies.utils.validators.abaroutevalidator.Test_AbaRouteValidator_09" time="0.02"/>
  <testcase name="testAbaNumberCheck_19799_good" classname="com.cardatechnologies.utils.validators.abaroutevalidator.Test_AbaRouteValidator_09" time="0.021"/>
  <testcase name="testAbaNumberCheck_18859_good" classname="com.cardatechnologies.utils.validators.abaroutevalidator.Test_AbaRouteValidator_09" time="0.021"/>
  <testcase name="testAbaNumberCheck_17919_good" classname="com.cardatechnologies.utils.validators.abaroutevalidator.Test_AbaRouteValidator_09" time="0.021"/>
  <testcase name="testAbaNumberCheck_17883_good" classname="com.cardatechnologies.utils.validators.abaroutevalidator.Test_AbaRouteValidator_09" time="0.021"/>
  <testcase name="testAbaNumberCheck_19530_bad" classname="com.cardatechnologies.utils.validators.abaroutevalidator.Test_AbaRouteValidator_09" time="0.034"/>
  <testcase name="testAbaNumberCheck_19080_bad" classname="com.cardatechnologies.utils.validators.abaroutevalidator.Test_AbaRouteValidator_09" time="0.035"/>
  <testcase name="testAbaNumberCheck_19532_bad" classname="com.cardatechnologies.utils.validators.abaroutevalidator.Test_AbaRouteValidator_09" time="0.023"/>
  <testcase name="testAbaNumberCheck_19082_bad" classname="com.cardatechnologies.utils.validators.abaroutevalidator.Test_AbaRouteValidator_09" time="0.029"/>
  <testcase name="testAbaNumberCheck_18697_good" classname="com.cardatechnologies.utils.validators.abaroutevalidator.Test_AbaRouteValidator_09" time="0.026"/>
  <testcase name="testAbaNumberCheck_17757_good" classname="com.cardatechnologies.utils.validators.abaroutevalidator.Test_AbaRouteValidator_09" time="0.021"/>
  <testcase name="testAbaNumberCheck_18720_bad" classname="com.cardatechnologies.utils.validators.abaroutevalidator.Test_AbaRouteValidator_09" time="0.022"/>
  <testcase name="testAbaNumberCheck_19534_bad" classname="com.cardatechnologies.utils.validators.abaroutevalidator.Test_AbaRouteValidator_09" time="0.021"/>
  <testcase name="testAbaNumberCheck_18270_bad" classname="com.cardatechnologies.utils.validators.abaroutevalidator.Test_AbaRouteValidator_09" time="0.022"/>
  <testcase name="testAbaNumberCheck_19084_bad" classname="com.cardatechnologies.utils.validators.abaroutevalidator.Test_AbaRouteValidator_09" time="0.021"/>
  <testcase name="testAbaNumberCheck_18722_bad" classname="com.cardatechnologies.utils.validators.abaroutevalidator.Test_AbaRouteValidator_09" time="0.022"/>
  <testcase name="testAbaNumberCheck_19536_bad" classname="com.cardatechnologies.utils.validators.abaroutevalidator.Test_AbaRouteValidator_09" time="0.024"/>
  <testcase name="testAbaNumberCheck_18272_bad" classname="com.cardatechnologies.utils.validators.abaroutevalidator.Test_AbaRouteValidator_09" time="0.03"/>
  <testcase name="testAbaNumberCheck_19086_bad" classname="com.cardatechnologies.utils.validators.abaroutevalidator.Test_AbaRouteValidator_09" time="0.031"/>
  <testcase name="testAbaNumberCheck_17910_bad" classname="com.cardatechnologies.utils.validators.abaroutevalidator.Test_AbaRouteValidator_09" time="0.029"/>
  <testcase name="testAbaNumberCheck_18724_bad" classname="com.cardatechnologies.utils.validators.abaroutevalidator.Test_AbaRouteValidator_09" time="0.029"/>
  <testcase name="testAbaNumberCheck_19538_bad" classname="com.cardatechnologies.utils.validators.abaroutevalidator.Test_AbaRouteValidator_09" time="0.025"/>
  <testcase name="testAbaNumberCheck_18274_bad" classname="com.cardatechnologies.utils.validators.abaroutevalidator.Test_AbaRouteValidator_09" time="0.021"/>
  <testcase name="testAbaNumberCheck_19088_bad" classname="com.cardatechnologies.utils.validators.abaroutevalidator.Test_AbaRouteValidator_09" time="0.022"/>
  <testcase name="testAbaNumberCheck_17912_bad" classname="com.cardatechnologies.utils.validators.abaroutevalidator.Test_AbaRouteValidator_09" time="0.02"/>
  <testcase name="testAbaNumberCheck_18726_bad" classname="com.cardatechnologies.utils.validators.abaroutevalidator.Test_AbaRouteValidator_09" time="0.022"/>
  <testcase name="testAbaNumberCheck_18276_bad" classname="com.cardatechnologies.utils.validators.abaroutevalidator.Test_AbaRouteValidator_09" time="0.028"/>
  <testcase name="testAbaNumberCheck_17595_good" classname="com.cardatechnologies.utils.validators.abaroutevalidator.Test_AbaRouteValidator_09" time="0.031"/>
  <testcase name="testAbaNumberCheck_17914_bad" classname="com.cardatechnologies.utils.validators.abaroutevalidator.Test_AbaRouteValidator_09" time="0.021"/>
  <testcase name="testAbaNumberCheck_18728_bad" classname="com.cardatechnologies.utils.validators.abaroutevalidator.Test_AbaRouteValidator_09" time="0.023"/>
  <testcase name="testAbaNumberCheck_18278_bad" classname="com.cardatechnologies.utils.validators.abaroutevalidator.Test_AbaRouteValidator_09" time="0.032"/>
  <testcase name="testAbaNumberCheck_17916_bad" classname="com.cardatechnologies.utils.validators.abaroutevalidator.Test_AbaRouteValidator_09" time="0.031"/>
  <testcase name="testAbaNumberCheck_17918_bad" classname="com.cardatechnologies.utils.validators.abaroutevalidator.Test_AbaRouteValidator_09" time="0.032"/>
  <testcase name="testAbaNumberCheck_17965_good" classname="com.cardatechnologies.utils.validators.abaroutevalidator.Test_AbaRouteValidator_09" time="0.025"/>
  <testcase name="testAbaNumberCheck_18779_good" classname="com.cardatechnologies.utils.validators.abaroutevalidator.Test_AbaRouteValidator_09" time="0.024"/>
  <testcase name="testAbaNumberCheck_17839_good" classname="com.cardatechnologies.utils.validators.abaroutevalidator.Test_AbaRouteValidator_09" time="0.021"/>
  <testcase name="testAbaNumberCheck_19540_bad" classname="com.cardatechnologies.utils.validators.abaroutevalidator.Test_AbaRouteValidator_09" time="0.021"/>
  <testcase name="testAbaNumberCheck_19090_bad" classname="com.cardatechnologies.utils.validators.abaroutevalidator.Test_AbaRouteValidator_09" time="0.021"/>
  <testcase name="testAbaNumberCheck_19542_bad" classname="com.cardatechnologies.utils.validators.abaroutevalidator.Test_AbaRouteValidator_09" time="0.02"/>
  <testcase name="testAbaNumberCheck_19092_bad" classname="com.cardatechnologies.utils.validators.abaroutevalidator.Test_AbaRouteValidator_09" time="0.023"/>
  <testcase name="testAbaNumberCheck_18730_bad" classname="com.cardatechnologies.utils.validators.abaroutevalidator.Test_AbaRouteValidator_09" time="0.021"/>
  <testcase name="testAbaNumberCheck_19544_bad" classname="com.cardatechnologies.utils.validators.abaroutevalidator.Test_AbaRouteValidator_09" time="0.02"/>
  <testcase name="testAbaNumberCheck_18280_bad" classname="com.cardatechnologies.utils.validators.abaroutevalidator.Test_AbaRouteValidator_09" time="0.021"/>
  <testcase name="testAbaNumberCheck_19094_bad" classname="com.cardatechnologies.utils.validators.abaroutevalidator.Test_AbaRouteValidator_09" time="0.021"/>
  <testcase name="testAbaNumberCheck_18732_bad" classname="com.cardatechnologies.utils.validators.abaroutevalidator.Test_AbaRouteValidator_09" time="0.02"/>
  <testcase name="testAbaNumberCheck_19546_bad" classname="com.cardatechnologies.utils.validators.abaroutevalidator.Test_AbaRouteValidator_09" time="0.021"/>
  <testcase name="testAbaNumberCheck_18282_bad" classname="com.cardatechnologies.utils.validators.abaroutevalidator.Test_AbaRouteValidator_09" time="0.02"/>
  <testcase name="testAbaNumberCheck_19096_bad" classname="com.cardatechnologies.utils.validators.abaroutevalidator.Test_AbaRouteValidator_09" time="0.02"/>
  <testcase name="testAbaNumberCheck_17677_good" classname="com.cardatechnologies.utils.validators.abaroutevalidator.Test_AbaRouteValidator_09" time="0.024"/>
  <testcase name="testAbaNumberCheck_17920_bad" classname="com.cardatechnologies.utils.validators.abaroutevalidator.Test_AbaRouteValidator_09" time="0.03"/>
  <testcase name="testAbaNumberCheck_18734_bad" classname="com.cardatechnologies.utils.validators.abaroutevalidator.Test_AbaRouteValidator_09" time="0.022"/>
  <testcase name="testAbaNumberCheck_19548_bad" classname="com.cardatechnologies.utils.validators.abaroutevalidator.Test_AbaRouteValidator_09" time="0.021"/>
  <testcase name="testAbaNumberCheck_18284_bad" classname="com.cardatechnologies.utils.validators.abaroutevalidator.Test_AbaRouteValidator_09" time="0.021"/>
  <testcase name="testAbaNumberCheck_19098_bad" classname="com.cardatechnologies.utils.validators.abaroutevalidator.Test_AbaRouteValidator_09" time="0.021"/>
  <testcase name="testAbaNumberCheck_17922_bad" classname="com.cardatechnologies.utils.validators.abaroutevalidator.Test_AbaRouteValidator_09" time="0.021"/>
  <testcase name="testAbaNumberCheck_18736_bad" classname="com.cardatechnologies.utils.validators.abaroutevalidator.Test_AbaRouteValidator_09" time="0.02"/>
  <testcase name="testAbaNumberCheck_18286_bad" classname="com.cardatechnologies.utils.validators.abaroutevalidator.Test_AbaRouteValidator_09" time="0.022"/>
  <testcase name="testAbaNumberCheck_17924_bad" classname="com.cardatechnologies.utils.validators.abaroutevalidator.Test_AbaRouteValidator_09" time="0.02"/>
  <testcase name="testAbaNumberCheck_18738_bad" classname="com.cardatechnologies.utils.validators.abaroutevalidator.Test_AbaRouteValidator_09" time="0.021"/>
  <testcase name="testAbaNumberCheck_18288_bad" classname="com.cardatechnologies.utils.validators.abaroutevalidator.Test_AbaRouteValidator_09" time="0.021"/>
  <testcase name="testAbaNumberCheck_17926_bad" classname="com.cardatechnologies.utils.validators.abaroutevalidator.Test_AbaRouteValidator_09" time="0.021"/>
  <testcase name="testAbaNumberCheck_17928_bad" classname="com.cardatechnologies.utils.validators.abaroutevalidator.Test_AbaRouteValidator_09" time="0.021"/>
  <testcase name="testAbaNumberCheck_18987_good" classname="com.cardatechnologies.utils.validators.abaroutevalidator.Test_AbaRouteValidator_09" time="0.022"/>
  <testcase name="testAbaNumberCheck_17885_good" classname="com.cardatechnologies.utils.validators.abaroutevalidator.Test_AbaRouteValidator_09" time="0.021"/>
  <testcase name="testAbaNumberCheck_19550_bad" classname="com.cardatechnologies.utils.validators.abaroutevalidator.Test_AbaRouteValidator_09" time="0.023"/>
  <testcase name="testAbaNumberCheck_19552_bad" classname="com.cardatechnologies.utils.validators.abaroutevalidator.Test_AbaRouteValidator_09" time="0.026"/>
  <testcase name="testAbaNumberCheck_18699_good" classname="com.cardatechnologies.utils.validators.abaroutevalidator.Test_AbaRouteValidator_09" time="0.026"/>
  <testcase name="testAbaNumberCheck_17759_good" classname="com.cardatechnologies.utils.validators.abaroutevalidator.Test_AbaRouteValidator_09" time="0.024"/>
  <testcase name="testAbaNumberCheck_18740_bad" classname="com.cardatechnologies.utils.validators.abaroutevalidator.Test_AbaRouteValidator_09" time="0.027"/>
  <testcase name="testAbaNumberCheck_19554_bad" classname="com.cardatechnologies.utils.validators.abaroutevalidator.Test_AbaRouteValidator_09" time="0.024"/>
  <testcase name="testAbaNumberCheck_18290_bad" classname="com.cardatechnologies.utils.validators.abaroutevalidator.Test_AbaRouteValidator_09" time="0.024"/>
  <testcase name="testAbaNumberCheck_18742_bad" classname="com.cardatechnologies.utils.validators.abaroutevalidator.Test_AbaRouteValidator_09" time="0.03"/>
  <testcase name="testAbaNumberCheck_19556_bad" classname="com.cardatechnologies.utils.validators.abaroutevalidator.Test_AbaRouteValidator_09" time="0.036"/>
  <testcase name="testAbaNumberCheck_18292_bad" classname="com.cardatechnologies.utils.validators.abaroutevalidator.Test_AbaRouteValidator_09" time="0.026"/>
  <testcase name="testAbaNumberCheck_17930_bad" classname="com.cardatechnologies.utils.validators.abaroutevalidator.Test_AbaRouteValidator_09" time="0.025"/>
  <testcase name="testAbaNumberCheck_18744_bad" classname="com.cardatechnologies.utils.validators.abaroutevalidator.Test_AbaRouteValidator_09" time="0.027"/>
  <testcase name="testAbaNumberCheck_19558_bad" classname="com.cardatechnologies.utils.validators.abaroutevalidator.Test_AbaRouteValidator_09" time="0.032"/>
  <testcase name="testAbaNumberCheck_18294_bad" classname="com.cardatechnologies.utils.validators.abaroutevalidator.Test_AbaRouteValidator_09" time="0.026"/>
  <testcase name="testAbaNumberCheck_17932_bad" classname="com.cardatechnologies.utils.validators.abaroutevalidator.Test_AbaRouteValidator_09" time="0.025"/>
  <testcase name="testAbaNumberCheck_18746_bad" classname="com.cardatechnologies.utils.validators.abaroutevalidator.Test_AbaRouteValidator_09" time="0.026"/>
  <testcase name="testAbaNumberCheck_18296_bad" classname="com.cardatechnologies.utils.validators.abaroutevalidator.Test_AbaRouteValidator_09" time="0.025"/>
  <testcase name="testAbaNumberCheck_17597_good" classname="com.cardatechnologies.utils.validators.abaroutevalidator.Test_AbaRouteValidator_09" time="0.027"/>
  <testcase name="testAbaNumberCheck_17934_bad" classname="com.cardatechnologies.utils.validators.abaroutevalidator.Test_AbaRouteValidator_09" time="0.026"/>
  <testcase name="testAbaNumberCheck_18748_bad" classname="com.cardatechnologies.utils.validators.abaroutevalidator.Test_AbaRouteValidator_09" time="0.022"/>
  <testcase name="testAbaNumberCheck_18298_bad" classname="com.cardatechnologies.utils.validators.abaroutevalidator.Test_AbaRouteValidator_09" time="0.022"/>
  <testcase name="testAbaNumberCheck_17936_bad" classname="com.cardatechnologies.utils.validators.abaroutevalidator.Test_AbaRouteValidator_09" time="0.021"/>
  <testcase name="testAbaNumberCheck_17938_bad" classname="com.cardatechnologies.utils.validators.abaroutevalidator.Test_AbaRouteValidator_09" time="0.021"/>
  <testcase name="testAbaNumberCheck_17967_good" classname="com.cardatechnologies.utils.validators.abaroutevalidator.Test_AbaRouteValidator_09" time="0.02"/>
  <testcase name="testAbaNumberCheck_19560_bad" classname="com.cardatechnologies.utils.validators.abaroutevalidator.Test_AbaRouteValidator_09" time="0.021"/>
  <testcase name="testAbaNumberCheck_19562_bad" classname="com.cardatechnologies.utils.validators.abaroutevalidator.Test_AbaRouteValidator_09" time="0.021"/>
  <testcase name="testAbaNumberCheck_18750_bad" classname="com.cardatechnologies.utils.validators.abaroutevalidator.Test_AbaRouteValidator_09" time="0.02"/>
  <testcase name="testAbaNumberCheck_19564_bad" classname="com.cardatechnologies.utils.validators.abaroutevalidator.Test_AbaRouteValidator_09" time="0.021"/>
  <testcase name="testAbaNumberCheck_18752_bad" classname="com.cardatechnologies.utils.validators.abaroutevalidator.Test_AbaRouteValidator_09" time="0.021"/>
  <testcase name="testAbaNumberCheck_19566_bad" classname="com.cardatechnologies.utils.validators.abaroutevalidator.Test_AbaRouteValidator_09" time="0.027"/>
  <testcase name="testAbaNumberCheck_17679_good" classname="com.cardatechnologies.utils.validators.abaroutevalidator.Test_AbaRouteValidator_09" time="0.027"/>
  <testcase name="testAbaNumberCheck_17940_bad" classname="com.cardatechnologies.utils.validators.abaroutevalidator.Test_AbaRouteValidator_09" time="0.02"/>
  <testcase name="testAbaNumberCheck_18754_bad" classname="com.cardatechnologies.utils.validators.abaroutevalidator.Test_AbaRouteValidator_09" time="0.021"/>
  <testcase name="testAbaNumberCheck_19568_bad" classname="com.cardatechnologies.utils.validators.abaroutevalidator.Test_AbaRouteValidator_09" time="0.02"/>
  <testcase name="testAbaNumberCheck_17942_bad" classname="com.cardatechnologies.utils.validators.abaroutevalidator.Test_AbaRouteValidator_09" time="0.021"/>
  <testcase name="testAbaNumberCheck_18756_bad" classname="com.cardatechnologies.utils.validators.abaroutevalidator.Test_AbaRouteValidator_09" time="0.02"/>
  <testcase name="testAbaNumberCheck_17944_bad" classname="com.cardatechnologies.utils.validators.abaroutevalidator.Test_AbaRouteValidator_09" time="0.021"/>
  <testcase name="testAbaNumberCheck_18758_bad" classname="com.cardatechnologies.utils.validators.abaroutevalidator.Test_AbaRouteValidator_09" time="0.021"/>
  <testcase name="testAbaNumberCheck_17946_bad" classname="com.cardatechnologies.utils.validators.abaroutevalidator.Test_AbaRouteValidator_09" time="0.02"/>
  <testcase name="testAbaNumberCheck_17948_bad" classname="com.cardatechnologies.utils.validators.abaroutevalidator.Test_AbaRouteValidator_09" time="0.02"/>
  <testcase name="testAbaNumberCheck_18989_good" classname="com.cardatechnologies.utils.validators.abaroutevalidator.Test_AbaRouteValidator_09" time="0.022"/>
  <testcase name="testAbaNumberCheck_17887_good" classname="com.cardatechnologies.utils.validators.abaroutevalidator.Test_AbaRouteValidator_09" time="0.025"/>
  <testcase name="testAbaNumberCheck_19570_bad" classname="com.cardatechnologies.utils.validators.abaroutevalidator.Test_AbaRouteValidator_09" time="0.026"/>
  <testcase name="testAbaNumberCheck_19572_bad" classname="com.cardatechnologies.utils.validators.abaroutevalidator.Test_AbaRouteValidator_09" time="0.027"/>
  <testcase name="testAbaNumberCheck_18760_bad" classname="com.cardatechnologies.utils.validators.abaroutevalidator.Test_AbaRouteValidator_09" time="0.023"/>
  <testcase name="testAbaNumberCheck_19574_bad" classname="com.cardatechnologies.utils.validators.abaroutevalidator.Test_AbaRouteValidator_09" time="0.023"/>
  <testcase name="testAbaNumberCheck_18762_bad" classname="com.cardatechnologies.utils.validators.abaroutevalidator.Test_AbaRouteValidator_09" time="0.027"/>
  <testcase name="testAbaNumberCheck_19576_bad" classname="com.cardatechnologies.utils.validators.abaroutevalidator.Test_AbaRouteValidator_09" time="0.022"/>
  <testcase name="testAbaNumberCheck_17950_bad" classname="com.cardatechnologies.utils.validators.abaroutevalidator.Test_AbaRouteValidator_09" time="0.029"/>
  <testcase name="testAbaNumberCheck_18764_bad" classname="com.cardatechnologies.utils.validators.abaroutevalidator.Test_AbaRouteValidator_09" time="0.022"/>
  <testcase name="testAbaNumberCheck_19578_bad" classname="com.cardatechnologies.utils.validators.abaroutevalidator.Test_AbaRouteValidator_09" time="0.023"/>
  <testcase name="testAbaNumberCheck_17952_bad" classname="com.cardatechnologies.utils.validators.abaroutevalidator.Test_AbaRouteValidator_09" time="0.023"/>
  <testcase name="testAbaNumberCheck_18766_bad" classname="com.cardatechnologies.utils.validators.abaroutevalidator.Test_AbaRouteValidator_09" time="0.036"/>
  <testcase name="testAbaNumberCheck_17599_good" classname="com.cardatechnologies.utils.validators.abaroutevalidator.Test_AbaRouteValidator_09" time="0.025"/>
  <testcase name="testAbaNumberCheck_17954_bad" classname="com.cardatechnologies.utils.validators.abaroutevalidator.Test_AbaRouteValidator_09" time="0.032"/>
  <testcase name="testAbaNumberCheck_18768_bad" classname="com.cardatechnologies.utils.validators.abaroutevalidator.Test_AbaRouteValidator_09" time="0.024"/>
  <testcase name="testAbaNumberCheck_17956_bad" classname="com.cardatechnologies.utils.validators.abaroutevalidator.Test_AbaRouteValidator_09" time="0.025"/>
  <testcase name="testAbaNumberCheck_17958_bad" classname="com.cardatechnologies.utils.validators.abaroutevalidator.Test_AbaRouteValidator_09" time="0.025"/>
  <testcase name="testAbaNumberCheck_17969_good" classname="com.cardatechnologies.utils.validators.abaroutevalidator.Test_AbaRouteValidator_09" time="0.025"/>
  <testcase name="testAbaNumberCheck_19580_bad" classname="com.cardatechnologies.utils.validators.abaroutevalidator.Test_AbaRouteValidator_09" time="0.026"/>
  <testcase name="testAbaNumberCheck_19582_bad" classname="com.cardatechnologies.utils.validators.abaroutevalidator.Test_AbaRouteValidator_09" time="0.026"/>
  <testcase name="testAbaNumberCheck_18770_bad" classname="com.cardatechnologies.utils.validators.abaroutevalidator.Test_AbaRouteValidator_09" time="0.024"/>
  <testcase name="testAbaNumberCheck_19584_bad" classname="com.cardatechnologies.utils.validators.abaroutevalidator.Test_AbaRouteValidator_09" time="0.027"/>
  <testcase name="testAbaNumberCheck_18772_bad" classname="com.cardatechnologies.utils.validators.abaroutevalidator.Test_AbaRouteValidator_09" time="0.029"/>
  <testcase name="testAbaNumberCheck_19586_bad" classname="com.cardatechnologies.utils.validators.abaroutevalidator.Test_AbaRouteValidator_09" time="0.022"/>
  <testcase name="testAbaNumberCheck_17960_bad" classname="com.cardatechnologies.utils.validators.abaroutevalidator.Test_AbaRouteValidator_09" time="0.021"/>
  <testcase name="testAbaNumberCheck_18774_bad" classname="com.cardatechnologies.utils.validators.abaroutevalidator.Test_AbaRouteValidator_09" time="0.023"/>
  <testcase name="testAbaNumberCheck_19588_bad" classname="com.cardatechnologies.utils.validators.abaroutevalidator.Test_AbaRouteValidator_09" time="0.023"/>
  <testcase name="testAbaNumberCheck_17962_bad" classname="com.cardatechnologies.utils.validators.abaroutevalidator.Test_AbaRouteValidator_09" time="0.021"/>
  <testcase name="testAbaNumberCheck_18776_bad" classname="com.cardatechnologies.utils.validators.abaroutevalidator.Test_AbaRouteValidator_09" time="0.026"/>
  <testcase name="testAbaNumberCheck_17964_bad" classname="com.cardatechnologies.utils.validators.abaroutevalidator.Test_AbaRouteValidator_09" time="0.02"/>
  <testcase name="testAbaNumberCheck_18778_bad" classname="com.cardatechnologies.utils.validators.abaroutevalidator.Test_AbaRouteValidator_09" time="0.022"/>
  <testcase name="testAbaNumberCheck_17966_bad" classname="com.cardatechnologies.utils.validators.abaroutevalidator.Test_AbaRouteValidator_09" time="0.021"/>
  <testcase name="testAbaNumberCheck_17968_bad" classname="com.cardatechnologies.utils.validators.abaroutevalidator.Test_AbaRouteValidator_09" time="0.039"/>
  <testcase name="testAbaNumberCheck_17889_good" classname="com.cardatechnologies.utils.validators.abaroutevalidator.Test_AbaRouteValidator_09" time="0.02"/>
  <testcase name="testAbaNumberCheck_19590_bad" classname="com.cardatechnologies.utils.validators.abaroutevalidator.Test_AbaRouteValidator_09" time="0.022"/>
  <testcase name="testAbaNumberCheck_19592_bad" classname="com.cardatechnologies.utils.validators.abaroutevalidator.Test_AbaRouteValidator_09" time="0.02"/>
  <testcase name="testAbaNumberCheck_18780_bad" classname="com.cardatechnologies.utils.validators.abaroutevalidator.Test_AbaRouteValidator_09" time="0.02"/>
  <testcase name="testAbaNumberCheck_19594_bad" classname="com.cardatechnologies.utils.validators.abaroutevalidator.Test_AbaRouteValidator_09" time="0.021"/>
  <testcase name="testAbaNumberCheck_18782_bad" classname="com.cardatechnologies.utils.validators.abaroutevalidator.Test_AbaRouteValidator_09" time="0.021"/>
  <testcase name="testAbaNumberCheck_19596_bad" classname="com.cardatechnologies.utils.validators.abaroutevalidator.Test_AbaRouteValidator_09" time="0.02"/>
  <testcase name="testAbaNumberCheck_17970_bad" classname="com.cardatechnologies.utils.validators.abaroutevalidator.Test_AbaRouteValidator_09" time="0.021"/>
  <testcase name="testAbaNumberCheck_18784_bad" classname="com.cardatechnologies.utils.validators.abaroutevalidator.Test_AbaRouteValidator_09" time="0.02"/>
  <testcase name="testAbaNumberCheck_19598_bad" classname="com.cardatechnologies.utils.validators.abaroutevalidator.Test_AbaRouteValidator_09" time="0.021"/>
  <testcase name="testAbaNumberCheck_17972_bad" classname="com.cardatechnologies.utils.validators.abaroutevalidator.Test_AbaRouteValidator_09" time="0.021"/>
  <testcase name="testAbaNumberCheck_18786_bad" classname="com.cardatechnologies.utils.validators.abaroutevalidator.Test_AbaRouteValidator_09" time="0.02"/>
  <testcase name="testAbaNumberCheck_17974_bad" classname="com.cardatechnologies.utils.validators.abaroutevalidator.Test_AbaRouteValidator_09" time="0.02"/>
  <testcase name="testAbaNumberCheck_18788_bad" classname="com.cardatechnologies.utils.validators.abaroutevalidator.Test_AbaRouteValidator_09" time="0.021"/>
  <testcase name="testAbaNumberCheck_17976_bad" classname="com.cardatechnologies.utils.validators.abaroutevalidator.Test_AbaRouteValidator_09" time="0.02"/>
  <testcase name="testAbaNumberCheck_17978_bad" classname="com.cardatechnologies.utils.validators.abaroutevalidator.Test_AbaRouteValidator_09" time="0.02"/>
  <testcase name="testAbaNumberCheck_18790_bad" classname="com.cardatechnologies.utils.validators.abaroutevalidator.Test_AbaRouteValidator_09" time="0.021"/>
  <testcase name="testAbaNumberCheck_18792_bad" classname="com.cardatechnologies.utils.validators.abaroutevalidator.Test_AbaRouteValidator_09" time="0.02"/>
  <testcase name="testAbaNumberCheck_17980_bad" classname="com.cardatechnologies.utils.validators.abaroutevalidator.Test_AbaRouteValidator_09" time="0.021"/>
  <testcase name="testAbaNumberCheck_18794_bad" classname="com.cardatechnologies.utils.validators.abaroutevalidator.Test_AbaRouteValidator_09" time="0.02"/>
  <testcase name="testAbaNumberCheck_17982_bad" classname="com.cardatechnologies.utils.validators.abaroutevalidator.Test_AbaRouteValidator_09" time="0.024"/>
  <testcase name="testAbaNumberCheck_18796_bad" classname="com.cardatechnologies.utils.validators.abaroutevalidator.Test_AbaRouteValidator_09" time="0.025"/>
  <testcase name="testAbaNumberCheck_17984_bad" classname="com.cardatechnologies.utils.validators.abaroutevalidator.Test_AbaRouteValidator_09" time="0.024"/>
  <testcase name="testAbaNumberCheck_18798_bad" classname="com.cardatechnologies.utils.validators.abaroutevalidator.Test_AbaRouteValidator_09" time="0.039"/>
  <testcase name="testAbaNumberCheck_17986_bad" classname="com.cardatechnologies.utils.validators.abaroutevalidator.Test_AbaRouteValidator_09" time="0.022"/>
  <testcase name="testAbaNumberCheck_17988_bad" classname="com.cardatechnologies.utils.validators.abaroutevalidator.Test_AbaRouteValidator_09" time="0.023"/>
  <testcase name="testAbaNumberCheck_17990_bad" classname="com.cardatechnologies.utils.validators.abaroutevalidator.Test_AbaRouteValidator_09" time="0.021"/>
  <testcase name="testAbaNumberCheck_17992_bad" classname="com.cardatechnologies.utils.validators.abaroutevalidator.Test_AbaRouteValidator_09" time="0.027"/>
  <testcase name="testAbaNumberCheck_17994_bad" classname="com.cardatechnologies.utils.validators.abaroutevalidator.Test_AbaRouteValidator_09" time="0.03"/>
  <testcase name="testAbaNumberCheck_17996_bad" classname="com.cardatechnologies.utils.validators.abaroutevalidator.Test_AbaRouteValidator_09" time="0.031"/>
  <testcase name="testAbaNumberCheck_17998_bad" classname="com.cardatechnologies.utils.validators.abaroutevalidator.Test_AbaRouteValidator_09" time="0.029"/>
  <testcase name="testAbaNumberCheck_19201_good" classname="com.cardatechnologies.utils.validators.abaroutevalidator.Test_AbaRouteValidator_09" time="0.03"/>
  <testcase name="testAbaNumberCheck_19121_good" classname="com.cardatechnologies.utils.validators.abaroutevalidator.Test_AbaRouteValidator_09" time="0.031"/>
  <testcase name="testAbaNumberCheck_19203_good" classname="com.cardatechnologies.utils.validators.abaroutevalidator.Test_AbaRouteValidator_09" time="0.03"/>
  <testcase name="testAbaNumberCheck_19041_good" classname="com.cardatechnologies.utils.validators.abaroutevalidator.Test_AbaRouteValidator_09" time="0.027"/>
  <testcase name="testAbaNumberCheck_18101_good" classname="com.cardatechnologies.utils.validators.abaroutevalidator.Test_AbaRouteValidator_09" time="0.024"/>
  <testcase name="testAbaNumberCheck_19411_good" classname="com.cardatechnologies.utils.validators.abaroutevalidator.Test_AbaRouteValidator_09" time="0.024"/>
  <testcase name="testAbaNumberCheck_19123_good" classname="com.cardatechnologies.utils.validators.abaroutevalidator.Test_AbaRouteValidator_09" time="0.024"/>
  <testcase name="testAbaNumberCheck_18021_good" classname="com.cardatechnologies.utils.validators.abaroutevalidator.Test_AbaRouteValidator_09" time="0.025"/>
  <testcase name="testAbaNumberCheck_19331_good" classname="com.cardatechnologies.utils.validators.abaroutevalidator.Test_AbaRouteValidator_09" time="0.024"/>
  <testcase name="testAbaNumberCheck_19205_good" classname="com.cardatechnologies.utils.validators.abaroutevalidator.Test_AbaRouteValidator_09" time="0.024"/>
  <testcase name="testAbaNumberCheck_19043_good" classname="com.cardatechnologies.utils.validators.abaroutevalidator.Test_AbaRouteValidator_09" time="0.023"/>
  <testcase name="testAbaNumberCheck_18103_good" classname="com.cardatechnologies.utils.validators.abaroutevalidator.Test_AbaRouteValidator_09" time="0.026"/>
  <testcase name="testAbaNumberCheck_19701_good" classname="com.cardatechnologies.utils.validators.abaroutevalidator.Test_AbaRouteValidator_09" time="0.035"/>
  <testcase name="testAbaNumberCheck_19413_good" classname="com.cardatechnologies.utils.validators.abaroutevalidator.Test_AbaRouteValidator_09" time="0.036"/>
  <testcase name="testAbaNumberCheck_19251_good" classname="com.cardatechnologies.utils.validators.abaroutevalidator.Test_AbaRouteValidator_09" time="0.039"/>
  <testcase name="testAbaNumberCheck_18311_good" classname="com.cardatechnologies.utils.validators.abaroutevalidator.Test_AbaRouteValidator_09" time="0.027"/>
  <testcase name="testAbaNumberCheck_19125_good" classname="com.cardatechnologies.utils.validators.abaroutevalidator.Test_AbaRouteValidator_09" time="0.024"/>
  <testcase name="testAbaNumberCheck_18023_good" classname="com.cardatechnologies.utils.validators.abaroutevalidator.Test_AbaRouteValidator_09" time="0.021"/>
  <testcase name="testAbaNumberCheck_19621_good" classname="com.cardatechnologies.utils.validators.abaroutevalidator.Test_AbaRouteValidator_09" time="0.021"/>
  <testcase name="testAbaNumberCheck_19333_good" classname="com.cardatechnologies.utils.validators.abaroutevalidator.Test_AbaRouteValidator_09" time="0.021"/>
  <testcase name="testAbaNumberCheck_19207_good" classname="com.cardatechnologies.utils.validators.abaroutevalidator.Test_AbaRouteValidator_09" time="0.027"/>
  <testcase name="testAbaNumberCheck_19171_good" classname="com.cardatechnologies.utils.validators.abaroutevalidator.Test_AbaRouteValidator_09" time="0.021"/>
  <testcase name="testAbaNumberCheck_18231_good" classname="com.cardatechnologies.utils.validators.abaroutevalidator.Test_AbaRouteValidator_09" time="0.021"/>
  <testcase name="testAbaNumberCheck_19045_good" classname="com.cardatechnologies.utils.validators.abaroutevalidator.Test_AbaRouteValidator_09" time="0.02"/>
  <testcase name="testAbaNumberCheck_18105_good" classname="com.cardatechnologies.utils.validators.abaroutevalidator.Test_AbaRouteValidator_09" time="0.02"/>
  <testcase name="testAbaNumberCheck_19703_good" classname="com.cardatechnologies.utils.validators.abaroutevalidator.Test_AbaRouteValidator_09" time="0.021"/>
  <testcase name="testAbaNumberCheck_19541_good" classname="com.cardatechnologies.utils.validators.abaroutevalidator.Test_AbaRouteValidator_09" time="0.02"/>
  <testcase name="testAbaNumberCheck_18601_good" classname="com.cardatechnologies.utils.validators.abaroutevalidator.Test_AbaRouteValidator_09" time="0.021"/>
  <testcase name="testAbaNumberCheck_19415_good" classname="com.cardatechnologies.utils.validators.abaroutevalidator.Test_AbaRouteValidator_09" time="0.021"/>
  <testcase name="testAbaNumberCheck_19253_good" classname="com.cardatechnologies.utils.validators.abaroutevalidator.Test_AbaRouteValidator_09" time="0.02"/>
  <testcase name="testAbaNumberCheck_18313_good" classname="com.cardatechnologies.utils.validators.abaroutevalidator.Test_AbaRouteValidator_09" time="0.022"/>
  <testcase name="testAbaNumberCheck_19911_good" classname="com.cardatechnologies.utils.validators.abaroutevalidator.Test_AbaRouteValidator_09" time="0.028"/>
  <testcase name="testAbaNumberCheck_19127_good" classname="com.cardatechnologies.utils.validators.abaroutevalidator.Test_AbaRouteValidator_09" time="0.03"/>
  <testcase name="testAbaNumberCheck_19091_good" classname="com.cardatechnologies.utils.validators.abaroutevalidator.Test_AbaRouteValidator_09" time="0.037"/>
  <testcase name="testAbaNumberCheck_18151_good" classname="com.cardatechnologies.utils.validators.abaroutevalidator.Test_AbaRouteValidator_09" time="0.029"/>
  <testcase name="testAbaNumberCheck_18025_good" classname="com.cardatechnologies.utils.validators.abaroutevalidator.Test_AbaRouteValidator_09" time="0.026"/>
  <testcase name="testAbaNumberCheck_19623_good" classname="com.cardatechnologies.utils.validators.abaroutevalidator.Test_AbaRouteValidator_09" time="0.027"/>
  <testcase name="testAbaNumberCheck_19461_good" classname="com.cardatechnologies.utils.validators.abaroutevalidator.Test_AbaRouteValidator_09" time="0.026"/>
  <testcase name="testAbaNumberCheck_18521_good" classname="com.cardatechnologies.utils.validators.abaroutevalidator.Test_AbaRouteValidator_09" time="0.028"/>
  <testcase name="testAbaNumberCheck_19335_good" classname="com.cardatechnologies.utils.validators.abaroutevalidator.Test_AbaRouteValidator_09" time="0.028"/>
  <testcase name="testAbaNumberCheck_19209_good" classname="com.cardatechnologies.utils.validators.abaroutevalidator.Test_AbaRouteValidator_09" time="0.026"/>
  <testcase name="testAbaNumberCheck_19173_good" classname="com.cardatechnologies.utils.validators.abaroutevalidator.Test_AbaRouteValidator_09" time="0.027"/>
  <testcase name="testAbaNumberCheck_18233_good" classname="com.cardatechnologies.utils.validators.abaroutevalidator.Test_AbaRouteValidator_09" time="0.029"/>
  <testcase name="testAbaNumberCheck_19831_good" classname="com.cardatechnologies.utils.validators.abaroutevalidator.Test_AbaRouteValidator_09" time="0.024"/>
  <testcase name="testAbaNumberCheck_19047_good" classname="com.cardatechnologies.utils.validators.abaroutevalidator.Test_AbaRouteValidator_09" time="0.021"/>
  <testcase name="testAbaNumberCheck_18107_good" classname="com.cardatechnologies.utils.validators.abaroutevalidator.Test_AbaRouteValidator_09" time="0.021"/>
  <testcase name="testAbaNumberCheck_19705_good" classname="com.cardatechnologies.utils.validators.abaroutevalidator.Test_AbaRouteValidator_09" time="0.022"/>
  <testcase name="testAbaNumberCheck_18071_good" classname="com.cardatechnologies.utils.validators.abaroutevalidator.Test_AbaRouteValidator_09" time="0.021"/>
  <testcase name="testAbaNumberCheck_19543_good" classname="com.cardatechnologies.utils.validators.abaroutevalidator.Test_AbaRouteValidator_09" time="0.022"/>
  <testcase name="testAbaNumberCheck_18603_good" classname="com.cardatechnologies.utils.validators.abaroutevalidator.Test_AbaRouteValidator_09" time="0.021"/>
  <testcase name="testAbaNumberCheck_19417_good" classname="com.cardatechnologies.utils.validators.abaroutevalidator.Test_AbaRouteValidator_09" time="0.022"/>
  <testcase name="testAbaNumberCheck_19381_good" classname="com.cardatechnologies.utils.validators.abaroutevalidator.Test_AbaRouteValidator_09" time="0.021"/>
  <testcase name="testAbaNumberCheck_18441_good" classname="com.cardatechnologies.utils.validators.abaroutevalidator.Test_AbaRouteValidator_09" time="0.021"/>
  <testcase name="testAbaNumberCheck_19255_good" classname="com.cardatechnologies.utils.validators.abaroutevalidator.Test_AbaRouteValidator_09" time="0.022"/>
  <testcase name="testAbaNumberCheck_18315_good" classname="com.cardatechnologies.utils.validators.abaroutevalidator.Test_AbaRouteValidator_09" time="0.026"/>
  <testcase name="testAbaNumberCheck_19913_good" classname="com.cardatechnologies.utils.validators.abaroutevalidator.Test_AbaRouteValidator_09" time="0.033"/>
  <testcase name="testAbaNumberCheck_19129_good" classname="com.cardatechnologies.utils.validators.abaroutevalidator.Test_AbaRouteValidator_09" time="0.021"/>
  <testcase name="testAbaNumberCheck_19093_good" classname="com.cardatechnologies.utils.validators.abaroutevalidator.Test_AbaRouteValidator_09" time="0.022"/>
  <testcase name="testAbaNumberCheck_18153_good" classname="com.cardatechnologies.utils.validators.abaroutevalidator.Test_AbaRouteValidator_09" time="0.021"/>
  <testcase name="testAbaNumberCheck_19751_good" classname="com.cardatechnologies.utils.validators.abaroutevalidator.Test_AbaRouteValidator_09" time="0.022"/>
  <testcase name="testAbaNumberCheck_18811_good" classname="com.cardatechnologies.utils.validators.abaroutevalidator.Test_AbaRouteValidator_09" time="0.022"/>
  <testcase name="testAbaNumberCheck_18027_good" classname="com.cardatechnologies.utils.validators.abaroutevalidator.Test_AbaRouteValidator_09" time="0.023"/>
  <testcase name="testAbaNumberCheck_19625_good" classname="com.cardatechnologies.utils.validators.abaroutevalidator.Test_AbaRouteValidator_09" time="0.02"/>
  <testcase name="testAbaNumberCheck_19463_good" classname="com.cardatechnologies.utils.validators.abaroutevalidator.Test_AbaRouteValidator_09" time="0.022"/>
  <testcase name="testAbaNumberCheck_18523_good" classname="com.cardatechnologies.utils.validators.abaroutevalidator.Test_AbaRouteValidator_09" time="0.023"/>
  <testcase name="testAbaNumberCheck_19337_good" classname="com.cardatechnologies.utils.validators.abaroutevalidator.Test_AbaRouteValidator_09" time="0.022"/>
  <testcase name="testAbaNumberCheck_18361_good" classname="com.cardatechnologies.utils.validators.abaroutevalidator.Test_AbaRouteValidator_09" time="0.024"/>
  <testcase name="testAbaNumberCheck_19175_good" classname="com.cardatechnologies.utils.validators.abaroutevalidator.Test_AbaRouteValidator_09" time="0.027"/>
  <testcase name="testAbaNumberCheck_18235_good" classname="com.cardatechnologies.utils.validators.abaroutevalidator.Test_AbaRouteValidator_09" time="0.02"/>
  <testcase name="testAbaNumberCheck_19833_good" classname="com.cardatechnologies.utils.validators.abaroutevalidator.Test_AbaRouteValidator_09" time="0.021"/>
  <testcase name="testAbaNumberCheck_19049_good" classname="com.cardatechnologies.utils.validators.abaroutevalidator.Test_AbaRouteValidator_09" time="0.021"/>
  <testcase name="testAbaNumberCheck_18109_good" classname="com.cardatechnologies.utils.validators.abaroutevalidator.Test_AbaRouteValidator_09" time="0.021"/>
  <testcase name="testAbaNumberCheck_19707_good" classname="com.cardatechnologies.utils.validators.abaroutevalidator.Test_AbaRouteValidator_09" time="0.021"/>
  <testcase name="testAbaNumberCheck_18073_good" classname="com.cardatechnologies.utils.validators.abaroutevalidator.Test_AbaRouteValidator_09" time="0.021"/>
  <testcase name="testAbaNumberCheck_19671_good" classname="com.cardatechnologies.utils.validators.abaroutevalidator.Test_AbaRouteValidator_09" time="0.021"/>
  <testcase name="testAbaNumberCheck_18731_good" classname="com.cardatechnologies.utils.validators.abaroutevalidator.Test_AbaRouteValidator_09" time="0.02"/>
  <testcase name="testAbaNumberCheck_19545_good" classname="com.cardatechnologies.utils.validators.abaroutevalidator.Test_AbaRouteValidator_09" time="0.021"/>
  <testcase name="testAbaNumberCheck_18605_good" classname="com.cardatechnologies.utils.validators.abaroutevalidator.Test_AbaRouteValidator_09" time="0.021"/>
  <testcase name="testAbaNumberCheck_19419_good" classname="com.cardatechnologies.utils.validators.abaroutevalidator.Test_AbaRouteValidator_09" time="0.031"/>
  <testcase name="testAbaNumberCheck_19383_good" classname="com.cardatechnologies.utils.validators.abaroutevalidator.Test_AbaRouteValidator_09" time="0.023"/>
  <testcase name="testAbaNumberCheck_18443_good" classname="com.cardatechnologies.utils.validators.abaroutevalidator.Test_AbaRouteValidator_09" time="0.021"/>
  <testcase name="testAbaNumberCheck_19257_good" classname="com.cardatechnologies.utils.validators.abaroutevalidator.Test_AbaRouteValidator_09" time="0.025"/>
  <testcase name="testAbaNumberCheck_18317_good" classname="com.cardatechnologies.utils.validators.abaroutevalidator.Test_AbaRouteValidator_09" time="0.02"/>
  <testcase name="testAbaNumberCheck_19915_good" classname="com.cardatechnologies.utils.validators.abaroutevalidator.Test_AbaRouteValidator_09" time="0.021"/>
  <testcase name="testAbaNumberCheck_18281_good" classname="com.cardatechnologies.utils.validators.abaroutevalidator.Test_AbaRouteValidator_09" time="0.021"/>
  <testcase name="testAbaNumberCheck_19095_good" classname="com.cardatechnologies.utils.validators.abaroutevalidator.Test_AbaRouteValidator_09" time="0.02"/>
  <testcase name="testAbaNumberCheck_18155_good" classname="com.cardatechnologies.utils.validators.abaroutevalidator.Test_AbaRouteValidator_09" time="0.021"/>
  <testcase name="testAbaNumberCheck_19753_good" classname="com.cardatechnologies.utils.validators.abaroutevalidator.Test_AbaRouteValidator_09" time="0.021"/>
  <testcase name="testAbaNumberCheck_18813_good" classname="com.cardatechnologies.utils.validators.abaroutevalidator.Test_AbaRouteValidator_09" time="0.022"/>
  <testcase name="testAbaNumberCheck_18029_good" classname="com.cardatechnologies.utils.validators.abaroutevalidator.Test_AbaRouteValidator_09" time="0.021"/>
  <testcase name="testAbaNumberCheck_19627_good" classname="com.cardatechnologies.utils.validators.abaroutevalidator.Test_AbaRouteValidator_09" time="0.02"/>
  <testcase name="testAbaNumberCheck_19591_good" classname="com.cardatechnologies.utils.validators.abaroutevalidator.Test_AbaRouteValidator_09" time="0.02"/>
  <testcase name="testAbaNumberCheck_18651_good" classname="com.cardatechnologies.utils.validators.abaroutevalidator.Test_AbaRouteValidator_09" time="0.02"/>
  <testcase name="testAbaNumberCheck_17711_good" classname="com.cardatechnologies.utils.validators.abaroutevalidator.Test_AbaRouteValidator_09" time="0.021"/>
  <testcase name="testAbaNumberCheck_19465_good" classname="com.cardatechnologies.utils.validators.abaroutevalidator.Test_AbaRouteValidator_09" time="0.021"/>
  <testcase name="testAbaNumberCheck_18525_good" classname="com.cardatechnologies.utils.validators.abaroutevalidator.Test_AbaRouteValidator_09" time="0.02"/>
  <testcase name="testAbaNumberCheck_19339_good" classname="com.cardatechnologies.utils.validators.abaroutevalidator.Test_AbaRouteValidator_09" time="0.021"/>
  <testcase name="testAbaNumberCheck_18363_good" classname="com.cardatechnologies.utils.validators.abaroutevalidator.Test_AbaRouteValidator_09" time="0.02"/>
  <testcase name="testAbaNumberCheck_19961_good" classname="com.cardatechnologies.utils.validators.abaroutevalidator.Test_AbaRouteValidator_09" time="0.021"/>
  <testcase name="testAbaNumberCheck_19177_good" classname="com.cardatechnologies.utils.validators.abaroutevalidator.Test_AbaRouteValidator_09" time="0.021"/>
  <testcase name="testAbaNumberCheck_18237_good" classname="com.cardatechnologies.utils.validators.abaroutevalidator.Test_AbaRouteValidator_09" time="0.02"/>
  <testcase name="testAbaNumberCheck_19835_good" classname="com.cardatechnologies.utils.validators.abaroutevalidator.Test_AbaRouteValidator_09" time="0.021"/>
  <testcase name="testAbaNumberCheck_19709_good" classname="com.cardatechnologies.utils.validators.abaroutevalidator.Test_AbaRouteValidator_09" time="0.024"/>
  <testcase name="testAbaNumberCheck_18075_good" classname="com.cardatechnologies.utils.validators.abaroutevalidator.Test_AbaRouteValidator_09" time="0.035"/>
  <testcase name="testAbaNumberCheck_19673_good" classname="com.cardatechnologies.utils.validators.abaroutevalidator.Test_AbaRouteValidator_09" time="0.027"/>
  <testcase name="testAbaNumberCheck_18733_good" classname="com.cardatechnologies.utils.validators.abaroutevalidator.Test_AbaRouteValidator_09" time="0.028"/>
  <testcase name="testAbaNumberCheck_19547_good" classname="com.cardatechnologies.utils.validators.abaroutevalidator.Test_AbaRouteValidator_09" time="0.029"/>
  <testcase name="testAbaNumberCheck_18607_good" classname="com.cardatechnologies.utils.validators.abaroutevalidator.Test_AbaRouteValidator_09" time="0.029"/>
  <testcase name="testAbaNumberCheck_18571_good" classname="com.cardatechnologies.utils.validators.abaroutevalidator.Test_AbaRouteValidator_09" time="0.03"/>
  <testcase name="testAbaNumberCheck_17631_good" classname="com.cardatechnologies.utils.validators.abaroutevalidator.Test_AbaRouteValidator_09" time="0.024"/>
  <testcase name="testAbaNumberCheck_19385_good" classname="com.cardatechnologies.utils.validators.abaroutevalidator.Test_AbaRouteValidator_09" time="0.024"/>
  <testcase name="testAbaNumberCheck_18445_good" classname="com.cardatechnologies.utils.validators.abaroutevalidator.Test_AbaRouteValidator_09" time="0.024"/>
  <testcase name="testAbaNumberCheck_19259_good" classname="com.cardatechnologies.utils.validators.abaroutevalidator.Test_AbaRouteValidator_09" time="0.023"/>
  <testcase name="testAbaNumberCheck_18319_good" classname="com.cardatechnologies.utils.validators.abaroutevalidator.Test_AbaRouteValidator_09" time="0.024"/>
  <testcase name="testAbaNumberCheck_19917_good" classname="com.cardatechnologies.utils.validators.abaroutevalidator.Test_AbaRouteValidator_09" time="0.029"/>
  <testcase name="testAbaNumberCheck_18283_good" classname="com.cardatechnologies.utils.validators.abaroutevalidator.Test_AbaRouteValidator_09" time="0.025"/>
  <testcase name="testAbaNumberCheck_19881_good" classname="com.cardatechnologies.utils.validators.abaroutevalidator.Test_AbaRouteValidator_09" time="0.024"/>
  <testcase name="testAbaNumberCheck_18941_good" classname="com.cardatechnologies.utils.validators.abaroutevalidator.Test_AbaRouteValidator_09" time="0.025"/>
  <testcase name="testAbaNumberCheck_19097_good" classname="com.cardatechnologies.utils.validators.abaroutevalidator.Test_AbaRouteValidator_09" time="0.023"/>
  <testcase name="testAbaNumberCheck_18157_good" classname="com.cardatechnologies.utils.validators.abaroutevalidator.Test_AbaRouteValidator_09" time="0.022"/>
  <testcase name="testAbaNumberCheck_19755_good" classname="com.cardatechnologies.utils.validators.abaroutevalidator.Test_AbaRouteValidator_09" time="0.02"/>
  <testcase name="testAbaNumberCheck_18815_good" classname="com.cardatechnologies.utils.validators.abaroutevalidator.Test_AbaRouteValidator_09" time="0.021"/>
  <testcase name="testAbaNumberCheck_19629_good" classname="com.cardatechnologies.utils.validators.abaroutevalidator.Test_AbaRouteValidator_09" time="0.02"/>
  <testcase name="testAbaNumberCheck_19593_good" classname="com.cardatechnologies.utils.validators.abaroutevalidator.Test_AbaRouteValidator_09" time="0.034"/>
  <testcase name="testAbaNumberCheck_18653_good" classname="com.cardatechnologies.utils.validators.abaroutevalidator.Test_AbaRouteValidator_09" time="0.027"/>
  <testcase name="testAbaNumberCheck_17713_good" classname="com.cardatechnologies.utils.validators.abaroutevalidator.Test_AbaRouteValidator_09" time="0.021"/>
  <testcase name="testAbaNumberCheck_19467_good" classname="com.cardatechnologies.utils.validators.abaroutevalidator.Test_AbaRouteValidator_09" time="0.02"/>
  <testcase name="testAbaNumberCheck_18527_good" classname="com.cardatechnologies.utils.validators.abaroutevalidator.Test_AbaRouteValidator_09" time="0.02"/>
  <testcase name="testAbaNumberCheck_18491_good" classname="com.cardatechnologies.utils.validators.abaroutevalidator.Test_AbaRouteValidator_09" time="0.021"/>
  <testcase name="testAbaNumberCheck_17551_good" classname="com.cardatechnologies.utils.validators.abaroutevalidator.Test_AbaRouteValidator_09" time="0.02"/>
  <testcase name="testAbaNumberCheck_18365_good" classname="com.cardatechnologies.utils.validators.abaroutevalidator.Test_AbaRouteValidator_09" time="0.021"/>
  <testcase name="testAbaNumberCheck_19963_good" classname="com.cardatechnologies.utils.validators.abaroutevalidator.Test_AbaRouteValidator_09" time="0.02"/>
  <testcase name="testAbaNumberCheck_19179_good" classname="com.cardatechnologies.utils.validators.abaroutevalidator.Test_AbaRouteValidator_09" time="0.024"/>
  <testcase name="testAbaNumberCheck_18239_good" classname="com.cardatechnologies.utils.validators.abaroutevalidator.Test_AbaRouteValidator_09" time="0.023"/>
  <testcase name="testAbaNumberCheck_19837_good" classname="com.cardatechnologies.utils.validators.abaroutevalidator.Test_AbaRouteValidator_09" time="0.022"/>
  <testcase name="testAbaNumberCheck_18861_good" classname="com.cardatechnologies.utils.validators.abaroutevalidator.Test_AbaRouteValidator_09" time="0.021"/>
  <testcase name="testAbaNumberCheck_17921_good" classname="com.cardatechnologies.utils.validators.abaroutevalidator.Test_AbaRouteValidator_09" time="0.023"/>
  <testcase name="testAbaNumberCheck_18077_good" classname="com.cardatechnologies.utils.validators.abaroutevalidator.Test_AbaRouteValidator_09" time="0.025"/>
  <testcase name="testAbaNumberCheck_19675_good" classname="com.cardatechnologies.utils.validators.abaroutevalidator.Test_AbaRouteValidator_09" time="0.031"/>
  <testcase name="testAbaNumberCheck_18735_good" classname="com.cardatechnologies.utils.validators.abaroutevalidator.Test_AbaRouteValidator_09" time="0.024"/>
  <testcase name="testAbaNumberCheck_19100_bad" classname="com.cardatechnologies.utils.validators.abaroutevalidator.Test_AbaRouteValidator_09" time="0.024"/>
  <testcase name="testAbaNumberCheck_19102_bad" classname="com.cardatechnologies.utils.validators.abaroutevalidator.Test_AbaRouteValidator_09" time="0.024"/>
  <testcase name="testAbaNumberCheck_19549_good" classname="com.cardatechnologies.utils.validators.abaroutevalidator.Test_AbaRouteValidator_09" time="0.024"/>
  <testcase name="testAbaNumberCheck_18609_good" classname="com.cardatechnologies.utils.validators.abaroutevalidator.Test_AbaRouteValidator_09" time="0.025"/>
  <testcase name="testAbaNumberCheck_19104_bad" classname="com.cardatechnologies.utils.validators.abaroutevalidator.Test_AbaRouteValidator_09" time="0.024"/>
  <testcase name="testAbaNumberCheck_19106_bad" classname="com.cardatechnologies.utils.validators.abaroutevalidator.Test_AbaRouteValidator_09" time="0.024"/>
  <testcase name="testAbaNumberCheck_18573_good" classname="com.cardatechnologies.utils.validators.abaroutevalidator.Test_AbaRouteValidator_09" time="0.04"/>
  <testcase name="testAbaNumberCheck_17633_good" classname="com.cardatechnologies.utils.validators.abaroutevalidator.Test_AbaRouteValidator_09" time="0.025"/>
  <testcase name="testAbaNumberCheck_19108_bad" classname="com.cardatechnologies.utils.validators.abaroutevalidator.Test_AbaRouteValidator_09" time="0.023"/>
  <testcase name="testAbaNumberCheck_19387_good" classname="com.cardatechnologies.utils.validators.abaroutevalidator.Test_AbaRouteValidator_09" time="0.024"/>
  <testcase name="testAbaNumberCheck_18447_good" classname="com.cardatechnologies.utils.validators.abaroutevalidator.Test_AbaRouteValidator_09" time="0.025"/>
  <testcase name="testAbaNumberCheck_19919_good" classname="com.cardatechnologies.utils.validators.abaroutevalidator.Test_AbaRouteValidator_09" time="0.022"/>
  <testcase name="testAbaNumberCheck_18285_good" classname="com.cardatechnologies.utils.validators.abaroutevalidator.Test_AbaRouteValidator_09" time="0.022"/>
  <testcase name="testAbaNumberCheck_19883_good" classname="com.cardatechnologies.utils.validators.abaroutevalidator.Test_AbaRouteValidator_09" time="0.021"/>
  <testcase name="testAbaNumberCheck_18943_good" classname="com.cardatechnologies.utils.validators.abaroutevalidator.Test_AbaRouteValidator_09" time="0.021"/>
  <testcase name="testAbaNumberCheck_19099_good" classname="com.cardatechnologies.utils.validators.abaroutevalidator.Test_AbaRouteValidator_09" time="0.021"/>
  <testcase name="testAbaNumberCheck_18159_good" classname="com.cardatechnologies.utils.validators.abaroutevalidator.Test_AbaRouteValidator_09" time="0.021"/>
  <testcase name="testAbaNumberCheck_19757_good" classname="com.cardatechnologies.utils.validators.abaroutevalidator.Test_AbaRouteValidator_09" time="0.021"/>
  <testcase name="testAbaNumberCheck_18817_good" classname="com.cardatechnologies.utils.validators.abaroutevalidator.Test_AbaRouteValidator_09" time="0.021"/>
  <testcase name="testAbaNumberCheck_18781_good" classname="com.cardatechnologies.utils.validators.abaroutevalidator.Test_AbaRouteValidator_09" time="0.02"/>
  <testcase name="testAbaNumberCheck_17841_good" classname="com.cardatechnologies.utils.validators.abaroutevalidator.Test_AbaRouteValidator_09" time="0.022"/>
  <testcase name="testAbaNumberCheck_19110_bad" classname="com.cardatechnologies.utils.validators.abaroutevalidator.Test_AbaRouteValidator_09" time="0.02"/>
  <testcase name="testAbaNumberCheck_19112_bad" classname="com.cardatechnologies.utils.validators.abaroutevalidator.Test_AbaRouteValidator_09" time="0.021"/>
  <testcase name="testAbaNumberCheck_19595_good" classname="com.cardatechnologies.utils.validators.abaroutevalidator.Test_AbaRouteValidator_09" time="0.021"/>
  <testcase name="testAbaNumberCheck_18655_good" classname="com.cardatechnologies.utils.validators.abaroutevalidator.Test_AbaRouteValidator_09" time="0.021"/>
  <testcase name="testAbaNumberCheck_17715_good" classname="com.cardatechnologies.utils.validators.abaroutevalidator.Test_AbaRouteValidator_09" time="0.021"/>
  <testcase name="testAbaNumberCheck_18300_bad" classname="com.cardatechnologies.utils.validators.abaroutevalidator.Test_AbaRouteValidator_09" time="0.02"/>
  <testcase name="testAbaNumberCheck_19114_bad" classname="com.cardatechnologies.utils.validators.abaroutevalidator.Test_AbaRouteValidator_09" time="0.021"/>
  <testcase name="testAbaNumberCheck_18302_bad" classname="com.cardatechnologies.utils.validators.abaroutevalidator.Test_AbaRouteValidator_09" time="0.021"/>
  <testcase name="testAbaNumberCheck_19116_bad" classname="com.cardatechnologies.utils.validators.abaroutevalidator.Test_AbaRouteValidator_09" time="0.027"/>
  <testcase name="testAbaNumberCheck_19469_good" classname="com.cardatechnologies.utils.validators.abaroutevalidator.Test_AbaRouteValidator_09" time="0.033"/>
  <testcase name="testAbaNumberCheck_18529_good" classname="com.cardatechnologies.utils.validators.abaroutevalidator.Test_AbaRouteValidator_09" time="0.021"/>
  <testcase name="testAbaNumberCheck_18304_bad" classname="com.cardatechnologies.utils.validators.abaroutevalidator.Test_AbaRouteValidator_09" time="0.021"/>
  <testcase name="testAbaNumberCheck_19118_bad" classname="com.cardatechnologies.utils.validators.abaroutevalidator.Test_AbaRouteValidator_09" time="0.02"/>
  <testcase name="testAbaNumberCheck_18306_bad" classname="com.cardatechnologies.utils.validators.abaroutevalidator.Test_AbaRouteValidator_09" time="0.021"/>
  <testcase name="testAbaNumberCheck_18493_good" classname="com.cardatechnologies.utils.validators.abaroutevalidator.Test_AbaRouteValidator_09" time="0.021"/>
  <testcase name="testAbaNumberCheck_17553_good" classname="com.cardatechnologies.utils.validators.abaroutevalidator.Test_AbaRouteValidator_09" time="0.021"/>
  <testcase name="testAbaNumberCheck_18308_bad" classname="com.cardatechnologies.utils.validators.abaroutevalidator.Test_AbaRouteValidator_09" time="0.02"/>
  <testcase name="testAbaNumberCheck_18367_good" classname="com.cardatechnologies.utils.validators.abaroutevalidator.Test_AbaRouteValidator_09" time="0.017"/>
  <testcase name="testAbaNumberCheck_19965_good" classname="com.cardatechnologies.utils.validators.abaroutevalidator.Test_AbaRouteValidator_09" time="0.018"/>
  <testcase name="testAbaNumberCheck_19839_good" classname="com.cardatechnologies.utils.validators.abaroutevalidator.Test_AbaRouteValidator_09" time="0.018"/>
  <testcase name="testAbaNumberCheck_18863_good" classname="com.cardatechnologies.utils.validators.abaroutevalidator.Test_AbaRouteValidator_09" time="0.017"/>
  <testcase name="testAbaNumberCheck_17923_good" classname="com.cardatechnologies.utils.validators.abaroutevalidator.Test_AbaRouteValidator_09" time="0.019"/>
  <testcase name="testAbaNumberCheck_18079_good" classname="com.cardatechnologies.utils.validators.abaroutevalidator.Test_AbaRouteValidator_09" time="0.017"/>
  <testcase name="testAbaNumberCheck_19677_good" classname="com.cardatechnologies.utils.validators.abaroutevalidator.Test_AbaRouteValidator_09" time="0.017"/>
  <testcase name="testAbaNumberCheck_18737_good" classname="com.cardatechnologies.utils.validators.abaroutevalidator.Test_AbaRouteValidator_09" time="0.018"/>
  <testcase name="testAbaNumberCheck_19120_bad" classname="com.cardatechnologies.utils.validators.abaroutevalidator.Test_AbaRouteValidator_09" time="0.018"/>
  <testcase name="testAbaNumberCheck_19122_bad" classname="com.cardatechnologies.utils.validators.abaroutevalidator.Test_AbaRouteValidator_09" time="0.017"/>
  <testcase name="testAbaNumberCheck_17761_good" classname="com.cardatechnologies.utils.validators.abaroutevalidator.Test_AbaRouteValidator_09" time="0.018"/>
  <testcase name="testAbaNumberCheck_18310_bad" classname="com.cardatechnologies.utils.validators.abaroutevalidator.Test_AbaRouteValidator_09" time="0.022"/>
  <testcase name="testAbaNumberCheck_19124_bad" classname="com.cardatechnologies.utils.validators.abaroutevalidator.Test_AbaRouteValidator_09" time="0.017"/>
  <testcase name="testAbaNumberCheck_18312_bad" classname="com.cardatechnologies.utils.validators.abaroutevalidator.Test_AbaRouteValidator_09" time="0.018"/>
  <testcase name="testAbaNumberCheck_19126_bad" classname="com.cardatechnologies.utils.validators.abaroutevalidator.Test_AbaRouteValidator_09" time="0.018"/>
  <testcase name="testAbaNumberCheck_18575_good" classname="com.cardatechnologies.utils.validators.abaroutevalidator.Test_AbaRouteValidator_09" time="0.017"/>
  <testcase name="testAbaNumberCheck_17635_good" classname="com.cardatechnologies.utils.validators.abaroutevalidator.Test_AbaRouteValidator_09" time="0.018"/>
  <testcase name="testAbaNumberCheck_18314_bad" classname="com.cardatechnologies.utils.validators.abaroutevalidator.Test_AbaRouteValidator_09" time="0.017"/>
  <testcase name="testAbaNumberCheck_19128_bad" classname="com.cardatechnologies.utils.validators.abaroutevalidator.Test_AbaRouteValidator_09" time="0.018"/>
  <testcase name="testAbaNumberCheck_18316_bad" classname="com.cardatechnologies.utils.validators.abaroutevalidator.Test_AbaRouteValidator_09" time="0.035"/>
  <testcase name="testAbaNumberCheck_19389_good" classname="com.cardatechnologies.utils.validators.abaroutevalidator.Test_AbaRouteValidator_09" time="0.018"/>
  <testcase name="testAbaNumberCheck_18449_good" classname="com.cardatechnologies.utils.validators.abaroutevalidator.Test_AbaRouteValidator_09" time="0.017"/>
  <testcase name="testAbaNumberCheck_18318_bad" classname="com.cardatechnologies.utils.validators.abaroutevalidator.Test_AbaRouteValidator_09" time="0.018"/>
  <testcase name="testAbaNumberCheck_18287_good" classname="com.cardatechnologies.utils.validators.abaroutevalidator.Test_AbaRouteValidator_09" time="0.017"/>
  <testcase name="testAbaNumberCheck_19885_good" classname="com.cardatechnologies.utils.validators.abaroutevalidator.Test_AbaRouteValidator_09" time="0.017"/>
  <testcase name="testAbaNumberCheck_18945_good" classname="com.cardatechnologies.utils.validators.abaroutevalidator.Test_AbaRouteValidator_09" time="0.017"/>
  <testcase name="testAbaNumberCheck_19759_good" classname="com.cardatechnologies.utils.validators.abaroutevalidator.Test_AbaRouteValidator_09" time="0.017"/>
  <testcase name="testAbaNumberCheck_18819_good" classname="com.cardatechnologies.utils.validators.abaroutevalidator.Test_AbaRouteValidator_09" time="0.019"/>
  <testcase name="testAbaNumberCheck_18783_good" classname="com.cardatechnologies.utils.validators.abaroutevalidator.Test_AbaRouteValidator_09" time="0.018"/>
  <testcase name="testAbaNumberCheck_17843_good" classname="com.cardatechnologies.utils.validators.abaroutevalidator.Test_AbaRouteValidator_09" time="0.018"/>
  <testcase name="testAbaNumberCheck_19130_bad" classname="com.cardatechnologies.utils.validators.abaroutevalidator.Test_AbaRouteValidator_09" time="0.018"/>
  <testcase name="testAbaNumberCheck_19132_bad" classname="com.cardatechnologies.utils.validators.abaroutevalidator.Test_AbaRouteValidator_09" time="0.024"/>
  <testcase name="testAbaNumberCheck_19597_good" classname="com.cardatechnologies.utils.validators.abaroutevalidator.Test_AbaRouteValidator_09" time="0.022"/>
  <testcase name="testAbaNumberCheck_18657_good" classname="com.cardatechnologies.utils.validators.abaroutevalidator.Test_AbaRouteValidator_09" time="0.022"/>
  <testcase name="testAbaNumberCheck_17717_good" classname="com.cardatechnologies.utils.validators.abaroutevalidator.Test_AbaRouteValidator_09" time="0.022"/>
  <testcase name="testAbaNumberCheck_18320_bad" classname="com.cardatechnologies.utils.validators.abaroutevalidator.Test_AbaRouteValidator_09" time="0.022"/>
  <testcase name="testAbaNumberCheck_19134_bad" classname="com.cardatechnologies.utils.validators.abaroutevalidator.Test_AbaRouteValidator_09" time="0.021"/>
  <testcase name="testAbaNumberCheck_18322_bad" classname="com.cardatechnologies.utils.validators.abaroutevalidator.Test_AbaRouteValidator_09" time="0.021"/>
  <testcase name="testAbaNumberCheck_19136_bad" classname="com.cardatechnologies.utils.validators.abaroutevalidator.Test_AbaRouteValidator_09" time="0.022"/>
  <testcase name="testAbaNumberCheck_17681_good" classname="com.cardatechnologies.utils.validators.abaroutevalidator.Test_AbaRouteValidator_09" time="0.022"/>
  <testcase name="testAbaNumberCheck_18324_bad" classname="com.cardatechnologies.utils.validators.abaroutevalidator.Test_AbaRouteValidator_09" time="0.021"/>
  <testcase name="testAbaNumberCheck_19138_bad" classname="com.cardatechnologies.utils.validators.abaroutevalidator.Test_AbaRouteValidator_09" time="0.02"/>
  <testcase name="testAbaNumberCheck_18326_bad" classname="com.cardatechnologies.utils.validators.abaroutevalidator.Test_AbaRouteValidator_09" time="0.021"/>
  <testcase name="testAbaNumberCheck_18495_good" classname="com.cardatechnologies.utils.validators.abaroutevalidator.Test_AbaRouteValidator_09" time="0.023"/>
  <testcase name="testAbaNumberCheck_17555_good" classname="com.cardatechnologies.utils.validators.abaroutevalidator.Test_AbaRouteValidator_09" time="0.026"/>
  <testcase name="testAbaNumberCheck_18328_bad" classname="com.cardatechnologies.utils.validators.abaroutevalidator.Test_AbaRouteValidator_09" time="0.03"/>
  <testcase name="testAbaNumberCheck_18369_good" classname="com.cardatechnologies.utils.validators.abaroutevalidator.Test_AbaRouteValidator_09" time="0.023"/>
  <testcase name="testAbaNumberCheck_19967_good" classname="com.cardatechnologies.utils.validators.abaroutevalidator.Test_AbaRouteValidator_09" time="0.019"/>
  <testcase name="testAbaNumberCheck_18991_good" classname="com.cardatechnologies.utils.validators.abaroutevalidator.Test_AbaRouteValidator_09" time="0.02"/>
  <testcase name="testAbaNumberCheck_18865_good" classname="com.cardatechnologies.utils.validators.abaroutevalidator.Test_AbaRouteValidator_09" time="0.02"/>
  <testcase name="testAbaNumberCheck_17925_good" classname="com.cardatechnologies.utils.validators.abaroutevalidator.Test_AbaRouteValidator_09" time="0.019"/>
  <testcase name="testAbaNumberCheck_19679_good" classname="com.cardatechnologies.utils.validators.abaroutevalidator.Test_AbaRouteValidator_09" time="0.018"/>
  <testcase name="testAbaNumberCheck_18739_good" classname="com.cardatechnologies.utils.validators.abaroutevalidator.Test_AbaRouteValidator_09" time="0.02"/>
  <testcase name="testAbaNumberCheck_19140_bad" classname="com.cardatechnologies.utils.validators.abaroutevalidator.Test_AbaRouteValidator_09" time="0.02"/>
  <testcase name="testAbaNumberCheck_19142_bad" classname="com.cardatechnologies.utils.validators.abaroutevalidator.Test_AbaRouteValidator_09" time="0.019"/>
  <testcase name="testAbaNumberCheck_17763_good" classname="com.cardatechnologies.utils.validators.abaroutevalidator.Test_AbaRouteValidator_09" time="0.019"/>
  <testcase name="testAbaNumberCheck_18330_bad" classname="com.cardatechnologies.utils.validators.abaroutevalidator.Test_AbaRouteValidator_09" time="0.02"/>
  <testcase name="testAbaNumberCheck_19144_bad" classname="com.cardatechnologies.utils.validators.abaroutevalidator.Test_AbaRouteValidator_09" time="0.019"/>
  <testcase name="testAbaNumberCheck_18332_bad" classname="com.cardatechnologies.utils.validators.abaroutevalidator.Test_AbaRouteValidator_09" time="0.019"/>
  <testcase name="testAbaNumberCheck_19146_bad" classname="com.cardatechnologies.utils.validators.abaroutevalidator.Test_AbaRouteValidator_09" time="0.02"/>
  <testcase name="testAbaNumberCheck_18577_good" classname="com.cardatechnologies.utils.validators.abaroutevalidator.Test_AbaRouteValidator_09" time="0.019"/>
  <testcase name="testAbaNumberCheck_17637_good" classname="com.cardatechnologies.utils.validators.abaroutevalidator.Test_AbaRouteValidator_09" time="0.019"/>
  <testcase name="testAbaNumberCheck_18334_bad" classname="com.cardatechnologies.utils.validators.abaroutevalidator.Test_AbaRouteValidator_09" time="0.02"/>
  <testcase name="testAbaNumberCheck_19148_bad" classname="com.cardatechnologies.utils.validators.abaroutevalidator.Test_AbaRouteValidator_09" time="0.019"/>
  <testcase name="testAbaNumberCheck_18336_bad" classname="com.cardatechnologies.utils.validators.abaroutevalidator.Test_AbaRouteValidator_09" time="0.02"/>
  <testcase name="testAbaNumberCheck_18338_bad" classname="com.cardatechnologies.utils.validators.abaroutevalidator.Test_AbaRouteValidator_09" time="0.018"/>
  <testcase name="testAbaNumberCheck_18289_good" classname="com.cardatechnologies.utils.validators.abaroutevalidator.Test_AbaRouteValidator_09" time="0.018"/>
  <testcase name="testAbaNumberCheck_19887_good" classname="com.cardatechnologies.utils.validators.abaroutevalidator.Test_AbaRouteValidator_09" time="0.017"/>
  <testcase name="testAbaNumberCheck_18947_good" classname="com.cardatechnologies.utils.validators.abaroutevalidator.Test_AbaRouteValidator_09" time="0.018"/>
  <testcase name="testAbaNumberCheck_17971_good" classname="com.cardatechnologies.utils.validators.abaroutevalidator.Test_AbaRouteValidator_09" time="0.017"/>
  <testcase name="testAbaNumberCheck_18785_good" classname="com.cardatechnologies.utils.validators.abaroutevalidator.Test_AbaRouteValidator_09" time="0.018"/>
  <testcase name="testAbaNumberCheck_17845_good" classname="com.cardatechnologies.utils.validators.abaroutevalidator.Test_AbaRouteValidator_09" time="0.022"/>
  <testcase name="testAbaNumberCheck_19600_bad" classname="com.cardatechnologies.utils.validators.abaroutevalidator.Test_AbaRouteValidator_09" time="0.024"/>
  <testcase name="testAbaNumberCheck_19150_bad" classname="com.cardatechnologies.utils.validators.abaroutevalidator.Test_AbaRouteValidator_09" time="0.018"/>
  <testcase name="testAbaNumberCheck_19602_bad" classname="com.cardatechnologies.utils.validators.abaroutevalidator.Test_AbaRouteValidator_09" time="0.018"/>
  <testcase name="testAbaNumberCheck_19152_bad" classname="com.cardatechnologies.utils.validators.abaroutevalidator.Test_AbaRouteValidator_09" time="0.018"/>
  <testcase name="testAbaNumberCheck_19599_good" classname="com.cardatechnologies.utils.validators.abaroutevalidator.Test_AbaRouteValidator_09" time="0.019"/>
  <testcase name="testAbaNumberCheck_18659_good" classname="com.cardatechnologies.utils.validators.abaroutevalidator.Test_AbaRouteValidator_09" time="0.018"/>
  <testcase name="testAbaNumberCheck_17719_good" classname="com.cardatechnologies.utils.validators.abaroutevalidator.Test_AbaRouteValidator_09" time="0.017"/>
  <testcase name="testAbaNumberCheck_19604_bad" classname="com.cardatechnologies.utils.validators.abaroutevalidator.Test_AbaRouteValidator_09" time="0.019"/>
  <testcase name="testAbaNumberCheck_18340_bad" classname="com.cardatechnologies.utils.validators.abaroutevalidator.Test_AbaRouteValidator_09" time="0.017"/>
  <testcase name="testAbaNumberCheck_19154_bad" classname="com.cardatechnologies.utils.validators.abaroutevalidator.Test_AbaRouteValidator_09" time="0.017"/>
  <testcase name="testAbaNumberCheck_19606_bad" classname="com.cardatechnologies.utils.validators.abaroutevalidator.Test_AbaRouteValidator_09" time="0.019"/>
  <testcase name="testAbaNumberCheck_18342_bad" classname="com.cardatechnologies.utils.validators.abaroutevalidator.Test_AbaRouteValidator_09" time="0.018"/>
  <testcase name="testAbaNumberCheck_19156_bad" classname="com.cardatechnologies.utils.validators.abaroutevalidator.Test_AbaRouteValidator_09" time="0.018"/>
  <testcase name="testAbaNumberCheck_17683_good" classname="com.cardatechnologies.utils.validators.abaroutevalidator.Test_AbaRouteValidator_09" time="0.018"/>
  <testcase name="testAbaNumberCheck_19608_bad" classname="com.cardatechnologies.utils.validators.abaroutevalidator.Test_AbaRouteValidator_09" time="0.018"/>
  <testcase name="testAbaNumberCheck_18344_bad" classname="com.cardatechnologies.utils.validators.abaroutevalidator.Test_AbaRouteValidator_09" time="0.018"/>
  <testcase name="testAbaNumberCheck_19158_bad" classname="com.cardatechnologies.utils.validators.abaroutevalidator.Test_AbaRouteValidator_09" time="0.017"/>
  <testcase name="testAbaNumberCheck_18346_bad" classname="com.cardatechnologies.utils.validators.abaroutevalidator.Test_AbaRouteValidator_09" time="0.018"/>
  <testcase name="testAbaNumberCheck_18497_good" classname="com.cardatechnologies.utils.validators.abaroutevalidator.Test_AbaRouteValidator_09" time="0.018"/>
  <testcase name="testAbaNumberCheck_17557_good" classname="com.cardatechnologies.utils.validators.abaroutevalidator.Test_AbaRouteValidator_09" time="0.023"/>
  <testcase name="testAbaNumberCheck_18348_bad" classname="com.cardatechnologies.utils.validators.abaroutevalidator.Test_AbaRouteValidator_09" time="0.018"/>
  <testcase name="testAbaNumberCheck_19969_good" classname="com.cardatechnologies.utils.validators.abaroutevalidator.Test_AbaRouteValidator_09" time="0.018"/>
  <testcase name="testAbaNumberCheck_18993_good" classname="com.cardatechnologies.utils.validators.abaroutevalidator.Test_AbaRouteValidator_09" time="0.018"/>
  <testcase name="testAbaNumberCheck_18867_good" classname="com.cardatechnologies.utils.validators.abaroutevalidator.Test_AbaRouteValidator_09" time="0.018"/>
  <testcase name="testAbaNumberCheck_17927_good" classname="com.cardatechnologies.utils.validators.abaroutevalidator.Test_AbaRouteValidator_09" time="0.018"/>
  <testcase name="testAbaNumberCheck_17891_good" classname="com.cardatechnologies.utils.validators.abaroutevalidator.Test_AbaRouteValidator_09" time="0.019"/>
  <testcase name="testAbaNumberCheck_19610_bad" classname="com.cardatechnologies.utils.validators.abaroutevalidator.Test_AbaRouteValidator_09" time="0.02"/>
  <testcase name="testAbaNumberCheck_19160_bad" classname="com.cardatechnologies.utils.validators.abaroutevalidator.Test_AbaRouteValidator_09" time="0.026"/>
  <testcase name="testAbaNumberCheck_19612_bad" classname="com.cardatechnologies.utils.validators.abaroutevalidator.Test_AbaRouteValidator_09" time="0.029"/>
  <testcase name="testAbaNumberCheck_19162_bad" classname="com.cardatechnologies.utils.validators.abaroutevalidator.Test_AbaRouteValidator_09" time="0.019"/>
  <testcase name="testAbaNumberCheck_17765_good" classname="com.cardatechnologies.utils.validators.abaroutevalidator.Test_AbaRouteValidator_09" time="0.018"/>
  <testcase name="testAbaNumberCheck_18800_bad" classname="com.cardatechnologies.utils.validators.abaroutevalidator.Test_AbaRouteValidator_09" time="0.019"/>
  <testcase name="testAbaNumberCheck_19614_bad" classname="com.cardatechnologies.utils.validators.abaroutevalidator.Test_AbaRouteValidator_09" time="0.019"/>
  <testcase name="testAbaNumberCheck_18350_bad" classname="com.cardatechnologies.utils.validators.abaroutevalidator.Test_AbaRouteValidator_09" time="0.018"/>
  <testcase name="testAbaNumberCheck_19164_bad" classname="com.cardatechnologies.utils.validators.abaroutevalidator.Test_AbaRouteValidator_09" time="0.018"/>
  <testcase name="testAbaNumberCheck_18802_bad" classname="com.cardatechnologies.utils.validators.abaroutevalidator.Test_AbaRouteValidator_09" time="0.018"/>
  <testcase name="testAbaNumberCheck_19616_bad" classname="com.cardatechnologies.utils.validators.abaroutevalidator.Test_AbaRouteValidator_09" time="0.018"/>
  <testcase name="testAbaNumberCheck_18352_bad" classname="com.cardatechnologies.utils.validators.abaroutevalidator.Test_AbaRouteValidator_09" time="0.018"/>
  <testcase name="testAbaNumberCheck_19166_bad" classname="com.cardatechnologies.utils.validators.abaroutevalidator.Test_AbaRouteValidator_09" time="0.018"/>
  <testcase name="testAbaNumberCheck_18579_good" classname="com.cardatechnologies.utils.validators.abaroutevalidator.Test_AbaRouteValidator_09" time="0.018"/>
  <testcase name="testAbaNumberCheck_17639_good" classname="com.cardatechnologies.utils.validators.abaroutevalidator.Test_AbaRouteValidator_09" time="0.017"/>
  <testcase name="testAbaNumberCheck_18804_bad" classname="com.cardatechnologies.utils.validators.abaroutevalidator.Test_AbaRouteValidator_09" time="0.017"/>
  <testcase name="testAbaNumberCheck_19618_bad" classname="com.cardatechnologies.utils.validators.abaroutevalidator.Test_AbaRouteValidator_09" time="0.018"/>
  <testcase name="testAbaNumberCheck_18354_bad" classname="com.cardatechnologies.utils.validators.abaroutevalidator.Test_AbaRouteValidator_09" time="0.018"/>
  <testcase name="testAbaNumberCheck_19168_bad" classname="com.cardatechnologies.utils.validators.abaroutevalidator.Test_AbaRouteValidator_09" time="0.019"/>
  <testcase name="testAbaNumberCheck_18806_bad" classname="com.cardatechnologies.utils.validators.abaroutevalidator.Test_AbaRouteValidator_09" time="0.018"/>
  <testcase name="testAbaNumberCheck_18356_bad" classname="com.cardatechnologies.utils.validators.abaroutevalidator.Test_AbaRouteValidator_09" time="0.017"/>
  <testcase name="testAbaNumberCheck_18808_bad" classname="com.cardatechnologies.utils.validators.abaroutevalidator.Test_AbaRouteValidator_09" time="0.019"/>
  <testcase name="testAbaNumberCheck_18358_bad" classname="com.cardatechnologies.utils.validators.abaroutevalidator.Test_AbaRouteValidator_09" time="0.018"/>
  <testcase name="testAbaNumberCheck_19889_good" classname="com.cardatechnologies.utils.validators.abaroutevalidator.Test_AbaRouteValidator_09" time="0.017"/>
  <testcase name="testAbaNumberCheck_18949_good" classname="com.cardatechnologies.utils.validators.abaroutevalidator.Test_AbaRouteValidator_09" time="0.019"/>
  <testcase name="testAbaNumberCheck_17973_good" classname="com.cardatechnologies.utils.validators.abaroutevalidator.Test_AbaRouteValidator_09" time="0.019"/>
  <testcase name="testAbaNumberCheck_18787_good" classname="com.cardatechnologies.utils.validators.abaroutevalidator.Test_AbaRouteValidator_09" time="0.017"/>
  <testcase name="testAbaNumberCheck_17847_good" classname="com.cardatechnologies.utils.validators.abaroutevalidator.Test_AbaRouteValidator_09" time="0.018"/>
  <testcase name="testAbaNumberCheck_19620_bad" classname="com.cardatechnologies.utils.validators.abaroutevalidator.Test_AbaRouteValidator_09" time="0.019"/>
  <testcase name="testAbaNumberCheck_19170_bad" classname="com.cardatechnologies.utils.validators.abaroutevalidator.Test_AbaRouteValidator_09" time="0.026"/>
  <testcase name="testAbaNumberCheck_19622_bad" classname="com.cardatechnologies.utils.validators.abaroutevalidator.Test_AbaRouteValidator_09" time="0.025"/>
  <testcase name="testAbaNumberCheck_19172_bad" classname="com.cardatechnologies.utils.validators.abaroutevalidator.Test_AbaRouteValidator_09" time="0.019"/>
  <testcase name="testAbaNumberCheck_18810_bad" classname="com.cardatechnologies.utils.validators.abaroutevalidator.Test_AbaRouteValidator_09" time="0.017"/>
  <testcase name="testAbaNumberCheck_19624_bad" classname="com.cardatechnologies.utils.validators.abaroutevalidator.Test_AbaRouteValidator_09" time="0.017"/>
  <testcase name="testAbaNumberCheck_18360_bad" classname="com.cardatechnologies.utils.validators.abaroutevalidator.Test_AbaRouteValidator_09" time="0.022"/>
  <testcase name="testAbaNumberCheck_19174_bad" classname="com.cardatechnologies.utils.validators.abaroutevalidator.Test_AbaRouteValidator_09" time="0.017"/>
  <testcase name="testAbaNumberCheck_18812_bad" classname="com.cardatechnologies.utils.validators.abaroutevalidator.Test_AbaRouteValidator_09" time="0.018"/>
  <testcase name="testAbaNumberCheck_19626_bad" classname="com.cardatechnologies.utils.validators.abaroutevalidator.Test_AbaRouteValidator_09" time="0.017"/>
  <testcase name="testAbaNumberCheck_18362_bad" classname="com.cardatechnologies.utils.validators.abaroutevalidator.Test_AbaRouteValidator_09" time="0.018"/>
  <testcase name="testAbaNumberCheck_19176_bad" classname="com.cardatechnologies.utils.validators.abaroutevalidator.Test_AbaRouteValidator_09" time="0.019"/>
  <testcase name="testAbaNumberCheck_17685_good" classname="com.cardatechnologies.utils.validators.abaroutevalidator.Test_AbaRouteValidator_09" time="0.018"/>
  <testcase name="testAbaNumberCheck_18814_bad" classname="com.cardatechnologies.utils.validators.abaroutevalidator.Test_AbaRouteValidator_09" time="0.018"/>
  <testcase name="testAbaNumberCheck_19628_bad" classname="com.cardatechnologies.utils.validators.abaroutevalidator.Test_AbaRouteValidator_09" time="0.018"/>
  <testcase name="testAbaNumberCheck_17550_bad" classname="com.cardatechnologies.utils.validators.abaroutevalidator.Test_AbaRouteValidator_09" time="0.018"/>
  <testcase name="testAbaNumberCheck_18364_bad" classname="com.cardatechnologies.utils.validators.abaroutevalidator.Test_AbaRouteValidator_09" time="0.019"/>
  <testcase name="testAbaNumberCheck_19178_bad" classname="com.cardatechnologies.utils.validators.abaroutevalidator.Test_AbaRouteValidator_09" time="0.018"/>
  <testcase name="testAbaNumberCheck_18816_bad" classname="com.cardatechnologies.utils.validators.abaroutevalidator.Test_AbaRouteValidator_09" time="0.017"/>
  <testcase name="testAbaNumberCheck_17552_bad" classname="com.cardatechnologies.utils.validators.abaroutevalidator.Test_AbaRouteValidator_09" time="0.019"/>
  <testcase name="testAbaNumberCheck_18366_bad" classname="com.cardatechnologies.utils.validators.abaroutevalidator.Test_AbaRouteValidator_09" time="0.02"/>
  <testcase name="testAbaNumberCheck_18499_good" classname="com.cardatechnologies.utils.validators.abaroutevalidator.Test_AbaRouteValidator_09" time="0.018"/>
  <testcase name="testAbaNumberCheck_17559_good" classname="com.cardatechnologies.utils.validators.abaroutevalidator.Test_AbaRouteValidator_09" time="0.018"/>
  <testcase name="testAbaNumberCheck_18818_bad" classname="com.cardatechnologies.utils.validators.abaroutevalidator.Test_AbaRouteValidator_09" time="0.017"/>
  <testcase name="testAbaNumberCheck_17554_bad" classname="com.cardatechnologies.utils.validators.abaroutevalidator.Test_AbaRouteValidator_09" time="0.019"/>
  <testcase name="testAbaNumberCheck_18368_bad" classname="com.cardatechnologies.utils.validators.abaroutevalidator.Test_AbaRouteValidator_09" time="0.017"/>
  <testcase name="testAbaNumberCheck_17556_bad" classname="com.cardatechnologies.utils.validators.abaroutevalidator.Test_AbaRouteValidator_09" time="0.018"/>
  <testcase name="testAbaNumberCheck_17558_bad" classname="com.cardatechnologies.utils.validators.abaroutevalidator.Test_AbaRouteValidator_09" time="0.018"/>
  <testcase name="testAbaNumberCheck_18995_good" classname="com.cardatechnologies.utils.validators.abaroutevalidator.Test_AbaRouteValidator_09" time="0.018"/>
  <testcase name="testAbaNumberCheck_18869_good" classname="com.cardatechnologies.utils.validators.abaroutevalidator.Test_AbaRouteValidator_09" time="0.019"/>
  <testcase name="testAbaNumberCheck_17929_good" classname="com.cardatechnologies.utils.validators.abaroutevalidator.Test_AbaRouteValidator_09" time="0.033"/>
  <testcase name="testAbaNumberCheck_17893_good" classname="com.cardatechnologies.utils.validators.abaroutevalidator.Test_AbaRouteValidator_09" time="0.02"/>
  <testcase name="testAbaNumberCheck_19630_bad" classname="com.cardatechnologies.utils.validators.abaroutevalidator.Test_AbaRouteValidator_09" time="0.02"/>
  <testcase name="testAbaNumberCheck_19180_bad" classname="com.cardatechnologies.utils.validators.abaroutevalidator.Test_AbaRouteValidator_09" time="0.019"/>
  <testcase name="testAbaNumberCheck_19632_bad" classname="com.cardatechnologies.utils.validators.abaroutevalidator.Test_AbaRouteValidator_09" time="0.021"/>
  <testcase name="testAbaNumberCheck_19182_bad" classname="com.cardatechnologies.utils.validators.abaroutevalidator.Test_AbaRouteValidator_09" time="0.019"/>
  <testcase name="testAbaNumberCheck_17767_good" classname="com.cardatechnologies.utils.validators.abaroutevalidator.Test_AbaRouteValidator_09" time="0.02"/>
  <testcase name="testAbaNumberCheck_18820_bad" classname="com.cardatechnologies.utils.validators.abaroutevalidator.Test_AbaRouteValidator_09" time="0.02"/>
  <testcase name="testAbaNumberCheck_19634_bad" classname="com.cardatechnologies.utils.validators.abaroutevalidator.Test_AbaRouteValidator_09" time="0.02"/>
  <testcase name="testAbaNumberCheck_18370_bad" classname="com.cardatechnologies.utils.validators.abaroutevalidator.Test_AbaRouteValidator_09" time="0.021"/>
  <testcase name="testAbaNumberCheck_19184_bad" classname="com.cardatechnologies.utils.validators.abaroutevalidator.Test_AbaRouteValidator_09" time="0.021"/>
  <testcase name="testAbaNumberCheck_18822_bad" classname="com.cardatechnologies.utils.validators.abaroutevalidator.Test_AbaRouteValidator_09" time="0.019"/>
  <testcase name="testAbaNumberCheck_19636_bad" classname="com.cardatechnologies.utils.validators.abaroutevalidator.Test_AbaRouteValidator_09" time="0.021"/>
  <testcase name="testAbaNumberCheck_18372_bad" classname="com.cardatechnologies.utils.validators.abaroutevalidator.Test_AbaRouteValidator_09" time="0.02"/>
  <testcase name="testAbaNumberCheck_19186_bad" classname="com.cardatechnologies.utils.validators.abaroutevalidator.Test_AbaRouteValidator_09" time="0.021"/>
  <testcase name="testAbaNumberCheck_18824_bad" classname="com.cardatechnologies.utils.validators.abaroutevalidator.Test_AbaRouteValidator_09" time="0.02"/>
  <testcase name="testAbaNumberCheck_19638_bad" classname="com.cardatechnologies.utils.validators.abaroutevalidator.Test_AbaRouteValidator_09" time="0.02"/>
  <testcase name="testAbaNumberCheck_17560_bad" classname="com.cardatechnologies.utils.validators.abaroutevalidator.Test_AbaRouteValidator_09" time="0.018"/>
  <testcase name="testAbaNumberCheck_18374_bad" classname="com.cardatechnologies.utils.validators.abaroutevalidator.Test_AbaRouteValidator_09" time="0.018"/>
  <testcase name="testAbaNumberCheck_19188_bad" classname="com.cardatechnologies.utils.validators.abaroutevalidator.Test_AbaRouteValidator_09" time="0.018"/>
  <testcase name="testAbaNumberCheck_18826_bad" classname="com.cardatechnologies.utils.validators.abaroutevalidator.Test_AbaRouteValidator_09" time="0.02"/>
  <testcase name="testAbaNumberCheck_17562_bad" classname="com.cardatechnologies.utils.validators.abaroutevalidator.Test_AbaRouteValidator_09" time="0.021"/>
  <testcase name="testAbaNumberCheck_18376_bad" classname="com.cardatechnologies.utils.validators.abaroutevalidator.Test_AbaRouteValidator_09" time="0.021"/>
  <testcase name="testAbaNumberCheck_18828_bad" classname="com.cardatechnologies.utils.validators.abaroutevalidator.Test_AbaRouteValidator_09" time="0.02"/>
  <testcase name="testAbaNumberCheck_17564_bad" classname="com.cardatechnologies.utils.validators.abaroutevalidator.Test_AbaRouteValidator_09" time="0.019"/>
  <testcase name="testAbaNumberCheck_18378_bad" classname="com.cardatechnologies.utils.validators.abaroutevalidator.Test_AbaRouteValidator_09" time="0.022"/>
  <testcase name="testAbaNumberCheck_17566_bad" classname="com.cardatechnologies.utils.validators.abaroutevalidator.Test_AbaRouteValidator_09" time="0.031"/>
  <testcase name="testAbaNumberCheck_17568_bad" classname="com.cardatechnologies.utils.validators.abaroutevalidator.Test_AbaRouteValidator_09" time="0.02"/>
  <testcase name="testAbaNumberCheck_17975_good" classname="com.cardatechnologies.utils.validators.abaroutevalidator.Test_AbaRouteValidator_09" time="0.019"/>
  <testcase name="testAbaNumberCheck_18789_good" classname="com.cardatechnologies.utils.validators.abaroutevalidator.Test_AbaRouteValidator_09" time="0.02"/>
  <testcase name="testAbaNumberCheck_17849_good" classname="com.cardatechnologies.utils.validators.abaroutevalidator.Test_AbaRouteValidator_09" time="0.021"/>
  <testcase name="testAbaNumberCheck_19640_bad" classname="com.cardatechnologies.utils.validators.abaroutevalidator.Test_AbaRouteValidator_09" time="0.02"/>
  <testcase name="testAbaNumberCheck_19190_bad" classname="com.cardatechnologies.utils.validators.abaroutevalidator.Test_AbaRouteValidator_09" time="0.02"/>
  <testcase name="testAbaNumberCheck_19642_bad" classname="com.cardatechnologies.utils.validators.abaroutevalidator.Test_AbaRouteValidator_09" time="0.02"/>
  <testcase name="testAbaNumberCheck_19192_bad" classname="com.cardatechnologies.utils.validators.abaroutevalidator.Test_AbaRouteValidator_09" time="0.02"/>
  <testcase name="testAbaNumberCheck_18830_bad" classname="com.cardatechnologies.utils.validators.abaroutevalidator.Test_AbaRouteValidator_09" time="0.019"/>
  <testcase name="testAbaNumberCheck_19644_bad" classname="com.cardatechnologies.utils.validators.abaroutevalidator.Test_AbaRouteValidator_09" time="0.017"/>
  <testcase name="testAbaNumberCheck_18380_bad" classname="com.cardatechnologies.utils.validators.abaroutevalidator.Test_AbaRouteValidator_09" time="0.017"/>
  <testcase name="testAbaNumberCheck_19194_bad" classname="com.cardatechnologies.utils.validators.abaroutevalidator.Test_AbaRouteValidator_09" time="0.017"/>
  <testcase name="testAbaNumberCheck_18832_bad" classname="com.cardatechnologies.utils.validators.abaroutevalidator.Test_AbaRouteValidator_09" time="0.018"/>
  <testcase name="testAbaNumberCheck_19646_bad" classname="com.cardatechnologies.utils.validators.abaroutevalidator.Test_AbaRouteValidator_09" time="0.017"/>
  <testcase name="testAbaNumberCheck_18382_bad" classname="com.cardatechnologies.utils.validators.abaroutevalidator.Test_AbaRouteValidator_09" time="0.018"/>
  <testcase name="testAbaNumberCheck_19196_bad" classname="com.cardatechnologies.utils.validators.abaroutevalidator.Test_AbaRouteValidator_09" time="0.017"/>
  <testcase name="testAbaNumberCheck_17687_good" classname="com.cardatechnologies.utils.validators.abaroutevalidator.Test_AbaRouteValidator_09" time="0.018"/>
  <testcase name="testAbaNumberCheck_18834_bad" classname="com.cardatechnologies.utils.validators.abaroutevalidator.Test_AbaRouteValidator_09" time="0.017"/>
  <testcase name="testAbaNumberCheck_19648_bad" classname="com.cardatechnologies.utils.validators.abaroutevalidator.Test_AbaRouteValidator_09" time="0.018"/>
  <testcase name="testAbaNumberCheck_17570_bad" classname="com.cardatechnologies.utils.validators.abaroutevalidator.Test_AbaRouteValidator_09" time="0.018"/>
  <testcase name="testAbaNumberCheck_18384_bad" classname="com.cardatechnologies.utils.validators.abaroutevalidator.Test_AbaRouteValidator_09" time="0.018"/>
  <testcase name="testAbaNumberCheck_19198_bad" classname="com.cardatechnologies.utils.validators.abaroutevalidator.Test_AbaRouteValidator_09" time="0.017"/>
  <testcase name="testAbaNumberCheck_18836_bad" classname="com.cardatechnologies.utils.validators.abaroutevalidator.Test_AbaRouteValidator_09" time="0.019"/>
  <testcase name="testAbaNumberCheck_17572_bad" classname="com.cardatechnologies.utils.validators.abaroutevalidator.Test_AbaRouteValidator_09" time="0.017"/>
  <testcase name="testAbaNumberCheck_18386_bad" classname="com.cardatechnologies.utils.validators.abaroutevalidator.Test_AbaRouteValidator_09" time="0.018"/>
  <testcase name="testAbaNumberCheck_18838_bad" classname="com.cardatechnologies.utils.validators.abaroutevalidator.Test_AbaRouteValidator_09" time="0.018"/>
  <testcase name="testAbaNumberCheck_17574_bad" classname="com.cardatechnologies.utils.validators.abaroutevalidator.Test_AbaRouteValidator_09" time="0.021"/>
  <testcase name="testAbaNumberCheck_18388_bad" classname="com.cardatechnologies.utils.validators.abaroutevalidator.Test_AbaRouteValidator_09" time="0.026"/>
  <testcase name="testAbaNumberCheck_17576_bad" classname="com.cardatechnologies.utils.validators.abaroutevalidator.Test_AbaRouteValidator_09" time="0.018"/>
  <testcase name="testAbaNumberCheck_17578_bad" classname="com.cardatechnologies.utils.validators.abaroutevalidator.Test_AbaRouteValidator_09" time="0.019"/>
  <testcase name="testAbaNumberCheck_18997_good" classname="com.cardatechnologies.utils.validators.abaroutevalidator.Test_AbaRouteValidator_09" time="0.018"/>
  <testcase name="testAbaNumberCheck_17895_good" classname="com.cardatechnologies.utils.validators.abaroutevalidator.Test_AbaRouteValidator_09" time="0.02"/>
  <testcase name="testAbaNumberCheck_19650_bad" classname="com.cardatechnologies.utils.validators.abaroutevalidator.Test_AbaRouteValidator_09" time="0.019"/>
  <testcase name="testAbaNumberCheck_19652_bad" classname="com.cardatechnologies.utils.validators.abaroutevalidator.Test_AbaRouteValidator_09" time="0.021"/>
  <testcase name="testAbaNumberCheck_17769_good" classname="com.cardatechnologies.utils.validators.abaroutevalidator.Test_AbaRouteValidator_09" time="0.02"/>
  <testcase name="testAbaNumberCheck_18840_bad" classname="com.cardatechnologies.utils.validators.abaroutevalidator.Test_AbaRouteValidator_09" time="0.022"/>
  <testcase name="testAbaNumberCheck_19654_bad" classname="com.cardatechnologies.utils.validators.abaroutevalidator.Test_AbaRouteValidator_09" time="0.021"/>
  <testcase name="testAbaNumberCheck_18390_bad" classname="com.cardatechnologies.utils.validators.abaroutevalidator.Test_AbaRouteValidator_09" time="0.02"/>
  <testcase name="testAbaNumberCheck_18842_bad" classname="com.cardatechnologies.utils.validators.abaroutevalidator.Test_AbaRouteValidator_09" time="0.02"/>
  <testcase name="testAbaNumberCheck_19656_bad" classname="com.cardatechnologies.utils.validators.abaroutevalidator.Test_AbaRouteValidator_09" time="0.021"/>
  <testcase name="testAbaNumberCheck_18392_bad" classname="com.cardatechnologies.utils.validators.abaroutevalidator.Test_AbaRouteValidator_09" time="0.021"/>
  <testcase name="testAbaNumberCheck_18844_bad" classname="com.cardatechnologies.utils.validators.abaroutevalidator.Test_AbaRouteValidator_09" time="0.022"/>
  <testcase name="testAbaNumberCheck_19658_bad" classname="com.cardatechnologies.utils.validators.abaroutevalidator.Test_AbaRouteValidator_09" time="0.021"/>
  <testcase name="testAbaNumberCheck_17580_bad" classname="com.cardatechnologies.utils.validators.abaroutevalidator.Test_AbaRouteValidator_09" time="0.021"/>
  <testcase name="testAbaNumberCheck_18394_bad" classname="com.cardatechnologies.utils.validators.abaroutevalidator.Test_AbaRouteValidator_09" time="0.021"/>
  <testcase name="testAbaNumberCheck_18846_bad" classname="com.cardatechnologies.utils.validators.abaroutevalidator.Test_AbaRouteValidator_09" time="0.02"/>
  <testcase name="testAbaNumberCheck_17582_bad" classname="com.cardatechnologies.utils.validators.abaroutevalidator.Test_AbaRouteValidator_09" time="0.019"/>
  <testcase name="testAbaNumberCheck_18396_bad" classname="com.cardatechnologies.utils.validators.abaroutevalidator.Test_AbaRouteValidator_09" time="0.02"/>
  <testcase name="testAbaNumberCheck_18848_bad" classname="com.cardatechnologies.utils.validators.abaroutevalidator.Test_AbaRouteValidator_09" time="0.021"/>
  <testcase name="testAbaNumberCheck_17584_bad" classname="com.cardatechnologies.utils.validators.abaroutevalidator.Test_AbaRouteValidator_09" time="0.021"/>
  <testcase name="testAbaNumberCheck_18398_bad" classname="com.cardatechnologies.utils.validators.abaroutevalidator.Test_AbaRouteValidator_09" time="0.02"/>
  <testcase name="testAbaNumberCheck_17586_bad" classname="com.cardatechnologies.utils.validators.abaroutevalidator.Test_AbaRouteValidator_09" time="0.026"/>
  <testcase name="testAbaNumberCheck_17588_bad" classname="com.cardatechnologies.utils.validators.abaroutevalidator.Test_AbaRouteValidator_09" time="0.031"/>
  <testcase name="testAbaNumberCheck_17977_good" classname="com.cardatechnologies.utils.validators.abaroutevalidator.Test_AbaRouteValidator_09" time="0.02"/>
  <testcase name="testAbaNumberCheck_19660_bad" classname="com.cardatechnologies.utils.validators.abaroutevalidator.Test_AbaRouteValidator_09" time="0.02"/>
  <testcase name="testAbaNumberCheck_19662_bad" classname="com.cardatechnologies.utils.validators.abaroutevalidator.Test_AbaRouteValidator_09" time="0.021"/>
  <testcase name="testAbaNumberCheck_18850_bad" classname="com.cardatechnologies.utils.validators.abaroutevalidator.Test_AbaRouteValidator_09" time="0.017"/>
  <testcase name="testAbaNumberCheck_19664_bad" classname="com.cardatechnologies.utils.validators.abaroutevalidator.Test_AbaRouteValidator_09" time="0.018"/>
  <testcase name="testAbaNumberCheck_18852_bad" classname="com.cardatechnologies.utils.validators.abaroutevalidator.Test_AbaRouteValidator_09" time="0.018"/>
  <testcase name="testAbaNumberCheck_19666_bad" classname="com.cardatechnologies.utils.validators.abaroutevalidator.Test_AbaRouteValidator_09" time="0.018"/>
  <testcase name="testAbaNumberCheck_17689_good" classname="com.cardatechnologies.utils.validators.abaroutevalidator.Test_AbaRouteValidator_09" time="0.017"/>
  <testcase name="testAbaNumberCheck_18854_bad" classname="com.cardatechnologies.utils.validators.abaroutevalidator.Test_AbaRouteValidator_09" time="0.018"/>
  <testcase name="testAbaNumberCheck_19668_bad" classname="com.cardatechnologies.utils.validators.abaroutevalidator.Test_AbaRouteValidator_09" time="0.019"/>
  <testcase name="testAbaNumberCheck_17590_bad" classname="com.cardatechnologies.utils.validators.abaroutevalidator.Test_AbaRouteValidator_09" time="0.018"/>
  <testcase name="testAbaNumberCheck_18856_bad" classname="com.cardatechnologies.utils.validators.abaroutevalidator.Test_AbaRouteValidator_09" time="0.018"/>
  <testcase name="testAbaNumberCheck_17592_bad" classname="com.cardatechnologies.utils.validators.abaroutevalidator.Test_AbaRouteValidator_09" time="0.018"/>
  <testcase name="testAbaNumberCheck_18858_bad" classname="com.cardatechnologies.utils.validators.abaroutevalidator.Test_AbaRouteValidator_09" time="0.018"/>
  <testcase name="testAbaNumberCheck_17594_bad" classname="com.cardatechnologies.utils.validators.abaroutevalidator.Test_AbaRouteValidator_09" time="0.023"/>
  <testcase name="testAbaNumberCheck_17596_bad" classname="com.cardatechnologies.utils.validators.abaroutevalidator.Test_AbaRouteValidator_09" time="0.018"/>
  <testcase name="testAbaNumberCheck_17598_bad" classname="com.cardatechnologies.utils.validators.abaroutevalidator.Test_AbaRouteValidator_09" time="0.018"/>
  <testcase name="testAbaNumberCheck_18999_good" classname="com.cardatechnologies.utils.validators.abaroutevalidator.Test_AbaRouteValidator_09" time="0.018"/>
  <testcase name="testAbaNumberCheck_17897_good" classname="com.cardatechnologies.utils.validators.abaroutevalidator.Test_AbaRouteValidator_09" time="0.018"/>
  <testcase name="testAbaNumberCheck_19670_bad" classname="com.cardatechnologies.utils.validators.abaroutevalidator.Test_AbaRouteValidator_09" time="0.018"/>
  <testcase name="testAbaNumberCheck_19672_bad" classname="com.cardatechnologies.utils.validators.abaroutevalidator.Test_AbaRouteValidator_09" time="0.017"/>
  <testcase name="testAbaNumberCheck_18860_bad" classname="com.cardatechnologies.utils.validators.abaroutevalidator.Test_AbaRouteValidator_09" time="0.018"/>
  <testcase name="testAbaNumberCheck_19674_bad" classname="com.cardatechnologies.utils.validators.abaroutevalidator.Test_AbaRouteValidator_09" time="0.018"/>
  <testcase name="testAbaNumberCheck_18862_bad" classname="com.cardatechnologies.utils.validators.abaroutevalidator.Test_AbaRouteValidator_09" time="0.017"/>
  <testcase name="testAbaNumberCheck_19676_bad" classname="com.cardatechnologies.utils.validators.abaroutevalidator.Test_AbaRouteValidator_09" time="0.018"/>
  <testcase name="testAbaNumberCheck_18864_bad" classname="com.cardatechnologies.utils.validators.abaroutevalidator.Test_AbaRouteValidator_09" time="0.017"/>
  <testcase name="testAbaNumberCheck_19678_bad" classname="com.cardatechnologies.utils.validators.abaroutevalidator.Test_AbaRouteValidator_09" time="0.021"/>
  <testcase name="testAbaNumberCheck_18866_bad" classname="com.cardatechnologies.utils.validators.abaroutevalidator.Test_AbaRouteValidator_09" time="0.025"/>
  <testcase name="testAbaNumberCheck_18868_bad" classname="com.cardatechnologies.utils.validators.abaroutevalidator.Test_AbaRouteValidator_09" time="0.017"/>
  <testcase name="testAbaNumberCheck_17979_good" classname="com.cardatechnologies.utils.validators.abaroutevalidator.Test_AbaRouteValidator_09" time="0.019"/>
  <testcase name="testAbaNumberCheck_19680_bad" classname="com.cardatechnologies.utils.validators.abaroutevalidator.Test_AbaRouteValidator_09" time="0.02"/>
  <testcase name="testAbaNumberCheck_19682_bad" classname="com.cardatechnologies.utils.validators.abaroutevalidator.Test_AbaRouteValidator_09" time="0.02"/>
  <testcase name="testAbaNumberCheck_18870_bad" classname="com.cardatechnologies.utils.validators.abaroutevalidator.Test_AbaRouteValidator_09" time="0.021"/>
  <testcase name="testAbaNumberCheck_19684_bad" classname="com.cardatechnologies.utils.validators.abaroutevalidator.Test_AbaRouteValidator_09" time="0.02"/>
  <testcase name="testAbaNumberCheck_18872_bad" classname="com.cardatechnologies.utils.validators.abaroutevalidator.Test_AbaRouteValidator_09" time="0.019"/>
  <testcase name="testAbaNumberCheck_19686_bad" classname="com.cardatechnologies.utils.validators.abaroutevalidator.Test_AbaRouteValidator_09" time="0.02"/>
  <testcase name="testAbaNumberCheck_18874_bad" classname="com.cardatechnologies.utils.validators.abaroutevalidator.Test_AbaRouteValidator_09" time="0.02"/>
  <testcase name="testAbaNumberCheck_19688_bad" classname="com.cardatechnologies.utils.validators.abaroutevalidator.Test_AbaRouteValidator_09" time="0.02"/>
  <testcase name="testAbaNumberCheck_18876_bad" classname="com.cardatechnologies.utils.validators.abaroutevalidator.Test_AbaRouteValidator_09" time="0.019"/>
  <testcase name="testAbaNumberCheck_18878_bad" classname="com.cardatechnologies.utils.validators.abaroutevalidator.Test_AbaRouteValidator_09" time="0.02"/>
  <testcase name="testAbaNumberCheck_19001_good" classname="com.cardatechnologies.utils.validators.abaroutevalidator.Test_AbaRouteValidator_09" time="0.021"/>
  <testcase name="testAbaNumberCheck_17899_good" classname="com.cardatechnologies.utils.validators.abaroutevalidator.Test_AbaRouteValidator_09" time="0.02"/>
  <testcase name="testAbaNumberCheck_19690_bad" classname="com.cardatechnologies.utils.validators.abaroutevalidator.Test_AbaRouteValidator_09" time="0.021"/>
  <testcase name="testAbaNumberCheck_19692_bad" classname="com.cardatechnologies.utils.validators.abaroutevalidator.Test_AbaRouteValidator_09" time="0.019"/>
  <testcase name="testAbaNumberCheck_18880_bad" classname="com.cardatechnologies.utils.validators.abaroutevalidator.Test_AbaRouteValidator_09" time="0.018"/>
  <testcase name="testAbaNumberCheck_19694_bad" classname="com.cardatechnologies.utils.validators.abaroutevalidator.Test_AbaRouteValidator_09" time="0.018"/>
  <testcase name="testAbaNumberCheck_18882_bad" classname="com.cardatechnologies.utils.validators.abaroutevalidator.Test_AbaRouteValidator_09" time="0.018"/>
  <testcase name="testAbaNumberCheck_19696_bad" classname="com.cardatechnologies.utils.validators.abaroutevalidator.Test_AbaRouteValidator_09" time="0.019"/>
  <testcase name="testAbaNumberCheck_18884_bad" classname="com.cardatechnologies.utils.validators.abaroutevalidator.Test_AbaRouteValidator_09" time="0.018"/>
  <testcase name="testAbaNumberCheck_19698_bad" classname="com.cardatechnologies.utils.validators.abaroutevalidator.Test_AbaRouteValidator_09" time="0.018"/>
  <testcase name="testAbaNumberCheck_18886_bad" classname="com.cardatechnologies.utils.validators.abaroutevalidator.Test_AbaRouteValidator_09" time="0.017"/>
  <testcase name="testAbaNumberCheck_18888_bad" classname="com.cardatechnologies.utils.validators.abaroutevalidator.Test_AbaRouteValidator_09" time="0.018"/>
  <testcase name="testAbaNumberCheck_18890_bad" classname="com.cardatechnologies.utils.validators.abaroutevalidator.Test_AbaRouteValidator_09" time="0.019"/>
  <testcase name="testAbaNumberCheck_18892_bad" classname="com.cardatechnologies.utils.validators.abaroutevalidator.Test_AbaRouteValidator_09" time="0.029"/>
  <testcase name="testAbaNumberCheck_18894_bad" classname="com.cardatechnologies.utils.validators.abaroutevalidator.Test_AbaRouteValidator_09" time="0.025"/>
  <testcase name="testAbaNumberCheck_18896_bad" classname="com.cardatechnologies.utils.validators.abaroutevalidator.Test_AbaRouteValidator_09" time="0.017"/>
  <testcase name="testAbaNumberCheck_18898_bad" classname="com.cardatechnologies.utils.validators.abaroutevalidator.Test_AbaRouteValidator_09" time="0.018"/>
  <testcase name="testAbaNumberCheck_19003_good" classname="com.cardatechnologies.utils.validators.abaroutevalidator.Test_AbaRouteValidator_09" time="0.018"/>
  <testcase name="testAbaNumberCheck_19211_good" classname="com.cardatechnologies.utils.validators.abaroutevalidator.Test_AbaRouteValidator_09" time="0.018"/>
  <testcase name="testAbaNumberCheck_19131_good" classname="com.cardatechnologies.utils.validators.abaroutevalidator.Test_AbaRouteValidator_09" time="0.019"/>
  <testcase name="testAbaNumberCheck_19005_good" classname="com.cardatechnologies.utils.validators.abaroutevalidator.Test_AbaRouteValidator_09" time="0.018"/>
  <testcase name="testAbaNumberCheck_19501_good" classname="com.cardatechnologies.utils.validators.abaroutevalidator.Test_AbaRouteValidator_09" time="0.018"/>
  <testcase name="testAbaNumberCheck_19213_good" classname="com.cardatechnologies.utils.validators.abaroutevalidator.Test_AbaRouteValidator_09" time="0.018"/>
  <testcase name="testAbaNumberCheck_19051_good" classname="com.cardatechnologies.utils.validators.abaroutevalidator.Test_AbaRouteValidator_09" time="0.018"/>
  <testcase name="testAbaNumberCheck_18111_good" classname="com.cardatechnologies.utils.validators.abaroutevalidator.Test_AbaRouteValidator_09" time="0.017"/>
  <testcase name="testAbaNumberCheck_19421_good" classname="com.cardatechnologies.utils.validators.abaroutevalidator.Test_AbaRouteValidator_09" time="0.019"/>
  <testcase name="testAbaNumberCheck_19133_good" classname="com.cardatechnologies.utils.validators.abaroutevalidator.Test_AbaRouteValidator_09" time="0.018"/>
  <testcase name="testAbaNumberCheck_19007_good" classname="com.cardatechnologies.utils.validators.abaroutevalidator.Test_AbaRouteValidator_09" time="0.018"/>
  <testcase name="testAbaNumberCheck_18031_good" classname="com.cardatechnologies.utils.validators.abaroutevalidator.Test_AbaRouteValidator_09" time="0.022"/>
  <testcase name="testAbaNumberCheck_19503_good" classname="com.cardatechnologies.utils.validators.abaroutevalidator.Test_AbaRouteValidator_09" time="0.018"/>
  <testcase name="testAbaNumberCheck_19341_good" classname="com.cardatechnologies.utils.validators.abaroutevalidator.Test_AbaRouteValidator_09" time="0.018"/>
  <testcase name="testAbaNumberCheck_18401_good" classname="com.cardatechnologies.utils.validators.abaroutevalidator.Test_AbaRouteValidator_09" time="0.019"/>
  <testcase name="testAbaNumberCheck_19215_good" classname="com.cardatechnologies.utils.validators.abaroutevalidator.Test_AbaRouteValidator_09" time="0.018"/>
  <testcase name="testAbaNumberCheck_19053_good" classname="com.cardatechnologies.utils.validators.abaroutevalidator.Test_AbaRouteValidator_09" time="0.017"/>
  <testcase name="testAbaNumberCheck_18113_good" classname="com.cardatechnologies.utils.validators.abaroutevalidator.Test_AbaRouteValidator_09" time="0.019"/>
  <testcase name="testAbaNumberCheck_19711_good" classname="com.cardatechnologies.utils.validators.abaroutevalidator.Test_AbaRouteValidator_09" time="0.018"/>
  <testcase name="testAbaNumberCheck_19423_good" classname="com.cardatechnologies.utils.validators.abaroutevalidator.Test_AbaRouteValidator_09" time="0.017"/>
  <testcase name="testAbaNumberCheck_19261_good" classname="com.cardatechnologies.utils.validators.abaroutevalidator.Test_AbaRouteValidator_09" time="0.018"/>
  <testcase name="testAbaNumberCheck_18321_good" classname="com.cardatechnologies.utils.validators.abaroutevalidator.Test_AbaRouteValidator_09" time="0.019"/>
  <testcase name="testAbaNumberCheck_19135_good" classname="com.cardatechnologies.utils.validators.abaroutevalidator.Test_AbaRouteValidator_09" time="0.018"/>
  <testcase name="testAbaNumberCheck_19009_good" classname="com.cardatechnologies.utils.validators.abaroutevalidator.Test_AbaRouteValidator_09" time="0.018"/>
  <testcase name="testAbaNumberCheck_18033_good" classname="com.cardatechnologies.utils.validators.abaroutevalidator.Test_AbaRouteValidator_09" time="0.032"/>
  <testcase name="testAbaNumberCheck_19631_good" classname="com.cardatechnologies.utils.validators.abaroutevalidator.Test_AbaRouteValidator_09" time="0.02"/>
  <testcase name="testAbaNumberCheck_19505_good" classname="com.cardatechnologies.utils.validators.abaroutevalidator.Test_AbaRouteValidator_09" time="0.018"/>
  <testcase name="testAbaNumberCheck_19343_good" classname="com.cardatechnologies.utils.validators.abaroutevalidator.Test_AbaRouteValidator_09" time="0.017"/>
  <testcase name="testAbaNumberCheck_18403_good" classname="com.cardatechnologies.utils.validators.abaroutevalidator.Test_AbaRouteValidator_09" time="0.018"/>
  <testcase name="testAbaNumberCheck_19217_good" classname="com.cardatechnologies.utils.validators.abaroutevalidator.Test_AbaRouteValidator_09" time="0.017"/>
  <testcase name="testAbaNumberCheck_19181_good" classname="com.cardatechnologies.utils.validators.abaroutevalidator.Test_AbaRouteValidator_09" time="0.019"/>
  <testcase name="testAbaNumberCheck_18241_good" classname="com.cardatechnologies.utils.validators.abaroutevalidator.Test_AbaRouteValidator_09" time="0.019"/>
  <testcase name="testAbaNumberCheck_19055_good" classname="com.cardatechnologies.utils.validators.abaroutevalidator.Test_AbaRouteValidator_09" time="0.018"/>
  <testcase name="testAbaNumberCheck_18115_good" classname="com.cardatechnologies.utils.validators.abaroutevalidator.Test_AbaRouteValidator_09" time="0.018"/>
  <testcase name="testAbaNumberCheck_19713_good" classname="com.cardatechnologies.utils.validators.abaroutevalidator.Test_AbaRouteValidator_09" time="0.017"/>
  <testcase name="testAbaNumberCheck_19551_good" classname="com.cardatechnologies.utils.validators.abaroutevalidator.Test_AbaRouteValidator_09" time="0.019"/>
  <testcase name="testAbaNumberCheck_18611_good" classname="com.cardatechnologies.utils.validators.abaroutevalidator.Test_AbaRouteValidator_09" time="0.018"/>
  <testcase name="testAbaNumberCheck_19425_good" classname="com.cardatechnologies.utils.validators.abaroutevalidator.Test_AbaRouteValidator_09" time="0.019"/>
  <testcase name="testAbaNumberCheck_19263_good" classname="com.cardatechnologies.utils.validators.abaroutevalidator.Test_AbaRouteValidator_09" time="0.018"/>
  <testcase name="testAbaNumberCheck_18323_good" classname="com.cardatechnologies.utils.validators.abaroutevalidator.Test_AbaRouteValidator_09" time="0.018"/>
  <testcase name="testAbaNumberCheck_19921_good" classname="com.cardatechnologies.utils.validators.abaroutevalidator.Test_AbaRouteValidator_09" time="0.018"/>
  <testcase name="testAbaNumberCheck_19137_good" classname="com.cardatechnologies.utils.validators.abaroutevalidator.Test_AbaRouteValidator_09" time="0.018"/>
  <testcase name="testAbaNumberCheck_18161_good" classname="com.cardatechnologies.utils.validators.abaroutevalidator.Test_AbaRouteValidator_09" time="0.017"/>
  <testcase name="testAbaNumberCheck_18035_good" classname="com.cardatechnologies.utils.validators.abaroutevalidator.Test_AbaRouteValidator_09" time="0.019"/>
  <testcase name="testAbaNumberCheck_19633_good" classname="com.cardatechnologies.utils.validators.abaroutevalidator.Test_AbaRouteValidator_09" time="0.018"/>
  <testcase name="testAbaNumberCheck_19507_good" classname="com.cardatechnologies.utils.validators.abaroutevalidator.Test_AbaRouteValidator_09" time="0.018"/>
  <testcase name="testAbaNumberCheck_19471_good" classname="com.cardatechnologies.utils.validators.abaroutevalidator.Test_AbaRouteValidator_09" time="0.017"/>
  <testcase name="testAbaNumberCheck_18531_good" classname="com.cardatechnologies.utils.validators.abaroutevalidator.Test_AbaRouteValidator_09" time="0.018"/>
  <testcase name="testAbaNumberCheck_19345_good" classname="com.cardatechnologies.utils.validators.abaroutevalidator.Test_AbaRouteValidator_09" time="0.018"/>
  <testcase name="testAbaNumberCheck_18405_good" classname="com.cardatechnologies.utils.validators.abaroutevalidator.Test_AbaRouteValidator_09" time="0.017"/>
  <testcase name="testAbaNumberCheck_19219_good" classname="com.cardatechnologies.utils.validators.abaroutevalidator.Test_AbaRouteValidator_09" time="0.019"/>
  <testcase name="testAbaNumberCheck_19183_good" classname="com.cardatechnologies.utils.validators.abaroutevalidator.Test_AbaRouteValidator_09" time="0.021"/>
  <testcase name="testAbaNumberCheck_18243_good" classname="com.cardatechnologies.utils.validators.abaroutevalidator.Test_AbaRouteValidator_09" time="0.026"/>
  <testcase name="testAbaNumberCheck_19841_good" classname="com.cardatechnologies.utils.validators.abaroutevalidator.Test_AbaRouteValidator_09" time="0.024"/>
  <testcase name="testAbaNumberCheck_18901_good" classname="com.cardatechnologies.utils.validators.abaroutevalidator.Test_AbaRouteValidator_09" time="0.017"/>
  <testcase name="testAbaNumberCheck_19057_good" classname="com.cardatechnologies.utils.validators.abaroutevalidator.Test_AbaRouteValidator_09" time="0.018"/>
  <testcase name="testAbaNumberCheck_18117_good" classname="com.cardatechnologies.utils.validators.abaroutevalidator.Test_AbaRouteValidator_09" time="0.019"/>
  <testcase name="testAbaNumberCheck_19715_good" classname="com.cardatechnologies.utils.validators.abaroutevalidator.Test_AbaRouteValidator_09" time="0.018"/>
  <testcase name="testAbaNumberCheck_18081_good" classname="com.cardatechnologies.utils.validators.abaroutevalidator.Test_AbaRouteValidator_09" time="0.017"/>
  <testcase name="testAbaNumberCheck_19553_good" classname="com.cardatechnologies.utils.validators.abaroutevalidator.Test_AbaRouteValidator_09" time="0.018"/>
  <testcase name="testAbaNumberCheck_18613_good" classname="com.cardatechnologies.utils.validators.abaroutevalidator.Test_AbaRouteValidator_09" time="0.018"/>
  <testcase name="testAbaNumberCheck_19427_good" classname="com.cardatechnologies.utils.validators.abaroutevalidator.Test_AbaRouteValidator_09" time="0.017"/>
  <testcase name="testAbaNumberCheck_19391_good" classname="com.cardatechnologies.utils.validators.abaroutevalidator.Test_AbaRouteValidator_09" time="0.018"/>
  <testcase name="testAbaNumberCheck_18451_good" classname="com.cardatechnologies.utils.validators.abaroutevalidator.Test_AbaRouteValidator_09" time="0.018"/>
  <testcase name="testAbaNumberCheck_19265_good" classname="com.cardatechnologies.utils.validators.abaroutevalidator.Test_AbaRouteValidator_09" time="0.018"/>
  <testcase name="testAbaNumberCheck_18325_good" classname="com.cardatechnologies.utils.validators.abaroutevalidator.Test_AbaRouteValidator_09" time="0.018"/>
  <testcase name="testAbaNumberCheck_19923_good" classname="com.cardatechnologies.utils.validators.abaroutevalidator.Test_AbaRouteValidator_09" time="0.017"/>
  <testcase name="testAbaNumberCheck_19139_good" classname="com.cardatechnologies.utils.validators.abaroutevalidator.Test_AbaRouteValidator_09" time="0.018"/>
  <testcase name="testAbaNumberCheck_18163_good" classname="com.cardatechnologies.utils.validators.abaroutevalidator.Test_AbaRouteValidator_09" time="0.018"/>
  <testcase name="testAbaNumberCheck_19761_good" classname="com.cardatechnologies.utils.validators.abaroutevalidator.Test_AbaRouteValidator_09" time="0.018"/>
  <testcase name="testAbaNumberCheck_18821_good" classname="com.cardatechnologies.utils.validators.abaroutevalidator.Test_AbaRouteValidator_09" time="0.018"/>
  <testcase name="testAbaNumberCheck_18037_good" classname="com.cardatechnologies.utils.validators.abaroutevalidator.Test_AbaRouteValidator_09" time="0.018"/>
  <testcase name="testAbaNumberCheck_19635_good" classname="com.cardatechnologies.utils.validators.abaroutevalidator.Test_AbaRouteValidator_09" time="0.018"/>
  <testcase name="testAbaNumberCheck_19509_good" classname="com.cardatechnologies.utils.validators.abaroutevalidator.Test_AbaRouteValidator_09" time="0.021"/>
  <testcase name="testAbaNumberCheck_19473_good" classname="com.cardatechnologies.utils.validators.abaroutevalidator.Test_AbaRouteValidator_09" time="0.018"/>
  <testcase name="testAbaNumberCheck_18533_good" classname="com.cardatechnologies.utils.validators.abaroutevalidator.Test_AbaRouteValidator_09" time="0.019"/>
  <testcase name="testAbaNumberCheck_19347_good" classname="com.cardatechnologies.utils.validators.abaroutevalidator.Test_AbaRouteValidator_09" time="0.018"/>
  <testcase name="testAbaNumberCheck_18407_good" classname="com.cardatechnologies.utils.validators.abaroutevalidator.Test_AbaRouteValidator_09" time="0.017"/>
  <testcase name="testAbaNumberCheck_18371_good" classname="com.cardatechnologies.utils.validators.abaroutevalidator.Test_AbaRouteValidator_09" time="0.018"/>
  <testcase name="testAbaNumberCheck_19185_good" classname="com.cardatechnologies.utils.validators.abaroutevalidator.Test_AbaRouteValidator_09" time="0.022"/>
  <testcase name="testAbaNumberCheck_18245_good" classname="com.cardatechnologies.utils.validators.abaroutevalidator.Test_AbaRouteValidator_09" time="0.024"/>
  <testcase name="testAbaNumberCheck_19843_good" classname="com.cardatechnologies.utils.validators.abaroutevalidator.Test_AbaRouteValidator_09" time="0.025"/>
  <testcase name="testAbaNumberCheck_18903_good" classname="com.cardatechnologies.utils.validators.abaroutevalidator.Test_AbaRouteValidator_09" time="0.018"/>
  <testcase name="testAbaNumberCheck_19059_good" classname="com.cardatechnologies.utils.validators.abaroutevalidator.Test_AbaRouteValidator_09" time="0.018"/>
  <testcase name="testAbaNumberCheck_18119_good" classname="com.cardatechnologies.utils.validators.abaroutevalidator.Test_AbaRouteValidator_09" time="0.02"/>
  <testcase name="testAbaNumberCheck_19717_good" classname="com.cardatechnologies.utils.validators.abaroutevalidator.Test_AbaRouteValidator_09" time="0.018"/>
  <testcase name="testAbaNumberCheck_18083_good" classname="com.cardatechnologies.utils.validators.abaroutevalidator.Test_AbaRouteValidator_09" time="0.017"/>
  <testcase name="testAbaNumberCheck_19681_good" classname="com.cardatechnologies.utils.validators.abaroutevalidator.Test_AbaRouteValidator_09" time="0.017"/>
  <testcase name="testAbaNumberCheck_18741_good" classname="com.cardatechnologies.utils.validators.abaroutevalidator.Test_AbaRouteValidator_09" time="0.021"/>
  <testcase name="testAbaNumberCheck_17801_good" classname="com.cardatechnologies.utils.validators.abaroutevalidator.Test_AbaRouteValidator_09" time="0.018"/>
  <testcase name="testAbaNumberCheck_19555_good" classname="com.cardatechnologies.utils.validators.abaroutevalidator.Test_AbaRouteValidator_09" time="0.018"/>
  <testcase name="testAbaNumberCheck_18615_good" classname="com.cardatechnologies.utils.validators.abaroutevalidator.Test_AbaRouteValidator_09" time="0.018"/>
  <testcase name="testAbaNumberCheck_19429_good" classname="com.cardatechnologies.utils.validators.abaroutevalidator.Test_AbaRouteValidator_09" time="0.018"/>
  <testcase name="testAbaNumberCheck_19393_good" classname="com.cardatechnologies.utils.validators.abaroutevalidator.Test_AbaRouteValidator_09" time="0.017"/>
  <testcase name="testAbaNumberCheck_18453_good" classname="com.cardatechnologies.utils.validators.abaroutevalidator.Test_AbaRouteValidator_09" time="0.018"/>
  <testcase name="testAbaNumberCheck_19267_good" classname="com.cardatechnologies.utils.validators.abaroutevalidator.Test_AbaRouteValidator_09" time="0.018"/>
  <testcase name="testAbaNumberCheck_18327_good" classname="com.cardatechnologies.utils.validators.abaroutevalidator.Test_AbaRouteValidator_09" time="0.017"/>
  <testcase name="testAbaNumberCheck_19925_good" classname="com.cardatechnologies.utils.validators.abaroutevalidator.Test_AbaRouteValidator_09" time="0.018"/>
  <testcase name="testAbaNumberCheck_18291_good" classname="com.cardatechnologies.utils.validators.abaroutevalidator.Test_AbaRouteValidator_09" time="0.018"/>
  <testcase name="testAbaNumberCheck_18165_good" classname="com.cardatechnologies.utils.validators.abaroutevalidator.Test_AbaRouteValidator_09" time="0.018"/>
  <testcase name="testAbaNumberCheck_19763_good" classname="com.cardatechnologies.utils.validators.abaroutevalidator.Test_AbaRouteValidator_09" time="0.017"/>
  <testcase name="testAbaNumberCheck_18823_good" classname="com.cardatechnologies.utils.validators.abaroutevalidator.Test_AbaRouteValidator_09" time="0.018"/>
  <testcase name="testAbaNumberCheck_18039_good" classname="com.cardatechnologies.utils.validators.abaroutevalidator.Test_AbaRouteValidator_09" time="0.019"/>
  <testcase name="testAbaNumberCheck_19637_good" classname="com.cardatechnologies.utils.validators.abaroutevalidator.Test_AbaRouteValidator_09" time="0.018"/>
  <testcase name="testAbaNumberCheck_18661_good" classname="com.cardatechnologies.utils.validators.abaroutevalidator.Test_AbaRouteValidator_09" time="0.018"/>
  <testcase name="testAbaNumberCheck_17721_good" classname="com.cardatechnologies.utils.validators.abaroutevalidator.Test_AbaRouteValidator_09" time="0.018"/>
  <testcase name="testAbaNumberCheck_19475_good" classname="com.cardatechnologies.utils.validators.abaroutevalidator.Test_AbaRouteValidator_09" time="0.018"/>
  <testcase name="testAbaNumberCheck_18535_good" classname="com.cardatechnologies.utils.validators.abaroutevalidator.Test_AbaRouteValidator_09" time="0.024"/>
  <testcase name="testAbaNumberCheck_19349_good" classname="com.cardatechnologies.utils.validators.abaroutevalidator.Test_AbaRouteValidator_09" time="0.021"/>
  <testcase name="testAbaNumberCheck_18409_good" classname="com.cardatechnologies.utils.validators.abaroutevalidator.Test_AbaRouteValidator_09" time="0.021"/>
  <testcase name="testAbaNumberCheck_18373_good" classname="com.cardatechnologies.utils.validators.abaroutevalidator.Test_AbaRouteValidator_09" time="0.018"/>
  <testcase name="testAbaNumberCheck_19971_good" classname="com.cardatechnologies.utils.validators.abaroutevalidator.Test_AbaRouteValidator_09" time="0.018"/>
  <testcase name="testAbaNumberCheck_19187_good" classname="com.cardatechnologies.utils.validators.abaroutevalidator.Test_AbaRouteValidator_09" time="0.022"/>
  <testcase name="testAbaNumberCheck_18247_good" classname="com.cardatechnologies.utils.validators.abaroutevalidator.Test_AbaRouteValidator_09" time="0.018"/>
  <testcase name="testAbaNumberCheck_19845_good" classname="com.cardatechnologies.utils.validators.abaroutevalidator.Test_AbaRouteValidator_09" time="0.018"/>
  <testcase name="testAbaNumberCheck_18905_good" classname="com.cardatechnologies.utils.validators.abaroutevalidator.Test_AbaRouteValidator_09" time="0.019"/>
  <testcase name="testAbaNumberCheck_19719_good" classname="com.cardatechnologies.utils.validators.abaroutevalidator.Test_AbaRouteValidator_09" time="0.017"/>
  <testcase name="testAbaNumberCheck_18085_good" classname="com.cardatechnologies.utils.validators.abaroutevalidator.Test_AbaRouteValidator_09" time="0.018"/>
  <testcase name="testAbaNumberCheck_19683_good" classname="com.cardatechnologies.utils.validators.abaroutevalidator.Test_AbaRouteValidator_09" time="0.018"/>
  <testcase name="testAbaNumberCheck_18743_good" classname="com.cardatechnologies.utils.validators.abaroutevalidator.Test_AbaRouteValidator_09" time="0.018"/>
  <testcase name="testAbaNumberCheck_17803_good" classname="com.cardatechnologies.utils.validators.abaroutevalidator.Test_AbaRouteValidator_09" time="0.017"/>
  <testcase name="testAbaNumberCheck_19557_good" classname="com.cardatechnologies.utils.validators.abaroutevalidator.Test_AbaRouteValidator_09" time="0.017"/>
  <testcase name="testAbaNumberCheck_18617_good" classname="com.cardatechnologies.utils.validators.abaroutevalidator.Test_AbaRouteValidator_09" time="0.019"/>
  <testcase name="testAbaNumberCheck_18581_good" classname="com.cardatechnologies.utils.validators.abaroutevalidator.Test_AbaRouteValidator_09" time="0.02"/>
  <testcase name="testAbaNumberCheck_17641_good" classname="com.cardatechnologies.utils.validators.abaroutevalidator.Test_AbaRouteValidator_09" time="0.021"/>
  <testcase name="testAbaNumberCheck_19395_good" classname="com.cardatechnologies.utils.validators.abaroutevalidator.Test_AbaRouteValidator_09" time="0.021"/>
  <testcase name="testAbaNumberCheck_18455_good" classname="com.cardatechnologies.utils.validators.abaroutevalidator.Test_AbaRouteValidator_09" time="0.023"/>
  <testcase name="testAbaNumberCheck_19269_good" classname="com.cardatechnologies.utils.validators.abaroutevalidator.Test_AbaRouteValidator_09" time="0.022"/>
  <testcase name="testAbaNumberCheck_18329_good" classname="com.cardatechnologies.utils.validators.abaroutevalidator.Test_AbaRouteValidator_09" time="0.021"/>
  <testcase name="testAbaNumberCheck_19927_good" classname="com.cardatechnologies.utils.validators.abaroutevalidator.Test_AbaRouteValidator_09" time="0.019"/>
  <testcase name="testAbaNumberCheck_18293_good" classname="com.cardatechnologies.utils.validators.abaroutevalidator.Test_AbaRouteValidator_09" time="0.018"/>
  <testcase name="testAbaNumberCheck_19891_good" classname="com.cardatechnologies.utils.validators.abaroutevalidator.Test_AbaRouteValidator_09" time="0.019"/>
  <testcase name="testAbaNumberCheck_18951_good" classname="com.cardatechnologies.utils.validators.abaroutevalidator.Test_AbaRouteValidator_09" time="0.019"/>
  <testcase name="testAbaNumberCheck_18167_good" classname="com.cardatechnologies.utils.validators.abaroutevalidator.Test_AbaRouteValidator_09" time="0.022"/>
  <testcase name="testAbaNumberCheck_19765_good" classname="com.cardatechnologies.utils.validators.abaroutevalidator.Test_AbaRouteValidator_09" time="0.021"/>
  <testcase name="testAbaNumberCheck_18825_good" classname="com.cardatechnologies.utils.validators.abaroutevalidator.Test_AbaRouteValidator_09" time="0.028"/>
  <testcase name="testAbaNumberCheck_19639_good" classname="com.cardatechnologies.utils.validators.abaroutevalidator.Test_AbaRouteValidator_09" time="0.021"/>
  <testcase name="testAbaNumberCheck_18663_good" classname="com.cardatechnologies.utils.validators.abaroutevalidator.Test_AbaRouteValidator_09" time="0.018"/>
  <testcase name="testAbaNumberCheck_17723_good" classname="com.cardatechnologies.utils.validators.abaroutevalidator.Test_AbaRouteValidator_09" time="0.019"/>
  <testcase name="testAbaNumberCheck_19477_good" classname="com.cardatechnologies.utils.validators.abaroutevalidator.Test_AbaRouteValidator_09" time="0.018"/>
  <testcase name="testAbaNumberCheck_18537_good" classname="com.cardatechnologies.utils.validators.abaroutevalidator.Test_AbaRouteValidator_09" time="0.021"/>
  <testcase name="testAbaNumberCheck_17561_good" classname="com.cardatechnologies.utils.validators.abaroutevalidator.Test_AbaRouteValidator_09" time="0.019"/>
  <testcase name="testAbaNumberCheck_18375_good" classname="com.cardatechnologies.utils.validators.abaroutevalidator.Test_AbaRouteValidator_09" time="0.018"/>
  <testcase name="testAbaNumberCheck_19973_good" classname="com.cardatechnologies.utils.validators.abaroutevalidator.Test_AbaRouteValidator_09" time="0.019"/>
  <testcase name="testAbaNumberCheck_19189_good" classname="com.cardatechnologies.utils.validators.abaroutevalidator.Test_AbaRouteValidator_09" time="0.019"/>
  <testcase name="testAbaNumberCheck_18249_good" classname="com.cardatechnologies.utils.validators.abaroutevalidator.Test_AbaRouteValidator_09" time="0.02"/>
  <testcase name="testAbaNumberCheck_19847_good" classname="com.cardatechnologies.utils.validators.abaroutevalidator.Test_AbaRouteValidator_09" time="0.017"/>
  <testcase name="testAbaNumberCheck_18907_good" classname="com.cardatechnologies.utils.validators.abaroutevalidator.Test_AbaRouteValidator_09" time="0.018"/>
  <testcase name="testAbaNumberCheck_18871_good" classname="com.cardatechnologies.utils.validators.abaroutevalidator.Test_AbaRouteValidator_09" time="0.018"/>
  <testcase name="testAbaNumberCheck_17931_good" classname="com.cardatechnologies.utils.validators.abaroutevalidator.Test_AbaRouteValidator_09" time="0.017"/>
  <testcase name="testAbaNumberCheck_18087_good" classname="com.cardatechnologies.utils.validators.abaroutevalidator.Test_AbaRouteValidator_09" time="0.017"/>
  <testcase name="testAbaNumberCheck_19685_good" classname="com.cardatechnologies.utils.validators.abaroutevalidator.Test_AbaRouteValidator_09" time="0.018"/>
  <testcase name="testAbaNumberCheck_18745_good" classname="com.cardatechnologies.utils.validators.abaroutevalidator.Test_AbaRouteValidator_09" time="0.017"/>
  <testcase name="testAbaNumberCheck_17805_good" classname="com.cardatechnologies.utils.validators.abaroutevalidator.Test_AbaRouteValidator_09" time="0.018"/>
  <testcase name="testAbaNumberCheck_19200_bad" classname="com.cardatechnologies.utils.validators.abaroutevalidator.Test_AbaRouteValidator_09" time="0.017"/>
  <testcase name="testAbaNumberCheck_19202_bad" classname="com.cardatechnologies.utils.validators.abaroutevalidator.Test_AbaRouteValidator_09" time="0.018"/>
  <testcase name="testAbaNumberCheck_19559_good" classname="com.cardatechnologies.utils.validators.abaroutevalidator.Test_AbaRouteValidator_09" time="0.02"/>
  <testcase name="testAbaNumberCheck_18619_good" classname="com.cardatechnologies.utils.validators.abaroutevalidator.Test_AbaRouteValidator_09" time="0.018"/>
  <testcase name="testAbaNumberCheck_19204_bad" classname="com.cardatechnologies.utils.validators.abaroutevalidator.Test_AbaRouteValidator_09" time="0.018"/>
  <testcase name="testAbaNumberCheck_19206_bad" classname="com.cardatechnologies.utils.validators.abaroutevalidator.Test_AbaRouteValidator_09" time="0.018"/>
  <testcase name="testAbaNumberCheck_18583_good" classname="com.cardatechnologies.utils.validators.abaroutevalidator.Test_AbaRouteValidator_09" time="0.018"/>
  <testcase name="testAbaNumberCheck_17643_good" classname="com.cardatechnologies.utils.validators.abaroutevalidator.Test_AbaRouteValidator_09" time="0.021"/>
  <testcase name="testAbaNumberCheck_19208_bad" classname="com.cardatechnologies.utils.validators.abaroutevalidator.Test_AbaRouteValidator_09" time="0.024"/>
  <testcase name="testAbaNumberCheck_19397_good" classname="com.cardatechnologies.utils.validators.abaroutevalidator.Test_AbaRouteValidator_09" time="0.021"/>
  <testcase name="testAbaNumberCheck_18457_good" classname="com.cardatechnologies.utils.validators.abaroutevalidator.Test_AbaRouteValidator_09" time="0.019"/>
  <testcase name="testAbaNumberCheck_19929_good" classname="com.cardatechnologies.utils.validators.abaroutevalidator.Test_AbaRouteValidator_09" time="0.018"/>
  <testcase name="testAbaNumberCheck_18295_good" classname="com.cardatechnologies.utils.validators.abaroutevalidator.Test_AbaRouteValidator_09" time="0.019"/>
  <testcase name="testAbaNumberCheck_19893_good" classname="com.cardatechnologies.utils.validators.abaroutevalidator.Test_AbaRouteValidator_09" time="0.017"/>
  <testcase name="testAbaNumberCheck_18953_good" classname="com.cardatechnologies.utils.validators.abaroutevalidator.Test_AbaRouteValidator_09" time="0.018"/>
  <testcase name="testAbaNumberCheck_18169_good" classname="com.cardatechnologies.utils.validators.abaroutevalidator.Test_AbaRouteValidator_09" time="0.018"/>
  <testcase name="testAbaNumberCheck_19767_good" classname="com.cardatechnologies.utils.validators.abaroutevalidator.Test_AbaRouteValidator_09" time="0.018"/>
  <testcase name="testAbaNumberCheck_18827_good" classname="com.cardatechnologies.utils.validators.abaroutevalidator.Test_AbaRouteValidator_09" time="0.017"/>
  <testcase name="testAbaNumberCheck_18791_good" classname="com.cardatechnologies.utils.validators.abaroutevalidator.Test_AbaRouteValidator_09" time="0.019"/>
  <testcase name="testAbaNumberCheck_17851_good" classname="com.cardatechnologies.utils.validators.abaroutevalidator.Test_AbaRouteValidator_09" time="0.018"/>
  <testcase name="testAbaNumberCheck_19210_bad" classname="com.cardatechnologies.utils.validators.abaroutevalidator.Test_AbaRouteValidator_09" time="0.018"/>
  <testcase name="testAbaNumberCheck_19212_bad" classname="com.cardatechnologies.utils.validators.abaroutevalidator.Test_AbaRouteValidator_09" time="0.019"/>
  <testcase name="testAbaNumberCheck_18665_good" classname="com.cardatechnologies.utils.validators.abaroutevalidator.Test_AbaRouteValidator_09" time="0.018"/>
  <testcase name="testAbaNumberCheck_17725_good" classname="com.cardatechnologies.utils.validators.abaroutevalidator.Test_AbaRouteValidator_09" time="0.018"/>
  <testcase name="testAbaNumberCheck_18400_bad" classname="com.cardatechnologies.utils.validators.abaroutevalidator.Test_AbaRouteValidator_09" time="0.018"/>
  <testcase name="testAbaNumberCheck_19214_bad" classname="com.cardatechnologies.utils.validators.abaroutevalidator.Test_AbaRouteValidator_09" time="0.018"/>
  <testcase name="testAbaNumberCheck_18402_bad" classname="com.cardatechnologies.utils.validators.abaroutevalidator.Test_AbaRouteValidator_09" time="0.018"/>
  <testcase name="testAbaNumberCheck_19216_bad" classname="com.cardatechnologies.utils.validators.abaroutevalidator.Test_AbaRouteValidator_09" time="0.017"/>
  <testcase name="testAbaNumberCheck_19479_good" classname="com.cardatechnologies.utils.validators.abaroutevalidator.Test_AbaRouteValidator_09" time="0.019"/>
  <testcase name="testAbaNumberCheck_18539_good" classname="com.cardatechnologies.utils.validators.abaroutevalidator.Test_AbaRouteValidator_09" time="0.019"/>
  <testcase name="testAbaNumberCheck_18404_bad" classname="com.cardatechnologies.utils.validators.abaroutevalidator.Test_AbaRouteValidator_09" time="0.017"/>
  <testcase name="testAbaNumberCheck_19218_bad" classname="com.cardatechnologies.utils.validators.abaroutevalidator.Test_AbaRouteValidator_09" time="0.019"/>
  <testcase name="testAbaNumberCheck_18406_bad" classname="com.cardatechnologies.utils.validators.abaroutevalidator.Test_AbaRouteValidator_09" time="0.018"/>
  <testcase name="testAbaNumberCheck_17563_good" classname="com.cardatechnologies.utils.validators.abaroutevalidator.Test_AbaRouteValidator_09" time="0.018"/>
  <testcase name="testAbaNumberCheck_18408_bad" classname="com.cardatechnologies.utils.validators.abaroutevalidator.Test_AbaRouteValidator_09" time="0.017"/>
  <testcase name="testAbaNumberCheck_18377_good" classname="com.cardatechnologies.utils.validators.abaroutevalidator.Test_AbaRouteValidator_09" time="0.031"/>
  <testcase name="testAbaNumberCheck_19975_good" classname="com.cardatechnologies.utils.validators.abaroutevalidator.Test_AbaRouteValidator_09" time="0.024"/>
  <testcase name="testAbaNumberCheck_19849_good" classname="com.cardatechnologies.utils.validators.abaroutevalidator.Test_AbaRouteValidator_09" time="0.021"/>
  <testcase name="testAbaNumberCheck_18909_good" classname="com.cardatechnologies.utils.validators.abaroutevalidator.Test_AbaRouteValidator_09" time="0.018"/>
  <testcase name="testAbaNumberCheck_18873_good" classname="com.cardatechnologies.utils.validators.abaroutevalidator.Test_AbaRouteValidator_09" time="0.018"/>
  <testcase name="testAbaNumberCheck_17933_good" classname="com.cardatechnologies.utils.validators.abaroutevalidator.Test_AbaRouteValidator_09" time="0.018"/>
  <testcase name="testAbaNumberCheck_18089_good" classname="com.cardatechnologies.utils.validators.abaroutevalidator.Test_AbaRouteValidator_09" time="0.018"/>
  <testcase name="testAbaNumberCheck_19687_good" classname="com.cardatechnologies.utils.validators.abaroutevalidator.Test_AbaRouteValidator_09" time="0.018"/>
  <testcase name="testAbaNumberCheck_18747_good" classname="com.cardatechnologies.utils.validators.abaroutevalidator.Test_AbaRouteValidator_09" time="0.019"/>
  <testcase name="testAbaNumberCheck_17807_good" classname="com.cardatechnologies.utils.validators.abaroutevalidator.Test_AbaRouteValidator_09" time="0.018"/>
  <testcase name="testAbaNumberCheck_19220_bad" classname="com.cardatechnologies.utils.validators.abaroutevalidator.Test_AbaRouteValidator_09" time="0.019"/>
  <testcase name="testAbaNumberCheck_19222_bad" classname="com.cardatechnologies.utils.validators.abaroutevalidator.Test_AbaRouteValidator_09" time="0.018"/>
  <testcase name="testAbaNumberCheck_17771_good" classname="com.cardatechnologies.utils.validators.abaroutevalidator.Test_AbaRouteValidator_09" time="0.018"/>
  <testcase name="testAbaNumberCheck_18410_bad" classname="com.cardatechnologies.utils.validators.abaroutevalidator.Test_AbaRouteValidator_09" time="0.018"/>
  <testcase name="testAbaNumberCheck_19224_bad" classname="com.cardatechnologies.utils.validators.abaroutevalidator.Test_AbaRouteValidator_09" time="0.019"/>
  <testcase name="testAbaNumberCheck_18412_bad" classname="com.cardatechnologies.utils.validators.abaroutevalidator.Test_AbaRouteValidator_09" time="0.018"/>
  <testcase name="testAbaNumberCheck_19226_bad" classname="com.cardatechnologies.utils.validators.abaroutevalidator.Test_AbaRouteValidator_09" time="0.018"/>
  <testcase name="testAbaNumberCheck_18585_good" classname="com.cardatechnologies.utils.validators.abaroutevalidator.Test_AbaRouteValidator_09" time="0.018"/>
  <testcase name="testAbaNumberCheck_17645_good" classname="com.cardatechnologies.utils.validators.abaroutevalidator.Test_AbaRouteValidator_09" time="0.018"/>
  <testcase name="testAbaNumberCheck_17600_bad" classname="com.cardatechnologies.utils.validators.abaroutevalidator.Test_AbaRouteValidator_09" time="0.019"/>
  <testcase name="testAbaNumberCheck_18414_bad" classname="com.cardatechnologies.utils.validators.abaroutevalidator.Test_AbaRouteValidator_09" time="0.018"/>
  <testcase name="testAbaNumberCheck_19228_bad" classname="com.cardatechnologies.utils.validators.abaroutevalidator.Test_AbaRouteValidator_09" time="0.018"/>
  <testcase name="testAbaNumberCheck_17602_bad" classname="com.cardatechnologies.utils.validators.abaroutevalidator.Test_AbaRouteValidator_09" time="0.017"/>
  <testcase name="testAbaNumberCheck_18416_bad" classname="com.cardatechnologies.utils.validators.abaroutevalidator.Test_AbaRouteValidator_09" time="0.018"/>
  <testcase name="testAbaNumberCheck_19399_good" classname="com.cardatechnologies.utils.validators.abaroutevalidator.Test_AbaRouteValidator_09" time="0.017"/>
  <testcase name="testAbaNumberCheck_18459_good" classname="com.cardatechnologies.utils.validators.abaroutevalidator.Test_AbaRouteValidator_09" time="0.018"/>
  <testcase name="testAbaNumberCheck_17604_bad" classname="com.cardatechnologies.utils.validators.abaroutevalidator.Test_AbaRouteValidator_09" time="0.018"/>
  <testcase name="testAbaNumberCheck_18418_bad" classname="com.cardatechnologies.utils.validators.abaroutevalidator.Test_AbaRouteValidator_09" time="0.018"/>
  <testcase name="testAbaNumberCheck_17606_bad" classname="com.cardatechnologies.utils.validators.abaroutevalidator.Test_AbaRouteValidator_09" time="0.026"/>
  <testcase name="testAbaNumberCheck_17608_bad" classname="com.cardatechnologies.utils.validators.abaroutevalidator.Test_AbaRouteValidator_09" time="0.025"/>
  <testcase name="testAbaNumberCheck_18297_good" classname="com.cardatechnologies.utils.validators.abaroutevalidator.Test_AbaRouteValidator_09" time="0.02"/>
  <testcase name="testAbaNumberCheck_19895_good" classname="com.cardatechnologies.utils.validators.abaroutevalidator.Test_AbaRouteValidator_09" time="0.019"/>
  <testcase name="testAbaNumberCheck_18955_good" classname="com.cardatechnologies.utils.validators.abaroutevalidator.Test_AbaRouteValidator_09" time="0.018"/>
  <testcase name="testAbaNumberCheck_19769_good" classname="com.cardatechnologies.utils.validators.abaroutevalidator.Test_AbaRouteValidator_09" time="0.018"/>
  <testcase name="testAbaNumberCheck_18829_good" classname="com.cardatechnologies.utils.validators.abaroutevalidator.Test_AbaRouteValidator_09" time="0.018"/>
  <testcase name="testAbaNumberCheck_18793_good" classname="com.cardatechnologies.utils.validators.abaroutevalidator.Test_AbaRouteValidator_09" time="0.018"/>
  <testcase name="testAbaNumberCheck_17853_good" classname="com.cardatechnologies.utils.validators.abaroutevalidator.Test_AbaRouteValidator_09" time="0.018"/>
  <testcase name="testAbaNumberCheck_19230_bad" classname="com.cardatechnologies.utils.validators.abaroutevalidator.Test_AbaRouteValidator_09" time="0.017"/>
  <testcase name="testAbaNumberCheck_19232_bad" classname="com.cardatechnologies.utils.validators.abaroutevalidator.Test_AbaRouteValidator_09" time="0.019"/>
  <testcase name="testAbaNumberCheck_18667_good" classname="com.cardatechnologies.utils.validators.abaroutevalidator.Test_AbaRouteValidator_09" time="0.018"/>
  <testcase name="testAbaNumberCheck_17727_good" classname="com.cardatechnologies.utils.validators.abaroutevalidator.Test_AbaRouteValidator_09" time="0.019"/>
  <testcase name="testAbaNumberCheck_18420_bad" classname="com.cardatechnologies.utils.validators.abaroutevalidator.Test_AbaRouteValidator_09" time="0.018"/>
  <testcase name="testAbaNumberCheck_19234_bad" classname="com.cardatechnologies.utils.validators.abaroutevalidator.Test_AbaRouteValidator_09" time="0.021"/>
  <testcase name="testAbaNumberCheck_18422_bad" classname="com.cardatechnologies.utils.validators.abaroutevalidator.Test_AbaRouteValidator_09" time="0.02"/>
  <testcase name="testAbaNumberCheck_19236_bad" classname="com.cardatechnologies.utils.validators.abaroutevalidator.Test_AbaRouteValidator_09" time="0.019"/>
  <testcase name="testAbaNumberCheck_17691_good" classname="com.cardatechnologies.utils.validators.abaroutevalidator.Test_AbaRouteValidator_09" time="0.02"/>
  <testcase name="testAbaNumberCheck_17610_bad" classname="com.cardatechnologies.utils.validators.abaroutevalidator.Test_AbaRouteValidator_09" time="0.02"/>
  <testcase name="testAbaNumberCheck_18424_bad" classname="com.cardatechnologies.utils.validators.abaroutevalidator.Test_AbaRouteValidator_09" time="0.019"/>
  <testcase name="testAbaNumberCheck_19238_bad" classname="com.cardatechnologies.utils.validators.abaroutevalidator.Test_AbaRouteValidator_09" time="0.018"/>
  <testcase name="testAbaNumberCheck_17612_bad" classname="com.cardatechnologies.utils.validators.abaroutevalidator.Test_AbaRouteValidator_09" time="0.018"/>
  <testcase name="testAbaNumberCheck_18426_bad" classname="com.cardatechnologies.utils.validators.abaroutevalidator.Test_AbaRouteValidator_09" time="0.018"/>
  <testcase name="testAbaNumberCheck_17565_good" classname="com.cardatechnologies.utils.validators.abaroutevalidator.Test_AbaRouteValidator_09" time="0.02"/>
  <testcase name="testAbaNumberCheck_17614_bad" classname="com.cardatechnologies.utils.validators.abaroutevalidator.Test_AbaRouteValidator_09" time="0.02"/>
  <testcase name="testAbaNumberCheck_18428_bad" classname="com.cardatechnologies.utils.validators.abaroutevalidator.Test_AbaRouteValidator_09" time="0.02"/>
  <testcase name="testAbaNumberCheck_17616_bad" classname="com.cardatechnologies.utils.validators.abaroutevalidator.Test_AbaRouteValidator_09" time="0.019"/>
  <testcase name="testAbaNumberCheck_18379_good" classname="com.cardatechnologies.utils.validators.abaroutevalidator.Test_AbaRouteValidator_09" time="0.027"/>
  <testcase name="testAbaNumberCheck_17618_bad" classname="com.cardatechnologies.utils.validators.abaroutevalidator.Test_AbaRouteValidator_09" time="0.029"/>
  <testcase name="testAbaNumberCheck_19977_good" classname="com.cardatechnologies.utils.validators.abaroutevalidator.Test_AbaRouteValidator_09" time="0.019"/>
  <testcase name="testAbaNumberCheck_18875_good" classname="com.cardatechnologies.utils.validators.abaroutevalidator.Test_AbaRouteValidator_09" time="0.02"/>
  <testcase name="testAbaNumberCheck_17935_good" classname="com.cardatechnologies.utils.validators.abaroutevalidator.Test_AbaRouteValidator_09" time="0.02"/>
  <testcase name="testAbaNumberCheck_19689_good" classname="com.cardatechnologies.utils.validators.abaroutevalidator.Test_AbaRouteValidator_09" time="0.019"/>
  <testcase name="testAbaNumberCheck_18749_good" classname="com.cardatechnologies.utils.validators.abaroutevalidator.Test_AbaRouteValidator_09" time="0.019"/>
  <testcase name="testAbaNumberCheck_17809_good" classname="com.cardatechnologies.utils.validators.abaroutevalidator.Test_AbaRouteValidator_09" time="0.019"/>
  <testcase name="testAbaNumberCheck_19240_bad" classname="com.cardatechnologies.utils.validators.abaroutevalidator.Test_AbaRouteValidator_09" time="0.02"/>
  <testcase name="testAbaNumberCheck_19242_bad" classname="com.cardatechnologies.utils.validators.abaroutevalidator.Test_AbaRouteValidator_09" time="0.019"/>
  <testcase name="testAbaNumberCheck_17773_good" classname="com.cardatechnologies.utils.validators.abaroutevalidator.Test_AbaRouteValidator_09" time="0.02"/>
  <testcase name="testAbaNumberCheck_18430_bad" classname="com.cardatechnologies.utils.validators.abaroutevalidator.Test_AbaRouteValidator_09" time="0.02"/>
  <testcase name="testAbaNumberCheck_19244_bad" classname="com.cardatechnologies.utils.validators.abaroutevalidator.Test_AbaRouteValidator_09" time="0.02"/>
  <testcase name="testAbaNumberCheck_18432_bad" classname="com.cardatechnologies.utils.validators.abaroutevalidator.Test_AbaRouteValidator_09" time="0.019"/>
  <testcase name="testAbaNumberCheck_19246_bad" classname="com.cardatechnologies.utils.validators.abaroutevalidator.Test_AbaRouteValidator_09" time="0.019"/>
  <testcase name="testAbaNumberCheck_18587_good" classname="com.cardatechnologies.utils.validators.abaroutevalidator.Test_AbaRouteValidator_09" time="0.02"/>
  <testcase name="testAbaNumberCheck_17647_good" classname="com.cardatechnologies.utils.validators.abaroutevalidator.Test_AbaRouteValidator_09" time="0.019"/>
  <testcase name="testAbaNumberCheck_17620_bad" classname="com.cardatechnologies.utils.validators.abaroutevalidator.Test_AbaRouteValidator_09" time="0.021"/>
  <testcase name="testAbaNumberCheck_18434_bad" classname="com.cardatechnologies.utils.validators.abaroutevalidator.Test_AbaRouteValidator_09" time="0.019"/>
  <testcase name="testAbaNumberCheck_19248_bad" classname="com.cardatechnologies.utils.validators.abaroutevalidator.Test_AbaRouteValidator_09" time="0.02"/>
  <testcase name="testAbaNumberCheck_17622_bad" classname="com.cardatechnologies.utils.validators.abaroutevalidator.Test_AbaRouteValidator_09" time="0.019"/>
  <testcase name="testAbaNumberCheck_18436_bad" classname="com.cardatechnologies.utils.validators.abaroutevalidator.Test_AbaRouteValidator_09" time="0.02"/>
  <testcase name="testAbaNumberCheck_17624_bad" classname="com.cardatechnologies.utils.validators.abaroutevalidator.Test_AbaRouteValidator_09" time="0.019"/>
  <testcase name="testAbaNumberCheck_18438_bad" classname="com.cardatechnologies.utils.validators.abaroutevalidator.Test_AbaRouteValidator_09" time="0.02"/>
  <testcase name="testAbaNumberCheck_17626_bad" classname="com.cardatechnologies.utils.validators.abaroutevalidator.Test_AbaRouteValidator_09" time="0.018"/>
  <testcase name="testAbaNumberCheck_17628_bad" classname="com.cardatechnologies.utils.validators.abaroutevalidator.Test_AbaRouteValidator_09" time="0.019"/>
  <testcase name="testAbaNumberCheck_18299_good" classname="com.cardatechnologies.utils.validators.abaroutevalidator.Test_AbaRouteValidator_09" time="0.025"/>
  <testcase name="testAbaNumberCheck_19897_good" classname="com.cardatechnologies.utils.validators.abaroutevalidator.Test_AbaRouteValidator_09" time="0.025"/>
  <testcase name="testAbaNumberCheck_18957_good" classname="com.cardatechnologies.utils.validators.abaroutevalidator.Test_AbaRouteValidator_09" time="0.017"/>
  <testcase name="testAbaNumberCheck_17981_good" classname="com.cardatechnologies.utils.validators.abaroutevalidator.Test_AbaRouteValidator_09" time="0.018"/>
  <testcase name="testAbaNumberCheck_18795_good" classname="com.cardatechnologies.utils.validators.abaroutevalidator.Test_AbaRouteValidator_09" time="0.018"/>
  <testcase name="testAbaNumberCheck_17855_good" classname="com.cardatechnologies.utils.validators.abaroutevalidator.Test_AbaRouteValidator_09" time="0.019"/>
  <testcase name="testAbaNumberCheck_19700_bad" classname="com.cardatechnologies.utils.validators.abaroutevalidator.Test_AbaRouteValidator_09" time="0.018"/>
  <testcase name="testAbaNumberCheck_19250_bad" classname="com.cardatechnologies.utils.validators.abaroutevalidator.Test_AbaRouteValidator_09" time="0.017"/>
  <testcase name="testAbaNumberCheck_19702_bad" classname="com.cardatechnologies.utils.validators.abaroutevalidator.Test_AbaRouteValidator_09" time="0.018"/>
  <testcase name="testAbaNumberCheck_19252_bad" classname="com.cardatechnologies.utils.validators.abaroutevalidator.Test_AbaRouteValidator_09" time="0.018"/>
  <testcase name="testAbaNumberCheck_18669_good" classname="com.cardatechnologies.utils.validators.abaroutevalidator.Test_AbaRouteValidator_09" time="0.018"/>
  <testcase name="testAbaNumberCheck_17729_good" classname="com.cardatechnologies.utils.validators.abaroutevalidator.Test_AbaRouteValidator_09" time="0.017"/>
  <testcase name="testAbaNumberCheck_19704_bad" classname="com.cardatechnologies.utils.validators.abaroutevalidator.Test_AbaRouteValidator_09" time="0.018"/>
  <testcase name="testAbaNumberCheck_18440_bad" classname="com.cardatechnologies.utils.validators.abaroutevalidator.Test_AbaRouteValidator_09" time="0.018"/>
  <testcase name="testAbaNumberCheck_19254_bad" classname="com.cardatechnologies.utils.validators.abaroutevalidator.Test_AbaRouteValidator_09" time="0.018"/>
  <testcase name="testAbaNumberCheck_19706_bad" classname="com.cardatechnologies.utils.validators.abaroutevalidator.Test_AbaRouteValidator_09" time="0.018"/>
  <testcase name="testAbaNumberCheck_18442_bad" classname="com.cardatechnologies.utils.validators.abaroutevalidator.Test_AbaRouteValidator_09" time="0.018"/>
  <testcase name="testAbaNumberCheck_19256_bad" classname="com.cardatechnologies.utils.validators.abaroutevalidator.Test_AbaRouteValidator_09" time="0.018"/>
  <testcase name="testAbaNumberCheck_17693_good" classname="com.cardatechnologies.utils.validators.abaroutevalidator.Test_AbaRouteValidator_09" time="0.018"/>
  <testcase name="testAbaNumberCheck_19708_bad" classname="com.cardatechnologies.utils.validators.abaroutevalidator.Test_AbaRouteValidator_09" time="0.018"/>
  <testcase name="testAbaNumberCheck_17630_bad" classname="com.cardatechnologies.utils.validators.abaroutevalidator.Test_AbaRouteValidator_09" time="0.018"/>
  <testcase name="testAbaNumberCheck_18444_bad" classname="com.cardatechnologies.utils.validators.abaroutevalidator.Test_AbaRouteValidator_09" time="0.018"/>
  <testcase name="testAbaNumberCheck_19258_bad" classname="com.cardatechnologies.utils.validators.abaroutevalidator.Test_AbaRouteValidator_09" time="0.019"/>
  <testcase name="testAbaNumberCheck_17632_bad" classname="com.cardatechnologies.utils.validators.abaroutevalidator.Test_AbaRouteValidator_09" time="0.018"/>
  <testcase name="testAbaNumberCheck_18446_bad" classname="com.cardatechnologies.utils.validators.abaroutevalidator.Test_AbaRouteValidator_09" time="0.018"/>
  <testcase name="testAbaNumberCheck_17567_good" classname="com.cardatechnologies.utils.validators.abaroutevalidator.Test_AbaRouteValidator_09" time="0.018"/>
  <testcase name="testAbaNumberCheck_17634_bad" classname="com.cardatechnologies.utils.validators.abaroutevalidator.Test_AbaRouteValidator_09" time="0.017"/>
  <testcase name="testAbaNumberCheck_18448_bad" classname="com.cardatechnologies.utils.validators.abaroutevalidator.Test_AbaRouteValidator_09" time="0.019"/>
  <testcase name="testAbaNumberCheck_17636_bad" classname="com.cardatechnologies.utils.validators.abaroutevalidator.Test_AbaRouteValidator_09" time="0.026"/>
  <testcase name="testAbaNumberCheck_17638_bad" classname="com.cardatechnologies.utils.validators.abaroutevalidator.Test_AbaRouteValidator_09" time="0.023"/>
  <testcase name="testAbaNumberCheck_19979_good" classname="com.cardatechnologies.utils.validators.abaroutevalidator.Test_AbaRouteValidator_09" time="0.022"/>
  <testcase name="testAbaNumberCheck_18877_good" classname="com.cardatechnologies.utils.validators.abaroutevalidator.Test_AbaRouteValidator_09" time="0.017"/>
  <testcase name="testAbaNumberCheck_17937_good" classname="com.cardatechnologies.utils.validators.abaroutevalidator.Test_AbaRouteValidator_09" time="0.019"/>
  <testcase name="testAbaNumberCheck_19710_bad" classname="com.cardatechnologies.utils.validators.abaroutevalidator.Test_AbaRouteValidator_09" time="0.017"/>
  <testcase name="testAbaNumberCheck_19260_bad" classname="com.cardatechnologies.utils.validators.abaroutevalidator.Test_AbaRouteValidator_09" time="0.018"/>
  <testcase name="testAbaNumberCheck_19712_bad" classname="com.cardatechnologies.utils.validators.abaroutevalidator.Test_AbaRouteValidator_09" time="0.017"/>
  <testcase name="testAbaNumberCheck_19262_bad" classname="com.cardatechnologies.utils.validators.abaroutevalidator.Test_AbaRouteValidator_09" time="0.019"/>
  <testcase name="testAbaNumberCheck_17775_good" classname="com.cardatechnologies.utils.validators.abaroutevalidator.Test_AbaRouteValidator_09" time="0.017"/>
  <testcase name="testAbaNumberCheck_18900_bad" classname="com.cardatechnologies.utils.validators.abaroutevalidator.Test_AbaRouteValidator_09" time="0.018"/>
  <testcase name="testAbaNumberCheck_19714_bad" classname="com.cardatechnologies.utils.validators.abaroutevalidator.Test_AbaRouteValidator_09" time="0.018"/>
  <testcase name="testAbaNumberCheck_18450_bad" classname="com.cardatechnologies.utils.validators.abaroutevalidator.Test_AbaRouteValidator_09" time="0.017"/>
  <testcase name="testAbaNumberCheck_19264_bad" classname="com.cardatechnologies.utils.validators.abaroutevalidator.Test_AbaRouteValidator_09" time="0.018"/>
  <testcase name="testAbaNumberCheck_18902_bad" classname="com.cardatechnologies.utils.validators.abaroutevalidator.Test_AbaRouteValidator_09" time="0.018"/>
  <testcase name="testAbaNumberCheck_19716_bad" classname="com.cardatechnologies.utils.validators.abaroutevalidator.Test_AbaRouteValidator_09" time="0.018"/>
  <testcase name="testAbaNumberCheck_18452_bad" classname="com.cardatechnologies.utils.validators.abaroutevalidator.Test_AbaRouteValidator_09" time="0.018"/>
  <testcase name="testAbaNumberCheck_19266_bad" classname="com.cardatechnologies.utils.validators.abaroutevalidator.Test_AbaRouteValidator_09" time="0.018"/>
  <testcase name="testAbaNumberCheck_18589_good" classname="com.cardatechnologies.utils.validators.abaroutevalidator.Test_AbaRouteValidator_09" time="0.017"/>
  <testcase name="testAbaNumberCheck_17649_good" classname="com.cardatechnologies.utils.validators.abaroutevalidator.Test_AbaRouteValidator_09" time="0.019"/>
  <testcase name="testAbaNumberCheck_18904_bad" classname="com.cardatechnologies.utils.validators.abaroutevalidator.Test_AbaRouteValidator_09" time="0.018"/>
  <testcase name="testAbaNumberCheck_19718_bad" classname="com.cardatechnologies.utils.validators.abaroutevalidator.Test_AbaRouteValidator_09" time="0.018"/>
  <testcase name="testAbaNumberCheck_17640_bad" classname="com.cardatechnologies.utils.validators.abaroutevalidator.Test_AbaRouteValidator_09" time="0.024"/>
  <testcase name="testAbaNumberCheck_18454_bad" classname="com.cardatechnologies.utils.validators.abaroutevalidator.Test_AbaRouteValidator_09" time="0.021"/>
  <testcase name="testAbaNumberCheck_19268_bad" classname="com.cardatechnologies.utils.validators.abaroutevalidator.Test_AbaRouteValidator_09" time="0.02"/>
  <testcase name="testAbaNumberCheck_18906_bad" classname="com.cardatechnologies.utils.validators.abaroutevalidator.Test_AbaRouteValidator_09" time="0.022"/>
  <testcase name="testAbaNumberCheck_17642_bad" classname="com.cardatechnologies.utils.validators.abaroutevalidator.Test_AbaRouteValidator_09" time="0.019"/>
  <testcase name="testAbaNumberCheck_18456_bad" classname="com.cardatechnologies.utils.validators.abaroutevalidator.Test_AbaRouteValidator_09" time="0.024"/>
  <testcase name="testAbaNumberCheck_18908_bad" classname="com.cardatechnologies.utils.validators.abaroutevalidator.Test_AbaRouteValidator_09" time="0.024"/>
  <testcase name="testAbaNumberCheck_17644_bad" classname="com.cardatechnologies.utils.validators.abaroutevalidator.Test_AbaRouteValidator_09" time="0.026"/>
  <testcase name="testAbaNumberCheck_18458_bad" classname="com.cardatechnologies.utils.validators.abaroutevalidator.Test_AbaRouteValidator_09" time="0.02"/>
  <testcase name="testAbaNumberCheck_17646_bad" classname="com.cardatechnologies.utils.validators.abaroutevalidator.Test_AbaRouteValidator_09" time="0.021"/>
  <testcase name="testAbaNumberCheck_17648_bad" classname="com.cardatechnologies.utils.validators.abaroutevalidator.Test_AbaRouteValidator_09" time="0.021"/>
  <testcase name="testAbaNumberCheck_19899_good" classname="com.cardatechnologies.utils.validators.abaroutevalidator.Test_AbaRouteValidator_09" time="0.02"/>
  <testcase name="testAbaNumberCheck_18959_good" classname="com.cardatechnologies.utils.validators.abaroutevalidator.Test_AbaRouteValidator_09" time="0.019"/>
  <testcase name="testAbaNumberCheck_17983_good" classname="com.cardatechnologies.utils.validators.abaroutevalidator.Test_AbaRouteValidator_09" time="0.018"/>
  <testcase name="testAbaNumberCheck_18797_good" classname="com.cardatechnologies.utils.validators.abaroutevalidator.Test_AbaRouteValidator_09" time="0.018"/>
  <testcase name="testAbaNumberCheck_17857_good" classname="com.cardatechnologies.utils.validators.abaroutevalidator.Test_AbaRouteValidator_09" time="0.018"/>
  <testcase name="testAbaNumberCheck_19720_bad" classname="com.cardatechnologies.utils.validators.abaroutevalidator.Test_AbaRouteValidator_09" time="0.018"/>
  <testcase name="testAbaNumberCheck_19270_bad" classname="com.cardatechnologies.utils.validators.abaroutevalidator.Test_AbaRouteValidator_09" time="0.017"/>
  <testcase name="testAbaNumberCheck_19722_bad" classname="com.cardatechnologies.utils.validators.abaroutevalidator.Test_AbaRouteValidator_09" time="0.018"/>
  <testcase name="testAbaNumberCheck_19272_bad" classname="com.cardatechnologies.utils.validators.abaroutevalidator.Test_AbaRouteValidator_09" time="0.018"/>
  <testcase name="testAbaNumberCheck_18910_bad" classname="com.cardatechnologies.utils.validators.abaroutevalidator.Test_AbaRouteValidator_09" time="0.017"/>
  <testcase name="testAbaNumberCheck_19724_bad" classname="com.cardatechnologies.utils.validators.abaroutevalidator.Test_AbaRouteValidator_09" time="0.018"/>
  <testcase name="testAbaNumberCheck_18460_bad" classname="com.cardatechnologies.utils.validators.abaroutevalidator.Test_AbaRouteValidator_09" time="0.018"/>
  <testcase name="testAbaNumberCheck_19274_bad" classname="com.cardatechnologies.utils.validators.abaroutevalidator.Test_AbaRouteValidator_09" time="0.019"/>
  <testcase name="testAbaNumberCheck_18912_bad" classname="com.cardatechnologies.utils.validators.abaroutevalidator.Test_AbaRouteValidator_09" time="0.018"/>
  <testcase name="testAbaNumberCheck_19726_bad" classname="com.cardatechnologies.utils.validators.abaroutevalidator.Test_AbaRouteValidator_09" time="0.018"/>
  <testcase name="testAbaNumberCheck_18462_bad" classname="com.cardatechnologies.utils.validators.abaroutevalidator.Test_AbaRouteValidator_09" time="0.017"/>
  <testcase name="testAbaNumberCheck_19276_bad" classname="com.cardatechnologies.utils.validators.abaroutevalidator.Test_AbaRouteValidator_09" time="0.018"/>
  <testcase name="testAbaNumberCheck_17695_good" classname="com.cardatechnologies.utils.validators.abaroutevalidator.Test_AbaRouteValidator_09" time="0.019"/>
  <testcase name="testAbaNumberCheck_18914_bad" classname="com.cardatechnologies.utils.validators.abaroutevalidator.Test_AbaRouteValidator_09" time="0.017"/>
  <testcase name="testAbaNumberCheck_19728_bad" classname="com.cardatechnologies.utils.validators.abaroutevalidator.Test_AbaRouteValidator_09" time="0.018"/>
  <testcase name="testAbaNumberCheck_17650_bad" classname="com.cardatechnologies.utils.validators.abaroutevalidator.Test_AbaRouteValidator_09" time="0.017"/>
  <testcase name="testAbaNumberCheck_18464_bad" classname="com.cardatechnologies.utils.validators.abaroutevalidator.Test_AbaRouteValidator_09" time="0.022"/>
  <testcase name="testAbaNumberCheck_19278_bad" classname="com.cardatechnologies.utils.validators.abaroutevalidator.Test_AbaRouteValidator_09" time="0.021"/>
  <testcase name="testAbaNumberCheck_18916_bad" classname="com.cardatechnologies.utils.validators.abaroutevalidator.Test_AbaRouteValidator_09" time="0.028"/>
  <testcase name="testAbaNumberCheck_17652_bad" classname="com.cardatechnologies.utils.validators.abaroutevalidator.Test_AbaRouteValidator_09" time="0.018"/>
  <testcase name="testAbaNumberCheck_18466_bad" classname="com.cardatechnologies.utils.validators.abaroutevalidator.Test_AbaRouteValidator_09" time="0.018"/>
  <testcase name="testAbaNumberCheck_17569_good" classname="com.cardatechnologies.utils.validators.abaroutevalidator.Test_AbaRouteValidator_09" time="0.018"/>
  <testcase name="testAbaNumberCheck_18918_bad" classname="com.cardatechnologies.utils.validators.abaroutevalidator.Test_AbaRouteValidator_09" time="0.018"/>
  <testcase name="testAbaNumberCheck_17654_bad" classname="com.cardatechnologies.utils.validators.abaroutevalidator.Test_AbaRouteValidator_09" time="0.017"/>
  <testcase name="testAbaNumberCheck_18468_bad" classname="com.cardatechnologies.utils.validators.abaroutevalidator.Test_AbaRouteValidator_09" time="0.018"/>
  <testcase name="testAbaNumberCheck_17656_bad" classname="com.cardatechnologies.utils.validators.abaroutevalidator.Test_AbaRouteValidator_09" time="0.018"/>
  <testcase name="testAbaNumberCheck_17658_bad" classname="com.cardatechnologies.utils.validators.abaroutevalidator.Test_AbaRouteValidator_09" time="0.018"/>
  <testcase name="testAbaNumberCheck_18879_good" classname="com.cardatechnologies.utils.validators.abaroutevalidator.Test_AbaRouteValidator_09" time="0.018"/>
  <testcase name="testAbaNumberCheck_17939_good" classname="com.cardatechnologies.utils.validators.abaroutevalidator.Test_AbaRouteValidator_09" time="0.018"/>
  <testcase name="testAbaNumberCheck_19730_bad" classname="com.cardatechnologies.utils.validators.abaroutevalidator.Test_AbaRouteValidator_09" time="0.018"/>
  <testcase name="testAbaNumberCheck_19280_bad" classname="com.cardatechnologies.utils.validators.abaroutevalidator.Test_AbaRouteValidator_09" time="0.017"/>
  <testcase name="testAbaNumberCheck_19732_bad" classname="com.cardatechnologies.utils.validators.abaroutevalidator.Test_AbaRouteValidator_09" time="0.018"/>
  <testcase name="testAbaNumberCheck_19282_bad" classname="com.cardatechnologies.utils.validators.abaroutevalidator.Test_AbaRouteValidator_09" time="0.018"/>
  <testcase name="testAbaNumberCheck_17777_good" classname="com.cardatechnologies.utils.validators.abaroutevalidator.Test_AbaRouteValidator_09" time="0.018"/>
  <testcase name="testAbaNumberCheck_18920_bad" classname="com.cardatechnologies.utils.validators.abaroutevalidator.Test_AbaRouteValidator_09" time="0.018"/>
  <testcase name="testAbaNumberCheck_19734_bad" classname="com.cardatechnologies.utils.validators.abaroutevalidator.Test_AbaRouteValidator_09" time="0.021"/>
  <testcase name="testAbaNumberCheck_18470_bad" classname="com.cardatechnologies.utils.validators.abaroutevalidator.Test_AbaRouteValidator_09" time="0.018"/>
  <testcase name="testAbaNumberCheck_19284_bad" classname="com.cardatechnologies.utils.validators.abaroutevalidator.Test_AbaRouteValidator_09" time="0.019"/>
  <testcase name="testAbaNumberCheck_18922_bad" classname="com.cardatechnologies.utils.validators.abaroutevalidator.Test_AbaRouteValidator_09" time="0.017"/>
  <testcase name="testAbaNumberCheck_19736_bad" classname="com.cardatechnologies.utils.validators.abaroutevalidator.Test_AbaRouteValidator_09" time="0.024"/>
  <testcase name="testAbaNumberCheck_18472_bad" classname="com.cardatechnologies.utils.validators.abaroutevalidator.Test_AbaRouteValidator_09" time="0.018"/>
  <testcase name="testAbaNumberCheck_19286_bad" classname="com.cardatechnologies.utils.validators.abaroutevalidator.Test_AbaRouteValidator_09" time="0.018"/>
  <testcase name="testAbaNumberCheck_18924_bad" classname="com.cardatechnologies.utils.validators.abaroutevalidator.Test_AbaRouteValidator_09" time="0.018"/>
  <testcase name="testAbaNumberCheck_19738_bad" classname="com.cardatechnologies.utils.validators.abaroutevalidator.Test_AbaRouteValidator_09" time="0.018"/>
  <testcase name="testAbaNumberCheck_17660_bad" classname="com.cardatechnologies.utils.validators.abaroutevalidator.Test_AbaRouteValidator_09" time="0.024"/>
  <testcase name="testAbaNumberCheck_18474_bad" classname="com.cardatechnologies.utils.validators.abaroutevalidator.Test_AbaRouteValidator_09" time="0.018"/>
  <testcase name="testAbaNumberCheck_19288_bad" classname="com.cardatechnologies.utils.validators.abaroutevalidator.Test_AbaRouteValidator_09" time="0.032"/>
  <testcase name="testAbaNumberCheck_18926_bad" classname="com.cardatechnologies.utils.validators.abaroutevalidator.Test_AbaRouteValidator_09" time="0.018"/>
  <testcase name="testAbaNumberCheck_17662_bad" classname="com.cardatechnologies.utils.validators.abaroutevalidator.Test_AbaRouteValidator_09" time="0.018"/>
  <testcase name="testAbaNumberCheck_18476_bad" classname="com.cardatechnologies.utils.validators.abaroutevalidator.Test_AbaRouteValidator_09" time="0.017"/>
  <testcase name="testAbaNumberCheck_18928_bad" classname="com.cardatechnologies.utils.validators.abaroutevalidator.Test_AbaRouteValidator_09" time="0.018"/>
  <testcase name="testAbaNumberCheck_17664_bad" classname="com.cardatechnologies.utils.validators.abaroutevalidator.Test_AbaRouteValidator_09" time="0.018"/>
  <testcase name="testAbaNumberCheck_18478_bad" classname="com.cardatechnologies.utils.validators.abaroutevalidator.Test_AbaRouteValidator_09" time="0.017"/>
  <testcase name="testAbaNumberCheck_17666_bad" classname="com.cardatechnologies.utils.validators.abaroutevalidator.Test_AbaRouteValidator_09" time="0.019"/>
  <testcase name="testAbaNumberCheck_17668_bad" classname="com.cardatechnologies.utils.validators.abaroutevalidator.Test_AbaRouteValidator_09" time="0.018"/>
  <testcase name="testAbaNumberCheck_17985_good" classname="com.cardatechnologies.utils.validators.abaroutevalidator.Test_AbaRouteValidator_09" time="0.018"/>
  <testcase name="testAbaNumberCheck_18799_good" classname="com.cardatechnologies.utils.validators.abaroutevalidator.Test_AbaRouteValidator_09" time="0.018"/>
  <testcase name="testAbaNumberCheck_17859_good" classname="com.cardatechnologies.utils.validators.abaroutevalidator.Test_AbaRouteValidator_09" time="0.018"/>
  <testcase name="testAbaNumberCheck_19740_bad" classname="com.cardatechnologies.utils.validators.abaroutevalidator.Test_AbaRouteValidator_09" time="0.018"/>
  <testcase name="testAbaNumberCheck_19290_bad" classname="com.cardatechnologies.utils.validators.abaroutevalidator.Test_AbaRouteValidator_09" time="0.018"/>
  <testcase name="testAbaNumberCheck_19742_bad" classname="com.cardatechnologies.utils.validators.abaroutevalidator.Test_AbaRouteValidator_09" time="0.018"/>
  <testcase name="testAbaNumberCheck_19292_bad" classname="com.cardatechnologies.utils.validators.abaroutevalidator.Test_AbaRouteValidator_09" time="0.017"/>
  <testcase name="testAbaNumberCheck_18930_bad" classname="com.cardatechnologies.utils.validators.abaroutevalidator.Test_AbaRouteValidator_09" time="0.018"/>
  <testcase name="testAbaNumberCheck_19744_bad" classname="com.cardatechnologies.utils.validators.abaroutevalidator.Test_AbaRouteValidator_09" time="0.019"/>
  <testcase name="testAbaNumberCheck_18480_bad" classname="com.cardatechnologies.utils.validators.abaroutevalidator.Test_AbaRouteValidator_09" time="0.017"/>
  <testcase name="testAbaNumberCheck_19294_bad" classname="com.cardatechnologies.utils.validators.abaroutevalidator.Test_AbaRouteValidator_09" time="0.018"/>
  <testcase name="testAbaNumberCheck_18932_bad" classname="com.cardatechnologies.utils.validators.abaroutevalidator.Test_AbaRouteValidator_09" time="0.018"/>
  <testcase name="testAbaNumberCheck_19746_bad" classname="com.cardatechnologies.utils.validators.abaroutevalidator.Test_AbaRouteValidator_09" time="0.017"/>
  <testcase name="testAbaNumberCheck_18482_bad" classname="com.cardatechnologies.utils.validators.abaroutevalidator.Test_AbaRouteValidator_09" time="0.019"/>
  <testcase name="testAbaNumberCheck_19296_bad" classname="com.cardatechnologies.utils.validators.abaroutevalidator.Test_AbaRouteValidator_09" time="0.018"/>
  <testcase name="testAbaNumberCheck_17697_good" classname="com.cardatechnologies.utils.validators.abaroutevalidator.Test_AbaRouteValidator_09" time="0.017"/>
  <testcase name="testAbaNumberCheck_18934_bad" classname="com.cardatechnologies.utils.validators.abaroutevalidator.Test_AbaRouteValidator_09" time="0.018"/>
  <testcase name="testAbaNumberCheck_19748_bad" classname="com.cardatechnologies.utils.validators.abaroutevalidator.Test_AbaRouteValidator_09" time="0.024"/>
  <testcase name="testAbaNumberCheck_17670_bad" classname="com.cardatechnologies.utils.validators.abaroutevalidator.Test_AbaRouteValidator_09" time="0.018"/>
  <testcase name="testAbaNumberCheck_18484_bad" classname="com.cardatechnologies.utils.validators.abaroutevalidator.Test_AbaRouteValidator_09" time="0.028"/>
  <testcase name="testAbaNumberCheck_19298_bad" classname="com.cardatechnologies.utils.validators.abaroutevalidator.Test_AbaRouteValidator_09" time="0.017"/>
  <testcase name="testAbaNumberCheck_18936_bad" classname="com.cardatechnologies.utils.validators.abaroutevalidator.Test_AbaRouteValidator_09" time="0.018"/>
  <testcase name="testAbaNumberCheck_17672_bad" classname="com.cardatechnologies.utils.validators.abaroutevalidator.Test_AbaRouteValidator_09" time="0.022"/>
  <testcase name="testAbaNumberCheck_18486_bad" classname="com.cardatechnologies.utils.validators.abaroutevalidator.Test_AbaRouteValidator_09" time="0.017"/>
  <testcase name="testAbaNumberCheck_18938_bad" classname="com.cardatechnologies.utils.validators.abaroutevalidator.Test_AbaRouteValidator_09" time="0.018"/>
  <testcase name="testAbaNumberCheck_17674_bad" classname="com.cardatechnologies.utils.validators.abaroutevalidator.Test_AbaRouteValidator_09" time="0.025"/>
  <testcase name="testAbaNumberCheck_18488_bad" classname="com.cardatechnologies.utils.validators.abaroutevalidator.Test_AbaRouteValidator_09" time="0.017"/>
  <testcase name="testAbaNumberCheck_17676_bad" classname="com.cardatechnologies.utils.validators.abaroutevalidator.Test_AbaRouteValidator_09" time="0.018"/>
  <testcase name="testAbaNumberCheck_17678_bad" classname="com.cardatechnologies.utils.validators.abaroutevalidator.Test_AbaRouteValidator_09" time="0.018"/>
  <testcase name="testAbaNumberCheck_19750_bad" classname="com.cardatechnologies.utils.validators.abaroutevalidator.Test_AbaRouteValidator_09" time="0.018"/>
  <testcase name="testAbaNumberCheck_19752_bad" classname="com.cardatechnologies.utils.validators.abaroutevalidator.Test_AbaRouteValidator_09" time="0.018"/>
  <testcase name="testAbaNumberCheck_17779_good" classname="com.cardatechnologies.utils.validators.abaroutevalidator.Test_AbaRouteValidator_09" time="0.018"/>
  <testcase name="testAbaNumberCheck_18940_bad" classname="com.cardatechnologies.utils.validators.abaroutevalidator.Test_AbaRouteValidator_09" time="0.018"/>
  <testcase name="testAbaNumberCheck_19754_bad" classname="com.cardatechnologies.utils.validators.abaroutevalidator.Test_AbaRouteValidator_09" time="0.018"/>
  <testcase name="testAbaNumberCheck_18490_bad" classname="com.cardatechnologies.utils.validators.abaroutevalidator.Test_AbaRouteValidator_09" time="0.017"/>
  <testcase name="testAbaNumberCheck_18942_bad" classname="com.cardatechnologies.utils.validators.abaroutevalidator.Test_AbaRouteValidator_09" time="0.018"/>
  <testcase name="testAbaNumberCheck_19756_bad" classname="com.cardatechnologies.utils.validators.abaroutevalidator.Test_AbaRouteValidator_09" time="0.018"/>
  <testcase name="testAbaNumberCheck_18492_bad" classname="com.cardatechnologies.utils.validators.abaroutevalidator.Test_AbaRouteValidator_09" time="0.018"/>
  <testcase name="testAbaNumberCheck_18944_bad" classname="com.cardatechnologies.utils.validators.abaroutevalidator.Test_AbaRouteValidator_09" time="0.018"/>
  <testcase name="testAbaNumberCheck_19758_bad" classname="com.cardatechnologies.utils.validators.abaroutevalidator.Test_AbaRouteValidator_09" time="0.018"/>
  <testcase name="testAbaNumberCheck_17680_bad" classname="com.cardatechnologies.utils.validators.abaroutevalidator.Test_AbaRouteValidator_09" time="0.018"/>
  <testcase name="testAbaNumberCheck_18494_bad" classname="com.cardatechnologies.utils.validators.abaroutevalidator.Test_AbaRouteValidator_09" time="0.018"/>
  <testcase name="testAbaNumberCheck_18946_bad" classname="com.cardatechnologies.utils.validators.abaroutevalidator.Test_AbaRouteValidator_09" time="0.017"/>
  <testcase name="testAbaNumberCheck_17682_bad" classname="com.cardatechnologies.utils.validators.abaroutevalidator.Test_AbaRouteValidator_09" time="0.018"/>
  <testcase name="testAbaNumberCheck_18496_bad" classname="com.cardatechnologies.utils.validators.abaroutevalidator.Test_AbaRouteValidator_09" time="0.023"/>
  <testcase name="testAbaNumberCheck_18948_bad" classname="com.cardatechnologies.utils.validators.abaroutevalidator.Test_AbaRouteValidator_09" time="0.021"/>
  <testcase name="testAbaNumberCheck_17684_bad" classname="com.cardatechnologies.utils.validators.abaroutevalidator.Test_AbaRouteValidator_09" time="0.021"/>
  <testcase name="testAbaNumberCheck_18498_bad" classname="com.cardatechnologies.utils.validators.abaroutevalidator.Test_AbaRouteValidator_09" time="0.025"/>
  <testcase name="testAbaNumberCheck_17686_bad" classname="com.cardatechnologies.utils.validators.abaroutevalidator.Test_AbaRouteValidator_09" time="0.017"/>
  <testcase name="testAbaNumberCheck_17688_bad" classname="com.cardatechnologies.utils.validators.abaroutevalidator.Test_AbaRouteValidator_09" time="0.019"/>
  <testcase name="testAbaNumberCheck_17987_good" classname="com.cardatechnologies.utils.validators.abaroutevalidator.Test_AbaRouteValidator_09" time="0.017"/>
  <testcase name="testAbaNumberCheck_19760_bad" classname="com.cardatechnologies.utils.validators.abaroutevalidator.Test_AbaRouteValidator_09" time="0.019"/>
  <testcase name="testAbaNumberCheck_19762_bad" classname="com.cardatechnologies.utils.validators.abaroutevalidator.Test_AbaRouteValidator_09" time="0.02"/>
  <testcase name="testAbaNumberCheck_18950_bad" classname="com.cardatechnologies.utils.validators.abaroutevalidator.Test_AbaRouteValidator_09" time="0.018"/>
  <testcase name="testAbaNumberCheck_19764_bad" classname="com.cardatechnologies.utils.validators.abaroutevalidator.Test_AbaRouteValidator_09" time="0.017"/>
  <testcase name="testAbaNumberCheck_18952_bad" classname="com.cardatechnologies.utils.validators.abaroutevalidator.Test_AbaRouteValidator_09" time="0.018"/>
  <testcase name="testAbaNumberCheck_19766_bad" classname="com.cardatechnologies.utils.validators.abaroutevalidator.Test_AbaRouteValidator_09" time="0.019"/>
  <testcase name="testAbaNumberCheck_17699_good" classname="com.cardatechnologies.utils.validators.abaroutevalidator.Test_AbaRouteValidator_09" time="0.018"/>
  <testcase name="testAbaNumberCheck_18954_bad" classname="com.cardatechnologies.utils.validators.abaroutevalidator.Test_AbaRouteValidator_09" time="0.018"/>
  <testcase name="testAbaNumberCheck_19768_bad" classname="com.cardatechnologies.utils.validators.abaroutevalidator.Test_AbaRouteValidator_09" time="0.018"/>
  <testcase name="testAbaNumberCheck_17690_bad" classname="com.cardatechnologies.utils.validators.abaroutevalidator.Test_AbaRouteValidator_09" time="0.018"/>
  <testcase name="testAbaNumberCheck_18956_bad" classname="com.cardatechnologies.utils.validators.abaroutevalidator.Test_AbaRouteValidator_09" time="0.018"/>
  <testcase name="testAbaNumberCheck_17692_bad" classname="com.cardatechnologies.utils.validators.abaroutevalidator.Test_AbaRouteValidator_09" time="0.018"/>
  <testcase name="testAbaNumberCheck_18958_bad" classname="com.cardatechnologies.utils.validators.abaroutevalidator.Test_AbaRouteValidator_09" time="0.018"/>
  <testcase name="testAbaNumberCheck_17694_bad" classname="com.cardatechnologies.utils.validators.abaroutevalidator.Test_AbaRouteValidator_09" time="0.018"/>
  <testcase name="testAbaNumberCheck_17696_bad" classname="com.cardatechnologies.utils.validators.abaroutevalidator.Test_AbaRouteValidator_09" time="0.019"/>
  <testcase name="testAbaNumberCheck_17698_bad" classname="com.cardatechnologies.utils.validators.abaroutevalidator.Test_AbaRouteValidator_09" time="0.017"/>
  <testcase name="testAbaNumberCheck_19770_bad" classname="com.cardatechnologies.utils.validators.abaroutevalidator.Test_AbaRouteValidator_09" time="0.018"/>
  <testcase name="testAbaNumberCheck_19772_bad" classname="com.cardatechnologies.utils.validators.abaroutevalidator.Test_AbaRouteValidator_09" time="0.017"/>
  <testcase name="testAbaNumberCheck_18960_bad" classname="com.cardatechnologies.utils.validators.abaroutevalidator.Test_AbaRouteValidator_09" time="0.018"/>
  <testcase name="testAbaNumberCheck_19774_bad" classname="com.cardatechnologies.utils.validators.abaroutevalidator.Test_AbaRouteValidator_09" time="0.018"/>
  <testcase name="testAbaNumberCheck_18962_bad" classname="com.cardatechnologies.utils.validators.abaroutevalidator.Test_AbaRouteValidator_09" time="0.018"/>
  <testcase name="testAbaNumberCheck_19776_bad" classname="com.cardatechnologies.utils.validators.abaroutevalidator.Test_AbaRouteValidator_09" time="0.021"/>
  <testcase name="testAbaNumberCheck_18964_bad" classname="com.cardatechnologies.utils.validators.abaroutevalidator.Test_AbaRouteValidator_09" time="0.021"/>
  <testcase name="testAbaNumberCheck_19778_bad" classname="com.cardatechnologies.utils.validators.abaroutevalidator.Test_AbaRouteValidator_09" time="0.021"/>
  <testcase name="testAbaNumberCheck_18966_bad" classname="com.cardatechnologies.utils.validators.abaroutevalidator.Test_AbaRouteValidator_09" time="0.024"/>
  <testcase name="testAbaNumberCheck_18968_bad" classname="com.cardatechnologies.utils.validators.abaroutevalidator.Test_AbaRouteValidator_09" time="0.018"/>
  <testcase name="testAbaNumberCheck_17989_good" classname="com.cardatechnologies.utils.validators.abaroutevalidator.Test_AbaRouteValidator_09" time="0.018"/>
  <testcase name="testAbaNumberCheck_19780_bad" classname="com.cardatechnologies.utils.validators.abaroutevalidator.Test_AbaRouteValidator_09" time="0.018"/>
  <testcase name="testAbaNumberCheck_19782_bad" classname="com.cardatechnologies.utils.validators.abaroutevalidator.Test_AbaRouteValidator_09" time="0.018"/>
  <testcase name="testAbaNumberCheck_18970_bad" classname="com.cardatechnologies.utils.validators.abaroutevalidator.Test_AbaRouteValidator_09" time="0.018"/>
  <testcase name="testAbaNumberCheck_19784_bad" classname="com.cardatechnologies.utils.validators.abaroutevalidator.Test_AbaRouteValidator_09" time="0.019"/>
  <testcase name="testAbaNumberCheck_18972_bad" classname="com.cardatechnologies.utils.validators.abaroutevalidator.Test_AbaRouteValidator_09" time="0.018"/>
  <testcase name="testAbaNumberCheck_19786_bad" classname="com.cardatechnologies.utils.validators.abaroutevalidator.Test_AbaRouteValidator_09" time="0.017"/>
  <testcase name="testAbaNumberCheck_18974_bad" classname="com.cardatechnologies.utils.validators.abaroutevalidator.Test_AbaRouteValidator_09" time="0.019"/>
  <testcase name="testAbaNumberCheck_19788_bad" classname="com.cardatechnologies.utils.validators.abaroutevalidator.Test_AbaRouteValidator_09" time="0.018"/>
  <testcase name="testAbaNumberCheck_18976_bad" classname="com.cardatechnologies.utils.validators.abaroutevalidator.Test_AbaRouteValidator_09" time="0.019"/>
  <testcase name="testAbaNumberCheck_18978_bad" classname="com.cardatechnologies.utils.validators.abaroutevalidator.Test_AbaRouteValidator_09" time="0.019"/>
  <testcase name="testAbaNumberCheck_19011_good" classname="com.cardatechnologies.utils.validators.abaroutevalidator.Test_AbaRouteValidator_09" time="0.018"/>
  <testcase name="testAbaNumberCheck_19790_bad" classname="com.cardatechnologies.utils.validators.abaroutevalidator.Test_AbaRouteValidator_09" time="0.019"/>
  <testcase name="testAbaNumberCheck_19792_bad" classname="com.cardatechnologies.utils.validators.abaroutevalidator.Test_AbaRouteValidator_09" time="0.018"/>
  <testcase name="testAbaNumberCheck_18980_bad" classname="com.cardatechnologies.utils.validators.abaroutevalidator.Test_AbaRouteValidator_09" time="0.018"/>
  <testcase name="testAbaNumberCheck_19794_bad" classname="com.cardatechnologies.utils.validators.abaroutevalidator.Test_AbaRouteValidator_09" time="0.018"/>
  <testcase name="testAbaNumberCheck_18982_bad" classname="com.cardatechnologies.utils.validators.abaroutevalidator.Test_AbaRouteValidator_09" time="0.018"/>
  <testcase name="testAbaNumberCheck_19796_bad" classname="com.cardatechnologies.utils.validators.abaroutevalidator.Test_AbaRouteValidator_09" time="0.019"/>
  <testcase name="testAbaNumberCheck_18984_bad" classname="com.cardatechnologies.utils.validators.abaroutevalidator.Test_AbaRouteValidator_09" time="0.018"/>
  <testcase name="testAbaNumberCheck_19798_bad" classname="com.cardatechnologies.utils.validators.abaroutevalidator.Test_AbaRouteValidator_09" time="0.019"/>
  <testcase name="testAbaNumberCheck_18986_bad" classname="com.cardatechnologies.utils.validators.abaroutevalidator.Test_AbaRouteValidator_09" time="0.017"/>
  <testcase name="testAbaNumberCheck_18988_bad" classname="com.cardatechnologies.utils.validators.abaroutevalidator.Test_AbaRouteValidator_09" time="0.018"/>
  <testcase name="testAbaNumberCheck_18990_bad" classname="com.cardatechnologies.utils.validators.abaroutevalidator.Test_AbaRouteValidator_09" time="0.018"/>
  <testcase name="testAbaNumberCheck_18992_bad" classname="com.cardatechnologies.utils.validators.abaroutevalidator.Test_AbaRouteValidator_09" time="0.026"/>
  <testcase name="testAbaNumberCheck_18994_bad" classname="com.cardatechnologies.utils.validators.abaroutevalidator.Test_AbaRouteValidator_09" time="0.018"/>
  <testcase name="testAbaNumberCheck_18996_bad" classname="com.cardatechnologies.utils.validators.abaroutevalidator.Test_AbaRouteValidator_09" time="0.026"/>
  <testcase name="testAbaNumberCheck_18998_bad" classname="com.cardatechnologies.utils.validators.abaroutevalidator.Test_AbaRouteValidator_09" time="0.021"/>
  <testcase name="testAbaNumberCheck_19301_good" classname="com.cardatechnologies.utils.validators.abaroutevalidator.Test_AbaRouteValidator_09" time="0.018"/>
  <testcase name="testAbaNumberCheck_19013_good" classname="com.cardatechnologies.utils.validators.abaroutevalidator.Test_AbaRouteValidator_09" time="0.018"/>
  <testcase name="testAbaNumberCheck_19221_good" classname="com.cardatechnologies.utils.validators.abaroutevalidator.Test_AbaRouteValidator_09" time="0.019"/>
  <testcase name="testAbaNumberCheck_19303_good" classname="com.cardatechnologies.utils.validators.abaroutevalidator.Test_AbaRouteValidator_09" time="0.017"/>
  <testcase name="testAbaNumberCheck_19141_good" classname="com.cardatechnologies.utils.validators.abaroutevalidator.Test_AbaRouteValidator_09" time="0.018"/>
  <testcase name="testAbaNumberCheck_18201_good" classname="com.cardatechnologies.utils.validators.abaroutevalidator.Test_AbaRouteValidator_09" time="0.018"/>
  <testcase name="testAbaNumberCheck_19015_good" classname="com.cardatechnologies.utils.validators.abaroutevalidator.Test_AbaRouteValidator_09" time="0.019"/>
  <testcase name="testAbaNumberCheck_19511_good" classname="com.cardatechnologies.utils.validators.abaroutevalidator.Test_AbaRouteValidator_09" time="0.018"/>
  <testcase name="testAbaNumberCheck_19223_good" classname="com.cardatechnologies.utils.validators.abaroutevalidator.Test_AbaRouteValidator_09" time="0.018"/>
  <testcase name="testAbaNumberCheck_19061_good" classname="com.cardatechnologies.utils.validators.abaroutevalidator.Test_AbaRouteValidator_09" time="0.019"/>
  <testcase name="testAbaNumberCheck_18121_good" classname="com.cardatechnologies.utils.validators.abaroutevalidator.Test_AbaRouteValidator_09" time="0.017"/>
  <testcase name="testAbaNumberCheck_19431_good" classname="com.cardatechnologies.utils.validators.abaroutevalidator.Test_AbaRouteValidator_09" time="0.018"/>
  <testcase name="testAbaNumberCheck_19305_good" classname="com.cardatechnologies.utils.validators.abaroutevalidator.Test_AbaRouteValidator_09" time="0.019"/>
  <testcase name="testAbaNumberCheck_19143_good" classname="com.cardatechnologies.utils.validators.abaroutevalidator.Test_AbaRouteValidator_09" time="0.018"/>
  <testcase name="testAbaNumberCheck_18203_good" classname="com.cardatechnologies.utils.validators.abaroutevalidator.Test_AbaRouteValidator_09" time="0.018"/>
  <testcase name="testAbaNumberCheck_19801_good" classname="com.cardatechnologies.utils.validators.abaroutevalidator.Test_AbaRouteValidator_09" time="0.017"/>
  <testcase name="testAbaNumberCheck_19017_good" classname="com.cardatechnologies.utils.validators.abaroutevalidator.Test_AbaRouteValidator_09" time="0.018"/>
  <testcase name="testAbaNumberCheck_18041_good" classname="com.cardatechnologies.utils.validators.abaroutevalidator.Test_AbaRouteValidator_09" time="0.018"/>
  <testcase name="testAbaNumberCheck_19513_good" classname="com.cardatechnologies.utils.validators.abaroutevalidator.Test_AbaRouteValidator_09" time="0.019"/>
  <testcase name="testAbaNumberCheck_19351_good" classname="com.cardatechnologies.utils.validators.abaroutevalidator.Test_AbaRouteValidator_09" time="0.018"/>
  <testcase name="testAbaNumberCheck_18411_good" classname="com.cardatechnologies.utils.validators.abaroutevalidator.Test_AbaRouteValidator_09" time="0.018"/>
  <testcase name="testAbaNumberCheck_19225_good" classname="com.cardatechnologies.utils.validators.abaroutevalidator.Test_AbaRouteValidator_09" time="0.018"/>
  <testcase name="testAbaNumberCheck_19063_good" classname="com.cardatechnologies.utils.validators.abaroutevalidator.Test_AbaRouteValidator_09" time="0.021"/>
  <testcase name="testAbaNumberCheck_18123_good" classname="com.cardatechnologies.utils.validators.abaroutevalidator.Test_AbaRouteValidator_09" time="0.021"/>
  <testcase name="testAbaNumberCheck_19721_good" classname="com.cardatechnologies.utils.validators.abaroutevalidator.Test_AbaRouteValidator_09" time="0.021"/>
  <testcase name="testAbaNumberCheck_19433_good" classname="com.cardatechnologies.utils.validators.abaroutevalidator.Test_AbaRouteValidator_09" time="0.018"/>
  <testcase name="testAbaNumberCheck_19307_good" classname="com.cardatechnologies.utils.validators.abaroutevalidator.Test_AbaRouteValidator_09" time="0.028"/>
  <testcase name="testAbaNumberCheck_19271_good" classname="com.cardatechnologies.utils.validators.abaroutevalidator.Test_AbaRouteValidator_09" time="0.018"/>
  <testcase name="testAbaNumberCheck_18331_good" classname="com.cardatechnologies.utils.validators.abaroutevalidator.Test_AbaRouteValidator_09" time="0.019"/>
  <testcase name="testAbaNumberCheck_19145_good" classname="com.cardatechnologies.utils.validators.abaroutevalidator.Test_AbaRouteValidator_09" time="0.017"/>
  <testcase name="testAbaNumberCheck_18205_good" classname="com.cardatechnologies.utils.validators.abaroutevalidator.Test_AbaRouteValidator_09" time="0.022"/>
  <testcase name="testAbaNumberCheck_19803_good" classname="com.cardatechnologies.utils.validators.abaroutevalidator.Test_AbaRouteValidator_09" time="0.017"/>
  <testcase name="testAbaNumberCheck_19019_good" classname="com.cardatechnologies.utils.validators.abaroutevalidator.Test_AbaRouteValidator_09" time="0.018"/>
  <testcase name="testAbaNumberCheck_18043_good" classname="com.cardatechnologies.utils.validators.abaroutevalidator.Test_AbaRouteValidator_09" time="0.019"/>
  <testcase name="testAbaNumberCheck_19641_good" classname="com.cardatechnologies.utils.validators.abaroutevalidator.Test_AbaRouteValidator_09" time="0.016"/>
  <testcase name="testAbaNumberCheck_18701_good" classname="com.cardatechnologies.utils.validators.abaroutevalidator.Test_AbaRouteValidator_09" time="0.019"/>
  <testcase name="testAbaNumberCheck_19515_good" classname="com.cardatechnologies.utils.validators.abaroutevalidator.Test_AbaRouteValidator_09" time="0.017"/>
  <testcase name="testAbaNumberCheck_19353_good" classname="com.cardatechnologies.utils.validators.abaroutevalidator.Test_AbaRouteValidator_09" time="0.019"/>
  <testcase name="testAbaNumberCheck_18413_good" classname="com.cardatechnologies.utils.validators.abaroutevalidator.Test_AbaRouteValidator_09" time="0.017"/>
  <testcase name="testAbaNumberCheck_19227_good" classname="com.cardatechnologies.utils.validators.abaroutevalidator.Test_AbaRouteValidator_09" time="0.018"/>
  <testcase name="testAbaNumberCheck_19191_good" classname="com.cardatechnologies.utils.validators.abaroutevalidator.Test_AbaRouteValidator_09" time="0.018"/>
  <testcase name="testAbaNumberCheck_18251_good" classname="com.cardatechnologies.utils.validators.abaroutevalidator.Test_AbaRouteValidator_09" time="0.018"/>
  <testcase name="testAbaNumberCheck_19065_good" classname="com.cardatechnologies.utils.validators.abaroutevalidator.Test_AbaRouteValidator_09" time="0.017"/>
  <testcase name="testAbaNumberCheck_18125_good" classname="com.cardatechnologies.utils.validators.abaroutevalidator.Test_AbaRouteValidator_09" time="0.019"/>
  <testcase name="testAbaNumberCheck_19723_good" classname="com.cardatechnologies.utils.validators.abaroutevalidator.Test_AbaRouteValidator_09" time="0.018"/>
  <testcase name="testAbaNumberCheck_19561_good" classname="com.cardatechnologies.utils.validators.abaroutevalidator.Test_AbaRouteValidator_09" time="0.019"/>
  <testcase name="testAbaNumberCheck_18621_good" classname="com.cardatechnologies.utils.validators.abaroutevalidator.Test_AbaRouteValidator_09" time="0.018"/>
  <testcase name="testAbaNumberCheck_19435_good" classname="com.cardatechnologies.utils.validators.abaroutevalidator.Test_AbaRouteValidator_09" time="0.018"/>
  <testcase name="testAbaNumberCheck_19309_good" classname="com.cardatechnologies.utils.validators.abaroutevalidator.Test_AbaRouteValidator_09" time="0.018"/>
  <testcase name="testAbaNumberCheck_19273_good" classname="com.cardatechnologies.utils.validators.abaroutevalidator.Test_AbaRouteValidator_09" time="0.017"/>
  <testcase name="testAbaNumberCheck_18333_good" classname="com.cardatechnologies.utils.validators.abaroutevalidator.Test_AbaRouteValidator_09" time="0.018"/>
  <testcase name="testAbaNumberCheck_19931_good" classname="com.cardatechnologies.utils.validators.abaroutevalidator.Test_AbaRouteValidator_09" time="0.024"/>
  <testcase name="testAbaNumberCheck_19147_good" classname="com.cardatechnologies.utils.validators.abaroutevalidator.Test_AbaRouteValidator_09" time="0.018"/>
  <testcase name="testAbaNumberCheck_18207_good" classname="com.cardatechnologies.utils.validators.abaroutevalidator.Test_AbaRouteValidator_09" time="0.017"/>
  <testcase name="testAbaNumberCheck_19805_good" classname="com.cardatechnologies.utils.validators.abaroutevalidator.Test_AbaRouteValidator_09" time="0.028"/>
  <testcase name="testAbaNumberCheck_18171_good" classname="com.cardatechnologies.utils.validators.abaroutevalidator.Test_AbaRouteValidator_09" time="0.018"/>
  <testcase name="testAbaNumberCheck_18045_good" classname="com.cardatechnologies.utils.validators.abaroutevalidator.Test_AbaRouteValidator_09" time="0.018"/>
  <testcase name="testAbaNumberCheck_19643_good" classname="com.cardatechnologies.utils.validators.abaroutevalidator.Test_AbaRouteValidator_09" time="0.018"/>
  <testcase name="testAbaNumberCheck_18703_good" classname="com.cardatechnologies.utils.validators.abaroutevalidator.Test_AbaRouteValidator_09" time="0.018"/>
  <testcase name="testAbaNumberCheck_19517_good" classname="com.cardatechnologies.utils.validators.abaroutevalidator.Test_AbaRouteValidator_09" time="0.018"/>
  <testcase name="testAbaNumberCheck_19481_good" classname="com.cardatechnologies.utils.validators.abaroutevalidator.Test_AbaRouteValidator_09" time="0.017"/>
  <testcase name="testAbaNumberCheck_18541_good" classname="com.cardatechnologies.utils.validators.abaroutevalidator.Test_AbaRouteValidator_09" time="0.019"/>
  <testcase name="testAbaNumberCheck_17601_good" classname="com.cardatechnologies.utils.validators.abaroutevalidator.Test_AbaRouteValidator_09" time="0.018"/>
  <testcase name="testAbaNumberCheck_19355_good" classname="com.cardatechnologies.utils.validators.abaroutevalidator.Test_AbaRouteValidator_09" time="0.018"/>
  <testcase name="testAbaNumberCheck_18415_good" classname="com.cardatechnologies.utils.validators.abaroutevalidator.Test_AbaRouteValidator_09" time="0.017"/>
  <testcase name="testAbaNumberCheck_19229_good" classname="com.cardatechnologies.utils.validators.abaroutevalidator.Test_AbaRouteValidator_09" time="0.017"/>
  <testcase name="testAbaNumberCheck_19193_good" classname="com.cardatechnologies.utils.validators.abaroutevalidator.Test_AbaRouteValidator_09" time="0.018"/>
  <testcase name="testAbaNumberCheck_18253_good" classname="com.cardatechnologies.utils.validators.abaroutevalidator.Test_AbaRouteValidator_09" time="0.018"/>
  <testcase name="testAbaNumberCheck_19851_good" classname="com.cardatechnologies.utils.validators.abaroutevalidator.Test_AbaRouteValidator_09" time="0.018"/>
  <testcase name="testAbaNumberCheck_18911_good" classname="com.cardatechnologies.utils.validators.abaroutevalidator.Test_AbaRouteValidator_09" time="0.017"/>
  <testcase name="testAbaNumberCheck_19067_good" classname="com.cardatechnologies.utils.validators.abaroutevalidator.Test_AbaRouteValidator_09" time="0.019"/>
  <testcase name="testAbaNumberCheck_18127_good" classname="com.cardatechnologies.utils.validators.abaroutevalidator.Test_AbaRouteValidator_09" time="0.018"/>
  <testcase name="testAbaNumberCheck_19725_good" classname="com.cardatechnologies.utils.validators.abaroutevalidator.Test_AbaRouteValidator_09" time="0.018"/>
  <testcase name="testAbaNumberCheck_18091_good" classname="com.cardatechnologies.utils.validators.abaroutevalidator.Test_AbaRouteValidator_09" time="0.017"/>
  <testcase name="testAbaNumberCheck_19563_good" classname="com.cardatechnologies.utils.validators.abaroutevalidator.Test_AbaRouteValidator_09" time="0.019"/>
  <testcase name="testAbaNumberCheck_18623_good" classname="com.cardatechnologies.utils.validators.abaroutevalidator.Test_AbaRouteValidator_09" time="0.017"/>
  <testcase name="testAbaNumberCheck_19437_good" classname="com.cardatechnologies.utils.validators.abaroutevalidator.Test_AbaRouteValidator_09" time="0.018"/>
  <testcase name="testAbaNumberCheck_18461_good" classname="com.cardatechnologies.utils.validators.abaroutevalidator.Test_AbaRouteValidator_09" time="0.018"/>
  <testcase name="testAbaNumberCheck_19275_good" classname="com.cardatechnologies.utils.validators.abaroutevalidator.Test_AbaRouteValidator_09" time="0.018"/>
  <testcase name="testAbaNumberCheck_18335_good" classname="com.cardatechnologies.utils.validators.abaroutevalidator.Test_AbaRouteValidator_09" time="0.025"/>
  <testcase name="testAbaNumberCheck_19933_good" classname="com.cardatechnologies.utils.validators.abaroutevalidator.Test_AbaRouteValidator_09" time="0.018"/>
  <testcase name="testAbaNumberCheck_19149_good" classname="com.cardatechnologies.utils.validators.abaroutevalidator.Test_AbaRouteValidator_09" time="0.018"/>
  <testcase name="testAbaNumberCheck_18209_good" classname="com.cardatechnologies.utils.validators.abaroutevalidator.Test_AbaRouteValidator_09" time="0.024"/>
  <testcase name="testAbaNumberCheck_19807_good" classname="com.cardatechnologies.utils.validators.abaroutevalidator.Test_AbaRouteValidator_09" time="0.021"/>
  <testcase name="testAbaNumberCheck_18173_good" classname="com.cardatechnologies.utils.validators.abaroutevalidator.Test_AbaRouteValidator_09" time="0.018"/>
  <testcase name="testAbaNumberCheck_19771_good" classname="com.cardatechnologies.utils.validators.abaroutevalidator.Test_AbaRouteValidator_09" time="0.018"/>
  <testcase name="testAbaNumberCheck_18831_good" classname="com.cardatechnologies.utils.validators.abaroutevalidator.Test_AbaRouteValidator_09" time="0.018"/>
  <testcase name="testAbaNumberCheck_18047_good" classname="com.cardatechnologies.utils.validators.abaroutevalidator.Test_AbaRouteValidator_09" time="0.019"/>
  <testcase name="testAbaNumberCheck_19645_good" classname="com.cardatechnologies.utils.validators.abaroutevalidator.Test_AbaRouteValidator_09" time="0.018"/>
  <testcase name="testAbaNumberCheck_18705_good" classname="com.cardatechnologies.utils.validators.abaroutevalidator.Test_AbaRouteValidator_09" time="0.018"/>
  <testcase name="testAbaNumberCheck_19519_good" classname="com.cardatechnologies.utils.validators.abaroutevalidator.Test_AbaRouteValidator_09" time="0.018"/>
  <testcase name="testAbaNumberCheck_19483_good" classname="com.cardatechnologies.utils.validators.abaroutevalidator.Test_AbaRouteValidator_09" time="0.017"/>
  <testcase name="testAbaNumberCheck_18543_good" classname="com.cardatechnologies.utils.validators.abaroutevalidator.Test_AbaRouteValidator_09" time="0.018"/>
  <testcase name="testAbaNumberCheck_17603_good" classname="com.cardatechnologies.utils.validators.abaroutevalidator.Test_AbaRouteValidator_09" time="0.018"/>
  <testcase name="testAbaNumberCheck_19357_good" classname="com.cardatechnologies.utils.validators.abaroutevalidator.Test_AbaRouteValidator_09" time="0.018"/>
  <testcase name="testAbaNumberCheck_18417_good" classname="com.cardatechnologies.utils.validators.abaroutevalidator.Test_AbaRouteValidator_09" time="0.022"/>
  <testcase name="testAbaNumberCheck_18381_good" classname="com.cardatechnologies.utils.validators.abaroutevalidator.Test_AbaRouteValidator_09" time="0.017"/>
  <testcase name="testAbaNumberCheck_19195_good" classname="com.cardatechnologies.utils.validators.abaroutevalidator.Test_AbaRouteValidator_09" time="0.018"/>
  <testcase name="testAbaNumberCheck_18255_good" classname="com.cardatechnologies.utils.validators.abaroutevalidator.Test_AbaRouteValidator_09" time="0.017"/>
  <testcase name="testAbaNumberCheck_19853_good" classname="com.cardatechnologies.utils.validators.abaroutevalidator.Test_AbaRouteValidator_09" time="0.018"/>
  <testcase name="testAbaNumberCheck_18913_good" classname="com.cardatechnologies.utils.validators.abaroutevalidator.Test_AbaRouteValidator_09" time="0.018"/>
  <testcase name="testAbaNumberCheck_19069_good" classname="com.cardatechnologies.utils.validators.abaroutevalidator.Test_AbaRouteValidator_09" time="0.017"/>
  <testcase name="testAbaNumberCheck_18129_good" classname="com.cardatechnologies.utils.validators.abaroutevalidator.Test_AbaRouteValidator_09" time="0.018"/>
  <testcase name="testAbaNumberCheck_19727_good" classname="com.cardatechnologies.utils.validators.abaroutevalidator.Test_AbaRouteValidator_09" time="0.018"/>
  <testcase name="testAbaNumberCheck_18093_good" classname="com.cardatechnologies.utils.validators.abaroutevalidator.Test_AbaRouteValidator_09" time="0.018"/>
  <testcase name="testAbaNumberCheck_19691_good" classname="com.cardatechnologies.utils.validators.abaroutevalidator.Test_AbaRouteValidator_09" time="0.018"/>
  <testcase name="testAbaNumberCheck_18751_good" classname="com.cardatechnologies.utils.validators.abaroutevalidator.Test_AbaRouteValidator_09" time="0.018"/>
  <testcase name="testAbaNumberCheck_17811_good" classname="com.cardatechnologies.utils.validators.abaroutevalidator.Test_AbaRouteValidator_09" time="0.026"/>
  <testcase name="testAbaNumberCheck_19565_good" classname="com.cardatechnologies.utils.validators.abaroutevalidator.Test_AbaRouteValidator_09" time="0.018"/>
  <testcase name="testAbaNumberCheck_18625_good" classname="com.cardatechnologies.utils.validators.abaroutevalidator.Test_AbaRouteValidator_09" time="0.018"/>
  <testcase name="testAbaNumberCheck_18000_bad" classname="com.cardatechnologies.utils.validators.abaroutevalidator.Test_AbaRouteValidator_09" time="0.024"/>
  <testcase name="testAbaNumberCheck_18002_bad" classname="com.cardatechnologies.utils.validators.abaroutevalidator.Test_AbaRouteValidator_09" time="0.022"/>
  <testcase name="testAbaNumberCheck_19439_good" classname="com.cardatechnologies.utils.validators.abaroutevalidator.Test_AbaRouteValidator_09" time="0.018"/>
  <testcase name="testAbaNumberCheck_18004_bad" classname="com.cardatechnologies.utils.validators.abaroutevalidator.Test_AbaRouteValidator_09" time="0.017"/>
  <testcase name="testAbaNumberCheck_18006_bad" classname="com.cardatechnologies.utils.validators.abaroutevalidator.Test_AbaRouteValidator_09" time="0.018"/>
  <testcase name="testAbaNumberCheck_18463_good" classname="com.cardatechnologies.utils.validators.abaroutevalidator.Test_AbaRouteValidator_09" time="0.018"/>
  <testcase name="testAbaNumberCheck_18008_bad" classname="com.cardatechnologies.utils.validators.abaroutevalidator.Test_AbaRouteValidator_09" time="0.018"/>
  <testcase name="testAbaNumberCheck_19277_good" classname="com.cardatechnologies.utils.validators.abaroutevalidator.Test_AbaRouteValidator_09" time="0.018"/>
  <testcase name="testAbaNumberCheck_18337_good" classname="com.cardatechnologies.utils.validators.abaroutevalidator.Test_AbaRouteValidator_09" time="0.017"/>
  <testcase name="testAbaNumberCheck_19935_good" classname="com.cardatechnologies.utils.validators.abaroutevalidator.Test_AbaRouteValidator_09" time="0.018"/>
  <testcase name="testAbaNumberCheck_19809_good" classname="com.cardatechnologies.utils.validators.abaroutevalidator.Test_AbaRouteValidator_09" time="0.019"/>
  <testcase name="testAbaNumberCheck_18175_good" classname="com.cardatechnologies.utils.validators.abaroutevalidator.Test_AbaRouteValidator_09" time="0.018"/>
  <testcase name="testAbaNumberCheck_19773_good" classname="com.cardatechnologies.utils.validators.abaroutevalidator.Test_AbaRouteValidator_09" time="0.018"/>
  <testcase name="testAbaNumberCheck_18833_good" classname="com.cardatechnologies.utils.validators.abaroutevalidator.Test_AbaRouteValidator_09" time="0.018"/>
  <testcase name="testAbaNumberCheck_18049_good" classname="com.cardatechnologies.utils.validators.abaroutevalidator.Test_AbaRouteValidator_09" time="0.017"/>
  <testcase name="testAbaNumberCheck_19647_good" classname="com.cardatechnologies.utils.validators.abaroutevalidator.Test_AbaRouteValidator_09" time="0.018"/>
  <testcase name="testAbaNumberCheck_18707_good" classname="com.cardatechnologies.utils.validators.abaroutevalidator.Test_AbaRouteValidator_09" time="0.018"/>
  <testcase name="testAbaNumberCheck_18671_good" classname="com.cardatechnologies.utils.validators.abaroutevalidator.Test_AbaRouteValidator_09" time="0.018"/>
  <testcase name="testAbaNumberCheck_17731_good" classname="com.cardatechnologies.utils.validators.abaroutevalidator.Test_AbaRouteValidator_09" time="0.018"/>
  <testcase name="testAbaNumberCheck_18010_bad" classname="com.cardatechnologies.utils.validators.abaroutevalidator.Test_AbaRouteValidator_09" time="0.018"/>
  <testcase name="testAbaNumberCheck_18012_bad" classname="com.cardatechnologies.utils.validators.abaroutevalidator.Test_AbaRouteValidator_09" time="0.018"/>
  <testcase name="testAbaNumberCheck_19485_good" classname="com.cardatechnologies.utils.validators.abaroutevalidator.Test_AbaRouteValidator_09" time="0.018"/>
  <testcase name="testAbaNumberCheck_18545_good" classname="com.cardatechnologies.utils.validators.abaroutevalidator.Test_AbaRouteValidator_09" time="0.018"/>
  <testcase name="testAbaNumberCheck_17605_good" classname="com.cardatechnologies.utils.validators.abaroutevalidator.Test_AbaRouteValidator_09" time="0.018"/>
  <testcase name="testAbaNumberCheck_18014_bad" classname="com.cardatechnologies.utils.validators.abaroutevalidator.Test_AbaRouteValidator_09" time="0.018"/>
  <testcase name="testAbaNumberCheck_18016_bad" classname="com.cardatechnologies.utils.validators.abaroutevalidator.Test_AbaRouteValidator_09" time="0.025"/>
  <testcase name="testAbaNumberCheck_19359_good" classname="com.cardatechnologies.utils.validators.abaroutevalidator.Test_AbaRouteValidator_09" time="0.018"/>
  <testcase name="testAbaNumberCheck_18419_good" classname="com.cardatechnologies.utils.validators.abaroutevalidator.Test_AbaRouteValidator_09" time="0.017"/>
  <testcase name="testAbaNumberCheck_18018_bad" classname="com.cardatechnologies.utils.validators.abaroutevalidator.Test_AbaRouteValidator_09" time="0.022"/>
  <testcase name="testAbaNumberCheck_18383_good" classname="com.cardatechnologies.utils.validators.abaroutevalidator.Test_AbaRouteValidator_09" time="0.026"/>
  <testcase name="testAbaNumberCheck_19981_good" classname="com.cardatechnologies.utils.validators.abaroutevalidator.Test_AbaRouteValidator_09" time="0.022"/>
  <testcase name="testAbaNumberCheck_19197_good" classname="com.cardatechnologies.utils.validators.abaroutevalidator.Test_AbaRouteValidator_09" time="0.017"/>
  <testcase name="testAbaNumberCheck_18257_good" classname="com.cardatechnologies.utils.validators.abaroutevalidator.Test_AbaRouteValidator_09" time="0.017"/>
  <testcase name="testAbaNumberCheck_19855_good" classname="com.cardatechnologies.utils.validators.abaroutevalidator.Test_AbaRouteValidator_09" time="0.019"/>
  <testcase name="testAbaNumberCheck_18915_good" classname="com.cardatechnologies.utils.validators.abaroutevalidator.Test_AbaRouteValidator_09" time="0.018"/>
  <testcase name="testAbaNumberCheck_19729_good" classname="com.cardatechnologies.utils.validators.abaroutevalidator.Test_AbaRouteValidator_09" time="0.018"/>
  <testcase name="testAbaNumberCheck_18095_good" classname="com.cardatechnologies.utils.validators.abaroutevalidator.Test_AbaRouteValidator_09" time="0.018"/>
  <testcase name="testAbaNumberCheck_19693_good" classname="com.cardatechnologies.utils.validators.abaroutevalidator.Test_AbaRouteValidator_09" time="0.019"/>
  <testcase name="testAbaNumberCheck_18753_good" classname="com.cardatechnologies.utils.validators.abaroutevalidator.Test_AbaRouteValidator_09" time="0.018"/>
  <testcase name="testAbaNumberCheck_17813_good" classname="com.cardatechnologies.utils.validators.abaroutevalidator.Test_AbaRouteValidator_09" time="0.017"/>
  <testcase name="testAbaNumberCheck_19567_good" classname="com.cardatechnologies.utils.validators.abaroutevalidator.Test_AbaRouteValidator_09" time="0.019"/>
  <testcase name="testAbaNumberCheck_18627_good" classname="com.cardatechnologies.utils.validators.abaroutevalidator.Test_AbaRouteValidator_09" time="0.018"/>
  <testcase name="testAbaNumberCheck_18020_bad" classname="com.cardatechnologies.utils.validators.abaroutevalidator.Test_AbaRouteValidator_09" time="0.017"/>
  <testcase name="testAbaNumberCheck_18022_bad" classname="com.cardatechnologies.utils.validators.abaroutevalidator.Test_AbaRouteValidator_09" time="0.018"/>
  <testcase name="testAbaNumberCheck_18591_good" classname="com.cardatechnologies.utils.validators.abaroutevalidator.Test_AbaRouteValidator_09" time="0.017"/>
  <testcase name="testAbaNumberCheck_17651_good" classname="com.cardatechnologies.utils.validators.abaroutevalidator.Test_AbaRouteValidator_09" time="0.018"/>
  <testcase name="testAbaNumberCheck_18024_bad" classname="com.cardatechnologies.utils.validators.abaroutevalidator.Test_AbaRouteValidator_09" time="0.019"/>
  <testcase name="testAbaNumberCheck_18026_bad" classname="com.cardatechnologies.utils.validators.abaroutevalidator.Test_AbaRouteValidator_09" time="0.018"/>
  <testcase name="testAbaNumberCheck_18465_good" classname="com.cardatechnologies.utils.validators.abaroutevalidator.Test_AbaRouteValidator_09" time="0.018"/>
  <testcase name="testAbaNumberCheck_18028_bad" classname="com.cardatechnologies.utils.validators.abaroutevalidator.Test_AbaRouteValidator_09" time="0.018"/>
  <testcase name="testAbaNumberCheck_19279_good" classname="com.cardatechnologies.utils.validators.abaroutevalidator.Test_AbaRouteValidator_09" time="0.018"/>
  <testcase name="testAbaNumberCheck_18339_good" classname="com.cardatechnologies.utils.validators.abaroutevalidator.Test_AbaRouteValidator_09" time="0.019"/>
  <testcase name="testAbaNumberCheck_19937_good" classname="com.cardatechnologies.utils.validators.abaroutevalidator.Test_AbaRouteValidator_09" time="0.023"/>
  <testcase name="testAbaNumberCheck_18961_good" classname="com.cardatechnologies.utils.validators.abaroutevalidator.Test_AbaRouteValidator_09" time="0.021"/>
  <testcase name="testAbaNumberCheck_18177_good" classname="com.cardatechnologies.utils.validators.abaroutevalidator.Test_AbaRouteValidator_09" time="0.018"/>
  <testcase name="testAbaNumberCheck_19775_good" classname="com.cardatechnologies.utils.validators.abaroutevalidator.Test_AbaRouteValidator_09" time="0.018"/>
  <testcase name="testAbaNumberCheck_18835_good" classname="com.cardatechnologies.utils.validators.abaroutevalidator.Test_AbaRouteValidator_09" time="0.025"/>
  <testcase name="testAbaNumberCheck_19649_good" classname="com.cardatechnologies.utils.validators.abaroutevalidator.Test_AbaRouteValidator_09" time="0.022"/>
  <testcase name="testAbaNumberCheck_18709_good" classname="com.cardatechnologies.utils.validators.abaroutevalidator.Test_AbaRouteValidator_09" time="0.02"/>
  <testcase name="testAbaNumberCheck_18673_good" classname="com.cardatechnologies.utils.validators.abaroutevalidator.Test_AbaRouteValidator_09" time="0.018"/>
  <testcase name="testAbaNumberCheck_17733_good" classname="com.cardatechnologies.utils.validators.abaroutevalidator.Test_AbaRouteValidator_09" time="0.017"/>
  <testcase name="testAbaNumberCheck_18030_bad" classname="com.cardatechnologies.utils.validators.abaroutevalidator.Test_AbaRouteValidator_09" time="0.019"/>
  <testcase name="testAbaNumberCheck_18032_bad" classname="com.cardatechnologies.utils.validators.abaroutevalidator.Test_AbaRouteValidator_09" time="0.018"/>
  <testcase name="testAbaNumberCheck_19487_good" classname="com.cardatechnologies.utils.validators.abaroutevalidator.Test_AbaRouteValidator_09" time="0.019"/>
  <testcase name="testAbaNumberCheck_18547_good" classname="com.cardatechnologies.utils.validators.abaroutevalidator.Test_AbaRouteValidator_09" time="0.019"/>
  <testcase name="testAbaNumberCheck_17607_good" classname="com.cardatechnologies.utils.validators.abaroutevalidator.Test_AbaRouteValidator_09" time="0.019"/>
  <testcase name="testAbaNumberCheck_18034_bad" classname="com.cardatechnologies.utils.validators.abaroutevalidator.Test_AbaRouteValidator_09" time="0.02"/>
  <testcase name="testAbaNumberCheck_18036_bad" classname="com.cardatechnologies.utils.validators.abaroutevalidator.Test_AbaRouteValidator_09" time="0.019"/>
  <testcase name="testAbaNumberCheck_17571_good" classname="com.cardatechnologies.utils.validators.abaroutevalidator.Test_AbaRouteValidator_09" time="0.02"/>
  <testcase name="testAbaNumberCheck_18038_bad" classname="com.cardatechnologies.utils.validators.abaroutevalidator.Test_AbaRouteValidator_09" time="0.018"/>
  <testcase name="testAbaNumberCheck_18385_good" classname="com.cardatechnologies.utils.validators.abaroutevalidator.Test_AbaRouteValidator_09" time="0.019"/>
  <testcase name="testAbaNumberCheck_19983_good" classname="com.cardatechnologies.utils.validators.abaroutevalidator.Test_AbaRouteValidator_09" time="0.019"/>
  <testcase name="testAbaNumberCheck_19199_good" classname="com.cardatechnologies.utils.validators.abaroutevalidator.Test_AbaRouteValidator_09" time="0.018"/>
  <testcase name="testAbaNumberCheck_18259_good" classname="com.cardatechnologies.utils.validators.abaroutevalidator.Test_AbaRouteValidator_09" time="0.017"/>
  <testcase name="testAbaNumberCheck_19857_good" classname="com.cardatechnologies.utils.validators.abaroutevalidator.Test_AbaRouteValidator_09" time="0.019"/>
  <testcase name="testAbaNumberCheck_18917_good" classname="com.cardatechnologies.utils.validators.abaroutevalidator.Test_AbaRouteValidator_09" time="0.018"/>
  <testcase name="testAbaNumberCheck_18881_good" classname="com.cardatechnologies.utils.validators.abaroutevalidator.Test_AbaRouteValidator_09" time="0.018"/>
  <testcase name="testAbaNumberCheck_17941_good" classname="com.cardatechnologies.utils.validators.abaroutevalidator.Test_AbaRouteValidator_09" time="0.018"/>
  <testcase name="testAbaNumberCheck_18097_good" classname="com.cardatechnologies.utils.validators.abaroutevalidator.Test_AbaRouteValidator_09" time="0.019"/>
  <testcase name="testAbaNumberCheck_19695_good" classname="com.cardatechnologies.utils.validators.abaroutevalidator.Test_AbaRouteValidator_09" time="0.021"/>
  <testcase name="testAbaNumberCheck_18755_good" classname="com.cardatechnologies.utils.validators.abaroutevalidator.Test_AbaRouteValidator_09" time="0.022"/>
  <testcase name="testAbaNumberCheck_17815_good" classname="com.cardatechnologies.utils.validators.abaroutevalidator.Test_AbaRouteValidator_09" time="0.018"/>
  <testcase name="testAbaNumberCheck_19300_bad" classname="com.cardatechnologies.utils.validators.abaroutevalidator.Test_AbaRouteValidator_09" time="0.018"/>
  <testcase name="testAbaNumberCheck_19302_bad" classname="com.cardatechnologies.utils.validators.abaroutevalidator.Test_AbaRouteValidator_09" time="0.021"/>
  <testcase name="testAbaNumberCheck_19569_good" classname="com.cardatechnologies.utils.validators.abaroutevalidator.Test_AbaRouteValidator_09" time="0.025"/>
  <testcase name="testAbaNumberCheck_18629_good" classname="com.cardatechnologies.utils.validators.abaroutevalidator.Test_AbaRouteValidator_09" time="0.018"/>
  <testcase name="testAbaNumberCheck_19304_bad" classname="com.cardatechnologies.utils.validators.abaroutevalidator.Test_AbaRouteValidator_09" time="0.019"/>
  <testcase name="testAbaNumberCheck_18040_bad" classname="com.cardatechnologies.utils.validators.abaroutevalidator.Test_AbaRouteValidator_09" time="0.019"/>
  <testcase name="testAbaNumberCheck_19306_bad" classname="com.cardatechnologies.utils.validators.abaroutevalidator.Test_AbaRouteValidator_09" time="0.019"/>
  <testcase name="testAbaNumberCheck_18042_bad" classname="com.cardatechnologies.utils.validators.abaroutevalidator.Test_AbaRouteValidator_09" time="0.02"/>
  <testcase name="testAbaNumberCheck_18593_good" classname="com.cardatechnologies.utils.validators.abaroutevalidator.Test_AbaRouteValidator_09" time="0.018"/>
  <testcase name="testAbaNumberCheck_17653_good" classname="com.cardatechnologies.utils.validators.abaroutevalidator.Test_AbaRouteValidator_09" time="0.02"/>
  <testcase name="testAbaNumberCheck_19308_bad" classname="com.cardatechnologies.utils.validators.abaroutevalidator.Test_AbaRouteValidator_09" time="0.019"/>
  <testcase name="testAbaNumberCheck_18044_bad" classname="com.cardatechnologies.utils.validators.abaroutevalidator.Test_AbaRouteValidator_09" time="0.018"/>
  <testcase name="testAbaNumberCheck_18046_bad" classname="com.cardatechnologies.utils.validators.abaroutevalidator.Test_AbaRouteValidator_09" time="0.019"/>
  <testcase name="testAbaNumberCheck_18467_good" classname="com.cardatechnologies.utils.validators.abaroutevalidator.Test_AbaRouteValidator_09" time="0.019"/>
  <testcase name="testAbaNumberCheck_18048_bad" classname="com.cardatechnologies.utils.validators.abaroutevalidator.Test_AbaRouteValidator_09" time="0.02"/>
  <testcase name="testAbaNumberCheck_19939_good" classname="com.cardatechnologies.utils.validators.abaroutevalidator.Test_AbaRouteValidator_09" time="0.019"/>
  <testcase name="testAbaNumberCheck_18963_good" classname="com.cardatechnologies.utils.validators.abaroutevalidator.Test_AbaRouteValidator_09" time="0.018"/>
  <testcase name="testAbaNumberCheck_18179_good" classname="com.cardatechnologies.utils.validators.abaroutevalidator.Test_AbaRouteValidator_09" time="0.018"/>
  <testcase name="testAbaNumberCheck_19777_good" classname="com.cardatechnologies.utils.validators.abaroutevalidator.Test_AbaRouteValidator_09" time="0.018"/>
  <testcase name="testAbaNumberCheck_18837_good" classname="com.cardatechnologies.utils.validators.abaroutevalidator.Test_AbaRouteValidator_09" time="0.018"/>
  <testcase name="testAbaNumberCheck_17861_good" classname="com.cardatechnologies.utils.validators.abaroutevalidator.Test_AbaRouteValidator_09" time="0.018"/>
  <testcase name="testAbaNumberCheck_19310_bad" classname="com.cardatechnologies.utils.validators.abaroutevalidator.Test_AbaRouteValidator_09" time="0.017"/>
  <testcase name="testAbaNumberCheck_19312_bad" classname="com.cardatechnologies.utils.validators.abaroutevalidator.Test_AbaRouteValidator_09" time="0.019"/>
  <testcase name="testAbaNumberCheck_18675_good" classname="com.cardatechnologies.utils.validators.abaroutevalidator.Test_AbaRouteValidator_09" time="0.018"/>
  <testcase name="testAbaNumberCheck_17735_good" classname="com.cardatechnologies.utils.validators.abaroutevalidator.Test_AbaRouteValidator_09" time="0.017"/>
  <testcase name="testAbaNumberCheck_18500_bad" classname="com.cardatechnologies.utils.validators.abaroutevalidator.Test_AbaRouteValidator_09" time="0.024"/>
  <testcase name="testAbaNumberCheck_19314_bad" classname="com.cardatechnologies.utils.validators.abaroutevalidator.Test_AbaRouteValidator_09" time="0.018"/>
  <testcase name="testAbaNumberCheck_18050_bad" classname="com.cardatechnologies.utils.validators.abaroutevalidator.Test_AbaRouteValidator_09" time="0.018"/>
  <testcase name="testAbaNumberCheck_18502_bad" classname="com.cardatechnologies.utils.validators.abaroutevalidator.Test_AbaRouteValidator_09" time="0.018"/>
  <testcase name="testAbaNumberCheck_19316_bad" classname="com.cardatechnologies.utils.validators.abaroutevalidator.Test_AbaRouteValidator_09" time="0.028"/>
  <testcase name="testAbaNumberCheck_18052_bad" classname="com.cardatechnologies.utils.validators.abaroutevalidator.Test_AbaRouteValidator_09" time="0.018"/>
  <testcase name="testAbaNumberCheck_19489_good" classname="com.cardatechnologies.utils.validators.abaroutevalidator.Test_AbaRouteValidator_09" time="0.017"/>
  <testcase name="testAbaNumberCheck_18549_good" classname="com.cardatechnologies.utils.validators.abaroutevalidator.Test_AbaRouteValidator_09" time="0.018"/>
  <testcase name="testAbaNumberCheck_17609_good" classname="com.cardatechnologies.utils.validators.abaroutevalidator.Test_AbaRouteValidator_09" time="0.018"/>
  <testcase name="testAbaNumberCheck_18504_bad" classname="com.cardatechnologies.utils.validators.abaroutevalidator.Test_AbaRouteValidator_09" time="0.018"/>
  <testcase name="testAbaNumberCheck_19318_bad" classname="com.cardatechnologies.utils.validators.abaroutevalidator.Test_AbaRouteValidator_09" time="0.018"/>
  <testcase name="testAbaNumberCheck_18054_bad" classname="com.cardatechnologies.utils.validators.abaroutevalidator.Test_AbaRouteValidator_09" time="0.019"/>
  <testcase name="testAbaNumberCheck_18506_bad" classname="com.cardatechnologies.utils.validators.abaroutevalidator.Test_AbaRouteValidator_09" time="0.018"/>
  <testcase name="testAbaNumberCheck_18056_bad" classname="com.cardatechnologies.utils.validators.abaroutevalidator.Test_AbaRouteValidator_09" time="0.019"/>
  <testcase name="testAbaNumberCheck_17573_good" classname="com.cardatechnologies.utils.validators.abaroutevalidator.Test_AbaRouteValidator_09" time="0.017"/>
  <testcase name="testAbaNumberCheck_18508_bad" classname="com.cardatechnologies.utils.validators.abaroutevalidator.Test_AbaRouteValidator_09" time="0.017"/>
  <testcase name="testAbaNumberCheck_18058_bad" classname="com.cardatechnologies.utils.validators.abaroutevalidator.Test_AbaRouteValidator_09" time="0.019"/>
  <testcase name="testAbaNumberCheck_18387_good" classname="com.cardatechnologies.utils.validators.abaroutevalidator.Test_AbaRouteValidator_09" time="0.018"/>
  <testcase name="testAbaNumberCheck_19985_good" classname="com.cardatechnologies.utils.validators.abaroutevalidator.Test_AbaRouteValidator_09" time="0.018"/>
  <testcase name="testAbaNumberCheck_19859_good" classname="com.cardatechnologies.utils.validators.abaroutevalidator.Test_AbaRouteValidator_09" time="0.019"/>
  <testcase name="testAbaNumberCheck_18919_good" classname="com.cardatechnologies.utils.validators.abaroutevalidator.Test_AbaRouteValidator_09" time="0.018"/>
  <testcase name="testAbaNumberCheck_18883_good" classname="com.cardatechnologies.utils.validators.abaroutevalidator.Test_AbaRouteValidator_09" time="0.018"/>
  <testcase name="testAbaNumberCheck_17943_good" classname="com.cardatechnologies.utils.validators.abaroutevalidator.Test_AbaRouteValidator_09" time="0.019"/>
  <testcase name="testAbaNumberCheck_18099_good" classname="com.cardatechnologies.utils.validators.abaroutevalidator.Test_AbaRouteValidator_09" time="0.017"/>
  <testcase name="testAbaNumberCheck_19697_good" classname="com.cardatechnologies.utils.validators.abaroutevalidator.Test_AbaRouteValidator_09" time="0.02"/>
  <testcase name="testAbaNumberCheck_18757_good" classname="com.cardatechnologies.utils.validators.abaroutevalidator.Test_AbaRouteValidator_09" time="0.018"/>
  <testcase name="testAbaNumberCheck_17817_good" classname="com.cardatechnologies.utils.validators.abaroutevalidator.Test_AbaRouteValidator_09" time="0.017"/>
  <testcase name="testAbaNumberCheck_19320_bad" classname="com.cardatechnologies.utils.validators.abaroutevalidator.Test_AbaRouteValidator_09" time="0.022"/>
  <testcase name="testAbaNumberCheck_19322_bad" classname="com.cardatechnologies.utils.validators.abaroutevalidator.Test_AbaRouteValidator_09" time="0.02"/>
  <testcase name="testAbaNumberCheck_17781_good" classname="com.cardatechnologies.utils.validators.abaroutevalidator.Test_AbaRouteValidator_09" time="0.02"/>
  <testcase name="testAbaNumberCheck_18510_bad" classname="com.cardatechnologies.utils.validators.abaroutevalidator.Test_AbaRouteValidator_09" time="0.017"/>
  <testcase name="testAbaNumberCheck_19324_bad" classname="com.cardatechnologies.utils.validators.abaroutevalidator.Test_AbaRouteValidator_09" time="0.024"/>
  <testcase name="testAbaNumberCheck_18060_bad" classname="com.cardatechnologies.utils.validators.abaroutevalidator.Test_AbaRouteValidator_09" time="0.026"/>
  <testcase name="testAbaNumberCheck_18512_bad" classname="com.cardatechnologies.utils.validators.abaroutevalidator.Test_AbaRouteValidator_09" time="0.018"/>
  <testcase name="testAbaNumberCheck_19326_bad" classname="com.cardatechnologies.utils.validators.abaroutevalidator.Test_AbaRouteValidator_09" time="0.018"/>
  <testcase name="testAbaNumberCheck_18062_bad" classname="com.cardatechnologies.utils.validators.abaroutevalidator.Test_AbaRouteValidator_09" time="0.018"/>
  <testcase name="testAbaNumberCheck_18595_good" classname="com.cardatechnologies.utils.validators.abaroutevalidator.Test_AbaRouteValidator_09" time="0.018"/>
  <testcase name="testAbaNumberCheck_17655_good" classname="com.cardatechnologies.utils.validators.abaroutevalidator.Test_AbaRouteValidator_09" time="0.018"/>
  <testcase name="testAbaNumberCheck_17700_bad" classname="com.cardatechnologies.utils.validators.abaroutevalidator.Test_AbaRouteValidator_09" time="0.017"/>
  <testcase name="testAbaNumberCheck_18514_bad" classname="com.cardatechnologies.utils.validators.abaroutevalidator.Test_AbaRouteValidator_09" time="0.018"/>
  <testcase name="testAbaNumberCheck_19328_bad" classname="com.cardatechnologies.utils.validators.abaroutevalidator.Test_AbaRouteValidator_09" time="0.018"/>
  <testcase name="testAbaNumberCheck_18064_bad" classname="com.cardatechnologies.utils.validators.abaroutevalidator.Test_AbaRouteValidator_09" time="0.018"/>
  <testcase name="testAbaNumberCheck_17702_bad" classname="com.cardatechnologies.utils.validators.abaroutevalidator.Test_AbaRouteValidator_09" time="0.017"/>
  <testcase name="testAbaNumberCheck_18516_bad" classname="com.cardatechnologies.utils.validators.abaroutevalidator.Test_AbaRouteValidator_09" time="0.018"/>
  <testcase name="testAbaNumberCheck_18066_bad" classname="com.cardatechnologies.utils.validators.abaroutevalidator.Test_AbaRouteValidator_09" time="0.018"/>
  <testcase name="testAbaNumberCheck_18469_good" classname="com.cardatechnologies.utils.validators.abaroutevalidator.Test_AbaRouteValidator_09" time="0.018"/>
  <testcase name="testAbaNumberCheck_17704_bad" classname="com.cardatechnologies.utils.validators.abaroutevalidator.Test_AbaRouteValidator_09" time="0.019"/>
  <testcase name="testAbaNumberCheck_18518_bad" classname="com.cardatechnologies.utils.validators.abaroutevalidator.Test_AbaRouteValidator_09" time="0.018"/>
  <testcase name="testAbaNumberCheck_18068_bad" classname="com.cardatechnologies.utils.validators.abaroutevalidator.Test_AbaRouteValidator_09" time="0.018"/>
  <testcase name="testAbaNumberCheck_17706_bad" classname="com.cardatechnologies.utils.validators.abaroutevalidator.Test_AbaRouteValidator_09" time="0.02"/>
  <testcase name="testAbaNumberCheck_17708_bad" classname="com.cardatechnologies.utils.validators.abaroutevalidator.Test_AbaRouteValidator_09" time="0.02"/>
  <testcase name="testAbaNumberCheck_18965_good" classname="com.cardatechnologies.utils.validators.abaroutevalidator.Test_AbaRouteValidator_09" time="0.02"/>
  <testcase name="testAbaNumberCheck_19779_good" classname="com.cardatechnologies.utils.validators.abaroutevalidator.Test_AbaRouteValidator_09" time="0.021"/>
  <testcase name="testAbaNumberCheck_18839_good" classname="com.cardatechnologies.utils.validators.abaroutevalidator.Test_AbaRouteValidator_09" time="0.018"/>
  <testcase name="testAbaNumberCheck_17863_good" classname="com.cardatechnologies.utils.validators.abaroutevalidator.Test_AbaRouteValidator_09" time="0.018"/>
  <testcase name="testAbaNumberCheck_19330_bad" classname="com.cardatechnologies.utils.validators.abaroutevalidator.Test_AbaRouteValidator_09" time="0.024"/>
  <testcase name="testAbaNumberCheck_19332_bad" classname="com.cardatechnologies.utils.validators.abaroutevalidator.Test_AbaRouteValidator_09" time="0.018"/>
  <testcase name="testAbaNumberCheck_18677_good" classname="com.cardatechnologies.utils.validators.abaroutevalidator.Test_AbaRouteValidator_09" time="0.018"/>
  <testcase name="testAbaNumberCheck_17737_good" classname="com.cardatechnologies.utils.validators.abaroutevalidator.Test_AbaRouteValidator_09" time="0.019"/>
  <testcase name="testAbaNumberCheck_18520_bad" classname="com.cardatechnologies.utils.validators.abaroutevalidator.Test_AbaRouteValidator_09" time="0.025"/>
  <testcase name="testAbaNumberCheck_19334_bad" classname="com.cardatechnologies.utils.validators.abaroutevalidator.Test_AbaRouteValidator_09" time="0.02"/>
  <testcase name="testAbaNumberCheck_18070_bad" classname="com.cardatechnologies.utils.validators.abaroutevalidator.Test_AbaRouteValidator_09" time="0.018"/>
  <testcase name="testAbaNumberCheck_18522_bad" classname="com.cardatechnologies.utils.validators.abaroutevalidator.Test_AbaRouteValidator_09" time="0.017"/>
  <testcase name="testAbaNumberCheck_19336_bad" classname="com.cardatechnologies.utils.validators.abaroutevalidator.Test_AbaRouteValidator_09" time="0.018"/>
  <testcase name="testAbaNumberCheck_18072_bad" classname="com.cardatechnologies.utils.validators.abaroutevalidator.Test_AbaRouteValidator_09" time="0.017"/>
  <testcase name="testAbaNumberCheck_17710_bad" classname="com.cardatechnologies.utils.validators.abaroutevalidator.Test_AbaRouteValidator_09" time="0.018"/>
  <testcase name="testAbaNumberCheck_18524_bad" classname="com.cardatechnologies.utils.validators.abaroutevalidator.Test_AbaRouteValidator_09" time="0.018"/>
  <testcase name="testAbaNumberCheck_19338_bad" classname="com.cardatechnologies.utils.validators.abaroutevalidator.Test_AbaRouteValidator_09" time="0.017"/>
  <testcase name="testAbaNumberCheck_18074_bad" classname="com.cardatechnologies.utils.validators.abaroutevalidator.Test_AbaRouteValidator_09" time="0.019"/>
  <testcase name="testAbaNumberCheck_17712_bad" classname="com.cardatechnologies.utils.validators.abaroutevalidator.Test_AbaRouteValidator_09" time="0.017"/>
  <testcase name="testAbaNumberCheck_18526_bad" classname="com.cardatechnologies.utils.validators.abaroutevalidator.Test_AbaRouteValidator_09" time="0.018"/>
  <testcase name="testAbaNumberCheck_18076_bad" classname="com.cardatechnologies.utils.validators.abaroutevalidator.Test_AbaRouteValidator_09" time="0.017"/>
  <testcase name="testAbaNumberCheck_17575_good" classname="com.cardatechnologies.utils.validators.abaroutevalidator.Test_AbaRouteValidator_09" time="0.018"/>
  <testcase name="testAbaNumberCheck_17714_bad" classname="com.cardatechnologies.utils.validators.abaroutevalidator.Test_AbaRouteValidator_09" time="0.017"/>
  <testcase name="testAbaNumberCheck_18528_bad" classname="com.cardatechnologies.utils.validators.abaroutevalidator.Test_AbaRouteValidator_09" time="0.017"/>
  <testcase name="testAbaNumberCheck_18078_bad" classname="com.cardatechnologies.utils.validators.abaroutevalidator.Test_AbaRouteValidator_09" time="0.018"/>
  <testcase name="testAbaNumberCheck_17716_bad" classname="com.cardatechnologies.utils.validators.abaroutevalidator.Test_AbaRouteValidator_09" time="0.017"/>
  <testcase name="testAbaNumberCheck_18389_good" classname="com.cardatechnologies.utils.validators.abaroutevalidator.Test_AbaRouteValidator_09" time="0.018"/>
  <testcase name="testAbaNumberCheck_17718_bad" classname="com.cardatechnologies.utils.validators.abaroutevalidator.Test_AbaRouteValidator_09" time="0.019"/>
  <testcase name="testAbaNumberCheck_19987_good" classname="com.cardatechnologies.utils.validators.abaroutevalidator.Test_AbaRouteValidator_09" time="0.017"/>
  <testcase name="testAbaNumberCheck_18885_good" classname="com.cardatechnologies.utils.validators.abaroutevalidator.Test_AbaRouteValidator_09" time="0.018"/>
  <testcase name="testAbaNumberCheck_17945_good" classname="com.cardatechnologies.utils.validators.abaroutevalidator.Test_AbaRouteValidator_09" time="0.017"/>
  <testcase name="testAbaNumberCheck_19699_good" classname="com.cardatechnologies.utils.validators.abaroutevalidator.Test_AbaRouteValidator_09" time="0.018"/>
  <testcase name="testAbaNumberCheck_18759_good" classname="com.cardatechnologies.utils.validators.abaroutevalidator.Test_AbaRouteValidator_09" time="0.022"/>
  <testcase name="testAbaNumberCheck_17819_good" classname="com.cardatechnologies.utils.validators.abaroutevalidator.Test_AbaRouteValidator_09" time="0.02"/>
  <testcase name="testAbaNumberCheck_19340_bad" classname="com.cardatechnologies.utils.validators.abaroutevalidator.Test_AbaRouteValidator_09" time="0.018"/>
  <testcase name="testAbaNumberCheck_19342_bad" classname="com.cardatechnologies.utils.validators.abaroutevalidator.Test_AbaRouteValidator_09" time="0.018"/>
  <testcase name="testAbaNumberCheck_17783_good" classname="com.cardatechnologies.utils.validators.abaroutevalidator.Test_AbaRouteValidator_09" time="0.019"/>
  <testcase name="testAbaNumberCheck_18530_bad" classname="com.cardatechnologies.utils.validators.abaroutevalidator.Test_AbaRouteValidator_09" time="0.029"/>
  <testcase name="testAbaNumberCheck_19344_bad" classname="com.cardatechnologies.utils.validators.abaroutevalidator.Test_AbaRouteValidator_09" time="0.019"/>
  <testcase name="testAbaNumberCheck_18080_bad" classname="com.cardatechnologies.utils.validators.abaroutevalidator.Test_AbaRouteValidator_09" time="0.02"/>
  <testcase name="testAbaNumberCheck_18532_bad" classname="com.cardatechnologies.utils.validators.abaroutevalidator.Test_AbaRouteValidator_09" time="0.019"/>
  <testcase name="testAbaNumberCheck_19346_bad" classname="com.cardatechnologies.utils.validators.abaroutevalidator.Test_AbaRouteValidator_09" time="0.019"/>
  <testcase name="testAbaNumberCheck_18082_bad" classname="com.cardatechnologies.utils.validators.abaroutevalidator.Test_AbaRouteValidator_09" time="0.018"/>
  <testcase name="testAbaNumberCheck_18597_good" classname="com.cardatechnologies.utils.validators.abaroutevalidator.Test_AbaRouteValidator_09" time="0.019"/>
  <testcase name="testAbaNumberCheck_17657_good" classname="com.cardatechnologies.utils.validators.abaroutevalidator.Test_AbaRouteValidator_09" time="0.02"/>
  <testcase name="testAbaNumberCheck_17720_bad" classname="com.cardatechnologies.utils.validators.abaroutevalidator.Test_AbaRouteValidator_09" time="0.019"/>
  <testcase name="testAbaNumberCheck_18534_bad" classname="com.cardatechnologies.utils.validators.abaroutevalidator.Test_AbaRouteValidator_09" time="0.019"/>
  <testcase name="testAbaNumberCheck_19348_bad" classname="com.cardatechnologies.utils.validators.abaroutevalidator.Test_AbaRouteValidator_09" time="0.02"/>
  <testcase name="testAbaNumberCheck_18084_bad" classname="com.cardatechnologies.utils.validators.abaroutevalidator.Test_AbaRouteValidator_09" time="0.019"/>
  <testcase name="testAbaNumberCheck_17722_bad" classname="com.cardatechnologies.utils.validators.abaroutevalidator.Test_AbaRouteValidator_09" time="0.019"/>
  <testcase name="testAbaNumberCheck_18536_bad" classname="com.cardatechnologies.utils.validators.abaroutevalidator.Test_AbaRouteValidator_09" time="0.018"/>
  <testcase name="testAbaNumberCheck_18086_bad" classname="com.cardatechnologies.utils.validators.abaroutevalidator.Test_AbaRouteValidator_09" time="0.019"/>
  <testcase name="testAbaNumberCheck_17724_bad" classname="com.cardatechnologies.utils.validators.abaroutevalidator.Test_AbaRouteValidator_09" time="0.019"/>
  <testcase name="testAbaNumberCheck_18538_bad" classname="com.cardatechnologies.utils.validators.abaroutevalidator.Test_AbaRouteValidator_09" time="0.019"/>
  <testcase name="testAbaNumberCheck_18088_bad" classname="com.cardatechnologies.utils.validators.abaroutevalidator.Test_AbaRouteValidator_09" time="0.019"/>
  <testcase name="testAbaNumberCheck_17726_bad" classname="com.cardatechnologies.utils.validators.abaroutevalidator.Test_AbaRouteValidator_09" time="0.018"/>
  <testcase name="testAbaNumberCheck_17728_bad" classname="com.cardatechnologies.utils.validators.abaroutevalidator.Test_AbaRouteValidator_09" time="0.018"/>
  <testcase name="testAbaNumberCheck_18967_good" classname="com.cardatechnologies.utils.validators.abaroutevalidator.Test_AbaRouteValidator_09" time="0.02"/>
  <testcase name="testAbaNumberCheck_17991_good" classname="com.cardatechnologies.utils.validators.abaroutevalidator.Test_AbaRouteValidator_09" time="0.019"/>
  <testcase name="testAbaNumberCheck_17865_good" classname="com.cardatechnologies.utils.validators.abaroutevalidator.Test_AbaRouteValidator_09" time="0.024"/>
  <testcase name="testAbaNumberCheck_19800_bad" classname="com.cardatechnologies.utils.validators.abaroutevalidator.Test_AbaRouteValidator_09" time="0.022"/>
  <testcase name="testAbaNumberCheck_19350_bad" classname="com.cardatechnologies.utils.validators.abaroutevalidator.Test_AbaRouteValidator_09" time="0.019"/>
  <testcase name="testAbaNumberCheck_19802_bad" classname="com.cardatechnologies.utils.validators.abaroutevalidator.Test_AbaRouteValidator_09" time="0.018"/>
  <testcase name="testAbaNumberCheck_19352_bad" classname="com.cardatechnologies.utils.validators.abaroutevalidator.Test_AbaRouteValidator_09" time="0.026"/>
  <testcase name="testAbaNumberCheck_18679_good" classname="com.cardatechnologies.utils.validators.abaroutevalidator.Test_AbaRouteValidator_09" time="0.02"/>
  <testcase name="testAbaNumberCheck_17739_good" classname="com.cardatechnologies.utils.validators.abaroutevalidator.Test_AbaRouteValidator_09" time="0.019"/>
  <testcase name="testAbaNumberCheck_19804_bad" classname="com.cardatechnologies.utils.validators.abaroutevalidator.Test_AbaRouteValidator_09" time="0.019"/>
  <testcase name="testAbaNumberCheck_18540_bad" classname="com.cardatechnologies.utils.validators.abaroutevalidator.Test_AbaRouteValidator_09" time="0.019"/>
  <testcase name="testAbaNumberCheck_19354_bad" classname="com.cardatechnologies.utils.validators.abaroutevalidator.Test_AbaRouteValidator_09" time="0.018"/>
  <testcase name="testAbaNumberCheck_18090_bad" classname="com.cardatechnologies.utils.validators.abaroutevalidator.Test_AbaRouteValidator_09" time="0.018"/>
  <testcase name="testAbaNumberCheck_19806_bad" classname="com.cardatechnologies.utils.validators.abaroutevalidator.Test_AbaRouteValidator_09" time="0.019"/>
  <testcase name="testAbaNumberCheck_18542_bad" classname="com.cardatechnologies.utils.validators.abaroutevalidator.Test_AbaRouteValidator_09" time="0.02"/>
  <testcase name="testAbaNumberCheck_19356_bad" classname="com.cardatechnologies.utils.validators.abaroutevalidator.Test_AbaRouteValidator_09" time="0.019"/>
  <testcase name="testAbaNumberCheck_18092_bad" classname="com.cardatechnologies.utils.validators.abaroutevalidator.Test_AbaRouteValidator_09" time="0.019"/>
  <testcase name="testAbaNumberCheck_19808_bad" classname="com.cardatechnologies.utils.validators.abaroutevalidator.Test_AbaRouteValidator_09" time="0.019"/>
  <testcase name="testAbaNumberCheck_17730_bad" classname="com.cardatechnologies.utils.validators.abaroutevalidator.Test_AbaRouteValidator_09" time="0.018"/>
  <testcase name="testAbaNumberCheck_18544_bad" classname="com.cardatechnologies.utils.validators.abaroutevalidator.Test_AbaRouteValidator_09" time="0.018"/>
  <testcase name="testAbaNumberCheck_19358_bad" classname="com.cardatechnologies.utils.validators.abaroutevalidator.Test_AbaRouteValidator_09" time="0.018"/>
  <testcase name="testAbaNumberCheck_18094_bad" classname="com.cardatechnologies.utils.validators.abaroutevalidator.Test_AbaRouteValidator_09" time="0.017"/>
  <testcase name="testAbaNumberCheck_17732_bad" classname="com.cardatechnologies.utils.validators.abaroutevalidator.Test_AbaRouteValidator_09" time="0.018"/>
  <testcase name="testAbaNumberCheck_18546_bad" classname="com.cardatechnologies.utils.validators.abaroutevalidator.Test_AbaRouteValidator_09" time="0.018"/>
  <testcase name="testAbaNumberCheck_18096_bad" classname="com.cardatechnologies.utils.validators.abaroutevalidator.Test_AbaRouteValidator_09" time="0.017"/>
  <testcase name="testAbaNumberCheck_17577_good" classname="com.cardatechnologies.utils.validators.abaroutevalidator.Test_AbaRouteValidator_09" time="0.017"/>
  <testcase name="testAbaNumberCheck_17734_bad" classname="com.cardatechnologies.utils.validators.abaroutevalidator.Test_AbaRouteValidator_09" time="0.018"/>
  <testcase name="testAbaNumberCheck_18548_bad" classname="com.cardatechnologies.utils.validators.abaroutevalidator.Test_AbaRouteValidator_09" time="0.018"/>
  <testcase name="testAbaNumberCheck_18098_bad" classname="com.cardatechnologies.utils.validators.abaroutevalidator.Test_AbaRouteValidator_09" time="0.018"/>
  <testcase name="testAbaNumberCheck_17736_bad" classname="com.cardatechnologies.utils.validators.abaroutevalidator.Test_AbaRouteValidator_09" time="0.018"/>
  <testcase name="testAbaNumberCheck_17738_bad" classname="com.cardatechnologies.utils.validators.abaroutevalidator.Test_AbaRouteValidator_09" time="0.025"/>
  <testcase name="testAbaNumberCheck_19989_good" classname="com.cardatechnologies.utils.validators.abaroutevalidator.Test_AbaRouteValidator_09" time="0.018"/>
  <testcase name="testAbaNumberCheck_18887_good" classname="com.cardatechnologies.utils.validators.abaroutevalidator.Test_AbaRouteValidator_09" time="0.019"/>
  <testcase name="testAbaNumberCheck_17947_good" classname="com.cardatechnologies.utils.validators.abaroutevalidator.Test_AbaRouteValidator_09" time="0.019"/>
  <testcase name="testAbaNumberCheck_19810_bad" classname="com.cardatechnologies.utils.validators.abaroutevalidator.Test_AbaRouteValidator_09" time="0.028"/>
  <testcase name="testAbaNumberCheck_19360_bad" classname="com.cardatechnologies.utils.validators.abaroutevalidator.Test_AbaRouteValidator_09" time="0.022"/>
  <testcase name="testAbaNumberCheck_19812_bad" classname="com.cardatechnologies.utils.validators.abaroutevalidator.Test_AbaRouteValidator_09" time="0.02"/>
  <testcase name="testAbaNumberCheck_19362_bad" classname="com.cardatechnologies.utils.validators.abaroutevalidator.Test_AbaRouteValidator_09" time="0.021"/>
  <testcase name="testAbaNumberCheck_17785_good" classname="com.cardatechnologies.utils.validators.abaroutevalidator.Test_AbaRouteValidator_09" time="0.021"/>
  <testcase name="testAbaNumberCheck_19814_bad" classname="com.cardatechnologies.utils.validators.abaroutevalidator.Test_AbaRouteValidator_09" time="0.02"/>
  <testcase name="testAbaNumberCheck_18550_bad" classname="com.cardatechnologies.utils.validators.abaroutevalidator.Test_AbaRouteValidator_09" time="0.021"/>
  <testcase name="testAbaNumberCheck_19364_bad" classname="com.cardatechnologies.utils.validators.abaroutevalidator.Test_AbaRouteValidator_09" time="0.02"/>
  <testcase name="testAbaNumberCheck_19816_bad" classname="com.cardatechnologies.utils.validators.abaroutevalidator.Test_AbaRouteValidator_09" time="0.018"/>
  <testcase name="testAbaNumberCheck_18552_bad" classname="com.cardatechnologies.utils.validators.abaroutevalidator.Test_AbaRouteValidator_09" time="0.019"/>
  <testcase name="testAbaNumberCheck_19366_bad" classname="com.cardatechnologies.utils.validators.abaroutevalidator.Test_AbaRouteValidator_09" time="0.018"/>
  <testcase name="testAbaNumberCheck_18599_good" classname="com.cardatechnologies.utils.validators.abaroutevalidator.Test_AbaRouteValidator_09" time="0.018"/>
  <testcase name="testAbaNumberCheck_17659_good" classname="com.cardatechnologies.utils.validators.abaroutevalidator.Test_AbaRouteValidator_09" time="0.019"/>
  <testcase name="testAbaNumberCheck_19818_bad" classname="com.cardatechnologies.utils.validators.abaroutevalidator.Test_AbaRouteValidator_09" time="0.019"/>
  <testcase name="testAbaNumberCheck_17740_bad" classname="com.cardatechnologies.utils.validators.abaroutevalidator.Test_AbaRouteValidator_09" time="0.02"/>
  <testcase name="testAbaNumberCheck_18554_bad" classname="com.cardatechnologies.utils.validators.abaroutevalidator.Test_AbaRouteValidator_09" time="0.019"/>
  <testcase name="testAbaNumberCheck_19368_bad" classname="com.cardatechnologies.utils.validators.abaroutevalidator.Test_AbaRouteValidator_09" time="0.019"/>
  <testcase name="testAbaNumberCheck_17742_bad" classname="com.cardatechnologies.utils.validators.abaroutevalidator.Test_AbaRouteValidator_09" time="0.019"/>
  <testcase name="testAbaNumberCheck_18556_bad" classname="com.cardatechnologies.utils.validators.abaroutevalidator.Test_AbaRouteValidator_09" time="0.019"/>
  <testcase name="testAbaNumberCheck_17744_bad" classname="com.cardatechnologies.utils.validators.abaroutevalidator.Test_AbaRouteValidator_09" time="0.019"/>
  <testcase name="testAbaNumberCheck_18558_bad" classname="com.cardatechnologies.utils.validators.abaroutevalidator.Test_AbaRouteValidator_09" time="0.019"/>
  <testcase name="testAbaNumberCheck_17746_bad" classname="com.cardatechnologies.utils.validators.abaroutevalidator.Test_AbaRouteValidator_09" time="0.02"/>
  <testcase name="testAbaNumberCheck_17748_bad" classname="com.cardatechnologies.utils.validators.abaroutevalidator.Test_AbaRouteValidator_09" time="0.025"/>
  <testcase name="testAbaNumberCheck_18969_good" classname="com.cardatechnologies.utils.validators.abaroutevalidator.Test_AbaRouteValidator_09" time="0.025"/>
  <testcase name="testAbaNumberCheck_17993_good" classname="com.cardatechnologies.utils.validators.abaroutevalidator.Test_AbaRouteValidator_09" time="0.02"/>
  <testcase name="testAbaNumberCheck_17867_good" classname="com.cardatechnologies.utils.validators.abaroutevalidator.Test_AbaRouteValidator_09" time="0.022"/>
  <testcase name="testAbaNumberCheck_19820_bad" classname="com.cardatechnologies.utils.validators.abaroutevalidator.Test_AbaRouteValidator_09" time="0.026"/>
  <testcase name="testAbaNumberCheck_19370_bad" classname="com.cardatechnologies.utils.validators.abaroutevalidator.Test_AbaRouteValidator_09" time="0.019"/>
  <testcase name="testAbaNumberCheck_19822_bad" classname="com.cardatechnologies.utils.validators.abaroutevalidator.Test_AbaRouteValidator_09" time="0.019"/>
  <testcase name="testAbaNumberCheck_19372_bad" classname="com.cardatechnologies.utils.validators.abaroutevalidator.Test_AbaRouteValidator_09" time="0.019"/>
  <testcase name="testAbaNumberCheck_19824_bad" classname="com.cardatechnologies.utils.validators.abaroutevalidator.Test_AbaRouteValidator_09" time="0.02"/>
  <testcase name="testAbaNumberCheck_18560_bad" classname="com.cardatechnologies.utils.validators.abaroutevalidator.Test_AbaRouteValidator_09" time="0.019"/>
  <testcase name="testAbaNumberCheck_19374_bad" classname="com.cardatechnologies.utils.validators.abaroutevalidator.Test_AbaRouteValidator_09" time="0.019"/>
  <testcase name="testAbaNumberCheck_19826_bad" classname="com.cardatechnologies.utils.validators.abaroutevalidator.Test_AbaRouteValidator_09" time="0.019"/>
  <testcase name="testAbaNumberCheck_18562_bad" classname="com.cardatechnologies.utils.validators.abaroutevalidator.Test_AbaRouteValidator_09" time="0.019"/>
  <testcase name="testAbaNumberCheck_19376_bad" classname="com.cardatechnologies.utils.validators.abaroutevalidator.Test_AbaRouteValidator_09" time="0.018"/>
  <testcase name="testAbaNumberCheck_19828_bad" classname="com.cardatechnologies.utils.validators.abaroutevalidator.Test_AbaRouteValidator_09" time="0.02"/>
  <testcase name="testAbaNumberCheck_17750_bad" classname="com.cardatechnologies.utils.validators.abaroutevalidator.Test_AbaRouteValidator_09" time="0.018"/>
  <testcase name="testAbaNumberCheck_18564_bad" classname="com.cardatechnologies.utils.validators.abaroutevalidator.Test_AbaRouteValidator_09" time="0.019"/>
  <testcase name="testAbaNumberCheck_19378_bad" classname="com.cardatechnologies.utils.validators.abaroutevalidator.Test_AbaRouteValidator_09" time="0.018"/>
  <testcase name="testAbaNumberCheck_17752_bad" classname="com.cardatechnologies.utils.validators.abaroutevalidator.Test_AbaRouteValidator_09" time="0.018"/>
  <testcase name="testAbaNumberCheck_18566_bad" classname="com.cardatechnologies.utils.validators.abaroutevalidator.Test_AbaRouteValidator_09" time="0.019"/>
  <testcase name="testAbaNumberCheck_17579_good" classname="com.cardatechnologies.utils.validators.abaroutevalidator.Test_AbaRouteValidator_09" time="0.018"/>
  <testcase name="testAbaNumberCheck_17754_bad" classname="com.cardatechnologies.utils.validators.abaroutevalidator.Test_AbaRouteValidator_09" time="0.018"/>
  <testcase name="testAbaNumberCheck_18568_bad" classname="com.cardatechnologies.utils.validators.abaroutevalidator.Test_AbaRouteValidator_09" time="0.017"/>
  <testcase name="testAbaNumberCheck_17756_bad" classname="com.cardatechnologies.utils.validators.abaroutevalidator.Test_AbaRouteValidator_09" time="0.019"/>
  <testcase name="testAbaNumberCheck_17758_bad" classname="com.cardatechnologies.utils.validators.abaroutevalidator.Test_AbaRouteValidator_09" time="0.017"/>
  <testcase name="testAbaNumberCheck_18889_good" classname="com.cardatechnologies.utils.validators.abaroutevalidator.Test_AbaRouteValidator_09" time="0.017"/>
  <testcase name="testAbaNumberCheck_17949_good" classname="com.cardatechnologies.utils.validators.abaroutevalidator.Test_AbaRouteValidator_09" time="0.023"/>
  <testcase name="testAbaNumberCheck_19830_bad" classname="com.cardatechnologies.utils.validators.abaroutevalidator.Test_AbaRouteValidator_09" time="0.02"/>
  <testcase name="testAbaNumberCheck_19380_bad" classname="com.cardatechnologies.utils.validators.abaroutevalidator.Test_AbaRouteValidator_09" time="0.02"/>
  <testcase name="testAbaNumberCheck_19832_bad" classname="com.cardatechnologies.utils.validators.abaroutevalidator.Test_AbaRouteValidator_09" time="0.019"/>
  <testcase name="testAbaNumberCheck_19382_bad" classname="com.cardatechnologies.utils.validators.abaroutevalidator.Test_AbaRouteValidator_09" time="0.017"/>
  <testcase name="testAbaNumberCheck_17787_good" classname="com.cardatechnologies.utils.validators.abaroutevalidator.Test_AbaRouteValidator_09" time="0.028"/>
  <testcase name="testAbaNumberCheck_19834_bad" classname="com.cardatechnologies.utils.validators.abaroutevalidator.Test_AbaRouteValidator_09" time="0.017"/>
  <testcase name="testAbaNumberCheck_18570_bad" classname="com.cardatechnologies.utils.validators.abaroutevalidator.Test_AbaRouteValidator_09" time="0.018"/>
  <testcase name="testAbaNumberCheck_19384_bad" classname="com.cardatechnologies.utils.validators.abaroutevalidator.Test_AbaRouteValidator_09" time="0.017"/>
  <testcase name="testAbaNumberCheck_19836_bad" classname="com.cardatechnologies.utils.validators.abaroutevalidator.Test_AbaRouteValidator_09" time="0.019"/>
  <testcase name="testAbaNumberCheck_18572_bad" classname="com.cardatechnologies.utils.validators.abaroutevalidator.Test_AbaRouteValidator_09" time="0.018"/>
  <testcase name="testAbaNumberCheck_19386_bad" classname="com.cardatechnologies.utils.validators.abaroutevalidator.Test_AbaRouteValidator_09" time="0.017"/>
  <testcase name="testAbaNumberCheck_19838_bad" classname="com.cardatechnologies.utils.validators.abaroutevalidator.Test_AbaRouteValidator_09" time="0.019"/>
  <testcase name="testAbaNumberCheck_17760_bad" classname="com.cardatechnologies.utils.validators.abaroutevalidator.Test_AbaRouteValidator_09" time="0.019"/>
  <testcase name="testAbaNumberCheck_18574_bad" classname="com.cardatechnologies.utils.validators.abaroutevalidator.Test_AbaRouteValidator_09" time="0.018"/>
  <testcase name="testAbaNumberCheck_19388_bad" classname="com.cardatechnologies.utils.validators.abaroutevalidator.Test_AbaRouteValidator_09" time="0.017"/>
  <testcase name="testAbaNumberCheck_17762_bad" classname="com.cardatechnologies.utils.validators.abaroutevalidator.Test_AbaRouteValidator_09" time="0.018"/>
  <testcase name="testAbaNumberCheck_18576_bad" classname="com.cardatechnologies.utils.validators.abaroutevalidator.Test_AbaRouteValidator_09" time="0.018"/>
  <testcase name="testAbaNumberCheck_17764_bad" classname="com.cardatechnologies.utils.validators.abaroutevalidator.Test_AbaRouteValidator_09" time="0.019"/>
  <testcase name="testAbaNumberCheck_18578_bad" classname="com.cardatechnologies.utils.validators.abaroutevalidator.Test_AbaRouteValidator_09" time="0.018"/>
  <testcase name="testAbaNumberCheck_17766_bad" classname="com.cardatechnologies.utils.validators.abaroutevalidator.Test_AbaRouteValidator_09" time="0.018"/>
  <testcase name="testAbaNumberCheck_17768_bad" classname="com.cardatechnologies.utils.validators.abaroutevalidator.Test_AbaRouteValidator_09" time="0.019"/>
  <testcase name="testAbaNumberCheck_17995_good" classname="com.cardatechnologies.utils.validators.abaroutevalidator.Test_AbaRouteValidator_09" time="0.017"/>
  <testcase name="testAbaNumberCheck_17869_good" classname="com.cardatechnologies.utils.validators.abaroutevalidator.Test_AbaRouteValidator_09" time="0.017"/>
  <testcase name="testAbaNumberCheck_19840_bad" classname="com.cardatechnologies.utils.validators.abaroutevalidator.Test_AbaRouteValidator_09" time="0.019"/>
  <testcase name="testAbaNumberCheck_19390_bad" classname="com.cardatechnologies.utils.validators.abaroutevalidator.Test_AbaRouteValidator_09" time="0.019"/>
  <testcase name="testAbaNumberCheck_19842_bad" classname="com.cardatechnologies.utils.validators.abaroutevalidator.Test_AbaRouteValidator_09" time="0.018"/>
  <testcase name="testAbaNumberCheck_19392_bad" classname="com.cardatechnologies.utils.validators.abaroutevalidator.Test_AbaRouteValidator_09" time="0.018"/>
  <testcase name="testAbaNumberCheck_19844_bad" classname="com.cardatechnologies.utils.validators.abaroutevalidator.Test_AbaRouteValidator_09" time="0.026"/>
  <testcase name="testAbaNumberCheck_18580_bad" classname="com.cardatechnologies.utils.validators.abaroutevalidator.Test_AbaRouteValidator_09" time="0.017"/>
  <testcase name="testAbaNumberCheck_19394_bad" classname="com.cardatechnologies.utils.validators.abaroutevalidator.Test_AbaRouteValidator_09" time="0.019"/>
  <testcase name="testAbaNumberCheck_19846_bad" classname="com.cardatechnologies.utils.validators.abaroutevalidator.Test_AbaRouteValidator_09" time="0.019"/>
  <testcase name="testAbaNumberCheck_18582_bad" classname="com.cardatechnologies.utils.validators.abaroutevalidator.Test_AbaRouteValidator_09" time="0.024"/>
  <testcase name="testAbaNumberCheck_19396_bad" classname="com.cardatechnologies.utils.validators.abaroutevalidator.Test_AbaRouteValidator_09" time="0.025"/>
  <testcase name="testAbaNumberCheck_19848_bad" classname="com.cardatechnologies.utils.validators.abaroutevalidator.Test_AbaRouteValidator_09" time="0.02"/>
  <testcase name="testAbaNumberCheck_17770_bad" classname="com.cardatechnologies.utils.validators.abaroutevalidator.Test_AbaRouteValidator_09" time="0.021"/>
  <testcase name="testAbaNumberCheck_18584_bad" classname="com.cardatechnologies.utils.validators.abaroutevalidator.Test_AbaRouteValidator_09" time="0.02"/>
  <testcase name="testAbaNumberCheck_19398_bad" classname="com.cardatechnologies.utils.validators.abaroutevalidator.Test_AbaRouteValidator_09" time="0.018"/>
  <testcase name="testAbaNumberCheck_17772_bad" classname="com.cardatechnologies.utils.validators.abaroutevalidator.Test_AbaRouteValidator_09" time="0.018"/>
  <testcase name="testAbaNumberCheck_18586_bad" classname="com.cardatechnologies.utils.validators.abaroutevalidator.Test_AbaRouteValidator_09" time="0.02"/>
  <testcase name="testAbaNumberCheck_17774_bad" classname="com.cardatechnologies.utils.validators.abaroutevalidator.Test_AbaRouteValidator_09" time="0.021"/>
  <testcase name="testAbaNumberCheck_18588_bad" classname="com.cardatechnologies.utils.validators.abaroutevalidator.Test_AbaRouteValidator_09" time="0.02"/>
  <testcase name="testAbaNumberCheck_17776_bad" classname="com.cardatechnologies.utils.validators.abaroutevalidator.Test_AbaRouteValidator_09" time="0.02"/>
  <testcase name="testAbaNumberCheck_17778_bad" classname="com.cardatechnologies.utils.validators.abaroutevalidator.Test_AbaRouteValidator_09" time="0.021"/>
  <testcase name="testAbaNumberCheck_19850_bad" classname="com.cardatechnologies.utils.validators.abaroutevalidator.Test_AbaRouteValidator_09" time="0.021"/>
  <testcase name="testAbaNumberCheck_19852_bad" classname="com.cardatechnologies.utils.validators.abaroutevalidator.Test_AbaRouteValidator_09" time="0.021"/>
  <testcase name="testAbaNumberCheck_17789_good" classname="com.cardatechnologies.utils.validators.abaroutevalidator.Test_AbaRouteValidator_09" time="0.022"/>
  <testcase name="testAbaNumberCheck_19854_bad" classname="com.cardatechnologies.utils.validators.abaroutevalidator.Test_AbaRouteValidator_09" time="0.021"/>
  <testcase name="testAbaNumberCheck_18590_bad" classname="com.cardatechnologies.utils.validators.abaroutevalidator.Test_AbaRouteValidator_09" time="0.019"/>
  <testcase name="testAbaNumberCheck_19856_bad" classname="com.cardatechnologies.utils.validators.abaroutevalidator.Test_AbaRouteValidator_09" time="0.02"/>
  <testcase name="testAbaNumberCheck_18592_bad" classname="com.cardatechnologies.utils.validators.abaroutevalidator.Test_AbaRouteValidator_09" time="0.021"/>
  <testcase name="testAbaNumberCheck_19858_bad" classname="com.cardatechnologies.utils.validators.abaroutevalidator.Test_AbaRouteValidator_09" time="0.02"/>
  <testcase name="testAbaNumberCheck_17780_bad" classname="com.cardatechnologies.utils.validators.abaroutevalidator.Test_AbaRouteValidator_09" time="0.02"/>
  <testcase name="testAbaNumberCheck_18594_bad" classname="com.cardatechnologies.utils.validators.abaroutevalidator.Test_AbaRouteValidator_09" time="0.025"/>
  <testcase name="testAbaNumberCheck_17782_bad" classname="com.cardatechnologies.utils.validators.abaroutevalidator.Test_AbaRouteValidator_09" time="0.023"/>
  <testcase name="testAbaNumberCheck_18596_bad" classname="com.cardatechnologies.utils.validators.abaroutevalidator.Test_AbaRouteValidator_09" time="0.018"/>
  <testcase name="testAbaNumberCheck_17784_bad" classname="com.cardatechnologies.utils.validators.abaroutevalidator.Test_AbaRouteValidator_09" time="0.019"/>
  <testcase name="testAbaNumberCheck_18598_bad" classname="com.cardatechnologies.utils.validators.abaroutevalidator.Test_AbaRouteValidator_09" time="0.018"/>
  <testcase name="testAbaNumberCheck_17786_bad" classname="com.cardatechnologies.utils.validators.abaroutevalidator.Test_AbaRouteValidator_09" time="0.028"/>
  <testcase name="testAbaNumberCheck_17788_bad" classname="com.cardatechnologies.utils.validators.abaroutevalidator.Test_AbaRouteValidator_09" time="0.018"/>
  <testcase name="testAbaNumberCheck_17997_good" classname="com.cardatechnologies.utils.validators.abaroutevalidator.Test_AbaRouteValidator_09" time="0.018"/>
  <testcase name="testAbaNumberCheck_19860_bad" classname="com.cardatechnologies.utils.validators.abaroutevalidator.Test_AbaRouteValidator_09" time="0.018"/>
  <testcase name="testAbaNumberCheck_19862_bad" classname="com.cardatechnologies.utils.validators.abaroutevalidator.Test_AbaRouteValidator_09" time="0.018"/>
  <testcase name="testAbaNumberCheck_19864_bad" classname="com.cardatechnologies.utils.validators.abaroutevalidator.Test_AbaRouteValidator_09" time="0.017"/>
  <testcase name="testAbaNumberCheck_19866_bad" classname="com.cardatechnologies.utils.validators.abaroutevalidator.Test_AbaRouteValidator_09" time="0.018"/>
  <testcase name="testAbaNumberCheck_19868_bad" classname="com.cardatechnologies.utils.validators.abaroutevalidator.Test_AbaRouteValidator_09" time="0.017"/>
  <testcase name="testAbaNumberCheck_17790_bad" classname="com.cardatechnologies.utils.validators.abaroutevalidator.Test_AbaRouteValidator_09" time="0.018"/>
  <testcase name="testAbaNumberCheck_17792_bad" classname="com.cardatechnologies.utils.validators.abaroutevalidator.Test_AbaRouteValidator_09" time="0.017"/>
  <testcase name="testAbaNumberCheck_17794_bad" classname="com.cardatechnologies.utils.validators.abaroutevalidator.Test_AbaRouteValidator_09" time="0.018"/>
  <testcase name="testAbaNumberCheck_17796_bad" classname="com.cardatechnologies.utils.validators.abaroutevalidator.Test_AbaRouteValidator_09" time="0.021"/>
  <testcase name="testAbaNumberCheck_17798_bad" classname="com.cardatechnologies.utils.validators.abaroutevalidator.Test_AbaRouteValidator_09" time="0.018"/>
  <testcase name="testAbaNumberCheck_19870_bad" classname="com.cardatechnologies.utils.validators.abaroutevalidator.Test_AbaRouteValidator_09" time="0.018"/>
  <testcase name="testAbaNumberCheck_19872_bad" classname="com.cardatechnologies.utils.validators.abaroutevalidator.Test_AbaRouteValidator_09" time="0.018"/>
  <testcase name="testAbaNumberCheck_19874_bad" classname="com.cardatechnologies.utils.validators.abaroutevalidator.Test_AbaRouteValidator_09" time="0.018"/>
  <testcase name="testAbaNumberCheck_19876_bad" classname="com.cardatechnologies.utils.validators.abaroutevalidator.Test_AbaRouteValidator_09" time="0.018"/>
  <testcase name="testAbaNumberCheck_19878_bad" classname="com.cardatechnologies.utils.validators.abaroutevalidator.Test_AbaRouteValidator_09" time="0.019"/>
  <testcase name="testAbaNumberCheck_19101_good" classname="com.cardatechnologies.utils.validators.abaroutevalidator.Test_AbaRouteValidator_09" time="0.018"/>
  <testcase name="testAbaNumberCheck_17999_good" classname="com.cardatechnologies.utils.validators.abaroutevalidator.Test_AbaRouteValidator_09" time="0.018"/>
  <testcase name="testAbaNumberCheck_19880_bad" classname="com.cardatechnologies.utils.validators.abaroutevalidator.Test_AbaRouteValidator_09" time="0.02"/>
  <testcase name="testAbaNumberCheck_19882_bad" classname="com.cardatechnologies.utils.validators.abaroutevalidator.Test_AbaRouteValidator_09" time="0.019"/>
  <testcase name="testAbaNumberCheck_19884_bad" classname="com.cardatechnologies.utils.validators.abaroutevalidator.Test_AbaRouteValidator_09" time="0.019"/>
  <testcase name="testAbaNumberCheck_19886_bad" classname="com.cardatechnologies.utils.validators.abaroutevalidator.Test_AbaRouteValidator_09" time="0.026"/>
  <testcase name="testAbaNumberCheck_19888_bad" classname="com.cardatechnologies.utils.validators.abaroutevalidator.Test_AbaRouteValidator_09" time="0.019"/>
  <testcase name="testAbaNumberCheck_19021_good" classname="com.cardatechnologies.utils.validators.abaroutevalidator.Test_AbaRouteValidator_09" time="0.02"/>
  <testcase name="testAbaNumberCheck_19890_bad" classname="com.cardatechnologies.utils.validators.abaroutevalidator.Test_AbaRouteValidator_09" time="0.02"/>
  <testcase name="testAbaNumberCheck_19892_bad" classname="com.cardatechnologies.utils.validators.abaroutevalidator.Test_AbaRouteValidator_09" time="0.025"/>
  <testcase name="testAbaNumberCheck_19894_bad" classname="com.cardatechnologies.utils.validators.abaroutevalidator.Test_AbaRouteValidator_09" time="0.02"/>
  <testcase name="testAbaNumberCheck_19896_bad" classname="com.cardatechnologies.utils.validators.abaroutevalidator.Test_AbaRouteValidator_09" time="0.018"/>
  <testcase name="testAbaNumberCheck_19898_bad" classname="com.cardatechnologies.utils.validators.abaroutevalidator.Test_AbaRouteValidator_09" time="0.017"/>
  <testcase name="testAbaNumberCheck_19103_good" classname="com.cardatechnologies.utils.validators.abaroutevalidator.Test_AbaRouteValidator_09" time="0.019"/>
  <testcase name="testAbaNumberCheck_18001_good" classname="com.cardatechnologies.utils.validators.abaroutevalidator.Test_AbaRouteValidator_09" time="0.019"/>
  <testcase name="testAbaNumberCheck_19311_good" classname="com.cardatechnologies.utils.validators.abaroutevalidator.Test_AbaRouteValidator_09" time="0.018"/>
  <testcase name="testAbaNumberCheck_19023_good" classname="com.cardatechnologies.utils.validators.abaroutevalidator.Test_AbaRouteValidator_09" time="0.018"/>
  <testcase name="testAbaNumberCheck_19231_good" classname="com.cardatechnologies.utils.validators.abaroutevalidator.Test_AbaRouteValidator_09" time="0.018"/>
  <testcase name="testAbaNumberCheck_19105_good" classname="com.cardatechnologies.utils.validators.abaroutevalidator.Test_AbaRouteValidator_09" time="0.018"/>
  <testcase name="testAbaNumberCheck_18003_good" classname="com.cardatechnologies.utils.validators.abaroutevalidator.Test_AbaRouteValidator_09" time="0.018"/>
  <testcase name="testAbaNumberCheck_19601_good" classname="com.cardatechnologies.utils.validators.abaroutevalidator.Test_AbaRouteValidator_09" time="0.018"/>
  <testcase name="testAbaNumberCheck_19313_good" classname="com.cardatechnologies.utils.validators.abaroutevalidator.Test_AbaRouteValidator_09" time="0.019"/>
  <testcase name="testAbaNumberCheck_19151_good" classname="com.cardatechnologies.utils.validators.abaroutevalidator.Test_AbaRouteValidator_09" time="0.018"/>
  <testcase name="testAbaNumberCheck_18211_good" classname="com.cardatechnologies.utils.validators.abaroutevalidator.Test_AbaRouteValidator_09" time="0.018"/>
  <testcase name="testAbaNumberCheck_19025_good" classname="com.cardatechnologies.utils.validators.abaroutevalidator.Test_AbaRouteValidator_09" time="0.018"/>
  <testcase name="testAbaNumberCheck_19521_good" classname="com.cardatechnologies.utils.validators.abaroutevalidator.Test_AbaRouteValidator_09" time="0.018"/>
  <testcase name="testAbaNumberCheck_19233_good" classname="com.cardatechnologies.utils.validators.abaroutevalidator.Test_AbaRouteValidator_09" time="0.018"/>
  <testcase name="testAbaNumberCheck_19107_good" classname="com.cardatechnologies.utils.validators.abaroutevalidator.Test_AbaRouteValidator_09" time="0.019"/>
  <testcase name="testAbaNumberCheck_19071_good" classname="com.cardatechnologies.utils.validators.abaroutevalidator.Test_AbaRouteValidator_09" time="0.019"/>
  <testcase name="testAbaNumberCheck_18131_good" classname="com.cardatechnologies.utils.validators.abaroutevalidator.Test_AbaRouteValidator_09" time="0.017"/>
  <testcase name="testAbaNumberCheck_18005_good" classname="com.cardatechnologies.utils.validators.abaroutevalidator.Test_AbaRouteValidator_09" time="0.018"/>
  <testcase name="testAbaNumberCheck_19603_good" classname="com.cardatechnologies.utils.validators.abaroutevalidator.Test_AbaRouteValidator_09" time="0.018"/>
  <testcase name="testAbaNumberCheck_19441_good" classname="com.cardatechnologies.utils.validators.abaroutevalidator.Test_AbaRouteValidator_09" time="0.022"/>
  <testcase name="testAbaNumberCheck_18501_good" classname="com.cardatechnologies.utils.validators.abaroutevalidator.Test_AbaRouteValidator_09" time="0.022"/>
  <testcase name="testAbaNumberCheck_19315_good" classname="com.cardatechnologies.utils.validators.abaroutevalidator.Test_AbaRouteValidator_09" time="0.018"/>
  <testcase name="testAbaNumberCheck_19153_good" classname="com.cardatechnologies.utils.validators.abaroutevalidator.Test_AbaRouteValidator_09" time="0.018"/>
  <testcase name="testAbaNumberCheck_18213_good" classname="com.cardatechnologies.utils.validators.abaroutevalidator.Test_AbaRouteValidator_09" time="0.018"/>
  <testcase name="testAbaNumberCheck_19811_good" classname="com.cardatechnologies.utils.validators.abaroutevalidator.Test_AbaRouteValidator_09" time="0.029"/>
  <testcase name="testAbaNumberCheck_19027_good" classname="com.cardatechnologies.utils.validators.abaroutevalidator.Test_AbaRouteValidator_09" time="0.018"/>
  <testcase name="testAbaNumberCheck_18051_good" classname="com.cardatechnologies.utils.validators.abaroutevalidator.Test_AbaRouteValidator_09" time="0.018"/>
  <testcase name="testAbaNumberCheck_19523_good" classname="com.cardatechnologies.utils.validators.abaroutevalidator.Test_AbaRouteValidator_09" time="0.02"/>
  <testcase name="testAbaNumberCheck_19361_good" classname="com.cardatechnologies.utils.validators.abaroutevalidator.Test_AbaRouteValidator_09" time="0.018"/>
  <testcase name="testAbaNumberCheck_18421_good" classname="com.cardatechnologies.utils.validators.abaroutevalidator.Test_AbaRouteValidator_09" time="0.018"/>
  <testcase name="testAbaNumberCheck_19235_good" classname="com.cardatechnologies.utils.validators.abaroutevalidator.Test_AbaRouteValidator_09" time="0.018"/>
  <testcase name="testAbaNumberCheck_19109_good" classname="com.cardatechnologies.utils.validators.abaroutevalidator.Test_AbaRouteValidator_09" time="0.018"/>
  <testcase name="testAbaNumberCheck_19073_good" classname="com.cardatechnologies.utils.validators.abaroutevalidator.Test_AbaRouteValidator_09" time="0.018"/>
  <testcase name="testAbaNumberCheck_18133_good" classname="com.cardatechnologies.utils.validators.abaroutevalidator.Test_AbaRouteValidator_09" time="0.017"/>
  <testcase name="testAbaNumberCheck_19731_good" classname="com.cardatechnologies.utils.validators.abaroutevalidator.Test_AbaRouteValidator_09" time="0.018"/>
  <testcase name="testAbaNumberCheck_18007_good" classname="com.cardatechnologies.utils.validators.abaroutevalidator.Test_AbaRouteValidator_09" time="0.017"/>
  <testcase name="testAbaNumberCheck_19605_good" classname="com.cardatechnologies.utils.validators.abaroutevalidator.Test_AbaRouteValidator_09" time="0.018"/>
  <testcase name="testAbaNumberCheck_19443_good" classname="com.cardatechnologies.utils.validators.abaroutevalidator.Test_AbaRouteValidator_09" time="0.018"/>
  <testcase name="testAbaNumberCheck_18503_good" classname="com.cardatechnologies.utils.validators.abaroutevalidator.Test_AbaRouteValidator_09" time="0.018"/>
  <testcase name="testAbaNumberCheck_19317_good" classname="com.cardatechnologies.utils.validators.abaroutevalidator.Test_AbaRouteValidator_09" time="0.017"/>
  <testcase name="testAbaNumberCheck_19281_good" classname="com.cardatechnologies.utils.validators.abaroutevalidator.Test_AbaRouteValidator_09" time="0.018"/>
  <testcase name="testAbaNumberCheck_18341_good" classname="com.cardatechnologies.utils.validators.abaroutevalidator.Test_AbaRouteValidator_09" time="0.018"/>
  <testcase name="testAbaNumberCheck_19155_good" classname="com.cardatechnologies.utils.validators.abaroutevalidator.Test_AbaRouteValidator_09" time="0.018"/>
  <testcase name="testAbaNumberCheck_18215_good" classname="com.cardatechnologies.utils.validators.abaroutevalidator.Test_AbaRouteValidator_09" time="0.017"/>
  <testcase name="testAbaNumberCheck_19813_good" classname="com.cardatechnologies.utils.validators.abaroutevalidator.Test_AbaRouteValidator_09" time="0.02"/>
  <testcase name="testAbaNumberCheck_19029_good" classname="com.cardatechnologies.utils.validators.abaroutevalidator.Test_AbaRouteValidator_09" time="0.017"/>
  <testcase name="testAbaNumberCheck_18053_good" classname="com.cardatechnologies.utils.validators.abaroutevalidator.Test_AbaRouteValidator_09" time="0.018"/>
  <testcase name="testAbaNumberCheck_19651_good" classname="com.cardatechnologies.utils.validators.abaroutevalidator.Test_AbaRouteValidator_09" time="0.023"/>
  <testcase name="testAbaNumberCheck_18711_good" classname="com.cardatechnologies.utils.validators.abaroutevalidator.Test_AbaRouteValidator_09" time="0.02"/>
  <testcase name="testAbaNumberCheck_19525_good" classname="com.cardatechnologies.utils.validators.abaroutevalidator.Test_AbaRouteValidator_09" time="0.017"/>
  <testcase name="testAbaNumberCheck_19363_good" classname="com.cardatechnologies.utils.validators.abaroutevalidator.Test_AbaRouteValidator_09" time="0.018"/>
  <testcase name="testAbaNumberCheck_18423_good" classname="com.cardatechnologies.utils.validators.abaroutevalidator.Test_AbaRouteValidator_09" time="0.018"/>
  <testcase name="testAbaNumberCheck_19237_good" classname="com.cardatechnologies.utils.validators.abaroutevalidator.Test_AbaRouteValidator_09" time="0.024"/>
  <testcase name="testAbaNumberCheck_18261_good" classname="com.cardatechnologies.utils.validators.abaroutevalidator.Test_AbaRouteValidator_09" time="0.017"/>
  <testcase name="testAbaNumberCheck_19075_good" classname="com.cardatechnologies.utils.validators.abaroutevalidator.Test_AbaRouteValidator_09" time="0.018"/>
  <testcase name="testAbaNumberCheck_18135_good" classname="com.cardatechnologies.utils.validators.abaroutevalidator.Test_AbaRouteValidator_09" time="0.018"/>
  <testcase name="testAbaNumberCheck_19733_good" classname="com.cardatechnologies.utils.validators.abaroutevalidator.Test_AbaRouteValidator_09" time="0.018"/>
  <testcase name="testAbaNumberCheck_18009_good" classname="com.cardatechnologies.utils.validators.abaroutevalidator.Test_AbaRouteValidator_09" time="0.018"/>
  <testcase name="testAbaNumberCheck_19607_good" classname="com.cardatechnologies.utils.validators.abaroutevalidator.Test_AbaRouteValidator_09" time="0.018"/>
  <testcase name="testAbaNumberCheck_19571_good" classname="com.cardatechnologies.utils.validators.abaroutevalidator.Test_AbaRouteValidator_09" time="0.019"/>
  <testcase name="testAbaNumberCheck_18631_good" classname="com.cardatechnologies.utils.validators.abaroutevalidator.Test_AbaRouteValidator_09" time="0.018"/>
  <testcase name="testAbaNumberCheck_19445_good" classname="com.cardatechnologies.utils.validators.abaroutevalidator.Test_AbaRouteValidator_09" time="0.017"/>
  <testcase name="testAbaNumberCheck_18505_good" classname="com.cardatechnologies.utils.validators.abaroutevalidator.Test_AbaRouteValidator_09" time="0.018"/>
  <testcase name="testAbaNumberCheck_19319_good" classname="com.cardatechnologies.utils.validators.abaroutevalidator.Test_AbaRouteValidator_09" time="0.018"/>
  <testcase name="testAbaNumberCheck_19283_good" classname="com.cardatechnologies.utils.validators.abaroutevalidator.Test_AbaRouteValidator_09" time="0.018"/>
  <testcase name="testAbaNumberCheck_18343_good" classname="com.cardatechnologies.utils.validators.abaroutevalidator.Test_AbaRouteValidator_09" time="0.017"/>
  <testcase name="testAbaNumberCheck_19941_good" classname="com.cardatechnologies.utils.validators.abaroutevalidator.Test_AbaRouteValidator_09" time="0.019"/>
  <testcase name="testAbaNumberCheck_19157_good" classname="com.cardatechnologies.utils.validators.abaroutevalidator.Test_AbaRouteValidator_09" time="0.017"/>
  <testcase name="testAbaNumberCheck_18217_good" classname="com.cardatechnologies.utils.validators.abaroutevalidator.Test_AbaRouteValidator_09" time="0.018"/>
  <testcase name="testAbaNumberCheck_19815_good" classname="com.cardatechnologies.utils.validators.abaroutevalidator.Test_AbaRouteValidator_09" time="0.021"/>
  <testcase name="testAbaNumberCheck_18181_good" classname="com.cardatechnologies.utils.validators.abaroutevalidator.Test_AbaRouteValidator_09" time="0.019"/>
  <testcase name="testAbaNumberCheck_18055_good" classname="com.cardatechnologies.utils.validators.abaroutevalidator.Test_AbaRouteValidator_09" time="0.017"/>
  <testcase name="testAbaNumberCheck_19653_good" classname="com.cardatechnologies.utils.validators.abaroutevalidator.Test_AbaRouteValidator_09" time="0.018"/>
  <testcase name="testAbaNumberCheck_18713_good" classname="com.cardatechnologies.utils.validators.abaroutevalidator.Test_AbaRouteValidator_09" time="0.019"/>
  <testcase name="testAbaNumberCheck_19527_good" classname="com.cardatechnologies.utils.validators.abaroutevalidator.Test_AbaRouteValidator_09" time="0.017"/>
  <testcase name="testAbaNumberCheck_19491_good" classname="com.cardatechnologies.utils.validators.abaroutevalidator.Test_AbaRouteValidator_09" time="0.025"/>
  <testcase name="testAbaNumberCheck_18551_good" classname="com.cardatechnologies.utils.validators.abaroutevalidator.Test_AbaRouteValidator_09" time="0.026"/>
  <testcase name="testAbaNumberCheck_17611_good" classname="com.cardatechnologies.utils.validators.abaroutevalidator.Test_AbaRouteValidator_09" time="0.022"/>
  <testcase name="testAbaNumberCheck_19365_good" classname="com.cardatechnologies.utils.validators.abaroutevalidator.Test_AbaRouteValidator_09" time="0.02"/>
  <testcase name="testAbaNumberCheck_18425_good" classname="com.cardatechnologies.utils.validators.abaroutevalidator.Test_AbaRouteValidator_09" time="0.026"/>
  <testcase name="testAbaNumberCheck_19239_good" classname="com.cardatechnologies.utils.validators.abaroutevalidator.Test_AbaRouteValidator_09" time="0.021"/>
  <testcase name="testAbaNumberCheck_18263_good" classname="com.cardatechnologies.utils.validators.abaroutevalidator.Test_AbaRouteValidator_09" time="0.018"/>
  <testcase name="testAbaNumberCheck_19861_good" classname="com.cardatechnologies.utils.validators.abaroutevalidator.Test_AbaRouteValidator_09" time="0.018"/>
  <testcase name="testAbaNumberCheck_18921_good" classname="com.cardatechnologies.utils.validators.abaroutevalidator.Test_AbaRouteValidator_09" time="0.018"/>
  <testcase name="testAbaNumberCheck_19077_good" classname="com.cardatechnologies.utils.validators.abaroutevalidator.Test_AbaRouteValidator_09" time="0.018"/>
  <testcase name="testAbaNumberCheck_18137_good" classname="com.cardatechnologies.utils.validators.abaroutevalidator.Test_AbaRouteValidator_09" time="0.019"/>
  <testcase name="testAbaNumberCheck_19735_good" classname="com.cardatechnologies.utils.validators.abaroutevalidator.Test_AbaRouteValidator_09" time="0.017"/>
  <testcase name="testAbaNumberCheck_19609_good" classname="com.cardatechnologies.utils.validators.abaroutevalidator.Test_AbaRouteValidator_09" time="0.018"/>
  <testcase name="testAbaNumberCheck_19573_good" classname="com.cardatechnologies.utils.validators.abaroutevalidator.Test_AbaRouteValidator_09" time="0.019"/>
  <testcase name="testAbaNumberCheck_18633_good" classname="com.cardatechnologies.utils.validators.abaroutevalidator.Test_AbaRouteValidator_09" time="0.017"/>
  <testcase name="testAbaNumberCheck_19447_good" classname="com.cardatechnologies.utils.validators.abaroutevalidator.Test_AbaRouteValidator_09" time="0.02"/>
  <testcase name="testAbaNumberCheck_18507_good" classname="com.cardatechnologies.utils.validators.abaroutevalidator.Test_AbaRouteValidator_09" time="0.018"/>
  <testcase name="testAbaNumberCheck_18471_good" classname="com.cardatechnologies.utils.validators.abaroutevalidator.Test_AbaRouteValidator_09" time="0.018"/>
  <testcase name="testAbaNumberCheck_19285_good" classname="com.cardatechnologies.utils.validators.abaroutevalidator.Test_AbaRouteValidator_09" time="0.018"/>
  <testcase name="testAbaNumberCheck_18345_good" classname="com.cardatechnologies.utils.validators.abaroutevalidator.Test_AbaRouteValidator_09" time="0.018"/>
  <testcase name="testAbaNumberCheck_19943_good" classname="com.cardatechnologies.utils.validators.abaroutevalidator.Test_AbaRouteValidator_09" time="0.019"/>
  <testcase name="testAbaNumberCheck_19159_good" classname="com.cardatechnologies.utils.validators.abaroutevalidator.Test_AbaRouteValidator_09" time="0.018"/>
  <testcase name="testAbaNumberCheck_18219_good" classname="com.cardatechnologies.utils.validators.abaroutevalidator.Test_AbaRouteValidator_09" time="0.018"/>
  <testcase name="testAbaNumberCheck_19817_good" classname="com.cardatechnologies.utils.validators.abaroutevalidator.Test_AbaRouteValidator_09" time="0.017"/>
  <testcase name="testAbaNumberCheck_18183_good" classname="com.cardatechnologies.utils.validators.abaroutevalidator.Test_AbaRouteValidator_09" time="0.018"/>
  <testcase name="testAbaNumberCheck_19781_good" classname="com.cardatechnologies.utils.validators.abaroutevalidator.Test_AbaRouteValidator_09" time="0.022"/>
  <testcase name="testAbaNumberCheck_18841_good" classname="com.cardatechnologies.utils.validators.abaroutevalidator.Test_AbaRouteValidator_09" time="0.017"/>
  <testcase name="testAbaNumberCheck_17901_good" classname="com.cardatechnologies.utils.validators.abaroutevalidator.Test_AbaRouteValidator_09" time="0.022"/>
  <testcase name="testAbaNumberCheck_18057_good" classname="com.cardatechnologies.utils.validators.abaroutevalidator.Test_AbaRouteValidator_09" time="0.021"/>
  <testcase name="testAbaNumberCheck_19655_good" classname="com.cardatechnologies.utils.validators.abaroutevalidator.Test_AbaRouteValidator_09" time="0.018"/>
  <testcase name="testAbaNumberCheck_18715_good" classname="com.cardatechnologies.utils.validators.abaroutevalidator.Test_AbaRouteValidator_09" time="0.018"/>
  <testcase name="testAbaNumberCheck_19529_good" classname="com.cardatechnologies.utils.validators.abaroutevalidator.Test_AbaRouteValidator_09" time="0.018"/>
  <testcase name="testAbaNumberCheck_19493_good" classname="com.cardatechnologies.utils.validators.abaroutevalidator.Test_AbaRouteValidator_09" time="0.028"/>
  <testcase name="testAbaNumberCheck_18553_good" classname="com.cardatechnologies.utils.validators.abaroutevalidator.Test_AbaRouteValidator_09" time="0.017"/>
  <testcase name="testAbaNumberCheck_17613_good" classname="com.cardatechnologies.utils.validators.abaroutevalidator.Test_AbaRouteValidator_09" time="0.02"/>
  <testcase name="testAbaNumberCheck_19367_good" classname="com.cardatechnologies.utils.validators.abaroutevalidator.Test_AbaRouteValidator_09" time="0.018"/>
  <testcase name="testAbaNumberCheck_18427_good" classname="com.cardatechnologies.utils.validators.abaroutevalidator.Test_AbaRouteValidator_09" time="0.018"/>
  <testcase name="testAbaNumberCheck_18391_good" classname="com.cardatechnologies.utils.validators.abaroutevalidator.Test_AbaRouteValidator_09" time="0.019"/>
  <testcase name="testAbaNumberCheck_18265_good" classname="com.cardatechnologies.utils.validators.abaroutevalidator.Test_AbaRouteValidator_09" time="0.017"/>
  <testcase name="testAbaNumberCheck_19863_good" classname="com.cardatechnologies.utils.validators.abaroutevalidator.Test_AbaRouteValidator_09" time="0.019"/>
  <testcase name="testAbaNumberCheck_18923_good" classname="com.cardatechnologies.utils.validators.abaroutevalidator.Test_AbaRouteValidator_09" time="0.019"/>
  <testcase name="testAbaNumberCheck_19079_good" classname="com.cardatechnologies.utils.validators.abaroutevalidator.Test_AbaRouteValidator_09" time="0.019"/>
  <testcase name="testAbaNumberCheck_18139_good" classname="com.cardatechnologies.utils.validators.abaroutevalidator.Test_AbaRouteValidator_09" time="0.017"/>
  <testcase name="testAbaNumberCheck_19737_good" classname="com.cardatechnologies.utils.validators.abaroutevalidator.Test_AbaRouteValidator_09" time="0.018"/>
  <testcase name="testAbaNumberCheck_18761_good" classname="com.cardatechnologies.utils.validators.abaroutevalidator.Test_AbaRouteValidator_09" time="0.019"/>
  <testcase name="testAbaNumberCheck_17821_good" classname="com.cardatechnologies.utils.validators.abaroutevalidator.Test_AbaRouteValidator_09" time="0.018"/>
  <testcase name="testAbaNumberCheck_19575_good" classname="com.cardatechnologies.utils.validators.abaroutevalidator.Test_AbaRouteValidator_09" time="0.017"/>
  <testcase name="testAbaNumberCheck_18635_good" classname="com.cardatechnologies.utils.validators.abaroutevalidator.Test_AbaRouteValidator_09" time="0.018"/>
  <testcase name="testAbaNumberCheck_18100_bad" classname="com.cardatechnologies.utils.validators.abaroutevalidator.Test_AbaRouteValidator_09" time="0.018"/>
  <testcase name="testAbaNumberCheck_18102_bad" classname="com.cardatechnologies.utils.validators.abaroutevalidator.Test_AbaRouteValidator_09" time="0.019"/>
  <testcase name="testAbaNumberCheck_19449_good" classname="com.cardatechnologies.utils.validators.abaroutevalidator.Test_AbaRouteValidator_09" time="0.018"/>
  <testcase name="testAbaNumberCheck_18509_good" classname="com.cardatechnologies.utils.validators.abaroutevalidator.Test_AbaRouteValidator_09" time="0.017"/>
  <testcase name="testAbaNumberCheck_18104_bad" classname="com.cardatechnologies.utils.validators.abaroutevalidator.Test_AbaRouteValidator_09" time="0.019"/>
  <testcase name="testAbaNumberCheck_18106_bad" classname="com.cardatechnologies.utils.validators.abaroutevalidator.Test_AbaRouteValidator_09" time="0.018"/>
  <testcase name="testAbaNumberCheck_18473_good" classname="com.cardatechnologies.utils.validators.abaroutevalidator.Test_AbaRouteValidator_09" time="0.018"/>
  <testcase name="testAbaNumberCheck_18108_bad" classname="com.cardatechnologies.utils.validators.abaroutevalidator.Test_AbaRouteValidator_09" time="0.024"/>
  <testcase name="testAbaNumberCheck_19287_good" classname="com.cardatechnologies.utils.validators.abaroutevalidator.Test_AbaRouteValidator_09" time="0.019"/>
  <testcase name="testAbaNumberCheck_18347_good" classname="com.cardatechnologies.utils.validators.abaroutevalidator.Test_AbaRouteValidator_09" time="0.018"/>
  <testcase name="testAbaNumberCheck_19945_good" classname="com.cardatechnologies.utils.validators.abaroutevalidator.Test_AbaRouteValidator_09" time="0.018"/>
  <testcase name="testAbaNumberCheck_19819_good" classname="com.cardatechnologies.utils.validators.abaroutevalidator.Test_AbaRouteValidator_09" time="0.018"/>
  <testcase name="testAbaNumberCheck_18185_good" classname="com.cardatechnologies.utils.validators.abaroutevalidator.Test_AbaRouteValidator_09" time="0.029"/>
  <testcase name="testAbaNumberCheck_19783_good" classname="com.cardatechnologies.utils.validators.abaroutevalidator.Test_AbaRouteValidator_09" time="0.017"/>
  <testcase name="testAbaNumberCheck_18843_good" classname="com.cardatechnologies.utils.validators.abaroutevalidator.Test_AbaRouteValidator_09" time="0.019"/>
  <testcase name="testAbaNumberCheck_17903_good" classname="com.cardatechnologies.utils.validators.abaroutevalidator.Test_AbaRouteValidator_09" time="0.018"/>
  <testcase name="testAbaNumberCheck_18059_good" classname="com.cardatechnologies.utils.validators.abaroutevalidator.Test_AbaRouteValidator_09" time="0.018"/>
  <testcase name="testAbaNumberCheck_19657_good" classname="com.cardatechnologies.utils.validators.abaroutevalidator.Test_AbaRouteValidator_09" time="0.018"/>
  <testcase name="testAbaNumberCheck_18717_good" classname="com.cardatechnologies.utils.validators.abaroutevalidator.Test_AbaRouteValidator_09" time="0.017"/>
  <testcase name="testAbaNumberCheck_18681_good" classname="com.cardatechnologies.utils.validators.abaroutevalidator.Test_AbaRouteValidator_09" time="0.019"/>
  <testcase name="testAbaNumberCheck_17741_good" classname="com.cardatechnologies.utils.validators.abaroutevalidator.Test_AbaRouteValidator_09" time="0.018"/>
  <testcase name="testAbaNumberCheck_18110_bad" classname="com.cardatechnologies.utils.validators.abaroutevalidator.Test_AbaRouteValidator_09" time="0.018"/>
  <testcase name="testAbaNumberCheck_18112_bad" classname="com.cardatechnologies.utils.validators.abaroutevalidator.Test_AbaRouteValidator_09" time="0.017"/>
  <testcase name="testAbaNumberCheck_19495_good" classname="com.cardatechnologies.utils.validators.abaroutevalidator.Test_AbaRouteValidator_09" time="0.019"/>
  <testcase name="testAbaNumberCheck_18555_good" classname="com.cardatechnologies.utils.validators.abaroutevalidator.Test_AbaRouteValidator_09" time="0.019"/>
  <testcase name="testAbaNumberCheck_17615_good" classname="com.cardatechnologies.utils.validators.abaroutevalidator.Test_AbaRouteValidator_09" time="0.019"/>
  <testcase name="testAbaNumberCheck_18114_bad" classname="com.cardatechnologies.utils.validators.abaroutevalidator.Test_AbaRouteValidator_09" time="0.021"/>
  <testcase name="testAbaNumberCheck_18116_bad" classname="com.cardatechnologies.utils.validators.abaroutevalidator.Test_AbaRouteValidator_09" time="0.021"/>
  <testcase name="testAbaNumberCheck_19369_good" classname="com.cardatechnologies.utils.validators.abaroutevalidator.Test_AbaRouteValidator_09" time="0.02"/>
  <testcase name="testAbaNumberCheck_18429_good" classname="com.cardatechnologies.utils.validators.abaroutevalidator.Test_AbaRouteValidator_09" time="0.021"/>
  <testcase name="testAbaNumberCheck_18118_bad" classname="com.cardatechnologies.utils.validators.abaroutevalidator.Test_AbaRouteValidator_09" time="0.02"/>
  <testcase name="testAbaNumberCheck_18393_good" classname="com.cardatechnologies.utils.validators.abaroutevalidator.Test_AbaRouteValidator_09" time="0.022"/>
  <testcase name="testAbaNumberCheck_19991_good" classname="com.cardatechnologies.utils.validators.abaroutevalidator.Test_AbaRouteValidator_09" time="0.02"/>
  <testcase name="testAbaNumberCheck_18267_good" classname="com.cardatechnologies.utils.validators.abaroutevalidator.Test_AbaRouteValidator_09" time="0.023"/>
  <testcase name="testAbaNumberCheck_19865_good" classname="com.cardatechnologies.utils.validators.abaroutevalidator.Test_AbaRouteValidator_09" time="0.021"/>
  <testcase name="testAbaNumberCheck_18925_good" classname="com.cardatechnologies.utils.validators.abaroutevalidator.Test_AbaRouteValidator_09" time="0.018"/>
  <testcase name="testAbaNumberCheck_19739_good" classname="com.cardatechnologies.utils.validators.abaroutevalidator.Test_AbaRouteValidator_09" time="0.017"/>
  <testcase name="testAbaNumberCheck_18763_good" classname="com.cardatechnologies.utils.validators.abaroutevalidator.Test_AbaRouteValidator_09" time="0.019"/>
  <testcase name="testAbaNumberCheck_17823_good" classname="com.cardatechnologies.utils.validators.abaroutevalidator.Test_AbaRouteValidator_09" time="0.018"/>
  <testcase name="testAbaNumberCheck_19577_good" classname="com.cardatechnologies.utils.validators.abaroutevalidator.Test_AbaRouteValidator_09" time="0.028"/>
  <testcase name="testAbaNumberCheck_18637_good" classname="com.cardatechnologies.utils.validators.abaroutevalidator.Test_AbaRouteValidator_09" time="0.017"/>
  <testcase name="testAbaNumberCheck_18120_bad" classname="com.cardatechnologies.utils.validators.abaroutevalidator.Test_AbaRouteValidator_09" time="0.018"/>
  <testcase name="testAbaNumberCheck_18122_bad" classname="com.cardatechnologies.utils.validators.abaroutevalidator.Test_AbaRouteValidator_09" time="0.018"/>
  <testcase name="testAbaNumberCheck_17661_good" classname="com.cardatechnologies.utils.validators.abaroutevalidator.Test_AbaRouteValidator_09" time="0.018"/>
  <testcase name="testAbaNumberCheck_18124_bad" classname="com.cardatechnologies.utils.validators.abaroutevalidator.Test_AbaRouteValidator_09" time="0.018"/>
  <testcase name="testAbaNumberCheck_18126_bad" classname="com.cardatechnologies.utils.validators.abaroutevalidator.Test_AbaRouteValidator_09" time="0.017"/>
  <testcase name="testAbaNumberCheck_18475_good" classname="com.cardatechnologies.utils.validators.abaroutevalidator.Test_AbaRouteValidator_09" time="0.018"/>
  <testcase name="testAbaNumberCheck_18128_bad" classname="com.cardatechnologies.utils.validators.abaroutevalidator.Test_AbaRouteValidator_09" time="0.018"/>
  <testcase name="testAbaNumberCheck_19289_good" classname="com.cardatechnologies.utils.validators.abaroutevalidator.Test_AbaRouteValidator_09" time="0.018"/>
  <testcase name="testAbaNumberCheck_18349_good" classname="com.cardatechnologies.utils.validators.abaroutevalidator.Test_AbaRouteValidator_09" time="0.022"/>
  <testcase name="testAbaNumberCheck_19947_good" classname="com.cardatechnologies.utils.validators.abaroutevalidator.Test_AbaRouteValidator_09" time="0.017"/>
  <testcase name="testAbaNumberCheck_18971_good" classname="com.cardatechnologies.utils.validators.abaroutevalidator.Test_AbaRouteValidator_09" time="0.019"/>
  <testcase name="testAbaNumberCheck_18187_good" classname="com.cardatechnologies.utils.validators.abaroutevalidator.Test_AbaRouteValidator_09" time="0.019"/>
  <testcase name="testAbaNumberCheck_19785_good" classname="com.cardatechnologies.utils.validators.abaroutevalidator.Test_AbaRouteValidator_09" time="0.018"/>
  <testcase name="testAbaNumberCheck_18845_good" classname="com.cardatechnologies.utils.validators.abaroutevalidator.Test_AbaRouteValidator_09" time="0.018"/>
  <testcase name="testAbaNumberCheck_17905_good" classname="com.cardatechnologies.utils.validators.abaroutevalidator.Test_AbaRouteValidator_09" time="0.018"/>
  <testcase name="testAbaNumberCheck_19659_good" classname="com.cardatechnologies.utils.validators.abaroutevalidator.Test_AbaRouteValidator_09" time="0.018"/>
  <testcase name="testAbaNumberCheck_18719_good" classname="com.cardatechnologies.utils.validators.abaroutevalidator.Test_AbaRouteValidator_09" time="0.017"/>
  <testcase name="testAbaNumberCheck_18683_good" classname="com.cardatechnologies.utils.validators.abaroutevalidator.Test_AbaRouteValidator_09" time="0.019"/>
  <testcase name="testAbaNumberCheck_17743_good" classname="com.cardatechnologies.utils.validators.abaroutevalidator.Test_AbaRouteValidator_09" time="0.018"/>
  <testcase name="testAbaNumberCheck_18130_bad" classname="com.cardatechnologies.utils.validators.abaroutevalidator.Test_AbaRouteValidator_09" time="0.018"/>
  <testcase name="testAbaNumberCheck_18132_bad" classname="com.cardatechnologies.utils.validators.abaroutevalidator.Test_AbaRouteValidator_09" time="0.026"/>
  <testcase name="testAbaNumberCheck_19497_good" classname="com.cardatechnologies.utils.validators.abaroutevalidator.Test_AbaRouteValidator_09" time="0.018"/>
  <testcase name="testAbaNumberCheck_18557_good" classname="com.cardatechnologies.utils.validators.abaroutevalidator.Test_AbaRouteValidator_09" time="0.019"/>
  <testcase name="testAbaNumberCheck_17617_good" classname="com.cardatechnologies.utils.validators.abaroutevalidator.Test_AbaRouteValidator_09" time="0.019"/>
  <testcase name="testAbaNumberCheck_18134_bad" classname="com.cardatechnologies.utils.validators.abaroutevalidator.Test_AbaRouteValidator_09" time="0.02"/>
  <testcase name="testAbaNumberCheck_18136_bad" classname="com.cardatechnologies.utils.validators.abaroutevalidator.Test_AbaRouteValidator_09" time="0.027"/>
  <testcase name="testAbaNumberCheck_17581_good" classname="com.cardatechnologies.utils.validators.abaroutevalidator.Test_AbaRouteValidator_09" time="0.021"/>
  <testcase name="testAbaNumberCheck_18138_bad" classname="com.cardatechnologies.utils.validators.abaroutevalidator.Test_AbaRouteValidator_09" time="0.02"/>
  <testcase name="testAbaNumberCheck_18395_good" classname="com.cardatechnologies.utils.validators.abaroutevalidator.Test_AbaRouteValidator_09" time="0.021"/>
  <testcase name="testAbaNumberCheck_19993_good" classname="com.cardatechnologies.utils.validators.abaroutevalidator.Test_AbaRouteValidator_09" time="0.02"/>
  <testcase name="testAbaNumberCheck_18269_good" classname="com.cardatechnologies.utils.validators.abaroutevalidator.Test_AbaRouteValidator_09" time="0.021"/>
  <testcase name="testAbaNumberCheck_19867_good" classname="com.cardatechnologies.utils.validators.abaroutevalidator.Test_AbaRouteValidator_09" time="0.021"/>
  <testcase name="testAbaNumberCheck_18927_good" classname="com.cardatechnologies.utils.validators.abaroutevalidator.Test_AbaRouteValidator_09" time="0.02"/>
  <testcase name="testAbaNumberCheck_18891_good" classname="com.cardatechnologies.utils.validators.abaroutevalidator.Test_AbaRouteValidator_09" time="0.02"/>
  <testcase name="testAbaNumberCheck_17951_good" classname="com.cardatechnologies.utils.validators.abaroutevalidator.Test_AbaRouteValidator_09" time="0.02"/>
  <testcase name="testAbaNumberCheck_18765_good" classname="com.cardatechnologies.utils.validators.abaroutevalidator.Test_AbaRouteValidator_09" time="0.02"/>
  <testcase name="testAbaNumberCheck_17825_good" classname="com.cardatechnologies.utils.validators.abaroutevalidator.Test_AbaRouteValidator_09" time="0.019"/>
  <testcase name="testAbaNumberCheck_19400_bad" classname="com.cardatechnologies.utils.validators.abaroutevalidator.Test_AbaRouteValidator_09" time="0.021"/>
  <testcase name="testAbaNumberCheck_19402_bad" classname="com.cardatechnologies.utils.validators.abaroutevalidator.Test_AbaRouteValidator_09" time="0.021"/>
  <testcase name="testAbaNumberCheck_19579_good" classname="com.cardatechnologies.utils.validators.abaroutevalidator.Test_AbaRouteValidator_09" time="0.021"/>
  <testcase name="testAbaNumberCheck_18639_good" classname="com.cardatechnologies.utils.validators.abaroutevalidator.Test_AbaRouteValidator_09" time="0.019"/>
  <testcase name="testAbaNumberCheck_19404_bad" classname="com.cardatechnologies.utils.validators.abaroutevalidator.Test_AbaRouteValidator_09" time="0.02"/>
  <testcase name="testAbaNumberCheck_18140_bad" classname="com.cardatechnologies.utils.validators.abaroutevalidator.Test_AbaRouteValidator_09" time="0.021"/>
  <testcase name="testAbaNumberCheck_19406_bad" classname="com.cardatechnologies.utils.validators.abaroutevalidator.Test_AbaRouteValidator_09" time="0.02"/>
  <testcase name="testAbaNumberCheck_18142_bad" classname="com.cardatechnologies.utils.validators.abaroutevalidator.Test_AbaRouteValidator_09" time="0.019"/>
  <testcase name="testAbaNumberCheck_17663_good" classname="com.cardatechnologies.utils.validators.abaroutevalidator.Test_AbaRouteValidator_09" time="0.023"/>
  <testcase name="testAbaNumberCheck_19408_bad" classname="com.cardatechnologies.utils.validators.abaroutevalidator.Test_AbaRouteValidator_09" time="0.02"/>
  <testcase name="testAbaNumberCheck_18144_bad" classname="com.cardatechnologies.utils.validators.abaroutevalidator.Test_AbaRouteValidator_09" time="0.018"/>
  <testcase name="testAbaNumberCheck_18146_bad" classname="com.cardatechnologies.utils.validators.abaroutevalidator.Test_AbaRouteValidator_09" time="0.02"/>
  <testcase name="testAbaNumberCheck_18477_good" classname="com.cardatechnologies.utils.validators.abaroutevalidator.Test_AbaRouteValidator_09" time="0.019"/>
  <testcase name="testAbaNumberCheck_18148_bad" classname="com.cardatechnologies.utils.validators.abaroutevalidator.Test_AbaRouteValidator_09" time="0.019"/>
  <testcase name="testAbaNumberCheck_19949_good" classname="com.cardatechnologies.utils.validators.abaroutevalidator.Test_AbaRouteValidator_09" time="0.034"/>
  <testcase name="testAbaNumberCheck_18973_good" classname="com.cardatechnologies.utils.validators.abaroutevalidator.Test_AbaRouteValidator_09" time="0.018"/>
  <testcase name="testAbaNumberCheck_18189_good" classname="com.cardatechnologies.utils.validators.abaroutevalidator.Test_AbaRouteValidator_09" time="0.018"/>
  <testcase name="testAbaNumberCheck_19787_good" classname="com.cardatechnologies.utils.validators.abaroutevalidator.Test_AbaRouteValidator_09" time="0.018"/>
  <testcase name="testAbaNumberCheck_18847_good" classname="com.cardatechnologies.utils.validators.abaroutevalidator.Test_AbaRouteValidator_09" time="0.017"/>
  <testcase name="testAbaNumberCheck_17907_good" classname="com.cardatechnologies.utils.validators.abaroutevalidator.Test_AbaRouteValidator_09" time="0.018"/>
  <testcase name="testAbaNumberCheck_17871_good" classname="com.cardatechnologies.utils.validators.abaroutevalidator.Test_AbaRouteValidator_09" time="0.019"/>
  <testcase name="testAbaNumberCheck_19410_bad" classname="com.cardatechnologies.utils.validators.abaroutevalidator.Test_AbaRouteValidator_09" time="0.017"/>
  <testcase name="testAbaNumberCheck_19412_bad" classname="com.cardatechnologies.utils.validators.abaroutevalidator.Test_AbaRouteValidator_09" time="0.017"/>
  <testcase name="testAbaNumberCheck_18685_good" classname="com.cardatechnologies.utils.validators.abaroutevalidator.Test_AbaRouteValidator_09" time="0.018"/>
  <testcase name="testAbaNumberCheck_17745_good" classname="com.cardatechnologies.utils.validators.abaroutevalidator.Test_AbaRouteValidator_09" time="0.018"/>
  <testcase name="testAbaNumberCheck_18600_bad" classname="com.cardatechnologies.utils.validators.abaroutevalidator.Test_AbaRouteValidator_09" time="0.019"/>
  <testcase name="testAbaNumberCheck_19414_bad" classname="com.cardatechnologies.utils.validators.abaroutevalidator.Test_AbaRouteValidator_09" time="0.018"/>
  <testcase name="testAbaNumberCheck_18150_bad" classname="com.cardatechnologies.utils.validators.abaroutevalidator.Test_AbaRouteValidator_09" time="0.017"/>
  <testcase name="testAbaNumberCheck_18602_bad" classname="com.cardatechnologies.utils.validators.abaroutevalidator.Test_AbaRouteValidator_09" time="0.018"/>
  <testcase name="testAbaNumberCheck_19416_bad" classname="com.cardatechnologies.utils.validators.abaroutevalidator.Test_AbaRouteValidator_09" time="0.018"/>
  <testcase name="testAbaNumberCheck_18152_bad" classname="com.cardatechnologies.utils.validators.abaroutevalidator.Test_AbaRouteValidator_09" time="0.017"/>
  <testcase name="testAbaNumberCheck_19499_good" classname="com.cardatechnologies.utils.validators.abaroutevalidator.Test_AbaRouteValidator_09" time="0.018"/>
  <testcase name="testAbaNumberCheck_18559_good" classname="com.cardatechnologies.utils.validators.abaroutevalidator.Test_AbaRouteValidator_09" time="0.018"/>
  <testcase name="testAbaNumberCheck_17619_good" classname="com.cardatechnologies.utils.validators.abaroutevalidator.Test_AbaRouteValidator_09" time="0.018"/>
  <testcase name="testAbaNumberCheck_18604_bad" classname="com.cardatechnologies.utils.validators.abaroutevalidator.Test_AbaRouteValidator_09" time="0.018"/>
  <testcase name="testAbaNumberCheck_19418_bad" classname="com.cardatechnologies.utils.validators.abaroutevalidator.Test_AbaRouteValidator_09" time="0.018"/>
  <testcase name="testAbaNumberCheck_18154_bad" classname="com.cardatechnologies.utils.validators.abaroutevalidator.Test_AbaRouteValidator_09" time="0.026"/>
  <testcase name="testAbaNumberCheck_18606_bad" classname="com.cardatechnologies.utils.validators.abaroutevalidator.Test_AbaRouteValidator_09" time="0.017"/>
  <testcase name="testAbaNumberCheck_18156_bad" classname="com.cardatechnologies.utils.validators.abaroutevalidator.Test_AbaRouteValidator_09" time="0.017"/>
  <testcase name="testAbaNumberCheck_17583_good" classname="com.cardatechnologies.utils.validators.abaroutevalidator.Test_AbaRouteValidator_09" time="0.019"/>
  <testcase name="testAbaNumberCheck_18608_bad" classname="com.cardatechnologies.utils.validators.abaroutevalidator.Test_AbaRouteValidator_09" time="0.02"/>
  <testcase name="testAbaNumberCheck_18158_bad" classname="com.cardatechnologies.utils.validators.abaroutevalidator.Test_AbaRouteValidator_09" time="0.017"/>
  <testcase name="testAbaNumberCheck_18397_good" classname="com.cardatechnologies.utils.validators.abaroutevalidator.Test_AbaRouteValidator_09" time="0.029"/>
  <testcase name="testAbaNumberCheck_19995_good" classname="com.cardatechnologies.utils.validators.abaroutevalidator.Test_AbaRouteValidator_09" time="0.018"/>
  <testcase name="testAbaNumberCheck_19869_good" classname="com.cardatechnologies.utils.validators.abaroutevalidator.Test_AbaRouteValidator_09" time="0.017"/>
  <testcase name="testAbaNumberCheck_18929_good" classname="com.cardatechnologies.utils.validators.abaroutevalidator.Test_AbaRouteValidator_09" time="0.019"/>
  <testcase name="testAbaNumberCheck_18893_good" classname="com.cardatechnologies.utils.validators.abaroutevalidator.Test_AbaRouteValidator_09" time="0.017"/>
  <testcase name="testAbaNumberCheck_17953_good" classname="com.cardatechnologies.utils.validators.abaroutevalidator.Test_AbaRouteValidator_09" time="0.018"/>
  <testcase name="testAbaNumberCheck_18767_good" classname="com.cardatechnologies.utils.validators.abaroutevalidator.Test_AbaRouteValidator_09" time="0.018"/>
  <testcase name="testAbaNumberCheck_17827_good" classname="com.cardatechnologies.utils.validators.abaroutevalidator.Test_AbaRouteValidator_09" time="0.018"/>
  <testcase name="testAbaNumberCheck_19420_bad" classname="com.cardatechnologies.utils.validators.abaroutevalidator.Test_AbaRouteValidator_09" time="0.019"/>
  <testcase name="testAbaNumberCheck_19422_bad" classname="com.cardatechnologies.utils.validators.abaroutevalidator.Test_AbaRouteValidator_09" time="0.017"/>
  <testcase name="testAbaNumberCheck_17791_good" classname="com.cardatechnologies.utils.validators.abaroutevalidator.Test_AbaRouteValidator_09" time="0.018"/>
  <testcase name="testAbaNumberCheck_18610_bad" classname="com.cardatechnologies.utils.validators.abaroutevalidator.Test_AbaRouteValidator_09" time="0.018"/>
  <testcase name="testAbaNumberCheck_19424_bad" classname="com.cardatechnologies.utils.validators.abaroutevalidator.Test_AbaRouteValidator_09" time="0.017"/>
  <testcase name="testAbaNumberCheck_18160_bad" classname="com.cardatechnologies.utils.validators.abaroutevalidator.Test_AbaRouteValidator_09" time="0.019"/>
  <testcase name="testAbaNumberCheck_18612_bad" classname="com.cardatechnologies.utils.validators.abaroutevalidator.Test_AbaRouteValidator_09" time="0.018"/>
  <testcase name="testAbaNumberCheck_19426_bad" classname="com.cardatechnologies.utils.validators.abaroutevalidator.Test_AbaRouteValidator_09" time="0.018"/>
  <testcase name="testAbaNumberCheck_18162_bad" classname="com.cardatechnologies.utils.validators.abaroutevalidator.Test_AbaRouteValidator_09" time="0.018"/>
  <testcase name="testAbaNumberCheck_17665_good" classname="com.cardatechnologies.utils.validators.abaroutevalidator.Test_AbaRouteValidator_09" time="0.018"/>
  <testcase name="testAbaNumberCheck_17800_bad" classname="com.cardatechnologies.utils.validators.abaroutevalidator.Test_AbaRouteValidator_09" time="0.018"/>
  <testcase name="testAbaNumberCheck_18614_bad" classname="com.cardatechnologies.utils.validators.abaroutevalidator.Test_AbaRouteValidator_09" time="0.018"/>
  <testcase name="testAbaNumberCheck_19428_bad" classname="com.cardatechnologies.utils.validators.abaroutevalidator.Test_AbaRouteValidator_09" time="0.019"/>
  <testcase name="testAbaNumberCheck_18164_bad" classname="com.cardatechnologies.utils.validators.abaroutevalidator.Test_AbaRouteValidator_09" time="0.023"/>
  <testcase name="testAbaNumberCheck_17802_bad" classname="com.cardatechnologies.utils.validators.abaroutevalidator.Test_AbaRouteValidator_09" time="0.022"/>
  <testcase name="testAbaNumberCheck_18616_bad" classname="com.cardatechnologies.utils.validators.abaroutevalidator.Test_AbaRouteValidator_09" time="0.019"/>
  <testcase name="testAbaNumberCheck_18166_bad" classname="com.cardatechnologies.utils.validators.abaroutevalidator.Test_AbaRouteValidator_09" time="0.019"/>
  <testcase name="testAbaNumberCheck_18479_good" classname="com.cardatechnologies.utils.validators.abaroutevalidator.Test_AbaRouteValidator_09" time="0.019"/>
  <testcase name="testAbaNumberCheck_17804_bad" classname="com.cardatechnologies.utils.validators.abaroutevalidator.Test_AbaRouteValidator_09" time="0.019"/>
  <testcase name="testAbaNumberCheck_18618_bad" classname="com.cardatechnologies.utils.validators.abaroutevalidator.Test_AbaRouteValidator_09" time="0.024"/>
  <testcase name="testAbaNumberCheck_18168_bad" classname="com.cardatechnologies.utils.validators.abaroutevalidator.Test_AbaRouteValidator_09" time="0.028"/>
  <testcase name="testAbaNumberCheck_17806_bad" classname="com.cardatechnologies.utils.validators.abaroutevalidator.Test_AbaRouteValidator_09" time="0.021"/>
  <testcase name="testAbaNumberCheck_17808_bad" classname="com.cardatechnologies.utils.validators.abaroutevalidator.Test_AbaRouteValidator_09" time="0.019"/>
  <testcase name="testAbaNumberCheck_18975_good" classname="com.cardatechnologies.utils.validators.abaroutevalidator.Test_AbaRouteValidator_09" time="0.02"/>
  <testcase name="testAbaNumberCheck_19789_good" classname="com.cardatechnologies.utils.validators.abaroutevalidator.Test_AbaRouteValidator_09" time="0.02"/>
  <testcase name="testAbaNumberCheck_18849_good" classname="com.cardatechnologies.utils.validators.abaroutevalidator.Test_AbaRouteValidator_09" time="0.019"/>
  <testcase name="testAbaNumberCheck_17909_good" classname="com.cardatechnologies.utils.validators.abaroutevalidator.Test_AbaRouteValidator_09" time="0.02"/>
  <testcase name="testAbaNumberCheck_17873_good" classname="com.cardatechnologies.utils.validators.abaroutevalidator.Test_AbaRouteValidator_09" time="0.02"/>
  <testcase name="testAbaNumberCheck_19430_bad" classname="com.cardatechnologies.utils.validators.abaroutevalidator.Test_AbaRouteValidator_09" time="0.019"/>
  <testcase name="testAbaNumberCheck_19432_bad" classname="com.cardatechnologies.utils.validators.abaroutevalidator.Test_AbaRouteValidator_09" time="0.018"/>
  <testcase name="testAbaNumberCheck_18687_good" classname="com.cardatechnologies.utils.validators.abaroutevalidator.Test_AbaRouteValidator_09" time="0.017"/>
  <testcase name="testAbaNumberCheck_17747_good" classname="com.cardatechnologies.utils.validators.abaroutevalidator.Test_AbaRouteValidator_09" time="0.017"/>
  <testcase name="testAbaNumberCheck_18620_bad" classname="com.cardatechnologies.utils.validators.abaroutevalidator.Test_AbaRouteValidator_09" time="0.018"/>
  <testcase name="testAbaNumberCheck_19434_bad" classname="com.cardatechnologies.utils.validators.abaroutevalidator.Test_AbaRouteValidator_09" time="0.018"/>
  <testcase name="testAbaNumberCheck_18170_bad" classname="com.cardatechnologies.utils.validators.abaroutevalidator.Test_AbaRouteValidator_09" time="0.018"/>
  <testcase name="testAbaNumberCheck_18622_bad" classname="com.cardatechnologies.utils.validators.abaroutevalidator.Test_AbaRouteValidator_09" time="0.018"/>
  <testcase name="testAbaNumberCheck_19436_bad" classname="com.cardatechnologies.utils.validators.abaroutevalidator.Test_AbaRouteValidator_09" time="0.017"/>
  <testcase name="testAbaNumberCheck_18172_bad" classname="com.cardatechnologies.utils.validators.abaroutevalidator.Test_AbaRouteValidator_09" time="0.018"/>
  <testcase name="testAbaNumberCheck_17810_bad" classname="com.cardatechnologies.utils.validators.abaroutevalidator.Test_AbaRouteValidator_09" time="0.019"/>
  <testcase name="testAbaNumberCheck_18624_bad" classname="com.cardatechnologies.utils.validators.abaroutevalidator.Test_AbaRouteValidator_09" time="0.018"/>
  <testcase name="testAbaNumberCheck_19438_bad" classname="com.cardatechnologies.utils.validators.abaroutevalidator.Test_AbaRouteValidator_09" time="0.026"/>
  <testcase name="testAbaNumberCheck_18174_bad" classname="com.cardatechnologies.utils.validators.abaroutevalidator.Test_AbaRouteValidator_09" time="0.017"/>
  <testcase name="testAbaNumberCheck_17812_bad" classname="com.cardatechnologies.utils.validators.abaroutevalidator.Test_AbaRouteValidator_09" time="0.018"/>
  <testcase name="testAbaNumberCheck_18626_bad" classname="com.cardatechnologies.utils.validators.abaroutevalidator.Test_AbaRouteValidator_09" time="0.019"/>
  <testcase name="testAbaNumberCheck_18176_bad" classname="com.cardatechnologies.utils.validators.abaroutevalidator.Test_AbaRouteValidator_09" time="0.017"/>
  <testcase name="testAbaNumberCheck_17585_good" classname="com.cardatechnologies.utils.validators.abaroutevalidator.Test_AbaRouteValidator_09" time="0.018"/>
  <testcase name="testAbaNumberCheck_17814_bad" classname="com.cardatechnologies.utils.validators.abaroutevalidator.Test_AbaRouteValidator_09" time="0.018"/>
  <testcase name="testAbaNumberCheck_18628_bad" classname="com.cardatechnologies.utils.validators.abaroutevalidator.Test_AbaRouteValidator_09" time="0.028"/>
  <testcase name="testAbaNumberCheck_18178_bad" classname="com.cardatechnologies.utils.validators.abaroutevalidator.Test_AbaRouteValidator_09" time="0.018"/>
  <testcase name="testAbaNumberCheck_17816_bad" classname="com.cardatechnologies.utils.validators.abaroutevalidator.Test_AbaRouteValidator_09" time="0.018"/>
  <testcase name="testAbaNumberCheck_18399_good" classname="com.cardatechnologies.utils.validators.abaroutevalidator.Test_AbaRouteValidator_09" time="0.019"/>
  <testcase name="testAbaNumberCheck_17818_bad" classname="com.cardatechnologies.utils.validators.abaroutevalidator.Test_AbaRouteValidator_09" time="0.018"/>
  <testcase name="testAbaNumberCheck_19997_good" classname="com.cardatechnologies.utils.validators.abaroutevalidator.Test_AbaRouteValidator_09" time="0.018"/>
  <testcase name="testAbaNumberCheck_18895_good" classname="com.cardatechnologies.utils.validators.abaroutevalidator.Test_AbaRouteValidator_09" time="0.018"/>
  <testcase name="testAbaNumberCheck_17955_good" classname="com.cardatechnologies.utils.validators.abaroutevalidator.Test_AbaRouteValidator_09" time="0.017"/>
  <testcase name="testAbaNumberCheck_18769_good" classname="com.cardatechnologies.utils.validators.abaroutevalidator.Test_AbaRouteValidator_09" time="0.019"/>
  <testcase name="testAbaNumberCheck_17829_good" classname="com.cardatechnologies.utils.validators.abaroutevalidator.Test_AbaRouteValidator_09" time="0.018"/>
  <testcase name="testAbaNumberCheck_19440_bad" classname="com.cardatechnologies.utils.validators.abaroutevalidator.Test_AbaRouteValidator_09" time="0.019"/>
  <testcase name="testAbaNumberCheck_19442_bad" classname="com.cardatechnologies.utils.validators.abaroutevalidator.Test_AbaRouteValidator_09" time="0.018"/>
  <testcase name="testAbaNumberCheck_17793_good" classname="com.cardatechnologies.utils.validators.abaroutevalidator.Test_AbaRouteValidator_09" time="0.018"/>
  <testcase name="testAbaNumberCheck_18630_bad" classname="com.cardatechnologies.utils.validators.abaroutevalidator.Test_AbaRouteValidator_09" time="0.017"/>
  <testcase name="testAbaNumberCheck_19444_bad" classname="com.cardatechnologies.utils.validators.abaroutevalidator.Test_AbaRouteValidator_09" time="0.017"/>
  <testcase name="testAbaNumberCheck_18180_bad" classname="com.cardatechnologies.utils.validators.abaroutevalidator.Test_AbaRouteValidator_09" time="0.021"/>
  <testcase name="testAbaNumberCheck_18632_bad" classname="com.cardatechnologies.utils.validators.abaroutevalidator.Test_AbaRouteValidator_09" time="0.018"/>
  <testcase name="testAbaNumberCheck_19446_bad" classname="com.cardatechnologies.utils.validators.abaroutevalidator.Test_AbaRouteValidator_09" time="0.018"/>
  <testcase name="testAbaNumberCheck_18182_bad" classname="com.cardatechnologies.utils.validators.abaroutevalidator.Test_AbaRouteValidator_09" time="0.019"/>
  <testcase name="testAbaNumberCheck_17667_good" classname="com.cardatechnologies.utils.validators.abaroutevalidator.Test_AbaRouteValidator_09" time="0.019"/>
  <testcase name="testAbaNumberCheck_17820_bad" classname="com.cardatechnologies.utils.validators.abaroutevalidator.Test_AbaRouteValidator_09" time="0.025"/>
  <testcase name="testAbaNumberCheck_18634_bad" classname="com.cardatechnologies.utils.validators.abaroutevalidator.Test_AbaRouteValidator_09" time="0.022"/>
  <testcase name="testAbaNumberCheck_19448_bad" classname="com.cardatechnologies.utils.validators.abaroutevalidator.Test_AbaRouteValidator_09" time="0.02"/>
  <testcase name="testAbaNumberCheck_18184_bad" classname="com.cardatechnologies.utils.validators.abaroutevalidator.Test_AbaRouteValidator_09" time="0.019"/>
  <testcase name="testAbaNumberCheck_17822_bad" classname="com.cardatechnologies.utils.validators.abaroutevalidator.Test_AbaRouteValidator_09" time="0.018"/>
  <testcase name="testAbaNumberCheck_18636_bad" classname="com.cardatechnologies.utils.validators.abaroutevalidator.Test_AbaRouteValidator_09" time="0.021"/>
  <testcase name="testAbaNumberCheck_18186_bad" classname="com.cardatechnologies.utils.validators.abaroutevalidator.Test_AbaRouteValidator_09" time="0.019"/>
  <testcase name="testAbaNumberCheck_17824_bad" classname="com.cardatechnologies.utils.validators.abaroutevalidator.Test_AbaRouteValidator_09" time="0.026"/>
  <testcase name="testAbaNumberCheck_18638_bad" classname="com.cardatechnologies.utils.validators.abaroutevalidator.Test_AbaRouteValidator_09" time="0.021"/>
  <testcase name="testAbaNumberCheck_18188_bad" classname="com.cardatechnologies.utils.validators.abaroutevalidator.Test_AbaRouteValidator_09" time="0.019"/>
  <testcase name="testAbaNumberCheck_17826_bad" classname="com.cardatechnologies.utils.validators.abaroutevalidator.Test_AbaRouteValidator_09" time="0.019"/>
  <testcase name="testAbaNumberCheck_17828_bad" classname="com.cardatechnologies.utils.validators.abaroutevalidator.Test_AbaRouteValidator_09" time="0.019"/>
  <testcase name="testAbaNumberCheck_18977_good" classname="com.cardatechnologies.utils.validators.abaroutevalidator.Test_AbaRouteValidator_09" time="0.019"/>
  <testcase name="testAbaNumberCheck_17875_good" classname="com.cardatechnologies.utils.validators.abaroutevalidator.Test_AbaRouteValidator_09" time="0.019"/>
  <testcase name="testAbaNumberCheck_19900_bad" classname="com.cardatechnologies.utils.validators.abaroutevalidator.Test_AbaRouteValidator_09" time="0.02"/>
  <testcase name="testAbaNumberCheck_19450_bad" classname="com.cardatechnologies.utils.validators.abaroutevalidator.Test_AbaRouteValidator_09" time="0.02"/>
  <testcase name="testAbaNumberCheck_19902_bad" classname="com.cardatechnologies.utils.validators.abaroutevalidator.Test_AbaRouteValidator_09" time="0.019"/>
  <testcase name="testAbaNumberCheck_19452_bad" classname="com.cardatechnologies.utils.validators.abaroutevalidator.Test_AbaRouteValidator_09" time="0.02"/>
  <testcase name="testAbaNumberCheck_18689_good" classname="com.cardatechnologies.utils.validators.abaroutevalidator.Test_AbaRouteValidator_09" time="0.02"/>
  <testcase name="testAbaNumberCheck_17749_good" classname="com.cardatechnologies.utils.validators.abaroutevalidator.Test_AbaRouteValidator_09" time="0.02"/>
  <testcase name="testAbaNumberCheck_19904_bad" classname="com.cardatechnologies.utils.validators.abaroutevalidator.Test_AbaRouteValidator_09" time="0.021"/>
  <testcase name="testAbaNumberCheck_18640_bad" classname="com.cardatechnologies.utils.validators.abaroutevalidator.Test_AbaRouteValidator_09" time="0.02"/>
  <testcase name="testAbaNumberCheck_19454_bad" classname="com.cardatechnologies.utils.validators.abaroutevalidator.Test_AbaRouteValidator_09" time="0.019"/>
  <testcase name="testAbaNumberCheck_18190_bad" classname="com.cardatechnologies.utils.validators.abaroutevalidator.Test_AbaRouteValidator_09" time="0.02"/>
  <testcase name="testAbaNumberCheck_19906_bad" classname="com.cardatechnologies.utils.validators.abaroutevalidator.Test_AbaRouteValidator_09" time="0.018"/>
  <testcase name="testAbaNumberCheck_18642_bad" classname="com.cardatechnologies.utils.validators.abaroutevalidator.Test_AbaRouteValidator_09" time="0.019"/>
  <testcase name="testAbaNumberCheck_19456_bad" classname="com.cardatechnologies.utils.validators.abaroutevalidator.Test_AbaRouteValidator_09" time="0.023"/>
  <testcase name="testAbaNumberCheck_18192_bad" classname="com.cardatechnologies.utils.validators.abaroutevalidator.Test_AbaRouteValidator_09" time="0.02"/>
  <testcase name="testAbaNumberCheck_19908_bad" classname="com.cardatechnologies.utils.validators.abaroutevalidator.Test_AbaRouteValidator_09" time="0.018"/>
  <testcase name="testAbaNumberCheck_17830_bad" classname="com.cardatechnologies.utils.validators.abaroutevalidator.Test_AbaRouteValidator_09" time="0.018"/>
  <testcase name="testAbaNumberCheck_18644_bad" classname="com.cardatechnologies.utils.validators.abaroutevalidator.Test_AbaRouteValidator_09" time="0.019"/>
  <testcase name="testAbaNumberCheck_19458_bad" classname="com.cardatechnologies.utils.validators.abaroutevalidator.Test_AbaRouteValidator_09" time="0.018"/>
  <testcase name="testAbaNumberCheck_18194_bad" classname="com.cardatechnologies.utils.validators.abaroutevalidator.Test_AbaRouteValidator_09" time="0.019"/>
  <testcase name="testAbaNumberCheck_17832_bad" classname="com.cardatechnologies.utils.validators.abaroutevalidator.Test_AbaRouteValidator_09" time="0.018"/>
  <testcase name="testAbaNumberCheck_18646_bad" classname="com.cardatechnologies.utils.validators.abaroutevalidator.Test_AbaRouteValidator_09" time="0.028"/>
  <testcase name="testAbaNumberCheck_18196_bad" classname="com.cardatechnologies.utils.validators.abaroutevalidator.Test_AbaRouteValidator_09" time="0.018"/>
  <testcase name="testAbaNumberCheck_17587_good" classname="com.cardatechnologies.utils.validators.abaroutevalidator.Test_AbaRouteValidator_09" time="0.018"/>
  <testcase name="testAbaNumberCheck_17834_bad" classname="com.cardatechnologies.utils.validators.abaroutevalidator.Test_AbaRouteValidator_09" time="0.018"/>
  <testcase name="testAbaNumberCheck_18648_bad" classname="com.cardatechnologies.utils.validators.abaroutevalidator.Test_AbaRouteValidator_09" time="0.018"/>
  <testcase name="testAbaNumberCheck_18198_bad" classname="com.cardatechnologies.utils.validators.abaroutevalidator.Test_AbaRouteValidator_09" time="0.017"/>
  <testcase name="testAbaNumberCheck_17836_bad" classname="com.cardatechnologies.utils.validators.abaroutevalidator.Test_AbaRouteValidator_09" time="0.018"/>
  <testcase name="testAbaNumberCheck_17838_bad" classname="com.cardatechnologies.utils.validators.abaroutevalidator.Test_AbaRouteValidator_09" time="0.018"/>
  <testcase name="testAbaNumberCheck_19999_good" classname="com.cardatechnologies.utils.validators.abaroutevalidator.Test_AbaRouteValidator_09" time="0.018"/>
  <testcase name="testAbaNumberCheck_18897_good" classname="com.cardatechnologies.utils.validators.abaroutevalidator.Test_AbaRouteValidator_09" time="0.017"/>
  <testcase name="testAbaNumberCheck_17957_good" classname="com.cardatechnologies.utils.validators.abaroutevalidator.Test_AbaRouteValidator_09" time="0.018"/>
  <testcase name="testAbaNumberCheck_19910_bad" classname="com.cardatechnologies.utils.validators.abaroutevalidator.Test_AbaRouteValidator_09" time="0.018"/>
  <testcase name="testAbaNumberCheck_19460_bad" classname="com.cardatechnologies.utils.validators.abaroutevalidator.Test_AbaRouteValidator_09" time="0.018"/>
  <testcase name="testAbaNumberCheck_19912_bad" classname="com.cardatechnologies.utils.validators.abaroutevalidator.Test_AbaRouteValidator_09" time="0.018"/>
  <testcase name="testAbaNumberCheck_19462_bad" classname="com.cardatechnologies.utils.validators.abaroutevalidator.Test_AbaRouteValidator_09" time="0.019"/>
  <testcase name="testAbaNumberCheck_17795_good" classname="com.cardatechnologies.utils.validators.abaroutevalidator.Test_AbaRouteValidator_09" time="0.017"/>
  <testcase name="testAbaNumberCheck_19914_bad" classname="com.cardatechnologies.utils.validators.abaroutevalidator.Test_AbaRouteValidator_09" time="0.018"/>
  <testcase name="testAbaNumberCheck_18650_bad" classname="com.cardatechnologies.utils.validators.abaroutevalidator.Test_AbaRouteValidator_09" time="0.019"/>
  <testcase name="testAbaNumberCheck_19464_bad" classname="com.cardatechnologies.utils.validators.abaroutevalidator.Test_AbaRouteValidator_09" time="0.018"/>
  <testcase name="testAbaNumberCheck_19916_bad" classname="com.cardatechnologies.utils.validators.abaroutevalidator.Test_AbaRouteValidator_09" time="0.019"/>
  <testcase name="testAbaNumberCheck_18652_bad" classname="com.cardatechnologies.utils.validators.abaroutevalidator.Test_AbaRouteValidator_09" time="0.029"/>
  <testcase name="testAbaNumberCheck_19466_bad" classname="com.cardatechnologies.utils.validators.abaroutevalidator.Test_AbaRouteValidator_09" time="0.018"/>
  <testcase name="testAbaNumberCheck_17669_good" classname="com.cardatechnologies.utils.validators.abaroutevalidator.Test_AbaRouteValidator_09" time="0.018"/>
  <testcase name="testAbaNumberCheck_19918_bad" classname="com.cardatechnologies.utils.validators.abaroutevalidator.Test_AbaRouteValidator_09" time="0.018"/>
  <testcase name="testAbaNumberCheck_17840_bad" classname="com.cardatechnologies.utils.validators.abaroutevalidator.Test_AbaRouteValidator_09" time="0.018"/>
  <testcase name="testAbaNumberCheck_18654_bad" classname="com.cardatechnologies.utils.validators.abaroutevalidator.Test_AbaRouteValidator_09" time="0.019"/>
  <testcase name="testAbaNumberCheck_19468_bad" classname="com.cardatechnologies.utils.validators.abaroutevalidator.Test_AbaRouteValidator_09" time="0.017"/>
  <testcase name="testAbaNumberCheck_17842_bad" classname="com.cardatechnologies.utils.validators.abaroutevalidator.Test_AbaRouteValidator_09" time="0.022"/>
  <testcase name="testAbaNumberCheck_18656_bad" classname="com.cardatechnologies.utils.validators.abaroutevalidator.Test_AbaRouteValidator_09" time="0.02"/>
  <testcase name="testAbaNumberCheck_17844_bad" classname="com.cardatechnologies.utils.validators.abaroutevalidator.Test_AbaRouteValidator_09" time="0.019"/>
  <testcase name="testAbaNumberCheck_18658_bad" classname="com.cardatechnologies.utils.validators.abaroutevalidator.Test_AbaRouteValidator_09" time="0.018"/>
  <testcase name="testAbaNumberCheck_17846_bad" classname="com.cardatechnologies.utils.validators.abaroutevalidator.Test_AbaRouteValidator_09" time="0.019"/>
  <testcase name="testAbaNumberCheck_17848_bad" classname="com.cardatechnologies.utils.validators.abaroutevalidator.Test_AbaRouteValidator_09" time="0.019"/>
  <testcase name="testAbaNumberCheck_18979_good" classname="com.cardatechnologies.utils.validators.abaroutevalidator.Test_AbaRouteValidator_09" time="0.018"/>
  <testcase name="testAbaNumberCheck_17877_good" classname="com.cardatechnologies.utils.validators.abaroutevalidator.Test_AbaRouteValidator_09" time="0.017"/>
  <testcase name="testAbaNumberCheck_19920_bad" classname="com.cardatechnologies.utils.validators.abaroutevalidator.Test_AbaRouteValidator_09" time="0.019"/>
  <testcase name="testAbaNumberCheck_19470_bad" classname="com.cardatechnologies.utils.validators.abaroutevalidator.Test_AbaRouteValidator_09" time="0.017"/>
  <testcase name="testAbaNumberCheck_19922_bad" classname="com.cardatechnologies.utils.validators.abaroutevalidator.Test_AbaRouteValidator_09" time="0.017"/>
  <testcase name="testAbaNumberCheck_19472_bad" classname="com.cardatechnologies.utils.validators.abaroutevalidator.Test_AbaRouteValidator_09" time="0.017"/>
  <testcase name="testAbaNumberCheck_19924_bad" classname="com.cardatechnologies.utils.validators.abaroutevalidator.Test_AbaRouteValidator_09" time="0.02"/>
  <testcase name="testAbaNumberCheck_18660_bad" classname="com.cardatechnologies.utils.validators.abaroutevalidator.Test_AbaRouteValidator_09" time="0.018"/>
  <testcase name="testAbaNumberCheck_19474_bad" classname="com.cardatechnologies.utils.validators.abaroutevalidator.Test_AbaRouteValidator_09" time="0.019"/>
  <testcase name="testAbaNumberCheck_19926_bad" classname="com.cardatechnologies.utils.validators.abaroutevalidator.Test_AbaRouteValidator_09" time="0.018"/>
  <testcase name="testAbaNumberCheck_18662_bad" classname="com.cardatechnologies.utils.validators.abaroutevalidator.Test_AbaRouteValidator_09" time="0.018"/>
  <testcase name="testAbaNumberCheck_19476_bad" classname="com.cardatechnologies.utils.validators.abaroutevalidator.Test_AbaRouteValidator_09" time="0.019"/>
  <testcase name="testAbaNumberCheck_19928_bad" classname="com.cardatechnologies.utils.validators.abaroutevalidator.Test_AbaRouteValidator_09" time="0.018"/>
  <testcase name="testAbaNumberCheck_17850_bad" classname="com.cardatechnologies.utils.validators.abaroutevalidator.Test_AbaRouteValidator_09" time="0.018"/>
  <testcase name="testAbaNumberCheck_18664_bad" classname="com.cardatechnologies.utils.validators.abaroutevalidator.Test_AbaRouteValidator_09" time="0.022"/>
  <testcase name="testAbaNumberCheck_19478_bad" classname="com.cardatechnologies.utils.validators.abaroutevalidator.Test_AbaRouteValidator_09" time="0.021"/>
  <testcase name="testAbaNumberCheck_17852_bad" classname="com.cardatechnologies.utils.validators.abaroutevalidator.Test_AbaRouteValidator_09" time="0.018"/>
  <testcase name="testAbaNumberCheck_18666_bad" classname="com.cardatechnologies.utils.validators.abaroutevalidator.Test_AbaRouteValidator_09" time="0.016"/>
  <testcase name="testAbaNumberCheck_17589_good" classname="com.cardatechnologies.utils.validators.abaroutevalidator.Test_AbaRouteValidator_09" time="0.019"/>
  <testcase name="testAbaNumberCheck_17854_bad" classname="com.cardatechnologies.utils.validators.abaroutevalidator.Test_AbaRouteValidator_09" time="0.018"/>
  <testcase name="testAbaNumberCheck_18668_bad" classname="com.cardatechnologies.utils.validators.abaroutevalidator.Test_AbaRouteValidator_09" time="0.018"/>
  <testcase name="testAbaNumberCheck_17856_bad" classname="com.cardatechnologies.utils.validators.abaroutevalidator.Test_AbaRouteValidator_09" time="0.018"/>
  <testcase name="testAbaNumberCheck_17858_bad" classname="com.cardatechnologies.utils.validators.abaroutevalidator.Test_AbaRouteValidator_09" time="0.021"/>
  <testcase name="testAbaNumberCheck_18899_good" classname="com.cardatechnologies.utils.validators.abaroutevalidator.Test_AbaRouteValidator_09" time="0.02"/>
  <testcase name="testAbaNumberCheck_17959_good" classname="com.cardatechnologies.utils.validators.abaroutevalidator.Test_AbaRouteValidator_09" time="0.018"/>
  <testcase name="testAbaNumberCheck_19930_bad" classname="com.cardatechnologies.utils.validators.abaroutevalidator.Test_AbaRouteValidator_09" time="0.017"/>
  <testcase name="testAbaNumberCheck_19480_bad" classname="com.cardatechnologies.utils.validators.abaroutevalidator.Test_AbaRouteValidator_09" time="0.018"/>
  <testcase name="testAbaNumberCheck_19932_bad" classname="com.cardatechnologies.utils.validators.abaroutevalidator.Test_AbaRouteValidator_09" time="0.017"/>
  <testcase name="testAbaNumberCheck_19482_bad" classname="com.cardatechnologies.utils.validators.abaroutevalidator.Test_AbaRouteValidator_09" time="0.018"/>
  <testcase name="testAbaNumberCheck_17797_good" classname="com.cardatechnologies.utils.validators.abaroutevalidator.Test_AbaRouteValidator_09" time="0.018"/>
  <testcase name="testAbaNumberCheck_19934_bad" classname="com.cardatechnologies.utils.validators.abaroutevalidator.Test_AbaRouteValidator_09" time="0.018"/>
  <testcase name="testAbaNumberCheck_18670_bad" classname="com.cardatechnologies.utils.validators.abaroutevalidator.Test_AbaRouteValidator_09" time="0.018"/>
  <testcase name="testAbaNumberCheck_19484_bad" classname="com.cardatechnologies.utils.validators.abaroutevalidator.Test_AbaRouteValidator_09" time="0.018"/>
  <testcase name="testAbaNumberCheck_19936_bad" classname="com.cardatechnologies.utils.validators.abaroutevalidator.Test_AbaRouteValidator_09" time="0.018"/>
  <testcase name="testAbaNumberCheck_18672_bad" classname="com.cardatechnologies.utils.validators.abaroutevalidator.Test_AbaRouteValidator_09" time="0.02"/>
  <testcase name="testAbaNumberCheck_19486_bad" classname="com.cardatechnologies.utils.validators.abaroutevalidator.Test_AbaRouteValidator_09" time="0.019"/>
  <testcase name="testAbaNumberCheck_19938_bad" classname="com.cardatechnologies.utils.validators.abaroutevalidator.Test_AbaRouteValidator_09" time="0.02"/>
  <testcase name="testAbaNumberCheck_17860_bad" classname="com.cardatechnologies.utils.validators.abaroutevalidator.Test_AbaRouteValidator_09" time="0.019"/>
  <testcase name="testAbaNumberCheck_18674_bad" classname="com.cardatechnologies.utils.validators.abaroutevalidator.Test_AbaRouteValidator_09" time="0.019"/>
  <testcase name="testAbaNumberCheck_19488_bad" classname="com.cardatechnologies.utils.validators.abaroutevalidator.Test_AbaRouteValidator_09" time="0.019"/>
  <testcase name="testAbaNumberCheck_17862_bad" classname="com.cardatechnologies.utils.validators.abaroutevalidator.Test_AbaRouteValidator_09" time="0.019"/>
  <testcase name="testAbaNumberCheck_18676_bad" classname="com.cardatechnologies.utils.validators.abaroutevalidator.Test_AbaRouteValidator_09" time="0.021"/>
  <testcase name="testAbaNumberCheck_17864_bad" classname="com.cardatechnologies.utils.validators.abaroutevalidator.Test_AbaRouteValidator_09" time="0.022"/>
  <testcase name="testAbaNumberCheck_18678_bad" classname="com.cardatechnologies.utils.validators.abaroutevalidator.Test_AbaRouteValidator_09" time="0.022"/>
  <testcase name="testAbaNumberCheck_17866_bad" classname="com.cardatechnologies.utils.validators.abaroutevalidator.Test_AbaRouteValidator_09" time="0.02"/>
  <testcase name="testAbaNumberCheck_17868_bad" classname="com.cardatechnologies.utils.validators.abaroutevalidator.Test_AbaRouteValidator_09" time="0.019"/>
  <testcase name="testAbaNumberCheck_17879_good" classname="com.cardatechnologies.utils.validators.abaroutevalidator.Test_AbaRouteValidator_09" time="0.019"/>
  <testcase name="testAbaNumberCheck_19940_bad" classname="com.cardatechnologies.utils.validators.abaroutevalidator.Test_AbaRouteValidator_09" time="0.019"/>
  <testcase name="testAbaNumberCheck_19490_bad" classname="com.cardatechnologies.utils.validators.abaroutevalidator.Test_AbaRouteValidator_09" time="0.021"/>
  <testcase name="testAbaNumberCheck_19942_bad" classname="com.cardatechnologies.utils.validators.abaroutevalidator.Test_AbaRouteValidator_09" time="0.021"/>
  <testcase name="testAbaNumberCheck_19492_bad" classname="com.cardatechnologies.utils.validators.abaroutevalidator.Test_AbaRouteValidator_09" time="0.026"/>
  <testcase name="testAbaNumberCheck_19944_bad" classname="com.cardatechnologies.utils.validators.abaroutevalidator.Test_AbaRouteValidator_09" time="0.022"/>
  <testcase name="testAbaNumberCheck_18680_bad" classname="com.cardatechnologies.utils.validators.abaroutevalidator.Test_AbaRouteValidator_09" time="0.019"/>
  <testcase name="testAbaNumberCheck_19494_bad" classname="com.cardatechnologies.utils.validators.abaroutevalidator.Test_AbaRouteValidator_09" time="0.02"/>
  <testcase name="testAbaNumberCheck_19946_bad" classname="com.cardatechnologies.utils.validators.abaroutevalidator.Test_AbaRouteValidator_09" time="0.019"/>
  <testcase name="testAbaNumberCheck_18682_bad" classname="com.cardatechnologies.utils.validators.abaroutevalidator.Test_AbaRouteValidator_09" time="0.018"/>
  <testcase name="testAbaNumberCheck_19496_bad" classname="com.cardatechnologies.utils.validators.abaroutevalidator.Test_AbaRouteValidator_09" time="0.02"/>
  <testcase name="testAbaNumberCheck_19948_bad" classname="com.cardatechnologies.utils.validators.abaroutevalidator.Test_AbaRouteValidator_09" time="0.019"/>
  <testcase name="testAbaNumberCheck_17870_bad" classname="com.cardatechnologies.utils.validators.abaroutevalidator.Test_AbaRouteValidator_09" time="0.02"/>
  <testcase name="testAbaNumberCheck_18684_bad" classname="com.cardatechnologies.utils.validators.abaroutevalidator.Test_AbaRouteValidator_09" time="0.018"/>
  <testcase name="testAbaNumberCheck_19498_bad" classname="com.cardatechnologies.utils.validators.abaroutevalidator.Test_AbaRouteValidator_09" time="0.036"/>
  <testcase name="testAbaNumberCheck_17872_bad" classname="com.cardatechnologies.utils.validators.abaroutevalidator.Test_AbaRouteValidator_09" time="0.015"/>
  <testcase name="testAbaNumberCheck_18686_bad" classname="com.cardatechnologies.utils.validators.abaroutevalidator.Test_AbaRouteValidator_09" time="0.018"/>
  <testcase name="testAbaNumberCheck_17874_bad" classname="com.cardatechnologies.utils.validators.abaroutevalidator.Test_AbaRouteValidator_09" time="0.018"/>
  <testcase name="testAbaNumberCheck_18688_bad" classname="com.cardatechnologies.utils.validators.abaroutevalidator.Test_AbaRouteValidator_09" time="0.018"/>
  <testcase name="testAbaNumberCheck_17876_bad" classname="com.cardatechnologies.utils.validators.abaroutevalidator.Test_AbaRouteValidator_09" time="0.018"/>
  <testcase name="testAbaNumberCheck_17878_bad" classname="com.cardatechnologies.utils.validators.abaroutevalidator.Test_AbaRouteValidator_09" time="0.017"/>
</testsuite>