<?xml version="1.0" encoding="UTF-8"?>
<testsuite xmlns:xsi="http://www.w3.org/2001/XMLSchema-instance" xsi:noNamespaceSchemaLocation="https://maven.apache.org/surefire/maven-surefire-plugin/xsd/surefire-test-report-3.0.xsd" version="3.0" name="com.cardatechnologies.utils.validators.abaroutevalidator.Test_AbaRouteValidator_13b" time="53.712" tests="2800" errors="0" skipped="0" failures="0">
  <properties>
    <property name="sun.desktop" value="windows"/>
    <property name="awt.toolkit" value="sun.awt.windows.WToolkit"/>
    <property name="file.encoding.pkg" value="sun.io"/>
    <property name="java.specification.version" value="1.8"/>
    <property name="sun.cpu.isalist" value="amd64"/>
    <property name="sun.jnu.encoding" value="Cp1252"/>
    <property name="java.class.path" value="D:\Projects\GitHub\aba.route.validator\target\clover\test-classes;D:\Projects\GitHub\aba.route.validator\target\clover\classes;C:\Users\Joker\.m2\repository\org\junit\jupiter\junit-jupiter\5.8.0-M1\junit-jupiter-5.8.0-M1.jar;C:\Users\Joker\.m2\repository\org\junit\jupiter\junit-jupiter-api\5.8.0-M1\junit-jupiter-api-5.8.0-M1.jar;C:\Users\Joker\.m2\repository\org\apiguardian\apiguardian-api\1.1.1\apiguardian-api-1.1.1.jar;C:\Users\Joker\.m2\repository\org\opentest4j\opentest4j\1.2.0\opentest4j-1.2.0.jar;C:\Users\Joker\.m2\repository\org\junit\platform\junit-platform-commons\1.8.0-M1\junit-platform-commons-1.8.0-M1.jar;C:\Users\Joker\.m2\repository\org\junit\jupiter\junit-jupiter-params\5.8.0-M1\junit-jupiter-params-5.8.0-M1.jar;C:\Users\Joker\.m2\repository\org\junit\jupiter\junit-jupiter-engine\5.8.0-M1\junit-jupiter-engine-5.8.0-M1.jar;C:\Users\Joker\.m2\repository\org\junit\platform\junit-platform-engine\1.8.0-M1\junit-platform-engine-1.8.0-M1.jar;C:\Users\Joker\.m2\repository\org\jetbrains\kotlin\kotlin-stdlib-jdk8\1.4.20\kotlin-stdlib-jdk8-1.4.20.jar;C:\Users\Joker\.m2\repository\org\jetbrains\kotlin\kotlin-stdlib\1.4.20\kotlin-stdlib-1.4.20.jar;C:\Users\Joker\.m2\repository\org\jetbrains\kotlin\kotlin-stdlib-common\1.4.20\kotlin-stdlib-common-1.4.20.jar;C:\Users\Joker\.m2\repository\org\jetbrains\annotations\13.0\annotations-13.0.jar;C:\Users\Joker\.m2\repository\org\jetbrains\kotlin\kotlin-stdlib-jdk7\1.4.20\kotlin-stdlib-jdk7-1.4.20.jar;C:\Users\Joker\.m2\repository\junit\junit\4.13.2\junit-4.13.2.jar;C:\Users\Joker\.m2\repository\org\hamcrest\hamcrest-core\1.3\hamcrest-core-1.3.jar;C:\Users\Joker\.m2\repository\org\openclover\clover\4.4.1\clover-4.4.1.jar;C:\Users\Joker\AppData\Local\Temp\grover8279353255277467013.jar;"/>
    <property name="java.vm.vendor" value="Oracle Corporation"/>
    <property name="sun.arch.data.model" value="64"/>
    <property name="user.variant" value=""/>
    <property name="java.vendor.url" value="http://java.oracle.com/"/>
    <property name="user.timezone" value="America/Denver"/>
    <property name="java.vm.specification.version" value="1.8"/>
    <property name="os.name" value="Windows 10"/>
    <property name="user.country" value="US"/>
    <property name="sun.java.launcher" value="SUN_STANDARD"/>
    <property name="sun.boot.library.path" value="D:\Tools\Java\JDK\jdk1.8.0_251\jre\bin"/>
    <property name="sun.java.command" value="C:\Users\Joker\AppData\Local\Temp\surefire1429051986229938233\surefirebooter1026372107155744162.jar C:\Users\Joker\AppData\Local\Temp\surefire1429051986229938233 2021-08-07T12-30-16_371-jvmRun1 surefire8642469005375175643tmp surefire_0437398952437214220tmp"/>
    <property name="surefire.test.class.path" value="D:\Projects\GitHub\aba.route.validator\target\clover\test-classes;D:\Projects\GitHub\aba.route.validator\target\clover\classes;C:\Users\Joker\.m2\repository\org\junit\jupiter\junit-jupiter\5.8.0-M1\junit-jupiter-5.8.0-M1.jar;C:\Users\Joker\.m2\repository\org\junit\jupiter\junit-jupiter-api\5.8.0-M1\junit-jupiter-api-5.8.0-M1.jar;C:\Users\Joker\.m2\repository\org\apiguardian\apiguardian-api\1.1.1\apiguardian-api-1.1.1.jar;C:\Users\Joker\.m2\repository\org\opentest4j\opentest4j\1.2.0\opentest4j-1.2.0.jar;C:\Users\Joker\.m2\repository\org\junit\platform\junit-platform-commons\1.8.0-M1\junit-platform-commons-1.8.0-M1.jar;C:\Users\Joker\.m2\repository\org\junit\jupiter\junit-jupiter-params\5.8.0-M1\junit-jupiter-params-5.8.0-M1.jar;C:\Users\Joker\.m2\repository\org\junit\jupiter\junit-jupiter-engine\5.8.0-M1\junit-jupiter-engine-5.8.0-M1.jar;C:\Users\Joker\.m2\repository\org\junit\platform\junit-platform-engine\1.8.0-M1\junit-platform-engine-1.8.0-M1.jar;C:\Users\Joker\.m2\repository\org\jetbrains\kotlin\kotlin-stdlib-jdk8\1.4.20\kotlin-stdlib-jdk8-1.4.20.jar;C:\Users\Joker\.m2\repository\org\jetbrains\kotlin\kotlin-stdlib\1.4.20\kotlin-stdlib-1.4.20.jar;C:\Users\Joker\.m2\repository\org\jetbrains\kotlin\kotlin-stdlib-common\1.4.20\kotlin-stdlib-common-1.4.20.jar;C:\Users\Joker\.m2\repository\org\jetbrains\annotations\13.0\annotations-13.0.jar;C:\Users\Joker\.m2\repository\org\jetbrains\kotlin\kotlin-stdlib-jdk7\1.4.20\kotlin-stdlib-jdk7-1.4.20.jar;C:\Users\Joker\.m2\repository\junit\junit\4.13.2\junit-4.13.2.jar;C:\Users\Joker\.m2\repository\org\hamcrest\hamcrest-core\1.3\hamcrest-core-1.3.jar;C:\Users\Joker\.m2\repository\org\openclover\clover\4.4.1\clover-4.4.1.jar;C:\Users\Joker\AppData\Local\Temp\grover8279353255277467013.jar;"/>
    <property name="sun.cpu.endian" value="little"/>
    <property name="user.home" value="C:\Users\Joker"/>
    <property name="user.language" value="en"/>
    <property name="java.specification.vendor" value="Oracle Corporation"/>
    <property name="java.home" value="D:\Tools\Java\JDK\jdk1.8.0_251\jre"/>
    <property name="basedir" value="D:\Projects\GitHub\aba.route.validator"/>
    <property name="file.separator" value="\"/>
    <property name="line.separator" value="&#10;"/>
    <property name="java.vm.specification.vendor" value="Oracle Corporation"/>
    <property name="java.specification.name" value="Java Platform API Specification"/>
    <property name="java.awt.graphicsenv" value="sun.awt.Win32GraphicsEnvironment"/>
    <property name="surefire.real.class.path" value="C:\Users\Joker\AppData\Local\Temp\surefire1429051986229938233\surefirebooter1026372107155744162.jar"/>
    <property name="sun.boot.class.path" value="D:\Tools\Java\JDK\jdk1.8.0_251\jre\lib\resources.jar;D:\Tools\Java\JDK\jdk1.8.0_251\jre\lib\rt.jar;D:\Tools\Java\JDK\jdk1.8.0_251\jre\lib\sunrsasign.jar;D:\Tools\Java\JDK\jdk1.8.0_251\jre\lib\jsse.jar;D:\Tools\Java\JDK\jdk1.8.0_251\jre\lib\jce.jar;D:\Tools\Java\JDK\jdk1.8.0_251\jre\lib\charsets.jar;D:\Tools\Java\JDK\jdk1.8.0_251\jre\lib\jfr.jar;D:\Tools\Java\JDK\jdk1.8.0_251\jre\classes"/>
    <property name="user.script" value=""/>
    <property name="sun.management.compiler" value="HotSpot 64-Bit Tiered Compilers"/>
    <property name="java.runtime.version" value="1.8.0_251-b08"/>
    <property name="user.name" value="Joker"/>
    <property name="path.separator" value=";"/>
    <property name="os.version" value="10.0"/>
    <property name="java.endorsed.dirs" value="D:\Tools\Java\JDK\jdk1.8.0_251\jre\lib\endorsed"/>
    <property name="java.runtime.name" value="Java(TM) SE Runtime Environment"/>
    <property name="file.encoding" value="Cp1252"/>
    <property name="java.vm.name" value="Java HotSpot(TM) 64-Bit Server VM"/>
    <property name="localRepository" value="C:\Users\Joker\.m2\repository"/>
    <property name="java.vendor.url.bug" value="http://bugreport.sun.com/bugreport/"/>
    <property name="java.io.tmpdir" value="C:\Users\Joker\AppData\Local\Temp\"/>
    <property name="java.version" value="1.8.0_251"/>
    <property name="user.dir" value="D:\Projects\GitHub\aba.route.validator"/>
    <property name="os.arch" value="amd64"/>
    <property name="java.vm.specification.name" value="Java Virtual Machine Specification"/>
    <property name="java.awt.printerjob" value="sun.awt.windows.WPrinterJob"/>
    <property name="sun.os.patch.level" value=""/>
    <property name="java.library.path" value="D:\Tools\Java\JDK\jdk1.8.0_251\jre\bin;C:\WINDOWS\Sun\Java\bin;C:\WINDOWS\system32;C:\WINDOWS;D:\Tools\Java\Apache\apache-maven-3.6.3\bin;D:\Tools\Java\JDK\jdk1.8.0_251\bin;C:\Users\Joker\bin;C:\Program Files\Git\mingw64\bin;C:\Program Files\Git\usr\local\bin;C:\Program Files\Git\usr\bin;C:\Program Files\Git\usr\bin;C:\Program Files\Git\mingw64\bin;C:\Program Files\Git\usr\bin;C:\Users\Joker\bin;C:\ProgramData\Oracle\Java\javapath;C:\Program Files (x86)\Common Files\Oracle\Java\javapath;C:\Program Files (x86)\Intel\iCLS Client;C:\Program Files\Intel\iCLS Client;C:\Windows\system32;C:\Windows;C:\Windows\System32\Wbem;C:\Windows\System32\WindowsPowerShell\v1.0;C:\Program Files (x86)\NVIDIA Corporation\PhysX\Common;D:\Applications\QuickTime\QTSystem;C:\Program Files (x86)\Common Files\Acronis\VirtualFile;C:\Program Files (x86)\Common Files\Acronis\VirtualFile64;C:\Program Files (x86)\Common Files\Acronis\SnapAPI;C:\WINDOWS\system32;C:\WINDOWS;C:\WINDOWS\System32\Wbem;C:\WINDOWS\System32\WindowsPowerShell\v1.0;C:\Program Files (x86)\Intel\Intel(R) Management Engine Components\DAL;C:\Program Files\Intel\Intel(R) Management Engine Components\DAL;C:\Program Files (x86)\Intel\Intel(R) Management Engine Components\IPT;C:\Program Files\Intel\Intel(R) Management Engine Components\IPT;C:\WINDOWS\System32\OpenSSH;C:\Program Files\NVIDIA Corporation\NVIDIA NvDLISR;C:\WINDOWS\system32;C:\WINDOWS;C:\WINDOWS\System32\Wbem;C:\WINDOWS\System32\WindowsPowerShell\v1.0;C:\WINDOWS\System32\OpenSSH;C:\Program Files (x86)\Common Files\Acronis\FileProtector;C:\Program Files (x86)\Common Files\Acronis\FileProtector64;C:\Program Files\PuTTY;C:\Program Files\Docker\Docker\resources\bin;C:\ProgramData\DockerDesktop\version-bin;C:\Program Files\Git\cmd;C:\Users\Joker\AppData\Local\Microsoft\WindowsApps;D:\Tools\Java\JDK\jdk1.8.0_251\bin;D:\Tools\Java\Apache\apache-maven-3.8.1\bin;D:\Tools\Java\Apache\apache-ant-1.10.1\bin;D:\Tools\Java\gradle-4.2\bin;C:\Program Files\JetBrains\IntelliJ IDEA 2019.3\bin;C:\Program Files (x86)\DTN\IQFeed;C:\Users\Joker\AppData\Local\GitHubDesktop\bin;D:\Tools\Java\JetBrains\IntelliJ_2020_1.3\bin;C:\Users\Joker\AppData\Local\Microsoft\WindowsApps;C:\Program Files\Git\usr\bin\vendor_perl;C:\Program Files\Git\usr\bin\core_perl;."/>
    <property name="java.vm.info" value="mixed mode"/>
    <property name="java.vendor" value="Oracle Corporation"/>
    <property name="java.vm.version" value="25.251-b08"/>
    <property name="java.ext.dirs" value="D:\Tools\Java\JDK\jdk1.8.0_251\jre\lib\ext;C:\WINDOWS\Sun\Java\lib\ext"/>
    <property name="sun.io.unicode.encoding" value="UnicodeLittle"/>
    <property name="java.class.version" value="52.0"/>
  </properties>
  <testcase name="testAbaNumberCheck_29241_good" classname="com.cardatechnologies.utils.validators.abaroutevalidator.Test_AbaRouteValidator_13b" time="0.02"/>
  <testcase name="testAbaNumberCheck_28301_good" classname="com.cardatechnologies.utils.validators.abaroutevalidator.Test_AbaRouteValidator_13b" time="0.018"/>
  <testcase name="testAbaNumberCheck_29115_good" classname="com.cardatechnologies.utils.validators.abaroutevalidator.Test_AbaRouteValidator_13b" time="0.017"/>
  <testcase name="testAbaNumberCheck_28013_good" classname="com.cardatechnologies.utils.validators.abaroutevalidator.Test_AbaRouteValidator_13b" time="0.018"/>
  <testcase name="testAbaNumberCheck_29611_good" classname="com.cardatechnologies.utils.validators.abaroutevalidator.Test_AbaRouteValidator_13b" time="0.018"/>
  <testcase name="testAbaNumberCheck_29323_good" classname="com.cardatechnologies.utils.validators.abaroutevalidator.Test_AbaRouteValidator_13b" time="0.021"/>
  <testcase name="testAbaNumberCheck_29161_good" classname="com.cardatechnologies.utils.validators.abaroutevalidator.Test_AbaRouteValidator_13b" time="0.02"/>
  <testcase name="testAbaNumberCheck_28221_good" classname="com.cardatechnologies.utils.validators.abaroutevalidator.Test_AbaRouteValidator_13b" time="0.02"/>
  <testcase name="testAbaNumberCheck_29035_good" classname="com.cardatechnologies.utils.validators.abaroutevalidator.Test_AbaRouteValidator_13b" time="0.019"/>
  <testcase name="testAbaNumberCheck_29531_good" classname="com.cardatechnologies.utils.validators.abaroutevalidator.Test_AbaRouteValidator_13b" time="0.02"/>
  <testcase name="testAbaNumberCheck_29405_good" classname="com.cardatechnologies.utils.validators.abaroutevalidator.Test_AbaRouteValidator_13b" time="0.02"/>
  <testcase name="testAbaNumberCheck_29243_good" classname="com.cardatechnologies.utils.validators.abaroutevalidator.Test_AbaRouteValidator_13b" time="0.019"/>
  <testcase name="testAbaNumberCheck_28303_good" classname="com.cardatechnologies.utils.validators.abaroutevalidator.Test_AbaRouteValidator_13b" time="0.021"/>
  <testcase name="testAbaNumberCheck_29901_good" classname="com.cardatechnologies.utils.validators.abaroutevalidator.Test_AbaRouteValidator_13b" time="0.019"/>
  <testcase name="testAbaNumberCheck_29117_good" classname="com.cardatechnologies.utils.validators.abaroutevalidator.Test_AbaRouteValidator_13b" time="0.02"/>
  <testcase name="testAbaNumberCheck_29081_good" classname="com.cardatechnologies.utils.validators.abaroutevalidator.Test_AbaRouteValidator_13b" time="0.02"/>
  <testcase name="testAbaNumberCheck_28141_good" classname="com.cardatechnologies.utils.validators.abaroutevalidator.Test_AbaRouteValidator_13b" time="0.021"/>
  <testcase name="testAbaNumberCheck_27201_good" classname="com.cardatechnologies.utils.validators.abaroutevalidator.Test_AbaRouteValidator_13b" time="0.019"/>
  <testcase name="testAbaNumberCheck_28015_good" classname="com.cardatechnologies.utils.validators.abaroutevalidator.Test_AbaRouteValidator_13b" time="0.02"/>
  <testcase name="testAbaNumberCheck_29613_good" classname="com.cardatechnologies.utils.validators.abaroutevalidator.Test_AbaRouteValidator_13b" time="0.023"/>
  <testcase name="testAbaNumberCheck_29451_good" classname="com.cardatechnologies.utils.validators.abaroutevalidator.Test_AbaRouteValidator_13b" time="0.023"/>
  <testcase name="testAbaNumberCheck_28511_good" classname="com.cardatechnologies.utils.validators.abaroutevalidator.Test_AbaRouteValidator_13b" time="0.02"/>
  <testcase name="testAbaNumberCheck_29325_good" classname="com.cardatechnologies.utils.validators.abaroutevalidator.Test_AbaRouteValidator_13b" time="0.02"/>
  <testcase name="testAbaNumberCheck_29163_good" classname="com.cardatechnologies.utils.validators.abaroutevalidator.Test_AbaRouteValidator_13b" time="0.02"/>
  <testcase name="testAbaNumberCheck_28223_good" classname="com.cardatechnologies.utils.validators.abaroutevalidator.Test_AbaRouteValidator_13b" time="0.019"/>
  <testcase name="testAbaNumberCheck_29821_good" classname="com.cardatechnologies.utils.validators.abaroutevalidator.Test_AbaRouteValidator_13b" time="0.02"/>
  <testcase name="testAbaNumberCheck_29037_good" classname="com.cardatechnologies.utils.validators.abaroutevalidator.Test_AbaRouteValidator_13b" time="0.028"/>
  <testcase name="testAbaNumberCheck_28061_good" classname="com.cardatechnologies.utils.validators.abaroutevalidator.Test_AbaRouteValidator_13b" time="0.021"/>
  <testcase name="testAbaNumberCheck_29533_good" classname="com.cardatechnologies.utils.validators.abaroutevalidator.Test_AbaRouteValidator_13b" time="0.021"/>
  <testcase name="testAbaNumberCheck_29407_good" classname="com.cardatechnologies.utils.validators.abaroutevalidator.Test_AbaRouteValidator_13b" time="0.018"/>
  <testcase name="testAbaNumberCheck_29371_good" classname="com.cardatechnologies.utils.validators.abaroutevalidator.Test_AbaRouteValidator_13b" time="0.019"/>
  <testcase name="testAbaNumberCheck_28431_good" classname="com.cardatechnologies.utils.validators.abaroutevalidator.Test_AbaRouteValidator_13b" time="0.017"/>
  <testcase name="testAbaNumberCheck_29245_good" classname="com.cardatechnologies.utils.validators.abaroutevalidator.Test_AbaRouteValidator_13b" time="0.019"/>
  <testcase name="testAbaNumberCheck_28305_good" classname="com.cardatechnologies.utils.validators.abaroutevalidator.Test_AbaRouteValidator_13b" time="0.018"/>
  <testcase name="testAbaNumberCheck_29903_good" classname="com.cardatechnologies.utils.validators.abaroutevalidator.Test_AbaRouteValidator_13b" time="0.018"/>
  <testcase name="testAbaNumberCheck_29119_good" classname="com.cardatechnologies.utils.validators.abaroutevalidator.Test_AbaRouteValidator_13b" time="0.02"/>
  <testcase name="testAbaNumberCheck_29083_good" classname="com.cardatechnologies.utils.validators.abaroutevalidator.Test_AbaRouteValidator_13b" time="0.028"/>
  <testcase name="testAbaNumberCheck_28143_good" classname="com.cardatechnologies.utils.validators.abaroutevalidator.Test_AbaRouteValidator_13b" time="0.018"/>
  <testcase name="testAbaNumberCheck_27203_good" classname="com.cardatechnologies.utils.validators.abaroutevalidator.Test_AbaRouteValidator_13b" time="0.018"/>
  <testcase name="testAbaNumberCheck_29741_good" classname="com.cardatechnologies.utils.validators.abaroutevalidator.Test_AbaRouteValidator_13b" time="0.018"/>
  <testcase name="testAbaNumberCheck_28801_good" classname="com.cardatechnologies.utils.validators.abaroutevalidator.Test_AbaRouteValidator_13b" time="0.017"/>
  <testcase name="testAbaNumberCheck_28017_good" classname="com.cardatechnologies.utils.validators.abaroutevalidator.Test_AbaRouteValidator_13b" time="0.018"/>
  <testcase name="testAbaNumberCheck_29615_good" classname="com.cardatechnologies.utils.validators.abaroutevalidator.Test_AbaRouteValidator_13b" time="0.018"/>
  <testcase name="testAbaNumberCheck_29453_good" classname="com.cardatechnologies.utils.validators.abaroutevalidator.Test_AbaRouteValidator_13b" time="0.017"/>
  <testcase name="testAbaNumberCheck_28513_good" classname="com.cardatechnologies.utils.validators.abaroutevalidator.Test_AbaRouteValidator_13b" time="0.018"/>
  <testcase name="testAbaNumberCheck_29327_good" classname="com.cardatechnologies.utils.validators.abaroutevalidator.Test_AbaRouteValidator_13b" time="0.018"/>
  <testcase name="testAbaNumberCheck_29291_good" classname="com.cardatechnologies.utils.validators.abaroutevalidator.Test_AbaRouteValidator_13b" time="0.024"/>
  <testcase name="testAbaNumberCheck_28351_good" classname="com.cardatechnologies.utils.validators.abaroutevalidator.Test_AbaRouteValidator_13b" time="0.022"/>
  <testcase name="testAbaNumberCheck_27411_good" classname="com.cardatechnologies.utils.validators.abaroutevalidator.Test_AbaRouteValidator_13b" time="0.018"/>
  <testcase name="testAbaNumberCheck_29165_good" classname="com.cardatechnologies.utils.validators.abaroutevalidator.Test_AbaRouteValidator_13b" time="0.018"/>
  <testcase name="testAbaNumberCheck_28225_good" classname="com.cardatechnologies.utils.validators.abaroutevalidator.Test_AbaRouteValidator_13b" time="0.017"/>
  <testcase name="testAbaNumberCheck_29823_good" classname="com.cardatechnologies.utils.validators.abaroutevalidator.Test_AbaRouteValidator_13b" time="0.019"/>
  <testcase name="testAbaNumberCheck_29039_good" classname="com.cardatechnologies.utils.validators.abaroutevalidator.Test_AbaRouteValidator_13b" time="0.017"/>
  <testcase name="testAbaNumberCheck_28063_good" classname="com.cardatechnologies.utils.validators.abaroutevalidator.Test_AbaRouteValidator_13b" time="0.028"/>
  <testcase name="testAbaNumberCheck_29661_good" classname="com.cardatechnologies.utils.validators.abaroutevalidator.Test_AbaRouteValidator_13b" time="0.019"/>
  <testcase name="testAbaNumberCheck_28721_good" classname="com.cardatechnologies.utils.validators.abaroutevalidator.Test_AbaRouteValidator_13b" time="0.018"/>
  <testcase name="testAbaNumberCheck_29535_good" classname="com.cardatechnologies.utils.validators.abaroutevalidator.Test_AbaRouteValidator_13b" time="0.017"/>
  <testcase name="testAbaNumberCheck_29409_good" classname="com.cardatechnologies.utils.validators.abaroutevalidator.Test_AbaRouteValidator_13b" time="0.018"/>
  <testcase name="testAbaNumberCheck_29373_good" classname="com.cardatechnologies.utils.validators.abaroutevalidator.Test_AbaRouteValidator_13b" time="0.018"/>
  <testcase name="testAbaNumberCheck_28433_good" classname="com.cardatechnologies.utils.validators.abaroutevalidator.Test_AbaRouteValidator_13b" time="0.018"/>
  <testcase name="testAbaNumberCheck_29247_good" classname="com.cardatechnologies.utils.validators.abaroutevalidator.Test_AbaRouteValidator_13b" time="0.017"/>
  <testcase name="testAbaNumberCheck_28307_good" classname="com.cardatechnologies.utils.validators.abaroutevalidator.Test_AbaRouteValidator_13b" time="0.018"/>
  <testcase name="testAbaNumberCheck_29905_good" classname="com.cardatechnologies.utils.validators.abaroutevalidator.Test_AbaRouteValidator_13b" time="0.019"/>
  <testcase name="testAbaNumberCheck_28271_good" classname="com.cardatechnologies.utils.validators.abaroutevalidator.Test_AbaRouteValidator_13b" time="0.018"/>
  <testcase name="testAbaNumberCheck_27331_good" classname="com.cardatechnologies.utils.validators.abaroutevalidator.Test_AbaRouteValidator_13b" time="0.019"/>
  <testcase name="testAbaNumberCheck_29085_good" classname="com.cardatechnologies.utils.validators.abaroutevalidator.Test_AbaRouteValidator_13b" time="0.016"/>
  <testcase name="testAbaNumberCheck_28145_good" classname="com.cardatechnologies.utils.validators.abaroutevalidator.Test_AbaRouteValidator_13b" time="0.017"/>
  <testcase name="testAbaNumberCheck_27205_good" classname="com.cardatechnologies.utils.validators.abaroutevalidator.Test_AbaRouteValidator_13b" time="0.018"/>
  <testcase name="testAbaNumberCheck_29743_good" classname="com.cardatechnologies.utils.validators.abaroutevalidator.Test_AbaRouteValidator_13b" time="0.018"/>
  <testcase name="testAbaNumberCheck_28803_good" classname="com.cardatechnologies.utils.validators.abaroutevalidator.Test_AbaRouteValidator_13b" time="0.019"/>
  <testcase name="testAbaNumberCheck_28019_good" classname="com.cardatechnologies.utils.validators.abaroutevalidator.Test_AbaRouteValidator_13b" time="0.018"/>
  <testcase name="testAbaNumberCheck_29617_good" classname="com.cardatechnologies.utils.validators.abaroutevalidator.Test_AbaRouteValidator_13b" time="0.018"/>
  <testcase name="testAbaNumberCheck_29581_good" classname="com.cardatechnologies.utils.validators.abaroutevalidator.Test_AbaRouteValidator_13b" time="0.018"/>
  <testcase name="testAbaNumberCheck_28641_good" classname="com.cardatechnologies.utils.validators.abaroutevalidator.Test_AbaRouteValidator_13b" time="0.021"/>
  <testcase name="testAbaNumberCheck_27701_good" classname="com.cardatechnologies.utils.validators.abaroutevalidator.Test_AbaRouteValidator_13b" time="0.022"/>
  <testcase name="testAbaNumberCheck_29455_good" classname="com.cardatechnologies.utils.validators.abaroutevalidator.Test_AbaRouteValidator_13b" time="0.019"/>
  <testcase name="testAbaNumberCheck_28515_good" classname="com.cardatechnologies.utils.validators.abaroutevalidator.Test_AbaRouteValidator_13b" time="0.018"/>
  <testcase name="testAbaNumberCheck_29329_good" classname="com.cardatechnologies.utils.validators.abaroutevalidator.Test_AbaRouteValidator_13b" time="0.019"/>
  <testcase name="testAbaNumberCheck_29293_good" classname="com.cardatechnologies.utils.validators.abaroutevalidator.Test_AbaRouteValidator_13b" time="0.017"/>
  <testcase name="testAbaNumberCheck_28353_good" classname="com.cardatechnologies.utils.validators.abaroutevalidator.Test_AbaRouteValidator_13b" time="0.018"/>
  <testcase name="testAbaNumberCheck_27413_good" classname="com.cardatechnologies.utils.validators.abaroutevalidator.Test_AbaRouteValidator_13b" time="0.019"/>
  <testcase name="testAbaNumberCheck_29951_good" classname="com.cardatechnologies.utils.validators.abaroutevalidator.Test_AbaRouteValidator_13b" time="0.03"/>
  <testcase name="testAbaNumberCheck_29167_good" classname="com.cardatechnologies.utils.validators.abaroutevalidator.Test_AbaRouteValidator_13b" time="0.018"/>
  <testcase name="testAbaNumberCheck_28227_good" classname="com.cardatechnologies.utils.validators.abaroutevalidator.Test_AbaRouteValidator_13b" time="0.017"/>
  <testcase name="testAbaNumberCheck_29825_good" classname="com.cardatechnologies.utils.validators.abaroutevalidator.Test_AbaRouteValidator_13b" time="0.018"/>
  <testcase name="testAbaNumberCheck_28191_good" classname="com.cardatechnologies.utils.validators.abaroutevalidator.Test_AbaRouteValidator_13b" time="0.018"/>
  <testcase name="testAbaNumberCheck_27251_good" classname="com.cardatechnologies.utils.validators.abaroutevalidator.Test_AbaRouteValidator_13b" time="0.018"/>
  <testcase name="testAbaNumberCheck_28065_good" classname="com.cardatechnologies.utils.validators.abaroutevalidator.Test_AbaRouteValidator_13b" time="0.018"/>
  <testcase name="testAbaNumberCheck_29663_good" classname="com.cardatechnologies.utils.validators.abaroutevalidator.Test_AbaRouteValidator_13b" time="0.017"/>
  <testcase name="testAbaNumberCheck_28723_good" classname="com.cardatechnologies.utils.validators.abaroutevalidator.Test_AbaRouteValidator_13b" time="0.019"/>
  <testcase name="testAbaNumberCheck_29537_good" classname="com.cardatechnologies.utils.validators.abaroutevalidator.Test_AbaRouteValidator_13b" time="0.018"/>
  <testcase name="testAbaNumberCheck_28561_good" classname="com.cardatechnologies.utils.validators.abaroutevalidator.Test_AbaRouteValidator_13b" time="0.018"/>
  <testcase name="testAbaNumberCheck_27621_good" classname="com.cardatechnologies.utils.validators.abaroutevalidator.Test_AbaRouteValidator_13b" time="0.018"/>
  <testcase name="testAbaNumberCheck_29375_good" classname="com.cardatechnologies.utils.validators.abaroutevalidator.Test_AbaRouteValidator_13b" time="0.017"/>
  <testcase name="testAbaNumberCheck_28435_good" classname="com.cardatechnologies.utils.validators.abaroutevalidator.Test_AbaRouteValidator_13b" time="0.018"/>
  <testcase name="testAbaNumberCheck_29249_good" classname="com.cardatechnologies.utils.validators.abaroutevalidator.Test_AbaRouteValidator_13b" time="0.018"/>
  <testcase name="testAbaNumberCheck_28309_good" classname="com.cardatechnologies.utils.validators.abaroutevalidator.Test_AbaRouteValidator_13b" time="0.024"/>
  <testcase name="testAbaNumberCheck_29907_good" classname="com.cardatechnologies.utils.validators.abaroutevalidator.Test_AbaRouteValidator_13b" time="0.021"/>
  <testcase name="testAbaNumberCheck_28273_good" classname="com.cardatechnologies.utils.validators.abaroutevalidator.Test_AbaRouteValidator_13b" time="0.017"/>
  <testcase name="testAbaNumberCheck_27333_good" classname="com.cardatechnologies.utils.validators.abaroutevalidator.Test_AbaRouteValidator_13b" time="0.02"/>
  <testcase name="testAbaNumberCheck_29871_good" classname="com.cardatechnologies.utils.validators.abaroutevalidator.Test_AbaRouteValidator_13b" time="0.019"/>
  <testcase name="testAbaNumberCheck_28931_good" classname="com.cardatechnologies.utils.validators.abaroutevalidator.Test_AbaRouteValidator_13b" time="0.023"/>
  <testcase name="testAbaNumberCheck_29087_good" classname="com.cardatechnologies.utils.validators.abaroutevalidator.Test_AbaRouteValidator_13b" time="0.021"/>
  <testcase name="testAbaNumberCheck_28147_good" classname="com.cardatechnologies.utils.validators.abaroutevalidator.Test_AbaRouteValidator_13b" time="0.018"/>
  <testcase name="testAbaNumberCheck_27207_good" classname="com.cardatechnologies.utils.validators.abaroutevalidator.Test_AbaRouteValidator_13b" time="0.019"/>
  <testcase name="testAbaNumberCheck_29745_good" classname="com.cardatechnologies.utils.validators.abaroutevalidator.Test_AbaRouteValidator_13b" time="0.017"/>
  <testcase name="testAbaNumberCheck_28805_good" classname="com.cardatechnologies.utils.validators.abaroutevalidator.Test_AbaRouteValidator_13b" time="0.018"/>
  <testcase name="testAbaNumberCheck_29619_good" classname="com.cardatechnologies.utils.validators.abaroutevalidator.Test_AbaRouteValidator_13b" time="0.017"/>
  <testcase name="testAbaNumberCheck_29583_good" classname="com.cardatechnologies.utils.validators.abaroutevalidator.Test_AbaRouteValidator_13b" time="0.024"/>
  <testcase name="testAbaNumberCheck_28643_good" classname="com.cardatechnologies.utils.validators.abaroutevalidator.Test_AbaRouteValidator_13b" time="0.021"/>
  <testcase name="testAbaNumberCheck_27703_good" classname="com.cardatechnologies.utils.validators.abaroutevalidator.Test_AbaRouteValidator_13b" time="0.017"/>
  <testcase name="testAbaNumberCheck_29457_good" classname="com.cardatechnologies.utils.validators.abaroutevalidator.Test_AbaRouteValidator_13b" time="0.018"/>
  <testcase name="testAbaNumberCheck_28517_good" classname="com.cardatechnologies.utils.validators.abaroutevalidator.Test_AbaRouteValidator_13b" time="0.018"/>
  <testcase name="testAbaNumberCheck_28481_good" classname="com.cardatechnologies.utils.validators.abaroutevalidator.Test_AbaRouteValidator_13b" time="0.017"/>
  <testcase name="testAbaNumberCheck_27541_good" classname="com.cardatechnologies.utils.validators.abaroutevalidator.Test_AbaRouteValidator_13b" time="0.019"/>
  <testcase name="testAbaNumberCheck_29295_good" classname="com.cardatechnologies.utils.validators.abaroutevalidator.Test_AbaRouteValidator_13b" time="0.017"/>
  <testcase name="testAbaNumberCheck_28355_good" classname="com.cardatechnologies.utils.validators.abaroutevalidator.Test_AbaRouteValidator_13b" time="0.018"/>
  <testcase name="testAbaNumberCheck_27415_good" classname="com.cardatechnologies.utils.validators.abaroutevalidator.Test_AbaRouteValidator_13b" time="0.017"/>
  <testcase name="testAbaNumberCheck_29953_good" classname="com.cardatechnologies.utils.validators.abaroutevalidator.Test_AbaRouteValidator_13b" time="0.02"/>
  <testcase name="testAbaNumberCheck_29169_good" classname="com.cardatechnologies.utils.validators.abaroutevalidator.Test_AbaRouteValidator_13b" time="0.017"/>
  <testcase name="testAbaNumberCheck_28229_good" classname="com.cardatechnologies.utils.validators.abaroutevalidator.Test_AbaRouteValidator_13b" time="0.017"/>
  <testcase name="testAbaNumberCheck_29827_good" classname="com.cardatechnologies.utils.validators.abaroutevalidator.Test_AbaRouteValidator_13b" time="0.018"/>
  <testcase name="testAbaNumberCheck_28193_good" classname="com.cardatechnologies.utils.validators.abaroutevalidator.Test_AbaRouteValidator_13b" time="0.018"/>
  <testcase name="testAbaNumberCheck_27253_good" classname="com.cardatechnologies.utils.validators.abaroutevalidator.Test_AbaRouteValidator_13b" time="0.018"/>
  <testcase name="testAbaNumberCheck_29791_good" classname="com.cardatechnologies.utils.validators.abaroutevalidator.Test_AbaRouteValidator_13b" time="0.019"/>
  <testcase name="testAbaNumberCheck_28851_good" classname="com.cardatechnologies.utils.validators.abaroutevalidator.Test_AbaRouteValidator_13b" time="0.017"/>
  <testcase name="testAbaNumberCheck_27911_good" classname="com.cardatechnologies.utils.validators.abaroutevalidator.Test_AbaRouteValidator_13b" time="0.018"/>
  <testcase name="testAbaNumberCheck_28067_good" classname="com.cardatechnologies.utils.validators.abaroutevalidator.Test_AbaRouteValidator_13b" time="0.018"/>
  <testcase name="testAbaNumberCheck_29665_good" classname="com.cardatechnologies.utils.validators.abaroutevalidator.Test_AbaRouteValidator_13b" time="0.019"/>
  <testcase name="testAbaNumberCheck_28725_good" classname="com.cardatechnologies.utils.validators.abaroutevalidator.Test_AbaRouteValidator_13b" time="0.021"/>
  <testcase name="testAbaNumberCheck_29539_good" classname="com.cardatechnologies.utils.validators.abaroutevalidator.Test_AbaRouteValidator_13b" time="0.021"/>
  <testcase name="testAbaNumberCheck_28563_good" classname="com.cardatechnologies.utils.validators.abaroutevalidator.Test_AbaRouteValidator_13b" time="0.018"/>
  <testcase name="testAbaNumberCheck_27623_good" classname="com.cardatechnologies.utils.validators.abaroutevalidator.Test_AbaRouteValidator_13b" time="0.018"/>
  <testcase name="testAbaNumberCheck_29377_good" classname="com.cardatechnologies.utils.validators.abaroutevalidator.Test_AbaRouteValidator_13b" time="0.017"/>
  <testcase name="testAbaNumberCheck_28437_good" classname="com.cardatechnologies.utils.validators.abaroutevalidator.Test_AbaRouteValidator_13b" time="0.018"/>
  <testcase name="testAbaNumberCheck_27461_good" classname="com.cardatechnologies.utils.validators.abaroutevalidator.Test_AbaRouteValidator_13b" time="0.019"/>
  <testcase name="testAbaNumberCheck_29909_good" classname="com.cardatechnologies.utils.validators.abaroutevalidator.Test_AbaRouteValidator_13b" time="0.021"/>
  <testcase name="testAbaNumberCheck_28275_good" classname="com.cardatechnologies.utils.validators.abaroutevalidator.Test_AbaRouteValidator_13b" time="0.024"/>
  <testcase name="testAbaNumberCheck_27335_good" classname="com.cardatechnologies.utils.validators.abaroutevalidator.Test_AbaRouteValidator_13b" time="0.018"/>
  <testcase name="testAbaNumberCheck_29873_good" classname="com.cardatechnologies.utils.validators.abaroutevalidator.Test_AbaRouteValidator_13b" time="0.018"/>
  <testcase name="testAbaNumberCheck_28933_good" classname="com.cardatechnologies.utils.validators.abaroutevalidator.Test_AbaRouteValidator_13b" time="0.019"/>
  <testcase name="testAbaNumberCheck_29089_good" classname="com.cardatechnologies.utils.validators.abaroutevalidator.Test_AbaRouteValidator_13b" time="0.018"/>
  <testcase name="testAbaNumberCheck_28149_good" classname="com.cardatechnologies.utils.validators.abaroutevalidator.Test_AbaRouteValidator_13b" time="0.018"/>
  <testcase name="testAbaNumberCheck_27209_good" classname="com.cardatechnologies.utils.validators.abaroutevalidator.Test_AbaRouteValidator_13b" time="0.017"/>
  <testcase name="testAbaNumberCheck_29747_good" classname="com.cardatechnologies.utils.validators.abaroutevalidator.Test_AbaRouteValidator_13b" time="0.019"/>
  <testcase name="testAbaNumberCheck_28807_good" classname="com.cardatechnologies.utils.validators.abaroutevalidator.Test_AbaRouteValidator_13b" time="0.017"/>
  <testcase name="testAbaNumberCheck_28771_good" classname="com.cardatechnologies.utils.validators.abaroutevalidator.Test_AbaRouteValidator_13b" time="0.018"/>
  <testcase name="testAbaNumberCheck_27831_good" classname="com.cardatechnologies.utils.validators.abaroutevalidator.Test_AbaRouteValidator_13b" time="0.018"/>
  <testcase name="testAbaNumberCheck_29585_good" classname="com.cardatechnologies.utils.validators.abaroutevalidator.Test_AbaRouteValidator_13b" time="0.018"/>
  <testcase name="testAbaNumberCheck_28645_good" classname="com.cardatechnologies.utils.validators.abaroutevalidator.Test_AbaRouteValidator_13b" time="0.018"/>
  <testcase name="testAbaNumberCheck_27705_good" classname="com.cardatechnologies.utils.validators.abaroutevalidator.Test_AbaRouteValidator_13b" time="0.017"/>
  <testcase name="testAbaNumberCheck_29459_good" classname="com.cardatechnologies.utils.validators.abaroutevalidator.Test_AbaRouteValidator_13b" time="0.018"/>
  <testcase name="testAbaNumberCheck_28519_good" classname="com.cardatechnologies.utils.validators.abaroutevalidator.Test_AbaRouteValidator_13b" time="0.017"/>
  <testcase name="testAbaNumberCheck_28483_good" classname="com.cardatechnologies.utils.validators.abaroutevalidator.Test_AbaRouteValidator_13b" time="0.019"/>
  <testcase name="testAbaNumberCheck_27543_good" classname="com.cardatechnologies.utils.validators.abaroutevalidator.Test_AbaRouteValidator_13b" time="0.017"/>
  <testcase name="testAbaNumberCheck_29297_good" classname="com.cardatechnologies.utils.validators.abaroutevalidator.Test_AbaRouteValidator_13b" time="0.018"/>
  <testcase name="testAbaNumberCheck_28357_good" classname="com.cardatechnologies.utils.validators.abaroutevalidator.Test_AbaRouteValidator_13b" time="0.018"/>
  <testcase name="testAbaNumberCheck_27417_good" classname="com.cardatechnologies.utils.validators.abaroutevalidator.Test_AbaRouteValidator_13b" time="0.028"/>
  <testcase name="testAbaNumberCheck_29955_good" classname="com.cardatechnologies.utils.validators.abaroutevalidator.Test_AbaRouteValidator_13b" time="0.018"/>
  <testcase name="testAbaNumberCheck_27381_good" classname="com.cardatechnologies.utils.validators.abaroutevalidator.Test_AbaRouteValidator_13b" time="0.018"/>
  <testcase name="testAbaNumberCheck_29829_good" classname="com.cardatechnologies.utils.validators.abaroutevalidator.Test_AbaRouteValidator_13b" time="0.018"/>
  <testcase name="testAbaNumberCheck_28195_good" classname="com.cardatechnologies.utils.validators.abaroutevalidator.Test_AbaRouteValidator_13b" time="0.018"/>
  <testcase name="testAbaNumberCheck_27255_good" classname="com.cardatechnologies.utils.validators.abaroutevalidator.Test_AbaRouteValidator_13b" time="0.017"/>
  <testcase name="testAbaNumberCheck_29793_good" classname="com.cardatechnologies.utils.validators.abaroutevalidator.Test_AbaRouteValidator_13b" time="0.017"/>
  <testcase name="testAbaNumberCheck_28853_good" classname="com.cardatechnologies.utils.validators.abaroutevalidator.Test_AbaRouteValidator_13b" time="0.022"/>
  <testcase name="testAbaNumberCheck_27913_good" classname="com.cardatechnologies.utils.validators.abaroutevalidator.Test_AbaRouteValidator_13b" time="0.025"/>
  <testcase name="testAbaNumberCheck_28069_good" classname="com.cardatechnologies.utils.validators.abaroutevalidator.Test_AbaRouteValidator_13b" time="0.02"/>
  <testcase name="testAbaNumberCheck_29667_good" classname="com.cardatechnologies.utils.validators.abaroutevalidator.Test_AbaRouteValidator_13b" time="0.018"/>
  <testcase name="testAbaNumberCheck_28727_good" classname="com.cardatechnologies.utils.validators.abaroutevalidator.Test_AbaRouteValidator_13b" time="0.017"/>
  <testcase name="testAbaNumberCheck_28691_good" classname="com.cardatechnologies.utils.validators.abaroutevalidator.Test_AbaRouteValidator_13b" time="0.018"/>
  <testcase name="testAbaNumberCheck_27751_good" classname="com.cardatechnologies.utils.validators.abaroutevalidator.Test_AbaRouteValidator_13b" time="0.017"/>
  <testcase name="testAbaNumberCheck_28565_good" classname="com.cardatechnologies.utils.validators.abaroutevalidator.Test_AbaRouteValidator_13b" time="0.018"/>
  <testcase name="testAbaNumberCheck_27625_good" classname="com.cardatechnologies.utils.validators.abaroutevalidator.Test_AbaRouteValidator_13b" time="0.018"/>
  <testcase name="testAbaNumberCheck_29379_good" classname="com.cardatechnologies.utils.validators.abaroutevalidator.Test_AbaRouteValidator_13b" time="0.017"/>
  <testcase name="testAbaNumberCheck_28439_good" classname="com.cardatechnologies.utils.validators.abaroutevalidator.Test_AbaRouteValidator_13b" time="0.018"/>
  <testcase name="testAbaNumberCheck_27463_good" classname="com.cardatechnologies.utils.validators.abaroutevalidator.Test_AbaRouteValidator_13b" time="0.018"/>
  <testcase name="testAbaNumberCheck_28277_good" classname="com.cardatechnologies.utils.validators.abaroutevalidator.Test_AbaRouteValidator_13b" time="0.017"/>
  <testcase name="testAbaNumberCheck_27337_good" classname="com.cardatechnologies.utils.validators.abaroutevalidator.Test_AbaRouteValidator_13b" time="0.017"/>
  <testcase name="testAbaNumberCheck_29875_good" classname="com.cardatechnologies.utils.validators.abaroutevalidator.Test_AbaRouteValidator_13b" time="0.018"/>
  <testcase name="testAbaNumberCheck_28935_good" classname="com.cardatechnologies.utils.validators.abaroutevalidator.Test_AbaRouteValidator_13b" time="0.017"/>
  <testcase name="testAbaNumberCheck_29749_good" classname="com.cardatechnologies.utils.validators.abaroutevalidator.Test_AbaRouteValidator_13b" time="0.018"/>
  <testcase name="testAbaNumberCheck_28809_good" classname="com.cardatechnologies.utils.validators.abaroutevalidator.Test_AbaRouteValidator_13b" time="0.018"/>
  <testcase name="testAbaNumberCheck_28773_good" classname="com.cardatechnologies.utils.validators.abaroutevalidator.Test_AbaRouteValidator_13b" time="0.017"/>
  <testcase name="testAbaNumberCheck_27833_good" classname="com.cardatechnologies.utils.validators.abaroutevalidator.Test_AbaRouteValidator_13b" time="0.019"/>
  <testcase name="testAbaNumberCheck_29587_good" classname="com.cardatechnologies.utils.validators.abaroutevalidator.Test_AbaRouteValidator_13b" time="0.027"/>
  <testcase name="testAbaNumberCheck_28647_good" classname="com.cardatechnologies.utils.validators.abaroutevalidator.Test_AbaRouteValidator_13b" time="0.024"/>
  <testcase name="testAbaNumberCheck_27707_good" classname="com.cardatechnologies.utils.validators.abaroutevalidator.Test_AbaRouteValidator_13b" time="0.019"/>
  <testcase name="testAbaNumberCheck_27671_good" classname="com.cardatechnologies.utils.validators.abaroutevalidator.Test_AbaRouteValidator_13b" time="0.018"/>
  <testcase name="testAbaNumberCheck_28485_good" classname="com.cardatechnologies.utils.validators.abaroutevalidator.Test_AbaRouteValidator_13b" time="0.018"/>
  <testcase name="testAbaNumberCheck_27545_good" classname="com.cardatechnologies.utils.validators.abaroutevalidator.Test_AbaRouteValidator_13b" time="0.02"/>
  <testcase name="testAbaNumberCheck_29299_good" classname="com.cardatechnologies.utils.validators.abaroutevalidator.Test_AbaRouteValidator_13b" time="0.019"/>
  <testcase name="testAbaNumberCheck_28359_good" classname="com.cardatechnologies.utils.validators.abaroutevalidator.Test_AbaRouteValidator_13b" time="0.017"/>
  <testcase name="testAbaNumberCheck_27419_good" classname="com.cardatechnologies.utils.validators.abaroutevalidator.Test_AbaRouteValidator_13b" time="0.029"/>
  <testcase name="testAbaNumberCheck_29957_good" classname="com.cardatechnologies.utils.validators.abaroutevalidator.Test_AbaRouteValidator_13b" time="0.018"/>
  <testcase name="testAbaNumberCheck_27383_good" classname="com.cardatechnologies.utils.validators.abaroutevalidator.Test_AbaRouteValidator_13b" time="0.019"/>
  <testcase name="testAbaNumberCheck_28981_good" classname="com.cardatechnologies.utils.validators.abaroutevalidator.Test_AbaRouteValidator_13b" time="0.017"/>
  <testcase name="testAbaNumberCheck_28197_good" classname="com.cardatechnologies.utils.validators.abaroutevalidator.Test_AbaRouteValidator_13b" time="0.017"/>
  <testcase name="testAbaNumberCheck_27257_good" classname="com.cardatechnologies.utils.validators.abaroutevalidator.Test_AbaRouteValidator_13b" time="0.019"/>
  <testcase name="testAbaNumberCheck_29795_good" classname="com.cardatechnologies.utils.validators.abaroutevalidator.Test_AbaRouteValidator_13b" time="0.018"/>
  <testcase name="testAbaNumberCheck_28855_good" classname="com.cardatechnologies.utils.validators.abaroutevalidator.Test_AbaRouteValidator_13b" time="0.018"/>
  <testcase name="testAbaNumberCheck_27915_good" classname="com.cardatechnologies.utils.validators.abaroutevalidator.Test_AbaRouteValidator_13b" time="0.018"/>
  <testcase name="testAbaNumberCheck_29669_good" classname="com.cardatechnologies.utils.validators.abaroutevalidator.Test_AbaRouteValidator_13b" time="0.018"/>
  <testcase name="testAbaNumberCheck_28729_good" classname="com.cardatechnologies.utils.validators.abaroutevalidator.Test_AbaRouteValidator_13b" time="0.017"/>
  <testcase name="testAbaNumberCheck_28693_good" classname="com.cardatechnologies.utils.validators.abaroutevalidator.Test_AbaRouteValidator_13b" time="0.018"/>
  <testcase name="testAbaNumberCheck_27753_good" classname="com.cardatechnologies.utils.validators.abaroutevalidator.Test_AbaRouteValidator_13b" time="0.019"/>
  <testcase name="testAbaNumberCheck_28567_good" classname="com.cardatechnologies.utils.validators.abaroutevalidator.Test_AbaRouteValidator_13b" time="0.018"/>
  <testcase name="testAbaNumberCheck_27627_good" classname="com.cardatechnologies.utils.validators.abaroutevalidator.Test_AbaRouteValidator_13b" time="0.018"/>
  <testcase name="testAbaNumberCheck_27591_good" classname="com.cardatechnologies.utils.validators.abaroutevalidator.Test_AbaRouteValidator_13b" time="0.017"/>
  <testcase name="testAbaNumberCheck_27465_good" classname="com.cardatechnologies.utils.validators.abaroutevalidator.Test_AbaRouteValidator_13b" time="0.018"/>
  <testcase name="testAbaNumberCheck_28279_good" classname="com.cardatechnologies.utils.validators.abaroutevalidator.Test_AbaRouteValidator_13b" time="0.018"/>
  <testcase name="testAbaNumberCheck_27339_good" classname="com.cardatechnologies.utils.validators.abaroutevalidator.Test_AbaRouteValidator_13b" time="0.018"/>
  <testcase name="testAbaNumberCheck_29877_good" classname="com.cardatechnologies.utils.validators.abaroutevalidator.Test_AbaRouteValidator_13b" time="0.018"/>
  <testcase name="testAbaNumberCheck_28937_good" classname="com.cardatechnologies.utils.validators.abaroutevalidator.Test_AbaRouteValidator_13b" time="0.02"/>
  <testcase name="testAbaNumberCheck_27961_good" classname="com.cardatechnologies.utils.validators.abaroutevalidator.Test_AbaRouteValidator_13b" time="0.021"/>
  <testcase name="testAbaNumberCheck_28775_good" classname="com.cardatechnologies.utils.validators.abaroutevalidator.Test_AbaRouteValidator_13b" time="0.017"/>
  <testcase name="testAbaNumberCheck_27835_good" classname="com.cardatechnologies.utils.validators.abaroutevalidator.Test_AbaRouteValidator_13b" time="0.018"/>
  <testcase name="testAbaNumberCheck_29589_good" classname="com.cardatechnologies.utils.validators.abaroutevalidator.Test_AbaRouteValidator_13b" time="0.018"/>
  <testcase name="testAbaNumberCheck_28649_good" classname="com.cardatechnologies.utils.validators.abaroutevalidator.Test_AbaRouteValidator_13b" time="0.018"/>
  <testcase name="testAbaNumberCheck_27709_good" classname="com.cardatechnologies.utils.validators.abaroutevalidator.Test_AbaRouteValidator_13b" time="0.022"/>
  <testcase name="testAbaNumberCheck_27673_good" classname="com.cardatechnologies.utils.validators.abaroutevalidator.Test_AbaRouteValidator_13b" time="0.017"/>
  <testcase name="testAbaNumberCheck_28487_good" classname="com.cardatechnologies.utils.validators.abaroutevalidator.Test_AbaRouteValidator_13b" time="0.026"/>
  <testcase name="testAbaNumberCheck_27547_good" classname="com.cardatechnologies.utils.validators.abaroutevalidator.Test_AbaRouteValidator_13b" time="0.017"/>
  <testcase name="testAbaNumberCheck_29959_good" classname="com.cardatechnologies.utils.validators.abaroutevalidator.Test_AbaRouteValidator_13b" time="0.019"/>
  <testcase name="testAbaNumberCheck_27385_good" classname="com.cardatechnologies.utils.validators.abaroutevalidator.Test_AbaRouteValidator_13b" time="0.018"/>
  <testcase name="testAbaNumberCheck_28983_good" classname="com.cardatechnologies.utils.validators.abaroutevalidator.Test_AbaRouteValidator_13b" time="0.019"/>
  <testcase name="testAbaNumberCheck_29200_bad" classname="com.cardatechnologies.utils.validators.abaroutevalidator.Test_AbaRouteValidator_13b" time="0.018"/>
  <testcase name="testAbaNumberCheck_28199_good" classname="com.cardatechnologies.utils.validators.abaroutevalidator.Test_AbaRouteValidator_13b" time="0.017"/>
  <testcase name="testAbaNumberCheck_27259_good" classname="com.cardatechnologies.utils.validators.abaroutevalidator.Test_AbaRouteValidator_13b" time="0.018"/>
  <testcase name="testAbaNumberCheck_29202_bad" classname="com.cardatechnologies.utils.validators.abaroutevalidator.Test_AbaRouteValidator_13b" time="0.018"/>
  <testcase name="testAbaNumberCheck_29797_good" classname="com.cardatechnologies.utils.validators.abaroutevalidator.Test_AbaRouteValidator_13b" time="0.017"/>
  <testcase name="testAbaNumberCheck_28857_good" classname="com.cardatechnologies.utils.validators.abaroutevalidator.Test_AbaRouteValidator_13b" time="0.019"/>
  <testcase name="testAbaNumberCheck_27917_good" classname="com.cardatechnologies.utils.validators.abaroutevalidator.Test_AbaRouteValidator_13b" time="0.017"/>
  <testcase name="testAbaNumberCheck_29204_bad" classname="com.cardatechnologies.utils.validators.abaroutevalidator.Test_AbaRouteValidator_13b" time="0.018"/>
  <testcase name="testAbaNumberCheck_29206_bad" classname="com.cardatechnologies.utils.validators.abaroutevalidator.Test_AbaRouteValidator_13b" time="0.017"/>
  <testcase name="testAbaNumberCheck_27881_good" classname="com.cardatechnologies.utils.validators.abaroutevalidator.Test_AbaRouteValidator_13b" time="0.018"/>
  <testcase name="testAbaNumberCheck_29208_bad" classname="com.cardatechnologies.utils.validators.abaroutevalidator.Test_AbaRouteValidator_13b" time="0.018"/>
  <testcase name="testAbaNumberCheck_28695_good" classname="com.cardatechnologies.utils.validators.abaroutevalidator.Test_AbaRouteValidator_13b" time="0.018"/>
  <testcase name="testAbaNumberCheck_27755_good" classname="com.cardatechnologies.utils.validators.abaroutevalidator.Test_AbaRouteValidator_13b" time="0.017"/>
  <testcase name="testAbaNumberCheck_28569_good" classname="com.cardatechnologies.utils.validators.abaroutevalidator.Test_AbaRouteValidator_13b" time="0.019"/>
  <testcase name="testAbaNumberCheck_27629_good" classname="com.cardatechnologies.utils.validators.abaroutevalidator.Test_AbaRouteValidator_13b" time="0.018"/>
  <testcase name="testAbaNumberCheck_27593_good" classname="com.cardatechnologies.utils.validators.abaroutevalidator.Test_AbaRouteValidator_13b" time="0.017"/>
  <testcase name="testAbaNumberCheck_27467_good" classname="com.cardatechnologies.utils.validators.abaroutevalidator.Test_AbaRouteValidator_13b" time="0.026"/>
  <testcase name="testAbaNumberCheck_29879_good" classname="com.cardatechnologies.utils.validators.abaroutevalidator.Test_AbaRouteValidator_13b" time="0.018"/>
  <testcase name="testAbaNumberCheck_28939_good" classname="com.cardatechnologies.utils.validators.abaroutevalidator.Test_AbaRouteValidator_13b" time="0.018"/>
  <testcase name="testAbaNumberCheck_29210_bad" classname="com.cardatechnologies.utils.validators.abaroutevalidator.Test_AbaRouteValidator_13b" time="0.018"/>
  <testcase name="testAbaNumberCheck_29212_bad" classname="com.cardatechnologies.utils.validators.abaroutevalidator.Test_AbaRouteValidator_13b" time="0.019"/>
  <testcase name="testAbaNumberCheck_27963_good" classname="com.cardatechnologies.utils.validators.abaroutevalidator.Test_AbaRouteValidator_13b" time="0.019"/>
  <testcase name="testAbaNumberCheck_28400_bad" classname="com.cardatechnologies.utils.validators.abaroutevalidator.Test_AbaRouteValidator_13b" time="0.019"/>
  <testcase name="testAbaNumberCheck_29214_bad" classname="com.cardatechnologies.utils.validators.abaroutevalidator.Test_AbaRouteValidator_13b" time="0.028"/>
  <testcase name="testAbaNumberCheck_28402_bad" classname="com.cardatechnologies.utils.validators.abaroutevalidator.Test_AbaRouteValidator_13b" time="0.018"/>
  <testcase name="testAbaNumberCheck_29216_bad" classname="com.cardatechnologies.utils.validators.abaroutevalidator.Test_AbaRouteValidator_13b" time="0.019"/>
  <testcase name="testAbaNumberCheck_28777_good" classname="com.cardatechnologies.utils.validators.abaroutevalidator.Test_AbaRouteValidator_13b" time="0.019"/>
  <testcase name="testAbaNumberCheck_27837_good" classname="com.cardatechnologies.utils.validators.abaroutevalidator.Test_AbaRouteValidator_13b" time="0.019"/>
  <testcase name="testAbaNumberCheck_28404_bad" classname="com.cardatechnologies.utils.validators.abaroutevalidator.Test_AbaRouteValidator_13b" time="0.02"/>
  <testcase name="testAbaNumberCheck_29218_bad" classname="com.cardatechnologies.utils.validators.abaroutevalidator.Test_AbaRouteValidator_13b" time="0.02"/>
  <testcase name="testAbaNumberCheck_28406_bad" classname="com.cardatechnologies.utils.validators.abaroutevalidator.Test_AbaRouteValidator_13b" time="0.019"/>
  <testcase name="testAbaNumberCheck_28408_bad" classname="com.cardatechnologies.utils.validators.abaroutevalidator.Test_AbaRouteValidator_13b" time="0.02"/>
  <testcase name="testAbaNumberCheck_27675_good" classname="com.cardatechnologies.utils.validators.abaroutevalidator.Test_AbaRouteValidator_13b" time="0.019"/>
  <testcase name="testAbaNumberCheck_28489_good" classname="com.cardatechnologies.utils.validators.abaroutevalidator.Test_AbaRouteValidator_13b" time="0.021"/>
  <testcase name="testAbaNumberCheck_27549_good" classname="com.cardatechnologies.utils.validators.abaroutevalidator.Test_AbaRouteValidator_13b" time="0.019"/>
  <testcase name="testAbaNumberCheck_27387_good" classname="com.cardatechnologies.utils.validators.abaroutevalidator.Test_AbaRouteValidator_13b" time="0.018"/>
  <testcase name="testAbaNumberCheck_28985_good" classname="com.cardatechnologies.utils.validators.abaroutevalidator.Test_AbaRouteValidator_13b" time="0.02"/>
  <testcase name="testAbaNumberCheck_29220_bad" classname="com.cardatechnologies.utils.validators.abaroutevalidator.Test_AbaRouteValidator_13b" time="0.02"/>
  <testcase name="testAbaNumberCheck_29222_bad" classname="com.cardatechnologies.utils.validators.abaroutevalidator.Test_AbaRouteValidator_13b" time="0.019"/>
  <testcase name="testAbaNumberCheck_29799_good" classname="com.cardatechnologies.utils.validators.abaroutevalidator.Test_AbaRouteValidator_13b" time="0.02"/>
  <testcase name="testAbaNumberCheck_28859_good" classname="com.cardatechnologies.utils.validators.abaroutevalidator.Test_AbaRouteValidator_13b" time="0.019"/>
  <testcase name="testAbaNumberCheck_27919_good" classname="com.cardatechnologies.utils.validators.abaroutevalidator.Test_AbaRouteValidator_13b" time="0.018"/>
  <testcase name="testAbaNumberCheck_28410_bad" classname="com.cardatechnologies.utils.validators.abaroutevalidator.Test_AbaRouteValidator_13b" time="0.022"/>
  <testcase name="testAbaNumberCheck_29224_bad" classname="com.cardatechnologies.utils.validators.abaroutevalidator.Test_AbaRouteValidator_13b" time="0.024"/>
  <testcase name="testAbaNumberCheck_28412_bad" classname="com.cardatechnologies.utils.validators.abaroutevalidator.Test_AbaRouteValidator_13b" time="0.022"/>
  <testcase name="testAbaNumberCheck_29226_bad" classname="com.cardatechnologies.utils.validators.abaroutevalidator.Test_AbaRouteValidator_13b" time="0.022"/>
  <testcase name="testAbaNumberCheck_27883_good" classname="com.cardatechnologies.utils.validators.abaroutevalidator.Test_AbaRouteValidator_13b" time="0.021"/>
  <testcase name="testAbaNumberCheck_27600_bad" classname="com.cardatechnologies.utils.validators.abaroutevalidator.Test_AbaRouteValidator_13b" time="0.022"/>
  <testcase name="testAbaNumberCheck_28414_bad" classname="com.cardatechnologies.utils.validators.abaroutevalidator.Test_AbaRouteValidator_13b" time="0.026"/>
  <testcase name="testAbaNumberCheck_29228_bad" classname="com.cardatechnologies.utils.validators.abaroutevalidator.Test_AbaRouteValidator_13b" time="0.029"/>
  <testcase name="testAbaNumberCheck_27602_bad" classname="com.cardatechnologies.utils.validators.abaroutevalidator.Test_AbaRouteValidator_13b" time="0.021"/>
  <testcase name="testAbaNumberCheck_28416_bad" classname="com.cardatechnologies.utils.validators.abaroutevalidator.Test_AbaRouteValidator_13b" time="0.023"/>
  <testcase name="testAbaNumberCheck_28697_good" classname="com.cardatechnologies.utils.validators.abaroutevalidator.Test_AbaRouteValidator_13b" time="0.022"/>
  <testcase name="testAbaNumberCheck_27757_good" classname="com.cardatechnologies.utils.validators.abaroutevalidator.Test_AbaRouteValidator_13b" time="0.032"/>
  <testcase name="testAbaNumberCheck_27604_bad" classname="com.cardatechnologies.utils.validators.abaroutevalidator.Test_AbaRouteValidator_13b" time="0.02"/>
  <testcase name="testAbaNumberCheck_28418_bad" classname="com.cardatechnologies.utils.validators.abaroutevalidator.Test_AbaRouteValidator_13b" time="0.022"/>
  <testcase name="testAbaNumberCheck_27606_bad" classname="com.cardatechnologies.utils.validators.abaroutevalidator.Test_AbaRouteValidator_13b" time="0.022"/>
  <testcase name="testAbaNumberCheck_27608_bad" classname="com.cardatechnologies.utils.validators.abaroutevalidator.Test_AbaRouteValidator_13b" time="0.023"/>
  <testcase name="testAbaNumberCheck_27595_good" classname="com.cardatechnologies.utils.validators.abaroutevalidator.Test_AbaRouteValidator_13b" time="0.022"/>
  <testcase name="testAbaNumberCheck_27469_good" classname="com.cardatechnologies.utils.validators.abaroutevalidator.Test_AbaRouteValidator_13b" time="0.021"/>
  <testcase name="testAbaNumberCheck_29230_bad" classname="com.cardatechnologies.utils.validators.abaroutevalidator.Test_AbaRouteValidator_13b" time="0.021"/>
  <testcase name="testAbaNumberCheck_29232_bad" classname="com.cardatechnologies.utils.validators.abaroutevalidator.Test_AbaRouteValidator_13b" time="0.022"/>
  <testcase name="testAbaNumberCheck_27965_good" classname="com.cardatechnologies.utils.validators.abaroutevalidator.Test_AbaRouteValidator_13b" time="0.023"/>
  <testcase name="testAbaNumberCheck_28420_bad" classname="com.cardatechnologies.utils.validators.abaroutevalidator.Test_AbaRouteValidator_13b" time="0.02"/>
  <testcase name="testAbaNumberCheck_29234_bad" classname="com.cardatechnologies.utils.validators.abaroutevalidator.Test_AbaRouteValidator_13b" time="0.019"/>
  <testcase name="testAbaNumberCheck_28422_bad" classname="com.cardatechnologies.utils.validators.abaroutevalidator.Test_AbaRouteValidator_13b" time="0.022"/>
  <testcase name="testAbaNumberCheck_29236_bad" classname="com.cardatechnologies.utils.validators.abaroutevalidator.Test_AbaRouteValidator_13b" time="0.021"/>
  <testcase name="testAbaNumberCheck_28779_good" classname="com.cardatechnologies.utils.validators.abaroutevalidator.Test_AbaRouteValidator_13b" time="0.018"/>
  <testcase name="testAbaNumberCheck_27839_good" classname="com.cardatechnologies.utils.validators.abaroutevalidator.Test_AbaRouteValidator_13b" time="0.018"/>
  <testcase name="testAbaNumberCheck_27610_bad" classname="com.cardatechnologies.utils.validators.abaroutevalidator.Test_AbaRouteValidator_13b" time="0.018"/>
  <testcase name="testAbaNumberCheck_28424_bad" classname="com.cardatechnologies.utils.validators.abaroutevalidator.Test_AbaRouteValidator_13b" time="0.017"/>
  <testcase name="testAbaNumberCheck_29238_bad" classname="com.cardatechnologies.utils.validators.abaroutevalidator.Test_AbaRouteValidator_13b" time="0.018"/>
  <testcase name="testAbaNumberCheck_27612_bad" classname="com.cardatechnologies.utils.validators.abaroutevalidator.Test_AbaRouteValidator_13b" time="0.018"/>
  <testcase name="testAbaNumberCheck_28426_bad" classname="com.cardatechnologies.utils.validators.abaroutevalidator.Test_AbaRouteValidator_13b" time="0.025"/>
  <testcase name="testAbaNumberCheck_27614_bad" classname="com.cardatechnologies.utils.validators.abaroutevalidator.Test_AbaRouteValidator_13b" time="0.017"/>
  <testcase name="testAbaNumberCheck_28428_bad" classname="com.cardatechnologies.utils.validators.abaroutevalidator.Test_AbaRouteValidator_13b" time="0.018"/>
  <testcase name="testAbaNumberCheck_27616_bad" classname="com.cardatechnologies.utils.validators.abaroutevalidator.Test_AbaRouteValidator_13b" time="0.018"/>
  <testcase name="testAbaNumberCheck_27677_good" classname="com.cardatechnologies.utils.validators.abaroutevalidator.Test_AbaRouteValidator_13b" time="0.018"/>
  <testcase name="testAbaNumberCheck_27618_bad" classname="com.cardatechnologies.utils.validators.abaroutevalidator.Test_AbaRouteValidator_13b" time="0.018"/>
  <testcase name="testAbaNumberCheck_27389_good" classname="com.cardatechnologies.utils.validators.abaroutevalidator.Test_AbaRouteValidator_13b" time="0.018"/>
  <testcase name="testAbaNumberCheck_28987_good" classname="com.cardatechnologies.utils.validators.abaroutevalidator.Test_AbaRouteValidator_13b" time="0.017"/>
  <testcase name="testAbaNumberCheck_29240_bad" classname="com.cardatechnologies.utils.validators.abaroutevalidator.Test_AbaRouteValidator_13b" time="0.019"/>
  <testcase name="testAbaNumberCheck_29242_bad" classname="com.cardatechnologies.utils.validators.abaroutevalidator.Test_AbaRouteValidator_13b" time="0.017"/>
  <testcase name="testAbaNumberCheck_28430_bad" classname="com.cardatechnologies.utils.validators.abaroutevalidator.Test_AbaRouteValidator_13b" time="0.022"/>
  <testcase name="testAbaNumberCheck_29244_bad" classname="com.cardatechnologies.utils.validators.abaroutevalidator.Test_AbaRouteValidator_13b" time="0.018"/>
  <testcase name="testAbaNumberCheck_28432_bad" classname="com.cardatechnologies.utils.validators.abaroutevalidator.Test_AbaRouteValidator_13b" time="0.018"/>
  <testcase name="testAbaNumberCheck_29246_bad" classname="com.cardatechnologies.utils.validators.abaroutevalidator.Test_AbaRouteValidator_13b" time="0.019"/>
  <testcase name="testAbaNumberCheck_27885_good" classname="com.cardatechnologies.utils.validators.abaroutevalidator.Test_AbaRouteValidator_13b" time="0.017"/>
  <testcase name="testAbaNumberCheck_27620_bad" classname="com.cardatechnologies.utils.validators.abaroutevalidator.Test_AbaRouteValidator_13b" time="0.018"/>
  <testcase name="testAbaNumberCheck_28434_bad" classname="com.cardatechnologies.utils.validators.abaroutevalidator.Test_AbaRouteValidator_13b" time="0.018"/>
  <testcase name="testAbaNumberCheck_29248_bad" classname="com.cardatechnologies.utils.validators.abaroutevalidator.Test_AbaRouteValidator_13b" time="0.018"/>
  <testcase name="testAbaNumberCheck_27622_bad" classname="com.cardatechnologies.utils.validators.abaroutevalidator.Test_AbaRouteValidator_13b" time="0.018"/>
  <testcase name="testAbaNumberCheck_28436_bad" classname="com.cardatechnologies.utils.validators.abaroutevalidator.Test_AbaRouteValidator_13b" time="0.019"/>
  <testcase name="testAbaNumberCheck_28699_good" classname="com.cardatechnologies.utils.validators.abaroutevalidator.Test_AbaRouteValidator_13b" time="0.02"/>
  <testcase name="testAbaNumberCheck_27759_good" classname="com.cardatechnologies.utils.validators.abaroutevalidator.Test_AbaRouteValidator_13b" time="0.023"/>
  <testcase name="testAbaNumberCheck_27624_bad" classname="com.cardatechnologies.utils.validators.abaroutevalidator.Test_AbaRouteValidator_13b" time="0.017"/>
  <testcase name="testAbaNumberCheck_28438_bad" classname="com.cardatechnologies.utils.validators.abaroutevalidator.Test_AbaRouteValidator_13b" time="0.018"/>
  <testcase name="testAbaNumberCheck_27626_bad" classname="com.cardatechnologies.utils.validators.abaroutevalidator.Test_AbaRouteValidator_13b" time="0.018"/>
  <testcase name="testAbaNumberCheck_27628_bad" classname="com.cardatechnologies.utils.validators.abaroutevalidator.Test_AbaRouteValidator_13b" time="0.022"/>
  <testcase name="testAbaNumberCheck_27597_good" classname="com.cardatechnologies.utils.validators.abaroutevalidator.Test_AbaRouteValidator_13b" time="0.018"/>
  <testcase name="testAbaNumberCheck_29700_bad" classname="com.cardatechnologies.utils.validators.abaroutevalidator.Test_AbaRouteValidator_13b" time="0.018"/>
  <testcase name="testAbaNumberCheck_29250_bad" classname="com.cardatechnologies.utils.validators.abaroutevalidator.Test_AbaRouteValidator_13b" time="0.027"/>
  <testcase name="testAbaNumberCheck_29702_bad" classname="com.cardatechnologies.utils.validators.abaroutevalidator.Test_AbaRouteValidator_13b" time="0.019"/>
  <testcase name="testAbaNumberCheck_29252_bad" classname="com.cardatechnologies.utils.validators.abaroutevalidator.Test_AbaRouteValidator_13b" time="0.018"/>
  <testcase name="testAbaNumberCheck_27967_good" classname="com.cardatechnologies.utils.validators.abaroutevalidator.Test_AbaRouteValidator_13b" time="0.018"/>
  <testcase name="testAbaNumberCheck_29704_bad" classname="com.cardatechnologies.utils.validators.abaroutevalidator.Test_AbaRouteValidator_13b" time="0.019"/>
  <testcase name="testAbaNumberCheck_28440_bad" classname="com.cardatechnologies.utils.validators.abaroutevalidator.Test_AbaRouteValidator_13b" time="0.017"/>
  <testcase name="testAbaNumberCheck_29254_bad" classname="com.cardatechnologies.utils.validators.abaroutevalidator.Test_AbaRouteValidator_13b" time="0.018"/>
  <testcase name="testAbaNumberCheck_29706_bad" classname="com.cardatechnologies.utils.validators.abaroutevalidator.Test_AbaRouteValidator_13b" time="0.019"/>
  <testcase name="testAbaNumberCheck_28442_bad" classname="com.cardatechnologies.utils.validators.abaroutevalidator.Test_AbaRouteValidator_13b" time="0.019"/>
  <testcase name="testAbaNumberCheck_29256_bad" classname="com.cardatechnologies.utils.validators.abaroutevalidator.Test_AbaRouteValidator_13b" time="0.02"/>
  <testcase name="testAbaNumberCheck_29708_bad" classname="com.cardatechnologies.utils.validators.abaroutevalidator.Test_AbaRouteValidator_13b" time="0.021"/>
  <testcase name="testAbaNumberCheck_27630_bad" classname="com.cardatechnologies.utils.validators.abaroutevalidator.Test_AbaRouteValidator_13b" time="0.021"/>
  <testcase name="testAbaNumberCheck_28444_bad" classname="com.cardatechnologies.utils.validators.abaroutevalidator.Test_AbaRouteValidator_13b" time="0.019"/>
  <testcase name="testAbaNumberCheck_29258_bad" classname="com.cardatechnologies.utils.validators.abaroutevalidator.Test_AbaRouteValidator_13b" time="0.031"/>
  <testcase name="testAbaNumberCheck_27632_bad" classname="com.cardatechnologies.utils.validators.abaroutevalidator.Test_AbaRouteValidator_13b" time="0.02"/>
  <testcase name="testAbaNumberCheck_28446_bad" classname="com.cardatechnologies.utils.validators.abaroutevalidator.Test_AbaRouteValidator_13b" time="0.019"/>
  <testcase name="testAbaNumberCheck_27634_bad" classname="com.cardatechnologies.utils.validators.abaroutevalidator.Test_AbaRouteValidator_13b" time="0.019"/>
  <testcase name="testAbaNumberCheck_28448_bad" classname="com.cardatechnologies.utils.validators.abaroutevalidator.Test_AbaRouteValidator_13b" time="0.018"/>
  <testcase name="testAbaNumberCheck_27636_bad" classname="com.cardatechnologies.utils.validators.abaroutevalidator.Test_AbaRouteValidator_13b" time="0.023"/>
  <testcase name="testAbaNumberCheck_27679_good" classname="com.cardatechnologies.utils.validators.abaroutevalidator.Test_AbaRouteValidator_13b" time="0.022"/>
  <testcase name="testAbaNumberCheck_27638_bad" classname="com.cardatechnologies.utils.validators.abaroutevalidator.Test_AbaRouteValidator_13b" time="0.018"/>
  <testcase name="testAbaNumberCheck_28989_good" classname="com.cardatechnologies.utils.validators.abaroutevalidator.Test_AbaRouteValidator_13b" time="0.019"/>
  <testcase name="testAbaNumberCheck_29710_bad" classname="com.cardatechnologies.utils.validators.abaroutevalidator.Test_AbaRouteValidator_13b" time="0.02"/>
  <testcase name="testAbaNumberCheck_29260_bad" classname="com.cardatechnologies.utils.validators.abaroutevalidator.Test_AbaRouteValidator_13b" time="0.019"/>
  <testcase name="testAbaNumberCheck_29712_bad" classname="com.cardatechnologies.utils.validators.abaroutevalidator.Test_AbaRouteValidator_13b" time="0.02"/>
  <testcase name="testAbaNumberCheck_29262_bad" classname="com.cardatechnologies.utils.validators.abaroutevalidator.Test_AbaRouteValidator_13b" time="0.019"/>
  <testcase name="testAbaNumberCheck_28900_bad" classname="com.cardatechnologies.utils.validators.abaroutevalidator.Test_AbaRouteValidator_13b" time="0.028"/>
  <testcase name="testAbaNumberCheck_29714_bad" classname="com.cardatechnologies.utils.validators.abaroutevalidator.Test_AbaRouteValidator_13b" time="0.019"/>
  <testcase name="testAbaNumberCheck_28450_bad" classname="com.cardatechnologies.utils.validators.abaroutevalidator.Test_AbaRouteValidator_13b" time="0.019"/>
  <testcase name="testAbaNumberCheck_29264_bad" classname="com.cardatechnologies.utils.validators.abaroutevalidator.Test_AbaRouteValidator_13b" time="0.018"/>
  <testcase name="testAbaNumberCheck_28902_bad" classname="com.cardatechnologies.utils.validators.abaroutevalidator.Test_AbaRouteValidator_13b" time="0.017"/>
  <testcase name="testAbaNumberCheck_29716_bad" classname="com.cardatechnologies.utils.validators.abaroutevalidator.Test_AbaRouteValidator_13b" time="0.018"/>
  <testcase name="testAbaNumberCheck_28452_bad" classname="com.cardatechnologies.utils.validators.abaroutevalidator.Test_AbaRouteValidator_13b" time="0.018"/>
  <testcase name="testAbaNumberCheck_29266_bad" classname="com.cardatechnologies.utils.validators.abaroutevalidator.Test_AbaRouteValidator_13b" time="0.017"/>
  <testcase name="testAbaNumberCheck_27887_good" classname="com.cardatechnologies.utils.validators.abaroutevalidator.Test_AbaRouteValidator_13b" time="0.018"/>
  <testcase name="testAbaNumberCheck_28904_bad" classname="com.cardatechnologies.utils.validators.abaroutevalidator.Test_AbaRouteValidator_13b" time="0.017"/>
  <testcase name="testAbaNumberCheck_29718_bad" classname="com.cardatechnologies.utils.validators.abaroutevalidator.Test_AbaRouteValidator_13b" time="0.019"/>
  <testcase name="testAbaNumberCheck_27640_bad" classname="com.cardatechnologies.utils.validators.abaroutevalidator.Test_AbaRouteValidator_13b" time="0.018"/>
  <testcase name="testAbaNumberCheck_28454_bad" classname="com.cardatechnologies.utils.validators.abaroutevalidator.Test_AbaRouteValidator_13b" time="0.018"/>
  <testcase name="testAbaNumberCheck_29268_bad" classname="com.cardatechnologies.utils.validators.abaroutevalidator.Test_AbaRouteValidator_13b" time="0.018"/>
  <testcase name="testAbaNumberCheck_28906_bad" classname="com.cardatechnologies.utils.validators.abaroutevalidator.Test_AbaRouteValidator_13b" time="0.023"/>
  <testcase name="testAbaNumberCheck_27642_bad" classname="com.cardatechnologies.utils.validators.abaroutevalidator.Test_AbaRouteValidator_13b" time="0.017"/>
  <testcase name="testAbaNumberCheck_28456_bad" classname="com.cardatechnologies.utils.validators.abaroutevalidator.Test_AbaRouteValidator_13b" time="0.017"/>
  <testcase name="testAbaNumberCheck_28908_bad" classname="com.cardatechnologies.utils.validators.abaroutevalidator.Test_AbaRouteValidator_13b" time="0.018"/>
  <testcase name="testAbaNumberCheck_27644_bad" classname="com.cardatechnologies.utils.validators.abaroutevalidator.Test_AbaRouteValidator_13b" time="0.018"/>
  <testcase name="testAbaNumberCheck_28458_bad" classname="com.cardatechnologies.utils.validators.abaroutevalidator.Test_AbaRouteValidator_13b" time="0.017"/>
  <testcase name="testAbaNumberCheck_27646_bad" classname="com.cardatechnologies.utils.validators.abaroutevalidator.Test_AbaRouteValidator_13b" time="0.026"/>
  <testcase name="testAbaNumberCheck_27648_bad" classname="com.cardatechnologies.utils.validators.abaroutevalidator.Test_AbaRouteValidator_13b" time="0.017"/>
  <testcase name="testAbaNumberCheck_27599_good" classname="com.cardatechnologies.utils.validators.abaroutevalidator.Test_AbaRouteValidator_13b" time="0.018"/>
  <testcase name="testAbaNumberCheck_29720_bad" classname="com.cardatechnologies.utils.validators.abaroutevalidator.Test_AbaRouteValidator_13b" time="0.018"/>
  <testcase name="testAbaNumberCheck_29270_bad" classname="com.cardatechnologies.utils.validators.abaroutevalidator.Test_AbaRouteValidator_13b" time="0.017"/>
  <testcase name="testAbaNumberCheck_29722_bad" classname="com.cardatechnologies.utils.validators.abaroutevalidator.Test_AbaRouteValidator_13b" time="0.018"/>
  <testcase name="testAbaNumberCheck_29272_bad" classname="com.cardatechnologies.utils.validators.abaroutevalidator.Test_AbaRouteValidator_13b" time="0.018"/>
  <testcase name="testAbaNumberCheck_27969_good" classname="com.cardatechnologies.utils.validators.abaroutevalidator.Test_AbaRouteValidator_13b" time="0.017"/>
  <testcase name="testAbaNumberCheck_28910_bad" classname="com.cardatechnologies.utils.validators.abaroutevalidator.Test_AbaRouteValidator_13b" time="0.028"/>
  <testcase name="testAbaNumberCheck_29724_bad" classname="com.cardatechnologies.utils.validators.abaroutevalidator.Test_AbaRouteValidator_13b" time="0.018"/>
  <testcase name="testAbaNumberCheck_28460_bad" classname="com.cardatechnologies.utils.validators.abaroutevalidator.Test_AbaRouteValidator_13b" time="0.018"/>
  <testcase name="testAbaNumberCheck_29274_bad" classname="com.cardatechnologies.utils.validators.abaroutevalidator.Test_AbaRouteValidator_13b" time="0.017"/>
  <testcase name="testAbaNumberCheck_28912_bad" classname="com.cardatechnologies.utils.validators.abaroutevalidator.Test_AbaRouteValidator_13b" time="0.019"/>
  <testcase name="testAbaNumberCheck_29726_bad" classname="com.cardatechnologies.utils.validators.abaroutevalidator.Test_AbaRouteValidator_13b" time="0.017"/>
  <testcase name="testAbaNumberCheck_28462_bad" classname="com.cardatechnologies.utils.validators.abaroutevalidator.Test_AbaRouteValidator_13b" time="0.018"/>
  <testcase name="testAbaNumberCheck_29276_bad" classname="com.cardatechnologies.utils.validators.abaroutevalidator.Test_AbaRouteValidator_13b" time="0.018"/>
  <testcase name="testAbaNumberCheck_28914_bad" classname="com.cardatechnologies.utils.validators.abaroutevalidator.Test_AbaRouteValidator_13b" time="0.018"/>
  <testcase name="testAbaNumberCheck_29728_bad" classname="com.cardatechnologies.utils.validators.abaroutevalidator.Test_AbaRouteValidator_13b" time="0.017"/>
  <testcase name="testAbaNumberCheck_27650_bad" classname="com.cardatechnologies.utils.validators.abaroutevalidator.Test_AbaRouteValidator_13b" time="0.018"/>
  <testcase name="testAbaNumberCheck_28464_bad" classname="com.cardatechnologies.utils.validators.abaroutevalidator.Test_AbaRouteValidator_13b" time="0.018"/>
  <testcase name="testAbaNumberCheck_29278_bad" classname="com.cardatechnologies.utils.validators.abaroutevalidator.Test_AbaRouteValidator_13b" time="0.018"/>
  <testcase name="testAbaNumberCheck_28916_bad" classname="com.cardatechnologies.utils.validators.abaroutevalidator.Test_AbaRouteValidator_13b" time="0.018"/>
  <testcase name="testAbaNumberCheck_27652_bad" classname="com.cardatechnologies.utils.validators.abaroutevalidator.Test_AbaRouteValidator_13b" time="0.018"/>
  <testcase name="testAbaNumberCheck_28466_bad" classname="com.cardatechnologies.utils.validators.abaroutevalidator.Test_AbaRouteValidator_13b" time="0.018"/>
  <testcase name="testAbaNumberCheck_28918_bad" classname="com.cardatechnologies.utils.validators.abaroutevalidator.Test_AbaRouteValidator_13b" time="0.017"/>
  <testcase name="testAbaNumberCheck_27654_bad" classname="com.cardatechnologies.utils.validators.abaroutevalidator.Test_AbaRouteValidator_13b" time="0.018"/>
  <testcase name="testAbaNumberCheck_28468_bad" classname="com.cardatechnologies.utils.validators.abaroutevalidator.Test_AbaRouteValidator_13b" time="0.018"/>
  <testcase name="testAbaNumberCheck_27656_bad" classname="com.cardatechnologies.utils.validators.abaroutevalidator.Test_AbaRouteValidator_13b" time="0.022"/>
  <testcase name="testAbaNumberCheck_27658_bad" classname="com.cardatechnologies.utils.validators.abaroutevalidator.Test_AbaRouteValidator_13b" time="0.022"/>
  <testcase name="testAbaNumberCheck_29730_bad" classname="com.cardatechnologies.utils.validators.abaroutevalidator.Test_AbaRouteValidator_13b" time="0.02"/>
  <testcase name="testAbaNumberCheck_29280_bad" classname="com.cardatechnologies.utils.validators.abaroutevalidator.Test_AbaRouteValidator_13b" time="0.019"/>
  <testcase name="testAbaNumberCheck_29732_bad" classname="com.cardatechnologies.utils.validators.abaroutevalidator.Test_AbaRouteValidator_13b" time="0.017"/>
  <testcase name="testAbaNumberCheck_29282_bad" classname="com.cardatechnologies.utils.validators.abaroutevalidator.Test_AbaRouteValidator_13b" time="0.018"/>
  <testcase name="testAbaNumberCheck_28920_bad" classname="com.cardatechnologies.utils.validators.abaroutevalidator.Test_AbaRouteValidator_13b" time="0.018"/>
  <testcase name="testAbaNumberCheck_29734_bad" classname="com.cardatechnologies.utils.validators.abaroutevalidator.Test_AbaRouteValidator_13b" time="0.018"/>
  <testcase name="testAbaNumberCheck_28470_bad" classname="com.cardatechnologies.utils.validators.abaroutevalidator.Test_AbaRouteValidator_13b" time="0.019"/>
  <testcase name="testAbaNumberCheck_29284_bad" classname="com.cardatechnologies.utils.validators.abaroutevalidator.Test_AbaRouteValidator_13b" time="0.024"/>
  <testcase name="testAbaNumberCheck_28922_bad" classname="com.cardatechnologies.utils.validators.abaroutevalidator.Test_AbaRouteValidator_13b" time="0.021"/>
  <testcase name="testAbaNumberCheck_29736_bad" classname="com.cardatechnologies.utils.validators.abaroutevalidator.Test_AbaRouteValidator_13b" time="0.024"/>
  <testcase name="testAbaNumberCheck_28472_bad" classname="com.cardatechnologies.utils.validators.abaroutevalidator.Test_AbaRouteValidator_13b" time="0.024"/>
  <testcase name="testAbaNumberCheck_29286_bad" classname="com.cardatechnologies.utils.validators.abaroutevalidator.Test_AbaRouteValidator_13b" time="0.022"/>
  <testcase name="testAbaNumberCheck_27889_good" classname="com.cardatechnologies.utils.validators.abaroutevalidator.Test_AbaRouteValidator_13b" time="0.021"/>
  <testcase name="testAbaNumberCheck_28924_bad" classname="com.cardatechnologies.utils.validators.abaroutevalidator.Test_AbaRouteValidator_13b" time="0.02"/>
  <testcase name="testAbaNumberCheck_29738_bad" classname="com.cardatechnologies.utils.validators.abaroutevalidator.Test_AbaRouteValidator_13b" time="0.022"/>
  <testcase name="testAbaNumberCheck_27660_bad" classname="com.cardatechnologies.utils.validators.abaroutevalidator.Test_AbaRouteValidator_13b" time="0.019"/>
  <testcase name="testAbaNumberCheck_28474_bad" classname="com.cardatechnologies.utils.validators.abaroutevalidator.Test_AbaRouteValidator_13b" time="0.019"/>
  <testcase name="testAbaNumberCheck_29288_bad" classname="com.cardatechnologies.utils.validators.abaroutevalidator.Test_AbaRouteValidator_13b" time="0.018"/>
  <testcase name="testAbaNumberCheck_28926_bad" classname="com.cardatechnologies.utils.validators.abaroutevalidator.Test_AbaRouteValidator_13b" time="0.018"/>
  <testcase name="testAbaNumberCheck_27662_bad" classname="com.cardatechnologies.utils.validators.abaroutevalidator.Test_AbaRouteValidator_13b" time="0.018"/>
  <testcase name="testAbaNumberCheck_28476_bad" classname="com.cardatechnologies.utils.validators.abaroutevalidator.Test_AbaRouteValidator_13b" time="0.017"/>
  <testcase name="testAbaNumberCheck_28928_bad" classname="com.cardatechnologies.utils.validators.abaroutevalidator.Test_AbaRouteValidator_13b" time="0.018"/>
  <testcase name="testAbaNumberCheck_27664_bad" classname="com.cardatechnologies.utils.validators.abaroutevalidator.Test_AbaRouteValidator_13b" time="0.017"/>
  <testcase name="testAbaNumberCheck_28478_bad" classname="com.cardatechnologies.utils.validators.abaroutevalidator.Test_AbaRouteValidator_13b" time="0.018"/>
  <testcase name="testAbaNumberCheck_27666_bad" classname="com.cardatechnologies.utils.validators.abaroutevalidator.Test_AbaRouteValidator_13b" time="0.018"/>
  <testcase name="testAbaNumberCheck_27668_bad" classname="com.cardatechnologies.utils.validators.abaroutevalidator.Test_AbaRouteValidator_13b" time="0.017"/>
  <testcase name="testAbaNumberCheck_29740_bad" classname="com.cardatechnologies.utils.validators.abaroutevalidator.Test_AbaRouteValidator_13b" time="0.026"/>
  <testcase name="testAbaNumberCheck_29290_bad" classname="com.cardatechnologies.utils.validators.abaroutevalidator.Test_AbaRouteValidator_13b" time="0.017"/>
  <testcase name="testAbaNumberCheck_29742_bad" classname="com.cardatechnologies.utils.validators.abaroutevalidator.Test_AbaRouteValidator_13b" time="0.018"/>
  <testcase name="testAbaNumberCheck_29292_bad" classname="com.cardatechnologies.utils.validators.abaroutevalidator.Test_AbaRouteValidator_13b" time="0.018"/>
  <testcase name="testAbaNumberCheck_28930_bad" classname="com.cardatechnologies.utils.validators.abaroutevalidator.Test_AbaRouteValidator_13b" time="0.017"/>
  <testcase name="testAbaNumberCheck_29744_bad" classname="com.cardatechnologies.utils.validators.abaroutevalidator.Test_AbaRouteValidator_13b" time="0.018"/>
  <testcase name="testAbaNumberCheck_28480_bad" classname="com.cardatechnologies.utils.validators.abaroutevalidator.Test_AbaRouteValidator_13b" time="0.018"/>
  <testcase name="testAbaNumberCheck_29294_bad" classname="com.cardatechnologies.utils.validators.abaroutevalidator.Test_AbaRouteValidator_13b" time="0.022"/>
  <testcase name="testAbaNumberCheck_28932_bad" classname="com.cardatechnologies.utils.validators.abaroutevalidator.Test_AbaRouteValidator_13b" time="0.024"/>
  <testcase name="testAbaNumberCheck_29746_bad" classname="com.cardatechnologies.utils.validators.abaroutevalidator.Test_AbaRouteValidator_13b" time="0.019"/>
  <testcase name="testAbaNumberCheck_28482_bad" classname="com.cardatechnologies.utils.validators.abaroutevalidator.Test_AbaRouteValidator_13b" time="0.019"/>
  <testcase name="testAbaNumberCheck_29296_bad" classname="com.cardatechnologies.utils.validators.abaroutevalidator.Test_AbaRouteValidator_13b" time="0.018"/>
  <testcase name="testAbaNumberCheck_28934_bad" classname="com.cardatechnologies.utils.validators.abaroutevalidator.Test_AbaRouteValidator_13b" time="0.018"/>
  <testcase name="testAbaNumberCheck_29748_bad" classname="com.cardatechnologies.utils.validators.abaroutevalidator.Test_AbaRouteValidator_13b" time="0.017"/>
  <testcase name="testAbaNumberCheck_27670_bad" classname="com.cardatechnologies.utils.validators.abaroutevalidator.Test_AbaRouteValidator_13b" time="0.018"/>
  <testcase name="testAbaNumberCheck_28484_bad" classname="com.cardatechnologies.utils.validators.abaroutevalidator.Test_AbaRouteValidator_13b" time="0.018"/>
  <testcase name="testAbaNumberCheck_29298_bad" classname="com.cardatechnologies.utils.validators.abaroutevalidator.Test_AbaRouteValidator_13b" time="0.018"/>
  <testcase name="testAbaNumberCheck_28936_bad" classname="com.cardatechnologies.utils.validators.abaroutevalidator.Test_AbaRouteValidator_13b" time="0.018"/>
  <testcase name="testAbaNumberCheck_27672_bad" classname="com.cardatechnologies.utils.validators.abaroutevalidator.Test_AbaRouteValidator_13b" time="0.018"/>
  <testcase name="testAbaNumberCheck_28486_bad" classname="com.cardatechnologies.utils.validators.abaroutevalidator.Test_AbaRouteValidator_13b" time="0.017"/>
  <testcase name="testAbaNumberCheck_28938_bad" classname="com.cardatechnologies.utils.validators.abaroutevalidator.Test_AbaRouteValidator_13b" time="0.018"/>
  <testcase name="testAbaNumberCheck_27674_bad" classname="com.cardatechnologies.utils.validators.abaroutevalidator.Test_AbaRouteValidator_13b" time="0.018"/>
  <testcase name="testAbaNumberCheck_28488_bad" classname="com.cardatechnologies.utils.validators.abaroutevalidator.Test_AbaRouteValidator_13b" time="0.019"/>
  <testcase name="testAbaNumberCheck_27676_bad" classname="com.cardatechnologies.utils.validators.abaroutevalidator.Test_AbaRouteValidator_13b" time="0.017"/>
  <testcase name="testAbaNumberCheck_27678_bad" classname="com.cardatechnologies.utils.validators.abaroutevalidator.Test_AbaRouteValidator_13b" time="0.018"/>
  <testcase name="testAbaNumberCheck_29750_bad" classname="com.cardatechnologies.utils.validators.abaroutevalidator.Test_AbaRouteValidator_13b" time="0.018"/>
  <testcase name="testAbaNumberCheck_29752_bad" classname="com.cardatechnologies.utils.validators.abaroutevalidator.Test_AbaRouteValidator_13b" time="0.018"/>
  <testcase name="testAbaNumberCheck_28940_bad" classname="com.cardatechnologies.utils.validators.abaroutevalidator.Test_AbaRouteValidator_13b" time="0.018"/>
  <testcase name="testAbaNumberCheck_29754_bad" classname="com.cardatechnologies.utils.validators.abaroutevalidator.Test_AbaRouteValidator_13b" time="0.024"/>
  <testcase name="testAbaNumberCheck_28490_bad" classname="com.cardatechnologies.utils.validators.abaroutevalidator.Test_AbaRouteValidator_13b" time="0.018"/>
  <testcase name="testAbaNumberCheck_28942_bad" classname="com.cardatechnologies.utils.validators.abaroutevalidator.Test_AbaRouteValidator_13b" time="0.018"/>
  <testcase name="testAbaNumberCheck_29756_bad" classname="com.cardatechnologies.utils.validators.abaroutevalidator.Test_AbaRouteValidator_13b" time="0.018"/>
  <testcase name="testAbaNumberCheck_28492_bad" classname="com.cardatechnologies.utils.validators.abaroutevalidator.Test_AbaRouteValidator_13b" time="0.018"/>
  <testcase name="testAbaNumberCheck_28944_bad" classname="com.cardatechnologies.utils.validators.abaroutevalidator.Test_AbaRouteValidator_13b" time="0.021"/>
  <testcase name="testAbaNumberCheck_29758_bad" classname="com.cardatechnologies.utils.validators.abaroutevalidator.Test_AbaRouteValidator_13b" time="0.019"/>
  <testcase name="testAbaNumberCheck_27680_bad" classname="com.cardatechnologies.utils.validators.abaroutevalidator.Test_AbaRouteValidator_13b" time="0.024"/>
  <testcase name="testAbaNumberCheck_28494_bad" classname="com.cardatechnologies.utils.validators.abaroutevalidator.Test_AbaRouteValidator_13b" time="0.026"/>
  <testcase name="testAbaNumberCheck_28946_bad" classname="com.cardatechnologies.utils.validators.abaroutevalidator.Test_AbaRouteValidator_13b" time="0.022"/>
  <testcase name="testAbaNumberCheck_27682_bad" classname="com.cardatechnologies.utils.validators.abaroutevalidator.Test_AbaRouteValidator_13b" time="0.022"/>
  <testcase name="testAbaNumberCheck_28496_bad" classname="com.cardatechnologies.utils.validators.abaroutevalidator.Test_AbaRouteValidator_13b" time="0.022"/>
  <testcase name="testAbaNumberCheck_28948_bad" classname="com.cardatechnologies.utils.validators.abaroutevalidator.Test_AbaRouteValidator_13b" time="0.021"/>
  <testcase name="testAbaNumberCheck_27684_bad" classname="com.cardatechnologies.utils.validators.abaroutevalidator.Test_AbaRouteValidator_13b" time="0.022"/>
  <testcase name="testAbaNumberCheck_28498_bad" classname="com.cardatechnologies.utils.validators.abaroutevalidator.Test_AbaRouteValidator_13b" time="0.023"/>
  <testcase name="testAbaNumberCheck_27686_bad" classname="com.cardatechnologies.utils.validators.abaroutevalidator.Test_AbaRouteValidator_13b" time="0.024"/>
  <testcase name="testAbaNumberCheck_27688_bad" classname="com.cardatechnologies.utils.validators.abaroutevalidator.Test_AbaRouteValidator_13b" time="0.019"/>
  <testcase name="testAbaNumberCheck_29201_good" classname="com.cardatechnologies.utils.validators.abaroutevalidator.Test_AbaRouteValidator_13b" time="0.019"/>
  <testcase name="testAbaNumberCheck_29760_bad" classname="com.cardatechnologies.utils.validators.abaroutevalidator.Test_AbaRouteValidator_13b" time="0.018"/>
  <testcase name="testAbaNumberCheck_29762_bad" classname="com.cardatechnologies.utils.validators.abaroutevalidator.Test_AbaRouteValidator_13b" time="0.019"/>
  <testcase name="testAbaNumberCheck_28950_bad" classname="com.cardatechnologies.utils.validators.abaroutevalidator.Test_AbaRouteValidator_13b" time="0.018"/>
  <testcase name="testAbaNumberCheck_29764_bad" classname="com.cardatechnologies.utils.validators.abaroutevalidator.Test_AbaRouteValidator_13b" time="0.019"/>
  <testcase name="testAbaNumberCheck_28952_bad" classname="com.cardatechnologies.utils.validators.abaroutevalidator.Test_AbaRouteValidator_13b" time="0.018"/>
  <testcase name="testAbaNumberCheck_29766_bad" classname="com.cardatechnologies.utils.validators.abaroutevalidator.Test_AbaRouteValidator_13b" time="0.019"/>
  <testcase name="testAbaNumberCheck_28954_bad" classname="com.cardatechnologies.utils.validators.abaroutevalidator.Test_AbaRouteValidator_13b" time="0.019"/>
  <testcase name="testAbaNumberCheck_29768_bad" classname="com.cardatechnologies.utils.validators.abaroutevalidator.Test_AbaRouteValidator_13b" time="0.022"/>
  <testcase name="testAbaNumberCheck_27690_bad" classname="com.cardatechnologies.utils.validators.abaroutevalidator.Test_AbaRouteValidator_13b" time="0.022"/>
  <testcase name="testAbaNumberCheck_28956_bad" classname="com.cardatechnologies.utils.validators.abaroutevalidator.Test_AbaRouteValidator_13b" time="0.018"/>
  <testcase name="testAbaNumberCheck_27692_bad" classname="com.cardatechnologies.utils.validators.abaroutevalidator.Test_AbaRouteValidator_13b" time="0.018"/>
  <testcase name="testAbaNumberCheck_28958_bad" classname="com.cardatechnologies.utils.validators.abaroutevalidator.Test_AbaRouteValidator_13b" time="0.018"/>
  <testcase name="testAbaNumberCheck_27694_bad" classname="com.cardatechnologies.utils.validators.abaroutevalidator.Test_AbaRouteValidator_13b" time="0.018"/>
  <testcase name="testAbaNumberCheck_27696_bad" classname="com.cardatechnologies.utils.validators.abaroutevalidator.Test_AbaRouteValidator_13b" time="0.017"/>
  <testcase name="testAbaNumberCheck_27698_bad" classname="com.cardatechnologies.utils.validators.abaroutevalidator.Test_AbaRouteValidator_13b" time="0.019"/>
  <testcase name="testAbaNumberCheck_29121_good" classname="com.cardatechnologies.utils.validators.abaroutevalidator.Test_AbaRouteValidator_13b" time="0.025"/>
  <testcase name="testAbaNumberCheck_29770_bad" classname="com.cardatechnologies.utils.validators.abaroutevalidator.Test_AbaRouteValidator_13b" time="0.021"/>
  <testcase name="testAbaNumberCheck_29772_bad" classname="com.cardatechnologies.utils.validators.abaroutevalidator.Test_AbaRouteValidator_13b" time="0.018"/>
  <testcase name="testAbaNumberCheck_28960_bad" classname="com.cardatechnologies.utils.validators.abaroutevalidator.Test_AbaRouteValidator_13b" time="0.018"/>
  <testcase name="testAbaNumberCheck_29774_bad" classname="com.cardatechnologies.utils.validators.abaroutevalidator.Test_AbaRouteValidator_13b" time="0.018"/>
  <testcase name="testAbaNumberCheck_28962_bad" classname="com.cardatechnologies.utils.validators.abaroutevalidator.Test_AbaRouteValidator_13b" time="0.017"/>
  <testcase name="testAbaNumberCheck_29776_bad" classname="com.cardatechnologies.utils.validators.abaroutevalidator.Test_AbaRouteValidator_13b" time="0.019"/>
  <testcase name="testAbaNumberCheck_28964_bad" classname="com.cardatechnologies.utils.validators.abaroutevalidator.Test_AbaRouteValidator_13b" time="0.017"/>
  <testcase name="testAbaNumberCheck_29778_bad" classname="com.cardatechnologies.utils.validators.abaroutevalidator.Test_AbaRouteValidator_13b" time="0.018"/>
  <testcase name="testAbaNumberCheck_28966_bad" classname="com.cardatechnologies.utils.validators.abaroutevalidator.Test_AbaRouteValidator_13b" time="0.019"/>
  <testcase name="testAbaNumberCheck_28968_bad" classname="com.cardatechnologies.utils.validators.abaroutevalidator.Test_AbaRouteValidator_13b" time="0.019"/>
  <testcase name="testAbaNumberCheck_29203_good" classname="com.cardatechnologies.utils.validators.abaroutevalidator.Test_AbaRouteValidator_13b" time="0.017"/>
  <testcase name="testAbaNumberCheck_29780_bad" classname="com.cardatechnologies.utils.validators.abaroutevalidator.Test_AbaRouteValidator_13b" time="0.018"/>
  <testcase name="testAbaNumberCheck_29041_good" classname="com.cardatechnologies.utils.validators.abaroutevalidator.Test_AbaRouteValidator_13b" time="0.019"/>
  <testcase name="testAbaNumberCheck_29782_bad" classname="com.cardatechnologies.utils.validators.abaroutevalidator.Test_AbaRouteValidator_13b" time="0.018"/>
  <testcase name="testAbaNumberCheck_28101_good" classname="com.cardatechnologies.utils.validators.abaroutevalidator.Test_AbaRouteValidator_13b" time="0.017"/>
  <testcase name="testAbaNumberCheck_28970_bad" classname="com.cardatechnologies.utils.validators.abaroutevalidator.Test_AbaRouteValidator_13b" time="0.018"/>
  <testcase name="testAbaNumberCheck_29784_bad" classname="com.cardatechnologies.utils.validators.abaroutevalidator.Test_AbaRouteValidator_13b" time="0.018"/>
  <testcase name="testAbaNumberCheck_28972_bad" classname="com.cardatechnologies.utils.validators.abaroutevalidator.Test_AbaRouteValidator_13b" time="0.018"/>
  <testcase name="testAbaNumberCheck_29786_bad" classname="com.cardatechnologies.utils.validators.abaroutevalidator.Test_AbaRouteValidator_13b" time="0.018"/>
  <testcase name="testAbaNumberCheck_28974_bad" classname="com.cardatechnologies.utils.validators.abaroutevalidator.Test_AbaRouteValidator_13b" time="0.022"/>
  <testcase name="testAbaNumberCheck_29788_bad" classname="com.cardatechnologies.utils.validators.abaroutevalidator.Test_AbaRouteValidator_13b" time="0.022"/>
  <testcase name="testAbaNumberCheck_28976_bad" classname="com.cardatechnologies.utils.validators.abaroutevalidator.Test_AbaRouteValidator_13b" time="0.018"/>
  <testcase name="testAbaNumberCheck_28978_bad" classname="com.cardatechnologies.utils.validators.abaroutevalidator.Test_AbaRouteValidator_13b" time="0.019"/>
  <testcase name="testAbaNumberCheck_29411_good" classname="com.cardatechnologies.utils.validators.abaroutevalidator.Test_AbaRouteValidator_13b" time="0.018"/>
  <testcase name="testAbaNumberCheck_29123_good" classname="com.cardatechnologies.utils.validators.abaroutevalidator.Test_AbaRouteValidator_13b" time="0.017"/>
  <testcase name="testAbaNumberCheck_29790_bad" classname="com.cardatechnologies.utils.validators.abaroutevalidator.Test_AbaRouteValidator_13b" time="0.018"/>
  <testcase name="testAbaNumberCheck_29792_bad" classname="com.cardatechnologies.utils.validators.abaroutevalidator.Test_AbaRouteValidator_13b" time="0.017"/>
  <testcase name="testAbaNumberCheck_28980_bad" classname="com.cardatechnologies.utils.validators.abaroutevalidator.Test_AbaRouteValidator_13b" time="0.025"/>
  <testcase name="testAbaNumberCheck_29794_bad" classname="com.cardatechnologies.utils.validators.abaroutevalidator.Test_AbaRouteValidator_13b" time="0.021"/>
  <testcase name="testAbaNumberCheck_28982_bad" classname="com.cardatechnologies.utils.validators.abaroutevalidator.Test_AbaRouteValidator_13b" time="0.017"/>
  <testcase name="testAbaNumberCheck_28021_good" classname="com.cardatechnologies.utils.validators.abaroutevalidator.Test_AbaRouteValidator_13b" time="0.018"/>
  <testcase name="testAbaNumberCheck_29796_bad" classname="com.cardatechnologies.utils.validators.abaroutevalidator.Test_AbaRouteValidator_13b" time="0.022"/>
  <testcase name="testAbaNumberCheck_28984_bad" classname="com.cardatechnologies.utils.validators.abaroutevalidator.Test_AbaRouteValidator_13b" time="0.017"/>
  <testcase name="testAbaNumberCheck_29798_bad" classname="com.cardatechnologies.utils.validators.abaroutevalidator.Test_AbaRouteValidator_13b" time="0.019"/>
  <testcase name="testAbaNumberCheck_28986_bad" classname="com.cardatechnologies.utils.validators.abaroutevalidator.Test_AbaRouteValidator_13b" time="0.018"/>
  <testcase name="testAbaNumberCheck_28988_bad" classname="com.cardatechnologies.utils.validators.abaroutevalidator.Test_AbaRouteValidator_13b" time="0.018"/>
  <testcase name="testAbaNumberCheck_29331_good" classname="com.cardatechnologies.utils.validators.abaroutevalidator.Test_AbaRouteValidator_13b" time="0.017"/>
  <testcase name="testAbaNumberCheck_29205_good" classname="com.cardatechnologies.utils.validators.abaroutevalidator.Test_AbaRouteValidator_13b" time="0.018"/>
  <testcase name="testAbaNumberCheck_29043_good" classname="com.cardatechnologies.utils.validators.abaroutevalidator.Test_AbaRouteValidator_13b" time="0.017"/>
  <testcase name="testAbaNumberCheck_28103_good" classname="com.cardatechnologies.utils.validators.abaroutevalidator.Test_AbaRouteValidator_13b" time="0.018"/>
  <testcase name="testAbaNumberCheck_28990_bad" classname="com.cardatechnologies.utils.validators.abaroutevalidator.Test_AbaRouteValidator_13b" time="0.019"/>
  <testcase name="testAbaNumberCheck_29701_good" classname="com.cardatechnologies.utils.validators.abaroutevalidator.Test_AbaRouteValidator_13b" time="0.018"/>
  <testcase name="testAbaNumberCheck_28992_bad" classname="com.cardatechnologies.utils.validators.abaroutevalidator.Test_AbaRouteValidator_13b" time="0.017"/>
  <testcase name="testAbaNumberCheck_28994_bad" classname="com.cardatechnologies.utils.validators.abaroutevalidator.Test_AbaRouteValidator_13b" time="0.019"/>
  <testcase name="testAbaNumberCheck_28996_bad" classname="com.cardatechnologies.utils.validators.abaroutevalidator.Test_AbaRouteValidator_13b" time="0.018"/>
  <testcase name="testAbaNumberCheck_28998_bad" classname="com.cardatechnologies.utils.validators.abaroutevalidator.Test_AbaRouteValidator_13b" time="0.018"/>
  <testcase name="testAbaNumberCheck_29413_good" classname="com.cardatechnologies.utils.validators.abaroutevalidator.Test_AbaRouteValidator_13b" time="0.018"/>
  <testcase name="testAbaNumberCheck_29251_good" classname="com.cardatechnologies.utils.validators.abaroutevalidator.Test_AbaRouteValidator_13b" time="0.022"/>
  <testcase name="testAbaNumberCheck_28311_good" classname="com.cardatechnologies.utils.validators.abaroutevalidator.Test_AbaRouteValidator_13b" time="0.023"/>
  <testcase name="testAbaNumberCheck_29125_good" classname="com.cardatechnologies.utils.validators.abaroutevalidator.Test_AbaRouteValidator_13b" time="0.022"/>
  <testcase name="testAbaNumberCheck_28023_good" classname="com.cardatechnologies.utils.validators.abaroutevalidator.Test_AbaRouteValidator_13b" time="0.02"/>
  <testcase name="testAbaNumberCheck_29621_good" classname="com.cardatechnologies.utils.validators.abaroutevalidator.Test_AbaRouteValidator_13b" time="0.02"/>
  <testcase name="testAbaNumberCheck_29333_good" classname="com.cardatechnologies.utils.validators.abaroutevalidator.Test_AbaRouteValidator_13b" time="0.021"/>
  <testcase name="testAbaNumberCheck_29207_good" classname="com.cardatechnologies.utils.validators.abaroutevalidator.Test_AbaRouteValidator_13b" time="0.023"/>
  <testcase name="testAbaNumberCheck_29171_good" classname="com.cardatechnologies.utils.validators.abaroutevalidator.Test_AbaRouteValidator_13b" time="0.028"/>
  <testcase name="testAbaNumberCheck_28231_good" classname="com.cardatechnologies.utils.validators.abaroutevalidator.Test_AbaRouteValidator_13b" time="0.021"/>
  <testcase name="testAbaNumberCheck_29045_good" classname="com.cardatechnologies.utils.validators.abaroutevalidator.Test_AbaRouteValidator_13b" time="0.018"/>
  <testcase name="testAbaNumberCheck_28105_good" classname="com.cardatechnologies.utils.validators.abaroutevalidator.Test_AbaRouteValidator_13b" time="0.018"/>
  <testcase name="testAbaNumberCheck_29703_good" classname="com.cardatechnologies.utils.validators.abaroutevalidator.Test_AbaRouteValidator_13b" time="0.018"/>
  <testcase name="testAbaNumberCheck_29541_good" classname="com.cardatechnologies.utils.validators.abaroutevalidator.Test_AbaRouteValidator_13b" time="0.018"/>
  <testcase name="testAbaNumberCheck_28601_good" classname="com.cardatechnologies.utils.validators.abaroutevalidator.Test_AbaRouteValidator_13b" time="0.017"/>
  <testcase name="testAbaNumberCheck_29415_good" classname="com.cardatechnologies.utils.validators.abaroutevalidator.Test_AbaRouteValidator_13b" time="0.017"/>
  <testcase name="testAbaNumberCheck_29253_good" classname="com.cardatechnologies.utils.validators.abaroutevalidator.Test_AbaRouteValidator_13b" time="0.018"/>
  <testcase name="testAbaNumberCheck_28313_good" classname="com.cardatechnologies.utils.validators.abaroutevalidator.Test_AbaRouteValidator_13b" time="0.017"/>
  <testcase name="testAbaNumberCheck_29911_good" classname="com.cardatechnologies.utils.validators.abaroutevalidator.Test_AbaRouteValidator_13b" time="0.018"/>
  <testcase name="testAbaNumberCheck_29127_good" classname="com.cardatechnologies.utils.validators.abaroutevalidator.Test_AbaRouteValidator_13b" time="0.018"/>
  <testcase name="testAbaNumberCheck_29091_good" classname="com.cardatechnologies.utils.validators.abaroutevalidator.Test_AbaRouteValidator_13b" time="0.018"/>
  <testcase name="testAbaNumberCheck_28151_good" classname="com.cardatechnologies.utils.validators.abaroutevalidator.Test_AbaRouteValidator_13b" time="0.017"/>
  <testcase name="testAbaNumberCheck_27211_good" classname="com.cardatechnologies.utils.validators.abaroutevalidator.Test_AbaRouteValidator_13b" time="0.018"/>
  <testcase name="testAbaNumberCheck_28025_good" classname="com.cardatechnologies.utils.validators.abaroutevalidator.Test_AbaRouteValidator_13b" time="0.019"/>
  <testcase name="testAbaNumberCheck_29623_good" classname="com.cardatechnologies.utils.validators.abaroutevalidator.Test_AbaRouteValidator_13b" time="0.018"/>
  <testcase name="testAbaNumberCheck_29461_good" classname="com.cardatechnologies.utils.validators.abaroutevalidator.Test_AbaRouteValidator_13b" time="0.018"/>
  <testcase name="testAbaNumberCheck_28521_good" classname="com.cardatechnologies.utils.validators.abaroutevalidator.Test_AbaRouteValidator_13b" time="0.02"/>
  <testcase name="testAbaNumberCheck_29335_good" classname="com.cardatechnologies.utils.validators.abaroutevalidator.Test_AbaRouteValidator_13b" time="0.021"/>
  <testcase name="testAbaNumberCheck_29209_good" classname="com.cardatechnologies.utils.validators.abaroutevalidator.Test_AbaRouteValidator_13b" time="0.025"/>
  <testcase name="testAbaNumberCheck_29173_good" classname="com.cardatechnologies.utils.validators.abaroutevalidator.Test_AbaRouteValidator_13b" time="0.02"/>
  <testcase name="testAbaNumberCheck_28233_good" classname="com.cardatechnologies.utils.validators.abaroutevalidator.Test_AbaRouteValidator_13b" time="0.02"/>
  <testcase name="testAbaNumberCheck_29831_good" classname="com.cardatechnologies.utils.validators.abaroutevalidator.Test_AbaRouteValidator_13b" time="0.021"/>
  <testcase name="testAbaNumberCheck_29047_good" classname="com.cardatechnologies.utils.validators.abaroutevalidator.Test_AbaRouteValidator_13b" time="0.018"/>
  <testcase name="testAbaNumberCheck_28107_good" classname="com.cardatechnologies.utils.validators.abaroutevalidator.Test_AbaRouteValidator_13b" time="0.02"/>
  <testcase name="testAbaNumberCheck_29705_good" classname="com.cardatechnologies.utils.validators.abaroutevalidator.Test_AbaRouteValidator_13b" time="0.023"/>
  <testcase name="testAbaNumberCheck_28071_good" classname="com.cardatechnologies.utils.validators.abaroutevalidator.Test_AbaRouteValidator_13b" time="0.023"/>
  <testcase name="testAbaNumberCheck_29543_good" classname="com.cardatechnologies.utils.validators.abaroutevalidator.Test_AbaRouteValidator_13b" time="0.025"/>
  <testcase name="testAbaNumberCheck_28603_good" classname="com.cardatechnologies.utils.validators.abaroutevalidator.Test_AbaRouteValidator_13b" time="0.018"/>
  <testcase name="testAbaNumberCheck_29417_good" classname="com.cardatechnologies.utils.validators.abaroutevalidator.Test_AbaRouteValidator_13b" time="0.02"/>
  <testcase name="testAbaNumberCheck_29381_good" classname="com.cardatechnologies.utils.validators.abaroutevalidator.Test_AbaRouteValidator_13b" time="0.019"/>
  <testcase name="testAbaNumberCheck_28441_good" classname="com.cardatechnologies.utils.validators.abaroutevalidator.Test_AbaRouteValidator_13b" time="0.019"/>
  <testcase name="testAbaNumberCheck_27501_good" classname="com.cardatechnologies.utils.validators.abaroutevalidator.Test_AbaRouteValidator_13b" time="0.019"/>
  <testcase name="testAbaNumberCheck_29255_good" classname="com.cardatechnologies.utils.validators.abaroutevalidator.Test_AbaRouteValidator_13b" time="0.019"/>
  <testcase name="testAbaNumberCheck_28315_good" classname="com.cardatechnologies.utils.validators.abaroutevalidator.Test_AbaRouteValidator_13b" time="0.019"/>
  <testcase name="testAbaNumberCheck_29913_good" classname="com.cardatechnologies.utils.validators.abaroutevalidator.Test_AbaRouteValidator_13b" time="0.019"/>
  <testcase name="testAbaNumberCheck_29129_good" classname="com.cardatechnologies.utils.validators.abaroutevalidator.Test_AbaRouteValidator_13b" time="0.019"/>
  <testcase name="testAbaNumberCheck_29093_good" classname="com.cardatechnologies.utils.validators.abaroutevalidator.Test_AbaRouteValidator_13b" time="0.025"/>
  <testcase name="testAbaNumberCheck_28153_good" classname="com.cardatechnologies.utils.validators.abaroutevalidator.Test_AbaRouteValidator_13b" time="0.019"/>
  <testcase name="testAbaNumberCheck_27213_good" classname="com.cardatechnologies.utils.validators.abaroutevalidator.Test_AbaRouteValidator_13b" time="0.019"/>
  <testcase name="testAbaNumberCheck_29751_good" classname="com.cardatechnologies.utils.validators.abaroutevalidator.Test_AbaRouteValidator_13b" time="0.019"/>
  <testcase name="testAbaNumberCheck_28811_good" classname="com.cardatechnologies.utils.validators.abaroutevalidator.Test_AbaRouteValidator_13b" time="0.019"/>
  <testcase name="testAbaNumberCheck_28027_good" classname="com.cardatechnologies.utils.validators.abaroutevalidator.Test_AbaRouteValidator_13b" time="0.019"/>
  <testcase name="testAbaNumberCheck_29625_good" classname="com.cardatechnologies.utils.validators.abaroutevalidator.Test_AbaRouteValidator_13b" time="0.019"/>
  <testcase name="testAbaNumberCheck_29463_good" classname="com.cardatechnologies.utils.validators.abaroutevalidator.Test_AbaRouteValidator_13b" time="0.018"/>
  <testcase name="testAbaNumberCheck_28523_good" classname="com.cardatechnologies.utils.validators.abaroutevalidator.Test_AbaRouteValidator_13b" time="0.023"/>
  <testcase name="testAbaNumberCheck_29337_good" classname="com.cardatechnologies.utils.validators.abaroutevalidator.Test_AbaRouteValidator_13b" time="0.022"/>
  <testcase name="testAbaNumberCheck_28361_good" classname="com.cardatechnologies.utils.validators.abaroutevalidator.Test_AbaRouteValidator_13b" time="0.019"/>
  <testcase name="testAbaNumberCheck_27421_good" classname="com.cardatechnologies.utils.validators.abaroutevalidator.Test_AbaRouteValidator_13b" time="0.019"/>
  <testcase name="testAbaNumberCheck_29175_good" classname="com.cardatechnologies.utils.validators.abaroutevalidator.Test_AbaRouteValidator_13b" time="0.019"/>
  <testcase name="testAbaNumberCheck_28235_good" classname="com.cardatechnologies.utils.validators.abaroutevalidator.Test_AbaRouteValidator_13b" time="0.019"/>
  <testcase name="testAbaNumberCheck_29833_good" classname="com.cardatechnologies.utils.validators.abaroutevalidator.Test_AbaRouteValidator_13b" time="0.019"/>
  <testcase name="testAbaNumberCheck_29049_good" classname="com.cardatechnologies.utils.validators.abaroutevalidator.Test_AbaRouteValidator_13b" time="0.019"/>
  <testcase name="testAbaNumberCheck_28109_good" classname="com.cardatechnologies.utils.validators.abaroutevalidator.Test_AbaRouteValidator_13b" time="0.028"/>
  <testcase name="testAbaNumberCheck_29707_good" classname="com.cardatechnologies.utils.validators.abaroutevalidator.Test_AbaRouteValidator_13b" time="0.019"/>
  <testcase name="testAbaNumberCheck_28073_good" classname="com.cardatechnologies.utils.validators.abaroutevalidator.Test_AbaRouteValidator_13b" time="0.019"/>
  <testcase name="testAbaNumberCheck_29671_good" classname="com.cardatechnologies.utils.validators.abaroutevalidator.Test_AbaRouteValidator_13b" time="0.018"/>
  <testcase name="testAbaNumberCheck_28731_good" classname="com.cardatechnologies.utils.validators.abaroutevalidator.Test_AbaRouteValidator_13b" time="0.018"/>
  <testcase name="testAbaNumberCheck_29545_good" classname="com.cardatechnologies.utils.validators.abaroutevalidator.Test_AbaRouteValidator_13b" time="0.018"/>
  <testcase name="testAbaNumberCheck_28605_good" classname="com.cardatechnologies.utils.validators.abaroutevalidator.Test_AbaRouteValidator_13b" time="0.018"/>
  <testcase name="testAbaNumberCheck_29419_good" classname="com.cardatechnologies.utils.validators.abaroutevalidator.Test_AbaRouteValidator_13b" time="0.018"/>
  <testcase name="testAbaNumberCheck_29383_good" classname="com.cardatechnologies.utils.validators.abaroutevalidator.Test_AbaRouteValidator_13b" time="0.018"/>
  <testcase name="testAbaNumberCheck_28443_good" classname="com.cardatechnologies.utils.validators.abaroutevalidator.Test_AbaRouteValidator_13b" time="0.018"/>
  <testcase name="testAbaNumberCheck_27503_good" classname="com.cardatechnologies.utils.validators.abaroutevalidator.Test_AbaRouteValidator_13b" time="0.018"/>
  <testcase name="testAbaNumberCheck_29257_good" classname="com.cardatechnologies.utils.validators.abaroutevalidator.Test_AbaRouteValidator_13b" time="0.018"/>
  <testcase name="testAbaNumberCheck_28317_good" classname="com.cardatechnologies.utils.validators.abaroutevalidator.Test_AbaRouteValidator_13b" time="0.018"/>
  <testcase name="testAbaNumberCheck_29915_good" classname="com.cardatechnologies.utils.validators.abaroutevalidator.Test_AbaRouteValidator_13b" time="0.018"/>
  <testcase name="testAbaNumberCheck_28281_good" classname="com.cardatechnologies.utils.validators.abaroutevalidator.Test_AbaRouteValidator_13b" time="0.017"/>
  <testcase name="testAbaNumberCheck_27341_good" classname="com.cardatechnologies.utils.validators.abaroutevalidator.Test_AbaRouteValidator_13b" time="0.018"/>
  <testcase name="testAbaNumberCheck_29095_good" classname="com.cardatechnologies.utils.validators.abaroutevalidator.Test_AbaRouteValidator_13b" time="0.018"/>
  <testcase name="testAbaNumberCheck_28155_good" classname="com.cardatechnologies.utils.validators.abaroutevalidator.Test_AbaRouteValidator_13b" time="0.018"/>
  <testcase name="testAbaNumberCheck_27215_good" classname="com.cardatechnologies.utils.validators.abaroutevalidator.Test_AbaRouteValidator_13b" time="0.017"/>
  <testcase name="testAbaNumberCheck_29753_good" classname="com.cardatechnologies.utils.validators.abaroutevalidator.Test_AbaRouteValidator_13b" time="0.018"/>
  <testcase name="testAbaNumberCheck_28813_good" classname="com.cardatechnologies.utils.validators.abaroutevalidator.Test_AbaRouteValidator_13b" time="0.025"/>
  <testcase name="testAbaNumberCheck_28029_good" classname="com.cardatechnologies.utils.validators.abaroutevalidator.Test_AbaRouteValidator_13b" time="0.018"/>
  <testcase name="testAbaNumberCheck_29627_good" classname="com.cardatechnologies.utils.validators.abaroutevalidator.Test_AbaRouteValidator_13b" time="0.017"/>
  <testcase name="testAbaNumberCheck_29591_good" classname="com.cardatechnologies.utils.validators.abaroutevalidator.Test_AbaRouteValidator_13b" time="0.018"/>
  <testcase name="testAbaNumberCheck_28651_good" classname="com.cardatechnologies.utils.validators.abaroutevalidator.Test_AbaRouteValidator_13b" time="0.018"/>
  <testcase name="testAbaNumberCheck_27711_good" classname="com.cardatechnologies.utils.validators.abaroutevalidator.Test_AbaRouteValidator_13b" time="0.019"/>
  <testcase name="testAbaNumberCheck_29465_good" classname="com.cardatechnologies.utils.validators.abaroutevalidator.Test_AbaRouteValidator_13b" time="0.02"/>
  <testcase name="testAbaNumberCheck_28525_good" classname="com.cardatechnologies.utils.validators.abaroutevalidator.Test_AbaRouteValidator_13b" time="0.019"/>
  <testcase name="testAbaNumberCheck_29339_good" classname="com.cardatechnologies.utils.validators.abaroutevalidator.Test_AbaRouteValidator_13b" time="0.028"/>
  <testcase name="testAbaNumberCheck_28363_good" classname="com.cardatechnologies.utils.validators.abaroutevalidator.Test_AbaRouteValidator_13b" time="0.02"/>
  <testcase name="testAbaNumberCheck_27423_good" classname="com.cardatechnologies.utils.validators.abaroutevalidator.Test_AbaRouteValidator_13b" time="0.02"/>
  <testcase name="testAbaNumberCheck_29961_good" classname="com.cardatechnologies.utils.validators.abaroutevalidator.Test_AbaRouteValidator_13b" time="0.019"/>
  <testcase name="testAbaNumberCheck_29177_good" classname="com.cardatechnologies.utils.validators.abaroutevalidator.Test_AbaRouteValidator_13b" time="0.018"/>
  <testcase name="testAbaNumberCheck_28237_good" classname="com.cardatechnologies.utils.validators.abaroutevalidator.Test_AbaRouteValidator_13b" time="0.02"/>
  <testcase name="testAbaNumberCheck_29835_good" classname="com.cardatechnologies.utils.validators.abaroutevalidator.Test_AbaRouteValidator_13b" time="0.019"/>
  <testcase name="testAbaNumberCheck_27261_good" classname="com.cardatechnologies.utils.validators.abaroutevalidator.Test_AbaRouteValidator_13b" time="0.02"/>
  <testcase name="testAbaNumberCheck_29709_good" classname="com.cardatechnologies.utils.validators.abaroutevalidator.Test_AbaRouteValidator_13b" time="0.02"/>
  <testcase name="testAbaNumberCheck_28075_good" classname="com.cardatechnologies.utils.validators.abaroutevalidator.Test_AbaRouteValidator_13b" time="0.019"/>
  <testcase name="testAbaNumberCheck_29673_good" classname="com.cardatechnologies.utils.validators.abaroutevalidator.Test_AbaRouteValidator_13b" time="0.019"/>
  <testcase name="testAbaNumberCheck_28733_good" classname="com.cardatechnologies.utils.validators.abaroutevalidator.Test_AbaRouteValidator_13b" time="0.02"/>
  <testcase name="testAbaNumberCheck_29547_good" classname="com.cardatechnologies.utils.validators.abaroutevalidator.Test_AbaRouteValidator_13b" time="0.018"/>
  <testcase name="testAbaNumberCheck_28607_good" classname="com.cardatechnologies.utils.validators.abaroutevalidator.Test_AbaRouteValidator_13b" time="0.02"/>
  <testcase name="testAbaNumberCheck_28571_good" classname="com.cardatechnologies.utils.validators.abaroutevalidator.Test_AbaRouteValidator_13b" time="0.022"/>
  <testcase name="testAbaNumberCheck_27631_good" classname="com.cardatechnologies.utils.validators.abaroutevalidator.Test_AbaRouteValidator_13b" time="0.024"/>
  <testcase name="testAbaNumberCheck_29385_good" classname="com.cardatechnologies.utils.validators.abaroutevalidator.Test_AbaRouteValidator_13b" time="0.036"/>
  <testcase name="testAbaNumberCheck_28445_good" classname="com.cardatechnologies.utils.validators.abaroutevalidator.Test_AbaRouteValidator_13b" time="0.027"/>
  <testcase name="testAbaNumberCheck_27505_good" classname="com.cardatechnologies.utils.validators.abaroutevalidator.Test_AbaRouteValidator_13b" time="0.02"/>
  <testcase name="testAbaNumberCheck_29259_good" classname="com.cardatechnologies.utils.validators.abaroutevalidator.Test_AbaRouteValidator_13b" time="0.019"/>
  <testcase name="testAbaNumberCheck_28319_good" classname="com.cardatechnologies.utils.validators.abaroutevalidator.Test_AbaRouteValidator_13b" time="0.018"/>
  <testcase name="testAbaNumberCheck_29917_good" classname="com.cardatechnologies.utils.validators.abaroutevalidator.Test_AbaRouteValidator_13b" time="0.019"/>
  <testcase name="testAbaNumberCheck_28283_good" classname="com.cardatechnologies.utils.validators.abaroutevalidator.Test_AbaRouteValidator_13b" time="0.022"/>
  <testcase name="testAbaNumberCheck_27343_good" classname="com.cardatechnologies.utils.validators.abaroutevalidator.Test_AbaRouteValidator_13b" time="0.022"/>
  <testcase name="testAbaNumberCheck_29881_good" classname="com.cardatechnologies.utils.validators.abaroutevalidator.Test_AbaRouteValidator_13b" time="0.029"/>
  <testcase name="testAbaNumberCheck_28941_good" classname="com.cardatechnologies.utils.validators.abaroutevalidator.Test_AbaRouteValidator_13b" time="0.022"/>
  <testcase name="testAbaNumberCheck_29097_good" classname="com.cardatechnologies.utils.validators.abaroutevalidator.Test_AbaRouteValidator_13b" time="0.019"/>
  <testcase name="testAbaNumberCheck_28157_good" classname="com.cardatechnologies.utils.validators.abaroutevalidator.Test_AbaRouteValidator_13b" time="0.018"/>
  <testcase name="testAbaNumberCheck_27217_good" classname="com.cardatechnologies.utils.validators.abaroutevalidator.Test_AbaRouteValidator_13b" time="0.02"/>
  <testcase name="testAbaNumberCheck_29755_good" classname="com.cardatechnologies.utils.validators.abaroutevalidator.Test_AbaRouteValidator_13b" time="0.019"/>
  <testcase name="testAbaNumberCheck_28815_good" classname="com.cardatechnologies.utils.validators.abaroutevalidator.Test_AbaRouteValidator_13b" time="0.019"/>
  <testcase name="testAbaNumberCheck_29629_good" classname="com.cardatechnologies.utils.validators.abaroutevalidator.Test_AbaRouteValidator_13b" time="0.018"/>
  <testcase name="testAbaNumberCheck_29593_good" classname="com.cardatechnologies.utils.validators.abaroutevalidator.Test_AbaRouteValidator_13b" time="0.019"/>
  <testcase name="testAbaNumberCheck_28653_good" classname="com.cardatechnologies.utils.validators.abaroutevalidator.Test_AbaRouteValidator_13b" time="0.02"/>
  <testcase name="testAbaNumberCheck_27713_good" classname="com.cardatechnologies.utils.validators.abaroutevalidator.Test_AbaRouteValidator_13b" time="0.019"/>
  <testcase name="testAbaNumberCheck_29467_good" classname="com.cardatechnologies.utils.validators.abaroutevalidator.Test_AbaRouteValidator_13b" time="0.02"/>
  <testcase name="testAbaNumberCheck_28527_good" classname="com.cardatechnologies.utils.validators.abaroutevalidator.Test_AbaRouteValidator_13b" time="0.019"/>
  <testcase name="testAbaNumberCheck_28491_good" classname="com.cardatechnologies.utils.validators.abaroutevalidator.Test_AbaRouteValidator_13b" time="0.019"/>
  <testcase name="testAbaNumberCheck_27551_good" classname="com.cardatechnologies.utils.validators.abaroutevalidator.Test_AbaRouteValidator_13b" time="0.018"/>
  <testcase name="testAbaNumberCheck_28365_good" classname="com.cardatechnologies.utils.validators.abaroutevalidator.Test_AbaRouteValidator_13b" time="0.02"/>
  <testcase name="testAbaNumberCheck_27425_good" classname="com.cardatechnologies.utils.validators.abaroutevalidator.Test_AbaRouteValidator_13b" time="0.019"/>
  <testcase name="testAbaNumberCheck_29963_good" classname="com.cardatechnologies.utils.validators.abaroutevalidator.Test_AbaRouteValidator_13b" time="0.019"/>
  <testcase name="testAbaNumberCheck_29179_good" classname="com.cardatechnologies.utils.validators.abaroutevalidator.Test_AbaRouteValidator_13b" time="0.019"/>
  <testcase name="testAbaNumberCheck_28239_good" classname="com.cardatechnologies.utils.validators.abaroutevalidator.Test_AbaRouteValidator_13b" time="0.027"/>
  <testcase name="testAbaNumberCheck_29837_good" classname="com.cardatechnologies.utils.validators.abaroutevalidator.Test_AbaRouteValidator_13b" time="0.017"/>
  <testcase name="testAbaNumberCheck_27263_good" classname="com.cardatechnologies.utils.validators.abaroutevalidator.Test_AbaRouteValidator_13b" time="0.018"/>
  <testcase name="testAbaNumberCheck_28861_good" classname="com.cardatechnologies.utils.validators.abaroutevalidator.Test_AbaRouteValidator_13b" time="0.017"/>
  <testcase name="testAbaNumberCheck_27921_good" classname="com.cardatechnologies.utils.validators.abaroutevalidator.Test_AbaRouteValidator_13b" time="0.018"/>
  <testcase name="testAbaNumberCheck_28077_good" classname="com.cardatechnologies.utils.validators.abaroutevalidator.Test_AbaRouteValidator_13b" time="0.018"/>
  <testcase name="testAbaNumberCheck_29675_good" classname="com.cardatechnologies.utils.validators.abaroutevalidator.Test_AbaRouteValidator_13b" time="0.019"/>
  <testcase name="testAbaNumberCheck_28735_good" classname="com.cardatechnologies.utils.validators.abaroutevalidator.Test_AbaRouteValidator_13b" time="0.018"/>
  <testcase name="testAbaNumberCheck_29549_good" classname="com.cardatechnologies.utils.validators.abaroutevalidator.Test_AbaRouteValidator_13b" time="0.025"/>
  <testcase name="testAbaNumberCheck_28609_good" classname="com.cardatechnologies.utils.validators.abaroutevalidator.Test_AbaRouteValidator_13b" time="0.019"/>
  <testcase name="testAbaNumberCheck_28573_good" classname="com.cardatechnologies.utils.validators.abaroutevalidator.Test_AbaRouteValidator_13b" time="0.018"/>
  <testcase name="testAbaNumberCheck_27633_good" classname="com.cardatechnologies.utils.validators.abaroutevalidator.Test_AbaRouteValidator_13b" time="0.019"/>
  <testcase name="testAbaNumberCheck_29387_good" classname="com.cardatechnologies.utils.validators.abaroutevalidator.Test_AbaRouteValidator_13b" time="0.018"/>
  <testcase name="testAbaNumberCheck_28447_good" classname="com.cardatechnologies.utils.validators.abaroutevalidator.Test_AbaRouteValidator_13b" time="0.018"/>
  <testcase name="testAbaNumberCheck_27507_good" classname="com.cardatechnologies.utils.validators.abaroutevalidator.Test_AbaRouteValidator_13b" time="0.018"/>
  <testcase name="testAbaNumberCheck_27471_good" classname="com.cardatechnologies.utils.validators.abaroutevalidator.Test_AbaRouteValidator_13b" time="0.017"/>
  <testcase name="testAbaNumberCheck_29919_good" classname="com.cardatechnologies.utils.validators.abaroutevalidator.Test_AbaRouteValidator_13b" time="0.019"/>
  <testcase name="testAbaNumberCheck_28285_good" classname="com.cardatechnologies.utils.validators.abaroutevalidator.Test_AbaRouteValidator_13b" time="0.019"/>
  <testcase name="testAbaNumberCheck_27345_good" classname="com.cardatechnologies.utils.validators.abaroutevalidator.Test_AbaRouteValidator_13b" time="0.018"/>
  <testcase name="testAbaNumberCheck_29883_good" classname="com.cardatechnologies.utils.validators.abaroutevalidator.Test_AbaRouteValidator_13b" time="0.02"/>
  <testcase name="testAbaNumberCheck_28943_good" classname="com.cardatechnologies.utils.validators.abaroutevalidator.Test_AbaRouteValidator_13b" time="0.018"/>
  <testcase name="testAbaNumberCheck_29099_good" classname="com.cardatechnologies.utils.validators.abaroutevalidator.Test_AbaRouteValidator_13b" time="0.018"/>
  <testcase name="testAbaNumberCheck_28159_good" classname="com.cardatechnologies.utils.validators.abaroutevalidator.Test_AbaRouteValidator_13b" time="0.018"/>
  <testcase name="testAbaNumberCheck_27219_good" classname="com.cardatechnologies.utils.validators.abaroutevalidator.Test_AbaRouteValidator_13b" time="0.019"/>
  <testcase name="testAbaNumberCheck_29757_good" classname="com.cardatechnologies.utils.validators.abaroutevalidator.Test_AbaRouteValidator_13b" time="0.017"/>
  <testcase name="testAbaNumberCheck_28817_good" classname="com.cardatechnologies.utils.validators.abaroutevalidator.Test_AbaRouteValidator_13b" time="0.018"/>
  <testcase name="testAbaNumberCheck_28781_good" classname="com.cardatechnologies.utils.validators.abaroutevalidator.Test_AbaRouteValidator_13b" time="0.019"/>
  <testcase name="testAbaNumberCheck_27841_good" classname="com.cardatechnologies.utils.validators.abaroutevalidator.Test_AbaRouteValidator_13b" time="0.019"/>
  <testcase name="testAbaNumberCheck_29595_good" classname="com.cardatechnologies.utils.validators.abaroutevalidator.Test_AbaRouteValidator_13b" time="0.025"/>
  <testcase name="testAbaNumberCheck_28655_good" classname="com.cardatechnologies.utils.validators.abaroutevalidator.Test_AbaRouteValidator_13b" time="0.016"/>
  <testcase name="testAbaNumberCheck_27715_good" classname="com.cardatechnologies.utils.validators.abaroutevalidator.Test_AbaRouteValidator_13b" time="0.019"/>
  <testcase name="testAbaNumberCheck_29469_good" classname="com.cardatechnologies.utils.validators.abaroutevalidator.Test_AbaRouteValidator_13b" time="0.017"/>
  <testcase name="testAbaNumberCheck_28529_good" classname="com.cardatechnologies.utils.validators.abaroutevalidator.Test_AbaRouteValidator_13b" time="0.018"/>
  <testcase name="testAbaNumberCheck_28493_good" classname="com.cardatechnologies.utils.validators.abaroutevalidator.Test_AbaRouteValidator_13b" time="0.018"/>
  <testcase name="testAbaNumberCheck_27553_good" classname="com.cardatechnologies.utils.validators.abaroutevalidator.Test_AbaRouteValidator_13b" time="0.022"/>
  <testcase name="testAbaNumberCheck_28367_good" classname="com.cardatechnologies.utils.validators.abaroutevalidator.Test_AbaRouteValidator_13b" time="0.022"/>
  <testcase name="testAbaNumberCheck_27427_good" classname="com.cardatechnologies.utils.validators.abaroutevalidator.Test_AbaRouteValidator_13b" time="0.021"/>
  <testcase name="testAbaNumberCheck_29965_good" classname="com.cardatechnologies.utils.validators.abaroutevalidator.Test_AbaRouteValidator_13b" time="0.018"/>
  <testcase name="testAbaNumberCheck_27391_good" classname="com.cardatechnologies.utils.validators.abaroutevalidator.Test_AbaRouteValidator_13b" time="0.017"/>
  <testcase name="testAbaNumberCheck_29839_good" classname="com.cardatechnologies.utils.validators.abaroutevalidator.Test_AbaRouteValidator_13b" time="0.02"/>
  <testcase name="testAbaNumberCheck_27265_good" classname="com.cardatechnologies.utils.validators.abaroutevalidator.Test_AbaRouteValidator_13b" time="0.018"/>
  <testcase name="testAbaNumberCheck_28863_good" classname="com.cardatechnologies.utils.validators.abaroutevalidator.Test_AbaRouteValidator_13b" time="0.019"/>
  <testcase name="testAbaNumberCheck_27923_good" classname="com.cardatechnologies.utils.validators.abaroutevalidator.Test_AbaRouteValidator_13b" time="0.018"/>
  <testcase name="testAbaNumberCheck_28000_bad" classname="com.cardatechnologies.utils.validators.abaroutevalidator.Test_AbaRouteValidator_13b" time="0.017"/>
  <testcase name="testAbaNumberCheck_28079_good" classname="com.cardatechnologies.utils.validators.abaroutevalidator.Test_AbaRouteValidator_13b" time="0.019"/>
  <testcase name="testAbaNumberCheck_28002_bad" classname="com.cardatechnologies.utils.validators.abaroutevalidator.Test_AbaRouteValidator_13b" time="0.017"/>
  <testcase name="testAbaNumberCheck_29677_good" classname="com.cardatechnologies.utils.validators.abaroutevalidator.Test_AbaRouteValidator_13b" time="0.018"/>
  <testcase name="testAbaNumberCheck_28737_good" classname="com.cardatechnologies.utils.validators.abaroutevalidator.Test_AbaRouteValidator_13b" time="0.018"/>
  <testcase name="testAbaNumberCheck_28004_bad" classname="com.cardatechnologies.utils.validators.abaroutevalidator.Test_AbaRouteValidator_13b" time="0.018"/>
  <testcase name="testAbaNumberCheck_28006_bad" classname="com.cardatechnologies.utils.validators.abaroutevalidator.Test_AbaRouteValidator_13b" time="0.018"/>
  <testcase name="testAbaNumberCheck_27761_good" classname="com.cardatechnologies.utils.validators.abaroutevalidator.Test_AbaRouteValidator_13b" time="0.018"/>
  <testcase name="testAbaNumberCheck_28008_bad" classname="com.cardatechnologies.utils.validators.abaroutevalidator.Test_AbaRouteValidator_13b" time="0.021"/>
  <testcase name="testAbaNumberCheck_28575_good" classname="com.cardatechnologies.utils.validators.abaroutevalidator.Test_AbaRouteValidator_13b" time="0.024"/>
  <testcase name="testAbaNumberCheck_27635_good" classname="com.cardatechnologies.utils.validators.abaroutevalidator.Test_AbaRouteValidator_13b" time="0.025"/>
  <testcase name="testAbaNumberCheck_29389_good" classname="com.cardatechnologies.utils.validators.abaroutevalidator.Test_AbaRouteValidator_13b" time="0.02"/>
  <testcase name="testAbaNumberCheck_28449_good" classname="com.cardatechnologies.utils.validators.abaroutevalidator.Test_AbaRouteValidator_13b" time="0.022"/>
  <testcase name="testAbaNumberCheck_27509_good" classname="com.cardatechnologies.utils.validators.abaroutevalidator.Test_AbaRouteValidator_13b" time="0.022"/>
  <testcase name="testAbaNumberCheck_27473_good" classname="com.cardatechnologies.utils.validators.abaroutevalidator.Test_AbaRouteValidator_13b" time="0.02"/>
  <testcase name="testAbaNumberCheck_28287_good" classname="com.cardatechnologies.utils.validators.abaroutevalidator.Test_AbaRouteValidator_13b" time="0.021"/>
  <testcase name="testAbaNumberCheck_27347_good" classname="com.cardatechnologies.utils.validators.abaroutevalidator.Test_AbaRouteValidator_13b" time="0.021"/>
  <testcase name="testAbaNumberCheck_29885_good" classname="com.cardatechnologies.utils.validators.abaroutevalidator.Test_AbaRouteValidator_13b" time="0.019"/>
  <testcase name="testAbaNumberCheck_28945_good" classname="com.cardatechnologies.utils.validators.abaroutevalidator.Test_AbaRouteValidator_13b" time="0.018"/>
  <testcase name="testAbaNumberCheck_29759_good" classname="com.cardatechnologies.utils.validators.abaroutevalidator.Test_AbaRouteValidator_13b" time="0.028"/>
  <testcase name="testAbaNumberCheck_28819_good" classname="com.cardatechnologies.utils.validators.abaroutevalidator.Test_AbaRouteValidator_13b" time="0.018"/>
  <testcase name="testAbaNumberCheck_28010_bad" classname="com.cardatechnologies.utils.validators.abaroutevalidator.Test_AbaRouteValidator_13b" time="0.017"/>
  <testcase name="testAbaNumberCheck_28012_bad" classname="com.cardatechnologies.utils.validators.abaroutevalidator.Test_AbaRouteValidator_13b" time="0.018"/>
  <testcase name="testAbaNumberCheck_28783_good" classname="com.cardatechnologies.utils.validators.abaroutevalidator.Test_AbaRouteValidator_13b" time="0.018"/>
  <testcase name="testAbaNumberCheck_27843_good" classname="com.cardatechnologies.utils.validators.abaroutevalidator.Test_AbaRouteValidator_13b" time="0.018"/>
  <testcase name="testAbaNumberCheck_27200_bad" classname="com.cardatechnologies.utils.validators.abaroutevalidator.Test_AbaRouteValidator_13b" time="0.018"/>
  <testcase name="testAbaNumberCheck_28014_bad" classname="com.cardatechnologies.utils.validators.abaroutevalidator.Test_AbaRouteValidator_13b" time="0.018"/>
  <testcase name="testAbaNumberCheck_27202_bad" classname="com.cardatechnologies.utils.validators.abaroutevalidator.Test_AbaRouteValidator_13b" time="0.018"/>
  <testcase name="testAbaNumberCheck_28016_bad" classname="com.cardatechnologies.utils.validators.abaroutevalidator.Test_AbaRouteValidator_13b" time="0.018"/>
  <testcase name="testAbaNumberCheck_29597_good" classname="com.cardatechnologies.utils.validators.abaroutevalidator.Test_AbaRouteValidator_13b" time="0.018"/>
  <testcase name="testAbaNumberCheck_28657_good" classname="com.cardatechnologies.utils.validators.abaroutevalidator.Test_AbaRouteValidator_13b" time="0.018"/>
  <testcase name="testAbaNumberCheck_27717_good" classname="com.cardatechnologies.utils.validators.abaroutevalidator.Test_AbaRouteValidator_13b" time="0.016"/>
  <testcase name="testAbaNumberCheck_27204_bad" classname="com.cardatechnologies.utils.validators.abaroutevalidator.Test_AbaRouteValidator_13b" time="0.018"/>
  <testcase name="testAbaNumberCheck_28018_bad" classname="com.cardatechnologies.utils.validators.abaroutevalidator.Test_AbaRouteValidator_13b" time="0.018"/>
  <testcase name="testAbaNumberCheck_27206_bad" classname="com.cardatechnologies.utils.validators.abaroutevalidator.Test_AbaRouteValidator_13b" time="0.018"/>
  <testcase name="testAbaNumberCheck_27681_good" classname="com.cardatechnologies.utils.validators.abaroutevalidator.Test_AbaRouteValidator_13b" time="0.018"/>
  <testcase name="testAbaNumberCheck_27208_bad" classname="com.cardatechnologies.utils.validators.abaroutevalidator.Test_AbaRouteValidator_13b" time="0.017"/>
  <testcase name="testAbaNumberCheck_28495_good" classname="com.cardatechnologies.utils.validators.abaroutevalidator.Test_AbaRouteValidator_13b" time="0.017"/>
  <testcase name="testAbaNumberCheck_27555_good" classname="com.cardatechnologies.utils.validators.abaroutevalidator.Test_AbaRouteValidator_13b" time="0.018"/>
  <testcase name="testAbaNumberCheck_28369_good" classname="com.cardatechnologies.utils.validators.abaroutevalidator.Test_AbaRouteValidator_13b" time="0.018"/>
  <testcase name="testAbaNumberCheck_27429_good" classname="com.cardatechnologies.utils.validators.abaroutevalidator.Test_AbaRouteValidator_13b" time="0.028"/>
  <testcase name="testAbaNumberCheck_29967_good" classname="com.cardatechnologies.utils.validators.abaroutevalidator.Test_AbaRouteValidator_13b" time="0.018"/>
  <testcase name="testAbaNumberCheck_27393_good" classname="com.cardatechnologies.utils.validators.abaroutevalidator.Test_AbaRouteValidator_13b" time="0.017"/>
  <testcase name="testAbaNumberCheck_28991_good" classname="com.cardatechnologies.utils.validators.abaroutevalidator.Test_AbaRouteValidator_13b" time="0.018"/>
  <testcase name="testAbaNumberCheck_27267_good" classname="com.cardatechnologies.utils.validators.abaroutevalidator.Test_AbaRouteValidator_13b" time="0.018"/>
  <testcase name="testAbaNumberCheck_28865_good" classname="com.cardatechnologies.utils.validators.abaroutevalidator.Test_AbaRouteValidator_13b" time="0.018"/>
  <testcase name="testAbaNumberCheck_27925_good" classname="com.cardatechnologies.utils.validators.abaroutevalidator.Test_AbaRouteValidator_13b" time="0.018"/>
  <testcase name="testAbaNumberCheck_28020_bad" classname="com.cardatechnologies.utils.validators.abaroutevalidator.Test_AbaRouteValidator_13b" time="0.024"/>
  <testcase name="testAbaNumberCheck_28022_bad" classname="com.cardatechnologies.utils.validators.abaroutevalidator.Test_AbaRouteValidator_13b" time="0.021"/>
  <testcase name="testAbaNumberCheck_29679_good" classname="com.cardatechnologies.utils.validators.abaroutevalidator.Test_AbaRouteValidator_13b" time="0.019"/>
  <testcase name="testAbaNumberCheck_28739_good" classname="com.cardatechnologies.utils.validators.abaroutevalidator.Test_AbaRouteValidator_13b" time="0.02"/>
  <testcase name="testAbaNumberCheck_27210_bad" classname="com.cardatechnologies.utils.validators.abaroutevalidator.Test_AbaRouteValidator_13b" time="0.026"/>
  <testcase name="testAbaNumberCheck_28024_bad" classname="com.cardatechnologies.utils.validators.abaroutevalidator.Test_AbaRouteValidator_13b" time="0.02"/>
  <testcase name="testAbaNumberCheck_27212_bad" classname="com.cardatechnologies.utils.validators.abaroutevalidator.Test_AbaRouteValidator_13b" time="0.017"/>
  <testcase name="testAbaNumberCheck_28026_bad" classname="com.cardatechnologies.utils.validators.abaroutevalidator.Test_AbaRouteValidator_13b" time="0.018"/>
  <testcase name="testAbaNumberCheck_27763_good" classname="com.cardatechnologies.utils.validators.abaroutevalidator.Test_AbaRouteValidator_13b" time="0.018"/>
  <testcase name="testAbaNumberCheck_27214_bad" classname="com.cardatechnologies.utils.validators.abaroutevalidator.Test_AbaRouteValidator_13b" time="0.018"/>
  <testcase name="testAbaNumberCheck_28028_bad" classname="com.cardatechnologies.utils.validators.abaroutevalidator.Test_AbaRouteValidator_13b" time="0.019"/>
  <testcase name="testAbaNumberCheck_27216_bad" classname="com.cardatechnologies.utils.validators.abaroutevalidator.Test_AbaRouteValidator_13b" time="0.019"/>
  <testcase name="testAbaNumberCheck_28577_good" classname="com.cardatechnologies.utils.validators.abaroutevalidator.Test_AbaRouteValidator_13b" time="0.018"/>
  <testcase name="testAbaNumberCheck_27637_good" classname="com.cardatechnologies.utils.validators.abaroutevalidator.Test_AbaRouteValidator_13b" time="0.019"/>
  <testcase name="testAbaNumberCheck_27218_bad" classname="com.cardatechnologies.utils.validators.abaroutevalidator.Test_AbaRouteValidator_13b" time="0.02"/>
  <testcase name="testAbaNumberCheck_27475_good" classname="com.cardatechnologies.utils.validators.abaroutevalidator.Test_AbaRouteValidator_13b" time="0.019"/>
  <testcase name="testAbaNumberCheck_28289_good" classname="com.cardatechnologies.utils.validators.abaroutevalidator.Test_AbaRouteValidator_13b" time="0.021"/>
  <testcase name="testAbaNumberCheck_27349_good" classname="com.cardatechnologies.utils.validators.abaroutevalidator.Test_AbaRouteValidator_13b" time="0.019"/>
  <testcase name="testAbaNumberCheck_29887_good" classname="com.cardatechnologies.utils.validators.abaroutevalidator.Test_AbaRouteValidator_13b" time="0.02"/>
  <testcase name="testAbaNumberCheck_28947_good" classname="com.cardatechnologies.utils.validators.abaroutevalidator.Test_AbaRouteValidator_13b" time="0.023"/>
  <testcase name="testAbaNumberCheck_27971_good" classname="com.cardatechnologies.utils.validators.abaroutevalidator.Test_AbaRouteValidator_13b" time="0.023"/>
  <testcase name="testAbaNumberCheck_28030_bad" classname="com.cardatechnologies.utils.validators.abaroutevalidator.Test_AbaRouteValidator_13b" time="0.018"/>
  <testcase name="testAbaNumberCheck_28032_bad" classname="com.cardatechnologies.utils.validators.abaroutevalidator.Test_AbaRouteValidator_13b" time="0.018"/>
  <testcase name="testAbaNumberCheck_28785_good" classname="com.cardatechnologies.utils.validators.abaroutevalidator.Test_AbaRouteValidator_13b" time="0.018"/>
  <testcase name="testAbaNumberCheck_27845_good" classname="com.cardatechnologies.utils.validators.abaroutevalidator.Test_AbaRouteValidator_13b" time="0.017"/>
  <testcase name="testAbaNumberCheck_27220_bad" classname="com.cardatechnologies.utils.validators.abaroutevalidator.Test_AbaRouteValidator_13b" time="0.018"/>
  <testcase name="testAbaNumberCheck_28034_bad" classname="com.cardatechnologies.utils.validators.abaroutevalidator.Test_AbaRouteValidator_13b" time="0.018"/>
  <testcase name="testAbaNumberCheck_27222_bad" classname="com.cardatechnologies.utils.validators.abaroutevalidator.Test_AbaRouteValidator_13b" time="0.029"/>
  <testcase name="testAbaNumberCheck_28036_bad" classname="com.cardatechnologies.utils.validators.abaroutevalidator.Test_AbaRouteValidator_13b" time="0.018"/>
  <testcase name="testAbaNumberCheck_29599_good" classname="com.cardatechnologies.utils.validators.abaroutevalidator.Test_AbaRouteValidator_13b" time="0.018"/>
  <testcase name="testAbaNumberCheck_28659_good" classname="com.cardatechnologies.utils.validators.abaroutevalidator.Test_AbaRouteValidator_13b" time="0.018"/>
  <testcase name="testAbaNumberCheck_27719_good" classname="com.cardatechnologies.utils.validators.abaroutevalidator.Test_AbaRouteValidator_13b" time="0.017"/>
  <testcase name="testAbaNumberCheck_27224_bad" classname="com.cardatechnologies.utils.validators.abaroutevalidator.Test_AbaRouteValidator_13b" time="0.019"/>
  <testcase name="testAbaNumberCheck_28038_bad" classname="com.cardatechnologies.utils.validators.abaroutevalidator.Test_AbaRouteValidator_13b" time="0.018"/>
  <testcase name="testAbaNumberCheck_27226_bad" classname="com.cardatechnologies.utils.validators.abaroutevalidator.Test_AbaRouteValidator_13b" time="0.018"/>
  <testcase name="testAbaNumberCheck_27683_good" classname="com.cardatechnologies.utils.validators.abaroutevalidator.Test_AbaRouteValidator_13b" time="0.017"/>
  <testcase name="testAbaNumberCheck_27228_bad" classname="com.cardatechnologies.utils.validators.abaroutevalidator.Test_AbaRouteValidator_13b" time="0.018"/>
  <testcase name="testAbaNumberCheck_28497_good" classname="com.cardatechnologies.utils.validators.abaroutevalidator.Test_AbaRouteValidator_13b" time="0.018"/>
  <testcase name="testAbaNumberCheck_27557_good" classname="com.cardatechnologies.utils.validators.abaroutevalidator.Test_AbaRouteValidator_13b" time="0.017"/>
  <testcase name="testAbaNumberCheck_29969_good" classname="com.cardatechnologies.utils.validators.abaroutevalidator.Test_AbaRouteValidator_13b" time="0.018"/>
  <testcase name="testAbaNumberCheck_27395_good" classname="com.cardatechnologies.utils.validators.abaroutevalidator.Test_AbaRouteValidator_13b" time="0.017"/>
  <testcase name="testAbaNumberCheck_28993_good" classname="com.cardatechnologies.utils.validators.abaroutevalidator.Test_AbaRouteValidator_13b" time="0.017"/>
  <testcase name="testAbaNumberCheck_29300_bad" classname="com.cardatechnologies.utils.validators.abaroutevalidator.Test_AbaRouteValidator_13b" time="0.018"/>
  <testcase name="testAbaNumberCheck_27269_good" classname="com.cardatechnologies.utils.validators.abaroutevalidator.Test_AbaRouteValidator_13b" time="0.018"/>
  <testcase name="testAbaNumberCheck_29302_bad" classname="com.cardatechnologies.utils.validators.abaroutevalidator.Test_AbaRouteValidator_13b" time="0.018"/>
  <testcase name="testAbaNumberCheck_28867_good" classname="com.cardatechnologies.utils.validators.abaroutevalidator.Test_AbaRouteValidator_13b" time="0.017"/>
  <testcase name="testAbaNumberCheck_27927_good" classname="com.cardatechnologies.utils.validators.abaroutevalidator.Test_AbaRouteValidator_13b" time="0.019"/>
  <testcase name="testAbaNumberCheck_29304_bad" classname="com.cardatechnologies.utils.validators.abaroutevalidator.Test_AbaRouteValidator_13b" time="0.017"/>
  <testcase name="testAbaNumberCheck_28040_bad" classname="com.cardatechnologies.utils.validators.abaroutevalidator.Test_AbaRouteValidator_13b" time="0.026"/>
  <testcase name="testAbaNumberCheck_29306_bad" classname="com.cardatechnologies.utils.validators.abaroutevalidator.Test_AbaRouteValidator_13b" time="0.018"/>
  <testcase name="testAbaNumberCheck_27891_good" classname="com.cardatechnologies.utils.validators.abaroutevalidator.Test_AbaRouteValidator_13b" time="0.019"/>
  <testcase name="testAbaNumberCheck_28042_bad" classname="com.cardatechnologies.utils.validators.abaroutevalidator.Test_AbaRouteValidator_13b" time="0.018"/>
  <testcase name="testAbaNumberCheck_29308_bad" classname="com.cardatechnologies.utils.validators.abaroutevalidator.Test_AbaRouteValidator_13b" time="0.018"/>
  <testcase name="testAbaNumberCheck_27230_bad" classname="com.cardatechnologies.utils.validators.abaroutevalidator.Test_AbaRouteValidator_13b" time="0.018"/>
  <testcase name="testAbaNumberCheck_28044_bad" classname="com.cardatechnologies.utils.validators.abaroutevalidator.Test_AbaRouteValidator_13b" time="0.018"/>
  <testcase name="testAbaNumberCheck_27232_bad" classname="com.cardatechnologies.utils.validators.abaroutevalidator.Test_AbaRouteValidator_13b" time="0.024"/>
  <testcase name="testAbaNumberCheck_28046_bad" classname="com.cardatechnologies.utils.validators.abaroutevalidator.Test_AbaRouteValidator_13b" time="0.018"/>
  <testcase name="testAbaNumberCheck_27765_good" classname="com.cardatechnologies.utils.validators.abaroutevalidator.Test_AbaRouteValidator_13b" time="0.018"/>
  <testcase name="testAbaNumberCheck_27234_bad" classname="com.cardatechnologies.utils.validators.abaroutevalidator.Test_AbaRouteValidator_13b" time="0.018"/>
  <testcase name="testAbaNumberCheck_28048_bad" classname="com.cardatechnologies.utils.validators.abaroutevalidator.Test_AbaRouteValidator_13b" time="0.018"/>
  <testcase name="testAbaNumberCheck_27236_bad" classname="com.cardatechnologies.utils.validators.abaroutevalidator.Test_AbaRouteValidator_13b" time="0.018"/>
  <testcase name="testAbaNumberCheck_28579_good" classname="com.cardatechnologies.utils.validators.abaroutevalidator.Test_AbaRouteValidator_13b" time="0.018"/>
  <testcase name="testAbaNumberCheck_27639_good" classname="com.cardatechnologies.utils.validators.abaroutevalidator.Test_AbaRouteValidator_13b" time="0.018"/>
  <testcase name="testAbaNumberCheck_27238_bad" classname="com.cardatechnologies.utils.validators.abaroutevalidator.Test_AbaRouteValidator_13b" time="0.018"/>
  <testcase name="testAbaNumberCheck_27477_good" classname="com.cardatechnologies.utils.validators.abaroutevalidator.Test_AbaRouteValidator_13b" time="0.018"/>
  <testcase name="testAbaNumberCheck_29889_good" classname="com.cardatechnologies.utils.validators.abaroutevalidator.Test_AbaRouteValidator_13b" time="0.025"/>
  <testcase name="testAbaNumberCheck_28949_good" classname="com.cardatechnologies.utils.validators.abaroutevalidator.Test_AbaRouteValidator_13b" time="0.017"/>
  <testcase name="testAbaNumberCheck_29310_bad" classname="com.cardatechnologies.utils.validators.abaroutevalidator.Test_AbaRouteValidator_13b" time="0.019"/>
  <testcase name="testAbaNumberCheck_29312_bad" classname="com.cardatechnologies.utils.validators.abaroutevalidator.Test_AbaRouteValidator_13b" time="0.018"/>
  <testcase name="testAbaNumberCheck_27973_good" classname="com.cardatechnologies.utils.validators.abaroutevalidator.Test_AbaRouteValidator_13b" time="0.018"/>
  <testcase name="testAbaNumberCheck_28500_bad" classname="com.cardatechnologies.utils.validators.abaroutevalidator.Test_AbaRouteValidator_13b" time="0.02"/>
  <testcase name="testAbaNumberCheck_29314_bad" classname="com.cardatechnologies.utils.validators.abaroutevalidator.Test_AbaRouteValidator_13b" time="0.017"/>
  <testcase name="testAbaNumberCheck_28050_bad" classname="com.cardatechnologies.utils.validators.abaroutevalidator.Test_AbaRouteValidator_13b" time="0.019"/>
  <testcase name="testAbaNumberCheck_28502_bad" classname="com.cardatechnologies.utils.validators.abaroutevalidator.Test_AbaRouteValidator_13b" time="0.018"/>
  <testcase name="testAbaNumberCheck_29316_bad" classname="com.cardatechnologies.utils.validators.abaroutevalidator.Test_AbaRouteValidator_13b" time="0.018"/>
  <testcase name="testAbaNumberCheck_28052_bad" classname="com.cardatechnologies.utils.validators.abaroutevalidator.Test_AbaRouteValidator_13b" time="0.022"/>
  <testcase name="testAbaNumberCheck_28787_good" classname="com.cardatechnologies.utils.validators.abaroutevalidator.Test_AbaRouteValidator_13b" time="0.021"/>
  <testcase name="testAbaNumberCheck_27847_good" classname="com.cardatechnologies.utils.validators.abaroutevalidator.Test_AbaRouteValidator_13b" time="0.018"/>
  <testcase name="testAbaNumberCheck_28504_bad" classname="com.cardatechnologies.utils.validators.abaroutevalidator.Test_AbaRouteValidator_13b" time="0.018"/>
  <testcase name="testAbaNumberCheck_29318_bad" classname="com.cardatechnologies.utils.validators.abaroutevalidator.Test_AbaRouteValidator_13b" time="0.019"/>
  <testcase name="testAbaNumberCheck_27240_bad" classname="com.cardatechnologies.utils.validators.abaroutevalidator.Test_AbaRouteValidator_13b" time="0.018"/>
  <testcase name="testAbaNumberCheck_28054_bad" classname="com.cardatechnologies.utils.validators.abaroutevalidator.Test_AbaRouteValidator_13b" time="0.018"/>
  <testcase name="testAbaNumberCheck_28506_bad" classname="com.cardatechnologies.utils.validators.abaroutevalidator.Test_AbaRouteValidator_13b" time="0.017"/>
  <testcase name="testAbaNumberCheck_27242_bad" classname="com.cardatechnologies.utils.validators.abaroutevalidator.Test_AbaRouteValidator_13b" time="0.028"/>
  <testcase name="testAbaNumberCheck_28056_bad" classname="com.cardatechnologies.utils.validators.abaroutevalidator.Test_AbaRouteValidator_13b" time="0.019"/>
  <testcase name="testAbaNumberCheck_28508_bad" classname="com.cardatechnologies.utils.validators.abaroutevalidator.Test_AbaRouteValidator_13b" time="0.018"/>
  <testcase name="testAbaNumberCheck_27244_bad" classname="com.cardatechnologies.utils.validators.abaroutevalidator.Test_AbaRouteValidator_13b" time="0.018"/>
  <testcase name="testAbaNumberCheck_28058_bad" classname="com.cardatechnologies.utils.validators.abaroutevalidator.Test_AbaRouteValidator_13b" time="0.018"/>
  <testcase name="testAbaNumberCheck_27246_bad" classname="com.cardatechnologies.utils.validators.abaroutevalidator.Test_AbaRouteValidator_13b" time="0.018"/>
  <testcase name="testAbaNumberCheck_27685_good" classname="com.cardatechnologies.utils.validators.abaroutevalidator.Test_AbaRouteValidator_13b" time="0.018"/>
  <testcase name="testAbaNumberCheck_27248_bad" classname="com.cardatechnologies.utils.validators.abaroutevalidator.Test_AbaRouteValidator_13b" time="0.018"/>
  <testcase name="testAbaNumberCheck_28499_good" classname="com.cardatechnologies.utils.validators.abaroutevalidator.Test_AbaRouteValidator_13b" time="0.018"/>
  <testcase name="testAbaNumberCheck_27559_good" classname="com.cardatechnologies.utils.validators.abaroutevalidator.Test_AbaRouteValidator_13b" time="0.017"/>
  <testcase name="testAbaNumberCheck_27397_good" classname="com.cardatechnologies.utils.validators.abaroutevalidator.Test_AbaRouteValidator_13b" time="0.019"/>
  <testcase name="testAbaNumberCheck_28995_good" classname="com.cardatechnologies.utils.validators.abaroutevalidator.Test_AbaRouteValidator_13b" time="0.018"/>
  <testcase name="testAbaNumberCheck_29320_bad" classname="com.cardatechnologies.utils.validators.abaroutevalidator.Test_AbaRouteValidator_13b" time="0.018"/>
  <testcase name="testAbaNumberCheck_29322_bad" classname="com.cardatechnologies.utils.validators.abaroutevalidator.Test_AbaRouteValidator_13b" time="0.017"/>
  <testcase name="testAbaNumberCheck_28869_good" classname="com.cardatechnologies.utils.validators.abaroutevalidator.Test_AbaRouteValidator_13b" time="0.018"/>
  <testcase name="testAbaNumberCheck_27929_good" classname="com.cardatechnologies.utils.validators.abaroutevalidator.Test_AbaRouteValidator_13b" time="0.018"/>
  <testcase name="testAbaNumberCheck_28510_bad" classname="com.cardatechnologies.utils.validators.abaroutevalidator.Test_AbaRouteValidator_13b" time="0.018"/>
  <testcase name="testAbaNumberCheck_29324_bad" classname="com.cardatechnologies.utils.validators.abaroutevalidator.Test_AbaRouteValidator_13b" time="0.018"/>
  <testcase name="testAbaNumberCheck_28060_bad" classname="com.cardatechnologies.utils.validators.abaroutevalidator.Test_AbaRouteValidator_13b" time="0.017"/>
  <testcase name="testAbaNumberCheck_28512_bad" classname="com.cardatechnologies.utils.validators.abaroutevalidator.Test_AbaRouteValidator_13b" time="0.019"/>
  <testcase name="testAbaNumberCheck_29326_bad" classname="com.cardatechnologies.utils.validators.abaroutevalidator.Test_AbaRouteValidator_13b" time="0.022"/>
  <testcase name="testAbaNumberCheck_27893_good" classname="com.cardatechnologies.utils.validators.abaroutevalidator.Test_AbaRouteValidator_13b" time="0.021"/>
  <testcase name="testAbaNumberCheck_28062_bad" classname="com.cardatechnologies.utils.validators.abaroutevalidator.Test_AbaRouteValidator_13b" time="0.018"/>
  <testcase name="testAbaNumberCheck_27700_bad" classname="com.cardatechnologies.utils.validators.abaroutevalidator.Test_AbaRouteValidator_13b" time="0.017"/>
  <testcase name="testAbaNumberCheck_28514_bad" classname="com.cardatechnologies.utils.validators.abaroutevalidator.Test_AbaRouteValidator_13b" time="0.018"/>
  <testcase name="testAbaNumberCheck_29328_bad" classname="com.cardatechnologies.utils.validators.abaroutevalidator.Test_AbaRouteValidator_13b" time="0.017"/>
  <testcase name="testAbaNumberCheck_27250_bad" classname="com.cardatechnologies.utils.validators.abaroutevalidator.Test_AbaRouteValidator_13b" time="0.018"/>
  <testcase name="testAbaNumberCheck_28064_bad" classname="com.cardatechnologies.utils.validators.abaroutevalidator.Test_AbaRouteValidator_13b" time="0.018"/>
  <testcase name="testAbaNumberCheck_27702_bad" classname="com.cardatechnologies.utils.validators.abaroutevalidator.Test_AbaRouteValidator_13b" time="0.025"/>
  <testcase name="testAbaNumberCheck_28516_bad" classname="com.cardatechnologies.utils.validators.abaroutevalidator.Test_AbaRouteValidator_13b" time="0.023"/>
  <testcase name="testAbaNumberCheck_27252_bad" classname="com.cardatechnologies.utils.validators.abaroutevalidator.Test_AbaRouteValidator_13b" time="0.022"/>
  <testcase name="testAbaNumberCheck_28066_bad" classname="com.cardatechnologies.utils.validators.abaroutevalidator.Test_AbaRouteValidator_13b" time="0.02"/>
  <testcase name="testAbaNumberCheck_27767_good" classname="com.cardatechnologies.utils.validators.abaroutevalidator.Test_AbaRouteValidator_13b" time="0.018"/>
  <testcase name="testAbaNumberCheck_27704_bad" classname="com.cardatechnologies.utils.validators.abaroutevalidator.Test_AbaRouteValidator_13b" time="0.019"/>
  <testcase name="testAbaNumberCheck_28518_bad" classname="com.cardatechnologies.utils.validators.abaroutevalidator.Test_AbaRouteValidator_13b" time="0.022"/>
  <testcase name="testAbaNumberCheck_27254_bad" classname="com.cardatechnologies.utils.validators.abaroutevalidator.Test_AbaRouteValidator_13b" time="0.023"/>
  <testcase name="testAbaNumberCheck_28068_bad" classname="com.cardatechnologies.utils.validators.abaroutevalidator.Test_AbaRouteValidator_13b" time="0.026"/>
  <testcase name="testAbaNumberCheck_27706_bad" classname="com.cardatechnologies.utils.validators.abaroutevalidator.Test_AbaRouteValidator_13b" time="0.02"/>
  <testcase name="testAbaNumberCheck_27256_bad" classname="com.cardatechnologies.utils.validators.abaroutevalidator.Test_AbaRouteValidator_13b" time="0.019"/>
  <testcase name="testAbaNumberCheck_27708_bad" classname="com.cardatechnologies.utils.validators.abaroutevalidator.Test_AbaRouteValidator_13b" time="0.021"/>
  <testcase name="testAbaNumberCheck_27258_bad" classname="com.cardatechnologies.utils.validators.abaroutevalidator.Test_AbaRouteValidator_13b" time="0.019"/>
  <testcase name="testAbaNumberCheck_27479_good" classname="com.cardatechnologies.utils.validators.abaroutevalidator.Test_AbaRouteValidator_13b" time="0.021"/>
  <testcase name="testAbaNumberCheck_29330_bad" classname="com.cardatechnologies.utils.validators.abaroutevalidator.Test_AbaRouteValidator_13b" time="0.028"/>
  <testcase name="testAbaNumberCheck_29332_bad" classname="com.cardatechnologies.utils.validators.abaroutevalidator.Test_AbaRouteValidator_13b" time="0.021"/>
  <testcase name="testAbaNumberCheck_27975_good" classname="com.cardatechnologies.utils.validators.abaroutevalidator.Test_AbaRouteValidator_13b" time="0.018"/>
  <testcase name="testAbaNumberCheck_28520_bad" classname="com.cardatechnologies.utils.validators.abaroutevalidator.Test_AbaRouteValidator_13b" time="0.018"/>
  <testcase name="testAbaNumberCheck_29334_bad" classname="com.cardatechnologies.utils.validators.abaroutevalidator.Test_AbaRouteValidator_13b" time="0.026"/>
  <testcase name="testAbaNumberCheck_28070_bad" classname="com.cardatechnologies.utils.validators.abaroutevalidator.Test_AbaRouteValidator_13b" time="0.021"/>
  <testcase name="testAbaNumberCheck_28522_bad" classname="com.cardatechnologies.utils.validators.abaroutevalidator.Test_AbaRouteValidator_13b" time="0.018"/>
  <testcase name="testAbaNumberCheck_29336_bad" classname="com.cardatechnologies.utils.validators.abaroutevalidator.Test_AbaRouteValidator_13b" time="0.018"/>
  <testcase name="testAbaNumberCheck_28072_bad" classname="com.cardatechnologies.utils.validators.abaroutevalidator.Test_AbaRouteValidator_13b" time="0.02"/>
  <testcase name="testAbaNumberCheck_28789_good" classname="com.cardatechnologies.utils.validators.abaroutevalidator.Test_AbaRouteValidator_13b" time="0.019"/>
  <testcase name="testAbaNumberCheck_27849_good" classname="com.cardatechnologies.utils.validators.abaroutevalidator.Test_AbaRouteValidator_13b" time="0.021"/>
  <testcase name="testAbaNumberCheck_27710_bad" classname="com.cardatechnologies.utils.validators.abaroutevalidator.Test_AbaRouteValidator_13b" time="0.027"/>
  <testcase name="testAbaNumberCheck_28524_bad" classname="com.cardatechnologies.utils.validators.abaroutevalidator.Test_AbaRouteValidator_13b" time="0.021"/>
  <testcase name="testAbaNumberCheck_29338_bad" classname="com.cardatechnologies.utils.validators.abaroutevalidator.Test_AbaRouteValidator_13b" time="0.019"/>
  <testcase name="testAbaNumberCheck_27260_bad" classname="com.cardatechnologies.utils.validators.abaroutevalidator.Test_AbaRouteValidator_13b" time="0.021"/>
  <testcase name="testAbaNumberCheck_28074_bad" classname="com.cardatechnologies.utils.validators.abaroutevalidator.Test_AbaRouteValidator_13b" time="0.02"/>
  <testcase name="testAbaNumberCheck_27712_bad" classname="com.cardatechnologies.utils.validators.abaroutevalidator.Test_AbaRouteValidator_13b" time="0.02"/>
  <testcase name="testAbaNumberCheck_28526_bad" classname="com.cardatechnologies.utils.validators.abaroutevalidator.Test_AbaRouteValidator_13b" time="0.02"/>
  <testcase name="testAbaNumberCheck_27262_bad" classname="com.cardatechnologies.utils.validators.abaroutevalidator.Test_AbaRouteValidator_13b" time="0.02"/>
  <testcase name="testAbaNumberCheck_28076_bad" classname="com.cardatechnologies.utils.validators.abaroutevalidator.Test_AbaRouteValidator_13b" time="0.021"/>
  <testcase name="testAbaNumberCheck_27714_bad" classname="com.cardatechnologies.utils.validators.abaroutevalidator.Test_AbaRouteValidator_13b" time="0.02"/>
  <testcase name="testAbaNumberCheck_28528_bad" classname="com.cardatechnologies.utils.validators.abaroutevalidator.Test_AbaRouteValidator_13b" time="0.02"/>
  <testcase name="testAbaNumberCheck_27264_bad" classname="com.cardatechnologies.utils.validators.abaroutevalidator.Test_AbaRouteValidator_13b" time="0.02"/>
  <testcase name="testAbaNumberCheck_28078_bad" classname="com.cardatechnologies.utils.validators.abaroutevalidator.Test_AbaRouteValidator_13b" time="0.02"/>
  <testcase name="testAbaNumberCheck_27716_bad" classname="com.cardatechnologies.utils.validators.abaroutevalidator.Test_AbaRouteValidator_13b" time="0.021"/>
  <testcase name="testAbaNumberCheck_27266_bad" classname="com.cardatechnologies.utils.validators.abaroutevalidator.Test_AbaRouteValidator_13b" time="0.02"/>
  <testcase name="testAbaNumberCheck_27687_good" classname="com.cardatechnologies.utils.validators.abaroutevalidator.Test_AbaRouteValidator_13b" time="0.021"/>
  <testcase name="testAbaNumberCheck_27718_bad" classname="com.cardatechnologies.utils.validators.abaroutevalidator.Test_AbaRouteValidator_13b" time="0.017"/>
  <testcase name="testAbaNumberCheck_27268_bad" classname="com.cardatechnologies.utils.validators.abaroutevalidator.Test_AbaRouteValidator_13b" time="0.018"/>
  <testcase name="testAbaNumberCheck_27399_good" classname="com.cardatechnologies.utils.validators.abaroutevalidator.Test_AbaRouteValidator_13b" time="0.022"/>
  <testcase name="testAbaNumberCheck_28997_good" classname="com.cardatechnologies.utils.validators.abaroutevalidator.Test_AbaRouteValidator_13b" time="0.021"/>
  <testcase name="testAbaNumberCheck_29340_bad" classname="com.cardatechnologies.utils.validators.abaroutevalidator.Test_AbaRouteValidator_13b" time="0.019"/>
  <testcase name="testAbaNumberCheck_29342_bad" classname="com.cardatechnologies.utils.validators.abaroutevalidator.Test_AbaRouteValidator_13b" time="0.017"/>
  <testcase name="testAbaNumberCheck_28530_bad" classname="com.cardatechnologies.utils.validators.abaroutevalidator.Test_AbaRouteValidator_13b" time="0.019"/>
  <testcase name="testAbaNumberCheck_29344_bad" classname="com.cardatechnologies.utils.validators.abaroutevalidator.Test_AbaRouteValidator_13b" time="0.019"/>
  <testcase name="testAbaNumberCheck_28080_bad" classname="com.cardatechnologies.utils.validators.abaroutevalidator.Test_AbaRouteValidator_13b" time="0.019"/>
  <testcase name="testAbaNumberCheck_28532_bad" classname="com.cardatechnologies.utils.validators.abaroutevalidator.Test_AbaRouteValidator_13b" time="0.019"/>
  <testcase name="testAbaNumberCheck_29346_bad" classname="com.cardatechnologies.utils.validators.abaroutevalidator.Test_AbaRouteValidator_13b" time="0.027"/>
  <testcase name="testAbaNumberCheck_27895_good" classname="com.cardatechnologies.utils.validators.abaroutevalidator.Test_AbaRouteValidator_13b" time="0.018"/>
  <testcase name="testAbaNumberCheck_28082_bad" classname="com.cardatechnologies.utils.validators.abaroutevalidator.Test_AbaRouteValidator_13b" time="0.018"/>
  <testcase name="testAbaNumberCheck_27720_bad" classname="com.cardatechnologies.utils.validators.abaroutevalidator.Test_AbaRouteValidator_13b" time="0.018"/>
  <testcase name="testAbaNumberCheck_28534_bad" classname="com.cardatechnologies.utils.validators.abaroutevalidator.Test_AbaRouteValidator_13b" time="0.019"/>
  <testcase name="testAbaNumberCheck_29348_bad" classname="com.cardatechnologies.utils.validators.abaroutevalidator.Test_AbaRouteValidator_13b" time="0.018"/>
  <testcase name="testAbaNumberCheck_27270_bad" classname="com.cardatechnologies.utils.validators.abaroutevalidator.Test_AbaRouteValidator_13b" time="0.019"/>
  <testcase name="testAbaNumberCheck_28084_bad" classname="com.cardatechnologies.utils.validators.abaroutevalidator.Test_AbaRouteValidator_13b" time="0.018"/>
  <testcase name="testAbaNumberCheck_27722_bad" classname="com.cardatechnologies.utils.validators.abaroutevalidator.Test_AbaRouteValidator_13b" time="0.018"/>
  <testcase name="testAbaNumberCheck_28536_bad" classname="com.cardatechnologies.utils.validators.abaroutevalidator.Test_AbaRouteValidator_13b" time="0.019"/>
  <testcase name="testAbaNumberCheck_27272_bad" classname="com.cardatechnologies.utils.validators.abaroutevalidator.Test_AbaRouteValidator_13b" time="0.02"/>
  <testcase name="testAbaNumberCheck_28086_bad" classname="com.cardatechnologies.utils.validators.abaroutevalidator.Test_AbaRouteValidator_13b" time="0.019"/>
  <testcase name="testAbaNumberCheck_27769_good" classname="com.cardatechnologies.utils.validators.abaroutevalidator.Test_AbaRouteValidator_13b" time="0.021"/>
  <testcase name="testAbaNumberCheck_27724_bad" classname="com.cardatechnologies.utils.validators.abaroutevalidator.Test_AbaRouteValidator_13b" time="0.02"/>
  <testcase name="testAbaNumberCheck_28538_bad" classname="com.cardatechnologies.utils.validators.abaroutevalidator.Test_AbaRouteValidator_13b" time="0.02"/>
  <testcase name="testAbaNumberCheck_27274_bad" classname="com.cardatechnologies.utils.validators.abaroutevalidator.Test_AbaRouteValidator_13b" time="0.02"/>
  <testcase name="testAbaNumberCheck_28088_bad" classname="com.cardatechnologies.utils.validators.abaroutevalidator.Test_AbaRouteValidator_13b" time="0.02"/>
  <testcase name="testAbaNumberCheck_27726_bad" classname="com.cardatechnologies.utils.validators.abaroutevalidator.Test_AbaRouteValidator_13b" time="0.02"/>
  <testcase name="testAbaNumberCheck_27276_bad" classname="com.cardatechnologies.utils.validators.abaroutevalidator.Test_AbaRouteValidator_13b" time="0.019"/>
  <testcase name="testAbaNumberCheck_27728_bad" classname="com.cardatechnologies.utils.validators.abaroutevalidator.Test_AbaRouteValidator_13b" time="0.023"/>
  <testcase name="testAbaNumberCheck_27278_bad" classname="com.cardatechnologies.utils.validators.abaroutevalidator.Test_AbaRouteValidator_13b" time="0.022"/>
  <testcase name="testAbaNumberCheck_29800_bad" classname="com.cardatechnologies.utils.validators.abaroutevalidator.Test_AbaRouteValidator_13b" time="0.018"/>
  <testcase name="testAbaNumberCheck_29350_bad" classname="com.cardatechnologies.utils.validators.abaroutevalidator.Test_AbaRouteValidator_13b" time="0.018"/>
  <testcase name="testAbaNumberCheck_29802_bad" classname="com.cardatechnologies.utils.validators.abaroutevalidator.Test_AbaRouteValidator_13b" time="0.02"/>
  <testcase name="testAbaNumberCheck_29352_bad" classname="com.cardatechnologies.utils.validators.abaroutevalidator.Test_AbaRouteValidator_13b" time="0.023"/>
  <testcase name="testAbaNumberCheck_27977_good" classname="com.cardatechnologies.utils.validators.abaroutevalidator.Test_AbaRouteValidator_13b" time="0.018"/>
  <testcase name="testAbaNumberCheck_29804_bad" classname="com.cardatechnologies.utils.validators.abaroutevalidator.Test_AbaRouteValidator_13b" time="0.027"/>
  <testcase name="testAbaNumberCheck_28540_bad" classname="com.cardatechnologies.utils.validators.abaroutevalidator.Test_AbaRouteValidator_13b" time="0.021"/>
  <testcase name="testAbaNumberCheck_29354_bad" classname="com.cardatechnologies.utils.validators.abaroutevalidator.Test_AbaRouteValidator_13b" time="0.018"/>
  <testcase name="testAbaNumberCheck_28090_bad" classname="com.cardatechnologies.utils.validators.abaroutevalidator.Test_AbaRouteValidator_13b" time="0.019"/>
  <testcase name="testAbaNumberCheck_29806_bad" classname="com.cardatechnologies.utils.validators.abaroutevalidator.Test_AbaRouteValidator_13b" time="0.019"/>
  <testcase name="testAbaNumberCheck_28542_bad" classname="com.cardatechnologies.utils.validators.abaroutevalidator.Test_AbaRouteValidator_13b" time="0.018"/>
  <testcase name="testAbaNumberCheck_29356_bad" classname="com.cardatechnologies.utils.validators.abaroutevalidator.Test_AbaRouteValidator_13b" time="0.018"/>
  <testcase name="testAbaNumberCheck_28092_bad" classname="com.cardatechnologies.utils.validators.abaroutevalidator.Test_AbaRouteValidator_13b" time="0.018"/>
  <testcase name="testAbaNumberCheck_29808_bad" classname="com.cardatechnologies.utils.validators.abaroutevalidator.Test_AbaRouteValidator_13b" time="0.019"/>
  <testcase name="testAbaNumberCheck_27730_bad" classname="com.cardatechnologies.utils.validators.abaroutevalidator.Test_AbaRouteValidator_13b" time="0.018"/>
  <testcase name="testAbaNumberCheck_28544_bad" classname="com.cardatechnologies.utils.validators.abaroutevalidator.Test_AbaRouteValidator_13b" time="0.019"/>
  <testcase name="testAbaNumberCheck_29358_bad" classname="com.cardatechnologies.utils.validators.abaroutevalidator.Test_AbaRouteValidator_13b" time="0.018"/>
  <testcase name="testAbaNumberCheck_27280_bad" classname="com.cardatechnologies.utils.validators.abaroutevalidator.Test_AbaRouteValidator_13b" time="0.02"/>
  <testcase name="testAbaNumberCheck_28094_bad" classname="com.cardatechnologies.utils.validators.abaroutevalidator.Test_AbaRouteValidator_13b" time="0.018"/>
  <testcase name="testAbaNumberCheck_27732_bad" classname="com.cardatechnologies.utils.validators.abaroutevalidator.Test_AbaRouteValidator_13b" time="0.019"/>
  <testcase name="testAbaNumberCheck_28546_bad" classname="com.cardatechnologies.utils.validators.abaroutevalidator.Test_AbaRouteValidator_13b" time="0.019"/>
  <testcase name="testAbaNumberCheck_27282_bad" classname="com.cardatechnologies.utils.validators.abaroutevalidator.Test_AbaRouteValidator_13b" time="0.018"/>
  <testcase name="testAbaNumberCheck_28096_bad" classname="com.cardatechnologies.utils.validators.abaroutevalidator.Test_AbaRouteValidator_13b" time="0.018"/>
  <testcase name="testAbaNumberCheck_27734_bad" classname="com.cardatechnologies.utils.validators.abaroutevalidator.Test_AbaRouteValidator_13b" time="0.019"/>
  <testcase name="testAbaNumberCheck_28548_bad" classname="com.cardatechnologies.utils.validators.abaroutevalidator.Test_AbaRouteValidator_13b" time="0.018"/>
  <testcase name="testAbaNumberCheck_27284_bad" classname="com.cardatechnologies.utils.validators.abaroutevalidator.Test_AbaRouteValidator_13b" time="0.023"/>
  <testcase name="testAbaNumberCheck_28098_bad" classname="com.cardatechnologies.utils.validators.abaroutevalidator.Test_AbaRouteValidator_13b" time="0.021"/>
  <testcase name="testAbaNumberCheck_27736_bad" classname="com.cardatechnologies.utils.validators.abaroutevalidator.Test_AbaRouteValidator_13b" time="0.019"/>
  <testcase name="testAbaNumberCheck_27286_bad" classname="com.cardatechnologies.utils.validators.abaroutevalidator.Test_AbaRouteValidator_13b" time="0.018"/>
  <testcase name="testAbaNumberCheck_27689_good" classname="com.cardatechnologies.utils.validators.abaroutevalidator.Test_AbaRouteValidator_13b" time="0.018"/>
  <testcase name="testAbaNumberCheck_27738_bad" classname="com.cardatechnologies.utils.validators.abaroutevalidator.Test_AbaRouteValidator_13b" time="0.018"/>
  <testcase name="testAbaNumberCheck_27288_bad" classname="com.cardatechnologies.utils.validators.abaroutevalidator.Test_AbaRouteValidator_13b" time="0.02"/>
  <testcase name="testAbaNumberCheck_28999_good" classname="com.cardatechnologies.utils.validators.abaroutevalidator.Test_AbaRouteValidator_13b" time="0.022"/>
  <testcase name="testAbaNumberCheck_29810_bad" classname="com.cardatechnologies.utils.validators.abaroutevalidator.Test_AbaRouteValidator_13b" time="0.025"/>
  <testcase name="testAbaNumberCheck_29360_bad" classname="com.cardatechnologies.utils.validators.abaroutevalidator.Test_AbaRouteValidator_13b" time="0.018"/>
  <testcase name="testAbaNumberCheck_29812_bad" classname="com.cardatechnologies.utils.validators.abaroutevalidator.Test_AbaRouteValidator_13b" time="0.019"/>
  <testcase name="testAbaNumberCheck_29362_bad" classname="com.cardatechnologies.utils.validators.abaroutevalidator.Test_AbaRouteValidator_13b" time="0.019"/>
  <testcase name="testAbaNumberCheck_29814_bad" classname="com.cardatechnologies.utils.validators.abaroutevalidator.Test_AbaRouteValidator_13b" time="0.018"/>
  <testcase name="testAbaNumberCheck_28550_bad" classname="com.cardatechnologies.utils.validators.abaroutevalidator.Test_AbaRouteValidator_13b" time="0.018"/>
  <testcase name="testAbaNumberCheck_29364_bad" classname="com.cardatechnologies.utils.validators.abaroutevalidator.Test_AbaRouteValidator_13b" time="0.018"/>
  <testcase name="testAbaNumberCheck_29816_bad" classname="com.cardatechnologies.utils.validators.abaroutevalidator.Test_AbaRouteValidator_13b" time="0.018"/>
  <testcase name="testAbaNumberCheck_28552_bad" classname="com.cardatechnologies.utils.validators.abaroutevalidator.Test_AbaRouteValidator_13b" time="0.018"/>
  <testcase name="testAbaNumberCheck_29366_bad" classname="com.cardatechnologies.utils.validators.abaroutevalidator.Test_AbaRouteValidator_13b" time="0.017"/>
  <testcase name="testAbaNumberCheck_27897_good" classname="com.cardatechnologies.utils.validators.abaroutevalidator.Test_AbaRouteValidator_13b" time="0.017"/>
  <testcase name="testAbaNumberCheck_29818_bad" classname="com.cardatechnologies.utils.validators.abaroutevalidator.Test_AbaRouteValidator_13b" time="0.019"/>
  <testcase name="testAbaNumberCheck_27740_bad" classname="com.cardatechnologies.utils.validators.abaroutevalidator.Test_AbaRouteValidator_13b" time="0.018"/>
  <testcase name="testAbaNumberCheck_28554_bad" classname="com.cardatechnologies.utils.validators.abaroutevalidator.Test_AbaRouteValidator_13b" time="0.017"/>
  <testcase name="testAbaNumberCheck_29368_bad" classname="com.cardatechnologies.utils.validators.abaroutevalidator.Test_AbaRouteValidator_13b" time="0.018"/>
  <testcase name="testAbaNumberCheck_27290_bad" classname="com.cardatechnologies.utils.validators.abaroutevalidator.Test_AbaRouteValidator_13b" time="0.019"/>
  <testcase name="testAbaNumberCheck_27742_bad" classname="com.cardatechnologies.utils.validators.abaroutevalidator.Test_AbaRouteValidator_13b" time="0.018"/>
  <testcase name="testAbaNumberCheck_28556_bad" classname="com.cardatechnologies.utils.validators.abaroutevalidator.Test_AbaRouteValidator_13b" time="0.018"/>
  <testcase name="testAbaNumberCheck_27292_bad" classname="com.cardatechnologies.utils.validators.abaroutevalidator.Test_AbaRouteValidator_13b" time="0.019"/>
  <testcase name="testAbaNumberCheck_27744_bad" classname="com.cardatechnologies.utils.validators.abaroutevalidator.Test_AbaRouteValidator_13b" time="0.018"/>
  <testcase name="testAbaNumberCheck_28558_bad" classname="com.cardatechnologies.utils.validators.abaroutevalidator.Test_AbaRouteValidator_13b" time="0.025"/>
  <testcase name="testAbaNumberCheck_27294_bad" classname="com.cardatechnologies.utils.validators.abaroutevalidator.Test_AbaRouteValidator_13b" time="0.018"/>
  <testcase name="testAbaNumberCheck_27746_bad" classname="com.cardatechnologies.utils.validators.abaroutevalidator.Test_AbaRouteValidator_13b" time="0.018"/>
  <testcase name="testAbaNumberCheck_27296_bad" classname="com.cardatechnologies.utils.validators.abaroutevalidator.Test_AbaRouteValidator_13b" time="0.018"/>
  <testcase name="testAbaNumberCheck_27748_bad" classname="com.cardatechnologies.utils.validators.abaroutevalidator.Test_AbaRouteValidator_13b" time="0.018"/>
  <testcase name="testAbaNumberCheck_27298_bad" classname="com.cardatechnologies.utils.validators.abaroutevalidator.Test_AbaRouteValidator_13b" time="0.018"/>
  <testcase name="testAbaNumberCheck_29820_bad" classname="com.cardatechnologies.utils.validators.abaroutevalidator.Test_AbaRouteValidator_13b" time="0.018"/>
  <testcase name="testAbaNumberCheck_29370_bad" classname="com.cardatechnologies.utils.validators.abaroutevalidator.Test_AbaRouteValidator_13b" time="0.022"/>
  <testcase name="testAbaNumberCheck_29822_bad" classname="com.cardatechnologies.utils.validators.abaroutevalidator.Test_AbaRouteValidator_13b" time="0.023"/>
  <testcase name="testAbaNumberCheck_29372_bad" classname="com.cardatechnologies.utils.validators.abaroutevalidator.Test_AbaRouteValidator_13b" time="0.019"/>
  <testcase name="testAbaNumberCheck_27979_good" classname="com.cardatechnologies.utils.validators.abaroutevalidator.Test_AbaRouteValidator_13b" time="0.022"/>
  <testcase name="testAbaNumberCheck_29824_bad" classname="com.cardatechnologies.utils.validators.abaroutevalidator.Test_AbaRouteValidator_13b" time="0.018"/>
  <testcase name="testAbaNumberCheck_28560_bad" classname="com.cardatechnologies.utils.validators.abaroutevalidator.Test_AbaRouteValidator_13b" time="0.019"/>
  <testcase name="testAbaNumberCheck_29374_bad" classname="com.cardatechnologies.utils.validators.abaroutevalidator.Test_AbaRouteValidator_13b" time="0.017"/>
  <testcase name="testAbaNumberCheck_29826_bad" classname="com.cardatechnologies.utils.validators.abaroutevalidator.Test_AbaRouteValidator_13b" time="0.017"/>
  <testcase name="testAbaNumberCheck_28562_bad" classname="com.cardatechnologies.utils.validators.abaroutevalidator.Test_AbaRouteValidator_13b" time="0.018"/>
  <testcase name="testAbaNumberCheck_29376_bad" classname="com.cardatechnologies.utils.validators.abaroutevalidator.Test_AbaRouteValidator_13b" time="0.018"/>
  <testcase name="testAbaNumberCheck_29828_bad" classname="com.cardatechnologies.utils.validators.abaroutevalidator.Test_AbaRouteValidator_13b" time="0.019"/>
  <testcase name="testAbaNumberCheck_27750_bad" classname="com.cardatechnologies.utils.validators.abaroutevalidator.Test_AbaRouteValidator_13b" time="0.021"/>
  <testcase name="testAbaNumberCheck_28564_bad" classname="com.cardatechnologies.utils.validators.abaroutevalidator.Test_AbaRouteValidator_13b" time="0.021"/>
  <testcase name="testAbaNumberCheck_29378_bad" classname="com.cardatechnologies.utils.validators.abaroutevalidator.Test_AbaRouteValidator_13b" time="0.019"/>
  <testcase name="testAbaNumberCheck_27752_bad" classname="com.cardatechnologies.utils.validators.abaroutevalidator.Test_AbaRouteValidator_13b" time="0.019"/>
  <testcase name="testAbaNumberCheck_28566_bad" classname="com.cardatechnologies.utils.validators.abaroutevalidator.Test_AbaRouteValidator_13b" time="0.018"/>
  <testcase name="testAbaNumberCheck_27754_bad" classname="com.cardatechnologies.utils.validators.abaroutevalidator.Test_AbaRouteValidator_13b" time="0.019"/>
  <testcase name="testAbaNumberCheck_28568_bad" classname="com.cardatechnologies.utils.validators.abaroutevalidator.Test_AbaRouteValidator_13b" time="0.018"/>
  <testcase name="testAbaNumberCheck_27756_bad" classname="com.cardatechnologies.utils.validators.abaroutevalidator.Test_AbaRouteValidator_13b" time="0.018"/>
  <testcase name="testAbaNumberCheck_27758_bad" classname="com.cardatechnologies.utils.validators.abaroutevalidator.Test_AbaRouteValidator_13b" time="0.018"/>
  <testcase name="testAbaNumberCheck_29830_bad" classname="com.cardatechnologies.utils.validators.abaroutevalidator.Test_AbaRouteValidator_13b" time="0.021"/>
  <testcase name="testAbaNumberCheck_29380_bad" classname="com.cardatechnologies.utils.validators.abaroutevalidator.Test_AbaRouteValidator_13b" time="0.022"/>
  <testcase name="testAbaNumberCheck_29832_bad" classname="com.cardatechnologies.utils.validators.abaroutevalidator.Test_AbaRouteValidator_13b" time="0.018"/>
  <testcase name="testAbaNumberCheck_29001_good" classname="com.cardatechnologies.utils.validators.abaroutevalidator.Test_AbaRouteValidator_13b" time="0.019"/>
  <testcase name="testAbaNumberCheck_29382_bad" classname="com.cardatechnologies.utils.validators.abaroutevalidator.Test_AbaRouteValidator_13b" time="0.018"/>
  <testcase name="testAbaNumberCheck_29834_bad" classname="com.cardatechnologies.utils.validators.abaroutevalidator.Test_AbaRouteValidator_13b" time="0.018"/>
  <testcase name="testAbaNumberCheck_28570_bad" classname="com.cardatechnologies.utils.validators.abaroutevalidator.Test_AbaRouteValidator_13b" time="0.018"/>
  <testcase name="testAbaNumberCheck_29384_bad" classname="com.cardatechnologies.utils.validators.abaroutevalidator.Test_AbaRouteValidator_13b" time="0.018"/>
  <testcase name="testAbaNumberCheck_29836_bad" classname="com.cardatechnologies.utils.validators.abaroutevalidator.Test_AbaRouteValidator_13b" time="0.029"/>
  <testcase name="testAbaNumberCheck_28572_bad" classname="com.cardatechnologies.utils.validators.abaroutevalidator.Test_AbaRouteValidator_13b" time="0.019"/>
  <testcase name="testAbaNumberCheck_29386_bad" classname="com.cardatechnologies.utils.validators.abaroutevalidator.Test_AbaRouteValidator_13b" time="0.019"/>
  <testcase name="testAbaNumberCheck_27899_good" classname="com.cardatechnologies.utils.validators.abaroutevalidator.Test_AbaRouteValidator_13b" time="0.017"/>
  <testcase name="testAbaNumberCheck_29838_bad" classname="com.cardatechnologies.utils.validators.abaroutevalidator.Test_AbaRouteValidator_13b" time="0.019"/>
  <testcase name="testAbaNumberCheck_27760_bad" classname="com.cardatechnologies.utils.validators.abaroutevalidator.Test_AbaRouteValidator_13b" time="0.018"/>
  <testcase name="testAbaNumberCheck_28574_bad" classname="com.cardatechnologies.utils.validators.abaroutevalidator.Test_AbaRouteValidator_13b" time="0.018"/>
  <testcase name="testAbaNumberCheck_29388_bad" classname="com.cardatechnologies.utils.validators.abaroutevalidator.Test_AbaRouteValidator_13b" time="0.018"/>
  <testcase name="testAbaNumberCheck_27762_bad" classname="com.cardatechnologies.utils.validators.abaroutevalidator.Test_AbaRouteValidator_13b" time="0.018"/>
  <testcase name="testAbaNumberCheck_28576_bad" classname="com.cardatechnologies.utils.validators.abaroutevalidator.Test_AbaRouteValidator_13b" time="0.021"/>
  <testcase name="testAbaNumberCheck_27764_bad" classname="com.cardatechnologies.utils.validators.abaroutevalidator.Test_AbaRouteValidator_13b" time="0.021"/>
  <testcase name="testAbaNumberCheck_28578_bad" classname="com.cardatechnologies.utils.validators.abaroutevalidator.Test_AbaRouteValidator_13b" time="0.018"/>
  <testcase name="testAbaNumberCheck_27766_bad" classname="com.cardatechnologies.utils.validators.abaroutevalidator.Test_AbaRouteValidator_13b" time="0.02"/>
  <testcase name="testAbaNumberCheck_27768_bad" classname="com.cardatechnologies.utils.validators.abaroutevalidator.Test_AbaRouteValidator_13b" time="0.018"/>
  <testcase name="testAbaNumberCheck_29840_bad" classname="com.cardatechnologies.utils.validators.abaroutevalidator.Test_AbaRouteValidator_13b" time="0.018"/>
  <testcase name="testAbaNumberCheck_29390_bad" classname="com.cardatechnologies.utils.validators.abaroutevalidator.Test_AbaRouteValidator_13b" time="0.018"/>
  <testcase name="testAbaNumberCheck_29842_bad" classname="com.cardatechnologies.utils.validators.abaroutevalidator.Test_AbaRouteValidator_13b" time="0.017"/>
  <testcase name="testAbaNumberCheck_29392_bad" classname="com.cardatechnologies.utils.validators.abaroutevalidator.Test_AbaRouteValidator_13b" time="0.018"/>
  <testcase name="testAbaNumberCheck_29844_bad" classname="com.cardatechnologies.utils.validators.abaroutevalidator.Test_AbaRouteValidator_13b" time="0.018"/>
  <testcase name="testAbaNumberCheck_28580_bad" classname="com.cardatechnologies.utils.validators.abaroutevalidator.Test_AbaRouteValidator_13b" time="0.021"/>
  <testcase name="testAbaNumberCheck_29394_bad" classname="com.cardatechnologies.utils.validators.abaroutevalidator.Test_AbaRouteValidator_13b" time="0.02"/>
  <testcase name="testAbaNumberCheck_29846_bad" classname="com.cardatechnologies.utils.validators.abaroutevalidator.Test_AbaRouteValidator_13b" time="0.018"/>
  <testcase name="testAbaNumberCheck_28582_bad" classname="com.cardatechnologies.utils.validators.abaroutevalidator.Test_AbaRouteValidator_13b" time="0.018"/>
  <testcase name="testAbaNumberCheck_29396_bad" classname="com.cardatechnologies.utils.validators.abaroutevalidator.Test_AbaRouteValidator_13b" time="0.018"/>
  <testcase name="testAbaNumberCheck_29848_bad" classname="com.cardatechnologies.utils.validators.abaroutevalidator.Test_AbaRouteValidator_13b" time="0.018"/>
  <testcase name="testAbaNumberCheck_27770_bad" classname="com.cardatechnologies.utils.validators.abaroutevalidator.Test_AbaRouteValidator_13b" time="0.017"/>
  <testcase name="testAbaNumberCheck_28584_bad" classname="com.cardatechnologies.utils.validators.abaroutevalidator.Test_AbaRouteValidator_13b" time="0.018"/>
  <testcase name="testAbaNumberCheck_29398_bad" classname="com.cardatechnologies.utils.validators.abaroutevalidator.Test_AbaRouteValidator_13b" time="0.021"/>
  <testcase name="testAbaNumberCheck_27772_bad" classname="com.cardatechnologies.utils.validators.abaroutevalidator.Test_AbaRouteValidator_13b" time="0.021"/>
  <testcase name="testAbaNumberCheck_28586_bad" classname="com.cardatechnologies.utils.validators.abaroutevalidator.Test_AbaRouteValidator_13b" time="0.018"/>
  <testcase name="testAbaNumberCheck_27774_bad" classname="com.cardatechnologies.utils.validators.abaroutevalidator.Test_AbaRouteValidator_13b" time="0.018"/>
  <testcase name="testAbaNumberCheck_28588_bad" classname="com.cardatechnologies.utils.validators.abaroutevalidator.Test_AbaRouteValidator_13b" time="0.022"/>
  <testcase name="testAbaNumberCheck_27776_bad" classname="com.cardatechnologies.utils.validators.abaroutevalidator.Test_AbaRouteValidator_13b" time="0.025"/>
  <testcase name="testAbaNumberCheck_27778_bad" classname="com.cardatechnologies.utils.validators.abaroutevalidator.Test_AbaRouteValidator_13b" time="0.024"/>
  <testcase name="testAbaNumberCheck_29850_bad" classname="com.cardatechnologies.utils.validators.abaroutevalidator.Test_AbaRouteValidator_13b" time="0.023"/>
  <testcase name="testAbaNumberCheck_29852_bad" classname="com.cardatechnologies.utils.validators.abaroutevalidator.Test_AbaRouteValidator_13b" time="0.02"/>
  <testcase name="testAbaNumberCheck_29003_good" classname="com.cardatechnologies.utils.validators.abaroutevalidator.Test_AbaRouteValidator_13b" time="0.029"/>
  <testcase name="testAbaNumberCheck_29854_bad" classname="com.cardatechnologies.utils.validators.abaroutevalidator.Test_AbaRouteValidator_13b" time="0.017"/>
  <testcase name="testAbaNumberCheck_28590_bad" classname="com.cardatechnologies.utils.validators.abaroutevalidator.Test_AbaRouteValidator_13b" time="0.018"/>
  <testcase name="testAbaNumberCheck_29856_bad" classname="com.cardatechnologies.utils.validators.abaroutevalidator.Test_AbaRouteValidator_13b" time="0.019"/>
  <testcase name="testAbaNumberCheck_28592_bad" classname="com.cardatechnologies.utils.validators.abaroutevalidator.Test_AbaRouteValidator_13b" time="0.017"/>
  <testcase name="testAbaNumberCheck_29858_bad" classname="com.cardatechnologies.utils.validators.abaroutevalidator.Test_AbaRouteValidator_13b" time="0.018"/>
  <testcase name="testAbaNumberCheck_27780_bad" classname="com.cardatechnologies.utils.validators.abaroutevalidator.Test_AbaRouteValidator_13b" time="0.018"/>
  <testcase name="testAbaNumberCheck_28594_bad" classname="com.cardatechnologies.utils.validators.abaroutevalidator.Test_AbaRouteValidator_13b" time="0.018"/>
  <testcase name="testAbaNumberCheck_27782_bad" classname="com.cardatechnologies.utils.validators.abaroutevalidator.Test_AbaRouteValidator_13b" time="0.018"/>
  <testcase name="testAbaNumberCheck_28596_bad" classname="com.cardatechnologies.utils.validators.abaroutevalidator.Test_AbaRouteValidator_13b" time="0.018"/>
  <testcase name="testAbaNumberCheck_27784_bad" classname="com.cardatechnologies.utils.validators.abaroutevalidator.Test_AbaRouteValidator_13b" time="0.025"/>
  <testcase name="testAbaNumberCheck_28598_bad" classname="com.cardatechnologies.utils.validators.abaroutevalidator.Test_AbaRouteValidator_13b" time="0.018"/>
  <testcase name="testAbaNumberCheck_27786_bad" classname="com.cardatechnologies.utils.validators.abaroutevalidator.Test_AbaRouteValidator_13b" time="0.018"/>
  <testcase name="testAbaNumberCheck_27788_bad" classname="com.cardatechnologies.utils.validators.abaroutevalidator.Test_AbaRouteValidator_13b" time="0.018"/>
  <testcase name="testAbaNumberCheck_29211_good" classname="com.cardatechnologies.utils.validators.abaroutevalidator.Test_AbaRouteValidator_13b" time="0.018"/>
  <testcase name="testAbaNumberCheck_29860_bad" classname="com.cardatechnologies.utils.validators.abaroutevalidator.Test_AbaRouteValidator_13b" time="0.018"/>
  <testcase name="testAbaNumberCheck_29862_bad" classname="com.cardatechnologies.utils.validators.abaroutevalidator.Test_AbaRouteValidator_13b" time="0.018"/>
  <testcase name="testAbaNumberCheck_29864_bad" classname="com.cardatechnologies.utils.validators.abaroutevalidator.Test_AbaRouteValidator_13b" time="0.018"/>
  <testcase name="testAbaNumberCheck_29866_bad" classname="com.cardatechnologies.utils.validators.abaroutevalidator.Test_AbaRouteValidator_13b" time="0.028"/>
  <testcase name="testAbaNumberCheck_29868_bad" classname="com.cardatechnologies.utils.validators.abaroutevalidator.Test_AbaRouteValidator_13b" time="0.017"/>
  <testcase name="testAbaNumberCheck_27790_bad" classname="com.cardatechnologies.utils.validators.abaroutevalidator.Test_AbaRouteValidator_13b" time="0.023"/>
  <testcase name="testAbaNumberCheck_27792_bad" classname="com.cardatechnologies.utils.validators.abaroutevalidator.Test_AbaRouteValidator_13b" time="0.018"/>
  <testcase name="testAbaNumberCheck_27794_bad" classname="com.cardatechnologies.utils.validators.abaroutevalidator.Test_AbaRouteValidator_13b" time="0.017"/>
  <testcase name="testAbaNumberCheck_27796_bad" classname="com.cardatechnologies.utils.validators.abaroutevalidator.Test_AbaRouteValidator_13b" time="0.019"/>
  <testcase name="testAbaNumberCheck_27798_bad" classname="com.cardatechnologies.utils.validators.abaroutevalidator.Test_AbaRouteValidator_13b" time="0.019"/>
  <testcase name="testAbaNumberCheck_29131_good" classname="com.cardatechnologies.utils.validators.abaroutevalidator.Test_AbaRouteValidator_13b" time="0.018"/>
  <testcase name="testAbaNumberCheck_29870_bad" classname="com.cardatechnologies.utils.validators.abaroutevalidator.Test_AbaRouteValidator_13b" time="0.019"/>
  <testcase name="testAbaNumberCheck_29872_bad" classname="com.cardatechnologies.utils.validators.abaroutevalidator.Test_AbaRouteValidator_13b" time="0.017"/>
  <testcase name="testAbaNumberCheck_29005_good" classname="com.cardatechnologies.utils.validators.abaroutevalidator.Test_AbaRouteValidator_13b" time="0.019"/>
  <testcase name="testAbaNumberCheck_29874_bad" classname="com.cardatechnologies.utils.validators.abaroutevalidator.Test_AbaRouteValidator_13b" time="0.019"/>
  <testcase name="testAbaNumberCheck_29876_bad" classname="com.cardatechnologies.utils.validators.abaroutevalidator.Test_AbaRouteValidator_13b" time="0.019"/>
  <testcase name="testAbaNumberCheck_29878_bad" classname="com.cardatechnologies.utils.validators.abaroutevalidator.Test_AbaRouteValidator_13b" time="0.018"/>
  <testcase name="testAbaNumberCheck_29501_good" classname="com.cardatechnologies.utils.validators.abaroutevalidator.Test_AbaRouteValidator_13b" time="0.019"/>
  <testcase name="testAbaNumberCheck_29213_good" classname="com.cardatechnologies.utils.validators.abaroutevalidator.Test_AbaRouteValidator_13b" time="0.019"/>
  <testcase name="testAbaNumberCheck_29880_bad" classname="com.cardatechnologies.utils.validators.abaroutevalidator.Test_AbaRouteValidator_13b" time="0.018"/>
  <testcase name="testAbaNumberCheck_29051_good" classname="com.cardatechnologies.utils.validators.abaroutevalidator.Test_AbaRouteValidator_13b" time="0.018"/>
  <testcase name="testAbaNumberCheck_29882_bad" classname="com.cardatechnologies.utils.validators.abaroutevalidator.Test_AbaRouteValidator_13b" time="0.018"/>
  <testcase name="testAbaNumberCheck_28111_good" classname="com.cardatechnologies.utils.validators.abaroutevalidator.Test_AbaRouteValidator_13b" time="0.022"/>
  <testcase name="testAbaNumberCheck_29884_bad" classname="com.cardatechnologies.utils.validators.abaroutevalidator.Test_AbaRouteValidator_13b" time="0.023"/>
  <testcase name="testAbaNumberCheck_29886_bad" classname="com.cardatechnologies.utils.validators.abaroutevalidator.Test_AbaRouteValidator_13b" time="0.018"/>
  <testcase name="testAbaNumberCheck_29888_bad" classname="com.cardatechnologies.utils.validators.abaroutevalidator.Test_AbaRouteValidator_13b" time="0.018"/>
  <testcase name="testAbaNumberCheck_29421_good" classname="com.cardatechnologies.utils.validators.abaroutevalidator.Test_AbaRouteValidator_13b" time="0.018"/>
  <testcase name="testAbaNumberCheck_29133_good" classname="com.cardatechnologies.utils.validators.abaroutevalidator.Test_AbaRouteValidator_13b" time="0.018"/>
  <testcase name="testAbaNumberCheck_29890_bad" classname="com.cardatechnologies.utils.validators.abaroutevalidator.Test_AbaRouteValidator_13b" time="0.019"/>
  <testcase name="testAbaNumberCheck_29892_bad" classname="com.cardatechnologies.utils.validators.abaroutevalidator.Test_AbaRouteValidator_13b" time="0.018"/>
  <testcase name="testAbaNumberCheck_29007_good" classname="com.cardatechnologies.utils.validators.abaroutevalidator.Test_AbaRouteValidator_13b" time="0.027"/>
  <testcase name="testAbaNumberCheck_29894_bad" classname="com.cardatechnologies.utils.validators.abaroutevalidator.Test_AbaRouteValidator_13b" time="0.017"/>
  <testcase name="testAbaNumberCheck_28031_good" classname="com.cardatechnologies.utils.validators.abaroutevalidator.Test_AbaRouteValidator_13b" time="0.017"/>
  <testcase name="testAbaNumberCheck_29896_bad" classname="com.cardatechnologies.utils.validators.abaroutevalidator.Test_AbaRouteValidator_13b" time="0.018"/>
  <testcase name="testAbaNumberCheck_29898_bad" classname="com.cardatechnologies.utils.validators.abaroutevalidator.Test_AbaRouteValidator_13b" time="0.018"/>
  <testcase name="testAbaNumberCheck_29503_good" classname="com.cardatechnologies.utils.validators.abaroutevalidator.Test_AbaRouteValidator_13b" time="0.018"/>
  <testcase name="testAbaNumberCheck_29341_good" classname="com.cardatechnologies.utils.validators.abaroutevalidator.Test_AbaRouteValidator_13b" time="0.017"/>
  <testcase name="testAbaNumberCheck_28401_good" classname="com.cardatechnologies.utils.validators.abaroutevalidator.Test_AbaRouteValidator_13b" time="0.018"/>
  <testcase name="testAbaNumberCheck_29215_good" classname="com.cardatechnologies.utils.validators.abaroutevalidator.Test_AbaRouteValidator_13b" time="0.018"/>
  <testcase name="testAbaNumberCheck_29053_good" classname="com.cardatechnologies.utils.validators.abaroutevalidator.Test_AbaRouteValidator_13b" time="0.017"/>
  <testcase name="testAbaNumberCheck_28113_good" classname="com.cardatechnologies.utils.validators.abaroutevalidator.Test_AbaRouteValidator_13b" time="0.018"/>
  <testcase name="testAbaNumberCheck_29711_good" classname="com.cardatechnologies.utils.validators.abaroutevalidator.Test_AbaRouteValidator_13b" time="0.017"/>
  <testcase name="testAbaNumberCheck_29423_good" classname="com.cardatechnologies.utils.validators.abaroutevalidator.Test_AbaRouteValidator_13b" time="0.018"/>
  <testcase name="testAbaNumberCheck_29261_good" classname="com.cardatechnologies.utils.validators.abaroutevalidator.Test_AbaRouteValidator_13b" time="0.017"/>
  <testcase name="testAbaNumberCheck_28321_good" classname="com.cardatechnologies.utils.validators.abaroutevalidator.Test_AbaRouteValidator_13b" time="0.019"/>
  <testcase name="testAbaNumberCheck_29135_good" classname="com.cardatechnologies.utils.validators.abaroutevalidator.Test_AbaRouteValidator_13b" time="0.021"/>
  <testcase name="testAbaNumberCheck_29009_good" classname="com.cardatechnologies.utils.validators.abaroutevalidator.Test_AbaRouteValidator_13b" time="0.018"/>
  <testcase name="testAbaNumberCheck_28033_good" classname="com.cardatechnologies.utils.validators.abaroutevalidator.Test_AbaRouteValidator_13b" time="0.018"/>
  <testcase name="testAbaNumberCheck_29631_good" classname="com.cardatechnologies.utils.validators.abaroutevalidator.Test_AbaRouteValidator_13b" time="0.018"/>
  <testcase name="testAbaNumberCheck_29505_good" classname="com.cardatechnologies.utils.validators.abaroutevalidator.Test_AbaRouteValidator_13b" time="0.018"/>
  <testcase name="testAbaNumberCheck_29343_good" classname="com.cardatechnologies.utils.validators.abaroutevalidator.Test_AbaRouteValidator_13b" time="0.021"/>
  <testcase name="testAbaNumberCheck_28403_good" classname="com.cardatechnologies.utils.validators.abaroutevalidator.Test_AbaRouteValidator_13b" time="0.023"/>
  <testcase name="testAbaNumberCheck_29217_good" classname="com.cardatechnologies.utils.validators.abaroutevalidator.Test_AbaRouteValidator_13b" time="0.017"/>
  <testcase name="testAbaNumberCheck_29181_good" classname="com.cardatechnologies.utils.validators.abaroutevalidator.Test_AbaRouteValidator_13b" time="0.018"/>
  <testcase name="testAbaNumberCheck_28241_good" classname="com.cardatechnologies.utils.validators.abaroutevalidator.Test_AbaRouteValidator_13b" time="0.019"/>
  <testcase name="testAbaNumberCheck_27301_good" classname="com.cardatechnologies.utils.validators.abaroutevalidator.Test_AbaRouteValidator_13b" time="0.018"/>
  <testcase name="testAbaNumberCheck_29055_good" classname="com.cardatechnologies.utils.validators.abaroutevalidator.Test_AbaRouteValidator_13b" time="0.018"/>
  <testcase name="testAbaNumberCheck_28115_good" classname="com.cardatechnologies.utils.validators.abaroutevalidator.Test_AbaRouteValidator_13b" time="0.017"/>
  <testcase name="testAbaNumberCheck_29713_good" classname="com.cardatechnologies.utils.validators.abaroutevalidator.Test_AbaRouteValidator_13b" time="0.025"/>
  <testcase name="testAbaNumberCheck_29551_good" classname="com.cardatechnologies.utils.validators.abaroutevalidator.Test_AbaRouteValidator_13b" time="0.018"/>
  <testcase name="testAbaNumberCheck_28611_good" classname="com.cardatechnologies.utils.validators.abaroutevalidator.Test_AbaRouteValidator_13b" time="0.018"/>
  <testcase name="testAbaNumberCheck_29425_good" classname="com.cardatechnologies.utils.validators.abaroutevalidator.Test_AbaRouteValidator_13b" time="0.018"/>
  <testcase name="testAbaNumberCheck_29263_good" classname="com.cardatechnologies.utils.validators.abaroutevalidator.Test_AbaRouteValidator_13b" time="0.019"/>
  <testcase name="testAbaNumberCheck_28323_good" classname="com.cardatechnologies.utils.validators.abaroutevalidator.Test_AbaRouteValidator_13b" time="0.017"/>
  <testcase name="testAbaNumberCheck_29921_good" classname="com.cardatechnologies.utils.validators.abaroutevalidator.Test_AbaRouteValidator_13b" time="0.018"/>
  <testcase name="testAbaNumberCheck_29137_good" classname="com.cardatechnologies.utils.validators.abaroutevalidator.Test_AbaRouteValidator_13b" time="0.019"/>
  <testcase name="testAbaNumberCheck_28161_good" classname="com.cardatechnologies.utils.validators.abaroutevalidator.Test_AbaRouteValidator_13b" time="0.017"/>
  <testcase name="testAbaNumberCheck_27221_good" classname="com.cardatechnologies.utils.validators.abaroutevalidator.Test_AbaRouteValidator_13b" time="0.019"/>
  <testcase name="testAbaNumberCheck_28035_good" classname="com.cardatechnologies.utils.validators.abaroutevalidator.Test_AbaRouteValidator_13b" time="0.019"/>
  <testcase name="testAbaNumberCheck_29633_good" classname="com.cardatechnologies.utils.validators.abaroutevalidator.Test_AbaRouteValidator_13b" time="0.018"/>
  <testcase name="testAbaNumberCheck_29507_good" classname="com.cardatechnologies.utils.validators.abaroutevalidator.Test_AbaRouteValidator_13b" time="0.017"/>
  <testcase name="testAbaNumberCheck_29471_good" classname="com.cardatechnologies.utils.validators.abaroutevalidator.Test_AbaRouteValidator_13b" time="0.018"/>
  <testcase name="testAbaNumberCheck_28531_good" classname="com.cardatechnologies.utils.validators.abaroutevalidator.Test_AbaRouteValidator_13b" time="0.018"/>
  <testcase name="testAbaNumberCheck_29345_good" classname="com.cardatechnologies.utils.validators.abaroutevalidator.Test_AbaRouteValidator_13b" time="0.019"/>
  <testcase name="testAbaNumberCheck_28405_good" classname="com.cardatechnologies.utils.validators.abaroutevalidator.Test_AbaRouteValidator_13b" time="0.018"/>
  <testcase name="testAbaNumberCheck_29219_good" classname="com.cardatechnologies.utils.validators.abaroutevalidator.Test_AbaRouteValidator_13b" time="0.017"/>
  <testcase name="testAbaNumberCheck_29183_good" classname="com.cardatechnologies.utils.validators.abaroutevalidator.Test_AbaRouteValidator_13b" time="0.018"/>
  <testcase name="testAbaNumberCheck_28243_good" classname="com.cardatechnologies.utils.validators.abaroutevalidator.Test_AbaRouteValidator_13b" time="0.018"/>
  <testcase name="testAbaNumberCheck_27303_good" classname="com.cardatechnologies.utils.validators.abaroutevalidator.Test_AbaRouteValidator_13b" time="0.023"/>
  <testcase name="testAbaNumberCheck_29841_good" classname="com.cardatechnologies.utils.validators.abaroutevalidator.Test_AbaRouteValidator_13b" time="0.019"/>
  <testcase name="testAbaNumberCheck_28901_good" classname="com.cardatechnologies.utils.validators.abaroutevalidator.Test_AbaRouteValidator_13b" time="0.019"/>
  <testcase name="testAbaNumberCheck_29057_good" classname="com.cardatechnologies.utils.validators.abaroutevalidator.Test_AbaRouteValidator_13b" time="0.018"/>
  <testcase name="testAbaNumberCheck_28117_good" classname="com.cardatechnologies.utils.validators.abaroutevalidator.Test_AbaRouteValidator_13b" time="0.017"/>
  <testcase name="testAbaNumberCheck_29715_good" classname="com.cardatechnologies.utils.validators.abaroutevalidator.Test_AbaRouteValidator_13b" time="0.018"/>
  <testcase name="testAbaNumberCheck_28081_good" classname="com.cardatechnologies.utils.validators.abaroutevalidator.Test_AbaRouteValidator_13b" time="0.019"/>
  <testcase name="testAbaNumberCheck_29553_good" classname="com.cardatechnologies.utils.validators.abaroutevalidator.Test_AbaRouteValidator_13b" time="0.018"/>
  <testcase name="testAbaNumberCheck_28613_good" classname="com.cardatechnologies.utils.validators.abaroutevalidator.Test_AbaRouteValidator_13b" time="0.028"/>
  <testcase name="testAbaNumberCheck_29427_good" classname="com.cardatechnologies.utils.validators.abaroutevalidator.Test_AbaRouteValidator_13b" time="0.017"/>
  <testcase name="testAbaNumberCheck_29391_good" classname="com.cardatechnologies.utils.validators.abaroutevalidator.Test_AbaRouteValidator_13b" time="0.018"/>
  <testcase name="testAbaNumberCheck_28451_good" classname="com.cardatechnologies.utils.validators.abaroutevalidator.Test_AbaRouteValidator_13b" time="0.017"/>
  <testcase name="testAbaNumberCheck_27511_good" classname="com.cardatechnologies.utils.validators.abaroutevalidator.Test_AbaRouteValidator_13b" time="0.018"/>
  <testcase name="testAbaNumberCheck_29265_good" classname="com.cardatechnologies.utils.validators.abaroutevalidator.Test_AbaRouteValidator_13b" time="0.018"/>
  <testcase name="testAbaNumberCheck_28325_good" classname="com.cardatechnologies.utils.validators.abaroutevalidator.Test_AbaRouteValidator_13b" time="0.018"/>
  <testcase name="testAbaNumberCheck_29923_good" classname="com.cardatechnologies.utils.validators.abaroutevalidator.Test_AbaRouteValidator_13b" time="0.018"/>
  <testcase name="testAbaNumberCheck_29139_good" classname="com.cardatechnologies.utils.validators.abaroutevalidator.Test_AbaRouteValidator_13b" time="0.018"/>
  <testcase name="testAbaNumberCheck_28163_good" classname="com.cardatechnologies.utils.validators.abaroutevalidator.Test_AbaRouteValidator_13b" time="0.017"/>
  <testcase name="testAbaNumberCheck_27223_good" classname="com.cardatechnologies.utils.validators.abaroutevalidator.Test_AbaRouteValidator_13b" time="0.018"/>
  <testcase name="testAbaNumberCheck_29761_good" classname="com.cardatechnologies.utils.validators.abaroutevalidator.Test_AbaRouteValidator_13b" time="0.018"/>
  <testcase name="testAbaNumberCheck_28821_good" classname="com.cardatechnologies.utils.validators.abaroutevalidator.Test_AbaRouteValidator_13b" time="0.018"/>
  <testcase name="testAbaNumberCheck_28037_good" classname="com.cardatechnologies.utils.validators.abaroutevalidator.Test_AbaRouteValidator_13b" time="0.019"/>
  <testcase name="testAbaNumberCheck_29635_good" classname="com.cardatechnologies.utils.validators.abaroutevalidator.Test_AbaRouteValidator_13b" time="0.018"/>
  <testcase name="testAbaNumberCheck_29509_good" classname="com.cardatechnologies.utils.validators.abaroutevalidator.Test_AbaRouteValidator_13b" time="0.018"/>
  <testcase name="testAbaNumberCheck_29473_good" classname="com.cardatechnologies.utils.validators.abaroutevalidator.Test_AbaRouteValidator_13b" time="0.016"/>
  <testcase name="testAbaNumberCheck_28533_good" classname="com.cardatechnologies.utils.validators.abaroutevalidator.Test_AbaRouteValidator_13b" time="0.019"/>
  <testcase name="testAbaNumberCheck_29347_good" classname="com.cardatechnologies.utils.validators.abaroutevalidator.Test_AbaRouteValidator_13b" time="0.018"/>
  <testcase name="testAbaNumberCheck_28407_good" classname="com.cardatechnologies.utils.validators.abaroutevalidator.Test_AbaRouteValidator_13b" time="0.018"/>
  <testcase name="testAbaNumberCheck_28371_good" classname="com.cardatechnologies.utils.validators.abaroutevalidator.Test_AbaRouteValidator_13b" time="0.025"/>
  <testcase name="testAbaNumberCheck_27431_good" classname="com.cardatechnologies.utils.validators.abaroutevalidator.Test_AbaRouteValidator_13b" time="0.021"/>
  <testcase name="testAbaNumberCheck_29185_good" classname="com.cardatechnologies.utils.validators.abaroutevalidator.Test_AbaRouteValidator_13b" time="0.018"/>
  <testcase name="testAbaNumberCheck_28245_good" classname="com.cardatechnologies.utils.validators.abaroutevalidator.Test_AbaRouteValidator_13b" time="0.017"/>
  <testcase name="testAbaNumberCheck_27305_good" classname="com.cardatechnologies.utils.validators.abaroutevalidator.Test_AbaRouteValidator_13b" time="0.018"/>
  <testcase name="testAbaNumberCheck_29843_good" classname="com.cardatechnologies.utils.validators.abaroutevalidator.Test_AbaRouteValidator_13b" time="0.018"/>
  <testcase name="testAbaNumberCheck_28903_good" classname="com.cardatechnologies.utils.validators.abaroutevalidator.Test_AbaRouteValidator_13b" time="0.017"/>
  <testcase name="testAbaNumberCheck_29059_good" classname="com.cardatechnologies.utils.validators.abaroutevalidator.Test_AbaRouteValidator_13b" time="0.018"/>
  <testcase name="testAbaNumberCheck_28119_good" classname="com.cardatechnologies.utils.validators.abaroutevalidator.Test_AbaRouteValidator_13b" time="0.025"/>
  <testcase name="testAbaNumberCheck_29717_good" classname="com.cardatechnologies.utils.validators.abaroutevalidator.Test_AbaRouteValidator_13b" time="0.02"/>
  <testcase name="testAbaNumberCheck_28083_good" classname="com.cardatechnologies.utils.validators.abaroutevalidator.Test_AbaRouteValidator_13b" time="0.018"/>
  <testcase name="testAbaNumberCheck_29681_good" classname="com.cardatechnologies.utils.validators.abaroutevalidator.Test_AbaRouteValidator_13b" time="0.018"/>
  <testcase name="testAbaNumberCheck_28741_good" classname="com.cardatechnologies.utils.validators.abaroutevalidator.Test_AbaRouteValidator_13b" time="0.017"/>
  <testcase name="testAbaNumberCheck_27801_good" classname="com.cardatechnologies.utils.validators.abaroutevalidator.Test_AbaRouteValidator_13b" time="0.018"/>
  <testcase name="testAbaNumberCheck_29555_good" classname="com.cardatechnologies.utils.validators.abaroutevalidator.Test_AbaRouteValidator_13b" time="0.018"/>
  <testcase name="testAbaNumberCheck_28615_good" classname="com.cardatechnologies.utils.validators.abaroutevalidator.Test_AbaRouteValidator_13b" time="0.018"/>
  <testcase name="testAbaNumberCheck_29429_good" classname="com.cardatechnologies.utils.validators.abaroutevalidator.Test_AbaRouteValidator_13b" time="0.018"/>
  <testcase name="testAbaNumberCheck_29393_good" classname="com.cardatechnologies.utils.validators.abaroutevalidator.Test_AbaRouteValidator_13b" time="0.019"/>
  <testcase name="testAbaNumberCheck_28453_good" classname="com.cardatechnologies.utils.validators.abaroutevalidator.Test_AbaRouteValidator_13b" time="0.017"/>
  <testcase name="testAbaNumberCheck_27513_good" classname="com.cardatechnologies.utils.validators.abaroutevalidator.Test_AbaRouteValidator_13b" time="0.018"/>
  <testcase name="testAbaNumberCheck_29267_good" classname="com.cardatechnologies.utils.validators.abaroutevalidator.Test_AbaRouteValidator_13b" time="0.018"/>
  <testcase name="testAbaNumberCheck_28327_good" classname="com.cardatechnologies.utils.validators.abaroutevalidator.Test_AbaRouteValidator_13b" time="0.018"/>
  <testcase name="testAbaNumberCheck_29925_good" classname="com.cardatechnologies.utils.validators.abaroutevalidator.Test_AbaRouteValidator_13b" time="0.02"/>
  <testcase name="testAbaNumberCheck_28291_good" classname="com.cardatechnologies.utils.validators.abaroutevalidator.Test_AbaRouteValidator_13b" time="0.023"/>
  <testcase name="testAbaNumberCheck_27351_good" classname="com.cardatechnologies.utils.validators.abaroutevalidator.Test_AbaRouteValidator_13b" time="0.023"/>
  <testcase name="testAbaNumberCheck_28165_good" classname="com.cardatechnologies.utils.validators.abaroutevalidator.Test_AbaRouteValidator_13b" time="0.021"/>
  <testcase name="testAbaNumberCheck_27225_good" classname="com.cardatechnologies.utils.validators.abaroutevalidator.Test_AbaRouteValidator_13b" time="0.021"/>
  <testcase name="testAbaNumberCheck_29763_good" classname="com.cardatechnologies.utils.validators.abaroutevalidator.Test_AbaRouteValidator_13b" time="0.022"/>
  <testcase name="testAbaNumberCheck_28823_good" classname="com.cardatechnologies.utils.validators.abaroutevalidator.Test_AbaRouteValidator_13b" time="0.022"/>
  <testcase name="testAbaNumberCheck_28039_good" classname="com.cardatechnologies.utils.validators.abaroutevalidator.Test_AbaRouteValidator_13b" time="0.019"/>
  <testcase name="testAbaNumberCheck_29637_good" classname="com.cardatechnologies.utils.validators.abaroutevalidator.Test_AbaRouteValidator_13b" time="0.019"/>
  <testcase name="testAbaNumberCheck_28661_good" classname="com.cardatechnologies.utils.validators.abaroutevalidator.Test_AbaRouteValidator_13b" time="0.019"/>
  <testcase name="testAbaNumberCheck_27721_good" classname="com.cardatechnologies.utils.validators.abaroutevalidator.Test_AbaRouteValidator_13b" time="0.018"/>
  <testcase name="testAbaNumberCheck_29475_good" classname="com.cardatechnologies.utils.validators.abaroutevalidator.Test_AbaRouteValidator_13b" time="0.019"/>
  <testcase name="testAbaNumberCheck_28535_good" classname="com.cardatechnologies.utils.validators.abaroutevalidator.Test_AbaRouteValidator_13b" time="0.019"/>
  <testcase name="testAbaNumberCheck_29349_good" classname="com.cardatechnologies.utils.validators.abaroutevalidator.Test_AbaRouteValidator_13b" time="0.028"/>
  <testcase name="testAbaNumberCheck_28409_good" classname="com.cardatechnologies.utils.validators.abaroutevalidator.Test_AbaRouteValidator_13b" time="0.019"/>
  <testcase name="testAbaNumberCheck_28373_good" classname="com.cardatechnologies.utils.validators.abaroutevalidator.Test_AbaRouteValidator_13b" time="0.018"/>
  <testcase name="testAbaNumberCheck_27433_good" classname="com.cardatechnologies.utils.validators.abaroutevalidator.Test_AbaRouteValidator_13b" time="0.019"/>
  <testcase name="testAbaNumberCheck_29971_good" classname="com.cardatechnologies.utils.validators.abaroutevalidator.Test_AbaRouteValidator_13b" time="0.019"/>
  <testcase name="testAbaNumberCheck_29187_good" classname="com.cardatechnologies.utils.validators.abaroutevalidator.Test_AbaRouteValidator_13b" time="0.019"/>
  <testcase name="testAbaNumberCheck_28247_good" classname="com.cardatechnologies.utils.validators.abaroutevalidator.Test_AbaRouteValidator_13b" time="0.018"/>
  <testcase name="testAbaNumberCheck_27307_good" classname="com.cardatechnologies.utils.validators.abaroutevalidator.Test_AbaRouteValidator_13b" time="0.019"/>
  <testcase name="testAbaNumberCheck_29845_good" classname="com.cardatechnologies.utils.validators.abaroutevalidator.Test_AbaRouteValidator_13b" time="0.02"/>
  <testcase name="testAbaNumberCheck_28905_good" classname="com.cardatechnologies.utils.validators.abaroutevalidator.Test_AbaRouteValidator_13b" time="0.019"/>
  <testcase name="testAbaNumberCheck_27271_good" classname="com.cardatechnologies.utils.validators.abaroutevalidator.Test_AbaRouteValidator_13b" time="0.019"/>
  <testcase name="testAbaNumberCheck_29719_good" classname="com.cardatechnologies.utils.validators.abaroutevalidator.Test_AbaRouteValidator_13b" time="0.019"/>
  <testcase name="testAbaNumberCheck_28085_good" classname="com.cardatechnologies.utils.validators.abaroutevalidator.Test_AbaRouteValidator_13b" time="0.018"/>
  <testcase name="testAbaNumberCheck_29683_good" classname="com.cardatechnologies.utils.validators.abaroutevalidator.Test_AbaRouteValidator_13b" time="0.018"/>
  <testcase name="testAbaNumberCheck_28743_good" classname="com.cardatechnologies.utils.validators.abaroutevalidator.Test_AbaRouteValidator_13b" time="0.017"/>
  <testcase name="testAbaNumberCheck_27803_good" classname="com.cardatechnologies.utils.validators.abaroutevalidator.Test_AbaRouteValidator_13b" time="0.018"/>
  <testcase name="testAbaNumberCheck_29557_good" classname="com.cardatechnologies.utils.validators.abaroutevalidator.Test_AbaRouteValidator_13b" time="0.018"/>
  <testcase name="testAbaNumberCheck_28617_good" classname="com.cardatechnologies.utils.validators.abaroutevalidator.Test_AbaRouteValidator_13b" time="0.018"/>
  <testcase name="testAbaNumberCheck_28581_good" classname="com.cardatechnologies.utils.validators.abaroutevalidator.Test_AbaRouteValidator_13b" time="0.018"/>
  <testcase name="testAbaNumberCheck_27641_good" classname="com.cardatechnologies.utils.validators.abaroutevalidator.Test_AbaRouteValidator_13b" time="0.017"/>
  <testcase name="testAbaNumberCheck_29395_good" classname="com.cardatechnologies.utils.validators.abaroutevalidator.Test_AbaRouteValidator_13b" time="0.026"/>
  <testcase name="testAbaNumberCheck_28455_good" classname="com.cardatechnologies.utils.validators.abaroutevalidator.Test_AbaRouteValidator_13b" time="0.017"/>
  <testcase name="testAbaNumberCheck_27515_good" classname="com.cardatechnologies.utils.validators.abaroutevalidator.Test_AbaRouteValidator_13b" time="0.018"/>
  <testcase name="testAbaNumberCheck_29269_good" classname="com.cardatechnologies.utils.validators.abaroutevalidator.Test_AbaRouteValidator_13b" time="0.018"/>
  <testcase name="testAbaNumberCheck_28329_good" classname="com.cardatechnologies.utils.validators.abaroutevalidator.Test_AbaRouteValidator_13b" time="0.017"/>
  <testcase name="testAbaNumberCheck_29927_good" classname="com.cardatechnologies.utils.validators.abaroutevalidator.Test_AbaRouteValidator_13b" time="0.022"/>
  <testcase name="testAbaNumberCheck_28293_good" classname="com.cardatechnologies.utils.validators.abaroutevalidator.Test_AbaRouteValidator_13b" time="0.017"/>
  <testcase name="testAbaNumberCheck_27353_good" classname="com.cardatechnologies.utils.validators.abaroutevalidator.Test_AbaRouteValidator_13b" time="0.022"/>
  <testcase name="testAbaNumberCheck_29891_good" classname="com.cardatechnologies.utils.validators.abaroutevalidator.Test_AbaRouteValidator_13b" time="0.019"/>
  <testcase name="testAbaNumberCheck_28951_good" classname="com.cardatechnologies.utils.validators.abaroutevalidator.Test_AbaRouteValidator_13b" time="0.017"/>
  <testcase name="testAbaNumberCheck_28167_good" classname="com.cardatechnologies.utils.validators.abaroutevalidator.Test_AbaRouteValidator_13b" time="0.018"/>
  <testcase name="testAbaNumberCheck_27227_good" classname="com.cardatechnologies.utils.validators.abaroutevalidator.Test_AbaRouteValidator_13b" time="0.018"/>
  <testcase name="testAbaNumberCheck_29765_good" classname="com.cardatechnologies.utils.validators.abaroutevalidator.Test_AbaRouteValidator_13b" time="0.018"/>
  <testcase name="testAbaNumberCheck_28825_good" classname="com.cardatechnologies.utils.validators.abaroutevalidator.Test_AbaRouteValidator_13b" time="0.019"/>
  <testcase name="testAbaNumberCheck_29639_good" classname="com.cardatechnologies.utils.validators.abaroutevalidator.Test_AbaRouteValidator_13b" time="0.018"/>
  <testcase name="testAbaNumberCheck_28663_good" classname="com.cardatechnologies.utils.validators.abaroutevalidator.Test_AbaRouteValidator_13b" time="0.018"/>
  <testcase name="testAbaNumberCheck_27723_good" classname="com.cardatechnologies.utils.validators.abaroutevalidator.Test_AbaRouteValidator_13b" time="0.017"/>
  <testcase name="testAbaNumberCheck_29477_good" classname="com.cardatechnologies.utils.validators.abaroutevalidator.Test_AbaRouteValidator_13b" time="0.02"/>
  <testcase name="testAbaNumberCheck_28537_good" classname="com.cardatechnologies.utils.validators.abaroutevalidator.Test_AbaRouteValidator_13b" time="0.02"/>
  <testcase name="testAbaNumberCheck_27561_good" classname="com.cardatechnologies.utils.validators.abaroutevalidator.Test_AbaRouteValidator_13b" time="0.021"/>
  <testcase name="testAbaNumberCheck_28375_good" classname="com.cardatechnologies.utils.validators.abaroutevalidator.Test_AbaRouteValidator_13b" time="0.02"/>
  <testcase name="testAbaNumberCheck_27435_good" classname="com.cardatechnologies.utils.validators.abaroutevalidator.Test_AbaRouteValidator_13b" time="0.018"/>
  <testcase name="testAbaNumberCheck_29973_good" classname="com.cardatechnologies.utils.validators.abaroutevalidator.Test_AbaRouteValidator_13b" time="0.018"/>
  <testcase name="testAbaNumberCheck_29189_good" classname="com.cardatechnologies.utils.validators.abaroutevalidator.Test_AbaRouteValidator_13b" time="0.018"/>
  <testcase name="testAbaNumberCheck_28249_good" classname="com.cardatechnologies.utils.validators.abaroutevalidator.Test_AbaRouteValidator_13b" time="0.017"/>
  <testcase name="testAbaNumberCheck_27309_good" classname="com.cardatechnologies.utils.validators.abaroutevalidator.Test_AbaRouteValidator_13b" time="0.018"/>
  <testcase name="testAbaNumberCheck_29847_good" classname="com.cardatechnologies.utils.validators.abaroutevalidator.Test_AbaRouteValidator_13b" time="0.017"/>
  <testcase name="testAbaNumberCheck_28907_good" classname="com.cardatechnologies.utils.validators.abaroutevalidator.Test_AbaRouteValidator_13b" time="0.021"/>
  <testcase name="testAbaNumberCheck_27273_good" classname="com.cardatechnologies.utils.validators.abaroutevalidator.Test_AbaRouteValidator_13b" time="0.02"/>
  <testcase name="testAbaNumberCheck_28871_good" classname="com.cardatechnologies.utils.validators.abaroutevalidator.Test_AbaRouteValidator_13b" time="0.018"/>
  <testcase name="testAbaNumberCheck_27931_good" classname="com.cardatechnologies.utils.validators.abaroutevalidator.Test_AbaRouteValidator_13b" time="0.021"/>
  <testcase name="testAbaNumberCheck_28087_good" classname="com.cardatechnologies.utils.validators.abaroutevalidator.Test_AbaRouteValidator_13b" time="0.021"/>
  <testcase name="testAbaNumberCheck_29685_good" classname="com.cardatechnologies.utils.validators.abaroutevalidator.Test_AbaRouteValidator_13b" time="0.022"/>
  <testcase name="testAbaNumberCheck_28745_good" classname="com.cardatechnologies.utils.validators.abaroutevalidator.Test_AbaRouteValidator_13b" time="0.019"/>
  <testcase name="testAbaNumberCheck_27805_good" classname="com.cardatechnologies.utils.validators.abaroutevalidator.Test_AbaRouteValidator_13b" time="0.019"/>
  <testcase name="testAbaNumberCheck_29559_good" classname="com.cardatechnologies.utils.validators.abaroutevalidator.Test_AbaRouteValidator_13b" time="0.028"/>
  <testcase name="testAbaNumberCheck_28619_good" classname="com.cardatechnologies.utils.validators.abaroutevalidator.Test_AbaRouteValidator_13b" time="0.019"/>
  <testcase name="testAbaNumberCheck_28583_good" classname="com.cardatechnologies.utils.validators.abaroutevalidator.Test_AbaRouteValidator_13b" time="0.018"/>
  <testcase name="testAbaNumberCheck_27643_good" classname="com.cardatechnologies.utils.validators.abaroutevalidator.Test_AbaRouteValidator_13b" time="0.018"/>
  <testcase name="testAbaNumberCheck_29397_good" classname="com.cardatechnologies.utils.validators.abaroutevalidator.Test_AbaRouteValidator_13b" time="0.018"/>
  <testcase name="testAbaNumberCheck_28457_good" classname="com.cardatechnologies.utils.validators.abaroutevalidator.Test_AbaRouteValidator_13b" time="0.017"/>
  <testcase name="testAbaNumberCheck_27517_good" classname="com.cardatechnologies.utils.validators.abaroutevalidator.Test_AbaRouteValidator_13b" time="0.018"/>
  <testcase name="testAbaNumberCheck_27481_good" classname="com.cardatechnologies.utils.validators.abaroutevalidator.Test_AbaRouteValidator_13b" time="0.019"/>
  <testcase name="testAbaNumberCheck_29929_good" classname="com.cardatechnologies.utils.validators.abaroutevalidator.Test_AbaRouteValidator_13b" time="0.017"/>
  <testcase name="testAbaNumberCheck_28295_good" classname="com.cardatechnologies.utils.validators.abaroutevalidator.Test_AbaRouteValidator_13b" time="0.019"/>
  <testcase name="testAbaNumberCheck_27355_good" classname="com.cardatechnologies.utils.validators.abaroutevalidator.Test_AbaRouteValidator_13b" time="0.017"/>
  <testcase name="testAbaNumberCheck_29893_good" classname="com.cardatechnologies.utils.validators.abaroutevalidator.Test_AbaRouteValidator_13b" time="0.018"/>
  <testcase name="testAbaNumberCheck_28953_good" classname="com.cardatechnologies.utils.validators.abaroutevalidator.Test_AbaRouteValidator_13b" time="0.018"/>
  <testcase name="testAbaNumberCheck_28169_good" classname="com.cardatechnologies.utils.validators.abaroutevalidator.Test_AbaRouteValidator_13b" time="0.019"/>
  <testcase name="testAbaNumberCheck_27229_good" classname="com.cardatechnologies.utils.validators.abaroutevalidator.Test_AbaRouteValidator_13b" time="0.02"/>
  <testcase name="testAbaNumberCheck_29767_good" classname="com.cardatechnologies.utils.validators.abaroutevalidator.Test_AbaRouteValidator_13b" time="0.018"/>
  <testcase name="testAbaNumberCheck_28827_good" classname="com.cardatechnologies.utils.validators.abaroutevalidator.Test_AbaRouteValidator_13b" time="0.019"/>
  <testcase name="testAbaNumberCheck_28791_good" classname="com.cardatechnologies.utils.validators.abaroutevalidator.Test_AbaRouteValidator_13b" time="0.02"/>
  <testcase name="testAbaNumberCheck_27851_good" classname="com.cardatechnologies.utils.validators.abaroutevalidator.Test_AbaRouteValidator_13b" time="0.019"/>
  <testcase name="testAbaNumberCheck_28665_good" classname="com.cardatechnologies.utils.validators.abaroutevalidator.Test_AbaRouteValidator_13b" time="0.022"/>
  <testcase name="testAbaNumberCheck_27725_good" classname="com.cardatechnologies.utils.validators.abaroutevalidator.Test_AbaRouteValidator_13b" time="0.022"/>
  <testcase name="testAbaNumberCheck_29479_good" classname="com.cardatechnologies.utils.validators.abaroutevalidator.Test_AbaRouteValidator_13b" time="0.019"/>
  <testcase name="testAbaNumberCheck_28539_good" classname="com.cardatechnologies.utils.validators.abaroutevalidator.Test_AbaRouteValidator_13b" time="0.018"/>
  <testcase name="testAbaNumberCheck_27563_good" classname="com.cardatechnologies.utils.validators.abaroutevalidator.Test_AbaRouteValidator_13b" time="0.018"/>
  <testcase name="testAbaNumberCheck_28377_good" classname="com.cardatechnologies.utils.validators.abaroutevalidator.Test_AbaRouteValidator_13b" time="0.018"/>
  <testcase name="testAbaNumberCheck_27437_good" classname="com.cardatechnologies.utils.validators.abaroutevalidator.Test_AbaRouteValidator_13b" time="0.017"/>
  <testcase name="testAbaNumberCheck_29975_good" classname="com.cardatechnologies.utils.validators.abaroutevalidator.Test_AbaRouteValidator_13b" time="0.019"/>
  <testcase name="testAbaNumberCheck_29849_good" classname="com.cardatechnologies.utils.validators.abaroutevalidator.Test_AbaRouteValidator_13b" time="0.022"/>
  <testcase name="testAbaNumberCheck_28909_good" classname="com.cardatechnologies.utils.validators.abaroutevalidator.Test_AbaRouteValidator_13b" time="0.024"/>
  <testcase name="testAbaNumberCheck_27275_good" classname="com.cardatechnologies.utils.validators.abaroutevalidator.Test_AbaRouteValidator_13b" time="0.018"/>
  <testcase name="testAbaNumberCheck_28873_good" classname="com.cardatechnologies.utils.validators.abaroutevalidator.Test_AbaRouteValidator_13b" time="0.018"/>
  <testcase name="testAbaNumberCheck_27933_good" classname="com.cardatechnologies.utils.validators.abaroutevalidator.Test_AbaRouteValidator_13b" time="0.021"/>
  <testcase name="testAbaNumberCheck_28100_bad" classname="com.cardatechnologies.utils.validators.abaroutevalidator.Test_AbaRouteValidator_13b" time="0.017"/>
  <testcase name="testAbaNumberCheck_28089_good" classname="com.cardatechnologies.utils.validators.abaroutevalidator.Test_AbaRouteValidator_13b" time="0.017"/>
  <testcase name="testAbaNumberCheck_28102_bad" classname="com.cardatechnologies.utils.validators.abaroutevalidator.Test_AbaRouteValidator_13b" time="0.018"/>
  <testcase name="testAbaNumberCheck_29687_good" classname="com.cardatechnologies.utils.validators.abaroutevalidator.Test_AbaRouteValidator_13b" time="0.018"/>
  <testcase name="testAbaNumberCheck_28747_good" classname="com.cardatechnologies.utils.validators.abaroutevalidator.Test_AbaRouteValidator_13b" time="0.017"/>
  <testcase name="testAbaNumberCheck_27807_good" classname="com.cardatechnologies.utils.validators.abaroutevalidator.Test_AbaRouteValidator_13b" time="0.019"/>
  <testcase name="testAbaNumberCheck_28104_bad" classname="com.cardatechnologies.utils.validators.abaroutevalidator.Test_AbaRouteValidator_13b" time="0.018"/>
  <testcase name="testAbaNumberCheck_28106_bad" classname="com.cardatechnologies.utils.validators.abaroutevalidator.Test_AbaRouteValidator_13b" time="0.018"/>
  <testcase name="testAbaNumberCheck_27771_good" classname="com.cardatechnologies.utils.validators.abaroutevalidator.Test_AbaRouteValidator_13b" time="0.018"/>
  <testcase name="testAbaNumberCheck_28108_bad" classname="com.cardatechnologies.utils.validators.abaroutevalidator.Test_AbaRouteValidator_13b" time="0.018"/>
  <testcase name="testAbaNumberCheck_28585_good" classname="com.cardatechnologies.utils.validators.abaroutevalidator.Test_AbaRouteValidator_13b" time="0.017"/>
  <testcase name="testAbaNumberCheck_27645_good" classname="com.cardatechnologies.utils.validators.abaroutevalidator.Test_AbaRouteValidator_13b" time="0.018"/>
  <testcase name="testAbaNumberCheck_29399_good" classname="com.cardatechnologies.utils.validators.abaroutevalidator.Test_AbaRouteValidator_13b" time="0.017"/>
  <testcase name="testAbaNumberCheck_28459_good" classname="com.cardatechnologies.utils.validators.abaroutevalidator.Test_AbaRouteValidator_13b" time="0.018"/>
  <testcase name="testAbaNumberCheck_27519_good" classname="com.cardatechnologies.utils.validators.abaroutevalidator.Test_AbaRouteValidator_13b" time="0.019"/>
  <testcase name="testAbaNumberCheck_27483_good" classname="com.cardatechnologies.utils.validators.abaroutevalidator.Test_AbaRouteValidator_13b" time="0.022"/>
  <testcase name="testAbaNumberCheck_28297_good" classname="com.cardatechnologies.utils.validators.abaroutevalidator.Test_AbaRouteValidator_13b" time="0.021"/>
  <testcase name="testAbaNumberCheck_27357_good" classname="com.cardatechnologies.utils.validators.abaroutevalidator.Test_AbaRouteValidator_13b" time="0.018"/>
  <testcase name="testAbaNumberCheck_29895_good" classname="com.cardatechnologies.utils.validators.abaroutevalidator.Test_AbaRouteValidator_13b" time="0.017"/>
  <testcase name="testAbaNumberCheck_28955_good" classname="com.cardatechnologies.utils.validators.abaroutevalidator.Test_AbaRouteValidator_13b" time="0.019"/>
  <testcase name="testAbaNumberCheck_29769_good" classname="com.cardatechnologies.utils.validators.abaroutevalidator.Test_AbaRouteValidator_13b" time="0.017"/>
  <testcase name="testAbaNumberCheck_28829_good" classname="com.cardatechnologies.utils.validators.abaroutevalidator.Test_AbaRouteValidator_13b" time="0.019"/>
  <testcase name="testAbaNumberCheck_28110_bad" classname="com.cardatechnologies.utils.validators.abaroutevalidator.Test_AbaRouteValidator_13b" time="0.018"/>
  <testcase name="testAbaNumberCheck_28112_bad" classname="com.cardatechnologies.utils.validators.abaroutevalidator.Test_AbaRouteValidator_13b" time="0.021"/>
  <testcase name="testAbaNumberCheck_28793_good" classname="com.cardatechnologies.utils.validators.abaroutevalidator.Test_AbaRouteValidator_13b" time="0.02"/>
  <testcase name="testAbaNumberCheck_27853_good" classname="com.cardatechnologies.utils.validators.abaroutevalidator.Test_AbaRouteValidator_13b" time="0.019"/>
  <testcase name="testAbaNumberCheck_27300_bad" classname="com.cardatechnologies.utils.validators.abaroutevalidator.Test_AbaRouteValidator_13b" time="0.018"/>
  <testcase name="testAbaNumberCheck_28114_bad" classname="com.cardatechnologies.utils.validators.abaroutevalidator.Test_AbaRouteValidator_13b" time="0.018"/>
  <testcase name="testAbaNumberCheck_27302_bad" classname="com.cardatechnologies.utils.validators.abaroutevalidator.Test_AbaRouteValidator_13b" time="0.018"/>
  <testcase name="testAbaNumberCheck_28116_bad" classname="com.cardatechnologies.utils.validators.abaroutevalidator.Test_AbaRouteValidator_13b" time="0.019"/>
  <testcase name="testAbaNumberCheck_28667_good" classname="com.cardatechnologies.utils.validators.abaroutevalidator.Test_AbaRouteValidator_13b" time="0.017"/>
  <testcase name="testAbaNumberCheck_27727_good" classname="com.cardatechnologies.utils.validators.abaroutevalidator.Test_AbaRouteValidator_13b" time="0.019"/>
  <testcase name="testAbaNumberCheck_27304_bad" classname="com.cardatechnologies.utils.validators.abaroutevalidator.Test_AbaRouteValidator_13b" time="0.017"/>
  <testcase name="testAbaNumberCheck_28118_bad" classname="com.cardatechnologies.utils.validators.abaroutevalidator.Test_AbaRouteValidator_13b" time="0.018"/>
  <testcase name="testAbaNumberCheck_27306_bad" classname="com.cardatechnologies.utils.validators.abaroutevalidator.Test_AbaRouteValidator_13b" time="0.018"/>
  <testcase name="testAbaNumberCheck_27691_good" classname="com.cardatechnologies.utils.validators.abaroutevalidator.Test_AbaRouteValidator_13b" time="0.019"/>
  <testcase name="testAbaNumberCheck_27308_bad" classname="com.cardatechnologies.utils.validators.abaroutevalidator.Test_AbaRouteValidator_13b" time="0.019"/>
  <testcase name="testAbaNumberCheck_27565_good" classname="com.cardatechnologies.utils.validators.abaroutevalidator.Test_AbaRouteValidator_13b" time="0.017"/>
  <testcase name="testAbaNumberCheck_28379_good" classname="com.cardatechnologies.utils.validators.abaroutevalidator.Test_AbaRouteValidator_13b" time="0.018"/>
  <testcase name="testAbaNumberCheck_27439_good" classname="com.cardatechnologies.utils.validators.abaroutevalidator.Test_AbaRouteValidator_13b" time="0.018"/>
  <testcase name="testAbaNumberCheck_29977_good" classname="com.cardatechnologies.utils.validators.abaroutevalidator.Test_AbaRouteValidator_13b" time="0.017"/>
  <testcase name="testAbaNumberCheck_27277_good" classname="com.cardatechnologies.utils.validators.abaroutevalidator.Test_AbaRouteValidator_13b" time="0.018"/>
  <testcase name="testAbaNumberCheck_28875_good" classname="com.cardatechnologies.utils.validators.abaroutevalidator.Test_AbaRouteValidator_13b" time="0.018"/>
  <testcase name="testAbaNumberCheck_27935_good" classname="com.cardatechnologies.utils.validators.abaroutevalidator.Test_AbaRouteValidator_13b" time="0.022"/>
  <testcase name="testAbaNumberCheck_28120_bad" classname="com.cardatechnologies.utils.validators.abaroutevalidator.Test_AbaRouteValidator_13b" time="0.022"/>
  <testcase name="testAbaNumberCheck_28122_bad" classname="com.cardatechnologies.utils.validators.abaroutevalidator.Test_AbaRouteValidator_13b" time="0.017"/>
  <testcase name="testAbaNumberCheck_29689_good" classname="com.cardatechnologies.utils.validators.abaroutevalidator.Test_AbaRouteValidator_13b" time="0.019"/>
  <testcase name="testAbaNumberCheck_28749_good" classname="com.cardatechnologies.utils.validators.abaroutevalidator.Test_AbaRouteValidator_13b" time="0.017"/>
  <testcase name="testAbaNumberCheck_27809_good" classname="com.cardatechnologies.utils.validators.abaroutevalidator.Test_AbaRouteValidator_13b" time="0.019"/>
  <testcase name="testAbaNumberCheck_27310_bad" classname="com.cardatechnologies.utils.validators.abaroutevalidator.Test_AbaRouteValidator_13b" time="0.018"/>
  <testcase name="testAbaNumberCheck_28124_bad" classname="com.cardatechnologies.utils.validators.abaroutevalidator.Test_AbaRouteValidator_13b" time="0.018"/>
  <testcase name="testAbaNumberCheck_27312_bad" classname="com.cardatechnologies.utils.validators.abaroutevalidator.Test_AbaRouteValidator_13b" time="0.018"/>
  <testcase name="testAbaNumberCheck_28126_bad" classname="com.cardatechnologies.utils.validators.abaroutevalidator.Test_AbaRouteValidator_13b" time="0.027"/>
  <testcase name="testAbaNumberCheck_27773_good" classname="com.cardatechnologies.utils.validators.abaroutevalidator.Test_AbaRouteValidator_13b" time="0.018"/>
  <testcase name="testAbaNumberCheck_27314_bad" classname="com.cardatechnologies.utils.validators.abaroutevalidator.Test_AbaRouteValidator_13b" time="0.019"/>
  <testcase name="testAbaNumberCheck_28128_bad" classname="com.cardatechnologies.utils.validators.abaroutevalidator.Test_AbaRouteValidator_13b" time="0.018"/>
  <testcase name="testAbaNumberCheck_27316_bad" classname="com.cardatechnologies.utils.validators.abaroutevalidator.Test_AbaRouteValidator_13b" time="0.019"/>
  <testcase name="testAbaNumberCheck_28587_good" classname="com.cardatechnologies.utils.validators.abaroutevalidator.Test_AbaRouteValidator_13b" time="0.018"/>
  <testcase name="testAbaNumberCheck_27647_good" classname="com.cardatechnologies.utils.validators.abaroutevalidator.Test_AbaRouteValidator_13b" time="0.017"/>
  <testcase name="testAbaNumberCheck_27318_bad" classname="com.cardatechnologies.utils.validators.abaroutevalidator.Test_AbaRouteValidator_13b" time="0.022"/>
  <testcase name="testAbaNumberCheck_27485_good" classname="com.cardatechnologies.utils.validators.abaroutevalidator.Test_AbaRouteValidator_13b" time="0.018"/>
  <testcase name="testAbaNumberCheck_28299_good" classname="com.cardatechnologies.utils.validators.abaroutevalidator.Test_AbaRouteValidator_13b" time="0.019"/>
  <testcase name="testAbaNumberCheck_27359_good" classname="com.cardatechnologies.utils.validators.abaroutevalidator.Test_AbaRouteValidator_13b" time="0.019"/>
  <testcase name="testAbaNumberCheck_29897_good" classname="com.cardatechnologies.utils.validators.abaroutevalidator.Test_AbaRouteValidator_13b" time="0.018"/>
  <testcase name="testAbaNumberCheck_28957_good" classname="com.cardatechnologies.utils.validators.abaroutevalidator.Test_AbaRouteValidator_13b" time="0.018"/>
  <testcase name="testAbaNumberCheck_27981_good" classname="com.cardatechnologies.utils.validators.abaroutevalidator.Test_AbaRouteValidator_13b" time="0.018"/>
  <testcase name="testAbaNumberCheck_28130_bad" classname="com.cardatechnologies.utils.validators.abaroutevalidator.Test_AbaRouteValidator_13b" time="0.017"/>
  <testcase name="testAbaNumberCheck_28132_bad" classname="com.cardatechnologies.utils.validators.abaroutevalidator.Test_AbaRouteValidator_13b" time="0.018"/>
  <testcase name="testAbaNumberCheck_28795_good" classname="com.cardatechnologies.utils.validators.abaroutevalidator.Test_AbaRouteValidator_13b" time="0.019"/>
  <testcase name="testAbaNumberCheck_27855_good" classname="com.cardatechnologies.utils.validators.abaroutevalidator.Test_AbaRouteValidator_13b" time="0.018"/>
  <testcase name="testAbaNumberCheck_27320_bad" classname="com.cardatechnologies.utils.validators.abaroutevalidator.Test_AbaRouteValidator_13b" time="0.018"/>
  <testcase name="testAbaNumberCheck_28134_bad" classname="com.cardatechnologies.utils.validators.abaroutevalidator.Test_AbaRouteValidator_13b" time="0.022"/>
  <testcase name="testAbaNumberCheck_27322_bad" classname="com.cardatechnologies.utils.validators.abaroutevalidator.Test_AbaRouteValidator_13b" time="0.02"/>
  <testcase name="testAbaNumberCheck_28136_bad" classname="com.cardatechnologies.utils.validators.abaroutevalidator.Test_AbaRouteValidator_13b" time="0.017"/>
  <testcase name="testAbaNumberCheck_28669_good" classname="com.cardatechnologies.utils.validators.abaroutevalidator.Test_AbaRouteValidator_13b" time="0.019"/>
  <testcase name="testAbaNumberCheck_27729_good" classname="com.cardatechnologies.utils.validators.abaroutevalidator.Test_AbaRouteValidator_13b" time="0.019"/>
  <testcase name="testAbaNumberCheck_27324_bad" classname="com.cardatechnologies.utils.validators.abaroutevalidator.Test_AbaRouteValidator_13b" time="0.018"/>
  <testcase name="testAbaNumberCheck_28138_bad" classname="com.cardatechnologies.utils.validators.abaroutevalidator.Test_AbaRouteValidator_13b" time="0.017"/>
  <testcase name="testAbaNumberCheck_27326_bad" classname="com.cardatechnologies.utils.validators.abaroutevalidator.Test_AbaRouteValidator_13b" time="0.017"/>
  <testcase name="testAbaNumberCheck_27693_good" classname="com.cardatechnologies.utils.validators.abaroutevalidator.Test_AbaRouteValidator_13b" time="0.022"/>
  <testcase name="testAbaNumberCheck_27328_bad" classname="com.cardatechnologies.utils.validators.abaroutevalidator.Test_AbaRouteValidator_13b" time="0.021"/>
  <testcase name="testAbaNumberCheck_27567_good" classname="com.cardatechnologies.utils.validators.abaroutevalidator.Test_AbaRouteValidator_13b" time="0.018"/>
  <testcase name="testAbaNumberCheck_29979_good" classname="com.cardatechnologies.utils.validators.abaroutevalidator.Test_AbaRouteValidator_13b" time="0.017"/>
  <testcase name="testAbaNumberCheck_29400_bad" classname="com.cardatechnologies.utils.validators.abaroutevalidator.Test_AbaRouteValidator_13b" time="0.019"/>
  <testcase name="testAbaNumberCheck_27279_good" classname="com.cardatechnologies.utils.validators.abaroutevalidator.Test_AbaRouteValidator_13b" time="0.017"/>
  <testcase name="testAbaNumberCheck_29402_bad" classname="com.cardatechnologies.utils.validators.abaroutevalidator.Test_AbaRouteValidator_13b" time="0.018"/>
  <testcase name="testAbaNumberCheck_28877_good" classname="com.cardatechnologies.utils.validators.abaroutevalidator.Test_AbaRouteValidator_13b" time="0.018"/>
  <testcase name="testAbaNumberCheck_27937_good" classname="com.cardatechnologies.utils.validators.abaroutevalidator.Test_AbaRouteValidator_13b" time="0.018"/>
  <testcase name="testAbaNumberCheck_29404_bad" classname="com.cardatechnologies.utils.validators.abaroutevalidator.Test_AbaRouteValidator_13b" time="0.019"/>
  <testcase name="testAbaNumberCheck_28140_bad" classname="com.cardatechnologies.utils.validators.abaroutevalidator.Test_AbaRouteValidator_13b" time="0.017"/>
  <testcase name="testAbaNumberCheck_29406_bad" classname="com.cardatechnologies.utils.validators.abaroutevalidator.Test_AbaRouteValidator_13b" time="0.018"/>
  <testcase name="testAbaNumberCheck_28142_bad" classname="com.cardatechnologies.utils.validators.abaroutevalidator.Test_AbaRouteValidator_13b" time="0.018"/>
  <testcase name="testAbaNumberCheck_29408_bad" classname="com.cardatechnologies.utils.validators.abaroutevalidator.Test_AbaRouteValidator_13b" time="0.018"/>
  <testcase name="testAbaNumberCheck_27330_bad" classname="com.cardatechnologies.utils.validators.abaroutevalidator.Test_AbaRouteValidator_13b" time="0.018"/>
  <testcase name="testAbaNumberCheck_28144_bad" classname="com.cardatechnologies.utils.validators.abaroutevalidator.Test_AbaRouteValidator_13b" time="0.018"/>
  <testcase name="testAbaNumberCheck_27332_bad" classname="com.cardatechnologies.utils.validators.abaroutevalidator.Test_AbaRouteValidator_13b" time="0.019"/>
  <testcase name="testAbaNumberCheck_28146_bad" classname="com.cardatechnologies.utils.validators.abaroutevalidator.Test_AbaRouteValidator_13b" time="0.017"/>
  <testcase name="testAbaNumberCheck_27775_good" classname="com.cardatechnologies.utils.validators.abaroutevalidator.Test_AbaRouteValidator_13b" time="0.018"/>
  <testcase name="testAbaNumberCheck_27334_bad" classname="com.cardatechnologies.utils.validators.abaroutevalidator.Test_AbaRouteValidator_13b" time="0.019"/>
  <testcase name="testAbaNumberCheck_28148_bad" classname="com.cardatechnologies.utils.validators.abaroutevalidator.Test_AbaRouteValidator_13b" time="0.022"/>
  <testcase name="testAbaNumberCheck_27336_bad" classname="com.cardatechnologies.utils.validators.abaroutevalidator.Test_AbaRouteValidator_13b" time="0.021"/>
  <testcase name="testAbaNumberCheck_28589_good" classname="com.cardatechnologies.utils.validators.abaroutevalidator.Test_AbaRouteValidator_13b" time="0.018"/>
  <testcase name="testAbaNumberCheck_27649_good" classname="com.cardatechnologies.utils.validators.abaroutevalidator.Test_AbaRouteValidator_13b" time="0.018"/>
  <testcase name="testAbaNumberCheck_27338_bad" classname="com.cardatechnologies.utils.validators.abaroutevalidator.Test_AbaRouteValidator_13b" time="0.018"/>
  <testcase name="testAbaNumberCheck_27487_good" classname="com.cardatechnologies.utils.validators.abaroutevalidator.Test_AbaRouteValidator_13b" time="0.017"/>
  <testcase name="testAbaNumberCheck_29899_good" classname="com.cardatechnologies.utils.validators.abaroutevalidator.Test_AbaRouteValidator_13b" time="0.019"/>
  <testcase name="testAbaNumberCheck_28959_good" classname="com.cardatechnologies.utils.validators.abaroutevalidator.Test_AbaRouteValidator_13b" time="0.019"/>
  <testcase name="testAbaNumberCheck_29410_bad" classname="com.cardatechnologies.utils.validators.abaroutevalidator.Test_AbaRouteValidator_13b" time="0.019"/>
  <testcase name="testAbaNumberCheck_29412_bad" classname="com.cardatechnologies.utils.validators.abaroutevalidator.Test_AbaRouteValidator_13b" time="0.027"/>
  <testcase name="testAbaNumberCheck_27983_good" classname="com.cardatechnologies.utils.validators.abaroutevalidator.Test_AbaRouteValidator_13b" time="0.02"/>
  <testcase name="testAbaNumberCheck_28600_bad" classname="com.cardatechnologies.utils.validators.abaroutevalidator.Test_AbaRouteValidator_13b" time="0.021"/>
  <testcase name="testAbaNumberCheck_29414_bad" classname="com.cardatechnologies.utils.validators.abaroutevalidator.Test_AbaRouteValidator_13b" time="0.019"/>
  <testcase name="testAbaNumberCheck_28150_bad" classname="com.cardatechnologies.utils.validators.abaroutevalidator.Test_AbaRouteValidator_13b" time="0.018"/>
  <testcase name="testAbaNumberCheck_28602_bad" classname="com.cardatechnologies.utils.validators.abaroutevalidator.Test_AbaRouteValidator_13b" time="0.018"/>
  <testcase name="testAbaNumberCheck_29416_bad" classname="com.cardatechnologies.utils.validators.abaroutevalidator.Test_AbaRouteValidator_13b" time="0.017"/>
  <testcase name="testAbaNumberCheck_28152_bad" classname="com.cardatechnologies.utils.validators.abaroutevalidator.Test_AbaRouteValidator_13b" time="0.018"/>
  <testcase name="testAbaNumberCheck_28797_good" classname="com.cardatechnologies.utils.validators.abaroutevalidator.Test_AbaRouteValidator_13b" time="0.019"/>
  <testcase name="testAbaNumberCheck_27857_good" classname="com.cardatechnologies.utils.validators.abaroutevalidator.Test_AbaRouteValidator_13b" time="0.018"/>
  <testcase name="testAbaNumberCheck_28604_bad" classname="com.cardatechnologies.utils.validators.abaroutevalidator.Test_AbaRouteValidator_13b" time="0.017"/>
  <testcase name="testAbaNumberCheck_29418_bad" classname="com.cardatechnologies.utils.validators.abaroutevalidator.Test_AbaRouteValidator_13b" time="0.018"/>
  <testcase name="testAbaNumberCheck_27340_bad" classname="com.cardatechnologies.utils.validators.abaroutevalidator.Test_AbaRouteValidator_13b" time="0.024"/>
  <testcase name="testAbaNumberCheck_28154_bad" classname="com.cardatechnologies.utils.validators.abaroutevalidator.Test_AbaRouteValidator_13b" time="0.017"/>
  <testcase name="testAbaNumberCheck_28606_bad" classname="com.cardatechnologies.utils.validators.abaroutevalidator.Test_AbaRouteValidator_13b" time="0.018"/>
  <testcase name="testAbaNumberCheck_27342_bad" classname="com.cardatechnologies.utils.validators.abaroutevalidator.Test_AbaRouteValidator_13b" time="0.018"/>
  <testcase name="testAbaNumberCheck_28156_bad" classname="com.cardatechnologies.utils.validators.abaroutevalidator.Test_AbaRouteValidator_13b" time="0.018"/>
  <testcase name="testAbaNumberCheck_28608_bad" classname="com.cardatechnologies.utils.validators.abaroutevalidator.Test_AbaRouteValidator_13b" time="0.017"/>
  <testcase name="testAbaNumberCheck_27344_bad" classname="com.cardatechnologies.utils.validators.abaroutevalidator.Test_AbaRouteValidator_13b" time="0.018"/>
  <testcase name="testAbaNumberCheck_28158_bad" classname="com.cardatechnologies.utils.validators.abaroutevalidator.Test_AbaRouteValidator_13b" time="0.026"/>
  <testcase name="testAbaNumberCheck_27346_bad" classname="com.cardatechnologies.utils.validators.abaroutevalidator.Test_AbaRouteValidator_13b" time="0.017"/>
  <testcase name="testAbaNumberCheck_27695_good" classname="com.cardatechnologies.utils.validators.abaroutevalidator.Test_AbaRouteValidator_13b" time="0.019"/>
  <testcase name="testAbaNumberCheck_27348_bad" classname="com.cardatechnologies.utils.validators.abaroutevalidator.Test_AbaRouteValidator_13b" time="0.018"/>
  <testcase name="testAbaNumberCheck_27569_good" classname="com.cardatechnologies.utils.validators.abaroutevalidator.Test_AbaRouteValidator_13b" time="0.017"/>
  <testcase name="testAbaNumberCheck_29420_bad" classname="com.cardatechnologies.utils.validators.abaroutevalidator.Test_AbaRouteValidator_13b" time="0.018"/>
  <testcase name="testAbaNumberCheck_29422_bad" classname="com.cardatechnologies.utils.validators.abaroutevalidator.Test_AbaRouteValidator_13b" time="0.017"/>
  <testcase name="testAbaNumberCheck_28879_good" classname="com.cardatechnologies.utils.validators.abaroutevalidator.Test_AbaRouteValidator_13b" time="0.018"/>
  <testcase name="testAbaNumberCheck_27939_good" classname="com.cardatechnologies.utils.validators.abaroutevalidator.Test_AbaRouteValidator_13b" time="0.023"/>
  <testcase name="testAbaNumberCheck_28610_bad" classname="com.cardatechnologies.utils.validators.abaroutevalidator.Test_AbaRouteValidator_13b" time="0.024"/>
  <testcase name="testAbaNumberCheck_29424_bad" classname="com.cardatechnologies.utils.validators.abaroutevalidator.Test_AbaRouteValidator_13b" time="0.018"/>
  <testcase name="testAbaNumberCheck_28160_bad" classname="com.cardatechnologies.utils.validators.abaroutevalidator.Test_AbaRouteValidator_13b" time="0.018"/>
  <testcase name="testAbaNumberCheck_28612_bad" classname="com.cardatechnologies.utils.validators.abaroutevalidator.Test_AbaRouteValidator_13b" time="0.017"/>
  <testcase name="testAbaNumberCheck_29426_bad" classname="com.cardatechnologies.utils.validators.abaroutevalidator.Test_AbaRouteValidator_13b" time="0.018"/>
  <testcase name="testAbaNumberCheck_28162_bad" classname="com.cardatechnologies.utils.validators.abaroutevalidator.Test_AbaRouteValidator_13b" time="0.018"/>
  <testcase name="testAbaNumberCheck_27800_bad" classname="com.cardatechnologies.utils.validators.abaroutevalidator.Test_AbaRouteValidator_13b" time="0.017"/>
  <testcase name="testAbaNumberCheck_28614_bad" classname="com.cardatechnologies.utils.validators.abaroutevalidator.Test_AbaRouteValidator_13b" time="0.018"/>
  <testcase name="testAbaNumberCheck_29428_bad" classname="com.cardatechnologies.utils.validators.abaroutevalidator.Test_AbaRouteValidator_13b" time="0.018"/>
  <testcase name="testAbaNumberCheck_27350_bad" classname="com.cardatechnologies.utils.validators.abaroutevalidator.Test_AbaRouteValidator_13b" time="0.019"/>
  <testcase name="testAbaNumberCheck_28164_bad" classname="com.cardatechnologies.utils.validators.abaroutevalidator.Test_AbaRouteValidator_13b" time="0.018"/>
  <testcase name="testAbaNumberCheck_27802_bad" classname="com.cardatechnologies.utils.validators.abaroutevalidator.Test_AbaRouteValidator_13b" time="0.017"/>
  <testcase name="testAbaNumberCheck_28616_bad" classname="com.cardatechnologies.utils.validators.abaroutevalidator.Test_AbaRouteValidator_13b" time="0.019"/>
  <testcase name="testAbaNumberCheck_27352_bad" classname="com.cardatechnologies.utils.validators.abaroutevalidator.Test_AbaRouteValidator_13b" time="0.018"/>
  <testcase name="testAbaNumberCheck_28166_bad" classname="com.cardatechnologies.utils.validators.abaroutevalidator.Test_AbaRouteValidator_13b" time="0.018"/>
  <testcase name="testAbaNumberCheck_27777_good" classname="com.cardatechnologies.utils.validators.abaroutevalidator.Test_AbaRouteValidator_13b" time="0.018"/>
  <testcase name="testAbaNumberCheck_27804_bad" classname="com.cardatechnologies.utils.validators.abaroutevalidator.Test_AbaRouteValidator_13b" time="0.018"/>
  <testcase name="testAbaNumberCheck_28618_bad" classname="com.cardatechnologies.utils.validators.abaroutevalidator.Test_AbaRouteValidator_13b" time="0.018"/>
  <testcase name="testAbaNumberCheck_27354_bad" classname="com.cardatechnologies.utils.validators.abaroutevalidator.Test_AbaRouteValidator_13b" time="0.019"/>
  <testcase name="testAbaNumberCheck_28168_bad" classname="com.cardatechnologies.utils.validators.abaroutevalidator.Test_AbaRouteValidator_13b" time="0.022"/>
  <testcase name="testAbaNumberCheck_27806_bad" classname="com.cardatechnologies.utils.validators.abaroutevalidator.Test_AbaRouteValidator_13b" time="0.02"/>
  <testcase name="testAbaNumberCheck_27356_bad" classname="com.cardatechnologies.utils.validators.abaroutevalidator.Test_AbaRouteValidator_13b" time="0.018"/>
  <testcase name="testAbaNumberCheck_27808_bad" classname="com.cardatechnologies.utils.validators.abaroutevalidator.Test_AbaRouteValidator_13b" time="0.018"/>
  <testcase name="testAbaNumberCheck_27358_bad" classname="com.cardatechnologies.utils.validators.abaroutevalidator.Test_AbaRouteValidator_13b" time="0.018"/>
  <testcase name="testAbaNumberCheck_27489_good" classname="com.cardatechnologies.utils.validators.abaroutevalidator.Test_AbaRouteValidator_13b" time="0.018"/>
  <testcase name="testAbaNumberCheck_29430_bad" classname="com.cardatechnologies.utils.validators.abaroutevalidator.Test_AbaRouteValidator_13b" time="0.018"/>
  <testcase name="testAbaNumberCheck_29432_bad" classname="com.cardatechnologies.utils.validators.abaroutevalidator.Test_AbaRouteValidator_13b" time="0.019"/>
  <testcase name="testAbaNumberCheck_27985_good" classname="com.cardatechnologies.utils.validators.abaroutevalidator.Test_AbaRouteValidator_13b" time="0.021"/>
  <testcase name="testAbaNumberCheck_28620_bad" classname="com.cardatechnologies.utils.validators.abaroutevalidator.Test_AbaRouteValidator_13b" time="0.025"/>
  <testcase name="testAbaNumberCheck_29434_bad" classname="com.cardatechnologies.utils.validators.abaroutevalidator.Test_AbaRouteValidator_13b" time="0.018"/>
  <testcase name="testAbaNumberCheck_28170_bad" classname="com.cardatechnologies.utils.validators.abaroutevalidator.Test_AbaRouteValidator_13b" time="0.018"/>
  <testcase name="testAbaNumberCheck_28622_bad" classname="com.cardatechnologies.utils.validators.abaroutevalidator.Test_AbaRouteValidator_13b" time="0.018"/>
  <testcase name="testAbaNumberCheck_29436_bad" classname="com.cardatechnologies.utils.validators.abaroutevalidator.Test_AbaRouteValidator_13b" time="0.018"/>
  <testcase name="testAbaNumberCheck_28172_bad" classname="com.cardatechnologies.utils.validators.abaroutevalidator.Test_AbaRouteValidator_13b" time="0.019"/>
  <testcase name="testAbaNumberCheck_28799_good" classname="com.cardatechnologies.utils.validators.abaroutevalidator.Test_AbaRouteValidator_13b" time="0.017"/>
  <testcase name="testAbaNumberCheck_27859_good" classname="com.cardatechnologies.utils.validators.abaroutevalidator.Test_AbaRouteValidator_13b" time="0.018"/>
  <testcase name="testAbaNumberCheck_27810_bad" classname="com.cardatechnologies.utils.validators.abaroutevalidator.Test_AbaRouteValidator_13b" time="0.018"/>
  <testcase name="testAbaNumberCheck_28624_bad" classname="com.cardatechnologies.utils.validators.abaroutevalidator.Test_AbaRouteValidator_13b" time="0.018"/>
  <testcase name="testAbaNumberCheck_29438_bad" classname="com.cardatechnologies.utils.validators.abaroutevalidator.Test_AbaRouteValidator_13b" time="0.018"/>
  <testcase name="testAbaNumberCheck_27360_bad" classname="com.cardatechnologies.utils.validators.abaroutevalidator.Test_AbaRouteValidator_13b" time="0.018"/>
  <testcase name="testAbaNumberCheck_28174_bad" classname="com.cardatechnologies.utils.validators.abaroutevalidator.Test_AbaRouteValidator_13b" time="0.018"/>
  <testcase name="testAbaNumberCheck_27812_bad" classname="com.cardatechnologies.utils.validators.abaroutevalidator.Test_AbaRouteValidator_13b" time="0.018"/>
  <testcase name="testAbaNumberCheck_28626_bad" classname="com.cardatechnologies.utils.validators.abaroutevalidator.Test_AbaRouteValidator_13b" time="0.018"/>
  <testcase name="testAbaNumberCheck_27362_bad" classname="com.cardatechnologies.utils.validators.abaroutevalidator.Test_AbaRouteValidator_13b" time="0.018"/>
  <testcase name="testAbaNumberCheck_28176_bad" classname="com.cardatechnologies.utils.validators.abaroutevalidator.Test_AbaRouteValidator_13b" time="0.023"/>
  <testcase name="testAbaNumberCheck_27814_bad" classname="com.cardatechnologies.utils.validators.abaroutevalidator.Test_AbaRouteValidator_13b" time="0.018"/>
  <testcase name="testAbaNumberCheck_28628_bad" classname="com.cardatechnologies.utils.validators.abaroutevalidator.Test_AbaRouteValidator_13b" time="0.019"/>
  <testcase name="testAbaNumberCheck_27364_bad" classname="com.cardatechnologies.utils.validators.abaroutevalidator.Test_AbaRouteValidator_13b" time="0.024"/>
  <testcase name="testAbaNumberCheck_28178_bad" classname="com.cardatechnologies.utils.validators.abaroutevalidator.Test_AbaRouteValidator_13b" time="0.018"/>
  <testcase name="testAbaNumberCheck_27816_bad" classname="com.cardatechnologies.utils.validators.abaroutevalidator.Test_AbaRouteValidator_13b" time="0.018"/>
  <testcase name="testAbaNumberCheck_27366_bad" classname="com.cardatechnologies.utils.validators.abaroutevalidator.Test_AbaRouteValidator_13b" time="0.018"/>
  <testcase name="testAbaNumberCheck_27697_good" classname="com.cardatechnologies.utils.validators.abaroutevalidator.Test_AbaRouteValidator_13b" time="0.018"/>
  <testcase name="testAbaNumberCheck_27818_bad" classname="com.cardatechnologies.utils.validators.abaroutevalidator.Test_AbaRouteValidator_13b" time="0.018"/>
  <testcase name="testAbaNumberCheck_27368_bad" classname="com.cardatechnologies.utils.validators.abaroutevalidator.Test_AbaRouteValidator_13b" time="0.017"/>
  <testcase name="testAbaNumberCheck_29440_bad" classname="com.cardatechnologies.utils.validators.abaroutevalidator.Test_AbaRouteValidator_13b" time="0.018"/>
  <testcase name="testAbaNumberCheck_29442_bad" classname="com.cardatechnologies.utils.validators.abaroutevalidator.Test_AbaRouteValidator_13b" time="0.025"/>
  <testcase name="testAbaNumberCheck_28630_bad" classname="com.cardatechnologies.utils.validators.abaroutevalidator.Test_AbaRouteValidator_13b" time="0.022"/>
  <testcase name="testAbaNumberCheck_29444_bad" classname="com.cardatechnologies.utils.validators.abaroutevalidator.Test_AbaRouteValidator_13b" time="0.018"/>
  <testcase name="testAbaNumberCheck_28180_bad" classname="com.cardatechnologies.utils.validators.abaroutevalidator.Test_AbaRouteValidator_13b" time="0.017"/>
  <testcase name="testAbaNumberCheck_28632_bad" classname="com.cardatechnologies.utils.validators.abaroutevalidator.Test_AbaRouteValidator_13b" time="0.018"/>
  <testcase name="testAbaNumberCheck_29446_bad" classname="com.cardatechnologies.utils.validators.abaroutevalidator.Test_AbaRouteValidator_13b" time="0.018"/>
  <testcase name="testAbaNumberCheck_28182_bad" classname="com.cardatechnologies.utils.validators.abaroutevalidator.Test_AbaRouteValidator_13b" time="0.018"/>
  <testcase name="testAbaNumberCheck_27820_bad" classname="com.cardatechnologies.utils.validators.abaroutevalidator.Test_AbaRouteValidator_13b" time="0.018"/>
  <testcase name="testAbaNumberCheck_28634_bad" classname="com.cardatechnologies.utils.validators.abaroutevalidator.Test_AbaRouteValidator_13b" time="0.017"/>
  <testcase name="testAbaNumberCheck_29448_bad" classname="com.cardatechnologies.utils.validators.abaroutevalidator.Test_AbaRouteValidator_13b" time="0.018"/>
  <testcase name="testAbaNumberCheck_27370_bad" classname="com.cardatechnologies.utils.validators.abaroutevalidator.Test_AbaRouteValidator_13b" time="0.017"/>
  <testcase name="testAbaNumberCheck_28184_bad" classname="com.cardatechnologies.utils.validators.abaroutevalidator.Test_AbaRouteValidator_13b" time="0.019"/>
  <testcase name="testAbaNumberCheck_27822_bad" classname="com.cardatechnologies.utils.validators.abaroutevalidator.Test_AbaRouteValidator_13b" time="0.017"/>
  <testcase name="testAbaNumberCheck_28636_bad" classname="com.cardatechnologies.utils.validators.abaroutevalidator.Test_AbaRouteValidator_13b" time="0.018"/>
  <testcase name="testAbaNumberCheck_27372_bad" classname="com.cardatechnologies.utils.validators.abaroutevalidator.Test_AbaRouteValidator_13b" time="0.017"/>
  <testcase name="testAbaNumberCheck_28186_bad" classname="com.cardatechnologies.utils.validators.abaroutevalidator.Test_AbaRouteValidator_13b" time="0.02"/>
  <testcase name="testAbaNumberCheck_27779_good" classname="com.cardatechnologies.utils.validators.abaroutevalidator.Test_AbaRouteValidator_13b" time="0.018"/>
  <testcase name="testAbaNumberCheck_27824_bad" classname="com.cardatechnologies.utils.validators.abaroutevalidator.Test_AbaRouteValidator_13b" time="0.017"/>
  <testcase name="testAbaNumberCheck_28638_bad" classname="com.cardatechnologies.utils.validators.abaroutevalidator.Test_AbaRouteValidator_13b" time="0.018"/>
  <testcase name="testAbaNumberCheck_27374_bad" classname="com.cardatechnologies.utils.validators.abaroutevalidator.Test_AbaRouteValidator_13b" time="0.019"/>
  <testcase name="testAbaNumberCheck_28188_bad" classname="com.cardatechnologies.utils.validators.abaroutevalidator.Test_AbaRouteValidator_13b" time="0.026"/>
  <testcase name="testAbaNumberCheck_27826_bad" classname="com.cardatechnologies.utils.validators.abaroutevalidator.Test_AbaRouteValidator_13b" time="0.018"/>
  <testcase name="testAbaNumberCheck_27376_bad" classname="com.cardatechnologies.utils.validators.abaroutevalidator.Test_AbaRouteValidator_13b" time="0.018"/>
  <testcase name="testAbaNumberCheck_27828_bad" classname="com.cardatechnologies.utils.validators.abaroutevalidator.Test_AbaRouteValidator_13b" time="0.017"/>
  <testcase name="testAbaNumberCheck_27378_bad" classname="com.cardatechnologies.utils.validators.abaroutevalidator.Test_AbaRouteValidator_13b" time="0.018"/>
  <testcase name="testAbaNumberCheck_29900_bad" classname="com.cardatechnologies.utils.validators.abaroutevalidator.Test_AbaRouteValidator_13b" time="0.018"/>
  <testcase name="testAbaNumberCheck_29450_bad" classname="com.cardatechnologies.utils.validators.abaroutevalidator.Test_AbaRouteValidator_13b" time="0.018"/>
  <testcase name="testAbaNumberCheck_29902_bad" classname="com.cardatechnologies.utils.validators.abaroutevalidator.Test_AbaRouteValidator_13b" time="0.018"/>
  <testcase name="testAbaNumberCheck_29452_bad" classname="com.cardatechnologies.utils.validators.abaroutevalidator.Test_AbaRouteValidator_13b" time="0.024"/>
  <testcase name="testAbaNumberCheck_27987_good" classname="com.cardatechnologies.utils.validators.abaroutevalidator.Test_AbaRouteValidator_13b" time="0.025"/>
  <testcase name="testAbaNumberCheck_29904_bad" classname="com.cardatechnologies.utils.validators.abaroutevalidator.Test_AbaRouteValidator_13b" time="0.019"/>
  <testcase name="testAbaNumberCheck_28640_bad" classname="com.cardatechnologies.utils.validators.abaroutevalidator.Test_AbaRouteValidator_13b" time="0.021"/>
  <testcase name="testAbaNumberCheck_29454_bad" classname="com.cardatechnologies.utils.validators.abaroutevalidator.Test_AbaRouteValidator_13b" time="0.021"/>
  <testcase name="testAbaNumberCheck_28190_bad" classname="com.cardatechnologies.utils.validators.abaroutevalidator.Test_AbaRouteValidator_13b" time="0.022"/>
  <testcase name="testAbaNumberCheck_29906_bad" classname="com.cardatechnologies.utils.validators.abaroutevalidator.Test_AbaRouteValidator_13b" time="0.02"/>
  <testcase name="testAbaNumberCheck_28642_bad" classname="com.cardatechnologies.utils.validators.abaroutevalidator.Test_AbaRouteValidator_13b" time="0.024"/>
  <testcase name="testAbaNumberCheck_29456_bad" classname="com.cardatechnologies.utils.validators.abaroutevalidator.Test_AbaRouteValidator_13b" time="0.021"/>
  <testcase name="testAbaNumberCheck_28192_bad" classname="com.cardatechnologies.utils.validators.abaroutevalidator.Test_AbaRouteValidator_13b" time="0.02"/>
  <testcase name="testAbaNumberCheck_29908_bad" classname="com.cardatechnologies.utils.validators.abaroutevalidator.Test_AbaRouteValidator_13b" time="0.02"/>
  <testcase name="testAbaNumberCheck_27830_bad" classname="com.cardatechnologies.utils.validators.abaroutevalidator.Test_AbaRouteValidator_13b" time="0.021"/>
  <testcase name="testAbaNumberCheck_28644_bad" classname="com.cardatechnologies.utils.validators.abaroutevalidator.Test_AbaRouteValidator_13b" time="0.02"/>
  <testcase name="testAbaNumberCheck_29458_bad" classname="com.cardatechnologies.utils.validators.abaroutevalidator.Test_AbaRouteValidator_13b" time="0.02"/>
  <testcase name="testAbaNumberCheck_27380_bad" classname="com.cardatechnologies.utils.validators.abaroutevalidator.Test_AbaRouteValidator_13b" time="0.02"/>
  <testcase name="testAbaNumberCheck_28194_bad" classname="com.cardatechnologies.utils.validators.abaroutevalidator.Test_AbaRouteValidator_13b" time="0.018"/>
  <testcase name="testAbaNumberCheck_27832_bad" classname="com.cardatechnologies.utils.validators.abaroutevalidator.Test_AbaRouteValidator_13b" time="0.019"/>
  <testcase name="testAbaNumberCheck_28646_bad" classname="com.cardatechnologies.utils.validators.abaroutevalidator.Test_AbaRouteValidator_13b" time="0.021"/>
  <testcase name="testAbaNumberCheck_27382_bad" classname="com.cardatechnologies.utils.validators.abaroutevalidator.Test_AbaRouteValidator_13b" time="0.022"/>
  <testcase name="testAbaNumberCheck_28196_bad" classname="com.cardatechnologies.utils.validators.abaroutevalidator.Test_AbaRouteValidator_13b" time="0.018"/>
  <testcase name="testAbaNumberCheck_27834_bad" classname="com.cardatechnologies.utils.validators.abaroutevalidator.Test_AbaRouteValidator_13b" time="0.018"/>
  <testcase name="testAbaNumberCheck_28648_bad" classname="com.cardatechnologies.utils.validators.abaroutevalidator.Test_AbaRouteValidator_13b" time="0.018"/>
  <testcase name="testAbaNumberCheck_27384_bad" classname="com.cardatechnologies.utils.validators.abaroutevalidator.Test_AbaRouteValidator_13b" time="0.027"/>
  <testcase name="testAbaNumberCheck_28198_bad" classname="com.cardatechnologies.utils.validators.abaroutevalidator.Test_AbaRouteValidator_13b" time="0.021"/>
  <testcase name="testAbaNumberCheck_27836_bad" classname="com.cardatechnologies.utils.validators.abaroutevalidator.Test_AbaRouteValidator_13b" time="0.02"/>
  <testcase name="testAbaNumberCheck_27386_bad" classname="com.cardatechnologies.utils.validators.abaroutevalidator.Test_AbaRouteValidator_13b" time="0.022"/>
  <testcase name="testAbaNumberCheck_27699_good" classname="com.cardatechnologies.utils.validators.abaroutevalidator.Test_AbaRouteValidator_13b" time="0.021"/>
  <testcase name="testAbaNumberCheck_27838_bad" classname="com.cardatechnologies.utils.validators.abaroutevalidator.Test_AbaRouteValidator_13b" time="0.017"/>
  <testcase name="testAbaNumberCheck_27388_bad" classname="com.cardatechnologies.utils.validators.abaroutevalidator.Test_AbaRouteValidator_13b" time="0.018"/>
  <testcase name="testAbaNumberCheck_29910_bad" classname="com.cardatechnologies.utils.validators.abaroutevalidator.Test_AbaRouteValidator_13b" time="0.018"/>
  <testcase name="testAbaNumberCheck_29460_bad" classname="com.cardatechnologies.utils.validators.abaroutevalidator.Test_AbaRouteValidator_13b" time="0.018"/>
  <testcase name="testAbaNumberCheck_29912_bad" classname="com.cardatechnologies.utils.validators.abaroutevalidator.Test_AbaRouteValidator_13b" time="0.018"/>
  <testcase name="testAbaNumberCheck_29462_bad" classname="com.cardatechnologies.utils.validators.abaroutevalidator.Test_AbaRouteValidator_13b" time="0.018"/>
  <testcase name="testAbaNumberCheck_29914_bad" classname="com.cardatechnologies.utils.validators.abaroutevalidator.Test_AbaRouteValidator_13b" time="0.017"/>
  <testcase name="testAbaNumberCheck_28650_bad" classname="com.cardatechnologies.utils.validators.abaroutevalidator.Test_AbaRouteValidator_13b" time="0.018"/>
  <testcase name="testAbaNumberCheck_29464_bad" classname="com.cardatechnologies.utils.validators.abaroutevalidator.Test_AbaRouteValidator_13b" time="0.017"/>
  <testcase name="testAbaNumberCheck_29916_bad" classname="com.cardatechnologies.utils.validators.abaroutevalidator.Test_AbaRouteValidator_13b" time="0.018"/>
  <testcase name="testAbaNumberCheck_28652_bad" classname="com.cardatechnologies.utils.validators.abaroutevalidator.Test_AbaRouteValidator_13b" time="0.017"/>
  <testcase name="testAbaNumberCheck_29466_bad" classname="com.cardatechnologies.utils.validators.abaroutevalidator.Test_AbaRouteValidator_13b" time="0.018"/>
  <testcase name="testAbaNumberCheck_29918_bad" classname="com.cardatechnologies.utils.validators.abaroutevalidator.Test_AbaRouteValidator_13b" time="0.019"/>
  <testcase name="testAbaNumberCheck_27840_bad" classname="com.cardatechnologies.utils.validators.abaroutevalidator.Test_AbaRouteValidator_13b" time="0.017"/>
  <testcase name="testAbaNumberCheck_28654_bad" classname="com.cardatechnologies.utils.validators.abaroutevalidator.Test_AbaRouteValidator_13b" time="0.019"/>
  <testcase name="testAbaNumberCheck_29468_bad" classname="com.cardatechnologies.utils.validators.abaroutevalidator.Test_AbaRouteValidator_13b" time="0.018"/>
  <testcase name="testAbaNumberCheck_27390_bad" classname="com.cardatechnologies.utils.validators.abaroutevalidator.Test_AbaRouteValidator_13b" time="0.018"/>
  <testcase name="testAbaNumberCheck_27842_bad" classname="com.cardatechnologies.utils.validators.abaroutevalidator.Test_AbaRouteValidator_13b" time="0.017"/>
  <testcase name="testAbaNumberCheck_28656_bad" classname="com.cardatechnologies.utils.validators.abaroutevalidator.Test_AbaRouteValidator_13b" time="0.022"/>
  <testcase name="testAbaNumberCheck_27392_bad" classname="com.cardatechnologies.utils.validators.abaroutevalidator.Test_AbaRouteValidator_13b" time="0.02"/>
  <testcase name="testAbaNumberCheck_27844_bad" classname="com.cardatechnologies.utils.validators.abaroutevalidator.Test_AbaRouteValidator_13b" time="0.018"/>
  <testcase name="testAbaNumberCheck_28658_bad" classname="com.cardatechnologies.utils.validators.abaroutevalidator.Test_AbaRouteValidator_13b" time="0.018"/>
  <testcase name="testAbaNumberCheck_27394_bad" classname="com.cardatechnologies.utils.validators.abaroutevalidator.Test_AbaRouteValidator_13b" time="0.018"/>
  <testcase name="testAbaNumberCheck_27846_bad" classname="com.cardatechnologies.utils.validators.abaroutevalidator.Test_AbaRouteValidator_13b" time="0.017"/>
  <testcase name="testAbaNumberCheck_27396_bad" classname="com.cardatechnologies.utils.validators.abaroutevalidator.Test_AbaRouteValidator_13b" time="0.018"/>
  <testcase name="testAbaNumberCheck_27848_bad" classname="com.cardatechnologies.utils.validators.abaroutevalidator.Test_AbaRouteValidator_13b" time="0.018"/>
  <testcase name="testAbaNumberCheck_27398_bad" classname="com.cardatechnologies.utils.validators.abaroutevalidator.Test_AbaRouteValidator_13b" time="0.018"/>
  <testcase name="testAbaNumberCheck_29920_bad" classname="com.cardatechnologies.utils.validators.abaroutevalidator.Test_AbaRouteValidator_13b" time="0.025"/>
  <testcase name="testAbaNumberCheck_29470_bad" classname="com.cardatechnologies.utils.validators.abaroutevalidator.Test_AbaRouteValidator_13b" time="0.018"/>
  <testcase name="testAbaNumberCheck_29922_bad" classname="com.cardatechnologies.utils.validators.abaroutevalidator.Test_AbaRouteValidator_13b" time="0.018"/>
  <testcase name="testAbaNumberCheck_29472_bad" classname="com.cardatechnologies.utils.validators.abaroutevalidator.Test_AbaRouteValidator_13b" time="0.017"/>
  <testcase name="testAbaNumberCheck_27989_good" classname="com.cardatechnologies.utils.validators.abaroutevalidator.Test_AbaRouteValidator_13b" time="0.018"/>
  <testcase name="testAbaNumberCheck_29924_bad" classname="com.cardatechnologies.utils.validators.abaroutevalidator.Test_AbaRouteValidator_13b" time="0.019"/>
  <testcase name="testAbaNumberCheck_28660_bad" classname="com.cardatechnologies.utils.validators.abaroutevalidator.Test_AbaRouteValidator_13b" time="0.018"/>
  <testcase name="testAbaNumberCheck_29474_bad" classname="com.cardatechnologies.utils.validators.abaroutevalidator.Test_AbaRouteValidator_13b" time="0.019"/>
  <testcase name="testAbaNumberCheck_29926_bad" classname="com.cardatechnologies.utils.validators.abaroutevalidator.Test_AbaRouteValidator_13b" time="0.018"/>
  <testcase name="testAbaNumberCheck_28662_bad" classname="com.cardatechnologies.utils.validators.abaroutevalidator.Test_AbaRouteValidator_13b" time="0.017"/>
  <testcase name="testAbaNumberCheck_29476_bad" classname="com.cardatechnologies.utils.validators.abaroutevalidator.Test_AbaRouteValidator_13b" time="0.019"/>
  <testcase name="testAbaNumberCheck_29928_bad" classname="com.cardatechnologies.utils.validators.abaroutevalidator.Test_AbaRouteValidator_13b" time="0.017"/>
  <testcase name="testAbaNumberCheck_27850_bad" classname="com.cardatechnologies.utils.validators.abaroutevalidator.Test_AbaRouteValidator_13b" time="0.018"/>
  <testcase name="testAbaNumberCheck_28664_bad" classname="com.cardatechnologies.utils.validators.abaroutevalidator.Test_AbaRouteValidator_13b" time="0.018"/>
  <testcase name="testAbaNumberCheck_29478_bad" classname="com.cardatechnologies.utils.validators.abaroutevalidator.Test_AbaRouteValidator_13b" time="0.018"/>
  <testcase name="testAbaNumberCheck_27852_bad" classname="com.cardatechnologies.utils.validators.abaroutevalidator.Test_AbaRouteValidator_13b" time="0.019"/>
  <testcase name="testAbaNumberCheck_28666_bad" classname="com.cardatechnologies.utils.validators.abaroutevalidator.Test_AbaRouteValidator_13b" time="0.018"/>
  <testcase name="testAbaNumberCheck_27854_bad" classname="com.cardatechnologies.utils.validators.abaroutevalidator.Test_AbaRouteValidator_13b" time="0.018"/>
  <testcase name="testAbaNumberCheck_28668_bad" classname="com.cardatechnologies.utils.validators.abaroutevalidator.Test_AbaRouteValidator_13b" time="0.017"/>
  <testcase name="testAbaNumberCheck_27856_bad" classname="com.cardatechnologies.utils.validators.abaroutevalidator.Test_AbaRouteValidator_13b" time="0.021"/>
  <testcase name="testAbaNumberCheck_27858_bad" classname="com.cardatechnologies.utils.validators.abaroutevalidator.Test_AbaRouteValidator_13b" time="0.023"/>
  <testcase name="testAbaNumberCheck_29930_bad" classname="com.cardatechnologies.utils.validators.abaroutevalidator.Test_AbaRouteValidator_13b" time="0.019"/>
  <testcase name="testAbaNumberCheck_29480_bad" classname="com.cardatechnologies.utils.validators.abaroutevalidator.Test_AbaRouteValidator_13b" time="0.018"/>
  <testcase name="testAbaNumberCheck_29932_bad" classname="com.cardatechnologies.utils.validators.abaroutevalidator.Test_AbaRouteValidator_13b" time="0.019"/>
  <testcase name="testAbaNumberCheck_29011_good" classname="com.cardatechnologies.utils.validators.abaroutevalidator.Test_AbaRouteValidator_13b" time="0.017"/>
  <testcase name="testAbaNumberCheck_29482_bad" classname="com.cardatechnologies.utils.validators.abaroutevalidator.Test_AbaRouteValidator_13b" time="0.018"/>
  <testcase name="testAbaNumberCheck_29934_bad" classname="com.cardatechnologies.utils.validators.abaroutevalidator.Test_AbaRouteValidator_13b" time="0.018"/>
  <testcase name="testAbaNumberCheck_28670_bad" classname="com.cardatechnologies.utils.validators.abaroutevalidator.Test_AbaRouteValidator_13b" time="0.019"/>
  <testcase name="testAbaNumberCheck_29484_bad" classname="com.cardatechnologies.utils.validators.abaroutevalidator.Test_AbaRouteValidator_13b" time="0.032"/>
  <testcase name="testAbaNumberCheck_29936_bad" classname="com.cardatechnologies.utils.validators.abaroutevalidator.Test_AbaRouteValidator_13b" time="0.018"/>
  <testcase name="testAbaNumberCheck_28672_bad" classname="com.cardatechnologies.utils.validators.abaroutevalidator.Test_AbaRouteValidator_13b" time="0.019"/>
  <testcase name="testAbaNumberCheck_29486_bad" classname="com.cardatechnologies.utils.validators.abaroutevalidator.Test_AbaRouteValidator_13b" time="0.019"/>
  <testcase name="testAbaNumberCheck_29938_bad" classname="com.cardatechnologies.utils.validators.abaroutevalidator.Test_AbaRouteValidator_13b" time="0.018"/>
  <testcase name="testAbaNumberCheck_27860_bad" classname="com.cardatechnologies.utils.validators.abaroutevalidator.Test_AbaRouteValidator_13b" time="0.019"/>
  <testcase name="testAbaNumberCheck_28674_bad" classname="com.cardatechnologies.utils.validators.abaroutevalidator.Test_AbaRouteValidator_13b" time="0.017"/>
  <testcase name="testAbaNumberCheck_29488_bad" classname="com.cardatechnologies.utils.validators.abaroutevalidator.Test_AbaRouteValidator_13b" time="0.02"/>
  <testcase name="testAbaNumberCheck_27862_bad" classname="com.cardatechnologies.utils.validators.abaroutevalidator.Test_AbaRouteValidator_13b" time="0.019"/>
  <testcase name="testAbaNumberCheck_28676_bad" classname="com.cardatechnologies.utils.validators.abaroutevalidator.Test_AbaRouteValidator_13b" time="0.018"/>
  <testcase name="testAbaNumberCheck_27864_bad" classname="com.cardatechnologies.utils.validators.abaroutevalidator.Test_AbaRouteValidator_13b" time="0.018"/>
  <testcase name="testAbaNumberCheck_28678_bad" classname="com.cardatechnologies.utils.validators.abaroutevalidator.Test_AbaRouteValidator_13b" time="0.017"/>
  <testcase name="testAbaNumberCheck_27866_bad" classname="com.cardatechnologies.utils.validators.abaroutevalidator.Test_AbaRouteValidator_13b" time="0.018"/>
  <testcase name="testAbaNumberCheck_27868_bad" classname="com.cardatechnologies.utils.validators.abaroutevalidator.Test_AbaRouteValidator_13b" time="0.018"/>
  <testcase name="testAbaNumberCheck_29940_bad" classname="com.cardatechnologies.utils.validators.abaroutevalidator.Test_AbaRouteValidator_13b" time="0.018"/>
  <testcase name="testAbaNumberCheck_29490_bad" classname="com.cardatechnologies.utils.validators.abaroutevalidator.Test_AbaRouteValidator_13b" time="0.018"/>
  <testcase name="testAbaNumberCheck_29942_bad" classname="com.cardatechnologies.utils.validators.abaroutevalidator.Test_AbaRouteValidator_13b" time="0.019"/>
  <testcase name="testAbaNumberCheck_29492_bad" classname="com.cardatechnologies.utils.validators.abaroutevalidator.Test_AbaRouteValidator_13b" time="0.017"/>
  <testcase name="testAbaNumberCheck_29944_bad" classname="com.cardatechnologies.utils.validators.abaroutevalidator.Test_AbaRouteValidator_13b" time="0.018"/>
  <testcase name="testAbaNumberCheck_28680_bad" classname="com.cardatechnologies.utils.validators.abaroutevalidator.Test_AbaRouteValidator_13b" time="0.025"/>
  <testcase name="testAbaNumberCheck_29494_bad" classname="com.cardatechnologies.utils.validators.abaroutevalidator.Test_AbaRouteValidator_13b" time="0.018"/>
  <testcase name="testAbaNumberCheck_29946_bad" classname="com.cardatechnologies.utils.validators.abaroutevalidator.Test_AbaRouteValidator_13b" time="0.016"/>
  <testcase name="testAbaNumberCheck_28682_bad" classname="com.cardatechnologies.utils.validators.abaroutevalidator.Test_AbaRouteValidator_13b" time="0.019"/>
  <testcase name="testAbaNumberCheck_29496_bad" classname="com.cardatechnologies.utils.validators.abaroutevalidator.Test_AbaRouteValidator_13b" time="0.017"/>
  <testcase name="testAbaNumberCheck_29948_bad" classname="com.cardatechnologies.utils.validators.abaroutevalidator.Test_AbaRouteValidator_13b" time="0.018"/>
  <testcase name="testAbaNumberCheck_27870_bad" classname="com.cardatechnologies.utils.validators.abaroutevalidator.Test_AbaRouteValidator_13b" time="0.018"/>
  <testcase name="testAbaNumberCheck_28684_bad" classname="com.cardatechnologies.utils.validators.abaroutevalidator.Test_AbaRouteValidator_13b" time="0.018"/>
  <testcase name="testAbaNumberCheck_29498_bad" classname="com.cardatechnologies.utils.validators.abaroutevalidator.Test_AbaRouteValidator_13b" time="0.021"/>
  <testcase name="testAbaNumberCheck_27872_bad" classname="com.cardatechnologies.utils.validators.abaroutevalidator.Test_AbaRouteValidator_13b" time="0.024"/>
  <testcase name="testAbaNumberCheck_28686_bad" classname="com.cardatechnologies.utils.validators.abaroutevalidator.Test_AbaRouteValidator_13b" time="0.018"/>
  <testcase name="testAbaNumberCheck_27874_bad" classname="com.cardatechnologies.utils.validators.abaroutevalidator.Test_AbaRouteValidator_13b" time="0.018"/>
  <testcase name="testAbaNumberCheck_28688_bad" classname="com.cardatechnologies.utils.validators.abaroutevalidator.Test_AbaRouteValidator_13b" time="0.018"/>
  <testcase name="testAbaNumberCheck_27876_bad" classname="com.cardatechnologies.utils.validators.abaroutevalidator.Test_AbaRouteValidator_13b" time="0.017"/>
  <testcase name="testAbaNumberCheck_27878_bad" classname="com.cardatechnologies.utils.validators.abaroutevalidator.Test_AbaRouteValidator_13b" time="0.018"/>
  <testcase name="testAbaNumberCheck_29301_good" classname="com.cardatechnologies.utils.validators.abaroutevalidator.Test_AbaRouteValidator_13b" time="0.018"/>
  <testcase name="testAbaNumberCheck_29950_bad" classname="com.cardatechnologies.utils.validators.abaroutevalidator.Test_AbaRouteValidator_13b" time="0.018"/>
  <testcase name="testAbaNumberCheck_29952_bad" classname="com.cardatechnologies.utils.validators.abaroutevalidator.Test_AbaRouteValidator_13b" time="0.017"/>
  <testcase name="testAbaNumberCheck_29013_good" classname="com.cardatechnologies.utils.validators.abaroutevalidator.Test_AbaRouteValidator_13b" time="0.018"/>
  <testcase name="testAbaNumberCheck_29954_bad" classname="com.cardatechnologies.utils.validators.abaroutevalidator.Test_AbaRouteValidator_13b" time="0.018"/>
  <testcase name="testAbaNumberCheck_28690_bad" classname="com.cardatechnologies.utils.validators.abaroutevalidator.Test_AbaRouteValidator_13b" time="0.018"/>
  <testcase name="testAbaNumberCheck_29956_bad" classname="com.cardatechnologies.utils.validators.abaroutevalidator.Test_AbaRouteValidator_13b" time="0.018"/>
  <testcase name="testAbaNumberCheck_28692_bad" classname="com.cardatechnologies.utils.validators.abaroutevalidator.Test_AbaRouteValidator_13b" time="0.018"/>
  <testcase name="testAbaNumberCheck_29958_bad" classname="com.cardatechnologies.utils.validators.abaroutevalidator.Test_AbaRouteValidator_13b" time="0.017"/>
  <testcase name="testAbaNumberCheck_27880_bad" classname="com.cardatechnologies.utils.validators.abaroutevalidator.Test_AbaRouteValidator_13b" time="0.018"/>
  <testcase name="testAbaNumberCheck_28694_bad" classname="com.cardatechnologies.utils.validators.abaroutevalidator.Test_AbaRouteValidator_13b" time="0.017"/>
  <testcase name="testAbaNumberCheck_27882_bad" classname="com.cardatechnologies.utils.validators.abaroutevalidator.Test_AbaRouteValidator_13b" time="0.018"/>
  <testcase name="testAbaNumberCheck_28696_bad" classname="com.cardatechnologies.utils.validators.abaroutevalidator.Test_AbaRouteValidator_13b" time="0.017"/>
  <testcase name="testAbaNumberCheck_27884_bad" classname="com.cardatechnologies.utils.validators.abaroutevalidator.Test_AbaRouteValidator_13b" time="0.021"/>
  <testcase name="testAbaNumberCheck_28698_bad" classname="com.cardatechnologies.utils.validators.abaroutevalidator.Test_AbaRouteValidator_13b" time="0.022"/>
  <testcase name="testAbaNumberCheck_27886_bad" classname="com.cardatechnologies.utils.validators.abaroutevalidator.Test_AbaRouteValidator_13b" time="0.018"/>
  <testcase name="testAbaNumberCheck_27888_bad" classname="com.cardatechnologies.utils.validators.abaroutevalidator.Test_AbaRouteValidator_13b" time="0.018"/>
  <testcase name="testAbaNumberCheck_29221_good" classname="com.cardatechnologies.utils.validators.abaroutevalidator.Test_AbaRouteValidator_13b" time="0.018"/>
  <testcase name="testAbaNumberCheck_29960_bad" classname="com.cardatechnologies.utils.validators.abaroutevalidator.Test_AbaRouteValidator_13b" time="0.018"/>
  <testcase name="testAbaNumberCheck_29962_bad" classname="com.cardatechnologies.utils.validators.abaroutevalidator.Test_AbaRouteValidator_13b" time="0.018"/>
  <testcase name="testAbaNumberCheck_29964_bad" classname="com.cardatechnologies.utils.validators.abaroutevalidator.Test_AbaRouteValidator_13b" time="0.018"/>
  <testcase name="testAbaNumberCheck_29966_bad" classname="com.cardatechnologies.utils.validators.abaroutevalidator.Test_AbaRouteValidator_13b" time="0.016"/>
  <testcase name="testAbaNumberCheck_29968_bad" classname="com.cardatechnologies.utils.validators.abaroutevalidator.Test_AbaRouteValidator_13b" time="0.029"/>
  <testcase name="testAbaNumberCheck_27890_bad" classname="com.cardatechnologies.utils.validators.abaroutevalidator.Test_AbaRouteValidator_13b" time="0.018"/>
  <testcase name="testAbaNumberCheck_27892_bad" classname="com.cardatechnologies.utils.validators.abaroutevalidator.Test_AbaRouteValidator_13b" time="0.024"/>
  <testcase name="testAbaNumberCheck_27894_bad" classname="com.cardatechnologies.utils.validators.abaroutevalidator.Test_AbaRouteValidator_13b" time="0.019"/>
  <testcase name="testAbaNumberCheck_27896_bad" classname="com.cardatechnologies.utils.validators.abaroutevalidator.Test_AbaRouteValidator_13b" time="0.018"/>
  <testcase name="testAbaNumberCheck_27898_bad" classname="com.cardatechnologies.utils.validators.abaroutevalidator.Test_AbaRouteValidator_13b" time="0.018"/>
  <testcase name="testAbaNumberCheck_29303_good" classname="com.cardatechnologies.utils.validators.abaroutevalidator.Test_AbaRouteValidator_13b" time="0.018"/>
  <testcase name="testAbaNumberCheck_29141_good" classname="com.cardatechnologies.utils.validators.abaroutevalidator.Test_AbaRouteValidator_13b" time="0.017"/>
  <testcase name="testAbaNumberCheck_28201_good" classname="com.cardatechnologies.utils.validators.abaroutevalidator.Test_AbaRouteValidator_13b" time="0.019"/>
  <testcase name="testAbaNumberCheck_29970_bad" classname="com.cardatechnologies.utils.validators.abaroutevalidator.Test_AbaRouteValidator_13b" time="0.017"/>
  <testcase name="testAbaNumberCheck_29972_bad" classname="com.cardatechnologies.utils.validators.abaroutevalidator.Test_AbaRouteValidator_13b" time="0.018"/>
  <testcase name="testAbaNumberCheck_29015_good" classname="com.cardatechnologies.utils.validators.abaroutevalidator.Test_AbaRouteValidator_13b" time="0.018"/>
  <testcase name="testAbaNumberCheck_29974_bad" classname="com.cardatechnologies.utils.validators.abaroutevalidator.Test_AbaRouteValidator_13b" time="0.047"/>
  <testcase name="testAbaNumberCheck_29976_bad" classname="com.cardatechnologies.utils.validators.abaroutevalidator.Test_AbaRouteValidator_13b" time="0.018"/>
  <testcase name="testAbaNumberCheck_29978_bad" classname="com.cardatechnologies.utils.validators.abaroutevalidator.Test_AbaRouteValidator_13b" time="0.018"/>
  <testcase name="testAbaNumberCheck_29511_good" classname="com.cardatechnologies.utils.validators.abaroutevalidator.Test_AbaRouteValidator_13b" time="0.018"/>
  <testcase name="testAbaNumberCheck_29223_good" classname="com.cardatechnologies.utils.validators.abaroutevalidator.Test_AbaRouteValidator_13b" time="0.018"/>
  <testcase name="testAbaNumberCheck_29980_bad" classname="com.cardatechnologies.utils.validators.abaroutevalidator.Test_AbaRouteValidator_13b" time="0.024"/>
  <testcase name="testAbaNumberCheck_29061_good" classname="com.cardatechnologies.utils.validators.abaroutevalidator.Test_AbaRouteValidator_13b" time="0.018"/>
  <testcase name="testAbaNumberCheck_29982_bad" classname="com.cardatechnologies.utils.validators.abaroutevalidator.Test_AbaRouteValidator_13b" time="0.018"/>
  <testcase name="testAbaNumberCheck_28121_good" classname="com.cardatechnologies.utils.validators.abaroutevalidator.Test_AbaRouteValidator_13b" time="0.017"/>
  <testcase name="testAbaNumberCheck_29984_bad" classname="com.cardatechnologies.utils.validators.abaroutevalidator.Test_AbaRouteValidator_13b" time="0.018"/>
  <testcase name="testAbaNumberCheck_29986_bad" classname="com.cardatechnologies.utils.validators.abaroutevalidator.Test_AbaRouteValidator_13b" time="0.018"/>
  <testcase name="testAbaNumberCheck_29988_bad" classname="com.cardatechnologies.utils.validators.abaroutevalidator.Test_AbaRouteValidator_13b" time="0.017"/>
  <testcase name="testAbaNumberCheck_29431_good" classname="com.cardatechnologies.utils.validators.abaroutevalidator.Test_AbaRouteValidator_13b" time="0.017"/>
  <testcase name="testAbaNumberCheck_29305_good" classname="com.cardatechnologies.utils.validators.abaroutevalidator.Test_AbaRouteValidator_13b" time="0.018"/>
  <testcase name="testAbaNumberCheck_29143_good" classname="com.cardatechnologies.utils.validators.abaroutevalidator.Test_AbaRouteValidator_13b" time="0.024"/>
  <testcase name="testAbaNumberCheck_28203_good" classname="com.cardatechnologies.utils.validators.abaroutevalidator.Test_AbaRouteValidator_13b" time="0.022"/>
  <testcase name="testAbaNumberCheck_29990_bad" classname="com.cardatechnologies.utils.validators.abaroutevalidator.Test_AbaRouteValidator_13b" time="0.018"/>
  <testcase name="testAbaNumberCheck_29801_good" classname="com.cardatechnologies.utils.validators.abaroutevalidator.Test_AbaRouteValidator_13b" time="0.018"/>
  <testcase name="testAbaNumberCheck_29992_bad" classname="com.cardatechnologies.utils.validators.abaroutevalidator.Test_AbaRouteValidator_13b" time="0.018"/>
  <testcase name="testAbaNumberCheck_29017_good" classname="com.cardatechnologies.utils.validators.abaroutevalidator.Test_AbaRouteValidator_13b" time="0.017"/>
  <testcase name="testAbaNumberCheck_29994_bad" classname="com.cardatechnologies.utils.validators.abaroutevalidator.Test_AbaRouteValidator_13b" time="0.018"/>
  <testcase name="testAbaNumberCheck_28041_good" classname="com.cardatechnologies.utils.validators.abaroutevalidator.Test_AbaRouteValidator_13b" time="0.018"/>
  <testcase name="testAbaNumberCheck_29996_bad" classname="com.cardatechnologies.utils.validators.abaroutevalidator.Test_AbaRouteValidator_13b" time="0.018"/>
  <testcase name="testAbaNumberCheck_29998_bad" classname="com.cardatechnologies.utils.validators.abaroutevalidator.Test_AbaRouteValidator_13b" time="0.019"/>
  <testcase name="testAbaNumberCheck_29513_good" classname="com.cardatechnologies.utils.validators.abaroutevalidator.Test_AbaRouteValidator_13b" time="0.018"/>
  <testcase name="testAbaNumberCheck_29351_good" classname="com.cardatechnologies.utils.validators.abaroutevalidator.Test_AbaRouteValidator_13b" time="0.017"/>
  <testcase name="testAbaNumberCheck_28411_good" classname="com.cardatechnologies.utils.validators.abaroutevalidator.Test_AbaRouteValidator_13b" time="0.018"/>
  <testcase name="testAbaNumberCheck_29225_good" classname="com.cardatechnologies.utils.validators.abaroutevalidator.Test_AbaRouteValidator_13b" time="0.019"/>
  <testcase name="testAbaNumberCheck_29063_good" classname="com.cardatechnologies.utils.validators.abaroutevalidator.Test_AbaRouteValidator_13b" time="0.017"/>
  <testcase name="testAbaNumberCheck_28123_good" classname="com.cardatechnologies.utils.validators.abaroutevalidator.Test_AbaRouteValidator_13b" time="0.019"/>
  <testcase name="testAbaNumberCheck_29721_good" classname="com.cardatechnologies.utils.validators.abaroutevalidator.Test_AbaRouteValidator_13b" time="0.017"/>
  <testcase name="testAbaNumberCheck_29433_good" classname="com.cardatechnologies.utils.validators.abaroutevalidator.Test_AbaRouteValidator_13b" time="0.017"/>
  <testcase name="testAbaNumberCheck_29307_good" classname="com.cardatechnologies.utils.validators.abaroutevalidator.Test_AbaRouteValidator_13b" time="0.019"/>
  <testcase name="testAbaNumberCheck_29271_good" classname="com.cardatechnologies.utils.validators.abaroutevalidator.Test_AbaRouteValidator_13b" time="0.021"/>
  <testcase name="testAbaNumberCheck_28331_good" classname="com.cardatechnologies.utils.validators.abaroutevalidator.Test_AbaRouteValidator_13b" time="0.021"/>
  <testcase name="testAbaNumberCheck_29145_good" classname="com.cardatechnologies.utils.validators.abaroutevalidator.Test_AbaRouteValidator_13b" time="0.018"/>
  <testcase name="testAbaNumberCheck_28205_good" classname="com.cardatechnologies.utils.validators.abaroutevalidator.Test_AbaRouteValidator_13b" time="0.018"/>
  <testcase name="testAbaNumberCheck_29803_good" classname="com.cardatechnologies.utils.validators.abaroutevalidator.Test_AbaRouteValidator_13b" time="0.017"/>
  <testcase name="testAbaNumberCheck_29019_good" classname="com.cardatechnologies.utils.validators.abaroutevalidator.Test_AbaRouteValidator_13b" time="0.018"/>
  <testcase name="testAbaNumberCheck_28043_good" classname="com.cardatechnologies.utils.validators.abaroutevalidator.Test_AbaRouteValidator_13b" time="0.018"/>
  <testcase name="testAbaNumberCheck_29641_good" classname="com.cardatechnologies.utils.validators.abaroutevalidator.Test_AbaRouteValidator_13b" time="0.018"/>
  <testcase name="testAbaNumberCheck_28701_good" classname="com.cardatechnologies.utils.validators.abaroutevalidator.Test_AbaRouteValidator_13b" time="0.017"/>
  <testcase name="testAbaNumberCheck_29515_good" classname="com.cardatechnologies.utils.validators.abaroutevalidator.Test_AbaRouteValidator_13b" time="0.022"/>
  <testcase name="testAbaNumberCheck_29353_good" classname="com.cardatechnologies.utils.validators.abaroutevalidator.Test_AbaRouteValidator_13b" time="0.024"/>
  <testcase name="testAbaNumberCheck_28413_good" classname="com.cardatechnologies.utils.validators.abaroutevalidator.Test_AbaRouteValidator_13b" time="0.017"/>
  <testcase name="testAbaNumberCheck_29227_good" classname="com.cardatechnologies.utils.validators.abaroutevalidator.Test_AbaRouteValidator_13b" time="0.018"/>
  <testcase name="testAbaNumberCheck_29191_good" classname="com.cardatechnologies.utils.validators.abaroutevalidator.Test_AbaRouteValidator_13b" time="0.019"/>
  <testcase name="testAbaNumberCheck_28251_good" classname="com.cardatechnologies.utils.validators.abaroutevalidator.Test_AbaRouteValidator_13b" time="0.018"/>
  <testcase name="testAbaNumberCheck_27311_good" classname="com.cardatechnologies.utils.validators.abaroutevalidator.Test_AbaRouteValidator_13b" time="0.017"/>
  <testcase name="testAbaNumberCheck_29065_good" classname="com.cardatechnologies.utils.validators.abaroutevalidator.Test_AbaRouteValidator_13b" time="0.02"/>
  <testcase name="testAbaNumberCheck_28125_good" classname="com.cardatechnologies.utils.validators.abaroutevalidator.Test_AbaRouteValidator_13b" time="0.018"/>
  <testcase name="testAbaNumberCheck_29723_good" classname="com.cardatechnologies.utils.validators.abaroutevalidator.Test_AbaRouteValidator_13b" time="0.018"/>
  <testcase name="testAbaNumberCheck_29561_good" classname="com.cardatechnologies.utils.validators.abaroutevalidator.Test_AbaRouteValidator_13b" time="0.018"/>
  <testcase name="testAbaNumberCheck_28621_good" classname="com.cardatechnologies.utils.validators.abaroutevalidator.Test_AbaRouteValidator_13b" time="0.021"/>
  <testcase name="testAbaNumberCheck_29435_good" classname="com.cardatechnologies.utils.validators.abaroutevalidator.Test_AbaRouteValidator_13b" time="0.018"/>
  <testcase name="testAbaNumberCheck_29309_good" classname="com.cardatechnologies.utils.validators.abaroutevalidator.Test_AbaRouteValidator_13b" time="0.017"/>
  <testcase name="testAbaNumberCheck_29273_good" classname="com.cardatechnologies.utils.validators.abaroutevalidator.Test_AbaRouteValidator_13b" time="0.018"/>
  <testcase name="testAbaNumberCheck_28333_good" classname="com.cardatechnologies.utils.validators.abaroutevalidator.Test_AbaRouteValidator_13b" time="0.018"/>
  <testcase name="testAbaNumberCheck_29931_good" classname="com.cardatechnologies.utils.validators.abaroutevalidator.Test_AbaRouteValidator_13b" time="0.018"/>
  <testcase name="testAbaNumberCheck_29147_good" classname="com.cardatechnologies.utils.validators.abaroutevalidator.Test_AbaRouteValidator_13b" time="0.018"/>
  <testcase name="testAbaNumberCheck_28207_good" classname="com.cardatechnologies.utils.validators.abaroutevalidator.Test_AbaRouteValidator_13b" time="0.017"/>
  <testcase name="testAbaNumberCheck_29805_good" classname="com.cardatechnologies.utils.validators.abaroutevalidator.Test_AbaRouteValidator_13b" time="0.022"/>
  <testcase name="testAbaNumberCheck_28171_good" classname="com.cardatechnologies.utils.validators.abaroutevalidator.Test_AbaRouteValidator_13b" time="0.023"/>
  <testcase name="testAbaNumberCheck_27231_good" classname="com.cardatechnologies.utils.validators.abaroutevalidator.Test_AbaRouteValidator_13b" time="0.021"/>
  <testcase name="testAbaNumberCheck_28045_good" classname="com.cardatechnologies.utils.validators.abaroutevalidator.Test_AbaRouteValidator_13b" time="0.022"/>
  <testcase name="testAbaNumberCheck_29643_good" classname="com.cardatechnologies.utils.validators.abaroutevalidator.Test_AbaRouteValidator_13b" time="0.021"/>
  <testcase name="testAbaNumberCheck_28703_good" classname="com.cardatechnologies.utils.validators.abaroutevalidator.Test_AbaRouteValidator_13b" time="0.023"/>
  <testcase name="testAbaNumberCheck_29517_good" classname="com.cardatechnologies.utils.validators.abaroutevalidator.Test_AbaRouteValidator_13b" time="0.021"/>
  <testcase name="testAbaNumberCheck_29481_good" classname="com.cardatechnologies.utils.validators.abaroutevalidator.Test_AbaRouteValidator_13b" time="0.02"/>
  <testcase name="testAbaNumberCheck_28541_good" classname="com.cardatechnologies.utils.validators.abaroutevalidator.Test_AbaRouteValidator_13b" time="0.024"/>
  <testcase name="testAbaNumberCheck_27601_good" classname="com.cardatechnologies.utils.validators.abaroutevalidator.Test_AbaRouteValidator_13b" time="0.02"/>
  <testcase name="testAbaNumberCheck_29355_good" classname="com.cardatechnologies.utils.validators.abaroutevalidator.Test_AbaRouteValidator_13b" time="0.017"/>
  <testcase name="testAbaNumberCheck_28415_good" classname="com.cardatechnologies.utils.validators.abaroutevalidator.Test_AbaRouteValidator_13b" time="0.018"/>
  <testcase name="testAbaNumberCheck_29229_good" classname="com.cardatechnologies.utils.validators.abaroutevalidator.Test_AbaRouteValidator_13b" time="0.02"/>
  <testcase name="testAbaNumberCheck_29193_good" classname="com.cardatechnologies.utils.validators.abaroutevalidator.Test_AbaRouteValidator_13b" time="0.017"/>
  <testcase name="testAbaNumberCheck_28253_good" classname="com.cardatechnologies.utils.validators.abaroutevalidator.Test_AbaRouteValidator_13b" time="0.018"/>
  <testcase name="testAbaNumberCheck_27313_good" classname="com.cardatechnologies.utils.validators.abaroutevalidator.Test_AbaRouteValidator_13b" time="0.018"/>
  <testcase name="testAbaNumberCheck_29851_good" classname="com.cardatechnologies.utils.validators.abaroutevalidator.Test_AbaRouteValidator_13b" time="0.017"/>
  <testcase name="testAbaNumberCheck_28911_good" classname="com.cardatechnologies.utils.validators.abaroutevalidator.Test_AbaRouteValidator_13b" time="0.017"/>
  <testcase name="testAbaNumberCheck_29067_good" classname="com.cardatechnologies.utils.validators.abaroutevalidator.Test_AbaRouteValidator_13b" time="0.018"/>
  <testcase name="testAbaNumberCheck_28127_good" classname="com.cardatechnologies.utils.validators.abaroutevalidator.Test_AbaRouteValidator_13b" time="0.017"/>
  <testcase name="testAbaNumberCheck_29725_good" classname="com.cardatechnologies.utils.validators.abaroutevalidator.Test_AbaRouteValidator_13b" time="0.018"/>
  <testcase name="testAbaNumberCheck_28091_good" classname="com.cardatechnologies.utils.validators.abaroutevalidator.Test_AbaRouteValidator_13b" time="0.019"/>
  <testcase name="testAbaNumberCheck_29563_good" classname="com.cardatechnologies.utils.validators.abaroutevalidator.Test_AbaRouteValidator_13b" time="0.018"/>
  <testcase name="testAbaNumberCheck_28623_good" classname="com.cardatechnologies.utils.validators.abaroutevalidator.Test_AbaRouteValidator_13b" time="0.019"/>
  <testcase name="testAbaNumberCheck_29437_good" classname="com.cardatechnologies.utils.validators.abaroutevalidator.Test_AbaRouteValidator_13b" time="0.016"/>
  <testcase name="testAbaNumberCheck_28461_good" classname="com.cardatechnologies.utils.validators.abaroutevalidator.Test_AbaRouteValidator_13b" time="0.019"/>
  <testcase name="testAbaNumberCheck_27521_good" classname="com.cardatechnologies.utils.validators.abaroutevalidator.Test_AbaRouteValidator_13b" time="0.018"/>
  <testcase name="testAbaNumberCheck_29275_good" classname="com.cardatechnologies.utils.validators.abaroutevalidator.Test_AbaRouteValidator_13b" time="0.021"/>
  <testcase name="testAbaNumberCheck_28335_good" classname="com.cardatechnologies.utils.validators.abaroutevalidator.Test_AbaRouteValidator_13b" time="0.021"/>
  <testcase name="testAbaNumberCheck_29933_good" classname="com.cardatechnologies.utils.validators.abaroutevalidator.Test_AbaRouteValidator_13b" time="0.018"/>
  <testcase name="testAbaNumberCheck_29149_good" classname="com.cardatechnologies.utils.validators.abaroutevalidator.Test_AbaRouteValidator_13b" time="0.019"/>
  <testcase name="testAbaNumberCheck_28209_good" classname="com.cardatechnologies.utils.validators.abaroutevalidator.Test_AbaRouteValidator_13b" time="0.017"/>
  <testcase name="testAbaNumberCheck_29807_good" classname="com.cardatechnologies.utils.validators.abaroutevalidator.Test_AbaRouteValidator_13b" time="0.018"/>
  <testcase name="testAbaNumberCheck_28173_good" classname="com.cardatechnologies.utils.validators.abaroutevalidator.Test_AbaRouteValidator_13b" time="0.017"/>
  <testcase name="testAbaNumberCheck_27233_good" classname="com.cardatechnologies.utils.validators.abaroutevalidator.Test_AbaRouteValidator_13b" time="0.018"/>
  <testcase name="testAbaNumberCheck_29771_good" classname="com.cardatechnologies.utils.validators.abaroutevalidator.Test_AbaRouteValidator_13b" time="0.019"/>
  <testcase name="testAbaNumberCheck_28831_good" classname="com.cardatechnologies.utils.validators.abaroutevalidator.Test_AbaRouteValidator_13b" time="0.021"/>
  <testcase name="testAbaNumberCheck_28047_good" classname="com.cardatechnologies.utils.validators.abaroutevalidator.Test_AbaRouteValidator_13b" time="0.024"/>
  <testcase name="testAbaNumberCheck_29645_good" classname="com.cardatechnologies.utils.validators.abaroutevalidator.Test_AbaRouteValidator_13b" time="0.018"/>
  <testcase name="testAbaNumberCheck_28705_good" classname="com.cardatechnologies.utils.validators.abaroutevalidator.Test_AbaRouteValidator_13b" time="0.018"/>
  <testcase name="testAbaNumberCheck_29519_good" classname="com.cardatechnologies.utils.validators.abaroutevalidator.Test_AbaRouteValidator_13b" time="0.018"/>
  <testcase name="testAbaNumberCheck_29483_good" classname="com.cardatechnologies.utils.validators.abaroutevalidator.Test_AbaRouteValidator_13b" time="0.018"/>
  <testcase name="testAbaNumberCheck_28543_good" classname="com.cardatechnologies.utils.validators.abaroutevalidator.Test_AbaRouteValidator_13b" time="0.018"/>
  <testcase name="testAbaNumberCheck_27603_good" classname="com.cardatechnologies.utils.validators.abaroutevalidator.Test_AbaRouteValidator_13b" time="0.017"/>
  <testcase name="testAbaNumberCheck_29357_good" classname="com.cardatechnologies.utils.validators.abaroutevalidator.Test_AbaRouteValidator_13b" time="0.018"/>
  <testcase name="testAbaNumberCheck_28417_good" classname="com.cardatechnologies.utils.validators.abaroutevalidator.Test_AbaRouteValidator_13b" time="0.018"/>
  <testcase name="testAbaNumberCheck_28381_good" classname="com.cardatechnologies.utils.validators.abaroutevalidator.Test_AbaRouteValidator_13b" time="0.018"/>
  <testcase name="testAbaNumberCheck_27441_good" classname="com.cardatechnologies.utils.validators.abaroutevalidator.Test_AbaRouteValidator_13b" time="0.018"/>
  <testcase name="testAbaNumberCheck_29195_good" classname="com.cardatechnologies.utils.validators.abaroutevalidator.Test_AbaRouteValidator_13b" time="0.018"/>
  <testcase name="testAbaNumberCheck_28255_good" classname="com.cardatechnologies.utils.validators.abaroutevalidator.Test_AbaRouteValidator_13b" time="0.017"/>
  <testcase name="testAbaNumberCheck_27315_good" classname="com.cardatechnologies.utils.validators.abaroutevalidator.Test_AbaRouteValidator_13b" time="0.019"/>
  <testcase name="testAbaNumberCheck_29853_good" classname="com.cardatechnologies.utils.validators.abaroutevalidator.Test_AbaRouteValidator_13b" time="0.018"/>
  <testcase name="testAbaNumberCheck_28913_good" classname="com.cardatechnologies.utils.validators.abaroutevalidator.Test_AbaRouteValidator_13b" time="0.018"/>
  <testcase name="testAbaNumberCheck_29069_good" classname="com.cardatechnologies.utils.validators.abaroutevalidator.Test_AbaRouteValidator_13b" time="0.021"/>
  <testcase name="testAbaNumberCheck_28129_good" classname="com.cardatechnologies.utils.validators.abaroutevalidator.Test_AbaRouteValidator_13b" time="0.019"/>
  <testcase name="testAbaNumberCheck_29727_good" classname="com.cardatechnologies.utils.validators.abaroutevalidator.Test_AbaRouteValidator_13b" time="0.021"/>
  <testcase name="testAbaNumberCheck_28093_good" classname="com.cardatechnologies.utils.validators.abaroutevalidator.Test_AbaRouteValidator_13b" time="0.02"/>
  <testcase name="testAbaNumberCheck_29691_good" classname="com.cardatechnologies.utils.validators.abaroutevalidator.Test_AbaRouteValidator_13b" time="0.017"/>
  <testcase name="testAbaNumberCheck_28751_good" classname="com.cardatechnologies.utils.validators.abaroutevalidator.Test_AbaRouteValidator_13b" time="0.018"/>
  <testcase name="testAbaNumberCheck_27811_good" classname="com.cardatechnologies.utils.validators.abaroutevalidator.Test_AbaRouteValidator_13b" time="0.019"/>
  <testcase name="testAbaNumberCheck_29565_good" classname="com.cardatechnologies.utils.validators.abaroutevalidator.Test_AbaRouteValidator_13b" time="0.021"/>
  <testcase name="testAbaNumberCheck_28625_good" classname="com.cardatechnologies.utils.validators.abaroutevalidator.Test_AbaRouteValidator_13b" time="0.021"/>
  <testcase name="testAbaNumberCheck_29439_good" classname="com.cardatechnologies.utils.validators.abaroutevalidator.Test_AbaRouteValidator_13b" time="0.019"/>
  <testcase name="testAbaNumberCheck_28463_good" classname="com.cardatechnologies.utils.validators.abaroutevalidator.Test_AbaRouteValidator_13b" time="0.019"/>
  <testcase name="testAbaNumberCheck_27523_good" classname="com.cardatechnologies.utils.validators.abaroutevalidator.Test_AbaRouteValidator_13b" time="0.025"/>
  <testcase name="testAbaNumberCheck_29277_good" classname="com.cardatechnologies.utils.validators.abaroutevalidator.Test_AbaRouteValidator_13b" time="0.021"/>
  <testcase name="testAbaNumberCheck_28337_good" classname="com.cardatechnologies.utils.validators.abaroutevalidator.Test_AbaRouteValidator_13b" time="0.02"/>
  <testcase name="testAbaNumberCheck_29935_good" classname="com.cardatechnologies.utils.validators.abaroutevalidator.Test_AbaRouteValidator_13b" time="0.021"/>
  <testcase name="testAbaNumberCheck_27361_good" classname="com.cardatechnologies.utils.validators.abaroutevalidator.Test_AbaRouteValidator_13b" time="0.021"/>
  <testcase name="testAbaNumberCheck_29809_good" classname="com.cardatechnologies.utils.validators.abaroutevalidator.Test_AbaRouteValidator_13b" time="0.021"/>
  <testcase name="testAbaNumberCheck_28175_good" classname="com.cardatechnologies.utils.validators.abaroutevalidator.Test_AbaRouteValidator_13b" time="0.019"/>
  <testcase name="testAbaNumberCheck_27235_good" classname="com.cardatechnologies.utils.validators.abaroutevalidator.Test_AbaRouteValidator_13b" time="0.018"/>
  <testcase name="testAbaNumberCheck_29773_good" classname="com.cardatechnologies.utils.validators.abaroutevalidator.Test_AbaRouteValidator_13b" time="0.018"/>
  <testcase name="testAbaNumberCheck_28833_good" classname="com.cardatechnologies.utils.validators.abaroutevalidator.Test_AbaRouteValidator_13b" time="0.018"/>
  <testcase name="testAbaNumberCheck_28049_good" classname="com.cardatechnologies.utils.validators.abaroutevalidator.Test_AbaRouteValidator_13b" time="0.018"/>
  <testcase name="testAbaNumberCheck_29647_good" classname="com.cardatechnologies.utils.validators.abaroutevalidator.Test_AbaRouteValidator_13b" time="0.018"/>
  <testcase name="testAbaNumberCheck_28707_good" classname="com.cardatechnologies.utils.validators.abaroutevalidator.Test_AbaRouteValidator_13b" time="0.017"/>
  <testcase name="testAbaNumberCheck_28671_good" classname="com.cardatechnologies.utils.validators.abaroutevalidator.Test_AbaRouteValidator_13b" time="0.018"/>
  <testcase name="testAbaNumberCheck_27731_good" classname="com.cardatechnologies.utils.validators.abaroutevalidator.Test_AbaRouteValidator_13b" time="0.017"/>
  <testcase name="testAbaNumberCheck_29485_good" classname="com.cardatechnologies.utils.validators.abaroutevalidator.Test_AbaRouteValidator_13b" time="0.017"/>
  <testcase name="testAbaNumberCheck_28545_good" classname="com.cardatechnologies.utils.validators.abaroutevalidator.Test_AbaRouteValidator_13b" time="0.018"/>
  <testcase name="testAbaNumberCheck_27605_good" classname="com.cardatechnologies.utils.validators.abaroutevalidator.Test_AbaRouteValidator_13b" time="0.019"/>
  <testcase name="testAbaNumberCheck_29359_good" classname="com.cardatechnologies.utils.validators.abaroutevalidator.Test_AbaRouteValidator_13b" time="0.021"/>
  <testcase name="testAbaNumberCheck_28419_good" classname="com.cardatechnologies.utils.validators.abaroutevalidator.Test_AbaRouteValidator_13b" time="0.021"/>
  <testcase name="testAbaNumberCheck_28383_good" classname="com.cardatechnologies.utils.validators.abaroutevalidator.Test_AbaRouteValidator_13b" time="0.02"/>
  <testcase name="testAbaNumberCheck_27443_good" classname="com.cardatechnologies.utils.validators.abaroutevalidator.Test_AbaRouteValidator_13b" time="0.022"/>
  <testcase name="testAbaNumberCheck_29981_good" classname="com.cardatechnologies.utils.validators.abaroutevalidator.Test_AbaRouteValidator_13b" time="0.019"/>
  <testcase name="testAbaNumberCheck_29197_good" classname="com.cardatechnologies.utils.validators.abaroutevalidator.Test_AbaRouteValidator_13b" time="0.017"/>
  <testcase name="testAbaNumberCheck_28257_good" classname="com.cardatechnologies.utils.validators.abaroutevalidator.Test_AbaRouteValidator_13b" time="0.019"/>
  <testcase name="testAbaNumberCheck_27317_good" classname="com.cardatechnologies.utils.validators.abaroutevalidator.Test_AbaRouteValidator_13b" time="0.021"/>
  <testcase name="testAbaNumberCheck_29855_good" classname="com.cardatechnologies.utils.validators.abaroutevalidator.Test_AbaRouteValidator_13b" time="0.021"/>
  <testcase name="testAbaNumberCheck_28915_good" classname="com.cardatechnologies.utils.validators.abaroutevalidator.Test_AbaRouteValidator_13b" time="0.035"/>
  <testcase name="testAbaNumberCheck_27281_good" classname="com.cardatechnologies.utils.validators.abaroutevalidator.Test_AbaRouteValidator_13b" time="0.021"/>
  <testcase name="testAbaNumberCheck_29729_good" classname="com.cardatechnologies.utils.validators.abaroutevalidator.Test_AbaRouteValidator_13b" time="0.021"/>
  <testcase name="testAbaNumberCheck_28095_good" classname="com.cardatechnologies.utils.validators.abaroutevalidator.Test_AbaRouteValidator_13b" time="0.019"/>
  <testcase name="testAbaNumberCheck_29693_good" classname="com.cardatechnologies.utils.validators.abaroutevalidator.Test_AbaRouteValidator_13b" time="0.018"/>
  <testcase name="testAbaNumberCheck_28753_good" classname="com.cardatechnologies.utils.validators.abaroutevalidator.Test_AbaRouteValidator_13b" time="0.019"/>
  <testcase name="testAbaNumberCheck_27813_good" classname="com.cardatechnologies.utils.validators.abaroutevalidator.Test_AbaRouteValidator_13b" time="0.018"/>
  <testcase name="testAbaNumberCheck_29567_good" classname="com.cardatechnologies.utils.validators.abaroutevalidator.Test_AbaRouteValidator_13b" time="0.018"/>
  <testcase name="testAbaNumberCheck_28627_good" classname="com.cardatechnologies.utils.validators.abaroutevalidator.Test_AbaRouteValidator_13b" time="0.018"/>
  <testcase name="testAbaNumberCheck_28591_good" classname="com.cardatechnologies.utils.validators.abaroutevalidator.Test_AbaRouteValidator_13b" time="0.018"/>
  <testcase name="testAbaNumberCheck_27651_good" classname="com.cardatechnologies.utils.validators.abaroutevalidator.Test_AbaRouteValidator_13b" time="0.019"/>
  <testcase name="testAbaNumberCheck_28465_good" classname="com.cardatechnologies.utils.validators.abaroutevalidator.Test_AbaRouteValidator_13b" time="0.018"/>
  <testcase name="testAbaNumberCheck_27525_good" classname="com.cardatechnologies.utils.validators.abaroutevalidator.Test_AbaRouteValidator_13b" time="0.019"/>
  <testcase name="testAbaNumberCheck_29279_good" classname="com.cardatechnologies.utils.validators.abaroutevalidator.Test_AbaRouteValidator_13b" time="0.023"/>
  <testcase name="testAbaNumberCheck_28339_good" classname="com.cardatechnologies.utils.validators.abaroutevalidator.Test_AbaRouteValidator_13b" time="0.023"/>
  <testcase name="testAbaNumberCheck_29937_good" classname="com.cardatechnologies.utils.validators.abaroutevalidator.Test_AbaRouteValidator_13b" time="0.02"/>
  <testcase name="testAbaNumberCheck_27363_good" classname="com.cardatechnologies.utils.validators.abaroutevalidator.Test_AbaRouteValidator_13b" time="0.02"/>
  <testcase name="testAbaNumberCheck_28961_good" classname="com.cardatechnologies.utils.validators.abaroutevalidator.Test_AbaRouteValidator_13b" time="0.022"/>
  <testcase name="testAbaNumberCheck_28177_good" classname="com.cardatechnologies.utils.validators.abaroutevalidator.Test_AbaRouteValidator_13b" time="0.022"/>
  <testcase name="testAbaNumberCheck_27237_good" classname="com.cardatechnologies.utils.validators.abaroutevalidator.Test_AbaRouteValidator_13b" time="0.019"/>
  <testcase name="testAbaNumberCheck_29775_good" classname="com.cardatechnologies.utils.validators.abaroutevalidator.Test_AbaRouteValidator_13b" time="0.019"/>
  <testcase name="testAbaNumberCheck_28835_good" classname="com.cardatechnologies.utils.validators.abaroutevalidator.Test_AbaRouteValidator_13b" time="0.019"/>
  <testcase name="testAbaNumberCheck_29649_good" classname="com.cardatechnologies.utils.validators.abaroutevalidator.Test_AbaRouteValidator_13b" time="0.026"/>
  <testcase name="testAbaNumberCheck_28709_good" classname="com.cardatechnologies.utils.validators.abaroutevalidator.Test_AbaRouteValidator_13b" time="0.018"/>
  <testcase name="testAbaNumberCheck_28673_good" classname="com.cardatechnologies.utils.validators.abaroutevalidator.Test_AbaRouteValidator_13b" time="0.02"/>
  <testcase name="testAbaNumberCheck_27733_good" classname="com.cardatechnologies.utils.validators.abaroutevalidator.Test_AbaRouteValidator_13b" time="0.02"/>
  <testcase name="testAbaNumberCheck_29487_good" classname="com.cardatechnologies.utils.validators.abaroutevalidator.Test_AbaRouteValidator_13b" time="0.028"/>
  <testcase name="testAbaNumberCheck_28547_good" classname="com.cardatechnologies.utils.validators.abaroutevalidator.Test_AbaRouteValidator_13b" time="0.02"/>
  <testcase name="testAbaNumberCheck_27607_good" classname="com.cardatechnologies.utils.validators.abaroutevalidator.Test_AbaRouteValidator_13b" time="0.019"/>
  <testcase name="testAbaNumberCheck_27571_good" classname="com.cardatechnologies.utils.validators.abaroutevalidator.Test_AbaRouteValidator_13b" time="0.017"/>
  <testcase name="testAbaNumberCheck_28385_good" classname="com.cardatechnologies.utils.validators.abaroutevalidator.Test_AbaRouteValidator_13b" time="0.02"/>
  <testcase name="testAbaNumberCheck_27445_good" classname="com.cardatechnologies.utils.validators.abaroutevalidator.Test_AbaRouteValidator_13b" time="0.02"/>
  <testcase name="testAbaNumberCheck_29983_good" classname="com.cardatechnologies.utils.validators.abaroutevalidator.Test_AbaRouteValidator_13b" time="0.02"/>
  <testcase name="testAbaNumberCheck_29199_good" classname="com.cardatechnologies.utils.validators.abaroutevalidator.Test_AbaRouteValidator_13b" time="0.021"/>
  <testcase name="testAbaNumberCheck_28259_good" classname="com.cardatechnologies.utils.validators.abaroutevalidator.Test_AbaRouteValidator_13b" time="0.021"/>
  <testcase name="testAbaNumberCheck_27319_good" classname="com.cardatechnologies.utils.validators.abaroutevalidator.Test_AbaRouteValidator_13b" time="0.019"/>
  <testcase name="testAbaNumberCheck_29857_good" classname="com.cardatechnologies.utils.validators.abaroutevalidator.Test_AbaRouteValidator_13b" time="0.022"/>
  <testcase name="testAbaNumberCheck_28917_good" classname="com.cardatechnologies.utils.validators.abaroutevalidator.Test_AbaRouteValidator_13b" time="0.02"/>
  <testcase name="testAbaNumberCheck_27283_good" classname="com.cardatechnologies.utils.validators.abaroutevalidator.Test_AbaRouteValidator_13b" time="0.022"/>
  <testcase name="testAbaNumberCheck_28881_good" classname="com.cardatechnologies.utils.validators.abaroutevalidator.Test_AbaRouteValidator_13b" time="0.021"/>
  <testcase name="testAbaNumberCheck_27941_good" classname="com.cardatechnologies.utils.validators.abaroutevalidator.Test_AbaRouteValidator_13b" time="0.02"/>
  <testcase name="testAbaNumberCheck_28097_good" classname="com.cardatechnologies.utils.validators.abaroutevalidator.Test_AbaRouteValidator_13b" time="0.02"/>
  <testcase name="testAbaNumberCheck_29695_good" classname="com.cardatechnologies.utils.validators.abaroutevalidator.Test_AbaRouteValidator_13b" time="0.022"/>
  <testcase name="testAbaNumberCheck_28755_good" classname="com.cardatechnologies.utils.validators.abaroutevalidator.Test_AbaRouteValidator_13b" time="0.021"/>
  <testcase name="testAbaNumberCheck_27815_good" classname="com.cardatechnologies.utils.validators.abaroutevalidator.Test_AbaRouteValidator_13b" time="0.019"/>
  <testcase name="testAbaNumberCheck_29569_good" classname="com.cardatechnologies.utils.validators.abaroutevalidator.Test_AbaRouteValidator_13b" time="0.018"/>
  <testcase name="testAbaNumberCheck_28629_good" classname="com.cardatechnologies.utils.validators.abaroutevalidator.Test_AbaRouteValidator_13b" time="0.017"/>
  <testcase name="testAbaNumberCheck_28593_good" classname="com.cardatechnologies.utils.validators.abaroutevalidator.Test_AbaRouteValidator_13b" time="0.019"/>
  <testcase name="testAbaNumberCheck_27653_good" classname="com.cardatechnologies.utils.validators.abaroutevalidator.Test_AbaRouteValidator_13b" time="0.022"/>
  <testcase name="testAbaNumberCheck_28467_good" classname="com.cardatechnologies.utils.validators.abaroutevalidator.Test_AbaRouteValidator_13b" time="0.017"/>
  <testcase name="testAbaNumberCheck_27527_good" classname="com.cardatechnologies.utils.validators.abaroutevalidator.Test_AbaRouteValidator_13b" time="0.018"/>
  <testcase name="testAbaNumberCheck_27491_good" classname="com.cardatechnologies.utils.validators.abaroutevalidator.Test_AbaRouteValidator_13b" time="0.018"/>
  <testcase name="testAbaNumberCheck_29939_good" classname="com.cardatechnologies.utils.validators.abaroutevalidator.Test_AbaRouteValidator_13b" time="0.028"/>
  <testcase name="testAbaNumberCheck_27365_good" classname="com.cardatechnologies.utils.validators.abaroutevalidator.Test_AbaRouteValidator_13b" time="0.018"/>
  <testcase name="testAbaNumberCheck_28963_good" classname="com.cardatechnologies.utils.validators.abaroutevalidator.Test_AbaRouteValidator_13b" time="0.018"/>
  <testcase name="testAbaNumberCheck_29000_bad" classname="com.cardatechnologies.utils.validators.abaroutevalidator.Test_AbaRouteValidator_13b" time="0.018"/>
  <testcase name="testAbaNumberCheck_28179_good" classname="com.cardatechnologies.utils.validators.abaroutevalidator.Test_AbaRouteValidator_13b" time="0.017"/>
  <testcase name="testAbaNumberCheck_27239_good" classname="com.cardatechnologies.utils.validators.abaroutevalidator.Test_AbaRouteValidator_13b" time="0.017"/>
  <testcase name="testAbaNumberCheck_29002_bad" classname="com.cardatechnologies.utils.validators.abaroutevalidator.Test_AbaRouteValidator_13b" time="0.018"/>
  <testcase name="testAbaNumberCheck_29777_good" classname="com.cardatechnologies.utils.validators.abaroutevalidator.Test_AbaRouteValidator_13b" time="0.018"/>
  <testcase name="testAbaNumberCheck_28837_good" classname="com.cardatechnologies.utils.validators.abaroutevalidator.Test_AbaRouteValidator_13b" time="0.017"/>
  <testcase name="testAbaNumberCheck_29004_bad" classname="com.cardatechnologies.utils.validators.abaroutevalidator.Test_AbaRouteValidator_13b" time="0.019"/>
  <testcase name="testAbaNumberCheck_29006_bad" classname="com.cardatechnologies.utils.validators.abaroutevalidator.Test_AbaRouteValidator_13b" time="0.018"/>
  <testcase name="testAbaNumberCheck_27861_good" classname="com.cardatechnologies.utils.validators.abaroutevalidator.Test_AbaRouteValidator_13b" time="0.017"/>
  <testcase name="testAbaNumberCheck_29008_bad" classname="com.cardatechnologies.utils.validators.abaroutevalidator.Test_AbaRouteValidator_13b" time="0.018"/>
  <testcase name="testAbaNumberCheck_28675_good" classname="com.cardatechnologies.utils.validators.abaroutevalidator.Test_AbaRouteValidator_13b" time="0.018"/>
  <testcase name="testAbaNumberCheck_27735_good" classname="com.cardatechnologies.utils.validators.abaroutevalidator.Test_AbaRouteValidator_13b" time="0.017"/>
  <testcase name="testAbaNumberCheck_29489_good" classname="com.cardatechnologies.utils.validators.abaroutevalidator.Test_AbaRouteValidator_13b" time="0.018"/>
  <testcase name="testAbaNumberCheck_28549_good" classname="com.cardatechnologies.utils.validators.abaroutevalidator.Test_AbaRouteValidator_13b" time="0.018"/>
  <testcase name="testAbaNumberCheck_27609_good" classname="com.cardatechnologies.utils.validators.abaroutevalidator.Test_AbaRouteValidator_13b" time="0.018"/>
  <testcase name="testAbaNumberCheck_27573_good" classname="com.cardatechnologies.utils.validators.abaroutevalidator.Test_AbaRouteValidator_13b" time="0.023"/>
  <testcase name="testAbaNumberCheck_28387_good" classname="com.cardatechnologies.utils.validators.abaroutevalidator.Test_AbaRouteValidator_13b" time="0.021"/>
  <testcase name="testAbaNumberCheck_27447_good" classname="com.cardatechnologies.utils.validators.abaroutevalidator.Test_AbaRouteValidator_13b" time="0.018"/>
  <testcase name="testAbaNumberCheck_29985_good" classname="com.cardatechnologies.utils.validators.abaroutevalidator.Test_AbaRouteValidator_13b" time="0.017"/>
  <testcase name="testAbaNumberCheck_29859_good" classname="com.cardatechnologies.utils.validators.abaroutevalidator.Test_AbaRouteValidator_13b" time="0.018"/>
  <testcase name="testAbaNumberCheck_28919_good" classname="com.cardatechnologies.utils.validators.abaroutevalidator.Test_AbaRouteValidator_13b" time="0.018"/>
  <testcase name="testAbaNumberCheck_27285_good" classname="com.cardatechnologies.utils.validators.abaroutevalidator.Test_AbaRouteValidator_13b" time="0.017"/>
  <testcase name="testAbaNumberCheck_29010_bad" classname="com.cardatechnologies.utils.validators.abaroutevalidator.Test_AbaRouteValidator_13b" time="0.018"/>
  <testcase name="testAbaNumberCheck_29012_bad" classname="com.cardatechnologies.utils.validators.abaroutevalidator.Test_AbaRouteValidator_13b" time="0.018"/>
  <testcase name="testAbaNumberCheck_28883_good" classname="com.cardatechnologies.utils.validators.abaroutevalidator.Test_AbaRouteValidator_13b" time="0.017"/>
  <testcase name="testAbaNumberCheck_27943_good" classname="com.cardatechnologies.utils.validators.abaroutevalidator.Test_AbaRouteValidator_13b" time="0.025"/>
  <testcase name="testAbaNumberCheck_28200_bad" classname="com.cardatechnologies.utils.validators.abaroutevalidator.Test_AbaRouteValidator_13b" time="0.017"/>
  <testcase name="testAbaNumberCheck_29014_bad" classname="com.cardatechnologies.utils.validators.abaroutevalidator.Test_AbaRouteValidator_13b" time="0.018"/>
  <testcase name="testAbaNumberCheck_28099_good" classname="com.cardatechnologies.utils.validators.abaroutevalidator.Test_AbaRouteValidator_13b" time="0.022"/>
  <testcase name="testAbaNumberCheck_28202_bad" classname="com.cardatechnologies.utils.validators.abaroutevalidator.Test_AbaRouteValidator_13b" time="0.018"/>
  <testcase name="testAbaNumberCheck_29016_bad" classname="com.cardatechnologies.utils.validators.abaroutevalidator.Test_AbaRouteValidator_13b" time="0.018"/>
  <testcase name="testAbaNumberCheck_29697_good" classname="com.cardatechnologies.utils.validators.abaroutevalidator.Test_AbaRouteValidator_13b" time="0.017"/>
  <testcase name="testAbaNumberCheck_28757_good" classname="com.cardatechnologies.utils.validators.abaroutevalidator.Test_AbaRouteValidator_13b" time="0.018"/>
  <testcase name="testAbaNumberCheck_27817_good" classname="com.cardatechnologies.utils.validators.abaroutevalidator.Test_AbaRouteValidator_13b" time="0.017"/>
  <testcase name="testAbaNumberCheck_28204_bad" classname="com.cardatechnologies.utils.validators.abaroutevalidator.Test_AbaRouteValidator_13b" time="0.018"/>
  <testcase name="testAbaNumberCheck_29018_bad" classname="com.cardatechnologies.utils.validators.abaroutevalidator.Test_AbaRouteValidator_13b" time="0.017"/>
  <testcase name="testAbaNumberCheck_28206_bad" classname="com.cardatechnologies.utils.validators.abaroutevalidator.Test_AbaRouteValidator_13b" time="0.018"/>
  <testcase name="testAbaNumberCheck_27781_good" classname="com.cardatechnologies.utils.validators.abaroutevalidator.Test_AbaRouteValidator_13b" time="0.018"/>
  <testcase name="testAbaNumberCheck_28208_bad" classname="com.cardatechnologies.utils.validators.abaroutevalidator.Test_AbaRouteValidator_13b" time="0.018"/>
  <testcase name="testAbaNumberCheck_28595_good" classname="com.cardatechnologies.utils.validators.abaroutevalidator.Test_AbaRouteValidator_13b" time="0.018"/>
  <testcase name="testAbaNumberCheck_27655_good" classname="com.cardatechnologies.utils.validators.abaroutevalidator.Test_AbaRouteValidator_13b" time="0.018"/>
  <testcase name="testAbaNumberCheck_28469_good" classname="com.cardatechnologies.utils.validators.abaroutevalidator.Test_AbaRouteValidator_13b" time="0.018"/>
  <testcase name="testAbaNumberCheck_27529_good" classname="com.cardatechnologies.utils.validators.abaroutevalidator.Test_AbaRouteValidator_13b" time="0.018"/>
  <testcase name="testAbaNumberCheck_27493_good" classname="com.cardatechnologies.utils.validators.abaroutevalidator.Test_AbaRouteValidator_13b" time="0.017"/>
  <testcase name="testAbaNumberCheck_27367_good" classname="com.cardatechnologies.utils.validators.abaroutevalidator.Test_AbaRouteValidator_13b" time="0.026"/>
  <testcase name="testAbaNumberCheck_28965_good" classname="com.cardatechnologies.utils.validators.abaroutevalidator.Test_AbaRouteValidator_13b" time="0.017"/>
  <testcase name="testAbaNumberCheck_29020_bad" classname="com.cardatechnologies.utils.validators.abaroutevalidator.Test_AbaRouteValidator_13b" time="0.018"/>
  <testcase name="testAbaNumberCheck_29022_bad" classname="com.cardatechnologies.utils.validators.abaroutevalidator.Test_AbaRouteValidator_13b" time="0.018"/>
  <testcase name="testAbaNumberCheck_29779_good" classname="com.cardatechnologies.utils.validators.abaroutevalidator.Test_AbaRouteValidator_13b" time="0.018"/>
  <testcase name="testAbaNumberCheck_28839_good" classname="com.cardatechnologies.utils.validators.abaroutevalidator.Test_AbaRouteValidator_13b" time="0.018"/>
  <testcase name="testAbaNumberCheck_28210_bad" classname="com.cardatechnologies.utils.validators.abaroutevalidator.Test_AbaRouteValidator_13b" time="0.018"/>
  <testcase name="testAbaNumberCheck_29024_bad" classname="com.cardatechnologies.utils.validators.abaroutevalidator.Test_AbaRouteValidator_13b" time="0.018"/>
  <testcase name="testAbaNumberCheck_28212_bad" classname="com.cardatechnologies.utils.validators.abaroutevalidator.Test_AbaRouteValidator_13b" time="0.018"/>
  <testcase name="testAbaNumberCheck_29026_bad" classname="com.cardatechnologies.utils.validators.abaroutevalidator.Test_AbaRouteValidator_13b" time="0.024"/>
  <testcase name="testAbaNumberCheck_27863_good" classname="com.cardatechnologies.utils.validators.abaroutevalidator.Test_AbaRouteValidator_13b" time="0.019"/>
  <testcase name="testAbaNumberCheck_27400_bad" classname="com.cardatechnologies.utils.validators.abaroutevalidator.Test_AbaRouteValidator_13b" time="0.018"/>
  <testcase name="testAbaNumberCheck_28214_bad" classname="com.cardatechnologies.utils.validators.abaroutevalidator.Test_AbaRouteValidator_13b" time="0.018"/>
  <testcase name="testAbaNumberCheck_29028_bad" classname="com.cardatechnologies.utils.validators.abaroutevalidator.Test_AbaRouteValidator_13b" time="0.018"/>
  <testcase name="testAbaNumberCheck_27402_bad" classname="com.cardatechnologies.utils.validators.abaroutevalidator.Test_AbaRouteValidator_13b" time="0.017"/>
  <testcase name="testAbaNumberCheck_28216_bad" classname="com.cardatechnologies.utils.validators.abaroutevalidator.Test_AbaRouteValidator_13b" time="0.018"/>
  <testcase name="testAbaNumberCheck_28677_good" classname="com.cardatechnologies.utils.validators.abaroutevalidator.Test_AbaRouteValidator_13b" time="0.018"/>
  <testcase name="testAbaNumberCheck_27737_good" classname="com.cardatechnologies.utils.validators.abaroutevalidator.Test_AbaRouteValidator_13b" time="0.018"/>
  <testcase name="testAbaNumberCheck_27404_bad" classname="com.cardatechnologies.utils.validators.abaroutevalidator.Test_AbaRouteValidator_13b" time="0.017"/>
  <testcase name="testAbaNumberCheck_28218_bad" classname="com.cardatechnologies.utils.validators.abaroutevalidator.Test_AbaRouteValidator_13b" time="0.018"/>
  <testcase name="testAbaNumberCheck_27406_bad" classname="com.cardatechnologies.utils.validators.abaroutevalidator.Test_AbaRouteValidator_13b" time="0.017"/>
  <testcase name="testAbaNumberCheck_27408_bad" classname="com.cardatechnologies.utils.validators.abaroutevalidator.Test_AbaRouteValidator_13b" time="0.018"/>
  <testcase name="testAbaNumberCheck_27575_good" classname="com.cardatechnologies.utils.validators.abaroutevalidator.Test_AbaRouteValidator_13b" time="0.018"/>
  <testcase name="testAbaNumberCheck_28389_good" classname="com.cardatechnologies.utils.validators.abaroutevalidator.Test_AbaRouteValidator_13b" time="0.018"/>
  <testcase name="testAbaNumberCheck_27449_good" classname="com.cardatechnologies.utils.validators.abaroutevalidator.Test_AbaRouteValidator_13b" time="0.018"/>
  <testcase name="testAbaNumberCheck_29987_good" classname="com.cardatechnologies.utils.validators.abaroutevalidator.Test_AbaRouteValidator_13b" time="0.019"/>
  <testcase name="testAbaNumberCheck_27287_good" classname="com.cardatechnologies.utils.validators.abaroutevalidator.Test_AbaRouteValidator_13b" time="0.018"/>
  <testcase name="testAbaNumberCheck_29030_bad" classname="com.cardatechnologies.utils.validators.abaroutevalidator.Test_AbaRouteValidator_13b" time="0.018"/>
  <testcase name="testAbaNumberCheck_29032_bad" classname="com.cardatechnologies.utils.validators.abaroutevalidator.Test_AbaRouteValidator_13b" time="0.023"/>
  <testcase name="testAbaNumberCheck_28885_good" classname="com.cardatechnologies.utils.validators.abaroutevalidator.Test_AbaRouteValidator_13b" time="0.02"/>
  <testcase name="testAbaNumberCheck_27945_good" classname="com.cardatechnologies.utils.validators.abaroutevalidator.Test_AbaRouteValidator_13b" time="0.018"/>
  <testcase name="testAbaNumberCheck_28220_bad" classname="com.cardatechnologies.utils.validators.abaroutevalidator.Test_AbaRouteValidator_13b" time="0.018"/>
  <testcase name="testAbaNumberCheck_29034_bad" classname="com.cardatechnologies.utils.validators.abaroutevalidator.Test_AbaRouteValidator_13b" time="0.019"/>
  <testcase name="testAbaNumberCheck_28222_bad" classname="com.cardatechnologies.utils.validators.abaroutevalidator.Test_AbaRouteValidator_13b" time="0.018"/>
  <testcase name="testAbaNumberCheck_29036_bad" classname="com.cardatechnologies.utils.validators.abaroutevalidator.Test_AbaRouteValidator_13b" time="0.018"/>
  <testcase name="testAbaNumberCheck_29699_good" classname="com.cardatechnologies.utils.validators.abaroutevalidator.Test_AbaRouteValidator_13b" time="0.018"/>
  <testcase name="testAbaNumberCheck_28759_good" classname="com.cardatechnologies.utils.validators.abaroutevalidator.Test_AbaRouteValidator_13b" time="0.017"/>
  <testcase name="testAbaNumberCheck_27819_good" classname="com.cardatechnologies.utils.validators.abaroutevalidator.Test_AbaRouteValidator_13b" time="0.031"/>
  <testcase name="testAbaNumberCheck_27410_bad" classname="com.cardatechnologies.utils.validators.abaroutevalidator.Test_AbaRouteValidator_13b" time="0.018"/>
  <testcase name="testAbaNumberCheck_28224_bad" classname="com.cardatechnologies.utils.validators.abaroutevalidator.Test_AbaRouteValidator_13b" time="0.017"/>
  <testcase name="testAbaNumberCheck_29038_bad" classname="com.cardatechnologies.utils.validators.abaroutevalidator.Test_AbaRouteValidator_13b" time="0.018"/>
  <testcase name="testAbaNumberCheck_27412_bad" classname="com.cardatechnologies.utils.validators.abaroutevalidator.Test_AbaRouteValidator_13b" time="0.018"/>
  <testcase name="testAbaNumberCheck_28226_bad" classname="com.cardatechnologies.utils.validators.abaroutevalidator.Test_AbaRouteValidator_13b" time="0.017"/>
  <testcase name="testAbaNumberCheck_27783_good" classname="com.cardatechnologies.utils.validators.abaroutevalidator.Test_AbaRouteValidator_13b" time="0.019"/>
  <testcase name="testAbaNumberCheck_27414_bad" classname="com.cardatechnologies.utils.validators.abaroutevalidator.Test_AbaRouteValidator_13b" time="0.023"/>
  <testcase name="testAbaNumberCheck_28228_bad" classname="com.cardatechnologies.utils.validators.abaroutevalidator.Test_AbaRouteValidator_13b" time="0.019"/>
  <testcase name="testAbaNumberCheck_27416_bad" classname="com.cardatechnologies.utils.validators.abaroutevalidator.Test_AbaRouteValidator_13b" time="0.02"/>
  <testcase name="testAbaNumberCheck_28597_good" classname="com.cardatechnologies.utils.validators.abaroutevalidator.Test_AbaRouteValidator_13b" time="0.02"/>
  <testcase name="testAbaNumberCheck_27657_good" classname="com.cardatechnologies.utils.validators.abaroutevalidator.Test_AbaRouteValidator_13b" time="0.02"/>
  <testcase name="testAbaNumberCheck_27418_bad" classname="com.cardatechnologies.utils.validators.abaroutevalidator.Test_AbaRouteValidator_13b" time="0.021"/>
  <testcase name="testAbaNumberCheck_27495_good" classname="com.cardatechnologies.utils.validators.abaroutevalidator.Test_AbaRouteValidator_13b" time="0.02"/>
  <testcase name="testAbaNumberCheck_27369_good" classname="com.cardatechnologies.utils.validators.abaroutevalidator.Test_AbaRouteValidator_13b" time="0.019"/>
  <testcase name="testAbaNumberCheck_28967_good" classname="com.cardatechnologies.utils.validators.abaroutevalidator.Test_AbaRouteValidator_13b" time="0.019"/>
  <testcase name="testAbaNumberCheck_29040_bad" classname="com.cardatechnologies.utils.validators.abaroutevalidator.Test_AbaRouteValidator_13b" time="0.021"/>
  <testcase name="testAbaNumberCheck_27991_good" classname="com.cardatechnologies.utils.validators.abaroutevalidator.Test_AbaRouteValidator_13b" time="0.018"/>
  <testcase name="testAbaNumberCheck_29042_bad" classname="com.cardatechnologies.utils.validators.abaroutevalidator.Test_AbaRouteValidator_13b" time="0.025"/>
  <testcase name="testAbaNumberCheck_28230_bad" classname="com.cardatechnologies.utils.validators.abaroutevalidator.Test_AbaRouteValidator_13b" time="0.021"/>
  <testcase name="testAbaNumberCheck_29044_bad" classname="com.cardatechnologies.utils.validators.abaroutevalidator.Test_AbaRouteValidator_13b" time="0.019"/>
  <testcase name="testAbaNumberCheck_28232_bad" classname="com.cardatechnologies.utils.validators.abaroutevalidator.Test_AbaRouteValidator_13b" time="0.021"/>
  <testcase name="testAbaNumberCheck_29046_bad" classname="com.cardatechnologies.utils.validators.abaroutevalidator.Test_AbaRouteValidator_13b" time="0.022"/>
  <testcase name="testAbaNumberCheck_27865_good" classname="com.cardatechnologies.utils.validators.abaroutevalidator.Test_AbaRouteValidator_13b" time="0.021"/>
  <testcase name="testAbaNumberCheck_27420_bad" classname="com.cardatechnologies.utils.validators.abaroutevalidator.Test_AbaRouteValidator_13b" time="0.019"/>
  <testcase name="testAbaNumberCheck_28234_bad" classname="com.cardatechnologies.utils.validators.abaroutevalidator.Test_AbaRouteValidator_13b" time="0.018"/>
  <testcase name="testAbaNumberCheck_29048_bad" classname="com.cardatechnologies.utils.validators.abaroutevalidator.Test_AbaRouteValidator_13b" time="0.025"/>
  <testcase name="testAbaNumberCheck_27422_bad" classname="com.cardatechnologies.utils.validators.abaroutevalidator.Test_AbaRouteValidator_13b" time="0.018"/>
  <testcase name="testAbaNumberCheck_28236_bad" classname="com.cardatechnologies.utils.validators.abaroutevalidator.Test_AbaRouteValidator_13b" time="0.018"/>
  <testcase name="testAbaNumberCheck_28679_good" classname="com.cardatechnologies.utils.validators.abaroutevalidator.Test_AbaRouteValidator_13b" time="0.017"/>
  <testcase name="testAbaNumberCheck_27739_good" classname="com.cardatechnologies.utils.validators.abaroutevalidator.Test_AbaRouteValidator_13b" time="0.018"/>
  <testcase name="testAbaNumberCheck_27424_bad" classname="com.cardatechnologies.utils.validators.abaroutevalidator.Test_AbaRouteValidator_13b" time="0.018"/>
  <testcase name="testAbaNumberCheck_28238_bad" classname="com.cardatechnologies.utils.validators.abaroutevalidator.Test_AbaRouteValidator_13b" time="0.018"/>
  <testcase name="testAbaNumberCheck_27426_bad" classname="com.cardatechnologies.utils.validators.abaroutevalidator.Test_AbaRouteValidator_13b" time="0.018"/>
  <testcase name="testAbaNumberCheck_27428_bad" classname="com.cardatechnologies.utils.validators.abaroutevalidator.Test_AbaRouteValidator_13b" time="0.018"/>
  <testcase name="testAbaNumberCheck_27577_good" classname="com.cardatechnologies.utils.validators.abaroutevalidator.Test_AbaRouteValidator_13b" time="0.017"/>
  <testcase name="testAbaNumberCheck_29989_good" classname="com.cardatechnologies.utils.validators.abaroutevalidator.Test_AbaRouteValidator_13b" time="0.018"/>
  <testcase name="testAbaNumberCheck_29500_bad" classname="com.cardatechnologies.utils.validators.abaroutevalidator.Test_AbaRouteValidator_13b" time="0.018"/>
  <testcase name="testAbaNumberCheck_27289_good" classname="com.cardatechnologies.utils.validators.abaroutevalidator.Test_AbaRouteValidator_13b" time="0.018"/>
  <testcase name="testAbaNumberCheck_29050_bad" classname="com.cardatechnologies.utils.validators.abaroutevalidator.Test_AbaRouteValidator_13b" time="0.018"/>
  <testcase name="testAbaNumberCheck_29502_bad" classname="com.cardatechnologies.utils.validators.abaroutevalidator.Test_AbaRouteValidator_13b" time="0.018"/>
  <testcase name="testAbaNumberCheck_29052_bad" classname="com.cardatechnologies.utils.validators.abaroutevalidator.Test_AbaRouteValidator_13b" time="0.017"/>
  <testcase name="testAbaNumberCheck_28887_good" classname="com.cardatechnologies.utils.validators.abaroutevalidator.Test_AbaRouteValidator_13b" time="0.018"/>
  <testcase name="testAbaNumberCheck_27947_good" classname="com.cardatechnologies.utils.validators.abaroutevalidator.Test_AbaRouteValidator_13b" time="0.018"/>
  <testcase name="testAbaNumberCheck_29504_bad" classname="com.cardatechnologies.utils.validators.abaroutevalidator.Test_AbaRouteValidator_13b" time="0.019"/>
  <testcase name="testAbaNumberCheck_28240_bad" classname="com.cardatechnologies.utils.validators.abaroutevalidator.Test_AbaRouteValidator_13b" time="0.018"/>
  <testcase name="testAbaNumberCheck_29054_bad" classname="com.cardatechnologies.utils.validators.abaroutevalidator.Test_AbaRouteValidator_13b" time="0.025"/>
  <testcase name="testAbaNumberCheck_29506_bad" classname="com.cardatechnologies.utils.validators.abaroutevalidator.Test_AbaRouteValidator_13b" time="0.018"/>
  <testcase name="testAbaNumberCheck_28242_bad" classname="com.cardatechnologies.utils.validators.abaroutevalidator.Test_AbaRouteValidator_13b" time="0.019"/>
  <testcase name="testAbaNumberCheck_29056_bad" classname="com.cardatechnologies.utils.validators.abaroutevalidator.Test_AbaRouteValidator_13b" time="0.017"/>
  <testcase name="testAbaNumberCheck_29508_bad" classname="com.cardatechnologies.utils.validators.abaroutevalidator.Test_AbaRouteValidator_13b" time="0.018"/>
  <testcase name="testAbaNumberCheck_27430_bad" classname="com.cardatechnologies.utils.validators.abaroutevalidator.Test_AbaRouteValidator_13b" time="0.019"/>
  <testcase name="testAbaNumberCheck_28244_bad" classname="com.cardatechnologies.utils.validators.abaroutevalidator.Test_AbaRouteValidator_13b" time="0.018"/>
  <testcase name="testAbaNumberCheck_29058_bad" classname="com.cardatechnologies.utils.validators.abaroutevalidator.Test_AbaRouteValidator_13b" time="0.018"/>
  <testcase name="testAbaNumberCheck_27432_bad" classname="com.cardatechnologies.utils.validators.abaroutevalidator.Test_AbaRouteValidator_13b" time="0.025"/>
  <testcase name="testAbaNumberCheck_28246_bad" classname="com.cardatechnologies.utils.validators.abaroutevalidator.Test_AbaRouteValidator_13b" time="0.02"/>
  <testcase name="testAbaNumberCheck_27785_good" classname="com.cardatechnologies.utils.validators.abaroutevalidator.Test_AbaRouteValidator_13b" time="0.018"/>
  <testcase name="testAbaNumberCheck_27434_bad" classname="com.cardatechnologies.utils.validators.abaroutevalidator.Test_AbaRouteValidator_13b" time="0.017"/>
  <testcase name="testAbaNumberCheck_28248_bad" classname="com.cardatechnologies.utils.validators.abaroutevalidator.Test_AbaRouteValidator_13b" time="0.018"/>
  <testcase name="testAbaNumberCheck_27436_bad" classname="com.cardatechnologies.utils.validators.abaroutevalidator.Test_AbaRouteValidator_13b" time="0.017"/>
  <testcase name="testAbaNumberCheck_28599_good" classname="com.cardatechnologies.utils.validators.abaroutevalidator.Test_AbaRouteValidator_13b" time="0.019"/>
  <testcase name="testAbaNumberCheck_27659_good" classname="com.cardatechnologies.utils.validators.abaroutevalidator.Test_AbaRouteValidator_13b" time="0.018"/>
  <testcase name="testAbaNumberCheck_27438_bad" classname="com.cardatechnologies.utils.validators.abaroutevalidator.Test_AbaRouteValidator_13b" time="0.018"/>
  <testcase name="testAbaNumberCheck_27497_good" classname="com.cardatechnologies.utils.validators.abaroutevalidator.Test_AbaRouteValidator_13b" time="0.018"/>
  <testcase name="testAbaNumberCheck_28969_good" classname="com.cardatechnologies.utils.validators.abaroutevalidator.Test_AbaRouteValidator_13b" time="0.018"/>
  <testcase name="testAbaNumberCheck_29510_bad" classname="com.cardatechnologies.utils.validators.abaroutevalidator.Test_AbaRouteValidator_13b" time="0.018"/>
  <testcase name="testAbaNumberCheck_29060_bad" classname="com.cardatechnologies.utils.validators.abaroutevalidator.Test_AbaRouteValidator_13b" time="0.018"/>
  <testcase name="testAbaNumberCheck_29512_bad" classname="com.cardatechnologies.utils.validators.abaroutevalidator.Test_AbaRouteValidator_13b" time="0.017"/>
  <testcase name="testAbaNumberCheck_27993_good" classname="com.cardatechnologies.utils.validators.abaroutevalidator.Test_AbaRouteValidator_13b" time="0.023"/>
  <testcase name="testAbaNumberCheck_29062_bad" classname="com.cardatechnologies.utils.validators.abaroutevalidator.Test_AbaRouteValidator_13b" time="0.017"/>
  <testcase name="testAbaNumberCheck_28700_bad" classname="com.cardatechnologies.utils.validators.abaroutevalidator.Test_AbaRouteValidator_13b" time="0.018"/>
  <testcase name="testAbaNumberCheck_29514_bad" classname="com.cardatechnologies.utils.validators.abaroutevalidator.Test_AbaRouteValidator_13b" time="0.018"/>
  <testcase name="testAbaNumberCheck_28250_bad" classname="com.cardatechnologies.utils.validators.abaroutevalidator.Test_AbaRouteValidator_13b" time="0.019"/>
  <testcase name="testAbaNumberCheck_29064_bad" classname="com.cardatechnologies.utils.validators.abaroutevalidator.Test_AbaRouteValidator_13b" time="0.021"/>
  <testcase name="testAbaNumberCheck_28702_bad" classname="com.cardatechnologies.utils.validators.abaroutevalidator.Test_AbaRouteValidator_13b" time="0.021"/>
  <testcase name="testAbaNumberCheck_29516_bad" classname="com.cardatechnologies.utils.validators.abaroutevalidator.Test_AbaRouteValidator_13b" time="0.019"/>
  <testcase name="testAbaNumberCheck_28252_bad" classname="com.cardatechnologies.utils.validators.abaroutevalidator.Test_AbaRouteValidator_13b" time="0.018"/>
  <testcase name="testAbaNumberCheck_29066_bad" classname="com.cardatechnologies.utils.validators.abaroutevalidator.Test_AbaRouteValidator_13b" time="0.019"/>
  <testcase name="testAbaNumberCheck_27867_good" classname="com.cardatechnologies.utils.validators.abaroutevalidator.Test_AbaRouteValidator_13b" time="0.017"/>
  <testcase name="testAbaNumberCheck_28704_bad" classname="com.cardatechnologies.utils.validators.abaroutevalidator.Test_AbaRouteValidator_13b" time="0.018"/>
  <testcase name="testAbaNumberCheck_29518_bad" classname="com.cardatechnologies.utils.validators.abaroutevalidator.Test_AbaRouteValidator_13b" time="0.019"/>
  <testcase name="testAbaNumberCheck_27440_bad" classname="com.cardatechnologies.utils.validators.abaroutevalidator.Test_AbaRouteValidator_13b" time="0.018"/>
  <testcase name="testAbaNumberCheck_28254_bad" classname="com.cardatechnologies.utils.validators.abaroutevalidator.Test_AbaRouteValidator_13b" time="0.028"/>
  <testcase name="testAbaNumberCheck_29068_bad" classname="com.cardatechnologies.utils.validators.abaroutevalidator.Test_AbaRouteValidator_13b" time="0.02"/>
  <testcase name="testAbaNumberCheck_28706_bad" classname="com.cardatechnologies.utils.validators.abaroutevalidator.Test_AbaRouteValidator_13b" time="0.019"/>
  <testcase name="testAbaNumberCheck_27442_bad" classname="com.cardatechnologies.utils.validators.abaroutevalidator.Test_AbaRouteValidator_13b" time="0.02"/>
  <testcase name="testAbaNumberCheck_28256_bad" classname="com.cardatechnologies.utils.validators.abaroutevalidator.Test_AbaRouteValidator_13b" time="0.018"/>
  <testcase name="testAbaNumberCheck_28708_bad" classname="com.cardatechnologies.utils.validators.abaroutevalidator.Test_AbaRouteValidator_13b" time="0.02"/>
  <testcase name="testAbaNumberCheck_27444_bad" classname="com.cardatechnologies.utils.validators.abaroutevalidator.Test_AbaRouteValidator_13b" time="0.02"/>
  <testcase name="testAbaNumberCheck_28258_bad" classname="com.cardatechnologies.utils.validators.abaroutevalidator.Test_AbaRouteValidator_13b" time="0.018"/>
  <testcase name="testAbaNumberCheck_27446_bad" classname="com.cardatechnologies.utils.validators.abaroutevalidator.Test_AbaRouteValidator_13b" time="0.019"/>
  <testcase name="testAbaNumberCheck_27448_bad" classname="com.cardatechnologies.utils.validators.abaroutevalidator.Test_AbaRouteValidator_13b" time="0.019"/>
  <testcase name="testAbaNumberCheck_27579_good" classname="com.cardatechnologies.utils.validators.abaroutevalidator.Test_AbaRouteValidator_13b" time="0.019"/>
  <testcase name="testAbaNumberCheck_29520_bad" classname="com.cardatechnologies.utils.validators.abaroutevalidator.Test_AbaRouteValidator_13b" time="0.02"/>
  <testcase name="testAbaNumberCheck_29070_bad" classname="com.cardatechnologies.utils.validators.abaroutevalidator.Test_AbaRouteValidator_13b" time="0.019"/>
  <testcase name="testAbaNumberCheck_29522_bad" classname="com.cardatechnologies.utils.validators.abaroutevalidator.Test_AbaRouteValidator_13b" time="0.019"/>
  <testcase name="testAbaNumberCheck_29072_bad" classname="com.cardatechnologies.utils.validators.abaroutevalidator.Test_AbaRouteValidator_13b" time="0.02"/>
  <testcase name="testAbaNumberCheck_28889_good" classname="com.cardatechnologies.utils.validators.abaroutevalidator.Test_AbaRouteValidator_13b" time="0.018"/>
  <testcase name="testAbaNumberCheck_27949_good" classname="com.cardatechnologies.utils.validators.abaroutevalidator.Test_AbaRouteValidator_13b" time="0.018"/>
  <testcase name="testAbaNumberCheck_28710_bad" classname="com.cardatechnologies.utils.validators.abaroutevalidator.Test_AbaRouteValidator_13b" time="0.018"/>
  <testcase name="testAbaNumberCheck_29524_bad" classname="com.cardatechnologies.utils.validators.abaroutevalidator.Test_AbaRouteValidator_13b" time="0.021"/>
  <testcase name="testAbaNumberCheck_28260_bad" classname="com.cardatechnologies.utils.validators.abaroutevalidator.Test_AbaRouteValidator_13b" time="0.021"/>
  <testcase name="testAbaNumberCheck_29074_bad" classname="com.cardatechnologies.utils.validators.abaroutevalidator.Test_AbaRouteValidator_13b" time="0.018"/>
  <testcase name="testAbaNumberCheck_28712_bad" classname="com.cardatechnologies.utils.validators.abaroutevalidator.Test_AbaRouteValidator_13b" time="0.017"/>
  <testcase name="testAbaNumberCheck_29526_bad" classname="com.cardatechnologies.utils.validators.abaroutevalidator.Test_AbaRouteValidator_13b" time="0.018"/>
  <testcase name="testAbaNumberCheck_28262_bad" classname="com.cardatechnologies.utils.validators.abaroutevalidator.Test_AbaRouteValidator_13b" time="0.017"/>
  <testcase name="testAbaNumberCheck_29076_bad" classname="com.cardatechnologies.utils.validators.abaroutevalidator.Test_AbaRouteValidator_13b" time="0.017"/>
  <testcase name="testAbaNumberCheck_27900_bad" classname="com.cardatechnologies.utils.validators.abaroutevalidator.Test_AbaRouteValidator_13b" time="0.018"/>
  <testcase name="testAbaNumberCheck_28714_bad" classname="com.cardatechnologies.utils.validators.abaroutevalidator.Test_AbaRouteValidator_13b" time="0.018"/>
  <testcase name="testAbaNumberCheck_29528_bad" classname="com.cardatechnologies.utils.validators.abaroutevalidator.Test_AbaRouteValidator_13b" time="0.025"/>
  <testcase name="testAbaNumberCheck_27450_bad" classname="com.cardatechnologies.utils.validators.abaroutevalidator.Test_AbaRouteValidator_13b" time="0.021"/>
  <testcase name="testAbaNumberCheck_28264_bad" classname="com.cardatechnologies.utils.validators.abaroutevalidator.Test_AbaRouteValidator_13b" time="0.019"/>
  <testcase name="testAbaNumberCheck_29078_bad" classname="com.cardatechnologies.utils.validators.abaroutevalidator.Test_AbaRouteValidator_13b" time="0.018"/>
  <testcase name="testAbaNumberCheck_27902_bad" classname="com.cardatechnologies.utils.validators.abaroutevalidator.Test_AbaRouteValidator_13b" time="0.019"/>
  <testcase name="testAbaNumberCheck_28716_bad" classname="com.cardatechnologies.utils.validators.abaroutevalidator.Test_AbaRouteValidator_13b" time="0.018"/>
  <testcase name="testAbaNumberCheck_27452_bad" classname="com.cardatechnologies.utils.validators.abaroutevalidator.Test_AbaRouteValidator_13b" time="0.017"/>
  <testcase name="testAbaNumberCheck_28266_bad" classname="com.cardatechnologies.utils.validators.abaroutevalidator.Test_AbaRouteValidator_13b" time="0.02"/>
  <testcase name="testAbaNumberCheck_27787_good" classname="com.cardatechnologies.utils.validators.abaroutevalidator.Test_AbaRouteValidator_13b" time="0.019"/>
  <testcase name="testAbaNumberCheck_27904_bad" classname="com.cardatechnologies.utils.validators.abaroutevalidator.Test_AbaRouteValidator_13b" time="0.018"/>
  <testcase name="testAbaNumberCheck_28718_bad" classname="com.cardatechnologies.utils.validators.abaroutevalidator.Test_AbaRouteValidator_13b" time="0.018"/>
  <testcase name="testAbaNumberCheck_27454_bad" classname="com.cardatechnologies.utils.validators.abaroutevalidator.Test_AbaRouteValidator_13b" time="0.019"/>
  <testcase name="testAbaNumberCheck_28268_bad" classname="com.cardatechnologies.utils.validators.abaroutevalidator.Test_AbaRouteValidator_13b" time="0.02"/>
  <testcase name="testAbaNumberCheck_27906_bad" classname="com.cardatechnologies.utils.validators.abaroutevalidator.Test_AbaRouteValidator_13b" time="0.018"/>
  <testcase name="testAbaNumberCheck_27456_bad" classname="com.cardatechnologies.utils.validators.abaroutevalidator.Test_AbaRouteValidator_13b" time="0.019"/>
  <testcase name="testAbaNumberCheck_27908_bad" classname="com.cardatechnologies.utils.validators.abaroutevalidator.Test_AbaRouteValidator_13b" time="0.018"/>
  <testcase name="testAbaNumberCheck_27458_bad" classname="com.cardatechnologies.utils.validators.abaroutevalidator.Test_AbaRouteValidator_13b" time="0.018"/>
  <testcase name="testAbaNumberCheck_27499_good" classname="com.cardatechnologies.utils.validators.abaroutevalidator.Test_AbaRouteValidator_13b" time="0.018"/>
  <testcase name="testAbaNumberCheck_29530_bad" classname="com.cardatechnologies.utils.validators.abaroutevalidator.Test_AbaRouteValidator_13b" time="0.019"/>
  <testcase name="testAbaNumberCheck_29080_bad" classname="com.cardatechnologies.utils.validators.abaroutevalidator.Test_AbaRouteValidator_13b" time="0.029"/>
  <testcase name="testAbaNumberCheck_29532_bad" classname="com.cardatechnologies.utils.validators.abaroutevalidator.Test_AbaRouteValidator_13b" time="0.018"/>
  <testcase name="testAbaNumberCheck_27995_good" classname="com.cardatechnologies.utils.validators.abaroutevalidator.Test_AbaRouteValidator_13b" time="0.017"/>
  <testcase name="testAbaNumberCheck_29082_bad" classname="com.cardatechnologies.utils.validators.abaroutevalidator.Test_AbaRouteValidator_13b" time="0.018"/>
  <testcase name="testAbaNumberCheck_28720_bad" classname="com.cardatechnologies.utils.validators.abaroutevalidator.Test_AbaRouteValidator_13b" time="0.017"/>
  <testcase name="testAbaNumberCheck_29534_bad" classname="com.cardatechnologies.utils.validators.abaroutevalidator.Test_AbaRouteValidator_13b" time="0.018"/>
  <testcase name="testAbaNumberCheck_28270_bad" classname="com.cardatechnologies.utils.validators.abaroutevalidator.Test_AbaRouteValidator_13b" time="0.019"/>
  <testcase name="testAbaNumberCheck_29084_bad" classname="com.cardatechnologies.utils.validators.abaroutevalidator.Test_AbaRouteValidator_13b" time="0.018"/>
  <testcase name="testAbaNumberCheck_28722_bad" classname="com.cardatechnologies.utils.validators.abaroutevalidator.Test_AbaRouteValidator_13b" time="0.021"/>
  <testcase name="testAbaNumberCheck_29536_bad" classname="com.cardatechnologies.utils.validators.abaroutevalidator.Test_AbaRouteValidator_13b" time="0.025"/>
  <testcase name="testAbaNumberCheck_28272_bad" classname="com.cardatechnologies.utils.validators.abaroutevalidator.Test_AbaRouteValidator_13b" time="0.019"/>
  <testcase name="testAbaNumberCheck_29086_bad" classname="com.cardatechnologies.utils.validators.abaroutevalidator.Test_AbaRouteValidator_13b" time="0.019"/>
  <testcase name="testAbaNumberCheck_27869_good" classname="com.cardatechnologies.utils.validators.abaroutevalidator.Test_AbaRouteValidator_13b" time="0.019"/>
  <testcase name="testAbaNumberCheck_27910_bad" classname="com.cardatechnologies.utils.validators.abaroutevalidator.Test_AbaRouteValidator_13b" time="0.02"/>
  <testcase name="testAbaNumberCheck_28724_bad" classname="com.cardatechnologies.utils.validators.abaroutevalidator.Test_AbaRouteValidator_13b" time="0.023"/>
  <testcase name="testAbaNumberCheck_29538_bad" classname="com.cardatechnologies.utils.validators.abaroutevalidator.Test_AbaRouteValidator_13b" time="0.019"/>
  <testcase name="testAbaNumberCheck_27460_bad" classname="com.cardatechnologies.utils.validators.abaroutevalidator.Test_AbaRouteValidator_13b" time="0.019"/>
  <testcase name="testAbaNumberCheck_28274_bad" classname="com.cardatechnologies.utils.validators.abaroutevalidator.Test_AbaRouteValidator_13b" time="0.018"/>
  <testcase name="testAbaNumberCheck_29088_bad" classname="com.cardatechnologies.utils.validators.abaroutevalidator.Test_AbaRouteValidator_13b" time="0.019"/>
  <testcase name="testAbaNumberCheck_27912_bad" classname="com.cardatechnologies.utils.validators.abaroutevalidator.Test_AbaRouteValidator_13b" time="0.02"/>
  <testcase name="testAbaNumberCheck_28726_bad" classname="com.cardatechnologies.utils.validators.abaroutevalidator.Test_AbaRouteValidator_13b" time="0.019"/>
  <testcase name="testAbaNumberCheck_27462_bad" classname="com.cardatechnologies.utils.validators.abaroutevalidator.Test_AbaRouteValidator_13b" time="0.019"/>
  <testcase name="testAbaNumberCheck_28276_bad" classname="com.cardatechnologies.utils.validators.abaroutevalidator.Test_AbaRouteValidator_13b" time="0.018"/>
  <testcase name="testAbaNumberCheck_27914_bad" classname="com.cardatechnologies.utils.validators.abaroutevalidator.Test_AbaRouteValidator_13b" time="0.02"/>
  <testcase name="testAbaNumberCheck_28728_bad" classname="com.cardatechnologies.utils.validators.abaroutevalidator.Test_AbaRouteValidator_13b" time="0.019"/>
  <testcase name="testAbaNumberCheck_27464_bad" classname="com.cardatechnologies.utils.validators.abaroutevalidator.Test_AbaRouteValidator_13b" time="0.019"/>
  <testcase name="testAbaNumberCheck_28278_bad" classname="com.cardatechnologies.utils.validators.abaroutevalidator.Test_AbaRouteValidator_13b" time="0.019"/>
  <testcase name="testAbaNumberCheck_27916_bad" classname="com.cardatechnologies.utils.validators.abaroutevalidator.Test_AbaRouteValidator_13b" time="0.029"/>
  <testcase name="testAbaNumberCheck_27466_bad" classname="com.cardatechnologies.utils.validators.abaroutevalidator.Test_AbaRouteValidator_13b" time="0.018"/>
  <testcase name="testAbaNumberCheck_27918_bad" classname="com.cardatechnologies.utils.validators.abaroutevalidator.Test_AbaRouteValidator_13b" time="0.018"/>
  <testcase name="testAbaNumberCheck_27468_bad" classname="com.cardatechnologies.utils.validators.abaroutevalidator.Test_AbaRouteValidator_13b" time="0.018"/>
  <testcase name="testAbaNumberCheck_29540_bad" classname="com.cardatechnologies.utils.validators.abaroutevalidator.Test_AbaRouteValidator_13b" time="0.018"/>
  <testcase name="testAbaNumberCheck_29090_bad" classname="com.cardatechnologies.utils.validators.abaroutevalidator.Test_AbaRouteValidator_13b" time="0.017"/>
  <testcase name="testAbaNumberCheck_29542_bad" classname="com.cardatechnologies.utils.validators.abaroutevalidator.Test_AbaRouteValidator_13b" time="0.018"/>
  <testcase name="testAbaNumberCheck_29092_bad" classname="com.cardatechnologies.utils.validators.abaroutevalidator.Test_AbaRouteValidator_13b" time="0.018"/>
  <testcase name="testAbaNumberCheck_28730_bad" classname="com.cardatechnologies.utils.validators.abaroutevalidator.Test_AbaRouteValidator_13b" time="0.028"/>
  <testcase name="testAbaNumberCheck_29544_bad" classname="com.cardatechnologies.utils.validators.abaroutevalidator.Test_AbaRouteValidator_13b" time="0.017"/>
  <testcase name="testAbaNumberCheck_28280_bad" classname="com.cardatechnologies.utils.validators.abaroutevalidator.Test_AbaRouteValidator_13b" time="0.019"/>
  <testcase name="testAbaNumberCheck_29094_bad" classname="com.cardatechnologies.utils.validators.abaroutevalidator.Test_AbaRouteValidator_13b" time="0.017"/>
  <testcase name="testAbaNumberCheck_28732_bad" classname="com.cardatechnologies.utils.validators.abaroutevalidator.Test_AbaRouteValidator_13b" time="0.018"/>
  <testcase name="testAbaNumberCheck_29546_bad" classname="com.cardatechnologies.utils.validators.abaroutevalidator.Test_AbaRouteValidator_13b" time="0.018"/>
  <testcase name="testAbaNumberCheck_28282_bad" classname="com.cardatechnologies.utils.validators.abaroutevalidator.Test_AbaRouteValidator_13b" time="0.018"/>
  <testcase name="testAbaNumberCheck_29096_bad" classname="com.cardatechnologies.utils.validators.abaroutevalidator.Test_AbaRouteValidator_13b" time="0.018"/>
  <testcase name="testAbaNumberCheck_27920_bad" classname="com.cardatechnologies.utils.validators.abaroutevalidator.Test_AbaRouteValidator_13b" time="0.018"/>
  <testcase name="testAbaNumberCheck_28734_bad" classname="com.cardatechnologies.utils.validators.abaroutevalidator.Test_AbaRouteValidator_13b" time="0.018"/>
  <testcase name="testAbaNumberCheck_29548_bad" classname="com.cardatechnologies.utils.validators.abaroutevalidator.Test_AbaRouteValidator_13b" time="0.018"/>
  <testcase name="testAbaNumberCheck_27470_bad" classname="com.cardatechnologies.utils.validators.abaroutevalidator.Test_AbaRouteValidator_13b" time="0.018"/>
  <testcase name="testAbaNumberCheck_28284_bad" classname="com.cardatechnologies.utils.validators.abaroutevalidator.Test_AbaRouteValidator_13b" time="0.018"/>
  <testcase name="testAbaNumberCheck_29098_bad" classname="com.cardatechnologies.utils.validators.abaroutevalidator.Test_AbaRouteValidator_13b" time="0.022"/>
  <testcase name="testAbaNumberCheck_27922_bad" classname="com.cardatechnologies.utils.validators.abaroutevalidator.Test_AbaRouteValidator_13b" time="0.018"/>
  <testcase name="testAbaNumberCheck_28736_bad" classname="com.cardatechnologies.utils.validators.abaroutevalidator.Test_AbaRouteValidator_13b" time="0.018"/>
  <testcase name="testAbaNumberCheck_27472_bad" classname="com.cardatechnologies.utils.validators.abaroutevalidator.Test_AbaRouteValidator_13b" time="0.018"/>
  <testcase name="testAbaNumberCheck_28286_bad" classname="com.cardatechnologies.utils.validators.abaroutevalidator.Test_AbaRouteValidator_13b" time="0.019"/>
  <testcase name="testAbaNumberCheck_27789_good" classname="com.cardatechnologies.utils.validators.abaroutevalidator.Test_AbaRouteValidator_13b" time="0.017"/>
  <testcase name="testAbaNumberCheck_27924_bad" classname="com.cardatechnologies.utils.validators.abaroutevalidator.Test_AbaRouteValidator_13b" time="0.021"/>
  <testcase name="testAbaNumberCheck_28738_bad" classname="com.cardatechnologies.utils.validators.abaroutevalidator.Test_AbaRouteValidator_13b" time="0.021"/>
  <testcase name="testAbaNumberCheck_27474_bad" classname="com.cardatechnologies.utils.validators.abaroutevalidator.Test_AbaRouteValidator_13b" time="0.019"/>
  <testcase name="testAbaNumberCheck_28288_bad" classname="com.cardatechnologies.utils.validators.abaroutevalidator.Test_AbaRouteValidator_13b" time="0.017"/>
  <testcase name="testAbaNumberCheck_27926_bad" classname="com.cardatechnologies.utils.validators.abaroutevalidator.Test_AbaRouteValidator_13b" time="0.019"/>
  <testcase name="testAbaNumberCheck_27476_bad" classname="com.cardatechnologies.utils.validators.abaroutevalidator.Test_AbaRouteValidator_13b" time="0.018"/>
  <testcase name="testAbaNumberCheck_27928_bad" classname="com.cardatechnologies.utils.validators.abaroutevalidator.Test_AbaRouteValidator_13b" time="0.019"/>
  <testcase name="testAbaNumberCheck_27478_bad" classname="com.cardatechnologies.utils.validators.abaroutevalidator.Test_AbaRouteValidator_13b" time="0.025"/>
  <testcase name="testAbaNumberCheck_29550_bad" classname="com.cardatechnologies.utils.validators.abaroutevalidator.Test_AbaRouteValidator_13b" time="0.025"/>
  <testcase name="testAbaNumberCheck_29552_bad" classname="com.cardatechnologies.utils.validators.abaroutevalidator.Test_AbaRouteValidator_13b" time="0.022"/>
  <testcase name="testAbaNumberCheck_27997_good" classname="com.cardatechnologies.utils.validators.abaroutevalidator.Test_AbaRouteValidator_13b" time="0.019"/>
  <testcase name="testAbaNumberCheck_28740_bad" classname="com.cardatechnologies.utils.validators.abaroutevalidator.Test_AbaRouteValidator_13b" time="0.019"/>
  <testcase name="testAbaNumberCheck_29554_bad" classname="com.cardatechnologies.utils.validators.abaroutevalidator.Test_AbaRouteValidator_13b" time="0.02"/>
  <testcase name="testAbaNumberCheck_28290_bad" classname="com.cardatechnologies.utils.validators.abaroutevalidator.Test_AbaRouteValidator_13b" time="0.018"/>
  <testcase name="testAbaNumberCheck_28742_bad" classname="com.cardatechnologies.utils.validators.abaroutevalidator.Test_AbaRouteValidator_13b" time="0.02"/>
  <testcase name="testAbaNumberCheck_29556_bad" classname="com.cardatechnologies.utils.validators.abaroutevalidator.Test_AbaRouteValidator_13b" time="0.019"/>
  <testcase name="testAbaNumberCheck_28292_bad" classname="com.cardatechnologies.utils.validators.abaroutevalidator.Test_AbaRouteValidator_13b" time="0.018"/>
  <testcase name="testAbaNumberCheck_27930_bad" classname="com.cardatechnologies.utils.validators.abaroutevalidator.Test_AbaRouteValidator_13b" time="0.02"/>
  <testcase name="testAbaNumberCheck_28744_bad" classname="com.cardatechnologies.utils.validators.abaroutevalidator.Test_AbaRouteValidator_13b" time="0.019"/>
  <testcase name="testAbaNumberCheck_29558_bad" classname="com.cardatechnologies.utils.validators.abaroutevalidator.Test_AbaRouteValidator_13b" time="0.02"/>
  <testcase name="testAbaNumberCheck_27480_bad" classname="com.cardatechnologies.utils.validators.abaroutevalidator.Test_AbaRouteValidator_13b" time="0.023"/>
  <testcase name="testAbaNumberCheck_28294_bad" classname="com.cardatechnologies.utils.validators.abaroutevalidator.Test_AbaRouteValidator_13b" time="0.023"/>
  <testcase name="testAbaNumberCheck_27932_bad" classname="com.cardatechnologies.utils.validators.abaroutevalidator.Test_AbaRouteValidator_13b" time="0.022"/>
  <testcase name="testAbaNumberCheck_28746_bad" classname="com.cardatechnologies.utils.validators.abaroutevalidator.Test_AbaRouteValidator_13b" time="0.022"/>
  <testcase name="testAbaNumberCheck_27482_bad" classname="com.cardatechnologies.utils.validators.abaroutevalidator.Test_AbaRouteValidator_13b" time="0.021"/>
  <testcase name="testAbaNumberCheck_28296_bad" classname="com.cardatechnologies.utils.validators.abaroutevalidator.Test_AbaRouteValidator_13b" time="0.02"/>
  <testcase name="testAbaNumberCheck_27934_bad" classname="com.cardatechnologies.utils.validators.abaroutevalidator.Test_AbaRouteValidator_13b" time="0.024"/>
  <testcase name="testAbaNumberCheck_28748_bad" classname="com.cardatechnologies.utils.validators.abaroutevalidator.Test_AbaRouteValidator_13b" time="0.022"/>
  <testcase name="testAbaNumberCheck_27484_bad" classname="com.cardatechnologies.utils.validators.abaroutevalidator.Test_AbaRouteValidator_13b" time="0.019"/>
  <testcase name="testAbaNumberCheck_28298_bad" classname="com.cardatechnologies.utils.validators.abaroutevalidator.Test_AbaRouteValidator_13b" time="0.019"/>
  <testcase name="testAbaNumberCheck_27936_bad" classname="com.cardatechnologies.utils.validators.abaroutevalidator.Test_AbaRouteValidator_13b" time="0.019"/>
  <testcase name="testAbaNumberCheck_27486_bad" classname="com.cardatechnologies.utils.validators.abaroutevalidator.Test_AbaRouteValidator_13b" time="0.019"/>
  <testcase name="testAbaNumberCheck_27938_bad" classname="com.cardatechnologies.utils.validators.abaroutevalidator.Test_AbaRouteValidator_13b" time="0.02"/>
  <testcase name="testAbaNumberCheck_27488_bad" classname="com.cardatechnologies.utils.validators.abaroutevalidator.Test_AbaRouteValidator_13b" time="0.019"/>
  <testcase name="testAbaNumberCheck_29560_bad" classname="com.cardatechnologies.utils.validators.abaroutevalidator.Test_AbaRouteValidator_13b" time="0.028"/>
  <testcase name="testAbaNumberCheck_29562_bad" classname="com.cardatechnologies.utils.validators.abaroutevalidator.Test_AbaRouteValidator_13b" time="0.02"/>
  <testcase name="testAbaNumberCheck_28750_bad" classname="com.cardatechnologies.utils.validators.abaroutevalidator.Test_AbaRouteValidator_13b" time="0.019"/>
  <testcase name="testAbaNumberCheck_29564_bad" classname="com.cardatechnologies.utils.validators.abaroutevalidator.Test_AbaRouteValidator_13b" time="0.02"/>
  <testcase name="testAbaNumberCheck_28752_bad" classname="com.cardatechnologies.utils.validators.abaroutevalidator.Test_AbaRouteValidator_13b" time="0.019"/>
  <testcase name="testAbaNumberCheck_29566_bad" classname="com.cardatechnologies.utils.validators.abaroutevalidator.Test_AbaRouteValidator_13b" time="0.018"/>
  <testcase name="testAbaNumberCheck_27940_bad" classname="com.cardatechnologies.utils.validators.abaroutevalidator.Test_AbaRouteValidator_13b" time="0.018"/>
  <testcase name="testAbaNumberCheck_28754_bad" classname="com.cardatechnologies.utils.validators.abaroutevalidator.Test_AbaRouteValidator_13b" time="0.017"/>
  <testcase name="testAbaNumberCheck_29568_bad" classname="com.cardatechnologies.utils.validators.abaroutevalidator.Test_AbaRouteValidator_13b" time="0.019"/>
  <testcase name="testAbaNumberCheck_27490_bad" classname="com.cardatechnologies.utils.validators.abaroutevalidator.Test_AbaRouteValidator_13b" time="0.019"/>
  <testcase name="testAbaNumberCheck_27942_bad" classname="com.cardatechnologies.utils.validators.abaroutevalidator.Test_AbaRouteValidator_13b" time="0.018"/>
  <testcase name="testAbaNumberCheck_28756_bad" classname="com.cardatechnologies.utils.validators.abaroutevalidator.Test_AbaRouteValidator_13b" time="0.017"/>
  <testcase name="testAbaNumberCheck_27492_bad" classname="com.cardatechnologies.utils.validators.abaroutevalidator.Test_AbaRouteValidator_13b" time="0.018"/>
  <testcase name="testAbaNumberCheck_27944_bad" classname="com.cardatechnologies.utils.validators.abaroutevalidator.Test_AbaRouteValidator_13b" time="0.018"/>
  <testcase name="testAbaNumberCheck_28758_bad" classname="com.cardatechnologies.utils.validators.abaroutevalidator.Test_AbaRouteValidator_13b" time="0.017"/>
  <testcase name="testAbaNumberCheck_27494_bad" classname="com.cardatechnologies.utils.validators.abaroutevalidator.Test_AbaRouteValidator_13b" time="0.018"/>
  <testcase name="testAbaNumberCheck_27946_bad" classname="com.cardatechnologies.utils.validators.abaroutevalidator.Test_AbaRouteValidator_13b" time="0.018"/>
  <testcase name="testAbaNumberCheck_27496_bad" classname="com.cardatechnologies.utils.validators.abaroutevalidator.Test_AbaRouteValidator_13b" time="0.018"/>
  <testcase name="testAbaNumberCheck_27948_bad" classname="com.cardatechnologies.utils.validators.abaroutevalidator.Test_AbaRouteValidator_13b" time="0.019"/>
  <testcase name="testAbaNumberCheck_27498_bad" classname="com.cardatechnologies.utils.validators.abaroutevalidator.Test_AbaRouteValidator_13b" time="0.022"/>
  <testcase name="testAbaNumberCheck_29101_good" classname="com.cardatechnologies.utils.validators.abaroutevalidator.Test_AbaRouteValidator_13b" time="0.022"/>
  <testcase name="testAbaNumberCheck_29570_bad" classname="com.cardatechnologies.utils.validators.abaroutevalidator.Test_AbaRouteValidator_13b" time="0.018"/>
  <testcase name="testAbaNumberCheck_29572_bad" classname="com.cardatechnologies.utils.validators.abaroutevalidator.Test_AbaRouteValidator_13b" time="0.017"/>
  <testcase name="testAbaNumberCheck_27999_good" classname="com.cardatechnologies.utils.validators.abaroutevalidator.Test_AbaRouteValidator_13b" time="0.019"/>
  <testcase name="testAbaNumberCheck_28760_bad" classname="com.cardatechnologies.utils.validators.abaroutevalidator.Test_AbaRouteValidator_13b" time="0.018"/>
  <testcase name="testAbaNumberCheck_29574_bad" classname="com.cardatechnologies.utils.validators.abaroutevalidator.Test_AbaRouteValidator_13b" time="0.018"/>
  <testcase name="testAbaNumberCheck_28762_bad" classname="com.cardatechnologies.utils.validators.abaroutevalidator.Test_AbaRouteValidator_13b" time="0.021"/>
  <testcase name="testAbaNumberCheck_29576_bad" classname="com.cardatechnologies.utils.validators.abaroutevalidator.Test_AbaRouteValidator_13b" time="0.024"/>
  <testcase name="testAbaNumberCheck_27950_bad" classname="com.cardatechnologies.utils.validators.abaroutevalidator.Test_AbaRouteValidator_13b" time="0.022"/>
  <testcase name="testAbaNumberCheck_28764_bad" classname="com.cardatechnologies.utils.validators.abaroutevalidator.Test_AbaRouteValidator_13b" time="0.019"/>
  <testcase name="testAbaNumberCheck_29578_bad" classname="com.cardatechnologies.utils.validators.abaroutevalidator.Test_AbaRouteValidator_13b" time="0.019"/>
  <testcase name="testAbaNumberCheck_27952_bad" classname="com.cardatechnologies.utils.validators.abaroutevalidator.Test_AbaRouteValidator_13b" time="0.019"/>
  <testcase name="testAbaNumberCheck_28766_bad" classname="com.cardatechnologies.utils.validators.abaroutevalidator.Test_AbaRouteValidator_13b" time="0.018"/>
  <testcase name="testAbaNumberCheck_27954_bad" classname="com.cardatechnologies.utils.validators.abaroutevalidator.Test_AbaRouteValidator_13b" time="0.022"/>
  <testcase name="testAbaNumberCheck_28768_bad" classname="com.cardatechnologies.utils.validators.abaroutevalidator.Test_AbaRouteValidator_13b" time="0.019"/>
  <testcase name="testAbaNumberCheck_27956_bad" classname="com.cardatechnologies.utils.validators.abaroutevalidator.Test_AbaRouteValidator_13b" time="0.02"/>
  <testcase name="testAbaNumberCheck_27958_bad" classname="com.cardatechnologies.utils.validators.abaroutevalidator.Test_AbaRouteValidator_13b" time="0.018"/>
  <testcase name="testAbaNumberCheck_29580_bad" classname="com.cardatechnologies.utils.validators.abaroutevalidator.Test_AbaRouteValidator_13b" time="0.02"/>
  <testcase name="testAbaNumberCheck_29021_good" classname="com.cardatechnologies.utils.validators.abaroutevalidator.Test_AbaRouteValidator_13b" time="0.019"/>
  <testcase name="testAbaNumberCheck_29582_bad" classname="com.cardatechnologies.utils.validators.abaroutevalidator.Test_AbaRouteValidator_13b" time="0.019"/>
  <testcase name="testAbaNumberCheck_28770_bad" classname="com.cardatechnologies.utils.validators.abaroutevalidator.Test_AbaRouteValidator_13b" time="0.02"/>
  <testcase name="testAbaNumberCheck_29584_bad" classname="com.cardatechnologies.utils.validators.abaroutevalidator.Test_AbaRouteValidator_13b" time="0.02"/>
  <testcase name="testAbaNumberCheck_28772_bad" classname="com.cardatechnologies.utils.validators.abaroutevalidator.Test_AbaRouteValidator_13b" time="0.019"/>
  <testcase name="testAbaNumberCheck_29586_bad" classname="com.cardatechnologies.utils.validators.abaroutevalidator.Test_AbaRouteValidator_13b" time="0.019"/>
  <testcase name="testAbaNumberCheck_27960_bad" classname="com.cardatechnologies.utils.validators.abaroutevalidator.Test_AbaRouteValidator_13b" time="0.017"/>
  <testcase name="testAbaNumberCheck_28774_bad" classname="com.cardatechnologies.utils.validators.abaroutevalidator.Test_AbaRouteValidator_13b" time="0.018"/>
  <testcase name="testAbaNumberCheck_29588_bad" classname="com.cardatechnologies.utils.validators.abaroutevalidator.Test_AbaRouteValidator_13b" time="0.025"/>
  <testcase name="testAbaNumberCheck_27962_bad" classname="com.cardatechnologies.utils.validators.abaroutevalidator.Test_AbaRouteValidator_13b" time="0.019"/>
  <testcase name="testAbaNumberCheck_28776_bad" classname="com.cardatechnologies.utils.validators.abaroutevalidator.Test_AbaRouteValidator_13b" time="0.017"/>
  <testcase name="testAbaNumberCheck_27964_bad" classname="com.cardatechnologies.utils.validators.abaroutevalidator.Test_AbaRouteValidator_13b" time="0.019"/>
  <testcase name="testAbaNumberCheck_28778_bad" classname="com.cardatechnologies.utils.validators.abaroutevalidator.Test_AbaRouteValidator_13b" time="0.018"/>
  <testcase name="testAbaNumberCheck_27966_bad" classname="com.cardatechnologies.utils.validators.abaroutevalidator.Test_AbaRouteValidator_13b" time="0.019"/>
  <testcase name="testAbaNumberCheck_27968_bad" classname="com.cardatechnologies.utils.validators.abaroutevalidator.Test_AbaRouteValidator_13b" time="0.019"/>
  <testcase name="testAbaNumberCheck_29103_good" classname="com.cardatechnologies.utils.validators.abaroutevalidator.Test_AbaRouteValidator_13b" time="0.018"/>
  <testcase name="testAbaNumberCheck_29590_bad" classname="com.cardatechnologies.utils.validators.abaroutevalidator.Test_AbaRouteValidator_13b" time="0.028"/>
  <testcase name="testAbaNumberCheck_29592_bad" classname="com.cardatechnologies.utils.validators.abaroutevalidator.Test_AbaRouteValidator_13b" time="0.019"/>
  <testcase name="testAbaNumberCheck_28780_bad" classname="com.cardatechnologies.utils.validators.abaroutevalidator.Test_AbaRouteValidator_13b" time="0.018"/>
  <testcase name="testAbaNumberCheck_29594_bad" classname="com.cardatechnologies.utils.validators.abaroutevalidator.Test_AbaRouteValidator_13b" time="0.02"/>
  <testcase name="testAbaNumberCheck_28782_bad" classname="com.cardatechnologies.utils.validators.abaroutevalidator.Test_AbaRouteValidator_13b" time="0.019"/>
  <testcase name="testAbaNumberCheck_28001_good" classname="com.cardatechnologies.utils.validators.abaroutevalidator.Test_AbaRouteValidator_13b" time="0.018"/>
  <testcase name="testAbaNumberCheck_29596_bad" classname="com.cardatechnologies.utils.validators.abaroutevalidator.Test_AbaRouteValidator_13b" time="0.019"/>
  <testcase name="testAbaNumberCheck_27970_bad" classname="com.cardatechnologies.utils.validators.abaroutevalidator.Test_AbaRouteValidator_13b" time="0.018"/>
  <testcase name="testAbaNumberCheck_28784_bad" classname="com.cardatechnologies.utils.validators.abaroutevalidator.Test_AbaRouteValidator_13b" time="0.02"/>
  <testcase name="testAbaNumberCheck_29598_bad" classname="com.cardatechnologies.utils.validators.abaroutevalidator.Test_AbaRouteValidator_13b" time="0.019"/>
  <testcase name="testAbaNumberCheck_27972_bad" classname="com.cardatechnologies.utils.validators.abaroutevalidator.Test_AbaRouteValidator_13b" time="0.02"/>
  <testcase name="testAbaNumberCheck_28786_bad" classname="com.cardatechnologies.utils.validators.abaroutevalidator.Test_AbaRouteValidator_13b" time="0.018"/>
  <testcase name="testAbaNumberCheck_27974_bad" classname="com.cardatechnologies.utils.validators.abaroutevalidator.Test_AbaRouteValidator_13b" time="0.023"/>
  <testcase name="testAbaNumberCheck_28788_bad" classname="com.cardatechnologies.utils.validators.abaroutevalidator.Test_AbaRouteValidator_13b" time="0.02"/>
  <testcase name="testAbaNumberCheck_27976_bad" classname="com.cardatechnologies.utils.validators.abaroutevalidator.Test_AbaRouteValidator_13b" time="0.018"/>
  <testcase name="testAbaNumberCheck_27978_bad" classname="com.cardatechnologies.utils.validators.abaroutevalidator.Test_AbaRouteValidator_13b" time="0.017"/>
  <testcase name="testAbaNumberCheck_29311_good" classname="com.cardatechnologies.utils.validators.abaroutevalidator.Test_AbaRouteValidator_13b" time="0.018"/>
  <testcase name="testAbaNumberCheck_29023_good" classname="com.cardatechnologies.utils.validators.abaroutevalidator.Test_AbaRouteValidator_13b" time="0.017"/>
  <testcase name="testAbaNumberCheck_28790_bad" classname="com.cardatechnologies.utils.validators.abaroutevalidator.Test_AbaRouteValidator_13b" time="0.022"/>
  <testcase name="testAbaNumberCheck_28792_bad" classname="com.cardatechnologies.utils.validators.abaroutevalidator.Test_AbaRouteValidator_13b" time="0.021"/>
  <testcase name="testAbaNumberCheck_27980_bad" classname="com.cardatechnologies.utils.validators.abaroutevalidator.Test_AbaRouteValidator_13b" time="0.018"/>
  <testcase name="testAbaNumberCheck_28794_bad" classname="com.cardatechnologies.utils.validators.abaroutevalidator.Test_AbaRouteValidator_13b" time="0.017"/>
  <testcase name="testAbaNumberCheck_27982_bad" classname="com.cardatechnologies.utils.validators.abaroutevalidator.Test_AbaRouteValidator_13b" time="0.019"/>
  <testcase name="testAbaNumberCheck_28796_bad" classname="com.cardatechnologies.utils.validators.abaroutevalidator.Test_AbaRouteValidator_13b" time="0.017"/>
  <testcase name="testAbaNumberCheck_27984_bad" classname="com.cardatechnologies.utils.validators.abaroutevalidator.Test_AbaRouteValidator_13b" time="0.017"/>
  <testcase name="testAbaNumberCheck_28798_bad" classname="com.cardatechnologies.utils.validators.abaroutevalidator.Test_AbaRouteValidator_13b" time="0.018"/>
  <testcase name="testAbaNumberCheck_27986_bad" classname="com.cardatechnologies.utils.validators.abaroutevalidator.Test_AbaRouteValidator_13b" time="0.019"/>
  <testcase name="testAbaNumberCheck_27988_bad" classname="com.cardatechnologies.utils.validators.abaroutevalidator.Test_AbaRouteValidator_13b" time="0.025"/>
  <testcase name="testAbaNumberCheck_29231_good" classname="com.cardatechnologies.utils.validators.abaroutevalidator.Test_AbaRouteValidator_13b" time="0.02"/>
  <testcase name="testAbaNumberCheck_29105_good" classname="com.cardatechnologies.utils.validators.abaroutevalidator.Test_AbaRouteValidator_13b" time="0.017"/>
  <testcase name="testAbaNumberCheck_28003_good" classname="com.cardatechnologies.utils.validators.abaroutevalidator.Test_AbaRouteValidator_13b" time="0.018"/>
  <testcase name="testAbaNumberCheck_27990_bad" classname="com.cardatechnologies.utils.validators.abaroutevalidator.Test_AbaRouteValidator_13b" time="0.018"/>
  <testcase name="testAbaNumberCheck_29601_good" classname="com.cardatechnologies.utils.validators.abaroutevalidator.Test_AbaRouteValidator_13b" time="0.018"/>
  <testcase name="testAbaNumberCheck_27992_bad" classname="com.cardatechnologies.utils.validators.abaroutevalidator.Test_AbaRouteValidator_13b" time="0.018"/>
  <testcase name="testAbaNumberCheck_27994_bad" classname="com.cardatechnologies.utils.validators.abaroutevalidator.Test_AbaRouteValidator_13b" time="0.018"/>
  <testcase name="testAbaNumberCheck_27996_bad" classname="com.cardatechnologies.utils.validators.abaroutevalidator.Test_AbaRouteValidator_13b" time="0.018"/>
  <testcase name="testAbaNumberCheck_27998_bad" classname="com.cardatechnologies.utils.validators.abaroutevalidator.Test_AbaRouteValidator_13b" time="0.018"/>
  <testcase name="testAbaNumberCheck_29313_good" classname="com.cardatechnologies.utils.validators.abaroutevalidator.Test_AbaRouteValidator_13b" time="0.018"/>
  <testcase name="testAbaNumberCheck_29151_good" classname="com.cardatechnologies.utils.validators.abaroutevalidator.Test_AbaRouteValidator_13b" time="0.018"/>
  <testcase name="testAbaNumberCheck_28211_good" classname="com.cardatechnologies.utils.validators.abaroutevalidator.Test_AbaRouteValidator_13b" time="0.018"/>
  <testcase name="testAbaNumberCheck_29025_good" classname="com.cardatechnologies.utils.validators.abaroutevalidator.Test_AbaRouteValidator_13b" time="0.022"/>
  <testcase name="testAbaNumberCheck_29521_good" classname="com.cardatechnologies.utils.validators.abaroutevalidator.Test_AbaRouteValidator_13b" time="0.018"/>
  <testcase name="testAbaNumberCheck_29233_good" classname="com.cardatechnologies.utils.validators.abaroutevalidator.Test_AbaRouteValidator_13b" time="0.017"/>
  <testcase name="testAbaNumberCheck_29107_good" classname="com.cardatechnologies.utils.validators.abaroutevalidator.Test_AbaRouteValidator_13b" time="0.018"/>
  <testcase name="testAbaNumberCheck_29071_good" classname="com.cardatechnologies.utils.validators.abaroutevalidator.Test_AbaRouteValidator_13b" time="0.016"/>
  <testcase name="testAbaNumberCheck_28131_good" classname="com.cardatechnologies.utils.validators.abaroutevalidator.Test_AbaRouteValidator_13b" time="0.018"/>
  <testcase name="testAbaNumberCheck_28005_good" classname="com.cardatechnologies.utils.validators.abaroutevalidator.Test_AbaRouteValidator_13b" time="0.021"/>
  <testcase name="testAbaNumberCheck_29603_good" classname="com.cardatechnologies.utils.validators.abaroutevalidator.Test_AbaRouteValidator_13b" time="0.022"/>
  <testcase name="testAbaNumberCheck_29441_good" classname="com.cardatechnologies.utils.validators.abaroutevalidator.Test_AbaRouteValidator_13b" time="0.017"/>
  <testcase name="testAbaNumberCheck_28501_good" classname="com.cardatechnologies.utils.validators.abaroutevalidator.Test_AbaRouteValidator_13b" time="0.017"/>
  <testcase name="testAbaNumberCheck_29315_good" classname="com.cardatechnologies.utils.validators.abaroutevalidator.Test_AbaRouteValidator_13b" time="0.019"/>
  <testcase name="testAbaNumberCheck_29153_good" classname="com.cardatechnologies.utils.validators.abaroutevalidator.Test_AbaRouteValidator_13b" time="0.018"/>
  <testcase name="testAbaNumberCheck_28213_good" classname="com.cardatechnologies.utils.validators.abaroutevalidator.Test_AbaRouteValidator_13b" time="0.016"/>
  <testcase name="testAbaNumberCheck_29811_good" classname="com.cardatechnologies.utils.validators.abaroutevalidator.Test_AbaRouteValidator_13b" time="0.019"/>
  <testcase name="testAbaNumberCheck_29027_good" classname="com.cardatechnologies.utils.validators.abaroutevalidator.Test_AbaRouteValidator_13b" time="0.016"/>
  <testcase name="testAbaNumberCheck_28051_good" classname="com.cardatechnologies.utils.validators.abaroutevalidator.Test_AbaRouteValidator_13b" time="0.022"/>
  <testcase name="testAbaNumberCheck_29523_good" classname="com.cardatechnologies.utils.validators.abaroutevalidator.Test_AbaRouteValidator_13b" time="0.02"/>
  <testcase name="testAbaNumberCheck_29361_good" classname="com.cardatechnologies.utils.validators.abaroutevalidator.Test_AbaRouteValidator_13b" time="0.018"/>
  <testcase name="testAbaNumberCheck_28421_good" classname="com.cardatechnologies.utils.validators.abaroutevalidator.Test_AbaRouteValidator_13b" time="0.017"/>
  <testcase name="testAbaNumberCheck_29235_good" classname="com.cardatechnologies.utils.validators.abaroutevalidator.Test_AbaRouteValidator_13b" time="0.017"/>
  <testcase name="testAbaNumberCheck_29109_good" classname="com.cardatechnologies.utils.validators.abaroutevalidator.Test_AbaRouteValidator_13b" time="0.018"/>
  <testcase name="testAbaNumberCheck_29073_good" classname="com.cardatechnologies.utils.validators.abaroutevalidator.Test_AbaRouteValidator_13b" time="0.018"/>
  <testcase name="testAbaNumberCheck_28133_good" classname="com.cardatechnologies.utils.validators.abaroutevalidator.Test_AbaRouteValidator_13b" time="0.018"/>
  <testcase name="testAbaNumberCheck_29731_good" classname="com.cardatechnologies.utils.validators.abaroutevalidator.Test_AbaRouteValidator_13b" time="0.018"/>
  <testcase name="testAbaNumberCheck_28007_good" classname="com.cardatechnologies.utils.validators.abaroutevalidator.Test_AbaRouteValidator_13b" time="0.017"/>
  <testcase name="testAbaNumberCheck_29605_good" classname="com.cardatechnologies.utils.validators.abaroutevalidator.Test_AbaRouteValidator_13b" time="0.018"/>
  <testcase name="testAbaNumberCheck_29443_good" classname="com.cardatechnologies.utils.validators.abaroutevalidator.Test_AbaRouteValidator_13b" time="0.017"/>
  <testcase name="testAbaNumberCheck_28503_good" classname="com.cardatechnologies.utils.validators.abaroutevalidator.Test_AbaRouteValidator_13b" time="0.019"/>
  <testcase name="testAbaNumberCheck_29317_good" classname="com.cardatechnologies.utils.validators.abaroutevalidator.Test_AbaRouteValidator_13b" time="0.018"/>
  <testcase name="testAbaNumberCheck_29281_good" classname="com.cardatechnologies.utils.validators.abaroutevalidator.Test_AbaRouteValidator_13b" time="0.017"/>
  <testcase name="testAbaNumberCheck_28341_good" classname="com.cardatechnologies.utils.validators.abaroutevalidator.Test_AbaRouteValidator_13b" time="0.017"/>
  <testcase name="testAbaNumberCheck_27401_good" classname="com.cardatechnologies.utils.validators.abaroutevalidator.Test_AbaRouteValidator_13b" time="0.019"/>
  <testcase name="testAbaNumberCheck_29155_good" classname="com.cardatechnologies.utils.validators.abaroutevalidator.Test_AbaRouteValidator_13b" time="0.018"/>
  <testcase name="testAbaNumberCheck_28215_good" classname="com.cardatechnologies.utils.validators.abaroutevalidator.Test_AbaRouteValidator_13b" time="0.017"/>
  <testcase name="testAbaNumberCheck_29813_good" classname="com.cardatechnologies.utils.validators.abaroutevalidator.Test_AbaRouteValidator_13b" time="0.018"/>
  <testcase name="testAbaNumberCheck_29029_good" classname="com.cardatechnologies.utils.validators.abaroutevalidator.Test_AbaRouteValidator_13b" time="0.025"/>
  <testcase name="testAbaNumberCheck_28053_good" classname="com.cardatechnologies.utils.validators.abaroutevalidator.Test_AbaRouteValidator_13b" time="0.017"/>
  <testcase name="testAbaNumberCheck_29651_good" classname="com.cardatechnologies.utils.validators.abaroutevalidator.Test_AbaRouteValidator_13b" time="0.019"/>
  <testcase name="testAbaNumberCheck_28711_good" classname="com.cardatechnologies.utils.validators.abaroutevalidator.Test_AbaRouteValidator_13b" time="0.018"/>
  <testcase name="testAbaNumberCheck_29525_good" classname="com.cardatechnologies.utils.validators.abaroutevalidator.Test_AbaRouteValidator_13b" time="0.018"/>
  <testcase name="testAbaNumberCheck_29363_good" classname="com.cardatechnologies.utils.validators.abaroutevalidator.Test_AbaRouteValidator_13b" time="0.018"/>
  <testcase name="testAbaNumberCheck_28423_good" classname="com.cardatechnologies.utils.validators.abaroutevalidator.Test_AbaRouteValidator_13b" time="0.017"/>
  <testcase name="testAbaNumberCheck_29237_good" classname="com.cardatechnologies.utils.validators.abaroutevalidator.Test_AbaRouteValidator_13b" time="0.018"/>
  <testcase name="testAbaNumberCheck_28261_good" classname="com.cardatechnologies.utils.validators.abaroutevalidator.Test_AbaRouteValidator_13b" time="0.017"/>
  <testcase name="testAbaNumberCheck_27321_good" classname="com.cardatechnologies.utils.validators.abaroutevalidator.Test_AbaRouteValidator_13b" time="0.021"/>
  <testcase name="testAbaNumberCheck_29075_good" classname="com.cardatechnologies.utils.validators.abaroutevalidator.Test_AbaRouteValidator_13b" time="0.02"/>
  <testcase name="testAbaNumberCheck_28135_good" classname="com.cardatechnologies.utils.validators.abaroutevalidator.Test_AbaRouteValidator_13b" time="0.018"/>
  <testcase name="testAbaNumberCheck_29733_good" classname="com.cardatechnologies.utils.validators.abaroutevalidator.Test_AbaRouteValidator_13b" time="0.018"/>
  <testcase name="testAbaNumberCheck_28009_good" classname="com.cardatechnologies.utils.validators.abaroutevalidator.Test_AbaRouteValidator_13b" time="0.017"/>
  <testcase name="testAbaNumberCheck_29607_good" classname="com.cardatechnologies.utils.validators.abaroutevalidator.Test_AbaRouteValidator_13b" time="0.018"/>
  <testcase name="testAbaNumberCheck_29571_good" classname="com.cardatechnologies.utils.validators.abaroutevalidator.Test_AbaRouteValidator_13b" time="0.018"/>
  <testcase name="testAbaNumberCheck_28631_good" classname="com.cardatechnologies.utils.validators.abaroutevalidator.Test_AbaRouteValidator_13b" time="0.018"/>
  <testcase name="testAbaNumberCheck_29445_good" classname="com.cardatechnologies.utils.validators.abaroutevalidator.Test_AbaRouteValidator_13b" time="0.018"/>
  <testcase name="testAbaNumberCheck_28505_good" classname="com.cardatechnologies.utils.validators.abaroutevalidator.Test_AbaRouteValidator_13b" time="0.017"/>
  <testcase name="testAbaNumberCheck_29319_good" classname="com.cardatechnologies.utils.validators.abaroutevalidator.Test_AbaRouteValidator_13b" time="0.017"/>
  <testcase name="testAbaNumberCheck_29283_good" classname="com.cardatechnologies.utils.validators.abaroutevalidator.Test_AbaRouteValidator_13b" time="0.018"/>
  <testcase name="testAbaNumberCheck_28343_good" classname="com.cardatechnologies.utils.validators.abaroutevalidator.Test_AbaRouteValidator_13b" time="0.018"/>
  <testcase name="testAbaNumberCheck_27403_good" classname="com.cardatechnologies.utils.validators.abaroutevalidator.Test_AbaRouteValidator_13b" time="0.018"/>
  <testcase name="testAbaNumberCheck_29941_good" classname="com.cardatechnologies.utils.validators.abaroutevalidator.Test_AbaRouteValidator_13b" time="0.019"/>
  <testcase name="testAbaNumberCheck_29157_good" classname="com.cardatechnologies.utils.validators.abaroutevalidator.Test_AbaRouteValidator_13b" time="0.017"/>
  <testcase name="testAbaNumberCheck_28217_good" classname="com.cardatechnologies.utils.validators.abaroutevalidator.Test_AbaRouteValidator_13b" time="0.022"/>
  <testcase name="testAbaNumberCheck_29815_good" classname="com.cardatechnologies.utils.validators.abaroutevalidator.Test_AbaRouteValidator_13b" time="0.017"/>
  <testcase name="testAbaNumberCheck_28181_good" classname="com.cardatechnologies.utils.validators.abaroutevalidator.Test_AbaRouteValidator_13b" time="0.018"/>
  <testcase name="testAbaNumberCheck_27241_good" classname="com.cardatechnologies.utils.validators.abaroutevalidator.Test_AbaRouteValidator_13b" time="0.022"/>
  <testcase name="testAbaNumberCheck_28055_good" classname="com.cardatechnologies.utils.validators.abaroutevalidator.Test_AbaRouteValidator_13b" time="0.021"/>
  <testcase name="testAbaNumberCheck_29653_good" classname="com.cardatechnologies.utils.validators.abaroutevalidator.Test_AbaRouteValidator_13b" time="0.018"/>
  <testcase name="testAbaNumberCheck_28713_good" classname="com.cardatechnologies.utils.validators.abaroutevalidator.Test_AbaRouteValidator_13b" time="0.017"/>
  <testcase name="testAbaNumberCheck_29527_good" classname="com.cardatechnologies.utils.validators.abaroutevalidator.Test_AbaRouteValidator_13b" time="0.019"/>
  <testcase name="testAbaNumberCheck_29491_good" classname="com.cardatechnologies.utils.validators.abaroutevalidator.Test_AbaRouteValidator_13b" time="0.018"/>
  <testcase name="testAbaNumberCheck_28551_good" classname="com.cardatechnologies.utils.validators.abaroutevalidator.Test_AbaRouteValidator_13b" time="0.018"/>
  <testcase name="testAbaNumberCheck_27611_good" classname="com.cardatechnologies.utils.validators.abaroutevalidator.Test_AbaRouteValidator_13b" time="0.018"/>
  <testcase name="testAbaNumberCheck_29365_good" classname="com.cardatechnologies.utils.validators.abaroutevalidator.Test_AbaRouteValidator_13b" time="0.017"/>
  <testcase name="testAbaNumberCheck_28425_good" classname="com.cardatechnologies.utils.validators.abaroutevalidator.Test_AbaRouteValidator_13b" time="0.023"/>
  <testcase name="testAbaNumberCheck_29239_good" classname="com.cardatechnologies.utils.validators.abaroutevalidator.Test_AbaRouteValidator_13b" time="0.024"/>
  <testcase name="testAbaNumberCheck_28263_good" classname="com.cardatechnologies.utils.validators.abaroutevalidator.Test_AbaRouteValidator_13b" time="0.017"/>
  <testcase name="testAbaNumberCheck_27323_good" classname="com.cardatechnologies.utils.validators.abaroutevalidator.Test_AbaRouteValidator_13b" time="0.018"/>
  <testcase name="testAbaNumberCheck_29861_good" classname="com.cardatechnologies.utils.validators.abaroutevalidator.Test_AbaRouteValidator_13b" time="0.018"/>
  <testcase name="testAbaNumberCheck_28921_good" classname="com.cardatechnologies.utils.validators.abaroutevalidator.Test_AbaRouteValidator_13b" time="0.018"/>
  <testcase name="testAbaNumberCheck_29077_good" classname="com.cardatechnologies.utils.validators.abaroutevalidator.Test_AbaRouteValidator_13b" time="0.017"/>
  <testcase name="testAbaNumberCheck_28137_good" classname="com.cardatechnologies.utils.validators.abaroutevalidator.Test_AbaRouteValidator_13b" time="0.019"/>
  <testcase name="testAbaNumberCheck_29735_good" classname="com.cardatechnologies.utils.validators.abaroutevalidator.Test_AbaRouteValidator_13b" time="0.018"/>
  <testcase name="testAbaNumberCheck_29609_good" classname="com.cardatechnologies.utils.validators.abaroutevalidator.Test_AbaRouteValidator_13b" time="0.017"/>
  <testcase name="testAbaNumberCheck_29573_good" classname="com.cardatechnologies.utils.validators.abaroutevalidator.Test_AbaRouteValidator_13b" time="0.019"/>
  <testcase name="testAbaNumberCheck_28633_good" classname="com.cardatechnologies.utils.validators.abaroutevalidator.Test_AbaRouteValidator_13b" time="0.017"/>
  <testcase name="testAbaNumberCheck_29447_good" classname="com.cardatechnologies.utils.validators.abaroutevalidator.Test_AbaRouteValidator_13b" time="0.018"/>
  <testcase name="testAbaNumberCheck_28507_good" classname="com.cardatechnologies.utils.validators.abaroutevalidator.Test_AbaRouteValidator_13b" time="0.017"/>
  <testcase name="testAbaNumberCheck_28471_good" classname="com.cardatechnologies.utils.validators.abaroutevalidator.Test_AbaRouteValidator_13b" time="0.018"/>
  <testcase name="testAbaNumberCheck_27531_good" classname="com.cardatechnologies.utils.validators.abaroutevalidator.Test_AbaRouteValidator_13b" time="0.018"/>
  <testcase name="testAbaNumberCheck_29285_good" classname="com.cardatechnologies.utils.validators.abaroutevalidator.Test_AbaRouteValidator_13b" time="0.017"/>
  <testcase name="testAbaNumberCheck_28345_good" classname="com.cardatechnologies.utils.validators.abaroutevalidator.Test_AbaRouteValidator_13b" time="0.019"/>
  <testcase name="testAbaNumberCheck_27405_good" classname="com.cardatechnologies.utils.validators.abaroutevalidator.Test_AbaRouteValidator_13b" time="0.017"/>
  <testcase name="testAbaNumberCheck_29943_good" classname="com.cardatechnologies.utils.validators.abaroutevalidator.Test_AbaRouteValidator_13b" time="0.021"/>
  <testcase name="testAbaNumberCheck_29159_good" classname="com.cardatechnologies.utils.validators.abaroutevalidator.Test_AbaRouteValidator_13b" time="0.021"/>
  <testcase name="testAbaNumberCheck_28219_good" classname="com.cardatechnologies.utils.validators.abaroutevalidator.Test_AbaRouteValidator_13b" time="0.018"/>
  <testcase name="testAbaNumberCheck_29817_good" classname="com.cardatechnologies.utils.validators.abaroutevalidator.Test_AbaRouteValidator_13b" time="0.018"/>
  <testcase name="testAbaNumberCheck_28183_good" classname="com.cardatechnologies.utils.validators.abaroutevalidator.Test_AbaRouteValidator_13b" time="0.018"/>
  <testcase name="testAbaNumberCheck_27243_good" classname="com.cardatechnologies.utils.validators.abaroutevalidator.Test_AbaRouteValidator_13b" time="0.018"/>
  <testcase name="testAbaNumberCheck_29781_good" classname="com.cardatechnologies.utils.validators.abaroutevalidator.Test_AbaRouteValidator_13b" time="0.018"/>
  <testcase name="testAbaNumberCheck_28841_good" classname="com.cardatechnologies.utils.validators.abaroutevalidator.Test_AbaRouteValidator_13b" time="0.018"/>
  <testcase name="testAbaNumberCheck_27901_good" classname="com.cardatechnologies.utils.validators.abaroutevalidator.Test_AbaRouteValidator_13b" time="0.018"/>
  <testcase name="testAbaNumberCheck_28057_good" classname="com.cardatechnologies.utils.validators.abaroutevalidator.Test_AbaRouteValidator_13b" time="0.018"/>
  <testcase name="testAbaNumberCheck_29655_good" classname="com.cardatechnologies.utils.validators.abaroutevalidator.Test_AbaRouteValidator_13b" time="0.027"/>
  <testcase name="testAbaNumberCheck_28715_good" classname="com.cardatechnologies.utils.validators.abaroutevalidator.Test_AbaRouteValidator_13b" time="0.021"/>
  <testcase name="testAbaNumberCheck_29529_good" classname="com.cardatechnologies.utils.validators.abaroutevalidator.Test_AbaRouteValidator_13b" time="0.021"/>
  <testcase name="testAbaNumberCheck_29493_good" classname="com.cardatechnologies.utils.validators.abaroutevalidator.Test_AbaRouteValidator_13b" time="0.02"/>
  <testcase name="testAbaNumberCheck_28553_good" classname="com.cardatechnologies.utils.validators.abaroutevalidator.Test_AbaRouteValidator_13b" time="0.018"/>
  <testcase name="testAbaNumberCheck_27613_good" classname="com.cardatechnologies.utils.validators.abaroutevalidator.Test_AbaRouteValidator_13b" time="0.018"/>
  <testcase name="testAbaNumberCheck_29367_good" classname="com.cardatechnologies.utils.validators.abaroutevalidator.Test_AbaRouteValidator_13b" time="0.018"/>
  <testcase name="testAbaNumberCheck_28427_good" classname="com.cardatechnologies.utils.validators.abaroutevalidator.Test_AbaRouteValidator_13b" time="0.019"/>
  <testcase name="testAbaNumberCheck_28391_good" classname="com.cardatechnologies.utils.validators.abaroutevalidator.Test_AbaRouteValidator_13b" time="0.018"/>
  <testcase name="testAbaNumberCheck_27451_good" classname="com.cardatechnologies.utils.validators.abaroutevalidator.Test_AbaRouteValidator_13b" time="0.019"/>
  <testcase name="testAbaNumberCheck_28265_good" classname="com.cardatechnologies.utils.validators.abaroutevalidator.Test_AbaRouteValidator_13b" time="0.018"/>
  <testcase name="testAbaNumberCheck_27325_good" classname="com.cardatechnologies.utils.validators.abaroutevalidator.Test_AbaRouteValidator_13b" time="0.017"/>
  <testcase name="testAbaNumberCheck_29863_good" classname="com.cardatechnologies.utils.validators.abaroutevalidator.Test_AbaRouteValidator_13b" time="0.018"/>
  <testcase name="testAbaNumberCheck_28923_good" classname="com.cardatechnologies.utils.validators.abaroutevalidator.Test_AbaRouteValidator_13b" time="0.018"/>
  <testcase name="testAbaNumberCheck_29079_good" classname="com.cardatechnologies.utils.validators.abaroutevalidator.Test_AbaRouteValidator_13b" time="0.018"/>
  <testcase name="testAbaNumberCheck_28139_good" classname="com.cardatechnologies.utils.validators.abaroutevalidator.Test_AbaRouteValidator_13b" time="0.018"/>
  <testcase name="testAbaNumberCheck_29737_good" classname="com.cardatechnologies.utils.validators.abaroutevalidator.Test_AbaRouteValidator_13b" time="0.019"/>
  <testcase name="testAbaNumberCheck_28761_good" classname="com.cardatechnologies.utils.validators.abaroutevalidator.Test_AbaRouteValidator_13b" time="0.018"/>
  <testcase name="testAbaNumberCheck_27821_good" classname="com.cardatechnologies.utils.validators.abaroutevalidator.Test_AbaRouteValidator_13b" time="0.025"/>
  <testcase name="testAbaNumberCheck_29575_good" classname="com.cardatechnologies.utils.validators.abaroutevalidator.Test_AbaRouteValidator_13b" time="0.022"/>
  <testcase name="testAbaNumberCheck_28635_good" classname="com.cardatechnologies.utils.validators.abaroutevalidator.Test_AbaRouteValidator_13b" time="0.017"/>
  <testcase name="testAbaNumberCheck_29449_good" classname="com.cardatechnologies.utils.validators.abaroutevalidator.Test_AbaRouteValidator_13b" time="0.018"/>
  <testcase name="testAbaNumberCheck_28509_good" classname="com.cardatechnologies.utils.validators.abaroutevalidator.Test_AbaRouteValidator_13b" time="0.018"/>
  <testcase name="testAbaNumberCheck_28473_good" classname="com.cardatechnologies.utils.validators.abaroutevalidator.Test_AbaRouteValidator_13b" time="0.018"/>
  <testcase name="testAbaNumberCheck_27533_good" classname="com.cardatechnologies.utils.validators.abaroutevalidator.Test_AbaRouteValidator_13b" time="0.018"/>
  <testcase name="testAbaNumberCheck_29287_good" classname="com.cardatechnologies.utils.validators.abaroutevalidator.Test_AbaRouteValidator_13b" time="0.018"/>
  <testcase name="testAbaNumberCheck_28347_good" classname="com.cardatechnologies.utils.validators.abaroutevalidator.Test_AbaRouteValidator_13b" time="0.019"/>
  <testcase name="testAbaNumberCheck_27407_good" classname="com.cardatechnologies.utils.validators.abaroutevalidator.Test_AbaRouteValidator_13b" time="0.028"/>
  <testcase name="testAbaNumberCheck_29945_good" classname="com.cardatechnologies.utils.validators.abaroutevalidator.Test_AbaRouteValidator_13b" time="0.021"/>
  <testcase name="testAbaNumberCheck_27371_good" classname="com.cardatechnologies.utils.validators.abaroutevalidator.Test_AbaRouteValidator_13b" time="0.019"/>
  <testcase name="testAbaNumberCheck_29819_good" classname="com.cardatechnologies.utils.validators.abaroutevalidator.Test_AbaRouteValidator_13b" time="0.017"/>
  <testcase name="testAbaNumberCheck_28185_good" classname="com.cardatechnologies.utils.validators.abaroutevalidator.Test_AbaRouteValidator_13b" time="0.018"/>
  <testcase name="testAbaNumberCheck_27245_good" classname="com.cardatechnologies.utils.validators.abaroutevalidator.Test_AbaRouteValidator_13b" time="0.018"/>
  <testcase name="testAbaNumberCheck_29783_good" classname="com.cardatechnologies.utils.validators.abaroutevalidator.Test_AbaRouteValidator_13b" time="0.017"/>
  <testcase name="testAbaNumberCheck_28843_good" classname="com.cardatechnologies.utils.validators.abaroutevalidator.Test_AbaRouteValidator_13b" time="0.019"/>
  <testcase name="testAbaNumberCheck_27903_good" classname="com.cardatechnologies.utils.validators.abaroutevalidator.Test_AbaRouteValidator_13b" time="0.021"/>
  <testcase name="testAbaNumberCheck_28059_good" classname="com.cardatechnologies.utils.validators.abaroutevalidator.Test_AbaRouteValidator_13b" time="0.019"/>
  <testcase name="testAbaNumberCheck_29657_good" classname="com.cardatechnologies.utils.validators.abaroutevalidator.Test_AbaRouteValidator_13b" time="0.021"/>
  <testcase name="testAbaNumberCheck_28717_good" classname="com.cardatechnologies.utils.validators.abaroutevalidator.Test_AbaRouteValidator_13b" time="0.02"/>
  <testcase name="testAbaNumberCheck_28681_good" classname="com.cardatechnologies.utils.validators.abaroutevalidator.Test_AbaRouteValidator_13b" time="0.019"/>
  <testcase name="testAbaNumberCheck_27741_good" classname="com.cardatechnologies.utils.validators.abaroutevalidator.Test_AbaRouteValidator_13b" time="0.02"/>
  <testcase name="testAbaNumberCheck_29495_good" classname="com.cardatechnologies.utils.validators.abaroutevalidator.Test_AbaRouteValidator_13b" time="0.02"/>
  <testcase name="testAbaNumberCheck_28555_good" classname="com.cardatechnologies.utils.validators.abaroutevalidator.Test_AbaRouteValidator_13b" time="0.02"/>
  <testcase name="testAbaNumberCheck_27615_good" classname="com.cardatechnologies.utils.validators.abaroutevalidator.Test_AbaRouteValidator_13b" time="0.019"/>
  <testcase name="testAbaNumberCheck_29369_good" classname="com.cardatechnologies.utils.validators.abaroutevalidator.Test_AbaRouteValidator_13b" time="0.019"/>
  <testcase name="testAbaNumberCheck_28429_good" classname="com.cardatechnologies.utils.validators.abaroutevalidator.Test_AbaRouteValidator_13b" time="0.023"/>
  <testcase name="testAbaNumberCheck_28393_good" classname="com.cardatechnologies.utils.validators.abaroutevalidator.Test_AbaRouteValidator_13b" time="0.022"/>
  <testcase name="testAbaNumberCheck_27453_good" classname="com.cardatechnologies.utils.validators.abaroutevalidator.Test_AbaRouteValidator_13b" time="0.02"/>
  <testcase name="testAbaNumberCheck_29991_good" classname="com.cardatechnologies.utils.validators.abaroutevalidator.Test_AbaRouteValidator_13b" time="0.018"/>
  <testcase name="testAbaNumberCheck_28267_good" classname="com.cardatechnologies.utils.validators.abaroutevalidator.Test_AbaRouteValidator_13b" time="0.02"/>
  <testcase name="testAbaNumberCheck_27327_good" classname="com.cardatechnologies.utils.validators.abaroutevalidator.Test_AbaRouteValidator_13b" time="0.021"/>
  <testcase name="testAbaNumberCheck_29865_good" classname="com.cardatechnologies.utils.validators.abaroutevalidator.Test_AbaRouteValidator_13b" time="0.018"/>
  <testcase name="testAbaNumberCheck_28925_good" classname="com.cardatechnologies.utils.validators.abaroutevalidator.Test_AbaRouteValidator_13b" time="0.018"/>
  <testcase name="testAbaNumberCheck_27291_good" classname="com.cardatechnologies.utils.validators.abaroutevalidator.Test_AbaRouteValidator_13b" time="0.021"/>
  <testcase name="testAbaNumberCheck_29739_good" classname="com.cardatechnologies.utils.validators.abaroutevalidator.Test_AbaRouteValidator_13b" time="0.027"/>
  <testcase name="testAbaNumberCheck_28763_good" classname="com.cardatechnologies.utils.validators.abaroutevalidator.Test_AbaRouteValidator_13b" time="0.02"/>
  <testcase name="testAbaNumberCheck_27823_good" classname="com.cardatechnologies.utils.validators.abaroutevalidator.Test_AbaRouteValidator_13b" time="0.019"/>
  <testcase name="testAbaNumberCheck_29577_good" classname="com.cardatechnologies.utils.validators.abaroutevalidator.Test_AbaRouteValidator_13b" time="0.019"/>
  <testcase name="testAbaNumberCheck_28637_good" classname="com.cardatechnologies.utils.validators.abaroutevalidator.Test_AbaRouteValidator_13b" time="0.02"/>
  <testcase name="testAbaNumberCheck_27661_good" classname="com.cardatechnologies.utils.validators.abaroutevalidator.Test_AbaRouteValidator_13b" time="0.02"/>
  <testcase name="testAbaNumberCheck_28475_good" classname="com.cardatechnologies.utils.validators.abaroutevalidator.Test_AbaRouteValidator_13b" time="0.019"/>
  <testcase name="testAbaNumberCheck_27535_good" classname="com.cardatechnologies.utils.validators.abaroutevalidator.Test_AbaRouteValidator_13b" time="0.019"/>
  <testcase name="testAbaNumberCheck_29289_good" classname="com.cardatechnologies.utils.validators.abaroutevalidator.Test_AbaRouteValidator_13b" time="0.019"/>
  <testcase name="testAbaNumberCheck_28349_good" classname="com.cardatechnologies.utils.validators.abaroutevalidator.Test_AbaRouteValidator_13b" time="0.02"/>
  <testcase name="testAbaNumberCheck_27409_good" classname="com.cardatechnologies.utils.validators.abaroutevalidator.Test_AbaRouteValidator_13b" time="0.02"/>
  <testcase name="testAbaNumberCheck_29947_good" classname="com.cardatechnologies.utils.validators.abaroutevalidator.Test_AbaRouteValidator_13b" time="0.022"/>
  <testcase name="testAbaNumberCheck_27373_good" classname="com.cardatechnologies.utils.validators.abaroutevalidator.Test_AbaRouteValidator_13b" time="0.019"/>
  <testcase name="testAbaNumberCheck_28971_good" classname="com.cardatechnologies.utils.validators.abaroutevalidator.Test_AbaRouteValidator_13b" time="0.018"/>
  <testcase name="testAbaNumberCheck_28187_good" classname="com.cardatechnologies.utils.validators.abaroutevalidator.Test_AbaRouteValidator_13b" time="0.018"/>
  <testcase name="testAbaNumberCheck_27247_good" classname="com.cardatechnologies.utils.validators.abaroutevalidator.Test_AbaRouteValidator_13b" time="0.019"/>
  <testcase name="testAbaNumberCheck_29785_good" classname="com.cardatechnologies.utils.validators.abaroutevalidator.Test_AbaRouteValidator_13b" time="0.018"/>
  <testcase name="testAbaNumberCheck_28845_good" classname="com.cardatechnologies.utils.validators.abaroutevalidator.Test_AbaRouteValidator_13b" time="0.019"/>
  <testcase name="testAbaNumberCheck_27905_good" classname="com.cardatechnologies.utils.validators.abaroutevalidator.Test_AbaRouteValidator_13b" time="0.027"/>
  <testcase name="testAbaNumberCheck_29659_good" classname="com.cardatechnologies.utils.validators.abaroutevalidator.Test_AbaRouteValidator_13b" time="0.018"/>
  <testcase name="testAbaNumberCheck_28719_good" classname="com.cardatechnologies.utils.validators.abaroutevalidator.Test_AbaRouteValidator_13b" time="0.018"/>
  <testcase name="testAbaNumberCheck_28683_good" classname="com.cardatechnologies.utils.validators.abaroutevalidator.Test_AbaRouteValidator_13b" time="0.018"/>
  <testcase name="testAbaNumberCheck_27743_good" classname="com.cardatechnologies.utils.validators.abaroutevalidator.Test_AbaRouteValidator_13b" time="0.017"/>
  <testcase name="testAbaNumberCheck_29497_good" classname="com.cardatechnologies.utils.validators.abaroutevalidator.Test_AbaRouteValidator_13b" time="0.025"/>
  <testcase name="testAbaNumberCheck_28557_good" classname="com.cardatechnologies.utils.validators.abaroutevalidator.Test_AbaRouteValidator_13b" time="0.019"/>
  <testcase name="testAbaNumberCheck_27617_good" classname="com.cardatechnologies.utils.validators.abaroutevalidator.Test_AbaRouteValidator_13b" time="0.018"/>
  <testcase name="testAbaNumberCheck_27581_good" classname="com.cardatechnologies.utils.validators.abaroutevalidator.Test_AbaRouteValidator_13b" time="0.027"/>
  <testcase name="testAbaNumberCheck_28395_good" classname="com.cardatechnologies.utils.validators.abaroutevalidator.Test_AbaRouteValidator_13b" time="0.018"/>
  <testcase name="testAbaNumberCheck_27455_good" classname="com.cardatechnologies.utils.validators.abaroutevalidator.Test_AbaRouteValidator_13b" time="0.017"/>
  <testcase name="testAbaNumberCheck_29993_good" classname="com.cardatechnologies.utils.validators.abaroutevalidator.Test_AbaRouteValidator_13b" time="0.018"/>
  <testcase name="testAbaNumberCheck_28269_good" classname="com.cardatechnologies.utils.validators.abaroutevalidator.Test_AbaRouteValidator_13b" time="0.018"/>
  <testcase name="testAbaNumberCheck_27329_good" classname="com.cardatechnologies.utils.validators.abaroutevalidator.Test_AbaRouteValidator_13b" time="0.017"/>
  <testcase name="testAbaNumberCheck_29867_good" classname="com.cardatechnologies.utils.validators.abaroutevalidator.Test_AbaRouteValidator_13b" time="0.018"/>
  <testcase name="testAbaNumberCheck_28927_good" classname="com.cardatechnologies.utils.validators.abaroutevalidator.Test_AbaRouteValidator_13b" time="0.017"/>
  <testcase name="testAbaNumberCheck_27293_good" classname="com.cardatechnologies.utils.validators.abaroutevalidator.Test_AbaRouteValidator_13b" time="0.021"/>
  <testcase name="testAbaNumberCheck_28891_good" classname="com.cardatechnologies.utils.validators.abaroutevalidator.Test_AbaRouteValidator_13b" time="0.019"/>
  <testcase name="testAbaNumberCheck_27951_good" classname="com.cardatechnologies.utils.validators.abaroutevalidator.Test_AbaRouteValidator_13b" time="0.017"/>
  <testcase name="testAbaNumberCheck_28765_good" classname="com.cardatechnologies.utils.validators.abaroutevalidator.Test_AbaRouteValidator_13b" time="0.017"/>
  <testcase name="testAbaNumberCheck_27825_good" classname="com.cardatechnologies.utils.validators.abaroutevalidator.Test_AbaRouteValidator_13b" time="0.018"/>
  <testcase name="testAbaNumberCheck_29579_good" classname="com.cardatechnologies.utils.validators.abaroutevalidator.Test_AbaRouteValidator_13b" time="0.017"/>
  <testcase name="testAbaNumberCheck_28639_good" classname="com.cardatechnologies.utils.validators.abaroutevalidator.Test_AbaRouteValidator_13b" time="0.018"/>
  <testcase name="testAbaNumberCheck_27663_good" classname="com.cardatechnologies.utils.validators.abaroutevalidator.Test_AbaRouteValidator_13b" time="0.018"/>
  <testcase name="testAbaNumberCheck_28477_good" classname="com.cardatechnologies.utils.validators.abaroutevalidator.Test_AbaRouteValidator_13b" time="0.019"/>
  <testcase name="testAbaNumberCheck_27537_good" classname="com.cardatechnologies.utils.validators.abaroutevalidator.Test_AbaRouteValidator_13b" time="0.018"/>
  <testcase name="testAbaNumberCheck_29949_good" classname="com.cardatechnologies.utils.validators.abaroutevalidator.Test_AbaRouteValidator_13b" time="0.018"/>
  <testcase name="testAbaNumberCheck_27375_good" classname="com.cardatechnologies.utils.validators.abaroutevalidator.Test_AbaRouteValidator_13b" time="0.017"/>
  <testcase name="testAbaNumberCheck_28973_good" classname="com.cardatechnologies.utils.validators.abaroutevalidator.Test_AbaRouteValidator_13b" time="0.026"/>
  <testcase name="testAbaNumberCheck_29100_bad" classname="com.cardatechnologies.utils.validators.abaroutevalidator.Test_AbaRouteValidator_13b" time="0.017"/>
  <testcase name="testAbaNumberCheck_28189_good" classname="com.cardatechnologies.utils.validators.abaroutevalidator.Test_AbaRouteValidator_13b" time="0.018"/>
  <testcase name="testAbaNumberCheck_27249_good" classname="com.cardatechnologies.utils.validators.abaroutevalidator.Test_AbaRouteValidator_13b" time="0.019"/>
  <testcase name="testAbaNumberCheck_29102_bad" classname="com.cardatechnologies.utils.validators.abaroutevalidator.Test_AbaRouteValidator_13b" time="0.017"/>
  <testcase name="testAbaNumberCheck_29787_good" classname="com.cardatechnologies.utils.validators.abaroutevalidator.Test_AbaRouteValidator_13b" time="0.018"/>
  <testcase name="testAbaNumberCheck_28847_good" classname="com.cardatechnologies.utils.validators.abaroutevalidator.Test_AbaRouteValidator_13b" time="0.017"/>
  <testcase name="testAbaNumberCheck_27907_good" classname="com.cardatechnologies.utils.validators.abaroutevalidator.Test_AbaRouteValidator_13b" time="0.018"/>
  <testcase name="testAbaNumberCheck_29104_bad" classname="com.cardatechnologies.utils.validators.abaroutevalidator.Test_AbaRouteValidator_13b" time="0.028"/>
  <testcase name="testAbaNumberCheck_29106_bad" classname="com.cardatechnologies.utils.validators.abaroutevalidator.Test_AbaRouteValidator_13b" time="0.018"/>
  <testcase name="testAbaNumberCheck_27871_good" classname="com.cardatechnologies.utils.validators.abaroutevalidator.Test_AbaRouteValidator_13b" time="0.017"/>
  <testcase name="testAbaNumberCheck_29108_bad" classname="com.cardatechnologies.utils.validators.abaroutevalidator.Test_AbaRouteValidator_13b" time="0.017"/>
  <testcase name="testAbaNumberCheck_28685_good" classname="com.cardatechnologies.utils.validators.abaroutevalidator.Test_AbaRouteValidator_13b" time="0.018"/>
  <testcase name="testAbaNumberCheck_27745_good" classname="com.cardatechnologies.utils.validators.abaroutevalidator.Test_AbaRouteValidator_13b" time="0.018"/>
  <testcase name="testAbaNumberCheck_29499_good" classname="com.cardatechnologies.utils.validators.abaroutevalidator.Test_AbaRouteValidator_13b" time="0.018"/>
  <testcase name="testAbaNumberCheck_28559_good" classname="com.cardatechnologies.utils.validators.abaroutevalidator.Test_AbaRouteValidator_13b" time="0.018"/>
  <testcase name="testAbaNumberCheck_27619_good" classname="com.cardatechnologies.utils.validators.abaroutevalidator.Test_AbaRouteValidator_13b" time="0.018"/>
  <testcase name="testAbaNumberCheck_27583_good" classname="com.cardatechnologies.utils.validators.abaroutevalidator.Test_AbaRouteValidator_13b" time="0.018"/>
  <testcase name="testAbaNumberCheck_28397_good" classname="com.cardatechnologies.utils.validators.abaroutevalidator.Test_AbaRouteValidator_13b" time="0.018"/>
  <testcase name="testAbaNumberCheck_27457_good" classname="com.cardatechnologies.utils.validators.abaroutevalidator.Test_AbaRouteValidator_13b" time="0.021"/>
  <testcase name="testAbaNumberCheck_29995_good" classname="com.cardatechnologies.utils.validators.abaroutevalidator.Test_AbaRouteValidator_13b" time="0.02"/>
  <testcase name="testAbaNumberCheck_29869_good" classname="com.cardatechnologies.utils.validators.abaroutevalidator.Test_AbaRouteValidator_13b" time="0.02"/>
  <testcase name="testAbaNumberCheck_28929_good" classname="com.cardatechnologies.utils.validators.abaroutevalidator.Test_AbaRouteValidator_13b" time="0.021"/>
  <testcase name="testAbaNumberCheck_27295_good" classname="com.cardatechnologies.utils.validators.abaroutevalidator.Test_AbaRouteValidator_13b" time="0.02"/>
  <testcase name="testAbaNumberCheck_29110_bad" classname="com.cardatechnologies.utils.validators.abaroutevalidator.Test_AbaRouteValidator_13b" time="0.022"/>
  <testcase name="testAbaNumberCheck_29112_bad" classname="com.cardatechnologies.utils.validators.abaroutevalidator.Test_AbaRouteValidator_13b" time="0.02"/>
  <testcase name="testAbaNumberCheck_28893_good" classname="com.cardatechnologies.utils.validators.abaroutevalidator.Test_AbaRouteValidator_13b" time="0.02"/>
  <testcase name="testAbaNumberCheck_27953_good" classname="com.cardatechnologies.utils.validators.abaroutevalidator.Test_AbaRouteValidator_13b" time="0.022"/>
  <testcase name="testAbaNumberCheck_28300_bad" classname="com.cardatechnologies.utils.validators.abaroutevalidator.Test_AbaRouteValidator_13b" time="0.021"/>
  <testcase name="testAbaNumberCheck_29114_bad" classname="com.cardatechnologies.utils.validators.abaroutevalidator.Test_AbaRouteValidator_13b" time="0.019"/>
  <testcase name="testAbaNumberCheck_28302_bad" classname="com.cardatechnologies.utils.validators.abaroutevalidator.Test_AbaRouteValidator_13b" time="0.018"/>
  <testcase name="testAbaNumberCheck_29116_bad" classname="com.cardatechnologies.utils.validators.abaroutevalidator.Test_AbaRouteValidator_13b" time="0.018"/>
  <testcase name="testAbaNumberCheck_28767_good" classname="com.cardatechnologies.utils.validators.abaroutevalidator.Test_AbaRouteValidator_13b" time="0.017"/>
  <testcase name="testAbaNumberCheck_27827_good" classname="com.cardatechnologies.utils.validators.abaroutevalidator.Test_AbaRouteValidator_13b" time="0.017"/>
  <testcase name="testAbaNumberCheck_28304_bad" classname="com.cardatechnologies.utils.validators.abaroutevalidator.Test_AbaRouteValidator_13b" time="0.018"/>
  <testcase name="testAbaNumberCheck_29118_bad" classname="com.cardatechnologies.utils.validators.abaroutevalidator.Test_AbaRouteValidator_13b" time="0.029"/>
  <testcase name="testAbaNumberCheck_28306_bad" classname="com.cardatechnologies.utils.validators.abaroutevalidator.Test_AbaRouteValidator_13b" time="0.018"/>
  <testcase name="testAbaNumberCheck_27791_good" classname="com.cardatechnologies.utils.validators.abaroutevalidator.Test_AbaRouteValidator_13b" time="0.018"/>
  <testcase name="testAbaNumberCheck_28308_bad" classname="com.cardatechnologies.utils.validators.abaroutevalidator.Test_AbaRouteValidator_13b" time="0.017"/>
  <testcase name="testAbaNumberCheck_27665_good" classname="com.cardatechnologies.utils.validators.abaroutevalidator.Test_AbaRouteValidator_13b" time="0.019"/>
  <testcase name="testAbaNumberCheck_28479_good" classname="com.cardatechnologies.utils.validators.abaroutevalidator.Test_AbaRouteValidator_13b" time="0.018"/>
  <testcase name="testAbaNumberCheck_27539_good" classname="com.cardatechnologies.utils.validators.abaroutevalidator.Test_AbaRouteValidator_13b" time="0.021"/>
  <testcase name="testAbaNumberCheck_27377_good" classname="com.cardatechnologies.utils.validators.abaroutevalidator.Test_AbaRouteValidator_13b" time="0.019"/>
  <testcase name="testAbaNumberCheck_28975_good" classname="com.cardatechnologies.utils.validators.abaroutevalidator.Test_AbaRouteValidator_13b" time="0.018"/>
  <testcase name="testAbaNumberCheck_29120_bad" classname="com.cardatechnologies.utils.validators.abaroutevalidator.Test_AbaRouteValidator_13b" time="0.018"/>
  <testcase name="testAbaNumberCheck_29122_bad" classname="com.cardatechnologies.utils.validators.abaroutevalidator.Test_AbaRouteValidator_13b" time="0.017"/>
  <testcase name="testAbaNumberCheck_29789_good" classname="com.cardatechnologies.utils.validators.abaroutevalidator.Test_AbaRouteValidator_13b" time="0.018"/>
  <testcase name="testAbaNumberCheck_28849_good" classname="com.cardatechnologies.utils.validators.abaroutevalidator.Test_AbaRouteValidator_13b" time="0.018"/>
  <testcase name="testAbaNumberCheck_27909_good" classname="com.cardatechnologies.utils.validators.abaroutevalidator.Test_AbaRouteValidator_13b" time="0.021"/>
  <testcase name="testAbaNumberCheck_28310_bad" classname="com.cardatechnologies.utils.validators.abaroutevalidator.Test_AbaRouteValidator_13b" time="0.022"/>
  <testcase name="testAbaNumberCheck_29124_bad" classname="com.cardatechnologies.utils.validators.abaroutevalidator.Test_AbaRouteValidator_13b" time="0.021"/>
  <testcase name="testAbaNumberCheck_28312_bad" classname="com.cardatechnologies.utils.validators.abaroutevalidator.Test_AbaRouteValidator_13b" time="0.021"/>
  <testcase name="testAbaNumberCheck_29126_bad" classname="com.cardatechnologies.utils.validators.abaroutevalidator.Test_AbaRouteValidator_13b" time="0.021"/>
  <testcase name="testAbaNumberCheck_27873_good" classname="com.cardatechnologies.utils.validators.abaroutevalidator.Test_AbaRouteValidator_13b" time="0.022"/>
  <testcase name="testAbaNumberCheck_27500_bad" classname="com.cardatechnologies.utils.validators.abaroutevalidator.Test_AbaRouteValidator_13b" time="0.024"/>
  <testcase name="testAbaNumberCheck_28314_bad" classname="com.cardatechnologies.utils.validators.abaroutevalidator.Test_AbaRouteValidator_13b" time="0.024"/>
  <testcase name="testAbaNumberCheck_29128_bad" classname="com.cardatechnologies.utils.validators.abaroutevalidator.Test_AbaRouteValidator_13b" time="0.02"/>
  <testcase name="testAbaNumberCheck_27502_bad" classname="com.cardatechnologies.utils.validators.abaroutevalidator.Test_AbaRouteValidator_13b" time="0.021"/>
  <testcase name="testAbaNumberCheck_28316_bad" classname="com.cardatechnologies.utils.validators.abaroutevalidator.Test_AbaRouteValidator_13b" time="0.021"/>
  <testcase name="testAbaNumberCheck_28687_good" classname="com.cardatechnologies.utils.validators.abaroutevalidator.Test_AbaRouteValidator_13b" time="0.022"/>
  <testcase name="testAbaNumberCheck_27747_good" classname="com.cardatechnologies.utils.validators.abaroutevalidator.Test_AbaRouteValidator_13b" time="0.024"/>
  <testcase name="testAbaNumberCheck_27504_bad" classname="com.cardatechnologies.utils.validators.abaroutevalidator.Test_AbaRouteValidator_13b" time="0.028"/>
  <testcase name="testAbaNumberCheck_28318_bad" classname="com.cardatechnologies.utils.validators.abaroutevalidator.Test_AbaRouteValidator_13b" time="0.022"/>
  <testcase name="testAbaNumberCheck_27506_bad" classname="com.cardatechnologies.utils.validators.abaroutevalidator.Test_AbaRouteValidator_13b" time="0.022"/>
  <testcase name="testAbaNumberCheck_27508_bad" classname="com.cardatechnologies.utils.validators.abaroutevalidator.Test_AbaRouteValidator_13b" time="0.02"/>
  <testcase name="testAbaNumberCheck_27585_good" classname="com.cardatechnologies.utils.validators.abaroutevalidator.Test_AbaRouteValidator_13b" time="0.019"/>
  <testcase name="testAbaNumberCheck_28399_good" classname="com.cardatechnologies.utils.validators.abaroutevalidator.Test_AbaRouteValidator_13b" time="0.019"/>
  <testcase name="testAbaNumberCheck_27459_good" classname="com.cardatechnologies.utils.validators.abaroutevalidator.Test_AbaRouteValidator_13b" time="0.019"/>
  <testcase name="testAbaNumberCheck_29997_good" classname="com.cardatechnologies.utils.validators.abaroutevalidator.Test_AbaRouteValidator_13b" time="0.019"/>
  <testcase name="testAbaNumberCheck_27297_good" classname="com.cardatechnologies.utils.validators.abaroutevalidator.Test_AbaRouteValidator_13b" time="0.018"/>
  <testcase name="testAbaNumberCheck_29130_bad" classname="com.cardatechnologies.utils.validators.abaroutevalidator.Test_AbaRouteValidator_13b" time="0.019"/>
  <testcase name="testAbaNumberCheck_29132_bad" classname="com.cardatechnologies.utils.validators.abaroutevalidator.Test_AbaRouteValidator_13b" time="0.019"/>
  <testcase name="testAbaNumberCheck_28895_good" classname="com.cardatechnologies.utils.validators.abaroutevalidator.Test_AbaRouteValidator_13b" time="0.02"/>
  <testcase name="testAbaNumberCheck_27955_good" classname="com.cardatechnologies.utils.validators.abaroutevalidator.Test_AbaRouteValidator_13b" time="0.019"/>
  <testcase name="testAbaNumberCheck_28320_bad" classname="com.cardatechnologies.utils.validators.abaroutevalidator.Test_AbaRouteValidator_13b" time="0.019"/>
  <testcase name="testAbaNumberCheck_29134_bad" classname="com.cardatechnologies.utils.validators.abaroutevalidator.Test_AbaRouteValidator_13b" time="0.02"/>
  <testcase name="testAbaNumberCheck_28322_bad" classname="com.cardatechnologies.utils.validators.abaroutevalidator.Test_AbaRouteValidator_13b" time="0.021"/>
  <testcase name="testAbaNumberCheck_29136_bad" classname="com.cardatechnologies.utils.validators.abaroutevalidator.Test_AbaRouteValidator_13b" time="0.022"/>
  <testcase name="testAbaNumberCheck_28769_good" classname="com.cardatechnologies.utils.validators.abaroutevalidator.Test_AbaRouteValidator_13b" time="0.021"/>
  <testcase name="testAbaNumberCheck_27829_good" classname="com.cardatechnologies.utils.validators.abaroutevalidator.Test_AbaRouteValidator_13b" time="0.021"/>
  <testcase name="testAbaNumberCheck_27510_bad" classname="com.cardatechnologies.utils.validators.abaroutevalidator.Test_AbaRouteValidator_13b" time="0.023"/>
  <testcase name="testAbaNumberCheck_28324_bad" classname="com.cardatechnologies.utils.validators.abaroutevalidator.Test_AbaRouteValidator_13b" time="0.022"/>
  <testcase name="testAbaNumberCheck_29138_bad" classname="com.cardatechnologies.utils.validators.abaroutevalidator.Test_AbaRouteValidator_13b" time="0.023"/>
  <testcase name="testAbaNumberCheck_27512_bad" classname="com.cardatechnologies.utils.validators.abaroutevalidator.Test_AbaRouteValidator_13b" time="0.02"/>
  <testcase name="testAbaNumberCheck_28326_bad" classname="com.cardatechnologies.utils.validators.abaroutevalidator.Test_AbaRouteValidator_13b" time="0.022"/>
  <testcase name="testAbaNumberCheck_27793_good" classname="com.cardatechnologies.utils.validators.abaroutevalidator.Test_AbaRouteValidator_13b" time="0.025"/>
  <testcase name="testAbaNumberCheck_27514_bad" classname="com.cardatechnologies.utils.validators.abaroutevalidator.Test_AbaRouteValidator_13b" time="0.026"/>
  <testcase name="testAbaNumberCheck_28328_bad" classname="com.cardatechnologies.utils.validators.abaroutevalidator.Test_AbaRouteValidator_13b" time="0.019"/>
  <testcase name="testAbaNumberCheck_27516_bad" classname="com.cardatechnologies.utils.validators.abaroutevalidator.Test_AbaRouteValidator_13b" time="0.019"/>
  <testcase name="testAbaNumberCheck_27667_good" classname="com.cardatechnologies.utils.validators.abaroutevalidator.Test_AbaRouteValidator_13b" time="0.018"/>
  <testcase name="testAbaNumberCheck_27518_bad" classname="com.cardatechnologies.utils.validators.abaroutevalidator.Test_AbaRouteValidator_13b" time="0.017"/>
  <testcase name="testAbaNumberCheck_27379_good" classname="com.cardatechnologies.utils.validators.abaroutevalidator.Test_AbaRouteValidator_13b" time="0.017"/>
  <testcase name="testAbaNumberCheck_28977_good" classname="com.cardatechnologies.utils.validators.abaroutevalidator.Test_AbaRouteValidator_13b" time="0.017"/>
  <testcase name="testAbaNumberCheck_29140_bad" classname="com.cardatechnologies.utils.validators.abaroutevalidator.Test_AbaRouteValidator_13b" time="0.018"/>
  <testcase name="testAbaNumberCheck_29142_bad" classname="com.cardatechnologies.utils.validators.abaroutevalidator.Test_AbaRouteValidator_13b" time="0.018"/>
  <testcase name="testAbaNumberCheck_28330_bad" classname="com.cardatechnologies.utils.validators.abaroutevalidator.Test_AbaRouteValidator_13b" time="0.018"/>
  <testcase name="testAbaNumberCheck_29144_bad" classname="com.cardatechnologies.utils.validators.abaroutevalidator.Test_AbaRouteValidator_13b" time="0.018"/>
  <testcase name="testAbaNumberCheck_28332_bad" classname="com.cardatechnologies.utils.validators.abaroutevalidator.Test_AbaRouteValidator_13b" time="0.018"/>
  <testcase name="testAbaNumberCheck_29146_bad" classname="com.cardatechnologies.utils.validators.abaroutevalidator.Test_AbaRouteValidator_13b" time="0.018"/>
  <testcase name="testAbaNumberCheck_27875_good" classname="com.cardatechnologies.utils.validators.abaroutevalidator.Test_AbaRouteValidator_13b" time="0.018"/>
  <testcase name="testAbaNumberCheck_27520_bad" classname="com.cardatechnologies.utils.validators.abaroutevalidator.Test_AbaRouteValidator_13b" time="0.018"/>
  <testcase name="testAbaNumberCheck_28334_bad" classname="com.cardatechnologies.utils.validators.abaroutevalidator.Test_AbaRouteValidator_13b" time="0.022"/>
  <testcase name="testAbaNumberCheck_29148_bad" classname="com.cardatechnologies.utils.validators.abaroutevalidator.Test_AbaRouteValidator_13b" time="0.018"/>
  <testcase name="testAbaNumberCheck_27522_bad" classname="com.cardatechnologies.utils.validators.abaroutevalidator.Test_AbaRouteValidator_13b" time="0.018"/>
  <testcase name="testAbaNumberCheck_28336_bad" classname="com.cardatechnologies.utils.validators.abaroutevalidator.Test_AbaRouteValidator_13b" time="0.018"/>
  <testcase name="testAbaNumberCheck_28689_good" classname="com.cardatechnologies.utils.validators.abaroutevalidator.Test_AbaRouteValidator_13b" time="0.018"/>
  <testcase name="testAbaNumberCheck_27749_good" classname="com.cardatechnologies.utils.validators.abaroutevalidator.Test_AbaRouteValidator_13b" time="0.018"/>
  <testcase name="testAbaNumberCheck_27524_bad" classname="com.cardatechnologies.utils.validators.abaroutevalidator.Test_AbaRouteValidator_13b" time="0.021"/>
  <testcase name="testAbaNumberCheck_28338_bad" classname="com.cardatechnologies.utils.validators.abaroutevalidator.Test_AbaRouteValidator_13b" time="0.021"/>
  <testcase name="testAbaNumberCheck_27526_bad" classname="com.cardatechnologies.utils.validators.abaroutevalidator.Test_AbaRouteValidator_13b" time="0.017"/>
  <testcase name="testAbaNumberCheck_27528_bad" classname="com.cardatechnologies.utils.validators.abaroutevalidator.Test_AbaRouteValidator_13b" time="0.019"/>
  <testcase name="testAbaNumberCheck_27587_good" classname="com.cardatechnologies.utils.validators.abaroutevalidator.Test_AbaRouteValidator_13b" time="0.018"/>
  <testcase name="testAbaNumberCheck_29999_good" classname="com.cardatechnologies.utils.validators.abaroutevalidator.Test_AbaRouteValidator_13b" time="0.02"/>
  <testcase name="testAbaNumberCheck_29600_bad" classname="com.cardatechnologies.utils.validators.abaroutevalidator.Test_AbaRouteValidator_13b" time="0.026"/>
  <testcase name="testAbaNumberCheck_27299_good" classname="com.cardatechnologies.utils.validators.abaroutevalidator.Test_AbaRouteValidator_13b" time="0.021"/>
  <testcase name="testAbaNumberCheck_29150_bad" classname="com.cardatechnologies.utils.validators.abaroutevalidator.Test_AbaRouteValidator_13b" time="0.02"/>
  <testcase name="testAbaNumberCheck_29602_bad" classname="com.cardatechnologies.utils.validators.abaroutevalidator.Test_AbaRouteValidator_13b" time="0.018"/>
  <testcase name="testAbaNumberCheck_29152_bad" classname="com.cardatechnologies.utils.validators.abaroutevalidator.Test_AbaRouteValidator_13b" time="0.019"/>
  <testcase name="testAbaNumberCheck_28897_good" classname="com.cardatechnologies.utils.validators.abaroutevalidator.Test_AbaRouteValidator_13b" time="0.019"/>
  <testcase name="testAbaNumberCheck_27957_good" classname="com.cardatechnologies.utils.validators.abaroutevalidator.Test_AbaRouteValidator_13b" time="0.019"/>
  <testcase name="testAbaNumberCheck_29604_bad" classname="com.cardatechnologies.utils.validators.abaroutevalidator.Test_AbaRouteValidator_13b" time="0.019"/>
  <testcase name="testAbaNumberCheck_28340_bad" classname="com.cardatechnologies.utils.validators.abaroutevalidator.Test_AbaRouteValidator_13b" time="0.02"/>
  <testcase name="testAbaNumberCheck_29154_bad" classname="com.cardatechnologies.utils.validators.abaroutevalidator.Test_AbaRouteValidator_13b" time="0.019"/>
  <testcase name="testAbaNumberCheck_29606_bad" classname="com.cardatechnologies.utils.validators.abaroutevalidator.Test_AbaRouteValidator_13b" time="0.02"/>
  <testcase name="testAbaNumberCheck_28342_bad" classname="com.cardatechnologies.utils.validators.abaroutevalidator.Test_AbaRouteValidator_13b" time="0.019"/>
  <testcase name="testAbaNumberCheck_29156_bad" classname="com.cardatechnologies.utils.validators.abaroutevalidator.Test_AbaRouteValidator_13b" time="0.019"/>
  <testcase name="testAbaNumberCheck_29608_bad" classname="com.cardatechnologies.utils.validators.abaroutevalidator.Test_AbaRouteValidator_13b" time="0.019"/>
  <testcase name="testAbaNumberCheck_27530_bad" classname="com.cardatechnologies.utils.validators.abaroutevalidator.Test_AbaRouteValidator_13b" time="0.02"/>
  <testcase name="testAbaNumberCheck_28344_bad" classname="com.cardatechnologies.utils.validators.abaroutevalidator.Test_AbaRouteValidator_13b" time="0.017"/>
  <testcase name="testAbaNumberCheck_29158_bad" classname="com.cardatechnologies.utils.validators.abaroutevalidator.Test_AbaRouteValidator_13b" time="0.018"/>
  <testcase name="testAbaNumberCheck_27532_bad" classname="com.cardatechnologies.utils.validators.abaroutevalidator.Test_AbaRouteValidator_13b" time="0.018"/>
  <testcase name="testAbaNumberCheck_28346_bad" classname="com.cardatechnologies.utils.validators.abaroutevalidator.Test_AbaRouteValidator_13b" time="0.018"/>
  <testcase name="testAbaNumberCheck_27795_good" classname="com.cardatechnologies.utils.validators.abaroutevalidator.Test_AbaRouteValidator_13b" time="0.018"/>
  <testcase name="testAbaNumberCheck_27534_bad" classname="com.cardatechnologies.utils.validators.abaroutevalidator.Test_AbaRouteValidator_13b" time="0.018"/>
  <testcase name="testAbaNumberCheck_28348_bad" classname="com.cardatechnologies.utils.validators.abaroutevalidator.Test_AbaRouteValidator_13b" time="0.022"/>
  <testcase name="testAbaNumberCheck_27536_bad" classname="com.cardatechnologies.utils.validators.abaroutevalidator.Test_AbaRouteValidator_13b" time="0.019"/>
  <testcase name="testAbaNumberCheck_27669_good" classname="com.cardatechnologies.utils.validators.abaroutevalidator.Test_AbaRouteValidator_13b" time="0.019"/>
  <testcase name="testAbaNumberCheck_27538_bad" classname="com.cardatechnologies.utils.validators.abaroutevalidator.Test_AbaRouteValidator_13b" time="0.018"/>
  <testcase name="testAbaNumberCheck_28979_good" classname="com.cardatechnologies.utils.validators.abaroutevalidator.Test_AbaRouteValidator_13b" time="0.018"/>
  <testcase name="testAbaNumberCheck_29610_bad" classname="com.cardatechnologies.utils.validators.abaroutevalidator.Test_AbaRouteValidator_13b" time="0.018"/>
  <testcase name="testAbaNumberCheck_29160_bad" classname="com.cardatechnologies.utils.validators.abaroutevalidator.Test_AbaRouteValidator_13b" time="0.023"/>
  <testcase name="testAbaNumberCheck_29612_bad" classname="com.cardatechnologies.utils.validators.abaroutevalidator.Test_AbaRouteValidator_13b" time="0.025"/>
  <testcase name="testAbaNumberCheck_29162_bad" classname="com.cardatechnologies.utils.validators.abaroutevalidator.Test_AbaRouteValidator_13b" time="0.019"/>
  <testcase name="testAbaNumberCheck_28800_bad" classname="com.cardatechnologies.utils.validators.abaroutevalidator.Test_AbaRouteValidator_13b" time="0.019"/>
  <testcase name="testAbaNumberCheck_29614_bad" classname="com.cardatechnologies.utils.validators.abaroutevalidator.Test_AbaRouteValidator_13b" time="0.021"/>
  <testcase name="testAbaNumberCheck_28350_bad" classname="com.cardatechnologies.utils.validators.abaroutevalidator.Test_AbaRouteValidator_13b" time="0.02"/>
  <testcase name="testAbaNumberCheck_29164_bad" classname="com.cardatechnologies.utils.validators.abaroutevalidator.Test_AbaRouteValidator_13b" time="0.024"/>
  <testcase name="testAbaNumberCheck_28802_bad" classname="com.cardatechnologies.utils.validators.abaroutevalidator.Test_AbaRouteValidator_13b" time="0.023"/>
  <testcase name="testAbaNumberCheck_29616_bad" classname="com.cardatechnologies.utils.validators.abaroutevalidator.Test_AbaRouteValidator_13b" time="0.023"/>
  <testcase name="testAbaNumberCheck_28352_bad" classname="com.cardatechnologies.utils.validators.abaroutevalidator.Test_AbaRouteValidator_13b" time="0.021"/>
  <testcase name="testAbaNumberCheck_29166_bad" classname="com.cardatechnologies.utils.validators.abaroutevalidator.Test_AbaRouteValidator_13b" time="0.019"/>
  <testcase name="testAbaNumberCheck_27877_good" classname="com.cardatechnologies.utils.validators.abaroutevalidator.Test_AbaRouteValidator_13b" time="0.019"/>
  <testcase name="testAbaNumberCheck_28804_bad" classname="com.cardatechnologies.utils.validators.abaroutevalidator.Test_AbaRouteValidator_13b" time="0.018"/>
  <testcase name="testAbaNumberCheck_29618_bad" classname="com.cardatechnologies.utils.validators.abaroutevalidator.Test_AbaRouteValidator_13b" time="0.018"/>
  <testcase name="testAbaNumberCheck_27540_bad" classname="com.cardatechnologies.utils.validators.abaroutevalidator.Test_AbaRouteValidator_13b" time="0.017"/>
  <testcase name="testAbaNumberCheck_28354_bad" classname="com.cardatechnologies.utils.validators.abaroutevalidator.Test_AbaRouteValidator_13b" time="0.017"/>
  <testcase name="testAbaNumberCheck_29168_bad" classname="com.cardatechnologies.utils.validators.abaroutevalidator.Test_AbaRouteValidator_13b" time="0.018"/>
  <testcase name="testAbaNumberCheck_28806_bad" classname="com.cardatechnologies.utils.validators.abaroutevalidator.Test_AbaRouteValidator_13b" time="0.018"/>
  <testcase name="testAbaNumberCheck_27542_bad" classname="com.cardatechnologies.utils.validators.abaroutevalidator.Test_AbaRouteValidator_13b" time="0.018"/>
  <testcase name="testAbaNumberCheck_28356_bad" classname="com.cardatechnologies.utils.validators.abaroutevalidator.Test_AbaRouteValidator_13b" time="0.018"/>
  <testcase name="testAbaNumberCheck_28808_bad" classname="com.cardatechnologies.utils.validators.abaroutevalidator.Test_AbaRouteValidator_13b" time="0.021"/>
  <testcase name="testAbaNumberCheck_27544_bad" classname="com.cardatechnologies.utils.validators.abaroutevalidator.Test_AbaRouteValidator_13b" time="0.022"/>
  <testcase name="testAbaNumberCheck_28358_bad" classname="com.cardatechnologies.utils.validators.abaroutevalidator.Test_AbaRouteValidator_13b" time="0.017"/>
  <testcase name="testAbaNumberCheck_27546_bad" classname="com.cardatechnologies.utils.validators.abaroutevalidator.Test_AbaRouteValidator_13b" time="0.018"/>
  <testcase name="testAbaNumberCheck_27548_bad" classname="com.cardatechnologies.utils.validators.abaroutevalidator.Test_AbaRouteValidator_13b" time="0.018"/>
  <testcase name="testAbaNumberCheck_27589_good" classname="com.cardatechnologies.utils.validators.abaroutevalidator.Test_AbaRouteValidator_13b" time="0.017"/>
  <testcase name="testAbaNumberCheck_29620_bad" classname="com.cardatechnologies.utils.validators.abaroutevalidator.Test_AbaRouteValidator_13b" time="0.018"/>
  <testcase name="testAbaNumberCheck_29170_bad" classname="com.cardatechnologies.utils.validators.abaroutevalidator.Test_AbaRouteValidator_13b" time="0.024"/>
  <testcase name="testAbaNumberCheck_29622_bad" classname="com.cardatechnologies.utils.validators.abaroutevalidator.Test_AbaRouteValidator_13b" time="0.021"/>
  <testcase name="testAbaNumberCheck_29172_bad" classname="com.cardatechnologies.utils.validators.abaroutevalidator.Test_AbaRouteValidator_13b" time="0.018"/>
  <testcase name="testAbaNumberCheck_28899_good" classname="com.cardatechnologies.utils.validators.abaroutevalidator.Test_AbaRouteValidator_13b" time="0.019"/>
  <testcase name="testAbaNumberCheck_27959_good" classname="com.cardatechnologies.utils.validators.abaroutevalidator.Test_AbaRouteValidator_13b" time="0.018"/>
  <testcase name="testAbaNumberCheck_28810_bad" classname="com.cardatechnologies.utils.validators.abaroutevalidator.Test_AbaRouteValidator_13b" time="0.018"/>
  <testcase name="testAbaNumberCheck_29624_bad" classname="com.cardatechnologies.utils.validators.abaroutevalidator.Test_AbaRouteValidator_13b" time="0.02"/>
  <testcase name="testAbaNumberCheck_28360_bad" classname="com.cardatechnologies.utils.validators.abaroutevalidator.Test_AbaRouteValidator_13b" time="0.021"/>
  <testcase name="testAbaNumberCheck_29174_bad" classname="com.cardatechnologies.utils.validators.abaroutevalidator.Test_AbaRouteValidator_13b" time="0.022"/>
  <testcase name="testAbaNumberCheck_28812_bad" classname="com.cardatechnologies.utils.validators.abaroutevalidator.Test_AbaRouteValidator_13b" time="0.021"/>
  <testcase name="testAbaNumberCheck_29626_bad" classname="com.cardatechnologies.utils.validators.abaroutevalidator.Test_AbaRouteValidator_13b" time="0.021"/>
  <testcase name="testAbaNumberCheck_28362_bad" classname="com.cardatechnologies.utils.validators.abaroutevalidator.Test_AbaRouteValidator_13b" time="0.022"/>
  <testcase name="testAbaNumberCheck_29176_bad" classname="com.cardatechnologies.utils.validators.abaroutevalidator.Test_AbaRouteValidator_13b" time="0.022"/>
  <testcase name="testAbaNumberCheck_28814_bad" classname="com.cardatechnologies.utils.validators.abaroutevalidator.Test_AbaRouteValidator_13b" time="0.022"/>
  <testcase name="testAbaNumberCheck_29628_bad" classname="com.cardatechnologies.utils.validators.abaroutevalidator.Test_AbaRouteValidator_13b" time="0.021"/>
  <testcase name="testAbaNumberCheck_27550_bad" classname="com.cardatechnologies.utils.validators.abaroutevalidator.Test_AbaRouteValidator_13b" time="0.021"/>
  <testcase name="testAbaNumberCheck_28364_bad" classname="com.cardatechnologies.utils.validators.abaroutevalidator.Test_AbaRouteValidator_13b" time="0.024"/>
  <testcase name="testAbaNumberCheck_29178_bad" classname="com.cardatechnologies.utils.validators.abaroutevalidator.Test_AbaRouteValidator_13b" time="0.021"/>
  <testcase name="testAbaNumberCheck_28816_bad" classname="com.cardatechnologies.utils.validators.abaroutevalidator.Test_AbaRouteValidator_13b" time="0.021"/>
  <testcase name="testAbaNumberCheck_27552_bad" classname="com.cardatechnologies.utils.validators.abaroutevalidator.Test_AbaRouteValidator_13b" time="0.025"/>
  <testcase name="testAbaNumberCheck_28366_bad" classname="com.cardatechnologies.utils.validators.abaroutevalidator.Test_AbaRouteValidator_13b" time="0.024"/>
  <testcase name="testAbaNumberCheck_27797_good" classname="com.cardatechnologies.utils.validators.abaroutevalidator.Test_AbaRouteValidator_13b" time="0.021"/>
  <testcase name="testAbaNumberCheck_28818_bad" classname="com.cardatechnologies.utils.validators.abaroutevalidator.Test_AbaRouteValidator_13b" time="0.019"/>
  <testcase name="testAbaNumberCheck_27554_bad" classname="com.cardatechnologies.utils.validators.abaroutevalidator.Test_AbaRouteValidator_13b" time="0.019"/>
  <testcase name="testAbaNumberCheck_28368_bad" classname="com.cardatechnologies.utils.validators.abaroutevalidator.Test_AbaRouteValidator_13b" time="0.018"/>
  <testcase name="testAbaNumberCheck_27556_bad" classname="com.cardatechnologies.utils.validators.abaroutevalidator.Test_AbaRouteValidator_13b" time="0.026"/>
  <testcase name="testAbaNumberCheck_27558_bad" classname="com.cardatechnologies.utils.validators.abaroutevalidator.Test_AbaRouteValidator_13b" time="0.02"/>
  <testcase name="testAbaNumberCheck_29630_bad" classname="com.cardatechnologies.utils.validators.abaroutevalidator.Test_AbaRouteValidator_13b" time="0.025"/>
  <testcase name="testAbaNumberCheck_29180_bad" classname="com.cardatechnologies.utils.validators.abaroutevalidator.Test_AbaRouteValidator_13b" time="0.021"/>
  <testcase name="testAbaNumberCheck_29632_bad" classname="com.cardatechnologies.utils.validators.abaroutevalidator.Test_AbaRouteValidator_13b" time="0.023"/>
  <testcase name="testAbaNumberCheck_29182_bad" classname="com.cardatechnologies.utils.validators.abaroutevalidator.Test_AbaRouteValidator_13b" time="0.021"/>
  <testcase name="testAbaNumberCheck_28820_bad" classname="com.cardatechnologies.utils.validators.abaroutevalidator.Test_AbaRouteValidator_13b" time="0.021"/>
  <testcase name="testAbaNumberCheck_29634_bad" classname="com.cardatechnologies.utils.validators.abaroutevalidator.Test_AbaRouteValidator_13b" time="0.021"/>
  <testcase name="testAbaNumberCheck_28370_bad" classname="com.cardatechnologies.utils.validators.abaroutevalidator.Test_AbaRouteValidator_13b" time="0.019"/>
  <testcase name="testAbaNumberCheck_29184_bad" classname="com.cardatechnologies.utils.validators.abaroutevalidator.Test_AbaRouteValidator_13b" time="0.019"/>
  <testcase name="testAbaNumberCheck_28822_bad" classname="com.cardatechnologies.utils.validators.abaroutevalidator.Test_AbaRouteValidator_13b" time="0.019"/>
  <testcase name="testAbaNumberCheck_29636_bad" classname="com.cardatechnologies.utils.validators.abaroutevalidator.Test_AbaRouteValidator_13b" time="0.019"/>
  <testcase name="testAbaNumberCheck_28372_bad" classname="com.cardatechnologies.utils.validators.abaroutevalidator.Test_AbaRouteValidator_13b" time="0.019"/>
  <testcase name="testAbaNumberCheck_29186_bad" classname="com.cardatechnologies.utils.validators.abaroutevalidator.Test_AbaRouteValidator_13b" time="0.019"/>
  <testcase name="testAbaNumberCheck_27879_good" classname="com.cardatechnologies.utils.validators.abaroutevalidator.Test_AbaRouteValidator_13b" time="0.019"/>
  <testcase name="testAbaNumberCheck_28824_bad" classname="com.cardatechnologies.utils.validators.abaroutevalidator.Test_AbaRouteValidator_13b" time="0.019"/>
  <testcase name="testAbaNumberCheck_29638_bad" classname="com.cardatechnologies.utils.validators.abaroutevalidator.Test_AbaRouteValidator_13b" time="0.02"/>
  <testcase name="testAbaNumberCheck_27560_bad" classname="com.cardatechnologies.utils.validators.abaroutevalidator.Test_AbaRouteValidator_13b" time="0.018"/>
  <testcase name="testAbaNumberCheck_28374_bad" classname="com.cardatechnologies.utils.validators.abaroutevalidator.Test_AbaRouteValidator_13b" time="0.019"/>
  <testcase name="testAbaNumberCheck_29188_bad" classname="com.cardatechnologies.utils.validators.abaroutevalidator.Test_AbaRouteValidator_13b" time="0.019"/>
  <testcase name="testAbaNumberCheck_28826_bad" classname="com.cardatechnologies.utils.validators.abaroutevalidator.Test_AbaRouteValidator_13b" time="0.018"/>
  <testcase name="testAbaNumberCheck_27562_bad" classname="com.cardatechnologies.utils.validators.abaroutevalidator.Test_AbaRouteValidator_13b" time="0.026"/>
  <testcase name="testAbaNumberCheck_28376_bad" classname="com.cardatechnologies.utils.validators.abaroutevalidator.Test_AbaRouteValidator_13b" time="0.017"/>
  <testcase name="testAbaNumberCheck_28828_bad" classname="com.cardatechnologies.utils.validators.abaroutevalidator.Test_AbaRouteValidator_13b" time="0.018"/>
  <testcase name="testAbaNumberCheck_27564_bad" classname="com.cardatechnologies.utils.validators.abaroutevalidator.Test_AbaRouteValidator_13b" time="0.019"/>
  <testcase name="testAbaNumberCheck_28378_bad" classname="com.cardatechnologies.utils.validators.abaroutevalidator.Test_AbaRouteValidator_13b" time="0.018"/>
  <testcase name="testAbaNumberCheck_27566_bad" classname="com.cardatechnologies.utils.validators.abaroutevalidator.Test_AbaRouteValidator_13b" time="0.022"/>
  <testcase name="testAbaNumberCheck_27568_bad" classname="com.cardatechnologies.utils.validators.abaroutevalidator.Test_AbaRouteValidator_13b" time="0.025"/>
  <testcase name="testAbaNumberCheck_29640_bad" classname="com.cardatechnologies.utils.validators.abaroutevalidator.Test_AbaRouteValidator_13b" time="0.017"/>
  <testcase name="testAbaNumberCheck_29190_bad" classname="com.cardatechnologies.utils.validators.abaroutevalidator.Test_AbaRouteValidator_13b" time="0.018"/>
  <testcase name="testAbaNumberCheck_29642_bad" classname="com.cardatechnologies.utils.validators.abaroutevalidator.Test_AbaRouteValidator_13b" time="0.023"/>
  <testcase name="testAbaNumberCheck_29192_bad" classname="com.cardatechnologies.utils.validators.abaroutevalidator.Test_AbaRouteValidator_13b" time="0.018"/>
  <testcase name="testAbaNumberCheck_28830_bad" classname="com.cardatechnologies.utils.validators.abaroutevalidator.Test_AbaRouteValidator_13b" time="0.018"/>
  <testcase name="testAbaNumberCheck_29644_bad" classname="com.cardatechnologies.utils.validators.abaroutevalidator.Test_AbaRouteValidator_13b" time="0.019"/>
  <testcase name="testAbaNumberCheck_28380_bad" classname="com.cardatechnologies.utils.validators.abaroutevalidator.Test_AbaRouteValidator_13b" time="0.02"/>
  <testcase name="testAbaNumberCheck_29194_bad" classname="com.cardatechnologies.utils.validators.abaroutevalidator.Test_AbaRouteValidator_13b" time="0.022"/>
  <testcase name="testAbaNumberCheck_28832_bad" classname="com.cardatechnologies.utils.validators.abaroutevalidator.Test_AbaRouteValidator_13b" time="0.019"/>
  <testcase name="testAbaNumberCheck_29646_bad" classname="com.cardatechnologies.utils.validators.abaroutevalidator.Test_AbaRouteValidator_13b" time="0.02"/>
  <testcase name="testAbaNumberCheck_28382_bad" classname="com.cardatechnologies.utils.validators.abaroutevalidator.Test_AbaRouteValidator_13b" time="0.02"/>
  <testcase name="testAbaNumberCheck_29196_bad" classname="com.cardatechnologies.utils.validators.abaroutevalidator.Test_AbaRouteValidator_13b" time="0.02"/>
  <testcase name="testAbaNumberCheck_28834_bad" classname="com.cardatechnologies.utils.validators.abaroutevalidator.Test_AbaRouteValidator_13b" time="0.02"/>
  <testcase name="testAbaNumberCheck_29648_bad" classname="com.cardatechnologies.utils.validators.abaroutevalidator.Test_AbaRouteValidator_13b" time="0.02"/>
  <testcase name="testAbaNumberCheck_27570_bad" classname="com.cardatechnologies.utils.validators.abaroutevalidator.Test_AbaRouteValidator_13b" time="0.019"/>
  <testcase name="testAbaNumberCheck_28384_bad" classname="com.cardatechnologies.utils.validators.abaroutevalidator.Test_AbaRouteValidator_13b" time="0.019"/>
  <testcase name="testAbaNumberCheck_29198_bad" classname="com.cardatechnologies.utils.validators.abaroutevalidator.Test_AbaRouteValidator_13b" time="0.02"/>
  <testcase name="testAbaNumberCheck_28836_bad" classname="com.cardatechnologies.utils.validators.abaroutevalidator.Test_AbaRouteValidator_13b" time="0.02"/>
  <testcase name="testAbaNumberCheck_27572_bad" classname="com.cardatechnologies.utils.validators.abaroutevalidator.Test_AbaRouteValidator_13b" time="0.019"/>
  <testcase name="testAbaNumberCheck_28386_bad" classname="com.cardatechnologies.utils.validators.abaroutevalidator.Test_AbaRouteValidator_13b" time="0.022"/>
  <testcase name="testAbaNumberCheck_27799_good" classname="com.cardatechnologies.utils.validators.abaroutevalidator.Test_AbaRouteValidator_13b" time="0.021"/>
  <testcase name="testAbaNumberCheck_28838_bad" classname="com.cardatechnologies.utils.validators.abaroutevalidator.Test_AbaRouteValidator_13b" time="0.018"/>
  <testcase name="testAbaNumberCheck_27574_bad" classname="com.cardatechnologies.utils.validators.abaroutevalidator.Test_AbaRouteValidator_13b" time="0.019"/>
  <testcase name="testAbaNumberCheck_28388_bad" classname="com.cardatechnologies.utils.validators.abaroutevalidator.Test_AbaRouteValidator_13b" time="0.017"/>
  <testcase name="testAbaNumberCheck_27576_bad" classname="com.cardatechnologies.utils.validators.abaroutevalidator.Test_AbaRouteValidator_13b" time="0.018"/>
  <testcase name="testAbaNumberCheck_27578_bad" classname="com.cardatechnologies.utils.validators.abaroutevalidator.Test_AbaRouteValidator_13b" time="0.026"/>
  <testcase name="testAbaNumberCheck_29650_bad" classname="com.cardatechnologies.utils.validators.abaroutevalidator.Test_AbaRouteValidator_13b" time="0.019"/>
  <testcase name="testAbaNumberCheck_29652_bad" classname="com.cardatechnologies.utils.validators.abaroutevalidator.Test_AbaRouteValidator_13b" time="0.019"/>
  <testcase name="testAbaNumberCheck_28840_bad" classname="com.cardatechnologies.utils.validators.abaroutevalidator.Test_AbaRouteValidator_13b" time="0.019"/>
  <testcase name="testAbaNumberCheck_29654_bad" classname="com.cardatechnologies.utils.validators.abaroutevalidator.Test_AbaRouteValidator_13b" time="0.021"/>
  <testcase name="testAbaNumberCheck_28390_bad" classname="com.cardatechnologies.utils.validators.abaroutevalidator.Test_AbaRouteValidator_13b" time="0.019"/>
  <testcase name="testAbaNumberCheck_28842_bad" classname="com.cardatechnologies.utils.validators.abaroutevalidator.Test_AbaRouteValidator_13b" time="0.019"/>
  <testcase name="testAbaNumberCheck_29656_bad" classname="com.cardatechnologies.utils.validators.abaroutevalidator.Test_AbaRouteValidator_13b" time="0.02"/>
  <testcase name="testAbaNumberCheck_28392_bad" classname="com.cardatechnologies.utils.validators.abaroutevalidator.Test_AbaRouteValidator_13b" time="0.02"/>
  <testcase name="testAbaNumberCheck_28844_bad" classname="com.cardatechnologies.utils.validators.abaroutevalidator.Test_AbaRouteValidator_13b" time="0.02"/>
  <testcase name="testAbaNumberCheck_29658_bad" classname="com.cardatechnologies.utils.validators.abaroutevalidator.Test_AbaRouteValidator_13b" time="0.02"/>
  <testcase name="testAbaNumberCheck_27580_bad" classname="com.cardatechnologies.utils.validators.abaroutevalidator.Test_AbaRouteValidator_13b" time="0.021"/>
  <testcase name="testAbaNumberCheck_28394_bad" classname="com.cardatechnologies.utils.validators.abaroutevalidator.Test_AbaRouteValidator_13b" time="0.019"/>
  <testcase name="testAbaNumberCheck_28846_bad" classname="com.cardatechnologies.utils.validators.abaroutevalidator.Test_AbaRouteValidator_13b" time="0.02"/>
  <testcase name="testAbaNumberCheck_27582_bad" classname="com.cardatechnologies.utils.validators.abaroutevalidator.Test_AbaRouteValidator_13b" time="0.021"/>
  <testcase name="testAbaNumberCheck_28396_bad" classname="com.cardatechnologies.utils.validators.abaroutevalidator.Test_AbaRouteValidator_13b" time="0.018"/>
  <testcase name="testAbaNumberCheck_28848_bad" classname="com.cardatechnologies.utils.validators.abaroutevalidator.Test_AbaRouteValidator_13b" time="0.021"/>
  <testcase name="testAbaNumberCheck_27584_bad" classname="com.cardatechnologies.utils.validators.abaroutevalidator.Test_AbaRouteValidator_13b" time="0.019"/>
  <testcase name="testAbaNumberCheck_28398_bad" classname="com.cardatechnologies.utils.validators.abaroutevalidator.Test_AbaRouteValidator_13b" time="0.02"/>
  <testcase name="testAbaNumberCheck_27586_bad" classname="com.cardatechnologies.utils.validators.abaroutevalidator.Test_AbaRouteValidator_13b" time="0.022"/>
  <testcase name="testAbaNumberCheck_27588_bad" classname="com.cardatechnologies.utils.validators.abaroutevalidator.Test_AbaRouteValidator_13b" time="0.024"/>
  <testcase name="testAbaNumberCheck_29660_bad" classname="com.cardatechnologies.utils.validators.abaroutevalidator.Test_AbaRouteValidator_13b" time="0.02"/>
  <testcase name="testAbaNumberCheck_29662_bad" classname="com.cardatechnologies.utils.validators.abaroutevalidator.Test_AbaRouteValidator_13b" time="0.019"/>
  <testcase name="testAbaNumberCheck_28850_bad" classname="com.cardatechnologies.utils.validators.abaroutevalidator.Test_AbaRouteValidator_13b" time="0.018"/>
  <testcase name="testAbaNumberCheck_29664_bad" classname="com.cardatechnologies.utils.validators.abaroutevalidator.Test_AbaRouteValidator_13b" time="0.018"/>
  <testcase name="testAbaNumberCheck_28852_bad" classname="com.cardatechnologies.utils.validators.abaroutevalidator.Test_AbaRouteValidator_13b" time="0.017"/>
  <testcase name="testAbaNumberCheck_29666_bad" classname="com.cardatechnologies.utils.validators.abaroutevalidator.Test_AbaRouteValidator_13b" time="0.028"/>
  <testcase name="testAbaNumberCheck_28854_bad" classname="com.cardatechnologies.utils.validators.abaroutevalidator.Test_AbaRouteValidator_13b" time="0.017"/>
  <testcase name="testAbaNumberCheck_29668_bad" classname="com.cardatechnologies.utils.validators.abaroutevalidator.Test_AbaRouteValidator_13b" time="0.018"/>
  <testcase name="testAbaNumberCheck_27590_bad" classname="com.cardatechnologies.utils.validators.abaroutevalidator.Test_AbaRouteValidator_13b" time="0.017"/>
  <testcase name="testAbaNumberCheck_28856_bad" classname="com.cardatechnologies.utils.validators.abaroutevalidator.Test_AbaRouteValidator_13b" time="0.018"/>
  <testcase name="testAbaNumberCheck_27592_bad" classname="com.cardatechnologies.utils.validators.abaroutevalidator.Test_AbaRouteValidator_13b" time="0.018"/>
  <testcase name="testAbaNumberCheck_28858_bad" classname="com.cardatechnologies.utils.validators.abaroutevalidator.Test_AbaRouteValidator_13b" time="0.017"/>
  <testcase name="testAbaNumberCheck_27594_bad" classname="com.cardatechnologies.utils.validators.abaroutevalidator.Test_AbaRouteValidator_13b" time="0.018"/>
  <testcase name="testAbaNumberCheck_27596_bad" classname="com.cardatechnologies.utils.validators.abaroutevalidator.Test_AbaRouteValidator_13b" time="0.018"/>
  <testcase name="testAbaNumberCheck_27598_bad" classname="com.cardatechnologies.utils.validators.abaroutevalidator.Test_AbaRouteValidator_13b" time="0.017"/>
  <testcase name="testAbaNumberCheck_29111_good" classname="com.cardatechnologies.utils.validators.abaroutevalidator.Test_AbaRouteValidator_13b" time="0.019"/>
  <testcase name="testAbaNumberCheck_29670_bad" classname="com.cardatechnologies.utils.validators.abaroutevalidator.Test_AbaRouteValidator_13b" time="0.018"/>
  <testcase name="testAbaNumberCheck_29672_bad" classname="com.cardatechnologies.utils.validators.abaroutevalidator.Test_AbaRouteValidator_13b" time="0.021"/>
  <testcase name="testAbaNumberCheck_28860_bad" classname="com.cardatechnologies.utils.validators.abaroutevalidator.Test_AbaRouteValidator_13b" time="0.018"/>
  <testcase name="testAbaNumberCheck_29674_bad" classname="com.cardatechnologies.utils.validators.abaroutevalidator.Test_AbaRouteValidator_13b" time="0.017"/>
  <testcase name="testAbaNumberCheck_28862_bad" classname="com.cardatechnologies.utils.validators.abaroutevalidator.Test_AbaRouteValidator_13b" time="0.018"/>
  <testcase name="testAbaNumberCheck_29676_bad" classname="com.cardatechnologies.utils.validators.abaroutevalidator.Test_AbaRouteValidator_13b" time="0.018"/>
  <testcase name="testAbaNumberCheck_28864_bad" classname="com.cardatechnologies.utils.validators.abaroutevalidator.Test_AbaRouteValidator_13b" time="0.017"/>
  <testcase name="testAbaNumberCheck_29678_bad" classname="com.cardatechnologies.utils.validators.abaroutevalidator.Test_AbaRouteValidator_13b" time="0.019"/>
  <testcase name="testAbaNumberCheck_28866_bad" classname="com.cardatechnologies.utils.validators.abaroutevalidator.Test_AbaRouteValidator_13b" time="0.018"/>
  <testcase name="testAbaNumberCheck_28868_bad" classname="com.cardatechnologies.utils.validators.abaroutevalidator.Test_AbaRouteValidator_13b" time="0.018"/>
  <testcase name="testAbaNumberCheck_29680_bad" classname="com.cardatechnologies.utils.validators.abaroutevalidator.Test_AbaRouteValidator_13b" time="0.018"/>
  <testcase name="testAbaNumberCheck_29031_good" classname="com.cardatechnologies.utils.validators.abaroutevalidator.Test_AbaRouteValidator_13b" time="0.022"/>
  <testcase name="testAbaNumberCheck_29682_bad" classname="com.cardatechnologies.utils.validators.abaroutevalidator.Test_AbaRouteValidator_13b" time="0.02"/>
  <testcase name="testAbaNumberCheck_28870_bad" classname="com.cardatechnologies.utils.validators.abaroutevalidator.Test_AbaRouteValidator_13b" time="0.019"/>
  <testcase name="testAbaNumberCheck_29684_bad" classname="com.cardatechnologies.utils.validators.abaroutevalidator.Test_AbaRouteValidator_13b" time="0.018"/>
  <testcase name="testAbaNumberCheck_28872_bad" classname="com.cardatechnologies.utils.validators.abaroutevalidator.Test_AbaRouteValidator_13b" time="0.017"/>
  <testcase name="testAbaNumberCheck_29686_bad" classname="com.cardatechnologies.utils.validators.abaroutevalidator.Test_AbaRouteValidator_13b" time="0.019"/>
  <testcase name="testAbaNumberCheck_28874_bad" classname="com.cardatechnologies.utils.validators.abaroutevalidator.Test_AbaRouteValidator_13b" time="0.024"/>
  <testcase name="testAbaNumberCheck_29688_bad" classname="com.cardatechnologies.utils.validators.abaroutevalidator.Test_AbaRouteValidator_13b" time="0.02"/>
  <testcase name="testAbaNumberCheck_28876_bad" classname="com.cardatechnologies.utils.validators.abaroutevalidator.Test_AbaRouteValidator_13b" time="0.019"/>
  <testcase name="testAbaNumberCheck_28878_bad" classname="com.cardatechnologies.utils.validators.abaroutevalidator.Test_AbaRouteValidator_13b" time="0.02"/>
  <testcase name="testAbaNumberCheck_29401_good" classname="com.cardatechnologies.utils.validators.abaroutevalidator.Test_AbaRouteValidator_13b" time="0.02"/>
  <testcase name="testAbaNumberCheck_29113_good" classname="com.cardatechnologies.utils.validators.abaroutevalidator.Test_AbaRouteValidator_13b" time="0.02"/>
  <testcase name="testAbaNumberCheck_29690_bad" classname="com.cardatechnologies.utils.validators.abaroutevalidator.Test_AbaRouteValidator_13b" time="0.021"/>
  <testcase name="testAbaNumberCheck_29692_bad" classname="com.cardatechnologies.utils.validators.abaroutevalidator.Test_AbaRouteValidator_13b" time="0.02"/>
  <testcase name="testAbaNumberCheck_28880_bad" classname="com.cardatechnologies.utils.validators.abaroutevalidator.Test_AbaRouteValidator_13b" time="0.017"/>
  <testcase name="testAbaNumberCheck_29694_bad" classname="com.cardatechnologies.utils.validators.abaroutevalidator.Test_AbaRouteValidator_13b" time="0.022"/>
  <testcase name="testAbaNumberCheck_28882_bad" classname="com.cardatechnologies.utils.validators.abaroutevalidator.Test_AbaRouteValidator_13b" time="0.02"/>
  <testcase name="testAbaNumberCheck_28011_good" classname="com.cardatechnologies.utils.validators.abaroutevalidator.Test_AbaRouteValidator_13b" time="0.019"/>
  <testcase name="testAbaNumberCheck_29696_bad" classname="com.cardatechnologies.utils.validators.abaroutevalidator.Test_AbaRouteValidator_13b" time="0.019"/>
  <testcase name="testAbaNumberCheck_28884_bad" classname="com.cardatechnologies.utils.validators.abaroutevalidator.Test_AbaRouteValidator_13b" time="0.02"/>
  <testcase name="testAbaNumberCheck_29698_bad" classname="com.cardatechnologies.utils.validators.abaroutevalidator.Test_AbaRouteValidator_13b" time="0.021"/>
  <testcase name="testAbaNumberCheck_28886_bad" classname="com.cardatechnologies.utils.validators.abaroutevalidator.Test_AbaRouteValidator_13b" time="0.023"/>
  <testcase name="testAbaNumberCheck_28888_bad" classname="com.cardatechnologies.utils.validators.abaroutevalidator.Test_AbaRouteValidator_13b" time="0.021"/>
  <testcase name="testAbaNumberCheck_29321_good" classname="com.cardatechnologies.utils.validators.abaroutevalidator.Test_AbaRouteValidator_13b" time="0.019"/>
  <testcase name="testAbaNumberCheck_29033_good" classname="com.cardatechnologies.utils.validators.abaroutevalidator.Test_AbaRouteValidator_13b" time="0.019"/>
  <testcase name="testAbaNumberCheck_28890_bad" classname="com.cardatechnologies.utils.validators.abaroutevalidator.Test_AbaRouteValidator_13b" time="0.019"/>
  <testcase name="testAbaNumberCheck_28892_bad" classname="com.cardatechnologies.utils.validators.abaroutevalidator.Test_AbaRouteValidator_13b" time="0.023"/>
  <testcase name="testAbaNumberCheck_28894_bad" classname="com.cardatechnologies.utils.validators.abaroutevalidator.Test_AbaRouteValidator_13b" time="0.022"/>
  <testcase name="testAbaNumberCheck_28896_bad" classname="com.cardatechnologies.utils.validators.abaroutevalidator.Test_AbaRouteValidator_13b" time="0.019"/>
  <testcase name="testAbaNumberCheck_28898_bad" classname="com.cardatechnologies.utils.validators.abaroutevalidator.Test_AbaRouteValidator_13b" time="0.019"/>
  <testcase name="testAbaNumberCheck_29403_good" classname="com.cardatechnologies.utils.validators.abaroutevalidator.Test_AbaRouteValidator_13b" time="0.018"/>
</testsuite>